<?xml version="1.0" encoding="UTF-8"?>
<testsuite xmlns:xsi="http://www.w3.org/2001/XMLSchema-instance" xsi:noNamespaceSchemaLocation="https://maven.apache.org/surefire/maven-surefire-plugin/xsd/surefire-test-report.xsd" name="org.apache.hadoop.hdds.scm.pipeline.TestPipelineClose" time="132.556" tests="4" errors="4" skipped="0" failures="0">
  <properties>
    <property name="awt.toolkit" value="sun.awt.X11.XToolkit"/>
    <property name="file.encoding.pkg" value="sun.io"/>
    <property name="java.specification.version" value="1.8"/>
    <property name="sun.cpu.isalist" value=""/>
    <property name="sun.jnu.encoding" value="UTF-8"/>
    <property name="java.class.path" value="/workdir/hadoop-ozone/integration-test/target/test-classes:/workdir/hadoop-ozone/integration-test/target/classes:/home/user/.m2/repository/org/apache/hadoop/hadoop-ozone-common/0.5.0-SNAPSHOT/hadoop-ozone-common-0.5.0-SNAPSHOT.jar:/home/user/.m2/repository/org/apache/commons/commons-compress/1.4.1/commons-compress-1.4.1.jar:/home/user/.m2/repository/org/tukaani/xz/1.0/xz-1.0.jar:/home/user/.m2/repository/org/apache/hadoop/hadoop-common/3.2.0/hadoop-common-3.2.0.jar:/home/user/.m2/repository/org/apache/hadoop/hadoop-hdfs/3.2.0/hadoop-hdfs-3.2.0.jar:/home/user/.m2/repository/org/apache/hadoop/hadoop-hdfs-client/3.2.0/hadoop-hdfs-client-3.2.0.jar:/home/user/.m2/repository/com/fasterxml/jackson/core/jackson-annotations/2.9.5/jackson-annotations-2.9.5.jar:/home/user/.m2/repository/org/apache/hadoop/hadoop-hdds-common/0.5.0-SNAPSHOT/hadoop-hdds-common-0.5.0-SNAPSHOT.jar:/home/user/.m2/repository/javax/annotation/javax.annotation-api/1.2/javax.annotation-api-1.2.jar:/home/user/.m2/repository/org/apache/ratis/ratis-server/0.4.0-2337318-SNAPSHOT/ratis-server-0.4.0-2337318-SNAPSHOT.jar:/home/user/.m2/repository/org/apache/ratis/ratis-thirdparty-misc/0.2.0/ratis-thirdparty-misc-0.2.0.jar:/home/user/.m2/repository/org/apache/ratis/ratis-proto/0.4.0-2337318-SNAPSHOT/ratis-proto-0.4.0-2337318-SNAPSHOT.jar:/home/user/.m2/repository/org/apache/ratis/ratis-common/0.4.0-2337318-SNAPSHOT/ratis-common-0.4.0-2337318-SNAPSHOT.jar:/home/user/.m2/repository/org/apache/ratis/ratis-client/0.4.0-2337318-SNAPSHOT/ratis-client-0.4.0-2337318-SNAPSHOT.jar:/home/user/.m2/repository/org/apache/ratis/ratis-metrics/0.4.0-2337318-SNAPSHOT/ratis-metrics-0.4.0-2337318-SNAPSHOT.jar:/home/user/.m2/repository/org/apache/ratis/ratis-netty/0.4.0-2337318-SNAPSHOT/ratis-netty-0.4.0-2337318-SNAPSHOT.jar:/home/user/.m2/repository/org/apache/ratis/ratis-grpc/0.4.0-2337318-SNAPSHOT/ratis-grpc-0.4.0-2337318-SNAPSHOT.jar:/home/user/.m2/repository/org/rocksdb/rocksdbjni/6.0.1/rocksdbjni-6.0.1.jar:/home/user/.m2/repository/org/apache/logging/log4j/log4j-api/2.11.0/log4j-api-2.11.0.jar:/home/user/.m2/repository/org/apache/logging/log4j/log4j-core/2.11.0/log4j-core-2.11.0.jar:/home/user/.m2/repository/com/lmax/disruptor/3.4.2/disruptor-3.4.2.jar:/home/user/.m2/repository/org/apache/commons/commons-pool2/2.6.0/commons-pool2-2.6.0.jar:/home/user/.m2/repository/org/bouncycastle/bcpkix-jdk15on/1.60/bcpkix-jdk15on-1.60.jar:/home/user/.m2/repository/commons-validator/commons-validator/1.6/commons-validator-1.6.jar:/home/user/.m2/repository/commons-digester/commons-digester/1.8.1/commons-digester-1.8.1.jar:/home/user/.m2/repository/io/jaegertracing/jaeger-client/0.33.1/jaeger-client-0.33.1.jar:/home/user/.m2/repository/io/jaegertracing/jaeger-thrift/0.33.1/jaeger-thrift-0.33.1.jar:/home/user/.m2/repository/org/apache/thrift/libthrift/0.11.0/libthrift-0.11.0.jar:/home/user/.m2/repository/com/squareup/okhttp3/okhttp/3.9.0/okhttp-3.9.0.jar:/home/user/.m2/repository/com/squareup/okio/okio/1.13.0/okio-1.13.0.jar:/home/user/.m2/repository/io/jaegertracing/jaeger-core/0.33.1/jaeger-core-0.33.1.jar:/home/user/.m2/repository/io/jaegertracing/jaeger-tracerresolver/0.33.1/jaeger-tracerresolver-0.33.1.jar:/home/user/.m2/repository/io/opentracing/contrib/opentracing-tracerresolver/0.1.5/opentracing-tracerresolver-0.1.5.jar:/home/user/.m2/repository/io/opentracing/opentracing-util/0.31.0/opentracing-util-0.31.0.jar:/home/user/.m2/repository/io/opentracing/opentracing-api/0.31.0/opentracing-api-0.31.0.jar:/home/user/.m2/repository/io/opentracing/opentracing-noop/0.31.0/opentracing-noop-0.31.0.jar:/home/user/.m2/repository/org/apache/hadoop/hadoop-hdds-server-framework/0.5.0-SNAPSHOT/hadoop-hdds-server-framework-0.5.0-SNAPSHOT.jar:/home/user/.m2/repository/org/apache/hadoop/hadoop-hdds-container-service/0.5.0-SNAPSHOT/hadoop-hdds-container-service-0.5.0-SNAPSHOT.jar:/home/user/.m2/repository/org/apache/hadoop/hadoop-hdds-client/0.5.0-SNAPSHOT/hadoop-hdds-client-0.5.0-SNAPSHOT.jar:/home/user/.m2/repository/org/apache/hadoop/hadoop-hdds-tools/0.5.0-SNAPSHOT/hadoop-hdds-tools-0.5.0-SNAPSHOT.jar:/home/user/.m2/repository/org/apache/hadoop/hadoop-hdds-server-scm/0.5.0-SNAPSHOT/hadoop-hdds-server-scm-0.5.0-SNAPSHOT.jar:/home/user/.m2/repository/org/apache/hadoop/hadoop-hdds-docs/0.5.0-SNAPSHOT/hadoop-hdds-docs-0.5.0-SNAPSHOT.jar:/home/user/.m2/repository/io/dropwizard/metrics/metrics-core/3.2.4/metrics-core-3.2.4.jar:/home/user/.m2/repository/org/hamcrest/hamcrest-all/1.3/hamcrest-all-1.3.jar:/home/user/.m2/repository/org/bouncycastle/bcprov-jdk15on/1.60/bcprov-jdk15on-1.60.jar:/home/user/.m2/repository/info/picocli/picocli/3.9.6/picocli-3.9.6.jar:/home/user/.m2/repository/com/google/protobuf/protobuf-java/2.5.0/protobuf-java-2.5.0.jar:/home/user/.m2/repository/com/google/guava/guava/11.0.2/guava-11.0.2.jar:/home/user/.m2/repository/org/apache/hadoop/hadoop-ozone-ozone-manager/0.5.0-SNAPSHOT/hadoop-ozone-ozone-manager-0.5.0-SNAPSHOT.jar:/home/user/.m2/repository/org/apache/hadoop/hadoop-minikdc/3.2.0/hadoop-minikdc-3.2.0.jar:/home/user/.m2/repository/commons-io/commons-io/2.5/commons-io-2.5.jar:/home/user/.m2/repository/org/apache/kerby/kerb-simplekdc/1.0.1/kerb-simplekdc-1.0.1.jar:/home/user/.m2/repository/org/apache/kerby/kerb-client/1.0.1/kerb-client-1.0.1.jar:/home/user/.m2/repository/org/apache/kerby/kerby-config/1.0.1/kerby-config-1.0.1.jar:/home/user/.m2/repository/org/apache/kerby/kerb-core/1.0.1/kerb-core-1.0.1.jar:/home/user/.m2/repository/org/apache/kerby/kerby-pkix/1.0.1/kerby-pkix-1.0.1.jar:/home/user/.m2/repository/org/apache/kerby/kerby-asn1/1.0.1/kerby-asn1-1.0.1.jar:/home/user/.m2/repository/org/apache/kerby/kerby-util/1.0.1/kerby-util-1.0.1.jar:/home/user/.m2/repository/org/apache/kerby/kerb-common/1.0.1/kerb-common-1.0.1.jar:/home/user/.m2/repository/org/apache/kerby/kerb-crypto/1.0.1/kerb-crypto-1.0.1.jar:/home/user/.m2/repository/org/apache/kerby/kerb-util/1.0.1/kerb-util-1.0.1.jar:/home/user/.m2/repository/org/apache/kerby/token-provider/1.0.1/token-provider-1.0.1.jar:/home/user/.m2/repository/org/apache/kerby/kerb-admin/1.0.1/kerb-admin-1.0.1.jar:/home/user/.m2/repository/org/apache/kerby/kerb-server/1.0.1/kerb-server-1.0.1.jar:/home/user/.m2/repository/org/apache/kerby/kerb-identity/1.0.1/kerb-identity-1.0.1.jar:/home/user/.m2/repository/org/apache/kerby/kerby-xdr/1.0.1/kerby-xdr-1.0.1.jar:/home/user/.m2/repository/org/slf4j/slf4j-log4j12/1.7.25/slf4j-log4j12-1.7.25.jar:/home/user/.m2/repository/org/apache/hadoop/hadoop-ozone-objectstore-service/0.5.0-SNAPSHOT/hadoop-ozone-objectstore-service-0.5.0-SNAPSHOT.jar:/home/user/.m2/repository/org/apache/hadoop/hadoop-ozone-s3gateway/0.5.0-SNAPSHOT/hadoop-ozone-s3gateway-0.5.0-SNAPSHOT.jar:/home/user/.m2/repository/org/jboss/weld/servlet/weld-servlet/2.4.7.Final/weld-servlet-2.4.7.Final.jar:/home/user/.m2/repository/org/glassfish/jersey/containers/jersey-container-servlet-core/2.27/jersey-container-servlet-core-2.27.jar:/home/user/.m2/repository/org/glassfish/hk2/external/javax.inject/2.5.0-b42/javax.inject-2.5.0-b42.jar:/home/user/.m2/repository/org/glassfish/jersey/core/jersey-common/2.27/jersey-common-2.27.jar:/home/user/.m2/repository/org/glassfish/hk2/osgi-resource-locator/1.0.1/osgi-resource-locator-1.0.1.jar:/home/user/.m2/repository/javax/ws/rs/javax.ws.rs-api/2.1/javax.ws.rs-api-2.1.jar:/home/user/.m2/repository/org/glassfish/jersey/ext/cdi/jersey-cdi1x/2.27/jersey-cdi1x-2.27.jar:/home/user/.m2/repository/org/glassfish/jersey/inject/jersey-hk2/2.27/jersey-hk2-2.27.jar:/home/user/.m2/repository/org/glassfish/hk2/hk2-locator/2.5.0-b42/hk2-locator-2.5.0-b42.jar:/home/user/.m2/repository/org/javassist/javassist/3.22.0-CR2/javassist-3.22.0-CR2.jar:/home/user/.m2/repository/org/glassfish/hk2/hk2-api/2.5.0/hk2-api-2.5.0.jar:/home/user/.m2/repository/org/glassfish/hk2/external/jakarta.inject/2.5.0/jakarta.inject-2.5.0.jar:/home/user/.m2/repository/org/glassfish/hk2/hk2-utils/2.5.0/hk2-utils-2.5.0.jar:/home/user/.m2/repository/jakarta/annotation/jakarta.annotation-api/1.3.4/jakarta.annotation-api-1.3.4.jar:/home/user/.m2/repository/org/glassfish/hk2/external/aopalliance-repackaged/2.5.0/aopalliance-repackaged-2.5.0.jar:/home/user/.m2/repository/com/fasterxml/jackson/dataformat/jackson-dataformat-xml/2.9.0/jackson-dataformat-xml-2.9.0.jar:/home/user/.m2/repository/com/fasterxml/jackson/core/jackson-core/2.9.5/jackson-core-2.9.5.jar:/home/user/.m2/repository/com/fasterxml/jackson/module/jackson-module-jaxb-annotations/2.9.5/jackson-module-jaxb-annotations-2.9.5.jar:/home/user/.m2/repository/javax/enterprise/cdi-api/1.2/cdi-api-1.2.jar:/home/user/.m2/repository/javax/el/javax.el-api/3.0.0/javax.el-api-3.0.0.jar:/home/user/.m2/repository/javax/interceptor/javax.interceptor-api/1.2/javax.interceptor-api-1.2.jar:/home/user/.m2/repository/javax/inject/javax.inject/1/javax.inject-1.jar:/home/user/.m2/repository/com/sun/xml/bind/jaxb-impl/2.3.0.1/jaxb-impl-2.3.0.1.jar:/home/user/.m2/repository/com/sun/xml/bind/jaxb-core/2.3.0.1/jaxb-core-2.3.0.1.jar:/home/user/.m2/repository/javax/xml/bind/jaxb-api/2.3.0/jaxb-api-2.3.0.jar:/home/user/.m2/repository/javax/activation/activation/1.1.1/activation-1.1.1.jar:/home/user/.m2/repository/org/apache/hadoop/hadoop-ozone-csi/0.5.0-SNAPSHOT/hadoop-ozone-csi-0.5.0-SNAPSHOT.jar:/home/user/.m2/repository/com/google/protobuf/protobuf-java-util/3.5.1/protobuf-java-util-3.5.1.jar:/home/user/.m2/repository/org/apache/hadoop/hadoop-hdds-config/0.5.0-SNAPSHOT/hadoop-hdds-config-0.5.0-SNAPSHOT.jar:/home/user/.m2/repository/io/grpc/grpc-netty/1.17.1/grpc-netty-1.17.1.jar:/home/user/.m2/repository/io/grpc/grpc-core/1.17.1/grpc-core-1.17.1.jar:/home/user/.m2/repository/io/grpc/grpc-context/1.17.1/grpc-context-1.17.1.jar:/home/user/.m2/repository/com/google/errorprone/error_prone_annotations/2.2.0/error_prone_annotations-2.2.0.jar:/home/user/.m2/repository/org/codehaus/mojo/animal-sniffer-annotations/1.17/animal-sniffer-annotations-1.17.jar:/home/user/.m2/repository/io/opencensus/opencensus-api/0.17.0/opencensus-api-0.17.0.jar:/home/user/.m2/repository/io/opencensus/opencensus-contrib-grpc-metrics/0.17.0/opencensus-contrib-grpc-metrics-0.17.0.jar:/home/user/.m2/repository/io/netty/netty-codec-http2/4.1.30.Final/netty-codec-http2-4.1.30.Final.jar:/home/user/.m2/repository/io/netty/netty-codec-http/4.1.30.Final/netty-codec-http-4.1.30.Final.jar:/home/user/.m2/repository/io/netty/netty-codec/4.1.30.Final/netty-codec-4.1.30.Final.jar:/home/user/.m2/repository/io/netty/netty-handler/4.1.30.Final/netty-handler-4.1.30.Final.jar:/home/user/.m2/repository/io/netty/netty-handler-proxy/4.1.30.Final/netty-handler-proxy-4.1.30.Final.jar:/home/user/.m2/repository/io/netty/netty-codec-socks/4.1.30.Final/netty-codec-socks-4.1.30.Final.jar:/home/user/.m2/repository/io/netty/netty-transport-native-epoll/4.1.30.Final/netty-transport-native-epoll-4.1.30.Final.jar:/home/user/.m2/repository/io/netty/netty-common/4.1.30.Final/netty-common-4.1.30.Final.jar:/home/user/.m2/repository/io/netty/netty-buffer/4.1.30.Final/netty-buffer-4.1.30.Final.jar:/home/user/.m2/repository/io/netty/netty-transport/4.1.30.Final/netty-transport-4.1.30.Final.jar:/home/user/.m2/repository/io/netty/netty-resolver/4.1.30.Final/netty-resolver-4.1.30.Final.jar:/home/user/.m2/repository/io/netty/netty-transport-native-unix-common/4.1.30.Final/netty-transport-native-unix-common-4.1.30.Final.jar:/home/user/.m2/repository/io/grpc/grpc-protobuf/1.17.1/grpc-protobuf-1.17.1.jar:/home/user/.m2/repository/com/google/api/grpc/proto-google-common-protos/1.0.0/proto-google-common-protos-1.0.0.jar:/home/user/.m2/repository/io/grpc/grpc-protobuf-lite/1.17.1/grpc-protobuf-lite-1.17.1.jar:/home/user/.m2/repository/io/grpc/grpc-stub/1.17.1/grpc-stub-1.17.1.jar:/home/user/.m2/repository/org/apache/hadoop/hadoop-ozone-recon/0.5.0-SNAPSHOT/hadoop-ozone-recon-0.5.0-SNAPSHOT.jar:/home/user/.m2/repository/org/apache/hadoop/hadoop-ozone-reconcodegen/0.5.0-SNAPSHOT/hadoop-ozone-reconcodegen-0.5.0-SNAPSHOT.jar:/home/user/.m2/repository/com/google/inject/extensions/guice-multibindings/4.0/guice-multibindings-4.0.jar:/home/user/.m2/repository/com/google/inject/guice/4.0/guice-4.0.jar:/home/user/.m2/repository/aopalliance/aopalliance/1.0/aopalliance-1.0.jar:/home/user/.m2/repository/com/google/inject/extensions/guice-servlet/4.0/guice-servlet-4.0.jar:/home/user/.m2/repository/org/glassfish/jersey/containers/jersey-container-servlet/2.27/jersey-container-servlet-2.27.jar:/home/user/.m2/repository/org/glassfish/hk2/guice-bridge/2.5.0/guice-bridge-2.5.0.jar:/home/user/.m2/repository/org/glassfish/jersey/core/jersey-server/2.27/jersey-server-2.27.jar:/home/user/.m2/repository/org/glassfish/jersey/core/jersey-client/2.27/jersey-client-2.27.jar:/home/user/.m2/repository/org/glassfish/jersey/media/jersey-media-jaxb/2.27/jersey-media-jaxb-2.27.jar:/home/user/.m2/repository/javax/validation/validation-api/1.1.0.Final/validation-api-1.1.0.Final.jar:/home/user/.m2/repository/org/glassfish/jersey/media/jersey-media-json-jackson/2.27/jersey-media-json-jackson-2.27.jar:/home/user/.m2/repository/org/glassfish/jersey/ext/jersey-entity-filtering/2.27/jersey-entity-filtering-2.27.jar:/home/user/.m2/repository/com/google/inject/extensions/guice-assistedinject/4.0/guice-assistedinject-4.0.jar:/home/user/.m2/repository/org/jooq/jooq/3.11.10/jooq-3.11.10.jar:/home/user/.m2/repository/org/jooq/jooq-meta/3.11.10/jooq-meta-3.11.10.jar:/home/user/.m2/repository/org/jooq/jooq-codegen/3.11.10/jooq-codegen-3.11.10.jar:/home/user/.m2/repository/com/jolbox/bonecp/0.8.0.RELEASE/bonecp-0.8.0.RELEASE.jar:/home/user/.m2/repository/org/xerial/sqlite-jdbc/3.25.2/sqlite-jdbc-3.25.2.jar:/home/user/.m2/repository/org/springframework/spring-jdbc/5.1.3.RELEASE/spring-jdbc-5.1.3.RELEASE.jar:/home/user/.m2/repository/org/springframework/spring-beans/5.1.3.RELEASE/spring-beans-5.1.3.RELEASE.jar:/home/user/.m2/repository/org/springframework/spring-core/5.1.3.RELEASE/spring-core-5.1.3.RELEASE.jar:/home/user/.m2/repository/org/springframework/spring-jcl/5.1.3.RELEASE/spring-jcl-5.1.3.RELEASE.jar:/home/user/.m2/repository/org/springframework/spring-tx/5.1.3.RELEASE/spring-tx-5.1.3.RELEASE.jar:/home/user/.m2/repository/org/apache/hadoop/hadoop-ozone-client/0.5.0-SNAPSHOT/hadoop-ozone-client-0.5.0-SNAPSHOT.jar:/home/user/.m2/repository/commons-lang/commons-lang/2.6/commons-lang-2.6.jar:/home/user/.m2/repository/org/apache/hadoop/hadoop-ozone-ozone-manager/0.5.0-SNAPSHOT/hadoop-ozone-ozone-manager-0.5.0-SNAPSHOT-tests.jar:/home/user/.m2/repository/junit/junit/4.11/junit-4.11.jar:/home/user/.m2/repository/org/hamcrest/hamcrest-core/1.3/hamcrest-core-1.3.jar:/home/user/.m2/repository/org/openjdk/jmh/jmh-core/1.19/jmh-core-1.19.jar:/home/user/.m2/repository/net/sf/jopt-simple/jopt-simple/4.6/jopt-simple-4.6.jar:/home/user/.m2/repository/org/apache/commons/commons-math3/3.1.1/commons-math3-3.1.1.jar:/home/user/.m2/repository/org/openjdk/jmh/jmh-generator-annprocess/1.19/jmh-generator-annprocess-1.19.jar:/home/user/.m2/repository/org/mockito/mockito-all/1.8.5/mockito-all-1.8.5.jar:/home/user/.m2/repository/org/apache/hadoop/hadoop-kms/3.2.0/hadoop-kms-3.2.0.jar:/home/user/.m2/repository/org/apache/hadoop/hadoop-auth/3.2.0/hadoop-auth-3.2.0.jar:/home/user/.m2/repository/com/nimbusds/nimbus-jose-jwt/4.41.1/nimbus-jose-jwt-4.41.1.jar:/home/user/.m2/repository/com/github/stephenc/jcip/jcip-annotations/1.0-1/jcip-annotations-1.0-1.jar:/home/user/.m2/repository/net/minidev/json-smart/2.3/json-smart-2.3.jar:/home/user/.m2/repository/net/minidev/accessors-smart/1.2/accessors-smart-1.2.jar:/home/user/.m2/repository/org/ow2/asm/asm/5.0.4/asm-5.0.4.jar:/home/user/.m2/repository/org/apache/curator/curator-framework/2.12.0/curator-framework-2.12.0.jar:/home/user/.m2/repository/com/sun/jersey/jersey-core/1.19/jersey-core-1.19.jar:/home/user/.m2/repository/javax/ws/rs/jsr311-api/1.1.1/jsr311-api-1.1.1.jar:/home/user/.m2/repository/com/sun/jersey/jersey-server/1.19/jersey-server-1.19.jar:/home/user/.m2/repository/javax/servlet/javax.servlet-api/3.1.0/javax.servlet-api-3.1.0.jar:/home/user/.m2/repository/org/eclipse/jetty/jetty-server/9.3.24.v20180605/jetty-server-9.3.24.v20180605.jar:/home/user/.m2/repository/org/eclipse/jetty/jetty-http/9.3.24.v20180605/jetty-http-9.3.24.v20180605.jar:/home/user/.m2/repository/org/eclipse/jetty/jetty-io/9.3.24.v20180605/jetty-io-9.3.24.v20180605.jar:/home/user/.m2/repository/org/eclipse/jetty/jetty-webapp/9.3.24.v20180605/jetty-webapp-9.3.24.v20180605.jar:/home/user/.m2/repository/org/eclipse/jetty/jetty-xml/9.3.24.v20180605/jetty-xml-9.3.24.v20180605.jar:/home/user/.m2/repository/log4j/log4j/1.2.17/log4j-1.2.17.jar:/home/user/.m2/repository/org/slf4j/slf4j-api/1.7.25/slf4j-api-1.7.25.jar:/home/user/.m2/repository/org/slf4j/jul-to-slf4j/1.7.25/jul-to-slf4j-1.7.25.jar:/home/user/.m2/repository/org/eclipse/jetty/jetty-util/9.3.24.v20180605/jetty-util-9.3.24.v20180605.jar:/home/user/.m2/repository/com/fasterxml/jackson/core/jackson-databind/2.9.5/jackson-databind-2.9.5.jar:/home/user/.m2/repository/org/apache/hadoop/hadoop-kms/3.2.0/hadoop-kms-3.2.0-tests.jar:/home/user/.m2/repository/org/apache/hadoop/hadoop-hdds-server-scm/0.5.0-SNAPSHOT/hadoop-hdds-server-scm-0.5.0-SNAPSHOT-tests.jar:/home/user/.m2/repository/org/apache/hadoop/hadoop-hdds-container-service/0.5.0-SNAPSHOT/hadoop-hdds-container-service-0.5.0-SNAPSHOT-tests.jar:/home/user/.m2/repository/org/yaml/snakeyaml/1.16/snakeyaml-1.16.jar:/home/user/.m2/repository/org/apache/hadoop/hadoop-common/3.2.0/hadoop-common-3.2.0-tests.jar:/home/user/.m2/repository/org/apache/hadoop/hadoop-annotations/3.2.0/hadoop-annotations-3.2.0.jar:/usr/lib/jvm/java-1.8-openjdk/jre/../lib/tools.jar:/home/user/.m2/repository/commons-cli/commons-cli/1.2/commons-cli-1.2.jar:/home/user/.m2/repository/org/apache/httpcomponents/httpclient/4.5.2/httpclient-4.5.2.jar:/home/user/.m2/repository/org/apache/httpcomponents/httpcore/4.4.4/httpcore-4.4.4.jar:/home/user/.m2/repository/commons-codec/commons-codec/1.11/commons-codec-1.11.jar:/home/user/.m2/repository/commons-net/commons-net/3.6/commons-net-3.6.jar:/home/user/.m2/repository/commons-collections/commons-collections/3.2.2/commons-collections-3.2.2.jar:/home/user/.m2/repository/org/eclipse/jetty/jetty-servlet/9.3.24.v20180605/jetty-servlet-9.3.24.v20180605.jar:/home/user/.m2/repository/org/eclipse/jetty/jetty-security/9.3.24.v20180605/jetty-security-9.3.24.v20180605.jar:/home/user/.m2/repository/javax/servlet/jsp/jsp-api/2.1/jsp-api-2.1.jar:/home/user/.m2/repository/com/sun/jersey/jersey-servlet/1.19/jersey-servlet-1.19.jar:/home/user/.m2/repository/com/sun/jersey/jersey-json/1.19/jersey-json-1.19.jar:/home/user/.m2/repository/org/codehaus/jettison/jettison/1.1/jettison-1.1.jar:/home/user/.m2/repository/org/codehaus/jackson/jackson-core-asl/1.9.13/jackson-core-asl-1.9.13.jar:/home/user/.m2/repository/org/codehaus/jackson/jackson-mapper-asl/1.9.13/jackson-mapper-asl-1.9.13.jar:/home/user/.m2/repository/org/codehaus/jackson/jackson-jaxrs/1.9.13/jackson-jaxrs-1.9.13.jar:/home/user/.m2/repository/org/codehaus/jackson/jackson-xc/1.9.13/jackson-xc-1.9.13.jar:/home/user/.m2/repository/commons-logging/commons-logging/1.1.3/commons-logging-1.1.3.jar:/home/user/.m2/repository/commons-beanutils/commons-beanutils/1.9.3/commons-beanutils-1.9.3.jar:/home/user/.m2/repository/org/apache/commons/commons-configuration2/2.1.1/commons-configuration2-2.1.1.jar:/home/user/.m2/repository/org/apache/commons/commons-lang3/3.7/commons-lang3-3.7.jar:/home/user/.m2/repository/org/apache/commons/commons-text/1.4/commons-text-1.4.jar:/home/user/.m2/repository/org/apache/avro/avro/1.7.7/avro-1.7.7.jar:/home/user/.m2/repository/com/thoughtworks/paranamer/paranamer/2.3/paranamer-2.3.jar:/home/user/.m2/repository/org/xerial/snappy/snappy-java/1.0.5/snappy-java-1.0.5.jar:/home/user/.m2/repository/com/google/re2j/re2j/1.1/re2j-1.1.jar:/home/user/.m2/repository/com/google/code/gson/gson/2.2.4/gson-2.2.4.jar:/home/user/.m2/repository/com/jcraft/jsch/0.1.54/jsch-0.1.54.jar:/home/user/.m2/repository/org/apache/curator/curator-client/2.12.0/curator-client-2.12.0.jar:/home/user/.m2/repository/org/apache/curator/curator-recipes/2.12.0/curator-recipes-2.12.0.jar:/home/user/.m2/repository/com/google/code/findbugs/jsr305/3.0.0/jsr305-3.0.0.jar:/home/user/.m2/repository/org/apache/htrace/htrace-core4/4.1.0-incubating/htrace-core4-4.1.0-incubating.jar:/home/user/.m2/repository/org/apache/zookeeper/zookeeper/3.4.13/zookeeper-3.4.13.jar:/home/user/.m2/repository/org/apache/yetus/audience-annotations/0.5.0/audience-annotations-0.5.0.jar:/home/user/.m2/repository/org/codehaus/woodstox/stax2-api/3.1.4/stax2-api-3.1.4.jar:/home/user/.m2/repository/com/fasterxml/woodstox/woodstox-core/5.0.3/woodstox-core-5.0.3.jar:/home/user/.m2/repository/dnsjava/dnsjava/2.1.7/dnsjava-2.1.7.jar:/home/user/.m2/repository/org/apache/hadoop/hadoop-hdfs/3.2.0/hadoop-hdfs-3.2.0-tests.jar:/home/user/.m2/repository/org/eclipse/jetty/jetty-util-ajax/9.3.24.v20180605/jetty-util-ajax-9.3.24.v20180605.jar:/home/user/.m2/repository/commons-daemon/commons-daemon/1.0.13/commons-daemon-1.0.13.jar:/home/user/.m2/repository/io/netty/netty/3.10.5.Final/netty-3.10.5.Final.jar:/home/user/.m2/repository/io/netty/netty-all/4.0.52.Final/netty-all-4.0.52.Final.jar:/home/user/.m2/repository/org/fusesource/leveldbjni/leveldbjni-all/1.8/leveldbjni-all-1.8.jar:"/>
    <property name="java.vm.vendor" value="IcedTea"/>
    <property name="sun.arch.data.model" value="64"/>
    <property name="test.build.dir" value="/workdir/hadoop-ozone/integration-test/target/test-dir"/>
    <property name="test.cache.data" value=""/>
    <property name="java.vendor.url" value="https://icedtea.classpath.org"/>
    <property name="user.timezone" value=""/>
    <property name="java.vm.specification.version" value="1.8"/>
    <property name="os.name" value="Linux"/>
    <property name="test.build.data" value="/workdir/hadoop-ozone/integration-test/target/test-dir"/>
    <property name="user.country" value="US"/>
    <property name="sun.java.launcher" value="SUN_STANDARD"/>
    <property name="sun.boot.library.path" value="/usr/lib/jvm/java-1.8-openjdk/jre/lib/amd64"/>
    <property name="sun.java.command" value="/workdir/hadoop-ozone/integration-test/target/surefire/surefirebooter4341274555211601347.jar /workdir/hadoop-ozone/integration-test/target/surefire 2019-09-19T11-05-02_939-jvmRun1 surefire6442619667166851893tmp surefire_58785156081837524518tmp"/>
    <property name="test" value="!TestMiniChaosOzoneCluster"/>
    <property name="surefire.test.class.path" value="/workdir/hadoop-ozone/integration-test/target/test-classes:/workdir/hadoop-ozone/integration-test/target/classes:/home/user/.m2/repository/org/apache/hadoop/hadoop-ozone-common/0.5.0-SNAPSHOT/hadoop-ozone-common-0.5.0-SNAPSHOT.jar:/home/user/.m2/repository/org/apache/commons/commons-compress/1.4.1/commons-compress-1.4.1.jar:/home/user/.m2/repository/org/tukaani/xz/1.0/xz-1.0.jar:/home/user/.m2/repository/org/apache/hadoop/hadoop-common/3.2.0/hadoop-common-3.2.0.jar:/home/user/.m2/repository/org/apache/hadoop/hadoop-hdfs/3.2.0/hadoop-hdfs-3.2.0.jar:/home/user/.m2/repository/org/apache/hadoop/hadoop-hdfs-client/3.2.0/hadoop-hdfs-client-3.2.0.jar:/home/user/.m2/repository/com/fasterxml/jackson/core/jackson-annotations/2.9.5/jackson-annotations-2.9.5.jar:/home/user/.m2/repository/org/apache/hadoop/hadoop-hdds-common/0.5.0-SNAPSHOT/hadoop-hdds-common-0.5.0-SNAPSHOT.jar:/home/user/.m2/repository/javax/annotation/javax.annotation-api/1.2/javax.annotation-api-1.2.jar:/home/user/.m2/repository/org/apache/ratis/ratis-server/0.4.0-2337318-SNAPSHOT/ratis-server-0.4.0-2337318-SNAPSHOT.jar:/home/user/.m2/repository/org/apache/ratis/ratis-thirdparty-misc/0.2.0/ratis-thirdparty-misc-0.2.0.jar:/home/user/.m2/repository/org/apache/ratis/ratis-proto/0.4.0-2337318-SNAPSHOT/ratis-proto-0.4.0-2337318-SNAPSHOT.jar:/home/user/.m2/repository/org/apache/ratis/ratis-common/0.4.0-2337318-SNAPSHOT/ratis-common-0.4.0-2337318-SNAPSHOT.jar:/home/user/.m2/repository/org/apache/ratis/ratis-client/0.4.0-2337318-SNAPSHOT/ratis-client-0.4.0-2337318-SNAPSHOT.jar:/home/user/.m2/repository/org/apache/ratis/ratis-metrics/0.4.0-2337318-SNAPSHOT/ratis-metrics-0.4.0-2337318-SNAPSHOT.jar:/home/user/.m2/repository/org/apache/ratis/ratis-netty/0.4.0-2337318-SNAPSHOT/ratis-netty-0.4.0-2337318-SNAPSHOT.jar:/home/user/.m2/repository/org/apache/ratis/ratis-grpc/0.4.0-2337318-SNAPSHOT/ratis-grpc-0.4.0-2337318-SNAPSHOT.jar:/home/user/.m2/repository/org/rocksdb/rocksdbjni/6.0.1/rocksdbjni-6.0.1.jar:/home/user/.m2/repository/org/apache/logging/log4j/log4j-api/2.11.0/log4j-api-2.11.0.jar:/home/user/.m2/repository/org/apache/logging/log4j/log4j-core/2.11.0/log4j-core-2.11.0.jar:/home/user/.m2/repository/com/lmax/disruptor/3.4.2/disruptor-3.4.2.jar:/home/user/.m2/repository/org/apache/commons/commons-pool2/2.6.0/commons-pool2-2.6.0.jar:/home/user/.m2/repository/org/bouncycastle/bcpkix-jdk15on/1.60/bcpkix-jdk15on-1.60.jar:/home/user/.m2/repository/commons-validator/commons-validator/1.6/commons-validator-1.6.jar:/home/user/.m2/repository/commons-digester/commons-digester/1.8.1/commons-digester-1.8.1.jar:/home/user/.m2/repository/io/jaegertracing/jaeger-client/0.33.1/jaeger-client-0.33.1.jar:/home/user/.m2/repository/io/jaegertracing/jaeger-thrift/0.33.1/jaeger-thrift-0.33.1.jar:/home/user/.m2/repository/org/apache/thrift/libthrift/0.11.0/libthrift-0.11.0.jar:/home/user/.m2/repository/com/squareup/okhttp3/okhttp/3.9.0/okhttp-3.9.0.jar:/home/user/.m2/repository/com/squareup/okio/okio/1.13.0/okio-1.13.0.jar:/home/user/.m2/repository/io/jaegertracing/jaeger-core/0.33.1/jaeger-core-0.33.1.jar:/home/user/.m2/repository/io/jaegertracing/jaeger-tracerresolver/0.33.1/jaeger-tracerresolver-0.33.1.jar:/home/user/.m2/repository/io/opentracing/contrib/opentracing-tracerresolver/0.1.5/opentracing-tracerresolver-0.1.5.jar:/home/user/.m2/repository/io/opentracing/opentracing-util/0.31.0/opentracing-util-0.31.0.jar:/home/user/.m2/repository/io/opentracing/opentracing-api/0.31.0/opentracing-api-0.31.0.jar:/home/user/.m2/repository/io/opentracing/opentracing-noop/0.31.0/opentracing-noop-0.31.0.jar:/home/user/.m2/repository/org/apache/hadoop/hadoop-hdds-server-framework/0.5.0-SNAPSHOT/hadoop-hdds-server-framework-0.5.0-SNAPSHOT.jar:/home/user/.m2/repository/org/apache/hadoop/hadoop-hdds-container-service/0.5.0-SNAPSHOT/hadoop-hdds-container-service-0.5.0-SNAPSHOT.jar:/home/user/.m2/repository/org/apache/hadoop/hadoop-hdds-client/0.5.0-SNAPSHOT/hadoop-hdds-client-0.5.0-SNAPSHOT.jar:/home/user/.m2/repository/org/apache/hadoop/hadoop-hdds-tools/0.5.0-SNAPSHOT/hadoop-hdds-tools-0.5.0-SNAPSHOT.jar:/home/user/.m2/repository/org/apache/hadoop/hadoop-hdds-server-scm/0.5.0-SNAPSHOT/hadoop-hdds-server-scm-0.5.0-SNAPSHOT.jar:/home/user/.m2/repository/org/apache/hadoop/hadoop-hdds-docs/0.5.0-SNAPSHOT/hadoop-hdds-docs-0.5.0-SNAPSHOT.jar:/home/user/.m2/repository/io/dropwizard/metrics/metrics-core/3.2.4/metrics-core-3.2.4.jar:/home/user/.m2/repository/org/hamcrest/hamcrest-all/1.3/hamcrest-all-1.3.jar:/home/user/.m2/repository/org/bouncycastle/bcprov-jdk15on/1.60/bcprov-jdk15on-1.60.jar:/home/user/.m2/repository/info/picocli/picocli/3.9.6/picocli-3.9.6.jar:/home/user/.m2/repository/com/google/protobuf/protobuf-java/2.5.0/protobuf-java-2.5.0.jar:/home/user/.m2/repository/com/google/guava/guava/11.0.2/guava-11.0.2.jar:/home/user/.m2/repository/org/apache/hadoop/hadoop-ozone-ozone-manager/0.5.0-SNAPSHOT/hadoop-ozone-ozone-manager-0.5.0-SNAPSHOT.jar:/home/user/.m2/repository/org/apache/hadoop/hadoop-minikdc/3.2.0/hadoop-minikdc-3.2.0.jar:/home/user/.m2/repository/commons-io/commons-io/2.5/commons-io-2.5.jar:/home/user/.m2/repository/org/apache/kerby/kerb-simplekdc/1.0.1/kerb-simplekdc-1.0.1.jar:/home/user/.m2/repository/org/apache/kerby/kerb-client/1.0.1/kerb-client-1.0.1.jar:/home/user/.m2/repository/org/apache/kerby/kerby-config/1.0.1/kerby-config-1.0.1.jar:/home/user/.m2/repository/org/apache/kerby/kerb-core/1.0.1/kerb-core-1.0.1.jar:/home/user/.m2/repository/org/apache/kerby/kerby-pkix/1.0.1/kerby-pkix-1.0.1.jar:/home/user/.m2/repository/org/apache/kerby/kerby-asn1/1.0.1/kerby-asn1-1.0.1.jar:/home/user/.m2/repository/org/apache/kerby/kerby-util/1.0.1/kerby-util-1.0.1.jar:/home/user/.m2/repository/org/apache/kerby/kerb-common/1.0.1/kerb-common-1.0.1.jar:/home/user/.m2/repository/org/apache/kerby/kerb-crypto/1.0.1/kerb-crypto-1.0.1.jar:/home/user/.m2/repository/org/apache/kerby/kerb-util/1.0.1/kerb-util-1.0.1.jar:/home/user/.m2/repository/org/apache/kerby/token-provider/1.0.1/token-provider-1.0.1.jar:/home/user/.m2/repository/org/apache/kerby/kerb-admin/1.0.1/kerb-admin-1.0.1.jar:/home/user/.m2/repository/org/apache/kerby/kerb-server/1.0.1/kerb-server-1.0.1.jar:/home/user/.m2/repository/org/apache/kerby/kerb-identity/1.0.1/kerb-identity-1.0.1.jar:/home/user/.m2/repository/org/apache/kerby/kerby-xdr/1.0.1/kerby-xdr-1.0.1.jar:/home/user/.m2/repository/org/slf4j/slf4j-log4j12/1.7.25/slf4j-log4j12-1.7.25.jar:/home/user/.m2/repository/org/apache/hadoop/hadoop-ozone-objectstore-service/0.5.0-SNAPSHOT/hadoop-ozone-objectstore-service-0.5.0-SNAPSHOT.jar:/home/user/.m2/repository/org/apache/hadoop/hadoop-ozone-s3gateway/0.5.0-SNAPSHOT/hadoop-ozone-s3gateway-0.5.0-SNAPSHOT.jar:/home/user/.m2/repository/org/jboss/weld/servlet/weld-servlet/2.4.7.Final/weld-servlet-2.4.7.Final.jar:/home/user/.m2/repository/org/glassfish/jersey/containers/jersey-container-servlet-core/2.27/jersey-container-servlet-core-2.27.jar:/home/user/.m2/repository/org/glassfish/hk2/external/javax.inject/2.5.0-b42/javax.inject-2.5.0-b42.jar:/home/user/.m2/repository/org/glassfish/jersey/core/jersey-common/2.27/jersey-common-2.27.jar:/home/user/.m2/repository/org/glassfish/hk2/osgi-resource-locator/1.0.1/osgi-resource-locator-1.0.1.jar:/home/user/.m2/repository/javax/ws/rs/javax.ws.rs-api/2.1/javax.ws.rs-api-2.1.jar:/home/user/.m2/repository/org/glassfish/jersey/ext/cdi/jersey-cdi1x/2.27/jersey-cdi1x-2.27.jar:/home/user/.m2/repository/org/glassfish/jersey/inject/jersey-hk2/2.27/jersey-hk2-2.27.jar:/home/user/.m2/repository/org/glassfish/hk2/hk2-locator/2.5.0-b42/hk2-locator-2.5.0-b42.jar:/home/user/.m2/repository/org/javassist/javassist/3.22.0-CR2/javassist-3.22.0-CR2.jar:/home/user/.m2/repository/org/glassfish/hk2/hk2-api/2.5.0/hk2-api-2.5.0.jar:/home/user/.m2/repository/org/glassfish/hk2/external/jakarta.inject/2.5.0/jakarta.inject-2.5.0.jar:/home/user/.m2/repository/org/glassfish/hk2/hk2-utils/2.5.0/hk2-utils-2.5.0.jar:/home/user/.m2/repository/jakarta/annotation/jakarta.annotation-api/1.3.4/jakarta.annotation-api-1.3.4.jar:/home/user/.m2/repository/org/glassfish/hk2/external/aopalliance-repackaged/2.5.0/aopalliance-repackaged-2.5.0.jar:/home/user/.m2/repository/com/fasterxml/jackson/dataformat/jackson-dataformat-xml/2.9.0/jackson-dataformat-xml-2.9.0.jar:/home/user/.m2/repository/com/fasterxml/jackson/core/jackson-core/2.9.5/jackson-core-2.9.5.jar:/home/user/.m2/repository/com/fasterxml/jackson/module/jackson-module-jaxb-annotations/2.9.5/jackson-module-jaxb-annotations-2.9.5.jar:/home/user/.m2/repository/javax/enterprise/cdi-api/1.2/cdi-api-1.2.jar:/home/user/.m2/repository/javax/el/javax.el-api/3.0.0/javax.el-api-3.0.0.jar:/home/user/.m2/repository/javax/interceptor/javax.interceptor-api/1.2/javax.interceptor-api-1.2.jar:/home/user/.m2/repository/javax/inject/javax.inject/1/javax.inject-1.jar:/home/user/.m2/repository/com/sun/xml/bind/jaxb-impl/2.3.0.1/jaxb-impl-2.3.0.1.jar:/home/user/.m2/repository/com/sun/xml/bind/jaxb-core/2.3.0.1/jaxb-core-2.3.0.1.jar:/home/user/.m2/repository/javax/xml/bind/jaxb-api/2.3.0/jaxb-api-2.3.0.jar:/home/user/.m2/repository/javax/activation/activation/1.1.1/activation-1.1.1.jar:/home/user/.m2/repository/org/apache/hadoop/hadoop-ozone-csi/0.5.0-SNAPSHOT/hadoop-ozone-csi-0.5.0-SNAPSHOT.jar:/home/user/.m2/repository/com/google/protobuf/protobuf-java-util/3.5.1/protobuf-java-util-3.5.1.jar:/home/user/.m2/repository/org/apache/hadoop/hadoop-hdds-config/0.5.0-SNAPSHOT/hadoop-hdds-config-0.5.0-SNAPSHOT.jar:/home/user/.m2/repository/io/grpc/grpc-netty/1.17.1/grpc-netty-1.17.1.jar:/home/user/.m2/repository/io/grpc/grpc-core/1.17.1/grpc-core-1.17.1.jar:/home/user/.m2/repository/io/grpc/grpc-context/1.17.1/grpc-context-1.17.1.jar:/home/user/.m2/repository/com/google/errorprone/error_prone_annotations/2.2.0/error_prone_annotations-2.2.0.jar:/home/user/.m2/repository/org/codehaus/mojo/animal-sniffer-annotations/1.17/animal-sniffer-annotations-1.17.jar:/home/user/.m2/repository/io/opencensus/opencensus-api/0.17.0/opencensus-api-0.17.0.jar:/home/user/.m2/repository/io/opencensus/opencensus-contrib-grpc-metrics/0.17.0/opencensus-contrib-grpc-metrics-0.17.0.jar:/home/user/.m2/repository/io/netty/netty-codec-http2/4.1.30.Final/netty-codec-http2-4.1.30.Final.jar:/home/user/.m2/repository/io/netty/netty-codec-http/4.1.30.Final/netty-codec-http-4.1.30.Final.jar:/home/user/.m2/repository/io/netty/netty-codec/4.1.30.Final/netty-codec-4.1.30.Final.jar:/home/user/.m2/repository/io/netty/netty-handler/4.1.30.Final/netty-handler-4.1.30.Final.jar:/home/user/.m2/repository/io/netty/netty-handler-proxy/4.1.30.Final/netty-handler-proxy-4.1.30.Final.jar:/home/user/.m2/repository/io/netty/netty-codec-socks/4.1.30.Final/netty-codec-socks-4.1.30.Final.jar:/home/user/.m2/repository/io/netty/netty-transport-native-epoll/4.1.30.Final/netty-transport-native-epoll-4.1.30.Final.jar:/home/user/.m2/repository/io/netty/netty-common/4.1.30.Final/netty-common-4.1.30.Final.jar:/home/user/.m2/repository/io/netty/netty-buffer/4.1.30.Final/netty-buffer-4.1.30.Final.jar:/home/user/.m2/repository/io/netty/netty-transport/4.1.30.Final/netty-transport-4.1.30.Final.jar:/home/user/.m2/repository/io/netty/netty-resolver/4.1.30.Final/netty-resolver-4.1.30.Final.jar:/home/user/.m2/repository/io/netty/netty-transport-native-unix-common/4.1.30.Final/netty-transport-native-unix-common-4.1.30.Final.jar:/home/user/.m2/repository/io/grpc/grpc-protobuf/1.17.1/grpc-protobuf-1.17.1.jar:/home/user/.m2/repository/com/google/api/grpc/proto-google-common-protos/1.0.0/proto-google-common-protos-1.0.0.jar:/home/user/.m2/repository/io/grpc/grpc-protobuf-lite/1.17.1/grpc-protobuf-lite-1.17.1.jar:/home/user/.m2/repository/io/grpc/grpc-stub/1.17.1/grpc-stub-1.17.1.jar:/home/user/.m2/repository/org/apache/hadoop/hadoop-ozone-recon/0.5.0-SNAPSHOT/hadoop-ozone-recon-0.5.0-SNAPSHOT.jar:/home/user/.m2/repository/org/apache/hadoop/hadoop-ozone-reconcodegen/0.5.0-SNAPSHOT/hadoop-ozone-reconcodegen-0.5.0-SNAPSHOT.jar:/home/user/.m2/repository/com/google/inject/extensions/guice-multibindings/4.0/guice-multibindings-4.0.jar:/home/user/.m2/repository/com/google/inject/guice/4.0/guice-4.0.jar:/home/user/.m2/repository/aopalliance/aopalliance/1.0/aopalliance-1.0.jar:/home/user/.m2/repository/com/google/inject/extensions/guice-servlet/4.0/guice-servlet-4.0.jar:/home/user/.m2/repository/org/glassfish/jersey/containers/jersey-container-servlet/2.27/jersey-container-servlet-2.27.jar:/home/user/.m2/repository/org/glassfish/hk2/guice-bridge/2.5.0/guice-bridge-2.5.0.jar:/home/user/.m2/repository/org/glassfish/jersey/core/jersey-server/2.27/jersey-server-2.27.jar:/home/user/.m2/repository/org/glassfish/jersey/core/jersey-client/2.27/jersey-client-2.27.jar:/home/user/.m2/repository/org/glassfish/jersey/media/jersey-media-jaxb/2.27/jersey-media-jaxb-2.27.jar:/home/user/.m2/repository/javax/validation/validation-api/1.1.0.Final/validation-api-1.1.0.Final.jar:/home/user/.m2/repository/org/glassfish/jersey/media/jersey-media-json-jackson/2.27/jersey-media-json-jackson-2.27.jar:/home/user/.m2/repository/org/glassfish/jersey/ext/jersey-entity-filtering/2.27/jersey-entity-filtering-2.27.jar:/home/user/.m2/repository/com/google/inject/extensions/guice-assistedinject/4.0/guice-assistedinject-4.0.jar:/home/user/.m2/repository/org/jooq/jooq/3.11.10/jooq-3.11.10.jar:/home/user/.m2/repository/org/jooq/jooq-meta/3.11.10/jooq-meta-3.11.10.jar:/home/user/.m2/repository/org/jooq/jooq-codegen/3.11.10/jooq-codegen-3.11.10.jar:/home/user/.m2/repository/com/jolbox/bonecp/0.8.0.RELEASE/bonecp-0.8.0.RELEASE.jar:/home/user/.m2/repository/org/xerial/sqlite-jdbc/3.25.2/sqlite-jdbc-3.25.2.jar:/home/user/.m2/repository/org/springframework/spring-jdbc/5.1.3.RELEASE/spring-jdbc-5.1.3.RELEASE.jar:/home/user/.m2/repository/org/springframework/spring-beans/5.1.3.RELEASE/spring-beans-5.1.3.RELEASE.jar:/home/user/.m2/repository/org/springframework/spring-core/5.1.3.RELEASE/spring-core-5.1.3.RELEASE.jar:/home/user/.m2/repository/org/springframework/spring-jcl/5.1.3.RELEASE/spring-jcl-5.1.3.RELEASE.jar:/home/user/.m2/repository/org/springframework/spring-tx/5.1.3.RELEASE/spring-tx-5.1.3.RELEASE.jar:/home/user/.m2/repository/org/apache/hadoop/hadoop-ozone-client/0.5.0-SNAPSHOT/hadoop-ozone-client-0.5.0-SNAPSHOT.jar:/home/user/.m2/repository/commons-lang/commons-lang/2.6/commons-lang-2.6.jar:/home/user/.m2/repository/org/apache/hadoop/hadoop-ozone-ozone-manager/0.5.0-SNAPSHOT/hadoop-ozone-ozone-manager-0.5.0-SNAPSHOT-tests.jar:/home/user/.m2/repository/junit/junit/4.11/junit-4.11.jar:/home/user/.m2/repository/org/hamcrest/hamcrest-core/1.3/hamcrest-core-1.3.jar:/home/user/.m2/repository/org/openjdk/jmh/jmh-core/1.19/jmh-core-1.19.jar:/home/user/.m2/repository/net/sf/jopt-simple/jopt-simple/4.6/jopt-simple-4.6.jar:/home/user/.m2/repository/org/apache/commons/commons-math3/3.1.1/commons-math3-3.1.1.jar:/home/user/.m2/repository/org/openjdk/jmh/jmh-generator-annprocess/1.19/jmh-generator-annprocess-1.19.jar:/home/user/.m2/repository/org/mockito/mockito-all/1.8.5/mockito-all-1.8.5.jar:/home/user/.m2/repository/org/apache/hadoop/hadoop-kms/3.2.0/hadoop-kms-3.2.0.jar:/home/user/.m2/repository/org/apache/hadoop/hadoop-auth/3.2.0/hadoop-auth-3.2.0.jar:/home/user/.m2/repository/com/nimbusds/nimbus-jose-jwt/4.41.1/nimbus-jose-jwt-4.41.1.jar:/home/user/.m2/repository/com/github/stephenc/jcip/jcip-annotations/1.0-1/jcip-annotations-1.0-1.jar:/home/user/.m2/repository/net/minidev/json-smart/2.3/json-smart-2.3.jar:/home/user/.m2/repository/net/minidev/accessors-smart/1.2/accessors-smart-1.2.jar:/home/user/.m2/repository/org/ow2/asm/asm/5.0.4/asm-5.0.4.jar:/home/user/.m2/repository/org/apache/curator/curator-framework/2.12.0/curator-framework-2.12.0.jar:/home/user/.m2/repository/com/sun/jersey/jersey-core/1.19/jersey-core-1.19.jar:/home/user/.m2/repository/javax/ws/rs/jsr311-api/1.1.1/jsr311-api-1.1.1.jar:/home/user/.m2/repository/com/sun/jersey/jersey-server/1.19/jersey-server-1.19.jar:/home/user/.m2/repository/javax/servlet/javax.servlet-api/3.1.0/javax.servlet-api-3.1.0.jar:/home/user/.m2/repository/org/eclipse/jetty/jetty-server/9.3.24.v20180605/jetty-server-9.3.24.v20180605.jar:/home/user/.m2/repository/org/eclipse/jetty/jetty-http/9.3.24.v20180605/jetty-http-9.3.24.v20180605.jar:/home/user/.m2/repository/org/eclipse/jetty/jetty-io/9.3.24.v20180605/jetty-io-9.3.24.v20180605.jar:/home/user/.m2/repository/org/eclipse/jetty/jetty-webapp/9.3.24.v20180605/jetty-webapp-9.3.24.v20180605.jar:/home/user/.m2/repository/org/eclipse/jetty/jetty-xml/9.3.24.v20180605/jetty-xml-9.3.24.v20180605.jar:/home/user/.m2/repository/log4j/log4j/1.2.17/log4j-1.2.17.jar:/home/user/.m2/repository/org/slf4j/slf4j-api/1.7.25/slf4j-api-1.7.25.jar:/home/user/.m2/repository/org/slf4j/jul-to-slf4j/1.7.25/jul-to-slf4j-1.7.25.jar:/home/user/.m2/repository/org/eclipse/jetty/jetty-util/9.3.24.v20180605/jetty-util-9.3.24.v20180605.jar:/home/user/.m2/repository/com/fasterxml/jackson/core/jackson-databind/2.9.5/jackson-databind-2.9.5.jar:/home/user/.m2/repository/org/apache/hadoop/hadoop-kms/3.2.0/hadoop-kms-3.2.0-tests.jar:/home/user/.m2/repository/org/apache/hadoop/hadoop-hdds-server-scm/0.5.0-SNAPSHOT/hadoop-hdds-server-scm-0.5.0-SNAPSHOT-tests.jar:/home/user/.m2/repository/org/apache/hadoop/hadoop-hdds-container-service/0.5.0-SNAPSHOT/hadoop-hdds-container-service-0.5.0-SNAPSHOT-tests.jar:/home/user/.m2/repository/org/yaml/snakeyaml/1.16/snakeyaml-1.16.jar:/home/user/.m2/repository/org/apache/hadoop/hadoop-common/3.2.0/hadoop-common-3.2.0-tests.jar:/home/user/.m2/repository/org/apache/hadoop/hadoop-annotations/3.2.0/hadoop-annotations-3.2.0.jar:/usr/lib/jvm/java-1.8-openjdk/jre/../lib/tools.jar:/home/user/.m2/repository/commons-cli/commons-cli/1.2/commons-cli-1.2.jar:/home/user/.m2/repository/org/apache/httpcomponents/httpclient/4.5.2/httpclient-4.5.2.jar:/home/user/.m2/repository/org/apache/httpcomponents/httpcore/4.4.4/httpcore-4.4.4.jar:/home/user/.m2/repository/commons-codec/commons-codec/1.11/commons-codec-1.11.jar:/home/user/.m2/repository/commons-net/commons-net/3.6/commons-net-3.6.jar:/home/user/.m2/repository/commons-collections/commons-collections/3.2.2/commons-collections-3.2.2.jar:/home/user/.m2/repository/org/eclipse/jetty/jetty-servlet/9.3.24.v20180605/jetty-servlet-9.3.24.v20180605.jar:/home/user/.m2/repository/org/eclipse/jetty/jetty-security/9.3.24.v20180605/jetty-security-9.3.24.v20180605.jar:/home/user/.m2/repository/javax/servlet/jsp/jsp-api/2.1/jsp-api-2.1.jar:/home/user/.m2/repository/com/sun/jersey/jersey-servlet/1.19/jersey-servlet-1.19.jar:/home/user/.m2/repository/com/sun/jersey/jersey-json/1.19/jersey-json-1.19.jar:/home/user/.m2/repository/org/codehaus/jettison/jettison/1.1/jettison-1.1.jar:/home/user/.m2/repository/org/codehaus/jackson/jackson-core-asl/1.9.13/jackson-core-asl-1.9.13.jar:/home/user/.m2/repository/org/codehaus/jackson/jackson-mapper-asl/1.9.13/jackson-mapper-asl-1.9.13.jar:/home/user/.m2/repository/org/codehaus/jackson/jackson-jaxrs/1.9.13/jackson-jaxrs-1.9.13.jar:/home/user/.m2/repository/org/codehaus/jackson/jackson-xc/1.9.13/jackson-xc-1.9.13.jar:/home/user/.m2/repository/commons-logging/commons-logging/1.1.3/commons-logging-1.1.3.jar:/home/user/.m2/repository/commons-beanutils/commons-beanutils/1.9.3/commons-beanutils-1.9.3.jar:/home/user/.m2/repository/org/apache/commons/commons-configuration2/2.1.1/commons-configuration2-2.1.1.jar:/home/user/.m2/repository/org/apache/commons/commons-lang3/3.7/commons-lang3-3.7.jar:/home/user/.m2/repository/org/apache/commons/commons-text/1.4/commons-text-1.4.jar:/home/user/.m2/repository/org/apache/avro/avro/1.7.7/avro-1.7.7.jar:/home/user/.m2/repository/com/thoughtworks/paranamer/paranamer/2.3/paranamer-2.3.jar:/home/user/.m2/repository/org/xerial/snappy/snappy-java/1.0.5/snappy-java-1.0.5.jar:/home/user/.m2/repository/com/google/re2j/re2j/1.1/re2j-1.1.jar:/home/user/.m2/repository/com/google/code/gson/gson/2.2.4/gson-2.2.4.jar:/home/user/.m2/repository/com/jcraft/jsch/0.1.54/jsch-0.1.54.jar:/home/user/.m2/repository/org/apache/curator/curator-client/2.12.0/curator-client-2.12.0.jar:/home/user/.m2/repository/org/apache/curator/curator-recipes/2.12.0/curator-recipes-2.12.0.jar:/home/user/.m2/repository/com/google/code/findbugs/jsr305/3.0.0/jsr305-3.0.0.jar:/home/user/.m2/repository/org/apache/htrace/htrace-core4/4.1.0-incubating/htrace-core4-4.1.0-incubating.jar:/home/user/.m2/repository/org/apache/zookeeper/zookeeper/3.4.13/zookeeper-3.4.13.jar:/home/user/.m2/repository/org/apache/yetus/audience-annotations/0.5.0/audience-annotations-0.5.0.jar:/home/user/.m2/repository/org/codehaus/woodstox/stax2-api/3.1.4/stax2-api-3.1.4.jar:/home/user/.m2/repository/com/fasterxml/woodstox/woodstox-core/5.0.3/woodstox-core-5.0.3.jar:/home/user/.m2/repository/dnsjava/dnsjava/2.1.7/dnsjava-2.1.7.jar:/home/user/.m2/repository/org/apache/hadoop/hadoop-hdfs/3.2.0/hadoop-hdfs-3.2.0-tests.jar:/home/user/.m2/repository/org/eclipse/jetty/jetty-util-ajax/9.3.24.v20180605/jetty-util-ajax-9.3.24.v20180605.jar:/home/user/.m2/repository/commons-daemon/commons-daemon/1.0.13/commons-daemon-1.0.13.jar:/home/user/.m2/repository/io/netty/netty/3.10.5.Final/netty-3.10.5.Final.jar:/home/user/.m2/repository/io/netty/netty-all/4.0.52.Final/netty-all-4.0.52.Final.jar:/home/user/.m2/repository/org/fusesource/leveldbjni/leveldbjni-all/1.8/leveldbjni-all-1.8.jar:"/>
    <property name="sun.cpu.endian" value="little"/>
    <property name="user.home" value="/home/user"/>
    <property name="user.language" value="en"/>
    <property name="java.specification.vendor" value="Oracle Corporation"/>
    <property name="java.home" value="/usr/lib/jvm/java-1.8-openjdk/jre"/>
    <property name="java.security.krb5.conf" value="/workdir/hadoop-ozone/integration-test/target/test-classes/krb5.conf"/>
    <property name="basedir" value="/workdir/hadoop-ozone/integration-test"/>
    <property name="file.separator" value="/"/>
    <property name="line.separator" value="&#10;"/>
    <property name="java.vm.specification.vendor" value="Oracle Corporation"/>
    <property name="java.specification.name" value="Java Platform API Specification"/>
    <property name="java.awt.graphicsenv" value="sun.awt.X11GraphicsEnvironment"/>
    <property name="surefire.real.class.path" value="/workdir/hadoop-ozone/integration-test/target/surefire/surefirebooter4341274555211601347.jar"/>
    <property name="hadoop.log.dir" value="/workdir/hadoop-ozone/integration-test/target/log"/>
    <property name="sun.boot.class.path" value="/usr/lib/jvm/java-1.8-openjdk/jre/lib/resources.jar:/usr/lib/jvm/java-1.8-openjdk/jre/lib/rt.jar:/usr/lib/jvm/java-1.8-openjdk/jre/lib/sunrsasign.jar:/usr/lib/jvm/java-1.8-openjdk/jre/lib/jsse.jar:/usr/lib/jvm/java-1.8-openjdk/jre/lib/jce.jar:/usr/lib/jvm/java-1.8-openjdk/jre/lib/charsets.jar:/usr/lib/jvm/java-1.8-openjdk/jre/lib/jfr.jar:/usr/lib/jvm/java-1.8-openjdk/jre/classes"/>
    <property name="sun.management.compiler" value="HotSpot 64-Bit Tiered Compilers"/>
    <property name="java.runtime.version" value="1.8.0_212-b04"/>
    <property name="java.net.preferIPv4Stack" value="true"/>
    <property name="user.name" value="jenkins1000"/>
    <property name="path.separator" value=":"/>
    <property name="java.security.egd" value="file:///dev/urandom"/>
    <property name="os.version" value="3.10.0-957.12.2.el7.x86_64"/>
    <property name="java.endorsed.dirs" value="/usr/lib/jvm/java-1.8-openjdk/jre/lib/endorsed"/>
    <property name="java.runtime.name" value="OpenJDK Runtime Environment"/>
    <property name="file.encoding" value="UTF-8"/>
    <property name="java.vm.name" value="OpenJDK 64-Bit Server VM"/>
    <property name="test.build.webapps" value=""/>
    <property name="localRepository" value="/home/user/.m2/repository"/>
    <property name="java.vendor.url.bug" value="https://icedtea.classpath.org/bugzilla"/>
    <property name="java.io.tmpdir" value="/tmp"/>
    <property name="require.test.libhadoop" value=""/>
    <property name="java.version" value="1.8.0_212"/>
    <property name="user.dir" value="/workdir/hadoop-ozone/integration-test"/>
    <property name="os.arch" value="amd64"/>
    <property name="java.vm.specification.name" value="Java Virtual Machine Specification"/>
    <property name="test.build.classes" value="/workdir/hadoop-ozone/integration-test/target/test-classes"/>
    <property name="java.awt.printerjob" value="sun.print.PSPrinterJob"/>
    <property name="sun.os.patch.level" value="unknown"/>
    <property name="hadoop.tmp.dir" value="/workdir/hadoop-ozone/integration-test/target/tmp"/>
    <property name="java.library.path" value="/usr/lib/jvm/java-1.8-openjdk/jre/lib/amd64/server:/usr/lib/jvm/java-1.8-openjdk/jre/lib/amd64:/usr/lib/jvm/java-1.8-openjdk/jre/../lib/amd64:/workdir/hadoop-ozone/integration-test/target/native/target/usr/local/lib:/workdir/hadoop-ozone/integration-test/../../hadoop-common-project/hadoop-common/target/native/target/usr/local/lib:/usr/java/packages/lib/amd64:/usr/lib64:/lib64:/lib:/usr/lib"/>
    <property name="java.vm.info" value="mixed mode"/>
    <property name="java.vendor" value="IcedTea"/>
    <property name="java.vm.version" value="25.212-b04"/>
    <property name="java.ext.dirs" value="/usr/lib/jvm/java-1.8-openjdk/jre/lib/ext:/usr/java/packages/lib/ext"/>
    <property name="sun.io.unicode.encoding" value="UnicodeLittle"/>
    <property name="java.class.version" value="52.0"/>
  </properties>
  <testcase name="testPipelineCloseWithPipelineAction" classname="org.apache.hadoop.hdds.scm.pipeline.TestPipelineClose" time="42.003">
    <error message="Could not allocate container. Cannot get any matching pipeline for Type:RATIS, Factor:THREE, State:PipelineState.OPEN" type="java.io.IOException">java.io.IOException: Could not allocate container. Cannot get any matching pipeline for Type:RATIS, Factor:THREE, State:PipelineState.OPEN
	at org.apache.hadoop.hdds.scm.container.ContainerStateManager.allocateContainer(ContainerStateManager.java:260)
	at org.apache.hadoop.hdds.scm.container.SCMContainerManager.allocateContainer(SCMContainerManager.java:247)
	at org.apache.hadoop.hdds.scm.pipeline.TestPipelineClose.init(TestPipelineClose.java:95)
	at sun.reflect.NativeMethodAccessorImpl.invoke0(Native Method)
	at sun.reflect.NativeMethodAccessorImpl.invoke(NativeMethodAccessorImpl.java:62)
	at sun.reflect.DelegatingMethodAccessorImpl.invoke(DelegatingMethodAccessorImpl.java:43)
	at java.lang.reflect.Method.invoke(Method.java:498)
	at org.junit.runners.model.FrameworkMethod$1.runReflectiveCall(FrameworkMethod.java:47)
	at org.junit.internal.runners.model.ReflectiveCallable.run(ReflectiveCallable.java:12)
	at org.junit.runners.model.FrameworkMethod.invokeExplosively(FrameworkMethod.java:44)
	at org.junit.internal.runners.statements.RunBefores.evaluate(RunBefores.java:24)
	at org.junit.internal.runners.statements.RunAfters.evaluate(RunAfters.java:27)
	at org.junit.runners.ParentRunner.runLeaf(ParentRunner.java:271)
	at org.junit.runners.BlockJUnit4ClassRunner.runChild(BlockJUnit4ClassRunner.java:70)
	at org.junit.runners.BlockJUnit4ClassRunner.runChild(BlockJUnit4ClassRunner.java:50)
	at org.junit.runners.ParentRunner$3.run(ParentRunner.java:238)
	at org.junit.runners.ParentRunner$1.schedule(ParentRunner.java:63)
	at org.junit.runners.ParentRunner.runChildren(ParentRunner.java:236)
	at org.junit.runners.ParentRunner.access$000(ParentRunner.java:53)
	at org.junit.runners.ParentRunner$2.evaluate(ParentRunner.java:229)
	at org.junit.runners.ParentRunner.run(ParentRunner.java:309)
	at org.apache.maven.surefire.junit4.JUnit4Provider.execute(JUnit4Provider.java:365)
	at org.apache.maven.surefire.junit4.JUnit4Provider.executeWithRerun(JUnit4Provider.java:273)
	at org.apache.maven.surefire.junit4.JUnit4Provider.executeTestSet(JUnit4Provider.java:238)
	at org.apache.maven.surefire.junit4.JUnit4Provider.invoke(JUnit4Provider.java:159)
	at org.apache.maven.surefire.booter.ForkedBooter.invokeProviderInSameClassLoader(ForkedBooter.java:384)
	at org.apache.maven.surefire.booter.ForkedBooter.runSuitesInProcess(ForkedBooter.java:345)
	at org.apache.maven.surefire.booter.ForkedBooter.execute(ForkedBooter.java:126)
	at org.apache.maven.surefire.booter.ForkedBooter.main(ForkedBooter.java:418)
</error>
    <system-out><![CDATA[2019-09-19 11:15:13,278 [main] WARN  server.ServerUtils (ServerUtils.java:getScmDbDir(145)) - ozone.scm.db.dirs is not configured. We recommend adding this setting. Falling back to ozone.metadata.dirs instead.
2019-09-19 11:15:13,948 [main] WARN  server.ServerUtils (ServerUtils.java:getScmDbDir(145)) - ozone.scm.db.dirs is not configured. We recommend adding this setting. Falling back to ozone.metadata.dirs instead.
2019-09-19 11:15:13,952 [main] WARN  server.ServerUtils (ServerUtils.java:getScmDbDir(145)) - ozone.scm.db.dirs is not configured. We recommend adding this setting. Falling back to ozone.metadata.dirs instead.
2019-09-19 11:15:13,974 [main] INFO  util.log (Log.java:initialized(192)) - Logging initialized @1469ms
2019-09-19 11:15:14,079 [main] INFO  db.DBStoreBuilder (DBStoreBuilder.java:addTable(110)) - using custom profile for table: deletedBlocks
2019-09-19 11:15:14,080 [main] INFO  db.DBStoreBuilder (DBStoreBuilder.java:processTables(161)) - Using default column profile:DBProfile.DISK for Table:deletedBlocks
2019-09-19 11:15:14,080 [main] INFO  db.DBStoreBuilder (DBStoreBuilder.java:addTable(110)) - using custom profile for table: validCerts
2019-09-19 11:15:14,080 [main] INFO  db.DBStoreBuilder (DBStoreBuilder.java:processTables(161)) - Using default column profile:DBProfile.DISK for Table:validCerts
2019-09-19 11:15:14,081 [main] INFO  db.DBStoreBuilder (DBStoreBuilder.java:addTable(110)) - using custom profile for table: revokedCerts
2019-09-19 11:15:14,081 [main] INFO  db.DBStoreBuilder (DBStoreBuilder.java:processTables(161)) - Using default column profile:DBProfile.DISK for Table:revokedCerts
2019-09-19 11:15:14,095 [main] INFO  db.DBStoreBuilder (DBStoreBuilder.java:addTable(110)) - using custom profile for table: default
2019-09-19 11:15:14,095 [main] INFO  db.DBStoreBuilder (DBStoreBuilder.java:processTables(167)) - Using default column profile:DBProfile.DISK for Table:default
2019-09-19 11:15:14,097 [main] INFO  db.DBStoreBuilder (DBStoreBuilder.java:getDbProfile(198)) - Using default options. DBProfile.DISK
2019-09-19 11:15:19,188 [main] INFO  net.NodeSchemaLoader (NodeSchemaLoader.java:loadSchemaFromFile(125)) - Loading file from sun.misc.CompoundEnumeration@479d31f3
2019-09-19 11:15:19,189 [main] INFO  net.NodeSchemaLoader (NodeSchemaLoader.java:loadSchema(171)) - Loading network topology layer schema file
2019-09-19 11:15:19,258 [main] WARN  server.ServerUtils (ServerUtils.java:sanitizeUserArgs(70)) - ozone.scm.stale.node.interval value = 300000 is larger than max = 100000 based on the key value of ozone.scm.heartbeat.thread.interval, reset to the max value 100000.
2019-09-19 11:15:19,260 [main] WARN  server.ServerUtils (ServerUtils.java:sanitizeUserArgs(70)) - ozone.scm.stale.node.interval value = 300000 is larger than max = 100000 based on the key value of ozone.scm.heartbeat.thread.interval, reset to the max value 100000.
2019-09-19 11:15:19,262 [main] INFO  node.SCMNodeManager (SCMNodeManager.java:<init>(121)) - Entering startup safe mode.
2019-09-19 11:15:19,332 [main] INFO  algorithms.ContainerPlacementPolicyFactory (ContainerPlacementPolicyFactory.java:getPolicy(56)) - Create container placement policy of type org.apache.hadoop.hdds.scm.container.placement.algorithms.SCMContainerPlacementRandom
2019-09-19 11:15:19,347 [main] WARN  server.ServerUtils (ServerUtils.java:getScmDbDir(145)) - ozone.scm.db.dirs is not configured. We recommend adding this setting. Falling back to ozone.metadata.dirs instead.
2019-09-19 11:15:19,738 [main] INFO  pipeline.SCMPipelineManager (SCMPipelineManager.java:initializePipelineState(126)) - No pipeline exists in current db
2019-09-19 11:15:19,740 [main] WARN  server.ServerUtils (ServerUtils.java:getScmDbDir(145)) - ozone.scm.db.dirs is not configured. We recommend adding this setting. Falling back to ozone.metadata.dirs instead.
2019-09-19 11:15:20,482 [main] WARN  events.EventQueue (EventQueue.java:fireEvent(175)) - No event handler registered for event TypedEvent{payloadType=SafeModeStatus, name='SafeModeStatus'}
2019-09-19 11:15:21,053 [main] INFO  ipc.CallQueueManager (CallQueueManager.java:<init>(84)) - Using callQueue: class java.util.concurrent.LinkedBlockingQueue, queueCapacity: 2000, scheduler: class org.apache.hadoop.ipc.DefaultRpcScheduler, ipcBackoff: false.
2019-09-19 11:15:21,421 [Socket Reader #1 for port 41762] INFO  ipc.Server (Server.java:run(1074)) - Starting Socket Reader #1 for port 41762
2019-09-19 11:15:21,454 [main] INFO  ipc.CallQueueManager (CallQueueManager.java:<init>(84)) - Using callQueue: class java.util.concurrent.LinkedBlockingQueue, queueCapacity: 2000, scheduler: class org.apache.hadoop.ipc.DefaultRpcScheduler, ipcBackoff: false.
2019-09-19 11:15:21,455 [Socket Reader #1 for port 43793] INFO  ipc.Server (Server.java:run(1074)) - Starting Socket Reader #1 for port 43793
2019-09-19 11:15:21,468 [main] INFO  ipc.CallQueueManager (CallQueueManager.java:<init>(84)) - Using callQueue: class java.util.concurrent.LinkedBlockingQueue, queueCapacity: 2000, scheduler: class org.apache.hadoop.ipc.DefaultRpcScheduler, ipcBackoff: false.
2019-09-19 11:15:21,469 [Socket Reader #1 for port 40193] INFO  ipc.Server (Server.java:run(1074)) - Starting Socket Reader #1 for port 40193
2019-09-19 11:15:21,501 [main] INFO  hdfs.DFSUtil (DFSUtil.java:httpServerTemplateForNNAndJN(1641)) - Starting Web-server for scm at: http://0.0.0.0:0
2019-09-19 11:15:21,660 [main] INFO  server.AuthenticationFilter (AuthenticationFilter.java:constructSecretProvider(240)) - Unable to initialize FileSignerSecretProvider, falling back to use random secrets.
2019-09-19 11:15:21,674 [main] WARN  http.HttpRequestLog (HttpRequestLog.java:getRequestLog(97)) - Jetty request log can only be enabled using Log4j
2019-09-19 11:15:21,687 [main] INFO  http.HttpServer2 (HttpServer2.java:addGlobalFilter(975)) - Added global filter 'safety' (class=org.apache.hadoop.http.HttpServer2$QuotingInputFilter)
2019-09-19 11:15:21,691 [main] INFO  http.HttpServer2 (HttpServer2.java:addFilter(948)) - Added filter static_user_filter (class=org.apache.hadoop.http.lib.StaticUserWebFilter$StaticUserFilter) to context scm
2019-09-19 11:15:21,692 [main] INFO  http.HttpServer2 (HttpServer2.java:addFilter(958)) - Added filter static_user_filter (class=org.apache.hadoop.http.lib.StaticUserWebFilter$StaticUserFilter) to context logs
2019-09-19 11:15:21,692 [main] INFO  http.HttpServer2 (HttpServer2.java:addFilter(958)) - Added filter static_user_filter (class=org.apache.hadoop.http.lib.StaticUserWebFilter$StaticUserFilter) to context static
2019-09-19 11:15:21,732 [main] INFO  server.StorageContainerManager (StorageContainerManager.java:start(759)) - StorageContainerLocationProtocol RPC server is listening at /0.0.0.0:40193
2019-09-19 11:15:21,801 [main] WARN  impl.MetricsConfig (MetricsConfig.java:loadFirst(134)) - Cannot locate configuration: tried hadoop-metrics2-storagecontainermanager.properties,hadoop-metrics2.properties
2019-09-19 11:15:21,814 [main] INFO  impl.MetricsSystemImpl (MetricsSystemImpl.java:startTimer(374)) - Scheduled Metric snapshot period at 10 second(s).
2019-09-19 11:15:21,814 [main] INFO  impl.MetricsSystemImpl (MetricsSystemImpl.java:start(191)) - StorageContainerManager metrics system started
2019-09-19 11:15:22,098 [main] INFO  server.SCMClientProtocolServer (SCMClientProtocolServer.java:start(151)) - RPC server for Client  is listening at /0.0.0.0:40193
2019-09-19 11:15:22,099 [IPC Server listener on 40193] INFO  ipc.Server (Server.java:run(1153)) - IPC Server listener on 40193: starting
2019-09-19 11:15:22,099 [IPC Server Responder] INFO  ipc.Server (Server.java:run(1314)) - IPC Server Responder: starting
2019-09-19 11:15:22,102 [main] INFO  server.StorageContainerManager (StorageContainerManager.java:start(769)) - ScmBlockLocationProtocol RPC server is listening at /0.0.0.0:43793
2019-09-19 11:15:22,103 [main] INFO  server.SCMBlockProtocolServer (SCMBlockProtocolServer.java:start(140)) - RPC server for Block Protocol is listening at /0.0.0.0:43793
2019-09-19 11:15:22,103 [IPC Server Responder] INFO  ipc.Server (Server.java:run(1314)) - IPC Server Responder: starting
2019-09-19 11:15:22,103 [IPC Server listener on 43793] INFO  ipc.Server (Server.java:run(1153)) - IPC Server listener on 43793: starting
2019-09-19 11:15:22,107 [main] INFO  server.StorageContainerManager (StorageContainerManager.java:start(773)) - ScmDatanodeProtocl RPC server is listening at /0.0.0.0:41762
2019-09-19 11:15:22,107 [main] INFO  server.SCMDatanodeProtocolServer (SCMDatanodeProtocolServer.java:start(191)) - RPC server for DataNodes is listening at /0.0.0.0:41762
2019-09-19 11:15:22,108 [IPC Server Responder] INFO  ipc.Server (Server.java:run(1314)) - IPC Server Responder: starting
2019-09-19 11:15:22,108 [IPC Server listener on 41762] INFO  ipc.Server (Server.java:run(1153)) - IPC Server listener on 41762: starting
2019-09-19 11:15:22,114 [main] INFO  http.HttpServer2 (HttpServer2.java:bindListener(1191)) - Jetty bound to port 39104
2019-09-19 11:15:22,117 [main] INFO  server.Server (Server.java:doStart(351)) - jetty-9.3.24.v20180605, build timestamp: 2018-06-05T17:11:56Z, git hash: 84205aa28f11a4f31f2a3b86d1bba2cc8ab69827
2019-09-19 11:15:22,169 [main] INFO  handler.ContextHandler (ContextHandler.java:doStart(781)) - Started o.e.j.s.ServletContextHandler@47a5b70d{/logs,file:///workdir/hadoop-ozone/integration-test/target/log,AVAILABLE}
2019-09-19 11:15:22,170 [main] INFO  handler.ContextHandler (ContextHandler.java:doStart(781)) - Started o.e.j.s.ServletContextHandler@1a45193b{/static,file:///workdir/hadoop-ozone/integration-test/target/test-classes/webapps/static,AVAILABLE}
2019-09-19 11:15:22,219 [main] INFO  handler.ContextHandler (ContextHandler.java:doStart(781)) - Started o.e.j.w.WebAppContext@30b34287{/,file:///workdir/hadoop-ozone/integration-test/target/test-classes/webapps/scm/,AVAILABLE}{/scm}
2019-09-19 11:15:22,226 [main] INFO  server.AbstractConnector (AbstractConnector.java:doStart(278)) - Started ServerConnector@672f11c2{HTTP/1.1,[http/1.1]}{0.0.0.0:39104}
2019-09-19 11:15:22,227 [main] INFO  server.Server (Server.java:doStart(419)) - Started @9722ms
2019-09-19 11:15:22,228 [main] INFO  server.BaseHttpServer (BaseHttpServer.java:updateConnectorAddress(213)) - HTTP server of SCM is listening at http://0.0.0.0:39104
2019-09-19 11:15:22,239 [org.apache.hadoop.util.JvmPauseMonitor$Monitor@173b9122] INFO  util.JvmPauseMonitor (JvmPauseMonitor.java:run(188)) - Starting JVM pause monitor
2019-09-19 11:15:22,244 [main] WARN  server.ServerUtils (ServerUtils.java:getDBPath(222)) - ozone.om.db.dirs is not configured. We recommend adding this setting. Falling back to ozone.metadata.dirs instead.
2019-09-19 11:15:22,364 [main] WARN  server.ServerUtils (ServerUtils.java:getDBPath(222)) - ozone.om.db.dirs is not configured. We recommend adding this setting. Falling back to ozone.metadata.dirs instead.
2019-09-19 11:15:22,365 [main] WARN  server.ServerUtils (ServerUtils.java:getDBPath(222)) - ozone.om.db.dirs is not configured. We recommend adding this setting. Falling back to ozone.metadata.dirs instead.
2019-09-19 11:15:22,366 [main] INFO  om.OzoneManager (OzoneManager.java:setOMNodeDetails(645)) - OM Service ID is not set. Setting it to the default ID: omServiceIdDefault
2019-09-19 11:15:22,366 [main] INFO  om.OzoneManager (OzoneManager.java:setOMNodeDetails(651)) - OM Node ID is not set. Setting it to the OmStorage's OmID: d78be406-109d-4e3c-a3eb-615cfbaff3a5
2019-09-19 11:15:22,367 [main] INFO  om.OzoneManager (OzoneManager.java:loadOMHAConfigs(602)) - Found matching OM address with OMServiceId: null, OMNodeId: null, RPC Address: localhost:0 and Ratis port: 9872
2019-09-19 11:15:22,662 | INFO  | SCMAudit | user=jenkins1000 | ip=192.168.157.226 | op=GET_SCM_INFO null | ret=SUCCESS |  
2019-09-19 11:15:23,157 [main] WARN  server.ServerUtils (ServerUtils.java:getDBPath(222)) - ozone.om.db.dirs is not configured. We recommend adding this setting. Falling back to ozone.metadata.dirs instead.
2019-09-19 11:15:23,166 [main] INFO  db.DBStoreBuilder (DBStoreBuilder.java:addTable(110)) - using custom profile for table: userTable
2019-09-19 11:15:23,166 [main] INFO  db.DBStoreBuilder (DBStoreBuilder.java:processTables(161)) - Using default column profile:DBProfile.DISK for Table:userTable
2019-09-19 11:15:23,167 [main] INFO  db.DBStoreBuilder (DBStoreBuilder.java:addTable(110)) - using custom profile for table: volumeTable
2019-09-19 11:15:23,167 [main] INFO  db.DBStoreBuilder (DBStoreBuilder.java:processTables(161)) - Using default column profile:DBProfile.DISK for Table:volumeTable
2019-09-19 11:15:23,167 [main] INFO  db.DBStoreBuilder (DBStoreBuilder.java:addTable(110)) - using custom profile for table: bucketTable
2019-09-19 11:15:23,167 [main] INFO  db.DBStoreBuilder (DBStoreBuilder.java:processTables(161)) - Using default column profile:DBProfile.DISK for Table:bucketTable
2019-09-19 11:15:23,168 [main] INFO  db.DBStoreBuilder (DBStoreBuilder.java:addTable(110)) - using custom profile for table: keyTable
2019-09-19 11:15:23,168 [main] INFO  db.DBStoreBuilder (DBStoreBuilder.java:processTables(161)) - Using default column profile:DBProfile.DISK for Table:keyTable
2019-09-19 11:15:23,168 [main] INFO  db.DBStoreBuilder (DBStoreBuilder.java:addTable(110)) - using custom profile for table: deletedTable
2019-09-19 11:15:23,169 [main] INFO  db.DBStoreBuilder (DBStoreBuilder.java:processTables(161)) - Using default column profile:DBProfile.DISK for Table:deletedTable
2019-09-19 11:15:23,169 [main] INFO  db.DBStoreBuilder (DBStoreBuilder.java:addTable(110)) - using custom profile for table: openKeyTable
2019-09-19 11:15:23,169 [main] INFO  db.DBStoreBuilder (DBStoreBuilder.java:processTables(161)) - Using default column profile:DBProfile.DISK for Table:openKeyTable
2019-09-19 11:15:23,170 [main] INFO  db.DBStoreBuilder (DBStoreBuilder.java:addTable(110)) - using custom profile for table: s3Table
2019-09-19 11:15:23,170 [main] INFO  db.DBStoreBuilder (DBStoreBuilder.java:processTables(161)) - Using default column profile:DBProfile.DISK for Table:s3Table
2019-09-19 11:15:23,170 [main] INFO  db.DBStoreBuilder (DBStoreBuilder.java:addTable(110)) - using custom profile for table: multipartInfoTable
2019-09-19 11:15:23,170 [main] INFO  db.DBStoreBuilder (DBStoreBuilder.java:processTables(161)) - Using default column profile:DBProfile.DISK for Table:multipartInfoTable
2019-09-19 11:15:23,171 [main] INFO  db.DBStoreBuilder (DBStoreBuilder.java:addTable(110)) - using custom profile for table: dTokenTable
2019-09-19 11:15:23,171 [main] INFO  db.DBStoreBuilder (DBStoreBuilder.java:processTables(161)) - Using default column profile:DBProfile.DISK for Table:dTokenTable
2019-09-19 11:15:23,171 [main] INFO  db.DBStoreBuilder (DBStoreBuilder.java:addTable(110)) - using custom profile for table: s3SecretTable
2019-09-19 11:15:23,172 [main] INFO  db.DBStoreBuilder (DBStoreBuilder.java:processTables(161)) - Using default column profile:DBProfile.DISK for Table:s3SecretTable
2019-09-19 11:15:23,172 [main] INFO  db.DBStoreBuilder (DBStoreBuilder.java:addTable(110)) - using custom profile for table: prefixTable
2019-09-19 11:15:23,172 [main] INFO  db.DBStoreBuilder (DBStoreBuilder.java:processTables(161)) - Using default column profile:DBProfile.DISK for Table:prefixTable
2019-09-19 11:15:23,173 [main] INFO  db.DBStoreBuilder (DBStoreBuilder.java:addTable(110)) - using custom profile for table: default
2019-09-19 11:15:23,173 [main] INFO  db.DBStoreBuilder (DBStoreBuilder.java:processTables(167)) - Using default column profile:DBProfile.DISK for Table:default
2019-09-19 11:15:23,173 [main] INFO  db.DBStoreBuilder (DBStoreBuilder.java:getDbProfile(198)) - Using default options. DBProfile.DISK
2019-09-19 11:15:32,986 [main] INFO  ipc.CallQueueManager (CallQueueManager.java:<init>(84)) - Using callQueue: class java.util.concurrent.LinkedBlockingQueue, queueCapacity: 2000, scheduler: class org.apache.hadoop.ipc.DefaultRpcScheduler, ipcBackoff: false.
2019-09-19 11:15:32,988 [Socket Reader #1 for port 41621] INFO  ipc.Server (Server.java:run(1074)) - Starting Socket Reader #1 for port 41621
2019-09-19 11:15:33,022 [main] INFO  om.OzoneManager (OzoneManager.java:start(1256)) - OzoneManager RPC server is listening at localhost/127.0.0.1:41621
2019-09-19 11:15:33,022 [main] INFO  impl.MetricsSystemImpl (MetricsSystemImpl.java:init(158)) - OzoneManager metrics system started (again)
2019-09-19 11:15:33,025 [IPC Server Responder] INFO  ipc.Server (Server.java:run(1314)) - IPC Server Responder: starting
2019-09-19 11:15:33,025 [IPC Server listener on 41621] INFO  ipc.Server (Server.java:run(1153)) - IPC Server listener on 41621: starting
2019-09-19 11:15:33,035 [main] INFO  hdfs.DFSUtil (DFSUtil.java:httpServerTemplateForNNAndJN(1641)) - Starting Web-server for ozoneManager at: http://0.0.0.0:0
2019-09-19 11:15:33,037 [main] INFO  server.AuthenticationFilter (AuthenticationFilter.java:constructSecretProvider(240)) - Unable to initialize FileSignerSecretProvider, falling back to use random secrets.
2019-09-19 11:15:33,038 [main] WARN  http.HttpRequestLog (HttpRequestLog.java:getRequestLog(97)) - Jetty request log can only be enabled using Log4j
2019-09-19 11:15:33,040 [main] INFO  http.HttpServer2 (HttpServer2.java:addGlobalFilter(975)) - Added global filter 'safety' (class=org.apache.hadoop.http.HttpServer2$QuotingInputFilter)
2019-09-19 11:15:33,041 [main] INFO  http.HttpServer2 (HttpServer2.java:addFilter(948)) - Added filter static_user_filter (class=org.apache.hadoop.http.lib.StaticUserWebFilter$StaticUserFilter) to context ozoneManager
2019-09-19 11:15:33,042 [main] INFO  http.HttpServer2 (HttpServer2.java:addFilter(958)) - Added filter static_user_filter (class=org.apache.hadoop.http.lib.StaticUserWebFilter$StaticUserFilter) to context static
2019-09-19 11:15:33,042 [main] INFO  http.HttpServer2 (HttpServer2.java:addFilter(958)) - Added filter static_user_filter (class=org.apache.hadoop.http.lib.StaticUserWebFilter$StaticUserFilter) to context logs
2019-09-19 11:15:33,045 [main] INFO  http.HttpServer2 (HttpServer2.java:bindListener(1191)) - Jetty bound to port 36794
2019-09-19 11:15:33,045 [main] INFO  server.Server (Server.java:doStart(351)) - jetty-9.3.24.v20180605, build timestamp: 2018-06-05T17:11:56Z, git hash: 84205aa28f11a4f31f2a3b86d1bba2cc8ab69827
2019-09-19 11:15:33,048 [main] INFO  handler.ContextHandler (ContextHandler.java:doStart(781)) - Started o.e.j.s.ServletContextHandler@4f186450{/logs,file:///workdir/hadoop-ozone/integration-test/target/log,AVAILABLE}
2019-09-19 11:15:33,048 [main] INFO  handler.ContextHandler (ContextHandler.java:doStart(781)) - Started o.e.j.s.ServletContextHandler@a64e035{/static,file:///workdir/hadoop-ozone/integration-test/target/test-classes/webapps/static,AVAILABLE}
2019-09-19 11:15:35,753 [main] INFO  handler.ContextHandler (ContextHandler.java:doStart(781)) - Started o.e.j.w.WebAppContext@78de58ea{/,file:///workdir/hadoop-ozone/integration-test/target/test-classes/webapps/ozoneManager/,AVAILABLE}{/ozoneManager}
2019-09-19 11:15:35,754 [main] INFO  server.AbstractConnector (AbstractConnector.java:doStart(278)) - Started ServerConnector@60e5272{HTTP/1.1,[http/1.1]}{0.0.0.0:36794}
2019-09-19 11:15:35,755 [main] INFO  server.Server (Server.java:doStart(419)) - Started @23250ms
2019-09-19 11:15:35,756 [main] INFO  server.BaseHttpServer (BaseHttpServer.java:updateConnectorAddress(213)) - HTTP server of OZONEMANAGER is listening at http://0.0.0.0:36794
2019-09-19 11:15:35,912 [main] INFO  impl.MetricsSystemImpl (MetricsSystemImpl.java:init(158)) - HddsDatanode metrics system started (again)
2019-09-19 11:15:36,027 [main] INFO  ozone.HddsDatanodeService (HddsDatanodeService.java:start(184)) - HddsDatanodeService host:pr-hdds-1569-swxfz-3172132826 ip:192.168.157.226
2019-09-19 11:15:36,065 [main] INFO  volume.HddsVolume (HddsVolume.java:<init>(176)) - Creating Volume: /workdir/hadoop-ozone/integration-test/target/test-dir/MiniOzoneClusterImpl-7fc07b7e-c81f-4adf-a353-408e6fc41966/datanode-0/data/containers/hdds of  storage type : DISK and capacity : 1482555576320
2019-09-19 11:15:36,067 [main] INFO  volume.VolumeSet (VolumeSet.java:initializeVolumeSet(170)) - Added Volume : /workdir/hadoop-ozone/integration-test/target/test-dir/MiniOzoneClusterImpl-7fc07b7e-c81f-4adf-a353-408e6fc41966/datanode-0/data/containers/hdds to VolumeSet
2019-09-19 11:15:36,070 [main] INFO  volume.ThrottledAsyncChecker (ThrottledAsyncChecker.java:schedule(140)) - Scheduling a check for org.apache.hadoop.ozone.container.common.volume.HddsVolume@3bec2275
2019-09-19 11:15:36,089 [main] INFO  volume.HddsVolumeChecker (HddsVolumeChecker.java:checkAllVolumes(203)) - Scheduled health check for volume org.apache.hadoop.ozone.container.common.volume.HddsVolume@3bec2275
2019-09-19 11:15:36,198 [main] INFO  impl.RaftServerProxy (ConfUtils.java:logGet(43)) - raft.rpc.type = GRPC (default)
2019-09-19 11:15:36,268 [main] INFO  grpc.GrpcFactory (GrpcFactory.java:checkPooledByteBufAllocatorUseCacheForAllThreads(45)) - PERFORMANCE WARNING: useCacheForAllThreads is true that may cause Netty to create a lot garbage objects and, as a result, trigger GC.
	It is recommended to disable useCacheForAllThreads by setting -Dorg.apache.ratis.thirdparty.io.netty.allocator.useCacheForAllThreads=false in command line.
2019-09-19 11:15:36,273 [main] INFO  grpc.GrpcConfigKeys$Server (ConfUtils.java:logGet(43)) - raft.grpc.server.port = 0 (default)
2019-09-19 11:15:36,274 [main] INFO  server.GrpcService (ConfUtils.java:logGet(43)) - raft.grpc.message.size.max = 33570816 (custom)
2019-09-19 11:15:36,275 [main] INFO  server.RaftServerConfigKeys (ConfUtils.java:logGet(43)) - raft.server.log.appender.buffer.byte-limit = 33554432 (custom)
2019-09-19 11:15:36,276 [main] INFO  server.GrpcService (ConfUtils.java:logGet(43)) - raft.grpc.flow.control.window = 1MB (=1048576) (default)
2019-09-19 11:15:36,277 [main] INFO  server.RaftServerConfigKeys (ConfUtils.java:logGet(43)) - raft.server.rpc.request.timeout = 3000ms (default)
2019-09-19 11:15:36,440 [main] INFO  server.RaftServerConfigKeys (ConfUtils.java:logGet(43)) - raft.server.storage.dir = [/workdir/hadoop-ozone/integration-test/target/test-dir/MiniOzoneClusterImpl-7fc07b7e-c81f-4adf-a353-408e6fc41966/datanode-0/data/ratis] (custom)
2019-09-19 11:15:36,478 [main] INFO  replication.SimpleContainerDownloader (SimpleContainerDownloader.java:<init>(72)) - Starting container downloader service to copy containers to replicate.
2019-09-19 11:15:36,492 [main] INFO  hdfs.DFSUtil (DFSUtil.java:httpServerTemplateForNNAndJN(1641)) - Starting Web-server for hddsDatanode at: http://0.0.0.0:0
2019-09-19 11:15:36,495 [main] INFO  server.AuthenticationFilter (AuthenticationFilter.java:constructSecretProvider(240)) - Unable to initialize FileSignerSecretProvider, falling back to use random secrets.
2019-09-19 11:15:36,495 [main] WARN  http.HttpRequestLog (HttpRequestLog.java:getRequestLog(97)) - Jetty request log can only be enabled using Log4j
2019-09-19 11:15:36,499 [main] INFO  http.HttpServer2 (HttpServer2.java:addGlobalFilter(975)) - Added global filter 'safety' (class=org.apache.hadoop.http.HttpServer2$QuotingInputFilter)
2019-09-19 11:15:36,500 [main] INFO  http.HttpServer2 (HttpServer2.java:addFilter(948)) - Added filter static_user_filter (class=org.apache.hadoop.http.lib.StaticUserWebFilter$StaticUserFilter) to context hddsDatanode
2019-09-19 11:15:36,500 [main] INFO  http.HttpServer2 (HttpServer2.java:addFilter(958)) - Added filter static_user_filter (class=org.apache.hadoop.http.lib.StaticUserWebFilter$StaticUserFilter) to context logs
2019-09-19 11:15:36,500 [main] INFO  http.HttpServer2 (HttpServer2.java:addFilter(958)) - Added filter static_user_filter (class=org.apache.hadoop.http.lib.StaticUserWebFilter$StaticUserFilter) to context static
2019-09-19 11:15:36,502 [main] INFO  http.HttpServer2 (HttpServer2.java:bindListener(1191)) - Jetty bound to port 44369
2019-09-19 11:15:36,502 [main] INFO  server.Server (Server.java:doStart(351)) - jetty-9.3.24.v20180605, build timestamp: 2018-06-05T17:11:56Z, git hash: 84205aa28f11a4f31f2a3b86d1bba2cc8ab69827
2019-09-19 11:15:36,508 [main] INFO  handler.ContextHandler (ContextHandler.java:doStart(781)) - Started o.e.j.s.ServletContextHandler@561b7d53{/logs,file:///workdir/hadoop-ozone/integration-test/target/log,AVAILABLE}
2019-09-19 11:15:36,509 [main] INFO  handler.ContextHandler (ContextHandler.java:doStart(781)) - Started o.e.j.s.ServletContextHandler@1dc3502b{/static,jar:file:/home/user/.m2/repository/org/apache/hadoop/hadoop-hdds-container-service/0.5.0-SNAPSHOT/hadoop-hdds-container-service-0.5.0-SNAPSHOT.jar!/webapps/static,AVAILABLE}
2019-09-19 11:15:36,602 [main] INFO  handler.ContextHandler (ContextHandler.java:doStart(781)) - Started o.e.j.w.WebAppContext@58ba5b30{/,file:///tmp/jetty-0.0.0.0-44369-hddsDatanode-_-any-1811152724046653154.dir/webapp/,AVAILABLE}{/hddsDatanode}
2019-09-19 11:15:36,603 [main] INFO  server.AbstractConnector (AbstractConnector.java:doStart(278)) - Started ServerConnector@4dba773d{HTTP/1.1,[http/1.1]}{0.0.0.0:44369}
2019-09-19 11:15:36,604 [main] INFO  server.Server (Server.java:doStart(419)) - Started @24099ms
2019-09-19 11:15:36,605 [main] INFO  server.BaseHttpServer (BaseHttpServer.java:updateConnectorAddress(213)) - HTTP server of HDDSDATANODE is listening at http://0.0.0.0:44369
2019-09-19 11:15:38,053 | INFO  | ObjectStoreRestHttpServer | Listening HDDS REST traffic on /0.0.0.0:38244 |  
2019-09-19 11:15:38,055 [main] INFO  ozone.HddsDatanodeService (HddsDatanodeService.java:startPlugins(395)) - Started plug-in org.apache.hadoop.ozone.web.OzoneHddsDatanodeService@415795f3
2019-09-19 11:15:38,057 [main] INFO  impl.MetricsSystemImpl (MetricsSystemImpl.java:init(158)) - HddsDatanode metrics system started (again)
2019-09-19 11:15:38,061 [main] INFO  ozone.HddsDatanodeService (HddsDatanodeService.java:start(184)) - HddsDatanodeService host:pr-hdds-1569-swxfz-3172132826 ip:192.168.157.226
2019-09-19 11:15:38,064 [org.apache.hadoop.util.JvmPauseMonitor$Monitor@421dace9] INFO  util.JvmPauseMonitor (JvmPauseMonitor.java:run(188)) - Starting JVM pause monitor
2019-09-19 11:15:38,071 [main] INFO  volume.HddsVolume (HddsVolume.java:<init>(176)) - Creating Volume: /workdir/hadoop-ozone/integration-test/target/test-dir/MiniOzoneClusterImpl-7fc07b7e-c81f-4adf-a353-408e6fc41966/datanode-1/data/containers/hdds of  storage type : DISK and capacity : 1482555576320
2019-09-19 11:15:38,073 [main] INFO  volume.VolumeSet (VolumeSet.java:initializeVolumeSet(170)) - Added Volume : /workdir/hadoop-ozone/integration-test/target/test-dir/MiniOzoneClusterImpl-7fc07b7e-c81f-4adf-a353-408e6fc41966/datanode-1/data/containers/hdds to VolumeSet
2019-09-19 11:15:38,074 [main] INFO  volume.ThrottledAsyncChecker (ThrottledAsyncChecker.java:schedule(140)) - Scheduling a check for org.apache.hadoop.ozone.container.common.volume.HddsVolume@1f78d415
2019-09-19 11:15:38,075 [main] INFO  volume.HddsVolumeChecker (HddsVolumeChecker.java:checkAllVolumes(203)) - Scheduled health check for volume org.apache.hadoop.ozone.container.common.volume.HddsVolume@1f78d415
2019-09-19 11:15:38,095 [main] INFO  impl.RaftServerProxy (ConfUtils.java:logGet(43)) - raft.rpc.type = GRPC (default)
2019-09-19 11:15:38,095 [main] INFO  grpc.GrpcFactory (GrpcFactory.java:checkPooledByteBufAllocatorUseCacheForAllThreads(45)) - PERFORMANCE WARNING: useCacheForAllThreads is true that may cause Netty to create a lot garbage objects and, as a result, trigger GC.
	It is recommended to disable useCacheForAllThreads by setting -Dorg.apache.ratis.thirdparty.io.netty.allocator.useCacheForAllThreads=false in command line.
2019-09-19 11:15:38,095 [main] INFO  grpc.GrpcConfigKeys$Server (ConfUtils.java:logGet(43)) - raft.grpc.server.port = 0 (default)
2019-09-19 11:15:38,096 [main] INFO  server.GrpcService (ConfUtils.java:logGet(43)) - raft.grpc.message.size.max = 33570816 (custom)
2019-09-19 11:15:38,096 [main] INFO  server.RaftServerConfigKeys (ConfUtils.java:logGet(43)) - raft.server.log.appender.buffer.byte-limit = 33554432 (custom)
2019-09-19 11:15:38,096 [main] INFO  server.GrpcService (ConfUtils.java:logGet(43)) - raft.grpc.flow.control.window = 1MB (=1048576) (default)
2019-09-19 11:15:38,097 [main] INFO  server.RaftServerConfigKeys (ConfUtils.java:logGet(43)) - raft.server.rpc.request.timeout = 3000ms (default)
2019-09-19 11:15:38,098 [main] INFO  server.RaftServerConfigKeys (ConfUtils.java:logGet(43)) - raft.server.storage.dir = [/workdir/hadoop-ozone/integration-test/target/test-dir/MiniOzoneClusterImpl-7fc07b7e-c81f-4adf-a353-408e6fc41966/datanode-1/data/ratis] (custom)
2019-09-19 11:15:38,098 [main] INFO  replication.SimpleContainerDownloader (SimpleContainerDownloader.java:<init>(72)) - Starting container downloader service to copy containers to replicate.
2019-09-19 11:15:38,100 [main] INFO  hdfs.DFSUtil (DFSUtil.java:httpServerTemplateForNNAndJN(1641)) - Starting Web-server for hddsDatanode at: http://0.0.0.0:0
2019-09-19 11:15:38,102 [main] INFO  server.AuthenticationFilter (AuthenticationFilter.java:constructSecretProvider(240)) - Unable to initialize FileSignerSecretProvider, falling back to use random secrets.
2019-09-19 11:15:38,104 [main] WARN  http.HttpRequestLog (HttpRequestLog.java:getRequestLog(97)) - Jetty request log can only be enabled using Log4j
2019-09-19 11:15:38,106 [main] INFO  http.HttpServer2 (HttpServer2.java:addGlobalFilter(975)) - Added global filter 'safety' (class=org.apache.hadoop.http.HttpServer2$QuotingInputFilter)
2019-09-19 11:15:38,107 [main] INFO  http.HttpServer2 (HttpServer2.java:addFilter(948)) - Added filter static_user_filter (class=org.apache.hadoop.http.lib.StaticUserWebFilter$StaticUserFilter) to context hddsDatanode
2019-09-19 11:15:38,108 [main] INFO  http.HttpServer2 (HttpServer2.java:addFilter(958)) - Added filter static_user_filter (class=org.apache.hadoop.http.lib.StaticUserWebFilter$StaticUserFilter) to context static
2019-09-19 11:15:38,108 [main] INFO  http.HttpServer2 (HttpServer2.java:addFilter(958)) - Added filter static_user_filter (class=org.apache.hadoop.http.lib.StaticUserWebFilter$StaticUserFilter) to context logs
2019-09-19 11:15:38,109 [main] INFO  http.HttpServer2 (HttpServer2.java:bindListener(1191)) - Jetty bound to port 44435
2019-09-19 11:15:38,110 [main] INFO  server.Server (Server.java:doStart(351)) - jetty-9.3.24.v20180605, build timestamp: 2018-06-05T17:11:56Z, git hash: 84205aa28f11a4f31f2a3b86d1bba2cc8ab69827
2019-09-19 11:15:38,113 [main] INFO  handler.ContextHandler (ContextHandler.java:doStart(781)) - Started o.e.j.s.ServletContextHandler@4bf03fee{/logs,file:///workdir/hadoop-ozone/integration-test/target/log,AVAILABLE}
2019-09-19 11:15:38,114 [main] INFO  handler.ContextHandler (ContextHandler.java:doStart(781)) - Started o.e.j.s.ServletContextHandler@44f0ff2b{/static,jar:file:/home/user/.m2/repository/org/apache/hadoop/hadoop-hdds-container-service/0.5.0-SNAPSHOT/hadoop-hdds-container-service-0.5.0-SNAPSHOT.jar!/webapps/static,AVAILABLE}
2019-09-19 11:15:38,213 [Datanode State Machine Thread - 0] INFO  datanode.InitDatanodeState (InitDatanodeState.java:persistContainerDatanodeDetails(140)) - DatanodeDetails is persisted to /workdir/hadoop-ozone/integration-test/target/test-dir/MiniOzoneClusterImpl-7fc07b7e-c81f-4adf-a353-408e6fc41966/datanode-0/meta/datanode.id
2019-09-19 11:15:38,353 [main] INFO  handler.ContextHandler (ContextHandler.java:doStart(781)) - Started o.e.j.w.WebAppContext@7cf63b9a{/,file:///tmp/jetty-0.0.0.0-44435-hddsDatanode-_-any-911781299817537385.dir/webapp/,AVAILABLE}{/hddsDatanode}
2019-09-19 11:15:38,355 [main] INFO  server.AbstractConnector (AbstractConnector.java:doStart(278)) - Started ServerConnector@4776e209{HTTP/1.1,[http/1.1]}{0.0.0.0:44435}
2019-09-19 11:15:38,355 [main] INFO  server.Server (Server.java:doStart(419)) - Started @25850ms
2019-09-19 11:15:38,357 [main] INFO  server.BaseHttpServer (BaseHttpServer.java:updateConnectorAddress(213)) - HTTP server of HDDSDATANODE is listening at http://0.0.0.0:44435
2019-09-19 11:15:38,557 | INFO  | ObjectStoreRestHttpServer | Listening HDDS REST traffic on /0.0.0.0:44328 |  
2019-09-19 11:15:38,557 [main] INFO  ozone.HddsDatanodeService (HddsDatanodeService.java:startPlugins(395)) - Started plug-in org.apache.hadoop.ozone.web.OzoneHddsDatanodeService@26457986
2019-09-19 11:15:38,558 [main] INFO  impl.MetricsSystemImpl (MetricsSystemImpl.java:init(158)) - HddsDatanode metrics system started (again)
2019-09-19 11:15:38,561 [org.apache.hadoop.util.JvmPauseMonitor$Monitor@5d4b1a6e] INFO  util.JvmPauseMonitor (JvmPauseMonitor.java:run(188)) - Starting JVM pause monitor
2019-09-19 11:15:38,561 [main] INFO  ozone.HddsDatanodeService (HddsDatanodeService.java:start(184)) - HddsDatanodeService host:pr-hdds-1569-swxfz-3172132826 ip:192.168.157.226
2019-09-19 11:15:38,568 [Datanode State Machine Thread - 0] INFO  datanode.InitDatanodeState (InitDatanodeState.java:persistContainerDatanodeDetails(140)) - DatanodeDetails is persisted to /workdir/hadoop-ozone/integration-test/target/test-dir/MiniOzoneClusterImpl-7fc07b7e-c81f-4adf-a353-408e6fc41966/datanode-1/meta/datanode.id
2019-09-19 11:15:38,572 [main] INFO  volume.HddsVolume (HddsVolume.java:<init>(176)) - Creating Volume: /workdir/hadoop-ozone/integration-test/target/test-dir/MiniOzoneClusterImpl-7fc07b7e-c81f-4adf-a353-408e6fc41966/datanode-2/data/containers/hdds of  storage type : DISK and capacity : 1482555576320
2019-09-19 11:15:38,573 [main] INFO  volume.VolumeSet (VolumeSet.java:initializeVolumeSet(170)) - Added Volume : /workdir/hadoop-ozone/integration-test/target/test-dir/MiniOzoneClusterImpl-7fc07b7e-c81f-4adf-a353-408e6fc41966/datanode-2/data/containers/hdds to VolumeSet
2019-09-19 11:15:38,573 [main] INFO  volume.ThrottledAsyncChecker (ThrottledAsyncChecker.java:schedule(140)) - Scheduling a check for org.apache.hadoop.ozone.container.common.volume.HddsVolume@2bebd114
2019-09-19 11:15:38,574 [main] INFO  volume.HddsVolumeChecker (HddsVolumeChecker.java:checkAllVolumes(203)) - Scheduled health check for volume org.apache.hadoop.ozone.container.common.volume.HddsVolume@2bebd114
2019-09-19 11:15:38,590 [main] INFO  impl.RaftServerProxy (ConfUtils.java:logGet(43)) - raft.rpc.type = GRPC (default)
2019-09-19 11:15:38,590 [main] INFO  grpc.GrpcFactory (GrpcFactory.java:checkPooledByteBufAllocatorUseCacheForAllThreads(45)) - PERFORMANCE WARNING: useCacheForAllThreads is true that may cause Netty to create a lot garbage objects and, as a result, trigger GC.
	It is recommended to disable useCacheForAllThreads by setting -Dorg.apache.ratis.thirdparty.io.netty.allocator.useCacheForAllThreads=false in command line.
2019-09-19 11:15:38,591 [main] INFO  grpc.GrpcConfigKeys$Server (ConfUtils.java:logGet(43)) - raft.grpc.server.port = 0 (default)
2019-09-19 11:15:38,591 [main] INFO  server.GrpcService (ConfUtils.java:logGet(43)) - raft.grpc.message.size.max = 33570816 (custom)
2019-09-19 11:15:38,592 [main] INFO  server.RaftServerConfigKeys (ConfUtils.java:logGet(43)) - raft.server.log.appender.buffer.byte-limit = 33554432 (custom)
2019-09-19 11:15:38,592 [main] INFO  server.GrpcService (ConfUtils.java:logGet(43)) - raft.grpc.flow.control.window = 1MB (=1048576) (default)
2019-09-19 11:15:38,592 [main] INFO  server.RaftServerConfigKeys (ConfUtils.java:logGet(43)) - raft.server.rpc.request.timeout = 3000ms (default)
2019-09-19 11:15:38,593 [main] INFO  server.RaftServerConfigKeys (ConfUtils.java:logGet(43)) - raft.server.storage.dir = [/workdir/hadoop-ozone/integration-test/target/test-dir/MiniOzoneClusterImpl-7fc07b7e-c81f-4adf-a353-408e6fc41966/datanode-2/data/ratis] (custom)
2019-09-19 11:15:38,594 [main] INFO  replication.SimpleContainerDownloader (SimpleContainerDownloader.java:<init>(72)) - Starting container downloader service to copy containers to replicate.
2019-09-19 11:15:38,596 [main] INFO  hdfs.DFSUtil (DFSUtil.java:httpServerTemplateForNNAndJN(1641)) - Starting Web-server for hddsDatanode at: http://0.0.0.0:0
2019-09-19 11:15:38,597 [main] INFO  server.AuthenticationFilter (AuthenticationFilter.java:constructSecretProvider(240)) - Unable to initialize FileSignerSecretProvider, falling back to use random secrets.
2019-09-19 11:15:38,598 [main] WARN  http.HttpRequestLog (HttpRequestLog.java:getRequestLog(97)) - Jetty request log can only be enabled using Log4j
2019-09-19 11:15:38,599 [main] INFO  http.HttpServer2 (HttpServer2.java:addGlobalFilter(975)) - Added global filter 'safety' (class=org.apache.hadoop.http.HttpServer2$QuotingInputFilter)
2019-09-19 11:15:38,600 [main] INFO  http.HttpServer2 (HttpServer2.java:addFilter(948)) - Added filter static_user_filter (class=org.apache.hadoop.http.lib.StaticUserWebFilter$StaticUserFilter) to context hddsDatanode
2019-09-19 11:15:38,600 [main] INFO  http.HttpServer2 (HttpServer2.java:addFilter(958)) - Added filter static_user_filter (class=org.apache.hadoop.http.lib.StaticUserWebFilter$StaticUserFilter) to context static
2019-09-19 11:15:38,601 [main] INFO  http.HttpServer2 (HttpServer2.java:addFilter(958)) - Added filter static_user_filter (class=org.apache.hadoop.http.lib.StaticUserWebFilter$StaticUserFilter) to context logs
2019-09-19 11:15:38,601 [main] INFO  http.HttpServer2 (HttpServer2.java:bindListener(1191)) - Jetty bound to port 35461
2019-09-19 11:15:38,602 [main] INFO  server.Server (Server.java:doStart(351)) - jetty-9.3.24.v20180605, build timestamp: 2018-06-05T17:11:56Z, git hash: 84205aa28f11a4f31f2a3b86d1bba2cc8ab69827
2019-09-19 11:15:38,606 [main] INFO  handler.ContextHandler (ContextHandler.java:doStart(781)) - Started o.e.j.s.ServletContextHandler@590d6c76{/logs,file:///workdir/hadoop-ozone/integration-test/target/log,AVAILABLE}
2019-09-19 11:15:38,607 [main] INFO  handler.ContextHandler (ContextHandler.java:doStart(781)) - Started o.e.j.s.ServletContextHandler@448c92fc{/static,jar:file:/home/user/.m2/repository/org/apache/hadoop/hadoop-hdds-container-service/0.5.0-SNAPSHOT/hadoop-hdds-container-service-0.5.0-SNAPSHOT.jar!/webapps/static,AVAILABLE}
2019-09-19 11:15:38,648 [main] INFO  handler.ContextHandler (ContextHandler.java:doStart(781)) - Started o.e.j.w.WebAppContext@756b2d90{/,file:///tmp/jetty-0.0.0.0-35461-hddsDatanode-_-any-1342498227552851138.dir/webapp/,AVAILABLE}{/hddsDatanode}
2019-09-19 11:15:38,650 [main] INFO  server.AbstractConnector (AbstractConnector.java:doStart(278)) - Started ServerConnector@3520958b{HTTP/1.1,[http/1.1]}{0.0.0.0:35461}
2019-09-19 11:15:38,651 [main] INFO  server.Server (Server.java:doStart(419)) - Started @26146ms
2019-09-19 11:15:38,652 [main] INFO  server.BaseHttpServer (BaseHttpServer.java:updateConnectorAddress(213)) - HTTP server of HDDSDATANODE is listening at http://0.0.0.0:35461
2019-09-19 11:15:38,801 | INFO  | ObjectStoreRestHttpServer | Listening HDDS REST traffic on /0.0.0.0:38507 |  
2019-09-19 11:15:38,801 [main] INFO  ozone.HddsDatanodeService (HddsDatanodeService.java:startPlugins(395)) - Started plug-in org.apache.hadoop.ozone.web.OzoneHddsDatanodeService@4837f97e
2019-09-19 11:15:38,804 [main] INFO  ozone.MiniOzoneClusterImpl (MiniOzoneClusterImpl.java:lambda$waitForClusterToBeReady$0(142)) - Waiting for cluster to be ready. Got 0 of 3 DN Heartbeats.
2019-09-19 11:15:38,806 [org.apache.hadoop.util.JvmPauseMonitor$Monitor@437f7a14] INFO  util.JvmPauseMonitor (JvmPauseMonitor.java:run(188)) - Starting JVM pause monitor
2019-09-19 11:15:38,809 [Datanode State Machine Thread - 0] INFO  datanode.InitDatanodeState (InitDatanodeState.java:persistContainerDatanodeDetails(140)) - DatanodeDetails is persisted to /workdir/hadoop-ozone/integration-test/target/test-dir/MiniOzoneClusterImpl-7fc07b7e-c81f-4adf-a353-408e6fc41966/datanode-2/meta/datanode.id
2019-09-19 11:15:39,805 [main] INFO  ozone.MiniOzoneClusterImpl (MiniOzoneClusterImpl.java:lambda$waitForClusterToBeReady$0(142)) - Waiting for cluster to be ready. Got 0 of 3 DN Heartbeats.
2019-09-19 11:15:40,107 | INFO  | SCMAudit | user=jenkins1000 | ip=192.168.157.226 | op=GET_VERSION null | ret=SUCCESS |  
2019-09-19 11:15:40,128 [Datanode State Machine Thread - 0] INFO  ozoneimpl.OzoneContainer (OzoneContainer.java:start(186)) - Attempting to start container services.
2019-09-19 11:15:40,130 [Datanode State Machine Thread - 0] INFO  ozoneimpl.OzoneContainer (OzoneContainer.java:startContainerScrub(160)) - Background container scrubber has been disabled by hdds.containerscrub.enabled
2019-09-19 11:15:40,130 [Datanode State Machine Thread - 0] INFO  ratis.XceiverServerRatis (XceiverServerRatis.java:start(404)) - Starting XceiverServerRatis dbc7cc94-1ec8-41e3-bae5-3deb3fe35f66 at port 0
2019-09-19 11:15:40,151 [Datanode State Machine Thread - 0] INFO  impl.RaftServerProxy (RaftServerProxy.java:lambda$start$3(299)) - dbc7cc94-1ec8-41e3-bae5-3deb3fe35f66: start RPC server
2019-09-19 11:15:40,273 [Datanode State Machine Thread - 0] INFO  server.GrpcService (GrpcService.java:startImpl(149)) - dbc7cc94-1ec8-41e3-bae5-3deb3fe35f66: GrpcService started, listening on 0.0.0.0/0.0.0.0:39716
2019-09-19 11:15:40,274 [Datanode State Machine Thread - 0] INFO  ratis.XceiverServerRatis (XceiverServerRatis.java:start(414)) - XceiverServerRatis dbc7cc94-1ec8-41e3-bae5-3deb3fe35f66 is started using port 39716
2019-09-19 11:15:40,277 [Datanode State Machine Thread - 0] INFO  server.XceiverServerGrpc (XceiverServerGrpc.java:start(163)) - XceiverServerGrpc dbc7cc94-1ec8-41e3-bae5-3deb3fe35f66 is started using port 44950
2019-09-19 11:15:40,565 | INFO  | SCMAudit | user=jenkins1000 | ip=192.168.157.226 | op=GET_VERSION null | ret=SUCCESS |  
2019-09-19 11:15:40,579 [Datanode State Machine Thread - 0] INFO  ozoneimpl.OzoneContainer (OzoneContainer.java:start(186)) - Attempting to start container services.
2019-09-19 11:15:40,582 [Datanode State Machine Thread - 0] INFO  ozoneimpl.OzoneContainer (OzoneContainer.java:startContainerScrub(160)) - Background container scrubber has been disabled by hdds.containerscrub.enabled
2019-09-19 11:15:40,582 [Datanode State Machine Thread - 0] INFO  ratis.XceiverServerRatis (XceiverServerRatis.java:start(404)) - Starting XceiverServerRatis 07ed7a64-68cb-4e20-b110-7a1d13cb9d05 at port 0
2019-09-19 11:15:40,591 [Datanode State Machine Thread - 0] INFO  impl.RaftServerProxy (RaftServerProxy.java:lambda$start$3(299)) - 07ed7a64-68cb-4e20-b110-7a1d13cb9d05: start RPC server
2019-09-19 11:15:40,595 [Datanode State Machine Thread - 0] INFO  server.GrpcService (GrpcService.java:startImpl(149)) - 07ed7a64-68cb-4e20-b110-7a1d13cb9d05: GrpcService started, listening on 0.0.0.0/0.0.0.0:33713
2019-09-19 11:15:40,595 [Datanode State Machine Thread - 0] INFO  ratis.XceiverServerRatis (XceiverServerRatis.java:start(414)) - XceiverServerRatis 07ed7a64-68cb-4e20-b110-7a1d13cb9d05 is started using port 33713
2019-09-19 11:15:40,597 [Datanode State Machine Thread - 0] INFO  server.XceiverServerGrpc (XceiverServerGrpc.java:start(163)) - XceiverServerGrpc 07ed7a64-68cb-4e20-b110-7a1d13cb9d05 is started using port 33664
2019-09-19 11:15:40,807 [main] INFO  ozone.MiniOzoneClusterImpl (MiniOzoneClusterImpl.java:lambda$waitForClusterToBeReady$0(142)) - Waiting for cluster to be ready. Got 0 of 3 DN Heartbeats.
2019-09-19 11:15:40,808 | INFO  | SCMAudit | user=jenkins1000 | ip=192.168.157.226 | op=GET_VERSION null | ret=SUCCESS |  
2019-09-19 11:15:40,824 [Datanode State Machine Thread - 0] INFO  ozoneimpl.OzoneContainer (OzoneContainer.java:start(186)) - Attempting to start container services.
2019-09-19 11:15:40,826 [Datanode State Machine Thread - 0] INFO  ozoneimpl.OzoneContainer (OzoneContainer.java:startContainerScrub(160)) - Background container scrubber has been disabled by hdds.containerscrub.enabled
2019-09-19 11:15:40,827 [Datanode State Machine Thread - 0] INFO  ratis.XceiverServerRatis (XceiverServerRatis.java:start(404)) - Starting XceiverServerRatis 6d9635c1-82f6-4958-89b3-6bc3e98b3bf9 at port 0
2019-09-19 11:15:40,834 [Datanode State Machine Thread - 0] INFO  impl.RaftServerProxy (RaftServerProxy.java:lambda$start$3(299)) - 6d9635c1-82f6-4958-89b3-6bc3e98b3bf9: start RPC server
2019-09-19 11:15:40,837 [Datanode State Machine Thread - 0] INFO  server.GrpcService (GrpcService.java:startImpl(149)) - 6d9635c1-82f6-4958-89b3-6bc3e98b3bf9: GrpcService started, listening on 0.0.0.0/0.0.0.0:40530
2019-09-19 11:15:40,837 [Datanode State Machine Thread - 0] INFO  ratis.XceiverServerRatis (XceiverServerRatis.java:start(414)) - XceiverServerRatis 6d9635c1-82f6-4958-89b3-6bc3e98b3bf9 is started using port 40530
2019-09-19 11:15:40,840 [Datanode State Machine Thread - 0] INFO  server.XceiverServerGrpc (XceiverServerGrpc.java:start(163)) - XceiverServerGrpc 6d9635c1-82f6-4958-89b3-6bc3e98b3bf9 is started using port 43279
2019-09-19 11:15:41,808 [main] INFO  ozone.MiniOzoneClusterImpl (MiniOzoneClusterImpl.java:lambda$waitForClusterToBeReady$0(142)) - Waiting for cluster to be ready. Got 0 of 3 DN Heartbeats.
2019-09-19 11:15:42,095 [IPC Server handler 18 on 41762] INFO  net.NetworkTopology (NetworkTopologyImpl.java:add(110)) - Added a new node: /default-rack/dbc7cc94-1ec8-41e3-bae5-3deb3fe35f66
2019-09-19 11:15:42,096 [IPC Server handler 18 on 41762] INFO  node.SCMNodeManager (SCMNodeManager.java:register(273)) - Registered Data node : dbc7cc94-1ec8-41e3-bae5-3deb3fe35f66{ip: 192.168.157.226, host: pr-hdds-1569-swxfz-3172132826, networkLocation: /default-rack, certSerialId: null}
2019-09-19 11:15:42,102 [EventQueue-NodeRegistrationContainerReportForDataNodeSafeModeRule] INFO  safemode.SCMSafeModeManager (DataNodeSafeModeRule.java:process(71)) - SCM in safe mode. 1 DataNodes registered, 1 required.
2019-09-19 11:15:42,104 [EventQueue-NodeRegistrationContainerReportForDataNodeSafeModeRule] INFO  safemode.SCMSafeModeManager (SCMSafeModeManager.java:validateSafeModeExitRules(177)) - ScmSafeModeManager, all rules are successfully validated
2019-09-19 11:15:42,104 [EventQueue-NodeRegistrationContainerReportForDataNodeSafeModeRule] INFO  safemode.SCMSafeModeManager (SCMSafeModeManager.java:exitSafeMode(193)) - SCM exiting safe mode.
2019-09-19 11:15:42,114 | INFO  | SCMAudit | user=jenkins1000 | ip=192.168.157.226 | op=REGISTER {datanodeDetails=dbc7cc94-1ec8-41e3-bae5-3deb3fe35f66{ip: 192.168.157.226, host: pr-hdds-1569-swxfz-3172132826, networkLocation: /default-rack, certSerialId: null}} | ret=SUCCESS |  
2019-09-19 11:15:42,566 [IPC Server handler 19 on 41762] INFO  net.NetworkTopology (NetworkTopologyImpl.java:add(110)) - Added a new node: /default-rack/07ed7a64-68cb-4e20-b110-7a1d13cb9d05
2019-09-19 11:15:42,568 [IPC Server handler 19 on 41762] INFO  node.SCMNodeManager (SCMNodeManager.java:register(273)) - Registered Data node : 07ed7a64-68cb-4e20-b110-7a1d13cb9d05{ip: 192.168.157.226, host: pr-hdds-1569-swxfz-3172132826, networkLocation: /default-rack, certSerialId: null}
2019-09-19 11:15:42,568 | INFO  | SCMAudit | user=jenkins1000 | ip=192.168.157.226 | op=REGISTER {datanodeDetails=07ed7a64-68cb-4e20-b110-7a1d13cb9d05{ip: 192.168.157.226, host: pr-hdds-1569-swxfz-3172132826, networkLocation: /default-rack, certSerialId: null}} | ret=SUCCESS |  
2019-09-19 11:15:43,015 [main] INFO  ozone.MiniOzoneClusterImpl (MiniOzoneClusterImpl.java:lambda$waitForClusterToBeReady$0(142)) - Waiting for cluster to be ready. Got 2 of 3 DN Heartbeats.
2019-09-19 11:15:43,018 [IPC Server handler 18 on 41762] INFO  net.NetworkTopology (NetworkTopologyImpl.java:add(110)) - Added a new node: /default-rack/6d9635c1-82f6-4958-89b3-6bc3e98b3bf9
2019-09-19 11:15:43,019 [IPC Server handler 18 on 41762] INFO  node.SCMNodeManager (SCMNodeManager.java:register(273)) - Registered Data node : 6d9635c1-82f6-4958-89b3-6bc3e98b3bf9{ip: 192.168.157.226, host: pr-hdds-1569-swxfz-3172132826, networkLocation: /default-rack, certSerialId: null}
2019-09-19 11:15:43,019 | INFO  | SCMAudit | user=jenkins1000 | ip=192.168.157.226 | op=REGISTER {datanodeDetails=6d9635c1-82f6-4958-89b3-6bc3e98b3bf9{ip: 192.168.157.226, host: pr-hdds-1569-swxfz-3172132826, networkLocation: /default-rack, certSerialId: null}} | ret=SUCCESS |  
2019-09-19 11:15:43,148 [grpc-default-executor-0] INFO  impl.RaftServerProxy (RaftServerProxy.java:addNew(89)) - dbc7cc94-1ec8-41e3-bae5-3deb3fe35f66: addNew group-3720A607D100:[dbc7cc94-1ec8-41e3-bae5-3deb3fe35f66:192.168.157.226:39716] returns group-3720A607D100:java.util.concurrent.CompletableFuture@53c8c807[Not completed]
2019-09-19 11:15:43,164 [pool-27-thread-1] INFO  impl.RaftServerImpl (RaftServerImpl.java:<init>(93)) - dbc7cc94-1ec8-41e3-bae5-3deb3fe35f66: new RaftServerImpl for group-3720A607D100:[dbc7cc94-1ec8-41e3-bae5-3deb3fe35f66:192.168.157.226:39716] with ContainerStateMachine:uninitialized
2019-09-19 11:15:43,167 [pool-27-thread-1] INFO  server.RaftServerConfigKeys (ConfUtils.java:logGet(43)) - raft.server.rpc.timeout.min = 5s (custom)
2019-09-19 11:15:43,168 [pool-27-thread-1] INFO  server.RaftServerConfigKeys (ConfUtils.java:logGet(43)) - raft.server.rpc.timeout.max = 5200ms (custom)
2019-09-19 11:15:43,168 [pool-27-thread-1] INFO  server.RaftServerConfigKeys (ConfUtils.java:logGet(43)) - raft.server.rpcslowness.timeout = 120s (custom)
2019-09-19 11:15:43,169 [pool-27-thread-1] INFO  server.RaftServerConfigKeys (ConfUtils.java:logGet(43)) - raft.server.sleep.deviation.threshold = 300 (default)
2019-09-19 11:15:43,169 [pool-27-thread-1] INFO  server.RaftServerConfigKeys (ConfUtils.java:logGet(43)) - raft.server.log.appender.install.snapshot.enabled = false (custom)
2019-09-19 11:15:43,176 [pool-27-thread-1] INFO  impl.RaftServerImpl (ServerState.java:<init>(105)) - dbc7cc94-1ec8-41e3-bae5-3deb3fe35f66:group-3720A607D100 ConfigurationManager, init=-1: [dbc7cc94-1ec8-41e3-bae5-3deb3fe35f66:192.168.157.226:39716], old=null, confs=<EMPTY_MAP>
2019-09-19 11:15:43,176 [pool-27-thread-1] INFO  server.RaftServerConfigKeys (ConfUtils.java:logGet(43)) - raft.server.storage.dir = [/workdir/hadoop-ozone/integration-test/target/test-dir/MiniOzoneClusterImpl-7fc07b7e-c81f-4adf-a353-408e6fc41966/datanode-0/data/ratis] (custom)
2019-09-19 11:15:43,182 [pool-27-thread-1] INFO  storage.RaftStorageDirectory (RaftStorageDirectory.java:analyzeStorage(246)) - The storage directory /workdir/hadoop-ozone/integration-test/target/test-dir/MiniOzoneClusterImpl-7fc07b7e-c81f-4adf-a353-408e6fc41966/datanode-0/data/ratis/ddfe96df-314c-41cb-a922-3720a607d100 does not exist. Creating ...
2019-09-19 11:15:43,199 [pool-27-thread-1] INFO  storage.RaftStorageDirectory (RaftStorageDirectory.java:tryLock(328)) - Lock on /workdir/hadoop-ozone/integration-test/target/test-dir/MiniOzoneClusterImpl-7fc07b7e-c81f-4adf-a353-408e6fc41966/datanode-0/data/ratis/ddfe96df-314c-41cb-a922-3720a607d100/in_use.lock acquired by nodename 20864@pr-hdds-1569-swxfz-3172132826
2019-09-19 11:15:43,213 [pool-27-thread-1] INFO  storage.RaftStorage (RaftStorage.java:format(72)) - Storage directory /workdir/hadoop-ozone/integration-test/target/test-dir/MiniOzoneClusterImpl-7fc07b7e-c81f-4adf-a353-408e6fc41966/datanode-0/data/ratis/ddfe96df-314c-41cb-a922-3720a607d100 has been successfully formatted.
2019-09-19 11:15:43,215 [pool-27-thread-1] INFO  ratis.ContainerStateMachine (ContainerStateMachine.java:loadSnapshot(226)) - group-3720A607D100: The snapshot info is null. Setting the last applied indexto:(t:0, i:~)
2019-09-19 11:15:43,215 [pool-27-thread-1] INFO  server.RaftServerConfigKeys (ConfUtils.java:logGet(43)) - raft.server.leader.election.timeout = 120s (custom)
2019-09-19 11:15:43,216 [pool-27-thread-1] INFO  server.RaftServerConfigKeys (ConfUtils.java:logGet(43)) - raft.server.log.use.memory = false (default)
2019-09-19 11:15:43,220 [pool-27-thread-1] INFO  server.RaftServerConfigKeys (ConfUtils.java:logGet(43)) - raft.server.log.purge.gap = 1000000 (custom)
2019-09-19 11:15:43,220 [pool-27-thread-1] INFO  server.RaftServerConfigKeys (ConfUtils.java:logGet(43)) - raft.server.log.appender.buffer.byte-limit = 33554432 (custom)
2019-09-19 11:15:43,221 [pool-27-thread-1] INFO  server.RaftServerConfigKeys (ConfUtils.java:logGet(43)) - raft.server.log.segment.size.max = 1048576 (custom)
2019-09-19 11:15:43,225 [pool-27-thread-1] INFO  server.RaftServerConfigKeys (ConfUtils.java:logGet(43)) - raft.server.log.segment.cache.num.max = 2 (custom)
2019-09-19 11:15:43,228 [pool-27-thread-1] INFO  segmented.SegmentedRaftLogWorker (SegmentedRaftLogWorker.java:<init>(172)) - new dbc7cc94-1ec8-41e3-bae5-3deb3fe35f66-SegmentedRaftLogWorker:Storage Directory /workdir/hadoop-ozone/integration-test/target/test-dir/MiniOzoneClusterImpl-7fc07b7e-c81f-4adf-a353-408e6fc41966/datanode-0/data/ratis/ddfe96df-314c-41cb-a922-3720a607d100 for RaftStorage:Storage Directory /workdir/hadoop-ozone/integration-test/target/test-dir/MiniOzoneClusterImpl-7fc07b7e-c81f-4adf-a353-408e6fc41966/datanode-0/data/ratis/ddfe96df-314c-41cb-a922-3720a607d100
2019-09-19 11:15:43,237 [pool-27-thread-1] INFO  server.RaftServerConfigKeys (ConfUtils.java:logGet(43)) - raft.server.log.queue.byte-limit = 2147483647 (custom)
2019-09-19 11:15:43,237 [pool-27-thread-1] INFO  server.RaftServerConfigKeys (ConfUtils.java:logGet(43)) - raft.server.log.queue.element-limit = 1024 (custom)
2019-09-19 11:15:43,243 [pool-27-thread-1] INFO  server.RaftServerConfigKeys (ConfUtils.java:logGet(43)) - raft.server.log.segment.size.max = 1048576 (custom)
2019-09-19 11:15:43,243 [pool-27-thread-1] INFO  server.RaftServerConfigKeys (ConfUtils.java:logGet(43)) - raft.server.log.preallocated.size = 16384 (custom)
2019-09-19 11:15:43,244 [pool-27-thread-1] INFO  server.RaftServerConfigKeys (ConfUtils.java:logGet(43)) - raft.server.log.write.buffer.size = 33554432 (custom)
2019-09-19 11:15:43,244 [pool-27-thread-1] INFO  server.RaftServerConfigKeys (ConfUtils.java:logGet(43)) - raft.server.log.force.sync.num = 128 (default)
2019-09-19 11:15:43,245 [pool-27-thread-1] INFO  server.RaftServerConfigKeys (ConfUtils.java:logGet(43)) - raft.server.log.statemachine.data.sync = true (default)
2019-09-19 11:15:43,245 [pool-27-thread-1] INFO  server.RaftServerConfigKeys (ConfUtils.java:logGet(43)) - raft.server.log.statemachine.data.sync.timeout = 10s (default)
2019-09-19 11:15:43,246 [pool-27-thread-1] INFO  server.RaftServerConfigKeys (ConfUtils.java:logGet(43)) - raft.server.log.statemachine.data.sync.timeout.retry = -1 (default)
2019-09-19 11:15:43,252 [pool-27-thread-1] INFO  server.RaftServerConfigKeys (ConfUtils.java:logGet(43)) - raft.server.log.statemachine.data.caching.enabled = true (custom)
2019-09-19 11:15:43,256 [pool-27-thread-1] INFO  segmented.SegmentedRaftLogWorker (SegmentedRaftLogWorker.java:lambda$new$0(132)) - dbc7cc94-1ec8-41e3-bae5-3deb3fe35f66-SegmentedRaftLogWorker:Storage Directory /workdir/hadoop-ozone/integration-test/target/test-dir/MiniOzoneClusterImpl-7fc07b7e-c81f-4adf-a353-408e6fc41966/datanode-0/data/ratis/ddfe96df-314c-41cb-a922-3720a607d100: flushIndex: setUnconditionally 0 -> -1
2019-09-19 11:15:43,259 [pool-27-thread-1] INFO  server.RaftServerConfigKeys (ConfUtils.java:logGet(43)) - raft.server.snapshot.auto.trigger.enabled = true (custom)
2019-09-19 11:15:43,260 [pool-27-thread-1] INFO  server.RaftServerConfigKeys (ConfUtils.java:logGet(43)) - raft.server.snapshot.auto.trigger.threshold = 10000 (custom)
2019-09-19 11:15:43,260 [pool-27-thread-1] INFO  server.RaftServerConfigKeys (ConfUtils.java:logGet(43)) - raft.server.retrycache.expirytime = 600000ms (custom)
2019-09-19 11:15:43,297 [pool-27-thread-1] INFO  impl.RaftServerImpl (RaftServerImpl.java:start(180)) - dbc7cc94-1ec8-41e3-bae5-3deb3fe35f66: start group-3720A607D100
2019-09-19 11:15:43,299 [pool-27-thread-1] INFO  impl.RaftServerImpl (RaftServerImpl.java:setRole(171)) - dbc7cc94-1ec8-41e3-bae5-3deb3fe35f66:group-3720A607D100 changes role from null to FOLLOWER at term 0 for startAsFollower
2019-09-19 11:15:43,301 [pool-27-thread-1] INFO  impl.RoleInfo (RoleInfo.java:updateAndGet(143)) - dbc7cc94-1ec8-41e3-bae5-3deb3fe35f66: start FollowerState
2019-09-19 11:15:43,313 [pool-27-thread-1] INFO  util.JmxRegister (JmxRegister.java:tryRegister(44)) - Successfully registered JMX Bean with object name Ratis:service=RaftServer,group=group-3720A607D100,id=dbc7cc94-1ec8-41e3-bae5-3deb3fe35f66
2019-09-19 11:15:43,384 [RatisPipelineUtilsThread] INFO  pipeline.PipelineStateManager (PipelineStateManager.java:addPipeline(56)) - Created pipeline Pipeline[ Id: ddfe96df-314c-41cb-a922-3720a607d100, Nodes: dbc7cc94-1ec8-41e3-bae5-3deb3fe35f66{ip: 192.168.157.226, host: pr-hdds-1569-swxfz-3172132826, networkLocation: /default-rack, certSerialId: null}, Type:RATIS, Factor:ONE, State:OPEN]
2019-09-19 11:15:43,407 [grpc-default-executor-0] INFO  impl.RaftServerProxy (RaftServerProxy.java:addNew(89)) - 6d9635c1-82f6-4958-89b3-6bc3e98b3bf9: addNew group-CBEC8B44C438:[6d9635c1-82f6-4958-89b3-6bc3e98b3bf9:192.168.157.226:40530] returns group-CBEC8B44C438:java.util.concurrent.CompletableFuture@50cbd311[Not completed]
2019-09-19 11:15:43,441 [pool-49-thread-1] INFO  impl.RaftServerImpl (RaftServerImpl.java:<init>(93)) - 6d9635c1-82f6-4958-89b3-6bc3e98b3bf9: new RaftServerImpl for group-CBEC8B44C438:[6d9635c1-82f6-4958-89b3-6bc3e98b3bf9:192.168.157.226:40530] with ContainerStateMachine:uninitialized
2019-09-19 11:15:43,443 [pool-49-thread-1] INFO  server.RaftServerConfigKeys (ConfUtils.java:logGet(43)) - raft.server.rpc.timeout.min = 5s (custom)
2019-09-19 11:15:43,443 [pool-49-thread-1] INFO  server.RaftServerConfigKeys (ConfUtils.java:logGet(43)) - raft.server.rpc.timeout.max = 5200ms (custom)
2019-09-19 11:15:43,443 [pool-49-thread-1] INFO  server.RaftServerConfigKeys (ConfUtils.java:logGet(43)) - raft.server.rpcslowness.timeout = 120s (custom)
2019-09-19 11:15:43,443 [pool-49-thread-1] INFO  server.RaftServerConfigKeys (ConfUtils.java:logGet(43)) - raft.server.sleep.deviation.threshold = 300 (default)
2019-09-19 11:15:43,443 [pool-49-thread-1] INFO  server.RaftServerConfigKeys (ConfUtils.java:logGet(43)) - raft.server.log.appender.install.snapshot.enabled = false (custom)
2019-09-19 11:15:43,444 [pool-49-thread-1] INFO  impl.RaftServerImpl (ServerState.java:<init>(105)) - 6d9635c1-82f6-4958-89b3-6bc3e98b3bf9:group-CBEC8B44C438 ConfigurationManager, init=-1: [6d9635c1-82f6-4958-89b3-6bc3e98b3bf9:192.168.157.226:40530], old=null, confs=<EMPTY_MAP>
2019-09-19 11:15:43,444 [pool-49-thread-1] INFO  server.RaftServerConfigKeys (ConfUtils.java:logGet(43)) - raft.server.storage.dir = [/workdir/hadoop-ozone/integration-test/target/test-dir/MiniOzoneClusterImpl-7fc07b7e-c81f-4adf-a353-408e6fc41966/datanode-2/data/ratis] (custom)
2019-09-19 11:15:43,444 [pool-49-thread-1] INFO  storage.RaftStorageDirectory (RaftStorageDirectory.java:analyzeStorage(246)) - The storage directory /workdir/hadoop-ozone/integration-test/target/test-dir/MiniOzoneClusterImpl-7fc07b7e-c81f-4adf-a353-408e6fc41966/datanode-2/data/ratis/f8f7c484-f73c-452e-898f-cbec8b44c438 does not exist. Creating ...
2019-09-19 11:15:43,459 [pool-49-thread-1] INFO  storage.RaftStorageDirectory (RaftStorageDirectory.java:tryLock(328)) - Lock on /workdir/hadoop-ozone/integration-test/target/test-dir/MiniOzoneClusterImpl-7fc07b7e-c81f-4adf-a353-408e6fc41966/datanode-2/data/ratis/f8f7c484-f73c-452e-898f-cbec8b44c438/in_use.lock acquired by nodename 20864@pr-hdds-1569-swxfz-3172132826
2019-09-19 11:15:43,476 [pool-49-thread-1] INFO  storage.RaftStorage (RaftStorage.java:format(72)) - Storage directory /workdir/hadoop-ozone/integration-test/target/test-dir/MiniOzoneClusterImpl-7fc07b7e-c81f-4adf-a353-408e6fc41966/datanode-2/data/ratis/f8f7c484-f73c-452e-898f-cbec8b44c438 has been successfully formatted.
2019-09-19 11:15:43,477 [pool-49-thread-1] INFO  ratis.ContainerStateMachine (ContainerStateMachine.java:loadSnapshot(226)) - group-CBEC8B44C438: The snapshot info is null. Setting the last applied indexto:(t:0, i:~)
2019-09-19 11:15:43,478 [pool-49-thread-1] INFO  server.RaftServerConfigKeys (ConfUtils.java:logGet(43)) - raft.server.leader.election.timeout = 120s (custom)
2019-09-19 11:15:43,479 [pool-49-thread-1] INFO  server.RaftServerConfigKeys (ConfUtils.java:logGet(43)) - raft.server.log.use.memory = false (default)
2019-09-19 11:15:43,479 [pool-49-thread-1] INFO  server.RaftServerConfigKeys (ConfUtils.java:logGet(43)) - raft.server.log.purge.gap = 1000000 (custom)
2019-09-19 11:15:43,479 [pool-49-thread-1] INFO  server.RaftServerConfigKeys (ConfUtils.java:logGet(43)) - raft.server.log.appender.buffer.byte-limit = 33554432 (custom)
2019-09-19 11:15:43,479 [pool-49-thread-1] INFO  server.RaftServerConfigKeys (ConfUtils.java:logGet(43)) - raft.server.log.segment.size.max = 1048576 (custom)
2019-09-19 11:15:43,480 [pool-49-thread-1] INFO  server.RaftServerConfigKeys (ConfUtils.java:logGet(43)) - raft.server.log.segment.cache.num.max = 2 (custom)
2019-09-19 11:15:43,480 [pool-49-thread-1] INFO  segmented.SegmentedRaftLogWorker (SegmentedRaftLogWorker.java:<init>(172)) - new 6d9635c1-82f6-4958-89b3-6bc3e98b3bf9-SegmentedRaftLogWorker:Storage Directory /workdir/hadoop-ozone/integration-test/target/test-dir/MiniOzoneClusterImpl-7fc07b7e-c81f-4adf-a353-408e6fc41966/datanode-2/data/ratis/f8f7c484-f73c-452e-898f-cbec8b44c438 for RaftStorage:Storage Directory /workdir/hadoop-ozone/integration-test/target/test-dir/MiniOzoneClusterImpl-7fc07b7e-c81f-4adf-a353-408e6fc41966/datanode-2/data/ratis/f8f7c484-f73c-452e-898f-cbec8b44c438
2019-09-19 11:15:43,481 [pool-49-thread-1] INFO  server.RaftServerConfigKeys (ConfUtils.java:logGet(43)) - raft.server.log.queue.byte-limit = 2147483647 (custom)
2019-09-19 11:15:43,481 [pool-49-thread-1] INFO  server.RaftServerConfigKeys (ConfUtils.java:logGet(43)) - raft.server.log.queue.element-limit = 1024 (custom)
2019-09-19 11:15:43,482 [pool-49-thread-1] INFO  server.RaftServerConfigKeys (ConfUtils.java:logGet(43)) - raft.server.log.segment.size.max = 1048576 (custom)
2019-09-19 11:15:43,482 [pool-49-thread-1] INFO  server.RaftServerConfigKeys (ConfUtils.java:logGet(43)) - raft.server.log.preallocated.size = 16384 (custom)
2019-09-19 11:15:43,482 [pool-49-thread-1] INFO  server.RaftServerConfigKeys (ConfUtils.java:logGet(43)) - raft.server.log.write.buffer.size = 33554432 (custom)
2019-09-19 11:15:43,482 [pool-49-thread-1] INFO  server.RaftServerConfigKeys (ConfUtils.java:logGet(43)) - raft.server.log.force.sync.num = 128 (default)
2019-09-19 11:15:43,483 [pool-49-thread-1] INFO  server.RaftServerConfigKeys (ConfUtils.java:logGet(43)) - raft.server.log.statemachine.data.sync = true (default)
2019-09-19 11:15:43,483 [pool-49-thread-1] INFO  server.RaftServerConfigKeys (ConfUtils.java:logGet(43)) - raft.server.log.statemachine.data.sync.timeout = 10s (default)
2019-09-19 11:15:43,483 [pool-49-thread-1] INFO  server.RaftServerConfigKeys (ConfUtils.java:logGet(43)) - raft.server.log.statemachine.data.sync.timeout.retry = -1 (default)
2019-09-19 11:15:43,484 [pool-49-thread-1] INFO  server.RaftServerConfigKeys (ConfUtils.java:logGet(43)) - raft.server.log.statemachine.data.caching.enabled = true (custom)
2019-09-19 11:15:43,484 [pool-49-thread-1] INFO  segmented.SegmentedRaftLogWorker (SegmentedRaftLogWorker.java:lambda$new$0(132)) - 6d9635c1-82f6-4958-89b3-6bc3e98b3bf9-SegmentedRaftLogWorker:Storage Directory /workdir/hadoop-ozone/integration-test/target/test-dir/MiniOzoneClusterImpl-7fc07b7e-c81f-4adf-a353-408e6fc41966/datanode-2/data/ratis/f8f7c484-f73c-452e-898f-cbec8b44c438: flushIndex: setUnconditionally 0 -> -1
2019-09-19 11:15:43,485 [pool-49-thread-1] INFO  server.RaftServerConfigKeys (ConfUtils.java:logGet(43)) - raft.server.snapshot.auto.trigger.enabled = true (custom)
2019-09-19 11:15:43,485 [pool-49-thread-1] INFO  server.RaftServerConfigKeys (ConfUtils.java:logGet(43)) - raft.server.snapshot.auto.trigger.threshold = 10000 (custom)
2019-09-19 11:15:43,485 [pool-49-thread-1] INFO  server.RaftServerConfigKeys (ConfUtils.java:logGet(43)) - raft.server.retrycache.expirytime = 600000ms (custom)
2019-09-19 11:15:43,486 [pool-49-thread-1] INFO  impl.RaftServerImpl (RaftServerImpl.java:start(180)) - 6d9635c1-82f6-4958-89b3-6bc3e98b3bf9: start group-CBEC8B44C438
2019-09-19 11:15:43,486 [pool-49-thread-1] INFO  impl.RaftServerImpl (RaftServerImpl.java:setRole(171)) - 6d9635c1-82f6-4958-89b3-6bc3e98b3bf9:group-CBEC8B44C438 changes role from null to FOLLOWER at term 0 for startAsFollower
2019-09-19 11:15:43,486 [pool-49-thread-1] INFO  impl.RoleInfo (RoleInfo.java:updateAndGet(143)) - 6d9635c1-82f6-4958-89b3-6bc3e98b3bf9: start FollowerState
2019-09-19 11:15:43,487 [pool-49-thread-1] INFO  util.JmxRegister (JmxRegister.java:tryRegister(44)) - Successfully registered JMX Bean with object name Ratis:service=RaftServer,group=group-CBEC8B44C438,id=6d9635c1-82f6-4958-89b3-6bc3e98b3bf9
2019-09-19 11:15:43,502 [RatisPipelineUtilsThread] INFO  pipeline.PipelineStateManager (PipelineStateManager.java:addPipeline(56)) - Created pipeline Pipeline[ Id: f8f7c484-f73c-452e-898f-cbec8b44c438, Nodes: 6d9635c1-82f6-4958-89b3-6bc3e98b3bf9{ip: 192.168.157.226, host: pr-hdds-1569-swxfz-3172132826, networkLocation: /default-rack, certSerialId: null}, Type:RATIS, Factor:ONE, State:OPEN]
2019-09-19 11:15:43,523 [grpc-default-executor-0] INFO  impl.RaftServerProxy (RaftServerProxy.java:addNew(89)) - 6d9635c1-82f6-4958-89b3-6bc3e98b3bf9: addNew group-56F3850EDFAC:[6d9635c1-82f6-4958-89b3-6bc3e98b3bf9:192.168.157.226:40530] returns group-56F3850EDFAC:java.util.concurrent.CompletableFuture@489abe2c[Not completed]
2019-09-19 11:15:43,525 [pool-49-thread-1] INFO  impl.RaftServerImpl (RaftServerImpl.java:<init>(93)) - 6d9635c1-82f6-4958-89b3-6bc3e98b3bf9: new RaftServerImpl for group-56F3850EDFAC:[6d9635c1-82f6-4958-89b3-6bc3e98b3bf9:192.168.157.226:40530] with ContainerStateMachine:uninitialized
2019-09-19 11:15:43,525 [pool-49-thread-1] INFO  server.RaftServerConfigKeys (ConfUtils.java:logGet(43)) - raft.server.rpc.timeout.min = 5s (custom)
2019-09-19 11:15:43,526 [pool-49-thread-1] INFO  server.RaftServerConfigKeys (ConfUtils.java:logGet(43)) - raft.server.rpc.timeout.max = 5200ms (custom)
2019-09-19 11:15:43,526 [pool-49-thread-1] INFO  server.RaftServerConfigKeys (ConfUtils.java:logGet(43)) - raft.server.rpcslowness.timeout = 120s (custom)
2019-09-19 11:15:43,526 [pool-49-thread-1] INFO  server.RaftServerConfigKeys (ConfUtils.java:logGet(43)) - raft.server.sleep.deviation.threshold = 300 (default)
2019-09-19 11:15:43,526 [pool-49-thread-1] INFO  server.RaftServerConfigKeys (ConfUtils.java:logGet(43)) - raft.server.log.appender.install.snapshot.enabled = false (custom)
2019-09-19 11:15:43,526 [pool-49-thread-1] INFO  impl.RaftServerImpl (ServerState.java:<init>(105)) - 6d9635c1-82f6-4958-89b3-6bc3e98b3bf9:group-56F3850EDFAC ConfigurationManager, init=-1: [6d9635c1-82f6-4958-89b3-6bc3e98b3bf9:192.168.157.226:40530], old=null, confs=<EMPTY_MAP>
2019-09-19 11:15:43,527 [pool-49-thread-1] INFO  server.RaftServerConfigKeys (ConfUtils.java:logGet(43)) - raft.server.storage.dir = [/workdir/hadoop-ozone/integration-test/target/test-dir/MiniOzoneClusterImpl-7fc07b7e-c81f-4adf-a353-408e6fc41966/datanode-2/data/ratis] (custom)
2019-09-19 11:15:43,527 [pool-49-thread-1] INFO  storage.RaftStorageDirectory (RaftStorageDirectory.java:analyzeStorage(246)) - The storage directory /workdir/hadoop-ozone/integration-test/target/test-dir/MiniOzoneClusterImpl-7fc07b7e-c81f-4adf-a353-408e6fc41966/datanode-2/data/ratis/a49064ea-23fc-4f1c-99b9-56f3850edfac does not exist. Creating ...
2019-09-19 11:15:43,541 [pool-49-thread-1] INFO  storage.RaftStorageDirectory (RaftStorageDirectory.java:tryLock(328)) - Lock on /workdir/hadoop-ozone/integration-test/target/test-dir/MiniOzoneClusterImpl-7fc07b7e-c81f-4adf-a353-408e6fc41966/datanode-2/data/ratis/a49064ea-23fc-4f1c-99b9-56f3850edfac/in_use.lock acquired by nodename 20864@pr-hdds-1569-swxfz-3172132826
2019-09-19 11:15:43,555 [pool-49-thread-1] INFO  storage.RaftStorage (RaftStorage.java:format(72)) - Storage directory /workdir/hadoop-ozone/integration-test/target/test-dir/MiniOzoneClusterImpl-7fc07b7e-c81f-4adf-a353-408e6fc41966/datanode-2/data/ratis/a49064ea-23fc-4f1c-99b9-56f3850edfac has been successfully formatted.
2019-09-19 11:15:43,556 [pool-49-thread-1] INFO  ratis.ContainerStateMachine (ContainerStateMachine.java:loadSnapshot(226)) - group-56F3850EDFAC: The snapshot info is null. Setting the last applied indexto:(t:0, i:~)
2019-09-19 11:15:43,556 [pool-49-thread-1] INFO  server.RaftServerConfigKeys (ConfUtils.java:logGet(43)) - raft.server.leader.election.timeout = 120s (custom)
2019-09-19 11:15:43,556 [pool-49-thread-1] INFO  server.RaftServerConfigKeys (ConfUtils.java:logGet(43)) - raft.server.log.use.memory = false (default)
2019-09-19 11:15:43,556 [pool-49-thread-1] INFO  server.RaftServerConfigKeys (ConfUtils.java:logGet(43)) - raft.server.log.purge.gap = 1000000 (custom)
2019-09-19 11:15:43,556 [pool-49-thread-1] INFO  server.RaftServerConfigKeys (ConfUtils.java:logGet(43)) - raft.server.log.appender.buffer.byte-limit = 33554432 (custom)
2019-09-19 11:15:43,557 [pool-49-thread-1] INFO  server.RaftServerConfigKeys (ConfUtils.java:logGet(43)) - raft.server.log.segment.size.max = 1048576 (custom)
2019-09-19 11:15:43,557 [pool-49-thread-1] INFO  server.RaftServerConfigKeys (ConfUtils.java:logGet(43)) - raft.server.log.segment.cache.num.max = 2 (custom)
2019-09-19 11:15:43,557 [pool-49-thread-1] INFO  segmented.SegmentedRaftLogWorker (SegmentedRaftLogWorker.java:<init>(172)) - new 6d9635c1-82f6-4958-89b3-6bc3e98b3bf9-SegmentedRaftLogWorker:Storage Directory /workdir/hadoop-ozone/integration-test/target/test-dir/MiniOzoneClusterImpl-7fc07b7e-c81f-4adf-a353-408e6fc41966/datanode-2/data/ratis/a49064ea-23fc-4f1c-99b9-56f3850edfac for RaftStorage:Storage Directory /workdir/hadoop-ozone/integration-test/target/test-dir/MiniOzoneClusterImpl-7fc07b7e-c81f-4adf-a353-408e6fc41966/datanode-2/data/ratis/a49064ea-23fc-4f1c-99b9-56f3850edfac
2019-09-19 11:15:43,557 [pool-49-thread-1] INFO  server.RaftServerConfigKeys (ConfUtils.java:logGet(43)) - raft.server.log.queue.byte-limit = 2147483647 (custom)
2019-09-19 11:15:43,558 [pool-49-thread-1] INFO  server.RaftServerConfigKeys (ConfUtils.java:logGet(43)) - raft.server.log.queue.element-limit = 1024 (custom)
2019-09-19 11:15:43,558 [pool-49-thread-1] INFO  server.RaftServerConfigKeys (ConfUtils.java:logGet(43)) - raft.server.log.segment.size.max = 1048576 (custom)
2019-09-19 11:15:43,558 [pool-49-thread-1] INFO  server.RaftServerConfigKeys (ConfUtils.java:logGet(43)) - raft.server.log.preallocated.size = 16384 (custom)
2019-09-19 11:15:43,558 [pool-49-thread-1] INFO  server.RaftServerConfigKeys (ConfUtils.java:logGet(43)) - raft.server.log.write.buffer.size = 33554432 (custom)
2019-09-19 11:15:43,559 [pool-49-thread-1] INFO  server.RaftServerConfigKeys (ConfUtils.java:logGet(43)) - raft.server.log.force.sync.num = 128 (default)
2019-09-19 11:15:43,559 [pool-49-thread-1] INFO  server.RaftServerConfigKeys (ConfUtils.java:logGet(43)) - raft.server.log.statemachine.data.sync = true (default)
2019-09-19 11:15:43,559 [pool-49-thread-1] INFO  server.RaftServerConfigKeys (ConfUtils.java:logGet(43)) - raft.server.log.statemachine.data.sync.timeout = 10s (default)
2019-09-19 11:15:43,559 [pool-49-thread-1] INFO  server.RaftServerConfigKeys (ConfUtils.java:logGet(43)) - raft.server.log.statemachine.data.sync.timeout.retry = -1 (default)
2019-09-19 11:15:43,560 [pool-49-thread-1] INFO  server.RaftServerConfigKeys (ConfUtils.java:logGet(43)) - raft.server.log.statemachine.data.caching.enabled = true (custom)
2019-09-19 11:15:43,560 [pool-49-thread-1] INFO  segmented.SegmentedRaftLogWorker (SegmentedRaftLogWorker.java:lambda$new$0(132)) - 6d9635c1-82f6-4958-89b3-6bc3e98b3bf9-SegmentedRaftLogWorker:Storage Directory /workdir/hadoop-ozone/integration-test/target/test-dir/MiniOzoneClusterImpl-7fc07b7e-c81f-4adf-a353-408e6fc41966/datanode-2/data/ratis/a49064ea-23fc-4f1c-99b9-56f3850edfac: flushIndex: setUnconditionally 0 -> -1
2019-09-19 11:15:43,561 [pool-49-thread-1] INFO  server.RaftServerConfigKeys (ConfUtils.java:logGet(43)) - raft.server.snapshot.auto.trigger.enabled = true (custom)
2019-09-19 11:15:43,561 [pool-49-thread-1] INFO  server.RaftServerConfigKeys (ConfUtils.java:logGet(43)) - raft.server.snapshot.auto.trigger.threshold = 10000 (custom)
2019-09-19 11:15:43,561 [pool-49-thread-1] INFO  server.RaftServerConfigKeys (ConfUtils.java:logGet(43)) - raft.server.retrycache.expirytime = 600000ms (custom)
2019-09-19 11:15:43,562 [pool-49-thread-1] INFO  impl.RaftServerImpl (RaftServerImpl.java:start(180)) - 6d9635c1-82f6-4958-89b3-6bc3e98b3bf9: start group-56F3850EDFAC
2019-09-19 11:15:43,562 [pool-49-thread-1] INFO  impl.RaftServerImpl (RaftServerImpl.java:setRole(171)) - 6d9635c1-82f6-4958-89b3-6bc3e98b3bf9:group-56F3850EDFAC changes role from null to FOLLOWER at term 0 for startAsFollower
2019-09-19 11:15:43,562 [pool-49-thread-1] INFO  impl.RoleInfo (RoleInfo.java:updateAndGet(143)) - 6d9635c1-82f6-4958-89b3-6bc3e98b3bf9: start FollowerState
2019-09-19 11:15:43,562 [pool-49-thread-1] INFO  util.JmxRegister (JmxRegister.java:tryRegister(44)) - Successfully registered JMX Bean with object name Ratis:service=RaftServer,group=group-56F3850EDFAC,id=6d9635c1-82f6-4958-89b3-6bc3e98b3bf9
2019-09-19 11:15:43,574 [RatisPipelineUtilsThread] INFO  pipeline.PipelineStateManager (PipelineStateManager.java:addPipeline(56)) - Created pipeline Pipeline[ Id: a49064ea-23fc-4f1c-99b9-56f3850edfac, Nodes: 6d9635c1-82f6-4958-89b3-6bc3e98b3bf9{ip: 192.168.157.226, host: pr-hdds-1569-swxfz-3172132826, networkLocation: /default-rack, certSerialId: null}, Type:RATIS, Factor:ONE, State:OPEN]
2019-09-19 11:15:43,597 [grpc-default-executor-0] INFO  impl.RaftServerProxy (RaftServerProxy.java:addNew(89)) - 6d9635c1-82f6-4958-89b3-6bc3e98b3bf9: addNew group-EE884457763F:[6d9635c1-82f6-4958-89b3-6bc3e98b3bf9:192.168.157.226:40530] returns group-EE884457763F:java.util.concurrent.CompletableFuture@66969925[Not completed]
2019-09-19 11:15:43,600 [pool-49-thread-1] INFO  impl.RaftServerImpl (RaftServerImpl.java:<init>(93)) - 6d9635c1-82f6-4958-89b3-6bc3e98b3bf9: new RaftServerImpl for group-EE884457763F:[6d9635c1-82f6-4958-89b3-6bc3e98b3bf9:192.168.157.226:40530] with ContainerStateMachine:uninitialized
2019-09-19 11:15:43,600 [pool-49-thread-1] INFO  server.RaftServerConfigKeys (ConfUtils.java:logGet(43)) - raft.server.rpc.timeout.min = 5s (custom)
2019-09-19 11:15:43,600 [pool-49-thread-1] INFO  server.RaftServerConfigKeys (ConfUtils.java:logGet(43)) - raft.server.rpc.timeout.max = 5200ms (custom)
2019-09-19 11:15:43,600 [pool-49-thread-1] INFO  server.RaftServerConfigKeys (ConfUtils.java:logGet(43)) - raft.server.rpcslowness.timeout = 120s (custom)
2019-09-19 11:15:43,600 [pool-49-thread-1] INFO  server.RaftServerConfigKeys (ConfUtils.java:logGet(43)) - raft.server.sleep.deviation.threshold = 300 (default)
2019-09-19 11:15:43,601 [pool-49-thread-1] INFO  server.RaftServerConfigKeys (ConfUtils.java:logGet(43)) - raft.server.log.appender.install.snapshot.enabled = false (custom)
2019-09-19 11:15:43,601 [pool-49-thread-1] INFO  impl.RaftServerImpl (ServerState.java:<init>(105)) - 6d9635c1-82f6-4958-89b3-6bc3e98b3bf9:group-EE884457763F ConfigurationManager, init=-1: [6d9635c1-82f6-4958-89b3-6bc3e98b3bf9:192.168.157.226:40530], old=null, confs=<EMPTY_MAP>
2019-09-19 11:15:43,601 [pool-49-thread-1] INFO  server.RaftServerConfigKeys (ConfUtils.java:logGet(43)) - raft.server.storage.dir = [/workdir/hadoop-ozone/integration-test/target/test-dir/MiniOzoneClusterImpl-7fc07b7e-c81f-4adf-a353-408e6fc41966/datanode-2/data/ratis] (custom)
2019-09-19 11:15:43,602 [pool-49-thread-1] INFO  storage.RaftStorageDirectory (RaftStorageDirectory.java:analyzeStorage(246)) - The storage directory /workdir/hadoop-ozone/integration-test/target/test-dir/MiniOzoneClusterImpl-7fc07b7e-c81f-4adf-a353-408e6fc41966/datanode-2/data/ratis/2e4c5f53-54ab-4b7c-810b-ee884457763f does not exist. Creating ...
2019-09-19 11:15:43,615 [pool-49-thread-1] INFO  storage.RaftStorageDirectory (RaftStorageDirectory.java:tryLock(328)) - Lock on /workdir/hadoop-ozone/integration-test/target/test-dir/MiniOzoneClusterImpl-7fc07b7e-c81f-4adf-a353-408e6fc41966/datanode-2/data/ratis/2e4c5f53-54ab-4b7c-810b-ee884457763f/in_use.lock acquired by nodename 20864@pr-hdds-1569-swxfz-3172132826
2019-09-19 11:15:43,628 [pool-49-thread-1] INFO  storage.RaftStorage (RaftStorage.java:format(72)) - Storage directory /workdir/hadoop-ozone/integration-test/target/test-dir/MiniOzoneClusterImpl-7fc07b7e-c81f-4adf-a353-408e6fc41966/datanode-2/data/ratis/2e4c5f53-54ab-4b7c-810b-ee884457763f has been successfully formatted.
2019-09-19 11:15:43,629 [pool-49-thread-1] INFO  ratis.ContainerStateMachine (ContainerStateMachine.java:loadSnapshot(226)) - group-EE884457763F: The snapshot info is null. Setting the last applied indexto:(t:0, i:~)
2019-09-19 11:15:43,629 [pool-49-thread-1] INFO  server.RaftServerConfigKeys (ConfUtils.java:logGet(43)) - raft.server.leader.election.timeout = 120s (custom)
2019-09-19 11:15:43,629 [pool-49-thread-1] INFO  server.RaftServerConfigKeys (ConfUtils.java:logGet(43)) - raft.server.log.use.memory = false (default)
2019-09-19 11:15:43,629 [pool-49-thread-1] INFO  server.RaftServerConfigKeys (ConfUtils.java:logGet(43)) - raft.server.log.purge.gap = 1000000 (custom)
2019-09-19 11:15:43,630 [pool-49-thread-1] INFO  server.RaftServerConfigKeys (ConfUtils.java:logGet(43)) - raft.server.log.appender.buffer.byte-limit = 33554432 (custom)
2019-09-19 11:15:43,630 [pool-49-thread-1] INFO  server.RaftServerConfigKeys (ConfUtils.java:logGet(43)) - raft.server.log.segment.size.max = 1048576 (custom)
2019-09-19 11:15:43,630 [pool-49-thread-1] INFO  server.RaftServerConfigKeys (ConfUtils.java:logGet(43)) - raft.server.log.segment.cache.num.max = 2 (custom)
2019-09-19 11:15:43,630 [pool-49-thread-1] INFO  segmented.SegmentedRaftLogWorker (SegmentedRaftLogWorker.java:<init>(172)) - new 6d9635c1-82f6-4958-89b3-6bc3e98b3bf9-SegmentedRaftLogWorker:Storage Directory /workdir/hadoop-ozone/integration-test/target/test-dir/MiniOzoneClusterImpl-7fc07b7e-c81f-4adf-a353-408e6fc41966/datanode-2/data/ratis/2e4c5f53-54ab-4b7c-810b-ee884457763f for RaftStorage:Storage Directory /workdir/hadoop-ozone/integration-test/target/test-dir/MiniOzoneClusterImpl-7fc07b7e-c81f-4adf-a353-408e6fc41966/datanode-2/data/ratis/2e4c5f53-54ab-4b7c-810b-ee884457763f
2019-09-19 11:15:43,631 [pool-49-thread-1] INFO  server.RaftServerConfigKeys (ConfUtils.java:logGet(43)) - raft.server.log.queue.byte-limit = 2147483647 (custom)
2019-09-19 11:15:43,631 [pool-49-thread-1] INFO  server.RaftServerConfigKeys (ConfUtils.java:logGet(43)) - raft.server.log.queue.element-limit = 1024 (custom)
2019-09-19 11:15:43,631 [pool-49-thread-1] INFO  server.RaftServerConfigKeys (ConfUtils.java:logGet(43)) - raft.server.log.segment.size.max = 1048576 (custom)
2019-09-19 11:15:43,631 [pool-49-thread-1] INFO  server.RaftServerConfigKeys (ConfUtils.java:logGet(43)) - raft.server.log.preallocated.size = 16384 (custom)
2019-09-19 11:15:43,631 [pool-49-thread-1] INFO  server.RaftServerConfigKeys (ConfUtils.java:logGet(43)) - raft.server.log.write.buffer.size = 33554432 (custom)
2019-09-19 11:15:43,632 [pool-49-thread-1] INFO  server.RaftServerConfigKeys (ConfUtils.java:logGet(43)) - raft.server.log.force.sync.num = 128 (default)
2019-09-19 11:15:43,632 [pool-49-thread-1] INFO  server.RaftServerConfigKeys (ConfUtils.java:logGet(43)) - raft.server.log.statemachine.data.sync = true (default)
2019-09-19 11:15:43,632 [pool-49-thread-1] INFO  server.RaftServerConfigKeys (ConfUtils.java:logGet(43)) - raft.server.log.statemachine.data.sync.timeout = 10s (default)
2019-09-19 11:15:43,632 [pool-49-thread-1] INFO  server.RaftServerConfigKeys (ConfUtils.java:logGet(43)) - raft.server.log.statemachine.data.sync.timeout.retry = -1 (default)
2019-09-19 11:15:43,633 [pool-49-thread-1] INFO  server.RaftServerConfigKeys (ConfUtils.java:logGet(43)) - raft.server.log.statemachine.data.caching.enabled = true (custom)
2019-09-19 11:15:43,633 [pool-49-thread-1] INFO  segmented.SegmentedRaftLogWorker (SegmentedRaftLogWorker.java:lambda$new$0(132)) - 6d9635c1-82f6-4958-89b3-6bc3e98b3bf9-SegmentedRaftLogWorker:Storage Directory /workdir/hadoop-ozone/integration-test/target/test-dir/MiniOzoneClusterImpl-7fc07b7e-c81f-4adf-a353-408e6fc41966/datanode-2/data/ratis/2e4c5f53-54ab-4b7c-810b-ee884457763f: flushIndex: setUnconditionally 0 -> -1
2019-09-19 11:15:43,633 [pool-49-thread-1] INFO  server.RaftServerConfigKeys (ConfUtils.java:logGet(43)) - raft.server.snapshot.auto.trigger.enabled = true (custom)
2019-09-19 11:15:43,634 [pool-49-thread-1] INFO  server.RaftServerConfigKeys (ConfUtils.java:logGet(43)) - raft.server.snapshot.auto.trigger.threshold = 10000 (custom)
2019-09-19 11:15:43,634 [pool-49-thread-1] INFO  server.RaftServerConfigKeys (ConfUtils.java:logGet(43)) - raft.server.retrycache.expirytime = 600000ms (custom)
2019-09-19 11:15:43,634 [pool-49-thread-1] INFO  impl.RaftServerImpl (RaftServerImpl.java:start(180)) - 6d9635c1-82f6-4958-89b3-6bc3e98b3bf9: start group-EE884457763F
2019-09-19 11:15:43,634 [pool-49-thread-1] INFO  impl.RaftServerImpl (RaftServerImpl.java:setRole(171)) - 6d9635c1-82f6-4958-89b3-6bc3e98b3bf9:group-EE884457763F changes role from null to FOLLOWER at term 0 for startAsFollower
2019-09-19 11:15:43,635 [pool-49-thread-1] INFO  impl.RoleInfo (RoleInfo.java:updateAndGet(143)) - 6d9635c1-82f6-4958-89b3-6bc3e98b3bf9: start FollowerState
2019-09-19 11:15:43,635 [pool-49-thread-1] INFO  util.JmxRegister (JmxRegister.java:tryRegister(44)) - Successfully registered JMX Bean with object name Ratis:service=RaftServer,group=group-EE884457763F,id=6d9635c1-82f6-4958-89b3-6bc3e98b3bf9
2019-09-19 11:15:43,652 [RatisPipelineUtilsThread] INFO  pipeline.PipelineStateManager (PipelineStateManager.java:addPipeline(56)) - Created pipeline Pipeline[ Id: 2e4c5f53-54ab-4b7c-810b-ee884457763f, Nodes: 6d9635c1-82f6-4958-89b3-6bc3e98b3bf9{ip: 192.168.157.226, host: pr-hdds-1569-swxfz-3172132826, networkLocation: /default-rack, certSerialId: null}, Type:RATIS, Factor:ONE, State:OPEN]
2019-09-19 11:15:43,667 [grpc-default-executor-0] INFO  impl.RaftServerProxy (RaftServerProxy.java:addNew(89)) - 07ed7a64-68cb-4e20-b110-7a1d13cb9d05: addNew group-351BB6C721F7:[07ed7a64-68cb-4e20-b110-7a1d13cb9d05:192.168.157.226:33713] returns group-351BB6C721F7:java.util.concurrent.CompletableFuture@15067ed0[Not completed]
2019-09-19 11:15:43,676 [pool-38-thread-1] INFO  impl.RaftServerImpl (RaftServerImpl.java:<init>(93)) - 07ed7a64-68cb-4e20-b110-7a1d13cb9d05: new RaftServerImpl for group-351BB6C721F7:[07ed7a64-68cb-4e20-b110-7a1d13cb9d05:192.168.157.226:33713] with ContainerStateMachine:uninitialized
2019-09-19 11:15:43,677 [pool-38-thread-1] INFO  server.RaftServerConfigKeys (ConfUtils.java:logGet(43)) - raft.server.rpc.timeout.min = 5s (custom)
2019-09-19 11:15:43,677 [pool-38-thread-1] INFO  server.RaftServerConfigKeys (ConfUtils.java:logGet(43)) - raft.server.rpc.timeout.max = 5200ms (custom)
2019-09-19 11:15:43,677 [pool-38-thread-1] INFO  server.RaftServerConfigKeys (ConfUtils.java:logGet(43)) - raft.server.rpcslowness.timeout = 120s (custom)
2019-09-19 11:15:43,677 [pool-38-thread-1] INFO  server.RaftServerConfigKeys (ConfUtils.java:logGet(43)) - raft.server.sleep.deviation.threshold = 300 (default)
2019-09-19 11:15:43,677 [pool-38-thread-1] INFO  server.RaftServerConfigKeys (ConfUtils.java:logGet(43)) - raft.server.log.appender.install.snapshot.enabled = false (custom)
2019-09-19 11:15:43,677 [pool-38-thread-1] INFO  impl.RaftServerImpl (ServerState.java:<init>(105)) - 07ed7a64-68cb-4e20-b110-7a1d13cb9d05:group-351BB6C721F7 ConfigurationManager, init=-1: [07ed7a64-68cb-4e20-b110-7a1d13cb9d05:192.168.157.226:33713], old=null, confs=<EMPTY_MAP>
2019-09-19 11:15:43,678 [pool-38-thread-1] INFO  server.RaftServerConfigKeys (ConfUtils.java:logGet(43)) - raft.server.storage.dir = [/workdir/hadoop-ozone/integration-test/target/test-dir/MiniOzoneClusterImpl-7fc07b7e-c81f-4adf-a353-408e6fc41966/datanode-1/data/ratis] (custom)
2019-09-19 11:15:43,678 [pool-38-thread-1] INFO  storage.RaftStorageDirectory (RaftStorageDirectory.java:analyzeStorage(246)) - The storage directory /workdir/hadoop-ozone/integration-test/target/test-dir/MiniOzoneClusterImpl-7fc07b7e-c81f-4adf-a353-408e6fc41966/datanode-1/data/ratis/fa3edc7d-88f1-496e-9960-351bb6c721f7 does not exist. Creating ...
2019-09-19 11:15:43,690 [pool-38-thread-1] INFO  storage.RaftStorageDirectory (RaftStorageDirectory.java:tryLock(328)) - Lock on /workdir/hadoop-ozone/integration-test/target/test-dir/MiniOzoneClusterImpl-7fc07b7e-c81f-4adf-a353-408e6fc41966/datanode-1/data/ratis/fa3edc7d-88f1-496e-9960-351bb6c721f7/in_use.lock acquired by nodename 20864@pr-hdds-1569-swxfz-3172132826
2019-09-19 11:15:43,703 [pool-38-thread-1] INFO  storage.RaftStorage (RaftStorage.java:format(72)) - Storage directory /workdir/hadoop-ozone/integration-test/target/test-dir/MiniOzoneClusterImpl-7fc07b7e-c81f-4adf-a353-408e6fc41966/datanode-1/data/ratis/fa3edc7d-88f1-496e-9960-351bb6c721f7 has been successfully formatted.
2019-09-19 11:15:43,703 [pool-38-thread-1] INFO  ratis.ContainerStateMachine (ContainerStateMachine.java:loadSnapshot(226)) - group-351BB6C721F7: The snapshot info is null. Setting the last applied indexto:(t:0, i:~)
2019-09-19 11:15:43,704 [pool-38-thread-1] INFO  server.RaftServerConfigKeys (ConfUtils.java:logGet(43)) - raft.server.leader.election.timeout = 120s (custom)
2019-09-19 11:15:43,704 [pool-38-thread-1] INFO  server.RaftServerConfigKeys (ConfUtils.java:logGet(43)) - raft.server.log.use.memory = false (default)
2019-09-19 11:15:43,704 [pool-38-thread-1] INFO  server.RaftServerConfigKeys (ConfUtils.java:logGet(43)) - raft.server.log.purge.gap = 1000000 (custom)
2019-09-19 11:15:43,704 [pool-38-thread-1] INFO  server.RaftServerConfigKeys (ConfUtils.java:logGet(43)) - raft.server.log.appender.buffer.byte-limit = 33554432 (custom)
2019-09-19 11:15:43,704 [pool-38-thread-1] INFO  server.RaftServerConfigKeys (ConfUtils.java:logGet(43)) - raft.server.log.segment.size.max = 1048576 (custom)
2019-09-19 11:15:43,705 [pool-38-thread-1] INFO  server.RaftServerConfigKeys (ConfUtils.java:logGet(43)) - raft.server.log.segment.cache.num.max = 2 (custom)
2019-09-19 11:15:43,705 [pool-38-thread-1] INFO  segmented.SegmentedRaftLogWorker (SegmentedRaftLogWorker.java:<init>(172)) - new 07ed7a64-68cb-4e20-b110-7a1d13cb9d05-SegmentedRaftLogWorker:Storage Directory /workdir/hadoop-ozone/integration-test/target/test-dir/MiniOzoneClusterImpl-7fc07b7e-c81f-4adf-a353-408e6fc41966/datanode-1/data/ratis/fa3edc7d-88f1-496e-9960-351bb6c721f7 for RaftStorage:Storage Directory /workdir/hadoop-ozone/integration-test/target/test-dir/MiniOzoneClusterImpl-7fc07b7e-c81f-4adf-a353-408e6fc41966/datanode-1/data/ratis/fa3edc7d-88f1-496e-9960-351bb6c721f7
2019-09-19 11:15:43,705 [pool-38-thread-1] INFO  server.RaftServerConfigKeys (ConfUtils.java:logGet(43)) - raft.server.log.queue.byte-limit = 2147483647 (custom)
2019-09-19 11:15:43,705 [pool-38-thread-1] INFO  server.RaftServerConfigKeys (ConfUtils.java:logGet(43)) - raft.server.log.queue.element-limit = 1024 (custom)
2019-09-19 11:15:43,706 [pool-38-thread-1] INFO  server.RaftServerConfigKeys (ConfUtils.java:logGet(43)) - raft.server.log.segment.size.max = 1048576 (custom)
2019-09-19 11:15:43,706 [pool-38-thread-1] INFO  server.RaftServerConfigKeys (ConfUtils.java:logGet(43)) - raft.server.log.preallocated.size = 16384 (custom)
2019-09-19 11:15:43,706 [pool-38-thread-1] INFO  server.RaftServerConfigKeys (ConfUtils.java:logGet(43)) - raft.server.log.write.buffer.size = 33554432 (custom)
2019-09-19 11:15:43,706 [pool-38-thread-1] INFO  server.RaftServerConfigKeys (ConfUtils.java:logGet(43)) - raft.server.log.force.sync.num = 128 (default)
2019-09-19 11:15:43,706 [pool-38-thread-1] INFO  server.RaftServerConfigKeys (ConfUtils.java:logGet(43)) - raft.server.log.statemachine.data.sync = true (default)
2019-09-19 11:15:43,706 [pool-38-thread-1] INFO  server.RaftServerConfigKeys (ConfUtils.java:logGet(43)) - raft.server.log.statemachine.data.sync.timeout = 10s (default)
2019-09-19 11:15:43,706 [pool-38-thread-1] INFO  server.RaftServerConfigKeys (ConfUtils.java:logGet(43)) - raft.server.log.statemachine.data.sync.timeout.retry = -1 (default)
2019-09-19 11:15:43,707 [pool-38-thread-1] INFO  server.RaftServerConfigKeys (ConfUtils.java:logGet(43)) - raft.server.log.statemachine.data.caching.enabled = true (custom)
2019-09-19 11:15:43,707 [pool-38-thread-1] INFO  segmented.SegmentedRaftLogWorker (SegmentedRaftLogWorker.java:lambda$new$0(132)) - 07ed7a64-68cb-4e20-b110-7a1d13cb9d05-SegmentedRaftLogWorker:Storage Directory /workdir/hadoop-ozone/integration-test/target/test-dir/MiniOzoneClusterImpl-7fc07b7e-c81f-4adf-a353-408e6fc41966/datanode-1/data/ratis/fa3edc7d-88f1-496e-9960-351bb6c721f7: flushIndex: setUnconditionally 0 -> -1
2019-09-19 11:15:43,707 [pool-38-thread-1] INFO  server.RaftServerConfigKeys (ConfUtils.java:logGet(43)) - raft.server.snapshot.auto.trigger.enabled = true (custom)
2019-09-19 11:15:43,707 [pool-38-thread-1] INFO  server.RaftServerConfigKeys (ConfUtils.java:logGet(43)) - raft.server.snapshot.auto.trigger.threshold = 10000 (custom)
2019-09-19 11:15:43,707 [pool-38-thread-1] INFO  server.RaftServerConfigKeys (ConfUtils.java:logGet(43)) - raft.server.retrycache.expirytime = 600000ms (custom)
2019-09-19 11:15:43,708 [pool-38-thread-1] INFO  impl.RaftServerImpl (RaftServerImpl.java:start(180)) - 07ed7a64-68cb-4e20-b110-7a1d13cb9d05: start group-351BB6C721F7
2019-09-19 11:15:43,708 [pool-38-thread-1] INFO  impl.RaftServerImpl (RaftServerImpl.java:setRole(171)) - 07ed7a64-68cb-4e20-b110-7a1d13cb9d05:group-351BB6C721F7 changes role from null to FOLLOWER at term 0 for startAsFollower
2019-09-19 11:15:43,708 [pool-38-thread-1] INFO  impl.RoleInfo (RoleInfo.java:updateAndGet(143)) - 07ed7a64-68cb-4e20-b110-7a1d13cb9d05: start FollowerState
2019-09-19 11:15:43,708 [pool-38-thread-1] INFO  util.JmxRegister (JmxRegister.java:tryRegister(44)) - Successfully registered JMX Bean with object name Ratis:service=RaftServer,group=group-351BB6C721F7,id=07ed7a64-68cb-4e20-b110-7a1d13cb9d05
2019-09-19 11:15:43,719 [RatisPipelineUtilsThread] INFO  pipeline.PipelineStateManager (PipelineStateManager.java:addPipeline(56)) - Created pipeline Pipeline[ Id: fa3edc7d-88f1-496e-9960-351bb6c721f7, Nodes: 07ed7a64-68cb-4e20-b110-7a1d13cb9d05{ip: 192.168.157.226, host: pr-hdds-1569-swxfz-3172132826, networkLocation: /default-rack, certSerialId: null}, Type:RATIS, Factor:ONE, State:OPEN]
2019-09-19 11:15:43,736 [grpc-default-executor-0] INFO  impl.RaftServerProxy (RaftServerProxy.java:addNew(89)) - dbc7cc94-1ec8-41e3-bae5-3deb3fe35f66: addNew group-3169181D30F1:[dbc7cc94-1ec8-41e3-bae5-3deb3fe35f66:192.168.157.226:39716] returns group-3169181D30F1:java.util.concurrent.CompletableFuture@1ddf783f[Not completed]
2019-09-19 11:15:43,738 [pool-27-thread-1] INFO  impl.RaftServerImpl (RaftServerImpl.java:<init>(93)) - dbc7cc94-1ec8-41e3-bae5-3deb3fe35f66: new RaftServerImpl for group-3169181D30F1:[dbc7cc94-1ec8-41e3-bae5-3deb3fe35f66:192.168.157.226:39716] with ContainerStateMachine:uninitialized
2019-09-19 11:15:43,738 [pool-27-thread-1] INFO  server.RaftServerConfigKeys (ConfUtils.java:logGet(43)) - raft.server.rpc.timeout.min = 5s (custom)
2019-09-19 11:15:43,738 [pool-27-thread-1] INFO  server.RaftServerConfigKeys (ConfUtils.java:logGet(43)) - raft.server.rpc.timeout.max = 5200ms (custom)
2019-09-19 11:15:43,739 [pool-27-thread-1] INFO  server.RaftServerConfigKeys (ConfUtils.java:logGet(43)) - raft.server.rpcslowness.timeout = 120s (custom)
2019-09-19 11:15:43,739 [pool-27-thread-1] INFO  server.RaftServerConfigKeys (ConfUtils.java:logGet(43)) - raft.server.sleep.deviation.threshold = 300 (default)
2019-09-19 11:15:43,739 [pool-27-thread-1] INFO  server.RaftServerConfigKeys (ConfUtils.java:logGet(43)) - raft.server.log.appender.install.snapshot.enabled = false (custom)
2019-09-19 11:15:43,739 [pool-27-thread-1] INFO  impl.RaftServerImpl (ServerState.java:<init>(105)) - dbc7cc94-1ec8-41e3-bae5-3deb3fe35f66:group-3169181D30F1 ConfigurationManager, init=-1: [dbc7cc94-1ec8-41e3-bae5-3deb3fe35f66:192.168.157.226:39716], old=null, confs=<EMPTY_MAP>
2019-09-19 11:15:43,739 [pool-27-thread-1] INFO  server.RaftServerConfigKeys (ConfUtils.java:logGet(43)) - raft.server.storage.dir = [/workdir/hadoop-ozone/integration-test/target/test-dir/MiniOzoneClusterImpl-7fc07b7e-c81f-4adf-a353-408e6fc41966/datanode-0/data/ratis] (custom)
2019-09-19 11:15:43,740 [pool-27-thread-1] INFO  storage.RaftStorageDirectory (RaftStorageDirectory.java:analyzeStorage(246)) - The storage directory /workdir/hadoop-ozone/integration-test/target/test-dir/MiniOzoneClusterImpl-7fc07b7e-c81f-4adf-a353-408e6fc41966/datanode-0/data/ratis/a71ce60f-b538-48c5-8cf0-3169181d30f1 does not exist. Creating ...
2019-09-19 11:15:43,748 [pool-27-thread-1] INFO  storage.RaftStorageDirectory (RaftStorageDirectory.java:tryLock(328)) - Lock on /workdir/hadoop-ozone/integration-test/target/test-dir/MiniOzoneClusterImpl-7fc07b7e-c81f-4adf-a353-408e6fc41966/datanode-0/data/ratis/a71ce60f-b538-48c5-8cf0-3169181d30f1/in_use.lock acquired by nodename 20864@pr-hdds-1569-swxfz-3172132826
2019-09-19 11:15:43,762 [pool-27-thread-1] INFO  storage.RaftStorage (RaftStorage.java:format(72)) - Storage directory /workdir/hadoop-ozone/integration-test/target/test-dir/MiniOzoneClusterImpl-7fc07b7e-c81f-4adf-a353-408e6fc41966/datanode-0/data/ratis/a71ce60f-b538-48c5-8cf0-3169181d30f1 has been successfully formatted.
2019-09-19 11:15:43,762 [pool-27-thread-1] INFO  ratis.ContainerStateMachine (ContainerStateMachine.java:loadSnapshot(226)) - group-3169181D30F1: The snapshot info is null. Setting the last applied indexto:(t:0, i:~)
2019-09-19 11:15:43,762 [pool-27-thread-1] INFO  server.RaftServerConfigKeys (ConfUtils.java:logGet(43)) - raft.server.leader.election.timeout = 120s (custom)
2019-09-19 11:15:43,762 [pool-27-thread-1] INFO  server.RaftServerConfigKeys (ConfUtils.java:logGet(43)) - raft.server.log.use.memory = false (default)
2019-09-19 11:15:43,763 [pool-27-thread-1] INFO  server.RaftServerConfigKeys (ConfUtils.java:logGet(43)) - raft.server.log.purge.gap = 1000000 (custom)
2019-09-19 11:15:43,763 [pool-27-thread-1] INFO  server.RaftServerConfigKeys (ConfUtils.java:logGet(43)) - raft.server.log.appender.buffer.byte-limit = 33554432 (custom)
2019-09-19 11:15:43,763 [pool-27-thread-1] INFO  server.RaftServerConfigKeys (ConfUtils.java:logGet(43)) - raft.server.log.segment.size.max = 1048576 (custom)
2019-09-19 11:15:43,763 [pool-27-thread-1] INFO  server.RaftServerConfigKeys (ConfUtils.java:logGet(43)) - raft.server.log.segment.cache.num.max = 2 (custom)
2019-09-19 11:15:43,763 [pool-27-thread-1] INFO  segmented.SegmentedRaftLogWorker (SegmentedRaftLogWorker.java:<init>(172)) - new dbc7cc94-1ec8-41e3-bae5-3deb3fe35f66-SegmentedRaftLogWorker:Storage Directory /workdir/hadoop-ozone/integration-test/target/test-dir/MiniOzoneClusterImpl-7fc07b7e-c81f-4adf-a353-408e6fc41966/datanode-0/data/ratis/a71ce60f-b538-48c5-8cf0-3169181d30f1 for RaftStorage:Storage Directory /workdir/hadoop-ozone/integration-test/target/test-dir/MiniOzoneClusterImpl-7fc07b7e-c81f-4adf-a353-408e6fc41966/datanode-0/data/ratis/a71ce60f-b538-48c5-8cf0-3169181d30f1
2019-09-19 11:15:43,764 [pool-27-thread-1] INFO  server.RaftServerConfigKeys (ConfUtils.java:logGet(43)) - raft.server.log.queue.byte-limit = 2147483647 (custom)
2019-09-19 11:15:43,764 [pool-27-thread-1] INFO  server.RaftServerConfigKeys (ConfUtils.java:logGet(43)) - raft.server.log.queue.element-limit = 1024 (custom)
2019-09-19 11:15:43,764 [pool-27-thread-1] INFO  server.RaftServerConfigKeys (ConfUtils.java:logGet(43)) - raft.server.log.segment.size.max = 1048576 (custom)
2019-09-19 11:15:43,764 [pool-27-thread-1] INFO  server.RaftServerConfigKeys (ConfUtils.java:logGet(43)) - raft.server.log.preallocated.size = 16384 (custom)
2019-09-19 11:15:43,764 [pool-27-thread-1] INFO  server.RaftServerConfigKeys (ConfUtils.java:logGet(43)) - raft.server.log.write.buffer.size = 33554432 (custom)
2019-09-19 11:15:43,765 [pool-27-thread-1] INFO  server.RaftServerConfigKeys (ConfUtils.java:logGet(43)) - raft.server.log.force.sync.num = 128 (default)
2019-09-19 11:15:43,765 [pool-27-thread-1] INFO  server.RaftServerConfigKeys (ConfUtils.java:logGet(43)) - raft.server.log.statemachine.data.sync = true (default)
2019-09-19 11:15:43,765 [pool-27-thread-1] INFO  server.RaftServerConfigKeys (ConfUtils.java:logGet(43)) - raft.server.log.statemachine.data.sync.timeout = 10s (default)
2019-09-19 11:15:43,765 [pool-27-thread-1] INFO  server.RaftServerConfigKeys (ConfUtils.java:logGet(43)) - raft.server.log.statemachine.data.sync.timeout.retry = -1 (default)
2019-09-19 11:15:43,765 [pool-27-thread-1] INFO  server.RaftServerConfigKeys (ConfUtils.java:logGet(43)) - raft.server.log.statemachine.data.caching.enabled = true (custom)
2019-09-19 11:15:43,766 [pool-27-thread-1] INFO  segmented.SegmentedRaftLogWorker (SegmentedRaftLogWorker.java:lambda$new$0(132)) - dbc7cc94-1ec8-41e3-bae5-3deb3fe35f66-SegmentedRaftLogWorker:Storage Directory /workdir/hadoop-ozone/integration-test/target/test-dir/MiniOzoneClusterImpl-7fc07b7e-c81f-4adf-a353-408e6fc41966/datanode-0/data/ratis/a71ce60f-b538-48c5-8cf0-3169181d30f1: flushIndex: setUnconditionally 0 -> -1
2019-09-19 11:15:43,766 [pool-27-thread-1] INFO  server.RaftServerConfigKeys (ConfUtils.java:logGet(43)) - raft.server.snapshot.auto.trigger.enabled = true (custom)
2019-09-19 11:15:43,766 [pool-27-thread-1] INFO  server.RaftServerConfigKeys (ConfUtils.java:logGet(43)) - raft.server.snapshot.auto.trigger.threshold = 10000 (custom)
2019-09-19 11:15:43,767 [pool-27-thread-1] INFO  server.RaftServerConfigKeys (ConfUtils.java:logGet(43)) - raft.server.retrycache.expirytime = 600000ms (custom)
2019-09-19 11:15:43,767 [pool-27-thread-1] INFO  impl.RaftServerImpl (RaftServerImpl.java:start(180)) - dbc7cc94-1ec8-41e3-bae5-3deb3fe35f66: start group-3169181D30F1
2019-09-19 11:15:43,767 [pool-27-thread-1] INFO  impl.RaftServerImpl (RaftServerImpl.java:setRole(171)) - dbc7cc94-1ec8-41e3-bae5-3deb3fe35f66:group-3169181D30F1 changes role from null to FOLLOWER at term 0 for startAsFollower
2019-09-19 11:15:43,767 [pool-27-thread-1] INFO  impl.RoleInfo (RoleInfo.java:updateAndGet(143)) - dbc7cc94-1ec8-41e3-bae5-3deb3fe35f66: start FollowerState
2019-09-19 11:15:43,768 [pool-27-thread-1] INFO  util.JmxRegister (JmxRegister.java:tryRegister(44)) - Successfully registered JMX Bean with object name Ratis:service=RaftServer,group=group-3169181D30F1,id=dbc7cc94-1ec8-41e3-bae5-3deb3fe35f66
2019-09-19 11:15:43,779 [RatisPipelineUtilsThread] INFO  pipeline.PipelineStateManager (PipelineStateManager.java:addPipeline(56)) - Created pipeline Pipeline[ Id: a71ce60f-b538-48c5-8cf0-3169181d30f1, Nodes: dbc7cc94-1ec8-41e3-bae5-3deb3fe35f66{ip: 192.168.157.226, host: pr-hdds-1569-swxfz-3172132826, networkLocation: /default-rack, certSerialId: null}, Type:RATIS, Factor:ONE, State:OPEN]
2019-09-19 11:15:43,802 [grpc-default-executor-0] INFO  impl.RaftServerProxy (RaftServerProxy.java:addNew(89)) - dbc7cc94-1ec8-41e3-bae5-3deb3fe35f66: addNew group-D58BA1B917D5:[dbc7cc94-1ec8-41e3-bae5-3deb3fe35f66:192.168.157.226:39716] returns group-D58BA1B917D5:java.util.concurrent.CompletableFuture@4910b54d[Not completed]
2019-09-19 11:15:43,804 [pool-27-thread-1] INFO  impl.RaftServerImpl (RaftServerImpl.java:<init>(93)) - dbc7cc94-1ec8-41e3-bae5-3deb3fe35f66: new RaftServerImpl for group-D58BA1B917D5:[dbc7cc94-1ec8-41e3-bae5-3deb3fe35f66:192.168.157.226:39716] with ContainerStateMachine:uninitialized
2019-09-19 11:15:43,805 [pool-27-thread-1] INFO  server.RaftServerConfigKeys (ConfUtils.java:logGet(43)) - raft.server.rpc.timeout.min = 5s (custom)
2019-09-19 11:15:43,805 [pool-27-thread-1] INFO  server.RaftServerConfigKeys (ConfUtils.java:logGet(43)) - raft.server.rpc.timeout.max = 5200ms (custom)
2019-09-19 11:15:43,805 [pool-27-thread-1] INFO  server.RaftServerConfigKeys (ConfUtils.java:logGet(43)) - raft.server.rpcslowness.timeout = 120s (custom)
2019-09-19 11:15:43,805 [pool-27-thread-1] INFO  server.RaftServerConfigKeys (ConfUtils.java:logGet(43)) - raft.server.sleep.deviation.threshold = 300 (default)
2019-09-19 11:15:43,805 [pool-27-thread-1] INFO  server.RaftServerConfigKeys (ConfUtils.java:logGet(43)) - raft.server.log.appender.install.snapshot.enabled = false (custom)
2019-09-19 11:15:43,805 [pool-27-thread-1] INFO  impl.RaftServerImpl (ServerState.java:<init>(105)) - dbc7cc94-1ec8-41e3-bae5-3deb3fe35f66:group-D58BA1B917D5 ConfigurationManager, init=-1: [dbc7cc94-1ec8-41e3-bae5-3deb3fe35f66:192.168.157.226:39716], old=null, confs=<EMPTY_MAP>
2019-09-19 11:15:43,806 [pool-27-thread-1] INFO  server.RaftServerConfigKeys (ConfUtils.java:logGet(43)) - raft.server.storage.dir = [/workdir/hadoop-ozone/integration-test/target/test-dir/MiniOzoneClusterImpl-7fc07b7e-c81f-4adf-a353-408e6fc41966/datanode-0/data/ratis] (custom)
2019-09-19 11:15:43,806 [pool-27-thread-1] INFO  storage.RaftStorageDirectory (RaftStorageDirectory.java:analyzeStorage(246)) - The storage directory /workdir/hadoop-ozone/integration-test/target/test-dir/MiniOzoneClusterImpl-7fc07b7e-c81f-4adf-a353-408e6fc41966/datanode-0/data/ratis/164891aa-a3b9-4806-8bb7-d58ba1b917d5 does not exist. Creating ...
2019-09-19 11:15:43,819 [pool-27-thread-1] INFO  storage.RaftStorageDirectory (RaftStorageDirectory.java:tryLock(328)) - Lock on /workdir/hadoop-ozone/integration-test/target/test-dir/MiniOzoneClusterImpl-7fc07b7e-c81f-4adf-a353-408e6fc41966/datanode-0/data/ratis/164891aa-a3b9-4806-8bb7-d58ba1b917d5/in_use.lock acquired by nodename 20864@pr-hdds-1569-swxfz-3172132826
2019-09-19 11:15:43,833 [pool-27-thread-1] INFO  storage.RaftStorage (RaftStorage.java:format(72)) - Storage directory /workdir/hadoop-ozone/integration-test/target/test-dir/MiniOzoneClusterImpl-7fc07b7e-c81f-4adf-a353-408e6fc41966/datanode-0/data/ratis/164891aa-a3b9-4806-8bb7-d58ba1b917d5 has been successfully formatted.
2019-09-19 11:15:43,833 [pool-27-thread-1] INFO  ratis.ContainerStateMachine (ContainerStateMachine.java:loadSnapshot(226)) - group-D58BA1B917D5: The snapshot info is null. Setting the last applied indexto:(t:0, i:~)
2019-09-19 11:15:43,833 [pool-27-thread-1] INFO  server.RaftServerConfigKeys (ConfUtils.java:logGet(43)) - raft.server.leader.election.timeout = 120s (custom)
2019-09-19 11:15:43,833 [pool-27-thread-1] INFO  server.RaftServerConfigKeys (ConfUtils.java:logGet(43)) - raft.server.log.use.memory = false (default)
2019-09-19 11:15:43,834 [pool-27-thread-1] INFO  server.RaftServerConfigKeys (ConfUtils.java:logGet(43)) - raft.server.log.purge.gap = 1000000 (custom)
2019-09-19 11:15:43,834 [pool-27-thread-1] INFO  server.RaftServerConfigKeys (ConfUtils.java:logGet(43)) - raft.server.log.appender.buffer.byte-limit = 33554432 (custom)
2019-09-19 11:15:43,834 [pool-27-thread-1] INFO  server.RaftServerConfigKeys (ConfUtils.java:logGet(43)) - raft.server.log.segment.size.max = 1048576 (custom)
2019-09-19 11:15:43,834 [pool-27-thread-1] INFO  server.RaftServerConfigKeys (ConfUtils.java:logGet(43)) - raft.server.log.segment.cache.num.max = 2 (custom)
2019-09-19 11:15:43,834 [pool-27-thread-1] INFO  segmented.SegmentedRaftLogWorker (SegmentedRaftLogWorker.java:<init>(172)) - new dbc7cc94-1ec8-41e3-bae5-3deb3fe35f66-SegmentedRaftLogWorker:Storage Directory /workdir/hadoop-ozone/integration-test/target/test-dir/MiniOzoneClusterImpl-7fc07b7e-c81f-4adf-a353-408e6fc41966/datanode-0/data/ratis/164891aa-a3b9-4806-8bb7-d58ba1b917d5 for RaftStorage:Storage Directory /workdir/hadoop-ozone/integration-test/target/test-dir/MiniOzoneClusterImpl-7fc07b7e-c81f-4adf-a353-408e6fc41966/datanode-0/data/ratis/164891aa-a3b9-4806-8bb7-d58ba1b917d5
2019-09-19 11:15:43,835 [pool-27-thread-1] INFO  server.RaftServerConfigKeys (ConfUtils.java:logGet(43)) - raft.server.log.queue.byte-limit = 2147483647 (custom)
2019-09-19 11:15:43,835 [pool-27-thread-1] INFO  server.RaftServerConfigKeys (ConfUtils.java:logGet(43)) - raft.server.log.queue.element-limit = 1024 (custom)
2019-09-19 11:15:43,835 [pool-27-thread-1] INFO  server.RaftServerConfigKeys (ConfUtils.java:logGet(43)) - raft.server.log.segment.size.max = 1048576 (custom)
2019-09-19 11:15:43,835 [pool-27-thread-1] INFO  server.RaftServerConfigKeys (ConfUtils.java:logGet(43)) - raft.server.log.preallocated.size = 16384 (custom)
2019-09-19 11:15:43,835 [pool-27-thread-1] INFO  server.RaftServerConfigKeys (ConfUtils.java:logGet(43)) - raft.server.log.write.buffer.size = 33554432 (custom)
2019-09-19 11:15:43,835 [pool-27-thread-1] INFO  server.RaftServerConfigKeys (ConfUtils.java:logGet(43)) - raft.server.log.force.sync.num = 128 (default)
2019-09-19 11:15:43,835 [pool-27-thread-1] INFO  server.RaftServerConfigKeys (ConfUtils.java:logGet(43)) - raft.server.log.statemachine.data.sync = true (default)
2019-09-19 11:15:43,835 [pool-27-thread-1] INFO  server.RaftServerConfigKeys (ConfUtils.java:logGet(43)) - raft.server.log.statemachine.data.sync.timeout = 10s (default)
2019-09-19 11:15:43,836 [pool-27-thread-1] INFO  server.RaftServerConfigKeys (ConfUtils.java:logGet(43)) - raft.server.log.statemachine.data.sync.timeout.retry = -1 (default)
2019-09-19 11:15:43,836 [pool-27-thread-1] INFO  server.RaftServerConfigKeys (ConfUtils.java:logGet(43)) - raft.server.log.statemachine.data.caching.enabled = true (custom)
2019-09-19 11:15:43,836 [pool-27-thread-1] INFO  segmented.SegmentedRaftLogWorker (SegmentedRaftLogWorker.java:lambda$new$0(132)) - dbc7cc94-1ec8-41e3-bae5-3deb3fe35f66-SegmentedRaftLogWorker:Storage Directory /workdir/hadoop-ozone/integration-test/target/test-dir/MiniOzoneClusterImpl-7fc07b7e-c81f-4adf-a353-408e6fc41966/datanode-0/data/ratis/164891aa-a3b9-4806-8bb7-d58ba1b917d5: flushIndex: setUnconditionally 0 -> -1
2019-09-19 11:15:43,836 [pool-27-thread-1] INFO  server.RaftServerConfigKeys (ConfUtils.java:logGet(43)) - raft.server.snapshot.auto.trigger.enabled = true (custom)
2019-09-19 11:15:43,837 [pool-27-thread-1] INFO  server.RaftServerConfigKeys (ConfUtils.java:logGet(43)) - raft.server.snapshot.auto.trigger.threshold = 10000 (custom)
2019-09-19 11:15:43,837 [pool-27-thread-1] INFO  server.RaftServerConfigKeys (ConfUtils.java:logGet(43)) - raft.server.retrycache.expirytime = 600000ms (custom)
2019-09-19 11:15:43,837 [pool-27-thread-1] INFO  impl.RaftServerImpl (RaftServerImpl.java:start(180)) - dbc7cc94-1ec8-41e3-bae5-3deb3fe35f66: start group-D58BA1B917D5
2019-09-19 11:15:43,837 [pool-27-thread-1] INFO  impl.RaftServerImpl (RaftServerImpl.java:setRole(171)) - dbc7cc94-1ec8-41e3-bae5-3deb3fe35f66:group-D58BA1B917D5 changes role from null to FOLLOWER at term 0 for startAsFollower
2019-09-19 11:15:43,837 [pool-27-thread-1] INFO  impl.RoleInfo (RoleInfo.java:updateAndGet(143)) - dbc7cc94-1ec8-41e3-bae5-3deb3fe35f66: start FollowerState
2019-09-19 11:15:43,838 [pool-27-thread-1] INFO  util.JmxRegister (JmxRegister.java:tryRegister(44)) - Successfully registered JMX Bean with object name Ratis:service=RaftServer,group=group-D58BA1B917D5,id=dbc7cc94-1ec8-41e3-bae5-3deb3fe35f66
2019-09-19 11:15:43,849 [RatisPipelineUtilsThread] INFO  pipeline.PipelineStateManager (PipelineStateManager.java:addPipeline(56)) - Created pipeline Pipeline[ Id: 164891aa-a3b9-4806-8bb7-d58ba1b917d5, Nodes: dbc7cc94-1ec8-41e3-bae5-3deb3fe35f66{ip: 192.168.157.226, host: pr-hdds-1569-swxfz-3172132826, networkLocation: /default-rack, certSerialId: null}, Type:RATIS, Factor:ONE, State:OPEN]
2019-09-19 11:15:43,861 [grpc-default-executor-0] INFO  impl.RaftServerProxy (RaftServerProxy.java:addNew(89)) - 07ed7a64-68cb-4e20-b110-7a1d13cb9d05: addNew group-8E9D15669696:[07ed7a64-68cb-4e20-b110-7a1d13cb9d05:192.168.157.226:33713] returns group-8E9D15669696:java.util.concurrent.CompletableFuture@34ef86c4[Not completed]
2019-09-19 11:15:43,863 [pool-38-thread-1] INFO  impl.RaftServerImpl (RaftServerImpl.java:<init>(93)) - 07ed7a64-68cb-4e20-b110-7a1d13cb9d05: new RaftServerImpl for group-8E9D15669696:[07ed7a64-68cb-4e20-b110-7a1d13cb9d05:192.168.157.226:33713] with ContainerStateMachine:uninitialized
2019-09-19 11:15:43,863 [pool-38-thread-1] INFO  server.RaftServerConfigKeys (ConfUtils.java:logGet(43)) - raft.server.rpc.timeout.min = 5s (custom)
2019-09-19 11:15:43,863 [pool-38-thread-1] INFO  server.RaftServerConfigKeys (ConfUtils.java:logGet(43)) - raft.server.rpc.timeout.max = 5200ms (custom)
2019-09-19 11:15:43,863 [pool-38-thread-1] INFO  server.RaftServerConfigKeys (ConfUtils.java:logGet(43)) - raft.server.rpcslowness.timeout = 120s (custom)
2019-09-19 11:15:43,863 [pool-38-thread-1] INFO  server.RaftServerConfigKeys (ConfUtils.java:logGet(43)) - raft.server.sleep.deviation.threshold = 300 (default)
2019-09-19 11:15:43,863 [pool-38-thread-1] INFO  server.RaftServerConfigKeys (ConfUtils.java:logGet(43)) - raft.server.log.appender.install.snapshot.enabled = false (custom)
2019-09-19 11:15:43,863 [pool-38-thread-1] INFO  impl.RaftServerImpl (ServerState.java:<init>(105)) - 07ed7a64-68cb-4e20-b110-7a1d13cb9d05:group-8E9D15669696 ConfigurationManager, init=-1: [07ed7a64-68cb-4e20-b110-7a1d13cb9d05:192.168.157.226:33713], old=null, confs=<EMPTY_MAP>
2019-09-19 11:15:43,864 [pool-38-thread-1] INFO  server.RaftServerConfigKeys (ConfUtils.java:logGet(43)) - raft.server.storage.dir = [/workdir/hadoop-ozone/integration-test/target/test-dir/MiniOzoneClusterImpl-7fc07b7e-c81f-4adf-a353-408e6fc41966/datanode-1/data/ratis] (custom)
2019-09-19 11:15:43,864 [pool-38-thread-1] INFO  storage.RaftStorageDirectory (RaftStorageDirectory.java:analyzeStorage(246)) - The storage directory /workdir/hadoop-ozone/integration-test/target/test-dir/MiniOzoneClusterImpl-7fc07b7e-c81f-4adf-a353-408e6fc41966/datanode-1/data/ratis/de8e562b-b6db-4437-9642-8e9d15669696 does not exist. Creating ...
2019-09-19 11:15:43,877 [pool-38-thread-1] INFO  storage.RaftStorageDirectory (RaftStorageDirectory.java:tryLock(328)) - Lock on /workdir/hadoop-ozone/integration-test/target/test-dir/MiniOzoneClusterImpl-7fc07b7e-c81f-4adf-a353-408e6fc41966/datanode-1/data/ratis/de8e562b-b6db-4437-9642-8e9d15669696/in_use.lock acquired by nodename 20864@pr-hdds-1569-swxfz-3172132826
2019-09-19 11:15:43,889 [pool-38-thread-1] INFO  storage.RaftStorage (RaftStorage.java:format(72)) - Storage directory /workdir/hadoop-ozone/integration-test/target/test-dir/MiniOzoneClusterImpl-7fc07b7e-c81f-4adf-a353-408e6fc41966/datanode-1/data/ratis/de8e562b-b6db-4437-9642-8e9d15669696 has been successfully formatted.
2019-09-19 11:15:43,890 [pool-38-thread-1] INFO  ratis.ContainerStateMachine (ContainerStateMachine.java:loadSnapshot(226)) - group-8E9D15669696: The snapshot info is null. Setting the last applied indexto:(t:0, i:~)
2019-09-19 11:15:43,890 [pool-38-thread-1] INFO  server.RaftServerConfigKeys (ConfUtils.java:logGet(43)) - raft.server.leader.election.timeout = 120s (custom)
2019-09-19 11:15:43,890 [pool-38-thread-1] INFO  server.RaftServerConfigKeys (ConfUtils.java:logGet(43)) - raft.server.log.use.memory = false (default)
2019-09-19 11:15:43,890 [pool-38-thread-1] INFO  server.RaftServerConfigKeys (ConfUtils.java:logGet(43)) - raft.server.log.purge.gap = 1000000 (custom)
2019-09-19 11:15:43,890 [pool-38-thread-1] INFO  server.RaftServerConfigKeys (ConfUtils.java:logGet(43)) - raft.server.log.appender.buffer.byte-limit = 33554432 (custom)
2019-09-19 11:15:43,891 [pool-38-thread-1] INFO  server.RaftServerConfigKeys (ConfUtils.java:logGet(43)) - raft.server.log.segment.size.max = 1048576 (custom)
2019-09-19 11:15:43,891 [pool-38-thread-1] INFO  server.RaftServerConfigKeys (ConfUtils.java:logGet(43)) - raft.server.log.segment.cache.num.max = 2 (custom)
2019-09-19 11:15:43,891 [pool-38-thread-1] INFO  segmented.SegmentedRaftLogWorker (SegmentedRaftLogWorker.java:<init>(172)) - new 07ed7a64-68cb-4e20-b110-7a1d13cb9d05-SegmentedRaftLogWorker:Storage Directory /workdir/hadoop-ozone/integration-test/target/test-dir/MiniOzoneClusterImpl-7fc07b7e-c81f-4adf-a353-408e6fc41966/datanode-1/data/ratis/de8e562b-b6db-4437-9642-8e9d15669696 for RaftStorage:Storage Directory /workdir/hadoop-ozone/integration-test/target/test-dir/MiniOzoneClusterImpl-7fc07b7e-c81f-4adf-a353-408e6fc41966/datanode-1/data/ratis/de8e562b-b6db-4437-9642-8e9d15669696
2019-09-19 11:15:43,891 [pool-38-thread-1] INFO  server.RaftServerConfigKeys (ConfUtils.java:logGet(43)) - raft.server.log.queue.byte-limit = 2147483647 (custom)
2019-09-19 11:15:43,891 [pool-38-thread-1] INFO  server.RaftServerConfigKeys (ConfUtils.java:logGet(43)) - raft.server.log.queue.element-limit = 1024 (custom)
2019-09-19 11:15:43,891 [pool-38-thread-1] INFO  server.RaftServerConfigKeys (ConfUtils.java:logGet(43)) - raft.server.log.segment.size.max = 1048576 (custom)
2019-09-19 11:15:43,891 [pool-38-thread-1] INFO  server.RaftServerConfigKeys (ConfUtils.java:logGet(43)) - raft.server.log.preallocated.size = 16384 (custom)
2019-09-19 11:15:43,892 [pool-38-thread-1] INFO  server.RaftServerConfigKeys (ConfUtils.java:logGet(43)) - raft.server.log.write.buffer.size = 33554432 (custom)
2019-09-19 11:15:43,892 [pool-38-thread-1] INFO  server.RaftServerConfigKeys (ConfUtils.java:logGet(43)) - raft.server.log.force.sync.num = 128 (default)
2019-09-19 11:15:43,892 [pool-38-thread-1] INFO  server.RaftServerConfigKeys (ConfUtils.java:logGet(43)) - raft.server.log.statemachine.data.sync = true (default)
2019-09-19 11:15:43,892 [pool-38-thread-1] INFO  server.RaftServerConfigKeys (ConfUtils.java:logGet(43)) - raft.server.log.statemachine.data.sync.timeout = 10s (default)
2019-09-19 11:15:43,892 [pool-38-thread-1] INFO  server.RaftServerConfigKeys (ConfUtils.java:logGet(43)) - raft.server.log.statemachine.data.sync.timeout.retry = -1 (default)
2019-09-19 11:15:43,892 [pool-38-thread-1] INFO  server.RaftServerConfigKeys (ConfUtils.java:logGet(43)) - raft.server.log.statemachine.data.caching.enabled = true (custom)
2019-09-19 11:15:43,893 [pool-38-thread-1] INFO  segmented.SegmentedRaftLogWorker (SegmentedRaftLogWorker.java:lambda$new$0(132)) - 07ed7a64-68cb-4e20-b110-7a1d13cb9d05-SegmentedRaftLogWorker:Storage Directory /workdir/hadoop-ozone/integration-test/target/test-dir/MiniOzoneClusterImpl-7fc07b7e-c81f-4adf-a353-408e6fc41966/datanode-1/data/ratis/de8e562b-b6db-4437-9642-8e9d15669696: flushIndex: setUnconditionally 0 -> -1
2019-09-19 11:15:43,893 [pool-38-thread-1] INFO  server.RaftServerConfigKeys (ConfUtils.java:logGet(43)) - raft.server.snapshot.auto.trigger.enabled = true (custom)
2019-09-19 11:15:43,893 [pool-38-thread-1] INFO  server.RaftServerConfigKeys (ConfUtils.java:logGet(43)) - raft.server.snapshot.auto.trigger.threshold = 10000 (custom)
2019-09-19 11:15:43,893 [pool-38-thread-1] INFO  server.RaftServerConfigKeys (ConfUtils.java:logGet(43)) - raft.server.retrycache.expirytime = 600000ms (custom)
2019-09-19 11:15:43,894 [pool-38-thread-1] INFO  impl.RaftServerImpl (RaftServerImpl.java:start(180)) - 07ed7a64-68cb-4e20-b110-7a1d13cb9d05: start group-8E9D15669696
2019-09-19 11:15:43,894 [pool-38-thread-1] INFO  impl.RaftServerImpl (RaftServerImpl.java:setRole(171)) - 07ed7a64-68cb-4e20-b110-7a1d13cb9d05:group-8E9D15669696 changes role from null to FOLLOWER at term 0 for startAsFollower
2019-09-19 11:15:43,894 [pool-38-thread-1] INFO  impl.RoleInfo (RoleInfo.java:updateAndGet(143)) - 07ed7a64-68cb-4e20-b110-7a1d13cb9d05: start FollowerState
2019-09-19 11:15:43,894 [pool-38-thread-1] INFO  util.JmxRegister (JmxRegister.java:tryRegister(44)) - Successfully registered JMX Bean with object name Ratis:service=RaftServer,group=group-8E9D15669696,id=07ed7a64-68cb-4e20-b110-7a1d13cb9d05
2019-09-19 11:15:43,903 [RatisPipelineUtilsThread] INFO  pipeline.PipelineStateManager (PipelineStateManager.java:addPipeline(56)) - Created pipeline Pipeline[ Id: de8e562b-b6db-4437-9642-8e9d15669696, Nodes: 07ed7a64-68cb-4e20-b110-7a1d13cb9d05{ip: 192.168.157.226, host: pr-hdds-1569-swxfz-3172132826, networkLocation: /default-rack, certSerialId: null}, Type:RATIS, Factor:ONE, State:OPEN]
2019-09-19 11:15:43,915 [grpc-default-executor-0] INFO  impl.RaftServerProxy (RaftServerProxy.java:addNew(89)) - 6d9635c1-82f6-4958-89b3-6bc3e98b3bf9: addNew group-C89F5D1FA49C:[6d9635c1-82f6-4958-89b3-6bc3e98b3bf9:192.168.157.226:40530] returns group-C89F5D1FA49C:java.util.concurrent.CompletableFuture@22317674[Not completed]
2019-09-19 11:15:43,918 [pool-49-thread-1] INFO  impl.RaftServerImpl (RaftServerImpl.java:<init>(93)) - 6d9635c1-82f6-4958-89b3-6bc3e98b3bf9: new RaftServerImpl for group-C89F5D1FA49C:[6d9635c1-82f6-4958-89b3-6bc3e98b3bf9:192.168.157.226:40530] with ContainerStateMachine:uninitialized
2019-09-19 11:15:43,918 [pool-49-thread-1] INFO  server.RaftServerConfigKeys (ConfUtils.java:logGet(43)) - raft.server.rpc.timeout.min = 5s (custom)
2019-09-19 11:15:43,918 [pool-49-thread-1] INFO  server.RaftServerConfigKeys (ConfUtils.java:logGet(43)) - raft.server.rpc.timeout.max = 5200ms (custom)
2019-09-19 11:15:43,918 [pool-49-thread-1] INFO  server.RaftServerConfigKeys (ConfUtils.java:logGet(43)) - raft.server.rpcslowness.timeout = 120s (custom)
2019-09-19 11:15:43,918 [pool-49-thread-1] INFO  server.RaftServerConfigKeys (ConfUtils.java:logGet(43)) - raft.server.sleep.deviation.threshold = 300 (default)
2019-09-19 11:15:43,919 [pool-49-thread-1] INFO  server.RaftServerConfigKeys (ConfUtils.java:logGet(43)) - raft.server.log.appender.install.snapshot.enabled = false (custom)
2019-09-19 11:15:43,919 [pool-49-thread-1] INFO  impl.RaftServerImpl (ServerState.java:<init>(105)) - 6d9635c1-82f6-4958-89b3-6bc3e98b3bf9:group-C89F5D1FA49C ConfigurationManager, init=-1: [6d9635c1-82f6-4958-89b3-6bc3e98b3bf9:192.168.157.226:40530], old=null, confs=<EMPTY_MAP>
2019-09-19 11:15:43,919 [pool-49-thread-1] INFO  server.RaftServerConfigKeys (ConfUtils.java:logGet(43)) - raft.server.storage.dir = [/workdir/hadoop-ozone/integration-test/target/test-dir/MiniOzoneClusterImpl-7fc07b7e-c81f-4adf-a353-408e6fc41966/datanode-2/data/ratis] (custom)
2019-09-19 11:15:43,920 [pool-49-thread-1] INFO  storage.RaftStorageDirectory (RaftStorageDirectory.java:analyzeStorage(246)) - The storage directory /workdir/hadoop-ozone/integration-test/target/test-dir/MiniOzoneClusterImpl-7fc07b7e-c81f-4adf-a353-408e6fc41966/datanode-2/data/ratis/103265a9-3068-45bd-9c60-c89f5d1fa49c does not exist. Creating ...
2019-09-19 11:15:43,933 [pool-49-thread-1] INFO  storage.RaftStorageDirectory (RaftStorageDirectory.java:tryLock(328)) - Lock on /workdir/hadoop-ozone/integration-test/target/test-dir/MiniOzoneClusterImpl-7fc07b7e-c81f-4adf-a353-408e6fc41966/datanode-2/data/ratis/103265a9-3068-45bd-9c60-c89f5d1fa49c/in_use.lock acquired by nodename 20864@pr-hdds-1569-swxfz-3172132826
2019-09-19 11:15:43,946 [pool-49-thread-1] INFO  storage.RaftStorage (RaftStorage.java:format(72)) - Storage directory /workdir/hadoop-ozone/integration-test/target/test-dir/MiniOzoneClusterImpl-7fc07b7e-c81f-4adf-a353-408e6fc41966/datanode-2/data/ratis/103265a9-3068-45bd-9c60-c89f5d1fa49c has been successfully formatted.
2019-09-19 11:15:43,946 [pool-49-thread-1] INFO  ratis.ContainerStateMachine (ContainerStateMachine.java:loadSnapshot(226)) - group-C89F5D1FA49C: The snapshot info is null. Setting the last applied indexto:(t:0, i:~)
2019-09-19 11:15:43,947 [pool-49-thread-1] INFO  server.RaftServerConfigKeys (ConfUtils.java:logGet(43)) - raft.server.leader.election.timeout = 120s (custom)
2019-09-19 11:15:43,947 [pool-49-thread-1] INFO  server.RaftServerConfigKeys (ConfUtils.java:logGet(43)) - raft.server.log.use.memory = false (default)
2019-09-19 11:15:43,947 [pool-49-thread-1] INFO  server.RaftServerConfigKeys (ConfUtils.java:logGet(43)) - raft.server.log.purge.gap = 1000000 (custom)
2019-09-19 11:15:43,947 [pool-49-thread-1] INFO  server.RaftServerConfigKeys (ConfUtils.java:logGet(43)) - raft.server.log.appender.buffer.byte-limit = 33554432 (custom)
2019-09-19 11:15:43,948 [pool-49-thread-1] INFO  server.RaftServerConfigKeys (ConfUtils.java:logGet(43)) - raft.server.log.segment.size.max = 1048576 (custom)
2019-09-19 11:15:43,948 [pool-49-thread-1] INFO  server.RaftServerConfigKeys (ConfUtils.java:logGet(43)) - raft.server.log.segment.cache.num.max = 2 (custom)
2019-09-19 11:15:43,948 [pool-49-thread-1] INFO  segmented.SegmentedRaftLogWorker (SegmentedRaftLogWorker.java:<init>(172)) - new 6d9635c1-82f6-4958-89b3-6bc3e98b3bf9-SegmentedRaftLogWorker:Storage Directory /workdir/hadoop-ozone/integration-test/target/test-dir/MiniOzoneClusterImpl-7fc07b7e-c81f-4adf-a353-408e6fc41966/datanode-2/data/ratis/103265a9-3068-45bd-9c60-c89f5d1fa49c for RaftStorage:Storage Directory /workdir/hadoop-ozone/integration-test/target/test-dir/MiniOzoneClusterImpl-7fc07b7e-c81f-4adf-a353-408e6fc41966/datanode-2/data/ratis/103265a9-3068-45bd-9c60-c89f5d1fa49c
2019-09-19 11:15:43,948 [pool-49-thread-1] INFO  server.RaftServerConfigKeys (ConfUtils.java:logGet(43)) - raft.server.log.queue.byte-limit = 2147483647 (custom)
2019-09-19 11:15:43,948 [pool-49-thread-1] INFO  server.RaftServerConfigKeys (ConfUtils.java:logGet(43)) - raft.server.log.queue.element-limit = 1024 (custom)
2019-09-19 11:15:43,949 [pool-49-thread-1] INFO  server.RaftServerConfigKeys (ConfUtils.java:logGet(43)) - raft.server.log.segment.size.max = 1048576 (custom)
2019-09-19 11:15:43,949 [pool-49-thread-1] INFO  server.RaftServerConfigKeys (ConfUtils.java:logGet(43)) - raft.server.log.preallocated.size = 16384 (custom)
2019-09-19 11:15:43,949 [pool-49-thread-1] INFO  server.RaftServerConfigKeys (ConfUtils.java:logGet(43)) - raft.server.log.write.buffer.size = 33554432 (custom)
2019-09-19 11:15:43,949 [pool-49-thread-1] INFO  server.RaftServerConfigKeys (ConfUtils.java:logGet(43)) - raft.server.log.force.sync.num = 128 (default)
2019-09-19 11:15:43,949 [pool-49-thread-1] INFO  server.RaftServerConfigKeys (ConfUtils.java:logGet(43)) - raft.server.log.statemachine.data.sync = true (default)
2019-09-19 11:15:43,950 [pool-49-thread-1] INFO  server.RaftServerConfigKeys (ConfUtils.java:logGet(43)) - raft.server.log.statemachine.data.sync.timeout = 10s (default)
2019-09-19 11:15:43,950 [pool-49-thread-1] INFO  server.RaftServerConfigKeys (ConfUtils.java:logGet(43)) - raft.server.log.statemachine.data.sync.timeout.retry = -1 (default)
2019-09-19 11:15:43,950 [pool-49-thread-1] INFO  server.RaftServerConfigKeys (ConfUtils.java:logGet(43)) - raft.server.log.statemachine.data.caching.enabled = true (custom)
2019-09-19 11:15:43,951 [pool-49-thread-1] INFO  segmented.SegmentedRaftLogWorker (SegmentedRaftLogWorker.java:lambda$new$0(132)) - 6d9635c1-82f6-4958-89b3-6bc3e98b3bf9-SegmentedRaftLogWorker:Storage Directory /workdir/hadoop-ozone/integration-test/target/test-dir/MiniOzoneClusterImpl-7fc07b7e-c81f-4adf-a353-408e6fc41966/datanode-2/data/ratis/103265a9-3068-45bd-9c60-c89f5d1fa49c: flushIndex: setUnconditionally 0 -> -1
2019-09-19 11:15:43,951 [pool-49-thread-1] INFO  server.RaftServerConfigKeys (ConfUtils.java:logGet(43)) - raft.server.snapshot.auto.trigger.enabled = true (custom)
2019-09-19 11:15:43,951 [pool-49-thread-1] INFO  server.RaftServerConfigKeys (ConfUtils.java:logGet(43)) - raft.server.snapshot.auto.trigger.threshold = 10000 (custom)
2019-09-19 11:15:43,952 [pool-49-thread-1] INFO  server.RaftServerConfigKeys (ConfUtils.java:logGet(43)) - raft.server.retrycache.expirytime = 600000ms (custom)
2019-09-19 11:15:43,952 [pool-49-thread-1] INFO  impl.RaftServerImpl (RaftServerImpl.java:start(180)) - 6d9635c1-82f6-4958-89b3-6bc3e98b3bf9: start group-C89F5D1FA49C
2019-09-19 11:15:43,952 [pool-49-thread-1] INFO  impl.RaftServerImpl (RaftServerImpl.java:setRole(171)) - 6d9635c1-82f6-4958-89b3-6bc3e98b3bf9:group-C89F5D1FA49C changes role from null to FOLLOWER at term 0 for startAsFollower
2019-09-19 11:15:43,952 [pool-49-thread-1] INFO  impl.RoleInfo (RoleInfo.java:updateAndGet(143)) - 6d9635c1-82f6-4958-89b3-6bc3e98b3bf9: start FollowerState
2019-09-19 11:15:43,953 [pool-49-thread-1] INFO  util.JmxRegister (JmxRegister.java:tryRegister(44)) - Successfully registered JMX Bean with object name Ratis:service=RaftServer,group=group-C89F5D1FA49C,id=6d9635c1-82f6-4958-89b3-6bc3e98b3bf9
2019-09-19 11:15:43,962 [RatisPipelineUtilsThread] INFO  pipeline.PipelineStateManager (PipelineStateManager.java:addPipeline(56)) - Created pipeline Pipeline[ Id: 103265a9-3068-45bd-9c60-c89f5d1fa49c, Nodes: 6d9635c1-82f6-4958-89b3-6bc3e98b3bf9{ip: 192.168.157.226, host: pr-hdds-1569-swxfz-3172132826, networkLocation: /default-rack, certSerialId: null}, Type:RATIS, Factor:ONE, State:OPEN]
2019-09-19 11:15:43,975 [grpc-default-executor-1] INFO  impl.RaftServerProxy (RaftServerProxy.java:addNew(89)) - 6d9635c1-82f6-4958-89b3-6bc3e98b3bf9: addNew group-1CC47007AB3B:[6d9635c1-82f6-4958-89b3-6bc3e98b3bf9:192.168.157.226:40530] returns group-1CC47007AB3B:java.util.concurrent.CompletableFuture@7e2bc138[Not completed]
2019-09-19 11:15:43,977 [pool-49-thread-1] INFO  impl.RaftServerImpl (RaftServerImpl.java:<init>(93)) - 6d9635c1-82f6-4958-89b3-6bc3e98b3bf9: new RaftServerImpl for group-1CC47007AB3B:[6d9635c1-82f6-4958-89b3-6bc3e98b3bf9:192.168.157.226:40530] with ContainerStateMachine:uninitialized
2019-09-19 11:15:43,977 [pool-49-thread-1] INFO  server.RaftServerConfigKeys (ConfUtils.java:logGet(43)) - raft.server.rpc.timeout.min = 5s (custom)
2019-09-19 11:15:43,977 [pool-49-thread-1] INFO  server.RaftServerConfigKeys (ConfUtils.java:logGet(43)) - raft.server.rpc.timeout.max = 5200ms (custom)
2019-09-19 11:15:43,978 [pool-49-thread-1] INFO  server.RaftServerConfigKeys (ConfUtils.java:logGet(43)) - raft.server.rpcslowness.timeout = 120s (custom)
2019-09-19 11:15:43,978 [pool-49-thread-1] INFO  server.RaftServerConfigKeys (ConfUtils.java:logGet(43)) - raft.server.sleep.deviation.threshold = 300 (default)
2019-09-19 11:15:43,978 [pool-49-thread-1] INFO  server.RaftServerConfigKeys (ConfUtils.java:logGet(43)) - raft.server.log.appender.install.snapshot.enabled = false (custom)
2019-09-19 11:15:43,978 [pool-49-thread-1] INFO  impl.RaftServerImpl (ServerState.java:<init>(105)) - 6d9635c1-82f6-4958-89b3-6bc3e98b3bf9:group-1CC47007AB3B ConfigurationManager, init=-1: [6d9635c1-82f6-4958-89b3-6bc3e98b3bf9:192.168.157.226:40530], old=null, confs=<EMPTY_MAP>
2019-09-19 11:15:43,978 [pool-49-thread-1] INFO  server.RaftServerConfigKeys (ConfUtils.java:logGet(43)) - raft.server.storage.dir = [/workdir/hadoop-ozone/integration-test/target/test-dir/MiniOzoneClusterImpl-7fc07b7e-c81f-4adf-a353-408e6fc41966/datanode-2/data/ratis] (custom)
2019-09-19 11:15:43,979 [pool-49-thread-1] INFO  storage.RaftStorageDirectory (RaftStorageDirectory.java:analyzeStorage(246)) - The storage directory /workdir/hadoop-ozone/integration-test/target/test-dir/MiniOzoneClusterImpl-7fc07b7e-c81f-4adf-a353-408e6fc41966/datanode-2/data/ratis/a2f29b56-3990-46e1-91b1-1cc47007ab3b does not exist. Creating ...
2019-09-19 11:15:43,991 [pool-49-thread-1] INFO  storage.RaftStorageDirectory (RaftStorageDirectory.java:tryLock(328)) - Lock on /workdir/hadoop-ozone/integration-test/target/test-dir/MiniOzoneClusterImpl-7fc07b7e-c81f-4adf-a353-408e6fc41966/datanode-2/data/ratis/a2f29b56-3990-46e1-91b1-1cc47007ab3b/in_use.lock acquired by nodename 20864@pr-hdds-1569-swxfz-3172132826
2019-09-19 11:15:44,012 [pool-49-thread-1] INFO  storage.RaftStorage (RaftStorage.java:format(72)) - Storage directory /workdir/hadoop-ozone/integration-test/target/test-dir/MiniOzoneClusterImpl-7fc07b7e-c81f-4adf-a353-408e6fc41966/datanode-2/data/ratis/a2f29b56-3990-46e1-91b1-1cc47007ab3b has been successfully formatted.
2019-09-19 11:15:44,013 [pool-49-thread-1] INFO  ratis.ContainerStateMachine (ContainerStateMachine.java:loadSnapshot(226)) - group-1CC47007AB3B: The snapshot info is null. Setting the last applied indexto:(t:0, i:~)
2019-09-19 11:15:44,013 [pool-49-thread-1] INFO  server.RaftServerConfigKeys (ConfUtils.java:logGet(43)) - raft.server.leader.election.timeout = 120s (custom)
2019-09-19 11:15:44,013 [pool-49-thread-1] INFO  server.RaftServerConfigKeys (ConfUtils.java:logGet(43)) - raft.server.log.use.memory = false (default)
2019-09-19 11:15:44,013 [pool-49-thread-1] INFO  server.RaftServerConfigKeys (ConfUtils.java:logGet(43)) - raft.server.log.purge.gap = 1000000 (custom)
2019-09-19 11:15:44,014 [pool-49-thread-1] INFO  server.RaftServerConfigKeys (ConfUtils.java:logGet(43)) - raft.server.log.appender.buffer.byte-limit = 33554432 (custom)
2019-09-19 11:15:44,014 [pool-49-thread-1] INFO  server.RaftServerConfigKeys (ConfUtils.java:logGet(43)) - raft.server.log.segment.size.max = 1048576 (custom)
2019-09-19 11:15:44,014 [pool-49-thread-1] INFO  server.RaftServerConfigKeys (ConfUtils.java:logGet(43)) - raft.server.log.segment.cache.num.max = 2 (custom)
2019-09-19 11:15:44,014 [pool-49-thread-1] INFO  segmented.SegmentedRaftLogWorker (SegmentedRaftLogWorker.java:<init>(172)) - new 6d9635c1-82f6-4958-89b3-6bc3e98b3bf9-SegmentedRaftLogWorker:Storage Directory /workdir/hadoop-ozone/integration-test/target/test-dir/MiniOzoneClusterImpl-7fc07b7e-c81f-4adf-a353-408e6fc41966/datanode-2/data/ratis/a2f29b56-3990-46e1-91b1-1cc47007ab3b for RaftStorage:Storage Directory /workdir/hadoop-ozone/integration-test/target/test-dir/MiniOzoneClusterImpl-7fc07b7e-c81f-4adf-a353-408e6fc41966/datanode-2/data/ratis/a2f29b56-3990-46e1-91b1-1cc47007ab3b
2019-09-19 11:15:44,014 [pool-49-thread-1] INFO  server.RaftServerConfigKeys (ConfUtils.java:logGet(43)) - raft.server.log.queue.byte-limit = 2147483647 (custom)
2019-09-19 11:15:44,015 [pool-49-thread-1] INFO  server.RaftServerConfigKeys (ConfUtils.java:logGet(43)) - raft.server.log.queue.element-limit = 1024 (custom)
2019-09-19 11:15:44,015 [pool-49-thread-1] INFO  server.RaftServerConfigKeys (ConfUtils.java:logGet(43)) - raft.server.log.segment.size.max = 1048576 (custom)
2019-09-19 11:15:44,015 [pool-49-thread-1] INFO  server.RaftServerConfigKeys (ConfUtils.java:logGet(43)) - raft.server.log.preallocated.size = 16384 (custom)
2019-09-19 11:15:44,015 [pool-49-thread-1] INFO  server.RaftServerConfigKeys (ConfUtils.java:logGet(43)) - raft.server.log.write.buffer.size = 33554432 (custom)
2019-09-19 11:15:44,015 [pool-49-thread-1] INFO  server.RaftServerConfigKeys (ConfUtils.java:logGet(43)) - raft.server.log.force.sync.num = 128 (default)
2019-09-19 11:15:44,016 [pool-49-thread-1] INFO  server.RaftServerConfigKeys (ConfUtils.java:logGet(43)) - raft.server.log.statemachine.data.sync = true (default)
2019-09-19 11:15:44,016 [pool-49-thread-1] INFO  server.RaftServerConfigKeys (ConfUtils.java:logGet(43)) - raft.server.log.statemachine.data.sync.timeout = 10s (default)
2019-09-19 11:15:44,016 [main] INFO  ozone.MiniOzoneClusterImpl (MiniOzoneClusterImpl.java:lambda$waitForClusterToBeReady$0(142)) - Cluster is ready. Got 3 of 3 DN Heartbeats.
2019-09-19 11:15:44,016 [pool-49-thread-1] INFO  server.RaftServerConfigKeys (ConfUtils.java:logGet(43)) - raft.server.log.statemachine.data.sync.timeout.retry = -1 (default)
2019-09-19 11:15:44,018 [pool-49-thread-1] INFO  server.RaftServerConfigKeys (ConfUtils.java:logGet(43)) - raft.server.log.statemachine.data.caching.enabled = true (custom)
2019-09-19 11:15:44,018 [pool-49-thread-1] INFO  segmented.SegmentedRaftLogWorker (SegmentedRaftLogWorker.java:lambda$new$0(132)) - 6d9635c1-82f6-4958-89b3-6bc3e98b3bf9-SegmentedRaftLogWorker:Storage Directory /workdir/hadoop-ozone/integration-test/target/test-dir/MiniOzoneClusterImpl-7fc07b7e-c81f-4adf-a353-408e6fc41966/datanode-2/data/ratis/a2f29b56-3990-46e1-91b1-1cc47007ab3b: flushIndex: setUnconditionally 0 -> -1
2019-09-19 11:15:44,019 [pool-49-thread-1] INFO  server.RaftServerConfigKeys (ConfUtils.java:logGet(43)) - raft.server.snapshot.auto.trigger.enabled = true (custom)
2019-09-19 11:15:44,019 [pool-49-thread-1] INFO  server.RaftServerConfigKeys (ConfUtils.java:logGet(43)) - raft.server.snapshot.auto.trigger.threshold = 10000 (custom)
2019-09-19 11:15:44,019 [pool-49-thread-1] INFO  server.RaftServerConfigKeys (ConfUtils.java:logGet(43)) - raft.server.retrycache.expirytime = 600000ms (custom)
2019-09-19 11:15:44,019 [pool-49-thread-1] INFO  impl.RaftServerImpl (RaftServerImpl.java:start(180)) - 6d9635c1-82f6-4958-89b3-6bc3e98b3bf9: start group-1CC47007AB3B
2019-09-19 11:15:44,020 [pool-49-thread-1] INFO  impl.RaftServerImpl (RaftServerImpl.java:setRole(171)) - 6d9635c1-82f6-4958-89b3-6bc3e98b3bf9:group-1CC47007AB3B changes role from null to FOLLOWER at term 0 for startAsFollower
2019-09-19 11:15:44,020 [pool-49-thread-1] INFO  impl.RoleInfo (RoleInfo.java:updateAndGet(143)) - 6d9635c1-82f6-4958-89b3-6bc3e98b3bf9: start FollowerState
2019-09-19 11:15:44,021 [pool-49-thread-1] INFO  util.JmxRegister (JmxRegister.java:tryRegister(44)) - Successfully registered JMX Bean with object name Ratis:service=RaftServer,group=group-1CC47007AB3B,id=6d9635c1-82f6-4958-89b3-6bc3e98b3bf9
2019-09-19 11:15:44,029 [RatisPipelineUtilsThread] INFO  pipeline.PipelineStateManager (PipelineStateManager.java:addPipeline(56)) - Created pipeline Pipeline[ Id: a2f29b56-3990-46e1-91b1-1cc47007ab3b, Nodes: 6d9635c1-82f6-4958-89b3-6bc3e98b3bf9{ip: 192.168.157.226, host: pr-hdds-1569-swxfz-3172132826, networkLocation: /default-rack, certSerialId: null}, Type:RATIS, Factor:ONE, State:OPEN]
2019-09-19 11:15:44,040 [grpc-default-executor-1] INFO  impl.RaftServerProxy (RaftServerProxy.java:addNew(89)) - 6d9635c1-82f6-4958-89b3-6bc3e98b3bf9: addNew group-6A8D77CA18C7:[6d9635c1-82f6-4958-89b3-6bc3e98b3bf9:192.168.157.226:40530] returns group-6A8D77CA18C7:java.util.concurrent.CompletableFuture@74d3aa48[Not completed]
2019-09-19 11:15:44,042 [pool-49-thread-1] INFO  impl.RaftServerImpl (RaftServerImpl.java:<init>(93)) - 6d9635c1-82f6-4958-89b3-6bc3e98b3bf9: new RaftServerImpl for group-6A8D77CA18C7:[6d9635c1-82f6-4958-89b3-6bc3e98b3bf9:192.168.157.226:40530] with ContainerStateMachine:uninitialized
2019-09-19 11:15:44,042 [pool-49-thread-1] INFO  server.RaftServerConfigKeys (ConfUtils.java:logGet(43)) - raft.server.rpc.timeout.min = 5s (custom)
2019-09-19 11:15:44,042 [pool-49-thread-1] INFO  server.RaftServerConfigKeys (ConfUtils.java:logGet(43)) - raft.server.rpc.timeout.max = 5200ms (custom)
2019-09-19 11:15:44,042 [pool-49-thread-1] INFO  server.RaftServerConfigKeys (ConfUtils.java:logGet(43)) - raft.server.rpcslowness.timeout = 120s (custom)
2019-09-19 11:15:44,043 [pool-49-thread-1] INFO  server.RaftServerConfigKeys (ConfUtils.java:logGet(43)) - raft.server.sleep.deviation.threshold = 300 (default)
2019-09-19 11:15:44,043 [pool-49-thread-1] INFO  server.RaftServerConfigKeys (ConfUtils.java:logGet(43)) - raft.server.log.appender.install.snapshot.enabled = false (custom)
2019-09-19 11:15:44,043 [pool-49-thread-1] INFO  impl.RaftServerImpl (ServerState.java:<init>(105)) - 6d9635c1-82f6-4958-89b3-6bc3e98b3bf9:group-6A8D77CA18C7 ConfigurationManager, init=-1: [6d9635c1-82f6-4958-89b3-6bc3e98b3bf9:192.168.157.226:40530], old=null, confs=<EMPTY_MAP>
2019-09-19 11:15:44,043 [pool-49-thread-1] INFO  server.RaftServerConfigKeys (ConfUtils.java:logGet(43)) - raft.server.storage.dir = [/workdir/hadoop-ozone/integration-test/target/test-dir/MiniOzoneClusterImpl-7fc07b7e-c81f-4adf-a353-408e6fc41966/datanode-2/data/ratis] (custom)
2019-09-19 11:15:44,044 [pool-49-thread-1] INFO  storage.RaftStorageDirectory (RaftStorageDirectory.java:analyzeStorage(246)) - The storage directory /workdir/hadoop-ozone/integration-test/target/test-dir/MiniOzoneClusterImpl-7fc07b7e-c81f-4adf-a353-408e6fc41966/datanode-2/data/ratis/31ec565d-622e-4c7b-ab9c-6a8d77ca18c7 does not exist. Creating ...
2019-09-19 11:15:44,057 [pool-49-thread-1] INFO  storage.RaftStorageDirectory (RaftStorageDirectory.java:tryLock(328)) - Lock on /workdir/hadoop-ozone/integration-test/target/test-dir/MiniOzoneClusterImpl-7fc07b7e-c81f-4adf-a353-408e6fc41966/datanode-2/data/ratis/31ec565d-622e-4c7b-ab9c-6a8d77ca18c7/in_use.lock acquired by nodename 20864@pr-hdds-1569-swxfz-3172132826
2019-09-19 11:15:44,070 [pool-49-thread-1] INFO  storage.RaftStorage (RaftStorage.java:format(72)) - Storage directory /workdir/hadoop-ozone/integration-test/target/test-dir/MiniOzoneClusterImpl-7fc07b7e-c81f-4adf-a353-408e6fc41966/datanode-2/data/ratis/31ec565d-622e-4c7b-ab9c-6a8d77ca18c7 has been successfully formatted.
2019-09-19 11:15:44,070 [pool-49-thread-1] INFO  ratis.ContainerStateMachine (ContainerStateMachine.java:loadSnapshot(226)) - group-6A8D77CA18C7: The snapshot info is null. Setting the last applied indexto:(t:0, i:~)
2019-09-19 11:15:44,070 [pool-49-thread-1] INFO  server.RaftServerConfigKeys (ConfUtils.java:logGet(43)) - raft.server.leader.election.timeout = 120s (custom)
2019-09-19 11:15:44,071 [pool-49-thread-1] INFO  server.RaftServerConfigKeys (ConfUtils.java:logGet(43)) - raft.server.log.use.memory = false (default)
2019-09-19 11:15:44,071 [pool-49-thread-1] INFO  server.RaftServerConfigKeys (ConfUtils.java:logGet(43)) - raft.server.log.purge.gap = 1000000 (custom)
2019-09-19 11:15:44,071 [pool-49-thread-1] INFO  server.RaftServerConfigKeys (ConfUtils.java:logGet(43)) - raft.server.log.appender.buffer.byte-limit = 33554432 (custom)
2019-09-19 11:15:44,071 [pool-49-thread-1] INFO  server.RaftServerConfigKeys (ConfUtils.java:logGet(43)) - raft.server.log.segment.size.max = 1048576 (custom)
2019-09-19 11:15:44,071 [pool-49-thread-1] INFO  server.RaftServerConfigKeys (ConfUtils.java:logGet(43)) - raft.server.log.segment.cache.num.max = 2 (custom)
2019-09-19 11:15:44,071 [pool-49-thread-1] INFO  segmented.SegmentedRaftLogWorker (SegmentedRaftLogWorker.java:<init>(172)) - new 6d9635c1-82f6-4958-89b3-6bc3e98b3bf9-SegmentedRaftLogWorker:Storage Directory /workdir/hadoop-ozone/integration-test/target/test-dir/MiniOzoneClusterImpl-7fc07b7e-c81f-4adf-a353-408e6fc41966/datanode-2/data/ratis/31ec565d-622e-4c7b-ab9c-6a8d77ca18c7 for RaftStorage:Storage Directory /workdir/hadoop-ozone/integration-test/target/test-dir/MiniOzoneClusterImpl-7fc07b7e-c81f-4adf-a353-408e6fc41966/datanode-2/data/ratis/31ec565d-622e-4c7b-ab9c-6a8d77ca18c7
2019-09-19 11:15:44,071 [pool-49-thread-1] INFO  server.RaftServerConfigKeys (ConfUtils.java:logGet(43)) - raft.server.log.queue.byte-limit = 2147483647 (custom)
2019-09-19 11:15:44,072 [pool-49-thread-1] INFO  server.RaftServerConfigKeys (ConfUtils.java:logGet(43)) - raft.server.log.queue.element-limit = 1024 (custom)
2019-09-19 11:15:44,072 [pool-49-thread-1] INFO  server.RaftServerConfigKeys (ConfUtils.java:logGet(43)) - raft.server.log.segment.size.max = 1048576 (custom)
2019-09-19 11:15:44,072 [pool-49-thread-1] INFO  server.RaftServerConfigKeys (ConfUtils.java:logGet(43)) - raft.server.log.preallocated.size = 16384 (custom)
2019-09-19 11:15:44,072 [pool-49-thread-1] INFO  server.RaftServerConfigKeys (ConfUtils.java:logGet(43)) - raft.server.log.write.buffer.size = 33554432 (custom)
2019-09-19 11:15:44,072 [pool-49-thread-1] INFO  server.RaftServerConfigKeys (ConfUtils.java:logGet(43)) - raft.server.log.force.sync.num = 128 (default)
2019-09-19 11:15:44,072 [pool-49-thread-1] INFO  server.RaftServerConfigKeys (ConfUtils.java:logGet(43)) - raft.server.log.statemachine.data.sync = true (default)
2019-09-19 11:15:44,073 [pool-49-thread-1] INFO  server.RaftServerConfigKeys (ConfUtils.java:logGet(43)) - raft.server.log.statemachine.data.sync.timeout = 10s (default)
2019-09-19 11:15:44,073 [pool-49-thread-1] INFO  server.RaftServerConfigKeys (ConfUtils.java:logGet(43)) - raft.server.log.statemachine.data.sync.timeout.retry = -1 (default)
2019-09-19 11:15:44,073 [pool-49-thread-1] INFO  server.RaftServerConfigKeys (ConfUtils.java:logGet(43)) - raft.server.log.statemachine.data.caching.enabled = true (custom)
2019-09-19 11:15:44,073 [pool-49-thread-1] INFO  segmented.SegmentedRaftLogWorker (SegmentedRaftLogWorker.java:lambda$new$0(132)) - 6d9635c1-82f6-4958-89b3-6bc3e98b3bf9-SegmentedRaftLogWorker:Storage Directory /workdir/hadoop-ozone/integration-test/target/test-dir/MiniOzoneClusterImpl-7fc07b7e-c81f-4adf-a353-408e6fc41966/datanode-2/data/ratis/31ec565d-622e-4c7b-ab9c-6a8d77ca18c7: flushIndex: setUnconditionally 0 -> -1
2019-09-19 11:15:44,074 [pool-49-thread-1] INFO  server.RaftServerConfigKeys (ConfUtils.java:logGet(43)) - raft.server.snapshot.auto.trigger.enabled = true (custom)
2019-09-19 11:15:44,074 [pool-49-thread-1] INFO  server.RaftServerConfigKeys (ConfUtils.java:logGet(43)) - raft.server.snapshot.auto.trigger.threshold = 10000 (custom)
2019-09-19 11:15:44,074 [pool-49-thread-1] INFO  server.RaftServerConfigKeys (ConfUtils.java:logGet(43)) - raft.server.retrycache.expirytime = 600000ms (custom)
2019-09-19 11:15:44,074 [pool-49-thread-1] INFO  impl.RaftServerImpl (RaftServerImpl.java:start(180)) - 6d9635c1-82f6-4958-89b3-6bc3e98b3bf9: start group-6A8D77CA18C7
2019-09-19 11:15:44,074 [pool-49-thread-1] INFO  impl.RaftServerImpl (RaftServerImpl.java:setRole(171)) - 6d9635c1-82f6-4958-89b3-6bc3e98b3bf9:group-6A8D77CA18C7 changes role from null to FOLLOWER at term 0 for startAsFollower
2019-09-19 11:15:44,075 [pool-49-thread-1] INFO  impl.RoleInfo (RoleInfo.java:updateAndGet(143)) - 6d9635c1-82f6-4958-89b3-6bc3e98b3bf9: start FollowerState
2019-09-19 11:15:44,075 [pool-49-thread-1] INFO  util.JmxRegister (JmxRegister.java:tryRegister(44)) - Successfully registered JMX Bean with object name Ratis:service=RaftServer,group=group-6A8D77CA18C7,id=6d9635c1-82f6-4958-89b3-6bc3e98b3bf9
2019-09-19 11:15:44,084 [RatisPipelineUtilsThread] INFO  pipeline.PipelineStateManager (PipelineStateManager.java:addPipeline(56)) - Created pipeline Pipeline[ Id: 31ec565d-622e-4c7b-ab9c-6a8d77ca18c7, Nodes: 6d9635c1-82f6-4958-89b3-6bc3e98b3bf9{ip: 192.168.157.226, host: pr-hdds-1569-swxfz-3172132826, networkLocation: /default-rack, certSerialId: null}, Type:RATIS, Factor:ONE, State:OPEN]
2019-09-19 11:15:44,085 [RatisPipelineUtilsThread] ERROR pipeline.PipelinePlacementPolicy (PipelinePlacementPolicy.java:meetCriteria(91)) - Pipeline Placement: Doesn't meet the criteria to be viable node. Heaviness: 6
2019-09-19 11:15:44,087 | INFO  | SCMAudit | user=jenkins1000 | ip=192.168.157.226 | op=SEND_HEARTBEAT {datanodeUUID=dbc7cc94-1ec8-41e3-bae5-3deb3fe35f66, command=[]} | ret=SUCCESS |  
2019-09-19 11:15:44,095 [grpc-default-executor-1] INFO  impl.RaftServerProxy (RaftServerProxy.java:addNew(89)) - dbc7cc94-1ec8-41e3-bae5-3deb3fe35f66: addNew group-9949EFF41E60:[dbc7cc94-1ec8-41e3-bae5-3deb3fe35f66:192.168.157.226:39716] returns group-9949EFF41E60:java.util.concurrent.CompletableFuture@11d30fb5[Not completed]
2019-09-19 11:15:44,096 [pool-27-thread-1] INFO  impl.RaftServerImpl (RaftServerImpl.java:<init>(93)) - dbc7cc94-1ec8-41e3-bae5-3deb3fe35f66: new RaftServerImpl for group-9949EFF41E60:[dbc7cc94-1ec8-41e3-bae5-3deb3fe35f66:192.168.157.226:39716] with ContainerStateMachine:uninitialized
2019-09-19 11:15:44,096 [pool-27-thread-1] INFO  server.RaftServerConfigKeys (ConfUtils.java:logGet(43)) - raft.server.rpc.timeout.min = 5s (custom)
2019-09-19 11:15:44,097 [pool-27-thread-1] INFO  server.RaftServerConfigKeys (ConfUtils.java:logGet(43)) - raft.server.rpc.timeout.max = 5200ms (custom)
2019-09-19 11:15:44,097 [pool-27-thread-1] INFO  server.RaftServerConfigKeys (ConfUtils.java:logGet(43)) - raft.server.rpcslowness.timeout = 120s (custom)
2019-09-19 11:15:44,097 [pool-27-thread-1] INFO  server.RaftServerConfigKeys (ConfUtils.java:logGet(43)) - raft.server.sleep.deviation.threshold = 300 (default)
2019-09-19 11:15:44,097 [pool-27-thread-1] INFO  server.RaftServerConfigKeys (ConfUtils.java:logGet(43)) - raft.server.log.appender.install.snapshot.enabled = false (custom)
2019-09-19 11:15:44,097 [pool-27-thread-1] INFO  impl.RaftServerImpl (ServerState.java:<init>(105)) - dbc7cc94-1ec8-41e3-bae5-3deb3fe35f66:group-9949EFF41E60 ConfigurationManager, init=-1: [dbc7cc94-1ec8-41e3-bae5-3deb3fe35f66:192.168.157.226:39716], old=null, confs=<EMPTY_MAP>
2019-09-19 11:15:44,097 [pool-27-thread-1] INFO  server.RaftServerConfigKeys (ConfUtils.java:logGet(43)) - raft.server.storage.dir = [/workdir/hadoop-ozone/integration-test/target/test-dir/MiniOzoneClusterImpl-7fc07b7e-c81f-4adf-a353-408e6fc41966/datanode-0/data/ratis] (custom)
2019-09-19 11:15:44,098 [pool-27-thread-1] INFO  storage.RaftStorageDirectory (RaftStorageDirectory.java:analyzeStorage(246)) - The storage directory /workdir/hadoop-ozone/integration-test/target/test-dir/MiniOzoneClusterImpl-7fc07b7e-c81f-4adf-a353-408e6fc41966/datanode-0/data/ratis/a0479f68-2d8a-4921-8286-9949eff41e60 does not exist. Creating ...
2019-09-19 11:15:44,110 [pool-27-thread-1] INFO  storage.RaftStorageDirectory (RaftStorageDirectory.java:tryLock(328)) - Lock on /workdir/hadoop-ozone/integration-test/target/test-dir/MiniOzoneClusterImpl-7fc07b7e-c81f-4adf-a353-408e6fc41966/datanode-0/data/ratis/a0479f68-2d8a-4921-8286-9949eff41e60/in_use.lock acquired by nodename 20864@pr-hdds-1569-swxfz-3172132826
2019-09-19 11:15:44,123 [pool-27-thread-1] INFO  storage.RaftStorage (RaftStorage.java:format(72)) - Storage directory /workdir/hadoop-ozone/integration-test/target/test-dir/MiniOzoneClusterImpl-7fc07b7e-c81f-4adf-a353-408e6fc41966/datanode-0/data/ratis/a0479f68-2d8a-4921-8286-9949eff41e60 has been successfully formatted.
2019-09-19 11:15:44,124 [pool-27-thread-1] INFO  ratis.ContainerStateMachine (ContainerStateMachine.java:loadSnapshot(226)) - group-9949EFF41E60: The snapshot info is null. Setting the last applied indexto:(t:0, i:~)
2019-09-19 11:15:44,124 [pool-27-thread-1] INFO  server.RaftServerConfigKeys (ConfUtils.java:logGet(43)) - raft.server.leader.election.timeout = 120s (custom)
2019-09-19 11:15:44,124 [pool-27-thread-1] INFO  server.RaftServerConfigKeys (ConfUtils.java:logGet(43)) - raft.server.log.use.memory = false (default)
2019-09-19 11:15:44,124 [pool-27-thread-1] INFO  server.RaftServerConfigKeys (ConfUtils.java:logGet(43)) - raft.server.log.purge.gap = 1000000 (custom)
2019-09-19 11:15:44,124 [pool-27-thread-1] INFO  server.RaftServerConfigKeys (ConfUtils.java:logGet(43)) - raft.server.log.appender.buffer.byte-limit = 33554432 (custom)
2019-09-19 11:15:44,124 [pool-27-thread-1] INFO  server.RaftServerConfigKeys (ConfUtils.java:logGet(43)) - raft.server.log.segment.size.max = 1048576 (custom)
2019-09-19 11:15:44,124 [pool-27-thread-1] INFO  server.RaftServerConfigKeys (ConfUtils.java:logGet(43)) - raft.server.log.segment.cache.num.max = 2 (custom)
2019-09-19 11:15:44,124 [pool-27-thread-1] INFO  segmented.SegmentedRaftLogWorker (SegmentedRaftLogWorker.java:<init>(172)) - new dbc7cc94-1ec8-41e3-bae5-3deb3fe35f66-SegmentedRaftLogWorker:Storage Directory /workdir/hadoop-ozone/integration-test/target/test-dir/MiniOzoneClusterImpl-7fc07b7e-c81f-4adf-a353-408e6fc41966/datanode-0/data/ratis/a0479f68-2d8a-4921-8286-9949eff41e60 for RaftStorage:Storage Directory /workdir/hadoop-ozone/integration-test/target/test-dir/MiniOzoneClusterImpl-7fc07b7e-c81f-4adf-a353-408e6fc41966/datanode-0/data/ratis/a0479f68-2d8a-4921-8286-9949eff41e60
2019-09-19 11:15:44,124 [pool-27-thread-1] INFO  server.RaftServerConfigKeys (ConfUtils.java:logGet(43)) - raft.server.log.queue.byte-limit = 2147483647 (custom)
2019-09-19 11:15:44,125 [pool-27-thread-1] INFO  server.RaftServerConfigKeys (ConfUtils.java:logGet(43)) - raft.server.log.queue.element-limit = 1024 (custom)
2019-09-19 11:15:44,125 [pool-27-thread-1] INFO  server.RaftServerConfigKeys (ConfUtils.java:logGet(43)) - raft.server.log.segment.size.max = 1048576 (custom)
2019-09-19 11:15:44,125 [pool-27-thread-1] INFO  server.RaftServerConfigKeys (ConfUtils.java:logGet(43)) - raft.server.log.preallocated.size = 16384 (custom)
2019-09-19 11:15:44,125 [pool-27-thread-1] INFO  server.RaftServerConfigKeys (ConfUtils.java:logGet(43)) - raft.server.log.write.buffer.size = 33554432 (custom)
2019-09-19 11:15:44,125 [pool-27-thread-1] INFO  server.RaftServerConfigKeys (ConfUtils.java:logGet(43)) - raft.server.log.force.sync.num = 128 (default)
2019-09-19 11:15:44,125 [pool-27-thread-1] INFO  server.RaftServerConfigKeys (ConfUtils.java:logGet(43)) - raft.server.log.statemachine.data.sync = true (default)
2019-09-19 11:15:44,125 [pool-27-thread-1] INFO  server.RaftServerConfigKeys (ConfUtils.java:logGet(43)) - raft.server.log.statemachine.data.sync.timeout = 10s (default)
2019-09-19 11:15:44,125 [pool-27-thread-1] INFO  server.RaftServerConfigKeys (ConfUtils.java:logGet(43)) - raft.server.log.statemachine.data.sync.timeout.retry = -1 (default)
2019-09-19 11:15:44,126 [pool-27-thread-1] INFO  server.RaftServerConfigKeys (ConfUtils.java:logGet(43)) - raft.server.log.statemachine.data.caching.enabled = true (custom)
2019-09-19 11:15:44,126 [pool-27-thread-1] INFO  segmented.SegmentedRaftLogWorker (SegmentedRaftLogWorker.java:lambda$new$0(132)) - dbc7cc94-1ec8-41e3-bae5-3deb3fe35f66-SegmentedRaftLogWorker:Storage Directory /workdir/hadoop-ozone/integration-test/target/test-dir/MiniOzoneClusterImpl-7fc07b7e-c81f-4adf-a353-408e6fc41966/datanode-0/data/ratis/a0479f68-2d8a-4921-8286-9949eff41e60: flushIndex: setUnconditionally 0 -> -1
2019-09-19 11:15:44,126 [pool-27-thread-1] INFO  server.RaftServerConfigKeys (ConfUtils.java:logGet(43)) - raft.server.snapshot.auto.trigger.enabled = true (custom)
2019-09-19 11:15:44,126 [pool-27-thread-1] INFO  server.RaftServerConfigKeys (ConfUtils.java:logGet(43)) - raft.server.snapshot.auto.trigger.threshold = 10000 (custom)
2019-09-19 11:15:44,126 [pool-27-thread-1] INFO  server.RaftServerConfigKeys (ConfUtils.java:logGet(43)) - raft.server.retrycache.expirytime = 600000ms (custom)
2019-09-19 11:15:44,127 [pool-27-thread-1] INFO  impl.RaftServerImpl (RaftServerImpl.java:start(180)) - dbc7cc94-1ec8-41e3-bae5-3deb3fe35f66: start group-9949EFF41E60
2019-09-19 11:15:44,127 [pool-27-thread-1] INFO  impl.RaftServerImpl (RaftServerImpl.java:setRole(171)) - dbc7cc94-1ec8-41e3-bae5-3deb3fe35f66:group-9949EFF41E60 changes role from null to FOLLOWER at term 0 for startAsFollower
2019-09-19 11:15:44,127 [pool-27-thread-1] INFO  impl.RoleInfo (RoleInfo.java:updateAndGet(143)) - dbc7cc94-1ec8-41e3-bae5-3deb3fe35f66: start FollowerState
2019-09-19 11:15:44,127 [pool-27-thread-1] INFO  util.JmxRegister (JmxRegister.java:tryRegister(44)) - Successfully registered JMX Bean with object name Ratis:service=RaftServer,group=group-9949EFF41E60,id=dbc7cc94-1ec8-41e3-bae5-3deb3fe35f66
2019-09-19 11:15:44,136 [RatisPipelineUtilsThread] INFO  pipeline.PipelineStateManager (PipelineStateManager.java:addPipeline(56)) - Created pipeline Pipeline[ Id: a0479f68-2d8a-4921-8286-9949eff41e60, Nodes: dbc7cc94-1ec8-41e3-bae5-3deb3fe35f66{ip: 192.168.157.226, host: pr-hdds-1569-swxfz-3172132826, networkLocation: /default-rack, certSerialId: null}, Type:RATIS, Factor:ONE, State:OPEN]
2019-09-19 11:15:44,142 [RatisPipelineUtilsThread] ERROR pipeline.PipelinePlacementPolicy (PipelinePlacementPolicy.java:meetCriteria(91)) - Pipeline Placement: Doesn't meet the criteria to be viable node. Heaviness: 6
2019-09-19 11:15:44,154 [grpc-default-executor-1] INFO  impl.RaftServerProxy (RaftServerProxy.java:addNew(89)) - dbc7cc94-1ec8-41e3-bae5-3deb3fe35f66: addNew group-7F1F5242CFEF:[dbc7cc94-1ec8-41e3-bae5-3deb3fe35f66:192.168.157.226:39716] returns group-7F1F5242CFEF:java.util.concurrent.CompletableFuture@69c246fd[Not completed]
2019-09-19 11:15:44,156 [pool-27-thread-1] INFO  impl.RaftServerImpl (RaftServerImpl.java:<init>(93)) - dbc7cc94-1ec8-41e3-bae5-3deb3fe35f66: new RaftServerImpl for group-7F1F5242CFEF:[dbc7cc94-1ec8-41e3-bae5-3deb3fe35f66:192.168.157.226:39716] with ContainerStateMachine:uninitialized
2019-09-19 11:15:44,156 [pool-27-thread-1] INFO  server.RaftServerConfigKeys (ConfUtils.java:logGet(43)) - raft.server.rpc.timeout.min = 5s (custom)
2019-09-19 11:15:44,156 [pool-27-thread-1] INFO  server.RaftServerConfigKeys (ConfUtils.java:logGet(43)) - raft.server.rpc.timeout.max = 5200ms (custom)
2019-09-19 11:15:44,156 [pool-27-thread-1] INFO  server.RaftServerConfigKeys (ConfUtils.java:logGet(43)) - raft.server.rpcslowness.timeout = 120s (custom)
2019-09-19 11:15:44,156 [pool-27-thread-1] INFO  server.RaftServerConfigKeys (ConfUtils.java:logGet(43)) - raft.server.sleep.deviation.threshold = 300 (default)
2019-09-19 11:15:44,156 [pool-27-thread-1] INFO  server.RaftServerConfigKeys (ConfUtils.java:logGet(43)) - raft.server.log.appender.install.snapshot.enabled = false (custom)
2019-09-19 11:15:44,156 [pool-27-thread-1] INFO  impl.RaftServerImpl (ServerState.java:<init>(105)) - dbc7cc94-1ec8-41e3-bae5-3deb3fe35f66:group-7F1F5242CFEF ConfigurationManager, init=-1: [dbc7cc94-1ec8-41e3-bae5-3deb3fe35f66:192.168.157.226:39716], old=null, confs=<EMPTY_MAP>
2019-09-19 11:15:44,156 [pool-27-thread-1] INFO  server.RaftServerConfigKeys (ConfUtils.java:logGet(43)) - raft.server.storage.dir = [/workdir/hadoop-ozone/integration-test/target/test-dir/MiniOzoneClusterImpl-7fc07b7e-c81f-4adf-a353-408e6fc41966/datanode-0/data/ratis] (custom)
2019-09-19 11:15:44,157 [pool-27-thread-1] INFO  storage.RaftStorageDirectory (RaftStorageDirectory.java:analyzeStorage(246)) - The storage directory /workdir/hadoop-ozone/integration-test/target/test-dir/MiniOzoneClusterImpl-7fc07b7e-c81f-4adf-a353-408e6fc41966/datanode-0/data/ratis/9fcfdd6a-70db-40fe-9427-7f1f5242cfef does not exist. Creating ...
2019-09-19 11:15:44,169 [pool-27-thread-1] INFO  storage.RaftStorageDirectory (RaftStorageDirectory.java:tryLock(328)) - Lock on /workdir/hadoop-ozone/integration-test/target/test-dir/MiniOzoneClusterImpl-7fc07b7e-c81f-4adf-a353-408e6fc41966/datanode-0/data/ratis/9fcfdd6a-70db-40fe-9427-7f1f5242cfef/in_use.lock acquired by nodename 20864@pr-hdds-1569-swxfz-3172132826
2019-09-19 11:15:44,182 [pool-27-thread-1] INFO  storage.RaftStorage (RaftStorage.java:format(72)) - Storage directory /workdir/hadoop-ozone/integration-test/target/test-dir/MiniOzoneClusterImpl-7fc07b7e-c81f-4adf-a353-408e6fc41966/datanode-0/data/ratis/9fcfdd6a-70db-40fe-9427-7f1f5242cfef has been successfully formatted.
2019-09-19 11:15:44,182 [pool-27-thread-1] INFO  ratis.ContainerStateMachine (ContainerStateMachine.java:loadSnapshot(226)) - group-7F1F5242CFEF: The snapshot info is null. Setting the last applied indexto:(t:0, i:~)
2019-09-19 11:15:44,182 [pool-27-thread-1] INFO  server.RaftServerConfigKeys (ConfUtils.java:logGet(43)) - raft.server.leader.election.timeout = 120s (custom)
2019-09-19 11:15:44,182 [pool-27-thread-1] INFO  server.RaftServerConfigKeys (ConfUtils.java:logGet(43)) - raft.server.log.use.memory = false (default)
2019-09-19 11:15:44,182 [pool-27-thread-1] INFO  server.RaftServerConfigKeys (ConfUtils.java:logGet(43)) - raft.server.log.purge.gap = 1000000 (custom)
2019-09-19 11:15:44,182 [pool-27-thread-1] INFO  server.RaftServerConfigKeys (ConfUtils.java:logGet(43)) - raft.server.log.appender.buffer.byte-limit = 33554432 (custom)
2019-09-19 11:15:44,182 [pool-27-thread-1] INFO  server.RaftServerConfigKeys (ConfUtils.java:logGet(43)) - raft.server.log.segment.size.max = 1048576 (custom)
2019-09-19 11:15:44,182 [pool-27-thread-1] INFO  server.RaftServerConfigKeys (ConfUtils.java:logGet(43)) - raft.server.log.segment.cache.num.max = 2 (custom)
2019-09-19 11:15:44,183 [pool-27-thread-1] INFO  segmented.SegmentedRaftLogWorker (SegmentedRaftLogWorker.java:<init>(172)) - new dbc7cc94-1ec8-41e3-bae5-3deb3fe35f66-SegmentedRaftLogWorker:Storage Directory /workdir/hadoop-ozone/integration-test/target/test-dir/MiniOzoneClusterImpl-7fc07b7e-c81f-4adf-a353-408e6fc41966/datanode-0/data/ratis/9fcfdd6a-70db-40fe-9427-7f1f5242cfef for RaftStorage:Storage Directory /workdir/hadoop-ozone/integration-test/target/test-dir/MiniOzoneClusterImpl-7fc07b7e-c81f-4adf-a353-408e6fc41966/datanode-0/data/ratis/9fcfdd6a-70db-40fe-9427-7f1f5242cfef
2019-09-19 11:15:44,183 [pool-27-thread-1] INFO  server.RaftServerConfigKeys (ConfUtils.java:logGet(43)) - raft.server.log.queue.byte-limit = 2147483647 (custom)
2019-09-19 11:15:44,183 [pool-27-thread-1] INFO  server.RaftServerConfigKeys (ConfUtils.java:logGet(43)) - raft.server.log.queue.element-limit = 1024 (custom)
2019-09-19 11:15:44,183 [pool-27-thread-1] INFO  server.RaftServerConfigKeys (ConfUtils.java:logGet(43)) - raft.server.log.segment.size.max = 1048576 (custom)
2019-09-19 11:15:44,183 [pool-27-thread-1] INFO  server.RaftServerConfigKeys (ConfUtils.java:logGet(43)) - raft.server.log.preallocated.size = 16384 (custom)
2019-09-19 11:15:44,183 [pool-27-thread-1] INFO  server.RaftServerConfigKeys (ConfUtils.java:logGet(43)) - raft.server.log.write.buffer.size = 33554432 (custom)
2019-09-19 11:15:44,183 [pool-27-thread-1] INFO  server.RaftServerConfigKeys (ConfUtils.java:logGet(43)) - raft.server.log.force.sync.num = 128 (default)
2019-09-19 11:15:44,183 [pool-27-thread-1] INFO  server.RaftServerConfigKeys (ConfUtils.java:logGet(43)) - raft.server.log.statemachine.data.sync = true (default)
2019-09-19 11:15:44,183 [pool-27-thread-1] INFO  server.RaftServerConfigKeys (ConfUtils.java:logGet(43)) - raft.server.log.statemachine.data.sync.timeout = 10s (default)
2019-09-19 11:15:44,184 [pool-27-thread-1] INFO  server.RaftServerConfigKeys (ConfUtils.java:logGet(43)) - raft.server.log.statemachine.data.sync.timeout.retry = -1 (default)
2019-09-19 11:15:44,184 [pool-27-thread-1] INFO  server.RaftServerConfigKeys (ConfUtils.java:logGet(43)) - raft.server.log.statemachine.data.caching.enabled = true (custom)
2019-09-19 11:15:44,184 [pool-27-thread-1] INFO  segmented.SegmentedRaftLogWorker (SegmentedRaftLogWorker.java:lambda$new$0(132)) - dbc7cc94-1ec8-41e3-bae5-3deb3fe35f66-SegmentedRaftLogWorker:Storage Directory /workdir/hadoop-ozone/integration-test/target/test-dir/MiniOzoneClusterImpl-7fc07b7e-c81f-4adf-a353-408e6fc41966/datanode-0/data/ratis/9fcfdd6a-70db-40fe-9427-7f1f5242cfef: flushIndex: setUnconditionally 0 -> -1
2019-09-19 11:15:44,184 [pool-27-thread-1] INFO  server.RaftServerConfigKeys (ConfUtils.java:logGet(43)) - raft.server.snapshot.auto.trigger.enabled = true (custom)
2019-09-19 11:15:44,184 [pool-27-thread-1] INFO  server.RaftServerConfigKeys (ConfUtils.java:logGet(43)) - raft.server.snapshot.auto.trigger.threshold = 10000 (custom)
2019-09-19 11:15:44,185 [pool-27-thread-1] INFO  server.RaftServerConfigKeys (ConfUtils.java:logGet(43)) - raft.server.retrycache.expirytime = 600000ms (custom)
2019-09-19 11:15:44,185 [pool-27-thread-1] INFO  impl.RaftServerImpl (RaftServerImpl.java:start(180)) - dbc7cc94-1ec8-41e3-bae5-3deb3fe35f66: start group-7F1F5242CFEF
2019-09-19 11:15:44,185 [pool-27-thread-1] INFO  impl.RaftServerImpl (RaftServerImpl.java:setRole(171)) - dbc7cc94-1ec8-41e3-bae5-3deb3fe35f66:group-7F1F5242CFEF changes role from null to FOLLOWER at term 0 for startAsFollower
2019-09-19 11:15:44,185 [pool-27-thread-1] INFO  impl.RoleInfo (RoleInfo.java:updateAndGet(143)) - dbc7cc94-1ec8-41e3-bae5-3deb3fe35f66: start FollowerState
2019-09-19 11:15:44,185 [pool-27-thread-1] INFO  util.JmxRegister (JmxRegister.java:tryRegister(44)) - Successfully registered JMX Bean with object name Ratis:service=RaftServer,group=group-7F1F5242CFEF,id=dbc7cc94-1ec8-41e3-bae5-3deb3fe35f66
2019-09-19 11:15:44,192 [RatisPipelineUtilsThread] INFO  pipeline.PipelineStateManager (PipelineStateManager.java:addPipeline(56)) - Created pipeline Pipeline[ Id: 9fcfdd6a-70db-40fe-9427-7f1f5242cfef, Nodes: dbc7cc94-1ec8-41e3-bae5-3deb3fe35f66{ip: 192.168.157.226, host: pr-hdds-1569-swxfz-3172132826, networkLocation: /default-rack, certSerialId: null}, Type:RATIS, Factor:ONE, State:OPEN]
2019-09-19 11:15:44,193 [RatisPipelineUtilsThread] ERROR pipeline.PipelinePlacementPolicy (PipelinePlacementPolicy.java:meetCriteria(91)) - Pipeline Placement: Doesn't meet the criteria to be viable node. Heaviness: 6
2019-09-19 11:15:44,202 [grpc-default-executor-1] INFO  impl.RaftServerProxy (RaftServerProxy.java:addNew(89)) - dbc7cc94-1ec8-41e3-bae5-3deb3fe35f66: addNew group-FB5938277E07:[dbc7cc94-1ec8-41e3-bae5-3deb3fe35f66:192.168.157.226:39716] returns group-FB5938277E07:java.util.concurrent.CompletableFuture@5859c6d4[Not completed]
2019-09-19 11:15:44,203 [pool-27-thread-1] INFO  impl.RaftServerImpl (RaftServerImpl.java:<init>(93)) - dbc7cc94-1ec8-41e3-bae5-3deb3fe35f66: new RaftServerImpl for group-FB5938277E07:[dbc7cc94-1ec8-41e3-bae5-3deb3fe35f66:192.168.157.226:39716] with ContainerStateMachine:uninitialized
2019-09-19 11:15:44,203 [pool-27-thread-1] INFO  server.RaftServerConfigKeys (ConfUtils.java:logGet(43)) - raft.server.rpc.timeout.min = 5s (custom)
2019-09-19 11:15:44,203 [pool-27-thread-1] INFO  server.RaftServerConfigKeys (ConfUtils.java:logGet(43)) - raft.server.rpc.timeout.max = 5200ms (custom)
2019-09-19 11:15:44,204 [pool-27-thread-1] INFO  server.RaftServerConfigKeys (ConfUtils.java:logGet(43)) - raft.server.rpcslowness.timeout = 120s (custom)
2019-09-19 11:15:44,204 [pool-27-thread-1] INFO  server.RaftServerConfigKeys (ConfUtils.java:logGet(43)) - raft.server.sleep.deviation.threshold = 300 (default)
2019-09-19 11:15:44,204 [pool-27-thread-1] INFO  server.RaftServerConfigKeys (ConfUtils.java:logGet(43)) - raft.server.log.appender.install.snapshot.enabled = false (custom)
2019-09-19 11:15:44,204 [pool-27-thread-1] INFO  impl.RaftServerImpl (ServerState.java:<init>(105)) - dbc7cc94-1ec8-41e3-bae5-3deb3fe35f66:group-FB5938277E07 ConfigurationManager, init=-1: [dbc7cc94-1ec8-41e3-bae5-3deb3fe35f66:192.168.157.226:39716], old=null, confs=<EMPTY_MAP>
2019-09-19 11:15:44,204 [pool-27-thread-1] INFO  server.RaftServerConfigKeys (ConfUtils.java:logGet(43)) - raft.server.storage.dir = [/workdir/hadoop-ozone/integration-test/target/test-dir/MiniOzoneClusterImpl-7fc07b7e-c81f-4adf-a353-408e6fc41966/datanode-0/data/ratis] (custom)
2019-09-19 11:15:44,204 [pool-27-thread-1] INFO  storage.RaftStorageDirectory (RaftStorageDirectory.java:analyzeStorage(246)) - The storage directory /workdir/hadoop-ozone/integration-test/target/test-dir/MiniOzoneClusterImpl-7fc07b7e-c81f-4adf-a353-408e6fc41966/datanode-0/data/ratis/7f247955-e218-41c7-bd72-fb5938277e07 does not exist. Creating ...
2019-09-19 11:15:44,217 [pool-27-thread-1] INFO  storage.RaftStorageDirectory (RaftStorageDirectory.java:tryLock(328)) - Lock on /workdir/hadoop-ozone/integration-test/target/test-dir/MiniOzoneClusterImpl-7fc07b7e-c81f-4adf-a353-408e6fc41966/datanode-0/data/ratis/7f247955-e218-41c7-bd72-fb5938277e07/in_use.lock acquired by nodename 20864@pr-hdds-1569-swxfz-3172132826
2019-09-19 11:15:44,230 [pool-27-thread-1] INFO  storage.RaftStorage (RaftStorage.java:format(72)) - Storage directory /workdir/hadoop-ozone/integration-test/target/test-dir/MiniOzoneClusterImpl-7fc07b7e-c81f-4adf-a353-408e6fc41966/datanode-0/data/ratis/7f247955-e218-41c7-bd72-fb5938277e07 has been successfully formatted.
2019-09-19 11:15:44,230 [pool-27-thread-1] INFO  ratis.ContainerStateMachine (ContainerStateMachine.java:loadSnapshot(226)) - group-FB5938277E07: The snapshot info is null. Setting the last applied indexto:(t:0, i:~)
2019-09-19 11:15:44,231 [pool-27-thread-1] INFO  server.RaftServerConfigKeys (ConfUtils.java:logGet(43)) - raft.server.leader.election.timeout = 120s (custom)
2019-09-19 11:15:44,231 [pool-27-thread-1] INFO  server.RaftServerConfigKeys (ConfUtils.java:logGet(43)) - raft.server.log.use.memory = false (default)
2019-09-19 11:15:44,231 [pool-27-thread-1] INFO  server.RaftServerConfigKeys (ConfUtils.java:logGet(43)) - raft.server.log.purge.gap = 1000000 (custom)
2019-09-19 11:15:44,231 [pool-27-thread-1] INFO  server.RaftServerConfigKeys (ConfUtils.java:logGet(43)) - raft.server.log.appender.buffer.byte-limit = 33554432 (custom)
2019-09-19 11:15:44,231 [pool-27-thread-1] INFO  server.RaftServerConfigKeys (ConfUtils.java:logGet(43)) - raft.server.log.segment.size.max = 1048576 (custom)
2019-09-19 11:15:44,231 [pool-27-thread-1] INFO  server.RaftServerConfigKeys (ConfUtils.java:logGet(43)) - raft.server.log.segment.cache.num.max = 2 (custom)
2019-09-19 11:15:44,232 [pool-27-thread-1] INFO  segmented.SegmentedRaftLogWorker (SegmentedRaftLogWorker.java:<init>(172)) - new dbc7cc94-1ec8-41e3-bae5-3deb3fe35f66-SegmentedRaftLogWorker:Storage Directory /workdir/hadoop-ozone/integration-test/target/test-dir/MiniOzoneClusterImpl-7fc07b7e-c81f-4adf-a353-408e6fc41966/datanode-0/data/ratis/7f247955-e218-41c7-bd72-fb5938277e07 for RaftStorage:Storage Directory /workdir/hadoop-ozone/integration-test/target/test-dir/MiniOzoneClusterImpl-7fc07b7e-c81f-4adf-a353-408e6fc41966/datanode-0/data/ratis/7f247955-e218-41c7-bd72-fb5938277e07
2019-09-19 11:15:44,232 [pool-27-thread-1] INFO  server.RaftServerConfigKeys (ConfUtils.java:logGet(43)) - raft.server.log.queue.byte-limit = 2147483647 (custom)
2019-09-19 11:15:44,232 [pool-27-thread-1] INFO  server.RaftServerConfigKeys (ConfUtils.java:logGet(43)) - raft.server.log.queue.element-limit = 1024 (custom)
2019-09-19 11:15:44,232 [pool-27-thread-1] INFO  server.RaftServerConfigKeys (ConfUtils.java:logGet(43)) - raft.server.log.segment.size.max = 1048576 (custom)
2019-09-19 11:15:44,232 [pool-27-thread-1] INFO  server.RaftServerConfigKeys (ConfUtils.java:logGet(43)) - raft.server.log.preallocated.size = 16384 (custom)
2019-09-19 11:15:44,232 [pool-27-thread-1] INFO  server.RaftServerConfigKeys (ConfUtils.java:logGet(43)) - raft.server.log.write.buffer.size = 33554432 (custom)
2019-09-19 11:15:44,233 [pool-27-thread-1] INFO  server.RaftServerConfigKeys (ConfUtils.java:logGet(43)) - raft.server.log.force.sync.num = 128 (default)
2019-09-19 11:15:44,233 [pool-27-thread-1] INFO  server.RaftServerConfigKeys (ConfUtils.java:logGet(43)) - raft.server.log.statemachine.data.sync = true (default)
2019-09-19 11:15:44,233 [pool-27-thread-1] INFO  server.RaftServerConfigKeys (ConfUtils.java:logGet(43)) - raft.server.log.statemachine.data.sync.timeout = 10s (default)
2019-09-19 11:15:44,233 [pool-27-thread-1] INFO  server.RaftServerConfigKeys (ConfUtils.java:logGet(43)) - raft.server.log.statemachine.data.sync.timeout.retry = -1 (default)
2019-09-19 11:15:44,233 [pool-27-thread-1] INFO  server.RaftServerConfigKeys (ConfUtils.java:logGet(43)) - raft.server.log.statemachine.data.caching.enabled = true (custom)
2019-09-19 11:15:44,234 [pool-27-thread-1] INFO  segmented.SegmentedRaftLogWorker (SegmentedRaftLogWorker.java:lambda$new$0(132)) - dbc7cc94-1ec8-41e3-bae5-3deb3fe35f66-SegmentedRaftLogWorker:Storage Directory /workdir/hadoop-ozone/integration-test/target/test-dir/MiniOzoneClusterImpl-7fc07b7e-c81f-4adf-a353-408e6fc41966/datanode-0/data/ratis/7f247955-e218-41c7-bd72-fb5938277e07: flushIndex: setUnconditionally 0 -> -1
2019-09-19 11:15:44,234 [pool-27-thread-1] INFO  server.RaftServerConfigKeys (ConfUtils.java:logGet(43)) - raft.server.snapshot.auto.trigger.enabled = true (custom)
2019-09-19 11:15:44,234 [pool-27-thread-1] INFO  server.RaftServerConfigKeys (ConfUtils.java:logGet(43)) - raft.server.snapshot.auto.trigger.threshold = 10000 (custom)
2019-09-19 11:15:44,234 [pool-27-thread-1] INFO  server.RaftServerConfigKeys (ConfUtils.java:logGet(43)) - raft.server.retrycache.expirytime = 600000ms (custom)
2019-09-19 11:15:44,235 [pool-27-thread-1] INFO  impl.RaftServerImpl (RaftServerImpl.java:start(180)) - dbc7cc94-1ec8-41e3-bae5-3deb3fe35f66: start group-FB5938277E07
2019-09-19 11:15:44,235 [pool-27-thread-1] INFO  impl.RaftServerImpl (RaftServerImpl.java:setRole(171)) - dbc7cc94-1ec8-41e3-bae5-3deb3fe35f66:group-FB5938277E07 changes role from null to FOLLOWER at term 0 for startAsFollower
2019-09-19 11:15:44,235 [pool-27-thread-1] INFO  impl.RoleInfo (RoleInfo.java:updateAndGet(143)) - dbc7cc94-1ec8-41e3-bae5-3deb3fe35f66: start FollowerState
2019-09-19 11:15:44,235 [pool-27-thread-1] INFO  util.JmxRegister (JmxRegister.java:tryRegister(44)) - Successfully registered JMX Bean with object name Ratis:service=RaftServer,group=group-FB5938277E07,id=dbc7cc94-1ec8-41e3-bae5-3deb3fe35f66
2019-09-19 11:15:44,242 [RatisPipelineUtilsThread] INFO  pipeline.PipelineStateManager (PipelineStateManager.java:addPipeline(56)) - Created pipeline Pipeline[ Id: 7f247955-e218-41c7-bd72-fb5938277e07, Nodes: dbc7cc94-1ec8-41e3-bae5-3deb3fe35f66{ip: 192.168.157.226, host: pr-hdds-1569-swxfz-3172132826, networkLocation: /default-rack, certSerialId: null}, Type:RATIS, Factor:ONE, State:OPEN]
2019-09-19 11:15:44,243 [RatisPipelineUtilsThread] ERROR pipeline.PipelinePlacementPolicy (PipelinePlacementPolicy.java:meetCriteria(91)) - Pipeline Placement: Doesn't meet the criteria to be viable node. Heaviness: 6
2019-09-19 11:15:44,244 [RatisPipelineUtilsThread] ERROR pipeline.PipelinePlacementPolicy (PipelinePlacementPolicy.java:meetCriteria(91)) - Pipeline Placement: Doesn't meet the criteria to be viable node. Heaviness: 6
2019-09-19 11:15:44,252 [grpc-default-executor-1] INFO  impl.RaftServerProxy (RaftServerProxy.java:addNew(89)) - 07ed7a64-68cb-4e20-b110-7a1d13cb9d05: addNew group-5FCCF2A26829:[07ed7a64-68cb-4e20-b110-7a1d13cb9d05:192.168.157.226:33713] returns group-5FCCF2A26829:java.util.concurrent.CompletableFuture@72c62a02[Not completed]
2019-09-19 11:15:44,254 [pool-38-thread-1] INFO  impl.RaftServerImpl (RaftServerImpl.java:<init>(93)) - 07ed7a64-68cb-4e20-b110-7a1d13cb9d05: new RaftServerImpl for group-5FCCF2A26829:[07ed7a64-68cb-4e20-b110-7a1d13cb9d05:192.168.157.226:33713] with ContainerStateMachine:uninitialized
2019-09-19 11:15:44,255 [pool-38-thread-1] INFO  server.RaftServerConfigKeys (ConfUtils.java:logGet(43)) - raft.server.rpc.timeout.min = 5s (custom)
2019-09-19 11:15:44,255 [pool-38-thread-1] INFO  server.RaftServerConfigKeys (ConfUtils.java:logGet(43)) - raft.server.rpc.timeout.max = 5200ms (custom)
2019-09-19 11:15:44,255 [pool-38-thread-1] INFO  server.RaftServerConfigKeys (ConfUtils.java:logGet(43)) - raft.server.rpcslowness.timeout = 120s (custom)
2019-09-19 11:15:44,255 [pool-38-thread-1] INFO  server.RaftServerConfigKeys (ConfUtils.java:logGet(43)) - raft.server.sleep.deviation.threshold = 300 (default)
2019-09-19 11:15:44,255 [pool-38-thread-1] INFO  server.RaftServerConfigKeys (ConfUtils.java:logGet(43)) - raft.server.log.appender.install.snapshot.enabled = false (custom)
2019-09-19 11:15:44,256 [pool-38-thread-1] INFO  impl.RaftServerImpl (ServerState.java:<init>(105)) - 07ed7a64-68cb-4e20-b110-7a1d13cb9d05:group-5FCCF2A26829 ConfigurationManager, init=-1: [07ed7a64-68cb-4e20-b110-7a1d13cb9d05:192.168.157.226:33713], old=null, confs=<EMPTY_MAP>
2019-09-19 11:15:44,256 [pool-38-thread-1] INFO  server.RaftServerConfigKeys (ConfUtils.java:logGet(43)) - raft.server.storage.dir = [/workdir/hadoop-ozone/integration-test/target/test-dir/MiniOzoneClusterImpl-7fc07b7e-c81f-4adf-a353-408e6fc41966/datanode-1/data/ratis] (custom)
2019-09-19 11:15:44,256 [pool-38-thread-1] INFO  storage.RaftStorageDirectory (RaftStorageDirectory.java:analyzeStorage(246)) - The storage directory /workdir/hadoop-ozone/integration-test/target/test-dir/MiniOzoneClusterImpl-7fc07b7e-c81f-4adf-a353-408e6fc41966/datanode-1/data/ratis/2e400e4f-7173-45ed-a65b-5fccf2a26829 does not exist. Creating ...
2019-09-19 11:15:44,270 [pool-38-thread-1] INFO  storage.RaftStorageDirectory (RaftStorageDirectory.java:tryLock(328)) - Lock on /workdir/hadoop-ozone/integration-test/target/test-dir/MiniOzoneClusterImpl-7fc07b7e-c81f-4adf-a353-408e6fc41966/datanode-1/data/ratis/2e400e4f-7173-45ed-a65b-5fccf2a26829/in_use.lock acquired by nodename 20864@pr-hdds-1569-swxfz-3172132826
2019-09-19 11:15:44,284 [pool-38-thread-1] INFO  storage.RaftStorage (RaftStorage.java:format(72)) - Storage directory /workdir/hadoop-ozone/integration-test/target/test-dir/MiniOzoneClusterImpl-7fc07b7e-c81f-4adf-a353-408e6fc41966/datanode-1/data/ratis/2e400e4f-7173-45ed-a65b-5fccf2a26829 has been successfully formatted.
2019-09-19 11:15:44,284 [pool-38-thread-1] INFO  ratis.ContainerStateMachine (ContainerStateMachine.java:loadSnapshot(226)) - group-5FCCF2A26829: The snapshot info is null. Setting the last applied indexto:(t:0, i:~)
2019-09-19 11:15:44,284 [pool-38-thread-1] INFO  server.RaftServerConfigKeys (ConfUtils.java:logGet(43)) - raft.server.leader.election.timeout = 120s (custom)
2019-09-19 11:15:44,284 [pool-38-thread-1] INFO  server.RaftServerConfigKeys (ConfUtils.java:logGet(43)) - raft.server.log.use.memory = false (default)
2019-09-19 11:15:44,285 [pool-38-thread-1] INFO  server.RaftServerConfigKeys (ConfUtils.java:logGet(43)) - raft.server.log.purge.gap = 1000000 (custom)
2019-09-19 11:15:44,285 [pool-38-thread-1] INFO  server.RaftServerConfigKeys (ConfUtils.java:logGet(43)) - raft.server.log.appender.buffer.byte-limit = 33554432 (custom)
2019-09-19 11:15:44,285 [pool-38-thread-1] INFO  server.RaftServerConfigKeys (ConfUtils.java:logGet(43)) - raft.server.log.segment.size.max = 1048576 (custom)
2019-09-19 11:15:44,285 [pool-38-thread-1] INFO  server.RaftServerConfigKeys (ConfUtils.java:logGet(43)) - raft.server.log.segment.cache.num.max = 2 (custom)
2019-09-19 11:15:44,285 [pool-38-thread-1] INFO  segmented.SegmentedRaftLogWorker (SegmentedRaftLogWorker.java:<init>(172)) - new 07ed7a64-68cb-4e20-b110-7a1d13cb9d05-SegmentedRaftLogWorker:Storage Directory /workdir/hadoop-ozone/integration-test/target/test-dir/MiniOzoneClusterImpl-7fc07b7e-c81f-4adf-a353-408e6fc41966/datanode-1/data/ratis/2e400e4f-7173-45ed-a65b-5fccf2a26829 for RaftStorage:Storage Directory /workdir/hadoop-ozone/integration-test/target/test-dir/MiniOzoneClusterImpl-7fc07b7e-c81f-4adf-a353-408e6fc41966/datanode-1/data/ratis/2e400e4f-7173-45ed-a65b-5fccf2a26829
2019-09-19 11:15:44,285 [pool-38-thread-1] INFO  server.RaftServerConfigKeys (ConfUtils.java:logGet(43)) - raft.server.log.queue.byte-limit = 2147483647 (custom)
2019-09-19 11:15:44,286 [pool-38-thread-1] INFO  server.RaftServerConfigKeys (ConfUtils.java:logGet(43)) - raft.server.log.queue.element-limit = 1024 (custom)
2019-09-19 11:15:44,286 [pool-38-thread-1] INFO  server.RaftServerConfigKeys (ConfUtils.java:logGet(43)) - raft.server.log.segment.size.max = 1048576 (custom)
2019-09-19 11:15:44,286 [pool-38-thread-1] INFO  server.RaftServerConfigKeys (ConfUtils.java:logGet(43)) - raft.server.log.preallocated.size = 16384 (custom)
2019-09-19 11:15:44,286 [pool-38-thread-1] INFO  server.RaftServerConfigKeys (ConfUtils.java:logGet(43)) - raft.server.log.write.buffer.size = 33554432 (custom)
2019-09-19 11:15:44,286 [pool-38-thread-1] INFO  server.RaftServerConfigKeys (ConfUtils.java:logGet(43)) - raft.server.log.force.sync.num = 128 (default)
2019-09-19 11:15:44,286 [pool-38-thread-1] INFO  server.RaftServerConfigKeys (ConfUtils.java:logGet(43)) - raft.server.log.statemachine.data.sync = true (default)
2019-09-19 11:15:44,287 [pool-38-thread-1] INFO  server.RaftServerConfigKeys (ConfUtils.java:logGet(43)) - raft.server.log.statemachine.data.sync.timeout = 10s (default)
2019-09-19 11:15:44,287 [pool-38-thread-1] INFO  server.RaftServerConfigKeys (ConfUtils.java:logGet(43)) - raft.server.log.statemachine.data.sync.timeout.retry = -1 (default)
2019-09-19 11:15:44,287 [pool-38-thread-1] INFO  server.RaftServerConfigKeys (ConfUtils.java:logGet(43)) - raft.server.log.statemachine.data.caching.enabled = true (custom)
2019-09-19 11:15:44,287 [pool-38-thread-1] INFO  segmented.SegmentedRaftLogWorker (SegmentedRaftLogWorker.java:lambda$new$0(132)) - 07ed7a64-68cb-4e20-b110-7a1d13cb9d05-SegmentedRaftLogWorker:Storage Directory /workdir/hadoop-ozone/integration-test/target/test-dir/MiniOzoneClusterImpl-7fc07b7e-c81f-4adf-a353-408e6fc41966/datanode-1/data/ratis/2e400e4f-7173-45ed-a65b-5fccf2a26829: flushIndex: setUnconditionally 0 -> -1
2019-09-19 11:15:44,288 [pool-38-thread-1] INFO  server.RaftServerConfigKeys (ConfUtils.java:logGet(43)) - raft.server.snapshot.auto.trigger.enabled = true (custom)
2019-09-19 11:15:44,288 [pool-38-thread-1] INFO  server.RaftServerConfigKeys (ConfUtils.java:logGet(43)) - raft.server.snapshot.auto.trigger.threshold = 10000 (custom)
2019-09-19 11:15:44,288 [pool-38-thread-1] INFO  server.RaftServerConfigKeys (ConfUtils.java:logGet(43)) - raft.server.retrycache.expirytime = 600000ms (custom)
2019-09-19 11:15:44,288 [pool-38-thread-1] INFO  impl.RaftServerImpl (RaftServerImpl.java:start(180)) - 07ed7a64-68cb-4e20-b110-7a1d13cb9d05: start group-5FCCF2A26829
2019-09-19 11:15:44,289 [pool-38-thread-1] INFO  impl.RaftServerImpl (RaftServerImpl.java:setRole(171)) - 07ed7a64-68cb-4e20-b110-7a1d13cb9d05:group-5FCCF2A26829 changes role from null to FOLLOWER at term 0 for startAsFollower
2019-09-19 11:15:44,289 [pool-38-thread-1] INFO  impl.RoleInfo (RoleInfo.java:updateAndGet(143)) - 07ed7a64-68cb-4e20-b110-7a1d13cb9d05: start FollowerState
2019-09-19 11:15:44,289 [pool-38-thread-1] INFO  util.JmxRegister (JmxRegister.java:tryRegister(44)) - Successfully registered JMX Bean with object name Ratis:service=RaftServer,group=group-5FCCF2A26829,id=07ed7a64-68cb-4e20-b110-7a1d13cb9d05
2019-09-19 11:15:44,294 [RatisPipelineUtilsThread] INFO  pipeline.PipelineStateManager (PipelineStateManager.java:addPipeline(56)) - Created pipeline Pipeline[ Id: 2e400e4f-7173-45ed-a65b-5fccf2a26829, Nodes: 07ed7a64-68cb-4e20-b110-7a1d13cb9d05{ip: 192.168.157.226, host: pr-hdds-1569-swxfz-3172132826, networkLocation: /default-rack, certSerialId: null}, Type:RATIS, Factor:ONE, State:OPEN]
2019-09-19 11:15:44,295 [RatisPipelineUtilsThread] ERROR pipeline.PipelinePlacementPolicy (PipelinePlacementPolicy.java:meetCriteria(91)) - Pipeline Placement: Doesn't meet the criteria to be viable node. Heaviness: 6
2019-09-19 11:15:44,295 [RatisPipelineUtilsThread] ERROR pipeline.PipelinePlacementPolicy (PipelinePlacementPolicy.java:meetCriteria(91)) - Pipeline Placement: Doesn't meet the criteria to be viable node. Heaviness: 6
2019-09-19 11:15:44,306 [grpc-default-executor-1] INFO  impl.RaftServerProxy (RaftServerProxy.java:addNew(89)) - 07ed7a64-68cb-4e20-b110-7a1d13cb9d05: addNew group-7A8237BEF261:[07ed7a64-68cb-4e20-b110-7a1d13cb9d05:192.168.157.226:33713] returns group-7A8237BEF261:java.util.concurrent.CompletableFuture@4a1d350a[Not completed]
2019-09-19 11:15:44,308 [pool-38-thread-1] INFO  impl.RaftServerImpl (RaftServerImpl.java:<init>(93)) - 07ed7a64-68cb-4e20-b110-7a1d13cb9d05: new RaftServerImpl for group-7A8237BEF261:[07ed7a64-68cb-4e20-b110-7a1d13cb9d05:192.168.157.226:33713] with ContainerStateMachine:uninitialized
2019-09-19 11:15:44,308 [pool-38-thread-1] INFO  server.RaftServerConfigKeys (ConfUtils.java:logGet(43)) - raft.server.rpc.timeout.min = 5s (custom)
2019-09-19 11:15:44,308 [pool-38-thread-1] INFO  server.RaftServerConfigKeys (ConfUtils.java:logGet(43)) - raft.server.rpc.timeout.max = 5200ms (custom)
2019-09-19 11:15:44,308 [pool-38-thread-1] INFO  server.RaftServerConfigKeys (ConfUtils.java:logGet(43)) - raft.server.rpcslowness.timeout = 120s (custom)
2019-09-19 11:15:44,308 [pool-38-thread-1] INFO  server.RaftServerConfigKeys (ConfUtils.java:logGet(43)) - raft.server.sleep.deviation.threshold = 300 (default)
2019-09-19 11:15:44,308 [pool-38-thread-1] INFO  server.RaftServerConfigKeys (ConfUtils.java:logGet(43)) - raft.server.log.appender.install.snapshot.enabled = false (custom)
2019-09-19 11:15:44,309 [pool-38-thread-1] INFO  impl.RaftServerImpl (ServerState.java:<init>(105)) - 07ed7a64-68cb-4e20-b110-7a1d13cb9d05:group-7A8237BEF261 ConfigurationManager, init=-1: [07ed7a64-68cb-4e20-b110-7a1d13cb9d05:192.168.157.226:33713], old=null, confs=<EMPTY_MAP>
2019-09-19 11:15:44,309 [pool-38-thread-1] INFO  server.RaftServerConfigKeys (ConfUtils.java:logGet(43)) - raft.server.storage.dir = [/workdir/hadoop-ozone/integration-test/target/test-dir/MiniOzoneClusterImpl-7fc07b7e-c81f-4adf-a353-408e6fc41966/datanode-1/data/ratis] (custom)
2019-09-19 11:15:44,309 [pool-38-thread-1] INFO  storage.RaftStorageDirectory (RaftStorageDirectory.java:analyzeStorage(246)) - The storage directory /workdir/hadoop-ozone/integration-test/target/test-dir/MiniOzoneClusterImpl-7fc07b7e-c81f-4adf-a353-408e6fc41966/datanode-1/data/ratis/3da10acf-3485-4863-8878-7a8237bef261 does not exist. Creating ...
2019-09-19 11:15:44,323 [pool-38-thread-1] INFO  storage.RaftStorageDirectory (RaftStorageDirectory.java:tryLock(328)) - Lock on /workdir/hadoop-ozone/integration-test/target/test-dir/MiniOzoneClusterImpl-7fc07b7e-c81f-4adf-a353-408e6fc41966/datanode-1/data/ratis/3da10acf-3485-4863-8878-7a8237bef261/in_use.lock acquired by nodename 20864@pr-hdds-1569-swxfz-3172132826
2019-09-19 11:15:44,336 [pool-38-thread-1] INFO  storage.RaftStorage (RaftStorage.java:format(72)) - Storage directory /workdir/hadoop-ozone/integration-test/target/test-dir/MiniOzoneClusterImpl-7fc07b7e-c81f-4adf-a353-408e6fc41966/datanode-1/data/ratis/3da10acf-3485-4863-8878-7a8237bef261 has been successfully formatted.
2019-09-19 11:15:44,336 [pool-38-thread-1] INFO  ratis.ContainerStateMachine (ContainerStateMachine.java:loadSnapshot(226)) - group-7A8237BEF261: The snapshot info is null. Setting the last applied indexto:(t:0, i:~)
2019-09-19 11:15:44,336 [pool-38-thread-1] INFO  server.RaftServerConfigKeys (ConfUtils.java:logGet(43)) - raft.server.leader.election.timeout = 120s (custom)
2019-09-19 11:15:44,336 [pool-38-thread-1] INFO  server.RaftServerConfigKeys (ConfUtils.java:logGet(43)) - raft.server.log.use.memory = false (default)
2019-09-19 11:15:44,337 [pool-38-thread-1] INFO  server.RaftServerConfigKeys (ConfUtils.java:logGet(43)) - raft.server.log.purge.gap = 1000000 (custom)
2019-09-19 11:15:44,337 [pool-38-thread-1] INFO  server.RaftServerConfigKeys (ConfUtils.java:logGet(43)) - raft.server.log.appender.buffer.byte-limit = 33554432 (custom)
2019-09-19 11:15:44,337 [pool-38-thread-1] INFO  server.RaftServerConfigKeys (ConfUtils.java:logGet(43)) - raft.server.log.segment.size.max = 1048576 (custom)
2019-09-19 11:15:44,337 [pool-38-thread-1] INFO  server.RaftServerConfigKeys (ConfUtils.java:logGet(43)) - raft.server.log.segment.cache.num.max = 2 (custom)
2019-09-19 11:15:44,337 [pool-38-thread-1] INFO  segmented.SegmentedRaftLogWorker (SegmentedRaftLogWorker.java:<init>(172)) - new 07ed7a64-68cb-4e20-b110-7a1d13cb9d05-SegmentedRaftLogWorker:Storage Directory /workdir/hadoop-ozone/integration-test/target/test-dir/MiniOzoneClusterImpl-7fc07b7e-c81f-4adf-a353-408e6fc41966/datanode-1/data/ratis/3da10acf-3485-4863-8878-7a8237bef261 for RaftStorage:Storage Directory /workdir/hadoop-ozone/integration-test/target/test-dir/MiniOzoneClusterImpl-7fc07b7e-c81f-4adf-a353-408e6fc41966/datanode-1/data/ratis/3da10acf-3485-4863-8878-7a8237bef261
2019-09-19 11:15:44,338 [pool-38-thread-1] INFO  server.RaftServerConfigKeys (ConfUtils.java:logGet(43)) - raft.server.log.queue.byte-limit = 2147483647 (custom)
2019-09-19 11:15:44,338 [pool-38-thread-1] INFO  server.RaftServerConfigKeys (ConfUtils.java:logGet(43)) - raft.server.log.queue.element-limit = 1024 (custom)
2019-09-19 11:15:44,338 [pool-38-thread-1] INFO  server.RaftServerConfigKeys (ConfUtils.java:logGet(43)) - raft.server.log.segment.size.max = 1048576 (custom)
2019-09-19 11:15:44,338 [pool-38-thread-1] INFO  server.RaftServerConfigKeys (ConfUtils.java:logGet(43)) - raft.server.log.preallocated.size = 16384 (custom)
2019-09-19 11:15:44,338 [pool-38-thread-1] INFO  server.RaftServerConfigKeys (ConfUtils.java:logGet(43)) - raft.server.log.write.buffer.size = 33554432 (custom)
2019-09-19 11:15:44,338 [pool-38-thread-1] INFO  server.RaftServerConfigKeys (ConfUtils.java:logGet(43)) - raft.server.log.force.sync.num = 128 (default)
2019-09-19 11:15:44,339 [pool-38-thread-1] INFO  server.RaftServerConfigKeys (ConfUtils.java:logGet(43)) - raft.server.log.statemachine.data.sync = true (default)
2019-09-19 11:15:44,339 [pool-38-thread-1] INFO  server.RaftServerConfigKeys (ConfUtils.java:logGet(43)) - raft.server.log.statemachine.data.sync.timeout = 10s (default)
2019-09-19 11:15:44,339 [pool-38-thread-1] INFO  server.RaftServerConfigKeys (ConfUtils.java:logGet(43)) - raft.server.log.statemachine.data.sync.timeout.retry = -1 (default)
2019-09-19 11:15:44,339 [pool-38-thread-1] INFO  server.RaftServerConfigKeys (ConfUtils.java:logGet(43)) - raft.server.log.statemachine.data.caching.enabled = true (custom)
2019-09-19 11:15:44,340 [pool-38-thread-1] INFO  segmented.SegmentedRaftLogWorker (SegmentedRaftLogWorker.java:lambda$new$0(132)) - 07ed7a64-68cb-4e20-b110-7a1d13cb9d05-SegmentedRaftLogWorker:Storage Directory /workdir/hadoop-ozone/integration-test/target/test-dir/MiniOzoneClusterImpl-7fc07b7e-c81f-4adf-a353-408e6fc41966/datanode-1/data/ratis/3da10acf-3485-4863-8878-7a8237bef261: flushIndex: setUnconditionally 0 -> -1
2019-09-19 11:15:44,340 [pool-38-thread-1] INFO  server.RaftServerConfigKeys (ConfUtils.java:logGet(43)) - raft.server.snapshot.auto.trigger.enabled = true (custom)
2019-09-19 11:15:44,340 [pool-38-thread-1] INFO  server.RaftServerConfigKeys (ConfUtils.java:logGet(43)) - raft.server.snapshot.auto.trigger.threshold = 10000 (custom)
2019-09-19 11:15:44,341 [pool-38-thread-1] INFO  server.RaftServerConfigKeys (ConfUtils.java:logGet(43)) - raft.server.retrycache.expirytime = 600000ms (custom)
2019-09-19 11:15:44,341 [pool-38-thread-1] INFO  impl.RaftServerImpl (RaftServerImpl.java:start(180)) - 07ed7a64-68cb-4e20-b110-7a1d13cb9d05: start group-7A8237BEF261
2019-09-19 11:15:44,341 [pool-38-thread-1] INFO  impl.RaftServerImpl (RaftServerImpl.java:setRole(171)) - 07ed7a64-68cb-4e20-b110-7a1d13cb9d05:group-7A8237BEF261 changes role from null to FOLLOWER at term 0 for startAsFollower
2019-09-19 11:15:44,341 [pool-38-thread-1] INFO  impl.RoleInfo (RoleInfo.java:updateAndGet(143)) - 07ed7a64-68cb-4e20-b110-7a1d13cb9d05: start FollowerState
2019-09-19 11:15:44,342 [pool-38-thread-1] INFO  util.JmxRegister (JmxRegister.java:tryRegister(44)) - Successfully registered JMX Bean with object name Ratis:service=RaftServer,group=group-7A8237BEF261,id=07ed7a64-68cb-4e20-b110-7a1d13cb9d05
2019-09-19 11:15:44,347 [RatisPipelineUtilsThread] INFO  pipeline.PipelineStateManager (PipelineStateManager.java:addPipeline(56)) - Created pipeline Pipeline[ Id: 3da10acf-3485-4863-8878-7a8237bef261, Nodes: 07ed7a64-68cb-4e20-b110-7a1d13cb9d05{ip: 192.168.157.226, host: pr-hdds-1569-swxfz-3172132826, networkLocation: /default-rack, certSerialId: null}, Type:RATIS, Factor:ONE, State:OPEN]
2019-09-19 11:15:44,348 [RatisPipelineUtilsThread] ERROR pipeline.PipelinePlacementPolicy (PipelinePlacementPolicy.java:meetCriteria(91)) - Pipeline Placement: Doesn't meet the criteria to be viable node. Heaviness: 6
2019-09-19 11:15:44,348 [RatisPipelineUtilsThread] ERROR pipeline.PipelinePlacementPolicy (PipelinePlacementPolicy.java:meetCriteria(91)) - Pipeline Placement: Doesn't meet the criteria to be viable node. Heaviness: 6
2019-09-19 11:15:44,363 [grpc-default-executor-1] INFO  impl.RaftServerProxy (RaftServerProxy.java:addNew(89)) - 07ed7a64-68cb-4e20-b110-7a1d13cb9d05: addNew group-84818ECB9947:[07ed7a64-68cb-4e20-b110-7a1d13cb9d05:192.168.157.226:33713] returns group-84818ECB9947:java.util.concurrent.CompletableFuture@14226d79[Not completed]
2019-09-19 11:15:44,365 [pool-38-thread-1] INFO  impl.RaftServerImpl (RaftServerImpl.java:<init>(93)) - 07ed7a64-68cb-4e20-b110-7a1d13cb9d05: new RaftServerImpl for group-84818ECB9947:[07ed7a64-68cb-4e20-b110-7a1d13cb9d05:192.168.157.226:33713] with ContainerStateMachine:uninitialized
2019-09-19 11:15:44,365 [pool-38-thread-1] INFO  server.RaftServerConfigKeys (ConfUtils.java:logGet(43)) - raft.server.rpc.timeout.min = 5s (custom)
2019-09-19 11:15:44,365 [pool-38-thread-1] INFO  server.RaftServerConfigKeys (ConfUtils.java:logGet(43)) - raft.server.rpc.timeout.max = 5200ms (custom)
2019-09-19 11:15:44,365 [pool-38-thread-1] INFO  server.RaftServerConfigKeys (ConfUtils.java:logGet(43)) - raft.server.rpcslowness.timeout = 120s (custom)
2019-09-19 11:15:44,366 [pool-38-thread-1] INFO  server.RaftServerConfigKeys (ConfUtils.java:logGet(43)) - raft.server.sleep.deviation.threshold = 300 (default)
2019-09-19 11:15:44,366 [pool-38-thread-1] INFO  server.RaftServerConfigKeys (ConfUtils.java:logGet(43)) - raft.server.log.appender.install.snapshot.enabled = false (custom)
2019-09-19 11:15:44,366 [pool-38-thread-1] INFO  impl.RaftServerImpl (ServerState.java:<init>(105)) - 07ed7a64-68cb-4e20-b110-7a1d13cb9d05:group-84818ECB9947 ConfigurationManager, init=-1: [07ed7a64-68cb-4e20-b110-7a1d13cb9d05:192.168.157.226:33713], old=null, confs=<EMPTY_MAP>
2019-09-19 11:15:44,366 [pool-38-thread-1] INFO  server.RaftServerConfigKeys (ConfUtils.java:logGet(43)) - raft.server.storage.dir = [/workdir/hadoop-ozone/integration-test/target/test-dir/MiniOzoneClusterImpl-7fc07b7e-c81f-4adf-a353-408e6fc41966/datanode-1/data/ratis] (custom)
2019-09-19 11:15:44,367 [pool-38-thread-1] INFO  storage.RaftStorageDirectory (RaftStorageDirectory.java:analyzeStorage(246)) - The storage directory /workdir/hadoop-ozone/integration-test/target/test-dir/MiniOzoneClusterImpl-7fc07b7e-c81f-4adf-a353-408e6fc41966/datanode-1/data/ratis/39b7c350-2ef2-4329-83ce-84818ecb9947 does not exist. Creating ...
2019-09-19 11:15:44,379 [pool-38-thread-1] INFO  storage.RaftStorageDirectory (RaftStorageDirectory.java:tryLock(328)) - Lock on /workdir/hadoop-ozone/integration-test/target/test-dir/MiniOzoneClusterImpl-7fc07b7e-c81f-4adf-a353-408e6fc41966/datanode-1/data/ratis/39b7c350-2ef2-4329-83ce-84818ecb9947/in_use.lock acquired by nodename 20864@pr-hdds-1569-swxfz-3172132826
2019-09-19 11:15:44,393 [pool-38-thread-1] INFO  storage.RaftStorage (RaftStorage.java:format(72)) - Storage directory /workdir/hadoop-ozone/integration-test/target/test-dir/MiniOzoneClusterImpl-7fc07b7e-c81f-4adf-a353-408e6fc41966/datanode-1/data/ratis/39b7c350-2ef2-4329-83ce-84818ecb9947 has been successfully formatted.
2019-09-19 11:15:44,393 [pool-38-thread-1] INFO  ratis.ContainerStateMachine (ContainerStateMachine.java:loadSnapshot(226)) - group-84818ECB9947: The snapshot info is null. Setting the last applied indexto:(t:0, i:~)
2019-09-19 11:15:44,393 [pool-38-thread-1] INFO  server.RaftServerConfigKeys (ConfUtils.java:logGet(43)) - raft.server.leader.election.timeout = 120s (custom)
2019-09-19 11:15:44,394 [pool-38-thread-1] INFO  server.RaftServerConfigKeys (ConfUtils.java:logGet(43)) - raft.server.log.use.memory = false (default)
2019-09-19 11:15:44,394 [pool-38-thread-1] INFO  server.RaftServerConfigKeys (ConfUtils.java:logGet(43)) - raft.server.log.purge.gap = 1000000 (custom)
2019-09-19 11:15:44,394 [pool-38-thread-1] INFO  server.RaftServerConfigKeys (ConfUtils.java:logGet(43)) - raft.server.log.appender.buffer.byte-limit = 33554432 (custom)
2019-09-19 11:15:44,394 [pool-38-thread-1] INFO  server.RaftServerConfigKeys (ConfUtils.java:logGet(43)) - raft.server.log.segment.size.max = 1048576 (custom)
2019-09-19 11:15:44,394 [pool-38-thread-1] INFO  server.RaftServerConfigKeys (ConfUtils.java:logGet(43)) - raft.server.log.segment.cache.num.max = 2 (custom)
2019-09-19 11:15:44,394 [pool-38-thread-1] INFO  segmented.SegmentedRaftLogWorker (SegmentedRaftLogWorker.java:<init>(172)) - new 07ed7a64-68cb-4e20-b110-7a1d13cb9d05-SegmentedRaftLogWorker:Storage Directory /workdir/hadoop-ozone/integration-test/target/test-dir/MiniOzoneClusterImpl-7fc07b7e-c81f-4adf-a353-408e6fc41966/datanode-1/data/ratis/39b7c350-2ef2-4329-83ce-84818ecb9947 for RaftStorage:Storage Directory /workdir/hadoop-ozone/integration-test/target/test-dir/MiniOzoneClusterImpl-7fc07b7e-c81f-4adf-a353-408e6fc41966/datanode-1/data/ratis/39b7c350-2ef2-4329-83ce-84818ecb9947
2019-09-19 11:15:44,395 [pool-38-thread-1] INFO  server.RaftServerConfigKeys (ConfUtils.java:logGet(43)) - raft.server.log.queue.byte-limit = 2147483647 (custom)
2019-09-19 11:15:44,395 [pool-38-thread-1] INFO  server.RaftServerConfigKeys (ConfUtils.java:logGet(43)) - raft.server.log.queue.element-limit = 1024 (custom)
2019-09-19 11:15:44,395 [pool-38-thread-1] INFO  server.RaftServerConfigKeys (ConfUtils.java:logGet(43)) - raft.server.log.segment.size.max = 1048576 (custom)
2019-09-19 11:15:44,395 [pool-38-thread-1] INFO  server.RaftServerConfigKeys (ConfUtils.java:logGet(43)) - raft.server.log.preallocated.size = 16384 (custom)
2019-09-19 11:15:44,395 [pool-38-thread-1] INFO  server.RaftServerConfigKeys (ConfUtils.java:logGet(43)) - raft.server.log.write.buffer.size = 33554432 (custom)
2019-09-19 11:15:44,395 [pool-38-thread-1] INFO  server.RaftServerConfigKeys (ConfUtils.java:logGet(43)) - raft.server.log.force.sync.num = 128 (default)
2019-09-19 11:15:44,396 [pool-38-thread-1] INFO  server.RaftServerConfigKeys (ConfUtils.java:logGet(43)) - raft.server.log.statemachine.data.sync = true (default)
2019-09-19 11:15:44,396 [pool-38-thread-1] INFO  server.RaftServerConfigKeys (ConfUtils.java:logGet(43)) - raft.server.log.statemachine.data.sync.timeout = 10s (default)
2019-09-19 11:15:44,396 [pool-38-thread-1] INFO  server.RaftServerConfigKeys (ConfUtils.java:logGet(43)) - raft.server.log.statemachine.data.sync.timeout.retry = -1 (default)
2019-09-19 11:15:44,396 [pool-38-thread-1] INFO  server.RaftServerConfigKeys (ConfUtils.java:logGet(43)) - raft.server.log.statemachine.data.caching.enabled = true (custom)
2019-09-19 11:15:44,397 [pool-38-thread-1] INFO  segmented.SegmentedRaftLogWorker (SegmentedRaftLogWorker.java:lambda$new$0(132)) - 07ed7a64-68cb-4e20-b110-7a1d13cb9d05-SegmentedRaftLogWorker:Storage Directory /workdir/hadoop-ozone/integration-test/target/test-dir/MiniOzoneClusterImpl-7fc07b7e-c81f-4adf-a353-408e6fc41966/datanode-1/data/ratis/39b7c350-2ef2-4329-83ce-84818ecb9947: flushIndex: setUnconditionally 0 -> -1
2019-09-19 11:15:44,397 [pool-38-thread-1] INFO  server.RaftServerConfigKeys (ConfUtils.java:logGet(43)) - raft.server.snapshot.auto.trigger.enabled = true (custom)
2019-09-19 11:15:44,397 [pool-38-thread-1] INFO  server.RaftServerConfigKeys (ConfUtils.java:logGet(43)) - raft.server.snapshot.auto.trigger.threshold = 10000 (custom)
2019-09-19 11:15:44,397 [pool-38-thread-1] INFO  server.RaftServerConfigKeys (ConfUtils.java:logGet(43)) - raft.server.retrycache.expirytime = 600000ms (custom)
2019-09-19 11:15:44,398 [pool-38-thread-1] INFO  impl.RaftServerImpl (RaftServerImpl.java:start(180)) - 07ed7a64-68cb-4e20-b110-7a1d13cb9d05: start group-84818ECB9947
2019-09-19 11:15:44,398 [pool-38-thread-1] INFO  impl.RaftServerImpl (RaftServerImpl.java:setRole(171)) - 07ed7a64-68cb-4e20-b110-7a1d13cb9d05:group-84818ECB9947 changes role from null to FOLLOWER at term 0 for startAsFollower
2019-09-19 11:15:44,398 [pool-38-thread-1] INFO  impl.RoleInfo (RoleInfo.java:updateAndGet(143)) - 07ed7a64-68cb-4e20-b110-7a1d13cb9d05: start FollowerState
2019-09-19 11:15:44,399 [pool-38-thread-1] INFO  util.JmxRegister (JmxRegister.java:tryRegister(44)) - Successfully registered JMX Bean with object name Ratis:service=RaftServer,group=group-84818ECB9947,id=07ed7a64-68cb-4e20-b110-7a1d13cb9d05
2019-09-19 11:15:44,403 [RatisPipelineUtilsThread] INFO  pipeline.PipelineStateManager (PipelineStateManager.java:addPipeline(56)) - Created pipeline Pipeline[ Id: 39b7c350-2ef2-4329-83ce-84818ecb9947, Nodes: 07ed7a64-68cb-4e20-b110-7a1d13cb9d05{ip: 192.168.157.226, host: pr-hdds-1569-swxfz-3172132826, networkLocation: /default-rack, certSerialId: null}, Type:RATIS, Factor:ONE, State:OPEN]
2019-09-19 11:15:44,404 [RatisPipelineUtilsThread] ERROR pipeline.PipelinePlacementPolicy (PipelinePlacementPolicy.java:meetCriteria(91)) - Pipeline Placement: Doesn't meet the criteria to be viable node. Heaviness: 6
2019-09-19 11:15:44,405 [RatisPipelineUtilsThread] ERROR pipeline.PipelinePlacementPolicy (PipelinePlacementPolicy.java:meetCriteria(91)) - Pipeline Placement: Doesn't meet the criteria to be viable node. Heaviness: 6
2019-09-19 11:15:44,413 [grpc-default-executor-1] INFO  impl.RaftServerProxy (RaftServerProxy.java:addNew(89)) - 07ed7a64-68cb-4e20-b110-7a1d13cb9d05: addNew group-49CACE3AC3A2:[07ed7a64-68cb-4e20-b110-7a1d13cb9d05:192.168.157.226:33713] returns group-49CACE3AC3A2:java.util.concurrent.CompletableFuture@7a717c75[Not completed]
2019-09-19 11:15:44,417 [pool-38-thread-1] INFO  impl.RaftServerImpl (RaftServerImpl.java:<init>(93)) - 07ed7a64-68cb-4e20-b110-7a1d13cb9d05: new RaftServerImpl for group-49CACE3AC3A2:[07ed7a64-68cb-4e20-b110-7a1d13cb9d05:192.168.157.226:33713] with ContainerStateMachine:uninitialized
2019-09-19 11:15:44,417 [pool-38-thread-1] INFO  server.RaftServerConfigKeys (ConfUtils.java:logGet(43)) - raft.server.rpc.timeout.min = 5s (custom)
2019-09-19 11:15:44,417 [pool-38-thread-1] INFO  server.RaftServerConfigKeys (ConfUtils.java:logGet(43)) - raft.server.rpc.timeout.max = 5200ms (custom)
2019-09-19 11:15:44,417 [pool-38-thread-1] INFO  server.RaftServerConfigKeys (ConfUtils.java:logGet(43)) - raft.server.rpcslowness.timeout = 120s (custom)
2019-09-19 11:15:44,417 [pool-38-thread-1] INFO  server.RaftServerConfigKeys (ConfUtils.java:logGet(43)) - raft.server.sleep.deviation.threshold = 300 (default)
2019-09-19 11:15:44,418 [pool-38-thread-1] INFO  server.RaftServerConfigKeys (ConfUtils.java:logGet(43)) - raft.server.log.appender.install.snapshot.enabled = false (custom)
2019-09-19 11:15:44,418 [pool-38-thread-1] INFO  impl.RaftServerImpl (ServerState.java:<init>(105)) - 07ed7a64-68cb-4e20-b110-7a1d13cb9d05:group-49CACE3AC3A2 ConfigurationManager, init=-1: [07ed7a64-68cb-4e20-b110-7a1d13cb9d05:192.168.157.226:33713], old=null, confs=<EMPTY_MAP>
2019-09-19 11:15:44,418 [pool-38-thread-1] INFO  server.RaftServerConfigKeys (ConfUtils.java:logGet(43)) - raft.server.storage.dir = [/workdir/hadoop-ozone/integration-test/target/test-dir/MiniOzoneClusterImpl-7fc07b7e-c81f-4adf-a353-408e6fc41966/datanode-1/data/ratis] (custom)
2019-09-19 11:15:44,419 [pool-38-thread-1] INFO  storage.RaftStorageDirectory (RaftStorageDirectory.java:analyzeStorage(246)) - The storage directory /workdir/hadoop-ozone/integration-test/target/test-dir/MiniOzoneClusterImpl-7fc07b7e-c81f-4adf-a353-408e6fc41966/datanode-1/data/ratis/4e9eb80e-26bb-4e92-961d-49cace3ac3a2 does not exist. Creating ...
2019-09-19 11:15:44,432 [pool-38-thread-1] INFO  storage.RaftStorageDirectory (RaftStorageDirectory.java:tryLock(328)) - Lock on /workdir/hadoop-ozone/integration-test/target/test-dir/MiniOzoneClusterImpl-7fc07b7e-c81f-4adf-a353-408e6fc41966/datanode-1/data/ratis/4e9eb80e-26bb-4e92-961d-49cace3ac3a2/in_use.lock acquired by nodename 20864@pr-hdds-1569-swxfz-3172132826
2019-09-19 11:15:44,445 [pool-38-thread-1] INFO  storage.RaftStorage (RaftStorage.java:format(72)) - Storage directory /workdir/hadoop-ozone/integration-test/target/test-dir/MiniOzoneClusterImpl-7fc07b7e-c81f-4adf-a353-408e6fc41966/datanode-1/data/ratis/4e9eb80e-26bb-4e92-961d-49cace3ac3a2 has been successfully formatted.
2019-09-19 11:15:44,446 [pool-38-thread-1] INFO  ratis.ContainerStateMachine (ContainerStateMachine.java:loadSnapshot(226)) - group-49CACE3AC3A2: The snapshot info is null. Setting the last applied indexto:(t:0, i:~)
2019-09-19 11:15:44,446 [pool-38-thread-1] INFO  server.RaftServerConfigKeys (ConfUtils.java:logGet(43)) - raft.server.leader.election.timeout = 120s (custom)
2019-09-19 11:15:44,446 [pool-38-thread-1] INFO  server.RaftServerConfigKeys (ConfUtils.java:logGet(43)) - raft.server.log.use.memory = false (default)
2019-09-19 11:15:44,446 [pool-38-thread-1] INFO  server.RaftServerConfigKeys (ConfUtils.java:logGet(43)) - raft.server.log.purge.gap = 1000000 (custom)
2019-09-19 11:15:44,446 [pool-38-thread-1] INFO  server.RaftServerConfigKeys (ConfUtils.java:logGet(43)) - raft.server.log.appender.buffer.byte-limit = 33554432 (custom)
2019-09-19 11:15:44,447 [pool-38-thread-1] INFO  server.RaftServerConfigKeys (ConfUtils.java:logGet(43)) - raft.server.log.segment.size.max = 1048576 (custom)
2019-09-19 11:15:44,447 [pool-38-thread-1] INFO  server.RaftServerConfigKeys (ConfUtils.java:logGet(43)) - raft.server.log.segment.cache.num.max = 2 (custom)
2019-09-19 11:15:44,447 [pool-38-thread-1] INFO  segmented.SegmentedRaftLogWorker (SegmentedRaftLogWorker.java:<init>(172)) - new 07ed7a64-68cb-4e20-b110-7a1d13cb9d05-SegmentedRaftLogWorker:Storage Directory /workdir/hadoop-ozone/integration-test/target/test-dir/MiniOzoneClusterImpl-7fc07b7e-c81f-4adf-a353-408e6fc41966/datanode-1/data/ratis/4e9eb80e-26bb-4e92-961d-49cace3ac3a2 for RaftStorage:Storage Directory /workdir/hadoop-ozone/integration-test/target/test-dir/MiniOzoneClusterImpl-7fc07b7e-c81f-4adf-a353-408e6fc41966/datanode-1/data/ratis/4e9eb80e-26bb-4e92-961d-49cace3ac3a2
2019-09-19 11:15:44,447 [pool-38-thread-1] INFO  server.RaftServerConfigKeys (ConfUtils.java:logGet(43)) - raft.server.log.queue.byte-limit = 2147483647 (custom)
2019-09-19 11:15:44,447 [pool-38-thread-1] INFO  server.RaftServerConfigKeys (ConfUtils.java:logGet(43)) - raft.server.log.queue.element-limit = 1024 (custom)
2019-09-19 11:15:44,448 [pool-38-thread-1] INFO  server.RaftServerConfigKeys (ConfUtils.java:logGet(43)) - raft.server.log.segment.size.max = 1048576 (custom)
2019-09-19 11:15:44,448 [pool-38-thread-1] INFO  server.RaftServerConfigKeys (ConfUtils.java:logGet(43)) - raft.server.log.preallocated.size = 16384 (custom)
2019-09-19 11:15:44,448 [pool-38-thread-1] INFO  server.RaftServerConfigKeys (ConfUtils.java:logGet(43)) - raft.server.log.write.buffer.size = 33554432 (custom)
2019-09-19 11:15:44,448 [pool-38-thread-1] INFO  server.RaftServerConfigKeys (ConfUtils.java:logGet(43)) - raft.server.log.force.sync.num = 128 (default)
2019-09-19 11:15:44,448 [pool-38-thread-1] INFO  server.RaftServerConfigKeys (ConfUtils.java:logGet(43)) - raft.server.log.statemachine.data.sync = true (default)
2019-09-19 11:15:44,449 [pool-38-thread-1] INFO  server.RaftServerConfigKeys (ConfUtils.java:logGet(43)) - raft.server.log.statemachine.data.sync.timeout = 10s (default)
2019-09-19 11:15:44,449 [pool-38-thread-1] INFO  server.RaftServerConfigKeys (ConfUtils.java:logGet(43)) - raft.server.log.statemachine.data.sync.timeout.retry = -1 (default)
2019-09-19 11:15:44,449 [pool-38-thread-1] INFO  server.RaftServerConfigKeys (ConfUtils.java:logGet(43)) - raft.server.log.statemachine.data.caching.enabled = true (custom)
2019-09-19 11:15:44,449 [pool-38-thread-1] INFO  segmented.SegmentedRaftLogWorker (SegmentedRaftLogWorker.java:lambda$new$0(132)) - 07ed7a64-68cb-4e20-b110-7a1d13cb9d05-SegmentedRaftLogWorker:Storage Directory /workdir/hadoop-ozone/integration-test/target/test-dir/MiniOzoneClusterImpl-7fc07b7e-c81f-4adf-a353-408e6fc41966/datanode-1/data/ratis/4e9eb80e-26bb-4e92-961d-49cace3ac3a2: flushIndex: setUnconditionally 0 -> -1
2019-09-19 11:15:44,450 [pool-38-thread-1] INFO  server.RaftServerConfigKeys (ConfUtils.java:logGet(43)) - raft.server.snapshot.auto.trigger.enabled = true (custom)
2019-09-19 11:15:44,450 [pool-38-thread-1] INFO  server.RaftServerConfigKeys (ConfUtils.java:logGet(43)) - raft.server.snapshot.auto.trigger.threshold = 10000 (custom)
2019-09-19 11:15:44,450 [pool-38-thread-1] INFO  server.RaftServerConfigKeys (ConfUtils.java:logGet(43)) - raft.server.retrycache.expirytime = 600000ms (custom)
2019-09-19 11:15:44,451 [pool-38-thread-1] INFO  impl.RaftServerImpl (RaftServerImpl.java:start(180)) - 07ed7a64-68cb-4e20-b110-7a1d13cb9d05: start group-49CACE3AC3A2
2019-09-19 11:15:44,451 [pool-38-thread-1] INFO  impl.RaftServerImpl (RaftServerImpl.java:setRole(171)) - 07ed7a64-68cb-4e20-b110-7a1d13cb9d05:group-49CACE3AC3A2 changes role from null to FOLLOWER at term 0 for startAsFollower
2019-09-19 11:15:44,451 [pool-38-thread-1] INFO  impl.RoleInfo (RoleInfo.java:updateAndGet(143)) - 07ed7a64-68cb-4e20-b110-7a1d13cb9d05: start FollowerState
2019-09-19 11:15:44,452 [pool-38-thread-1] INFO  util.JmxRegister (JmxRegister.java:tryRegister(44)) - Successfully registered JMX Bean with object name Ratis:service=RaftServer,group=group-49CACE3AC3A2,id=07ed7a64-68cb-4e20-b110-7a1d13cb9d05
2019-09-19 11:15:44,456 [RatisPipelineUtilsThread] INFO  pipeline.PipelineStateManager (PipelineStateManager.java:addPipeline(56)) - Created pipeline Pipeline[ Id: 4e9eb80e-26bb-4e92-961d-49cace3ac3a2, Nodes: 07ed7a64-68cb-4e20-b110-7a1d13cb9d05{ip: 192.168.157.226, host: pr-hdds-1569-swxfz-3172132826, networkLocation: /default-rack, certSerialId: null}, Type:RATIS, Factor:ONE, State:OPEN]
2019-09-19 11:15:44,458 [RatisPipelineUtilsThread] ERROR pipeline.PipelinePlacementPolicy (PipelinePlacementPolicy.java:meetCriteria(91)) - Pipeline Placement: Doesn't meet the criteria to be viable node. Heaviness: 6
2019-09-19 11:15:44,458 [RatisPipelineUtilsThread] ERROR pipeline.PipelinePlacementPolicy (PipelinePlacementPolicy.java:meetCriteria(91)) - Pipeline Placement: Doesn't meet the criteria to be viable node. Heaviness: 6
2019-09-19 11:15:44,458 [RatisPipelineUtilsThread] ERROR pipeline.PipelinePlacementPolicy (PipelinePlacementPolicy.java:meetCriteria(91)) - Pipeline Placement: Doesn't meet the criteria to be viable node. Heaviness: 6
2019-09-19 11:15:44,459 [RatisPipelineUtilsThread] ERROR pipeline.PipelinePlacementPolicy (PipelinePlacementPolicy.java:filterViableNodes(146)) - Unable to find enough nodes that meet the criteria that cannot engage in more than 5 pipelines. Nodes required: 1 Found: 0, healthy nodes count inNodeManager: 3.
2019-09-19 11:15:44,460 [RatisPipelineUtilsThread] ERROR pipeline.SCMPipelineManager (SCMPipelineManager.java:createPipeline(161)) - Pipeline creation failed due to exception: Unable to find enough nodes that meet the criteria that cannot engage in more than 5 pipelines. Nodes required: 1 Found: 0, healthy nodes count inNodeManager: 3.
2019-09-19 11:15:44,462 [RatisPipelineUtilsThread] ERROR pipeline.PipelinePlacementPolicy (PipelinePlacementPolicy.java:meetCriteria(91)) - Pipeline Placement: Doesn't meet the criteria to be viable node. Heaviness: 6
2019-09-19 11:15:44,462 [RatisPipelineUtilsThread] ERROR pipeline.PipelinePlacementPolicy (PipelinePlacementPolicy.java:meetCriteria(91)) - Pipeline Placement: Doesn't meet the criteria to be viable node. Heaviness: 6
2019-09-19 11:15:44,462 [RatisPipelineUtilsThread] ERROR pipeline.PipelinePlacementPolicy (PipelinePlacementPolicy.java:meetCriteria(91)) - Pipeline Placement: Doesn't meet the criteria to be viable node. Heaviness: 6
2019-09-19 11:15:44,462 [RatisPipelineUtilsThread] ERROR pipeline.PipelinePlacementPolicy (PipelinePlacementPolicy.java:filterViableNodes(146)) - Unable to find enough nodes that meet the criteria that cannot engage in more than 5 pipelines. Nodes required: 3 Found: 0, healthy nodes count inNodeManager: 3.
2019-09-19 11:15:44,463 [RatisPipelineUtilsThread] ERROR pipeline.SCMPipelineManager (SCMPipelineManager.java:createPipeline(161)) - Pipeline creation failed due to exception: Unable to find enough nodes that meet the criteria that cannot engage in more than 5 pipelines. Nodes required: 3 Found: 0, healthy nodes count inNodeManager: 3.
2019-09-19 11:15:44,463 [main] ERROR pipeline.PipelinePlacementPolicy (PipelinePlacementPolicy.java:meetCriteria(91)) - Pipeline Placement: Doesn't meet the criteria to be viable node. Heaviness: 6
2019-09-19 11:15:44,468 [main] ERROR pipeline.PipelinePlacementPolicy (PipelinePlacementPolicy.java:meetCriteria(91)) - Pipeline Placement: Doesn't meet the criteria to be viable node. Heaviness: 6
2019-09-19 11:15:44,468 [main] ERROR pipeline.PipelinePlacementPolicy (PipelinePlacementPolicy.java:meetCriteria(91)) - Pipeline Placement: Doesn't meet the criteria to be viable node. Heaviness: 6
2019-09-19 11:15:44,469 [main] ERROR pipeline.PipelinePlacementPolicy (PipelinePlacementPolicy.java:filterViableNodes(146)) - Unable to find enough nodes that meet the criteria that cannot engage in more than 5 pipelines. Nodes required: 3 Found: 0, healthy nodes count inNodeManager: 3.
2019-09-19 11:15:44,469 [main] ERROR pipeline.SCMPipelineManager (SCMPipelineManager.java:createPipeline(161)) - Pipeline creation failed due to exception: Unable to find enough nodes that meet the criteria that cannot engage in more than 5 pipelines. Nodes required: 3 Found: 0, healthy nodes count inNodeManager: 3.
2019-09-19 11:15:44,469 [RatisPipelineUtilsThread] ERROR pipeline.PipelinePlacementPolicy (PipelinePlacementPolicy.java:meetCriteria(91)) - Pipeline Placement: Doesn't meet the criteria to be viable node. Heaviness: 6
2019-09-19 11:15:44,470 [RatisPipelineUtilsThread] ERROR pipeline.PipelinePlacementPolicy (PipelinePlacementPolicy.java:meetCriteria(91)) - Pipeline Placement: Doesn't meet the criteria to be viable node. Heaviness: 6
2019-09-19 11:15:44,470 [main] INFO  ozone.MiniOzoneClusterImpl (MiniOzoneClusterImpl.java:shutdown(321)) - Shutting down the Mini Ozone Cluster
2019-09-19 11:15:44,471 [RatisPipelineUtilsThread] ERROR pipeline.PipelinePlacementPolicy (PipelinePlacementPolicy.java:meetCriteria(91)) - Pipeline Placement: Doesn't meet the criteria to be viable node. Heaviness: 6
2019-09-19 11:15:44,471 [RatisPipelineUtilsThread] ERROR pipeline.PipelinePlacementPolicy (PipelinePlacementPolicy.java:filterViableNodes(146)) - Unable to find enough nodes that meet the criteria that cannot engage in more than 5 pipelines. Nodes required: 1 Found: 0, healthy nodes count inNodeManager: 3.
2019-09-19 11:15:44,471 | INFO  | SCMAudit | user=null | ip=null | op=GET_SCM_INFO null | ret=SUCCESS |  
2019-09-19 11:15:44,472 [RatisPipelineUtilsThread] ERROR pipeline.SCMPipelineManager (SCMPipelineManager.java:createPipeline(161)) - Pipeline creation failed due to exception: Unable to find enough nodes that meet the criteria that cannot engage in more than 5 pipelines. Nodes required: 1 Found: 0, healthy nodes count inNodeManager: 3.
2019-09-19 11:15:44,472 [main] INFO  ozone.MiniOzoneClusterImpl (MiniOzoneClusterImpl.java:stop(336)) - Stopping the Mini Ozone Cluster
2019-09-19 11:15:44,472 [RatisPipelineUtilsThread] ERROR pipeline.PipelinePlacementPolicy (PipelinePlacementPolicy.java:meetCriteria(91)) - Pipeline Placement: Doesn't meet the criteria to be viable node. Heaviness: 6
2019-09-19 11:15:44,472 [main] INFO  ozone.MiniOzoneClusterImpl (MiniOzoneClusterImpl.java:stop(338)) - Stopping the OzoneManager
2019-09-19 11:15:44,472 [RatisPipelineUtilsThread] ERROR pipeline.PipelinePlacementPolicy (PipelinePlacementPolicy.java:meetCriteria(91)) - Pipeline Placement: Doesn't meet the criteria to be viable node. Heaviness: 6
2019-09-19 11:15:44,473 [main] INFO  ipc.Server (Server.java:stop(3082)) - Stopping server on 41621
2019-09-19 11:15:44,473 [RatisPipelineUtilsThread] ERROR pipeline.PipelinePlacementPolicy (PipelinePlacementPolicy.java:meetCriteria(91)) - Pipeline Placement: Doesn't meet the criteria to be viable node. Heaviness: 6
2019-09-19 11:15:44,475 [RatisPipelineUtilsThread] ERROR pipeline.PipelinePlacementPolicy (PipelinePlacementPolicy.java:filterViableNodes(146)) - Unable to find enough nodes that meet the criteria that cannot engage in more than 5 pipelines. Nodes required: 3 Found: 0, healthy nodes count inNodeManager: 3.
2019-09-19 11:15:44,481 [RatisPipelineUtilsThread] ERROR pipeline.SCMPipelineManager (SCMPipelineManager.java:createPipeline(161)) - Pipeline creation failed due to exception: Unable to find enough nodes that meet the criteria that cannot engage in more than 5 pipelines. Nodes required: 3 Found: 0, healthy nodes count inNodeManager: 3.
2019-09-19 11:15:44,485 [IPC Server listener on 41621] INFO  ipc.Server (Server.java:run(1185)) - Stopping IPC Server listener on 41621
2019-09-19 11:15:44,490 [main] INFO  ratis.OzoneManagerDoubleBuffer (OzoneManagerDoubleBuffer.java:stop(248)) - Stopping OMDoubleBuffer flush thread
2019-09-19 11:15:44,496 [IPC Server Responder] INFO  ipc.Server (Server.java:run(1319)) - Stopping IPC Server Responder
2019-09-19 11:15:44,497 [OMDoubleBufferFlushThread] INFO  ratis.OzoneManagerDoubleBuffer (OzoneManagerDoubleBuffer.java:flushTransactions(191)) - OMDoubleBuffer flush thread OMDoubleBufferFlushThread is interrupted and will exit. OMDoubleBufferFlushThread
2019-09-19 11:15:44,499 [main] INFO  utils.BackgroundService (BackgroundService.java:shutdown(148)) - Shutting down service KeyDeletingService
2019-09-19 11:15:44,566 | INFO  | SCMAudit | user=jenkins1000 | ip=192.168.157.226 | op=SEND_HEARTBEAT {datanodeUUID=07ed7a64-68cb-4e20-b110-7a1d13cb9d05, command=[]} | ret=SUCCESS |  
2019-09-19 11:15:44,624 [main] INFO  handler.ContextHandler (ContextHandler.java:doStop(910)) - Stopped o.e.j.w.WebAppContext@78de58ea{/,null,UNAVAILABLE}{/ozoneManager}
2019-09-19 11:15:44,631 [main] INFO  server.AbstractConnector (AbstractConnector.java:doStop(318)) - Stopped ServerConnector@60e5272{HTTP/1.1,[http/1.1]}{0.0.0.0:0}
2019-09-19 11:15:44,632 [main] INFO  handler.ContextHandler (ContextHandler.java:doStop(910)) - Stopped o.e.j.s.ServletContextHandler@a64e035{/static,file:///workdir/hadoop-ozone/integration-test/target/test-classes/webapps/static,UNAVAILABLE}
2019-09-19 11:15:44,632 [main] INFO  handler.ContextHandler (ContextHandler.java:doStop(910)) - Stopped o.e.j.s.ServletContextHandler@4f186450{/logs,file:///workdir/hadoop-ozone/integration-test/target/log,UNAVAILABLE}
2019-09-19 11:15:44,636 [main] INFO  ozone.MiniOzoneClusterImpl (MiniOzoneClusterImpl.java:stop(344)) - Shutting the HddsDatanodes
2019-09-19 11:15:44,637 [main] INFO  datanode.ObjectStoreHandler (ObjectStoreHandler.java:close(155)) - Closing ObjectStoreHandler.
2019-09-19 11:15:44,637 [ForkJoinPool.commonPool-worker-1] INFO  datanode.ObjectStoreHandler (ObjectStoreHandler.java:close(155)) - Closing ObjectStoreHandler.
2019-09-19 11:15:44,649 [main] INFO  ozone.HddsDatanodeService (HddsDatanodeService.java:stop(451)) - Stopped plug-in org.apache.hadoop.ozone.web.OzoneHddsDatanodeService@26457986
2019-09-19 11:15:44,649 [ForkJoinPool.commonPool-worker-1] INFO  ozone.HddsDatanodeService (HddsDatanodeService.java:stop(451)) - Stopped plug-in org.apache.hadoop.ozone.web.OzoneHddsDatanodeService@415795f3
2019-09-19 11:15:45,019 | INFO  | SCMAudit | user=jenkins1000 | ip=192.168.157.226 | op=SEND_HEARTBEAT {datanodeUUID=6d9635c1-82f6-4958-89b3-6bc3e98b3bf9, command=[]} | ret=SUCCESS |  
2019-09-19 11:15:45,063 [Datanode State Machine Thread - 0] INFO  statemachine.DatanodeStateMachine (DatanodeStateMachine.java:lambda$startDaemon$0(350)) - Ozone container server started.
2019-09-19 11:15:45,107 [Thread-177] INFO  container.ReplicationManager (ReplicationManager.java:start(151)) - Starting Replication Monitor Thread.
2019-09-19 11:15:45,110 [ReplicationMonitor] INFO  container.ReplicationManager (ReplicationManager.java:run(214)) - Replication Monitor Thread took 1 milliseconds for processing 0 containers.
2019-09-19 11:15:45,563 [Datanode State Machine Thread - 0] INFO  statemachine.DatanodeStateMachine (DatanodeStateMachine.java:lambda$startDaemon$0(350)) - Ozone container server started.
2019-09-19 11:15:46,019 | INFO  | SCMAudit | user=jenkins1000 | ip=192.168.157.226 | op=SEND_HEARTBEAT {datanodeUUID=6d9635c1-82f6-4958-89b3-6bc3e98b3bf9, command=[]} | ret=SUCCESS |  
2019-09-19 11:15:47,018 | INFO  | SCMAudit | user=jenkins1000 | ip=192.168.157.226 | op=SEND_HEARTBEAT {datanodeUUID=6d9635c1-82f6-4958-89b3-6bc3e98b3bf9, command=[]} | ret=SUCCESS |  
2019-09-19 11:15:48,018 | INFO  | SCMAudit | user=jenkins1000 | ip=192.168.157.226 | op=SEND_HEARTBEAT {datanodeUUID=6d9635c1-82f6-4958-89b3-6bc3e98b3bf9, command=[]} | ret=SUCCESS |  
2019-09-19 11:15:48,354 [Thread-179] INFO  impl.FollowerState (FollowerState.java:run(106)) - dbc7cc94-1ec8-41e3-bae5-3deb3fe35f66:group-3720A607D100 changes to CANDIDATE, lastRpcTime:5053, electionTimeout:5052ms
2019-09-19 11:15:48,354 [Thread-179] INFO  impl.RoleInfo (RoleInfo.java:shutdownFollowerState(121)) - dbc7cc94-1ec8-41e3-bae5-3deb3fe35f66: shutdown FollowerState
2019-09-19 11:15:48,355 [Thread-179] INFO  impl.RaftServerImpl (RaftServerImpl.java:setRole(171)) - dbc7cc94-1ec8-41e3-bae5-3deb3fe35f66:group-3720A607D100 changes role from FOLLOWER to CANDIDATE at term 0 for changeToCandidate
2019-09-19 11:15:48,361 [Thread-179] INFO  impl.RoleInfo (RoleInfo.java:updateAndGet(143)) - dbc7cc94-1ec8-41e3-bae5-3deb3fe35f66: start LeaderElection
2019-09-19 11:15:48,654 [Thread-182] INFO  impl.FollowerState (FollowerState.java:run(106)) - 6d9635c1-82f6-4958-89b3-6bc3e98b3bf9:group-CBEC8B44C438 changes to CANDIDATE, lastRpcTime:5167, electionTimeout:5166ms
2019-09-19 11:15:48,655 [Thread-182] INFO  impl.RoleInfo (RoleInfo.java:shutdownFollowerState(121)) - 6d9635c1-82f6-4958-89b3-6bc3e98b3bf9: shutdown FollowerState
2019-09-19 11:15:48,656 [Thread-182] INFO  impl.RaftServerImpl (RaftServerImpl.java:setRole(171)) - 6d9635c1-82f6-4958-89b3-6bc3e98b3bf9:group-CBEC8B44C438 changes role from FOLLOWER to CANDIDATE at term 0 for changeToCandidate
2019-09-19 11:15:48,656 [Thread-182] INFO  impl.RoleInfo (RoleInfo.java:updateAndGet(143)) - 6d9635c1-82f6-4958-89b3-6bc3e98b3bf9: start LeaderElection
2019-09-19 11:15:48,664 [Thread-185] INFO  impl.FollowerState (FollowerState.java:run(106)) - 6d9635c1-82f6-4958-89b3-6bc3e98b3bf9:group-56F3850EDFAC changes to CANDIDATE, lastRpcTime:5101, electionTimeout:5101ms
2019-09-19 11:15:48,664 [Thread-185] INFO  impl.RoleInfo (RoleInfo.java:shutdownFollowerState(121)) - 6d9635c1-82f6-4958-89b3-6bc3e98b3bf9: shutdown FollowerState
2019-09-19 11:15:48,664 [Thread-185] INFO  impl.RaftServerImpl (RaftServerImpl.java:setRole(171)) - 6d9635c1-82f6-4958-89b3-6bc3e98b3bf9:group-56F3850EDFAC changes role from FOLLOWER to CANDIDATE at term 0 for changeToCandidate
2019-09-19 11:15:48,664 [Thread-185] INFO  impl.RoleInfo (RoleInfo.java:updateAndGet(143)) - 6d9635c1-82f6-4958-89b3-6bc3e98b3bf9: start LeaderElection
2019-09-19 11:15:48,701 [dbc7cc94-1ec8-41e3-bae5-3deb3fe35f66:group-3720A607D100:LeaderElection1] INFO  impl.LeaderElection (LeaderElection.java:askForVotes(181)) - dbc7cc94-1ec8-41e3-bae5-3deb3fe35f66:group-3720A607D100:LeaderElection1: begin an election at term 1 for -1: [dbc7cc94-1ec8-41e3-bae5-3deb3fe35f66:192.168.157.226:39716], old=null
2019-09-19 11:15:48,702 [6d9635c1-82f6-4958-89b3-6bc3e98b3bf9:group-CBEC8B44C438:LeaderElection2] INFO  impl.LeaderElection (LeaderElection.java:askForVotes(181)) - 6d9635c1-82f6-4958-89b3-6bc3e98b3bf9:group-CBEC8B44C438:LeaderElection2: begin an election at term 1 for -1: [6d9635c1-82f6-4958-89b3-6bc3e98b3bf9:192.168.157.226:40530], old=null
2019-09-19 11:15:48,702 [6d9635c1-82f6-4958-89b3-6bc3e98b3bf9:group-56F3850EDFAC:LeaderElection3] INFO  impl.LeaderElection (LeaderElection.java:askForVotes(181)) - 6d9635c1-82f6-4958-89b3-6bc3e98b3bf9:group-56F3850EDFAC:LeaderElection3: begin an election at term 1 for -1: [6d9635c1-82f6-4958-89b3-6bc3e98b3bf9:192.168.157.226:40530], old=null
2019-09-19 11:15:48,704 [6d9635c1-82f6-4958-89b3-6bc3e98b3bf9:group-CBEC8B44C438:LeaderElection2] INFO  impl.RoleInfo (RoleInfo.java:shutdownLeaderElection(134)) - 6d9635c1-82f6-4958-89b3-6bc3e98b3bf9: shutdown LeaderElection
2019-09-19 11:15:48,704 [dbc7cc94-1ec8-41e3-bae5-3deb3fe35f66:group-3720A607D100:LeaderElection1] INFO  impl.RoleInfo (RoleInfo.java:shutdownLeaderElection(134)) - dbc7cc94-1ec8-41e3-bae5-3deb3fe35f66: shutdown LeaderElection
2019-09-19 11:15:48,704 [6d9635c1-82f6-4958-89b3-6bc3e98b3bf9:group-56F3850EDFAC:LeaderElection3] INFO  impl.RoleInfo (RoleInfo.java:shutdownLeaderElection(134)) - 6d9635c1-82f6-4958-89b3-6bc3e98b3bf9: shutdown LeaderElection
2019-09-19 11:15:48,704 [6d9635c1-82f6-4958-89b3-6bc3e98b3bf9:group-CBEC8B44C438:LeaderElection2] INFO  impl.RaftServerImpl (RaftServerImpl.java:setRole(171)) - 6d9635c1-82f6-4958-89b3-6bc3e98b3bf9:group-CBEC8B44C438 changes role from CANDIDATE to LEADER at term 1 for changeToLeader
2019-09-19 11:15:48,704 [dbc7cc94-1ec8-41e3-bae5-3deb3fe35f66:group-3720A607D100:LeaderElection1] INFO  impl.RaftServerImpl (RaftServerImpl.java:setRole(171)) - dbc7cc94-1ec8-41e3-bae5-3deb3fe35f66:group-3720A607D100 changes role from CANDIDATE to LEADER at term 1 for changeToLeader
2019-09-19 11:15:48,705 [6d9635c1-82f6-4958-89b3-6bc3e98b3bf9:group-CBEC8B44C438:LeaderElection2] INFO  impl.RaftServerImpl (ServerState.java:setLeader(263)) - 6d9635c1-82f6-4958-89b3-6bc3e98b3bf9:group-CBEC8B44C438 change Leader from null to 6d9635c1-82f6-4958-89b3-6bc3e98b3bf9 at term 1 for becomeLeader, leader elected after 5226ms
2019-09-19 11:15:48,705 [6d9635c1-82f6-4958-89b3-6bc3e98b3bf9:group-56F3850EDFAC:LeaderElection3] INFO  impl.RaftServerImpl (RaftServerImpl.java:setRole(171)) - 6d9635c1-82f6-4958-89b3-6bc3e98b3bf9:group-56F3850EDFAC changes role from CANDIDATE to LEADER at term 1 for changeToLeader
2019-09-19 11:15:48,705 [dbc7cc94-1ec8-41e3-bae5-3deb3fe35f66:group-3720A607D100:LeaderElection1] INFO  impl.RaftServerImpl (ServerState.java:setLeader(263)) - dbc7cc94-1ec8-41e3-bae5-3deb3fe35f66:group-3720A607D100 change Leader from null to dbc7cc94-1ec8-41e3-bae5-3deb3fe35f66 at term 1 for becomeLeader, leader elected after 5489ms
2019-09-19 11:15:48,705 [6d9635c1-82f6-4958-89b3-6bc3e98b3bf9:group-56F3850EDFAC:LeaderElection3] INFO  impl.RaftServerImpl (ServerState.java:setLeader(263)) - 6d9635c1-82f6-4958-89b3-6bc3e98b3bf9:group-56F3850EDFAC change Leader from null to 6d9635c1-82f6-4958-89b3-6bc3e98b3bf9 at term 1 for becomeLeader, leader elected after 5149ms
2019-09-19 11:15:48,711 [6d9635c1-82f6-4958-89b3-6bc3e98b3bf9:group-CBEC8B44C438:LeaderElection2] INFO  server.RaftServerConfigKeys (ConfUtils.java:logGet(43)) - raft.server.staging.catchup.gap = 1000 (default)
2019-09-19 11:15:48,711 [6d9635c1-82f6-4958-89b3-6bc3e98b3bf9:group-56F3850EDFAC:LeaderElection3] INFO  server.RaftServerConfigKeys (ConfUtils.java:logGet(43)) - raft.server.staging.catchup.gap = 1000 (default)
2019-09-19 11:15:48,711 [dbc7cc94-1ec8-41e3-bae5-3deb3fe35f66:group-3720A607D100:LeaderElection1] INFO  server.RaftServerConfigKeys (ConfUtils.java:logGet(43)) - raft.server.staging.catchup.gap = 1000 (default)
2019-09-19 11:15:48,711 [6d9635c1-82f6-4958-89b3-6bc3e98b3bf9:group-56F3850EDFAC:LeaderElection3] INFO  server.RaftServerConfigKeys (ConfUtils.java:logGet(43)) - raft.server.rpc.sleep.time = 25ms (default)
2019-09-19 11:15:48,711 [6d9635c1-82f6-4958-89b3-6bc3e98b3bf9:group-CBEC8B44C438:LeaderElection2] INFO  server.RaftServerConfigKeys (ConfUtils.java:logGet(43)) - raft.server.rpc.sleep.time = 25ms (default)
2019-09-19 11:15:48,712 [dbc7cc94-1ec8-41e3-bae5-3deb3fe35f66:group-3720A607D100:LeaderElection1] INFO  server.RaftServerConfigKeys (ConfUtils.java:logGet(43)) - raft.server.rpc.sleep.time = 25ms (default)
2019-09-19 11:15:48,715 [6d9635c1-82f6-4958-89b3-6bc3e98b3bf9:group-CBEC8B44C438:LeaderElection2] INFO  server.RaftServerConfigKeys (ConfUtils.java:logGet(43)) - raft.server.write.element-limit = 4096 (default)
2019-09-19 11:15:48,715 [dbc7cc94-1ec8-41e3-bae5-3deb3fe35f66:group-3720A607D100:LeaderElection1] INFO  server.RaftServerConfigKeys (ConfUtils.java:logGet(43)) - raft.server.write.element-limit = 4096 (default)
2019-09-19 11:15:48,715 [6d9635c1-82f6-4958-89b3-6bc3e98b3bf9:group-56F3850EDFAC:LeaderElection3] INFO  server.RaftServerConfigKeys (ConfUtils.java:logGet(43)) - raft.server.write.element-limit = 4096 (default)
2019-09-19 11:15:48,717 [6d9635c1-82f6-4958-89b3-6bc3e98b3bf9:group-CBEC8B44C438:LeaderElection2] INFO  server.RaftServerConfigKeys (ConfUtils.java:logGet(43)) - raft.server.watch.timeout = 10s (default)
2019-09-19 11:15:48,717 [dbc7cc94-1ec8-41e3-bae5-3deb3fe35f66:group-3720A607D100:LeaderElection1] INFO  server.RaftServerConfigKeys (ConfUtils.java:logGet(43)) - raft.server.watch.timeout = 10s (default)
2019-09-19 11:15:48,717 [6d9635c1-82f6-4958-89b3-6bc3e98b3bf9:group-CBEC8B44C438:LeaderElection2] INFO  server.RaftServerConfigKeys (ConfUtils.java:logGet(43)) - raft.server.watch.timeout.denomination = 1s (default)
2019-09-19 11:15:48,717 [6d9635c1-82f6-4958-89b3-6bc3e98b3bf9:group-56F3850EDFAC:LeaderElection3] INFO  server.RaftServerConfigKeys (ConfUtils.java:logGet(43)) - raft.server.watch.timeout = 10s (default)
2019-09-19 11:15:48,718 [dbc7cc94-1ec8-41e3-bae5-3deb3fe35f66:group-3720A607D100:LeaderElection1] INFO  server.RaftServerConfigKeys (ConfUtils.java:logGet(43)) - raft.server.watch.timeout.denomination = 1s (default)
2019-09-19 11:15:48,718 [6d9635c1-82f6-4958-89b3-6bc3e98b3bf9:group-56F3850EDFAC:LeaderElection3] INFO  server.RaftServerConfigKeys (ConfUtils.java:logGet(43)) - raft.server.watch.timeout.denomination = 1s (default)
2019-09-19 11:15:48,719 [6d9635c1-82f6-4958-89b3-6bc3e98b3bf9:group-CBEC8B44C438:LeaderElection2] INFO  server.RaftServerConfigKeys (ConfUtils.java:logGet(43)) - raft.server.watch.element-limit = 65536 (default)
2019-09-19 11:15:48,719 [dbc7cc94-1ec8-41e3-bae5-3deb3fe35f66:group-3720A607D100:LeaderElection1] INFO  server.RaftServerConfigKeys (ConfUtils.java:logGet(43)) - raft.server.watch.element-limit = 65536 (default)
2019-09-19 11:15:48,719 [6d9635c1-82f6-4958-89b3-6bc3e98b3bf9:group-56F3850EDFAC:LeaderElection3] INFO  server.RaftServerConfigKeys (ConfUtils.java:logGet(43)) - raft.server.watch.element-limit = 65536 (default)
2019-09-19 11:15:48,733 [6d9635c1-82f6-4958-89b3-6bc3e98b3bf9:group-CBEC8B44C438:LeaderElection2] INFO  impl.RoleInfo (RoleInfo.java:updateAndGet(143)) - 6d9635c1-82f6-4958-89b3-6bc3e98b3bf9: start LeaderState
2019-09-19 11:15:48,733 [6d9635c1-82f6-4958-89b3-6bc3e98b3bf9:group-56F3850EDFAC:LeaderElection3] INFO  impl.RoleInfo (RoleInfo.java:updateAndGet(143)) - 6d9635c1-82f6-4958-89b3-6bc3e98b3bf9: start LeaderState
2019-09-19 11:15:48,733 [dbc7cc94-1ec8-41e3-bae5-3deb3fe35f66:group-3720A607D100:LeaderElection1] INFO  impl.RoleInfo (RoleInfo.java:updateAndGet(143)) - dbc7cc94-1ec8-41e3-bae5-3deb3fe35f66: start LeaderState
2019-09-19 11:15:48,754 [6d9635c1-82f6-4958-89b3-6bc3e98b3bf9:group-CBEC8B44C438:LeaderElection2] INFO  segmented.SegmentedRaftLogWorker (SegmentedRaftLogWorker.java:startLogSegment(380)) - 6d9635c1-82f6-4958-89b3-6bc3e98b3bf9-SegmentedRaftLogWorker:Storage Directory /workdir/hadoop-ozone/integration-test/target/test-dir/MiniOzoneClusterImpl-7fc07b7e-c81f-4adf-a353-408e6fc41966/datanode-2/data/ratis/f8f7c484-f73c-452e-898f-cbec8b44c438: Starting segment from index:0
2019-09-19 11:15:48,754 [dbc7cc94-1ec8-41e3-bae5-3deb3fe35f66:group-3720A607D100:LeaderElection1] INFO  segmented.SegmentedRaftLogWorker (SegmentedRaftLogWorker.java:startLogSegment(380)) - dbc7cc94-1ec8-41e3-bae5-3deb3fe35f66-SegmentedRaftLogWorker:Storage Directory /workdir/hadoop-ozone/integration-test/target/test-dir/MiniOzoneClusterImpl-7fc07b7e-c81f-4adf-a353-408e6fc41966/datanode-0/data/ratis/ddfe96df-314c-41cb-a922-3720a607d100: Starting segment from index:0
2019-09-19 11:15:48,754 [6d9635c1-82f6-4958-89b3-6bc3e98b3bf9:group-56F3850EDFAC:LeaderElection3] INFO  segmented.SegmentedRaftLogWorker (SegmentedRaftLogWorker.java:startLogSegment(380)) - 6d9635c1-82f6-4958-89b3-6bc3e98b3bf9-SegmentedRaftLogWorker:Storage Directory /workdir/hadoop-ozone/integration-test/target/test-dir/MiniOzoneClusterImpl-7fc07b7e-c81f-4adf-a353-408e6fc41966/datanode-2/data/ratis/a49064ea-23fc-4f1c-99b9-56f3850edfac: Starting segment from index:0
2019-09-19 11:15:48,763 [6d9635c1-82f6-4958-89b3-6bc3e98b3bf9:group-CBEC8B44C438:LeaderElection2] INFO  impl.RaftServerImpl (ServerState.java:setRaftConf(361)) - 6d9635c1-82f6-4958-89b3-6bc3e98b3bf9:group-CBEC8B44C438 set configuration 0: [6d9635c1-82f6-4958-89b3-6bc3e98b3bf9:192.168.157.226:40530], old=null at 0
2019-09-19 11:15:48,763 [dbc7cc94-1ec8-41e3-bae5-3deb3fe35f66:group-3720A607D100:LeaderElection1] INFO  impl.RaftServerImpl (ServerState.java:setRaftConf(361)) - dbc7cc94-1ec8-41e3-bae5-3deb3fe35f66:group-3720A607D100 set configuration 0: [dbc7cc94-1ec8-41e3-bae5-3deb3fe35f66:192.168.157.226:39716], old=null at 0
2019-09-19 11:15:48,763 [6d9635c1-82f6-4958-89b3-6bc3e98b3bf9:group-56F3850EDFAC:LeaderElection3] INFO  impl.RaftServerImpl (ServerState.java:setRaftConf(361)) - 6d9635c1-82f6-4958-89b3-6bc3e98b3bf9:group-56F3850EDFAC set configuration 0: [6d9635c1-82f6-4958-89b3-6bc3e98b3bf9:192.168.157.226:40530], old=null at 0
2019-09-19 11:15:48,772 [Thread-191] INFO  impl.FollowerState (FollowerState.java:run(106)) - 07ed7a64-68cb-4e20-b110-7a1d13cb9d05:group-351BB6C721F7 changes to CANDIDATE, lastRpcTime:5064, electionTimeout:5064ms
2019-09-19 11:15:48,773 [Thread-191] INFO  impl.RoleInfo (RoleInfo.java:shutdownFollowerState(121)) - 07ed7a64-68cb-4e20-b110-7a1d13cb9d05: shutdown FollowerState
2019-09-19 11:15:48,773 [Thread-191] INFO  impl.RaftServerImpl (RaftServerImpl.java:setRole(171)) - 07ed7a64-68cb-4e20-b110-7a1d13cb9d05:group-351BB6C721F7 changes role from FOLLOWER to CANDIDATE at term 0 for changeToCandidate
2019-09-19 11:15:48,773 [Thread-191] INFO  impl.RoleInfo (RoleInfo.java:updateAndGet(143)) - 07ed7a64-68cb-4e20-b110-7a1d13cb9d05: start LeaderElection
2019-09-19 11:15:48,831 [Thread-188] INFO  impl.FollowerState (FollowerState.java:run(106)) - 6d9635c1-82f6-4958-89b3-6bc3e98b3bf9:group-EE884457763F changes to CANDIDATE, lastRpcTime:5196, electionTimeout:5196ms
2019-09-19 11:15:48,831 [Thread-188] INFO  impl.RoleInfo (RoleInfo.java:shutdownFollowerState(121)) - 6d9635c1-82f6-4958-89b3-6bc3e98b3bf9: shutdown FollowerState
2019-09-19 11:15:48,832 [Thread-188] INFO  impl.RaftServerImpl (RaftServerImpl.java:setRole(171)) - 6d9635c1-82f6-4958-89b3-6bc3e98b3bf9:group-EE884457763F changes role from FOLLOWER to CANDIDATE at term 0 for changeToCandidate
2019-09-19 11:15:48,832 [Thread-188] INFO  impl.RoleInfo (RoleInfo.java:updateAndGet(143)) - 6d9635c1-82f6-4958-89b3-6bc3e98b3bf9: start LeaderElection
2019-09-19 11:15:48,838 [Thread-197] INFO  impl.FollowerState (FollowerState.java:run(106)) - dbc7cc94-1ec8-41e3-bae5-3deb3fe35f66:group-D58BA1B917D5 changes to CANDIDATE, lastRpcTime:5000, electionTimeout:5000ms
2019-09-19 11:15:48,838 [Thread-197] INFO  impl.RoleInfo (RoleInfo.java:shutdownFollowerState(121)) - dbc7cc94-1ec8-41e3-bae5-3deb3fe35f66: shutdown FollowerState
2019-09-19 11:15:48,838 [Thread-197] INFO  impl.RaftServerImpl (RaftServerImpl.java:setRole(171)) - dbc7cc94-1ec8-41e3-bae5-3deb3fe35f66:group-D58BA1B917D5 changes role from FOLLOWER to CANDIDATE at term 0 for changeToCandidate
2019-09-19 11:15:48,838 [Thread-197] INFO  impl.RoleInfo (RoleInfo.java:updateAndGet(143)) - dbc7cc94-1ec8-41e3-bae5-3deb3fe35f66: start LeaderElection
2019-09-19 11:15:48,850 [Thread-194] INFO  impl.FollowerState (FollowerState.java:run(106)) - dbc7cc94-1ec8-41e3-bae5-3deb3fe35f66:group-3169181D30F1 changes to CANDIDATE, lastRpcTime:5082, electionTimeout:5082ms
2019-09-19 11:15:48,850 [Thread-194] INFO  impl.RoleInfo (RoleInfo.java:shutdownFollowerState(121)) - dbc7cc94-1ec8-41e3-bae5-3deb3fe35f66: shutdown FollowerState
2019-09-19 11:15:48,850 [Thread-194] INFO  impl.RaftServerImpl (RaftServerImpl.java:setRole(171)) - dbc7cc94-1ec8-41e3-bae5-3deb3fe35f66:group-3169181D30F1 changes role from FOLLOWER to CANDIDATE at term 0 for changeToCandidate
2019-09-19 11:15:48,850 [Thread-194] INFO  impl.RoleInfo (RoleInfo.java:updateAndGet(143)) - dbc7cc94-1ec8-41e3-bae5-3deb3fe35f66: start LeaderElection
2019-09-19 11:15:48,947 [6d9635c1-82f6-4958-89b3-6bc3e98b3bf9:group-EE884457763F:LeaderElection5] INFO  impl.LeaderElection (LeaderElection.java:askForVotes(181)) - 6d9635c1-82f6-4958-89b3-6bc3e98b3bf9:group-EE884457763F:LeaderElection5: begin an election at term 1 for -1: [6d9635c1-82f6-4958-89b3-6bc3e98b3bf9:192.168.157.226:40530], old=null
2019-09-19 11:15:48,947 [dbc7cc94-1ec8-41e3-bae5-3deb3fe35f66:group-3169181D30F1:LeaderElection7] INFO  impl.LeaderElection (LeaderElection.java:askForVotes(181)) - dbc7cc94-1ec8-41e3-bae5-3deb3fe35f66:group-3169181D30F1:LeaderElection7: begin an election at term 1 for -1: [dbc7cc94-1ec8-41e3-bae5-3deb3fe35f66:192.168.157.226:39716], old=null
2019-09-19 11:15:48,948 [6d9635c1-82f6-4958-89b3-6bc3e98b3bf9:group-EE884457763F:LeaderElection5] INFO  impl.RoleInfo (RoleInfo.java:shutdownLeaderElection(134)) - 6d9635c1-82f6-4958-89b3-6bc3e98b3bf9: shutdown LeaderElection
2019-09-19 11:15:48,948 [07ed7a64-68cb-4e20-b110-7a1d13cb9d05:group-351BB6C721F7:LeaderElection4] INFO  impl.LeaderElection (LeaderElection.java:askForVotes(181)) - 07ed7a64-68cb-4e20-b110-7a1d13cb9d05:group-351BB6C721F7:LeaderElection4: begin an election at term 1 for -1: [07ed7a64-68cb-4e20-b110-7a1d13cb9d05:192.168.157.226:33713], old=null
2019-09-19 11:15:48,947 [dbc7cc94-1ec8-41e3-bae5-3deb3fe35f66:group-D58BA1B917D5:LeaderElection6] INFO  impl.LeaderElection (LeaderElection.java:askForVotes(181)) - dbc7cc94-1ec8-41e3-bae5-3deb3fe35f66:group-D58BA1B917D5:LeaderElection6: begin an election at term 1 for -1: [dbc7cc94-1ec8-41e3-bae5-3deb3fe35f66:192.168.157.226:39716], old=null
2019-09-19 11:15:48,948 [07ed7a64-68cb-4e20-b110-7a1d13cb9d05:group-351BB6C721F7:LeaderElection4] INFO  impl.RoleInfo (RoleInfo.java:shutdownLeaderElection(134)) - 07ed7a64-68cb-4e20-b110-7a1d13cb9d05: shutdown LeaderElection
2019-09-19 11:15:48,948 [6d9635c1-82f6-4958-89b3-6bc3e98b3bf9:group-EE884457763F:LeaderElection5] INFO  impl.RaftServerImpl (RaftServerImpl.java:setRole(171)) - 6d9635c1-82f6-4958-89b3-6bc3e98b3bf9:group-EE884457763F changes role from CANDIDATE to LEADER at term 1 for changeToLeader
2019-09-19 11:15:48,948 [6d9635c1-82f6-4958-89b3-6bc3e98b3bf9:group-EE884457763F:LeaderElection5] INFO  impl.RaftServerImpl (ServerState.java:setLeader(263)) - 6d9635c1-82f6-4958-89b3-6bc3e98b3bf9:group-EE884457763F change Leader from null to 6d9635c1-82f6-4958-89b3-6bc3e98b3bf9 at term 1 for becomeLeader, leader elected after 5319ms
2019-09-19 11:15:48,948 [dbc7cc94-1ec8-41e3-bae5-3deb3fe35f66:group-3169181D30F1:LeaderElection7] INFO  impl.RoleInfo (RoleInfo.java:shutdownLeaderElection(134)) - dbc7cc94-1ec8-41e3-bae5-3deb3fe35f66: shutdown LeaderElection
2019-09-19 11:15:48,949 [6d9635c1-82f6-4958-89b3-6bc3e98b3bf9:group-EE884457763F:LeaderElection5] INFO  server.RaftServerConfigKeys (ConfUtils.java:logGet(43)) - raft.server.staging.catchup.gap = 1000 (default)
2019-09-19 11:15:48,948 [07ed7a64-68cb-4e20-b110-7a1d13cb9d05:group-351BB6C721F7:LeaderElection4] INFO  impl.RaftServerImpl (RaftServerImpl.java:setRole(171)) - 07ed7a64-68cb-4e20-b110-7a1d13cb9d05:group-351BB6C721F7 changes role from CANDIDATE to LEADER at term 1 for changeToLeader
2019-09-19 11:15:48,948 [dbc7cc94-1ec8-41e3-bae5-3deb3fe35f66:group-D58BA1B917D5:LeaderElection6] INFO  impl.RoleInfo (RoleInfo.java:shutdownLeaderElection(134)) - dbc7cc94-1ec8-41e3-bae5-3deb3fe35f66: shutdown LeaderElection
2019-09-19 11:15:48,949 [07ed7a64-68cb-4e20-b110-7a1d13cb9d05:group-351BB6C721F7:LeaderElection4] INFO  impl.RaftServerImpl (ServerState.java:setLeader(263)) - 07ed7a64-68cb-4e20-b110-7a1d13cb9d05:group-351BB6C721F7 change Leader from null to 07ed7a64-68cb-4e20-b110-7a1d13cb9d05 at term 1 for becomeLeader, leader elected after 5245ms
2019-09-19 11:15:48,949 [6d9635c1-82f6-4958-89b3-6bc3e98b3bf9:group-EE884457763F:LeaderElection5] INFO  server.RaftServerConfigKeys (ConfUtils.java:logGet(43)) - raft.server.rpc.sleep.time = 25ms (default)
2019-09-19 11:15:48,949 [dbc7cc94-1ec8-41e3-bae5-3deb3fe35f66:group-3169181D30F1:LeaderElection7] INFO  impl.RaftServerImpl (RaftServerImpl.java:setRole(171)) - dbc7cc94-1ec8-41e3-bae5-3deb3fe35f66:group-3169181D30F1 changes role from CANDIDATE to LEADER at term 1 for changeToLeader
2019-09-19 11:15:48,949 [6d9635c1-82f6-4958-89b3-6bc3e98b3bf9:group-EE884457763F:LeaderElection5] INFO  server.RaftServerConfigKeys (ConfUtils.java:logGet(43)) - raft.server.write.element-limit = 4096 (default)
2019-09-19 11:15:48,949 [07ed7a64-68cb-4e20-b110-7a1d13cb9d05:group-351BB6C721F7:LeaderElection4] INFO  server.RaftServerConfigKeys (ConfUtils.java:logGet(43)) - raft.server.staging.catchup.gap = 1000 (default)
2019-09-19 11:15:48,949 [dbc7cc94-1ec8-41e3-bae5-3deb3fe35f66:group-D58BA1B917D5:LeaderElection6] INFO  impl.RaftServerImpl (RaftServerImpl.java:setRole(171)) - dbc7cc94-1ec8-41e3-bae5-3deb3fe35f66:group-D58BA1B917D5 changes role from CANDIDATE to LEADER at term 1 for changeToLeader
2019-09-19 11:15:48,950 [07ed7a64-68cb-4e20-b110-7a1d13cb9d05:group-351BB6C721F7:LeaderElection4] INFO  server.RaftServerConfigKeys (ConfUtils.java:logGet(43)) - raft.server.rpc.sleep.time = 25ms (default)
2019-09-19 11:15:48,950 [6d9635c1-82f6-4958-89b3-6bc3e98b3bf9:group-EE884457763F:LeaderElection5] INFO  server.RaftServerConfigKeys (ConfUtils.java:logGet(43)) - raft.server.watch.timeout = 10s (default)
2019-09-19 11:15:48,950 [07ed7a64-68cb-4e20-b110-7a1d13cb9d05:group-351BB6C721F7:LeaderElection4] INFO  server.RaftServerConfigKeys (ConfUtils.java:logGet(43)) - raft.server.write.element-limit = 4096 (default)
2019-09-19 11:15:48,950 [dbc7cc94-1ec8-41e3-bae5-3deb3fe35f66:group-3169181D30F1:LeaderElection7] INFO  impl.RaftServerImpl (ServerState.java:setLeader(263)) - dbc7cc94-1ec8-41e3-bae5-3deb3fe35f66:group-3169181D30F1 change Leader from null to dbc7cc94-1ec8-41e3-bae5-3deb3fe35f66 at term 1 for becomeLeader, leader elected after 5187ms
2019-09-19 11:15:48,950 [07ed7a64-68cb-4e20-b110-7a1d13cb9d05:group-351BB6C721F7:LeaderElection4] INFO  server.RaftServerConfigKeys (ConfUtils.java:logGet(43)) - raft.server.watch.timeout = 10s (default)
2019-09-19 11:15:48,950 [6d9635c1-82f6-4958-89b3-6bc3e98b3bf9:group-EE884457763F:LeaderElection5] INFO  server.RaftServerConfigKeys (ConfUtils.java:logGet(43)) - raft.server.watch.timeout.denomination = 1s (default)
2019-09-19 11:15:48,950 [dbc7cc94-1ec8-41e3-bae5-3deb3fe35f66:group-D58BA1B917D5:LeaderElection6] INFO  impl.RaftServerImpl (ServerState.java:setLeader(263)) - dbc7cc94-1ec8-41e3-bae5-3deb3fe35f66:group-D58BA1B917D5 change Leader from null to dbc7cc94-1ec8-41e3-bae5-3deb3fe35f66 at term 1 for becomeLeader, leader elected after 5116ms
2019-09-19 11:15:48,951 [6d9635c1-82f6-4958-89b3-6bc3e98b3bf9:group-EE884457763F:LeaderElection5] INFO  server.RaftServerConfigKeys (ConfUtils.java:logGet(43)) - raft.server.watch.element-limit = 65536 (default)
2019-09-19 11:15:48,951 [07ed7a64-68cb-4e20-b110-7a1d13cb9d05:group-351BB6C721F7:LeaderElection4] INFO  server.RaftServerConfigKeys (ConfUtils.java:logGet(43)) - raft.server.watch.timeout.denomination = 1s (default)
2019-09-19 11:15:48,951 [dbc7cc94-1ec8-41e3-bae5-3deb3fe35f66:group-3169181D30F1:LeaderElection7] INFO  server.RaftServerConfigKeys (ConfUtils.java:logGet(43)) - raft.server.staging.catchup.gap = 1000 (default)
2019-09-19 11:15:48,951 [6d9635c1-82f6-4958-89b3-6bc3e98b3bf9:group-EE884457763F:LeaderElection5] INFO  impl.RoleInfo (RoleInfo.java:updateAndGet(143)) - 6d9635c1-82f6-4958-89b3-6bc3e98b3bf9: start LeaderState
2019-09-19 11:15:48,951 [07ed7a64-68cb-4e20-b110-7a1d13cb9d05:group-351BB6C721F7:LeaderElection4] INFO  server.RaftServerConfigKeys (ConfUtils.java:logGet(43)) - raft.server.watch.element-limit = 65536 (default)
2019-09-19 11:15:48,951 [dbc7cc94-1ec8-41e3-bae5-3deb3fe35f66:group-D58BA1B917D5:LeaderElection6] INFO  server.RaftServerConfigKeys (ConfUtils.java:logGet(43)) - raft.server.staging.catchup.gap = 1000 (default)
2019-09-19 11:15:48,952 [6d9635c1-82f6-4958-89b3-6bc3e98b3bf9:group-EE884457763F:LeaderElection5] INFO  segmented.SegmentedRaftLogWorker (SegmentedRaftLogWorker.java:startLogSegment(380)) - 6d9635c1-82f6-4958-89b3-6bc3e98b3bf9-SegmentedRaftLogWorker:Storage Directory /workdir/hadoop-ozone/integration-test/target/test-dir/MiniOzoneClusterImpl-7fc07b7e-c81f-4adf-a353-408e6fc41966/datanode-2/data/ratis/2e4c5f53-54ab-4b7c-810b-ee884457763f: Starting segment from index:0
2019-09-19 11:15:48,951 [dbc7cc94-1ec8-41e3-bae5-3deb3fe35f66:group-3169181D30F1:LeaderElection7] INFO  server.RaftServerConfigKeys (ConfUtils.java:logGet(43)) - raft.server.rpc.sleep.time = 25ms (default)
2019-09-19 11:15:48,952 [07ed7a64-68cb-4e20-b110-7a1d13cb9d05:group-351BB6C721F7:LeaderElection4] INFO  impl.RoleInfo (RoleInfo.java:updateAndGet(143)) - 07ed7a64-68cb-4e20-b110-7a1d13cb9d05: start LeaderState
2019-09-19 11:15:48,952 [dbc7cc94-1ec8-41e3-bae5-3deb3fe35f66:group-D58BA1B917D5:LeaderElection6] INFO  server.RaftServerConfigKeys (ConfUtils.java:logGet(43)) - raft.server.rpc.sleep.time = 25ms (default)
2019-09-19 11:15:48,952 [dbc7cc94-1ec8-41e3-bae5-3deb3fe35f66:group-3169181D30F1:LeaderElection7] INFO  server.RaftServerConfigKeys (ConfUtils.java:logGet(43)) - raft.server.write.element-limit = 4096 (default)
2019-09-19 11:15:48,953 [dbc7cc94-1ec8-41e3-bae5-3deb3fe35f66:group-D58BA1B917D5:LeaderElection6] INFO  server.RaftServerConfigKeys (ConfUtils.java:logGet(43)) - raft.server.write.element-limit = 4096 (default)
2019-09-19 11:15:48,952 [07ed7a64-68cb-4e20-b110-7a1d13cb9d05:group-351BB6C721F7:LeaderElection4] INFO  segmented.SegmentedRaftLogWorker (SegmentedRaftLogWorker.java:startLogSegment(380)) - 07ed7a64-68cb-4e20-b110-7a1d13cb9d05-SegmentedRaftLogWorker:Storage Directory /workdir/hadoop-ozone/integration-test/target/test-dir/MiniOzoneClusterImpl-7fc07b7e-c81f-4adf-a353-408e6fc41966/datanode-1/data/ratis/fa3edc7d-88f1-496e-9960-351bb6c721f7: Starting segment from index:0
2019-09-19 11:15:48,952 [6d9635c1-82f6-4958-89b3-6bc3e98b3bf9:group-EE884457763F:LeaderElection5] INFO  impl.RaftServerImpl (ServerState.java:setRaftConf(361)) - 6d9635c1-82f6-4958-89b3-6bc3e98b3bf9:group-EE884457763F set configuration 0: [6d9635c1-82f6-4958-89b3-6bc3e98b3bf9:192.168.157.226:40530], old=null at 0
2019-09-19 11:15:48,953 [dbc7cc94-1ec8-41e3-bae5-3deb3fe35f66:group-D58BA1B917D5:LeaderElection6] INFO  server.RaftServerConfigKeys (ConfUtils.java:logGet(43)) - raft.server.watch.timeout = 10s (default)
2019-09-19 11:15:48,953 [dbc7cc94-1ec8-41e3-bae5-3deb3fe35f66:group-3169181D30F1:LeaderElection7] INFO  server.RaftServerConfigKeys (ConfUtils.java:logGet(43)) - raft.server.watch.timeout = 10s (default)
2019-09-19 11:15:48,953 [dbc7cc94-1ec8-41e3-bae5-3deb3fe35f66:group-D58BA1B917D5:LeaderElection6] INFO  server.RaftServerConfigKeys (ConfUtils.java:logGet(43)) - raft.server.watch.timeout.denomination = 1s (default)
2019-09-19 11:15:48,955 [07ed7a64-68cb-4e20-b110-7a1d13cb9d05:group-351BB6C721F7:LeaderElection4] INFO  impl.RaftServerImpl (ServerState.java:setRaftConf(361)) - 07ed7a64-68cb-4e20-b110-7a1d13cb9d05:group-351BB6C721F7 set configuration 0: [07ed7a64-68cb-4e20-b110-7a1d13cb9d05:192.168.157.226:33713], old=null at 0
2019-09-19 11:15:48,955 [dbc7cc94-1ec8-41e3-bae5-3deb3fe35f66:group-3169181D30F1:LeaderElection7] INFO  server.RaftServerConfigKeys (ConfUtils.java:logGet(43)) - raft.server.watch.timeout.denomination = 1s (default)
2019-09-19 11:15:48,955 [dbc7cc94-1ec8-41e3-bae5-3deb3fe35f66:group-D58BA1B917D5:LeaderElection6] INFO  server.RaftServerConfigKeys (ConfUtils.java:logGet(43)) - raft.server.watch.element-limit = 65536 (default)
2019-09-19 11:15:48,956 [dbc7cc94-1ec8-41e3-bae5-3deb3fe35f66:group-3169181D30F1:LeaderElection7] INFO  server.RaftServerConfigKeys (ConfUtils.java:logGet(43)) - raft.server.watch.element-limit = 65536 (default)
2019-09-19 11:15:48,956 [dbc7cc94-1ec8-41e3-bae5-3deb3fe35f66:group-D58BA1B917D5:LeaderElection6] INFO  impl.RoleInfo (RoleInfo.java:updateAndGet(143)) - dbc7cc94-1ec8-41e3-bae5-3deb3fe35f66: start LeaderState
2019-09-19 11:15:48,957 [dbc7cc94-1ec8-41e3-bae5-3deb3fe35f66:group-3169181D30F1:LeaderElection7] INFO  impl.RoleInfo (RoleInfo.java:updateAndGet(143)) - dbc7cc94-1ec8-41e3-bae5-3deb3fe35f66: start LeaderState
2019-09-19 11:15:48,957 [dbc7cc94-1ec8-41e3-bae5-3deb3fe35f66:group-D58BA1B917D5:LeaderElection6] INFO  segmented.SegmentedRaftLogWorker (SegmentedRaftLogWorker.java:startLogSegment(380)) - dbc7cc94-1ec8-41e3-bae5-3deb3fe35f66-SegmentedRaftLogWorker:Storage Directory /workdir/hadoop-ozone/integration-test/target/test-dir/MiniOzoneClusterImpl-7fc07b7e-c81f-4adf-a353-408e6fc41966/datanode-0/data/ratis/164891aa-a3b9-4806-8bb7-d58ba1b917d5: Starting segment from index:0
2019-09-19 11:15:48,957 [dbc7cc94-1ec8-41e3-bae5-3deb3fe35f66:group-3169181D30F1:LeaderElection7] INFO  segmented.SegmentedRaftLogWorker (SegmentedRaftLogWorker.java:startLogSegment(380)) - dbc7cc94-1ec8-41e3-bae5-3deb3fe35f66-SegmentedRaftLogWorker:Storage Directory /workdir/hadoop-ozone/integration-test/target/test-dir/MiniOzoneClusterImpl-7fc07b7e-c81f-4adf-a353-408e6fc41966/datanode-0/data/ratis/a71ce60f-b538-48c5-8cf0-3169181d30f1: Starting segment from index:0
2019-09-19 11:15:48,957 [dbc7cc94-1ec8-41e3-bae5-3deb3fe35f66:group-D58BA1B917D5:LeaderElection6] INFO  impl.RaftServerImpl (ServerState.java:setRaftConf(361)) - dbc7cc94-1ec8-41e3-bae5-3deb3fe35f66:group-D58BA1B917D5 set configuration 0: [dbc7cc94-1ec8-41e3-bae5-3deb3fe35f66:192.168.157.226:39716], old=null at 0
2019-09-19 11:15:48,959 [dbc7cc94-1ec8-41e3-bae5-3deb3fe35f66:group-3169181D30F1:LeaderElection7] INFO  impl.RaftServerImpl (ServerState.java:setRaftConf(361)) - dbc7cc94-1ec8-41e3-bae5-3deb3fe35f66:group-3169181D30F1 set configuration 0: [dbc7cc94-1ec8-41e3-bae5-3deb3fe35f66:192.168.157.226:39716], old=null at 0
2019-09-19 11:15:48,971 [Thread-200] INFO  impl.FollowerState (FollowerState.java:run(106)) - 07ed7a64-68cb-4e20-b110-7a1d13cb9d05:group-8E9D15669696 changes to CANDIDATE, lastRpcTime:5077, electionTimeout:5077ms
2019-09-19 11:15:48,971 [Thread-200] INFO  impl.RoleInfo (RoleInfo.java:shutdownFollowerState(121)) - 07ed7a64-68cb-4e20-b110-7a1d13cb9d05: shutdown FollowerState
2019-09-19 11:15:48,972 [Thread-200] INFO  impl.RaftServerImpl (RaftServerImpl.java:setRole(171)) - 07ed7a64-68cb-4e20-b110-7a1d13cb9d05:group-8E9D15669696 changes role from FOLLOWER to CANDIDATE at term 0 for changeToCandidate
2019-09-19 11:15:48,972 [Thread-200] INFO  impl.RoleInfo (RoleInfo.java:updateAndGet(143)) - 07ed7a64-68cb-4e20-b110-7a1d13cb9d05: start LeaderElection
2019-09-19 11:15:48,989 [07ed7a64-68cb-4e20-b110-7a1d13cb9d05:group-8E9D15669696:LeaderElection8] INFO  impl.LeaderElection (LeaderElection.java:askForVotes(181)) - 07ed7a64-68cb-4e20-b110-7a1d13cb9d05:group-8E9D15669696:LeaderElection8: begin an election at term 1 for -1: [07ed7a64-68cb-4e20-b110-7a1d13cb9d05:192.168.157.226:33713], old=null
2019-09-19 11:15:48,990 [07ed7a64-68cb-4e20-b110-7a1d13cb9d05:group-8E9D15669696:LeaderElection8] INFO  impl.RoleInfo (RoleInfo.java:shutdownLeaderElection(134)) - 07ed7a64-68cb-4e20-b110-7a1d13cb9d05: shutdown LeaderElection
2019-09-19 11:15:48,990 [07ed7a64-68cb-4e20-b110-7a1d13cb9d05:group-8E9D15669696:LeaderElection8] INFO  impl.RaftServerImpl (RaftServerImpl.java:setRole(171)) - 07ed7a64-68cb-4e20-b110-7a1d13cb9d05:group-8E9D15669696 changes role from CANDIDATE to LEADER at term 1 for changeToLeader
2019-09-19 11:15:48,990 [07ed7a64-68cb-4e20-b110-7a1d13cb9d05:group-8E9D15669696:LeaderElection8] INFO  impl.RaftServerImpl (ServerState.java:setLeader(263)) - 07ed7a64-68cb-4e20-b110-7a1d13cb9d05:group-8E9D15669696 change Leader from null to 07ed7a64-68cb-4e20-b110-7a1d13cb9d05 at term 1 for becomeLeader, leader elected after 5100ms
2019-09-19 11:15:48,990 [07ed7a64-68cb-4e20-b110-7a1d13cb9d05:group-8E9D15669696:LeaderElection8] INFO  server.RaftServerConfigKeys (ConfUtils.java:logGet(43)) - raft.server.staging.catchup.gap = 1000 (default)
2019-09-19 11:15:48,991 [07ed7a64-68cb-4e20-b110-7a1d13cb9d05:group-8E9D15669696:LeaderElection8] INFO  server.RaftServerConfigKeys (ConfUtils.java:logGet(43)) - raft.server.rpc.sleep.time = 25ms (default)
2019-09-19 11:15:48,991 [07ed7a64-68cb-4e20-b110-7a1d13cb9d05:group-8E9D15669696:LeaderElection8] INFO  server.RaftServerConfigKeys (ConfUtils.java:logGet(43)) - raft.server.write.element-limit = 4096 (default)
2019-09-19 11:15:48,991 [07ed7a64-68cb-4e20-b110-7a1d13cb9d05:group-8E9D15669696:LeaderElection8] INFO  server.RaftServerConfigKeys (ConfUtils.java:logGet(43)) - raft.server.watch.timeout = 10s (default)
2019-09-19 11:15:48,991 [07ed7a64-68cb-4e20-b110-7a1d13cb9d05:group-8E9D15669696:LeaderElection8] INFO  server.RaftServerConfigKeys (ConfUtils.java:logGet(43)) - raft.server.watch.timeout.denomination = 1s (default)
2019-09-19 11:15:48,992 [07ed7a64-68cb-4e20-b110-7a1d13cb9d05:group-8E9D15669696:LeaderElection8] INFO  server.RaftServerConfigKeys (ConfUtils.java:logGet(43)) - raft.server.watch.element-limit = 65536 (default)
2019-09-19 11:15:48,992 [07ed7a64-68cb-4e20-b110-7a1d13cb9d05:group-8E9D15669696:LeaderElection8] INFO  impl.RoleInfo (RoleInfo.java:updateAndGet(143)) - 07ed7a64-68cb-4e20-b110-7a1d13cb9d05: start LeaderState
2019-09-19 11:15:48,992 [07ed7a64-68cb-4e20-b110-7a1d13cb9d05:group-8E9D15669696:LeaderElection8] INFO  segmented.SegmentedRaftLogWorker (SegmentedRaftLogWorker.java:startLogSegment(380)) - 07ed7a64-68cb-4e20-b110-7a1d13cb9d05-SegmentedRaftLogWorker:Storage Directory /workdir/hadoop-ozone/integration-test/target/test-dir/MiniOzoneClusterImpl-7fc07b7e-c81f-4adf-a353-408e6fc41966/datanode-1/data/ratis/de8e562b-b6db-4437-9642-8e9d15669696: Starting segment from index:0
2019-09-19 11:15:48,993 [07ed7a64-68cb-4e20-b110-7a1d13cb9d05:group-8E9D15669696:LeaderElection8] INFO  impl.RaftServerImpl (ServerState.java:setRaftConf(361)) - 07ed7a64-68cb-4e20-b110-7a1d13cb9d05:group-8E9D15669696 set configuration 0: [07ed7a64-68cb-4e20-b110-7a1d13cb9d05:192.168.157.226:33713], old=null at 0
2019-09-19 11:15:49,027 | INFO  | SCMAudit | user=jenkins1000 | ip=192.168.157.226 | op=SEND_HEARTBEAT {datanodeUUID=6d9635c1-82f6-4958-89b3-6bc3e98b3bf9, command=[]} | ret=SUCCESS |  
2019-09-19 11:15:49,098 [Thread-206] INFO  impl.FollowerState (FollowerState.java:run(106)) - 6d9635c1-82f6-4958-89b3-6bc3e98b3bf9:group-1CC47007AB3B changes to CANDIDATE, lastRpcTime:5077, electionTimeout:5077ms
2019-09-19 11:15:49,098 [Thread-206] INFO  impl.RoleInfo (RoleInfo.java:shutdownFollowerState(121)) - 6d9635c1-82f6-4958-89b3-6bc3e98b3bf9: shutdown FollowerState
2019-09-19 11:15:49,098 [Thread-206] INFO  impl.RaftServerImpl (RaftServerImpl.java:setRole(171)) - 6d9635c1-82f6-4958-89b3-6bc3e98b3bf9:group-1CC47007AB3B changes role from FOLLOWER to CANDIDATE at term 0 for changeToCandidate
2019-09-19 11:15:49,098 [Thread-206] INFO  impl.RoleInfo (RoleInfo.java:updateAndGet(143)) - 6d9635c1-82f6-4958-89b3-6bc3e98b3bf9: start LeaderElection
2019-09-19 11:15:49,140 [Thread-209] INFO  impl.FollowerState (FollowerState.java:run(106)) - 6d9635c1-82f6-4958-89b3-6bc3e98b3bf9:group-6A8D77CA18C7 changes to CANDIDATE, lastRpcTime:5065, electionTimeout:5065ms
2019-09-19 11:15:49,140 [Thread-209] INFO  impl.RoleInfo (RoleInfo.java:shutdownFollowerState(121)) - 6d9635c1-82f6-4958-89b3-6bc3e98b3bf9: shutdown FollowerState
2019-09-19 11:15:49,140 [Thread-209] INFO  impl.RaftServerImpl (RaftServerImpl.java:setRole(171)) - 6d9635c1-82f6-4958-89b3-6bc3e98b3bf9:group-6A8D77CA18C7 changes role from FOLLOWER to CANDIDATE at term 0 for changeToCandidate
2019-09-19 11:15:49,141 [Thread-209] INFO  impl.RoleInfo (RoleInfo.java:updateAndGet(143)) - 6d9635c1-82f6-4958-89b3-6bc3e98b3bf9: start LeaderElection
2019-09-19 11:15:49,146 [Thread-212] INFO  impl.FollowerState (FollowerState.java:run(106)) - dbc7cc94-1ec8-41e3-bae5-3deb3fe35f66:group-9949EFF41E60 changes to CANDIDATE, lastRpcTime:5019, electionTimeout:5019ms
2019-09-19 11:15:49,147 [Thread-212] INFO  impl.RoleInfo (RoleInfo.java:shutdownFollowerState(121)) - dbc7cc94-1ec8-41e3-bae5-3deb3fe35f66: shutdown FollowerState
2019-09-19 11:15:49,147 [Thread-212] INFO  impl.RaftServerImpl (RaftServerImpl.java:setRole(171)) - dbc7cc94-1ec8-41e3-bae5-3deb3fe35f66:group-9949EFF41E60 changes role from FOLLOWER to CANDIDATE at term 0 for changeToCandidate
2019-09-19 11:15:49,147 [Thread-212] INFO  impl.RoleInfo (RoleInfo.java:updateAndGet(143)) - dbc7cc94-1ec8-41e3-bae5-3deb3fe35f66: start LeaderElection
2019-09-19 11:15:49,148 [Thread-203] INFO  impl.FollowerState (FollowerState.java:run(106)) - 6d9635c1-82f6-4958-89b3-6bc3e98b3bf9:group-C89F5D1FA49C changes to CANDIDATE, lastRpcTime:5195, electionTimeout:5195ms
2019-09-19 11:15:49,149 [Thread-203] INFO  impl.RoleInfo (RoleInfo.java:shutdownFollowerState(121)) - 6d9635c1-82f6-4958-89b3-6bc3e98b3bf9: shutdown FollowerState
2019-09-19 11:15:49,149 [Thread-203] INFO  impl.RaftServerImpl (RaftServerImpl.java:setRole(171)) - 6d9635c1-82f6-4958-89b3-6bc3e98b3bf9:group-C89F5D1FA49C changes role from FOLLOWER to CANDIDATE at term 0 for changeToCandidate
2019-09-19 11:15:49,150 [Thread-203] INFO  impl.RoleInfo (RoleInfo.java:updateAndGet(143)) - 6d9635c1-82f6-4958-89b3-6bc3e98b3bf9: start LeaderElection
2019-09-19 11:15:49,199 [dbc7cc94-1ec8-41e3-bae5-3deb3fe35f66-SegmentedRaftLogWorker:Storage Directory /workdir/hadoop-ozone/integration-test/target/test-dir/MiniOzoneClusterImpl-7fc07b7e-c81f-4adf-a353-408e6fc41966/datanode-0/data/ratis/ddfe96df-314c-41cb-a922-3720a607d100] INFO  segmented.SegmentedRaftLogWorker (SegmentedRaftLogWorker.java:execute(569)) - dbc7cc94-1ec8-41e3-bae5-3deb3fe35f66-SegmentedRaftLogWorker:Storage Directory /workdir/hadoop-ozone/integration-test/target/test-dir/MiniOzoneClusterImpl-7fc07b7e-c81f-4adf-a353-408e6fc41966/datanode-0/data/ratis/ddfe96df-314c-41cb-a922-3720a607d100: created new log segment /workdir/hadoop-ozone/integration-test/target/test-dir/MiniOzoneClusterImpl-7fc07b7e-c81f-4adf-a353-408e6fc41966/datanode-0/data/ratis/ddfe96df-314c-41cb-a922-3720a607d100/current/log_inprogress_0
2019-09-19 11:15:49,200 [07ed7a64-68cb-4e20-b110-7a1d13cb9d05-SegmentedRaftLogWorker:Storage Directory /workdir/hadoop-ozone/integration-test/target/test-dir/MiniOzoneClusterImpl-7fc07b7e-c81f-4adf-a353-408e6fc41966/datanode-1/data/ratis/fa3edc7d-88f1-496e-9960-351bb6c721f7] INFO  segmented.SegmentedRaftLogWorker (SegmentedRaftLogWorker.java:execute(569)) - 07ed7a64-68cb-4e20-b110-7a1d13cb9d05-SegmentedRaftLogWorker:Storage Directory /workdir/hadoop-ozone/integration-test/target/test-dir/MiniOzoneClusterImpl-7fc07b7e-c81f-4adf-a353-408e6fc41966/datanode-1/data/ratis/fa3edc7d-88f1-496e-9960-351bb6c721f7: created new log segment /workdir/hadoop-ozone/integration-test/target/test-dir/MiniOzoneClusterImpl-7fc07b7e-c81f-4adf-a353-408e6fc41966/datanode-1/data/ratis/fa3edc7d-88f1-496e-9960-351bb6c721f7/current/log_inprogress_0
2019-09-19 11:15:49,200 [dbc7cc94-1ec8-41e3-bae5-3deb3fe35f66-SegmentedRaftLogWorker:Storage Directory /workdir/hadoop-ozone/integration-test/target/test-dir/MiniOzoneClusterImpl-7fc07b7e-c81f-4adf-a353-408e6fc41966/datanode-0/data/ratis/164891aa-a3b9-4806-8bb7-d58ba1b917d5] INFO  segmented.SegmentedRaftLogWorker (SegmentedRaftLogWorker.java:execute(569)) - dbc7cc94-1ec8-41e3-bae5-3deb3fe35f66-SegmentedRaftLogWorker:Storage Directory /workdir/hadoop-ozone/integration-test/target/test-dir/MiniOzoneClusterImpl-7fc07b7e-c81f-4adf-a353-408e6fc41966/datanode-0/data/ratis/164891aa-a3b9-4806-8bb7-d58ba1b917d5: created new log segment /workdir/hadoop-ozone/integration-test/target/test-dir/MiniOzoneClusterImpl-7fc07b7e-c81f-4adf-a353-408e6fc41966/datanode-0/data/ratis/164891aa-a3b9-4806-8bb7-d58ba1b917d5/current/log_inprogress_0
2019-09-19 11:15:49,200 [dbc7cc94-1ec8-41e3-bae5-3deb3fe35f66-SegmentedRaftLogWorker:Storage Directory /workdir/hadoop-ozone/integration-test/target/test-dir/MiniOzoneClusterImpl-7fc07b7e-c81f-4adf-a353-408e6fc41966/datanode-0/data/ratis/a71ce60f-b538-48c5-8cf0-3169181d30f1] INFO  segmented.SegmentedRaftLogWorker (SegmentedRaftLogWorker.java:execute(569)) - dbc7cc94-1ec8-41e3-bae5-3deb3fe35f66-SegmentedRaftLogWorker:Storage Directory /workdir/hadoop-ozone/integration-test/target/test-dir/MiniOzoneClusterImpl-7fc07b7e-c81f-4adf-a353-408e6fc41966/datanode-0/data/ratis/a71ce60f-b538-48c5-8cf0-3169181d30f1: created new log segment /workdir/hadoop-ozone/integration-test/target/test-dir/MiniOzoneClusterImpl-7fc07b7e-c81f-4adf-a353-408e6fc41966/datanode-0/data/ratis/a71ce60f-b538-48c5-8cf0-3169181d30f1/current/log_inprogress_0
2019-09-19 11:15:49,206 [6d9635c1-82f6-4958-89b3-6bc3e98b3bf9:group-C89F5D1FA49C:LeaderElection12] INFO  impl.LeaderElection (LeaderElection.java:askForVotes(181)) - 6d9635c1-82f6-4958-89b3-6bc3e98b3bf9:group-C89F5D1FA49C:LeaderElection12: begin an election at term 1 for -1: [6d9635c1-82f6-4958-89b3-6bc3e98b3bf9:192.168.157.226:40530], old=null
2019-09-19 11:15:49,199 [6d9635c1-82f6-4958-89b3-6bc3e98b3bf9-SegmentedRaftLogWorker:Storage Directory /workdir/hadoop-ozone/integration-test/target/test-dir/MiniOzoneClusterImpl-7fc07b7e-c81f-4adf-a353-408e6fc41966/datanode-2/data/ratis/f8f7c484-f73c-452e-898f-cbec8b44c438] INFO  segmented.SegmentedRaftLogWorker (SegmentedRaftLogWorker.java:execute(569)) - 6d9635c1-82f6-4958-89b3-6bc3e98b3bf9-SegmentedRaftLogWorker:Storage Directory /workdir/hadoop-ozone/integration-test/target/test-dir/MiniOzoneClusterImpl-7fc07b7e-c81f-4adf-a353-408e6fc41966/datanode-2/data/ratis/f8f7c484-f73c-452e-898f-cbec8b44c438: created new log segment /workdir/hadoop-ozone/integration-test/target/test-dir/MiniOzoneClusterImpl-7fc07b7e-c81f-4adf-a353-408e6fc41966/datanode-2/data/ratis/f8f7c484-f73c-452e-898f-cbec8b44c438/current/log_inprogress_0
2019-09-19 11:15:49,200 [07ed7a64-68cb-4e20-b110-7a1d13cb9d05-SegmentedRaftLogWorker:Storage Directory /workdir/hadoop-ozone/integration-test/target/test-dir/MiniOzoneClusterImpl-7fc07b7e-c81f-4adf-a353-408e6fc41966/datanode-1/data/ratis/de8e562b-b6db-4437-9642-8e9d15669696] INFO  segmented.SegmentedRaftLogWorker (SegmentedRaftLogWorker.java:execute(569)) - 07ed7a64-68cb-4e20-b110-7a1d13cb9d05-SegmentedRaftLogWorker:Storage Directory /workdir/hadoop-ozone/integration-test/target/test-dir/MiniOzoneClusterImpl-7fc07b7e-c81f-4adf-a353-408e6fc41966/datanode-1/data/ratis/de8e562b-b6db-4437-9642-8e9d15669696: created new log segment /workdir/hadoop-ozone/integration-test/target/test-dir/MiniOzoneClusterImpl-7fc07b7e-c81f-4adf-a353-408e6fc41966/datanode-1/data/ratis/de8e562b-b6db-4437-9642-8e9d15669696/current/log_inprogress_0
2019-09-19 11:15:49,200 [6d9635c1-82f6-4958-89b3-6bc3e98b3bf9-SegmentedRaftLogWorker:Storage Directory /workdir/hadoop-ozone/integration-test/target/test-dir/MiniOzoneClusterImpl-7fc07b7e-c81f-4adf-a353-408e6fc41966/datanode-2/data/ratis/a49064ea-23fc-4f1c-99b9-56f3850edfac] INFO  segmented.SegmentedRaftLogWorker (SegmentedRaftLogWorker.java:execute(569)) - 6d9635c1-82f6-4958-89b3-6bc3e98b3bf9-SegmentedRaftLogWorker:Storage Directory /workdir/hadoop-ozone/integration-test/target/test-dir/MiniOzoneClusterImpl-7fc07b7e-c81f-4adf-a353-408e6fc41966/datanode-2/data/ratis/a49064ea-23fc-4f1c-99b9-56f3850edfac: created new log segment /workdir/hadoop-ozone/integration-test/target/test-dir/MiniOzoneClusterImpl-7fc07b7e-c81f-4adf-a353-408e6fc41966/datanode-2/data/ratis/a49064ea-23fc-4f1c-99b9-56f3850edfac/current/log_inprogress_0
2019-09-19 11:15:49,199 [6d9635c1-82f6-4958-89b3-6bc3e98b3bf9-SegmentedRaftLogWorker:Storage Directory /workdir/hadoop-ozone/integration-test/target/test-dir/MiniOzoneClusterImpl-7fc07b7e-c81f-4adf-a353-408e6fc41966/datanode-2/data/ratis/2e4c5f53-54ab-4b7c-810b-ee884457763f] INFO  segmented.SegmentedRaftLogWorker (SegmentedRaftLogWorker.java:execute(569)) - 6d9635c1-82f6-4958-89b3-6bc3e98b3bf9-SegmentedRaftLogWorker:Storage Directory /workdir/hadoop-ozone/integration-test/target/test-dir/MiniOzoneClusterImpl-7fc07b7e-c81f-4adf-a353-408e6fc41966/datanode-2/data/ratis/2e4c5f53-54ab-4b7c-810b-ee884457763f: created new log segment /workdir/hadoop-ozone/integration-test/target/test-dir/MiniOzoneClusterImpl-7fc07b7e-c81f-4adf-a353-408e6fc41966/datanode-2/data/ratis/2e4c5f53-54ab-4b7c-810b-ee884457763f/current/log_inprogress_0
2019-09-19 11:15:49,207 [6d9635c1-82f6-4958-89b3-6bc3e98b3bf9:group-C89F5D1FA49C:LeaderElection12] INFO  impl.RoleInfo (RoleInfo.java:shutdownLeaderElection(134)) - 6d9635c1-82f6-4958-89b3-6bc3e98b3bf9: shutdown LeaderElection
2019-09-19 11:15:49,206 [6d9635c1-82f6-4958-89b3-6bc3e98b3bf9:group-1CC47007AB3B:LeaderElection9] INFO  impl.LeaderElection (LeaderElection.java:askForVotes(181)) - 6d9635c1-82f6-4958-89b3-6bc3e98b3bf9:group-1CC47007AB3B:LeaderElection9: begin an election at term 1 for -1: [6d9635c1-82f6-4958-89b3-6bc3e98b3bf9:192.168.157.226:40530], old=null
2019-09-19 11:15:49,206 [dbc7cc94-1ec8-41e3-bae5-3deb3fe35f66:group-9949EFF41E60:LeaderElection11] INFO  impl.LeaderElection (LeaderElection.java:askForVotes(181)) - dbc7cc94-1ec8-41e3-bae5-3deb3fe35f66:group-9949EFF41E60:LeaderElection11: begin an election at term 1 for -1: [dbc7cc94-1ec8-41e3-bae5-3deb3fe35f66:192.168.157.226:39716], old=null
2019-09-19 11:15:49,206 [6d9635c1-82f6-4958-89b3-6bc3e98b3bf9:group-6A8D77CA18C7:LeaderElection10] INFO  impl.LeaderElection (LeaderElection.java:askForVotes(181)) - 6d9635c1-82f6-4958-89b3-6bc3e98b3bf9:group-6A8D77CA18C7:LeaderElection10: begin an election at term 1 for -1: [6d9635c1-82f6-4958-89b3-6bc3e98b3bf9:192.168.157.226:40530], old=null
2019-09-19 11:15:49,212 [dbc7cc94-1ec8-41e3-bae5-3deb3fe35f66:group-9949EFF41E60:LeaderElection11] INFO  impl.RoleInfo (RoleInfo.java:shutdownLeaderElection(134)) - dbc7cc94-1ec8-41e3-bae5-3deb3fe35f66: shutdown LeaderElection
2019-09-19 11:15:49,212 [6d9635c1-82f6-4958-89b3-6bc3e98b3bf9:group-1CC47007AB3B:LeaderElection9] INFO  impl.RoleInfo (RoleInfo.java:shutdownLeaderElection(134)) - 6d9635c1-82f6-4958-89b3-6bc3e98b3bf9: shutdown LeaderElection
2019-09-19 11:15:49,212 [6d9635c1-82f6-4958-89b3-6bc3e98b3bf9:group-C89F5D1FA49C:LeaderElection12] INFO  impl.RaftServerImpl (RaftServerImpl.java:setRole(171)) - 6d9635c1-82f6-4958-89b3-6bc3e98b3bf9:group-C89F5D1FA49C changes role from CANDIDATE to LEADER at term 1 for changeToLeader
2019-09-19 11:15:49,212 [6d9635c1-82f6-4958-89b3-6bc3e98b3bf9:group-1CC47007AB3B:LeaderElection9] INFO  impl.RaftServerImpl (RaftServerImpl.java:setRole(171)) - 6d9635c1-82f6-4958-89b3-6bc3e98b3bf9:group-1CC47007AB3B changes role from CANDIDATE to LEADER at term 1 for changeToLeader
2019-09-19 11:15:49,212 [dbc7cc94-1ec8-41e3-bae5-3deb3fe35f66:group-9949EFF41E60:LeaderElection11] INFO  impl.RaftServerImpl (RaftServerImpl.java:setRole(171)) - dbc7cc94-1ec8-41e3-bae5-3deb3fe35f66:group-9949EFF41E60 changes role from CANDIDATE to LEADER at term 1 for changeToLeader
2019-09-19 11:15:49,212 [6d9635c1-82f6-4958-89b3-6bc3e98b3bf9:group-6A8D77CA18C7:LeaderElection10] INFO  impl.RoleInfo (RoleInfo.java:shutdownLeaderElection(134)) - 6d9635c1-82f6-4958-89b3-6bc3e98b3bf9: shutdown LeaderElection
2019-09-19 11:15:49,213 [dbc7cc94-1ec8-41e3-bae5-3deb3fe35f66:group-9949EFF41E60:LeaderElection11] INFO  impl.RaftServerImpl (ServerState.java:setLeader(263)) - dbc7cc94-1ec8-41e3-bae5-3deb3fe35f66:group-9949EFF41E60 change Leader from null to dbc7cc94-1ec8-41e3-bae5-3deb3fe35f66 at term 1 for becomeLeader, leader elected after 5088ms
2019-09-19 11:15:49,212 [6d9635c1-82f6-4958-89b3-6bc3e98b3bf9:group-1CC47007AB3B:LeaderElection9] INFO  impl.RaftServerImpl (ServerState.java:setLeader(263)) - 6d9635c1-82f6-4958-89b3-6bc3e98b3bf9:group-1CC47007AB3B change Leader from null to 6d9635c1-82f6-4958-89b3-6bc3e98b3bf9 at term 1 for becomeLeader, leader elected after 5199ms
2019-09-19 11:15:49,212 [6d9635c1-82f6-4958-89b3-6bc3e98b3bf9:group-C89F5D1FA49C:LeaderElection12] INFO  impl.RaftServerImpl (ServerState.java:setLeader(263)) - 6d9635c1-82f6-4958-89b3-6bc3e98b3bf9:group-C89F5D1FA49C change Leader from null to 6d9635c1-82f6-4958-89b3-6bc3e98b3bf9 at term 1 for becomeLeader, leader elected after 5265ms
2019-09-19 11:15:49,213 [dbc7cc94-1ec8-41e3-bae5-3deb3fe35f66:group-9949EFF41E60:LeaderElection11] INFO  server.RaftServerConfigKeys (ConfUtils.java:logGet(43)) - raft.server.staging.catchup.gap = 1000 (default)
2019-09-19 11:15:49,213 [6d9635c1-82f6-4958-89b3-6bc3e98b3bf9:group-6A8D77CA18C7:LeaderElection10] INFO  impl.RaftServerImpl (RaftServerImpl.java:setRole(171)) - 6d9635c1-82f6-4958-89b3-6bc3e98b3bf9:group-6A8D77CA18C7 changes role from CANDIDATE to LEADER at term 1 for changeToLeader
2019-09-19 11:15:49,213 [dbc7cc94-1ec8-41e3-bae5-3deb3fe35f66:group-9949EFF41E60:LeaderElection11] INFO  server.RaftServerConfigKeys (ConfUtils.java:logGet(43)) - raft.server.rpc.sleep.time = 25ms (default)
2019-09-19 11:15:49,213 [6d9635c1-82f6-4958-89b3-6bc3e98b3bf9:group-1CC47007AB3B:LeaderElection9] INFO  server.RaftServerConfigKeys (ConfUtils.java:logGet(43)) - raft.server.staging.catchup.gap = 1000 (default)
2019-09-19 11:15:49,213 [6d9635c1-82f6-4958-89b3-6bc3e98b3bf9:group-C89F5D1FA49C:LeaderElection12] INFO  server.RaftServerConfigKeys (ConfUtils.java:logGet(43)) - raft.server.staging.catchup.gap = 1000 (default)
2019-09-19 11:15:49,214 [dbc7cc94-1ec8-41e3-bae5-3deb3fe35f66:group-9949EFF41E60:LeaderElection11] INFO  server.RaftServerConfigKeys (ConfUtils.java:logGet(43)) - raft.server.write.element-limit = 4096 (default)
2019-09-19 11:15:49,214 [6d9635c1-82f6-4958-89b3-6bc3e98b3bf9:group-1CC47007AB3B:LeaderElection9] INFO  server.RaftServerConfigKeys (ConfUtils.java:logGet(43)) - raft.server.rpc.sleep.time = 25ms (default)
2019-09-19 11:15:49,214 [6d9635c1-82f6-4958-89b3-6bc3e98b3bf9:group-6A8D77CA18C7:LeaderElection10] INFO  impl.RaftServerImpl (ServerState.java:setLeader(263)) - 6d9635c1-82f6-4958-89b3-6bc3e98b3bf9:group-6A8D77CA18C7 change Leader from null to 6d9635c1-82f6-4958-89b3-6bc3e98b3bf9 at term 1 for becomeLeader, leader elected after 5143ms
2019-09-19 11:15:49,214 [6d9635c1-82f6-4958-89b3-6bc3e98b3bf9:group-1CC47007AB3B:LeaderElection9] INFO  server.RaftServerConfigKeys (ConfUtils.java:logGet(43)) - raft.server.write.element-limit = 4096 (default)
2019-09-19 11:15:49,214 [dbc7cc94-1ec8-41e3-bae5-3deb3fe35f66:group-9949EFF41E60:LeaderElection11] INFO  server.RaftServerConfigKeys (ConfUtils.java:logGet(43)) - raft.server.watch.timeout = 10s (default)
2019-09-19 11:15:49,214 [6d9635c1-82f6-4958-89b3-6bc3e98b3bf9:group-C89F5D1FA49C:LeaderElection12] INFO  server.RaftServerConfigKeys (ConfUtils.java:logGet(43)) - raft.server.rpc.sleep.time = 25ms (default)
2019-09-19 11:15:49,215 [dbc7cc94-1ec8-41e3-bae5-3deb3fe35f66:group-9949EFF41E60:LeaderElection11] INFO  server.RaftServerConfigKeys (ConfUtils.java:logGet(43)) - raft.server.watch.timeout.denomination = 1s (default)
2019-09-19 11:15:49,215 [6d9635c1-82f6-4958-89b3-6bc3e98b3bf9:group-1CC47007AB3B:LeaderElection9] INFO  server.RaftServerConfigKeys (ConfUtils.java:logGet(43)) - raft.server.watch.timeout = 10s (default)
2019-09-19 11:15:49,215 [6d9635c1-82f6-4958-89b3-6bc3e98b3bf9:group-1CC47007AB3B:LeaderElection9] INFO  server.RaftServerConfigKeys (ConfUtils.java:logGet(43)) - raft.server.watch.timeout.denomination = 1s (default)
2019-09-19 11:15:49,214 [6d9635c1-82f6-4958-89b3-6bc3e98b3bf9:group-6A8D77CA18C7:LeaderElection10] INFO  server.RaftServerConfigKeys (ConfUtils.java:logGet(43)) - raft.server.staging.catchup.gap = 1000 (default)
2019-09-19 11:15:49,215 [6d9635c1-82f6-4958-89b3-6bc3e98b3bf9:group-1CC47007AB3B:LeaderElection9] INFO  server.RaftServerConfigKeys (ConfUtils.java:logGet(43)) - raft.server.watch.element-limit = 65536 (default)
2019-09-19 11:15:49,215 [dbc7cc94-1ec8-41e3-bae5-3deb3fe35f66:group-9949EFF41E60:LeaderElection11] INFO  server.RaftServerConfigKeys (ConfUtils.java:logGet(43)) - raft.server.watch.element-limit = 65536 (default)
2019-09-19 11:15:49,215 [6d9635c1-82f6-4958-89b3-6bc3e98b3bf9:group-C89F5D1FA49C:LeaderElection12] INFO  server.RaftServerConfigKeys (ConfUtils.java:logGet(43)) - raft.server.write.element-limit = 4096 (default)
2019-09-19 11:15:49,216 [6d9635c1-82f6-4958-89b3-6bc3e98b3bf9:group-1CC47007AB3B:LeaderElection9] INFO  impl.RoleInfo (RoleInfo.java:updateAndGet(143)) - 6d9635c1-82f6-4958-89b3-6bc3e98b3bf9: start LeaderState
2019-09-19 11:15:49,215 [6d9635c1-82f6-4958-89b3-6bc3e98b3bf9:group-6A8D77CA18C7:LeaderElection10] INFO  server.RaftServerConfigKeys (ConfUtils.java:logGet(43)) - raft.server.rpc.sleep.time = 25ms (default)
2019-09-19 11:15:49,216 [6d9635c1-82f6-4958-89b3-6bc3e98b3bf9:group-1CC47007AB3B:LeaderElection9] INFO  segmented.SegmentedRaftLogWorker (SegmentedRaftLogWorker.java:startLogSegment(380)) - 6d9635c1-82f6-4958-89b3-6bc3e98b3bf9-SegmentedRaftLogWorker:Storage Directory /workdir/hadoop-ozone/integration-test/target/test-dir/MiniOzoneClusterImpl-7fc07b7e-c81f-4adf-a353-408e6fc41966/datanode-2/data/ratis/a2f29b56-3990-46e1-91b1-1cc47007ab3b: Starting segment from index:0
2019-09-19 11:15:49,216 [dbc7cc94-1ec8-41e3-bae5-3deb3fe35f66:group-9949EFF41E60:LeaderElection11] INFO  impl.RoleInfo (RoleInfo.java:updateAndGet(143)) - dbc7cc94-1ec8-41e3-bae5-3deb3fe35f66: start LeaderState
2019-09-19 11:15:49,216 [6d9635c1-82f6-4958-89b3-6bc3e98b3bf9:group-C89F5D1FA49C:LeaderElection12] INFO  server.RaftServerConfigKeys (ConfUtils.java:logGet(43)) - raft.server.watch.timeout = 10s (default)
2019-09-19 11:15:49,216 [6d9635c1-82f6-4958-89b3-6bc3e98b3bf9:group-6A8D77CA18C7:LeaderElection10] INFO  server.RaftServerConfigKeys (ConfUtils.java:logGet(43)) - raft.server.write.element-limit = 4096 (default)
2019-09-19 11:15:49,216 [dbc7cc94-1ec8-41e3-bae5-3deb3fe35f66:group-9949EFF41E60:LeaderElection11] INFO  segmented.SegmentedRaftLogWorker (SegmentedRaftLogWorker.java:startLogSegment(380)) - dbc7cc94-1ec8-41e3-bae5-3deb3fe35f66-SegmentedRaftLogWorker:Storage Directory /workdir/hadoop-ozone/integration-test/target/test-dir/MiniOzoneClusterImpl-7fc07b7e-c81f-4adf-a353-408e6fc41966/datanode-0/data/ratis/a0479f68-2d8a-4921-8286-9949eff41e60: Starting segment from index:0
2019-09-19 11:15:49,216 [6d9635c1-82f6-4958-89b3-6bc3e98b3bf9:group-C89F5D1FA49C:LeaderElection12] INFO  server.RaftServerConfigKeys (ConfUtils.java:logGet(43)) - raft.server.watch.timeout.denomination = 1s (default)
2019-09-19 11:15:49,217 [6d9635c1-82f6-4958-89b3-6bc3e98b3bf9:group-1CC47007AB3B:LeaderElection9] INFO  impl.RaftServerImpl (ServerState.java:setRaftConf(361)) - 6d9635c1-82f6-4958-89b3-6bc3e98b3bf9:group-1CC47007AB3B set configuration 0: [6d9635c1-82f6-4958-89b3-6bc3e98b3bf9:192.168.157.226:40530], old=null at 0
2019-09-19 11:15:49,217 [6d9635c1-82f6-4958-89b3-6bc3e98b3bf9:group-6A8D77CA18C7:LeaderElection10] INFO  server.RaftServerConfigKeys (ConfUtils.java:logGet(43)) - raft.server.watch.timeout = 10s (default)
2019-09-19 11:15:49,217 [6d9635c1-82f6-4958-89b3-6bc3e98b3bf9:group-C89F5D1FA49C:LeaderElection12] INFO  server.RaftServerConfigKeys (ConfUtils.java:logGet(43)) - raft.server.watch.element-limit = 65536 (default)
2019-09-19 11:15:49,248 [6d9635c1-82f6-4958-89b3-6bc3e98b3bf9:group-6A8D77CA18C7:LeaderElection10] INFO  server.RaftServerConfigKeys (ConfUtils.java:logGet(43)) - raft.server.watch.timeout.denomination = 1s (default)
2019-09-19 11:15:49,248 [dbc7cc94-1ec8-41e3-bae5-3deb3fe35f66:group-9949EFF41E60:LeaderElection11] INFO  impl.RaftServerImpl (ServerState.java:setRaftConf(361)) - dbc7cc94-1ec8-41e3-bae5-3deb3fe35f66:group-9949EFF41E60 set configuration 0: [dbc7cc94-1ec8-41e3-bae5-3deb3fe35f66:192.168.157.226:39716], old=null at 0
2019-09-19 11:15:49,248 [6d9635c1-82f6-4958-89b3-6bc3e98b3bf9:group-6A8D77CA18C7:LeaderElection10] INFO  server.RaftServerConfigKeys (ConfUtils.java:logGet(43)) - raft.server.watch.element-limit = 65536 (default)
2019-09-19 11:15:49,248 [6d9635c1-82f6-4958-89b3-6bc3e98b3bf9:group-C89F5D1FA49C:LeaderElection12] INFO  impl.RoleInfo (RoleInfo.java:updateAndGet(143)) - 6d9635c1-82f6-4958-89b3-6bc3e98b3bf9: start LeaderState
2019-09-19 11:15:49,283 [6d9635c1-82f6-4958-89b3-6bc3e98b3bf9-SegmentedRaftLogWorker:Storage Directory /workdir/hadoop-ozone/integration-test/target/test-dir/MiniOzoneClusterImpl-7fc07b7e-c81f-4adf-a353-408e6fc41966/datanode-2/data/ratis/a2f29b56-3990-46e1-91b1-1cc47007ab3b] INFO  segmented.SegmentedRaftLogWorker (SegmentedRaftLogWorker.java:execute(569)) - 6d9635c1-82f6-4958-89b3-6bc3e98b3bf9-SegmentedRaftLogWorker:Storage Directory /workdir/hadoop-ozone/integration-test/target/test-dir/MiniOzoneClusterImpl-7fc07b7e-c81f-4adf-a353-408e6fc41966/datanode-2/data/ratis/a2f29b56-3990-46e1-91b1-1cc47007ab3b: created new log segment /workdir/hadoop-ozone/integration-test/target/test-dir/MiniOzoneClusterImpl-7fc07b7e-c81f-4adf-a353-408e6fc41966/datanode-2/data/ratis/a2f29b56-3990-46e1-91b1-1cc47007ab3b/current/log_inprogress_0
2019-09-19 11:15:49,284 [6d9635c1-82f6-4958-89b3-6bc3e98b3bf9:group-6A8D77CA18C7:LeaderElection10] INFO  impl.RoleInfo (RoleInfo.java:updateAndGet(143)) - 6d9635c1-82f6-4958-89b3-6bc3e98b3bf9: start LeaderState
2019-09-19 11:15:49,283 [6d9635c1-82f6-4958-89b3-6bc3e98b3bf9:group-C89F5D1FA49C:LeaderElection12] INFO  segmented.SegmentedRaftLogWorker (SegmentedRaftLogWorker.java:startLogSegment(380)) - 6d9635c1-82f6-4958-89b3-6bc3e98b3bf9-SegmentedRaftLogWorker:Storage Directory /workdir/hadoop-ozone/integration-test/target/test-dir/MiniOzoneClusterImpl-7fc07b7e-c81f-4adf-a353-408e6fc41966/datanode-2/data/ratis/103265a9-3068-45bd-9c60-c89f5d1fa49c: Starting segment from index:0
2019-09-19 11:15:49,285 [6d9635c1-82f6-4958-89b3-6bc3e98b3bf9:group-6A8D77CA18C7:LeaderElection10] INFO  segmented.SegmentedRaftLogWorker (SegmentedRaftLogWorker.java:startLogSegment(380)) - 6d9635c1-82f6-4958-89b3-6bc3e98b3bf9-SegmentedRaftLogWorker:Storage Directory /workdir/hadoop-ozone/integration-test/target/test-dir/MiniOzoneClusterImpl-7fc07b7e-c81f-4adf-a353-408e6fc41966/datanode-2/data/ratis/31ec565d-622e-4c7b-ab9c-6a8d77ca18c7: Starting segment from index:0
2019-09-19 11:15:49,285 [6d9635c1-82f6-4958-89b3-6bc3e98b3bf9:group-C89F5D1FA49C:LeaderElection12] INFO  impl.RaftServerImpl (ServerState.java:setRaftConf(361)) - 6d9635c1-82f6-4958-89b3-6bc3e98b3bf9:group-C89F5D1FA49C set configuration 0: [6d9635c1-82f6-4958-89b3-6bc3e98b3bf9:192.168.157.226:40530], old=null at 0
2019-09-19 11:15:49,318 [Thread-221] INFO  impl.FollowerState (FollowerState.java:run(106)) - 07ed7a64-68cb-4e20-b110-7a1d13cb9d05:group-5FCCF2A26829 changes to CANDIDATE, lastRpcTime:5029, electionTimeout:5021ms
2019-09-19 11:15:49,318 [dbc7cc94-1ec8-41e3-bae5-3deb3fe35f66-SegmentedRaftLogWorker:Storage Directory /workdir/hadoop-ozone/integration-test/target/test-dir/MiniOzoneClusterImpl-7fc07b7e-c81f-4adf-a353-408e6fc41966/datanode-0/data/ratis/a0479f68-2d8a-4921-8286-9949eff41e60] INFO  segmented.SegmentedRaftLogWorker (SegmentedRaftLogWorker.java:execute(569)) - dbc7cc94-1ec8-41e3-bae5-3deb3fe35f66-SegmentedRaftLogWorker:Storage Directory /workdir/hadoop-ozone/integration-test/target/test-dir/MiniOzoneClusterImpl-7fc07b7e-c81f-4adf-a353-408e6fc41966/datanode-0/data/ratis/a0479f68-2d8a-4921-8286-9949eff41e60: created new log segment /workdir/hadoop-ozone/integration-test/target/test-dir/MiniOzoneClusterImpl-7fc07b7e-c81f-4adf-a353-408e6fc41966/datanode-0/data/ratis/a0479f68-2d8a-4921-8286-9949eff41e60/current/log_inprogress_0
2019-09-19 11:15:49,319 [Thread-221] INFO  impl.RoleInfo (RoleInfo.java:shutdownFollowerState(121)) - 07ed7a64-68cb-4e20-b110-7a1d13cb9d05: shutdown FollowerState
2019-09-19 11:15:49,319 [Thread-221] INFO  impl.RaftServerImpl (RaftServerImpl.java:setRole(171)) - 07ed7a64-68cb-4e20-b110-7a1d13cb9d05:group-5FCCF2A26829 changes role from FOLLOWER to CANDIDATE at term 0 for changeToCandidate
2019-09-19 11:15:49,319 [6d9635c1-82f6-4958-89b3-6bc3e98b3bf9:group-6A8D77CA18C7:LeaderElection10] INFO  impl.RaftServerImpl (ServerState.java:setRaftConf(361)) - 6d9635c1-82f6-4958-89b3-6bc3e98b3bf9:group-6A8D77CA18C7 set configuration 0: [6d9635c1-82f6-4958-89b3-6bc3e98b3bf9:192.168.157.226:40530], old=null at 0
2019-09-19 11:15:49,321 [Thread-221] INFO  impl.RoleInfo (RoleInfo.java:updateAndGet(143)) - 07ed7a64-68cb-4e20-b110-7a1d13cb9d05: start LeaderElection
2019-09-19 11:15:49,321 [Thread-215] INFO  impl.FollowerState (FollowerState.java:run(106)) - dbc7cc94-1ec8-41e3-bae5-3deb3fe35f66:group-7F1F5242CFEF changes to CANDIDATE, lastRpcTime:5136, electionTimeout:5135ms
2019-09-19 11:15:49,321 [Thread-215] INFO  impl.RoleInfo (RoleInfo.java:shutdownFollowerState(121)) - dbc7cc94-1ec8-41e3-bae5-3deb3fe35f66: shutdown FollowerState
2019-09-19 11:15:49,322 [Thread-215] INFO  impl.RaftServerImpl (RaftServerImpl.java:setRole(171)) - dbc7cc94-1ec8-41e3-bae5-3deb3fe35f66:group-7F1F5242CFEF changes role from FOLLOWER to CANDIDATE at term 0 for changeToCandidate
2019-09-19 11:15:49,324 [Thread-215] INFO  impl.RoleInfo (RoleInfo.java:updateAndGet(143)) - dbc7cc94-1ec8-41e3-bae5-3deb3fe35f66: start LeaderElection
2019-09-19 11:15:49,331 [6d9635c1-82f6-4958-89b3-6bc3e98b3bf9-SegmentedRaftLogWorker:Storage Directory /workdir/hadoop-ozone/integration-test/target/test-dir/MiniOzoneClusterImpl-7fc07b7e-c81f-4adf-a353-408e6fc41966/datanode-2/data/ratis/31ec565d-622e-4c7b-ab9c-6a8d77ca18c7] INFO  segmented.SegmentedRaftLogWorker (SegmentedRaftLogWorker.java:execute(569)) - 6d9635c1-82f6-4958-89b3-6bc3e98b3bf9-SegmentedRaftLogWorker:Storage Directory /workdir/hadoop-ozone/integration-test/target/test-dir/MiniOzoneClusterImpl-7fc07b7e-c81f-4adf-a353-408e6fc41966/datanode-2/data/ratis/31ec565d-622e-4c7b-ab9c-6a8d77ca18c7: created new log segment /workdir/hadoop-ozone/integration-test/target/test-dir/MiniOzoneClusterImpl-7fc07b7e-c81f-4adf-a353-408e6fc41966/datanode-2/data/ratis/31ec565d-622e-4c7b-ab9c-6a8d77ca18c7/current/log_inprogress_0
2019-09-19 11:15:49,331 [dbc7cc94-1ec8-41e3-bae5-3deb3fe35f66:group-7F1F5242CFEF:LeaderElection14] INFO  impl.LeaderElection (LeaderElection.java:askForVotes(181)) - dbc7cc94-1ec8-41e3-bae5-3deb3fe35f66:group-7F1F5242CFEF:LeaderElection14: begin an election at term 1 for -1: [dbc7cc94-1ec8-41e3-bae5-3deb3fe35f66:192.168.157.226:39716], old=null
2019-09-19 11:15:49,331 [6d9635c1-82f6-4958-89b3-6bc3e98b3bf9-SegmentedRaftLogWorker:Storage Directory /workdir/hadoop-ozone/integration-test/target/test-dir/MiniOzoneClusterImpl-7fc07b7e-c81f-4adf-a353-408e6fc41966/datanode-2/data/ratis/103265a9-3068-45bd-9c60-c89f5d1fa49c] INFO  segmented.SegmentedRaftLogWorker (SegmentedRaftLogWorker.java:execute(569)) - 6d9635c1-82f6-4958-89b3-6bc3e98b3bf9-SegmentedRaftLogWorker:Storage Directory /workdir/hadoop-ozone/integration-test/target/test-dir/MiniOzoneClusterImpl-7fc07b7e-c81f-4adf-a353-408e6fc41966/datanode-2/data/ratis/103265a9-3068-45bd-9c60-c89f5d1fa49c: created new log segment /workdir/hadoop-ozone/integration-test/target/test-dir/MiniOzoneClusterImpl-7fc07b7e-c81f-4adf-a353-408e6fc41966/datanode-2/data/ratis/103265a9-3068-45bd-9c60-c89f5d1fa49c/current/log_inprogress_0
2019-09-19 11:15:49,332 [dbc7cc94-1ec8-41e3-bae5-3deb3fe35f66:group-7F1F5242CFEF:LeaderElection14] INFO  impl.RoleInfo (RoleInfo.java:shutdownLeaderElection(134)) - dbc7cc94-1ec8-41e3-bae5-3deb3fe35f66: shutdown LeaderElection
2019-09-19 11:15:49,331 [07ed7a64-68cb-4e20-b110-7a1d13cb9d05:group-5FCCF2A26829:LeaderElection13] INFO  impl.LeaderElection (LeaderElection.java:askForVotes(181)) - 07ed7a64-68cb-4e20-b110-7a1d13cb9d05:group-5FCCF2A26829:LeaderElection13: begin an election at term 1 for -1: [07ed7a64-68cb-4e20-b110-7a1d13cb9d05:192.168.157.226:33713], old=null
2019-09-19 11:15:49,332 [dbc7cc94-1ec8-41e3-bae5-3deb3fe35f66:group-7F1F5242CFEF:LeaderElection14] INFO  impl.RaftServerImpl (RaftServerImpl.java:setRole(171)) - dbc7cc94-1ec8-41e3-bae5-3deb3fe35f66:group-7F1F5242CFEF changes role from CANDIDATE to LEADER at term 1 for changeToLeader
2019-09-19 11:15:49,333 [07ed7a64-68cb-4e20-b110-7a1d13cb9d05:group-5FCCF2A26829:LeaderElection13] INFO  impl.RoleInfo (RoleInfo.java:shutdownLeaderElection(134)) - 07ed7a64-68cb-4e20-b110-7a1d13cb9d05: shutdown LeaderElection
2019-09-19 11:15:49,333 [dbc7cc94-1ec8-41e3-bae5-3deb3fe35f66:group-7F1F5242CFEF:LeaderElection14] INFO  impl.RaftServerImpl (ServerState.java:setLeader(263)) - dbc7cc94-1ec8-41e3-bae5-3deb3fe35f66:group-7F1F5242CFEF change Leader from null to dbc7cc94-1ec8-41e3-bae5-3deb3fe35f66 at term 1 for becomeLeader, leader elected after 5151ms
2019-09-19 11:15:49,334 [07ed7a64-68cb-4e20-b110-7a1d13cb9d05:group-5FCCF2A26829:LeaderElection13] INFO  impl.RaftServerImpl (RaftServerImpl.java:setRole(171)) - 07ed7a64-68cb-4e20-b110-7a1d13cb9d05:group-5FCCF2A26829 changes role from CANDIDATE to LEADER at term 1 for changeToLeader
2019-09-19 11:15:49,334 [dbc7cc94-1ec8-41e3-bae5-3deb3fe35f66:group-7F1F5242CFEF:LeaderElection14] INFO  server.RaftServerConfigKeys (ConfUtils.java:logGet(43)) - raft.server.staging.catchup.gap = 1000 (default)
2019-09-19 11:15:49,334 [07ed7a64-68cb-4e20-b110-7a1d13cb9d05:group-5FCCF2A26829:LeaderElection13] INFO  impl.RaftServerImpl (ServerState.java:setLeader(263)) - 07ed7a64-68cb-4e20-b110-7a1d13cb9d05:group-5FCCF2A26829 change Leader from null to 07ed7a64-68cb-4e20-b110-7a1d13cb9d05 at term 1 for becomeLeader, leader elected after 5049ms
2019-09-19 11:15:49,334 [dbc7cc94-1ec8-41e3-bae5-3deb3fe35f66:group-7F1F5242CFEF:LeaderElection14] INFO  server.RaftServerConfigKeys (ConfUtils.java:logGet(43)) - raft.server.rpc.sleep.time = 25ms (default)
2019-09-19 11:15:49,334 [07ed7a64-68cb-4e20-b110-7a1d13cb9d05:group-5FCCF2A26829:LeaderElection13] INFO  server.RaftServerConfigKeys (ConfUtils.java:logGet(43)) - raft.server.staging.catchup.gap = 1000 (default)
2019-09-19 11:15:49,334 [dbc7cc94-1ec8-41e3-bae5-3deb3fe35f66:group-7F1F5242CFEF:LeaderElection14] INFO  server.RaftServerConfigKeys (ConfUtils.java:logGet(43)) - raft.server.write.element-limit = 4096 (default)
2019-09-19 11:15:49,334 [07ed7a64-68cb-4e20-b110-7a1d13cb9d05:group-5FCCF2A26829:LeaderElection13] INFO  server.RaftServerConfigKeys (ConfUtils.java:logGet(43)) - raft.server.rpc.sleep.time = 25ms (default)
2019-09-19 11:15:49,334 [dbc7cc94-1ec8-41e3-bae5-3deb3fe35f66:group-7F1F5242CFEF:LeaderElection14] INFO  server.RaftServerConfigKeys (ConfUtils.java:logGet(43)) - raft.server.watch.timeout = 10s (default)
2019-09-19 11:15:49,335 [07ed7a64-68cb-4e20-b110-7a1d13cb9d05:group-5FCCF2A26829:LeaderElection13] INFO  server.RaftServerConfigKeys (ConfUtils.java:logGet(43)) - raft.server.write.element-limit = 4096 (default)
2019-09-19 11:15:49,335 [dbc7cc94-1ec8-41e3-bae5-3deb3fe35f66:group-7F1F5242CFEF:LeaderElection14] INFO  server.RaftServerConfigKeys (ConfUtils.java:logGet(43)) - raft.server.watch.timeout.denomination = 1s (default)
2019-09-19 11:15:49,335 [07ed7a64-68cb-4e20-b110-7a1d13cb9d05:group-5FCCF2A26829:LeaderElection13] INFO  server.RaftServerConfigKeys (ConfUtils.java:logGet(43)) - raft.server.watch.timeout = 10s (default)
2019-09-19 11:15:49,335 [dbc7cc94-1ec8-41e3-bae5-3deb3fe35f66:group-7F1F5242CFEF:LeaderElection14] INFO  server.RaftServerConfigKeys (ConfUtils.java:logGet(43)) - raft.server.watch.element-limit = 65536 (default)
2019-09-19 11:15:49,335 [07ed7a64-68cb-4e20-b110-7a1d13cb9d05:group-5FCCF2A26829:LeaderElection13] INFO  server.RaftServerConfigKeys (ConfUtils.java:logGet(43)) - raft.server.watch.timeout.denomination = 1s (default)
2019-09-19 11:15:49,335 [dbc7cc94-1ec8-41e3-bae5-3deb3fe35f66:group-7F1F5242CFEF:LeaderElection14] INFO  impl.RoleInfo (RoleInfo.java:updateAndGet(143)) - dbc7cc94-1ec8-41e3-bae5-3deb3fe35f66: start LeaderState
2019-09-19 11:15:49,335 [07ed7a64-68cb-4e20-b110-7a1d13cb9d05:group-5FCCF2A26829:LeaderElection13] INFO  server.RaftServerConfigKeys (ConfUtils.java:logGet(43)) - raft.server.watch.element-limit = 65536 (default)
2019-09-19 11:15:49,335 [dbc7cc94-1ec8-41e3-bae5-3deb3fe35f66:group-7F1F5242CFEF:LeaderElection14] INFO  segmented.SegmentedRaftLogWorker (SegmentedRaftLogWorker.java:startLogSegment(380)) - dbc7cc94-1ec8-41e3-bae5-3deb3fe35f66-SegmentedRaftLogWorker:Storage Directory /workdir/hadoop-ozone/integration-test/target/test-dir/MiniOzoneClusterImpl-7fc07b7e-c81f-4adf-a353-408e6fc41966/datanode-0/data/ratis/9fcfdd6a-70db-40fe-9427-7f1f5242cfef: Starting segment from index:0
2019-09-19 11:15:49,335 [07ed7a64-68cb-4e20-b110-7a1d13cb9d05:group-5FCCF2A26829:LeaderElection13] INFO  impl.RoleInfo (RoleInfo.java:updateAndGet(143)) - 07ed7a64-68cb-4e20-b110-7a1d13cb9d05: start LeaderState
2019-09-19 11:15:49,336 [dbc7cc94-1ec8-41e3-bae5-3deb3fe35f66:group-7F1F5242CFEF:LeaderElection14] INFO  impl.RaftServerImpl (ServerState.java:setRaftConf(361)) - dbc7cc94-1ec8-41e3-bae5-3deb3fe35f66:group-7F1F5242CFEF set configuration 0: [dbc7cc94-1ec8-41e3-bae5-3deb3fe35f66:192.168.157.226:39716], old=null at 0
2019-09-19 11:15:49,336 [07ed7a64-68cb-4e20-b110-7a1d13cb9d05:group-5FCCF2A26829:LeaderElection13] INFO  segmented.SegmentedRaftLogWorker (SegmentedRaftLogWorker.java:startLogSegment(380)) - 07ed7a64-68cb-4e20-b110-7a1d13cb9d05-SegmentedRaftLogWorker:Storage Directory /workdir/hadoop-ozone/integration-test/target/test-dir/MiniOzoneClusterImpl-7fc07b7e-c81f-4adf-a353-408e6fc41966/datanode-1/data/ratis/2e400e4f-7173-45ed-a65b-5fccf2a26829: Starting segment from index:0
2019-09-19 11:15:49,369 [Thread-218] INFO  impl.FollowerState (FollowerState.java:run(106)) - dbc7cc94-1ec8-41e3-bae5-3deb3fe35f66:group-FB5938277E07 changes to CANDIDATE, lastRpcTime:5134, electionTimeout:5127ms
2019-09-19 11:15:49,370 [Thread-218] INFO  impl.RoleInfo (RoleInfo.java:shutdownFollowerState(121)) - dbc7cc94-1ec8-41e3-bae5-3deb3fe35f66: shutdown FollowerState
2019-09-19 11:15:49,370 [Thread-218] INFO  impl.RaftServerImpl (RaftServerImpl.java:setRole(171)) - dbc7cc94-1ec8-41e3-bae5-3deb3fe35f66:group-FB5938277E07 changes role from FOLLOWER to CANDIDATE at term 0 for changeToCandidate
2019-09-19 11:15:49,370 [Thread-218] INFO  impl.RoleInfo (RoleInfo.java:updateAndGet(143)) - dbc7cc94-1ec8-41e3-bae5-3deb3fe35f66: start LeaderElection
2019-09-19 11:15:49,371 [07ed7a64-68cb-4e20-b110-7a1d13cb9d05:group-5FCCF2A26829:LeaderElection13] INFO  impl.RaftServerImpl (ServerState.java:setRaftConf(361)) - 07ed7a64-68cb-4e20-b110-7a1d13cb9d05:group-5FCCF2A26829 set configuration 0: [07ed7a64-68cb-4e20-b110-7a1d13cb9d05:192.168.157.226:33713], old=null at 0
2019-09-19 11:15:49,408 [dbc7cc94-1ec8-41e3-bae5-3deb3fe35f66-SegmentedRaftLogWorker:Storage Directory /workdir/hadoop-ozone/integration-test/target/test-dir/MiniOzoneClusterImpl-7fc07b7e-c81f-4adf-a353-408e6fc41966/datanode-0/data/ratis/9fcfdd6a-70db-40fe-9427-7f1f5242cfef] INFO  segmented.SegmentedRaftLogWorker (SegmentedRaftLogWorker.java:execute(569)) - dbc7cc94-1ec8-41e3-bae5-3deb3fe35f66-SegmentedRaftLogWorker:Storage Directory /workdir/hadoop-ozone/integration-test/target/test-dir/MiniOzoneClusterImpl-7fc07b7e-c81f-4adf-a353-408e6fc41966/datanode-0/data/ratis/9fcfdd6a-70db-40fe-9427-7f1f5242cfef: created new log segment /workdir/hadoop-ozone/integration-test/target/test-dir/MiniOzoneClusterImpl-7fc07b7e-c81f-4adf-a353-408e6fc41966/datanode-0/data/ratis/9fcfdd6a-70db-40fe-9427-7f1f5242cfef/current/log_inprogress_0
2019-09-19 11:15:49,408 [Thread-224] INFO  impl.FollowerState (FollowerState.java:run(106)) - 07ed7a64-68cb-4e20-b110-7a1d13cb9d05:group-7A8237BEF261 changes to CANDIDATE, lastRpcTime:5066, electionTimeout:5061ms
2019-09-19 11:15:49,412 [Thread-224] INFO  impl.RoleInfo (RoleInfo.java:shutdownFollowerState(121)) - 07ed7a64-68cb-4e20-b110-7a1d13cb9d05: shutdown FollowerState
2019-09-19 11:15:49,412 [Thread-224] INFO  impl.RaftServerImpl (RaftServerImpl.java:setRole(171)) - 07ed7a64-68cb-4e20-b110-7a1d13cb9d05:group-7A8237BEF261 changes role from FOLLOWER to CANDIDATE at term 0 for changeToCandidate
2019-09-19 11:15:49,412 [Thread-224] INFO  impl.RoleInfo (RoleInfo.java:updateAndGet(143)) - 07ed7a64-68cb-4e20-b110-7a1d13cb9d05: start LeaderElection
2019-09-19 11:15:49,421 [07ed7a64-68cb-4e20-b110-7a1d13cb9d05-SegmentedRaftLogWorker:Storage Directory /workdir/hadoop-ozone/integration-test/target/test-dir/MiniOzoneClusterImpl-7fc07b7e-c81f-4adf-a353-408e6fc41966/datanode-1/data/ratis/2e400e4f-7173-45ed-a65b-5fccf2a26829] INFO  segmented.SegmentedRaftLogWorker (SegmentedRaftLogWorker.java:execute(569)) - 07ed7a64-68cb-4e20-b110-7a1d13cb9d05-SegmentedRaftLogWorker:Storage Directory /workdir/hadoop-ozone/integration-test/target/test-dir/MiniOzoneClusterImpl-7fc07b7e-c81f-4adf-a353-408e6fc41966/datanode-1/data/ratis/2e400e4f-7173-45ed-a65b-5fccf2a26829: created new log segment /workdir/hadoop-ozone/integration-test/target/test-dir/MiniOzoneClusterImpl-7fc07b7e-c81f-4adf-a353-408e6fc41966/datanode-1/data/ratis/2e400e4f-7173-45ed-a65b-5fccf2a26829/current/log_inprogress_0
2019-09-19 11:15:49,422 [07ed7a64-68cb-4e20-b110-7a1d13cb9d05:group-7A8237BEF261:LeaderElection16] INFO  impl.LeaderElection (LeaderElection.java:askForVotes(181)) - 07ed7a64-68cb-4e20-b110-7a1d13cb9d05:group-7A8237BEF261:LeaderElection16: begin an election at term 1 for -1: [07ed7a64-68cb-4e20-b110-7a1d13cb9d05:192.168.157.226:33713], old=null
2019-09-19 11:15:49,422 [dbc7cc94-1ec8-41e3-bae5-3deb3fe35f66:group-FB5938277E07:LeaderElection15] INFO  impl.LeaderElection (LeaderElection.java:askForVotes(181)) - dbc7cc94-1ec8-41e3-bae5-3deb3fe35f66:group-FB5938277E07:LeaderElection15: begin an election at term 1 for -1: [dbc7cc94-1ec8-41e3-bae5-3deb3fe35f66:192.168.157.226:39716], old=null
2019-09-19 11:15:49,423 [07ed7a64-68cb-4e20-b110-7a1d13cb9d05:group-7A8237BEF261:LeaderElection16] INFO  impl.RoleInfo (RoleInfo.java:shutdownLeaderElection(134)) - 07ed7a64-68cb-4e20-b110-7a1d13cb9d05: shutdown LeaderElection
2019-09-19 11:15:49,423 [dbc7cc94-1ec8-41e3-bae5-3deb3fe35f66:group-FB5938277E07:LeaderElection15] INFO  impl.RoleInfo (RoleInfo.java:shutdownLeaderElection(134)) - dbc7cc94-1ec8-41e3-bae5-3deb3fe35f66: shutdown LeaderElection
2019-09-19 11:15:49,423 [07ed7a64-68cb-4e20-b110-7a1d13cb9d05:group-7A8237BEF261:LeaderElection16] INFO  impl.RaftServerImpl (RaftServerImpl.java:setRole(171)) - 07ed7a64-68cb-4e20-b110-7a1d13cb9d05:group-7A8237BEF261 changes role from CANDIDATE to LEADER at term 1 for changeToLeader
2019-09-19 11:15:49,423 [dbc7cc94-1ec8-41e3-bae5-3deb3fe35f66:group-FB5938277E07:LeaderElection15] INFO  impl.RaftServerImpl (RaftServerImpl.java:setRole(171)) - dbc7cc94-1ec8-41e3-bae5-3deb3fe35f66:group-FB5938277E07 changes role from CANDIDATE to LEADER at term 1 for changeToLeader
2019-09-19 11:15:49,423 [07ed7a64-68cb-4e20-b110-7a1d13cb9d05:group-7A8237BEF261:LeaderElection16] INFO  impl.RaftServerImpl (ServerState.java:setLeader(263)) - 07ed7a64-68cb-4e20-b110-7a1d13cb9d05:group-7A8237BEF261 change Leader from null to 07ed7a64-68cb-4e20-b110-7a1d13cb9d05 at term 1 for becomeLeader, leader elected after 5087ms
2019-09-19 11:15:49,424 [dbc7cc94-1ec8-41e3-bae5-3deb3fe35f66:group-FB5938277E07:LeaderElection15] INFO  impl.RaftServerImpl (ServerState.java:setLeader(263)) - dbc7cc94-1ec8-41e3-bae5-3deb3fe35f66:group-FB5938277E07 change Leader from null to dbc7cc94-1ec8-41e3-bae5-3deb3fe35f66 at term 1 for becomeLeader, leader elected after 5193ms
2019-09-19 11:15:49,424 [07ed7a64-68cb-4e20-b110-7a1d13cb9d05:group-7A8237BEF261:LeaderElection16] INFO  server.RaftServerConfigKeys (ConfUtils.java:logGet(43)) - raft.server.staging.catchup.gap = 1000 (default)
2019-09-19 11:15:49,424 [dbc7cc94-1ec8-41e3-bae5-3deb3fe35f66:group-FB5938277E07:LeaderElection15] INFO  server.RaftServerConfigKeys (ConfUtils.java:logGet(43)) - raft.server.staging.catchup.gap = 1000 (default)
2019-09-19 11:15:49,424 [07ed7a64-68cb-4e20-b110-7a1d13cb9d05:group-7A8237BEF261:LeaderElection16] INFO  server.RaftServerConfigKeys (ConfUtils.java:logGet(43)) - raft.server.rpc.sleep.time = 25ms (default)
2019-09-19 11:15:49,424 [dbc7cc94-1ec8-41e3-bae5-3deb3fe35f66:group-FB5938277E07:LeaderElection15] INFO  server.RaftServerConfigKeys (ConfUtils.java:logGet(43)) - raft.server.rpc.sleep.time = 25ms (default)
2019-09-19 11:15:49,424 [07ed7a64-68cb-4e20-b110-7a1d13cb9d05:group-7A8237BEF261:LeaderElection16] INFO  server.RaftServerConfigKeys (ConfUtils.java:logGet(43)) - raft.server.write.element-limit = 4096 (default)
2019-09-19 11:15:49,424 [dbc7cc94-1ec8-41e3-bae5-3deb3fe35f66:group-FB5938277E07:LeaderElection15] INFO  server.RaftServerConfigKeys (ConfUtils.java:logGet(43)) - raft.server.write.element-limit = 4096 (default)
2019-09-19 11:15:49,425 [07ed7a64-68cb-4e20-b110-7a1d13cb9d05:group-7A8237BEF261:LeaderElection16] INFO  server.RaftServerConfigKeys (ConfUtils.java:logGet(43)) - raft.server.watch.timeout = 10s (default)
2019-09-19 11:15:49,425 [dbc7cc94-1ec8-41e3-bae5-3deb3fe35f66:group-FB5938277E07:LeaderElection15] INFO  server.RaftServerConfigKeys (ConfUtils.java:logGet(43)) - raft.server.watch.timeout = 10s (default)
2019-09-19 11:15:49,425 [07ed7a64-68cb-4e20-b110-7a1d13cb9d05:group-7A8237BEF261:LeaderElection16] INFO  server.RaftServerConfigKeys (ConfUtils.java:logGet(43)) - raft.server.watch.timeout.denomination = 1s (default)
2019-09-19 11:15:49,425 [dbc7cc94-1ec8-41e3-bae5-3deb3fe35f66:group-FB5938277E07:LeaderElection15] INFO  server.RaftServerConfigKeys (ConfUtils.java:logGet(43)) - raft.server.watch.timeout.denomination = 1s (default)
2019-09-19 11:15:49,425 [07ed7a64-68cb-4e20-b110-7a1d13cb9d05:group-7A8237BEF261:LeaderElection16] INFO  server.RaftServerConfigKeys (ConfUtils.java:logGet(43)) - raft.server.watch.element-limit = 65536 (default)
2019-09-19 11:15:49,425 [dbc7cc94-1ec8-41e3-bae5-3deb3fe35f66:group-FB5938277E07:LeaderElection15] INFO  server.RaftServerConfigKeys (ConfUtils.java:logGet(43)) - raft.server.watch.element-limit = 65536 (default)
2019-09-19 11:15:49,426 [07ed7a64-68cb-4e20-b110-7a1d13cb9d05:group-7A8237BEF261:LeaderElection16] INFO  impl.RoleInfo (RoleInfo.java:updateAndGet(143)) - 07ed7a64-68cb-4e20-b110-7a1d13cb9d05: start LeaderState
2019-09-19 11:15:49,426 [dbc7cc94-1ec8-41e3-bae5-3deb3fe35f66:group-FB5938277E07:LeaderElection15] INFO  impl.RoleInfo (RoleInfo.java:updateAndGet(143)) - dbc7cc94-1ec8-41e3-bae5-3deb3fe35f66: start LeaderState
2019-09-19 11:15:49,426 [07ed7a64-68cb-4e20-b110-7a1d13cb9d05:group-7A8237BEF261:LeaderElection16] INFO  segmented.SegmentedRaftLogWorker (SegmentedRaftLogWorker.java:startLogSegment(380)) - 07ed7a64-68cb-4e20-b110-7a1d13cb9d05-SegmentedRaftLogWorker:Storage Directory /workdir/hadoop-ozone/integration-test/target/test-dir/MiniOzoneClusterImpl-7fc07b7e-c81f-4adf-a353-408e6fc41966/datanode-1/data/ratis/3da10acf-3485-4863-8878-7a8237bef261: Starting segment from index:0
2019-09-19 11:15:49,426 [dbc7cc94-1ec8-41e3-bae5-3deb3fe35f66:group-FB5938277E07:LeaderElection15] INFO  segmented.SegmentedRaftLogWorker (SegmentedRaftLogWorker.java:startLogSegment(380)) - dbc7cc94-1ec8-41e3-bae5-3deb3fe35f66-SegmentedRaftLogWorker:Storage Directory /workdir/hadoop-ozone/integration-test/target/test-dir/MiniOzoneClusterImpl-7fc07b7e-c81f-4adf-a353-408e6fc41966/datanode-0/data/ratis/7f247955-e218-41c7-bd72-fb5938277e07: Starting segment from index:0
2019-09-19 11:15:49,427 [07ed7a64-68cb-4e20-b110-7a1d13cb9d05:group-7A8237BEF261:LeaderElection16] INFO  impl.RaftServerImpl (ServerState.java:setRaftConf(361)) - 07ed7a64-68cb-4e20-b110-7a1d13cb9d05:group-7A8237BEF261 set configuration 0: [07ed7a64-68cb-4e20-b110-7a1d13cb9d05:192.168.157.226:33713], old=null at 0
2019-09-19 11:15:49,427 [dbc7cc94-1ec8-41e3-bae5-3deb3fe35f66:group-FB5938277E07:LeaderElection15] INFO  impl.RaftServerImpl (ServerState.java:setRaftConf(361)) - dbc7cc94-1ec8-41e3-bae5-3deb3fe35f66:group-FB5938277E07 set configuration 0: [dbc7cc94-1ec8-41e3-bae5-3deb3fe35f66:192.168.157.226:39716], old=null at 0
2019-09-19 11:15:49,477 [dbc7cc94-1ec8-41e3-bae5-3deb3fe35f66-SegmentedRaftLogWorker:Storage Directory /workdir/hadoop-ozone/integration-test/target/test-dir/MiniOzoneClusterImpl-7fc07b7e-c81f-4adf-a353-408e6fc41966/datanode-0/data/ratis/7f247955-e218-41c7-bd72-fb5938277e07] INFO  segmented.SegmentedRaftLogWorker (SegmentedRaftLogWorker.java:execute(569)) - dbc7cc94-1ec8-41e3-bae5-3deb3fe35f66-SegmentedRaftLogWorker:Storage Directory /workdir/hadoop-ozone/integration-test/target/test-dir/MiniOzoneClusterImpl-7fc07b7e-c81f-4adf-a353-408e6fc41966/datanode-0/data/ratis/7f247955-e218-41c7-bd72-fb5938277e07: created new log segment /workdir/hadoop-ozone/integration-test/target/test-dir/MiniOzoneClusterImpl-7fc07b7e-c81f-4adf-a353-408e6fc41966/datanode-0/data/ratis/7f247955-e218-41c7-bd72-fb5938277e07/current/log_inprogress_0
2019-09-19 11:15:49,477 [07ed7a64-68cb-4e20-b110-7a1d13cb9d05-SegmentedRaftLogWorker:Storage Directory /workdir/hadoop-ozone/integration-test/target/test-dir/MiniOzoneClusterImpl-7fc07b7e-c81f-4adf-a353-408e6fc41966/datanode-1/data/ratis/3da10acf-3485-4863-8878-7a8237bef261] INFO  segmented.SegmentedRaftLogWorker (SegmentedRaftLogWorker.java:execute(569)) - 07ed7a64-68cb-4e20-b110-7a1d13cb9d05-SegmentedRaftLogWorker:Storage Directory /workdir/hadoop-ozone/integration-test/target/test-dir/MiniOzoneClusterImpl-7fc07b7e-c81f-4adf-a353-408e6fc41966/datanode-1/data/ratis/3da10acf-3485-4863-8878-7a8237bef261: created new log segment /workdir/hadoop-ozone/integration-test/target/test-dir/MiniOzoneClusterImpl-7fc07b7e-c81f-4adf-a353-408e6fc41966/datanode-1/data/ratis/3da10acf-3485-4863-8878-7a8237bef261/current/log_inprogress_0
2019-09-19 11:15:49,479 [Thread-227] INFO  impl.FollowerState (FollowerState.java:run(106)) - 07ed7a64-68cb-4e20-b110-7a1d13cb9d05:group-84818ECB9947 changes to CANDIDATE, lastRpcTime:5080, electionTimeout:5080ms
2019-09-19 11:15:49,480 [Thread-227] INFO  impl.RoleInfo (RoleInfo.java:shutdownFollowerState(121)) - 07ed7a64-68cb-4e20-b110-7a1d13cb9d05: shutdown FollowerState
2019-09-19 11:15:49,480 [Thread-227] INFO  impl.RaftServerImpl (RaftServerImpl.java:setRole(171)) - 07ed7a64-68cb-4e20-b110-7a1d13cb9d05:group-84818ECB9947 changes role from FOLLOWER to CANDIDATE at term 0 for changeToCandidate
2019-09-19 11:15:49,480 [Thread-227] INFO  impl.RoleInfo (RoleInfo.java:updateAndGet(143)) - 07ed7a64-68cb-4e20-b110-7a1d13cb9d05: start LeaderElection
2019-09-19 11:15:49,500 [07ed7a64-68cb-4e20-b110-7a1d13cb9d05:group-84818ECB9947:LeaderElection17] INFO  impl.LeaderElection (LeaderElection.java:askForVotes(181)) - 07ed7a64-68cb-4e20-b110-7a1d13cb9d05:group-84818ECB9947:LeaderElection17: begin an election at term 1 for -1: [07ed7a64-68cb-4e20-b110-7a1d13cb9d05:192.168.157.226:33713], old=null
2019-09-19 11:15:49,501 [07ed7a64-68cb-4e20-b110-7a1d13cb9d05:group-84818ECB9947:LeaderElection17] INFO  impl.RoleInfo (RoleInfo.java:shutdownLeaderElection(134)) - 07ed7a64-68cb-4e20-b110-7a1d13cb9d05: shutdown LeaderElection
2019-09-19 11:15:49,501 [07ed7a64-68cb-4e20-b110-7a1d13cb9d05:group-84818ECB9947:LeaderElection17] INFO  impl.RaftServerImpl (RaftServerImpl.java:setRole(171)) - 07ed7a64-68cb-4e20-b110-7a1d13cb9d05:group-84818ECB9947 changes role from CANDIDATE to LEADER at term 1 for changeToLeader
2019-09-19 11:15:49,501 [07ed7a64-68cb-4e20-b110-7a1d13cb9d05:group-84818ECB9947:LeaderElection17] INFO  impl.RaftServerImpl (ServerState.java:setLeader(263)) - 07ed7a64-68cb-4e20-b110-7a1d13cb9d05:group-84818ECB9947 change Leader from null to 07ed7a64-68cb-4e20-b110-7a1d13cb9d05 at term 1 for becomeLeader, leader elected after 5108ms
2019-09-19 11:15:49,502 [07ed7a64-68cb-4e20-b110-7a1d13cb9d05:group-84818ECB9947:LeaderElection17] INFO  server.RaftServerConfigKeys (ConfUtils.java:logGet(43)) - raft.server.staging.catchup.gap = 1000 (default)
2019-09-19 11:15:49,502 [07ed7a64-68cb-4e20-b110-7a1d13cb9d05:group-84818ECB9947:LeaderElection17] INFO  server.RaftServerConfigKeys (ConfUtils.java:logGet(43)) - raft.server.rpc.sleep.time = 25ms (default)
2019-09-19 11:15:49,502 [07ed7a64-68cb-4e20-b110-7a1d13cb9d05:group-84818ECB9947:LeaderElection17] INFO  server.RaftServerConfigKeys (ConfUtils.java:logGet(43)) - raft.server.write.element-limit = 4096 (default)
2019-09-19 11:15:49,502 [07ed7a64-68cb-4e20-b110-7a1d13cb9d05:group-84818ECB9947:LeaderElection17] INFO  server.RaftServerConfigKeys (ConfUtils.java:logGet(43)) - raft.server.watch.timeout = 10s (default)
2019-09-19 11:15:49,502 [07ed7a64-68cb-4e20-b110-7a1d13cb9d05:group-84818ECB9947:LeaderElection17] INFO  server.RaftServerConfigKeys (ConfUtils.java:logGet(43)) - raft.server.watch.timeout.denomination = 1s (default)
2019-09-19 11:15:49,502 [07ed7a64-68cb-4e20-b110-7a1d13cb9d05:group-84818ECB9947:LeaderElection17] INFO  server.RaftServerConfigKeys (ConfUtils.java:logGet(43)) - raft.server.watch.element-limit = 65536 (default)
2019-09-19 11:15:49,503 [07ed7a64-68cb-4e20-b110-7a1d13cb9d05:group-84818ECB9947:LeaderElection17] INFO  impl.RoleInfo (RoleInfo.java:updateAndGet(143)) - 07ed7a64-68cb-4e20-b110-7a1d13cb9d05: start LeaderState
2019-09-19 11:15:49,503 [07ed7a64-68cb-4e20-b110-7a1d13cb9d05:group-84818ECB9947:LeaderElection17] INFO  segmented.SegmentedRaftLogWorker (SegmentedRaftLogWorker.java:startLogSegment(380)) - 07ed7a64-68cb-4e20-b110-7a1d13cb9d05-SegmentedRaftLogWorker:Storage Directory /workdir/hadoop-ozone/integration-test/target/test-dir/MiniOzoneClusterImpl-7fc07b7e-c81f-4adf-a353-408e6fc41966/datanode-1/data/ratis/39b7c350-2ef2-4329-83ce-84818ecb9947: Starting segment from index:0
2019-09-19 11:15:49,504 [07ed7a64-68cb-4e20-b110-7a1d13cb9d05:group-84818ECB9947:LeaderElection17] INFO  impl.RaftServerImpl (ServerState.java:setRaftConf(361)) - 07ed7a64-68cb-4e20-b110-7a1d13cb9d05:group-84818ECB9947 set configuration 0: [07ed7a64-68cb-4e20-b110-7a1d13cb9d05:192.168.157.226:33713], old=null at 0
2019-09-19 11:15:49,547 [07ed7a64-68cb-4e20-b110-7a1d13cb9d05-SegmentedRaftLogWorker:Storage Directory /workdir/hadoop-ozone/integration-test/target/test-dir/MiniOzoneClusterImpl-7fc07b7e-c81f-4adf-a353-408e6fc41966/datanode-1/data/ratis/39b7c350-2ef2-4329-83ce-84818ecb9947] INFO  segmented.SegmentedRaftLogWorker (SegmentedRaftLogWorker.java:execute(569)) - 07ed7a64-68cb-4e20-b110-7a1d13cb9d05-SegmentedRaftLogWorker:Storage Directory /workdir/hadoop-ozone/integration-test/target/test-dir/MiniOzoneClusterImpl-7fc07b7e-c81f-4adf-a353-408e6fc41966/datanode-1/data/ratis/39b7c350-2ef2-4329-83ce-84818ecb9947: created new log segment /workdir/hadoop-ozone/integration-test/target/test-dir/MiniOzoneClusterImpl-7fc07b7e-c81f-4adf-a353-408e6fc41966/datanode-1/data/ratis/39b7c350-2ef2-4329-83ce-84818ecb9947/current/log_inprogress_0
2019-09-19 11:15:49,563 [Thread-230] INFO  impl.FollowerState (FollowerState.java:run(106)) - 07ed7a64-68cb-4e20-b110-7a1d13cb9d05:group-49CACE3AC3A2 changes to CANDIDATE, lastRpcTime:5111, electionTimeout:5111ms
2019-09-19 11:15:49,563 [Thread-230] INFO  impl.RoleInfo (RoleInfo.java:shutdownFollowerState(121)) - 07ed7a64-68cb-4e20-b110-7a1d13cb9d05: shutdown FollowerState
2019-09-19 11:15:49,563 [Thread-230] INFO  impl.RaftServerImpl (RaftServerImpl.java:setRole(171)) - 07ed7a64-68cb-4e20-b110-7a1d13cb9d05:group-49CACE3AC3A2 changes role from FOLLOWER to CANDIDATE at term 0 for changeToCandidate
2019-09-19 11:15:49,563 [Thread-230] INFO  impl.RoleInfo (RoleInfo.java:updateAndGet(143)) - 07ed7a64-68cb-4e20-b110-7a1d13cb9d05: start LeaderElection
2019-09-19 11:15:49,580 [07ed7a64-68cb-4e20-b110-7a1d13cb9d05:group-49CACE3AC3A2:LeaderElection18] INFO  impl.LeaderElection (LeaderElection.java:askForVotes(181)) - 07ed7a64-68cb-4e20-b110-7a1d13cb9d05:group-49CACE3AC3A2:LeaderElection18: begin an election at term 1 for -1: [07ed7a64-68cb-4e20-b110-7a1d13cb9d05:192.168.157.226:33713], old=null
2019-09-19 11:15:49,582 [07ed7a64-68cb-4e20-b110-7a1d13cb9d05:group-49CACE3AC3A2:LeaderElection18] INFO  impl.RoleInfo (RoleInfo.java:shutdownLeaderElection(134)) - 07ed7a64-68cb-4e20-b110-7a1d13cb9d05: shutdown LeaderElection
2019-09-19 11:15:49,582 [07ed7a64-68cb-4e20-b110-7a1d13cb9d05:group-49CACE3AC3A2:LeaderElection18] INFO  impl.RaftServerImpl (RaftServerImpl.java:setRole(171)) - 07ed7a64-68cb-4e20-b110-7a1d13cb9d05:group-49CACE3AC3A2 changes role from CANDIDATE to LEADER at term 1 for changeToLeader
2019-09-19 11:15:49,582 [07ed7a64-68cb-4e20-b110-7a1d13cb9d05:group-49CACE3AC3A2:LeaderElection18] INFO  impl.RaftServerImpl (ServerState.java:setLeader(263)) - 07ed7a64-68cb-4e20-b110-7a1d13cb9d05:group-49CACE3AC3A2 change Leader from null to 07ed7a64-68cb-4e20-b110-7a1d13cb9d05 at term 1 for becomeLeader, leader elected after 5136ms
2019-09-19 11:15:49,582 [07ed7a64-68cb-4e20-b110-7a1d13cb9d05:group-49CACE3AC3A2:LeaderElection18] INFO  server.RaftServerConfigKeys (ConfUtils.java:logGet(43)) - raft.server.staging.catchup.gap = 1000 (default)
2019-09-19 11:15:49,582 [07ed7a64-68cb-4e20-b110-7a1d13cb9d05:group-49CACE3AC3A2:LeaderElection18] INFO  server.RaftServerConfigKeys (ConfUtils.java:logGet(43)) - raft.server.rpc.sleep.time = 25ms (default)
2019-09-19 11:15:49,582 [07ed7a64-68cb-4e20-b110-7a1d13cb9d05:group-49CACE3AC3A2:LeaderElection18] INFO  server.RaftServerConfigKeys (ConfUtils.java:logGet(43)) - raft.server.write.element-limit = 4096 (default)
2019-09-19 11:15:49,583 [07ed7a64-68cb-4e20-b110-7a1d13cb9d05:group-49CACE3AC3A2:LeaderElection18] INFO  server.RaftServerConfigKeys (ConfUtils.java:logGet(43)) - raft.server.watch.timeout = 10s (default)
2019-09-19 11:15:49,583 [07ed7a64-68cb-4e20-b110-7a1d13cb9d05:group-49CACE3AC3A2:LeaderElection18] INFO  server.RaftServerConfigKeys (ConfUtils.java:logGet(43)) - raft.server.watch.timeout.denomination = 1s (default)
2019-09-19 11:15:49,583 [07ed7a64-68cb-4e20-b110-7a1d13cb9d05:group-49CACE3AC3A2:LeaderElection18] INFO  server.RaftServerConfigKeys (ConfUtils.java:logGet(43)) - raft.server.watch.element-limit = 65536 (default)
2019-09-19 11:15:49,583 [07ed7a64-68cb-4e20-b110-7a1d13cb9d05:group-49CACE3AC3A2:LeaderElection18] INFO  impl.RoleInfo (RoleInfo.java:updateAndGet(143)) - 07ed7a64-68cb-4e20-b110-7a1d13cb9d05: start LeaderState
2019-09-19 11:15:49,583 [07ed7a64-68cb-4e20-b110-7a1d13cb9d05:group-49CACE3AC3A2:LeaderElection18] INFO  segmented.SegmentedRaftLogWorker (SegmentedRaftLogWorker.java:startLogSegment(380)) - 07ed7a64-68cb-4e20-b110-7a1d13cb9d05-SegmentedRaftLogWorker:Storage Directory /workdir/hadoop-ozone/integration-test/target/test-dir/MiniOzoneClusterImpl-7fc07b7e-c81f-4adf-a353-408e6fc41966/datanode-1/data/ratis/4e9eb80e-26bb-4e92-961d-49cace3ac3a2: Starting segment from index:0
2019-09-19 11:15:49,584 [07ed7a64-68cb-4e20-b110-7a1d13cb9d05:group-49CACE3AC3A2:LeaderElection18] INFO  impl.RaftServerImpl (ServerState.java:setRaftConf(361)) - 07ed7a64-68cb-4e20-b110-7a1d13cb9d05:group-49CACE3AC3A2 set configuration 0: [07ed7a64-68cb-4e20-b110-7a1d13cb9d05:192.168.157.226:33713], old=null at 0
2019-09-19 11:15:49,622 [07ed7a64-68cb-4e20-b110-7a1d13cb9d05-SegmentedRaftLogWorker:Storage Directory /workdir/hadoop-ozone/integration-test/target/test-dir/MiniOzoneClusterImpl-7fc07b7e-c81f-4adf-a353-408e6fc41966/datanode-1/data/ratis/4e9eb80e-26bb-4e92-961d-49cace3ac3a2] INFO  segmented.SegmentedRaftLogWorker (SegmentedRaftLogWorker.java:execute(569)) - 07ed7a64-68cb-4e20-b110-7a1d13cb9d05-SegmentedRaftLogWorker:Storage Directory /workdir/hadoop-ozone/integration-test/target/test-dir/MiniOzoneClusterImpl-7fc07b7e-c81f-4adf-a353-408e6fc41966/datanode-1/data/ratis/4e9eb80e-26bb-4e92-961d-49cace3ac3a2: created new log segment /workdir/hadoop-ozone/integration-test/target/test-dir/MiniOzoneClusterImpl-7fc07b7e-c81f-4adf-a353-408e6fc41966/datanode-1/data/ratis/4e9eb80e-26bb-4e92-961d-49cace3ac3a2/current/log_inprogress_0
2019-09-19 11:15:49,652 [main] INFO  ozoneimpl.OzoneContainer (OzoneContainer.java:stop(199)) - Attempting to stop container services.
2019-09-19 11:15:49,652 [ForkJoinPool.commonPool-worker-1] INFO  ozoneimpl.OzoneContainer (OzoneContainer.java:stop(199)) - Attempting to stop container services.
2019-09-19 11:15:49,654 [main] INFO  impl.RaftServerProxy (RaftServerProxy.java:lambda$close$4(314)) - 07ed7a64-68cb-4e20-b110-7a1d13cb9d05: close
2019-09-19 11:15:49,654 [ForkJoinPool.commonPool-worker-1] INFO  impl.RaftServerProxy (RaftServerProxy.java:lambda$close$4(314)) - dbc7cc94-1ec8-41e3-bae5-3deb3fe35f66: close
2019-09-19 11:15:49,656 [main] INFO  impl.RaftServerImpl (RaftServerImpl.java:lambda$shutdown$3(245)) - 07ed7a64-68cb-4e20-b110-7a1d13cb9d05: shutdown group-8E9D15669696
2019-09-19 11:15:49,656 [ForkJoinPool.commonPool-worker-1] INFO  impl.RaftServerImpl (RaftServerImpl.java:lambda$shutdown$3(245)) - dbc7cc94-1ec8-41e3-bae5-3deb3fe35f66: shutdown group-7F1F5242CFEF
2019-09-19 11:15:49,657 [main] INFO  util.JmxRegister (JmxRegister.java:unregister(73)) - Successfully un-registered JMX Bean with object name Ratis:service=RaftServer,group=group-8E9D15669696,id=07ed7a64-68cb-4e20-b110-7a1d13cb9d05
2019-09-19 11:15:49,657 [ForkJoinPool.commonPool-worker-1] INFO  util.JmxRegister (JmxRegister.java:unregister(73)) - Successfully un-registered JMX Bean with object name Ratis:service=RaftServer,group=group-7F1F5242CFEF,id=dbc7cc94-1ec8-41e3-bae5-3deb3fe35f66
2019-09-19 11:15:49,657 [main] INFO  impl.RoleInfo (RoleInfo.java:shutdownLeaderState(104)) - 07ed7a64-68cb-4e20-b110-7a1d13cb9d05: shutdown LeaderState
2019-09-19 11:15:49,657 [ForkJoinPool.commonPool-worker-1] INFO  impl.RoleInfo (RoleInfo.java:shutdownLeaderState(104)) - dbc7cc94-1ec8-41e3-bae5-3deb3fe35f66: shutdown LeaderState
2019-09-19 11:15:49,658 [main] INFO  impl.PendingRequests (PendingRequests.java:sendNotLeaderResponses(202)) - 07ed7a64-68cb-4e20-b110-7a1d13cb9d05-PendingRequests: sendNotLeaderResponses
2019-09-19 11:15:49,658 [ForkJoinPool.commonPool-worker-1] INFO  impl.PendingRequests (PendingRequests.java:sendNotLeaderResponses(202)) - dbc7cc94-1ec8-41e3-bae5-3deb3fe35f66-PendingRequests: sendNotLeaderResponses
2019-09-19 11:15:49,661 [main] INFO  impl.StateMachineUpdater (StateMachineUpdater.java:stopAndJoin(115)) - StateMachineUpdater:07ed7a64-68cb-4e20-b110-7a1d13cb9d05:group-8E9D15669696: set stopIndex = 0
2019-09-19 11:15:49,661 [ForkJoinPool.commonPool-worker-1] INFO  impl.StateMachineUpdater (StateMachineUpdater.java:stopAndJoin(115)) - StateMachineUpdater:dbc7cc94-1ec8-41e3-bae5-3deb3fe35f66:group-7F1F5242CFEF: set stopIndex = 0
2019-09-19 11:15:49,668 [main] INFO  impl.RaftServerImpl (ServerState.java:close(394)) - 07ed7a64-68cb-4e20-b110-7a1d13cb9d05:group-8E9D15669696 closes. The last applied log index is 0
2019-09-19 11:15:49,668 [ForkJoinPool.commonPool-worker-1] INFO  impl.RaftServerImpl (ServerState.java:close(394)) - dbc7cc94-1ec8-41e3-bae5-3deb3fe35f66:group-7F1F5242CFEF closes. The last applied log index is 0
2019-09-19 11:15:49,670 [dbc7cc94-1ec8-41e3-bae5-3deb3fe35f66-SegmentedRaftLogWorker:Storage Directory /workdir/hadoop-ozone/integration-test/target/test-dir/MiniOzoneClusterImpl-7fc07b7e-c81f-4adf-a353-408e6fc41966/datanode-0/data/ratis/9fcfdd6a-70db-40fe-9427-7f1f5242cfef] INFO  segmented.SegmentedRaftLogWorker (SegmentedRaftLogWorker.java:run(313)) - dbc7cc94-1ec8-41e3-bae5-3deb3fe35f66-SegmentedRaftLogWorker:Storage Directory /workdir/hadoop-ozone/integration-test/target/test-dir/MiniOzoneClusterImpl-7fc07b7e-c81f-4adf-a353-408e6fc41966/datanode-0/data/ratis/9fcfdd6a-70db-40fe-9427-7f1f5242cfef was interrupted, exiting. There are 0 tasks remaining in the queue.
2019-09-19 11:15:49,670 [07ed7a64-68cb-4e20-b110-7a1d13cb9d05-SegmentedRaftLogWorker:Storage Directory /workdir/hadoop-ozone/integration-test/target/test-dir/MiniOzoneClusterImpl-7fc07b7e-c81f-4adf-a353-408e6fc41966/datanode-1/data/ratis/de8e562b-b6db-4437-9642-8e9d15669696] INFO  segmented.SegmentedRaftLogWorker (SegmentedRaftLogWorker.java:run(313)) - 07ed7a64-68cb-4e20-b110-7a1d13cb9d05-SegmentedRaftLogWorker:Storage Directory /workdir/hadoop-ozone/integration-test/target/test-dir/MiniOzoneClusterImpl-7fc07b7e-c81f-4adf-a353-408e6fc41966/datanode-1/data/ratis/de8e562b-b6db-4437-9642-8e9d15669696 was interrupted, exiting. There are 0 tasks remaining in the queue.
2019-09-19 11:15:49,674 [ForkJoinPool.commonPool-worker-1] INFO  segmented.SegmentedRaftLogWorker (SegmentedRaftLogWorker.java:close(228)) - dbc7cc94-1ec8-41e3-bae5-3deb3fe35f66-SegmentedRaftLogWorker:Storage Directory /workdir/hadoop-ozone/integration-test/target/test-dir/MiniOzoneClusterImpl-7fc07b7e-c81f-4adf-a353-408e6fc41966/datanode-0/data/ratis/9fcfdd6a-70db-40fe-9427-7f1f5242cfef close()
2019-09-19 11:15:49,674 [main] INFO  segmented.SegmentedRaftLogWorker (SegmentedRaftLogWorker.java:close(228)) - 07ed7a64-68cb-4e20-b110-7a1d13cb9d05-SegmentedRaftLogWorker:Storage Directory /workdir/hadoop-ozone/integration-test/target/test-dir/MiniOzoneClusterImpl-7fc07b7e-c81f-4adf-a353-408e6fc41966/datanode-1/data/ratis/de8e562b-b6db-4437-9642-8e9d15669696 close()
2019-09-19 11:15:49,681 [ForkJoinPool.commonPool-worker-1] INFO  impl.RaftServerImpl (RaftServerImpl.java:lambda$shutdown$3(245)) - dbc7cc94-1ec8-41e3-bae5-3deb3fe35f66: shutdown group-FB5938277E07
2019-09-19 11:15:49,681 [main] INFO  impl.RaftServerImpl (RaftServerImpl.java:lambda$shutdown$3(245)) - 07ed7a64-68cb-4e20-b110-7a1d13cb9d05: shutdown group-49CACE3AC3A2
2019-09-19 11:15:49,681 [ForkJoinPool.commonPool-worker-1] INFO  util.JmxRegister (JmxRegister.java:unregister(73)) - Successfully un-registered JMX Bean with object name Ratis:service=RaftServer,group=group-FB5938277E07,id=dbc7cc94-1ec8-41e3-bae5-3deb3fe35f66
2019-09-19 11:15:49,681 [main] INFO  util.JmxRegister (JmxRegister.java:unregister(73)) - Successfully un-registered JMX Bean with object name Ratis:service=RaftServer,group=group-49CACE3AC3A2,id=07ed7a64-68cb-4e20-b110-7a1d13cb9d05
2019-09-19 11:15:49,681 [ForkJoinPool.commonPool-worker-1] INFO  impl.RoleInfo (RoleInfo.java:shutdownLeaderState(104)) - dbc7cc94-1ec8-41e3-bae5-3deb3fe35f66: shutdown LeaderState
2019-09-19 11:15:49,682 [main] INFO  impl.RoleInfo (RoleInfo.java:shutdownLeaderState(104)) - 07ed7a64-68cb-4e20-b110-7a1d13cb9d05: shutdown LeaderState
2019-09-19 11:15:49,682 [ForkJoinPool.commonPool-worker-1] INFO  impl.PendingRequests (PendingRequests.java:sendNotLeaderResponses(202)) - dbc7cc94-1ec8-41e3-bae5-3deb3fe35f66-PendingRequests: sendNotLeaderResponses
2019-09-19 11:15:49,682 [main] INFO  impl.PendingRequests (PendingRequests.java:sendNotLeaderResponses(202)) - 07ed7a64-68cb-4e20-b110-7a1d13cb9d05-PendingRequests: sendNotLeaderResponses
2019-09-19 11:15:49,682 [ForkJoinPool.commonPool-worker-1] INFO  impl.StateMachineUpdater (StateMachineUpdater.java:stopAndJoin(115)) - StateMachineUpdater:dbc7cc94-1ec8-41e3-bae5-3deb3fe35f66:group-FB5938277E07: set stopIndex = 0
2019-09-19 11:15:49,683 [main] INFO  impl.StateMachineUpdater (StateMachineUpdater.java:stopAndJoin(115)) - StateMachineUpdater:07ed7a64-68cb-4e20-b110-7a1d13cb9d05:group-49CACE3AC3A2: set stopIndex = 0
2019-09-19 11:15:49,683 [ForkJoinPool.commonPool-worker-1] INFO  impl.RaftServerImpl (ServerState.java:close(394)) - dbc7cc94-1ec8-41e3-bae5-3deb3fe35f66:group-FB5938277E07 closes. The last applied log index is 0
2019-09-19 11:15:49,683 [main] INFO  impl.RaftServerImpl (ServerState.java:close(394)) - 07ed7a64-68cb-4e20-b110-7a1d13cb9d05:group-49CACE3AC3A2 closes. The last applied log index is 0
2019-09-19 11:15:49,684 [dbc7cc94-1ec8-41e3-bae5-3deb3fe35f66-SegmentedRaftLogWorker:Storage Directory /workdir/hadoop-ozone/integration-test/target/test-dir/MiniOzoneClusterImpl-7fc07b7e-c81f-4adf-a353-408e6fc41966/datanode-0/data/ratis/7f247955-e218-41c7-bd72-fb5938277e07] INFO  segmented.SegmentedRaftLogWorker (SegmentedRaftLogWorker.java:run(313)) - dbc7cc94-1ec8-41e3-bae5-3deb3fe35f66-SegmentedRaftLogWorker:Storage Directory /workdir/hadoop-ozone/integration-test/target/test-dir/MiniOzoneClusterImpl-7fc07b7e-c81f-4adf-a353-408e6fc41966/datanode-0/data/ratis/7f247955-e218-41c7-bd72-fb5938277e07 was interrupted, exiting. There are 0 tasks remaining in the queue.
2019-09-19 11:15:49,684 [07ed7a64-68cb-4e20-b110-7a1d13cb9d05-SegmentedRaftLogWorker:Storage Directory /workdir/hadoop-ozone/integration-test/target/test-dir/MiniOzoneClusterImpl-7fc07b7e-c81f-4adf-a353-408e6fc41966/datanode-1/data/ratis/4e9eb80e-26bb-4e92-961d-49cace3ac3a2] INFO  segmented.SegmentedRaftLogWorker (SegmentedRaftLogWorker.java:run(313)) - 07ed7a64-68cb-4e20-b110-7a1d13cb9d05-SegmentedRaftLogWorker:Storage Directory /workdir/hadoop-ozone/integration-test/target/test-dir/MiniOzoneClusterImpl-7fc07b7e-c81f-4adf-a353-408e6fc41966/datanode-1/data/ratis/4e9eb80e-26bb-4e92-961d-49cace3ac3a2 was interrupted, exiting. There are 0 tasks remaining in the queue.
2019-09-19 11:15:49,685 [ForkJoinPool.commonPool-worker-1] INFO  segmented.SegmentedRaftLogWorker (SegmentedRaftLogWorker.java:close(228)) - dbc7cc94-1ec8-41e3-bae5-3deb3fe35f66-SegmentedRaftLogWorker:Storage Directory /workdir/hadoop-ozone/integration-test/target/test-dir/MiniOzoneClusterImpl-7fc07b7e-c81f-4adf-a353-408e6fc41966/datanode-0/data/ratis/7f247955-e218-41c7-bd72-fb5938277e07 close()
2019-09-19 11:15:49,686 [main] INFO  segmented.SegmentedRaftLogWorker (SegmentedRaftLogWorker.java:close(228)) - 07ed7a64-68cb-4e20-b110-7a1d13cb9d05-SegmentedRaftLogWorker:Storage Directory /workdir/hadoop-ozone/integration-test/target/test-dir/MiniOzoneClusterImpl-7fc07b7e-c81f-4adf-a353-408e6fc41966/datanode-1/data/ratis/4e9eb80e-26bb-4e92-961d-49cace3ac3a2 close()
2019-09-19 11:15:49,689 [ForkJoinPool.commonPool-worker-1] INFO  impl.RaftServerImpl (RaftServerImpl.java:lambda$shutdown$3(245)) - dbc7cc94-1ec8-41e3-bae5-3deb3fe35f66: shutdown group-3720A607D100
2019-09-19 11:15:49,691 [main] INFO  impl.RaftServerImpl (RaftServerImpl.java:lambda$shutdown$3(245)) - 07ed7a64-68cb-4e20-b110-7a1d13cb9d05: shutdown group-351BB6C721F7
2019-09-19 11:15:49,691 [ForkJoinPool.commonPool-worker-1] INFO  util.JmxRegister (JmxRegister.java:unregister(73)) - Successfully un-registered JMX Bean with object name Ratis:service=RaftServer,group=group-3720A607D100,id=dbc7cc94-1ec8-41e3-bae5-3deb3fe35f66
2019-09-19 11:15:49,691 [ForkJoinPool.commonPool-worker-1] INFO  impl.RoleInfo (RoleInfo.java:shutdownLeaderState(104)) - dbc7cc94-1ec8-41e3-bae5-3deb3fe35f66: shutdown LeaderState
2019-09-19 11:15:49,691 [main] INFO  util.JmxRegister (JmxRegister.java:unregister(73)) - Successfully un-registered JMX Bean with object name Ratis:service=RaftServer,group=group-351BB6C721F7,id=07ed7a64-68cb-4e20-b110-7a1d13cb9d05
2019-09-19 11:15:49,692 [ForkJoinPool.commonPool-worker-1] INFO  impl.PendingRequests (PendingRequests.java:sendNotLeaderResponses(202)) - dbc7cc94-1ec8-41e3-bae5-3deb3fe35f66-PendingRequests: sendNotLeaderResponses
2019-09-19 11:15:49,692 [main] INFO  impl.RoleInfo (RoleInfo.java:shutdownLeaderState(104)) - 07ed7a64-68cb-4e20-b110-7a1d13cb9d05: shutdown LeaderState
2019-09-19 11:15:49,692 [ForkJoinPool.commonPool-worker-1] INFO  impl.StateMachineUpdater (StateMachineUpdater.java:stopAndJoin(115)) - StateMachineUpdater:dbc7cc94-1ec8-41e3-bae5-3deb3fe35f66:group-3720A607D100: set stopIndex = 0
2019-09-19 11:15:49,693 [main] INFO  impl.PendingRequests (PendingRequests.java:sendNotLeaderResponses(202)) - 07ed7a64-68cb-4e20-b110-7a1d13cb9d05-PendingRequests: sendNotLeaderResponses
2019-09-19 11:15:49,693 [ForkJoinPool.commonPool-worker-1] INFO  impl.RaftServerImpl (ServerState.java:close(394)) - dbc7cc94-1ec8-41e3-bae5-3deb3fe35f66:group-3720A607D100 closes. The last applied log index is 0
2019-09-19 11:15:49,693 [main] INFO  impl.StateMachineUpdater (StateMachineUpdater.java:stopAndJoin(115)) - StateMachineUpdater:07ed7a64-68cb-4e20-b110-7a1d13cb9d05:group-351BB6C721F7: set stopIndex = 0
2019-09-19 11:15:49,693 [dbc7cc94-1ec8-41e3-bae5-3deb3fe35f66-SegmentedRaftLogWorker:Storage Directory /workdir/hadoop-ozone/integration-test/target/test-dir/MiniOzoneClusterImpl-7fc07b7e-c81f-4adf-a353-408e6fc41966/datanode-0/data/ratis/ddfe96df-314c-41cb-a922-3720a607d100] INFO  segmented.SegmentedRaftLogWorker (SegmentedRaftLogWorker.java:run(313)) - dbc7cc94-1ec8-41e3-bae5-3deb3fe35f66-SegmentedRaftLogWorker:Storage Directory /workdir/hadoop-ozone/integration-test/target/test-dir/MiniOzoneClusterImpl-7fc07b7e-c81f-4adf-a353-408e6fc41966/datanode-0/data/ratis/ddfe96df-314c-41cb-a922-3720a607d100 was interrupted, exiting. There are 0 tasks remaining in the queue.
2019-09-19 11:15:49,694 [main] INFO  impl.RaftServerImpl (ServerState.java:close(394)) - 07ed7a64-68cb-4e20-b110-7a1d13cb9d05:group-351BB6C721F7 closes. The last applied log index is 0
2019-09-19 11:15:49,695 [ForkJoinPool.commonPool-worker-1] INFO  segmented.SegmentedRaftLogWorker (SegmentedRaftLogWorker.java:close(228)) - dbc7cc94-1ec8-41e3-bae5-3deb3fe35f66-SegmentedRaftLogWorker:Storage Directory /workdir/hadoop-ozone/integration-test/target/test-dir/MiniOzoneClusterImpl-7fc07b7e-c81f-4adf-a353-408e6fc41966/datanode-0/data/ratis/ddfe96df-314c-41cb-a922-3720a607d100 close()
2019-09-19 11:15:49,695 [07ed7a64-68cb-4e20-b110-7a1d13cb9d05-SegmentedRaftLogWorker:Storage Directory /workdir/hadoop-ozone/integration-test/target/test-dir/MiniOzoneClusterImpl-7fc07b7e-c81f-4adf-a353-408e6fc41966/datanode-1/data/ratis/fa3edc7d-88f1-496e-9960-351bb6c721f7] INFO  segmented.SegmentedRaftLogWorker (SegmentedRaftLogWorker.java:run(313)) - 07ed7a64-68cb-4e20-b110-7a1d13cb9d05-SegmentedRaftLogWorker:Storage Directory /workdir/hadoop-ozone/integration-test/target/test-dir/MiniOzoneClusterImpl-7fc07b7e-c81f-4adf-a353-408e6fc41966/datanode-1/data/ratis/fa3edc7d-88f1-496e-9960-351bb6c721f7 was interrupted, exiting. There are 0 tasks remaining in the queue.
2019-09-19 11:15:49,697 [ForkJoinPool.commonPool-worker-1] INFO  impl.RaftServerImpl (RaftServerImpl.java:lambda$shutdown$3(245)) - dbc7cc94-1ec8-41e3-bae5-3deb3fe35f66: shutdown group-3169181D30F1
2019-09-19 11:15:49,697 [main] INFO  segmented.SegmentedRaftLogWorker (SegmentedRaftLogWorker.java:close(228)) - 07ed7a64-68cb-4e20-b110-7a1d13cb9d05-SegmentedRaftLogWorker:Storage Directory /workdir/hadoop-ozone/integration-test/target/test-dir/MiniOzoneClusterImpl-7fc07b7e-c81f-4adf-a353-408e6fc41966/datanode-1/data/ratis/fa3edc7d-88f1-496e-9960-351bb6c721f7 close()
2019-09-19 11:15:49,697 [ForkJoinPool.commonPool-worker-1] INFO  util.JmxRegister (JmxRegister.java:unregister(73)) - Successfully un-registered JMX Bean with object name Ratis:service=RaftServer,group=group-3169181D30F1,id=dbc7cc94-1ec8-41e3-bae5-3deb3fe35f66
2019-09-19 11:15:49,699 [ForkJoinPool.commonPool-worker-1] INFO  impl.RoleInfo (RoleInfo.java:shutdownLeaderState(104)) - dbc7cc94-1ec8-41e3-bae5-3deb3fe35f66: shutdown LeaderState
2019-09-19 11:15:49,699 [main] INFO  impl.RaftServerImpl (RaftServerImpl.java:lambda$shutdown$3(245)) - 07ed7a64-68cb-4e20-b110-7a1d13cb9d05: shutdown group-5FCCF2A26829
2019-09-19 11:15:49,699 [ForkJoinPool.commonPool-worker-1] INFO  impl.PendingRequests (PendingRequests.java:sendNotLeaderResponses(202)) - dbc7cc94-1ec8-41e3-bae5-3deb3fe35f66-PendingRequests: sendNotLeaderResponses
2019-09-19 11:15:49,700 [main] INFO  util.JmxRegister (JmxRegister.java:unregister(73)) - Successfully un-registered JMX Bean with object name Ratis:service=RaftServer,group=group-5FCCF2A26829,id=07ed7a64-68cb-4e20-b110-7a1d13cb9d05
2019-09-19 11:15:49,700 [ForkJoinPool.commonPool-worker-1] INFO  impl.StateMachineUpdater (StateMachineUpdater.java:stopAndJoin(115)) - StateMachineUpdater:dbc7cc94-1ec8-41e3-bae5-3deb3fe35f66:group-3169181D30F1: set stopIndex = 0
2019-09-19 11:15:49,700 [main] INFO  impl.RoleInfo (RoleInfo.java:shutdownLeaderState(104)) - 07ed7a64-68cb-4e20-b110-7a1d13cb9d05: shutdown LeaderState
2019-09-19 11:15:49,700 [ForkJoinPool.commonPool-worker-1] INFO  impl.RaftServerImpl (ServerState.java:close(394)) - dbc7cc94-1ec8-41e3-bae5-3deb3fe35f66:group-3169181D30F1 closes. The last applied log index is 0
2019-09-19 11:15:49,701 [main] INFO  impl.PendingRequests (PendingRequests.java:sendNotLeaderResponses(202)) - 07ed7a64-68cb-4e20-b110-7a1d13cb9d05-PendingRequests: sendNotLeaderResponses
2019-09-19 11:15:49,701 [dbc7cc94-1ec8-41e3-bae5-3deb3fe35f66-SegmentedRaftLogWorker:Storage Directory /workdir/hadoop-ozone/integration-test/target/test-dir/MiniOzoneClusterImpl-7fc07b7e-c81f-4adf-a353-408e6fc41966/datanode-0/data/ratis/a71ce60f-b538-48c5-8cf0-3169181d30f1] INFO  segmented.SegmentedRaftLogWorker (SegmentedRaftLogWorker.java:run(313)) - dbc7cc94-1ec8-41e3-bae5-3deb3fe35f66-SegmentedRaftLogWorker:Storage Directory /workdir/hadoop-ozone/integration-test/target/test-dir/MiniOzoneClusterImpl-7fc07b7e-c81f-4adf-a353-408e6fc41966/datanode-0/data/ratis/a71ce60f-b538-48c5-8cf0-3169181d30f1 was interrupted, exiting. There are 0 tasks remaining in the queue.
2019-09-19 11:15:49,702 [main] INFO  impl.StateMachineUpdater (StateMachineUpdater.java:stopAndJoin(115)) - StateMachineUpdater:07ed7a64-68cb-4e20-b110-7a1d13cb9d05:group-5FCCF2A26829: set stopIndex = 0
2019-09-19 11:15:49,702 [ForkJoinPool.commonPool-worker-1] INFO  segmented.SegmentedRaftLogWorker (SegmentedRaftLogWorker.java:close(228)) - dbc7cc94-1ec8-41e3-bae5-3deb3fe35f66-SegmentedRaftLogWorker:Storage Directory /workdir/hadoop-ozone/integration-test/target/test-dir/MiniOzoneClusterImpl-7fc07b7e-c81f-4adf-a353-408e6fc41966/datanode-0/data/ratis/a71ce60f-b538-48c5-8cf0-3169181d30f1 close()
2019-09-19 11:15:49,702 [main] INFO  impl.RaftServerImpl (ServerState.java:close(394)) - 07ed7a64-68cb-4e20-b110-7a1d13cb9d05:group-5FCCF2A26829 closes. The last applied log index is 0
2019-09-19 11:15:49,704 [ForkJoinPool.commonPool-worker-1] INFO  impl.RaftServerImpl (RaftServerImpl.java:lambda$shutdown$3(245)) - dbc7cc94-1ec8-41e3-bae5-3deb3fe35f66: shutdown group-D58BA1B917D5
2019-09-19 11:15:49,704 [07ed7a64-68cb-4e20-b110-7a1d13cb9d05-SegmentedRaftLogWorker:Storage Directory /workdir/hadoop-ozone/integration-test/target/test-dir/MiniOzoneClusterImpl-7fc07b7e-c81f-4adf-a353-408e6fc41966/datanode-1/data/ratis/2e400e4f-7173-45ed-a65b-5fccf2a26829] INFO  segmented.SegmentedRaftLogWorker (SegmentedRaftLogWorker.java:run(313)) - 07ed7a64-68cb-4e20-b110-7a1d13cb9d05-SegmentedRaftLogWorker:Storage Directory /workdir/hadoop-ozone/integration-test/target/test-dir/MiniOzoneClusterImpl-7fc07b7e-c81f-4adf-a353-408e6fc41966/datanode-1/data/ratis/2e400e4f-7173-45ed-a65b-5fccf2a26829 was interrupted, exiting. There are 0 tasks remaining in the queue.
2019-09-19 11:15:49,704 [ForkJoinPool.commonPool-worker-1] INFO  util.JmxRegister (JmxRegister.java:unregister(73)) - Successfully un-registered JMX Bean with object name Ratis:service=RaftServer,group=group-D58BA1B917D5,id=dbc7cc94-1ec8-41e3-bae5-3deb3fe35f66
2019-09-19 11:15:49,705 [main] INFO  segmented.SegmentedRaftLogWorker (SegmentedRaftLogWorker.java:close(228)) - 07ed7a64-68cb-4e20-b110-7a1d13cb9d05-SegmentedRaftLogWorker:Storage Directory /workdir/hadoop-ozone/integration-test/target/test-dir/MiniOzoneClusterImpl-7fc07b7e-c81f-4adf-a353-408e6fc41966/datanode-1/data/ratis/2e400e4f-7173-45ed-a65b-5fccf2a26829 close()
2019-09-19 11:15:49,705 [ForkJoinPool.commonPool-worker-1] INFO  impl.RoleInfo (RoleInfo.java:shutdownLeaderState(104)) - dbc7cc94-1ec8-41e3-bae5-3deb3fe35f66: shutdown LeaderState
2019-09-19 11:15:49,707 [main] INFO  impl.RaftServerImpl (RaftServerImpl.java:lambda$shutdown$3(245)) - 07ed7a64-68cb-4e20-b110-7a1d13cb9d05: shutdown group-7A8237BEF261
2019-09-19 11:15:49,707 [ForkJoinPool.commonPool-worker-1] INFO  impl.PendingRequests (PendingRequests.java:sendNotLeaderResponses(202)) - dbc7cc94-1ec8-41e3-bae5-3deb3fe35f66-PendingRequests: sendNotLeaderResponses
2019-09-19 11:15:49,707 [main] INFO  util.JmxRegister (JmxRegister.java:unregister(73)) - Successfully un-registered JMX Bean with object name Ratis:service=RaftServer,group=group-7A8237BEF261,id=07ed7a64-68cb-4e20-b110-7a1d13cb9d05
2019-09-19 11:15:49,708 [ForkJoinPool.commonPool-worker-1] INFO  impl.StateMachineUpdater (StateMachineUpdater.java:stopAndJoin(115)) - StateMachineUpdater:dbc7cc94-1ec8-41e3-bae5-3deb3fe35f66:group-D58BA1B917D5: set stopIndex = 0
2019-09-19 11:15:49,708 [main] INFO  impl.RoleInfo (RoleInfo.java:shutdownLeaderState(104)) - 07ed7a64-68cb-4e20-b110-7a1d13cb9d05: shutdown LeaderState
2019-09-19 11:15:49,708 [ForkJoinPool.commonPool-worker-1] INFO  impl.RaftServerImpl (ServerState.java:close(394)) - dbc7cc94-1ec8-41e3-bae5-3deb3fe35f66:group-D58BA1B917D5 closes. The last applied log index is 0
2019-09-19 11:15:49,708 [main] INFO  impl.PendingRequests (PendingRequests.java:sendNotLeaderResponses(202)) - 07ed7a64-68cb-4e20-b110-7a1d13cb9d05-PendingRequests: sendNotLeaderResponses
2019-09-19 11:15:49,709 [dbc7cc94-1ec8-41e3-bae5-3deb3fe35f66-SegmentedRaftLogWorker:Storage Directory /workdir/hadoop-ozone/integration-test/target/test-dir/MiniOzoneClusterImpl-7fc07b7e-c81f-4adf-a353-408e6fc41966/datanode-0/data/ratis/164891aa-a3b9-4806-8bb7-d58ba1b917d5] INFO  segmented.SegmentedRaftLogWorker (SegmentedRaftLogWorker.java:run(313)) - dbc7cc94-1ec8-41e3-bae5-3deb3fe35f66-SegmentedRaftLogWorker:Storage Directory /workdir/hadoop-ozone/integration-test/target/test-dir/MiniOzoneClusterImpl-7fc07b7e-c81f-4adf-a353-408e6fc41966/datanode-0/data/ratis/164891aa-a3b9-4806-8bb7-d58ba1b917d5 was interrupted, exiting. There are 0 tasks remaining in the queue.
2019-09-19 11:15:49,709 [main] INFO  impl.StateMachineUpdater (StateMachineUpdater.java:stopAndJoin(115)) - StateMachineUpdater:07ed7a64-68cb-4e20-b110-7a1d13cb9d05:group-7A8237BEF261: set stopIndex = 0
2019-09-19 11:15:49,710 [ForkJoinPool.commonPool-worker-1] INFO  segmented.SegmentedRaftLogWorker (SegmentedRaftLogWorker.java:close(228)) - dbc7cc94-1ec8-41e3-bae5-3deb3fe35f66-SegmentedRaftLogWorker:Storage Directory /workdir/hadoop-ozone/integration-test/target/test-dir/MiniOzoneClusterImpl-7fc07b7e-c81f-4adf-a353-408e6fc41966/datanode-0/data/ratis/164891aa-a3b9-4806-8bb7-d58ba1b917d5 close()
2019-09-19 11:15:49,710 [main] INFO  impl.RaftServerImpl (ServerState.java:close(394)) - 07ed7a64-68cb-4e20-b110-7a1d13cb9d05:group-7A8237BEF261 closes. The last applied log index is 0
2019-09-19 11:15:49,711 [ForkJoinPool.commonPool-worker-1] INFO  impl.RaftServerImpl (RaftServerImpl.java:lambda$shutdown$3(245)) - dbc7cc94-1ec8-41e3-bae5-3deb3fe35f66: shutdown group-9949EFF41E60
2019-09-19 11:15:49,712 [07ed7a64-68cb-4e20-b110-7a1d13cb9d05-SegmentedRaftLogWorker:Storage Directory /workdir/hadoop-ozone/integration-test/target/test-dir/MiniOzoneClusterImpl-7fc07b7e-c81f-4adf-a353-408e6fc41966/datanode-1/data/ratis/3da10acf-3485-4863-8878-7a8237bef261] INFO  segmented.SegmentedRaftLogWorker (SegmentedRaftLogWorker.java:run(313)) - 07ed7a64-68cb-4e20-b110-7a1d13cb9d05-SegmentedRaftLogWorker:Storage Directory /workdir/hadoop-ozone/integration-test/target/test-dir/MiniOzoneClusterImpl-7fc07b7e-c81f-4adf-a353-408e6fc41966/datanode-1/data/ratis/3da10acf-3485-4863-8878-7a8237bef261 was interrupted, exiting. There are 0 tasks remaining in the queue.
2019-09-19 11:15:49,712 [ForkJoinPool.commonPool-worker-1] INFO  util.JmxRegister (JmxRegister.java:unregister(73)) - Successfully un-registered JMX Bean with object name Ratis:service=RaftServer,group=group-9949EFF41E60,id=dbc7cc94-1ec8-41e3-bae5-3deb3fe35f66
2019-09-19 11:15:49,713 [main] INFO  segmented.SegmentedRaftLogWorker (SegmentedRaftLogWorker.java:close(228)) - 07ed7a64-68cb-4e20-b110-7a1d13cb9d05-SegmentedRaftLogWorker:Storage Directory /workdir/hadoop-ozone/integration-test/target/test-dir/MiniOzoneClusterImpl-7fc07b7e-c81f-4adf-a353-408e6fc41966/datanode-1/data/ratis/3da10acf-3485-4863-8878-7a8237bef261 close()
2019-09-19 11:15:49,713 [ForkJoinPool.commonPool-worker-1] INFO  impl.RoleInfo (RoleInfo.java:shutdownLeaderState(104)) - dbc7cc94-1ec8-41e3-bae5-3deb3fe35f66: shutdown LeaderState
2019-09-19 11:15:49,717 [main] INFO  impl.RaftServerImpl (RaftServerImpl.java:lambda$shutdown$3(245)) - 07ed7a64-68cb-4e20-b110-7a1d13cb9d05: shutdown group-84818ECB9947
2019-09-19 11:15:49,717 [ForkJoinPool.commonPool-worker-1] INFO  impl.PendingRequests (PendingRequests.java:sendNotLeaderResponses(202)) - dbc7cc94-1ec8-41e3-bae5-3deb3fe35f66-PendingRequests: sendNotLeaderResponses
2019-09-19 11:15:49,717 [main] INFO  util.JmxRegister (JmxRegister.java:unregister(73)) - Successfully un-registered JMX Bean with object name Ratis:service=RaftServer,group=group-84818ECB9947,id=07ed7a64-68cb-4e20-b110-7a1d13cb9d05
2019-09-19 11:15:49,718 [ForkJoinPool.commonPool-worker-1] INFO  impl.StateMachineUpdater (StateMachineUpdater.java:stopAndJoin(115)) - StateMachineUpdater:dbc7cc94-1ec8-41e3-bae5-3deb3fe35f66:group-9949EFF41E60: set stopIndex = 0
2019-09-19 11:15:49,718 [main] INFO  impl.RoleInfo (RoleInfo.java:shutdownLeaderState(104)) - 07ed7a64-68cb-4e20-b110-7a1d13cb9d05: shutdown LeaderState
2019-09-19 11:15:49,718 [ForkJoinPool.commonPool-worker-1] INFO  impl.RaftServerImpl (ServerState.java:close(394)) - dbc7cc94-1ec8-41e3-bae5-3deb3fe35f66:group-9949EFF41E60 closes. The last applied log index is 0
2019-09-19 11:15:49,718 [main] INFO  impl.PendingRequests (PendingRequests.java:sendNotLeaderResponses(202)) - 07ed7a64-68cb-4e20-b110-7a1d13cb9d05-PendingRequests: sendNotLeaderResponses
2019-09-19 11:15:49,718 [dbc7cc94-1ec8-41e3-bae5-3deb3fe35f66-SegmentedRaftLogWorker:Storage Directory /workdir/hadoop-ozone/integration-test/target/test-dir/MiniOzoneClusterImpl-7fc07b7e-c81f-4adf-a353-408e6fc41966/datanode-0/data/ratis/a0479f68-2d8a-4921-8286-9949eff41e60] INFO  segmented.SegmentedRaftLogWorker (SegmentedRaftLogWorker.java:run(313)) - dbc7cc94-1ec8-41e3-bae5-3deb3fe35f66-SegmentedRaftLogWorker:Storage Directory /workdir/hadoop-ozone/integration-test/target/test-dir/MiniOzoneClusterImpl-7fc07b7e-c81f-4adf-a353-408e6fc41966/datanode-0/data/ratis/a0479f68-2d8a-4921-8286-9949eff41e60 was interrupted, exiting. There are 0 tasks remaining in the queue.
2019-09-19 11:15:49,719 [main] INFO  impl.StateMachineUpdater (StateMachineUpdater.java:stopAndJoin(115)) - StateMachineUpdater:07ed7a64-68cb-4e20-b110-7a1d13cb9d05:group-84818ECB9947: set stopIndex = 0
2019-09-19 11:15:49,719 [main] INFO  impl.RaftServerImpl (ServerState.java:close(394)) - 07ed7a64-68cb-4e20-b110-7a1d13cb9d05:group-84818ECB9947 closes. The last applied log index is 0
2019-09-19 11:15:49,719 [ForkJoinPool.commonPool-worker-1] INFO  segmented.SegmentedRaftLogWorker (SegmentedRaftLogWorker.java:close(228)) - dbc7cc94-1ec8-41e3-bae5-3deb3fe35f66-SegmentedRaftLogWorker:Storage Directory /workdir/hadoop-ozone/integration-test/target/test-dir/MiniOzoneClusterImpl-7fc07b7e-c81f-4adf-a353-408e6fc41966/datanode-0/data/ratis/a0479f68-2d8a-4921-8286-9949eff41e60 close()
2019-09-19 11:15:49,719 [07ed7a64-68cb-4e20-b110-7a1d13cb9d05-SegmentedRaftLogWorker:Storage Directory /workdir/hadoop-ozone/integration-test/target/test-dir/MiniOzoneClusterImpl-7fc07b7e-c81f-4adf-a353-408e6fc41966/datanode-1/data/ratis/39b7c350-2ef2-4329-83ce-84818ecb9947] INFO  segmented.SegmentedRaftLogWorker (SegmentedRaftLogWorker.java:run(313)) - 07ed7a64-68cb-4e20-b110-7a1d13cb9d05-SegmentedRaftLogWorker:Storage Directory /workdir/hadoop-ozone/integration-test/target/test-dir/MiniOzoneClusterImpl-7fc07b7e-c81f-4adf-a353-408e6fc41966/datanode-1/data/ratis/39b7c350-2ef2-4329-83ce-84818ecb9947 was interrupted, exiting. There are 0 tasks remaining in the queue.
2019-09-19 11:15:49,720 [main] INFO  segmented.SegmentedRaftLogWorker (SegmentedRaftLogWorker.java:close(228)) - 07ed7a64-68cb-4e20-b110-7a1d13cb9d05-SegmentedRaftLogWorker:Storage Directory /workdir/hadoop-ozone/integration-test/target/test-dir/MiniOzoneClusterImpl-7fc07b7e-c81f-4adf-a353-408e6fc41966/datanode-1/data/ratis/39b7c350-2ef2-4329-83ce-84818ecb9947 close()
2019-09-19 11:15:49,721 [ForkJoinPool.commonPool-worker-1] INFO  server.GrpcService (GrpcService.java:closeImpl(155)) - dbc7cc94-1ec8-41e3-bae5-3deb3fe35f66: shutdown server with port 39716 now
2019-09-19 11:15:49,721 [main] INFO  server.GrpcService (GrpcService.java:closeImpl(155)) - 07ed7a64-68cb-4e20-b110-7a1d13cb9d05: shutdown server with port 33713 now
2019-09-19 11:15:49,723 [ForkJoinPool.commonPool-worker-1] INFO  server.GrpcService (GrpcService.java:closeImpl(163)) - dbc7cc94-1ec8-41e3-bae5-3deb3fe35f66: shutdown server with port 39716 successfully
2019-09-19 11:15:49,724 [main] INFO  server.GrpcService (GrpcService.java:closeImpl(163)) - 07ed7a64-68cb-4e20-b110-7a1d13cb9d05: shutdown server with port 33713 successfully
2019-09-19 11:15:49,727 [ForkJoinPool.commonPool-worker-1] INFO  utils.BackgroundService (BackgroundService.java:shutdown(148)) - Shutting down service BlockDeletingService
2019-09-19 11:15:49,730 [main] INFO  utils.BackgroundService (BackgroundService.java:shutdown(148)) - Shutting down service BlockDeletingService
2019-09-19 11:15:49,733 [refreshUsed-/workdir/hadoop-ozone/integration-test/target/test-dir/MiniOzoneClusterImpl-7fc07b7e-c81f-4adf-a353-408e6fc41966/datanode-1/data/containers] WARN  fs.CachingGetSpaceUsed (CachingGetSpaceUsed.java:run(183)) - Thread Interrupted waiting to refresh disk information: sleep interrupted
2019-09-19 11:15:49,733 [refreshUsed-/workdir/hadoop-ozone/integration-test/target/test-dir/MiniOzoneClusterImpl-7fc07b7e-c81f-4adf-a353-408e6fc41966/datanode-0/data/containers] WARN  fs.CachingGetSpaceUsed (CachingGetSpaceUsed.java:run(183)) - Thread Interrupted waiting to refresh disk information: sleep interrupted
2019-09-19 11:15:49,749 [ForkJoinPool.commonPool-worker-1] INFO  statemachine.DatanodeStateMachine (DatanodeStateMachine.java:stopDaemon(395)) - Ozone container server stopped.
2019-09-19 11:15:49,754 [main] INFO  statemachine.DatanodeStateMachine (DatanodeStateMachine.java:stopDaemon(395)) - Ozone container server stopped.
2019-09-19 11:15:49,755 [main] INFO  handler.ContextHandler (ContextHandler.java:doStop(910)) - Stopped o.e.j.w.WebAppContext@7cf63b9a{/,null,UNAVAILABLE}{/hddsDatanode}
2019-09-19 11:15:49,756 [main] INFO  server.AbstractConnector (AbstractConnector.java:doStop(318)) - Stopped ServerConnector@4776e209{HTTP/1.1,[http/1.1]}{0.0.0.0:0}
2019-09-19 11:15:49,756 [main] INFO  handler.ContextHandler (ContextHandler.java:doStop(910)) - Stopped o.e.j.s.ServletContextHandler@44f0ff2b{/static,jar:file:/home/user/.m2/repository/org/apache/hadoop/hadoop-hdds-container-service/0.5.0-SNAPSHOT/hadoop-hdds-container-service-0.5.0-SNAPSHOT.jar!/webapps/static,UNAVAILABLE}
2019-09-19 11:15:49,757 [main] INFO  handler.ContextHandler (ContextHandler.java:doStop(910)) - Stopped o.e.j.s.ServletContextHandler@4bf03fee{/logs,file:///workdir/hadoop-ozone/integration-test/target/log,UNAVAILABLE}
2019-09-19 11:15:49,757 [main] INFO  datanode.ObjectStoreHandler (ObjectStoreHandler.java:close(155)) - Closing ObjectStoreHandler.
2019-09-19 11:15:49,758 [main] INFO  ozone.HddsDatanodeService (HddsDatanodeService.java:stop(451)) - Stopped plug-in org.apache.hadoop.ozone.web.OzoneHddsDatanodeService@4837f97e
2019-09-19 11:15:50,025 [Datanode State Machine Thread - 0] INFO  statemachine.DatanodeStateMachine (DatanodeStateMachine.java:lambda$startDaemon$0(350)) - Ozone container server started.
2019-09-19 11:15:50,453 [ForkJoinPool.commonPool-worker-1] INFO  handler.ContextHandler (ContextHandler.java:doStop(910)) - Stopped o.e.j.w.WebAppContext@58ba5b30{/,null,UNAVAILABLE}{/hddsDatanode}
2019-09-19 11:15:50,455 [ForkJoinPool.commonPool-worker-1] INFO  server.AbstractConnector (AbstractConnector.java:doStop(318)) - Stopped ServerConnector@4dba773d{HTTP/1.1,[http/1.1]}{0.0.0.0:0}
2019-09-19 11:15:50,456 [ForkJoinPool.commonPool-worker-1] INFO  handler.ContextHandler (ContextHandler.java:doStop(910)) - Stopped o.e.j.s.ServletContextHandler@1dc3502b{/static,jar:file:/home/user/.m2/repository/org/apache/hadoop/hadoop-hdds-container-service/0.5.0-SNAPSHOT/hadoop-hdds-container-service-0.5.0-SNAPSHOT.jar!/webapps/static,UNAVAILABLE}
2019-09-19 11:15:50,457 [ForkJoinPool.commonPool-worker-1] INFO  handler.ContextHandler (ContextHandler.java:doStop(910)) - Stopped o.e.j.s.ServletContextHandler@561b7d53{/logs,file:///workdir/hadoop-ozone/integration-test/target/log,UNAVAILABLE}
2019-09-19 11:15:54,759 [main] INFO  ozoneimpl.OzoneContainer (OzoneContainer.java:stop(199)) - Attempting to stop container services.
2019-09-19 11:15:54,760 [main] INFO  impl.RaftServerProxy (RaftServerProxy.java:lambda$close$4(314)) - 6d9635c1-82f6-4958-89b3-6bc3e98b3bf9: close
2019-09-19 11:15:54,761 [main] INFO  impl.RaftServerImpl (RaftServerImpl.java:lambda$shutdown$3(245)) - 6d9635c1-82f6-4958-89b3-6bc3e98b3bf9: shutdown group-56F3850EDFAC
2019-09-19 11:15:54,761 [ForkJoinPool.commonPool-worker-0] INFO  impl.RaftServerImpl (RaftServerImpl.java:lambda$shutdown$3(245)) - 6d9635c1-82f6-4958-89b3-6bc3e98b3bf9: shutdown group-6A8D77CA18C7
2019-09-19 11:15:54,762 [main] INFO  util.JmxRegister (JmxRegister.java:unregister(73)) - Successfully un-registered JMX Bean with object name Ratis:service=RaftServer,group=group-56F3850EDFAC,id=6d9635c1-82f6-4958-89b3-6bc3e98b3bf9
2019-09-19 11:15:54,762 [ForkJoinPool.commonPool-worker-0] INFO  util.JmxRegister (JmxRegister.java:unregister(73)) - Successfully un-registered JMX Bean with object name Ratis:service=RaftServer,group=group-6A8D77CA18C7,id=6d9635c1-82f6-4958-89b3-6bc3e98b3bf9
2019-09-19 11:15:54,762 [main] INFO  impl.RoleInfo (RoleInfo.java:shutdownLeaderState(104)) - 6d9635c1-82f6-4958-89b3-6bc3e98b3bf9: shutdown LeaderState
2019-09-19 11:15:54,763 [ForkJoinPool.commonPool-worker-0] INFO  impl.RoleInfo (RoleInfo.java:shutdownLeaderState(104)) - 6d9635c1-82f6-4958-89b3-6bc3e98b3bf9: shutdown LeaderState
2019-09-19 11:15:54,763 [main] INFO  impl.PendingRequests (PendingRequests.java:sendNotLeaderResponses(202)) - 6d9635c1-82f6-4958-89b3-6bc3e98b3bf9-PendingRequests: sendNotLeaderResponses
2019-09-19 11:15:54,763 [ForkJoinPool.commonPool-worker-0] INFO  impl.PendingRequests (PendingRequests.java:sendNotLeaderResponses(202)) - 6d9635c1-82f6-4958-89b3-6bc3e98b3bf9-PendingRequests: sendNotLeaderResponses
2019-09-19 11:15:54,764 [main] INFO  impl.StateMachineUpdater (StateMachineUpdater.java:stopAndJoin(115)) - StateMachineUpdater:6d9635c1-82f6-4958-89b3-6bc3e98b3bf9:group-56F3850EDFAC: set stopIndex = 0
2019-09-19 11:15:54,764 [ForkJoinPool.commonPool-worker-0] INFO  impl.StateMachineUpdater (StateMachineUpdater.java:stopAndJoin(115)) - StateMachineUpdater:6d9635c1-82f6-4958-89b3-6bc3e98b3bf9:group-6A8D77CA18C7: set stopIndex = 0
2019-09-19 11:15:54,764 [main] INFO  impl.RaftServerImpl (ServerState.java:close(394)) - 6d9635c1-82f6-4958-89b3-6bc3e98b3bf9:group-56F3850EDFAC closes. The last applied log index is 0
2019-09-19 11:15:54,765 [ForkJoinPool.commonPool-worker-0] INFO  impl.RaftServerImpl (ServerState.java:close(394)) - 6d9635c1-82f6-4958-89b3-6bc3e98b3bf9:group-6A8D77CA18C7 closes. The last applied log index is 0
2019-09-19 11:15:54,765 [6d9635c1-82f6-4958-89b3-6bc3e98b3bf9-SegmentedRaftLogWorker:Storage Directory /workdir/hadoop-ozone/integration-test/target/test-dir/MiniOzoneClusterImpl-7fc07b7e-c81f-4adf-a353-408e6fc41966/datanode-2/data/ratis/a49064ea-23fc-4f1c-99b9-56f3850edfac] INFO  segmented.SegmentedRaftLogWorker (SegmentedRaftLogWorker.java:run(313)) - 6d9635c1-82f6-4958-89b3-6bc3e98b3bf9-SegmentedRaftLogWorker:Storage Directory /workdir/hadoop-ozone/integration-test/target/test-dir/MiniOzoneClusterImpl-7fc07b7e-c81f-4adf-a353-408e6fc41966/datanode-2/data/ratis/a49064ea-23fc-4f1c-99b9-56f3850edfac was interrupted, exiting. There are 0 tasks remaining in the queue.
2019-09-19 11:15:54,765 [6d9635c1-82f6-4958-89b3-6bc3e98b3bf9-SegmentedRaftLogWorker:Storage Directory /workdir/hadoop-ozone/integration-test/target/test-dir/MiniOzoneClusterImpl-7fc07b7e-c81f-4adf-a353-408e6fc41966/datanode-2/data/ratis/31ec565d-622e-4c7b-ab9c-6a8d77ca18c7] INFO  segmented.SegmentedRaftLogWorker (SegmentedRaftLogWorker.java:run(313)) - 6d9635c1-82f6-4958-89b3-6bc3e98b3bf9-SegmentedRaftLogWorker:Storage Directory /workdir/hadoop-ozone/integration-test/target/test-dir/MiniOzoneClusterImpl-7fc07b7e-c81f-4adf-a353-408e6fc41966/datanode-2/data/ratis/31ec565d-622e-4c7b-ab9c-6a8d77ca18c7 was interrupted, exiting. There are 0 tasks remaining in the queue.
2019-09-19 11:15:54,766 [main] INFO  segmented.SegmentedRaftLogWorker (SegmentedRaftLogWorker.java:close(228)) - 6d9635c1-82f6-4958-89b3-6bc3e98b3bf9-SegmentedRaftLogWorker:Storage Directory /workdir/hadoop-ozone/integration-test/target/test-dir/MiniOzoneClusterImpl-7fc07b7e-c81f-4adf-a353-408e6fc41966/datanode-2/data/ratis/a49064ea-23fc-4f1c-99b9-56f3850edfac close()
2019-09-19 11:15:54,766 [ForkJoinPool.commonPool-worker-0] INFO  segmented.SegmentedRaftLogWorker (SegmentedRaftLogWorker.java:close(228)) - 6d9635c1-82f6-4958-89b3-6bc3e98b3bf9-SegmentedRaftLogWorker:Storage Directory /workdir/hadoop-ozone/integration-test/target/test-dir/MiniOzoneClusterImpl-7fc07b7e-c81f-4adf-a353-408e6fc41966/datanode-2/data/ratis/31ec565d-622e-4c7b-ab9c-6a8d77ca18c7 close()
2019-09-19 11:15:54,767 [main] INFO  impl.RaftServerImpl (RaftServerImpl.java:lambda$shutdown$3(245)) - 6d9635c1-82f6-4958-89b3-6bc3e98b3bf9: shutdown group-C89F5D1FA49C
2019-09-19 11:15:54,768 [ForkJoinPool.commonPool-worker-0] INFO  impl.RaftServerImpl (RaftServerImpl.java:lambda$shutdown$3(245)) - 6d9635c1-82f6-4958-89b3-6bc3e98b3bf9: shutdown group-1CC47007AB3B
2019-09-19 11:15:54,768 [main] INFO  util.JmxRegister (JmxRegister.java:unregister(73)) - Successfully un-registered JMX Bean with object name Ratis:service=RaftServer,group=group-C89F5D1FA49C,id=6d9635c1-82f6-4958-89b3-6bc3e98b3bf9
2019-09-19 11:15:54,768 [ForkJoinPool.commonPool-worker-0] INFO  util.JmxRegister (JmxRegister.java:unregister(73)) - Successfully un-registered JMX Bean with object name Ratis:service=RaftServer,group=group-1CC47007AB3B,id=6d9635c1-82f6-4958-89b3-6bc3e98b3bf9
2019-09-19 11:15:54,768 [main] INFO  impl.RoleInfo (RoleInfo.java:shutdownLeaderState(104)) - 6d9635c1-82f6-4958-89b3-6bc3e98b3bf9: shutdown LeaderState
2019-09-19 11:15:54,768 [ForkJoinPool.commonPool-worker-0] INFO  impl.RoleInfo (RoleInfo.java:shutdownLeaderState(104)) - 6d9635c1-82f6-4958-89b3-6bc3e98b3bf9: shutdown LeaderState
2019-09-19 11:15:54,769 [main] INFO  impl.PendingRequests (PendingRequests.java:sendNotLeaderResponses(202)) - 6d9635c1-82f6-4958-89b3-6bc3e98b3bf9-PendingRequests: sendNotLeaderResponses
2019-09-19 11:15:54,769 [ForkJoinPool.commonPool-worker-0] INFO  impl.PendingRequests (PendingRequests.java:sendNotLeaderResponses(202)) - 6d9635c1-82f6-4958-89b3-6bc3e98b3bf9-PendingRequests: sendNotLeaderResponses
2019-09-19 11:15:54,769 [main] INFO  impl.StateMachineUpdater (StateMachineUpdater.java:stopAndJoin(115)) - StateMachineUpdater:6d9635c1-82f6-4958-89b3-6bc3e98b3bf9:group-C89F5D1FA49C: set stopIndex = 0
2019-09-19 11:15:54,770 [ForkJoinPool.commonPool-worker-0] INFO  impl.StateMachineUpdater (StateMachineUpdater.java:stopAndJoin(115)) - StateMachineUpdater:6d9635c1-82f6-4958-89b3-6bc3e98b3bf9:group-1CC47007AB3B: set stopIndex = 0
2019-09-19 11:15:54,770 [main] INFO  impl.RaftServerImpl (ServerState.java:close(394)) - 6d9635c1-82f6-4958-89b3-6bc3e98b3bf9:group-C89F5D1FA49C closes. The last applied log index is 0
2019-09-19 11:15:54,770 [ForkJoinPool.commonPool-worker-0] INFO  impl.RaftServerImpl (ServerState.java:close(394)) - 6d9635c1-82f6-4958-89b3-6bc3e98b3bf9:group-1CC47007AB3B closes. The last applied log index is 0
2019-09-19 11:15:54,770 [6d9635c1-82f6-4958-89b3-6bc3e98b3bf9-SegmentedRaftLogWorker:Storage Directory /workdir/hadoop-ozone/integration-test/target/test-dir/MiniOzoneClusterImpl-7fc07b7e-c81f-4adf-a353-408e6fc41966/datanode-2/data/ratis/103265a9-3068-45bd-9c60-c89f5d1fa49c] INFO  segmented.SegmentedRaftLogWorker (SegmentedRaftLogWorker.java:run(313)) - 6d9635c1-82f6-4958-89b3-6bc3e98b3bf9-SegmentedRaftLogWorker:Storage Directory /workdir/hadoop-ozone/integration-test/target/test-dir/MiniOzoneClusterImpl-7fc07b7e-c81f-4adf-a353-408e6fc41966/datanode-2/data/ratis/103265a9-3068-45bd-9c60-c89f5d1fa49c was interrupted, exiting. There are 0 tasks remaining in the queue.
2019-09-19 11:15:54,771 [6d9635c1-82f6-4958-89b3-6bc3e98b3bf9-SegmentedRaftLogWorker:Storage Directory /workdir/hadoop-ozone/integration-test/target/test-dir/MiniOzoneClusterImpl-7fc07b7e-c81f-4adf-a353-408e6fc41966/datanode-2/data/ratis/a2f29b56-3990-46e1-91b1-1cc47007ab3b] INFO  segmented.SegmentedRaftLogWorker (SegmentedRaftLogWorker.java:run(313)) - 6d9635c1-82f6-4958-89b3-6bc3e98b3bf9-SegmentedRaftLogWorker:Storage Directory /workdir/hadoop-ozone/integration-test/target/test-dir/MiniOzoneClusterImpl-7fc07b7e-c81f-4adf-a353-408e6fc41966/datanode-2/data/ratis/a2f29b56-3990-46e1-91b1-1cc47007ab3b was interrupted, exiting. There are 0 tasks remaining in the queue.
2019-09-19 11:15:54,771 [main] INFO  segmented.SegmentedRaftLogWorker (SegmentedRaftLogWorker.java:close(228)) - 6d9635c1-82f6-4958-89b3-6bc3e98b3bf9-SegmentedRaftLogWorker:Storage Directory /workdir/hadoop-ozone/integration-test/target/test-dir/MiniOzoneClusterImpl-7fc07b7e-c81f-4adf-a353-408e6fc41966/datanode-2/data/ratis/103265a9-3068-45bd-9c60-c89f5d1fa49c close()
2019-09-19 11:15:54,771 [ForkJoinPool.commonPool-worker-0] INFO  segmented.SegmentedRaftLogWorker (SegmentedRaftLogWorker.java:close(228)) - 6d9635c1-82f6-4958-89b3-6bc3e98b3bf9-SegmentedRaftLogWorker:Storage Directory /workdir/hadoop-ozone/integration-test/target/test-dir/MiniOzoneClusterImpl-7fc07b7e-c81f-4adf-a353-408e6fc41966/datanode-2/data/ratis/a2f29b56-3990-46e1-91b1-1cc47007ab3b close()
2019-09-19 11:15:54,772 [main] INFO  impl.RaftServerImpl (RaftServerImpl.java:lambda$shutdown$3(245)) - 6d9635c1-82f6-4958-89b3-6bc3e98b3bf9: shutdown group-EE884457763F
2019-09-19 11:15:54,773 [ForkJoinPool.commonPool-worker-0] INFO  impl.RaftServerImpl (RaftServerImpl.java:lambda$shutdown$3(245)) - 6d9635c1-82f6-4958-89b3-6bc3e98b3bf9: shutdown group-CBEC8B44C438
2019-09-19 11:15:54,773 [main] INFO  util.JmxRegister (JmxRegister.java:unregister(73)) - Successfully un-registered JMX Bean with object name Ratis:service=RaftServer,group=group-EE884457763F,id=6d9635c1-82f6-4958-89b3-6bc3e98b3bf9
2019-09-19 11:15:54,773 [ForkJoinPool.commonPool-worker-0] INFO  util.JmxRegister (JmxRegister.java:unregister(73)) - Successfully un-registered JMX Bean with object name Ratis:service=RaftServer,group=group-CBEC8B44C438,id=6d9635c1-82f6-4958-89b3-6bc3e98b3bf9
2019-09-19 11:15:54,773 [main] INFO  impl.RoleInfo (RoleInfo.java:shutdownLeaderState(104)) - 6d9635c1-82f6-4958-89b3-6bc3e98b3bf9: shutdown LeaderState
2019-09-19 11:15:54,774 [ForkJoinPool.commonPool-worker-0] INFO  impl.RoleInfo (RoleInfo.java:shutdownLeaderState(104)) - 6d9635c1-82f6-4958-89b3-6bc3e98b3bf9: shutdown LeaderState
2019-09-19 11:15:54,774 [main] INFO  impl.PendingRequests (PendingRequests.java:sendNotLeaderResponses(202)) - 6d9635c1-82f6-4958-89b3-6bc3e98b3bf9-PendingRequests: sendNotLeaderResponses
2019-09-19 11:15:54,774 [ForkJoinPool.commonPool-worker-0] INFO  impl.PendingRequests (PendingRequests.java:sendNotLeaderResponses(202)) - 6d9635c1-82f6-4958-89b3-6bc3e98b3bf9-PendingRequests: sendNotLeaderResponses
2019-09-19 11:15:54,775 [main] INFO  impl.StateMachineUpdater (StateMachineUpdater.java:stopAndJoin(115)) - StateMachineUpdater:6d9635c1-82f6-4958-89b3-6bc3e98b3bf9:group-EE884457763F: set stopIndex = 0
2019-09-19 11:15:54,775 [ForkJoinPool.commonPool-worker-0] INFO  impl.StateMachineUpdater (StateMachineUpdater.java:stopAndJoin(115)) - StateMachineUpdater:6d9635c1-82f6-4958-89b3-6bc3e98b3bf9:group-CBEC8B44C438: set stopIndex = 0
2019-09-19 11:15:54,775 [main] INFO  impl.RaftServerImpl (ServerState.java:close(394)) - 6d9635c1-82f6-4958-89b3-6bc3e98b3bf9:group-EE884457763F closes. The last applied log index is 0
2019-09-19 11:15:54,775 [ForkJoinPool.commonPool-worker-0] INFO  impl.RaftServerImpl (ServerState.java:close(394)) - 6d9635c1-82f6-4958-89b3-6bc3e98b3bf9:group-CBEC8B44C438 closes. The last applied log index is 0
2019-09-19 11:15:54,776 [6d9635c1-82f6-4958-89b3-6bc3e98b3bf9-SegmentedRaftLogWorker:Storage Directory /workdir/hadoop-ozone/integration-test/target/test-dir/MiniOzoneClusterImpl-7fc07b7e-c81f-4adf-a353-408e6fc41966/datanode-2/data/ratis/2e4c5f53-54ab-4b7c-810b-ee884457763f] INFO  segmented.SegmentedRaftLogWorker (SegmentedRaftLogWorker.java:run(313)) - 6d9635c1-82f6-4958-89b3-6bc3e98b3bf9-SegmentedRaftLogWorker:Storage Directory /workdir/hadoop-ozone/integration-test/target/test-dir/MiniOzoneClusterImpl-7fc07b7e-c81f-4adf-a353-408e6fc41966/datanode-2/data/ratis/2e4c5f53-54ab-4b7c-810b-ee884457763f was interrupted, exiting. There are 0 tasks remaining in the queue.
2019-09-19 11:15:54,776 [6d9635c1-82f6-4958-89b3-6bc3e98b3bf9-SegmentedRaftLogWorker:Storage Directory /workdir/hadoop-ozone/integration-test/target/test-dir/MiniOzoneClusterImpl-7fc07b7e-c81f-4adf-a353-408e6fc41966/datanode-2/data/ratis/f8f7c484-f73c-452e-898f-cbec8b44c438] INFO  segmented.SegmentedRaftLogWorker (SegmentedRaftLogWorker.java:run(313)) - 6d9635c1-82f6-4958-89b3-6bc3e98b3bf9-SegmentedRaftLogWorker:Storage Directory /workdir/hadoop-ozone/integration-test/target/test-dir/MiniOzoneClusterImpl-7fc07b7e-c81f-4adf-a353-408e6fc41966/datanode-2/data/ratis/f8f7c484-f73c-452e-898f-cbec8b44c438 was interrupted, exiting. There are 0 tasks remaining in the queue.
2019-09-19 11:15:54,776 [main] INFO  segmented.SegmentedRaftLogWorker (SegmentedRaftLogWorker.java:close(228)) - 6d9635c1-82f6-4958-89b3-6bc3e98b3bf9-SegmentedRaftLogWorker:Storage Directory /workdir/hadoop-ozone/integration-test/target/test-dir/MiniOzoneClusterImpl-7fc07b7e-c81f-4adf-a353-408e6fc41966/datanode-2/data/ratis/2e4c5f53-54ab-4b7c-810b-ee884457763f close()
2019-09-19 11:15:54,776 [ForkJoinPool.commonPool-worker-0] INFO  segmented.SegmentedRaftLogWorker (SegmentedRaftLogWorker.java:close(228)) - 6d9635c1-82f6-4958-89b3-6bc3e98b3bf9-SegmentedRaftLogWorker:Storage Directory /workdir/hadoop-ozone/integration-test/target/test-dir/MiniOzoneClusterImpl-7fc07b7e-c81f-4adf-a353-408e6fc41966/datanode-2/data/ratis/f8f7c484-f73c-452e-898f-cbec8b44c438 close()
2019-09-19 11:15:54,778 [main] INFO  server.GrpcService (GrpcService.java:closeImpl(155)) - 6d9635c1-82f6-4958-89b3-6bc3e98b3bf9: shutdown server with port 40530 now
2019-09-19 11:15:54,779 [main] INFO  server.GrpcService (GrpcService.java:closeImpl(163)) - 6d9635c1-82f6-4958-89b3-6bc3e98b3bf9: shutdown server with port 40530 successfully
2019-09-19 11:15:54,782 [main] INFO  utils.BackgroundService (BackgroundService.java:shutdown(148)) - Shutting down service BlockDeletingService
2019-09-19 11:15:54,786 [refreshUsed-/workdir/hadoop-ozone/integration-test/target/test-dir/MiniOzoneClusterImpl-7fc07b7e-c81f-4adf-a353-408e6fc41966/datanode-2/data/containers] WARN  fs.CachingGetSpaceUsed (CachingGetSpaceUsed.java:run(183)) - Thread Interrupted waiting to refresh disk information: sleep interrupted
2019-09-19 11:15:54,800 [main] INFO  statemachine.DatanodeStateMachine (DatanodeStateMachine.java:stopDaemon(395)) - Ozone container server stopped.
2019-09-19 11:15:54,801 [main] INFO  handler.ContextHandler (ContextHandler.java:doStop(910)) - Stopped o.e.j.w.WebAppContext@756b2d90{/,null,UNAVAILABLE}{/hddsDatanode}
2019-09-19 11:15:54,802 [main] INFO  server.AbstractConnector (AbstractConnector.java:doStop(318)) - Stopped ServerConnector@3520958b{HTTP/1.1,[http/1.1]}{0.0.0.0:0}
2019-09-19 11:15:54,802 [main] INFO  handler.ContextHandler (ContextHandler.java:doStop(910)) - Stopped o.e.j.s.ServletContextHandler@448c92fc{/static,jar:file:/home/user/.m2/repository/org/apache/hadoop/hadoop-hdds-container-service/0.5.0-SNAPSHOT/hadoop-hdds-container-service-0.5.0-SNAPSHOT.jar!/webapps/static,UNAVAILABLE}
2019-09-19 11:15:54,803 [main] INFO  handler.ContextHandler (ContextHandler.java:doStop(910)) - Stopped o.e.j.s.ServletContextHandler@590d6c76{/logs,file:///workdir/hadoop-ozone/integration-test/target/log,UNAVAILABLE}
2019-09-19 11:15:54,804 [main] INFO  ozone.MiniOzoneClusterImpl (MiniOzoneClusterImpl.java:stop(353)) - Stopping the StorageContainerManager
2019-09-19 11:15:54,804 [main] INFO  server.StorageContainerManager (StorageContainerManager.java:stop(797)) - Stopping Replication Manager Service.
2019-09-19 11:15:54,804 [main] INFO  container.ReplicationManager (ReplicationManager.java:stop(192)) - Stopping Replication Monitor Thread.
2019-09-19 11:15:54,804 [main] INFO  server.StorageContainerManager (StorageContainerManager.java:stop(804)) - Stopping Lease Manager of the command watchers
2019-09-19 11:15:54,804 [main] INFO  server.StorageContainerManager (StorageContainerManager.java:stop(811)) - Stopping datanode service RPC server
2019-09-19 11:15:54,804 [main] INFO  server.SCMDatanodeProtocolServer (SCMDatanodeProtocolServer.java:stop(367)) - Stopping the RPC server for DataNodes
2019-09-19 11:15:54,805 [main] INFO  ipc.Server (Server.java:stop(3082)) - Stopping server on 41762
2019-09-19 11:15:54,806 [IPC Server listener on 41762] INFO  ipc.Server (Server.java:run(1185)) - Stopping IPC Server listener on 41762
2019-09-19 11:15:54,807 [IPC Server Responder] INFO  ipc.Server (Server.java:run(1319)) - Stopping IPC Server Responder
2019-09-19 11:15:54,880 [SCM Heartbeat Processing Thread - 0] WARN  node.NodeStateManager (NodeStateManager.java:scheduleNextHealthCheck(655)) - Current Thread is interrupted, shutting down HB processing thread for Node Manager.
2019-09-19 11:15:54,880 [main] INFO  server.StorageContainerManager (StorageContainerManager.java:stop(819)) - Stopping block service RPC server
2019-09-19 11:15:54,880 [main] INFO  server.SCMBlockProtocolServer (SCMBlockProtocolServer.java:stop(148)) - Stopping the RPC server for Block Protocol
2019-09-19 11:15:54,881 [main] INFO  ipc.Server (Server.java:stop(3082)) - Stopping server on 43793
2019-09-19 11:15:54,883 [IPC Server listener on 43793] INFO  ipc.Server (Server.java:run(1185)) - Stopping IPC Server listener on 43793
2019-09-19 11:15:54,883 [main] INFO  server.StorageContainerManager (StorageContainerManager.java:stop(826)) - Stopping the StorageContainerLocationProtocol RPC server
2019-09-19 11:15:54,883 [IPC Server Responder] INFO  ipc.Server (Server.java:run(1319)) - Stopping IPC Server Responder
2019-09-19 11:15:54,884 [main] INFO  server.SCMClientProtocolServer (SCMClientProtocolServer.java:stop(159)) - Stopping the RPC server for Client Protocol
2019-09-19 11:15:54,884 [main] INFO  ipc.Server (Server.java:stop(3082)) - Stopping server on 40193
2019-09-19 11:15:54,886 [IPC Server listener on 40193] INFO  ipc.Server (Server.java:run(1185)) - Stopping IPC Server listener on 40193
2019-09-19 11:15:54,886 [main] INFO  server.StorageContainerManager (StorageContainerManager.java:stop(833)) - Stopping Storage Container Manager HTTP server.
2019-09-19 11:15:54,887 [IPC Server Responder] INFO  ipc.Server (Server.java:run(1319)) - Stopping IPC Server Responder
2019-09-19 11:15:54,888 [main] INFO  handler.ContextHandler (ContextHandler.java:doStop(910)) - Stopped o.e.j.w.WebAppContext@30b34287{/,null,UNAVAILABLE}{/scm}
2019-09-19 11:15:54,889 [main] INFO  server.AbstractConnector (AbstractConnector.java:doStop(318)) - Stopped ServerConnector@672f11c2{HTTP/1.1,[http/1.1]}{0.0.0.0:0}
2019-09-19 11:15:54,889 [main] INFO  handler.ContextHandler (ContextHandler.java:doStop(910)) - Stopped o.e.j.s.ServletContextHandler@1a45193b{/static,file:///workdir/hadoop-ozone/integration-test/target/test-classes/webapps/static,UNAVAILABLE}
2019-09-19 11:15:54,890 [main] INFO  handler.ContextHandler (ContextHandler.java:doStop(910)) - Stopped o.e.j.s.ServletContextHandler@47a5b70d{/logs,file:///workdir/hadoop-ozone/integration-test/target/log,UNAVAILABLE}
2019-09-19 11:15:54,892 [main] INFO  server.StorageContainerManager (StorageContainerManager.java:stop(844)) - Stopping Block Manager Service.
2019-09-19 11:15:54,893 [main] INFO  utils.BackgroundService (BackgroundService.java:shutdown(148)) - Shutting down service SCMBlockDeletingService
2019-09-19 11:15:54,893 [main] INFO  utils.BackgroundService (BackgroundService.java:shutdown(148)) - Shutting down service SCMBlockDeletingService
2019-09-19 11:15:54,894 [main] INFO  server.StorageContainerManager (StorageContainerManager.java:stop(866)) - Stopping SCM Event Queue.
2019-09-19 11:15:54,901 [main] INFO  impl.MetricsSystemImpl (MetricsSystemImpl.java:stop(210)) - Stopping HddsDatanode metrics system...
2019-09-19 11:15:54,908 [main] INFO  impl.MetricsSystemImpl (MetricsSystemImpl.java:stop(216)) - HddsDatanode metrics system stopped.
]]></system-out>
    <system-err><![CDATA[Sep 19, 2019 11:15:36 AM com.sun.jersey.server.impl.application.WebApplicationImpl _initiate
INFO: Initiating Jersey application, version 'Jersey: 1.19 02/11/2015 03:25 AM'
Sep 19, 2019 11:15:38 AM com.sun.jersey.server.impl.application.WebApplicationImpl _initiate
INFO: Initiating Jersey application, version 'Jersey: 1.19 02/11/2015 03:25 AM'
Sep 19, 2019 11:15:38 AM com.sun.jersey.server.impl.application.WebApplicationImpl _initiate
INFO: Initiating Jersey application, version 'Jersey: 1.19 02/11/2015 03:25 AM'
]]></system-err>
  </testcase>
  <testcase name="testPipelineCloseWithOpenContainer" classname="org.apache.hadoop.hdds.scm.pipeline.TestPipelineClose" time="37.483">
    <error message="Could not allocate container. Cannot get any matching pipeline for Type:RATIS, Factor:THREE, State:PipelineState.OPEN" type="java.io.IOException">java.io.IOException: Could not allocate container. Cannot get any matching pipeline for Type:RATIS, Factor:THREE, State:PipelineState.OPEN
	at org.apache.hadoop.hdds.scm.container.ContainerStateManager.allocateContainer(ContainerStateManager.java:260)
	at org.apache.hadoop.hdds.scm.container.SCMContainerManager.allocateContainer(SCMContainerManager.java:247)
	at org.apache.hadoop.hdds.scm.pipeline.TestPipelineClose.init(TestPipelineClose.java:95)
	at sun.reflect.NativeMethodAccessorImpl.invoke0(Native Method)
	at sun.reflect.NativeMethodAccessorImpl.invoke(NativeMethodAccessorImpl.java:62)
	at sun.reflect.DelegatingMethodAccessorImpl.invoke(DelegatingMethodAccessorImpl.java:43)
	at java.lang.reflect.Method.invoke(Method.java:498)
	at org.junit.runners.model.FrameworkMethod$1.runReflectiveCall(FrameworkMethod.java:47)
	at org.junit.internal.runners.model.ReflectiveCallable.run(ReflectiveCallable.java:12)
	at org.junit.runners.model.FrameworkMethod.invokeExplosively(FrameworkMethod.java:44)
	at org.junit.internal.runners.statements.RunBefores.evaluate(RunBefores.java:24)
	at org.junit.internal.runners.statements.RunAfters.evaluate(RunAfters.java:27)
	at org.junit.runners.ParentRunner.runLeaf(ParentRunner.java:271)
	at org.junit.runners.BlockJUnit4ClassRunner.runChild(BlockJUnit4ClassRunner.java:70)
	at org.junit.runners.BlockJUnit4ClassRunner.runChild(BlockJUnit4ClassRunner.java:50)
	at org.junit.runners.ParentRunner$3.run(ParentRunner.java:238)
	at org.junit.runners.ParentRunner$1.schedule(ParentRunner.java:63)
	at org.junit.runners.ParentRunner.runChildren(ParentRunner.java:236)
	at org.junit.runners.ParentRunner.access$000(ParentRunner.java:53)
	at org.junit.runners.ParentRunner$2.evaluate(ParentRunner.java:229)
	at org.junit.runners.ParentRunner.run(ParentRunner.java:309)
	at org.apache.maven.surefire.junit4.JUnit4Provider.execute(JUnit4Provider.java:365)
	at org.apache.maven.surefire.junit4.JUnit4Provider.executeWithRerun(JUnit4Provider.java:273)
	at org.apache.maven.surefire.junit4.JUnit4Provider.executeTestSet(JUnit4Provider.java:238)
	at org.apache.maven.surefire.junit4.JUnit4Provider.invoke(JUnit4Provider.java:159)
	at org.apache.maven.surefire.booter.ForkedBooter.invokeProviderInSameClassLoader(ForkedBooter.java:384)
	at org.apache.maven.surefire.booter.ForkedBooter.runSuitesInProcess(ForkedBooter.java:345)
	at org.apache.maven.surefire.booter.ForkedBooter.execute(ForkedBooter.java:126)
	at org.apache.maven.surefire.booter.ForkedBooter.main(ForkedBooter.java:418)
</error>
    <system-out><![CDATA[2019-09-19 11:15:54,976 [main] WARN  server.ServerUtils (ServerUtils.java:getScmDbDir(145)) - ozone.scm.db.dirs is not configured. We recommend adding this setting. Falling back to ozone.metadata.dirs instead.
2019-09-19 11:15:55,021 [main] WARN  server.ServerUtils (ServerUtils.java:getScmDbDir(145)) - ozone.scm.db.dirs is not configured. We recommend adding this setting. Falling back to ozone.metadata.dirs instead.
2019-09-19 11:15:55,022 [main] WARN  server.ServerUtils (ServerUtils.java:getScmDbDir(145)) - ozone.scm.db.dirs is not configured. We recommend adding this setting. Falling back to ozone.metadata.dirs instead.
2019-09-19 11:15:55,023 [main] INFO  db.DBStoreBuilder (DBStoreBuilder.java:addTable(110)) - using custom profile for table: deletedBlocks
2019-09-19 11:15:55,023 [main] INFO  db.DBStoreBuilder (DBStoreBuilder.java:processTables(161)) - Using default column profile:DBProfile.DISK for Table:deletedBlocks
2019-09-19 11:15:55,023 [main] INFO  db.DBStoreBuilder (DBStoreBuilder.java:addTable(110)) - using custom profile for table: validCerts
2019-09-19 11:15:55,024 [main] INFO  db.DBStoreBuilder (DBStoreBuilder.java:processTables(161)) - Using default column profile:DBProfile.DISK for Table:validCerts
2019-09-19 11:15:55,024 [main] INFO  db.DBStoreBuilder (DBStoreBuilder.java:addTable(110)) - using custom profile for table: revokedCerts
2019-09-19 11:15:55,024 [main] INFO  db.DBStoreBuilder (DBStoreBuilder.java:processTables(161)) - Using default column profile:DBProfile.DISK for Table:revokedCerts
2019-09-19 11:15:55,025 [main] INFO  db.DBStoreBuilder (DBStoreBuilder.java:addTable(110)) - using custom profile for table: default
2019-09-19 11:15:55,025 [main] INFO  db.DBStoreBuilder (DBStoreBuilder.java:processTables(167)) - Using default column profile:DBProfile.DISK for Table:default
2019-09-19 11:15:55,025 [main] INFO  db.DBStoreBuilder (DBStoreBuilder.java:getDbProfile(198)) - Using default options. DBProfile.DISK
2019-09-19 11:15:59,311 [main] INFO  net.NodeSchemaLoader (NodeSchemaLoader.java:loadSchemaFromFile(125)) - Loading file from sun.misc.CompoundEnumeration@28ee882c
2019-09-19 11:15:59,312 [main] INFO  net.NodeSchemaLoader (NodeSchemaLoader.java:loadSchema(171)) - Loading network topology layer schema file
2019-09-19 11:15:59,316 [main] WARN  server.ServerUtils (ServerUtils.java:sanitizeUserArgs(70)) - ozone.scm.stale.node.interval value = 300000 is larger than max = 100000 based on the key value of ozone.scm.heartbeat.thread.interval, reset to the max value 100000.
2019-09-19 11:15:59,317 [main] WARN  server.ServerUtils (ServerUtils.java:sanitizeUserArgs(70)) - ozone.scm.stale.node.interval value = 300000 is larger than max = 100000 based on the key value of ozone.scm.heartbeat.thread.interval, reset to the max value 100000.
2019-09-19 11:15:59,317 [main] INFO  node.SCMNodeManager (SCMNodeManager.java:<init>(121)) - Entering startup safe mode.
2019-09-19 11:15:59,318 [main] INFO  algorithms.ContainerPlacementPolicyFactory (ContainerPlacementPolicyFactory.java:getPolicy(56)) - Create container placement policy of type org.apache.hadoop.hdds.scm.container.placement.algorithms.SCMContainerPlacementRandom
2019-09-19 11:15:59,318 [main] WARN  server.ServerUtils (ServerUtils.java:getScmDbDir(145)) - ozone.scm.db.dirs is not configured. We recommend adding this setting. Falling back to ozone.metadata.dirs instead.
2019-09-19 11:16:00,603 [main] INFO  pipeline.SCMPipelineManager (SCMPipelineManager.java:initializePipelineState(126)) - No pipeline exists in current db
2019-09-19 11:16:00,603 [main] WARN  server.ServerUtils (ServerUtils.java:getScmDbDir(145)) - ozone.scm.db.dirs is not configured. We recommend adding this setting. Falling back to ozone.metadata.dirs instead.
2019-09-19 11:16:11,315 [main] WARN  events.EventQueue (EventQueue.java:fireEvent(175)) - No event handler registered for event TypedEvent{payloadType=SafeModeStatus, name='SafeModeStatus'}
2019-09-19 11:16:11,316 [main] INFO  ipc.CallQueueManager (CallQueueManager.java:<init>(84)) - Using callQueue: class java.util.concurrent.LinkedBlockingQueue, queueCapacity: 2000, scheduler: class org.apache.hadoop.ipc.DefaultRpcScheduler, ipcBackoff: false.
2019-09-19 11:16:11,317 [Socket Reader #1 for port 33813] INFO  ipc.Server (Server.java:run(1074)) - Starting Socket Reader #1 for port 33813
2019-09-19 11:16:11,318 [main] INFO  ipc.CallQueueManager (CallQueueManager.java:<init>(84)) - Using callQueue: class java.util.concurrent.LinkedBlockingQueue, queueCapacity: 2000, scheduler: class org.apache.hadoop.ipc.DefaultRpcScheduler, ipcBackoff: false.
2019-09-19 11:16:11,319 [Socket Reader #1 for port 46453] INFO  ipc.Server (Server.java:run(1074)) - Starting Socket Reader #1 for port 46453
2019-09-19 11:16:11,320 [main] INFO  ipc.CallQueueManager (CallQueueManager.java:<init>(84)) - Using callQueue: class java.util.concurrent.LinkedBlockingQueue, queueCapacity: 2000, scheduler: class org.apache.hadoop.ipc.DefaultRpcScheduler, ipcBackoff: false.
2019-09-19 11:16:11,320 [Socket Reader #1 for port 38108] INFO  ipc.Server (Server.java:run(1074)) - Starting Socket Reader #1 for port 38108
2019-09-19 11:16:11,322 [main] INFO  hdfs.DFSUtil (DFSUtil.java:httpServerTemplateForNNAndJN(1641)) - Starting Web-server for scm at: http://0.0.0.0:0
2019-09-19 11:16:11,324 [main] INFO  server.AuthenticationFilter (AuthenticationFilter.java:constructSecretProvider(240)) - Unable to initialize FileSignerSecretProvider, falling back to use random secrets.
2019-09-19 11:16:11,325 [main] WARN  http.HttpRequestLog (HttpRequestLog.java:getRequestLog(97)) - Jetty request log can only be enabled using Log4j
2019-09-19 11:16:11,326 [main] INFO  http.HttpServer2 (HttpServer2.java:addGlobalFilter(975)) - Added global filter 'safety' (class=org.apache.hadoop.http.HttpServer2$QuotingInputFilter)
2019-09-19 11:16:11,327 [main] INFO  http.HttpServer2 (HttpServer2.java:addFilter(948)) - Added filter static_user_filter (class=org.apache.hadoop.http.lib.StaticUserWebFilter$StaticUserFilter) to context scm
2019-09-19 11:16:11,327 [main] INFO  http.HttpServer2 (HttpServer2.java:addFilter(958)) - Added filter static_user_filter (class=org.apache.hadoop.http.lib.StaticUserWebFilter$StaticUserFilter) to context logs
2019-09-19 11:16:11,327 [main] INFO  http.HttpServer2 (HttpServer2.java:addFilter(958)) - Added filter static_user_filter (class=org.apache.hadoop.http.lib.StaticUserWebFilter$StaticUserFilter) to context static
2019-09-19 11:16:11,329 [main] INFO  server.StorageContainerManager (StorageContainerManager.java:start(759)) - StorageContainerLocationProtocol RPC server is listening at /0.0.0.0:38108
2019-09-19 11:16:11,331 [main] WARN  impl.MetricsConfig (MetricsConfig.java:loadFirst(134)) - Cannot locate configuration: tried hadoop-metrics2-storagecontainermanager.properties,hadoop-metrics2.properties
2019-09-19 11:16:11,332 [main] INFO  impl.MetricsSystemImpl (MetricsSystemImpl.java:startTimer(374)) - Scheduled Metric snapshot period at 10 second(s).
2019-09-19 11:16:11,332 [main] INFO  impl.MetricsSystemImpl (MetricsSystemImpl.java:start(191)) - StorageContainerManager metrics system started
2019-09-19 11:16:11,362 [main] INFO  server.SCMClientProtocolServer (SCMClientProtocolServer.java:start(151)) - RPC server for Client  is listening at /0.0.0.0:38108
2019-09-19 11:16:11,363 [IPC Server Responder] INFO  ipc.Server (Server.java:run(1314)) - IPC Server Responder: starting
2019-09-19 11:16:11,363 [IPC Server listener on 38108] INFO  ipc.Server (Server.java:run(1153)) - IPC Server listener on 38108: starting
2019-09-19 11:16:11,365 [main] INFO  server.StorageContainerManager (StorageContainerManager.java:start(769)) - ScmBlockLocationProtocol RPC server is listening at /0.0.0.0:46453
2019-09-19 11:16:11,365 [main] INFO  server.SCMBlockProtocolServer (SCMBlockProtocolServer.java:start(140)) - RPC server for Block Protocol is listening at /0.0.0.0:46453
2019-09-19 11:16:11,365 [IPC Server Responder] INFO  ipc.Server (Server.java:run(1314)) - IPC Server Responder: starting
2019-09-19 11:16:11,366 [IPC Server listener on 46453] INFO  ipc.Server (Server.java:run(1153)) - IPC Server listener on 46453: starting
2019-09-19 11:16:11,368 [main] INFO  server.StorageContainerManager (StorageContainerManager.java:start(773)) - ScmDatanodeProtocl RPC server is listening at /0.0.0.0:33813
2019-09-19 11:16:11,368 [main] INFO  server.SCMDatanodeProtocolServer (SCMDatanodeProtocolServer.java:start(191)) - RPC server for DataNodes is listening at /0.0.0.0:33813
2019-09-19 11:16:11,369 [IPC Server Responder] INFO  ipc.Server (Server.java:run(1314)) - IPC Server Responder: starting
2019-09-19 11:16:11,369 [IPC Server listener on 33813] INFO  ipc.Server (Server.java:run(1153)) - IPC Server listener on 33813: starting
2019-09-19 11:16:11,372 [main] INFO  http.HttpServer2 (HttpServer2.java:bindListener(1191)) - Jetty bound to port 45068
2019-09-19 11:16:11,372 [main] INFO  server.Server (Server.java:doStart(351)) - jetty-9.3.24.v20180605, build timestamp: 2018-06-05T17:11:56Z, git hash: 84205aa28f11a4f31f2a3b86d1bba2cc8ab69827
2019-09-19 11:16:11,374 [main] INFO  handler.ContextHandler (ContextHandler.java:doStart(781)) - Started o.e.j.s.ServletContextHandler@785ed99c{/logs,file:///workdir/hadoop-ozone/integration-test/target/log,AVAILABLE}
2019-09-19 11:16:11,375 [main] INFO  handler.ContextHandler (ContextHandler.java:doStart(781)) - Started o.e.j.s.ServletContextHandler@755b5f30{/static,file:///workdir/hadoop-ozone/integration-test/target/test-classes/webapps/static,AVAILABLE}
2019-09-19 11:16:11,381 [main] INFO  handler.ContextHandler (ContextHandler.java:doStart(781)) - Started o.e.j.w.WebAppContext@14d8e132{/,file:///workdir/hadoop-ozone/integration-test/target/test-classes/webapps/scm/,AVAILABLE}{/scm}
2019-09-19 11:16:11,382 [main] INFO  server.AbstractConnector (AbstractConnector.java:doStart(278)) - Started ServerConnector@7f4a1cac{HTTP/1.1,[http/1.1]}{0.0.0.0:45068}
2019-09-19 11:16:11,383 [main] INFO  server.Server (Server.java:doStart(419)) - Started @58878ms
2019-09-19 11:16:11,384 [main] INFO  server.BaseHttpServer (BaseHttpServer.java:updateConnectorAddress(213)) - HTTP server of SCM is listening at http://0.0.0.0:45068
2019-09-19 11:16:11,384 [main] WARN  server.ServerUtils (ServerUtils.java:getDBPath(222)) - ozone.om.db.dirs is not configured. We recommend adding this setting. Falling back to ozone.metadata.dirs instead.
2019-09-19 11:16:11,384 [org.apache.hadoop.util.JvmPauseMonitor$Monitor@c568f91] INFO  util.JvmPauseMonitor (JvmPauseMonitor.java:run(188)) - Starting JVM pause monitor
2019-09-19 11:16:11,398 [main] WARN  server.ServerUtils (ServerUtils.java:getDBPath(222)) - ozone.om.db.dirs is not configured. We recommend adding this setting. Falling back to ozone.metadata.dirs instead.
2019-09-19 11:16:11,398 [main] WARN  server.ServerUtils (ServerUtils.java:getDBPath(222)) - ozone.om.db.dirs is not configured. We recommend adding this setting. Falling back to ozone.metadata.dirs instead.
2019-09-19 11:16:11,399 [main] INFO  om.OzoneManager (OzoneManager.java:setOMNodeDetails(645)) - OM Service ID is not set. Setting it to the default ID: omServiceIdDefault
2019-09-19 11:16:11,399 [main] INFO  om.OzoneManager (OzoneManager.java:setOMNodeDetails(651)) - OM Node ID is not set. Setting it to the OmStorage's OmID: 3a0bef65-24a2-4605-abc4-541ec2d29705
2019-09-19 11:16:11,399 [main] INFO  om.OzoneManager (OzoneManager.java:loadOMHAConfigs(602)) - Found matching OM address with OMServiceId: null, OMNodeId: null, RPC Address: localhost:0 and Ratis port: 9872
2019-09-19 11:16:11,404 | INFO  | SCMAudit | user=jenkins1000 | ip=192.168.157.226 | op=GET_SCM_INFO null | ret=SUCCESS |  
2019-09-19 11:16:11,407 [main] WARN  server.ServerUtils (ServerUtils.java:getDBPath(222)) - ozone.om.db.dirs is not configured. We recommend adding this setting. Falling back to ozone.metadata.dirs instead.
2019-09-19 11:16:11,407 [main] INFO  db.DBStoreBuilder (DBStoreBuilder.java:addTable(110)) - using custom profile for table: userTable
2019-09-19 11:16:11,408 [main] INFO  db.DBStoreBuilder (DBStoreBuilder.java:processTables(161)) - Using default column profile:DBProfile.DISK for Table:userTable
2019-09-19 11:16:11,408 [main] INFO  db.DBStoreBuilder (DBStoreBuilder.java:addTable(110)) - using custom profile for table: volumeTable
2019-09-19 11:16:11,408 [main] INFO  db.DBStoreBuilder (DBStoreBuilder.java:processTables(161)) - Using default column profile:DBProfile.DISK for Table:volumeTable
2019-09-19 11:16:11,409 [main] INFO  db.DBStoreBuilder (DBStoreBuilder.java:addTable(110)) - using custom profile for table: bucketTable
2019-09-19 11:16:11,409 [main] INFO  db.DBStoreBuilder (DBStoreBuilder.java:processTables(161)) - Using default column profile:DBProfile.DISK for Table:bucketTable
2019-09-19 11:16:11,409 [main] INFO  db.DBStoreBuilder (DBStoreBuilder.java:addTable(110)) - using custom profile for table: keyTable
2019-09-19 11:16:11,409 [main] INFO  db.DBStoreBuilder (DBStoreBuilder.java:processTables(161)) - Using default column profile:DBProfile.DISK for Table:keyTable
2019-09-19 11:16:11,410 [main] INFO  db.DBStoreBuilder (DBStoreBuilder.java:addTable(110)) - using custom profile for table: deletedTable
2019-09-19 11:16:11,410 [main] INFO  db.DBStoreBuilder (DBStoreBuilder.java:processTables(161)) - Using default column profile:DBProfile.DISK for Table:deletedTable
2019-09-19 11:16:11,410 [main] INFO  db.DBStoreBuilder (DBStoreBuilder.java:addTable(110)) - using custom profile for table: openKeyTable
2019-09-19 11:16:11,411 [main] INFO  db.DBStoreBuilder (DBStoreBuilder.java:processTables(161)) - Using default column profile:DBProfile.DISK for Table:openKeyTable
2019-09-19 11:16:11,411 [main] INFO  db.DBStoreBuilder (DBStoreBuilder.java:addTable(110)) - using custom profile for table: s3Table
2019-09-19 11:16:11,411 [main] INFO  db.DBStoreBuilder (DBStoreBuilder.java:processTables(161)) - Using default column profile:DBProfile.DISK for Table:s3Table
2019-09-19 11:16:11,412 [main] INFO  db.DBStoreBuilder (DBStoreBuilder.java:addTable(110)) - using custom profile for table: multipartInfoTable
2019-09-19 11:16:11,412 [main] INFO  db.DBStoreBuilder (DBStoreBuilder.java:processTables(161)) - Using default column profile:DBProfile.DISK for Table:multipartInfoTable
2019-09-19 11:16:11,412 [main] INFO  db.DBStoreBuilder (DBStoreBuilder.java:addTable(110)) - using custom profile for table: dTokenTable
2019-09-19 11:16:11,412 [main] INFO  db.DBStoreBuilder (DBStoreBuilder.java:processTables(161)) - Using default column profile:DBProfile.DISK for Table:dTokenTable
2019-09-19 11:16:11,413 [main] INFO  db.DBStoreBuilder (DBStoreBuilder.java:addTable(110)) - using custom profile for table: s3SecretTable
2019-09-19 11:16:11,413 [main] INFO  db.DBStoreBuilder (DBStoreBuilder.java:processTables(161)) - Using default column profile:DBProfile.DISK for Table:s3SecretTable
2019-09-19 11:16:11,413 [main] INFO  db.DBStoreBuilder (DBStoreBuilder.java:addTable(110)) - using custom profile for table: prefixTable
2019-09-19 11:16:11,413 [main] INFO  db.DBStoreBuilder (DBStoreBuilder.java:processTables(161)) - Using default column profile:DBProfile.DISK for Table:prefixTable
2019-09-19 11:16:11,413 [main] INFO  db.DBStoreBuilder (DBStoreBuilder.java:addTable(110)) - using custom profile for table: default
2019-09-19 11:16:11,413 [main] INFO  db.DBStoreBuilder (DBStoreBuilder.java:processTables(167)) - Using default column profile:DBProfile.DISK for Table:default
2019-09-19 11:16:11,414 [main] INFO  db.DBStoreBuilder (DBStoreBuilder.java:getDbProfile(198)) - Using default options. DBProfile.DISK
2019-09-19 11:16:16,335 [main] INFO  ipc.CallQueueManager (CallQueueManager.java:<init>(84)) - Using callQueue: class java.util.concurrent.LinkedBlockingQueue, queueCapacity: 2000, scheduler: class org.apache.hadoop.ipc.DefaultRpcScheduler, ipcBackoff: false.
2019-09-19 11:16:16,336 [Socket Reader #1 for port 34871] INFO  ipc.Server (Server.java:run(1074)) - Starting Socket Reader #1 for port 34871
2019-09-19 11:16:16,358 [main] INFO  om.OzoneManager (OzoneManager.java:start(1256)) - OzoneManager RPC server is listening at localhost/127.0.0.1:34871
2019-09-19 11:16:16,359 [main] INFO  impl.MetricsSystemImpl (MetricsSystemImpl.java:init(158)) - OzoneManager metrics system started (again)
2019-09-19 11:16:16,360 [IPC Server Responder] INFO  ipc.Server (Server.java:run(1314)) - IPC Server Responder: starting
2019-09-19 11:16:16,361 [IPC Server listener on 34871] INFO  ipc.Server (Server.java:run(1153)) - IPC Server listener on 34871: starting
2019-09-19 11:16:16,366 [main] INFO  hdfs.DFSUtil (DFSUtil.java:httpServerTemplateForNNAndJN(1641)) - Starting Web-server for ozoneManager at: http://0.0.0.0:0
2019-09-19 11:16:16,368 [main] INFO  server.AuthenticationFilter (AuthenticationFilter.java:constructSecretProvider(240)) - Unable to initialize FileSignerSecretProvider, falling back to use random secrets.
2019-09-19 11:16:16,369 [main] WARN  http.HttpRequestLog (HttpRequestLog.java:getRequestLog(97)) - Jetty request log can only be enabled using Log4j
2019-09-19 11:16:16,371 [main] INFO  http.HttpServer2 (HttpServer2.java:addGlobalFilter(975)) - Added global filter 'safety' (class=org.apache.hadoop.http.HttpServer2$QuotingInputFilter)
2019-09-19 11:16:16,372 [main] INFO  http.HttpServer2 (HttpServer2.java:addFilter(948)) - Added filter static_user_filter (class=org.apache.hadoop.http.lib.StaticUserWebFilter$StaticUserFilter) to context ozoneManager
2019-09-19 11:16:16,372 [main] INFO  http.HttpServer2 (HttpServer2.java:addFilter(958)) - Added filter static_user_filter (class=org.apache.hadoop.http.lib.StaticUserWebFilter$StaticUserFilter) to context logs
2019-09-19 11:16:16,373 [main] INFO  http.HttpServer2 (HttpServer2.java:addFilter(958)) - Added filter static_user_filter (class=org.apache.hadoop.http.lib.StaticUserWebFilter$StaticUserFilter) to context static
2019-09-19 11:16:16,374 [main] INFO  http.HttpServer2 (HttpServer2.java:bindListener(1191)) - Jetty bound to port 34510
2019-09-19 11:16:16,374 [main] INFO  server.Server (Server.java:doStart(351)) - jetty-9.3.24.v20180605, build timestamp: 2018-06-05T17:11:56Z, git hash: 84205aa28f11a4f31f2a3b86d1bba2cc8ab69827
2019-09-19 11:16:16,376 [main] INFO  handler.ContextHandler (ContextHandler.java:doStart(781)) - Started o.e.j.s.ServletContextHandler@3a40bb52{/logs,file:///workdir/hadoop-ozone/integration-test/target/log,AVAILABLE}
2019-09-19 11:16:16,377 [main] INFO  handler.ContextHandler (ContextHandler.java:doStart(781)) - Started o.e.j.s.ServletContextHandler@1e2445f6{/static,file:///workdir/hadoop-ozone/integration-test/target/test-classes/webapps/static,AVAILABLE}
2019-09-19 11:16:16,383 [main] INFO  handler.ContextHandler (ContextHandler.java:doStart(781)) - Started o.e.j.w.WebAppContext@71531dd7{/,file:///workdir/hadoop-ozone/integration-test/target/test-classes/webapps/ozoneManager/,AVAILABLE}{/ozoneManager}
2019-09-19 11:16:16,384 [main] INFO  server.AbstractConnector (AbstractConnector.java:doStart(278)) - Started ServerConnector@20256a0b{HTTP/1.1,[http/1.1]}{0.0.0.0:34510}
2019-09-19 11:16:16,385 [main] INFO  server.Server (Server.java:doStart(419)) - Started @63880ms
2019-09-19 11:16:16,385 [main] INFO  server.BaseHttpServer (BaseHttpServer.java:updateConnectorAddress(213)) - HTTP server of OZONEMANAGER is listening at http://0.0.0.0:34510
2019-09-19 11:16:16,396 [main] INFO  impl.MetricsSystemImpl (MetricsSystemImpl.java:init(158)) - HddsDatanode metrics system started (again)
2019-09-19 11:16:16,398 [main] INFO  ozone.HddsDatanodeService (HddsDatanodeService.java:start(184)) - HddsDatanodeService host:pr-hdds-1569-swxfz-3172132826 ip:192.168.157.226
2019-09-19 11:16:16,406 [main] INFO  volume.HddsVolume (HddsVolume.java:<init>(176)) - Creating Volume: /workdir/hadoop-ozone/integration-test/target/test-dir/MiniOzoneClusterImpl-8515ba0f-6092-46e7-a8c4-ec3c572bc923/datanode-0/data/containers/hdds of  storage type : DISK and capacity : 1482555576320
2019-09-19 11:16:16,406 [main] INFO  volume.VolumeSet (VolumeSet.java:initializeVolumeSet(170)) - Added Volume : /workdir/hadoop-ozone/integration-test/target/test-dir/MiniOzoneClusterImpl-8515ba0f-6092-46e7-a8c4-ec3c572bc923/datanode-0/data/containers/hdds to VolumeSet
2019-09-19 11:16:16,406 [main] INFO  volume.ThrottledAsyncChecker (ThrottledAsyncChecker.java:schedule(140)) - Scheduling a check for org.apache.hadoop.ozone.container.common.volume.HddsVolume@58a7dc4
2019-09-19 11:16:16,407 [main] INFO  volume.HddsVolumeChecker (HddsVolumeChecker.java:checkAllVolumes(203)) - Scheduled health check for volume org.apache.hadoop.ozone.container.common.volume.HddsVolume@58a7dc4
2019-09-19 11:16:16,425 [main] INFO  impl.RaftServerProxy (ConfUtils.java:logGet(43)) - raft.rpc.type = GRPC (default)
2019-09-19 11:16:16,425 [main] INFO  grpc.GrpcFactory (GrpcFactory.java:checkPooledByteBufAllocatorUseCacheForAllThreads(45)) - PERFORMANCE WARNING: useCacheForAllThreads is true that may cause Netty to create a lot garbage objects and, as a result, trigger GC.
	It is recommended to disable useCacheForAllThreads by setting -Dorg.apache.ratis.thirdparty.io.netty.allocator.useCacheForAllThreads=false in command line.
2019-09-19 11:16:16,425 [main] INFO  grpc.GrpcConfigKeys$Server (ConfUtils.java:logGet(43)) - raft.grpc.server.port = 0 (default)
2019-09-19 11:16:16,426 [main] INFO  server.GrpcService (ConfUtils.java:logGet(43)) - raft.grpc.message.size.max = 33570816 (custom)
2019-09-19 11:16:16,426 [main] INFO  server.RaftServerConfigKeys (ConfUtils.java:logGet(43)) - raft.server.log.appender.buffer.byte-limit = 33554432 (custom)
2019-09-19 11:16:16,426 [main] INFO  server.GrpcService (ConfUtils.java:logGet(43)) - raft.grpc.flow.control.window = 1MB (=1048576) (default)
2019-09-19 11:16:16,426 [main] INFO  server.RaftServerConfigKeys (ConfUtils.java:logGet(43)) - raft.server.rpc.request.timeout = 3000ms (default)
2019-09-19 11:16:16,427 [main] INFO  server.RaftServerConfigKeys (ConfUtils.java:logGet(43)) - raft.server.storage.dir = [/workdir/hadoop-ozone/integration-test/target/test-dir/MiniOzoneClusterImpl-8515ba0f-6092-46e7-a8c4-ec3c572bc923/datanode-0/data/ratis] (custom)
2019-09-19 11:16:16,428 [main] INFO  replication.SimpleContainerDownloader (SimpleContainerDownloader.java:<init>(72)) - Starting container downloader service to copy containers to replicate.
2019-09-19 11:16:16,429 [main] INFO  hdfs.DFSUtil (DFSUtil.java:httpServerTemplateForNNAndJN(1641)) - Starting Web-server for hddsDatanode at: http://0.0.0.0:0
2019-09-19 11:16:16,430 [main] INFO  server.AuthenticationFilter (AuthenticationFilter.java:constructSecretProvider(240)) - Unable to initialize FileSignerSecretProvider, falling back to use random secrets.
2019-09-19 11:16:16,431 [main] WARN  http.HttpRequestLog (HttpRequestLog.java:getRequestLog(97)) - Jetty request log can only be enabled using Log4j
2019-09-19 11:16:16,433 [main] INFO  http.HttpServer2 (HttpServer2.java:addGlobalFilter(975)) - Added global filter 'safety' (class=org.apache.hadoop.http.HttpServer2$QuotingInputFilter)
2019-09-19 11:16:16,433 [main] INFO  http.HttpServer2 (HttpServer2.java:addFilter(948)) - Added filter static_user_filter (class=org.apache.hadoop.http.lib.StaticUserWebFilter$StaticUserFilter) to context hddsDatanode
2019-09-19 11:16:16,434 [main] INFO  http.HttpServer2 (HttpServer2.java:addFilter(958)) - Added filter static_user_filter (class=org.apache.hadoop.http.lib.StaticUserWebFilter$StaticUserFilter) to context logs
2019-09-19 11:16:16,434 [main] INFO  http.HttpServer2 (HttpServer2.java:addFilter(958)) - Added filter static_user_filter (class=org.apache.hadoop.http.lib.StaticUserWebFilter$StaticUserFilter) to context static
2019-09-19 11:16:16,435 [main] INFO  http.HttpServer2 (HttpServer2.java:bindListener(1191)) - Jetty bound to port 36658
2019-09-19 11:16:16,435 [main] INFO  server.Server (Server.java:doStart(351)) - jetty-9.3.24.v20180605, build timestamp: 2018-06-05T17:11:56Z, git hash: 84205aa28f11a4f31f2a3b86d1bba2cc8ab69827
2019-09-19 11:16:16,437 [main] INFO  handler.ContextHandler (ContextHandler.java:doStart(781)) - Started o.e.j.s.ServletContextHandler@e3899fd{/logs,file:///workdir/hadoop-ozone/integration-test/target/log,AVAILABLE}
2019-09-19 11:16:16,437 [main] INFO  handler.ContextHandler (ContextHandler.java:doStart(781)) - Started o.e.j.s.ServletContextHandler@788e3702{/static,jar:file:/home/user/.m2/repository/org/apache/hadoop/hadoop-hdds-container-service/0.5.0-SNAPSHOT/hadoop-hdds-container-service-0.5.0-SNAPSHOT.jar!/webapps/static,AVAILABLE}
2019-09-19 11:16:16,466 [main] INFO  handler.ContextHandler (ContextHandler.java:doStart(781)) - Started o.e.j.w.WebAppContext@99a8de3{/,file:///tmp/jetty-0.0.0.0-36658-hddsDatanode-_-any-2320475756341269851.dir/webapp/,AVAILABLE}{/hddsDatanode}
2019-09-19 11:16:16,467 [main] INFO  server.AbstractConnector (AbstractConnector.java:doStart(278)) - Started ServerConnector@87f501f{HTTP/1.1,[http/1.1]}{0.0.0.0:36658}
2019-09-19 11:16:16,468 [main] INFO  server.Server (Server.java:doStart(419)) - Started @63963ms
2019-09-19 11:16:16,469 [main] INFO  server.BaseHttpServer (BaseHttpServer.java:updateConnectorAddress(213)) - HTTP server of HDDSDATANODE is listening at http://0.0.0.0:36658
2019-09-19 11:16:16,636 | INFO  | ObjectStoreRestHttpServer | Listening HDDS REST traffic on /0.0.0.0:43078 |  
2019-09-19 11:16:16,636 [main] INFO  ozone.HddsDatanodeService (HddsDatanodeService.java:startPlugins(395)) - Started plug-in org.apache.hadoop.ozone.web.OzoneHddsDatanodeService@4f5c30b1
2019-09-19 11:16:16,637 [main] INFO  impl.MetricsSystemImpl (MetricsSystemImpl.java:init(158)) - HddsDatanode metrics system started (again)
2019-09-19 11:16:16,641 [org.apache.hadoop.util.JvmPauseMonitor$Monitor@390ddb5b] INFO  util.JvmPauseMonitor (JvmPauseMonitor.java:run(188)) - Starting JVM pause monitor
2019-09-19 11:16:16,642 [main] INFO  ozone.HddsDatanodeService (HddsDatanodeService.java:start(184)) - HddsDatanodeService host:pr-hdds-1569-swxfz-3172132826 ip:192.168.157.226
2019-09-19 11:16:16,645 [Datanode State Machine Thread - 0] INFO  datanode.InitDatanodeState (InitDatanodeState.java:persistContainerDatanodeDetails(140)) - DatanodeDetails is persisted to /workdir/hadoop-ozone/integration-test/target/test-dir/MiniOzoneClusterImpl-8515ba0f-6092-46e7-a8c4-ec3c572bc923/datanode-0/meta/datanode.id
2019-09-19 11:16:16,649 [main] INFO  volume.HddsVolume (HddsVolume.java:<init>(176)) - Creating Volume: /workdir/hadoop-ozone/integration-test/target/test-dir/MiniOzoneClusterImpl-8515ba0f-6092-46e7-a8c4-ec3c572bc923/datanode-1/data/containers/hdds of  storage type : DISK and capacity : 1482555576320
2019-09-19 11:16:16,649 [main] INFO  volume.VolumeSet (VolumeSet.java:initializeVolumeSet(170)) - Added Volume : /workdir/hadoop-ozone/integration-test/target/test-dir/MiniOzoneClusterImpl-8515ba0f-6092-46e7-a8c4-ec3c572bc923/datanode-1/data/containers/hdds to VolumeSet
2019-09-19 11:16:16,649 [main] INFO  volume.ThrottledAsyncChecker (ThrottledAsyncChecker.java:schedule(140)) - Scheduling a check for org.apache.hadoop.ozone.container.common.volume.HddsVolume@370c7cc5
2019-09-19 11:16:16,650 [main] INFO  volume.HddsVolumeChecker (HddsVolumeChecker.java:checkAllVolumes(203)) - Scheduled health check for volume org.apache.hadoop.ozone.container.common.volume.HddsVolume@370c7cc5
2019-09-19 11:16:16,665 [main] INFO  impl.RaftServerProxy (ConfUtils.java:logGet(43)) - raft.rpc.type = GRPC (default)
2019-09-19 11:16:16,665 [main] INFO  grpc.GrpcFactory (GrpcFactory.java:checkPooledByteBufAllocatorUseCacheForAllThreads(45)) - PERFORMANCE WARNING: useCacheForAllThreads is true that may cause Netty to create a lot garbage objects and, as a result, trigger GC.
	It is recommended to disable useCacheForAllThreads by setting -Dorg.apache.ratis.thirdparty.io.netty.allocator.useCacheForAllThreads=false in command line.
2019-09-19 11:16:16,665 [main] INFO  grpc.GrpcConfigKeys$Server (ConfUtils.java:logGet(43)) - raft.grpc.server.port = 0 (default)
2019-09-19 11:16:16,665 [main] INFO  server.GrpcService (ConfUtils.java:logGet(43)) - raft.grpc.message.size.max = 33570816 (custom)
2019-09-19 11:16:16,666 [main] INFO  server.RaftServerConfigKeys (ConfUtils.java:logGet(43)) - raft.server.log.appender.buffer.byte-limit = 33554432 (custom)
2019-09-19 11:16:16,666 [main] INFO  server.GrpcService (ConfUtils.java:logGet(43)) - raft.grpc.flow.control.window = 1MB (=1048576) (default)
2019-09-19 11:16:16,666 [main] INFO  server.RaftServerConfigKeys (ConfUtils.java:logGet(43)) - raft.server.rpc.request.timeout = 3000ms (default)
2019-09-19 11:16:16,667 [main] INFO  server.RaftServerConfigKeys (ConfUtils.java:logGet(43)) - raft.server.storage.dir = [/workdir/hadoop-ozone/integration-test/target/test-dir/MiniOzoneClusterImpl-8515ba0f-6092-46e7-a8c4-ec3c572bc923/datanode-1/data/ratis] (custom)
2019-09-19 11:16:16,667 [main] INFO  replication.SimpleContainerDownloader (SimpleContainerDownloader.java:<init>(72)) - Starting container downloader service to copy containers to replicate.
2019-09-19 11:16:16,668 [main] INFO  hdfs.DFSUtil (DFSUtil.java:httpServerTemplateForNNAndJN(1641)) - Starting Web-server for hddsDatanode at: http://0.0.0.0:0
2019-09-19 11:16:16,670 [main] INFO  server.AuthenticationFilter (AuthenticationFilter.java:constructSecretProvider(240)) - Unable to initialize FileSignerSecretProvider, falling back to use random secrets.
2019-09-19 11:16:16,670 [main] WARN  http.HttpRequestLog (HttpRequestLog.java:getRequestLog(97)) - Jetty request log can only be enabled using Log4j
2019-09-19 11:16:16,672 [main] INFO  http.HttpServer2 (HttpServer2.java:addGlobalFilter(975)) - Added global filter 'safety' (class=org.apache.hadoop.http.HttpServer2$QuotingInputFilter)
2019-09-19 11:16:16,672 [main] INFO  http.HttpServer2 (HttpServer2.java:addFilter(948)) - Added filter static_user_filter (class=org.apache.hadoop.http.lib.StaticUserWebFilter$StaticUserFilter) to context hddsDatanode
2019-09-19 11:16:16,672 [main] INFO  http.HttpServer2 (HttpServer2.java:addFilter(958)) - Added filter static_user_filter (class=org.apache.hadoop.http.lib.StaticUserWebFilter$StaticUserFilter) to context static
2019-09-19 11:16:16,673 [main] INFO  http.HttpServer2 (HttpServer2.java:addFilter(958)) - Added filter static_user_filter (class=org.apache.hadoop.http.lib.StaticUserWebFilter$StaticUserFilter) to context logs
2019-09-19 11:16:16,673 [main] INFO  http.HttpServer2 (HttpServer2.java:bindListener(1191)) - Jetty bound to port 46178
2019-09-19 11:16:16,674 [main] INFO  server.Server (Server.java:doStart(351)) - jetty-9.3.24.v20180605, build timestamp: 2018-06-05T17:11:56Z, git hash: 84205aa28f11a4f31f2a3b86d1bba2cc8ab69827
2019-09-19 11:16:16,676 [main] INFO  handler.ContextHandler (ContextHandler.java:doStart(781)) - Started o.e.j.s.ServletContextHandler@69b3886f{/logs,file:///workdir/hadoop-ozone/integration-test/target/log,AVAILABLE}
2019-09-19 11:16:16,676 [main] INFO  handler.ContextHandler (ContextHandler.java:doStart(781)) - Started o.e.j.s.ServletContextHandler@44faa4f2{/static,jar:file:/home/user/.m2/repository/org/apache/hadoop/hadoop-hdds-container-service/0.5.0-SNAPSHOT/hadoop-hdds-container-service-0.5.0-SNAPSHOT.jar!/webapps/static,AVAILABLE}
2019-09-19 11:16:16,704 [main] INFO  handler.ContextHandler (ContextHandler.java:doStart(781)) - Started o.e.j.w.WebAppContext@7f42b194{/,file:///tmp/jetty-0.0.0.0-46178-hddsDatanode-_-any-5145069729153481574.dir/webapp/,AVAILABLE}{/hddsDatanode}
2019-09-19 11:16:16,705 [main] INFO  server.AbstractConnector (AbstractConnector.java:doStart(278)) - Started ServerConnector@8eb6f9a{HTTP/1.1,[http/1.1]}{0.0.0.0:46178}
2019-09-19 11:16:16,706 [main] INFO  server.Server (Server.java:doStart(419)) - Started @64201ms
2019-09-19 11:16:16,707 [main] INFO  server.BaseHttpServer (BaseHttpServer.java:updateConnectorAddress(213)) - HTTP server of HDDSDATANODE is listening at http://0.0.0.0:46178
2019-09-19 11:16:16,854 | INFO  | ObjectStoreRestHttpServer | Listening HDDS REST traffic on /0.0.0.0:39037 |  
2019-09-19 11:16:16,854 [main] INFO  ozone.HddsDatanodeService (HddsDatanodeService.java:startPlugins(395)) - Started plug-in org.apache.hadoop.ozone.web.OzoneHddsDatanodeService@5773d271
2019-09-19 11:16:16,854 [main] INFO  impl.MetricsSystemImpl (MetricsSystemImpl.java:init(158)) - HddsDatanode metrics system started (again)
2019-09-19 11:16:16,858 [main] INFO  ozone.HddsDatanodeService (HddsDatanodeService.java:start(184)) - HddsDatanodeService host:pr-hdds-1569-swxfz-3172132826 ip:192.168.157.226
2019-09-19 11:16:16,858 [org.apache.hadoop.util.JvmPauseMonitor$Monitor@709f9215] INFO  util.JvmPauseMonitor (JvmPauseMonitor.java:run(188)) - Starting JVM pause monitor
2019-09-19 11:16:16,861 [Datanode State Machine Thread - 0] INFO  datanode.InitDatanodeState (InitDatanodeState.java:persistContainerDatanodeDetails(140)) - DatanodeDetails is persisted to /workdir/hadoop-ozone/integration-test/target/test-dir/MiniOzoneClusterImpl-8515ba0f-6092-46e7-a8c4-ec3c572bc923/datanode-1/meta/datanode.id
2019-09-19 11:16:16,866 [main] INFO  volume.HddsVolume (HddsVolume.java:<init>(176)) - Creating Volume: /workdir/hadoop-ozone/integration-test/target/test-dir/MiniOzoneClusterImpl-8515ba0f-6092-46e7-a8c4-ec3c572bc923/datanode-2/data/containers/hdds of  storage type : DISK and capacity : 1482555576320
2019-09-19 11:16:16,877 [main] INFO  volume.VolumeSet (VolumeSet.java:initializeVolumeSet(170)) - Added Volume : /workdir/hadoop-ozone/integration-test/target/test-dir/MiniOzoneClusterImpl-8515ba0f-6092-46e7-a8c4-ec3c572bc923/datanode-2/data/containers/hdds to VolumeSet
2019-09-19 11:16:16,878 [main] INFO  volume.ThrottledAsyncChecker (ThrottledAsyncChecker.java:schedule(140)) - Scheduling a check for org.apache.hadoop.ozone.container.common.volume.HddsVolume@7404ddca
2019-09-19 11:16:16,878 [main] INFO  volume.HddsVolumeChecker (HddsVolumeChecker.java:checkAllVolumes(203)) - Scheduled health check for volume org.apache.hadoop.ozone.container.common.volume.HddsVolume@7404ddca
2019-09-19 11:16:16,896 [main] INFO  impl.RaftServerProxy (ConfUtils.java:logGet(43)) - raft.rpc.type = GRPC (default)
2019-09-19 11:16:16,896 [main] INFO  grpc.GrpcFactory (GrpcFactory.java:checkPooledByteBufAllocatorUseCacheForAllThreads(45)) - PERFORMANCE WARNING: useCacheForAllThreads is true that may cause Netty to create a lot garbage objects and, as a result, trigger GC.
	It is recommended to disable useCacheForAllThreads by setting -Dorg.apache.ratis.thirdparty.io.netty.allocator.useCacheForAllThreads=false in command line.
2019-09-19 11:16:16,897 [main] INFO  grpc.GrpcConfigKeys$Server (ConfUtils.java:logGet(43)) - raft.grpc.server.port = 0 (default)
2019-09-19 11:16:16,897 [main] INFO  server.GrpcService (ConfUtils.java:logGet(43)) - raft.grpc.message.size.max = 33570816 (custom)
2019-09-19 11:16:16,897 [main] INFO  server.RaftServerConfigKeys (ConfUtils.java:logGet(43)) - raft.server.log.appender.buffer.byte-limit = 33554432 (custom)
2019-09-19 11:16:16,897 [main] INFO  server.GrpcService (ConfUtils.java:logGet(43)) - raft.grpc.flow.control.window = 1MB (=1048576) (default)
2019-09-19 11:16:16,897 [main] INFO  server.RaftServerConfigKeys (ConfUtils.java:logGet(43)) - raft.server.rpc.request.timeout = 3000ms (default)
2019-09-19 11:16:16,898 [main] INFO  server.RaftServerConfigKeys (ConfUtils.java:logGet(43)) - raft.server.storage.dir = [/workdir/hadoop-ozone/integration-test/target/test-dir/MiniOzoneClusterImpl-8515ba0f-6092-46e7-a8c4-ec3c572bc923/datanode-2/data/ratis] (custom)
2019-09-19 11:16:16,899 [main] INFO  replication.SimpleContainerDownloader (SimpleContainerDownloader.java:<init>(72)) - Starting container downloader service to copy containers to replicate.
2019-09-19 11:16:16,900 [main] INFO  hdfs.DFSUtil (DFSUtil.java:httpServerTemplateForNNAndJN(1641)) - Starting Web-server for hddsDatanode at: http://0.0.0.0:0
2019-09-19 11:16:16,901 [main] INFO  server.AuthenticationFilter (AuthenticationFilter.java:constructSecretProvider(240)) - Unable to initialize FileSignerSecretProvider, falling back to use random secrets.
2019-09-19 11:16:16,902 [main] WARN  http.HttpRequestLog (HttpRequestLog.java:getRequestLog(97)) - Jetty request log can only be enabled using Log4j
2019-09-19 11:16:16,903 [main] INFO  http.HttpServer2 (HttpServer2.java:addGlobalFilter(975)) - Added global filter 'safety' (class=org.apache.hadoop.http.HttpServer2$QuotingInputFilter)
2019-09-19 11:16:16,904 [main] INFO  http.HttpServer2 (HttpServer2.java:addFilter(948)) - Added filter static_user_filter (class=org.apache.hadoop.http.lib.StaticUserWebFilter$StaticUserFilter) to context hddsDatanode
2019-09-19 11:16:16,904 [main] INFO  http.HttpServer2 (HttpServer2.java:addFilter(958)) - Added filter static_user_filter (class=org.apache.hadoop.http.lib.StaticUserWebFilter$StaticUserFilter) to context static
2019-09-19 11:16:16,904 [main] INFO  http.HttpServer2 (HttpServer2.java:addFilter(958)) - Added filter static_user_filter (class=org.apache.hadoop.http.lib.StaticUserWebFilter$StaticUserFilter) to context logs
2019-09-19 11:16:16,905 [main] INFO  http.HttpServer2 (HttpServer2.java:bindListener(1191)) - Jetty bound to port 35016
2019-09-19 11:16:16,905 [main] INFO  server.Server (Server.java:doStart(351)) - jetty-9.3.24.v20180605, build timestamp: 2018-06-05T17:11:56Z, git hash: 84205aa28f11a4f31f2a3b86d1bba2cc8ab69827
2019-09-19 11:16:16,907 [main] INFO  handler.ContextHandler (ContextHandler.java:doStart(781)) - Started o.e.j.s.ServletContextHandler@38f617f4{/logs,file:///workdir/hadoop-ozone/integration-test/target/log,AVAILABLE}
2019-09-19 11:16:16,907 [main] INFO  handler.ContextHandler (ContextHandler.java:doStart(781)) - Started o.e.j.s.ServletContextHandler@3dea226b{/static,jar:file:/home/user/.m2/repository/org/apache/hadoop/hadoop-hdds-container-service/0.5.0-SNAPSHOT/hadoop-hdds-container-service-0.5.0-SNAPSHOT.jar!/webapps/static,AVAILABLE}
2019-09-19 11:16:16,936 [main] INFO  handler.ContextHandler (ContextHandler.java:doStart(781)) - Started o.e.j.w.WebAppContext@4b476233{/,file:///tmp/jetty-0.0.0.0-35016-hddsDatanode-_-any-2435899713593215183.dir/webapp/,AVAILABLE}{/hddsDatanode}
2019-09-19 11:16:16,937 [main] INFO  server.AbstractConnector (AbstractConnector.java:doStart(278)) - Started ServerConnector@72fb989b{HTTP/1.1,[http/1.1]}{0.0.0.0:35016}
2019-09-19 11:16:16,938 [main] INFO  server.Server (Server.java:doStart(419)) - Started @64433ms
2019-09-19 11:16:16,939 [main] INFO  server.BaseHttpServer (BaseHttpServer.java:updateConnectorAddress(213)) - HTTP server of HDDSDATANODE is listening at http://0.0.0.0:35016
2019-09-19 11:16:17,105 | INFO  | ObjectStoreRestHttpServer | Listening HDDS REST traffic on /0.0.0.0:45770 |  
2019-09-19 11:16:17,105 [main] INFO  ozone.HddsDatanodeService (HddsDatanodeService.java:startPlugins(395)) - Started plug-in org.apache.hadoop.ozone.web.OzoneHddsDatanodeService@4cd7d5e1
2019-09-19 11:16:17,105 [main] INFO  ozone.MiniOzoneClusterImpl (MiniOzoneClusterImpl.java:lambda$waitForClusterToBeReady$0(142)) - Waiting for cluster to be ready. Got 0 of 3 DN Heartbeats.
2019-09-19 11:16:17,108 [org.apache.hadoop.util.JvmPauseMonitor$Monitor@10f175ba] INFO  util.JvmPauseMonitor (JvmPauseMonitor.java:run(188)) - Starting JVM pause monitor
2019-09-19 11:16:17,110 [Datanode State Machine Thread - 0] INFO  datanode.InitDatanodeState (InitDatanodeState.java:persistContainerDatanodeDetails(140)) - DatanodeDetails is persisted to /workdir/hadoop-ozone/integration-test/target/test-dir/MiniOzoneClusterImpl-8515ba0f-6092-46e7-a8c4-ec3c572bc923/datanode-2/meta/datanode.id
2019-09-19 11:16:18,106 [main] INFO  ozone.MiniOzoneClusterImpl (MiniOzoneClusterImpl.java:lambda$waitForClusterToBeReady$0(142)) - Waiting for cluster to be ready. Got 0 of 3 DN Heartbeats.
2019-09-19 11:16:18,649 | INFO  | SCMAudit | user=jenkins1000 | ip=192.168.157.226 | op=GET_VERSION null | ret=SUCCESS |  
2019-09-19 11:16:18,689 [Datanode State Machine Thread - 0] INFO  ozoneimpl.OzoneContainer (OzoneContainer.java:start(186)) - Attempting to start container services.
2019-09-19 11:16:18,689 [Datanode State Machine Thread - 0] INFO  ozoneimpl.OzoneContainer (OzoneContainer.java:startContainerScrub(160)) - Background container scrubber has been disabled by hdds.containerscrub.enabled
2019-09-19 11:16:18,689 [Datanode State Machine Thread - 0] INFO  ratis.XceiverServerRatis (XceiverServerRatis.java:start(404)) - Starting XceiverServerRatis 8cd5f598-2a46-400f-8a57-63ae7d396db4 at port 0
2019-09-19 11:16:18,699 [Datanode State Machine Thread - 0] INFO  impl.RaftServerProxy (RaftServerProxy.java:lambda$start$3(299)) - 8cd5f598-2a46-400f-8a57-63ae7d396db4: start RPC server
2019-09-19 11:16:18,702 [Datanode State Machine Thread - 0] INFO  server.GrpcService (GrpcService.java:startImpl(149)) - 8cd5f598-2a46-400f-8a57-63ae7d396db4: GrpcService started, listening on 0.0.0.0/0.0.0.0:44184
2019-09-19 11:16:18,703 [Datanode State Machine Thread - 0] INFO  ratis.XceiverServerRatis (XceiverServerRatis.java:start(414)) - XceiverServerRatis 8cd5f598-2a46-400f-8a57-63ae7d396db4 is started using port 44184
2019-09-19 11:16:18,703 [Datanode State Machine Thread - 0] INFO  server.XceiverServerGrpc (XceiverServerGrpc.java:start(163)) - XceiverServerGrpc 8cd5f598-2a46-400f-8a57-63ae7d396db4 is started using port 38758
2019-09-19 11:16:18,861 | INFO  | SCMAudit | user=jenkins1000 | ip=192.168.157.226 | op=GET_VERSION null | ret=SUCCESS |  
2019-09-19 11:16:18,877 [Datanode State Machine Thread - 0] INFO  ozoneimpl.OzoneContainer (OzoneContainer.java:start(186)) - Attempting to start container services.
2019-09-19 11:16:18,877 [Datanode State Machine Thread - 0] INFO  ozoneimpl.OzoneContainer (OzoneContainer.java:startContainerScrub(160)) - Background container scrubber has been disabled by hdds.containerscrub.enabled
2019-09-19 11:16:18,877 [Datanode State Machine Thread - 0] INFO  ratis.XceiverServerRatis (XceiverServerRatis.java:start(404)) - Starting XceiverServerRatis 5fa13453-57b5-4cad-91e0-01499166b24e at port 0
2019-09-19 11:16:18,888 [Datanode State Machine Thread - 0] INFO  impl.RaftServerProxy (RaftServerProxy.java:lambda$start$3(299)) - 5fa13453-57b5-4cad-91e0-01499166b24e: start RPC server
2019-09-19 11:16:18,889 [Datanode State Machine Thread - 0] INFO  server.GrpcService (GrpcService.java:startImpl(149)) - 5fa13453-57b5-4cad-91e0-01499166b24e: GrpcService started, listening on 0.0.0.0/0.0.0.0:39923
2019-09-19 11:16:18,889 [Datanode State Machine Thread - 0] INFO  ratis.XceiverServerRatis (XceiverServerRatis.java:start(414)) - XceiverServerRatis 5fa13453-57b5-4cad-91e0-01499166b24e is started using port 39923
2019-09-19 11:16:18,890 [Datanode State Machine Thread - 0] INFO  server.XceiverServerGrpc (XceiverServerGrpc.java:start(163)) - XceiverServerGrpc 5fa13453-57b5-4cad-91e0-01499166b24e is started using port 33086
2019-09-19 11:16:19,107 [main] INFO  ozone.MiniOzoneClusterImpl (MiniOzoneClusterImpl.java:lambda$waitForClusterToBeReady$0(142)) - Waiting for cluster to be ready. Got 0 of 3 DN Heartbeats.
2019-09-19 11:16:19,112 | INFO  | SCMAudit | user=jenkins1000 | ip=192.168.157.226 | op=GET_VERSION null | ret=SUCCESS |  
2019-09-19 11:16:19,127 [Datanode State Machine Thread - 0] INFO  ozoneimpl.OzoneContainer (OzoneContainer.java:start(186)) - Attempting to start container services.
2019-09-19 11:16:19,130 [Datanode State Machine Thread - 0] INFO  ozoneimpl.OzoneContainer (OzoneContainer.java:startContainerScrub(160)) - Background container scrubber has been disabled by hdds.containerscrub.enabled
2019-09-19 11:16:19,130 [Datanode State Machine Thread - 0] INFO  ratis.XceiverServerRatis (XceiverServerRatis.java:start(404)) - Starting XceiverServerRatis d807390a-82a8-4cb9-8bc5-f0775ff05710 at port 0
2019-09-19 11:16:19,140 [Datanode State Machine Thread - 0] INFO  impl.RaftServerProxy (RaftServerProxy.java:lambda$start$3(299)) - d807390a-82a8-4cb9-8bc5-f0775ff05710: start RPC server
2019-09-19 11:16:19,142 [Datanode State Machine Thread - 0] INFO  server.GrpcService (GrpcService.java:startImpl(149)) - d807390a-82a8-4cb9-8bc5-f0775ff05710: GrpcService started, listening on 0.0.0.0/0.0.0.0:36100
2019-09-19 11:16:19,142 [Datanode State Machine Thread - 0] INFO  ratis.XceiverServerRatis (XceiverServerRatis.java:start(414)) - XceiverServerRatis d807390a-82a8-4cb9-8bc5-f0775ff05710 is started using port 36100
2019-09-19 11:16:19,143 [Datanode State Machine Thread - 0] INFO  server.XceiverServerGrpc (XceiverServerGrpc.java:start(163)) - XceiverServerGrpc d807390a-82a8-4cb9-8bc5-f0775ff05710 is started using port 44063
2019-09-19 11:16:20,107 [main] INFO  ozone.MiniOzoneClusterImpl (MiniOzoneClusterImpl.java:lambda$waitForClusterToBeReady$0(142)) - Waiting for cluster to be ready. Got 0 of 3 DN Heartbeats.
2019-09-19 11:16:20,649 [IPC Server handler 4 on 33813] INFO  net.NetworkTopology (NetworkTopologyImpl.java:add(110)) - Added a new node: /default-rack/8cd5f598-2a46-400f-8a57-63ae7d396db4
2019-09-19 11:16:20,650 [IPC Server handler 4 on 33813] INFO  node.SCMNodeManager (SCMNodeManager.java:register(273)) - Registered Data node : 8cd5f598-2a46-400f-8a57-63ae7d396db4{ip: 192.168.157.226, host: pr-hdds-1569-swxfz-3172132826, networkLocation: /default-rack, certSerialId: null}
2019-09-19 11:16:20,654 [EventQueue-NodeRegistrationContainerReportForDataNodeSafeModeRule] INFO  safemode.SCMSafeModeManager (DataNodeSafeModeRule.java:process(71)) - SCM in safe mode. 1 DataNodes registered, 1 required.
2019-09-19 11:16:20,655 [EventQueue-NodeRegistrationContainerReportForDataNodeSafeModeRule] INFO  safemode.SCMSafeModeManager (SCMSafeModeManager.java:validateSafeModeExitRules(177)) - ScmSafeModeManager, all rules are successfully validated
2019-09-19 11:16:20,656 [EventQueue-NodeRegistrationContainerReportForDataNodeSafeModeRule] INFO  safemode.SCMSafeModeManager (SCMSafeModeManager.java:exitSafeMode(193)) - SCM exiting safe mode.
2019-09-19 11:16:20,656 | INFO  | SCMAudit | user=jenkins1000 | ip=192.168.157.226 | op=REGISTER {datanodeDetails=8cd5f598-2a46-400f-8a57-63ae7d396db4{ip: 192.168.157.226, host: pr-hdds-1569-swxfz-3172132826, networkLocation: /default-rack, certSerialId: null}} | ret=SUCCESS |  
2019-09-19 11:16:20,682 [grpc-default-executor-0] INFO  impl.RaftServerProxy (RaftServerProxy.java:addNew(89)) - 8cd5f598-2a46-400f-8a57-63ae7d396db4: addNew group-53A0C3E7A385:[8cd5f598-2a46-400f-8a57-63ae7d396db4:192.168.157.226:44184] returns group-53A0C3E7A385:java.util.concurrent.CompletableFuture@7a692205[Not completed]
2019-09-19 11:16:20,687 [pool-80-thread-1] INFO  impl.RaftServerImpl (RaftServerImpl.java:<init>(93)) - 8cd5f598-2a46-400f-8a57-63ae7d396db4: new RaftServerImpl for group-53A0C3E7A385:[8cd5f598-2a46-400f-8a57-63ae7d396db4:192.168.157.226:44184] with ContainerStateMachine:uninitialized
2019-09-19 11:16:20,687 [pool-80-thread-1] INFO  server.RaftServerConfigKeys (ConfUtils.java:logGet(43)) - raft.server.rpc.timeout.min = 5s (custom)
2019-09-19 11:16:20,687 [pool-80-thread-1] INFO  server.RaftServerConfigKeys (ConfUtils.java:logGet(43)) - raft.server.rpc.timeout.max = 5200ms (custom)
2019-09-19 11:16:20,688 [pool-80-thread-1] INFO  server.RaftServerConfigKeys (ConfUtils.java:logGet(43)) - raft.server.rpcslowness.timeout = 120s (custom)
2019-09-19 11:16:20,688 [pool-80-thread-1] INFO  server.RaftServerConfigKeys (ConfUtils.java:logGet(43)) - raft.server.sleep.deviation.threshold = 300 (default)
2019-09-19 11:16:20,688 [pool-80-thread-1] INFO  server.RaftServerConfigKeys (ConfUtils.java:logGet(43)) - raft.server.log.appender.install.snapshot.enabled = false (custom)
2019-09-19 11:16:20,688 [pool-80-thread-1] INFO  impl.RaftServerImpl (ServerState.java:<init>(105)) - 8cd5f598-2a46-400f-8a57-63ae7d396db4:group-53A0C3E7A385 ConfigurationManager, init=-1: [8cd5f598-2a46-400f-8a57-63ae7d396db4:192.168.157.226:44184], old=null, confs=<EMPTY_MAP>
2019-09-19 11:16:20,689 [pool-80-thread-1] INFO  server.RaftServerConfigKeys (ConfUtils.java:logGet(43)) - raft.server.storage.dir = [/workdir/hadoop-ozone/integration-test/target/test-dir/MiniOzoneClusterImpl-8515ba0f-6092-46e7-a8c4-ec3c572bc923/datanode-0/data/ratis] (custom)
2019-09-19 11:16:20,689 [pool-80-thread-1] INFO  storage.RaftStorageDirectory (RaftStorageDirectory.java:analyzeStorage(246)) - The storage directory /workdir/hadoop-ozone/integration-test/target/test-dir/MiniOzoneClusterImpl-8515ba0f-6092-46e7-a8c4-ec3c572bc923/datanode-0/data/ratis/96c7ca60-56f1-4c86-ab31-53a0c3e7a385 does not exist. Creating ...
2019-09-19 11:16:20,703 [pool-80-thread-1] INFO  storage.RaftStorageDirectory (RaftStorageDirectory.java:tryLock(328)) - Lock on /workdir/hadoop-ozone/integration-test/target/test-dir/MiniOzoneClusterImpl-8515ba0f-6092-46e7-a8c4-ec3c572bc923/datanode-0/data/ratis/96c7ca60-56f1-4c86-ab31-53a0c3e7a385/in_use.lock acquired by nodename 20864@pr-hdds-1569-swxfz-3172132826
2019-09-19 11:16:20,717 [pool-80-thread-1] INFO  storage.RaftStorage (RaftStorage.java:format(72)) - Storage directory /workdir/hadoop-ozone/integration-test/target/test-dir/MiniOzoneClusterImpl-8515ba0f-6092-46e7-a8c4-ec3c572bc923/datanode-0/data/ratis/96c7ca60-56f1-4c86-ab31-53a0c3e7a385 has been successfully formatted.
2019-09-19 11:16:20,717 [pool-80-thread-1] INFO  ratis.ContainerStateMachine (ContainerStateMachine.java:loadSnapshot(226)) - group-53A0C3E7A385: The snapshot info is null. Setting the last applied indexto:(t:0, i:~)
2019-09-19 11:16:20,717 [pool-80-thread-1] INFO  server.RaftServerConfigKeys (ConfUtils.java:logGet(43)) - raft.server.leader.election.timeout = 120s (custom)
2019-09-19 11:16:20,717 [pool-80-thread-1] INFO  server.RaftServerConfigKeys (ConfUtils.java:logGet(43)) - raft.server.log.use.memory = false (default)
2019-09-19 11:16:20,718 [pool-80-thread-1] INFO  server.RaftServerConfigKeys (ConfUtils.java:logGet(43)) - raft.server.log.purge.gap = 1000000 (custom)
2019-09-19 11:16:20,718 [pool-80-thread-1] INFO  server.RaftServerConfigKeys (ConfUtils.java:logGet(43)) - raft.server.log.appender.buffer.byte-limit = 33554432 (custom)
2019-09-19 11:16:20,718 [pool-80-thread-1] INFO  server.RaftServerConfigKeys (ConfUtils.java:logGet(43)) - raft.server.log.segment.size.max = 1048576 (custom)
2019-09-19 11:16:20,718 [pool-80-thread-1] INFO  server.RaftServerConfigKeys (ConfUtils.java:logGet(43)) - raft.server.log.segment.cache.num.max = 2 (custom)
2019-09-19 11:16:20,718 [pool-80-thread-1] INFO  segmented.SegmentedRaftLogWorker (SegmentedRaftLogWorker.java:<init>(172)) - new 8cd5f598-2a46-400f-8a57-63ae7d396db4-SegmentedRaftLogWorker:Storage Directory /workdir/hadoop-ozone/integration-test/target/test-dir/MiniOzoneClusterImpl-8515ba0f-6092-46e7-a8c4-ec3c572bc923/datanode-0/data/ratis/96c7ca60-56f1-4c86-ab31-53a0c3e7a385 for RaftStorage:Storage Directory /workdir/hadoop-ozone/integration-test/target/test-dir/MiniOzoneClusterImpl-8515ba0f-6092-46e7-a8c4-ec3c572bc923/datanode-0/data/ratis/96c7ca60-56f1-4c86-ab31-53a0c3e7a385
2019-09-19 11:16:20,719 [pool-80-thread-1] INFO  server.RaftServerConfigKeys (ConfUtils.java:logGet(43)) - raft.server.log.queue.byte-limit = 2147483647 (custom)
2019-09-19 11:16:20,719 [pool-80-thread-1] INFO  server.RaftServerConfigKeys (ConfUtils.java:logGet(43)) - raft.server.log.queue.element-limit = 1024 (custom)
2019-09-19 11:16:20,719 [pool-80-thread-1] INFO  server.RaftServerConfigKeys (ConfUtils.java:logGet(43)) - raft.server.log.segment.size.max = 1048576 (custom)
2019-09-19 11:16:20,719 [pool-80-thread-1] INFO  server.RaftServerConfigKeys (ConfUtils.java:logGet(43)) - raft.server.log.preallocated.size = 16384 (custom)
2019-09-19 11:16:20,720 [pool-80-thread-1] INFO  server.RaftServerConfigKeys (ConfUtils.java:logGet(43)) - raft.server.log.write.buffer.size = 33554432 (custom)
2019-09-19 11:16:20,720 [pool-80-thread-1] INFO  server.RaftServerConfigKeys (ConfUtils.java:logGet(43)) - raft.server.log.force.sync.num = 128 (default)
2019-09-19 11:16:20,720 [pool-80-thread-1] INFO  server.RaftServerConfigKeys (ConfUtils.java:logGet(43)) - raft.server.log.statemachine.data.sync = true (default)
2019-09-19 11:16:20,720 [pool-80-thread-1] INFO  server.RaftServerConfigKeys (ConfUtils.java:logGet(43)) - raft.server.log.statemachine.data.sync.timeout = 10s (default)
2019-09-19 11:16:20,720 [pool-80-thread-1] INFO  server.RaftServerConfigKeys (ConfUtils.java:logGet(43)) - raft.server.log.statemachine.data.sync.timeout.retry = -1 (default)
2019-09-19 11:16:20,721 [pool-80-thread-1] INFO  server.RaftServerConfigKeys (ConfUtils.java:logGet(43)) - raft.server.log.statemachine.data.caching.enabled = true (custom)
2019-09-19 11:16:20,721 [pool-80-thread-1] INFO  segmented.SegmentedRaftLogWorker (SegmentedRaftLogWorker.java:lambda$new$0(132)) - 8cd5f598-2a46-400f-8a57-63ae7d396db4-SegmentedRaftLogWorker:Storage Directory /workdir/hadoop-ozone/integration-test/target/test-dir/MiniOzoneClusterImpl-8515ba0f-6092-46e7-a8c4-ec3c572bc923/datanode-0/data/ratis/96c7ca60-56f1-4c86-ab31-53a0c3e7a385: flushIndex: setUnconditionally 0 -> -1
2019-09-19 11:16:20,722 [pool-80-thread-1] INFO  server.RaftServerConfigKeys (ConfUtils.java:logGet(43)) - raft.server.snapshot.auto.trigger.enabled = true (custom)
2019-09-19 11:16:20,722 [pool-80-thread-1] INFO  server.RaftServerConfigKeys (ConfUtils.java:logGet(43)) - raft.server.snapshot.auto.trigger.threshold = 10000 (custom)
2019-09-19 11:16:20,722 [pool-80-thread-1] INFO  server.RaftServerConfigKeys (ConfUtils.java:logGet(43)) - raft.server.retrycache.expirytime = 600000ms (custom)
2019-09-19 11:16:20,722 [pool-80-thread-1] INFO  impl.RaftServerImpl (RaftServerImpl.java:start(180)) - 8cd5f598-2a46-400f-8a57-63ae7d396db4: start group-53A0C3E7A385
2019-09-19 11:16:20,722 [pool-80-thread-1] INFO  impl.RaftServerImpl (RaftServerImpl.java:setRole(171)) - 8cd5f598-2a46-400f-8a57-63ae7d396db4:group-53A0C3E7A385 changes role from null to FOLLOWER at term 0 for startAsFollower
2019-09-19 11:16:20,723 [pool-80-thread-1] INFO  impl.RoleInfo (RoleInfo.java:updateAndGet(143)) - 8cd5f598-2a46-400f-8a57-63ae7d396db4: start FollowerState
2019-09-19 11:16:20,723 [pool-80-thread-1] INFO  util.JmxRegister (JmxRegister.java:tryRegister(44)) - Successfully registered JMX Bean with object name Ratis:service=RaftServer,group=group-53A0C3E7A385,id=8cd5f598-2a46-400f-8a57-63ae7d396db4
2019-09-19 11:16:20,733 [RatisPipelineUtilsThread] INFO  pipeline.PipelineStateManager (PipelineStateManager.java:addPipeline(56)) - Created pipeline Pipeline[ Id: 96c7ca60-56f1-4c86-ab31-53a0c3e7a385, Nodes: 8cd5f598-2a46-400f-8a57-63ae7d396db4{ip: 192.168.157.226, host: pr-hdds-1569-swxfz-3172132826, networkLocation: /default-rack, certSerialId: null}, Type:RATIS, Factor:ONE, State:OPEN]
2019-09-19 11:16:20,752 [grpc-default-executor-0] INFO  impl.RaftServerProxy (RaftServerProxy.java:addNew(89)) - 8cd5f598-2a46-400f-8a57-63ae7d396db4: addNew group-5B235B75A630:[8cd5f598-2a46-400f-8a57-63ae7d396db4:192.168.157.226:44184] returns group-5B235B75A630:java.util.concurrent.CompletableFuture@4bd9de58[Not completed]
2019-09-19 11:16:20,754 [pool-80-thread-1] INFO  impl.RaftServerImpl (RaftServerImpl.java:<init>(93)) - 8cd5f598-2a46-400f-8a57-63ae7d396db4: new RaftServerImpl for group-5B235B75A630:[8cd5f598-2a46-400f-8a57-63ae7d396db4:192.168.157.226:44184] with ContainerStateMachine:uninitialized
2019-09-19 11:16:20,754 [pool-80-thread-1] INFO  server.RaftServerConfigKeys (ConfUtils.java:logGet(43)) - raft.server.rpc.timeout.min = 5s (custom)
2019-09-19 11:16:20,754 [pool-80-thread-1] INFO  server.RaftServerConfigKeys (ConfUtils.java:logGet(43)) - raft.server.rpc.timeout.max = 5200ms (custom)
2019-09-19 11:16:20,754 [pool-80-thread-1] INFO  server.RaftServerConfigKeys (ConfUtils.java:logGet(43)) - raft.server.rpcslowness.timeout = 120s (custom)
2019-09-19 11:16:20,754 [pool-80-thread-1] INFO  server.RaftServerConfigKeys (ConfUtils.java:logGet(43)) - raft.server.sleep.deviation.threshold = 300 (default)
2019-09-19 11:16:20,754 [pool-80-thread-1] INFO  server.RaftServerConfigKeys (ConfUtils.java:logGet(43)) - raft.server.log.appender.install.snapshot.enabled = false (custom)
2019-09-19 11:16:20,755 [pool-80-thread-1] INFO  impl.RaftServerImpl (ServerState.java:<init>(105)) - 8cd5f598-2a46-400f-8a57-63ae7d396db4:group-5B235B75A630 ConfigurationManager, init=-1: [8cd5f598-2a46-400f-8a57-63ae7d396db4:192.168.157.226:44184], old=null, confs=<EMPTY_MAP>
2019-09-19 11:16:20,755 [pool-80-thread-1] INFO  server.RaftServerConfigKeys (ConfUtils.java:logGet(43)) - raft.server.storage.dir = [/workdir/hadoop-ozone/integration-test/target/test-dir/MiniOzoneClusterImpl-8515ba0f-6092-46e7-a8c4-ec3c572bc923/datanode-0/data/ratis] (custom)
2019-09-19 11:16:20,755 [pool-80-thread-1] INFO  storage.RaftStorageDirectory (RaftStorageDirectory.java:analyzeStorage(246)) - The storage directory /workdir/hadoop-ozone/integration-test/target/test-dir/MiniOzoneClusterImpl-8515ba0f-6092-46e7-a8c4-ec3c572bc923/datanode-0/data/ratis/4fb740d4-b330-4719-8d07-5b235b75a630 does not exist. Creating ...
2019-09-19 11:16:20,768 [pool-80-thread-1] INFO  storage.RaftStorageDirectory (RaftStorageDirectory.java:tryLock(328)) - Lock on /workdir/hadoop-ozone/integration-test/target/test-dir/MiniOzoneClusterImpl-8515ba0f-6092-46e7-a8c4-ec3c572bc923/datanode-0/data/ratis/4fb740d4-b330-4719-8d07-5b235b75a630/in_use.lock acquired by nodename 20864@pr-hdds-1569-swxfz-3172132826
2019-09-19 11:16:20,781 [pool-80-thread-1] INFO  storage.RaftStorage (RaftStorage.java:format(72)) - Storage directory /workdir/hadoop-ozone/integration-test/target/test-dir/MiniOzoneClusterImpl-8515ba0f-6092-46e7-a8c4-ec3c572bc923/datanode-0/data/ratis/4fb740d4-b330-4719-8d07-5b235b75a630 has been successfully formatted.
2019-09-19 11:16:20,781 [pool-80-thread-1] INFO  ratis.ContainerStateMachine (ContainerStateMachine.java:loadSnapshot(226)) - group-5B235B75A630: The snapshot info is null. Setting the last applied indexto:(t:0, i:~)
2019-09-19 11:16:20,782 [pool-80-thread-1] INFO  server.RaftServerConfigKeys (ConfUtils.java:logGet(43)) - raft.server.leader.election.timeout = 120s (custom)
2019-09-19 11:16:20,782 [pool-80-thread-1] INFO  server.RaftServerConfigKeys (ConfUtils.java:logGet(43)) - raft.server.log.use.memory = false (default)
2019-09-19 11:16:20,782 [pool-80-thread-1] INFO  server.RaftServerConfigKeys (ConfUtils.java:logGet(43)) - raft.server.log.purge.gap = 1000000 (custom)
2019-09-19 11:16:20,782 [pool-80-thread-1] INFO  server.RaftServerConfigKeys (ConfUtils.java:logGet(43)) - raft.server.log.appender.buffer.byte-limit = 33554432 (custom)
2019-09-19 11:16:20,782 [pool-80-thread-1] INFO  server.RaftServerConfigKeys (ConfUtils.java:logGet(43)) - raft.server.log.segment.size.max = 1048576 (custom)
2019-09-19 11:16:20,782 [pool-80-thread-1] INFO  server.RaftServerConfigKeys (ConfUtils.java:logGet(43)) - raft.server.log.segment.cache.num.max = 2 (custom)
2019-09-19 11:16:20,782 [pool-80-thread-1] INFO  segmented.SegmentedRaftLogWorker (SegmentedRaftLogWorker.java:<init>(172)) - new 8cd5f598-2a46-400f-8a57-63ae7d396db4-SegmentedRaftLogWorker:Storage Directory /workdir/hadoop-ozone/integration-test/target/test-dir/MiniOzoneClusterImpl-8515ba0f-6092-46e7-a8c4-ec3c572bc923/datanode-0/data/ratis/4fb740d4-b330-4719-8d07-5b235b75a630 for RaftStorage:Storage Directory /workdir/hadoop-ozone/integration-test/target/test-dir/MiniOzoneClusterImpl-8515ba0f-6092-46e7-a8c4-ec3c572bc923/datanode-0/data/ratis/4fb740d4-b330-4719-8d07-5b235b75a630
2019-09-19 11:16:20,783 [pool-80-thread-1] INFO  server.RaftServerConfigKeys (ConfUtils.java:logGet(43)) - raft.server.log.queue.byte-limit = 2147483647 (custom)
2019-09-19 11:16:20,783 [pool-80-thread-1] INFO  server.RaftServerConfigKeys (ConfUtils.java:logGet(43)) - raft.server.log.queue.element-limit = 1024 (custom)
2019-09-19 11:16:20,783 [pool-80-thread-1] INFO  server.RaftServerConfigKeys (ConfUtils.java:logGet(43)) - raft.server.log.segment.size.max = 1048576 (custom)
2019-09-19 11:16:20,783 [pool-80-thread-1] INFO  server.RaftServerConfigKeys (ConfUtils.java:logGet(43)) - raft.server.log.preallocated.size = 16384 (custom)
2019-09-19 11:16:20,783 [pool-80-thread-1] INFO  server.RaftServerConfigKeys (ConfUtils.java:logGet(43)) - raft.server.log.write.buffer.size = 33554432 (custom)
2019-09-19 11:16:20,783 [pool-80-thread-1] INFO  server.RaftServerConfigKeys (ConfUtils.java:logGet(43)) - raft.server.log.force.sync.num = 128 (default)
2019-09-19 11:16:20,783 [pool-80-thread-1] INFO  server.RaftServerConfigKeys (ConfUtils.java:logGet(43)) - raft.server.log.statemachine.data.sync = true (default)
2019-09-19 11:16:20,784 [pool-80-thread-1] INFO  server.RaftServerConfigKeys (ConfUtils.java:logGet(43)) - raft.server.log.statemachine.data.sync.timeout = 10s (default)
2019-09-19 11:16:20,784 [pool-80-thread-1] INFO  server.RaftServerConfigKeys (ConfUtils.java:logGet(43)) - raft.server.log.statemachine.data.sync.timeout.retry = -1 (default)
2019-09-19 11:16:20,784 [pool-80-thread-1] INFO  server.RaftServerConfigKeys (ConfUtils.java:logGet(43)) - raft.server.log.statemachine.data.caching.enabled = true (custom)
2019-09-19 11:16:20,784 [pool-80-thread-1] INFO  segmented.SegmentedRaftLogWorker (SegmentedRaftLogWorker.java:lambda$new$0(132)) - 8cd5f598-2a46-400f-8a57-63ae7d396db4-SegmentedRaftLogWorker:Storage Directory /workdir/hadoop-ozone/integration-test/target/test-dir/MiniOzoneClusterImpl-8515ba0f-6092-46e7-a8c4-ec3c572bc923/datanode-0/data/ratis/4fb740d4-b330-4719-8d07-5b235b75a630: flushIndex: setUnconditionally 0 -> -1
2019-09-19 11:16:20,785 [pool-80-thread-1] INFO  server.RaftServerConfigKeys (ConfUtils.java:logGet(43)) - raft.server.snapshot.auto.trigger.enabled = true (custom)
2019-09-19 11:16:20,785 [pool-80-thread-1] INFO  server.RaftServerConfigKeys (ConfUtils.java:logGet(43)) - raft.server.snapshot.auto.trigger.threshold = 10000 (custom)
2019-09-19 11:16:20,785 [pool-80-thread-1] INFO  server.RaftServerConfigKeys (ConfUtils.java:logGet(43)) - raft.server.retrycache.expirytime = 600000ms (custom)
2019-09-19 11:16:20,785 [pool-80-thread-1] INFO  impl.RaftServerImpl (RaftServerImpl.java:start(180)) - 8cd5f598-2a46-400f-8a57-63ae7d396db4: start group-5B235B75A630
2019-09-19 11:16:20,785 [pool-80-thread-1] INFO  impl.RaftServerImpl (RaftServerImpl.java:setRole(171)) - 8cd5f598-2a46-400f-8a57-63ae7d396db4:group-5B235B75A630 changes role from null to FOLLOWER at term 0 for startAsFollower
2019-09-19 11:16:20,786 [pool-80-thread-1] INFO  impl.RoleInfo (RoleInfo.java:updateAndGet(143)) - 8cd5f598-2a46-400f-8a57-63ae7d396db4: start FollowerState
2019-09-19 11:16:20,790 [pool-80-thread-1] INFO  util.JmxRegister (JmxRegister.java:tryRegister(44)) - Successfully registered JMX Bean with object name Ratis:service=RaftServer,group=group-5B235B75A630,id=8cd5f598-2a46-400f-8a57-63ae7d396db4
2019-09-19 11:16:20,802 [RatisPipelineUtilsThread] INFO  pipeline.PipelineStateManager (PipelineStateManager.java:addPipeline(56)) - Created pipeline Pipeline[ Id: 4fb740d4-b330-4719-8d07-5b235b75a630, Nodes: 8cd5f598-2a46-400f-8a57-63ae7d396db4{ip: 192.168.157.226, host: pr-hdds-1569-swxfz-3172132826, networkLocation: /default-rack, certSerialId: null}, Type:RATIS, Factor:ONE, State:OPEN]
2019-09-19 11:16:20,812 [grpc-default-executor-0] INFO  impl.RaftServerProxy (RaftServerProxy.java:addNew(89)) - 8cd5f598-2a46-400f-8a57-63ae7d396db4: addNew group-32938C3E9DB5:[8cd5f598-2a46-400f-8a57-63ae7d396db4:192.168.157.226:44184] returns group-32938C3E9DB5:java.util.concurrent.CompletableFuture@1a46dd4a[Not completed]
2019-09-19 11:16:20,813 [pool-80-thread-1] INFO  impl.RaftServerImpl (RaftServerImpl.java:<init>(93)) - 8cd5f598-2a46-400f-8a57-63ae7d396db4: new RaftServerImpl for group-32938C3E9DB5:[8cd5f598-2a46-400f-8a57-63ae7d396db4:192.168.157.226:44184] with ContainerStateMachine:uninitialized
2019-09-19 11:16:20,813 [pool-80-thread-1] INFO  server.RaftServerConfigKeys (ConfUtils.java:logGet(43)) - raft.server.rpc.timeout.min = 5s (custom)
2019-09-19 11:16:20,814 [pool-80-thread-1] INFO  server.RaftServerConfigKeys (ConfUtils.java:logGet(43)) - raft.server.rpc.timeout.max = 5200ms (custom)
2019-09-19 11:16:20,814 [pool-80-thread-1] INFO  server.RaftServerConfigKeys (ConfUtils.java:logGet(43)) - raft.server.rpcslowness.timeout = 120s (custom)
2019-09-19 11:16:20,814 [pool-80-thread-1] INFO  server.RaftServerConfigKeys (ConfUtils.java:logGet(43)) - raft.server.sleep.deviation.threshold = 300 (default)
2019-09-19 11:16:20,814 [pool-80-thread-1] INFO  server.RaftServerConfigKeys (ConfUtils.java:logGet(43)) - raft.server.log.appender.install.snapshot.enabled = false (custom)
2019-09-19 11:16:20,814 [pool-80-thread-1] INFO  impl.RaftServerImpl (ServerState.java:<init>(105)) - 8cd5f598-2a46-400f-8a57-63ae7d396db4:group-32938C3E9DB5 ConfigurationManager, init=-1: [8cd5f598-2a46-400f-8a57-63ae7d396db4:192.168.157.226:44184], old=null, confs=<EMPTY_MAP>
2019-09-19 11:16:20,814 [pool-80-thread-1] INFO  server.RaftServerConfigKeys (ConfUtils.java:logGet(43)) - raft.server.storage.dir = [/workdir/hadoop-ozone/integration-test/target/test-dir/MiniOzoneClusterImpl-8515ba0f-6092-46e7-a8c4-ec3c572bc923/datanode-0/data/ratis] (custom)
2019-09-19 11:16:20,815 [pool-80-thread-1] INFO  storage.RaftStorageDirectory (RaftStorageDirectory.java:analyzeStorage(246)) - The storage directory /workdir/hadoop-ozone/integration-test/target/test-dir/MiniOzoneClusterImpl-8515ba0f-6092-46e7-a8c4-ec3c572bc923/datanode-0/data/ratis/68e3ad90-a789-4ba6-8938-32938c3e9db5 does not exist. Creating ...
2019-09-19 11:16:20,827 [pool-80-thread-1] INFO  storage.RaftStorageDirectory (RaftStorageDirectory.java:tryLock(328)) - Lock on /workdir/hadoop-ozone/integration-test/target/test-dir/MiniOzoneClusterImpl-8515ba0f-6092-46e7-a8c4-ec3c572bc923/datanode-0/data/ratis/68e3ad90-a789-4ba6-8938-32938c3e9db5/in_use.lock acquired by nodename 20864@pr-hdds-1569-swxfz-3172132826
2019-09-19 11:16:20,840 [pool-80-thread-1] INFO  storage.RaftStorage (RaftStorage.java:format(72)) - Storage directory /workdir/hadoop-ozone/integration-test/target/test-dir/MiniOzoneClusterImpl-8515ba0f-6092-46e7-a8c4-ec3c572bc923/datanode-0/data/ratis/68e3ad90-a789-4ba6-8938-32938c3e9db5 has been successfully formatted.
2019-09-19 11:16:20,840 [pool-80-thread-1] INFO  ratis.ContainerStateMachine (ContainerStateMachine.java:loadSnapshot(226)) - group-32938C3E9DB5: The snapshot info is null. Setting the last applied indexto:(t:0, i:~)
2019-09-19 11:16:20,840 [pool-80-thread-1] INFO  server.RaftServerConfigKeys (ConfUtils.java:logGet(43)) - raft.server.leader.election.timeout = 120s (custom)
2019-09-19 11:16:20,840 [pool-80-thread-1] INFO  server.RaftServerConfigKeys (ConfUtils.java:logGet(43)) - raft.server.log.use.memory = false (default)
2019-09-19 11:16:20,840 [pool-80-thread-1] INFO  server.RaftServerConfigKeys (ConfUtils.java:logGet(43)) - raft.server.log.purge.gap = 1000000 (custom)
2019-09-19 11:16:20,841 [pool-80-thread-1] INFO  server.RaftServerConfigKeys (ConfUtils.java:logGet(43)) - raft.server.log.appender.buffer.byte-limit = 33554432 (custom)
2019-09-19 11:16:20,841 [pool-80-thread-1] INFO  server.RaftServerConfigKeys (ConfUtils.java:logGet(43)) - raft.server.log.segment.size.max = 1048576 (custom)
2019-09-19 11:16:20,841 [pool-80-thread-1] INFO  server.RaftServerConfigKeys (ConfUtils.java:logGet(43)) - raft.server.log.segment.cache.num.max = 2 (custom)
2019-09-19 11:16:20,841 [pool-80-thread-1] INFO  segmented.SegmentedRaftLogWorker (SegmentedRaftLogWorker.java:<init>(172)) - new 8cd5f598-2a46-400f-8a57-63ae7d396db4-SegmentedRaftLogWorker:Storage Directory /workdir/hadoop-ozone/integration-test/target/test-dir/MiniOzoneClusterImpl-8515ba0f-6092-46e7-a8c4-ec3c572bc923/datanode-0/data/ratis/68e3ad90-a789-4ba6-8938-32938c3e9db5 for RaftStorage:Storage Directory /workdir/hadoop-ozone/integration-test/target/test-dir/MiniOzoneClusterImpl-8515ba0f-6092-46e7-a8c4-ec3c572bc923/datanode-0/data/ratis/68e3ad90-a789-4ba6-8938-32938c3e9db5
2019-09-19 11:16:20,841 [pool-80-thread-1] INFO  server.RaftServerConfigKeys (ConfUtils.java:logGet(43)) - raft.server.log.queue.byte-limit = 2147483647 (custom)
2019-09-19 11:16:20,841 [pool-80-thread-1] INFO  server.RaftServerConfigKeys (ConfUtils.java:logGet(43)) - raft.server.log.queue.element-limit = 1024 (custom)
2019-09-19 11:16:20,841 [pool-80-thread-1] INFO  server.RaftServerConfigKeys (ConfUtils.java:logGet(43)) - raft.server.log.segment.size.max = 1048576 (custom)
2019-09-19 11:16:20,841 [pool-80-thread-1] INFO  server.RaftServerConfigKeys (ConfUtils.java:logGet(43)) - raft.server.log.preallocated.size = 16384 (custom)
2019-09-19 11:16:20,841 [pool-80-thread-1] INFO  server.RaftServerConfigKeys (ConfUtils.java:logGet(43)) - raft.server.log.write.buffer.size = 33554432 (custom)
2019-09-19 11:16:20,842 [pool-80-thread-1] INFO  server.RaftServerConfigKeys (ConfUtils.java:logGet(43)) - raft.server.log.force.sync.num = 128 (default)
2019-09-19 11:16:20,842 [pool-80-thread-1] INFO  server.RaftServerConfigKeys (ConfUtils.java:logGet(43)) - raft.server.log.statemachine.data.sync = true (default)
2019-09-19 11:16:20,842 [pool-80-thread-1] INFO  server.RaftServerConfigKeys (ConfUtils.java:logGet(43)) - raft.server.log.statemachine.data.sync.timeout = 10s (default)
2019-09-19 11:16:20,842 [pool-80-thread-1] INFO  server.RaftServerConfigKeys (ConfUtils.java:logGet(43)) - raft.server.log.statemachine.data.sync.timeout.retry = -1 (default)
2019-09-19 11:16:20,842 [pool-80-thread-1] INFO  server.RaftServerConfigKeys (ConfUtils.java:logGet(43)) - raft.server.log.statemachine.data.caching.enabled = true (custom)
2019-09-19 11:16:20,842 [pool-80-thread-1] INFO  segmented.SegmentedRaftLogWorker (SegmentedRaftLogWorker.java:lambda$new$0(132)) - 8cd5f598-2a46-400f-8a57-63ae7d396db4-SegmentedRaftLogWorker:Storage Directory /workdir/hadoop-ozone/integration-test/target/test-dir/MiniOzoneClusterImpl-8515ba0f-6092-46e7-a8c4-ec3c572bc923/datanode-0/data/ratis/68e3ad90-a789-4ba6-8938-32938c3e9db5: flushIndex: setUnconditionally 0 -> -1
2019-09-19 11:16:20,843 [pool-80-thread-1] INFO  server.RaftServerConfigKeys (ConfUtils.java:logGet(43)) - raft.server.snapshot.auto.trigger.enabled = true (custom)
2019-09-19 11:16:20,843 [pool-80-thread-1] INFO  server.RaftServerConfigKeys (ConfUtils.java:logGet(43)) - raft.server.snapshot.auto.trigger.threshold = 10000 (custom)
2019-09-19 11:16:20,843 [pool-80-thread-1] INFO  server.RaftServerConfigKeys (ConfUtils.java:logGet(43)) - raft.server.retrycache.expirytime = 600000ms (custom)
2019-09-19 11:16:20,843 [pool-80-thread-1] INFO  impl.RaftServerImpl (RaftServerImpl.java:start(180)) - 8cd5f598-2a46-400f-8a57-63ae7d396db4: start group-32938C3E9DB5
2019-09-19 11:16:20,843 [pool-80-thread-1] INFO  impl.RaftServerImpl (RaftServerImpl.java:setRole(171)) - 8cd5f598-2a46-400f-8a57-63ae7d396db4:group-32938C3E9DB5 changes role from null to FOLLOWER at term 0 for startAsFollower
2019-09-19 11:16:20,843 [pool-80-thread-1] INFO  impl.RoleInfo (RoleInfo.java:updateAndGet(143)) - 8cd5f598-2a46-400f-8a57-63ae7d396db4: start FollowerState
2019-09-19 11:16:20,844 [pool-80-thread-1] INFO  util.JmxRegister (JmxRegister.java:tryRegister(44)) - Successfully registered JMX Bean with object name Ratis:service=RaftServer,group=group-32938C3E9DB5,id=8cd5f598-2a46-400f-8a57-63ae7d396db4
2019-09-19 11:16:20,849 [RatisPipelineUtilsThread] INFO  pipeline.PipelineStateManager (PipelineStateManager.java:addPipeline(56)) - Created pipeline Pipeline[ Id: 68e3ad90-a789-4ba6-8938-32938c3e9db5, Nodes: 8cd5f598-2a46-400f-8a57-63ae7d396db4{ip: 192.168.157.226, host: pr-hdds-1569-swxfz-3172132826, networkLocation: /default-rack, certSerialId: null}, Type:RATIS, Factor:ONE, State:OPEN]
2019-09-19 11:16:20,858 [grpc-default-executor-0] INFO  impl.RaftServerProxy (RaftServerProxy.java:addNew(89)) - 8cd5f598-2a46-400f-8a57-63ae7d396db4: addNew group-9ED8C6DCF5DC:[8cd5f598-2a46-400f-8a57-63ae7d396db4:192.168.157.226:44184] returns group-9ED8C6DCF5DC:java.util.concurrent.CompletableFuture@7e13d78e[Not completed]
2019-09-19 11:16:20,865 [pool-80-thread-1] INFO  impl.RaftServerImpl (RaftServerImpl.java:<init>(93)) - 8cd5f598-2a46-400f-8a57-63ae7d396db4: new RaftServerImpl for group-9ED8C6DCF5DC:[8cd5f598-2a46-400f-8a57-63ae7d396db4:192.168.157.226:44184] with ContainerStateMachine:uninitialized
2019-09-19 11:16:20,866 [pool-80-thread-1] INFO  server.RaftServerConfigKeys (ConfUtils.java:logGet(43)) - raft.server.rpc.timeout.min = 5s (custom)
2019-09-19 11:16:20,866 [IPC Server handler 3 on 33813] INFO  net.NetworkTopology (NetworkTopologyImpl.java:add(110)) - Added a new node: /default-rack/5fa13453-57b5-4cad-91e0-01499166b24e
2019-09-19 11:16:20,866 [pool-80-thread-1] INFO  server.RaftServerConfigKeys (ConfUtils.java:logGet(43)) - raft.server.rpc.timeout.max = 5200ms (custom)
2019-09-19 11:16:20,866 [IPC Server handler 3 on 33813] INFO  node.SCMNodeManager (SCMNodeManager.java:register(273)) - Registered Data node : 5fa13453-57b5-4cad-91e0-01499166b24e{ip: 192.168.157.226, host: pr-hdds-1569-swxfz-3172132826, networkLocation: /default-rack, certSerialId: null}
2019-09-19 11:16:20,866 [pool-80-thread-1] INFO  server.RaftServerConfigKeys (ConfUtils.java:logGet(43)) - raft.server.rpcslowness.timeout = 120s (custom)
2019-09-19 11:16:20,866 [pool-80-thread-1] INFO  server.RaftServerConfigKeys (ConfUtils.java:logGet(43)) - raft.server.sleep.deviation.threshold = 300 (default)
2019-09-19 11:16:20,866 [pool-80-thread-1] INFO  server.RaftServerConfigKeys (ConfUtils.java:logGet(43)) - raft.server.log.appender.install.snapshot.enabled = false (custom)
2019-09-19 11:16:20,866 | INFO  | SCMAudit | user=jenkins1000 | ip=192.168.157.226 | op=REGISTER {datanodeDetails=5fa13453-57b5-4cad-91e0-01499166b24e{ip: 192.168.157.226, host: pr-hdds-1569-swxfz-3172132826, networkLocation: /default-rack, certSerialId: null}} | ret=SUCCESS |  
2019-09-19 11:16:20,866 [pool-80-thread-1] INFO  impl.RaftServerImpl (ServerState.java:<init>(105)) - 8cd5f598-2a46-400f-8a57-63ae7d396db4:group-9ED8C6DCF5DC ConfigurationManager, init=-1: [8cd5f598-2a46-400f-8a57-63ae7d396db4:192.168.157.226:44184], old=null, confs=<EMPTY_MAP>
2019-09-19 11:16:20,867 [pool-80-thread-1] INFO  server.RaftServerConfigKeys (ConfUtils.java:logGet(43)) - raft.server.storage.dir = [/workdir/hadoop-ozone/integration-test/target/test-dir/MiniOzoneClusterImpl-8515ba0f-6092-46e7-a8c4-ec3c572bc923/datanode-0/data/ratis] (custom)
2019-09-19 11:16:20,867 [pool-80-thread-1] INFO  storage.RaftStorageDirectory (RaftStorageDirectory.java:analyzeStorage(246)) - The storage directory /workdir/hadoop-ozone/integration-test/target/test-dir/MiniOzoneClusterImpl-8515ba0f-6092-46e7-a8c4-ec3c572bc923/datanode-0/data/ratis/0cf99559-7195-40bf-a302-9ed8c6dcf5dc does not exist. Creating ...
2019-09-19 11:16:20,880 [pool-80-thread-1] INFO  storage.RaftStorageDirectory (RaftStorageDirectory.java:tryLock(328)) - Lock on /workdir/hadoop-ozone/integration-test/target/test-dir/MiniOzoneClusterImpl-8515ba0f-6092-46e7-a8c4-ec3c572bc923/datanode-0/data/ratis/0cf99559-7195-40bf-a302-9ed8c6dcf5dc/in_use.lock acquired by nodename 20864@pr-hdds-1569-swxfz-3172132826
2019-09-19 11:16:20,893 [pool-80-thread-1] INFO  storage.RaftStorage (RaftStorage.java:format(72)) - Storage directory /workdir/hadoop-ozone/integration-test/target/test-dir/MiniOzoneClusterImpl-8515ba0f-6092-46e7-a8c4-ec3c572bc923/datanode-0/data/ratis/0cf99559-7195-40bf-a302-9ed8c6dcf5dc has been successfully formatted.
2019-09-19 11:16:20,893 [pool-80-thread-1] INFO  ratis.ContainerStateMachine (ContainerStateMachine.java:loadSnapshot(226)) - group-9ED8C6DCF5DC: The snapshot info is null. Setting the last applied indexto:(t:0, i:~)
2019-09-19 11:16:20,893 [pool-80-thread-1] INFO  server.RaftServerConfigKeys (ConfUtils.java:logGet(43)) - raft.server.leader.election.timeout = 120s (custom)
2019-09-19 11:16:20,893 [pool-80-thread-1] INFO  server.RaftServerConfigKeys (ConfUtils.java:logGet(43)) - raft.server.log.use.memory = false (default)
2019-09-19 11:16:20,893 [pool-80-thread-1] INFO  server.RaftServerConfigKeys (ConfUtils.java:logGet(43)) - raft.server.log.purge.gap = 1000000 (custom)
2019-09-19 11:16:20,893 [pool-80-thread-1] INFO  server.RaftServerConfigKeys (ConfUtils.java:logGet(43)) - raft.server.log.appender.buffer.byte-limit = 33554432 (custom)
2019-09-19 11:16:20,893 [pool-80-thread-1] INFO  server.RaftServerConfigKeys (ConfUtils.java:logGet(43)) - raft.server.log.segment.size.max = 1048576 (custom)
2019-09-19 11:16:20,893 [pool-80-thread-1] INFO  server.RaftServerConfigKeys (ConfUtils.java:logGet(43)) - raft.server.log.segment.cache.num.max = 2 (custom)
2019-09-19 11:16:20,894 [pool-80-thread-1] INFO  segmented.SegmentedRaftLogWorker (SegmentedRaftLogWorker.java:<init>(172)) - new 8cd5f598-2a46-400f-8a57-63ae7d396db4-SegmentedRaftLogWorker:Storage Directory /workdir/hadoop-ozone/integration-test/target/test-dir/MiniOzoneClusterImpl-8515ba0f-6092-46e7-a8c4-ec3c572bc923/datanode-0/data/ratis/0cf99559-7195-40bf-a302-9ed8c6dcf5dc for RaftStorage:Storage Directory /workdir/hadoop-ozone/integration-test/target/test-dir/MiniOzoneClusterImpl-8515ba0f-6092-46e7-a8c4-ec3c572bc923/datanode-0/data/ratis/0cf99559-7195-40bf-a302-9ed8c6dcf5dc
2019-09-19 11:16:20,894 [pool-80-thread-1] INFO  server.RaftServerConfigKeys (ConfUtils.java:logGet(43)) - raft.server.log.queue.byte-limit = 2147483647 (custom)
2019-09-19 11:16:20,894 [pool-80-thread-1] INFO  server.RaftServerConfigKeys (ConfUtils.java:logGet(43)) - raft.server.log.queue.element-limit = 1024 (custom)
2019-09-19 11:16:20,894 [pool-80-thread-1] INFO  server.RaftServerConfigKeys (ConfUtils.java:logGet(43)) - raft.server.log.segment.size.max = 1048576 (custom)
2019-09-19 11:16:20,894 [pool-80-thread-1] INFO  server.RaftServerConfigKeys (ConfUtils.java:logGet(43)) - raft.server.log.preallocated.size = 16384 (custom)
2019-09-19 11:16:20,894 [pool-80-thread-1] INFO  server.RaftServerConfigKeys (ConfUtils.java:logGet(43)) - raft.server.log.write.buffer.size = 33554432 (custom)
2019-09-19 11:16:20,894 [pool-80-thread-1] INFO  server.RaftServerConfigKeys (ConfUtils.java:logGet(43)) - raft.server.log.force.sync.num = 128 (default)
2019-09-19 11:16:20,894 [pool-80-thread-1] INFO  server.RaftServerConfigKeys (ConfUtils.java:logGet(43)) - raft.server.log.statemachine.data.sync = true (default)
2019-09-19 11:16:20,895 [pool-80-thread-1] INFO  server.RaftServerConfigKeys (ConfUtils.java:logGet(43)) - raft.server.log.statemachine.data.sync.timeout = 10s (default)
2019-09-19 11:16:20,895 [pool-80-thread-1] INFO  server.RaftServerConfigKeys (ConfUtils.java:logGet(43)) - raft.server.log.statemachine.data.sync.timeout.retry = -1 (default)
2019-09-19 11:16:20,895 [pool-80-thread-1] INFO  server.RaftServerConfigKeys (ConfUtils.java:logGet(43)) - raft.server.log.statemachine.data.caching.enabled = true (custom)
2019-09-19 11:16:20,895 [pool-80-thread-1] INFO  segmented.SegmentedRaftLogWorker (SegmentedRaftLogWorker.java:lambda$new$0(132)) - 8cd5f598-2a46-400f-8a57-63ae7d396db4-SegmentedRaftLogWorker:Storage Directory /workdir/hadoop-ozone/integration-test/target/test-dir/MiniOzoneClusterImpl-8515ba0f-6092-46e7-a8c4-ec3c572bc923/datanode-0/data/ratis/0cf99559-7195-40bf-a302-9ed8c6dcf5dc: flushIndex: setUnconditionally 0 -> -1
2019-09-19 11:16:20,895 [pool-80-thread-1] INFO  server.RaftServerConfigKeys (ConfUtils.java:logGet(43)) - raft.server.snapshot.auto.trigger.enabled = true (custom)
2019-09-19 11:16:20,895 [pool-80-thread-1] INFO  server.RaftServerConfigKeys (ConfUtils.java:logGet(43)) - raft.server.snapshot.auto.trigger.threshold = 10000 (custom)
2019-09-19 11:16:20,896 [pool-80-thread-1] INFO  server.RaftServerConfigKeys (ConfUtils.java:logGet(43)) - raft.server.retrycache.expirytime = 600000ms (custom)
2019-09-19 11:16:20,896 [pool-80-thread-1] INFO  impl.RaftServerImpl (RaftServerImpl.java:start(180)) - 8cd5f598-2a46-400f-8a57-63ae7d396db4: start group-9ED8C6DCF5DC
2019-09-19 11:16:20,896 [pool-80-thread-1] INFO  impl.RaftServerImpl (RaftServerImpl.java:setRole(171)) - 8cd5f598-2a46-400f-8a57-63ae7d396db4:group-9ED8C6DCF5DC changes role from null to FOLLOWER at term 0 for startAsFollower
2019-09-19 11:16:20,896 [pool-80-thread-1] INFO  impl.RoleInfo (RoleInfo.java:updateAndGet(143)) - 8cd5f598-2a46-400f-8a57-63ae7d396db4: start FollowerState
2019-09-19 11:16:20,896 [pool-80-thread-1] INFO  util.JmxRegister (JmxRegister.java:tryRegister(44)) - Successfully registered JMX Bean with object name Ratis:service=RaftServer,group=group-9ED8C6DCF5DC,id=8cd5f598-2a46-400f-8a57-63ae7d396db4
2019-09-19 11:16:20,901 [RatisPipelineUtilsThread] INFO  pipeline.PipelineStateManager (PipelineStateManager.java:addPipeline(56)) - Created pipeline Pipeline[ Id: 0cf99559-7195-40bf-a302-9ed8c6dcf5dc, Nodes: 8cd5f598-2a46-400f-8a57-63ae7d396db4{ip: 192.168.157.226, host: pr-hdds-1569-swxfz-3172132826, networkLocation: /default-rack, certSerialId: null}, Type:RATIS, Factor:ONE, State:OPEN]
2019-09-19 11:16:20,910 [grpc-default-executor-0] INFO  impl.RaftServerProxy (RaftServerProxy.java:addNew(89)) - 8cd5f598-2a46-400f-8a57-63ae7d396db4: addNew group-C485C0D729CA:[8cd5f598-2a46-400f-8a57-63ae7d396db4:192.168.157.226:44184] returns group-C485C0D729CA:java.util.concurrent.CompletableFuture@1e08a3b5[Not completed]
2019-09-19 11:16:20,911 [pool-80-thread-1] INFO  impl.RaftServerImpl (RaftServerImpl.java:<init>(93)) - 8cd5f598-2a46-400f-8a57-63ae7d396db4: new RaftServerImpl for group-C485C0D729CA:[8cd5f598-2a46-400f-8a57-63ae7d396db4:192.168.157.226:44184] with ContainerStateMachine:uninitialized
2019-09-19 11:16:20,912 [pool-80-thread-1] INFO  server.RaftServerConfigKeys (ConfUtils.java:logGet(43)) - raft.server.rpc.timeout.min = 5s (custom)
2019-09-19 11:16:20,912 [pool-80-thread-1] INFO  server.RaftServerConfigKeys (ConfUtils.java:logGet(43)) - raft.server.rpc.timeout.max = 5200ms (custom)
2019-09-19 11:16:20,912 [pool-80-thread-1] INFO  server.RaftServerConfigKeys (ConfUtils.java:logGet(43)) - raft.server.rpcslowness.timeout = 120s (custom)
2019-09-19 11:16:20,912 [pool-80-thread-1] INFO  server.RaftServerConfigKeys (ConfUtils.java:logGet(43)) - raft.server.sleep.deviation.threshold = 300 (default)
2019-09-19 11:16:20,912 [pool-80-thread-1] INFO  server.RaftServerConfigKeys (ConfUtils.java:logGet(43)) - raft.server.log.appender.install.snapshot.enabled = false (custom)
2019-09-19 11:16:20,912 [pool-80-thread-1] INFO  impl.RaftServerImpl (ServerState.java:<init>(105)) - 8cd5f598-2a46-400f-8a57-63ae7d396db4:group-C485C0D729CA ConfigurationManager, init=-1: [8cd5f598-2a46-400f-8a57-63ae7d396db4:192.168.157.226:44184], old=null, confs=<EMPTY_MAP>
2019-09-19 11:16:20,912 [pool-80-thread-1] INFO  server.RaftServerConfigKeys (ConfUtils.java:logGet(43)) - raft.server.storage.dir = [/workdir/hadoop-ozone/integration-test/target/test-dir/MiniOzoneClusterImpl-8515ba0f-6092-46e7-a8c4-ec3c572bc923/datanode-0/data/ratis] (custom)
2019-09-19 11:16:20,913 [pool-80-thread-1] INFO  storage.RaftStorageDirectory (RaftStorageDirectory.java:analyzeStorage(246)) - The storage directory /workdir/hadoop-ozone/integration-test/target/test-dir/MiniOzoneClusterImpl-8515ba0f-6092-46e7-a8c4-ec3c572bc923/datanode-0/data/ratis/d44c79ac-318d-41e2-8551-c485c0d729ca does not exist. Creating ...
2019-09-19 11:16:20,925 [pool-80-thread-1] INFO  storage.RaftStorageDirectory (RaftStorageDirectory.java:tryLock(328)) - Lock on /workdir/hadoop-ozone/integration-test/target/test-dir/MiniOzoneClusterImpl-8515ba0f-6092-46e7-a8c4-ec3c572bc923/datanode-0/data/ratis/d44c79ac-318d-41e2-8551-c485c0d729ca/in_use.lock acquired by nodename 20864@pr-hdds-1569-swxfz-3172132826
2019-09-19 11:16:20,938 [pool-80-thread-1] INFO  storage.RaftStorage (RaftStorage.java:format(72)) - Storage directory /workdir/hadoop-ozone/integration-test/target/test-dir/MiniOzoneClusterImpl-8515ba0f-6092-46e7-a8c4-ec3c572bc923/datanode-0/data/ratis/d44c79ac-318d-41e2-8551-c485c0d729ca has been successfully formatted.
2019-09-19 11:16:20,939 [pool-80-thread-1] INFO  ratis.ContainerStateMachine (ContainerStateMachine.java:loadSnapshot(226)) - group-C485C0D729CA: The snapshot info is null. Setting the last applied indexto:(t:0, i:~)
2019-09-19 11:16:20,939 [pool-80-thread-1] INFO  server.RaftServerConfigKeys (ConfUtils.java:logGet(43)) - raft.server.leader.election.timeout = 120s (custom)
2019-09-19 11:16:20,939 [pool-80-thread-1] INFO  server.RaftServerConfigKeys (ConfUtils.java:logGet(43)) - raft.server.log.use.memory = false (default)
2019-09-19 11:16:20,939 [pool-80-thread-1] INFO  server.RaftServerConfigKeys (ConfUtils.java:logGet(43)) - raft.server.log.purge.gap = 1000000 (custom)
2019-09-19 11:16:20,939 [pool-80-thread-1] INFO  server.RaftServerConfigKeys (ConfUtils.java:logGet(43)) - raft.server.log.appender.buffer.byte-limit = 33554432 (custom)
2019-09-19 11:16:20,939 [pool-80-thread-1] INFO  server.RaftServerConfigKeys (ConfUtils.java:logGet(43)) - raft.server.log.segment.size.max = 1048576 (custom)
2019-09-19 11:16:20,940 [pool-80-thread-1] INFO  server.RaftServerConfigKeys (ConfUtils.java:logGet(43)) - raft.server.log.segment.cache.num.max = 2 (custom)
2019-09-19 11:16:20,940 [pool-80-thread-1] INFO  segmented.SegmentedRaftLogWorker (SegmentedRaftLogWorker.java:<init>(172)) - new 8cd5f598-2a46-400f-8a57-63ae7d396db4-SegmentedRaftLogWorker:Storage Directory /workdir/hadoop-ozone/integration-test/target/test-dir/MiniOzoneClusterImpl-8515ba0f-6092-46e7-a8c4-ec3c572bc923/datanode-0/data/ratis/d44c79ac-318d-41e2-8551-c485c0d729ca for RaftStorage:Storage Directory /workdir/hadoop-ozone/integration-test/target/test-dir/MiniOzoneClusterImpl-8515ba0f-6092-46e7-a8c4-ec3c572bc923/datanode-0/data/ratis/d44c79ac-318d-41e2-8551-c485c0d729ca
2019-09-19 11:16:20,940 [pool-80-thread-1] INFO  server.RaftServerConfigKeys (ConfUtils.java:logGet(43)) - raft.server.log.queue.byte-limit = 2147483647 (custom)
2019-09-19 11:16:20,940 [pool-80-thread-1] INFO  server.RaftServerConfigKeys (ConfUtils.java:logGet(43)) - raft.server.log.queue.element-limit = 1024 (custom)
2019-09-19 11:16:20,940 [pool-80-thread-1] INFO  server.RaftServerConfigKeys (ConfUtils.java:logGet(43)) - raft.server.log.segment.size.max = 1048576 (custom)
2019-09-19 11:16:20,940 [pool-80-thread-1] INFO  server.RaftServerConfigKeys (ConfUtils.java:logGet(43)) - raft.server.log.preallocated.size = 16384 (custom)
2019-09-19 11:16:20,940 [pool-80-thread-1] INFO  server.RaftServerConfigKeys (ConfUtils.java:logGet(43)) - raft.server.log.write.buffer.size = 33554432 (custom)
2019-09-19 11:16:20,941 [pool-80-thread-1] INFO  server.RaftServerConfigKeys (ConfUtils.java:logGet(43)) - raft.server.log.force.sync.num = 128 (default)
2019-09-19 11:16:20,941 [pool-80-thread-1] INFO  server.RaftServerConfigKeys (ConfUtils.java:logGet(43)) - raft.server.log.statemachine.data.sync = true (default)
2019-09-19 11:16:20,941 [pool-80-thread-1] INFO  server.RaftServerConfigKeys (ConfUtils.java:logGet(43)) - raft.server.log.statemachine.data.sync.timeout = 10s (default)
2019-09-19 11:16:20,941 [pool-80-thread-1] INFO  server.RaftServerConfigKeys (ConfUtils.java:logGet(43)) - raft.server.log.statemachine.data.sync.timeout.retry = -1 (default)
2019-09-19 11:16:20,941 [pool-80-thread-1] INFO  server.RaftServerConfigKeys (ConfUtils.java:logGet(43)) - raft.server.log.statemachine.data.caching.enabled = true (custom)
2019-09-19 11:16:20,941 [pool-80-thread-1] INFO  segmented.SegmentedRaftLogWorker (SegmentedRaftLogWorker.java:lambda$new$0(132)) - 8cd5f598-2a46-400f-8a57-63ae7d396db4-SegmentedRaftLogWorker:Storage Directory /workdir/hadoop-ozone/integration-test/target/test-dir/MiniOzoneClusterImpl-8515ba0f-6092-46e7-a8c4-ec3c572bc923/datanode-0/data/ratis/d44c79ac-318d-41e2-8551-c485c0d729ca: flushIndex: setUnconditionally 0 -> -1
2019-09-19 11:16:20,942 [pool-80-thread-1] INFO  server.RaftServerConfigKeys (ConfUtils.java:logGet(43)) - raft.server.snapshot.auto.trigger.enabled = true (custom)
2019-09-19 11:16:20,942 [pool-80-thread-1] INFO  server.RaftServerConfigKeys (ConfUtils.java:logGet(43)) - raft.server.snapshot.auto.trigger.threshold = 10000 (custom)
2019-09-19 11:16:20,942 [pool-80-thread-1] INFO  server.RaftServerConfigKeys (ConfUtils.java:logGet(43)) - raft.server.retrycache.expirytime = 600000ms (custom)
2019-09-19 11:16:20,942 [pool-80-thread-1] INFO  impl.RaftServerImpl (RaftServerImpl.java:start(180)) - 8cd5f598-2a46-400f-8a57-63ae7d396db4: start group-C485C0D729CA
2019-09-19 11:16:20,942 [pool-80-thread-1] INFO  impl.RaftServerImpl (RaftServerImpl.java:setRole(171)) - 8cd5f598-2a46-400f-8a57-63ae7d396db4:group-C485C0D729CA changes role from null to FOLLOWER at term 0 for startAsFollower
2019-09-19 11:16:20,942 [pool-80-thread-1] INFO  impl.RoleInfo (RoleInfo.java:updateAndGet(143)) - 8cd5f598-2a46-400f-8a57-63ae7d396db4: start FollowerState
2019-09-19 11:16:20,943 [pool-80-thread-1] INFO  util.JmxRegister (JmxRegister.java:tryRegister(44)) - Successfully registered JMX Bean with object name Ratis:service=RaftServer,group=group-C485C0D729CA,id=8cd5f598-2a46-400f-8a57-63ae7d396db4
2019-09-19 11:16:20,947 [RatisPipelineUtilsThread] INFO  pipeline.PipelineStateManager (PipelineStateManager.java:addPipeline(56)) - Created pipeline Pipeline[ Id: d44c79ac-318d-41e2-8551-c485c0d729ca, Nodes: 8cd5f598-2a46-400f-8a57-63ae7d396db4{ip: 192.168.157.226, host: pr-hdds-1569-swxfz-3172132826, networkLocation: /default-rack, certSerialId: null}, Type:RATIS, Factor:ONE, State:OPEN]
2019-09-19 11:16:20,956 [grpc-default-executor-0] INFO  impl.RaftServerProxy (RaftServerProxy.java:addNew(89)) - 8cd5f598-2a46-400f-8a57-63ae7d396db4: addNew group-F550401D8AA6:[8cd5f598-2a46-400f-8a57-63ae7d396db4:192.168.157.226:44184] returns group-F550401D8AA6:java.util.concurrent.CompletableFuture@6a03fcae[Not completed]
2019-09-19 11:16:20,957 [pool-80-thread-1] INFO  impl.RaftServerImpl (RaftServerImpl.java:<init>(93)) - 8cd5f598-2a46-400f-8a57-63ae7d396db4: new RaftServerImpl for group-F550401D8AA6:[8cd5f598-2a46-400f-8a57-63ae7d396db4:192.168.157.226:44184] with ContainerStateMachine:uninitialized
2019-09-19 11:16:20,957 [pool-80-thread-1] INFO  server.RaftServerConfigKeys (ConfUtils.java:logGet(43)) - raft.server.rpc.timeout.min = 5s (custom)
2019-09-19 11:16:20,958 [pool-80-thread-1] INFO  server.RaftServerConfigKeys (ConfUtils.java:logGet(43)) - raft.server.rpc.timeout.max = 5200ms (custom)
2019-09-19 11:16:20,958 [pool-80-thread-1] INFO  server.RaftServerConfigKeys (ConfUtils.java:logGet(43)) - raft.server.rpcslowness.timeout = 120s (custom)
2019-09-19 11:16:20,958 [pool-80-thread-1] INFO  server.RaftServerConfigKeys (ConfUtils.java:logGet(43)) - raft.server.sleep.deviation.threshold = 300 (default)
2019-09-19 11:16:20,958 [pool-80-thread-1] INFO  server.RaftServerConfigKeys (ConfUtils.java:logGet(43)) - raft.server.log.appender.install.snapshot.enabled = false (custom)
2019-09-19 11:16:20,958 [pool-80-thread-1] INFO  impl.RaftServerImpl (ServerState.java:<init>(105)) - 8cd5f598-2a46-400f-8a57-63ae7d396db4:group-F550401D8AA6 ConfigurationManager, init=-1: [8cd5f598-2a46-400f-8a57-63ae7d396db4:192.168.157.226:44184], old=null, confs=<EMPTY_MAP>
2019-09-19 11:16:20,958 [pool-80-thread-1] INFO  server.RaftServerConfigKeys (ConfUtils.java:logGet(43)) - raft.server.storage.dir = [/workdir/hadoop-ozone/integration-test/target/test-dir/MiniOzoneClusterImpl-8515ba0f-6092-46e7-a8c4-ec3c572bc923/datanode-0/data/ratis] (custom)
2019-09-19 11:16:20,958 [pool-80-thread-1] INFO  storage.RaftStorageDirectory (RaftStorageDirectory.java:analyzeStorage(246)) - The storage directory /workdir/hadoop-ozone/integration-test/target/test-dir/MiniOzoneClusterImpl-8515ba0f-6092-46e7-a8c4-ec3c572bc923/datanode-0/data/ratis/927f7bcc-bbdf-441b-8e0b-f550401d8aa6 does not exist. Creating ...
2019-09-19 11:16:20,961 [pool-80-thread-1] INFO  storage.RaftStorageDirectory (RaftStorageDirectory.java:tryLock(328)) - Lock on /workdir/hadoop-ozone/integration-test/target/test-dir/MiniOzoneClusterImpl-8515ba0f-6092-46e7-a8c4-ec3c572bc923/datanode-0/data/ratis/927f7bcc-bbdf-441b-8e0b-f550401d8aa6/in_use.lock acquired by nodename 20864@pr-hdds-1569-swxfz-3172132826
2019-09-19 11:16:20,965 [pool-80-thread-1] INFO  storage.RaftStorage (RaftStorage.java:format(72)) - Storage directory /workdir/hadoop-ozone/integration-test/target/test-dir/MiniOzoneClusterImpl-8515ba0f-6092-46e7-a8c4-ec3c572bc923/datanode-0/data/ratis/927f7bcc-bbdf-441b-8e0b-f550401d8aa6 has been successfully formatted.
2019-09-19 11:16:20,965 [pool-80-thread-1] INFO  ratis.ContainerStateMachine (ContainerStateMachine.java:loadSnapshot(226)) - group-F550401D8AA6: The snapshot info is null. Setting the last applied indexto:(t:0, i:~)
2019-09-19 11:16:20,965 [pool-80-thread-1] INFO  server.RaftServerConfigKeys (ConfUtils.java:logGet(43)) - raft.server.leader.election.timeout = 120s (custom)
2019-09-19 11:16:20,965 [pool-80-thread-1] INFO  server.RaftServerConfigKeys (ConfUtils.java:logGet(43)) - raft.server.log.use.memory = false (default)
2019-09-19 11:16:20,966 [pool-80-thread-1] INFO  server.RaftServerConfigKeys (ConfUtils.java:logGet(43)) - raft.server.log.purge.gap = 1000000 (custom)
2019-09-19 11:16:20,966 [pool-80-thread-1] INFO  server.RaftServerConfigKeys (ConfUtils.java:logGet(43)) - raft.server.log.appender.buffer.byte-limit = 33554432 (custom)
2019-09-19 11:16:20,966 [pool-80-thread-1] INFO  server.RaftServerConfigKeys (ConfUtils.java:logGet(43)) - raft.server.log.segment.size.max = 1048576 (custom)
2019-09-19 11:16:20,966 [pool-80-thread-1] INFO  server.RaftServerConfigKeys (ConfUtils.java:logGet(43)) - raft.server.log.segment.cache.num.max = 2 (custom)
2019-09-19 11:16:20,966 [pool-80-thread-1] INFO  segmented.SegmentedRaftLogWorker (SegmentedRaftLogWorker.java:<init>(172)) - new 8cd5f598-2a46-400f-8a57-63ae7d396db4-SegmentedRaftLogWorker:Storage Directory /workdir/hadoop-ozone/integration-test/target/test-dir/MiniOzoneClusterImpl-8515ba0f-6092-46e7-a8c4-ec3c572bc923/datanode-0/data/ratis/927f7bcc-bbdf-441b-8e0b-f550401d8aa6 for RaftStorage:Storage Directory /workdir/hadoop-ozone/integration-test/target/test-dir/MiniOzoneClusterImpl-8515ba0f-6092-46e7-a8c4-ec3c572bc923/datanode-0/data/ratis/927f7bcc-bbdf-441b-8e0b-f550401d8aa6
2019-09-19 11:16:20,966 [pool-80-thread-1] INFO  server.RaftServerConfigKeys (ConfUtils.java:logGet(43)) - raft.server.log.queue.byte-limit = 2147483647 (custom)
2019-09-19 11:16:20,966 [pool-80-thread-1] INFO  server.RaftServerConfigKeys (ConfUtils.java:logGet(43)) - raft.server.log.queue.element-limit = 1024 (custom)
2019-09-19 11:16:20,966 [pool-80-thread-1] INFO  server.RaftServerConfigKeys (ConfUtils.java:logGet(43)) - raft.server.log.segment.size.max = 1048576 (custom)
2019-09-19 11:16:20,967 [pool-80-thread-1] INFO  server.RaftServerConfigKeys (ConfUtils.java:logGet(43)) - raft.server.log.preallocated.size = 16384 (custom)
2019-09-19 11:16:20,967 [pool-80-thread-1] INFO  server.RaftServerConfigKeys (ConfUtils.java:logGet(43)) - raft.server.log.write.buffer.size = 33554432 (custom)
2019-09-19 11:16:20,967 [pool-80-thread-1] INFO  server.RaftServerConfigKeys (ConfUtils.java:logGet(43)) - raft.server.log.force.sync.num = 128 (default)
2019-09-19 11:16:20,967 [pool-80-thread-1] INFO  server.RaftServerConfigKeys (ConfUtils.java:logGet(43)) - raft.server.log.statemachine.data.sync = true (default)
2019-09-19 11:16:20,967 [pool-80-thread-1] INFO  server.RaftServerConfigKeys (ConfUtils.java:logGet(43)) - raft.server.log.statemachine.data.sync.timeout = 10s (default)
2019-09-19 11:16:20,967 [pool-80-thread-1] INFO  server.RaftServerConfigKeys (ConfUtils.java:logGet(43)) - raft.server.log.statemachine.data.sync.timeout.retry = -1 (default)
2019-09-19 11:16:20,967 [pool-80-thread-1] INFO  server.RaftServerConfigKeys (ConfUtils.java:logGet(43)) - raft.server.log.statemachine.data.caching.enabled = true (custom)
2019-09-19 11:16:20,968 [pool-80-thread-1] INFO  segmented.SegmentedRaftLogWorker (SegmentedRaftLogWorker.java:lambda$new$0(132)) - 8cd5f598-2a46-400f-8a57-63ae7d396db4-SegmentedRaftLogWorker:Storage Directory /workdir/hadoop-ozone/integration-test/target/test-dir/MiniOzoneClusterImpl-8515ba0f-6092-46e7-a8c4-ec3c572bc923/datanode-0/data/ratis/927f7bcc-bbdf-441b-8e0b-f550401d8aa6: flushIndex: setUnconditionally 0 -> -1
2019-09-19 11:16:20,968 [pool-80-thread-1] INFO  server.RaftServerConfigKeys (ConfUtils.java:logGet(43)) - raft.server.snapshot.auto.trigger.enabled = true (custom)
2019-09-19 11:16:20,968 [pool-80-thread-1] INFO  server.RaftServerConfigKeys (ConfUtils.java:logGet(43)) - raft.server.snapshot.auto.trigger.threshold = 10000 (custom)
2019-09-19 11:16:20,968 [pool-80-thread-1] INFO  server.RaftServerConfigKeys (ConfUtils.java:logGet(43)) - raft.server.retrycache.expirytime = 600000ms (custom)
2019-09-19 11:16:20,968 [pool-80-thread-1] INFO  impl.RaftServerImpl (RaftServerImpl.java:start(180)) - 8cd5f598-2a46-400f-8a57-63ae7d396db4: start group-F550401D8AA6
2019-09-19 11:16:20,968 [pool-80-thread-1] INFO  impl.RaftServerImpl (RaftServerImpl.java:setRole(171)) - 8cd5f598-2a46-400f-8a57-63ae7d396db4:group-F550401D8AA6 changes role from null to FOLLOWER at term 0 for startAsFollower
2019-09-19 11:16:20,968 [pool-80-thread-1] INFO  impl.RoleInfo (RoleInfo.java:updateAndGet(143)) - 8cd5f598-2a46-400f-8a57-63ae7d396db4: start FollowerState
2019-09-19 11:16:20,969 [pool-80-thread-1] INFO  util.JmxRegister (JmxRegister.java:tryRegister(44)) - Successfully registered JMX Bean with object name Ratis:service=RaftServer,group=group-F550401D8AA6,id=8cd5f598-2a46-400f-8a57-63ae7d396db4
2019-09-19 11:16:20,973 [RatisPipelineUtilsThread] INFO  pipeline.PipelineStateManager (PipelineStateManager.java:addPipeline(56)) - Created pipeline Pipeline[ Id: 927f7bcc-bbdf-441b-8e0b-f550401d8aa6, Nodes: 8cd5f598-2a46-400f-8a57-63ae7d396db4{ip: 192.168.157.226, host: pr-hdds-1569-swxfz-3172132826, networkLocation: /default-rack, certSerialId: null}, Type:RATIS, Factor:ONE, State:OPEN]
2019-09-19 11:16:20,973 [RatisPipelineUtilsThread] ERROR pipeline.PipelinePlacementPolicy (PipelinePlacementPolicy.java:meetCriteria(91)) - Pipeline Placement: Doesn't meet the criteria to be viable node. Heaviness: 6
2019-09-19 11:16:20,983 [grpc-default-executor-0] INFO  impl.RaftServerProxy (RaftServerProxy.java:addNew(89)) - 5fa13453-57b5-4cad-91e0-01499166b24e: addNew group-E355DE860E40:[5fa13453-57b5-4cad-91e0-01499166b24e:192.168.157.226:39923] returns group-E355DE860E40:java.util.concurrent.CompletableFuture@2a9da6dd[Not completed]
2019-09-19 11:16:20,986 [pool-91-thread-1] INFO  impl.RaftServerImpl (RaftServerImpl.java:<init>(93)) - 5fa13453-57b5-4cad-91e0-01499166b24e: new RaftServerImpl for group-E355DE860E40:[5fa13453-57b5-4cad-91e0-01499166b24e:192.168.157.226:39923] with ContainerStateMachine:uninitialized
2019-09-19 11:16:20,987 [pool-91-thread-1] INFO  server.RaftServerConfigKeys (ConfUtils.java:logGet(43)) - raft.server.rpc.timeout.min = 5s (custom)
2019-09-19 11:16:20,987 [pool-91-thread-1] INFO  server.RaftServerConfigKeys (ConfUtils.java:logGet(43)) - raft.server.rpc.timeout.max = 5200ms (custom)
2019-09-19 11:16:20,987 [pool-91-thread-1] INFO  server.RaftServerConfigKeys (ConfUtils.java:logGet(43)) - raft.server.rpcslowness.timeout = 120s (custom)
2019-09-19 11:16:20,987 [pool-91-thread-1] INFO  server.RaftServerConfigKeys (ConfUtils.java:logGet(43)) - raft.server.sleep.deviation.threshold = 300 (default)
2019-09-19 11:16:20,987 [pool-91-thread-1] INFO  server.RaftServerConfigKeys (ConfUtils.java:logGet(43)) - raft.server.log.appender.install.snapshot.enabled = false (custom)
2019-09-19 11:16:20,987 [pool-91-thread-1] INFO  impl.RaftServerImpl (ServerState.java:<init>(105)) - 5fa13453-57b5-4cad-91e0-01499166b24e:group-E355DE860E40 ConfigurationManager, init=-1: [5fa13453-57b5-4cad-91e0-01499166b24e:192.168.157.226:39923], old=null, confs=<EMPTY_MAP>
2019-09-19 11:16:20,987 [pool-91-thread-1] INFO  server.RaftServerConfigKeys (ConfUtils.java:logGet(43)) - raft.server.storage.dir = [/workdir/hadoop-ozone/integration-test/target/test-dir/MiniOzoneClusterImpl-8515ba0f-6092-46e7-a8c4-ec3c572bc923/datanode-1/data/ratis] (custom)
2019-09-19 11:16:20,987 [pool-91-thread-1] INFO  storage.RaftStorageDirectory (RaftStorageDirectory.java:analyzeStorage(246)) - The storage directory /workdir/hadoop-ozone/integration-test/target/test-dir/MiniOzoneClusterImpl-8515ba0f-6092-46e7-a8c4-ec3c572bc923/datanode-1/data/ratis/d744a825-9634-43d2-b26b-e355de860e40 does not exist. Creating ...
2019-09-19 11:16:20,999 [pool-91-thread-1] INFO  storage.RaftStorageDirectory (RaftStorageDirectory.java:tryLock(328)) - Lock on /workdir/hadoop-ozone/integration-test/target/test-dir/MiniOzoneClusterImpl-8515ba0f-6092-46e7-a8c4-ec3c572bc923/datanode-1/data/ratis/d744a825-9634-43d2-b26b-e355de860e40/in_use.lock acquired by nodename 20864@pr-hdds-1569-swxfz-3172132826
2019-09-19 11:16:21,012 [pool-91-thread-1] INFO  storage.RaftStorage (RaftStorage.java:format(72)) - Storage directory /workdir/hadoop-ozone/integration-test/target/test-dir/MiniOzoneClusterImpl-8515ba0f-6092-46e7-a8c4-ec3c572bc923/datanode-1/data/ratis/d744a825-9634-43d2-b26b-e355de860e40 has been successfully formatted.
2019-09-19 11:16:21,012 [pool-91-thread-1] INFO  ratis.ContainerStateMachine (ContainerStateMachine.java:loadSnapshot(226)) - group-E355DE860E40: The snapshot info is null. Setting the last applied indexto:(t:0, i:~)
2019-09-19 11:16:21,012 [pool-91-thread-1] INFO  server.RaftServerConfigKeys (ConfUtils.java:logGet(43)) - raft.server.leader.election.timeout = 120s (custom)
2019-09-19 11:16:21,012 [pool-91-thread-1] INFO  server.RaftServerConfigKeys (ConfUtils.java:logGet(43)) - raft.server.log.use.memory = false (default)
2019-09-19 11:16:21,012 [pool-91-thread-1] INFO  server.RaftServerConfigKeys (ConfUtils.java:logGet(43)) - raft.server.log.purge.gap = 1000000 (custom)
2019-09-19 11:16:21,012 [pool-91-thread-1] INFO  server.RaftServerConfigKeys (ConfUtils.java:logGet(43)) - raft.server.log.appender.buffer.byte-limit = 33554432 (custom)
2019-09-19 11:16:21,012 [pool-91-thread-1] INFO  server.RaftServerConfigKeys (ConfUtils.java:logGet(43)) - raft.server.log.segment.size.max = 1048576 (custom)
2019-09-19 11:16:21,013 [pool-91-thread-1] INFO  server.RaftServerConfigKeys (ConfUtils.java:logGet(43)) - raft.server.log.segment.cache.num.max = 2 (custom)
2019-09-19 11:16:21,013 [pool-91-thread-1] INFO  segmented.SegmentedRaftLogWorker (SegmentedRaftLogWorker.java:<init>(172)) - new 5fa13453-57b5-4cad-91e0-01499166b24e-SegmentedRaftLogWorker:Storage Directory /workdir/hadoop-ozone/integration-test/target/test-dir/MiniOzoneClusterImpl-8515ba0f-6092-46e7-a8c4-ec3c572bc923/datanode-1/data/ratis/d744a825-9634-43d2-b26b-e355de860e40 for RaftStorage:Storage Directory /workdir/hadoop-ozone/integration-test/target/test-dir/MiniOzoneClusterImpl-8515ba0f-6092-46e7-a8c4-ec3c572bc923/datanode-1/data/ratis/d744a825-9634-43d2-b26b-e355de860e40
2019-09-19 11:16:21,013 [pool-91-thread-1] INFO  server.RaftServerConfigKeys (ConfUtils.java:logGet(43)) - raft.server.log.queue.byte-limit = 2147483647 (custom)
2019-09-19 11:16:21,013 [pool-91-thread-1] INFO  server.RaftServerConfigKeys (ConfUtils.java:logGet(43)) - raft.server.log.queue.element-limit = 1024 (custom)
2019-09-19 11:16:21,013 [pool-91-thread-1] INFO  server.RaftServerConfigKeys (ConfUtils.java:logGet(43)) - raft.server.log.segment.size.max = 1048576 (custom)
2019-09-19 11:16:21,013 [pool-91-thread-1] INFO  server.RaftServerConfigKeys (ConfUtils.java:logGet(43)) - raft.server.log.preallocated.size = 16384 (custom)
2019-09-19 11:16:21,013 [pool-91-thread-1] INFO  server.RaftServerConfigKeys (ConfUtils.java:logGet(43)) - raft.server.log.write.buffer.size = 33554432 (custom)
2019-09-19 11:16:21,013 [pool-91-thread-1] INFO  server.RaftServerConfigKeys (ConfUtils.java:logGet(43)) - raft.server.log.force.sync.num = 128 (default)
2019-09-19 11:16:21,014 [pool-91-thread-1] INFO  server.RaftServerConfigKeys (ConfUtils.java:logGet(43)) - raft.server.log.statemachine.data.sync = true (default)
2019-09-19 11:16:21,014 [pool-91-thread-1] INFO  server.RaftServerConfigKeys (ConfUtils.java:logGet(43)) - raft.server.log.statemachine.data.sync.timeout = 10s (default)
2019-09-19 11:16:21,014 [pool-91-thread-1] INFO  server.RaftServerConfigKeys (ConfUtils.java:logGet(43)) - raft.server.log.statemachine.data.sync.timeout.retry = -1 (default)
2019-09-19 11:16:21,014 [pool-91-thread-1] INFO  server.RaftServerConfigKeys (ConfUtils.java:logGet(43)) - raft.server.log.statemachine.data.caching.enabled = true (custom)
2019-09-19 11:16:21,014 [pool-91-thread-1] INFO  segmented.SegmentedRaftLogWorker (SegmentedRaftLogWorker.java:lambda$new$0(132)) - 5fa13453-57b5-4cad-91e0-01499166b24e-SegmentedRaftLogWorker:Storage Directory /workdir/hadoop-ozone/integration-test/target/test-dir/MiniOzoneClusterImpl-8515ba0f-6092-46e7-a8c4-ec3c572bc923/datanode-1/data/ratis/d744a825-9634-43d2-b26b-e355de860e40: flushIndex: setUnconditionally 0 -> -1
2019-09-19 11:16:21,015 [pool-91-thread-1] INFO  server.RaftServerConfigKeys (ConfUtils.java:logGet(43)) - raft.server.snapshot.auto.trigger.enabled = true (custom)
2019-09-19 11:16:21,015 [pool-91-thread-1] INFO  server.RaftServerConfigKeys (ConfUtils.java:logGet(43)) - raft.server.snapshot.auto.trigger.threshold = 10000 (custom)
2019-09-19 11:16:21,015 [pool-91-thread-1] INFO  server.RaftServerConfigKeys (ConfUtils.java:logGet(43)) - raft.server.retrycache.expirytime = 600000ms (custom)
2019-09-19 11:16:21,015 [pool-91-thread-1] INFO  impl.RaftServerImpl (RaftServerImpl.java:start(180)) - 5fa13453-57b5-4cad-91e0-01499166b24e: start group-E355DE860E40
2019-09-19 11:16:21,015 [pool-91-thread-1] INFO  impl.RaftServerImpl (RaftServerImpl.java:setRole(171)) - 5fa13453-57b5-4cad-91e0-01499166b24e:group-E355DE860E40 changes role from null to FOLLOWER at term 0 for startAsFollower
2019-09-19 11:16:21,015 [pool-91-thread-1] INFO  impl.RoleInfo (RoleInfo.java:updateAndGet(143)) - 5fa13453-57b5-4cad-91e0-01499166b24e: start FollowerState
2019-09-19 11:16:21,016 [pool-91-thread-1] INFO  util.JmxRegister (JmxRegister.java:tryRegister(44)) - Successfully registered JMX Bean with object name Ratis:service=RaftServer,group=group-E355DE860E40,id=5fa13453-57b5-4cad-91e0-01499166b24e
2019-09-19 11:16:21,021 [RatisPipelineUtilsThread] INFO  pipeline.PipelineStateManager (PipelineStateManager.java:addPipeline(56)) - Created pipeline Pipeline[ Id: d744a825-9634-43d2-b26b-e355de860e40, Nodes: 5fa13453-57b5-4cad-91e0-01499166b24e{ip: 192.168.157.226, host: pr-hdds-1569-swxfz-3172132826, networkLocation: /default-rack, certSerialId: null}, Type:RATIS, Factor:ONE, State:OPEN]
2019-09-19 11:16:21,021 [RatisPipelineUtilsThread] ERROR pipeline.PipelinePlacementPolicy (PipelinePlacementPolicy.java:meetCriteria(91)) - Pipeline Placement: Doesn't meet the criteria to be viable node. Heaviness: 6
2019-09-19 11:16:21,030 [grpc-default-executor-0] INFO  impl.RaftServerProxy (RaftServerProxy.java:addNew(89)) - 5fa13453-57b5-4cad-91e0-01499166b24e: addNew group-9D1F9B8F1C35:[5fa13453-57b5-4cad-91e0-01499166b24e:192.168.157.226:39923] returns group-9D1F9B8F1C35:java.util.concurrent.CompletableFuture@210ee050[Not completed]
2019-09-19 11:16:21,031 [pool-91-thread-1] INFO  impl.RaftServerImpl (RaftServerImpl.java:<init>(93)) - 5fa13453-57b5-4cad-91e0-01499166b24e: new RaftServerImpl for group-9D1F9B8F1C35:[5fa13453-57b5-4cad-91e0-01499166b24e:192.168.157.226:39923] with ContainerStateMachine:uninitialized
2019-09-19 11:16:21,031 [pool-91-thread-1] INFO  server.RaftServerConfigKeys (ConfUtils.java:logGet(43)) - raft.server.rpc.timeout.min = 5s (custom)
2019-09-19 11:16:21,031 [pool-91-thread-1] INFO  server.RaftServerConfigKeys (ConfUtils.java:logGet(43)) - raft.server.rpc.timeout.max = 5200ms (custom)
2019-09-19 11:16:21,031 [pool-91-thread-1] INFO  server.RaftServerConfigKeys (ConfUtils.java:logGet(43)) - raft.server.rpcslowness.timeout = 120s (custom)
2019-09-19 11:16:21,032 [pool-91-thread-1] INFO  server.RaftServerConfigKeys (ConfUtils.java:logGet(43)) - raft.server.sleep.deviation.threshold = 300 (default)
2019-09-19 11:16:21,032 [pool-91-thread-1] INFO  server.RaftServerConfigKeys (ConfUtils.java:logGet(43)) - raft.server.log.appender.install.snapshot.enabled = false (custom)
2019-09-19 11:16:21,032 [pool-91-thread-1] INFO  impl.RaftServerImpl (ServerState.java:<init>(105)) - 5fa13453-57b5-4cad-91e0-01499166b24e:group-9D1F9B8F1C35 ConfigurationManager, init=-1: [5fa13453-57b5-4cad-91e0-01499166b24e:192.168.157.226:39923], old=null, confs=<EMPTY_MAP>
2019-09-19 11:16:21,032 [pool-91-thread-1] INFO  server.RaftServerConfigKeys (ConfUtils.java:logGet(43)) - raft.server.storage.dir = [/workdir/hadoop-ozone/integration-test/target/test-dir/MiniOzoneClusterImpl-8515ba0f-6092-46e7-a8c4-ec3c572bc923/datanode-1/data/ratis] (custom)
2019-09-19 11:16:21,032 [pool-91-thread-1] INFO  storage.RaftStorageDirectory (RaftStorageDirectory.java:analyzeStorage(246)) - The storage directory /workdir/hadoop-ozone/integration-test/target/test-dir/MiniOzoneClusterImpl-8515ba0f-6092-46e7-a8c4-ec3c572bc923/datanode-1/data/ratis/fdcd2164-31ed-4d64-be6a-9d1f9b8f1c35 does not exist. Creating ...
2019-09-19 11:16:21,045 [pool-91-thread-1] INFO  storage.RaftStorageDirectory (RaftStorageDirectory.java:tryLock(328)) - Lock on /workdir/hadoop-ozone/integration-test/target/test-dir/MiniOzoneClusterImpl-8515ba0f-6092-46e7-a8c4-ec3c572bc923/datanode-1/data/ratis/fdcd2164-31ed-4d64-be6a-9d1f9b8f1c35/in_use.lock acquired by nodename 20864@pr-hdds-1569-swxfz-3172132826
2019-09-19 11:16:21,058 [pool-91-thread-1] INFO  storage.RaftStorage (RaftStorage.java:format(72)) - Storage directory /workdir/hadoop-ozone/integration-test/target/test-dir/MiniOzoneClusterImpl-8515ba0f-6092-46e7-a8c4-ec3c572bc923/datanode-1/data/ratis/fdcd2164-31ed-4d64-be6a-9d1f9b8f1c35 has been successfully formatted.
2019-09-19 11:16:21,058 [pool-91-thread-1] INFO  ratis.ContainerStateMachine (ContainerStateMachine.java:loadSnapshot(226)) - group-9D1F9B8F1C35: The snapshot info is null. Setting the last applied indexto:(t:0, i:~)
2019-09-19 11:16:21,059 [pool-91-thread-1] INFO  server.RaftServerConfigKeys (ConfUtils.java:logGet(43)) - raft.server.leader.election.timeout = 120s (custom)
2019-09-19 11:16:21,059 [pool-91-thread-1] INFO  server.RaftServerConfigKeys (ConfUtils.java:logGet(43)) - raft.server.log.use.memory = false (default)
2019-09-19 11:16:21,059 [pool-91-thread-1] INFO  server.RaftServerConfigKeys (ConfUtils.java:logGet(43)) - raft.server.log.purge.gap = 1000000 (custom)
2019-09-19 11:16:21,059 [pool-91-thread-1] INFO  server.RaftServerConfigKeys (ConfUtils.java:logGet(43)) - raft.server.log.appender.buffer.byte-limit = 33554432 (custom)
2019-09-19 11:16:21,060 [pool-91-thread-1] INFO  server.RaftServerConfigKeys (ConfUtils.java:logGet(43)) - raft.server.log.segment.size.max = 1048576 (custom)
2019-09-19 11:16:21,060 [pool-91-thread-1] INFO  server.RaftServerConfigKeys (ConfUtils.java:logGet(43)) - raft.server.log.segment.cache.num.max = 2 (custom)
2019-09-19 11:16:21,060 [pool-91-thread-1] INFO  segmented.SegmentedRaftLogWorker (SegmentedRaftLogWorker.java:<init>(172)) - new 5fa13453-57b5-4cad-91e0-01499166b24e-SegmentedRaftLogWorker:Storage Directory /workdir/hadoop-ozone/integration-test/target/test-dir/MiniOzoneClusterImpl-8515ba0f-6092-46e7-a8c4-ec3c572bc923/datanode-1/data/ratis/fdcd2164-31ed-4d64-be6a-9d1f9b8f1c35 for RaftStorage:Storage Directory /workdir/hadoop-ozone/integration-test/target/test-dir/MiniOzoneClusterImpl-8515ba0f-6092-46e7-a8c4-ec3c572bc923/datanode-1/data/ratis/fdcd2164-31ed-4d64-be6a-9d1f9b8f1c35
2019-09-19 11:16:21,060 [pool-91-thread-1] INFO  server.RaftServerConfigKeys (ConfUtils.java:logGet(43)) - raft.server.log.queue.byte-limit = 2147483647 (custom)
2019-09-19 11:16:21,060 [pool-91-thread-1] INFO  server.RaftServerConfigKeys (ConfUtils.java:logGet(43)) - raft.server.log.queue.element-limit = 1024 (custom)
2019-09-19 11:16:21,061 [pool-91-thread-1] INFO  server.RaftServerConfigKeys (ConfUtils.java:logGet(43)) - raft.server.log.segment.size.max = 1048576 (custom)
2019-09-19 11:16:21,061 [pool-91-thread-1] INFO  server.RaftServerConfigKeys (ConfUtils.java:logGet(43)) - raft.server.log.preallocated.size = 16384 (custom)
2019-09-19 11:16:21,061 [pool-91-thread-1] INFO  server.RaftServerConfigKeys (ConfUtils.java:logGet(43)) - raft.server.log.write.buffer.size = 33554432 (custom)
2019-09-19 11:16:21,061 [pool-91-thread-1] INFO  server.RaftServerConfigKeys (ConfUtils.java:logGet(43)) - raft.server.log.force.sync.num = 128 (default)
2019-09-19 11:16:21,061 [pool-91-thread-1] INFO  server.RaftServerConfigKeys (ConfUtils.java:logGet(43)) - raft.server.log.statemachine.data.sync = true (default)
2019-09-19 11:16:21,061 [pool-91-thread-1] INFO  server.RaftServerConfigKeys (ConfUtils.java:logGet(43)) - raft.server.log.statemachine.data.sync.timeout = 10s (default)
2019-09-19 11:16:21,062 [pool-91-thread-1] INFO  server.RaftServerConfigKeys (ConfUtils.java:logGet(43)) - raft.server.log.statemachine.data.sync.timeout.retry = -1 (default)
2019-09-19 11:16:21,062 [pool-91-thread-1] INFO  server.RaftServerConfigKeys (ConfUtils.java:logGet(43)) - raft.server.log.statemachine.data.caching.enabled = true (custom)
2019-09-19 11:16:21,062 [pool-91-thread-1] INFO  segmented.SegmentedRaftLogWorker (SegmentedRaftLogWorker.java:lambda$new$0(132)) - 5fa13453-57b5-4cad-91e0-01499166b24e-SegmentedRaftLogWorker:Storage Directory /workdir/hadoop-ozone/integration-test/target/test-dir/MiniOzoneClusterImpl-8515ba0f-6092-46e7-a8c4-ec3c572bc923/datanode-1/data/ratis/fdcd2164-31ed-4d64-be6a-9d1f9b8f1c35: flushIndex: setUnconditionally 0 -> -1
2019-09-19 11:16:21,063 [pool-91-thread-1] INFO  server.RaftServerConfigKeys (ConfUtils.java:logGet(43)) - raft.server.snapshot.auto.trigger.enabled = true (custom)
2019-09-19 11:16:21,063 [pool-91-thread-1] INFO  server.RaftServerConfigKeys (ConfUtils.java:logGet(43)) - raft.server.snapshot.auto.trigger.threshold = 10000 (custom)
2019-09-19 11:16:21,063 [pool-91-thread-1] INFO  server.RaftServerConfigKeys (ConfUtils.java:logGet(43)) - raft.server.retrycache.expirytime = 600000ms (custom)
2019-09-19 11:16:21,063 [pool-91-thread-1] INFO  impl.RaftServerImpl (RaftServerImpl.java:start(180)) - 5fa13453-57b5-4cad-91e0-01499166b24e: start group-9D1F9B8F1C35
2019-09-19 11:16:21,064 [pool-91-thread-1] INFO  impl.RaftServerImpl (RaftServerImpl.java:setRole(171)) - 5fa13453-57b5-4cad-91e0-01499166b24e:group-9D1F9B8F1C35 changes role from null to FOLLOWER at term 0 for startAsFollower
2019-09-19 11:16:21,064 [pool-91-thread-1] INFO  impl.RoleInfo (RoleInfo.java:updateAndGet(143)) - 5fa13453-57b5-4cad-91e0-01499166b24e: start FollowerState
2019-09-19 11:16:21,064 [pool-91-thread-1] INFO  util.JmxRegister (JmxRegister.java:tryRegister(44)) - Successfully registered JMX Bean with object name Ratis:service=RaftServer,group=group-9D1F9B8F1C35,id=5fa13453-57b5-4cad-91e0-01499166b24e
2019-09-19 11:16:21,070 [RatisPipelineUtilsThread] INFO  pipeline.PipelineStateManager (PipelineStateManager.java:addPipeline(56)) - Created pipeline Pipeline[ Id: fdcd2164-31ed-4d64-be6a-9d1f9b8f1c35, Nodes: 5fa13453-57b5-4cad-91e0-01499166b24e{ip: 192.168.157.226, host: pr-hdds-1569-swxfz-3172132826, networkLocation: /default-rack, certSerialId: null}, Type:RATIS, Factor:ONE, State:OPEN]
2019-09-19 11:16:21,070 [RatisPipelineUtilsThread] ERROR pipeline.PipelinePlacementPolicy (PipelinePlacementPolicy.java:meetCriteria(91)) - Pipeline Placement: Doesn't meet the criteria to be viable node. Heaviness: 6
2019-09-19 11:16:21,080 [grpc-default-executor-0] INFO  impl.RaftServerProxy (RaftServerProxy.java:addNew(89)) - 5fa13453-57b5-4cad-91e0-01499166b24e: addNew group-B1BAF98953D9:[5fa13453-57b5-4cad-91e0-01499166b24e:192.168.157.226:39923] returns group-B1BAF98953D9:java.util.concurrent.CompletableFuture@33eebf7f[Not completed]
2019-09-19 11:16:21,082 [pool-91-thread-1] INFO  impl.RaftServerImpl (RaftServerImpl.java:<init>(93)) - 5fa13453-57b5-4cad-91e0-01499166b24e: new RaftServerImpl for group-B1BAF98953D9:[5fa13453-57b5-4cad-91e0-01499166b24e:192.168.157.226:39923] with ContainerStateMachine:uninitialized
2019-09-19 11:16:21,082 [pool-91-thread-1] INFO  server.RaftServerConfigKeys (ConfUtils.java:logGet(43)) - raft.server.rpc.timeout.min = 5s (custom)
2019-09-19 11:16:21,082 [pool-91-thread-1] INFO  server.RaftServerConfigKeys (ConfUtils.java:logGet(43)) - raft.server.rpc.timeout.max = 5200ms (custom)
2019-09-19 11:16:21,082 [pool-91-thread-1] INFO  server.RaftServerConfigKeys (ConfUtils.java:logGet(43)) - raft.server.rpcslowness.timeout = 120s (custom)
2019-09-19 11:16:21,082 [pool-91-thread-1] INFO  server.RaftServerConfigKeys (ConfUtils.java:logGet(43)) - raft.server.sleep.deviation.threshold = 300 (default)
2019-09-19 11:16:21,083 [pool-91-thread-1] INFO  server.RaftServerConfigKeys (ConfUtils.java:logGet(43)) - raft.server.log.appender.install.snapshot.enabled = false (custom)
2019-09-19 11:16:21,083 [pool-91-thread-1] INFO  impl.RaftServerImpl (ServerState.java:<init>(105)) - 5fa13453-57b5-4cad-91e0-01499166b24e:group-B1BAF98953D9 ConfigurationManager, init=-1: [5fa13453-57b5-4cad-91e0-01499166b24e:192.168.157.226:39923], old=null, confs=<EMPTY_MAP>
2019-09-19 11:16:21,083 [pool-91-thread-1] INFO  server.RaftServerConfigKeys (ConfUtils.java:logGet(43)) - raft.server.storage.dir = [/workdir/hadoop-ozone/integration-test/target/test-dir/MiniOzoneClusterImpl-8515ba0f-6092-46e7-a8c4-ec3c572bc923/datanode-1/data/ratis] (custom)
2019-09-19 11:16:21,083 [pool-91-thread-1] INFO  storage.RaftStorageDirectory (RaftStorageDirectory.java:analyzeStorage(246)) - The storage directory /workdir/hadoop-ozone/integration-test/target/test-dir/MiniOzoneClusterImpl-8515ba0f-6092-46e7-a8c4-ec3c572bc923/datanode-1/data/ratis/86e41a23-db87-4119-bea1-b1baf98953d9 does not exist. Creating ...
2019-09-19 11:16:21,097 [pool-91-thread-1] INFO  storage.RaftStorageDirectory (RaftStorageDirectory.java:tryLock(328)) - Lock on /workdir/hadoop-ozone/integration-test/target/test-dir/MiniOzoneClusterImpl-8515ba0f-6092-46e7-a8c4-ec3c572bc923/datanode-1/data/ratis/86e41a23-db87-4119-bea1-b1baf98953d9/in_use.lock acquired by nodename 20864@pr-hdds-1569-swxfz-3172132826
2019-09-19 11:16:21,108 [main] INFO  ozone.MiniOzoneClusterImpl (MiniOzoneClusterImpl.java:lambda$waitForClusterToBeReady$0(142)) - Waiting for cluster to be ready. Got 2 of 3 DN Heartbeats.
2019-09-19 11:16:21,111 [pool-91-thread-1] INFO  storage.RaftStorage (RaftStorage.java:format(72)) - Storage directory /workdir/hadoop-ozone/integration-test/target/test-dir/MiniOzoneClusterImpl-8515ba0f-6092-46e7-a8c4-ec3c572bc923/datanode-1/data/ratis/86e41a23-db87-4119-bea1-b1baf98953d9 has been successfully formatted.
2019-09-19 11:16:21,112 [pool-91-thread-1] INFO  ratis.ContainerStateMachine (ContainerStateMachine.java:loadSnapshot(226)) - group-B1BAF98953D9: The snapshot info is null. Setting the last applied indexto:(t:0, i:~)
2019-09-19 11:16:21,112 [IPC Server handler 2 on 33813] INFO  net.NetworkTopology (NetworkTopologyImpl.java:add(110)) - Added a new node: /default-rack/d807390a-82a8-4cb9-8bc5-f0775ff05710
2019-09-19 11:16:21,112 [pool-91-thread-1] INFO  server.RaftServerConfigKeys (ConfUtils.java:logGet(43)) - raft.server.leader.election.timeout = 120s (custom)
2019-09-19 11:16:21,112 [IPC Server handler 2 on 33813] INFO  node.SCMNodeManager (SCMNodeManager.java:register(273)) - Registered Data node : d807390a-82a8-4cb9-8bc5-f0775ff05710{ip: 192.168.157.226, host: pr-hdds-1569-swxfz-3172132826, networkLocation: /default-rack, certSerialId: null}
2019-09-19 11:16:21,112 [pool-91-thread-1] INFO  server.RaftServerConfigKeys (ConfUtils.java:logGet(43)) - raft.server.log.use.memory = false (default)
2019-09-19 11:16:21,113 [pool-91-thread-1] INFO  server.RaftServerConfigKeys (ConfUtils.java:logGet(43)) - raft.server.log.purge.gap = 1000000 (custom)
2019-09-19 11:16:21,113 | INFO  | SCMAudit | user=jenkins1000 | ip=192.168.157.226 | op=REGISTER {datanodeDetails=d807390a-82a8-4cb9-8bc5-f0775ff05710{ip: 192.168.157.226, host: pr-hdds-1569-swxfz-3172132826, networkLocation: /default-rack, certSerialId: null}} | ret=SUCCESS |  
2019-09-19 11:16:21,113 [pool-91-thread-1] INFO  server.RaftServerConfigKeys (ConfUtils.java:logGet(43)) - raft.server.log.appender.buffer.byte-limit = 33554432 (custom)
2019-09-19 11:16:21,113 [pool-91-thread-1] INFO  server.RaftServerConfigKeys (ConfUtils.java:logGet(43)) - raft.server.log.segment.size.max = 1048576 (custom)
2019-09-19 11:16:21,113 [pool-91-thread-1] INFO  server.RaftServerConfigKeys (ConfUtils.java:logGet(43)) - raft.server.log.segment.cache.num.max = 2 (custom)
2019-09-19 11:16:21,113 [pool-91-thread-1] INFO  segmented.SegmentedRaftLogWorker (SegmentedRaftLogWorker.java:<init>(172)) - new 5fa13453-57b5-4cad-91e0-01499166b24e-SegmentedRaftLogWorker:Storage Directory /workdir/hadoop-ozone/integration-test/target/test-dir/MiniOzoneClusterImpl-8515ba0f-6092-46e7-a8c4-ec3c572bc923/datanode-1/data/ratis/86e41a23-db87-4119-bea1-b1baf98953d9 for RaftStorage:Storage Directory /workdir/hadoop-ozone/integration-test/target/test-dir/MiniOzoneClusterImpl-8515ba0f-6092-46e7-a8c4-ec3c572bc923/datanode-1/data/ratis/86e41a23-db87-4119-bea1-b1baf98953d9
2019-09-19 11:16:21,113 [pool-91-thread-1] INFO  server.RaftServerConfigKeys (ConfUtils.java:logGet(43)) - raft.server.log.queue.byte-limit = 2147483647 (custom)
2019-09-19 11:16:21,114 [pool-91-thread-1] INFO  server.RaftServerConfigKeys (ConfUtils.java:logGet(43)) - raft.server.log.queue.element-limit = 1024 (custom)
2019-09-19 11:16:21,114 [pool-91-thread-1] INFO  server.RaftServerConfigKeys (ConfUtils.java:logGet(43)) - raft.server.log.segment.size.max = 1048576 (custom)
2019-09-19 11:16:21,114 [pool-91-thread-1] INFO  server.RaftServerConfigKeys (ConfUtils.java:logGet(43)) - raft.server.log.preallocated.size = 16384 (custom)
2019-09-19 11:16:21,114 [pool-91-thread-1] INFO  server.RaftServerConfigKeys (ConfUtils.java:logGet(43)) - raft.server.log.write.buffer.size = 33554432 (custom)
2019-09-19 11:16:21,115 [pool-91-thread-1] INFO  server.RaftServerConfigKeys (ConfUtils.java:logGet(43)) - raft.server.log.force.sync.num = 128 (default)
2019-09-19 11:16:21,115 [pool-91-thread-1] INFO  server.RaftServerConfigKeys (ConfUtils.java:logGet(43)) - raft.server.log.statemachine.data.sync = true (default)
2019-09-19 11:16:21,115 [pool-91-thread-1] INFO  server.RaftServerConfigKeys (ConfUtils.java:logGet(43)) - raft.server.log.statemachine.data.sync.timeout = 10s (default)
2019-09-19 11:16:21,115 [pool-91-thread-1] INFO  server.RaftServerConfigKeys (ConfUtils.java:logGet(43)) - raft.server.log.statemachine.data.sync.timeout.retry = -1 (default)
2019-09-19 11:16:21,116 [pool-91-thread-1] INFO  server.RaftServerConfigKeys (ConfUtils.java:logGet(43)) - raft.server.log.statemachine.data.caching.enabled = true (custom)
2019-09-19 11:16:21,116 [pool-91-thread-1] INFO  segmented.SegmentedRaftLogWorker (SegmentedRaftLogWorker.java:lambda$new$0(132)) - 5fa13453-57b5-4cad-91e0-01499166b24e-SegmentedRaftLogWorker:Storage Directory /workdir/hadoop-ozone/integration-test/target/test-dir/MiniOzoneClusterImpl-8515ba0f-6092-46e7-a8c4-ec3c572bc923/datanode-1/data/ratis/86e41a23-db87-4119-bea1-b1baf98953d9: flushIndex: setUnconditionally 0 -> -1
2019-09-19 11:16:21,116 [pool-91-thread-1] INFO  server.RaftServerConfigKeys (ConfUtils.java:logGet(43)) - raft.server.snapshot.auto.trigger.enabled = true (custom)
2019-09-19 11:16:21,117 [pool-91-thread-1] INFO  server.RaftServerConfigKeys (ConfUtils.java:logGet(43)) - raft.server.snapshot.auto.trigger.threshold = 10000 (custom)
2019-09-19 11:16:21,117 [pool-91-thread-1] INFO  server.RaftServerConfigKeys (ConfUtils.java:logGet(43)) - raft.server.retrycache.expirytime = 600000ms (custom)
2019-09-19 11:16:21,117 [pool-91-thread-1] INFO  impl.RaftServerImpl (RaftServerImpl.java:start(180)) - 5fa13453-57b5-4cad-91e0-01499166b24e: start group-B1BAF98953D9
2019-09-19 11:16:21,117 [pool-91-thread-1] INFO  impl.RaftServerImpl (RaftServerImpl.java:setRole(171)) - 5fa13453-57b5-4cad-91e0-01499166b24e:group-B1BAF98953D9 changes role from null to FOLLOWER at term 0 for startAsFollower
2019-09-19 11:16:21,118 [pool-91-thread-1] INFO  impl.RoleInfo (RoleInfo.java:updateAndGet(143)) - 5fa13453-57b5-4cad-91e0-01499166b24e: start FollowerState
2019-09-19 11:16:21,118 [pool-91-thread-1] INFO  util.JmxRegister (JmxRegister.java:tryRegister(44)) - Successfully registered JMX Bean with object name Ratis:service=RaftServer,group=group-B1BAF98953D9,id=5fa13453-57b5-4cad-91e0-01499166b24e
2019-09-19 11:16:21,124 [RatisPipelineUtilsThread] INFO  pipeline.PipelineStateManager (PipelineStateManager.java:addPipeline(56)) - Created pipeline Pipeline[ Id: 86e41a23-db87-4119-bea1-b1baf98953d9, Nodes: 5fa13453-57b5-4cad-91e0-01499166b24e{ip: 192.168.157.226, host: pr-hdds-1569-swxfz-3172132826, networkLocation: /default-rack, certSerialId: null}, Type:RATIS, Factor:ONE, State:OPEN]
2019-09-19 11:16:21,124 [RatisPipelineUtilsThread] ERROR pipeline.PipelinePlacementPolicy (PipelinePlacementPolicy.java:meetCriteria(91)) - Pipeline Placement: Doesn't meet the criteria to be viable node. Heaviness: 6
2019-09-19 11:16:21,135 [grpc-default-executor-0] INFO  impl.RaftServerProxy (RaftServerProxy.java:addNew(89)) - 5fa13453-57b5-4cad-91e0-01499166b24e: addNew group-BC82FB317C67:[5fa13453-57b5-4cad-91e0-01499166b24e:192.168.157.226:39923] returns group-BC82FB317C67:java.util.concurrent.CompletableFuture@4c5ebc77[Not completed]
2019-09-19 11:16:21,137 [pool-91-thread-1] INFO  impl.RaftServerImpl (RaftServerImpl.java:<init>(93)) - 5fa13453-57b5-4cad-91e0-01499166b24e: new RaftServerImpl for group-BC82FB317C67:[5fa13453-57b5-4cad-91e0-01499166b24e:192.168.157.226:39923] with ContainerStateMachine:uninitialized
2019-09-19 11:16:21,137 [pool-91-thread-1] INFO  server.RaftServerConfigKeys (ConfUtils.java:logGet(43)) - raft.server.rpc.timeout.min = 5s (custom)
2019-09-19 11:16:21,137 [pool-91-thread-1] INFO  server.RaftServerConfigKeys (ConfUtils.java:logGet(43)) - raft.server.rpc.timeout.max = 5200ms (custom)
2019-09-19 11:16:21,137 [pool-91-thread-1] INFO  server.RaftServerConfigKeys (ConfUtils.java:logGet(43)) - raft.server.rpcslowness.timeout = 120s (custom)
2019-09-19 11:16:21,137 [pool-91-thread-1] INFO  server.RaftServerConfigKeys (ConfUtils.java:logGet(43)) - raft.server.sleep.deviation.threshold = 300 (default)
2019-09-19 11:16:21,137 [pool-91-thread-1] INFO  server.RaftServerConfigKeys (ConfUtils.java:logGet(43)) - raft.server.log.appender.install.snapshot.enabled = false (custom)
2019-09-19 11:16:21,137 [pool-91-thread-1] INFO  impl.RaftServerImpl (ServerState.java:<init>(105)) - 5fa13453-57b5-4cad-91e0-01499166b24e:group-BC82FB317C67 ConfigurationManager, init=-1: [5fa13453-57b5-4cad-91e0-01499166b24e:192.168.157.226:39923], old=null, confs=<EMPTY_MAP>
2019-09-19 11:16:21,137 [pool-91-thread-1] INFO  server.RaftServerConfigKeys (ConfUtils.java:logGet(43)) - raft.server.storage.dir = [/workdir/hadoop-ozone/integration-test/target/test-dir/MiniOzoneClusterImpl-8515ba0f-6092-46e7-a8c4-ec3c572bc923/datanode-1/data/ratis] (custom)
2019-09-19 11:16:21,138 [pool-91-thread-1] INFO  storage.RaftStorageDirectory (RaftStorageDirectory.java:analyzeStorage(246)) - The storage directory /workdir/hadoop-ozone/integration-test/target/test-dir/MiniOzoneClusterImpl-8515ba0f-6092-46e7-a8c4-ec3c572bc923/datanode-1/data/ratis/382e838a-bade-456a-8db2-bc82fb317c67 does not exist. Creating ...
2019-09-19 11:16:21,151 [pool-91-thread-1] INFO  storage.RaftStorageDirectory (RaftStorageDirectory.java:tryLock(328)) - Lock on /workdir/hadoop-ozone/integration-test/target/test-dir/MiniOzoneClusterImpl-8515ba0f-6092-46e7-a8c4-ec3c572bc923/datanode-1/data/ratis/382e838a-bade-456a-8db2-bc82fb317c67/in_use.lock acquired by nodename 20864@pr-hdds-1569-swxfz-3172132826
2019-09-19 11:16:21,163 [pool-91-thread-1] INFO  storage.RaftStorage (RaftStorage.java:format(72)) - Storage directory /workdir/hadoop-ozone/integration-test/target/test-dir/MiniOzoneClusterImpl-8515ba0f-6092-46e7-a8c4-ec3c572bc923/datanode-1/data/ratis/382e838a-bade-456a-8db2-bc82fb317c67 has been successfully formatted.
2019-09-19 11:16:21,164 [pool-91-thread-1] INFO  ratis.ContainerStateMachine (ContainerStateMachine.java:loadSnapshot(226)) - group-BC82FB317C67: The snapshot info is null. Setting the last applied indexto:(t:0, i:~)
2019-09-19 11:16:21,164 [pool-91-thread-1] INFO  server.RaftServerConfigKeys (ConfUtils.java:logGet(43)) - raft.server.leader.election.timeout = 120s (custom)
2019-09-19 11:16:21,164 [pool-91-thread-1] INFO  server.RaftServerConfigKeys (ConfUtils.java:logGet(43)) - raft.server.log.use.memory = false (default)
2019-09-19 11:16:21,164 [pool-91-thread-1] INFO  server.RaftServerConfigKeys (ConfUtils.java:logGet(43)) - raft.server.log.purge.gap = 1000000 (custom)
2019-09-19 11:16:21,164 [pool-91-thread-1] INFO  server.RaftServerConfigKeys (ConfUtils.java:logGet(43)) - raft.server.log.appender.buffer.byte-limit = 33554432 (custom)
2019-09-19 11:16:21,164 [pool-91-thread-1] INFO  server.RaftServerConfigKeys (ConfUtils.java:logGet(43)) - raft.server.log.segment.size.max = 1048576 (custom)
2019-09-19 11:16:21,164 [pool-91-thread-1] INFO  server.RaftServerConfigKeys (ConfUtils.java:logGet(43)) - raft.server.log.segment.cache.num.max = 2 (custom)
2019-09-19 11:16:21,165 [pool-91-thread-1] INFO  segmented.SegmentedRaftLogWorker (SegmentedRaftLogWorker.java:<init>(172)) - new 5fa13453-57b5-4cad-91e0-01499166b24e-SegmentedRaftLogWorker:Storage Directory /workdir/hadoop-ozone/integration-test/target/test-dir/MiniOzoneClusterImpl-8515ba0f-6092-46e7-a8c4-ec3c572bc923/datanode-1/data/ratis/382e838a-bade-456a-8db2-bc82fb317c67 for RaftStorage:Storage Directory /workdir/hadoop-ozone/integration-test/target/test-dir/MiniOzoneClusterImpl-8515ba0f-6092-46e7-a8c4-ec3c572bc923/datanode-1/data/ratis/382e838a-bade-456a-8db2-bc82fb317c67
2019-09-19 11:16:21,165 [pool-91-thread-1] INFO  server.RaftServerConfigKeys (ConfUtils.java:logGet(43)) - raft.server.log.queue.byte-limit = 2147483647 (custom)
2019-09-19 11:16:21,165 [pool-91-thread-1] INFO  server.RaftServerConfigKeys (ConfUtils.java:logGet(43)) - raft.server.log.queue.element-limit = 1024 (custom)
2019-09-19 11:16:21,165 [pool-91-thread-1] INFO  server.RaftServerConfigKeys (ConfUtils.java:logGet(43)) - raft.server.log.segment.size.max = 1048576 (custom)
2019-09-19 11:16:21,165 [pool-91-thread-1] INFO  server.RaftServerConfigKeys (ConfUtils.java:logGet(43)) - raft.server.log.preallocated.size = 16384 (custom)
2019-09-19 11:16:21,165 [pool-91-thread-1] INFO  server.RaftServerConfigKeys (ConfUtils.java:logGet(43)) - raft.server.log.write.buffer.size = 33554432 (custom)
2019-09-19 11:16:21,165 [pool-91-thread-1] INFO  server.RaftServerConfigKeys (ConfUtils.java:logGet(43)) - raft.server.log.force.sync.num = 128 (default)
2019-09-19 11:16:21,165 [pool-91-thread-1] INFO  server.RaftServerConfigKeys (ConfUtils.java:logGet(43)) - raft.server.log.statemachine.data.sync = true (default)
2019-09-19 11:16:21,165 [pool-91-thread-1] INFO  server.RaftServerConfigKeys (ConfUtils.java:logGet(43)) - raft.server.log.statemachine.data.sync.timeout = 10s (default)
2019-09-19 11:16:21,166 [pool-91-thread-1] INFO  server.RaftServerConfigKeys (ConfUtils.java:logGet(43)) - raft.server.log.statemachine.data.sync.timeout.retry = -1 (default)
2019-09-19 11:16:21,166 [pool-91-thread-1] INFO  server.RaftServerConfigKeys (ConfUtils.java:logGet(43)) - raft.server.log.statemachine.data.caching.enabled = true (custom)
2019-09-19 11:16:21,166 [pool-91-thread-1] INFO  segmented.SegmentedRaftLogWorker (SegmentedRaftLogWorker.java:lambda$new$0(132)) - 5fa13453-57b5-4cad-91e0-01499166b24e-SegmentedRaftLogWorker:Storage Directory /workdir/hadoop-ozone/integration-test/target/test-dir/MiniOzoneClusterImpl-8515ba0f-6092-46e7-a8c4-ec3c572bc923/datanode-1/data/ratis/382e838a-bade-456a-8db2-bc82fb317c67: flushIndex: setUnconditionally 0 -> -1
2019-09-19 11:16:21,166 [pool-91-thread-1] INFO  server.RaftServerConfigKeys (ConfUtils.java:logGet(43)) - raft.server.snapshot.auto.trigger.enabled = true (custom)
2019-09-19 11:16:21,166 [pool-91-thread-1] INFO  server.RaftServerConfigKeys (ConfUtils.java:logGet(43)) - raft.server.snapshot.auto.trigger.threshold = 10000 (custom)
2019-09-19 11:16:21,167 [pool-91-thread-1] INFO  server.RaftServerConfigKeys (ConfUtils.java:logGet(43)) - raft.server.retrycache.expirytime = 600000ms (custom)
2019-09-19 11:16:21,167 [pool-91-thread-1] INFO  impl.RaftServerImpl (RaftServerImpl.java:start(180)) - 5fa13453-57b5-4cad-91e0-01499166b24e: start group-BC82FB317C67
2019-09-19 11:16:21,167 [pool-91-thread-1] INFO  impl.RaftServerImpl (RaftServerImpl.java:setRole(171)) - 5fa13453-57b5-4cad-91e0-01499166b24e:group-BC82FB317C67 changes role from null to FOLLOWER at term 0 for startAsFollower
2019-09-19 11:16:21,167 [pool-91-thread-1] INFO  impl.RoleInfo (RoleInfo.java:updateAndGet(143)) - 5fa13453-57b5-4cad-91e0-01499166b24e: start FollowerState
2019-09-19 11:16:21,167 [pool-91-thread-1] INFO  util.JmxRegister (JmxRegister.java:tryRegister(44)) - Successfully registered JMX Bean with object name Ratis:service=RaftServer,group=group-BC82FB317C67,id=5fa13453-57b5-4cad-91e0-01499166b24e
2019-09-19 11:16:21,173 [RatisPipelineUtilsThread] INFO  pipeline.PipelineStateManager (PipelineStateManager.java:addPipeline(56)) - Created pipeline Pipeline[ Id: 382e838a-bade-456a-8db2-bc82fb317c67, Nodes: 5fa13453-57b5-4cad-91e0-01499166b24e{ip: 192.168.157.226, host: pr-hdds-1569-swxfz-3172132826, networkLocation: /default-rack, certSerialId: null}, Type:RATIS, Factor:ONE, State:OPEN]
2019-09-19 11:16:21,173 [RatisPipelineUtilsThread] ERROR pipeline.PipelinePlacementPolicy (PipelinePlacementPolicy.java:meetCriteria(91)) - Pipeline Placement: Doesn't meet the criteria to be viable node. Heaviness: 6
2019-09-19 11:16:21,184 [grpc-default-executor-0] INFO  impl.RaftServerProxy (RaftServerProxy.java:addNew(89)) - 5fa13453-57b5-4cad-91e0-01499166b24e: addNew group-33260947512B:[5fa13453-57b5-4cad-91e0-01499166b24e:192.168.157.226:39923] returns group-33260947512B:java.util.concurrent.CompletableFuture@6cca77cf[Not completed]
2019-09-19 11:16:21,186 [pool-91-thread-1] INFO  impl.RaftServerImpl (RaftServerImpl.java:<init>(93)) - 5fa13453-57b5-4cad-91e0-01499166b24e: new RaftServerImpl for group-33260947512B:[5fa13453-57b5-4cad-91e0-01499166b24e:192.168.157.226:39923] with ContainerStateMachine:uninitialized
2019-09-19 11:16:21,186 [pool-91-thread-1] INFO  server.RaftServerConfigKeys (ConfUtils.java:logGet(43)) - raft.server.rpc.timeout.min = 5s (custom)
2019-09-19 11:16:21,186 [pool-91-thread-1] INFO  server.RaftServerConfigKeys (ConfUtils.java:logGet(43)) - raft.server.rpc.timeout.max = 5200ms (custom)
2019-09-19 11:16:21,186 [pool-91-thread-1] INFO  server.RaftServerConfigKeys (ConfUtils.java:logGet(43)) - raft.server.rpcslowness.timeout = 120s (custom)
2019-09-19 11:16:21,186 [pool-91-thread-1] INFO  server.RaftServerConfigKeys (ConfUtils.java:logGet(43)) - raft.server.sleep.deviation.threshold = 300 (default)
2019-09-19 11:16:21,186 [pool-91-thread-1] INFO  server.RaftServerConfigKeys (ConfUtils.java:logGet(43)) - raft.server.log.appender.install.snapshot.enabled = false (custom)
2019-09-19 11:16:21,186 [pool-91-thread-1] INFO  impl.RaftServerImpl (ServerState.java:<init>(105)) - 5fa13453-57b5-4cad-91e0-01499166b24e:group-33260947512B ConfigurationManager, init=-1: [5fa13453-57b5-4cad-91e0-01499166b24e:192.168.157.226:39923], old=null, confs=<EMPTY_MAP>
2019-09-19 11:16:21,187 [pool-91-thread-1] INFO  server.RaftServerConfigKeys (ConfUtils.java:logGet(43)) - raft.server.storage.dir = [/workdir/hadoop-ozone/integration-test/target/test-dir/MiniOzoneClusterImpl-8515ba0f-6092-46e7-a8c4-ec3c572bc923/datanode-1/data/ratis] (custom)
2019-09-19 11:16:21,187 [pool-91-thread-1] INFO  storage.RaftStorageDirectory (RaftStorageDirectory.java:analyzeStorage(246)) - The storage directory /workdir/hadoop-ozone/integration-test/target/test-dir/MiniOzoneClusterImpl-8515ba0f-6092-46e7-a8c4-ec3c572bc923/datanode-1/data/ratis/36f8d3df-4dd9-4aa7-a200-33260947512b does not exist. Creating ...
2019-09-19 11:16:21,200 [pool-91-thread-1] INFO  storage.RaftStorageDirectory (RaftStorageDirectory.java:tryLock(328)) - Lock on /workdir/hadoop-ozone/integration-test/target/test-dir/MiniOzoneClusterImpl-8515ba0f-6092-46e7-a8c4-ec3c572bc923/datanode-1/data/ratis/36f8d3df-4dd9-4aa7-a200-33260947512b/in_use.lock acquired by nodename 20864@pr-hdds-1569-swxfz-3172132826
2019-09-19 11:16:21,213 [pool-91-thread-1] INFO  storage.RaftStorage (RaftStorage.java:format(72)) - Storage directory /workdir/hadoop-ozone/integration-test/target/test-dir/MiniOzoneClusterImpl-8515ba0f-6092-46e7-a8c4-ec3c572bc923/datanode-1/data/ratis/36f8d3df-4dd9-4aa7-a200-33260947512b has been successfully formatted.
2019-09-19 11:16:21,213 [pool-91-thread-1] INFO  ratis.ContainerStateMachine (ContainerStateMachine.java:loadSnapshot(226)) - group-33260947512B: The snapshot info is null. Setting the last applied indexto:(t:0, i:~)
2019-09-19 11:16:21,214 [pool-91-thread-1] INFO  server.RaftServerConfigKeys (ConfUtils.java:logGet(43)) - raft.server.leader.election.timeout = 120s (custom)
2019-09-19 11:16:21,214 [pool-91-thread-1] INFO  server.RaftServerConfigKeys (ConfUtils.java:logGet(43)) - raft.server.log.use.memory = false (default)
2019-09-19 11:16:21,214 [pool-91-thread-1] INFO  server.RaftServerConfigKeys (ConfUtils.java:logGet(43)) - raft.server.log.purge.gap = 1000000 (custom)
2019-09-19 11:16:21,214 [pool-91-thread-1] INFO  server.RaftServerConfigKeys (ConfUtils.java:logGet(43)) - raft.server.log.appender.buffer.byte-limit = 33554432 (custom)
2019-09-19 11:16:21,214 [pool-91-thread-1] INFO  server.RaftServerConfigKeys (ConfUtils.java:logGet(43)) - raft.server.log.segment.size.max = 1048576 (custom)
2019-09-19 11:16:21,214 [pool-91-thread-1] INFO  server.RaftServerConfigKeys (ConfUtils.java:logGet(43)) - raft.server.log.segment.cache.num.max = 2 (custom)
2019-09-19 11:16:21,215 [pool-91-thread-1] INFO  segmented.SegmentedRaftLogWorker (SegmentedRaftLogWorker.java:<init>(172)) - new 5fa13453-57b5-4cad-91e0-01499166b24e-SegmentedRaftLogWorker:Storage Directory /workdir/hadoop-ozone/integration-test/target/test-dir/MiniOzoneClusterImpl-8515ba0f-6092-46e7-a8c4-ec3c572bc923/datanode-1/data/ratis/36f8d3df-4dd9-4aa7-a200-33260947512b for RaftStorage:Storage Directory /workdir/hadoop-ozone/integration-test/target/test-dir/MiniOzoneClusterImpl-8515ba0f-6092-46e7-a8c4-ec3c572bc923/datanode-1/data/ratis/36f8d3df-4dd9-4aa7-a200-33260947512b
2019-09-19 11:16:21,215 [pool-91-thread-1] INFO  server.RaftServerConfigKeys (ConfUtils.java:logGet(43)) - raft.server.log.queue.byte-limit = 2147483647 (custom)
2019-09-19 11:16:21,215 [pool-91-thread-1] INFO  server.RaftServerConfigKeys (ConfUtils.java:logGet(43)) - raft.server.log.queue.element-limit = 1024 (custom)
2019-09-19 11:16:21,215 [pool-91-thread-1] INFO  server.RaftServerConfigKeys (ConfUtils.java:logGet(43)) - raft.server.log.segment.size.max = 1048576 (custom)
2019-09-19 11:16:21,215 [pool-91-thread-1] INFO  server.RaftServerConfigKeys (ConfUtils.java:logGet(43)) - raft.server.log.preallocated.size = 16384 (custom)
2019-09-19 11:16:21,215 [pool-91-thread-1] INFO  server.RaftServerConfigKeys (ConfUtils.java:logGet(43)) - raft.server.log.write.buffer.size = 33554432 (custom)
2019-09-19 11:16:21,216 [pool-91-thread-1] INFO  server.RaftServerConfigKeys (ConfUtils.java:logGet(43)) - raft.server.log.force.sync.num = 128 (default)
2019-09-19 11:16:21,216 [pool-91-thread-1] INFO  server.RaftServerConfigKeys (ConfUtils.java:logGet(43)) - raft.server.log.statemachine.data.sync = true (default)
2019-09-19 11:16:21,216 [pool-91-thread-1] INFO  server.RaftServerConfigKeys (ConfUtils.java:logGet(43)) - raft.server.log.statemachine.data.sync.timeout = 10s (default)
2019-09-19 11:16:21,216 [pool-91-thread-1] INFO  server.RaftServerConfigKeys (ConfUtils.java:logGet(43)) - raft.server.log.statemachine.data.sync.timeout.retry = -1 (default)
2019-09-19 11:16:21,216 [pool-91-thread-1] INFO  server.RaftServerConfigKeys (ConfUtils.java:logGet(43)) - raft.server.log.statemachine.data.caching.enabled = true (custom)
2019-09-19 11:16:21,217 [pool-91-thread-1] INFO  segmented.SegmentedRaftLogWorker (SegmentedRaftLogWorker.java:lambda$new$0(132)) - 5fa13453-57b5-4cad-91e0-01499166b24e-SegmentedRaftLogWorker:Storage Directory /workdir/hadoop-ozone/integration-test/target/test-dir/MiniOzoneClusterImpl-8515ba0f-6092-46e7-a8c4-ec3c572bc923/datanode-1/data/ratis/36f8d3df-4dd9-4aa7-a200-33260947512b: flushIndex: setUnconditionally 0 -> -1
2019-09-19 11:16:21,217 [pool-91-thread-1] INFO  server.RaftServerConfigKeys (ConfUtils.java:logGet(43)) - raft.server.snapshot.auto.trigger.enabled = true (custom)
2019-09-19 11:16:21,217 [pool-91-thread-1] INFO  server.RaftServerConfigKeys (ConfUtils.java:logGet(43)) - raft.server.snapshot.auto.trigger.threshold = 10000 (custom)
2019-09-19 11:16:21,217 [pool-91-thread-1] INFO  server.RaftServerConfigKeys (ConfUtils.java:logGet(43)) - raft.server.retrycache.expirytime = 600000ms (custom)
2019-09-19 11:16:21,218 [pool-91-thread-1] INFO  impl.RaftServerImpl (RaftServerImpl.java:start(180)) - 5fa13453-57b5-4cad-91e0-01499166b24e: start group-33260947512B
2019-09-19 11:16:21,218 [pool-91-thread-1] INFO  impl.RaftServerImpl (RaftServerImpl.java:setRole(171)) - 5fa13453-57b5-4cad-91e0-01499166b24e:group-33260947512B changes role from null to FOLLOWER at term 0 for startAsFollower
2019-09-19 11:16:21,218 [pool-91-thread-1] INFO  impl.RoleInfo (RoleInfo.java:updateAndGet(143)) - 5fa13453-57b5-4cad-91e0-01499166b24e: start FollowerState
2019-09-19 11:16:21,219 [pool-91-thread-1] INFO  util.JmxRegister (JmxRegister.java:tryRegister(44)) - Successfully registered JMX Bean with object name Ratis:service=RaftServer,group=group-33260947512B,id=5fa13453-57b5-4cad-91e0-01499166b24e
2019-09-19 11:16:21,223 [RatisPipelineUtilsThread] INFO  pipeline.PipelineStateManager (PipelineStateManager.java:addPipeline(56)) - Created pipeline Pipeline[ Id: 36f8d3df-4dd9-4aa7-a200-33260947512b, Nodes: 5fa13453-57b5-4cad-91e0-01499166b24e{ip: 192.168.157.226, host: pr-hdds-1569-swxfz-3172132826, networkLocation: /default-rack, certSerialId: null}, Type:RATIS, Factor:ONE, State:OPEN]
2019-09-19 11:16:21,224 [RatisPipelineUtilsThread] ERROR pipeline.PipelinePlacementPolicy (PipelinePlacementPolicy.java:meetCriteria(91)) - Pipeline Placement: Doesn't meet the criteria to be viable node. Heaviness: 6
2019-09-19 11:16:21,232 [grpc-default-executor-0] INFO  impl.RaftServerProxy (RaftServerProxy.java:addNew(89)) - 5fa13453-57b5-4cad-91e0-01499166b24e: addNew group-71522E47C69A:[5fa13453-57b5-4cad-91e0-01499166b24e:192.168.157.226:39923] returns group-71522E47C69A:java.util.concurrent.CompletableFuture@69ee3e54[Not completed]
2019-09-19 11:16:21,233 [pool-91-thread-1] INFO  impl.RaftServerImpl (RaftServerImpl.java:<init>(93)) - 5fa13453-57b5-4cad-91e0-01499166b24e: new RaftServerImpl for group-71522E47C69A:[5fa13453-57b5-4cad-91e0-01499166b24e:192.168.157.226:39923] with ContainerStateMachine:uninitialized
2019-09-19 11:16:21,233 [pool-91-thread-1] INFO  server.RaftServerConfigKeys (ConfUtils.java:logGet(43)) - raft.server.rpc.timeout.min = 5s (custom)
2019-09-19 11:16:21,233 [pool-91-thread-1] INFO  server.RaftServerConfigKeys (ConfUtils.java:logGet(43)) - raft.server.rpc.timeout.max = 5200ms (custom)
2019-09-19 11:16:21,233 [pool-91-thread-1] INFO  server.RaftServerConfigKeys (ConfUtils.java:logGet(43)) - raft.server.rpcslowness.timeout = 120s (custom)
2019-09-19 11:16:21,234 [pool-91-thread-1] INFO  server.RaftServerConfigKeys (ConfUtils.java:logGet(43)) - raft.server.sleep.deviation.threshold = 300 (default)
2019-09-19 11:16:21,234 [pool-91-thread-1] INFO  server.RaftServerConfigKeys (ConfUtils.java:logGet(43)) - raft.server.log.appender.install.snapshot.enabled = false (custom)
2019-09-19 11:16:21,234 [pool-91-thread-1] INFO  impl.RaftServerImpl (ServerState.java:<init>(105)) - 5fa13453-57b5-4cad-91e0-01499166b24e:group-71522E47C69A ConfigurationManager, init=-1: [5fa13453-57b5-4cad-91e0-01499166b24e:192.168.157.226:39923], old=null, confs=<EMPTY_MAP>
2019-09-19 11:16:21,234 [pool-91-thread-1] INFO  server.RaftServerConfigKeys (ConfUtils.java:logGet(43)) - raft.server.storage.dir = [/workdir/hadoop-ozone/integration-test/target/test-dir/MiniOzoneClusterImpl-8515ba0f-6092-46e7-a8c4-ec3c572bc923/datanode-1/data/ratis] (custom)
2019-09-19 11:16:21,234 [pool-91-thread-1] INFO  storage.RaftStorageDirectory (RaftStorageDirectory.java:analyzeStorage(246)) - The storage directory /workdir/hadoop-ozone/integration-test/target/test-dir/MiniOzoneClusterImpl-8515ba0f-6092-46e7-a8c4-ec3c572bc923/datanode-1/data/ratis/eabfd7e0-5d6d-4f5e-b7db-71522e47c69a does not exist. Creating ...
2019-09-19 11:16:21,248 [pool-91-thread-1] INFO  storage.RaftStorageDirectory (RaftStorageDirectory.java:tryLock(328)) - Lock on /workdir/hadoop-ozone/integration-test/target/test-dir/MiniOzoneClusterImpl-8515ba0f-6092-46e7-a8c4-ec3c572bc923/datanode-1/data/ratis/eabfd7e0-5d6d-4f5e-b7db-71522e47c69a/in_use.lock acquired by nodename 20864@pr-hdds-1569-swxfz-3172132826
2019-09-19 11:16:21,260 [pool-91-thread-1] INFO  storage.RaftStorage (RaftStorage.java:format(72)) - Storage directory /workdir/hadoop-ozone/integration-test/target/test-dir/MiniOzoneClusterImpl-8515ba0f-6092-46e7-a8c4-ec3c572bc923/datanode-1/data/ratis/eabfd7e0-5d6d-4f5e-b7db-71522e47c69a has been successfully formatted.
2019-09-19 11:16:21,261 [pool-91-thread-1] INFO  ratis.ContainerStateMachine (ContainerStateMachine.java:loadSnapshot(226)) - group-71522E47C69A: The snapshot info is null. Setting the last applied indexto:(t:0, i:~)
2019-09-19 11:16:21,261 [pool-91-thread-1] INFO  server.RaftServerConfigKeys (ConfUtils.java:logGet(43)) - raft.server.leader.election.timeout = 120s (custom)
2019-09-19 11:16:21,261 [pool-91-thread-1] INFO  server.RaftServerConfigKeys (ConfUtils.java:logGet(43)) - raft.server.log.use.memory = false (default)
2019-09-19 11:16:21,261 [pool-91-thread-1] INFO  server.RaftServerConfigKeys (ConfUtils.java:logGet(43)) - raft.server.log.purge.gap = 1000000 (custom)
2019-09-19 11:16:21,261 [pool-91-thread-1] INFO  server.RaftServerConfigKeys (ConfUtils.java:logGet(43)) - raft.server.log.appender.buffer.byte-limit = 33554432 (custom)
2019-09-19 11:16:21,262 [pool-91-thread-1] INFO  server.RaftServerConfigKeys (ConfUtils.java:logGet(43)) - raft.server.log.segment.size.max = 1048576 (custom)
2019-09-19 11:16:21,262 [pool-91-thread-1] INFO  server.RaftServerConfigKeys (ConfUtils.java:logGet(43)) - raft.server.log.segment.cache.num.max = 2 (custom)
2019-09-19 11:16:21,262 [pool-91-thread-1] INFO  segmented.SegmentedRaftLogWorker (SegmentedRaftLogWorker.java:<init>(172)) - new 5fa13453-57b5-4cad-91e0-01499166b24e-SegmentedRaftLogWorker:Storage Directory /workdir/hadoop-ozone/integration-test/target/test-dir/MiniOzoneClusterImpl-8515ba0f-6092-46e7-a8c4-ec3c572bc923/datanode-1/data/ratis/eabfd7e0-5d6d-4f5e-b7db-71522e47c69a for RaftStorage:Storage Directory /workdir/hadoop-ozone/integration-test/target/test-dir/MiniOzoneClusterImpl-8515ba0f-6092-46e7-a8c4-ec3c572bc923/datanode-1/data/ratis/eabfd7e0-5d6d-4f5e-b7db-71522e47c69a
2019-09-19 11:16:21,262 [pool-91-thread-1] INFO  server.RaftServerConfigKeys (ConfUtils.java:logGet(43)) - raft.server.log.queue.byte-limit = 2147483647 (custom)
2019-09-19 11:16:21,262 [pool-91-thread-1] INFO  server.RaftServerConfigKeys (ConfUtils.java:logGet(43)) - raft.server.log.queue.element-limit = 1024 (custom)
2019-09-19 11:16:21,262 [pool-91-thread-1] INFO  server.RaftServerConfigKeys (ConfUtils.java:logGet(43)) - raft.server.log.segment.size.max = 1048576 (custom)
2019-09-19 11:16:21,262 [pool-91-thread-1] INFO  server.RaftServerConfigKeys (ConfUtils.java:logGet(43)) - raft.server.log.preallocated.size = 16384 (custom)
2019-09-19 11:16:21,263 [pool-91-thread-1] INFO  server.RaftServerConfigKeys (ConfUtils.java:logGet(43)) - raft.server.log.write.buffer.size = 33554432 (custom)
2019-09-19 11:16:21,263 [pool-91-thread-1] INFO  server.RaftServerConfigKeys (ConfUtils.java:logGet(43)) - raft.server.log.force.sync.num = 128 (default)
2019-09-19 11:16:21,263 [pool-91-thread-1] INFO  server.RaftServerConfigKeys (ConfUtils.java:logGet(43)) - raft.server.log.statemachine.data.sync = true (default)
2019-09-19 11:16:21,263 [pool-91-thread-1] INFO  server.RaftServerConfigKeys (ConfUtils.java:logGet(43)) - raft.server.log.statemachine.data.sync.timeout = 10s (default)
2019-09-19 11:16:21,263 [pool-91-thread-1] INFO  server.RaftServerConfigKeys (ConfUtils.java:logGet(43)) - raft.server.log.statemachine.data.sync.timeout.retry = -1 (default)
2019-09-19 11:16:21,263 [pool-91-thread-1] INFO  server.RaftServerConfigKeys (ConfUtils.java:logGet(43)) - raft.server.log.statemachine.data.caching.enabled = true (custom)
2019-09-19 11:16:21,264 [pool-91-thread-1] INFO  segmented.SegmentedRaftLogWorker (SegmentedRaftLogWorker.java:lambda$new$0(132)) - 5fa13453-57b5-4cad-91e0-01499166b24e-SegmentedRaftLogWorker:Storage Directory /workdir/hadoop-ozone/integration-test/target/test-dir/MiniOzoneClusterImpl-8515ba0f-6092-46e7-a8c4-ec3c572bc923/datanode-1/data/ratis/eabfd7e0-5d6d-4f5e-b7db-71522e47c69a: flushIndex: setUnconditionally 0 -> -1
2019-09-19 11:16:21,264 [pool-91-thread-1] INFO  server.RaftServerConfigKeys (ConfUtils.java:logGet(43)) - raft.server.snapshot.auto.trigger.enabled = true (custom)
2019-09-19 11:16:21,264 [pool-91-thread-1] INFO  server.RaftServerConfigKeys (ConfUtils.java:logGet(43)) - raft.server.snapshot.auto.trigger.threshold = 10000 (custom)
2019-09-19 11:16:21,264 [pool-91-thread-1] INFO  server.RaftServerConfigKeys (ConfUtils.java:logGet(43)) - raft.server.retrycache.expirytime = 600000ms (custom)
2019-09-19 11:16:21,265 [pool-91-thread-1] INFO  impl.RaftServerImpl (RaftServerImpl.java:start(180)) - 5fa13453-57b5-4cad-91e0-01499166b24e: start group-71522E47C69A
2019-09-19 11:16:21,265 [pool-91-thread-1] INFO  impl.RaftServerImpl (RaftServerImpl.java:setRole(171)) - 5fa13453-57b5-4cad-91e0-01499166b24e:group-71522E47C69A changes role from null to FOLLOWER at term 0 for startAsFollower
2019-09-19 11:16:21,265 [pool-91-thread-1] INFO  impl.RoleInfo (RoleInfo.java:updateAndGet(143)) - 5fa13453-57b5-4cad-91e0-01499166b24e: start FollowerState
2019-09-19 11:16:21,265 [pool-91-thread-1] INFO  util.JmxRegister (JmxRegister.java:tryRegister(44)) - Successfully registered JMX Bean with object name Ratis:service=RaftServer,group=group-71522E47C69A,id=5fa13453-57b5-4cad-91e0-01499166b24e
2019-09-19 11:16:21,270 [RatisPipelineUtilsThread] INFO  pipeline.PipelineStateManager (PipelineStateManager.java:addPipeline(56)) - Created pipeline Pipeline[ Id: eabfd7e0-5d6d-4f5e-b7db-71522e47c69a, Nodes: 5fa13453-57b5-4cad-91e0-01499166b24e{ip: 192.168.157.226, host: pr-hdds-1569-swxfz-3172132826, networkLocation: /default-rack, certSerialId: null}, Type:RATIS, Factor:ONE, State:OPEN]
2019-09-19 11:16:21,270 [RatisPipelineUtilsThread] ERROR pipeline.PipelinePlacementPolicy (PipelinePlacementPolicy.java:meetCriteria(91)) - Pipeline Placement: Doesn't meet the criteria to be viable node. Heaviness: 6
2019-09-19 11:16:21,270 [RatisPipelineUtilsThread] ERROR pipeline.PipelinePlacementPolicy (PipelinePlacementPolicy.java:meetCriteria(91)) - Pipeline Placement: Doesn't meet the criteria to be viable node. Heaviness: 6
2019-09-19 11:16:21,279 [grpc-default-executor-0] INFO  impl.RaftServerProxy (RaftServerProxy.java:addNew(89)) - d807390a-82a8-4cb9-8bc5-f0775ff05710: addNew group-5B182EF7B338:[d807390a-82a8-4cb9-8bc5-f0775ff05710:192.168.157.226:36100] returns group-5B182EF7B338:java.util.concurrent.CompletableFuture@315d9d93[Not completed]
2019-09-19 11:16:21,281 [pool-102-thread-1] INFO  impl.RaftServerImpl (RaftServerImpl.java:<init>(93)) - d807390a-82a8-4cb9-8bc5-f0775ff05710: new RaftServerImpl for group-5B182EF7B338:[d807390a-82a8-4cb9-8bc5-f0775ff05710:192.168.157.226:36100] with ContainerStateMachine:uninitialized
2019-09-19 11:16:21,282 [pool-102-thread-1] INFO  server.RaftServerConfigKeys (ConfUtils.java:logGet(43)) - raft.server.rpc.timeout.min = 5s (custom)
2019-09-19 11:16:21,282 [pool-102-thread-1] INFO  server.RaftServerConfigKeys (ConfUtils.java:logGet(43)) - raft.server.rpc.timeout.max = 5200ms (custom)
2019-09-19 11:16:21,282 [pool-102-thread-1] INFO  server.RaftServerConfigKeys (ConfUtils.java:logGet(43)) - raft.server.rpcslowness.timeout = 120s (custom)
2019-09-19 11:16:21,283 [pool-102-thread-1] INFO  server.RaftServerConfigKeys (ConfUtils.java:logGet(43)) - raft.server.sleep.deviation.threshold = 300 (default)
2019-09-19 11:16:21,283 [pool-102-thread-1] INFO  server.RaftServerConfigKeys (ConfUtils.java:logGet(43)) - raft.server.log.appender.install.snapshot.enabled = false (custom)
2019-09-19 11:16:21,283 [pool-102-thread-1] INFO  impl.RaftServerImpl (ServerState.java:<init>(105)) - d807390a-82a8-4cb9-8bc5-f0775ff05710:group-5B182EF7B338 ConfigurationManager, init=-1: [d807390a-82a8-4cb9-8bc5-f0775ff05710:192.168.157.226:36100], old=null, confs=<EMPTY_MAP>
2019-09-19 11:16:21,283 [pool-102-thread-1] INFO  server.RaftServerConfigKeys (ConfUtils.java:logGet(43)) - raft.server.storage.dir = [/workdir/hadoop-ozone/integration-test/target/test-dir/MiniOzoneClusterImpl-8515ba0f-6092-46e7-a8c4-ec3c572bc923/datanode-2/data/ratis] (custom)
2019-09-19 11:16:21,284 [pool-102-thread-1] INFO  storage.RaftStorageDirectory (RaftStorageDirectory.java:analyzeStorage(246)) - The storage directory /workdir/hadoop-ozone/integration-test/target/test-dir/MiniOzoneClusterImpl-8515ba0f-6092-46e7-a8c4-ec3c572bc923/datanode-2/data/ratis/dc213c03-a1ca-4761-b6a7-5b182ef7b338 does not exist. Creating ...
2019-09-19 11:16:21,292 [pool-102-thread-1] INFO  storage.RaftStorageDirectory (RaftStorageDirectory.java:tryLock(328)) - Lock on /workdir/hadoop-ozone/integration-test/target/test-dir/MiniOzoneClusterImpl-8515ba0f-6092-46e7-a8c4-ec3c572bc923/datanode-2/data/ratis/dc213c03-a1ca-4761-b6a7-5b182ef7b338/in_use.lock acquired by nodename 20864@pr-hdds-1569-swxfz-3172132826
2019-09-19 11:16:21,305 [pool-102-thread-1] INFO  storage.RaftStorage (RaftStorage.java:format(72)) - Storage directory /workdir/hadoop-ozone/integration-test/target/test-dir/MiniOzoneClusterImpl-8515ba0f-6092-46e7-a8c4-ec3c572bc923/datanode-2/data/ratis/dc213c03-a1ca-4761-b6a7-5b182ef7b338 has been successfully formatted.
2019-09-19 11:16:21,305 [pool-102-thread-1] INFO  ratis.ContainerStateMachine (ContainerStateMachine.java:loadSnapshot(226)) - group-5B182EF7B338: The snapshot info is null. Setting the last applied indexto:(t:0, i:~)
2019-09-19 11:16:21,306 [pool-102-thread-1] INFO  server.RaftServerConfigKeys (ConfUtils.java:logGet(43)) - raft.server.leader.election.timeout = 120s (custom)
2019-09-19 11:16:21,306 [pool-102-thread-1] INFO  server.RaftServerConfigKeys (ConfUtils.java:logGet(43)) - raft.server.log.use.memory = false (default)
2019-09-19 11:16:21,306 [pool-102-thread-1] INFO  server.RaftServerConfigKeys (ConfUtils.java:logGet(43)) - raft.server.log.purge.gap = 1000000 (custom)
2019-09-19 11:16:21,306 [pool-102-thread-1] INFO  server.RaftServerConfigKeys (ConfUtils.java:logGet(43)) - raft.server.log.appender.buffer.byte-limit = 33554432 (custom)
2019-09-19 11:16:21,306 [pool-102-thread-1] INFO  server.RaftServerConfigKeys (ConfUtils.java:logGet(43)) - raft.server.log.segment.size.max = 1048576 (custom)
2019-09-19 11:16:21,306 [pool-102-thread-1] INFO  server.RaftServerConfigKeys (ConfUtils.java:logGet(43)) - raft.server.log.segment.cache.num.max = 2 (custom)
2019-09-19 11:16:21,307 [pool-102-thread-1] INFO  segmented.SegmentedRaftLogWorker (SegmentedRaftLogWorker.java:<init>(172)) - new d807390a-82a8-4cb9-8bc5-f0775ff05710-SegmentedRaftLogWorker:Storage Directory /workdir/hadoop-ozone/integration-test/target/test-dir/MiniOzoneClusterImpl-8515ba0f-6092-46e7-a8c4-ec3c572bc923/datanode-2/data/ratis/dc213c03-a1ca-4761-b6a7-5b182ef7b338 for RaftStorage:Storage Directory /workdir/hadoop-ozone/integration-test/target/test-dir/MiniOzoneClusterImpl-8515ba0f-6092-46e7-a8c4-ec3c572bc923/datanode-2/data/ratis/dc213c03-a1ca-4761-b6a7-5b182ef7b338
2019-09-19 11:16:21,307 [pool-102-thread-1] INFO  server.RaftServerConfigKeys (ConfUtils.java:logGet(43)) - raft.server.log.queue.byte-limit = 2147483647 (custom)
2019-09-19 11:16:21,307 [pool-102-thread-1] INFO  server.RaftServerConfigKeys (ConfUtils.java:logGet(43)) - raft.server.log.queue.element-limit = 1024 (custom)
2019-09-19 11:16:21,307 [pool-102-thread-1] INFO  server.RaftServerConfigKeys (ConfUtils.java:logGet(43)) - raft.server.log.segment.size.max = 1048576 (custom)
2019-09-19 11:16:21,307 [pool-102-thread-1] INFO  server.RaftServerConfigKeys (ConfUtils.java:logGet(43)) - raft.server.log.preallocated.size = 16384 (custom)
2019-09-19 11:16:21,308 [pool-102-thread-1] INFO  server.RaftServerConfigKeys (ConfUtils.java:logGet(43)) - raft.server.log.write.buffer.size = 33554432 (custom)
2019-09-19 11:16:21,308 [pool-102-thread-1] INFO  server.RaftServerConfigKeys (ConfUtils.java:logGet(43)) - raft.server.log.force.sync.num = 128 (default)
2019-09-19 11:16:21,308 [pool-102-thread-1] INFO  server.RaftServerConfigKeys (ConfUtils.java:logGet(43)) - raft.server.log.statemachine.data.sync = true (default)
2019-09-19 11:16:21,308 [pool-102-thread-1] INFO  server.RaftServerConfigKeys (ConfUtils.java:logGet(43)) - raft.server.log.statemachine.data.sync.timeout = 10s (default)
2019-09-19 11:16:21,308 [pool-102-thread-1] INFO  server.RaftServerConfigKeys (ConfUtils.java:logGet(43)) - raft.server.log.statemachine.data.sync.timeout.retry = -1 (default)
2019-09-19 11:16:21,309 [pool-102-thread-1] INFO  server.RaftServerConfigKeys (ConfUtils.java:logGet(43)) - raft.server.log.statemachine.data.caching.enabled = true (custom)
2019-09-19 11:16:21,309 [pool-102-thread-1] INFO  segmented.SegmentedRaftLogWorker (SegmentedRaftLogWorker.java:lambda$new$0(132)) - d807390a-82a8-4cb9-8bc5-f0775ff05710-SegmentedRaftLogWorker:Storage Directory /workdir/hadoop-ozone/integration-test/target/test-dir/MiniOzoneClusterImpl-8515ba0f-6092-46e7-a8c4-ec3c572bc923/datanode-2/data/ratis/dc213c03-a1ca-4761-b6a7-5b182ef7b338: flushIndex: setUnconditionally 0 -> -1
2019-09-19 11:16:21,309 [pool-102-thread-1] INFO  server.RaftServerConfigKeys (ConfUtils.java:logGet(43)) - raft.server.snapshot.auto.trigger.enabled = true (custom)
2019-09-19 11:16:21,309 [pool-102-thread-1] INFO  server.RaftServerConfigKeys (ConfUtils.java:logGet(43)) - raft.server.snapshot.auto.trigger.threshold = 10000 (custom)
2019-09-19 11:16:21,310 [pool-102-thread-1] INFO  server.RaftServerConfigKeys (ConfUtils.java:logGet(43)) - raft.server.retrycache.expirytime = 600000ms (custom)
2019-09-19 11:16:21,310 [pool-102-thread-1] INFO  impl.RaftServerImpl (RaftServerImpl.java:start(180)) - d807390a-82a8-4cb9-8bc5-f0775ff05710: start group-5B182EF7B338
2019-09-19 11:16:21,310 [pool-102-thread-1] INFO  impl.RaftServerImpl (RaftServerImpl.java:setRole(171)) - d807390a-82a8-4cb9-8bc5-f0775ff05710:group-5B182EF7B338 changes role from null to FOLLOWER at term 0 for startAsFollower
2019-09-19 11:16:21,310 [pool-102-thread-1] INFO  impl.RoleInfo (RoleInfo.java:updateAndGet(143)) - d807390a-82a8-4cb9-8bc5-f0775ff05710: start FollowerState
2019-09-19 11:16:21,311 [pool-102-thread-1] INFO  util.JmxRegister (JmxRegister.java:tryRegister(44)) - Successfully registered JMX Bean with object name Ratis:service=RaftServer,group=group-5B182EF7B338,id=d807390a-82a8-4cb9-8bc5-f0775ff05710
2019-09-19 11:16:21,315 [RatisPipelineUtilsThread] INFO  pipeline.PipelineStateManager (PipelineStateManager.java:addPipeline(56)) - Created pipeline Pipeline[ Id: dc213c03-a1ca-4761-b6a7-5b182ef7b338, Nodes: d807390a-82a8-4cb9-8bc5-f0775ff05710{ip: 192.168.157.226, host: pr-hdds-1569-swxfz-3172132826, networkLocation: /default-rack, certSerialId: null}, Type:RATIS, Factor:ONE, State:OPEN]
2019-09-19 11:16:21,316 [RatisPipelineUtilsThread] ERROR pipeline.PipelinePlacementPolicy (PipelinePlacementPolicy.java:meetCriteria(91)) - Pipeline Placement: Doesn't meet the criteria to be viable node. Heaviness: 6
2019-09-19 11:16:21,316 [RatisPipelineUtilsThread] ERROR pipeline.PipelinePlacementPolicy (PipelinePlacementPolicy.java:meetCriteria(91)) - Pipeline Placement: Doesn't meet the criteria to be viable node. Heaviness: 6
2019-09-19 11:16:21,325 [grpc-default-executor-1] INFO  impl.RaftServerProxy (RaftServerProxy.java:addNew(89)) - d807390a-82a8-4cb9-8bc5-f0775ff05710: addNew group-428410D42864:[d807390a-82a8-4cb9-8bc5-f0775ff05710:192.168.157.226:36100] returns group-428410D42864:java.util.concurrent.CompletableFuture@545d3615[Not completed]
2019-09-19 11:16:21,326 [pool-102-thread-1] INFO  impl.RaftServerImpl (RaftServerImpl.java:<init>(93)) - d807390a-82a8-4cb9-8bc5-f0775ff05710: new RaftServerImpl for group-428410D42864:[d807390a-82a8-4cb9-8bc5-f0775ff05710:192.168.157.226:36100] with ContainerStateMachine:uninitialized
2019-09-19 11:16:21,326 [pool-102-thread-1] INFO  server.RaftServerConfigKeys (ConfUtils.java:logGet(43)) - raft.server.rpc.timeout.min = 5s (custom)
2019-09-19 11:16:21,327 [pool-102-thread-1] INFO  server.RaftServerConfigKeys (ConfUtils.java:logGet(43)) - raft.server.rpc.timeout.max = 5200ms (custom)
2019-09-19 11:16:21,327 [pool-102-thread-1] INFO  server.RaftServerConfigKeys (ConfUtils.java:logGet(43)) - raft.server.rpcslowness.timeout = 120s (custom)
2019-09-19 11:16:21,327 [pool-102-thread-1] INFO  server.RaftServerConfigKeys (ConfUtils.java:logGet(43)) - raft.server.sleep.deviation.threshold = 300 (default)
2019-09-19 11:16:21,327 [pool-102-thread-1] INFO  server.RaftServerConfigKeys (ConfUtils.java:logGet(43)) - raft.server.log.appender.install.snapshot.enabled = false (custom)
2019-09-19 11:16:21,327 [pool-102-thread-1] INFO  impl.RaftServerImpl (ServerState.java:<init>(105)) - d807390a-82a8-4cb9-8bc5-f0775ff05710:group-428410D42864 ConfigurationManager, init=-1: [d807390a-82a8-4cb9-8bc5-f0775ff05710:192.168.157.226:36100], old=null, confs=<EMPTY_MAP>
2019-09-19 11:16:21,327 [pool-102-thread-1] INFO  server.RaftServerConfigKeys (ConfUtils.java:logGet(43)) - raft.server.storage.dir = [/workdir/hadoop-ozone/integration-test/target/test-dir/MiniOzoneClusterImpl-8515ba0f-6092-46e7-a8c4-ec3c572bc923/datanode-2/data/ratis] (custom)
2019-09-19 11:16:21,328 [pool-102-thread-1] INFO  storage.RaftStorageDirectory (RaftStorageDirectory.java:analyzeStorage(246)) - The storage directory /workdir/hadoop-ozone/integration-test/target/test-dir/MiniOzoneClusterImpl-8515ba0f-6092-46e7-a8c4-ec3c572bc923/datanode-2/data/ratis/0862e42f-71bd-4162-af6a-428410d42864 does not exist. Creating ...
2019-09-19 11:16:21,341 [pool-102-thread-1] INFO  storage.RaftStorageDirectory (RaftStorageDirectory.java:tryLock(328)) - Lock on /workdir/hadoop-ozone/integration-test/target/test-dir/MiniOzoneClusterImpl-8515ba0f-6092-46e7-a8c4-ec3c572bc923/datanode-2/data/ratis/0862e42f-71bd-4162-af6a-428410d42864/in_use.lock acquired by nodename 20864@pr-hdds-1569-swxfz-3172132826
2019-09-19 11:16:21,354 [pool-102-thread-1] INFO  storage.RaftStorage (RaftStorage.java:format(72)) - Storage directory /workdir/hadoop-ozone/integration-test/target/test-dir/MiniOzoneClusterImpl-8515ba0f-6092-46e7-a8c4-ec3c572bc923/datanode-2/data/ratis/0862e42f-71bd-4162-af6a-428410d42864 has been successfully formatted.
2019-09-19 11:16:21,354 [pool-102-thread-1] INFO  ratis.ContainerStateMachine (ContainerStateMachine.java:loadSnapshot(226)) - group-428410D42864: The snapshot info is null. Setting the last applied indexto:(t:0, i:~)
2019-09-19 11:16:21,355 [pool-102-thread-1] INFO  server.RaftServerConfigKeys (ConfUtils.java:logGet(43)) - raft.server.leader.election.timeout = 120s (custom)
2019-09-19 11:16:21,355 [pool-102-thread-1] INFO  server.RaftServerConfigKeys (ConfUtils.java:logGet(43)) - raft.server.log.use.memory = false (default)
2019-09-19 11:16:21,355 [pool-102-thread-1] INFO  server.RaftServerConfigKeys (ConfUtils.java:logGet(43)) - raft.server.log.purge.gap = 1000000 (custom)
2019-09-19 11:16:21,355 [pool-102-thread-1] INFO  server.RaftServerConfigKeys (ConfUtils.java:logGet(43)) - raft.server.log.appender.buffer.byte-limit = 33554432 (custom)
2019-09-19 11:16:21,355 [pool-102-thread-1] INFO  server.RaftServerConfigKeys (ConfUtils.java:logGet(43)) - raft.server.log.segment.size.max = 1048576 (custom)
2019-09-19 11:16:21,355 [pool-102-thread-1] INFO  server.RaftServerConfigKeys (ConfUtils.java:logGet(43)) - raft.server.log.segment.cache.num.max = 2 (custom)
2019-09-19 11:16:21,355 [pool-102-thread-1] INFO  segmented.SegmentedRaftLogWorker (SegmentedRaftLogWorker.java:<init>(172)) - new d807390a-82a8-4cb9-8bc5-f0775ff05710-SegmentedRaftLogWorker:Storage Directory /workdir/hadoop-ozone/integration-test/target/test-dir/MiniOzoneClusterImpl-8515ba0f-6092-46e7-a8c4-ec3c572bc923/datanode-2/data/ratis/0862e42f-71bd-4162-af6a-428410d42864 for RaftStorage:Storage Directory /workdir/hadoop-ozone/integration-test/target/test-dir/MiniOzoneClusterImpl-8515ba0f-6092-46e7-a8c4-ec3c572bc923/datanode-2/data/ratis/0862e42f-71bd-4162-af6a-428410d42864
2019-09-19 11:16:21,356 [pool-102-thread-1] INFO  server.RaftServerConfigKeys (ConfUtils.java:logGet(43)) - raft.server.log.queue.byte-limit = 2147483647 (custom)
2019-09-19 11:16:21,356 [pool-102-thread-1] INFO  server.RaftServerConfigKeys (ConfUtils.java:logGet(43)) - raft.server.log.queue.element-limit = 1024 (custom)
2019-09-19 11:16:21,356 [pool-102-thread-1] INFO  server.RaftServerConfigKeys (ConfUtils.java:logGet(43)) - raft.server.log.segment.size.max = 1048576 (custom)
2019-09-19 11:16:21,356 [pool-102-thread-1] INFO  server.RaftServerConfigKeys (ConfUtils.java:logGet(43)) - raft.server.log.preallocated.size = 16384 (custom)
2019-09-19 11:16:21,356 [pool-102-thread-1] INFO  server.RaftServerConfigKeys (ConfUtils.java:logGet(43)) - raft.server.log.write.buffer.size = 33554432 (custom)
2019-09-19 11:16:21,356 [pool-102-thread-1] INFO  server.RaftServerConfigKeys (ConfUtils.java:logGet(43)) - raft.server.log.force.sync.num = 128 (default)
2019-09-19 11:16:21,356 [pool-102-thread-1] INFO  server.RaftServerConfigKeys (ConfUtils.java:logGet(43)) - raft.server.log.statemachine.data.sync = true (default)
2019-09-19 11:16:21,357 [pool-102-thread-1] INFO  server.RaftServerConfigKeys (ConfUtils.java:logGet(43)) - raft.server.log.statemachine.data.sync.timeout = 10s (default)
2019-09-19 11:16:21,357 [pool-102-thread-1] INFO  server.RaftServerConfigKeys (ConfUtils.java:logGet(43)) - raft.server.log.statemachine.data.sync.timeout.retry = -1 (default)
2019-09-19 11:16:21,357 [pool-102-thread-1] INFO  server.RaftServerConfigKeys (ConfUtils.java:logGet(43)) - raft.server.log.statemachine.data.caching.enabled = true (custom)
2019-09-19 11:16:21,357 [pool-102-thread-1] INFO  segmented.SegmentedRaftLogWorker (SegmentedRaftLogWorker.java:lambda$new$0(132)) - d807390a-82a8-4cb9-8bc5-f0775ff05710-SegmentedRaftLogWorker:Storage Directory /workdir/hadoop-ozone/integration-test/target/test-dir/MiniOzoneClusterImpl-8515ba0f-6092-46e7-a8c4-ec3c572bc923/datanode-2/data/ratis/0862e42f-71bd-4162-af6a-428410d42864: flushIndex: setUnconditionally 0 -> -1
2019-09-19 11:16:21,358 [pool-102-thread-1] INFO  server.RaftServerConfigKeys (ConfUtils.java:logGet(43)) - raft.server.snapshot.auto.trigger.enabled = true (custom)
2019-09-19 11:16:21,358 [pool-102-thread-1] INFO  server.RaftServerConfigKeys (ConfUtils.java:logGet(43)) - raft.server.snapshot.auto.trigger.threshold = 10000 (custom)
2019-09-19 11:16:21,358 [pool-102-thread-1] INFO  server.RaftServerConfigKeys (ConfUtils.java:logGet(43)) - raft.server.retrycache.expirytime = 600000ms (custom)
2019-09-19 11:16:21,358 [pool-102-thread-1] INFO  impl.RaftServerImpl (RaftServerImpl.java:start(180)) - d807390a-82a8-4cb9-8bc5-f0775ff05710: start group-428410D42864
2019-09-19 11:16:21,358 [pool-102-thread-1] INFO  impl.RaftServerImpl (RaftServerImpl.java:setRole(171)) - d807390a-82a8-4cb9-8bc5-f0775ff05710:group-428410D42864 changes role from null to FOLLOWER at term 0 for startAsFollower
2019-09-19 11:16:21,359 [pool-102-thread-1] INFO  impl.RoleInfo (RoleInfo.java:updateAndGet(143)) - d807390a-82a8-4cb9-8bc5-f0775ff05710: start FollowerState
2019-09-19 11:16:21,359 [pool-102-thread-1] INFO  util.JmxRegister (JmxRegister.java:tryRegister(44)) - Successfully registered JMX Bean with object name Ratis:service=RaftServer,group=group-428410D42864,id=d807390a-82a8-4cb9-8bc5-f0775ff05710
2019-09-19 11:16:21,364 [RatisPipelineUtilsThread] INFO  pipeline.PipelineStateManager (PipelineStateManager.java:addPipeline(56)) - Created pipeline Pipeline[ Id: 0862e42f-71bd-4162-af6a-428410d42864, Nodes: d807390a-82a8-4cb9-8bc5-f0775ff05710{ip: 192.168.157.226, host: pr-hdds-1569-swxfz-3172132826, networkLocation: /default-rack, certSerialId: null}, Type:RATIS, Factor:ONE, State:OPEN]
2019-09-19 11:16:21,364 [RatisPipelineUtilsThread] ERROR pipeline.PipelinePlacementPolicy (PipelinePlacementPolicy.java:meetCriteria(91)) - Pipeline Placement: Doesn't meet the criteria to be viable node. Heaviness: 6
2019-09-19 11:16:21,364 [RatisPipelineUtilsThread] ERROR pipeline.PipelinePlacementPolicy (PipelinePlacementPolicy.java:meetCriteria(91)) - Pipeline Placement: Doesn't meet the criteria to be viable node. Heaviness: 6
2019-09-19 11:16:21,373 [grpc-default-executor-1] INFO  impl.RaftServerProxy (RaftServerProxy.java:addNew(89)) - d807390a-82a8-4cb9-8bc5-f0775ff05710: addNew group-1698D242E9CF:[d807390a-82a8-4cb9-8bc5-f0775ff05710:192.168.157.226:36100] returns group-1698D242E9CF:java.util.concurrent.CompletableFuture@5ea55d65[Not completed]
2019-09-19 11:16:21,374 [pool-102-thread-1] INFO  impl.RaftServerImpl (RaftServerImpl.java:<init>(93)) - d807390a-82a8-4cb9-8bc5-f0775ff05710: new RaftServerImpl for group-1698D242E9CF:[d807390a-82a8-4cb9-8bc5-f0775ff05710:192.168.157.226:36100] with ContainerStateMachine:uninitialized
2019-09-19 11:16:21,374 [pool-102-thread-1] INFO  server.RaftServerConfigKeys (ConfUtils.java:logGet(43)) - raft.server.rpc.timeout.min = 5s (custom)
2019-09-19 11:16:21,374 [pool-102-thread-1] INFO  server.RaftServerConfigKeys (ConfUtils.java:logGet(43)) - raft.server.rpc.timeout.max = 5200ms (custom)
2019-09-19 11:16:21,374 [pool-102-thread-1] INFO  server.RaftServerConfigKeys (ConfUtils.java:logGet(43)) - raft.server.rpcslowness.timeout = 120s (custom)
2019-09-19 11:16:21,374 [pool-102-thread-1] INFO  server.RaftServerConfigKeys (ConfUtils.java:logGet(43)) - raft.server.sleep.deviation.threshold = 300 (default)
2019-09-19 11:16:21,375 [pool-102-thread-1] INFO  server.RaftServerConfigKeys (ConfUtils.java:logGet(43)) - raft.server.log.appender.install.snapshot.enabled = false (custom)
2019-09-19 11:16:21,375 [pool-102-thread-1] INFO  impl.RaftServerImpl (ServerState.java:<init>(105)) - d807390a-82a8-4cb9-8bc5-f0775ff05710:group-1698D242E9CF ConfigurationManager, init=-1: [d807390a-82a8-4cb9-8bc5-f0775ff05710:192.168.157.226:36100], old=null, confs=<EMPTY_MAP>
2019-09-19 11:16:21,375 [pool-102-thread-1] INFO  server.RaftServerConfigKeys (ConfUtils.java:logGet(43)) - raft.server.storage.dir = [/workdir/hadoop-ozone/integration-test/target/test-dir/MiniOzoneClusterImpl-8515ba0f-6092-46e7-a8c4-ec3c572bc923/datanode-2/data/ratis] (custom)
2019-09-19 11:16:21,375 [pool-102-thread-1] INFO  storage.RaftStorageDirectory (RaftStorageDirectory.java:analyzeStorage(246)) - The storage directory /workdir/hadoop-ozone/integration-test/target/test-dir/MiniOzoneClusterImpl-8515ba0f-6092-46e7-a8c4-ec3c572bc923/datanode-2/data/ratis/ba782029-484c-43b9-91e6-1698d242e9cf does not exist. Creating ...
2019-09-19 11:16:21,388 [pool-102-thread-1] INFO  storage.RaftStorageDirectory (RaftStorageDirectory.java:tryLock(328)) - Lock on /workdir/hadoop-ozone/integration-test/target/test-dir/MiniOzoneClusterImpl-8515ba0f-6092-46e7-a8c4-ec3c572bc923/datanode-2/data/ratis/ba782029-484c-43b9-91e6-1698d242e9cf/in_use.lock acquired by nodename 20864@pr-hdds-1569-swxfz-3172132826
2019-09-19 11:16:21,401 [pool-102-thread-1] INFO  storage.RaftStorage (RaftStorage.java:format(72)) - Storage directory /workdir/hadoop-ozone/integration-test/target/test-dir/MiniOzoneClusterImpl-8515ba0f-6092-46e7-a8c4-ec3c572bc923/datanode-2/data/ratis/ba782029-484c-43b9-91e6-1698d242e9cf has been successfully formatted.
2019-09-19 11:16:21,401 [pool-102-thread-1] INFO  ratis.ContainerStateMachine (ContainerStateMachine.java:loadSnapshot(226)) - group-1698D242E9CF: The snapshot info is null. Setting the last applied indexto:(t:0, i:~)
2019-09-19 11:16:21,402 [pool-102-thread-1] INFO  server.RaftServerConfigKeys (ConfUtils.java:logGet(43)) - raft.server.leader.election.timeout = 120s (custom)
2019-09-19 11:16:21,402 [pool-102-thread-1] INFO  server.RaftServerConfigKeys (ConfUtils.java:logGet(43)) - raft.server.log.use.memory = false (default)
2019-09-19 11:16:21,402 [pool-102-thread-1] INFO  server.RaftServerConfigKeys (ConfUtils.java:logGet(43)) - raft.server.log.purge.gap = 1000000 (custom)
2019-09-19 11:16:21,402 [pool-102-thread-1] INFO  server.RaftServerConfigKeys (ConfUtils.java:logGet(43)) - raft.server.log.appender.buffer.byte-limit = 33554432 (custom)
2019-09-19 11:16:21,402 [pool-102-thread-1] INFO  server.RaftServerConfigKeys (ConfUtils.java:logGet(43)) - raft.server.log.segment.size.max = 1048576 (custom)
2019-09-19 11:16:21,402 [pool-102-thread-1] INFO  server.RaftServerConfigKeys (ConfUtils.java:logGet(43)) - raft.server.log.segment.cache.num.max = 2 (custom)
2019-09-19 11:16:21,403 [pool-102-thread-1] INFO  segmented.SegmentedRaftLogWorker (SegmentedRaftLogWorker.java:<init>(172)) - new d807390a-82a8-4cb9-8bc5-f0775ff05710-SegmentedRaftLogWorker:Storage Directory /workdir/hadoop-ozone/integration-test/target/test-dir/MiniOzoneClusterImpl-8515ba0f-6092-46e7-a8c4-ec3c572bc923/datanode-2/data/ratis/ba782029-484c-43b9-91e6-1698d242e9cf for RaftStorage:Storage Directory /workdir/hadoop-ozone/integration-test/target/test-dir/MiniOzoneClusterImpl-8515ba0f-6092-46e7-a8c4-ec3c572bc923/datanode-2/data/ratis/ba782029-484c-43b9-91e6-1698d242e9cf
2019-09-19 11:16:21,403 [pool-102-thread-1] INFO  server.RaftServerConfigKeys (ConfUtils.java:logGet(43)) - raft.server.log.queue.byte-limit = 2147483647 (custom)
2019-09-19 11:16:21,403 [pool-102-thread-1] INFO  server.RaftServerConfigKeys (ConfUtils.java:logGet(43)) - raft.server.log.queue.element-limit = 1024 (custom)
2019-09-19 11:16:21,403 [pool-102-thread-1] INFO  server.RaftServerConfigKeys (ConfUtils.java:logGet(43)) - raft.server.log.segment.size.max = 1048576 (custom)
2019-09-19 11:16:21,403 [pool-102-thread-1] INFO  server.RaftServerConfigKeys (ConfUtils.java:logGet(43)) - raft.server.log.preallocated.size = 16384 (custom)
2019-09-19 11:16:21,403 [pool-102-thread-1] INFO  server.RaftServerConfigKeys (ConfUtils.java:logGet(43)) - raft.server.log.write.buffer.size = 33554432 (custom)
2019-09-19 11:16:21,404 [pool-102-thread-1] INFO  server.RaftServerConfigKeys (ConfUtils.java:logGet(43)) - raft.server.log.force.sync.num = 128 (default)
2019-09-19 11:16:21,404 [pool-102-thread-1] INFO  server.RaftServerConfigKeys (ConfUtils.java:logGet(43)) - raft.server.log.statemachine.data.sync = true (default)
2019-09-19 11:16:21,404 [pool-102-thread-1] INFO  server.RaftServerConfigKeys (ConfUtils.java:logGet(43)) - raft.server.log.statemachine.data.sync.timeout = 10s (default)
2019-09-19 11:16:21,404 [pool-102-thread-1] INFO  server.RaftServerConfigKeys (ConfUtils.java:logGet(43)) - raft.server.log.statemachine.data.sync.timeout.retry = -1 (default)
2019-09-19 11:16:21,404 [pool-102-thread-1] INFO  server.RaftServerConfigKeys (ConfUtils.java:logGet(43)) - raft.server.log.statemachine.data.caching.enabled = true (custom)
2019-09-19 11:16:21,404 [pool-102-thread-1] INFO  segmented.SegmentedRaftLogWorker (SegmentedRaftLogWorker.java:lambda$new$0(132)) - d807390a-82a8-4cb9-8bc5-f0775ff05710-SegmentedRaftLogWorker:Storage Directory /workdir/hadoop-ozone/integration-test/target/test-dir/MiniOzoneClusterImpl-8515ba0f-6092-46e7-a8c4-ec3c572bc923/datanode-2/data/ratis/ba782029-484c-43b9-91e6-1698d242e9cf: flushIndex: setUnconditionally 0 -> -1
2019-09-19 11:16:21,405 [pool-102-thread-1] INFO  server.RaftServerConfigKeys (ConfUtils.java:logGet(43)) - raft.server.snapshot.auto.trigger.enabled = true (custom)
2019-09-19 11:16:21,405 [pool-102-thread-1] INFO  server.RaftServerConfigKeys (ConfUtils.java:logGet(43)) - raft.server.snapshot.auto.trigger.threshold = 10000 (custom)
2019-09-19 11:16:21,405 [pool-102-thread-1] INFO  server.RaftServerConfigKeys (ConfUtils.java:logGet(43)) - raft.server.retrycache.expirytime = 600000ms (custom)
2019-09-19 11:16:21,405 [pool-102-thread-1] INFO  impl.RaftServerImpl (RaftServerImpl.java:start(180)) - d807390a-82a8-4cb9-8bc5-f0775ff05710: start group-1698D242E9CF
2019-09-19 11:16:21,406 [pool-102-thread-1] INFO  impl.RaftServerImpl (RaftServerImpl.java:setRole(171)) - d807390a-82a8-4cb9-8bc5-f0775ff05710:group-1698D242E9CF changes role from null to FOLLOWER at term 0 for startAsFollower
2019-09-19 11:16:21,406 [pool-102-thread-1] INFO  impl.RoleInfo (RoleInfo.java:updateAndGet(143)) - d807390a-82a8-4cb9-8bc5-f0775ff05710: start FollowerState
2019-09-19 11:16:21,406 [pool-102-thread-1] INFO  util.JmxRegister (JmxRegister.java:tryRegister(44)) - Successfully registered JMX Bean with object name Ratis:service=RaftServer,group=group-1698D242E9CF,id=d807390a-82a8-4cb9-8bc5-f0775ff05710
2019-09-19 11:16:21,411 [RatisPipelineUtilsThread] INFO  pipeline.PipelineStateManager (PipelineStateManager.java:addPipeline(56)) - Created pipeline Pipeline[ Id: ba782029-484c-43b9-91e6-1698d242e9cf, Nodes: d807390a-82a8-4cb9-8bc5-f0775ff05710{ip: 192.168.157.226, host: pr-hdds-1569-swxfz-3172132826, networkLocation: /default-rack, certSerialId: null}, Type:RATIS, Factor:ONE, State:OPEN]
2019-09-19 11:16:21,411 [RatisPipelineUtilsThread] ERROR pipeline.PipelinePlacementPolicy (PipelinePlacementPolicy.java:meetCriteria(91)) - Pipeline Placement: Doesn't meet the criteria to be viable node. Heaviness: 6
2019-09-19 11:16:21,411 [RatisPipelineUtilsThread] ERROR pipeline.PipelinePlacementPolicy (PipelinePlacementPolicy.java:meetCriteria(91)) - Pipeline Placement: Doesn't meet the criteria to be viable node. Heaviness: 6
2019-09-19 11:16:21,420 [grpc-default-executor-1] INFO  impl.RaftServerProxy (RaftServerProxy.java:addNew(89)) - d807390a-82a8-4cb9-8bc5-f0775ff05710: addNew group-728C63D737AB:[d807390a-82a8-4cb9-8bc5-f0775ff05710:192.168.157.226:36100] returns group-728C63D737AB:java.util.concurrent.CompletableFuture@26f7a82a[Not completed]
2019-09-19 11:16:21,421 [pool-102-thread-1] INFO  impl.RaftServerImpl (RaftServerImpl.java:<init>(93)) - d807390a-82a8-4cb9-8bc5-f0775ff05710: new RaftServerImpl for group-728C63D737AB:[d807390a-82a8-4cb9-8bc5-f0775ff05710:192.168.157.226:36100] with ContainerStateMachine:uninitialized
2019-09-19 11:16:21,422 [pool-102-thread-1] INFO  server.RaftServerConfigKeys (ConfUtils.java:logGet(43)) - raft.server.rpc.timeout.min = 5s (custom)
2019-09-19 11:16:21,422 [pool-102-thread-1] INFO  server.RaftServerConfigKeys (ConfUtils.java:logGet(43)) - raft.server.rpc.timeout.max = 5200ms (custom)
2019-09-19 11:16:21,422 [pool-102-thread-1] INFO  server.RaftServerConfigKeys (ConfUtils.java:logGet(43)) - raft.server.rpcslowness.timeout = 120s (custom)
2019-09-19 11:16:21,422 [pool-102-thread-1] INFO  server.RaftServerConfigKeys (ConfUtils.java:logGet(43)) - raft.server.sleep.deviation.threshold = 300 (default)
2019-09-19 11:16:21,422 [pool-102-thread-1] INFO  server.RaftServerConfigKeys (ConfUtils.java:logGet(43)) - raft.server.log.appender.install.snapshot.enabled = false (custom)
2019-09-19 11:16:21,422 [pool-102-thread-1] INFO  impl.RaftServerImpl (ServerState.java:<init>(105)) - d807390a-82a8-4cb9-8bc5-f0775ff05710:group-728C63D737AB ConfigurationManager, init=-1: [d807390a-82a8-4cb9-8bc5-f0775ff05710:192.168.157.226:36100], old=null, confs=<EMPTY_MAP>
2019-09-19 11:16:21,422 [pool-102-thread-1] INFO  server.RaftServerConfigKeys (ConfUtils.java:logGet(43)) - raft.server.storage.dir = [/workdir/hadoop-ozone/integration-test/target/test-dir/MiniOzoneClusterImpl-8515ba0f-6092-46e7-a8c4-ec3c572bc923/datanode-2/data/ratis] (custom)
2019-09-19 11:16:21,423 [pool-102-thread-1] INFO  storage.RaftStorageDirectory (RaftStorageDirectory.java:analyzeStorage(246)) - The storage directory /workdir/hadoop-ozone/integration-test/target/test-dir/MiniOzoneClusterImpl-8515ba0f-6092-46e7-a8c4-ec3c572bc923/datanode-2/data/ratis/c012e2f5-1f55-4791-84f0-728c63d737ab does not exist. Creating ...
2019-09-19 11:16:21,436 [pool-102-thread-1] INFO  storage.RaftStorageDirectory (RaftStorageDirectory.java:tryLock(328)) - Lock on /workdir/hadoop-ozone/integration-test/target/test-dir/MiniOzoneClusterImpl-8515ba0f-6092-46e7-a8c4-ec3c572bc923/datanode-2/data/ratis/c012e2f5-1f55-4791-84f0-728c63d737ab/in_use.lock acquired by nodename 20864@pr-hdds-1569-swxfz-3172132826
2019-09-19 11:16:21,448 [pool-102-thread-1] INFO  storage.RaftStorage (RaftStorage.java:format(72)) - Storage directory /workdir/hadoop-ozone/integration-test/target/test-dir/MiniOzoneClusterImpl-8515ba0f-6092-46e7-a8c4-ec3c572bc923/datanode-2/data/ratis/c012e2f5-1f55-4791-84f0-728c63d737ab has been successfully formatted.
2019-09-19 11:16:21,448 [pool-102-thread-1] INFO  ratis.ContainerStateMachine (ContainerStateMachine.java:loadSnapshot(226)) - group-728C63D737AB: The snapshot info is null. Setting the last applied indexto:(t:0, i:~)
2019-09-19 11:16:21,449 [pool-102-thread-1] INFO  server.RaftServerConfigKeys (ConfUtils.java:logGet(43)) - raft.server.leader.election.timeout = 120s (custom)
2019-09-19 11:16:21,449 [pool-102-thread-1] INFO  server.RaftServerConfigKeys (ConfUtils.java:logGet(43)) - raft.server.log.use.memory = false (default)
2019-09-19 11:16:21,449 [pool-102-thread-1] INFO  server.RaftServerConfigKeys (ConfUtils.java:logGet(43)) - raft.server.log.purge.gap = 1000000 (custom)
2019-09-19 11:16:21,449 [pool-102-thread-1] INFO  server.RaftServerConfigKeys (ConfUtils.java:logGet(43)) - raft.server.log.appender.buffer.byte-limit = 33554432 (custom)
2019-09-19 11:16:21,449 [pool-102-thread-1] INFO  server.RaftServerConfigKeys (ConfUtils.java:logGet(43)) - raft.server.log.segment.size.max = 1048576 (custom)
2019-09-19 11:16:21,450 [pool-102-thread-1] INFO  server.RaftServerConfigKeys (ConfUtils.java:logGet(43)) - raft.server.log.segment.cache.num.max = 2 (custom)
2019-09-19 11:16:21,450 [pool-102-thread-1] INFO  segmented.SegmentedRaftLogWorker (SegmentedRaftLogWorker.java:<init>(172)) - new d807390a-82a8-4cb9-8bc5-f0775ff05710-SegmentedRaftLogWorker:Storage Directory /workdir/hadoop-ozone/integration-test/target/test-dir/MiniOzoneClusterImpl-8515ba0f-6092-46e7-a8c4-ec3c572bc923/datanode-2/data/ratis/c012e2f5-1f55-4791-84f0-728c63d737ab for RaftStorage:Storage Directory /workdir/hadoop-ozone/integration-test/target/test-dir/MiniOzoneClusterImpl-8515ba0f-6092-46e7-a8c4-ec3c572bc923/datanode-2/data/ratis/c012e2f5-1f55-4791-84f0-728c63d737ab
2019-09-19 11:16:21,450 [pool-102-thread-1] INFO  server.RaftServerConfigKeys (ConfUtils.java:logGet(43)) - raft.server.log.queue.byte-limit = 2147483647 (custom)
2019-09-19 11:16:21,451 [pool-102-thread-1] INFO  server.RaftServerConfigKeys (ConfUtils.java:logGet(43)) - raft.server.log.queue.element-limit = 1024 (custom)
2019-09-19 11:16:21,451 [pool-102-thread-1] INFO  server.RaftServerConfigKeys (ConfUtils.java:logGet(43)) - raft.server.log.segment.size.max = 1048576 (custom)
2019-09-19 11:16:21,451 [pool-102-thread-1] INFO  server.RaftServerConfigKeys (ConfUtils.java:logGet(43)) - raft.server.log.preallocated.size = 16384 (custom)
2019-09-19 11:16:21,451 [pool-102-thread-1] INFO  server.RaftServerConfigKeys (ConfUtils.java:logGet(43)) - raft.server.log.write.buffer.size = 33554432 (custom)
2019-09-19 11:16:21,451 [pool-102-thread-1] INFO  server.RaftServerConfigKeys (ConfUtils.java:logGet(43)) - raft.server.log.force.sync.num = 128 (default)
2019-09-19 11:16:21,452 [pool-102-thread-1] INFO  server.RaftServerConfigKeys (ConfUtils.java:logGet(43)) - raft.server.log.statemachine.data.sync = true (default)
2019-09-19 11:16:21,452 [pool-102-thread-1] INFO  server.RaftServerConfigKeys (ConfUtils.java:logGet(43)) - raft.server.log.statemachine.data.sync.timeout = 10s (default)
2019-09-19 11:16:21,452 [pool-102-thread-1] INFO  server.RaftServerConfigKeys (ConfUtils.java:logGet(43)) - raft.server.log.statemachine.data.sync.timeout.retry = -1 (default)
2019-09-19 11:16:21,452 [pool-102-thread-1] INFO  server.RaftServerConfigKeys (ConfUtils.java:logGet(43)) - raft.server.log.statemachine.data.caching.enabled = true (custom)
2019-09-19 11:16:21,453 [pool-102-thread-1] INFO  segmented.SegmentedRaftLogWorker (SegmentedRaftLogWorker.java:lambda$new$0(132)) - d807390a-82a8-4cb9-8bc5-f0775ff05710-SegmentedRaftLogWorker:Storage Directory /workdir/hadoop-ozone/integration-test/target/test-dir/MiniOzoneClusterImpl-8515ba0f-6092-46e7-a8c4-ec3c572bc923/datanode-2/data/ratis/c012e2f5-1f55-4791-84f0-728c63d737ab: flushIndex: setUnconditionally 0 -> -1
2019-09-19 11:16:21,453 [pool-102-thread-1] INFO  server.RaftServerConfigKeys (ConfUtils.java:logGet(43)) - raft.server.snapshot.auto.trigger.enabled = true (custom)
2019-09-19 11:16:21,453 [pool-102-thread-1] INFO  server.RaftServerConfigKeys (ConfUtils.java:logGet(43)) - raft.server.snapshot.auto.trigger.threshold = 10000 (custom)
2019-09-19 11:16:21,454 [pool-102-thread-1] INFO  server.RaftServerConfigKeys (ConfUtils.java:logGet(43)) - raft.server.retrycache.expirytime = 600000ms (custom)
2019-09-19 11:16:21,454 [pool-102-thread-1] INFO  impl.RaftServerImpl (RaftServerImpl.java:start(180)) - d807390a-82a8-4cb9-8bc5-f0775ff05710: start group-728C63D737AB
2019-09-19 11:16:21,454 [pool-102-thread-1] INFO  impl.RaftServerImpl (RaftServerImpl.java:setRole(171)) - d807390a-82a8-4cb9-8bc5-f0775ff05710:group-728C63D737AB changes role from null to FOLLOWER at term 0 for startAsFollower
2019-09-19 11:16:21,454 [pool-102-thread-1] INFO  impl.RoleInfo (RoleInfo.java:updateAndGet(143)) - d807390a-82a8-4cb9-8bc5-f0775ff05710: start FollowerState
2019-09-19 11:16:21,455 [pool-102-thread-1] INFO  util.JmxRegister (JmxRegister.java:tryRegister(44)) - Successfully registered JMX Bean with object name Ratis:service=RaftServer,group=group-728C63D737AB,id=d807390a-82a8-4cb9-8bc5-f0775ff05710
2019-09-19 11:16:21,461 [RatisPipelineUtilsThread] INFO  pipeline.PipelineStateManager (PipelineStateManager.java:addPipeline(56)) - Created pipeline Pipeline[ Id: c012e2f5-1f55-4791-84f0-728c63d737ab, Nodes: d807390a-82a8-4cb9-8bc5-f0775ff05710{ip: 192.168.157.226, host: pr-hdds-1569-swxfz-3172132826, networkLocation: /default-rack, certSerialId: null}, Type:RATIS, Factor:ONE, State:OPEN]
2019-09-19 11:16:21,461 [RatisPipelineUtilsThread] ERROR pipeline.PipelinePlacementPolicy (PipelinePlacementPolicy.java:meetCriteria(91)) - Pipeline Placement: Doesn't meet the criteria to be viable node. Heaviness: 6
2019-09-19 11:16:21,461 [RatisPipelineUtilsThread] ERROR pipeline.PipelinePlacementPolicy (PipelinePlacementPolicy.java:meetCriteria(91)) - Pipeline Placement: Doesn't meet the criteria to be viable node. Heaviness: 6
2019-09-19 11:16:21,472 [grpc-default-executor-1] INFO  impl.RaftServerProxy (RaftServerProxy.java:addNew(89)) - d807390a-82a8-4cb9-8bc5-f0775ff05710: addNew group-816C7A5584D9:[d807390a-82a8-4cb9-8bc5-f0775ff05710:192.168.157.226:36100] returns group-816C7A5584D9:java.util.concurrent.CompletableFuture@5eccadf6[Not completed]
2019-09-19 11:16:21,473 [pool-102-thread-1] INFO  impl.RaftServerImpl (RaftServerImpl.java:<init>(93)) - d807390a-82a8-4cb9-8bc5-f0775ff05710: new RaftServerImpl for group-816C7A5584D9:[d807390a-82a8-4cb9-8bc5-f0775ff05710:192.168.157.226:36100] with ContainerStateMachine:uninitialized
2019-09-19 11:16:21,473 [pool-102-thread-1] INFO  server.RaftServerConfigKeys (ConfUtils.java:logGet(43)) - raft.server.rpc.timeout.min = 5s (custom)
2019-09-19 11:16:21,474 [pool-102-thread-1] INFO  server.RaftServerConfigKeys (ConfUtils.java:logGet(43)) - raft.server.rpc.timeout.max = 5200ms (custom)
2019-09-19 11:16:21,474 [pool-102-thread-1] INFO  server.RaftServerConfigKeys (ConfUtils.java:logGet(43)) - raft.server.rpcslowness.timeout = 120s (custom)
2019-09-19 11:16:21,474 [pool-102-thread-1] INFO  server.RaftServerConfigKeys (ConfUtils.java:logGet(43)) - raft.server.sleep.deviation.threshold = 300 (default)
2019-09-19 11:16:21,474 [pool-102-thread-1] INFO  server.RaftServerConfigKeys (ConfUtils.java:logGet(43)) - raft.server.log.appender.install.snapshot.enabled = false (custom)
2019-09-19 11:16:21,474 [pool-102-thread-1] INFO  impl.RaftServerImpl (ServerState.java:<init>(105)) - d807390a-82a8-4cb9-8bc5-f0775ff05710:group-816C7A5584D9 ConfigurationManager, init=-1: [d807390a-82a8-4cb9-8bc5-f0775ff05710:192.168.157.226:36100], old=null, confs=<EMPTY_MAP>
2019-09-19 11:16:21,474 [pool-102-thread-1] INFO  server.RaftServerConfigKeys (ConfUtils.java:logGet(43)) - raft.server.storage.dir = [/workdir/hadoop-ozone/integration-test/target/test-dir/MiniOzoneClusterImpl-8515ba0f-6092-46e7-a8c4-ec3c572bc923/datanode-2/data/ratis] (custom)
2019-09-19 11:16:21,475 [pool-102-thread-1] INFO  storage.RaftStorageDirectory (RaftStorageDirectory.java:analyzeStorage(246)) - The storage directory /workdir/hadoop-ozone/integration-test/target/test-dir/MiniOzoneClusterImpl-8515ba0f-6092-46e7-a8c4-ec3c572bc923/datanode-2/data/ratis/e03fb68b-5274-460b-9ceb-816c7a5584d9 does not exist. Creating ...
2019-09-19 11:16:21,488 [pool-102-thread-1] INFO  storage.RaftStorageDirectory (RaftStorageDirectory.java:tryLock(328)) - Lock on /workdir/hadoop-ozone/integration-test/target/test-dir/MiniOzoneClusterImpl-8515ba0f-6092-46e7-a8c4-ec3c572bc923/datanode-2/data/ratis/e03fb68b-5274-460b-9ceb-816c7a5584d9/in_use.lock acquired by nodename 20864@pr-hdds-1569-swxfz-3172132826
2019-09-19 11:16:21,502 [pool-102-thread-1] INFO  storage.RaftStorage (RaftStorage.java:format(72)) - Storage directory /workdir/hadoop-ozone/integration-test/target/test-dir/MiniOzoneClusterImpl-8515ba0f-6092-46e7-a8c4-ec3c572bc923/datanode-2/data/ratis/e03fb68b-5274-460b-9ceb-816c7a5584d9 has been successfully formatted.
2019-09-19 11:16:21,502 [pool-102-thread-1] INFO  ratis.ContainerStateMachine (ContainerStateMachine.java:loadSnapshot(226)) - group-816C7A5584D9: The snapshot info is null. Setting the last applied indexto:(t:0, i:~)
2019-09-19 11:16:21,502 [pool-102-thread-1] INFO  server.RaftServerConfigKeys (ConfUtils.java:logGet(43)) - raft.server.leader.election.timeout = 120s (custom)
2019-09-19 11:16:21,502 [pool-102-thread-1] INFO  server.RaftServerConfigKeys (ConfUtils.java:logGet(43)) - raft.server.log.use.memory = false (default)
2019-09-19 11:16:21,503 [pool-102-thread-1] INFO  server.RaftServerConfigKeys (ConfUtils.java:logGet(43)) - raft.server.log.purge.gap = 1000000 (custom)
2019-09-19 11:16:21,503 [pool-102-thread-1] INFO  server.RaftServerConfigKeys (ConfUtils.java:logGet(43)) - raft.server.log.appender.buffer.byte-limit = 33554432 (custom)
2019-09-19 11:16:21,503 [pool-102-thread-1] INFO  server.RaftServerConfigKeys (ConfUtils.java:logGet(43)) - raft.server.log.segment.size.max = 1048576 (custom)
2019-09-19 11:16:21,503 [pool-102-thread-1] INFO  server.RaftServerConfigKeys (ConfUtils.java:logGet(43)) - raft.server.log.segment.cache.num.max = 2 (custom)
2019-09-19 11:16:21,503 [pool-102-thread-1] INFO  segmented.SegmentedRaftLogWorker (SegmentedRaftLogWorker.java:<init>(172)) - new d807390a-82a8-4cb9-8bc5-f0775ff05710-SegmentedRaftLogWorker:Storage Directory /workdir/hadoop-ozone/integration-test/target/test-dir/MiniOzoneClusterImpl-8515ba0f-6092-46e7-a8c4-ec3c572bc923/datanode-2/data/ratis/e03fb68b-5274-460b-9ceb-816c7a5584d9 for RaftStorage:Storage Directory /workdir/hadoop-ozone/integration-test/target/test-dir/MiniOzoneClusterImpl-8515ba0f-6092-46e7-a8c4-ec3c572bc923/datanode-2/data/ratis/e03fb68b-5274-460b-9ceb-816c7a5584d9
2019-09-19 11:16:21,503 [pool-102-thread-1] INFO  server.RaftServerConfigKeys (ConfUtils.java:logGet(43)) - raft.server.log.queue.byte-limit = 2147483647 (custom)
2019-09-19 11:16:21,504 [pool-102-thread-1] INFO  server.RaftServerConfigKeys (ConfUtils.java:logGet(43)) - raft.server.log.queue.element-limit = 1024 (custom)
2019-09-19 11:16:21,504 [pool-102-thread-1] INFO  server.RaftServerConfigKeys (ConfUtils.java:logGet(43)) - raft.server.log.segment.size.max = 1048576 (custom)
2019-09-19 11:16:21,504 [pool-102-thread-1] INFO  server.RaftServerConfigKeys (ConfUtils.java:logGet(43)) - raft.server.log.preallocated.size = 16384 (custom)
2019-09-19 11:16:21,504 [pool-102-thread-1] INFO  server.RaftServerConfigKeys (ConfUtils.java:logGet(43)) - raft.server.log.write.buffer.size = 33554432 (custom)
2019-09-19 11:16:21,504 [pool-102-thread-1] INFO  server.RaftServerConfigKeys (ConfUtils.java:logGet(43)) - raft.server.log.force.sync.num = 128 (default)
2019-09-19 11:16:21,504 [pool-102-thread-1] INFO  server.RaftServerConfigKeys (ConfUtils.java:logGet(43)) - raft.server.log.statemachine.data.sync = true (default)
2019-09-19 11:16:21,504 [pool-102-thread-1] INFO  server.RaftServerConfigKeys (ConfUtils.java:logGet(43)) - raft.server.log.statemachine.data.sync.timeout = 10s (default)
2019-09-19 11:16:21,505 [pool-102-thread-1] INFO  server.RaftServerConfigKeys (ConfUtils.java:logGet(43)) - raft.server.log.statemachine.data.sync.timeout.retry = -1 (default)
2019-09-19 11:16:21,505 [pool-102-thread-1] INFO  server.RaftServerConfigKeys (ConfUtils.java:logGet(43)) - raft.server.log.statemachine.data.caching.enabled = true (custom)
2019-09-19 11:16:21,505 [pool-102-thread-1] INFO  segmented.SegmentedRaftLogWorker (SegmentedRaftLogWorker.java:lambda$new$0(132)) - d807390a-82a8-4cb9-8bc5-f0775ff05710-SegmentedRaftLogWorker:Storage Directory /workdir/hadoop-ozone/integration-test/target/test-dir/MiniOzoneClusterImpl-8515ba0f-6092-46e7-a8c4-ec3c572bc923/datanode-2/data/ratis/e03fb68b-5274-460b-9ceb-816c7a5584d9: flushIndex: setUnconditionally 0 -> -1
2019-09-19 11:16:21,505 [pool-102-thread-1] INFO  server.RaftServerConfigKeys (ConfUtils.java:logGet(43)) - raft.server.snapshot.auto.trigger.enabled = true (custom)
2019-09-19 11:16:21,506 [pool-102-thread-1] INFO  server.RaftServerConfigKeys (ConfUtils.java:logGet(43)) - raft.server.snapshot.auto.trigger.threshold = 10000 (custom)
2019-09-19 11:16:21,506 [pool-102-thread-1] INFO  server.RaftServerConfigKeys (ConfUtils.java:logGet(43)) - raft.server.retrycache.expirytime = 600000ms (custom)
2019-09-19 11:16:21,506 [pool-102-thread-1] INFO  impl.RaftServerImpl (RaftServerImpl.java:start(180)) - d807390a-82a8-4cb9-8bc5-f0775ff05710: start group-816C7A5584D9
2019-09-19 11:16:21,506 [pool-102-thread-1] INFO  impl.RaftServerImpl (RaftServerImpl.java:setRole(171)) - d807390a-82a8-4cb9-8bc5-f0775ff05710:group-816C7A5584D9 changes role from null to FOLLOWER at term 0 for startAsFollower
2019-09-19 11:16:21,506 [pool-102-thread-1] INFO  impl.RoleInfo (RoleInfo.java:updateAndGet(143)) - d807390a-82a8-4cb9-8bc5-f0775ff05710: start FollowerState
2019-09-19 11:16:21,507 [pool-102-thread-1] INFO  util.JmxRegister (JmxRegister.java:tryRegister(44)) - Successfully registered JMX Bean with object name Ratis:service=RaftServer,group=group-816C7A5584D9,id=d807390a-82a8-4cb9-8bc5-f0775ff05710
2019-09-19 11:16:21,513 [RatisPipelineUtilsThread] INFO  pipeline.PipelineStateManager (PipelineStateManager.java:addPipeline(56)) - Created pipeline Pipeline[ Id: e03fb68b-5274-460b-9ceb-816c7a5584d9, Nodes: d807390a-82a8-4cb9-8bc5-f0775ff05710{ip: 192.168.157.226, host: pr-hdds-1569-swxfz-3172132826, networkLocation: /default-rack, certSerialId: null}, Type:RATIS, Factor:ONE, State:OPEN]
2019-09-19 11:16:21,513 [RatisPipelineUtilsThread] ERROR pipeline.PipelinePlacementPolicy (PipelinePlacementPolicy.java:meetCriteria(91)) - Pipeline Placement: Doesn't meet the criteria to be viable node. Heaviness: 6
2019-09-19 11:16:21,513 [RatisPipelineUtilsThread] ERROR pipeline.PipelinePlacementPolicy (PipelinePlacementPolicy.java:meetCriteria(91)) - Pipeline Placement: Doesn't meet the criteria to be viable node. Heaviness: 6
2019-09-19 11:16:21,523 [grpc-default-executor-1] INFO  impl.RaftServerProxy (RaftServerProxy.java:addNew(89)) - d807390a-82a8-4cb9-8bc5-f0775ff05710: addNew group-D140590B0CB5:[d807390a-82a8-4cb9-8bc5-f0775ff05710:192.168.157.226:36100] returns group-D140590B0CB5:java.util.concurrent.CompletableFuture@60a57639[Not completed]
2019-09-19 11:16:21,524 [pool-102-thread-1] INFO  impl.RaftServerImpl (RaftServerImpl.java:<init>(93)) - d807390a-82a8-4cb9-8bc5-f0775ff05710: new RaftServerImpl for group-D140590B0CB5:[d807390a-82a8-4cb9-8bc5-f0775ff05710:192.168.157.226:36100] with ContainerStateMachine:uninitialized
2019-09-19 11:16:21,524 [pool-102-thread-1] INFO  server.RaftServerConfigKeys (ConfUtils.java:logGet(43)) - raft.server.rpc.timeout.min = 5s (custom)
2019-09-19 11:16:21,524 [pool-102-thread-1] INFO  server.RaftServerConfigKeys (ConfUtils.java:logGet(43)) - raft.server.rpc.timeout.max = 5200ms (custom)
2019-09-19 11:16:21,525 [pool-102-thread-1] INFO  server.RaftServerConfigKeys (ConfUtils.java:logGet(43)) - raft.server.rpcslowness.timeout = 120s (custom)
2019-09-19 11:16:21,525 [pool-102-thread-1] INFO  server.RaftServerConfigKeys (ConfUtils.java:logGet(43)) - raft.server.sleep.deviation.threshold = 300 (default)
2019-09-19 11:16:21,525 [pool-102-thread-1] INFO  server.RaftServerConfigKeys (ConfUtils.java:logGet(43)) - raft.server.log.appender.install.snapshot.enabled = false (custom)
2019-09-19 11:16:21,525 [pool-102-thread-1] INFO  impl.RaftServerImpl (ServerState.java:<init>(105)) - d807390a-82a8-4cb9-8bc5-f0775ff05710:group-D140590B0CB5 ConfigurationManager, init=-1: [d807390a-82a8-4cb9-8bc5-f0775ff05710:192.168.157.226:36100], old=null, confs=<EMPTY_MAP>
2019-09-19 11:16:21,525 [pool-102-thread-1] INFO  server.RaftServerConfigKeys (ConfUtils.java:logGet(43)) - raft.server.storage.dir = [/workdir/hadoop-ozone/integration-test/target/test-dir/MiniOzoneClusterImpl-8515ba0f-6092-46e7-a8c4-ec3c572bc923/datanode-2/data/ratis] (custom)
2019-09-19 11:16:21,526 [pool-102-thread-1] INFO  storage.RaftStorageDirectory (RaftStorageDirectory.java:analyzeStorage(246)) - The storage directory /workdir/hadoop-ozone/integration-test/target/test-dir/MiniOzoneClusterImpl-8515ba0f-6092-46e7-a8c4-ec3c572bc923/datanode-2/data/ratis/b4a253ac-0b02-4082-be95-d140590b0cb5 does not exist. Creating ...
2019-09-19 11:16:21,540 [pool-102-thread-1] INFO  storage.RaftStorageDirectory (RaftStorageDirectory.java:tryLock(328)) - Lock on /workdir/hadoop-ozone/integration-test/target/test-dir/MiniOzoneClusterImpl-8515ba0f-6092-46e7-a8c4-ec3c572bc923/datanode-2/data/ratis/b4a253ac-0b02-4082-be95-d140590b0cb5/in_use.lock acquired by nodename 20864@pr-hdds-1569-swxfz-3172132826
2019-09-19 11:16:21,553 [pool-102-thread-1] INFO  storage.RaftStorage (RaftStorage.java:format(72)) - Storage directory /workdir/hadoop-ozone/integration-test/target/test-dir/MiniOzoneClusterImpl-8515ba0f-6092-46e7-a8c4-ec3c572bc923/datanode-2/data/ratis/b4a253ac-0b02-4082-be95-d140590b0cb5 has been successfully formatted.
2019-09-19 11:16:21,554 [pool-102-thread-1] INFO  ratis.ContainerStateMachine (ContainerStateMachine.java:loadSnapshot(226)) - group-D140590B0CB5: The snapshot info is null. Setting the last applied indexto:(t:0, i:~)
2019-09-19 11:16:21,554 [pool-102-thread-1] INFO  server.RaftServerConfigKeys (ConfUtils.java:logGet(43)) - raft.server.leader.election.timeout = 120s (custom)
2019-09-19 11:16:21,554 [pool-102-thread-1] INFO  server.RaftServerConfigKeys (ConfUtils.java:logGet(43)) - raft.server.log.use.memory = false (default)
2019-09-19 11:16:21,554 [pool-102-thread-1] INFO  server.RaftServerConfigKeys (ConfUtils.java:logGet(43)) - raft.server.log.purge.gap = 1000000 (custom)
2019-09-19 11:16:21,554 [pool-102-thread-1] INFO  server.RaftServerConfigKeys (ConfUtils.java:logGet(43)) - raft.server.log.appender.buffer.byte-limit = 33554432 (custom)
2019-09-19 11:16:21,554 [pool-102-thread-1] INFO  server.RaftServerConfigKeys (ConfUtils.java:logGet(43)) - raft.server.log.segment.size.max = 1048576 (custom)
2019-09-19 11:16:21,554 [pool-102-thread-1] INFO  server.RaftServerConfigKeys (ConfUtils.java:logGet(43)) - raft.server.log.segment.cache.num.max = 2 (custom)
2019-09-19 11:16:21,555 [pool-102-thread-1] INFO  segmented.SegmentedRaftLogWorker (SegmentedRaftLogWorker.java:<init>(172)) - new d807390a-82a8-4cb9-8bc5-f0775ff05710-SegmentedRaftLogWorker:Storage Directory /workdir/hadoop-ozone/integration-test/target/test-dir/MiniOzoneClusterImpl-8515ba0f-6092-46e7-a8c4-ec3c572bc923/datanode-2/data/ratis/b4a253ac-0b02-4082-be95-d140590b0cb5 for RaftStorage:Storage Directory /workdir/hadoop-ozone/integration-test/target/test-dir/MiniOzoneClusterImpl-8515ba0f-6092-46e7-a8c4-ec3c572bc923/datanode-2/data/ratis/b4a253ac-0b02-4082-be95-d140590b0cb5
2019-09-19 11:16:21,555 [pool-102-thread-1] INFO  server.RaftServerConfigKeys (ConfUtils.java:logGet(43)) - raft.server.log.queue.byte-limit = 2147483647 (custom)
2019-09-19 11:16:21,555 [pool-102-thread-1] INFO  server.RaftServerConfigKeys (ConfUtils.java:logGet(43)) - raft.server.log.queue.element-limit = 1024 (custom)
2019-09-19 11:16:21,555 [pool-102-thread-1] INFO  server.RaftServerConfigKeys (ConfUtils.java:logGet(43)) - raft.server.log.segment.size.max = 1048576 (custom)
2019-09-19 11:16:21,555 [pool-102-thread-1] INFO  server.RaftServerConfigKeys (ConfUtils.java:logGet(43)) - raft.server.log.preallocated.size = 16384 (custom)
2019-09-19 11:16:21,555 [pool-102-thread-1] INFO  server.RaftServerConfigKeys (ConfUtils.java:logGet(43)) - raft.server.log.write.buffer.size = 33554432 (custom)
2019-09-19 11:16:21,555 [pool-102-thread-1] INFO  server.RaftServerConfigKeys (ConfUtils.java:logGet(43)) - raft.server.log.force.sync.num = 128 (default)
2019-09-19 11:16:21,556 [pool-102-thread-1] INFO  server.RaftServerConfigKeys (ConfUtils.java:logGet(43)) - raft.server.log.statemachine.data.sync = true (default)
2019-09-19 11:16:21,556 [pool-102-thread-1] INFO  server.RaftServerConfigKeys (ConfUtils.java:logGet(43)) - raft.server.log.statemachine.data.sync.timeout = 10s (default)
2019-09-19 11:16:21,556 [pool-102-thread-1] INFO  server.RaftServerConfigKeys (ConfUtils.java:logGet(43)) - raft.server.log.statemachine.data.sync.timeout.retry = -1 (default)
2019-09-19 11:16:21,556 [pool-102-thread-1] INFO  server.RaftServerConfigKeys (ConfUtils.java:logGet(43)) - raft.server.log.statemachine.data.caching.enabled = true (custom)
2019-09-19 11:16:21,556 [pool-102-thread-1] INFO  segmented.SegmentedRaftLogWorker (SegmentedRaftLogWorker.java:lambda$new$0(132)) - d807390a-82a8-4cb9-8bc5-f0775ff05710-SegmentedRaftLogWorker:Storage Directory /workdir/hadoop-ozone/integration-test/target/test-dir/MiniOzoneClusterImpl-8515ba0f-6092-46e7-a8c4-ec3c572bc923/datanode-2/data/ratis/b4a253ac-0b02-4082-be95-d140590b0cb5: flushIndex: setUnconditionally 0 -> -1
2019-09-19 11:16:21,557 [pool-102-thread-1] INFO  server.RaftServerConfigKeys (ConfUtils.java:logGet(43)) - raft.server.snapshot.auto.trigger.enabled = true (custom)
2019-09-19 11:16:21,557 [pool-102-thread-1] INFO  server.RaftServerConfigKeys (ConfUtils.java:logGet(43)) - raft.server.snapshot.auto.trigger.threshold = 10000 (custom)
2019-09-19 11:16:21,557 [pool-102-thread-1] INFO  server.RaftServerConfigKeys (ConfUtils.java:logGet(43)) - raft.server.retrycache.expirytime = 600000ms (custom)
2019-09-19 11:16:21,557 [pool-102-thread-1] INFO  impl.RaftServerImpl (RaftServerImpl.java:start(180)) - d807390a-82a8-4cb9-8bc5-f0775ff05710: start group-D140590B0CB5
2019-09-19 11:16:21,557 [pool-102-thread-1] INFO  impl.RaftServerImpl (RaftServerImpl.java:setRole(171)) - d807390a-82a8-4cb9-8bc5-f0775ff05710:group-D140590B0CB5 changes role from null to FOLLOWER at term 0 for startAsFollower
2019-09-19 11:16:21,558 [pool-102-thread-1] INFO  impl.RoleInfo (RoleInfo.java:updateAndGet(143)) - d807390a-82a8-4cb9-8bc5-f0775ff05710: start FollowerState
2019-09-19 11:16:21,558 [pool-102-thread-1] INFO  util.JmxRegister (JmxRegister.java:tryRegister(44)) - Successfully registered JMX Bean with object name Ratis:service=RaftServer,group=group-D140590B0CB5,id=d807390a-82a8-4cb9-8bc5-f0775ff05710
2019-09-19 11:16:21,563 [RatisPipelineUtilsThread] INFO  pipeline.PipelineStateManager (PipelineStateManager.java:addPipeline(56)) - Created pipeline Pipeline[ Id: b4a253ac-0b02-4082-be95-d140590b0cb5, Nodes: d807390a-82a8-4cb9-8bc5-f0775ff05710{ip: 192.168.157.226, host: pr-hdds-1569-swxfz-3172132826, networkLocation: /default-rack, certSerialId: null}, Type:RATIS, Factor:ONE, State:OPEN]
2019-09-19 11:16:21,563 [RatisPipelineUtilsThread] ERROR pipeline.PipelinePlacementPolicy (PipelinePlacementPolicy.java:meetCriteria(91)) - Pipeline Placement: Doesn't meet the criteria to be viable node. Heaviness: 6
2019-09-19 11:16:21,563 [RatisPipelineUtilsThread] ERROR pipeline.PipelinePlacementPolicy (PipelinePlacementPolicy.java:meetCriteria(91)) - Pipeline Placement: Doesn't meet the criteria to be viable node. Heaviness: 6
2019-09-19 11:16:21,564 [RatisPipelineUtilsThread] ERROR pipeline.PipelinePlacementPolicy (PipelinePlacementPolicy.java:meetCriteria(91)) - Pipeline Placement: Doesn't meet the criteria to be viable node. Heaviness: 6
2019-09-19 11:16:21,564 [RatisPipelineUtilsThread] ERROR pipeline.PipelinePlacementPolicy (PipelinePlacementPolicy.java:filterViableNodes(146)) - Unable to find enough nodes that meet the criteria that cannot engage in more than 5 pipelines. Nodes required: 1 Found: 0, healthy nodes count inNodeManager: 3.
2019-09-19 11:16:21,564 [RatisPipelineUtilsThread] ERROR pipeline.SCMPipelineManager (SCMPipelineManager.java:createPipeline(161)) - Pipeline creation failed due to exception: Unable to find enough nodes that meet the criteria that cannot engage in more than 5 pipelines. Nodes required: 1 Found: 0, healthy nodes count inNodeManager: 3.
2019-09-19 11:16:21,564 [RatisPipelineUtilsThread] ERROR pipeline.PipelinePlacementPolicy (PipelinePlacementPolicy.java:meetCriteria(91)) - Pipeline Placement: Doesn't meet the criteria to be viable node. Heaviness: 6
2019-09-19 11:16:21,564 [RatisPipelineUtilsThread] ERROR pipeline.PipelinePlacementPolicy (PipelinePlacementPolicy.java:meetCriteria(91)) - Pipeline Placement: Doesn't meet the criteria to be viable node. Heaviness: 6
2019-09-19 11:16:21,564 [RatisPipelineUtilsThread] ERROR pipeline.PipelinePlacementPolicy (PipelinePlacementPolicy.java:meetCriteria(91)) - Pipeline Placement: Doesn't meet the criteria to be viable node. Heaviness: 6
2019-09-19 11:16:21,564 [RatisPipelineUtilsThread] ERROR pipeline.PipelinePlacementPolicy (PipelinePlacementPolicy.java:filterViableNodes(146)) - Unable to find enough nodes that meet the criteria that cannot engage in more than 5 pipelines. Nodes required: 3 Found: 0, healthy nodes count inNodeManager: 3.
2019-09-19 11:16:21,564 [RatisPipelineUtilsThread] ERROR pipeline.SCMPipelineManager (SCMPipelineManager.java:createPipeline(161)) - Pipeline creation failed due to exception: Unable to find enough nodes that meet the criteria that cannot engage in more than 5 pipelines. Nodes required: 3 Found: 0, healthy nodes count inNodeManager: 3.
2019-09-19 11:16:21,565 [RatisPipelineUtilsThread] ERROR pipeline.PipelinePlacementPolicy (PipelinePlacementPolicy.java:meetCriteria(91)) - Pipeline Placement: Doesn't meet the criteria to be viable node. Heaviness: 6
2019-09-19 11:16:21,565 [RatisPipelineUtilsThread] ERROR pipeline.PipelinePlacementPolicy (PipelinePlacementPolicy.java:meetCriteria(91)) - Pipeline Placement: Doesn't meet the criteria to be viable node. Heaviness: 6
2019-09-19 11:16:21,565 [RatisPipelineUtilsThread] ERROR pipeline.PipelinePlacementPolicy (PipelinePlacementPolicy.java:meetCriteria(91)) - Pipeline Placement: Doesn't meet the criteria to be viable node. Heaviness: 6
2019-09-19 11:16:21,565 [RatisPipelineUtilsThread] ERROR pipeline.PipelinePlacementPolicy (PipelinePlacementPolicy.java:filterViableNodes(146)) - Unable to find enough nodes that meet the criteria that cannot engage in more than 5 pipelines. Nodes required: 1 Found: 0, healthy nodes count inNodeManager: 3.
2019-09-19 11:16:21,565 [RatisPipelineUtilsThread] ERROR pipeline.SCMPipelineManager (SCMPipelineManager.java:createPipeline(161)) - Pipeline creation failed due to exception: Unable to find enough nodes that meet the criteria that cannot engage in more than 5 pipelines. Nodes required: 1 Found: 0, healthy nodes count inNodeManager: 3.
2019-09-19 11:16:21,565 [RatisPipelineUtilsThread] ERROR pipeline.PipelinePlacementPolicy (PipelinePlacementPolicy.java:meetCriteria(91)) - Pipeline Placement: Doesn't meet the criteria to be viable node. Heaviness: 6
2019-09-19 11:16:21,565 [RatisPipelineUtilsThread] ERROR pipeline.PipelinePlacementPolicy (PipelinePlacementPolicy.java:meetCriteria(91)) - Pipeline Placement: Doesn't meet the criteria to be viable node. Heaviness: 6
2019-09-19 11:16:21,566 [RatisPipelineUtilsThread] ERROR pipeline.PipelinePlacementPolicy (PipelinePlacementPolicy.java:meetCriteria(91)) - Pipeline Placement: Doesn't meet the criteria to be viable node. Heaviness: 6
2019-09-19 11:16:21,566 [RatisPipelineUtilsThread] ERROR pipeline.PipelinePlacementPolicy (PipelinePlacementPolicy.java:filterViableNodes(146)) - Unable to find enough nodes that meet the criteria that cannot engage in more than 5 pipelines. Nodes required: 3 Found: 0, healthy nodes count inNodeManager: 3.
2019-09-19 11:16:21,566 [RatisPipelineUtilsThread] ERROR pipeline.SCMPipelineManager (SCMPipelineManager.java:createPipeline(161)) - Pipeline creation failed due to exception: Unable to find enough nodes that meet the criteria that cannot engage in more than 5 pipelines. Nodes required: 3 Found: 0, healthy nodes count inNodeManager: 3.
2019-09-19 11:16:22,109 [main] INFO  ozone.MiniOzoneClusterImpl (MiniOzoneClusterImpl.java:lambda$waitForClusterToBeReady$0(142)) - Cluster is ready. Got 3 of 3 DN Heartbeats.
2019-09-19 11:16:22,109 [main] ERROR pipeline.PipelinePlacementPolicy (PipelinePlacementPolicy.java:meetCriteria(91)) - Pipeline Placement: Doesn't meet the criteria to be viable node. Heaviness: 6
2019-09-19 11:16:22,110 [main] ERROR pipeline.PipelinePlacementPolicy (PipelinePlacementPolicy.java:meetCriteria(91)) - Pipeline Placement: Doesn't meet the criteria to be viable node. Heaviness: 6
2019-09-19 11:16:22,110 [main] ERROR pipeline.PipelinePlacementPolicy (PipelinePlacementPolicy.java:meetCriteria(91)) - Pipeline Placement: Doesn't meet the criteria to be viable node. Heaviness: 6
2019-09-19 11:16:22,110 [main] ERROR pipeline.PipelinePlacementPolicy (PipelinePlacementPolicy.java:filterViableNodes(146)) - Unable to find enough nodes that meet the criteria that cannot engage in more than 5 pipelines. Nodes required: 3 Found: 0, healthy nodes count inNodeManager: 3.
2019-09-19 11:16:22,111 [main] ERROR pipeline.SCMPipelineManager (SCMPipelineManager.java:createPipeline(161)) - Pipeline creation failed due to exception: Unable to find enough nodes that meet the criteria that cannot engage in more than 5 pipelines. Nodes required: 3 Found: 0, healthy nodes count inNodeManager: 3.
2019-09-19 11:16:22,111 [main] INFO  ozone.MiniOzoneClusterImpl (MiniOzoneClusterImpl.java:shutdown(321)) - Shutting down the Mini Ozone Cluster
2019-09-19 11:16:22,112 | INFO  | SCMAudit | user=null | ip=null | op=GET_SCM_INFO null | ret=SUCCESS |  
2019-09-19 11:16:22,112 [main] INFO  ozone.MiniOzoneClusterImpl (MiniOzoneClusterImpl.java:stop(336)) - Stopping the Mini Ozone Cluster
2019-09-19 11:16:22,112 [main] INFO  ozone.MiniOzoneClusterImpl (MiniOzoneClusterImpl.java:stop(338)) - Stopping the OzoneManager
2019-09-19 11:16:22,112 [main] INFO  ipc.Server (Server.java:stop(3082)) - Stopping server on 34871
2019-09-19 11:16:22,127 [IPC Server Responder] INFO  ipc.Server (Server.java:run(1319)) - Stopping IPC Server Responder
2019-09-19 11:16:22,127 [IPC Server listener on 34871] INFO  ipc.Server (Server.java:run(1185)) - Stopping IPC Server listener on 34871
2019-09-19 11:16:22,127 [main] INFO  ratis.OzoneManagerDoubleBuffer (OzoneManagerDoubleBuffer.java:stop(248)) - Stopping OMDoubleBuffer flush thread
2019-09-19 11:16:22,143 [OMDoubleBufferFlushThread] INFO  ratis.OzoneManagerDoubleBuffer (OzoneManagerDoubleBuffer.java:flushTransactions(191)) - OMDoubleBuffer flush thread OMDoubleBufferFlushThread is interrupted and will exit. OMDoubleBufferFlushThread
2019-09-19 11:16:22,144 [main] INFO  utils.BackgroundService (BackgroundService.java:shutdown(148)) - Shutting down service KeyDeletingService
2019-09-19 11:16:22,145 [main] INFO  handler.ContextHandler (ContextHandler.java:doStop(910)) - Stopped o.e.j.w.WebAppContext@71531dd7{/,null,UNAVAILABLE}{/ozoneManager}
2019-09-19 11:16:22,146 [main] INFO  server.AbstractConnector (AbstractConnector.java:doStop(318)) - Stopped ServerConnector@20256a0b{HTTP/1.1,[http/1.1]}{0.0.0.0:0}
2019-09-19 11:16:22,147 [main] INFO  handler.ContextHandler (ContextHandler.java:doStop(910)) - Stopped o.e.j.s.ServletContextHandler@1e2445f6{/static,file:///workdir/hadoop-ozone/integration-test/target/test-classes/webapps/static,UNAVAILABLE}
2019-09-19 11:16:22,147 [main] INFO  handler.ContextHandler (ContextHandler.java:doStop(910)) - Stopped o.e.j.s.ServletContextHandler@3a40bb52{/logs,file:///workdir/hadoop-ozone/integration-test/target/log,UNAVAILABLE}
2019-09-19 11:16:22,150 [main] INFO  ozone.MiniOzoneClusterImpl (MiniOzoneClusterImpl.java:stop(344)) - Shutting the HddsDatanodes
2019-09-19 11:16:22,150 [main] INFO  datanode.ObjectStoreHandler (ObjectStoreHandler.java:close(155)) - Closing ObjectStoreHandler.
2019-09-19 11:16:22,150 [ForkJoinPool.commonPool-worker-1] INFO  datanode.ObjectStoreHandler (ObjectStoreHandler.java:close(155)) - Closing ObjectStoreHandler.
2019-09-19 11:16:22,151 [main] INFO  ozone.HddsDatanodeService (HddsDatanodeService.java:stop(451)) - Stopped plug-in org.apache.hadoop.ozone.web.OzoneHddsDatanodeService@5773d271
2019-09-19 11:16:22,151 [ForkJoinPool.commonPool-worker-1] INFO  ozone.HddsDatanodeService (HddsDatanodeService.java:stop(451)) - Stopped plug-in org.apache.hadoop.ozone.web.OzoneHddsDatanodeService@4f5c30b1
2019-09-19 11:16:22,642 [Datanode State Machine Thread - 0] INFO  statemachine.DatanodeStateMachine (DatanodeStateMachine.java:lambda$startDaemon$0(350)) - Ozone container server started.
2019-09-19 11:16:22,857 [Datanode State Machine Thread - 0] INFO  statemachine.DatanodeStateMachine (DatanodeStateMachine.java:lambda$startDaemon$0(350)) - Ozone container server started.
2019-09-19 11:16:23,112 | INFO  | SCMAudit | user=jenkins1000 | ip=192.168.157.226 | op=SEND_HEARTBEAT {datanodeUUID=d807390a-82a8-4cb9-8bc5-f0775ff05710, command=[]} | ret=SUCCESS |  
2019-09-19 11:16:23,657 [Thread-440] INFO  container.ReplicationManager (ReplicationManager.java:start(151)) - Starting Replication Monitor Thread.
2019-09-19 11:16:23,660 [ReplicationMonitor] INFO  container.ReplicationManager (ReplicationManager.java:run(214)) - Replication Monitor Thread took 1 milliseconds for processing 0 containers.
2019-09-19 11:16:24,113 | INFO  | SCMAudit | user=jenkins1000 | ip=192.168.157.226 | op=SEND_HEARTBEAT {datanodeUUID=d807390a-82a8-4cb9-8bc5-f0775ff05710, command=[]} | ret=SUCCESS |  
2019-09-19 11:16:25,113 | INFO  | SCMAudit | user=jenkins1000 | ip=192.168.157.226 | op=SEND_HEARTBEAT {datanodeUUID=d807390a-82a8-4cb9-8bc5-f0775ff05710, command=[]} | ret=SUCCESS |  
2019-09-19 11:16:25,870 [Thread-442] INFO  impl.FollowerState (FollowerState.java:run(106)) - 8cd5f598-2a46-400f-8a57-63ae7d396db4:group-53A0C3E7A385 changes to CANDIDATE, lastRpcTime:5147, electionTimeout:5147ms
2019-09-19 11:16:25,871 [Thread-442] INFO  impl.RoleInfo (RoleInfo.java:shutdownFollowerState(121)) - 8cd5f598-2a46-400f-8a57-63ae7d396db4: shutdown FollowerState
2019-09-19 11:16:25,871 [Thread-442] INFO  impl.RaftServerImpl (RaftServerImpl.java:setRole(171)) - 8cd5f598-2a46-400f-8a57-63ae7d396db4:group-53A0C3E7A385 changes role from FOLLOWER to CANDIDATE at term 0 for changeToCandidate
2019-09-19 11:16:25,871 [Thread-442] INFO  impl.RoleInfo (RoleInfo.java:updateAndGet(143)) - 8cd5f598-2a46-400f-8a57-63ae7d396db4: start LeaderElection
2019-09-19 11:16:25,909 [8cd5f598-2a46-400f-8a57-63ae7d396db4:group-53A0C3E7A385:LeaderElection19] INFO  impl.LeaderElection (LeaderElection.java:askForVotes(181)) - 8cd5f598-2a46-400f-8a57-63ae7d396db4:group-53A0C3E7A385:LeaderElection19: begin an election at term 1 for -1: [8cd5f598-2a46-400f-8a57-63ae7d396db4:192.168.157.226:44184], old=null
2019-09-19 11:16:25,910 [8cd5f598-2a46-400f-8a57-63ae7d396db4:group-53A0C3E7A385:LeaderElection19] INFO  impl.RoleInfo (RoleInfo.java:shutdownLeaderElection(134)) - 8cd5f598-2a46-400f-8a57-63ae7d396db4: shutdown LeaderElection
2019-09-19 11:16:25,910 [8cd5f598-2a46-400f-8a57-63ae7d396db4:group-53A0C3E7A385:LeaderElection19] INFO  impl.RaftServerImpl (RaftServerImpl.java:setRole(171)) - 8cd5f598-2a46-400f-8a57-63ae7d396db4:group-53A0C3E7A385 changes role from CANDIDATE to LEADER at term 1 for changeToLeader
2019-09-19 11:16:25,910 [8cd5f598-2a46-400f-8a57-63ae7d396db4:group-53A0C3E7A385:LeaderElection19] INFO  impl.RaftServerImpl (ServerState.java:setLeader(263)) - 8cd5f598-2a46-400f-8a57-63ae7d396db4:group-53A0C3E7A385 change Leader from null to 8cd5f598-2a46-400f-8a57-63ae7d396db4 at term 1 for becomeLeader, leader elected after 5192ms
2019-09-19 11:16:25,912 [8cd5f598-2a46-400f-8a57-63ae7d396db4:group-53A0C3E7A385:LeaderElection19] INFO  server.RaftServerConfigKeys (ConfUtils.java:logGet(43)) - raft.server.staging.catchup.gap = 1000 (default)
2019-09-19 11:16:25,912 [8cd5f598-2a46-400f-8a57-63ae7d396db4:group-53A0C3E7A385:LeaderElection19] INFO  server.RaftServerConfigKeys (ConfUtils.java:logGet(43)) - raft.server.rpc.sleep.time = 25ms (default)
2019-09-19 11:16:25,912 [8cd5f598-2a46-400f-8a57-63ae7d396db4:group-53A0C3E7A385:LeaderElection19] INFO  server.RaftServerConfigKeys (ConfUtils.java:logGet(43)) - raft.server.write.element-limit = 4096 (default)
2019-09-19 11:16:25,913 [8cd5f598-2a46-400f-8a57-63ae7d396db4:group-53A0C3E7A385:LeaderElection19] INFO  server.RaftServerConfigKeys (ConfUtils.java:logGet(43)) - raft.server.watch.timeout = 10s (default)
2019-09-19 11:16:25,913 [8cd5f598-2a46-400f-8a57-63ae7d396db4:group-53A0C3E7A385:LeaderElection19] INFO  server.RaftServerConfigKeys (ConfUtils.java:logGet(43)) - raft.server.watch.timeout.denomination = 1s (default)
2019-09-19 11:16:25,913 [8cd5f598-2a46-400f-8a57-63ae7d396db4:group-53A0C3E7A385:LeaderElection19] INFO  server.RaftServerConfigKeys (ConfUtils.java:logGet(43)) - raft.server.watch.element-limit = 65536 (default)
2019-09-19 11:16:25,913 [8cd5f598-2a46-400f-8a57-63ae7d396db4:group-53A0C3E7A385:LeaderElection19] INFO  impl.RoleInfo (RoleInfo.java:updateAndGet(143)) - 8cd5f598-2a46-400f-8a57-63ae7d396db4: start LeaderState
2019-09-19 11:16:25,914 [8cd5f598-2a46-400f-8a57-63ae7d396db4:group-53A0C3E7A385:LeaderElection19] INFO  segmented.SegmentedRaftLogWorker (SegmentedRaftLogWorker.java:startLogSegment(380)) - 8cd5f598-2a46-400f-8a57-63ae7d396db4-SegmentedRaftLogWorker:Storage Directory /workdir/hadoop-ozone/integration-test/target/test-dir/MiniOzoneClusterImpl-8515ba0f-6092-46e7-a8c4-ec3c572bc923/datanode-0/data/ratis/96c7ca60-56f1-4c86-ab31-53a0c3e7a385: Starting segment from index:0
2019-09-19 11:16:25,915 [8cd5f598-2a46-400f-8a57-63ae7d396db4:group-53A0C3E7A385:LeaderElection19] INFO  impl.RaftServerImpl (ServerState.java:setRaftConf(361)) - 8cd5f598-2a46-400f-8a57-63ae7d396db4:group-53A0C3E7A385 set configuration 0: [8cd5f598-2a46-400f-8a57-63ae7d396db4:192.168.157.226:44184], old=null at 0
2019-09-19 11:16:25,951 [Thread-448] INFO  impl.FollowerState (FollowerState.java:run(106)) - 8cd5f598-2a46-400f-8a57-63ae7d396db4:group-32938C3E9DB5 changes to CANDIDATE, lastRpcTime:5107, electionTimeout:5075ms
2019-09-19 11:16:25,951 [Thread-448] INFO  impl.RoleInfo (RoleInfo.java:shutdownFollowerState(121)) - 8cd5f598-2a46-400f-8a57-63ae7d396db4: shutdown FollowerState
2019-09-19 11:16:25,951 [Thread-448] INFO  impl.RaftServerImpl (RaftServerImpl.java:setRole(171)) - 8cd5f598-2a46-400f-8a57-63ae7d396db4:group-32938C3E9DB5 changes role from FOLLOWER to CANDIDATE at term 0 for changeToCandidate
2019-09-19 11:16:25,952 [Thread-448] INFO  impl.RoleInfo (RoleInfo.java:updateAndGet(143)) - 8cd5f598-2a46-400f-8a57-63ae7d396db4: start LeaderElection
2019-09-19 11:16:25,962 [Thread-445] INFO  impl.FollowerState (FollowerState.java:run(106)) - 8cd5f598-2a46-400f-8a57-63ae7d396db4:group-5B235B75A630 changes to CANDIDATE, lastRpcTime:5176, electionTimeout:5174ms
2019-09-19 11:16:25,963 [Thread-445] INFO  impl.RoleInfo (RoleInfo.java:shutdownFollowerState(121)) - 8cd5f598-2a46-400f-8a57-63ae7d396db4: shutdown FollowerState
2019-09-19 11:16:25,963 [Thread-445] INFO  impl.RaftServerImpl (RaftServerImpl.java:setRole(171)) - 8cd5f598-2a46-400f-8a57-63ae7d396db4:group-5B235B75A630 changes role from FOLLOWER to CANDIDATE at term 0 for changeToCandidate
2019-09-19 11:16:25,963 [Thread-445] INFO  impl.RoleInfo (RoleInfo.java:updateAndGet(143)) - 8cd5f598-2a46-400f-8a57-63ae7d396db4: start LeaderElection
2019-09-19 11:16:25,963 [8cd5f598-2a46-400f-8a57-63ae7d396db4-SegmentedRaftLogWorker:Storage Directory /workdir/hadoop-ozone/integration-test/target/test-dir/MiniOzoneClusterImpl-8515ba0f-6092-46e7-a8c4-ec3c572bc923/datanode-0/data/ratis/96c7ca60-56f1-4c86-ab31-53a0c3e7a385] INFO  segmented.SegmentedRaftLogWorker (SegmentedRaftLogWorker.java:execute(569)) - 8cd5f598-2a46-400f-8a57-63ae7d396db4-SegmentedRaftLogWorker:Storage Directory /workdir/hadoop-ozone/integration-test/target/test-dir/MiniOzoneClusterImpl-8515ba0f-6092-46e7-a8c4-ec3c572bc923/datanode-0/data/ratis/96c7ca60-56f1-4c86-ab31-53a0c3e7a385: created new log segment /workdir/hadoop-ozone/integration-test/target/test-dir/MiniOzoneClusterImpl-8515ba0f-6092-46e7-a8c4-ec3c572bc923/datanode-0/data/ratis/96c7ca60-56f1-4c86-ab31-53a0c3e7a385/current/log_inprogress_0
2019-09-19 11:16:25,965 [8cd5f598-2a46-400f-8a57-63ae7d396db4:group-32938C3E9DB5:LeaderElection20] INFO  impl.LeaderElection (LeaderElection.java:askForVotes(181)) - 8cd5f598-2a46-400f-8a57-63ae7d396db4:group-32938C3E9DB5:LeaderElection20: begin an election at term 1 for -1: [8cd5f598-2a46-400f-8a57-63ae7d396db4:192.168.157.226:44184], old=null
2019-09-19 11:16:25,965 [8cd5f598-2a46-400f-8a57-63ae7d396db4:group-32938C3E9DB5:LeaderElection20] INFO  impl.RoleInfo (RoleInfo.java:shutdownLeaderElection(134)) - 8cd5f598-2a46-400f-8a57-63ae7d396db4: shutdown LeaderElection
2019-09-19 11:16:25,965 [8cd5f598-2a46-400f-8a57-63ae7d396db4:group-32938C3E9DB5:LeaderElection20] INFO  impl.RaftServerImpl (RaftServerImpl.java:setRole(171)) - 8cd5f598-2a46-400f-8a57-63ae7d396db4:group-32938C3E9DB5 changes role from CANDIDATE to LEADER at term 1 for changeToLeader
2019-09-19 11:16:25,965 [8cd5f598-2a46-400f-8a57-63ae7d396db4:group-32938C3E9DB5:LeaderElection20] INFO  impl.RaftServerImpl (ServerState.java:setLeader(263)) - 8cd5f598-2a46-400f-8a57-63ae7d396db4:group-32938C3E9DB5 change Leader from null to 8cd5f598-2a46-400f-8a57-63ae7d396db4 at term 1 for becomeLeader, leader elected after 5125ms
2019-09-19 11:16:25,966 [8cd5f598-2a46-400f-8a57-63ae7d396db4:group-32938C3E9DB5:LeaderElection20] INFO  server.RaftServerConfigKeys (ConfUtils.java:logGet(43)) - raft.server.staging.catchup.gap = 1000 (default)
2019-09-19 11:16:25,966 [8cd5f598-2a46-400f-8a57-63ae7d396db4:group-32938C3E9DB5:LeaderElection20] INFO  server.RaftServerConfigKeys (ConfUtils.java:logGet(43)) - raft.server.rpc.sleep.time = 25ms (default)
2019-09-19 11:16:25,966 [8cd5f598-2a46-400f-8a57-63ae7d396db4:group-32938C3E9DB5:LeaderElection20] INFO  server.RaftServerConfigKeys (ConfUtils.java:logGet(43)) - raft.server.write.element-limit = 4096 (default)
2019-09-19 11:16:25,966 [8cd5f598-2a46-400f-8a57-63ae7d396db4:group-32938C3E9DB5:LeaderElection20] INFO  server.RaftServerConfigKeys (ConfUtils.java:logGet(43)) - raft.server.watch.timeout = 10s (default)
2019-09-19 11:16:25,966 [8cd5f598-2a46-400f-8a57-63ae7d396db4:group-32938C3E9DB5:LeaderElection20] INFO  server.RaftServerConfigKeys (ConfUtils.java:logGet(43)) - raft.server.watch.timeout.denomination = 1s (default)
2019-09-19 11:16:25,966 [8cd5f598-2a46-400f-8a57-63ae7d396db4:group-32938C3E9DB5:LeaderElection20] INFO  server.RaftServerConfigKeys (ConfUtils.java:logGet(43)) - raft.server.watch.element-limit = 65536 (default)
2019-09-19 11:16:25,966 [8cd5f598-2a46-400f-8a57-63ae7d396db4:group-32938C3E9DB5:LeaderElection20] INFO  impl.RoleInfo (RoleInfo.java:updateAndGet(143)) - 8cd5f598-2a46-400f-8a57-63ae7d396db4: start LeaderState
2019-09-19 11:16:25,967 [8cd5f598-2a46-400f-8a57-63ae7d396db4:group-32938C3E9DB5:LeaderElection20] INFO  segmented.SegmentedRaftLogWorker (SegmentedRaftLogWorker.java:startLogSegment(380)) - 8cd5f598-2a46-400f-8a57-63ae7d396db4-SegmentedRaftLogWorker:Storage Directory /workdir/hadoop-ozone/integration-test/target/test-dir/MiniOzoneClusterImpl-8515ba0f-6092-46e7-a8c4-ec3c572bc923/datanode-0/data/ratis/68e3ad90-a789-4ba6-8938-32938c3e9db5: Starting segment from index:0
2019-09-19 11:16:25,967 [8cd5f598-2a46-400f-8a57-63ae7d396db4:group-32938C3E9DB5:LeaderElection20] INFO  impl.RaftServerImpl (ServerState.java:setRaftConf(361)) - 8cd5f598-2a46-400f-8a57-63ae7d396db4:group-32938C3E9DB5 set configuration 0: [8cd5f598-2a46-400f-8a57-63ae7d396db4:192.168.157.226:44184], old=null at 0
2019-09-19 11:16:25,992 [Thread-451] INFO  impl.FollowerState (FollowerState.java:run(106)) - 8cd5f598-2a46-400f-8a57-63ae7d396db4:group-9ED8C6DCF5DC changes to CANDIDATE, lastRpcTime:5096, electionTimeout:5086ms
2019-09-19 11:16:25,993 [8cd5f598-2a46-400f-8a57-63ae7d396db4:group-5B235B75A630:LeaderElection21] INFO  impl.LeaderElection (LeaderElection.java:askForVotes(181)) - 8cd5f598-2a46-400f-8a57-63ae7d396db4:group-5B235B75A630:LeaderElection21: begin an election at term 1 for -1: [8cd5f598-2a46-400f-8a57-63ae7d396db4:192.168.157.226:44184], old=null
2019-09-19 11:16:25,994 [Thread-451] INFO  impl.RoleInfo (RoleInfo.java:shutdownFollowerState(121)) - 8cd5f598-2a46-400f-8a57-63ae7d396db4: shutdown FollowerState
2019-09-19 11:16:25,994 [8cd5f598-2a46-400f-8a57-63ae7d396db4:group-5B235B75A630:LeaderElection21] INFO  impl.RoleInfo (RoleInfo.java:shutdownLeaderElection(134)) - 8cd5f598-2a46-400f-8a57-63ae7d396db4: shutdown LeaderElection
2019-09-19 11:16:25,994 [Thread-451] INFO  impl.RaftServerImpl (RaftServerImpl.java:setRole(171)) - 8cd5f598-2a46-400f-8a57-63ae7d396db4:group-9ED8C6DCF5DC changes role from FOLLOWER to CANDIDATE at term 0 for changeToCandidate
2019-09-19 11:16:25,995 [8cd5f598-2a46-400f-8a57-63ae7d396db4:group-5B235B75A630:LeaderElection21] INFO  impl.RaftServerImpl (RaftServerImpl.java:setRole(171)) - 8cd5f598-2a46-400f-8a57-63ae7d396db4:group-5B235B75A630 changes role from CANDIDATE to LEADER at term 1 for changeToLeader
2019-09-19 11:16:25,995 [Thread-451] INFO  impl.RoleInfo (RoleInfo.java:updateAndGet(143)) - 8cd5f598-2a46-400f-8a57-63ae7d396db4: start LeaderElection
2019-09-19 11:16:25,995 [8cd5f598-2a46-400f-8a57-63ae7d396db4:group-5B235B75A630:LeaderElection21] INFO  impl.RaftServerImpl (ServerState.java:setLeader(263)) - 8cd5f598-2a46-400f-8a57-63ae7d396db4:group-5B235B75A630 change Leader from null to 8cd5f598-2a46-400f-8a57-63ae7d396db4 at term 1 for becomeLeader, leader elected after 5213ms
2019-09-19 11:16:25,995 [8cd5f598-2a46-400f-8a57-63ae7d396db4:group-5B235B75A630:LeaderElection21] INFO  server.RaftServerConfigKeys (ConfUtils.java:logGet(43)) - raft.server.staging.catchup.gap = 1000 (default)
2019-09-19 11:16:25,997 [8cd5f598-2a46-400f-8a57-63ae7d396db4:group-5B235B75A630:LeaderElection21] INFO  server.RaftServerConfigKeys (ConfUtils.java:logGet(43)) - raft.server.rpc.sleep.time = 25ms (default)
2019-09-19 11:16:25,997 [8cd5f598-2a46-400f-8a57-63ae7d396db4:group-5B235B75A630:LeaderElection21] INFO  server.RaftServerConfigKeys (ConfUtils.java:logGet(43)) - raft.server.write.element-limit = 4096 (default)
2019-09-19 11:16:25,997 [8cd5f598-2a46-400f-8a57-63ae7d396db4:group-5B235B75A630:LeaderElection21] INFO  server.RaftServerConfigKeys (ConfUtils.java:logGet(43)) - raft.server.watch.timeout = 10s (default)
2019-09-19 11:16:25,997 [8cd5f598-2a46-400f-8a57-63ae7d396db4:group-5B235B75A630:LeaderElection21] INFO  server.RaftServerConfigKeys (ConfUtils.java:logGet(43)) - raft.server.watch.timeout.denomination = 1s (default)
2019-09-19 11:16:25,997 [8cd5f598-2a46-400f-8a57-63ae7d396db4:group-5B235B75A630:LeaderElection21] INFO  server.RaftServerConfigKeys (ConfUtils.java:logGet(43)) - raft.server.watch.element-limit = 65536 (default)
2019-09-19 11:16:25,998 [8cd5f598-2a46-400f-8a57-63ae7d396db4:group-5B235B75A630:LeaderElection21] INFO  impl.RoleInfo (RoleInfo.java:updateAndGet(143)) - 8cd5f598-2a46-400f-8a57-63ae7d396db4: start LeaderState
2019-09-19 11:16:25,998 [8cd5f598-2a46-400f-8a57-63ae7d396db4:group-5B235B75A630:LeaderElection21] INFO  segmented.SegmentedRaftLogWorker (SegmentedRaftLogWorker.java:startLogSegment(380)) - 8cd5f598-2a46-400f-8a57-63ae7d396db4-SegmentedRaftLogWorker:Storage Directory /workdir/hadoop-ozone/integration-test/target/test-dir/MiniOzoneClusterImpl-8515ba0f-6092-46e7-a8c4-ec3c572bc923/datanode-0/data/ratis/4fb740d4-b330-4719-8d07-5b235b75a630: Starting segment from index:0
2019-09-19 11:16:25,999 [8cd5f598-2a46-400f-8a57-63ae7d396db4:group-5B235B75A630:LeaderElection21] INFO  impl.RaftServerImpl (ServerState.java:setRaftConf(361)) - 8cd5f598-2a46-400f-8a57-63ae7d396db4:group-5B235B75A630 set configuration 0: [8cd5f598-2a46-400f-8a57-63ae7d396db4:192.168.157.226:44184], old=null at 0
2019-09-19 11:16:26,035 [8cd5f598-2a46-400f-8a57-63ae7d396db4-SegmentedRaftLogWorker:Storage Directory /workdir/hadoop-ozone/integration-test/target/test-dir/MiniOzoneClusterImpl-8515ba0f-6092-46e7-a8c4-ec3c572bc923/datanode-0/data/ratis/68e3ad90-a789-4ba6-8938-32938c3e9db5] INFO  segmented.SegmentedRaftLogWorker (SegmentedRaftLogWorker.java:execute(569)) - 8cd5f598-2a46-400f-8a57-63ae7d396db4-SegmentedRaftLogWorker:Storage Directory /workdir/hadoop-ozone/integration-test/target/test-dir/MiniOzoneClusterImpl-8515ba0f-6092-46e7-a8c4-ec3c572bc923/datanode-0/data/ratis/68e3ad90-a789-4ba6-8938-32938c3e9db5: created new log segment /workdir/hadoop-ozone/integration-test/target/test-dir/MiniOzoneClusterImpl-8515ba0f-6092-46e7-a8c4-ec3c572bc923/datanode-0/data/ratis/68e3ad90-a789-4ba6-8938-32938c3e9db5/current/log_inprogress_0
2019-09-19 11:16:26,035 [8cd5f598-2a46-400f-8a57-63ae7d396db4:group-9ED8C6DCF5DC:LeaderElection22] INFO  impl.LeaderElection (LeaderElection.java:askForVotes(181)) - 8cd5f598-2a46-400f-8a57-63ae7d396db4:group-9ED8C6DCF5DC:LeaderElection22: begin an election at term 1 for -1: [8cd5f598-2a46-400f-8a57-63ae7d396db4:192.168.157.226:44184], old=null
2019-09-19 11:16:26,035 [8cd5f598-2a46-400f-8a57-63ae7d396db4:group-9ED8C6DCF5DC:LeaderElection22] INFO  impl.RoleInfo (RoleInfo.java:shutdownLeaderElection(134)) - 8cd5f598-2a46-400f-8a57-63ae7d396db4: shutdown LeaderElection
2019-09-19 11:16:26,035 [8cd5f598-2a46-400f-8a57-63ae7d396db4:group-9ED8C6DCF5DC:LeaderElection22] INFO  impl.RaftServerImpl (RaftServerImpl.java:setRole(171)) - 8cd5f598-2a46-400f-8a57-63ae7d396db4:group-9ED8C6DCF5DC changes role from CANDIDATE to LEADER at term 1 for changeToLeader
2019-09-19 11:16:26,036 [8cd5f598-2a46-400f-8a57-63ae7d396db4:group-9ED8C6DCF5DC:LeaderElection22] INFO  impl.RaftServerImpl (ServerState.java:setLeader(263)) - 8cd5f598-2a46-400f-8a57-63ae7d396db4:group-9ED8C6DCF5DC change Leader from null to 8cd5f598-2a46-400f-8a57-63ae7d396db4 at term 1 for becomeLeader, leader elected after 5142ms
2019-09-19 11:16:26,036 [8cd5f598-2a46-400f-8a57-63ae7d396db4:group-9ED8C6DCF5DC:LeaderElection22] INFO  server.RaftServerConfigKeys (ConfUtils.java:logGet(43)) - raft.server.staging.catchup.gap = 1000 (default)
2019-09-19 11:16:26,036 [8cd5f598-2a46-400f-8a57-63ae7d396db4:group-9ED8C6DCF5DC:LeaderElection22] INFO  server.RaftServerConfigKeys (ConfUtils.java:logGet(43)) - raft.server.rpc.sleep.time = 25ms (default)
2019-09-19 11:16:26,036 [8cd5f598-2a46-400f-8a57-63ae7d396db4:group-9ED8C6DCF5DC:LeaderElection22] INFO  server.RaftServerConfigKeys (ConfUtils.java:logGet(43)) - raft.server.write.element-limit = 4096 (default)
2019-09-19 11:16:26,036 [8cd5f598-2a46-400f-8a57-63ae7d396db4:group-9ED8C6DCF5DC:LeaderElection22] INFO  server.RaftServerConfigKeys (ConfUtils.java:logGet(43)) - raft.server.watch.timeout = 10s (default)
2019-09-19 11:16:26,036 [8cd5f598-2a46-400f-8a57-63ae7d396db4:group-9ED8C6DCF5DC:LeaderElection22] INFO  server.RaftServerConfigKeys (ConfUtils.java:logGet(43)) - raft.server.watch.timeout.denomination = 1s (default)
2019-09-19 11:16:26,036 [8cd5f598-2a46-400f-8a57-63ae7d396db4:group-9ED8C6DCF5DC:LeaderElection22] INFO  server.RaftServerConfigKeys (ConfUtils.java:logGet(43)) - raft.server.watch.element-limit = 65536 (default)
2019-09-19 11:16:26,037 [Thread-454] INFO  impl.FollowerState (FollowerState.java:run(106)) - 8cd5f598-2a46-400f-8a57-63ae7d396db4:group-C485C0D729CA changes to CANDIDATE, lastRpcTime:5094, electionTimeout:5094ms
2019-09-19 11:16:26,037 [8cd5f598-2a46-400f-8a57-63ae7d396db4:group-9ED8C6DCF5DC:LeaderElection22] INFO  impl.RoleInfo (RoleInfo.java:updateAndGet(143)) - 8cd5f598-2a46-400f-8a57-63ae7d396db4: start LeaderState
2019-09-19 11:16:26,037 [Thread-454] INFO  impl.RoleInfo (RoleInfo.java:shutdownFollowerState(121)) - 8cd5f598-2a46-400f-8a57-63ae7d396db4: shutdown FollowerState
2019-09-19 11:16:26,037 [8cd5f598-2a46-400f-8a57-63ae7d396db4:group-9ED8C6DCF5DC:LeaderElection22] INFO  segmented.SegmentedRaftLogWorker (SegmentedRaftLogWorker.java:startLogSegment(380)) - 8cd5f598-2a46-400f-8a57-63ae7d396db4-SegmentedRaftLogWorker:Storage Directory /workdir/hadoop-ozone/integration-test/target/test-dir/MiniOzoneClusterImpl-8515ba0f-6092-46e7-a8c4-ec3c572bc923/datanode-0/data/ratis/0cf99559-7195-40bf-a302-9ed8c6dcf5dc: Starting segment from index:0
2019-09-19 11:16:26,037 [Thread-454] INFO  impl.RaftServerImpl (RaftServerImpl.java:setRole(171)) - 8cd5f598-2a46-400f-8a57-63ae7d396db4:group-C485C0D729CA changes role from FOLLOWER to CANDIDATE at term 0 for changeToCandidate
2019-09-19 11:16:26,037 [Thread-454] INFO  impl.RoleInfo (RoleInfo.java:updateAndGet(143)) - 8cd5f598-2a46-400f-8a57-63ae7d396db4: start LeaderElection
2019-09-19 11:16:26,038 [8cd5f598-2a46-400f-8a57-63ae7d396db4:group-9ED8C6DCF5DC:LeaderElection22] INFO  impl.RaftServerImpl (ServerState.java:setRaftConf(361)) - 8cd5f598-2a46-400f-8a57-63ae7d396db4:group-9ED8C6DCF5DC set configuration 0: [8cd5f598-2a46-400f-8a57-63ae7d396db4:192.168.157.226:44184], old=null at 0
2019-09-19 11:16:26,076 [8cd5f598-2a46-400f-8a57-63ae7d396db4-SegmentedRaftLogWorker:Storage Directory /workdir/hadoop-ozone/integration-test/target/test-dir/MiniOzoneClusterImpl-8515ba0f-6092-46e7-a8c4-ec3c572bc923/datanode-0/data/ratis/4fb740d4-b330-4719-8d07-5b235b75a630] INFO  segmented.SegmentedRaftLogWorker (SegmentedRaftLogWorker.java:execute(569)) - 8cd5f598-2a46-400f-8a57-63ae7d396db4-SegmentedRaftLogWorker:Storage Directory /workdir/hadoop-ozone/integration-test/target/test-dir/MiniOzoneClusterImpl-8515ba0f-6092-46e7-a8c4-ec3c572bc923/datanode-0/data/ratis/4fb740d4-b330-4719-8d07-5b235b75a630: created new log segment /workdir/hadoop-ozone/integration-test/target/test-dir/MiniOzoneClusterImpl-8515ba0f-6092-46e7-a8c4-ec3c572bc923/datanode-0/data/ratis/4fb740d4-b330-4719-8d07-5b235b75a630/current/log_inprogress_0
2019-09-19 11:16:26,112 [Thread-460] INFO  impl.FollowerState (FollowerState.java:run(106)) - 5fa13453-57b5-4cad-91e0-01499166b24e:group-E355DE860E40 changes to CANDIDATE, lastRpcTime:5096, electionTimeout:5094ms
2019-09-19 11:16:26,112 [8cd5f598-2a46-400f-8a57-63ae7d396db4-SegmentedRaftLogWorker:Storage Directory /workdir/hadoop-ozone/integration-test/target/test-dir/MiniOzoneClusterImpl-8515ba0f-6092-46e7-a8c4-ec3c572bc923/datanode-0/data/ratis/0cf99559-7195-40bf-a302-9ed8c6dcf5dc] INFO  segmented.SegmentedRaftLogWorker (SegmentedRaftLogWorker.java:execute(569)) - 8cd5f598-2a46-400f-8a57-63ae7d396db4-SegmentedRaftLogWorker:Storage Directory /workdir/hadoop-ozone/integration-test/target/test-dir/MiniOzoneClusterImpl-8515ba0f-6092-46e7-a8c4-ec3c572bc923/datanode-0/data/ratis/0cf99559-7195-40bf-a302-9ed8c6dcf5dc: created new log segment /workdir/hadoop-ozone/integration-test/target/test-dir/MiniOzoneClusterImpl-8515ba0f-6092-46e7-a8c4-ec3c572bc923/datanode-0/data/ratis/0cf99559-7195-40bf-a302-9ed8c6dcf5dc/current/log_inprogress_0
2019-09-19 11:16:26,112 [Thread-460] INFO  impl.RoleInfo (RoleInfo.java:shutdownFollowerState(121)) - 5fa13453-57b5-4cad-91e0-01499166b24e: shutdown FollowerState
2019-09-19 11:16:26,112 [8cd5f598-2a46-400f-8a57-63ae7d396db4:group-C485C0D729CA:LeaderElection23] INFO  impl.LeaderElection (LeaderElection.java:askForVotes(181)) - 8cd5f598-2a46-400f-8a57-63ae7d396db4:group-C485C0D729CA:LeaderElection23: begin an election at term 1 for -1: [8cd5f598-2a46-400f-8a57-63ae7d396db4:192.168.157.226:44184], old=null
2019-09-19 11:16:26,112 [Thread-460] INFO  impl.RaftServerImpl (RaftServerImpl.java:setRole(171)) - 5fa13453-57b5-4cad-91e0-01499166b24e:group-E355DE860E40 changes role from FOLLOWER to CANDIDATE at term 0 for changeToCandidate
2019-09-19 11:16:26,112 | INFO  | SCMAudit | user=jenkins1000 | ip=192.168.157.226 | op=SEND_HEARTBEAT {datanodeUUID=d807390a-82a8-4cb9-8bc5-f0775ff05710, command=[]} | ret=SUCCESS |  
2019-09-19 11:16:26,112 [8cd5f598-2a46-400f-8a57-63ae7d396db4:group-C485C0D729CA:LeaderElection23] INFO  impl.RoleInfo (RoleInfo.java:shutdownLeaderElection(134)) - 8cd5f598-2a46-400f-8a57-63ae7d396db4: shutdown LeaderElection
2019-09-19 11:16:26,112 [Thread-460] INFO  impl.RoleInfo (RoleInfo.java:updateAndGet(143)) - 5fa13453-57b5-4cad-91e0-01499166b24e: start LeaderElection
2019-09-19 11:16:26,112 [8cd5f598-2a46-400f-8a57-63ae7d396db4:group-C485C0D729CA:LeaderElection23] INFO  impl.RaftServerImpl (RaftServerImpl.java:setRole(171)) - 8cd5f598-2a46-400f-8a57-63ae7d396db4:group-C485C0D729CA changes role from CANDIDATE to LEADER at term 1 for changeToLeader
2019-09-19 11:16:26,113 [8cd5f598-2a46-400f-8a57-63ae7d396db4:group-C485C0D729CA:LeaderElection23] INFO  impl.RaftServerImpl (ServerState.java:setLeader(263)) - 8cd5f598-2a46-400f-8a57-63ae7d396db4:group-C485C0D729CA change Leader from null to 8cd5f598-2a46-400f-8a57-63ae7d396db4 at term 1 for becomeLeader, leader elected after 5173ms
2019-09-19 11:16:26,113 [8cd5f598-2a46-400f-8a57-63ae7d396db4:group-C485C0D729CA:LeaderElection23] INFO  server.RaftServerConfigKeys (ConfUtils.java:logGet(43)) - raft.server.staging.catchup.gap = 1000 (default)
2019-09-19 11:16:26,114 [8cd5f598-2a46-400f-8a57-63ae7d396db4:group-C485C0D729CA:LeaderElection23] INFO  server.RaftServerConfigKeys (ConfUtils.java:logGet(43)) - raft.server.rpc.sleep.time = 25ms (default)
2019-09-19 11:16:26,114 [8cd5f598-2a46-400f-8a57-63ae7d396db4:group-C485C0D729CA:LeaderElection23] INFO  server.RaftServerConfigKeys (ConfUtils.java:logGet(43)) - raft.server.write.element-limit = 4096 (default)
2019-09-19 11:16:26,114 [8cd5f598-2a46-400f-8a57-63ae7d396db4:group-C485C0D729CA:LeaderElection23] INFO  server.RaftServerConfigKeys (ConfUtils.java:logGet(43)) - raft.server.watch.timeout = 10s (default)
2019-09-19 11:16:26,115 [8cd5f598-2a46-400f-8a57-63ae7d396db4:group-C485C0D729CA:LeaderElection23] INFO  server.RaftServerConfigKeys (ConfUtils.java:logGet(43)) - raft.server.watch.timeout.denomination = 1s (default)
2019-09-19 11:16:26,115 [8cd5f598-2a46-400f-8a57-63ae7d396db4:group-C485C0D729CA:LeaderElection23] INFO  server.RaftServerConfigKeys (ConfUtils.java:logGet(43)) - raft.server.watch.element-limit = 65536 (default)
2019-09-19 11:16:26,115 [8cd5f598-2a46-400f-8a57-63ae7d396db4:group-C485C0D729CA:LeaderElection23] INFO  impl.RoleInfo (RoleInfo.java:updateAndGet(143)) - 8cd5f598-2a46-400f-8a57-63ae7d396db4: start LeaderState
2019-09-19 11:16:26,115 [8cd5f598-2a46-400f-8a57-63ae7d396db4:group-C485C0D729CA:LeaderElection23] INFO  segmented.SegmentedRaftLogWorker (SegmentedRaftLogWorker.java:startLogSegment(380)) - 8cd5f598-2a46-400f-8a57-63ae7d396db4-SegmentedRaftLogWorker:Storage Directory /workdir/hadoop-ozone/integration-test/target/test-dir/MiniOzoneClusterImpl-8515ba0f-6092-46e7-a8c4-ec3c572bc923/datanode-0/data/ratis/d44c79ac-318d-41e2-8551-c485c0d729ca: Starting segment from index:0
2019-09-19 11:16:26,116 [8cd5f598-2a46-400f-8a57-63ae7d396db4:group-C485C0D729CA:LeaderElection23] INFO  impl.RaftServerImpl (ServerState.java:setRaftConf(361)) - 8cd5f598-2a46-400f-8a57-63ae7d396db4:group-C485C0D729CA set configuration 0: [8cd5f598-2a46-400f-8a57-63ae7d396db4:192.168.157.226:44184], old=null at 0
2019-09-19 11:16:26,142 [Thread-457] INFO  impl.FollowerState (FollowerState.java:run(106)) - 8cd5f598-2a46-400f-8a57-63ae7d396db4:group-F550401D8AA6 changes to CANDIDATE, lastRpcTime:5173, electionTimeout:5172ms
2019-09-19 11:16:26,142 [Thread-457] INFO  impl.RoleInfo (RoleInfo.java:shutdownFollowerState(121)) - 8cd5f598-2a46-400f-8a57-63ae7d396db4: shutdown FollowerState
2019-09-19 11:16:26,142 [5fa13453-57b5-4cad-91e0-01499166b24e:group-E355DE860E40:LeaderElection24] INFO  impl.LeaderElection (LeaderElection.java:askForVotes(181)) - 5fa13453-57b5-4cad-91e0-01499166b24e:group-E355DE860E40:LeaderElection24: begin an election at term 1 for -1: [5fa13453-57b5-4cad-91e0-01499166b24e:192.168.157.226:39923], old=null
2019-09-19 11:16:26,142 [Thread-457] INFO  impl.RaftServerImpl (RaftServerImpl.java:setRole(171)) - 8cd5f598-2a46-400f-8a57-63ae7d396db4:group-F550401D8AA6 changes role from FOLLOWER to CANDIDATE at term 0 for changeToCandidate
2019-09-19 11:16:26,142 [5fa13453-57b5-4cad-91e0-01499166b24e:group-E355DE860E40:LeaderElection24] INFO  impl.RoleInfo (RoleInfo.java:shutdownLeaderElection(134)) - 5fa13453-57b5-4cad-91e0-01499166b24e: shutdown LeaderElection
2019-09-19 11:16:26,143 [Thread-457] INFO  impl.RoleInfo (RoleInfo.java:updateAndGet(143)) - 8cd5f598-2a46-400f-8a57-63ae7d396db4: start LeaderElection
2019-09-19 11:16:26,143 [5fa13453-57b5-4cad-91e0-01499166b24e:group-E355DE860E40:LeaderElection24] INFO  impl.RaftServerImpl (RaftServerImpl.java:setRole(171)) - 5fa13453-57b5-4cad-91e0-01499166b24e:group-E355DE860E40 changes role from CANDIDATE to LEADER at term 1 for changeToLeader
2019-09-19 11:16:26,143 [5fa13453-57b5-4cad-91e0-01499166b24e:group-E355DE860E40:LeaderElection24] INFO  impl.RaftServerImpl (ServerState.java:setLeader(263)) - 5fa13453-57b5-4cad-91e0-01499166b24e:group-E355DE860E40 change Leader from null to 5fa13453-57b5-4cad-91e0-01499166b24e at term 1 for becomeLeader, leader elected after 5130ms
2019-09-19 11:16:26,145 [5fa13453-57b5-4cad-91e0-01499166b24e:group-E355DE860E40:LeaderElection24] INFO  server.RaftServerConfigKeys (ConfUtils.java:logGet(43)) - raft.server.staging.catchup.gap = 1000 (default)
2019-09-19 11:16:26,145 [5fa13453-57b5-4cad-91e0-01499166b24e:group-E355DE860E40:LeaderElection24] INFO  server.RaftServerConfigKeys (ConfUtils.java:logGet(43)) - raft.server.rpc.sleep.time = 25ms (default)
2019-09-19 11:16:26,145 [5fa13453-57b5-4cad-91e0-01499166b24e:group-E355DE860E40:LeaderElection24] INFO  server.RaftServerConfigKeys (ConfUtils.java:logGet(43)) - raft.server.write.element-limit = 4096 (default)
2019-09-19 11:16:26,145 [5fa13453-57b5-4cad-91e0-01499166b24e:group-E355DE860E40:LeaderElection24] INFO  server.RaftServerConfigKeys (ConfUtils.java:logGet(43)) - raft.server.watch.timeout = 10s (default)
2019-09-19 11:16:26,146 [5fa13453-57b5-4cad-91e0-01499166b24e:group-E355DE860E40:LeaderElection24] INFO  server.RaftServerConfigKeys (ConfUtils.java:logGet(43)) - raft.server.watch.timeout.denomination = 1s (default)
2019-09-19 11:16:26,146 [5fa13453-57b5-4cad-91e0-01499166b24e:group-E355DE860E40:LeaderElection24] INFO  server.RaftServerConfigKeys (ConfUtils.java:logGet(43)) - raft.server.watch.element-limit = 65536 (default)
2019-09-19 11:16:26,146 [5fa13453-57b5-4cad-91e0-01499166b24e:group-E355DE860E40:LeaderElection24] INFO  impl.RoleInfo (RoleInfo.java:updateAndGet(143)) - 5fa13453-57b5-4cad-91e0-01499166b24e: start LeaderState
2019-09-19 11:16:26,146 [5fa13453-57b5-4cad-91e0-01499166b24e:group-E355DE860E40:LeaderElection24] INFO  segmented.SegmentedRaftLogWorker (SegmentedRaftLogWorker.java:startLogSegment(380)) - 5fa13453-57b5-4cad-91e0-01499166b24e-SegmentedRaftLogWorker:Storage Directory /workdir/hadoop-ozone/integration-test/target/test-dir/MiniOzoneClusterImpl-8515ba0f-6092-46e7-a8c4-ec3c572bc923/datanode-1/data/ratis/d744a825-9634-43d2-b26b-e355de860e40: Starting segment from index:0
2019-09-19 11:16:26,147 [5fa13453-57b5-4cad-91e0-01499166b24e:group-E355DE860E40:LeaderElection24] INFO  impl.RaftServerImpl (ServerState.java:setRaftConf(361)) - 5fa13453-57b5-4cad-91e0-01499166b24e:group-E355DE860E40 set configuration 0: [5fa13453-57b5-4cad-91e0-01499166b24e:192.168.157.226:39923], old=null at 0
2019-09-19 11:16:26,184 [8cd5f598-2a46-400f-8a57-63ae7d396db4-SegmentedRaftLogWorker:Storage Directory /workdir/hadoop-ozone/integration-test/target/test-dir/MiniOzoneClusterImpl-8515ba0f-6092-46e7-a8c4-ec3c572bc923/datanode-0/data/ratis/d44c79ac-318d-41e2-8551-c485c0d729ca] INFO  segmented.SegmentedRaftLogWorker (SegmentedRaftLogWorker.java:execute(569)) - 8cd5f598-2a46-400f-8a57-63ae7d396db4-SegmentedRaftLogWorker:Storage Directory /workdir/hadoop-ozone/integration-test/target/test-dir/MiniOzoneClusterImpl-8515ba0f-6092-46e7-a8c4-ec3c572bc923/datanode-0/data/ratis/d44c79ac-318d-41e2-8551-c485c0d729ca: created new log segment /workdir/hadoop-ozone/integration-test/target/test-dir/MiniOzoneClusterImpl-8515ba0f-6092-46e7-a8c4-ec3c572bc923/datanode-0/data/ratis/d44c79ac-318d-41e2-8551-c485c0d729ca/current/log_inprogress_0
2019-09-19 11:16:26,184 [8cd5f598-2a46-400f-8a57-63ae7d396db4:group-F550401D8AA6:LeaderElection25] INFO  impl.LeaderElection (LeaderElection.java:askForVotes(181)) - 8cd5f598-2a46-400f-8a57-63ae7d396db4:group-F550401D8AA6:LeaderElection25: begin an election at term 1 for -1: [8cd5f598-2a46-400f-8a57-63ae7d396db4:192.168.157.226:44184], old=null
2019-09-19 11:16:26,184 [8cd5f598-2a46-400f-8a57-63ae7d396db4:group-F550401D8AA6:LeaderElection25] INFO  impl.RoleInfo (RoleInfo.java:shutdownLeaderElection(134)) - 8cd5f598-2a46-400f-8a57-63ae7d396db4: shutdown LeaderElection
2019-09-19 11:16:26,184 [8cd5f598-2a46-400f-8a57-63ae7d396db4:group-F550401D8AA6:LeaderElection25] INFO  impl.RaftServerImpl (RaftServerImpl.java:setRole(171)) - 8cd5f598-2a46-400f-8a57-63ae7d396db4:group-F550401D8AA6 changes role from CANDIDATE to LEADER at term 1 for changeToLeader
2019-09-19 11:16:26,185 [8cd5f598-2a46-400f-8a57-63ae7d396db4:group-F550401D8AA6:LeaderElection25] INFO  impl.RaftServerImpl (ServerState.java:setLeader(263)) - 8cd5f598-2a46-400f-8a57-63ae7d396db4:group-F550401D8AA6 change Leader from null to 8cd5f598-2a46-400f-8a57-63ae7d396db4 at term 1 for becomeLeader, leader elected after 5219ms
2019-09-19 11:16:26,185 [8cd5f598-2a46-400f-8a57-63ae7d396db4:group-F550401D8AA6:LeaderElection25] INFO  server.RaftServerConfigKeys (ConfUtils.java:logGet(43)) - raft.server.staging.catchup.gap = 1000 (default)
2019-09-19 11:16:26,185 [8cd5f598-2a46-400f-8a57-63ae7d396db4:group-F550401D8AA6:LeaderElection25] INFO  server.RaftServerConfigKeys (ConfUtils.java:logGet(43)) - raft.server.rpc.sleep.time = 25ms (default)
2019-09-19 11:16:26,185 [8cd5f598-2a46-400f-8a57-63ae7d396db4:group-F550401D8AA6:LeaderElection25] INFO  server.RaftServerConfigKeys (ConfUtils.java:logGet(43)) - raft.server.write.element-limit = 4096 (default)
2019-09-19 11:16:26,185 [8cd5f598-2a46-400f-8a57-63ae7d396db4:group-F550401D8AA6:LeaderElection25] INFO  server.RaftServerConfigKeys (ConfUtils.java:logGet(43)) - raft.server.watch.timeout = 10s (default)
2019-09-19 11:16:26,186 [8cd5f598-2a46-400f-8a57-63ae7d396db4:group-F550401D8AA6:LeaderElection25] INFO  server.RaftServerConfigKeys (ConfUtils.java:logGet(43)) - raft.server.watch.timeout.denomination = 1s (default)
2019-09-19 11:16:26,186 [8cd5f598-2a46-400f-8a57-63ae7d396db4:group-F550401D8AA6:LeaderElection25] INFO  server.RaftServerConfigKeys (ConfUtils.java:logGet(43)) - raft.server.watch.element-limit = 65536 (default)
2019-09-19 11:16:26,186 [8cd5f598-2a46-400f-8a57-63ae7d396db4:group-F550401D8AA6:LeaderElection25] INFO  impl.RoleInfo (RoleInfo.java:updateAndGet(143)) - 8cd5f598-2a46-400f-8a57-63ae7d396db4: start LeaderState
2019-09-19 11:16:26,186 [8cd5f598-2a46-400f-8a57-63ae7d396db4:group-F550401D8AA6:LeaderElection25] INFO  segmented.SegmentedRaftLogWorker (SegmentedRaftLogWorker.java:startLogSegment(380)) - 8cd5f598-2a46-400f-8a57-63ae7d396db4-SegmentedRaftLogWorker:Storage Directory /workdir/hadoop-ozone/integration-test/target/test-dir/MiniOzoneClusterImpl-8515ba0f-6092-46e7-a8c4-ec3c572bc923/datanode-0/data/ratis/927f7bcc-bbdf-441b-8e0b-f550401d8aa6: Starting segment from index:0
2019-09-19 11:16:26,187 [8cd5f598-2a46-400f-8a57-63ae7d396db4:group-F550401D8AA6:LeaderElection25] INFO  impl.RaftServerImpl (ServerState.java:setRaftConf(361)) - 8cd5f598-2a46-400f-8a57-63ae7d396db4:group-F550401D8AA6 set configuration 0: [8cd5f598-2a46-400f-8a57-63ae7d396db4:192.168.157.226:44184], old=null at 0
2019-09-19 11:16:26,222 [Thread-463] INFO  impl.FollowerState (FollowerState.java:run(106)) - 5fa13453-57b5-4cad-91e0-01499166b24e:group-9D1F9B8F1C35 changes to CANDIDATE, lastRpcTime:5158, electionTimeout:5154ms
2019-09-19 11:16:26,222 [5fa13453-57b5-4cad-91e0-01499166b24e-SegmentedRaftLogWorker:Storage Directory /workdir/hadoop-ozone/integration-test/target/test-dir/MiniOzoneClusterImpl-8515ba0f-6092-46e7-a8c4-ec3c572bc923/datanode-1/data/ratis/d744a825-9634-43d2-b26b-e355de860e40] INFO  segmented.SegmentedRaftLogWorker (SegmentedRaftLogWorker.java:execute(569)) - 5fa13453-57b5-4cad-91e0-01499166b24e-SegmentedRaftLogWorker:Storage Directory /workdir/hadoop-ozone/integration-test/target/test-dir/MiniOzoneClusterImpl-8515ba0f-6092-46e7-a8c4-ec3c572bc923/datanode-1/data/ratis/d744a825-9634-43d2-b26b-e355de860e40: created new log segment /workdir/hadoop-ozone/integration-test/target/test-dir/MiniOzoneClusterImpl-8515ba0f-6092-46e7-a8c4-ec3c572bc923/datanode-1/data/ratis/d744a825-9634-43d2-b26b-e355de860e40/current/log_inprogress_0
2019-09-19 11:16:26,222 [Thread-463] INFO  impl.RoleInfo (RoleInfo.java:shutdownFollowerState(121)) - 5fa13453-57b5-4cad-91e0-01499166b24e: shutdown FollowerState
2019-09-19 11:16:26,223 [Thread-463] INFO  impl.RaftServerImpl (RaftServerImpl.java:setRole(171)) - 5fa13453-57b5-4cad-91e0-01499166b24e:group-9D1F9B8F1C35 changes role from FOLLOWER to CANDIDATE at term 0 for changeToCandidate
2019-09-19 11:16:26,223 [Thread-463] INFO  impl.RoleInfo (RoleInfo.java:updateAndGet(143)) - 5fa13453-57b5-4cad-91e0-01499166b24e: start LeaderElection
2019-09-19 11:16:26,235 [8cd5f598-2a46-400f-8a57-63ae7d396db4-SegmentedRaftLogWorker:Storage Directory /workdir/hadoop-ozone/integration-test/target/test-dir/MiniOzoneClusterImpl-8515ba0f-6092-46e7-a8c4-ec3c572bc923/datanode-0/data/ratis/927f7bcc-bbdf-441b-8e0b-f550401d8aa6] INFO  segmented.SegmentedRaftLogWorker (SegmentedRaftLogWorker.java:execute(569)) - 8cd5f598-2a46-400f-8a57-63ae7d396db4-SegmentedRaftLogWorker:Storage Directory /workdir/hadoop-ozone/integration-test/target/test-dir/MiniOzoneClusterImpl-8515ba0f-6092-46e7-a8c4-ec3c572bc923/datanode-0/data/ratis/927f7bcc-bbdf-441b-8e0b-f550401d8aa6: created new log segment /workdir/hadoop-ozone/integration-test/target/test-dir/MiniOzoneClusterImpl-8515ba0f-6092-46e7-a8c4-ec3c572bc923/datanode-0/data/ratis/927f7bcc-bbdf-441b-8e0b-f550401d8aa6/current/log_inprogress_0
2019-09-19 11:16:26,235 [5fa13453-57b5-4cad-91e0-01499166b24e:group-9D1F9B8F1C35:LeaderElection26] INFO  impl.LeaderElection (LeaderElection.java:askForVotes(181)) - 5fa13453-57b5-4cad-91e0-01499166b24e:group-9D1F9B8F1C35:LeaderElection26: begin an election at term 1 for -1: [5fa13453-57b5-4cad-91e0-01499166b24e:192.168.157.226:39923], old=null
2019-09-19 11:16:26,235 [5fa13453-57b5-4cad-91e0-01499166b24e:group-9D1F9B8F1C35:LeaderElection26] INFO  impl.RoleInfo (RoleInfo.java:shutdownLeaderElection(134)) - 5fa13453-57b5-4cad-91e0-01499166b24e: shutdown LeaderElection
2019-09-19 11:16:26,236 [5fa13453-57b5-4cad-91e0-01499166b24e:group-9D1F9B8F1C35:LeaderElection26] INFO  impl.RaftServerImpl (RaftServerImpl.java:setRole(171)) - 5fa13453-57b5-4cad-91e0-01499166b24e:group-9D1F9B8F1C35 changes role from CANDIDATE to LEADER at term 1 for changeToLeader
2019-09-19 11:16:26,236 [5fa13453-57b5-4cad-91e0-01499166b24e:group-9D1F9B8F1C35:LeaderElection26] INFO  impl.RaftServerImpl (ServerState.java:setLeader(263)) - 5fa13453-57b5-4cad-91e0-01499166b24e:group-9D1F9B8F1C35 change Leader from null to 5fa13453-57b5-4cad-91e0-01499166b24e at term 1 for becomeLeader, leader elected after 5176ms
2019-09-19 11:16:26,236 [5fa13453-57b5-4cad-91e0-01499166b24e:group-9D1F9B8F1C35:LeaderElection26] INFO  server.RaftServerConfigKeys (ConfUtils.java:logGet(43)) - raft.server.staging.catchup.gap = 1000 (default)
2019-09-19 11:16:26,236 [5fa13453-57b5-4cad-91e0-01499166b24e:group-9D1F9B8F1C35:LeaderElection26] INFO  server.RaftServerConfigKeys (ConfUtils.java:logGet(43)) - raft.server.rpc.sleep.time = 25ms (default)
2019-09-19 11:16:26,236 [5fa13453-57b5-4cad-91e0-01499166b24e:group-9D1F9B8F1C35:LeaderElection26] INFO  server.RaftServerConfigKeys (ConfUtils.java:logGet(43)) - raft.server.write.element-limit = 4096 (default)
2019-09-19 11:16:26,236 [5fa13453-57b5-4cad-91e0-01499166b24e:group-9D1F9B8F1C35:LeaderElection26] INFO  server.RaftServerConfigKeys (ConfUtils.java:logGet(43)) - raft.server.watch.timeout = 10s (default)
2019-09-19 11:16:26,237 [5fa13453-57b5-4cad-91e0-01499166b24e:group-9D1F9B8F1C35:LeaderElection26] INFO  server.RaftServerConfigKeys (ConfUtils.java:logGet(43)) - raft.server.watch.timeout.denomination = 1s (default)
2019-09-19 11:16:26,237 [5fa13453-57b5-4cad-91e0-01499166b24e:group-9D1F9B8F1C35:LeaderElection26] INFO  server.RaftServerConfigKeys (ConfUtils.java:logGet(43)) - raft.server.watch.element-limit = 65536 (default)
2019-09-19 11:16:26,237 [5fa13453-57b5-4cad-91e0-01499166b24e:group-9D1F9B8F1C35:LeaderElection26] INFO  impl.RoleInfo (RoleInfo.java:updateAndGet(143)) - 5fa13453-57b5-4cad-91e0-01499166b24e: start LeaderState
2019-09-19 11:16:26,237 [5fa13453-57b5-4cad-91e0-01499166b24e:group-9D1F9B8F1C35:LeaderElection26] INFO  segmented.SegmentedRaftLogWorker (SegmentedRaftLogWorker.java:startLogSegment(380)) - 5fa13453-57b5-4cad-91e0-01499166b24e-SegmentedRaftLogWorker:Storage Directory /workdir/hadoop-ozone/integration-test/target/test-dir/MiniOzoneClusterImpl-8515ba0f-6092-46e7-a8c4-ec3c572bc923/datanode-1/data/ratis/fdcd2164-31ed-4d64-be6a-9d1f9b8f1c35: Starting segment from index:0
2019-09-19 11:16:26,238 [5fa13453-57b5-4cad-91e0-01499166b24e:group-9D1F9B8F1C35:LeaderElection26] INFO  impl.RaftServerImpl (ServerState.java:setRaftConf(361)) - 5fa13453-57b5-4cad-91e0-01499166b24e:group-9D1F9B8F1C35 set configuration 0: [5fa13453-57b5-4cad-91e0-01499166b24e:192.168.157.226:39923], old=null at 0
2019-09-19 11:16:26,272 [Thread-469] INFO  impl.FollowerState (FollowerState.java:run(106)) - 5fa13453-57b5-4cad-91e0-01499166b24e:group-BC82FB317C67 changes to CANDIDATE, lastRpcTime:5105, electionTimeout:5103ms
2019-09-19 11:16:26,272 [Thread-469] INFO  impl.RoleInfo (RoleInfo.java:shutdownFollowerState(121)) - 5fa13453-57b5-4cad-91e0-01499166b24e: shutdown FollowerState
2019-09-19 11:16:26,273 [Thread-469] INFO  impl.RaftServerImpl (RaftServerImpl.java:setRole(171)) - 5fa13453-57b5-4cad-91e0-01499166b24e:group-BC82FB317C67 changes role from FOLLOWER to CANDIDATE at term 0 for changeToCandidate
2019-09-19 11:16:26,273 [Thread-469] INFO  impl.RoleInfo (RoleInfo.java:updateAndGet(143)) - 5fa13453-57b5-4cad-91e0-01499166b24e: start LeaderElection
2019-09-19 11:16:26,285 [5fa13453-57b5-4cad-91e0-01499166b24e-SegmentedRaftLogWorker:Storage Directory /workdir/hadoop-ozone/integration-test/target/test-dir/MiniOzoneClusterImpl-8515ba0f-6092-46e7-a8c4-ec3c572bc923/datanode-1/data/ratis/fdcd2164-31ed-4d64-be6a-9d1f9b8f1c35] INFO  segmented.SegmentedRaftLogWorker (SegmentedRaftLogWorker.java:execute(569)) - 5fa13453-57b5-4cad-91e0-01499166b24e-SegmentedRaftLogWorker:Storage Directory /workdir/hadoop-ozone/integration-test/target/test-dir/MiniOzoneClusterImpl-8515ba0f-6092-46e7-a8c4-ec3c572bc923/datanode-1/data/ratis/fdcd2164-31ed-4d64-be6a-9d1f9b8f1c35: created new log segment /workdir/hadoop-ozone/integration-test/target/test-dir/MiniOzoneClusterImpl-8515ba0f-6092-46e7-a8c4-ec3c572bc923/datanode-1/data/ratis/fdcd2164-31ed-4d64-be6a-9d1f9b8f1c35/current/log_inprogress_0
2019-09-19 11:16:26,285 [5fa13453-57b5-4cad-91e0-01499166b24e:group-BC82FB317C67:LeaderElection27] INFO  impl.LeaderElection (LeaderElection.java:askForVotes(181)) - 5fa13453-57b5-4cad-91e0-01499166b24e:group-BC82FB317C67:LeaderElection27: begin an election at term 1 for -1: [5fa13453-57b5-4cad-91e0-01499166b24e:192.168.157.226:39923], old=null
2019-09-19 11:16:26,286 [5fa13453-57b5-4cad-91e0-01499166b24e:group-BC82FB317C67:LeaderElection27] INFO  impl.RoleInfo (RoleInfo.java:shutdownLeaderElection(134)) - 5fa13453-57b5-4cad-91e0-01499166b24e: shutdown LeaderElection
2019-09-19 11:16:26,286 [5fa13453-57b5-4cad-91e0-01499166b24e:group-BC82FB317C67:LeaderElection27] INFO  impl.RaftServerImpl (RaftServerImpl.java:setRole(171)) - 5fa13453-57b5-4cad-91e0-01499166b24e:group-BC82FB317C67 changes role from CANDIDATE to LEADER at term 1 for changeToLeader
2019-09-19 11:16:26,286 [5fa13453-57b5-4cad-91e0-01499166b24e:group-BC82FB317C67:LeaderElection27] INFO  impl.RaftServerImpl (ServerState.java:setLeader(263)) - 5fa13453-57b5-4cad-91e0-01499166b24e:group-BC82FB317C67 change Leader from null to 5fa13453-57b5-4cad-91e0-01499166b24e at term 1 for becomeLeader, leader elected after 5122ms
2019-09-19 11:16:26,286 [5fa13453-57b5-4cad-91e0-01499166b24e:group-BC82FB317C67:LeaderElection27] INFO  server.RaftServerConfigKeys (ConfUtils.java:logGet(43)) - raft.server.staging.catchup.gap = 1000 (default)
2019-09-19 11:16:26,286 [5fa13453-57b5-4cad-91e0-01499166b24e:group-BC82FB317C67:LeaderElection27] INFO  server.RaftServerConfigKeys (ConfUtils.java:logGet(43)) - raft.server.rpc.sleep.time = 25ms (default)
2019-09-19 11:16:26,286 [5fa13453-57b5-4cad-91e0-01499166b24e:group-BC82FB317C67:LeaderElection27] INFO  server.RaftServerConfigKeys (ConfUtils.java:logGet(43)) - raft.server.write.element-limit = 4096 (default)
2019-09-19 11:16:26,286 [5fa13453-57b5-4cad-91e0-01499166b24e:group-BC82FB317C67:LeaderElection27] INFO  server.RaftServerConfigKeys (ConfUtils.java:logGet(43)) - raft.server.watch.timeout = 10s (default)
2019-09-19 11:16:26,287 [5fa13453-57b5-4cad-91e0-01499166b24e:group-BC82FB317C67:LeaderElection27] INFO  server.RaftServerConfigKeys (ConfUtils.java:logGet(43)) - raft.server.watch.timeout.denomination = 1s (default)
2019-09-19 11:16:26,287 [5fa13453-57b5-4cad-91e0-01499166b24e:group-BC82FB317C67:LeaderElection27] INFO  server.RaftServerConfigKeys (ConfUtils.java:logGet(43)) - raft.server.watch.element-limit = 65536 (default)
2019-09-19 11:16:26,287 [5fa13453-57b5-4cad-91e0-01499166b24e:group-BC82FB317C67:LeaderElection27] INFO  impl.RoleInfo (RoleInfo.java:updateAndGet(143)) - 5fa13453-57b5-4cad-91e0-01499166b24e: start LeaderState
2019-09-19 11:16:26,287 [5fa13453-57b5-4cad-91e0-01499166b24e:group-BC82FB317C67:LeaderElection27] INFO  segmented.SegmentedRaftLogWorker (SegmentedRaftLogWorker.java:startLogSegment(380)) - 5fa13453-57b5-4cad-91e0-01499166b24e-SegmentedRaftLogWorker:Storage Directory /workdir/hadoop-ozone/integration-test/target/test-dir/MiniOzoneClusterImpl-8515ba0f-6092-46e7-a8c4-ec3c572bc923/datanode-1/data/ratis/382e838a-bade-456a-8db2-bc82fb317c67: Starting segment from index:0
2019-09-19 11:16:26,288 [5fa13453-57b5-4cad-91e0-01499166b24e:group-BC82FB317C67:LeaderElection27] INFO  impl.RaftServerImpl (ServerState.java:setRaftConf(361)) - 5fa13453-57b5-4cad-91e0-01499166b24e:group-BC82FB317C67 set configuration 0: [5fa13453-57b5-4cad-91e0-01499166b24e:192.168.157.226:39923], old=null at 0
2019-09-19 11:16:26,320 [Thread-466] INFO  impl.FollowerState (FollowerState.java:run(106)) - 5fa13453-57b5-4cad-91e0-01499166b24e:group-B1BAF98953D9 changes to CANDIDATE, lastRpcTime:5202, electionTimeout:5175ms
2019-09-19 11:16:26,320 [Thread-466] INFO  impl.RoleInfo (RoleInfo.java:shutdownFollowerState(121)) - 5fa13453-57b5-4cad-91e0-01499166b24e: shutdown FollowerState
2019-09-19 11:16:26,320 [Thread-466] INFO  impl.RaftServerImpl (RaftServerImpl.java:setRole(171)) - 5fa13453-57b5-4cad-91e0-01499166b24e:group-B1BAF98953D9 changes role from FOLLOWER to CANDIDATE at term 0 for changeToCandidate
2019-09-19 11:16:26,321 [Thread-466] INFO  impl.RoleInfo (RoleInfo.java:updateAndGet(143)) - 5fa13453-57b5-4cad-91e0-01499166b24e: start LeaderElection
2019-09-19 11:16:26,333 [5fa13453-57b5-4cad-91e0-01499166b24e-SegmentedRaftLogWorker:Storage Directory /workdir/hadoop-ozone/integration-test/target/test-dir/MiniOzoneClusterImpl-8515ba0f-6092-46e7-a8c4-ec3c572bc923/datanode-1/data/ratis/382e838a-bade-456a-8db2-bc82fb317c67] INFO  segmented.SegmentedRaftLogWorker (SegmentedRaftLogWorker.java:execute(569)) - 5fa13453-57b5-4cad-91e0-01499166b24e-SegmentedRaftLogWorker:Storage Directory /workdir/hadoop-ozone/integration-test/target/test-dir/MiniOzoneClusterImpl-8515ba0f-6092-46e7-a8c4-ec3c572bc923/datanode-1/data/ratis/382e838a-bade-456a-8db2-bc82fb317c67: created new log segment /workdir/hadoop-ozone/integration-test/target/test-dir/MiniOzoneClusterImpl-8515ba0f-6092-46e7-a8c4-ec3c572bc923/datanode-1/data/ratis/382e838a-bade-456a-8db2-bc82fb317c67/current/log_inprogress_0
2019-09-19 11:16:26,333 [5fa13453-57b5-4cad-91e0-01499166b24e:group-B1BAF98953D9:LeaderElection28] INFO  impl.LeaderElection (LeaderElection.java:askForVotes(181)) - 5fa13453-57b5-4cad-91e0-01499166b24e:group-B1BAF98953D9:LeaderElection28: begin an election at term 1 for -1: [5fa13453-57b5-4cad-91e0-01499166b24e:192.168.157.226:39923], old=null
2019-09-19 11:16:26,333 [5fa13453-57b5-4cad-91e0-01499166b24e:group-B1BAF98953D9:LeaderElection28] INFO  impl.RoleInfo (RoleInfo.java:shutdownLeaderElection(134)) - 5fa13453-57b5-4cad-91e0-01499166b24e: shutdown LeaderElection
2019-09-19 11:16:26,334 [5fa13453-57b5-4cad-91e0-01499166b24e:group-B1BAF98953D9:LeaderElection28] INFO  impl.RaftServerImpl (RaftServerImpl.java:setRole(171)) - 5fa13453-57b5-4cad-91e0-01499166b24e:group-B1BAF98953D9 changes role from CANDIDATE to LEADER at term 1 for changeToLeader
2019-09-19 11:16:26,334 [5fa13453-57b5-4cad-91e0-01499166b24e:group-B1BAF98953D9:LeaderElection28] INFO  impl.RaftServerImpl (ServerState.java:setLeader(263)) - 5fa13453-57b5-4cad-91e0-01499166b24e:group-B1BAF98953D9 change Leader from null to 5fa13453-57b5-4cad-91e0-01499166b24e at term 1 for becomeLeader, leader elected after 5221ms
2019-09-19 11:16:26,334 [5fa13453-57b5-4cad-91e0-01499166b24e:group-B1BAF98953D9:LeaderElection28] INFO  server.RaftServerConfigKeys (ConfUtils.java:logGet(43)) - raft.server.staging.catchup.gap = 1000 (default)
2019-09-19 11:16:26,334 [5fa13453-57b5-4cad-91e0-01499166b24e:group-B1BAF98953D9:LeaderElection28] INFO  server.RaftServerConfigKeys (ConfUtils.java:logGet(43)) - raft.server.rpc.sleep.time = 25ms (default)
2019-09-19 11:16:26,334 [5fa13453-57b5-4cad-91e0-01499166b24e:group-B1BAF98953D9:LeaderElection28] INFO  server.RaftServerConfigKeys (ConfUtils.java:logGet(43)) - raft.server.write.element-limit = 4096 (default)
2019-09-19 11:16:26,334 [5fa13453-57b5-4cad-91e0-01499166b24e:group-B1BAF98953D9:LeaderElection28] INFO  server.RaftServerConfigKeys (ConfUtils.java:logGet(43)) - raft.server.watch.timeout = 10s (default)
2019-09-19 11:16:26,335 [5fa13453-57b5-4cad-91e0-01499166b24e:group-B1BAF98953D9:LeaderElection28] INFO  server.RaftServerConfigKeys (ConfUtils.java:logGet(43)) - raft.server.watch.timeout.denomination = 1s (default)
2019-09-19 11:16:26,335 [5fa13453-57b5-4cad-91e0-01499166b24e:group-B1BAF98953D9:LeaderElection28] INFO  server.RaftServerConfigKeys (ConfUtils.java:logGet(43)) - raft.server.watch.element-limit = 65536 (default)
2019-09-19 11:16:26,335 [5fa13453-57b5-4cad-91e0-01499166b24e:group-B1BAF98953D9:LeaderElection28] INFO  impl.RoleInfo (RoleInfo.java:updateAndGet(143)) - 5fa13453-57b5-4cad-91e0-01499166b24e: start LeaderState
2019-09-19 11:16:26,335 [5fa13453-57b5-4cad-91e0-01499166b24e:group-B1BAF98953D9:LeaderElection28] INFO  segmented.SegmentedRaftLogWorker (SegmentedRaftLogWorker.java:startLogSegment(380)) - 5fa13453-57b5-4cad-91e0-01499166b24e-SegmentedRaftLogWorker:Storage Directory /workdir/hadoop-ozone/integration-test/target/test-dir/MiniOzoneClusterImpl-8515ba0f-6092-46e7-a8c4-ec3c572bc923/datanode-1/data/ratis/86e41a23-db87-4119-bea1-b1baf98953d9: Starting segment from index:0
2019-09-19 11:16:26,336 [5fa13453-57b5-4cad-91e0-01499166b24e:group-B1BAF98953D9:LeaderElection28] INFO  impl.RaftServerImpl (ServerState.java:setRaftConf(361)) - 5fa13453-57b5-4cad-91e0-01499166b24e:group-B1BAF98953D9 set configuration 0: [5fa13453-57b5-4cad-91e0-01499166b24e:192.168.157.226:39923], old=null at 0
2019-09-19 11:16:26,379 [Thread-472] INFO  impl.FollowerState (FollowerState.java:run(106)) - 5fa13453-57b5-4cad-91e0-01499166b24e:group-33260947512B changes to CANDIDATE, lastRpcTime:5161, electionTimeout:5161ms
2019-09-19 11:16:26,380 [Thread-472] INFO  impl.RoleInfo (RoleInfo.java:shutdownFollowerState(121)) - 5fa13453-57b5-4cad-91e0-01499166b24e: shutdown FollowerState
2019-09-19 11:16:26,380 [Thread-472] INFO  impl.RaftServerImpl (RaftServerImpl.java:setRole(171)) - 5fa13453-57b5-4cad-91e0-01499166b24e:group-33260947512B changes role from FOLLOWER to CANDIDATE at term 0 for changeToCandidate
2019-09-19 11:16:26,380 [Thread-472] INFO  impl.RoleInfo (RoleInfo.java:updateAndGet(143)) - 5fa13453-57b5-4cad-91e0-01499166b24e: start LeaderElection
2019-09-19 11:16:26,384 [5fa13453-57b5-4cad-91e0-01499166b24e-SegmentedRaftLogWorker:Storage Directory /workdir/hadoop-ozone/integration-test/target/test-dir/MiniOzoneClusterImpl-8515ba0f-6092-46e7-a8c4-ec3c572bc923/datanode-1/data/ratis/86e41a23-db87-4119-bea1-b1baf98953d9] INFO  segmented.SegmentedRaftLogWorker (SegmentedRaftLogWorker.java:execute(569)) - 5fa13453-57b5-4cad-91e0-01499166b24e-SegmentedRaftLogWorker:Storage Directory /workdir/hadoop-ozone/integration-test/target/test-dir/MiniOzoneClusterImpl-8515ba0f-6092-46e7-a8c4-ec3c572bc923/datanode-1/data/ratis/86e41a23-db87-4119-bea1-b1baf98953d9: created new log segment /workdir/hadoop-ozone/integration-test/target/test-dir/MiniOzoneClusterImpl-8515ba0f-6092-46e7-a8c4-ec3c572bc923/datanode-1/data/ratis/86e41a23-db87-4119-bea1-b1baf98953d9/current/log_inprogress_0
2019-09-19 11:16:26,385 [5fa13453-57b5-4cad-91e0-01499166b24e:group-33260947512B:LeaderElection29] INFO  impl.LeaderElection (LeaderElection.java:askForVotes(181)) - 5fa13453-57b5-4cad-91e0-01499166b24e:group-33260947512B:LeaderElection29: begin an election at term 1 for -1: [5fa13453-57b5-4cad-91e0-01499166b24e:192.168.157.226:39923], old=null
2019-09-19 11:16:26,385 [5fa13453-57b5-4cad-91e0-01499166b24e:group-33260947512B:LeaderElection29] INFO  impl.RoleInfo (RoleInfo.java:shutdownLeaderElection(134)) - 5fa13453-57b5-4cad-91e0-01499166b24e: shutdown LeaderElection
2019-09-19 11:16:26,385 [5fa13453-57b5-4cad-91e0-01499166b24e:group-33260947512B:LeaderElection29] INFO  impl.RaftServerImpl (RaftServerImpl.java:setRole(171)) - 5fa13453-57b5-4cad-91e0-01499166b24e:group-33260947512B changes role from CANDIDATE to LEADER at term 1 for changeToLeader
2019-09-19 11:16:26,385 [5fa13453-57b5-4cad-91e0-01499166b24e:group-33260947512B:LeaderElection29] INFO  impl.RaftServerImpl (ServerState.java:setLeader(263)) - 5fa13453-57b5-4cad-91e0-01499166b24e:group-33260947512B change Leader from null to 5fa13453-57b5-4cad-91e0-01499166b24e at term 1 for becomeLeader, leader elected after 5171ms
2019-09-19 11:16:26,386 [5fa13453-57b5-4cad-91e0-01499166b24e:group-33260947512B:LeaderElection29] INFO  server.RaftServerConfigKeys (ConfUtils.java:logGet(43)) - raft.server.staging.catchup.gap = 1000 (default)
2019-09-19 11:16:26,386 [5fa13453-57b5-4cad-91e0-01499166b24e:group-33260947512B:LeaderElection29] INFO  server.RaftServerConfigKeys (ConfUtils.java:logGet(43)) - raft.server.rpc.sleep.time = 25ms (default)
2019-09-19 11:16:26,386 [5fa13453-57b5-4cad-91e0-01499166b24e:group-33260947512B:LeaderElection29] INFO  server.RaftServerConfigKeys (ConfUtils.java:logGet(43)) - raft.server.write.element-limit = 4096 (default)
2019-09-19 11:16:26,386 [5fa13453-57b5-4cad-91e0-01499166b24e:group-33260947512B:LeaderElection29] INFO  server.RaftServerConfigKeys (ConfUtils.java:logGet(43)) - raft.server.watch.timeout = 10s (default)
2019-09-19 11:16:26,386 [5fa13453-57b5-4cad-91e0-01499166b24e:group-33260947512B:LeaderElection29] INFO  server.RaftServerConfigKeys (ConfUtils.java:logGet(43)) - raft.server.watch.timeout.denomination = 1s (default)
2019-09-19 11:16:26,387 [5fa13453-57b5-4cad-91e0-01499166b24e:group-33260947512B:LeaderElection29] INFO  server.RaftServerConfigKeys (ConfUtils.java:logGet(43)) - raft.server.watch.element-limit = 65536 (default)
2019-09-19 11:16:26,387 [5fa13453-57b5-4cad-91e0-01499166b24e:group-33260947512B:LeaderElection29] INFO  impl.RoleInfo (RoleInfo.java:updateAndGet(143)) - 5fa13453-57b5-4cad-91e0-01499166b24e: start LeaderState
2019-09-19 11:16:26,387 [5fa13453-57b5-4cad-91e0-01499166b24e:group-33260947512B:LeaderElection29] INFO  segmented.SegmentedRaftLogWorker (SegmentedRaftLogWorker.java:startLogSegment(380)) - 5fa13453-57b5-4cad-91e0-01499166b24e-SegmentedRaftLogWorker:Storage Directory /workdir/hadoop-ozone/integration-test/target/test-dir/MiniOzoneClusterImpl-8515ba0f-6092-46e7-a8c4-ec3c572bc923/datanode-1/data/ratis/36f8d3df-4dd9-4aa7-a200-33260947512b: Starting segment from index:0
2019-09-19 11:16:26,388 [5fa13453-57b5-4cad-91e0-01499166b24e:group-33260947512B:LeaderElection29] INFO  impl.RaftServerImpl (ServerState.java:setRaftConf(361)) - 5fa13453-57b5-4cad-91e0-01499166b24e:group-33260947512B set configuration 0: [5fa13453-57b5-4cad-91e0-01499166b24e:192.168.157.226:39923], old=null at 0
2019-09-19 11:16:26,413 [Thread-481] INFO  impl.FollowerState (FollowerState.java:run(106)) - d807390a-82a8-4cb9-8bc5-f0775ff05710:group-428410D42864 changes to CANDIDATE, lastRpcTime:5054, electionTimeout:5033ms
2019-09-19 11:16:26,414 [Thread-475] INFO  impl.FollowerState (FollowerState.java:run(106)) - 5fa13453-57b5-4cad-91e0-01499166b24e:group-71522E47C69A changes to CANDIDATE, lastRpcTime:5148, electionTimeout:5124ms
2019-09-19 11:16:26,414 [Thread-481] INFO  impl.RoleInfo (RoleInfo.java:shutdownFollowerState(121)) - d807390a-82a8-4cb9-8bc5-f0775ff05710: shutdown FollowerState
2019-09-19 11:16:26,414 [Thread-475] INFO  impl.RoleInfo (RoleInfo.java:shutdownFollowerState(121)) - 5fa13453-57b5-4cad-91e0-01499166b24e: shutdown FollowerState
2019-09-19 11:16:26,414 [Thread-481] INFO  impl.RaftServerImpl (RaftServerImpl.java:setRole(171)) - d807390a-82a8-4cb9-8bc5-f0775ff05710:group-428410D42864 changes role from FOLLOWER to CANDIDATE at term 0 for changeToCandidate
2019-09-19 11:16:26,414 [Thread-475] INFO  impl.RaftServerImpl (RaftServerImpl.java:setRole(171)) - 5fa13453-57b5-4cad-91e0-01499166b24e:group-71522E47C69A changes role from FOLLOWER to CANDIDATE at term 0 for changeToCandidate
2019-09-19 11:16:26,414 [Thread-481] INFO  impl.RoleInfo (RoleInfo.java:updateAndGet(143)) - d807390a-82a8-4cb9-8bc5-f0775ff05710: start LeaderElection
2019-09-19 11:16:26,414 [Thread-475] INFO  impl.RoleInfo (RoleInfo.java:updateAndGet(143)) - 5fa13453-57b5-4cad-91e0-01499166b24e: start LeaderElection
2019-09-19 11:16:26,426 [5fa13453-57b5-4cad-91e0-01499166b24e-SegmentedRaftLogWorker:Storage Directory /workdir/hadoop-ozone/integration-test/target/test-dir/MiniOzoneClusterImpl-8515ba0f-6092-46e7-a8c4-ec3c572bc923/datanode-1/data/ratis/36f8d3df-4dd9-4aa7-a200-33260947512b] INFO  segmented.SegmentedRaftLogWorker (SegmentedRaftLogWorker.java:execute(569)) - 5fa13453-57b5-4cad-91e0-01499166b24e-SegmentedRaftLogWorker:Storage Directory /workdir/hadoop-ozone/integration-test/target/test-dir/MiniOzoneClusterImpl-8515ba0f-6092-46e7-a8c4-ec3c572bc923/datanode-1/data/ratis/36f8d3df-4dd9-4aa7-a200-33260947512b: created new log segment /workdir/hadoop-ozone/integration-test/target/test-dir/MiniOzoneClusterImpl-8515ba0f-6092-46e7-a8c4-ec3c572bc923/datanode-1/data/ratis/36f8d3df-4dd9-4aa7-a200-33260947512b/current/log_inprogress_0
2019-09-19 11:16:26,427 [5fa13453-57b5-4cad-91e0-01499166b24e:group-71522E47C69A:LeaderElection31] INFO  impl.LeaderElection (LeaderElection.java:askForVotes(181)) - 5fa13453-57b5-4cad-91e0-01499166b24e:group-71522E47C69A:LeaderElection31: begin an election at term 1 for -1: [5fa13453-57b5-4cad-91e0-01499166b24e:192.168.157.226:39923], old=null
2019-09-19 11:16:26,427 [d807390a-82a8-4cb9-8bc5-f0775ff05710:group-428410D42864:LeaderElection30] INFO  impl.LeaderElection (LeaderElection.java:askForVotes(181)) - d807390a-82a8-4cb9-8bc5-f0775ff05710:group-428410D42864:LeaderElection30: begin an election at term 1 for -1: [d807390a-82a8-4cb9-8bc5-f0775ff05710:192.168.157.226:36100], old=null
2019-09-19 11:16:26,427 [5fa13453-57b5-4cad-91e0-01499166b24e:group-71522E47C69A:LeaderElection31] INFO  impl.RoleInfo (RoleInfo.java:shutdownLeaderElection(134)) - 5fa13453-57b5-4cad-91e0-01499166b24e: shutdown LeaderElection
2019-09-19 11:16:26,427 [d807390a-82a8-4cb9-8bc5-f0775ff05710:group-428410D42864:LeaderElection30] INFO  impl.RoleInfo (RoleInfo.java:shutdownLeaderElection(134)) - d807390a-82a8-4cb9-8bc5-f0775ff05710: shutdown LeaderElection
2019-09-19 11:16:26,427 [5fa13453-57b5-4cad-91e0-01499166b24e:group-71522E47C69A:LeaderElection31] INFO  impl.RaftServerImpl (RaftServerImpl.java:setRole(171)) - 5fa13453-57b5-4cad-91e0-01499166b24e:group-71522E47C69A changes role from CANDIDATE to LEADER at term 1 for changeToLeader
2019-09-19 11:16:26,427 [d807390a-82a8-4cb9-8bc5-f0775ff05710:group-428410D42864:LeaderElection30] INFO  impl.RaftServerImpl (RaftServerImpl.java:setRole(171)) - d807390a-82a8-4cb9-8bc5-f0775ff05710:group-428410D42864 changes role from CANDIDATE to LEADER at term 1 for changeToLeader
2019-09-19 11:16:26,427 [5fa13453-57b5-4cad-91e0-01499166b24e:group-71522E47C69A:LeaderElection31] INFO  impl.RaftServerImpl (ServerState.java:setLeader(263)) - 5fa13453-57b5-4cad-91e0-01499166b24e:group-71522E47C69A change Leader from null to 5fa13453-57b5-4cad-91e0-01499166b24e at term 1 for becomeLeader, leader elected after 5166ms
2019-09-19 11:16:26,427 [d807390a-82a8-4cb9-8bc5-f0775ff05710:group-428410D42864:LeaderElection30] INFO  impl.RaftServerImpl (ServerState.java:setLeader(263)) - d807390a-82a8-4cb9-8bc5-f0775ff05710:group-428410D42864 change Leader from null to d807390a-82a8-4cb9-8bc5-f0775ff05710 at term 1 for becomeLeader, leader elected after 5072ms
2019-09-19 11:16:26,428 [5fa13453-57b5-4cad-91e0-01499166b24e:group-71522E47C69A:LeaderElection31] INFO  server.RaftServerConfigKeys (ConfUtils.java:logGet(43)) - raft.server.staging.catchup.gap = 1000 (default)
2019-09-19 11:16:26,428 [d807390a-82a8-4cb9-8bc5-f0775ff05710:group-428410D42864:LeaderElection30] INFO  server.RaftServerConfigKeys (ConfUtils.java:logGet(43)) - raft.server.staging.catchup.gap = 1000 (default)
2019-09-19 11:16:26,428 [5fa13453-57b5-4cad-91e0-01499166b24e:group-71522E47C69A:LeaderElection31] INFO  server.RaftServerConfigKeys (ConfUtils.java:logGet(43)) - raft.server.rpc.sleep.time = 25ms (default)
2019-09-19 11:16:26,428 [d807390a-82a8-4cb9-8bc5-f0775ff05710:group-428410D42864:LeaderElection30] INFO  server.RaftServerConfigKeys (ConfUtils.java:logGet(43)) - raft.server.rpc.sleep.time = 25ms (default)
2019-09-19 11:16:26,428 [5fa13453-57b5-4cad-91e0-01499166b24e:group-71522E47C69A:LeaderElection31] INFO  server.RaftServerConfigKeys (ConfUtils.java:logGet(43)) - raft.server.write.element-limit = 4096 (default)
2019-09-19 11:16:26,428 [d807390a-82a8-4cb9-8bc5-f0775ff05710:group-428410D42864:LeaderElection30] INFO  server.RaftServerConfigKeys (ConfUtils.java:logGet(43)) - raft.server.write.element-limit = 4096 (default)
2019-09-19 11:16:26,428 [5fa13453-57b5-4cad-91e0-01499166b24e:group-71522E47C69A:LeaderElection31] INFO  server.RaftServerConfigKeys (ConfUtils.java:logGet(43)) - raft.server.watch.timeout = 10s (default)
2019-09-19 11:16:26,429 [d807390a-82a8-4cb9-8bc5-f0775ff05710:group-428410D42864:LeaderElection30] INFO  server.RaftServerConfigKeys (ConfUtils.java:logGet(43)) - raft.server.watch.timeout = 10s (default)
2019-09-19 11:16:26,429 [5fa13453-57b5-4cad-91e0-01499166b24e:group-71522E47C69A:LeaderElection31] INFO  server.RaftServerConfigKeys (ConfUtils.java:logGet(43)) - raft.server.watch.timeout.denomination = 1s (default)
2019-09-19 11:16:26,429 [d807390a-82a8-4cb9-8bc5-f0775ff05710:group-428410D42864:LeaderElection30] INFO  server.RaftServerConfigKeys (ConfUtils.java:logGet(43)) - raft.server.watch.timeout.denomination = 1s (default)
2019-09-19 11:16:26,429 [5fa13453-57b5-4cad-91e0-01499166b24e:group-71522E47C69A:LeaderElection31] INFO  server.RaftServerConfigKeys (ConfUtils.java:logGet(43)) - raft.server.watch.element-limit = 65536 (default)
2019-09-19 11:16:26,429 [d807390a-82a8-4cb9-8bc5-f0775ff05710:group-428410D42864:LeaderElection30] INFO  server.RaftServerConfigKeys (ConfUtils.java:logGet(43)) - raft.server.watch.element-limit = 65536 (default)
2019-09-19 11:16:26,429 [5fa13453-57b5-4cad-91e0-01499166b24e:group-71522E47C69A:LeaderElection31] INFO  impl.RoleInfo (RoleInfo.java:updateAndGet(143)) - 5fa13453-57b5-4cad-91e0-01499166b24e: start LeaderState
2019-09-19 11:16:26,430 [d807390a-82a8-4cb9-8bc5-f0775ff05710:group-428410D42864:LeaderElection30] INFO  impl.RoleInfo (RoleInfo.java:updateAndGet(143)) - d807390a-82a8-4cb9-8bc5-f0775ff05710: start LeaderState
2019-09-19 11:16:26,430 [5fa13453-57b5-4cad-91e0-01499166b24e:group-71522E47C69A:LeaderElection31] INFO  segmented.SegmentedRaftLogWorker (SegmentedRaftLogWorker.java:startLogSegment(380)) - 5fa13453-57b5-4cad-91e0-01499166b24e-SegmentedRaftLogWorker:Storage Directory /workdir/hadoop-ozone/integration-test/target/test-dir/MiniOzoneClusterImpl-8515ba0f-6092-46e7-a8c4-ec3c572bc923/datanode-1/data/ratis/eabfd7e0-5d6d-4f5e-b7db-71522e47c69a: Starting segment from index:0
2019-09-19 11:16:26,430 [d807390a-82a8-4cb9-8bc5-f0775ff05710:group-428410D42864:LeaderElection30] INFO  segmented.SegmentedRaftLogWorker (SegmentedRaftLogWorker.java:startLogSegment(380)) - d807390a-82a8-4cb9-8bc5-f0775ff05710-SegmentedRaftLogWorker:Storage Directory /workdir/hadoop-ozone/integration-test/target/test-dir/MiniOzoneClusterImpl-8515ba0f-6092-46e7-a8c4-ec3c572bc923/datanode-2/data/ratis/0862e42f-71bd-4162-af6a-428410d42864: Starting segment from index:0
2019-09-19 11:16:26,430 [5fa13453-57b5-4cad-91e0-01499166b24e:group-71522E47C69A:LeaderElection31] INFO  impl.RaftServerImpl (ServerState.java:setRaftConf(361)) - 5fa13453-57b5-4cad-91e0-01499166b24e:group-71522E47C69A set configuration 0: [5fa13453-57b5-4cad-91e0-01499166b24e:192.168.157.226:39923], old=null at 0
2019-09-19 11:16:26,466 [d807390a-82a8-4cb9-8bc5-f0775ff05710:group-428410D42864:LeaderElection30] INFO  impl.RaftServerImpl (ServerState.java:setRaftConf(361)) - d807390a-82a8-4cb9-8bc5-f0775ff05710:group-428410D42864 set configuration 0: [d807390a-82a8-4cb9-8bc5-f0775ff05710:192.168.157.226:36100], old=null at 0
2019-09-19 11:16:26,478 [5fa13453-57b5-4cad-91e0-01499166b24e-SegmentedRaftLogWorker:Storage Directory /workdir/hadoop-ozone/integration-test/target/test-dir/MiniOzoneClusterImpl-8515ba0f-6092-46e7-a8c4-ec3c572bc923/datanode-1/data/ratis/eabfd7e0-5d6d-4f5e-b7db-71522e47c69a] INFO  segmented.SegmentedRaftLogWorker (SegmentedRaftLogWorker.java:execute(569)) - 5fa13453-57b5-4cad-91e0-01499166b24e-SegmentedRaftLogWorker:Storage Directory /workdir/hadoop-ozone/integration-test/target/test-dir/MiniOzoneClusterImpl-8515ba0f-6092-46e7-a8c4-ec3c572bc923/datanode-1/data/ratis/eabfd7e0-5d6d-4f5e-b7db-71522e47c69a: created new log segment /workdir/hadoop-ozone/integration-test/target/test-dir/MiniOzoneClusterImpl-8515ba0f-6092-46e7-a8c4-ec3c572bc923/datanode-1/data/ratis/eabfd7e0-5d6d-4f5e-b7db-71522e47c69a/current/log_inprogress_0
2019-09-19 11:16:26,478 [d807390a-82a8-4cb9-8bc5-f0775ff05710-SegmentedRaftLogWorker:Storage Directory /workdir/hadoop-ozone/integration-test/target/test-dir/MiniOzoneClusterImpl-8515ba0f-6092-46e7-a8c4-ec3c572bc923/datanode-2/data/ratis/0862e42f-71bd-4162-af6a-428410d42864] INFO  segmented.SegmentedRaftLogWorker (SegmentedRaftLogWorker.java:execute(569)) - d807390a-82a8-4cb9-8bc5-f0775ff05710-SegmentedRaftLogWorker:Storage Directory /workdir/hadoop-ozone/integration-test/target/test-dir/MiniOzoneClusterImpl-8515ba0f-6092-46e7-a8c4-ec3c572bc923/datanode-2/data/ratis/0862e42f-71bd-4162-af6a-428410d42864: created new log segment /workdir/hadoop-ozone/integration-test/target/test-dir/MiniOzoneClusterImpl-8515ba0f-6092-46e7-a8c4-ec3c572bc923/datanode-2/data/ratis/0862e42f-71bd-4162-af6a-428410d42864/current/log_inprogress_0
2019-09-19 11:16:26,505 [Thread-478] INFO  impl.FollowerState (FollowerState.java:run(106)) - d807390a-82a8-4cb9-8bc5-f0775ff05710:group-5B182EF7B338 changes to CANDIDATE, lastRpcTime:5194, electionTimeout:5194ms
2019-09-19 11:16:26,505 [Thread-478] INFO  impl.RoleInfo (RoleInfo.java:shutdownFollowerState(121)) - d807390a-82a8-4cb9-8bc5-f0775ff05710: shutdown FollowerState
2019-09-19 11:16:26,505 [Thread-478] INFO  impl.RaftServerImpl (RaftServerImpl.java:setRole(171)) - d807390a-82a8-4cb9-8bc5-f0775ff05710:group-5B182EF7B338 changes role from FOLLOWER to CANDIDATE at term 0 for changeToCandidate
2019-09-19 11:16:26,505 [Thread-478] INFO  impl.RoleInfo (RoleInfo.java:updateAndGet(143)) - d807390a-82a8-4cb9-8bc5-f0775ff05710: start LeaderElection
2019-09-19 11:16:26,508 [Thread-484] INFO  impl.FollowerState (FollowerState.java:run(106)) - d807390a-82a8-4cb9-8bc5-f0775ff05710:group-1698D242E9CF changes to CANDIDATE, lastRpcTime:5102, electionTimeout:5100ms
2019-09-19 11:16:26,508 [Thread-484] INFO  impl.RoleInfo (RoleInfo.java:shutdownFollowerState(121)) - d807390a-82a8-4cb9-8bc5-f0775ff05710: shutdown FollowerState
2019-09-19 11:16:26,508 [Thread-484] INFO  impl.RaftServerImpl (RaftServerImpl.java:setRole(171)) - d807390a-82a8-4cb9-8bc5-f0775ff05710:group-1698D242E9CF changes role from FOLLOWER to CANDIDATE at term 0 for changeToCandidate
2019-09-19 11:16:26,509 [Thread-484] INFO  impl.RoleInfo (RoleInfo.java:updateAndGet(143)) - d807390a-82a8-4cb9-8bc5-f0775ff05710: start LeaderElection
2019-09-19 11:16:26,522 [d807390a-82a8-4cb9-8bc5-f0775ff05710:group-5B182EF7B338:LeaderElection32] INFO  impl.LeaderElection (LeaderElection.java:askForVotes(181)) - d807390a-82a8-4cb9-8bc5-f0775ff05710:group-5B182EF7B338:LeaderElection32: begin an election at term 1 for -1: [d807390a-82a8-4cb9-8bc5-f0775ff05710:192.168.157.226:36100], old=null
2019-09-19 11:16:26,522 [d807390a-82a8-4cb9-8bc5-f0775ff05710:group-1698D242E9CF:LeaderElection33] INFO  impl.LeaderElection (LeaderElection.java:askForVotes(181)) - d807390a-82a8-4cb9-8bc5-f0775ff05710:group-1698D242E9CF:LeaderElection33: begin an election at term 1 for -1: [d807390a-82a8-4cb9-8bc5-f0775ff05710:192.168.157.226:36100], old=null
2019-09-19 11:16:26,522 [d807390a-82a8-4cb9-8bc5-f0775ff05710:group-5B182EF7B338:LeaderElection32] INFO  impl.RoleInfo (RoleInfo.java:shutdownLeaderElection(134)) - d807390a-82a8-4cb9-8bc5-f0775ff05710: shutdown LeaderElection
2019-09-19 11:16:26,522 [d807390a-82a8-4cb9-8bc5-f0775ff05710:group-1698D242E9CF:LeaderElection33] INFO  impl.RoleInfo (RoleInfo.java:shutdownLeaderElection(134)) - d807390a-82a8-4cb9-8bc5-f0775ff05710: shutdown LeaderElection
2019-09-19 11:16:26,522 [d807390a-82a8-4cb9-8bc5-f0775ff05710:group-5B182EF7B338:LeaderElection32] INFO  impl.RaftServerImpl (RaftServerImpl.java:setRole(171)) - d807390a-82a8-4cb9-8bc5-f0775ff05710:group-5B182EF7B338 changes role from CANDIDATE to LEADER at term 1 for changeToLeader
2019-09-19 11:16:26,522 [d807390a-82a8-4cb9-8bc5-f0775ff05710:group-1698D242E9CF:LeaderElection33] INFO  impl.RaftServerImpl (RaftServerImpl.java:setRole(171)) - d807390a-82a8-4cb9-8bc5-f0775ff05710:group-1698D242E9CF changes role from CANDIDATE to LEADER at term 1 for changeToLeader
2019-09-19 11:16:26,523 [d807390a-82a8-4cb9-8bc5-f0775ff05710:group-5B182EF7B338:LeaderElection32] INFO  impl.RaftServerImpl (ServerState.java:setLeader(263)) - d807390a-82a8-4cb9-8bc5-f0775ff05710:group-5B182EF7B338 change Leader from null to d807390a-82a8-4cb9-8bc5-f0775ff05710 at term 1 for becomeLeader, leader elected after 5216ms
2019-09-19 11:16:26,523 [d807390a-82a8-4cb9-8bc5-f0775ff05710:group-1698D242E9CF:LeaderElection33] INFO  impl.RaftServerImpl (ServerState.java:setLeader(263)) - d807390a-82a8-4cb9-8bc5-f0775ff05710:group-1698D242E9CF change Leader from null to d807390a-82a8-4cb9-8bc5-f0775ff05710 at term 1 for becomeLeader, leader elected after 5121ms
2019-09-19 11:16:26,523 [d807390a-82a8-4cb9-8bc5-f0775ff05710:group-5B182EF7B338:LeaderElection32] INFO  server.RaftServerConfigKeys (ConfUtils.java:logGet(43)) - raft.server.staging.catchup.gap = 1000 (default)
2019-09-19 11:16:26,523 [d807390a-82a8-4cb9-8bc5-f0775ff05710:group-1698D242E9CF:LeaderElection33] INFO  server.RaftServerConfigKeys (ConfUtils.java:logGet(43)) - raft.server.staging.catchup.gap = 1000 (default)
2019-09-19 11:16:26,523 [d807390a-82a8-4cb9-8bc5-f0775ff05710:group-5B182EF7B338:LeaderElection32] INFO  server.RaftServerConfigKeys (ConfUtils.java:logGet(43)) - raft.server.rpc.sleep.time = 25ms (default)
2019-09-19 11:16:26,523 [d807390a-82a8-4cb9-8bc5-f0775ff05710:group-1698D242E9CF:LeaderElection33] INFO  server.RaftServerConfigKeys (ConfUtils.java:logGet(43)) - raft.server.rpc.sleep.time = 25ms (default)
2019-09-19 11:16:26,523 [d807390a-82a8-4cb9-8bc5-f0775ff05710:group-5B182EF7B338:LeaderElection32] INFO  server.RaftServerConfigKeys (ConfUtils.java:logGet(43)) - raft.server.write.element-limit = 4096 (default)
2019-09-19 11:16:26,523 [d807390a-82a8-4cb9-8bc5-f0775ff05710:group-1698D242E9CF:LeaderElection33] INFO  server.RaftServerConfigKeys (ConfUtils.java:logGet(43)) - raft.server.write.element-limit = 4096 (default)
2019-09-19 11:16:26,523 [d807390a-82a8-4cb9-8bc5-f0775ff05710:group-5B182EF7B338:LeaderElection32] INFO  server.RaftServerConfigKeys (ConfUtils.java:logGet(43)) - raft.server.watch.timeout = 10s (default)
2019-09-19 11:16:26,523 [d807390a-82a8-4cb9-8bc5-f0775ff05710:group-1698D242E9CF:LeaderElection33] INFO  server.RaftServerConfigKeys (ConfUtils.java:logGet(43)) - raft.server.watch.timeout = 10s (default)
2019-09-19 11:16:26,524 [d807390a-82a8-4cb9-8bc5-f0775ff05710:group-5B182EF7B338:LeaderElection32] INFO  server.RaftServerConfigKeys (ConfUtils.java:logGet(43)) - raft.server.watch.timeout.denomination = 1s (default)
2019-09-19 11:16:26,524 [d807390a-82a8-4cb9-8bc5-f0775ff05710:group-1698D242E9CF:LeaderElection33] INFO  server.RaftServerConfigKeys (ConfUtils.java:logGet(43)) - raft.server.watch.timeout.denomination = 1s (default)
2019-09-19 11:16:26,524 [d807390a-82a8-4cb9-8bc5-f0775ff05710:group-5B182EF7B338:LeaderElection32] INFO  server.RaftServerConfigKeys (ConfUtils.java:logGet(43)) - raft.server.watch.element-limit = 65536 (default)
2019-09-19 11:16:26,524 [d807390a-82a8-4cb9-8bc5-f0775ff05710:group-1698D242E9CF:LeaderElection33] INFO  server.RaftServerConfigKeys (ConfUtils.java:logGet(43)) - raft.server.watch.element-limit = 65536 (default)
2019-09-19 11:16:26,524 [d807390a-82a8-4cb9-8bc5-f0775ff05710:group-5B182EF7B338:LeaderElection32] INFO  impl.RoleInfo (RoleInfo.java:updateAndGet(143)) - d807390a-82a8-4cb9-8bc5-f0775ff05710: start LeaderState
2019-09-19 11:16:26,524 [d807390a-82a8-4cb9-8bc5-f0775ff05710:group-1698D242E9CF:LeaderElection33] INFO  impl.RoleInfo (RoleInfo.java:updateAndGet(143)) - d807390a-82a8-4cb9-8bc5-f0775ff05710: start LeaderState
2019-09-19 11:16:26,525 [d807390a-82a8-4cb9-8bc5-f0775ff05710:group-1698D242E9CF:LeaderElection33] INFO  segmented.SegmentedRaftLogWorker (SegmentedRaftLogWorker.java:startLogSegment(380)) - d807390a-82a8-4cb9-8bc5-f0775ff05710-SegmentedRaftLogWorker:Storage Directory /workdir/hadoop-ozone/integration-test/target/test-dir/MiniOzoneClusterImpl-8515ba0f-6092-46e7-a8c4-ec3c572bc923/datanode-2/data/ratis/ba782029-484c-43b9-91e6-1698d242e9cf: Starting segment from index:0
2019-09-19 11:16:26,525 [d807390a-82a8-4cb9-8bc5-f0775ff05710:group-5B182EF7B338:LeaderElection32] INFO  segmented.SegmentedRaftLogWorker (SegmentedRaftLogWorker.java:startLogSegment(380)) - d807390a-82a8-4cb9-8bc5-f0775ff05710-SegmentedRaftLogWorker:Storage Directory /workdir/hadoop-ozone/integration-test/target/test-dir/MiniOzoneClusterImpl-8515ba0f-6092-46e7-a8c4-ec3c572bc923/datanode-2/data/ratis/dc213c03-a1ca-4761-b6a7-5b182ef7b338: Starting segment from index:0
2019-09-19 11:16:26,525 [d807390a-82a8-4cb9-8bc5-f0775ff05710:group-1698D242E9CF:LeaderElection33] INFO  impl.RaftServerImpl (ServerState.java:setRaftConf(361)) - d807390a-82a8-4cb9-8bc5-f0775ff05710:group-1698D242E9CF set configuration 0: [d807390a-82a8-4cb9-8bc5-f0775ff05710:192.168.157.226:36100], old=null at 0
2019-09-19 11:16:26,525 [d807390a-82a8-4cb9-8bc5-f0775ff05710:group-5B182EF7B338:LeaderElection32] INFO  impl.RaftServerImpl (ServerState.java:setRaftConf(361)) - d807390a-82a8-4cb9-8bc5-f0775ff05710:group-5B182EF7B338 set configuration 0: [d807390a-82a8-4cb9-8bc5-f0775ff05710:192.168.157.226:36100], old=null at 0
2019-09-19 11:16:26,557 [Thread-487] INFO  impl.FollowerState (FollowerState.java:run(106)) - d807390a-82a8-4cb9-8bc5-f0775ff05710:group-728C63D737AB changes to CANDIDATE, lastRpcTime:5102, electionTimeout:5079ms
2019-09-19 11:16:26,558 [Thread-487] INFO  impl.RoleInfo (RoleInfo.java:shutdownFollowerState(121)) - d807390a-82a8-4cb9-8bc5-f0775ff05710: shutdown FollowerState
2019-09-19 11:16:26,558 [Thread-487] INFO  impl.RaftServerImpl (RaftServerImpl.java:setRole(171)) - d807390a-82a8-4cb9-8bc5-f0775ff05710:group-728C63D737AB changes role from FOLLOWER to CANDIDATE at term 0 for changeToCandidate
2019-09-19 11:16:26,559 [Thread-487] INFO  impl.RoleInfo (RoleInfo.java:updateAndGet(143)) - d807390a-82a8-4cb9-8bc5-f0775ff05710: start LeaderElection
2019-09-19 11:16:26,560 [Thread-490] INFO  impl.FollowerState (FollowerState.java:run(106)) - d807390a-82a8-4cb9-8bc5-f0775ff05710:group-816C7A5584D9 changes to CANDIDATE, lastRpcTime:5053, electionTimeout:5053ms
2019-09-19 11:16:26,560 [Thread-490] INFO  impl.RoleInfo (RoleInfo.java:shutdownFollowerState(121)) - d807390a-82a8-4cb9-8bc5-f0775ff05710: shutdown FollowerState
2019-09-19 11:16:26,560 [Thread-490] INFO  impl.RaftServerImpl (RaftServerImpl.java:setRole(171)) - d807390a-82a8-4cb9-8bc5-f0775ff05710:group-816C7A5584D9 changes role from FOLLOWER to CANDIDATE at term 0 for changeToCandidate
2019-09-19 11:16:26,560 [Thread-490] INFO  impl.RoleInfo (RoleInfo.java:updateAndGet(143)) - d807390a-82a8-4cb9-8bc5-f0775ff05710: start LeaderElection
2019-09-19 11:16:26,566 [d807390a-82a8-4cb9-8bc5-f0775ff05710-SegmentedRaftLogWorker:Storage Directory /workdir/hadoop-ozone/integration-test/target/test-dir/MiniOzoneClusterImpl-8515ba0f-6092-46e7-a8c4-ec3c572bc923/datanode-2/data/ratis/dc213c03-a1ca-4761-b6a7-5b182ef7b338] INFO  segmented.SegmentedRaftLogWorker (SegmentedRaftLogWorker.java:execute(569)) - d807390a-82a8-4cb9-8bc5-f0775ff05710-SegmentedRaftLogWorker:Storage Directory /workdir/hadoop-ozone/integration-test/target/test-dir/MiniOzoneClusterImpl-8515ba0f-6092-46e7-a8c4-ec3c572bc923/datanode-2/data/ratis/dc213c03-a1ca-4761-b6a7-5b182ef7b338: created new log segment /workdir/hadoop-ozone/integration-test/target/test-dir/MiniOzoneClusterImpl-8515ba0f-6092-46e7-a8c4-ec3c572bc923/datanode-2/data/ratis/dc213c03-a1ca-4761-b6a7-5b182ef7b338/current/log_inprogress_0
2019-09-19 11:16:26,567 [d807390a-82a8-4cb9-8bc5-f0775ff05710:group-816C7A5584D9:LeaderElection35] INFO  impl.LeaderElection (LeaderElection.java:askForVotes(181)) - d807390a-82a8-4cb9-8bc5-f0775ff05710:group-816C7A5584D9:LeaderElection35: begin an election at term 1 for -1: [d807390a-82a8-4cb9-8bc5-f0775ff05710:192.168.157.226:36100], old=null
2019-09-19 11:16:26,567 [d807390a-82a8-4cb9-8bc5-f0775ff05710:group-728C63D737AB:LeaderElection34] INFO  impl.LeaderElection (LeaderElection.java:askForVotes(181)) - d807390a-82a8-4cb9-8bc5-f0775ff05710:group-728C63D737AB:LeaderElection34: begin an election at term 1 for -1: [d807390a-82a8-4cb9-8bc5-f0775ff05710:192.168.157.226:36100], old=null
2019-09-19 11:16:26,566 [d807390a-82a8-4cb9-8bc5-f0775ff05710-SegmentedRaftLogWorker:Storage Directory /workdir/hadoop-ozone/integration-test/target/test-dir/MiniOzoneClusterImpl-8515ba0f-6092-46e7-a8c4-ec3c572bc923/datanode-2/data/ratis/ba782029-484c-43b9-91e6-1698d242e9cf] INFO  segmented.SegmentedRaftLogWorker (SegmentedRaftLogWorker.java:execute(569)) - d807390a-82a8-4cb9-8bc5-f0775ff05710-SegmentedRaftLogWorker:Storage Directory /workdir/hadoop-ozone/integration-test/target/test-dir/MiniOzoneClusterImpl-8515ba0f-6092-46e7-a8c4-ec3c572bc923/datanode-2/data/ratis/ba782029-484c-43b9-91e6-1698d242e9cf: created new log segment /workdir/hadoop-ozone/integration-test/target/test-dir/MiniOzoneClusterImpl-8515ba0f-6092-46e7-a8c4-ec3c572bc923/datanode-2/data/ratis/ba782029-484c-43b9-91e6-1698d242e9cf/current/log_inprogress_0
2019-09-19 11:16:26,567 [d807390a-82a8-4cb9-8bc5-f0775ff05710:group-728C63D737AB:LeaderElection34] INFO  impl.RoleInfo (RoleInfo.java:shutdownLeaderElection(134)) - d807390a-82a8-4cb9-8bc5-f0775ff05710: shutdown LeaderElection
2019-09-19 11:16:26,567 [d807390a-82a8-4cb9-8bc5-f0775ff05710:group-816C7A5584D9:LeaderElection35] INFO  impl.RoleInfo (RoleInfo.java:shutdownLeaderElection(134)) - d807390a-82a8-4cb9-8bc5-f0775ff05710: shutdown LeaderElection
2019-09-19 11:16:26,567 [d807390a-82a8-4cb9-8bc5-f0775ff05710:group-728C63D737AB:LeaderElection34] INFO  impl.RaftServerImpl (RaftServerImpl.java:setRole(171)) - d807390a-82a8-4cb9-8bc5-f0775ff05710:group-728C63D737AB changes role from CANDIDATE to LEADER at term 1 for changeToLeader
2019-09-19 11:16:26,567 [d807390a-82a8-4cb9-8bc5-f0775ff05710:group-816C7A5584D9:LeaderElection35] INFO  impl.RaftServerImpl (RaftServerImpl.java:setRole(171)) - d807390a-82a8-4cb9-8bc5-f0775ff05710:group-816C7A5584D9 changes role from CANDIDATE to LEADER at term 1 for changeToLeader
2019-09-19 11:16:26,567 [d807390a-82a8-4cb9-8bc5-f0775ff05710:group-728C63D737AB:LeaderElection34] INFO  impl.RaftServerImpl (ServerState.java:setLeader(263)) - d807390a-82a8-4cb9-8bc5-f0775ff05710:group-728C63D737AB change Leader from null to d807390a-82a8-4cb9-8bc5-f0775ff05710 at term 1 for becomeLeader, leader elected after 5118ms
2019-09-19 11:16:26,567 [d807390a-82a8-4cb9-8bc5-f0775ff05710:group-816C7A5584D9:LeaderElection35] INFO  impl.RaftServerImpl (ServerState.java:setLeader(263)) - d807390a-82a8-4cb9-8bc5-f0775ff05710:group-816C7A5584D9 change Leader from null to d807390a-82a8-4cb9-8bc5-f0775ff05710 at term 1 for becomeLeader, leader elected after 5065ms
2019-09-19 11:16:26,568 [d807390a-82a8-4cb9-8bc5-f0775ff05710:group-728C63D737AB:LeaderElection34] INFO  server.RaftServerConfigKeys (ConfUtils.java:logGet(43)) - raft.server.staging.catchup.gap = 1000 (default)
2019-09-19 11:16:26,568 [d807390a-82a8-4cb9-8bc5-f0775ff05710:group-816C7A5584D9:LeaderElection35] INFO  server.RaftServerConfigKeys (ConfUtils.java:logGet(43)) - raft.server.staging.catchup.gap = 1000 (default)
2019-09-19 11:16:26,568 [d807390a-82a8-4cb9-8bc5-f0775ff05710:group-728C63D737AB:LeaderElection34] INFO  server.RaftServerConfigKeys (ConfUtils.java:logGet(43)) - raft.server.rpc.sleep.time = 25ms (default)
2019-09-19 11:16:26,568 [d807390a-82a8-4cb9-8bc5-f0775ff05710:group-816C7A5584D9:LeaderElection35] INFO  server.RaftServerConfigKeys (ConfUtils.java:logGet(43)) - raft.server.rpc.sleep.time = 25ms (default)
2019-09-19 11:16:26,568 [d807390a-82a8-4cb9-8bc5-f0775ff05710:group-816C7A5584D9:LeaderElection35] INFO  server.RaftServerConfigKeys (ConfUtils.java:logGet(43)) - raft.server.write.element-limit = 4096 (default)
2019-09-19 11:16:26,568 [d807390a-82a8-4cb9-8bc5-f0775ff05710:group-728C63D737AB:LeaderElection34] INFO  server.RaftServerConfigKeys (ConfUtils.java:logGet(43)) - raft.server.write.element-limit = 4096 (default)
2019-09-19 11:16:26,568 [d807390a-82a8-4cb9-8bc5-f0775ff05710:group-816C7A5584D9:LeaderElection35] INFO  server.RaftServerConfigKeys (ConfUtils.java:logGet(43)) - raft.server.watch.timeout = 10s (default)
2019-09-19 11:16:26,568 [d807390a-82a8-4cb9-8bc5-f0775ff05710:group-816C7A5584D9:LeaderElection35] INFO  server.RaftServerConfigKeys (ConfUtils.java:logGet(43)) - raft.server.watch.timeout.denomination = 1s (default)
2019-09-19 11:16:26,568 [d807390a-82a8-4cb9-8bc5-f0775ff05710:group-816C7A5584D9:LeaderElection35] INFO  server.RaftServerConfigKeys (ConfUtils.java:logGet(43)) - raft.server.watch.element-limit = 65536 (default)
2019-09-19 11:16:26,568 [d807390a-82a8-4cb9-8bc5-f0775ff05710:group-728C63D737AB:LeaderElection34] INFO  server.RaftServerConfigKeys (ConfUtils.java:logGet(43)) - raft.server.watch.timeout = 10s (default)
2019-09-19 11:16:26,569 [d807390a-82a8-4cb9-8bc5-f0775ff05710:group-728C63D737AB:LeaderElection34] INFO  server.RaftServerConfigKeys (ConfUtils.java:logGet(43)) - raft.server.watch.timeout.denomination = 1s (default)
2019-09-19 11:16:26,569 [d807390a-82a8-4cb9-8bc5-f0775ff05710:group-816C7A5584D9:LeaderElection35] INFO  impl.RoleInfo (RoleInfo.java:updateAndGet(143)) - d807390a-82a8-4cb9-8bc5-f0775ff05710: start LeaderState
2019-09-19 11:16:26,569 [d807390a-82a8-4cb9-8bc5-f0775ff05710:group-728C63D737AB:LeaderElection34] INFO  server.RaftServerConfigKeys (ConfUtils.java:logGet(43)) - raft.server.watch.element-limit = 65536 (default)
2019-09-19 11:16:26,569 [d807390a-82a8-4cb9-8bc5-f0775ff05710:group-816C7A5584D9:LeaderElection35] INFO  segmented.SegmentedRaftLogWorker (SegmentedRaftLogWorker.java:startLogSegment(380)) - d807390a-82a8-4cb9-8bc5-f0775ff05710-SegmentedRaftLogWorker:Storage Directory /workdir/hadoop-ozone/integration-test/target/test-dir/MiniOzoneClusterImpl-8515ba0f-6092-46e7-a8c4-ec3c572bc923/datanode-2/data/ratis/e03fb68b-5274-460b-9ceb-816c7a5584d9: Starting segment from index:0
2019-09-19 11:16:26,569 [d807390a-82a8-4cb9-8bc5-f0775ff05710:group-728C63D737AB:LeaderElection34] INFO  impl.RoleInfo (RoleInfo.java:updateAndGet(143)) - d807390a-82a8-4cb9-8bc5-f0775ff05710: start LeaderState
2019-09-19 11:16:26,569 [d807390a-82a8-4cb9-8bc5-f0775ff05710:group-728C63D737AB:LeaderElection34] INFO  segmented.SegmentedRaftLogWorker (SegmentedRaftLogWorker.java:startLogSegment(380)) - d807390a-82a8-4cb9-8bc5-f0775ff05710-SegmentedRaftLogWorker:Storage Directory /workdir/hadoop-ozone/integration-test/target/test-dir/MiniOzoneClusterImpl-8515ba0f-6092-46e7-a8c4-ec3c572bc923/datanode-2/data/ratis/c012e2f5-1f55-4791-84f0-728c63d737ab: Starting segment from index:0
2019-09-19 11:16:26,569 [d807390a-82a8-4cb9-8bc5-f0775ff05710:group-816C7A5584D9:LeaderElection35] INFO  impl.RaftServerImpl (ServerState.java:setRaftConf(361)) - d807390a-82a8-4cb9-8bc5-f0775ff05710:group-816C7A5584D9 set configuration 0: [d807390a-82a8-4cb9-8bc5-f0775ff05710:192.168.157.226:36100], old=null at 0
2019-09-19 11:16:26,593 [d807390a-82a8-4cb9-8bc5-f0775ff05710:group-728C63D737AB:LeaderElection34] INFO  impl.RaftServerImpl (ServerState.java:setRaftConf(361)) - d807390a-82a8-4cb9-8bc5-f0775ff05710:group-728C63D737AB set configuration 0: [d807390a-82a8-4cb9-8bc5-f0775ff05710:192.168.157.226:36100], old=null at 0
2019-09-19 11:16:26,624 [d807390a-82a8-4cb9-8bc5-f0775ff05710-SegmentedRaftLogWorker:Storage Directory /workdir/hadoop-ozone/integration-test/target/test-dir/MiniOzoneClusterImpl-8515ba0f-6092-46e7-a8c4-ec3c572bc923/datanode-2/data/ratis/e03fb68b-5274-460b-9ceb-816c7a5584d9] INFO  segmented.SegmentedRaftLogWorker (SegmentedRaftLogWorker.java:execute(569)) - d807390a-82a8-4cb9-8bc5-f0775ff05710-SegmentedRaftLogWorker:Storage Directory /workdir/hadoop-ozone/integration-test/target/test-dir/MiniOzoneClusterImpl-8515ba0f-6092-46e7-a8c4-ec3c572bc923/datanode-2/data/ratis/e03fb68b-5274-460b-9ceb-816c7a5584d9: created new log segment /workdir/hadoop-ozone/integration-test/target/test-dir/MiniOzoneClusterImpl-8515ba0f-6092-46e7-a8c4-ec3c572bc923/datanode-2/data/ratis/e03fb68b-5274-460b-9ceb-816c7a5584d9/current/log_inprogress_0
2019-09-19 11:16:26,749 [Thread-493] INFO  impl.FollowerState (FollowerState.java:run(106)) - d807390a-82a8-4cb9-8bc5-f0775ff05710:group-D140590B0CB5 changes to CANDIDATE, lastRpcTime:5191, electionTimeout:5191ms
2019-09-19 11:16:26,749 [Thread-493] INFO  impl.RoleInfo (RoleInfo.java:shutdownFollowerState(121)) - d807390a-82a8-4cb9-8bc5-f0775ff05710: shutdown FollowerState
2019-09-19 11:16:26,749 [Thread-493] INFO  impl.RaftServerImpl (RaftServerImpl.java:setRole(171)) - d807390a-82a8-4cb9-8bc5-f0775ff05710:group-D140590B0CB5 changes role from FOLLOWER to CANDIDATE at term 0 for changeToCandidate
2019-09-19 11:16:26,749 [Thread-493] INFO  impl.RoleInfo (RoleInfo.java:updateAndGet(143)) - d807390a-82a8-4cb9-8bc5-f0775ff05710: start LeaderElection
2019-09-19 11:16:27,062 [d807390a-82a8-4cb9-8bc5-f0775ff05710-SegmentedRaftLogWorker:Storage Directory /workdir/hadoop-ozone/integration-test/target/test-dir/MiniOzoneClusterImpl-8515ba0f-6092-46e7-a8c4-ec3c572bc923/datanode-2/data/ratis/c012e2f5-1f55-4791-84f0-728c63d737ab] INFO  segmented.SegmentedRaftLogWorker (SegmentedRaftLogWorker.java:execute(569)) - d807390a-82a8-4cb9-8bc5-f0775ff05710-SegmentedRaftLogWorker:Storage Directory /workdir/hadoop-ozone/integration-test/target/test-dir/MiniOzoneClusterImpl-8515ba0f-6092-46e7-a8c4-ec3c572bc923/datanode-2/data/ratis/c012e2f5-1f55-4791-84f0-728c63d737ab: created new log segment /workdir/hadoop-ozone/integration-test/target/test-dir/MiniOzoneClusterImpl-8515ba0f-6092-46e7-a8c4-ec3c572bc923/datanode-2/data/ratis/c012e2f5-1f55-4791-84f0-728c63d737ab/current/log_inprogress_0
2019-09-19 11:16:27,065 [d807390a-82a8-4cb9-8bc5-f0775ff05710:group-D140590B0CB5:LeaderElection36] INFO  impl.LeaderElection (LeaderElection.java:askForVotes(181)) - d807390a-82a8-4cb9-8bc5-f0775ff05710:group-D140590B0CB5:LeaderElection36: begin an election at term 1 for -1: [d807390a-82a8-4cb9-8bc5-f0775ff05710:192.168.157.226:36100], old=null
2019-09-19 11:16:27,066 [d807390a-82a8-4cb9-8bc5-f0775ff05710:group-D140590B0CB5:LeaderElection36] INFO  impl.RoleInfo (RoleInfo.java:shutdownLeaderElection(134)) - d807390a-82a8-4cb9-8bc5-f0775ff05710: shutdown LeaderElection
2019-09-19 11:16:27,066 [d807390a-82a8-4cb9-8bc5-f0775ff05710:group-D140590B0CB5:LeaderElection36] INFO  impl.RaftServerImpl (RaftServerImpl.java:setRole(171)) - d807390a-82a8-4cb9-8bc5-f0775ff05710:group-D140590B0CB5 changes role from CANDIDATE to LEADER at term 1 for changeToLeader
2019-09-19 11:16:27,066 [d807390a-82a8-4cb9-8bc5-f0775ff05710:group-D140590B0CB5:LeaderElection36] INFO  impl.RaftServerImpl (ServerState.java:setLeader(263)) - d807390a-82a8-4cb9-8bc5-f0775ff05710:group-D140590B0CB5 change Leader from null to d807390a-82a8-4cb9-8bc5-f0775ff05710 at term 1 for becomeLeader, leader elected after 5512ms
2019-09-19 11:16:27,066 [d807390a-82a8-4cb9-8bc5-f0775ff05710:group-D140590B0CB5:LeaderElection36] INFO  server.RaftServerConfigKeys (ConfUtils.java:logGet(43)) - raft.server.staging.catchup.gap = 1000 (default)
2019-09-19 11:16:27,067 [d807390a-82a8-4cb9-8bc5-f0775ff05710:group-D140590B0CB5:LeaderElection36] INFO  server.RaftServerConfigKeys (ConfUtils.java:logGet(43)) - raft.server.rpc.sleep.time = 25ms (default)
2019-09-19 11:16:27,067 [d807390a-82a8-4cb9-8bc5-f0775ff05710:group-D140590B0CB5:LeaderElection36] INFO  server.RaftServerConfigKeys (ConfUtils.java:logGet(43)) - raft.server.write.element-limit = 4096 (default)
2019-09-19 11:16:27,067 [d807390a-82a8-4cb9-8bc5-f0775ff05710:group-D140590B0CB5:LeaderElection36] INFO  server.RaftServerConfigKeys (ConfUtils.java:logGet(43)) - raft.server.watch.timeout = 10s (default)
2019-09-19 11:16:27,068 [d807390a-82a8-4cb9-8bc5-f0775ff05710:group-D140590B0CB5:LeaderElection36] INFO  server.RaftServerConfigKeys (ConfUtils.java:logGet(43)) - raft.server.watch.timeout.denomination = 1s (default)
2019-09-19 11:16:27,068 [d807390a-82a8-4cb9-8bc5-f0775ff05710:group-D140590B0CB5:LeaderElection36] INFO  server.RaftServerConfigKeys (ConfUtils.java:logGet(43)) - raft.server.watch.element-limit = 65536 (default)
2019-09-19 11:16:27,068 [d807390a-82a8-4cb9-8bc5-f0775ff05710:group-D140590B0CB5:LeaderElection36] INFO  impl.RoleInfo (RoleInfo.java:updateAndGet(143)) - d807390a-82a8-4cb9-8bc5-f0775ff05710: start LeaderState
2019-09-19 11:16:27,068 [d807390a-82a8-4cb9-8bc5-f0775ff05710:group-D140590B0CB5:LeaderElection36] INFO  segmented.SegmentedRaftLogWorker (SegmentedRaftLogWorker.java:startLogSegment(380)) - d807390a-82a8-4cb9-8bc5-f0775ff05710-SegmentedRaftLogWorker:Storage Directory /workdir/hadoop-ozone/integration-test/target/test-dir/MiniOzoneClusterImpl-8515ba0f-6092-46e7-a8c4-ec3c572bc923/datanode-2/data/ratis/b4a253ac-0b02-4082-be95-d140590b0cb5: Starting segment from index:0
2019-09-19 11:16:27,069 [d807390a-82a8-4cb9-8bc5-f0775ff05710:group-D140590B0CB5:LeaderElection36] INFO  impl.RaftServerImpl (ServerState.java:setRaftConf(361)) - d807390a-82a8-4cb9-8bc5-f0775ff05710:group-D140590B0CB5 set configuration 0: [d807390a-82a8-4cb9-8bc5-f0775ff05710:192.168.157.226:36100], old=null at 0
2019-09-19 11:16:27,111 [d807390a-82a8-4cb9-8bc5-f0775ff05710-SegmentedRaftLogWorker:Storage Directory /workdir/hadoop-ozone/integration-test/target/test-dir/MiniOzoneClusterImpl-8515ba0f-6092-46e7-a8c4-ec3c572bc923/datanode-2/data/ratis/b4a253ac-0b02-4082-be95-d140590b0cb5] INFO  segmented.SegmentedRaftLogWorker (SegmentedRaftLogWorker.java:execute(569)) - d807390a-82a8-4cb9-8bc5-f0775ff05710-SegmentedRaftLogWorker:Storage Directory /workdir/hadoop-ozone/integration-test/target/test-dir/MiniOzoneClusterImpl-8515ba0f-6092-46e7-a8c4-ec3c572bc923/datanode-2/data/ratis/b4a253ac-0b02-4082-be95-d140590b0cb5: created new log segment /workdir/hadoop-ozone/integration-test/target/test-dir/MiniOzoneClusterImpl-8515ba0f-6092-46e7-a8c4-ec3c572bc923/datanode-2/data/ratis/b4a253ac-0b02-4082-be95-d140590b0cb5/current/log_inprogress_0
2019-09-19 11:16:27,112 | INFO  | SCMAudit | user=jenkins1000 | ip=192.168.157.226 | op=SEND_HEARTBEAT {datanodeUUID=d807390a-82a8-4cb9-8bc5-f0775ff05710, command=[]} | ret=SUCCESS |  
2019-09-19 11:16:27,152 [main] INFO  ozoneimpl.OzoneContainer (OzoneContainer.java:stop(199)) - Attempting to stop container services.
2019-09-19 11:16:27,152 [ForkJoinPool.commonPool-worker-1] INFO  ozoneimpl.OzoneContainer (OzoneContainer.java:stop(199)) - Attempting to stop container services.
2019-09-19 11:16:27,153 [main] INFO  impl.RaftServerProxy (RaftServerProxy.java:lambda$close$4(314)) - 5fa13453-57b5-4cad-91e0-01499166b24e: close
2019-09-19 11:16:27,153 [ForkJoinPool.commonPool-worker-1] INFO  impl.RaftServerProxy (RaftServerProxy.java:lambda$close$4(314)) - 8cd5f598-2a46-400f-8a57-63ae7d396db4: close
2019-09-19 11:16:27,153 [main] INFO  impl.RaftServerImpl (RaftServerImpl.java:lambda$shutdown$3(245)) - 5fa13453-57b5-4cad-91e0-01499166b24e: shutdown group-BC82FB317C67
2019-09-19 11:16:27,153 [ForkJoinPool.commonPool-worker-1] INFO  impl.RaftServerImpl (RaftServerImpl.java:lambda$shutdown$3(245)) - 8cd5f598-2a46-400f-8a57-63ae7d396db4: shutdown group-C485C0D729CA
2019-09-19 11:16:27,154 [main] INFO  util.JmxRegister (JmxRegister.java:unregister(73)) - Successfully un-registered JMX Bean with object name Ratis:service=RaftServer,group=group-BC82FB317C67,id=5fa13453-57b5-4cad-91e0-01499166b24e
2019-09-19 11:16:27,154 [ForkJoinPool.commonPool-worker-1] INFO  util.JmxRegister (JmxRegister.java:unregister(73)) - Successfully un-registered JMX Bean with object name Ratis:service=RaftServer,group=group-C485C0D729CA,id=8cd5f598-2a46-400f-8a57-63ae7d396db4
2019-09-19 11:16:27,154 [main] INFO  impl.RoleInfo (RoleInfo.java:shutdownLeaderState(104)) - 5fa13453-57b5-4cad-91e0-01499166b24e: shutdown LeaderState
2019-09-19 11:16:27,154 [ForkJoinPool.commonPool-worker-1] INFO  impl.RoleInfo (RoleInfo.java:shutdownLeaderState(104)) - 8cd5f598-2a46-400f-8a57-63ae7d396db4: shutdown LeaderState
2019-09-19 11:16:27,155 [main] INFO  impl.PendingRequests (PendingRequests.java:sendNotLeaderResponses(202)) - 5fa13453-57b5-4cad-91e0-01499166b24e-PendingRequests: sendNotLeaderResponses
2019-09-19 11:16:27,155 [ForkJoinPool.commonPool-worker-1] INFO  impl.PendingRequests (PendingRequests.java:sendNotLeaderResponses(202)) - 8cd5f598-2a46-400f-8a57-63ae7d396db4-PendingRequests: sendNotLeaderResponses
2019-09-19 11:16:27,156 [main] INFO  impl.StateMachineUpdater (StateMachineUpdater.java:stopAndJoin(115)) - StateMachineUpdater:5fa13453-57b5-4cad-91e0-01499166b24e:group-BC82FB317C67: set stopIndex = 0
2019-09-19 11:16:27,163 [main] INFO  impl.RaftServerImpl (ServerState.java:close(394)) - 5fa13453-57b5-4cad-91e0-01499166b24e:group-BC82FB317C67 closes. The last applied log index is 0
2019-09-19 11:16:27,156 [ForkJoinPool.commonPool-worker-1] INFO  impl.StateMachineUpdater (StateMachineUpdater.java:stopAndJoin(115)) - StateMachineUpdater:8cd5f598-2a46-400f-8a57-63ae7d396db4:group-C485C0D729CA: set stopIndex = 0
2019-09-19 11:16:27,163 [ForkJoinPool.commonPool-worker-1] INFO  impl.RaftServerImpl (ServerState.java:close(394)) - 8cd5f598-2a46-400f-8a57-63ae7d396db4:group-C485C0D729CA closes. The last applied log index is 0
2019-09-19 11:16:27,163 [5fa13453-57b5-4cad-91e0-01499166b24e-SegmentedRaftLogWorker:Storage Directory /workdir/hadoop-ozone/integration-test/target/test-dir/MiniOzoneClusterImpl-8515ba0f-6092-46e7-a8c4-ec3c572bc923/datanode-1/data/ratis/382e838a-bade-456a-8db2-bc82fb317c67] INFO  segmented.SegmentedRaftLogWorker (SegmentedRaftLogWorker.java:run(313)) - 5fa13453-57b5-4cad-91e0-01499166b24e-SegmentedRaftLogWorker:Storage Directory /workdir/hadoop-ozone/integration-test/target/test-dir/MiniOzoneClusterImpl-8515ba0f-6092-46e7-a8c4-ec3c572bc923/datanode-1/data/ratis/382e838a-bade-456a-8db2-bc82fb317c67 was interrupted, exiting. There are 0 tasks remaining in the queue.
2019-09-19 11:16:27,164 [8cd5f598-2a46-400f-8a57-63ae7d396db4-SegmentedRaftLogWorker:Storage Directory /workdir/hadoop-ozone/integration-test/target/test-dir/MiniOzoneClusterImpl-8515ba0f-6092-46e7-a8c4-ec3c572bc923/datanode-0/data/ratis/d44c79ac-318d-41e2-8551-c485c0d729ca] INFO  segmented.SegmentedRaftLogWorker (SegmentedRaftLogWorker.java:run(313)) - 8cd5f598-2a46-400f-8a57-63ae7d396db4-SegmentedRaftLogWorker:Storage Directory /workdir/hadoop-ozone/integration-test/target/test-dir/MiniOzoneClusterImpl-8515ba0f-6092-46e7-a8c4-ec3c572bc923/datanode-0/data/ratis/d44c79ac-318d-41e2-8551-c485c0d729ca was interrupted, exiting. There are 0 tasks remaining in the queue.
2019-09-19 11:16:27,166 [main] INFO  segmented.SegmentedRaftLogWorker (SegmentedRaftLogWorker.java:close(228)) - 5fa13453-57b5-4cad-91e0-01499166b24e-SegmentedRaftLogWorker:Storage Directory /workdir/hadoop-ozone/integration-test/target/test-dir/MiniOzoneClusterImpl-8515ba0f-6092-46e7-a8c4-ec3c572bc923/datanode-1/data/ratis/382e838a-bade-456a-8db2-bc82fb317c67 close()
2019-09-19 11:16:27,166 [ForkJoinPool.commonPool-worker-1] INFO  segmented.SegmentedRaftLogWorker (SegmentedRaftLogWorker.java:close(228)) - 8cd5f598-2a46-400f-8a57-63ae7d396db4-SegmentedRaftLogWorker:Storage Directory /workdir/hadoop-ozone/integration-test/target/test-dir/MiniOzoneClusterImpl-8515ba0f-6092-46e7-a8c4-ec3c572bc923/datanode-0/data/ratis/d44c79ac-318d-41e2-8551-c485c0d729ca close()
2019-09-19 11:16:27,169 [main] INFO  impl.RaftServerImpl (RaftServerImpl.java:lambda$shutdown$3(245)) - 5fa13453-57b5-4cad-91e0-01499166b24e: shutdown group-B1BAF98953D9
2019-09-19 11:16:27,174 [ForkJoinPool.commonPool-worker-1] INFO  impl.RaftServerImpl (RaftServerImpl.java:lambda$shutdown$3(245)) - 8cd5f598-2a46-400f-8a57-63ae7d396db4: shutdown group-F550401D8AA6
2019-09-19 11:16:27,174 [main] INFO  util.JmxRegister (JmxRegister.java:unregister(73)) - Successfully un-registered JMX Bean with object name Ratis:service=RaftServer,group=group-B1BAF98953D9,id=5fa13453-57b5-4cad-91e0-01499166b24e
2019-09-19 11:16:27,175 [main] INFO  impl.RoleInfo (RoleInfo.java:shutdownLeaderState(104)) - 5fa13453-57b5-4cad-91e0-01499166b24e: shutdown LeaderState
2019-09-19 11:16:27,174 [ForkJoinPool.commonPool-worker-1] INFO  util.JmxRegister (JmxRegister.java:unregister(73)) - Successfully un-registered JMX Bean with object name Ratis:service=RaftServer,group=group-F550401D8AA6,id=8cd5f598-2a46-400f-8a57-63ae7d396db4
2019-09-19 11:16:27,175 [main] INFO  impl.PendingRequests (PendingRequests.java:sendNotLeaderResponses(202)) - 5fa13453-57b5-4cad-91e0-01499166b24e-PendingRequests: sendNotLeaderResponses
2019-09-19 11:16:27,175 [ForkJoinPool.commonPool-worker-1] INFO  impl.RoleInfo (RoleInfo.java:shutdownLeaderState(104)) - 8cd5f598-2a46-400f-8a57-63ae7d396db4: shutdown LeaderState
2019-09-19 11:16:27,176 [main] INFO  impl.StateMachineUpdater (StateMachineUpdater.java:stopAndJoin(115)) - StateMachineUpdater:5fa13453-57b5-4cad-91e0-01499166b24e:group-B1BAF98953D9: set stopIndex = 0
2019-09-19 11:16:27,176 [ForkJoinPool.commonPool-worker-1] INFO  impl.PendingRequests (PendingRequests.java:sendNotLeaderResponses(202)) - 8cd5f598-2a46-400f-8a57-63ae7d396db4-PendingRequests: sendNotLeaderResponses
2019-09-19 11:16:27,177 [main] INFO  impl.RaftServerImpl (ServerState.java:close(394)) - 5fa13453-57b5-4cad-91e0-01499166b24e:group-B1BAF98953D9 closes. The last applied log index is 0
2019-09-19 11:16:27,177 [ForkJoinPool.commonPool-worker-1] INFO  impl.StateMachineUpdater (StateMachineUpdater.java:stopAndJoin(115)) - StateMachineUpdater:8cd5f598-2a46-400f-8a57-63ae7d396db4:group-F550401D8AA6: set stopIndex = 0
2019-09-19 11:16:27,178 [5fa13453-57b5-4cad-91e0-01499166b24e-SegmentedRaftLogWorker:Storage Directory /workdir/hadoop-ozone/integration-test/target/test-dir/MiniOzoneClusterImpl-8515ba0f-6092-46e7-a8c4-ec3c572bc923/datanode-1/data/ratis/86e41a23-db87-4119-bea1-b1baf98953d9] INFO  segmented.SegmentedRaftLogWorker (SegmentedRaftLogWorker.java:run(313)) - 5fa13453-57b5-4cad-91e0-01499166b24e-SegmentedRaftLogWorker:Storage Directory /workdir/hadoop-ozone/integration-test/target/test-dir/MiniOzoneClusterImpl-8515ba0f-6092-46e7-a8c4-ec3c572bc923/datanode-1/data/ratis/86e41a23-db87-4119-bea1-b1baf98953d9 was interrupted, exiting. There are 0 tasks remaining in the queue.
2019-09-19 11:16:27,178 [ForkJoinPool.commonPool-worker-1] INFO  impl.RaftServerImpl (ServerState.java:close(394)) - 8cd5f598-2a46-400f-8a57-63ae7d396db4:group-F550401D8AA6 closes. The last applied log index is 0
2019-09-19 11:16:27,179 [main] INFO  segmented.SegmentedRaftLogWorker (SegmentedRaftLogWorker.java:close(228)) - 5fa13453-57b5-4cad-91e0-01499166b24e-SegmentedRaftLogWorker:Storage Directory /workdir/hadoop-ozone/integration-test/target/test-dir/MiniOzoneClusterImpl-8515ba0f-6092-46e7-a8c4-ec3c572bc923/datanode-1/data/ratis/86e41a23-db87-4119-bea1-b1baf98953d9 close()
2019-09-19 11:16:27,180 [8cd5f598-2a46-400f-8a57-63ae7d396db4-SegmentedRaftLogWorker:Storage Directory /workdir/hadoop-ozone/integration-test/target/test-dir/MiniOzoneClusterImpl-8515ba0f-6092-46e7-a8c4-ec3c572bc923/datanode-0/data/ratis/927f7bcc-bbdf-441b-8e0b-f550401d8aa6] INFO  segmented.SegmentedRaftLogWorker (SegmentedRaftLogWorker.java:run(313)) - 8cd5f598-2a46-400f-8a57-63ae7d396db4-SegmentedRaftLogWorker:Storage Directory /workdir/hadoop-ozone/integration-test/target/test-dir/MiniOzoneClusterImpl-8515ba0f-6092-46e7-a8c4-ec3c572bc923/datanode-0/data/ratis/927f7bcc-bbdf-441b-8e0b-f550401d8aa6 was interrupted, exiting. There are 0 tasks remaining in the queue.
2019-09-19 11:16:27,181 [main] INFO  impl.RaftServerImpl (RaftServerImpl.java:lambda$shutdown$3(245)) - 5fa13453-57b5-4cad-91e0-01499166b24e: shutdown group-33260947512B
2019-09-19 11:16:27,182 [ForkJoinPool.commonPool-worker-1] INFO  segmented.SegmentedRaftLogWorker (SegmentedRaftLogWorker.java:close(228)) - 8cd5f598-2a46-400f-8a57-63ae7d396db4-SegmentedRaftLogWorker:Storage Directory /workdir/hadoop-ozone/integration-test/target/test-dir/MiniOzoneClusterImpl-8515ba0f-6092-46e7-a8c4-ec3c572bc923/datanode-0/data/ratis/927f7bcc-bbdf-441b-8e0b-f550401d8aa6 close()
2019-09-19 11:16:27,183 [main] INFO  util.JmxRegister (JmxRegister.java:unregister(73)) - Successfully un-registered JMX Bean with object name Ratis:service=RaftServer,group=group-33260947512B,id=5fa13453-57b5-4cad-91e0-01499166b24e
2019-09-19 11:16:27,184 [ForkJoinPool.commonPool-worker-1] INFO  impl.RaftServerImpl (RaftServerImpl.java:lambda$shutdown$3(245)) - 8cd5f598-2a46-400f-8a57-63ae7d396db4: shutdown group-9ED8C6DCF5DC
2019-09-19 11:16:27,184 [main] INFO  impl.RoleInfo (RoleInfo.java:shutdownLeaderState(104)) - 5fa13453-57b5-4cad-91e0-01499166b24e: shutdown LeaderState
2019-09-19 11:16:27,184 [ForkJoinPool.commonPool-worker-1] INFO  util.JmxRegister (JmxRegister.java:unregister(73)) - Successfully un-registered JMX Bean with object name Ratis:service=RaftServer,group=group-9ED8C6DCF5DC,id=8cd5f598-2a46-400f-8a57-63ae7d396db4
2019-09-19 11:16:27,185 [main] INFO  impl.PendingRequests (PendingRequests.java:sendNotLeaderResponses(202)) - 5fa13453-57b5-4cad-91e0-01499166b24e-PendingRequests: sendNotLeaderResponses
2019-09-19 11:16:27,185 [ForkJoinPool.commonPool-worker-1] INFO  impl.RoleInfo (RoleInfo.java:shutdownLeaderState(104)) - 8cd5f598-2a46-400f-8a57-63ae7d396db4: shutdown LeaderState
2019-09-19 11:16:27,185 [main] INFO  impl.StateMachineUpdater (StateMachineUpdater.java:stopAndJoin(115)) - StateMachineUpdater:5fa13453-57b5-4cad-91e0-01499166b24e:group-33260947512B: set stopIndex = 0
2019-09-19 11:16:27,186 [ForkJoinPool.commonPool-worker-1] INFO  impl.PendingRequests (PendingRequests.java:sendNotLeaderResponses(202)) - 8cd5f598-2a46-400f-8a57-63ae7d396db4-PendingRequests: sendNotLeaderResponses
2019-09-19 11:16:27,186 [main] INFO  impl.RaftServerImpl (ServerState.java:close(394)) - 5fa13453-57b5-4cad-91e0-01499166b24e:group-33260947512B closes. The last applied log index is 0
2019-09-19 11:16:27,186 [ForkJoinPool.commonPool-worker-1] INFO  impl.StateMachineUpdater (StateMachineUpdater.java:stopAndJoin(115)) - StateMachineUpdater:8cd5f598-2a46-400f-8a57-63ae7d396db4:group-9ED8C6DCF5DC: set stopIndex = 0
2019-09-19 11:16:27,187 [5fa13453-57b5-4cad-91e0-01499166b24e-SegmentedRaftLogWorker:Storage Directory /workdir/hadoop-ozone/integration-test/target/test-dir/MiniOzoneClusterImpl-8515ba0f-6092-46e7-a8c4-ec3c572bc923/datanode-1/data/ratis/36f8d3df-4dd9-4aa7-a200-33260947512b] INFO  segmented.SegmentedRaftLogWorker (SegmentedRaftLogWorker.java:run(313)) - 5fa13453-57b5-4cad-91e0-01499166b24e-SegmentedRaftLogWorker:Storage Directory /workdir/hadoop-ozone/integration-test/target/test-dir/MiniOzoneClusterImpl-8515ba0f-6092-46e7-a8c4-ec3c572bc923/datanode-1/data/ratis/36f8d3df-4dd9-4aa7-a200-33260947512b was interrupted, exiting. There are 0 tasks remaining in the queue.
2019-09-19 11:16:27,187 [ForkJoinPool.commonPool-worker-1] INFO  impl.RaftServerImpl (ServerState.java:close(394)) - 8cd5f598-2a46-400f-8a57-63ae7d396db4:group-9ED8C6DCF5DC closes. The last applied log index is 0
2019-09-19 11:16:27,188 [main] INFO  segmented.SegmentedRaftLogWorker (SegmentedRaftLogWorker.java:close(228)) - 5fa13453-57b5-4cad-91e0-01499166b24e-SegmentedRaftLogWorker:Storage Directory /workdir/hadoop-ozone/integration-test/target/test-dir/MiniOzoneClusterImpl-8515ba0f-6092-46e7-a8c4-ec3c572bc923/datanode-1/data/ratis/36f8d3df-4dd9-4aa7-a200-33260947512b close()
2019-09-19 11:16:27,189 [8cd5f598-2a46-400f-8a57-63ae7d396db4-SegmentedRaftLogWorker:Storage Directory /workdir/hadoop-ozone/integration-test/target/test-dir/MiniOzoneClusterImpl-8515ba0f-6092-46e7-a8c4-ec3c572bc923/datanode-0/data/ratis/0cf99559-7195-40bf-a302-9ed8c6dcf5dc] INFO  segmented.SegmentedRaftLogWorker (SegmentedRaftLogWorker.java:run(313)) - 8cd5f598-2a46-400f-8a57-63ae7d396db4-SegmentedRaftLogWorker:Storage Directory /workdir/hadoop-ozone/integration-test/target/test-dir/MiniOzoneClusterImpl-8515ba0f-6092-46e7-a8c4-ec3c572bc923/datanode-0/data/ratis/0cf99559-7195-40bf-a302-9ed8c6dcf5dc was interrupted, exiting. There are 0 tasks remaining in the queue.
2019-09-19 11:16:27,190 [main] INFO  impl.RaftServerImpl (RaftServerImpl.java:lambda$shutdown$3(245)) - 5fa13453-57b5-4cad-91e0-01499166b24e: shutdown group-71522E47C69A
2019-09-19 11:16:27,191 [ForkJoinPool.commonPool-worker-1] INFO  segmented.SegmentedRaftLogWorker (SegmentedRaftLogWorker.java:close(228)) - 8cd5f598-2a46-400f-8a57-63ae7d396db4-SegmentedRaftLogWorker:Storage Directory /workdir/hadoop-ozone/integration-test/target/test-dir/MiniOzoneClusterImpl-8515ba0f-6092-46e7-a8c4-ec3c572bc923/datanode-0/data/ratis/0cf99559-7195-40bf-a302-9ed8c6dcf5dc close()
2019-09-19 11:16:27,191 [main] INFO  util.JmxRegister (JmxRegister.java:unregister(73)) - Successfully un-registered JMX Bean with object name Ratis:service=RaftServer,group=group-71522E47C69A,id=5fa13453-57b5-4cad-91e0-01499166b24e
2019-09-19 11:16:27,193 [main] INFO  impl.RoleInfo (RoleInfo.java:shutdownLeaderState(104)) - 5fa13453-57b5-4cad-91e0-01499166b24e: shutdown LeaderState
2019-09-19 11:16:27,193 [ForkJoinPool.commonPool-worker-1] INFO  impl.RaftServerImpl (RaftServerImpl.java:lambda$shutdown$3(245)) - 8cd5f598-2a46-400f-8a57-63ae7d396db4: shutdown group-53A0C3E7A385
2019-09-19 11:16:27,194 [main] INFO  impl.PendingRequests (PendingRequests.java:sendNotLeaderResponses(202)) - 5fa13453-57b5-4cad-91e0-01499166b24e-PendingRequests: sendNotLeaderResponses
2019-09-19 11:16:27,194 [ForkJoinPool.commonPool-worker-1] INFO  util.JmxRegister (JmxRegister.java:unregister(73)) - Successfully un-registered JMX Bean with object name Ratis:service=RaftServer,group=group-53A0C3E7A385,id=8cd5f598-2a46-400f-8a57-63ae7d396db4
2019-09-19 11:16:27,194 [main] INFO  impl.StateMachineUpdater (StateMachineUpdater.java:stopAndJoin(115)) - StateMachineUpdater:5fa13453-57b5-4cad-91e0-01499166b24e:group-71522E47C69A: set stopIndex = 0
2019-09-19 11:16:27,194 [ForkJoinPool.commonPool-worker-1] INFO  impl.RoleInfo (RoleInfo.java:shutdownLeaderState(104)) - 8cd5f598-2a46-400f-8a57-63ae7d396db4: shutdown LeaderState
2019-09-19 11:16:27,195 [main] INFO  impl.RaftServerImpl (ServerState.java:close(394)) - 5fa13453-57b5-4cad-91e0-01499166b24e:group-71522E47C69A closes. The last applied log index is 0
2019-09-19 11:16:27,195 [ForkJoinPool.commonPool-worker-1] INFO  impl.PendingRequests (PendingRequests.java:sendNotLeaderResponses(202)) - 8cd5f598-2a46-400f-8a57-63ae7d396db4-PendingRequests: sendNotLeaderResponses
2019-09-19 11:16:27,196 [5fa13453-57b5-4cad-91e0-01499166b24e-SegmentedRaftLogWorker:Storage Directory /workdir/hadoop-ozone/integration-test/target/test-dir/MiniOzoneClusterImpl-8515ba0f-6092-46e7-a8c4-ec3c572bc923/datanode-1/data/ratis/eabfd7e0-5d6d-4f5e-b7db-71522e47c69a] INFO  segmented.SegmentedRaftLogWorker (SegmentedRaftLogWorker.java:run(313)) - 5fa13453-57b5-4cad-91e0-01499166b24e-SegmentedRaftLogWorker:Storage Directory /workdir/hadoop-ozone/integration-test/target/test-dir/MiniOzoneClusterImpl-8515ba0f-6092-46e7-a8c4-ec3c572bc923/datanode-1/data/ratis/eabfd7e0-5d6d-4f5e-b7db-71522e47c69a was interrupted, exiting. There are 0 tasks remaining in the queue.
2019-09-19 11:16:27,196 [ForkJoinPool.commonPool-worker-1] INFO  impl.StateMachineUpdater (StateMachineUpdater.java:stopAndJoin(115)) - StateMachineUpdater:8cd5f598-2a46-400f-8a57-63ae7d396db4:group-53A0C3E7A385: set stopIndex = 0
2019-09-19 11:16:27,197 [main] INFO  segmented.SegmentedRaftLogWorker (SegmentedRaftLogWorker.java:close(228)) - 5fa13453-57b5-4cad-91e0-01499166b24e-SegmentedRaftLogWorker:Storage Directory /workdir/hadoop-ozone/integration-test/target/test-dir/MiniOzoneClusterImpl-8515ba0f-6092-46e7-a8c4-ec3c572bc923/datanode-1/data/ratis/eabfd7e0-5d6d-4f5e-b7db-71522e47c69a close()
2019-09-19 11:16:27,197 [ForkJoinPool.commonPool-worker-1] INFO  impl.RaftServerImpl (ServerState.java:close(394)) - 8cd5f598-2a46-400f-8a57-63ae7d396db4:group-53A0C3E7A385 closes. The last applied log index is 0
2019-09-19 11:16:27,199 [main] INFO  impl.RaftServerImpl (RaftServerImpl.java:lambda$shutdown$3(245)) - 5fa13453-57b5-4cad-91e0-01499166b24e: shutdown group-E355DE860E40
2019-09-19 11:16:27,199 [8cd5f598-2a46-400f-8a57-63ae7d396db4-SegmentedRaftLogWorker:Storage Directory /workdir/hadoop-ozone/integration-test/target/test-dir/MiniOzoneClusterImpl-8515ba0f-6092-46e7-a8c4-ec3c572bc923/datanode-0/data/ratis/96c7ca60-56f1-4c86-ab31-53a0c3e7a385] INFO  segmented.SegmentedRaftLogWorker (SegmentedRaftLogWorker.java:run(313)) - 8cd5f598-2a46-400f-8a57-63ae7d396db4-SegmentedRaftLogWorker:Storage Directory /workdir/hadoop-ozone/integration-test/target/test-dir/MiniOzoneClusterImpl-8515ba0f-6092-46e7-a8c4-ec3c572bc923/datanode-0/data/ratis/96c7ca60-56f1-4c86-ab31-53a0c3e7a385 was interrupted, exiting. There are 0 tasks remaining in the queue.
2019-09-19 11:16:27,199 [main] INFO  util.JmxRegister (JmxRegister.java:unregister(73)) - Successfully un-registered JMX Bean with object name Ratis:service=RaftServer,group=group-E355DE860E40,id=5fa13453-57b5-4cad-91e0-01499166b24e
2019-09-19 11:16:27,201 [ForkJoinPool.commonPool-worker-1] INFO  segmented.SegmentedRaftLogWorker (SegmentedRaftLogWorker.java:close(228)) - 8cd5f598-2a46-400f-8a57-63ae7d396db4-SegmentedRaftLogWorker:Storage Directory /workdir/hadoop-ozone/integration-test/target/test-dir/MiniOzoneClusterImpl-8515ba0f-6092-46e7-a8c4-ec3c572bc923/datanode-0/data/ratis/96c7ca60-56f1-4c86-ab31-53a0c3e7a385 close()
2019-09-19 11:16:27,201 [main] INFO  impl.RoleInfo (RoleInfo.java:shutdownLeaderState(104)) - 5fa13453-57b5-4cad-91e0-01499166b24e: shutdown LeaderState
2019-09-19 11:16:27,202 [ForkJoinPool.commonPool-worker-1] INFO  impl.RaftServerImpl (RaftServerImpl.java:lambda$shutdown$3(245)) - 8cd5f598-2a46-400f-8a57-63ae7d396db4: shutdown group-5B235B75A630
2019-09-19 11:16:27,203 [main] INFO  impl.PendingRequests (PendingRequests.java:sendNotLeaderResponses(202)) - 5fa13453-57b5-4cad-91e0-01499166b24e-PendingRequests: sendNotLeaderResponses
2019-09-19 11:16:27,203 [ForkJoinPool.commonPool-worker-1] INFO  util.JmxRegister (JmxRegister.java:unregister(73)) - Successfully un-registered JMX Bean with object name Ratis:service=RaftServer,group=group-5B235B75A630,id=8cd5f598-2a46-400f-8a57-63ae7d396db4
2019-09-19 11:16:27,204 [main] INFO  impl.StateMachineUpdater (StateMachineUpdater.java:stopAndJoin(115)) - StateMachineUpdater:5fa13453-57b5-4cad-91e0-01499166b24e:group-E355DE860E40: set stopIndex = 0
2019-09-19 11:16:27,204 [ForkJoinPool.commonPool-worker-1] INFO  impl.RoleInfo (RoleInfo.java:shutdownLeaderState(104)) - 8cd5f598-2a46-400f-8a57-63ae7d396db4: shutdown LeaderState
2019-09-19 11:16:27,204 [main] INFO  impl.RaftServerImpl (ServerState.java:close(394)) - 5fa13453-57b5-4cad-91e0-01499166b24e:group-E355DE860E40 closes. The last applied log index is 0
2019-09-19 11:16:27,205 [ForkJoinPool.commonPool-worker-1] INFO  impl.PendingRequests (PendingRequests.java:sendNotLeaderResponses(202)) - 8cd5f598-2a46-400f-8a57-63ae7d396db4-PendingRequests: sendNotLeaderResponses
2019-09-19 11:16:27,205 [5fa13453-57b5-4cad-91e0-01499166b24e-SegmentedRaftLogWorker:Storage Directory /workdir/hadoop-ozone/integration-test/target/test-dir/MiniOzoneClusterImpl-8515ba0f-6092-46e7-a8c4-ec3c572bc923/datanode-1/data/ratis/d744a825-9634-43d2-b26b-e355de860e40] INFO  segmented.SegmentedRaftLogWorker (SegmentedRaftLogWorker.java:run(313)) - 5fa13453-57b5-4cad-91e0-01499166b24e-SegmentedRaftLogWorker:Storage Directory /workdir/hadoop-ozone/integration-test/target/test-dir/MiniOzoneClusterImpl-8515ba0f-6092-46e7-a8c4-ec3c572bc923/datanode-1/data/ratis/d744a825-9634-43d2-b26b-e355de860e40 was interrupted, exiting. There are 0 tasks remaining in the queue.
2019-09-19 11:16:27,205 [ForkJoinPool.commonPool-worker-1] INFO  impl.StateMachineUpdater (StateMachineUpdater.java:stopAndJoin(115)) - StateMachineUpdater:8cd5f598-2a46-400f-8a57-63ae7d396db4:group-5B235B75A630: set stopIndex = 0
2019-09-19 11:16:27,207 [main] INFO  segmented.SegmentedRaftLogWorker (SegmentedRaftLogWorker.java:close(228)) - 5fa13453-57b5-4cad-91e0-01499166b24e-SegmentedRaftLogWorker:Storage Directory /workdir/hadoop-ozone/integration-test/target/test-dir/MiniOzoneClusterImpl-8515ba0f-6092-46e7-a8c4-ec3c572bc923/datanode-1/data/ratis/d744a825-9634-43d2-b26b-e355de860e40 close()
2019-09-19 11:16:27,207 [ForkJoinPool.commonPool-worker-1] INFO  impl.RaftServerImpl (ServerState.java:close(394)) - 8cd5f598-2a46-400f-8a57-63ae7d396db4:group-5B235B75A630 closes. The last applied log index is 0
2019-09-19 11:16:27,208 [main] INFO  impl.RaftServerImpl (RaftServerImpl.java:lambda$shutdown$3(245)) - 5fa13453-57b5-4cad-91e0-01499166b24e: shutdown group-9D1F9B8F1C35
2019-09-19 11:16:27,208 [8cd5f598-2a46-400f-8a57-63ae7d396db4-SegmentedRaftLogWorker:Storage Directory /workdir/hadoop-ozone/integration-test/target/test-dir/MiniOzoneClusterImpl-8515ba0f-6092-46e7-a8c4-ec3c572bc923/datanode-0/data/ratis/4fb740d4-b330-4719-8d07-5b235b75a630] INFO  segmented.SegmentedRaftLogWorker (SegmentedRaftLogWorker.java:run(313)) - 8cd5f598-2a46-400f-8a57-63ae7d396db4-SegmentedRaftLogWorker:Storage Directory /workdir/hadoop-ozone/integration-test/target/test-dir/MiniOzoneClusterImpl-8515ba0f-6092-46e7-a8c4-ec3c572bc923/datanode-0/data/ratis/4fb740d4-b330-4719-8d07-5b235b75a630 was interrupted, exiting. There are 0 tasks remaining in the queue.
2019-09-19 11:16:27,209 [main] INFO  util.JmxRegister (JmxRegister.java:unregister(73)) - Successfully un-registered JMX Bean with object name Ratis:service=RaftServer,group=group-9D1F9B8F1C35,id=5fa13453-57b5-4cad-91e0-01499166b24e
2019-09-19 11:16:27,210 [ForkJoinPool.commonPool-worker-1] INFO  segmented.SegmentedRaftLogWorker (SegmentedRaftLogWorker.java:close(228)) - 8cd5f598-2a46-400f-8a57-63ae7d396db4-SegmentedRaftLogWorker:Storage Directory /workdir/hadoop-ozone/integration-test/target/test-dir/MiniOzoneClusterImpl-8515ba0f-6092-46e7-a8c4-ec3c572bc923/datanode-0/data/ratis/4fb740d4-b330-4719-8d07-5b235b75a630 close()
2019-09-19 11:16:27,210 [main] INFO  impl.RoleInfo (RoleInfo.java:shutdownLeaderState(104)) - 5fa13453-57b5-4cad-91e0-01499166b24e: shutdown LeaderState
2019-09-19 11:16:27,215 [ForkJoinPool.commonPool-worker-1] INFO  impl.RaftServerImpl (RaftServerImpl.java:lambda$shutdown$3(245)) - 8cd5f598-2a46-400f-8a57-63ae7d396db4: shutdown group-32938C3E9DB5
2019-09-19 11:16:27,215 [main] INFO  impl.PendingRequests (PendingRequests.java:sendNotLeaderResponses(202)) - 5fa13453-57b5-4cad-91e0-01499166b24e-PendingRequests: sendNotLeaderResponses
2019-09-19 11:16:27,216 [ForkJoinPool.commonPool-worker-1] INFO  util.JmxRegister (JmxRegister.java:unregister(73)) - Successfully un-registered JMX Bean with object name Ratis:service=RaftServer,group=group-32938C3E9DB5,id=8cd5f598-2a46-400f-8a57-63ae7d396db4
2019-09-19 11:16:27,216 [main] INFO  impl.StateMachineUpdater (StateMachineUpdater.java:stopAndJoin(115)) - StateMachineUpdater:5fa13453-57b5-4cad-91e0-01499166b24e:group-9D1F9B8F1C35: set stopIndex = 0
2019-09-19 11:16:27,216 [ForkJoinPool.commonPool-worker-1] INFO  impl.RoleInfo (RoleInfo.java:shutdownLeaderState(104)) - 8cd5f598-2a46-400f-8a57-63ae7d396db4: shutdown LeaderState
2019-09-19 11:16:27,217 [main] INFO  impl.RaftServerImpl (ServerState.java:close(394)) - 5fa13453-57b5-4cad-91e0-01499166b24e:group-9D1F9B8F1C35 closes. The last applied log index is 0
2019-09-19 11:16:27,217 [ForkJoinPool.commonPool-worker-1] INFO  impl.PendingRequests (PendingRequests.java:sendNotLeaderResponses(202)) - 8cd5f598-2a46-400f-8a57-63ae7d396db4-PendingRequests: sendNotLeaderResponses
2019-09-19 11:16:27,217 [5fa13453-57b5-4cad-91e0-01499166b24e-SegmentedRaftLogWorker:Storage Directory /workdir/hadoop-ozone/integration-test/target/test-dir/MiniOzoneClusterImpl-8515ba0f-6092-46e7-a8c4-ec3c572bc923/datanode-1/data/ratis/fdcd2164-31ed-4d64-be6a-9d1f9b8f1c35] INFO  segmented.SegmentedRaftLogWorker (SegmentedRaftLogWorker.java:run(313)) - 5fa13453-57b5-4cad-91e0-01499166b24e-SegmentedRaftLogWorker:Storage Directory /workdir/hadoop-ozone/integration-test/target/test-dir/MiniOzoneClusterImpl-8515ba0f-6092-46e7-a8c4-ec3c572bc923/datanode-1/data/ratis/fdcd2164-31ed-4d64-be6a-9d1f9b8f1c35 was interrupted, exiting. There are 0 tasks remaining in the queue.
2019-09-19 11:16:27,217 [ForkJoinPool.commonPool-worker-1] INFO  impl.StateMachineUpdater (StateMachineUpdater.java:stopAndJoin(115)) - StateMachineUpdater:8cd5f598-2a46-400f-8a57-63ae7d396db4:group-32938C3E9DB5: set stopIndex = 0
2019-09-19 11:16:27,218 [main] INFO  segmented.SegmentedRaftLogWorker (SegmentedRaftLogWorker.java:close(228)) - 5fa13453-57b5-4cad-91e0-01499166b24e-SegmentedRaftLogWorker:Storage Directory /workdir/hadoop-ozone/integration-test/target/test-dir/MiniOzoneClusterImpl-8515ba0f-6092-46e7-a8c4-ec3c572bc923/datanode-1/data/ratis/fdcd2164-31ed-4d64-be6a-9d1f9b8f1c35 close()
2019-09-19 11:16:27,218 [ForkJoinPool.commonPool-worker-1] INFO  impl.RaftServerImpl (ServerState.java:close(394)) - 8cd5f598-2a46-400f-8a57-63ae7d396db4:group-32938C3E9DB5 closes. The last applied log index is 0
2019-09-19 11:16:27,218 [main] INFO  server.GrpcService (GrpcService.java:closeImpl(155)) - 5fa13453-57b5-4cad-91e0-01499166b24e: shutdown server with port 39923 now
2019-09-19 11:16:27,218 [8cd5f598-2a46-400f-8a57-63ae7d396db4-SegmentedRaftLogWorker:Storage Directory /workdir/hadoop-ozone/integration-test/target/test-dir/MiniOzoneClusterImpl-8515ba0f-6092-46e7-a8c4-ec3c572bc923/datanode-0/data/ratis/68e3ad90-a789-4ba6-8938-32938c3e9db5] INFO  segmented.SegmentedRaftLogWorker (SegmentedRaftLogWorker.java:run(313)) - 8cd5f598-2a46-400f-8a57-63ae7d396db4-SegmentedRaftLogWorker:Storage Directory /workdir/hadoop-ozone/integration-test/target/test-dir/MiniOzoneClusterImpl-8515ba0f-6092-46e7-a8c4-ec3c572bc923/datanode-0/data/ratis/68e3ad90-a789-4ba6-8938-32938c3e9db5 was interrupted, exiting. There are 0 tasks remaining in the queue.
2019-09-19 11:16:27,219 [ForkJoinPool.commonPool-worker-1] INFO  segmented.SegmentedRaftLogWorker (SegmentedRaftLogWorker.java:close(228)) - 8cd5f598-2a46-400f-8a57-63ae7d396db4-SegmentedRaftLogWorker:Storage Directory /workdir/hadoop-ozone/integration-test/target/test-dir/MiniOzoneClusterImpl-8515ba0f-6092-46e7-a8c4-ec3c572bc923/datanode-0/data/ratis/68e3ad90-a789-4ba6-8938-32938c3e9db5 close()
2019-09-19 11:16:27,220 [main] INFO  server.GrpcService (GrpcService.java:closeImpl(163)) - 5fa13453-57b5-4cad-91e0-01499166b24e: shutdown server with port 39923 successfully
2019-09-19 11:16:27,221 [ForkJoinPool.commonPool-worker-1] INFO  server.GrpcService (GrpcService.java:closeImpl(155)) - 8cd5f598-2a46-400f-8a57-63ae7d396db4: shutdown server with port 44184 now
2019-09-19 11:16:27,223 [ForkJoinPool.commonPool-worker-1] INFO  server.GrpcService (GrpcService.java:closeImpl(163)) - 8cd5f598-2a46-400f-8a57-63ae7d396db4: shutdown server with port 44184 successfully
2019-09-19 11:16:27,223 [main] INFO  utils.BackgroundService (BackgroundService.java:shutdown(148)) - Shutting down service BlockDeletingService
2019-09-19 11:16:27,225 [ForkJoinPool.commonPool-worker-1] INFO  utils.BackgroundService (BackgroundService.java:shutdown(148)) - Shutting down service BlockDeletingService
2019-09-19 11:16:27,226 [refreshUsed-/workdir/hadoop-ozone/integration-test/target/test-dir/MiniOzoneClusterImpl-8515ba0f-6092-46e7-a8c4-ec3c572bc923/datanode-0/data/containers] WARN  fs.CachingGetSpaceUsed (CachingGetSpaceUsed.java:run(183)) - Thread Interrupted waiting to refresh disk information: sleep interrupted
2019-09-19 11:16:27,227 [refreshUsed-/workdir/hadoop-ozone/integration-test/target/test-dir/MiniOzoneClusterImpl-8515ba0f-6092-46e7-a8c4-ec3c572bc923/datanode-1/data/containers] WARN  fs.CachingGetSpaceUsed (CachingGetSpaceUsed.java:run(183)) - Thread Interrupted waiting to refresh disk information: sleep interrupted
2019-09-19 11:16:27,248 [main] INFO  statemachine.DatanodeStateMachine (DatanodeStateMachine.java:stopDaemon(395)) - Ozone container server stopped.
2019-09-19 11:16:27,250 [main] INFO  handler.ContextHandler (ContextHandler.java:doStop(910)) - Stopped o.e.j.w.WebAppContext@7f42b194{/,null,UNAVAILABLE}{/hddsDatanode}
2019-09-19 11:16:27,251 [main] INFO  server.AbstractConnector (AbstractConnector.java:doStop(318)) - Stopped ServerConnector@8eb6f9a{HTTP/1.1,[http/1.1]}{0.0.0.0:0}
2019-09-19 11:16:27,252 [main] INFO  handler.ContextHandler (ContextHandler.java:doStop(910)) - Stopped o.e.j.s.ServletContextHandler@44faa4f2{/static,jar:file:/home/user/.m2/repository/org/apache/hadoop/hadoop-hdds-container-service/0.5.0-SNAPSHOT/hadoop-hdds-container-service-0.5.0-SNAPSHOT.jar!/webapps/static,UNAVAILABLE}
2019-09-19 11:16:27,252 [main] INFO  handler.ContextHandler (ContextHandler.java:doStop(910)) - Stopped o.e.j.s.ServletContextHandler@69b3886f{/logs,file:///workdir/hadoop-ozone/integration-test/target/log,UNAVAILABLE}
2019-09-19 11:16:27,253 [main] INFO  datanode.ObjectStoreHandler (ObjectStoreHandler.java:close(155)) - Closing ObjectStoreHandler.
2019-09-19 11:16:27,256 [ForkJoinPool.commonPool-worker-1] INFO  statemachine.DatanodeStateMachine (DatanodeStateMachine.java:stopDaemon(395)) - Ozone container server stopped.
2019-09-19 11:16:27,256 [main] INFO  ozone.HddsDatanodeService (HddsDatanodeService.java:stop(451)) - Stopped plug-in org.apache.hadoop.ozone.web.OzoneHddsDatanodeService@4cd7d5e1
2019-09-19 11:16:27,259 [ForkJoinPool.commonPool-worker-1] INFO  handler.ContextHandler (ContextHandler.java:doStop(910)) - Stopped o.e.j.w.WebAppContext@99a8de3{/,null,UNAVAILABLE}{/hddsDatanode}
2019-09-19 11:16:27,260 [ForkJoinPool.commonPool-worker-1] INFO  server.AbstractConnector (AbstractConnector.java:doStop(318)) - Stopped ServerConnector@87f501f{HTTP/1.1,[http/1.1]}{0.0.0.0:0}
2019-09-19 11:16:27,260 [ForkJoinPool.commonPool-worker-1] INFO  handler.ContextHandler (ContextHandler.java:doStop(910)) - Stopped o.e.j.s.ServletContextHandler@788e3702{/static,jar:file:/home/user/.m2/repository/org/apache/hadoop/hadoop-hdds-container-service/0.5.0-SNAPSHOT/hadoop-hdds-container-service-0.5.0-SNAPSHOT.jar!/webapps/static,UNAVAILABLE}
2019-09-19 11:16:27,261 [ForkJoinPool.commonPool-worker-1] INFO  handler.ContextHandler (ContextHandler.java:doStop(910)) - Stopped o.e.j.s.ServletContextHandler@e3899fd{/logs,file:///workdir/hadoop-ozone/integration-test/target/log,UNAVAILABLE}
2019-09-19 11:16:28,108 [Datanode State Machine Thread - 0] INFO  statemachine.DatanodeStateMachine (DatanodeStateMachine.java:lambda$startDaemon$0(350)) - Ozone container server started.
2019-09-19 11:16:32,259 [main] INFO  ozoneimpl.OzoneContainer (OzoneContainer.java:stop(199)) - Attempting to stop container services.
2019-09-19 11:16:32,260 [main] INFO  impl.RaftServerProxy (RaftServerProxy.java:lambda$close$4(314)) - d807390a-82a8-4cb9-8bc5-f0775ff05710: close
2019-09-19 11:16:32,261 [main] INFO  impl.RaftServerImpl (RaftServerImpl.java:lambda$shutdown$3(245)) - d807390a-82a8-4cb9-8bc5-f0775ff05710: shutdown group-D140590B0CB5
2019-09-19 11:16:32,262 [ForkJoinPool.commonPool-worker-0] INFO  impl.RaftServerImpl (RaftServerImpl.java:lambda$shutdown$3(245)) - d807390a-82a8-4cb9-8bc5-f0775ff05710: shutdown group-5B182EF7B338
2019-09-19 11:16:32,262 [main] INFO  util.JmxRegister (JmxRegister.java:unregister(73)) - Successfully un-registered JMX Bean with object name Ratis:service=RaftServer,group=group-D140590B0CB5,id=d807390a-82a8-4cb9-8bc5-f0775ff05710
2019-09-19 11:16:32,262 [ForkJoinPool.commonPool-worker-0] INFO  util.JmxRegister (JmxRegister.java:unregister(73)) - Successfully un-registered JMX Bean with object name Ratis:service=RaftServer,group=group-5B182EF7B338,id=d807390a-82a8-4cb9-8bc5-f0775ff05710
2019-09-19 11:16:32,263 [main] INFO  impl.RoleInfo (RoleInfo.java:shutdownLeaderState(104)) - d807390a-82a8-4cb9-8bc5-f0775ff05710: shutdown LeaderState
2019-09-19 11:16:32,263 [ForkJoinPool.commonPool-worker-0] INFO  impl.RoleInfo (RoleInfo.java:shutdownLeaderState(104)) - d807390a-82a8-4cb9-8bc5-f0775ff05710: shutdown LeaderState
2019-09-19 11:16:32,263 [main] INFO  impl.PendingRequests (PendingRequests.java:sendNotLeaderResponses(202)) - d807390a-82a8-4cb9-8bc5-f0775ff05710-PendingRequests: sendNotLeaderResponses
2019-09-19 11:16:32,263 [ForkJoinPool.commonPool-worker-0] INFO  impl.PendingRequests (PendingRequests.java:sendNotLeaderResponses(202)) - d807390a-82a8-4cb9-8bc5-f0775ff05710-PendingRequests: sendNotLeaderResponses
2019-09-19 11:16:32,264 [main] INFO  impl.StateMachineUpdater (StateMachineUpdater.java:stopAndJoin(115)) - StateMachineUpdater:d807390a-82a8-4cb9-8bc5-f0775ff05710:group-D140590B0CB5: set stopIndex = 0
2019-09-19 11:16:32,264 [ForkJoinPool.commonPool-worker-0] INFO  impl.StateMachineUpdater (StateMachineUpdater.java:stopAndJoin(115)) - StateMachineUpdater:d807390a-82a8-4cb9-8bc5-f0775ff05710:group-5B182EF7B338: set stopIndex = 0
2019-09-19 11:16:32,264 [main] INFO  impl.RaftServerImpl (ServerState.java:close(394)) - d807390a-82a8-4cb9-8bc5-f0775ff05710:group-D140590B0CB5 closes. The last applied log index is 0
2019-09-19 11:16:32,265 [ForkJoinPool.commonPool-worker-0] INFO  impl.RaftServerImpl (ServerState.java:close(394)) - d807390a-82a8-4cb9-8bc5-f0775ff05710:group-5B182EF7B338 closes. The last applied log index is 0
2019-09-19 11:16:32,265 [d807390a-82a8-4cb9-8bc5-f0775ff05710-SegmentedRaftLogWorker:Storage Directory /workdir/hadoop-ozone/integration-test/target/test-dir/MiniOzoneClusterImpl-8515ba0f-6092-46e7-a8c4-ec3c572bc923/datanode-2/data/ratis/b4a253ac-0b02-4082-be95-d140590b0cb5] INFO  segmented.SegmentedRaftLogWorker (SegmentedRaftLogWorker.java:run(313)) - d807390a-82a8-4cb9-8bc5-f0775ff05710-SegmentedRaftLogWorker:Storage Directory /workdir/hadoop-ozone/integration-test/target/test-dir/MiniOzoneClusterImpl-8515ba0f-6092-46e7-a8c4-ec3c572bc923/datanode-2/data/ratis/b4a253ac-0b02-4082-be95-d140590b0cb5 was interrupted, exiting. There are 0 tasks remaining in the queue.
2019-09-19 11:16:32,265 [d807390a-82a8-4cb9-8bc5-f0775ff05710-SegmentedRaftLogWorker:Storage Directory /workdir/hadoop-ozone/integration-test/target/test-dir/MiniOzoneClusterImpl-8515ba0f-6092-46e7-a8c4-ec3c572bc923/datanode-2/data/ratis/dc213c03-a1ca-4761-b6a7-5b182ef7b338] INFO  segmented.SegmentedRaftLogWorker (SegmentedRaftLogWorker.java:run(313)) - d807390a-82a8-4cb9-8bc5-f0775ff05710-SegmentedRaftLogWorker:Storage Directory /workdir/hadoop-ozone/integration-test/target/test-dir/MiniOzoneClusterImpl-8515ba0f-6092-46e7-a8c4-ec3c572bc923/datanode-2/data/ratis/dc213c03-a1ca-4761-b6a7-5b182ef7b338 was interrupted, exiting. There are 0 tasks remaining in the queue.
2019-09-19 11:16:32,266 [ForkJoinPool.commonPool-worker-0] INFO  segmented.SegmentedRaftLogWorker (SegmentedRaftLogWorker.java:close(228)) - d807390a-82a8-4cb9-8bc5-f0775ff05710-SegmentedRaftLogWorker:Storage Directory /workdir/hadoop-ozone/integration-test/target/test-dir/MiniOzoneClusterImpl-8515ba0f-6092-46e7-a8c4-ec3c572bc923/datanode-2/data/ratis/dc213c03-a1ca-4761-b6a7-5b182ef7b338 close()
2019-09-19 11:16:32,266 [main] INFO  segmented.SegmentedRaftLogWorker (SegmentedRaftLogWorker.java:close(228)) - d807390a-82a8-4cb9-8bc5-f0775ff05710-SegmentedRaftLogWorker:Storage Directory /workdir/hadoop-ozone/integration-test/target/test-dir/MiniOzoneClusterImpl-8515ba0f-6092-46e7-a8c4-ec3c572bc923/datanode-2/data/ratis/b4a253ac-0b02-4082-be95-d140590b0cb5 close()
2019-09-19 11:16:32,266 [ForkJoinPool.commonPool-worker-0] INFO  impl.RaftServerImpl (RaftServerImpl.java:lambda$shutdown$3(245)) - d807390a-82a8-4cb9-8bc5-f0775ff05710: shutdown group-428410D42864
2019-09-19 11:16:32,267 [main] INFO  impl.RaftServerImpl (RaftServerImpl.java:lambda$shutdown$3(245)) - d807390a-82a8-4cb9-8bc5-f0775ff05710: shutdown group-1698D242E9CF
2019-09-19 11:16:32,267 [ForkJoinPool.commonPool-worker-0] INFO  util.JmxRegister (JmxRegister.java:unregister(73)) - Successfully un-registered JMX Bean with object name Ratis:service=RaftServer,group=group-428410D42864,id=d807390a-82a8-4cb9-8bc5-f0775ff05710
2019-09-19 11:16:32,267 [main] INFO  util.JmxRegister (JmxRegister.java:unregister(73)) - Successfully un-registered JMX Bean with object name Ratis:service=RaftServer,group=group-1698D242E9CF,id=d807390a-82a8-4cb9-8bc5-f0775ff05710
2019-09-19 11:16:32,267 [ForkJoinPool.commonPool-worker-0] INFO  impl.RoleInfo (RoleInfo.java:shutdownLeaderState(104)) - d807390a-82a8-4cb9-8bc5-f0775ff05710: shutdown LeaderState
2019-09-19 11:16:32,268 [main] INFO  impl.RoleInfo (RoleInfo.java:shutdownLeaderState(104)) - d807390a-82a8-4cb9-8bc5-f0775ff05710: shutdown LeaderState
2019-09-19 11:16:32,268 [ForkJoinPool.commonPool-worker-0] INFO  impl.PendingRequests (PendingRequests.java:sendNotLeaderResponses(202)) - d807390a-82a8-4cb9-8bc5-f0775ff05710-PendingRequests: sendNotLeaderResponses
2019-09-19 11:16:32,268 [main] INFO  impl.PendingRequests (PendingRequests.java:sendNotLeaderResponses(202)) - d807390a-82a8-4cb9-8bc5-f0775ff05710-PendingRequests: sendNotLeaderResponses
2019-09-19 11:16:32,268 [ForkJoinPool.commonPool-worker-0] INFO  impl.StateMachineUpdater (StateMachineUpdater.java:stopAndJoin(115)) - StateMachineUpdater:d807390a-82a8-4cb9-8bc5-f0775ff05710:group-428410D42864: set stopIndex = 0
2019-09-19 11:16:32,269 [main] INFO  impl.StateMachineUpdater (StateMachineUpdater.java:stopAndJoin(115)) - StateMachineUpdater:d807390a-82a8-4cb9-8bc5-f0775ff05710:group-1698D242E9CF: set stopIndex = 0
2019-09-19 11:16:32,270 [main] INFO  impl.RaftServerImpl (ServerState.java:close(394)) - d807390a-82a8-4cb9-8bc5-f0775ff05710:group-1698D242E9CF closes. The last applied log index is 0
2019-09-19 11:16:32,269 [ForkJoinPool.commonPool-worker-0] INFO  impl.RaftServerImpl (ServerState.java:close(394)) - d807390a-82a8-4cb9-8bc5-f0775ff05710:group-428410D42864 closes. The last applied log index is 0
2019-09-19 11:16:32,271 [d807390a-82a8-4cb9-8bc5-f0775ff05710-SegmentedRaftLogWorker:Storage Directory /workdir/hadoop-ozone/integration-test/target/test-dir/MiniOzoneClusterImpl-8515ba0f-6092-46e7-a8c4-ec3c572bc923/datanode-2/data/ratis/ba782029-484c-43b9-91e6-1698d242e9cf] INFO  segmented.SegmentedRaftLogWorker (SegmentedRaftLogWorker.java:run(313)) - d807390a-82a8-4cb9-8bc5-f0775ff05710-SegmentedRaftLogWorker:Storage Directory /workdir/hadoop-ozone/integration-test/target/test-dir/MiniOzoneClusterImpl-8515ba0f-6092-46e7-a8c4-ec3c572bc923/datanode-2/data/ratis/ba782029-484c-43b9-91e6-1698d242e9cf was interrupted, exiting. There are 0 tasks remaining in the queue.
2019-09-19 11:16:32,271 [d807390a-82a8-4cb9-8bc5-f0775ff05710-SegmentedRaftLogWorker:Storage Directory /workdir/hadoop-ozone/integration-test/target/test-dir/MiniOzoneClusterImpl-8515ba0f-6092-46e7-a8c4-ec3c572bc923/datanode-2/data/ratis/0862e42f-71bd-4162-af6a-428410d42864] INFO  segmented.SegmentedRaftLogWorker (SegmentedRaftLogWorker.java:run(313)) - d807390a-82a8-4cb9-8bc5-f0775ff05710-SegmentedRaftLogWorker:Storage Directory /workdir/hadoop-ozone/integration-test/target/test-dir/MiniOzoneClusterImpl-8515ba0f-6092-46e7-a8c4-ec3c572bc923/datanode-2/data/ratis/0862e42f-71bd-4162-af6a-428410d42864 was interrupted, exiting. There are 0 tasks remaining in the queue.
2019-09-19 11:16:32,271 [main] INFO  segmented.SegmentedRaftLogWorker (SegmentedRaftLogWorker.java:close(228)) - d807390a-82a8-4cb9-8bc5-f0775ff05710-SegmentedRaftLogWorker:Storage Directory /workdir/hadoop-ozone/integration-test/target/test-dir/MiniOzoneClusterImpl-8515ba0f-6092-46e7-a8c4-ec3c572bc923/datanode-2/data/ratis/ba782029-484c-43b9-91e6-1698d242e9cf close()
2019-09-19 11:16:32,271 [ForkJoinPool.commonPool-worker-0] INFO  segmented.SegmentedRaftLogWorker (SegmentedRaftLogWorker.java:close(228)) - d807390a-82a8-4cb9-8bc5-f0775ff05710-SegmentedRaftLogWorker:Storage Directory /workdir/hadoop-ozone/integration-test/target/test-dir/MiniOzoneClusterImpl-8515ba0f-6092-46e7-a8c4-ec3c572bc923/datanode-2/data/ratis/0862e42f-71bd-4162-af6a-428410d42864 close()
2019-09-19 11:16:32,272 [main] INFO  impl.RaftServerImpl (RaftServerImpl.java:lambda$shutdown$3(245)) - d807390a-82a8-4cb9-8bc5-f0775ff05710: shutdown group-816C7A5584D9
2019-09-19 11:16:32,272 [main] INFO  util.JmxRegister (JmxRegister.java:unregister(73)) - Successfully un-registered JMX Bean with object name Ratis:service=RaftServer,group=group-816C7A5584D9,id=d807390a-82a8-4cb9-8bc5-f0775ff05710
2019-09-19 11:16:32,273 [main] INFO  impl.RoleInfo (RoleInfo.java:shutdownLeaderState(104)) - d807390a-82a8-4cb9-8bc5-f0775ff05710: shutdown LeaderState
2019-09-19 11:16:32,273 [main] INFO  impl.PendingRequests (PendingRequests.java:sendNotLeaderResponses(202)) - d807390a-82a8-4cb9-8bc5-f0775ff05710-PendingRequests: sendNotLeaderResponses
2019-09-19 11:16:32,274 [main] INFO  impl.StateMachineUpdater (StateMachineUpdater.java:stopAndJoin(115)) - StateMachineUpdater:d807390a-82a8-4cb9-8bc5-f0775ff05710:group-816C7A5584D9: set stopIndex = 0
2019-09-19 11:16:32,274 [main] INFO  impl.RaftServerImpl (ServerState.java:close(394)) - d807390a-82a8-4cb9-8bc5-f0775ff05710:group-816C7A5584D9 closes. The last applied log index is 0
2019-09-19 11:16:32,275 [d807390a-82a8-4cb9-8bc5-f0775ff05710-SegmentedRaftLogWorker:Storage Directory /workdir/hadoop-ozone/integration-test/target/test-dir/MiniOzoneClusterImpl-8515ba0f-6092-46e7-a8c4-ec3c572bc923/datanode-2/data/ratis/e03fb68b-5274-460b-9ceb-816c7a5584d9] INFO  segmented.SegmentedRaftLogWorker (SegmentedRaftLogWorker.java:run(313)) - d807390a-82a8-4cb9-8bc5-f0775ff05710-SegmentedRaftLogWorker:Storage Directory /workdir/hadoop-ozone/integration-test/target/test-dir/MiniOzoneClusterImpl-8515ba0f-6092-46e7-a8c4-ec3c572bc923/datanode-2/data/ratis/e03fb68b-5274-460b-9ceb-816c7a5584d9 was interrupted, exiting. There are 0 tasks remaining in the queue.
2019-09-19 11:16:32,275 [main] INFO  segmented.SegmentedRaftLogWorker (SegmentedRaftLogWorker.java:close(228)) - d807390a-82a8-4cb9-8bc5-f0775ff05710-SegmentedRaftLogWorker:Storage Directory /workdir/hadoop-ozone/integration-test/target/test-dir/MiniOzoneClusterImpl-8515ba0f-6092-46e7-a8c4-ec3c572bc923/datanode-2/data/ratis/e03fb68b-5274-460b-9ceb-816c7a5584d9 close()
2019-09-19 11:16:32,275 [main] INFO  impl.RaftServerImpl (RaftServerImpl.java:lambda$shutdown$3(245)) - d807390a-82a8-4cb9-8bc5-f0775ff05710: shutdown group-728C63D737AB
2019-09-19 11:16:32,276 [main] INFO  util.JmxRegister (JmxRegister.java:unregister(73)) - Successfully un-registered JMX Bean with object name Ratis:service=RaftServer,group=group-728C63D737AB,id=d807390a-82a8-4cb9-8bc5-f0775ff05710
2019-09-19 11:16:32,276 [main] INFO  impl.RoleInfo (RoleInfo.java:shutdownLeaderState(104)) - d807390a-82a8-4cb9-8bc5-f0775ff05710: shutdown LeaderState
2019-09-19 11:16:32,276 [main] INFO  impl.PendingRequests (PendingRequests.java:sendNotLeaderResponses(202)) - d807390a-82a8-4cb9-8bc5-f0775ff05710-PendingRequests: sendNotLeaderResponses
2019-09-19 11:16:32,277 [main] INFO  impl.StateMachineUpdater (StateMachineUpdater.java:stopAndJoin(115)) - StateMachineUpdater:d807390a-82a8-4cb9-8bc5-f0775ff05710:group-728C63D737AB: set stopIndex = 0
2019-09-19 11:16:32,277 [main] INFO  impl.RaftServerImpl (ServerState.java:close(394)) - d807390a-82a8-4cb9-8bc5-f0775ff05710:group-728C63D737AB closes. The last applied log index is 0
2019-09-19 11:16:32,278 [d807390a-82a8-4cb9-8bc5-f0775ff05710-SegmentedRaftLogWorker:Storage Directory /workdir/hadoop-ozone/integration-test/target/test-dir/MiniOzoneClusterImpl-8515ba0f-6092-46e7-a8c4-ec3c572bc923/datanode-2/data/ratis/c012e2f5-1f55-4791-84f0-728c63d737ab] INFO  segmented.SegmentedRaftLogWorker (SegmentedRaftLogWorker.java:run(313)) - d807390a-82a8-4cb9-8bc5-f0775ff05710-SegmentedRaftLogWorker:Storage Directory /workdir/hadoop-ozone/integration-test/target/test-dir/MiniOzoneClusterImpl-8515ba0f-6092-46e7-a8c4-ec3c572bc923/datanode-2/data/ratis/c012e2f5-1f55-4791-84f0-728c63d737ab was interrupted, exiting. There are 0 tasks remaining in the queue.
2019-09-19 11:16:32,278 [main] INFO  segmented.SegmentedRaftLogWorker (SegmentedRaftLogWorker.java:close(228)) - d807390a-82a8-4cb9-8bc5-f0775ff05710-SegmentedRaftLogWorker:Storage Directory /workdir/hadoop-ozone/integration-test/target/test-dir/MiniOzoneClusterImpl-8515ba0f-6092-46e7-a8c4-ec3c572bc923/datanode-2/data/ratis/c012e2f5-1f55-4791-84f0-728c63d737ab close()
2019-09-19 11:16:32,279 [main] INFO  server.GrpcService (GrpcService.java:closeImpl(155)) - d807390a-82a8-4cb9-8bc5-f0775ff05710: shutdown server with port 36100 now
2019-09-19 11:16:32,280 [main] INFO  server.GrpcService (GrpcService.java:closeImpl(163)) - d807390a-82a8-4cb9-8bc5-f0775ff05710: shutdown server with port 36100 successfully
2019-09-19 11:16:32,283 [main] INFO  utils.BackgroundService (BackgroundService.java:shutdown(148)) - Shutting down service BlockDeletingService
2019-09-19 11:16:32,287 [refreshUsed-/workdir/hadoop-ozone/integration-test/target/test-dir/MiniOzoneClusterImpl-8515ba0f-6092-46e7-a8c4-ec3c572bc923/datanode-2/data/containers] WARN  fs.CachingGetSpaceUsed (CachingGetSpaceUsed.java:run(183)) - Thread Interrupted waiting to refresh disk information: sleep interrupted
2019-09-19 11:16:32,313 [main] INFO  statemachine.DatanodeStateMachine (DatanodeStateMachine.java:stopDaemon(395)) - Ozone container server stopped.
2019-09-19 11:16:32,314 [main] INFO  handler.ContextHandler (ContextHandler.java:doStop(910)) - Stopped o.e.j.w.WebAppContext@4b476233{/,null,UNAVAILABLE}{/hddsDatanode}
2019-09-19 11:16:32,315 [main] INFO  server.AbstractConnector (AbstractConnector.java:doStop(318)) - Stopped ServerConnector@72fb989b{HTTP/1.1,[http/1.1]}{0.0.0.0:0}
2019-09-19 11:16:32,316 [main] INFO  handler.ContextHandler (ContextHandler.java:doStop(910)) - Stopped o.e.j.s.ServletContextHandler@3dea226b{/static,jar:file:/home/user/.m2/repository/org/apache/hadoop/hadoop-hdds-container-service/0.5.0-SNAPSHOT/hadoop-hdds-container-service-0.5.0-SNAPSHOT.jar!/webapps/static,UNAVAILABLE}
2019-09-19 11:16:32,317 [main] INFO  handler.ContextHandler (ContextHandler.java:doStop(910)) - Stopped o.e.j.s.ServletContextHandler@38f617f4{/logs,file:///workdir/hadoop-ozone/integration-test/target/log,UNAVAILABLE}
2019-09-19 11:16:32,318 [main] INFO  ozone.MiniOzoneClusterImpl (MiniOzoneClusterImpl.java:stop(353)) - Stopping the StorageContainerManager
2019-09-19 11:16:32,318 [main] INFO  server.StorageContainerManager (StorageContainerManager.java:stop(797)) - Stopping Replication Manager Service.
2019-09-19 11:16:32,318 [main] INFO  container.ReplicationManager (ReplicationManager.java:stop(192)) - Stopping Replication Monitor Thread.
2019-09-19 11:16:32,319 [main] INFO  server.StorageContainerManager (StorageContainerManager.java:stop(804)) - Stopping Lease Manager of the command watchers
2019-09-19 11:16:32,319 [main] INFO  server.StorageContainerManager (StorageContainerManager.java:stop(811)) - Stopping datanode service RPC server
2019-09-19 11:16:32,319 [main] INFO  server.SCMDatanodeProtocolServer (SCMDatanodeProtocolServer.java:stop(367)) - Stopping the RPC server for DataNodes
2019-09-19 11:16:32,320 [main] INFO  ipc.Server (Server.java:stop(3082)) - Stopping server on 33813
2019-09-19 11:16:32,323 [IPC Server listener on 33813] INFO  ipc.Server (Server.java:run(1185)) - Stopping IPC Server listener on 33813
2019-09-19 11:16:32,323 [IPC Server Responder] INFO  ipc.Server (Server.java:run(1319)) - Stopping IPC Server Responder
2019-09-19 11:16:32,406 [SCM Heartbeat Processing Thread - 0] WARN  node.NodeStateManager (NodeStateManager.java:scheduleNextHealthCheck(655)) - Current Thread is interrupted, shutting down HB processing thread for Node Manager.
2019-09-19 11:16:32,406 [main] INFO  server.StorageContainerManager (StorageContainerManager.java:stop(819)) - Stopping block service RPC server
2019-09-19 11:16:32,407 [main] INFO  server.SCMBlockProtocolServer (SCMBlockProtocolServer.java:stop(148)) - Stopping the RPC server for Block Protocol
2019-09-19 11:16:32,407 [main] INFO  ipc.Server (Server.java:stop(3082)) - Stopping server on 46453
2019-09-19 11:16:32,409 [IPC Server listener on 46453] INFO  ipc.Server (Server.java:run(1185)) - Stopping IPC Server listener on 46453
2019-09-19 11:16:32,409 [main] INFO  server.StorageContainerManager (StorageContainerManager.java:stop(826)) - Stopping the StorageContainerLocationProtocol RPC server
2019-09-19 11:16:32,410 [IPC Server Responder] INFO  ipc.Server (Server.java:run(1319)) - Stopping IPC Server Responder
2019-09-19 11:16:32,410 [main] INFO  server.SCMClientProtocolServer (SCMClientProtocolServer.java:stop(159)) - Stopping the RPC server for Client Protocol
2019-09-19 11:16:32,410 [main] INFO  ipc.Server (Server.java:stop(3082)) - Stopping server on 38108
2019-09-19 11:16:32,412 [IPC Server listener on 38108] INFO  ipc.Server (Server.java:run(1185)) - Stopping IPC Server listener on 38108
2019-09-19 11:16:32,412 [IPC Server Responder] INFO  ipc.Server (Server.java:run(1319)) - Stopping IPC Server Responder
2019-09-19 11:16:32,412 [main] INFO  server.StorageContainerManager (StorageContainerManager.java:stop(833)) - Stopping Storage Container Manager HTTP server.
2019-09-19 11:16:32,414 [main] INFO  handler.ContextHandler (ContextHandler.java:doStop(910)) - Stopped o.e.j.w.WebAppContext@14d8e132{/,null,UNAVAILABLE}{/scm}
2019-09-19 11:16:32,414 [main] INFO  server.AbstractConnector (AbstractConnector.java:doStop(318)) - Stopped ServerConnector@7f4a1cac{HTTP/1.1,[http/1.1]}{0.0.0.0:0}
2019-09-19 11:16:32,415 [main] INFO  handler.ContextHandler (ContextHandler.java:doStop(910)) - Stopped o.e.j.s.ServletContextHandler@755b5f30{/static,file:///workdir/hadoop-ozone/integration-test/target/test-classes/webapps/static,UNAVAILABLE}
2019-09-19 11:16:32,416 [main] INFO  handler.ContextHandler (ContextHandler.java:doStop(910)) - Stopped o.e.j.s.ServletContextHandler@785ed99c{/logs,file:///workdir/hadoop-ozone/integration-test/target/log,UNAVAILABLE}
2019-09-19 11:16:32,417 [main] INFO  server.StorageContainerManager (StorageContainerManager.java:stop(844)) - Stopping Block Manager Service.
2019-09-19 11:16:32,418 [main] INFO  utils.BackgroundService (BackgroundService.java:shutdown(148)) - Shutting down service SCMBlockDeletingService
2019-09-19 11:16:32,419 [main] INFO  utils.BackgroundService (BackgroundService.java:shutdown(148)) - Shutting down service SCMBlockDeletingService
2019-09-19 11:16:32,420 [main] INFO  server.StorageContainerManager (StorageContainerManager.java:stop(866)) - Stopping SCM Event Queue.
2019-09-19 11:16:32,424 [main] INFO  impl.MetricsSystemImpl (MetricsSystemImpl.java:stop(210)) - Stopping HddsDatanode metrics system...
2019-09-19 11:16:32,428 [main] INFO  impl.MetricsSystemImpl (MetricsSystemImpl.java:stop(216)) - HddsDatanode metrics system stopped.
]]></system-out>
    <system-err><![CDATA[Sep 19, 2019 11:16:16 AM com.sun.jersey.server.impl.application.WebApplicationImpl _initiate
INFO: Initiating Jersey application, version 'Jersey: 1.19 02/11/2015 03:25 AM'
Sep 19, 2019 11:16:16 AM com.sun.jersey.server.impl.application.WebApplicationImpl _initiate
INFO: Initiating Jersey application, version 'Jersey: 1.19 02/11/2015 03:25 AM'
Sep 19, 2019 11:16:16 AM com.sun.jersey.server.impl.application.WebApplicationImpl _initiate
INFO: Initiating Jersey application, version 'Jersey: 1.19 02/11/2015 03:25 AM'
]]></system-err>
  </testcase>
  <testcase name="testPipelineCloseWithClosedContainer" classname="org.apache.hadoop.hdds.scm.pipeline.TestPipelineClose" time="18.224">
    <error message="Could not allocate container. Cannot get any matching pipeline for Type:RATIS, Factor:THREE, State:PipelineState.OPEN" type="java.io.IOException">java.io.IOException: Could not allocate container. Cannot get any matching pipeline for Type:RATIS, Factor:THREE, State:PipelineState.OPEN
	at org.apache.hadoop.hdds.scm.container.ContainerStateManager.allocateContainer(ContainerStateManager.java:260)
	at org.apache.hadoop.hdds.scm.container.SCMContainerManager.allocateContainer(SCMContainerManager.java:247)
	at org.apache.hadoop.hdds.scm.pipeline.TestPipelineClose.init(TestPipelineClose.java:95)
	at sun.reflect.NativeMethodAccessorImpl.invoke0(Native Method)
	at sun.reflect.NativeMethodAccessorImpl.invoke(NativeMethodAccessorImpl.java:62)
	at sun.reflect.DelegatingMethodAccessorImpl.invoke(DelegatingMethodAccessorImpl.java:43)
	at java.lang.reflect.Method.invoke(Method.java:498)
	at org.junit.runners.model.FrameworkMethod$1.runReflectiveCall(FrameworkMethod.java:47)
	at org.junit.internal.runners.model.ReflectiveCallable.run(ReflectiveCallable.java:12)
	at org.junit.runners.model.FrameworkMethod.invokeExplosively(FrameworkMethod.java:44)
	at org.junit.internal.runners.statements.RunBefores.evaluate(RunBefores.java:24)
	at org.junit.internal.runners.statements.RunAfters.evaluate(RunAfters.java:27)
	at org.junit.runners.ParentRunner.runLeaf(ParentRunner.java:271)
	at org.junit.runners.BlockJUnit4ClassRunner.runChild(BlockJUnit4ClassRunner.java:70)
	at org.junit.runners.BlockJUnit4ClassRunner.runChild(BlockJUnit4ClassRunner.java:50)
	at org.junit.runners.ParentRunner$3.run(ParentRunner.java:238)
	at org.junit.runners.ParentRunner$1.schedule(ParentRunner.java:63)
	at org.junit.runners.ParentRunner.runChildren(ParentRunner.java:236)
	at org.junit.runners.ParentRunner.access$000(ParentRunner.java:53)
	at org.junit.runners.ParentRunner$2.evaluate(ParentRunner.java:229)
	at org.junit.runners.ParentRunner.run(ParentRunner.java:309)
	at org.apache.maven.surefire.junit4.JUnit4Provider.execute(JUnit4Provider.java:365)
	at org.apache.maven.surefire.junit4.JUnit4Provider.executeWithRerun(JUnit4Provider.java:273)
	at org.apache.maven.surefire.junit4.JUnit4Provider.executeTestSet(JUnit4Provider.java:238)
	at org.apache.maven.surefire.junit4.JUnit4Provider.invoke(JUnit4Provider.java:159)
	at org.apache.maven.surefire.booter.ForkedBooter.invokeProviderInSameClassLoader(ForkedBooter.java:384)
	at org.apache.maven.surefire.booter.ForkedBooter.runSuitesInProcess(ForkedBooter.java:345)
	at org.apache.maven.surefire.booter.ForkedBooter.execute(ForkedBooter.java:126)
	at org.apache.maven.surefire.booter.ForkedBooter.main(ForkedBooter.java:418)
</error>
    <system-out><![CDATA[2019-09-19 11:16:32,460 [main] WARN  server.ServerUtils (ServerUtils.java:getScmDbDir(145)) - ozone.scm.db.dirs is not configured. We recommend adding this setting. Falling back to ozone.metadata.dirs instead.
2019-09-19 11:16:32,503 [main] WARN  server.ServerUtils (ServerUtils.java:getScmDbDir(145)) - ozone.scm.db.dirs is not configured. We recommend adding this setting. Falling back to ozone.metadata.dirs instead.
2019-09-19 11:16:32,503 [main] WARN  server.ServerUtils (ServerUtils.java:getScmDbDir(145)) - ozone.scm.db.dirs is not configured. We recommend adding this setting. Falling back to ozone.metadata.dirs instead.
2019-09-19 11:16:32,504 [main] INFO  db.DBStoreBuilder (DBStoreBuilder.java:addTable(110)) - using custom profile for table: deletedBlocks
2019-09-19 11:16:32,504 [main] INFO  db.DBStoreBuilder (DBStoreBuilder.java:processTables(161)) - Using default column profile:DBProfile.DISK for Table:deletedBlocks
2019-09-19 11:16:32,504 [main] INFO  db.DBStoreBuilder (DBStoreBuilder.java:addTable(110)) - using custom profile for table: validCerts
2019-09-19 11:16:32,504 [main] INFO  db.DBStoreBuilder (DBStoreBuilder.java:processTables(161)) - Using default column profile:DBProfile.DISK for Table:validCerts
2019-09-19 11:16:32,505 [main] INFO  db.DBStoreBuilder (DBStoreBuilder.java:addTable(110)) - using custom profile for table: revokedCerts
2019-09-19 11:16:32,505 [main] INFO  db.DBStoreBuilder (DBStoreBuilder.java:processTables(161)) - Using default column profile:DBProfile.DISK for Table:revokedCerts
2019-09-19 11:16:32,505 [main] INFO  db.DBStoreBuilder (DBStoreBuilder.java:addTable(110)) - using custom profile for table: default
2019-09-19 11:16:32,505 [main] INFO  db.DBStoreBuilder (DBStoreBuilder.java:processTables(167)) - Using default column profile:DBProfile.DISK for Table:default
2019-09-19 11:16:32,505 [main] INFO  db.DBStoreBuilder (DBStoreBuilder.java:getDbProfile(198)) - Using default options. DBProfile.DISK
2019-09-19 11:16:32,745 [main] INFO  net.NodeSchemaLoader (NodeSchemaLoader.java:loadSchemaFromFile(125)) - Loading file from sun.misc.CompoundEnumeration@5e0f2c82
2019-09-19 11:16:32,745 [main] INFO  net.NodeSchemaLoader (NodeSchemaLoader.java:loadSchema(171)) - Loading network topology layer schema file
2019-09-19 11:16:32,749 [main] WARN  server.ServerUtils (ServerUtils.java:sanitizeUserArgs(70)) - ozone.scm.stale.node.interval value = 300000 is larger than max = 100000 based on the key value of ozone.scm.heartbeat.thread.interval, reset to the max value 100000.
2019-09-19 11:16:32,749 [main] WARN  server.ServerUtils (ServerUtils.java:sanitizeUserArgs(70)) - ozone.scm.stale.node.interval value = 300000 is larger than max = 100000 based on the key value of ozone.scm.heartbeat.thread.interval, reset to the max value 100000.
2019-09-19 11:16:32,750 [main] INFO  node.SCMNodeManager (SCMNodeManager.java:<init>(121)) - Entering startup safe mode.
2019-09-19 11:16:32,750 [main] INFO  algorithms.ContainerPlacementPolicyFactory (ContainerPlacementPolicyFactory.java:getPolicy(56)) - Create container placement policy of type org.apache.hadoop.hdds.scm.container.placement.algorithms.SCMContainerPlacementRandom
2019-09-19 11:16:32,751 [main] WARN  server.ServerUtils (ServerUtils.java:getScmDbDir(145)) - ozone.scm.db.dirs is not configured. We recommend adding this setting. Falling back to ozone.metadata.dirs instead.
2019-09-19 11:16:32,973 [main] INFO  pipeline.SCMPipelineManager (SCMPipelineManager.java:initializePipelineState(126)) - No pipeline exists in current db
2019-09-19 11:16:32,973 [main] WARN  server.ServerUtils (ServerUtils.java:getScmDbDir(145)) - ozone.scm.db.dirs is not configured. We recommend adding this setting. Falling back to ozone.metadata.dirs instead.
2019-09-19 11:16:33,121 [main] WARN  events.EventQueue (EventQueue.java:fireEvent(175)) - No event handler registered for event TypedEvent{payloadType=SafeModeStatus, name='SafeModeStatus'}
2019-09-19 11:16:33,122 [main] INFO  ipc.CallQueueManager (CallQueueManager.java:<init>(84)) - Using callQueue: class java.util.concurrent.LinkedBlockingQueue, queueCapacity: 2000, scheduler: class org.apache.hadoop.ipc.DefaultRpcScheduler, ipcBackoff: false.
2019-09-19 11:16:33,123 [Socket Reader #1 for port 39958] INFO  ipc.Server (Server.java:run(1074)) - Starting Socket Reader #1 for port 39958
2019-09-19 11:16:33,125 [main] INFO  ipc.CallQueueManager (CallQueueManager.java:<init>(84)) - Using callQueue: class java.util.concurrent.LinkedBlockingQueue, queueCapacity: 2000, scheduler: class org.apache.hadoop.ipc.DefaultRpcScheduler, ipcBackoff: false.
2019-09-19 11:16:33,126 [Socket Reader #1 for port 40871] INFO  ipc.Server (Server.java:run(1074)) - Starting Socket Reader #1 for port 40871
2019-09-19 11:16:33,127 [main] INFO  ipc.CallQueueManager (CallQueueManager.java:<init>(84)) - Using callQueue: class java.util.concurrent.LinkedBlockingQueue, queueCapacity: 2000, scheduler: class org.apache.hadoop.ipc.DefaultRpcScheduler, ipcBackoff: false.
2019-09-19 11:16:33,128 [Socket Reader #1 for port 45252] INFO  ipc.Server (Server.java:run(1074)) - Starting Socket Reader #1 for port 45252
2019-09-19 11:16:33,130 [main] INFO  hdfs.DFSUtil (DFSUtil.java:httpServerTemplateForNNAndJN(1641)) - Starting Web-server for scm at: http://0.0.0.0:0
2019-09-19 11:16:33,132 [main] INFO  server.AuthenticationFilter (AuthenticationFilter.java:constructSecretProvider(240)) - Unable to initialize FileSignerSecretProvider, falling back to use random secrets.
2019-09-19 11:16:33,132 [main] WARN  http.HttpRequestLog (HttpRequestLog.java:getRequestLog(97)) - Jetty request log can only be enabled using Log4j
2019-09-19 11:16:33,135 [main] INFO  http.HttpServer2 (HttpServer2.java:addGlobalFilter(975)) - Added global filter 'safety' (class=org.apache.hadoop.http.HttpServer2$QuotingInputFilter)
2019-09-19 11:16:33,136 [main] INFO  http.HttpServer2 (HttpServer2.java:addFilter(948)) - Added filter static_user_filter (class=org.apache.hadoop.http.lib.StaticUserWebFilter$StaticUserFilter) to context scm
2019-09-19 11:16:33,136 [main] INFO  http.HttpServer2 (HttpServer2.java:addFilter(958)) - Added filter static_user_filter (class=org.apache.hadoop.http.lib.StaticUserWebFilter$StaticUserFilter) to context logs
2019-09-19 11:16:33,136 [main] INFO  http.HttpServer2 (HttpServer2.java:addFilter(958)) - Added filter static_user_filter (class=org.apache.hadoop.http.lib.StaticUserWebFilter$StaticUserFilter) to context static
2019-09-19 11:16:33,139 [main] INFO  server.StorageContainerManager (StorageContainerManager.java:start(759)) - StorageContainerLocationProtocol RPC server is listening at /0.0.0.0:45252
2019-09-19 11:16:33,141 [main] WARN  impl.MetricsConfig (MetricsConfig.java:loadFirst(134)) - Cannot locate configuration: tried hadoop-metrics2-storagecontainermanager.properties,hadoop-metrics2.properties
2019-09-19 11:16:33,142 [main] INFO  impl.MetricsSystemImpl (MetricsSystemImpl.java:startTimer(374)) - Scheduled Metric snapshot period at 10 second(s).
2019-09-19 11:16:33,142 [main] INFO  impl.MetricsSystemImpl (MetricsSystemImpl.java:start(191)) - StorageContainerManager metrics system started
2019-09-19 11:16:33,188 [main] INFO  server.SCMClientProtocolServer (SCMClientProtocolServer.java:start(151)) - RPC server for Client  is listening at /0.0.0.0:45252
2019-09-19 11:16:33,189 [IPC Server Responder] INFO  ipc.Server (Server.java:run(1314)) - IPC Server Responder: starting
2019-09-19 11:16:33,189 [IPC Server listener on 45252] INFO  ipc.Server (Server.java:run(1153)) - IPC Server listener on 45252: starting
2019-09-19 11:16:33,192 [main] INFO  server.StorageContainerManager (StorageContainerManager.java:start(769)) - ScmBlockLocationProtocol RPC server is listening at /0.0.0.0:40871
2019-09-19 11:16:33,192 [main] INFO  server.SCMBlockProtocolServer (SCMBlockProtocolServer.java:start(140)) - RPC server for Block Protocol is listening at /0.0.0.0:40871
2019-09-19 11:16:33,192 [IPC Server Responder] INFO  ipc.Server (Server.java:run(1314)) - IPC Server Responder: starting
2019-09-19 11:16:33,193 [IPC Server listener on 40871] INFO  ipc.Server (Server.java:run(1153)) - IPC Server listener on 40871: starting
2019-09-19 11:16:33,196 [main] INFO  server.StorageContainerManager (StorageContainerManager.java:start(773)) - ScmDatanodeProtocl RPC server is listening at /0.0.0.0:39958
2019-09-19 11:16:33,196 [main] INFO  server.SCMDatanodeProtocolServer (SCMDatanodeProtocolServer.java:start(191)) - RPC server for DataNodes is listening at /0.0.0.0:39958
2019-09-19 11:16:33,196 [IPC Server Responder] INFO  ipc.Server (Server.java:run(1314)) - IPC Server Responder: starting
2019-09-19 11:16:33,196 [IPC Server listener on 39958] INFO  ipc.Server (Server.java:run(1153)) - IPC Server listener on 39958: starting
2019-09-19 11:16:33,200 [main] INFO  http.HttpServer2 (HttpServer2.java:bindListener(1191)) - Jetty bound to port 43679
2019-09-19 11:16:33,200 [main] INFO  server.Server (Server.java:doStart(351)) - jetty-9.3.24.v20180605, build timestamp: 2018-06-05T17:11:56Z, git hash: 84205aa28f11a4f31f2a3b86d1bba2cc8ab69827
2019-09-19 11:16:33,202 [main] INFO  handler.ContextHandler (ContextHandler.java:doStart(781)) - Started o.e.j.s.ServletContextHandler@76596288{/logs,file:///workdir/hadoop-ozone/integration-test/target/log,AVAILABLE}
2019-09-19 11:16:33,203 [main] INFO  handler.ContextHandler (ContextHandler.java:doStart(781)) - Started o.e.j.s.ServletContextHandler@51af8049{/static,file:///workdir/hadoop-ozone/integration-test/target/test-classes/webapps/static,AVAILABLE}
2019-09-19 11:16:33,207 [main] INFO  handler.ContextHandler (ContextHandler.java:doStart(781)) - Started o.e.j.w.WebAppContext@15e08615{/,file:///workdir/hadoop-ozone/integration-test/target/test-classes/webapps/scm/,AVAILABLE}{/scm}
2019-09-19 11:16:33,208 [main] INFO  server.AbstractConnector (AbstractConnector.java:doStart(278)) - Started ServerConnector@19dac2d6{HTTP/1.1,[http/1.1]}{0.0.0.0:43679}
2019-09-19 11:16:33,208 [main] INFO  server.Server (Server.java:doStart(419)) - Started @80704ms
2019-09-19 11:16:33,221 [main] INFO  server.BaseHttpServer (BaseHttpServer.java:updateConnectorAddress(213)) - HTTP server of SCM is listening at http://0.0.0.0:43679
2019-09-19 11:16:33,222 [main] WARN  server.ServerUtils (ServerUtils.java:getDBPath(222)) - ozone.om.db.dirs is not configured. We recommend adding this setting. Falling back to ozone.metadata.dirs instead.
2019-09-19 11:16:33,222 [org.apache.hadoop.util.JvmPauseMonitor$Monitor@67eeb310] INFO  util.JvmPauseMonitor (JvmPauseMonitor.java:run(188)) - Starting JVM pause monitor
2019-09-19 11:16:33,244 [main] WARN  server.ServerUtils (ServerUtils.java:getDBPath(222)) - ozone.om.db.dirs is not configured. We recommend adding this setting. Falling back to ozone.metadata.dirs instead.
2019-09-19 11:16:33,245 [main] WARN  server.ServerUtils (ServerUtils.java:getDBPath(222)) - ozone.om.db.dirs is not configured. We recommend adding this setting. Falling back to ozone.metadata.dirs instead.
2019-09-19 11:16:33,245 [main] INFO  om.OzoneManager (OzoneManager.java:setOMNodeDetails(645)) - OM Service ID is not set. Setting it to the default ID: omServiceIdDefault
2019-09-19 11:16:33,245 [main] INFO  om.OzoneManager (OzoneManager.java:setOMNodeDetails(651)) - OM Node ID is not set. Setting it to the OmStorage's OmID: 80915fd0-6062-4d68-8ca6-875f16d24beb
2019-09-19 11:16:33,246 [main] INFO  om.OzoneManager (OzoneManager.java:loadOMHAConfigs(602)) - Found matching OM address with OMServiceId: null, OMNodeId: null, RPC Address: localhost:0 and Ratis port: 9872
2019-09-19 11:16:33,251 | INFO  | SCMAudit | user=jenkins1000 | ip=192.168.157.226 | op=GET_SCM_INFO null | ret=SUCCESS |  
2019-09-19 11:16:33,253 [main] WARN  server.ServerUtils (ServerUtils.java:getDBPath(222)) - ozone.om.db.dirs is not configured. We recommend adding this setting. Falling back to ozone.metadata.dirs instead.
2019-09-19 11:16:33,254 [main] INFO  db.DBStoreBuilder (DBStoreBuilder.java:addTable(110)) - using custom profile for table: userTable
2019-09-19 11:16:33,254 [main] INFO  db.DBStoreBuilder (DBStoreBuilder.java:processTables(161)) - Using default column profile:DBProfile.DISK for Table:userTable
2019-09-19 11:16:33,254 [main] INFO  db.DBStoreBuilder (DBStoreBuilder.java:addTable(110)) - using custom profile for table: volumeTable
2019-09-19 11:16:33,254 [main] INFO  db.DBStoreBuilder (DBStoreBuilder.java:processTables(161)) - Using default column profile:DBProfile.DISK for Table:volumeTable
2019-09-19 11:16:33,254 [main] INFO  db.DBStoreBuilder (DBStoreBuilder.java:addTable(110)) - using custom profile for table: bucketTable
2019-09-19 11:16:33,255 [main] INFO  db.DBStoreBuilder (DBStoreBuilder.java:processTables(161)) - Using default column profile:DBProfile.DISK for Table:bucketTable
2019-09-19 11:16:33,255 [main] INFO  db.DBStoreBuilder (DBStoreBuilder.java:addTable(110)) - using custom profile for table: keyTable
2019-09-19 11:16:33,255 [main] INFO  db.DBStoreBuilder (DBStoreBuilder.java:processTables(161)) - Using default column profile:DBProfile.DISK for Table:keyTable
2019-09-19 11:16:33,255 [main] INFO  db.DBStoreBuilder (DBStoreBuilder.java:addTable(110)) - using custom profile for table: deletedTable
2019-09-19 11:16:33,255 [main] INFO  db.DBStoreBuilder (DBStoreBuilder.java:processTables(161)) - Using default column profile:DBProfile.DISK for Table:deletedTable
2019-09-19 11:16:33,256 [main] INFO  db.DBStoreBuilder (DBStoreBuilder.java:addTable(110)) - using custom profile for table: openKeyTable
2019-09-19 11:16:33,256 [main] INFO  db.DBStoreBuilder (DBStoreBuilder.java:processTables(161)) - Using default column profile:DBProfile.DISK for Table:openKeyTable
2019-09-19 11:16:33,256 [main] INFO  db.DBStoreBuilder (DBStoreBuilder.java:addTable(110)) - using custom profile for table: s3Table
2019-09-19 11:16:33,256 [main] INFO  db.DBStoreBuilder (DBStoreBuilder.java:processTables(161)) - Using default column profile:DBProfile.DISK for Table:s3Table
2019-09-19 11:16:33,256 [main] INFO  db.DBStoreBuilder (DBStoreBuilder.java:addTable(110)) - using custom profile for table: multipartInfoTable
2019-09-19 11:16:33,256 [main] INFO  db.DBStoreBuilder (DBStoreBuilder.java:processTables(161)) - Using default column profile:DBProfile.DISK for Table:multipartInfoTable
2019-09-19 11:16:33,257 [main] INFO  db.DBStoreBuilder (DBStoreBuilder.java:addTable(110)) - using custom profile for table: dTokenTable
2019-09-19 11:16:33,257 [main] INFO  db.DBStoreBuilder (DBStoreBuilder.java:processTables(161)) - Using default column profile:DBProfile.DISK for Table:dTokenTable
2019-09-19 11:16:33,257 [main] INFO  db.DBStoreBuilder (DBStoreBuilder.java:addTable(110)) - using custom profile for table: s3SecretTable
2019-09-19 11:16:33,257 [main] INFO  db.DBStoreBuilder (DBStoreBuilder.java:processTables(161)) - Using default column profile:DBProfile.DISK for Table:s3SecretTable
2019-09-19 11:16:33,257 [main] INFO  db.DBStoreBuilder (DBStoreBuilder.java:addTable(110)) - using custom profile for table: prefixTable
2019-09-19 11:16:33,257 [main] INFO  db.DBStoreBuilder (DBStoreBuilder.java:processTables(161)) - Using default column profile:DBProfile.DISK for Table:prefixTable
2019-09-19 11:16:33,258 [main] INFO  db.DBStoreBuilder (DBStoreBuilder.java:addTable(110)) - using custom profile for table: default
2019-09-19 11:16:33,258 [main] INFO  db.DBStoreBuilder (DBStoreBuilder.java:processTables(167)) - Using default column profile:DBProfile.DISK for Table:default
2019-09-19 11:16:33,258 [main] INFO  db.DBStoreBuilder (DBStoreBuilder.java:getDbProfile(198)) - Using default options. DBProfile.DISK
2019-09-19 11:16:34,348 [main] INFO  ipc.CallQueueManager (CallQueueManager.java:<init>(84)) - Using callQueue: class java.util.concurrent.LinkedBlockingQueue, queueCapacity: 2000, scheduler: class org.apache.hadoop.ipc.DefaultRpcScheduler, ipcBackoff: false.
2019-09-19 11:16:34,349 [Socket Reader #1 for port 42779] INFO  ipc.Server (Server.java:run(1074)) - Starting Socket Reader #1 for port 42779
2019-09-19 11:16:34,369 [main] INFO  om.OzoneManager (OzoneManager.java:start(1256)) - OzoneManager RPC server is listening at localhost/127.0.0.1:42779
2019-09-19 11:16:34,370 [main] INFO  impl.MetricsSystemImpl (MetricsSystemImpl.java:init(158)) - OzoneManager metrics system started (again)
2019-09-19 11:16:34,372 [IPC Server Responder] INFO  ipc.Server (Server.java:run(1314)) - IPC Server Responder: starting
2019-09-19 11:16:34,372 [IPC Server listener on 42779] INFO  ipc.Server (Server.java:run(1153)) - IPC Server listener on 42779: starting
2019-09-19 11:16:34,376 [main] INFO  hdfs.DFSUtil (DFSUtil.java:httpServerTemplateForNNAndJN(1641)) - Starting Web-server for ozoneManager at: http://0.0.0.0:0
2019-09-19 11:16:34,377 [main] INFO  server.AuthenticationFilter (AuthenticationFilter.java:constructSecretProvider(240)) - Unable to initialize FileSignerSecretProvider, falling back to use random secrets.
2019-09-19 11:16:34,377 [main] WARN  http.HttpRequestLog (HttpRequestLog.java:getRequestLog(97)) - Jetty request log can only be enabled using Log4j
2019-09-19 11:16:34,379 [main] INFO  http.HttpServer2 (HttpServer2.java:addGlobalFilter(975)) - Added global filter 'safety' (class=org.apache.hadoop.http.HttpServer2$QuotingInputFilter)
2019-09-19 11:16:34,380 [main] INFO  http.HttpServer2 (HttpServer2.java:addFilter(948)) - Added filter static_user_filter (class=org.apache.hadoop.http.lib.StaticUserWebFilter$StaticUserFilter) to context ozoneManager
2019-09-19 11:16:34,380 [main] INFO  http.HttpServer2 (HttpServer2.java:addFilter(958)) - Added filter static_user_filter (class=org.apache.hadoop.http.lib.StaticUserWebFilter$StaticUserFilter) to context static
2019-09-19 11:16:34,380 [main] INFO  http.HttpServer2 (HttpServer2.java:addFilter(958)) - Added filter static_user_filter (class=org.apache.hadoop.http.lib.StaticUserWebFilter$StaticUserFilter) to context logs
2019-09-19 11:16:34,381 [main] INFO  http.HttpServer2 (HttpServer2.java:bindListener(1191)) - Jetty bound to port 43706
2019-09-19 11:16:34,381 [main] INFO  server.Server (Server.java:doStart(351)) - jetty-9.3.24.v20180605, build timestamp: 2018-06-05T17:11:56Z, git hash: 84205aa28f11a4f31f2a3b86d1bba2cc8ab69827
2019-09-19 11:16:34,382 [main] INFO  handler.ContextHandler (ContextHandler.java:doStart(781)) - Started o.e.j.s.ServletContextHandler@368424db{/logs,file:///workdir/hadoop-ozone/integration-test/target/log,AVAILABLE}
2019-09-19 11:16:34,383 [main] INFO  handler.ContextHandler (ContextHandler.java:doStart(781)) - Started o.e.j.s.ServletContextHandler@455f4483{/static,file:///workdir/hadoop-ozone/integration-test/target/test-classes/webapps/static,AVAILABLE}
2019-09-19 11:16:34,387 [main] INFO  handler.ContextHandler (ContextHandler.java:doStart(781)) - Started o.e.j.w.WebAppContext@49631cfb{/,file:///workdir/hadoop-ozone/integration-test/target/test-classes/webapps/ozoneManager/,AVAILABLE}{/ozoneManager}
2019-09-19 11:16:34,388 [main] INFO  server.AbstractConnector (AbstractConnector.java:doStart(278)) - Started ServerConnector@77b71c9{HTTP/1.1,[http/1.1]}{0.0.0.0:43706}
2019-09-19 11:16:34,388 [main] INFO  server.Server (Server.java:doStart(419)) - Started @81883ms
2019-09-19 11:16:34,389 [main] INFO  server.BaseHttpServer (BaseHttpServer.java:updateConnectorAddress(213)) - HTTP server of OZONEMANAGER is listening at http://0.0.0.0:43706
2019-09-19 11:16:34,396 [main] INFO  impl.MetricsSystemImpl (MetricsSystemImpl.java:init(158)) - HddsDatanode metrics system started (again)
2019-09-19 11:16:34,398 [main] INFO  ozone.HddsDatanodeService (HddsDatanodeService.java:start(184)) - HddsDatanodeService host:pr-hdds-1569-swxfz-3172132826 ip:192.168.157.226
2019-09-19 11:16:34,403 [main] INFO  volume.HddsVolume (HddsVolume.java:<init>(176)) - Creating Volume: /workdir/hadoop-ozone/integration-test/target/test-dir/MiniOzoneClusterImpl-a1b41923-72f3-42e0-8473-59a9e2cbbac3/datanode-0/data/containers/hdds of  storage type : DISK and capacity : 1482555576320
2019-09-19 11:16:34,403 [main] INFO  volume.VolumeSet (VolumeSet.java:initializeVolumeSet(170)) - Added Volume : /workdir/hadoop-ozone/integration-test/target/test-dir/MiniOzoneClusterImpl-a1b41923-72f3-42e0-8473-59a9e2cbbac3/datanode-0/data/containers/hdds to VolumeSet
2019-09-19 11:16:34,404 [main] INFO  volume.ThrottledAsyncChecker (ThrottledAsyncChecker.java:schedule(140)) - Scheduling a check for org.apache.hadoop.ozone.container.common.volume.HddsVolume@6d7b2319
2019-09-19 11:16:34,404 [main] INFO  volume.HddsVolumeChecker (HddsVolumeChecker.java:checkAllVolumes(203)) - Scheduled health check for volume org.apache.hadoop.ozone.container.common.volume.HddsVolume@6d7b2319
2019-09-19 11:16:34,417 [main] INFO  impl.RaftServerProxy (ConfUtils.java:logGet(43)) - raft.rpc.type = GRPC (default)
2019-09-19 11:16:34,417 [main] INFO  grpc.GrpcFactory (GrpcFactory.java:checkPooledByteBufAllocatorUseCacheForAllThreads(45)) - PERFORMANCE WARNING: useCacheForAllThreads is true that may cause Netty to create a lot garbage objects and, as a result, trigger GC.
	It is recommended to disable useCacheForAllThreads by setting -Dorg.apache.ratis.thirdparty.io.netty.allocator.useCacheForAllThreads=false in command line.
2019-09-19 11:16:34,417 [main] INFO  grpc.GrpcConfigKeys$Server (ConfUtils.java:logGet(43)) - raft.grpc.server.port = 0 (default)
2019-09-19 11:16:34,417 [main] INFO  server.GrpcService (ConfUtils.java:logGet(43)) - raft.grpc.message.size.max = 33570816 (custom)
2019-09-19 11:16:34,417 [main] INFO  server.RaftServerConfigKeys (ConfUtils.java:logGet(43)) - raft.server.log.appender.buffer.byte-limit = 33554432 (custom)
2019-09-19 11:16:34,418 [main] INFO  server.GrpcService (ConfUtils.java:logGet(43)) - raft.grpc.flow.control.window = 1MB (=1048576) (default)
2019-09-19 11:16:34,418 [main] INFO  server.RaftServerConfigKeys (ConfUtils.java:logGet(43)) - raft.server.rpc.request.timeout = 3000ms (default)
2019-09-19 11:16:34,419 [main] INFO  server.RaftServerConfigKeys (ConfUtils.java:logGet(43)) - raft.server.storage.dir = [/workdir/hadoop-ozone/integration-test/target/test-dir/MiniOzoneClusterImpl-a1b41923-72f3-42e0-8473-59a9e2cbbac3/datanode-0/data/ratis] (custom)
2019-09-19 11:16:34,419 [main] INFO  replication.SimpleContainerDownloader (SimpleContainerDownloader.java:<init>(72)) - Starting container downloader service to copy containers to replicate.
2019-09-19 11:16:34,420 [main] INFO  hdfs.DFSUtil (DFSUtil.java:httpServerTemplateForNNAndJN(1641)) - Starting Web-server for hddsDatanode at: http://0.0.0.0:0
2019-09-19 11:16:34,421 [main] INFO  server.AuthenticationFilter (AuthenticationFilter.java:constructSecretProvider(240)) - Unable to initialize FileSignerSecretProvider, falling back to use random secrets.
2019-09-19 11:16:34,422 [main] WARN  http.HttpRequestLog (HttpRequestLog.java:getRequestLog(97)) - Jetty request log can only be enabled using Log4j
2019-09-19 11:16:34,423 [main] INFO  http.HttpServer2 (HttpServer2.java:addGlobalFilter(975)) - Added global filter 'safety' (class=org.apache.hadoop.http.HttpServer2$QuotingInputFilter)
2019-09-19 11:16:34,423 [main] INFO  http.HttpServer2 (HttpServer2.java:addFilter(948)) - Added filter static_user_filter (class=org.apache.hadoop.http.lib.StaticUserWebFilter$StaticUserFilter) to context hddsDatanode
2019-09-19 11:16:34,424 [main] INFO  http.HttpServer2 (HttpServer2.java:addFilter(958)) - Added filter static_user_filter (class=org.apache.hadoop.http.lib.StaticUserWebFilter$StaticUserFilter) to context static
2019-09-19 11:16:34,424 [main] INFO  http.HttpServer2 (HttpServer2.java:addFilter(958)) - Added filter static_user_filter (class=org.apache.hadoop.http.lib.StaticUserWebFilter$StaticUserFilter) to context logs
2019-09-19 11:16:34,424 [main] INFO  http.HttpServer2 (HttpServer2.java:bindListener(1191)) - Jetty bound to port 40593
2019-09-19 11:16:34,424 [main] INFO  server.Server (Server.java:doStart(351)) - jetty-9.3.24.v20180605, build timestamp: 2018-06-05T17:11:56Z, git hash: 84205aa28f11a4f31f2a3b86d1bba2cc8ab69827
2019-09-19 11:16:34,426 [main] INFO  handler.ContextHandler (ContextHandler.java:doStart(781)) - Started o.e.j.s.ServletContextHandler@1d944fc0{/logs,file:///workdir/hadoop-ozone/integration-test/target/log,AVAILABLE}
2019-09-19 11:16:34,426 [main] INFO  handler.ContextHandler (ContextHandler.java:doStart(781)) - Started o.e.j.s.ServletContextHandler@1b791dca{/static,jar:file:/home/user/.m2/repository/org/apache/hadoop/hadoop-hdds-container-service/0.5.0-SNAPSHOT/hadoop-hdds-container-service-0.5.0-SNAPSHOT.jar!/webapps/static,AVAILABLE}
2019-09-19 11:16:34,460 [main] INFO  handler.ContextHandler (ContextHandler.java:doStart(781)) - Started o.e.j.w.WebAppContext@4e2cdc51{/,file:///tmp/jetty-0.0.0.0-40593-hddsDatanode-_-any-3841710434619794204.dir/webapp/,AVAILABLE}{/hddsDatanode}
2019-09-19 11:16:34,461 [main] INFO  server.AbstractConnector (AbstractConnector.java:doStart(278)) - Started ServerConnector@2969a9a6{HTTP/1.1,[http/1.1]}{0.0.0.0:40593}
2019-09-19 11:16:34,462 [main] INFO  server.Server (Server.java:doStart(419)) - Started @81957ms
2019-09-19 11:16:34,462 [main] INFO  server.BaseHttpServer (BaseHttpServer.java:updateConnectorAddress(213)) - HTTP server of HDDSDATANODE is listening at http://0.0.0.0:40593
2019-09-19 11:16:34,608 | INFO  | ObjectStoreRestHttpServer | Listening HDDS REST traffic on /0.0.0.0:33322 |  
2019-09-19 11:16:34,608 [main] INFO  ozone.HddsDatanodeService (HddsDatanodeService.java:startPlugins(395)) - Started plug-in org.apache.hadoop.ozone.web.OzoneHddsDatanodeService@678586f0
2019-09-19 11:16:34,609 [main] INFO  impl.MetricsSystemImpl (MetricsSystemImpl.java:init(158)) - HddsDatanode metrics system started (again)
2019-09-19 11:16:34,612 [org.apache.hadoop.util.JvmPauseMonitor$Monitor@221fa133] INFO  util.JvmPauseMonitor (JvmPauseMonitor.java:run(188)) - Starting JVM pause monitor
2019-09-19 11:16:34,613 [main] INFO  ozone.HddsDatanodeService (HddsDatanodeService.java:start(184)) - HddsDatanodeService host:pr-hdds-1569-swxfz-3172132826 ip:192.168.157.226
2019-09-19 11:16:34,615 [Datanode State Machine Thread - 0] INFO  datanode.InitDatanodeState (InitDatanodeState.java:persistContainerDatanodeDetails(140)) - DatanodeDetails is persisted to /workdir/hadoop-ozone/integration-test/target/test-dir/MiniOzoneClusterImpl-a1b41923-72f3-42e0-8473-59a9e2cbbac3/datanode-0/meta/datanode.id
2019-09-19 11:16:34,619 [main] INFO  volume.HddsVolume (HddsVolume.java:<init>(176)) - Creating Volume: /workdir/hadoop-ozone/integration-test/target/test-dir/MiniOzoneClusterImpl-a1b41923-72f3-42e0-8473-59a9e2cbbac3/datanode-1/data/containers/hdds of  storage type : DISK and capacity : 1482555576320
2019-09-19 11:16:34,619 [main] INFO  volume.VolumeSet (VolumeSet.java:initializeVolumeSet(170)) - Added Volume : /workdir/hadoop-ozone/integration-test/target/test-dir/MiniOzoneClusterImpl-a1b41923-72f3-42e0-8473-59a9e2cbbac3/datanode-1/data/containers/hdds to VolumeSet
2019-09-19 11:16:34,620 [main] INFO  volume.ThrottledAsyncChecker (ThrottledAsyncChecker.java:schedule(140)) - Scheduling a check for org.apache.hadoop.ozone.container.common.volume.HddsVolume@63cf578f
2019-09-19 11:16:34,620 [main] INFO  volume.HddsVolumeChecker (HddsVolumeChecker.java:checkAllVolumes(203)) - Scheduled health check for volume org.apache.hadoop.ozone.container.common.volume.HddsVolume@63cf578f
2019-09-19 11:16:34,640 [main] INFO  impl.RaftServerProxy (ConfUtils.java:logGet(43)) - raft.rpc.type = GRPC (default)
2019-09-19 11:16:34,640 [main] INFO  grpc.GrpcFactory (GrpcFactory.java:checkPooledByteBufAllocatorUseCacheForAllThreads(45)) - PERFORMANCE WARNING: useCacheForAllThreads is true that may cause Netty to create a lot garbage objects and, as a result, trigger GC.
	It is recommended to disable useCacheForAllThreads by setting -Dorg.apache.ratis.thirdparty.io.netty.allocator.useCacheForAllThreads=false in command line.
2019-09-19 11:16:34,641 [main] INFO  grpc.GrpcConfigKeys$Server (ConfUtils.java:logGet(43)) - raft.grpc.server.port = 0 (default)
2019-09-19 11:16:34,641 [main] INFO  server.GrpcService (ConfUtils.java:logGet(43)) - raft.grpc.message.size.max = 33570816 (custom)
2019-09-19 11:16:34,641 [main] INFO  server.RaftServerConfigKeys (ConfUtils.java:logGet(43)) - raft.server.log.appender.buffer.byte-limit = 33554432 (custom)
2019-09-19 11:16:34,642 [main] INFO  server.GrpcService (ConfUtils.java:logGet(43)) - raft.grpc.flow.control.window = 1MB (=1048576) (default)
2019-09-19 11:16:34,642 [main] INFO  server.RaftServerConfigKeys (ConfUtils.java:logGet(43)) - raft.server.rpc.request.timeout = 3000ms (default)
2019-09-19 11:16:34,643 [main] INFO  server.RaftServerConfigKeys (ConfUtils.java:logGet(43)) - raft.server.storage.dir = [/workdir/hadoop-ozone/integration-test/target/test-dir/MiniOzoneClusterImpl-a1b41923-72f3-42e0-8473-59a9e2cbbac3/datanode-1/data/ratis] (custom)
2019-09-19 11:16:34,643 [main] INFO  replication.SimpleContainerDownloader (SimpleContainerDownloader.java:<init>(72)) - Starting container downloader service to copy containers to replicate.
2019-09-19 11:16:34,645 [main] INFO  hdfs.DFSUtil (DFSUtil.java:httpServerTemplateForNNAndJN(1641)) - Starting Web-server for hddsDatanode at: http://0.0.0.0:0
2019-09-19 11:16:34,647 [main] INFO  server.AuthenticationFilter (AuthenticationFilter.java:constructSecretProvider(240)) - Unable to initialize FileSignerSecretProvider, falling back to use random secrets.
2019-09-19 11:16:34,647 [main] WARN  http.HttpRequestLog (HttpRequestLog.java:getRequestLog(97)) - Jetty request log can only be enabled using Log4j
2019-09-19 11:16:34,649 [main] INFO  http.HttpServer2 (HttpServer2.java:addGlobalFilter(975)) - Added global filter 'safety' (class=org.apache.hadoop.http.HttpServer2$QuotingInputFilter)
2019-09-19 11:16:34,650 [main] INFO  http.HttpServer2 (HttpServer2.java:addFilter(948)) - Added filter static_user_filter (class=org.apache.hadoop.http.lib.StaticUserWebFilter$StaticUserFilter) to context hddsDatanode
2019-09-19 11:16:34,650 [main] INFO  http.HttpServer2 (HttpServer2.java:addFilter(958)) - Added filter static_user_filter (class=org.apache.hadoop.http.lib.StaticUserWebFilter$StaticUserFilter) to context static
2019-09-19 11:16:34,650 [main] INFO  http.HttpServer2 (HttpServer2.java:addFilter(958)) - Added filter static_user_filter (class=org.apache.hadoop.http.lib.StaticUserWebFilter$StaticUserFilter) to context logs
2019-09-19 11:16:34,651 [main] INFO  http.HttpServer2 (HttpServer2.java:bindListener(1191)) - Jetty bound to port 39977
2019-09-19 11:16:34,651 [main] INFO  server.Server (Server.java:doStart(351)) - jetty-9.3.24.v20180605, build timestamp: 2018-06-05T17:11:56Z, git hash: 84205aa28f11a4f31f2a3b86d1bba2cc8ab69827
2019-09-19 11:16:34,653 [main] INFO  handler.ContextHandler (ContextHandler.java:doStart(781)) - Started o.e.j.s.ServletContextHandler@121ddca4{/logs,file:///workdir/hadoop-ozone/integration-test/target/log,AVAILABLE}
2019-09-19 11:16:34,654 [main] INFO  handler.ContextHandler (ContextHandler.java:doStart(781)) - Started o.e.j.s.ServletContextHandler@118cbded{/static,jar:file:/home/user/.m2/repository/org/apache/hadoop/hadoop-hdds-container-service/0.5.0-SNAPSHOT/hadoop-hdds-container-service-0.5.0-SNAPSHOT.jar!/webapps/static,AVAILABLE}
2019-09-19 11:16:34,694 [main] INFO  handler.ContextHandler (ContextHandler.java:doStart(781)) - Started o.e.j.w.WebAppContext@1d637673{/,file:///tmp/jetty-0.0.0.0-39977-hddsDatanode-_-any-8528638168385484325.dir/webapp/,AVAILABLE}{/hddsDatanode}
2019-09-19 11:16:34,694 [main] INFO  server.AbstractConnector (AbstractConnector.java:doStart(278)) - Started ServerConnector@2913ca3e{HTTP/1.1,[http/1.1]}{0.0.0.0:39977}
2019-09-19 11:16:34,696 [main] INFO  server.Server (Server.java:doStart(419)) - Started @82191ms
2019-09-19 11:16:34,697 [main] INFO  server.BaseHttpServer (BaseHttpServer.java:updateConnectorAddress(213)) - HTTP server of HDDSDATANODE is listening at http://0.0.0.0:39977
2019-09-19 11:16:35,123 | INFO  | ObjectStoreRestHttpServer | Listening HDDS REST traffic on /0.0.0.0:35737 |  
2019-09-19 11:16:35,123 [main] INFO  ozone.HddsDatanodeService (HddsDatanodeService.java:startPlugins(395)) - Started plug-in org.apache.hadoop.ozone.web.OzoneHddsDatanodeService@6e981e78
2019-09-19 11:16:35,124 [main] INFO  impl.MetricsSystemImpl (MetricsSystemImpl.java:init(158)) - HddsDatanode metrics system started (again)
2019-09-19 11:16:35,128 [main] INFO  ozone.HddsDatanodeService (HddsDatanodeService.java:start(184)) - HddsDatanodeService host:pr-hdds-1569-swxfz-3172132826 ip:192.168.157.226
2019-09-19 11:16:35,128 [org.apache.hadoop.util.JvmPauseMonitor$Monitor@43b6aac1] INFO  util.JvmPauseMonitor (JvmPauseMonitor.java:run(188)) - Starting JVM pause monitor
2019-09-19 11:16:35,131 [Datanode State Machine Thread - 0] INFO  datanode.InitDatanodeState (InitDatanodeState.java:persistContainerDatanodeDetails(140)) - DatanodeDetails is persisted to /workdir/hadoop-ozone/integration-test/target/test-dir/MiniOzoneClusterImpl-a1b41923-72f3-42e0-8473-59a9e2cbbac3/datanode-1/meta/datanode.id
2019-09-19 11:16:35,134 [main] INFO  volume.HddsVolume (HddsVolume.java:<init>(176)) - Creating Volume: /workdir/hadoop-ozone/integration-test/target/test-dir/MiniOzoneClusterImpl-a1b41923-72f3-42e0-8473-59a9e2cbbac3/datanode-2/data/containers/hdds of  storage type : DISK and capacity : 1482555576320
2019-09-19 11:16:35,135 [main] INFO  volume.VolumeSet (VolumeSet.java:initializeVolumeSet(170)) - Added Volume : /workdir/hadoop-ozone/integration-test/target/test-dir/MiniOzoneClusterImpl-a1b41923-72f3-42e0-8473-59a9e2cbbac3/datanode-2/data/containers/hdds to VolumeSet
2019-09-19 11:16:35,135 [main] INFO  volume.ThrottledAsyncChecker (ThrottledAsyncChecker.java:schedule(140)) - Scheduling a check for org.apache.hadoop.ozone.container.common.volume.HddsVolume@15e5246
2019-09-19 11:16:35,135 [main] INFO  volume.HddsVolumeChecker (HddsVolumeChecker.java:checkAllVolumes(203)) - Scheduled health check for volume org.apache.hadoop.ozone.container.common.volume.HddsVolume@15e5246
2019-09-19 11:16:35,156 [main] INFO  impl.RaftServerProxy (ConfUtils.java:logGet(43)) - raft.rpc.type = GRPC (default)
2019-09-19 11:16:35,156 [main] INFO  grpc.GrpcFactory (GrpcFactory.java:checkPooledByteBufAllocatorUseCacheForAllThreads(45)) - PERFORMANCE WARNING: useCacheForAllThreads is true that may cause Netty to create a lot garbage objects and, as a result, trigger GC.
	It is recommended to disable useCacheForAllThreads by setting -Dorg.apache.ratis.thirdparty.io.netty.allocator.useCacheForAllThreads=false in command line.
2019-09-19 11:16:35,157 [main] INFO  grpc.GrpcConfigKeys$Server (ConfUtils.java:logGet(43)) - raft.grpc.server.port = 0 (default)
2019-09-19 11:16:35,157 [main] INFO  server.GrpcService (ConfUtils.java:logGet(43)) - raft.grpc.message.size.max = 33570816 (custom)
2019-09-19 11:16:35,157 [main] INFO  server.RaftServerConfigKeys (ConfUtils.java:logGet(43)) - raft.server.log.appender.buffer.byte-limit = 33554432 (custom)
2019-09-19 11:16:35,158 [main] INFO  server.GrpcService (ConfUtils.java:logGet(43)) - raft.grpc.flow.control.window = 1MB (=1048576) (default)
2019-09-19 11:16:35,158 [main] INFO  server.RaftServerConfigKeys (ConfUtils.java:logGet(43)) - raft.server.rpc.request.timeout = 3000ms (default)
2019-09-19 11:16:35,159 [main] INFO  server.RaftServerConfigKeys (ConfUtils.java:logGet(43)) - raft.server.storage.dir = [/workdir/hadoop-ozone/integration-test/target/test-dir/MiniOzoneClusterImpl-a1b41923-72f3-42e0-8473-59a9e2cbbac3/datanode-2/data/ratis] (custom)
2019-09-19 11:16:35,159 [main] INFO  replication.SimpleContainerDownloader (SimpleContainerDownloader.java:<init>(72)) - Starting container downloader service to copy containers to replicate.
2019-09-19 11:16:35,161 [main] INFO  hdfs.DFSUtil (DFSUtil.java:httpServerTemplateForNNAndJN(1641)) - Starting Web-server for hddsDatanode at: http://0.0.0.0:0
2019-09-19 11:16:35,163 [main] INFO  server.AuthenticationFilter (AuthenticationFilter.java:constructSecretProvider(240)) - Unable to initialize FileSignerSecretProvider, falling back to use random secrets.
2019-09-19 11:16:35,163 [main] WARN  http.HttpRequestLog (HttpRequestLog.java:getRequestLog(97)) - Jetty request log can only be enabled using Log4j
2019-09-19 11:16:35,165 [main] INFO  http.HttpServer2 (HttpServer2.java:addGlobalFilter(975)) - Added global filter 'safety' (class=org.apache.hadoop.http.HttpServer2$QuotingInputFilter)
2019-09-19 11:16:35,165 [main] INFO  http.HttpServer2 (HttpServer2.java:addFilter(948)) - Added filter static_user_filter (class=org.apache.hadoop.http.lib.StaticUserWebFilter$StaticUserFilter) to context hddsDatanode
2019-09-19 11:16:35,165 [main] INFO  http.HttpServer2 (HttpServer2.java:addFilter(958)) - Added filter static_user_filter (class=org.apache.hadoop.http.lib.StaticUserWebFilter$StaticUserFilter) to context logs
2019-09-19 11:16:35,166 [main] INFO  http.HttpServer2 (HttpServer2.java:addFilter(958)) - Added filter static_user_filter (class=org.apache.hadoop.http.lib.StaticUserWebFilter$StaticUserFilter) to context static
2019-09-19 11:16:35,166 [main] INFO  http.HttpServer2 (HttpServer2.java:bindListener(1191)) - Jetty bound to port 33229
2019-09-19 11:16:35,166 [main] INFO  server.Server (Server.java:doStart(351)) - jetty-9.3.24.v20180605, build timestamp: 2018-06-05T17:11:56Z, git hash: 84205aa28f11a4f31f2a3b86d1bba2cc8ab69827
2019-09-19 11:16:35,169 [main] INFO  handler.ContextHandler (ContextHandler.java:doStart(781)) - Started o.e.j.s.ServletContextHandler@3d8d52be{/logs,file:///workdir/hadoop-ozone/integration-test/target/log,AVAILABLE}
2019-09-19 11:16:35,170 [main] INFO  handler.ContextHandler (ContextHandler.java:doStart(781)) - Started o.e.j.s.ServletContextHandler@5f6a8efe{/static,jar:file:/home/user/.m2/repository/org/apache/hadoop/hadoop-hdds-container-service/0.5.0-SNAPSHOT/hadoop-hdds-container-service-0.5.0-SNAPSHOT.jar!/webapps/static,AVAILABLE}
2019-09-19 11:16:35,211 [main] INFO  handler.ContextHandler (ContextHandler.java:doStart(781)) - Started o.e.j.w.WebAppContext@65af05b2{/,file:///tmp/jetty-0.0.0.0-33229-hddsDatanode-_-any-4110478504631703747.dir/webapp/,AVAILABLE}{/hddsDatanode}
2019-09-19 11:16:35,211 [main] INFO  server.AbstractConnector (AbstractConnector.java:doStart(278)) - Started ServerConnector@11ad095c{HTTP/1.1,[http/1.1]}{0.0.0.0:33229}
2019-09-19 11:16:35,213 [main] INFO  server.Server (Server.java:doStart(419)) - Started @82708ms
2019-09-19 11:16:35,214 [main] INFO  server.BaseHttpServer (BaseHttpServer.java:updateConnectorAddress(213)) - HTTP server of HDDSDATANODE is listening at http://0.0.0.0:33229
2019-09-19 11:16:35,372 | INFO  | ObjectStoreRestHttpServer | Listening HDDS REST traffic on /0.0.0.0:43347 |  
2019-09-19 11:16:35,372 [main] INFO  ozone.HddsDatanodeService (HddsDatanodeService.java:startPlugins(395)) - Started plug-in org.apache.hadoop.ozone.web.OzoneHddsDatanodeService@500ec769
2019-09-19 11:16:35,373 [main] INFO  ozone.MiniOzoneClusterImpl (MiniOzoneClusterImpl.java:lambda$waitForClusterToBeReady$0(142)) - Waiting for cluster to be ready. Got 0 of 3 DN Heartbeats.
2019-09-19 11:16:35,374 [org.apache.hadoop.util.JvmPauseMonitor$Monitor@74777063] INFO  util.JvmPauseMonitor (JvmPauseMonitor.java:run(188)) - Starting JVM pause monitor
2019-09-19 11:16:35,376 [Datanode State Machine Thread - 0] INFO  datanode.InitDatanodeState (InitDatanodeState.java:persistContainerDatanodeDetails(140)) - DatanodeDetails is persisted to /workdir/hadoop-ozone/integration-test/target/test-dir/MiniOzoneClusterImpl-a1b41923-72f3-42e0-8473-59a9e2cbbac3/datanode-2/meta/datanode.id
2019-09-19 11:16:36,373 [main] INFO  ozone.MiniOzoneClusterImpl (MiniOzoneClusterImpl.java:lambda$waitForClusterToBeReady$0(142)) - Waiting for cluster to be ready. Got 0 of 3 DN Heartbeats.
2019-09-19 11:16:36,616 | INFO  | SCMAudit | user=jenkins1000 | ip=192.168.157.226 | op=GET_VERSION null | ret=SUCCESS |  
2019-09-19 11:16:36,639 [Datanode State Machine Thread - 0] INFO  ozoneimpl.OzoneContainer (OzoneContainer.java:start(186)) - Attempting to start container services.
2019-09-19 11:16:36,639 [Datanode State Machine Thread - 0] INFO  ozoneimpl.OzoneContainer (OzoneContainer.java:startContainerScrub(160)) - Background container scrubber has been disabled by hdds.containerscrub.enabled
2019-09-19 11:16:36,639 [Datanode State Machine Thread - 0] INFO  ratis.XceiverServerRatis (XceiverServerRatis.java:start(404)) - Starting XceiverServerRatis 094fd4e9-2874-4038-80ba-2b5ce22b28ac at port 0
2019-09-19 11:16:36,645 [Datanode State Machine Thread - 0] INFO  impl.RaftServerProxy (RaftServerProxy.java:lambda$start$3(299)) - 094fd4e9-2874-4038-80ba-2b5ce22b28ac: start RPC server
2019-09-19 11:16:36,647 [Datanode State Machine Thread - 0] INFO  server.GrpcService (GrpcService.java:startImpl(149)) - 094fd4e9-2874-4038-80ba-2b5ce22b28ac: GrpcService started, listening on 0.0.0.0/0.0.0.0:46206
2019-09-19 11:16:36,647 [Datanode State Machine Thread - 0] INFO  ratis.XceiverServerRatis (XceiverServerRatis.java:start(414)) - XceiverServerRatis 094fd4e9-2874-4038-80ba-2b5ce22b28ac is started using port 46206
2019-09-19 11:16:36,649 [Datanode State Machine Thread - 0] INFO  server.XceiverServerGrpc (XceiverServerGrpc.java:start(163)) - XceiverServerGrpc 094fd4e9-2874-4038-80ba-2b5ce22b28ac is started using port 40625
2019-09-19 11:16:37,131 | INFO  | SCMAudit | user=jenkins1000 | ip=192.168.157.226 | op=GET_VERSION null | ret=SUCCESS |  
2019-09-19 11:16:37,146 [Datanode State Machine Thread - 0] INFO  ozoneimpl.OzoneContainer (OzoneContainer.java:start(186)) - Attempting to start container services.
2019-09-19 11:16:37,146 [Datanode State Machine Thread - 0] INFO  ozoneimpl.OzoneContainer (OzoneContainer.java:startContainerScrub(160)) - Background container scrubber has been disabled by hdds.containerscrub.enabled
2019-09-19 11:16:37,146 [Datanode State Machine Thread - 0] INFO  ratis.XceiverServerRatis (XceiverServerRatis.java:start(404)) - Starting XceiverServerRatis e4ce95b5-80fa-473f-aa0f-54361613bedb at port 0
2019-09-19 11:16:37,152 [Datanode State Machine Thread - 0] INFO  impl.RaftServerProxy (RaftServerProxy.java:lambda$start$3(299)) - e4ce95b5-80fa-473f-aa0f-54361613bedb: start RPC server
2019-09-19 11:16:37,153 [Datanode State Machine Thread - 0] INFO  server.GrpcService (GrpcService.java:startImpl(149)) - e4ce95b5-80fa-473f-aa0f-54361613bedb: GrpcService started, listening on 0.0.0.0/0.0.0.0:37805
2019-09-19 11:16:37,153 [Datanode State Machine Thread - 0] INFO  ratis.XceiverServerRatis (XceiverServerRatis.java:start(414)) - XceiverServerRatis e4ce95b5-80fa-473f-aa0f-54361613bedb is started using port 37805
2019-09-19 11:16:37,154 [Datanode State Machine Thread - 0] INFO  server.XceiverServerGrpc (XceiverServerGrpc.java:start(163)) - XceiverServerGrpc e4ce95b5-80fa-473f-aa0f-54361613bedb is started using port 43566
2019-09-19 11:16:37,374 [main] INFO  ozone.MiniOzoneClusterImpl (MiniOzoneClusterImpl.java:lambda$waitForClusterToBeReady$0(142)) - Waiting for cluster to be ready. Got 0 of 3 DN Heartbeats.
2019-09-19 11:16:37,377 | INFO  | SCMAudit | user=jenkins1000 | ip=192.168.157.226 | op=GET_VERSION null | ret=SUCCESS |  
2019-09-19 11:16:37,391 [Datanode State Machine Thread - 0] INFO  ozoneimpl.OzoneContainer (OzoneContainer.java:start(186)) - Attempting to start container services.
2019-09-19 11:16:37,392 [Datanode State Machine Thread - 0] INFO  ozoneimpl.OzoneContainer (OzoneContainer.java:startContainerScrub(160)) - Background container scrubber has been disabled by hdds.containerscrub.enabled
2019-09-19 11:16:37,392 [Datanode State Machine Thread - 0] INFO  ratis.XceiverServerRatis (XceiverServerRatis.java:start(404)) - Starting XceiverServerRatis d7fad138-c66e-4dac-aa7f-32cef276c0fb at port 0
2019-09-19 11:16:37,397 [Datanode State Machine Thread - 0] INFO  impl.RaftServerProxy (RaftServerProxy.java:lambda$start$3(299)) - d7fad138-c66e-4dac-aa7f-32cef276c0fb: start RPC server
2019-09-19 11:16:37,398 [Datanode State Machine Thread - 0] INFO  server.GrpcService (GrpcService.java:startImpl(149)) - d7fad138-c66e-4dac-aa7f-32cef276c0fb: GrpcService started, listening on 0.0.0.0/0.0.0.0:35353
2019-09-19 11:16:37,398 [Datanode State Machine Thread - 0] INFO  ratis.XceiverServerRatis (XceiverServerRatis.java:start(414)) - XceiverServerRatis d7fad138-c66e-4dac-aa7f-32cef276c0fb is started using port 35353
2019-09-19 11:16:37,399 [Datanode State Machine Thread - 0] INFO  server.XceiverServerGrpc (XceiverServerGrpc.java:start(163)) - XceiverServerGrpc d7fad138-c66e-4dac-aa7f-32cef276c0fb is started using port 38964
2019-09-19 11:16:38,376 [main] INFO  ozone.MiniOzoneClusterImpl (MiniOzoneClusterImpl.java:lambda$waitForClusterToBeReady$0(142)) - Waiting for cluster to be ready. Got 0 of 3 DN Heartbeats.
2019-09-19 11:16:38,617 [IPC Server handler 1 on 39958] INFO  net.NetworkTopology (NetworkTopologyImpl.java:add(110)) - Added a new node: /default-rack/094fd4e9-2874-4038-80ba-2b5ce22b28ac
2019-09-19 11:16:38,619 [IPC Server handler 1 on 39958] INFO  node.SCMNodeManager (SCMNodeManager.java:register(273)) - Registered Data node : 094fd4e9-2874-4038-80ba-2b5ce22b28ac{ip: 192.168.157.226, host: pr-hdds-1569-swxfz-3172132826, networkLocation: /default-rack, certSerialId: null}
2019-09-19 11:16:38,620 [EventQueue-NodeRegistrationContainerReportForDataNodeSafeModeRule] INFO  safemode.SCMSafeModeManager (DataNodeSafeModeRule.java:process(71)) - SCM in safe mode. 1 DataNodes registered, 1 required.
2019-09-19 11:16:38,623 [EventQueue-NodeRegistrationContainerReportForDataNodeSafeModeRule] INFO  safemode.SCMSafeModeManager (SCMSafeModeManager.java:validateSafeModeExitRules(177)) - ScmSafeModeManager, all rules are successfully validated
2019-09-19 11:16:38,622 | INFO  | SCMAudit | user=jenkins1000 | ip=192.168.157.226 | op=REGISTER {datanodeDetails=094fd4e9-2874-4038-80ba-2b5ce22b28ac{ip: 192.168.157.226, host: pr-hdds-1569-swxfz-3172132826, networkLocation: /default-rack, certSerialId: null}} | ret=SUCCESS |  
2019-09-19 11:16:38,623 [EventQueue-NodeRegistrationContainerReportForDataNodeSafeModeRule] INFO  safemode.SCMSafeModeManager (SCMSafeModeManager.java:exitSafeMode(193)) - SCM exiting safe mode.
2019-09-19 11:16:38,644 [grpc-default-executor-0] INFO  impl.RaftServerProxy (RaftServerProxy.java:addNew(89)) - 094fd4e9-2874-4038-80ba-2b5ce22b28ac: addNew group-2D5404FCE24A:[094fd4e9-2874-4038-80ba-2b5ce22b28ac:192.168.157.226:46206] returns group-2D5404FCE24A:java.util.concurrent.CompletableFuture@62cbf673[Not completed]
2019-09-19 11:16:38,646 [pool-133-thread-1] INFO  impl.RaftServerImpl (RaftServerImpl.java:<init>(93)) - 094fd4e9-2874-4038-80ba-2b5ce22b28ac: new RaftServerImpl for group-2D5404FCE24A:[094fd4e9-2874-4038-80ba-2b5ce22b28ac:192.168.157.226:46206] with ContainerStateMachine:uninitialized
2019-09-19 11:16:38,646 [pool-133-thread-1] INFO  server.RaftServerConfigKeys (ConfUtils.java:logGet(43)) - raft.server.rpc.timeout.min = 5s (custom)
2019-09-19 11:16:38,646 [pool-133-thread-1] INFO  server.RaftServerConfigKeys (ConfUtils.java:logGet(43)) - raft.server.rpc.timeout.max = 5200ms (custom)
2019-09-19 11:16:38,646 [pool-133-thread-1] INFO  server.RaftServerConfigKeys (ConfUtils.java:logGet(43)) - raft.server.rpcslowness.timeout = 120s (custom)
2019-09-19 11:16:38,646 [pool-133-thread-1] INFO  server.RaftServerConfigKeys (ConfUtils.java:logGet(43)) - raft.server.sleep.deviation.threshold = 300 (default)
2019-09-19 11:16:38,646 [pool-133-thread-1] INFO  server.RaftServerConfigKeys (ConfUtils.java:logGet(43)) - raft.server.log.appender.install.snapshot.enabled = false (custom)
2019-09-19 11:16:38,647 [pool-133-thread-1] INFO  impl.RaftServerImpl (ServerState.java:<init>(105)) - 094fd4e9-2874-4038-80ba-2b5ce22b28ac:group-2D5404FCE24A ConfigurationManager, init=-1: [094fd4e9-2874-4038-80ba-2b5ce22b28ac:192.168.157.226:46206], old=null, confs=<EMPTY_MAP>
2019-09-19 11:16:38,647 [pool-133-thread-1] INFO  server.RaftServerConfigKeys (ConfUtils.java:logGet(43)) - raft.server.storage.dir = [/workdir/hadoop-ozone/integration-test/target/test-dir/MiniOzoneClusterImpl-a1b41923-72f3-42e0-8473-59a9e2cbbac3/datanode-0/data/ratis] (custom)
2019-09-19 11:16:38,647 [pool-133-thread-1] INFO  storage.RaftStorageDirectory (RaftStorageDirectory.java:analyzeStorage(246)) - The storage directory /workdir/hadoop-ozone/integration-test/target/test-dir/MiniOzoneClusterImpl-a1b41923-72f3-42e0-8473-59a9e2cbbac3/datanode-0/data/ratis/55642c56-67ed-4bb3-9733-2d5404fce24a does not exist. Creating ...
2019-09-19 11:16:38,685 [pool-133-thread-1] INFO  storage.RaftStorageDirectory (RaftStorageDirectory.java:tryLock(328)) - Lock on /workdir/hadoop-ozone/integration-test/target/test-dir/MiniOzoneClusterImpl-a1b41923-72f3-42e0-8473-59a9e2cbbac3/datanode-0/data/ratis/55642c56-67ed-4bb3-9733-2d5404fce24a/in_use.lock acquired by nodename 20864@pr-hdds-1569-swxfz-3172132826
2019-09-19 11:16:38,699 [pool-133-thread-1] INFO  storage.RaftStorage (RaftStorage.java:format(72)) - Storage directory /workdir/hadoop-ozone/integration-test/target/test-dir/MiniOzoneClusterImpl-a1b41923-72f3-42e0-8473-59a9e2cbbac3/datanode-0/data/ratis/55642c56-67ed-4bb3-9733-2d5404fce24a has been successfully formatted.
2019-09-19 11:16:38,700 [pool-133-thread-1] INFO  ratis.ContainerStateMachine (ContainerStateMachine.java:loadSnapshot(226)) - group-2D5404FCE24A: The snapshot info is null. Setting the last applied indexto:(t:0, i:~)
2019-09-19 11:16:38,700 [pool-133-thread-1] INFO  server.RaftServerConfigKeys (ConfUtils.java:logGet(43)) - raft.server.leader.election.timeout = 120s (custom)
2019-09-19 11:16:38,700 [pool-133-thread-1] INFO  server.RaftServerConfigKeys (ConfUtils.java:logGet(43)) - raft.server.log.use.memory = false (default)
2019-09-19 11:16:38,700 [pool-133-thread-1] INFO  server.RaftServerConfigKeys (ConfUtils.java:logGet(43)) - raft.server.log.purge.gap = 1000000 (custom)
2019-09-19 11:16:38,700 [pool-133-thread-1] INFO  server.RaftServerConfigKeys (ConfUtils.java:logGet(43)) - raft.server.log.appender.buffer.byte-limit = 33554432 (custom)
2019-09-19 11:16:38,701 [pool-133-thread-1] INFO  server.RaftServerConfigKeys (ConfUtils.java:logGet(43)) - raft.server.log.segment.size.max = 1048576 (custom)
2019-09-19 11:16:38,701 [pool-133-thread-1] INFO  server.RaftServerConfigKeys (ConfUtils.java:logGet(43)) - raft.server.log.segment.cache.num.max = 2 (custom)
2019-09-19 11:16:38,701 [pool-133-thread-1] INFO  segmented.SegmentedRaftLogWorker (SegmentedRaftLogWorker.java:<init>(172)) - new 094fd4e9-2874-4038-80ba-2b5ce22b28ac-SegmentedRaftLogWorker:Storage Directory /workdir/hadoop-ozone/integration-test/target/test-dir/MiniOzoneClusterImpl-a1b41923-72f3-42e0-8473-59a9e2cbbac3/datanode-0/data/ratis/55642c56-67ed-4bb3-9733-2d5404fce24a for RaftStorage:Storage Directory /workdir/hadoop-ozone/integration-test/target/test-dir/MiniOzoneClusterImpl-a1b41923-72f3-42e0-8473-59a9e2cbbac3/datanode-0/data/ratis/55642c56-67ed-4bb3-9733-2d5404fce24a
2019-09-19 11:16:38,701 [pool-133-thread-1] INFO  server.RaftServerConfigKeys (ConfUtils.java:logGet(43)) - raft.server.log.queue.byte-limit = 2147483647 (custom)
2019-09-19 11:16:38,701 [pool-133-thread-1] INFO  server.RaftServerConfigKeys (ConfUtils.java:logGet(43)) - raft.server.log.queue.element-limit = 1024 (custom)
2019-09-19 11:16:38,702 [pool-133-thread-1] INFO  server.RaftServerConfigKeys (ConfUtils.java:logGet(43)) - raft.server.log.segment.size.max = 1048576 (custom)
2019-09-19 11:16:38,702 [pool-133-thread-1] INFO  server.RaftServerConfigKeys (ConfUtils.java:logGet(43)) - raft.server.log.preallocated.size = 16384 (custom)
2019-09-19 11:16:38,702 [pool-133-thread-1] INFO  server.RaftServerConfigKeys (ConfUtils.java:logGet(43)) - raft.server.log.write.buffer.size = 33554432 (custom)
2019-09-19 11:16:38,703 [pool-133-thread-1] INFO  server.RaftServerConfigKeys (ConfUtils.java:logGet(43)) - raft.server.log.force.sync.num = 128 (default)
2019-09-19 11:16:38,703 [pool-133-thread-1] INFO  server.RaftServerConfigKeys (ConfUtils.java:logGet(43)) - raft.server.log.statemachine.data.sync = true (default)
2019-09-19 11:16:38,703 [pool-133-thread-1] INFO  server.RaftServerConfigKeys (ConfUtils.java:logGet(43)) - raft.server.log.statemachine.data.sync.timeout = 10s (default)
2019-09-19 11:16:38,703 [pool-133-thread-1] INFO  server.RaftServerConfigKeys (ConfUtils.java:logGet(43)) - raft.server.log.statemachine.data.sync.timeout.retry = -1 (default)
2019-09-19 11:16:38,704 [pool-133-thread-1] INFO  server.RaftServerConfigKeys (ConfUtils.java:logGet(43)) - raft.server.log.statemachine.data.caching.enabled = true (custom)
2019-09-19 11:16:38,704 [pool-133-thread-1] INFO  segmented.SegmentedRaftLogWorker (SegmentedRaftLogWorker.java:lambda$new$0(132)) - 094fd4e9-2874-4038-80ba-2b5ce22b28ac-SegmentedRaftLogWorker:Storage Directory /workdir/hadoop-ozone/integration-test/target/test-dir/MiniOzoneClusterImpl-a1b41923-72f3-42e0-8473-59a9e2cbbac3/datanode-0/data/ratis/55642c56-67ed-4bb3-9733-2d5404fce24a: flushIndex: setUnconditionally 0 -> -1
2019-09-19 11:16:38,704 [pool-133-thread-1] INFO  server.RaftServerConfigKeys (ConfUtils.java:logGet(43)) - raft.server.snapshot.auto.trigger.enabled = true (custom)
2019-09-19 11:16:38,705 [pool-133-thread-1] INFO  server.RaftServerConfigKeys (ConfUtils.java:logGet(43)) - raft.server.snapshot.auto.trigger.threshold = 10000 (custom)
2019-09-19 11:16:38,705 [pool-133-thread-1] INFO  server.RaftServerConfigKeys (ConfUtils.java:logGet(43)) - raft.server.retrycache.expirytime = 600000ms (custom)
2019-09-19 11:16:38,705 [pool-133-thread-1] INFO  impl.RaftServerImpl (RaftServerImpl.java:start(180)) - 094fd4e9-2874-4038-80ba-2b5ce22b28ac: start group-2D5404FCE24A
2019-09-19 11:16:38,705 [pool-133-thread-1] INFO  impl.RaftServerImpl (RaftServerImpl.java:setRole(171)) - 094fd4e9-2874-4038-80ba-2b5ce22b28ac:group-2D5404FCE24A changes role from null to FOLLOWER at term 0 for startAsFollower
2019-09-19 11:16:38,705 [pool-133-thread-1] INFO  impl.RoleInfo (RoleInfo.java:updateAndGet(143)) - 094fd4e9-2874-4038-80ba-2b5ce22b28ac: start FollowerState
2019-09-19 11:16:38,707 [pool-133-thread-1] INFO  util.JmxRegister (JmxRegister.java:tryRegister(44)) - Successfully registered JMX Bean with object name Ratis:service=RaftServer,group=group-2D5404FCE24A,id=094fd4e9-2874-4038-80ba-2b5ce22b28ac
2019-09-19 11:16:38,714 [RatisPipelineUtilsThread] INFO  pipeline.PipelineStateManager (PipelineStateManager.java:addPipeline(56)) - Created pipeline Pipeline[ Id: 55642c56-67ed-4bb3-9733-2d5404fce24a, Nodes: 094fd4e9-2874-4038-80ba-2b5ce22b28ac{ip: 192.168.157.226, host: pr-hdds-1569-swxfz-3172132826, networkLocation: /default-rack, certSerialId: null}, Type:RATIS, Factor:ONE, State:OPEN]
2019-09-19 11:16:38,725 [grpc-default-executor-0] INFO  impl.RaftServerProxy (RaftServerProxy.java:addNew(89)) - 094fd4e9-2874-4038-80ba-2b5ce22b28ac: addNew group-5F67BC56273E:[094fd4e9-2874-4038-80ba-2b5ce22b28ac:192.168.157.226:46206] returns group-5F67BC56273E:java.util.concurrent.CompletableFuture@53e3304b[Not completed]
2019-09-19 11:16:38,726 [pool-133-thread-1] INFO  impl.RaftServerImpl (RaftServerImpl.java:<init>(93)) - 094fd4e9-2874-4038-80ba-2b5ce22b28ac: new RaftServerImpl for group-5F67BC56273E:[094fd4e9-2874-4038-80ba-2b5ce22b28ac:192.168.157.226:46206] with ContainerStateMachine:uninitialized
2019-09-19 11:16:38,726 [pool-133-thread-1] INFO  server.RaftServerConfigKeys (ConfUtils.java:logGet(43)) - raft.server.rpc.timeout.min = 5s (custom)
2019-09-19 11:16:38,726 [pool-133-thread-1] INFO  server.RaftServerConfigKeys (ConfUtils.java:logGet(43)) - raft.server.rpc.timeout.max = 5200ms (custom)
2019-09-19 11:16:38,727 [pool-133-thread-1] INFO  server.RaftServerConfigKeys (ConfUtils.java:logGet(43)) - raft.server.rpcslowness.timeout = 120s (custom)
2019-09-19 11:16:38,727 [pool-133-thread-1] INFO  server.RaftServerConfigKeys (ConfUtils.java:logGet(43)) - raft.server.sleep.deviation.threshold = 300 (default)
2019-09-19 11:16:38,727 [pool-133-thread-1] INFO  server.RaftServerConfigKeys (ConfUtils.java:logGet(43)) - raft.server.log.appender.install.snapshot.enabled = false (custom)
2019-09-19 11:16:38,727 [pool-133-thread-1] INFO  impl.RaftServerImpl (ServerState.java:<init>(105)) - 094fd4e9-2874-4038-80ba-2b5ce22b28ac:group-5F67BC56273E ConfigurationManager, init=-1: [094fd4e9-2874-4038-80ba-2b5ce22b28ac:192.168.157.226:46206], old=null, confs=<EMPTY_MAP>
2019-09-19 11:16:38,727 [pool-133-thread-1] INFO  server.RaftServerConfigKeys (ConfUtils.java:logGet(43)) - raft.server.storage.dir = [/workdir/hadoop-ozone/integration-test/target/test-dir/MiniOzoneClusterImpl-a1b41923-72f3-42e0-8473-59a9e2cbbac3/datanode-0/data/ratis] (custom)
2019-09-19 11:16:38,728 [pool-133-thread-1] INFO  storage.RaftStorageDirectory (RaftStorageDirectory.java:analyzeStorage(246)) - The storage directory /workdir/hadoop-ozone/integration-test/target/test-dir/MiniOzoneClusterImpl-a1b41923-72f3-42e0-8473-59a9e2cbbac3/datanode-0/data/ratis/bd2103fa-1722-4f97-b795-5f67bc56273e does not exist. Creating ...
2019-09-19 11:16:38,741 [pool-133-thread-1] INFO  storage.RaftStorageDirectory (RaftStorageDirectory.java:tryLock(328)) - Lock on /workdir/hadoop-ozone/integration-test/target/test-dir/MiniOzoneClusterImpl-a1b41923-72f3-42e0-8473-59a9e2cbbac3/datanode-0/data/ratis/bd2103fa-1722-4f97-b795-5f67bc56273e/in_use.lock acquired by nodename 20864@pr-hdds-1569-swxfz-3172132826
2019-09-19 11:16:38,755 [pool-133-thread-1] INFO  storage.RaftStorage (RaftStorage.java:format(72)) - Storage directory /workdir/hadoop-ozone/integration-test/target/test-dir/MiniOzoneClusterImpl-a1b41923-72f3-42e0-8473-59a9e2cbbac3/datanode-0/data/ratis/bd2103fa-1722-4f97-b795-5f67bc56273e has been successfully formatted.
2019-09-19 11:16:38,755 [pool-133-thread-1] INFO  ratis.ContainerStateMachine (ContainerStateMachine.java:loadSnapshot(226)) - group-5F67BC56273E: The snapshot info is null. Setting the last applied indexto:(t:0, i:~)
2019-09-19 11:16:38,755 [pool-133-thread-1] INFO  server.RaftServerConfigKeys (ConfUtils.java:logGet(43)) - raft.server.leader.election.timeout = 120s (custom)
2019-09-19 11:16:38,755 [pool-133-thread-1] INFO  server.RaftServerConfigKeys (ConfUtils.java:logGet(43)) - raft.server.log.use.memory = false (default)
2019-09-19 11:16:38,755 [pool-133-thread-1] INFO  server.RaftServerConfigKeys (ConfUtils.java:logGet(43)) - raft.server.log.purge.gap = 1000000 (custom)
2019-09-19 11:16:38,755 [pool-133-thread-1] INFO  server.RaftServerConfigKeys (ConfUtils.java:logGet(43)) - raft.server.log.appender.buffer.byte-limit = 33554432 (custom)
2019-09-19 11:16:38,756 [pool-133-thread-1] INFO  server.RaftServerConfigKeys (ConfUtils.java:logGet(43)) - raft.server.log.segment.size.max = 1048576 (custom)
2019-09-19 11:16:38,756 [pool-133-thread-1] INFO  server.RaftServerConfigKeys (ConfUtils.java:logGet(43)) - raft.server.log.segment.cache.num.max = 2 (custom)
2019-09-19 11:16:38,756 [pool-133-thread-1] INFO  segmented.SegmentedRaftLogWorker (SegmentedRaftLogWorker.java:<init>(172)) - new 094fd4e9-2874-4038-80ba-2b5ce22b28ac-SegmentedRaftLogWorker:Storage Directory /workdir/hadoop-ozone/integration-test/target/test-dir/MiniOzoneClusterImpl-a1b41923-72f3-42e0-8473-59a9e2cbbac3/datanode-0/data/ratis/bd2103fa-1722-4f97-b795-5f67bc56273e for RaftStorage:Storage Directory /workdir/hadoop-ozone/integration-test/target/test-dir/MiniOzoneClusterImpl-a1b41923-72f3-42e0-8473-59a9e2cbbac3/datanode-0/data/ratis/bd2103fa-1722-4f97-b795-5f67bc56273e
2019-09-19 11:16:38,756 [pool-133-thread-1] INFO  server.RaftServerConfigKeys (ConfUtils.java:logGet(43)) - raft.server.log.queue.byte-limit = 2147483647 (custom)
2019-09-19 11:16:38,756 [pool-133-thread-1] INFO  server.RaftServerConfigKeys (ConfUtils.java:logGet(43)) - raft.server.log.queue.element-limit = 1024 (custom)
2019-09-19 11:16:38,757 [pool-133-thread-1] INFO  server.RaftServerConfigKeys (ConfUtils.java:logGet(43)) - raft.server.log.segment.size.max = 1048576 (custom)
2019-09-19 11:16:38,757 [pool-133-thread-1] INFO  server.RaftServerConfigKeys (ConfUtils.java:logGet(43)) - raft.server.log.preallocated.size = 16384 (custom)
2019-09-19 11:16:38,757 [pool-133-thread-1] INFO  server.RaftServerConfigKeys (ConfUtils.java:logGet(43)) - raft.server.log.write.buffer.size = 33554432 (custom)
2019-09-19 11:16:38,757 [pool-133-thread-1] INFO  server.RaftServerConfigKeys (ConfUtils.java:logGet(43)) - raft.server.log.force.sync.num = 128 (default)
2019-09-19 11:16:38,757 [pool-133-thread-1] INFO  server.RaftServerConfigKeys (ConfUtils.java:logGet(43)) - raft.server.log.statemachine.data.sync = true (default)
2019-09-19 11:16:38,757 [pool-133-thread-1] INFO  server.RaftServerConfigKeys (ConfUtils.java:logGet(43)) - raft.server.log.statemachine.data.sync.timeout = 10s (default)
2019-09-19 11:16:38,757 [pool-133-thread-1] INFO  server.RaftServerConfigKeys (ConfUtils.java:logGet(43)) - raft.server.log.statemachine.data.sync.timeout.retry = -1 (default)
2019-09-19 11:16:38,758 [pool-133-thread-1] INFO  server.RaftServerConfigKeys (ConfUtils.java:logGet(43)) - raft.server.log.statemachine.data.caching.enabled = true (custom)
2019-09-19 11:16:38,758 [pool-133-thread-1] INFO  segmented.SegmentedRaftLogWorker (SegmentedRaftLogWorker.java:lambda$new$0(132)) - 094fd4e9-2874-4038-80ba-2b5ce22b28ac-SegmentedRaftLogWorker:Storage Directory /workdir/hadoop-ozone/integration-test/target/test-dir/MiniOzoneClusterImpl-a1b41923-72f3-42e0-8473-59a9e2cbbac3/datanode-0/data/ratis/bd2103fa-1722-4f97-b795-5f67bc56273e: flushIndex: setUnconditionally 0 -> -1
2019-09-19 11:16:38,758 [pool-133-thread-1] INFO  server.RaftServerConfigKeys (ConfUtils.java:logGet(43)) - raft.server.snapshot.auto.trigger.enabled = true (custom)
2019-09-19 11:16:38,758 [pool-133-thread-1] INFO  server.RaftServerConfigKeys (ConfUtils.java:logGet(43)) - raft.server.snapshot.auto.trigger.threshold = 10000 (custom)
2019-09-19 11:16:38,759 [pool-133-thread-1] INFO  server.RaftServerConfigKeys (ConfUtils.java:logGet(43)) - raft.server.retrycache.expirytime = 600000ms (custom)
2019-09-19 11:16:38,759 [pool-133-thread-1] INFO  impl.RaftServerImpl (RaftServerImpl.java:start(180)) - 094fd4e9-2874-4038-80ba-2b5ce22b28ac: start group-5F67BC56273E
2019-09-19 11:16:38,759 [pool-133-thread-1] INFO  impl.RaftServerImpl (RaftServerImpl.java:setRole(171)) - 094fd4e9-2874-4038-80ba-2b5ce22b28ac:group-5F67BC56273E changes role from null to FOLLOWER at term 0 for startAsFollower
2019-09-19 11:16:38,759 [pool-133-thread-1] INFO  impl.RoleInfo (RoleInfo.java:updateAndGet(143)) - 094fd4e9-2874-4038-80ba-2b5ce22b28ac: start FollowerState
2019-09-19 11:16:38,760 [pool-133-thread-1] INFO  util.JmxRegister (JmxRegister.java:tryRegister(44)) - Successfully registered JMX Bean with object name Ratis:service=RaftServer,group=group-5F67BC56273E,id=094fd4e9-2874-4038-80ba-2b5ce22b28ac
2019-09-19 11:16:38,765 [RatisPipelineUtilsThread] INFO  pipeline.PipelineStateManager (PipelineStateManager.java:addPipeline(56)) - Created pipeline Pipeline[ Id: bd2103fa-1722-4f97-b795-5f67bc56273e, Nodes: 094fd4e9-2874-4038-80ba-2b5ce22b28ac{ip: 192.168.157.226, host: pr-hdds-1569-swxfz-3172132826, networkLocation: /default-rack, certSerialId: null}, Type:RATIS, Factor:ONE, State:OPEN]
2019-09-19 11:16:38,782 [grpc-default-executor-0] INFO  impl.RaftServerProxy (RaftServerProxy.java:addNew(89)) - 094fd4e9-2874-4038-80ba-2b5ce22b28ac: addNew group-490E5471D236:[094fd4e9-2874-4038-80ba-2b5ce22b28ac:192.168.157.226:46206] returns group-490E5471D236:java.util.concurrent.CompletableFuture@2e4093c[Not completed]
2019-09-19 11:16:38,783 [pool-133-thread-1] INFO  impl.RaftServerImpl (RaftServerImpl.java:<init>(93)) - 094fd4e9-2874-4038-80ba-2b5ce22b28ac: new RaftServerImpl for group-490E5471D236:[094fd4e9-2874-4038-80ba-2b5ce22b28ac:192.168.157.226:46206] with ContainerStateMachine:uninitialized
2019-09-19 11:16:38,783 [pool-133-thread-1] INFO  server.RaftServerConfigKeys (ConfUtils.java:logGet(43)) - raft.server.rpc.timeout.min = 5s (custom)
2019-09-19 11:16:38,783 [pool-133-thread-1] INFO  server.RaftServerConfigKeys (ConfUtils.java:logGet(43)) - raft.server.rpc.timeout.max = 5200ms (custom)
2019-09-19 11:16:38,783 [pool-133-thread-1] INFO  server.RaftServerConfigKeys (ConfUtils.java:logGet(43)) - raft.server.rpcslowness.timeout = 120s (custom)
2019-09-19 11:16:38,784 [pool-133-thread-1] INFO  server.RaftServerConfigKeys (ConfUtils.java:logGet(43)) - raft.server.sleep.deviation.threshold = 300 (default)
2019-09-19 11:16:38,784 [pool-133-thread-1] INFO  server.RaftServerConfigKeys (ConfUtils.java:logGet(43)) - raft.server.log.appender.install.snapshot.enabled = false (custom)
2019-09-19 11:16:38,784 [pool-133-thread-1] INFO  impl.RaftServerImpl (ServerState.java:<init>(105)) - 094fd4e9-2874-4038-80ba-2b5ce22b28ac:group-490E5471D236 ConfigurationManager, init=-1: [094fd4e9-2874-4038-80ba-2b5ce22b28ac:192.168.157.226:46206], old=null, confs=<EMPTY_MAP>
2019-09-19 11:16:38,784 [pool-133-thread-1] INFO  server.RaftServerConfigKeys (ConfUtils.java:logGet(43)) - raft.server.storage.dir = [/workdir/hadoop-ozone/integration-test/target/test-dir/MiniOzoneClusterImpl-a1b41923-72f3-42e0-8473-59a9e2cbbac3/datanode-0/data/ratis] (custom)
2019-09-19 11:16:38,784 [pool-133-thread-1] INFO  storage.RaftStorageDirectory (RaftStorageDirectory.java:analyzeStorage(246)) - The storage directory /workdir/hadoop-ozone/integration-test/target/test-dir/MiniOzoneClusterImpl-a1b41923-72f3-42e0-8473-59a9e2cbbac3/datanode-0/data/ratis/bb43fe34-6310-4856-b8bb-490e5471d236 does not exist. Creating ...
2019-09-19 11:16:38,797 [pool-133-thread-1] INFO  storage.RaftStorageDirectory (RaftStorageDirectory.java:tryLock(328)) - Lock on /workdir/hadoop-ozone/integration-test/target/test-dir/MiniOzoneClusterImpl-a1b41923-72f3-42e0-8473-59a9e2cbbac3/datanode-0/data/ratis/bb43fe34-6310-4856-b8bb-490e5471d236/in_use.lock acquired by nodename 20864@pr-hdds-1569-swxfz-3172132826
2019-09-19 11:16:38,810 [pool-133-thread-1] INFO  storage.RaftStorage (RaftStorage.java:format(72)) - Storage directory /workdir/hadoop-ozone/integration-test/target/test-dir/MiniOzoneClusterImpl-a1b41923-72f3-42e0-8473-59a9e2cbbac3/datanode-0/data/ratis/bb43fe34-6310-4856-b8bb-490e5471d236 has been successfully formatted.
2019-09-19 11:16:38,810 [pool-133-thread-1] INFO  ratis.ContainerStateMachine (ContainerStateMachine.java:loadSnapshot(226)) - group-490E5471D236: The snapshot info is null. Setting the last applied indexto:(t:0, i:~)
2019-09-19 11:16:38,810 [pool-133-thread-1] INFO  server.RaftServerConfigKeys (ConfUtils.java:logGet(43)) - raft.server.leader.election.timeout = 120s (custom)
2019-09-19 11:16:38,810 [pool-133-thread-1] INFO  server.RaftServerConfigKeys (ConfUtils.java:logGet(43)) - raft.server.log.use.memory = false (default)
2019-09-19 11:16:38,813 [pool-133-thread-1] INFO  server.RaftServerConfigKeys (ConfUtils.java:logGet(43)) - raft.server.log.purge.gap = 1000000 (custom)
2019-09-19 11:16:38,813 [pool-133-thread-1] INFO  server.RaftServerConfigKeys (ConfUtils.java:logGet(43)) - raft.server.log.appender.buffer.byte-limit = 33554432 (custom)
2019-09-19 11:16:38,813 [pool-133-thread-1] INFO  server.RaftServerConfigKeys (ConfUtils.java:logGet(43)) - raft.server.log.segment.size.max = 1048576 (custom)
2019-09-19 11:16:38,813 [pool-133-thread-1] INFO  server.RaftServerConfigKeys (ConfUtils.java:logGet(43)) - raft.server.log.segment.cache.num.max = 2 (custom)
2019-09-19 11:16:38,813 [pool-133-thread-1] INFO  segmented.SegmentedRaftLogWorker (SegmentedRaftLogWorker.java:<init>(172)) - new 094fd4e9-2874-4038-80ba-2b5ce22b28ac-SegmentedRaftLogWorker:Storage Directory /workdir/hadoop-ozone/integration-test/target/test-dir/MiniOzoneClusterImpl-a1b41923-72f3-42e0-8473-59a9e2cbbac3/datanode-0/data/ratis/bb43fe34-6310-4856-b8bb-490e5471d236 for RaftStorage:Storage Directory /workdir/hadoop-ozone/integration-test/target/test-dir/MiniOzoneClusterImpl-a1b41923-72f3-42e0-8473-59a9e2cbbac3/datanode-0/data/ratis/bb43fe34-6310-4856-b8bb-490e5471d236
2019-09-19 11:16:38,813 [pool-133-thread-1] INFO  server.RaftServerConfigKeys (ConfUtils.java:logGet(43)) - raft.server.log.queue.byte-limit = 2147483647 (custom)
2019-09-19 11:16:38,813 [pool-133-thread-1] INFO  server.RaftServerConfigKeys (ConfUtils.java:logGet(43)) - raft.server.log.queue.element-limit = 1024 (custom)
2019-09-19 11:16:38,814 [pool-133-thread-1] INFO  server.RaftServerConfigKeys (ConfUtils.java:logGet(43)) - raft.server.log.segment.size.max = 1048576 (custom)
2019-09-19 11:16:38,814 [pool-133-thread-1] INFO  server.RaftServerConfigKeys (ConfUtils.java:logGet(43)) - raft.server.log.preallocated.size = 16384 (custom)
2019-09-19 11:16:38,814 [pool-133-thread-1] INFO  server.RaftServerConfigKeys (ConfUtils.java:logGet(43)) - raft.server.log.write.buffer.size = 33554432 (custom)
2019-09-19 11:16:38,814 [pool-133-thread-1] INFO  server.RaftServerConfigKeys (ConfUtils.java:logGet(43)) - raft.server.log.force.sync.num = 128 (default)
2019-09-19 11:16:38,814 [pool-133-thread-1] INFO  server.RaftServerConfigKeys (ConfUtils.java:logGet(43)) - raft.server.log.statemachine.data.sync = true (default)
2019-09-19 11:16:38,814 [pool-133-thread-1] INFO  server.RaftServerConfigKeys (ConfUtils.java:logGet(43)) - raft.server.log.statemachine.data.sync.timeout = 10s (default)
2019-09-19 11:16:38,815 [pool-133-thread-1] INFO  server.RaftServerConfigKeys (ConfUtils.java:logGet(43)) - raft.server.log.statemachine.data.sync.timeout.retry = -1 (default)
2019-09-19 11:16:38,815 [pool-133-thread-1] INFO  server.RaftServerConfigKeys (ConfUtils.java:logGet(43)) - raft.server.log.statemachine.data.caching.enabled = true (custom)
2019-09-19 11:16:38,815 [pool-133-thread-1] INFO  segmented.SegmentedRaftLogWorker (SegmentedRaftLogWorker.java:lambda$new$0(132)) - 094fd4e9-2874-4038-80ba-2b5ce22b28ac-SegmentedRaftLogWorker:Storage Directory /workdir/hadoop-ozone/integration-test/target/test-dir/MiniOzoneClusterImpl-a1b41923-72f3-42e0-8473-59a9e2cbbac3/datanode-0/data/ratis/bb43fe34-6310-4856-b8bb-490e5471d236: flushIndex: setUnconditionally 0 -> -1
2019-09-19 11:16:38,815 [pool-133-thread-1] INFO  server.RaftServerConfigKeys (ConfUtils.java:logGet(43)) - raft.server.snapshot.auto.trigger.enabled = true (custom)
2019-09-19 11:16:38,815 [pool-133-thread-1] INFO  server.RaftServerConfigKeys (ConfUtils.java:logGet(43)) - raft.server.snapshot.auto.trigger.threshold = 10000 (custom)
2019-09-19 11:16:38,816 [pool-133-thread-1] INFO  server.RaftServerConfigKeys (ConfUtils.java:logGet(43)) - raft.server.retrycache.expirytime = 600000ms (custom)
2019-09-19 11:16:38,816 [pool-133-thread-1] INFO  impl.RaftServerImpl (RaftServerImpl.java:start(180)) - 094fd4e9-2874-4038-80ba-2b5ce22b28ac: start group-490E5471D236
2019-09-19 11:16:38,816 [pool-133-thread-1] INFO  impl.RaftServerImpl (RaftServerImpl.java:setRole(171)) - 094fd4e9-2874-4038-80ba-2b5ce22b28ac:group-490E5471D236 changes role from null to FOLLOWER at term 0 for startAsFollower
2019-09-19 11:16:38,816 [pool-133-thread-1] INFO  impl.RoleInfo (RoleInfo.java:updateAndGet(143)) - 094fd4e9-2874-4038-80ba-2b5ce22b28ac: start FollowerState
2019-09-19 11:16:38,816 [pool-133-thread-1] INFO  util.JmxRegister (JmxRegister.java:tryRegister(44)) - Successfully registered JMX Bean with object name Ratis:service=RaftServer,group=group-490E5471D236,id=094fd4e9-2874-4038-80ba-2b5ce22b28ac
2019-09-19 11:16:38,823 [RatisPipelineUtilsThread] INFO  pipeline.PipelineStateManager (PipelineStateManager.java:addPipeline(56)) - Created pipeline Pipeline[ Id: bb43fe34-6310-4856-b8bb-490e5471d236, Nodes: 094fd4e9-2874-4038-80ba-2b5ce22b28ac{ip: 192.168.157.226, host: pr-hdds-1569-swxfz-3172132826, networkLocation: /default-rack, certSerialId: null}, Type:RATIS, Factor:ONE, State:OPEN]
2019-09-19 11:16:38,846 [grpc-default-executor-0] INFO  impl.RaftServerProxy (RaftServerProxy.java:addNew(89)) - 094fd4e9-2874-4038-80ba-2b5ce22b28ac: addNew group-3D735B044CCB:[094fd4e9-2874-4038-80ba-2b5ce22b28ac:192.168.157.226:46206] returns group-3D735B044CCB:java.util.concurrent.CompletableFuture@13f5e233[Not completed]
2019-09-19 11:16:38,848 [pool-133-thread-1] INFO  impl.RaftServerImpl (RaftServerImpl.java:<init>(93)) - 094fd4e9-2874-4038-80ba-2b5ce22b28ac: new RaftServerImpl for group-3D735B044CCB:[094fd4e9-2874-4038-80ba-2b5ce22b28ac:192.168.157.226:46206] with ContainerStateMachine:uninitialized
2019-09-19 11:16:38,848 [pool-133-thread-1] INFO  server.RaftServerConfigKeys (ConfUtils.java:logGet(43)) - raft.server.rpc.timeout.min = 5s (custom)
2019-09-19 11:16:38,848 [pool-133-thread-1] INFO  server.RaftServerConfigKeys (ConfUtils.java:logGet(43)) - raft.server.rpc.timeout.max = 5200ms (custom)
2019-09-19 11:16:38,848 [pool-133-thread-1] INFO  server.RaftServerConfigKeys (ConfUtils.java:logGet(43)) - raft.server.rpcslowness.timeout = 120s (custom)
2019-09-19 11:16:38,848 [pool-133-thread-1] INFO  server.RaftServerConfigKeys (ConfUtils.java:logGet(43)) - raft.server.sleep.deviation.threshold = 300 (default)
2019-09-19 11:16:38,848 [pool-133-thread-1] INFO  server.RaftServerConfigKeys (ConfUtils.java:logGet(43)) - raft.server.log.appender.install.snapshot.enabled = false (custom)
2019-09-19 11:16:38,849 [pool-133-thread-1] INFO  impl.RaftServerImpl (ServerState.java:<init>(105)) - 094fd4e9-2874-4038-80ba-2b5ce22b28ac:group-3D735B044CCB ConfigurationManager, init=-1: [094fd4e9-2874-4038-80ba-2b5ce22b28ac:192.168.157.226:46206], old=null, confs=<EMPTY_MAP>
2019-09-19 11:16:38,849 [pool-133-thread-1] INFO  server.RaftServerConfigKeys (ConfUtils.java:logGet(43)) - raft.server.storage.dir = [/workdir/hadoop-ozone/integration-test/target/test-dir/MiniOzoneClusterImpl-a1b41923-72f3-42e0-8473-59a9e2cbbac3/datanode-0/data/ratis] (custom)
2019-09-19 11:16:38,849 [pool-133-thread-1] INFO  storage.RaftStorageDirectory (RaftStorageDirectory.java:analyzeStorage(246)) - The storage directory /workdir/hadoop-ozone/integration-test/target/test-dir/MiniOzoneClusterImpl-a1b41923-72f3-42e0-8473-59a9e2cbbac3/datanode-0/data/ratis/43cc5e2f-6ab7-49b5-9789-3d735b044ccb does not exist. Creating ...
2019-09-19 11:16:38,863 [pool-133-thread-1] INFO  storage.RaftStorageDirectory (RaftStorageDirectory.java:tryLock(328)) - Lock on /workdir/hadoop-ozone/integration-test/target/test-dir/MiniOzoneClusterImpl-a1b41923-72f3-42e0-8473-59a9e2cbbac3/datanode-0/data/ratis/43cc5e2f-6ab7-49b5-9789-3d735b044ccb/in_use.lock acquired by nodename 20864@pr-hdds-1569-swxfz-3172132826
2019-09-19 11:16:38,877 [pool-133-thread-1] INFO  storage.RaftStorage (RaftStorage.java:format(72)) - Storage directory /workdir/hadoop-ozone/integration-test/target/test-dir/MiniOzoneClusterImpl-a1b41923-72f3-42e0-8473-59a9e2cbbac3/datanode-0/data/ratis/43cc5e2f-6ab7-49b5-9789-3d735b044ccb has been successfully formatted.
2019-09-19 11:16:38,877 [pool-133-thread-1] INFO  ratis.ContainerStateMachine (ContainerStateMachine.java:loadSnapshot(226)) - group-3D735B044CCB: The snapshot info is null. Setting the last applied indexto:(t:0, i:~)
2019-09-19 11:16:38,877 [pool-133-thread-1] INFO  server.RaftServerConfigKeys (ConfUtils.java:logGet(43)) - raft.server.leader.election.timeout = 120s (custom)
2019-09-19 11:16:38,877 [pool-133-thread-1] INFO  server.RaftServerConfigKeys (ConfUtils.java:logGet(43)) - raft.server.log.use.memory = false (default)
2019-09-19 11:16:38,878 [pool-133-thread-1] INFO  server.RaftServerConfigKeys (ConfUtils.java:logGet(43)) - raft.server.log.purge.gap = 1000000 (custom)
2019-09-19 11:16:38,878 [pool-133-thread-1] INFO  server.RaftServerConfigKeys (ConfUtils.java:logGet(43)) - raft.server.log.appender.buffer.byte-limit = 33554432 (custom)
2019-09-19 11:16:38,878 [pool-133-thread-1] INFO  server.RaftServerConfigKeys (ConfUtils.java:logGet(43)) - raft.server.log.segment.size.max = 1048576 (custom)
2019-09-19 11:16:38,878 [pool-133-thread-1] INFO  server.RaftServerConfigKeys (ConfUtils.java:logGet(43)) - raft.server.log.segment.cache.num.max = 2 (custom)
2019-09-19 11:16:38,878 [pool-133-thread-1] INFO  segmented.SegmentedRaftLogWorker (SegmentedRaftLogWorker.java:<init>(172)) - new 094fd4e9-2874-4038-80ba-2b5ce22b28ac-SegmentedRaftLogWorker:Storage Directory /workdir/hadoop-ozone/integration-test/target/test-dir/MiniOzoneClusterImpl-a1b41923-72f3-42e0-8473-59a9e2cbbac3/datanode-0/data/ratis/43cc5e2f-6ab7-49b5-9789-3d735b044ccb for RaftStorage:Storage Directory /workdir/hadoop-ozone/integration-test/target/test-dir/MiniOzoneClusterImpl-a1b41923-72f3-42e0-8473-59a9e2cbbac3/datanode-0/data/ratis/43cc5e2f-6ab7-49b5-9789-3d735b044ccb
2019-09-19 11:16:38,879 [pool-133-thread-1] INFO  server.RaftServerConfigKeys (ConfUtils.java:logGet(43)) - raft.server.log.queue.byte-limit = 2147483647 (custom)
2019-09-19 11:16:38,879 [pool-133-thread-1] INFO  server.RaftServerConfigKeys (ConfUtils.java:logGet(43)) - raft.server.log.queue.element-limit = 1024 (custom)
2019-09-19 11:16:38,879 [pool-133-thread-1] INFO  server.RaftServerConfigKeys (ConfUtils.java:logGet(43)) - raft.server.log.segment.size.max = 1048576 (custom)
2019-09-19 11:16:38,879 [pool-133-thread-1] INFO  server.RaftServerConfigKeys (ConfUtils.java:logGet(43)) - raft.server.log.preallocated.size = 16384 (custom)
2019-09-19 11:16:38,879 [pool-133-thread-1] INFO  server.RaftServerConfigKeys (ConfUtils.java:logGet(43)) - raft.server.log.write.buffer.size = 33554432 (custom)
2019-09-19 11:16:38,879 [pool-133-thread-1] INFO  server.RaftServerConfigKeys (ConfUtils.java:logGet(43)) - raft.server.log.force.sync.num = 128 (default)
2019-09-19 11:16:38,880 [pool-133-thread-1] INFO  server.RaftServerConfigKeys (ConfUtils.java:logGet(43)) - raft.server.log.statemachine.data.sync = true (default)
2019-09-19 11:16:38,880 [pool-133-thread-1] INFO  server.RaftServerConfigKeys (ConfUtils.java:logGet(43)) - raft.server.log.statemachine.data.sync.timeout = 10s (default)
2019-09-19 11:16:38,880 [pool-133-thread-1] INFO  server.RaftServerConfigKeys (ConfUtils.java:logGet(43)) - raft.server.log.statemachine.data.sync.timeout.retry = -1 (default)
2019-09-19 11:16:38,881 [pool-133-thread-1] INFO  server.RaftServerConfigKeys (ConfUtils.java:logGet(43)) - raft.server.log.statemachine.data.caching.enabled = true (custom)
2019-09-19 11:16:38,881 [pool-133-thread-1] INFO  segmented.SegmentedRaftLogWorker (SegmentedRaftLogWorker.java:lambda$new$0(132)) - 094fd4e9-2874-4038-80ba-2b5ce22b28ac-SegmentedRaftLogWorker:Storage Directory /workdir/hadoop-ozone/integration-test/target/test-dir/MiniOzoneClusterImpl-a1b41923-72f3-42e0-8473-59a9e2cbbac3/datanode-0/data/ratis/43cc5e2f-6ab7-49b5-9789-3d735b044ccb: flushIndex: setUnconditionally 0 -> -1
2019-09-19 11:16:38,882 [pool-133-thread-1] INFO  server.RaftServerConfigKeys (ConfUtils.java:logGet(43)) - raft.server.snapshot.auto.trigger.enabled = true (custom)
2019-09-19 11:16:38,882 [pool-133-thread-1] INFO  server.RaftServerConfigKeys (ConfUtils.java:logGet(43)) - raft.server.snapshot.auto.trigger.threshold = 10000 (custom)
2019-09-19 11:16:38,882 [pool-133-thread-1] INFO  server.RaftServerConfigKeys (ConfUtils.java:logGet(43)) - raft.server.retrycache.expirytime = 600000ms (custom)
2019-09-19 11:16:38,883 [pool-133-thread-1] INFO  impl.RaftServerImpl (RaftServerImpl.java:start(180)) - 094fd4e9-2874-4038-80ba-2b5ce22b28ac: start group-3D735B044CCB
2019-09-19 11:16:38,883 [pool-133-thread-1] INFO  impl.RaftServerImpl (RaftServerImpl.java:setRole(171)) - 094fd4e9-2874-4038-80ba-2b5ce22b28ac:group-3D735B044CCB changes role from null to FOLLOWER at term 0 for startAsFollower
2019-09-19 11:16:38,883 [pool-133-thread-1] INFO  impl.RoleInfo (RoleInfo.java:updateAndGet(143)) - 094fd4e9-2874-4038-80ba-2b5ce22b28ac: start FollowerState
2019-09-19 11:16:38,888 [pool-133-thread-1] INFO  util.JmxRegister (JmxRegister.java:tryRegister(44)) - Successfully registered JMX Bean with object name Ratis:service=RaftServer,group=group-3D735B044CCB,id=094fd4e9-2874-4038-80ba-2b5ce22b28ac
2019-09-19 11:16:38,897 [RatisPipelineUtilsThread] INFO  pipeline.PipelineStateManager (PipelineStateManager.java:addPipeline(56)) - Created pipeline Pipeline[ Id: 43cc5e2f-6ab7-49b5-9789-3d735b044ccb, Nodes: 094fd4e9-2874-4038-80ba-2b5ce22b28ac{ip: 192.168.157.226, host: pr-hdds-1569-swxfz-3172132826, networkLocation: /default-rack, certSerialId: null}, Type:RATIS, Factor:ONE, State:OPEN]
2019-09-19 11:16:38,903 [grpc-default-executor-0] INFO  impl.RaftServerProxy (RaftServerProxy.java:addNew(89)) - 094fd4e9-2874-4038-80ba-2b5ce22b28ac: addNew group-28BEA005F708:[094fd4e9-2874-4038-80ba-2b5ce22b28ac:192.168.157.226:46206] returns group-28BEA005F708:java.util.concurrent.CompletableFuture@6aaf779[Not completed]
2019-09-19 11:16:38,904 [pool-133-thread-1] INFO  impl.RaftServerImpl (RaftServerImpl.java:<init>(93)) - 094fd4e9-2874-4038-80ba-2b5ce22b28ac: new RaftServerImpl for group-28BEA005F708:[094fd4e9-2874-4038-80ba-2b5ce22b28ac:192.168.157.226:46206] with ContainerStateMachine:uninitialized
2019-09-19 11:16:38,904 [pool-133-thread-1] INFO  server.RaftServerConfigKeys (ConfUtils.java:logGet(43)) - raft.server.rpc.timeout.min = 5s (custom)
2019-09-19 11:16:38,904 [pool-133-thread-1] INFO  server.RaftServerConfigKeys (ConfUtils.java:logGet(43)) - raft.server.rpc.timeout.max = 5200ms (custom)
2019-09-19 11:16:38,904 [pool-133-thread-1] INFO  server.RaftServerConfigKeys (ConfUtils.java:logGet(43)) - raft.server.rpcslowness.timeout = 120s (custom)
2019-09-19 11:16:38,905 [pool-133-thread-1] INFO  server.RaftServerConfigKeys (ConfUtils.java:logGet(43)) - raft.server.sleep.deviation.threshold = 300 (default)
2019-09-19 11:16:38,905 [pool-133-thread-1] INFO  server.RaftServerConfigKeys (ConfUtils.java:logGet(43)) - raft.server.log.appender.install.snapshot.enabled = false (custom)
2019-09-19 11:16:38,905 [pool-133-thread-1] INFO  impl.RaftServerImpl (ServerState.java:<init>(105)) - 094fd4e9-2874-4038-80ba-2b5ce22b28ac:group-28BEA005F708 ConfigurationManager, init=-1: [094fd4e9-2874-4038-80ba-2b5ce22b28ac:192.168.157.226:46206], old=null, confs=<EMPTY_MAP>
2019-09-19 11:16:38,905 [pool-133-thread-1] INFO  server.RaftServerConfigKeys (ConfUtils.java:logGet(43)) - raft.server.storage.dir = [/workdir/hadoop-ozone/integration-test/target/test-dir/MiniOzoneClusterImpl-a1b41923-72f3-42e0-8473-59a9e2cbbac3/datanode-0/data/ratis] (custom)
2019-09-19 11:16:38,905 [pool-133-thread-1] INFO  storage.RaftStorageDirectory (RaftStorageDirectory.java:analyzeStorage(246)) - The storage directory /workdir/hadoop-ozone/integration-test/target/test-dir/MiniOzoneClusterImpl-a1b41923-72f3-42e0-8473-59a9e2cbbac3/datanode-0/data/ratis/191683b0-3336-485b-92d6-28bea005f708 does not exist. Creating ...
2019-09-19 11:16:38,919 [pool-133-thread-1] INFO  storage.RaftStorageDirectory (RaftStorageDirectory.java:tryLock(328)) - Lock on /workdir/hadoop-ozone/integration-test/target/test-dir/MiniOzoneClusterImpl-a1b41923-72f3-42e0-8473-59a9e2cbbac3/datanode-0/data/ratis/191683b0-3336-485b-92d6-28bea005f708/in_use.lock acquired by nodename 20864@pr-hdds-1569-swxfz-3172132826
2019-09-19 11:16:38,945 [pool-133-thread-1] INFO  storage.RaftStorage (RaftStorage.java:format(72)) - Storage directory /workdir/hadoop-ozone/integration-test/target/test-dir/MiniOzoneClusterImpl-a1b41923-72f3-42e0-8473-59a9e2cbbac3/datanode-0/data/ratis/191683b0-3336-485b-92d6-28bea005f708 has been successfully formatted.
2019-09-19 11:16:38,946 [pool-133-thread-1] INFO  ratis.ContainerStateMachine (ContainerStateMachine.java:loadSnapshot(226)) - group-28BEA005F708: The snapshot info is null. Setting the last applied indexto:(t:0, i:~)
2019-09-19 11:16:38,946 [pool-133-thread-1] INFO  server.RaftServerConfigKeys (ConfUtils.java:logGet(43)) - raft.server.leader.election.timeout = 120s (custom)
2019-09-19 11:16:38,946 [pool-133-thread-1] INFO  server.RaftServerConfigKeys (ConfUtils.java:logGet(43)) - raft.server.log.use.memory = false (default)
2019-09-19 11:16:38,946 [pool-133-thread-1] INFO  server.RaftServerConfigKeys (ConfUtils.java:logGet(43)) - raft.server.log.purge.gap = 1000000 (custom)
2019-09-19 11:16:38,946 [pool-133-thread-1] INFO  server.RaftServerConfigKeys (ConfUtils.java:logGet(43)) - raft.server.log.appender.buffer.byte-limit = 33554432 (custom)
2019-09-19 11:16:38,947 [pool-133-thread-1] INFO  server.RaftServerConfigKeys (ConfUtils.java:logGet(43)) - raft.server.log.segment.size.max = 1048576 (custom)
2019-09-19 11:16:38,947 [pool-133-thread-1] INFO  server.RaftServerConfigKeys (ConfUtils.java:logGet(43)) - raft.server.log.segment.cache.num.max = 2 (custom)
2019-09-19 11:16:38,947 [pool-133-thread-1] INFO  segmented.SegmentedRaftLogWorker (SegmentedRaftLogWorker.java:<init>(172)) - new 094fd4e9-2874-4038-80ba-2b5ce22b28ac-SegmentedRaftLogWorker:Storage Directory /workdir/hadoop-ozone/integration-test/target/test-dir/MiniOzoneClusterImpl-a1b41923-72f3-42e0-8473-59a9e2cbbac3/datanode-0/data/ratis/191683b0-3336-485b-92d6-28bea005f708 for RaftStorage:Storage Directory /workdir/hadoop-ozone/integration-test/target/test-dir/MiniOzoneClusterImpl-a1b41923-72f3-42e0-8473-59a9e2cbbac3/datanode-0/data/ratis/191683b0-3336-485b-92d6-28bea005f708
2019-09-19 11:16:38,947 [pool-133-thread-1] INFO  server.RaftServerConfigKeys (ConfUtils.java:logGet(43)) - raft.server.log.queue.byte-limit = 2147483647 (custom)
2019-09-19 11:16:38,947 [pool-133-thread-1] INFO  server.RaftServerConfigKeys (ConfUtils.java:logGet(43)) - raft.server.log.queue.element-limit = 1024 (custom)
2019-09-19 11:16:38,947 [pool-133-thread-1] INFO  server.RaftServerConfigKeys (ConfUtils.java:logGet(43)) - raft.server.log.segment.size.max = 1048576 (custom)
2019-09-19 11:16:38,947 [pool-133-thread-1] INFO  server.RaftServerConfigKeys (ConfUtils.java:logGet(43)) - raft.server.log.preallocated.size = 16384 (custom)
2019-09-19 11:16:38,947 [pool-133-thread-1] INFO  server.RaftServerConfigKeys (ConfUtils.java:logGet(43)) - raft.server.log.write.buffer.size = 33554432 (custom)
2019-09-19 11:16:38,948 [pool-133-thread-1] INFO  server.RaftServerConfigKeys (ConfUtils.java:logGet(43)) - raft.server.log.force.sync.num = 128 (default)
2019-09-19 11:16:38,948 [pool-133-thread-1] INFO  server.RaftServerConfigKeys (ConfUtils.java:logGet(43)) - raft.server.log.statemachine.data.sync = true (default)
2019-09-19 11:16:38,948 [pool-133-thread-1] INFO  server.RaftServerConfigKeys (ConfUtils.java:logGet(43)) - raft.server.log.statemachine.data.sync.timeout = 10s (default)
2019-09-19 11:16:38,948 [pool-133-thread-1] INFO  server.RaftServerConfigKeys (ConfUtils.java:logGet(43)) - raft.server.log.statemachine.data.sync.timeout.retry = -1 (default)
2019-09-19 11:16:38,948 [pool-133-thread-1] INFO  server.RaftServerConfigKeys (ConfUtils.java:logGet(43)) - raft.server.log.statemachine.data.caching.enabled = true (custom)
2019-09-19 11:16:38,948 [pool-133-thread-1] INFO  segmented.SegmentedRaftLogWorker (SegmentedRaftLogWorker.java:lambda$new$0(132)) - 094fd4e9-2874-4038-80ba-2b5ce22b28ac-SegmentedRaftLogWorker:Storage Directory /workdir/hadoop-ozone/integration-test/target/test-dir/MiniOzoneClusterImpl-a1b41923-72f3-42e0-8473-59a9e2cbbac3/datanode-0/data/ratis/191683b0-3336-485b-92d6-28bea005f708: flushIndex: setUnconditionally 0 -> -1
2019-09-19 11:16:38,949 [pool-133-thread-1] INFO  server.RaftServerConfigKeys (ConfUtils.java:logGet(43)) - raft.server.snapshot.auto.trigger.enabled = true (custom)
2019-09-19 11:16:38,949 [pool-133-thread-1] INFO  server.RaftServerConfigKeys (ConfUtils.java:logGet(43)) - raft.server.snapshot.auto.trigger.threshold = 10000 (custom)
2019-09-19 11:16:38,949 [pool-133-thread-1] INFO  server.RaftServerConfigKeys (ConfUtils.java:logGet(43)) - raft.server.retrycache.expirytime = 600000ms (custom)
2019-09-19 11:16:38,949 [pool-133-thread-1] INFO  impl.RaftServerImpl (RaftServerImpl.java:start(180)) - 094fd4e9-2874-4038-80ba-2b5ce22b28ac: start group-28BEA005F708
2019-09-19 11:16:38,949 [pool-133-thread-1] INFO  impl.RaftServerImpl (RaftServerImpl.java:setRole(171)) - 094fd4e9-2874-4038-80ba-2b5ce22b28ac:group-28BEA005F708 changes role from null to FOLLOWER at term 0 for startAsFollower
2019-09-19 11:16:38,950 [pool-133-thread-1] INFO  impl.RoleInfo (RoleInfo.java:updateAndGet(143)) - 094fd4e9-2874-4038-80ba-2b5ce22b28ac: start FollowerState
2019-09-19 11:16:38,950 [pool-133-thread-1] INFO  util.JmxRegister (JmxRegister.java:tryRegister(44)) - Successfully registered JMX Bean with object name Ratis:service=RaftServer,group=group-28BEA005F708,id=094fd4e9-2874-4038-80ba-2b5ce22b28ac
2019-09-19 11:16:38,953 [RatisPipelineUtilsThread] INFO  pipeline.PipelineStateManager (PipelineStateManager.java:addPipeline(56)) - Created pipeline Pipeline[ Id: 191683b0-3336-485b-92d6-28bea005f708, Nodes: 094fd4e9-2874-4038-80ba-2b5ce22b28ac{ip: 192.168.157.226, host: pr-hdds-1569-swxfz-3172132826, networkLocation: /default-rack, certSerialId: null}, Type:RATIS, Factor:ONE, State:OPEN]
2019-09-19 11:16:38,959 [grpc-default-executor-0] INFO  impl.RaftServerProxy (RaftServerProxy.java:addNew(89)) - 094fd4e9-2874-4038-80ba-2b5ce22b28ac: addNew group-723CC1E1D26D:[094fd4e9-2874-4038-80ba-2b5ce22b28ac:192.168.157.226:46206] returns group-723CC1E1D26D:java.util.concurrent.CompletableFuture@14039bfd[Not completed]
2019-09-19 11:16:38,960 [pool-133-thread-1] INFO  impl.RaftServerImpl (RaftServerImpl.java:<init>(93)) - 094fd4e9-2874-4038-80ba-2b5ce22b28ac: new RaftServerImpl for group-723CC1E1D26D:[094fd4e9-2874-4038-80ba-2b5ce22b28ac:192.168.157.226:46206] with ContainerStateMachine:uninitialized
2019-09-19 11:16:38,960 [pool-133-thread-1] INFO  server.RaftServerConfigKeys (ConfUtils.java:logGet(43)) - raft.server.rpc.timeout.min = 5s (custom)
2019-09-19 11:16:38,960 [pool-133-thread-1] INFO  server.RaftServerConfigKeys (ConfUtils.java:logGet(43)) - raft.server.rpc.timeout.max = 5200ms (custom)
2019-09-19 11:16:38,960 [pool-133-thread-1] INFO  server.RaftServerConfigKeys (ConfUtils.java:logGet(43)) - raft.server.rpcslowness.timeout = 120s (custom)
2019-09-19 11:16:38,960 [pool-133-thread-1] INFO  server.RaftServerConfigKeys (ConfUtils.java:logGet(43)) - raft.server.sleep.deviation.threshold = 300 (default)
2019-09-19 11:16:38,961 [pool-133-thread-1] INFO  server.RaftServerConfigKeys (ConfUtils.java:logGet(43)) - raft.server.log.appender.install.snapshot.enabled = false (custom)
2019-09-19 11:16:38,961 [pool-133-thread-1] INFO  impl.RaftServerImpl (ServerState.java:<init>(105)) - 094fd4e9-2874-4038-80ba-2b5ce22b28ac:group-723CC1E1D26D ConfigurationManager, init=-1: [094fd4e9-2874-4038-80ba-2b5ce22b28ac:192.168.157.226:46206], old=null, confs=<EMPTY_MAP>
2019-09-19 11:16:38,961 [pool-133-thread-1] INFO  server.RaftServerConfigKeys (ConfUtils.java:logGet(43)) - raft.server.storage.dir = [/workdir/hadoop-ozone/integration-test/target/test-dir/MiniOzoneClusterImpl-a1b41923-72f3-42e0-8473-59a9e2cbbac3/datanode-0/data/ratis] (custom)
2019-09-19 11:16:38,961 [pool-133-thread-1] INFO  storage.RaftStorageDirectory (RaftStorageDirectory.java:analyzeStorage(246)) - The storage directory /workdir/hadoop-ozone/integration-test/target/test-dir/MiniOzoneClusterImpl-a1b41923-72f3-42e0-8473-59a9e2cbbac3/datanode-0/data/ratis/407e2f8d-1f1f-4b65-adaf-723cc1e1d26d does not exist. Creating ...
2019-09-19 11:16:38,974 [pool-133-thread-1] INFO  storage.RaftStorageDirectory (RaftStorageDirectory.java:tryLock(328)) - Lock on /workdir/hadoop-ozone/integration-test/target/test-dir/MiniOzoneClusterImpl-a1b41923-72f3-42e0-8473-59a9e2cbbac3/datanode-0/data/ratis/407e2f8d-1f1f-4b65-adaf-723cc1e1d26d/in_use.lock acquired by nodename 20864@pr-hdds-1569-swxfz-3172132826
2019-09-19 11:16:38,988 [pool-133-thread-1] INFO  storage.RaftStorage (RaftStorage.java:format(72)) - Storage directory /workdir/hadoop-ozone/integration-test/target/test-dir/MiniOzoneClusterImpl-a1b41923-72f3-42e0-8473-59a9e2cbbac3/datanode-0/data/ratis/407e2f8d-1f1f-4b65-adaf-723cc1e1d26d has been successfully formatted.
2019-09-19 11:16:38,988 [pool-133-thread-1] INFO  ratis.ContainerStateMachine (ContainerStateMachine.java:loadSnapshot(226)) - group-723CC1E1D26D: The snapshot info is null. Setting the last applied indexto:(t:0, i:~)
2019-09-19 11:16:38,989 [pool-133-thread-1] INFO  server.RaftServerConfigKeys (ConfUtils.java:logGet(43)) - raft.server.leader.election.timeout = 120s (custom)
2019-09-19 11:16:38,989 [pool-133-thread-1] INFO  server.RaftServerConfigKeys (ConfUtils.java:logGet(43)) - raft.server.log.use.memory = false (default)
2019-09-19 11:16:38,989 [pool-133-thread-1] INFO  server.RaftServerConfigKeys (ConfUtils.java:logGet(43)) - raft.server.log.purge.gap = 1000000 (custom)
2019-09-19 11:16:38,989 [pool-133-thread-1] INFO  server.RaftServerConfigKeys (ConfUtils.java:logGet(43)) - raft.server.log.appender.buffer.byte-limit = 33554432 (custom)
2019-09-19 11:16:38,989 [pool-133-thread-1] INFO  server.RaftServerConfigKeys (ConfUtils.java:logGet(43)) - raft.server.log.segment.size.max = 1048576 (custom)
2019-09-19 11:16:38,989 [pool-133-thread-1] INFO  server.RaftServerConfigKeys (ConfUtils.java:logGet(43)) - raft.server.log.segment.cache.num.max = 2 (custom)
2019-09-19 11:16:38,989 [pool-133-thread-1] INFO  segmented.SegmentedRaftLogWorker (SegmentedRaftLogWorker.java:<init>(172)) - new 094fd4e9-2874-4038-80ba-2b5ce22b28ac-SegmentedRaftLogWorker:Storage Directory /workdir/hadoop-ozone/integration-test/target/test-dir/MiniOzoneClusterImpl-a1b41923-72f3-42e0-8473-59a9e2cbbac3/datanode-0/data/ratis/407e2f8d-1f1f-4b65-adaf-723cc1e1d26d for RaftStorage:Storage Directory /workdir/hadoop-ozone/integration-test/target/test-dir/MiniOzoneClusterImpl-a1b41923-72f3-42e0-8473-59a9e2cbbac3/datanode-0/data/ratis/407e2f8d-1f1f-4b65-adaf-723cc1e1d26d
2019-09-19 11:16:38,989 [pool-133-thread-1] INFO  server.RaftServerConfigKeys (ConfUtils.java:logGet(43)) - raft.server.log.queue.byte-limit = 2147483647 (custom)
2019-09-19 11:16:38,990 [pool-133-thread-1] INFO  server.RaftServerConfigKeys (ConfUtils.java:logGet(43)) - raft.server.log.queue.element-limit = 1024 (custom)
2019-09-19 11:16:38,990 [pool-133-thread-1] INFO  server.RaftServerConfigKeys (ConfUtils.java:logGet(43)) - raft.server.log.segment.size.max = 1048576 (custom)
2019-09-19 11:16:38,990 [pool-133-thread-1] INFO  server.RaftServerConfigKeys (ConfUtils.java:logGet(43)) - raft.server.log.preallocated.size = 16384 (custom)
2019-09-19 11:16:38,990 [pool-133-thread-1] INFO  server.RaftServerConfigKeys (ConfUtils.java:logGet(43)) - raft.server.log.write.buffer.size = 33554432 (custom)
2019-09-19 11:16:38,990 [pool-133-thread-1] INFO  server.RaftServerConfigKeys (ConfUtils.java:logGet(43)) - raft.server.log.force.sync.num = 128 (default)
2019-09-19 11:16:38,990 [pool-133-thread-1] INFO  server.RaftServerConfigKeys (ConfUtils.java:logGet(43)) - raft.server.log.statemachine.data.sync = true (default)
2019-09-19 11:16:38,990 [pool-133-thread-1] INFO  server.RaftServerConfigKeys (ConfUtils.java:logGet(43)) - raft.server.log.statemachine.data.sync.timeout = 10s (default)
2019-09-19 11:16:38,990 [pool-133-thread-1] INFO  server.RaftServerConfigKeys (ConfUtils.java:logGet(43)) - raft.server.log.statemachine.data.sync.timeout.retry = -1 (default)
2019-09-19 11:16:38,991 [pool-133-thread-1] INFO  server.RaftServerConfigKeys (ConfUtils.java:logGet(43)) - raft.server.log.statemachine.data.caching.enabled = true (custom)
2019-09-19 11:16:38,991 [pool-133-thread-1] INFO  segmented.SegmentedRaftLogWorker (SegmentedRaftLogWorker.java:lambda$new$0(132)) - 094fd4e9-2874-4038-80ba-2b5ce22b28ac-SegmentedRaftLogWorker:Storage Directory /workdir/hadoop-ozone/integration-test/target/test-dir/MiniOzoneClusterImpl-a1b41923-72f3-42e0-8473-59a9e2cbbac3/datanode-0/data/ratis/407e2f8d-1f1f-4b65-adaf-723cc1e1d26d: flushIndex: setUnconditionally 0 -> -1
2019-09-19 11:16:38,991 [pool-133-thread-1] INFO  server.RaftServerConfigKeys (ConfUtils.java:logGet(43)) - raft.server.snapshot.auto.trigger.enabled = true (custom)
2019-09-19 11:16:38,991 [pool-133-thread-1] INFO  server.RaftServerConfigKeys (ConfUtils.java:logGet(43)) - raft.server.snapshot.auto.trigger.threshold = 10000 (custom)
2019-09-19 11:16:38,991 [pool-133-thread-1] INFO  server.RaftServerConfigKeys (ConfUtils.java:logGet(43)) - raft.server.retrycache.expirytime = 600000ms (custom)
2019-09-19 11:16:38,992 [pool-133-thread-1] INFO  impl.RaftServerImpl (RaftServerImpl.java:start(180)) - 094fd4e9-2874-4038-80ba-2b5ce22b28ac: start group-723CC1E1D26D
2019-09-19 11:16:38,992 [pool-133-thread-1] INFO  impl.RaftServerImpl (RaftServerImpl.java:setRole(171)) - 094fd4e9-2874-4038-80ba-2b5ce22b28ac:group-723CC1E1D26D changes role from null to FOLLOWER at term 0 for startAsFollower
2019-09-19 11:16:38,992 [pool-133-thread-1] INFO  impl.RoleInfo (RoleInfo.java:updateAndGet(143)) - 094fd4e9-2874-4038-80ba-2b5ce22b28ac: start FollowerState
2019-09-19 11:16:38,992 [pool-133-thread-1] INFO  util.JmxRegister (JmxRegister.java:tryRegister(44)) - Successfully registered JMX Bean with object name Ratis:service=RaftServer,group=group-723CC1E1D26D,id=094fd4e9-2874-4038-80ba-2b5ce22b28ac
2019-09-19 11:16:38,995 [RatisPipelineUtilsThread] INFO  pipeline.PipelineStateManager (PipelineStateManager.java:addPipeline(56)) - Created pipeline Pipeline[ Id: 407e2f8d-1f1f-4b65-adaf-723cc1e1d26d, Nodes: 094fd4e9-2874-4038-80ba-2b5ce22b28ac{ip: 192.168.157.226, host: pr-hdds-1569-swxfz-3172132826, networkLocation: /default-rack, certSerialId: null}, Type:RATIS, Factor:ONE, State:OPEN]
2019-09-19 11:16:38,995 [RatisPipelineUtilsThread] ERROR pipeline.PipelinePlacementPolicy (PipelinePlacementPolicy.java:meetCriteria(91)) - Pipeline Placement: Doesn't meet the criteria to be viable node. Heaviness: 6
2019-09-19 11:16:38,995 [RatisPipelineUtilsThread] ERROR pipeline.PipelinePlacementPolicy (PipelinePlacementPolicy.java:filterViableNodes(146)) - Unable to find enough nodes that meet the criteria that cannot engage in more than 5 pipelines. Nodes required: 1 Found: 0, healthy nodes count inNodeManager: 1.
2019-09-19 11:16:38,996 [RatisPipelineUtilsThread] ERROR pipeline.SCMPipelineManager (SCMPipelineManager.java:createPipeline(161)) - Pipeline creation failed due to exception: Unable to find enough nodes that meet the criteria that cannot engage in more than 5 pipelines. Nodes required: 1 Found: 0, healthy nodes count inNodeManager: 1.
2019-09-19 11:16:38,996 [RatisPipelineUtilsThread] ERROR pipeline.PipelinePlacementPolicy (PipelinePlacementPolicy.java:filterViableNodes(129)) - Not enough healthy nodes to allocate pipeline. 3  datanodes required. Found 1
2019-09-19 11:16:38,996 [RatisPipelineUtilsThread] ERROR pipeline.SCMPipelineManager (SCMPipelineManager.java:createPipeline(161)) - Pipeline creation failed due to exception: Not enough healthy nodes to allocate pipeline. 3  datanodes required. Found 1
2019-09-19 11:16:38,996 [RatisPipelineUtilsThread] ERROR pipeline.PipelinePlacementPolicy (PipelinePlacementPolicy.java:meetCriteria(91)) - Pipeline Placement: Doesn't meet the criteria to be viable node. Heaviness: 6
2019-09-19 11:16:38,996 [RatisPipelineUtilsThread] ERROR pipeline.PipelinePlacementPolicy (PipelinePlacementPolicy.java:filterViableNodes(146)) - Unable to find enough nodes that meet the criteria that cannot engage in more than 5 pipelines. Nodes required: 1 Found: 0, healthy nodes count inNodeManager: 1.
2019-09-19 11:16:38,996 [RatisPipelineUtilsThread] ERROR pipeline.SCMPipelineManager (SCMPipelineManager.java:createPipeline(161)) - Pipeline creation failed due to exception: Unable to find enough nodes that meet the criteria that cannot engage in more than 5 pipelines. Nodes required: 1 Found: 0, healthy nodes count inNodeManager: 1.
2019-09-19 11:16:38,997 [RatisPipelineUtilsThread] ERROR pipeline.PipelinePlacementPolicy (PipelinePlacementPolicy.java:filterViableNodes(129)) - Not enough healthy nodes to allocate pipeline. 3  datanodes required. Found 1
2019-09-19 11:16:38,997 [RatisPipelineUtilsThread] ERROR pipeline.SCMPipelineManager (SCMPipelineManager.java:createPipeline(161)) - Pipeline creation failed due to exception: Not enough healthy nodes to allocate pipeline. 3  datanodes required. Found 1
2019-09-19 11:16:39,132 [IPC Server handler 2 on 39958] INFO  net.NetworkTopology (NetworkTopologyImpl.java:add(110)) - Added a new node: /default-rack/e4ce95b5-80fa-473f-aa0f-54361613bedb
2019-09-19 11:16:39,132 [RatisPipelineUtilsThread] ERROR pipeline.PipelinePlacementPolicy (PipelinePlacementPolicy.java:meetCriteria(91)) - Pipeline Placement: Doesn't meet the criteria to be viable node. Heaviness: 6
2019-09-19 11:16:39,132 [IPC Server handler 2 on 39958] INFO  node.SCMNodeManager (SCMNodeManager.java:register(273)) - Registered Data node : e4ce95b5-80fa-473f-aa0f-54361613bedb{ip: 192.168.157.226, host: pr-hdds-1569-swxfz-3172132826, networkLocation: /default-rack, certSerialId: null}
2019-09-19 11:16:39,132 | INFO  | SCMAudit | user=jenkins1000 | ip=192.168.157.226 | op=REGISTER {datanodeDetails=e4ce95b5-80fa-473f-aa0f-54361613bedb{ip: 192.168.157.226, host: pr-hdds-1569-swxfz-3172132826, networkLocation: /default-rack, certSerialId: null}} | ret=SUCCESS |  
2019-09-19 11:16:39,139 [grpc-default-executor-0] INFO  impl.RaftServerProxy (RaftServerProxy.java:addNew(89)) - e4ce95b5-80fa-473f-aa0f-54361613bedb: addNew group-875207B6E3CF:[e4ce95b5-80fa-473f-aa0f-54361613bedb:192.168.157.226:37805] returns group-875207B6E3CF:java.util.concurrent.CompletableFuture@3cf8f00b[Not completed]
2019-09-19 11:16:39,140 [pool-144-thread-1] INFO  impl.RaftServerImpl (RaftServerImpl.java:<init>(93)) - e4ce95b5-80fa-473f-aa0f-54361613bedb: new RaftServerImpl for group-875207B6E3CF:[e4ce95b5-80fa-473f-aa0f-54361613bedb:192.168.157.226:37805] with ContainerStateMachine:uninitialized
2019-09-19 11:16:39,140 [pool-144-thread-1] INFO  server.RaftServerConfigKeys (ConfUtils.java:logGet(43)) - raft.server.rpc.timeout.min = 5s (custom)
2019-09-19 11:16:39,140 [pool-144-thread-1] INFO  server.RaftServerConfigKeys (ConfUtils.java:logGet(43)) - raft.server.rpc.timeout.max = 5200ms (custom)
2019-09-19 11:16:39,140 [pool-144-thread-1] INFO  server.RaftServerConfigKeys (ConfUtils.java:logGet(43)) - raft.server.rpcslowness.timeout = 120s (custom)
2019-09-19 11:16:39,140 [pool-144-thread-1] INFO  server.RaftServerConfigKeys (ConfUtils.java:logGet(43)) - raft.server.sleep.deviation.threshold = 300 (default)
2019-09-19 11:16:39,140 [pool-144-thread-1] INFO  server.RaftServerConfigKeys (ConfUtils.java:logGet(43)) - raft.server.log.appender.install.snapshot.enabled = false (custom)
2019-09-19 11:16:39,141 [pool-144-thread-1] INFO  impl.RaftServerImpl (ServerState.java:<init>(105)) - e4ce95b5-80fa-473f-aa0f-54361613bedb:group-875207B6E3CF ConfigurationManager, init=-1: [e4ce95b5-80fa-473f-aa0f-54361613bedb:192.168.157.226:37805], old=null, confs=<EMPTY_MAP>
2019-09-19 11:16:39,141 [pool-144-thread-1] INFO  server.RaftServerConfigKeys (ConfUtils.java:logGet(43)) - raft.server.storage.dir = [/workdir/hadoop-ozone/integration-test/target/test-dir/MiniOzoneClusterImpl-a1b41923-72f3-42e0-8473-59a9e2cbbac3/datanode-1/data/ratis] (custom)
2019-09-19 11:16:39,141 [pool-144-thread-1] INFO  storage.RaftStorageDirectory (RaftStorageDirectory.java:analyzeStorage(246)) - The storage directory /workdir/hadoop-ozone/integration-test/target/test-dir/MiniOzoneClusterImpl-a1b41923-72f3-42e0-8473-59a9e2cbbac3/datanode-1/data/ratis/d88163a6-946b-49f8-8a53-875207b6e3cf does not exist. Creating ...
2019-09-19 11:16:39,155 [pool-144-thread-1] INFO  storage.RaftStorageDirectory (RaftStorageDirectory.java:tryLock(328)) - Lock on /workdir/hadoop-ozone/integration-test/target/test-dir/MiniOzoneClusterImpl-a1b41923-72f3-42e0-8473-59a9e2cbbac3/datanode-1/data/ratis/d88163a6-946b-49f8-8a53-875207b6e3cf/in_use.lock acquired by nodename 20864@pr-hdds-1569-swxfz-3172132826
2019-09-19 11:16:39,168 [pool-144-thread-1] INFO  storage.RaftStorage (RaftStorage.java:format(72)) - Storage directory /workdir/hadoop-ozone/integration-test/target/test-dir/MiniOzoneClusterImpl-a1b41923-72f3-42e0-8473-59a9e2cbbac3/datanode-1/data/ratis/d88163a6-946b-49f8-8a53-875207b6e3cf has been successfully formatted.
2019-09-19 11:16:39,168 [pool-144-thread-1] INFO  ratis.ContainerStateMachine (ContainerStateMachine.java:loadSnapshot(226)) - group-875207B6E3CF: The snapshot info is null. Setting the last applied indexto:(t:0, i:~)
2019-09-19 11:16:39,168 [pool-144-thread-1] INFO  server.RaftServerConfigKeys (ConfUtils.java:logGet(43)) - raft.server.leader.election.timeout = 120s (custom)
2019-09-19 11:16:39,168 [pool-144-thread-1] INFO  server.RaftServerConfigKeys (ConfUtils.java:logGet(43)) - raft.server.log.use.memory = false (default)
2019-09-19 11:16:39,168 [pool-144-thread-1] INFO  server.RaftServerConfigKeys (ConfUtils.java:logGet(43)) - raft.server.log.purge.gap = 1000000 (custom)
2019-09-19 11:16:39,168 [pool-144-thread-1] INFO  server.RaftServerConfigKeys (ConfUtils.java:logGet(43)) - raft.server.log.appender.buffer.byte-limit = 33554432 (custom)
2019-09-19 11:16:39,169 [pool-144-thread-1] INFO  server.RaftServerConfigKeys (ConfUtils.java:logGet(43)) - raft.server.log.segment.size.max = 1048576 (custom)
2019-09-19 11:16:39,169 [pool-144-thread-1] INFO  server.RaftServerConfigKeys (ConfUtils.java:logGet(43)) - raft.server.log.segment.cache.num.max = 2 (custom)
2019-09-19 11:16:39,169 [pool-144-thread-1] INFO  segmented.SegmentedRaftLogWorker (SegmentedRaftLogWorker.java:<init>(172)) - new e4ce95b5-80fa-473f-aa0f-54361613bedb-SegmentedRaftLogWorker:Storage Directory /workdir/hadoop-ozone/integration-test/target/test-dir/MiniOzoneClusterImpl-a1b41923-72f3-42e0-8473-59a9e2cbbac3/datanode-1/data/ratis/d88163a6-946b-49f8-8a53-875207b6e3cf for RaftStorage:Storage Directory /workdir/hadoop-ozone/integration-test/target/test-dir/MiniOzoneClusterImpl-a1b41923-72f3-42e0-8473-59a9e2cbbac3/datanode-1/data/ratis/d88163a6-946b-49f8-8a53-875207b6e3cf
2019-09-19 11:16:39,169 [pool-144-thread-1] INFO  server.RaftServerConfigKeys (ConfUtils.java:logGet(43)) - raft.server.log.queue.byte-limit = 2147483647 (custom)
2019-09-19 11:16:39,169 [pool-144-thread-1] INFO  server.RaftServerConfigKeys (ConfUtils.java:logGet(43)) - raft.server.log.queue.element-limit = 1024 (custom)
2019-09-19 11:16:39,169 [pool-144-thread-1] INFO  server.RaftServerConfigKeys (ConfUtils.java:logGet(43)) - raft.server.log.segment.size.max = 1048576 (custom)
2019-09-19 11:16:39,169 [pool-144-thread-1] INFO  server.RaftServerConfigKeys (ConfUtils.java:logGet(43)) - raft.server.log.preallocated.size = 16384 (custom)
2019-09-19 11:16:39,169 [pool-144-thread-1] INFO  server.RaftServerConfigKeys (ConfUtils.java:logGet(43)) - raft.server.log.write.buffer.size = 33554432 (custom)
2019-09-19 11:16:39,170 [pool-144-thread-1] INFO  server.RaftServerConfigKeys (ConfUtils.java:logGet(43)) - raft.server.log.force.sync.num = 128 (default)
2019-09-19 11:16:39,170 [pool-144-thread-1] INFO  server.RaftServerConfigKeys (ConfUtils.java:logGet(43)) - raft.server.log.statemachine.data.sync = true (default)
2019-09-19 11:16:39,170 [pool-144-thread-1] INFO  server.RaftServerConfigKeys (ConfUtils.java:logGet(43)) - raft.server.log.statemachine.data.sync.timeout = 10s (default)
2019-09-19 11:16:39,170 [pool-144-thread-1] INFO  server.RaftServerConfigKeys (ConfUtils.java:logGet(43)) - raft.server.log.statemachine.data.sync.timeout.retry = -1 (default)
2019-09-19 11:16:39,170 [pool-144-thread-1] INFO  server.RaftServerConfigKeys (ConfUtils.java:logGet(43)) - raft.server.log.statemachine.data.caching.enabled = true (custom)
2019-09-19 11:16:39,170 [pool-144-thread-1] INFO  segmented.SegmentedRaftLogWorker (SegmentedRaftLogWorker.java:lambda$new$0(132)) - e4ce95b5-80fa-473f-aa0f-54361613bedb-SegmentedRaftLogWorker:Storage Directory /workdir/hadoop-ozone/integration-test/target/test-dir/MiniOzoneClusterImpl-a1b41923-72f3-42e0-8473-59a9e2cbbac3/datanode-1/data/ratis/d88163a6-946b-49f8-8a53-875207b6e3cf: flushIndex: setUnconditionally 0 -> -1
2019-09-19 11:16:39,171 [pool-144-thread-1] INFO  server.RaftServerConfigKeys (ConfUtils.java:logGet(43)) - raft.server.snapshot.auto.trigger.enabled = true (custom)
2019-09-19 11:16:39,171 [pool-144-thread-1] INFO  server.RaftServerConfigKeys (ConfUtils.java:logGet(43)) - raft.server.snapshot.auto.trigger.threshold = 10000 (custom)
2019-09-19 11:16:39,171 [pool-144-thread-1] INFO  server.RaftServerConfigKeys (ConfUtils.java:logGet(43)) - raft.server.retrycache.expirytime = 600000ms (custom)
2019-09-19 11:16:39,171 [pool-144-thread-1] INFO  impl.RaftServerImpl (RaftServerImpl.java:start(180)) - e4ce95b5-80fa-473f-aa0f-54361613bedb: start group-875207B6E3CF
2019-09-19 11:16:39,171 [pool-144-thread-1] INFO  impl.RaftServerImpl (RaftServerImpl.java:setRole(171)) - e4ce95b5-80fa-473f-aa0f-54361613bedb:group-875207B6E3CF changes role from null to FOLLOWER at term 0 for startAsFollower
2019-09-19 11:16:39,171 [pool-144-thread-1] INFO  impl.RoleInfo (RoleInfo.java:updateAndGet(143)) - e4ce95b5-80fa-473f-aa0f-54361613bedb: start FollowerState
2019-09-19 11:16:39,172 [pool-144-thread-1] INFO  util.JmxRegister (JmxRegister.java:tryRegister(44)) - Successfully registered JMX Bean with object name Ratis:service=RaftServer,group=group-875207B6E3CF,id=e4ce95b5-80fa-473f-aa0f-54361613bedb
2019-09-19 11:16:39,175 [RatisPipelineUtilsThread] INFO  pipeline.PipelineStateManager (PipelineStateManager.java:addPipeline(56)) - Created pipeline Pipeline[ Id: d88163a6-946b-49f8-8a53-875207b6e3cf, Nodes: e4ce95b5-80fa-473f-aa0f-54361613bedb{ip: 192.168.157.226, host: pr-hdds-1569-swxfz-3172132826, networkLocation: /default-rack, certSerialId: null}, Type:RATIS, Factor:ONE, State:OPEN]
2019-09-19 11:16:39,175 [RatisPipelineUtilsThread] ERROR pipeline.PipelinePlacementPolicy (PipelinePlacementPolicy.java:meetCriteria(91)) - Pipeline Placement: Doesn't meet the criteria to be viable node. Heaviness: 6
2019-09-19 11:16:39,179 [grpc-default-executor-0] INFO  impl.RaftServerProxy (RaftServerProxy.java:addNew(89)) - e4ce95b5-80fa-473f-aa0f-54361613bedb: addNew group-139ECB871E46:[e4ce95b5-80fa-473f-aa0f-54361613bedb:192.168.157.226:37805] returns group-139ECB871E46:java.util.concurrent.CompletableFuture@1a85abcf[Not completed]
2019-09-19 11:16:39,180 [pool-144-thread-1] INFO  impl.RaftServerImpl (RaftServerImpl.java:<init>(93)) - e4ce95b5-80fa-473f-aa0f-54361613bedb: new RaftServerImpl for group-139ECB871E46:[e4ce95b5-80fa-473f-aa0f-54361613bedb:192.168.157.226:37805] with ContainerStateMachine:uninitialized
2019-09-19 11:16:39,180 [pool-144-thread-1] INFO  server.RaftServerConfigKeys (ConfUtils.java:logGet(43)) - raft.server.rpc.timeout.min = 5s (custom)
2019-09-19 11:16:39,181 [pool-144-thread-1] INFO  server.RaftServerConfigKeys (ConfUtils.java:logGet(43)) - raft.server.rpc.timeout.max = 5200ms (custom)
2019-09-19 11:16:39,181 [pool-144-thread-1] INFO  server.RaftServerConfigKeys (ConfUtils.java:logGet(43)) - raft.server.rpcslowness.timeout = 120s (custom)
2019-09-19 11:16:39,181 [pool-144-thread-1] INFO  server.RaftServerConfigKeys (ConfUtils.java:logGet(43)) - raft.server.sleep.deviation.threshold = 300 (default)
2019-09-19 11:16:39,181 [pool-144-thread-1] INFO  server.RaftServerConfigKeys (ConfUtils.java:logGet(43)) - raft.server.log.appender.install.snapshot.enabled = false (custom)
2019-09-19 11:16:39,181 [pool-144-thread-1] INFO  impl.RaftServerImpl (ServerState.java:<init>(105)) - e4ce95b5-80fa-473f-aa0f-54361613bedb:group-139ECB871E46 ConfigurationManager, init=-1: [e4ce95b5-80fa-473f-aa0f-54361613bedb:192.168.157.226:37805], old=null, confs=<EMPTY_MAP>
2019-09-19 11:16:39,181 [pool-144-thread-1] INFO  server.RaftServerConfigKeys (ConfUtils.java:logGet(43)) - raft.server.storage.dir = [/workdir/hadoop-ozone/integration-test/target/test-dir/MiniOzoneClusterImpl-a1b41923-72f3-42e0-8473-59a9e2cbbac3/datanode-1/data/ratis] (custom)
2019-09-19 11:16:39,181 [pool-144-thread-1] INFO  storage.RaftStorageDirectory (RaftStorageDirectory.java:analyzeStorage(246)) - The storage directory /workdir/hadoop-ozone/integration-test/target/test-dir/MiniOzoneClusterImpl-a1b41923-72f3-42e0-8473-59a9e2cbbac3/datanode-1/data/ratis/de13494b-5d5f-4246-9bbc-139ecb871e46 does not exist. Creating ...
2019-09-19 11:16:39,192 [pool-144-thread-1] INFO  storage.RaftStorageDirectory (RaftStorageDirectory.java:tryLock(328)) - Lock on /workdir/hadoop-ozone/integration-test/target/test-dir/MiniOzoneClusterImpl-a1b41923-72f3-42e0-8473-59a9e2cbbac3/datanode-1/data/ratis/de13494b-5d5f-4246-9bbc-139ecb871e46/in_use.lock acquired by nodename 20864@pr-hdds-1569-swxfz-3172132826
2019-09-19 11:16:39,203 [pool-144-thread-1] INFO  storage.RaftStorage (RaftStorage.java:format(72)) - Storage directory /workdir/hadoop-ozone/integration-test/target/test-dir/MiniOzoneClusterImpl-a1b41923-72f3-42e0-8473-59a9e2cbbac3/datanode-1/data/ratis/de13494b-5d5f-4246-9bbc-139ecb871e46 has been successfully formatted.
2019-09-19 11:16:39,204 [pool-144-thread-1] INFO  ratis.ContainerStateMachine (ContainerStateMachine.java:loadSnapshot(226)) - group-139ECB871E46: The snapshot info is null. Setting the last applied indexto:(t:0, i:~)
2019-09-19 11:16:39,204 [pool-144-thread-1] INFO  server.RaftServerConfigKeys (ConfUtils.java:logGet(43)) - raft.server.leader.election.timeout = 120s (custom)
2019-09-19 11:16:39,204 [pool-144-thread-1] INFO  server.RaftServerConfigKeys (ConfUtils.java:logGet(43)) - raft.server.log.use.memory = false (default)
2019-09-19 11:16:39,204 [pool-144-thread-1] INFO  server.RaftServerConfigKeys (ConfUtils.java:logGet(43)) - raft.server.log.purge.gap = 1000000 (custom)
2019-09-19 11:16:39,204 [pool-144-thread-1] INFO  server.RaftServerConfigKeys (ConfUtils.java:logGet(43)) - raft.server.log.appender.buffer.byte-limit = 33554432 (custom)
2019-09-19 11:16:39,204 [pool-144-thread-1] INFO  server.RaftServerConfigKeys (ConfUtils.java:logGet(43)) - raft.server.log.segment.size.max = 1048576 (custom)
2019-09-19 11:16:39,204 [pool-144-thread-1] INFO  server.RaftServerConfigKeys (ConfUtils.java:logGet(43)) - raft.server.log.segment.cache.num.max = 2 (custom)
2019-09-19 11:16:39,205 [pool-144-thread-1] INFO  segmented.SegmentedRaftLogWorker (SegmentedRaftLogWorker.java:<init>(172)) - new e4ce95b5-80fa-473f-aa0f-54361613bedb-SegmentedRaftLogWorker:Storage Directory /workdir/hadoop-ozone/integration-test/target/test-dir/MiniOzoneClusterImpl-a1b41923-72f3-42e0-8473-59a9e2cbbac3/datanode-1/data/ratis/de13494b-5d5f-4246-9bbc-139ecb871e46 for RaftStorage:Storage Directory /workdir/hadoop-ozone/integration-test/target/test-dir/MiniOzoneClusterImpl-a1b41923-72f3-42e0-8473-59a9e2cbbac3/datanode-1/data/ratis/de13494b-5d5f-4246-9bbc-139ecb871e46
2019-09-19 11:16:39,205 [pool-144-thread-1] INFO  server.RaftServerConfigKeys (ConfUtils.java:logGet(43)) - raft.server.log.queue.byte-limit = 2147483647 (custom)
2019-09-19 11:16:39,205 [pool-144-thread-1] INFO  server.RaftServerConfigKeys (ConfUtils.java:logGet(43)) - raft.server.log.queue.element-limit = 1024 (custom)
2019-09-19 11:16:39,205 [pool-144-thread-1] INFO  server.RaftServerConfigKeys (ConfUtils.java:logGet(43)) - raft.server.log.segment.size.max = 1048576 (custom)
2019-09-19 11:16:39,205 [pool-144-thread-1] INFO  server.RaftServerConfigKeys (ConfUtils.java:logGet(43)) - raft.server.log.preallocated.size = 16384 (custom)
2019-09-19 11:16:39,205 [pool-144-thread-1] INFO  server.RaftServerConfigKeys (ConfUtils.java:logGet(43)) - raft.server.log.write.buffer.size = 33554432 (custom)
2019-09-19 11:16:39,205 [pool-144-thread-1] INFO  server.RaftServerConfigKeys (ConfUtils.java:logGet(43)) - raft.server.log.force.sync.num = 128 (default)
2019-09-19 11:16:39,205 [pool-144-thread-1] INFO  server.RaftServerConfigKeys (ConfUtils.java:logGet(43)) - raft.server.log.statemachine.data.sync = true (default)
2019-09-19 11:16:39,205 [pool-144-thread-1] INFO  server.RaftServerConfigKeys (ConfUtils.java:logGet(43)) - raft.server.log.statemachine.data.sync.timeout = 10s (default)
2019-09-19 11:16:39,206 [pool-144-thread-1] INFO  server.RaftServerConfigKeys (ConfUtils.java:logGet(43)) - raft.server.log.statemachine.data.sync.timeout.retry = -1 (default)
2019-09-19 11:16:39,206 [pool-144-thread-1] INFO  server.RaftServerConfigKeys (ConfUtils.java:logGet(43)) - raft.server.log.statemachine.data.caching.enabled = true (custom)
2019-09-19 11:16:39,206 [pool-144-thread-1] INFO  segmented.SegmentedRaftLogWorker (SegmentedRaftLogWorker.java:lambda$new$0(132)) - e4ce95b5-80fa-473f-aa0f-54361613bedb-SegmentedRaftLogWorker:Storage Directory /workdir/hadoop-ozone/integration-test/target/test-dir/MiniOzoneClusterImpl-a1b41923-72f3-42e0-8473-59a9e2cbbac3/datanode-1/data/ratis/de13494b-5d5f-4246-9bbc-139ecb871e46: flushIndex: setUnconditionally 0 -> -1
2019-09-19 11:16:39,207 [pool-144-thread-1] INFO  server.RaftServerConfigKeys (ConfUtils.java:logGet(43)) - raft.server.snapshot.auto.trigger.enabled = true (custom)
2019-09-19 11:16:39,207 [pool-144-thread-1] INFO  server.RaftServerConfigKeys (ConfUtils.java:logGet(43)) - raft.server.snapshot.auto.trigger.threshold = 10000 (custom)
2019-09-19 11:16:39,207 [pool-144-thread-1] INFO  server.RaftServerConfigKeys (ConfUtils.java:logGet(43)) - raft.server.retrycache.expirytime = 600000ms (custom)
2019-09-19 11:16:39,207 [pool-144-thread-1] INFO  impl.RaftServerImpl (RaftServerImpl.java:start(180)) - e4ce95b5-80fa-473f-aa0f-54361613bedb: start group-139ECB871E46
2019-09-19 11:16:39,207 [pool-144-thread-1] INFO  impl.RaftServerImpl (RaftServerImpl.java:setRole(171)) - e4ce95b5-80fa-473f-aa0f-54361613bedb:group-139ECB871E46 changes role from null to FOLLOWER at term 0 for startAsFollower
2019-09-19 11:16:39,207 [pool-144-thread-1] INFO  impl.RoleInfo (RoleInfo.java:updateAndGet(143)) - e4ce95b5-80fa-473f-aa0f-54361613bedb: start FollowerState
2019-09-19 11:16:39,208 [pool-144-thread-1] INFO  util.JmxRegister (JmxRegister.java:tryRegister(44)) - Successfully registered JMX Bean with object name Ratis:service=RaftServer,group=group-139ECB871E46,id=e4ce95b5-80fa-473f-aa0f-54361613bedb
2019-09-19 11:16:39,210 [RatisPipelineUtilsThread] INFO  pipeline.PipelineStateManager (PipelineStateManager.java:addPipeline(56)) - Created pipeline Pipeline[ Id: de13494b-5d5f-4246-9bbc-139ecb871e46, Nodes: e4ce95b5-80fa-473f-aa0f-54361613bedb{ip: 192.168.157.226, host: pr-hdds-1569-swxfz-3172132826, networkLocation: /default-rack, certSerialId: null}, Type:RATIS, Factor:ONE, State:OPEN]
2019-09-19 11:16:39,210 [RatisPipelineUtilsThread] ERROR pipeline.PipelinePlacementPolicy (PipelinePlacementPolicy.java:meetCriteria(91)) - Pipeline Placement: Doesn't meet the criteria to be viable node. Heaviness: 6
2019-09-19 11:16:39,215 [grpc-default-executor-0] INFO  impl.RaftServerProxy (RaftServerProxy.java:addNew(89)) - e4ce95b5-80fa-473f-aa0f-54361613bedb: addNew group-C7CCCC713EE1:[e4ce95b5-80fa-473f-aa0f-54361613bedb:192.168.157.226:37805] returns group-C7CCCC713EE1:java.util.concurrent.CompletableFuture@1fd0a30f[Not completed]
2019-09-19 11:16:39,216 [pool-144-thread-1] INFO  impl.RaftServerImpl (RaftServerImpl.java:<init>(93)) - e4ce95b5-80fa-473f-aa0f-54361613bedb: new RaftServerImpl for group-C7CCCC713EE1:[e4ce95b5-80fa-473f-aa0f-54361613bedb:192.168.157.226:37805] with ContainerStateMachine:uninitialized
2019-09-19 11:16:39,217 [pool-144-thread-1] INFO  server.RaftServerConfigKeys (ConfUtils.java:logGet(43)) - raft.server.rpc.timeout.min = 5s (custom)
2019-09-19 11:16:39,217 [pool-144-thread-1] INFO  server.RaftServerConfigKeys (ConfUtils.java:logGet(43)) - raft.server.rpc.timeout.max = 5200ms (custom)
2019-09-19 11:16:39,217 [pool-144-thread-1] INFO  server.RaftServerConfigKeys (ConfUtils.java:logGet(43)) - raft.server.rpcslowness.timeout = 120s (custom)
2019-09-19 11:16:39,217 [pool-144-thread-1] INFO  server.RaftServerConfigKeys (ConfUtils.java:logGet(43)) - raft.server.sleep.deviation.threshold = 300 (default)
2019-09-19 11:16:39,217 [pool-144-thread-1] INFO  server.RaftServerConfigKeys (ConfUtils.java:logGet(43)) - raft.server.log.appender.install.snapshot.enabled = false (custom)
2019-09-19 11:16:39,217 [pool-144-thread-1] INFO  impl.RaftServerImpl (ServerState.java:<init>(105)) - e4ce95b5-80fa-473f-aa0f-54361613bedb:group-C7CCCC713EE1 ConfigurationManager, init=-1: [e4ce95b5-80fa-473f-aa0f-54361613bedb:192.168.157.226:37805], old=null, confs=<EMPTY_MAP>
2019-09-19 11:16:39,217 [pool-144-thread-1] INFO  server.RaftServerConfigKeys (ConfUtils.java:logGet(43)) - raft.server.storage.dir = [/workdir/hadoop-ozone/integration-test/target/test-dir/MiniOzoneClusterImpl-a1b41923-72f3-42e0-8473-59a9e2cbbac3/datanode-1/data/ratis] (custom)
2019-09-19 11:16:39,217 [pool-144-thread-1] INFO  storage.RaftStorageDirectory (RaftStorageDirectory.java:analyzeStorage(246)) - The storage directory /workdir/hadoop-ozone/integration-test/target/test-dir/MiniOzoneClusterImpl-a1b41923-72f3-42e0-8473-59a9e2cbbac3/datanode-1/data/ratis/37d42998-8607-44dd-b767-c7cccc713ee1 does not exist. Creating ...
2019-09-19 11:16:39,231 [pool-144-thread-1] INFO  storage.RaftStorageDirectory (RaftStorageDirectory.java:tryLock(328)) - Lock on /workdir/hadoop-ozone/integration-test/target/test-dir/MiniOzoneClusterImpl-a1b41923-72f3-42e0-8473-59a9e2cbbac3/datanode-1/data/ratis/37d42998-8607-44dd-b767-c7cccc713ee1/in_use.lock acquired by nodename 20864@pr-hdds-1569-swxfz-3172132826
2019-09-19 11:16:39,244 [pool-144-thread-1] INFO  storage.RaftStorage (RaftStorage.java:format(72)) - Storage directory /workdir/hadoop-ozone/integration-test/target/test-dir/MiniOzoneClusterImpl-a1b41923-72f3-42e0-8473-59a9e2cbbac3/datanode-1/data/ratis/37d42998-8607-44dd-b767-c7cccc713ee1 has been successfully formatted.
2019-09-19 11:16:39,244 [pool-144-thread-1] INFO  ratis.ContainerStateMachine (ContainerStateMachine.java:loadSnapshot(226)) - group-C7CCCC713EE1: The snapshot info is null. Setting the last applied indexto:(t:0, i:~)
2019-09-19 11:16:39,244 [pool-144-thread-1] INFO  server.RaftServerConfigKeys (ConfUtils.java:logGet(43)) - raft.server.leader.election.timeout = 120s (custom)
2019-09-19 11:16:39,244 [pool-144-thread-1] INFO  server.RaftServerConfigKeys (ConfUtils.java:logGet(43)) - raft.server.log.use.memory = false (default)
2019-09-19 11:16:39,244 [pool-144-thread-1] INFO  server.RaftServerConfigKeys (ConfUtils.java:logGet(43)) - raft.server.log.purge.gap = 1000000 (custom)
2019-09-19 11:16:39,244 [pool-144-thread-1] INFO  server.RaftServerConfigKeys (ConfUtils.java:logGet(43)) - raft.server.log.appender.buffer.byte-limit = 33554432 (custom)
2019-09-19 11:16:39,244 [pool-144-thread-1] INFO  server.RaftServerConfigKeys (ConfUtils.java:logGet(43)) - raft.server.log.segment.size.max = 1048576 (custom)
2019-09-19 11:16:39,245 [pool-144-thread-1] INFO  server.RaftServerConfigKeys (ConfUtils.java:logGet(43)) - raft.server.log.segment.cache.num.max = 2 (custom)
2019-09-19 11:16:39,245 [pool-144-thread-1] INFO  segmented.SegmentedRaftLogWorker (SegmentedRaftLogWorker.java:<init>(172)) - new e4ce95b5-80fa-473f-aa0f-54361613bedb-SegmentedRaftLogWorker:Storage Directory /workdir/hadoop-ozone/integration-test/target/test-dir/MiniOzoneClusterImpl-a1b41923-72f3-42e0-8473-59a9e2cbbac3/datanode-1/data/ratis/37d42998-8607-44dd-b767-c7cccc713ee1 for RaftStorage:Storage Directory /workdir/hadoop-ozone/integration-test/target/test-dir/MiniOzoneClusterImpl-a1b41923-72f3-42e0-8473-59a9e2cbbac3/datanode-1/data/ratis/37d42998-8607-44dd-b767-c7cccc713ee1
2019-09-19 11:16:39,245 [pool-144-thread-1] INFO  server.RaftServerConfigKeys (ConfUtils.java:logGet(43)) - raft.server.log.queue.byte-limit = 2147483647 (custom)
2019-09-19 11:16:39,245 [pool-144-thread-1] INFO  server.RaftServerConfigKeys (ConfUtils.java:logGet(43)) - raft.server.log.queue.element-limit = 1024 (custom)
2019-09-19 11:16:39,245 [pool-144-thread-1] INFO  server.RaftServerConfigKeys (ConfUtils.java:logGet(43)) - raft.server.log.segment.size.max = 1048576 (custom)
2019-09-19 11:16:39,245 [pool-144-thread-1] INFO  server.RaftServerConfigKeys (ConfUtils.java:logGet(43)) - raft.server.log.preallocated.size = 16384 (custom)
2019-09-19 11:16:39,245 [pool-144-thread-1] INFO  server.RaftServerConfigKeys (ConfUtils.java:logGet(43)) - raft.server.log.write.buffer.size = 33554432 (custom)
2019-09-19 11:16:39,245 [pool-144-thread-1] INFO  server.RaftServerConfigKeys (ConfUtils.java:logGet(43)) - raft.server.log.force.sync.num = 128 (default)
2019-09-19 11:16:39,245 [pool-144-thread-1] INFO  server.RaftServerConfigKeys (ConfUtils.java:logGet(43)) - raft.server.log.statemachine.data.sync = true (default)
2019-09-19 11:16:39,245 [pool-144-thread-1] INFO  server.RaftServerConfigKeys (ConfUtils.java:logGet(43)) - raft.server.log.statemachine.data.sync.timeout = 10s (default)
2019-09-19 11:16:39,246 [pool-144-thread-1] INFO  server.RaftServerConfigKeys (ConfUtils.java:logGet(43)) - raft.server.log.statemachine.data.sync.timeout.retry = -1 (default)
2019-09-19 11:16:39,246 [pool-144-thread-1] INFO  server.RaftServerConfigKeys (ConfUtils.java:logGet(43)) - raft.server.log.statemachine.data.caching.enabled = true (custom)
2019-09-19 11:16:39,246 [pool-144-thread-1] INFO  segmented.SegmentedRaftLogWorker (SegmentedRaftLogWorker.java:lambda$new$0(132)) - e4ce95b5-80fa-473f-aa0f-54361613bedb-SegmentedRaftLogWorker:Storage Directory /workdir/hadoop-ozone/integration-test/target/test-dir/MiniOzoneClusterImpl-a1b41923-72f3-42e0-8473-59a9e2cbbac3/datanode-1/data/ratis/37d42998-8607-44dd-b767-c7cccc713ee1: flushIndex: setUnconditionally 0 -> -1
2019-09-19 11:16:39,246 [pool-144-thread-1] INFO  server.RaftServerConfigKeys (ConfUtils.java:logGet(43)) - raft.server.snapshot.auto.trigger.enabled = true (custom)
2019-09-19 11:16:39,246 [pool-144-thread-1] INFO  server.RaftServerConfigKeys (ConfUtils.java:logGet(43)) - raft.server.snapshot.auto.trigger.threshold = 10000 (custom)
2019-09-19 11:16:39,247 [pool-144-thread-1] INFO  server.RaftServerConfigKeys (ConfUtils.java:logGet(43)) - raft.server.retrycache.expirytime = 600000ms (custom)
2019-09-19 11:16:39,247 [pool-144-thread-1] INFO  impl.RaftServerImpl (RaftServerImpl.java:start(180)) - e4ce95b5-80fa-473f-aa0f-54361613bedb: start group-C7CCCC713EE1
2019-09-19 11:16:39,247 [pool-144-thread-1] INFO  impl.RaftServerImpl (RaftServerImpl.java:setRole(171)) - e4ce95b5-80fa-473f-aa0f-54361613bedb:group-C7CCCC713EE1 changes role from null to FOLLOWER at term 0 for startAsFollower
2019-09-19 11:16:39,247 [pool-144-thread-1] INFO  impl.RoleInfo (RoleInfo.java:updateAndGet(143)) - e4ce95b5-80fa-473f-aa0f-54361613bedb: start FollowerState
2019-09-19 11:16:39,247 [pool-144-thread-1] INFO  util.JmxRegister (JmxRegister.java:tryRegister(44)) - Successfully registered JMX Bean with object name Ratis:service=RaftServer,group=group-C7CCCC713EE1,id=e4ce95b5-80fa-473f-aa0f-54361613bedb
2019-09-19 11:16:39,250 [RatisPipelineUtilsThread] INFO  pipeline.PipelineStateManager (PipelineStateManager.java:addPipeline(56)) - Created pipeline Pipeline[ Id: 37d42998-8607-44dd-b767-c7cccc713ee1, Nodes: e4ce95b5-80fa-473f-aa0f-54361613bedb{ip: 192.168.157.226, host: pr-hdds-1569-swxfz-3172132826, networkLocation: /default-rack, certSerialId: null}, Type:RATIS, Factor:ONE, State:OPEN]
2019-09-19 11:16:39,250 [RatisPipelineUtilsThread] ERROR pipeline.PipelinePlacementPolicy (PipelinePlacementPolicy.java:meetCriteria(91)) - Pipeline Placement: Doesn't meet the criteria to be viable node. Heaviness: 6
2019-09-19 11:16:39,255 [grpc-default-executor-0] INFO  impl.RaftServerProxy (RaftServerProxy.java:addNew(89)) - e4ce95b5-80fa-473f-aa0f-54361613bedb: addNew group-0F51E9640B26:[e4ce95b5-80fa-473f-aa0f-54361613bedb:192.168.157.226:37805] returns group-0F51E9640B26:java.util.concurrent.CompletableFuture@7e06d546[Not completed]
2019-09-19 11:16:39,256 [pool-144-thread-1] INFO  impl.RaftServerImpl (RaftServerImpl.java:<init>(93)) - e4ce95b5-80fa-473f-aa0f-54361613bedb: new RaftServerImpl for group-0F51E9640B26:[e4ce95b5-80fa-473f-aa0f-54361613bedb:192.168.157.226:37805] with ContainerStateMachine:uninitialized
2019-09-19 11:16:39,257 [pool-144-thread-1] INFO  server.RaftServerConfigKeys (ConfUtils.java:logGet(43)) - raft.server.rpc.timeout.min = 5s (custom)
2019-09-19 11:16:39,257 [pool-144-thread-1] INFO  server.RaftServerConfigKeys (ConfUtils.java:logGet(43)) - raft.server.rpc.timeout.max = 5200ms (custom)
2019-09-19 11:16:39,257 [pool-144-thread-1] INFO  server.RaftServerConfigKeys (ConfUtils.java:logGet(43)) - raft.server.rpcslowness.timeout = 120s (custom)
2019-09-19 11:16:39,257 [pool-144-thread-1] INFO  server.RaftServerConfigKeys (ConfUtils.java:logGet(43)) - raft.server.sleep.deviation.threshold = 300 (default)
2019-09-19 11:16:39,257 [pool-144-thread-1] INFO  server.RaftServerConfigKeys (ConfUtils.java:logGet(43)) - raft.server.log.appender.install.snapshot.enabled = false (custom)
2019-09-19 11:16:39,257 [pool-144-thread-1] INFO  impl.RaftServerImpl (ServerState.java:<init>(105)) - e4ce95b5-80fa-473f-aa0f-54361613bedb:group-0F51E9640B26 ConfigurationManager, init=-1: [e4ce95b5-80fa-473f-aa0f-54361613bedb:192.168.157.226:37805], old=null, confs=<EMPTY_MAP>
2019-09-19 11:16:39,257 [pool-144-thread-1] INFO  server.RaftServerConfigKeys (ConfUtils.java:logGet(43)) - raft.server.storage.dir = [/workdir/hadoop-ozone/integration-test/target/test-dir/MiniOzoneClusterImpl-a1b41923-72f3-42e0-8473-59a9e2cbbac3/datanode-1/data/ratis] (custom)
2019-09-19 11:16:39,257 [pool-144-thread-1] INFO  storage.RaftStorageDirectory (RaftStorageDirectory.java:analyzeStorage(246)) - The storage directory /workdir/hadoop-ozone/integration-test/target/test-dir/MiniOzoneClusterImpl-a1b41923-72f3-42e0-8473-59a9e2cbbac3/datanode-1/data/ratis/40e84801-ac88-4255-b280-0f51e9640b26 does not exist. Creating ...
2019-09-19 11:16:39,271 [pool-144-thread-1] INFO  storage.RaftStorageDirectory (RaftStorageDirectory.java:tryLock(328)) - Lock on /workdir/hadoop-ozone/integration-test/target/test-dir/MiniOzoneClusterImpl-a1b41923-72f3-42e0-8473-59a9e2cbbac3/datanode-1/data/ratis/40e84801-ac88-4255-b280-0f51e9640b26/in_use.lock acquired by nodename 20864@pr-hdds-1569-swxfz-3172132826
2019-09-19 11:16:39,284 [pool-144-thread-1] INFO  storage.RaftStorage (RaftStorage.java:format(72)) - Storage directory /workdir/hadoop-ozone/integration-test/target/test-dir/MiniOzoneClusterImpl-a1b41923-72f3-42e0-8473-59a9e2cbbac3/datanode-1/data/ratis/40e84801-ac88-4255-b280-0f51e9640b26 has been successfully formatted.
2019-09-19 11:16:39,285 [pool-144-thread-1] INFO  ratis.ContainerStateMachine (ContainerStateMachine.java:loadSnapshot(226)) - group-0F51E9640B26: The snapshot info is null. Setting the last applied indexto:(t:0, i:~)
2019-09-19 11:16:39,285 [pool-144-thread-1] INFO  server.RaftServerConfigKeys (ConfUtils.java:logGet(43)) - raft.server.leader.election.timeout = 120s (custom)
2019-09-19 11:16:39,285 [pool-144-thread-1] INFO  server.RaftServerConfigKeys (ConfUtils.java:logGet(43)) - raft.server.log.use.memory = false (default)
2019-09-19 11:16:39,285 [pool-144-thread-1] INFO  server.RaftServerConfigKeys (ConfUtils.java:logGet(43)) - raft.server.log.purge.gap = 1000000 (custom)
2019-09-19 11:16:39,285 [pool-144-thread-1] INFO  server.RaftServerConfigKeys (ConfUtils.java:logGet(43)) - raft.server.log.appender.buffer.byte-limit = 33554432 (custom)
2019-09-19 11:16:39,286 [pool-144-thread-1] INFO  server.RaftServerConfigKeys (ConfUtils.java:logGet(43)) - raft.server.log.segment.size.max = 1048576 (custom)
2019-09-19 11:16:39,286 [pool-144-thread-1] INFO  server.RaftServerConfigKeys (ConfUtils.java:logGet(43)) - raft.server.log.segment.cache.num.max = 2 (custom)
2019-09-19 11:16:39,286 [pool-144-thread-1] INFO  segmented.SegmentedRaftLogWorker (SegmentedRaftLogWorker.java:<init>(172)) - new e4ce95b5-80fa-473f-aa0f-54361613bedb-SegmentedRaftLogWorker:Storage Directory /workdir/hadoop-ozone/integration-test/target/test-dir/MiniOzoneClusterImpl-a1b41923-72f3-42e0-8473-59a9e2cbbac3/datanode-1/data/ratis/40e84801-ac88-4255-b280-0f51e9640b26 for RaftStorage:Storage Directory /workdir/hadoop-ozone/integration-test/target/test-dir/MiniOzoneClusterImpl-a1b41923-72f3-42e0-8473-59a9e2cbbac3/datanode-1/data/ratis/40e84801-ac88-4255-b280-0f51e9640b26
2019-09-19 11:16:39,286 [pool-144-thread-1] INFO  server.RaftServerConfigKeys (ConfUtils.java:logGet(43)) - raft.server.log.queue.byte-limit = 2147483647 (custom)
2019-09-19 11:16:39,286 [pool-144-thread-1] INFO  server.RaftServerConfigKeys (ConfUtils.java:logGet(43)) - raft.server.log.queue.element-limit = 1024 (custom)
2019-09-19 11:16:39,286 [pool-144-thread-1] INFO  server.RaftServerConfigKeys (ConfUtils.java:logGet(43)) - raft.server.log.segment.size.max = 1048576 (custom)
2019-09-19 11:16:39,287 [pool-144-thread-1] INFO  server.RaftServerConfigKeys (ConfUtils.java:logGet(43)) - raft.server.log.preallocated.size = 16384 (custom)
2019-09-19 11:16:39,287 [pool-144-thread-1] INFO  server.RaftServerConfigKeys (ConfUtils.java:logGet(43)) - raft.server.log.write.buffer.size = 33554432 (custom)
2019-09-19 11:16:39,287 [pool-144-thread-1] INFO  server.RaftServerConfigKeys (ConfUtils.java:logGet(43)) - raft.server.log.force.sync.num = 128 (default)
2019-09-19 11:16:39,287 [pool-144-thread-1] INFO  server.RaftServerConfigKeys (ConfUtils.java:logGet(43)) - raft.server.log.statemachine.data.sync = true (default)
2019-09-19 11:16:39,287 [pool-144-thread-1] INFO  server.RaftServerConfigKeys (ConfUtils.java:logGet(43)) - raft.server.log.statemachine.data.sync.timeout = 10s (default)
2019-09-19 11:16:39,287 [pool-144-thread-1] INFO  server.RaftServerConfigKeys (ConfUtils.java:logGet(43)) - raft.server.log.statemachine.data.sync.timeout.retry = -1 (default)
2019-09-19 11:16:39,287 [pool-144-thread-1] INFO  server.RaftServerConfigKeys (ConfUtils.java:logGet(43)) - raft.server.log.statemachine.data.caching.enabled = true (custom)
2019-09-19 11:16:39,288 [pool-144-thread-1] INFO  segmented.SegmentedRaftLogWorker (SegmentedRaftLogWorker.java:lambda$new$0(132)) - e4ce95b5-80fa-473f-aa0f-54361613bedb-SegmentedRaftLogWorker:Storage Directory /workdir/hadoop-ozone/integration-test/target/test-dir/MiniOzoneClusterImpl-a1b41923-72f3-42e0-8473-59a9e2cbbac3/datanode-1/data/ratis/40e84801-ac88-4255-b280-0f51e9640b26: flushIndex: setUnconditionally 0 -> -1
2019-09-19 11:16:39,288 [pool-144-thread-1] INFO  server.RaftServerConfigKeys (ConfUtils.java:logGet(43)) - raft.server.snapshot.auto.trigger.enabled = true (custom)
2019-09-19 11:16:39,288 [pool-144-thread-1] INFO  server.RaftServerConfigKeys (ConfUtils.java:logGet(43)) - raft.server.snapshot.auto.trigger.threshold = 10000 (custom)
2019-09-19 11:16:39,288 [pool-144-thread-1] INFO  server.RaftServerConfigKeys (ConfUtils.java:logGet(43)) - raft.server.retrycache.expirytime = 600000ms (custom)
2019-09-19 11:16:39,289 [pool-144-thread-1] INFO  impl.RaftServerImpl (RaftServerImpl.java:start(180)) - e4ce95b5-80fa-473f-aa0f-54361613bedb: start group-0F51E9640B26
2019-09-19 11:16:39,289 [pool-144-thread-1] INFO  impl.RaftServerImpl (RaftServerImpl.java:setRole(171)) - e4ce95b5-80fa-473f-aa0f-54361613bedb:group-0F51E9640B26 changes role from null to FOLLOWER at term 0 for startAsFollower
2019-09-19 11:16:39,289 [pool-144-thread-1] INFO  impl.RoleInfo (RoleInfo.java:updateAndGet(143)) - e4ce95b5-80fa-473f-aa0f-54361613bedb: start FollowerState
2019-09-19 11:16:39,289 [pool-144-thread-1] INFO  util.JmxRegister (JmxRegister.java:tryRegister(44)) - Successfully registered JMX Bean with object name Ratis:service=RaftServer,group=group-0F51E9640B26,id=e4ce95b5-80fa-473f-aa0f-54361613bedb
2019-09-19 11:16:39,293 [RatisPipelineUtilsThread] INFO  pipeline.PipelineStateManager (PipelineStateManager.java:addPipeline(56)) - Created pipeline Pipeline[ Id: 40e84801-ac88-4255-b280-0f51e9640b26, Nodes: e4ce95b5-80fa-473f-aa0f-54361613bedb{ip: 192.168.157.226, host: pr-hdds-1569-swxfz-3172132826, networkLocation: /default-rack, certSerialId: null}, Type:RATIS, Factor:ONE, State:OPEN]
2019-09-19 11:16:39,293 [RatisPipelineUtilsThread] ERROR pipeline.PipelinePlacementPolicy (PipelinePlacementPolicy.java:meetCriteria(91)) - Pipeline Placement: Doesn't meet the criteria to be viable node. Heaviness: 6
2019-09-19 11:16:39,299 [grpc-default-executor-0] INFO  impl.RaftServerProxy (RaftServerProxy.java:addNew(89)) - e4ce95b5-80fa-473f-aa0f-54361613bedb: addNew group-B072986B2E81:[e4ce95b5-80fa-473f-aa0f-54361613bedb:192.168.157.226:37805] returns group-B072986B2E81:java.util.concurrent.CompletableFuture@1b813c91[Not completed]
2019-09-19 11:16:39,300 [pool-144-thread-1] INFO  impl.RaftServerImpl (RaftServerImpl.java:<init>(93)) - e4ce95b5-80fa-473f-aa0f-54361613bedb: new RaftServerImpl for group-B072986B2E81:[e4ce95b5-80fa-473f-aa0f-54361613bedb:192.168.157.226:37805] with ContainerStateMachine:uninitialized
2019-09-19 11:16:39,300 [pool-144-thread-1] INFO  server.RaftServerConfigKeys (ConfUtils.java:logGet(43)) - raft.server.rpc.timeout.min = 5s (custom)
2019-09-19 11:16:39,301 [pool-144-thread-1] INFO  server.RaftServerConfigKeys (ConfUtils.java:logGet(43)) - raft.server.rpc.timeout.max = 5200ms (custom)
2019-09-19 11:16:39,301 [pool-144-thread-1] INFO  server.RaftServerConfigKeys (ConfUtils.java:logGet(43)) - raft.server.rpcslowness.timeout = 120s (custom)
2019-09-19 11:16:39,301 [pool-144-thread-1] INFO  server.RaftServerConfigKeys (ConfUtils.java:logGet(43)) - raft.server.sleep.deviation.threshold = 300 (default)
2019-09-19 11:16:39,301 [pool-144-thread-1] INFO  server.RaftServerConfigKeys (ConfUtils.java:logGet(43)) - raft.server.log.appender.install.snapshot.enabled = false (custom)
2019-09-19 11:16:39,301 [pool-144-thread-1] INFO  impl.RaftServerImpl (ServerState.java:<init>(105)) - e4ce95b5-80fa-473f-aa0f-54361613bedb:group-B072986B2E81 ConfigurationManager, init=-1: [e4ce95b5-80fa-473f-aa0f-54361613bedb:192.168.157.226:37805], old=null, confs=<EMPTY_MAP>
2019-09-19 11:16:39,301 [pool-144-thread-1] INFO  server.RaftServerConfigKeys (ConfUtils.java:logGet(43)) - raft.server.storage.dir = [/workdir/hadoop-ozone/integration-test/target/test-dir/MiniOzoneClusterImpl-a1b41923-72f3-42e0-8473-59a9e2cbbac3/datanode-1/data/ratis] (custom)
2019-09-19 11:16:39,302 [pool-144-thread-1] INFO  storage.RaftStorageDirectory (RaftStorageDirectory.java:analyzeStorage(246)) - The storage directory /workdir/hadoop-ozone/integration-test/target/test-dir/MiniOzoneClusterImpl-a1b41923-72f3-42e0-8473-59a9e2cbbac3/datanode-1/data/ratis/82d4b083-a960-440a-9f3f-b072986b2e81 does not exist. Creating ...
2019-09-19 11:16:39,315 [pool-144-thread-1] INFO  storage.RaftStorageDirectory (RaftStorageDirectory.java:tryLock(328)) - Lock on /workdir/hadoop-ozone/integration-test/target/test-dir/MiniOzoneClusterImpl-a1b41923-72f3-42e0-8473-59a9e2cbbac3/datanode-1/data/ratis/82d4b083-a960-440a-9f3f-b072986b2e81/in_use.lock acquired by nodename 20864@pr-hdds-1569-swxfz-3172132826
2019-09-19 11:16:39,328 [pool-144-thread-1] INFO  storage.RaftStorage (RaftStorage.java:format(72)) - Storage directory /workdir/hadoop-ozone/integration-test/target/test-dir/MiniOzoneClusterImpl-a1b41923-72f3-42e0-8473-59a9e2cbbac3/datanode-1/data/ratis/82d4b083-a960-440a-9f3f-b072986b2e81 has been successfully formatted.
2019-09-19 11:16:39,329 [pool-144-thread-1] INFO  ratis.ContainerStateMachine (ContainerStateMachine.java:loadSnapshot(226)) - group-B072986B2E81: The snapshot info is null. Setting the last applied indexto:(t:0, i:~)
2019-09-19 11:16:39,329 [pool-144-thread-1] INFO  server.RaftServerConfigKeys (ConfUtils.java:logGet(43)) - raft.server.leader.election.timeout = 120s (custom)
2019-09-19 11:16:39,329 [pool-144-thread-1] INFO  server.RaftServerConfigKeys (ConfUtils.java:logGet(43)) - raft.server.log.use.memory = false (default)
2019-09-19 11:16:39,329 [pool-144-thread-1] INFO  server.RaftServerConfigKeys (ConfUtils.java:logGet(43)) - raft.server.log.purge.gap = 1000000 (custom)
2019-09-19 11:16:39,329 [pool-144-thread-1] INFO  server.RaftServerConfigKeys (ConfUtils.java:logGet(43)) - raft.server.log.appender.buffer.byte-limit = 33554432 (custom)
2019-09-19 11:16:39,330 [pool-144-thread-1] INFO  server.RaftServerConfigKeys (ConfUtils.java:logGet(43)) - raft.server.log.segment.size.max = 1048576 (custom)
2019-09-19 11:16:39,330 [pool-144-thread-1] INFO  server.RaftServerConfigKeys (ConfUtils.java:logGet(43)) - raft.server.log.segment.cache.num.max = 2 (custom)
2019-09-19 11:16:39,330 [pool-144-thread-1] INFO  segmented.SegmentedRaftLogWorker (SegmentedRaftLogWorker.java:<init>(172)) - new e4ce95b5-80fa-473f-aa0f-54361613bedb-SegmentedRaftLogWorker:Storage Directory /workdir/hadoop-ozone/integration-test/target/test-dir/MiniOzoneClusterImpl-a1b41923-72f3-42e0-8473-59a9e2cbbac3/datanode-1/data/ratis/82d4b083-a960-440a-9f3f-b072986b2e81 for RaftStorage:Storage Directory /workdir/hadoop-ozone/integration-test/target/test-dir/MiniOzoneClusterImpl-a1b41923-72f3-42e0-8473-59a9e2cbbac3/datanode-1/data/ratis/82d4b083-a960-440a-9f3f-b072986b2e81
2019-09-19 11:16:39,330 [pool-144-thread-1] INFO  server.RaftServerConfigKeys (ConfUtils.java:logGet(43)) - raft.server.log.queue.byte-limit = 2147483647 (custom)
2019-09-19 11:16:39,330 [pool-144-thread-1] INFO  server.RaftServerConfigKeys (ConfUtils.java:logGet(43)) - raft.server.log.queue.element-limit = 1024 (custom)
2019-09-19 11:16:39,331 [pool-144-thread-1] INFO  server.RaftServerConfigKeys (ConfUtils.java:logGet(43)) - raft.server.log.segment.size.max = 1048576 (custom)
2019-09-19 11:16:39,331 [pool-144-thread-1] INFO  server.RaftServerConfigKeys (ConfUtils.java:logGet(43)) - raft.server.log.preallocated.size = 16384 (custom)
2019-09-19 11:16:39,331 [pool-144-thread-1] INFO  server.RaftServerConfigKeys (ConfUtils.java:logGet(43)) - raft.server.log.write.buffer.size = 33554432 (custom)
2019-09-19 11:16:39,331 [pool-144-thread-1] INFO  server.RaftServerConfigKeys (ConfUtils.java:logGet(43)) - raft.server.log.force.sync.num = 128 (default)
2019-09-19 11:16:39,331 [pool-144-thread-1] INFO  server.RaftServerConfigKeys (ConfUtils.java:logGet(43)) - raft.server.log.statemachine.data.sync = true (default)
2019-09-19 11:16:39,331 [pool-144-thread-1] INFO  server.RaftServerConfigKeys (ConfUtils.java:logGet(43)) - raft.server.log.statemachine.data.sync.timeout = 10s (default)
2019-09-19 11:16:39,332 [pool-144-thread-1] INFO  server.RaftServerConfigKeys (ConfUtils.java:logGet(43)) - raft.server.log.statemachine.data.sync.timeout.retry = -1 (default)
2019-09-19 11:16:39,332 [pool-144-thread-1] INFO  server.RaftServerConfigKeys (ConfUtils.java:logGet(43)) - raft.server.log.statemachine.data.caching.enabled = true (custom)
2019-09-19 11:16:39,332 [pool-144-thread-1] INFO  segmented.SegmentedRaftLogWorker (SegmentedRaftLogWorker.java:lambda$new$0(132)) - e4ce95b5-80fa-473f-aa0f-54361613bedb-SegmentedRaftLogWorker:Storage Directory /workdir/hadoop-ozone/integration-test/target/test-dir/MiniOzoneClusterImpl-a1b41923-72f3-42e0-8473-59a9e2cbbac3/datanode-1/data/ratis/82d4b083-a960-440a-9f3f-b072986b2e81: flushIndex: setUnconditionally 0 -> -1
2019-09-19 11:16:39,333 [pool-144-thread-1] INFO  server.RaftServerConfigKeys (ConfUtils.java:logGet(43)) - raft.server.snapshot.auto.trigger.enabled = true (custom)
2019-09-19 11:16:39,333 [pool-144-thread-1] INFO  server.RaftServerConfigKeys (ConfUtils.java:logGet(43)) - raft.server.snapshot.auto.trigger.threshold = 10000 (custom)
2019-09-19 11:16:39,333 [pool-144-thread-1] INFO  server.RaftServerConfigKeys (ConfUtils.java:logGet(43)) - raft.server.retrycache.expirytime = 600000ms (custom)
2019-09-19 11:16:39,333 [pool-144-thread-1] INFO  impl.RaftServerImpl (RaftServerImpl.java:start(180)) - e4ce95b5-80fa-473f-aa0f-54361613bedb: start group-B072986B2E81
2019-09-19 11:16:39,333 [pool-144-thread-1] INFO  impl.RaftServerImpl (RaftServerImpl.java:setRole(171)) - e4ce95b5-80fa-473f-aa0f-54361613bedb:group-B072986B2E81 changes role from null to FOLLOWER at term 0 for startAsFollower
2019-09-19 11:16:39,334 [pool-144-thread-1] INFO  impl.RoleInfo (RoleInfo.java:updateAndGet(143)) - e4ce95b5-80fa-473f-aa0f-54361613bedb: start FollowerState
2019-09-19 11:16:39,334 [pool-144-thread-1] INFO  util.JmxRegister (JmxRegister.java:tryRegister(44)) - Successfully registered JMX Bean with object name Ratis:service=RaftServer,group=group-B072986B2E81,id=e4ce95b5-80fa-473f-aa0f-54361613bedb
2019-09-19 11:16:39,337 [RatisPipelineUtilsThread] INFO  pipeline.PipelineStateManager (PipelineStateManager.java:addPipeline(56)) - Created pipeline Pipeline[ Id: 82d4b083-a960-440a-9f3f-b072986b2e81, Nodes: e4ce95b5-80fa-473f-aa0f-54361613bedb{ip: 192.168.157.226, host: pr-hdds-1569-swxfz-3172132826, networkLocation: /default-rack, certSerialId: null}, Type:RATIS, Factor:ONE, State:OPEN]
2019-09-19 11:16:39,338 [RatisPipelineUtilsThread] ERROR pipeline.PipelinePlacementPolicy (PipelinePlacementPolicy.java:meetCriteria(91)) - Pipeline Placement: Doesn't meet the criteria to be viable node. Heaviness: 6
2019-09-19 11:16:39,344 [grpc-default-executor-0] INFO  impl.RaftServerProxy (RaftServerProxy.java:addNew(89)) - e4ce95b5-80fa-473f-aa0f-54361613bedb: addNew group-A19D2DC0D590:[e4ce95b5-80fa-473f-aa0f-54361613bedb:192.168.157.226:37805] returns group-A19D2DC0D590:java.util.concurrent.CompletableFuture@4c33d3d3[Not completed]
2019-09-19 11:16:39,345 [pool-144-thread-1] INFO  impl.RaftServerImpl (RaftServerImpl.java:<init>(93)) - e4ce95b5-80fa-473f-aa0f-54361613bedb: new RaftServerImpl for group-A19D2DC0D590:[e4ce95b5-80fa-473f-aa0f-54361613bedb:192.168.157.226:37805] with ContainerStateMachine:uninitialized
2019-09-19 11:16:39,345 [pool-144-thread-1] INFO  server.RaftServerConfigKeys (ConfUtils.java:logGet(43)) - raft.server.rpc.timeout.min = 5s (custom)
2019-09-19 11:16:39,345 [pool-144-thread-1] INFO  server.RaftServerConfigKeys (ConfUtils.java:logGet(43)) - raft.server.rpc.timeout.max = 5200ms (custom)
2019-09-19 11:16:39,345 [pool-144-thread-1] INFO  server.RaftServerConfigKeys (ConfUtils.java:logGet(43)) - raft.server.rpcslowness.timeout = 120s (custom)
2019-09-19 11:16:39,345 [pool-144-thread-1] INFO  server.RaftServerConfigKeys (ConfUtils.java:logGet(43)) - raft.server.sleep.deviation.threshold = 300 (default)
2019-09-19 11:16:39,345 [pool-144-thread-1] INFO  server.RaftServerConfigKeys (ConfUtils.java:logGet(43)) - raft.server.log.appender.install.snapshot.enabled = false (custom)
2019-09-19 11:16:39,345 [pool-144-thread-1] INFO  impl.RaftServerImpl (ServerState.java:<init>(105)) - e4ce95b5-80fa-473f-aa0f-54361613bedb:group-A19D2DC0D590 ConfigurationManager, init=-1: [e4ce95b5-80fa-473f-aa0f-54361613bedb:192.168.157.226:37805], old=null, confs=<EMPTY_MAP>
2019-09-19 11:16:39,346 [pool-144-thread-1] INFO  server.RaftServerConfigKeys (ConfUtils.java:logGet(43)) - raft.server.storage.dir = [/workdir/hadoop-ozone/integration-test/target/test-dir/MiniOzoneClusterImpl-a1b41923-72f3-42e0-8473-59a9e2cbbac3/datanode-1/data/ratis] (custom)
2019-09-19 11:16:39,346 [pool-144-thread-1] INFO  storage.RaftStorageDirectory (RaftStorageDirectory.java:analyzeStorage(246)) - The storage directory /workdir/hadoop-ozone/integration-test/target/test-dir/MiniOzoneClusterImpl-a1b41923-72f3-42e0-8473-59a9e2cbbac3/datanode-1/data/ratis/7b29d3cf-2524-42f7-96f4-a19d2dc0d590 does not exist. Creating ...
2019-09-19 11:16:39,359 [pool-144-thread-1] INFO  storage.RaftStorageDirectory (RaftStorageDirectory.java:tryLock(328)) - Lock on /workdir/hadoop-ozone/integration-test/target/test-dir/MiniOzoneClusterImpl-a1b41923-72f3-42e0-8473-59a9e2cbbac3/datanode-1/data/ratis/7b29d3cf-2524-42f7-96f4-a19d2dc0d590/in_use.lock acquired by nodename 20864@pr-hdds-1569-swxfz-3172132826
2019-09-19 11:16:39,372 [pool-144-thread-1] INFO  storage.RaftStorage (RaftStorage.java:format(72)) - Storage directory /workdir/hadoop-ozone/integration-test/target/test-dir/MiniOzoneClusterImpl-a1b41923-72f3-42e0-8473-59a9e2cbbac3/datanode-1/data/ratis/7b29d3cf-2524-42f7-96f4-a19d2dc0d590 has been successfully formatted.
2019-09-19 11:16:39,372 [pool-144-thread-1] INFO  ratis.ContainerStateMachine (ContainerStateMachine.java:loadSnapshot(226)) - group-A19D2DC0D590: The snapshot info is null. Setting the last applied indexto:(t:0, i:~)
2019-09-19 11:16:39,372 [pool-144-thread-1] INFO  server.RaftServerConfigKeys (ConfUtils.java:logGet(43)) - raft.server.leader.election.timeout = 120s (custom)
2019-09-19 11:16:39,372 [pool-144-thread-1] INFO  server.RaftServerConfigKeys (ConfUtils.java:logGet(43)) - raft.server.log.use.memory = false (default)
2019-09-19 11:16:39,372 [pool-144-thread-1] INFO  server.RaftServerConfigKeys (ConfUtils.java:logGet(43)) - raft.server.log.purge.gap = 1000000 (custom)
2019-09-19 11:16:39,372 [pool-144-thread-1] INFO  server.RaftServerConfigKeys (ConfUtils.java:logGet(43)) - raft.server.log.appender.buffer.byte-limit = 33554432 (custom)
2019-09-19 11:16:39,372 [pool-144-thread-1] INFO  server.RaftServerConfigKeys (ConfUtils.java:logGet(43)) - raft.server.log.segment.size.max = 1048576 (custom)
2019-09-19 11:16:39,372 [pool-144-thread-1] INFO  server.RaftServerConfigKeys (ConfUtils.java:logGet(43)) - raft.server.log.segment.cache.num.max = 2 (custom)
2019-09-19 11:16:39,373 [pool-144-thread-1] INFO  segmented.SegmentedRaftLogWorker (SegmentedRaftLogWorker.java:<init>(172)) - new e4ce95b5-80fa-473f-aa0f-54361613bedb-SegmentedRaftLogWorker:Storage Directory /workdir/hadoop-ozone/integration-test/target/test-dir/MiniOzoneClusterImpl-a1b41923-72f3-42e0-8473-59a9e2cbbac3/datanode-1/data/ratis/7b29d3cf-2524-42f7-96f4-a19d2dc0d590 for RaftStorage:Storage Directory /workdir/hadoop-ozone/integration-test/target/test-dir/MiniOzoneClusterImpl-a1b41923-72f3-42e0-8473-59a9e2cbbac3/datanode-1/data/ratis/7b29d3cf-2524-42f7-96f4-a19d2dc0d590
2019-09-19 11:16:39,373 [pool-144-thread-1] INFO  server.RaftServerConfigKeys (ConfUtils.java:logGet(43)) - raft.server.log.queue.byte-limit = 2147483647 (custom)
2019-09-19 11:16:39,373 [pool-144-thread-1] INFO  server.RaftServerConfigKeys (ConfUtils.java:logGet(43)) - raft.server.log.queue.element-limit = 1024 (custom)
2019-09-19 11:16:39,373 [pool-144-thread-1] INFO  server.RaftServerConfigKeys (ConfUtils.java:logGet(43)) - raft.server.log.segment.size.max = 1048576 (custom)
2019-09-19 11:16:39,373 [pool-144-thread-1] INFO  server.RaftServerConfigKeys (ConfUtils.java:logGet(43)) - raft.server.log.preallocated.size = 16384 (custom)
2019-09-19 11:16:39,373 [pool-144-thread-1] INFO  server.RaftServerConfigKeys (ConfUtils.java:logGet(43)) - raft.server.log.write.buffer.size = 33554432 (custom)
2019-09-19 11:16:39,373 [pool-144-thread-1] INFO  server.RaftServerConfigKeys (ConfUtils.java:logGet(43)) - raft.server.log.force.sync.num = 128 (default)
2019-09-19 11:16:39,373 [pool-144-thread-1] INFO  server.RaftServerConfigKeys (ConfUtils.java:logGet(43)) - raft.server.log.statemachine.data.sync = true (default)
2019-09-19 11:16:39,373 [pool-144-thread-1] INFO  server.RaftServerConfigKeys (ConfUtils.java:logGet(43)) - raft.server.log.statemachine.data.sync.timeout = 10s (default)
2019-09-19 11:16:39,373 [pool-144-thread-1] INFO  server.RaftServerConfigKeys (ConfUtils.java:logGet(43)) - raft.server.log.statemachine.data.sync.timeout.retry = -1 (default)
2019-09-19 11:16:39,374 [pool-144-thread-1] INFO  server.RaftServerConfigKeys (ConfUtils.java:logGet(43)) - raft.server.log.statemachine.data.caching.enabled = true (custom)
2019-09-19 11:16:39,374 [pool-144-thread-1] INFO  segmented.SegmentedRaftLogWorker (SegmentedRaftLogWorker.java:lambda$new$0(132)) - e4ce95b5-80fa-473f-aa0f-54361613bedb-SegmentedRaftLogWorker:Storage Directory /workdir/hadoop-ozone/integration-test/target/test-dir/MiniOzoneClusterImpl-a1b41923-72f3-42e0-8473-59a9e2cbbac3/datanode-1/data/ratis/7b29d3cf-2524-42f7-96f4-a19d2dc0d590: flushIndex: setUnconditionally 0 -> -1
2019-09-19 11:16:39,374 [pool-144-thread-1] INFO  server.RaftServerConfigKeys (ConfUtils.java:logGet(43)) - raft.server.snapshot.auto.trigger.enabled = true (custom)
2019-09-19 11:16:39,374 [pool-144-thread-1] INFO  server.RaftServerConfigKeys (ConfUtils.java:logGet(43)) - raft.server.snapshot.auto.trigger.threshold = 10000 (custom)
2019-09-19 11:16:39,374 [pool-144-thread-1] INFO  server.RaftServerConfigKeys (ConfUtils.java:logGet(43)) - raft.server.retrycache.expirytime = 600000ms (custom)
2019-09-19 11:16:39,374 [pool-144-thread-1] INFO  impl.RaftServerImpl (RaftServerImpl.java:start(180)) - e4ce95b5-80fa-473f-aa0f-54361613bedb: start group-A19D2DC0D590
2019-09-19 11:16:39,375 [pool-144-thread-1] INFO  impl.RaftServerImpl (RaftServerImpl.java:setRole(171)) - e4ce95b5-80fa-473f-aa0f-54361613bedb:group-A19D2DC0D590 changes role from null to FOLLOWER at term 0 for startAsFollower
2019-09-19 11:16:39,375 [pool-144-thread-1] INFO  impl.RoleInfo (RoleInfo.java:updateAndGet(143)) - e4ce95b5-80fa-473f-aa0f-54361613bedb: start FollowerState
2019-09-19 11:16:39,377 [pool-144-thread-1] INFO  util.JmxRegister (JmxRegister.java:tryRegister(44)) - Successfully registered JMX Bean with object name Ratis:service=RaftServer,group=group-A19D2DC0D590,id=e4ce95b5-80fa-473f-aa0f-54361613bedb
2019-09-19 11:16:39,377 [main] INFO  ozone.MiniOzoneClusterImpl (MiniOzoneClusterImpl.java:lambda$waitForClusterToBeReady$0(142)) - Waiting for cluster to be ready. Got 2 of 3 DN Heartbeats.
2019-09-19 11:16:39,377 [IPC Server handler 0 on 39958] INFO  net.NetworkTopology (NetworkTopologyImpl.java:add(110)) - Added a new node: /default-rack/d7fad138-c66e-4dac-aa7f-32cef276c0fb
2019-09-19 11:16:39,378 [IPC Server handler 0 on 39958] INFO  node.SCMNodeManager (SCMNodeManager.java:register(273)) - Registered Data node : d7fad138-c66e-4dac-aa7f-32cef276c0fb{ip: 192.168.157.226, host: pr-hdds-1569-swxfz-3172132826, networkLocation: /default-rack, certSerialId: null}
2019-09-19 11:16:39,378 | INFO  | SCMAudit | user=jenkins1000 | ip=192.168.157.226 | op=REGISTER {datanodeDetails=d7fad138-c66e-4dac-aa7f-32cef276c0fb{ip: 192.168.157.226, host: pr-hdds-1569-swxfz-3172132826, networkLocation: /default-rack, certSerialId: null}} | ret=SUCCESS |  
2019-09-19 11:16:39,380 [RatisPipelineUtilsThread] INFO  pipeline.PipelineStateManager (PipelineStateManager.java:addPipeline(56)) - Created pipeline Pipeline[ Id: 7b29d3cf-2524-42f7-96f4-a19d2dc0d590, Nodes: e4ce95b5-80fa-473f-aa0f-54361613bedb{ip: 192.168.157.226, host: pr-hdds-1569-swxfz-3172132826, networkLocation: /default-rack, certSerialId: null}, Type:RATIS, Factor:ONE, State:OPEN]
2019-09-19 11:16:39,380 [RatisPipelineUtilsThread] ERROR pipeline.PipelinePlacementPolicy (PipelinePlacementPolicy.java:meetCriteria(91)) - Pipeline Placement: Doesn't meet the criteria to be viable node. Heaviness: 6
2019-09-19 11:16:39,380 [RatisPipelineUtilsThread] ERROR pipeline.PipelinePlacementPolicy (PipelinePlacementPolicy.java:meetCriteria(91)) - Pipeline Placement: Doesn't meet the criteria to be viable node. Heaviness: 6
2019-09-19 11:16:39,388 [grpc-default-executor-0] INFO  impl.RaftServerProxy (RaftServerProxy.java:addNew(89)) - d7fad138-c66e-4dac-aa7f-32cef276c0fb: addNew group-762ABF295281:[d7fad138-c66e-4dac-aa7f-32cef276c0fb:192.168.157.226:35353] returns group-762ABF295281:java.util.concurrent.CompletableFuture@7ecc3c26[Not completed]
2019-09-19 11:16:39,389 [pool-155-thread-1] INFO  impl.RaftServerImpl (RaftServerImpl.java:<init>(93)) - d7fad138-c66e-4dac-aa7f-32cef276c0fb: new RaftServerImpl for group-762ABF295281:[d7fad138-c66e-4dac-aa7f-32cef276c0fb:192.168.157.226:35353] with ContainerStateMachine:uninitialized
2019-09-19 11:16:39,389 [pool-155-thread-1] INFO  server.RaftServerConfigKeys (ConfUtils.java:logGet(43)) - raft.server.rpc.timeout.min = 5s (custom)
2019-09-19 11:16:39,389 [pool-155-thread-1] INFO  server.RaftServerConfigKeys (ConfUtils.java:logGet(43)) - raft.server.rpc.timeout.max = 5200ms (custom)
2019-09-19 11:16:39,389 [pool-155-thread-1] INFO  server.RaftServerConfigKeys (ConfUtils.java:logGet(43)) - raft.server.rpcslowness.timeout = 120s (custom)
2019-09-19 11:16:39,389 [pool-155-thread-1] INFO  server.RaftServerConfigKeys (ConfUtils.java:logGet(43)) - raft.server.sleep.deviation.threshold = 300 (default)
2019-09-19 11:16:39,389 [pool-155-thread-1] INFO  server.RaftServerConfigKeys (ConfUtils.java:logGet(43)) - raft.server.log.appender.install.snapshot.enabled = false (custom)
2019-09-19 11:16:39,389 [pool-155-thread-1] INFO  impl.RaftServerImpl (ServerState.java:<init>(105)) - d7fad138-c66e-4dac-aa7f-32cef276c0fb:group-762ABF295281 ConfigurationManager, init=-1: [d7fad138-c66e-4dac-aa7f-32cef276c0fb:192.168.157.226:35353], old=null, confs=<EMPTY_MAP>
2019-09-19 11:16:39,389 [pool-155-thread-1] INFO  server.RaftServerConfigKeys (ConfUtils.java:logGet(43)) - raft.server.storage.dir = [/workdir/hadoop-ozone/integration-test/target/test-dir/MiniOzoneClusterImpl-a1b41923-72f3-42e0-8473-59a9e2cbbac3/datanode-2/data/ratis] (custom)
2019-09-19 11:16:39,390 [pool-155-thread-1] INFO  storage.RaftStorageDirectory (RaftStorageDirectory.java:analyzeStorage(246)) - The storage directory /workdir/hadoop-ozone/integration-test/target/test-dir/MiniOzoneClusterImpl-a1b41923-72f3-42e0-8473-59a9e2cbbac3/datanode-2/data/ratis/75a25125-8d18-4142-b8ae-762abf295281 does not exist. Creating ...
2019-09-19 11:16:39,403 [pool-155-thread-1] INFO  storage.RaftStorageDirectory (RaftStorageDirectory.java:tryLock(328)) - Lock on /workdir/hadoop-ozone/integration-test/target/test-dir/MiniOzoneClusterImpl-a1b41923-72f3-42e0-8473-59a9e2cbbac3/datanode-2/data/ratis/75a25125-8d18-4142-b8ae-762abf295281/in_use.lock acquired by nodename 20864@pr-hdds-1569-swxfz-3172132826
2019-09-19 11:16:39,417 [pool-155-thread-1] INFO  storage.RaftStorage (RaftStorage.java:format(72)) - Storage directory /workdir/hadoop-ozone/integration-test/target/test-dir/MiniOzoneClusterImpl-a1b41923-72f3-42e0-8473-59a9e2cbbac3/datanode-2/data/ratis/75a25125-8d18-4142-b8ae-762abf295281 has been successfully formatted.
2019-09-19 11:16:39,417 [pool-155-thread-1] INFO  ratis.ContainerStateMachine (ContainerStateMachine.java:loadSnapshot(226)) - group-762ABF295281: The snapshot info is null. Setting the last applied indexto:(t:0, i:~)
2019-09-19 11:16:39,417 [pool-155-thread-1] INFO  server.RaftServerConfigKeys (ConfUtils.java:logGet(43)) - raft.server.leader.election.timeout = 120s (custom)
2019-09-19 11:16:39,418 [pool-155-thread-1] INFO  server.RaftServerConfigKeys (ConfUtils.java:logGet(43)) - raft.server.log.use.memory = false (default)
2019-09-19 11:16:39,418 [pool-155-thread-1] INFO  server.RaftServerConfigKeys (ConfUtils.java:logGet(43)) - raft.server.log.purge.gap = 1000000 (custom)
2019-09-19 11:16:39,418 [pool-155-thread-1] INFO  server.RaftServerConfigKeys (ConfUtils.java:logGet(43)) - raft.server.log.appender.buffer.byte-limit = 33554432 (custom)
2019-09-19 11:16:39,418 [pool-155-thread-1] INFO  server.RaftServerConfigKeys (ConfUtils.java:logGet(43)) - raft.server.log.segment.size.max = 1048576 (custom)
2019-09-19 11:16:39,418 [pool-155-thread-1] INFO  server.RaftServerConfigKeys (ConfUtils.java:logGet(43)) - raft.server.log.segment.cache.num.max = 2 (custom)
2019-09-19 11:16:39,419 [pool-155-thread-1] INFO  segmented.SegmentedRaftLogWorker (SegmentedRaftLogWorker.java:<init>(172)) - new d7fad138-c66e-4dac-aa7f-32cef276c0fb-SegmentedRaftLogWorker:Storage Directory /workdir/hadoop-ozone/integration-test/target/test-dir/MiniOzoneClusterImpl-a1b41923-72f3-42e0-8473-59a9e2cbbac3/datanode-2/data/ratis/75a25125-8d18-4142-b8ae-762abf295281 for RaftStorage:Storage Directory /workdir/hadoop-ozone/integration-test/target/test-dir/MiniOzoneClusterImpl-a1b41923-72f3-42e0-8473-59a9e2cbbac3/datanode-2/data/ratis/75a25125-8d18-4142-b8ae-762abf295281
2019-09-19 11:16:39,419 [pool-155-thread-1] INFO  server.RaftServerConfigKeys (ConfUtils.java:logGet(43)) - raft.server.log.queue.byte-limit = 2147483647 (custom)
2019-09-19 11:16:39,419 [pool-155-thread-1] INFO  server.RaftServerConfigKeys (ConfUtils.java:logGet(43)) - raft.server.log.queue.element-limit = 1024 (custom)
2019-09-19 11:16:39,420 [pool-155-thread-1] INFO  server.RaftServerConfigKeys (ConfUtils.java:logGet(43)) - raft.server.log.segment.size.max = 1048576 (custom)
2019-09-19 11:16:39,420 [pool-155-thread-1] INFO  server.RaftServerConfigKeys (ConfUtils.java:logGet(43)) - raft.server.log.preallocated.size = 16384 (custom)
2019-09-19 11:16:39,420 [pool-155-thread-1] INFO  server.RaftServerConfigKeys (ConfUtils.java:logGet(43)) - raft.server.log.write.buffer.size = 33554432 (custom)
2019-09-19 11:16:39,420 [pool-155-thread-1] INFO  server.RaftServerConfigKeys (ConfUtils.java:logGet(43)) - raft.server.log.force.sync.num = 128 (default)
2019-09-19 11:16:39,421 [pool-155-thread-1] INFO  server.RaftServerConfigKeys (ConfUtils.java:logGet(43)) - raft.server.log.statemachine.data.sync = true (default)
2019-09-19 11:16:39,421 [pool-155-thread-1] INFO  server.RaftServerConfigKeys (ConfUtils.java:logGet(43)) - raft.server.log.statemachine.data.sync.timeout = 10s (default)
2019-09-19 11:16:39,421 [pool-155-thread-1] INFO  server.RaftServerConfigKeys (ConfUtils.java:logGet(43)) - raft.server.log.statemachine.data.sync.timeout.retry = -1 (default)
2019-09-19 11:16:39,421 [pool-155-thread-1] INFO  server.RaftServerConfigKeys (ConfUtils.java:logGet(43)) - raft.server.log.statemachine.data.caching.enabled = true (custom)
2019-09-19 11:16:39,422 [pool-155-thread-1] INFO  segmented.SegmentedRaftLogWorker (SegmentedRaftLogWorker.java:lambda$new$0(132)) - d7fad138-c66e-4dac-aa7f-32cef276c0fb-SegmentedRaftLogWorker:Storage Directory /workdir/hadoop-ozone/integration-test/target/test-dir/MiniOzoneClusterImpl-a1b41923-72f3-42e0-8473-59a9e2cbbac3/datanode-2/data/ratis/75a25125-8d18-4142-b8ae-762abf295281: flushIndex: setUnconditionally 0 -> -1
2019-09-19 11:16:39,422 [pool-155-thread-1] INFO  server.RaftServerConfigKeys (ConfUtils.java:logGet(43)) - raft.server.snapshot.auto.trigger.enabled = true (custom)
2019-09-19 11:16:39,423 [pool-155-thread-1] INFO  server.RaftServerConfigKeys (ConfUtils.java:logGet(43)) - raft.server.snapshot.auto.trigger.threshold = 10000 (custom)
2019-09-19 11:16:39,423 [pool-155-thread-1] INFO  server.RaftServerConfigKeys (ConfUtils.java:logGet(43)) - raft.server.retrycache.expirytime = 600000ms (custom)
2019-09-19 11:16:39,423 [pool-155-thread-1] INFO  impl.RaftServerImpl (RaftServerImpl.java:start(180)) - d7fad138-c66e-4dac-aa7f-32cef276c0fb: start group-762ABF295281
2019-09-19 11:16:39,423 [pool-155-thread-1] INFO  impl.RaftServerImpl (RaftServerImpl.java:setRole(171)) - d7fad138-c66e-4dac-aa7f-32cef276c0fb:group-762ABF295281 changes role from null to FOLLOWER at term 0 for startAsFollower
2019-09-19 11:16:39,424 [pool-155-thread-1] INFO  impl.RoleInfo (RoleInfo.java:updateAndGet(143)) - d7fad138-c66e-4dac-aa7f-32cef276c0fb: start FollowerState
2019-09-19 11:16:39,424 [pool-155-thread-1] INFO  util.JmxRegister (JmxRegister.java:tryRegister(44)) - Successfully registered JMX Bean with object name Ratis:service=RaftServer,group=group-762ABF295281,id=d7fad138-c66e-4dac-aa7f-32cef276c0fb
2019-09-19 11:16:39,428 [RatisPipelineUtilsThread] INFO  pipeline.PipelineStateManager (PipelineStateManager.java:addPipeline(56)) - Created pipeline Pipeline[ Id: 75a25125-8d18-4142-b8ae-762abf295281, Nodes: d7fad138-c66e-4dac-aa7f-32cef276c0fb{ip: 192.168.157.226, host: pr-hdds-1569-swxfz-3172132826, networkLocation: /default-rack, certSerialId: null}, Type:RATIS, Factor:ONE, State:OPEN]
2019-09-19 11:16:39,428 [RatisPipelineUtilsThread] ERROR pipeline.PipelinePlacementPolicy (PipelinePlacementPolicy.java:meetCriteria(91)) - Pipeline Placement: Doesn't meet the criteria to be viable node. Heaviness: 6
2019-09-19 11:16:39,428 [RatisPipelineUtilsThread] ERROR pipeline.PipelinePlacementPolicy (PipelinePlacementPolicy.java:meetCriteria(91)) - Pipeline Placement: Doesn't meet the criteria to be viable node. Heaviness: 6
2019-09-19 11:16:39,433 [grpc-default-executor-0] INFO  impl.RaftServerProxy (RaftServerProxy.java:addNew(89)) - d7fad138-c66e-4dac-aa7f-32cef276c0fb: addNew group-F92D146D9A4A:[d7fad138-c66e-4dac-aa7f-32cef276c0fb:192.168.157.226:35353] returns group-F92D146D9A4A:java.util.concurrent.CompletableFuture@6556a141[Not completed]
2019-09-19 11:16:39,435 [pool-155-thread-1] INFO  impl.RaftServerImpl (RaftServerImpl.java:<init>(93)) - d7fad138-c66e-4dac-aa7f-32cef276c0fb: new RaftServerImpl for group-F92D146D9A4A:[d7fad138-c66e-4dac-aa7f-32cef276c0fb:192.168.157.226:35353] with ContainerStateMachine:uninitialized
2019-09-19 11:16:39,435 [pool-155-thread-1] INFO  server.RaftServerConfigKeys (ConfUtils.java:logGet(43)) - raft.server.rpc.timeout.min = 5s (custom)
2019-09-19 11:16:39,435 [pool-155-thread-1] INFO  server.RaftServerConfigKeys (ConfUtils.java:logGet(43)) - raft.server.rpc.timeout.max = 5200ms (custom)
2019-09-19 11:16:39,435 [pool-155-thread-1] INFO  server.RaftServerConfigKeys (ConfUtils.java:logGet(43)) - raft.server.rpcslowness.timeout = 120s (custom)
2019-09-19 11:16:39,436 [pool-155-thread-1] INFO  server.RaftServerConfigKeys (ConfUtils.java:logGet(43)) - raft.server.sleep.deviation.threshold = 300 (default)
2019-09-19 11:16:39,436 [pool-155-thread-1] INFO  server.RaftServerConfigKeys (ConfUtils.java:logGet(43)) - raft.server.log.appender.install.snapshot.enabled = false (custom)
2019-09-19 11:16:39,436 [pool-155-thread-1] INFO  impl.RaftServerImpl (ServerState.java:<init>(105)) - d7fad138-c66e-4dac-aa7f-32cef276c0fb:group-F92D146D9A4A ConfigurationManager, init=-1: [d7fad138-c66e-4dac-aa7f-32cef276c0fb:192.168.157.226:35353], old=null, confs=<EMPTY_MAP>
2019-09-19 11:16:39,436 [pool-155-thread-1] INFO  server.RaftServerConfigKeys (ConfUtils.java:logGet(43)) - raft.server.storage.dir = [/workdir/hadoop-ozone/integration-test/target/test-dir/MiniOzoneClusterImpl-a1b41923-72f3-42e0-8473-59a9e2cbbac3/datanode-2/data/ratis] (custom)
2019-09-19 11:16:39,437 [pool-155-thread-1] INFO  storage.RaftStorageDirectory (RaftStorageDirectory.java:analyzeStorage(246)) - The storage directory /workdir/hadoop-ozone/integration-test/target/test-dir/MiniOzoneClusterImpl-a1b41923-72f3-42e0-8473-59a9e2cbbac3/datanode-2/data/ratis/1990e86c-07ef-4fbe-a37c-f92d146d9a4a does not exist. Creating ...
2019-09-19 11:16:39,440 [pool-155-thread-1] INFO  storage.RaftStorageDirectory (RaftStorageDirectory.java:tryLock(328)) - Lock on /workdir/hadoop-ozone/integration-test/target/test-dir/MiniOzoneClusterImpl-a1b41923-72f3-42e0-8473-59a9e2cbbac3/datanode-2/data/ratis/1990e86c-07ef-4fbe-a37c-f92d146d9a4a/in_use.lock acquired by nodename 20864@pr-hdds-1569-swxfz-3172132826
2019-09-19 11:16:39,459 [pool-155-thread-1] INFO  storage.RaftStorage (RaftStorage.java:format(72)) - Storage directory /workdir/hadoop-ozone/integration-test/target/test-dir/MiniOzoneClusterImpl-a1b41923-72f3-42e0-8473-59a9e2cbbac3/datanode-2/data/ratis/1990e86c-07ef-4fbe-a37c-f92d146d9a4a has been successfully formatted.
2019-09-19 11:16:39,460 [pool-155-thread-1] INFO  ratis.ContainerStateMachine (ContainerStateMachine.java:loadSnapshot(226)) - group-F92D146D9A4A: The snapshot info is null. Setting the last applied indexto:(t:0, i:~)
2019-09-19 11:16:39,460 [pool-155-thread-1] INFO  server.RaftServerConfigKeys (ConfUtils.java:logGet(43)) - raft.server.leader.election.timeout = 120s (custom)
2019-09-19 11:16:39,460 [pool-155-thread-1] INFO  server.RaftServerConfigKeys (ConfUtils.java:logGet(43)) - raft.server.log.use.memory = false (default)
2019-09-19 11:16:39,460 [pool-155-thread-1] INFO  server.RaftServerConfigKeys (ConfUtils.java:logGet(43)) - raft.server.log.purge.gap = 1000000 (custom)
2019-09-19 11:16:39,460 [pool-155-thread-1] INFO  server.RaftServerConfigKeys (ConfUtils.java:logGet(43)) - raft.server.log.appender.buffer.byte-limit = 33554432 (custom)
2019-09-19 11:16:39,460 [pool-155-thread-1] INFO  server.RaftServerConfigKeys (ConfUtils.java:logGet(43)) - raft.server.log.segment.size.max = 1048576 (custom)
2019-09-19 11:16:39,460 [pool-155-thread-1] INFO  server.RaftServerConfigKeys (ConfUtils.java:logGet(43)) - raft.server.log.segment.cache.num.max = 2 (custom)
2019-09-19 11:16:39,460 [pool-155-thread-1] INFO  segmented.SegmentedRaftLogWorker (SegmentedRaftLogWorker.java:<init>(172)) - new d7fad138-c66e-4dac-aa7f-32cef276c0fb-SegmentedRaftLogWorker:Storage Directory /workdir/hadoop-ozone/integration-test/target/test-dir/MiniOzoneClusterImpl-a1b41923-72f3-42e0-8473-59a9e2cbbac3/datanode-2/data/ratis/1990e86c-07ef-4fbe-a37c-f92d146d9a4a for RaftStorage:Storage Directory /workdir/hadoop-ozone/integration-test/target/test-dir/MiniOzoneClusterImpl-a1b41923-72f3-42e0-8473-59a9e2cbbac3/datanode-2/data/ratis/1990e86c-07ef-4fbe-a37c-f92d146d9a4a
2019-09-19 11:16:39,461 [pool-155-thread-1] INFO  server.RaftServerConfigKeys (ConfUtils.java:logGet(43)) - raft.server.log.queue.byte-limit = 2147483647 (custom)
2019-09-19 11:16:39,461 [pool-155-thread-1] INFO  server.RaftServerConfigKeys (ConfUtils.java:logGet(43)) - raft.server.log.queue.element-limit = 1024 (custom)
2019-09-19 11:16:39,461 [pool-155-thread-1] INFO  server.RaftServerConfigKeys (ConfUtils.java:logGet(43)) - raft.server.log.segment.size.max = 1048576 (custom)
2019-09-19 11:16:39,461 [pool-155-thread-1] INFO  server.RaftServerConfigKeys (ConfUtils.java:logGet(43)) - raft.server.log.preallocated.size = 16384 (custom)
2019-09-19 11:16:39,461 [pool-155-thread-1] INFO  server.RaftServerConfigKeys (ConfUtils.java:logGet(43)) - raft.server.log.write.buffer.size = 33554432 (custom)
2019-09-19 11:16:39,461 [pool-155-thread-1] INFO  server.RaftServerConfigKeys (ConfUtils.java:logGet(43)) - raft.server.log.force.sync.num = 128 (default)
2019-09-19 11:16:39,461 [pool-155-thread-1] INFO  server.RaftServerConfigKeys (ConfUtils.java:logGet(43)) - raft.server.log.statemachine.data.sync = true (default)
2019-09-19 11:16:39,461 [pool-155-thread-1] INFO  server.RaftServerConfigKeys (ConfUtils.java:logGet(43)) - raft.server.log.statemachine.data.sync.timeout = 10s (default)
2019-09-19 11:16:39,462 [pool-155-thread-1] INFO  server.RaftServerConfigKeys (ConfUtils.java:logGet(43)) - raft.server.log.statemachine.data.sync.timeout.retry = -1 (default)
2019-09-19 11:16:39,462 [pool-155-thread-1] INFO  server.RaftServerConfigKeys (ConfUtils.java:logGet(43)) - raft.server.log.statemachine.data.caching.enabled = true (custom)
2019-09-19 11:16:39,462 [pool-155-thread-1] INFO  segmented.SegmentedRaftLogWorker (SegmentedRaftLogWorker.java:lambda$new$0(132)) - d7fad138-c66e-4dac-aa7f-32cef276c0fb-SegmentedRaftLogWorker:Storage Directory /workdir/hadoop-ozone/integration-test/target/test-dir/MiniOzoneClusterImpl-a1b41923-72f3-42e0-8473-59a9e2cbbac3/datanode-2/data/ratis/1990e86c-07ef-4fbe-a37c-f92d146d9a4a: flushIndex: setUnconditionally 0 -> -1
2019-09-19 11:16:39,462 [pool-155-thread-1] INFO  server.RaftServerConfigKeys (ConfUtils.java:logGet(43)) - raft.server.snapshot.auto.trigger.enabled = true (custom)
2019-09-19 11:16:39,462 [pool-155-thread-1] INFO  server.RaftServerConfigKeys (ConfUtils.java:logGet(43)) - raft.server.snapshot.auto.trigger.threshold = 10000 (custom)
2019-09-19 11:16:39,463 [pool-155-thread-1] INFO  server.RaftServerConfigKeys (ConfUtils.java:logGet(43)) - raft.server.retrycache.expirytime = 600000ms (custom)
2019-09-19 11:16:39,463 [pool-155-thread-1] INFO  impl.RaftServerImpl (RaftServerImpl.java:start(180)) - d7fad138-c66e-4dac-aa7f-32cef276c0fb: start group-F92D146D9A4A
2019-09-19 11:16:39,463 [pool-155-thread-1] INFO  impl.RaftServerImpl (RaftServerImpl.java:setRole(171)) - d7fad138-c66e-4dac-aa7f-32cef276c0fb:group-F92D146D9A4A changes role from null to FOLLOWER at term 0 for startAsFollower
2019-09-19 11:16:39,463 [pool-155-thread-1] INFO  impl.RoleInfo (RoleInfo.java:updateAndGet(143)) - d7fad138-c66e-4dac-aa7f-32cef276c0fb: start FollowerState
2019-09-19 11:16:39,463 [pool-155-thread-1] INFO  util.JmxRegister (JmxRegister.java:tryRegister(44)) - Successfully registered JMX Bean with object name Ratis:service=RaftServer,group=group-F92D146D9A4A,id=d7fad138-c66e-4dac-aa7f-32cef276c0fb
2019-09-19 11:16:39,466 [RatisPipelineUtilsThread] INFO  pipeline.PipelineStateManager (PipelineStateManager.java:addPipeline(56)) - Created pipeline Pipeline[ Id: 1990e86c-07ef-4fbe-a37c-f92d146d9a4a, Nodes: d7fad138-c66e-4dac-aa7f-32cef276c0fb{ip: 192.168.157.226, host: pr-hdds-1569-swxfz-3172132826, networkLocation: /default-rack, certSerialId: null}, Type:RATIS, Factor:ONE, State:OPEN]
2019-09-19 11:16:39,466 [RatisPipelineUtilsThread] ERROR pipeline.PipelinePlacementPolicy (PipelinePlacementPolicy.java:meetCriteria(91)) - Pipeline Placement: Doesn't meet the criteria to be viable node. Heaviness: 6
2019-09-19 11:16:39,467 [RatisPipelineUtilsThread] ERROR pipeline.PipelinePlacementPolicy (PipelinePlacementPolicy.java:meetCriteria(91)) - Pipeline Placement: Doesn't meet the criteria to be viable node. Heaviness: 6
2019-09-19 11:16:39,471 [grpc-default-executor-0] INFO  impl.RaftServerProxy (RaftServerProxy.java:addNew(89)) - d7fad138-c66e-4dac-aa7f-32cef276c0fb: addNew group-8670A879DA45:[d7fad138-c66e-4dac-aa7f-32cef276c0fb:192.168.157.226:35353] returns group-8670A879DA45:java.util.concurrent.CompletableFuture@1f07b431[Not completed]
2019-09-19 11:16:39,472 [pool-155-thread-1] INFO  impl.RaftServerImpl (RaftServerImpl.java:<init>(93)) - d7fad138-c66e-4dac-aa7f-32cef276c0fb: new RaftServerImpl for group-8670A879DA45:[d7fad138-c66e-4dac-aa7f-32cef276c0fb:192.168.157.226:35353] with ContainerStateMachine:uninitialized
2019-09-19 11:16:39,473 [pool-155-thread-1] INFO  server.RaftServerConfigKeys (ConfUtils.java:logGet(43)) - raft.server.rpc.timeout.min = 5s (custom)
2019-09-19 11:16:39,473 [pool-155-thread-1] INFO  server.RaftServerConfigKeys (ConfUtils.java:logGet(43)) - raft.server.rpc.timeout.max = 5200ms (custom)
2019-09-19 11:16:39,473 [pool-155-thread-1] INFO  server.RaftServerConfigKeys (ConfUtils.java:logGet(43)) - raft.server.rpcslowness.timeout = 120s (custom)
2019-09-19 11:16:39,473 [pool-155-thread-1] INFO  server.RaftServerConfigKeys (ConfUtils.java:logGet(43)) - raft.server.sleep.deviation.threshold = 300 (default)
2019-09-19 11:16:39,473 [pool-155-thread-1] INFO  server.RaftServerConfigKeys (ConfUtils.java:logGet(43)) - raft.server.log.appender.install.snapshot.enabled = false (custom)
2019-09-19 11:16:39,473 [pool-155-thread-1] INFO  impl.RaftServerImpl (ServerState.java:<init>(105)) - d7fad138-c66e-4dac-aa7f-32cef276c0fb:group-8670A879DA45 ConfigurationManager, init=-1: [d7fad138-c66e-4dac-aa7f-32cef276c0fb:192.168.157.226:35353], old=null, confs=<EMPTY_MAP>
2019-09-19 11:16:39,473 [pool-155-thread-1] INFO  server.RaftServerConfigKeys (ConfUtils.java:logGet(43)) - raft.server.storage.dir = [/workdir/hadoop-ozone/integration-test/target/test-dir/MiniOzoneClusterImpl-a1b41923-72f3-42e0-8473-59a9e2cbbac3/datanode-2/data/ratis] (custom)
2019-09-19 11:16:39,474 [pool-155-thread-1] INFO  storage.RaftStorageDirectory (RaftStorageDirectory.java:analyzeStorage(246)) - The storage directory /workdir/hadoop-ozone/integration-test/target/test-dir/MiniOzoneClusterImpl-a1b41923-72f3-42e0-8473-59a9e2cbbac3/datanode-2/data/ratis/ecf7920f-a179-4ea1-8c63-8670a879da45 does not exist. Creating ...
2019-09-19 11:16:39,487 [pool-155-thread-1] INFO  storage.RaftStorageDirectory (RaftStorageDirectory.java:tryLock(328)) - Lock on /workdir/hadoop-ozone/integration-test/target/test-dir/MiniOzoneClusterImpl-a1b41923-72f3-42e0-8473-59a9e2cbbac3/datanode-2/data/ratis/ecf7920f-a179-4ea1-8c63-8670a879da45/in_use.lock acquired by nodename 20864@pr-hdds-1569-swxfz-3172132826
2019-09-19 11:16:39,501 [pool-155-thread-1] INFO  storage.RaftStorage (RaftStorage.java:format(72)) - Storage directory /workdir/hadoop-ozone/integration-test/target/test-dir/MiniOzoneClusterImpl-a1b41923-72f3-42e0-8473-59a9e2cbbac3/datanode-2/data/ratis/ecf7920f-a179-4ea1-8c63-8670a879da45 has been successfully formatted.
2019-09-19 11:16:39,501 [pool-155-thread-1] INFO  ratis.ContainerStateMachine (ContainerStateMachine.java:loadSnapshot(226)) - group-8670A879DA45: The snapshot info is null. Setting the last applied indexto:(t:0, i:~)
2019-09-19 11:16:39,501 [pool-155-thread-1] INFO  server.RaftServerConfigKeys (ConfUtils.java:logGet(43)) - raft.server.leader.election.timeout = 120s (custom)
2019-09-19 11:16:39,501 [pool-155-thread-1] INFO  server.RaftServerConfigKeys (ConfUtils.java:logGet(43)) - raft.server.log.use.memory = false (default)
2019-09-19 11:16:39,501 [pool-155-thread-1] INFO  server.RaftServerConfigKeys (ConfUtils.java:logGet(43)) - raft.server.log.purge.gap = 1000000 (custom)
2019-09-19 11:16:39,501 [pool-155-thread-1] INFO  server.RaftServerConfigKeys (ConfUtils.java:logGet(43)) - raft.server.log.appender.buffer.byte-limit = 33554432 (custom)
2019-09-19 11:16:39,501 [pool-155-thread-1] INFO  server.RaftServerConfigKeys (ConfUtils.java:logGet(43)) - raft.server.log.segment.size.max = 1048576 (custom)
2019-09-19 11:16:39,502 [pool-155-thread-1] INFO  server.RaftServerConfigKeys (ConfUtils.java:logGet(43)) - raft.server.log.segment.cache.num.max = 2 (custom)
2019-09-19 11:16:39,502 [pool-155-thread-1] INFO  segmented.SegmentedRaftLogWorker (SegmentedRaftLogWorker.java:<init>(172)) - new d7fad138-c66e-4dac-aa7f-32cef276c0fb-SegmentedRaftLogWorker:Storage Directory /workdir/hadoop-ozone/integration-test/target/test-dir/MiniOzoneClusterImpl-a1b41923-72f3-42e0-8473-59a9e2cbbac3/datanode-2/data/ratis/ecf7920f-a179-4ea1-8c63-8670a879da45 for RaftStorage:Storage Directory /workdir/hadoop-ozone/integration-test/target/test-dir/MiniOzoneClusterImpl-a1b41923-72f3-42e0-8473-59a9e2cbbac3/datanode-2/data/ratis/ecf7920f-a179-4ea1-8c63-8670a879da45
2019-09-19 11:16:39,502 [pool-155-thread-1] INFO  server.RaftServerConfigKeys (ConfUtils.java:logGet(43)) - raft.server.log.queue.byte-limit = 2147483647 (custom)
2019-09-19 11:16:39,502 [pool-155-thread-1] INFO  server.RaftServerConfigKeys (ConfUtils.java:logGet(43)) - raft.server.log.queue.element-limit = 1024 (custom)
2019-09-19 11:16:39,502 [pool-155-thread-1] INFO  server.RaftServerConfigKeys (ConfUtils.java:logGet(43)) - raft.server.log.segment.size.max = 1048576 (custom)
2019-09-19 11:16:39,502 [pool-155-thread-1] INFO  server.RaftServerConfigKeys (ConfUtils.java:logGet(43)) - raft.server.log.preallocated.size = 16384 (custom)
2019-09-19 11:16:39,502 [pool-155-thread-1] INFO  server.RaftServerConfigKeys (ConfUtils.java:logGet(43)) - raft.server.log.write.buffer.size = 33554432 (custom)
2019-09-19 11:16:39,502 [pool-155-thread-1] INFO  server.RaftServerConfigKeys (ConfUtils.java:logGet(43)) - raft.server.log.force.sync.num = 128 (default)
2019-09-19 11:16:39,502 [pool-155-thread-1] INFO  server.RaftServerConfigKeys (ConfUtils.java:logGet(43)) - raft.server.log.statemachine.data.sync = true (default)
2019-09-19 11:16:39,503 [pool-155-thread-1] INFO  server.RaftServerConfigKeys (ConfUtils.java:logGet(43)) - raft.server.log.statemachine.data.sync.timeout = 10s (default)
2019-09-19 11:16:39,503 [pool-155-thread-1] INFO  server.RaftServerConfigKeys (ConfUtils.java:logGet(43)) - raft.server.log.statemachine.data.sync.timeout.retry = -1 (default)
2019-09-19 11:16:39,503 [pool-155-thread-1] INFO  server.RaftServerConfigKeys (ConfUtils.java:logGet(43)) - raft.server.log.statemachine.data.caching.enabled = true (custom)
2019-09-19 11:16:39,503 [pool-155-thread-1] INFO  segmented.SegmentedRaftLogWorker (SegmentedRaftLogWorker.java:lambda$new$0(132)) - d7fad138-c66e-4dac-aa7f-32cef276c0fb-SegmentedRaftLogWorker:Storage Directory /workdir/hadoop-ozone/integration-test/target/test-dir/MiniOzoneClusterImpl-a1b41923-72f3-42e0-8473-59a9e2cbbac3/datanode-2/data/ratis/ecf7920f-a179-4ea1-8c63-8670a879da45: flushIndex: setUnconditionally 0 -> -1
2019-09-19 11:16:39,503 [pool-155-thread-1] INFO  server.RaftServerConfigKeys (ConfUtils.java:logGet(43)) - raft.server.snapshot.auto.trigger.enabled = true (custom)
2019-09-19 11:16:39,503 [pool-155-thread-1] INFO  server.RaftServerConfigKeys (ConfUtils.java:logGet(43)) - raft.server.snapshot.auto.trigger.threshold = 10000 (custom)
2019-09-19 11:16:39,504 [pool-155-thread-1] INFO  server.RaftServerConfigKeys (ConfUtils.java:logGet(43)) - raft.server.retrycache.expirytime = 600000ms (custom)
2019-09-19 11:16:39,504 [pool-155-thread-1] INFO  impl.RaftServerImpl (RaftServerImpl.java:start(180)) - d7fad138-c66e-4dac-aa7f-32cef276c0fb: start group-8670A879DA45
2019-09-19 11:16:39,504 [pool-155-thread-1] INFO  impl.RaftServerImpl (RaftServerImpl.java:setRole(171)) - d7fad138-c66e-4dac-aa7f-32cef276c0fb:group-8670A879DA45 changes role from null to FOLLOWER at term 0 for startAsFollower
2019-09-19 11:16:39,504 [pool-155-thread-1] INFO  impl.RoleInfo (RoleInfo.java:updateAndGet(143)) - d7fad138-c66e-4dac-aa7f-32cef276c0fb: start FollowerState
2019-09-19 11:16:39,504 [pool-155-thread-1] INFO  util.JmxRegister (JmxRegister.java:tryRegister(44)) - Successfully registered JMX Bean with object name Ratis:service=RaftServer,group=group-8670A879DA45,id=d7fad138-c66e-4dac-aa7f-32cef276c0fb
2019-09-19 11:16:39,507 [RatisPipelineUtilsThread] INFO  pipeline.PipelineStateManager (PipelineStateManager.java:addPipeline(56)) - Created pipeline Pipeline[ Id: ecf7920f-a179-4ea1-8c63-8670a879da45, Nodes: d7fad138-c66e-4dac-aa7f-32cef276c0fb{ip: 192.168.157.226, host: pr-hdds-1569-swxfz-3172132826, networkLocation: /default-rack, certSerialId: null}, Type:RATIS, Factor:ONE, State:OPEN]
2019-09-19 11:16:39,507 [RatisPipelineUtilsThread] ERROR pipeline.PipelinePlacementPolicy (PipelinePlacementPolicy.java:meetCriteria(91)) - Pipeline Placement: Doesn't meet the criteria to be viable node. Heaviness: 6
2019-09-19 11:16:39,507 [RatisPipelineUtilsThread] ERROR pipeline.PipelinePlacementPolicy (PipelinePlacementPolicy.java:meetCriteria(91)) - Pipeline Placement: Doesn't meet the criteria to be viable node. Heaviness: 6
2019-09-19 11:16:39,512 [grpc-default-executor-0] INFO  impl.RaftServerProxy (RaftServerProxy.java:addNew(89)) - d7fad138-c66e-4dac-aa7f-32cef276c0fb: addNew group-599F9FDA25DE:[d7fad138-c66e-4dac-aa7f-32cef276c0fb:192.168.157.226:35353] returns group-599F9FDA25DE:java.util.concurrent.CompletableFuture@7da1b216[Not completed]
2019-09-19 11:16:39,513 [pool-155-thread-1] INFO  impl.RaftServerImpl (RaftServerImpl.java:<init>(93)) - d7fad138-c66e-4dac-aa7f-32cef276c0fb: new RaftServerImpl for group-599F9FDA25DE:[d7fad138-c66e-4dac-aa7f-32cef276c0fb:192.168.157.226:35353] with ContainerStateMachine:uninitialized
2019-09-19 11:16:39,514 [pool-155-thread-1] INFO  server.RaftServerConfigKeys (ConfUtils.java:logGet(43)) - raft.server.rpc.timeout.min = 5s (custom)
2019-09-19 11:16:39,514 [pool-155-thread-1] INFO  server.RaftServerConfigKeys (ConfUtils.java:logGet(43)) - raft.server.rpc.timeout.max = 5200ms (custom)
2019-09-19 11:16:39,514 [pool-155-thread-1] INFO  server.RaftServerConfigKeys (ConfUtils.java:logGet(43)) - raft.server.rpcslowness.timeout = 120s (custom)
2019-09-19 11:16:39,514 [pool-155-thread-1] INFO  server.RaftServerConfigKeys (ConfUtils.java:logGet(43)) - raft.server.sleep.deviation.threshold = 300 (default)
2019-09-19 11:16:39,514 [pool-155-thread-1] INFO  server.RaftServerConfigKeys (ConfUtils.java:logGet(43)) - raft.server.log.appender.install.snapshot.enabled = false (custom)
2019-09-19 11:16:39,514 [pool-155-thread-1] INFO  impl.RaftServerImpl (ServerState.java:<init>(105)) - d7fad138-c66e-4dac-aa7f-32cef276c0fb:group-599F9FDA25DE ConfigurationManager, init=-1: [d7fad138-c66e-4dac-aa7f-32cef276c0fb:192.168.157.226:35353], old=null, confs=<EMPTY_MAP>
2019-09-19 11:16:39,514 [pool-155-thread-1] INFO  server.RaftServerConfigKeys (ConfUtils.java:logGet(43)) - raft.server.storage.dir = [/workdir/hadoop-ozone/integration-test/target/test-dir/MiniOzoneClusterImpl-a1b41923-72f3-42e0-8473-59a9e2cbbac3/datanode-2/data/ratis] (custom)
2019-09-19 11:16:39,515 [pool-155-thread-1] INFO  storage.RaftStorageDirectory (RaftStorageDirectory.java:analyzeStorage(246)) - The storage directory /workdir/hadoop-ozone/integration-test/target/test-dir/MiniOzoneClusterImpl-a1b41923-72f3-42e0-8473-59a9e2cbbac3/datanode-2/data/ratis/df4ff237-f2e3-4d36-b320-599f9fda25de does not exist. Creating ...
2019-09-19 11:16:39,527 [pool-155-thread-1] INFO  storage.RaftStorageDirectory (RaftStorageDirectory.java:tryLock(328)) - Lock on /workdir/hadoop-ozone/integration-test/target/test-dir/MiniOzoneClusterImpl-a1b41923-72f3-42e0-8473-59a9e2cbbac3/datanode-2/data/ratis/df4ff237-f2e3-4d36-b320-599f9fda25de/in_use.lock acquired by nodename 20864@pr-hdds-1569-swxfz-3172132826
2019-09-19 11:16:39,540 [pool-155-thread-1] INFO  storage.RaftStorage (RaftStorage.java:format(72)) - Storage directory /workdir/hadoop-ozone/integration-test/target/test-dir/MiniOzoneClusterImpl-a1b41923-72f3-42e0-8473-59a9e2cbbac3/datanode-2/data/ratis/df4ff237-f2e3-4d36-b320-599f9fda25de has been successfully formatted.
2019-09-19 11:16:39,541 [pool-155-thread-1] INFO  ratis.ContainerStateMachine (ContainerStateMachine.java:loadSnapshot(226)) - group-599F9FDA25DE: The snapshot info is null. Setting the last applied indexto:(t:0, i:~)
2019-09-19 11:16:39,541 [pool-155-thread-1] INFO  server.RaftServerConfigKeys (ConfUtils.java:logGet(43)) - raft.server.leader.election.timeout = 120s (custom)
2019-09-19 11:16:39,541 [pool-155-thread-1] INFO  server.RaftServerConfigKeys (ConfUtils.java:logGet(43)) - raft.server.log.use.memory = false (default)
2019-09-19 11:16:39,541 [pool-155-thread-1] INFO  server.RaftServerConfigKeys (ConfUtils.java:logGet(43)) - raft.server.log.purge.gap = 1000000 (custom)
2019-09-19 11:16:39,541 [pool-155-thread-1] INFO  server.RaftServerConfigKeys (ConfUtils.java:logGet(43)) - raft.server.log.appender.buffer.byte-limit = 33554432 (custom)
2019-09-19 11:16:39,541 [pool-155-thread-1] INFO  server.RaftServerConfigKeys (ConfUtils.java:logGet(43)) - raft.server.log.segment.size.max = 1048576 (custom)
2019-09-19 11:16:39,541 [pool-155-thread-1] INFO  server.RaftServerConfigKeys (ConfUtils.java:logGet(43)) - raft.server.log.segment.cache.num.max = 2 (custom)
2019-09-19 11:16:39,541 [pool-155-thread-1] INFO  segmented.SegmentedRaftLogWorker (SegmentedRaftLogWorker.java:<init>(172)) - new d7fad138-c66e-4dac-aa7f-32cef276c0fb-SegmentedRaftLogWorker:Storage Directory /workdir/hadoop-ozone/integration-test/target/test-dir/MiniOzoneClusterImpl-a1b41923-72f3-42e0-8473-59a9e2cbbac3/datanode-2/data/ratis/df4ff237-f2e3-4d36-b320-599f9fda25de for RaftStorage:Storage Directory /workdir/hadoop-ozone/integration-test/target/test-dir/MiniOzoneClusterImpl-a1b41923-72f3-42e0-8473-59a9e2cbbac3/datanode-2/data/ratis/df4ff237-f2e3-4d36-b320-599f9fda25de
2019-09-19 11:16:39,542 [pool-155-thread-1] INFO  server.RaftServerConfigKeys (ConfUtils.java:logGet(43)) - raft.server.log.queue.byte-limit = 2147483647 (custom)
2019-09-19 11:16:39,542 [pool-155-thread-1] INFO  server.RaftServerConfigKeys (ConfUtils.java:logGet(43)) - raft.server.log.queue.element-limit = 1024 (custom)
2019-09-19 11:16:39,542 [pool-155-thread-1] INFO  server.RaftServerConfigKeys (ConfUtils.java:logGet(43)) - raft.server.log.segment.size.max = 1048576 (custom)
2019-09-19 11:16:39,542 [pool-155-thread-1] INFO  server.RaftServerConfigKeys (ConfUtils.java:logGet(43)) - raft.server.log.preallocated.size = 16384 (custom)
2019-09-19 11:16:39,542 [pool-155-thread-1] INFO  server.RaftServerConfigKeys (ConfUtils.java:logGet(43)) - raft.server.log.write.buffer.size = 33554432 (custom)
2019-09-19 11:16:39,542 [pool-155-thread-1] INFO  server.RaftServerConfigKeys (ConfUtils.java:logGet(43)) - raft.server.log.force.sync.num = 128 (default)
2019-09-19 11:16:39,542 [pool-155-thread-1] INFO  server.RaftServerConfigKeys (ConfUtils.java:logGet(43)) - raft.server.log.statemachine.data.sync = true (default)
2019-09-19 11:16:39,542 [pool-155-thread-1] INFO  server.RaftServerConfigKeys (ConfUtils.java:logGet(43)) - raft.server.log.statemachine.data.sync.timeout = 10s (default)
2019-09-19 11:16:39,542 [pool-155-thread-1] INFO  server.RaftServerConfigKeys (ConfUtils.java:logGet(43)) - raft.server.log.statemachine.data.sync.timeout.retry = -1 (default)
2019-09-19 11:16:39,542 [pool-155-thread-1] INFO  server.RaftServerConfigKeys (ConfUtils.java:logGet(43)) - raft.server.log.statemachine.data.caching.enabled = true (custom)
2019-09-19 11:16:39,543 [pool-155-thread-1] INFO  segmented.SegmentedRaftLogWorker (SegmentedRaftLogWorker.java:lambda$new$0(132)) - d7fad138-c66e-4dac-aa7f-32cef276c0fb-SegmentedRaftLogWorker:Storage Directory /workdir/hadoop-ozone/integration-test/target/test-dir/MiniOzoneClusterImpl-a1b41923-72f3-42e0-8473-59a9e2cbbac3/datanode-2/data/ratis/df4ff237-f2e3-4d36-b320-599f9fda25de: flushIndex: setUnconditionally 0 -> -1
2019-09-19 11:16:39,543 [pool-155-thread-1] INFO  server.RaftServerConfigKeys (ConfUtils.java:logGet(43)) - raft.server.snapshot.auto.trigger.enabled = true (custom)
2019-09-19 11:16:39,543 [pool-155-thread-1] INFO  server.RaftServerConfigKeys (ConfUtils.java:logGet(43)) - raft.server.snapshot.auto.trigger.threshold = 10000 (custom)
2019-09-19 11:16:39,543 [pool-155-thread-1] INFO  server.RaftServerConfigKeys (ConfUtils.java:logGet(43)) - raft.server.retrycache.expirytime = 600000ms (custom)
2019-09-19 11:16:39,543 [pool-155-thread-1] INFO  impl.RaftServerImpl (RaftServerImpl.java:start(180)) - d7fad138-c66e-4dac-aa7f-32cef276c0fb: start group-599F9FDA25DE
2019-09-19 11:16:39,544 [pool-155-thread-1] INFO  impl.RaftServerImpl (RaftServerImpl.java:setRole(171)) - d7fad138-c66e-4dac-aa7f-32cef276c0fb:group-599F9FDA25DE changes role from null to FOLLOWER at term 0 for startAsFollower
2019-09-19 11:16:39,544 [pool-155-thread-1] INFO  impl.RoleInfo (RoleInfo.java:updateAndGet(143)) - d7fad138-c66e-4dac-aa7f-32cef276c0fb: start FollowerState
2019-09-19 11:16:39,544 [pool-155-thread-1] INFO  util.JmxRegister (JmxRegister.java:tryRegister(44)) - Successfully registered JMX Bean with object name Ratis:service=RaftServer,group=group-599F9FDA25DE,id=d7fad138-c66e-4dac-aa7f-32cef276c0fb
2019-09-19 11:16:39,547 [RatisPipelineUtilsThread] INFO  pipeline.PipelineStateManager (PipelineStateManager.java:addPipeline(56)) - Created pipeline Pipeline[ Id: df4ff237-f2e3-4d36-b320-599f9fda25de, Nodes: d7fad138-c66e-4dac-aa7f-32cef276c0fb{ip: 192.168.157.226, host: pr-hdds-1569-swxfz-3172132826, networkLocation: /default-rack, certSerialId: null}, Type:RATIS, Factor:ONE, State:OPEN]
2019-09-19 11:16:39,547 [RatisPipelineUtilsThread] ERROR pipeline.PipelinePlacementPolicy (PipelinePlacementPolicy.java:meetCriteria(91)) - Pipeline Placement: Doesn't meet the criteria to be viable node. Heaviness: 6
2019-09-19 11:16:39,547 [RatisPipelineUtilsThread] ERROR pipeline.PipelinePlacementPolicy (PipelinePlacementPolicy.java:meetCriteria(91)) - Pipeline Placement: Doesn't meet the criteria to be viable node. Heaviness: 6
2019-09-19 11:16:39,553 [grpc-default-executor-0] INFO  impl.RaftServerProxy (RaftServerProxy.java:addNew(89)) - d7fad138-c66e-4dac-aa7f-32cef276c0fb: addNew group-89D8D82F6542:[d7fad138-c66e-4dac-aa7f-32cef276c0fb:192.168.157.226:35353] returns group-89D8D82F6542:java.util.concurrent.CompletableFuture@73945ded[Not completed]
2019-09-19 11:16:39,554 [pool-155-thread-1] INFO  impl.RaftServerImpl (RaftServerImpl.java:<init>(93)) - d7fad138-c66e-4dac-aa7f-32cef276c0fb: new RaftServerImpl for group-89D8D82F6542:[d7fad138-c66e-4dac-aa7f-32cef276c0fb:192.168.157.226:35353] with ContainerStateMachine:uninitialized
2019-09-19 11:16:39,554 [pool-155-thread-1] INFO  server.RaftServerConfigKeys (ConfUtils.java:logGet(43)) - raft.server.rpc.timeout.min = 5s (custom)
2019-09-19 11:16:39,554 [pool-155-thread-1] INFO  server.RaftServerConfigKeys (ConfUtils.java:logGet(43)) - raft.server.rpc.timeout.max = 5200ms (custom)
2019-09-19 11:16:39,554 [pool-155-thread-1] INFO  server.RaftServerConfigKeys (ConfUtils.java:logGet(43)) - raft.server.rpcslowness.timeout = 120s (custom)
2019-09-19 11:16:39,554 [pool-155-thread-1] INFO  server.RaftServerConfigKeys (ConfUtils.java:logGet(43)) - raft.server.sleep.deviation.threshold = 300 (default)
2019-09-19 11:16:39,554 [pool-155-thread-1] INFO  server.RaftServerConfigKeys (ConfUtils.java:logGet(43)) - raft.server.log.appender.install.snapshot.enabled = false (custom)
2019-09-19 11:16:39,554 [pool-155-thread-1] INFO  impl.RaftServerImpl (ServerState.java:<init>(105)) - d7fad138-c66e-4dac-aa7f-32cef276c0fb:group-89D8D82F6542 ConfigurationManager, init=-1: [d7fad138-c66e-4dac-aa7f-32cef276c0fb:192.168.157.226:35353], old=null, confs=<EMPTY_MAP>
2019-09-19 11:16:39,554 [pool-155-thread-1] INFO  server.RaftServerConfigKeys (ConfUtils.java:logGet(43)) - raft.server.storage.dir = [/workdir/hadoop-ozone/integration-test/target/test-dir/MiniOzoneClusterImpl-a1b41923-72f3-42e0-8473-59a9e2cbbac3/datanode-2/data/ratis] (custom)
2019-09-19 11:16:39,555 [pool-155-thread-1] INFO  storage.RaftStorageDirectory (RaftStorageDirectory.java:analyzeStorage(246)) - The storage directory /workdir/hadoop-ozone/integration-test/target/test-dir/MiniOzoneClusterImpl-a1b41923-72f3-42e0-8473-59a9e2cbbac3/datanode-2/data/ratis/204bf1e3-a53d-4999-b2c1-89d8d82f6542 does not exist. Creating ...
2019-09-19 11:16:39,568 [pool-155-thread-1] INFO  storage.RaftStorageDirectory (RaftStorageDirectory.java:tryLock(328)) - Lock on /workdir/hadoop-ozone/integration-test/target/test-dir/MiniOzoneClusterImpl-a1b41923-72f3-42e0-8473-59a9e2cbbac3/datanode-2/data/ratis/204bf1e3-a53d-4999-b2c1-89d8d82f6542/in_use.lock acquired by nodename 20864@pr-hdds-1569-swxfz-3172132826
2019-09-19 11:16:39,581 [pool-155-thread-1] INFO  storage.RaftStorage (RaftStorage.java:format(72)) - Storage directory /workdir/hadoop-ozone/integration-test/target/test-dir/MiniOzoneClusterImpl-a1b41923-72f3-42e0-8473-59a9e2cbbac3/datanode-2/data/ratis/204bf1e3-a53d-4999-b2c1-89d8d82f6542 has been successfully formatted.
2019-09-19 11:16:39,581 [pool-155-thread-1] INFO  ratis.ContainerStateMachine (ContainerStateMachine.java:loadSnapshot(226)) - group-89D8D82F6542: The snapshot info is null. Setting the last applied indexto:(t:0, i:~)
2019-09-19 11:16:39,582 [pool-155-thread-1] INFO  server.RaftServerConfigKeys (ConfUtils.java:logGet(43)) - raft.server.leader.election.timeout = 120s (custom)
2019-09-19 11:16:39,582 [pool-155-thread-1] INFO  server.RaftServerConfigKeys (ConfUtils.java:logGet(43)) - raft.server.log.use.memory = false (default)
2019-09-19 11:16:39,582 [pool-155-thread-1] INFO  server.RaftServerConfigKeys (ConfUtils.java:logGet(43)) - raft.server.log.purge.gap = 1000000 (custom)
2019-09-19 11:16:39,582 [pool-155-thread-1] INFO  server.RaftServerConfigKeys (ConfUtils.java:logGet(43)) - raft.server.log.appender.buffer.byte-limit = 33554432 (custom)
2019-09-19 11:16:39,582 [pool-155-thread-1] INFO  server.RaftServerConfigKeys (ConfUtils.java:logGet(43)) - raft.server.log.segment.size.max = 1048576 (custom)
2019-09-19 11:16:39,582 [pool-155-thread-1] INFO  server.RaftServerConfigKeys (ConfUtils.java:logGet(43)) - raft.server.log.segment.cache.num.max = 2 (custom)
2019-09-19 11:16:39,582 [pool-155-thread-1] INFO  segmented.SegmentedRaftLogWorker (SegmentedRaftLogWorker.java:<init>(172)) - new d7fad138-c66e-4dac-aa7f-32cef276c0fb-SegmentedRaftLogWorker:Storage Directory /workdir/hadoop-ozone/integration-test/target/test-dir/MiniOzoneClusterImpl-a1b41923-72f3-42e0-8473-59a9e2cbbac3/datanode-2/data/ratis/204bf1e3-a53d-4999-b2c1-89d8d82f6542 for RaftStorage:Storage Directory /workdir/hadoop-ozone/integration-test/target/test-dir/MiniOzoneClusterImpl-a1b41923-72f3-42e0-8473-59a9e2cbbac3/datanode-2/data/ratis/204bf1e3-a53d-4999-b2c1-89d8d82f6542
2019-09-19 11:16:39,582 [pool-155-thread-1] INFO  server.RaftServerConfigKeys (ConfUtils.java:logGet(43)) - raft.server.log.queue.byte-limit = 2147483647 (custom)
2019-09-19 11:16:39,582 [pool-155-thread-1] INFO  server.RaftServerConfigKeys (ConfUtils.java:logGet(43)) - raft.server.log.queue.element-limit = 1024 (custom)
2019-09-19 11:16:39,582 [pool-155-thread-1] INFO  server.RaftServerConfigKeys (ConfUtils.java:logGet(43)) - raft.server.log.segment.size.max = 1048576 (custom)
2019-09-19 11:16:39,583 [pool-155-thread-1] INFO  server.RaftServerConfigKeys (ConfUtils.java:logGet(43)) - raft.server.log.preallocated.size = 16384 (custom)
2019-09-19 11:16:39,583 [pool-155-thread-1] INFO  server.RaftServerConfigKeys (ConfUtils.java:logGet(43)) - raft.server.log.write.buffer.size = 33554432 (custom)
2019-09-19 11:16:39,583 [pool-155-thread-1] INFO  server.RaftServerConfigKeys (ConfUtils.java:logGet(43)) - raft.server.log.force.sync.num = 128 (default)
2019-09-19 11:16:39,583 [pool-155-thread-1] INFO  server.RaftServerConfigKeys (ConfUtils.java:logGet(43)) - raft.server.log.statemachine.data.sync = true (default)
2019-09-19 11:16:39,583 [pool-155-thread-1] INFO  server.RaftServerConfigKeys (ConfUtils.java:logGet(43)) - raft.server.log.statemachine.data.sync.timeout = 10s (default)
2019-09-19 11:16:39,583 [pool-155-thread-1] INFO  server.RaftServerConfigKeys (ConfUtils.java:logGet(43)) - raft.server.log.statemachine.data.sync.timeout.retry = -1 (default)
2019-09-19 11:16:39,583 [pool-155-thread-1] INFO  server.RaftServerConfigKeys (ConfUtils.java:logGet(43)) - raft.server.log.statemachine.data.caching.enabled = true (custom)
2019-09-19 11:16:39,583 [pool-155-thread-1] INFO  segmented.SegmentedRaftLogWorker (SegmentedRaftLogWorker.java:lambda$new$0(132)) - d7fad138-c66e-4dac-aa7f-32cef276c0fb-SegmentedRaftLogWorker:Storage Directory /workdir/hadoop-ozone/integration-test/target/test-dir/MiniOzoneClusterImpl-a1b41923-72f3-42e0-8473-59a9e2cbbac3/datanode-2/data/ratis/204bf1e3-a53d-4999-b2c1-89d8d82f6542: flushIndex: setUnconditionally 0 -> -1
2019-09-19 11:16:39,584 [pool-155-thread-1] INFO  server.RaftServerConfigKeys (ConfUtils.java:logGet(43)) - raft.server.snapshot.auto.trigger.enabled = true (custom)
2019-09-19 11:16:39,584 [pool-155-thread-1] INFO  server.RaftServerConfigKeys (ConfUtils.java:logGet(43)) - raft.server.snapshot.auto.trigger.threshold = 10000 (custom)
2019-09-19 11:16:39,584 [pool-155-thread-1] INFO  server.RaftServerConfigKeys (ConfUtils.java:logGet(43)) - raft.server.retrycache.expirytime = 600000ms (custom)
2019-09-19 11:16:39,584 [pool-155-thread-1] INFO  impl.RaftServerImpl (RaftServerImpl.java:start(180)) - d7fad138-c66e-4dac-aa7f-32cef276c0fb: start group-89D8D82F6542
2019-09-19 11:16:39,584 [pool-155-thread-1] INFO  impl.RaftServerImpl (RaftServerImpl.java:setRole(171)) - d7fad138-c66e-4dac-aa7f-32cef276c0fb:group-89D8D82F6542 changes role from null to FOLLOWER at term 0 for startAsFollower
2019-09-19 11:16:39,584 [pool-155-thread-1] INFO  impl.RoleInfo (RoleInfo.java:updateAndGet(143)) - d7fad138-c66e-4dac-aa7f-32cef276c0fb: start FollowerState
2019-09-19 11:16:39,585 [pool-155-thread-1] INFO  util.JmxRegister (JmxRegister.java:tryRegister(44)) - Successfully registered JMX Bean with object name Ratis:service=RaftServer,group=group-89D8D82F6542,id=d7fad138-c66e-4dac-aa7f-32cef276c0fb
2019-09-19 11:16:39,589 [RatisPipelineUtilsThread] INFO  pipeline.PipelineStateManager (PipelineStateManager.java:addPipeline(56)) - Created pipeline Pipeline[ Id: 204bf1e3-a53d-4999-b2c1-89d8d82f6542, Nodes: d7fad138-c66e-4dac-aa7f-32cef276c0fb{ip: 192.168.157.226, host: pr-hdds-1569-swxfz-3172132826, networkLocation: /default-rack, certSerialId: null}, Type:RATIS, Factor:ONE, State:OPEN]
2019-09-19 11:16:39,589 [RatisPipelineUtilsThread] ERROR pipeline.PipelinePlacementPolicy (PipelinePlacementPolicy.java:meetCriteria(91)) - Pipeline Placement: Doesn't meet the criteria to be viable node. Heaviness: 6
2019-09-19 11:16:39,589 [RatisPipelineUtilsThread] ERROR pipeline.PipelinePlacementPolicy (PipelinePlacementPolicy.java:meetCriteria(91)) - Pipeline Placement: Doesn't meet the criteria to be viable node. Heaviness: 6
2019-09-19 11:16:39,595 [grpc-default-executor-0] INFO  impl.RaftServerProxy (RaftServerProxy.java:addNew(89)) - d7fad138-c66e-4dac-aa7f-32cef276c0fb: addNew group-8FE27FA366E3:[d7fad138-c66e-4dac-aa7f-32cef276c0fb:192.168.157.226:35353] returns group-8FE27FA366E3:java.util.concurrent.CompletableFuture@44ad43c7[Not completed]
2019-09-19 11:16:39,596 [pool-155-thread-1] INFO  impl.RaftServerImpl (RaftServerImpl.java:<init>(93)) - d7fad138-c66e-4dac-aa7f-32cef276c0fb: new RaftServerImpl for group-8FE27FA366E3:[d7fad138-c66e-4dac-aa7f-32cef276c0fb:192.168.157.226:35353] with ContainerStateMachine:uninitialized
2019-09-19 11:16:39,596 [pool-155-thread-1] INFO  server.RaftServerConfigKeys (ConfUtils.java:logGet(43)) - raft.server.rpc.timeout.min = 5s (custom)
2019-09-19 11:16:39,596 [pool-155-thread-1] INFO  server.RaftServerConfigKeys (ConfUtils.java:logGet(43)) - raft.server.rpc.timeout.max = 5200ms (custom)
2019-09-19 11:16:39,596 [pool-155-thread-1] INFO  server.RaftServerConfigKeys (ConfUtils.java:logGet(43)) - raft.server.rpcslowness.timeout = 120s (custom)
2019-09-19 11:16:39,596 [pool-155-thread-1] INFO  server.RaftServerConfigKeys (ConfUtils.java:logGet(43)) - raft.server.sleep.deviation.threshold = 300 (default)
2019-09-19 11:16:39,596 [pool-155-thread-1] INFO  server.RaftServerConfigKeys (ConfUtils.java:logGet(43)) - raft.server.log.appender.install.snapshot.enabled = false (custom)
2019-09-19 11:16:39,596 [pool-155-thread-1] INFO  impl.RaftServerImpl (ServerState.java:<init>(105)) - d7fad138-c66e-4dac-aa7f-32cef276c0fb:group-8FE27FA366E3 ConfigurationManager, init=-1: [d7fad138-c66e-4dac-aa7f-32cef276c0fb:192.168.157.226:35353], old=null, confs=<EMPTY_MAP>
2019-09-19 11:16:39,596 [pool-155-thread-1] INFO  server.RaftServerConfigKeys (ConfUtils.java:logGet(43)) - raft.server.storage.dir = [/workdir/hadoop-ozone/integration-test/target/test-dir/MiniOzoneClusterImpl-a1b41923-72f3-42e0-8473-59a9e2cbbac3/datanode-2/data/ratis] (custom)
2019-09-19 11:16:39,597 [pool-155-thread-1] INFO  storage.RaftStorageDirectory (RaftStorageDirectory.java:analyzeStorage(246)) - The storage directory /workdir/hadoop-ozone/integration-test/target/test-dir/MiniOzoneClusterImpl-a1b41923-72f3-42e0-8473-59a9e2cbbac3/datanode-2/data/ratis/81438663-d84c-4ce9-bb2e-8fe27fa366e3 does not exist. Creating ...
2019-09-19 11:16:39,600 [pool-155-thread-1] INFO  storage.RaftStorageDirectory (RaftStorageDirectory.java:tryLock(328)) - Lock on /workdir/hadoop-ozone/integration-test/target/test-dir/MiniOzoneClusterImpl-a1b41923-72f3-42e0-8473-59a9e2cbbac3/datanode-2/data/ratis/81438663-d84c-4ce9-bb2e-8fe27fa366e3/in_use.lock acquired by nodename 20864@pr-hdds-1569-swxfz-3172132826
2019-09-19 11:16:39,603 [pool-155-thread-1] INFO  storage.RaftStorage (RaftStorage.java:format(72)) - Storage directory /workdir/hadoop-ozone/integration-test/target/test-dir/MiniOzoneClusterImpl-a1b41923-72f3-42e0-8473-59a9e2cbbac3/datanode-2/data/ratis/81438663-d84c-4ce9-bb2e-8fe27fa366e3 has been successfully formatted.
2019-09-19 11:16:39,603 [pool-155-thread-1] INFO  ratis.ContainerStateMachine (ContainerStateMachine.java:loadSnapshot(226)) - group-8FE27FA366E3: The snapshot info is null. Setting the last applied indexto:(t:0, i:~)
2019-09-19 11:16:39,603 [pool-155-thread-1] INFO  server.RaftServerConfigKeys (ConfUtils.java:logGet(43)) - raft.server.leader.election.timeout = 120s (custom)
2019-09-19 11:16:39,603 [pool-155-thread-1] INFO  server.RaftServerConfigKeys (ConfUtils.java:logGet(43)) - raft.server.log.use.memory = false (default)
2019-09-19 11:16:39,604 [pool-155-thread-1] INFO  server.RaftServerConfigKeys (ConfUtils.java:logGet(43)) - raft.server.log.purge.gap = 1000000 (custom)
2019-09-19 11:16:39,604 [pool-155-thread-1] INFO  server.RaftServerConfigKeys (ConfUtils.java:logGet(43)) - raft.server.log.appender.buffer.byte-limit = 33554432 (custom)
2019-09-19 11:16:39,604 [pool-155-thread-1] INFO  server.RaftServerConfigKeys (ConfUtils.java:logGet(43)) - raft.server.log.segment.size.max = 1048576 (custom)
2019-09-19 11:16:39,604 [pool-155-thread-1] INFO  server.RaftServerConfigKeys (ConfUtils.java:logGet(43)) - raft.server.log.segment.cache.num.max = 2 (custom)
2019-09-19 11:16:39,604 [pool-155-thread-1] INFO  segmented.SegmentedRaftLogWorker (SegmentedRaftLogWorker.java:<init>(172)) - new d7fad138-c66e-4dac-aa7f-32cef276c0fb-SegmentedRaftLogWorker:Storage Directory /workdir/hadoop-ozone/integration-test/target/test-dir/MiniOzoneClusterImpl-a1b41923-72f3-42e0-8473-59a9e2cbbac3/datanode-2/data/ratis/81438663-d84c-4ce9-bb2e-8fe27fa366e3 for RaftStorage:Storage Directory /workdir/hadoop-ozone/integration-test/target/test-dir/MiniOzoneClusterImpl-a1b41923-72f3-42e0-8473-59a9e2cbbac3/datanode-2/data/ratis/81438663-d84c-4ce9-bb2e-8fe27fa366e3
2019-09-19 11:16:39,604 [pool-155-thread-1] INFO  server.RaftServerConfigKeys (ConfUtils.java:logGet(43)) - raft.server.log.queue.byte-limit = 2147483647 (custom)
2019-09-19 11:16:39,604 [pool-155-thread-1] INFO  server.RaftServerConfigKeys (ConfUtils.java:logGet(43)) - raft.server.log.queue.element-limit = 1024 (custom)
2019-09-19 11:16:39,604 [pool-155-thread-1] INFO  server.RaftServerConfigKeys (ConfUtils.java:logGet(43)) - raft.server.log.segment.size.max = 1048576 (custom)
2019-09-19 11:16:39,604 [pool-155-thread-1] INFO  server.RaftServerConfigKeys (ConfUtils.java:logGet(43)) - raft.server.log.preallocated.size = 16384 (custom)
2019-09-19 11:16:39,605 [pool-155-thread-1] INFO  server.RaftServerConfigKeys (ConfUtils.java:logGet(43)) - raft.server.log.write.buffer.size = 33554432 (custom)
2019-09-19 11:16:39,605 [pool-155-thread-1] INFO  server.RaftServerConfigKeys (ConfUtils.java:logGet(43)) - raft.server.log.force.sync.num = 128 (default)
2019-09-19 11:16:39,605 [pool-155-thread-1] INFO  server.RaftServerConfigKeys (ConfUtils.java:logGet(43)) - raft.server.log.statemachine.data.sync = true (default)
2019-09-19 11:16:39,605 [pool-155-thread-1] INFO  server.RaftServerConfigKeys (ConfUtils.java:logGet(43)) - raft.server.log.statemachine.data.sync.timeout = 10s (default)
2019-09-19 11:16:39,605 [pool-155-thread-1] INFO  server.RaftServerConfigKeys (ConfUtils.java:logGet(43)) - raft.server.log.statemachine.data.sync.timeout.retry = -1 (default)
2019-09-19 11:16:39,605 [pool-155-thread-1] INFO  server.RaftServerConfigKeys (ConfUtils.java:logGet(43)) - raft.server.log.statemachine.data.caching.enabled = true (custom)
2019-09-19 11:16:39,606 [pool-155-thread-1] INFO  segmented.SegmentedRaftLogWorker (SegmentedRaftLogWorker.java:lambda$new$0(132)) - d7fad138-c66e-4dac-aa7f-32cef276c0fb-SegmentedRaftLogWorker:Storage Directory /workdir/hadoop-ozone/integration-test/target/test-dir/MiniOzoneClusterImpl-a1b41923-72f3-42e0-8473-59a9e2cbbac3/datanode-2/data/ratis/81438663-d84c-4ce9-bb2e-8fe27fa366e3: flushIndex: setUnconditionally 0 -> -1
2019-09-19 11:16:39,606 [pool-155-thread-1] INFO  server.RaftServerConfigKeys (ConfUtils.java:logGet(43)) - raft.server.snapshot.auto.trigger.enabled = true (custom)
2019-09-19 11:16:39,606 [pool-155-thread-1] INFO  server.RaftServerConfigKeys (ConfUtils.java:logGet(43)) - raft.server.snapshot.auto.trigger.threshold = 10000 (custom)
2019-09-19 11:16:39,606 [pool-155-thread-1] INFO  server.RaftServerConfigKeys (ConfUtils.java:logGet(43)) - raft.server.retrycache.expirytime = 600000ms (custom)
2019-09-19 11:16:39,606 [pool-155-thread-1] INFO  impl.RaftServerImpl (RaftServerImpl.java:start(180)) - d7fad138-c66e-4dac-aa7f-32cef276c0fb: start group-8FE27FA366E3
2019-09-19 11:16:39,607 [pool-155-thread-1] INFO  impl.RaftServerImpl (RaftServerImpl.java:setRole(171)) - d7fad138-c66e-4dac-aa7f-32cef276c0fb:group-8FE27FA366E3 changes role from null to FOLLOWER at term 0 for startAsFollower
2019-09-19 11:16:39,607 [pool-155-thread-1] INFO  impl.RoleInfo (RoleInfo.java:updateAndGet(143)) - d7fad138-c66e-4dac-aa7f-32cef276c0fb: start FollowerState
2019-09-19 11:16:39,607 [pool-155-thread-1] INFO  util.JmxRegister (JmxRegister.java:tryRegister(44)) - Successfully registered JMX Bean with object name Ratis:service=RaftServer,group=group-8FE27FA366E3,id=d7fad138-c66e-4dac-aa7f-32cef276c0fb
2019-09-19 11:16:39,610 [RatisPipelineUtilsThread] INFO  pipeline.PipelineStateManager (PipelineStateManager.java:addPipeline(56)) - Created pipeline Pipeline[ Id: 81438663-d84c-4ce9-bb2e-8fe27fa366e3, Nodes: d7fad138-c66e-4dac-aa7f-32cef276c0fb{ip: 192.168.157.226, host: pr-hdds-1569-swxfz-3172132826, networkLocation: /default-rack, certSerialId: null}, Type:RATIS, Factor:ONE, State:OPEN]
2019-09-19 11:16:39,610 [RatisPipelineUtilsThread] ERROR pipeline.PipelinePlacementPolicy (PipelinePlacementPolicy.java:meetCriteria(91)) - Pipeline Placement: Doesn't meet the criteria to be viable node. Heaviness: 6
2019-09-19 11:16:39,610 [RatisPipelineUtilsThread] ERROR pipeline.PipelinePlacementPolicy (PipelinePlacementPolicy.java:meetCriteria(91)) - Pipeline Placement: Doesn't meet the criteria to be viable node. Heaviness: 6
2019-09-19 11:16:39,610 [RatisPipelineUtilsThread] ERROR pipeline.PipelinePlacementPolicy (PipelinePlacementPolicy.java:meetCriteria(91)) - Pipeline Placement: Doesn't meet the criteria to be viable node. Heaviness: 6
2019-09-19 11:16:39,611 [RatisPipelineUtilsThread] ERROR pipeline.PipelinePlacementPolicy (PipelinePlacementPolicy.java:filterViableNodes(146)) - Unable to find enough nodes that meet the criteria that cannot engage in more than 5 pipelines. Nodes required: 1 Found: 0, healthy nodes count inNodeManager: 3.
2019-09-19 11:16:39,611 [RatisPipelineUtilsThread] ERROR pipeline.SCMPipelineManager (SCMPipelineManager.java:createPipeline(161)) - Pipeline creation failed due to exception: Unable to find enough nodes that meet the criteria that cannot engage in more than 5 pipelines. Nodes required: 1 Found: 0, healthy nodes count inNodeManager: 3.
2019-09-19 11:16:39,611 [RatisPipelineUtilsThread] ERROR pipeline.PipelinePlacementPolicy (PipelinePlacementPolicy.java:meetCriteria(91)) - Pipeline Placement: Doesn't meet the criteria to be viable node. Heaviness: 6
2019-09-19 11:16:39,611 [RatisPipelineUtilsThread] ERROR pipeline.PipelinePlacementPolicy (PipelinePlacementPolicy.java:meetCriteria(91)) - Pipeline Placement: Doesn't meet the criteria to be viable node. Heaviness: 6
2019-09-19 11:16:39,611 [RatisPipelineUtilsThread] ERROR pipeline.PipelinePlacementPolicy (PipelinePlacementPolicy.java:meetCriteria(91)) - Pipeline Placement: Doesn't meet the criteria to be viable node. Heaviness: 6
2019-09-19 11:16:39,611 [RatisPipelineUtilsThread] ERROR pipeline.PipelinePlacementPolicy (PipelinePlacementPolicy.java:filterViableNodes(146)) - Unable to find enough nodes that meet the criteria that cannot engage in more than 5 pipelines. Nodes required: 3 Found: 0, healthy nodes count inNodeManager: 3.
2019-09-19 11:16:39,611 [RatisPipelineUtilsThread] ERROR pipeline.SCMPipelineManager (SCMPipelineManager.java:createPipeline(161)) - Pipeline creation failed due to exception: Unable to find enough nodes that meet the criteria that cannot engage in more than 5 pipelines. Nodes required: 3 Found: 0, healthy nodes count inNodeManager: 3.
2019-09-19 11:16:40,378 [main] INFO  ozone.MiniOzoneClusterImpl (MiniOzoneClusterImpl.java:lambda$waitForClusterToBeReady$0(142)) - Cluster is ready. Got 3 of 3 DN Heartbeats.
2019-09-19 11:16:40,378 [main] ERROR pipeline.PipelinePlacementPolicy (PipelinePlacementPolicy.java:meetCriteria(91)) - Pipeline Placement: Doesn't meet the criteria to be viable node. Heaviness: 6
2019-09-19 11:16:40,378 [main] ERROR pipeline.PipelinePlacementPolicy (PipelinePlacementPolicy.java:meetCriteria(91)) - Pipeline Placement: Doesn't meet the criteria to be viable node. Heaviness: 6
2019-09-19 11:16:40,379 [main] ERROR pipeline.PipelinePlacementPolicy (PipelinePlacementPolicy.java:meetCriteria(91)) - Pipeline Placement: Doesn't meet the criteria to be viable node. Heaviness: 6
2019-09-19 11:16:40,379 [main] ERROR pipeline.PipelinePlacementPolicy (PipelinePlacementPolicy.java:filterViableNodes(146)) - Unable to find enough nodes that meet the criteria that cannot engage in more than 5 pipelines. Nodes required: 3 Found: 0, healthy nodes count inNodeManager: 3.
2019-09-19 11:16:40,379 [main] ERROR pipeline.SCMPipelineManager (SCMPipelineManager.java:createPipeline(161)) - Pipeline creation failed due to exception: Unable to find enough nodes that meet the criteria that cannot engage in more than 5 pipelines. Nodes required: 3 Found: 0, healthy nodes count inNodeManager: 3.
2019-09-19 11:16:40,380 [main] INFO  ozone.MiniOzoneClusterImpl (MiniOzoneClusterImpl.java:shutdown(321)) - Shutting down the Mini Ozone Cluster
2019-09-19 11:16:40,380 | INFO  | SCMAudit | user=null | ip=null | op=GET_SCM_INFO null | ret=SUCCESS |  
2019-09-19 11:16:40,380 [main] INFO  ozone.MiniOzoneClusterImpl (MiniOzoneClusterImpl.java:stop(336)) - Stopping the Mini Ozone Cluster
2019-09-19 11:16:40,380 [main] INFO  ozone.MiniOzoneClusterImpl (MiniOzoneClusterImpl.java:stop(338)) - Stopping the OzoneManager
2019-09-19 11:16:40,381 [main] INFO  ipc.Server (Server.java:stop(3082)) - Stopping server on 42779
2019-09-19 11:16:40,391 [main] INFO  ratis.OzoneManagerDoubleBuffer (OzoneManagerDoubleBuffer.java:stop(248)) - Stopping OMDoubleBuffer flush thread
2019-09-19 11:16:40,391 [IPC Server listener on 42779] INFO  ipc.Server (Server.java:run(1185)) - Stopping IPC Server listener on 42779
2019-09-19 11:16:40,402 [OMDoubleBufferFlushThread] INFO  ratis.OzoneManagerDoubleBuffer (OzoneManagerDoubleBuffer.java:flushTransactions(191)) - OMDoubleBuffer flush thread OMDoubleBufferFlushThread is interrupted and will exit. OMDoubleBufferFlushThread
2019-09-19 11:16:40,391 [IPC Server Responder] INFO  ipc.Server (Server.java:run(1319)) - Stopping IPC Server Responder
2019-09-19 11:16:40,403 [main] INFO  utils.BackgroundService (BackgroundService.java:shutdown(148)) - Shutting down service KeyDeletingService
2019-09-19 11:16:40,405 [main] INFO  handler.ContextHandler (ContextHandler.java:doStop(910)) - Stopped o.e.j.w.WebAppContext@49631cfb{/,null,UNAVAILABLE}{/ozoneManager}
2019-09-19 11:16:40,406 [main] INFO  server.AbstractConnector (AbstractConnector.java:doStop(318)) - Stopped ServerConnector@77b71c9{HTTP/1.1,[http/1.1]}{0.0.0.0:0}
2019-09-19 11:16:40,406 [main] INFO  handler.ContextHandler (ContextHandler.java:doStop(910)) - Stopped o.e.j.s.ServletContextHandler@455f4483{/static,file:///workdir/hadoop-ozone/integration-test/target/test-classes/webapps/static,UNAVAILABLE}
2019-09-19 11:16:40,407 [main] INFO  handler.ContextHandler (ContextHandler.java:doStop(910)) - Stopped o.e.j.s.ServletContextHandler@368424db{/logs,file:///workdir/hadoop-ozone/integration-test/target/log,UNAVAILABLE}
2019-09-19 11:16:40,409 [main] INFO  ozone.MiniOzoneClusterImpl (MiniOzoneClusterImpl.java:stop(344)) - Shutting the HddsDatanodes
2019-09-19 11:16:40,409 [main] INFO  datanode.ObjectStoreHandler (ObjectStoreHandler.java:close(155)) - Closing ObjectStoreHandler.
2019-09-19 11:16:40,409 [ForkJoinPool.commonPool-worker-1] INFO  datanode.ObjectStoreHandler (ObjectStoreHandler.java:close(155)) - Closing ObjectStoreHandler.
2019-09-19 11:16:40,410 [main] INFO  ozone.HddsDatanodeService (HddsDatanodeService.java:stop(451)) - Stopped plug-in org.apache.hadoop.ozone.web.OzoneHddsDatanodeService@6e981e78
2019-09-19 11:16:40,410 [ForkJoinPool.commonPool-worker-1] INFO  ozone.HddsDatanodeService (HddsDatanodeService.java:stop(451)) - Stopped plug-in org.apache.hadoop.ozone.web.OzoneHddsDatanodeService@678586f0
2019-09-19 11:16:40,611 [Datanode State Machine Thread - 0] INFO  statemachine.DatanodeStateMachine (DatanodeStateMachine.java:lambda$startDaemon$0(350)) - Ozone container server started.
2019-09-19 11:16:41,128 [Datanode State Machine Thread - 0] INFO  statemachine.DatanodeStateMachine (DatanodeStateMachine.java:lambda$startDaemon$0(350)) - Ozone container server started.
2019-09-19 11:16:41,377 | INFO  | SCMAudit | user=jenkins1000 | ip=192.168.157.226 | op=SEND_HEARTBEAT {datanodeUUID=d7fad138-c66e-4dac-aa7f-32cef276c0fb, command=[]} | ret=SUCCESS |  
2019-09-19 11:16:41,624 [Thread-703] INFO  container.ReplicationManager (ReplicationManager.java:start(151)) - Starting Replication Monitor Thread.
2019-09-19 11:16:41,627 [ReplicationMonitor] INFO  container.ReplicationManager (ReplicationManager.java:run(214)) - Replication Monitor Thread took 0 milliseconds for processing 0 containers.
2019-09-19 11:16:42,378 | INFO  | SCMAudit | user=jenkins1000 | ip=192.168.157.226 | op=SEND_HEARTBEAT {datanodeUUID=d7fad138-c66e-4dac-aa7f-32cef276c0fb, command=[]} | ret=SUCCESS |  
2019-09-19 11:16:43,378 | INFO  | SCMAudit | user=jenkins1000 | ip=192.168.157.226 | op=SEND_HEARTBEAT {datanodeUUID=d7fad138-c66e-4dac-aa7f-32cef276c0fb, command=[]} | ret=SUCCESS |  
2019-09-19 11:16:43,770 [Thread-705] INFO  impl.FollowerState (FollowerState.java:run(106)) - 094fd4e9-2874-4038-80ba-2b5ce22b28ac:group-2D5404FCE24A changes to CANDIDATE, lastRpcTime:5064, electionTimeout:5064ms
2019-09-19 11:16:43,770 [Thread-705] INFO  impl.RoleInfo (RoleInfo.java:shutdownFollowerState(121)) - 094fd4e9-2874-4038-80ba-2b5ce22b28ac: shutdown FollowerState
2019-09-19 11:16:43,770 [Thread-705] INFO  impl.RaftServerImpl (RaftServerImpl.java:setRole(171)) - 094fd4e9-2874-4038-80ba-2b5ce22b28ac:group-2D5404FCE24A changes role from FOLLOWER to CANDIDATE at term 0 for changeToCandidate
2019-09-19 11:16:43,771 [Thread-705] INFO  impl.RoleInfo (RoleInfo.java:updateAndGet(143)) - 094fd4e9-2874-4038-80ba-2b5ce22b28ac: start LeaderElection
2019-09-19 11:16:43,788 [094fd4e9-2874-4038-80ba-2b5ce22b28ac:group-2D5404FCE24A:LeaderElection37] INFO  impl.LeaderElection (LeaderElection.java:askForVotes(181)) - 094fd4e9-2874-4038-80ba-2b5ce22b28ac:group-2D5404FCE24A:LeaderElection37: begin an election at term 1 for -1: [094fd4e9-2874-4038-80ba-2b5ce22b28ac:192.168.157.226:46206], old=null
2019-09-19 11:16:43,788 [094fd4e9-2874-4038-80ba-2b5ce22b28ac:group-2D5404FCE24A:LeaderElection37] INFO  impl.RoleInfo (RoleInfo.java:shutdownLeaderElection(134)) - 094fd4e9-2874-4038-80ba-2b5ce22b28ac: shutdown LeaderElection
2019-09-19 11:16:43,788 [094fd4e9-2874-4038-80ba-2b5ce22b28ac:group-2D5404FCE24A:LeaderElection37] INFO  impl.RaftServerImpl (RaftServerImpl.java:setRole(171)) - 094fd4e9-2874-4038-80ba-2b5ce22b28ac:group-2D5404FCE24A changes role from CANDIDATE to LEADER at term 1 for changeToLeader
2019-09-19 11:16:43,788 [094fd4e9-2874-4038-80ba-2b5ce22b28ac:group-2D5404FCE24A:LeaderElection37] INFO  impl.RaftServerImpl (ServerState.java:setLeader(263)) - 094fd4e9-2874-4038-80ba-2b5ce22b28ac:group-2D5404FCE24A change Leader from null to 094fd4e9-2874-4038-80ba-2b5ce22b28ac at term 1 for becomeLeader, leader elected after 5088ms
2019-09-19 11:16:43,789 [094fd4e9-2874-4038-80ba-2b5ce22b28ac:group-2D5404FCE24A:LeaderElection37] INFO  server.RaftServerConfigKeys (ConfUtils.java:logGet(43)) - raft.server.staging.catchup.gap = 1000 (default)
2019-09-19 11:16:43,789 [094fd4e9-2874-4038-80ba-2b5ce22b28ac:group-2D5404FCE24A:LeaderElection37] INFO  server.RaftServerConfigKeys (ConfUtils.java:logGet(43)) - raft.server.rpc.sleep.time = 25ms (default)
2019-09-19 11:16:43,789 [094fd4e9-2874-4038-80ba-2b5ce22b28ac:group-2D5404FCE24A:LeaderElection37] INFO  server.RaftServerConfigKeys (ConfUtils.java:logGet(43)) - raft.server.write.element-limit = 4096 (default)
2019-09-19 11:16:43,789 [094fd4e9-2874-4038-80ba-2b5ce22b28ac:group-2D5404FCE24A:LeaderElection37] INFO  server.RaftServerConfigKeys (ConfUtils.java:logGet(43)) - raft.server.watch.timeout = 10s (default)
2019-09-19 11:16:43,789 [094fd4e9-2874-4038-80ba-2b5ce22b28ac:group-2D5404FCE24A:LeaderElection37] INFO  server.RaftServerConfigKeys (ConfUtils.java:logGet(43)) - raft.server.watch.timeout.denomination = 1s (default)
2019-09-19 11:16:43,789 [094fd4e9-2874-4038-80ba-2b5ce22b28ac:group-2D5404FCE24A:LeaderElection37] INFO  server.RaftServerConfigKeys (ConfUtils.java:logGet(43)) - raft.server.watch.element-limit = 65536 (default)
2019-09-19 11:16:43,790 [094fd4e9-2874-4038-80ba-2b5ce22b28ac:group-2D5404FCE24A:LeaderElection37] INFO  impl.RoleInfo (RoleInfo.java:updateAndGet(143)) - 094fd4e9-2874-4038-80ba-2b5ce22b28ac: start LeaderState
2019-09-19 11:16:43,790 [094fd4e9-2874-4038-80ba-2b5ce22b28ac:group-2D5404FCE24A:LeaderElection37] INFO  segmented.SegmentedRaftLogWorker (SegmentedRaftLogWorker.java:startLogSegment(380)) - 094fd4e9-2874-4038-80ba-2b5ce22b28ac-SegmentedRaftLogWorker:Storage Directory /workdir/hadoop-ozone/integration-test/target/test-dir/MiniOzoneClusterImpl-a1b41923-72f3-42e0-8473-59a9e2cbbac3/datanode-0/data/ratis/55642c56-67ed-4bb3-9733-2d5404fce24a: Starting segment from index:0
2019-09-19 11:16:43,790 [094fd4e9-2874-4038-80ba-2b5ce22b28ac:group-2D5404FCE24A:LeaderElection37] INFO  impl.RaftServerImpl (ServerState.java:setRaftConf(361)) - 094fd4e9-2874-4038-80ba-2b5ce22b28ac:group-2D5404FCE24A set configuration 0: [094fd4e9-2874-4038-80ba-2b5ce22b28ac:192.168.157.226:46206], old=null at 0
2019-09-19 11:16:43,796 [Thread-708] INFO  impl.FollowerState (FollowerState.java:run(106)) - 094fd4e9-2874-4038-80ba-2b5ce22b28ac:group-5F67BC56273E changes to CANDIDATE, lastRpcTime:5036, electionTimeout:5036ms
2019-09-19 11:16:43,796 [Thread-708] INFO  impl.RoleInfo (RoleInfo.java:shutdownFollowerState(121)) - 094fd4e9-2874-4038-80ba-2b5ce22b28ac: shutdown FollowerState
2019-09-19 11:16:43,796 [Thread-708] INFO  impl.RaftServerImpl (RaftServerImpl.java:setRole(171)) - 094fd4e9-2874-4038-80ba-2b5ce22b28ac:group-5F67BC56273E changes role from FOLLOWER to CANDIDATE at term 0 for changeToCandidate
2019-09-19 11:16:43,796 [Thread-708] INFO  impl.RoleInfo (RoleInfo.java:updateAndGet(143)) - 094fd4e9-2874-4038-80ba-2b5ce22b28ac: start LeaderElection
2019-09-19 11:16:43,834 [094fd4e9-2874-4038-80ba-2b5ce22b28ac-SegmentedRaftLogWorker:Storage Directory /workdir/hadoop-ozone/integration-test/target/test-dir/MiniOzoneClusterImpl-a1b41923-72f3-42e0-8473-59a9e2cbbac3/datanode-0/data/ratis/55642c56-67ed-4bb3-9733-2d5404fce24a] INFO  segmented.SegmentedRaftLogWorker (SegmentedRaftLogWorker.java:execute(569)) - 094fd4e9-2874-4038-80ba-2b5ce22b28ac-SegmentedRaftLogWorker:Storage Directory /workdir/hadoop-ozone/integration-test/target/test-dir/MiniOzoneClusterImpl-a1b41923-72f3-42e0-8473-59a9e2cbbac3/datanode-0/data/ratis/55642c56-67ed-4bb3-9733-2d5404fce24a: created new log segment /workdir/hadoop-ozone/integration-test/target/test-dir/MiniOzoneClusterImpl-a1b41923-72f3-42e0-8473-59a9e2cbbac3/datanode-0/data/ratis/55642c56-67ed-4bb3-9733-2d5404fce24a/current/log_inprogress_0
2019-09-19 11:16:43,834 [094fd4e9-2874-4038-80ba-2b5ce22b28ac:group-5F67BC56273E:LeaderElection38] INFO  impl.LeaderElection (LeaderElection.java:askForVotes(181)) - 094fd4e9-2874-4038-80ba-2b5ce22b28ac:group-5F67BC56273E:LeaderElection38: begin an election at term 1 for -1: [094fd4e9-2874-4038-80ba-2b5ce22b28ac:192.168.157.226:46206], old=null
2019-09-19 11:16:43,834 [094fd4e9-2874-4038-80ba-2b5ce22b28ac:group-5F67BC56273E:LeaderElection38] INFO  impl.RoleInfo (RoleInfo.java:shutdownLeaderElection(134)) - 094fd4e9-2874-4038-80ba-2b5ce22b28ac: shutdown LeaderElection
2019-09-19 11:16:43,834 [094fd4e9-2874-4038-80ba-2b5ce22b28ac:group-5F67BC56273E:LeaderElection38] INFO  impl.RaftServerImpl (RaftServerImpl.java:setRole(171)) - 094fd4e9-2874-4038-80ba-2b5ce22b28ac:group-5F67BC56273E changes role from CANDIDATE to LEADER at term 1 for changeToLeader
2019-09-19 11:16:43,834 [094fd4e9-2874-4038-80ba-2b5ce22b28ac:group-5F67BC56273E:LeaderElection38] INFO  impl.RaftServerImpl (ServerState.java:setLeader(263)) - 094fd4e9-2874-4038-80ba-2b5ce22b28ac:group-5F67BC56273E change Leader from null to 094fd4e9-2874-4038-80ba-2b5ce22b28ac at term 1 for becomeLeader, leader elected after 5079ms
2019-09-19 11:16:43,835 [094fd4e9-2874-4038-80ba-2b5ce22b28ac:group-5F67BC56273E:LeaderElection38] INFO  server.RaftServerConfigKeys (ConfUtils.java:logGet(43)) - raft.server.staging.catchup.gap = 1000 (default)
2019-09-19 11:16:43,835 [094fd4e9-2874-4038-80ba-2b5ce22b28ac:group-5F67BC56273E:LeaderElection38] INFO  server.RaftServerConfigKeys (ConfUtils.java:logGet(43)) - raft.server.rpc.sleep.time = 25ms (default)
2019-09-19 11:16:43,835 [094fd4e9-2874-4038-80ba-2b5ce22b28ac:group-5F67BC56273E:LeaderElection38] INFO  server.RaftServerConfigKeys (ConfUtils.java:logGet(43)) - raft.server.write.element-limit = 4096 (default)
2019-09-19 11:16:43,835 [094fd4e9-2874-4038-80ba-2b5ce22b28ac:group-5F67BC56273E:LeaderElection38] INFO  server.RaftServerConfigKeys (ConfUtils.java:logGet(43)) - raft.server.watch.timeout = 10s (default)
2019-09-19 11:16:43,835 [094fd4e9-2874-4038-80ba-2b5ce22b28ac:group-5F67BC56273E:LeaderElection38] INFO  server.RaftServerConfigKeys (ConfUtils.java:logGet(43)) - raft.server.watch.timeout.denomination = 1s (default)
2019-09-19 11:16:43,835 [094fd4e9-2874-4038-80ba-2b5ce22b28ac:group-5F67BC56273E:LeaderElection38] INFO  server.RaftServerConfigKeys (ConfUtils.java:logGet(43)) - raft.server.watch.element-limit = 65536 (default)
2019-09-19 11:16:43,835 [094fd4e9-2874-4038-80ba-2b5ce22b28ac:group-5F67BC56273E:LeaderElection38] INFO  impl.RoleInfo (RoleInfo.java:updateAndGet(143)) - 094fd4e9-2874-4038-80ba-2b5ce22b28ac: start LeaderState
2019-09-19 11:16:43,836 [094fd4e9-2874-4038-80ba-2b5ce22b28ac:group-5F67BC56273E:LeaderElection38] INFO  segmented.SegmentedRaftLogWorker (SegmentedRaftLogWorker.java:startLogSegment(380)) - 094fd4e9-2874-4038-80ba-2b5ce22b28ac-SegmentedRaftLogWorker:Storage Directory /workdir/hadoop-ozone/integration-test/target/test-dir/MiniOzoneClusterImpl-a1b41923-72f3-42e0-8473-59a9e2cbbac3/datanode-0/data/ratis/bd2103fa-1722-4f97-b795-5f67bc56273e: Starting segment from index:0
2019-09-19 11:16:43,836 [094fd4e9-2874-4038-80ba-2b5ce22b28ac:group-5F67BC56273E:LeaderElection38] INFO  impl.RaftServerImpl (ServerState.java:setRaftConf(361)) - 094fd4e9-2874-4038-80ba-2b5ce22b28ac:group-5F67BC56273E set configuration 0: [094fd4e9-2874-4038-80ba-2b5ce22b28ac:192.168.157.226:46206], old=null at 0
2019-09-19 11:16:43,864 [Thread-711] INFO  impl.FollowerState (FollowerState.java:run(106)) - 094fd4e9-2874-4038-80ba-2b5ce22b28ac:group-490E5471D236 changes to CANDIDATE, lastRpcTime:5047, electionTimeout:5034ms
2019-09-19 11:16:43,864 [Thread-711] INFO  impl.RoleInfo (RoleInfo.java:shutdownFollowerState(121)) - 094fd4e9-2874-4038-80ba-2b5ce22b28ac: shutdown FollowerState
2019-09-19 11:16:43,864 [Thread-711] INFO  impl.RaftServerImpl (RaftServerImpl.java:setRole(171)) - 094fd4e9-2874-4038-80ba-2b5ce22b28ac:group-490E5471D236 changes role from FOLLOWER to CANDIDATE at term 0 for changeToCandidate
2019-09-19 11:16:43,864 [Thread-711] INFO  impl.RoleInfo (RoleInfo.java:updateAndGet(143)) - 094fd4e9-2874-4038-80ba-2b5ce22b28ac: start LeaderElection
2019-09-19 11:16:43,877 [094fd4e9-2874-4038-80ba-2b5ce22b28ac-SegmentedRaftLogWorker:Storage Directory /workdir/hadoop-ozone/integration-test/target/test-dir/MiniOzoneClusterImpl-a1b41923-72f3-42e0-8473-59a9e2cbbac3/datanode-0/data/ratis/bd2103fa-1722-4f97-b795-5f67bc56273e] INFO  segmented.SegmentedRaftLogWorker (SegmentedRaftLogWorker.java:execute(569)) - 094fd4e9-2874-4038-80ba-2b5ce22b28ac-SegmentedRaftLogWorker:Storage Directory /workdir/hadoop-ozone/integration-test/target/test-dir/MiniOzoneClusterImpl-a1b41923-72f3-42e0-8473-59a9e2cbbac3/datanode-0/data/ratis/bd2103fa-1722-4f97-b795-5f67bc56273e: created new log segment /workdir/hadoop-ozone/integration-test/target/test-dir/MiniOzoneClusterImpl-a1b41923-72f3-42e0-8473-59a9e2cbbac3/datanode-0/data/ratis/bd2103fa-1722-4f97-b795-5f67bc56273e/current/log_inprogress_0
2019-09-19 11:16:43,877 [094fd4e9-2874-4038-80ba-2b5ce22b28ac:group-490E5471D236:LeaderElection39] INFO  impl.LeaderElection (LeaderElection.java:askForVotes(181)) - 094fd4e9-2874-4038-80ba-2b5ce22b28ac:group-490E5471D236:LeaderElection39: begin an election at term 1 for -1: [094fd4e9-2874-4038-80ba-2b5ce22b28ac:192.168.157.226:46206], old=null
2019-09-19 11:16:43,877 [094fd4e9-2874-4038-80ba-2b5ce22b28ac:group-490E5471D236:LeaderElection39] INFO  impl.RoleInfo (RoleInfo.java:shutdownLeaderElection(134)) - 094fd4e9-2874-4038-80ba-2b5ce22b28ac: shutdown LeaderElection
2019-09-19 11:16:43,877 [094fd4e9-2874-4038-80ba-2b5ce22b28ac:group-490E5471D236:LeaderElection39] INFO  impl.RaftServerImpl (RaftServerImpl.java:setRole(171)) - 094fd4e9-2874-4038-80ba-2b5ce22b28ac:group-490E5471D236 changes role from CANDIDATE to LEADER at term 1 for changeToLeader
2019-09-19 11:16:43,877 [094fd4e9-2874-4038-80ba-2b5ce22b28ac:group-490E5471D236:LeaderElection39] INFO  impl.RaftServerImpl (ServerState.java:setLeader(263)) - 094fd4e9-2874-4038-80ba-2b5ce22b28ac:group-490E5471D236 change Leader from null to 094fd4e9-2874-4038-80ba-2b5ce22b28ac at term 1 for becomeLeader, leader elected after 5067ms
2019-09-19 11:16:43,877 [094fd4e9-2874-4038-80ba-2b5ce22b28ac:group-490E5471D236:LeaderElection39] INFO  server.RaftServerConfigKeys (ConfUtils.java:logGet(43)) - raft.server.staging.catchup.gap = 1000 (default)
2019-09-19 11:16:43,878 [094fd4e9-2874-4038-80ba-2b5ce22b28ac:group-490E5471D236:LeaderElection39] INFO  server.RaftServerConfigKeys (ConfUtils.java:logGet(43)) - raft.server.rpc.sleep.time = 25ms (default)
2019-09-19 11:16:43,878 [094fd4e9-2874-4038-80ba-2b5ce22b28ac:group-490E5471D236:LeaderElection39] INFO  server.RaftServerConfigKeys (ConfUtils.java:logGet(43)) - raft.server.write.element-limit = 4096 (default)
2019-09-19 11:16:43,878 [094fd4e9-2874-4038-80ba-2b5ce22b28ac:group-490E5471D236:LeaderElection39] INFO  server.RaftServerConfigKeys (ConfUtils.java:logGet(43)) - raft.server.watch.timeout = 10s (default)
2019-09-19 11:16:43,878 [094fd4e9-2874-4038-80ba-2b5ce22b28ac:group-490E5471D236:LeaderElection39] INFO  server.RaftServerConfigKeys (ConfUtils.java:logGet(43)) - raft.server.watch.timeout.denomination = 1s (default)
2019-09-19 11:16:43,878 [094fd4e9-2874-4038-80ba-2b5ce22b28ac:group-490E5471D236:LeaderElection39] INFO  server.RaftServerConfigKeys (ConfUtils.java:logGet(43)) - raft.server.watch.element-limit = 65536 (default)
2019-09-19 11:16:43,878 [094fd4e9-2874-4038-80ba-2b5ce22b28ac:group-490E5471D236:LeaderElection39] INFO  impl.RoleInfo (RoleInfo.java:updateAndGet(143)) - 094fd4e9-2874-4038-80ba-2b5ce22b28ac: start LeaderState
2019-09-19 11:16:43,878 [094fd4e9-2874-4038-80ba-2b5ce22b28ac:group-490E5471D236:LeaderElection39] INFO  segmented.SegmentedRaftLogWorker (SegmentedRaftLogWorker.java:startLogSegment(380)) - 094fd4e9-2874-4038-80ba-2b5ce22b28ac-SegmentedRaftLogWorker:Storage Directory /workdir/hadoop-ozone/integration-test/target/test-dir/MiniOzoneClusterImpl-a1b41923-72f3-42e0-8473-59a9e2cbbac3/datanode-0/data/ratis/bb43fe34-6310-4856-b8bb-490e5471d236: Starting segment from index:0
2019-09-19 11:16:43,879 [094fd4e9-2874-4038-80ba-2b5ce22b28ac:group-490E5471D236:LeaderElection39] INFO  impl.RaftServerImpl (ServerState.java:setRaftConf(361)) - 094fd4e9-2874-4038-80ba-2b5ce22b28ac:group-490E5471D236 set configuration 0: [094fd4e9-2874-4038-80ba-2b5ce22b28ac:192.168.157.226:46206], old=null at 0
2019-09-19 11:16:43,933 [Thread-714] INFO  impl.FollowerState (FollowerState.java:run(106)) - 094fd4e9-2874-4038-80ba-2b5ce22b28ac:group-3D735B044CCB changes to CANDIDATE, lastRpcTime:5050, electionTimeout:5050ms
2019-09-19 11:16:43,934 [Thread-714] INFO  impl.RoleInfo (RoleInfo.java:shutdownFollowerState(121)) - 094fd4e9-2874-4038-80ba-2b5ce22b28ac: shutdown FollowerState
2019-09-19 11:16:43,934 [Thread-714] INFO  impl.RaftServerImpl (RaftServerImpl.java:setRole(171)) - 094fd4e9-2874-4038-80ba-2b5ce22b28ac:group-3D735B044CCB changes role from FOLLOWER to CANDIDATE at term 0 for changeToCandidate
2019-09-19 11:16:43,934 [Thread-714] INFO  impl.RoleInfo (RoleInfo.java:updateAndGet(143)) - 094fd4e9-2874-4038-80ba-2b5ce22b28ac: start LeaderElection
2019-09-19 11:16:43,948 [094fd4e9-2874-4038-80ba-2b5ce22b28ac-SegmentedRaftLogWorker:Storage Directory /workdir/hadoop-ozone/integration-test/target/test-dir/MiniOzoneClusterImpl-a1b41923-72f3-42e0-8473-59a9e2cbbac3/datanode-0/data/ratis/bb43fe34-6310-4856-b8bb-490e5471d236] INFO  segmented.SegmentedRaftLogWorker (SegmentedRaftLogWorker.java:execute(569)) - 094fd4e9-2874-4038-80ba-2b5ce22b28ac-SegmentedRaftLogWorker:Storage Directory /workdir/hadoop-ozone/integration-test/target/test-dir/MiniOzoneClusterImpl-a1b41923-72f3-42e0-8473-59a9e2cbbac3/datanode-0/data/ratis/bb43fe34-6310-4856-b8bb-490e5471d236: created new log segment /workdir/hadoop-ozone/integration-test/target/test-dir/MiniOzoneClusterImpl-a1b41923-72f3-42e0-8473-59a9e2cbbac3/datanode-0/data/ratis/bb43fe34-6310-4856-b8bb-490e5471d236/current/log_inprogress_0
2019-09-19 11:16:43,948 [094fd4e9-2874-4038-80ba-2b5ce22b28ac:group-3D735B044CCB:LeaderElection40] INFO  impl.LeaderElection (LeaderElection.java:askForVotes(181)) - 094fd4e9-2874-4038-80ba-2b5ce22b28ac:group-3D735B044CCB:LeaderElection40: begin an election at term 1 for -1: [094fd4e9-2874-4038-80ba-2b5ce22b28ac:192.168.157.226:46206], old=null
2019-09-19 11:16:43,948 [094fd4e9-2874-4038-80ba-2b5ce22b28ac:group-3D735B044CCB:LeaderElection40] INFO  impl.RoleInfo (RoleInfo.java:shutdownLeaderElection(134)) - 094fd4e9-2874-4038-80ba-2b5ce22b28ac: shutdown LeaderElection
2019-09-19 11:16:43,948 [094fd4e9-2874-4038-80ba-2b5ce22b28ac:group-3D735B044CCB:LeaderElection40] INFO  impl.RaftServerImpl (RaftServerImpl.java:setRole(171)) - 094fd4e9-2874-4038-80ba-2b5ce22b28ac:group-3D735B044CCB changes role from CANDIDATE to LEADER at term 1 for changeToLeader
2019-09-19 11:16:43,948 [094fd4e9-2874-4038-80ba-2b5ce22b28ac:group-3D735B044CCB:LeaderElection40] INFO  impl.RaftServerImpl (ServerState.java:setLeader(263)) - 094fd4e9-2874-4038-80ba-2b5ce22b28ac:group-3D735B044CCB change Leader from null to 094fd4e9-2874-4038-80ba-2b5ce22b28ac at term 1 for becomeLeader, leader elected after 5071ms
2019-09-19 11:16:43,949 [094fd4e9-2874-4038-80ba-2b5ce22b28ac:group-3D735B044CCB:LeaderElection40] INFO  server.RaftServerConfigKeys (ConfUtils.java:logGet(43)) - raft.server.staging.catchup.gap = 1000 (default)
2019-09-19 11:16:43,949 [094fd4e9-2874-4038-80ba-2b5ce22b28ac:group-3D735B044CCB:LeaderElection40] INFO  server.RaftServerConfigKeys (ConfUtils.java:logGet(43)) - raft.server.rpc.sleep.time = 25ms (default)
2019-09-19 11:16:43,949 [094fd4e9-2874-4038-80ba-2b5ce22b28ac:group-3D735B044CCB:LeaderElection40] INFO  server.RaftServerConfigKeys (ConfUtils.java:logGet(43)) - raft.server.write.element-limit = 4096 (default)
2019-09-19 11:16:43,949 [094fd4e9-2874-4038-80ba-2b5ce22b28ac:group-3D735B044CCB:LeaderElection40] INFO  server.RaftServerConfigKeys (ConfUtils.java:logGet(43)) - raft.server.watch.timeout = 10s (default)
2019-09-19 11:16:43,949 [094fd4e9-2874-4038-80ba-2b5ce22b28ac:group-3D735B044CCB:LeaderElection40] INFO  server.RaftServerConfigKeys (ConfUtils.java:logGet(43)) - raft.server.watch.timeout.denomination = 1s (default)
2019-09-19 11:16:43,949 [094fd4e9-2874-4038-80ba-2b5ce22b28ac:group-3D735B044CCB:LeaderElection40] INFO  server.RaftServerConfigKeys (ConfUtils.java:logGet(43)) - raft.server.watch.element-limit = 65536 (default)
2019-09-19 11:16:43,949 [094fd4e9-2874-4038-80ba-2b5ce22b28ac:group-3D735B044CCB:LeaderElection40] INFO  impl.RoleInfo (RoleInfo.java:updateAndGet(143)) - 094fd4e9-2874-4038-80ba-2b5ce22b28ac: start LeaderState
2019-09-19 11:16:43,949 [094fd4e9-2874-4038-80ba-2b5ce22b28ac:group-3D735B044CCB:LeaderElection40] INFO  segmented.SegmentedRaftLogWorker (SegmentedRaftLogWorker.java:startLogSegment(380)) - 094fd4e9-2874-4038-80ba-2b5ce22b28ac-SegmentedRaftLogWorker:Storage Directory /workdir/hadoop-ozone/integration-test/target/test-dir/MiniOzoneClusterImpl-a1b41923-72f3-42e0-8473-59a9e2cbbac3/datanode-0/data/ratis/43cc5e2f-6ab7-49b5-9789-3d735b044ccb: Starting segment from index:0
2019-09-19 11:16:43,950 [094fd4e9-2874-4038-80ba-2b5ce22b28ac:group-3D735B044CCB:LeaderElection40] INFO  impl.RaftServerImpl (ServerState.java:setRaftConf(361)) - 094fd4e9-2874-4038-80ba-2b5ce22b28ac:group-3D735B044CCB set configuration 0: [094fd4e9-2874-4038-80ba-2b5ce22b28ac:192.168.157.226:46206], old=null at 0
2019-09-19 11:16:43,990 [094fd4e9-2874-4038-80ba-2b5ce22b28ac-SegmentedRaftLogWorker:Storage Directory /workdir/hadoop-ozone/integration-test/target/test-dir/MiniOzoneClusterImpl-a1b41923-72f3-42e0-8473-59a9e2cbbac3/datanode-0/data/ratis/43cc5e2f-6ab7-49b5-9789-3d735b044ccb] INFO  segmented.SegmentedRaftLogWorker (SegmentedRaftLogWorker.java:execute(569)) - 094fd4e9-2874-4038-80ba-2b5ce22b28ac-SegmentedRaftLogWorker:Storage Directory /workdir/hadoop-ozone/integration-test/target/test-dir/MiniOzoneClusterImpl-a1b41923-72f3-42e0-8473-59a9e2cbbac3/datanode-0/data/ratis/43cc5e2f-6ab7-49b5-9789-3d735b044ccb: created new log segment /workdir/hadoop-ozone/integration-test/target/test-dir/MiniOzoneClusterImpl-a1b41923-72f3-42e0-8473-59a9e2cbbac3/datanode-0/data/ratis/43cc5e2f-6ab7-49b5-9789-3d735b044ccb/current/log_inprogress_0
2019-09-19 11:16:44,048 [Thread-720] INFO  impl.FollowerState (FollowerState.java:run(106)) - 094fd4e9-2874-4038-80ba-2b5ce22b28ac:group-723CC1E1D26D changes to CANDIDATE, lastRpcTime:5056, electionTimeout:5056ms
2019-09-19 11:16:44,048 [Thread-720] INFO  impl.RoleInfo (RoleInfo.java:shutdownFollowerState(121)) - 094fd4e9-2874-4038-80ba-2b5ce22b28ac: shutdown FollowerState
2019-09-19 11:16:44,048 [Thread-720] INFO  impl.RaftServerImpl (RaftServerImpl.java:setRole(171)) - 094fd4e9-2874-4038-80ba-2b5ce22b28ac:group-723CC1E1D26D changes role from FOLLOWER to CANDIDATE at term 0 for changeToCandidate
2019-09-19 11:16:44,049 [Thread-720] INFO  impl.RoleInfo (RoleInfo.java:updateAndGet(143)) - 094fd4e9-2874-4038-80ba-2b5ce22b28ac: start LeaderElection
2019-09-19 11:16:44,064 [094fd4e9-2874-4038-80ba-2b5ce22b28ac:group-723CC1E1D26D:LeaderElection41] INFO  impl.LeaderElection (LeaderElection.java:askForVotes(181)) - 094fd4e9-2874-4038-80ba-2b5ce22b28ac:group-723CC1E1D26D:LeaderElection41: begin an election at term 1 for -1: [094fd4e9-2874-4038-80ba-2b5ce22b28ac:192.168.157.226:46206], old=null
2019-09-19 11:16:44,064 [094fd4e9-2874-4038-80ba-2b5ce22b28ac:group-723CC1E1D26D:LeaderElection41] INFO  impl.RoleInfo (RoleInfo.java:shutdownLeaderElection(134)) - 094fd4e9-2874-4038-80ba-2b5ce22b28ac: shutdown LeaderElection
2019-09-19 11:16:44,064 [094fd4e9-2874-4038-80ba-2b5ce22b28ac:group-723CC1E1D26D:LeaderElection41] INFO  impl.RaftServerImpl (RaftServerImpl.java:setRole(171)) - 094fd4e9-2874-4038-80ba-2b5ce22b28ac:group-723CC1E1D26D changes role from CANDIDATE to LEADER at term 1 for changeToLeader
2019-09-19 11:16:44,064 [094fd4e9-2874-4038-80ba-2b5ce22b28ac:group-723CC1E1D26D:LeaderElection41] INFO  impl.RaftServerImpl (ServerState.java:setLeader(263)) - 094fd4e9-2874-4038-80ba-2b5ce22b28ac:group-723CC1E1D26D change Leader from null to 094fd4e9-2874-4038-80ba-2b5ce22b28ac at term 1 for becomeLeader, leader elected after 5075ms
2019-09-19 11:16:44,064 [094fd4e9-2874-4038-80ba-2b5ce22b28ac:group-723CC1E1D26D:LeaderElection41] INFO  server.RaftServerConfigKeys (ConfUtils.java:logGet(43)) - raft.server.staging.catchup.gap = 1000 (default)
2019-09-19 11:16:44,064 [094fd4e9-2874-4038-80ba-2b5ce22b28ac:group-723CC1E1D26D:LeaderElection41] INFO  server.RaftServerConfigKeys (ConfUtils.java:logGet(43)) - raft.server.rpc.sleep.time = 25ms (default)
2019-09-19 11:16:44,065 [094fd4e9-2874-4038-80ba-2b5ce22b28ac:group-723CC1E1D26D:LeaderElection41] INFO  server.RaftServerConfigKeys (ConfUtils.java:logGet(43)) - raft.server.write.element-limit = 4096 (default)
2019-09-19 11:16:44,065 [094fd4e9-2874-4038-80ba-2b5ce22b28ac:group-723CC1E1D26D:LeaderElection41] INFO  server.RaftServerConfigKeys (ConfUtils.java:logGet(43)) - raft.server.watch.timeout = 10s (default)
2019-09-19 11:16:44,065 [094fd4e9-2874-4038-80ba-2b5ce22b28ac:group-723CC1E1D26D:LeaderElection41] INFO  server.RaftServerConfigKeys (ConfUtils.java:logGet(43)) - raft.server.watch.timeout.denomination = 1s (default)
2019-09-19 11:16:44,065 [094fd4e9-2874-4038-80ba-2b5ce22b28ac:group-723CC1E1D26D:LeaderElection41] INFO  server.RaftServerConfigKeys (ConfUtils.java:logGet(43)) - raft.server.watch.element-limit = 65536 (default)
2019-09-19 11:16:44,065 [094fd4e9-2874-4038-80ba-2b5ce22b28ac:group-723CC1E1D26D:LeaderElection41] INFO  impl.RoleInfo (RoleInfo.java:updateAndGet(143)) - 094fd4e9-2874-4038-80ba-2b5ce22b28ac: start LeaderState
2019-09-19 11:16:44,065 [094fd4e9-2874-4038-80ba-2b5ce22b28ac:group-723CC1E1D26D:LeaderElection41] INFO  segmented.SegmentedRaftLogWorker (SegmentedRaftLogWorker.java:startLogSegment(380)) - 094fd4e9-2874-4038-80ba-2b5ce22b28ac-SegmentedRaftLogWorker:Storage Directory /workdir/hadoop-ozone/integration-test/target/test-dir/MiniOzoneClusterImpl-a1b41923-72f3-42e0-8473-59a9e2cbbac3/datanode-0/data/ratis/407e2f8d-1f1f-4b65-adaf-723cc1e1d26d: Starting segment from index:0
2019-09-19 11:16:44,066 [094fd4e9-2874-4038-80ba-2b5ce22b28ac:group-723CC1E1D26D:LeaderElection41] INFO  impl.RaftServerImpl (ServerState.java:setRaftConf(361)) - 094fd4e9-2874-4038-80ba-2b5ce22b28ac:group-723CC1E1D26D set configuration 0: [094fd4e9-2874-4038-80ba-2b5ce22b28ac:192.168.157.226:46206], old=null at 0
2019-09-19 11:16:44,102 [Thread-717] INFO  impl.FollowerState (FollowerState.java:run(106)) - 094fd4e9-2874-4038-80ba-2b5ce22b28ac:group-28BEA005F708 changes to CANDIDATE, lastRpcTime:5152, electionTimeout:5152ms
2019-09-19 11:16:44,102 [Thread-717] INFO  impl.RoleInfo (RoleInfo.java:shutdownFollowerState(121)) - 094fd4e9-2874-4038-80ba-2b5ce22b28ac: shutdown FollowerState
2019-09-19 11:16:44,102 [Thread-717] INFO  impl.RaftServerImpl (RaftServerImpl.java:setRole(171)) - 094fd4e9-2874-4038-80ba-2b5ce22b28ac:group-28BEA005F708 changes role from FOLLOWER to CANDIDATE at term 0 for changeToCandidate
2019-09-19 11:16:44,102 [Thread-717] INFO  impl.RoleInfo (RoleInfo.java:updateAndGet(143)) - 094fd4e9-2874-4038-80ba-2b5ce22b28ac: start LeaderElection
2019-09-19 11:16:44,110 [094fd4e9-2874-4038-80ba-2b5ce22b28ac-SegmentedRaftLogWorker:Storage Directory /workdir/hadoop-ozone/integration-test/target/test-dir/MiniOzoneClusterImpl-a1b41923-72f3-42e0-8473-59a9e2cbbac3/datanode-0/data/ratis/407e2f8d-1f1f-4b65-adaf-723cc1e1d26d] INFO  segmented.SegmentedRaftLogWorker (SegmentedRaftLogWorker.java:execute(569)) - 094fd4e9-2874-4038-80ba-2b5ce22b28ac-SegmentedRaftLogWorker:Storage Directory /workdir/hadoop-ozone/integration-test/target/test-dir/MiniOzoneClusterImpl-a1b41923-72f3-42e0-8473-59a9e2cbbac3/datanode-0/data/ratis/407e2f8d-1f1f-4b65-adaf-723cc1e1d26d: created new log segment /workdir/hadoop-ozone/integration-test/target/test-dir/MiniOzoneClusterImpl-a1b41923-72f3-42e0-8473-59a9e2cbbac3/datanode-0/data/ratis/407e2f8d-1f1f-4b65-adaf-723cc1e1d26d/current/log_inprogress_0
2019-09-19 11:16:44,110 [094fd4e9-2874-4038-80ba-2b5ce22b28ac:group-28BEA005F708:LeaderElection42] INFO  impl.LeaderElection (LeaderElection.java:askForVotes(181)) - 094fd4e9-2874-4038-80ba-2b5ce22b28ac:group-28BEA005F708:LeaderElection42: begin an election at term 1 for -1: [094fd4e9-2874-4038-80ba-2b5ce22b28ac:192.168.157.226:46206], old=null
2019-09-19 11:16:44,111 [094fd4e9-2874-4038-80ba-2b5ce22b28ac:group-28BEA005F708:LeaderElection42] INFO  impl.RoleInfo (RoleInfo.java:shutdownLeaderElection(134)) - 094fd4e9-2874-4038-80ba-2b5ce22b28ac: shutdown LeaderElection
2019-09-19 11:16:44,111 [094fd4e9-2874-4038-80ba-2b5ce22b28ac:group-28BEA005F708:LeaderElection42] INFO  impl.RaftServerImpl (RaftServerImpl.java:setRole(171)) - 094fd4e9-2874-4038-80ba-2b5ce22b28ac:group-28BEA005F708 changes role from CANDIDATE to LEADER at term 1 for changeToLeader
2019-09-19 11:16:44,111 [094fd4e9-2874-4038-80ba-2b5ce22b28ac:group-28BEA005F708:LeaderElection42] INFO  impl.RaftServerImpl (ServerState.java:setLeader(263)) - 094fd4e9-2874-4038-80ba-2b5ce22b28ac:group-28BEA005F708 change Leader from null to 094fd4e9-2874-4038-80ba-2b5ce22b28ac at term 1 for becomeLeader, leader elected after 5164ms
2019-09-19 11:16:44,111 [094fd4e9-2874-4038-80ba-2b5ce22b28ac:group-28BEA005F708:LeaderElection42] INFO  server.RaftServerConfigKeys (ConfUtils.java:logGet(43)) - raft.server.staging.catchup.gap = 1000 (default)
2019-09-19 11:16:44,111 [094fd4e9-2874-4038-80ba-2b5ce22b28ac:group-28BEA005F708:LeaderElection42] INFO  server.RaftServerConfigKeys (ConfUtils.java:logGet(43)) - raft.server.rpc.sleep.time = 25ms (default)
2019-09-19 11:16:44,111 [094fd4e9-2874-4038-80ba-2b5ce22b28ac:group-28BEA005F708:LeaderElection42] INFO  server.RaftServerConfigKeys (ConfUtils.java:logGet(43)) - raft.server.write.element-limit = 4096 (default)
2019-09-19 11:16:44,111 [094fd4e9-2874-4038-80ba-2b5ce22b28ac:group-28BEA005F708:LeaderElection42] INFO  server.RaftServerConfigKeys (ConfUtils.java:logGet(43)) - raft.server.watch.timeout = 10s (default)
2019-09-19 11:16:44,111 [094fd4e9-2874-4038-80ba-2b5ce22b28ac:group-28BEA005F708:LeaderElection42] INFO  server.RaftServerConfigKeys (ConfUtils.java:logGet(43)) - raft.server.watch.timeout.denomination = 1s (default)
2019-09-19 11:16:44,112 [094fd4e9-2874-4038-80ba-2b5ce22b28ac:group-28BEA005F708:LeaderElection42] INFO  server.RaftServerConfigKeys (ConfUtils.java:logGet(43)) - raft.server.watch.element-limit = 65536 (default)
2019-09-19 11:16:44,112 [094fd4e9-2874-4038-80ba-2b5ce22b28ac:group-28BEA005F708:LeaderElection42] INFO  impl.RoleInfo (RoleInfo.java:updateAndGet(143)) - 094fd4e9-2874-4038-80ba-2b5ce22b28ac: start LeaderState
2019-09-19 11:16:44,112 [094fd4e9-2874-4038-80ba-2b5ce22b28ac:group-28BEA005F708:LeaderElection42] INFO  segmented.SegmentedRaftLogWorker (SegmentedRaftLogWorker.java:startLogSegment(380)) - 094fd4e9-2874-4038-80ba-2b5ce22b28ac-SegmentedRaftLogWorker:Storage Directory /workdir/hadoop-ozone/integration-test/target/test-dir/MiniOzoneClusterImpl-a1b41923-72f3-42e0-8473-59a9e2cbbac3/datanode-0/data/ratis/191683b0-3336-485b-92d6-28bea005f708: Starting segment from index:0
2019-09-19 11:16:44,112 [094fd4e9-2874-4038-80ba-2b5ce22b28ac:group-28BEA005F708:LeaderElection42] INFO  impl.RaftServerImpl (ServerState.java:setRaftConf(361)) - 094fd4e9-2874-4038-80ba-2b5ce22b28ac:group-28BEA005F708 set configuration 0: [094fd4e9-2874-4038-80ba-2b5ce22b28ac:192.168.157.226:46206], old=null at 0
2019-09-19 11:16:44,142 [094fd4e9-2874-4038-80ba-2b5ce22b28ac-SegmentedRaftLogWorker:Storage Directory /workdir/hadoop-ozone/integration-test/target/test-dir/MiniOzoneClusterImpl-a1b41923-72f3-42e0-8473-59a9e2cbbac3/datanode-0/data/ratis/191683b0-3336-485b-92d6-28bea005f708] INFO  segmented.SegmentedRaftLogWorker (SegmentedRaftLogWorker.java:execute(569)) - 094fd4e9-2874-4038-80ba-2b5ce22b28ac-SegmentedRaftLogWorker:Storage Directory /workdir/hadoop-ozone/integration-test/target/test-dir/MiniOzoneClusterImpl-a1b41923-72f3-42e0-8473-59a9e2cbbac3/datanode-0/data/ratis/191683b0-3336-485b-92d6-28bea005f708: created new log segment /workdir/hadoop-ozone/integration-test/target/test-dir/MiniOzoneClusterImpl-a1b41923-72f3-42e0-8473-59a9e2cbbac3/datanode-0/data/ratis/191683b0-3336-485b-92d6-28bea005f708/current/log_inprogress_0
2019-09-19 11:16:44,202 [Thread-723] INFO  impl.FollowerState (FollowerState.java:run(106)) - e4ce95b5-80fa-473f-aa0f-54361613bedb:group-875207B6E3CF changes to CANDIDATE, lastRpcTime:5030, electionTimeout:5030ms
2019-09-19 11:16:44,202 [Thread-723] INFO  impl.RoleInfo (RoleInfo.java:shutdownFollowerState(121)) - e4ce95b5-80fa-473f-aa0f-54361613bedb: shutdown FollowerState
2019-09-19 11:16:44,202 [Thread-723] INFO  impl.RaftServerImpl (RaftServerImpl.java:setRole(171)) - e4ce95b5-80fa-473f-aa0f-54361613bedb:group-875207B6E3CF changes role from FOLLOWER to CANDIDATE at term 0 for changeToCandidate
2019-09-19 11:16:44,202 [Thread-723] INFO  impl.RoleInfo (RoleInfo.java:updateAndGet(143)) - e4ce95b5-80fa-473f-aa0f-54361613bedb: start LeaderElection
2019-09-19 11:16:44,207 [e4ce95b5-80fa-473f-aa0f-54361613bedb:group-875207B6E3CF:LeaderElection43] INFO  impl.LeaderElection (LeaderElection.java:askForVotes(181)) - e4ce95b5-80fa-473f-aa0f-54361613bedb:group-875207B6E3CF:LeaderElection43: begin an election at term 1 for -1: [e4ce95b5-80fa-473f-aa0f-54361613bedb:192.168.157.226:37805], old=null
2019-09-19 11:16:44,207 [e4ce95b5-80fa-473f-aa0f-54361613bedb:group-875207B6E3CF:LeaderElection43] INFO  impl.RoleInfo (RoleInfo.java:shutdownLeaderElection(134)) - e4ce95b5-80fa-473f-aa0f-54361613bedb: shutdown LeaderElection
2019-09-19 11:16:44,207 [e4ce95b5-80fa-473f-aa0f-54361613bedb:group-875207B6E3CF:LeaderElection43] INFO  impl.RaftServerImpl (RaftServerImpl.java:setRole(171)) - e4ce95b5-80fa-473f-aa0f-54361613bedb:group-875207B6E3CF changes role from CANDIDATE to LEADER at term 1 for changeToLeader
2019-09-19 11:16:44,208 [e4ce95b5-80fa-473f-aa0f-54361613bedb:group-875207B6E3CF:LeaderElection43] INFO  impl.RaftServerImpl (ServerState.java:setLeader(263)) - e4ce95b5-80fa-473f-aa0f-54361613bedb:group-875207B6E3CF change Leader from null to e4ce95b5-80fa-473f-aa0f-54361613bedb at term 1 for becomeLeader, leader elected after 5039ms
2019-09-19 11:16:44,208 [e4ce95b5-80fa-473f-aa0f-54361613bedb:group-875207B6E3CF:LeaderElection43] INFO  server.RaftServerConfigKeys (ConfUtils.java:logGet(43)) - raft.server.staging.catchup.gap = 1000 (default)
2019-09-19 11:16:44,208 [e4ce95b5-80fa-473f-aa0f-54361613bedb:group-875207B6E3CF:LeaderElection43] INFO  server.RaftServerConfigKeys (ConfUtils.java:logGet(43)) - raft.server.rpc.sleep.time = 25ms (default)
2019-09-19 11:16:44,208 [e4ce95b5-80fa-473f-aa0f-54361613bedb:group-875207B6E3CF:LeaderElection43] INFO  server.RaftServerConfigKeys (ConfUtils.java:logGet(43)) - raft.server.write.element-limit = 4096 (default)
2019-09-19 11:16:44,208 [e4ce95b5-80fa-473f-aa0f-54361613bedb:group-875207B6E3CF:LeaderElection43] INFO  server.RaftServerConfigKeys (ConfUtils.java:logGet(43)) - raft.server.watch.timeout = 10s (default)
2019-09-19 11:16:44,208 [e4ce95b5-80fa-473f-aa0f-54361613bedb:group-875207B6E3CF:LeaderElection43] INFO  server.RaftServerConfigKeys (ConfUtils.java:logGet(43)) - raft.server.watch.timeout.denomination = 1s (default)
2019-09-19 11:16:44,209 [e4ce95b5-80fa-473f-aa0f-54361613bedb:group-875207B6E3CF:LeaderElection43] INFO  server.RaftServerConfigKeys (ConfUtils.java:logGet(43)) - raft.server.watch.element-limit = 65536 (default)
2019-09-19 11:16:44,209 [e4ce95b5-80fa-473f-aa0f-54361613bedb:group-875207B6E3CF:LeaderElection43] INFO  impl.RoleInfo (RoleInfo.java:updateAndGet(143)) - e4ce95b5-80fa-473f-aa0f-54361613bedb: start LeaderState
2019-09-19 11:16:44,209 [e4ce95b5-80fa-473f-aa0f-54361613bedb:group-875207B6E3CF:LeaderElection43] INFO  segmented.SegmentedRaftLogWorker (SegmentedRaftLogWorker.java:startLogSegment(380)) - e4ce95b5-80fa-473f-aa0f-54361613bedb-SegmentedRaftLogWorker:Storage Directory /workdir/hadoop-ozone/integration-test/target/test-dir/MiniOzoneClusterImpl-a1b41923-72f3-42e0-8473-59a9e2cbbac3/datanode-1/data/ratis/d88163a6-946b-49f8-8a53-875207b6e3cf: Starting segment from index:0
2019-09-19 11:16:44,210 [e4ce95b5-80fa-473f-aa0f-54361613bedb:group-875207B6E3CF:LeaderElection43] INFO  impl.RaftServerImpl (ServerState.java:setRaftConf(361)) - e4ce95b5-80fa-473f-aa0f-54361613bedb:group-875207B6E3CF set configuration 0: [e4ce95b5-80fa-473f-aa0f-54361613bedb:192.168.157.226:37805], old=null at 0
2019-09-19 11:16:44,259 [e4ce95b5-80fa-473f-aa0f-54361613bedb-SegmentedRaftLogWorker:Storage Directory /workdir/hadoop-ozone/integration-test/target/test-dir/MiniOzoneClusterImpl-a1b41923-72f3-42e0-8473-59a9e2cbbac3/datanode-1/data/ratis/d88163a6-946b-49f8-8a53-875207b6e3cf] INFO  segmented.SegmentedRaftLogWorker (SegmentedRaftLogWorker.java:execute(569)) - e4ce95b5-80fa-473f-aa0f-54361613bedb-SegmentedRaftLogWorker:Storage Directory /workdir/hadoop-ozone/integration-test/target/test-dir/MiniOzoneClusterImpl-a1b41923-72f3-42e0-8473-59a9e2cbbac3/datanode-1/data/ratis/d88163a6-946b-49f8-8a53-875207b6e3cf: created new log segment /workdir/hadoop-ozone/integration-test/target/test-dir/MiniOzoneClusterImpl-a1b41923-72f3-42e0-8473-59a9e2cbbac3/datanode-1/data/ratis/d88163a6-946b-49f8-8a53-875207b6e3cf/current/log_inprogress_0
2019-09-19 11:16:44,262 [Thread-726] INFO  impl.FollowerState (FollowerState.java:run(106)) - e4ce95b5-80fa-473f-aa0f-54361613bedb:group-139ECB871E46 changes to CANDIDATE, lastRpcTime:5054, electionTimeout:5054ms
2019-09-19 11:16:44,262 [Thread-726] INFO  impl.RoleInfo (RoleInfo.java:shutdownFollowerState(121)) - e4ce95b5-80fa-473f-aa0f-54361613bedb: shutdown FollowerState
2019-09-19 11:16:44,262 [Thread-726] INFO  impl.RaftServerImpl (RaftServerImpl.java:setRole(171)) - e4ce95b5-80fa-473f-aa0f-54361613bedb:group-139ECB871E46 changes role from FOLLOWER to CANDIDATE at term 0 for changeToCandidate
2019-09-19 11:16:44,262 [Thread-726] INFO  impl.RoleInfo (RoleInfo.java:updateAndGet(143)) - e4ce95b5-80fa-473f-aa0f-54361613bedb: start LeaderElection
2019-09-19 11:16:44,273 [e4ce95b5-80fa-473f-aa0f-54361613bedb:group-139ECB871E46:LeaderElection44] INFO  impl.LeaderElection (LeaderElection.java:askForVotes(181)) - e4ce95b5-80fa-473f-aa0f-54361613bedb:group-139ECB871E46:LeaderElection44: begin an election at term 1 for -1: [e4ce95b5-80fa-473f-aa0f-54361613bedb:192.168.157.226:37805], old=null
2019-09-19 11:16:44,273 [e4ce95b5-80fa-473f-aa0f-54361613bedb:group-139ECB871E46:LeaderElection44] INFO  impl.RoleInfo (RoleInfo.java:shutdownLeaderElection(134)) - e4ce95b5-80fa-473f-aa0f-54361613bedb: shutdown LeaderElection
2019-09-19 11:16:44,273 [e4ce95b5-80fa-473f-aa0f-54361613bedb:group-139ECB871E46:LeaderElection44] INFO  impl.RaftServerImpl (RaftServerImpl.java:setRole(171)) - e4ce95b5-80fa-473f-aa0f-54361613bedb:group-139ECB871E46 changes role from CANDIDATE to LEADER at term 1 for changeToLeader
2019-09-19 11:16:44,273 [e4ce95b5-80fa-473f-aa0f-54361613bedb:group-139ECB871E46:LeaderElection44] INFO  impl.RaftServerImpl (ServerState.java:setLeader(263)) - e4ce95b5-80fa-473f-aa0f-54361613bedb:group-139ECB871E46 change Leader from null to e4ce95b5-80fa-473f-aa0f-54361613bedb at term 1 for becomeLeader, leader elected after 5069ms
2019-09-19 11:16:44,273 [e4ce95b5-80fa-473f-aa0f-54361613bedb:group-139ECB871E46:LeaderElection44] INFO  server.RaftServerConfigKeys (ConfUtils.java:logGet(43)) - raft.server.staging.catchup.gap = 1000 (default)
2019-09-19 11:16:44,274 [e4ce95b5-80fa-473f-aa0f-54361613bedb:group-139ECB871E46:LeaderElection44] INFO  server.RaftServerConfigKeys (ConfUtils.java:logGet(43)) - raft.server.rpc.sleep.time = 25ms (default)
2019-09-19 11:16:44,274 [e4ce95b5-80fa-473f-aa0f-54361613bedb:group-139ECB871E46:LeaderElection44] INFO  server.RaftServerConfigKeys (ConfUtils.java:logGet(43)) - raft.server.write.element-limit = 4096 (default)
2019-09-19 11:16:44,274 [e4ce95b5-80fa-473f-aa0f-54361613bedb:group-139ECB871E46:LeaderElection44] INFO  server.RaftServerConfigKeys (ConfUtils.java:logGet(43)) - raft.server.watch.timeout = 10s (default)
2019-09-19 11:16:44,274 [e4ce95b5-80fa-473f-aa0f-54361613bedb:group-139ECB871E46:LeaderElection44] INFO  server.RaftServerConfigKeys (ConfUtils.java:logGet(43)) - raft.server.watch.timeout.denomination = 1s (default)
2019-09-19 11:16:44,274 [e4ce95b5-80fa-473f-aa0f-54361613bedb:group-139ECB871E46:LeaderElection44] INFO  server.RaftServerConfigKeys (ConfUtils.java:logGet(43)) - raft.server.watch.element-limit = 65536 (default)
2019-09-19 11:16:44,275 [e4ce95b5-80fa-473f-aa0f-54361613bedb:group-139ECB871E46:LeaderElection44] INFO  impl.RoleInfo (RoleInfo.java:updateAndGet(143)) - e4ce95b5-80fa-473f-aa0f-54361613bedb: start LeaderState
2019-09-19 11:16:44,275 [e4ce95b5-80fa-473f-aa0f-54361613bedb:group-139ECB871E46:LeaderElection44] INFO  segmented.SegmentedRaftLogWorker (SegmentedRaftLogWorker.java:startLogSegment(380)) - e4ce95b5-80fa-473f-aa0f-54361613bedb-SegmentedRaftLogWorker:Storage Directory /workdir/hadoop-ozone/integration-test/target/test-dir/MiniOzoneClusterImpl-a1b41923-72f3-42e0-8473-59a9e2cbbac3/datanode-1/data/ratis/de13494b-5d5f-4246-9bbc-139ecb871e46: Starting segment from index:0
2019-09-19 11:16:44,275 [e4ce95b5-80fa-473f-aa0f-54361613bedb:group-139ECB871E46:LeaderElection44] INFO  impl.RaftServerImpl (ServerState.java:setRaftConf(361)) - e4ce95b5-80fa-473f-aa0f-54361613bedb:group-139ECB871E46 set configuration 0: [e4ce95b5-80fa-473f-aa0f-54361613bedb:192.168.157.226:37805], old=null at 0
2019-09-19 11:16:44,317 [e4ce95b5-80fa-473f-aa0f-54361613bedb-SegmentedRaftLogWorker:Storage Directory /workdir/hadoop-ozone/integration-test/target/test-dir/MiniOzoneClusterImpl-a1b41923-72f3-42e0-8473-59a9e2cbbac3/datanode-1/data/ratis/de13494b-5d5f-4246-9bbc-139ecb871e46] INFO  segmented.SegmentedRaftLogWorker (SegmentedRaftLogWorker.java:execute(569)) - e4ce95b5-80fa-473f-aa0f-54361613bedb-SegmentedRaftLogWorker:Storage Directory /workdir/hadoop-ozone/integration-test/target/test-dir/MiniOzoneClusterImpl-a1b41923-72f3-42e0-8473-59a9e2cbbac3/datanode-1/data/ratis/de13494b-5d5f-4246-9bbc-139ecb871e46: created new log segment /workdir/hadoop-ozone/integration-test/target/test-dir/MiniOzoneClusterImpl-a1b41923-72f3-42e0-8473-59a9e2cbbac3/datanode-1/data/ratis/de13494b-5d5f-4246-9bbc-139ecb871e46/current/log_inprogress_0
2019-09-19 11:16:44,340 [Thread-729] INFO  impl.FollowerState (FollowerState.java:run(106)) - e4ce95b5-80fa-473f-aa0f-54361613bedb:group-C7CCCC713EE1 changes to CANDIDATE, lastRpcTime:5093, electionTimeout:5093ms
2019-09-19 11:16:44,341 [Thread-729] INFO  impl.RoleInfo (RoleInfo.java:shutdownFollowerState(121)) - e4ce95b5-80fa-473f-aa0f-54361613bedb: shutdown FollowerState
2019-09-19 11:16:44,341 [Thread-732] INFO  impl.FollowerState (FollowerState.java:run(106)) - e4ce95b5-80fa-473f-aa0f-54361613bedb:group-0F51E9640B26 changes to CANDIDATE, lastRpcTime:5051, electionTimeout:5051ms
2019-09-19 11:16:44,341 [Thread-729] INFO  impl.RaftServerImpl (RaftServerImpl.java:setRole(171)) - e4ce95b5-80fa-473f-aa0f-54361613bedb:group-C7CCCC713EE1 changes role from FOLLOWER to CANDIDATE at term 0 for changeToCandidate
2019-09-19 11:16:44,341 [Thread-732] INFO  impl.RoleInfo (RoleInfo.java:shutdownFollowerState(121)) - e4ce95b5-80fa-473f-aa0f-54361613bedb: shutdown FollowerState
2019-09-19 11:16:44,341 [Thread-729] INFO  impl.RoleInfo (RoleInfo.java:updateAndGet(143)) - e4ce95b5-80fa-473f-aa0f-54361613bedb: start LeaderElection
2019-09-19 11:16:44,341 [Thread-732] INFO  impl.RaftServerImpl (RaftServerImpl.java:setRole(171)) - e4ce95b5-80fa-473f-aa0f-54361613bedb:group-0F51E9640B26 changes role from FOLLOWER to CANDIDATE at term 0 for changeToCandidate
2019-09-19 11:16:44,341 [Thread-732] INFO  impl.RoleInfo (RoleInfo.java:updateAndGet(143)) - e4ce95b5-80fa-473f-aa0f-54361613bedb: start LeaderElection
2019-09-19 11:16:44,358 [e4ce95b5-80fa-473f-aa0f-54361613bedb:group-0F51E9640B26:LeaderElection46] INFO  impl.LeaderElection (LeaderElection.java:askForVotes(181)) - e4ce95b5-80fa-473f-aa0f-54361613bedb:group-0F51E9640B26:LeaderElection46: begin an election at term 1 for -1: [e4ce95b5-80fa-473f-aa0f-54361613bedb:192.168.157.226:37805], old=null
2019-09-19 11:16:44,358 [e4ce95b5-80fa-473f-aa0f-54361613bedb:group-C7CCCC713EE1:LeaderElection45] INFO  impl.LeaderElection (LeaderElection.java:askForVotes(181)) - e4ce95b5-80fa-473f-aa0f-54361613bedb:group-C7CCCC713EE1:LeaderElection45: begin an election at term 1 for -1: [e4ce95b5-80fa-473f-aa0f-54361613bedb:192.168.157.226:37805], old=null
2019-09-19 11:16:44,359 [e4ce95b5-80fa-473f-aa0f-54361613bedb:group-0F51E9640B26:LeaderElection46] INFO  impl.RoleInfo (RoleInfo.java:shutdownLeaderElection(134)) - e4ce95b5-80fa-473f-aa0f-54361613bedb: shutdown LeaderElection
2019-09-19 11:16:44,359 [e4ce95b5-80fa-473f-aa0f-54361613bedb:group-C7CCCC713EE1:LeaderElection45] INFO  impl.RoleInfo (RoleInfo.java:shutdownLeaderElection(134)) - e4ce95b5-80fa-473f-aa0f-54361613bedb: shutdown LeaderElection
2019-09-19 11:16:44,359 [e4ce95b5-80fa-473f-aa0f-54361613bedb:group-0F51E9640B26:LeaderElection46] INFO  impl.RaftServerImpl (RaftServerImpl.java:setRole(171)) - e4ce95b5-80fa-473f-aa0f-54361613bedb:group-0F51E9640B26 changes role from CANDIDATE to LEADER at term 1 for changeToLeader
2019-09-19 11:16:44,359 [e4ce95b5-80fa-473f-aa0f-54361613bedb:group-C7CCCC713EE1:LeaderElection45] INFO  impl.RaftServerImpl (RaftServerImpl.java:setRole(171)) - e4ce95b5-80fa-473f-aa0f-54361613bedb:group-C7CCCC713EE1 changes role from CANDIDATE to LEADER at term 1 for changeToLeader
2019-09-19 11:16:44,359 [e4ce95b5-80fa-473f-aa0f-54361613bedb:group-0F51E9640B26:LeaderElection46] INFO  impl.RaftServerImpl (ServerState.java:setLeader(263)) - e4ce95b5-80fa-473f-aa0f-54361613bedb:group-0F51E9640B26 change Leader from null to e4ce95b5-80fa-473f-aa0f-54361613bedb at term 1 for becomeLeader, leader elected after 5073ms
2019-09-19 11:16:44,359 [e4ce95b5-80fa-473f-aa0f-54361613bedb:group-C7CCCC713EE1:LeaderElection45] INFO  impl.RaftServerImpl (ServerState.java:setLeader(263)) - e4ce95b5-80fa-473f-aa0f-54361613bedb:group-C7CCCC713EE1 change Leader from null to e4ce95b5-80fa-473f-aa0f-54361613bedb at term 1 for becomeLeader, leader elected after 5115ms
2019-09-19 11:16:44,359 [e4ce95b5-80fa-473f-aa0f-54361613bedb:group-0F51E9640B26:LeaderElection46] INFO  server.RaftServerConfigKeys (ConfUtils.java:logGet(43)) - raft.server.staging.catchup.gap = 1000 (default)
2019-09-19 11:16:44,359 [e4ce95b5-80fa-473f-aa0f-54361613bedb:group-C7CCCC713EE1:LeaderElection45] INFO  server.RaftServerConfigKeys (ConfUtils.java:logGet(43)) - raft.server.staging.catchup.gap = 1000 (default)
2019-09-19 11:16:44,359 [e4ce95b5-80fa-473f-aa0f-54361613bedb:group-0F51E9640B26:LeaderElection46] INFO  server.RaftServerConfigKeys (ConfUtils.java:logGet(43)) - raft.server.rpc.sleep.time = 25ms (default)
2019-09-19 11:16:44,360 [e4ce95b5-80fa-473f-aa0f-54361613bedb:group-C7CCCC713EE1:LeaderElection45] INFO  server.RaftServerConfigKeys (ConfUtils.java:logGet(43)) - raft.server.rpc.sleep.time = 25ms (default)
2019-09-19 11:16:44,360 [e4ce95b5-80fa-473f-aa0f-54361613bedb:group-0F51E9640B26:LeaderElection46] INFO  server.RaftServerConfigKeys (ConfUtils.java:logGet(43)) - raft.server.write.element-limit = 4096 (default)
2019-09-19 11:16:44,360 [e4ce95b5-80fa-473f-aa0f-54361613bedb:group-C7CCCC713EE1:LeaderElection45] INFO  server.RaftServerConfigKeys (ConfUtils.java:logGet(43)) - raft.server.write.element-limit = 4096 (default)
2019-09-19 11:16:44,360 [e4ce95b5-80fa-473f-aa0f-54361613bedb:group-0F51E9640B26:LeaderElection46] INFO  server.RaftServerConfigKeys (ConfUtils.java:logGet(43)) - raft.server.watch.timeout = 10s (default)
2019-09-19 11:16:44,360 [e4ce95b5-80fa-473f-aa0f-54361613bedb:group-C7CCCC713EE1:LeaderElection45] INFO  server.RaftServerConfigKeys (ConfUtils.java:logGet(43)) - raft.server.watch.timeout = 10s (default)
2019-09-19 11:16:44,360 [e4ce95b5-80fa-473f-aa0f-54361613bedb:group-0F51E9640B26:LeaderElection46] INFO  server.RaftServerConfigKeys (ConfUtils.java:logGet(43)) - raft.server.watch.timeout.denomination = 1s (default)
2019-09-19 11:16:44,360 [e4ce95b5-80fa-473f-aa0f-54361613bedb:group-C7CCCC713EE1:LeaderElection45] INFO  server.RaftServerConfigKeys (ConfUtils.java:logGet(43)) - raft.server.watch.timeout.denomination = 1s (default)
2019-09-19 11:16:44,360 [e4ce95b5-80fa-473f-aa0f-54361613bedb:group-0F51E9640B26:LeaderElection46] INFO  server.RaftServerConfigKeys (ConfUtils.java:logGet(43)) - raft.server.watch.element-limit = 65536 (default)
2019-09-19 11:16:44,360 [e4ce95b5-80fa-473f-aa0f-54361613bedb:group-C7CCCC713EE1:LeaderElection45] INFO  server.RaftServerConfigKeys (ConfUtils.java:logGet(43)) - raft.server.watch.element-limit = 65536 (default)
2019-09-19 11:16:44,361 [e4ce95b5-80fa-473f-aa0f-54361613bedb:group-0F51E9640B26:LeaderElection46] INFO  impl.RoleInfo (RoleInfo.java:updateAndGet(143)) - e4ce95b5-80fa-473f-aa0f-54361613bedb: start LeaderState
2019-09-19 11:16:44,361 [e4ce95b5-80fa-473f-aa0f-54361613bedb:group-C7CCCC713EE1:LeaderElection45] INFO  impl.RoleInfo (RoleInfo.java:updateAndGet(143)) - e4ce95b5-80fa-473f-aa0f-54361613bedb: start LeaderState
2019-09-19 11:16:44,361 [e4ce95b5-80fa-473f-aa0f-54361613bedb:group-0F51E9640B26:LeaderElection46] INFO  segmented.SegmentedRaftLogWorker (SegmentedRaftLogWorker.java:startLogSegment(380)) - e4ce95b5-80fa-473f-aa0f-54361613bedb-SegmentedRaftLogWorker:Storage Directory /workdir/hadoop-ozone/integration-test/target/test-dir/MiniOzoneClusterImpl-a1b41923-72f3-42e0-8473-59a9e2cbbac3/datanode-1/data/ratis/40e84801-ac88-4255-b280-0f51e9640b26: Starting segment from index:0
2019-09-19 11:16:44,361 [e4ce95b5-80fa-473f-aa0f-54361613bedb:group-C7CCCC713EE1:LeaderElection45] INFO  segmented.SegmentedRaftLogWorker (SegmentedRaftLogWorker.java:startLogSegment(380)) - e4ce95b5-80fa-473f-aa0f-54361613bedb-SegmentedRaftLogWorker:Storage Directory /workdir/hadoop-ozone/integration-test/target/test-dir/MiniOzoneClusterImpl-a1b41923-72f3-42e0-8473-59a9e2cbbac3/datanode-1/data/ratis/37d42998-8607-44dd-b767-c7cccc713ee1: Starting segment from index:0
2019-09-19 11:16:44,361 [e4ce95b5-80fa-473f-aa0f-54361613bedb:group-0F51E9640B26:LeaderElection46] INFO  impl.RaftServerImpl (ServerState.java:setRaftConf(361)) - e4ce95b5-80fa-473f-aa0f-54361613bedb:group-0F51E9640B26 set configuration 0: [e4ce95b5-80fa-473f-aa0f-54361613bedb:192.168.157.226:37805], old=null at 0
2019-09-19 11:16:44,398 [e4ce95b5-80fa-473f-aa0f-54361613bedb:group-C7CCCC713EE1:LeaderElection45] INFO  impl.RaftServerImpl (ServerState.java:setRaftConf(361)) - e4ce95b5-80fa-473f-aa0f-54361613bedb:group-C7CCCC713EE1 set configuration 0: [e4ce95b5-80fa-473f-aa0f-54361613bedb:192.168.157.226:37805], old=null at 0
2019-09-19 11:16:44,401 | INFO  | SCMAudit | user=jenkins1000 | ip=192.168.157.226 | op=SEND_HEARTBEAT {datanodeUUID=d7fad138-c66e-4dac-aa7f-32cef276c0fb, command=[]} | ret=SUCCESS |  
2019-09-19 11:16:44,410 [e4ce95b5-80fa-473f-aa0f-54361613bedb-SegmentedRaftLogWorker:Storage Directory /workdir/hadoop-ozone/integration-test/target/test-dir/MiniOzoneClusterImpl-a1b41923-72f3-42e0-8473-59a9e2cbbac3/datanode-1/data/ratis/40e84801-ac88-4255-b280-0f51e9640b26] INFO  segmented.SegmentedRaftLogWorker (SegmentedRaftLogWorker.java:execute(569)) - e4ce95b5-80fa-473f-aa0f-54361613bedb-SegmentedRaftLogWorker:Storage Directory /workdir/hadoop-ozone/integration-test/target/test-dir/MiniOzoneClusterImpl-a1b41923-72f3-42e0-8473-59a9e2cbbac3/datanode-1/data/ratis/40e84801-ac88-4255-b280-0f51e9640b26: created new log segment /workdir/hadoop-ozone/integration-test/target/test-dir/MiniOzoneClusterImpl-a1b41923-72f3-42e0-8473-59a9e2cbbac3/datanode-1/data/ratis/40e84801-ac88-4255-b280-0f51e9640b26/current/log_inprogress_0
2019-09-19 11:16:44,410 [e4ce95b5-80fa-473f-aa0f-54361613bedb-SegmentedRaftLogWorker:Storage Directory /workdir/hadoop-ozone/integration-test/target/test-dir/MiniOzoneClusterImpl-a1b41923-72f3-42e0-8473-59a9e2cbbac3/datanode-1/data/ratis/37d42998-8607-44dd-b767-c7cccc713ee1] INFO  segmented.SegmentedRaftLogWorker (SegmentedRaftLogWorker.java:execute(569)) - e4ce95b5-80fa-473f-aa0f-54361613bedb-SegmentedRaftLogWorker:Storage Directory /workdir/hadoop-ozone/integration-test/target/test-dir/MiniOzoneClusterImpl-a1b41923-72f3-42e0-8473-59a9e2cbbac3/datanode-1/data/ratis/37d42998-8607-44dd-b767-c7cccc713ee1: created new log segment /workdir/hadoop-ozone/integration-test/target/test-dir/MiniOzoneClusterImpl-a1b41923-72f3-42e0-8473-59a9e2cbbac3/datanode-1/data/ratis/37d42998-8607-44dd-b767-c7cccc713ee1/current/log_inprogress_0
2019-09-19 11:16:44,426 [Thread-738] INFO  impl.FollowerState (FollowerState.java:run(106)) - e4ce95b5-80fa-473f-aa0f-54361613bedb:group-A19D2DC0D590 changes to CANDIDATE, lastRpcTime:5051, electionTimeout:5049ms
2019-09-19 11:16:44,426 [Thread-738] INFO  impl.RoleInfo (RoleInfo.java:shutdownFollowerState(121)) - e4ce95b5-80fa-473f-aa0f-54361613bedb: shutdown FollowerState
2019-09-19 11:16:44,426 [Thread-738] INFO  impl.RaftServerImpl (RaftServerImpl.java:setRole(171)) - e4ce95b5-80fa-473f-aa0f-54361613bedb:group-A19D2DC0D590 changes role from FOLLOWER to CANDIDATE at term 0 for changeToCandidate
2019-09-19 11:16:44,426 [Thread-738] INFO  impl.RoleInfo (RoleInfo.java:updateAndGet(143)) - e4ce95b5-80fa-473f-aa0f-54361613bedb: start LeaderElection
2019-09-19 11:16:44,442 [e4ce95b5-80fa-473f-aa0f-54361613bedb:group-A19D2DC0D590:LeaderElection47] INFO  impl.LeaderElection (LeaderElection.java:askForVotes(181)) - e4ce95b5-80fa-473f-aa0f-54361613bedb:group-A19D2DC0D590:LeaderElection47: begin an election at term 1 for -1: [e4ce95b5-80fa-473f-aa0f-54361613bedb:192.168.157.226:37805], old=null
2019-09-19 11:16:44,443 [e4ce95b5-80fa-473f-aa0f-54361613bedb:group-A19D2DC0D590:LeaderElection47] INFO  impl.RoleInfo (RoleInfo.java:shutdownLeaderElection(134)) - e4ce95b5-80fa-473f-aa0f-54361613bedb: shutdown LeaderElection
2019-09-19 11:16:44,443 [e4ce95b5-80fa-473f-aa0f-54361613bedb:group-A19D2DC0D590:LeaderElection47] INFO  impl.RaftServerImpl (RaftServerImpl.java:setRole(171)) - e4ce95b5-80fa-473f-aa0f-54361613bedb:group-A19D2DC0D590 changes role from CANDIDATE to LEADER at term 1 for changeToLeader
2019-09-19 11:16:44,443 [e4ce95b5-80fa-473f-aa0f-54361613bedb:group-A19D2DC0D590:LeaderElection47] INFO  impl.RaftServerImpl (ServerState.java:setLeader(263)) - e4ce95b5-80fa-473f-aa0f-54361613bedb:group-A19D2DC0D590 change Leader from null to e4ce95b5-80fa-473f-aa0f-54361613bedb at term 1 for becomeLeader, leader elected after 5070ms
2019-09-19 11:16:44,443 [e4ce95b5-80fa-473f-aa0f-54361613bedb:group-A19D2DC0D590:LeaderElection47] INFO  server.RaftServerConfigKeys (ConfUtils.java:logGet(43)) - raft.server.staging.catchup.gap = 1000 (default)
2019-09-19 11:16:44,443 [e4ce95b5-80fa-473f-aa0f-54361613bedb:group-A19D2DC0D590:LeaderElection47] INFO  server.RaftServerConfigKeys (ConfUtils.java:logGet(43)) - raft.server.rpc.sleep.time = 25ms (default)
2019-09-19 11:16:44,443 [e4ce95b5-80fa-473f-aa0f-54361613bedb:group-A19D2DC0D590:LeaderElection47] INFO  server.RaftServerConfigKeys (ConfUtils.java:logGet(43)) - raft.server.write.element-limit = 4096 (default)
2019-09-19 11:16:44,443 [e4ce95b5-80fa-473f-aa0f-54361613bedb:group-A19D2DC0D590:LeaderElection47] INFO  server.RaftServerConfigKeys (ConfUtils.java:logGet(43)) - raft.server.watch.timeout = 10s (default)
2019-09-19 11:16:44,443 [e4ce95b5-80fa-473f-aa0f-54361613bedb:group-A19D2DC0D590:LeaderElection47] INFO  server.RaftServerConfigKeys (ConfUtils.java:logGet(43)) - raft.server.watch.timeout.denomination = 1s (default)
2019-09-19 11:16:44,444 [e4ce95b5-80fa-473f-aa0f-54361613bedb:group-A19D2DC0D590:LeaderElection47] INFO  server.RaftServerConfigKeys (ConfUtils.java:logGet(43)) - raft.server.watch.element-limit = 65536 (default)
2019-09-19 11:16:44,444 [e4ce95b5-80fa-473f-aa0f-54361613bedb:group-A19D2DC0D590:LeaderElection47] INFO  impl.RoleInfo (RoleInfo.java:updateAndGet(143)) - e4ce95b5-80fa-473f-aa0f-54361613bedb: start LeaderState
2019-09-19 11:16:44,444 [e4ce95b5-80fa-473f-aa0f-54361613bedb:group-A19D2DC0D590:LeaderElection47] INFO  segmented.SegmentedRaftLogWorker (SegmentedRaftLogWorker.java:startLogSegment(380)) - e4ce95b5-80fa-473f-aa0f-54361613bedb-SegmentedRaftLogWorker:Storage Directory /workdir/hadoop-ozone/integration-test/target/test-dir/MiniOzoneClusterImpl-a1b41923-72f3-42e0-8473-59a9e2cbbac3/datanode-1/data/ratis/7b29d3cf-2524-42f7-96f4-a19d2dc0d590: Starting segment from index:0
2019-09-19 11:16:44,445 [e4ce95b5-80fa-473f-aa0f-54361613bedb:group-A19D2DC0D590:LeaderElection47] INFO  impl.RaftServerImpl (ServerState.java:setRaftConf(361)) - e4ce95b5-80fa-473f-aa0f-54361613bedb:group-A19D2DC0D590 set configuration 0: [e4ce95b5-80fa-473f-aa0f-54361613bedb:192.168.157.226:37805], old=null at 0
2019-09-19 11:16:44,488 [Thread-735] INFO  impl.FollowerState (FollowerState.java:run(106)) - e4ce95b5-80fa-473f-aa0f-54361613bedb:group-B072986B2E81 changes to CANDIDATE, lastRpcTime:5154, electionTimeout:5154ms
2019-09-19 11:16:44,488 [Thread-735] INFO  impl.RoleInfo (RoleInfo.java:shutdownFollowerState(121)) - e4ce95b5-80fa-473f-aa0f-54361613bedb: shutdown FollowerState
2019-09-19 11:16:44,489 [Thread-735] INFO  impl.RaftServerImpl (RaftServerImpl.java:setRole(171)) - e4ce95b5-80fa-473f-aa0f-54361613bedb:group-B072986B2E81 changes role from FOLLOWER to CANDIDATE at term 0 for changeToCandidate
2019-09-19 11:16:44,489 [Thread-735] INFO  impl.RoleInfo (RoleInfo.java:updateAndGet(143)) - e4ce95b5-80fa-473f-aa0f-54361613bedb: start LeaderElection
2019-09-19 11:16:44,489 [e4ce95b5-80fa-473f-aa0f-54361613bedb-SegmentedRaftLogWorker:Storage Directory /workdir/hadoop-ozone/integration-test/target/test-dir/MiniOzoneClusterImpl-a1b41923-72f3-42e0-8473-59a9e2cbbac3/datanode-1/data/ratis/7b29d3cf-2524-42f7-96f4-a19d2dc0d590] INFO  segmented.SegmentedRaftLogWorker (SegmentedRaftLogWorker.java:execute(569)) - e4ce95b5-80fa-473f-aa0f-54361613bedb-SegmentedRaftLogWorker:Storage Directory /workdir/hadoop-ozone/integration-test/target/test-dir/MiniOzoneClusterImpl-a1b41923-72f3-42e0-8473-59a9e2cbbac3/datanode-1/data/ratis/7b29d3cf-2524-42f7-96f4-a19d2dc0d590: created new log segment /workdir/hadoop-ozone/integration-test/target/test-dir/MiniOzoneClusterImpl-a1b41923-72f3-42e0-8473-59a9e2cbbac3/datanode-1/data/ratis/7b29d3cf-2524-42f7-96f4-a19d2dc0d590/current/log_inprogress_0
2019-09-19 11:16:44,504 [e4ce95b5-80fa-473f-aa0f-54361613bedb:group-B072986B2E81:LeaderElection48] INFO  impl.LeaderElection (LeaderElection.java:askForVotes(181)) - e4ce95b5-80fa-473f-aa0f-54361613bedb:group-B072986B2E81:LeaderElection48: begin an election at term 1 for -1: [e4ce95b5-80fa-473f-aa0f-54361613bedb:192.168.157.226:37805], old=null
2019-09-19 11:16:44,504 [e4ce95b5-80fa-473f-aa0f-54361613bedb:group-B072986B2E81:LeaderElection48] INFO  impl.RoleInfo (RoleInfo.java:shutdownLeaderElection(134)) - e4ce95b5-80fa-473f-aa0f-54361613bedb: shutdown LeaderElection
2019-09-19 11:16:44,504 [e4ce95b5-80fa-473f-aa0f-54361613bedb:group-B072986B2E81:LeaderElection48] INFO  impl.RaftServerImpl (RaftServerImpl.java:setRole(171)) - e4ce95b5-80fa-473f-aa0f-54361613bedb:group-B072986B2E81 changes role from CANDIDATE to LEADER at term 1 for changeToLeader
2019-09-19 11:16:44,504 [e4ce95b5-80fa-473f-aa0f-54361613bedb:group-B072986B2E81:LeaderElection48] INFO  impl.RaftServerImpl (ServerState.java:setLeader(263)) - e4ce95b5-80fa-473f-aa0f-54361613bedb:group-B072986B2E81 change Leader from null to e4ce95b5-80fa-473f-aa0f-54361613bedb at term 1 for becomeLeader, leader elected after 5175ms
2019-09-19 11:16:44,504 [e4ce95b5-80fa-473f-aa0f-54361613bedb:group-B072986B2E81:LeaderElection48] INFO  server.RaftServerConfigKeys (ConfUtils.java:logGet(43)) - raft.server.staging.catchup.gap = 1000 (default)
2019-09-19 11:16:44,504 [e4ce95b5-80fa-473f-aa0f-54361613bedb:group-B072986B2E81:LeaderElection48] INFO  server.RaftServerConfigKeys (ConfUtils.java:logGet(43)) - raft.server.rpc.sleep.time = 25ms (default)
2019-09-19 11:16:44,505 [e4ce95b5-80fa-473f-aa0f-54361613bedb:group-B072986B2E81:LeaderElection48] INFO  server.RaftServerConfigKeys (ConfUtils.java:logGet(43)) - raft.server.write.element-limit = 4096 (default)
2019-09-19 11:16:44,505 [e4ce95b5-80fa-473f-aa0f-54361613bedb:group-B072986B2E81:LeaderElection48] INFO  server.RaftServerConfigKeys (ConfUtils.java:logGet(43)) - raft.server.watch.timeout = 10s (default)
2019-09-19 11:16:44,505 [e4ce95b5-80fa-473f-aa0f-54361613bedb:group-B072986B2E81:LeaderElection48] INFO  server.RaftServerConfigKeys (ConfUtils.java:logGet(43)) - raft.server.watch.timeout.denomination = 1s (default)
2019-09-19 11:16:44,505 [e4ce95b5-80fa-473f-aa0f-54361613bedb:group-B072986B2E81:LeaderElection48] INFO  server.RaftServerConfigKeys (ConfUtils.java:logGet(43)) - raft.server.watch.element-limit = 65536 (default)
2019-09-19 11:16:44,505 [e4ce95b5-80fa-473f-aa0f-54361613bedb:group-B072986B2E81:LeaderElection48] INFO  impl.RoleInfo (RoleInfo.java:updateAndGet(143)) - e4ce95b5-80fa-473f-aa0f-54361613bedb: start LeaderState
2019-09-19 11:16:44,505 [e4ce95b5-80fa-473f-aa0f-54361613bedb:group-B072986B2E81:LeaderElection48] INFO  segmented.SegmentedRaftLogWorker (SegmentedRaftLogWorker.java:startLogSegment(380)) - e4ce95b5-80fa-473f-aa0f-54361613bedb-SegmentedRaftLogWorker:Storage Directory /workdir/hadoop-ozone/integration-test/target/test-dir/MiniOzoneClusterImpl-a1b41923-72f3-42e0-8473-59a9e2cbbac3/datanode-1/data/ratis/82d4b083-a960-440a-9f3f-b072986b2e81: Starting segment from index:0
2019-09-19 11:16:44,506 [e4ce95b5-80fa-473f-aa0f-54361613bedb:group-B072986B2E81:LeaderElection48] INFO  impl.RaftServerImpl (ServerState.java:setRaftConf(361)) - e4ce95b5-80fa-473f-aa0f-54361613bedb:group-B072986B2E81 set configuration 0: [e4ce95b5-80fa-473f-aa0f-54361613bedb:192.168.157.226:37805], old=null at 0
2019-09-19 11:16:44,541 [Thread-747] INFO  impl.FollowerState (FollowerState.java:run(106)) - d7fad138-c66e-4dac-aa7f-32cef276c0fb:group-8670A879DA45 changes to CANDIDATE, lastRpcTime:5037, electionTimeout:5004ms
2019-09-19 11:16:44,541 [Thread-747] INFO  impl.RoleInfo (RoleInfo.java:shutdownFollowerState(121)) - d7fad138-c66e-4dac-aa7f-32cef276c0fb: shutdown FollowerState
2019-09-19 11:16:44,541 [Thread-747] INFO  impl.RaftServerImpl (RaftServerImpl.java:setRole(171)) - d7fad138-c66e-4dac-aa7f-32cef276c0fb:group-8670A879DA45 changes role from FOLLOWER to CANDIDATE at term 0 for changeToCandidate
2019-09-19 11:16:44,542 [Thread-747] INFO  impl.RoleInfo (RoleInfo.java:updateAndGet(143)) - d7fad138-c66e-4dac-aa7f-32cef276c0fb: start LeaderElection
2019-09-19 11:16:44,554 [e4ce95b5-80fa-473f-aa0f-54361613bedb-SegmentedRaftLogWorker:Storage Directory /workdir/hadoop-ozone/integration-test/target/test-dir/MiniOzoneClusterImpl-a1b41923-72f3-42e0-8473-59a9e2cbbac3/datanode-1/data/ratis/82d4b083-a960-440a-9f3f-b072986b2e81] INFO  segmented.SegmentedRaftLogWorker (SegmentedRaftLogWorker.java:execute(569)) - e4ce95b5-80fa-473f-aa0f-54361613bedb-SegmentedRaftLogWorker:Storage Directory /workdir/hadoop-ozone/integration-test/target/test-dir/MiniOzoneClusterImpl-a1b41923-72f3-42e0-8473-59a9e2cbbac3/datanode-1/data/ratis/82d4b083-a960-440a-9f3f-b072986b2e81: created new log segment /workdir/hadoop-ozone/integration-test/target/test-dir/MiniOzoneClusterImpl-a1b41923-72f3-42e0-8473-59a9e2cbbac3/datanode-1/data/ratis/82d4b083-a960-440a-9f3f-b072986b2e81/current/log_inprogress_0
2019-09-19 11:16:44,554 [d7fad138-c66e-4dac-aa7f-32cef276c0fb:group-8670A879DA45:LeaderElection49] INFO  impl.LeaderElection (LeaderElection.java:askForVotes(181)) - d7fad138-c66e-4dac-aa7f-32cef276c0fb:group-8670A879DA45:LeaderElection49: begin an election at term 1 for -1: [d7fad138-c66e-4dac-aa7f-32cef276c0fb:192.168.157.226:35353], old=null
2019-09-19 11:16:44,555 [d7fad138-c66e-4dac-aa7f-32cef276c0fb:group-8670A879DA45:LeaderElection49] INFO  impl.RoleInfo (RoleInfo.java:shutdownLeaderElection(134)) - d7fad138-c66e-4dac-aa7f-32cef276c0fb: shutdown LeaderElection
2019-09-19 11:16:44,555 [d7fad138-c66e-4dac-aa7f-32cef276c0fb:group-8670A879DA45:LeaderElection49] INFO  impl.RaftServerImpl (RaftServerImpl.java:setRole(171)) - d7fad138-c66e-4dac-aa7f-32cef276c0fb:group-8670A879DA45 changes role from CANDIDATE to LEADER at term 1 for changeToLeader
2019-09-19 11:16:44,555 [d7fad138-c66e-4dac-aa7f-32cef276c0fb:group-8670A879DA45:LeaderElection49] INFO  impl.RaftServerImpl (ServerState.java:setLeader(263)) - d7fad138-c66e-4dac-aa7f-32cef276c0fb:group-8670A879DA45 change Leader from null to d7fad138-c66e-4dac-aa7f-32cef276c0fb at term 1 for becomeLeader, leader elected after 5053ms
2019-09-19 11:16:44,555 [d7fad138-c66e-4dac-aa7f-32cef276c0fb:group-8670A879DA45:LeaderElection49] INFO  server.RaftServerConfigKeys (ConfUtils.java:logGet(43)) - raft.server.staging.catchup.gap = 1000 (default)
2019-09-19 11:16:44,555 [d7fad138-c66e-4dac-aa7f-32cef276c0fb:group-8670A879DA45:LeaderElection49] INFO  server.RaftServerConfigKeys (ConfUtils.java:logGet(43)) - raft.server.rpc.sleep.time = 25ms (default)
2019-09-19 11:16:44,555 [d7fad138-c66e-4dac-aa7f-32cef276c0fb:group-8670A879DA45:LeaderElection49] INFO  server.RaftServerConfigKeys (ConfUtils.java:logGet(43)) - raft.server.write.element-limit = 4096 (default)
2019-09-19 11:16:44,555 [d7fad138-c66e-4dac-aa7f-32cef276c0fb:group-8670A879DA45:LeaderElection49] INFO  server.RaftServerConfigKeys (ConfUtils.java:logGet(43)) - raft.server.watch.timeout = 10s (default)
2019-09-19 11:16:44,555 [d7fad138-c66e-4dac-aa7f-32cef276c0fb:group-8670A879DA45:LeaderElection49] INFO  server.RaftServerConfigKeys (ConfUtils.java:logGet(43)) - raft.server.watch.timeout.denomination = 1s (default)
2019-09-19 11:16:44,555 [d7fad138-c66e-4dac-aa7f-32cef276c0fb:group-8670A879DA45:LeaderElection49] INFO  server.RaftServerConfigKeys (ConfUtils.java:logGet(43)) - raft.server.watch.element-limit = 65536 (default)
2019-09-19 11:16:44,556 [d7fad138-c66e-4dac-aa7f-32cef276c0fb:group-8670A879DA45:LeaderElection49] INFO  impl.RoleInfo (RoleInfo.java:updateAndGet(143)) - d7fad138-c66e-4dac-aa7f-32cef276c0fb: start LeaderState
2019-09-19 11:16:44,556 [d7fad138-c66e-4dac-aa7f-32cef276c0fb:group-8670A879DA45:LeaderElection49] INFO  segmented.SegmentedRaftLogWorker (SegmentedRaftLogWorker.java:startLogSegment(380)) - d7fad138-c66e-4dac-aa7f-32cef276c0fb-SegmentedRaftLogWorker:Storage Directory /workdir/hadoop-ozone/integration-test/target/test-dir/MiniOzoneClusterImpl-a1b41923-72f3-42e0-8473-59a9e2cbbac3/datanode-2/data/ratis/ecf7920f-a179-4ea1-8c63-8670a879da45: Starting segment from index:0
2019-09-19 11:16:44,556 [d7fad138-c66e-4dac-aa7f-32cef276c0fb:group-8670A879DA45:LeaderElection49] INFO  impl.RaftServerImpl (ServerState.java:setRaftConf(361)) - d7fad138-c66e-4dac-aa7f-32cef276c0fb:group-8670A879DA45 set configuration 0: [d7fad138-c66e-4dac-aa7f-32cef276c0fb:192.168.157.226:35353], old=null at 0
2019-09-19 11:16:44,589 [Thread-750] INFO  impl.FollowerState (FollowerState.java:run(106)) - d7fad138-c66e-4dac-aa7f-32cef276c0fb:group-599F9FDA25DE changes to CANDIDATE, lastRpcTime:5045, electionTimeout:5039ms
2019-09-19 11:16:44,589 [Thread-741] INFO  impl.FollowerState (FollowerState.java:run(106)) - d7fad138-c66e-4dac-aa7f-32cef276c0fb:group-762ABF295281 changes to CANDIDATE, lastRpcTime:5165, electionTimeout:5132ms
2019-09-19 11:16:44,589 [Thread-744] INFO  impl.FollowerState (FollowerState.java:run(106)) - d7fad138-c66e-4dac-aa7f-32cef276c0fb:group-F92D146D9A4A changes to CANDIDATE, lastRpcTime:5125, electionTimeout:5108ms
2019-09-19 11:16:44,589 [Thread-741] INFO  impl.RoleInfo (RoleInfo.java:shutdownFollowerState(121)) - d7fad138-c66e-4dac-aa7f-32cef276c0fb: shutdown FollowerState
2019-09-19 11:16:44,589 [Thread-750] INFO  impl.RoleInfo (RoleInfo.java:shutdownFollowerState(121)) - d7fad138-c66e-4dac-aa7f-32cef276c0fb: shutdown FollowerState
2019-09-19 11:16:44,590 [Thread-741] INFO  impl.RaftServerImpl (RaftServerImpl.java:setRole(171)) - d7fad138-c66e-4dac-aa7f-32cef276c0fb:group-762ABF295281 changes role from FOLLOWER to CANDIDATE at term 0 for changeToCandidate
2019-09-19 11:16:44,589 [Thread-744] INFO  impl.RoleInfo (RoleInfo.java:shutdownFollowerState(121)) - d7fad138-c66e-4dac-aa7f-32cef276c0fb: shutdown FollowerState
2019-09-19 11:16:44,590 [Thread-741] INFO  impl.RoleInfo (RoleInfo.java:updateAndGet(143)) - d7fad138-c66e-4dac-aa7f-32cef276c0fb: start LeaderElection
2019-09-19 11:16:44,590 [Thread-750] INFO  impl.RaftServerImpl (RaftServerImpl.java:setRole(171)) - d7fad138-c66e-4dac-aa7f-32cef276c0fb:group-599F9FDA25DE changes role from FOLLOWER to CANDIDATE at term 0 for changeToCandidate
2019-09-19 11:16:44,590 [Thread-744] INFO  impl.RaftServerImpl (RaftServerImpl.java:setRole(171)) - d7fad138-c66e-4dac-aa7f-32cef276c0fb:group-F92D146D9A4A changes role from FOLLOWER to CANDIDATE at term 0 for changeToCandidate
2019-09-19 11:16:44,590 [Thread-750] INFO  impl.RoleInfo (RoleInfo.java:updateAndGet(143)) - d7fad138-c66e-4dac-aa7f-32cef276c0fb: start LeaderElection
2019-09-19 11:16:44,591 [Thread-744] INFO  impl.RoleInfo (RoleInfo.java:updateAndGet(143)) - d7fad138-c66e-4dac-aa7f-32cef276c0fb: start LeaderElection
2019-09-19 11:16:44,600 [Thread-753] INFO  impl.FollowerState (FollowerState.java:run(106)) - d7fad138-c66e-4dac-aa7f-32cef276c0fb:group-89D8D82F6542 changes to CANDIDATE, lastRpcTime:5015, electionTimeout:5015ms
2019-09-19 11:16:44,600 [Thread-753] INFO  impl.RoleInfo (RoleInfo.java:shutdownFollowerState(121)) - d7fad138-c66e-4dac-aa7f-32cef276c0fb: shutdown FollowerState
2019-09-19 11:16:44,600 [Thread-753] INFO  impl.RaftServerImpl (RaftServerImpl.java:setRole(171)) - d7fad138-c66e-4dac-aa7f-32cef276c0fb:group-89D8D82F6542 changes role from FOLLOWER to CANDIDATE at term 0 for changeToCandidate
2019-09-19 11:16:44,600 [Thread-753] INFO  impl.RoleInfo (RoleInfo.java:updateAndGet(143)) - d7fad138-c66e-4dac-aa7f-32cef276c0fb: start LeaderElection
2019-09-19 11:16:44,602 [d7fad138-c66e-4dac-aa7f-32cef276c0fb-SegmentedRaftLogWorker:Storage Directory /workdir/hadoop-ozone/integration-test/target/test-dir/MiniOzoneClusterImpl-a1b41923-72f3-42e0-8473-59a9e2cbbac3/datanode-2/data/ratis/ecf7920f-a179-4ea1-8c63-8670a879da45] INFO  segmented.SegmentedRaftLogWorker (SegmentedRaftLogWorker.java:execute(569)) - d7fad138-c66e-4dac-aa7f-32cef276c0fb-SegmentedRaftLogWorker:Storage Directory /workdir/hadoop-ozone/integration-test/target/test-dir/MiniOzoneClusterImpl-a1b41923-72f3-42e0-8473-59a9e2cbbac3/datanode-2/data/ratis/ecf7920f-a179-4ea1-8c63-8670a879da45: created new log segment /workdir/hadoop-ozone/integration-test/target/test-dir/MiniOzoneClusterImpl-a1b41923-72f3-42e0-8473-59a9e2cbbac3/datanode-2/data/ratis/ecf7920f-a179-4ea1-8c63-8670a879da45/current/log_inprogress_0
2019-09-19 11:16:44,603 [d7fad138-c66e-4dac-aa7f-32cef276c0fb:group-F92D146D9A4A:LeaderElection52] INFO  impl.LeaderElection (LeaderElection.java:askForVotes(181)) - d7fad138-c66e-4dac-aa7f-32cef276c0fb:group-F92D146D9A4A:LeaderElection52: begin an election at term 1 for -1: [d7fad138-c66e-4dac-aa7f-32cef276c0fb:192.168.157.226:35353], old=null
2019-09-19 11:16:44,603 [d7fad138-c66e-4dac-aa7f-32cef276c0fb:group-599F9FDA25DE:LeaderElection51] INFO  impl.LeaderElection (LeaderElection.java:askForVotes(181)) - d7fad138-c66e-4dac-aa7f-32cef276c0fb:group-599F9FDA25DE:LeaderElection51: begin an election at term 1 for -1: [d7fad138-c66e-4dac-aa7f-32cef276c0fb:192.168.157.226:35353], old=null
2019-09-19 11:16:44,603 [d7fad138-c66e-4dac-aa7f-32cef276c0fb:group-762ABF295281:LeaderElection50] INFO  impl.LeaderElection (LeaderElection.java:askForVotes(181)) - d7fad138-c66e-4dac-aa7f-32cef276c0fb:group-762ABF295281:LeaderElection50: begin an election at term 1 for -1: [d7fad138-c66e-4dac-aa7f-32cef276c0fb:192.168.157.226:35353], old=null
2019-09-19 11:16:44,603 [d7fad138-c66e-4dac-aa7f-32cef276c0fb:group-599F9FDA25DE:LeaderElection51] INFO  impl.RoleInfo (RoleInfo.java:shutdownLeaderElection(134)) - d7fad138-c66e-4dac-aa7f-32cef276c0fb: shutdown LeaderElection
2019-09-19 11:16:44,603 [d7fad138-c66e-4dac-aa7f-32cef276c0fb:group-F92D146D9A4A:LeaderElection52] INFO  impl.RoleInfo (RoleInfo.java:shutdownLeaderElection(134)) - d7fad138-c66e-4dac-aa7f-32cef276c0fb: shutdown LeaderElection
2019-09-19 11:16:44,603 [d7fad138-c66e-4dac-aa7f-32cef276c0fb:group-599F9FDA25DE:LeaderElection51] INFO  impl.RaftServerImpl (RaftServerImpl.java:setRole(171)) - d7fad138-c66e-4dac-aa7f-32cef276c0fb:group-599F9FDA25DE changes role from CANDIDATE to LEADER at term 1 for changeToLeader
2019-09-19 11:16:44,603 [d7fad138-c66e-4dac-aa7f-32cef276c0fb:group-762ABF295281:LeaderElection50] INFO  impl.RoleInfo (RoleInfo.java:shutdownLeaderElection(134)) - d7fad138-c66e-4dac-aa7f-32cef276c0fb: shutdown LeaderElection
2019-09-19 11:16:44,603 [d7fad138-c66e-4dac-aa7f-32cef276c0fb:group-599F9FDA25DE:LeaderElection51] INFO  impl.RaftServerImpl (ServerState.java:setLeader(263)) - d7fad138-c66e-4dac-aa7f-32cef276c0fb:group-599F9FDA25DE change Leader from null to d7fad138-c66e-4dac-aa7f-32cef276c0fb at term 1 for becomeLeader, leader elected after 5062ms
2019-09-19 11:16:44,603 [d7fad138-c66e-4dac-aa7f-32cef276c0fb:group-F92D146D9A4A:LeaderElection52] INFO  impl.RaftServerImpl (RaftServerImpl.java:setRole(171)) - d7fad138-c66e-4dac-aa7f-32cef276c0fb:group-F92D146D9A4A changes role from CANDIDATE to LEADER at term 1 for changeToLeader
2019-09-19 11:16:44,603 [d7fad138-c66e-4dac-aa7f-32cef276c0fb:group-599F9FDA25DE:LeaderElection51] INFO  server.RaftServerConfigKeys (ConfUtils.java:logGet(43)) - raft.server.staging.catchup.gap = 1000 (default)
2019-09-19 11:16:44,603 [d7fad138-c66e-4dac-aa7f-32cef276c0fb:group-762ABF295281:LeaderElection50] INFO  impl.RaftServerImpl (RaftServerImpl.java:setRole(171)) - d7fad138-c66e-4dac-aa7f-32cef276c0fb:group-762ABF295281 changes role from CANDIDATE to LEADER at term 1 for changeToLeader
2019-09-19 11:16:44,604 [d7fad138-c66e-4dac-aa7f-32cef276c0fb:group-599F9FDA25DE:LeaderElection51] INFO  server.RaftServerConfigKeys (ConfUtils.java:logGet(43)) - raft.server.rpc.sleep.time = 25ms (default)
2019-09-19 11:16:44,603 [d7fad138-c66e-4dac-aa7f-32cef276c0fb:group-F92D146D9A4A:LeaderElection52] INFO  impl.RaftServerImpl (ServerState.java:setLeader(263)) - d7fad138-c66e-4dac-aa7f-32cef276c0fb:group-F92D146D9A4A change Leader from null to d7fad138-c66e-4dac-aa7f-32cef276c0fb at term 1 for becomeLeader, leader elected after 5143ms
2019-09-19 11:16:44,604 [d7fad138-c66e-4dac-aa7f-32cef276c0fb:group-599F9FDA25DE:LeaderElection51] INFO  server.RaftServerConfigKeys (ConfUtils.java:logGet(43)) - raft.server.write.element-limit = 4096 (default)
2019-09-19 11:16:44,604 [d7fad138-c66e-4dac-aa7f-32cef276c0fb:group-762ABF295281:LeaderElection50] INFO  impl.RaftServerImpl (ServerState.java:setLeader(263)) - d7fad138-c66e-4dac-aa7f-32cef276c0fb:group-762ABF295281 change Leader from null to d7fad138-c66e-4dac-aa7f-32cef276c0fb at term 1 for becomeLeader, leader elected after 5186ms
2019-09-19 11:16:44,604 [d7fad138-c66e-4dac-aa7f-32cef276c0fb:group-599F9FDA25DE:LeaderElection51] INFO  server.RaftServerConfigKeys (ConfUtils.java:logGet(43)) - raft.server.watch.timeout = 10s (default)
2019-09-19 11:16:44,604 [d7fad138-c66e-4dac-aa7f-32cef276c0fb:group-F92D146D9A4A:LeaderElection52] INFO  server.RaftServerConfigKeys (ConfUtils.java:logGet(43)) - raft.server.staging.catchup.gap = 1000 (default)
2019-09-19 11:16:44,604 [d7fad138-c66e-4dac-aa7f-32cef276c0fb:group-599F9FDA25DE:LeaderElection51] INFO  server.RaftServerConfigKeys (ConfUtils.java:logGet(43)) - raft.server.watch.timeout.denomination = 1s (default)
2019-09-19 11:16:44,604 [d7fad138-c66e-4dac-aa7f-32cef276c0fb:group-762ABF295281:LeaderElection50] INFO  server.RaftServerConfigKeys (ConfUtils.java:logGet(43)) - raft.server.staging.catchup.gap = 1000 (default)
2019-09-19 11:16:44,604 [d7fad138-c66e-4dac-aa7f-32cef276c0fb:group-599F9FDA25DE:LeaderElection51] INFO  server.RaftServerConfigKeys (ConfUtils.java:logGet(43)) - raft.server.watch.element-limit = 65536 (default)
2019-09-19 11:16:44,604 [d7fad138-c66e-4dac-aa7f-32cef276c0fb:group-F92D146D9A4A:LeaderElection52] INFO  server.RaftServerConfigKeys (ConfUtils.java:logGet(43)) - raft.server.rpc.sleep.time = 25ms (default)
2019-09-19 11:16:44,604 [d7fad138-c66e-4dac-aa7f-32cef276c0fb:group-762ABF295281:LeaderElection50] INFO  server.RaftServerConfigKeys (ConfUtils.java:logGet(43)) - raft.server.rpc.sleep.time = 25ms (default)
2019-09-19 11:16:44,605 [d7fad138-c66e-4dac-aa7f-32cef276c0fb:group-F92D146D9A4A:LeaderElection52] INFO  server.RaftServerConfigKeys (ConfUtils.java:logGet(43)) - raft.server.write.element-limit = 4096 (default)
2019-09-19 11:16:44,605 [d7fad138-c66e-4dac-aa7f-32cef276c0fb:group-599F9FDA25DE:LeaderElection51] INFO  impl.RoleInfo (RoleInfo.java:updateAndGet(143)) - d7fad138-c66e-4dac-aa7f-32cef276c0fb: start LeaderState
2019-09-19 11:16:44,605 [d7fad138-c66e-4dac-aa7f-32cef276c0fb:group-F92D146D9A4A:LeaderElection52] INFO  server.RaftServerConfigKeys (ConfUtils.java:logGet(43)) - raft.server.watch.timeout = 10s (default)
2019-09-19 11:16:44,605 [d7fad138-c66e-4dac-aa7f-32cef276c0fb:group-762ABF295281:LeaderElection50] INFO  server.RaftServerConfigKeys (ConfUtils.java:logGet(43)) - raft.server.write.element-limit = 4096 (default)
2019-09-19 11:16:44,605 [d7fad138-c66e-4dac-aa7f-32cef276c0fb:group-599F9FDA25DE:LeaderElection51] INFO  segmented.SegmentedRaftLogWorker (SegmentedRaftLogWorker.java:startLogSegment(380)) - d7fad138-c66e-4dac-aa7f-32cef276c0fb-SegmentedRaftLogWorker:Storage Directory /workdir/hadoop-ozone/integration-test/target/test-dir/MiniOzoneClusterImpl-a1b41923-72f3-42e0-8473-59a9e2cbbac3/datanode-2/data/ratis/df4ff237-f2e3-4d36-b320-599f9fda25de: Starting segment from index:0
2019-09-19 11:16:44,605 [d7fad138-c66e-4dac-aa7f-32cef276c0fb:group-F92D146D9A4A:LeaderElection52] INFO  server.RaftServerConfigKeys (ConfUtils.java:logGet(43)) - raft.server.watch.timeout.denomination = 1s (default)
2019-09-19 11:16:44,605 [d7fad138-c66e-4dac-aa7f-32cef276c0fb:group-762ABF295281:LeaderElection50] INFO  server.RaftServerConfigKeys (ConfUtils.java:logGet(43)) - raft.server.watch.timeout = 10s (default)
2019-09-19 11:16:44,605 [d7fad138-c66e-4dac-aa7f-32cef276c0fb:group-F92D146D9A4A:LeaderElection52] INFO  server.RaftServerConfigKeys (ConfUtils.java:logGet(43)) - raft.server.watch.element-limit = 65536 (default)
2019-09-19 11:16:44,605 [d7fad138-c66e-4dac-aa7f-32cef276c0fb:group-599F9FDA25DE:LeaderElection51] INFO  impl.RaftServerImpl (ServerState.java:setRaftConf(361)) - d7fad138-c66e-4dac-aa7f-32cef276c0fb:group-599F9FDA25DE set configuration 0: [d7fad138-c66e-4dac-aa7f-32cef276c0fb:192.168.157.226:35353], old=null at 0
2019-09-19 11:16:44,605 [d7fad138-c66e-4dac-aa7f-32cef276c0fb:group-762ABF295281:LeaderElection50] INFO  server.RaftServerConfigKeys (ConfUtils.java:logGet(43)) - raft.server.watch.timeout.denomination = 1s (default)
2019-09-19 11:16:44,605 [d7fad138-c66e-4dac-aa7f-32cef276c0fb:group-F92D146D9A4A:LeaderElection52] INFO  impl.RoleInfo (RoleInfo.java:updateAndGet(143)) - d7fad138-c66e-4dac-aa7f-32cef276c0fb: start LeaderState
2019-09-19 11:16:44,605 [d7fad138-c66e-4dac-aa7f-32cef276c0fb:group-89D8D82F6542:LeaderElection53] INFO  impl.LeaderElection (LeaderElection.java:askForVotes(181)) - d7fad138-c66e-4dac-aa7f-32cef276c0fb:group-89D8D82F6542:LeaderElection53: begin an election at term 1 for -1: [d7fad138-c66e-4dac-aa7f-32cef276c0fb:192.168.157.226:35353], old=null
2019-09-19 11:16:44,630 [d7fad138-c66e-4dac-aa7f-32cef276c0fb:group-762ABF295281:LeaderElection50] INFO  server.RaftServerConfigKeys (ConfUtils.java:logGet(43)) - raft.server.watch.element-limit = 65536 (default)
2019-09-19 11:16:44,630 [d7fad138-c66e-4dac-aa7f-32cef276c0fb:group-F92D146D9A4A:LeaderElection52] INFO  segmented.SegmentedRaftLogWorker (SegmentedRaftLogWorker.java:startLogSegment(380)) - d7fad138-c66e-4dac-aa7f-32cef276c0fb-SegmentedRaftLogWorker:Storage Directory /workdir/hadoop-ozone/integration-test/target/test-dir/MiniOzoneClusterImpl-a1b41923-72f3-42e0-8473-59a9e2cbbac3/datanode-2/data/ratis/1990e86c-07ef-4fbe-a37c-f92d146d9a4a: Starting segment from index:0
2019-09-19 11:16:44,630 [d7fad138-c66e-4dac-aa7f-32cef276c0fb:group-89D8D82F6542:LeaderElection53] INFO  impl.RoleInfo (RoleInfo.java:shutdownLeaderElection(134)) - d7fad138-c66e-4dac-aa7f-32cef276c0fb: shutdown LeaderElection
2019-09-19 11:16:44,631 [d7fad138-c66e-4dac-aa7f-32cef276c0fb:group-89D8D82F6542:LeaderElection53] INFO  impl.RaftServerImpl (RaftServerImpl.java:setRole(171)) - d7fad138-c66e-4dac-aa7f-32cef276c0fb:group-89D8D82F6542 changes role from CANDIDATE to LEADER at term 1 for changeToLeader
2019-09-19 11:16:44,631 [d7fad138-c66e-4dac-aa7f-32cef276c0fb:group-89D8D82F6542:LeaderElection53] INFO  impl.RaftServerImpl (ServerState.java:setLeader(263)) - d7fad138-c66e-4dac-aa7f-32cef276c0fb:group-89D8D82F6542 change Leader from null to d7fad138-c66e-4dac-aa7f-32cef276c0fb at term 1 for becomeLeader, leader elected after 5049ms
2019-09-19 11:16:44,631 [d7fad138-c66e-4dac-aa7f-32cef276c0fb:group-F92D146D9A4A:LeaderElection52] INFO  impl.RaftServerImpl (ServerState.java:setRaftConf(361)) - d7fad138-c66e-4dac-aa7f-32cef276c0fb:group-F92D146D9A4A set configuration 0: [d7fad138-c66e-4dac-aa7f-32cef276c0fb:192.168.157.226:35353], old=null at 0
2019-09-19 11:16:44,631 [d7fad138-c66e-4dac-aa7f-32cef276c0fb:group-762ABF295281:LeaderElection50] INFO  impl.RoleInfo (RoleInfo.java:updateAndGet(143)) - d7fad138-c66e-4dac-aa7f-32cef276c0fb: start LeaderState
2019-09-19 11:16:44,655 [Thread-756] INFO  impl.FollowerState (FollowerState.java:run(106)) - d7fad138-c66e-4dac-aa7f-32cef276c0fb:group-8FE27FA366E3 changes to CANDIDATE, lastRpcTime:5048, electionTimeout:5028ms
2019-09-19 11:16:44,655 [d7fad138-c66e-4dac-aa7f-32cef276c0fb-SegmentedRaftLogWorker:Storage Directory /workdir/hadoop-ozone/integration-test/target/test-dir/MiniOzoneClusterImpl-a1b41923-72f3-42e0-8473-59a9e2cbbac3/datanode-2/data/ratis/df4ff237-f2e3-4d36-b320-599f9fda25de] INFO  segmented.SegmentedRaftLogWorker (SegmentedRaftLogWorker.java:execute(569)) - d7fad138-c66e-4dac-aa7f-32cef276c0fb-SegmentedRaftLogWorker:Storage Directory /workdir/hadoop-ozone/integration-test/target/test-dir/MiniOzoneClusterImpl-a1b41923-72f3-42e0-8473-59a9e2cbbac3/datanode-2/data/ratis/df4ff237-f2e3-4d36-b320-599f9fda25de: created new log segment /workdir/hadoop-ozone/integration-test/target/test-dir/MiniOzoneClusterImpl-a1b41923-72f3-42e0-8473-59a9e2cbbac3/datanode-2/data/ratis/df4ff237-f2e3-4d36-b320-599f9fda25de/current/log_inprogress_0
2019-09-19 11:16:44,631 [d7fad138-c66e-4dac-aa7f-32cef276c0fb:group-89D8D82F6542:LeaderElection53] INFO  server.RaftServerConfigKeys (ConfUtils.java:logGet(43)) - raft.server.staging.catchup.gap = 1000 (default)
2019-09-19 11:16:44,656 [d7fad138-c66e-4dac-aa7f-32cef276c0fb:group-762ABF295281:LeaderElection50] INFO  segmented.SegmentedRaftLogWorker (SegmentedRaftLogWorker.java:startLogSegment(380)) - d7fad138-c66e-4dac-aa7f-32cef276c0fb-SegmentedRaftLogWorker:Storage Directory /workdir/hadoop-ozone/integration-test/target/test-dir/MiniOzoneClusterImpl-a1b41923-72f3-42e0-8473-59a9e2cbbac3/datanode-2/data/ratis/75a25125-8d18-4142-b8ae-762abf295281: Starting segment from index:0
2019-09-19 11:16:44,656 [Thread-756] INFO  impl.RoleInfo (RoleInfo.java:shutdownFollowerState(121)) - d7fad138-c66e-4dac-aa7f-32cef276c0fb: shutdown FollowerState
2019-09-19 11:16:44,656 [d7fad138-c66e-4dac-aa7f-32cef276c0fb:group-89D8D82F6542:LeaderElection53] INFO  server.RaftServerConfigKeys (ConfUtils.java:logGet(43)) - raft.server.rpc.sleep.time = 25ms (default)
2019-09-19 11:16:44,656 [Thread-756] INFO  impl.RaftServerImpl (RaftServerImpl.java:setRole(171)) - d7fad138-c66e-4dac-aa7f-32cef276c0fb:group-8FE27FA366E3 changes role from FOLLOWER to CANDIDATE at term 0 for changeToCandidate
2019-09-19 11:16:44,656 [d7fad138-c66e-4dac-aa7f-32cef276c0fb:group-89D8D82F6542:LeaderElection53] INFO  server.RaftServerConfigKeys (ConfUtils.java:logGet(43)) - raft.server.write.element-limit = 4096 (default)
2019-09-19 11:16:44,656 [Thread-756] INFO  impl.RoleInfo (RoleInfo.java:updateAndGet(143)) - d7fad138-c66e-4dac-aa7f-32cef276c0fb: start LeaderElection
2019-09-19 11:16:44,656 [d7fad138-c66e-4dac-aa7f-32cef276c0fb:group-762ABF295281:LeaderElection50] INFO  impl.RaftServerImpl (ServerState.java:setRaftConf(361)) - d7fad138-c66e-4dac-aa7f-32cef276c0fb:group-762ABF295281 set configuration 0: [d7fad138-c66e-4dac-aa7f-32cef276c0fb:192.168.157.226:35353], old=null at 0
2019-09-19 11:16:44,657 [d7fad138-c66e-4dac-aa7f-32cef276c0fb:group-89D8D82F6542:LeaderElection53] INFO  server.RaftServerConfigKeys (ConfUtils.java:logGet(43)) - raft.server.watch.timeout = 10s (default)
2019-09-19 11:16:44,680 [d7fad138-c66e-4dac-aa7f-32cef276c0fb-SegmentedRaftLogWorker:Storage Directory /workdir/hadoop-ozone/integration-test/target/test-dir/MiniOzoneClusterImpl-a1b41923-72f3-42e0-8473-59a9e2cbbac3/datanode-2/data/ratis/1990e86c-07ef-4fbe-a37c-f92d146d9a4a] INFO  segmented.SegmentedRaftLogWorker (SegmentedRaftLogWorker.java:execute(569)) - d7fad138-c66e-4dac-aa7f-32cef276c0fb-SegmentedRaftLogWorker:Storage Directory /workdir/hadoop-ozone/integration-test/target/test-dir/MiniOzoneClusterImpl-a1b41923-72f3-42e0-8473-59a9e2cbbac3/datanode-2/data/ratis/1990e86c-07ef-4fbe-a37c-f92d146d9a4a: created new log segment /workdir/hadoop-ozone/integration-test/target/test-dir/MiniOzoneClusterImpl-a1b41923-72f3-42e0-8473-59a9e2cbbac3/datanode-2/data/ratis/1990e86c-07ef-4fbe-a37c-f92d146d9a4a/current/log_inprogress_0
2019-09-19 11:16:44,680 [d7fad138-c66e-4dac-aa7f-32cef276c0fb:group-89D8D82F6542:LeaderElection53] INFO  server.RaftServerConfigKeys (ConfUtils.java:logGet(43)) - raft.server.watch.timeout.denomination = 1s (default)
2019-09-19 11:16:44,681 [d7fad138-c66e-4dac-aa7f-32cef276c0fb:group-89D8D82F6542:LeaderElection53] INFO  server.RaftServerConfigKeys (ConfUtils.java:logGet(43)) - raft.server.watch.element-limit = 65536 (default)
2019-09-19 11:16:44,681 [d7fad138-c66e-4dac-aa7f-32cef276c0fb:group-89D8D82F6542:LeaderElection53] INFO  impl.RoleInfo (RoleInfo.java:updateAndGet(143)) - d7fad138-c66e-4dac-aa7f-32cef276c0fb: start LeaderState
2019-09-19 11:16:44,681 [d7fad138-c66e-4dac-aa7f-32cef276c0fb:group-89D8D82F6542:LeaderElection53] INFO  segmented.SegmentedRaftLogWorker (SegmentedRaftLogWorker.java:startLogSegment(380)) - d7fad138-c66e-4dac-aa7f-32cef276c0fb-SegmentedRaftLogWorker:Storage Directory /workdir/hadoop-ozone/integration-test/target/test-dir/MiniOzoneClusterImpl-a1b41923-72f3-42e0-8473-59a9e2cbbac3/datanode-2/data/ratis/204bf1e3-a53d-4999-b2c1-89d8d82f6542: Starting segment from index:0
2019-09-19 11:16:44,682 [d7fad138-c66e-4dac-aa7f-32cef276c0fb:group-89D8D82F6542:LeaderElection53] INFO  impl.RaftServerImpl (ServerState.java:setRaftConf(361)) - d7fad138-c66e-4dac-aa7f-32cef276c0fb:group-89D8D82F6542 set configuration 0: [d7fad138-c66e-4dac-aa7f-32cef276c0fb:192.168.157.226:35353], old=null at 0
2019-09-19 11:16:44,705 [d7fad138-c66e-4dac-aa7f-32cef276c0fb-SegmentedRaftLogWorker:Storage Directory /workdir/hadoop-ozone/integration-test/target/test-dir/MiniOzoneClusterImpl-a1b41923-72f3-42e0-8473-59a9e2cbbac3/datanode-2/data/ratis/75a25125-8d18-4142-b8ae-762abf295281] INFO  segmented.SegmentedRaftLogWorker (SegmentedRaftLogWorker.java:execute(569)) - d7fad138-c66e-4dac-aa7f-32cef276c0fb-SegmentedRaftLogWorker:Storage Directory /workdir/hadoop-ozone/integration-test/target/test-dir/MiniOzoneClusterImpl-a1b41923-72f3-42e0-8473-59a9e2cbbac3/datanode-2/data/ratis/75a25125-8d18-4142-b8ae-762abf295281: created new log segment /workdir/hadoop-ozone/integration-test/target/test-dir/MiniOzoneClusterImpl-a1b41923-72f3-42e0-8473-59a9e2cbbac3/datanode-2/data/ratis/75a25125-8d18-4142-b8ae-762abf295281/current/log_inprogress_0
2019-09-19 11:16:44,705 [d7fad138-c66e-4dac-aa7f-32cef276c0fb:group-8FE27FA366E3:LeaderElection54] INFO  impl.LeaderElection (LeaderElection.java:askForVotes(181)) - d7fad138-c66e-4dac-aa7f-32cef276c0fb:group-8FE27FA366E3:LeaderElection54: begin an election at term 1 for -1: [d7fad138-c66e-4dac-aa7f-32cef276c0fb:192.168.157.226:35353], old=null
2019-09-19 11:16:44,706 [d7fad138-c66e-4dac-aa7f-32cef276c0fb:group-8FE27FA366E3:LeaderElection54] INFO  impl.RoleInfo (RoleInfo.java:shutdownLeaderElection(134)) - d7fad138-c66e-4dac-aa7f-32cef276c0fb: shutdown LeaderElection
2019-09-19 11:16:44,706 [d7fad138-c66e-4dac-aa7f-32cef276c0fb:group-8FE27FA366E3:LeaderElection54] INFO  impl.RaftServerImpl (RaftServerImpl.java:setRole(171)) - d7fad138-c66e-4dac-aa7f-32cef276c0fb:group-8FE27FA366E3 changes role from CANDIDATE to LEADER at term 1 for changeToLeader
2019-09-19 11:16:44,706 [d7fad138-c66e-4dac-aa7f-32cef276c0fb:group-8FE27FA366E3:LeaderElection54] INFO  impl.RaftServerImpl (ServerState.java:setLeader(263)) - d7fad138-c66e-4dac-aa7f-32cef276c0fb:group-8FE27FA366E3 change Leader from null to d7fad138-c66e-4dac-aa7f-32cef276c0fb at term 1 for becomeLeader, leader elected after 5102ms
2019-09-19 11:16:44,706 [d7fad138-c66e-4dac-aa7f-32cef276c0fb:group-8FE27FA366E3:LeaderElection54] INFO  server.RaftServerConfigKeys (ConfUtils.java:logGet(43)) - raft.server.staging.catchup.gap = 1000 (default)
2019-09-19 11:16:44,706 [d7fad138-c66e-4dac-aa7f-32cef276c0fb:group-8FE27FA366E3:LeaderElection54] INFO  server.RaftServerConfigKeys (ConfUtils.java:logGet(43)) - raft.server.rpc.sleep.time = 25ms (default)
2019-09-19 11:16:44,706 [d7fad138-c66e-4dac-aa7f-32cef276c0fb:group-8FE27FA366E3:LeaderElection54] INFO  server.RaftServerConfigKeys (ConfUtils.java:logGet(43)) - raft.server.write.element-limit = 4096 (default)
2019-09-19 11:16:44,707 [d7fad138-c66e-4dac-aa7f-32cef276c0fb:group-8FE27FA366E3:LeaderElection54] INFO  server.RaftServerConfigKeys (ConfUtils.java:logGet(43)) - raft.server.watch.timeout = 10s (default)
2019-09-19 11:16:44,707 [d7fad138-c66e-4dac-aa7f-32cef276c0fb:group-8FE27FA366E3:LeaderElection54] INFO  server.RaftServerConfigKeys (ConfUtils.java:logGet(43)) - raft.server.watch.timeout.denomination = 1s (default)
2019-09-19 11:16:44,707 [d7fad138-c66e-4dac-aa7f-32cef276c0fb:group-8FE27FA366E3:LeaderElection54] INFO  server.RaftServerConfigKeys (ConfUtils.java:logGet(43)) - raft.server.watch.element-limit = 65536 (default)
2019-09-19 11:16:44,707 [d7fad138-c66e-4dac-aa7f-32cef276c0fb:group-8FE27FA366E3:LeaderElection54] INFO  impl.RoleInfo (RoleInfo.java:updateAndGet(143)) - d7fad138-c66e-4dac-aa7f-32cef276c0fb: start LeaderState
2019-09-19 11:16:44,708 [d7fad138-c66e-4dac-aa7f-32cef276c0fb:group-8FE27FA366E3:LeaderElection54] INFO  segmented.SegmentedRaftLogWorker (SegmentedRaftLogWorker.java:startLogSegment(380)) - d7fad138-c66e-4dac-aa7f-32cef276c0fb-SegmentedRaftLogWorker:Storage Directory /workdir/hadoop-ozone/integration-test/target/test-dir/MiniOzoneClusterImpl-a1b41923-72f3-42e0-8473-59a9e2cbbac3/datanode-2/data/ratis/81438663-d84c-4ce9-bb2e-8fe27fa366e3: Starting segment from index:0
2019-09-19 11:16:44,708 [d7fad138-c66e-4dac-aa7f-32cef276c0fb:group-8FE27FA366E3:LeaderElection54] INFO  impl.RaftServerImpl (ServerState.java:setRaftConf(361)) - d7fad138-c66e-4dac-aa7f-32cef276c0fb:group-8FE27FA366E3 set configuration 0: [d7fad138-c66e-4dac-aa7f-32cef276c0fb:192.168.157.226:35353], old=null at 0
2019-09-19 11:16:44,732 [d7fad138-c66e-4dac-aa7f-32cef276c0fb-SegmentedRaftLogWorker:Storage Directory /workdir/hadoop-ozone/integration-test/target/test-dir/MiniOzoneClusterImpl-a1b41923-72f3-42e0-8473-59a9e2cbbac3/datanode-2/data/ratis/204bf1e3-a53d-4999-b2c1-89d8d82f6542] INFO  segmented.SegmentedRaftLogWorker (SegmentedRaftLogWorker.java:execute(569)) - d7fad138-c66e-4dac-aa7f-32cef276c0fb-SegmentedRaftLogWorker:Storage Directory /workdir/hadoop-ozone/integration-test/target/test-dir/MiniOzoneClusterImpl-a1b41923-72f3-42e0-8473-59a9e2cbbac3/datanode-2/data/ratis/204bf1e3-a53d-4999-b2c1-89d8d82f6542: created new log segment /workdir/hadoop-ozone/integration-test/target/test-dir/MiniOzoneClusterImpl-a1b41923-72f3-42e0-8473-59a9e2cbbac3/datanode-2/data/ratis/204bf1e3-a53d-4999-b2c1-89d8d82f6542/current/log_inprogress_0
2019-09-19 11:16:44,745 [d7fad138-c66e-4dac-aa7f-32cef276c0fb-SegmentedRaftLogWorker:Storage Directory /workdir/hadoop-ozone/integration-test/target/test-dir/MiniOzoneClusterImpl-a1b41923-72f3-42e0-8473-59a9e2cbbac3/datanode-2/data/ratis/81438663-d84c-4ce9-bb2e-8fe27fa366e3] INFO  segmented.SegmentedRaftLogWorker (SegmentedRaftLogWorker.java:execute(569)) - d7fad138-c66e-4dac-aa7f-32cef276c0fb-SegmentedRaftLogWorker:Storage Directory /workdir/hadoop-ozone/integration-test/target/test-dir/MiniOzoneClusterImpl-a1b41923-72f3-42e0-8473-59a9e2cbbac3/datanode-2/data/ratis/81438663-d84c-4ce9-bb2e-8fe27fa366e3: created new log segment /workdir/hadoop-ozone/integration-test/target/test-dir/MiniOzoneClusterImpl-a1b41923-72f3-42e0-8473-59a9e2cbbac3/datanode-2/data/ratis/81438663-d84c-4ce9-bb2e-8fe27fa366e3/current/log_inprogress_0
2019-09-19 11:16:45,401 | INFO  | SCMAudit | user=jenkins1000 | ip=192.168.157.226 | op=SEND_HEARTBEAT {datanodeUUID=d7fad138-c66e-4dac-aa7f-32cef276c0fb, command=[]} | ret=SUCCESS |  
2019-09-19 11:16:45,410 [main] INFO  ozoneimpl.OzoneContainer (OzoneContainer.java:stop(199)) - Attempting to stop container services.
2019-09-19 11:16:45,411 [ForkJoinPool.commonPool-worker-1] INFO  ozoneimpl.OzoneContainer (OzoneContainer.java:stop(199)) - Attempting to stop container services.
2019-09-19 11:16:45,411 [main] INFO  impl.RaftServerProxy (RaftServerProxy.java:lambda$close$4(314)) - e4ce95b5-80fa-473f-aa0f-54361613bedb: close
2019-09-19 11:16:45,411 [ForkJoinPool.commonPool-worker-1] INFO  impl.RaftServerProxy (RaftServerProxy.java:lambda$close$4(314)) - 094fd4e9-2874-4038-80ba-2b5ce22b28ac: close
2019-09-19 11:16:45,412 [main] INFO  impl.RaftServerImpl (RaftServerImpl.java:lambda$shutdown$3(245)) - e4ce95b5-80fa-473f-aa0f-54361613bedb: shutdown group-0F51E9640B26
2019-09-19 11:16:45,412 [ForkJoinPool.commonPool-worker-1] INFO  impl.RaftServerImpl (RaftServerImpl.java:lambda$shutdown$3(245)) - 094fd4e9-2874-4038-80ba-2b5ce22b28ac: shutdown group-5F67BC56273E
2019-09-19 11:16:45,412 [main] INFO  util.JmxRegister (JmxRegister.java:unregister(73)) - Successfully un-registered JMX Bean with object name Ratis:service=RaftServer,group=group-0F51E9640B26,id=e4ce95b5-80fa-473f-aa0f-54361613bedb
2019-09-19 11:16:45,412 [ForkJoinPool.commonPool-worker-1] INFO  util.JmxRegister (JmxRegister.java:unregister(73)) - Successfully un-registered JMX Bean with object name Ratis:service=RaftServer,group=group-5F67BC56273E,id=094fd4e9-2874-4038-80ba-2b5ce22b28ac
2019-09-19 11:16:45,413 [main] INFO  impl.RoleInfo (RoleInfo.java:shutdownLeaderState(104)) - e4ce95b5-80fa-473f-aa0f-54361613bedb: shutdown LeaderState
2019-09-19 11:16:45,413 [ForkJoinPool.commonPool-worker-1] INFO  impl.RoleInfo (RoleInfo.java:shutdownLeaderState(104)) - 094fd4e9-2874-4038-80ba-2b5ce22b28ac: shutdown LeaderState
2019-09-19 11:16:45,414 [main] INFO  impl.PendingRequests (PendingRequests.java:sendNotLeaderResponses(202)) - e4ce95b5-80fa-473f-aa0f-54361613bedb-PendingRequests: sendNotLeaderResponses
2019-09-19 11:16:45,414 [ForkJoinPool.commonPool-worker-1] INFO  impl.PendingRequests (PendingRequests.java:sendNotLeaderResponses(202)) - 094fd4e9-2874-4038-80ba-2b5ce22b28ac-PendingRequests: sendNotLeaderResponses
2019-09-19 11:16:45,414 [main] INFO  impl.StateMachineUpdater (StateMachineUpdater.java:stopAndJoin(115)) - StateMachineUpdater:e4ce95b5-80fa-473f-aa0f-54361613bedb:group-0F51E9640B26: set stopIndex = 0
2019-09-19 11:16:45,416 [ForkJoinPool.commonPool-worker-1] INFO  impl.StateMachineUpdater (StateMachineUpdater.java:stopAndJoin(115)) - StateMachineUpdater:094fd4e9-2874-4038-80ba-2b5ce22b28ac:group-5F67BC56273E: set stopIndex = 0
2019-09-19 11:16:45,421 [main] INFO  impl.RaftServerImpl (ServerState.java:close(394)) - e4ce95b5-80fa-473f-aa0f-54361613bedb:group-0F51E9640B26 closes. The last applied log index is 0
2019-09-19 11:16:45,421 [ForkJoinPool.commonPool-worker-1] INFO  impl.RaftServerImpl (ServerState.java:close(394)) - 094fd4e9-2874-4038-80ba-2b5ce22b28ac:group-5F67BC56273E closes. The last applied log index is 0
2019-09-19 11:16:45,422 [e4ce95b5-80fa-473f-aa0f-54361613bedb-SegmentedRaftLogWorker:Storage Directory /workdir/hadoop-ozone/integration-test/target/test-dir/MiniOzoneClusterImpl-a1b41923-72f3-42e0-8473-59a9e2cbbac3/datanode-1/data/ratis/40e84801-ac88-4255-b280-0f51e9640b26] INFO  segmented.SegmentedRaftLogWorker (SegmentedRaftLogWorker.java:run(313)) - e4ce95b5-80fa-473f-aa0f-54361613bedb-SegmentedRaftLogWorker:Storage Directory /workdir/hadoop-ozone/integration-test/target/test-dir/MiniOzoneClusterImpl-a1b41923-72f3-42e0-8473-59a9e2cbbac3/datanode-1/data/ratis/40e84801-ac88-4255-b280-0f51e9640b26 was interrupted, exiting. There are 0 tasks remaining in the queue.
2019-09-19 11:16:45,422 [094fd4e9-2874-4038-80ba-2b5ce22b28ac-SegmentedRaftLogWorker:Storage Directory /workdir/hadoop-ozone/integration-test/target/test-dir/MiniOzoneClusterImpl-a1b41923-72f3-42e0-8473-59a9e2cbbac3/datanode-0/data/ratis/bd2103fa-1722-4f97-b795-5f67bc56273e] INFO  segmented.SegmentedRaftLogWorker (SegmentedRaftLogWorker.java:run(313)) - 094fd4e9-2874-4038-80ba-2b5ce22b28ac-SegmentedRaftLogWorker:Storage Directory /workdir/hadoop-ozone/integration-test/target/test-dir/MiniOzoneClusterImpl-a1b41923-72f3-42e0-8473-59a9e2cbbac3/datanode-0/data/ratis/bd2103fa-1722-4f97-b795-5f67bc56273e was interrupted, exiting. There are 0 tasks remaining in the queue.
2019-09-19 11:16:45,423 [main] INFO  segmented.SegmentedRaftLogWorker (SegmentedRaftLogWorker.java:close(228)) - e4ce95b5-80fa-473f-aa0f-54361613bedb-SegmentedRaftLogWorker:Storage Directory /workdir/hadoop-ozone/integration-test/target/test-dir/MiniOzoneClusterImpl-a1b41923-72f3-42e0-8473-59a9e2cbbac3/datanode-1/data/ratis/40e84801-ac88-4255-b280-0f51e9640b26 close()
2019-09-19 11:16:45,425 [ForkJoinPool.commonPool-worker-1] INFO  segmented.SegmentedRaftLogWorker (SegmentedRaftLogWorker.java:close(228)) - 094fd4e9-2874-4038-80ba-2b5ce22b28ac-SegmentedRaftLogWorker:Storage Directory /workdir/hadoop-ozone/integration-test/target/test-dir/MiniOzoneClusterImpl-a1b41923-72f3-42e0-8473-59a9e2cbbac3/datanode-0/data/ratis/bd2103fa-1722-4f97-b795-5f67bc56273e close()
2019-09-19 11:16:45,427 [main] INFO  impl.RaftServerImpl (RaftServerImpl.java:lambda$shutdown$3(245)) - e4ce95b5-80fa-473f-aa0f-54361613bedb: shutdown group-139ECB871E46
2019-09-19 11:16:45,430 [ForkJoinPool.commonPool-worker-1] INFO  impl.RaftServerImpl (RaftServerImpl.java:lambda$shutdown$3(245)) - 094fd4e9-2874-4038-80ba-2b5ce22b28ac: shutdown group-3D735B044CCB
2019-09-19 11:16:45,430 [main] INFO  util.JmxRegister (JmxRegister.java:unregister(73)) - Successfully un-registered JMX Bean with object name Ratis:service=RaftServer,group=group-139ECB871E46,id=e4ce95b5-80fa-473f-aa0f-54361613bedb
2019-09-19 11:16:45,430 [ForkJoinPool.commonPool-worker-1] INFO  util.JmxRegister (JmxRegister.java:unregister(73)) - Successfully un-registered JMX Bean with object name Ratis:service=RaftServer,group=group-3D735B044CCB,id=094fd4e9-2874-4038-80ba-2b5ce22b28ac
2019-09-19 11:16:45,431 [main] INFO  impl.RoleInfo (RoleInfo.java:shutdownLeaderState(104)) - e4ce95b5-80fa-473f-aa0f-54361613bedb: shutdown LeaderState
2019-09-19 11:16:45,431 [ForkJoinPool.commonPool-worker-1] INFO  impl.RoleInfo (RoleInfo.java:shutdownLeaderState(104)) - 094fd4e9-2874-4038-80ba-2b5ce22b28ac: shutdown LeaderState
2019-09-19 11:16:45,431 [main] INFO  impl.PendingRequests (PendingRequests.java:sendNotLeaderResponses(202)) - e4ce95b5-80fa-473f-aa0f-54361613bedb-PendingRequests: sendNotLeaderResponses
2019-09-19 11:16:45,431 [ForkJoinPool.commonPool-worker-1] INFO  impl.PendingRequests (PendingRequests.java:sendNotLeaderResponses(202)) - 094fd4e9-2874-4038-80ba-2b5ce22b28ac-PendingRequests: sendNotLeaderResponses
2019-09-19 11:16:45,432 [main] INFO  impl.StateMachineUpdater (StateMachineUpdater.java:stopAndJoin(115)) - StateMachineUpdater:e4ce95b5-80fa-473f-aa0f-54361613bedb:group-139ECB871E46: set stopIndex = 0
2019-09-19 11:16:45,432 [ForkJoinPool.commonPool-worker-1] INFO  impl.StateMachineUpdater (StateMachineUpdater.java:stopAndJoin(115)) - StateMachineUpdater:094fd4e9-2874-4038-80ba-2b5ce22b28ac:group-3D735B044CCB: set stopIndex = 0
2019-09-19 11:16:45,432 [main] INFO  impl.RaftServerImpl (ServerState.java:close(394)) - e4ce95b5-80fa-473f-aa0f-54361613bedb:group-139ECB871E46 closes. The last applied log index is 0
2019-09-19 11:16:45,433 [ForkJoinPool.commonPool-worker-1] INFO  impl.RaftServerImpl (ServerState.java:close(394)) - 094fd4e9-2874-4038-80ba-2b5ce22b28ac:group-3D735B044CCB closes. The last applied log index is 0
2019-09-19 11:16:45,433 [e4ce95b5-80fa-473f-aa0f-54361613bedb-SegmentedRaftLogWorker:Storage Directory /workdir/hadoop-ozone/integration-test/target/test-dir/MiniOzoneClusterImpl-a1b41923-72f3-42e0-8473-59a9e2cbbac3/datanode-1/data/ratis/de13494b-5d5f-4246-9bbc-139ecb871e46] INFO  segmented.SegmentedRaftLogWorker (SegmentedRaftLogWorker.java:run(313)) - e4ce95b5-80fa-473f-aa0f-54361613bedb-SegmentedRaftLogWorker:Storage Directory /workdir/hadoop-ozone/integration-test/target/test-dir/MiniOzoneClusterImpl-a1b41923-72f3-42e0-8473-59a9e2cbbac3/datanode-1/data/ratis/de13494b-5d5f-4246-9bbc-139ecb871e46 was interrupted, exiting. There are 0 tasks remaining in the queue.
2019-09-19 11:16:45,433 [094fd4e9-2874-4038-80ba-2b5ce22b28ac-SegmentedRaftLogWorker:Storage Directory /workdir/hadoop-ozone/integration-test/target/test-dir/MiniOzoneClusterImpl-a1b41923-72f3-42e0-8473-59a9e2cbbac3/datanode-0/data/ratis/43cc5e2f-6ab7-49b5-9789-3d735b044ccb] INFO  segmented.SegmentedRaftLogWorker (SegmentedRaftLogWorker.java:run(313)) - 094fd4e9-2874-4038-80ba-2b5ce22b28ac-SegmentedRaftLogWorker:Storage Directory /workdir/hadoop-ozone/integration-test/target/test-dir/MiniOzoneClusterImpl-a1b41923-72f3-42e0-8473-59a9e2cbbac3/datanode-0/data/ratis/43cc5e2f-6ab7-49b5-9789-3d735b044ccb was interrupted, exiting. There are 0 tasks remaining in the queue.
2019-09-19 11:16:45,434 [main] INFO  segmented.SegmentedRaftLogWorker (SegmentedRaftLogWorker.java:close(228)) - e4ce95b5-80fa-473f-aa0f-54361613bedb-SegmentedRaftLogWorker:Storage Directory /workdir/hadoop-ozone/integration-test/target/test-dir/MiniOzoneClusterImpl-a1b41923-72f3-42e0-8473-59a9e2cbbac3/datanode-1/data/ratis/de13494b-5d5f-4246-9bbc-139ecb871e46 close()
2019-09-19 11:16:45,435 [ForkJoinPool.commonPool-worker-1] INFO  segmented.SegmentedRaftLogWorker (SegmentedRaftLogWorker.java:close(228)) - 094fd4e9-2874-4038-80ba-2b5ce22b28ac-SegmentedRaftLogWorker:Storage Directory /workdir/hadoop-ozone/integration-test/target/test-dir/MiniOzoneClusterImpl-a1b41923-72f3-42e0-8473-59a9e2cbbac3/datanode-0/data/ratis/43cc5e2f-6ab7-49b5-9789-3d735b044ccb close()
2019-09-19 11:16:45,437 [main] INFO  impl.RaftServerImpl (RaftServerImpl.java:lambda$shutdown$3(245)) - e4ce95b5-80fa-473f-aa0f-54361613bedb: shutdown group-B072986B2E81
2019-09-19 11:16:45,439 [ForkJoinPool.commonPool-worker-1] INFO  impl.RaftServerImpl (RaftServerImpl.java:lambda$shutdown$3(245)) - 094fd4e9-2874-4038-80ba-2b5ce22b28ac: shutdown group-723CC1E1D26D
2019-09-19 11:16:45,439 [main] INFO  util.JmxRegister (JmxRegister.java:unregister(73)) - Successfully un-registered JMX Bean with object name Ratis:service=RaftServer,group=group-B072986B2E81,id=e4ce95b5-80fa-473f-aa0f-54361613bedb
2019-09-19 11:16:45,439 [ForkJoinPool.commonPool-worker-1] INFO  util.JmxRegister (JmxRegister.java:unregister(73)) - Successfully un-registered JMX Bean with object name Ratis:service=RaftServer,group=group-723CC1E1D26D,id=094fd4e9-2874-4038-80ba-2b5ce22b28ac
2019-09-19 11:16:45,439 [main] INFO  impl.RoleInfo (RoleInfo.java:shutdownLeaderState(104)) - e4ce95b5-80fa-473f-aa0f-54361613bedb: shutdown LeaderState
2019-09-19 11:16:45,440 [ForkJoinPool.commonPool-worker-1] INFO  impl.RoleInfo (RoleInfo.java:shutdownLeaderState(104)) - 094fd4e9-2874-4038-80ba-2b5ce22b28ac: shutdown LeaderState
2019-09-19 11:16:45,440 [main] INFO  impl.PendingRequests (PendingRequests.java:sendNotLeaderResponses(202)) - e4ce95b5-80fa-473f-aa0f-54361613bedb-PendingRequests: sendNotLeaderResponses
2019-09-19 11:16:45,440 [ForkJoinPool.commonPool-worker-1] INFO  impl.PendingRequests (PendingRequests.java:sendNotLeaderResponses(202)) - 094fd4e9-2874-4038-80ba-2b5ce22b28ac-PendingRequests: sendNotLeaderResponses
2019-09-19 11:16:45,441 [main] INFO  impl.StateMachineUpdater (StateMachineUpdater.java:stopAndJoin(115)) - StateMachineUpdater:e4ce95b5-80fa-473f-aa0f-54361613bedb:group-B072986B2E81: set stopIndex = 0
2019-09-19 11:16:45,441 [ForkJoinPool.commonPool-worker-1] INFO  impl.StateMachineUpdater (StateMachineUpdater.java:stopAndJoin(115)) - StateMachineUpdater:094fd4e9-2874-4038-80ba-2b5ce22b28ac:group-723CC1E1D26D: set stopIndex = 0
2019-09-19 11:16:45,441 [main] INFO  impl.RaftServerImpl (ServerState.java:close(394)) - e4ce95b5-80fa-473f-aa0f-54361613bedb:group-B072986B2E81 closes. The last applied log index is 0
2019-09-19 11:16:45,441 [ForkJoinPool.commonPool-worker-1] INFO  impl.RaftServerImpl (ServerState.java:close(394)) - 094fd4e9-2874-4038-80ba-2b5ce22b28ac:group-723CC1E1D26D closes. The last applied log index is 0
2019-09-19 11:16:45,442 [e4ce95b5-80fa-473f-aa0f-54361613bedb-SegmentedRaftLogWorker:Storage Directory /workdir/hadoop-ozone/integration-test/target/test-dir/MiniOzoneClusterImpl-a1b41923-72f3-42e0-8473-59a9e2cbbac3/datanode-1/data/ratis/82d4b083-a960-440a-9f3f-b072986b2e81] INFO  segmented.SegmentedRaftLogWorker (SegmentedRaftLogWorker.java:run(313)) - e4ce95b5-80fa-473f-aa0f-54361613bedb-SegmentedRaftLogWorker:Storage Directory /workdir/hadoop-ozone/integration-test/target/test-dir/MiniOzoneClusterImpl-a1b41923-72f3-42e0-8473-59a9e2cbbac3/datanode-1/data/ratis/82d4b083-a960-440a-9f3f-b072986b2e81 was interrupted, exiting. There are 0 tasks remaining in the queue.
2019-09-19 11:16:45,442 [094fd4e9-2874-4038-80ba-2b5ce22b28ac-SegmentedRaftLogWorker:Storage Directory /workdir/hadoop-ozone/integration-test/target/test-dir/MiniOzoneClusterImpl-a1b41923-72f3-42e0-8473-59a9e2cbbac3/datanode-0/data/ratis/407e2f8d-1f1f-4b65-adaf-723cc1e1d26d] INFO  segmented.SegmentedRaftLogWorker (SegmentedRaftLogWorker.java:run(313)) - 094fd4e9-2874-4038-80ba-2b5ce22b28ac-SegmentedRaftLogWorker:Storage Directory /workdir/hadoop-ozone/integration-test/target/test-dir/MiniOzoneClusterImpl-a1b41923-72f3-42e0-8473-59a9e2cbbac3/datanode-0/data/ratis/407e2f8d-1f1f-4b65-adaf-723cc1e1d26d was interrupted, exiting. There are 0 tasks remaining in the queue.
2019-09-19 11:16:45,443 [main] INFO  segmented.SegmentedRaftLogWorker (SegmentedRaftLogWorker.java:close(228)) - e4ce95b5-80fa-473f-aa0f-54361613bedb-SegmentedRaftLogWorker:Storage Directory /workdir/hadoop-ozone/integration-test/target/test-dir/MiniOzoneClusterImpl-a1b41923-72f3-42e0-8473-59a9e2cbbac3/datanode-1/data/ratis/82d4b083-a960-440a-9f3f-b072986b2e81 close()
2019-09-19 11:16:45,444 [ForkJoinPool.commonPool-worker-1] INFO  segmented.SegmentedRaftLogWorker (SegmentedRaftLogWorker.java:close(228)) - 094fd4e9-2874-4038-80ba-2b5ce22b28ac-SegmentedRaftLogWorker:Storage Directory /workdir/hadoop-ozone/integration-test/target/test-dir/MiniOzoneClusterImpl-a1b41923-72f3-42e0-8473-59a9e2cbbac3/datanode-0/data/ratis/407e2f8d-1f1f-4b65-adaf-723cc1e1d26d close()
2019-09-19 11:16:45,445 [main] INFO  impl.RaftServerImpl (RaftServerImpl.java:lambda$shutdown$3(245)) - e4ce95b5-80fa-473f-aa0f-54361613bedb: shutdown group-875207B6E3CF
2019-09-19 11:16:45,447 [ForkJoinPool.commonPool-worker-1] INFO  impl.RaftServerImpl (RaftServerImpl.java:lambda$shutdown$3(245)) - 094fd4e9-2874-4038-80ba-2b5ce22b28ac: shutdown group-490E5471D236
2019-09-19 11:16:45,447 [main] INFO  util.JmxRegister (JmxRegister.java:unregister(73)) - Successfully un-registered JMX Bean with object name Ratis:service=RaftServer,group=group-875207B6E3CF,id=e4ce95b5-80fa-473f-aa0f-54361613bedb
2019-09-19 11:16:45,448 [ForkJoinPool.commonPool-worker-1] INFO  util.JmxRegister (JmxRegister.java:unregister(73)) - Successfully un-registered JMX Bean with object name Ratis:service=RaftServer,group=group-490E5471D236,id=094fd4e9-2874-4038-80ba-2b5ce22b28ac
2019-09-19 11:16:45,448 [main] INFO  impl.RoleInfo (RoleInfo.java:shutdownLeaderState(104)) - e4ce95b5-80fa-473f-aa0f-54361613bedb: shutdown LeaderState
2019-09-19 11:16:45,448 [ForkJoinPool.commonPool-worker-1] INFO  impl.RoleInfo (RoleInfo.java:shutdownLeaderState(104)) - 094fd4e9-2874-4038-80ba-2b5ce22b28ac: shutdown LeaderState
2019-09-19 11:16:45,448 [main] INFO  impl.PendingRequests (PendingRequests.java:sendNotLeaderResponses(202)) - e4ce95b5-80fa-473f-aa0f-54361613bedb-PendingRequests: sendNotLeaderResponses
2019-09-19 11:16:45,449 [ForkJoinPool.commonPool-worker-1] INFO  impl.PendingRequests (PendingRequests.java:sendNotLeaderResponses(202)) - 094fd4e9-2874-4038-80ba-2b5ce22b28ac-PendingRequests: sendNotLeaderResponses
2019-09-19 11:16:45,449 [main] INFO  impl.StateMachineUpdater (StateMachineUpdater.java:stopAndJoin(115)) - StateMachineUpdater:e4ce95b5-80fa-473f-aa0f-54361613bedb:group-875207B6E3CF: set stopIndex = 0
2019-09-19 11:16:45,449 [ForkJoinPool.commonPool-worker-1] INFO  impl.StateMachineUpdater (StateMachineUpdater.java:stopAndJoin(115)) - StateMachineUpdater:094fd4e9-2874-4038-80ba-2b5ce22b28ac:group-490E5471D236: set stopIndex = 0
2019-09-19 11:16:45,450 [main] INFO  impl.RaftServerImpl (ServerState.java:close(394)) - e4ce95b5-80fa-473f-aa0f-54361613bedb:group-875207B6E3CF closes. The last applied log index is 0
2019-09-19 11:16:45,450 [ForkJoinPool.commonPool-worker-1] INFO  impl.RaftServerImpl (ServerState.java:close(394)) - 094fd4e9-2874-4038-80ba-2b5ce22b28ac:group-490E5471D236 closes. The last applied log index is 0
2019-09-19 11:16:45,450 [e4ce95b5-80fa-473f-aa0f-54361613bedb-SegmentedRaftLogWorker:Storage Directory /workdir/hadoop-ozone/integration-test/target/test-dir/MiniOzoneClusterImpl-a1b41923-72f3-42e0-8473-59a9e2cbbac3/datanode-1/data/ratis/d88163a6-946b-49f8-8a53-875207b6e3cf] INFO  segmented.SegmentedRaftLogWorker (SegmentedRaftLogWorker.java:run(313)) - e4ce95b5-80fa-473f-aa0f-54361613bedb-SegmentedRaftLogWorker:Storage Directory /workdir/hadoop-ozone/integration-test/target/test-dir/MiniOzoneClusterImpl-a1b41923-72f3-42e0-8473-59a9e2cbbac3/datanode-1/data/ratis/d88163a6-946b-49f8-8a53-875207b6e3cf was interrupted, exiting. There are 0 tasks remaining in the queue.
2019-09-19 11:16:45,450 [094fd4e9-2874-4038-80ba-2b5ce22b28ac-SegmentedRaftLogWorker:Storage Directory /workdir/hadoop-ozone/integration-test/target/test-dir/MiniOzoneClusterImpl-a1b41923-72f3-42e0-8473-59a9e2cbbac3/datanode-0/data/ratis/bb43fe34-6310-4856-b8bb-490e5471d236] INFO  segmented.SegmentedRaftLogWorker (SegmentedRaftLogWorker.java:run(313)) - 094fd4e9-2874-4038-80ba-2b5ce22b28ac-SegmentedRaftLogWorker:Storage Directory /workdir/hadoop-ozone/integration-test/target/test-dir/MiniOzoneClusterImpl-a1b41923-72f3-42e0-8473-59a9e2cbbac3/datanode-0/data/ratis/bb43fe34-6310-4856-b8bb-490e5471d236 was interrupted, exiting. There are 0 tasks remaining in the queue.
2019-09-19 11:16:45,451 [main] INFO  segmented.SegmentedRaftLogWorker (SegmentedRaftLogWorker.java:close(228)) - e4ce95b5-80fa-473f-aa0f-54361613bedb-SegmentedRaftLogWorker:Storage Directory /workdir/hadoop-ozone/integration-test/target/test-dir/MiniOzoneClusterImpl-a1b41923-72f3-42e0-8473-59a9e2cbbac3/datanode-1/data/ratis/d88163a6-946b-49f8-8a53-875207b6e3cf close()
2019-09-19 11:16:45,452 [ForkJoinPool.commonPool-worker-1] INFO  segmented.SegmentedRaftLogWorker (SegmentedRaftLogWorker.java:close(228)) - 094fd4e9-2874-4038-80ba-2b5ce22b28ac-SegmentedRaftLogWorker:Storage Directory /workdir/hadoop-ozone/integration-test/target/test-dir/MiniOzoneClusterImpl-a1b41923-72f3-42e0-8473-59a9e2cbbac3/datanode-0/data/ratis/bb43fe34-6310-4856-b8bb-490e5471d236 close()
2019-09-19 11:16:45,454 [main] INFO  impl.RaftServerImpl (RaftServerImpl.java:lambda$shutdown$3(245)) - e4ce95b5-80fa-473f-aa0f-54361613bedb: shutdown group-A19D2DC0D590
2019-09-19 11:16:45,456 [ForkJoinPool.commonPool-worker-1] INFO  impl.RaftServerImpl (RaftServerImpl.java:lambda$shutdown$3(245)) - 094fd4e9-2874-4038-80ba-2b5ce22b28ac: shutdown group-2D5404FCE24A
2019-09-19 11:16:45,456 [main] INFO  util.JmxRegister (JmxRegister.java:unregister(73)) - Successfully un-registered JMX Bean with object name Ratis:service=RaftServer,group=group-A19D2DC0D590,id=e4ce95b5-80fa-473f-aa0f-54361613bedb
2019-09-19 11:16:45,456 [ForkJoinPool.commonPool-worker-1] INFO  util.JmxRegister (JmxRegister.java:unregister(73)) - Successfully un-registered JMX Bean with object name Ratis:service=RaftServer,group=group-2D5404FCE24A,id=094fd4e9-2874-4038-80ba-2b5ce22b28ac
2019-09-19 11:16:45,456 [main] INFO  impl.RoleInfo (RoleInfo.java:shutdownLeaderState(104)) - e4ce95b5-80fa-473f-aa0f-54361613bedb: shutdown LeaderState
2019-09-19 11:16:45,457 [ForkJoinPool.commonPool-worker-1] INFO  impl.RoleInfo (RoleInfo.java:shutdownLeaderState(104)) - 094fd4e9-2874-4038-80ba-2b5ce22b28ac: shutdown LeaderState
2019-09-19 11:16:45,457 [main] INFO  impl.PendingRequests (PendingRequests.java:sendNotLeaderResponses(202)) - e4ce95b5-80fa-473f-aa0f-54361613bedb-PendingRequests: sendNotLeaderResponses
2019-09-19 11:16:45,457 [ForkJoinPool.commonPool-worker-1] INFO  impl.PendingRequests (PendingRequests.java:sendNotLeaderResponses(202)) - 094fd4e9-2874-4038-80ba-2b5ce22b28ac-PendingRequests: sendNotLeaderResponses
2019-09-19 11:16:45,458 [main] INFO  impl.StateMachineUpdater (StateMachineUpdater.java:stopAndJoin(115)) - StateMachineUpdater:e4ce95b5-80fa-473f-aa0f-54361613bedb:group-A19D2DC0D590: set stopIndex = 0
2019-09-19 11:16:45,458 [ForkJoinPool.commonPool-worker-1] INFO  impl.StateMachineUpdater (StateMachineUpdater.java:stopAndJoin(115)) - StateMachineUpdater:094fd4e9-2874-4038-80ba-2b5ce22b28ac:group-2D5404FCE24A: set stopIndex = 0
2019-09-19 11:16:45,458 [main] INFO  impl.RaftServerImpl (ServerState.java:close(394)) - e4ce95b5-80fa-473f-aa0f-54361613bedb:group-A19D2DC0D590 closes. The last applied log index is 0
2019-09-19 11:16:45,458 [ForkJoinPool.commonPool-worker-1] INFO  impl.RaftServerImpl (ServerState.java:close(394)) - 094fd4e9-2874-4038-80ba-2b5ce22b28ac:group-2D5404FCE24A closes. The last applied log index is 0
2019-09-19 11:16:45,459 [e4ce95b5-80fa-473f-aa0f-54361613bedb-SegmentedRaftLogWorker:Storage Directory /workdir/hadoop-ozone/integration-test/target/test-dir/MiniOzoneClusterImpl-a1b41923-72f3-42e0-8473-59a9e2cbbac3/datanode-1/data/ratis/7b29d3cf-2524-42f7-96f4-a19d2dc0d590] INFO  segmented.SegmentedRaftLogWorker (SegmentedRaftLogWorker.java:run(313)) - e4ce95b5-80fa-473f-aa0f-54361613bedb-SegmentedRaftLogWorker:Storage Directory /workdir/hadoop-ozone/integration-test/target/test-dir/MiniOzoneClusterImpl-a1b41923-72f3-42e0-8473-59a9e2cbbac3/datanode-1/data/ratis/7b29d3cf-2524-42f7-96f4-a19d2dc0d590 was interrupted, exiting. There are 0 tasks remaining in the queue.
2019-09-19 11:16:45,459 [094fd4e9-2874-4038-80ba-2b5ce22b28ac-SegmentedRaftLogWorker:Storage Directory /workdir/hadoop-ozone/integration-test/target/test-dir/MiniOzoneClusterImpl-a1b41923-72f3-42e0-8473-59a9e2cbbac3/datanode-0/data/ratis/55642c56-67ed-4bb3-9733-2d5404fce24a] INFO  segmented.SegmentedRaftLogWorker (SegmentedRaftLogWorker.java:run(313)) - 094fd4e9-2874-4038-80ba-2b5ce22b28ac-SegmentedRaftLogWorker:Storage Directory /workdir/hadoop-ozone/integration-test/target/test-dir/MiniOzoneClusterImpl-a1b41923-72f3-42e0-8473-59a9e2cbbac3/datanode-0/data/ratis/55642c56-67ed-4bb3-9733-2d5404fce24a was interrupted, exiting. There are 0 tasks remaining in the queue.
2019-09-19 11:16:45,460 [main] INFO  segmented.SegmentedRaftLogWorker (SegmentedRaftLogWorker.java:close(228)) - e4ce95b5-80fa-473f-aa0f-54361613bedb-SegmentedRaftLogWorker:Storage Directory /workdir/hadoop-ozone/integration-test/target/test-dir/MiniOzoneClusterImpl-a1b41923-72f3-42e0-8473-59a9e2cbbac3/datanode-1/data/ratis/7b29d3cf-2524-42f7-96f4-a19d2dc0d590 close()
2019-09-19 11:16:45,461 [ForkJoinPool.commonPool-worker-1] INFO  segmented.SegmentedRaftLogWorker (SegmentedRaftLogWorker.java:close(228)) - 094fd4e9-2874-4038-80ba-2b5ce22b28ac-SegmentedRaftLogWorker:Storage Directory /workdir/hadoop-ozone/integration-test/target/test-dir/MiniOzoneClusterImpl-a1b41923-72f3-42e0-8473-59a9e2cbbac3/datanode-0/data/ratis/55642c56-67ed-4bb3-9733-2d5404fce24a close()
2019-09-19 11:16:45,464 [main] INFO  impl.RaftServerImpl (RaftServerImpl.java:lambda$shutdown$3(245)) - e4ce95b5-80fa-473f-aa0f-54361613bedb: shutdown group-C7CCCC713EE1
2019-09-19 11:16:45,470 [ForkJoinPool.commonPool-worker-1] INFO  impl.RaftServerImpl (RaftServerImpl.java:lambda$shutdown$3(245)) - 094fd4e9-2874-4038-80ba-2b5ce22b28ac: shutdown group-28BEA005F708
2019-09-19 11:16:45,471 [main] INFO  util.JmxRegister (JmxRegister.java:unregister(73)) - Successfully un-registered JMX Bean with object name Ratis:service=RaftServer,group=group-C7CCCC713EE1,id=e4ce95b5-80fa-473f-aa0f-54361613bedb
2019-09-19 11:16:45,471 [ForkJoinPool.commonPool-worker-1] INFO  util.JmxRegister (JmxRegister.java:unregister(73)) - Successfully un-registered JMX Bean with object name Ratis:service=RaftServer,group=group-28BEA005F708,id=094fd4e9-2874-4038-80ba-2b5ce22b28ac
2019-09-19 11:16:45,472 [main] INFO  impl.RoleInfo (RoleInfo.java:shutdownLeaderState(104)) - e4ce95b5-80fa-473f-aa0f-54361613bedb: shutdown LeaderState
2019-09-19 11:16:45,472 [ForkJoinPool.commonPool-worker-1] INFO  impl.RoleInfo (RoleInfo.java:shutdownLeaderState(104)) - 094fd4e9-2874-4038-80ba-2b5ce22b28ac: shutdown LeaderState
2019-09-19 11:16:45,472 [main] INFO  impl.PendingRequests (PendingRequests.java:sendNotLeaderResponses(202)) - e4ce95b5-80fa-473f-aa0f-54361613bedb-PendingRequests: sendNotLeaderResponses
2019-09-19 11:16:45,472 [ForkJoinPool.commonPool-worker-1] INFO  impl.PendingRequests (PendingRequests.java:sendNotLeaderResponses(202)) - 094fd4e9-2874-4038-80ba-2b5ce22b28ac-PendingRequests: sendNotLeaderResponses
2019-09-19 11:16:45,473 [main] INFO  impl.StateMachineUpdater (StateMachineUpdater.java:stopAndJoin(115)) - StateMachineUpdater:e4ce95b5-80fa-473f-aa0f-54361613bedb:group-C7CCCC713EE1: set stopIndex = 0
2019-09-19 11:16:45,473 [ForkJoinPool.commonPool-worker-1] INFO  impl.StateMachineUpdater (StateMachineUpdater.java:stopAndJoin(115)) - StateMachineUpdater:094fd4e9-2874-4038-80ba-2b5ce22b28ac:group-28BEA005F708: set stopIndex = 0
2019-09-19 11:16:45,473 [main] INFO  impl.RaftServerImpl (ServerState.java:close(394)) - e4ce95b5-80fa-473f-aa0f-54361613bedb:group-C7CCCC713EE1 closes. The last applied log index is 0
2019-09-19 11:16:45,473 [ForkJoinPool.commonPool-worker-1] INFO  impl.RaftServerImpl (ServerState.java:close(394)) - 094fd4e9-2874-4038-80ba-2b5ce22b28ac:group-28BEA005F708 closes. The last applied log index is 0
2019-09-19 11:16:45,474 [e4ce95b5-80fa-473f-aa0f-54361613bedb-SegmentedRaftLogWorker:Storage Directory /workdir/hadoop-ozone/integration-test/target/test-dir/MiniOzoneClusterImpl-a1b41923-72f3-42e0-8473-59a9e2cbbac3/datanode-1/data/ratis/37d42998-8607-44dd-b767-c7cccc713ee1] INFO  segmented.SegmentedRaftLogWorker (SegmentedRaftLogWorker.java:run(313)) - e4ce95b5-80fa-473f-aa0f-54361613bedb-SegmentedRaftLogWorker:Storage Directory /workdir/hadoop-ozone/integration-test/target/test-dir/MiniOzoneClusterImpl-a1b41923-72f3-42e0-8473-59a9e2cbbac3/datanode-1/data/ratis/37d42998-8607-44dd-b767-c7cccc713ee1 was interrupted, exiting. There are 0 tasks remaining in the queue.
2019-09-19 11:16:45,474 [094fd4e9-2874-4038-80ba-2b5ce22b28ac-SegmentedRaftLogWorker:Storage Directory /workdir/hadoop-ozone/integration-test/target/test-dir/MiniOzoneClusterImpl-a1b41923-72f3-42e0-8473-59a9e2cbbac3/datanode-0/data/ratis/191683b0-3336-485b-92d6-28bea005f708] INFO  segmented.SegmentedRaftLogWorker (SegmentedRaftLogWorker.java:run(313)) - 094fd4e9-2874-4038-80ba-2b5ce22b28ac-SegmentedRaftLogWorker:Storage Directory /workdir/hadoop-ozone/integration-test/target/test-dir/MiniOzoneClusterImpl-a1b41923-72f3-42e0-8473-59a9e2cbbac3/datanode-0/data/ratis/191683b0-3336-485b-92d6-28bea005f708 was interrupted, exiting. There are 0 tasks remaining in the queue.
2019-09-19 11:16:45,474 [main] INFO  segmented.SegmentedRaftLogWorker (SegmentedRaftLogWorker.java:close(228)) - e4ce95b5-80fa-473f-aa0f-54361613bedb-SegmentedRaftLogWorker:Storage Directory /workdir/hadoop-ozone/integration-test/target/test-dir/MiniOzoneClusterImpl-a1b41923-72f3-42e0-8473-59a9e2cbbac3/datanode-1/data/ratis/37d42998-8607-44dd-b767-c7cccc713ee1 close()
2019-09-19 11:16:45,474 [ForkJoinPool.commonPool-worker-1] INFO  segmented.SegmentedRaftLogWorker (SegmentedRaftLogWorker.java:close(228)) - 094fd4e9-2874-4038-80ba-2b5ce22b28ac-SegmentedRaftLogWorker:Storage Directory /workdir/hadoop-ozone/integration-test/target/test-dir/MiniOzoneClusterImpl-a1b41923-72f3-42e0-8473-59a9e2cbbac3/datanode-0/data/ratis/191683b0-3336-485b-92d6-28bea005f708 close()
2019-09-19 11:16:45,476 [main] INFO  server.GrpcService (GrpcService.java:closeImpl(155)) - e4ce95b5-80fa-473f-aa0f-54361613bedb: shutdown server with port 37805 now
2019-09-19 11:16:45,477 [ForkJoinPool.commonPool-worker-1] INFO  server.GrpcService (GrpcService.java:closeImpl(155)) - 094fd4e9-2874-4038-80ba-2b5ce22b28ac: shutdown server with port 46206 now
2019-09-19 11:16:45,479 [main] INFO  server.GrpcService (GrpcService.java:closeImpl(163)) - e4ce95b5-80fa-473f-aa0f-54361613bedb: shutdown server with port 37805 successfully
2019-09-19 11:16:45,480 [ForkJoinPool.commonPool-worker-1] INFO  server.GrpcService (GrpcService.java:closeImpl(163)) - 094fd4e9-2874-4038-80ba-2b5ce22b28ac: shutdown server with port 46206 successfully
2019-09-19 11:16:45,481 [main] INFO  utils.BackgroundService (BackgroundService.java:shutdown(148)) - Shutting down service BlockDeletingService
2019-09-19 11:16:45,483 [refreshUsed-/workdir/hadoop-ozone/integration-test/target/test-dir/MiniOzoneClusterImpl-a1b41923-72f3-42e0-8473-59a9e2cbbac3/datanode-1/data/containers] WARN  fs.CachingGetSpaceUsed (CachingGetSpaceUsed.java:run(183)) - Thread Interrupted waiting to refresh disk information: sleep interrupted
2019-09-19 11:16:45,487 [ForkJoinPool.commonPool-worker-1] INFO  utils.BackgroundService (BackgroundService.java:shutdown(148)) - Shutting down service BlockDeletingService
2019-09-19 11:16:45,488 [refreshUsed-/workdir/hadoop-ozone/integration-test/target/test-dir/MiniOzoneClusterImpl-a1b41923-72f3-42e0-8473-59a9e2cbbac3/datanode-0/data/containers] WARN  fs.CachingGetSpaceUsed (CachingGetSpaceUsed.java:run(183)) - Thread Interrupted waiting to refresh disk information: sleep interrupted
2019-09-19 11:16:45,500 [main] INFO  statemachine.DatanodeStateMachine (DatanodeStateMachine.java:stopDaemon(395)) - Ozone container server stopped.
2019-09-19 11:16:45,501 [main] INFO  handler.ContextHandler (ContextHandler.java:doStop(910)) - Stopped o.e.j.w.WebAppContext@1d637673{/,null,UNAVAILABLE}{/hddsDatanode}
2019-09-19 11:16:45,502 [main] INFO  server.AbstractConnector (AbstractConnector.java:doStop(318)) - Stopped ServerConnector@2913ca3e{HTTP/1.1,[http/1.1]}{0.0.0.0:0}
2019-09-19 11:16:45,502 [main] INFO  handler.ContextHandler (ContextHandler.java:doStop(910)) - Stopped o.e.j.s.ServletContextHandler@118cbded{/static,jar:file:/home/user/.m2/repository/org/apache/hadoop/hadoop-hdds-container-service/0.5.0-SNAPSHOT/hadoop-hdds-container-service-0.5.0-SNAPSHOT.jar!/webapps/static,UNAVAILABLE}
2019-09-19 11:16:45,502 [main] INFO  handler.ContextHandler (ContextHandler.java:doStop(910)) - Stopped o.e.j.s.ServletContextHandler@121ddca4{/logs,file:///workdir/hadoop-ozone/integration-test/target/log,UNAVAILABLE}
2019-09-19 11:16:45,503 [main] INFO  datanode.ObjectStoreHandler (ObjectStoreHandler.java:close(155)) - Closing ObjectStoreHandler.
2019-09-19 11:16:45,504 [main] INFO  ozone.HddsDatanodeService (HddsDatanodeService.java:stop(451)) - Stopped plug-in org.apache.hadoop.ozone.web.OzoneHddsDatanodeService@500ec769
2019-09-19 11:16:45,508 [ForkJoinPool.commonPool-worker-1] INFO  statemachine.DatanodeStateMachine (DatanodeStateMachine.java:stopDaemon(395)) - Ozone container server stopped.
2019-09-19 11:16:45,511 [ForkJoinPool.commonPool-worker-1] INFO  handler.ContextHandler (ContextHandler.java:doStop(910)) - Stopped o.e.j.w.WebAppContext@4e2cdc51{/,null,UNAVAILABLE}{/hddsDatanode}
2019-09-19 11:16:45,512 [ForkJoinPool.commonPool-worker-1] INFO  server.AbstractConnector (AbstractConnector.java:doStop(318)) - Stopped ServerConnector@2969a9a6{HTTP/1.1,[http/1.1]}{0.0.0.0:0}
2019-09-19 11:16:45,513 [ForkJoinPool.commonPool-worker-1] INFO  handler.ContextHandler (ContextHandler.java:doStop(910)) - Stopped o.e.j.s.ServletContextHandler@1b791dca{/static,jar:file:/home/user/.m2/repository/org/apache/hadoop/hadoop-hdds-container-service/0.5.0-SNAPSHOT/hadoop-hdds-container-service-0.5.0-SNAPSHOT.jar!/webapps/static,UNAVAILABLE}
2019-09-19 11:16:45,514 [ForkJoinPool.commonPool-worker-1] INFO  handler.ContextHandler (ContextHandler.java:doStop(910)) - Stopped o.e.j.s.ServletContextHandler@1d944fc0{/logs,file:///workdir/hadoop-ozone/integration-test/target/log,UNAVAILABLE}
2019-09-19 11:16:46,398 [Datanode State Machine Thread - 0] INFO  statemachine.DatanodeStateMachine (DatanodeStateMachine.java:lambda$startDaemon$0(350)) - Ozone container server started.
2019-09-19 11:16:50,505 [main] INFO  ozoneimpl.OzoneContainer (OzoneContainer.java:stop(199)) - Attempting to stop container services.
2019-09-19 11:16:50,506 [main] INFO  impl.RaftServerProxy (RaftServerProxy.java:lambda$close$4(314)) - d7fad138-c66e-4dac-aa7f-32cef276c0fb: close
2019-09-19 11:16:50,507 [main] INFO  impl.RaftServerImpl (RaftServerImpl.java:lambda$shutdown$3(245)) - d7fad138-c66e-4dac-aa7f-32cef276c0fb: shutdown group-599F9FDA25DE
2019-09-19 11:16:50,507 [ForkJoinPool.commonPool-worker-0] INFO  impl.RaftServerImpl (RaftServerImpl.java:lambda$shutdown$3(245)) - d7fad138-c66e-4dac-aa7f-32cef276c0fb: shutdown group-89D8D82F6542
2019-09-19 11:16:50,508 [main] INFO  util.JmxRegister (JmxRegister.java:unregister(73)) - Successfully un-registered JMX Bean with object name Ratis:service=RaftServer,group=group-599F9FDA25DE,id=d7fad138-c66e-4dac-aa7f-32cef276c0fb
2019-09-19 11:16:50,508 [ForkJoinPool.commonPool-worker-0] INFO  util.JmxRegister (JmxRegister.java:unregister(73)) - Successfully un-registered JMX Bean with object name Ratis:service=RaftServer,group=group-89D8D82F6542,id=d7fad138-c66e-4dac-aa7f-32cef276c0fb
2019-09-19 11:16:50,508 [main] INFO  impl.RoleInfo (RoleInfo.java:shutdownLeaderState(104)) - d7fad138-c66e-4dac-aa7f-32cef276c0fb: shutdown LeaderState
2019-09-19 11:16:50,509 [ForkJoinPool.commonPool-worker-0] INFO  impl.RoleInfo (RoleInfo.java:shutdownLeaderState(104)) - d7fad138-c66e-4dac-aa7f-32cef276c0fb: shutdown LeaderState
2019-09-19 11:16:50,509 [main] INFO  impl.PendingRequests (PendingRequests.java:sendNotLeaderResponses(202)) - d7fad138-c66e-4dac-aa7f-32cef276c0fb-PendingRequests: sendNotLeaderResponses
2019-09-19 11:16:50,509 [ForkJoinPool.commonPool-worker-0] INFO  impl.PendingRequests (PendingRequests.java:sendNotLeaderResponses(202)) - d7fad138-c66e-4dac-aa7f-32cef276c0fb-PendingRequests: sendNotLeaderResponses
2019-09-19 11:16:50,510 [main] INFO  impl.StateMachineUpdater (StateMachineUpdater.java:stopAndJoin(115)) - StateMachineUpdater:d7fad138-c66e-4dac-aa7f-32cef276c0fb:group-599F9FDA25DE: set stopIndex = 0
2019-09-19 11:16:50,510 [ForkJoinPool.commonPool-worker-0] INFO  impl.StateMachineUpdater (StateMachineUpdater.java:stopAndJoin(115)) - StateMachineUpdater:d7fad138-c66e-4dac-aa7f-32cef276c0fb:group-89D8D82F6542: set stopIndex = 0
2019-09-19 11:16:50,510 [main] INFO  impl.RaftServerImpl (ServerState.java:close(394)) - d7fad138-c66e-4dac-aa7f-32cef276c0fb:group-599F9FDA25DE closes. The last applied log index is 0
2019-09-19 11:16:50,511 [ForkJoinPool.commonPool-worker-0] INFO  impl.RaftServerImpl (ServerState.java:close(394)) - d7fad138-c66e-4dac-aa7f-32cef276c0fb:group-89D8D82F6542 closes. The last applied log index is 0
2019-09-19 11:16:50,511 [d7fad138-c66e-4dac-aa7f-32cef276c0fb-SegmentedRaftLogWorker:Storage Directory /workdir/hadoop-ozone/integration-test/target/test-dir/MiniOzoneClusterImpl-a1b41923-72f3-42e0-8473-59a9e2cbbac3/datanode-2/data/ratis/df4ff237-f2e3-4d36-b320-599f9fda25de] INFO  segmented.SegmentedRaftLogWorker (SegmentedRaftLogWorker.java:run(313)) - d7fad138-c66e-4dac-aa7f-32cef276c0fb-SegmentedRaftLogWorker:Storage Directory /workdir/hadoop-ozone/integration-test/target/test-dir/MiniOzoneClusterImpl-a1b41923-72f3-42e0-8473-59a9e2cbbac3/datanode-2/data/ratis/df4ff237-f2e3-4d36-b320-599f9fda25de was interrupted, exiting. There are 0 tasks remaining in the queue.
2019-09-19 11:16:50,511 [d7fad138-c66e-4dac-aa7f-32cef276c0fb-SegmentedRaftLogWorker:Storage Directory /workdir/hadoop-ozone/integration-test/target/test-dir/MiniOzoneClusterImpl-a1b41923-72f3-42e0-8473-59a9e2cbbac3/datanode-2/data/ratis/204bf1e3-a53d-4999-b2c1-89d8d82f6542] INFO  segmented.SegmentedRaftLogWorker (SegmentedRaftLogWorker.java:run(313)) - d7fad138-c66e-4dac-aa7f-32cef276c0fb-SegmentedRaftLogWorker:Storage Directory /workdir/hadoop-ozone/integration-test/target/test-dir/MiniOzoneClusterImpl-a1b41923-72f3-42e0-8473-59a9e2cbbac3/datanode-2/data/ratis/204bf1e3-a53d-4999-b2c1-89d8d82f6542 was interrupted, exiting. There are 0 tasks remaining in the queue.
2019-09-19 11:16:50,512 [ForkJoinPool.commonPool-worker-0] INFO  segmented.SegmentedRaftLogWorker (SegmentedRaftLogWorker.java:close(228)) - d7fad138-c66e-4dac-aa7f-32cef276c0fb-SegmentedRaftLogWorker:Storage Directory /workdir/hadoop-ozone/integration-test/target/test-dir/MiniOzoneClusterImpl-a1b41923-72f3-42e0-8473-59a9e2cbbac3/datanode-2/data/ratis/204bf1e3-a53d-4999-b2c1-89d8d82f6542 close()
2019-09-19 11:16:50,512 [main] INFO  segmented.SegmentedRaftLogWorker (SegmentedRaftLogWorker.java:close(228)) - d7fad138-c66e-4dac-aa7f-32cef276c0fb-SegmentedRaftLogWorker:Storage Directory /workdir/hadoop-ozone/integration-test/target/test-dir/MiniOzoneClusterImpl-a1b41923-72f3-42e0-8473-59a9e2cbbac3/datanode-2/data/ratis/df4ff237-f2e3-4d36-b320-599f9fda25de close()
2019-09-19 11:16:50,513 [ForkJoinPool.commonPool-worker-0] INFO  impl.RaftServerImpl (RaftServerImpl.java:lambda$shutdown$3(245)) - d7fad138-c66e-4dac-aa7f-32cef276c0fb: shutdown group-8FE27FA366E3
2019-09-19 11:16:50,515 [main] INFO  impl.RaftServerImpl (RaftServerImpl.java:lambda$shutdown$3(245)) - d7fad138-c66e-4dac-aa7f-32cef276c0fb: shutdown group-762ABF295281
2019-09-19 11:16:50,515 [ForkJoinPool.commonPool-worker-0] INFO  util.JmxRegister (JmxRegister.java:unregister(73)) - Successfully un-registered JMX Bean with object name Ratis:service=RaftServer,group=group-8FE27FA366E3,id=d7fad138-c66e-4dac-aa7f-32cef276c0fb
2019-09-19 11:16:50,515 [main] INFO  util.JmxRegister (JmxRegister.java:unregister(73)) - Successfully un-registered JMX Bean with object name Ratis:service=RaftServer,group=group-762ABF295281,id=d7fad138-c66e-4dac-aa7f-32cef276c0fb
2019-09-19 11:16:50,516 [ForkJoinPool.commonPool-worker-0] INFO  impl.RoleInfo (RoleInfo.java:shutdownLeaderState(104)) - d7fad138-c66e-4dac-aa7f-32cef276c0fb: shutdown LeaderState
2019-09-19 11:16:50,516 [main] INFO  impl.RoleInfo (RoleInfo.java:shutdownLeaderState(104)) - d7fad138-c66e-4dac-aa7f-32cef276c0fb: shutdown LeaderState
2019-09-19 11:16:50,516 [ForkJoinPool.commonPool-worker-0] INFO  impl.PendingRequests (PendingRequests.java:sendNotLeaderResponses(202)) - d7fad138-c66e-4dac-aa7f-32cef276c0fb-PendingRequests: sendNotLeaderResponses
2019-09-19 11:16:50,517 [main] INFO  impl.PendingRequests (PendingRequests.java:sendNotLeaderResponses(202)) - d7fad138-c66e-4dac-aa7f-32cef276c0fb-PendingRequests: sendNotLeaderResponses
2019-09-19 11:16:50,517 [ForkJoinPool.commonPool-worker-0] INFO  impl.StateMachineUpdater (StateMachineUpdater.java:stopAndJoin(115)) - StateMachineUpdater:d7fad138-c66e-4dac-aa7f-32cef276c0fb:group-8FE27FA366E3: set stopIndex = 0
2019-09-19 11:16:50,517 [main] INFO  impl.StateMachineUpdater (StateMachineUpdater.java:stopAndJoin(115)) - StateMachineUpdater:d7fad138-c66e-4dac-aa7f-32cef276c0fb:group-762ABF295281: set stopIndex = 0
2019-09-19 11:16:50,518 [ForkJoinPool.commonPool-worker-0] INFO  impl.RaftServerImpl (ServerState.java:close(394)) - d7fad138-c66e-4dac-aa7f-32cef276c0fb:group-8FE27FA366E3 closes. The last applied log index is 0
2019-09-19 11:16:50,518 [main] INFO  impl.RaftServerImpl (ServerState.java:close(394)) - d7fad138-c66e-4dac-aa7f-32cef276c0fb:group-762ABF295281 closes. The last applied log index is 0
2019-09-19 11:16:50,518 [d7fad138-c66e-4dac-aa7f-32cef276c0fb-SegmentedRaftLogWorker:Storage Directory /workdir/hadoop-ozone/integration-test/target/test-dir/MiniOzoneClusterImpl-a1b41923-72f3-42e0-8473-59a9e2cbbac3/datanode-2/data/ratis/81438663-d84c-4ce9-bb2e-8fe27fa366e3] INFO  segmented.SegmentedRaftLogWorker (SegmentedRaftLogWorker.java:run(313)) - d7fad138-c66e-4dac-aa7f-32cef276c0fb-SegmentedRaftLogWorker:Storage Directory /workdir/hadoop-ozone/integration-test/target/test-dir/MiniOzoneClusterImpl-a1b41923-72f3-42e0-8473-59a9e2cbbac3/datanode-2/data/ratis/81438663-d84c-4ce9-bb2e-8fe27fa366e3 was interrupted, exiting. There are 0 tasks remaining in the queue.
2019-09-19 11:16:50,519 [d7fad138-c66e-4dac-aa7f-32cef276c0fb-SegmentedRaftLogWorker:Storage Directory /workdir/hadoop-ozone/integration-test/target/test-dir/MiniOzoneClusterImpl-a1b41923-72f3-42e0-8473-59a9e2cbbac3/datanode-2/data/ratis/75a25125-8d18-4142-b8ae-762abf295281] INFO  segmented.SegmentedRaftLogWorker (SegmentedRaftLogWorker.java:run(313)) - d7fad138-c66e-4dac-aa7f-32cef276c0fb-SegmentedRaftLogWorker:Storage Directory /workdir/hadoop-ozone/integration-test/target/test-dir/MiniOzoneClusterImpl-a1b41923-72f3-42e0-8473-59a9e2cbbac3/datanode-2/data/ratis/75a25125-8d18-4142-b8ae-762abf295281 was interrupted, exiting. There are 0 tasks remaining in the queue.
2019-09-19 11:16:50,519 [ForkJoinPool.commonPool-worker-0] INFO  segmented.SegmentedRaftLogWorker (SegmentedRaftLogWorker.java:close(228)) - d7fad138-c66e-4dac-aa7f-32cef276c0fb-SegmentedRaftLogWorker:Storage Directory /workdir/hadoop-ozone/integration-test/target/test-dir/MiniOzoneClusterImpl-a1b41923-72f3-42e0-8473-59a9e2cbbac3/datanode-2/data/ratis/81438663-d84c-4ce9-bb2e-8fe27fa366e3 close()
2019-09-19 11:16:50,519 [main] INFO  segmented.SegmentedRaftLogWorker (SegmentedRaftLogWorker.java:close(228)) - d7fad138-c66e-4dac-aa7f-32cef276c0fb-SegmentedRaftLogWorker:Storage Directory /workdir/hadoop-ozone/integration-test/target/test-dir/MiniOzoneClusterImpl-a1b41923-72f3-42e0-8473-59a9e2cbbac3/datanode-2/data/ratis/75a25125-8d18-4142-b8ae-762abf295281 close()
2019-09-19 11:16:50,520 [ForkJoinPool.commonPool-worker-0] INFO  impl.RaftServerImpl (RaftServerImpl.java:lambda$shutdown$3(245)) - d7fad138-c66e-4dac-aa7f-32cef276c0fb: shutdown group-F92D146D9A4A
2019-09-19 11:16:50,521 [main] INFO  impl.RaftServerImpl (RaftServerImpl.java:lambda$shutdown$3(245)) - d7fad138-c66e-4dac-aa7f-32cef276c0fb: shutdown group-8670A879DA45
2019-09-19 11:16:50,522 [ForkJoinPool.commonPool-worker-0] INFO  util.JmxRegister (JmxRegister.java:unregister(73)) - Successfully un-registered JMX Bean with object name Ratis:service=RaftServer,group=group-F92D146D9A4A,id=d7fad138-c66e-4dac-aa7f-32cef276c0fb
2019-09-19 11:16:50,522 [main] INFO  util.JmxRegister (JmxRegister.java:unregister(73)) - Successfully un-registered JMX Bean with object name Ratis:service=RaftServer,group=group-8670A879DA45,id=d7fad138-c66e-4dac-aa7f-32cef276c0fb
2019-09-19 11:16:50,522 [ForkJoinPool.commonPool-worker-0] INFO  impl.RoleInfo (RoleInfo.java:shutdownLeaderState(104)) - d7fad138-c66e-4dac-aa7f-32cef276c0fb: shutdown LeaderState
2019-09-19 11:16:50,523 [main] INFO  impl.RoleInfo (RoleInfo.java:shutdownLeaderState(104)) - d7fad138-c66e-4dac-aa7f-32cef276c0fb: shutdown LeaderState
2019-09-19 11:16:50,523 [ForkJoinPool.commonPool-worker-0] INFO  impl.PendingRequests (PendingRequests.java:sendNotLeaderResponses(202)) - d7fad138-c66e-4dac-aa7f-32cef276c0fb-PendingRequests: sendNotLeaderResponses
2019-09-19 11:16:50,523 [main] INFO  impl.PendingRequests (PendingRequests.java:sendNotLeaderResponses(202)) - d7fad138-c66e-4dac-aa7f-32cef276c0fb-PendingRequests: sendNotLeaderResponses
2019-09-19 11:16:50,524 [ForkJoinPool.commonPool-worker-0] INFO  impl.StateMachineUpdater (StateMachineUpdater.java:stopAndJoin(115)) - StateMachineUpdater:d7fad138-c66e-4dac-aa7f-32cef276c0fb:group-F92D146D9A4A: set stopIndex = 0
2019-09-19 11:16:50,524 [main] INFO  impl.StateMachineUpdater (StateMachineUpdater.java:stopAndJoin(115)) - StateMachineUpdater:d7fad138-c66e-4dac-aa7f-32cef276c0fb:group-8670A879DA45: set stopIndex = 0
2019-09-19 11:16:50,524 [ForkJoinPool.commonPool-worker-0] INFO  impl.RaftServerImpl (ServerState.java:close(394)) - d7fad138-c66e-4dac-aa7f-32cef276c0fb:group-F92D146D9A4A closes. The last applied log index is 0
2019-09-19 11:16:50,525 [main] INFO  impl.RaftServerImpl (ServerState.java:close(394)) - d7fad138-c66e-4dac-aa7f-32cef276c0fb:group-8670A879DA45 closes. The last applied log index is 0
2019-09-19 11:16:50,525 [d7fad138-c66e-4dac-aa7f-32cef276c0fb-SegmentedRaftLogWorker:Storage Directory /workdir/hadoop-ozone/integration-test/target/test-dir/MiniOzoneClusterImpl-a1b41923-72f3-42e0-8473-59a9e2cbbac3/datanode-2/data/ratis/1990e86c-07ef-4fbe-a37c-f92d146d9a4a] INFO  segmented.SegmentedRaftLogWorker (SegmentedRaftLogWorker.java:run(313)) - d7fad138-c66e-4dac-aa7f-32cef276c0fb-SegmentedRaftLogWorker:Storage Directory /workdir/hadoop-ozone/integration-test/target/test-dir/MiniOzoneClusterImpl-a1b41923-72f3-42e0-8473-59a9e2cbbac3/datanode-2/data/ratis/1990e86c-07ef-4fbe-a37c-f92d146d9a4a was interrupted, exiting. There are 0 tasks remaining in the queue.
2019-09-19 11:16:50,526 [d7fad138-c66e-4dac-aa7f-32cef276c0fb-SegmentedRaftLogWorker:Storage Directory /workdir/hadoop-ozone/integration-test/target/test-dir/MiniOzoneClusterImpl-a1b41923-72f3-42e0-8473-59a9e2cbbac3/datanode-2/data/ratis/ecf7920f-a179-4ea1-8c63-8670a879da45] INFO  segmented.SegmentedRaftLogWorker (SegmentedRaftLogWorker.java:run(313)) - d7fad138-c66e-4dac-aa7f-32cef276c0fb-SegmentedRaftLogWorker:Storage Directory /workdir/hadoop-ozone/integration-test/target/test-dir/MiniOzoneClusterImpl-a1b41923-72f3-42e0-8473-59a9e2cbbac3/datanode-2/data/ratis/ecf7920f-a179-4ea1-8c63-8670a879da45 was interrupted, exiting. There are 0 tasks remaining in the queue.
2019-09-19 11:16:50,526 [ForkJoinPool.commonPool-worker-0] INFO  segmented.SegmentedRaftLogWorker (SegmentedRaftLogWorker.java:close(228)) - d7fad138-c66e-4dac-aa7f-32cef276c0fb-SegmentedRaftLogWorker:Storage Directory /workdir/hadoop-ozone/integration-test/target/test-dir/MiniOzoneClusterImpl-a1b41923-72f3-42e0-8473-59a9e2cbbac3/datanode-2/data/ratis/1990e86c-07ef-4fbe-a37c-f92d146d9a4a close()
2019-09-19 11:16:50,526 [main] INFO  segmented.SegmentedRaftLogWorker (SegmentedRaftLogWorker.java:close(228)) - d7fad138-c66e-4dac-aa7f-32cef276c0fb-SegmentedRaftLogWorker:Storage Directory /workdir/hadoop-ozone/integration-test/target/test-dir/MiniOzoneClusterImpl-a1b41923-72f3-42e0-8473-59a9e2cbbac3/datanode-2/data/ratis/ecf7920f-a179-4ea1-8c63-8670a879da45 close()
2019-09-19 11:16:50,528 [main] INFO  server.GrpcService (GrpcService.java:closeImpl(155)) - d7fad138-c66e-4dac-aa7f-32cef276c0fb: shutdown server with port 35353 now
2019-09-19 11:16:50,530 [main] INFO  server.GrpcService (GrpcService.java:closeImpl(163)) - d7fad138-c66e-4dac-aa7f-32cef276c0fb: shutdown server with port 35353 successfully
2019-09-19 11:16:50,532 [main] INFO  utils.BackgroundService (BackgroundService.java:shutdown(148)) - Shutting down service BlockDeletingService
2019-09-19 11:16:50,535 [refreshUsed-/workdir/hadoop-ozone/integration-test/target/test-dir/MiniOzoneClusterImpl-a1b41923-72f3-42e0-8473-59a9e2cbbac3/datanode-2/data/containers] WARN  fs.CachingGetSpaceUsed (CachingGetSpaceUsed.java:run(183)) - Thread Interrupted waiting to refresh disk information: sleep interrupted
2019-09-19 11:16:50,555 [main] INFO  statemachine.DatanodeStateMachine (DatanodeStateMachine.java:stopDaemon(395)) - Ozone container server stopped.
2019-09-19 11:16:50,556 [main] INFO  handler.ContextHandler (ContextHandler.java:doStop(910)) - Stopped o.e.j.w.WebAppContext@65af05b2{/,null,UNAVAILABLE}{/hddsDatanode}
2019-09-19 11:16:50,557 [main] INFO  server.AbstractConnector (AbstractConnector.java:doStop(318)) - Stopped ServerConnector@11ad095c{HTTP/1.1,[http/1.1]}{0.0.0.0:0}
2019-09-19 11:16:50,558 [main] INFO  handler.ContextHandler (ContextHandler.java:doStop(910)) - Stopped o.e.j.s.ServletContextHandler@5f6a8efe{/static,jar:file:/home/user/.m2/repository/org/apache/hadoop/hadoop-hdds-container-service/0.5.0-SNAPSHOT/hadoop-hdds-container-service-0.5.0-SNAPSHOT.jar!/webapps/static,UNAVAILABLE}
2019-09-19 11:16:50,558 [main] INFO  handler.ContextHandler (ContextHandler.java:doStop(910)) - Stopped o.e.j.s.ServletContextHandler@3d8d52be{/logs,file:///workdir/hadoop-ozone/integration-test/target/log,UNAVAILABLE}
2019-09-19 11:16:50,559 [main] INFO  ozone.MiniOzoneClusterImpl (MiniOzoneClusterImpl.java:stop(353)) - Stopping the StorageContainerManager
2019-09-19 11:16:50,560 [main] INFO  server.StorageContainerManager (StorageContainerManager.java:stop(797)) - Stopping Replication Manager Service.
2019-09-19 11:16:50,560 [main] INFO  container.ReplicationManager (ReplicationManager.java:stop(192)) - Stopping Replication Monitor Thread.
2019-09-19 11:16:50,560 [main] INFO  server.StorageContainerManager (StorageContainerManager.java:stop(804)) - Stopping Lease Manager of the command watchers
2019-09-19 11:16:50,560 [main] INFO  server.StorageContainerManager (StorageContainerManager.java:stop(811)) - Stopping datanode service RPC server
2019-09-19 11:16:50,560 [main] INFO  server.SCMDatanodeProtocolServer (SCMDatanodeProtocolServer.java:stop(367)) - Stopping the RPC server for DataNodes
2019-09-19 11:16:50,561 [main] INFO  ipc.Server (Server.java:stop(3082)) - Stopping server on 39958
2019-09-19 11:16:50,562 [IPC Server listener on 39958] INFO  ipc.Server (Server.java:run(1185)) - Stopping IPC Server listener on 39958
2019-09-19 11:16:50,563 [IPC Server Responder] INFO  ipc.Server (Server.java:run(1319)) - Stopping IPC Server Responder
2019-09-19 11:16:50,617 [SCM Heartbeat Processing Thread - 0] WARN  node.NodeStateManager (NodeStateManager.java:scheduleNextHealthCheck(655)) - Current Thread is interrupted, shutting down HB processing thread for Node Manager.
2019-09-19 11:16:50,617 [main] INFO  server.StorageContainerManager (StorageContainerManager.java:stop(819)) - Stopping block service RPC server
2019-09-19 11:16:50,618 [main] INFO  server.SCMBlockProtocolServer (SCMBlockProtocolServer.java:stop(148)) - Stopping the RPC server for Block Protocol
2019-09-19 11:16:50,618 [main] INFO  ipc.Server (Server.java:stop(3082)) - Stopping server on 40871
2019-09-19 11:16:50,620 [IPC Server listener on 40871] INFO  ipc.Server (Server.java:run(1185)) - Stopping IPC Server listener on 40871
2019-09-19 11:16:50,620 [main] INFO  server.StorageContainerManager (StorageContainerManager.java:stop(826)) - Stopping the StorageContainerLocationProtocol RPC server
2019-09-19 11:16:50,620 [main] INFO  server.SCMClientProtocolServer (SCMClientProtocolServer.java:stop(159)) - Stopping the RPC server for Client Protocol
2019-09-19 11:16:50,622 [main] INFO  ipc.Server (Server.java:stop(3082)) - Stopping server on 45252
2019-09-19 11:16:50,620 [IPC Server Responder] INFO  ipc.Server (Server.java:run(1319)) - Stopping IPC Server Responder
2019-09-19 11:16:50,623 [IPC Server listener on 45252] INFO  ipc.Server (Server.java:run(1185)) - Stopping IPC Server listener on 45252
2019-09-19 11:16:50,623 [main] INFO  server.StorageContainerManager (StorageContainerManager.java:stop(833)) - Stopping Storage Container Manager HTTP server.
2019-09-19 11:16:50,623 [IPC Server Responder] INFO  ipc.Server (Server.java:run(1319)) - Stopping IPC Server Responder
2019-09-19 11:16:50,625 [main] INFO  handler.ContextHandler (ContextHandler.java:doStop(910)) - Stopped o.e.j.w.WebAppContext@15e08615{/,null,UNAVAILABLE}{/scm}
2019-09-19 11:16:50,626 [main] INFO  server.AbstractConnector (AbstractConnector.java:doStop(318)) - Stopped ServerConnector@19dac2d6{HTTP/1.1,[http/1.1]}{0.0.0.0:0}
2019-09-19 11:16:50,626 [main] INFO  handler.ContextHandler (ContextHandler.java:doStop(910)) - Stopped o.e.j.s.ServletContextHandler@51af8049{/static,file:///workdir/hadoop-ozone/integration-test/target/test-classes/webapps/static,UNAVAILABLE}
2019-09-19 11:16:50,627 [main] INFO  handler.ContextHandler (ContextHandler.java:doStop(910)) - Stopped o.e.j.s.ServletContextHandler@76596288{/logs,file:///workdir/hadoop-ozone/integration-test/target/log,UNAVAILABLE}
2019-09-19 11:16:50,628 [main] INFO  server.StorageContainerManager (StorageContainerManager.java:stop(844)) - Stopping Block Manager Service.
2019-09-19 11:16:50,628 [main] INFO  utils.BackgroundService (BackgroundService.java:shutdown(148)) - Shutting down service SCMBlockDeletingService
2019-09-19 11:16:50,628 [main] INFO  utils.BackgroundService (BackgroundService.java:shutdown(148)) - Shutting down service SCMBlockDeletingService
2019-09-19 11:16:50,629 [main] INFO  server.StorageContainerManager (StorageContainerManager.java:stop(866)) - Stopping SCM Event Queue.
2019-09-19 11:16:50,634 [main] INFO  impl.MetricsSystemImpl (MetricsSystemImpl.java:stop(210)) - Stopping HddsDatanode metrics system...
2019-09-19 11:16:50,644 [main] INFO  impl.MetricsSystemImpl (MetricsSystemImpl.java:stop(216)) - HddsDatanode metrics system stopped.
]]></system-out>
    <system-err><![CDATA[Sep 19, 2019 11:16:34 AM com.sun.jersey.server.impl.application.WebApplicationImpl _initiate
INFO: Initiating Jersey application, version 'Jersey: 1.19 02/11/2015 03:25 AM'
Sep 19, 2019 11:16:34 AM com.sun.jersey.server.impl.application.WebApplicationImpl _initiate
INFO: Initiating Jersey application, version 'Jersey: 1.19 02/11/2015 03:25 AM'
Sep 19, 2019 11:16:35 AM com.sun.jersey.server.impl.application.WebApplicationImpl _initiate
INFO: Initiating Jersey application, version 'Jersey: 1.19 02/11/2015 03:25 AM'
]]></system-err>
  </testcase>
  <testcase name="testPipelineCloseWithLogFailure" classname="org.apache.hadoop.hdds.scm.pipeline.TestPipelineClose" time="34.774">
    <error message="Could not allocate container. Cannot get any matching pipeline for Type:RATIS, Factor:THREE, State:PipelineState.OPEN" type="java.io.IOException">java.io.IOException: Could not allocate container. Cannot get any matching pipeline for Type:RATIS, Factor:THREE, State:PipelineState.OPEN
	at org.apache.hadoop.hdds.scm.container.ContainerStateManager.allocateContainer(ContainerStateManager.java:260)
	at org.apache.hadoop.hdds.scm.container.SCMContainerManager.allocateContainer(SCMContainerManager.java:247)
	at org.apache.hadoop.hdds.scm.pipeline.TestPipelineClose.init(TestPipelineClose.java:95)
	at sun.reflect.NativeMethodAccessorImpl.invoke0(Native Method)
	at sun.reflect.NativeMethodAccessorImpl.invoke(NativeMethodAccessorImpl.java:62)
	at sun.reflect.DelegatingMethodAccessorImpl.invoke(DelegatingMethodAccessorImpl.java:43)
	at java.lang.reflect.Method.invoke(Method.java:498)
	at org.junit.runners.model.FrameworkMethod$1.runReflectiveCall(FrameworkMethod.java:47)
	at org.junit.internal.runners.model.ReflectiveCallable.run(ReflectiveCallable.java:12)
	at org.junit.runners.model.FrameworkMethod.invokeExplosively(FrameworkMethod.java:44)
	at org.junit.internal.runners.statements.RunBefores.evaluate(RunBefores.java:24)
	at org.junit.internal.runners.statements.RunAfters.evaluate(RunAfters.java:27)
	at org.junit.runners.ParentRunner.runLeaf(ParentRunner.java:271)
	at org.junit.runners.BlockJUnit4ClassRunner.runChild(BlockJUnit4ClassRunner.java:70)
	at org.junit.runners.BlockJUnit4ClassRunner.runChild(BlockJUnit4ClassRunner.java:50)
	at org.junit.runners.ParentRunner$3.run(ParentRunner.java:238)
	at org.junit.runners.ParentRunner$1.schedule(ParentRunner.java:63)
	at org.junit.runners.ParentRunner.runChildren(ParentRunner.java:236)
	at org.junit.runners.ParentRunner.access$000(ParentRunner.java:53)
	at org.junit.runners.ParentRunner$2.evaluate(ParentRunner.java:229)
	at org.junit.runners.ParentRunner.run(ParentRunner.java:309)
	at org.apache.maven.surefire.junit4.JUnit4Provider.execute(JUnit4Provider.java:365)
	at org.apache.maven.surefire.junit4.JUnit4Provider.executeWithRerun(JUnit4Provider.java:273)
	at org.apache.maven.surefire.junit4.JUnit4Provider.executeTestSet(JUnit4Provider.java:238)
	at org.apache.maven.surefire.junit4.JUnit4Provider.invoke(JUnit4Provider.java:159)
	at org.apache.maven.surefire.booter.ForkedBooter.invokeProviderInSameClassLoader(ForkedBooter.java:384)
	at org.apache.maven.surefire.booter.ForkedBooter.runSuitesInProcess(ForkedBooter.java:345)
	at org.apache.maven.surefire.booter.ForkedBooter.execute(ForkedBooter.java:126)
	at org.apache.maven.surefire.booter.ForkedBooter.main(ForkedBooter.java:418)
</error>
    <system-out><![CDATA[2019-09-19 11:16:50,683 [main] WARN  server.ServerUtils (ServerUtils.java:getScmDbDir(145)) - ozone.scm.db.dirs is not configured. We recommend adding this setting. Falling back to ozone.metadata.dirs instead.
2019-09-19 11:16:51,405 [main] WARN  server.ServerUtils (ServerUtils.java:getScmDbDir(145)) - ozone.scm.db.dirs is not configured. We recommend adding this setting. Falling back to ozone.metadata.dirs instead.
2019-09-19 11:16:51,406 [main] WARN  server.ServerUtils (ServerUtils.java:getScmDbDir(145)) - ozone.scm.db.dirs is not configured. We recommend adding this setting. Falling back to ozone.metadata.dirs instead.
2019-09-19 11:16:51,408 [main] INFO  db.DBStoreBuilder (DBStoreBuilder.java:addTable(110)) - using custom profile for table: deletedBlocks
2019-09-19 11:16:51,408 [main] INFO  db.DBStoreBuilder (DBStoreBuilder.java:processTables(161)) - Using default column profile:DBProfile.DISK for Table:deletedBlocks
2019-09-19 11:16:51,409 [main] INFO  db.DBStoreBuilder (DBStoreBuilder.java:addTable(110)) - using custom profile for table: validCerts
2019-09-19 11:16:51,409 [main] INFO  db.DBStoreBuilder (DBStoreBuilder.java:processTables(161)) - Using default column profile:DBProfile.DISK for Table:validCerts
2019-09-19 11:16:51,409 [main] INFO  db.DBStoreBuilder (DBStoreBuilder.java:addTable(110)) - using custom profile for table: revokedCerts
2019-09-19 11:16:51,410 [main] INFO  db.DBStoreBuilder (DBStoreBuilder.java:processTables(161)) - Using default column profile:DBProfile.DISK for Table:revokedCerts
2019-09-19 11:16:51,410 [main] INFO  db.DBStoreBuilder (DBStoreBuilder.java:addTable(110)) - using custom profile for table: default
2019-09-19 11:16:51,411 [main] INFO  db.DBStoreBuilder (DBStoreBuilder.java:processTables(167)) - Using default column profile:DBProfile.DISK for Table:default
2019-09-19 11:16:51,411 [main] INFO  db.DBStoreBuilder (DBStoreBuilder.java:getDbProfile(198)) - Using default options. DBProfile.DISK
2019-09-19 11:17:08,058 [main] INFO  net.NodeSchemaLoader (NodeSchemaLoader.java:loadSchemaFromFile(125)) - Loading file from sun.misc.CompoundEnumeration@5d9bb69b
2019-09-19 11:17:08,058 [main] INFO  net.NodeSchemaLoader (NodeSchemaLoader.java:loadSchema(171)) - Loading network topology layer schema file
2019-09-19 11:17:08,062 [main] WARN  server.ServerUtils (ServerUtils.java:sanitizeUserArgs(70)) - ozone.scm.stale.node.interval value = 300000 is larger than max = 100000 based on the key value of ozone.scm.heartbeat.thread.interval, reset to the max value 100000.
2019-09-19 11:17:08,062 [main] WARN  server.ServerUtils (ServerUtils.java:sanitizeUserArgs(70)) - ozone.scm.stale.node.interval value = 300000 is larger than max = 100000 based on the key value of ozone.scm.heartbeat.thread.interval, reset to the max value 100000.
2019-09-19 11:17:08,063 [main] INFO  node.SCMNodeManager (SCMNodeManager.java:<init>(121)) - Entering startup safe mode.
2019-09-19 11:17:08,063 [main] INFO  algorithms.ContainerPlacementPolicyFactory (ContainerPlacementPolicyFactory.java:getPolicy(56)) - Create container placement policy of type org.apache.hadoop.hdds.scm.container.placement.algorithms.SCMContainerPlacementRandom
2019-09-19 11:17:08,063 [main] WARN  server.ServerUtils (ServerUtils.java:getScmDbDir(145)) - ozone.scm.db.dirs is not configured. We recommend adding this setting. Falling back to ozone.metadata.dirs instead.
2019-09-19 11:17:08,159 [main] INFO  pipeline.SCMPipelineManager (SCMPipelineManager.java:initializePipelineState(126)) - No pipeline exists in current db
2019-09-19 11:17:08,159 [main] WARN  server.ServerUtils (ServerUtils.java:getScmDbDir(145)) - ozone.scm.db.dirs is not configured. We recommend adding this setting. Falling back to ozone.metadata.dirs instead.
2019-09-19 11:17:08,284 [main] WARN  events.EventQueue (EventQueue.java:fireEvent(175)) - No event handler registered for event TypedEvent{payloadType=SafeModeStatus, name='SafeModeStatus'}
2019-09-19 11:17:08,285 [main] INFO  ipc.CallQueueManager (CallQueueManager.java:<init>(84)) - Using callQueue: class java.util.concurrent.LinkedBlockingQueue, queueCapacity: 2000, scheduler: class org.apache.hadoop.ipc.DefaultRpcScheduler, ipcBackoff: false.
2019-09-19 11:17:08,286 [Socket Reader #1 for port 46139] INFO  ipc.Server (Server.java:run(1074)) - Starting Socket Reader #1 for port 46139
2019-09-19 11:17:08,288 [main] INFO  ipc.CallQueueManager (CallQueueManager.java:<init>(84)) - Using callQueue: class java.util.concurrent.LinkedBlockingQueue, queueCapacity: 2000, scheduler: class org.apache.hadoop.ipc.DefaultRpcScheduler, ipcBackoff: false.
2019-09-19 11:17:08,288 [Socket Reader #1 for port 44485] INFO  ipc.Server (Server.java:run(1074)) - Starting Socket Reader #1 for port 44485
2019-09-19 11:17:08,290 [main] INFO  ipc.CallQueueManager (CallQueueManager.java:<init>(84)) - Using callQueue: class java.util.concurrent.LinkedBlockingQueue, queueCapacity: 2000, scheduler: class org.apache.hadoop.ipc.DefaultRpcScheduler, ipcBackoff: false.
2019-09-19 11:17:08,290 [Socket Reader #1 for port 44224] INFO  ipc.Server (Server.java:run(1074)) - Starting Socket Reader #1 for port 44224
2019-09-19 11:17:08,292 [main] INFO  hdfs.DFSUtil (DFSUtil.java:httpServerTemplateForNNAndJN(1641)) - Starting Web-server for scm at: http://0.0.0.0:0
2019-09-19 11:17:08,295 [main] INFO  server.AuthenticationFilter (AuthenticationFilter.java:constructSecretProvider(240)) - Unable to initialize FileSignerSecretProvider, falling back to use random secrets.
2019-09-19 11:17:08,296 [main] WARN  http.HttpRequestLog (HttpRequestLog.java:getRequestLog(97)) - Jetty request log can only be enabled using Log4j
2019-09-19 11:17:08,299 [main] INFO  http.HttpServer2 (HttpServer2.java:addGlobalFilter(975)) - Added global filter 'safety' (class=org.apache.hadoop.http.HttpServer2$QuotingInputFilter)
2019-09-19 11:17:08,300 [main] INFO  http.HttpServer2 (HttpServer2.java:addFilter(948)) - Added filter static_user_filter (class=org.apache.hadoop.http.lib.StaticUserWebFilter$StaticUserFilter) to context scm
2019-09-19 11:17:08,300 [main] INFO  http.HttpServer2 (HttpServer2.java:addFilter(958)) - Added filter static_user_filter (class=org.apache.hadoop.http.lib.StaticUserWebFilter$StaticUserFilter) to context static
2019-09-19 11:17:08,300 [main] INFO  http.HttpServer2 (HttpServer2.java:addFilter(958)) - Added filter static_user_filter (class=org.apache.hadoop.http.lib.StaticUserWebFilter$StaticUserFilter) to context logs
2019-09-19 11:17:08,303 [main] INFO  server.StorageContainerManager (StorageContainerManager.java:start(759)) - StorageContainerLocationProtocol RPC server is listening at /0.0.0.0:44224
2019-09-19 11:17:08,305 [main] WARN  impl.MetricsConfig (MetricsConfig.java:loadFirst(134)) - Cannot locate configuration: tried hadoop-metrics2-storagecontainermanager.properties,hadoop-metrics2.properties
2019-09-19 11:17:08,306 [main] INFO  impl.MetricsSystemImpl (MetricsSystemImpl.java:startTimer(374)) - Scheduled Metric snapshot period at 10 second(s).
2019-09-19 11:17:08,306 [main] INFO  impl.MetricsSystemImpl (MetricsSystemImpl.java:start(191)) - StorageContainerManager metrics system started
2019-09-19 11:17:08,355 [main] INFO  server.SCMClientProtocolServer (SCMClientProtocolServer.java:start(151)) - RPC server for Client  is listening at /0.0.0.0:44224
2019-09-19 11:17:08,356 [IPC Server Responder] INFO  ipc.Server (Server.java:run(1314)) - IPC Server Responder: starting
2019-09-19 11:17:08,356 [IPC Server listener on 44224] INFO  ipc.Server (Server.java:run(1153)) - IPC Server listener on 44224: starting
2019-09-19 11:17:08,359 [main] INFO  server.StorageContainerManager (StorageContainerManager.java:start(769)) - ScmBlockLocationProtocol RPC server is listening at /0.0.0.0:44485
2019-09-19 11:17:08,359 [main] INFO  server.SCMBlockProtocolServer (SCMBlockProtocolServer.java:start(140)) - RPC server for Block Protocol is listening at /0.0.0.0:44485
2019-09-19 11:17:08,359 [IPC Server Responder] INFO  ipc.Server (Server.java:run(1314)) - IPC Server Responder: starting
2019-09-19 11:17:08,359 [IPC Server listener on 44485] INFO  ipc.Server (Server.java:run(1153)) - IPC Server listener on 44485: starting
2019-09-19 11:17:08,362 [main] INFO  server.StorageContainerManager (StorageContainerManager.java:start(773)) - ScmDatanodeProtocl RPC server is listening at /0.0.0.0:46139
2019-09-19 11:17:08,362 [main] INFO  server.SCMDatanodeProtocolServer (SCMDatanodeProtocolServer.java:start(191)) - RPC server for DataNodes is listening at /0.0.0.0:46139
2019-09-19 11:17:08,362 [IPC Server Responder] INFO  ipc.Server (Server.java:run(1314)) - IPC Server Responder: starting
2019-09-19 11:17:08,362 [IPC Server listener on 46139] INFO  ipc.Server (Server.java:run(1153)) - IPC Server listener on 46139: starting
2019-09-19 11:17:08,365 [main] INFO  http.HttpServer2 (HttpServer2.java:bindListener(1191)) - Jetty bound to port 46861
2019-09-19 11:17:08,365 [main] INFO  server.Server (Server.java:doStart(351)) - jetty-9.3.24.v20180605, build timestamp: 2018-06-05T17:11:56Z, git hash: 84205aa28f11a4f31f2a3b86d1bba2cc8ab69827
2019-09-19 11:17:08,367 [main] INFO  handler.ContextHandler (ContextHandler.java:doStart(781)) - Started o.e.j.s.ServletContextHandler@76134b9b{/logs,file:///workdir/hadoop-ozone/integration-test/target/log,AVAILABLE}
2019-09-19 11:17:08,368 [main] INFO  handler.ContextHandler (ContextHandler.java:doStart(781)) - Started o.e.j.s.ServletContextHandler@7ee64b53{/static,file:///workdir/hadoop-ozone/integration-test/target/test-classes/webapps/static,AVAILABLE}
2019-09-19 11:17:08,374 [main] INFO  handler.ContextHandler (ContextHandler.java:doStart(781)) - Started o.e.j.w.WebAppContext@7c8f047a{/,file:///workdir/hadoop-ozone/integration-test/target/test-classes/webapps/scm/,AVAILABLE}{/scm}
2019-09-19 11:17:08,375 [main] INFO  server.AbstractConnector (AbstractConnector.java:doStart(278)) - Started ServerConnector@4387d2f4{HTTP/1.1,[http/1.1]}{0.0.0.0:46861}
2019-09-19 11:17:08,375 [main] INFO  server.Server (Server.java:doStart(419)) - Started @115870ms
2019-09-19 11:17:08,376 [main] INFO  server.BaseHttpServer (BaseHttpServer.java:updateConnectorAddress(213)) - HTTP server of SCM is listening at http://0.0.0.0:46861
2019-09-19 11:17:08,376 [main] WARN  server.ServerUtils (ServerUtils.java:getDBPath(222)) - ozone.om.db.dirs is not configured. We recommend adding this setting. Falling back to ozone.metadata.dirs instead.
2019-09-19 11:17:08,377 [org.apache.hadoop.util.JvmPauseMonitor$Monitor@93ce24d] INFO  util.JvmPauseMonitor (JvmPauseMonitor.java:run(188)) - Starting JVM pause monitor
2019-09-19 11:17:08,407 [main] WARN  server.ServerUtils (ServerUtils.java:getDBPath(222)) - ozone.om.db.dirs is not configured. We recommend adding this setting. Falling back to ozone.metadata.dirs instead.
2019-09-19 11:17:08,407 [main] WARN  server.ServerUtils (ServerUtils.java:getDBPath(222)) - ozone.om.db.dirs is not configured. We recommend adding this setting. Falling back to ozone.metadata.dirs instead.
2019-09-19 11:17:08,407 [main] INFO  om.OzoneManager (OzoneManager.java:setOMNodeDetails(645)) - OM Service ID is not set. Setting it to the default ID: omServiceIdDefault
2019-09-19 11:17:08,408 [main] INFO  om.OzoneManager (OzoneManager.java:setOMNodeDetails(651)) - OM Node ID is not set. Setting it to the OmStorage's OmID: 0a21a271-0c3b-4d85-bae2-0f141306a676
2019-09-19 11:17:08,408 [main] INFO  om.OzoneManager (OzoneManager.java:loadOMHAConfigs(602)) - Found matching OM address with OMServiceId: null, OMNodeId: null, RPC Address: localhost:0 and Ratis port: 9872
2019-09-19 11:17:08,411 | INFO  | SCMAudit | user=jenkins1000 | ip=192.168.157.226 | op=GET_SCM_INFO null | ret=SUCCESS |  
2019-09-19 11:17:08,414 [main] WARN  server.ServerUtils (ServerUtils.java:getDBPath(222)) - ozone.om.db.dirs is not configured. We recommend adding this setting. Falling back to ozone.metadata.dirs instead.
2019-09-19 11:17:08,414 [main] INFO  db.DBStoreBuilder (DBStoreBuilder.java:addTable(110)) - using custom profile for table: userTable
2019-09-19 11:17:08,414 [main] INFO  db.DBStoreBuilder (DBStoreBuilder.java:processTables(161)) - Using default column profile:DBProfile.DISK for Table:userTable
2019-09-19 11:17:08,414 [main] INFO  db.DBStoreBuilder (DBStoreBuilder.java:addTable(110)) - using custom profile for table: volumeTable
2019-09-19 11:17:08,414 [main] INFO  db.DBStoreBuilder (DBStoreBuilder.java:processTables(161)) - Using default column profile:DBProfile.DISK for Table:volumeTable
2019-09-19 11:17:08,415 [main] INFO  db.DBStoreBuilder (DBStoreBuilder.java:addTable(110)) - using custom profile for table: bucketTable
2019-09-19 11:17:08,415 [main] INFO  db.DBStoreBuilder (DBStoreBuilder.java:processTables(161)) - Using default column profile:DBProfile.DISK for Table:bucketTable
2019-09-19 11:17:08,415 [main] INFO  db.DBStoreBuilder (DBStoreBuilder.java:addTable(110)) - using custom profile for table: keyTable
2019-09-19 11:17:08,415 [main] INFO  db.DBStoreBuilder (DBStoreBuilder.java:processTables(161)) - Using default column profile:DBProfile.DISK for Table:keyTable
2019-09-19 11:17:08,415 [main] INFO  db.DBStoreBuilder (DBStoreBuilder.java:addTable(110)) - using custom profile for table: deletedTable
2019-09-19 11:17:08,416 [main] INFO  db.DBStoreBuilder (DBStoreBuilder.java:processTables(161)) - Using default column profile:DBProfile.DISK for Table:deletedTable
2019-09-19 11:17:08,416 [main] INFO  db.DBStoreBuilder (DBStoreBuilder.java:addTable(110)) - using custom profile for table: openKeyTable
2019-09-19 11:17:08,416 [main] INFO  db.DBStoreBuilder (DBStoreBuilder.java:processTables(161)) - Using default column profile:DBProfile.DISK for Table:openKeyTable
2019-09-19 11:17:08,416 [main] INFO  db.DBStoreBuilder (DBStoreBuilder.java:addTable(110)) - using custom profile for table: s3Table
2019-09-19 11:17:08,416 [main] INFO  db.DBStoreBuilder (DBStoreBuilder.java:processTables(161)) - Using default column profile:DBProfile.DISK for Table:s3Table
2019-09-19 11:17:08,417 [main] INFO  db.DBStoreBuilder (DBStoreBuilder.java:addTable(110)) - using custom profile for table: multipartInfoTable
2019-09-19 11:17:08,417 [main] INFO  db.DBStoreBuilder (DBStoreBuilder.java:processTables(161)) - Using default column profile:DBProfile.DISK for Table:multipartInfoTable
2019-09-19 11:17:08,417 [main] INFO  db.DBStoreBuilder (DBStoreBuilder.java:addTable(110)) - using custom profile for table: dTokenTable
2019-09-19 11:17:08,417 [main] INFO  db.DBStoreBuilder (DBStoreBuilder.java:processTables(161)) - Using default column profile:DBProfile.DISK for Table:dTokenTable
2019-09-19 11:17:08,417 [main] INFO  db.DBStoreBuilder (DBStoreBuilder.java:addTable(110)) - using custom profile for table: s3SecretTable
2019-09-19 11:17:08,417 [main] INFO  db.DBStoreBuilder (DBStoreBuilder.java:processTables(161)) - Using default column profile:DBProfile.DISK for Table:s3SecretTable
2019-09-19 11:17:08,418 [main] INFO  db.DBStoreBuilder (DBStoreBuilder.java:addTable(110)) - using custom profile for table: prefixTable
2019-09-19 11:17:08,418 [main] INFO  db.DBStoreBuilder (DBStoreBuilder.java:processTables(161)) - Using default column profile:DBProfile.DISK for Table:prefixTable
2019-09-19 11:17:08,418 [main] INFO  db.DBStoreBuilder (DBStoreBuilder.java:addTable(110)) - using custom profile for table: default
2019-09-19 11:17:08,418 [main] INFO  db.DBStoreBuilder (DBStoreBuilder.java:processTables(167)) - Using default column profile:DBProfile.DISK for Table:default
2019-09-19 11:17:08,418 [main] INFO  db.DBStoreBuilder (DBStoreBuilder.java:getDbProfile(198)) - Using default options. DBProfile.DISK
2019-09-19 11:17:09,501 [main] INFO  ipc.CallQueueManager (CallQueueManager.java:<init>(84)) - Using callQueue: class java.util.concurrent.LinkedBlockingQueue, queueCapacity: 2000, scheduler: class org.apache.hadoop.ipc.DefaultRpcScheduler, ipcBackoff: false.
2019-09-19 11:17:09,502 [Socket Reader #1 for port 44117] INFO  ipc.Server (Server.java:run(1074)) - Starting Socket Reader #1 for port 44117
2019-09-19 11:17:09,516 [main] INFO  om.OzoneManager (OzoneManager.java:start(1256)) - OzoneManager RPC server is listening at localhost/127.0.0.1:44117
2019-09-19 11:17:09,516 [main] INFO  impl.MetricsSystemImpl (MetricsSystemImpl.java:init(158)) - OzoneManager metrics system started (again)
2019-09-19 11:17:09,516 [IPC Server Responder] INFO  ipc.Server (Server.java:run(1314)) - IPC Server Responder: starting
2019-09-19 11:17:09,516 [IPC Server listener on 44117] INFO  ipc.Server (Server.java:run(1153)) - IPC Server listener on 44117: starting
2019-09-19 11:17:09,520 [main] INFO  hdfs.DFSUtil (DFSUtil.java:httpServerTemplateForNNAndJN(1641)) - Starting Web-server for ozoneManager at: http://0.0.0.0:0
2019-09-19 11:17:09,522 [main] INFO  server.AuthenticationFilter (AuthenticationFilter.java:constructSecretProvider(240)) - Unable to initialize FileSignerSecretProvider, falling back to use random secrets.
2019-09-19 11:17:09,523 [main] WARN  http.HttpRequestLog (HttpRequestLog.java:getRequestLog(97)) - Jetty request log can only be enabled using Log4j
2019-09-19 11:17:09,525 [main] INFO  http.HttpServer2 (HttpServer2.java:addGlobalFilter(975)) - Added global filter 'safety' (class=org.apache.hadoop.http.HttpServer2$QuotingInputFilter)
2019-09-19 11:17:09,526 [main] INFO  http.HttpServer2 (HttpServer2.java:addFilter(948)) - Added filter static_user_filter (class=org.apache.hadoop.http.lib.StaticUserWebFilter$StaticUserFilter) to context ozoneManager
2019-09-19 11:17:09,526 [main] INFO  http.HttpServer2 (HttpServer2.java:addFilter(958)) - Added filter static_user_filter (class=org.apache.hadoop.http.lib.StaticUserWebFilter$StaticUserFilter) to context logs
2019-09-19 11:17:09,527 [main] INFO  http.HttpServer2 (HttpServer2.java:addFilter(958)) - Added filter static_user_filter (class=org.apache.hadoop.http.lib.StaticUserWebFilter$StaticUserFilter) to context static
2019-09-19 11:17:09,528 [main] INFO  http.HttpServer2 (HttpServer2.java:bindListener(1191)) - Jetty bound to port 37619
2019-09-19 11:17:09,528 [main] INFO  server.Server (Server.java:doStart(351)) - jetty-9.3.24.v20180605, build timestamp: 2018-06-05T17:11:56Z, git hash: 84205aa28f11a4f31f2a3b86d1bba2cc8ab69827
2019-09-19 11:17:09,529 [main] INFO  handler.ContextHandler (ContextHandler.java:doStart(781)) - Started o.e.j.s.ServletContextHandler@223cbf0d{/logs,file:///workdir/hadoop-ozone/integration-test/target/log,AVAILABLE}
2019-09-19 11:17:09,530 [main] INFO  handler.ContextHandler (ContextHandler.java:doStart(781)) - Started o.e.j.s.ServletContextHandler@5ddb302{/static,file:///workdir/hadoop-ozone/integration-test/target/test-classes/webapps/static,AVAILABLE}
2019-09-19 11:17:09,534 [main] INFO  handler.ContextHandler (ContextHandler.java:doStart(781)) - Started o.e.j.w.WebAppContext@4b360972{/,file:///workdir/hadoop-ozone/integration-test/target/test-classes/webapps/ozoneManager/,AVAILABLE}{/ozoneManager}
2019-09-19 11:17:09,535 [main] INFO  server.AbstractConnector (AbstractConnector.java:doStart(278)) - Started ServerConnector@793d09e{HTTP/1.1,[http/1.1]}{0.0.0.0:37619}
2019-09-19 11:17:09,535 [main] INFO  server.Server (Server.java:doStart(419)) - Started @117031ms
2019-09-19 11:17:09,536 [main] INFO  server.BaseHttpServer (BaseHttpServer.java:updateConnectorAddress(213)) - HTTP server of OZONEMANAGER is listening at http://0.0.0.0:37619
2019-09-19 11:17:09,547 [main] INFO  impl.MetricsSystemImpl (MetricsSystemImpl.java:init(158)) - HddsDatanode metrics system started (again)
2019-09-19 11:17:09,549 [main] INFO  ozone.HddsDatanodeService (HddsDatanodeService.java:start(184)) - HddsDatanodeService host:pr-hdds-1569-swxfz-3172132826 ip:192.168.157.226
2019-09-19 11:17:09,555 [main] INFO  volume.HddsVolume (HddsVolume.java:<init>(176)) - Creating Volume: /workdir/hadoop-ozone/integration-test/target/test-dir/MiniOzoneClusterImpl-98b5687d-2982-4c4e-aef5-e1e97daefe6b/datanode-0/data/containers/hdds of  storage type : DISK and capacity : 1482555576320
2019-09-19 11:17:09,556 [main] INFO  volume.VolumeSet (VolumeSet.java:initializeVolumeSet(170)) - Added Volume : /workdir/hadoop-ozone/integration-test/target/test-dir/MiniOzoneClusterImpl-98b5687d-2982-4c4e-aef5-e1e97daefe6b/datanode-0/data/containers/hdds to VolumeSet
2019-09-19 11:17:09,556 [main] INFO  volume.ThrottledAsyncChecker (ThrottledAsyncChecker.java:schedule(140)) - Scheduling a check for org.apache.hadoop.ozone.container.common.volume.HddsVolume@d4ecdb0
2019-09-19 11:17:09,557 [main] INFO  volume.HddsVolumeChecker (HddsVolumeChecker.java:checkAllVolumes(203)) - Scheduled health check for volume org.apache.hadoop.ozone.container.common.volume.HddsVolume@d4ecdb0
2019-09-19 11:17:09,577 [main] INFO  impl.RaftServerProxy (ConfUtils.java:logGet(43)) - raft.rpc.type = GRPC (default)
2019-09-19 11:17:09,577 [main] INFO  grpc.GrpcFactory (GrpcFactory.java:checkPooledByteBufAllocatorUseCacheForAllThreads(45)) - PERFORMANCE WARNING: useCacheForAllThreads is true that may cause Netty to create a lot garbage objects and, as a result, trigger GC.
	It is recommended to disable useCacheForAllThreads by setting -Dorg.apache.ratis.thirdparty.io.netty.allocator.useCacheForAllThreads=false in command line.
2019-09-19 11:17:09,578 [main] INFO  grpc.GrpcConfigKeys$Server (ConfUtils.java:logGet(43)) - raft.grpc.server.port = 0 (default)
2019-09-19 11:17:09,578 [main] INFO  server.GrpcService (ConfUtils.java:logGet(43)) - raft.grpc.message.size.max = 33570816 (custom)
2019-09-19 11:17:09,578 [main] INFO  server.RaftServerConfigKeys (ConfUtils.java:logGet(43)) - raft.server.log.appender.buffer.byte-limit = 33554432 (custom)
2019-09-19 11:17:09,578 [main] INFO  server.GrpcService (ConfUtils.java:logGet(43)) - raft.grpc.flow.control.window = 1MB (=1048576) (default)
2019-09-19 11:17:09,578 [main] INFO  server.RaftServerConfigKeys (ConfUtils.java:logGet(43)) - raft.server.rpc.request.timeout = 3000ms (default)
2019-09-19 11:17:09,579 [main] INFO  server.RaftServerConfigKeys (ConfUtils.java:logGet(43)) - raft.server.storage.dir = [/workdir/hadoop-ozone/integration-test/target/test-dir/MiniOzoneClusterImpl-98b5687d-2982-4c4e-aef5-e1e97daefe6b/datanode-0/data/ratis] (custom)
2019-09-19 11:17:09,580 [main] INFO  replication.SimpleContainerDownloader (SimpleContainerDownloader.java:<init>(72)) - Starting container downloader service to copy containers to replicate.
2019-09-19 11:17:09,581 [main] INFO  hdfs.DFSUtil (DFSUtil.java:httpServerTemplateForNNAndJN(1641)) - Starting Web-server for hddsDatanode at: http://0.0.0.0:0
2019-09-19 11:17:09,582 [main] INFO  server.AuthenticationFilter (AuthenticationFilter.java:constructSecretProvider(240)) - Unable to initialize FileSignerSecretProvider, falling back to use random secrets.
2019-09-19 11:17:09,583 [main] WARN  http.HttpRequestLog (HttpRequestLog.java:getRequestLog(97)) - Jetty request log can only be enabled using Log4j
2019-09-19 11:17:09,584 [main] INFO  http.HttpServer2 (HttpServer2.java:addGlobalFilter(975)) - Added global filter 'safety' (class=org.apache.hadoop.http.HttpServer2$QuotingInputFilter)
2019-09-19 11:17:09,585 [main] INFO  http.HttpServer2 (HttpServer2.java:addFilter(948)) - Added filter static_user_filter (class=org.apache.hadoop.http.lib.StaticUserWebFilter$StaticUserFilter) to context hddsDatanode
2019-09-19 11:17:09,585 [main] INFO  http.HttpServer2 (HttpServer2.java:addFilter(958)) - Added filter static_user_filter (class=org.apache.hadoop.http.lib.StaticUserWebFilter$StaticUserFilter) to context logs
2019-09-19 11:17:09,585 [main] INFO  http.HttpServer2 (HttpServer2.java:addFilter(958)) - Added filter static_user_filter (class=org.apache.hadoop.http.lib.StaticUserWebFilter$StaticUserFilter) to context static
2019-09-19 11:17:09,586 [main] INFO  http.HttpServer2 (HttpServer2.java:bindListener(1191)) - Jetty bound to port 37432
2019-09-19 11:17:09,586 [main] INFO  server.Server (Server.java:doStart(351)) - jetty-9.3.24.v20180605, build timestamp: 2018-06-05T17:11:56Z, git hash: 84205aa28f11a4f31f2a3b86d1bba2cc8ab69827
2019-09-19 11:17:09,588 [main] INFO  handler.ContextHandler (ContextHandler.java:doStart(781)) - Started o.e.j.s.ServletContextHandler@59f76e56{/logs,file:///workdir/hadoop-ozone/integration-test/target/log,AVAILABLE}
2019-09-19 11:17:09,588 [main] INFO  handler.ContextHandler (ContextHandler.java:doStart(781)) - Started o.e.j.s.ServletContextHandler@1328f482{/static,jar:file:/home/user/.m2/repository/org/apache/hadoop/hadoop-hdds-container-service/0.5.0-SNAPSHOT/hadoop-hdds-container-service-0.5.0-SNAPSHOT.jar!/webapps/static,AVAILABLE}
2019-09-19 11:17:09,617 [main] INFO  handler.ContextHandler (ContextHandler.java:doStart(781)) - Started o.e.j.w.WebAppContext@1a01ffff{/,file:///tmp/jetty-0.0.0.0-37432-hddsDatanode-_-any-7904231690614371172.dir/webapp/,AVAILABLE}{/hddsDatanode}
2019-09-19 11:17:09,618 [main] INFO  server.AbstractConnector (AbstractConnector.java:doStart(278)) - Started ServerConnector@a99c42c{HTTP/1.1,[http/1.1]}{0.0.0.0:37432}
2019-09-19 11:17:09,619 [main] INFO  server.Server (Server.java:doStart(419)) - Started @117114ms
2019-09-19 11:17:09,619 [main] INFO  server.BaseHttpServer (BaseHttpServer.java:updateConnectorAddress(213)) - HTTP server of HDDSDATANODE is listening at http://0.0.0.0:37432
2019-09-19 11:17:09,786 | INFO  | ObjectStoreRestHttpServer | Listening HDDS REST traffic on /0.0.0.0:45527 |  
2019-09-19 11:17:09,786 [main] INFO  ozone.HddsDatanodeService (HddsDatanodeService.java:startPlugins(395)) - Started plug-in org.apache.hadoop.ozone.web.OzoneHddsDatanodeService@218f2f51
2019-09-19 11:17:09,787 [main] INFO  impl.MetricsSystemImpl (MetricsSystemImpl.java:init(158)) - HddsDatanode metrics system started (again)
2019-09-19 11:17:09,788 [org.apache.hadoop.util.JvmPauseMonitor$Monitor@5d3a4533] INFO  util.JvmPauseMonitor (JvmPauseMonitor.java:run(188)) - Starting JVM pause monitor
2019-09-19 11:17:09,788 [main] INFO  ozone.HddsDatanodeService (HddsDatanodeService.java:start(184)) - HddsDatanodeService host:pr-hdds-1569-swxfz-3172132826 ip:192.168.157.226
2019-09-19 11:17:09,790 [Datanode State Machine Thread - 0] INFO  datanode.InitDatanodeState (InitDatanodeState.java:persistContainerDatanodeDetails(140)) - DatanodeDetails is persisted to /workdir/hadoop-ozone/integration-test/target/test-dir/MiniOzoneClusterImpl-98b5687d-2982-4c4e-aef5-e1e97daefe6b/datanode-0/meta/datanode.id
2019-09-19 11:17:09,794 [main] INFO  volume.HddsVolume (HddsVolume.java:<init>(176)) - Creating Volume: /workdir/hadoop-ozone/integration-test/target/test-dir/MiniOzoneClusterImpl-98b5687d-2982-4c4e-aef5-e1e97daefe6b/datanode-1/data/containers/hdds of  storage type : DISK and capacity : 1482555576320
2019-09-19 11:17:09,795 [main] INFO  volume.VolumeSet (VolumeSet.java:initializeVolumeSet(170)) - Added Volume : /workdir/hadoop-ozone/integration-test/target/test-dir/MiniOzoneClusterImpl-98b5687d-2982-4c4e-aef5-e1e97daefe6b/datanode-1/data/containers/hdds to VolumeSet
2019-09-19 11:17:09,795 [main] INFO  volume.ThrottledAsyncChecker (ThrottledAsyncChecker.java:schedule(140)) - Scheduling a check for org.apache.hadoop.ozone.container.common.volume.HddsVolume@3578a45b
2019-09-19 11:17:09,796 [main] INFO  volume.HddsVolumeChecker (HddsVolumeChecker.java:checkAllVolumes(203)) - Scheduled health check for volume org.apache.hadoop.ozone.container.common.volume.HddsVolume@3578a45b
2019-09-19 11:17:09,811 [main] INFO  impl.RaftServerProxy (ConfUtils.java:logGet(43)) - raft.rpc.type = GRPC (default)
2019-09-19 11:17:09,812 [main] INFO  grpc.GrpcFactory (GrpcFactory.java:checkPooledByteBufAllocatorUseCacheForAllThreads(45)) - PERFORMANCE WARNING: useCacheForAllThreads is true that may cause Netty to create a lot garbage objects and, as a result, trigger GC.
	It is recommended to disable useCacheForAllThreads by setting -Dorg.apache.ratis.thirdparty.io.netty.allocator.useCacheForAllThreads=false in command line.
2019-09-19 11:17:09,812 [main] INFO  grpc.GrpcConfigKeys$Server (ConfUtils.java:logGet(43)) - raft.grpc.server.port = 0 (default)
2019-09-19 11:17:09,812 [main] INFO  server.GrpcService (ConfUtils.java:logGet(43)) - raft.grpc.message.size.max = 33570816 (custom)
2019-09-19 11:17:09,813 [main] INFO  server.RaftServerConfigKeys (ConfUtils.java:logGet(43)) - raft.server.log.appender.buffer.byte-limit = 33554432 (custom)
2019-09-19 11:17:09,813 [main] INFO  server.GrpcService (ConfUtils.java:logGet(43)) - raft.grpc.flow.control.window = 1MB (=1048576) (default)
2019-09-19 11:17:09,813 [main] INFO  server.RaftServerConfigKeys (ConfUtils.java:logGet(43)) - raft.server.rpc.request.timeout = 3000ms (default)
2019-09-19 11:17:09,814 [main] INFO  server.RaftServerConfigKeys (ConfUtils.java:logGet(43)) - raft.server.storage.dir = [/workdir/hadoop-ozone/integration-test/target/test-dir/MiniOzoneClusterImpl-98b5687d-2982-4c4e-aef5-e1e97daefe6b/datanode-1/data/ratis] (custom)
2019-09-19 11:17:09,814 [main] INFO  replication.SimpleContainerDownloader (SimpleContainerDownloader.java:<init>(72)) - Starting container downloader service to copy containers to replicate.
2019-09-19 11:17:09,817 [main] INFO  hdfs.DFSUtil (DFSUtil.java:httpServerTemplateForNNAndJN(1641)) - Starting Web-server for hddsDatanode at: http://0.0.0.0:0
2019-09-19 11:17:09,818 [main] INFO  server.AuthenticationFilter (AuthenticationFilter.java:constructSecretProvider(240)) - Unable to initialize FileSignerSecretProvider, falling back to use random secrets.
2019-09-19 11:17:09,818 [main] WARN  http.HttpRequestLog (HttpRequestLog.java:getRequestLog(97)) - Jetty request log can only be enabled using Log4j
2019-09-19 11:17:09,820 [main] INFO  http.HttpServer2 (HttpServer2.java:addGlobalFilter(975)) - Added global filter 'safety' (class=org.apache.hadoop.http.HttpServer2$QuotingInputFilter)
2019-09-19 11:17:09,821 [main] INFO  http.HttpServer2 (HttpServer2.java:addFilter(948)) - Added filter static_user_filter (class=org.apache.hadoop.http.lib.StaticUserWebFilter$StaticUserFilter) to context hddsDatanode
2019-09-19 11:17:09,821 [main] INFO  http.HttpServer2 (HttpServer2.java:addFilter(958)) - Added filter static_user_filter (class=org.apache.hadoop.http.lib.StaticUserWebFilter$StaticUserFilter) to context static
2019-09-19 11:17:09,821 [main] INFO  http.HttpServer2 (HttpServer2.java:addFilter(958)) - Added filter static_user_filter (class=org.apache.hadoop.http.lib.StaticUserWebFilter$StaticUserFilter) to context logs
2019-09-19 11:17:09,822 [main] INFO  http.HttpServer2 (HttpServer2.java:bindListener(1191)) - Jetty bound to port 36149
2019-09-19 11:17:09,822 [main] INFO  server.Server (Server.java:doStart(351)) - jetty-9.3.24.v20180605, build timestamp: 2018-06-05T17:11:56Z, git hash: 84205aa28f11a4f31f2a3b86d1bba2cc8ab69827
2019-09-19 11:17:09,824 [main] INFO  handler.ContextHandler (ContextHandler.java:doStart(781)) - Started o.e.j.s.ServletContextHandler@92fd091{/logs,file:///workdir/hadoop-ozone/integration-test/target/log,AVAILABLE}
2019-09-19 11:17:09,825 [main] INFO  handler.ContextHandler (ContextHandler.java:doStart(781)) - Started o.e.j.s.ServletContextHandler@70439c3{/static,jar:file:/home/user/.m2/repository/org/apache/hadoop/hadoop-hdds-container-service/0.5.0-SNAPSHOT/hadoop-hdds-container-service-0.5.0-SNAPSHOT.jar!/webapps/static,AVAILABLE}
2019-09-19 11:17:09,854 [main] INFO  handler.ContextHandler (ContextHandler.java:doStart(781)) - Started o.e.j.w.WebAppContext@1fc3df43{/,file:///tmp/jetty-0.0.0.0-36149-hddsDatanode-_-any-6502179966782829448.dir/webapp/,AVAILABLE}{/hddsDatanode}
2019-09-19 11:17:09,854 [main] INFO  server.AbstractConnector (AbstractConnector.java:doStart(278)) - Started ServerConnector@15130002{HTTP/1.1,[http/1.1]}{0.0.0.0:36149}
2019-09-19 11:17:09,855 [main] INFO  server.Server (Server.java:doStart(419)) - Started @117350ms
2019-09-19 11:17:09,856 [main] INFO  server.BaseHttpServer (BaseHttpServer.java:updateConnectorAddress(213)) - HTTP server of HDDSDATANODE is listening at http://0.0.0.0:36149
2019-09-19 11:17:09,995 | INFO  | ObjectStoreRestHttpServer | Listening HDDS REST traffic on /0.0.0.0:46273 |  
2019-09-19 11:17:09,995 [main] INFO  ozone.HddsDatanodeService (HddsDatanodeService.java:startPlugins(395)) - Started plug-in org.apache.hadoop.ozone.web.OzoneHddsDatanodeService@56499781
2019-09-19 11:17:09,995 [main] INFO  impl.MetricsSystemImpl (MetricsSystemImpl.java:init(158)) - HddsDatanode metrics system started (again)
2019-09-19 11:17:09,997 [org.apache.hadoop.util.JvmPauseMonitor$Monitor@10a64733] INFO  util.JvmPauseMonitor (JvmPauseMonitor.java:run(188)) - Starting JVM pause monitor
2019-09-19 11:17:09,997 [main] INFO  ozone.HddsDatanodeService (HddsDatanodeService.java:start(184)) - HddsDatanodeService host:pr-hdds-1569-swxfz-3172132826 ip:192.168.157.226
2019-09-19 11:17:10,000 [Datanode State Machine Thread - 0] INFO  datanode.InitDatanodeState (InitDatanodeState.java:persistContainerDatanodeDetails(140)) - DatanodeDetails is persisted to /workdir/hadoop-ozone/integration-test/target/test-dir/MiniOzoneClusterImpl-98b5687d-2982-4c4e-aef5-e1e97daefe6b/datanode-1/meta/datanode.id
2019-09-19 11:17:10,005 [main] INFO  volume.HddsVolume (HddsVolume.java:<init>(176)) - Creating Volume: /workdir/hadoop-ozone/integration-test/target/test-dir/MiniOzoneClusterImpl-98b5687d-2982-4c4e-aef5-e1e97daefe6b/datanode-2/data/containers/hdds of  storage type : DISK and capacity : 1482555576320
2019-09-19 11:17:10,005 [main] INFO  volume.VolumeSet (VolumeSet.java:initializeVolumeSet(170)) - Added Volume : /workdir/hadoop-ozone/integration-test/target/test-dir/MiniOzoneClusterImpl-98b5687d-2982-4c4e-aef5-e1e97daefe6b/datanode-2/data/containers/hdds to VolumeSet
2019-09-19 11:17:10,005 [main] INFO  volume.ThrottledAsyncChecker (ThrottledAsyncChecker.java:schedule(140)) - Scheduling a check for org.apache.hadoop.ozone.container.common.volume.HddsVolume@22429a11
2019-09-19 11:17:10,006 [main] INFO  volume.HddsVolumeChecker (HddsVolumeChecker.java:checkAllVolumes(203)) - Scheduled health check for volume org.apache.hadoop.ozone.container.common.volume.HddsVolume@22429a11
2019-09-19 11:17:10,021 [main] INFO  impl.RaftServerProxy (ConfUtils.java:logGet(43)) - raft.rpc.type = GRPC (default)
2019-09-19 11:17:10,021 [main] INFO  grpc.GrpcFactory (GrpcFactory.java:checkPooledByteBufAllocatorUseCacheForAllThreads(45)) - PERFORMANCE WARNING: useCacheForAllThreads is true that may cause Netty to create a lot garbage objects and, as a result, trigger GC.
	It is recommended to disable useCacheForAllThreads by setting -Dorg.apache.ratis.thirdparty.io.netty.allocator.useCacheForAllThreads=false in command line.
2019-09-19 11:17:10,021 [main] INFO  grpc.GrpcConfigKeys$Server (ConfUtils.java:logGet(43)) - raft.grpc.server.port = 0 (default)
2019-09-19 11:17:10,021 [main] INFO  server.GrpcService (ConfUtils.java:logGet(43)) - raft.grpc.message.size.max = 33570816 (custom)
2019-09-19 11:17:10,022 [main] INFO  server.RaftServerConfigKeys (ConfUtils.java:logGet(43)) - raft.server.log.appender.buffer.byte-limit = 33554432 (custom)
2019-09-19 11:17:10,022 [main] INFO  server.GrpcService (ConfUtils.java:logGet(43)) - raft.grpc.flow.control.window = 1MB (=1048576) (default)
2019-09-19 11:17:10,022 [main] INFO  server.RaftServerConfigKeys (ConfUtils.java:logGet(43)) - raft.server.rpc.request.timeout = 3000ms (default)
2019-09-19 11:17:10,023 [main] INFO  server.RaftServerConfigKeys (ConfUtils.java:logGet(43)) - raft.server.storage.dir = [/workdir/hadoop-ozone/integration-test/target/test-dir/MiniOzoneClusterImpl-98b5687d-2982-4c4e-aef5-e1e97daefe6b/datanode-2/data/ratis] (custom)
2019-09-19 11:17:10,023 [main] INFO  replication.SimpleContainerDownloader (SimpleContainerDownloader.java:<init>(72)) - Starting container downloader service to copy containers to replicate.
2019-09-19 11:17:10,025 [main] INFO  hdfs.DFSUtil (DFSUtil.java:httpServerTemplateForNNAndJN(1641)) - Starting Web-server for hddsDatanode at: http://0.0.0.0:0
2019-09-19 11:17:10,028 [main] INFO  server.AuthenticationFilter (AuthenticationFilter.java:constructSecretProvider(240)) - Unable to initialize FileSignerSecretProvider, falling back to use random secrets.
2019-09-19 11:17:10,028 [main] WARN  http.HttpRequestLog (HttpRequestLog.java:getRequestLog(97)) - Jetty request log can only be enabled using Log4j
2019-09-19 11:17:10,029 [main] INFO  http.HttpServer2 (HttpServer2.java:addGlobalFilter(975)) - Added global filter 'safety' (class=org.apache.hadoop.http.HttpServer2$QuotingInputFilter)
2019-09-19 11:17:10,030 [main] INFO  http.HttpServer2 (HttpServer2.java:addFilter(948)) - Added filter static_user_filter (class=org.apache.hadoop.http.lib.StaticUserWebFilter$StaticUserFilter) to context hddsDatanode
2019-09-19 11:17:10,030 [main] INFO  http.HttpServer2 (HttpServer2.java:addFilter(958)) - Added filter static_user_filter (class=org.apache.hadoop.http.lib.StaticUserWebFilter$StaticUserFilter) to context static
2019-09-19 11:17:10,030 [main] INFO  http.HttpServer2 (HttpServer2.java:addFilter(958)) - Added filter static_user_filter (class=org.apache.hadoop.http.lib.StaticUserWebFilter$StaticUserFilter) to context logs
2019-09-19 11:17:10,031 [main] INFO  http.HttpServer2 (HttpServer2.java:bindListener(1191)) - Jetty bound to port 45470
2019-09-19 11:17:10,031 [main] INFO  server.Server (Server.java:doStart(351)) - jetty-9.3.24.v20180605, build timestamp: 2018-06-05T17:11:56Z, git hash: 84205aa28f11a4f31f2a3b86d1bba2cc8ab69827
2019-09-19 11:17:10,032 [main] INFO  handler.ContextHandler (ContextHandler.java:doStart(781)) - Started o.e.j.s.ServletContextHandler@5b23c1f6{/logs,file:///workdir/hadoop-ozone/integration-test/target/log,AVAILABLE}
2019-09-19 11:17:10,033 [main] INFO  handler.ContextHandler (ContextHandler.java:doStart(781)) - Started o.e.j.s.ServletContextHandler@3bf01a01{/static,jar:file:/home/user/.m2/repository/org/apache/hadoop/hadoop-hdds-container-service/0.5.0-SNAPSHOT/hadoop-hdds-container-service-0.5.0-SNAPSHOT.jar!/webapps/static,AVAILABLE}
2019-09-19 11:17:10,057 [main] INFO  handler.ContextHandler (ContextHandler.java:doStart(781)) - Started o.e.j.w.WebAppContext@7286827b{/,file:///tmp/jetty-0.0.0.0-45470-hddsDatanode-_-any-9135949566265291691.dir/webapp/,AVAILABLE}{/hddsDatanode}
2019-09-19 11:17:10,058 [main] INFO  server.AbstractConnector (AbstractConnector.java:doStart(278)) - Started ServerConnector@1dd64243{HTTP/1.1,[http/1.1]}{0.0.0.0:45470}
2019-09-19 11:17:10,060 [main] INFO  server.Server (Server.java:doStart(419)) - Started @117556ms
2019-09-19 11:17:10,061 [main] INFO  server.BaseHttpServer (BaseHttpServer.java:updateConnectorAddress(213)) - HTTP server of HDDSDATANODE is listening at http://0.0.0.0:45470
2019-09-19 11:17:10,192 | INFO  | ObjectStoreRestHttpServer | Listening HDDS REST traffic on /0.0.0.0:35337 |  
2019-09-19 11:17:10,192 [main] INFO  ozone.HddsDatanodeService (HddsDatanodeService.java:startPlugins(395)) - Started plug-in org.apache.hadoop.ozone.web.OzoneHddsDatanodeService@1d5048d1
2019-09-19 11:17:10,193 [main] INFO  ozone.MiniOzoneClusterImpl (MiniOzoneClusterImpl.java:lambda$waitForClusterToBeReady$0(142)) - Waiting for cluster to be ready. Got 0 of 3 DN Heartbeats.
2019-09-19 11:17:10,194 [org.apache.hadoop.util.JvmPauseMonitor$Monitor@6bb9196b] INFO  util.JvmPauseMonitor (JvmPauseMonitor.java:run(188)) - Starting JVM pause monitor
2019-09-19 11:17:10,197 [Datanode State Machine Thread - 0] INFO  datanode.InitDatanodeState (InitDatanodeState.java:persistContainerDatanodeDetails(140)) - DatanodeDetails is persisted to /workdir/hadoop-ozone/integration-test/target/test-dir/MiniOzoneClusterImpl-98b5687d-2982-4c4e-aef5-e1e97daefe6b/datanode-2/meta/datanode.id
2019-09-19 11:17:11,193 [main] INFO  ozone.MiniOzoneClusterImpl (MiniOzoneClusterImpl.java:lambda$waitForClusterToBeReady$0(142)) - Waiting for cluster to be ready. Got 0 of 3 DN Heartbeats.
2019-09-19 11:17:11,797 | INFO  | SCMAudit | user=jenkins1000 | ip=192.168.157.226 | op=GET_VERSION null | ret=SUCCESS |  
2019-09-19 11:17:11,804 [Datanode State Machine Thread - 0] INFO  ozoneimpl.OzoneContainer (OzoneContainer.java:start(186)) - Attempting to start container services.
2019-09-19 11:17:11,804 [Datanode State Machine Thread - 0] INFO  ozoneimpl.OzoneContainer (OzoneContainer.java:startContainerScrub(160)) - Background container scrubber has been disabled by hdds.containerscrub.enabled
2019-09-19 11:17:11,805 [Datanode State Machine Thread - 0] INFO  ratis.XceiverServerRatis (XceiverServerRatis.java:start(404)) - Starting XceiverServerRatis 01520e7f-d70f-4779-806a-955dc689a5b3 at port 0
2019-09-19 11:17:11,812 [Datanode State Machine Thread - 0] INFO  impl.RaftServerProxy (RaftServerProxy.java:lambda$start$3(299)) - 01520e7f-d70f-4779-806a-955dc689a5b3: start RPC server
2019-09-19 11:17:11,820 [Datanode State Machine Thread - 0] INFO  server.GrpcService (GrpcService.java:startImpl(149)) - 01520e7f-d70f-4779-806a-955dc689a5b3: GrpcService started, listening on 0.0.0.0/0.0.0.0:43882
2019-09-19 11:17:11,820 [Datanode State Machine Thread - 0] INFO  ratis.XceiverServerRatis (XceiverServerRatis.java:start(414)) - XceiverServerRatis 01520e7f-d70f-4779-806a-955dc689a5b3 is started using port 43882
2019-09-19 11:17:11,826 [Datanode State Machine Thread - 0] INFO  server.XceiverServerGrpc (XceiverServerGrpc.java:start(163)) - XceiverServerGrpc 01520e7f-d70f-4779-806a-955dc689a5b3 is started using port 39747
2019-09-19 11:17:12,000 | INFO  | SCMAudit | user=jenkins1000 | ip=192.168.157.226 | op=GET_VERSION null | ret=SUCCESS |  
2019-09-19 11:17:12,016 [Datanode State Machine Thread - 0] INFO  ozoneimpl.OzoneContainer (OzoneContainer.java:start(186)) - Attempting to start container services.
2019-09-19 11:17:12,016 [Datanode State Machine Thread - 0] INFO  ozoneimpl.OzoneContainer (OzoneContainer.java:startContainerScrub(160)) - Background container scrubber has been disabled by hdds.containerscrub.enabled
2019-09-19 11:17:12,016 [Datanode State Machine Thread - 0] INFO  ratis.XceiverServerRatis (XceiverServerRatis.java:start(404)) - Starting XceiverServerRatis e7a9a6a6-ed4d-4d3b-87b5-03d4e3088f46 at port 0
2019-09-19 11:17:12,025 [Datanode State Machine Thread - 0] INFO  impl.RaftServerProxy (RaftServerProxy.java:lambda$start$3(299)) - e7a9a6a6-ed4d-4d3b-87b5-03d4e3088f46: start RPC server
2019-09-19 11:17:12,026 [Datanode State Machine Thread - 0] INFO  server.GrpcService (GrpcService.java:startImpl(149)) - e7a9a6a6-ed4d-4d3b-87b5-03d4e3088f46: GrpcService started, listening on 0.0.0.0/0.0.0.0:40977
2019-09-19 11:17:12,026 [Datanode State Machine Thread - 0] INFO  ratis.XceiverServerRatis (XceiverServerRatis.java:start(414)) - XceiverServerRatis e7a9a6a6-ed4d-4d3b-87b5-03d4e3088f46 is started using port 40977
2019-09-19 11:17:12,028 [Datanode State Machine Thread - 0] INFO  server.XceiverServerGrpc (XceiverServerGrpc.java:start(163)) - XceiverServerGrpc e7a9a6a6-ed4d-4d3b-87b5-03d4e3088f46 is started using port 46344
2019-09-19 11:17:12,194 [main] INFO  ozone.MiniOzoneClusterImpl (MiniOzoneClusterImpl.java:lambda$waitForClusterToBeReady$0(142)) - Waiting for cluster to be ready. Got 0 of 3 DN Heartbeats.
2019-09-19 11:17:12,197 | INFO  | SCMAudit | user=jenkins1000 | ip=192.168.157.226 | op=GET_VERSION null | ret=SUCCESS |  
2019-09-19 11:17:12,212 [Datanode State Machine Thread - 0] INFO  ozoneimpl.OzoneContainer (OzoneContainer.java:start(186)) - Attempting to start container services.
2019-09-19 11:17:12,213 [Datanode State Machine Thread - 0] INFO  ozoneimpl.OzoneContainer (OzoneContainer.java:startContainerScrub(160)) - Background container scrubber has been disabled by hdds.containerscrub.enabled
2019-09-19 11:17:12,213 [Datanode State Machine Thread - 0] INFO  ratis.XceiverServerRatis (XceiverServerRatis.java:start(404)) - Starting XceiverServerRatis 4e680362-d5f1-4b95-84d9-ab1f740da74c at port 0
2019-09-19 11:17:12,221 [Datanode State Machine Thread - 0] INFO  impl.RaftServerProxy (RaftServerProxy.java:lambda$start$3(299)) - 4e680362-d5f1-4b95-84d9-ab1f740da74c: start RPC server
2019-09-19 11:17:12,222 [Datanode State Machine Thread - 0] INFO  server.GrpcService (GrpcService.java:startImpl(149)) - 4e680362-d5f1-4b95-84d9-ab1f740da74c: GrpcService started, listening on 0.0.0.0/0.0.0.0:46602
2019-09-19 11:17:12,223 [Datanode State Machine Thread - 0] INFO  ratis.XceiverServerRatis (XceiverServerRatis.java:start(414)) - XceiverServerRatis 4e680362-d5f1-4b95-84d9-ab1f740da74c is started using port 46602
2019-09-19 11:17:12,225 [Datanode State Machine Thread - 0] INFO  server.XceiverServerGrpc (XceiverServerGrpc.java:start(163)) - XceiverServerGrpc 4e680362-d5f1-4b95-84d9-ab1f740da74c is started using port 46493
2019-09-19 11:17:13,194 [main] INFO  ozone.MiniOzoneClusterImpl (MiniOzoneClusterImpl.java:lambda$waitForClusterToBeReady$0(142)) - Waiting for cluster to be ready. Got 0 of 3 DN Heartbeats.
2019-09-19 11:17:13,793 [IPC Server handler 1 on 46139] INFO  net.NetworkTopology (NetworkTopologyImpl.java:add(110)) - Added a new node: /default-rack/01520e7f-d70f-4779-806a-955dc689a5b3
2019-09-19 11:17:13,794 [IPC Server handler 1 on 46139] INFO  node.SCMNodeManager (SCMNodeManager.java:register(273)) - Registered Data node : 01520e7f-d70f-4779-806a-955dc689a5b3{ip: 192.168.157.226, host: pr-hdds-1569-swxfz-3172132826, networkLocation: /default-rack, certSerialId: null}
2019-09-19 11:17:13,795 [EventQueue-NodeRegistrationContainerReportForDataNodeSafeModeRule] INFO  safemode.SCMSafeModeManager (DataNodeSafeModeRule.java:process(71)) - SCM in safe mode. 1 DataNodes registered, 1 required.
2019-09-19 11:17:13,795 | INFO  | SCMAudit | user=jenkins1000 | ip=192.168.157.226 | op=REGISTER {datanodeDetails=01520e7f-d70f-4779-806a-955dc689a5b3{ip: 192.168.157.226, host: pr-hdds-1569-swxfz-3172132826, networkLocation: /default-rack, certSerialId: null}} | ret=SUCCESS |  
2019-09-19 11:17:13,796 [EventQueue-NodeRegistrationContainerReportForDataNodeSafeModeRule] INFO  safemode.SCMSafeModeManager (SCMSafeModeManager.java:validateSafeModeExitRules(177)) - ScmSafeModeManager, all rules are successfully validated
2019-09-19 11:17:13,796 [EventQueue-NodeRegistrationContainerReportForDataNodeSafeModeRule] INFO  safemode.SCMSafeModeManager (SCMSafeModeManager.java:exitSafeMode(193)) - SCM exiting safe mode.
2019-09-19 11:17:13,807 [grpc-default-executor-0] INFO  impl.RaftServerProxy (RaftServerProxy.java:addNew(89)) - 01520e7f-d70f-4779-806a-955dc689a5b3: addNew group-9E7F2FBB8F89:[01520e7f-d70f-4779-806a-955dc689a5b3:192.168.157.226:43882] returns group-9E7F2FBB8F89:java.util.concurrent.CompletableFuture@6b128553[Not completed]
2019-09-19 11:17:13,809 [pool-186-thread-1] INFO  impl.RaftServerImpl (RaftServerImpl.java:<init>(93)) - 01520e7f-d70f-4779-806a-955dc689a5b3: new RaftServerImpl for group-9E7F2FBB8F89:[01520e7f-d70f-4779-806a-955dc689a5b3:192.168.157.226:43882] with ContainerStateMachine:uninitialized
2019-09-19 11:17:13,809 [pool-186-thread-1] INFO  server.RaftServerConfigKeys (ConfUtils.java:logGet(43)) - raft.server.rpc.timeout.min = 5s (custom)
2019-09-19 11:17:13,809 [pool-186-thread-1] INFO  server.RaftServerConfigKeys (ConfUtils.java:logGet(43)) - raft.server.rpc.timeout.max = 5200ms (custom)
2019-09-19 11:17:13,809 [pool-186-thread-1] INFO  server.RaftServerConfigKeys (ConfUtils.java:logGet(43)) - raft.server.rpcslowness.timeout = 120s (custom)
2019-09-19 11:17:13,809 [pool-186-thread-1] INFO  server.RaftServerConfigKeys (ConfUtils.java:logGet(43)) - raft.server.sleep.deviation.threshold = 300 (default)
2019-09-19 11:17:13,809 [pool-186-thread-1] INFO  server.RaftServerConfigKeys (ConfUtils.java:logGet(43)) - raft.server.log.appender.install.snapshot.enabled = false (custom)
2019-09-19 11:17:13,809 [pool-186-thread-1] INFO  impl.RaftServerImpl (ServerState.java:<init>(105)) - 01520e7f-d70f-4779-806a-955dc689a5b3:group-9E7F2FBB8F89 ConfigurationManager, init=-1: [01520e7f-d70f-4779-806a-955dc689a5b3:192.168.157.226:43882], old=null, confs=<EMPTY_MAP>
2019-09-19 11:17:13,809 [pool-186-thread-1] INFO  server.RaftServerConfigKeys (ConfUtils.java:logGet(43)) - raft.server.storage.dir = [/workdir/hadoop-ozone/integration-test/target/test-dir/MiniOzoneClusterImpl-98b5687d-2982-4c4e-aef5-e1e97daefe6b/datanode-0/data/ratis] (custom)
2019-09-19 11:17:13,810 [pool-186-thread-1] INFO  storage.RaftStorageDirectory (RaftStorageDirectory.java:analyzeStorage(246)) - The storage directory /workdir/hadoop-ozone/integration-test/target/test-dir/MiniOzoneClusterImpl-98b5687d-2982-4c4e-aef5-e1e97daefe6b/datanode-0/data/ratis/0047ecf4-369a-425d-866b-9e7f2fbb8f89 does not exist. Creating ...
2019-09-19 11:17:13,823 [pool-186-thread-1] INFO  storage.RaftStorageDirectory (RaftStorageDirectory.java:tryLock(328)) - Lock on /workdir/hadoop-ozone/integration-test/target/test-dir/MiniOzoneClusterImpl-98b5687d-2982-4c4e-aef5-e1e97daefe6b/datanode-0/data/ratis/0047ecf4-369a-425d-866b-9e7f2fbb8f89/in_use.lock acquired by nodename 20864@pr-hdds-1569-swxfz-3172132826
2019-09-19 11:17:13,837 [pool-186-thread-1] INFO  storage.RaftStorage (RaftStorage.java:format(72)) - Storage directory /workdir/hadoop-ozone/integration-test/target/test-dir/MiniOzoneClusterImpl-98b5687d-2982-4c4e-aef5-e1e97daefe6b/datanode-0/data/ratis/0047ecf4-369a-425d-866b-9e7f2fbb8f89 has been successfully formatted.
2019-09-19 11:17:13,837 [pool-186-thread-1] INFO  ratis.ContainerStateMachine (ContainerStateMachine.java:loadSnapshot(226)) - group-9E7F2FBB8F89: The snapshot info is null. Setting the last applied indexto:(t:0, i:~)
2019-09-19 11:17:13,837 [pool-186-thread-1] INFO  server.RaftServerConfigKeys (ConfUtils.java:logGet(43)) - raft.server.leader.election.timeout = 120s (custom)
2019-09-19 11:17:13,837 [pool-186-thread-1] INFO  server.RaftServerConfigKeys (ConfUtils.java:logGet(43)) - raft.server.log.use.memory = false (default)
2019-09-19 11:17:13,837 [pool-186-thread-1] INFO  server.RaftServerConfigKeys (ConfUtils.java:logGet(43)) - raft.server.log.purge.gap = 1000000 (custom)
2019-09-19 11:17:13,837 [pool-186-thread-1] INFO  server.RaftServerConfigKeys (ConfUtils.java:logGet(43)) - raft.server.log.appender.buffer.byte-limit = 33554432 (custom)
2019-09-19 11:17:13,837 [pool-186-thread-1] INFO  server.RaftServerConfigKeys (ConfUtils.java:logGet(43)) - raft.server.log.segment.size.max = 1048576 (custom)
2019-09-19 11:17:13,838 [pool-186-thread-1] INFO  server.RaftServerConfigKeys (ConfUtils.java:logGet(43)) - raft.server.log.segment.cache.num.max = 2 (custom)
2019-09-19 11:17:13,838 [pool-186-thread-1] INFO  segmented.SegmentedRaftLogWorker (SegmentedRaftLogWorker.java:<init>(172)) - new 01520e7f-d70f-4779-806a-955dc689a5b3-SegmentedRaftLogWorker:Storage Directory /workdir/hadoop-ozone/integration-test/target/test-dir/MiniOzoneClusterImpl-98b5687d-2982-4c4e-aef5-e1e97daefe6b/datanode-0/data/ratis/0047ecf4-369a-425d-866b-9e7f2fbb8f89 for RaftStorage:Storage Directory /workdir/hadoop-ozone/integration-test/target/test-dir/MiniOzoneClusterImpl-98b5687d-2982-4c4e-aef5-e1e97daefe6b/datanode-0/data/ratis/0047ecf4-369a-425d-866b-9e7f2fbb8f89
2019-09-19 11:17:13,838 [pool-186-thread-1] INFO  server.RaftServerConfigKeys (ConfUtils.java:logGet(43)) - raft.server.log.queue.byte-limit = 2147483647 (custom)
2019-09-19 11:17:13,838 [pool-186-thread-1] INFO  server.RaftServerConfigKeys (ConfUtils.java:logGet(43)) - raft.server.log.queue.element-limit = 1024 (custom)
2019-09-19 11:17:13,838 [pool-186-thread-1] INFO  server.RaftServerConfigKeys (ConfUtils.java:logGet(43)) - raft.server.log.segment.size.max = 1048576 (custom)
2019-09-19 11:17:13,838 [pool-186-thread-1] INFO  server.RaftServerConfigKeys (ConfUtils.java:logGet(43)) - raft.server.log.preallocated.size = 16384 (custom)
2019-09-19 11:17:13,839 [pool-186-thread-1] INFO  server.RaftServerConfigKeys (ConfUtils.java:logGet(43)) - raft.server.log.write.buffer.size = 33554432 (custom)
2019-09-19 11:17:13,839 [pool-186-thread-1] INFO  server.RaftServerConfigKeys (ConfUtils.java:logGet(43)) - raft.server.log.force.sync.num = 128 (default)
2019-09-19 11:17:13,839 [pool-186-thread-1] INFO  server.RaftServerConfigKeys (ConfUtils.java:logGet(43)) - raft.server.log.statemachine.data.sync = true (default)
2019-09-19 11:17:13,839 [pool-186-thread-1] INFO  server.RaftServerConfigKeys (ConfUtils.java:logGet(43)) - raft.server.log.statemachine.data.sync.timeout = 10s (default)
2019-09-19 11:17:13,839 [pool-186-thread-1] INFO  server.RaftServerConfigKeys (ConfUtils.java:logGet(43)) - raft.server.log.statemachine.data.sync.timeout.retry = -1 (default)
2019-09-19 11:17:13,839 [pool-186-thread-1] INFO  server.RaftServerConfigKeys (ConfUtils.java:logGet(43)) - raft.server.log.statemachine.data.caching.enabled = true (custom)
2019-09-19 11:17:13,839 [pool-186-thread-1] INFO  segmented.SegmentedRaftLogWorker (SegmentedRaftLogWorker.java:lambda$new$0(132)) - 01520e7f-d70f-4779-806a-955dc689a5b3-SegmentedRaftLogWorker:Storage Directory /workdir/hadoop-ozone/integration-test/target/test-dir/MiniOzoneClusterImpl-98b5687d-2982-4c4e-aef5-e1e97daefe6b/datanode-0/data/ratis/0047ecf4-369a-425d-866b-9e7f2fbb8f89: flushIndex: setUnconditionally 0 -> -1
2019-09-19 11:17:13,840 [pool-186-thread-1] INFO  server.RaftServerConfigKeys (ConfUtils.java:logGet(43)) - raft.server.snapshot.auto.trigger.enabled = true (custom)
2019-09-19 11:17:13,840 [pool-186-thread-1] INFO  server.RaftServerConfigKeys (ConfUtils.java:logGet(43)) - raft.server.snapshot.auto.trigger.threshold = 10000 (custom)
2019-09-19 11:17:13,840 [pool-186-thread-1] INFO  server.RaftServerConfigKeys (ConfUtils.java:logGet(43)) - raft.server.retrycache.expirytime = 600000ms (custom)
2019-09-19 11:17:13,840 [pool-186-thread-1] INFO  impl.RaftServerImpl (RaftServerImpl.java:start(180)) - 01520e7f-d70f-4779-806a-955dc689a5b3: start group-9E7F2FBB8F89
2019-09-19 11:17:13,840 [pool-186-thread-1] INFO  impl.RaftServerImpl (RaftServerImpl.java:setRole(171)) - 01520e7f-d70f-4779-806a-955dc689a5b3:group-9E7F2FBB8F89 changes role from null to FOLLOWER at term 0 for startAsFollower
2019-09-19 11:17:13,841 [pool-186-thread-1] INFO  impl.RoleInfo (RoleInfo.java:updateAndGet(143)) - 01520e7f-d70f-4779-806a-955dc689a5b3: start FollowerState
2019-09-19 11:17:13,841 [pool-186-thread-1] INFO  util.JmxRegister (JmxRegister.java:tryRegister(44)) - Successfully registered JMX Bean with object name Ratis:service=RaftServer,group=group-9E7F2FBB8F89,id=01520e7f-d70f-4779-806a-955dc689a5b3
2019-09-19 11:17:13,844 [RatisPipelineUtilsThread] INFO  pipeline.PipelineStateManager (PipelineStateManager.java:addPipeline(56)) - Created pipeline Pipeline[ Id: 0047ecf4-369a-425d-866b-9e7f2fbb8f89, Nodes: 01520e7f-d70f-4779-806a-955dc689a5b3{ip: 192.168.157.226, host: pr-hdds-1569-swxfz-3172132826, networkLocation: /default-rack, certSerialId: null}, Type:RATIS, Factor:ONE, State:OPEN]
2019-09-19 11:17:13,849 [grpc-default-executor-0] INFO  impl.RaftServerProxy (RaftServerProxy.java:addNew(89)) - 01520e7f-d70f-4779-806a-955dc689a5b3: addNew group-91B6491FB80F:[01520e7f-d70f-4779-806a-955dc689a5b3:192.168.157.226:43882] returns group-91B6491FB80F:java.util.concurrent.CompletableFuture@5a338bd8[Not completed]
2019-09-19 11:17:13,851 [pool-186-thread-1] INFO  impl.RaftServerImpl (RaftServerImpl.java:<init>(93)) - 01520e7f-d70f-4779-806a-955dc689a5b3: new RaftServerImpl for group-91B6491FB80F:[01520e7f-d70f-4779-806a-955dc689a5b3:192.168.157.226:43882] with ContainerStateMachine:uninitialized
2019-09-19 11:17:13,851 [pool-186-thread-1] INFO  server.RaftServerConfigKeys (ConfUtils.java:logGet(43)) - raft.server.rpc.timeout.min = 5s (custom)
2019-09-19 11:17:13,851 [pool-186-thread-1] INFO  server.RaftServerConfigKeys (ConfUtils.java:logGet(43)) - raft.server.rpc.timeout.max = 5200ms (custom)
2019-09-19 11:17:13,851 [pool-186-thread-1] INFO  server.RaftServerConfigKeys (ConfUtils.java:logGet(43)) - raft.server.rpcslowness.timeout = 120s (custom)
2019-09-19 11:17:13,851 [pool-186-thread-1] INFO  server.RaftServerConfigKeys (ConfUtils.java:logGet(43)) - raft.server.sleep.deviation.threshold = 300 (default)
2019-09-19 11:17:13,851 [pool-186-thread-1] INFO  server.RaftServerConfigKeys (ConfUtils.java:logGet(43)) - raft.server.log.appender.install.snapshot.enabled = false (custom)
2019-09-19 11:17:13,851 [pool-186-thread-1] INFO  impl.RaftServerImpl (ServerState.java:<init>(105)) - 01520e7f-d70f-4779-806a-955dc689a5b3:group-91B6491FB80F ConfigurationManager, init=-1: [01520e7f-d70f-4779-806a-955dc689a5b3:192.168.157.226:43882], old=null, confs=<EMPTY_MAP>
2019-09-19 11:17:13,851 [pool-186-thread-1] INFO  server.RaftServerConfigKeys (ConfUtils.java:logGet(43)) - raft.server.storage.dir = [/workdir/hadoop-ozone/integration-test/target/test-dir/MiniOzoneClusterImpl-98b5687d-2982-4c4e-aef5-e1e97daefe6b/datanode-0/data/ratis] (custom)
2019-09-19 11:17:13,852 [pool-186-thread-1] INFO  storage.RaftStorageDirectory (RaftStorageDirectory.java:analyzeStorage(246)) - The storage directory /workdir/hadoop-ozone/integration-test/target/test-dir/MiniOzoneClusterImpl-98b5687d-2982-4c4e-aef5-e1e97daefe6b/datanode-0/data/ratis/cfcbd903-af75-4fd2-8208-91b6491fb80f does not exist. Creating ...
2019-09-19 11:17:13,865 [pool-186-thread-1] INFO  storage.RaftStorageDirectory (RaftStorageDirectory.java:tryLock(328)) - Lock on /workdir/hadoop-ozone/integration-test/target/test-dir/MiniOzoneClusterImpl-98b5687d-2982-4c4e-aef5-e1e97daefe6b/datanode-0/data/ratis/cfcbd903-af75-4fd2-8208-91b6491fb80f/in_use.lock acquired by nodename 20864@pr-hdds-1569-swxfz-3172132826
2019-09-19 11:17:13,878 [pool-186-thread-1] INFO  storage.RaftStorage (RaftStorage.java:format(72)) - Storage directory /workdir/hadoop-ozone/integration-test/target/test-dir/MiniOzoneClusterImpl-98b5687d-2982-4c4e-aef5-e1e97daefe6b/datanode-0/data/ratis/cfcbd903-af75-4fd2-8208-91b6491fb80f has been successfully formatted.
2019-09-19 11:17:13,878 [pool-186-thread-1] INFO  ratis.ContainerStateMachine (ContainerStateMachine.java:loadSnapshot(226)) - group-91B6491FB80F: The snapshot info is null. Setting the last applied indexto:(t:0, i:~)
2019-09-19 11:17:13,879 [pool-186-thread-1] INFO  server.RaftServerConfigKeys (ConfUtils.java:logGet(43)) - raft.server.leader.election.timeout = 120s (custom)
2019-09-19 11:17:13,879 [pool-186-thread-1] INFO  server.RaftServerConfigKeys (ConfUtils.java:logGet(43)) - raft.server.log.use.memory = false (default)
2019-09-19 11:17:13,879 [pool-186-thread-1] INFO  server.RaftServerConfigKeys (ConfUtils.java:logGet(43)) - raft.server.log.purge.gap = 1000000 (custom)
2019-09-19 11:17:13,879 [pool-186-thread-1] INFO  server.RaftServerConfigKeys (ConfUtils.java:logGet(43)) - raft.server.log.appender.buffer.byte-limit = 33554432 (custom)
2019-09-19 11:17:13,879 [pool-186-thread-1] INFO  server.RaftServerConfigKeys (ConfUtils.java:logGet(43)) - raft.server.log.segment.size.max = 1048576 (custom)
2019-09-19 11:17:13,879 [pool-186-thread-1] INFO  server.RaftServerConfigKeys (ConfUtils.java:logGet(43)) - raft.server.log.segment.cache.num.max = 2 (custom)
2019-09-19 11:17:13,879 [pool-186-thread-1] INFO  segmented.SegmentedRaftLogWorker (SegmentedRaftLogWorker.java:<init>(172)) - new 01520e7f-d70f-4779-806a-955dc689a5b3-SegmentedRaftLogWorker:Storage Directory /workdir/hadoop-ozone/integration-test/target/test-dir/MiniOzoneClusterImpl-98b5687d-2982-4c4e-aef5-e1e97daefe6b/datanode-0/data/ratis/cfcbd903-af75-4fd2-8208-91b6491fb80f for RaftStorage:Storage Directory /workdir/hadoop-ozone/integration-test/target/test-dir/MiniOzoneClusterImpl-98b5687d-2982-4c4e-aef5-e1e97daefe6b/datanode-0/data/ratis/cfcbd903-af75-4fd2-8208-91b6491fb80f
2019-09-19 11:17:13,879 [pool-186-thread-1] INFO  server.RaftServerConfigKeys (ConfUtils.java:logGet(43)) - raft.server.log.queue.byte-limit = 2147483647 (custom)
2019-09-19 11:17:13,880 [pool-186-thread-1] INFO  server.RaftServerConfigKeys (ConfUtils.java:logGet(43)) - raft.server.log.queue.element-limit = 1024 (custom)
2019-09-19 11:17:13,880 [pool-186-thread-1] INFO  server.RaftServerConfigKeys (ConfUtils.java:logGet(43)) - raft.server.log.segment.size.max = 1048576 (custom)
2019-09-19 11:17:13,880 [pool-186-thread-1] INFO  server.RaftServerConfigKeys (ConfUtils.java:logGet(43)) - raft.server.log.preallocated.size = 16384 (custom)
2019-09-19 11:17:13,880 [pool-186-thread-1] INFO  server.RaftServerConfigKeys (ConfUtils.java:logGet(43)) - raft.server.log.write.buffer.size = 33554432 (custom)
2019-09-19 11:17:13,880 [pool-186-thread-1] INFO  server.RaftServerConfigKeys (ConfUtils.java:logGet(43)) - raft.server.log.force.sync.num = 128 (default)
2019-09-19 11:17:13,880 [pool-186-thread-1] INFO  server.RaftServerConfigKeys (ConfUtils.java:logGet(43)) - raft.server.log.statemachine.data.sync = true (default)
2019-09-19 11:17:13,880 [pool-186-thread-1] INFO  server.RaftServerConfigKeys (ConfUtils.java:logGet(43)) - raft.server.log.statemachine.data.sync.timeout = 10s (default)
2019-09-19 11:17:13,880 [pool-186-thread-1] INFO  server.RaftServerConfigKeys (ConfUtils.java:logGet(43)) - raft.server.log.statemachine.data.sync.timeout.retry = -1 (default)
2019-09-19 11:17:13,880 [pool-186-thread-1] INFO  server.RaftServerConfigKeys (ConfUtils.java:logGet(43)) - raft.server.log.statemachine.data.caching.enabled = true (custom)
2019-09-19 11:17:13,881 [pool-186-thread-1] INFO  segmented.SegmentedRaftLogWorker (SegmentedRaftLogWorker.java:lambda$new$0(132)) - 01520e7f-d70f-4779-806a-955dc689a5b3-SegmentedRaftLogWorker:Storage Directory /workdir/hadoop-ozone/integration-test/target/test-dir/MiniOzoneClusterImpl-98b5687d-2982-4c4e-aef5-e1e97daefe6b/datanode-0/data/ratis/cfcbd903-af75-4fd2-8208-91b6491fb80f: flushIndex: setUnconditionally 0 -> -1
2019-09-19 11:17:13,881 [pool-186-thread-1] INFO  server.RaftServerConfigKeys (ConfUtils.java:logGet(43)) - raft.server.snapshot.auto.trigger.enabled = true (custom)
2019-09-19 11:17:13,881 [pool-186-thread-1] INFO  server.RaftServerConfigKeys (ConfUtils.java:logGet(43)) - raft.server.snapshot.auto.trigger.threshold = 10000 (custom)
2019-09-19 11:17:13,881 [pool-186-thread-1] INFO  server.RaftServerConfigKeys (ConfUtils.java:logGet(43)) - raft.server.retrycache.expirytime = 600000ms (custom)
2019-09-19 11:17:13,881 [pool-186-thread-1] INFO  impl.RaftServerImpl (RaftServerImpl.java:start(180)) - 01520e7f-d70f-4779-806a-955dc689a5b3: start group-91B6491FB80F
2019-09-19 11:17:13,882 [pool-186-thread-1] INFO  impl.RaftServerImpl (RaftServerImpl.java:setRole(171)) - 01520e7f-d70f-4779-806a-955dc689a5b3:group-91B6491FB80F changes role from null to FOLLOWER at term 0 for startAsFollower
2019-09-19 11:17:13,882 [pool-186-thread-1] INFO  impl.RoleInfo (RoleInfo.java:updateAndGet(143)) - 01520e7f-d70f-4779-806a-955dc689a5b3: start FollowerState
2019-09-19 11:17:13,882 [pool-186-thread-1] INFO  util.JmxRegister (JmxRegister.java:tryRegister(44)) - Successfully registered JMX Bean with object name Ratis:service=RaftServer,group=group-91B6491FB80F,id=01520e7f-d70f-4779-806a-955dc689a5b3
2019-09-19 11:17:13,885 [RatisPipelineUtilsThread] INFO  pipeline.PipelineStateManager (PipelineStateManager.java:addPipeline(56)) - Created pipeline Pipeline[ Id: cfcbd903-af75-4fd2-8208-91b6491fb80f, Nodes: 01520e7f-d70f-4779-806a-955dc689a5b3{ip: 192.168.157.226, host: pr-hdds-1569-swxfz-3172132826, networkLocation: /default-rack, certSerialId: null}, Type:RATIS, Factor:ONE, State:OPEN]
2019-09-19 11:17:13,892 [grpc-default-executor-0] INFO  impl.RaftServerProxy (RaftServerProxy.java:addNew(89)) - 01520e7f-d70f-4779-806a-955dc689a5b3: addNew group-8E85120221D9:[01520e7f-d70f-4779-806a-955dc689a5b3:192.168.157.226:43882] returns group-8E85120221D9:java.util.concurrent.CompletableFuture@b3d7a1c[Not completed]
2019-09-19 11:17:13,893 [pool-186-thread-1] INFO  impl.RaftServerImpl (RaftServerImpl.java:<init>(93)) - 01520e7f-d70f-4779-806a-955dc689a5b3: new RaftServerImpl for group-8E85120221D9:[01520e7f-d70f-4779-806a-955dc689a5b3:192.168.157.226:43882] with ContainerStateMachine:uninitialized
2019-09-19 11:17:13,893 [pool-186-thread-1] INFO  server.RaftServerConfigKeys (ConfUtils.java:logGet(43)) - raft.server.rpc.timeout.min = 5s (custom)
2019-09-19 11:17:13,893 [pool-186-thread-1] INFO  server.RaftServerConfigKeys (ConfUtils.java:logGet(43)) - raft.server.rpc.timeout.max = 5200ms (custom)
2019-09-19 11:17:13,894 [pool-186-thread-1] INFO  server.RaftServerConfigKeys (ConfUtils.java:logGet(43)) - raft.server.rpcslowness.timeout = 120s (custom)
2019-09-19 11:17:13,894 [pool-186-thread-1] INFO  server.RaftServerConfigKeys (ConfUtils.java:logGet(43)) - raft.server.sleep.deviation.threshold = 300 (default)
2019-09-19 11:17:13,894 [pool-186-thread-1] INFO  server.RaftServerConfigKeys (ConfUtils.java:logGet(43)) - raft.server.log.appender.install.snapshot.enabled = false (custom)
2019-09-19 11:17:13,894 [pool-186-thread-1] INFO  impl.RaftServerImpl (ServerState.java:<init>(105)) - 01520e7f-d70f-4779-806a-955dc689a5b3:group-8E85120221D9 ConfigurationManager, init=-1: [01520e7f-d70f-4779-806a-955dc689a5b3:192.168.157.226:43882], old=null, confs=<EMPTY_MAP>
2019-09-19 11:17:13,894 [pool-186-thread-1] INFO  server.RaftServerConfigKeys (ConfUtils.java:logGet(43)) - raft.server.storage.dir = [/workdir/hadoop-ozone/integration-test/target/test-dir/MiniOzoneClusterImpl-98b5687d-2982-4c4e-aef5-e1e97daefe6b/datanode-0/data/ratis] (custom)
2019-09-19 11:17:13,894 [pool-186-thread-1] INFO  storage.RaftStorageDirectory (RaftStorageDirectory.java:analyzeStorage(246)) - The storage directory /workdir/hadoop-ozone/integration-test/target/test-dir/MiniOzoneClusterImpl-98b5687d-2982-4c4e-aef5-e1e97daefe6b/datanode-0/data/ratis/01ab4b0f-fbde-422f-aa3f-8e85120221d9 does not exist. Creating ...
2019-09-19 11:17:13,907 [pool-186-thread-1] INFO  storage.RaftStorageDirectory (RaftStorageDirectory.java:tryLock(328)) - Lock on /workdir/hadoop-ozone/integration-test/target/test-dir/MiniOzoneClusterImpl-98b5687d-2982-4c4e-aef5-e1e97daefe6b/datanode-0/data/ratis/01ab4b0f-fbde-422f-aa3f-8e85120221d9/in_use.lock acquired by nodename 20864@pr-hdds-1569-swxfz-3172132826
2019-09-19 11:17:13,920 [pool-186-thread-1] INFO  storage.RaftStorage (RaftStorage.java:format(72)) - Storage directory /workdir/hadoop-ozone/integration-test/target/test-dir/MiniOzoneClusterImpl-98b5687d-2982-4c4e-aef5-e1e97daefe6b/datanode-0/data/ratis/01ab4b0f-fbde-422f-aa3f-8e85120221d9 has been successfully formatted.
2019-09-19 11:17:13,920 [pool-186-thread-1] INFO  ratis.ContainerStateMachine (ContainerStateMachine.java:loadSnapshot(226)) - group-8E85120221D9: The snapshot info is null. Setting the last applied indexto:(t:0, i:~)
2019-09-19 11:17:13,921 [pool-186-thread-1] INFO  server.RaftServerConfigKeys (ConfUtils.java:logGet(43)) - raft.server.leader.election.timeout = 120s (custom)
2019-09-19 11:17:13,921 [pool-186-thread-1] INFO  server.RaftServerConfigKeys (ConfUtils.java:logGet(43)) - raft.server.log.use.memory = false (default)
2019-09-19 11:17:13,921 [pool-186-thread-1] INFO  server.RaftServerConfigKeys (ConfUtils.java:logGet(43)) - raft.server.log.purge.gap = 1000000 (custom)
2019-09-19 11:17:13,921 [pool-186-thread-1] INFO  server.RaftServerConfigKeys (ConfUtils.java:logGet(43)) - raft.server.log.appender.buffer.byte-limit = 33554432 (custom)
2019-09-19 11:17:13,921 [pool-186-thread-1] INFO  server.RaftServerConfigKeys (ConfUtils.java:logGet(43)) - raft.server.log.segment.size.max = 1048576 (custom)
2019-09-19 11:17:13,921 [pool-186-thread-1] INFO  server.RaftServerConfigKeys (ConfUtils.java:logGet(43)) - raft.server.log.segment.cache.num.max = 2 (custom)
2019-09-19 11:17:13,921 [pool-186-thread-1] INFO  segmented.SegmentedRaftLogWorker (SegmentedRaftLogWorker.java:<init>(172)) - new 01520e7f-d70f-4779-806a-955dc689a5b3-SegmentedRaftLogWorker:Storage Directory /workdir/hadoop-ozone/integration-test/target/test-dir/MiniOzoneClusterImpl-98b5687d-2982-4c4e-aef5-e1e97daefe6b/datanode-0/data/ratis/01ab4b0f-fbde-422f-aa3f-8e85120221d9 for RaftStorage:Storage Directory /workdir/hadoop-ozone/integration-test/target/test-dir/MiniOzoneClusterImpl-98b5687d-2982-4c4e-aef5-e1e97daefe6b/datanode-0/data/ratis/01ab4b0f-fbde-422f-aa3f-8e85120221d9
2019-09-19 11:17:13,921 [pool-186-thread-1] INFO  server.RaftServerConfigKeys (ConfUtils.java:logGet(43)) - raft.server.log.queue.byte-limit = 2147483647 (custom)
2019-09-19 11:17:13,921 [pool-186-thread-1] INFO  server.RaftServerConfigKeys (ConfUtils.java:logGet(43)) - raft.server.log.queue.element-limit = 1024 (custom)
2019-09-19 11:17:13,922 [pool-186-thread-1] INFO  server.RaftServerConfigKeys (ConfUtils.java:logGet(43)) - raft.server.log.segment.size.max = 1048576 (custom)
2019-09-19 11:17:13,922 [pool-186-thread-1] INFO  server.RaftServerConfigKeys (ConfUtils.java:logGet(43)) - raft.server.log.preallocated.size = 16384 (custom)
2019-09-19 11:17:13,922 [pool-186-thread-1] INFO  server.RaftServerConfigKeys (ConfUtils.java:logGet(43)) - raft.server.log.write.buffer.size = 33554432 (custom)
2019-09-19 11:17:13,922 [pool-186-thread-1] INFO  server.RaftServerConfigKeys (ConfUtils.java:logGet(43)) - raft.server.log.force.sync.num = 128 (default)
2019-09-19 11:17:13,922 [pool-186-thread-1] INFO  server.RaftServerConfigKeys (ConfUtils.java:logGet(43)) - raft.server.log.statemachine.data.sync = true (default)
2019-09-19 11:17:13,922 [pool-186-thread-1] INFO  server.RaftServerConfigKeys (ConfUtils.java:logGet(43)) - raft.server.log.statemachine.data.sync.timeout = 10s (default)
2019-09-19 11:17:13,922 [pool-186-thread-1] INFO  server.RaftServerConfigKeys (ConfUtils.java:logGet(43)) - raft.server.log.statemachine.data.sync.timeout.retry = -1 (default)
2019-09-19 11:17:13,922 [pool-186-thread-1] INFO  server.RaftServerConfigKeys (ConfUtils.java:logGet(43)) - raft.server.log.statemachine.data.caching.enabled = true (custom)
2019-09-19 11:17:13,923 [pool-186-thread-1] INFO  segmented.SegmentedRaftLogWorker (SegmentedRaftLogWorker.java:lambda$new$0(132)) - 01520e7f-d70f-4779-806a-955dc689a5b3-SegmentedRaftLogWorker:Storage Directory /workdir/hadoop-ozone/integration-test/target/test-dir/MiniOzoneClusterImpl-98b5687d-2982-4c4e-aef5-e1e97daefe6b/datanode-0/data/ratis/01ab4b0f-fbde-422f-aa3f-8e85120221d9: flushIndex: setUnconditionally 0 -> -1
2019-09-19 11:17:13,923 [pool-186-thread-1] INFO  server.RaftServerConfigKeys (ConfUtils.java:logGet(43)) - raft.server.snapshot.auto.trigger.enabled = true (custom)
2019-09-19 11:17:13,923 [pool-186-thread-1] INFO  server.RaftServerConfigKeys (ConfUtils.java:logGet(43)) - raft.server.snapshot.auto.trigger.threshold = 10000 (custom)
2019-09-19 11:17:13,923 [pool-186-thread-1] INFO  server.RaftServerConfigKeys (ConfUtils.java:logGet(43)) - raft.server.retrycache.expirytime = 600000ms (custom)
2019-09-19 11:17:13,923 [pool-186-thread-1] INFO  impl.RaftServerImpl (RaftServerImpl.java:start(180)) - 01520e7f-d70f-4779-806a-955dc689a5b3: start group-8E85120221D9
2019-09-19 11:17:13,923 [pool-186-thread-1] INFO  impl.RaftServerImpl (RaftServerImpl.java:setRole(171)) - 01520e7f-d70f-4779-806a-955dc689a5b3:group-8E85120221D9 changes role from null to FOLLOWER at term 0 for startAsFollower
2019-09-19 11:17:13,923 [pool-186-thread-1] INFO  impl.RoleInfo (RoleInfo.java:updateAndGet(143)) - 01520e7f-d70f-4779-806a-955dc689a5b3: start FollowerState
2019-09-19 11:17:13,924 [pool-186-thread-1] INFO  util.JmxRegister (JmxRegister.java:tryRegister(44)) - Successfully registered JMX Bean with object name Ratis:service=RaftServer,group=group-8E85120221D9,id=01520e7f-d70f-4779-806a-955dc689a5b3
2019-09-19 11:17:13,926 [RatisPipelineUtilsThread] INFO  pipeline.PipelineStateManager (PipelineStateManager.java:addPipeline(56)) - Created pipeline Pipeline[ Id: 01ab4b0f-fbde-422f-aa3f-8e85120221d9, Nodes: 01520e7f-d70f-4779-806a-955dc689a5b3{ip: 192.168.157.226, host: pr-hdds-1569-swxfz-3172132826, networkLocation: /default-rack, certSerialId: null}, Type:RATIS, Factor:ONE, State:OPEN]
2019-09-19 11:17:13,932 [grpc-default-executor-0] INFO  impl.RaftServerProxy (RaftServerProxy.java:addNew(89)) - 01520e7f-d70f-4779-806a-955dc689a5b3: addNew group-7050D9BF1F5D:[01520e7f-d70f-4779-806a-955dc689a5b3:192.168.157.226:43882] returns group-7050D9BF1F5D:java.util.concurrent.CompletableFuture@492cab38[Not completed]
2019-09-19 11:17:13,933 [pool-186-thread-1] INFO  impl.RaftServerImpl (RaftServerImpl.java:<init>(93)) - 01520e7f-d70f-4779-806a-955dc689a5b3: new RaftServerImpl for group-7050D9BF1F5D:[01520e7f-d70f-4779-806a-955dc689a5b3:192.168.157.226:43882] with ContainerStateMachine:uninitialized
2019-09-19 11:17:13,933 [pool-186-thread-1] INFO  server.RaftServerConfigKeys (ConfUtils.java:logGet(43)) - raft.server.rpc.timeout.min = 5s (custom)
2019-09-19 11:17:13,933 [pool-186-thread-1] INFO  server.RaftServerConfigKeys (ConfUtils.java:logGet(43)) - raft.server.rpc.timeout.max = 5200ms (custom)
2019-09-19 11:17:13,933 [pool-186-thread-1] INFO  server.RaftServerConfigKeys (ConfUtils.java:logGet(43)) - raft.server.rpcslowness.timeout = 120s (custom)
2019-09-19 11:17:13,934 [pool-186-thread-1] INFO  server.RaftServerConfigKeys (ConfUtils.java:logGet(43)) - raft.server.sleep.deviation.threshold = 300 (default)
2019-09-19 11:17:13,934 [pool-186-thread-1] INFO  server.RaftServerConfigKeys (ConfUtils.java:logGet(43)) - raft.server.log.appender.install.snapshot.enabled = false (custom)
2019-09-19 11:17:13,934 [pool-186-thread-1] INFO  impl.RaftServerImpl (ServerState.java:<init>(105)) - 01520e7f-d70f-4779-806a-955dc689a5b3:group-7050D9BF1F5D ConfigurationManager, init=-1: [01520e7f-d70f-4779-806a-955dc689a5b3:192.168.157.226:43882], old=null, confs=<EMPTY_MAP>
2019-09-19 11:17:13,934 [pool-186-thread-1] INFO  server.RaftServerConfigKeys (ConfUtils.java:logGet(43)) - raft.server.storage.dir = [/workdir/hadoop-ozone/integration-test/target/test-dir/MiniOzoneClusterImpl-98b5687d-2982-4c4e-aef5-e1e97daefe6b/datanode-0/data/ratis] (custom)
2019-09-19 11:17:13,934 [pool-186-thread-1] INFO  storage.RaftStorageDirectory (RaftStorageDirectory.java:analyzeStorage(246)) - The storage directory /workdir/hadoop-ozone/integration-test/target/test-dir/MiniOzoneClusterImpl-98b5687d-2982-4c4e-aef5-e1e97daefe6b/datanode-0/data/ratis/367e6bb6-340c-48ed-96f7-7050d9bf1f5d does not exist. Creating ...
2019-09-19 11:17:13,947 [pool-186-thread-1] INFO  storage.RaftStorageDirectory (RaftStorageDirectory.java:tryLock(328)) - Lock on /workdir/hadoop-ozone/integration-test/target/test-dir/MiniOzoneClusterImpl-98b5687d-2982-4c4e-aef5-e1e97daefe6b/datanode-0/data/ratis/367e6bb6-340c-48ed-96f7-7050d9bf1f5d/in_use.lock acquired by nodename 20864@pr-hdds-1569-swxfz-3172132826
2019-09-19 11:17:13,961 [pool-186-thread-1] INFO  storage.RaftStorage (RaftStorage.java:format(72)) - Storage directory /workdir/hadoop-ozone/integration-test/target/test-dir/MiniOzoneClusterImpl-98b5687d-2982-4c4e-aef5-e1e97daefe6b/datanode-0/data/ratis/367e6bb6-340c-48ed-96f7-7050d9bf1f5d has been successfully formatted.
2019-09-19 11:17:13,961 [pool-186-thread-1] INFO  ratis.ContainerStateMachine (ContainerStateMachine.java:loadSnapshot(226)) - group-7050D9BF1F5D: The snapshot info is null. Setting the last applied indexto:(t:0, i:~)
2019-09-19 11:17:13,961 [pool-186-thread-1] INFO  server.RaftServerConfigKeys (ConfUtils.java:logGet(43)) - raft.server.leader.election.timeout = 120s (custom)
2019-09-19 11:17:13,961 [pool-186-thread-1] INFO  server.RaftServerConfigKeys (ConfUtils.java:logGet(43)) - raft.server.log.use.memory = false (default)
2019-09-19 11:17:13,961 [pool-186-thread-1] INFO  server.RaftServerConfigKeys (ConfUtils.java:logGet(43)) - raft.server.log.purge.gap = 1000000 (custom)
2019-09-19 11:17:13,961 [pool-186-thread-1] INFO  server.RaftServerConfigKeys (ConfUtils.java:logGet(43)) - raft.server.log.appender.buffer.byte-limit = 33554432 (custom)
2019-09-19 11:17:13,962 [pool-186-thread-1] INFO  server.RaftServerConfigKeys (ConfUtils.java:logGet(43)) - raft.server.log.segment.size.max = 1048576 (custom)
2019-09-19 11:17:13,962 [pool-186-thread-1] INFO  server.RaftServerConfigKeys (ConfUtils.java:logGet(43)) - raft.server.log.segment.cache.num.max = 2 (custom)
2019-09-19 11:17:13,962 [pool-186-thread-1] INFO  segmented.SegmentedRaftLogWorker (SegmentedRaftLogWorker.java:<init>(172)) - new 01520e7f-d70f-4779-806a-955dc689a5b3-SegmentedRaftLogWorker:Storage Directory /workdir/hadoop-ozone/integration-test/target/test-dir/MiniOzoneClusterImpl-98b5687d-2982-4c4e-aef5-e1e97daefe6b/datanode-0/data/ratis/367e6bb6-340c-48ed-96f7-7050d9bf1f5d for RaftStorage:Storage Directory /workdir/hadoop-ozone/integration-test/target/test-dir/MiniOzoneClusterImpl-98b5687d-2982-4c4e-aef5-e1e97daefe6b/datanode-0/data/ratis/367e6bb6-340c-48ed-96f7-7050d9bf1f5d
2019-09-19 11:17:13,962 [pool-186-thread-1] INFO  server.RaftServerConfigKeys (ConfUtils.java:logGet(43)) - raft.server.log.queue.byte-limit = 2147483647 (custom)
2019-09-19 11:17:13,962 [pool-186-thread-1] INFO  server.RaftServerConfigKeys (ConfUtils.java:logGet(43)) - raft.server.log.queue.element-limit = 1024 (custom)
2019-09-19 11:17:13,962 [pool-186-thread-1] INFO  server.RaftServerConfigKeys (ConfUtils.java:logGet(43)) - raft.server.log.segment.size.max = 1048576 (custom)
2019-09-19 11:17:13,962 [pool-186-thread-1] INFO  server.RaftServerConfigKeys (ConfUtils.java:logGet(43)) - raft.server.log.preallocated.size = 16384 (custom)
2019-09-19 11:17:13,962 [pool-186-thread-1] INFO  server.RaftServerConfigKeys (ConfUtils.java:logGet(43)) - raft.server.log.write.buffer.size = 33554432 (custom)
2019-09-19 11:17:13,963 [pool-186-thread-1] INFO  server.RaftServerConfigKeys (ConfUtils.java:logGet(43)) - raft.server.log.force.sync.num = 128 (default)
2019-09-19 11:17:13,963 [pool-186-thread-1] INFO  server.RaftServerConfigKeys (ConfUtils.java:logGet(43)) - raft.server.log.statemachine.data.sync = true (default)
2019-09-19 11:17:13,963 [pool-186-thread-1] INFO  server.RaftServerConfigKeys (ConfUtils.java:logGet(43)) - raft.server.log.statemachine.data.sync.timeout = 10s (default)
2019-09-19 11:17:13,963 [pool-186-thread-1] INFO  server.RaftServerConfigKeys (ConfUtils.java:logGet(43)) - raft.server.log.statemachine.data.sync.timeout.retry = -1 (default)
2019-09-19 11:17:13,963 [pool-186-thread-1] INFO  server.RaftServerConfigKeys (ConfUtils.java:logGet(43)) - raft.server.log.statemachine.data.caching.enabled = true (custom)
2019-09-19 11:17:13,963 [pool-186-thread-1] INFO  segmented.SegmentedRaftLogWorker (SegmentedRaftLogWorker.java:lambda$new$0(132)) - 01520e7f-d70f-4779-806a-955dc689a5b3-SegmentedRaftLogWorker:Storage Directory /workdir/hadoop-ozone/integration-test/target/test-dir/MiniOzoneClusterImpl-98b5687d-2982-4c4e-aef5-e1e97daefe6b/datanode-0/data/ratis/367e6bb6-340c-48ed-96f7-7050d9bf1f5d: flushIndex: setUnconditionally 0 -> -1
2019-09-19 11:17:13,963 [pool-186-thread-1] INFO  server.RaftServerConfigKeys (ConfUtils.java:logGet(43)) - raft.server.snapshot.auto.trigger.enabled = true (custom)
2019-09-19 11:17:13,964 [pool-186-thread-1] INFO  server.RaftServerConfigKeys (ConfUtils.java:logGet(43)) - raft.server.snapshot.auto.trigger.threshold = 10000 (custom)
2019-09-19 11:17:13,964 [pool-186-thread-1] INFO  server.RaftServerConfigKeys (ConfUtils.java:logGet(43)) - raft.server.retrycache.expirytime = 600000ms (custom)
2019-09-19 11:17:13,964 [pool-186-thread-1] INFO  impl.RaftServerImpl (RaftServerImpl.java:start(180)) - 01520e7f-d70f-4779-806a-955dc689a5b3: start group-7050D9BF1F5D
2019-09-19 11:17:13,964 [pool-186-thread-1] INFO  impl.RaftServerImpl (RaftServerImpl.java:setRole(171)) - 01520e7f-d70f-4779-806a-955dc689a5b3:group-7050D9BF1F5D changes role from null to FOLLOWER at term 0 for startAsFollower
2019-09-19 11:17:13,964 [pool-186-thread-1] INFO  impl.RoleInfo (RoleInfo.java:updateAndGet(143)) - 01520e7f-d70f-4779-806a-955dc689a5b3: start FollowerState
2019-09-19 11:17:13,964 [pool-186-thread-1] INFO  util.JmxRegister (JmxRegister.java:tryRegister(44)) - Successfully registered JMX Bean with object name Ratis:service=RaftServer,group=group-7050D9BF1F5D,id=01520e7f-d70f-4779-806a-955dc689a5b3
2019-09-19 11:17:13,968 [RatisPipelineUtilsThread] INFO  pipeline.PipelineStateManager (PipelineStateManager.java:addPipeline(56)) - Created pipeline Pipeline[ Id: 367e6bb6-340c-48ed-96f7-7050d9bf1f5d, Nodes: 01520e7f-d70f-4779-806a-955dc689a5b3{ip: 192.168.157.226, host: pr-hdds-1569-swxfz-3172132826, networkLocation: /default-rack, certSerialId: null}, Type:RATIS, Factor:ONE, State:OPEN]
2019-09-19 11:17:13,973 [grpc-default-executor-0] INFO  impl.RaftServerProxy (RaftServerProxy.java:addNew(89)) - 01520e7f-d70f-4779-806a-955dc689a5b3: addNew group-C166A81C7C28:[01520e7f-d70f-4779-806a-955dc689a5b3:192.168.157.226:43882] returns group-C166A81C7C28:java.util.concurrent.CompletableFuture@f738590[Not completed]
2019-09-19 11:17:13,975 [pool-186-thread-1] INFO  impl.RaftServerImpl (RaftServerImpl.java:<init>(93)) - 01520e7f-d70f-4779-806a-955dc689a5b3: new RaftServerImpl for group-C166A81C7C28:[01520e7f-d70f-4779-806a-955dc689a5b3:192.168.157.226:43882] with ContainerStateMachine:uninitialized
2019-09-19 11:17:13,975 [pool-186-thread-1] INFO  server.RaftServerConfigKeys (ConfUtils.java:logGet(43)) - raft.server.rpc.timeout.min = 5s (custom)
2019-09-19 11:17:13,975 [pool-186-thread-1] INFO  server.RaftServerConfigKeys (ConfUtils.java:logGet(43)) - raft.server.rpc.timeout.max = 5200ms (custom)
2019-09-19 11:17:13,975 [pool-186-thread-1] INFO  server.RaftServerConfigKeys (ConfUtils.java:logGet(43)) - raft.server.rpcslowness.timeout = 120s (custom)
2019-09-19 11:17:13,975 [pool-186-thread-1] INFO  server.RaftServerConfigKeys (ConfUtils.java:logGet(43)) - raft.server.sleep.deviation.threshold = 300 (default)
2019-09-19 11:17:13,975 [pool-186-thread-1] INFO  server.RaftServerConfigKeys (ConfUtils.java:logGet(43)) - raft.server.log.appender.install.snapshot.enabled = false (custom)
2019-09-19 11:17:13,975 [pool-186-thread-1] INFO  impl.RaftServerImpl (ServerState.java:<init>(105)) - 01520e7f-d70f-4779-806a-955dc689a5b3:group-C166A81C7C28 ConfigurationManager, init=-1: [01520e7f-d70f-4779-806a-955dc689a5b3:192.168.157.226:43882], old=null, confs=<EMPTY_MAP>
2019-09-19 11:17:13,975 [pool-186-thread-1] INFO  server.RaftServerConfigKeys (ConfUtils.java:logGet(43)) - raft.server.storage.dir = [/workdir/hadoop-ozone/integration-test/target/test-dir/MiniOzoneClusterImpl-98b5687d-2982-4c4e-aef5-e1e97daefe6b/datanode-0/data/ratis] (custom)
2019-09-19 11:17:13,976 [pool-186-thread-1] INFO  storage.RaftStorageDirectory (RaftStorageDirectory.java:analyzeStorage(246)) - The storage directory /workdir/hadoop-ozone/integration-test/target/test-dir/MiniOzoneClusterImpl-98b5687d-2982-4c4e-aef5-e1e97daefe6b/datanode-0/data/ratis/bed8117c-9407-4a09-b4cb-c166a81c7c28 does not exist. Creating ...
2019-09-19 11:17:13,989 [pool-186-thread-1] INFO  storage.RaftStorageDirectory (RaftStorageDirectory.java:tryLock(328)) - Lock on /workdir/hadoop-ozone/integration-test/target/test-dir/MiniOzoneClusterImpl-98b5687d-2982-4c4e-aef5-e1e97daefe6b/datanode-0/data/ratis/bed8117c-9407-4a09-b4cb-c166a81c7c28/in_use.lock acquired by nodename 20864@pr-hdds-1569-swxfz-3172132826
2019-09-19 11:17:14,001 [IPC Server handler 0 on 46139] INFO  net.NetworkTopology (NetworkTopologyImpl.java:add(110)) - Added a new node: /default-rack/e7a9a6a6-ed4d-4d3b-87b5-03d4e3088f46
2019-09-19 11:17:14,001 [IPC Server handler 0 on 46139] INFO  node.SCMNodeManager (SCMNodeManager.java:register(273)) - Registered Data node : e7a9a6a6-ed4d-4d3b-87b5-03d4e3088f46{ip: 192.168.157.226, host: pr-hdds-1569-swxfz-3172132826, networkLocation: /default-rack, certSerialId: null}
2019-09-19 11:17:14,001 | INFO  | SCMAudit | user=jenkins1000 | ip=192.168.157.226 | op=REGISTER {datanodeDetails=e7a9a6a6-ed4d-4d3b-87b5-03d4e3088f46{ip: 192.168.157.226, host: pr-hdds-1569-swxfz-3172132826, networkLocation: /default-rack, certSerialId: null}} | ret=SUCCESS |  
2019-09-19 11:17:14,002 [pool-186-thread-1] INFO  storage.RaftStorage (RaftStorage.java:format(72)) - Storage directory /workdir/hadoop-ozone/integration-test/target/test-dir/MiniOzoneClusterImpl-98b5687d-2982-4c4e-aef5-e1e97daefe6b/datanode-0/data/ratis/bed8117c-9407-4a09-b4cb-c166a81c7c28 has been successfully formatted.
2019-09-19 11:17:14,002 [pool-186-thread-1] INFO  ratis.ContainerStateMachine (ContainerStateMachine.java:loadSnapshot(226)) - group-C166A81C7C28: The snapshot info is null. Setting the last applied indexto:(t:0, i:~)
2019-09-19 11:17:14,002 [pool-186-thread-1] INFO  server.RaftServerConfigKeys (ConfUtils.java:logGet(43)) - raft.server.leader.election.timeout = 120s (custom)
2019-09-19 11:17:14,002 [pool-186-thread-1] INFO  server.RaftServerConfigKeys (ConfUtils.java:logGet(43)) - raft.server.log.use.memory = false (default)
2019-09-19 11:17:14,003 [pool-186-thread-1] INFO  server.RaftServerConfigKeys (ConfUtils.java:logGet(43)) - raft.server.log.purge.gap = 1000000 (custom)
2019-09-19 11:17:14,003 [pool-186-thread-1] INFO  server.RaftServerConfigKeys (ConfUtils.java:logGet(43)) - raft.server.log.appender.buffer.byte-limit = 33554432 (custom)
2019-09-19 11:17:14,003 [pool-186-thread-1] INFO  server.RaftServerConfigKeys (ConfUtils.java:logGet(43)) - raft.server.log.segment.size.max = 1048576 (custom)
2019-09-19 11:17:14,003 [pool-186-thread-1] INFO  server.RaftServerConfigKeys (ConfUtils.java:logGet(43)) - raft.server.log.segment.cache.num.max = 2 (custom)
2019-09-19 11:17:14,003 [pool-186-thread-1] INFO  segmented.SegmentedRaftLogWorker (SegmentedRaftLogWorker.java:<init>(172)) - new 01520e7f-d70f-4779-806a-955dc689a5b3-SegmentedRaftLogWorker:Storage Directory /workdir/hadoop-ozone/integration-test/target/test-dir/MiniOzoneClusterImpl-98b5687d-2982-4c4e-aef5-e1e97daefe6b/datanode-0/data/ratis/bed8117c-9407-4a09-b4cb-c166a81c7c28 for RaftStorage:Storage Directory /workdir/hadoop-ozone/integration-test/target/test-dir/MiniOzoneClusterImpl-98b5687d-2982-4c4e-aef5-e1e97daefe6b/datanode-0/data/ratis/bed8117c-9407-4a09-b4cb-c166a81c7c28
2019-09-19 11:17:14,003 [pool-186-thread-1] INFO  server.RaftServerConfigKeys (ConfUtils.java:logGet(43)) - raft.server.log.queue.byte-limit = 2147483647 (custom)
2019-09-19 11:17:14,004 [pool-186-thread-1] INFO  server.RaftServerConfigKeys (ConfUtils.java:logGet(43)) - raft.server.log.queue.element-limit = 1024 (custom)
2019-09-19 11:17:14,004 [pool-186-thread-1] INFO  server.RaftServerConfigKeys (ConfUtils.java:logGet(43)) - raft.server.log.segment.size.max = 1048576 (custom)
2019-09-19 11:17:14,004 [pool-186-thread-1] INFO  server.RaftServerConfigKeys (ConfUtils.java:logGet(43)) - raft.server.log.preallocated.size = 16384 (custom)
2019-09-19 11:17:14,004 [pool-186-thread-1] INFO  server.RaftServerConfigKeys (ConfUtils.java:logGet(43)) - raft.server.log.write.buffer.size = 33554432 (custom)
2019-09-19 11:17:14,004 [pool-186-thread-1] INFO  server.RaftServerConfigKeys (ConfUtils.java:logGet(43)) - raft.server.log.force.sync.num = 128 (default)
2019-09-19 11:17:14,004 [pool-186-thread-1] INFO  server.RaftServerConfigKeys (ConfUtils.java:logGet(43)) - raft.server.log.statemachine.data.sync = true (default)
2019-09-19 11:17:14,005 [pool-186-thread-1] INFO  server.RaftServerConfigKeys (ConfUtils.java:logGet(43)) - raft.server.log.statemachine.data.sync.timeout = 10s (default)
2019-09-19 11:17:14,005 [pool-186-thread-1] INFO  server.RaftServerConfigKeys (ConfUtils.java:logGet(43)) - raft.server.log.statemachine.data.sync.timeout.retry = -1 (default)
2019-09-19 11:17:14,005 [pool-186-thread-1] INFO  server.RaftServerConfigKeys (ConfUtils.java:logGet(43)) - raft.server.log.statemachine.data.caching.enabled = true (custom)
2019-09-19 11:17:14,005 [pool-186-thread-1] INFO  segmented.SegmentedRaftLogWorker (SegmentedRaftLogWorker.java:lambda$new$0(132)) - 01520e7f-d70f-4779-806a-955dc689a5b3-SegmentedRaftLogWorker:Storage Directory /workdir/hadoop-ozone/integration-test/target/test-dir/MiniOzoneClusterImpl-98b5687d-2982-4c4e-aef5-e1e97daefe6b/datanode-0/data/ratis/bed8117c-9407-4a09-b4cb-c166a81c7c28: flushIndex: setUnconditionally 0 -> -1
2019-09-19 11:17:14,006 [pool-186-thread-1] INFO  server.RaftServerConfigKeys (ConfUtils.java:logGet(43)) - raft.server.snapshot.auto.trigger.enabled = true (custom)
2019-09-19 11:17:14,006 [pool-186-thread-1] INFO  server.RaftServerConfigKeys (ConfUtils.java:logGet(43)) - raft.server.snapshot.auto.trigger.threshold = 10000 (custom)
2019-09-19 11:17:14,006 [pool-186-thread-1] INFO  server.RaftServerConfigKeys (ConfUtils.java:logGet(43)) - raft.server.retrycache.expirytime = 600000ms (custom)
2019-09-19 11:17:14,006 [pool-186-thread-1] INFO  impl.RaftServerImpl (RaftServerImpl.java:start(180)) - 01520e7f-d70f-4779-806a-955dc689a5b3: start group-C166A81C7C28
2019-09-19 11:17:14,006 [pool-186-thread-1] INFO  impl.RaftServerImpl (RaftServerImpl.java:setRole(171)) - 01520e7f-d70f-4779-806a-955dc689a5b3:group-C166A81C7C28 changes role from null to FOLLOWER at term 0 for startAsFollower
2019-09-19 11:17:14,007 [pool-186-thread-1] INFO  impl.RoleInfo (RoleInfo.java:updateAndGet(143)) - 01520e7f-d70f-4779-806a-955dc689a5b3: start FollowerState
2019-09-19 11:17:14,007 [pool-186-thread-1] INFO  util.JmxRegister (JmxRegister.java:tryRegister(44)) - Successfully registered JMX Bean with object name Ratis:service=RaftServer,group=group-C166A81C7C28,id=01520e7f-d70f-4779-806a-955dc689a5b3
2019-09-19 11:17:14,010 [RatisPipelineUtilsThread] INFO  pipeline.PipelineStateManager (PipelineStateManager.java:addPipeline(56)) - Created pipeline Pipeline[ Id: bed8117c-9407-4a09-b4cb-c166a81c7c28, Nodes: 01520e7f-d70f-4779-806a-955dc689a5b3{ip: 192.168.157.226, host: pr-hdds-1569-swxfz-3172132826, networkLocation: /default-rack, certSerialId: null}, Type:RATIS, Factor:ONE, State:OPEN]
2019-09-19 11:17:14,014 [grpc-default-executor-0] INFO  impl.RaftServerProxy (RaftServerProxy.java:addNew(89)) - 01520e7f-d70f-4779-806a-955dc689a5b3: addNew group-BD9A6B8E080A:[01520e7f-d70f-4779-806a-955dc689a5b3:192.168.157.226:43882] returns group-BD9A6B8E080A:java.util.concurrent.CompletableFuture@10fcac26[Not completed]
2019-09-19 11:17:14,016 [pool-186-thread-1] INFO  impl.RaftServerImpl (RaftServerImpl.java:<init>(93)) - 01520e7f-d70f-4779-806a-955dc689a5b3: new RaftServerImpl for group-BD9A6B8E080A:[01520e7f-d70f-4779-806a-955dc689a5b3:192.168.157.226:43882] with ContainerStateMachine:uninitialized
2019-09-19 11:17:14,016 [pool-186-thread-1] INFO  server.RaftServerConfigKeys (ConfUtils.java:logGet(43)) - raft.server.rpc.timeout.min = 5s (custom)
2019-09-19 11:17:14,016 [pool-186-thread-1] INFO  server.RaftServerConfigKeys (ConfUtils.java:logGet(43)) - raft.server.rpc.timeout.max = 5200ms (custom)
2019-09-19 11:17:14,016 [pool-186-thread-1] INFO  server.RaftServerConfigKeys (ConfUtils.java:logGet(43)) - raft.server.rpcslowness.timeout = 120s (custom)
2019-09-19 11:17:14,016 [pool-186-thread-1] INFO  server.RaftServerConfigKeys (ConfUtils.java:logGet(43)) - raft.server.sleep.deviation.threshold = 300 (default)
2019-09-19 11:17:14,017 [pool-186-thread-1] INFO  server.RaftServerConfigKeys (ConfUtils.java:logGet(43)) - raft.server.log.appender.install.snapshot.enabled = false (custom)
2019-09-19 11:17:14,017 [pool-186-thread-1] INFO  impl.RaftServerImpl (ServerState.java:<init>(105)) - 01520e7f-d70f-4779-806a-955dc689a5b3:group-BD9A6B8E080A ConfigurationManager, init=-1: [01520e7f-d70f-4779-806a-955dc689a5b3:192.168.157.226:43882], old=null, confs=<EMPTY_MAP>
2019-09-19 11:17:14,017 [pool-186-thread-1] INFO  server.RaftServerConfigKeys (ConfUtils.java:logGet(43)) - raft.server.storage.dir = [/workdir/hadoop-ozone/integration-test/target/test-dir/MiniOzoneClusterImpl-98b5687d-2982-4c4e-aef5-e1e97daefe6b/datanode-0/data/ratis] (custom)
2019-09-19 11:17:14,017 [pool-186-thread-1] INFO  storage.RaftStorageDirectory (RaftStorageDirectory.java:analyzeStorage(246)) - The storage directory /workdir/hadoop-ozone/integration-test/target/test-dir/MiniOzoneClusterImpl-98b5687d-2982-4c4e-aef5-e1e97daefe6b/datanode-0/data/ratis/d3a28093-7639-4b2f-8266-bd9a6b8e080a does not exist. Creating ...
2019-09-19 11:17:14,031 [pool-186-thread-1] INFO  storage.RaftStorageDirectory (RaftStorageDirectory.java:tryLock(328)) - Lock on /workdir/hadoop-ozone/integration-test/target/test-dir/MiniOzoneClusterImpl-98b5687d-2982-4c4e-aef5-e1e97daefe6b/datanode-0/data/ratis/d3a28093-7639-4b2f-8266-bd9a6b8e080a/in_use.lock acquired by nodename 20864@pr-hdds-1569-swxfz-3172132826
2019-09-19 11:17:14,054 [pool-186-thread-1] INFO  storage.RaftStorage (RaftStorage.java:format(72)) - Storage directory /workdir/hadoop-ozone/integration-test/target/test-dir/MiniOzoneClusterImpl-98b5687d-2982-4c4e-aef5-e1e97daefe6b/datanode-0/data/ratis/d3a28093-7639-4b2f-8266-bd9a6b8e080a has been successfully formatted.
2019-09-19 11:17:14,054 [pool-186-thread-1] INFO  ratis.ContainerStateMachine (ContainerStateMachine.java:loadSnapshot(226)) - group-BD9A6B8E080A: The snapshot info is null. Setting the last applied indexto:(t:0, i:~)
2019-09-19 11:17:14,055 [pool-186-thread-1] INFO  server.RaftServerConfigKeys (ConfUtils.java:logGet(43)) - raft.server.leader.election.timeout = 120s (custom)
2019-09-19 11:17:14,055 [pool-186-thread-1] INFO  server.RaftServerConfigKeys (ConfUtils.java:logGet(43)) - raft.server.log.use.memory = false (default)
2019-09-19 11:17:14,055 [pool-186-thread-1] INFO  server.RaftServerConfigKeys (ConfUtils.java:logGet(43)) - raft.server.log.purge.gap = 1000000 (custom)
2019-09-19 11:17:14,055 [pool-186-thread-1] INFO  server.RaftServerConfigKeys (ConfUtils.java:logGet(43)) - raft.server.log.appender.buffer.byte-limit = 33554432 (custom)
2019-09-19 11:17:14,055 [pool-186-thread-1] INFO  server.RaftServerConfigKeys (ConfUtils.java:logGet(43)) - raft.server.log.segment.size.max = 1048576 (custom)
2019-09-19 11:17:14,056 [pool-186-thread-1] INFO  server.RaftServerConfigKeys (ConfUtils.java:logGet(43)) - raft.server.log.segment.cache.num.max = 2 (custom)
2019-09-19 11:17:14,056 [pool-186-thread-1] INFO  segmented.SegmentedRaftLogWorker (SegmentedRaftLogWorker.java:<init>(172)) - new 01520e7f-d70f-4779-806a-955dc689a5b3-SegmentedRaftLogWorker:Storage Directory /workdir/hadoop-ozone/integration-test/target/test-dir/MiniOzoneClusterImpl-98b5687d-2982-4c4e-aef5-e1e97daefe6b/datanode-0/data/ratis/d3a28093-7639-4b2f-8266-bd9a6b8e080a for RaftStorage:Storage Directory /workdir/hadoop-ozone/integration-test/target/test-dir/MiniOzoneClusterImpl-98b5687d-2982-4c4e-aef5-e1e97daefe6b/datanode-0/data/ratis/d3a28093-7639-4b2f-8266-bd9a6b8e080a
2019-09-19 11:17:14,056 [pool-186-thread-1] INFO  server.RaftServerConfigKeys (ConfUtils.java:logGet(43)) - raft.server.log.queue.byte-limit = 2147483647 (custom)
2019-09-19 11:17:14,056 [pool-186-thread-1] INFO  server.RaftServerConfigKeys (ConfUtils.java:logGet(43)) - raft.server.log.queue.element-limit = 1024 (custom)
2019-09-19 11:17:14,056 [pool-186-thread-1] INFO  server.RaftServerConfigKeys (ConfUtils.java:logGet(43)) - raft.server.log.segment.size.max = 1048576 (custom)
2019-09-19 11:17:14,057 [pool-186-thread-1] INFO  server.RaftServerConfigKeys (ConfUtils.java:logGet(43)) - raft.server.log.preallocated.size = 16384 (custom)
2019-09-19 11:17:14,057 [pool-186-thread-1] INFO  server.RaftServerConfigKeys (ConfUtils.java:logGet(43)) - raft.server.log.write.buffer.size = 33554432 (custom)
2019-09-19 11:17:14,057 [pool-186-thread-1] INFO  server.RaftServerConfigKeys (ConfUtils.java:logGet(43)) - raft.server.log.force.sync.num = 128 (default)
2019-09-19 11:17:14,057 [pool-186-thread-1] INFO  server.RaftServerConfigKeys (ConfUtils.java:logGet(43)) - raft.server.log.statemachine.data.sync = true (default)
2019-09-19 11:17:14,057 [pool-186-thread-1] INFO  server.RaftServerConfigKeys (ConfUtils.java:logGet(43)) - raft.server.log.statemachine.data.sync.timeout = 10s (default)
2019-09-19 11:17:14,058 [pool-186-thread-1] INFO  server.RaftServerConfigKeys (ConfUtils.java:logGet(43)) - raft.server.log.statemachine.data.sync.timeout.retry = -1 (default)
2019-09-19 11:17:14,058 [pool-186-thread-1] INFO  server.RaftServerConfigKeys (ConfUtils.java:logGet(43)) - raft.server.log.statemachine.data.caching.enabled = true (custom)
2019-09-19 11:17:14,058 [pool-186-thread-1] INFO  segmented.SegmentedRaftLogWorker (SegmentedRaftLogWorker.java:lambda$new$0(132)) - 01520e7f-d70f-4779-806a-955dc689a5b3-SegmentedRaftLogWorker:Storage Directory /workdir/hadoop-ozone/integration-test/target/test-dir/MiniOzoneClusterImpl-98b5687d-2982-4c4e-aef5-e1e97daefe6b/datanode-0/data/ratis/d3a28093-7639-4b2f-8266-bd9a6b8e080a: flushIndex: setUnconditionally 0 -> -1
2019-09-19 11:17:14,059 [pool-186-thread-1] INFO  server.RaftServerConfigKeys (ConfUtils.java:logGet(43)) - raft.server.snapshot.auto.trigger.enabled = true (custom)
2019-09-19 11:17:14,059 [pool-186-thread-1] INFO  server.RaftServerConfigKeys (ConfUtils.java:logGet(43)) - raft.server.snapshot.auto.trigger.threshold = 10000 (custom)
2019-09-19 11:17:14,059 [pool-186-thread-1] INFO  server.RaftServerConfigKeys (ConfUtils.java:logGet(43)) - raft.server.retrycache.expirytime = 600000ms (custom)
2019-09-19 11:17:14,059 [pool-186-thread-1] INFO  impl.RaftServerImpl (RaftServerImpl.java:start(180)) - 01520e7f-d70f-4779-806a-955dc689a5b3: start group-BD9A6B8E080A
2019-09-19 11:17:14,060 [pool-186-thread-1] INFO  impl.RaftServerImpl (RaftServerImpl.java:setRole(171)) - 01520e7f-d70f-4779-806a-955dc689a5b3:group-BD9A6B8E080A changes role from null to FOLLOWER at term 0 for startAsFollower
2019-09-19 11:17:14,060 [pool-186-thread-1] INFO  impl.RoleInfo (RoleInfo.java:updateAndGet(143)) - 01520e7f-d70f-4779-806a-955dc689a5b3: start FollowerState
2019-09-19 11:17:14,060 [pool-186-thread-1] INFO  util.JmxRegister (JmxRegister.java:tryRegister(44)) - Successfully registered JMX Bean with object name Ratis:service=RaftServer,group=group-BD9A6B8E080A,id=01520e7f-d70f-4779-806a-955dc689a5b3
2019-09-19 11:17:14,063 [RatisPipelineUtilsThread] INFO  pipeline.PipelineStateManager (PipelineStateManager.java:addPipeline(56)) - Created pipeline Pipeline[ Id: d3a28093-7639-4b2f-8266-bd9a6b8e080a, Nodes: 01520e7f-d70f-4779-806a-955dc689a5b3{ip: 192.168.157.226, host: pr-hdds-1569-swxfz-3172132826, networkLocation: /default-rack, certSerialId: null}, Type:RATIS, Factor:ONE, State:OPEN]
2019-09-19 11:17:14,063 [RatisPipelineUtilsThread] ERROR pipeline.PipelinePlacementPolicy (PipelinePlacementPolicy.java:meetCriteria(91)) - Pipeline Placement: Doesn't meet the criteria to be viable node. Heaviness: 6
2019-09-19 11:17:14,071 [grpc-default-executor-0] INFO  impl.RaftServerProxy (RaftServerProxy.java:addNew(89)) - e7a9a6a6-ed4d-4d3b-87b5-03d4e3088f46: addNew group-B9F7552BE38C:[e7a9a6a6-ed4d-4d3b-87b5-03d4e3088f46:192.168.157.226:40977] returns group-B9F7552BE38C:java.util.concurrent.CompletableFuture@a327757[Not completed]
2019-09-19 11:17:14,072 [pool-197-thread-1] INFO  impl.RaftServerImpl (RaftServerImpl.java:<init>(93)) - e7a9a6a6-ed4d-4d3b-87b5-03d4e3088f46: new RaftServerImpl for group-B9F7552BE38C:[e7a9a6a6-ed4d-4d3b-87b5-03d4e3088f46:192.168.157.226:40977] with ContainerStateMachine:uninitialized
2019-09-19 11:17:14,073 [pool-197-thread-1] INFO  server.RaftServerConfigKeys (ConfUtils.java:logGet(43)) - raft.server.rpc.timeout.min = 5s (custom)
2019-09-19 11:17:14,073 [pool-197-thread-1] INFO  server.RaftServerConfigKeys (ConfUtils.java:logGet(43)) - raft.server.rpc.timeout.max = 5200ms (custom)
2019-09-19 11:17:14,073 [pool-197-thread-1] INFO  server.RaftServerConfigKeys (ConfUtils.java:logGet(43)) - raft.server.rpcslowness.timeout = 120s (custom)
2019-09-19 11:17:14,073 [pool-197-thread-1] INFO  server.RaftServerConfigKeys (ConfUtils.java:logGet(43)) - raft.server.sleep.deviation.threshold = 300 (default)
2019-09-19 11:17:14,073 [pool-197-thread-1] INFO  server.RaftServerConfigKeys (ConfUtils.java:logGet(43)) - raft.server.log.appender.install.snapshot.enabled = false (custom)
2019-09-19 11:17:14,074 [pool-197-thread-1] INFO  impl.RaftServerImpl (ServerState.java:<init>(105)) - e7a9a6a6-ed4d-4d3b-87b5-03d4e3088f46:group-B9F7552BE38C ConfigurationManager, init=-1: [e7a9a6a6-ed4d-4d3b-87b5-03d4e3088f46:192.168.157.226:40977], old=null, confs=<EMPTY_MAP>
2019-09-19 11:17:14,074 [pool-197-thread-1] INFO  server.RaftServerConfigKeys (ConfUtils.java:logGet(43)) - raft.server.storage.dir = [/workdir/hadoop-ozone/integration-test/target/test-dir/MiniOzoneClusterImpl-98b5687d-2982-4c4e-aef5-e1e97daefe6b/datanode-1/data/ratis] (custom)
2019-09-19 11:17:14,074 [pool-197-thread-1] INFO  storage.RaftStorageDirectory (RaftStorageDirectory.java:analyzeStorage(246)) - The storage directory /workdir/hadoop-ozone/integration-test/target/test-dir/MiniOzoneClusterImpl-98b5687d-2982-4c4e-aef5-e1e97daefe6b/datanode-1/data/ratis/ebd2d997-ceaf-4691-ada5-b9f7552be38c does not exist. Creating ...
2019-09-19 11:17:14,087 [pool-197-thread-1] INFO  storage.RaftStorageDirectory (RaftStorageDirectory.java:tryLock(328)) - Lock on /workdir/hadoop-ozone/integration-test/target/test-dir/MiniOzoneClusterImpl-98b5687d-2982-4c4e-aef5-e1e97daefe6b/datanode-1/data/ratis/ebd2d997-ceaf-4691-ada5-b9f7552be38c/in_use.lock acquired by nodename 20864@pr-hdds-1569-swxfz-3172132826
2019-09-19 11:17:14,101 [pool-197-thread-1] INFO  storage.RaftStorage (RaftStorage.java:format(72)) - Storage directory /workdir/hadoop-ozone/integration-test/target/test-dir/MiniOzoneClusterImpl-98b5687d-2982-4c4e-aef5-e1e97daefe6b/datanode-1/data/ratis/ebd2d997-ceaf-4691-ada5-b9f7552be38c has been successfully formatted.
2019-09-19 11:17:14,101 [pool-197-thread-1] INFO  ratis.ContainerStateMachine (ContainerStateMachine.java:loadSnapshot(226)) - group-B9F7552BE38C: The snapshot info is null. Setting the last applied indexto:(t:0, i:~)
2019-09-19 11:17:14,101 [pool-197-thread-1] INFO  server.RaftServerConfigKeys (ConfUtils.java:logGet(43)) - raft.server.leader.election.timeout = 120s (custom)
2019-09-19 11:17:14,101 [pool-197-thread-1] INFO  server.RaftServerConfigKeys (ConfUtils.java:logGet(43)) - raft.server.log.use.memory = false (default)
2019-09-19 11:17:14,101 [pool-197-thread-1] INFO  server.RaftServerConfigKeys (ConfUtils.java:logGet(43)) - raft.server.log.purge.gap = 1000000 (custom)
2019-09-19 11:17:14,101 [pool-197-thread-1] INFO  server.RaftServerConfigKeys (ConfUtils.java:logGet(43)) - raft.server.log.appender.buffer.byte-limit = 33554432 (custom)
2019-09-19 11:17:14,102 [pool-197-thread-1] INFO  server.RaftServerConfigKeys (ConfUtils.java:logGet(43)) - raft.server.log.segment.size.max = 1048576 (custom)
2019-09-19 11:17:14,102 [pool-197-thread-1] INFO  server.RaftServerConfigKeys (ConfUtils.java:logGet(43)) - raft.server.log.segment.cache.num.max = 2 (custom)
2019-09-19 11:17:14,102 [pool-197-thread-1] INFO  segmented.SegmentedRaftLogWorker (SegmentedRaftLogWorker.java:<init>(172)) - new e7a9a6a6-ed4d-4d3b-87b5-03d4e3088f46-SegmentedRaftLogWorker:Storage Directory /workdir/hadoop-ozone/integration-test/target/test-dir/MiniOzoneClusterImpl-98b5687d-2982-4c4e-aef5-e1e97daefe6b/datanode-1/data/ratis/ebd2d997-ceaf-4691-ada5-b9f7552be38c for RaftStorage:Storage Directory /workdir/hadoop-ozone/integration-test/target/test-dir/MiniOzoneClusterImpl-98b5687d-2982-4c4e-aef5-e1e97daefe6b/datanode-1/data/ratis/ebd2d997-ceaf-4691-ada5-b9f7552be38c
2019-09-19 11:17:14,102 [pool-197-thread-1] INFO  server.RaftServerConfigKeys (ConfUtils.java:logGet(43)) - raft.server.log.queue.byte-limit = 2147483647 (custom)
2019-09-19 11:17:14,102 [pool-197-thread-1] INFO  server.RaftServerConfigKeys (ConfUtils.java:logGet(43)) - raft.server.log.queue.element-limit = 1024 (custom)
2019-09-19 11:17:14,102 [pool-197-thread-1] INFO  server.RaftServerConfigKeys (ConfUtils.java:logGet(43)) - raft.server.log.segment.size.max = 1048576 (custom)
2019-09-19 11:17:14,102 [pool-197-thread-1] INFO  server.RaftServerConfigKeys (ConfUtils.java:logGet(43)) - raft.server.log.preallocated.size = 16384 (custom)
2019-09-19 11:17:14,103 [pool-197-thread-1] INFO  server.RaftServerConfigKeys (ConfUtils.java:logGet(43)) - raft.server.log.write.buffer.size = 33554432 (custom)
2019-09-19 11:17:14,103 [pool-197-thread-1] INFO  server.RaftServerConfigKeys (ConfUtils.java:logGet(43)) - raft.server.log.force.sync.num = 128 (default)
2019-09-19 11:17:14,103 [pool-197-thread-1] INFO  server.RaftServerConfigKeys (ConfUtils.java:logGet(43)) - raft.server.log.statemachine.data.sync = true (default)
2019-09-19 11:17:14,103 [pool-197-thread-1] INFO  server.RaftServerConfigKeys (ConfUtils.java:logGet(43)) - raft.server.log.statemachine.data.sync.timeout = 10s (default)
2019-09-19 11:17:14,103 [pool-197-thread-1] INFO  server.RaftServerConfigKeys (ConfUtils.java:logGet(43)) - raft.server.log.statemachine.data.sync.timeout.retry = -1 (default)
2019-09-19 11:17:14,103 [pool-197-thread-1] INFO  server.RaftServerConfigKeys (ConfUtils.java:logGet(43)) - raft.server.log.statemachine.data.caching.enabled = true (custom)
2019-09-19 11:17:14,104 [pool-197-thread-1] INFO  segmented.SegmentedRaftLogWorker (SegmentedRaftLogWorker.java:lambda$new$0(132)) - e7a9a6a6-ed4d-4d3b-87b5-03d4e3088f46-SegmentedRaftLogWorker:Storage Directory /workdir/hadoop-ozone/integration-test/target/test-dir/MiniOzoneClusterImpl-98b5687d-2982-4c4e-aef5-e1e97daefe6b/datanode-1/data/ratis/ebd2d997-ceaf-4691-ada5-b9f7552be38c: flushIndex: setUnconditionally 0 -> -1
2019-09-19 11:17:14,104 [pool-197-thread-1] INFO  server.RaftServerConfigKeys (ConfUtils.java:logGet(43)) - raft.server.snapshot.auto.trigger.enabled = true (custom)
2019-09-19 11:17:14,104 [pool-197-thread-1] INFO  server.RaftServerConfigKeys (ConfUtils.java:logGet(43)) - raft.server.snapshot.auto.trigger.threshold = 10000 (custom)
2019-09-19 11:17:14,105 [pool-197-thread-1] INFO  server.RaftServerConfigKeys (ConfUtils.java:logGet(43)) - raft.server.retrycache.expirytime = 600000ms (custom)
2019-09-19 11:17:14,105 [pool-197-thread-1] INFO  impl.RaftServerImpl (RaftServerImpl.java:start(180)) - e7a9a6a6-ed4d-4d3b-87b5-03d4e3088f46: start group-B9F7552BE38C
2019-09-19 11:17:14,105 [pool-197-thread-1] INFO  impl.RaftServerImpl (RaftServerImpl.java:setRole(171)) - e7a9a6a6-ed4d-4d3b-87b5-03d4e3088f46:group-B9F7552BE38C changes role from null to FOLLOWER at term 0 for startAsFollower
2019-09-19 11:17:14,105 [pool-197-thread-1] INFO  impl.RoleInfo (RoleInfo.java:updateAndGet(143)) - e7a9a6a6-ed4d-4d3b-87b5-03d4e3088f46: start FollowerState
2019-09-19 11:17:14,106 [pool-197-thread-1] INFO  util.JmxRegister (JmxRegister.java:tryRegister(44)) - Successfully registered JMX Bean with object name Ratis:service=RaftServer,group=group-B9F7552BE38C,id=e7a9a6a6-ed4d-4d3b-87b5-03d4e3088f46
2019-09-19 11:17:14,109 [RatisPipelineUtilsThread] INFO  pipeline.PipelineStateManager (PipelineStateManager.java:addPipeline(56)) - Created pipeline Pipeline[ Id: ebd2d997-ceaf-4691-ada5-b9f7552be38c, Nodes: e7a9a6a6-ed4d-4d3b-87b5-03d4e3088f46{ip: 192.168.157.226, host: pr-hdds-1569-swxfz-3172132826, networkLocation: /default-rack, certSerialId: null}, Type:RATIS, Factor:ONE, State:OPEN]
2019-09-19 11:17:14,109 [RatisPipelineUtilsThread] ERROR pipeline.PipelinePlacementPolicy (PipelinePlacementPolicy.java:meetCriteria(91)) - Pipeline Placement: Doesn't meet the criteria to be viable node. Heaviness: 6
2019-09-19 11:17:14,115 [grpc-default-executor-0] INFO  impl.RaftServerProxy (RaftServerProxy.java:addNew(89)) - e7a9a6a6-ed4d-4d3b-87b5-03d4e3088f46: addNew group-DA35CEB1BEA5:[e7a9a6a6-ed4d-4d3b-87b5-03d4e3088f46:192.168.157.226:40977] returns group-DA35CEB1BEA5:java.util.concurrent.CompletableFuture@5f5cee07[Not completed]
2019-09-19 11:17:14,116 [pool-197-thread-1] INFO  impl.RaftServerImpl (RaftServerImpl.java:<init>(93)) - e7a9a6a6-ed4d-4d3b-87b5-03d4e3088f46: new RaftServerImpl for group-DA35CEB1BEA5:[e7a9a6a6-ed4d-4d3b-87b5-03d4e3088f46:192.168.157.226:40977] with ContainerStateMachine:uninitialized
2019-09-19 11:17:14,116 [pool-197-thread-1] INFO  server.RaftServerConfigKeys (ConfUtils.java:logGet(43)) - raft.server.rpc.timeout.min = 5s (custom)
2019-09-19 11:17:14,116 [pool-197-thread-1] INFO  server.RaftServerConfigKeys (ConfUtils.java:logGet(43)) - raft.server.rpc.timeout.max = 5200ms (custom)
2019-09-19 11:17:14,116 [pool-197-thread-1] INFO  server.RaftServerConfigKeys (ConfUtils.java:logGet(43)) - raft.server.rpcslowness.timeout = 120s (custom)
2019-09-19 11:17:14,116 [pool-197-thread-1] INFO  server.RaftServerConfigKeys (ConfUtils.java:logGet(43)) - raft.server.sleep.deviation.threshold = 300 (default)
2019-09-19 11:17:14,117 [pool-197-thread-1] INFO  server.RaftServerConfigKeys (ConfUtils.java:logGet(43)) - raft.server.log.appender.install.snapshot.enabled = false (custom)
2019-09-19 11:17:14,117 [pool-197-thread-1] INFO  impl.RaftServerImpl (ServerState.java:<init>(105)) - e7a9a6a6-ed4d-4d3b-87b5-03d4e3088f46:group-DA35CEB1BEA5 ConfigurationManager, init=-1: [e7a9a6a6-ed4d-4d3b-87b5-03d4e3088f46:192.168.157.226:40977], old=null, confs=<EMPTY_MAP>
2019-09-19 11:17:14,117 [pool-197-thread-1] INFO  server.RaftServerConfigKeys (ConfUtils.java:logGet(43)) - raft.server.storage.dir = [/workdir/hadoop-ozone/integration-test/target/test-dir/MiniOzoneClusterImpl-98b5687d-2982-4c4e-aef5-e1e97daefe6b/datanode-1/data/ratis] (custom)
2019-09-19 11:17:14,117 [pool-197-thread-1] INFO  storage.RaftStorageDirectory (RaftStorageDirectory.java:analyzeStorage(246)) - The storage directory /workdir/hadoop-ozone/integration-test/target/test-dir/MiniOzoneClusterImpl-98b5687d-2982-4c4e-aef5-e1e97daefe6b/datanode-1/data/ratis/7e8beb7e-666e-449d-8275-da35ceb1bea5 does not exist. Creating ...
2019-09-19 11:17:14,130 [pool-197-thread-1] INFO  storage.RaftStorageDirectory (RaftStorageDirectory.java:tryLock(328)) - Lock on /workdir/hadoop-ozone/integration-test/target/test-dir/MiniOzoneClusterImpl-98b5687d-2982-4c4e-aef5-e1e97daefe6b/datanode-1/data/ratis/7e8beb7e-666e-449d-8275-da35ceb1bea5/in_use.lock acquired by nodename 20864@pr-hdds-1569-swxfz-3172132826
2019-09-19 11:17:14,144 [pool-197-thread-1] INFO  storage.RaftStorage (RaftStorage.java:format(72)) - Storage directory /workdir/hadoop-ozone/integration-test/target/test-dir/MiniOzoneClusterImpl-98b5687d-2982-4c4e-aef5-e1e97daefe6b/datanode-1/data/ratis/7e8beb7e-666e-449d-8275-da35ceb1bea5 has been successfully formatted.
2019-09-19 11:17:14,144 [pool-197-thread-1] INFO  ratis.ContainerStateMachine (ContainerStateMachine.java:loadSnapshot(226)) - group-DA35CEB1BEA5: The snapshot info is null. Setting the last applied indexto:(t:0, i:~)
2019-09-19 11:17:14,145 [pool-197-thread-1] INFO  server.RaftServerConfigKeys (ConfUtils.java:logGet(43)) - raft.server.leader.election.timeout = 120s (custom)
2019-09-19 11:17:14,145 [pool-197-thread-1] INFO  server.RaftServerConfigKeys (ConfUtils.java:logGet(43)) - raft.server.log.use.memory = false (default)
2019-09-19 11:17:14,145 [pool-197-thread-1] INFO  server.RaftServerConfigKeys (ConfUtils.java:logGet(43)) - raft.server.log.purge.gap = 1000000 (custom)
2019-09-19 11:17:14,145 [pool-197-thread-1] INFO  server.RaftServerConfigKeys (ConfUtils.java:logGet(43)) - raft.server.log.appender.buffer.byte-limit = 33554432 (custom)
2019-09-19 11:17:14,145 [pool-197-thread-1] INFO  server.RaftServerConfigKeys (ConfUtils.java:logGet(43)) - raft.server.log.segment.size.max = 1048576 (custom)
2019-09-19 11:17:14,145 [pool-197-thread-1] INFO  server.RaftServerConfigKeys (ConfUtils.java:logGet(43)) - raft.server.log.segment.cache.num.max = 2 (custom)
2019-09-19 11:17:14,145 [pool-197-thread-1] INFO  segmented.SegmentedRaftLogWorker (SegmentedRaftLogWorker.java:<init>(172)) - new e7a9a6a6-ed4d-4d3b-87b5-03d4e3088f46-SegmentedRaftLogWorker:Storage Directory /workdir/hadoop-ozone/integration-test/target/test-dir/MiniOzoneClusterImpl-98b5687d-2982-4c4e-aef5-e1e97daefe6b/datanode-1/data/ratis/7e8beb7e-666e-449d-8275-da35ceb1bea5 for RaftStorage:Storage Directory /workdir/hadoop-ozone/integration-test/target/test-dir/MiniOzoneClusterImpl-98b5687d-2982-4c4e-aef5-e1e97daefe6b/datanode-1/data/ratis/7e8beb7e-666e-449d-8275-da35ceb1bea5
2019-09-19 11:17:14,146 [pool-197-thread-1] INFO  server.RaftServerConfigKeys (ConfUtils.java:logGet(43)) - raft.server.log.queue.byte-limit = 2147483647 (custom)
2019-09-19 11:17:14,146 [pool-197-thread-1] INFO  server.RaftServerConfigKeys (ConfUtils.java:logGet(43)) - raft.server.log.queue.element-limit = 1024 (custom)
2019-09-19 11:17:14,146 [pool-197-thread-1] INFO  server.RaftServerConfigKeys (ConfUtils.java:logGet(43)) - raft.server.log.segment.size.max = 1048576 (custom)
2019-09-19 11:17:14,146 [pool-197-thread-1] INFO  server.RaftServerConfigKeys (ConfUtils.java:logGet(43)) - raft.server.log.preallocated.size = 16384 (custom)
2019-09-19 11:17:14,146 [pool-197-thread-1] INFO  server.RaftServerConfigKeys (ConfUtils.java:logGet(43)) - raft.server.log.write.buffer.size = 33554432 (custom)
2019-09-19 11:17:14,146 [pool-197-thread-1] INFO  server.RaftServerConfigKeys (ConfUtils.java:logGet(43)) - raft.server.log.force.sync.num = 128 (default)
2019-09-19 11:17:14,146 [pool-197-thread-1] INFO  server.RaftServerConfigKeys (ConfUtils.java:logGet(43)) - raft.server.log.statemachine.data.sync = true (default)
2019-09-19 11:17:14,147 [pool-197-thread-1] INFO  server.RaftServerConfigKeys (ConfUtils.java:logGet(43)) - raft.server.log.statemachine.data.sync.timeout = 10s (default)
2019-09-19 11:17:14,147 [pool-197-thread-1] INFO  server.RaftServerConfigKeys (ConfUtils.java:logGet(43)) - raft.server.log.statemachine.data.sync.timeout.retry = -1 (default)
2019-09-19 11:17:14,147 [pool-197-thread-1] INFO  server.RaftServerConfigKeys (ConfUtils.java:logGet(43)) - raft.server.log.statemachine.data.caching.enabled = true (custom)
2019-09-19 11:17:14,147 [pool-197-thread-1] INFO  segmented.SegmentedRaftLogWorker (SegmentedRaftLogWorker.java:lambda$new$0(132)) - e7a9a6a6-ed4d-4d3b-87b5-03d4e3088f46-SegmentedRaftLogWorker:Storage Directory /workdir/hadoop-ozone/integration-test/target/test-dir/MiniOzoneClusterImpl-98b5687d-2982-4c4e-aef5-e1e97daefe6b/datanode-1/data/ratis/7e8beb7e-666e-449d-8275-da35ceb1bea5: flushIndex: setUnconditionally 0 -> -1
2019-09-19 11:17:14,148 [pool-197-thread-1] INFO  server.RaftServerConfigKeys (ConfUtils.java:logGet(43)) - raft.server.snapshot.auto.trigger.enabled = true (custom)
2019-09-19 11:17:14,148 [pool-197-thread-1] INFO  server.RaftServerConfigKeys (ConfUtils.java:logGet(43)) - raft.server.snapshot.auto.trigger.threshold = 10000 (custom)
2019-09-19 11:17:14,148 [pool-197-thread-1] INFO  server.RaftServerConfigKeys (ConfUtils.java:logGet(43)) - raft.server.retrycache.expirytime = 600000ms (custom)
2019-09-19 11:17:14,148 [pool-197-thread-1] INFO  impl.RaftServerImpl (RaftServerImpl.java:start(180)) - e7a9a6a6-ed4d-4d3b-87b5-03d4e3088f46: start group-DA35CEB1BEA5
2019-09-19 11:17:14,148 [pool-197-thread-1] INFO  impl.RaftServerImpl (RaftServerImpl.java:setRole(171)) - e7a9a6a6-ed4d-4d3b-87b5-03d4e3088f46:group-DA35CEB1BEA5 changes role from null to FOLLOWER at term 0 for startAsFollower
2019-09-19 11:17:14,148 [pool-197-thread-1] INFO  impl.RoleInfo (RoleInfo.java:updateAndGet(143)) - e7a9a6a6-ed4d-4d3b-87b5-03d4e3088f46: start FollowerState
2019-09-19 11:17:14,149 [pool-197-thread-1] INFO  util.JmxRegister (JmxRegister.java:tryRegister(44)) - Successfully registered JMX Bean with object name Ratis:service=RaftServer,group=group-DA35CEB1BEA5,id=e7a9a6a6-ed4d-4d3b-87b5-03d4e3088f46
2019-09-19 11:17:14,152 [RatisPipelineUtilsThread] INFO  pipeline.PipelineStateManager (PipelineStateManager.java:addPipeline(56)) - Created pipeline Pipeline[ Id: 7e8beb7e-666e-449d-8275-da35ceb1bea5, Nodes: e7a9a6a6-ed4d-4d3b-87b5-03d4e3088f46{ip: 192.168.157.226, host: pr-hdds-1569-swxfz-3172132826, networkLocation: /default-rack, certSerialId: null}, Type:RATIS, Factor:ONE, State:OPEN]
2019-09-19 11:17:14,152 [RatisPipelineUtilsThread] ERROR pipeline.PipelinePlacementPolicy (PipelinePlacementPolicy.java:meetCriteria(91)) - Pipeline Placement: Doesn't meet the criteria to be viable node. Heaviness: 6
2019-09-19 11:17:14,158 [grpc-default-executor-0] INFO  impl.RaftServerProxy (RaftServerProxy.java:addNew(89)) - e7a9a6a6-ed4d-4d3b-87b5-03d4e3088f46: addNew group-C1981A74BEE1:[e7a9a6a6-ed4d-4d3b-87b5-03d4e3088f46:192.168.157.226:40977] returns group-C1981A74BEE1:java.util.concurrent.CompletableFuture@17aa36ee[Not completed]
2019-09-19 11:17:14,159 [pool-197-thread-1] INFO  impl.RaftServerImpl (RaftServerImpl.java:<init>(93)) - e7a9a6a6-ed4d-4d3b-87b5-03d4e3088f46: new RaftServerImpl for group-C1981A74BEE1:[e7a9a6a6-ed4d-4d3b-87b5-03d4e3088f46:192.168.157.226:40977] with ContainerStateMachine:uninitialized
2019-09-19 11:17:14,159 [pool-197-thread-1] INFO  server.RaftServerConfigKeys (ConfUtils.java:logGet(43)) - raft.server.rpc.timeout.min = 5s (custom)
2019-09-19 11:17:14,159 [pool-197-thread-1] INFO  server.RaftServerConfigKeys (ConfUtils.java:logGet(43)) - raft.server.rpc.timeout.max = 5200ms (custom)
2019-09-19 11:17:14,159 [pool-197-thread-1] INFO  server.RaftServerConfigKeys (ConfUtils.java:logGet(43)) - raft.server.rpcslowness.timeout = 120s (custom)
2019-09-19 11:17:14,160 [pool-197-thread-1] INFO  server.RaftServerConfigKeys (ConfUtils.java:logGet(43)) - raft.server.sleep.deviation.threshold = 300 (default)
2019-09-19 11:17:14,160 [pool-197-thread-1] INFO  server.RaftServerConfigKeys (ConfUtils.java:logGet(43)) - raft.server.log.appender.install.snapshot.enabled = false (custom)
2019-09-19 11:17:14,160 [pool-197-thread-1] INFO  impl.RaftServerImpl (ServerState.java:<init>(105)) - e7a9a6a6-ed4d-4d3b-87b5-03d4e3088f46:group-C1981A74BEE1 ConfigurationManager, init=-1: [e7a9a6a6-ed4d-4d3b-87b5-03d4e3088f46:192.168.157.226:40977], old=null, confs=<EMPTY_MAP>
2019-09-19 11:17:14,160 [pool-197-thread-1] INFO  server.RaftServerConfigKeys (ConfUtils.java:logGet(43)) - raft.server.storage.dir = [/workdir/hadoop-ozone/integration-test/target/test-dir/MiniOzoneClusterImpl-98b5687d-2982-4c4e-aef5-e1e97daefe6b/datanode-1/data/ratis] (custom)
2019-09-19 11:17:14,160 [pool-197-thread-1] INFO  storage.RaftStorageDirectory (RaftStorageDirectory.java:analyzeStorage(246)) - The storage directory /workdir/hadoop-ozone/integration-test/target/test-dir/MiniOzoneClusterImpl-98b5687d-2982-4c4e-aef5-e1e97daefe6b/datanode-1/data/ratis/8cc329ef-1a76-4543-b2d9-c1981a74bee1 does not exist. Creating ...
2019-09-19 11:17:14,174 [pool-197-thread-1] INFO  storage.RaftStorageDirectory (RaftStorageDirectory.java:tryLock(328)) - Lock on /workdir/hadoop-ozone/integration-test/target/test-dir/MiniOzoneClusterImpl-98b5687d-2982-4c4e-aef5-e1e97daefe6b/datanode-1/data/ratis/8cc329ef-1a76-4543-b2d9-c1981a74bee1/in_use.lock acquired by nodename 20864@pr-hdds-1569-swxfz-3172132826
2019-09-19 11:17:14,187 [pool-197-thread-1] INFO  storage.RaftStorage (RaftStorage.java:format(72)) - Storage directory /workdir/hadoop-ozone/integration-test/target/test-dir/MiniOzoneClusterImpl-98b5687d-2982-4c4e-aef5-e1e97daefe6b/datanode-1/data/ratis/8cc329ef-1a76-4543-b2d9-c1981a74bee1 has been successfully formatted.
2019-09-19 11:17:14,187 [pool-197-thread-1] INFO  ratis.ContainerStateMachine (ContainerStateMachine.java:loadSnapshot(226)) - group-C1981A74BEE1: The snapshot info is null. Setting the last applied indexto:(t:0, i:~)
2019-09-19 11:17:14,187 [pool-197-thread-1] INFO  server.RaftServerConfigKeys (ConfUtils.java:logGet(43)) - raft.server.leader.election.timeout = 120s (custom)
2019-09-19 11:17:14,187 [pool-197-thread-1] INFO  server.RaftServerConfigKeys (ConfUtils.java:logGet(43)) - raft.server.log.use.memory = false (default)
2019-09-19 11:17:14,187 [pool-197-thread-1] INFO  server.RaftServerConfigKeys (ConfUtils.java:logGet(43)) - raft.server.log.purge.gap = 1000000 (custom)
2019-09-19 11:17:14,187 [pool-197-thread-1] INFO  server.RaftServerConfigKeys (ConfUtils.java:logGet(43)) - raft.server.log.appender.buffer.byte-limit = 33554432 (custom)
2019-09-19 11:17:14,187 [pool-197-thread-1] INFO  server.RaftServerConfigKeys (ConfUtils.java:logGet(43)) - raft.server.log.segment.size.max = 1048576 (custom)
2019-09-19 11:17:14,188 [pool-197-thread-1] INFO  server.RaftServerConfigKeys (ConfUtils.java:logGet(43)) - raft.server.log.segment.cache.num.max = 2 (custom)
2019-09-19 11:17:14,188 [pool-197-thread-1] INFO  segmented.SegmentedRaftLogWorker (SegmentedRaftLogWorker.java:<init>(172)) - new e7a9a6a6-ed4d-4d3b-87b5-03d4e3088f46-SegmentedRaftLogWorker:Storage Directory /workdir/hadoop-ozone/integration-test/target/test-dir/MiniOzoneClusterImpl-98b5687d-2982-4c4e-aef5-e1e97daefe6b/datanode-1/data/ratis/8cc329ef-1a76-4543-b2d9-c1981a74bee1 for RaftStorage:Storage Directory /workdir/hadoop-ozone/integration-test/target/test-dir/MiniOzoneClusterImpl-98b5687d-2982-4c4e-aef5-e1e97daefe6b/datanode-1/data/ratis/8cc329ef-1a76-4543-b2d9-c1981a74bee1
2019-09-19 11:17:14,188 [pool-197-thread-1] INFO  server.RaftServerConfigKeys (ConfUtils.java:logGet(43)) - raft.server.log.queue.byte-limit = 2147483647 (custom)
2019-09-19 11:17:14,188 [pool-197-thread-1] INFO  server.RaftServerConfigKeys (ConfUtils.java:logGet(43)) - raft.server.log.queue.element-limit = 1024 (custom)
2019-09-19 11:17:14,188 [pool-197-thread-1] INFO  server.RaftServerConfigKeys (ConfUtils.java:logGet(43)) - raft.server.log.segment.size.max = 1048576 (custom)
2019-09-19 11:17:14,188 [pool-197-thread-1] INFO  server.RaftServerConfigKeys (ConfUtils.java:logGet(43)) - raft.server.log.preallocated.size = 16384 (custom)
2019-09-19 11:17:14,188 [pool-197-thread-1] INFO  server.RaftServerConfigKeys (ConfUtils.java:logGet(43)) - raft.server.log.write.buffer.size = 33554432 (custom)
2019-09-19 11:17:14,188 [pool-197-thread-1] INFO  server.RaftServerConfigKeys (ConfUtils.java:logGet(43)) - raft.server.log.force.sync.num = 128 (default)
2019-09-19 11:17:14,188 [pool-197-thread-1] INFO  server.RaftServerConfigKeys (ConfUtils.java:logGet(43)) - raft.server.log.statemachine.data.sync = true (default)
2019-09-19 11:17:14,189 [pool-197-thread-1] INFO  server.RaftServerConfigKeys (ConfUtils.java:logGet(43)) - raft.server.log.statemachine.data.sync.timeout = 10s (default)
2019-09-19 11:17:14,189 [pool-197-thread-1] INFO  server.RaftServerConfigKeys (ConfUtils.java:logGet(43)) - raft.server.log.statemachine.data.sync.timeout.retry = -1 (default)
2019-09-19 11:17:14,189 [pool-197-thread-1] INFO  server.RaftServerConfigKeys (ConfUtils.java:logGet(43)) - raft.server.log.statemachine.data.caching.enabled = true (custom)
2019-09-19 11:17:14,189 [pool-197-thread-1] INFO  segmented.SegmentedRaftLogWorker (SegmentedRaftLogWorker.java:lambda$new$0(132)) - e7a9a6a6-ed4d-4d3b-87b5-03d4e3088f46-SegmentedRaftLogWorker:Storage Directory /workdir/hadoop-ozone/integration-test/target/test-dir/MiniOzoneClusterImpl-98b5687d-2982-4c4e-aef5-e1e97daefe6b/datanode-1/data/ratis/8cc329ef-1a76-4543-b2d9-c1981a74bee1: flushIndex: setUnconditionally 0 -> -1
2019-09-19 11:17:14,189 [pool-197-thread-1] INFO  server.RaftServerConfigKeys (ConfUtils.java:logGet(43)) - raft.server.snapshot.auto.trigger.enabled = true (custom)
2019-09-19 11:17:14,190 [pool-197-thread-1] INFO  server.RaftServerConfigKeys (ConfUtils.java:logGet(43)) - raft.server.snapshot.auto.trigger.threshold = 10000 (custom)
2019-09-19 11:17:14,190 [pool-197-thread-1] INFO  server.RaftServerConfigKeys (ConfUtils.java:logGet(43)) - raft.server.retrycache.expirytime = 600000ms (custom)
2019-09-19 11:17:14,190 [pool-197-thread-1] INFO  impl.RaftServerImpl (RaftServerImpl.java:start(180)) - e7a9a6a6-ed4d-4d3b-87b5-03d4e3088f46: start group-C1981A74BEE1
2019-09-19 11:17:14,190 [pool-197-thread-1] INFO  impl.RaftServerImpl (RaftServerImpl.java:setRole(171)) - e7a9a6a6-ed4d-4d3b-87b5-03d4e3088f46:group-C1981A74BEE1 changes role from null to FOLLOWER at term 0 for startAsFollower
2019-09-19 11:17:14,190 [pool-197-thread-1] INFO  impl.RoleInfo (RoleInfo.java:updateAndGet(143)) - e7a9a6a6-ed4d-4d3b-87b5-03d4e3088f46: start FollowerState
2019-09-19 11:17:14,190 [pool-197-thread-1] INFO  util.JmxRegister (JmxRegister.java:tryRegister(44)) - Successfully registered JMX Bean with object name Ratis:service=RaftServer,group=group-C1981A74BEE1,id=e7a9a6a6-ed4d-4d3b-87b5-03d4e3088f46
2019-09-19 11:17:14,193 [RatisPipelineUtilsThread] INFO  pipeline.PipelineStateManager (PipelineStateManager.java:addPipeline(56)) - Created pipeline Pipeline[ Id: 8cc329ef-1a76-4543-b2d9-c1981a74bee1, Nodes: e7a9a6a6-ed4d-4d3b-87b5-03d4e3088f46{ip: 192.168.157.226, host: pr-hdds-1569-swxfz-3172132826, networkLocation: /default-rack, certSerialId: null}, Type:RATIS, Factor:ONE, State:OPEN]
2019-09-19 11:17:14,193 [RatisPipelineUtilsThread] ERROR pipeline.PipelinePlacementPolicy (PipelinePlacementPolicy.java:meetCriteria(91)) - Pipeline Placement: Doesn't meet the criteria to be viable node. Heaviness: 6
2019-09-19 11:17:14,194 [main] INFO  ozone.MiniOzoneClusterImpl (MiniOzoneClusterImpl.java:lambda$waitForClusterToBeReady$0(142)) - Waiting for cluster to be ready. Got 2 of 3 DN Heartbeats.
2019-09-19 11:17:14,198 [IPC Server handler 4 on 46139] INFO  net.NetworkTopology (NetworkTopologyImpl.java:add(110)) - Added a new node: /default-rack/4e680362-d5f1-4b95-84d9-ab1f740da74c
2019-09-19 11:17:14,198 [IPC Server handler 4 on 46139] INFO  node.SCMNodeManager (SCMNodeManager.java:register(273)) - Registered Data node : 4e680362-d5f1-4b95-84d9-ab1f740da74c{ip: 192.168.157.226, host: pr-hdds-1569-swxfz-3172132826, networkLocation: /default-rack, certSerialId: null}
2019-09-19 11:17:14,199 | INFO  | SCMAudit | user=jenkins1000 | ip=192.168.157.226 | op=REGISTER {datanodeDetails=4e680362-d5f1-4b95-84d9-ab1f740da74c{ip: 192.168.157.226, host: pr-hdds-1569-swxfz-3172132826, networkLocation: /default-rack, certSerialId: null}} | ret=SUCCESS |  
2019-09-19 11:17:14,202 [grpc-default-executor-0] INFO  impl.RaftServerProxy (RaftServerProxy.java:addNew(89)) - e7a9a6a6-ed4d-4d3b-87b5-03d4e3088f46: addNew group-E9AFC32EE278:[e7a9a6a6-ed4d-4d3b-87b5-03d4e3088f46:192.168.157.226:40977] returns group-E9AFC32EE278:java.util.concurrent.CompletableFuture@3758132[Not completed]
2019-09-19 11:17:14,202 [pool-197-thread-1] INFO  impl.RaftServerImpl (RaftServerImpl.java:<init>(93)) - e7a9a6a6-ed4d-4d3b-87b5-03d4e3088f46: new RaftServerImpl for group-E9AFC32EE278:[e7a9a6a6-ed4d-4d3b-87b5-03d4e3088f46:192.168.157.226:40977] with ContainerStateMachine:uninitialized
2019-09-19 11:17:14,203 [pool-197-thread-1] INFO  server.RaftServerConfigKeys (ConfUtils.java:logGet(43)) - raft.server.rpc.timeout.min = 5s (custom)
2019-09-19 11:17:14,203 [pool-197-thread-1] INFO  server.RaftServerConfigKeys (ConfUtils.java:logGet(43)) - raft.server.rpc.timeout.max = 5200ms (custom)
2019-09-19 11:17:14,203 [pool-197-thread-1] INFO  server.RaftServerConfigKeys (ConfUtils.java:logGet(43)) - raft.server.rpcslowness.timeout = 120s (custom)
2019-09-19 11:17:14,203 [pool-197-thread-1] INFO  server.RaftServerConfigKeys (ConfUtils.java:logGet(43)) - raft.server.sleep.deviation.threshold = 300 (default)
2019-09-19 11:17:14,203 [pool-197-thread-1] INFO  server.RaftServerConfigKeys (ConfUtils.java:logGet(43)) - raft.server.log.appender.install.snapshot.enabled = false (custom)
2019-09-19 11:17:14,203 [pool-197-thread-1] INFO  impl.RaftServerImpl (ServerState.java:<init>(105)) - e7a9a6a6-ed4d-4d3b-87b5-03d4e3088f46:group-E9AFC32EE278 ConfigurationManager, init=-1: [e7a9a6a6-ed4d-4d3b-87b5-03d4e3088f46:192.168.157.226:40977], old=null, confs=<EMPTY_MAP>
2019-09-19 11:17:14,203 [pool-197-thread-1] INFO  server.RaftServerConfigKeys (ConfUtils.java:logGet(43)) - raft.server.storage.dir = [/workdir/hadoop-ozone/integration-test/target/test-dir/MiniOzoneClusterImpl-98b5687d-2982-4c4e-aef5-e1e97daefe6b/datanode-1/data/ratis] (custom)
2019-09-19 11:17:14,204 [pool-197-thread-1] INFO  storage.RaftStorageDirectory (RaftStorageDirectory.java:analyzeStorage(246)) - The storage directory /workdir/hadoop-ozone/integration-test/target/test-dir/MiniOzoneClusterImpl-98b5687d-2982-4c4e-aef5-e1e97daefe6b/datanode-1/data/ratis/9799dc7b-9b53-4c83-b00d-e9afc32ee278 does not exist. Creating ...
2019-09-19 11:17:14,216 [pool-197-thread-1] INFO  storage.RaftStorageDirectory (RaftStorageDirectory.java:tryLock(328)) - Lock on /workdir/hadoop-ozone/integration-test/target/test-dir/MiniOzoneClusterImpl-98b5687d-2982-4c4e-aef5-e1e97daefe6b/datanode-1/data/ratis/9799dc7b-9b53-4c83-b00d-e9afc32ee278/in_use.lock acquired by nodename 20864@pr-hdds-1569-swxfz-3172132826
2019-09-19 11:17:14,229 [pool-197-thread-1] INFO  storage.RaftStorage (RaftStorage.java:format(72)) - Storage directory /workdir/hadoop-ozone/integration-test/target/test-dir/MiniOzoneClusterImpl-98b5687d-2982-4c4e-aef5-e1e97daefe6b/datanode-1/data/ratis/9799dc7b-9b53-4c83-b00d-e9afc32ee278 has been successfully formatted.
2019-09-19 11:17:14,229 [pool-197-thread-1] INFO  ratis.ContainerStateMachine (ContainerStateMachine.java:loadSnapshot(226)) - group-E9AFC32EE278: The snapshot info is null. Setting the last applied indexto:(t:0, i:~)
2019-09-19 11:17:14,229 [pool-197-thread-1] INFO  server.RaftServerConfigKeys (ConfUtils.java:logGet(43)) - raft.server.leader.election.timeout = 120s (custom)
2019-09-19 11:17:14,229 [pool-197-thread-1] INFO  server.RaftServerConfigKeys (ConfUtils.java:logGet(43)) - raft.server.log.use.memory = false (default)
2019-09-19 11:17:14,229 [pool-197-thread-1] INFO  server.RaftServerConfigKeys (ConfUtils.java:logGet(43)) - raft.server.log.purge.gap = 1000000 (custom)
2019-09-19 11:17:14,229 [pool-197-thread-1] INFO  server.RaftServerConfigKeys (ConfUtils.java:logGet(43)) - raft.server.log.appender.buffer.byte-limit = 33554432 (custom)
2019-09-19 11:17:14,230 [pool-197-thread-1] INFO  server.RaftServerConfigKeys (ConfUtils.java:logGet(43)) - raft.server.log.segment.size.max = 1048576 (custom)
2019-09-19 11:17:14,230 [pool-197-thread-1] INFO  server.RaftServerConfigKeys (ConfUtils.java:logGet(43)) - raft.server.log.segment.cache.num.max = 2 (custom)
2019-09-19 11:17:14,230 [pool-197-thread-1] INFO  segmented.SegmentedRaftLogWorker (SegmentedRaftLogWorker.java:<init>(172)) - new e7a9a6a6-ed4d-4d3b-87b5-03d4e3088f46-SegmentedRaftLogWorker:Storage Directory /workdir/hadoop-ozone/integration-test/target/test-dir/MiniOzoneClusterImpl-98b5687d-2982-4c4e-aef5-e1e97daefe6b/datanode-1/data/ratis/9799dc7b-9b53-4c83-b00d-e9afc32ee278 for RaftStorage:Storage Directory /workdir/hadoop-ozone/integration-test/target/test-dir/MiniOzoneClusterImpl-98b5687d-2982-4c4e-aef5-e1e97daefe6b/datanode-1/data/ratis/9799dc7b-9b53-4c83-b00d-e9afc32ee278
2019-09-19 11:17:14,230 [pool-197-thread-1] INFO  server.RaftServerConfigKeys (ConfUtils.java:logGet(43)) - raft.server.log.queue.byte-limit = 2147483647 (custom)
2019-09-19 11:17:14,230 [pool-197-thread-1] INFO  server.RaftServerConfigKeys (ConfUtils.java:logGet(43)) - raft.server.log.queue.element-limit = 1024 (custom)
2019-09-19 11:17:14,230 [pool-197-thread-1] INFO  server.RaftServerConfigKeys (ConfUtils.java:logGet(43)) - raft.server.log.segment.size.max = 1048576 (custom)
2019-09-19 11:17:14,230 [pool-197-thread-1] INFO  server.RaftServerConfigKeys (ConfUtils.java:logGet(43)) - raft.server.log.preallocated.size = 16384 (custom)
2019-09-19 11:17:14,230 [pool-197-thread-1] INFO  server.RaftServerConfigKeys (ConfUtils.java:logGet(43)) - raft.server.log.write.buffer.size = 33554432 (custom)
2019-09-19 11:17:14,231 [pool-197-thread-1] INFO  server.RaftServerConfigKeys (ConfUtils.java:logGet(43)) - raft.server.log.force.sync.num = 128 (default)
2019-09-19 11:17:14,231 [pool-197-thread-1] INFO  server.RaftServerConfigKeys (ConfUtils.java:logGet(43)) - raft.server.log.statemachine.data.sync = true (default)
2019-09-19 11:17:14,231 [pool-197-thread-1] INFO  server.RaftServerConfigKeys (ConfUtils.java:logGet(43)) - raft.server.log.statemachine.data.sync.timeout = 10s (default)
2019-09-19 11:17:14,231 [pool-197-thread-1] INFO  server.RaftServerConfigKeys (ConfUtils.java:logGet(43)) - raft.server.log.statemachine.data.sync.timeout.retry = -1 (default)
2019-09-19 11:17:14,231 [pool-197-thread-1] INFO  server.RaftServerConfigKeys (ConfUtils.java:logGet(43)) - raft.server.log.statemachine.data.caching.enabled = true (custom)
2019-09-19 11:17:14,231 [pool-197-thread-1] INFO  segmented.SegmentedRaftLogWorker (SegmentedRaftLogWorker.java:lambda$new$0(132)) - e7a9a6a6-ed4d-4d3b-87b5-03d4e3088f46-SegmentedRaftLogWorker:Storage Directory /workdir/hadoop-ozone/integration-test/target/test-dir/MiniOzoneClusterImpl-98b5687d-2982-4c4e-aef5-e1e97daefe6b/datanode-1/data/ratis/9799dc7b-9b53-4c83-b00d-e9afc32ee278: flushIndex: setUnconditionally 0 -> -1
2019-09-19 11:17:14,232 [pool-197-thread-1] INFO  server.RaftServerConfigKeys (ConfUtils.java:logGet(43)) - raft.server.snapshot.auto.trigger.enabled = true (custom)
2019-09-19 11:17:14,232 [pool-197-thread-1] INFO  server.RaftServerConfigKeys (ConfUtils.java:logGet(43)) - raft.server.snapshot.auto.trigger.threshold = 10000 (custom)
2019-09-19 11:17:14,232 [pool-197-thread-1] INFO  server.RaftServerConfigKeys (ConfUtils.java:logGet(43)) - raft.server.retrycache.expirytime = 600000ms (custom)
2019-09-19 11:17:14,232 [pool-197-thread-1] INFO  impl.RaftServerImpl (RaftServerImpl.java:start(180)) - e7a9a6a6-ed4d-4d3b-87b5-03d4e3088f46: start group-E9AFC32EE278
2019-09-19 11:17:14,232 [pool-197-thread-1] INFO  impl.RaftServerImpl (RaftServerImpl.java:setRole(171)) - e7a9a6a6-ed4d-4d3b-87b5-03d4e3088f46:group-E9AFC32EE278 changes role from null to FOLLOWER at term 0 for startAsFollower
2019-09-19 11:17:14,232 [pool-197-thread-1] INFO  impl.RoleInfo (RoleInfo.java:updateAndGet(143)) - e7a9a6a6-ed4d-4d3b-87b5-03d4e3088f46: start FollowerState
2019-09-19 11:17:14,233 [pool-197-thread-1] INFO  util.JmxRegister (JmxRegister.java:tryRegister(44)) - Successfully registered JMX Bean with object name Ratis:service=RaftServer,group=group-E9AFC32EE278,id=e7a9a6a6-ed4d-4d3b-87b5-03d4e3088f46
2019-09-19 11:17:14,236 [RatisPipelineUtilsThread] INFO  pipeline.PipelineStateManager (PipelineStateManager.java:addPipeline(56)) - Created pipeline Pipeline[ Id: 9799dc7b-9b53-4c83-b00d-e9afc32ee278, Nodes: e7a9a6a6-ed4d-4d3b-87b5-03d4e3088f46{ip: 192.168.157.226, host: pr-hdds-1569-swxfz-3172132826, networkLocation: /default-rack, certSerialId: null}, Type:RATIS, Factor:ONE, State:OPEN]
2019-09-19 11:17:14,236 [RatisPipelineUtilsThread] ERROR pipeline.PipelinePlacementPolicy (PipelinePlacementPolicy.java:meetCriteria(91)) - Pipeline Placement: Doesn't meet the criteria to be viable node. Heaviness: 6
2019-09-19 11:17:14,241 [grpc-default-executor-0] INFO  impl.RaftServerProxy (RaftServerProxy.java:addNew(89)) - e7a9a6a6-ed4d-4d3b-87b5-03d4e3088f46: addNew group-171D0E62FF38:[e7a9a6a6-ed4d-4d3b-87b5-03d4e3088f46:192.168.157.226:40977] returns group-171D0E62FF38:java.util.concurrent.CompletableFuture@10c5066e[Not completed]
2019-09-19 11:17:14,242 [pool-197-thread-1] INFO  impl.RaftServerImpl (RaftServerImpl.java:<init>(93)) - e7a9a6a6-ed4d-4d3b-87b5-03d4e3088f46: new RaftServerImpl for group-171D0E62FF38:[e7a9a6a6-ed4d-4d3b-87b5-03d4e3088f46:192.168.157.226:40977] with ContainerStateMachine:uninitialized
2019-09-19 11:17:14,242 [pool-197-thread-1] INFO  server.RaftServerConfigKeys (ConfUtils.java:logGet(43)) - raft.server.rpc.timeout.min = 5s (custom)
2019-09-19 11:17:14,242 [pool-197-thread-1] INFO  server.RaftServerConfigKeys (ConfUtils.java:logGet(43)) - raft.server.rpc.timeout.max = 5200ms (custom)
2019-09-19 11:17:14,242 [pool-197-thread-1] INFO  server.RaftServerConfigKeys (ConfUtils.java:logGet(43)) - raft.server.rpcslowness.timeout = 120s (custom)
2019-09-19 11:17:14,243 [pool-197-thread-1] INFO  server.RaftServerConfigKeys (ConfUtils.java:logGet(43)) - raft.server.sleep.deviation.threshold = 300 (default)
2019-09-19 11:17:14,243 [pool-197-thread-1] INFO  server.RaftServerConfigKeys (ConfUtils.java:logGet(43)) - raft.server.log.appender.install.snapshot.enabled = false (custom)
2019-09-19 11:17:14,243 [pool-197-thread-1] INFO  impl.RaftServerImpl (ServerState.java:<init>(105)) - e7a9a6a6-ed4d-4d3b-87b5-03d4e3088f46:group-171D0E62FF38 ConfigurationManager, init=-1: [e7a9a6a6-ed4d-4d3b-87b5-03d4e3088f46:192.168.157.226:40977], old=null, confs=<EMPTY_MAP>
2019-09-19 11:17:14,243 [pool-197-thread-1] INFO  server.RaftServerConfigKeys (ConfUtils.java:logGet(43)) - raft.server.storage.dir = [/workdir/hadoop-ozone/integration-test/target/test-dir/MiniOzoneClusterImpl-98b5687d-2982-4c4e-aef5-e1e97daefe6b/datanode-1/data/ratis] (custom)
2019-09-19 11:17:14,243 [pool-197-thread-1] INFO  storage.RaftStorageDirectory (RaftStorageDirectory.java:analyzeStorage(246)) - The storage directory /workdir/hadoop-ozone/integration-test/target/test-dir/MiniOzoneClusterImpl-98b5687d-2982-4c4e-aef5-e1e97daefe6b/datanode-1/data/ratis/c686aa49-a148-4eef-af68-171d0e62ff38 does not exist. Creating ...
2019-09-19 11:17:14,255 [pool-197-thread-1] INFO  storage.RaftStorageDirectory (RaftStorageDirectory.java:tryLock(328)) - Lock on /workdir/hadoop-ozone/integration-test/target/test-dir/MiniOzoneClusterImpl-98b5687d-2982-4c4e-aef5-e1e97daefe6b/datanode-1/data/ratis/c686aa49-a148-4eef-af68-171d0e62ff38/in_use.lock acquired by nodename 20864@pr-hdds-1569-swxfz-3172132826
2019-09-19 11:17:14,268 [pool-197-thread-1] INFO  storage.RaftStorage (RaftStorage.java:format(72)) - Storage directory /workdir/hadoop-ozone/integration-test/target/test-dir/MiniOzoneClusterImpl-98b5687d-2982-4c4e-aef5-e1e97daefe6b/datanode-1/data/ratis/c686aa49-a148-4eef-af68-171d0e62ff38 has been successfully formatted.
2019-09-19 11:17:14,268 [pool-197-thread-1] INFO  ratis.ContainerStateMachine (ContainerStateMachine.java:loadSnapshot(226)) - group-171D0E62FF38: The snapshot info is null. Setting the last applied indexto:(t:0, i:~)
2019-09-19 11:17:14,268 [pool-197-thread-1] INFO  server.RaftServerConfigKeys (ConfUtils.java:logGet(43)) - raft.server.leader.election.timeout = 120s (custom)
2019-09-19 11:17:14,268 [pool-197-thread-1] INFO  server.RaftServerConfigKeys (ConfUtils.java:logGet(43)) - raft.server.log.use.memory = false (default)
2019-09-19 11:17:14,268 [pool-197-thread-1] INFO  server.RaftServerConfigKeys (ConfUtils.java:logGet(43)) - raft.server.log.purge.gap = 1000000 (custom)
2019-09-19 11:17:14,268 [pool-197-thread-1] INFO  server.RaftServerConfigKeys (ConfUtils.java:logGet(43)) - raft.server.log.appender.buffer.byte-limit = 33554432 (custom)
2019-09-19 11:17:14,268 [pool-197-thread-1] INFO  server.RaftServerConfigKeys (ConfUtils.java:logGet(43)) - raft.server.log.segment.size.max = 1048576 (custom)
2019-09-19 11:17:14,269 [pool-197-thread-1] INFO  server.RaftServerConfigKeys (ConfUtils.java:logGet(43)) - raft.server.log.segment.cache.num.max = 2 (custom)
2019-09-19 11:17:14,269 [pool-197-thread-1] INFO  segmented.SegmentedRaftLogWorker (SegmentedRaftLogWorker.java:<init>(172)) - new e7a9a6a6-ed4d-4d3b-87b5-03d4e3088f46-SegmentedRaftLogWorker:Storage Directory /workdir/hadoop-ozone/integration-test/target/test-dir/MiniOzoneClusterImpl-98b5687d-2982-4c4e-aef5-e1e97daefe6b/datanode-1/data/ratis/c686aa49-a148-4eef-af68-171d0e62ff38 for RaftStorage:Storage Directory /workdir/hadoop-ozone/integration-test/target/test-dir/MiniOzoneClusterImpl-98b5687d-2982-4c4e-aef5-e1e97daefe6b/datanode-1/data/ratis/c686aa49-a148-4eef-af68-171d0e62ff38
2019-09-19 11:17:14,269 [pool-197-thread-1] INFO  server.RaftServerConfigKeys (ConfUtils.java:logGet(43)) - raft.server.log.queue.byte-limit = 2147483647 (custom)
2019-09-19 11:17:14,269 [pool-197-thread-1] INFO  server.RaftServerConfigKeys (ConfUtils.java:logGet(43)) - raft.server.log.queue.element-limit = 1024 (custom)
2019-09-19 11:17:14,269 [pool-197-thread-1] INFO  server.RaftServerConfigKeys (ConfUtils.java:logGet(43)) - raft.server.log.segment.size.max = 1048576 (custom)
2019-09-19 11:17:14,269 [pool-197-thread-1] INFO  server.RaftServerConfigKeys (ConfUtils.java:logGet(43)) - raft.server.log.preallocated.size = 16384 (custom)
2019-09-19 11:17:14,269 [pool-197-thread-1] INFO  server.RaftServerConfigKeys (ConfUtils.java:logGet(43)) - raft.server.log.write.buffer.size = 33554432 (custom)
2019-09-19 11:17:14,269 [pool-197-thread-1] INFO  server.RaftServerConfigKeys (ConfUtils.java:logGet(43)) - raft.server.log.force.sync.num = 128 (default)
2019-09-19 11:17:14,269 [pool-197-thread-1] INFO  server.RaftServerConfigKeys (ConfUtils.java:logGet(43)) - raft.server.log.statemachine.data.sync = true (default)
2019-09-19 11:17:14,270 [pool-197-thread-1] INFO  server.RaftServerConfigKeys (ConfUtils.java:logGet(43)) - raft.server.log.statemachine.data.sync.timeout = 10s (default)
2019-09-19 11:17:14,270 [pool-197-thread-1] INFO  server.RaftServerConfigKeys (ConfUtils.java:logGet(43)) - raft.server.log.statemachine.data.sync.timeout.retry = -1 (default)
2019-09-19 11:17:14,270 [pool-197-thread-1] INFO  server.RaftServerConfigKeys (ConfUtils.java:logGet(43)) - raft.server.log.statemachine.data.caching.enabled = true (custom)
2019-09-19 11:17:14,270 [pool-197-thread-1] INFO  segmented.SegmentedRaftLogWorker (SegmentedRaftLogWorker.java:lambda$new$0(132)) - e7a9a6a6-ed4d-4d3b-87b5-03d4e3088f46-SegmentedRaftLogWorker:Storage Directory /workdir/hadoop-ozone/integration-test/target/test-dir/MiniOzoneClusterImpl-98b5687d-2982-4c4e-aef5-e1e97daefe6b/datanode-1/data/ratis/c686aa49-a148-4eef-af68-171d0e62ff38: flushIndex: setUnconditionally 0 -> -1
2019-09-19 11:17:14,270 [pool-197-thread-1] INFO  server.RaftServerConfigKeys (ConfUtils.java:logGet(43)) - raft.server.snapshot.auto.trigger.enabled = true (custom)
2019-09-19 11:17:14,271 [pool-197-thread-1] INFO  server.RaftServerConfigKeys (ConfUtils.java:logGet(43)) - raft.server.snapshot.auto.trigger.threshold = 10000 (custom)
2019-09-19 11:17:14,271 [pool-197-thread-1] INFO  server.RaftServerConfigKeys (ConfUtils.java:logGet(43)) - raft.server.retrycache.expirytime = 600000ms (custom)
2019-09-19 11:17:14,271 [pool-197-thread-1] INFO  impl.RaftServerImpl (RaftServerImpl.java:start(180)) - e7a9a6a6-ed4d-4d3b-87b5-03d4e3088f46: start group-171D0E62FF38
2019-09-19 11:17:14,271 [pool-197-thread-1] INFO  impl.RaftServerImpl (RaftServerImpl.java:setRole(171)) - e7a9a6a6-ed4d-4d3b-87b5-03d4e3088f46:group-171D0E62FF38 changes role from null to FOLLOWER at term 0 for startAsFollower
2019-09-19 11:17:14,271 [pool-197-thread-1] INFO  impl.RoleInfo (RoleInfo.java:updateAndGet(143)) - e7a9a6a6-ed4d-4d3b-87b5-03d4e3088f46: start FollowerState
2019-09-19 11:17:14,271 [pool-197-thread-1] INFO  util.JmxRegister (JmxRegister.java:tryRegister(44)) - Successfully registered JMX Bean with object name Ratis:service=RaftServer,group=group-171D0E62FF38,id=e7a9a6a6-ed4d-4d3b-87b5-03d4e3088f46
2019-09-19 11:17:14,274 [RatisPipelineUtilsThread] INFO  pipeline.PipelineStateManager (PipelineStateManager.java:addPipeline(56)) - Created pipeline Pipeline[ Id: c686aa49-a148-4eef-af68-171d0e62ff38, Nodes: e7a9a6a6-ed4d-4d3b-87b5-03d4e3088f46{ip: 192.168.157.226, host: pr-hdds-1569-swxfz-3172132826, networkLocation: /default-rack, certSerialId: null}, Type:RATIS, Factor:ONE, State:OPEN]
2019-09-19 11:17:14,274 [RatisPipelineUtilsThread] ERROR pipeline.PipelinePlacementPolicy (PipelinePlacementPolicy.java:meetCriteria(91)) - Pipeline Placement: Doesn't meet the criteria to be viable node. Heaviness: 6
2019-09-19 11:17:14,279 [grpc-default-executor-0] INFO  impl.RaftServerProxy (RaftServerProxy.java:addNew(89)) - e7a9a6a6-ed4d-4d3b-87b5-03d4e3088f46: addNew group-2447616916A5:[e7a9a6a6-ed4d-4d3b-87b5-03d4e3088f46:192.168.157.226:40977] returns group-2447616916A5:java.util.concurrent.CompletableFuture@fa3ecd0[Not completed]
2019-09-19 11:17:14,279 [pool-197-thread-1] INFO  impl.RaftServerImpl (RaftServerImpl.java:<init>(93)) - e7a9a6a6-ed4d-4d3b-87b5-03d4e3088f46: new RaftServerImpl for group-2447616916A5:[e7a9a6a6-ed4d-4d3b-87b5-03d4e3088f46:192.168.157.226:40977] with ContainerStateMachine:uninitialized
2019-09-19 11:17:14,280 [pool-197-thread-1] INFO  server.RaftServerConfigKeys (ConfUtils.java:logGet(43)) - raft.server.rpc.timeout.min = 5s (custom)
2019-09-19 11:17:14,280 [pool-197-thread-1] INFO  server.RaftServerConfigKeys (ConfUtils.java:logGet(43)) - raft.server.rpc.timeout.max = 5200ms (custom)
2019-09-19 11:17:14,280 [pool-197-thread-1] INFO  server.RaftServerConfigKeys (ConfUtils.java:logGet(43)) - raft.server.rpcslowness.timeout = 120s (custom)
2019-09-19 11:17:14,280 [pool-197-thread-1] INFO  server.RaftServerConfigKeys (ConfUtils.java:logGet(43)) - raft.server.sleep.deviation.threshold = 300 (default)
2019-09-19 11:17:14,280 [pool-197-thread-1] INFO  server.RaftServerConfigKeys (ConfUtils.java:logGet(43)) - raft.server.log.appender.install.snapshot.enabled = false (custom)
2019-09-19 11:17:14,280 [pool-197-thread-1] INFO  impl.RaftServerImpl (ServerState.java:<init>(105)) - e7a9a6a6-ed4d-4d3b-87b5-03d4e3088f46:group-2447616916A5 ConfigurationManager, init=-1: [e7a9a6a6-ed4d-4d3b-87b5-03d4e3088f46:192.168.157.226:40977], old=null, confs=<EMPTY_MAP>
2019-09-19 11:17:14,280 [pool-197-thread-1] INFO  server.RaftServerConfigKeys (ConfUtils.java:logGet(43)) - raft.server.storage.dir = [/workdir/hadoop-ozone/integration-test/target/test-dir/MiniOzoneClusterImpl-98b5687d-2982-4c4e-aef5-e1e97daefe6b/datanode-1/data/ratis] (custom)
2019-09-19 11:17:14,280 [pool-197-thread-1] INFO  storage.RaftStorageDirectory (RaftStorageDirectory.java:analyzeStorage(246)) - The storage directory /workdir/hadoop-ozone/integration-test/target/test-dir/MiniOzoneClusterImpl-98b5687d-2982-4c4e-aef5-e1e97daefe6b/datanode-1/data/ratis/e144c116-b218-443c-8d51-2447616916a5 does not exist. Creating ...
2019-09-19 11:17:14,293 [pool-197-thread-1] INFO  storage.RaftStorageDirectory (RaftStorageDirectory.java:tryLock(328)) - Lock on /workdir/hadoop-ozone/integration-test/target/test-dir/MiniOzoneClusterImpl-98b5687d-2982-4c4e-aef5-e1e97daefe6b/datanode-1/data/ratis/e144c116-b218-443c-8d51-2447616916a5/in_use.lock acquired by nodename 20864@pr-hdds-1569-swxfz-3172132826
2019-09-19 11:17:14,296 [pool-197-thread-1] INFO  storage.RaftStorage (RaftStorage.java:format(72)) - Storage directory /workdir/hadoop-ozone/integration-test/target/test-dir/MiniOzoneClusterImpl-98b5687d-2982-4c4e-aef5-e1e97daefe6b/datanode-1/data/ratis/e144c116-b218-443c-8d51-2447616916a5 has been successfully formatted.
2019-09-19 11:17:14,297 [pool-197-thread-1] INFO  ratis.ContainerStateMachine (ContainerStateMachine.java:loadSnapshot(226)) - group-2447616916A5: The snapshot info is null. Setting the last applied indexto:(t:0, i:~)
2019-09-19 11:17:14,297 [pool-197-thread-1] INFO  server.RaftServerConfigKeys (ConfUtils.java:logGet(43)) - raft.server.leader.election.timeout = 120s (custom)
2019-09-19 11:17:14,297 [pool-197-thread-1] INFO  server.RaftServerConfigKeys (ConfUtils.java:logGet(43)) - raft.server.log.use.memory = false (default)
2019-09-19 11:17:14,297 [pool-197-thread-1] INFO  server.RaftServerConfigKeys (ConfUtils.java:logGet(43)) - raft.server.log.purge.gap = 1000000 (custom)
2019-09-19 11:17:14,297 [pool-197-thread-1] INFO  server.RaftServerConfigKeys (ConfUtils.java:logGet(43)) - raft.server.log.appender.buffer.byte-limit = 33554432 (custom)
2019-09-19 11:17:14,297 [pool-197-thread-1] INFO  server.RaftServerConfigKeys (ConfUtils.java:logGet(43)) - raft.server.log.segment.size.max = 1048576 (custom)
2019-09-19 11:17:14,297 [pool-197-thread-1] INFO  server.RaftServerConfigKeys (ConfUtils.java:logGet(43)) - raft.server.log.segment.cache.num.max = 2 (custom)
2019-09-19 11:17:14,297 [pool-197-thread-1] INFO  segmented.SegmentedRaftLogWorker (SegmentedRaftLogWorker.java:<init>(172)) - new e7a9a6a6-ed4d-4d3b-87b5-03d4e3088f46-SegmentedRaftLogWorker:Storage Directory /workdir/hadoop-ozone/integration-test/target/test-dir/MiniOzoneClusterImpl-98b5687d-2982-4c4e-aef5-e1e97daefe6b/datanode-1/data/ratis/e144c116-b218-443c-8d51-2447616916a5 for RaftStorage:Storage Directory /workdir/hadoop-ozone/integration-test/target/test-dir/MiniOzoneClusterImpl-98b5687d-2982-4c4e-aef5-e1e97daefe6b/datanode-1/data/ratis/e144c116-b218-443c-8d51-2447616916a5
2019-09-19 11:17:14,298 [pool-197-thread-1] INFO  server.RaftServerConfigKeys (ConfUtils.java:logGet(43)) - raft.server.log.queue.byte-limit = 2147483647 (custom)
2019-09-19 11:17:14,298 [pool-197-thread-1] INFO  server.RaftServerConfigKeys (ConfUtils.java:logGet(43)) - raft.server.log.queue.element-limit = 1024 (custom)
2019-09-19 11:17:14,298 [pool-197-thread-1] INFO  server.RaftServerConfigKeys (ConfUtils.java:logGet(43)) - raft.server.log.segment.size.max = 1048576 (custom)
2019-09-19 11:17:14,298 [pool-197-thread-1] INFO  server.RaftServerConfigKeys (ConfUtils.java:logGet(43)) - raft.server.log.preallocated.size = 16384 (custom)
2019-09-19 11:17:14,298 [pool-197-thread-1] INFO  server.RaftServerConfigKeys (ConfUtils.java:logGet(43)) - raft.server.log.write.buffer.size = 33554432 (custom)
2019-09-19 11:17:14,298 [pool-197-thread-1] INFO  server.RaftServerConfigKeys (ConfUtils.java:logGet(43)) - raft.server.log.force.sync.num = 128 (default)
2019-09-19 11:17:14,298 [pool-197-thread-1] INFO  server.RaftServerConfigKeys (ConfUtils.java:logGet(43)) - raft.server.log.statemachine.data.sync = true (default)
2019-09-19 11:17:14,298 [pool-197-thread-1] INFO  server.RaftServerConfigKeys (ConfUtils.java:logGet(43)) - raft.server.log.statemachine.data.sync.timeout = 10s (default)
2019-09-19 11:17:14,298 [pool-197-thread-1] INFO  server.RaftServerConfigKeys (ConfUtils.java:logGet(43)) - raft.server.log.statemachine.data.sync.timeout.retry = -1 (default)
2019-09-19 11:17:14,298 [pool-197-thread-1] INFO  server.RaftServerConfigKeys (ConfUtils.java:logGet(43)) - raft.server.log.statemachine.data.caching.enabled = true (custom)
2019-09-19 11:17:14,299 [pool-197-thread-1] INFO  segmented.SegmentedRaftLogWorker (SegmentedRaftLogWorker.java:lambda$new$0(132)) - e7a9a6a6-ed4d-4d3b-87b5-03d4e3088f46-SegmentedRaftLogWorker:Storage Directory /workdir/hadoop-ozone/integration-test/target/test-dir/MiniOzoneClusterImpl-98b5687d-2982-4c4e-aef5-e1e97daefe6b/datanode-1/data/ratis/e144c116-b218-443c-8d51-2447616916a5: flushIndex: setUnconditionally 0 -> -1
2019-09-19 11:17:14,299 [pool-197-thread-1] INFO  server.RaftServerConfigKeys (ConfUtils.java:logGet(43)) - raft.server.snapshot.auto.trigger.enabled = true (custom)
2019-09-19 11:17:14,299 [pool-197-thread-1] INFO  server.RaftServerConfigKeys (ConfUtils.java:logGet(43)) - raft.server.snapshot.auto.trigger.threshold = 10000 (custom)
2019-09-19 11:17:14,299 [pool-197-thread-1] INFO  server.RaftServerConfigKeys (ConfUtils.java:logGet(43)) - raft.server.retrycache.expirytime = 600000ms (custom)
2019-09-19 11:17:14,299 [pool-197-thread-1] INFO  impl.RaftServerImpl (RaftServerImpl.java:start(180)) - e7a9a6a6-ed4d-4d3b-87b5-03d4e3088f46: start group-2447616916A5
2019-09-19 11:17:14,299 [pool-197-thread-1] INFO  impl.RaftServerImpl (RaftServerImpl.java:setRole(171)) - e7a9a6a6-ed4d-4d3b-87b5-03d4e3088f46:group-2447616916A5 changes role from null to FOLLOWER at term 0 for startAsFollower
2019-09-19 11:17:14,300 [pool-197-thread-1] INFO  impl.RoleInfo (RoleInfo.java:updateAndGet(143)) - e7a9a6a6-ed4d-4d3b-87b5-03d4e3088f46: start FollowerState
2019-09-19 11:17:14,300 [pool-197-thread-1] INFO  util.JmxRegister (JmxRegister.java:tryRegister(44)) - Successfully registered JMX Bean with object name Ratis:service=RaftServer,group=group-2447616916A5,id=e7a9a6a6-ed4d-4d3b-87b5-03d4e3088f46
2019-09-19 11:17:14,302 [RatisPipelineUtilsThread] INFO  pipeline.PipelineStateManager (PipelineStateManager.java:addPipeline(56)) - Created pipeline Pipeline[ Id: e144c116-b218-443c-8d51-2447616916a5, Nodes: e7a9a6a6-ed4d-4d3b-87b5-03d4e3088f46{ip: 192.168.157.226, host: pr-hdds-1569-swxfz-3172132826, networkLocation: /default-rack, certSerialId: null}, Type:RATIS, Factor:ONE, State:OPEN]
2019-09-19 11:17:14,302 [RatisPipelineUtilsThread] ERROR pipeline.PipelinePlacementPolicy (PipelinePlacementPolicy.java:meetCriteria(91)) - Pipeline Placement: Doesn't meet the criteria to be viable node. Heaviness: 6
2019-09-19 11:17:14,303 [RatisPipelineUtilsThread] ERROR pipeline.PipelinePlacementPolicy (PipelinePlacementPolicy.java:meetCriteria(91)) - Pipeline Placement: Doesn't meet the criteria to be viable node. Heaviness: 6
2019-09-19 11:17:14,309 [grpc-default-executor-0] INFO  impl.RaftServerProxy (RaftServerProxy.java:addNew(89)) - 4e680362-d5f1-4b95-84d9-ab1f740da74c: addNew group-AC85816B3A5F:[4e680362-d5f1-4b95-84d9-ab1f740da74c:192.168.157.226:46602] returns group-AC85816B3A5F:java.util.concurrent.CompletableFuture@371401cf[Not completed]
2019-09-19 11:17:14,311 [pool-208-thread-1] INFO  impl.RaftServerImpl (RaftServerImpl.java:<init>(93)) - 4e680362-d5f1-4b95-84d9-ab1f740da74c: new RaftServerImpl for group-AC85816B3A5F:[4e680362-d5f1-4b95-84d9-ab1f740da74c:192.168.157.226:46602] with ContainerStateMachine:uninitialized
2019-09-19 11:17:14,311 [pool-208-thread-1] INFO  server.RaftServerConfigKeys (ConfUtils.java:logGet(43)) - raft.server.rpc.timeout.min = 5s (custom)
2019-09-19 11:17:14,311 [pool-208-thread-1] INFO  server.RaftServerConfigKeys (ConfUtils.java:logGet(43)) - raft.server.rpc.timeout.max = 5200ms (custom)
2019-09-19 11:17:14,311 [pool-208-thread-1] INFO  server.RaftServerConfigKeys (ConfUtils.java:logGet(43)) - raft.server.rpcslowness.timeout = 120s (custom)
2019-09-19 11:17:14,311 [pool-208-thread-1] INFO  server.RaftServerConfigKeys (ConfUtils.java:logGet(43)) - raft.server.sleep.deviation.threshold = 300 (default)
2019-09-19 11:17:14,311 [pool-208-thread-1] INFO  server.RaftServerConfigKeys (ConfUtils.java:logGet(43)) - raft.server.log.appender.install.snapshot.enabled = false (custom)
2019-09-19 11:17:14,311 [pool-208-thread-1] INFO  impl.RaftServerImpl (ServerState.java:<init>(105)) - 4e680362-d5f1-4b95-84d9-ab1f740da74c:group-AC85816B3A5F ConfigurationManager, init=-1: [4e680362-d5f1-4b95-84d9-ab1f740da74c:192.168.157.226:46602], old=null, confs=<EMPTY_MAP>
2019-09-19 11:17:14,312 [pool-208-thread-1] INFO  server.RaftServerConfigKeys (ConfUtils.java:logGet(43)) - raft.server.storage.dir = [/workdir/hadoop-ozone/integration-test/target/test-dir/MiniOzoneClusterImpl-98b5687d-2982-4c4e-aef5-e1e97daefe6b/datanode-2/data/ratis] (custom)
2019-09-19 11:17:14,312 [pool-208-thread-1] INFO  storage.RaftStorageDirectory (RaftStorageDirectory.java:analyzeStorage(246)) - The storage directory /workdir/hadoop-ozone/integration-test/target/test-dir/MiniOzoneClusterImpl-98b5687d-2982-4c4e-aef5-e1e97daefe6b/datanode-2/data/ratis/a02e18e7-601c-431a-a71d-ac85816b3a5f does not exist. Creating ...
2019-09-19 11:17:14,317 [pool-208-thread-1] INFO  storage.RaftStorageDirectory (RaftStorageDirectory.java:tryLock(328)) - Lock on /workdir/hadoop-ozone/integration-test/target/test-dir/MiniOzoneClusterImpl-98b5687d-2982-4c4e-aef5-e1e97daefe6b/datanode-2/data/ratis/a02e18e7-601c-431a-a71d-ac85816b3a5f/in_use.lock acquired by nodename 20864@pr-hdds-1569-swxfz-3172132826
2019-09-19 11:17:14,329 [pool-208-thread-1] INFO  storage.RaftStorage (RaftStorage.java:format(72)) - Storage directory /workdir/hadoop-ozone/integration-test/target/test-dir/MiniOzoneClusterImpl-98b5687d-2982-4c4e-aef5-e1e97daefe6b/datanode-2/data/ratis/a02e18e7-601c-431a-a71d-ac85816b3a5f has been successfully formatted.
2019-09-19 11:17:14,330 [pool-208-thread-1] INFO  ratis.ContainerStateMachine (ContainerStateMachine.java:loadSnapshot(226)) - group-AC85816B3A5F: The snapshot info is null. Setting the last applied indexto:(t:0, i:~)
2019-09-19 11:17:14,330 [pool-208-thread-1] INFO  server.RaftServerConfigKeys (ConfUtils.java:logGet(43)) - raft.server.leader.election.timeout = 120s (custom)
2019-09-19 11:17:14,330 [pool-208-thread-1] INFO  server.RaftServerConfigKeys (ConfUtils.java:logGet(43)) - raft.server.log.use.memory = false (default)
2019-09-19 11:17:14,330 [pool-208-thread-1] INFO  server.RaftServerConfigKeys (ConfUtils.java:logGet(43)) - raft.server.log.purge.gap = 1000000 (custom)
2019-09-19 11:17:14,330 [pool-208-thread-1] INFO  server.RaftServerConfigKeys (ConfUtils.java:logGet(43)) - raft.server.log.appender.buffer.byte-limit = 33554432 (custom)
2019-09-19 11:17:14,330 [pool-208-thread-1] INFO  server.RaftServerConfigKeys (ConfUtils.java:logGet(43)) - raft.server.log.segment.size.max = 1048576 (custom)
2019-09-19 11:17:14,330 [pool-208-thread-1] INFO  server.RaftServerConfigKeys (ConfUtils.java:logGet(43)) - raft.server.log.segment.cache.num.max = 2 (custom)
2019-09-19 11:17:14,331 [pool-208-thread-1] INFO  segmented.SegmentedRaftLogWorker (SegmentedRaftLogWorker.java:<init>(172)) - new 4e680362-d5f1-4b95-84d9-ab1f740da74c-SegmentedRaftLogWorker:Storage Directory /workdir/hadoop-ozone/integration-test/target/test-dir/MiniOzoneClusterImpl-98b5687d-2982-4c4e-aef5-e1e97daefe6b/datanode-2/data/ratis/a02e18e7-601c-431a-a71d-ac85816b3a5f for RaftStorage:Storage Directory /workdir/hadoop-ozone/integration-test/target/test-dir/MiniOzoneClusterImpl-98b5687d-2982-4c4e-aef5-e1e97daefe6b/datanode-2/data/ratis/a02e18e7-601c-431a-a71d-ac85816b3a5f
2019-09-19 11:17:14,331 [pool-208-thread-1] INFO  server.RaftServerConfigKeys (ConfUtils.java:logGet(43)) - raft.server.log.queue.byte-limit = 2147483647 (custom)
2019-09-19 11:17:14,331 [pool-208-thread-1] INFO  server.RaftServerConfigKeys (ConfUtils.java:logGet(43)) - raft.server.log.queue.element-limit = 1024 (custom)
2019-09-19 11:17:14,331 [pool-208-thread-1] INFO  server.RaftServerConfigKeys (ConfUtils.java:logGet(43)) - raft.server.log.segment.size.max = 1048576 (custom)
2019-09-19 11:17:14,331 [pool-208-thread-1] INFO  server.RaftServerConfigKeys (ConfUtils.java:logGet(43)) - raft.server.log.preallocated.size = 16384 (custom)
2019-09-19 11:17:14,331 [pool-208-thread-1] INFO  server.RaftServerConfigKeys (ConfUtils.java:logGet(43)) - raft.server.log.write.buffer.size = 33554432 (custom)
2019-09-19 11:17:14,331 [pool-208-thread-1] INFO  server.RaftServerConfigKeys (ConfUtils.java:logGet(43)) - raft.server.log.force.sync.num = 128 (default)
2019-09-19 11:17:14,332 [pool-208-thread-1] INFO  server.RaftServerConfigKeys (ConfUtils.java:logGet(43)) - raft.server.log.statemachine.data.sync = true (default)
2019-09-19 11:17:14,332 [pool-208-thread-1] INFO  server.RaftServerConfigKeys (ConfUtils.java:logGet(43)) - raft.server.log.statemachine.data.sync.timeout = 10s (default)
2019-09-19 11:17:14,332 [pool-208-thread-1] INFO  server.RaftServerConfigKeys (ConfUtils.java:logGet(43)) - raft.server.log.statemachine.data.sync.timeout.retry = -1 (default)
2019-09-19 11:17:14,332 [pool-208-thread-1] INFO  server.RaftServerConfigKeys (ConfUtils.java:logGet(43)) - raft.server.log.statemachine.data.caching.enabled = true (custom)
2019-09-19 11:17:14,332 [pool-208-thread-1] INFO  segmented.SegmentedRaftLogWorker (SegmentedRaftLogWorker.java:lambda$new$0(132)) - 4e680362-d5f1-4b95-84d9-ab1f740da74c-SegmentedRaftLogWorker:Storage Directory /workdir/hadoop-ozone/integration-test/target/test-dir/MiniOzoneClusterImpl-98b5687d-2982-4c4e-aef5-e1e97daefe6b/datanode-2/data/ratis/a02e18e7-601c-431a-a71d-ac85816b3a5f: flushIndex: setUnconditionally 0 -> -1
2019-09-19 11:17:14,333 [pool-208-thread-1] INFO  server.RaftServerConfigKeys (ConfUtils.java:logGet(43)) - raft.server.snapshot.auto.trigger.enabled = true (custom)
2019-09-19 11:17:14,333 [pool-208-thread-1] INFO  server.RaftServerConfigKeys (ConfUtils.java:logGet(43)) - raft.server.snapshot.auto.trigger.threshold = 10000 (custom)
2019-09-19 11:17:14,333 [pool-208-thread-1] INFO  server.RaftServerConfigKeys (ConfUtils.java:logGet(43)) - raft.server.retrycache.expirytime = 600000ms (custom)
2019-09-19 11:17:14,333 [pool-208-thread-1] INFO  impl.RaftServerImpl (RaftServerImpl.java:start(180)) - 4e680362-d5f1-4b95-84d9-ab1f740da74c: start group-AC85816B3A5F
2019-09-19 11:17:14,333 [pool-208-thread-1] INFO  impl.RaftServerImpl (RaftServerImpl.java:setRole(171)) - 4e680362-d5f1-4b95-84d9-ab1f740da74c:group-AC85816B3A5F changes role from null to FOLLOWER at term 0 for startAsFollower
2019-09-19 11:17:14,333 [pool-208-thread-1] INFO  impl.RoleInfo (RoleInfo.java:updateAndGet(143)) - 4e680362-d5f1-4b95-84d9-ab1f740da74c: start FollowerState
2019-09-19 11:17:14,334 [pool-208-thread-1] INFO  util.JmxRegister (JmxRegister.java:tryRegister(44)) - Successfully registered JMX Bean with object name Ratis:service=RaftServer,group=group-AC85816B3A5F,id=4e680362-d5f1-4b95-84d9-ab1f740da74c
2019-09-19 11:17:14,337 [RatisPipelineUtilsThread] INFO  pipeline.PipelineStateManager (PipelineStateManager.java:addPipeline(56)) - Created pipeline Pipeline[ Id: a02e18e7-601c-431a-a71d-ac85816b3a5f, Nodes: 4e680362-d5f1-4b95-84d9-ab1f740da74c{ip: 192.168.157.226, host: pr-hdds-1569-swxfz-3172132826, networkLocation: /default-rack, certSerialId: null}, Type:RATIS, Factor:ONE, State:OPEN]
2019-09-19 11:17:14,337 [RatisPipelineUtilsThread] ERROR pipeline.PipelinePlacementPolicy (PipelinePlacementPolicy.java:meetCriteria(91)) - Pipeline Placement: Doesn't meet the criteria to be viable node. Heaviness: 6
2019-09-19 11:17:14,337 [RatisPipelineUtilsThread] ERROR pipeline.PipelinePlacementPolicy (PipelinePlacementPolicy.java:meetCriteria(91)) - Pipeline Placement: Doesn't meet the criteria to be viable node. Heaviness: 6
2019-09-19 11:17:14,343 [grpc-default-executor-0] INFO  impl.RaftServerProxy (RaftServerProxy.java:addNew(89)) - 4e680362-d5f1-4b95-84d9-ab1f740da74c: addNew group-68E7B745A2FF:[4e680362-d5f1-4b95-84d9-ab1f740da74c:192.168.157.226:46602] returns group-68E7B745A2FF:java.util.concurrent.CompletableFuture@5606df3[Not completed]
2019-09-19 11:17:14,344 [pool-208-thread-1] INFO  impl.RaftServerImpl (RaftServerImpl.java:<init>(93)) - 4e680362-d5f1-4b95-84d9-ab1f740da74c: new RaftServerImpl for group-68E7B745A2FF:[4e680362-d5f1-4b95-84d9-ab1f740da74c:192.168.157.226:46602] with ContainerStateMachine:uninitialized
2019-09-19 11:17:14,344 [pool-208-thread-1] INFO  server.RaftServerConfigKeys (ConfUtils.java:logGet(43)) - raft.server.rpc.timeout.min = 5s (custom)
2019-09-19 11:17:14,344 [pool-208-thread-1] INFO  server.RaftServerConfigKeys (ConfUtils.java:logGet(43)) - raft.server.rpc.timeout.max = 5200ms (custom)
2019-09-19 11:17:14,344 [pool-208-thread-1] INFO  server.RaftServerConfigKeys (ConfUtils.java:logGet(43)) - raft.server.rpcslowness.timeout = 120s (custom)
2019-09-19 11:17:14,344 [pool-208-thread-1] INFO  server.RaftServerConfigKeys (ConfUtils.java:logGet(43)) - raft.server.sleep.deviation.threshold = 300 (default)
2019-09-19 11:17:14,344 [pool-208-thread-1] INFO  server.RaftServerConfigKeys (ConfUtils.java:logGet(43)) - raft.server.log.appender.install.snapshot.enabled = false (custom)
2019-09-19 11:17:14,345 [pool-208-thread-1] INFO  impl.RaftServerImpl (ServerState.java:<init>(105)) - 4e680362-d5f1-4b95-84d9-ab1f740da74c:group-68E7B745A2FF ConfigurationManager, init=-1: [4e680362-d5f1-4b95-84d9-ab1f740da74c:192.168.157.226:46602], old=null, confs=<EMPTY_MAP>
2019-09-19 11:17:14,345 [pool-208-thread-1] INFO  server.RaftServerConfigKeys (ConfUtils.java:logGet(43)) - raft.server.storage.dir = [/workdir/hadoop-ozone/integration-test/target/test-dir/MiniOzoneClusterImpl-98b5687d-2982-4c4e-aef5-e1e97daefe6b/datanode-2/data/ratis] (custom)
2019-09-19 11:17:14,345 [pool-208-thread-1] INFO  storage.RaftStorageDirectory (RaftStorageDirectory.java:analyzeStorage(246)) - The storage directory /workdir/hadoop-ozone/integration-test/target/test-dir/MiniOzoneClusterImpl-98b5687d-2982-4c4e-aef5-e1e97daefe6b/datanode-2/data/ratis/9d9e55cf-861a-4e4e-b8b7-68e7b745a2ff does not exist. Creating ...
2019-09-19 11:17:14,358 [pool-208-thread-1] INFO  storage.RaftStorageDirectory (RaftStorageDirectory.java:tryLock(328)) - Lock on /workdir/hadoop-ozone/integration-test/target/test-dir/MiniOzoneClusterImpl-98b5687d-2982-4c4e-aef5-e1e97daefe6b/datanode-2/data/ratis/9d9e55cf-861a-4e4e-b8b7-68e7b745a2ff/in_use.lock acquired by nodename 20864@pr-hdds-1569-swxfz-3172132826
2019-09-19 11:17:14,372 [pool-208-thread-1] INFO  storage.RaftStorage (RaftStorage.java:format(72)) - Storage directory /workdir/hadoop-ozone/integration-test/target/test-dir/MiniOzoneClusterImpl-98b5687d-2982-4c4e-aef5-e1e97daefe6b/datanode-2/data/ratis/9d9e55cf-861a-4e4e-b8b7-68e7b745a2ff has been successfully formatted.
2019-09-19 11:17:14,372 [pool-208-thread-1] INFO  ratis.ContainerStateMachine (ContainerStateMachine.java:loadSnapshot(226)) - group-68E7B745A2FF: The snapshot info is null. Setting the last applied indexto:(t:0, i:~)
2019-09-19 11:17:14,372 [pool-208-thread-1] INFO  server.RaftServerConfigKeys (ConfUtils.java:logGet(43)) - raft.server.leader.election.timeout = 120s (custom)
2019-09-19 11:17:14,372 [pool-208-thread-1] INFO  server.RaftServerConfigKeys (ConfUtils.java:logGet(43)) - raft.server.log.use.memory = false (default)
2019-09-19 11:17:14,372 [pool-208-thread-1] INFO  server.RaftServerConfigKeys (ConfUtils.java:logGet(43)) - raft.server.log.purge.gap = 1000000 (custom)
2019-09-19 11:17:14,372 [pool-208-thread-1] INFO  server.RaftServerConfigKeys (ConfUtils.java:logGet(43)) - raft.server.log.appender.buffer.byte-limit = 33554432 (custom)
2019-09-19 11:17:14,373 [pool-208-thread-1] INFO  server.RaftServerConfigKeys (ConfUtils.java:logGet(43)) - raft.server.log.segment.size.max = 1048576 (custom)
2019-09-19 11:17:14,373 [pool-208-thread-1] INFO  server.RaftServerConfigKeys (ConfUtils.java:logGet(43)) - raft.server.log.segment.cache.num.max = 2 (custom)
2019-09-19 11:17:14,373 [pool-208-thread-1] INFO  segmented.SegmentedRaftLogWorker (SegmentedRaftLogWorker.java:<init>(172)) - new 4e680362-d5f1-4b95-84d9-ab1f740da74c-SegmentedRaftLogWorker:Storage Directory /workdir/hadoop-ozone/integration-test/target/test-dir/MiniOzoneClusterImpl-98b5687d-2982-4c4e-aef5-e1e97daefe6b/datanode-2/data/ratis/9d9e55cf-861a-4e4e-b8b7-68e7b745a2ff for RaftStorage:Storage Directory /workdir/hadoop-ozone/integration-test/target/test-dir/MiniOzoneClusterImpl-98b5687d-2982-4c4e-aef5-e1e97daefe6b/datanode-2/data/ratis/9d9e55cf-861a-4e4e-b8b7-68e7b745a2ff
2019-09-19 11:17:14,373 [pool-208-thread-1] INFO  server.RaftServerConfigKeys (ConfUtils.java:logGet(43)) - raft.server.log.queue.byte-limit = 2147483647 (custom)
2019-09-19 11:17:14,373 [pool-208-thread-1] INFO  server.RaftServerConfigKeys (ConfUtils.java:logGet(43)) - raft.server.log.queue.element-limit = 1024 (custom)
2019-09-19 11:17:14,373 [pool-208-thread-1] INFO  server.RaftServerConfigKeys (ConfUtils.java:logGet(43)) - raft.server.log.segment.size.max = 1048576 (custom)
2019-09-19 11:17:14,373 [pool-208-thread-1] INFO  server.RaftServerConfigKeys (ConfUtils.java:logGet(43)) - raft.server.log.preallocated.size = 16384 (custom)
2019-09-19 11:17:14,373 [pool-208-thread-1] INFO  server.RaftServerConfigKeys (ConfUtils.java:logGet(43)) - raft.server.log.write.buffer.size = 33554432 (custom)
2019-09-19 11:17:14,374 [pool-208-thread-1] INFO  server.RaftServerConfigKeys (ConfUtils.java:logGet(43)) - raft.server.log.force.sync.num = 128 (default)
2019-09-19 11:17:14,374 [pool-208-thread-1] INFO  server.RaftServerConfigKeys (ConfUtils.java:logGet(43)) - raft.server.log.statemachine.data.sync = true (default)
2019-09-19 11:17:14,374 [pool-208-thread-1] INFO  server.RaftServerConfigKeys (ConfUtils.java:logGet(43)) - raft.server.log.statemachine.data.sync.timeout = 10s (default)
2019-09-19 11:17:14,374 [pool-208-thread-1] INFO  server.RaftServerConfigKeys (ConfUtils.java:logGet(43)) - raft.server.log.statemachine.data.sync.timeout.retry = -1 (default)
2019-09-19 11:17:14,374 [pool-208-thread-1] INFO  server.RaftServerConfigKeys (ConfUtils.java:logGet(43)) - raft.server.log.statemachine.data.caching.enabled = true (custom)
2019-09-19 11:17:14,374 [pool-208-thread-1] INFO  segmented.SegmentedRaftLogWorker (SegmentedRaftLogWorker.java:lambda$new$0(132)) - 4e680362-d5f1-4b95-84d9-ab1f740da74c-SegmentedRaftLogWorker:Storage Directory /workdir/hadoop-ozone/integration-test/target/test-dir/MiniOzoneClusterImpl-98b5687d-2982-4c4e-aef5-e1e97daefe6b/datanode-2/data/ratis/9d9e55cf-861a-4e4e-b8b7-68e7b745a2ff: flushIndex: setUnconditionally 0 -> -1
2019-09-19 11:17:14,375 [pool-208-thread-1] INFO  server.RaftServerConfigKeys (ConfUtils.java:logGet(43)) - raft.server.snapshot.auto.trigger.enabled = true (custom)
2019-09-19 11:17:14,375 [pool-208-thread-1] INFO  server.RaftServerConfigKeys (ConfUtils.java:logGet(43)) - raft.server.snapshot.auto.trigger.threshold = 10000 (custom)
2019-09-19 11:17:14,375 [pool-208-thread-1] INFO  server.RaftServerConfigKeys (ConfUtils.java:logGet(43)) - raft.server.retrycache.expirytime = 600000ms (custom)
2019-09-19 11:17:14,375 [pool-208-thread-1] INFO  impl.RaftServerImpl (RaftServerImpl.java:start(180)) - 4e680362-d5f1-4b95-84d9-ab1f740da74c: start group-68E7B745A2FF
2019-09-19 11:17:14,375 [pool-208-thread-1] INFO  impl.RaftServerImpl (RaftServerImpl.java:setRole(171)) - 4e680362-d5f1-4b95-84d9-ab1f740da74c:group-68E7B745A2FF changes role from null to FOLLOWER at term 0 for startAsFollower
2019-09-19 11:17:14,375 [pool-208-thread-1] INFO  impl.RoleInfo (RoleInfo.java:updateAndGet(143)) - 4e680362-d5f1-4b95-84d9-ab1f740da74c: start FollowerState
2019-09-19 11:17:14,376 [pool-208-thread-1] INFO  util.JmxRegister (JmxRegister.java:tryRegister(44)) - Successfully registered JMX Bean with object name Ratis:service=RaftServer,group=group-68E7B745A2FF,id=4e680362-d5f1-4b95-84d9-ab1f740da74c
2019-09-19 11:17:14,379 [RatisPipelineUtilsThread] INFO  pipeline.PipelineStateManager (PipelineStateManager.java:addPipeline(56)) - Created pipeline Pipeline[ Id: 9d9e55cf-861a-4e4e-b8b7-68e7b745a2ff, Nodes: 4e680362-d5f1-4b95-84d9-ab1f740da74c{ip: 192.168.157.226, host: pr-hdds-1569-swxfz-3172132826, networkLocation: /default-rack, certSerialId: null}, Type:RATIS, Factor:ONE, State:OPEN]
2019-09-19 11:17:14,379 [RatisPipelineUtilsThread] ERROR pipeline.PipelinePlacementPolicy (PipelinePlacementPolicy.java:meetCriteria(91)) - Pipeline Placement: Doesn't meet the criteria to be viable node. Heaviness: 6
2019-09-19 11:17:14,379 [RatisPipelineUtilsThread] ERROR pipeline.PipelinePlacementPolicy (PipelinePlacementPolicy.java:meetCriteria(91)) - Pipeline Placement: Doesn't meet the criteria to be viable node. Heaviness: 6
2019-09-19 11:17:14,384 [grpc-default-executor-0] INFO  impl.RaftServerProxy (RaftServerProxy.java:addNew(89)) - 4e680362-d5f1-4b95-84d9-ab1f740da74c: addNew group-C2EB152FAF0F:[4e680362-d5f1-4b95-84d9-ab1f740da74c:192.168.157.226:46602] returns group-C2EB152FAF0F:java.util.concurrent.CompletableFuture@7c65d497[Not completed]
2019-09-19 11:17:14,385 [pool-208-thread-1] INFO  impl.RaftServerImpl (RaftServerImpl.java:<init>(93)) - 4e680362-d5f1-4b95-84d9-ab1f740da74c: new RaftServerImpl for group-C2EB152FAF0F:[4e680362-d5f1-4b95-84d9-ab1f740da74c:192.168.157.226:46602] with ContainerStateMachine:uninitialized
2019-09-19 11:17:14,385 [pool-208-thread-1] INFO  server.RaftServerConfigKeys (ConfUtils.java:logGet(43)) - raft.server.rpc.timeout.min = 5s (custom)
2019-09-19 11:17:14,385 [pool-208-thread-1] INFO  server.RaftServerConfigKeys (ConfUtils.java:logGet(43)) - raft.server.rpc.timeout.max = 5200ms (custom)
2019-09-19 11:17:14,385 [pool-208-thread-1] INFO  server.RaftServerConfigKeys (ConfUtils.java:logGet(43)) - raft.server.rpcslowness.timeout = 120s (custom)
2019-09-19 11:17:14,385 [pool-208-thread-1] INFO  server.RaftServerConfigKeys (ConfUtils.java:logGet(43)) - raft.server.sleep.deviation.threshold = 300 (default)
2019-09-19 11:17:14,385 [pool-208-thread-1] INFO  server.RaftServerConfigKeys (ConfUtils.java:logGet(43)) - raft.server.log.appender.install.snapshot.enabled = false (custom)
2019-09-19 11:17:14,385 [pool-208-thread-1] INFO  impl.RaftServerImpl (ServerState.java:<init>(105)) - 4e680362-d5f1-4b95-84d9-ab1f740da74c:group-C2EB152FAF0F ConfigurationManager, init=-1: [4e680362-d5f1-4b95-84d9-ab1f740da74c:192.168.157.226:46602], old=null, confs=<EMPTY_MAP>
2019-09-19 11:17:14,386 [pool-208-thread-1] INFO  server.RaftServerConfigKeys (ConfUtils.java:logGet(43)) - raft.server.storage.dir = [/workdir/hadoop-ozone/integration-test/target/test-dir/MiniOzoneClusterImpl-98b5687d-2982-4c4e-aef5-e1e97daefe6b/datanode-2/data/ratis] (custom)
2019-09-19 11:17:14,386 [pool-208-thread-1] INFO  storage.RaftStorageDirectory (RaftStorageDirectory.java:analyzeStorage(246)) - The storage directory /workdir/hadoop-ozone/integration-test/target/test-dir/MiniOzoneClusterImpl-98b5687d-2982-4c4e-aef5-e1e97daefe6b/datanode-2/data/ratis/54c4ea18-12b8-4139-b72e-c2eb152faf0f does not exist. Creating ...
2019-09-19 11:17:14,398 [pool-208-thread-1] INFO  storage.RaftStorageDirectory (RaftStorageDirectory.java:tryLock(328)) - Lock on /workdir/hadoop-ozone/integration-test/target/test-dir/MiniOzoneClusterImpl-98b5687d-2982-4c4e-aef5-e1e97daefe6b/datanode-2/data/ratis/54c4ea18-12b8-4139-b72e-c2eb152faf0f/in_use.lock acquired by nodename 20864@pr-hdds-1569-swxfz-3172132826
2019-09-19 11:17:14,412 [pool-208-thread-1] INFO  storage.RaftStorage (RaftStorage.java:format(72)) - Storage directory /workdir/hadoop-ozone/integration-test/target/test-dir/MiniOzoneClusterImpl-98b5687d-2982-4c4e-aef5-e1e97daefe6b/datanode-2/data/ratis/54c4ea18-12b8-4139-b72e-c2eb152faf0f has been successfully formatted.
2019-09-19 11:17:14,413 [pool-208-thread-1] INFO  ratis.ContainerStateMachine (ContainerStateMachine.java:loadSnapshot(226)) - group-C2EB152FAF0F: The snapshot info is null. Setting the last applied indexto:(t:0, i:~)
2019-09-19 11:17:14,413 [pool-208-thread-1] INFO  server.RaftServerConfigKeys (ConfUtils.java:logGet(43)) - raft.server.leader.election.timeout = 120s (custom)
2019-09-19 11:17:14,413 [pool-208-thread-1] INFO  server.RaftServerConfigKeys (ConfUtils.java:logGet(43)) - raft.server.log.use.memory = false (default)
2019-09-19 11:17:14,413 [pool-208-thread-1] INFO  server.RaftServerConfigKeys (ConfUtils.java:logGet(43)) - raft.server.log.purge.gap = 1000000 (custom)
2019-09-19 11:17:14,413 [pool-208-thread-1] INFO  server.RaftServerConfigKeys (ConfUtils.java:logGet(43)) - raft.server.log.appender.buffer.byte-limit = 33554432 (custom)
2019-09-19 11:17:14,413 [pool-208-thread-1] INFO  server.RaftServerConfigKeys (ConfUtils.java:logGet(43)) - raft.server.log.segment.size.max = 1048576 (custom)
2019-09-19 11:17:14,413 [pool-208-thread-1] INFO  server.RaftServerConfigKeys (ConfUtils.java:logGet(43)) - raft.server.log.segment.cache.num.max = 2 (custom)
2019-09-19 11:17:14,414 [pool-208-thread-1] INFO  segmented.SegmentedRaftLogWorker (SegmentedRaftLogWorker.java:<init>(172)) - new 4e680362-d5f1-4b95-84d9-ab1f740da74c-SegmentedRaftLogWorker:Storage Directory /workdir/hadoop-ozone/integration-test/target/test-dir/MiniOzoneClusterImpl-98b5687d-2982-4c4e-aef5-e1e97daefe6b/datanode-2/data/ratis/54c4ea18-12b8-4139-b72e-c2eb152faf0f for RaftStorage:Storage Directory /workdir/hadoop-ozone/integration-test/target/test-dir/MiniOzoneClusterImpl-98b5687d-2982-4c4e-aef5-e1e97daefe6b/datanode-2/data/ratis/54c4ea18-12b8-4139-b72e-c2eb152faf0f
2019-09-19 11:17:14,414 [pool-208-thread-1] INFO  server.RaftServerConfigKeys (ConfUtils.java:logGet(43)) - raft.server.log.queue.byte-limit = 2147483647 (custom)
2019-09-19 11:17:14,414 [pool-208-thread-1] INFO  server.RaftServerConfigKeys (ConfUtils.java:logGet(43)) - raft.server.log.queue.element-limit = 1024 (custom)
2019-09-19 11:17:14,414 [pool-208-thread-1] INFO  server.RaftServerConfigKeys (ConfUtils.java:logGet(43)) - raft.server.log.segment.size.max = 1048576 (custom)
2019-09-19 11:17:14,414 [pool-208-thread-1] INFO  server.RaftServerConfigKeys (ConfUtils.java:logGet(43)) - raft.server.log.preallocated.size = 16384 (custom)
2019-09-19 11:17:14,414 [pool-208-thread-1] INFO  server.RaftServerConfigKeys (ConfUtils.java:logGet(43)) - raft.server.log.write.buffer.size = 33554432 (custom)
2019-09-19 11:17:14,414 [pool-208-thread-1] INFO  server.RaftServerConfigKeys (ConfUtils.java:logGet(43)) - raft.server.log.force.sync.num = 128 (default)
2019-09-19 11:17:14,414 [pool-208-thread-1] INFO  server.RaftServerConfigKeys (ConfUtils.java:logGet(43)) - raft.server.log.statemachine.data.sync = true (default)
2019-09-19 11:17:14,414 [pool-208-thread-1] INFO  server.RaftServerConfigKeys (ConfUtils.java:logGet(43)) - raft.server.log.statemachine.data.sync.timeout = 10s (default)
2019-09-19 11:17:14,414 [pool-208-thread-1] INFO  server.RaftServerConfigKeys (ConfUtils.java:logGet(43)) - raft.server.log.statemachine.data.sync.timeout.retry = -1 (default)
2019-09-19 11:17:14,415 [pool-208-thread-1] INFO  server.RaftServerConfigKeys (ConfUtils.java:logGet(43)) - raft.server.log.statemachine.data.caching.enabled = true (custom)
2019-09-19 11:17:14,415 [pool-208-thread-1] INFO  segmented.SegmentedRaftLogWorker (SegmentedRaftLogWorker.java:lambda$new$0(132)) - 4e680362-d5f1-4b95-84d9-ab1f740da74c-SegmentedRaftLogWorker:Storage Directory /workdir/hadoop-ozone/integration-test/target/test-dir/MiniOzoneClusterImpl-98b5687d-2982-4c4e-aef5-e1e97daefe6b/datanode-2/data/ratis/54c4ea18-12b8-4139-b72e-c2eb152faf0f: flushIndex: setUnconditionally 0 -> -1
2019-09-19 11:17:14,415 [pool-208-thread-1] INFO  server.RaftServerConfigKeys (ConfUtils.java:logGet(43)) - raft.server.snapshot.auto.trigger.enabled = true (custom)
2019-09-19 11:17:14,415 [pool-208-thread-1] INFO  server.RaftServerConfigKeys (ConfUtils.java:logGet(43)) - raft.server.snapshot.auto.trigger.threshold = 10000 (custom)
2019-09-19 11:17:14,415 [pool-208-thread-1] INFO  server.RaftServerConfigKeys (ConfUtils.java:logGet(43)) - raft.server.retrycache.expirytime = 600000ms (custom)
2019-09-19 11:17:14,416 [pool-208-thread-1] INFO  impl.RaftServerImpl (RaftServerImpl.java:start(180)) - 4e680362-d5f1-4b95-84d9-ab1f740da74c: start group-C2EB152FAF0F
2019-09-19 11:17:14,416 [pool-208-thread-1] INFO  impl.RaftServerImpl (RaftServerImpl.java:setRole(171)) - 4e680362-d5f1-4b95-84d9-ab1f740da74c:group-C2EB152FAF0F changes role from null to FOLLOWER at term 0 for startAsFollower
2019-09-19 11:17:14,416 [pool-208-thread-1] INFO  impl.RoleInfo (RoleInfo.java:updateAndGet(143)) - 4e680362-d5f1-4b95-84d9-ab1f740da74c: start FollowerState
2019-09-19 11:17:14,416 [pool-208-thread-1] INFO  util.JmxRegister (JmxRegister.java:tryRegister(44)) - Successfully registered JMX Bean with object name Ratis:service=RaftServer,group=group-C2EB152FAF0F,id=4e680362-d5f1-4b95-84d9-ab1f740da74c
2019-09-19 11:17:14,419 [RatisPipelineUtilsThread] INFO  pipeline.PipelineStateManager (PipelineStateManager.java:addPipeline(56)) - Created pipeline Pipeline[ Id: 54c4ea18-12b8-4139-b72e-c2eb152faf0f, Nodes: 4e680362-d5f1-4b95-84d9-ab1f740da74c{ip: 192.168.157.226, host: pr-hdds-1569-swxfz-3172132826, networkLocation: /default-rack, certSerialId: null}, Type:RATIS, Factor:ONE, State:OPEN]
2019-09-19 11:17:14,419 [RatisPipelineUtilsThread] ERROR pipeline.PipelinePlacementPolicy (PipelinePlacementPolicy.java:meetCriteria(91)) - Pipeline Placement: Doesn't meet the criteria to be viable node. Heaviness: 6
2019-09-19 11:17:14,420 [RatisPipelineUtilsThread] ERROR pipeline.PipelinePlacementPolicy (PipelinePlacementPolicy.java:meetCriteria(91)) - Pipeline Placement: Doesn't meet the criteria to be viable node. Heaviness: 6
2019-09-19 11:17:14,425 [grpc-default-executor-0] INFO  impl.RaftServerProxy (RaftServerProxy.java:addNew(89)) - 4e680362-d5f1-4b95-84d9-ab1f740da74c: addNew group-AC6109AF5C42:[4e680362-d5f1-4b95-84d9-ab1f740da74c:192.168.157.226:46602] returns group-AC6109AF5C42:java.util.concurrent.CompletableFuture@5073b875[Not completed]
2019-09-19 11:17:14,426 [pool-208-thread-1] INFO  impl.RaftServerImpl (RaftServerImpl.java:<init>(93)) - 4e680362-d5f1-4b95-84d9-ab1f740da74c: new RaftServerImpl for group-AC6109AF5C42:[4e680362-d5f1-4b95-84d9-ab1f740da74c:192.168.157.226:46602] with ContainerStateMachine:uninitialized
2019-09-19 11:17:14,426 [pool-208-thread-1] INFO  server.RaftServerConfigKeys (ConfUtils.java:logGet(43)) - raft.server.rpc.timeout.min = 5s (custom)
2019-09-19 11:17:14,426 [pool-208-thread-1] INFO  server.RaftServerConfigKeys (ConfUtils.java:logGet(43)) - raft.server.rpc.timeout.max = 5200ms (custom)
2019-09-19 11:17:14,427 [pool-208-thread-1] INFO  server.RaftServerConfigKeys (ConfUtils.java:logGet(43)) - raft.server.rpcslowness.timeout = 120s (custom)
2019-09-19 11:17:14,427 [pool-208-thread-1] INFO  server.RaftServerConfigKeys (ConfUtils.java:logGet(43)) - raft.server.sleep.deviation.threshold = 300 (default)
2019-09-19 11:17:14,427 [pool-208-thread-1] INFO  server.RaftServerConfigKeys (ConfUtils.java:logGet(43)) - raft.server.log.appender.install.snapshot.enabled = false (custom)
2019-09-19 11:17:14,427 [pool-208-thread-1] INFO  impl.RaftServerImpl (ServerState.java:<init>(105)) - 4e680362-d5f1-4b95-84d9-ab1f740da74c:group-AC6109AF5C42 ConfigurationManager, init=-1: [4e680362-d5f1-4b95-84d9-ab1f740da74c:192.168.157.226:46602], old=null, confs=<EMPTY_MAP>
2019-09-19 11:17:14,427 [pool-208-thread-1] INFO  server.RaftServerConfigKeys (ConfUtils.java:logGet(43)) - raft.server.storage.dir = [/workdir/hadoop-ozone/integration-test/target/test-dir/MiniOzoneClusterImpl-98b5687d-2982-4c4e-aef5-e1e97daefe6b/datanode-2/data/ratis] (custom)
2019-09-19 11:17:14,427 [pool-208-thread-1] INFO  storage.RaftStorageDirectory (RaftStorageDirectory.java:analyzeStorage(246)) - The storage directory /workdir/hadoop-ozone/integration-test/target/test-dir/MiniOzoneClusterImpl-98b5687d-2982-4c4e-aef5-e1e97daefe6b/datanode-2/data/ratis/70795048-c2f2-4b1e-88f5-ac6109af5c42 does not exist. Creating ...
2019-09-19 11:17:14,440 [pool-208-thread-1] INFO  storage.RaftStorageDirectory (RaftStorageDirectory.java:tryLock(328)) - Lock on /workdir/hadoop-ozone/integration-test/target/test-dir/MiniOzoneClusterImpl-98b5687d-2982-4c4e-aef5-e1e97daefe6b/datanode-2/data/ratis/70795048-c2f2-4b1e-88f5-ac6109af5c42/in_use.lock acquired by nodename 20864@pr-hdds-1569-swxfz-3172132826
2019-09-19 11:17:14,453 [pool-208-thread-1] INFO  storage.RaftStorage (RaftStorage.java:format(72)) - Storage directory /workdir/hadoop-ozone/integration-test/target/test-dir/MiniOzoneClusterImpl-98b5687d-2982-4c4e-aef5-e1e97daefe6b/datanode-2/data/ratis/70795048-c2f2-4b1e-88f5-ac6109af5c42 has been successfully formatted.
2019-09-19 11:17:14,453 [pool-208-thread-1] INFO  ratis.ContainerStateMachine (ContainerStateMachine.java:loadSnapshot(226)) - group-AC6109AF5C42: The snapshot info is null. Setting the last applied indexto:(t:0, i:~)
2019-09-19 11:17:14,453 [pool-208-thread-1] INFO  server.RaftServerConfigKeys (ConfUtils.java:logGet(43)) - raft.server.leader.election.timeout = 120s (custom)
2019-09-19 11:17:14,453 [pool-208-thread-1] INFO  server.RaftServerConfigKeys (ConfUtils.java:logGet(43)) - raft.server.log.use.memory = false (default)
2019-09-19 11:17:14,453 [pool-208-thread-1] INFO  server.RaftServerConfigKeys (ConfUtils.java:logGet(43)) - raft.server.log.purge.gap = 1000000 (custom)
2019-09-19 11:17:14,453 [pool-208-thread-1] INFO  server.RaftServerConfigKeys (ConfUtils.java:logGet(43)) - raft.server.log.appender.buffer.byte-limit = 33554432 (custom)
2019-09-19 11:17:14,454 [pool-208-thread-1] INFO  server.RaftServerConfigKeys (ConfUtils.java:logGet(43)) - raft.server.log.segment.size.max = 1048576 (custom)
2019-09-19 11:17:14,454 [pool-208-thread-1] INFO  server.RaftServerConfigKeys (ConfUtils.java:logGet(43)) - raft.server.log.segment.cache.num.max = 2 (custom)
2019-09-19 11:17:14,454 [pool-208-thread-1] INFO  segmented.SegmentedRaftLogWorker (SegmentedRaftLogWorker.java:<init>(172)) - new 4e680362-d5f1-4b95-84d9-ab1f740da74c-SegmentedRaftLogWorker:Storage Directory /workdir/hadoop-ozone/integration-test/target/test-dir/MiniOzoneClusterImpl-98b5687d-2982-4c4e-aef5-e1e97daefe6b/datanode-2/data/ratis/70795048-c2f2-4b1e-88f5-ac6109af5c42 for RaftStorage:Storage Directory /workdir/hadoop-ozone/integration-test/target/test-dir/MiniOzoneClusterImpl-98b5687d-2982-4c4e-aef5-e1e97daefe6b/datanode-2/data/ratis/70795048-c2f2-4b1e-88f5-ac6109af5c42
2019-09-19 11:17:14,454 [pool-208-thread-1] INFO  server.RaftServerConfigKeys (ConfUtils.java:logGet(43)) - raft.server.log.queue.byte-limit = 2147483647 (custom)
2019-09-19 11:17:14,454 [pool-208-thread-1] INFO  server.RaftServerConfigKeys (ConfUtils.java:logGet(43)) - raft.server.log.queue.element-limit = 1024 (custom)
2019-09-19 11:17:14,454 [pool-208-thread-1] INFO  server.RaftServerConfigKeys (ConfUtils.java:logGet(43)) - raft.server.log.segment.size.max = 1048576 (custom)
2019-09-19 11:17:14,454 [pool-208-thread-1] INFO  server.RaftServerConfigKeys (ConfUtils.java:logGet(43)) - raft.server.log.preallocated.size = 16384 (custom)
2019-09-19 11:17:14,454 [pool-208-thread-1] INFO  server.RaftServerConfigKeys (ConfUtils.java:logGet(43)) - raft.server.log.write.buffer.size = 33554432 (custom)
2019-09-19 11:17:14,454 [pool-208-thread-1] INFO  server.RaftServerConfigKeys (ConfUtils.java:logGet(43)) - raft.server.log.force.sync.num = 128 (default)
2019-09-19 11:17:14,454 [pool-208-thread-1] INFO  server.RaftServerConfigKeys (ConfUtils.java:logGet(43)) - raft.server.log.statemachine.data.sync = true (default)
2019-09-19 11:17:14,455 [pool-208-thread-1] INFO  server.RaftServerConfigKeys (ConfUtils.java:logGet(43)) - raft.server.log.statemachine.data.sync.timeout = 10s (default)
2019-09-19 11:17:14,455 [pool-208-thread-1] INFO  server.RaftServerConfigKeys (ConfUtils.java:logGet(43)) - raft.server.log.statemachine.data.sync.timeout.retry = -1 (default)
2019-09-19 11:17:14,455 [pool-208-thread-1] INFO  server.RaftServerConfigKeys (ConfUtils.java:logGet(43)) - raft.server.log.statemachine.data.caching.enabled = true (custom)
2019-09-19 11:17:14,455 [pool-208-thread-1] INFO  segmented.SegmentedRaftLogWorker (SegmentedRaftLogWorker.java:lambda$new$0(132)) - 4e680362-d5f1-4b95-84d9-ab1f740da74c-SegmentedRaftLogWorker:Storage Directory /workdir/hadoop-ozone/integration-test/target/test-dir/MiniOzoneClusterImpl-98b5687d-2982-4c4e-aef5-e1e97daefe6b/datanode-2/data/ratis/70795048-c2f2-4b1e-88f5-ac6109af5c42: flushIndex: setUnconditionally 0 -> -1
2019-09-19 11:17:14,455 [pool-208-thread-1] INFO  server.RaftServerConfigKeys (ConfUtils.java:logGet(43)) - raft.server.snapshot.auto.trigger.enabled = true (custom)
2019-09-19 11:17:14,455 [pool-208-thread-1] INFO  server.RaftServerConfigKeys (ConfUtils.java:logGet(43)) - raft.server.snapshot.auto.trigger.threshold = 10000 (custom)
2019-09-19 11:17:14,456 [pool-208-thread-1] INFO  server.RaftServerConfigKeys (ConfUtils.java:logGet(43)) - raft.server.retrycache.expirytime = 600000ms (custom)
2019-09-19 11:17:14,456 [pool-208-thread-1] INFO  impl.RaftServerImpl (RaftServerImpl.java:start(180)) - 4e680362-d5f1-4b95-84d9-ab1f740da74c: start group-AC6109AF5C42
2019-09-19 11:17:14,456 [pool-208-thread-1] INFO  impl.RaftServerImpl (RaftServerImpl.java:setRole(171)) - 4e680362-d5f1-4b95-84d9-ab1f740da74c:group-AC6109AF5C42 changes role from null to FOLLOWER at term 0 for startAsFollower
2019-09-19 11:17:14,456 [pool-208-thread-1] INFO  impl.RoleInfo (RoleInfo.java:updateAndGet(143)) - 4e680362-d5f1-4b95-84d9-ab1f740da74c: start FollowerState
2019-09-19 11:17:14,456 [pool-208-thread-1] INFO  util.JmxRegister (JmxRegister.java:tryRegister(44)) - Successfully registered JMX Bean with object name Ratis:service=RaftServer,group=group-AC6109AF5C42,id=4e680362-d5f1-4b95-84d9-ab1f740da74c
2019-09-19 11:17:14,459 [RatisPipelineUtilsThread] INFO  pipeline.PipelineStateManager (PipelineStateManager.java:addPipeline(56)) - Created pipeline Pipeline[ Id: 70795048-c2f2-4b1e-88f5-ac6109af5c42, Nodes: 4e680362-d5f1-4b95-84d9-ab1f740da74c{ip: 192.168.157.226, host: pr-hdds-1569-swxfz-3172132826, networkLocation: /default-rack, certSerialId: null}, Type:RATIS, Factor:ONE, State:OPEN]
2019-09-19 11:17:14,459 [RatisPipelineUtilsThread] ERROR pipeline.PipelinePlacementPolicy (PipelinePlacementPolicy.java:meetCriteria(91)) - Pipeline Placement: Doesn't meet the criteria to be viable node. Heaviness: 6
2019-09-19 11:17:14,460 [RatisPipelineUtilsThread] ERROR pipeline.PipelinePlacementPolicy (PipelinePlacementPolicy.java:meetCriteria(91)) - Pipeline Placement: Doesn't meet the criteria to be viable node. Heaviness: 6
2019-09-19 11:17:14,464 [grpc-default-executor-0] INFO  impl.RaftServerProxy (RaftServerProxy.java:addNew(89)) - 4e680362-d5f1-4b95-84d9-ab1f740da74c: addNew group-E2793D91883A:[4e680362-d5f1-4b95-84d9-ab1f740da74c:192.168.157.226:46602] returns group-E2793D91883A:java.util.concurrent.CompletableFuture@2cf4f05a[Not completed]
2019-09-19 11:17:14,465 [pool-208-thread-1] INFO  impl.RaftServerImpl (RaftServerImpl.java:<init>(93)) - 4e680362-d5f1-4b95-84d9-ab1f740da74c: new RaftServerImpl for group-E2793D91883A:[4e680362-d5f1-4b95-84d9-ab1f740da74c:192.168.157.226:46602] with ContainerStateMachine:uninitialized
2019-09-19 11:17:14,465 [pool-208-thread-1] INFO  server.RaftServerConfigKeys (ConfUtils.java:logGet(43)) - raft.server.rpc.timeout.min = 5s (custom)
2019-09-19 11:17:14,466 [pool-208-thread-1] INFO  server.RaftServerConfigKeys (ConfUtils.java:logGet(43)) - raft.server.rpc.timeout.max = 5200ms (custom)
2019-09-19 11:17:14,466 [pool-208-thread-1] INFO  server.RaftServerConfigKeys (ConfUtils.java:logGet(43)) - raft.server.rpcslowness.timeout = 120s (custom)
2019-09-19 11:17:14,466 [pool-208-thread-1] INFO  server.RaftServerConfigKeys (ConfUtils.java:logGet(43)) - raft.server.sleep.deviation.threshold = 300 (default)
2019-09-19 11:17:14,466 [pool-208-thread-1] INFO  server.RaftServerConfigKeys (ConfUtils.java:logGet(43)) - raft.server.log.appender.install.snapshot.enabled = false (custom)
2019-09-19 11:17:14,466 [pool-208-thread-1] INFO  impl.RaftServerImpl (ServerState.java:<init>(105)) - 4e680362-d5f1-4b95-84d9-ab1f740da74c:group-E2793D91883A ConfigurationManager, init=-1: [4e680362-d5f1-4b95-84d9-ab1f740da74c:192.168.157.226:46602], old=null, confs=<EMPTY_MAP>
2019-09-19 11:17:14,466 [pool-208-thread-1] INFO  server.RaftServerConfigKeys (ConfUtils.java:logGet(43)) - raft.server.storage.dir = [/workdir/hadoop-ozone/integration-test/target/test-dir/MiniOzoneClusterImpl-98b5687d-2982-4c4e-aef5-e1e97daefe6b/datanode-2/data/ratis] (custom)
2019-09-19 11:17:14,466 [pool-208-thread-1] INFO  storage.RaftStorageDirectory (RaftStorageDirectory.java:analyzeStorage(246)) - The storage directory /workdir/hadoop-ozone/integration-test/target/test-dir/MiniOzoneClusterImpl-98b5687d-2982-4c4e-aef5-e1e97daefe6b/datanode-2/data/ratis/6a3eb2d1-04a4-4f20-8fab-e2793d91883a does not exist. Creating ...
2019-09-19 11:17:14,479 [pool-208-thread-1] INFO  storage.RaftStorageDirectory (RaftStorageDirectory.java:tryLock(328)) - Lock on /workdir/hadoop-ozone/integration-test/target/test-dir/MiniOzoneClusterImpl-98b5687d-2982-4c4e-aef5-e1e97daefe6b/datanode-2/data/ratis/6a3eb2d1-04a4-4f20-8fab-e2793d91883a/in_use.lock acquired by nodename 20864@pr-hdds-1569-swxfz-3172132826
2019-09-19 11:17:14,491 [pool-208-thread-1] INFO  storage.RaftStorage (RaftStorage.java:format(72)) - Storage directory /workdir/hadoop-ozone/integration-test/target/test-dir/MiniOzoneClusterImpl-98b5687d-2982-4c4e-aef5-e1e97daefe6b/datanode-2/data/ratis/6a3eb2d1-04a4-4f20-8fab-e2793d91883a has been successfully formatted.
2019-09-19 11:17:14,492 [pool-208-thread-1] INFO  ratis.ContainerStateMachine (ContainerStateMachine.java:loadSnapshot(226)) - group-E2793D91883A: The snapshot info is null. Setting the last applied indexto:(t:0, i:~)
2019-09-19 11:17:14,492 [pool-208-thread-1] INFO  server.RaftServerConfigKeys (ConfUtils.java:logGet(43)) - raft.server.leader.election.timeout = 120s (custom)
2019-09-19 11:17:14,492 [pool-208-thread-1] INFO  server.RaftServerConfigKeys (ConfUtils.java:logGet(43)) - raft.server.log.use.memory = false (default)
2019-09-19 11:17:14,492 [pool-208-thread-1] INFO  server.RaftServerConfigKeys (ConfUtils.java:logGet(43)) - raft.server.log.purge.gap = 1000000 (custom)
2019-09-19 11:17:14,492 [pool-208-thread-1] INFO  server.RaftServerConfigKeys (ConfUtils.java:logGet(43)) - raft.server.log.appender.buffer.byte-limit = 33554432 (custom)
2019-09-19 11:17:14,492 [pool-208-thread-1] INFO  server.RaftServerConfigKeys (ConfUtils.java:logGet(43)) - raft.server.log.segment.size.max = 1048576 (custom)
2019-09-19 11:17:14,492 [pool-208-thread-1] INFO  server.RaftServerConfigKeys (ConfUtils.java:logGet(43)) - raft.server.log.segment.cache.num.max = 2 (custom)
2019-09-19 11:17:14,492 [pool-208-thread-1] INFO  segmented.SegmentedRaftLogWorker (SegmentedRaftLogWorker.java:<init>(172)) - new 4e680362-d5f1-4b95-84d9-ab1f740da74c-SegmentedRaftLogWorker:Storage Directory /workdir/hadoop-ozone/integration-test/target/test-dir/MiniOzoneClusterImpl-98b5687d-2982-4c4e-aef5-e1e97daefe6b/datanode-2/data/ratis/6a3eb2d1-04a4-4f20-8fab-e2793d91883a for RaftStorage:Storage Directory /workdir/hadoop-ozone/integration-test/target/test-dir/MiniOzoneClusterImpl-98b5687d-2982-4c4e-aef5-e1e97daefe6b/datanode-2/data/ratis/6a3eb2d1-04a4-4f20-8fab-e2793d91883a
2019-09-19 11:17:14,493 [pool-208-thread-1] INFO  server.RaftServerConfigKeys (ConfUtils.java:logGet(43)) - raft.server.log.queue.byte-limit = 2147483647 (custom)
2019-09-19 11:17:14,493 [pool-208-thread-1] INFO  server.RaftServerConfigKeys (ConfUtils.java:logGet(43)) - raft.server.log.queue.element-limit = 1024 (custom)
2019-09-19 11:17:14,493 [pool-208-thread-1] INFO  server.RaftServerConfigKeys (ConfUtils.java:logGet(43)) - raft.server.log.segment.size.max = 1048576 (custom)
2019-09-19 11:17:14,493 [pool-208-thread-1] INFO  server.RaftServerConfigKeys (ConfUtils.java:logGet(43)) - raft.server.log.preallocated.size = 16384 (custom)
2019-09-19 11:17:14,493 [pool-208-thread-1] INFO  server.RaftServerConfigKeys (ConfUtils.java:logGet(43)) - raft.server.log.write.buffer.size = 33554432 (custom)
2019-09-19 11:17:14,493 [pool-208-thread-1] INFO  server.RaftServerConfigKeys (ConfUtils.java:logGet(43)) - raft.server.log.force.sync.num = 128 (default)
2019-09-19 11:17:14,493 [pool-208-thread-1] INFO  server.RaftServerConfigKeys (ConfUtils.java:logGet(43)) - raft.server.log.statemachine.data.sync = true (default)
2019-09-19 11:17:14,493 [pool-208-thread-1] INFO  server.RaftServerConfigKeys (ConfUtils.java:logGet(43)) - raft.server.log.statemachine.data.sync.timeout = 10s (default)
2019-09-19 11:17:14,493 [pool-208-thread-1] INFO  server.RaftServerConfigKeys (ConfUtils.java:logGet(43)) - raft.server.log.statemachine.data.sync.timeout.retry = -1 (default)
2019-09-19 11:17:14,494 [pool-208-thread-1] INFO  server.RaftServerConfigKeys (ConfUtils.java:logGet(43)) - raft.server.log.statemachine.data.caching.enabled = true (custom)
2019-09-19 11:17:14,494 [pool-208-thread-1] INFO  segmented.SegmentedRaftLogWorker (SegmentedRaftLogWorker.java:lambda$new$0(132)) - 4e680362-d5f1-4b95-84d9-ab1f740da74c-SegmentedRaftLogWorker:Storage Directory /workdir/hadoop-ozone/integration-test/target/test-dir/MiniOzoneClusterImpl-98b5687d-2982-4c4e-aef5-e1e97daefe6b/datanode-2/data/ratis/6a3eb2d1-04a4-4f20-8fab-e2793d91883a: flushIndex: setUnconditionally 0 -> -1
2019-09-19 11:17:14,494 [pool-208-thread-1] INFO  server.RaftServerConfigKeys (ConfUtils.java:logGet(43)) - raft.server.snapshot.auto.trigger.enabled = true (custom)
2019-09-19 11:17:14,494 [pool-208-thread-1] INFO  server.RaftServerConfigKeys (ConfUtils.java:logGet(43)) - raft.server.snapshot.auto.trigger.threshold = 10000 (custom)
2019-09-19 11:17:14,494 [pool-208-thread-1] INFO  server.RaftServerConfigKeys (ConfUtils.java:logGet(43)) - raft.server.retrycache.expirytime = 600000ms (custom)
2019-09-19 11:17:14,494 [pool-208-thread-1] INFO  impl.RaftServerImpl (RaftServerImpl.java:start(180)) - 4e680362-d5f1-4b95-84d9-ab1f740da74c: start group-E2793D91883A
2019-09-19 11:17:14,495 [pool-208-thread-1] INFO  impl.RaftServerImpl (RaftServerImpl.java:setRole(171)) - 4e680362-d5f1-4b95-84d9-ab1f740da74c:group-E2793D91883A changes role from null to FOLLOWER at term 0 for startAsFollower
2019-09-19 11:17:14,495 [pool-208-thread-1] INFO  impl.RoleInfo (RoleInfo.java:updateAndGet(143)) - 4e680362-d5f1-4b95-84d9-ab1f740da74c: start FollowerState
2019-09-19 11:17:14,495 [pool-208-thread-1] INFO  util.JmxRegister (JmxRegister.java:tryRegister(44)) - Successfully registered JMX Bean with object name Ratis:service=RaftServer,group=group-E2793D91883A,id=4e680362-d5f1-4b95-84d9-ab1f740da74c
2019-09-19 11:17:14,498 [RatisPipelineUtilsThread] INFO  pipeline.PipelineStateManager (PipelineStateManager.java:addPipeline(56)) - Created pipeline Pipeline[ Id: 6a3eb2d1-04a4-4f20-8fab-e2793d91883a, Nodes: 4e680362-d5f1-4b95-84d9-ab1f740da74c{ip: 192.168.157.226, host: pr-hdds-1569-swxfz-3172132826, networkLocation: /default-rack, certSerialId: null}, Type:RATIS, Factor:ONE, State:OPEN]
2019-09-19 11:17:14,498 [RatisPipelineUtilsThread] ERROR pipeline.PipelinePlacementPolicy (PipelinePlacementPolicy.java:meetCriteria(91)) - Pipeline Placement: Doesn't meet the criteria to be viable node. Heaviness: 6
2019-09-19 11:17:14,498 [RatisPipelineUtilsThread] ERROR pipeline.PipelinePlacementPolicy (PipelinePlacementPolicy.java:meetCriteria(91)) - Pipeline Placement: Doesn't meet the criteria to be viable node. Heaviness: 6
2019-09-19 11:17:14,504 [grpc-default-executor-0] INFO  impl.RaftServerProxy (RaftServerProxy.java:addNew(89)) - 4e680362-d5f1-4b95-84d9-ab1f740da74c: addNew group-1534A3FB6C29:[4e680362-d5f1-4b95-84d9-ab1f740da74c:192.168.157.226:46602] returns group-1534A3FB6C29:java.util.concurrent.CompletableFuture@6532d73c[Not completed]
2019-09-19 11:17:14,504 [pool-208-thread-1] INFO  impl.RaftServerImpl (RaftServerImpl.java:<init>(93)) - 4e680362-d5f1-4b95-84d9-ab1f740da74c: new RaftServerImpl for group-1534A3FB6C29:[4e680362-d5f1-4b95-84d9-ab1f740da74c:192.168.157.226:46602] with ContainerStateMachine:uninitialized
2019-09-19 11:17:14,504 [pool-208-thread-1] INFO  server.RaftServerConfigKeys (ConfUtils.java:logGet(43)) - raft.server.rpc.timeout.min = 5s (custom)
2019-09-19 11:17:14,505 [pool-208-thread-1] INFO  server.RaftServerConfigKeys (ConfUtils.java:logGet(43)) - raft.server.rpc.timeout.max = 5200ms (custom)
2019-09-19 11:17:14,505 [pool-208-thread-1] INFO  server.RaftServerConfigKeys (ConfUtils.java:logGet(43)) - raft.server.rpcslowness.timeout = 120s (custom)
2019-09-19 11:17:14,505 [pool-208-thread-1] INFO  server.RaftServerConfigKeys (ConfUtils.java:logGet(43)) - raft.server.sleep.deviation.threshold = 300 (default)
2019-09-19 11:17:14,505 [pool-208-thread-1] INFO  server.RaftServerConfigKeys (ConfUtils.java:logGet(43)) - raft.server.log.appender.install.snapshot.enabled = false (custom)
2019-09-19 11:17:14,505 [pool-208-thread-1] INFO  impl.RaftServerImpl (ServerState.java:<init>(105)) - 4e680362-d5f1-4b95-84d9-ab1f740da74c:group-1534A3FB6C29 ConfigurationManager, init=-1: [4e680362-d5f1-4b95-84d9-ab1f740da74c:192.168.157.226:46602], old=null, confs=<EMPTY_MAP>
2019-09-19 11:17:14,505 [pool-208-thread-1] INFO  server.RaftServerConfigKeys (ConfUtils.java:logGet(43)) - raft.server.storage.dir = [/workdir/hadoop-ozone/integration-test/target/test-dir/MiniOzoneClusterImpl-98b5687d-2982-4c4e-aef5-e1e97daefe6b/datanode-2/data/ratis] (custom)
2019-09-19 11:17:14,505 [pool-208-thread-1] INFO  storage.RaftStorageDirectory (RaftStorageDirectory.java:analyzeStorage(246)) - The storage directory /workdir/hadoop-ozone/integration-test/target/test-dir/MiniOzoneClusterImpl-98b5687d-2982-4c4e-aef5-e1e97daefe6b/datanode-2/data/ratis/cdd38efd-4001-447e-bf13-1534a3fb6c29 does not exist. Creating ...
2019-09-19 11:17:14,518 [pool-208-thread-1] INFO  storage.RaftStorageDirectory (RaftStorageDirectory.java:tryLock(328)) - Lock on /workdir/hadoop-ozone/integration-test/target/test-dir/MiniOzoneClusterImpl-98b5687d-2982-4c4e-aef5-e1e97daefe6b/datanode-2/data/ratis/cdd38efd-4001-447e-bf13-1534a3fb6c29/in_use.lock acquired by nodename 20864@pr-hdds-1569-swxfz-3172132826
2019-09-19 11:17:14,531 [pool-208-thread-1] INFO  storage.RaftStorage (RaftStorage.java:format(72)) - Storage directory /workdir/hadoop-ozone/integration-test/target/test-dir/MiniOzoneClusterImpl-98b5687d-2982-4c4e-aef5-e1e97daefe6b/datanode-2/data/ratis/cdd38efd-4001-447e-bf13-1534a3fb6c29 has been successfully formatted.
2019-09-19 11:17:14,531 [pool-208-thread-1] INFO  ratis.ContainerStateMachine (ContainerStateMachine.java:loadSnapshot(226)) - group-1534A3FB6C29: The snapshot info is null. Setting the last applied indexto:(t:0, i:~)
2019-09-19 11:17:14,531 [pool-208-thread-1] INFO  server.RaftServerConfigKeys (ConfUtils.java:logGet(43)) - raft.server.leader.election.timeout = 120s (custom)
2019-09-19 11:17:14,531 [pool-208-thread-1] INFO  server.RaftServerConfigKeys (ConfUtils.java:logGet(43)) - raft.server.log.use.memory = false (default)
2019-09-19 11:17:14,531 [pool-208-thread-1] INFO  server.RaftServerConfigKeys (ConfUtils.java:logGet(43)) - raft.server.log.purge.gap = 1000000 (custom)
2019-09-19 11:17:14,531 [pool-208-thread-1] INFO  server.RaftServerConfigKeys (ConfUtils.java:logGet(43)) - raft.server.log.appender.buffer.byte-limit = 33554432 (custom)
2019-09-19 11:17:14,531 [pool-208-thread-1] INFO  server.RaftServerConfigKeys (ConfUtils.java:logGet(43)) - raft.server.log.segment.size.max = 1048576 (custom)
2019-09-19 11:17:14,532 [pool-208-thread-1] INFO  server.RaftServerConfigKeys (ConfUtils.java:logGet(43)) - raft.server.log.segment.cache.num.max = 2 (custom)
2019-09-19 11:17:14,532 [pool-208-thread-1] INFO  segmented.SegmentedRaftLogWorker (SegmentedRaftLogWorker.java:<init>(172)) - new 4e680362-d5f1-4b95-84d9-ab1f740da74c-SegmentedRaftLogWorker:Storage Directory /workdir/hadoop-ozone/integration-test/target/test-dir/MiniOzoneClusterImpl-98b5687d-2982-4c4e-aef5-e1e97daefe6b/datanode-2/data/ratis/cdd38efd-4001-447e-bf13-1534a3fb6c29 for RaftStorage:Storage Directory /workdir/hadoop-ozone/integration-test/target/test-dir/MiniOzoneClusterImpl-98b5687d-2982-4c4e-aef5-e1e97daefe6b/datanode-2/data/ratis/cdd38efd-4001-447e-bf13-1534a3fb6c29
2019-09-19 11:17:14,532 [pool-208-thread-1] INFO  server.RaftServerConfigKeys (ConfUtils.java:logGet(43)) - raft.server.log.queue.byte-limit = 2147483647 (custom)
2019-09-19 11:17:14,532 [pool-208-thread-1] INFO  server.RaftServerConfigKeys (ConfUtils.java:logGet(43)) - raft.server.log.queue.element-limit = 1024 (custom)
2019-09-19 11:17:14,532 [pool-208-thread-1] INFO  server.RaftServerConfigKeys (ConfUtils.java:logGet(43)) - raft.server.log.segment.size.max = 1048576 (custom)
2019-09-19 11:17:14,532 [pool-208-thread-1] INFO  server.RaftServerConfigKeys (ConfUtils.java:logGet(43)) - raft.server.log.preallocated.size = 16384 (custom)
2019-09-19 11:17:14,532 [pool-208-thread-1] INFO  server.RaftServerConfigKeys (ConfUtils.java:logGet(43)) - raft.server.log.write.buffer.size = 33554432 (custom)
2019-09-19 11:17:14,532 [pool-208-thread-1] INFO  server.RaftServerConfigKeys (ConfUtils.java:logGet(43)) - raft.server.log.force.sync.num = 128 (default)
2019-09-19 11:17:14,532 [pool-208-thread-1] INFO  server.RaftServerConfigKeys (ConfUtils.java:logGet(43)) - raft.server.log.statemachine.data.sync = true (default)
2019-09-19 11:17:14,532 [pool-208-thread-1] INFO  server.RaftServerConfigKeys (ConfUtils.java:logGet(43)) - raft.server.log.statemachine.data.sync.timeout = 10s (default)
2019-09-19 11:17:14,533 [pool-208-thread-1] INFO  server.RaftServerConfigKeys (ConfUtils.java:logGet(43)) - raft.server.log.statemachine.data.sync.timeout.retry = -1 (default)
2019-09-19 11:17:14,533 [pool-208-thread-1] INFO  server.RaftServerConfigKeys (ConfUtils.java:logGet(43)) - raft.server.log.statemachine.data.caching.enabled = true (custom)
2019-09-19 11:17:14,533 [pool-208-thread-1] INFO  segmented.SegmentedRaftLogWorker (SegmentedRaftLogWorker.java:lambda$new$0(132)) - 4e680362-d5f1-4b95-84d9-ab1f740da74c-SegmentedRaftLogWorker:Storage Directory /workdir/hadoop-ozone/integration-test/target/test-dir/MiniOzoneClusterImpl-98b5687d-2982-4c4e-aef5-e1e97daefe6b/datanode-2/data/ratis/cdd38efd-4001-447e-bf13-1534a3fb6c29: flushIndex: setUnconditionally 0 -> -1
2019-09-19 11:17:14,533 [pool-208-thread-1] INFO  server.RaftServerConfigKeys (ConfUtils.java:logGet(43)) - raft.server.snapshot.auto.trigger.enabled = true (custom)
2019-09-19 11:17:14,533 [pool-208-thread-1] INFO  server.RaftServerConfigKeys (ConfUtils.java:logGet(43)) - raft.server.snapshot.auto.trigger.threshold = 10000 (custom)
2019-09-19 11:17:14,533 [pool-208-thread-1] INFO  server.RaftServerConfigKeys (ConfUtils.java:logGet(43)) - raft.server.retrycache.expirytime = 600000ms (custom)
2019-09-19 11:17:14,534 [pool-208-thread-1] INFO  impl.RaftServerImpl (RaftServerImpl.java:start(180)) - 4e680362-d5f1-4b95-84d9-ab1f740da74c: start group-1534A3FB6C29
2019-09-19 11:17:14,534 [pool-208-thread-1] INFO  impl.RaftServerImpl (RaftServerImpl.java:setRole(171)) - 4e680362-d5f1-4b95-84d9-ab1f740da74c:group-1534A3FB6C29 changes role from null to FOLLOWER at term 0 for startAsFollower
2019-09-19 11:17:14,534 [pool-208-thread-1] INFO  impl.RoleInfo (RoleInfo.java:updateAndGet(143)) - 4e680362-d5f1-4b95-84d9-ab1f740da74c: start FollowerState
2019-09-19 11:17:14,534 [pool-208-thread-1] INFO  util.JmxRegister (JmxRegister.java:tryRegister(44)) - Successfully registered JMX Bean with object name Ratis:service=RaftServer,group=group-1534A3FB6C29,id=4e680362-d5f1-4b95-84d9-ab1f740da74c
2019-09-19 11:17:14,537 [RatisPipelineUtilsThread] INFO  pipeline.PipelineStateManager (PipelineStateManager.java:addPipeline(56)) - Created pipeline Pipeline[ Id: cdd38efd-4001-447e-bf13-1534a3fb6c29, Nodes: 4e680362-d5f1-4b95-84d9-ab1f740da74c{ip: 192.168.157.226, host: pr-hdds-1569-swxfz-3172132826, networkLocation: /default-rack, certSerialId: null}, Type:RATIS, Factor:ONE, State:OPEN]
2019-09-19 11:17:14,537 [RatisPipelineUtilsThread] ERROR pipeline.PipelinePlacementPolicy (PipelinePlacementPolicy.java:meetCriteria(91)) - Pipeline Placement: Doesn't meet the criteria to be viable node. Heaviness: 6
2019-09-19 11:17:14,537 [RatisPipelineUtilsThread] ERROR pipeline.PipelinePlacementPolicy (PipelinePlacementPolicy.java:meetCriteria(91)) - Pipeline Placement: Doesn't meet the criteria to be viable node. Heaviness: 6
2019-09-19 11:17:14,537 [RatisPipelineUtilsThread] ERROR pipeline.PipelinePlacementPolicy (PipelinePlacementPolicy.java:meetCriteria(91)) - Pipeline Placement: Doesn't meet the criteria to be viable node. Heaviness: 6
2019-09-19 11:17:14,538 [RatisPipelineUtilsThread] ERROR pipeline.PipelinePlacementPolicy (PipelinePlacementPolicy.java:filterViableNodes(146)) - Unable to find enough nodes that meet the criteria that cannot engage in more than 5 pipelines. Nodes required: 1 Found: 0, healthy nodes count inNodeManager: 3.
2019-09-19 11:17:14,538 [RatisPipelineUtilsThread] ERROR pipeline.SCMPipelineManager (SCMPipelineManager.java:createPipeline(161)) - Pipeline creation failed due to exception: Unable to find enough nodes that meet the criteria that cannot engage in more than 5 pipelines. Nodes required: 1 Found: 0, healthy nodes count inNodeManager: 3.
2019-09-19 11:17:14,538 [RatisPipelineUtilsThread] ERROR pipeline.PipelinePlacementPolicy (PipelinePlacementPolicy.java:meetCriteria(91)) - Pipeline Placement: Doesn't meet the criteria to be viable node. Heaviness: 6
2019-09-19 11:17:14,538 [RatisPipelineUtilsThread] ERROR pipeline.PipelinePlacementPolicy (PipelinePlacementPolicy.java:meetCriteria(91)) - Pipeline Placement: Doesn't meet the criteria to be viable node. Heaviness: 6
2019-09-19 11:17:14,538 [RatisPipelineUtilsThread] ERROR pipeline.PipelinePlacementPolicy (PipelinePlacementPolicy.java:meetCriteria(91)) - Pipeline Placement: Doesn't meet the criteria to be viable node. Heaviness: 6
2019-09-19 11:17:14,538 [RatisPipelineUtilsThread] ERROR pipeline.PipelinePlacementPolicy (PipelinePlacementPolicy.java:filterViableNodes(146)) - Unable to find enough nodes that meet the criteria that cannot engage in more than 5 pipelines. Nodes required: 3 Found: 0, healthy nodes count inNodeManager: 3.
2019-09-19 11:17:14,538 [RatisPipelineUtilsThread] ERROR pipeline.SCMPipelineManager (SCMPipelineManager.java:createPipeline(161)) - Pipeline creation failed due to exception: Unable to find enough nodes that meet the criteria that cannot engage in more than 5 pipelines. Nodes required: 3 Found: 0, healthy nodes count inNodeManager: 3.
2019-09-19 11:17:14,539 [RatisPipelineUtilsThread] ERROR pipeline.PipelinePlacementPolicy (PipelinePlacementPolicy.java:meetCriteria(91)) - Pipeline Placement: Doesn't meet the criteria to be viable node. Heaviness: 6
2019-09-19 11:17:14,539 [RatisPipelineUtilsThread] ERROR pipeline.PipelinePlacementPolicy (PipelinePlacementPolicy.java:meetCriteria(91)) - Pipeline Placement: Doesn't meet the criteria to be viable node. Heaviness: 6
2019-09-19 11:17:14,539 [RatisPipelineUtilsThread] ERROR pipeline.PipelinePlacementPolicy (PipelinePlacementPolicy.java:meetCriteria(91)) - Pipeline Placement: Doesn't meet the criteria to be viable node. Heaviness: 6
2019-09-19 11:17:14,539 [RatisPipelineUtilsThread] ERROR pipeline.PipelinePlacementPolicy (PipelinePlacementPolicy.java:filterViableNodes(146)) - Unable to find enough nodes that meet the criteria that cannot engage in more than 5 pipelines. Nodes required: 1 Found: 0, healthy nodes count inNodeManager: 3.
2019-09-19 11:17:14,539 [RatisPipelineUtilsThread] ERROR pipeline.SCMPipelineManager (SCMPipelineManager.java:createPipeline(161)) - Pipeline creation failed due to exception: Unable to find enough nodes that meet the criteria that cannot engage in more than 5 pipelines. Nodes required: 1 Found: 0, healthy nodes count inNodeManager: 3.
2019-09-19 11:17:14,539 [RatisPipelineUtilsThread] ERROR pipeline.PipelinePlacementPolicy (PipelinePlacementPolicy.java:meetCriteria(91)) - Pipeline Placement: Doesn't meet the criteria to be viable node. Heaviness: 6
2019-09-19 11:17:14,539 [RatisPipelineUtilsThread] ERROR pipeline.PipelinePlacementPolicy (PipelinePlacementPolicy.java:meetCriteria(91)) - Pipeline Placement: Doesn't meet the criteria to be viable node. Heaviness: 6
2019-09-19 11:17:14,540 [RatisPipelineUtilsThread] ERROR pipeline.PipelinePlacementPolicy (PipelinePlacementPolicy.java:meetCriteria(91)) - Pipeline Placement: Doesn't meet the criteria to be viable node. Heaviness: 6
2019-09-19 11:17:14,540 [RatisPipelineUtilsThread] ERROR pipeline.PipelinePlacementPolicy (PipelinePlacementPolicy.java:filterViableNodes(146)) - Unable to find enough nodes that meet the criteria that cannot engage in more than 5 pipelines. Nodes required: 3 Found: 0, healthy nodes count inNodeManager: 3.
2019-09-19 11:17:14,540 [RatisPipelineUtilsThread] ERROR pipeline.SCMPipelineManager (SCMPipelineManager.java:createPipeline(161)) - Pipeline creation failed due to exception: Unable to find enough nodes that meet the criteria that cannot engage in more than 5 pipelines. Nodes required: 3 Found: 0, healthy nodes count inNodeManager: 3.
2019-09-19 11:17:15,195 [main] INFO  ozone.MiniOzoneClusterImpl (MiniOzoneClusterImpl.java:lambda$waitForClusterToBeReady$0(142)) - Cluster is ready. Got 3 of 3 DN Heartbeats.
2019-09-19 11:17:15,196 [main] ERROR pipeline.PipelinePlacementPolicy (PipelinePlacementPolicy.java:meetCriteria(91)) - Pipeline Placement: Doesn't meet the criteria to be viable node. Heaviness: 6
2019-09-19 11:17:15,196 [main] ERROR pipeline.PipelinePlacementPolicy (PipelinePlacementPolicy.java:meetCriteria(91)) - Pipeline Placement: Doesn't meet the criteria to be viable node. Heaviness: 6
2019-09-19 11:17:15,196 [main] ERROR pipeline.PipelinePlacementPolicy (PipelinePlacementPolicy.java:meetCriteria(91)) - Pipeline Placement: Doesn't meet the criteria to be viable node. Heaviness: 6
2019-09-19 11:17:15,197 [main] ERROR pipeline.PipelinePlacementPolicy (PipelinePlacementPolicy.java:filterViableNodes(146)) - Unable to find enough nodes that meet the criteria that cannot engage in more than 5 pipelines. Nodes required: 3 Found: 0, healthy nodes count inNodeManager: 3.
2019-09-19 11:17:15,197 [main] ERROR pipeline.SCMPipelineManager (SCMPipelineManager.java:createPipeline(161)) - Pipeline creation failed due to exception: Unable to find enough nodes that meet the criteria that cannot engage in more than 5 pipelines. Nodes required: 3 Found: 0, healthy nodes count inNodeManager: 3.
2019-09-19 11:17:15,197 [main] INFO  ozone.MiniOzoneClusterImpl (MiniOzoneClusterImpl.java:shutdown(321)) - Shutting down the Mini Ozone Cluster
2019-09-19 11:17:15,198 | INFO  | SCMAudit | user=null | ip=null | op=GET_SCM_INFO null | ret=SUCCESS |  
2019-09-19 11:17:15,198 [main] INFO  ozone.MiniOzoneClusterImpl (MiniOzoneClusterImpl.java:stop(336)) - Stopping the Mini Ozone Cluster
2019-09-19 11:17:15,198 [main] INFO  ozone.MiniOzoneClusterImpl (MiniOzoneClusterImpl.java:stop(338)) - Stopping the OzoneManager
2019-09-19 11:17:15,199 [main] INFO  ipc.Server (Server.java:stop(3082)) - Stopping server on 44117
2019-09-19 11:17:15,204 [IPC Server listener on 44117] INFO  ipc.Server (Server.java:run(1185)) - Stopping IPC Server listener on 44117
2019-09-19 11:17:15,209 [main] INFO  ratis.OzoneManagerDoubleBuffer (OzoneManagerDoubleBuffer.java:stop(248)) - Stopping OMDoubleBuffer flush thread
2019-09-19 11:17:15,209 [IPC Server Responder] INFO  ipc.Server (Server.java:run(1319)) - Stopping IPC Server Responder
2019-09-19 11:17:15,218 [OMDoubleBufferFlushThread] INFO  ratis.OzoneManagerDoubleBuffer (OzoneManagerDoubleBuffer.java:flushTransactions(191)) - OMDoubleBuffer flush thread OMDoubleBufferFlushThread is interrupted and will exit. OMDoubleBufferFlushThread
2019-09-19 11:17:15,218 [main] INFO  utils.BackgroundService (BackgroundService.java:shutdown(148)) - Shutting down service KeyDeletingService
2019-09-19 11:17:15,220 [main] INFO  handler.ContextHandler (ContextHandler.java:doStop(910)) - Stopped o.e.j.w.WebAppContext@4b360972{/,null,UNAVAILABLE}{/ozoneManager}
2019-09-19 11:17:15,221 [main] INFO  server.AbstractConnector (AbstractConnector.java:doStop(318)) - Stopped ServerConnector@793d09e{HTTP/1.1,[http/1.1]}{0.0.0.0:0}
2019-09-19 11:17:15,221 [main] INFO  handler.ContextHandler (ContextHandler.java:doStop(910)) - Stopped o.e.j.s.ServletContextHandler@5ddb302{/static,file:///workdir/hadoop-ozone/integration-test/target/test-classes/webapps/static,UNAVAILABLE}
2019-09-19 11:17:15,222 [main] INFO  handler.ContextHandler (ContextHandler.java:doStop(910)) - Stopped o.e.j.s.ServletContextHandler@223cbf0d{/logs,file:///workdir/hadoop-ozone/integration-test/target/log,UNAVAILABLE}
2019-09-19 11:17:15,224 [main] INFO  ozone.MiniOzoneClusterImpl (MiniOzoneClusterImpl.java:stop(344)) - Shutting the HddsDatanodes
2019-09-19 11:17:15,225 [main] INFO  datanode.ObjectStoreHandler (ObjectStoreHandler.java:close(155)) - Closing ObjectStoreHandler.
2019-09-19 11:17:15,225 [ForkJoinPool.commonPool-worker-1] INFO  datanode.ObjectStoreHandler (ObjectStoreHandler.java:close(155)) - Closing ObjectStoreHandler.
2019-09-19 11:17:15,226 [main] INFO  ozone.HddsDatanodeService (HddsDatanodeService.java:stop(451)) - Stopped plug-in org.apache.hadoop.ozone.web.OzoneHddsDatanodeService@56499781
2019-09-19 11:17:15,226 [ForkJoinPool.commonPool-worker-1] INFO  ozone.HddsDatanodeService (HddsDatanodeService.java:stop(451)) - Stopped plug-in org.apache.hadoop.ozone.web.OzoneHddsDatanodeService@218f2f51
2019-09-19 11:17:15,789 [Datanode State Machine Thread - 0] INFO  statemachine.DatanodeStateMachine (DatanodeStateMachine.java:lambda$startDaemon$0(350)) - Ozone container server started.
2019-09-19 11:17:15,996 [Datanode State Machine Thread - 0] INFO  statemachine.DatanodeStateMachine (DatanodeStateMachine.java:lambda$startDaemon$0(350)) - Ozone container server started.
2019-09-19 11:17:16,197 | INFO  | SCMAudit | user=jenkins1000 | ip=192.168.157.226 | op=SEND_HEARTBEAT {datanodeUUID=4e680362-d5f1-4b95-84d9-ab1f740da74c, command=[]} | ret=SUCCESS |  
2019-09-19 11:17:16,797 [Thread-966] INFO  container.ReplicationManager (ReplicationManager.java:start(151)) - Starting Replication Monitor Thread.
2019-09-19 11:17:16,799 [ReplicationMonitor] INFO  container.ReplicationManager (ReplicationManager.java:run(214)) - Replication Monitor Thread took 0 milliseconds for processing 0 containers.
2019-09-19 11:17:17,198 | INFO  | SCMAudit | user=jenkins1000 | ip=192.168.157.226 | op=SEND_HEARTBEAT {datanodeUUID=4e680362-d5f1-4b95-84d9-ab1f740da74c, command=[]} | ret=SUCCESS |  
2019-09-19 11:17:18,197 | INFO  | SCMAudit | user=jenkins1000 | ip=192.168.157.226 | op=SEND_HEARTBEAT {datanodeUUID=4e680362-d5f1-4b95-84d9-ab1f740da74c, command=[]} | ret=SUCCESS |  
2019-09-19 11:17:18,853 [Thread-968] INFO  impl.FollowerState (FollowerState.java:run(106)) - 01520e7f-d70f-4779-806a-955dc689a5b3:group-9E7F2FBB8F89 changes to CANDIDATE, lastRpcTime:5012, electionTimeout:5012ms
2019-09-19 11:17:18,853 [Thread-968] INFO  impl.RoleInfo (RoleInfo.java:shutdownFollowerState(121)) - 01520e7f-d70f-4779-806a-955dc689a5b3: shutdown FollowerState
2019-09-19 11:17:18,853 [Thread-968] INFO  impl.RaftServerImpl (RaftServerImpl.java:setRole(171)) - 01520e7f-d70f-4779-806a-955dc689a5b3:group-9E7F2FBB8F89 changes role from FOLLOWER to CANDIDATE at term 0 for changeToCandidate
2019-09-19 11:17:18,854 [Thread-968] INFO  impl.RoleInfo (RoleInfo.java:updateAndGet(143)) - 01520e7f-d70f-4779-806a-955dc689a5b3: start LeaderElection
2019-09-19 11:17:18,867 [01520e7f-d70f-4779-806a-955dc689a5b3:group-9E7F2FBB8F89:LeaderElection55] INFO  impl.LeaderElection (LeaderElection.java:askForVotes(181)) - 01520e7f-d70f-4779-806a-955dc689a5b3:group-9E7F2FBB8F89:LeaderElection55: begin an election at term 1 for -1: [01520e7f-d70f-4779-806a-955dc689a5b3:192.168.157.226:43882], old=null
2019-09-19 11:17:18,868 [01520e7f-d70f-4779-806a-955dc689a5b3:group-9E7F2FBB8F89:LeaderElection55] INFO  impl.RoleInfo (RoleInfo.java:shutdownLeaderElection(134)) - 01520e7f-d70f-4779-806a-955dc689a5b3: shutdown LeaderElection
2019-09-19 11:17:18,868 [01520e7f-d70f-4779-806a-955dc689a5b3:group-9E7F2FBB8F89:LeaderElection55] INFO  impl.RaftServerImpl (RaftServerImpl.java:setRole(171)) - 01520e7f-d70f-4779-806a-955dc689a5b3:group-9E7F2FBB8F89 changes role from CANDIDATE to LEADER at term 1 for changeToLeader
2019-09-19 11:17:18,868 [01520e7f-d70f-4779-806a-955dc689a5b3:group-9E7F2FBB8F89:LeaderElection55] INFO  impl.RaftServerImpl (ServerState.java:setLeader(263)) - 01520e7f-d70f-4779-806a-955dc689a5b3:group-9E7F2FBB8F89 change Leader from null to 01520e7f-d70f-4779-806a-955dc689a5b3 at term 1 for becomeLeader, leader elected after 5030ms
2019-09-19 11:17:18,868 [01520e7f-d70f-4779-806a-955dc689a5b3:group-9E7F2FBB8F89:LeaderElection55] INFO  server.RaftServerConfigKeys (ConfUtils.java:logGet(43)) - raft.server.staging.catchup.gap = 1000 (default)
2019-09-19 11:17:18,868 [01520e7f-d70f-4779-806a-955dc689a5b3:group-9E7F2FBB8F89:LeaderElection55] INFO  server.RaftServerConfigKeys (ConfUtils.java:logGet(43)) - raft.server.rpc.sleep.time = 25ms (default)
2019-09-19 11:17:18,868 [01520e7f-d70f-4779-806a-955dc689a5b3:group-9E7F2FBB8F89:LeaderElection55] INFO  server.RaftServerConfigKeys (ConfUtils.java:logGet(43)) - raft.server.write.element-limit = 4096 (default)
2019-09-19 11:17:18,868 [01520e7f-d70f-4779-806a-955dc689a5b3:group-9E7F2FBB8F89:LeaderElection55] INFO  server.RaftServerConfigKeys (ConfUtils.java:logGet(43)) - raft.server.watch.timeout = 10s (default)
2019-09-19 11:17:18,869 [01520e7f-d70f-4779-806a-955dc689a5b3:group-9E7F2FBB8F89:LeaderElection55] INFO  server.RaftServerConfigKeys (ConfUtils.java:logGet(43)) - raft.server.watch.timeout.denomination = 1s (default)
2019-09-19 11:17:18,869 [01520e7f-d70f-4779-806a-955dc689a5b3:group-9E7F2FBB8F89:LeaderElection55] INFO  server.RaftServerConfigKeys (ConfUtils.java:logGet(43)) - raft.server.watch.element-limit = 65536 (default)
2019-09-19 11:17:18,869 [01520e7f-d70f-4779-806a-955dc689a5b3:group-9E7F2FBB8F89:LeaderElection55] INFO  impl.RoleInfo (RoleInfo.java:updateAndGet(143)) - 01520e7f-d70f-4779-806a-955dc689a5b3: start LeaderState
2019-09-19 11:17:18,869 [01520e7f-d70f-4779-806a-955dc689a5b3:group-9E7F2FBB8F89:LeaderElection55] INFO  segmented.SegmentedRaftLogWorker (SegmentedRaftLogWorker.java:startLogSegment(380)) - 01520e7f-d70f-4779-806a-955dc689a5b3-SegmentedRaftLogWorker:Storage Directory /workdir/hadoop-ozone/integration-test/target/test-dir/MiniOzoneClusterImpl-98b5687d-2982-4c4e-aef5-e1e97daefe6b/datanode-0/data/ratis/0047ecf4-369a-425d-866b-9e7f2fbb8f89: Starting segment from index:0
2019-09-19 11:17:18,870 [01520e7f-d70f-4779-806a-955dc689a5b3:group-9E7F2FBB8F89:LeaderElection55] INFO  impl.RaftServerImpl (ServerState.java:setRaftConf(361)) - 01520e7f-d70f-4779-806a-955dc689a5b3:group-9E7F2FBB8F89 set configuration 0: [01520e7f-d70f-4779-806a-955dc689a5b3:192.168.157.226:43882], old=null at 0
2019-09-19 11:17:18,902 [01520e7f-d70f-4779-806a-955dc689a5b3-SegmentedRaftLogWorker:Storage Directory /workdir/hadoop-ozone/integration-test/target/test-dir/MiniOzoneClusterImpl-98b5687d-2982-4c4e-aef5-e1e97daefe6b/datanode-0/data/ratis/0047ecf4-369a-425d-866b-9e7f2fbb8f89] INFO  segmented.SegmentedRaftLogWorker (SegmentedRaftLogWorker.java:execute(569)) - 01520e7f-d70f-4779-806a-955dc689a5b3-SegmentedRaftLogWorker:Storage Directory /workdir/hadoop-ozone/integration-test/target/test-dir/MiniOzoneClusterImpl-98b5687d-2982-4c4e-aef5-e1e97daefe6b/datanode-0/data/ratis/0047ecf4-369a-425d-866b-9e7f2fbb8f89: created new log segment /workdir/hadoop-ozone/integration-test/target/test-dir/MiniOzoneClusterImpl-98b5687d-2982-4c4e-aef5-e1e97daefe6b/datanode-0/data/ratis/0047ecf4-369a-425d-866b-9e7f2fbb8f89/current/log_inprogress_0
2019-09-19 11:17:18,999 [Thread-971] INFO  impl.FollowerState (FollowerState.java:run(106)) - 01520e7f-d70f-4779-806a-955dc689a5b3:group-91B6491FB80F changes to CANDIDATE, lastRpcTime:5117, electionTimeout:5117ms
2019-09-19 11:17:18,999 [Thread-971] INFO  impl.RoleInfo (RoleInfo.java:shutdownFollowerState(121)) - 01520e7f-d70f-4779-806a-955dc689a5b3: shutdown FollowerState
2019-09-19 11:17:19,000 [Thread-971] INFO  impl.RaftServerImpl (RaftServerImpl.java:setRole(171)) - 01520e7f-d70f-4779-806a-955dc689a5b3:group-91B6491FB80F changes role from FOLLOWER to CANDIDATE at term 0 for changeToCandidate
2019-09-19 11:17:19,000 [Thread-971] INFO  impl.RoleInfo (RoleInfo.java:updateAndGet(143)) - 01520e7f-d70f-4779-806a-955dc689a5b3: start LeaderElection
2019-09-19 11:17:19,015 [01520e7f-d70f-4779-806a-955dc689a5b3:group-91B6491FB80F:LeaderElection56] INFO  impl.LeaderElection (LeaderElection.java:askForVotes(181)) - 01520e7f-d70f-4779-806a-955dc689a5b3:group-91B6491FB80F:LeaderElection56: begin an election at term 1 for -1: [01520e7f-d70f-4779-806a-955dc689a5b3:192.168.157.226:43882], old=null
2019-09-19 11:17:19,016 [01520e7f-d70f-4779-806a-955dc689a5b3:group-91B6491FB80F:LeaderElection56] INFO  impl.RoleInfo (RoleInfo.java:shutdownLeaderElection(134)) - 01520e7f-d70f-4779-806a-955dc689a5b3: shutdown LeaderElection
2019-09-19 11:17:19,016 [01520e7f-d70f-4779-806a-955dc689a5b3:group-91B6491FB80F:LeaderElection56] INFO  impl.RaftServerImpl (RaftServerImpl.java:setRole(171)) - 01520e7f-d70f-4779-806a-955dc689a5b3:group-91B6491FB80F changes role from CANDIDATE to LEADER at term 1 for changeToLeader
2019-09-19 11:17:19,016 [01520e7f-d70f-4779-806a-955dc689a5b3:group-91B6491FB80F:LeaderElection56] INFO  impl.RaftServerImpl (ServerState.java:setLeader(263)) - 01520e7f-d70f-4779-806a-955dc689a5b3:group-91B6491FB80F change Leader from null to 01520e7f-d70f-4779-806a-955dc689a5b3 at term 1 for becomeLeader, leader elected after 5137ms
2019-09-19 11:17:19,016 [01520e7f-d70f-4779-806a-955dc689a5b3:group-91B6491FB80F:LeaderElection56] INFO  server.RaftServerConfigKeys (ConfUtils.java:logGet(43)) - raft.server.staging.catchup.gap = 1000 (default)
2019-09-19 11:17:19,016 [01520e7f-d70f-4779-806a-955dc689a5b3:group-91B6491FB80F:LeaderElection56] INFO  server.RaftServerConfigKeys (ConfUtils.java:logGet(43)) - raft.server.rpc.sleep.time = 25ms (default)
2019-09-19 11:17:19,016 [01520e7f-d70f-4779-806a-955dc689a5b3:group-91B6491FB80F:LeaderElection56] INFO  server.RaftServerConfigKeys (ConfUtils.java:logGet(43)) - raft.server.write.element-limit = 4096 (default)
2019-09-19 11:17:19,017 [01520e7f-d70f-4779-806a-955dc689a5b3:group-91B6491FB80F:LeaderElection56] INFO  server.RaftServerConfigKeys (ConfUtils.java:logGet(43)) - raft.server.watch.timeout = 10s (default)
2019-09-19 11:17:19,017 [01520e7f-d70f-4779-806a-955dc689a5b3:group-91B6491FB80F:LeaderElection56] INFO  server.RaftServerConfigKeys (ConfUtils.java:logGet(43)) - raft.server.watch.timeout.denomination = 1s (default)
2019-09-19 11:17:19,017 [01520e7f-d70f-4779-806a-955dc689a5b3:group-91B6491FB80F:LeaderElection56] INFO  server.RaftServerConfigKeys (ConfUtils.java:logGet(43)) - raft.server.watch.element-limit = 65536 (default)
2019-09-19 11:17:19,017 [01520e7f-d70f-4779-806a-955dc689a5b3:group-91B6491FB80F:LeaderElection56] INFO  impl.RoleInfo (RoleInfo.java:updateAndGet(143)) - 01520e7f-d70f-4779-806a-955dc689a5b3: start LeaderState
2019-09-19 11:17:19,017 [01520e7f-d70f-4779-806a-955dc689a5b3:group-91B6491FB80F:LeaderElection56] INFO  segmented.SegmentedRaftLogWorker (SegmentedRaftLogWorker.java:startLogSegment(380)) - 01520e7f-d70f-4779-806a-955dc689a5b3-SegmentedRaftLogWorker:Storage Directory /workdir/hadoop-ozone/integration-test/target/test-dir/MiniOzoneClusterImpl-98b5687d-2982-4c4e-aef5-e1e97daefe6b/datanode-0/data/ratis/cfcbd903-af75-4fd2-8208-91b6491fb80f: Starting segment from index:0
2019-09-19 11:17:19,018 [01520e7f-d70f-4779-806a-955dc689a5b3:group-91B6491FB80F:LeaderElection56] INFO  impl.RaftServerImpl (ServerState.java:setRaftConf(361)) - 01520e7f-d70f-4779-806a-955dc689a5b3:group-91B6491FB80F set configuration 0: [01520e7f-d70f-4779-806a-955dc689a5b3:192.168.157.226:43882], old=null at 0
2019-09-19 11:17:19,023 [Thread-974] INFO  impl.FollowerState (FollowerState.java:run(106)) - 01520e7f-d70f-4779-806a-955dc689a5b3:group-8E85120221D9 changes to CANDIDATE, lastRpcTime:5099, electionTimeout:5099ms
2019-09-19 11:17:19,023 [Thread-974] INFO  impl.RoleInfo (RoleInfo.java:shutdownFollowerState(121)) - 01520e7f-d70f-4779-806a-955dc689a5b3: shutdown FollowerState
2019-09-19 11:17:19,023 [Thread-974] INFO  impl.RaftServerImpl (RaftServerImpl.java:setRole(171)) - 01520e7f-d70f-4779-806a-955dc689a5b3:group-8E85120221D9 changes role from FOLLOWER to CANDIDATE at term 0 for changeToCandidate
2019-09-19 11:17:19,023 [Thread-974] INFO  impl.RoleInfo (RoleInfo.java:updateAndGet(143)) - 01520e7f-d70f-4779-806a-955dc689a5b3: start LeaderElection
2019-09-19 11:17:19,065 [Thread-980] INFO  impl.FollowerState (FollowerState.java:run(106)) - 01520e7f-d70f-4779-806a-955dc689a5b3:group-C166A81C7C28 changes to CANDIDATE, lastRpcTime:5058, electionTimeout:5058ms
2019-09-19 11:17:19,065 [Thread-980] INFO  impl.RoleInfo (RoleInfo.java:shutdownFollowerState(121)) - 01520e7f-d70f-4779-806a-955dc689a5b3: shutdown FollowerState
2019-09-19 11:17:19,065 [Thread-980] INFO  impl.RaftServerImpl (RaftServerImpl.java:setRole(171)) - 01520e7f-d70f-4779-806a-955dc689a5b3:group-C166A81C7C28 changes role from FOLLOWER to CANDIDATE at term 0 for changeToCandidate
2019-09-19 11:17:19,065 [Thread-980] INFO  impl.RoleInfo (RoleInfo.java:updateAndGet(143)) - 01520e7f-d70f-4779-806a-955dc689a5b3: start LeaderElection
2019-09-19 11:17:19,068 [01520e7f-d70f-4779-806a-955dc689a5b3-SegmentedRaftLogWorker:Storage Directory /workdir/hadoop-ozone/integration-test/target/test-dir/MiniOzoneClusterImpl-98b5687d-2982-4c4e-aef5-e1e97daefe6b/datanode-0/data/ratis/cfcbd903-af75-4fd2-8208-91b6491fb80f] INFO  segmented.SegmentedRaftLogWorker (SegmentedRaftLogWorker.java:execute(569)) - 01520e7f-d70f-4779-806a-955dc689a5b3-SegmentedRaftLogWorker:Storage Directory /workdir/hadoop-ozone/integration-test/target/test-dir/MiniOzoneClusterImpl-98b5687d-2982-4c4e-aef5-e1e97daefe6b/datanode-0/data/ratis/cfcbd903-af75-4fd2-8208-91b6491fb80f: created new log segment /workdir/hadoop-ozone/integration-test/target/test-dir/MiniOzoneClusterImpl-98b5687d-2982-4c4e-aef5-e1e97daefe6b/datanode-0/data/ratis/cfcbd903-af75-4fd2-8208-91b6491fb80f/current/log_inprogress_0
2019-09-19 11:17:19,069 [01520e7f-d70f-4779-806a-955dc689a5b3:group-8E85120221D9:LeaderElection57] INFO  impl.LeaderElection (LeaderElection.java:askForVotes(181)) - 01520e7f-d70f-4779-806a-955dc689a5b3:group-8E85120221D9:LeaderElection57: begin an election at term 1 for -1: [01520e7f-d70f-4779-806a-955dc689a5b3:192.168.157.226:43882], old=null
2019-09-19 11:17:19,069 [01520e7f-d70f-4779-806a-955dc689a5b3:group-8E85120221D9:LeaderElection57] INFO  impl.RoleInfo (RoleInfo.java:shutdownLeaderElection(134)) - 01520e7f-d70f-4779-806a-955dc689a5b3: shutdown LeaderElection
2019-09-19 11:17:19,069 [01520e7f-d70f-4779-806a-955dc689a5b3:group-8E85120221D9:LeaderElection57] INFO  impl.RaftServerImpl (RaftServerImpl.java:setRole(171)) - 01520e7f-d70f-4779-806a-955dc689a5b3:group-8E85120221D9 changes role from CANDIDATE to LEADER at term 1 for changeToLeader
2019-09-19 11:17:19,069 [01520e7f-d70f-4779-806a-955dc689a5b3:group-8E85120221D9:LeaderElection57] INFO  impl.RaftServerImpl (ServerState.java:setLeader(263)) - 01520e7f-d70f-4779-806a-955dc689a5b3:group-8E85120221D9 change Leader from null to 01520e7f-d70f-4779-806a-955dc689a5b3 at term 1 for becomeLeader, leader elected after 5148ms
2019-09-19 11:17:19,069 [01520e7f-d70f-4779-806a-955dc689a5b3:group-8E85120221D9:LeaderElection57] INFO  server.RaftServerConfigKeys (ConfUtils.java:logGet(43)) - raft.server.staging.catchup.gap = 1000 (default)
2019-09-19 11:17:19,070 [01520e7f-d70f-4779-806a-955dc689a5b3:group-8E85120221D9:LeaderElection57] INFO  server.RaftServerConfigKeys (ConfUtils.java:logGet(43)) - raft.server.rpc.sleep.time = 25ms (default)
2019-09-19 11:17:19,070 [01520e7f-d70f-4779-806a-955dc689a5b3:group-8E85120221D9:LeaderElection57] INFO  server.RaftServerConfigKeys (ConfUtils.java:logGet(43)) - raft.server.write.element-limit = 4096 (default)
2019-09-19 11:17:19,070 [01520e7f-d70f-4779-806a-955dc689a5b3:group-8E85120221D9:LeaderElection57] INFO  server.RaftServerConfigKeys (ConfUtils.java:logGet(43)) - raft.server.watch.timeout = 10s (default)
2019-09-19 11:17:19,070 [01520e7f-d70f-4779-806a-955dc689a5b3:group-8E85120221D9:LeaderElection57] INFO  server.RaftServerConfigKeys (ConfUtils.java:logGet(43)) - raft.server.watch.timeout.denomination = 1s (default)
2019-09-19 11:17:19,071 [01520e7f-d70f-4779-806a-955dc689a5b3:group-8E85120221D9:LeaderElection57] INFO  server.RaftServerConfigKeys (ConfUtils.java:logGet(43)) - raft.server.watch.element-limit = 65536 (default)
2019-09-19 11:17:19,071 [01520e7f-d70f-4779-806a-955dc689a5b3:group-8E85120221D9:LeaderElection57] INFO  impl.RoleInfo (RoleInfo.java:updateAndGet(143)) - 01520e7f-d70f-4779-806a-955dc689a5b3: start LeaderState
2019-09-19 11:17:19,071 [01520e7f-d70f-4779-806a-955dc689a5b3:group-8E85120221D9:LeaderElection57] INFO  segmented.SegmentedRaftLogWorker (SegmentedRaftLogWorker.java:startLogSegment(380)) - 01520e7f-d70f-4779-806a-955dc689a5b3-SegmentedRaftLogWorker:Storage Directory /workdir/hadoop-ozone/integration-test/target/test-dir/MiniOzoneClusterImpl-98b5687d-2982-4c4e-aef5-e1e97daefe6b/datanode-0/data/ratis/01ab4b0f-fbde-422f-aa3f-8e85120221d9: Starting segment from index:0
2019-09-19 11:17:19,075 [01520e7f-d70f-4779-806a-955dc689a5b3:group-8E85120221D9:LeaderElection57] INFO  impl.RaftServerImpl (ServerState.java:setRaftConf(361)) - 01520e7f-d70f-4779-806a-955dc689a5b3:group-8E85120221D9 set configuration 0: [01520e7f-d70f-4779-806a-955dc689a5b3:192.168.157.226:43882], old=null at 0
2019-09-19 11:17:19,082 [01520e7f-d70f-4779-806a-955dc689a5b3:group-C166A81C7C28:LeaderElection58] INFO  impl.LeaderElection (LeaderElection.java:askForVotes(181)) - 01520e7f-d70f-4779-806a-955dc689a5b3:group-C166A81C7C28:LeaderElection58: begin an election at term 1 for -1: [01520e7f-d70f-4779-806a-955dc689a5b3:192.168.157.226:43882], old=null
2019-09-19 11:17:19,082 [01520e7f-d70f-4779-806a-955dc689a5b3:group-C166A81C7C28:LeaderElection58] INFO  impl.RoleInfo (RoleInfo.java:shutdownLeaderElection(134)) - 01520e7f-d70f-4779-806a-955dc689a5b3: shutdown LeaderElection
2019-09-19 11:17:19,082 [01520e7f-d70f-4779-806a-955dc689a5b3:group-C166A81C7C28:LeaderElection58] INFO  impl.RaftServerImpl (RaftServerImpl.java:setRole(171)) - 01520e7f-d70f-4779-806a-955dc689a5b3:group-C166A81C7C28 changes role from CANDIDATE to LEADER at term 1 for changeToLeader
2019-09-19 11:17:19,082 [01520e7f-d70f-4779-806a-955dc689a5b3:group-C166A81C7C28:LeaderElection58] INFO  impl.RaftServerImpl (ServerState.java:setLeader(263)) - 01520e7f-d70f-4779-806a-955dc689a5b3:group-C166A81C7C28 change Leader from null to 01520e7f-d70f-4779-806a-955dc689a5b3 at term 1 for becomeLeader, leader elected after 5080ms
2019-09-19 11:17:19,083 [01520e7f-d70f-4779-806a-955dc689a5b3:group-C166A81C7C28:LeaderElection58] INFO  server.RaftServerConfigKeys (ConfUtils.java:logGet(43)) - raft.server.staging.catchup.gap = 1000 (default)
2019-09-19 11:17:19,083 [01520e7f-d70f-4779-806a-955dc689a5b3:group-C166A81C7C28:LeaderElection58] INFO  server.RaftServerConfigKeys (ConfUtils.java:logGet(43)) - raft.server.rpc.sleep.time = 25ms (default)
2019-09-19 11:17:19,083 [01520e7f-d70f-4779-806a-955dc689a5b3:group-C166A81C7C28:LeaderElection58] INFO  server.RaftServerConfigKeys (ConfUtils.java:logGet(43)) - raft.server.write.element-limit = 4096 (default)
2019-09-19 11:17:19,083 [01520e7f-d70f-4779-806a-955dc689a5b3:group-C166A81C7C28:LeaderElection58] INFO  server.RaftServerConfigKeys (ConfUtils.java:logGet(43)) - raft.server.watch.timeout = 10s (default)
2019-09-19 11:17:19,083 [01520e7f-d70f-4779-806a-955dc689a5b3:group-C166A81C7C28:LeaderElection58] INFO  server.RaftServerConfigKeys (ConfUtils.java:logGet(43)) - raft.server.watch.timeout.denomination = 1s (default)
2019-09-19 11:17:19,083 [01520e7f-d70f-4779-806a-955dc689a5b3:group-C166A81C7C28:LeaderElection58] INFO  server.RaftServerConfigKeys (ConfUtils.java:logGet(43)) - raft.server.watch.element-limit = 65536 (default)
2019-09-19 11:17:19,083 [01520e7f-d70f-4779-806a-955dc689a5b3:group-C166A81C7C28:LeaderElection58] INFO  impl.RoleInfo (RoleInfo.java:updateAndGet(143)) - 01520e7f-d70f-4779-806a-955dc689a5b3: start LeaderState
2019-09-19 11:17:19,083 [01520e7f-d70f-4779-806a-955dc689a5b3:group-C166A81C7C28:LeaderElection58] INFO  segmented.SegmentedRaftLogWorker (SegmentedRaftLogWorker.java:startLogSegment(380)) - 01520e7f-d70f-4779-806a-955dc689a5b3-SegmentedRaftLogWorker:Storage Directory /workdir/hadoop-ozone/integration-test/target/test-dir/MiniOzoneClusterImpl-98b5687d-2982-4c4e-aef5-e1e97daefe6b/datanode-0/data/ratis/bed8117c-9407-4a09-b4cb-c166a81c7c28: Starting segment from index:0
2019-09-19 11:17:19,084 [01520e7f-d70f-4779-806a-955dc689a5b3:group-C166A81C7C28:LeaderElection58] INFO  impl.RaftServerImpl (ServerState.java:setRaftConf(361)) - 01520e7f-d70f-4779-806a-955dc689a5b3:group-C166A81C7C28 set configuration 0: [01520e7f-d70f-4779-806a-955dc689a5b3:192.168.157.226:43882], old=null at 0
2019-09-19 11:17:19,089 [Thread-977] INFO  impl.FollowerState (FollowerState.java:run(106)) - 01520e7f-d70f-4779-806a-955dc689a5b3:group-7050D9BF1F5D changes to CANDIDATE, lastRpcTime:5124, electionTimeout:5124ms
2019-09-19 11:17:19,089 [Thread-977] INFO  impl.RoleInfo (RoleInfo.java:shutdownFollowerState(121)) - 01520e7f-d70f-4779-806a-955dc689a5b3: shutdown FollowerState
2019-09-19 11:17:19,089 [Thread-977] INFO  impl.RaftServerImpl (RaftServerImpl.java:setRole(171)) - 01520e7f-d70f-4779-806a-955dc689a5b3:group-7050D9BF1F5D changes role from FOLLOWER to CANDIDATE at term 0 for changeToCandidate
2019-09-19 11:17:19,089 [Thread-977] INFO  impl.RoleInfo (RoleInfo.java:updateAndGet(143)) - 01520e7f-d70f-4779-806a-955dc689a5b3: start LeaderElection
2019-09-19 11:17:19,119 [Thread-986] INFO  impl.FollowerState (FollowerState.java:run(106)) - e7a9a6a6-ed4d-4d3b-87b5-03d4e3088f46:group-B9F7552BE38C changes to CANDIDATE, lastRpcTime:5014, electionTimeout:5005ms
2019-09-19 11:17:19,119 [Thread-983] INFO  impl.FollowerState (FollowerState.java:run(106)) - 01520e7f-d70f-4779-806a-955dc689a5b3:group-BD9A6B8E080A changes to CANDIDATE, lastRpcTime:5059, electionTimeout:5030ms
2019-09-19 11:17:19,120 [Thread-983] INFO  impl.RoleInfo (RoleInfo.java:shutdownFollowerState(121)) - 01520e7f-d70f-4779-806a-955dc689a5b3: shutdown FollowerState
2019-09-19 11:17:19,120 [Thread-986] INFO  impl.RoleInfo (RoleInfo.java:shutdownFollowerState(121)) - e7a9a6a6-ed4d-4d3b-87b5-03d4e3088f46: shutdown FollowerState
2019-09-19 11:17:19,120 [Thread-983] INFO  impl.RaftServerImpl (RaftServerImpl.java:setRole(171)) - 01520e7f-d70f-4779-806a-955dc689a5b3:group-BD9A6B8E080A changes role from FOLLOWER to CANDIDATE at term 0 for changeToCandidate
2019-09-19 11:17:19,120 [Thread-986] INFO  impl.RaftServerImpl (RaftServerImpl.java:setRole(171)) - e7a9a6a6-ed4d-4d3b-87b5-03d4e3088f46:group-B9F7552BE38C changes role from FOLLOWER to CANDIDATE at term 0 for changeToCandidate
2019-09-19 11:17:19,120 [Thread-983] INFO  impl.RoleInfo (RoleInfo.java:updateAndGet(143)) - 01520e7f-d70f-4779-806a-955dc689a5b3: start LeaderElection
2019-09-19 11:17:19,121 [Thread-986] INFO  impl.RoleInfo (RoleInfo.java:updateAndGet(143)) - e7a9a6a6-ed4d-4d3b-87b5-03d4e3088f46: start LeaderElection
2019-09-19 11:17:19,132 [01520e7f-d70f-4779-806a-955dc689a5b3-SegmentedRaftLogWorker:Storage Directory /workdir/hadoop-ozone/integration-test/target/test-dir/MiniOzoneClusterImpl-98b5687d-2982-4c4e-aef5-e1e97daefe6b/datanode-0/data/ratis/bed8117c-9407-4a09-b4cb-c166a81c7c28] INFO  segmented.SegmentedRaftLogWorker (SegmentedRaftLogWorker.java:execute(569)) - 01520e7f-d70f-4779-806a-955dc689a5b3-SegmentedRaftLogWorker:Storage Directory /workdir/hadoop-ozone/integration-test/target/test-dir/MiniOzoneClusterImpl-98b5687d-2982-4c4e-aef5-e1e97daefe6b/datanode-0/data/ratis/bed8117c-9407-4a09-b4cb-c166a81c7c28: created new log segment /workdir/hadoop-ozone/integration-test/target/test-dir/MiniOzoneClusterImpl-98b5687d-2982-4c4e-aef5-e1e97daefe6b/datanode-0/data/ratis/bed8117c-9407-4a09-b4cb-c166a81c7c28/current/log_inprogress_0
2019-09-19 11:17:19,132 [01520e7f-d70f-4779-806a-955dc689a5b3:group-BD9A6B8E080A:LeaderElection60] INFO  impl.LeaderElection (LeaderElection.java:askForVotes(181)) - 01520e7f-d70f-4779-806a-955dc689a5b3:group-BD9A6B8E080A:LeaderElection60: begin an election at term 1 for -1: [01520e7f-d70f-4779-806a-955dc689a5b3:192.168.157.226:43882], old=null
2019-09-19 11:17:19,132 [e7a9a6a6-ed4d-4d3b-87b5-03d4e3088f46:group-B9F7552BE38C:LeaderElection61] INFO  impl.LeaderElection (LeaderElection.java:askForVotes(181)) - e7a9a6a6-ed4d-4d3b-87b5-03d4e3088f46:group-B9F7552BE38C:LeaderElection61: begin an election at term 1 for -1: [e7a9a6a6-ed4d-4d3b-87b5-03d4e3088f46:192.168.157.226:40977], old=null
2019-09-19 11:17:19,132 [01520e7f-d70f-4779-806a-955dc689a5b3:group-7050D9BF1F5D:LeaderElection59] INFO  impl.LeaderElection (LeaderElection.java:askForVotes(181)) - 01520e7f-d70f-4779-806a-955dc689a5b3:group-7050D9BF1F5D:LeaderElection59: begin an election at term 1 for -1: [01520e7f-d70f-4779-806a-955dc689a5b3:192.168.157.226:43882], old=null
2019-09-19 11:17:19,132 [01520e7f-d70f-4779-806a-955dc689a5b3-SegmentedRaftLogWorker:Storage Directory /workdir/hadoop-ozone/integration-test/target/test-dir/MiniOzoneClusterImpl-98b5687d-2982-4c4e-aef5-e1e97daefe6b/datanode-0/data/ratis/01ab4b0f-fbde-422f-aa3f-8e85120221d9] INFO  segmented.SegmentedRaftLogWorker (SegmentedRaftLogWorker.java:execute(569)) - 01520e7f-d70f-4779-806a-955dc689a5b3-SegmentedRaftLogWorker:Storage Directory /workdir/hadoop-ozone/integration-test/target/test-dir/MiniOzoneClusterImpl-98b5687d-2982-4c4e-aef5-e1e97daefe6b/datanode-0/data/ratis/01ab4b0f-fbde-422f-aa3f-8e85120221d9: created new log segment /workdir/hadoop-ozone/integration-test/target/test-dir/MiniOzoneClusterImpl-98b5687d-2982-4c4e-aef5-e1e97daefe6b/datanode-0/data/ratis/01ab4b0f-fbde-422f-aa3f-8e85120221d9/current/log_inprogress_0
2019-09-19 11:17:19,133 [01520e7f-d70f-4779-806a-955dc689a5b3:group-7050D9BF1F5D:LeaderElection59] INFO  impl.RoleInfo (RoleInfo.java:shutdownLeaderElection(134)) - 01520e7f-d70f-4779-806a-955dc689a5b3: shutdown LeaderElection
2019-09-19 11:17:19,133 [01520e7f-d70f-4779-806a-955dc689a5b3:group-7050D9BF1F5D:LeaderElection59] INFO  impl.RaftServerImpl (RaftServerImpl.java:setRole(171)) - 01520e7f-d70f-4779-806a-955dc689a5b3:group-7050D9BF1F5D changes role from CANDIDATE to LEADER at term 1 for changeToLeader
2019-09-19 11:17:19,133 [e7a9a6a6-ed4d-4d3b-87b5-03d4e3088f46:group-B9F7552BE38C:LeaderElection61] INFO  impl.RoleInfo (RoleInfo.java:shutdownLeaderElection(134)) - e7a9a6a6-ed4d-4d3b-87b5-03d4e3088f46: shutdown LeaderElection
2019-09-19 11:17:19,133 [01520e7f-d70f-4779-806a-955dc689a5b3:group-BD9A6B8E080A:LeaderElection60] INFO  impl.RoleInfo (RoleInfo.java:shutdownLeaderElection(134)) - 01520e7f-d70f-4779-806a-955dc689a5b3: shutdown LeaderElection
2019-09-19 11:17:19,133 [e7a9a6a6-ed4d-4d3b-87b5-03d4e3088f46:group-B9F7552BE38C:LeaderElection61] INFO  impl.RaftServerImpl (RaftServerImpl.java:setRole(171)) - e7a9a6a6-ed4d-4d3b-87b5-03d4e3088f46:group-B9F7552BE38C changes role from CANDIDATE to LEADER at term 1 for changeToLeader
2019-09-19 11:17:19,133 [01520e7f-d70f-4779-806a-955dc689a5b3:group-7050D9BF1F5D:LeaderElection59] INFO  impl.RaftServerImpl (ServerState.java:setLeader(263)) - 01520e7f-d70f-4779-806a-955dc689a5b3:group-7050D9BF1F5D change Leader from null to 01520e7f-d70f-4779-806a-955dc689a5b3 at term 1 for becomeLeader, leader elected after 5172ms
2019-09-19 11:17:19,134 [e7a9a6a6-ed4d-4d3b-87b5-03d4e3088f46:group-B9F7552BE38C:LeaderElection61] INFO  impl.RaftServerImpl (ServerState.java:setLeader(263)) - e7a9a6a6-ed4d-4d3b-87b5-03d4e3088f46:group-B9F7552BE38C change Leader from null to e7a9a6a6-ed4d-4d3b-87b5-03d4e3088f46 at term 1 for becomeLeader, leader elected after 5032ms
2019-09-19 11:17:19,134 [01520e7f-d70f-4779-806a-955dc689a5b3:group-BD9A6B8E080A:LeaderElection60] INFO  impl.RaftServerImpl (RaftServerImpl.java:setRole(171)) - 01520e7f-d70f-4779-806a-955dc689a5b3:group-BD9A6B8E080A changes role from CANDIDATE to LEADER at term 1 for changeToLeader
2019-09-19 11:17:19,134 [e7a9a6a6-ed4d-4d3b-87b5-03d4e3088f46:group-B9F7552BE38C:LeaderElection61] INFO  server.RaftServerConfigKeys (ConfUtils.java:logGet(43)) - raft.server.staging.catchup.gap = 1000 (default)
2019-09-19 11:17:19,134 [01520e7f-d70f-4779-806a-955dc689a5b3:group-7050D9BF1F5D:LeaderElection59] INFO  server.RaftServerConfigKeys (ConfUtils.java:logGet(43)) - raft.server.staging.catchup.gap = 1000 (default)
2019-09-19 11:17:19,134 [e7a9a6a6-ed4d-4d3b-87b5-03d4e3088f46:group-B9F7552BE38C:LeaderElection61] INFO  server.RaftServerConfigKeys (ConfUtils.java:logGet(43)) - raft.server.rpc.sleep.time = 25ms (default)
2019-09-19 11:17:19,134 [01520e7f-d70f-4779-806a-955dc689a5b3:group-BD9A6B8E080A:LeaderElection60] INFO  impl.RaftServerImpl (ServerState.java:setLeader(263)) - 01520e7f-d70f-4779-806a-955dc689a5b3:group-BD9A6B8E080A change Leader from null to 01520e7f-d70f-4779-806a-955dc689a5b3 at term 1 for becomeLeader, leader elected after 5079ms
2019-09-19 11:17:19,134 [e7a9a6a6-ed4d-4d3b-87b5-03d4e3088f46:group-B9F7552BE38C:LeaderElection61] INFO  server.RaftServerConfigKeys (ConfUtils.java:logGet(43)) - raft.server.write.element-limit = 4096 (default)
2019-09-19 11:17:19,134 [01520e7f-d70f-4779-806a-955dc689a5b3:group-7050D9BF1F5D:LeaderElection59] INFO  server.RaftServerConfigKeys (ConfUtils.java:logGet(43)) - raft.server.rpc.sleep.time = 25ms (default)
2019-09-19 11:17:19,135 [e7a9a6a6-ed4d-4d3b-87b5-03d4e3088f46:group-B9F7552BE38C:LeaderElection61] INFO  server.RaftServerConfigKeys (ConfUtils.java:logGet(43)) - raft.server.watch.timeout = 10s (default)
2019-09-19 11:17:19,135 [01520e7f-d70f-4779-806a-955dc689a5b3:group-BD9A6B8E080A:LeaderElection60] INFO  server.RaftServerConfigKeys (ConfUtils.java:logGet(43)) - raft.server.staging.catchup.gap = 1000 (default)
2019-09-19 11:17:19,135 [e7a9a6a6-ed4d-4d3b-87b5-03d4e3088f46:group-B9F7552BE38C:LeaderElection61] INFO  server.RaftServerConfigKeys (ConfUtils.java:logGet(43)) - raft.server.watch.timeout.denomination = 1s (default)
2019-09-19 11:17:19,135 [e7a9a6a6-ed4d-4d3b-87b5-03d4e3088f46:group-B9F7552BE38C:LeaderElection61] INFO  server.RaftServerConfigKeys (ConfUtils.java:logGet(43)) - raft.server.watch.element-limit = 65536 (default)
2019-09-19 11:17:19,135 [01520e7f-d70f-4779-806a-955dc689a5b3:group-7050D9BF1F5D:LeaderElection59] INFO  server.RaftServerConfigKeys (ConfUtils.java:logGet(43)) - raft.server.write.element-limit = 4096 (default)
2019-09-19 11:17:19,135 [e7a9a6a6-ed4d-4d3b-87b5-03d4e3088f46:group-B9F7552BE38C:LeaderElection61] INFO  impl.RoleInfo (RoleInfo.java:updateAndGet(143)) - e7a9a6a6-ed4d-4d3b-87b5-03d4e3088f46: start LeaderState
2019-09-19 11:17:19,135 [01520e7f-d70f-4779-806a-955dc689a5b3:group-BD9A6B8E080A:LeaderElection60] INFO  server.RaftServerConfigKeys (ConfUtils.java:logGet(43)) - raft.server.rpc.sleep.time = 25ms (default)
2019-09-19 11:17:19,135 [01520e7f-d70f-4779-806a-955dc689a5b3:group-7050D9BF1F5D:LeaderElection59] INFO  server.RaftServerConfigKeys (ConfUtils.java:logGet(43)) - raft.server.watch.timeout = 10s (default)
2019-09-19 11:17:19,136 [01520e7f-d70f-4779-806a-955dc689a5b3:group-BD9A6B8E080A:LeaderElection60] INFO  server.RaftServerConfigKeys (ConfUtils.java:logGet(43)) - raft.server.write.element-limit = 4096 (default)
2019-09-19 11:17:19,136 [e7a9a6a6-ed4d-4d3b-87b5-03d4e3088f46:group-B9F7552BE38C:LeaderElection61] INFO  segmented.SegmentedRaftLogWorker (SegmentedRaftLogWorker.java:startLogSegment(380)) - e7a9a6a6-ed4d-4d3b-87b5-03d4e3088f46-SegmentedRaftLogWorker:Storage Directory /workdir/hadoop-ozone/integration-test/target/test-dir/MiniOzoneClusterImpl-98b5687d-2982-4c4e-aef5-e1e97daefe6b/datanode-1/data/ratis/ebd2d997-ceaf-4691-ada5-b9f7552be38c: Starting segment from index:0
2019-09-19 11:17:19,136 [01520e7f-d70f-4779-806a-955dc689a5b3:group-BD9A6B8E080A:LeaderElection60] INFO  server.RaftServerConfigKeys (ConfUtils.java:logGet(43)) - raft.server.watch.timeout = 10s (default)
2019-09-19 11:17:19,136 [01520e7f-d70f-4779-806a-955dc689a5b3:group-7050D9BF1F5D:LeaderElection59] INFO  server.RaftServerConfigKeys (ConfUtils.java:logGet(43)) - raft.server.watch.timeout.denomination = 1s (default)
2019-09-19 11:17:19,136 [01520e7f-d70f-4779-806a-955dc689a5b3:group-BD9A6B8E080A:LeaderElection60] INFO  server.RaftServerConfigKeys (ConfUtils.java:logGet(43)) - raft.server.watch.timeout.denomination = 1s (default)
2019-09-19 11:17:19,136 [e7a9a6a6-ed4d-4d3b-87b5-03d4e3088f46:group-B9F7552BE38C:LeaderElection61] INFO  impl.RaftServerImpl (ServerState.java:setRaftConf(361)) - e7a9a6a6-ed4d-4d3b-87b5-03d4e3088f46:group-B9F7552BE38C set configuration 0: [e7a9a6a6-ed4d-4d3b-87b5-03d4e3088f46:192.168.157.226:40977], old=null at 0
2019-09-19 11:17:19,136 [01520e7f-d70f-4779-806a-955dc689a5b3:group-7050D9BF1F5D:LeaderElection59] INFO  server.RaftServerConfigKeys (ConfUtils.java:logGet(43)) - raft.server.watch.element-limit = 65536 (default)
2019-09-19 11:17:19,137 [01520e7f-d70f-4779-806a-955dc689a5b3:group-BD9A6B8E080A:LeaderElection60] INFO  server.RaftServerConfigKeys (ConfUtils.java:logGet(43)) - raft.server.watch.element-limit = 65536 (default)
2019-09-19 11:17:19,137 [01520e7f-d70f-4779-806a-955dc689a5b3:group-7050D9BF1F5D:LeaderElection59] INFO  impl.RoleInfo (RoleInfo.java:updateAndGet(143)) - 01520e7f-d70f-4779-806a-955dc689a5b3: start LeaderState
2019-09-19 11:17:19,137 [01520e7f-d70f-4779-806a-955dc689a5b3:group-BD9A6B8E080A:LeaderElection60] INFO  impl.RoleInfo (RoleInfo.java:updateAndGet(143)) - 01520e7f-d70f-4779-806a-955dc689a5b3: start LeaderState
2019-09-19 11:17:19,137 [01520e7f-d70f-4779-806a-955dc689a5b3:group-7050D9BF1F5D:LeaderElection59] INFO  segmented.SegmentedRaftLogWorker (SegmentedRaftLogWorker.java:startLogSegment(380)) - 01520e7f-d70f-4779-806a-955dc689a5b3-SegmentedRaftLogWorker:Storage Directory /workdir/hadoop-ozone/integration-test/target/test-dir/MiniOzoneClusterImpl-98b5687d-2982-4c4e-aef5-e1e97daefe6b/datanode-0/data/ratis/367e6bb6-340c-48ed-96f7-7050d9bf1f5d: Starting segment from index:0
2019-09-19 11:17:19,137 [01520e7f-d70f-4779-806a-955dc689a5b3:group-BD9A6B8E080A:LeaderElection60] INFO  segmented.SegmentedRaftLogWorker (SegmentedRaftLogWorker.java:startLogSegment(380)) - 01520e7f-d70f-4779-806a-955dc689a5b3-SegmentedRaftLogWorker:Storage Directory /workdir/hadoop-ozone/integration-test/target/test-dir/MiniOzoneClusterImpl-98b5687d-2982-4c4e-aef5-e1e97daefe6b/datanode-0/data/ratis/d3a28093-7639-4b2f-8266-bd9a6b8e080a: Starting segment from index:0
2019-09-19 11:17:19,138 [01520e7f-d70f-4779-806a-955dc689a5b3:group-7050D9BF1F5D:LeaderElection59] INFO  impl.RaftServerImpl (ServerState.java:setRaftConf(361)) - 01520e7f-d70f-4779-806a-955dc689a5b3:group-7050D9BF1F5D set configuration 0: [01520e7f-d70f-4779-806a-955dc689a5b3:192.168.157.226:43882], old=null at 0
2019-09-19 11:17:19,138 [01520e7f-d70f-4779-806a-955dc689a5b3:group-BD9A6B8E080A:LeaderElection60] INFO  impl.RaftServerImpl (ServerState.java:setRaftConf(361)) - 01520e7f-d70f-4779-806a-955dc689a5b3:group-BD9A6B8E080A set configuration 0: [01520e7f-d70f-4779-806a-955dc689a5b3:192.168.157.226:43882], old=null at 0
2019-09-19 11:17:19,183 [01520e7f-d70f-4779-806a-955dc689a5b3-SegmentedRaftLogWorker:Storage Directory /workdir/hadoop-ozone/integration-test/target/test-dir/MiniOzoneClusterImpl-98b5687d-2982-4c4e-aef5-e1e97daefe6b/datanode-0/data/ratis/367e6bb6-340c-48ed-96f7-7050d9bf1f5d] INFO  segmented.SegmentedRaftLogWorker (SegmentedRaftLogWorker.java:execute(569)) - 01520e7f-d70f-4779-806a-955dc689a5b3-SegmentedRaftLogWorker:Storage Directory /workdir/hadoop-ozone/integration-test/target/test-dir/MiniOzoneClusterImpl-98b5687d-2982-4c4e-aef5-e1e97daefe6b/datanode-0/data/ratis/367e6bb6-340c-48ed-96f7-7050d9bf1f5d: created new log segment /workdir/hadoop-ozone/integration-test/target/test-dir/MiniOzoneClusterImpl-98b5687d-2982-4c4e-aef5-e1e97daefe6b/datanode-0/data/ratis/367e6bb6-340c-48ed-96f7-7050d9bf1f5d/current/log_inprogress_0
2019-09-19 11:17:19,183 [e7a9a6a6-ed4d-4d3b-87b5-03d4e3088f46-SegmentedRaftLogWorker:Storage Directory /workdir/hadoop-ozone/integration-test/target/test-dir/MiniOzoneClusterImpl-98b5687d-2982-4c4e-aef5-e1e97daefe6b/datanode-1/data/ratis/ebd2d997-ceaf-4691-ada5-b9f7552be38c] INFO  segmented.SegmentedRaftLogWorker (SegmentedRaftLogWorker.java:execute(569)) - e7a9a6a6-ed4d-4d3b-87b5-03d4e3088f46-SegmentedRaftLogWorker:Storage Directory /workdir/hadoop-ozone/integration-test/target/test-dir/MiniOzoneClusterImpl-98b5687d-2982-4c4e-aef5-e1e97daefe6b/datanode-1/data/ratis/ebd2d997-ceaf-4691-ada5-b9f7552be38c: created new log segment /workdir/hadoop-ozone/integration-test/target/test-dir/MiniOzoneClusterImpl-98b5687d-2982-4c4e-aef5-e1e97daefe6b/datanode-1/data/ratis/ebd2d997-ceaf-4691-ada5-b9f7552be38c/current/log_inprogress_0
2019-09-19 11:17:19,183 [01520e7f-d70f-4779-806a-955dc689a5b3-SegmentedRaftLogWorker:Storage Directory /workdir/hadoop-ozone/integration-test/target/test-dir/MiniOzoneClusterImpl-98b5687d-2982-4c4e-aef5-e1e97daefe6b/datanode-0/data/ratis/d3a28093-7639-4b2f-8266-bd9a6b8e080a] INFO  segmented.SegmentedRaftLogWorker (SegmentedRaftLogWorker.java:execute(569)) - 01520e7f-d70f-4779-806a-955dc689a5b3-SegmentedRaftLogWorker:Storage Directory /workdir/hadoop-ozone/integration-test/target/test-dir/MiniOzoneClusterImpl-98b5687d-2982-4c4e-aef5-e1e97daefe6b/datanode-0/data/ratis/d3a28093-7639-4b2f-8266-bd9a6b8e080a: created new log segment /workdir/hadoop-ozone/integration-test/target/test-dir/MiniOzoneClusterImpl-98b5687d-2982-4c4e-aef5-e1e97daefe6b/datanode-0/data/ratis/d3a28093-7639-4b2f-8266-bd9a6b8e080a/current/log_inprogress_0
2019-09-19 11:17:19,197 | INFO  | SCMAudit | user=jenkins1000 | ip=192.168.157.226 | op=SEND_HEARTBEAT {datanodeUUID=4e680362-d5f1-4b95-84d9-ab1f740da74c, command=[]} | ret=SUCCESS |  
2019-09-19 11:17:19,224 [Thread-989] INFO  impl.FollowerState (FollowerState.java:run(106)) - e7a9a6a6-ed4d-4d3b-87b5-03d4e3088f46:group-DA35CEB1BEA5 changes to CANDIDATE, lastRpcTime:5075, electionTimeout:5075ms
2019-09-19 11:17:19,224 [Thread-989] INFO  impl.RoleInfo (RoleInfo.java:shutdownFollowerState(121)) - e7a9a6a6-ed4d-4d3b-87b5-03d4e3088f46: shutdown FollowerState
2019-09-19 11:17:19,224 [Thread-989] INFO  impl.RaftServerImpl (RaftServerImpl.java:setRole(171)) - e7a9a6a6-ed4d-4d3b-87b5-03d4e3088f46:group-DA35CEB1BEA5 changes role from FOLLOWER to CANDIDATE at term 0 for changeToCandidate
2019-09-19 11:17:19,225 [Thread-989] INFO  impl.RoleInfo (RoleInfo.java:updateAndGet(143)) - e7a9a6a6-ed4d-4d3b-87b5-03d4e3088f46: start LeaderElection
2019-09-19 11:17:19,239 [e7a9a6a6-ed4d-4d3b-87b5-03d4e3088f46:group-DA35CEB1BEA5:LeaderElection62] INFO  impl.LeaderElection (LeaderElection.java:askForVotes(181)) - e7a9a6a6-ed4d-4d3b-87b5-03d4e3088f46:group-DA35CEB1BEA5:LeaderElection62: begin an election at term 1 for -1: [e7a9a6a6-ed4d-4d3b-87b5-03d4e3088f46:192.168.157.226:40977], old=null
2019-09-19 11:17:19,239 [e7a9a6a6-ed4d-4d3b-87b5-03d4e3088f46:group-DA35CEB1BEA5:LeaderElection62] INFO  impl.RoleInfo (RoleInfo.java:shutdownLeaderElection(134)) - e7a9a6a6-ed4d-4d3b-87b5-03d4e3088f46: shutdown LeaderElection
2019-09-19 11:17:19,239 [e7a9a6a6-ed4d-4d3b-87b5-03d4e3088f46:group-DA35CEB1BEA5:LeaderElection62] INFO  impl.RaftServerImpl (RaftServerImpl.java:setRole(171)) - e7a9a6a6-ed4d-4d3b-87b5-03d4e3088f46:group-DA35CEB1BEA5 changes role from CANDIDATE to LEADER at term 1 for changeToLeader
2019-09-19 11:17:19,239 [e7a9a6a6-ed4d-4d3b-87b5-03d4e3088f46:group-DA35CEB1BEA5:LeaderElection62] INFO  impl.RaftServerImpl (ServerState.java:setLeader(263)) - e7a9a6a6-ed4d-4d3b-87b5-03d4e3088f46:group-DA35CEB1BEA5 change Leader from null to e7a9a6a6-ed4d-4d3b-87b5-03d4e3088f46 at term 1 for becomeLeader, leader elected after 5094ms
2019-09-19 11:17:19,239 [e7a9a6a6-ed4d-4d3b-87b5-03d4e3088f46:group-DA35CEB1BEA5:LeaderElection62] INFO  server.RaftServerConfigKeys (ConfUtils.java:logGet(43)) - raft.server.staging.catchup.gap = 1000 (default)
2019-09-19 11:17:19,240 [e7a9a6a6-ed4d-4d3b-87b5-03d4e3088f46:group-DA35CEB1BEA5:LeaderElection62] INFO  server.RaftServerConfigKeys (ConfUtils.java:logGet(43)) - raft.server.rpc.sleep.time = 25ms (default)
2019-09-19 11:17:19,240 [e7a9a6a6-ed4d-4d3b-87b5-03d4e3088f46:group-DA35CEB1BEA5:LeaderElection62] INFO  server.RaftServerConfigKeys (ConfUtils.java:logGet(43)) - raft.server.write.element-limit = 4096 (default)
2019-09-19 11:17:19,240 [e7a9a6a6-ed4d-4d3b-87b5-03d4e3088f46:group-DA35CEB1BEA5:LeaderElection62] INFO  server.RaftServerConfigKeys (ConfUtils.java:logGet(43)) - raft.server.watch.timeout = 10s (default)
2019-09-19 11:17:19,240 [e7a9a6a6-ed4d-4d3b-87b5-03d4e3088f46:group-DA35CEB1BEA5:LeaderElection62] INFO  server.RaftServerConfigKeys (ConfUtils.java:logGet(43)) - raft.server.watch.timeout.denomination = 1s (default)
2019-09-19 11:17:19,240 [e7a9a6a6-ed4d-4d3b-87b5-03d4e3088f46:group-DA35CEB1BEA5:LeaderElection62] INFO  server.RaftServerConfigKeys (ConfUtils.java:logGet(43)) - raft.server.watch.element-limit = 65536 (default)
2019-09-19 11:17:19,240 [e7a9a6a6-ed4d-4d3b-87b5-03d4e3088f46:group-DA35CEB1BEA5:LeaderElection62] INFO  impl.RoleInfo (RoleInfo.java:updateAndGet(143)) - e7a9a6a6-ed4d-4d3b-87b5-03d4e3088f46: start LeaderState
2019-09-19 11:17:19,240 [e7a9a6a6-ed4d-4d3b-87b5-03d4e3088f46:group-DA35CEB1BEA5:LeaderElection62] INFO  segmented.SegmentedRaftLogWorker (SegmentedRaftLogWorker.java:startLogSegment(380)) - e7a9a6a6-ed4d-4d3b-87b5-03d4e3088f46-SegmentedRaftLogWorker:Storage Directory /workdir/hadoop-ozone/integration-test/target/test-dir/MiniOzoneClusterImpl-98b5687d-2982-4c4e-aef5-e1e97daefe6b/datanode-1/data/ratis/7e8beb7e-666e-449d-8275-da35ceb1bea5: Starting segment from index:0
2019-09-19 11:17:19,241 [e7a9a6a6-ed4d-4d3b-87b5-03d4e3088f46:group-DA35CEB1BEA5:LeaderElection62] INFO  impl.RaftServerImpl (ServerState.java:setRaftConf(361)) - e7a9a6a6-ed4d-4d3b-87b5-03d4e3088f46:group-DA35CEB1BEA5 set configuration 0: [e7a9a6a6-ed4d-4d3b-87b5-03d4e3088f46:192.168.157.226:40977], old=null at 0
2019-09-19 11:17:19,277 [e7a9a6a6-ed4d-4d3b-87b5-03d4e3088f46-SegmentedRaftLogWorker:Storage Directory /workdir/hadoop-ozone/integration-test/target/test-dir/MiniOzoneClusterImpl-98b5687d-2982-4c4e-aef5-e1e97daefe6b/datanode-1/data/ratis/7e8beb7e-666e-449d-8275-da35ceb1bea5] INFO  segmented.SegmentedRaftLogWorker (SegmentedRaftLogWorker.java:execute(569)) - e7a9a6a6-ed4d-4d3b-87b5-03d4e3088f46-SegmentedRaftLogWorker:Storage Directory /workdir/hadoop-ozone/integration-test/target/test-dir/MiniOzoneClusterImpl-98b5687d-2982-4c4e-aef5-e1e97daefe6b/datanode-1/data/ratis/7e8beb7e-666e-449d-8275-da35ceb1bea5: created new log segment /workdir/hadoop-ozone/integration-test/target/test-dir/MiniOzoneClusterImpl-98b5687d-2982-4c4e-aef5-e1e97daefe6b/datanode-1/data/ratis/7e8beb7e-666e-449d-8275-da35ceb1bea5/current/log_inprogress_0
2019-09-19 11:17:19,281 [Thread-992] INFO  impl.FollowerState (FollowerState.java:run(106)) - e7a9a6a6-ed4d-4d3b-87b5-03d4e3088f46:group-C1981A74BEE1 changes to CANDIDATE, lastRpcTime:5090, electionTimeout:5090ms
2019-09-19 11:17:19,281 [Thread-992] INFO  impl.RoleInfo (RoleInfo.java:shutdownFollowerState(121)) - e7a9a6a6-ed4d-4d3b-87b5-03d4e3088f46: shutdown FollowerState
2019-09-19 11:17:19,281 [Thread-992] INFO  impl.RaftServerImpl (RaftServerImpl.java:setRole(171)) - e7a9a6a6-ed4d-4d3b-87b5-03d4e3088f46:group-C1981A74BEE1 changes role from FOLLOWER to CANDIDATE at term 0 for changeToCandidate
2019-09-19 11:17:19,281 [Thread-992] INFO  impl.RoleInfo (RoleInfo.java:updateAndGet(143)) - e7a9a6a6-ed4d-4d3b-87b5-03d4e3088f46: start LeaderElection
2019-09-19 11:17:19,290 [e7a9a6a6-ed4d-4d3b-87b5-03d4e3088f46:group-C1981A74BEE1:LeaderElection63] INFO  impl.LeaderElection (LeaderElection.java:askForVotes(181)) - e7a9a6a6-ed4d-4d3b-87b5-03d4e3088f46:group-C1981A74BEE1:LeaderElection63: begin an election at term 1 for -1: [e7a9a6a6-ed4d-4d3b-87b5-03d4e3088f46:192.168.157.226:40977], old=null
2019-09-19 11:17:19,290 [e7a9a6a6-ed4d-4d3b-87b5-03d4e3088f46:group-C1981A74BEE1:LeaderElection63] INFO  impl.RoleInfo (RoleInfo.java:shutdownLeaderElection(134)) - e7a9a6a6-ed4d-4d3b-87b5-03d4e3088f46: shutdown LeaderElection
2019-09-19 11:17:19,290 [e7a9a6a6-ed4d-4d3b-87b5-03d4e3088f46:group-C1981A74BEE1:LeaderElection63] INFO  impl.RaftServerImpl (RaftServerImpl.java:setRole(171)) - e7a9a6a6-ed4d-4d3b-87b5-03d4e3088f46:group-C1981A74BEE1 changes role from CANDIDATE to LEADER at term 1 for changeToLeader
2019-09-19 11:17:19,291 [e7a9a6a6-ed4d-4d3b-87b5-03d4e3088f46:group-C1981A74BEE1:LeaderElection63] INFO  impl.RaftServerImpl (ServerState.java:setLeader(263)) - e7a9a6a6-ed4d-4d3b-87b5-03d4e3088f46:group-C1981A74BEE1 change Leader from null to e7a9a6a6-ed4d-4d3b-87b5-03d4e3088f46 at term 1 for becomeLeader, leader elected after 5103ms
2019-09-19 11:17:19,291 [e7a9a6a6-ed4d-4d3b-87b5-03d4e3088f46:group-C1981A74BEE1:LeaderElection63] INFO  server.RaftServerConfigKeys (ConfUtils.java:logGet(43)) - raft.server.staging.catchup.gap = 1000 (default)
2019-09-19 11:17:19,291 [e7a9a6a6-ed4d-4d3b-87b5-03d4e3088f46:group-C1981A74BEE1:LeaderElection63] INFO  server.RaftServerConfigKeys (ConfUtils.java:logGet(43)) - raft.server.rpc.sleep.time = 25ms (default)
2019-09-19 11:17:19,291 [e7a9a6a6-ed4d-4d3b-87b5-03d4e3088f46:group-C1981A74BEE1:LeaderElection63] INFO  server.RaftServerConfigKeys (ConfUtils.java:logGet(43)) - raft.server.write.element-limit = 4096 (default)
2019-09-19 11:17:19,291 [e7a9a6a6-ed4d-4d3b-87b5-03d4e3088f46:group-C1981A74BEE1:LeaderElection63] INFO  server.RaftServerConfigKeys (ConfUtils.java:logGet(43)) - raft.server.watch.timeout = 10s (default)
2019-09-19 11:17:19,291 [e7a9a6a6-ed4d-4d3b-87b5-03d4e3088f46:group-C1981A74BEE1:LeaderElection63] INFO  server.RaftServerConfigKeys (ConfUtils.java:logGet(43)) - raft.server.watch.timeout.denomination = 1s (default)
2019-09-19 11:17:19,291 [e7a9a6a6-ed4d-4d3b-87b5-03d4e3088f46:group-C1981A74BEE1:LeaderElection63] INFO  server.RaftServerConfigKeys (ConfUtils.java:logGet(43)) - raft.server.watch.element-limit = 65536 (default)
2019-09-19 11:17:19,291 [e7a9a6a6-ed4d-4d3b-87b5-03d4e3088f46:group-C1981A74BEE1:LeaderElection63] INFO  impl.RoleInfo (RoleInfo.java:updateAndGet(143)) - e7a9a6a6-ed4d-4d3b-87b5-03d4e3088f46: start LeaderState
2019-09-19 11:17:19,292 [e7a9a6a6-ed4d-4d3b-87b5-03d4e3088f46:group-C1981A74BEE1:LeaderElection63] INFO  segmented.SegmentedRaftLogWorker (SegmentedRaftLogWorker.java:startLogSegment(380)) - e7a9a6a6-ed4d-4d3b-87b5-03d4e3088f46-SegmentedRaftLogWorker:Storage Directory /workdir/hadoop-ozone/integration-test/target/test-dir/MiniOzoneClusterImpl-98b5687d-2982-4c4e-aef5-e1e97daefe6b/datanode-1/data/ratis/8cc329ef-1a76-4543-b2d9-c1981a74bee1: Starting segment from index:0
2019-09-19 11:17:19,292 [e7a9a6a6-ed4d-4d3b-87b5-03d4e3088f46:group-C1981A74BEE1:LeaderElection63] INFO  impl.RaftServerImpl (ServerState.java:setRaftConf(361)) - e7a9a6a6-ed4d-4d3b-87b5-03d4e3088f46:group-C1981A74BEE1 set configuration 0: [e7a9a6a6-ed4d-4d3b-87b5-03d4e3088f46:192.168.157.226:40977], old=null at 0
2019-09-19 11:17:19,328 [Thread-1001] INFO  impl.FollowerState (FollowerState.java:run(106)) - e7a9a6a6-ed4d-4d3b-87b5-03d4e3088f46:group-2447616916A5 changes to CANDIDATE, lastRpcTime:5028, electionTimeout:5028ms
2019-09-19 11:17:19,328 [Thread-1001] INFO  impl.RoleInfo (RoleInfo.java:shutdownFollowerState(121)) - e7a9a6a6-ed4d-4d3b-87b5-03d4e3088f46: shutdown FollowerState
2019-09-19 11:17:19,328 [Thread-1001] INFO  impl.RaftServerImpl (RaftServerImpl.java:setRole(171)) - e7a9a6a6-ed4d-4d3b-87b5-03d4e3088f46:group-2447616916A5 changes role from FOLLOWER to CANDIDATE at term 0 for changeToCandidate
2019-09-19 11:17:19,329 [Thread-1001] INFO  impl.RoleInfo (RoleInfo.java:updateAndGet(143)) - e7a9a6a6-ed4d-4d3b-87b5-03d4e3088f46: start LeaderElection
2019-09-19 11:17:19,331 [e7a9a6a6-ed4d-4d3b-87b5-03d4e3088f46-SegmentedRaftLogWorker:Storage Directory /workdir/hadoop-ozone/integration-test/target/test-dir/MiniOzoneClusterImpl-98b5687d-2982-4c4e-aef5-e1e97daefe6b/datanode-1/data/ratis/8cc329ef-1a76-4543-b2d9-c1981a74bee1] INFO  segmented.SegmentedRaftLogWorker (SegmentedRaftLogWorker.java:execute(569)) - e7a9a6a6-ed4d-4d3b-87b5-03d4e3088f46-SegmentedRaftLogWorker:Storage Directory /workdir/hadoop-ozone/integration-test/target/test-dir/MiniOzoneClusterImpl-98b5687d-2982-4c4e-aef5-e1e97daefe6b/datanode-1/data/ratis/8cc329ef-1a76-4543-b2d9-c1981a74bee1: created new log segment /workdir/hadoop-ozone/integration-test/target/test-dir/MiniOzoneClusterImpl-98b5687d-2982-4c4e-aef5-e1e97daefe6b/datanode-1/data/ratis/8cc329ef-1a76-4543-b2d9-c1981a74bee1/current/log_inprogress_0
2019-09-19 11:17:19,344 [e7a9a6a6-ed4d-4d3b-87b5-03d4e3088f46:group-2447616916A5:LeaderElection64] INFO  impl.LeaderElection (LeaderElection.java:askForVotes(181)) - e7a9a6a6-ed4d-4d3b-87b5-03d4e3088f46:group-2447616916A5:LeaderElection64: begin an election at term 1 for -1: [e7a9a6a6-ed4d-4d3b-87b5-03d4e3088f46:192.168.157.226:40977], old=null
2019-09-19 11:17:19,344 [e7a9a6a6-ed4d-4d3b-87b5-03d4e3088f46:group-2447616916A5:LeaderElection64] INFO  impl.RoleInfo (RoleInfo.java:shutdownLeaderElection(134)) - e7a9a6a6-ed4d-4d3b-87b5-03d4e3088f46: shutdown LeaderElection
2019-09-19 11:17:19,344 [e7a9a6a6-ed4d-4d3b-87b5-03d4e3088f46:group-2447616916A5:LeaderElection64] INFO  impl.RaftServerImpl (RaftServerImpl.java:setRole(171)) - e7a9a6a6-ed4d-4d3b-87b5-03d4e3088f46:group-2447616916A5 changes role from CANDIDATE to LEADER at term 1 for changeToLeader
2019-09-19 11:17:19,344 [e7a9a6a6-ed4d-4d3b-87b5-03d4e3088f46:group-2447616916A5:LeaderElection64] INFO  impl.RaftServerImpl (ServerState.java:setLeader(263)) - e7a9a6a6-ed4d-4d3b-87b5-03d4e3088f46:group-2447616916A5 change Leader from null to e7a9a6a6-ed4d-4d3b-87b5-03d4e3088f46 at term 1 for becomeLeader, leader elected after 5047ms
2019-09-19 11:17:19,344 [e7a9a6a6-ed4d-4d3b-87b5-03d4e3088f46:group-2447616916A5:LeaderElection64] INFO  server.RaftServerConfigKeys (ConfUtils.java:logGet(43)) - raft.server.staging.catchup.gap = 1000 (default)
2019-09-19 11:17:19,345 [e7a9a6a6-ed4d-4d3b-87b5-03d4e3088f46:group-2447616916A5:LeaderElection64] INFO  server.RaftServerConfigKeys (ConfUtils.java:logGet(43)) - raft.server.rpc.sleep.time = 25ms (default)
2019-09-19 11:17:19,345 [e7a9a6a6-ed4d-4d3b-87b5-03d4e3088f46:group-2447616916A5:LeaderElection64] INFO  server.RaftServerConfigKeys (ConfUtils.java:logGet(43)) - raft.server.write.element-limit = 4096 (default)
2019-09-19 11:17:19,345 [e7a9a6a6-ed4d-4d3b-87b5-03d4e3088f46:group-2447616916A5:LeaderElection64] INFO  server.RaftServerConfigKeys (ConfUtils.java:logGet(43)) - raft.server.watch.timeout = 10s (default)
2019-09-19 11:17:19,345 [e7a9a6a6-ed4d-4d3b-87b5-03d4e3088f46:group-2447616916A5:LeaderElection64] INFO  server.RaftServerConfigKeys (ConfUtils.java:logGet(43)) - raft.server.watch.timeout.denomination = 1s (default)
2019-09-19 11:17:19,345 [e7a9a6a6-ed4d-4d3b-87b5-03d4e3088f46:group-2447616916A5:LeaderElection64] INFO  server.RaftServerConfigKeys (ConfUtils.java:logGet(43)) - raft.server.watch.element-limit = 65536 (default)
2019-09-19 11:17:19,345 [e7a9a6a6-ed4d-4d3b-87b5-03d4e3088f46:group-2447616916A5:LeaderElection64] INFO  impl.RoleInfo (RoleInfo.java:updateAndGet(143)) - e7a9a6a6-ed4d-4d3b-87b5-03d4e3088f46: start LeaderState
2019-09-19 11:17:19,346 [e7a9a6a6-ed4d-4d3b-87b5-03d4e3088f46:group-2447616916A5:LeaderElection64] INFO  segmented.SegmentedRaftLogWorker (SegmentedRaftLogWorker.java:startLogSegment(380)) - e7a9a6a6-ed4d-4d3b-87b5-03d4e3088f46-SegmentedRaftLogWorker:Storage Directory /workdir/hadoop-ozone/integration-test/target/test-dir/MiniOzoneClusterImpl-98b5687d-2982-4c4e-aef5-e1e97daefe6b/datanode-1/data/ratis/e144c116-b218-443c-8d51-2447616916a5: Starting segment from index:0
2019-09-19 11:17:19,346 [e7a9a6a6-ed4d-4d3b-87b5-03d4e3088f46:group-2447616916A5:LeaderElection64] INFO  impl.RaftServerImpl (ServerState.java:setRaftConf(361)) - e7a9a6a6-ed4d-4d3b-87b5-03d4e3088f46:group-2447616916A5 set configuration 0: [e7a9a6a6-ed4d-4d3b-87b5-03d4e3088f46:192.168.157.226:40977], old=null at 0
2019-09-19 11:17:19,384 [Thread-998] INFO  impl.FollowerState (FollowerState.java:run(106)) - e7a9a6a6-ed4d-4d3b-87b5-03d4e3088f46:group-171D0E62FF38 changes to CANDIDATE, lastRpcTime:5112, electionTimeout:5112ms
2019-09-19 11:17:19,384 [Thread-998] INFO  impl.RoleInfo (RoleInfo.java:shutdownFollowerState(121)) - e7a9a6a6-ed4d-4d3b-87b5-03d4e3088f46: shutdown FollowerState
2019-09-19 11:17:19,384 [Thread-998] INFO  impl.RaftServerImpl (RaftServerImpl.java:setRole(171)) - e7a9a6a6-ed4d-4d3b-87b5-03d4e3088f46:group-171D0E62FF38 changes role from FOLLOWER to CANDIDATE at term 0 for changeToCandidate
2019-09-19 11:17:19,384 [Thread-998] INFO  impl.RoleInfo (RoleInfo.java:updateAndGet(143)) - e7a9a6a6-ed4d-4d3b-87b5-03d4e3088f46: start LeaderElection
2019-09-19 11:17:19,404 [e7a9a6a6-ed4d-4d3b-87b5-03d4e3088f46-SegmentedRaftLogWorker:Storage Directory /workdir/hadoop-ozone/integration-test/target/test-dir/MiniOzoneClusterImpl-98b5687d-2982-4c4e-aef5-e1e97daefe6b/datanode-1/data/ratis/e144c116-b218-443c-8d51-2447616916a5] INFO  segmented.SegmentedRaftLogWorker (SegmentedRaftLogWorker.java:execute(569)) - e7a9a6a6-ed4d-4d3b-87b5-03d4e3088f46-SegmentedRaftLogWorker:Storage Directory /workdir/hadoop-ozone/integration-test/target/test-dir/MiniOzoneClusterImpl-98b5687d-2982-4c4e-aef5-e1e97daefe6b/datanode-1/data/ratis/e144c116-b218-443c-8d51-2447616916a5: created new log segment /workdir/hadoop-ozone/integration-test/target/test-dir/MiniOzoneClusterImpl-98b5687d-2982-4c4e-aef5-e1e97daefe6b/datanode-1/data/ratis/e144c116-b218-443c-8d51-2447616916a5/current/log_inprogress_0
2019-09-19 11:17:19,404 [e7a9a6a6-ed4d-4d3b-87b5-03d4e3088f46:group-171D0E62FF38:LeaderElection65] INFO  impl.LeaderElection (LeaderElection.java:askForVotes(181)) - e7a9a6a6-ed4d-4d3b-87b5-03d4e3088f46:group-171D0E62FF38:LeaderElection65: begin an election at term 1 for -1: [e7a9a6a6-ed4d-4d3b-87b5-03d4e3088f46:192.168.157.226:40977], old=null
2019-09-19 11:17:19,404 [e7a9a6a6-ed4d-4d3b-87b5-03d4e3088f46:group-171D0E62FF38:LeaderElection65] INFO  impl.RoleInfo (RoleInfo.java:shutdownLeaderElection(134)) - e7a9a6a6-ed4d-4d3b-87b5-03d4e3088f46: shutdown LeaderElection
2019-09-19 11:17:19,404 [e7a9a6a6-ed4d-4d3b-87b5-03d4e3088f46:group-171D0E62FF38:LeaderElection65] INFO  impl.RaftServerImpl (RaftServerImpl.java:setRole(171)) - e7a9a6a6-ed4d-4d3b-87b5-03d4e3088f46:group-171D0E62FF38 changes role from CANDIDATE to LEADER at term 1 for changeToLeader
2019-09-19 11:17:19,404 [e7a9a6a6-ed4d-4d3b-87b5-03d4e3088f46:group-171D0E62FF38:LeaderElection65] INFO  impl.RaftServerImpl (ServerState.java:setLeader(263)) - e7a9a6a6-ed4d-4d3b-87b5-03d4e3088f46:group-171D0E62FF38 change Leader from null to e7a9a6a6-ed4d-4d3b-87b5-03d4e3088f46 at term 1 for becomeLeader, leader elected after 5136ms
2019-09-19 11:17:19,404 [e7a9a6a6-ed4d-4d3b-87b5-03d4e3088f46:group-171D0E62FF38:LeaderElection65] INFO  server.RaftServerConfigKeys (ConfUtils.java:logGet(43)) - raft.server.staging.catchup.gap = 1000 (default)
2019-09-19 11:17:19,404 [e7a9a6a6-ed4d-4d3b-87b5-03d4e3088f46:group-171D0E62FF38:LeaderElection65] INFO  server.RaftServerConfigKeys (ConfUtils.java:logGet(43)) - raft.server.rpc.sleep.time = 25ms (default)
2019-09-19 11:17:19,405 [e7a9a6a6-ed4d-4d3b-87b5-03d4e3088f46:group-171D0E62FF38:LeaderElection65] INFO  server.RaftServerConfigKeys (ConfUtils.java:logGet(43)) - raft.server.write.element-limit = 4096 (default)
2019-09-19 11:17:19,405 [e7a9a6a6-ed4d-4d3b-87b5-03d4e3088f46:group-171D0E62FF38:LeaderElection65] INFO  server.RaftServerConfigKeys (ConfUtils.java:logGet(43)) - raft.server.watch.timeout = 10s (default)
2019-09-19 11:17:19,405 [e7a9a6a6-ed4d-4d3b-87b5-03d4e3088f46:group-171D0E62FF38:LeaderElection65] INFO  server.RaftServerConfigKeys (ConfUtils.java:logGet(43)) - raft.server.watch.timeout.denomination = 1s (default)
2019-09-19 11:17:19,405 [e7a9a6a6-ed4d-4d3b-87b5-03d4e3088f46:group-171D0E62FF38:LeaderElection65] INFO  server.RaftServerConfigKeys (ConfUtils.java:logGet(43)) - raft.server.watch.element-limit = 65536 (default)
2019-09-19 11:17:19,405 [e7a9a6a6-ed4d-4d3b-87b5-03d4e3088f46:group-171D0E62FF38:LeaderElection65] INFO  impl.RoleInfo (RoleInfo.java:updateAndGet(143)) - e7a9a6a6-ed4d-4d3b-87b5-03d4e3088f46: start LeaderState
2019-09-19 11:17:19,405 [e7a9a6a6-ed4d-4d3b-87b5-03d4e3088f46:group-171D0E62FF38:LeaderElection65] INFO  segmented.SegmentedRaftLogWorker (SegmentedRaftLogWorker.java:startLogSegment(380)) - e7a9a6a6-ed4d-4d3b-87b5-03d4e3088f46-SegmentedRaftLogWorker:Storage Directory /workdir/hadoop-ozone/integration-test/target/test-dir/MiniOzoneClusterImpl-98b5687d-2982-4c4e-aef5-e1e97daefe6b/datanode-1/data/ratis/c686aa49-a148-4eef-af68-171d0e62ff38: Starting segment from index:0
2019-09-19 11:17:19,406 [e7a9a6a6-ed4d-4d3b-87b5-03d4e3088f46:group-171D0E62FF38:LeaderElection65] INFO  impl.RaftServerImpl (ServerState.java:setRaftConf(361)) - e7a9a6a6-ed4d-4d3b-87b5-03d4e3088f46:group-171D0E62FF38 set configuration 0: [e7a9a6a6-ed4d-4d3b-87b5-03d4e3088f46:192.168.157.226:40977], old=null at 0
2019-09-19 11:17:19,415 [Thread-995] INFO  impl.FollowerState (FollowerState.java:run(106)) - e7a9a6a6-ed4d-4d3b-87b5-03d4e3088f46:group-E9AFC32EE278 changes to CANDIDATE, lastRpcTime:5182, electionTimeout:5182ms
2019-09-19 11:17:19,415 [Thread-995] INFO  impl.RoleInfo (RoleInfo.java:shutdownFollowerState(121)) - e7a9a6a6-ed4d-4d3b-87b5-03d4e3088f46: shutdown FollowerState
2019-09-19 11:17:19,415 [Thread-995] INFO  impl.RaftServerImpl (RaftServerImpl.java:setRole(171)) - e7a9a6a6-ed4d-4d3b-87b5-03d4e3088f46:group-E9AFC32EE278 changes role from FOLLOWER to CANDIDATE at term 0 for changeToCandidate
2019-09-19 11:17:19,415 [Thread-995] INFO  impl.RoleInfo (RoleInfo.java:updateAndGet(143)) - e7a9a6a6-ed4d-4d3b-87b5-03d4e3088f46: start LeaderElection
2019-09-19 11:17:19,447 [Thread-1010] INFO  impl.FollowerState (FollowerState.java:run(106)) - 4e680362-d5f1-4b95-84d9-ab1f740da74c:group-C2EB152FAF0F changes to CANDIDATE, lastRpcTime:5031, electionTimeout:5031ms
2019-09-19 11:17:19,447 [Thread-1010] INFO  impl.RoleInfo (RoleInfo.java:shutdownFollowerState(121)) - 4e680362-d5f1-4b95-84d9-ab1f740da74c: shutdown FollowerState
2019-09-19 11:17:19,448 [Thread-1010] INFO  impl.RaftServerImpl (RaftServerImpl.java:setRole(171)) - 4e680362-d5f1-4b95-84d9-ab1f740da74c:group-C2EB152FAF0F changes role from FOLLOWER to CANDIDATE at term 0 for changeToCandidate
2019-09-19 11:17:19,448 [Thread-1010] INFO  impl.RoleInfo (RoleInfo.java:updateAndGet(143)) - 4e680362-d5f1-4b95-84d9-ab1f740da74c: start LeaderElection
2019-09-19 11:17:19,449 [e7a9a6a6-ed4d-4d3b-87b5-03d4e3088f46-SegmentedRaftLogWorker:Storage Directory /workdir/hadoop-ozone/integration-test/target/test-dir/MiniOzoneClusterImpl-98b5687d-2982-4c4e-aef5-e1e97daefe6b/datanode-1/data/ratis/c686aa49-a148-4eef-af68-171d0e62ff38] INFO  segmented.SegmentedRaftLogWorker (SegmentedRaftLogWorker.java:execute(569)) - e7a9a6a6-ed4d-4d3b-87b5-03d4e3088f46-SegmentedRaftLogWorker:Storage Directory /workdir/hadoop-ozone/integration-test/target/test-dir/MiniOzoneClusterImpl-98b5687d-2982-4c4e-aef5-e1e97daefe6b/datanode-1/data/ratis/c686aa49-a148-4eef-af68-171d0e62ff38: created new log segment /workdir/hadoop-ozone/integration-test/target/test-dir/MiniOzoneClusterImpl-98b5687d-2982-4c4e-aef5-e1e97daefe6b/datanode-1/data/ratis/c686aa49-a148-4eef-af68-171d0e62ff38/current/log_inprogress_0
2019-09-19 11:17:19,449 [e7a9a6a6-ed4d-4d3b-87b5-03d4e3088f46:group-E9AFC32EE278:LeaderElection66] INFO  impl.LeaderElection (LeaderElection.java:askForVotes(181)) - e7a9a6a6-ed4d-4d3b-87b5-03d4e3088f46:group-E9AFC32EE278:LeaderElection66: begin an election at term 1 for -1: [e7a9a6a6-ed4d-4d3b-87b5-03d4e3088f46:192.168.157.226:40977], old=null
2019-09-19 11:17:19,450 [e7a9a6a6-ed4d-4d3b-87b5-03d4e3088f46:group-E9AFC32EE278:LeaderElection66] INFO  impl.RoleInfo (RoleInfo.java:shutdownLeaderElection(134)) - e7a9a6a6-ed4d-4d3b-87b5-03d4e3088f46: shutdown LeaderElection
2019-09-19 11:17:19,450 [e7a9a6a6-ed4d-4d3b-87b5-03d4e3088f46:group-E9AFC32EE278:LeaderElection66] INFO  impl.RaftServerImpl (RaftServerImpl.java:setRole(171)) - e7a9a6a6-ed4d-4d3b-87b5-03d4e3088f46:group-E9AFC32EE278 changes role from CANDIDATE to LEADER at term 1 for changeToLeader
2019-09-19 11:17:19,450 [e7a9a6a6-ed4d-4d3b-87b5-03d4e3088f46:group-E9AFC32EE278:LeaderElection66] INFO  impl.RaftServerImpl (ServerState.java:setLeader(263)) - e7a9a6a6-ed4d-4d3b-87b5-03d4e3088f46:group-E9AFC32EE278 change Leader from null to e7a9a6a6-ed4d-4d3b-87b5-03d4e3088f46 at term 1 for becomeLeader, leader elected after 5220ms
2019-09-19 11:17:19,450 [e7a9a6a6-ed4d-4d3b-87b5-03d4e3088f46:group-E9AFC32EE278:LeaderElection66] INFO  server.RaftServerConfigKeys (ConfUtils.java:logGet(43)) - raft.server.staging.catchup.gap = 1000 (default)
2019-09-19 11:17:19,450 [e7a9a6a6-ed4d-4d3b-87b5-03d4e3088f46:group-E9AFC32EE278:LeaderElection66] INFO  server.RaftServerConfigKeys (ConfUtils.java:logGet(43)) - raft.server.rpc.sleep.time = 25ms (default)
2019-09-19 11:17:19,450 [e7a9a6a6-ed4d-4d3b-87b5-03d4e3088f46:group-E9AFC32EE278:LeaderElection66] INFO  server.RaftServerConfigKeys (ConfUtils.java:logGet(43)) - raft.server.write.element-limit = 4096 (default)
2019-09-19 11:17:19,451 [e7a9a6a6-ed4d-4d3b-87b5-03d4e3088f46:group-E9AFC32EE278:LeaderElection66] INFO  server.RaftServerConfigKeys (ConfUtils.java:logGet(43)) - raft.server.watch.timeout = 10s (default)
2019-09-19 11:17:19,451 [e7a9a6a6-ed4d-4d3b-87b5-03d4e3088f46:group-E9AFC32EE278:LeaderElection66] INFO  server.RaftServerConfigKeys (ConfUtils.java:logGet(43)) - raft.server.watch.timeout.denomination = 1s (default)
2019-09-19 11:17:19,451 [e7a9a6a6-ed4d-4d3b-87b5-03d4e3088f46:group-E9AFC32EE278:LeaderElection66] INFO  server.RaftServerConfigKeys (ConfUtils.java:logGet(43)) - raft.server.watch.element-limit = 65536 (default)
2019-09-19 11:17:19,451 [e7a9a6a6-ed4d-4d3b-87b5-03d4e3088f46:group-E9AFC32EE278:LeaderElection66] INFO  impl.RoleInfo (RoleInfo.java:updateAndGet(143)) - e7a9a6a6-ed4d-4d3b-87b5-03d4e3088f46: start LeaderState
2019-09-19 11:17:19,451 [e7a9a6a6-ed4d-4d3b-87b5-03d4e3088f46:group-E9AFC32EE278:LeaderElection66] INFO  segmented.SegmentedRaftLogWorker (SegmentedRaftLogWorker.java:startLogSegment(380)) - e7a9a6a6-ed4d-4d3b-87b5-03d4e3088f46-SegmentedRaftLogWorker:Storage Directory /workdir/hadoop-ozone/integration-test/target/test-dir/MiniOzoneClusterImpl-98b5687d-2982-4c4e-aef5-e1e97daefe6b/datanode-1/data/ratis/9799dc7b-9b53-4c83-b00d-e9afc32ee278: Starting segment from index:0
2019-09-19 11:17:19,452 [e7a9a6a6-ed4d-4d3b-87b5-03d4e3088f46:group-E9AFC32EE278:LeaderElection66] INFO  impl.RaftServerImpl (ServerState.java:setRaftConf(361)) - e7a9a6a6-ed4d-4d3b-87b5-03d4e3088f46:group-E9AFC32EE278 set configuration 0: [e7a9a6a6-ed4d-4d3b-87b5-03d4e3088f46:192.168.157.226:40977], old=null at 0
2019-09-19 11:17:19,452 [4e680362-d5f1-4b95-84d9-ab1f740da74c:group-C2EB152FAF0F:LeaderElection67] INFO  impl.LeaderElection (LeaderElection.java:askForVotes(181)) - 4e680362-d5f1-4b95-84d9-ab1f740da74c:group-C2EB152FAF0F:LeaderElection67: begin an election at term 1 for -1: [4e680362-d5f1-4b95-84d9-ab1f740da74c:192.168.157.226:46602], old=null
2019-09-19 11:17:19,453 [4e680362-d5f1-4b95-84d9-ab1f740da74c:group-C2EB152FAF0F:LeaderElection67] INFO  impl.RoleInfo (RoleInfo.java:shutdownLeaderElection(134)) - 4e680362-d5f1-4b95-84d9-ab1f740da74c: shutdown LeaderElection
2019-09-19 11:17:19,453 [4e680362-d5f1-4b95-84d9-ab1f740da74c:group-C2EB152FAF0F:LeaderElection67] INFO  impl.RaftServerImpl (RaftServerImpl.java:setRole(171)) - 4e680362-d5f1-4b95-84d9-ab1f740da74c:group-C2EB152FAF0F changes role from CANDIDATE to LEADER at term 1 for changeToLeader
2019-09-19 11:17:19,453 [4e680362-d5f1-4b95-84d9-ab1f740da74c:group-C2EB152FAF0F:LeaderElection67] INFO  impl.RaftServerImpl (ServerState.java:setLeader(263)) - 4e680362-d5f1-4b95-84d9-ab1f740da74c:group-C2EB152FAF0F change Leader from null to 4e680362-d5f1-4b95-84d9-ab1f740da74c at term 1 for becomeLeader, leader elected after 5040ms
2019-09-19 11:17:19,453 [4e680362-d5f1-4b95-84d9-ab1f740da74c:group-C2EB152FAF0F:LeaderElection67] INFO  server.RaftServerConfigKeys (ConfUtils.java:logGet(43)) - raft.server.staging.catchup.gap = 1000 (default)
2019-09-19 11:17:19,453 [4e680362-d5f1-4b95-84d9-ab1f740da74c:group-C2EB152FAF0F:LeaderElection67] INFO  server.RaftServerConfigKeys (ConfUtils.java:logGet(43)) - raft.server.rpc.sleep.time = 25ms (default)
2019-09-19 11:17:19,453 [4e680362-d5f1-4b95-84d9-ab1f740da74c:group-C2EB152FAF0F:LeaderElection67] INFO  server.RaftServerConfigKeys (ConfUtils.java:logGet(43)) - raft.server.write.element-limit = 4096 (default)
2019-09-19 11:17:19,454 [4e680362-d5f1-4b95-84d9-ab1f740da74c:group-C2EB152FAF0F:LeaderElection67] INFO  server.RaftServerConfigKeys (ConfUtils.java:logGet(43)) - raft.server.watch.timeout = 10s (default)
2019-09-19 11:17:19,454 [4e680362-d5f1-4b95-84d9-ab1f740da74c:group-C2EB152FAF0F:LeaderElection67] INFO  server.RaftServerConfigKeys (ConfUtils.java:logGet(43)) - raft.server.watch.timeout.denomination = 1s (default)
2019-09-19 11:17:19,454 [4e680362-d5f1-4b95-84d9-ab1f740da74c:group-C2EB152FAF0F:LeaderElection67] INFO  server.RaftServerConfigKeys (ConfUtils.java:logGet(43)) - raft.server.watch.element-limit = 65536 (default)
2019-09-19 11:17:19,454 [4e680362-d5f1-4b95-84d9-ab1f740da74c:group-C2EB152FAF0F:LeaderElection67] INFO  impl.RoleInfo (RoleInfo.java:updateAndGet(143)) - 4e680362-d5f1-4b95-84d9-ab1f740da74c: start LeaderState
2019-09-19 11:17:19,454 [4e680362-d5f1-4b95-84d9-ab1f740da74c:group-C2EB152FAF0F:LeaderElection67] INFO  segmented.SegmentedRaftLogWorker (SegmentedRaftLogWorker.java:startLogSegment(380)) - 4e680362-d5f1-4b95-84d9-ab1f740da74c-SegmentedRaftLogWorker:Storage Directory /workdir/hadoop-ozone/integration-test/target/test-dir/MiniOzoneClusterImpl-98b5687d-2982-4c4e-aef5-e1e97daefe6b/datanode-2/data/ratis/54c4ea18-12b8-4139-b72e-c2eb152faf0f: Starting segment from index:0
2019-09-19 11:17:19,455 [4e680362-d5f1-4b95-84d9-ab1f740da74c:group-C2EB152FAF0F:LeaderElection67] INFO  impl.RaftServerImpl (ServerState.java:setRaftConf(361)) - 4e680362-d5f1-4b95-84d9-ab1f740da74c:group-C2EB152FAF0F set configuration 0: [4e680362-d5f1-4b95-84d9-ab1f740da74c:192.168.157.226:46602], old=null at 0
2019-09-19 11:17:19,459 [Thread-1004] INFO  impl.FollowerState (FollowerState.java:run(106)) - 4e680362-d5f1-4b95-84d9-ab1f740da74c:group-AC85816B3A5F changes to CANDIDATE, lastRpcTime:5125, electionTimeout:5125ms
2019-09-19 11:17:19,459 [Thread-1004] INFO  impl.RoleInfo (RoleInfo.java:shutdownFollowerState(121)) - 4e680362-d5f1-4b95-84d9-ab1f740da74c: shutdown FollowerState
2019-09-19 11:17:19,459 [Thread-1004] INFO  impl.RaftServerImpl (RaftServerImpl.java:setRole(171)) - 4e680362-d5f1-4b95-84d9-ab1f740da74c:group-AC85816B3A5F changes role from FOLLOWER to CANDIDATE at term 0 for changeToCandidate
2019-09-19 11:17:19,459 [Thread-1004] INFO  impl.RoleInfo (RoleInfo.java:updateAndGet(143)) - 4e680362-d5f1-4b95-84d9-ab1f740da74c: start LeaderElection
2019-09-19 11:17:19,489 [Thread-1007] INFO  impl.FollowerState (FollowerState.java:run(106)) - 4e680362-d5f1-4b95-84d9-ab1f740da74c:group-68E7B745A2FF changes to CANDIDATE, lastRpcTime:5113, electionTimeout:5108ms
2019-09-19 11:17:19,489 [Thread-1007] INFO  impl.RoleInfo (RoleInfo.java:shutdownFollowerState(121)) - 4e680362-d5f1-4b95-84d9-ab1f740da74c: shutdown FollowerState
2019-09-19 11:17:19,489 [Thread-1007] INFO  impl.RaftServerImpl (RaftServerImpl.java:setRole(171)) - 4e680362-d5f1-4b95-84d9-ab1f740da74c:group-68E7B745A2FF changes role from FOLLOWER to CANDIDATE at term 0 for changeToCandidate
2019-09-19 11:17:19,489 [Thread-1007] INFO  impl.RoleInfo (RoleInfo.java:updateAndGet(143)) - 4e680362-d5f1-4b95-84d9-ab1f740da74c: start LeaderElection
2019-09-19 11:17:19,503 [4e680362-d5f1-4b95-84d9-ab1f740da74c-SegmentedRaftLogWorker:Storage Directory /workdir/hadoop-ozone/integration-test/target/test-dir/MiniOzoneClusterImpl-98b5687d-2982-4c4e-aef5-e1e97daefe6b/datanode-2/data/ratis/54c4ea18-12b8-4139-b72e-c2eb152faf0f] INFO  segmented.SegmentedRaftLogWorker (SegmentedRaftLogWorker.java:execute(569)) - 4e680362-d5f1-4b95-84d9-ab1f740da74c-SegmentedRaftLogWorker:Storage Directory /workdir/hadoop-ozone/integration-test/target/test-dir/MiniOzoneClusterImpl-98b5687d-2982-4c4e-aef5-e1e97daefe6b/datanode-2/data/ratis/54c4ea18-12b8-4139-b72e-c2eb152faf0f: created new log segment /workdir/hadoop-ozone/integration-test/target/test-dir/MiniOzoneClusterImpl-98b5687d-2982-4c4e-aef5-e1e97daefe6b/datanode-2/data/ratis/54c4ea18-12b8-4139-b72e-c2eb152faf0f/current/log_inprogress_0
2019-09-19 11:17:19,503 [e7a9a6a6-ed4d-4d3b-87b5-03d4e3088f46-SegmentedRaftLogWorker:Storage Directory /workdir/hadoop-ozone/integration-test/target/test-dir/MiniOzoneClusterImpl-98b5687d-2982-4c4e-aef5-e1e97daefe6b/datanode-1/data/ratis/9799dc7b-9b53-4c83-b00d-e9afc32ee278] INFO  segmented.SegmentedRaftLogWorker (SegmentedRaftLogWorker.java:execute(569)) - e7a9a6a6-ed4d-4d3b-87b5-03d4e3088f46-SegmentedRaftLogWorker:Storage Directory /workdir/hadoop-ozone/integration-test/target/test-dir/MiniOzoneClusterImpl-98b5687d-2982-4c4e-aef5-e1e97daefe6b/datanode-1/data/ratis/9799dc7b-9b53-4c83-b00d-e9afc32ee278: created new log segment /workdir/hadoop-ozone/integration-test/target/test-dir/MiniOzoneClusterImpl-98b5687d-2982-4c4e-aef5-e1e97daefe6b/datanode-1/data/ratis/9799dc7b-9b53-4c83-b00d-e9afc32ee278/current/log_inprogress_0
2019-09-19 11:17:19,503 [4e680362-d5f1-4b95-84d9-ab1f740da74c:group-AC85816B3A5F:LeaderElection68] INFO  impl.LeaderElection (LeaderElection.java:askForVotes(181)) - 4e680362-d5f1-4b95-84d9-ab1f740da74c:group-AC85816B3A5F:LeaderElection68: begin an election at term 1 for -1: [4e680362-d5f1-4b95-84d9-ab1f740da74c:192.168.157.226:46602], old=null
2019-09-19 11:17:19,503 [4e680362-d5f1-4b95-84d9-ab1f740da74c:group-68E7B745A2FF:LeaderElection69] INFO  impl.LeaderElection (LeaderElection.java:askForVotes(181)) - 4e680362-d5f1-4b95-84d9-ab1f740da74c:group-68E7B745A2FF:LeaderElection69: begin an election at term 1 for -1: [4e680362-d5f1-4b95-84d9-ab1f740da74c:192.168.157.226:46602], old=null
2019-09-19 11:17:19,503 [4e680362-d5f1-4b95-84d9-ab1f740da74c:group-AC85816B3A5F:LeaderElection68] INFO  impl.RoleInfo (RoleInfo.java:shutdownLeaderElection(134)) - 4e680362-d5f1-4b95-84d9-ab1f740da74c: shutdown LeaderElection
2019-09-19 11:17:19,503 [4e680362-d5f1-4b95-84d9-ab1f740da74c:group-68E7B745A2FF:LeaderElection69] INFO  impl.RoleInfo (RoleInfo.java:shutdownLeaderElection(134)) - 4e680362-d5f1-4b95-84d9-ab1f740da74c: shutdown LeaderElection
2019-09-19 11:17:19,503 [4e680362-d5f1-4b95-84d9-ab1f740da74c:group-AC85816B3A5F:LeaderElection68] INFO  impl.RaftServerImpl (RaftServerImpl.java:setRole(171)) - 4e680362-d5f1-4b95-84d9-ab1f740da74c:group-AC85816B3A5F changes role from CANDIDATE to LEADER at term 1 for changeToLeader
2019-09-19 11:17:19,503 [4e680362-d5f1-4b95-84d9-ab1f740da74c:group-68E7B745A2FF:LeaderElection69] INFO  impl.RaftServerImpl (RaftServerImpl.java:setRole(171)) - 4e680362-d5f1-4b95-84d9-ab1f740da74c:group-68E7B745A2FF changes role from CANDIDATE to LEADER at term 1 for changeToLeader
2019-09-19 11:17:19,504 [4e680362-d5f1-4b95-84d9-ab1f740da74c:group-AC85816B3A5F:LeaderElection68] INFO  impl.RaftServerImpl (ServerState.java:setLeader(263)) - 4e680362-d5f1-4b95-84d9-ab1f740da74c:group-AC85816B3A5F change Leader from null to 4e680362-d5f1-4b95-84d9-ab1f740da74c at term 1 for becomeLeader, leader elected after 5173ms
2019-09-19 11:17:19,504 [4e680362-d5f1-4b95-84d9-ab1f740da74c:group-68E7B745A2FF:LeaderElection69] INFO  impl.RaftServerImpl (ServerState.java:setLeader(263)) - 4e680362-d5f1-4b95-84d9-ab1f740da74c:group-68E7B745A2FF change Leader from null to 4e680362-d5f1-4b95-84d9-ab1f740da74c at term 1 for becomeLeader, leader elected after 5131ms
2019-09-19 11:17:19,504 [4e680362-d5f1-4b95-84d9-ab1f740da74c:group-AC85816B3A5F:LeaderElection68] INFO  server.RaftServerConfigKeys (ConfUtils.java:logGet(43)) - raft.server.staging.catchup.gap = 1000 (default)
2019-09-19 11:17:19,504 [4e680362-d5f1-4b95-84d9-ab1f740da74c:group-68E7B745A2FF:LeaderElection69] INFO  server.RaftServerConfigKeys (ConfUtils.java:logGet(43)) - raft.server.staging.catchup.gap = 1000 (default)
2019-09-19 11:17:19,504 [4e680362-d5f1-4b95-84d9-ab1f740da74c:group-AC85816B3A5F:LeaderElection68] INFO  server.RaftServerConfigKeys (ConfUtils.java:logGet(43)) - raft.server.rpc.sleep.time = 25ms (default)
2019-09-19 11:17:19,504 [4e680362-d5f1-4b95-84d9-ab1f740da74c:group-68E7B745A2FF:LeaderElection69] INFO  server.RaftServerConfigKeys (ConfUtils.java:logGet(43)) - raft.server.rpc.sleep.time = 25ms (default)
2019-09-19 11:17:19,504 [4e680362-d5f1-4b95-84d9-ab1f740da74c:group-AC85816B3A5F:LeaderElection68] INFO  server.RaftServerConfigKeys (ConfUtils.java:logGet(43)) - raft.server.write.element-limit = 4096 (default)
2019-09-19 11:17:19,504 [4e680362-d5f1-4b95-84d9-ab1f740da74c:group-68E7B745A2FF:LeaderElection69] INFO  server.RaftServerConfigKeys (ConfUtils.java:logGet(43)) - raft.server.write.element-limit = 4096 (default)
2019-09-19 11:17:19,504 [4e680362-d5f1-4b95-84d9-ab1f740da74c:group-AC85816B3A5F:LeaderElection68] INFO  server.RaftServerConfigKeys (ConfUtils.java:logGet(43)) - raft.server.watch.timeout = 10s (default)
2019-09-19 11:17:19,505 [4e680362-d5f1-4b95-84d9-ab1f740da74c:group-68E7B745A2FF:LeaderElection69] INFO  server.RaftServerConfigKeys (ConfUtils.java:logGet(43)) - raft.server.watch.timeout = 10s (default)
2019-09-19 11:17:19,505 [4e680362-d5f1-4b95-84d9-ab1f740da74c:group-AC85816B3A5F:LeaderElection68] INFO  server.RaftServerConfigKeys (ConfUtils.java:logGet(43)) - raft.server.watch.timeout.denomination = 1s (default)
2019-09-19 11:17:19,505 [4e680362-d5f1-4b95-84d9-ab1f740da74c:group-68E7B745A2FF:LeaderElection69] INFO  server.RaftServerConfigKeys (ConfUtils.java:logGet(43)) - raft.server.watch.timeout.denomination = 1s (default)
2019-09-19 11:17:19,505 [4e680362-d5f1-4b95-84d9-ab1f740da74c:group-AC85816B3A5F:LeaderElection68] INFO  server.RaftServerConfigKeys (ConfUtils.java:logGet(43)) - raft.server.watch.element-limit = 65536 (default)
2019-09-19 11:17:19,505 [4e680362-d5f1-4b95-84d9-ab1f740da74c:group-68E7B745A2FF:LeaderElection69] INFO  server.RaftServerConfigKeys (ConfUtils.java:logGet(43)) - raft.server.watch.element-limit = 65536 (default)
2019-09-19 11:17:19,505 [4e680362-d5f1-4b95-84d9-ab1f740da74c:group-AC85816B3A5F:LeaderElection68] INFO  impl.RoleInfo (RoleInfo.java:updateAndGet(143)) - 4e680362-d5f1-4b95-84d9-ab1f740da74c: start LeaderState
2019-09-19 11:17:19,505 [4e680362-d5f1-4b95-84d9-ab1f740da74c:group-68E7B745A2FF:LeaderElection69] INFO  impl.RoleInfo (RoleInfo.java:updateAndGet(143)) - 4e680362-d5f1-4b95-84d9-ab1f740da74c: start LeaderState
2019-09-19 11:17:19,505 [4e680362-d5f1-4b95-84d9-ab1f740da74c:group-AC85816B3A5F:LeaderElection68] INFO  segmented.SegmentedRaftLogWorker (SegmentedRaftLogWorker.java:startLogSegment(380)) - 4e680362-d5f1-4b95-84d9-ab1f740da74c-SegmentedRaftLogWorker:Storage Directory /workdir/hadoop-ozone/integration-test/target/test-dir/MiniOzoneClusterImpl-98b5687d-2982-4c4e-aef5-e1e97daefe6b/datanode-2/data/ratis/a02e18e7-601c-431a-a71d-ac85816b3a5f: Starting segment from index:0
2019-09-19 11:17:19,506 [4e680362-d5f1-4b95-84d9-ab1f740da74c:group-68E7B745A2FF:LeaderElection69] INFO  segmented.SegmentedRaftLogWorker (SegmentedRaftLogWorker.java:startLogSegment(380)) - 4e680362-d5f1-4b95-84d9-ab1f740da74c-SegmentedRaftLogWorker:Storage Directory /workdir/hadoop-ozone/integration-test/target/test-dir/MiniOzoneClusterImpl-98b5687d-2982-4c4e-aef5-e1e97daefe6b/datanode-2/data/ratis/9d9e55cf-861a-4e4e-b8b7-68e7b745a2ff: Starting segment from index:0
2019-09-19 11:17:19,506 [4e680362-d5f1-4b95-84d9-ab1f740da74c:group-AC85816B3A5F:LeaderElection68] INFO  impl.RaftServerImpl (ServerState.java:setRaftConf(361)) - 4e680362-d5f1-4b95-84d9-ab1f740da74c:group-AC85816B3A5F set configuration 0: [4e680362-d5f1-4b95-84d9-ab1f740da74c:192.168.157.226:46602], old=null at 0
2019-09-19 11:17:19,506 [4e680362-d5f1-4b95-84d9-ab1f740da74c:group-68E7B745A2FF:LeaderElection69] INFO  impl.RaftServerImpl (ServerState.java:setRaftConf(361)) - 4e680362-d5f1-4b95-84d9-ab1f740da74c:group-68E7B745A2FF set configuration 0: [4e680362-d5f1-4b95-84d9-ab1f740da74c:192.168.157.226:46602], old=null at 0
2019-09-19 11:17:19,508 [Thread-1016] INFO  impl.FollowerState (FollowerState.java:run(106)) - 4e680362-d5f1-4b95-84d9-ab1f740da74c:group-E2793D91883A changes to CANDIDATE, lastRpcTime:5013, electionTimeout:5013ms
2019-09-19 11:17:19,508 [Thread-1016] INFO  impl.RoleInfo (RoleInfo.java:shutdownFollowerState(121)) - 4e680362-d5f1-4b95-84d9-ab1f740da74c: shutdown FollowerState
2019-09-19 11:17:19,508 [Thread-1016] INFO  impl.RaftServerImpl (RaftServerImpl.java:setRole(171)) - 4e680362-d5f1-4b95-84d9-ab1f740da74c:group-E2793D91883A changes role from FOLLOWER to CANDIDATE at term 0 for changeToCandidate
2019-09-19 11:17:19,508 [Thread-1016] INFO  impl.RoleInfo (RoleInfo.java:updateAndGet(143)) - 4e680362-d5f1-4b95-84d9-ab1f740da74c: start LeaderElection
2019-09-19 11:17:19,544 [Thread-1013] INFO  impl.FollowerState (FollowerState.java:run(106)) - 4e680362-d5f1-4b95-84d9-ab1f740da74c:group-AC6109AF5C42 changes to CANDIDATE, lastRpcTime:5087, electionTimeout:5079ms
2019-09-19 11:17:19,544 [Thread-1013] INFO  impl.RoleInfo (RoleInfo.java:shutdownFollowerState(121)) - 4e680362-d5f1-4b95-84d9-ab1f740da74c: shutdown FollowerState
2019-09-19 11:17:19,544 [Thread-1013] INFO  impl.RaftServerImpl (RaftServerImpl.java:setRole(171)) - 4e680362-d5f1-4b95-84d9-ab1f740da74c:group-AC6109AF5C42 changes role from FOLLOWER to CANDIDATE at term 0 for changeToCandidate
2019-09-19 11:17:19,544 [Thread-1013] INFO  impl.RoleInfo (RoleInfo.java:updateAndGet(143)) - 4e680362-d5f1-4b95-84d9-ab1f740da74c: start LeaderElection
2019-09-19 11:17:19,557 [4e680362-d5f1-4b95-84d9-ab1f740da74c-SegmentedRaftLogWorker:Storage Directory /workdir/hadoop-ozone/integration-test/target/test-dir/MiniOzoneClusterImpl-98b5687d-2982-4c4e-aef5-e1e97daefe6b/datanode-2/data/ratis/a02e18e7-601c-431a-a71d-ac85816b3a5f] INFO  segmented.SegmentedRaftLogWorker (SegmentedRaftLogWorker.java:execute(569)) - 4e680362-d5f1-4b95-84d9-ab1f740da74c-SegmentedRaftLogWorker:Storage Directory /workdir/hadoop-ozone/integration-test/target/test-dir/MiniOzoneClusterImpl-98b5687d-2982-4c4e-aef5-e1e97daefe6b/datanode-2/data/ratis/a02e18e7-601c-431a-a71d-ac85816b3a5f: created new log segment /workdir/hadoop-ozone/integration-test/target/test-dir/MiniOzoneClusterImpl-98b5687d-2982-4c4e-aef5-e1e97daefe6b/datanode-2/data/ratis/a02e18e7-601c-431a-a71d-ac85816b3a5f/current/log_inprogress_0
2019-09-19 11:17:19,557 [4e680362-d5f1-4b95-84d9-ab1f740da74c:group-E2793D91883A:LeaderElection70] INFO  impl.LeaderElection (LeaderElection.java:askForVotes(181)) - 4e680362-d5f1-4b95-84d9-ab1f740da74c:group-E2793D91883A:LeaderElection70: begin an election at term 1 for -1: [4e680362-d5f1-4b95-84d9-ab1f740da74c:192.168.157.226:46602], old=null
2019-09-19 11:17:19,557 [4e680362-d5f1-4b95-84d9-ab1f740da74c:group-AC6109AF5C42:LeaderElection71] INFO  impl.LeaderElection (LeaderElection.java:askForVotes(181)) - 4e680362-d5f1-4b95-84d9-ab1f740da74c:group-AC6109AF5C42:LeaderElection71: begin an election at term 1 for -1: [4e680362-d5f1-4b95-84d9-ab1f740da74c:192.168.157.226:46602], old=null
2019-09-19 11:17:19,557 [4e680362-d5f1-4b95-84d9-ab1f740da74c-SegmentedRaftLogWorker:Storage Directory /workdir/hadoop-ozone/integration-test/target/test-dir/MiniOzoneClusterImpl-98b5687d-2982-4c4e-aef5-e1e97daefe6b/datanode-2/data/ratis/9d9e55cf-861a-4e4e-b8b7-68e7b745a2ff] INFO  segmented.SegmentedRaftLogWorker (SegmentedRaftLogWorker.java:execute(569)) - 4e680362-d5f1-4b95-84d9-ab1f740da74c-SegmentedRaftLogWorker:Storage Directory /workdir/hadoop-ozone/integration-test/target/test-dir/MiniOzoneClusterImpl-98b5687d-2982-4c4e-aef5-e1e97daefe6b/datanode-2/data/ratis/9d9e55cf-861a-4e4e-b8b7-68e7b745a2ff: created new log segment /workdir/hadoop-ozone/integration-test/target/test-dir/MiniOzoneClusterImpl-98b5687d-2982-4c4e-aef5-e1e97daefe6b/datanode-2/data/ratis/9d9e55cf-861a-4e4e-b8b7-68e7b745a2ff/current/log_inprogress_0
2019-09-19 11:17:19,557 [4e680362-d5f1-4b95-84d9-ab1f740da74c:group-AC6109AF5C42:LeaderElection71] INFO  impl.RoleInfo (RoleInfo.java:shutdownLeaderElection(134)) - 4e680362-d5f1-4b95-84d9-ab1f740da74c: shutdown LeaderElection
2019-09-19 11:17:19,557 [4e680362-d5f1-4b95-84d9-ab1f740da74c:group-E2793D91883A:LeaderElection70] INFO  impl.RoleInfo (RoleInfo.java:shutdownLeaderElection(134)) - 4e680362-d5f1-4b95-84d9-ab1f740da74c: shutdown LeaderElection
2019-09-19 11:17:19,558 [4e680362-d5f1-4b95-84d9-ab1f740da74c:group-AC6109AF5C42:LeaderElection71] INFO  impl.RaftServerImpl (RaftServerImpl.java:setRole(171)) - 4e680362-d5f1-4b95-84d9-ab1f740da74c:group-AC6109AF5C42 changes role from CANDIDATE to LEADER at term 1 for changeToLeader
2019-09-19 11:17:19,558 [4e680362-d5f1-4b95-84d9-ab1f740da74c:group-E2793D91883A:LeaderElection70] INFO  impl.RaftServerImpl (RaftServerImpl.java:setRole(171)) - 4e680362-d5f1-4b95-84d9-ab1f740da74c:group-E2793D91883A changes role from CANDIDATE to LEADER at term 1 for changeToLeader
2019-09-19 11:17:19,558 [4e680362-d5f1-4b95-84d9-ab1f740da74c:group-E2793D91883A:LeaderElection70] INFO  impl.RaftServerImpl (ServerState.java:setLeader(263)) - 4e680362-d5f1-4b95-84d9-ab1f740da74c:group-E2793D91883A change Leader from null to 4e680362-d5f1-4b95-84d9-ab1f740da74c at term 1 for becomeLeader, leader elected after 5066ms
2019-09-19 11:17:19,558 [4e680362-d5f1-4b95-84d9-ab1f740da74c:group-AC6109AF5C42:LeaderElection71] INFO  impl.RaftServerImpl (ServerState.java:setLeader(263)) - 4e680362-d5f1-4b95-84d9-ab1f740da74c:group-AC6109AF5C42 change Leader from null to 4e680362-d5f1-4b95-84d9-ab1f740da74c at term 1 for becomeLeader, leader elected after 5104ms
2019-09-19 11:17:19,558 [4e680362-d5f1-4b95-84d9-ab1f740da74c:group-E2793D91883A:LeaderElection70] INFO  server.RaftServerConfigKeys (ConfUtils.java:logGet(43)) - raft.server.staging.catchup.gap = 1000 (default)
2019-09-19 11:17:19,558 [4e680362-d5f1-4b95-84d9-ab1f740da74c:group-AC6109AF5C42:LeaderElection71] INFO  server.RaftServerConfigKeys (ConfUtils.java:logGet(43)) - raft.server.staging.catchup.gap = 1000 (default)
2019-09-19 11:17:19,558 [4e680362-d5f1-4b95-84d9-ab1f740da74c:group-E2793D91883A:LeaderElection70] INFO  server.RaftServerConfigKeys (ConfUtils.java:logGet(43)) - raft.server.rpc.sleep.time = 25ms (default)
2019-09-19 11:17:19,558 [4e680362-d5f1-4b95-84d9-ab1f740da74c:group-AC6109AF5C42:LeaderElection71] INFO  server.RaftServerConfigKeys (ConfUtils.java:logGet(43)) - raft.server.rpc.sleep.time = 25ms (default)
2019-09-19 11:17:19,559 [4e680362-d5f1-4b95-84d9-ab1f740da74c:group-E2793D91883A:LeaderElection70] INFO  server.RaftServerConfigKeys (ConfUtils.java:logGet(43)) - raft.server.write.element-limit = 4096 (default)
2019-09-19 11:17:19,559 [4e680362-d5f1-4b95-84d9-ab1f740da74c:group-AC6109AF5C42:LeaderElection71] INFO  server.RaftServerConfigKeys (ConfUtils.java:logGet(43)) - raft.server.write.element-limit = 4096 (default)
2019-09-19 11:17:19,559 [4e680362-d5f1-4b95-84d9-ab1f740da74c:group-E2793D91883A:LeaderElection70] INFO  server.RaftServerConfigKeys (ConfUtils.java:logGet(43)) - raft.server.watch.timeout = 10s (default)
2019-09-19 11:17:19,559 [4e680362-d5f1-4b95-84d9-ab1f740da74c:group-AC6109AF5C42:LeaderElection71] INFO  server.RaftServerConfigKeys (ConfUtils.java:logGet(43)) - raft.server.watch.timeout = 10s (default)
2019-09-19 11:17:19,559 [4e680362-d5f1-4b95-84d9-ab1f740da74c:group-E2793D91883A:LeaderElection70] INFO  server.RaftServerConfigKeys (ConfUtils.java:logGet(43)) - raft.server.watch.timeout.denomination = 1s (default)
2019-09-19 11:17:19,559 [4e680362-d5f1-4b95-84d9-ab1f740da74c:group-AC6109AF5C42:LeaderElection71] INFO  server.RaftServerConfigKeys (ConfUtils.java:logGet(43)) - raft.server.watch.timeout.denomination = 1s (default)
2019-09-19 11:17:19,559 [4e680362-d5f1-4b95-84d9-ab1f740da74c:group-E2793D91883A:LeaderElection70] INFO  server.RaftServerConfigKeys (ConfUtils.java:logGet(43)) - raft.server.watch.element-limit = 65536 (default)
2019-09-19 11:17:19,559 [4e680362-d5f1-4b95-84d9-ab1f740da74c:group-AC6109AF5C42:LeaderElection71] INFO  server.RaftServerConfigKeys (ConfUtils.java:logGet(43)) - raft.server.watch.element-limit = 65536 (default)
2019-09-19 11:17:19,560 [4e680362-d5f1-4b95-84d9-ab1f740da74c:group-E2793D91883A:LeaderElection70] INFO  impl.RoleInfo (RoleInfo.java:updateAndGet(143)) - 4e680362-d5f1-4b95-84d9-ab1f740da74c: start LeaderState
2019-09-19 11:17:19,560 [4e680362-d5f1-4b95-84d9-ab1f740da74c:group-AC6109AF5C42:LeaderElection71] INFO  impl.RoleInfo (RoleInfo.java:updateAndGet(143)) - 4e680362-d5f1-4b95-84d9-ab1f740da74c: start LeaderState
2019-09-19 11:17:19,560 [4e680362-d5f1-4b95-84d9-ab1f740da74c:group-E2793D91883A:LeaderElection70] INFO  segmented.SegmentedRaftLogWorker (SegmentedRaftLogWorker.java:startLogSegment(380)) - 4e680362-d5f1-4b95-84d9-ab1f740da74c-SegmentedRaftLogWorker:Storage Directory /workdir/hadoop-ozone/integration-test/target/test-dir/MiniOzoneClusterImpl-98b5687d-2982-4c4e-aef5-e1e97daefe6b/datanode-2/data/ratis/6a3eb2d1-04a4-4f20-8fab-e2793d91883a: Starting segment from index:0
2019-09-19 11:17:19,560 [4e680362-d5f1-4b95-84d9-ab1f740da74c:group-AC6109AF5C42:LeaderElection71] INFO  segmented.SegmentedRaftLogWorker (SegmentedRaftLogWorker.java:startLogSegment(380)) - 4e680362-d5f1-4b95-84d9-ab1f740da74c-SegmentedRaftLogWorker:Storage Directory /workdir/hadoop-ozone/integration-test/target/test-dir/MiniOzoneClusterImpl-98b5687d-2982-4c4e-aef5-e1e97daefe6b/datanode-2/data/ratis/70795048-c2f2-4b1e-88f5-ac6109af5c42: Starting segment from index:0
2019-09-19 11:17:19,560 [4e680362-d5f1-4b95-84d9-ab1f740da74c:group-E2793D91883A:LeaderElection70] INFO  impl.RaftServerImpl (ServerState.java:setRaftConf(361)) - 4e680362-d5f1-4b95-84d9-ab1f740da74c:group-E2793D91883A set configuration 0: [4e680362-d5f1-4b95-84d9-ab1f740da74c:192.168.157.226:46602], old=null at 0
2019-09-19 11:17:19,561 [4e680362-d5f1-4b95-84d9-ab1f740da74c:group-AC6109AF5C42:LeaderElection71] INFO  impl.RaftServerImpl (ServerState.java:setRaftConf(361)) - 4e680362-d5f1-4b95-84d9-ab1f740da74c:group-AC6109AF5C42 set configuration 0: [4e680362-d5f1-4b95-84d9-ab1f740da74c:192.168.157.226:46602], old=null at 0
2019-09-19 11:17:19,608 [4e680362-d5f1-4b95-84d9-ab1f740da74c-SegmentedRaftLogWorker:Storage Directory /workdir/hadoop-ozone/integration-test/target/test-dir/MiniOzoneClusterImpl-98b5687d-2982-4c4e-aef5-e1e97daefe6b/datanode-2/data/ratis/70795048-c2f2-4b1e-88f5-ac6109af5c42] INFO  segmented.SegmentedRaftLogWorker (SegmentedRaftLogWorker.java:execute(569)) - 4e680362-d5f1-4b95-84d9-ab1f740da74c-SegmentedRaftLogWorker:Storage Directory /workdir/hadoop-ozone/integration-test/target/test-dir/MiniOzoneClusterImpl-98b5687d-2982-4c4e-aef5-e1e97daefe6b/datanode-2/data/ratis/70795048-c2f2-4b1e-88f5-ac6109af5c42: created new log segment /workdir/hadoop-ozone/integration-test/target/test-dir/MiniOzoneClusterImpl-98b5687d-2982-4c4e-aef5-e1e97daefe6b/datanode-2/data/ratis/70795048-c2f2-4b1e-88f5-ac6109af5c42/current/log_inprogress_0
2019-09-19 11:17:19,608 [4e680362-d5f1-4b95-84d9-ab1f740da74c-SegmentedRaftLogWorker:Storage Directory /workdir/hadoop-ozone/integration-test/target/test-dir/MiniOzoneClusterImpl-98b5687d-2982-4c4e-aef5-e1e97daefe6b/datanode-2/data/ratis/6a3eb2d1-04a4-4f20-8fab-e2793d91883a] INFO  segmented.SegmentedRaftLogWorker (SegmentedRaftLogWorker.java:execute(569)) - 4e680362-d5f1-4b95-84d9-ab1f740da74c-SegmentedRaftLogWorker:Storage Directory /workdir/hadoop-ozone/integration-test/target/test-dir/MiniOzoneClusterImpl-98b5687d-2982-4c4e-aef5-e1e97daefe6b/datanode-2/data/ratis/6a3eb2d1-04a4-4f20-8fab-e2793d91883a: created new log segment /workdir/hadoop-ozone/integration-test/target/test-dir/MiniOzoneClusterImpl-98b5687d-2982-4c4e-aef5-e1e97daefe6b/datanode-2/data/ratis/6a3eb2d1-04a4-4f20-8fab-e2793d91883a/current/log_inprogress_0
2019-09-19 11:17:19,713 [Thread-1019] INFO  impl.FollowerState (FollowerState.java:run(106)) - 4e680362-d5f1-4b95-84d9-ab1f740da74c:group-1534A3FB6C29 changes to CANDIDATE, lastRpcTime:5179, electionTimeout:5179ms
2019-09-19 11:17:19,713 [Thread-1019] INFO  impl.RoleInfo (RoleInfo.java:shutdownFollowerState(121)) - 4e680362-d5f1-4b95-84d9-ab1f740da74c: shutdown FollowerState
2019-09-19 11:17:19,714 [Thread-1019] INFO  impl.RaftServerImpl (RaftServerImpl.java:setRole(171)) - 4e680362-d5f1-4b95-84d9-ab1f740da74c:group-1534A3FB6C29 changes role from FOLLOWER to CANDIDATE at term 0 for changeToCandidate
2019-09-19 11:17:19,714 [Thread-1019] INFO  impl.RoleInfo (RoleInfo.java:updateAndGet(143)) - 4e680362-d5f1-4b95-84d9-ab1f740da74c: start LeaderElection
2019-09-19 11:17:19,730 [4e680362-d5f1-4b95-84d9-ab1f740da74c:group-1534A3FB6C29:LeaderElection72] INFO  impl.LeaderElection (LeaderElection.java:askForVotes(181)) - 4e680362-d5f1-4b95-84d9-ab1f740da74c:group-1534A3FB6C29:LeaderElection72: begin an election at term 1 for -1: [4e680362-d5f1-4b95-84d9-ab1f740da74c:192.168.157.226:46602], old=null
2019-09-19 11:17:19,731 [4e680362-d5f1-4b95-84d9-ab1f740da74c:group-1534A3FB6C29:LeaderElection72] INFO  impl.RoleInfo (RoleInfo.java:shutdownLeaderElection(134)) - 4e680362-d5f1-4b95-84d9-ab1f740da74c: shutdown LeaderElection
2019-09-19 11:17:19,731 [4e680362-d5f1-4b95-84d9-ab1f740da74c:group-1534A3FB6C29:LeaderElection72] INFO  impl.RaftServerImpl (RaftServerImpl.java:setRole(171)) - 4e680362-d5f1-4b95-84d9-ab1f740da74c:group-1534A3FB6C29 changes role from CANDIDATE to LEADER at term 1 for changeToLeader
2019-09-19 11:17:19,731 [4e680362-d5f1-4b95-84d9-ab1f740da74c:group-1534A3FB6C29:LeaderElection72] INFO  impl.RaftServerImpl (ServerState.java:setLeader(263)) - 4e680362-d5f1-4b95-84d9-ab1f740da74c:group-1534A3FB6C29 change Leader from null to 4e680362-d5f1-4b95-84d9-ab1f740da74c at term 1 for becomeLeader, leader elected after 5199ms
2019-09-19 11:17:19,731 [4e680362-d5f1-4b95-84d9-ab1f740da74c:group-1534A3FB6C29:LeaderElection72] INFO  server.RaftServerConfigKeys (ConfUtils.java:logGet(43)) - raft.server.staging.catchup.gap = 1000 (default)
2019-09-19 11:17:19,731 [4e680362-d5f1-4b95-84d9-ab1f740da74c:group-1534A3FB6C29:LeaderElection72] INFO  server.RaftServerConfigKeys (ConfUtils.java:logGet(43)) - raft.server.rpc.sleep.time = 25ms (default)
2019-09-19 11:17:19,731 [4e680362-d5f1-4b95-84d9-ab1f740da74c:group-1534A3FB6C29:LeaderElection72] INFO  server.RaftServerConfigKeys (ConfUtils.java:logGet(43)) - raft.server.write.element-limit = 4096 (default)
2019-09-19 11:17:19,731 [4e680362-d5f1-4b95-84d9-ab1f740da74c:group-1534A3FB6C29:LeaderElection72] INFO  server.RaftServerConfigKeys (ConfUtils.java:logGet(43)) - raft.server.watch.timeout = 10s (default)
2019-09-19 11:17:19,731 [4e680362-d5f1-4b95-84d9-ab1f740da74c:group-1534A3FB6C29:LeaderElection72] INFO  server.RaftServerConfigKeys (ConfUtils.java:logGet(43)) - raft.server.watch.timeout.denomination = 1s (default)
2019-09-19 11:17:19,732 [4e680362-d5f1-4b95-84d9-ab1f740da74c:group-1534A3FB6C29:LeaderElection72] INFO  server.RaftServerConfigKeys (ConfUtils.java:logGet(43)) - raft.server.watch.element-limit = 65536 (default)
2019-09-19 11:17:19,732 [4e680362-d5f1-4b95-84d9-ab1f740da74c:group-1534A3FB6C29:LeaderElection72] INFO  impl.RoleInfo (RoleInfo.java:updateAndGet(143)) - 4e680362-d5f1-4b95-84d9-ab1f740da74c: start LeaderState
2019-09-19 11:17:19,732 [4e680362-d5f1-4b95-84d9-ab1f740da74c:group-1534A3FB6C29:LeaderElection72] INFO  segmented.SegmentedRaftLogWorker (SegmentedRaftLogWorker.java:startLogSegment(380)) - 4e680362-d5f1-4b95-84d9-ab1f740da74c-SegmentedRaftLogWorker:Storage Directory /workdir/hadoop-ozone/integration-test/target/test-dir/MiniOzoneClusterImpl-98b5687d-2982-4c4e-aef5-e1e97daefe6b/datanode-2/data/ratis/cdd38efd-4001-447e-bf13-1534a3fb6c29: Starting segment from index:0
2019-09-19 11:17:19,732 [4e680362-d5f1-4b95-84d9-ab1f740da74c:group-1534A3FB6C29:LeaderElection72] INFO  impl.RaftServerImpl (ServerState.java:setRaftConf(361)) - 4e680362-d5f1-4b95-84d9-ab1f740da74c:group-1534A3FB6C29 set configuration 0: [4e680362-d5f1-4b95-84d9-ab1f740da74c:192.168.157.226:46602], old=null at 0
2019-09-19 11:17:19,768 [4e680362-d5f1-4b95-84d9-ab1f740da74c-SegmentedRaftLogWorker:Storage Directory /workdir/hadoop-ozone/integration-test/target/test-dir/MiniOzoneClusterImpl-98b5687d-2982-4c4e-aef5-e1e97daefe6b/datanode-2/data/ratis/cdd38efd-4001-447e-bf13-1534a3fb6c29] INFO  segmented.SegmentedRaftLogWorker (SegmentedRaftLogWorker.java:execute(569)) - 4e680362-d5f1-4b95-84d9-ab1f740da74c-SegmentedRaftLogWorker:Storage Directory /workdir/hadoop-ozone/integration-test/target/test-dir/MiniOzoneClusterImpl-98b5687d-2982-4c4e-aef5-e1e97daefe6b/datanode-2/data/ratis/cdd38efd-4001-447e-bf13-1534a3fb6c29: created new log segment /workdir/hadoop-ozone/integration-test/target/test-dir/MiniOzoneClusterImpl-98b5687d-2982-4c4e-aef5-e1e97daefe6b/datanode-2/data/ratis/cdd38efd-4001-447e-bf13-1534a3fb6c29/current/log_inprogress_0
2019-09-19 11:17:20,198 | INFO  | SCMAudit | user=jenkins1000 | ip=192.168.157.226 | op=SEND_HEARTBEAT {datanodeUUID=4e680362-d5f1-4b95-84d9-ab1f740da74c, command=[]} | ret=SUCCESS |  
2019-09-19 11:17:20,226 [main] INFO  ozoneimpl.OzoneContainer (OzoneContainer.java:stop(199)) - Attempting to stop container services.
2019-09-19 11:17:20,227 [ForkJoinPool.commonPool-worker-1] INFO  ozoneimpl.OzoneContainer (OzoneContainer.java:stop(199)) - Attempting to stop container services.
2019-09-19 11:17:20,227 [main] INFO  impl.RaftServerProxy (RaftServerProxy.java:lambda$close$4(314)) - e7a9a6a6-ed4d-4d3b-87b5-03d4e3088f46: close
2019-09-19 11:17:20,227 [ForkJoinPool.commonPool-worker-1] INFO  impl.RaftServerProxy (RaftServerProxy.java:lambda$close$4(314)) - 01520e7f-d70f-4779-806a-955dc689a5b3: close
2019-09-19 11:17:20,228 [main] INFO  impl.RaftServerImpl (RaftServerImpl.java:lambda$shutdown$3(245)) - e7a9a6a6-ed4d-4d3b-87b5-03d4e3088f46: shutdown group-E9AFC32EE278
2019-09-19 11:17:20,228 [ForkJoinPool.commonPool-worker-1] INFO  impl.RaftServerImpl (RaftServerImpl.java:lambda$shutdown$3(245)) - 01520e7f-d70f-4779-806a-955dc689a5b3: shutdown group-8E85120221D9
2019-09-19 11:17:20,228 [main] INFO  util.JmxRegister (JmxRegister.java:unregister(73)) - Successfully un-registered JMX Bean with object name Ratis:service=RaftServer,group=group-E9AFC32EE278,id=e7a9a6a6-ed4d-4d3b-87b5-03d4e3088f46
2019-09-19 11:17:20,228 [ForkJoinPool.commonPool-worker-1] INFO  util.JmxRegister (JmxRegister.java:unregister(73)) - Successfully un-registered JMX Bean with object name Ratis:service=RaftServer,group=group-8E85120221D9,id=01520e7f-d70f-4779-806a-955dc689a5b3
2019-09-19 11:17:20,229 [main] INFO  impl.RoleInfo (RoleInfo.java:shutdownLeaderState(104)) - e7a9a6a6-ed4d-4d3b-87b5-03d4e3088f46: shutdown LeaderState
2019-09-19 11:17:20,229 [ForkJoinPool.commonPool-worker-1] INFO  impl.RoleInfo (RoleInfo.java:shutdownLeaderState(104)) - 01520e7f-d70f-4779-806a-955dc689a5b3: shutdown LeaderState
2019-09-19 11:17:20,230 [main] INFO  impl.PendingRequests (PendingRequests.java:sendNotLeaderResponses(202)) - e7a9a6a6-ed4d-4d3b-87b5-03d4e3088f46-PendingRequests: sendNotLeaderResponses
2019-09-19 11:17:20,230 [ForkJoinPool.commonPool-worker-1] INFO  impl.PendingRequests (PendingRequests.java:sendNotLeaderResponses(202)) - 01520e7f-d70f-4779-806a-955dc689a5b3-PendingRequests: sendNotLeaderResponses
2019-09-19 11:17:20,230 [main] INFO  impl.StateMachineUpdater (StateMachineUpdater.java:stopAndJoin(115)) - StateMachineUpdater:e7a9a6a6-ed4d-4d3b-87b5-03d4e3088f46:group-E9AFC32EE278: set stopIndex = 0
2019-09-19 11:17:20,231 [main] INFO  impl.RaftServerImpl (ServerState.java:close(394)) - e7a9a6a6-ed4d-4d3b-87b5-03d4e3088f46:group-E9AFC32EE278 closes. The last applied log index is 0
2019-09-19 11:17:20,230 [ForkJoinPool.commonPool-worker-1] INFO  impl.StateMachineUpdater (StateMachineUpdater.java:stopAndJoin(115)) - StateMachineUpdater:01520e7f-d70f-4779-806a-955dc689a5b3:group-8E85120221D9: set stopIndex = 0
2019-09-19 11:17:20,231 [ForkJoinPool.commonPool-worker-1] INFO  impl.RaftServerImpl (ServerState.java:close(394)) - 01520e7f-d70f-4779-806a-955dc689a5b3:group-8E85120221D9 closes. The last applied log index is 0
2019-09-19 11:17:20,231 [e7a9a6a6-ed4d-4d3b-87b5-03d4e3088f46-SegmentedRaftLogWorker:Storage Directory /workdir/hadoop-ozone/integration-test/target/test-dir/MiniOzoneClusterImpl-98b5687d-2982-4c4e-aef5-e1e97daefe6b/datanode-1/data/ratis/9799dc7b-9b53-4c83-b00d-e9afc32ee278] INFO  segmented.SegmentedRaftLogWorker (SegmentedRaftLogWorker.java:run(313)) - e7a9a6a6-ed4d-4d3b-87b5-03d4e3088f46-SegmentedRaftLogWorker:Storage Directory /workdir/hadoop-ozone/integration-test/target/test-dir/MiniOzoneClusterImpl-98b5687d-2982-4c4e-aef5-e1e97daefe6b/datanode-1/data/ratis/9799dc7b-9b53-4c83-b00d-e9afc32ee278 was interrupted, exiting. There are 0 tasks remaining in the queue.
2019-09-19 11:17:20,232 [01520e7f-d70f-4779-806a-955dc689a5b3-SegmentedRaftLogWorker:Storage Directory /workdir/hadoop-ozone/integration-test/target/test-dir/MiniOzoneClusterImpl-98b5687d-2982-4c4e-aef5-e1e97daefe6b/datanode-0/data/ratis/01ab4b0f-fbde-422f-aa3f-8e85120221d9] INFO  segmented.SegmentedRaftLogWorker (SegmentedRaftLogWorker.java:run(313)) - 01520e7f-d70f-4779-806a-955dc689a5b3-SegmentedRaftLogWorker:Storage Directory /workdir/hadoop-ozone/integration-test/target/test-dir/MiniOzoneClusterImpl-98b5687d-2982-4c4e-aef5-e1e97daefe6b/datanode-0/data/ratis/01ab4b0f-fbde-422f-aa3f-8e85120221d9 was interrupted, exiting. There are 0 tasks remaining in the queue.
2019-09-19 11:17:20,232 [main] INFO  segmented.SegmentedRaftLogWorker (SegmentedRaftLogWorker.java:close(228)) - e7a9a6a6-ed4d-4d3b-87b5-03d4e3088f46-SegmentedRaftLogWorker:Storage Directory /workdir/hadoop-ozone/integration-test/target/test-dir/MiniOzoneClusterImpl-98b5687d-2982-4c4e-aef5-e1e97daefe6b/datanode-1/data/ratis/9799dc7b-9b53-4c83-b00d-e9afc32ee278 close()
2019-09-19 11:17:20,234 [main] INFO  impl.RaftServerImpl (RaftServerImpl.java:lambda$shutdown$3(245)) - e7a9a6a6-ed4d-4d3b-87b5-03d4e3088f46: shutdown group-171D0E62FF38
2019-09-19 11:17:20,235 [main] INFO  util.JmxRegister (JmxRegister.java:unregister(73)) - Successfully un-registered JMX Bean with object name Ratis:service=RaftServer,group=group-171D0E62FF38,id=e7a9a6a6-ed4d-4d3b-87b5-03d4e3088f46
2019-09-19 11:17:20,235 [main] INFO  impl.RoleInfo (RoleInfo.java:shutdownLeaderState(104)) - e7a9a6a6-ed4d-4d3b-87b5-03d4e3088f46: shutdown LeaderState
2019-09-19 11:17:20,236 [main] INFO  impl.PendingRequests (PendingRequests.java:sendNotLeaderResponses(202)) - e7a9a6a6-ed4d-4d3b-87b5-03d4e3088f46-PendingRequests: sendNotLeaderResponses
2019-09-19 11:17:20,236 [ForkJoinPool.commonPool-worker-1] INFO  segmented.SegmentedRaftLogWorker (SegmentedRaftLogWorker.java:close(228)) - 01520e7f-d70f-4779-806a-955dc689a5b3-SegmentedRaftLogWorker:Storage Directory /workdir/hadoop-ozone/integration-test/target/test-dir/MiniOzoneClusterImpl-98b5687d-2982-4c4e-aef5-e1e97daefe6b/datanode-0/data/ratis/01ab4b0f-fbde-422f-aa3f-8e85120221d9 close()
2019-09-19 11:17:20,236 [main] INFO  impl.StateMachineUpdater (StateMachineUpdater.java:stopAndJoin(115)) - StateMachineUpdater:e7a9a6a6-ed4d-4d3b-87b5-03d4e3088f46:group-171D0E62FF38: set stopIndex = 0
2019-09-19 11:17:20,238 [ForkJoinPool.commonPool-worker-1] INFO  impl.RaftServerImpl (RaftServerImpl.java:lambda$shutdown$3(245)) - 01520e7f-d70f-4779-806a-955dc689a5b3: shutdown group-91B6491FB80F
2019-09-19 11:17:20,238 [main] INFO  impl.RaftServerImpl (ServerState.java:close(394)) - e7a9a6a6-ed4d-4d3b-87b5-03d4e3088f46:group-171D0E62FF38 closes. The last applied log index is 0
2019-09-19 11:17:20,238 [ForkJoinPool.commonPool-worker-1] INFO  util.JmxRegister (JmxRegister.java:unregister(73)) - Successfully un-registered JMX Bean with object name Ratis:service=RaftServer,group=group-91B6491FB80F,id=01520e7f-d70f-4779-806a-955dc689a5b3
2019-09-19 11:17:20,239 [e7a9a6a6-ed4d-4d3b-87b5-03d4e3088f46-SegmentedRaftLogWorker:Storage Directory /workdir/hadoop-ozone/integration-test/target/test-dir/MiniOzoneClusterImpl-98b5687d-2982-4c4e-aef5-e1e97daefe6b/datanode-1/data/ratis/c686aa49-a148-4eef-af68-171d0e62ff38] INFO  segmented.SegmentedRaftLogWorker (SegmentedRaftLogWorker.java:run(313)) - e7a9a6a6-ed4d-4d3b-87b5-03d4e3088f46-SegmentedRaftLogWorker:Storage Directory /workdir/hadoop-ozone/integration-test/target/test-dir/MiniOzoneClusterImpl-98b5687d-2982-4c4e-aef5-e1e97daefe6b/datanode-1/data/ratis/c686aa49-a148-4eef-af68-171d0e62ff38 was interrupted, exiting. There are 0 tasks remaining in the queue.
2019-09-19 11:17:20,239 [ForkJoinPool.commonPool-worker-1] INFO  impl.RoleInfo (RoleInfo.java:shutdownLeaderState(104)) - 01520e7f-d70f-4779-806a-955dc689a5b3: shutdown LeaderState
2019-09-19 11:17:20,239 [main] INFO  segmented.SegmentedRaftLogWorker (SegmentedRaftLogWorker.java:close(228)) - e7a9a6a6-ed4d-4d3b-87b5-03d4e3088f46-SegmentedRaftLogWorker:Storage Directory /workdir/hadoop-ozone/integration-test/target/test-dir/MiniOzoneClusterImpl-98b5687d-2982-4c4e-aef5-e1e97daefe6b/datanode-1/data/ratis/c686aa49-a148-4eef-af68-171d0e62ff38 close()
2019-09-19 11:17:20,240 [ForkJoinPool.commonPool-worker-1] INFO  impl.PendingRequests (PendingRequests.java:sendNotLeaderResponses(202)) - 01520e7f-d70f-4779-806a-955dc689a5b3-PendingRequests: sendNotLeaderResponses
2019-09-19 11:17:20,241 [main] INFO  impl.RaftServerImpl (RaftServerImpl.java:lambda$shutdown$3(245)) - e7a9a6a6-ed4d-4d3b-87b5-03d4e3088f46: shutdown group-DA35CEB1BEA5
2019-09-19 11:17:20,241 [ForkJoinPool.commonPool-worker-1] INFO  impl.StateMachineUpdater (StateMachineUpdater.java:stopAndJoin(115)) - StateMachineUpdater:01520e7f-d70f-4779-806a-955dc689a5b3:group-91B6491FB80F: set stopIndex = 0
2019-09-19 11:17:20,242 [main] INFO  util.JmxRegister (JmxRegister.java:unregister(73)) - Successfully un-registered JMX Bean with object name Ratis:service=RaftServer,group=group-DA35CEB1BEA5,id=e7a9a6a6-ed4d-4d3b-87b5-03d4e3088f46
2019-09-19 11:17:20,242 [ForkJoinPool.commonPool-worker-1] INFO  impl.RaftServerImpl (ServerState.java:close(394)) - 01520e7f-d70f-4779-806a-955dc689a5b3:group-91B6491FB80F closes. The last applied log index is 0
2019-09-19 11:17:20,242 [main] INFO  impl.RoleInfo (RoleInfo.java:shutdownLeaderState(104)) - e7a9a6a6-ed4d-4d3b-87b5-03d4e3088f46: shutdown LeaderState
2019-09-19 11:17:20,243 [01520e7f-d70f-4779-806a-955dc689a5b3-SegmentedRaftLogWorker:Storage Directory /workdir/hadoop-ozone/integration-test/target/test-dir/MiniOzoneClusterImpl-98b5687d-2982-4c4e-aef5-e1e97daefe6b/datanode-0/data/ratis/cfcbd903-af75-4fd2-8208-91b6491fb80f] INFO  segmented.SegmentedRaftLogWorker (SegmentedRaftLogWorker.java:run(313)) - 01520e7f-d70f-4779-806a-955dc689a5b3-SegmentedRaftLogWorker:Storage Directory /workdir/hadoop-ozone/integration-test/target/test-dir/MiniOzoneClusterImpl-98b5687d-2982-4c4e-aef5-e1e97daefe6b/datanode-0/data/ratis/cfcbd903-af75-4fd2-8208-91b6491fb80f was interrupted, exiting. There are 0 tasks remaining in the queue.
2019-09-19 11:17:20,243 [main] INFO  impl.PendingRequests (PendingRequests.java:sendNotLeaderResponses(202)) - e7a9a6a6-ed4d-4d3b-87b5-03d4e3088f46-PendingRequests: sendNotLeaderResponses
2019-09-19 11:17:20,243 [ForkJoinPool.commonPool-worker-1] INFO  segmented.SegmentedRaftLogWorker (SegmentedRaftLogWorker.java:close(228)) - 01520e7f-d70f-4779-806a-955dc689a5b3-SegmentedRaftLogWorker:Storage Directory /workdir/hadoop-ozone/integration-test/target/test-dir/MiniOzoneClusterImpl-98b5687d-2982-4c4e-aef5-e1e97daefe6b/datanode-0/data/ratis/cfcbd903-af75-4fd2-8208-91b6491fb80f close()
2019-09-19 11:17:20,244 [main] INFO  impl.StateMachineUpdater (StateMachineUpdater.java:stopAndJoin(115)) - StateMachineUpdater:e7a9a6a6-ed4d-4d3b-87b5-03d4e3088f46:group-DA35CEB1BEA5: set stopIndex = 0
2019-09-19 11:17:20,245 [main] INFO  impl.RaftServerImpl (ServerState.java:close(394)) - e7a9a6a6-ed4d-4d3b-87b5-03d4e3088f46:group-DA35CEB1BEA5 closes. The last applied log index is 0
2019-09-19 11:17:20,245 [ForkJoinPool.commonPool-worker-1] INFO  impl.RaftServerImpl (RaftServerImpl.java:lambda$shutdown$3(245)) - 01520e7f-d70f-4779-806a-955dc689a5b3: shutdown group-9E7F2FBB8F89
2019-09-19 11:17:20,246 [e7a9a6a6-ed4d-4d3b-87b5-03d4e3088f46-SegmentedRaftLogWorker:Storage Directory /workdir/hadoop-ozone/integration-test/target/test-dir/MiniOzoneClusterImpl-98b5687d-2982-4c4e-aef5-e1e97daefe6b/datanode-1/data/ratis/7e8beb7e-666e-449d-8275-da35ceb1bea5] INFO  segmented.SegmentedRaftLogWorker (SegmentedRaftLogWorker.java:run(313)) - e7a9a6a6-ed4d-4d3b-87b5-03d4e3088f46-SegmentedRaftLogWorker:Storage Directory /workdir/hadoop-ozone/integration-test/target/test-dir/MiniOzoneClusterImpl-98b5687d-2982-4c4e-aef5-e1e97daefe6b/datanode-1/data/ratis/7e8beb7e-666e-449d-8275-da35ceb1bea5 was interrupted, exiting. There are 0 tasks remaining in the queue.
2019-09-19 11:17:20,246 [ForkJoinPool.commonPool-worker-1] INFO  util.JmxRegister (JmxRegister.java:unregister(73)) - Successfully un-registered JMX Bean with object name Ratis:service=RaftServer,group=group-9E7F2FBB8F89,id=01520e7f-d70f-4779-806a-955dc689a5b3
2019-09-19 11:17:20,246 [main] INFO  segmented.SegmentedRaftLogWorker (SegmentedRaftLogWorker.java:close(228)) - e7a9a6a6-ed4d-4d3b-87b5-03d4e3088f46-SegmentedRaftLogWorker:Storage Directory /workdir/hadoop-ozone/integration-test/target/test-dir/MiniOzoneClusterImpl-98b5687d-2982-4c4e-aef5-e1e97daefe6b/datanode-1/data/ratis/7e8beb7e-666e-449d-8275-da35ceb1bea5 close()
2019-09-19 11:17:20,247 [ForkJoinPool.commonPool-worker-1] INFO  impl.RoleInfo (RoleInfo.java:shutdownLeaderState(104)) - 01520e7f-d70f-4779-806a-955dc689a5b3: shutdown LeaderState
2019-09-19 11:17:20,248 [main] INFO  impl.RaftServerImpl (RaftServerImpl.java:lambda$shutdown$3(245)) - e7a9a6a6-ed4d-4d3b-87b5-03d4e3088f46: shutdown group-2447616916A5
2019-09-19 11:17:20,248 [ForkJoinPool.commonPool-worker-1] INFO  impl.PendingRequests (PendingRequests.java:sendNotLeaderResponses(202)) - 01520e7f-d70f-4779-806a-955dc689a5b3-PendingRequests: sendNotLeaderResponses
2019-09-19 11:17:20,249 [main] INFO  util.JmxRegister (JmxRegister.java:unregister(73)) - Successfully un-registered JMX Bean with object name Ratis:service=RaftServer,group=group-2447616916A5,id=e7a9a6a6-ed4d-4d3b-87b5-03d4e3088f46
2019-09-19 11:17:20,249 [ForkJoinPool.commonPool-worker-1] INFO  impl.StateMachineUpdater (StateMachineUpdater.java:stopAndJoin(115)) - StateMachineUpdater:01520e7f-d70f-4779-806a-955dc689a5b3:group-9E7F2FBB8F89: set stopIndex = 0
2019-09-19 11:17:20,249 [main] INFO  impl.RoleInfo (RoleInfo.java:shutdownLeaderState(104)) - e7a9a6a6-ed4d-4d3b-87b5-03d4e3088f46: shutdown LeaderState
2019-09-19 11:17:20,249 [ForkJoinPool.commonPool-worker-1] INFO  impl.RaftServerImpl (ServerState.java:close(394)) - 01520e7f-d70f-4779-806a-955dc689a5b3:group-9E7F2FBB8F89 closes. The last applied log index is 0
2019-09-19 11:17:20,250 [main] INFO  impl.PendingRequests (PendingRequests.java:sendNotLeaderResponses(202)) - e7a9a6a6-ed4d-4d3b-87b5-03d4e3088f46-PendingRequests: sendNotLeaderResponses
2019-09-19 11:17:20,250 [01520e7f-d70f-4779-806a-955dc689a5b3-SegmentedRaftLogWorker:Storage Directory /workdir/hadoop-ozone/integration-test/target/test-dir/MiniOzoneClusterImpl-98b5687d-2982-4c4e-aef5-e1e97daefe6b/datanode-0/data/ratis/0047ecf4-369a-425d-866b-9e7f2fbb8f89] INFO  segmented.SegmentedRaftLogWorker (SegmentedRaftLogWorker.java:run(313)) - 01520e7f-d70f-4779-806a-955dc689a5b3-SegmentedRaftLogWorker:Storage Directory /workdir/hadoop-ozone/integration-test/target/test-dir/MiniOzoneClusterImpl-98b5687d-2982-4c4e-aef5-e1e97daefe6b/datanode-0/data/ratis/0047ecf4-369a-425d-866b-9e7f2fbb8f89 was interrupted, exiting. There are 0 tasks remaining in the queue.
2019-09-19 11:17:20,251 [main] INFO  impl.StateMachineUpdater (StateMachineUpdater.java:stopAndJoin(115)) - StateMachineUpdater:e7a9a6a6-ed4d-4d3b-87b5-03d4e3088f46:group-2447616916A5: set stopIndex = 0
2019-09-19 11:17:20,251 [ForkJoinPool.commonPool-worker-1] INFO  segmented.SegmentedRaftLogWorker (SegmentedRaftLogWorker.java:close(228)) - 01520e7f-d70f-4779-806a-955dc689a5b3-SegmentedRaftLogWorker:Storage Directory /workdir/hadoop-ozone/integration-test/target/test-dir/MiniOzoneClusterImpl-98b5687d-2982-4c4e-aef5-e1e97daefe6b/datanode-0/data/ratis/0047ecf4-369a-425d-866b-9e7f2fbb8f89 close()
2019-09-19 11:17:20,251 [main] INFO  impl.RaftServerImpl (ServerState.java:close(394)) - e7a9a6a6-ed4d-4d3b-87b5-03d4e3088f46:group-2447616916A5 closes. The last applied log index is 0
2019-09-19 11:17:20,252 [ForkJoinPool.commonPool-worker-1] INFO  impl.RaftServerImpl (RaftServerImpl.java:lambda$shutdown$3(245)) - 01520e7f-d70f-4779-806a-955dc689a5b3: shutdown group-C166A81C7C28
2019-09-19 11:17:20,253 [e7a9a6a6-ed4d-4d3b-87b5-03d4e3088f46-SegmentedRaftLogWorker:Storage Directory /workdir/hadoop-ozone/integration-test/target/test-dir/MiniOzoneClusterImpl-98b5687d-2982-4c4e-aef5-e1e97daefe6b/datanode-1/data/ratis/e144c116-b218-443c-8d51-2447616916a5] INFO  segmented.SegmentedRaftLogWorker (SegmentedRaftLogWorker.java:run(313)) - e7a9a6a6-ed4d-4d3b-87b5-03d4e3088f46-SegmentedRaftLogWorker:Storage Directory /workdir/hadoop-ozone/integration-test/target/test-dir/MiniOzoneClusterImpl-98b5687d-2982-4c4e-aef5-e1e97daefe6b/datanode-1/data/ratis/e144c116-b218-443c-8d51-2447616916a5 was interrupted, exiting. There are 0 tasks remaining in the queue.
2019-09-19 11:17:20,253 [ForkJoinPool.commonPool-worker-1] INFO  util.JmxRegister (JmxRegister.java:unregister(73)) - Successfully un-registered JMX Bean with object name Ratis:service=RaftServer,group=group-C166A81C7C28,id=01520e7f-d70f-4779-806a-955dc689a5b3
2019-09-19 11:17:20,253 [main] INFO  segmented.SegmentedRaftLogWorker (SegmentedRaftLogWorker.java:close(228)) - e7a9a6a6-ed4d-4d3b-87b5-03d4e3088f46-SegmentedRaftLogWorker:Storage Directory /workdir/hadoop-ozone/integration-test/target/test-dir/MiniOzoneClusterImpl-98b5687d-2982-4c4e-aef5-e1e97daefe6b/datanode-1/data/ratis/e144c116-b218-443c-8d51-2447616916a5 close()
2019-09-19 11:17:20,253 [ForkJoinPool.commonPool-worker-1] INFO  impl.RoleInfo (RoleInfo.java:shutdownLeaderState(104)) - 01520e7f-d70f-4779-806a-955dc689a5b3: shutdown LeaderState
2019-09-19 11:17:20,255 [main] INFO  impl.RaftServerImpl (RaftServerImpl.java:lambda$shutdown$3(245)) - e7a9a6a6-ed4d-4d3b-87b5-03d4e3088f46: shutdown group-C1981A74BEE1
2019-09-19 11:17:20,255 [ForkJoinPool.commonPool-worker-1] INFO  impl.PendingRequests (PendingRequests.java:sendNotLeaderResponses(202)) - 01520e7f-d70f-4779-806a-955dc689a5b3-PendingRequests: sendNotLeaderResponses
2019-09-19 11:17:20,255 [main] INFO  util.JmxRegister (JmxRegister.java:unregister(73)) - Successfully un-registered JMX Bean with object name Ratis:service=RaftServer,group=group-C1981A74BEE1,id=e7a9a6a6-ed4d-4d3b-87b5-03d4e3088f46
2019-09-19 11:17:20,256 [ForkJoinPool.commonPool-worker-1] INFO  impl.StateMachineUpdater (StateMachineUpdater.java:stopAndJoin(115)) - StateMachineUpdater:01520e7f-d70f-4779-806a-955dc689a5b3:group-C166A81C7C28: set stopIndex = 0
2019-09-19 11:17:20,256 [main] INFO  impl.RoleInfo (RoleInfo.java:shutdownLeaderState(104)) - e7a9a6a6-ed4d-4d3b-87b5-03d4e3088f46: shutdown LeaderState
2019-09-19 11:17:20,256 [ForkJoinPool.commonPool-worker-1] INFO  impl.RaftServerImpl (ServerState.java:close(394)) - 01520e7f-d70f-4779-806a-955dc689a5b3:group-C166A81C7C28 closes. The last applied log index is 0
2019-09-19 11:17:20,257 [main] INFO  impl.PendingRequests (PendingRequests.java:sendNotLeaderResponses(202)) - e7a9a6a6-ed4d-4d3b-87b5-03d4e3088f46-PendingRequests: sendNotLeaderResponses
2019-09-19 11:17:20,257 [01520e7f-d70f-4779-806a-955dc689a5b3-SegmentedRaftLogWorker:Storage Directory /workdir/hadoop-ozone/integration-test/target/test-dir/MiniOzoneClusterImpl-98b5687d-2982-4c4e-aef5-e1e97daefe6b/datanode-0/data/ratis/bed8117c-9407-4a09-b4cb-c166a81c7c28] INFO  segmented.SegmentedRaftLogWorker (SegmentedRaftLogWorker.java:run(313)) - 01520e7f-d70f-4779-806a-955dc689a5b3-SegmentedRaftLogWorker:Storage Directory /workdir/hadoop-ozone/integration-test/target/test-dir/MiniOzoneClusterImpl-98b5687d-2982-4c4e-aef5-e1e97daefe6b/datanode-0/data/ratis/bed8117c-9407-4a09-b4cb-c166a81c7c28 was interrupted, exiting. There are 0 tasks remaining in the queue.
2019-09-19 11:17:20,257 [main] INFO  impl.StateMachineUpdater (StateMachineUpdater.java:stopAndJoin(115)) - StateMachineUpdater:e7a9a6a6-ed4d-4d3b-87b5-03d4e3088f46:group-C1981A74BEE1: set stopIndex = 0
2019-09-19 11:17:20,257 [ForkJoinPool.commonPool-worker-1] INFO  segmented.SegmentedRaftLogWorker (SegmentedRaftLogWorker.java:close(228)) - 01520e7f-d70f-4779-806a-955dc689a5b3-SegmentedRaftLogWorker:Storage Directory /workdir/hadoop-ozone/integration-test/target/test-dir/MiniOzoneClusterImpl-98b5687d-2982-4c4e-aef5-e1e97daefe6b/datanode-0/data/ratis/bed8117c-9407-4a09-b4cb-c166a81c7c28 close()
2019-09-19 11:17:20,258 [main] INFO  impl.RaftServerImpl (ServerState.java:close(394)) - e7a9a6a6-ed4d-4d3b-87b5-03d4e3088f46:group-C1981A74BEE1 closes. The last applied log index is 0
2019-09-19 11:17:20,259 [ForkJoinPool.commonPool-worker-1] INFO  impl.RaftServerImpl (RaftServerImpl.java:lambda$shutdown$3(245)) - 01520e7f-d70f-4779-806a-955dc689a5b3: shutdown group-7050D9BF1F5D
2019-09-19 11:17:20,259 [e7a9a6a6-ed4d-4d3b-87b5-03d4e3088f46-SegmentedRaftLogWorker:Storage Directory /workdir/hadoop-ozone/integration-test/target/test-dir/MiniOzoneClusterImpl-98b5687d-2982-4c4e-aef5-e1e97daefe6b/datanode-1/data/ratis/8cc329ef-1a76-4543-b2d9-c1981a74bee1] INFO  segmented.SegmentedRaftLogWorker (SegmentedRaftLogWorker.java:run(313)) - e7a9a6a6-ed4d-4d3b-87b5-03d4e3088f46-SegmentedRaftLogWorker:Storage Directory /workdir/hadoop-ozone/integration-test/target/test-dir/MiniOzoneClusterImpl-98b5687d-2982-4c4e-aef5-e1e97daefe6b/datanode-1/data/ratis/8cc329ef-1a76-4543-b2d9-c1981a74bee1 was interrupted, exiting. There are 0 tasks remaining in the queue.
2019-09-19 11:17:20,260 [ForkJoinPool.commonPool-worker-1] INFO  util.JmxRegister (JmxRegister.java:unregister(73)) - Successfully un-registered JMX Bean with object name Ratis:service=RaftServer,group=group-7050D9BF1F5D,id=01520e7f-d70f-4779-806a-955dc689a5b3
2019-09-19 11:17:20,260 [main] INFO  segmented.SegmentedRaftLogWorker (SegmentedRaftLogWorker.java:close(228)) - e7a9a6a6-ed4d-4d3b-87b5-03d4e3088f46-SegmentedRaftLogWorker:Storage Directory /workdir/hadoop-ozone/integration-test/target/test-dir/MiniOzoneClusterImpl-98b5687d-2982-4c4e-aef5-e1e97daefe6b/datanode-1/data/ratis/8cc329ef-1a76-4543-b2d9-c1981a74bee1 close()
2019-09-19 11:17:20,260 [ForkJoinPool.commonPool-worker-1] INFO  impl.RoleInfo (RoleInfo.java:shutdownLeaderState(104)) - 01520e7f-d70f-4779-806a-955dc689a5b3: shutdown LeaderState
2019-09-19 11:17:20,261 [main] INFO  impl.RaftServerImpl (RaftServerImpl.java:lambda$shutdown$3(245)) - e7a9a6a6-ed4d-4d3b-87b5-03d4e3088f46: shutdown group-B9F7552BE38C
2019-09-19 11:17:20,262 [ForkJoinPool.commonPool-worker-1] INFO  impl.PendingRequests (PendingRequests.java:sendNotLeaderResponses(202)) - 01520e7f-d70f-4779-806a-955dc689a5b3-PendingRequests: sendNotLeaderResponses
2019-09-19 11:17:20,262 [main] INFO  util.JmxRegister (JmxRegister.java:unregister(73)) - Successfully un-registered JMX Bean with object name Ratis:service=RaftServer,group=group-B9F7552BE38C,id=e7a9a6a6-ed4d-4d3b-87b5-03d4e3088f46
2019-09-19 11:17:20,263 [ForkJoinPool.commonPool-worker-1] INFO  impl.StateMachineUpdater (StateMachineUpdater.java:stopAndJoin(115)) - StateMachineUpdater:01520e7f-d70f-4779-806a-955dc689a5b3:group-7050D9BF1F5D: set stopIndex = 0
2019-09-19 11:17:20,263 [main] INFO  impl.RoleInfo (RoleInfo.java:shutdownLeaderState(104)) - e7a9a6a6-ed4d-4d3b-87b5-03d4e3088f46: shutdown LeaderState
2019-09-19 11:17:20,263 [ForkJoinPool.commonPool-worker-1] INFO  impl.RaftServerImpl (ServerState.java:close(394)) - 01520e7f-d70f-4779-806a-955dc689a5b3:group-7050D9BF1F5D closes. The last applied log index is 0
2019-09-19 11:17:20,264 [main] INFO  impl.PendingRequests (PendingRequests.java:sendNotLeaderResponses(202)) - e7a9a6a6-ed4d-4d3b-87b5-03d4e3088f46-PendingRequests: sendNotLeaderResponses
2019-09-19 11:17:20,264 [01520e7f-d70f-4779-806a-955dc689a5b3-SegmentedRaftLogWorker:Storage Directory /workdir/hadoop-ozone/integration-test/target/test-dir/MiniOzoneClusterImpl-98b5687d-2982-4c4e-aef5-e1e97daefe6b/datanode-0/data/ratis/367e6bb6-340c-48ed-96f7-7050d9bf1f5d] INFO  segmented.SegmentedRaftLogWorker (SegmentedRaftLogWorker.java:run(313)) - 01520e7f-d70f-4779-806a-955dc689a5b3-SegmentedRaftLogWorker:Storage Directory /workdir/hadoop-ozone/integration-test/target/test-dir/MiniOzoneClusterImpl-98b5687d-2982-4c4e-aef5-e1e97daefe6b/datanode-0/data/ratis/367e6bb6-340c-48ed-96f7-7050d9bf1f5d was interrupted, exiting. There are 0 tasks remaining in the queue.
2019-09-19 11:17:20,264 [main] INFO  impl.StateMachineUpdater (StateMachineUpdater.java:stopAndJoin(115)) - StateMachineUpdater:e7a9a6a6-ed4d-4d3b-87b5-03d4e3088f46:group-B9F7552BE38C: set stopIndex = 0
2019-09-19 11:17:20,265 [main] INFO  impl.RaftServerImpl (ServerState.java:close(394)) - e7a9a6a6-ed4d-4d3b-87b5-03d4e3088f46:group-B9F7552BE38C closes. The last applied log index is 0
2019-09-19 11:17:20,265 [ForkJoinPool.commonPool-worker-1] INFO  segmented.SegmentedRaftLogWorker (SegmentedRaftLogWorker.java:close(228)) - 01520e7f-d70f-4779-806a-955dc689a5b3-SegmentedRaftLogWorker:Storage Directory /workdir/hadoop-ozone/integration-test/target/test-dir/MiniOzoneClusterImpl-98b5687d-2982-4c4e-aef5-e1e97daefe6b/datanode-0/data/ratis/367e6bb6-340c-48ed-96f7-7050d9bf1f5d close()
2019-09-19 11:17:20,266 [e7a9a6a6-ed4d-4d3b-87b5-03d4e3088f46-SegmentedRaftLogWorker:Storage Directory /workdir/hadoop-ozone/integration-test/target/test-dir/MiniOzoneClusterImpl-98b5687d-2982-4c4e-aef5-e1e97daefe6b/datanode-1/data/ratis/ebd2d997-ceaf-4691-ada5-b9f7552be38c] INFO  segmented.SegmentedRaftLogWorker (SegmentedRaftLogWorker.java:run(313)) - e7a9a6a6-ed4d-4d3b-87b5-03d4e3088f46-SegmentedRaftLogWorker:Storage Directory /workdir/hadoop-ozone/integration-test/target/test-dir/MiniOzoneClusterImpl-98b5687d-2982-4c4e-aef5-e1e97daefe6b/datanode-1/data/ratis/ebd2d997-ceaf-4691-ada5-b9f7552be38c was interrupted, exiting. There are 0 tasks remaining in the queue.
2019-09-19 11:17:20,267 [ForkJoinPool.commonPool-worker-1] INFO  impl.RaftServerImpl (RaftServerImpl.java:lambda$shutdown$3(245)) - 01520e7f-d70f-4779-806a-955dc689a5b3: shutdown group-BD9A6B8E080A
2019-09-19 11:17:20,267 [main] INFO  segmented.SegmentedRaftLogWorker (SegmentedRaftLogWorker.java:close(228)) - e7a9a6a6-ed4d-4d3b-87b5-03d4e3088f46-SegmentedRaftLogWorker:Storage Directory /workdir/hadoop-ozone/integration-test/target/test-dir/MiniOzoneClusterImpl-98b5687d-2982-4c4e-aef5-e1e97daefe6b/datanode-1/data/ratis/ebd2d997-ceaf-4691-ada5-b9f7552be38c close()
2019-09-19 11:17:20,267 [ForkJoinPool.commonPool-worker-1] INFO  util.JmxRegister (JmxRegister.java:unregister(73)) - Successfully un-registered JMX Bean with object name Ratis:service=RaftServer,group=group-BD9A6B8E080A,id=01520e7f-d70f-4779-806a-955dc689a5b3
2019-09-19 11:17:20,268 [main] INFO  server.GrpcService (GrpcService.java:closeImpl(155)) - e7a9a6a6-ed4d-4d3b-87b5-03d4e3088f46: shutdown server with port 40977 now
2019-09-19 11:17:20,268 [ForkJoinPool.commonPool-worker-1] INFO  impl.RoleInfo (RoleInfo.java:shutdownLeaderState(104)) - 01520e7f-d70f-4779-806a-955dc689a5b3: shutdown LeaderState
2019-09-19 11:17:20,270 [main] INFO  server.GrpcService (GrpcService.java:closeImpl(163)) - e7a9a6a6-ed4d-4d3b-87b5-03d4e3088f46: shutdown server with port 40977 successfully
2019-09-19 11:17:20,270 [ForkJoinPool.commonPool-worker-1] INFO  impl.PendingRequests (PendingRequests.java:sendNotLeaderResponses(202)) - 01520e7f-d70f-4779-806a-955dc689a5b3-PendingRequests: sendNotLeaderResponses
2019-09-19 11:17:20,271 [ForkJoinPool.commonPool-worker-1] INFO  impl.StateMachineUpdater (StateMachineUpdater.java:stopAndJoin(115)) - StateMachineUpdater:01520e7f-d70f-4779-806a-955dc689a5b3:group-BD9A6B8E080A: set stopIndex = 0
2019-09-19 11:17:20,271 [ForkJoinPool.commonPool-worker-1] INFO  impl.RaftServerImpl (ServerState.java:close(394)) - 01520e7f-d70f-4779-806a-955dc689a5b3:group-BD9A6B8E080A closes. The last applied log index is 0
2019-09-19 11:17:20,272 [01520e7f-d70f-4779-806a-955dc689a5b3-SegmentedRaftLogWorker:Storage Directory /workdir/hadoop-ozone/integration-test/target/test-dir/MiniOzoneClusterImpl-98b5687d-2982-4c4e-aef5-e1e97daefe6b/datanode-0/data/ratis/d3a28093-7639-4b2f-8266-bd9a6b8e080a] INFO  segmented.SegmentedRaftLogWorker (SegmentedRaftLogWorker.java:run(313)) - 01520e7f-d70f-4779-806a-955dc689a5b3-SegmentedRaftLogWorker:Storage Directory /workdir/hadoop-ozone/integration-test/target/test-dir/MiniOzoneClusterImpl-98b5687d-2982-4c4e-aef5-e1e97daefe6b/datanode-0/data/ratis/d3a28093-7639-4b2f-8266-bd9a6b8e080a was interrupted, exiting. There are 0 tasks remaining in the queue.
2019-09-19 11:17:20,273 [main] INFO  utils.BackgroundService (BackgroundService.java:shutdown(148)) - Shutting down service BlockDeletingService
2019-09-19 11:17:20,275 [ForkJoinPool.commonPool-worker-1] INFO  segmented.SegmentedRaftLogWorker (SegmentedRaftLogWorker.java:close(228)) - 01520e7f-d70f-4779-806a-955dc689a5b3-SegmentedRaftLogWorker:Storage Directory /workdir/hadoop-ozone/integration-test/target/test-dir/MiniOzoneClusterImpl-98b5687d-2982-4c4e-aef5-e1e97daefe6b/datanode-0/data/ratis/d3a28093-7639-4b2f-8266-bd9a6b8e080a close()
2019-09-19 11:17:20,276 [refreshUsed-/workdir/hadoop-ozone/integration-test/target/test-dir/MiniOzoneClusterImpl-98b5687d-2982-4c4e-aef5-e1e97daefe6b/datanode-1/data/containers] WARN  fs.CachingGetSpaceUsed (CachingGetSpaceUsed.java:run(183)) - Thread Interrupted waiting to refresh disk information: sleep interrupted
2019-09-19 11:17:20,277 [ForkJoinPool.commonPool-worker-1] INFO  server.GrpcService (GrpcService.java:closeImpl(155)) - 01520e7f-d70f-4779-806a-955dc689a5b3: shutdown server with port 43882 now
2019-09-19 11:17:20,279 [ForkJoinPool.commonPool-worker-1] INFO  server.GrpcService (GrpcService.java:closeImpl(163)) - 01520e7f-d70f-4779-806a-955dc689a5b3: shutdown server with port 43882 successfully
2019-09-19 11:17:20,282 [ForkJoinPool.commonPool-worker-1] INFO  utils.BackgroundService (BackgroundService.java:shutdown(148)) - Shutting down service BlockDeletingService
2019-09-19 11:17:20,284 [refreshUsed-/workdir/hadoop-ozone/integration-test/target/test-dir/MiniOzoneClusterImpl-98b5687d-2982-4c4e-aef5-e1e97daefe6b/datanode-0/data/containers] WARN  fs.CachingGetSpaceUsed (CachingGetSpaceUsed.java:run(183)) - Thread Interrupted waiting to refresh disk information: sleep interrupted
2019-09-19 11:17:20,297 [main] INFO  statemachine.DatanodeStateMachine (DatanodeStateMachine.java:stopDaemon(395)) - Ozone container server stopped.
2019-09-19 11:17:20,298 [main] INFO  handler.ContextHandler (ContextHandler.java:doStop(910)) - Stopped o.e.j.w.WebAppContext@1fc3df43{/,null,UNAVAILABLE}{/hddsDatanode}
2019-09-19 11:17:20,299 [main] INFO  server.AbstractConnector (AbstractConnector.java:doStop(318)) - Stopped ServerConnector@15130002{HTTP/1.1,[http/1.1]}{0.0.0.0:0}
2019-09-19 11:17:20,299 [main] INFO  handler.ContextHandler (ContextHandler.java:doStop(910)) - Stopped o.e.j.s.ServletContextHandler@70439c3{/static,jar:file:/home/user/.m2/repository/org/apache/hadoop/hadoop-hdds-container-service/0.5.0-SNAPSHOT/hadoop-hdds-container-service-0.5.0-SNAPSHOT.jar!/webapps/static,UNAVAILABLE}
2019-09-19 11:17:20,300 [main] INFO  handler.ContextHandler (ContextHandler.java:doStop(910)) - Stopped o.e.j.s.ServletContextHandler@92fd091{/logs,file:///workdir/hadoop-ozone/integration-test/target/log,UNAVAILABLE}
2019-09-19 11:17:20,302 [main] INFO  datanode.ObjectStoreHandler (ObjectStoreHandler.java:close(155)) - Closing ObjectStoreHandler.
2019-09-19 11:17:20,303 [ForkJoinPool.commonPool-worker-1] INFO  statemachine.DatanodeStateMachine (DatanodeStateMachine.java:stopDaemon(395)) - Ozone container server stopped.
2019-09-19 11:17:20,304 [main] INFO  ozone.HddsDatanodeService (HddsDatanodeService.java:stop(451)) - Stopped plug-in org.apache.hadoop.ozone.web.OzoneHddsDatanodeService@1d5048d1
2019-09-19 11:17:20,306 [ForkJoinPool.commonPool-worker-1] INFO  handler.ContextHandler (ContextHandler.java:doStop(910)) - Stopped o.e.j.w.WebAppContext@1a01ffff{/,null,UNAVAILABLE}{/hddsDatanode}
2019-09-19 11:17:20,307 [ForkJoinPool.commonPool-worker-1] INFO  server.AbstractConnector (AbstractConnector.java:doStop(318)) - Stopped ServerConnector@a99c42c{HTTP/1.1,[http/1.1]}{0.0.0.0:0}
2019-09-19 11:17:20,308 [ForkJoinPool.commonPool-worker-1] INFO  handler.ContextHandler (ContextHandler.java:doStop(910)) - Stopped o.e.j.s.ServletContextHandler@1328f482{/static,jar:file:/home/user/.m2/repository/org/apache/hadoop/hadoop-hdds-container-service/0.5.0-SNAPSHOT/hadoop-hdds-container-service-0.5.0-SNAPSHOT.jar!/webapps/static,UNAVAILABLE}
2019-09-19 11:17:20,309 [ForkJoinPool.commonPool-worker-1] INFO  handler.ContextHandler (ContextHandler.java:doStop(910)) - Stopped o.e.j.s.ServletContextHandler@59f76e56{/logs,file:///workdir/hadoop-ozone/integration-test/target/log,UNAVAILABLE}
2019-09-19 11:17:21,194 [Datanode State Machine Thread - 0] INFO  statemachine.DatanodeStateMachine (DatanodeStateMachine.java:lambda$startDaemon$0(350)) - Ozone container server started.
2019-09-19 11:17:25,306 [main] INFO  ozoneimpl.OzoneContainer (OzoneContainer.java:stop(199)) - Attempting to stop container services.
2019-09-19 11:17:25,307 [main] INFO  impl.RaftServerProxy (RaftServerProxy.java:lambda$close$4(314)) - 4e680362-d5f1-4b95-84d9-ab1f740da74c: close
2019-09-19 11:17:25,308 [main] INFO  impl.RaftServerImpl (RaftServerImpl.java:lambda$shutdown$3(245)) - 4e680362-d5f1-4b95-84d9-ab1f740da74c: shutdown group-AC6109AF5C42
2019-09-19 11:17:25,308 [ForkJoinPool.commonPool-worker-0] INFO  impl.RaftServerImpl (RaftServerImpl.java:lambda$shutdown$3(245)) - 4e680362-d5f1-4b95-84d9-ab1f740da74c: shutdown group-C2EB152FAF0F
2019-09-19 11:17:25,308 [main] INFO  util.JmxRegister (JmxRegister.java:unregister(73)) - Successfully un-registered JMX Bean with object name Ratis:service=RaftServer,group=group-AC6109AF5C42,id=4e680362-d5f1-4b95-84d9-ab1f740da74c
2019-09-19 11:17:25,308 [ForkJoinPool.commonPool-worker-0] INFO  util.JmxRegister (JmxRegister.java:unregister(73)) - Successfully un-registered JMX Bean with object name Ratis:service=RaftServer,group=group-C2EB152FAF0F,id=4e680362-d5f1-4b95-84d9-ab1f740da74c
2019-09-19 11:17:25,309 [main] INFO  impl.RoleInfo (RoleInfo.java:shutdownLeaderState(104)) - 4e680362-d5f1-4b95-84d9-ab1f740da74c: shutdown LeaderState
2019-09-19 11:17:25,309 [ForkJoinPool.commonPool-worker-0] INFO  impl.RoleInfo (RoleInfo.java:shutdownLeaderState(104)) - 4e680362-d5f1-4b95-84d9-ab1f740da74c: shutdown LeaderState
2019-09-19 11:17:25,309 [main] INFO  impl.PendingRequests (PendingRequests.java:sendNotLeaderResponses(202)) - 4e680362-d5f1-4b95-84d9-ab1f740da74c-PendingRequests: sendNotLeaderResponses
2019-09-19 11:17:25,310 [ForkJoinPool.commonPool-worker-0] INFO  impl.PendingRequests (PendingRequests.java:sendNotLeaderResponses(202)) - 4e680362-d5f1-4b95-84d9-ab1f740da74c-PendingRequests: sendNotLeaderResponses
2019-09-19 11:17:25,310 [main] INFO  impl.StateMachineUpdater (StateMachineUpdater.java:stopAndJoin(115)) - StateMachineUpdater:4e680362-d5f1-4b95-84d9-ab1f740da74c:group-AC6109AF5C42: set stopIndex = 0
2019-09-19 11:17:25,310 [ForkJoinPool.commonPool-worker-0] INFO  impl.StateMachineUpdater (StateMachineUpdater.java:stopAndJoin(115)) - StateMachineUpdater:4e680362-d5f1-4b95-84d9-ab1f740da74c:group-C2EB152FAF0F: set stopIndex = 0
2019-09-19 11:17:25,311 [main] INFO  impl.RaftServerImpl (ServerState.java:close(394)) - 4e680362-d5f1-4b95-84d9-ab1f740da74c:group-AC6109AF5C42 closes. The last applied log index is 0
2019-09-19 11:17:25,311 [ForkJoinPool.commonPool-worker-0] INFO  impl.RaftServerImpl (ServerState.java:close(394)) - 4e680362-d5f1-4b95-84d9-ab1f740da74c:group-C2EB152FAF0F closes. The last applied log index is 0
2019-09-19 11:17:25,311 [4e680362-d5f1-4b95-84d9-ab1f740da74c-SegmentedRaftLogWorker:Storage Directory /workdir/hadoop-ozone/integration-test/target/test-dir/MiniOzoneClusterImpl-98b5687d-2982-4c4e-aef5-e1e97daefe6b/datanode-2/data/ratis/70795048-c2f2-4b1e-88f5-ac6109af5c42] INFO  segmented.SegmentedRaftLogWorker (SegmentedRaftLogWorker.java:run(313)) - 4e680362-d5f1-4b95-84d9-ab1f740da74c-SegmentedRaftLogWorker:Storage Directory /workdir/hadoop-ozone/integration-test/target/test-dir/MiniOzoneClusterImpl-98b5687d-2982-4c4e-aef5-e1e97daefe6b/datanode-2/data/ratis/70795048-c2f2-4b1e-88f5-ac6109af5c42 was interrupted, exiting. There are 0 tasks remaining in the queue.
2019-09-19 11:17:25,312 [4e680362-d5f1-4b95-84d9-ab1f740da74c-SegmentedRaftLogWorker:Storage Directory /workdir/hadoop-ozone/integration-test/target/test-dir/MiniOzoneClusterImpl-98b5687d-2982-4c4e-aef5-e1e97daefe6b/datanode-2/data/ratis/54c4ea18-12b8-4139-b72e-c2eb152faf0f] INFO  segmented.SegmentedRaftLogWorker (SegmentedRaftLogWorker.java:run(313)) - 4e680362-d5f1-4b95-84d9-ab1f740da74c-SegmentedRaftLogWorker:Storage Directory /workdir/hadoop-ozone/integration-test/target/test-dir/MiniOzoneClusterImpl-98b5687d-2982-4c4e-aef5-e1e97daefe6b/datanode-2/data/ratis/54c4ea18-12b8-4139-b72e-c2eb152faf0f was interrupted, exiting. There are 0 tasks remaining in the queue.
2019-09-19 11:17:25,312 [main] INFO  segmented.SegmentedRaftLogWorker (SegmentedRaftLogWorker.java:close(228)) - 4e680362-d5f1-4b95-84d9-ab1f740da74c-SegmentedRaftLogWorker:Storage Directory /workdir/hadoop-ozone/integration-test/target/test-dir/MiniOzoneClusterImpl-98b5687d-2982-4c4e-aef5-e1e97daefe6b/datanode-2/data/ratis/70795048-c2f2-4b1e-88f5-ac6109af5c42 close()
2019-09-19 11:17:25,312 [ForkJoinPool.commonPool-worker-0] INFO  segmented.SegmentedRaftLogWorker (SegmentedRaftLogWorker.java:close(228)) - 4e680362-d5f1-4b95-84d9-ab1f740da74c-SegmentedRaftLogWorker:Storage Directory /workdir/hadoop-ozone/integration-test/target/test-dir/MiniOzoneClusterImpl-98b5687d-2982-4c4e-aef5-e1e97daefe6b/datanode-2/data/ratis/54c4ea18-12b8-4139-b72e-c2eb152faf0f close()
2019-09-19 11:17:25,314 [main] INFO  impl.RaftServerImpl (RaftServerImpl.java:lambda$shutdown$3(245)) - 4e680362-d5f1-4b95-84d9-ab1f740da74c: shutdown group-1534A3FB6C29
2019-09-19 11:17:25,315 [ForkJoinPool.commonPool-worker-0] INFO  impl.RaftServerImpl (RaftServerImpl.java:lambda$shutdown$3(245)) - 4e680362-d5f1-4b95-84d9-ab1f740da74c: shutdown group-68E7B745A2FF
2019-09-19 11:17:25,315 [main] INFO  util.JmxRegister (JmxRegister.java:unregister(73)) - Successfully un-registered JMX Bean with object name Ratis:service=RaftServer,group=group-1534A3FB6C29,id=4e680362-d5f1-4b95-84d9-ab1f740da74c
2019-09-19 11:17:25,315 [ForkJoinPool.commonPool-worker-0] INFO  util.JmxRegister (JmxRegister.java:unregister(73)) - Successfully un-registered JMX Bean with object name Ratis:service=RaftServer,group=group-68E7B745A2FF,id=4e680362-d5f1-4b95-84d9-ab1f740da74c
2019-09-19 11:17:25,315 [main] INFO  impl.RoleInfo (RoleInfo.java:shutdownLeaderState(104)) - 4e680362-d5f1-4b95-84d9-ab1f740da74c: shutdown LeaderState
2019-09-19 11:17:25,316 [ForkJoinPool.commonPool-worker-0] INFO  impl.RoleInfo (RoleInfo.java:shutdownLeaderState(104)) - 4e680362-d5f1-4b95-84d9-ab1f740da74c: shutdown LeaderState
2019-09-19 11:17:25,316 [main] INFO  impl.PendingRequests (PendingRequests.java:sendNotLeaderResponses(202)) - 4e680362-d5f1-4b95-84d9-ab1f740da74c-PendingRequests: sendNotLeaderResponses
2019-09-19 11:17:25,316 [ForkJoinPool.commonPool-worker-0] INFO  impl.PendingRequests (PendingRequests.java:sendNotLeaderResponses(202)) - 4e680362-d5f1-4b95-84d9-ab1f740da74c-PendingRequests: sendNotLeaderResponses
2019-09-19 11:17:25,317 [main] INFO  impl.StateMachineUpdater (StateMachineUpdater.java:stopAndJoin(115)) - StateMachineUpdater:4e680362-d5f1-4b95-84d9-ab1f740da74c:group-1534A3FB6C29: set stopIndex = 0
2019-09-19 11:17:25,317 [ForkJoinPool.commonPool-worker-0] INFO  impl.StateMachineUpdater (StateMachineUpdater.java:stopAndJoin(115)) - StateMachineUpdater:4e680362-d5f1-4b95-84d9-ab1f740da74c:group-68E7B745A2FF: set stopIndex = 0
2019-09-19 11:17:25,317 [main] INFO  impl.RaftServerImpl (ServerState.java:close(394)) - 4e680362-d5f1-4b95-84d9-ab1f740da74c:group-1534A3FB6C29 closes. The last applied log index is 0
2019-09-19 11:17:25,317 [ForkJoinPool.commonPool-worker-0] INFO  impl.RaftServerImpl (ServerState.java:close(394)) - 4e680362-d5f1-4b95-84d9-ab1f740da74c:group-68E7B745A2FF closes. The last applied log index is 0
2019-09-19 11:17:25,318 [4e680362-d5f1-4b95-84d9-ab1f740da74c-SegmentedRaftLogWorker:Storage Directory /workdir/hadoop-ozone/integration-test/target/test-dir/MiniOzoneClusterImpl-98b5687d-2982-4c4e-aef5-e1e97daefe6b/datanode-2/data/ratis/cdd38efd-4001-447e-bf13-1534a3fb6c29] INFO  segmented.SegmentedRaftLogWorker (SegmentedRaftLogWorker.java:run(313)) - 4e680362-d5f1-4b95-84d9-ab1f740da74c-SegmentedRaftLogWorker:Storage Directory /workdir/hadoop-ozone/integration-test/target/test-dir/MiniOzoneClusterImpl-98b5687d-2982-4c4e-aef5-e1e97daefe6b/datanode-2/data/ratis/cdd38efd-4001-447e-bf13-1534a3fb6c29 was interrupted, exiting. There are 0 tasks remaining in the queue.
2019-09-19 11:17:25,318 [4e680362-d5f1-4b95-84d9-ab1f740da74c-SegmentedRaftLogWorker:Storage Directory /workdir/hadoop-ozone/integration-test/target/test-dir/MiniOzoneClusterImpl-98b5687d-2982-4c4e-aef5-e1e97daefe6b/datanode-2/data/ratis/9d9e55cf-861a-4e4e-b8b7-68e7b745a2ff] INFO  segmented.SegmentedRaftLogWorker (SegmentedRaftLogWorker.java:run(313)) - 4e680362-d5f1-4b95-84d9-ab1f740da74c-SegmentedRaftLogWorker:Storage Directory /workdir/hadoop-ozone/integration-test/target/test-dir/MiniOzoneClusterImpl-98b5687d-2982-4c4e-aef5-e1e97daefe6b/datanode-2/data/ratis/9d9e55cf-861a-4e4e-b8b7-68e7b745a2ff was interrupted, exiting. There are 0 tasks remaining in the queue.
2019-09-19 11:17:25,318 [main] INFO  segmented.SegmentedRaftLogWorker (SegmentedRaftLogWorker.java:close(228)) - 4e680362-d5f1-4b95-84d9-ab1f740da74c-SegmentedRaftLogWorker:Storage Directory /workdir/hadoop-ozone/integration-test/target/test-dir/MiniOzoneClusterImpl-98b5687d-2982-4c4e-aef5-e1e97daefe6b/datanode-2/data/ratis/cdd38efd-4001-447e-bf13-1534a3fb6c29 close()
2019-09-19 11:17:25,318 [ForkJoinPool.commonPool-worker-0] INFO  segmented.SegmentedRaftLogWorker (SegmentedRaftLogWorker.java:close(228)) - 4e680362-d5f1-4b95-84d9-ab1f740da74c-SegmentedRaftLogWorker:Storage Directory /workdir/hadoop-ozone/integration-test/target/test-dir/MiniOzoneClusterImpl-98b5687d-2982-4c4e-aef5-e1e97daefe6b/datanode-2/data/ratis/9d9e55cf-861a-4e4e-b8b7-68e7b745a2ff close()
2019-09-19 11:17:25,320 [main] INFO  impl.RaftServerImpl (RaftServerImpl.java:lambda$shutdown$3(245)) - 4e680362-d5f1-4b95-84d9-ab1f740da74c: shutdown group-E2793D91883A
2019-09-19 11:17:25,321 [main] INFO  util.JmxRegister (JmxRegister.java:unregister(73)) - Successfully un-registered JMX Bean with object name Ratis:service=RaftServer,group=group-E2793D91883A,id=4e680362-d5f1-4b95-84d9-ab1f740da74c
2019-09-19 11:17:25,321 [main] INFO  impl.RoleInfo (RoleInfo.java:shutdownLeaderState(104)) - 4e680362-d5f1-4b95-84d9-ab1f740da74c: shutdown LeaderState
2019-09-19 11:17:25,322 [main] INFO  impl.PendingRequests (PendingRequests.java:sendNotLeaderResponses(202)) - 4e680362-d5f1-4b95-84d9-ab1f740da74c-PendingRequests: sendNotLeaderResponses
2019-09-19 11:17:25,322 [main] INFO  impl.StateMachineUpdater (StateMachineUpdater.java:stopAndJoin(115)) - StateMachineUpdater:4e680362-d5f1-4b95-84d9-ab1f740da74c:group-E2793D91883A: set stopIndex = 0
2019-09-19 11:17:25,323 [main] INFO  impl.RaftServerImpl (ServerState.java:close(394)) - 4e680362-d5f1-4b95-84d9-ab1f740da74c:group-E2793D91883A closes. The last applied log index is 0
2019-09-19 11:17:25,323 [4e680362-d5f1-4b95-84d9-ab1f740da74c-SegmentedRaftLogWorker:Storage Directory /workdir/hadoop-ozone/integration-test/target/test-dir/MiniOzoneClusterImpl-98b5687d-2982-4c4e-aef5-e1e97daefe6b/datanode-2/data/ratis/6a3eb2d1-04a4-4f20-8fab-e2793d91883a] INFO  segmented.SegmentedRaftLogWorker (SegmentedRaftLogWorker.java:run(313)) - 4e680362-d5f1-4b95-84d9-ab1f740da74c-SegmentedRaftLogWorker:Storage Directory /workdir/hadoop-ozone/integration-test/target/test-dir/MiniOzoneClusterImpl-98b5687d-2982-4c4e-aef5-e1e97daefe6b/datanode-2/data/ratis/6a3eb2d1-04a4-4f20-8fab-e2793d91883a was interrupted, exiting. There are 0 tasks remaining in the queue.
2019-09-19 11:17:25,324 [main] INFO  segmented.SegmentedRaftLogWorker (SegmentedRaftLogWorker.java:close(228)) - 4e680362-d5f1-4b95-84d9-ab1f740da74c-SegmentedRaftLogWorker:Storage Directory /workdir/hadoop-ozone/integration-test/target/test-dir/MiniOzoneClusterImpl-98b5687d-2982-4c4e-aef5-e1e97daefe6b/datanode-2/data/ratis/6a3eb2d1-04a4-4f20-8fab-e2793d91883a close()
2019-09-19 11:17:25,325 [main] INFO  impl.RaftServerImpl (RaftServerImpl.java:lambda$shutdown$3(245)) - 4e680362-d5f1-4b95-84d9-ab1f740da74c: shutdown group-AC85816B3A5F
2019-09-19 11:17:25,325 [main] INFO  util.JmxRegister (JmxRegister.java:unregister(73)) - Successfully un-registered JMX Bean with object name Ratis:service=RaftServer,group=group-AC85816B3A5F,id=4e680362-d5f1-4b95-84d9-ab1f740da74c
2019-09-19 11:17:25,326 [main] INFO  impl.RoleInfo (RoleInfo.java:shutdownLeaderState(104)) - 4e680362-d5f1-4b95-84d9-ab1f740da74c: shutdown LeaderState
2019-09-19 11:17:25,326 [main] INFO  impl.PendingRequests (PendingRequests.java:sendNotLeaderResponses(202)) - 4e680362-d5f1-4b95-84d9-ab1f740da74c-PendingRequests: sendNotLeaderResponses
2019-09-19 11:17:25,327 [main] INFO  impl.StateMachineUpdater (StateMachineUpdater.java:stopAndJoin(115)) - StateMachineUpdater:4e680362-d5f1-4b95-84d9-ab1f740da74c:group-AC85816B3A5F: set stopIndex = 0
2019-09-19 11:17:25,327 [main] INFO  impl.RaftServerImpl (ServerState.java:close(394)) - 4e680362-d5f1-4b95-84d9-ab1f740da74c:group-AC85816B3A5F closes. The last applied log index is 0
2019-09-19 11:17:25,328 [4e680362-d5f1-4b95-84d9-ab1f740da74c-SegmentedRaftLogWorker:Storage Directory /workdir/hadoop-ozone/integration-test/target/test-dir/MiniOzoneClusterImpl-98b5687d-2982-4c4e-aef5-e1e97daefe6b/datanode-2/data/ratis/a02e18e7-601c-431a-a71d-ac85816b3a5f] INFO  segmented.SegmentedRaftLogWorker (SegmentedRaftLogWorker.java:run(313)) - 4e680362-d5f1-4b95-84d9-ab1f740da74c-SegmentedRaftLogWorker:Storage Directory /workdir/hadoop-ozone/integration-test/target/test-dir/MiniOzoneClusterImpl-98b5687d-2982-4c4e-aef5-e1e97daefe6b/datanode-2/data/ratis/a02e18e7-601c-431a-a71d-ac85816b3a5f was interrupted, exiting. There are 0 tasks remaining in the queue.
2019-09-19 11:17:25,328 [main] INFO  segmented.SegmentedRaftLogWorker (SegmentedRaftLogWorker.java:close(228)) - 4e680362-d5f1-4b95-84d9-ab1f740da74c-SegmentedRaftLogWorker:Storage Directory /workdir/hadoop-ozone/integration-test/target/test-dir/MiniOzoneClusterImpl-98b5687d-2982-4c4e-aef5-e1e97daefe6b/datanode-2/data/ratis/a02e18e7-601c-431a-a71d-ac85816b3a5f close()
2019-09-19 11:17:25,329 [main] INFO  server.GrpcService (GrpcService.java:closeImpl(155)) - 4e680362-d5f1-4b95-84d9-ab1f740da74c: shutdown server with port 46602 now
2019-09-19 11:17:25,331 [main] INFO  server.GrpcService (GrpcService.java:closeImpl(163)) - 4e680362-d5f1-4b95-84d9-ab1f740da74c: shutdown server with port 46602 successfully
2019-09-19 11:17:25,336 [main] INFO  utils.BackgroundService (BackgroundService.java:shutdown(148)) - Shutting down service BlockDeletingService
2019-09-19 11:17:25,338 [refreshUsed-/workdir/hadoop-ozone/integration-test/target/test-dir/MiniOzoneClusterImpl-98b5687d-2982-4c4e-aef5-e1e97daefe6b/datanode-2/data/containers] WARN  fs.CachingGetSpaceUsed (CachingGetSpaceUsed.java:run(183)) - Thread Interrupted waiting to refresh disk information: sleep interrupted
2019-09-19 11:17:25,355 [main] INFO  statemachine.DatanodeStateMachine (DatanodeStateMachine.java:stopDaemon(395)) - Ozone container server stopped.
2019-09-19 11:17:25,356 [main] INFO  handler.ContextHandler (ContextHandler.java:doStop(910)) - Stopped o.e.j.w.WebAppContext@7286827b{/,null,UNAVAILABLE}{/hddsDatanode}
2019-09-19 11:17:25,357 [main] INFO  server.AbstractConnector (AbstractConnector.java:doStop(318)) - Stopped ServerConnector@1dd64243{HTTP/1.1,[http/1.1]}{0.0.0.0:0}
2019-09-19 11:17:25,358 [main] INFO  handler.ContextHandler (ContextHandler.java:doStop(910)) - Stopped o.e.j.s.ServletContextHandler@3bf01a01{/static,jar:file:/home/user/.m2/repository/org/apache/hadoop/hadoop-hdds-container-service/0.5.0-SNAPSHOT/hadoop-hdds-container-service-0.5.0-SNAPSHOT.jar!/webapps/static,UNAVAILABLE}
2019-09-19 11:17:25,358 [main] INFO  handler.ContextHandler (ContextHandler.java:doStop(910)) - Stopped o.e.j.s.ServletContextHandler@5b23c1f6{/logs,file:///workdir/hadoop-ozone/integration-test/target/log,UNAVAILABLE}
2019-09-19 11:17:25,359 [main] INFO  ozone.MiniOzoneClusterImpl (MiniOzoneClusterImpl.java:stop(353)) - Stopping the StorageContainerManager
2019-09-19 11:17:25,359 [main] INFO  server.StorageContainerManager (StorageContainerManager.java:stop(797)) - Stopping Replication Manager Service.
2019-09-19 11:17:25,359 [main] INFO  container.ReplicationManager (ReplicationManager.java:stop(192)) - Stopping Replication Monitor Thread.
2019-09-19 11:17:25,359 [main] INFO  server.StorageContainerManager (StorageContainerManager.java:stop(804)) - Stopping Lease Manager of the command watchers
2019-09-19 11:17:25,360 [main] INFO  server.StorageContainerManager (StorageContainerManager.java:stop(811)) - Stopping datanode service RPC server
2019-09-19 11:17:25,360 [main] INFO  server.SCMDatanodeProtocolServer (SCMDatanodeProtocolServer.java:stop(367)) - Stopping the RPC server for DataNodes
2019-09-19 11:17:25,360 [main] INFO  ipc.Server (Server.java:stop(3082)) - Stopping server on 46139
2019-09-19 11:17:25,361 [IPC Server listener on 46139] INFO  ipc.Server (Server.java:run(1185)) - Stopping IPC Server listener on 46139
2019-09-19 11:17:25,362 [IPC Server Responder] INFO  ipc.Server (Server.java:run(1319)) - Stopping IPC Server Responder
2019-09-19 11:17:25,398 [SCM Heartbeat Processing Thread - 0] WARN  node.NodeStateManager (NodeStateManager.java:scheduleNextHealthCheck(655)) - Current Thread is interrupted, shutting down HB processing thread for Node Manager.
2019-09-19 11:17:25,398 [main] INFO  server.StorageContainerManager (StorageContainerManager.java:stop(819)) - Stopping block service RPC server
2019-09-19 11:17:25,398 [main] INFO  server.SCMBlockProtocolServer (SCMBlockProtocolServer.java:stop(148)) - Stopping the RPC server for Block Protocol
2019-09-19 11:17:25,399 [main] INFO  ipc.Server (Server.java:stop(3082)) - Stopping server on 44485
2019-09-19 11:17:25,400 [main] INFO  server.StorageContainerManager (StorageContainerManager.java:stop(826)) - Stopping the StorageContainerLocationProtocol RPC server
2019-09-19 11:17:25,400 [main] INFO  server.SCMClientProtocolServer (SCMClientProtocolServer.java:stop(159)) - Stopping the RPC server for Client Protocol
2019-09-19 11:17:25,401 [main] INFO  ipc.Server (Server.java:stop(3082)) - Stopping server on 44224
2019-09-19 11:17:25,400 [IPC Server listener on 44485] INFO  ipc.Server (Server.java:run(1185)) - Stopping IPC Server listener on 44485
2019-09-19 11:17:25,401 [IPC Server Responder] INFO  ipc.Server (Server.java:run(1319)) - Stopping IPC Server Responder
2019-09-19 11:17:25,403 [IPC Server listener on 44224] INFO  ipc.Server (Server.java:run(1185)) - Stopping IPC Server listener on 44224
2019-09-19 11:17:25,403 [main] INFO  server.StorageContainerManager (StorageContainerManager.java:stop(833)) - Stopping Storage Container Manager HTTP server.
2019-09-19 11:17:25,403 [IPC Server Responder] INFO  ipc.Server (Server.java:run(1319)) - Stopping IPC Server Responder
2019-09-19 11:17:25,404 [main] INFO  handler.ContextHandler (ContextHandler.java:doStop(910)) - Stopped o.e.j.w.WebAppContext@7c8f047a{/,null,UNAVAILABLE}{/scm}
2019-09-19 11:17:25,405 [main] INFO  server.AbstractConnector (AbstractConnector.java:doStop(318)) - Stopped ServerConnector@4387d2f4{HTTP/1.1,[http/1.1]}{0.0.0.0:0}
2019-09-19 11:17:25,406 [main] INFO  handler.ContextHandler (ContextHandler.java:doStop(910)) - Stopped o.e.j.s.ServletContextHandler@7ee64b53{/static,file:///workdir/hadoop-ozone/integration-test/target/test-classes/webapps/static,UNAVAILABLE}
2019-09-19 11:17:25,406 [main] INFO  handler.ContextHandler (ContextHandler.java:doStop(910)) - Stopped o.e.j.s.ServletContextHandler@76134b9b{/logs,file:///workdir/hadoop-ozone/integration-test/target/log,UNAVAILABLE}
2019-09-19 11:17:25,407 [main] INFO  server.StorageContainerManager (StorageContainerManager.java:stop(844)) - Stopping Block Manager Service.
2019-09-19 11:17:25,407 [main] INFO  utils.BackgroundService (BackgroundService.java:shutdown(148)) - Shutting down service SCMBlockDeletingService
2019-09-19 11:17:25,408 [main] INFO  utils.BackgroundService (BackgroundService.java:shutdown(148)) - Shutting down service SCMBlockDeletingService
2019-09-19 11:17:25,409 [main] INFO  server.StorageContainerManager (StorageContainerManager.java:stop(866)) - Stopping SCM Event Queue.
2019-09-19 11:17:25,412 [main] INFO  impl.MetricsSystemImpl (MetricsSystemImpl.java:stop(210)) - Stopping HddsDatanode metrics system...
2019-09-19 11:17:25,422 [main] INFO  impl.MetricsSystemImpl (MetricsSystemImpl.java:stop(216)) - HddsDatanode metrics system stopped.
]]></system-out>
    <system-err><![CDATA[Sep 19, 2019 11:17:09 AM com.sun.jersey.server.impl.application.WebApplicationImpl _initiate
INFO: Initiating Jersey application, version 'Jersey: 1.19 02/11/2015 03:25 AM'
Sep 19, 2019 11:17:09 AM com.sun.jersey.server.impl.application.WebApplicationImpl _initiate
INFO: Initiating Jersey application, version 'Jersey: 1.19 02/11/2015 03:25 AM'
Sep 19, 2019 11:17:10 AM com.sun.jersey.server.impl.application.WebApplicationImpl _initiate
INFO: Initiating Jersey application, version 'Jersey: 1.19 02/11/2015 03:25 AM'
]]></system-err>
  </testcase>
</testsuite>