<?xml version="1.0" encoding="UTF-8"?>
<testsuite xmlns:xsi="http://www.w3.org/2001/XMLSchema-instance" xsi:noNamespaceSchemaLocation="https://maven.apache.org/surefire/maven-surefire-plugin/xsd/surefire-test-report.xsd" name="org.apache.hadoop.fs.ozone.TestOzoneFileSystem" time="133.465" tests="7" errors="4" skipped="0" failures="0">
  <properties>
    <property name="awt.toolkit" value="sun.awt.X11.XToolkit"/>
    <property name="file.encoding.pkg" value="sun.io"/>
    <property name="java.specification.version" value="1.8"/>
    <property name="sun.cpu.isalist" value=""/>
    <property name="sun.jnu.encoding" value="UTF-8"/>
    <property name="java.class.path" value="/workdir/hadoop-ozone/ozonefs/target/test-classes:/workdir/hadoop-ozone/ozonefs/target/classes:/home/user/.m2/repository/org/apache/hadoop/hadoop-common/3.2.0/hadoop-common-3.2.0.jar:/home/user/.m2/repository/org/apache/hadoop/hadoop-annotations/3.2.0/hadoop-annotations-3.2.0.jar:/usr/lib/jvm/java-1.8-openjdk/jre/../lib/tools.jar:/home/user/.m2/repository/com/google/guava/guava/11.0.2/guava-11.0.2.jar:/home/user/.m2/repository/commons-cli/commons-cli/1.2/commons-cli-1.2.jar:/home/user/.m2/repository/org/apache/commons/commons-math3/3.1.1/commons-math3-3.1.1.jar:/home/user/.m2/repository/org/apache/httpcomponents/httpclient/4.5.2/httpclient-4.5.2.jar:/home/user/.m2/repository/org/apache/httpcomponents/httpcore/4.4.4/httpcore-4.4.4.jar:/home/user/.m2/repository/commons-codec/commons-codec/1.11/commons-codec-1.11.jar:/home/user/.m2/repository/commons-io/commons-io/2.5/commons-io-2.5.jar:/home/user/.m2/repository/commons-net/commons-net/3.6/commons-net-3.6.jar:/home/user/.m2/repository/commons-collections/commons-collections/3.2.2/commons-collections-3.2.2.jar:/home/user/.m2/repository/javax/servlet/javax.servlet-api/3.1.0/javax.servlet-api-3.1.0.jar:/home/user/.m2/repository/org/eclipse/jetty/jetty-server/9.3.24.v20180605/jetty-server-9.3.24.v20180605.jar:/home/user/.m2/repository/org/eclipse/jetty/jetty-http/9.3.24.v20180605/jetty-http-9.3.24.v20180605.jar:/home/user/.m2/repository/org/eclipse/jetty/jetty-io/9.3.24.v20180605/jetty-io-9.3.24.v20180605.jar:/home/user/.m2/repository/org/eclipse/jetty/jetty-util/9.3.24.v20180605/jetty-util-9.3.24.v20180605.jar:/home/user/.m2/repository/org/eclipse/jetty/jetty-servlet/9.3.24.v20180605/jetty-servlet-9.3.24.v20180605.jar:/home/user/.m2/repository/org/eclipse/jetty/jetty-security/9.3.24.v20180605/jetty-security-9.3.24.v20180605.jar:/home/user/.m2/repository/org/eclipse/jetty/jetty-webapp/9.3.24.v20180605/jetty-webapp-9.3.24.v20180605.jar:/home/user/.m2/repository/org/eclipse/jetty/jetty-xml/9.3.24.v20180605/jetty-xml-9.3.24.v20180605.jar:/home/user/.m2/repository/javax/servlet/jsp/jsp-api/2.1/jsp-api-2.1.jar:/home/user/.m2/repository/com/sun/jersey/jersey-core/1.19/jersey-core-1.19.jar:/home/user/.m2/repository/javax/ws/rs/jsr311-api/1.1.1/jsr311-api-1.1.1.jar:/home/user/.m2/repository/com/sun/jersey/jersey-servlet/1.19/jersey-servlet-1.19.jar:/home/user/.m2/repository/com/sun/jersey/jersey-json/1.19/jersey-json-1.19.jar:/home/user/.m2/repository/org/codehaus/jettison/jettison/1.1/jettison-1.1.jar:/home/user/.m2/repository/com/sun/xml/bind/jaxb-impl/2.3.0.1/jaxb-impl-2.3.0.1.jar:/home/user/.m2/repository/org/codehaus/jackson/jackson-core-asl/1.9.13/jackson-core-asl-1.9.13.jar:/home/user/.m2/repository/org/codehaus/jackson/jackson-mapper-asl/1.9.13/jackson-mapper-asl-1.9.13.jar:/home/user/.m2/repository/org/codehaus/jackson/jackson-jaxrs/1.9.13/jackson-jaxrs-1.9.13.jar:/home/user/.m2/repository/org/codehaus/jackson/jackson-xc/1.9.13/jackson-xc-1.9.13.jar:/home/user/.m2/repository/com/sun/jersey/jersey-server/1.19/jersey-server-1.19.jar:/home/user/.m2/repository/commons-logging/commons-logging/1.1.3/commons-logging-1.1.3.jar:/home/user/.m2/repository/log4j/log4j/1.2.17/log4j-1.2.17.jar:/home/user/.m2/repository/commons-beanutils/commons-beanutils/1.9.3/commons-beanutils-1.9.3.jar:/home/user/.m2/repository/org/apache/commons/commons-configuration2/2.1.1/commons-configuration2-2.1.1.jar:/home/user/.m2/repository/org/apache/commons/commons-lang3/3.7/commons-lang3-3.7.jar:/home/user/.m2/repository/org/apache/commons/commons-text/1.4/commons-text-1.4.jar:/home/user/.m2/repository/org/slf4j/slf4j-api/1.7.25/slf4j-api-1.7.25.jar:/home/user/.m2/repository/org/slf4j/slf4j-log4j12/1.7.25/slf4j-log4j12-1.7.25.jar:/home/user/.m2/repository/org/apache/avro/avro/1.7.7/avro-1.7.7.jar:/home/user/.m2/repository/com/thoughtworks/paranamer/paranamer/2.3/paranamer-2.3.jar:/home/user/.m2/repository/org/xerial/snappy/snappy-java/1.0.5/snappy-java-1.0.5.jar:/home/user/.m2/repository/com/google/re2j/re2j/1.1/re2j-1.1.jar:/home/user/.m2/repository/com/google/protobuf/protobuf-java/2.5.0/protobuf-java-2.5.0.jar:/home/user/.m2/repository/com/google/code/gson/gson/2.2.4/gson-2.2.4.jar:/home/user/.m2/repository/org/apache/hadoop/hadoop-auth/3.2.0/hadoop-auth-3.2.0.jar:/home/user/.m2/repository/com/nimbusds/nimbus-jose-jwt/4.41.1/nimbus-jose-jwt-4.41.1.jar:/home/user/.m2/repository/com/github/stephenc/jcip/jcip-annotations/1.0-1/jcip-annotations-1.0-1.jar:/home/user/.m2/repository/net/minidev/json-smart/2.3/json-smart-2.3.jar:/home/user/.m2/repository/net/minidev/accessors-smart/1.2/accessors-smart-1.2.jar:/home/user/.m2/repository/org/apache/curator/curator-framework/2.12.0/curator-framework-2.12.0.jar:/home/user/.m2/repository/com/jcraft/jsch/0.1.54/jsch-0.1.54.jar:/home/user/.m2/repository/org/apache/curator/curator-client/2.12.0/curator-client-2.12.0.jar:/home/user/.m2/repository/org/apache/curator/curator-recipes/2.12.0/curator-recipes-2.12.0.jar:/home/user/.m2/repository/com/google/code/findbugs/jsr305/3.0.0/jsr305-3.0.0.jar:/home/user/.m2/repository/org/apache/htrace/htrace-core4/4.1.0-incubating/htrace-core4-4.1.0-incubating.jar:/home/user/.m2/repository/org/apache/zookeeper/zookeeper/3.4.13/zookeeper-3.4.13.jar:/home/user/.m2/repository/org/apache/yetus/audience-annotations/0.5.0/audience-annotations-0.5.0.jar:/home/user/.m2/repository/org/apache/commons/commons-compress/1.4.1/commons-compress-1.4.1.jar:/home/user/.m2/repository/org/tukaani/xz/1.0/xz-1.0.jar:/home/user/.m2/repository/org/apache/kerby/kerb-simplekdc/1.0.1/kerb-simplekdc-1.0.1.jar:/home/user/.m2/repository/org/apache/kerby/kerb-client/1.0.1/kerb-client-1.0.1.jar:/home/user/.m2/repository/org/apache/kerby/kerby-config/1.0.1/kerby-config-1.0.1.jar:/home/user/.m2/repository/org/apache/kerby/kerb-core/1.0.1/kerb-core-1.0.1.jar:/home/user/.m2/repository/org/apache/kerby/kerby-pkix/1.0.1/kerby-pkix-1.0.1.jar:/home/user/.m2/repository/org/apache/kerby/kerby-asn1/1.0.1/kerby-asn1-1.0.1.jar:/home/user/.m2/repository/org/apache/kerby/kerby-util/1.0.1/kerby-util-1.0.1.jar:/home/user/.m2/repository/org/apache/kerby/kerb-common/1.0.1/kerb-common-1.0.1.jar:/home/user/.m2/repository/org/apache/kerby/kerb-crypto/1.0.1/kerb-crypto-1.0.1.jar:/home/user/.m2/repository/org/apache/kerby/kerb-util/1.0.1/kerb-util-1.0.1.jar:/home/user/.m2/repository/org/apache/kerby/token-provider/1.0.1/token-provider-1.0.1.jar:/home/user/.m2/repository/org/apache/kerby/kerb-admin/1.0.1/kerb-admin-1.0.1.jar:/home/user/.m2/repository/org/apache/kerby/kerb-server/1.0.1/kerb-server-1.0.1.jar:/home/user/.m2/repository/org/apache/kerby/kerb-identity/1.0.1/kerb-identity-1.0.1.jar:/home/user/.m2/repository/org/apache/kerby/kerby-xdr/1.0.1/kerby-xdr-1.0.1.jar:/home/user/.m2/repository/com/fasterxml/jackson/core/jackson-databind/2.9.5/jackson-databind-2.9.5.jar:/home/user/.m2/repository/com/fasterxml/jackson/core/jackson-annotations/2.9.5/jackson-annotations-2.9.5.jar:/home/user/.m2/repository/com/fasterxml/jackson/core/jackson-core/2.9.5/jackson-core-2.9.5.jar:/home/user/.m2/repository/org/codehaus/woodstox/stax2-api/3.1.4/stax2-api-3.1.4.jar:/home/user/.m2/repository/com/fasterxml/woodstox/woodstox-core/5.0.3/woodstox-core-5.0.3.jar:/home/user/.m2/repository/dnsjava/dnsjava/2.1.7/dnsjava-2.1.7.jar:/home/user/.m2/repository/org/apache/hadoop/hadoop-hdfs/3.2.0/hadoop-hdfs-3.2.0.jar:/home/user/.m2/repository/org/eclipse/jetty/jetty-util-ajax/9.3.24.v20180605/jetty-util-ajax-9.3.24.v20180605.jar:/home/user/.m2/repository/commons-daemon/commons-daemon/1.0.13/commons-daemon-1.0.13.jar:/home/user/.m2/repository/io/netty/netty/3.10.5.Final/netty-3.10.5.Final.jar:/home/user/.m2/repository/io/netty/netty-all/4.0.52.Final/netty-all-4.0.52.Final.jar:/home/user/.m2/repository/org/fusesource/leveldbjni/leveldbjni-all/1.8/leveldbjni-all-1.8.jar:/home/user/.m2/repository/org/apache/hadoop/hadoop-hdds-common/0.5.0-SNAPSHOT/hadoop-hdds-common-0.5.0-SNAPSHOT.jar:/home/user/.m2/repository/org/apache/hadoop/hadoop-hdds-config/0.5.0-SNAPSHOT/hadoop-hdds-config-0.5.0-SNAPSHOT.jar:/home/user/.m2/repository/javax/annotation/javax.annotation-api/1.2/javax.annotation-api-1.2.jar:/home/user/.m2/repository/org/apache/ratis/ratis-server/0.4.0-2337318-SNAPSHOT/ratis-server-0.4.0-2337318-SNAPSHOT.jar:/home/user/.m2/repository/org/apache/ratis/ratis-thirdparty-misc/0.2.0/ratis-thirdparty-misc-0.2.0.jar:/home/user/.m2/repository/org/apache/ratis/ratis-proto/0.4.0-2337318-SNAPSHOT/ratis-proto-0.4.0-2337318-SNAPSHOT.jar:/home/user/.m2/repository/org/apache/ratis/ratis-common/0.4.0-2337318-SNAPSHOT/ratis-common-0.4.0-2337318-SNAPSHOT.jar:/home/user/.m2/repository/org/apache/ratis/ratis-client/0.4.0-2337318-SNAPSHOT/ratis-client-0.4.0-2337318-SNAPSHOT.jar:/home/user/.m2/repository/org/apache/ratis/ratis-metrics/0.4.0-2337318-SNAPSHOT/ratis-metrics-0.4.0-2337318-SNAPSHOT.jar:/home/user/.m2/repository/org/apache/ratis/ratis-netty/0.4.0-2337318-SNAPSHOT/ratis-netty-0.4.0-2337318-SNAPSHOT.jar:/home/user/.m2/repository/org/apache/ratis/ratis-grpc/0.4.0-2337318-SNAPSHOT/ratis-grpc-0.4.0-2337318-SNAPSHOT.jar:/home/user/.m2/repository/org/rocksdb/rocksdbjni/6.0.1/rocksdbjni-6.0.1.jar:/home/user/.m2/repository/org/apache/logging/log4j/log4j-api/2.11.0/log4j-api-2.11.0.jar:/home/user/.m2/repository/org/apache/logging/log4j/log4j-core/2.11.0/log4j-core-2.11.0.jar:/home/user/.m2/repository/com/lmax/disruptor/3.4.2/disruptor-3.4.2.jar:/home/user/.m2/repository/org/apache/commons/commons-pool2/2.6.0/commons-pool2-2.6.0.jar:/home/user/.m2/repository/org/bouncycastle/bcpkix-jdk15on/1.60/bcpkix-jdk15on-1.60.jar:/home/user/.m2/repository/commons-validator/commons-validator/1.6/commons-validator-1.6.jar:/home/user/.m2/repository/commons-digester/commons-digester/1.8.1/commons-digester-1.8.1.jar:/home/user/.m2/repository/io/jaegertracing/jaeger-client/0.33.1/jaeger-client-0.33.1.jar:/home/user/.m2/repository/io/jaegertracing/jaeger-thrift/0.33.1/jaeger-thrift-0.33.1.jar:/home/user/.m2/repository/org/apache/thrift/libthrift/0.11.0/libthrift-0.11.0.jar:/home/user/.m2/repository/com/squareup/okhttp3/okhttp/3.9.0/okhttp-3.9.0.jar:/home/user/.m2/repository/com/squareup/okio/okio/1.13.0/okio-1.13.0.jar:/home/user/.m2/repository/io/jaegertracing/jaeger-core/0.33.1/jaeger-core-0.33.1.jar:/home/user/.m2/repository/io/jaegertracing/jaeger-tracerresolver/0.33.1/jaeger-tracerresolver-0.33.1.jar:/home/user/.m2/repository/io/opentracing/contrib/opentracing-tracerresolver/0.1.5/opentracing-tracerresolver-0.1.5.jar:/home/user/.m2/repository/io/opentracing/opentracing-util/0.31.0/opentracing-util-0.31.0.jar:/home/user/.m2/repository/io/opentracing/opentracing-api/0.31.0/opentracing-api-0.31.0.jar:/home/user/.m2/repository/io/opentracing/opentracing-noop/0.31.0/opentracing-noop-0.31.0.jar:/home/user/.m2/repository/org/yaml/snakeyaml/1.16/snakeyaml-1.16.jar:/home/user/.m2/repository/org/apache/hadoop/hadoop-hdfs-client/3.2.0/hadoop-hdfs-client-3.2.0.jar:/home/user/.m2/repository/info/picocli/picocli/3.9.6/picocli-3.9.6.jar:/home/user/.m2/repository/org/apache/hadoop/hadoop-hdds-server-scm/0.5.0-SNAPSHOT/hadoop-hdds-server-scm-0.5.0-SNAPSHOT.jar:/home/user/.m2/repository/org/apache/hadoop/hadoop-hdds-docs/0.5.0-SNAPSHOT/hadoop-hdds-docs-0.5.0-SNAPSHOT.jar:/home/user/.m2/repository/io/dropwizard/metrics/metrics-core/3.2.4/metrics-core-3.2.4.jar:/home/user/.m2/repository/org/hamcrest/hamcrest-all/1.3/hamcrest-all-1.3.jar:/home/user/.m2/repository/org/bouncycastle/bcprov-jdk15on/1.60/bcprov-jdk15on-1.60.jar:/home/user/.m2/repository/org/apache/hadoop/hadoop-hdds-server-framework/0.5.0-SNAPSHOT/hadoop-hdds-server-framework-0.5.0-SNAPSHOT.jar:/home/user/.m2/repository/org/apache/hadoop/hadoop-ozone-ozone-manager/0.5.0-SNAPSHOT/hadoop-ozone-ozone-manager-0.5.0-SNAPSHOT.jar:/home/user/.m2/repository/org/apache/hadoop/hadoop-hdds-container-service/0.5.0-SNAPSHOT/hadoop-hdds-container-service-0.5.0-SNAPSHOT.jar:/home/user/.m2/repository/org/apache/hadoop/hadoop-hdds-client/0.5.0-SNAPSHOT/hadoop-hdds-client-0.5.0-SNAPSHOT.jar:/home/user/.m2/repository/org/apache/hadoop/hadoop-ozone-common/0.5.0-SNAPSHOT/hadoop-ozone-common-0.5.0-SNAPSHOT.jar:/home/user/.m2/repository/org/apache/hadoop/hadoop-hdds-tools/0.5.0-SNAPSHOT/hadoop-hdds-tools-0.5.0-SNAPSHOT.jar:/home/user/.m2/repository/org/xerial/sqlite-jdbc/3.25.2/sqlite-jdbc-3.25.2.jar:/home/user/.m2/repository/org/apache/hadoop/hadoop-ozone-objectstore-service/0.5.0-SNAPSHOT/hadoop-ozone-objectstore-service-0.5.0-SNAPSHOT.jar:/home/user/.m2/repository/com/google/code/findbugs/findbugs/3.0.1/findbugs-3.0.1.jar:/home/user/.m2/repository/net/jcip/jcip-annotations/1.0/jcip-annotations-1.0.jar:/home/user/.m2/repository/com/google/code/findbugs/bcel-findbugs/6.0/bcel-findbugs-6.0.jar:/home/user/.m2/repository/com/google/code/findbugs/jFormatString/2.0.1/jFormatString-2.0.1.jar:/home/user/.m2/repository/dom4j/dom4j/1.6.1/dom4j-1.6.1.jar:/home/user/.m2/repository/xml-apis/xml-apis/1.0.b2/xml-apis-1.0.b2.jar:/home/user/.m2/repository/org/ow2/asm/asm-debug-all/5.0.2/asm-debug-all-5.0.2.jar:/home/user/.m2/repository/org/ow2/asm/asm-commons/5.0.2/asm-commons-5.0.2.jar:/home/user/.m2/repository/org/ow2/asm/asm-tree/5.0.2/asm-tree-5.0.2.jar:/home/user/.m2/repository/org/ow2/asm/asm/5.0.4/asm-5.0.4.jar:/home/user/.m2/repository/commons-lang/commons-lang/2.6/commons-lang-2.6.jar:/home/user/.m2/repository/com/apple/AppleJavaExtensions/1.4/AppleJavaExtensions-1.4.jar:/home/user/.m2/repository/jaxen/jaxen/1.1.6/jaxen-1.1.6.jar:/home/user/.m2/repository/org/apache/hadoop/hadoop-common/3.2.0/hadoop-common-3.2.0-tests.jar:/home/user/.m2/repository/org/apache/hadoop/hadoop-ozone-client/0.5.0-SNAPSHOT/hadoop-ozone-client-0.5.0-SNAPSHOT.jar:/home/user/.m2/repository/org/apache/hadoop/hadoop-hdfs/3.2.0/hadoop-hdfs-3.2.0-tests.jar:/workdir/hadoop-ozone/integration-test/target/test-classes:/home/user/.m2/repository/org/apache/hadoop/hadoop-ozone-s3gateway/0.5.0-SNAPSHOT/hadoop-ozone-s3gateway-0.5.0-SNAPSHOT.jar:/home/user/.m2/repository/org/jboss/weld/servlet/weld-servlet/2.4.7.Final/weld-servlet-2.4.7.Final.jar:/home/user/.m2/repository/org/glassfish/jersey/containers/jersey-container-servlet-core/2.27/jersey-container-servlet-core-2.27.jar:/home/user/.m2/repository/org/glassfish/hk2/external/javax.inject/2.5.0-b42/javax.inject-2.5.0-b42.jar:/home/user/.m2/repository/org/glassfish/jersey/core/jersey-common/2.27/jersey-common-2.27.jar:/home/user/.m2/repository/org/glassfish/hk2/osgi-resource-locator/1.0.1/osgi-resource-locator-1.0.1.jar:/home/user/.m2/repository/javax/ws/rs/javax.ws.rs-api/2.1/javax.ws.rs-api-2.1.jar:/home/user/.m2/repository/org/glassfish/jersey/ext/cdi/jersey-cdi1x/2.27/jersey-cdi1x-2.27.jar:/home/user/.m2/repository/org/glassfish/jersey/inject/jersey-hk2/2.27/jersey-hk2-2.27.jar:/home/user/.m2/repository/org/glassfish/hk2/hk2-locator/2.5.0-b42/hk2-locator-2.5.0-b42.jar:/home/user/.m2/repository/org/javassist/javassist/3.22.0-CR2/javassist-3.22.0-CR2.jar:/home/user/.m2/repository/org/glassfish/hk2/hk2-api/2.5.0/hk2-api-2.5.0.jar:/home/user/.m2/repository/org/glassfish/hk2/external/jakarta.inject/2.5.0/jakarta.inject-2.5.0.jar:/home/user/.m2/repository/org/glassfish/hk2/hk2-utils/2.5.0/hk2-utils-2.5.0.jar:/home/user/.m2/repository/jakarta/annotation/jakarta.annotation-api/1.3.4/jakarta.annotation-api-1.3.4.jar:/home/user/.m2/repository/org/glassfish/hk2/external/aopalliance-repackaged/2.5.0/aopalliance-repackaged-2.5.0.jar:/home/user/.m2/repository/com/fasterxml/jackson/dataformat/jackson-dataformat-xml/2.9.0/jackson-dataformat-xml-2.9.0.jar:/home/user/.m2/repository/com/fasterxml/jackson/module/jackson-module-jaxb-annotations/2.9.5/jackson-module-jaxb-annotations-2.9.5.jar:/home/user/.m2/repository/javax/enterprise/cdi-api/1.2/cdi-api-1.2.jar:/home/user/.m2/repository/javax/el/javax.el-api/3.0.0/javax.el-api-3.0.0.jar:/home/user/.m2/repository/javax/interceptor/javax.interceptor-api/1.2/javax.interceptor-api-1.2.jar:/home/user/.m2/repository/javax/inject/javax.inject/1/javax.inject-1.jar:/home/user/.m2/repository/com/sun/xml/bind/jaxb-core/2.3.0.1/jaxb-core-2.3.0.1.jar:/home/user/.m2/repository/javax/xml/bind/jaxb-api/2.3.0/jaxb-api-2.3.0.jar:/home/user/.m2/repository/javax/activation/activation/1.1.1/activation-1.1.1.jar:/home/user/.m2/repository/org/apache/hadoop/hadoop-ozone-csi/0.5.0-SNAPSHOT/hadoop-ozone-csi-0.5.0-SNAPSHOT.jar:/home/user/.m2/repository/com/google/protobuf/protobuf-java-util/3.5.1/protobuf-java-util-3.5.1.jar:/home/user/.m2/repository/io/grpc/grpc-netty/1.17.1/grpc-netty-1.17.1.jar:/home/user/.m2/repository/io/grpc/grpc-core/1.17.1/grpc-core-1.17.1.jar:/home/user/.m2/repository/io/grpc/grpc-context/1.17.1/grpc-context-1.17.1.jar:/home/user/.m2/repository/com/google/errorprone/error_prone_annotations/2.2.0/error_prone_annotations-2.2.0.jar:/home/user/.m2/repository/org/codehaus/mojo/animal-sniffer-annotations/1.17/animal-sniffer-annotations-1.17.jar:/home/user/.m2/repository/io/opencensus/opencensus-api/0.17.0/opencensus-api-0.17.0.jar:/home/user/.m2/repository/io/opencensus/opencensus-contrib-grpc-metrics/0.17.0/opencensus-contrib-grpc-metrics-0.17.0.jar:/home/user/.m2/repository/io/netty/netty-codec-http2/4.1.30.Final/netty-codec-http2-4.1.30.Final.jar:/home/user/.m2/repository/io/netty/netty-codec-http/4.1.30.Final/netty-codec-http-4.1.30.Final.jar:/home/user/.m2/repository/io/netty/netty-codec/4.1.30.Final/netty-codec-4.1.30.Final.jar:/home/user/.m2/repository/io/netty/netty-handler/4.1.30.Final/netty-handler-4.1.30.Final.jar:/home/user/.m2/repository/io/netty/netty-handler-proxy/4.1.30.Final/netty-handler-proxy-4.1.30.Final.jar:/home/user/.m2/repository/io/netty/netty-codec-socks/4.1.30.Final/netty-codec-socks-4.1.30.Final.jar:/home/user/.m2/repository/io/netty/netty-transport-native-epoll/4.1.30.Final/netty-transport-native-epoll-4.1.30.Final.jar:/home/user/.m2/repository/io/netty/netty-common/4.1.30.Final/netty-common-4.1.30.Final.jar:/home/user/.m2/repository/io/netty/netty-buffer/4.1.30.Final/netty-buffer-4.1.30.Final.jar:/home/user/.m2/repository/io/netty/netty-transport/4.1.30.Final/netty-transport-4.1.30.Final.jar:/home/user/.m2/repository/io/netty/netty-resolver/4.1.30.Final/netty-resolver-4.1.30.Final.jar:/home/user/.m2/repository/io/netty/netty-transport-native-unix-common/4.1.30.Final/netty-transport-native-unix-common-4.1.30.Final.jar:/home/user/.m2/repository/io/grpc/grpc-protobuf/1.17.1/grpc-protobuf-1.17.1.jar:/home/user/.m2/repository/com/google/api/grpc/proto-google-common-protos/1.0.0/proto-google-common-protos-1.0.0.jar:/home/user/.m2/repository/io/grpc/grpc-protobuf-lite/1.17.1/grpc-protobuf-lite-1.17.1.jar:/home/user/.m2/repository/io/grpc/grpc-stub/1.17.1/grpc-stub-1.17.1.jar:/home/user/.m2/repository/org/apache/hadoop/hadoop-ozone-recon/0.5.0-SNAPSHOT/hadoop-ozone-recon-0.5.0-SNAPSHOT.jar:/home/user/.m2/repository/org/apache/hadoop/hadoop-ozone-reconcodegen/0.5.0-SNAPSHOT/hadoop-ozone-reconcodegen-0.5.0-SNAPSHOT.jar:/home/user/.m2/repository/com/google/inject/extensions/guice-multibindings/4.0/guice-multibindings-4.0.jar:/home/user/.m2/repository/com/google/inject/guice/4.0/guice-4.0.jar:/home/user/.m2/repository/aopalliance/aopalliance/1.0/aopalliance-1.0.jar:/home/user/.m2/repository/org/glassfish/jersey/containers/jersey-container-servlet/2.27/jersey-container-servlet-2.27.jar:/home/user/.m2/repository/org/glassfish/hk2/guice-bridge/2.5.0/guice-bridge-2.5.0.jar:/home/user/.m2/repository/org/glassfish/jersey/core/jersey-server/2.27/jersey-server-2.27.jar:/home/user/.m2/repository/org/glassfish/jersey/core/jersey-client/2.27/jersey-client-2.27.jar:/home/user/.m2/repository/org/glassfish/jersey/media/jersey-media-jaxb/2.27/jersey-media-jaxb-2.27.jar:/home/user/.m2/repository/javax/validation/validation-api/1.1.0.Final/validation-api-1.1.0.Final.jar:/home/user/.m2/repository/org/glassfish/jersey/media/jersey-media-json-jackson/2.27/jersey-media-json-jackson-2.27.jar:/home/user/.m2/repository/org/glassfish/jersey/ext/jersey-entity-filtering/2.27/jersey-entity-filtering-2.27.jar:/home/user/.m2/repository/com/google/inject/extensions/guice-assistedinject/4.0/guice-assistedinject-4.0.jar:/home/user/.m2/repository/org/jooq/jooq/3.11.10/jooq-3.11.10.jar:/home/user/.m2/repository/org/jooq/jooq-meta/3.11.10/jooq-meta-3.11.10.jar:/home/user/.m2/repository/org/jooq/jooq-codegen/3.11.10/jooq-codegen-3.11.10.jar:/home/user/.m2/repository/com/jolbox/bonecp/0.8.0.RELEASE/bonecp-0.8.0.RELEASE.jar:/home/user/.m2/repository/org/springframework/spring-jdbc/5.1.3.RELEASE/spring-jdbc-5.1.3.RELEASE.jar:/home/user/.m2/repository/org/springframework/spring-beans/5.1.3.RELEASE/spring-beans-5.1.3.RELEASE.jar:/home/user/.m2/repository/org/springframework/spring-core/5.1.3.RELEASE/spring-core-5.1.3.RELEASE.jar:/home/user/.m2/repository/org/springframework/spring-jcl/5.1.3.RELEASE/spring-jcl-5.1.3.RELEASE.jar:/home/user/.m2/repository/org/springframework/spring-tx/5.1.3.RELEASE/spring-tx-5.1.3.RELEASE.jar:/home/user/.m2/repository/org/mockito/mockito-all/1.10.19/mockito-all-1.10.19.jar:/home/user/.m2/repository/junit/junit/4.11/junit-4.11.jar:/home/user/.m2/repository/org/hamcrest/hamcrest-core/1.3/hamcrest-core-1.3.jar:/home/user/.m2/repository/org/apache/hadoop/hadoop-distcp/3.2.0/hadoop-distcp-3.2.0.jar:/home/user/.m2/repository/org/apache/hadoop/hadoop-distcp/3.2.0/hadoop-distcp-3.2.0-tests.jar:/home/user/.m2/repository/org/apache/hadoop/hadoop-mapreduce-client-jobclient/3.2.0/hadoop-mapreduce-client-jobclient-3.2.0.jar:/home/user/.m2/repository/org/apache/hadoop/hadoop-mapreduce-client-common/3.2.0/hadoop-mapreduce-client-common-3.2.0.jar:/home/user/.m2/repository/org/apache/hadoop/hadoop-yarn-common/3.2.0/hadoop-yarn-common-3.2.0.jar:/home/user/.m2/repository/org/apache/hadoop/hadoop-yarn-api/3.2.0/hadoop-yarn-api-3.2.0.jar:/home/user/.m2/repository/com/sun/jersey/jersey-client/1.19/jersey-client-1.19.jar:/home/user/.m2/repository/com/sun/jersey/contribs/jersey-guice/1.19/jersey-guice-1.19.jar:/home/user/.m2/repository/com/fasterxml/jackson/jaxrs/jackson-jaxrs-json-provider/2.9.5/jackson-jaxrs-json-provider-2.9.5.jar:/home/user/.m2/repository/com/fasterxml/jackson/jaxrs/jackson-jaxrs-base/2.9.5/jackson-jaxrs-base-2.9.5.jar:/home/user/.m2/repository/org/apache/hadoop/hadoop-yarn-client/3.2.0/hadoop-yarn-client-3.2.0.jar:/home/user/.m2/repository/org/apache/hadoop/hadoop-mapreduce-client-core/3.2.0/hadoop-mapreduce-client-core-3.2.0.jar:/home/user/.m2/repository/com/google/inject/extensions/guice-servlet/4.0/guice-servlet-4.0.jar:/home/user/.m2/repository/org/powermock/powermock-module-junit4/1.6.5/powermock-module-junit4-1.6.5.jar:/home/user/.m2/repository/org/powermock/powermock-module-junit4-common/1.6.5/powermock-module-junit4-common-1.6.5.jar:/home/user/.m2/repository/org/powermock/powermock-core/1.6.5/powermock-core-1.6.5.jar:/home/user/.m2/repository/org/powermock/powermock-reflect/1.6.5/powermock-reflect-1.6.5.jar:/home/user/.m2/repository/org/powermock/powermock-api-mockito/1.6.5/powermock-api-mockito-1.6.5.jar:/home/user/.m2/repository/org/mockito/mockito-core/1.10.19/mockito-core-1.10.19.jar:/home/user/.m2/repository/org/objenesis/objenesis/1.0/objenesis-1.0.jar:/home/user/.m2/repository/org/powermock/powermock-api-mockito-common/1.6.5/powermock-api-mockito-common-1.6.5.jar:/home/user/.m2/repository/org/powermock/powermock-api-support/1.6.5/powermock-api-support-1.6.5.jar:"/>
    <property name="java.vm.vendor" value="IcedTea"/>
    <property name="sun.arch.data.model" value="64"/>
    <property name="test.build.dir" value="/workdir/hadoop-ozone/ozonefs/target/test-dir"/>
    <property name="test.cache.data" value=""/>
    <property name="java.vendor.url" value="https://icedtea.classpath.org"/>
    <property name="user.timezone" value=""/>
    <property name="java.vm.specification.version" value="1.8"/>
    <property name="os.name" value="Linux"/>
    <property name="test.build.data" value="/workdir/hadoop-ozone/ozonefs/target/test-dir"/>
    <property name="user.country" value="US"/>
    <property name="sun.java.launcher" value="SUN_STANDARD"/>
    <property name="sun.boot.library.path" value="/usr/lib/jvm/java-1.8-openjdk/jre/lib/amd64"/>
    <property name="sun.java.command" value="/workdir/hadoop-ozone/ozonefs/target/surefire/surefirebooter6637773966209449706.jar /workdir/hadoop-ozone/ozonefs/target/surefire 2019-09-19T07-57-21_967-jvmRun1 surefire5411936946783741258tmp surefire_1147247885748176607872tmp"/>
    <property name="test" value="!TestMiniChaosOzoneCluster"/>
    <property name="surefire.test.class.path" value="/workdir/hadoop-ozone/ozonefs/target/test-classes:/workdir/hadoop-ozone/ozonefs/target/classes:/home/user/.m2/repository/org/apache/hadoop/hadoop-common/3.2.0/hadoop-common-3.2.0.jar:/home/user/.m2/repository/org/apache/hadoop/hadoop-annotations/3.2.0/hadoop-annotations-3.2.0.jar:/usr/lib/jvm/java-1.8-openjdk/jre/../lib/tools.jar:/home/user/.m2/repository/com/google/guava/guava/11.0.2/guava-11.0.2.jar:/home/user/.m2/repository/commons-cli/commons-cli/1.2/commons-cli-1.2.jar:/home/user/.m2/repository/org/apache/commons/commons-math3/3.1.1/commons-math3-3.1.1.jar:/home/user/.m2/repository/org/apache/httpcomponents/httpclient/4.5.2/httpclient-4.5.2.jar:/home/user/.m2/repository/org/apache/httpcomponents/httpcore/4.4.4/httpcore-4.4.4.jar:/home/user/.m2/repository/commons-codec/commons-codec/1.11/commons-codec-1.11.jar:/home/user/.m2/repository/commons-io/commons-io/2.5/commons-io-2.5.jar:/home/user/.m2/repository/commons-net/commons-net/3.6/commons-net-3.6.jar:/home/user/.m2/repository/commons-collections/commons-collections/3.2.2/commons-collections-3.2.2.jar:/home/user/.m2/repository/javax/servlet/javax.servlet-api/3.1.0/javax.servlet-api-3.1.0.jar:/home/user/.m2/repository/org/eclipse/jetty/jetty-server/9.3.24.v20180605/jetty-server-9.3.24.v20180605.jar:/home/user/.m2/repository/org/eclipse/jetty/jetty-http/9.3.24.v20180605/jetty-http-9.3.24.v20180605.jar:/home/user/.m2/repository/org/eclipse/jetty/jetty-io/9.3.24.v20180605/jetty-io-9.3.24.v20180605.jar:/home/user/.m2/repository/org/eclipse/jetty/jetty-util/9.3.24.v20180605/jetty-util-9.3.24.v20180605.jar:/home/user/.m2/repository/org/eclipse/jetty/jetty-servlet/9.3.24.v20180605/jetty-servlet-9.3.24.v20180605.jar:/home/user/.m2/repository/org/eclipse/jetty/jetty-security/9.3.24.v20180605/jetty-security-9.3.24.v20180605.jar:/home/user/.m2/repository/org/eclipse/jetty/jetty-webapp/9.3.24.v20180605/jetty-webapp-9.3.24.v20180605.jar:/home/user/.m2/repository/org/eclipse/jetty/jetty-xml/9.3.24.v20180605/jetty-xml-9.3.24.v20180605.jar:/home/user/.m2/repository/javax/servlet/jsp/jsp-api/2.1/jsp-api-2.1.jar:/home/user/.m2/repository/com/sun/jersey/jersey-core/1.19/jersey-core-1.19.jar:/home/user/.m2/repository/javax/ws/rs/jsr311-api/1.1.1/jsr311-api-1.1.1.jar:/home/user/.m2/repository/com/sun/jersey/jersey-servlet/1.19/jersey-servlet-1.19.jar:/home/user/.m2/repository/com/sun/jersey/jersey-json/1.19/jersey-json-1.19.jar:/home/user/.m2/repository/org/codehaus/jettison/jettison/1.1/jettison-1.1.jar:/home/user/.m2/repository/com/sun/xml/bind/jaxb-impl/2.3.0.1/jaxb-impl-2.3.0.1.jar:/home/user/.m2/repository/org/codehaus/jackson/jackson-core-asl/1.9.13/jackson-core-asl-1.9.13.jar:/home/user/.m2/repository/org/codehaus/jackson/jackson-mapper-asl/1.9.13/jackson-mapper-asl-1.9.13.jar:/home/user/.m2/repository/org/codehaus/jackson/jackson-jaxrs/1.9.13/jackson-jaxrs-1.9.13.jar:/home/user/.m2/repository/org/codehaus/jackson/jackson-xc/1.9.13/jackson-xc-1.9.13.jar:/home/user/.m2/repository/com/sun/jersey/jersey-server/1.19/jersey-server-1.19.jar:/home/user/.m2/repository/commons-logging/commons-logging/1.1.3/commons-logging-1.1.3.jar:/home/user/.m2/repository/log4j/log4j/1.2.17/log4j-1.2.17.jar:/home/user/.m2/repository/commons-beanutils/commons-beanutils/1.9.3/commons-beanutils-1.9.3.jar:/home/user/.m2/repository/org/apache/commons/commons-configuration2/2.1.1/commons-configuration2-2.1.1.jar:/home/user/.m2/repository/org/apache/commons/commons-lang3/3.7/commons-lang3-3.7.jar:/home/user/.m2/repository/org/apache/commons/commons-text/1.4/commons-text-1.4.jar:/home/user/.m2/repository/org/slf4j/slf4j-api/1.7.25/slf4j-api-1.7.25.jar:/home/user/.m2/repository/org/slf4j/slf4j-log4j12/1.7.25/slf4j-log4j12-1.7.25.jar:/home/user/.m2/repository/org/apache/avro/avro/1.7.7/avro-1.7.7.jar:/home/user/.m2/repository/com/thoughtworks/paranamer/paranamer/2.3/paranamer-2.3.jar:/home/user/.m2/repository/org/xerial/snappy/snappy-java/1.0.5/snappy-java-1.0.5.jar:/home/user/.m2/repository/com/google/re2j/re2j/1.1/re2j-1.1.jar:/home/user/.m2/repository/com/google/protobuf/protobuf-java/2.5.0/protobuf-java-2.5.0.jar:/home/user/.m2/repository/com/google/code/gson/gson/2.2.4/gson-2.2.4.jar:/home/user/.m2/repository/org/apache/hadoop/hadoop-auth/3.2.0/hadoop-auth-3.2.0.jar:/home/user/.m2/repository/com/nimbusds/nimbus-jose-jwt/4.41.1/nimbus-jose-jwt-4.41.1.jar:/home/user/.m2/repository/com/github/stephenc/jcip/jcip-annotations/1.0-1/jcip-annotations-1.0-1.jar:/home/user/.m2/repository/net/minidev/json-smart/2.3/json-smart-2.3.jar:/home/user/.m2/repository/net/minidev/accessors-smart/1.2/accessors-smart-1.2.jar:/home/user/.m2/repository/org/apache/curator/curator-framework/2.12.0/curator-framework-2.12.0.jar:/home/user/.m2/repository/com/jcraft/jsch/0.1.54/jsch-0.1.54.jar:/home/user/.m2/repository/org/apache/curator/curator-client/2.12.0/curator-client-2.12.0.jar:/home/user/.m2/repository/org/apache/curator/curator-recipes/2.12.0/curator-recipes-2.12.0.jar:/home/user/.m2/repository/com/google/code/findbugs/jsr305/3.0.0/jsr305-3.0.0.jar:/home/user/.m2/repository/org/apache/htrace/htrace-core4/4.1.0-incubating/htrace-core4-4.1.0-incubating.jar:/home/user/.m2/repository/org/apache/zookeeper/zookeeper/3.4.13/zookeeper-3.4.13.jar:/home/user/.m2/repository/org/apache/yetus/audience-annotations/0.5.0/audience-annotations-0.5.0.jar:/home/user/.m2/repository/org/apache/commons/commons-compress/1.4.1/commons-compress-1.4.1.jar:/home/user/.m2/repository/org/tukaani/xz/1.0/xz-1.0.jar:/home/user/.m2/repository/org/apache/kerby/kerb-simplekdc/1.0.1/kerb-simplekdc-1.0.1.jar:/home/user/.m2/repository/org/apache/kerby/kerb-client/1.0.1/kerb-client-1.0.1.jar:/home/user/.m2/repository/org/apache/kerby/kerby-config/1.0.1/kerby-config-1.0.1.jar:/home/user/.m2/repository/org/apache/kerby/kerb-core/1.0.1/kerb-core-1.0.1.jar:/home/user/.m2/repository/org/apache/kerby/kerby-pkix/1.0.1/kerby-pkix-1.0.1.jar:/home/user/.m2/repository/org/apache/kerby/kerby-asn1/1.0.1/kerby-asn1-1.0.1.jar:/home/user/.m2/repository/org/apache/kerby/kerby-util/1.0.1/kerby-util-1.0.1.jar:/home/user/.m2/repository/org/apache/kerby/kerb-common/1.0.1/kerb-common-1.0.1.jar:/home/user/.m2/repository/org/apache/kerby/kerb-crypto/1.0.1/kerb-crypto-1.0.1.jar:/home/user/.m2/repository/org/apache/kerby/kerb-util/1.0.1/kerb-util-1.0.1.jar:/home/user/.m2/repository/org/apache/kerby/token-provider/1.0.1/token-provider-1.0.1.jar:/home/user/.m2/repository/org/apache/kerby/kerb-admin/1.0.1/kerb-admin-1.0.1.jar:/home/user/.m2/repository/org/apache/kerby/kerb-server/1.0.1/kerb-server-1.0.1.jar:/home/user/.m2/repository/org/apache/kerby/kerb-identity/1.0.1/kerb-identity-1.0.1.jar:/home/user/.m2/repository/org/apache/kerby/kerby-xdr/1.0.1/kerby-xdr-1.0.1.jar:/home/user/.m2/repository/com/fasterxml/jackson/core/jackson-databind/2.9.5/jackson-databind-2.9.5.jar:/home/user/.m2/repository/com/fasterxml/jackson/core/jackson-annotations/2.9.5/jackson-annotations-2.9.5.jar:/home/user/.m2/repository/com/fasterxml/jackson/core/jackson-core/2.9.5/jackson-core-2.9.5.jar:/home/user/.m2/repository/org/codehaus/woodstox/stax2-api/3.1.4/stax2-api-3.1.4.jar:/home/user/.m2/repository/com/fasterxml/woodstox/woodstox-core/5.0.3/woodstox-core-5.0.3.jar:/home/user/.m2/repository/dnsjava/dnsjava/2.1.7/dnsjava-2.1.7.jar:/home/user/.m2/repository/org/apache/hadoop/hadoop-hdfs/3.2.0/hadoop-hdfs-3.2.0.jar:/home/user/.m2/repository/org/eclipse/jetty/jetty-util-ajax/9.3.24.v20180605/jetty-util-ajax-9.3.24.v20180605.jar:/home/user/.m2/repository/commons-daemon/commons-daemon/1.0.13/commons-daemon-1.0.13.jar:/home/user/.m2/repository/io/netty/netty/3.10.5.Final/netty-3.10.5.Final.jar:/home/user/.m2/repository/io/netty/netty-all/4.0.52.Final/netty-all-4.0.52.Final.jar:/home/user/.m2/repository/org/fusesource/leveldbjni/leveldbjni-all/1.8/leveldbjni-all-1.8.jar:/home/user/.m2/repository/org/apache/hadoop/hadoop-hdds-common/0.5.0-SNAPSHOT/hadoop-hdds-common-0.5.0-SNAPSHOT.jar:/home/user/.m2/repository/org/apache/hadoop/hadoop-hdds-config/0.5.0-SNAPSHOT/hadoop-hdds-config-0.5.0-SNAPSHOT.jar:/home/user/.m2/repository/javax/annotation/javax.annotation-api/1.2/javax.annotation-api-1.2.jar:/home/user/.m2/repository/org/apache/ratis/ratis-server/0.4.0-2337318-SNAPSHOT/ratis-server-0.4.0-2337318-SNAPSHOT.jar:/home/user/.m2/repository/org/apache/ratis/ratis-thirdparty-misc/0.2.0/ratis-thirdparty-misc-0.2.0.jar:/home/user/.m2/repository/org/apache/ratis/ratis-proto/0.4.0-2337318-SNAPSHOT/ratis-proto-0.4.0-2337318-SNAPSHOT.jar:/home/user/.m2/repository/org/apache/ratis/ratis-common/0.4.0-2337318-SNAPSHOT/ratis-common-0.4.0-2337318-SNAPSHOT.jar:/home/user/.m2/repository/org/apache/ratis/ratis-client/0.4.0-2337318-SNAPSHOT/ratis-client-0.4.0-2337318-SNAPSHOT.jar:/home/user/.m2/repository/org/apache/ratis/ratis-metrics/0.4.0-2337318-SNAPSHOT/ratis-metrics-0.4.0-2337318-SNAPSHOT.jar:/home/user/.m2/repository/org/apache/ratis/ratis-netty/0.4.0-2337318-SNAPSHOT/ratis-netty-0.4.0-2337318-SNAPSHOT.jar:/home/user/.m2/repository/org/apache/ratis/ratis-grpc/0.4.0-2337318-SNAPSHOT/ratis-grpc-0.4.0-2337318-SNAPSHOT.jar:/home/user/.m2/repository/org/rocksdb/rocksdbjni/6.0.1/rocksdbjni-6.0.1.jar:/home/user/.m2/repository/org/apache/logging/log4j/log4j-api/2.11.0/log4j-api-2.11.0.jar:/home/user/.m2/repository/org/apache/logging/log4j/log4j-core/2.11.0/log4j-core-2.11.0.jar:/home/user/.m2/repository/com/lmax/disruptor/3.4.2/disruptor-3.4.2.jar:/home/user/.m2/repository/org/apache/commons/commons-pool2/2.6.0/commons-pool2-2.6.0.jar:/home/user/.m2/repository/org/bouncycastle/bcpkix-jdk15on/1.60/bcpkix-jdk15on-1.60.jar:/home/user/.m2/repository/commons-validator/commons-validator/1.6/commons-validator-1.6.jar:/home/user/.m2/repository/commons-digester/commons-digester/1.8.1/commons-digester-1.8.1.jar:/home/user/.m2/repository/io/jaegertracing/jaeger-client/0.33.1/jaeger-client-0.33.1.jar:/home/user/.m2/repository/io/jaegertracing/jaeger-thrift/0.33.1/jaeger-thrift-0.33.1.jar:/home/user/.m2/repository/org/apache/thrift/libthrift/0.11.0/libthrift-0.11.0.jar:/home/user/.m2/repository/com/squareup/okhttp3/okhttp/3.9.0/okhttp-3.9.0.jar:/home/user/.m2/repository/com/squareup/okio/okio/1.13.0/okio-1.13.0.jar:/home/user/.m2/repository/io/jaegertracing/jaeger-core/0.33.1/jaeger-core-0.33.1.jar:/home/user/.m2/repository/io/jaegertracing/jaeger-tracerresolver/0.33.1/jaeger-tracerresolver-0.33.1.jar:/home/user/.m2/repository/io/opentracing/contrib/opentracing-tracerresolver/0.1.5/opentracing-tracerresolver-0.1.5.jar:/home/user/.m2/repository/io/opentracing/opentracing-util/0.31.0/opentracing-util-0.31.0.jar:/home/user/.m2/repository/io/opentracing/opentracing-api/0.31.0/opentracing-api-0.31.0.jar:/home/user/.m2/repository/io/opentracing/opentracing-noop/0.31.0/opentracing-noop-0.31.0.jar:/home/user/.m2/repository/org/yaml/snakeyaml/1.16/snakeyaml-1.16.jar:/home/user/.m2/repository/org/apache/hadoop/hadoop-hdfs-client/3.2.0/hadoop-hdfs-client-3.2.0.jar:/home/user/.m2/repository/info/picocli/picocli/3.9.6/picocli-3.9.6.jar:/home/user/.m2/repository/org/apache/hadoop/hadoop-hdds-server-scm/0.5.0-SNAPSHOT/hadoop-hdds-server-scm-0.5.0-SNAPSHOT.jar:/home/user/.m2/repository/org/apache/hadoop/hadoop-hdds-docs/0.5.0-SNAPSHOT/hadoop-hdds-docs-0.5.0-SNAPSHOT.jar:/home/user/.m2/repository/io/dropwizard/metrics/metrics-core/3.2.4/metrics-core-3.2.4.jar:/home/user/.m2/repository/org/hamcrest/hamcrest-all/1.3/hamcrest-all-1.3.jar:/home/user/.m2/repository/org/bouncycastle/bcprov-jdk15on/1.60/bcprov-jdk15on-1.60.jar:/home/user/.m2/repository/org/apache/hadoop/hadoop-hdds-server-framework/0.5.0-SNAPSHOT/hadoop-hdds-server-framework-0.5.0-SNAPSHOT.jar:/home/user/.m2/repository/org/apache/hadoop/hadoop-ozone-ozone-manager/0.5.0-SNAPSHOT/hadoop-ozone-ozone-manager-0.5.0-SNAPSHOT.jar:/home/user/.m2/repository/org/apache/hadoop/hadoop-hdds-container-service/0.5.0-SNAPSHOT/hadoop-hdds-container-service-0.5.0-SNAPSHOT.jar:/home/user/.m2/repository/org/apache/hadoop/hadoop-hdds-client/0.5.0-SNAPSHOT/hadoop-hdds-client-0.5.0-SNAPSHOT.jar:/home/user/.m2/repository/org/apache/hadoop/hadoop-ozone-common/0.5.0-SNAPSHOT/hadoop-ozone-common-0.5.0-SNAPSHOT.jar:/home/user/.m2/repository/org/apache/hadoop/hadoop-hdds-tools/0.5.0-SNAPSHOT/hadoop-hdds-tools-0.5.0-SNAPSHOT.jar:/home/user/.m2/repository/org/xerial/sqlite-jdbc/3.25.2/sqlite-jdbc-3.25.2.jar:/home/user/.m2/repository/org/apache/hadoop/hadoop-ozone-objectstore-service/0.5.0-SNAPSHOT/hadoop-ozone-objectstore-service-0.5.0-SNAPSHOT.jar:/home/user/.m2/repository/com/google/code/findbugs/findbugs/3.0.1/findbugs-3.0.1.jar:/home/user/.m2/repository/net/jcip/jcip-annotations/1.0/jcip-annotations-1.0.jar:/home/user/.m2/repository/com/google/code/findbugs/bcel-findbugs/6.0/bcel-findbugs-6.0.jar:/home/user/.m2/repository/com/google/code/findbugs/jFormatString/2.0.1/jFormatString-2.0.1.jar:/home/user/.m2/repository/dom4j/dom4j/1.6.1/dom4j-1.6.1.jar:/home/user/.m2/repository/xml-apis/xml-apis/1.0.b2/xml-apis-1.0.b2.jar:/home/user/.m2/repository/org/ow2/asm/asm-debug-all/5.0.2/asm-debug-all-5.0.2.jar:/home/user/.m2/repository/org/ow2/asm/asm-commons/5.0.2/asm-commons-5.0.2.jar:/home/user/.m2/repository/org/ow2/asm/asm-tree/5.0.2/asm-tree-5.0.2.jar:/home/user/.m2/repository/org/ow2/asm/asm/5.0.4/asm-5.0.4.jar:/home/user/.m2/repository/commons-lang/commons-lang/2.6/commons-lang-2.6.jar:/home/user/.m2/repository/com/apple/AppleJavaExtensions/1.4/AppleJavaExtensions-1.4.jar:/home/user/.m2/repository/jaxen/jaxen/1.1.6/jaxen-1.1.6.jar:/home/user/.m2/repository/org/apache/hadoop/hadoop-common/3.2.0/hadoop-common-3.2.0-tests.jar:/home/user/.m2/repository/org/apache/hadoop/hadoop-ozone-client/0.5.0-SNAPSHOT/hadoop-ozone-client-0.5.0-SNAPSHOT.jar:/home/user/.m2/repository/org/apache/hadoop/hadoop-hdfs/3.2.0/hadoop-hdfs-3.2.0-tests.jar:/workdir/hadoop-ozone/integration-test/target/test-classes:/home/user/.m2/repository/org/apache/hadoop/hadoop-ozone-s3gateway/0.5.0-SNAPSHOT/hadoop-ozone-s3gateway-0.5.0-SNAPSHOT.jar:/home/user/.m2/repository/org/jboss/weld/servlet/weld-servlet/2.4.7.Final/weld-servlet-2.4.7.Final.jar:/home/user/.m2/repository/org/glassfish/jersey/containers/jersey-container-servlet-core/2.27/jersey-container-servlet-core-2.27.jar:/home/user/.m2/repository/org/glassfish/hk2/external/javax.inject/2.5.0-b42/javax.inject-2.5.0-b42.jar:/home/user/.m2/repository/org/glassfish/jersey/core/jersey-common/2.27/jersey-common-2.27.jar:/home/user/.m2/repository/org/glassfish/hk2/osgi-resource-locator/1.0.1/osgi-resource-locator-1.0.1.jar:/home/user/.m2/repository/javax/ws/rs/javax.ws.rs-api/2.1/javax.ws.rs-api-2.1.jar:/home/user/.m2/repository/org/glassfish/jersey/ext/cdi/jersey-cdi1x/2.27/jersey-cdi1x-2.27.jar:/home/user/.m2/repository/org/glassfish/jersey/inject/jersey-hk2/2.27/jersey-hk2-2.27.jar:/home/user/.m2/repository/org/glassfish/hk2/hk2-locator/2.5.0-b42/hk2-locator-2.5.0-b42.jar:/home/user/.m2/repository/org/javassist/javassist/3.22.0-CR2/javassist-3.22.0-CR2.jar:/home/user/.m2/repository/org/glassfish/hk2/hk2-api/2.5.0/hk2-api-2.5.0.jar:/home/user/.m2/repository/org/glassfish/hk2/external/jakarta.inject/2.5.0/jakarta.inject-2.5.0.jar:/home/user/.m2/repository/org/glassfish/hk2/hk2-utils/2.5.0/hk2-utils-2.5.0.jar:/home/user/.m2/repository/jakarta/annotation/jakarta.annotation-api/1.3.4/jakarta.annotation-api-1.3.4.jar:/home/user/.m2/repository/org/glassfish/hk2/external/aopalliance-repackaged/2.5.0/aopalliance-repackaged-2.5.0.jar:/home/user/.m2/repository/com/fasterxml/jackson/dataformat/jackson-dataformat-xml/2.9.0/jackson-dataformat-xml-2.9.0.jar:/home/user/.m2/repository/com/fasterxml/jackson/module/jackson-module-jaxb-annotations/2.9.5/jackson-module-jaxb-annotations-2.9.5.jar:/home/user/.m2/repository/javax/enterprise/cdi-api/1.2/cdi-api-1.2.jar:/home/user/.m2/repository/javax/el/javax.el-api/3.0.0/javax.el-api-3.0.0.jar:/home/user/.m2/repository/javax/interceptor/javax.interceptor-api/1.2/javax.interceptor-api-1.2.jar:/home/user/.m2/repository/javax/inject/javax.inject/1/javax.inject-1.jar:/home/user/.m2/repository/com/sun/xml/bind/jaxb-core/2.3.0.1/jaxb-core-2.3.0.1.jar:/home/user/.m2/repository/javax/xml/bind/jaxb-api/2.3.0/jaxb-api-2.3.0.jar:/home/user/.m2/repository/javax/activation/activation/1.1.1/activation-1.1.1.jar:/home/user/.m2/repository/org/apache/hadoop/hadoop-ozone-csi/0.5.0-SNAPSHOT/hadoop-ozone-csi-0.5.0-SNAPSHOT.jar:/home/user/.m2/repository/com/google/protobuf/protobuf-java-util/3.5.1/protobuf-java-util-3.5.1.jar:/home/user/.m2/repository/io/grpc/grpc-netty/1.17.1/grpc-netty-1.17.1.jar:/home/user/.m2/repository/io/grpc/grpc-core/1.17.1/grpc-core-1.17.1.jar:/home/user/.m2/repository/io/grpc/grpc-context/1.17.1/grpc-context-1.17.1.jar:/home/user/.m2/repository/com/google/errorprone/error_prone_annotations/2.2.0/error_prone_annotations-2.2.0.jar:/home/user/.m2/repository/org/codehaus/mojo/animal-sniffer-annotations/1.17/animal-sniffer-annotations-1.17.jar:/home/user/.m2/repository/io/opencensus/opencensus-api/0.17.0/opencensus-api-0.17.0.jar:/home/user/.m2/repository/io/opencensus/opencensus-contrib-grpc-metrics/0.17.0/opencensus-contrib-grpc-metrics-0.17.0.jar:/home/user/.m2/repository/io/netty/netty-codec-http2/4.1.30.Final/netty-codec-http2-4.1.30.Final.jar:/home/user/.m2/repository/io/netty/netty-codec-http/4.1.30.Final/netty-codec-http-4.1.30.Final.jar:/home/user/.m2/repository/io/netty/netty-codec/4.1.30.Final/netty-codec-4.1.30.Final.jar:/home/user/.m2/repository/io/netty/netty-handler/4.1.30.Final/netty-handler-4.1.30.Final.jar:/home/user/.m2/repository/io/netty/netty-handler-proxy/4.1.30.Final/netty-handler-proxy-4.1.30.Final.jar:/home/user/.m2/repository/io/netty/netty-codec-socks/4.1.30.Final/netty-codec-socks-4.1.30.Final.jar:/home/user/.m2/repository/io/netty/netty-transport-native-epoll/4.1.30.Final/netty-transport-native-epoll-4.1.30.Final.jar:/home/user/.m2/repository/io/netty/netty-common/4.1.30.Final/netty-common-4.1.30.Final.jar:/home/user/.m2/repository/io/netty/netty-buffer/4.1.30.Final/netty-buffer-4.1.30.Final.jar:/home/user/.m2/repository/io/netty/netty-transport/4.1.30.Final/netty-transport-4.1.30.Final.jar:/home/user/.m2/repository/io/netty/netty-resolver/4.1.30.Final/netty-resolver-4.1.30.Final.jar:/home/user/.m2/repository/io/netty/netty-transport-native-unix-common/4.1.30.Final/netty-transport-native-unix-common-4.1.30.Final.jar:/home/user/.m2/repository/io/grpc/grpc-protobuf/1.17.1/grpc-protobuf-1.17.1.jar:/home/user/.m2/repository/com/google/api/grpc/proto-google-common-protos/1.0.0/proto-google-common-protos-1.0.0.jar:/home/user/.m2/repository/io/grpc/grpc-protobuf-lite/1.17.1/grpc-protobuf-lite-1.17.1.jar:/home/user/.m2/repository/io/grpc/grpc-stub/1.17.1/grpc-stub-1.17.1.jar:/home/user/.m2/repository/org/apache/hadoop/hadoop-ozone-recon/0.5.0-SNAPSHOT/hadoop-ozone-recon-0.5.0-SNAPSHOT.jar:/home/user/.m2/repository/org/apache/hadoop/hadoop-ozone-reconcodegen/0.5.0-SNAPSHOT/hadoop-ozone-reconcodegen-0.5.0-SNAPSHOT.jar:/home/user/.m2/repository/com/google/inject/extensions/guice-multibindings/4.0/guice-multibindings-4.0.jar:/home/user/.m2/repository/com/google/inject/guice/4.0/guice-4.0.jar:/home/user/.m2/repository/aopalliance/aopalliance/1.0/aopalliance-1.0.jar:/home/user/.m2/repository/org/glassfish/jersey/containers/jersey-container-servlet/2.27/jersey-container-servlet-2.27.jar:/home/user/.m2/repository/org/glassfish/hk2/guice-bridge/2.5.0/guice-bridge-2.5.0.jar:/home/user/.m2/repository/org/glassfish/jersey/core/jersey-server/2.27/jersey-server-2.27.jar:/home/user/.m2/repository/org/glassfish/jersey/core/jersey-client/2.27/jersey-client-2.27.jar:/home/user/.m2/repository/org/glassfish/jersey/media/jersey-media-jaxb/2.27/jersey-media-jaxb-2.27.jar:/home/user/.m2/repository/javax/validation/validation-api/1.1.0.Final/validation-api-1.1.0.Final.jar:/home/user/.m2/repository/org/glassfish/jersey/media/jersey-media-json-jackson/2.27/jersey-media-json-jackson-2.27.jar:/home/user/.m2/repository/org/glassfish/jersey/ext/jersey-entity-filtering/2.27/jersey-entity-filtering-2.27.jar:/home/user/.m2/repository/com/google/inject/extensions/guice-assistedinject/4.0/guice-assistedinject-4.0.jar:/home/user/.m2/repository/org/jooq/jooq/3.11.10/jooq-3.11.10.jar:/home/user/.m2/repository/org/jooq/jooq-meta/3.11.10/jooq-meta-3.11.10.jar:/home/user/.m2/repository/org/jooq/jooq-codegen/3.11.10/jooq-codegen-3.11.10.jar:/home/user/.m2/repository/com/jolbox/bonecp/0.8.0.RELEASE/bonecp-0.8.0.RELEASE.jar:/home/user/.m2/repository/org/springframework/spring-jdbc/5.1.3.RELEASE/spring-jdbc-5.1.3.RELEASE.jar:/home/user/.m2/repository/org/springframework/spring-beans/5.1.3.RELEASE/spring-beans-5.1.3.RELEASE.jar:/home/user/.m2/repository/org/springframework/spring-core/5.1.3.RELEASE/spring-core-5.1.3.RELEASE.jar:/home/user/.m2/repository/org/springframework/spring-jcl/5.1.3.RELEASE/spring-jcl-5.1.3.RELEASE.jar:/home/user/.m2/repository/org/springframework/spring-tx/5.1.3.RELEASE/spring-tx-5.1.3.RELEASE.jar:/home/user/.m2/repository/org/mockito/mockito-all/1.10.19/mockito-all-1.10.19.jar:/home/user/.m2/repository/junit/junit/4.11/junit-4.11.jar:/home/user/.m2/repository/org/hamcrest/hamcrest-core/1.3/hamcrest-core-1.3.jar:/home/user/.m2/repository/org/apache/hadoop/hadoop-distcp/3.2.0/hadoop-distcp-3.2.0.jar:/home/user/.m2/repository/org/apache/hadoop/hadoop-distcp/3.2.0/hadoop-distcp-3.2.0-tests.jar:/home/user/.m2/repository/org/apache/hadoop/hadoop-mapreduce-client-jobclient/3.2.0/hadoop-mapreduce-client-jobclient-3.2.0.jar:/home/user/.m2/repository/org/apache/hadoop/hadoop-mapreduce-client-common/3.2.0/hadoop-mapreduce-client-common-3.2.0.jar:/home/user/.m2/repository/org/apache/hadoop/hadoop-yarn-common/3.2.0/hadoop-yarn-common-3.2.0.jar:/home/user/.m2/repository/org/apache/hadoop/hadoop-yarn-api/3.2.0/hadoop-yarn-api-3.2.0.jar:/home/user/.m2/repository/com/sun/jersey/jersey-client/1.19/jersey-client-1.19.jar:/home/user/.m2/repository/com/sun/jersey/contribs/jersey-guice/1.19/jersey-guice-1.19.jar:/home/user/.m2/repository/com/fasterxml/jackson/jaxrs/jackson-jaxrs-json-provider/2.9.5/jackson-jaxrs-json-provider-2.9.5.jar:/home/user/.m2/repository/com/fasterxml/jackson/jaxrs/jackson-jaxrs-base/2.9.5/jackson-jaxrs-base-2.9.5.jar:/home/user/.m2/repository/org/apache/hadoop/hadoop-yarn-client/3.2.0/hadoop-yarn-client-3.2.0.jar:/home/user/.m2/repository/org/apache/hadoop/hadoop-mapreduce-client-core/3.2.0/hadoop-mapreduce-client-core-3.2.0.jar:/home/user/.m2/repository/com/google/inject/extensions/guice-servlet/4.0/guice-servlet-4.0.jar:/home/user/.m2/repository/org/powermock/powermock-module-junit4/1.6.5/powermock-module-junit4-1.6.5.jar:/home/user/.m2/repository/org/powermock/powermock-module-junit4-common/1.6.5/powermock-module-junit4-common-1.6.5.jar:/home/user/.m2/repository/org/powermock/powermock-core/1.6.5/powermock-core-1.6.5.jar:/home/user/.m2/repository/org/powermock/powermock-reflect/1.6.5/powermock-reflect-1.6.5.jar:/home/user/.m2/repository/org/powermock/powermock-api-mockito/1.6.5/powermock-api-mockito-1.6.5.jar:/home/user/.m2/repository/org/mockito/mockito-core/1.10.19/mockito-core-1.10.19.jar:/home/user/.m2/repository/org/objenesis/objenesis/1.0/objenesis-1.0.jar:/home/user/.m2/repository/org/powermock/powermock-api-mockito-common/1.6.5/powermock-api-mockito-common-1.6.5.jar:/home/user/.m2/repository/org/powermock/powermock-api-support/1.6.5/powermock-api-support-1.6.5.jar:"/>
    <property name="sun.cpu.endian" value="little"/>
    <property name="user.home" value="/home/user"/>
    <property name="user.language" value="en"/>
    <property name="java.specification.vendor" value="Oracle Corporation"/>
    <property name="java.home" value="/usr/lib/jvm/java-1.8-openjdk/jre"/>
    <property name="java.security.krb5.conf" value="/workdir/hadoop-ozone/ozonefs/target/test-classes/krb5.conf"/>
    <property name="basedir" value="/workdir/hadoop-ozone/ozonefs"/>
    <property name="file.separator" value="/"/>
    <property name="line.separator" value="&#10;"/>
    <property name="java.vm.specification.vendor" value="Oracle Corporation"/>
    <property name="java.specification.name" value="Java Platform API Specification"/>
    <property name="java.awt.graphicsenv" value="sun.awt.X11GraphicsEnvironment"/>
    <property name="surefire.real.class.path" value="/workdir/hadoop-ozone/ozonefs/target/surefire/surefirebooter6637773966209449706.jar"/>
    <property name="hadoop.log.dir" value="/workdir/hadoop-ozone/ozonefs/target/log"/>
    <property name="sun.boot.class.path" value="/usr/lib/jvm/java-1.8-openjdk/jre/lib/resources.jar:/usr/lib/jvm/java-1.8-openjdk/jre/lib/rt.jar:/usr/lib/jvm/java-1.8-openjdk/jre/lib/sunrsasign.jar:/usr/lib/jvm/java-1.8-openjdk/jre/lib/jsse.jar:/usr/lib/jvm/java-1.8-openjdk/jre/lib/jce.jar:/usr/lib/jvm/java-1.8-openjdk/jre/lib/charsets.jar:/usr/lib/jvm/java-1.8-openjdk/jre/lib/jfr.jar:/usr/lib/jvm/java-1.8-openjdk/jre/classes"/>
    <property name="sun.management.compiler" value="HotSpot 64-Bit Tiered Compilers"/>
    <property name="java.runtime.version" value="1.8.0_212-b04"/>
    <property name="java.net.preferIPv4Stack" value="true"/>
    <property name="user.name" value="jenkins1000"/>
    <property name="path.separator" value=":"/>
    <property name="java.security.egd" value="file:///dev/urandom"/>
    <property name="os.version" value="3.10.0-957.12.2.el7.x86_64"/>
    <property name="java.endorsed.dirs" value="/usr/lib/jvm/java-1.8-openjdk/jre/lib/endorsed"/>
    <property name="java.runtime.name" value="OpenJDK Runtime Environment"/>
    <property name="file.encoding" value="UTF-8"/>
    <property name="java.vm.name" value="OpenJDK 64-Bit Server VM"/>
    <property name="test.build.webapps" value=""/>
    <property name="localRepository" value="/home/user/.m2/repository"/>
    <property name="java.vendor.url.bug" value="https://icedtea.classpath.org/bugzilla"/>
    <property name="java.io.tmpdir" value="/tmp"/>
    <property name="require.test.libhadoop" value=""/>
    <property name="java.version" value="1.8.0_212"/>
    <property name="user.dir" value="/workdir/hadoop-ozone/ozonefs"/>
    <property name="os.arch" value="amd64"/>
    <property name="java.vm.specification.name" value="Java Virtual Machine Specification"/>
    <property name="test.build.classes" value="/workdir/hadoop-ozone/ozonefs/target/test-classes"/>
    <property name="java.awt.printerjob" value="sun.print.PSPrinterJob"/>
    <property name="sun.os.patch.level" value="unknown"/>
    <property name="hadoop.tmp.dir" value="/workdir/hadoop-ozone/ozonefs/target/tmp"/>
    <property name="java.library.path" value="/usr/lib/jvm/java-1.8-openjdk/jre/lib/amd64/server:/usr/lib/jvm/java-1.8-openjdk/jre/lib/amd64:/usr/lib/jvm/java-1.8-openjdk/jre/../lib/amd64:/workdir/hadoop-ozone/ozonefs/target/native/target/usr/local/lib:/workdir/hadoop-ozone/ozonefs/../../hadoop-common-project/hadoop-common/target/native/target/usr/local/lib:/usr/java/packages/lib/amd64:/usr/lib64:/lib64:/lib:/usr/lib"/>
    <property name="java.vm.info" value="mixed mode"/>
    <property name="java.vendor" value="IcedTea"/>
    <property name="java.vm.version" value="25.212-b04"/>
    <property name="java.ext.dirs" value="/usr/lib/jvm/java-1.8-openjdk/jre/lib/ext:/usr/java/packages/lib/ext"/>
    <property name="sun.io.unicode.encoding" value="UnicodeLittle"/>
    <property name="java.class.version" value="52.0"/>
  </properties>
  <testcase name="testOzoneFsServiceLoader" classname="org.apache.hadoop.fs.ozone.TestOzoneFileSystem" time="23.376"/>
  <testcase name="testListStatusOnRoot" classname="org.apache.hadoop.fs.ozone.TestOzoneFileSystem" time="17.916"/>
  <testcase name="testListStatusOnSubDirs" classname="org.apache.hadoop.fs.ozone.TestOzoneFileSystem" time="17.33">
    <error message="Allocated 0 blocks. Requested 1 blocks" type="INTERNAL_ERROR org.apache.hadoop.ozone.om.exceptions.OMException">INTERNAL_ERROR org.apache.hadoop.ozone.om.exceptions.OMException: Allocated 0 blocks. Requested 1 blocks
	at org.apache.hadoop.ozone.om.protocolPB.OzoneManagerProtocolClientSideTranslatorPB.handleError(OzoneManagerProtocolClientSideTranslatorPB.java:725)
	at org.apache.hadoop.ozone.om.protocolPB.OzoneManagerProtocolClientSideTranslatorPB.createFile(OzoneManagerProtocolClientSideTranslatorPB.java:1474)
	at org.apache.hadoop.ozone.client.rpc.RpcClient.createFile(RpcClient.java:984)
	at org.apache.hadoop.ozone.client.OzoneBucket.createFile(OzoneBucket.java:535)
	at org.apache.hadoop.fs.ozone.BasicOzoneClientAdapterImpl.createFile(BasicOzoneClientAdapterImpl.java:181)
	at org.apache.hadoop.fs.ozone.BasicOzoneFileSystem.createOutputStream(BasicOzoneFileSystem.java:249)
	at org.apache.hadoop.fs.ozone.BasicOzoneFileSystem.create(BasicOzoneFileSystem.java:230)
	at org.apache.hadoop.fs.FileSystem.create(FileSystem.java:1118)
	at org.apache.hadoop.fs.FileSystem.create(FileSystem.java:1098)
	at org.apache.hadoop.fs.FileSystem.create(FileSystem.java:987)
	at org.apache.hadoop.fs.contract.ContractTestUtils.createFile(ContractTestUtils.java:633)
	at org.apache.hadoop.fs.contract.ContractTestUtils.touch(ContractTestUtils.java:669)
	at org.apache.hadoop.fs.ozone.TestOzoneFileSystem.testListStatusOnSubDirs(TestOzoneFileSystem.java:271)
	at sun.reflect.NativeMethodAccessorImpl.invoke0(Native Method)
	at sun.reflect.NativeMethodAccessorImpl.invoke(NativeMethodAccessorImpl.java:62)
	at sun.reflect.DelegatingMethodAccessorImpl.invoke(DelegatingMethodAccessorImpl.java:43)
	at java.lang.reflect.Method.invoke(Method.java:498)
	at org.junit.runners.model.FrameworkMethod$1.runReflectiveCall(FrameworkMethod.java:47)
	at org.junit.internal.runners.model.ReflectiveCallable.run(ReflectiveCallable.java:12)
	at org.junit.runners.model.FrameworkMethod.invokeExplosively(FrameworkMethod.java:44)
	at org.junit.internal.runners.statements.InvokeMethod.evaluate(InvokeMethod.java:17)
	at org.junit.internal.runners.statements.RunBefores.evaluate(RunBefores.java:26)
	at org.junit.internal.runners.statements.RunAfters.evaluate(RunAfters.java:27)
	at org.junit.internal.runners.statements.FailOnTimeout$StatementThread.run(FailOnTimeout.java:74)
</error>
    <system-out><![CDATA[2019-09-19 09:51:32,401 [Thread-536] WARN  server.ServerUtils (ServerUtils.java:getScmDbDir(145)) - ozone.scm.db.dirs is not configured. We recommend adding this setting. Falling back to ozone.metadata.dirs instead.
2019-09-19 09:51:32,416 [Thread-536] WARN  server.ServerUtils (ServerUtils.java:getScmDbDir(145)) - ozone.scm.db.dirs is not configured. We recommend adding this setting. Falling back to ozone.metadata.dirs instead.
2019-09-19 09:51:32,416 [Thread-536] WARN  server.ServerUtils (ServerUtils.java:getScmDbDir(145)) - ozone.scm.db.dirs is not configured. We recommend adding this setting. Falling back to ozone.metadata.dirs instead.
2019-09-19 09:51:32,417 [Thread-536] INFO  db.DBStoreBuilder (DBStoreBuilder.java:addTable(110)) - using custom profile for table: deletedBlocks
2019-09-19 09:51:32,417 [Thread-536] INFO  db.DBStoreBuilder (DBStoreBuilder.java:processTables(161)) - Using default column profile:DBProfile.DISK for Table:deletedBlocks
2019-09-19 09:51:32,417 [Thread-536] INFO  db.DBStoreBuilder (DBStoreBuilder.java:addTable(110)) - using custom profile for table: validCerts
2019-09-19 09:51:32,418 [Thread-536] INFO  db.DBStoreBuilder (DBStoreBuilder.java:processTables(161)) - Using default column profile:DBProfile.DISK for Table:validCerts
2019-09-19 09:51:32,418 [Thread-536] INFO  db.DBStoreBuilder (DBStoreBuilder.java:addTable(110)) - using custom profile for table: revokedCerts
2019-09-19 09:51:32,418 [Thread-536] INFO  db.DBStoreBuilder (DBStoreBuilder.java:processTables(161)) - Using default column profile:DBProfile.DISK for Table:revokedCerts
2019-09-19 09:51:32,418 [Thread-536] INFO  db.DBStoreBuilder (DBStoreBuilder.java:addTable(110)) - using custom profile for table: default
2019-09-19 09:51:32,418 [Thread-536] INFO  db.DBStoreBuilder (DBStoreBuilder.java:processTables(167)) - Using default column profile:DBProfile.DISK for Table:default
2019-09-19 09:51:32,419 [Thread-536] INFO  db.DBStoreBuilder (DBStoreBuilder.java:getDbProfile(198)) - Using default options. DBProfile.DISK
2019-09-19 09:51:32,571 [Thread-536] INFO  net.NodeSchemaLoader (NodeSchemaLoader.java:loadSchemaFromFile(125)) - Loading file from sun.misc.CompoundEnumeration@5c6ba530
2019-09-19 09:51:32,571 [Thread-536] INFO  net.NodeSchemaLoader (NodeSchemaLoader.java:loadSchema(171)) - Loading network topology layer schema file
2019-09-19 09:51:32,577 [Thread-536] WARN  server.ServerUtils (ServerUtils.java:sanitizeUserArgs(70)) - ozone.scm.stale.node.interval value = 300000 is larger than max = 100000 based on the key value of ozone.scm.heartbeat.thread.interval, reset to the max value 100000.
2019-09-19 09:51:32,577 [Thread-536] WARN  server.ServerUtils (ServerUtils.java:sanitizeUserArgs(70)) - ozone.scm.stale.node.interval value = 300000 is larger than max = 100000 based on the key value of ozone.scm.heartbeat.thread.interval, reset to the max value 100000.
2019-09-19 09:51:32,578 [Thread-536] INFO  node.SCMNodeManager (SCMNodeManager.java:<init>(121)) - Entering startup safe mode.
2019-09-19 09:51:32,579 [Thread-536] INFO  algorithms.ContainerPlacementPolicyFactory (ContainerPlacementPolicyFactory.java:getPolicy(56)) - Create container placement policy of type org.apache.hadoop.hdds.scm.container.placement.algorithms.SCMContainerPlacementRandom
2019-09-19 09:51:32,579 [Thread-536] WARN  server.ServerUtils (ServerUtils.java:getScmDbDir(145)) - ozone.scm.db.dirs is not configured. We recommend adding this setting. Falling back to ozone.metadata.dirs instead.
2019-09-19 09:51:32,604 [Thread-536] INFO  pipeline.SCMPipelineManager (SCMPipelineManager.java:initializePipelineState(126)) - No pipeline exists in current db
2019-09-19 09:51:32,604 [Thread-536] WARN  server.ServerUtils (ServerUtils.java:getScmDbDir(145)) - ozone.scm.db.dirs is not configured. We recommend adding this setting. Falling back to ozone.metadata.dirs instead.
2019-09-19 09:51:32,653 [Thread-536] WARN  events.EventQueue (EventQueue.java:fireEvent(175)) - No event handler registered for event TypedEvent{payloadType=SafeModeStatus, name='SafeModeStatus'}
2019-09-19 09:51:32,654 [Thread-536] INFO  ipc.CallQueueManager (CallQueueManager.java:<init>(84)) - Using callQueue: class java.util.concurrent.LinkedBlockingQueue, queueCapacity: 2000, scheduler: class org.apache.hadoop.ipc.DefaultRpcScheduler, ipcBackoff: false.
2019-09-19 09:51:32,655 [Socket Reader #1 for port 39690] INFO  ipc.Server (Server.java:run(1074)) - Starting Socket Reader #1 for port 39690
2019-09-19 09:51:32,657 [Thread-536] INFO  ipc.CallQueueManager (CallQueueManager.java:<init>(84)) - Using callQueue: class java.util.concurrent.LinkedBlockingQueue, queueCapacity: 2000, scheduler: class org.apache.hadoop.ipc.DefaultRpcScheduler, ipcBackoff: false.
2019-09-19 09:51:32,658 [Socket Reader #1 for port 33071] INFO  ipc.Server (Server.java:run(1074)) - Starting Socket Reader #1 for port 33071
2019-09-19 09:51:32,659 [Thread-536] INFO  ipc.CallQueueManager (CallQueueManager.java:<init>(84)) - Using callQueue: class java.util.concurrent.LinkedBlockingQueue, queueCapacity: 2000, scheduler: class org.apache.hadoop.ipc.DefaultRpcScheduler, ipcBackoff: false.
2019-09-19 09:51:32,660 [Socket Reader #1 for port 39250] INFO  ipc.Server (Server.java:run(1074)) - Starting Socket Reader #1 for port 39250
2019-09-19 09:51:32,661 [Thread-536] INFO  hdfs.DFSUtil (DFSUtil.java:httpServerTemplateForNNAndJN(1641)) - Starting Web-server for scm at: http://0.0.0.0:0
2019-09-19 09:51:32,664 [Thread-536] INFO  server.AuthenticationFilter (AuthenticationFilter.java:constructSecretProvider(240)) - Unable to initialize FileSignerSecretProvider, falling back to use random secrets.
2019-09-19 09:51:32,665 [Thread-536] WARN  http.HttpRequestLog (HttpRequestLog.java:getRequestLog(97)) - Jetty request log can only be enabled using Log4j
2019-09-19 09:51:32,667 [Thread-536] INFO  http.HttpServer2 (HttpServer2.java:addGlobalFilter(975)) - Added global filter 'safety' (class=org.apache.hadoop.http.HttpServer2$QuotingInputFilter)
2019-09-19 09:51:32,668 [Thread-536] INFO  http.HttpServer2 (HttpServer2.java:addFilter(948)) - Added filter static_user_filter (class=org.apache.hadoop.http.lib.StaticUserWebFilter$StaticUserFilter) to context scm
2019-09-19 09:51:32,668 [Thread-536] INFO  http.HttpServer2 (HttpServer2.java:addFilter(958)) - Added filter static_user_filter (class=org.apache.hadoop.http.lib.StaticUserWebFilter$StaticUserFilter) to context static
2019-09-19 09:51:32,668 [Thread-536] INFO  http.HttpServer2 (HttpServer2.java:addFilter(958)) - Added filter static_user_filter (class=org.apache.hadoop.http.lib.StaticUserWebFilter$StaticUserFilter) to context logs
2019-09-19 09:51:32,670 [Thread-536] INFO  server.StorageContainerManager (StorageContainerManager.java:start(759)) - StorageContainerLocationProtocol RPC server is listening at /0.0.0.0:39250
2019-09-19 09:51:32,673 [Thread-536] WARN  impl.MetricsConfig (MetricsConfig.java:loadFirst(134)) - Cannot locate configuration: tried hadoop-metrics2-storagecontainermanager.properties,hadoop-metrics2.properties
2019-09-19 09:51:32,674 [Thread-536] INFO  impl.MetricsSystemImpl (MetricsSystemImpl.java:startTimer(374)) - Scheduled Metric snapshot period at 10 second(s).
2019-09-19 09:51:32,674 [Thread-536] INFO  impl.MetricsSystemImpl (MetricsSystemImpl.java:start(191)) - StorageContainerManager metrics system started
2019-09-19 09:51:32,721 [Thread-536] INFO  server.SCMClientProtocolServer (SCMClientProtocolServer.java:start(151)) - RPC server for Client  is listening at /0.0.0.0:39250
2019-09-19 09:51:32,722 [IPC Server Responder] INFO  ipc.Server (Server.java:run(1314)) - IPC Server Responder: starting
2019-09-19 09:51:32,722 [IPC Server listener on 39250] INFO  ipc.Server (Server.java:run(1153)) - IPC Server listener on 39250: starting
2019-09-19 09:51:32,725 [Thread-536] INFO  server.StorageContainerManager (StorageContainerManager.java:start(769)) - ScmBlockLocationProtocol RPC server is listening at /0.0.0.0:33071
2019-09-19 09:51:32,725 [Thread-536] INFO  server.SCMBlockProtocolServer (SCMBlockProtocolServer.java:start(140)) - RPC server for Block Protocol is listening at /0.0.0.0:33071
2019-09-19 09:51:32,726 [IPC Server Responder] INFO  ipc.Server (Server.java:run(1314)) - IPC Server Responder: starting
2019-09-19 09:51:32,726 [IPC Server listener on 33071] INFO  ipc.Server (Server.java:run(1153)) - IPC Server listener on 33071: starting
2019-09-19 09:51:32,729 [Thread-536] INFO  server.StorageContainerManager (StorageContainerManager.java:start(773)) - ScmDatanodeProtocl RPC server is listening at /0.0.0.0:39690
2019-09-19 09:51:32,729 [Thread-536] INFO  server.SCMDatanodeProtocolServer (SCMDatanodeProtocolServer.java:start(191)) - RPC server for DataNodes is listening at /0.0.0.0:39690
2019-09-19 09:51:32,730 [IPC Server Responder] INFO  ipc.Server (Server.java:run(1314)) - IPC Server Responder: starting
2019-09-19 09:51:32,730 [IPC Server listener on 39690] INFO  ipc.Server (Server.java:run(1153)) - IPC Server listener on 39690: starting
2019-09-19 09:51:32,733 [Thread-536] INFO  http.HttpServer2 (HttpServer2.java:bindListener(1191)) - Jetty bound to port 37966
2019-09-19 09:51:32,734 [Thread-536] INFO  server.Server (Server.java:doStart(351)) - jetty-9.3.24.v20180605, build timestamp: 2018-06-05T17:11:56Z, git hash: 84205aa28f11a4f31f2a3b86d1bba2cc8ab69827
2019-09-19 09:51:32,735 [Thread-536] INFO  handler.ContextHandler (ContextHandler.java:doStart(781)) - Started o.e.j.s.ServletContextHandler@7d32e07a{/logs,file:///workdir/hadoop-ozone/ozonefs/target/log,AVAILABLE}
2019-09-19 09:51:32,736 [Thread-536] INFO  handler.ContextHandler (ContextHandler.java:doStart(781)) - Started o.e.j.s.ServletContextHandler@647e450d{/static,jar:file:/home/user/.m2/repository/org/apache/hadoop/hadoop-hdds-server-scm/0.5.0-SNAPSHOT/hadoop-hdds-server-scm-0.5.0-SNAPSHOT.jar!/webapps/static,AVAILABLE}
2019-09-19 09:51:32,776 [Thread-536] INFO  handler.ContextHandler (ContextHandler.java:doStart(781)) - Started o.e.j.w.WebAppContext@7f017e5a{/,file:///tmp/jetty-0.0.0.0-37966-scm-_-any-4348111578678692512.dir/webapp/,AVAILABLE}{/scm}
2019-09-19 09:51:32,776 [Thread-536] INFO  server.AbstractConnector (AbstractConnector.java:doStart(278)) - Started ServerConnector@817babc{HTTP/1.1,[http/1.1]}{0.0.0.0:37966}
2019-09-19 09:51:32,777 [Thread-536] INFO  server.Server (Server.java:doStart(419)) - Started @42151ms
2019-09-19 09:51:32,778 [Thread-536] INFO  server.BaseHttpServer (BaseHttpServer.java:updateConnectorAddress(213)) - HTTP server of SCM is listening at http://0.0.0.0:37966
2019-09-19 09:51:32,778 [Thread-536] WARN  server.ServerUtils (ServerUtils.java:getDBPath(222)) - ozone.om.db.dirs is not configured. We recommend adding this setting. Falling back to ozone.metadata.dirs instead.
2019-09-19 09:51:32,778 [org.apache.hadoop.util.JvmPauseMonitor$Monitor@622c473] INFO  util.JvmPauseMonitor (JvmPauseMonitor.java:run(188)) - Starting JVM pause monitor
2019-09-19 09:51:32,801 [Thread-536] WARN  server.ServerUtils (ServerUtils.java:getDBPath(222)) - ozone.om.db.dirs is not configured. We recommend adding this setting. Falling back to ozone.metadata.dirs instead.
2019-09-19 09:51:32,801 [Thread-536] WARN  server.ServerUtils (ServerUtils.java:getDBPath(222)) - ozone.om.db.dirs is not configured. We recommend adding this setting. Falling back to ozone.metadata.dirs instead.
2019-09-19 09:51:32,802 [Thread-536] INFO  om.OzoneManager (OzoneManager.java:setOMNodeDetails(645)) - OM Service ID is not set. Setting it to the default ID: omServiceIdDefault
2019-09-19 09:51:32,802 [Thread-536] INFO  om.OzoneManager (OzoneManager.java:setOMNodeDetails(651)) - OM Node ID is not set. Setting it to the OmStorage's OmID: 96a84325-4fef-4172-b5df-7e7173d87434
2019-09-19 09:51:32,803 [Thread-536] INFO  om.OzoneManager (OzoneManager.java:loadOMHAConfigs(602)) - Found matching OM address with OMServiceId: null, OMNodeId: null, RPC Address: localhost:0 and Ratis port: 9872
2019-09-19 09:51:32,810 | INFO  | SCMAudit | user=jenkins1000 | ip=192.168.34.5 | op=GET_SCM_INFO null | ret=SUCCESS |  
2019-09-19 09:51:32,812 [Thread-536] WARN  server.ServerUtils (ServerUtils.java:getDBPath(222)) - ozone.om.db.dirs is not configured. We recommend adding this setting. Falling back to ozone.metadata.dirs instead.
2019-09-19 09:51:32,813 [Thread-536] INFO  db.DBStoreBuilder (DBStoreBuilder.java:addTable(110)) - using custom profile for table: userTable
2019-09-19 09:51:32,813 [Thread-536] INFO  db.DBStoreBuilder (DBStoreBuilder.java:processTables(161)) - Using default column profile:DBProfile.DISK for Table:userTable
2019-09-19 09:51:32,813 [Thread-536] INFO  db.DBStoreBuilder (DBStoreBuilder.java:addTable(110)) - using custom profile for table: volumeTable
2019-09-19 09:51:32,814 [Thread-536] INFO  db.DBStoreBuilder (DBStoreBuilder.java:processTables(161)) - Using default column profile:DBProfile.DISK for Table:volumeTable
2019-09-19 09:51:32,814 [Thread-536] INFO  db.DBStoreBuilder (DBStoreBuilder.java:addTable(110)) - using custom profile for table: bucketTable
2019-09-19 09:51:32,814 [Thread-536] INFO  db.DBStoreBuilder (DBStoreBuilder.java:processTables(161)) - Using default column profile:DBProfile.DISK for Table:bucketTable
2019-09-19 09:51:32,814 [Thread-536] INFO  db.DBStoreBuilder (DBStoreBuilder.java:addTable(110)) - using custom profile for table: keyTable
2019-09-19 09:51:32,815 [Thread-536] INFO  db.DBStoreBuilder (DBStoreBuilder.java:processTables(161)) - Using default column profile:DBProfile.DISK for Table:keyTable
2019-09-19 09:51:32,815 [Thread-536] INFO  db.DBStoreBuilder (DBStoreBuilder.java:addTable(110)) - using custom profile for table: deletedTable
2019-09-19 09:51:32,815 [Thread-536] INFO  db.DBStoreBuilder (DBStoreBuilder.java:processTables(161)) - Using default column profile:DBProfile.DISK for Table:deletedTable
2019-09-19 09:51:32,815 [Thread-536] INFO  db.DBStoreBuilder (DBStoreBuilder.java:addTable(110)) - using custom profile for table: openKeyTable
2019-09-19 09:51:32,815 [Thread-536] INFO  db.DBStoreBuilder (DBStoreBuilder.java:processTables(161)) - Using default column profile:DBProfile.DISK for Table:openKeyTable
2019-09-19 09:51:32,816 [Thread-536] INFO  db.DBStoreBuilder (DBStoreBuilder.java:addTable(110)) - using custom profile for table: s3Table
2019-09-19 09:51:32,816 [Thread-536] INFO  db.DBStoreBuilder (DBStoreBuilder.java:processTables(161)) - Using default column profile:DBProfile.DISK for Table:s3Table
2019-09-19 09:51:32,816 [Thread-536] INFO  db.DBStoreBuilder (DBStoreBuilder.java:addTable(110)) - using custom profile for table: multipartInfoTable
2019-09-19 09:51:32,816 [Thread-536] INFO  db.DBStoreBuilder (DBStoreBuilder.java:processTables(161)) - Using default column profile:DBProfile.DISK for Table:multipartInfoTable
2019-09-19 09:51:32,817 [Thread-536] INFO  db.DBStoreBuilder (DBStoreBuilder.java:addTable(110)) - using custom profile for table: dTokenTable
2019-09-19 09:51:32,817 [Thread-536] INFO  db.DBStoreBuilder (DBStoreBuilder.java:processTables(161)) - Using default column profile:DBProfile.DISK for Table:dTokenTable
2019-09-19 09:51:32,817 [Thread-536] INFO  db.DBStoreBuilder (DBStoreBuilder.java:addTable(110)) - using custom profile for table: s3SecretTable
2019-09-19 09:51:32,817 [Thread-536] INFO  db.DBStoreBuilder (DBStoreBuilder.java:processTables(161)) - Using default column profile:DBProfile.DISK for Table:s3SecretTable
2019-09-19 09:51:32,817 [Thread-536] INFO  db.DBStoreBuilder (DBStoreBuilder.java:addTable(110)) - using custom profile for table: prefixTable
2019-09-19 09:51:32,818 [Thread-536] INFO  db.DBStoreBuilder (DBStoreBuilder.java:processTables(161)) - Using default column profile:DBProfile.DISK for Table:prefixTable
2019-09-19 09:51:32,818 [Thread-536] INFO  db.DBStoreBuilder (DBStoreBuilder.java:addTable(110)) - using custom profile for table: default
2019-09-19 09:51:32,818 [Thread-536] INFO  db.DBStoreBuilder (DBStoreBuilder.java:processTables(167)) - Using default column profile:DBProfile.DISK for Table:default
2019-09-19 09:51:32,818 [Thread-536] INFO  db.DBStoreBuilder (DBStoreBuilder.java:getDbProfile(198)) - Using default options. DBProfile.DISK
2019-09-19 09:51:33,321 [Thread-536] INFO  ipc.CallQueueManager (CallQueueManager.java:<init>(84)) - Using callQueue: class java.util.concurrent.LinkedBlockingQueue, queueCapacity: 2000, scheduler: class org.apache.hadoop.ipc.DefaultRpcScheduler, ipcBackoff: false.
2019-09-19 09:51:33,322 [Socket Reader #1 for port 38552] INFO  ipc.Server (Server.java:run(1074)) - Starting Socket Reader #1 for port 38552
2019-09-19 09:51:33,347 [Thread-536] INFO  om.OzoneManager (OzoneManager.java:start(1256)) - OzoneManager RPC server is listening at localhost/127.0.0.1:38552
2019-09-19 09:51:33,347 [Thread-536] INFO  impl.MetricsSystemImpl (MetricsSystemImpl.java:init(158)) - OzoneManager metrics system started (again)
2019-09-19 09:51:33,348 [IPC Server Responder] INFO  ipc.Server (Server.java:run(1314)) - IPC Server Responder: starting
2019-09-19 09:51:33,348 [IPC Server listener on 38552] INFO  ipc.Server (Server.java:run(1153)) - IPC Server listener on 38552: starting
2019-09-19 09:51:33,353 [Thread-536] INFO  hdfs.DFSUtil (DFSUtil.java:httpServerTemplateForNNAndJN(1641)) - Starting Web-server for ozoneManager at: http://0.0.0.0:0
2019-09-19 09:51:33,356 [Thread-536] INFO  server.AuthenticationFilter (AuthenticationFilter.java:constructSecretProvider(240)) - Unable to initialize FileSignerSecretProvider, falling back to use random secrets.
2019-09-19 09:51:33,357 [Thread-536] WARN  http.HttpRequestLog (HttpRequestLog.java:getRequestLog(97)) - Jetty request log can only be enabled using Log4j
2019-09-19 09:51:33,359 [Thread-536] INFO  http.HttpServer2 (HttpServer2.java:addGlobalFilter(975)) - Added global filter 'safety' (class=org.apache.hadoop.http.HttpServer2$QuotingInputFilter)
2019-09-19 09:51:33,360 [Thread-536] INFO  http.HttpServer2 (HttpServer2.java:addFilter(948)) - Added filter static_user_filter (class=org.apache.hadoop.http.lib.StaticUserWebFilter$StaticUserFilter) to context ozoneManager
2019-09-19 09:51:33,361 [Thread-536] INFO  http.HttpServer2 (HttpServer2.java:addFilter(958)) - Added filter static_user_filter (class=org.apache.hadoop.http.lib.StaticUserWebFilter$StaticUserFilter) to context logs
2019-09-19 09:51:33,361 [Thread-536] INFO  http.HttpServer2 (HttpServer2.java:addFilter(958)) - Added filter static_user_filter (class=org.apache.hadoop.http.lib.StaticUserWebFilter$StaticUserFilter) to context static
2019-09-19 09:51:33,362 [Thread-536] INFO  http.HttpServer2 (HttpServer2.java:bindListener(1191)) - Jetty bound to port 38729
2019-09-19 09:51:33,362 [Thread-536] INFO  server.Server (Server.java:doStart(351)) - jetty-9.3.24.v20180605, build timestamp: 2018-06-05T17:11:56Z, git hash: 84205aa28f11a4f31f2a3b86d1bba2cc8ab69827
2019-09-19 09:51:33,365 [Thread-536] INFO  handler.ContextHandler (ContextHandler.java:doStart(781)) - Started o.e.j.s.ServletContextHandler@3ef65342{/logs,file:///workdir/hadoop-ozone/ozonefs/target/log,AVAILABLE}
2019-09-19 09:51:33,366 [Thread-536] INFO  handler.ContextHandler (ContextHandler.java:doStart(781)) - Started o.e.j.s.ServletContextHandler@78a66ec8{/static,jar:file:/home/user/.m2/repository/org/apache/hadoop/hadoop-ozone-ozone-manager/0.5.0-SNAPSHOT/hadoop-ozone-ozone-manager-0.5.0-SNAPSHOT.jar!/webapps/static,AVAILABLE}
2019-09-19 09:51:33,414 [Thread-536] INFO  handler.ContextHandler (ContextHandler.java:doStart(781)) - Started o.e.j.w.WebAppContext@192ca3b{/,file:///tmp/jetty-0.0.0.0-38729-ozoneManager-_-any-6052063914766208809.dir/webapp/,AVAILABLE}{/ozoneManager}
2019-09-19 09:51:33,414 [Thread-536] INFO  server.AbstractConnector (AbstractConnector.java:doStart(278)) - Started ServerConnector@49e6fb69{HTTP/1.1,[http/1.1]}{0.0.0.0:38729}
2019-09-19 09:51:33,415 [Thread-536] INFO  server.Server (Server.java:doStart(419)) - Started @42789ms
2019-09-19 09:51:33,416 [Thread-536] INFO  server.BaseHttpServer (BaseHttpServer.java:updateConnectorAddress(213)) - HTTP server of OZONEMANAGER is listening at http://0.0.0.0:38729
2019-09-19 09:51:33,428 [Thread-536] INFO  impl.MetricsSystemImpl (MetricsSystemImpl.java:init(158)) - HddsDatanode metrics system started (again)
2019-09-19 09:51:33,431 [Thread-536] INFO  ozone.HddsDatanodeService (HddsDatanodeService.java:start(184)) - HddsDatanodeService host:pr-hdds-1569-j4bt4-3030777008 ip:192.168.34.5
2019-09-19 09:51:33,438 [Thread-536] INFO  volume.HddsVolume (HddsVolume.java:<init>(176)) - Creating Volume: /workdir/hadoop-ozone/ozonefs/target/test-dir/MiniOzoneClusterImpl-2dcf7682-fd4a-4cc9-8c14-b1fdd7ae4a90/datanode-0/data/containers/hdds of  storage type : DISK and capacity : 1482555576320
2019-09-19 09:51:33,439 [Thread-536] INFO  volume.VolumeSet (VolumeSet.java:initializeVolumeSet(170)) - Added Volume : /workdir/hadoop-ozone/ozonefs/target/test-dir/MiniOzoneClusterImpl-2dcf7682-fd4a-4cc9-8c14-b1fdd7ae4a90/datanode-0/data/containers/hdds to VolumeSet
2019-09-19 09:51:33,440 [Thread-536] INFO  volume.ThrottledAsyncChecker (ThrottledAsyncChecker.java:schedule(140)) - Scheduling a check for org.apache.hadoop.ozone.container.common.volume.HddsVolume@70e5475d
2019-09-19 09:51:33,441 [Thread-536] INFO  volume.HddsVolumeChecker (HddsVolumeChecker.java:checkAllVolumes(203)) - Scheduled health check for volume org.apache.hadoop.ozone.container.common.volume.HddsVolume@70e5475d
2019-09-19 09:51:33,465 [Thread-536] INFO  impl.RaftServerProxy (ConfUtils.java:logGet(43)) - raft.rpc.type = GRPC (default)
2019-09-19 09:51:33,466 [Thread-536] INFO  grpc.GrpcFactory (GrpcFactory.java:checkPooledByteBufAllocatorUseCacheForAllThreads(45)) - PERFORMANCE WARNING: useCacheForAllThreads is true that may cause Netty to create a lot garbage objects and, as a result, trigger GC.
	It is recommended to disable useCacheForAllThreads by setting -Dorg.apache.ratis.thirdparty.io.netty.allocator.useCacheForAllThreads=false in command line.
2019-09-19 09:51:33,466 [Thread-536] INFO  grpc.GrpcConfigKeys$Server (ConfUtils.java:logGet(43)) - raft.grpc.server.port = 0 (default)
2019-09-19 09:51:33,467 [Thread-536] INFO  server.GrpcService (ConfUtils.java:logGet(43)) - raft.grpc.message.size.max = 33570816 (custom)
2019-09-19 09:51:33,467 [Thread-536] INFO  server.RaftServerConfigKeys (ConfUtils.java:logGet(43)) - raft.server.log.appender.buffer.byte-limit = 33554432 (custom)
2019-09-19 09:51:33,467 [Thread-536] INFO  server.GrpcService (ConfUtils.java:logGet(43)) - raft.grpc.flow.control.window = 1MB (=1048576) (default)
2019-09-19 09:51:33,468 [Thread-536] INFO  server.RaftServerConfigKeys (ConfUtils.java:logGet(43)) - raft.server.rpc.request.timeout = 3000ms (default)
2019-09-19 09:51:33,468 [Thread-536] INFO  server.RaftServerConfigKeys (ConfUtils.java:logGet(43)) - raft.server.storage.dir = [/workdir/hadoop-ozone/ozonefs/target/test-dir/MiniOzoneClusterImpl-2dcf7682-fd4a-4cc9-8c14-b1fdd7ae4a90/datanode-0/data/ratis] (custom)
2019-09-19 09:51:33,469 [Thread-536] INFO  replication.SimpleContainerDownloader (SimpleContainerDownloader.java:<init>(72)) - Starting container downloader service to copy containers to replicate.
2019-09-19 09:51:33,470 [Thread-536] INFO  hdfs.DFSUtil (DFSUtil.java:httpServerTemplateForNNAndJN(1641)) - Starting Web-server for hddsDatanode at: http://0.0.0.0:0
2019-09-19 09:51:33,472 [Thread-536] INFO  server.AuthenticationFilter (AuthenticationFilter.java:constructSecretProvider(240)) - Unable to initialize FileSignerSecretProvider, falling back to use random secrets.
2019-09-19 09:51:33,472 [Thread-536] WARN  http.HttpRequestLog (HttpRequestLog.java:getRequestLog(97)) - Jetty request log can only be enabled using Log4j
2019-09-19 09:51:33,474 [Thread-536] INFO  http.HttpServer2 (HttpServer2.java:addGlobalFilter(975)) - Added global filter 'safety' (class=org.apache.hadoop.http.HttpServer2$QuotingInputFilter)
2019-09-19 09:51:33,475 [Thread-536] INFO  http.HttpServer2 (HttpServer2.java:addFilter(948)) - Added filter static_user_filter (class=org.apache.hadoop.http.lib.StaticUserWebFilter$StaticUserFilter) to context hddsDatanode
2019-09-19 09:51:33,475 [Thread-536] INFO  http.HttpServer2 (HttpServer2.java:addFilter(958)) - Added filter static_user_filter (class=org.apache.hadoop.http.lib.StaticUserWebFilter$StaticUserFilter) to context logs
2019-09-19 09:51:33,475 [Thread-536] INFO  http.HttpServer2 (HttpServer2.java:addFilter(958)) - Added filter static_user_filter (class=org.apache.hadoop.http.lib.StaticUserWebFilter$StaticUserFilter) to context static
2019-09-19 09:51:33,476 [Thread-536] INFO  http.HttpServer2 (HttpServer2.java:bindListener(1191)) - Jetty bound to port 33406
2019-09-19 09:51:33,476 [Thread-536] INFO  server.Server (Server.java:doStart(351)) - jetty-9.3.24.v20180605, build timestamp: 2018-06-05T17:11:56Z, git hash: 84205aa28f11a4f31f2a3b86d1bba2cc8ab69827
2019-09-19 09:51:33,477 [Thread-536] INFO  handler.ContextHandler (ContextHandler.java:doStart(781)) - Started o.e.j.s.ServletContextHandler@4da0eeaa{/logs,file:///workdir/hadoop-ozone/ozonefs/target/log,AVAILABLE}
2019-09-19 09:51:33,478 [Thread-536] INFO  handler.ContextHandler (ContextHandler.java:doStart(781)) - Started o.e.j.s.ServletContextHandler@2adc5107{/static,jar:file:/home/user/.m2/repository/org/apache/hadoop/hadoop-hdds-container-service/0.5.0-SNAPSHOT/hadoop-hdds-container-service-0.5.0-SNAPSHOT.jar!/webapps/static,AVAILABLE}
2019-09-19 09:51:33,507 [Thread-536] INFO  handler.ContextHandler (ContextHandler.java:doStart(781)) - Started o.e.j.w.WebAppContext@3b9cd03{/,file:///tmp/jetty-0.0.0.0-33406-hddsDatanode-_-any-7457591075680453269.dir/webapp/,AVAILABLE}{/hddsDatanode}
2019-09-19 09:51:33,507 [Thread-536] INFO  server.AbstractConnector (AbstractConnector.java:doStart(278)) - Started ServerConnector@7d39cc9b{HTTP/1.1,[http/1.1]}{0.0.0.0:33406}
2019-09-19 09:51:33,508 [Thread-536] INFO  server.Server (Server.java:doStart(419)) - Started @42882ms
2019-09-19 09:51:33,509 [Thread-536] INFO  server.BaseHttpServer (BaseHttpServer.java:updateConnectorAddress(213)) - HTTP server of HDDSDATANODE is listening at http://0.0.0.0:33406
2019-09-19 09:51:33,625 | INFO  | ObjectStoreRestHttpServer | Listening HDDS REST traffic on /0.0.0.0:46597 |  
2019-09-19 09:51:33,625 [Thread-536] INFO  ozone.HddsDatanodeService (HddsDatanodeService.java:startPlugins(395)) - Started plug-in org.apache.hadoop.ozone.web.OzoneHddsDatanodeService@51c1b289
2019-09-19 09:51:33,626 [Thread-536] INFO  impl.MetricsSystemImpl (MetricsSystemImpl.java:init(158)) - HddsDatanode metrics system started (again)
2019-09-19 09:51:33,628 [Thread-536] INFO  ozone.HddsDatanodeService (HddsDatanodeService.java:start(184)) - HddsDatanodeService host:pr-hdds-1569-j4bt4-3030777008 ip:192.168.34.5
2019-09-19 09:51:33,629 [org.apache.hadoop.util.JvmPauseMonitor$Monitor@56d3bc9f] INFO  util.JvmPauseMonitor (JvmPauseMonitor.java:run(188)) - Starting JVM pause monitor
2019-09-19 09:51:33,632 [Datanode State Machine Thread - 0] INFO  datanode.InitDatanodeState (InitDatanodeState.java:persistContainerDatanodeDetails(140)) - DatanodeDetails is persisted to /workdir/hadoop-ozone/ozonefs/target/test-dir/MiniOzoneClusterImpl-2dcf7682-fd4a-4cc9-8c14-b1fdd7ae4a90/datanode-0/meta/datanode.id
2019-09-19 09:51:33,636 [Thread-536] INFO  volume.HddsVolume (HddsVolume.java:<init>(176)) - Creating Volume: /workdir/hadoop-ozone/ozonefs/target/test-dir/MiniOzoneClusterImpl-2dcf7682-fd4a-4cc9-8c14-b1fdd7ae4a90/datanode-1/data/containers/hdds of  storage type : DISK and capacity : 1482555576320
2019-09-19 09:51:33,636 [Thread-536] INFO  volume.VolumeSet (VolumeSet.java:initializeVolumeSet(170)) - Added Volume : /workdir/hadoop-ozone/ozonefs/target/test-dir/MiniOzoneClusterImpl-2dcf7682-fd4a-4cc9-8c14-b1fdd7ae4a90/datanode-1/data/containers/hdds to VolumeSet
2019-09-19 09:51:33,636 [Thread-536] INFO  volume.ThrottledAsyncChecker (ThrottledAsyncChecker.java:schedule(140)) - Scheduling a check for org.apache.hadoop.ozone.container.common.volume.HddsVolume@4d2a3436
2019-09-19 09:51:33,636 [Thread-536] INFO  volume.HddsVolumeChecker (HddsVolumeChecker.java:checkAllVolumes(203)) - Scheduled health check for volume org.apache.hadoop.ozone.container.common.volume.HddsVolume@4d2a3436
2019-09-19 09:51:33,655 [Thread-536] INFO  impl.RaftServerProxy (ConfUtils.java:logGet(43)) - raft.rpc.type = GRPC (default)
2019-09-19 09:51:33,655 [Thread-536] INFO  grpc.GrpcFactory (GrpcFactory.java:checkPooledByteBufAllocatorUseCacheForAllThreads(45)) - PERFORMANCE WARNING: useCacheForAllThreads is true that may cause Netty to create a lot garbage objects and, as a result, trigger GC.
	It is recommended to disable useCacheForAllThreads by setting -Dorg.apache.ratis.thirdparty.io.netty.allocator.useCacheForAllThreads=false in command line.
2019-09-19 09:51:33,655 [Thread-536] INFO  grpc.GrpcConfigKeys$Server (ConfUtils.java:logGet(43)) - raft.grpc.server.port = 0 (default)
2019-09-19 09:51:33,655 [Thread-536] INFO  server.GrpcService (ConfUtils.java:logGet(43)) - raft.grpc.message.size.max = 33570816 (custom)
2019-09-19 09:51:33,655 [Thread-536] INFO  server.RaftServerConfigKeys (ConfUtils.java:logGet(43)) - raft.server.log.appender.buffer.byte-limit = 33554432 (custom)
2019-09-19 09:51:33,656 [Thread-536] INFO  server.GrpcService (ConfUtils.java:logGet(43)) - raft.grpc.flow.control.window = 1MB (=1048576) (default)
2019-09-19 09:51:33,656 [Thread-536] INFO  server.RaftServerConfigKeys (ConfUtils.java:logGet(43)) - raft.server.rpc.request.timeout = 3000ms (default)
2019-09-19 09:51:33,656 [Thread-536] INFO  server.RaftServerConfigKeys (ConfUtils.java:logGet(43)) - raft.server.storage.dir = [/workdir/hadoop-ozone/ozonefs/target/test-dir/MiniOzoneClusterImpl-2dcf7682-fd4a-4cc9-8c14-b1fdd7ae4a90/datanode-1/data/ratis] (custom)
2019-09-19 09:51:33,657 [Thread-536] INFO  replication.SimpleContainerDownloader (SimpleContainerDownloader.java:<init>(72)) - Starting container downloader service to copy containers to replicate.
2019-09-19 09:51:33,658 [Thread-536] INFO  hdfs.DFSUtil (DFSUtil.java:httpServerTemplateForNNAndJN(1641)) - Starting Web-server for hddsDatanode at: http://0.0.0.0:0
2019-09-19 09:51:33,660 [Thread-536] INFO  server.AuthenticationFilter (AuthenticationFilter.java:constructSecretProvider(240)) - Unable to initialize FileSignerSecretProvider, falling back to use random secrets.
2019-09-19 09:51:33,661 [Thread-536] WARN  http.HttpRequestLog (HttpRequestLog.java:getRequestLog(97)) - Jetty request log can only be enabled using Log4j
2019-09-19 09:51:33,663 [Thread-536] INFO  http.HttpServer2 (HttpServer2.java:addGlobalFilter(975)) - Added global filter 'safety' (class=org.apache.hadoop.http.HttpServer2$QuotingInputFilter)
2019-09-19 09:51:33,664 [Thread-536] INFO  http.HttpServer2 (HttpServer2.java:addFilter(948)) - Added filter static_user_filter (class=org.apache.hadoop.http.lib.StaticUserWebFilter$StaticUserFilter) to context hddsDatanode
2019-09-19 09:51:33,664 [Thread-536] INFO  http.HttpServer2 (HttpServer2.java:addFilter(958)) - Added filter static_user_filter (class=org.apache.hadoop.http.lib.StaticUserWebFilter$StaticUserFilter) to context static
2019-09-19 09:51:33,664 [Thread-536] INFO  http.HttpServer2 (HttpServer2.java:addFilter(958)) - Added filter static_user_filter (class=org.apache.hadoop.http.lib.StaticUserWebFilter$StaticUserFilter) to context logs
2019-09-19 09:51:33,666 [Thread-536] INFO  http.HttpServer2 (HttpServer2.java:bindListener(1191)) - Jetty bound to port 42537
2019-09-19 09:51:33,666 [Thread-536] INFO  server.Server (Server.java:doStart(351)) - jetty-9.3.24.v20180605, build timestamp: 2018-06-05T17:11:56Z, git hash: 84205aa28f11a4f31f2a3b86d1bba2cc8ab69827
2019-09-19 09:51:33,668 [Thread-536] INFO  handler.ContextHandler (ContextHandler.java:doStart(781)) - Started o.e.j.s.ServletContextHandler@7d4fec5c{/logs,file:///workdir/hadoop-ozone/ozonefs/target/log,AVAILABLE}
2019-09-19 09:51:33,669 [Thread-536] INFO  handler.ContextHandler (ContextHandler.java:doStart(781)) - Started o.e.j.s.ServletContextHandler@40ec51e{/static,jar:file:/home/user/.m2/repository/org/apache/hadoop/hadoop-hdds-container-service/0.5.0-SNAPSHOT/hadoop-hdds-container-service-0.5.0-SNAPSHOT.jar!/webapps/static,AVAILABLE}
2019-09-19 09:51:33,709 [Thread-536] INFO  handler.ContextHandler (ContextHandler.java:doStart(781)) - Started o.e.j.w.WebAppContext@2d89fe37{/,file:///tmp/jetty-0.0.0.0-42537-hddsDatanode-_-any-8008934248054053443.dir/webapp/,AVAILABLE}{/hddsDatanode}
2019-09-19 09:51:33,710 [Thread-536] INFO  server.AbstractConnector (AbstractConnector.java:doStart(278)) - Started ServerConnector@8d7b2b2{HTTP/1.1,[http/1.1]}{0.0.0.0:42537}
2019-09-19 09:51:33,711 [Thread-536] INFO  server.Server (Server.java:doStart(419)) - Started @43084ms
2019-09-19 09:51:33,712 [Thread-536] INFO  server.BaseHttpServer (BaseHttpServer.java:updateConnectorAddress(213)) - HTTP server of HDDSDATANODE is listening at http://0.0.0.0:42537
2019-09-19 09:51:33,868 | INFO  | ObjectStoreRestHttpServer | Listening HDDS REST traffic on /0.0.0.0:39604 |  
2019-09-19 09:51:33,868 [Thread-536] INFO  ozone.HddsDatanodeService (HddsDatanodeService.java:startPlugins(395)) - Started plug-in org.apache.hadoop.ozone.web.OzoneHddsDatanodeService@4c9af6f2
2019-09-19 09:51:33,868 [Thread-536] INFO  impl.MetricsSystemImpl (MetricsSystemImpl.java:init(158)) - HddsDatanode metrics system started (again)
2019-09-19 09:51:33,872 [Thread-536] INFO  ozone.HddsDatanodeService (HddsDatanodeService.java:start(184)) - HddsDatanodeService host:pr-hdds-1569-j4bt4-3030777008 ip:192.168.34.5
2019-09-19 09:51:33,872 [org.apache.hadoop.util.JvmPauseMonitor$Monitor@ab60b89] INFO  util.JvmPauseMonitor (JvmPauseMonitor.java:run(188)) - Starting JVM pause monitor
2019-09-19 09:51:33,874 [Datanode State Machine Thread - 0] INFO  datanode.InitDatanodeState (InitDatanodeState.java:persistContainerDatanodeDetails(140)) - DatanodeDetails is persisted to /workdir/hadoop-ozone/ozonefs/target/test-dir/MiniOzoneClusterImpl-2dcf7682-fd4a-4cc9-8c14-b1fdd7ae4a90/datanode-1/meta/datanode.id
2019-09-19 09:51:33,879 [Thread-536] INFO  volume.HddsVolume (HddsVolume.java:<init>(176)) - Creating Volume: /workdir/hadoop-ozone/ozonefs/target/test-dir/MiniOzoneClusterImpl-2dcf7682-fd4a-4cc9-8c14-b1fdd7ae4a90/datanode-2/data/containers/hdds of  storage type : DISK and capacity : 1482555576320
2019-09-19 09:51:33,879 [Thread-536] INFO  volume.VolumeSet (VolumeSet.java:initializeVolumeSet(170)) - Added Volume : /workdir/hadoop-ozone/ozonefs/target/test-dir/MiniOzoneClusterImpl-2dcf7682-fd4a-4cc9-8c14-b1fdd7ae4a90/datanode-2/data/containers/hdds to VolumeSet
2019-09-19 09:51:33,879 [Thread-536] INFO  volume.ThrottledAsyncChecker (ThrottledAsyncChecker.java:schedule(140)) - Scheduling a check for org.apache.hadoop.ozone.container.common.volume.HddsVolume@23749576
2019-09-19 09:51:33,879 [Thread-536] INFO  volume.HddsVolumeChecker (HddsVolumeChecker.java:checkAllVolumes(203)) - Scheduled health check for volume org.apache.hadoop.ozone.container.common.volume.HddsVolume@23749576
2019-09-19 09:51:33,898 [Thread-536] INFO  impl.RaftServerProxy (ConfUtils.java:logGet(43)) - raft.rpc.type = GRPC (default)
2019-09-19 09:51:33,898 [Thread-536] INFO  grpc.GrpcFactory (GrpcFactory.java:checkPooledByteBufAllocatorUseCacheForAllThreads(45)) - PERFORMANCE WARNING: useCacheForAllThreads is true that may cause Netty to create a lot garbage objects and, as a result, trigger GC.
	It is recommended to disable useCacheForAllThreads by setting -Dorg.apache.ratis.thirdparty.io.netty.allocator.useCacheForAllThreads=false in command line.
2019-09-19 09:51:33,899 [Thread-536] INFO  grpc.GrpcConfigKeys$Server (ConfUtils.java:logGet(43)) - raft.grpc.server.port = 0 (default)
2019-09-19 09:51:33,899 [Thread-536] INFO  server.GrpcService (ConfUtils.java:logGet(43)) - raft.grpc.message.size.max = 33570816 (custom)
2019-09-19 09:51:33,899 [Thread-536] INFO  server.RaftServerConfigKeys (ConfUtils.java:logGet(43)) - raft.server.log.appender.buffer.byte-limit = 33554432 (custom)
2019-09-19 09:51:33,899 [Thread-536] INFO  server.GrpcService (ConfUtils.java:logGet(43)) - raft.grpc.flow.control.window = 1MB (=1048576) (default)
2019-09-19 09:51:33,899 [Thread-536] INFO  server.RaftServerConfigKeys (ConfUtils.java:logGet(43)) - raft.server.rpc.request.timeout = 3000ms (default)
2019-09-19 09:51:33,900 [Thread-536] INFO  server.RaftServerConfigKeys (ConfUtils.java:logGet(43)) - raft.server.storage.dir = [/workdir/hadoop-ozone/ozonefs/target/test-dir/MiniOzoneClusterImpl-2dcf7682-fd4a-4cc9-8c14-b1fdd7ae4a90/datanode-2/data/ratis] (custom)
2019-09-19 09:51:33,900 [Thread-536] INFO  replication.SimpleContainerDownloader (SimpleContainerDownloader.java:<init>(72)) - Starting container downloader service to copy containers to replicate.
2019-09-19 09:51:33,901 [Thread-536] INFO  hdfs.DFSUtil (DFSUtil.java:httpServerTemplateForNNAndJN(1641)) - Starting Web-server for hddsDatanode at: http://0.0.0.0:0
2019-09-19 09:51:33,904 [Thread-536] INFO  server.AuthenticationFilter (AuthenticationFilter.java:constructSecretProvider(240)) - Unable to initialize FileSignerSecretProvider, falling back to use random secrets.
2019-09-19 09:51:33,904 [Thread-536] WARN  http.HttpRequestLog (HttpRequestLog.java:getRequestLog(97)) - Jetty request log can only be enabled using Log4j
2019-09-19 09:51:33,907 [Thread-536] INFO  http.HttpServer2 (HttpServer2.java:addGlobalFilter(975)) - Added global filter 'safety' (class=org.apache.hadoop.http.HttpServer2$QuotingInputFilter)
2019-09-19 09:51:33,908 [Thread-536] INFO  http.HttpServer2 (HttpServer2.java:addFilter(948)) - Added filter static_user_filter (class=org.apache.hadoop.http.lib.StaticUserWebFilter$StaticUserFilter) to context hddsDatanode
2019-09-19 09:51:33,908 [Thread-536] INFO  http.HttpServer2 (HttpServer2.java:addFilter(958)) - Added filter static_user_filter (class=org.apache.hadoop.http.lib.StaticUserWebFilter$StaticUserFilter) to context static
2019-09-19 09:51:33,908 [Thread-536] INFO  http.HttpServer2 (HttpServer2.java:addFilter(958)) - Added filter static_user_filter (class=org.apache.hadoop.http.lib.StaticUserWebFilter$StaticUserFilter) to context logs
2019-09-19 09:51:33,909 [Thread-536] INFO  http.HttpServer2 (HttpServer2.java:bindListener(1191)) - Jetty bound to port 41318
2019-09-19 09:51:33,909 [Thread-536] INFO  server.Server (Server.java:doStart(351)) - jetty-9.3.24.v20180605, build timestamp: 2018-06-05T17:11:56Z, git hash: 84205aa28f11a4f31f2a3b86d1bba2cc8ab69827
2019-09-19 09:51:33,911 [Thread-536] INFO  handler.ContextHandler (ContextHandler.java:doStart(781)) - Started o.e.j.s.ServletContextHandler@1abbab4{/logs,file:///workdir/hadoop-ozone/ozonefs/target/log,AVAILABLE}
2019-09-19 09:51:33,912 [Thread-536] INFO  handler.ContextHandler (ContextHandler.java:doStart(781)) - Started o.e.j.s.ServletContextHandler@3475ff60{/static,jar:file:/home/user/.m2/repository/org/apache/hadoop/hadoop-hdds-container-service/0.5.0-SNAPSHOT/hadoop-hdds-container-service-0.5.0-SNAPSHOT.jar!/webapps/static,AVAILABLE}
2019-09-19 09:51:33,949 [Thread-536] INFO  handler.ContextHandler (ContextHandler.java:doStart(781)) - Started o.e.j.w.WebAppContext@77e012ac{/,file:///tmp/jetty-0.0.0.0-41318-hddsDatanode-_-any-902542126598066559.dir/webapp/,AVAILABLE}{/hddsDatanode}
2019-09-19 09:51:33,949 [Thread-536] INFO  server.AbstractConnector (AbstractConnector.java:doStart(278)) - Started ServerConnector@e81cd81{HTTP/1.1,[http/1.1]}{0.0.0.0:41318}
2019-09-19 09:51:33,951 [Thread-536] INFO  server.Server (Server.java:doStart(419)) - Started @43324ms
2019-09-19 09:51:33,951 [Thread-536] INFO  server.BaseHttpServer (BaseHttpServer.java:updateConnectorAddress(213)) - HTTP server of HDDSDATANODE is listening at http://0.0.0.0:41318
2019-09-19 09:51:34,085 | INFO  | ObjectStoreRestHttpServer | Listening HDDS REST traffic on /0.0.0.0:38086 |  
2019-09-19 09:51:34,085 [Thread-536] INFO  ozone.HddsDatanodeService (HddsDatanodeService.java:startPlugins(395)) - Started plug-in org.apache.hadoop.ozone.web.OzoneHddsDatanodeService@5cf21343
2019-09-19 09:51:34,085 [Thread-536] INFO  ozone.MiniOzoneClusterImpl (MiniOzoneClusterImpl.java:lambda$waitForClusterToBeReady$0(142)) - Waiting for cluster to be ready. Got 0 of 3 DN Heartbeats.
2019-09-19 09:51:34,086 [org.apache.hadoop.util.JvmPauseMonitor$Monitor@3065e376] INFO  util.JvmPauseMonitor (JvmPauseMonitor.java:run(188)) - Starting JVM pause monitor
2019-09-19 09:51:34,088 [Datanode State Machine Thread - 0] INFO  datanode.InitDatanodeState (InitDatanodeState.java:persistContainerDatanodeDetails(140)) - DatanodeDetails is persisted to /workdir/hadoop-ozone/ozonefs/target/test-dir/MiniOzoneClusterImpl-2dcf7682-fd4a-4cc9-8c14-b1fdd7ae4a90/datanode-2/meta/datanode.id
2019-09-19 09:51:35,086 [Thread-536] INFO  ozone.MiniOzoneClusterImpl (MiniOzoneClusterImpl.java:lambda$waitForClusterToBeReady$0(142)) - Waiting for cluster to be ready. Got 0 of 3 DN Heartbeats.
2019-09-19 09:51:35,634 | INFO  | SCMAudit | user=jenkins1000 | ip=192.168.34.5 | op=GET_VERSION null | ret=SUCCESS |  
2019-09-19 09:51:35,649 [Datanode State Machine Thread - 0] INFO  ozoneimpl.OzoneContainer (OzoneContainer.java:start(186)) - Attempting to start container services.
2019-09-19 09:51:35,649 [Datanode State Machine Thread - 0] INFO  ozoneimpl.OzoneContainer (OzoneContainer.java:startContainerScrub(160)) - Background container scrubber has been disabled by hdds.containerscrub.enabled
2019-09-19 09:51:35,649 [Datanode State Machine Thread - 0] INFO  ratis.XceiverServerRatis (XceiverServerRatis.java:start(404)) - Starting XceiverServerRatis a5e54086-a666-428b-be69-0deeb25a32eb at port 0
2019-09-19 09:51:35,656 [Datanode State Machine Thread - 0] INFO  impl.RaftServerProxy (RaftServerProxy.java:lambda$start$3(299)) - a5e54086-a666-428b-be69-0deeb25a32eb: start RPC server
2019-09-19 09:51:35,659 [Datanode State Machine Thread - 0] INFO  server.GrpcService (GrpcService.java:startImpl(149)) - a5e54086-a666-428b-be69-0deeb25a32eb: GrpcService started, listening on 0.0.0.0/0.0.0.0:42285
2019-09-19 09:51:35,659 [Datanode State Machine Thread - 0] INFO  ratis.XceiverServerRatis (XceiverServerRatis.java:start(414)) - XceiverServerRatis a5e54086-a666-428b-be69-0deeb25a32eb is started using port 42285
2019-09-19 09:51:35,663 [Datanode State Machine Thread - 0] INFO  server.XceiverServerGrpc (XceiverServerGrpc.java:start(163)) - XceiverServerGrpc a5e54086-a666-428b-be69-0deeb25a32eb is started using port 45052
2019-09-19 09:51:35,873 | INFO  | SCMAudit | user=jenkins1000 | ip=192.168.34.5 | op=GET_VERSION null | ret=SUCCESS |  
2019-09-19 09:51:35,886 [Datanode State Machine Thread - 0] INFO  ozoneimpl.OzoneContainer (OzoneContainer.java:start(186)) - Attempting to start container services.
2019-09-19 09:51:35,886 [Datanode State Machine Thread - 0] INFO  ozoneimpl.OzoneContainer (OzoneContainer.java:startContainerScrub(160)) - Background container scrubber has been disabled by hdds.containerscrub.enabled
2019-09-19 09:51:35,886 [Datanode State Machine Thread - 0] INFO  ratis.XceiverServerRatis (XceiverServerRatis.java:start(404)) - Starting XceiverServerRatis bd940396-f9cb-4ba3-97ee-27fe4877910e at port 0
2019-09-19 09:51:35,892 [Datanode State Machine Thread - 0] INFO  impl.RaftServerProxy (RaftServerProxy.java:lambda$start$3(299)) - bd940396-f9cb-4ba3-97ee-27fe4877910e: start RPC server
2019-09-19 09:51:35,894 [Datanode State Machine Thread - 0] INFO  server.GrpcService (GrpcService.java:startImpl(149)) - bd940396-f9cb-4ba3-97ee-27fe4877910e: GrpcService started, listening on 0.0.0.0/0.0.0.0:39207
2019-09-19 09:51:35,894 [Datanode State Machine Thread - 0] INFO  ratis.XceiverServerRatis (XceiverServerRatis.java:start(414)) - XceiverServerRatis bd940396-f9cb-4ba3-97ee-27fe4877910e is started using port 39207
2019-09-19 09:51:35,896 [Datanode State Machine Thread - 0] INFO  server.XceiverServerGrpc (XceiverServerGrpc.java:start(163)) - XceiverServerGrpc bd940396-f9cb-4ba3-97ee-27fe4877910e is started using port 39304
2019-09-19 09:51:36,086 [Thread-536] INFO  ozone.MiniOzoneClusterImpl (MiniOzoneClusterImpl.java:lambda$waitForClusterToBeReady$0(142)) - Waiting for cluster to be ready. Got 0 of 3 DN Heartbeats.
2019-09-19 09:51:36,087 | INFO  | SCMAudit | user=jenkins1000 | ip=192.168.34.5 | op=GET_VERSION null | ret=SUCCESS |  
2019-09-19 09:51:36,114 [Datanode State Machine Thread - 0] INFO  ozoneimpl.OzoneContainer (OzoneContainer.java:start(186)) - Attempting to start container services.
2019-09-19 09:51:36,114 [Datanode State Machine Thread - 0] INFO  ozoneimpl.OzoneContainer (OzoneContainer.java:startContainerScrub(160)) - Background container scrubber has been disabled by hdds.containerscrub.enabled
2019-09-19 09:51:36,114 [Datanode State Machine Thread - 0] INFO  ratis.XceiverServerRatis (XceiverServerRatis.java:start(404)) - Starting XceiverServerRatis e5479894-df80-44da-8423-1105b30f9b8d at port 0
2019-09-19 09:51:36,121 [Datanode State Machine Thread - 0] INFO  impl.RaftServerProxy (RaftServerProxy.java:lambda$start$3(299)) - e5479894-df80-44da-8423-1105b30f9b8d: start RPC server
2019-09-19 09:51:36,122 [Datanode State Machine Thread - 0] INFO  server.GrpcService (GrpcService.java:startImpl(149)) - e5479894-df80-44da-8423-1105b30f9b8d: GrpcService started, listening on 0.0.0.0/0.0.0.0:44999
2019-09-19 09:51:36,122 [Datanode State Machine Thread - 0] INFO  ratis.XceiverServerRatis (XceiverServerRatis.java:start(414)) - XceiverServerRatis e5479894-df80-44da-8423-1105b30f9b8d is started using port 44999
2019-09-19 09:51:36,123 [Datanode State Machine Thread - 0] INFO  server.XceiverServerGrpc (XceiverServerGrpc.java:start(163)) - XceiverServerGrpc e5479894-df80-44da-8423-1105b30f9b8d is started using port 40338
2019-09-19 09:51:37,087 [Thread-536] INFO  ozone.MiniOzoneClusterImpl (MiniOzoneClusterImpl.java:lambda$waitForClusterToBeReady$0(142)) - Waiting for cluster to be ready. Got 0 of 3 DN Heartbeats.
2019-09-19 09:51:37,634 [IPC Server handler 2 on 39690] INFO  net.NetworkTopology (NetworkTopologyImpl.java:add(110)) - Added a new node: /default-rack/a5e54086-a666-428b-be69-0deeb25a32eb
2019-09-19 09:51:37,635 [IPC Server handler 2 on 39690] INFO  node.SCMNodeManager (SCMNodeManager.java:register(273)) - Registered Data node : a5e54086-a666-428b-be69-0deeb25a32eb{ip: 192.168.34.5, host: pr-hdds-1569-j4bt4-3030777008, networkLocation: /default-rack, certSerialId: null}
2019-09-19 09:51:37,637 [EventQueue-NodeRegistrationContainerReportForDataNodeSafeModeRule] INFO  safemode.SCMSafeModeManager (DataNodeSafeModeRule.java:process(71)) - SCM in safe mode. 1 DataNodes registered, 1 required.
2019-09-19 09:51:37,637 | INFO  | SCMAudit | user=jenkins1000 | ip=192.168.34.5 | op=REGISTER {datanodeDetails=a5e54086-a666-428b-be69-0deeb25a32eb{ip: 192.168.34.5, host: pr-hdds-1569-j4bt4-3030777008, networkLocation: /default-rack, certSerialId: null}} | ret=SUCCESS |  
2019-09-19 09:51:37,638 [EventQueue-NodeRegistrationContainerReportForDataNodeSafeModeRule] INFO  safemode.SCMSafeModeManager (SCMSafeModeManager.java:validateSafeModeExitRules(177)) - ScmSafeModeManager, all rules are successfully validated
2019-09-19 09:51:37,638 [EventQueue-NodeRegistrationContainerReportForDataNodeSafeModeRule] INFO  safemode.SCMSafeModeManager (SCMSafeModeManager.java:exitSafeMode(193)) - SCM exiting safe mode.
2019-09-19 09:51:37,658 [grpc-default-executor-0] INFO  impl.RaftServerProxy (RaftServerProxy.java:addNew(89)) - a5e54086-a666-428b-be69-0deeb25a32eb: addNew group-8F7135BAC918:[a5e54086-a666-428b-be69-0deeb25a32eb:192.168.34.5:42285] returns group-8F7135BAC918:java.util.concurrent.CompletableFuture@7f074cf0[Not completed]
2019-09-19 09:51:37,660 [pool-133-thread-1] INFO  impl.RaftServerImpl (RaftServerImpl.java:<init>(93)) - a5e54086-a666-428b-be69-0deeb25a32eb: new RaftServerImpl for group-8F7135BAC918:[a5e54086-a666-428b-be69-0deeb25a32eb:192.168.34.5:42285] with ContainerStateMachine:uninitialized
2019-09-19 09:51:37,660 [pool-133-thread-1] INFO  server.RaftServerConfigKeys (ConfUtils.java:logGet(43)) - raft.server.rpc.timeout.min = 5s (custom)
2019-09-19 09:51:37,661 [pool-133-thread-1] INFO  server.RaftServerConfigKeys (ConfUtils.java:logGet(43)) - raft.server.rpc.timeout.max = 5200ms (custom)
2019-09-19 09:51:37,661 [pool-133-thread-1] INFO  server.RaftServerConfigKeys (ConfUtils.java:logGet(43)) - raft.server.rpcslowness.timeout = 120s (custom)
2019-09-19 09:51:37,661 [pool-133-thread-1] INFO  server.RaftServerConfigKeys (ConfUtils.java:logGet(43)) - raft.server.sleep.deviation.threshold = 300 (default)
2019-09-19 09:51:37,661 [pool-133-thread-1] INFO  server.RaftServerConfigKeys (ConfUtils.java:logGet(43)) - raft.server.log.appender.install.snapshot.enabled = false (custom)
2019-09-19 09:51:37,661 [pool-133-thread-1] INFO  impl.RaftServerImpl (ServerState.java:<init>(105)) - a5e54086-a666-428b-be69-0deeb25a32eb:group-8F7135BAC918 ConfigurationManager, init=-1: [a5e54086-a666-428b-be69-0deeb25a32eb:192.168.34.5:42285], old=null, confs=<EMPTY_MAP>
2019-09-19 09:51:37,662 [pool-133-thread-1] INFO  server.RaftServerConfigKeys (ConfUtils.java:logGet(43)) - raft.server.storage.dir = [/workdir/hadoop-ozone/ozonefs/target/test-dir/MiniOzoneClusterImpl-2dcf7682-fd4a-4cc9-8c14-b1fdd7ae4a90/datanode-0/data/ratis] (custom)
2019-09-19 09:51:37,662 [pool-133-thread-1] INFO  storage.RaftStorageDirectory (RaftStorageDirectory.java:analyzeStorage(246)) - The storage directory /workdir/hadoop-ozone/ozonefs/target/test-dir/MiniOzoneClusterImpl-2dcf7682-fd4a-4cc9-8c14-b1fdd7ae4a90/datanode-0/data/ratis/977bdf3a-ecc2-4521-996e-8f7135bac918 does not exist. Creating ...
2019-09-19 09:51:37,687 [pool-133-thread-1] INFO  storage.RaftStorageDirectory (RaftStorageDirectory.java:tryLock(328)) - Lock on /workdir/hadoop-ozone/ozonefs/target/test-dir/MiniOzoneClusterImpl-2dcf7682-fd4a-4cc9-8c14-b1fdd7ae4a90/datanode-0/data/ratis/977bdf3a-ecc2-4521-996e-8f7135bac918/in_use.lock acquired by nodename 9507@pr-hdds-1569-j4bt4-3030777008
2019-09-19 09:51:37,700 [pool-133-thread-1] INFO  storage.RaftStorage (RaftStorage.java:format(72)) - Storage directory /workdir/hadoop-ozone/ozonefs/target/test-dir/MiniOzoneClusterImpl-2dcf7682-fd4a-4cc9-8c14-b1fdd7ae4a90/datanode-0/data/ratis/977bdf3a-ecc2-4521-996e-8f7135bac918 has been successfully formatted.
2019-09-19 09:51:37,701 [pool-133-thread-1] INFO  ratis.ContainerStateMachine (ContainerStateMachine.java:loadSnapshot(226)) - group-8F7135BAC918: The snapshot info is null. Setting the last applied indexto:(t:0, i:~)
2019-09-19 09:51:37,701 [pool-133-thread-1] INFO  server.RaftServerConfigKeys (ConfUtils.java:logGet(43)) - raft.server.leader.election.timeout = 120s (custom)
2019-09-19 09:51:37,701 [pool-133-thread-1] INFO  server.RaftServerConfigKeys (ConfUtils.java:logGet(43)) - raft.server.log.use.memory = false (default)
2019-09-19 09:51:37,701 [pool-133-thread-1] INFO  server.RaftServerConfigKeys (ConfUtils.java:logGet(43)) - raft.server.log.purge.gap = 1000000 (custom)
2019-09-19 09:51:37,701 [pool-133-thread-1] INFO  server.RaftServerConfigKeys (ConfUtils.java:logGet(43)) - raft.server.log.appender.buffer.byte-limit = 33554432 (custom)
2019-09-19 09:51:37,702 [pool-133-thread-1] INFO  server.RaftServerConfigKeys (ConfUtils.java:logGet(43)) - raft.server.log.segment.size.max = 1048576 (custom)
2019-09-19 09:51:37,702 [pool-133-thread-1] INFO  server.RaftServerConfigKeys (ConfUtils.java:logGet(43)) - raft.server.log.segment.cache.num.max = 2 (custom)
2019-09-19 09:51:37,702 [pool-133-thread-1] INFO  segmented.SegmentedRaftLogWorker (SegmentedRaftLogWorker.java:<init>(172)) - new a5e54086-a666-428b-be69-0deeb25a32eb-SegmentedRaftLogWorker:Storage Directory /workdir/hadoop-ozone/ozonefs/target/test-dir/MiniOzoneClusterImpl-2dcf7682-fd4a-4cc9-8c14-b1fdd7ae4a90/datanode-0/data/ratis/977bdf3a-ecc2-4521-996e-8f7135bac918 for RaftStorage:Storage Directory /workdir/hadoop-ozone/ozonefs/target/test-dir/MiniOzoneClusterImpl-2dcf7682-fd4a-4cc9-8c14-b1fdd7ae4a90/datanode-0/data/ratis/977bdf3a-ecc2-4521-996e-8f7135bac918
2019-09-19 09:51:37,702 [pool-133-thread-1] INFO  server.RaftServerConfigKeys (ConfUtils.java:logGet(43)) - raft.server.log.queue.byte-limit = 2147483647 (custom)
2019-09-19 09:51:37,702 [pool-133-thread-1] INFO  server.RaftServerConfigKeys (ConfUtils.java:logGet(43)) - raft.server.log.queue.element-limit = 1024 (custom)
2019-09-19 09:51:37,703 [pool-133-thread-1] INFO  server.RaftServerConfigKeys (ConfUtils.java:logGet(43)) - raft.server.log.segment.size.max = 1048576 (custom)
2019-09-19 09:51:37,703 [pool-133-thread-1] INFO  server.RaftServerConfigKeys (ConfUtils.java:logGet(43)) - raft.server.log.preallocated.size = 16384 (custom)
2019-09-19 09:51:37,703 [pool-133-thread-1] INFO  server.RaftServerConfigKeys (ConfUtils.java:logGet(43)) - raft.server.log.write.buffer.size = 33554432 (custom)
2019-09-19 09:51:37,703 [pool-133-thread-1] INFO  server.RaftServerConfigKeys (ConfUtils.java:logGet(43)) - raft.server.log.force.sync.num = 128 (default)
2019-09-19 09:51:37,703 [pool-133-thread-1] INFO  server.RaftServerConfigKeys (ConfUtils.java:logGet(43)) - raft.server.log.statemachine.data.sync = true (default)
2019-09-19 09:51:37,704 [pool-133-thread-1] INFO  server.RaftServerConfigKeys (ConfUtils.java:logGet(43)) - raft.server.log.statemachine.data.sync.timeout = 10s (default)
2019-09-19 09:51:37,704 [pool-133-thread-1] INFO  server.RaftServerConfigKeys (ConfUtils.java:logGet(43)) - raft.server.log.statemachine.data.sync.timeout.retry = -1 (default)
2019-09-19 09:51:37,704 [pool-133-thread-1] INFO  server.RaftServerConfigKeys (ConfUtils.java:logGet(43)) - raft.server.log.statemachine.data.caching.enabled = true (custom)
2019-09-19 09:51:37,705 [pool-133-thread-1] INFO  segmented.SegmentedRaftLogWorker (SegmentedRaftLogWorker.java:lambda$new$0(132)) - a5e54086-a666-428b-be69-0deeb25a32eb-SegmentedRaftLogWorker:Storage Directory /workdir/hadoop-ozone/ozonefs/target/test-dir/MiniOzoneClusterImpl-2dcf7682-fd4a-4cc9-8c14-b1fdd7ae4a90/datanode-0/data/ratis/977bdf3a-ecc2-4521-996e-8f7135bac918: flushIndex: setUnconditionally 0 -> -1
2019-09-19 09:51:37,705 [pool-133-thread-1] INFO  server.RaftServerConfigKeys (ConfUtils.java:logGet(43)) - raft.server.snapshot.auto.trigger.enabled = true (custom)
2019-09-19 09:51:37,705 [pool-133-thread-1] INFO  server.RaftServerConfigKeys (ConfUtils.java:logGet(43)) - raft.server.snapshot.auto.trigger.threshold = 10000 (custom)
2019-09-19 09:51:37,705 [pool-133-thread-1] INFO  server.RaftServerConfigKeys (ConfUtils.java:logGet(43)) - raft.server.retrycache.expirytime = 600000ms (custom)
2019-09-19 09:51:37,706 [pool-133-thread-1] INFO  impl.RaftServerImpl (RaftServerImpl.java:start(180)) - a5e54086-a666-428b-be69-0deeb25a32eb: start group-8F7135BAC918
2019-09-19 09:51:37,706 [pool-133-thread-1] INFO  impl.RaftServerImpl (RaftServerImpl.java:setRole(171)) - a5e54086-a666-428b-be69-0deeb25a32eb:group-8F7135BAC918 changes role from null to FOLLOWER at term 0 for startAsFollower
2019-09-19 09:51:37,706 [pool-133-thread-1] INFO  impl.RoleInfo (RoleInfo.java:updateAndGet(143)) - a5e54086-a666-428b-be69-0deeb25a32eb: start FollowerState
2019-09-19 09:51:37,707 [pool-133-thread-1] INFO  util.JmxRegister (JmxRegister.java:tryRegister(44)) - Successfully registered JMX Bean with object name Ratis:service=RaftServer,group=group-8F7135BAC918,id=a5e54086-a666-428b-be69-0deeb25a32eb
2019-09-19 09:51:37,713 [RatisPipelineUtilsThread] INFO  pipeline.PipelineStateManager (PipelineStateManager.java:addPipeline(56)) - Created pipeline Pipeline[ Id: 977bdf3a-ecc2-4521-996e-8f7135bac918, Nodes: a5e54086-a666-428b-be69-0deeb25a32eb{ip: 192.168.34.5, host: pr-hdds-1569-j4bt4-3030777008, networkLocation: /default-rack, certSerialId: null}, Type:RATIS, Factor:ONE, State:OPEN]
2019-09-19 09:51:37,722 [grpc-default-executor-0] INFO  impl.RaftServerProxy (RaftServerProxy.java:addNew(89)) - a5e54086-a666-428b-be69-0deeb25a32eb: addNew group-144C25646223:[a5e54086-a666-428b-be69-0deeb25a32eb:192.168.34.5:42285] returns group-144C25646223:java.util.concurrent.CompletableFuture@4eb2d3a5[Not completed]
2019-09-19 09:51:37,723 [pool-133-thread-1] INFO  impl.RaftServerImpl (RaftServerImpl.java:<init>(93)) - a5e54086-a666-428b-be69-0deeb25a32eb: new RaftServerImpl for group-144C25646223:[a5e54086-a666-428b-be69-0deeb25a32eb:192.168.34.5:42285] with ContainerStateMachine:uninitialized
2019-09-19 09:51:37,724 [pool-133-thread-1] INFO  server.RaftServerConfigKeys (ConfUtils.java:logGet(43)) - raft.server.rpc.timeout.min = 5s (custom)
2019-09-19 09:51:37,724 [pool-133-thread-1] INFO  server.RaftServerConfigKeys (ConfUtils.java:logGet(43)) - raft.server.rpc.timeout.max = 5200ms (custom)
2019-09-19 09:51:37,724 [pool-133-thread-1] INFO  server.RaftServerConfigKeys (ConfUtils.java:logGet(43)) - raft.server.rpcslowness.timeout = 120s (custom)
2019-09-19 09:51:37,724 [pool-133-thread-1] INFO  server.RaftServerConfigKeys (ConfUtils.java:logGet(43)) - raft.server.sleep.deviation.threshold = 300 (default)
2019-09-19 09:51:37,724 [pool-133-thread-1] INFO  server.RaftServerConfigKeys (ConfUtils.java:logGet(43)) - raft.server.log.appender.install.snapshot.enabled = false (custom)
2019-09-19 09:51:37,724 [pool-133-thread-1] INFO  impl.RaftServerImpl (ServerState.java:<init>(105)) - a5e54086-a666-428b-be69-0deeb25a32eb:group-144C25646223 ConfigurationManager, init=-1: [a5e54086-a666-428b-be69-0deeb25a32eb:192.168.34.5:42285], old=null, confs=<EMPTY_MAP>
2019-09-19 09:51:37,724 [pool-133-thread-1] INFO  server.RaftServerConfigKeys (ConfUtils.java:logGet(43)) - raft.server.storage.dir = [/workdir/hadoop-ozone/ozonefs/target/test-dir/MiniOzoneClusterImpl-2dcf7682-fd4a-4cc9-8c14-b1fdd7ae4a90/datanode-0/data/ratis] (custom)
2019-09-19 09:51:37,725 [pool-133-thread-1] INFO  storage.RaftStorageDirectory (RaftStorageDirectory.java:analyzeStorage(246)) - The storage directory /workdir/hadoop-ozone/ozonefs/target/test-dir/MiniOzoneClusterImpl-2dcf7682-fd4a-4cc9-8c14-b1fdd7ae4a90/datanode-0/data/ratis/879d2a2d-32d9-4b98-92eb-144c25646223 does not exist. Creating ...
2019-09-19 09:51:37,739 [pool-133-thread-1] INFO  storage.RaftStorageDirectory (RaftStorageDirectory.java:tryLock(328)) - Lock on /workdir/hadoop-ozone/ozonefs/target/test-dir/MiniOzoneClusterImpl-2dcf7682-fd4a-4cc9-8c14-b1fdd7ae4a90/datanode-0/data/ratis/879d2a2d-32d9-4b98-92eb-144c25646223/in_use.lock acquired by nodename 9507@pr-hdds-1569-j4bt4-3030777008
2019-09-19 09:51:37,752 [pool-133-thread-1] INFO  storage.RaftStorage (RaftStorage.java:format(72)) - Storage directory /workdir/hadoop-ozone/ozonefs/target/test-dir/MiniOzoneClusterImpl-2dcf7682-fd4a-4cc9-8c14-b1fdd7ae4a90/datanode-0/data/ratis/879d2a2d-32d9-4b98-92eb-144c25646223 has been successfully formatted.
2019-09-19 09:51:37,752 [pool-133-thread-1] INFO  ratis.ContainerStateMachine (ContainerStateMachine.java:loadSnapshot(226)) - group-144C25646223: The snapshot info is null. Setting the last applied indexto:(t:0, i:~)
2019-09-19 09:51:37,753 [pool-133-thread-1] INFO  server.RaftServerConfigKeys (ConfUtils.java:logGet(43)) - raft.server.leader.election.timeout = 120s (custom)
2019-09-19 09:51:37,753 [pool-133-thread-1] INFO  server.RaftServerConfigKeys (ConfUtils.java:logGet(43)) - raft.server.log.use.memory = false (default)
2019-09-19 09:51:37,753 [pool-133-thread-1] INFO  server.RaftServerConfigKeys (ConfUtils.java:logGet(43)) - raft.server.log.purge.gap = 1000000 (custom)
2019-09-19 09:51:37,753 [pool-133-thread-1] INFO  server.RaftServerConfigKeys (ConfUtils.java:logGet(43)) - raft.server.log.appender.buffer.byte-limit = 33554432 (custom)
2019-09-19 09:51:37,753 [pool-133-thread-1] INFO  server.RaftServerConfigKeys (ConfUtils.java:logGet(43)) - raft.server.log.segment.size.max = 1048576 (custom)
2019-09-19 09:51:37,753 [pool-133-thread-1] INFO  server.RaftServerConfigKeys (ConfUtils.java:logGet(43)) - raft.server.log.segment.cache.num.max = 2 (custom)
2019-09-19 09:51:37,753 [pool-133-thread-1] INFO  segmented.SegmentedRaftLogWorker (SegmentedRaftLogWorker.java:<init>(172)) - new a5e54086-a666-428b-be69-0deeb25a32eb-SegmentedRaftLogWorker:Storage Directory /workdir/hadoop-ozone/ozonefs/target/test-dir/MiniOzoneClusterImpl-2dcf7682-fd4a-4cc9-8c14-b1fdd7ae4a90/datanode-0/data/ratis/879d2a2d-32d9-4b98-92eb-144c25646223 for RaftStorage:Storage Directory /workdir/hadoop-ozone/ozonefs/target/test-dir/MiniOzoneClusterImpl-2dcf7682-fd4a-4cc9-8c14-b1fdd7ae4a90/datanode-0/data/ratis/879d2a2d-32d9-4b98-92eb-144c25646223
2019-09-19 09:51:37,754 [pool-133-thread-1] INFO  server.RaftServerConfigKeys (ConfUtils.java:logGet(43)) - raft.server.log.queue.byte-limit = 2147483647 (custom)
2019-09-19 09:51:37,754 [pool-133-thread-1] INFO  server.RaftServerConfigKeys (ConfUtils.java:logGet(43)) - raft.server.log.queue.element-limit = 1024 (custom)
2019-09-19 09:51:37,754 [pool-133-thread-1] INFO  server.RaftServerConfigKeys (ConfUtils.java:logGet(43)) - raft.server.log.segment.size.max = 1048576 (custom)
2019-09-19 09:51:37,754 [pool-133-thread-1] INFO  server.RaftServerConfigKeys (ConfUtils.java:logGet(43)) - raft.server.log.preallocated.size = 16384 (custom)
2019-09-19 09:51:37,754 [pool-133-thread-1] INFO  server.RaftServerConfigKeys (ConfUtils.java:logGet(43)) - raft.server.log.write.buffer.size = 33554432 (custom)
2019-09-19 09:51:37,754 [pool-133-thread-1] INFO  server.RaftServerConfigKeys (ConfUtils.java:logGet(43)) - raft.server.log.force.sync.num = 128 (default)
2019-09-19 09:51:37,754 [pool-133-thread-1] INFO  server.RaftServerConfigKeys (ConfUtils.java:logGet(43)) - raft.server.log.statemachine.data.sync = true (default)
2019-09-19 09:51:37,755 [pool-133-thread-1] INFO  server.RaftServerConfigKeys (ConfUtils.java:logGet(43)) - raft.server.log.statemachine.data.sync.timeout = 10s (default)
2019-09-19 09:51:37,755 [pool-133-thread-1] INFO  server.RaftServerConfigKeys (ConfUtils.java:logGet(43)) - raft.server.log.statemachine.data.sync.timeout.retry = -1 (default)
2019-09-19 09:51:37,755 [pool-133-thread-1] INFO  server.RaftServerConfigKeys (ConfUtils.java:logGet(43)) - raft.server.log.statemachine.data.caching.enabled = true (custom)
2019-09-19 09:51:37,755 [pool-133-thread-1] INFO  segmented.SegmentedRaftLogWorker (SegmentedRaftLogWorker.java:lambda$new$0(132)) - a5e54086-a666-428b-be69-0deeb25a32eb-SegmentedRaftLogWorker:Storage Directory /workdir/hadoop-ozone/ozonefs/target/test-dir/MiniOzoneClusterImpl-2dcf7682-fd4a-4cc9-8c14-b1fdd7ae4a90/datanode-0/data/ratis/879d2a2d-32d9-4b98-92eb-144c25646223: flushIndex: setUnconditionally 0 -> -1
2019-09-19 09:51:37,756 [pool-133-thread-1] INFO  server.RaftServerConfigKeys (ConfUtils.java:logGet(43)) - raft.server.snapshot.auto.trigger.enabled = true (custom)
2019-09-19 09:51:37,756 [pool-133-thread-1] INFO  server.RaftServerConfigKeys (ConfUtils.java:logGet(43)) - raft.server.snapshot.auto.trigger.threshold = 10000 (custom)
2019-09-19 09:51:37,756 [pool-133-thread-1] INFO  server.RaftServerConfigKeys (ConfUtils.java:logGet(43)) - raft.server.retrycache.expirytime = 600000ms (custom)
2019-09-19 09:51:37,756 [pool-133-thread-1] INFO  impl.RaftServerImpl (RaftServerImpl.java:start(180)) - a5e54086-a666-428b-be69-0deeb25a32eb: start group-144C25646223
2019-09-19 09:51:37,756 [pool-133-thread-1] INFO  impl.RaftServerImpl (RaftServerImpl.java:setRole(171)) - a5e54086-a666-428b-be69-0deeb25a32eb:group-144C25646223 changes role from null to FOLLOWER at term 0 for startAsFollower
2019-09-19 09:51:37,756 [pool-133-thread-1] INFO  impl.RoleInfo (RoleInfo.java:updateAndGet(143)) - a5e54086-a666-428b-be69-0deeb25a32eb: start FollowerState
2019-09-19 09:51:37,757 [pool-133-thread-1] INFO  util.JmxRegister (JmxRegister.java:tryRegister(44)) - Successfully registered JMX Bean with object name Ratis:service=RaftServer,group=group-144C25646223,id=a5e54086-a666-428b-be69-0deeb25a32eb
2019-09-19 09:51:37,762 [RatisPipelineUtilsThread] INFO  pipeline.PipelineStateManager (PipelineStateManager.java:addPipeline(56)) - Created pipeline Pipeline[ Id: 879d2a2d-32d9-4b98-92eb-144c25646223, Nodes: a5e54086-a666-428b-be69-0deeb25a32eb{ip: 192.168.34.5, host: pr-hdds-1569-j4bt4-3030777008, networkLocation: /default-rack, certSerialId: null}, Type:RATIS, Factor:ONE, State:OPEN]
2019-09-19 09:51:37,778 [grpc-default-executor-0] INFO  impl.RaftServerProxy (RaftServerProxy.java:addNew(89)) - a5e54086-a666-428b-be69-0deeb25a32eb: addNew group-9180AD28FD4F:[a5e54086-a666-428b-be69-0deeb25a32eb:192.168.34.5:42285] returns group-9180AD28FD4F:java.util.concurrent.CompletableFuture@1f28b3bf[Not completed]
2019-09-19 09:51:37,779 [pool-133-thread-1] INFO  impl.RaftServerImpl (RaftServerImpl.java:<init>(93)) - a5e54086-a666-428b-be69-0deeb25a32eb: new RaftServerImpl for group-9180AD28FD4F:[a5e54086-a666-428b-be69-0deeb25a32eb:192.168.34.5:42285] with ContainerStateMachine:uninitialized
2019-09-19 09:51:37,779 [pool-133-thread-1] INFO  server.RaftServerConfigKeys (ConfUtils.java:logGet(43)) - raft.server.rpc.timeout.min = 5s (custom)
2019-09-19 09:51:37,779 [pool-133-thread-1] INFO  server.RaftServerConfigKeys (ConfUtils.java:logGet(43)) - raft.server.rpc.timeout.max = 5200ms (custom)
2019-09-19 09:51:37,780 [pool-133-thread-1] INFO  server.RaftServerConfigKeys (ConfUtils.java:logGet(43)) - raft.server.rpcslowness.timeout = 120s (custom)
2019-09-19 09:51:37,780 [pool-133-thread-1] INFO  server.RaftServerConfigKeys (ConfUtils.java:logGet(43)) - raft.server.sleep.deviation.threshold = 300 (default)
2019-09-19 09:51:37,780 [pool-133-thread-1] INFO  server.RaftServerConfigKeys (ConfUtils.java:logGet(43)) - raft.server.log.appender.install.snapshot.enabled = false (custom)
2019-09-19 09:51:37,780 [pool-133-thread-1] INFO  impl.RaftServerImpl (ServerState.java:<init>(105)) - a5e54086-a666-428b-be69-0deeb25a32eb:group-9180AD28FD4F ConfigurationManager, init=-1: [a5e54086-a666-428b-be69-0deeb25a32eb:192.168.34.5:42285], old=null, confs=<EMPTY_MAP>
2019-09-19 09:51:37,780 [pool-133-thread-1] INFO  server.RaftServerConfigKeys (ConfUtils.java:logGet(43)) - raft.server.storage.dir = [/workdir/hadoop-ozone/ozonefs/target/test-dir/MiniOzoneClusterImpl-2dcf7682-fd4a-4cc9-8c14-b1fdd7ae4a90/datanode-0/data/ratis] (custom)
2019-09-19 09:51:37,780 [pool-133-thread-1] INFO  storage.RaftStorageDirectory (RaftStorageDirectory.java:analyzeStorage(246)) - The storage directory /workdir/hadoop-ozone/ozonefs/target/test-dir/MiniOzoneClusterImpl-2dcf7682-fd4a-4cc9-8c14-b1fdd7ae4a90/datanode-0/data/ratis/06cbc3d5-ad6c-4017-a469-9180ad28fd4f does not exist. Creating ...
2019-09-19 09:51:37,793 [pool-133-thread-1] INFO  storage.RaftStorageDirectory (RaftStorageDirectory.java:tryLock(328)) - Lock on /workdir/hadoop-ozone/ozonefs/target/test-dir/MiniOzoneClusterImpl-2dcf7682-fd4a-4cc9-8c14-b1fdd7ae4a90/datanode-0/data/ratis/06cbc3d5-ad6c-4017-a469-9180ad28fd4f/in_use.lock acquired by nodename 9507@pr-hdds-1569-j4bt4-3030777008
2019-09-19 09:51:37,806 [pool-133-thread-1] INFO  storage.RaftStorage (RaftStorage.java:format(72)) - Storage directory /workdir/hadoop-ozone/ozonefs/target/test-dir/MiniOzoneClusterImpl-2dcf7682-fd4a-4cc9-8c14-b1fdd7ae4a90/datanode-0/data/ratis/06cbc3d5-ad6c-4017-a469-9180ad28fd4f has been successfully formatted.
2019-09-19 09:51:37,806 [pool-133-thread-1] INFO  ratis.ContainerStateMachine (ContainerStateMachine.java:loadSnapshot(226)) - group-9180AD28FD4F: The snapshot info is null. Setting the last applied indexto:(t:0, i:~)
2019-09-19 09:51:37,806 [pool-133-thread-1] INFO  server.RaftServerConfigKeys (ConfUtils.java:logGet(43)) - raft.server.leader.election.timeout = 120s (custom)
2019-09-19 09:51:37,806 [pool-133-thread-1] INFO  server.RaftServerConfigKeys (ConfUtils.java:logGet(43)) - raft.server.log.use.memory = false (default)
2019-09-19 09:51:37,806 [pool-133-thread-1] INFO  server.RaftServerConfigKeys (ConfUtils.java:logGet(43)) - raft.server.log.purge.gap = 1000000 (custom)
2019-09-19 09:51:37,806 [pool-133-thread-1] INFO  server.RaftServerConfigKeys (ConfUtils.java:logGet(43)) - raft.server.log.appender.buffer.byte-limit = 33554432 (custom)
2019-09-19 09:51:37,807 [pool-133-thread-1] INFO  server.RaftServerConfigKeys (ConfUtils.java:logGet(43)) - raft.server.log.segment.size.max = 1048576 (custom)
2019-09-19 09:51:37,807 [pool-133-thread-1] INFO  server.RaftServerConfigKeys (ConfUtils.java:logGet(43)) - raft.server.log.segment.cache.num.max = 2 (custom)
2019-09-19 09:51:37,807 [pool-133-thread-1] INFO  segmented.SegmentedRaftLogWorker (SegmentedRaftLogWorker.java:<init>(172)) - new a5e54086-a666-428b-be69-0deeb25a32eb-SegmentedRaftLogWorker:Storage Directory /workdir/hadoop-ozone/ozonefs/target/test-dir/MiniOzoneClusterImpl-2dcf7682-fd4a-4cc9-8c14-b1fdd7ae4a90/datanode-0/data/ratis/06cbc3d5-ad6c-4017-a469-9180ad28fd4f for RaftStorage:Storage Directory /workdir/hadoop-ozone/ozonefs/target/test-dir/MiniOzoneClusterImpl-2dcf7682-fd4a-4cc9-8c14-b1fdd7ae4a90/datanode-0/data/ratis/06cbc3d5-ad6c-4017-a469-9180ad28fd4f
2019-09-19 09:51:37,807 [pool-133-thread-1] INFO  server.RaftServerConfigKeys (ConfUtils.java:logGet(43)) - raft.server.log.queue.byte-limit = 2147483647 (custom)
2019-09-19 09:51:37,807 [pool-133-thread-1] INFO  server.RaftServerConfigKeys (ConfUtils.java:logGet(43)) - raft.server.log.queue.element-limit = 1024 (custom)
2019-09-19 09:51:37,807 [pool-133-thread-1] INFO  server.RaftServerConfigKeys (ConfUtils.java:logGet(43)) - raft.server.log.segment.size.max = 1048576 (custom)
2019-09-19 09:51:37,807 [pool-133-thread-1] INFO  server.RaftServerConfigKeys (ConfUtils.java:logGet(43)) - raft.server.log.preallocated.size = 16384 (custom)
2019-09-19 09:51:37,807 [pool-133-thread-1] INFO  server.RaftServerConfigKeys (ConfUtils.java:logGet(43)) - raft.server.log.write.buffer.size = 33554432 (custom)
2019-09-19 09:51:37,807 [pool-133-thread-1] INFO  server.RaftServerConfigKeys (ConfUtils.java:logGet(43)) - raft.server.log.force.sync.num = 128 (default)
2019-09-19 09:51:37,808 [pool-133-thread-1] INFO  server.RaftServerConfigKeys (ConfUtils.java:logGet(43)) - raft.server.log.statemachine.data.sync = true (default)
2019-09-19 09:51:37,808 [pool-133-thread-1] INFO  server.RaftServerConfigKeys (ConfUtils.java:logGet(43)) - raft.server.log.statemachine.data.sync.timeout = 10s (default)
2019-09-19 09:51:37,808 [pool-133-thread-1] INFO  server.RaftServerConfigKeys (ConfUtils.java:logGet(43)) - raft.server.log.statemachine.data.sync.timeout.retry = -1 (default)
2019-09-19 09:51:37,808 [pool-133-thread-1] INFO  server.RaftServerConfigKeys (ConfUtils.java:logGet(43)) - raft.server.log.statemachine.data.caching.enabled = true (custom)
2019-09-19 09:51:37,808 [pool-133-thread-1] INFO  segmented.SegmentedRaftLogWorker (SegmentedRaftLogWorker.java:lambda$new$0(132)) - a5e54086-a666-428b-be69-0deeb25a32eb-SegmentedRaftLogWorker:Storage Directory /workdir/hadoop-ozone/ozonefs/target/test-dir/MiniOzoneClusterImpl-2dcf7682-fd4a-4cc9-8c14-b1fdd7ae4a90/datanode-0/data/ratis/06cbc3d5-ad6c-4017-a469-9180ad28fd4f: flushIndex: setUnconditionally 0 -> -1
2019-09-19 09:51:37,809 [pool-133-thread-1] INFO  server.RaftServerConfigKeys (ConfUtils.java:logGet(43)) - raft.server.snapshot.auto.trigger.enabled = true (custom)
2019-09-19 09:51:37,809 [pool-133-thread-1] INFO  server.RaftServerConfigKeys (ConfUtils.java:logGet(43)) - raft.server.snapshot.auto.trigger.threshold = 10000 (custom)
2019-09-19 09:51:37,809 [pool-133-thread-1] INFO  server.RaftServerConfigKeys (ConfUtils.java:logGet(43)) - raft.server.retrycache.expirytime = 600000ms (custom)
2019-09-19 09:51:37,809 [pool-133-thread-1] INFO  impl.RaftServerImpl (RaftServerImpl.java:start(180)) - a5e54086-a666-428b-be69-0deeb25a32eb: start group-9180AD28FD4F
2019-09-19 09:51:37,809 [pool-133-thread-1] INFO  impl.RaftServerImpl (RaftServerImpl.java:setRole(171)) - a5e54086-a666-428b-be69-0deeb25a32eb:group-9180AD28FD4F changes role from null to FOLLOWER at term 0 for startAsFollower
2019-09-19 09:51:37,809 [pool-133-thread-1] INFO  impl.RoleInfo (RoleInfo.java:updateAndGet(143)) - a5e54086-a666-428b-be69-0deeb25a32eb: start FollowerState
2019-09-19 09:51:37,810 [pool-133-thread-1] INFO  util.JmxRegister (JmxRegister.java:tryRegister(44)) - Successfully registered JMX Bean with object name Ratis:service=RaftServer,group=group-9180AD28FD4F,id=a5e54086-a666-428b-be69-0deeb25a32eb
2019-09-19 09:51:37,814 [RatisPipelineUtilsThread] INFO  pipeline.PipelineStateManager (PipelineStateManager.java:addPipeline(56)) - Created pipeline Pipeline[ Id: 06cbc3d5-ad6c-4017-a469-9180ad28fd4f, Nodes: a5e54086-a666-428b-be69-0deeb25a32eb{ip: 192.168.34.5, host: pr-hdds-1569-j4bt4-3030777008, networkLocation: /default-rack, certSerialId: null}, Type:RATIS, Factor:ONE, State:OPEN]
2019-09-19 09:51:37,830 [grpc-default-executor-0] INFO  impl.RaftServerProxy (RaftServerProxy.java:addNew(89)) - a5e54086-a666-428b-be69-0deeb25a32eb: addNew group-9C6F823BDC5A:[a5e54086-a666-428b-be69-0deeb25a32eb:192.168.34.5:42285] returns group-9C6F823BDC5A:java.util.concurrent.CompletableFuture@73901fd7[Not completed]
2019-09-19 09:51:37,831 [pool-133-thread-1] INFO  impl.RaftServerImpl (RaftServerImpl.java:<init>(93)) - a5e54086-a666-428b-be69-0deeb25a32eb: new RaftServerImpl for group-9C6F823BDC5A:[a5e54086-a666-428b-be69-0deeb25a32eb:192.168.34.5:42285] with ContainerStateMachine:uninitialized
2019-09-19 09:51:37,831 [pool-133-thread-1] INFO  server.RaftServerConfigKeys (ConfUtils.java:logGet(43)) - raft.server.rpc.timeout.min = 5s (custom)
2019-09-19 09:51:37,831 [pool-133-thread-1] INFO  server.RaftServerConfigKeys (ConfUtils.java:logGet(43)) - raft.server.rpc.timeout.max = 5200ms (custom)
2019-09-19 09:51:37,831 [pool-133-thread-1] INFO  server.RaftServerConfigKeys (ConfUtils.java:logGet(43)) - raft.server.rpcslowness.timeout = 120s (custom)
2019-09-19 09:51:37,831 [pool-133-thread-1] INFO  server.RaftServerConfigKeys (ConfUtils.java:logGet(43)) - raft.server.sleep.deviation.threshold = 300 (default)
2019-09-19 09:51:37,832 [pool-133-thread-1] INFO  server.RaftServerConfigKeys (ConfUtils.java:logGet(43)) - raft.server.log.appender.install.snapshot.enabled = false (custom)
2019-09-19 09:51:37,832 [pool-133-thread-1] INFO  impl.RaftServerImpl (ServerState.java:<init>(105)) - a5e54086-a666-428b-be69-0deeb25a32eb:group-9C6F823BDC5A ConfigurationManager, init=-1: [a5e54086-a666-428b-be69-0deeb25a32eb:192.168.34.5:42285], old=null, confs=<EMPTY_MAP>
2019-09-19 09:51:37,832 [pool-133-thread-1] INFO  server.RaftServerConfigKeys (ConfUtils.java:logGet(43)) - raft.server.storage.dir = [/workdir/hadoop-ozone/ozonefs/target/test-dir/MiniOzoneClusterImpl-2dcf7682-fd4a-4cc9-8c14-b1fdd7ae4a90/datanode-0/data/ratis] (custom)
2019-09-19 09:51:37,832 [pool-133-thread-1] INFO  storage.RaftStorageDirectory (RaftStorageDirectory.java:analyzeStorage(246)) - The storage directory /workdir/hadoop-ozone/ozonefs/target/test-dir/MiniOzoneClusterImpl-2dcf7682-fd4a-4cc9-8c14-b1fdd7ae4a90/datanode-0/data/ratis/a640f05d-0d95-44aa-bec7-9c6f823bdc5a does not exist. Creating ...
2019-09-19 09:51:37,845 [pool-133-thread-1] INFO  storage.RaftStorageDirectory (RaftStorageDirectory.java:tryLock(328)) - Lock on /workdir/hadoop-ozone/ozonefs/target/test-dir/MiniOzoneClusterImpl-2dcf7682-fd4a-4cc9-8c14-b1fdd7ae4a90/datanode-0/data/ratis/a640f05d-0d95-44aa-bec7-9c6f823bdc5a/in_use.lock acquired by nodename 9507@pr-hdds-1569-j4bt4-3030777008
2019-09-19 09:51:37,857 [pool-133-thread-1] INFO  storage.RaftStorage (RaftStorage.java:format(72)) - Storage directory /workdir/hadoop-ozone/ozonefs/target/test-dir/MiniOzoneClusterImpl-2dcf7682-fd4a-4cc9-8c14-b1fdd7ae4a90/datanode-0/data/ratis/a640f05d-0d95-44aa-bec7-9c6f823bdc5a has been successfully formatted.
2019-09-19 09:51:37,858 [pool-133-thread-1] INFO  ratis.ContainerStateMachine (ContainerStateMachine.java:loadSnapshot(226)) - group-9C6F823BDC5A: The snapshot info is null. Setting the last applied indexto:(t:0, i:~)
2019-09-19 09:51:37,858 [pool-133-thread-1] INFO  server.RaftServerConfigKeys (ConfUtils.java:logGet(43)) - raft.server.leader.election.timeout = 120s (custom)
2019-09-19 09:51:37,858 [pool-133-thread-1] INFO  server.RaftServerConfigKeys (ConfUtils.java:logGet(43)) - raft.server.log.use.memory = false (default)
2019-09-19 09:51:37,858 [pool-133-thread-1] INFO  server.RaftServerConfigKeys (ConfUtils.java:logGet(43)) - raft.server.log.purge.gap = 1000000 (custom)
2019-09-19 09:51:37,858 [pool-133-thread-1] INFO  server.RaftServerConfigKeys (ConfUtils.java:logGet(43)) - raft.server.log.appender.buffer.byte-limit = 33554432 (custom)
2019-09-19 09:51:37,858 [pool-133-thread-1] INFO  server.RaftServerConfigKeys (ConfUtils.java:logGet(43)) - raft.server.log.segment.size.max = 1048576 (custom)
2019-09-19 09:51:37,858 [pool-133-thread-1] INFO  server.RaftServerConfigKeys (ConfUtils.java:logGet(43)) - raft.server.log.segment.cache.num.max = 2 (custom)
2019-09-19 09:51:37,858 [pool-133-thread-1] INFO  segmented.SegmentedRaftLogWorker (SegmentedRaftLogWorker.java:<init>(172)) - new a5e54086-a666-428b-be69-0deeb25a32eb-SegmentedRaftLogWorker:Storage Directory /workdir/hadoop-ozone/ozonefs/target/test-dir/MiniOzoneClusterImpl-2dcf7682-fd4a-4cc9-8c14-b1fdd7ae4a90/datanode-0/data/ratis/a640f05d-0d95-44aa-bec7-9c6f823bdc5a for RaftStorage:Storage Directory /workdir/hadoop-ozone/ozonefs/target/test-dir/MiniOzoneClusterImpl-2dcf7682-fd4a-4cc9-8c14-b1fdd7ae4a90/datanode-0/data/ratis/a640f05d-0d95-44aa-bec7-9c6f823bdc5a
2019-09-19 09:51:37,859 [pool-133-thread-1] INFO  server.RaftServerConfigKeys (ConfUtils.java:logGet(43)) - raft.server.log.queue.byte-limit = 2147483647 (custom)
2019-09-19 09:51:37,859 [pool-133-thread-1] INFO  server.RaftServerConfigKeys (ConfUtils.java:logGet(43)) - raft.server.log.queue.element-limit = 1024 (custom)
2019-09-19 09:51:37,859 [pool-133-thread-1] INFO  server.RaftServerConfigKeys (ConfUtils.java:logGet(43)) - raft.server.log.segment.size.max = 1048576 (custom)
2019-09-19 09:51:37,859 [pool-133-thread-1] INFO  server.RaftServerConfigKeys (ConfUtils.java:logGet(43)) - raft.server.log.preallocated.size = 16384 (custom)
2019-09-19 09:51:37,859 [pool-133-thread-1] INFO  server.RaftServerConfigKeys (ConfUtils.java:logGet(43)) - raft.server.log.write.buffer.size = 33554432 (custom)
2019-09-19 09:51:37,859 [pool-133-thread-1] INFO  server.RaftServerConfigKeys (ConfUtils.java:logGet(43)) - raft.server.log.force.sync.num = 128 (default)
2019-09-19 09:51:37,859 [pool-133-thread-1] INFO  server.RaftServerConfigKeys (ConfUtils.java:logGet(43)) - raft.server.log.statemachine.data.sync = true (default)
2019-09-19 09:51:37,859 [pool-133-thread-1] INFO  server.RaftServerConfigKeys (ConfUtils.java:logGet(43)) - raft.server.log.statemachine.data.sync.timeout = 10s (default)
2019-09-19 09:51:37,859 [pool-133-thread-1] INFO  server.RaftServerConfigKeys (ConfUtils.java:logGet(43)) - raft.server.log.statemachine.data.sync.timeout.retry = -1 (default)
2019-09-19 09:51:37,860 [pool-133-thread-1] INFO  server.RaftServerConfigKeys (ConfUtils.java:logGet(43)) - raft.server.log.statemachine.data.caching.enabled = true (custom)
2019-09-19 09:51:37,860 [pool-133-thread-1] INFO  segmented.SegmentedRaftLogWorker (SegmentedRaftLogWorker.java:lambda$new$0(132)) - a5e54086-a666-428b-be69-0deeb25a32eb-SegmentedRaftLogWorker:Storage Directory /workdir/hadoop-ozone/ozonefs/target/test-dir/MiniOzoneClusterImpl-2dcf7682-fd4a-4cc9-8c14-b1fdd7ae4a90/datanode-0/data/ratis/a640f05d-0d95-44aa-bec7-9c6f823bdc5a: flushIndex: setUnconditionally 0 -> -1
2019-09-19 09:51:37,860 [pool-133-thread-1] INFO  server.RaftServerConfigKeys (ConfUtils.java:logGet(43)) - raft.server.snapshot.auto.trigger.enabled = true (custom)
2019-09-19 09:51:37,860 [pool-133-thread-1] INFO  server.RaftServerConfigKeys (ConfUtils.java:logGet(43)) - raft.server.snapshot.auto.trigger.threshold = 10000 (custom)
2019-09-19 09:51:37,861 [pool-133-thread-1] INFO  server.RaftServerConfigKeys (ConfUtils.java:logGet(43)) - raft.server.retrycache.expirytime = 600000ms (custom)
2019-09-19 09:51:37,861 [pool-133-thread-1] INFO  impl.RaftServerImpl (RaftServerImpl.java:start(180)) - a5e54086-a666-428b-be69-0deeb25a32eb: start group-9C6F823BDC5A
2019-09-19 09:51:37,861 [pool-133-thread-1] INFO  impl.RaftServerImpl (RaftServerImpl.java:setRole(171)) - a5e54086-a666-428b-be69-0deeb25a32eb:group-9C6F823BDC5A changes role from null to FOLLOWER at term 0 for startAsFollower
2019-09-19 09:51:37,861 [pool-133-thread-1] INFO  impl.RoleInfo (RoleInfo.java:updateAndGet(143)) - a5e54086-a666-428b-be69-0deeb25a32eb: start FollowerState
2019-09-19 09:51:37,866 [pool-133-thread-1] INFO  util.JmxRegister (JmxRegister.java:tryRegister(44)) - Successfully registered JMX Bean with object name Ratis:service=RaftServer,group=group-9C6F823BDC5A,id=a5e54086-a666-428b-be69-0deeb25a32eb
2019-09-19 09:51:37,877 [RatisPipelineUtilsThread] INFO  pipeline.PipelineStateManager (PipelineStateManager.java:addPipeline(56)) - Created pipeline Pipeline[ Id: a640f05d-0d95-44aa-bec7-9c6f823bdc5a, Nodes: a5e54086-a666-428b-be69-0deeb25a32eb{ip: 192.168.34.5, host: pr-hdds-1569-j4bt4-3030777008, networkLocation: /default-rack, certSerialId: null}, Type:RATIS, Factor:ONE, State:OPEN]
2019-09-19 09:51:37,877 [IPC Server handler 0 on 39690] INFO  net.NetworkTopology (NetworkTopologyImpl.java:add(110)) - Added a new node: /default-rack/bd940396-f9cb-4ba3-97ee-27fe4877910e
2019-09-19 09:51:37,878 [IPC Server handler 0 on 39690] INFO  node.SCMNodeManager (SCMNodeManager.java:register(273)) - Registered Data node : bd940396-f9cb-4ba3-97ee-27fe4877910e{ip: 192.168.34.5, host: pr-hdds-1569-j4bt4-3030777008, networkLocation: /default-rack, certSerialId: null}
2019-09-19 09:51:37,878 | INFO  | SCMAudit | user=jenkins1000 | ip=192.168.34.5 | op=REGISTER {datanodeDetails=bd940396-f9cb-4ba3-97ee-27fe4877910e{ip: 192.168.34.5, host: pr-hdds-1569-j4bt4-3030777008, networkLocation: /default-rack, certSerialId: null}} | ret=SUCCESS |  
2019-09-19 09:51:37,884 [grpc-default-executor-0] INFO  impl.RaftServerProxy (RaftServerProxy.java:addNew(89)) - a5e54086-a666-428b-be69-0deeb25a32eb: addNew group-472FA9CABE5A:[a5e54086-a666-428b-be69-0deeb25a32eb:192.168.34.5:42285] returns group-472FA9CABE5A:java.util.concurrent.CompletableFuture@1b66c826[Not completed]
2019-09-19 09:51:37,885 [pool-133-thread-1] INFO  impl.RaftServerImpl (RaftServerImpl.java:<init>(93)) - a5e54086-a666-428b-be69-0deeb25a32eb: new RaftServerImpl for group-472FA9CABE5A:[a5e54086-a666-428b-be69-0deeb25a32eb:192.168.34.5:42285] with ContainerStateMachine:uninitialized
2019-09-19 09:51:37,886 [pool-133-thread-1] INFO  server.RaftServerConfigKeys (ConfUtils.java:logGet(43)) - raft.server.rpc.timeout.min = 5s (custom)
2019-09-19 09:51:37,886 [pool-133-thread-1] INFO  server.RaftServerConfigKeys (ConfUtils.java:logGet(43)) - raft.server.rpc.timeout.max = 5200ms (custom)
2019-09-19 09:51:37,886 [pool-133-thread-1] INFO  server.RaftServerConfigKeys (ConfUtils.java:logGet(43)) - raft.server.rpcslowness.timeout = 120s (custom)
2019-09-19 09:51:37,886 [pool-133-thread-1] INFO  server.RaftServerConfigKeys (ConfUtils.java:logGet(43)) - raft.server.sleep.deviation.threshold = 300 (default)
2019-09-19 09:51:37,886 [pool-133-thread-1] INFO  server.RaftServerConfigKeys (ConfUtils.java:logGet(43)) - raft.server.log.appender.install.snapshot.enabled = false (custom)
2019-09-19 09:51:37,886 [pool-133-thread-1] INFO  impl.RaftServerImpl (ServerState.java:<init>(105)) - a5e54086-a666-428b-be69-0deeb25a32eb:group-472FA9CABE5A ConfigurationManager, init=-1: [a5e54086-a666-428b-be69-0deeb25a32eb:192.168.34.5:42285], old=null, confs=<EMPTY_MAP>
2019-09-19 09:51:37,886 [pool-133-thread-1] INFO  server.RaftServerConfigKeys (ConfUtils.java:logGet(43)) - raft.server.storage.dir = [/workdir/hadoop-ozone/ozonefs/target/test-dir/MiniOzoneClusterImpl-2dcf7682-fd4a-4cc9-8c14-b1fdd7ae4a90/datanode-0/data/ratis] (custom)
2019-09-19 09:51:37,887 [pool-133-thread-1] INFO  storage.RaftStorageDirectory (RaftStorageDirectory.java:analyzeStorage(246)) - The storage directory /workdir/hadoop-ozone/ozonefs/target/test-dir/MiniOzoneClusterImpl-2dcf7682-fd4a-4cc9-8c14-b1fdd7ae4a90/datanode-0/data/ratis/7c566131-15f8-4208-9832-472fa9cabe5a does not exist. Creating ...
2019-09-19 09:51:37,899 [pool-133-thread-1] INFO  storage.RaftStorageDirectory (RaftStorageDirectory.java:tryLock(328)) - Lock on /workdir/hadoop-ozone/ozonefs/target/test-dir/MiniOzoneClusterImpl-2dcf7682-fd4a-4cc9-8c14-b1fdd7ae4a90/datanode-0/data/ratis/7c566131-15f8-4208-9832-472fa9cabe5a/in_use.lock acquired by nodename 9507@pr-hdds-1569-j4bt4-3030777008
2019-09-19 09:51:37,902 [pool-133-thread-1] INFO  storage.RaftStorage (RaftStorage.java:format(72)) - Storage directory /workdir/hadoop-ozone/ozonefs/target/test-dir/MiniOzoneClusterImpl-2dcf7682-fd4a-4cc9-8c14-b1fdd7ae4a90/datanode-0/data/ratis/7c566131-15f8-4208-9832-472fa9cabe5a has been successfully formatted.
2019-09-19 09:51:37,902 [pool-133-thread-1] INFO  ratis.ContainerStateMachine (ContainerStateMachine.java:loadSnapshot(226)) - group-472FA9CABE5A: The snapshot info is null. Setting the last applied indexto:(t:0, i:~)
2019-09-19 09:51:37,903 [pool-133-thread-1] INFO  server.RaftServerConfigKeys (ConfUtils.java:logGet(43)) - raft.server.leader.election.timeout = 120s (custom)
2019-09-19 09:51:37,903 [pool-133-thread-1] INFO  server.RaftServerConfigKeys (ConfUtils.java:logGet(43)) - raft.server.log.use.memory = false (default)
2019-09-19 09:51:37,903 [pool-133-thread-1] INFO  server.RaftServerConfigKeys (ConfUtils.java:logGet(43)) - raft.server.log.purge.gap = 1000000 (custom)
2019-09-19 09:51:37,903 [pool-133-thread-1] INFO  server.RaftServerConfigKeys (ConfUtils.java:logGet(43)) - raft.server.log.appender.buffer.byte-limit = 33554432 (custom)
2019-09-19 09:51:37,903 [pool-133-thread-1] INFO  server.RaftServerConfigKeys (ConfUtils.java:logGet(43)) - raft.server.log.segment.size.max = 1048576 (custom)
2019-09-19 09:51:37,903 [pool-133-thread-1] INFO  server.RaftServerConfigKeys (ConfUtils.java:logGet(43)) - raft.server.log.segment.cache.num.max = 2 (custom)
2019-09-19 09:51:37,903 [pool-133-thread-1] INFO  segmented.SegmentedRaftLogWorker (SegmentedRaftLogWorker.java:<init>(172)) - new a5e54086-a666-428b-be69-0deeb25a32eb-SegmentedRaftLogWorker:Storage Directory /workdir/hadoop-ozone/ozonefs/target/test-dir/MiniOzoneClusterImpl-2dcf7682-fd4a-4cc9-8c14-b1fdd7ae4a90/datanode-0/data/ratis/7c566131-15f8-4208-9832-472fa9cabe5a for RaftStorage:Storage Directory /workdir/hadoop-ozone/ozonefs/target/test-dir/MiniOzoneClusterImpl-2dcf7682-fd4a-4cc9-8c14-b1fdd7ae4a90/datanode-0/data/ratis/7c566131-15f8-4208-9832-472fa9cabe5a
2019-09-19 09:51:37,903 [pool-133-thread-1] INFO  server.RaftServerConfigKeys (ConfUtils.java:logGet(43)) - raft.server.log.queue.byte-limit = 2147483647 (custom)
2019-09-19 09:51:37,904 [pool-133-thread-1] INFO  server.RaftServerConfigKeys (ConfUtils.java:logGet(43)) - raft.server.log.queue.element-limit = 1024 (custom)
2019-09-19 09:51:37,904 [pool-133-thread-1] INFO  server.RaftServerConfigKeys (ConfUtils.java:logGet(43)) - raft.server.log.segment.size.max = 1048576 (custom)
2019-09-19 09:51:37,904 [pool-133-thread-1] INFO  server.RaftServerConfigKeys (ConfUtils.java:logGet(43)) - raft.server.log.preallocated.size = 16384 (custom)
2019-09-19 09:51:37,904 [pool-133-thread-1] INFO  server.RaftServerConfigKeys (ConfUtils.java:logGet(43)) - raft.server.log.write.buffer.size = 33554432 (custom)
2019-09-19 09:51:37,904 [pool-133-thread-1] INFO  server.RaftServerConfigKeys (ConfUtils.java:logGet(43)) - raft.server.log.force.sync.num = 128 (default)
2019-09-19 09:51:37,904 [pool-133-thread-1] INFO  server.RaftServerConfigKeys (ConfUtils.java:logGet(43)) - raft.server.log.statemachine.data.sync = true (default)
2019-09-19 09:51:37,904 [pool-133-thread-1] INFO  server.RaftServerConfigKeys (ConfUtils.java:logGet(43)) - raft.server.log.statemachine.data.sync.timeout = 10s (default)
2019-09-19 09:51:37,904 [pool-133-thread-1] INFO  server.RaftServerConfigKeys (ConfUtils.java:logGet(43)) - raft.server.log.statemachine.data.sync.timeout.retry = -1 (default)
2019-09-19 09:51:37,905 [pool-133-thread-1] INFO  server.RaftServerConfigKeys (ConfUtils.java:logGet(43)) - raft.server.log.statemachine.data.caching.enabled = true (custom)
2019-09-19 09:51:37,905 [pool-133-thread-1] INFO  segmented.SegmentedRaftLogWorker (SegmentedRaftLogWorker.java:lambda$new$0(132)) - a5e54086-a666-428b-be69-0deeb25a32eb-SegmentedRaftLogWorker:Storage Directory /workdir/hadoop-ozone/ozonefs/target/test-dir/MiniOzoneClusterImpl-2dcf7682-fd4a-4cc9-8c14-b1fdd7ae4a90/datanode-0/data/ratis/7c566131-15f8-4208-9832-472fa9cabe5a: flushIndex: setUnconditionally 0 -> -1
2019-09-19 09:51:37,905 [pool-133-thread-1] INFO  server.RaftServerConfigKeys (ConfUtils.java:logGet(43)) - raft.server.snapshot.auto.trigger.enabled = true (custom)
2019-09-19 09:51:37,905 [pool-133-thread-1] INFO  server.RaftServerConfigKeys (ConfUtils.java:logGet(43)) - raft.server.snapshot.auto.trigger.threshold = 10000 (custom)
2019-09-19 09:51:37,906 [pool-133-thread-1] INFO  server.RaftServerConfigKeys (ConfUtils.java:logGet(43)) - raft.server.retrycache.expirytime = 600000ms (custom)
2019-09-19 09:51:37,906 [pool-133-thread-1] INFO  impl.RaftServerImpl (RaftServerImpl.java:start(180)) - a5e54086-a666-428b-be69-0deeb25a32eb: start group-472FA9CABE5A
2019-09-19 09:51:37,906 [pool-133-thread-1] INFO  impl.RaftServerImpl (RaftServerImpl.java:setRole(171)) - a5e54086-a666-428b-be69-0deeb25a32eb:group-472FA9CABE5A changes role from null to FOLLOWER at term 0 for startAsFollower
2019-09-19 09:51:37,906 [pool-133-thread-1] INFO  impl.RoleInfo (RoleInfo.java:updateAndGet(143)) - a5e54086-a666-428b-be69-0deeb25a32eb: start FollowerState
2019-09-19 09:51:37,906 [pool-133-thread-1] INFO  util.JmxRegister (JmxRegister.java:tryRegister(44)) - Successfully registered JMX Bean with object name Ratis:service=RaftServer,group=group-472FA9CABE5A,id=a5e54086-a666-428b-be69-0deeb25a32eb
2019-09-19 09:51:37,910 [RatisPipelineUtilsThread] INFO  pipeline.PipelineStateManager (PipelineStateManager.java:addPipeline(56)) - Created pipeline Pipeline[ Id: 7c566131-15f8-4208-9832-472fa9cabe5a, Nodes: a5e54086-a666-428b-be69-0deeb25a32eb{ip: 192.168.34.5, host: pr-hdds-1569-j4bt4-3030777008, networkLocation: /default-rack, certSerialId: null}, Type:RATIS, Factor:ONE, State:OPEN]
2019-09-19 09:51:37,915 [grpc-default-executor-0] INFO  impl.RaftServerProxy (RaftServerProxy.java:addNew(89)) - a5e54086-a666-428b-be69-0deeb25a32eb: addNew group-DE3AD0CFA55B:[a5e54086-a666-428b-be69-0deeb25a32eb:192.168.34.5:42285] returns group-DE3AD0CFA55B:java.util.concurrent.CompletableFuture@7dfe75e5[Not completed]
2019-09-19 09:51:37,916 [pool-133-thread-1] INFO  impl.RaftServerImpl (RaftServerImpl.java:<init>(93)) - a5e54086-a666-428b-be69-0deeb25a32eb: new RaftServerImpl for group-DE3AD0CFA55B:[a5e54086-a666-428b-be69-0deeb25a32eb:192.168.34.5:42285] with ContainerStateMachine:uninitialized
2019-09-19 09:51:37,917 [pool-133-thread-1] INFO  server.RaftServerConfigKeys (ConfUtils.java:logGet(43)) - raft.server.rpc.timeout.min = 5s (custom)
2019-09-19 09:51:37,917 [pool-133-thread-1] INFO  server.RaftServerConfigKeys (ConfUtils.java:logGet(43)) - raft.server.rpc.timeout.max = 5200ms (custom)
2019-09-19 09:51:37,917 [pool-133-thread-1] INFO  server.RaftServerConfigKeys (ConfUtils.java:logGet(43)) - raft.server.rpcslowness.timeout = 120s (custom)
2019-09-19 09:51:37,917 [pool-133-thread-1] INFO  server.RaftServerConfigKeys (ConfUtils.java:logGet(43)) - raft.server.sleep.deviation.threshold = 300 (default)
2019-09-19 09:51:37,917 [pool-133-thread-1] INFO  server.RaftServerConfigKeys (ConfUtils.java:logGet(43)) - raft.server.log.appender.install.snapshot.enabled = false (custom)
2019-09-19 09:51:37,917 [pool-133-thread-1] INFO  impl.RaftServerImpl (ServerState.java:<init>(105)) - a5e54086-a666-428b-be69-0deeb25a32eb:group-DE3AD0CFA55B ConfigurationManager, init=-1: [a5e54086-a666-428b-be69-0deeb25a32eb:192.168.34.5:42285], old=null, confs=<EMPTY_MAP>
2019-09-19 09:51:37,917 [pool-133-thread-1] INFO  server.RaftServerConfigKeys (ConfUtils.java:logGet(43)) - raft.server.storage.dir = [/workdir/hadoop-ozone/ozonefs/target/test-dir/MiniOzoneClusterImpl-2dcf7682-fd4a-4cc9-8c14-b1fdd7ae4a90/datanode-0/data/ratis] (custom)
2019-09-19 09:51:37,918 [pool-133-thread-1] INFO  storage.RaftStorageDirectory (RaftStorageDirectory.java:analyzeStorage(246)) - The storage directory /workdir/hadoop-ozone/ozonefs/target/test-dir/MiniOzoneClusterImpl-2dcf7682-fd4a-4cc9-8c14-b1fdd7ae4a90/datanode-0/data/ratis/1ed672b5-d293-4528-b7ef-de3ad0cfa55b does not exist. Creating ...
2019-09-19 09:51:37,920 [pool-133-thread-1] INFO  storage.RaftStorageDirectory (RaftStorageDirectory.java:tryLock(328)) - Lock on /workdir/hadoop-ozone/ozonefs/target/test-dir/MiniOzoneClusterImpl-2dcf7682-fd4a-4cc9-8c14-b1fdd7ae4a90/datanode-0/data/ratis/1ed672b5-d293-4528-b7ef-de3ad0cfa55b/in_use.lock acquired by nodename 9507@pr-hdds-1569-j4bt4-3030777008
2019-09-19 09:51:37,924 [pool-133-thread-1] INFO  storage.RaftStorage (RaftStorage.java:format(72)) - Storage directory /workdir/hadoop-ozone/ozonefs/target/test-dir/MiniOzoneClusterImpl-2dcf7682-fd4a-4cc9-8c14-b1fdd7ae4a90/datanode-0/data/ratis/1ed672b5-d293-4528-b7ef-de3ad0cfa55b has been successfully formatted.
2019-09-19 09:51:37,924 [pool-133-thread-1] INFO  ratis.ContainerStateMachine (ContainerStateMachine.java:loadSnapshot(226)) - group-DE3AD0CFA55B: The snapshot info is null. Setting the last applied indexto:(t:0, i:~)
2019-09-19 09:51:37,924 [pool-133-thread-1] INFO  server.RaftServerConfigKeys (ConfUtils.java:logGet(43)) - raft.server.leader.election.timeout = 120s (custom)
2019-09-19 09:51:37,924 [pool-133-thread-1] INFO  server.RaftServerConfigKeys (ConfUtils.java:logGet(43)) - raft.server.log.use.memory = false (default)
2019-09-19 09:51:37,924 [pool-133-thread-1] INFO  server.RaftServerConfigKeys (ConfUtils.java:logGet(43)) - raft.server.log.purge.gap = 1000000 (custom)
2019-09-19 09:51:37,924 [pool-133-thread-1] INFO  server.RaftServerConfigKeys (ConfUtils.java:logGet(43)) - raft.server.log.appender.buffer.byte-limit = 33554432 (custom)
2019-09-19 09:51:37,925 [pool-133-thread-1] INFO  server.RaftServerConfigKeys (ConfUtils.java:logGet(43)) - raft.server.log.segment.size.max = 1048576 (custom)
2019-09-19 09:51:37,925 [pool-133-thread-1] INFO  server.RaftServerConfigKeys (ConfUtils.java:logGet(43)) - raft.server.log.segment.cache.num.max = 2 (custom)
2019-09-19 09:51:37,925 [pool-133-thread-1] INFO  segmented.SegmentedRaftLogWorker (SegmentedRaftLogWorker.java:<init>(172)) - new a5e54086-a666-428b-be69-0deeb25a32eb-SegmentedRaftLogWorker:Storage Directory /workdir/hadoop-ozone/ozonefs/target/test-dir/MiniOzoneClusterImpl-2dcf7682-fd4a-4cc9-8c14-b1fdd7ae4a90/datanode-0/data/ratis/1ed672b5-d293-4528-b7ef-de3ad0cfa55b for RaftStorage:Storage Directory /workdir/hadoop-ozone/ozonefs/target/test-dir/MiniOzoneClusterImpl-2dcf7682-fd4a-4cc9-8c14-b1fdd7ae4a90/datanode-0/data/ratis/1ed672b5-d293-4528-b7ef-de3ad0cfa55b
2019-09-19 09:51:37,925 [pool-133-thread-1] INFO  server.RaftServerConfigKeys (ConfUtils.java:logGet(43)) - raft.server.log.queue.byte-limit = 2147483647 (custom)
2019-09-19 09:51:37,925 [pool-133-thread-1] INFO  server.RaftServerConfigKeys (ConfUtils.java:logGet(43)) - raft.server.log.queue.element-limit = 1024 (custom)
2019-09-19 09:51:37,925 [pool-133-thread-1] INFO  server.RaftServerConfigKeys (ConfUtils.java:logGet(43)) - raft.server.log.segment.size.max = 1048576 (custom)
2019-09-19 09:51:37,925 [pool-133-thread-1] INFO  server.RaftServerConfigKeys (ConfUtils.java:logGet(43)) - raft.server.log.preallocated.size = 16384 (custom)
2019-09-19 09:51:37,925 [pool-133-thread-1] INFO  server.RaftServerConfigKeys (ConfUtils.java:logGet(43)) - raft.server.log.write.buffer.size = 33554432 (custom)
2019-09-19 09:51:37,926 [pool-133-thread-1] INFO  server.RaftServerConfigKeys (ConfUtils.java:logGet(43)) - raft.server.log.force.sync.num = 128 (default)
2019-09-19 09:51:37,926 [pool-133-thread-1] INFO  server.RaftServerConfigKeys (ConfUtils.java:logGet(43)) - raft.server.log.statemachine.data.sync = true (default)
2019-09-19 09:51:37,926 [pool-133-thread-1] INFO  server.RaftServerConfigKeys (ConfUtils.java:logGet(43)) - raft.server.log.statemachine.data.sync.timeout = 10s (default)
2019-09-19 09:51:37,926 [pool-133-thread-1] INFO  server.RaftServerConfigKeys (ConfUtils.java:logGet(43)) - raft.server.log.statemachine.data.sync.timeout.retry = -1 (default)
2019-09-19 09:51:37,926 [pool-133-thread-1] INFO  server.RaftServerConfigKeys (ConfUtils.java:logGet(43)) - raft.server.log.statemachine.data.caching.enabled = true (custom)
2019-09-19 09:51:37,926 [pool-133-thread-1] INFO  segmented.SegmentedRaftLogWorker (SegmentedRaftLogWorker.java:lambda$new$0(132)) - a5e54086-a666-428b-be69-0deeb25a32eb-SegmentedRaftLogWorker:Storage Directory /workdir/hadoop-ozone/ozonefs/target/test-dir/MiniOzoneClusterImpl-2dcf7682-fd4a-4cc9-8c14-b1fdd7ae4a90/datanode-0/data/ratis/1ed672b5-d293-4528-b7ef-de3ad0cfa55b: flushIndex: setUnconditionally 0 -> -1
2019-09-19 09:51:37,927 [pool-133-thread-1] INFO  server.RaftServerConfigKeys (ConfUtils.java:logGet(43)) - raft.server.snapshot.auto.trigger.enabled = true (custom)
2019-09-19 09:51:37,927 [pool-133-thread-1] INFO  server.RaftServerConfigKeys (ConfUtils.java:logGet(43)) - raft.server.snapshot.auto.trigger.threshold = 10000 (custom)
2019-09-19 09:51:37,927 [pool-133-thread-1] INFO  server.RaftServerConfigKeys (ConfUtils.java:logGet(43)) - raft.server.retrycache.expirytime = 600000ms (custom)
2019-09-19 09:51:37,927 [pool-133-thread-1] INFO  impl.RaftServerImpl (RaftServerImpl.java:start(180)) - a5e54086-a666-428b-be69-0deeb25a32eb: start group-DE3AD0CFA55B
2019-09-19 09:51:37,927 [pool-133-thread-1] INFO  impl.RaftServerImpl (RaftServerImpl.java:setRole(171)) - a5e54086-a666-428b-be69-0deeb25a32eb:group-DE3AD0CFA55B changes role from null to FOLLOWER at term 0 for startAsFollower
2019-09-19 09:51:37,927 [pool-133-thread-1] INFO  impl.RoleInfo (RoleInfo.java:updateAndGet(143)) - a5e54086-a666-428b-be69-0deeb25a32eb: start FollowerState
2019-09-19 09:51:37,928 [pool-133-thread-1] INFO  util.JmxRegister (JmxRegister.java:tryRegister(44)) - Successfully registered JMX Bean with object name Ratis:service=RaftServer,group=group-DE3AD0CFA55B,id=a5e54086-a666-428b-be69-0deeb25a32eb
2019-09-19 09:51:37,930 [RatisPipelineUtilsThread] INFO  pipeline.PipelineStateManager (PipelineStateManager.java:addPipeline(56)) - Created pipeline Pipeline[ Id: 1ed672b5-d293-4528-b7ef-de3ad0cfa55b, Nodes: a5e54086-a666-428b-be69-0deeb25a32eb{ip: 192.168.34.5, host: pr-hdds-1569-j4bt4-3030777008, networkLocation: /default-rack, certSerialId: null}, Type:RATIS, Factor:ONE, State:OPEN]
2019-09-19 09:51:37,931 [RatisPipelineUtilsThread] ERROR pipeline.PipelinePlacementPolicy (PipelinePlacementPolicy.java:meetCriteria(91)) - Pipeline Placement: Doesn't meet the criteria to be viable node. Heaviness: 6
2019-09-19 09:51:37,939 [grpc-default-executor-0] INFO  impl.RaftServerProxy (RaftServerProxy.java:addNew(89)) - bd940396-f9cb-4ba3-97ee-27fe4877910e: addNew group-B4E3771EA957:[bd940396-f9cb-4ba3-97ee-27fe4877910e:192.168.34.5:39207] returns group-B4E3771EA957:java.util.concurrent.CompletableFuture@4b9894cc[Not completed]
2019-09-19 09:51:37,940 [pool-144-thread-1] INFO  impl.RaftServerImpl (RaftServerImpl.java:<init>(93)) - bd940396-f9cb-4ba3-97ee-27fe4877910e: new RaftServerImpl for group-B4E3771EA957:[bd940396-f9cb-4ba3-97ee-27fe4877910e:192.168.34.5:39207] with ContainerStateMachine:uninitialized
2019-09-19 09:51:37,941 [pool-144-thread-1] INFO  server.RaftServerConfigKeys (ConfUtils.java:logGet(43)) - raft.server.rpc.timeout.min = 5s (custom)
2019-09-19 09:51:37,941 [pool-144-thread-1] INFO  server.RaftServerConfigKeys (ConfUtils.java:logGet(43)) - raft.server.rpc.timeout.max = 5200ms (custom)
2019-09-19 09:51:37,941 [pool-144-thread-1] INFO  server.RaftServerConfigKeys (ConfUtils.java:logGet(43)) - raft.server.rpcslowness.timeout = 120s (custom)
2019-09-19 09:51:37,941 [pool-144-thread-1] INFO  server.RaftServerConfigKeys (ConfUtils.java:logGet(43)) - raft.server.sleep.deviation.threshold = 300 (default)
2019-09-19 09:51:37,941 [pool-144-thread-1] INFO  server.RaftServerConfigKeys (ConfUtils.java:logGet(43)) - raft.server.log.appender.install.snapshot.enabled = false (custom)
2019-09-19 09:51:37,941 [pool-144-thread-1] INFO  impl.RaftServerImpl (ServerState.java:<init>(105)) - bd940396-f9cb-4ba3-97ee-27fe4877910e:group-B4E3771EA957 ConfigurationManager, init=-1: [bd940396-f9cb-4ba3-97ee-27fe4877910e:192.168.34.5:39207], old=null, confs=<EMPTY_MAP>
2019-09-19 09:51:37,941 [pool-144-thread-1] INFO  server.RaftServerConfigKeys (ConfUtils.java:logGet(43)) - raft.server.storage.dir = [/workdir/hadoop-ozone/ozonefs/target/test-dir/MiniOzoneClusterImpl-2dcf7682-fd4a-4cc9-8c14-b1fdd7ae4a90/datanode-1/data/ratis] (custom)
2019-09-19 09:51:37,942 [pool-144-thread-1] INFO  storage.RaftStorageDirectory (RaftStorageDirectory.java:analyzeStorage(246)) - The storage directory /workdir/hadoop-ozone/ozonefs/target/test-dir/MiniOzoneClusterImpl-2dcf7682-fd4a-4cc9-8c14-b1fdd7ae4a90/datanode-1/data/ratis/4cd9d666-6a42-42a9-a399-b4e3771ea957 does not exist. Creating ...
2019-09-19 09:51:37,945 [pool-144-thread-1] INFO  storage.RaftStorageDirectory (RaftStorageDirectory.java:tryLock(328)) - Lock on /workdir/hadoop-ozone/ozonefs/target/test-dir/MiniOzoneClusterImpl-2dcf7682-fd4a-4cc9-8c14-b1fdd7ae4a90/datanode-1/data/ratis/4cd9d666-6a42-42a9-a399-b4e3771ea957/in_use.lock acquired by nodename 9507@pr-hdds-1569-j4bt4-3030777008
2019-09-19 09:51:37,967 [pool-144-thread-1] INFO  storage.RaftStorage (RaftStorage.java:format(72)) - Storage directory /workdir/hadoop-ozone/ozonefs/target/test-dir/MiniOzoneClusterImpl-2dcf7682-fd4a-4cc9-8c14-b1fdd7ae4a90/datanode-1/data/ratis/4cd9d666-6a42-42a9-a399-b4e3771ea957 has been successfully formatted.
2019-09-19 09:51:37,968 [pool-144-thread-1] INFO  ratis.ContainerStateMachine (ContainerStateMachine.java:loadSnapshot(226)) - group-B4E3771EA957: The snapshot info is null. Setting the last applied indexto:(t:0, i:~)
2019-09-19 09:51:37,968 [pool-144-thread-1] INFO  server.RaftServerConfigKeys (ConfUtils.java:logGet(43)) - raft.server.leader.election.timeout = 120s (custom)
2019-09-19 09:51:37,968 [pool-144-thread-1] INFO  server.RaftServerConfigKeys (ConfUtils.java:logGet(43)) - raft.server.log.use.memory = false (default)
2019-09-19 09:51:37,968 [pool-144-thread-1] INFO  server.RaftServerConfigKeys (ConfUtils.java:logGet(43)) - raft.server.log.purge.gap = 1000000 (custom)
2019-09-19 09:51:37,968 [pool-144-thread-1] INFO  server.RaftServerConfigKeys (ConfUtils.java:logGet(43)) - raft.server.log.appender.buffer.byte-limit = 33554432 (custom)
2019-09-19 09:51:37,968 [pool-144-thread-1] INFO  server.RaftServerConfigKeys (ConfUtils.java:logGet(43)) - raft.server.log.segment.size.max = 1048576 (custom)
2019-09-19 09:51:37,969 [pool-144-thread-1] INFO  server.RaftServerConfigKeys (ConfUtils.java:logGet(43)) - raft.server.log.segment.cache.num.max = 2 (custom)
2019-09-19 09:51:37,969 [pool-144-thread-1] INFO  segmented.SegmentedRaftLogWorker (SegmentedRaftLogWorker.java:<init>(172)) - new bd940396-f9cb-4ba3-97ee-27fe4877910e-SegmentedRaftLogWorker:Storage Directory /workdir/hadoop-ozone/ozonefs/target/test-dir/MiniOzoneClusterImpl-2dcf7682-fd4a-4cc9-8c14-b1fdd7ae4a90/datanode-1/data/ratis/4cd9d666-6a42-42a9-a399-b4e3771ea957 for RaftStorage:Storage Directory /workdir/hadoop-ozone/ozonefs/target/test-dir/MiniOzoneClusterImpl-2dcf7682-fd4a-4cc9-8c14-b1fdd7ae4a90/datanode-1/data/ratis/4cd9d666-6a42-42a9-a399-b4e3771ea957
2019-09-19 09:51:37,969 [pool-144-thread-1] INFO  server.RaftServerConfigKeys (ConfUtils.java:logGet(43)) - raft.server.log.queue.byte-limit = 2147483647 (custom)
2019-09-19 09:51:37,969 [pool-144-thread-1] INFO  server.RaftServerConfigKeys (ConfUtils.java:logGet(43)) - raft.server.log.queue.element-limit = 1024 (custom)
2019-09-19 09:51:37,969 [pool-144-thread-1] INFO  server.RaftServerConfigKeys (ConfUtils.java:logGet(43)) - raft.server.log.segment.size.max = 1048576 (custom)
2019-09-19 09:51:37,970 [pool-144-thread-1] INFO  server.RaftServerConfigKeys (ConfUtils.java:logGet(43)) - raft.server.log.preallocated.size = 16384 (custom)
2019-09-19 09:51:37,970 [pool-144-thread-1] INFO  server.RaftServerConfigKeys (ConfUtils.java:logGet(43)) - raft.server.log.write.buffer.size = 33554432 (custom)
2019-09-19 09:51:37,970 [pool-144-thread-1] INFO  server.RaftServerConfigKeys (ConfUtils.java:logGet(43)) - raft.server.log.force.sync.num = 128 (default)
2019-09-19 09:51:37,970 [pool-144-thread-1] INFO  server.RaftServerConfigKeys (ConfUtils.java:logGet(43)) - raft.server.log.statemachine.data.sync = true (default)
2019-09-19 09:51:37,970 [pool-144-thread-1] INFO  server.RaftServerConfigKeys (ConfUtils.java:logGet(43)) - raft.server.log.statemachine.data.sync.timeout = 10s (default)
2019-09-19 09:51:37,970 [pool-144-thread-1] INFO  server.RaftServerConfigKeys (ConfUtils.java:logGet(43)) - raft.server.log.statemachine.data.sync.timeout.retry = -1 (default)
2019-09-19 09:51:37,971 [pool-144-thread-1] INFO  server.RaftServerConfigKeys (ConfUtils.java:logGet(43)) - raft.server.log.statemachine.data.caching.enabled = true (custom)
2019-09-19 09:51:37,971 [pool-144-thread-1] INFO  segmented.SegmentedRaftLogWorker (SegmentedRaftLogWorker.java:lambda$new$0(132)) - bd940396-f9cb-4ba3-97ee-27fe4877910e-SegmentedRaftLogWorker:Storage Directory /workdir/hadoop-ozone/ozonefs/target/test-dir/MiniOzoneClusterImpl-2dcf7682-fd4a-4cc9-8c14-b1fdd7ae4a90/datanode-1/data/ratis/4cd9d666-6a42-42a9-a399-b4e3771ea957: flushIndex: setUnconditionally 0 -> -1
2019-09-19 09:51:37,971 [pool-144-thread-1] INFO  server.RaftServerConfigKeys (ConfUtils.java:logGet(43)) - raft.server.snapshot.auto.trigger.enabled = true (custom)
2019-09-19 09:51:37,971 [pool-144-thread-1] INFO  server.RaftServerConfigKeys (ConfUtils.java:logGet(43)) - raft.server.snapshot.auto.trigger.threshold = 10000 (custom)
2019-09-19 09:51:37,972 [pool-144-thread-1] INFO  server.RaftServerConfigKeys (ConfUtils.java:logGet(43)) - raft.server.retrycache.expirytime = 600000ms (custom)
2019-09-19 09:51:37,972 [pool-144-thread-1] INFO  impl.RaftServerImpl (RaftServerImpl.java:start(180)) - bd940396-f9cb-4ba3-97ee-27fe4877910e: start group-B4E3771EA957
2019-09-19 09:51:37,972 [pool-144-thread-1] INFO  impl.RaftServerImpl (RaftServerImpl.java:setRole(171)) - bd940396-f9cb-4ba3-97ee-27fe4877910e:group-B4E3771EA957 changes role from null to FOLLOWER at term 0 for startAsFollower
2019-09-19 09:51:37,972 [pool-144-thread-1] INFO  impl.RoleInfo (RoleInfo.java:updateAndGet(143)) - bd940396-f9cb-4ba3-97ee-27fe4877910e: start FollowerState
2019-09-19 09:51:37,973 [pool-144-thread-1] INFO  util.JmxRegister (JmxRegister.java:tryRegister(44)) - Successfully registered JMX Bean with object name Ratis:service=RaftServer,group=group-B4E3771EA957,id=bd940396-f9cb-4ba3-97ee-27fe4877910e
2019-09-19 09:51:37,976 [RatisPipelineUtilsThread] INFO  pipeline.PipelineStateManager (PipelineStateManager.java:addPipeline(56)) - Created pipeline Pipeline[ Id: 4cd9d666-6a42-42a9-a399-b4e3771ea957, Nodes: bd940396-f9cb-4ba3-97ee-27fe4877910e{ip: 192.168.34.5, host: pr-hdds-1569-j4bt4-3030777008, networkLocation: /default-rack, certSerialId: null}, Type:RATIS, Factor:ONE, State:OPEN]
2019-09-19 09:51:37,976 [RatisPipelineUtilsThread] ERROR pipeline.PipelinePlacementPolicy (PipelinePlacementPolicy.java:meetCriteria(91)) - Pipeline Placement: Doesn't meet the criteria to be viable node. Heaviness: 6
2019-09-19 09:51:37,981 [grpc-default-executor-0] INFO  impl.RaftServerProxy (RaftServerProxy.java:addNew(89)) - bd940396-f9cb-4ba3-97ee-27fe4877910e: addNew group-FC1647DF5F23:[bd940396-f9cb-4ba3-97ee-27fe4877910e:192.168.34.5:39207] returns group-FC1647DF5F23:java.util.concurrent.CompletableFuture@756bdfea[Not completed]
2019-09-19 09:51:37,982 [pool-144-thread-1] INFO  impl.RaftServerImpl (RaftServerImpl.java:<init>(93)) - bd940396-f9cb-4ba3-97ee-27fe4877910e: new RaftServerImpl for group-FC1647DF5F23:[bd940396-f9cb-4ba3-97ee-27fe4877910e:192.168.34.5:39207] with ContainerStateMachine:uninitialized
2019-09-19 09:51:37,983 [pool-144-thread-1] INFO  server.RaftServerConfigKeys (ConfUtils.java:logGet(43)) - raft.server.rpc.timeout.min = 5s (custom)
2019-09-19 09:51:37,983 [pool-144-thread-1] INFO  server.RaftServerConfigKeys (ConfUtils.java:logGet(43)) - raft.server.rpc.timeout.max = 5200ms (custom)
2019-09-19 09:51:37,983 [pool-144-thread-1] INFO  server.RaftServerConfigKeys (ConfUtils.java:logGet(43)) - raft.server.rpcslowness.timeout = 120s (custom)
2019-09-19 09:51:37,983 [pool-144-thread-1] INFO  server.RaftServerConfigKeys (ConfUtils.java:logGet(43)) - raft.server.sleep.deviation.threshold = 300 (default)
2019-09-19 09:51:37,983 [pool-144-thread-1] INFO  server.RaftServerConfigKeys (ConfUtils.java:logGet(43)) - raft.server.log.appender.install.snapshot.enabled = false (custom)
2019-09-19 09:51:37,983 [pool-144-thread-1] INFO  impl.RaftServerImpl (ServerState.java:<init>(105)) - bd940396-f9cb-4ba3-97ee-27fe4877910e:group-FC1647DF5F23 ConfigurationManager, init=-1: [bd940396-f9cb-4ba3-97ee-27fe4877910e:192.168.34.5:39207], old=null, confs=<EMPTY_MAP>
2019-09-19 09:51:37,983 [pool-144-thread-1] INFO  server.RaftServerConfigKeys (ConfUtils.java:logGet(43)) - raft.server.storage.dir = [/workdir/hadoop-ozone/ozonefs/target/test-dir/MiniOzoneClusterImpl-2dcf7682-fd4a-4cc9-8c14-b1fdd7ae4a90/datanode-1/data/ratis] (custom)
2019-09-19 09:51:37,984 [pool-144-thread-1] INFO  storage.RaftStorageDirectory (RaftStorageDirectory.java:analyzeStorage(246)) - The storage directory /workdir/hadoop-ozone/ozonefs/target/test-dir/MiniOzoneClusterImpl-2dcf7682-fd4a-4cc9-8c14-b1fdd7ae4a90/datanode-1/data/ratis/33201ab8-4bfa-4257-a46e-fc1647df5f23 does not exist. Creating ...
2019-09-19 09:51:37,998 [pool-144-thread-1] INFO  storage.RaftStorageDirectory (RaftStorageDirectory.java:tryLock(328)) - Lock on /workdir/hadoop-ozone/ozonefs/target/test-dir/MiniOzoneClusterImpl-2dcf7682-fd4a-4cc9-8c14-b1fdd7ae4a90/datanode-1/data/ratis/33201ab8-4bfa-4257-a46e-fc1647df5f23/in_use.lock acquired by nodename 9507@pr-hdds-1569-j4bt4-3030777008
2019-09-19 09:51:38,012 [pool-144-thread-1] INFO  storage.RaftStorage (RaftStorage.java:format(72)) - Storage directory /workdir/hadoop-ozone/ozonefs/target/test-dir/MiniOzoneClusterImpl-2dcf7682-fd4a-4cc9-8c14-b1fdd7ae4a90/datanode-1/data/ratis/33201ab8-4bfa-4257-a46e-fc1647df5f23 has been successfully formatted.
2019-09-19 09:51:38,012 [pool-144-thread-1] INFO  ratis.ContainerStateMachine (ContainerStateMachine.java:loadSnapshot(226)) - group-FC1647DF5F23: The snapshot info is null. Setting the last applied indexto:(t:0, i:~)
2019-09-19 09:51:38,013 [pool-144-thread-1] INFO  server.RaftServerConfigKeys (ConfUtils.java:logGet(43)) - raft.server.leader.election.timeout = 120s (custom)
2019-09-19 09:51:38,013 [pool-144-thread-1] INFO  server.RaftServerConfigKeys (ConfUtils.java:logGet(43)) - raft.server.log.use.memory = false (default)
2019-09-19 09:51:38,013 [pool-144-thread-1] INFO  server.RaftServerConfigKeys (ConfUtils.java:logGet(43)) - raft.server.log.purge.gap = 1000000 (custom)
2019-09-19 09:51:38,013 [pool-144-thread-1] INFO  server.RaftServerConfigKeys (ConfUtils.java:logGet(43)) - raft.server.log.appender.buffer.byte-limit = 33554432 (custom)
2019-09-19 09:51:38,013 [pool-144-thread-1] INFO  server.RaftServerConfigKeys (ConfUtils.java:logGet(43)) - raft.server.log.segment.size.max = 1048576 (custom)
2019-09-19 09:51:38,013 [pool-144-thread-1] INFO  server.RaftServerConfigKeys (ConfUtils.java:logGet(43)) - raft.server.log.segment.cache.num.max = 2 (custom)
2019-09-19 09:51:38,014 [pool-144-thread-1] INFO  segmented.SegmentedRaftLogWorker (SegmentedRaftLogWorker.java:<init>(172)) - new bd940396-f9cb-4ba3-97ee-27fe4877910e-SegmentedRaftLogWorker:Storage Directory /workdir/hadoop-ozone/ozonefs/target/test-dir/MiniOzoneClusterImpl-2dcf7682-fd4a-4cc9-8c14-b1fdd7ae4a90/datanode-1/data/ratis/33201ab8-4bfa-4257-a46e-fc1647df5f23 for RaftStorage:Storage Directory /workdir/hadoop-ozone/ozonefs/target/test-dir/MiniOzoneClusterImpl-2dcf7682-fd4a-4cc9-8c14-b1fdd7ae4a90/datanode-1/data/ratis/33201ab8-4bfa-4257-a46e-fc1647df5f23
2019-09-19 09:51:38,014 [pool-144-thread-1] INFO  server.RaftServerConfigKeys (ConfUtils.java:logGet(43)) - raft.server.log.queue.byte-limit = 2147483647 (custom)
2019-09-19 09:51:38,014 [pool-144-thread-1] INFO  server.RaftServerConfigKeys (ConfUtils.java:logGet(43)) - raft.server.log.queue.element-limit = 1024 (custom)
2019-09-19 09:51:38,014 [pool-144-thread-1] INFO  server.RaftServerConfigKeys (ConfUtils.java:logGet(43)) - raft.server.log.segment.size.max = 1048576 (custom)
2019-09-19 09:51:38,014 [pool-144-thread-1] INFO  server.RaftServerConfigKeys (ConfUtils.java:logGet(43)) - raft.server.log.preallocated.size = 16384 (custom)
2019-09-19 09:51:38,014 [pool-144-thread-1] INFO  server.RaftServerConfigKeys (ConfUtils.java:logGet(43)) - raft.server.log.write.buffer.size = 33554432 (custom)
2019-09-19 09:51:38,015 [pool-144-thread-1] INFO  server.RaftServerConfigKeys (ConfUtils.java:logGet(43)) - raft.server.log.force.sync.num = 128 (default)
2019-09-19 09:51:38,015 [pool-144-thread-1] INFO  server.RaftServerConfigKeys (ConfUtils.java:logGet(43)) - raft.server.log.statemachine.data.sync = true (default)
2019-09-19 09:51:38,015 [pool-144-thread-1] INFO  server.RaftServerConfigKeys (ConfUtils.java:logGet(43)) - raft.server.log.statemachine.data.sync.timeout = 10s (default)
2019-09-19 09:51:38,015 [pool-144-thread-1] INFO  server.RaftServerConfigKeys (ConfUtils.java:logGet(43)) - raft.server.log.statemachine.data.sync.timeout.retry = -1 (default)
2019-09-19 09:51:38,015 [pool-144-thread-1] INFO  server.RaftServerConfigKeys (ConfUtils.java:logGet(43)) - raft.server.log.statemachine.data.caching.enabled = true (custom)
2019-09-19 09:51:38,016 [pool-144-thread-1] INFO  segmented.SegmentedRaftLogWorker (SegmentedRaftLogWorker.java:lambda$new$0(132)) - bd940396-f9cb-4ba3-97ee-27fe4877910e-SegmentedRaftLogWorker:Storage Directory /workdir/hadoop-ozone/ozonefs/target/test-dir/MiniOzoneClusterImpl-2dcf7682-fd4a-4cc9-8c14-b1fdd7ae4a90/datanode-1/data/ratis/33201ab8-4bfa-4257-a46e-fc1647df5f23: flushIndex: setUnconditionally 0 -> -1
2019-09-19 09:51:38,016 [pool-144-thread-1] INFO  server.RaftServerConfigKeys (ConfUtils.java:logGet(43)) - raft.server.snapshot.auto.trigger.enabled = true (custom)
2019-09-19 09:51:38,017 [pool-144-thread-1] INFO  server.RaftServerConfigKeys (ConfUtils.java:logGet(43)) - raft.server.snapshot.auto.trigger.threshold = 10000 (custom)
2019-09-19 09:51:38,017 [pool-144-thread-1] INFO  server.RaftServerConfigKeys (ConfUtils.java:logGet(43)) - raft.server.retrycache.expirytime = 600000ms (custom)
2019-09-19 09:51:38,017 [pool-144-thread-1] INFO  impl.RaftServerImpl (RaftServerImpl.java:start(180)) - bd940396-f9cb-4ba3-97ee-27fe4877910e: start group-FC1647DF5F23
2019-09-19 09:51:38,017 [pool-144-thread-1] INFO  impl.RaftServerImpl (RaftServerImpl.java:setRole(171)) - bd940396-f9cb-4ba3-97ee-27fe4877910e:group-FC1647DF5F23 changes role from null to FOLLOWER at term 0 for startAsFollower
2019-09-19 09:51:38,017 [pool-144-thread-1] INFO  impl.RoleInfo (RoleInfo.java:updateAndGet(143)) - bd940396-f9cb-4ba3-97ee-27fe4877910e: start FollowerState
2019-09-19 09:51:38,018 [pool-144-thread-1] INFO  util.JmxRegister (JmxRegister.java:tryRegister(44)) - Successfully registered JMX Bean with object name Ratis:service=RaftServer,group=group-FC1647DF5F23,id=bd940396-f9cb-4ba3-97ee-27fe4877910e
2019-09-19 09:51:38,020 [RatisPipelineUtilsThread] INFO  pipeline.PipelineStateManager (PipelineStateManager.java:addPipeline(56)) - Created pipeline Pipeline[ Id: 33201ab8-4bfa-4257-a46e-fc1647df5f23, Nodes: bd940396-f9cb-4ba3-97ee-27fe4877910e{ip: 192.168.34.5, host: pr-hdds-1569-j4bt4-3030777008, networkLocation: /default-rack, certSerialId: null}, Type:RATIS, Factor:ONE, State:OPEN]
2019-09-19 09:51:38,021 [RatisPipelineUtilsThread] ERROR pipeline.PipelinePlacementPolicy (PipelinePlacementPolicy.java:meetCriteria(91)) - Pipeline Placement: Doesn't meet the criteria to be viable node. Heaviness: 6
2019-09-19 09:51:38,026 [grpc-default-executor-0] INFO  impl.RaftServerProxy (RaftServerProxy.java:addNew(89)) - bd940396-f9cb-4ba3-97ee-27fe4877910e: addNew group-73FDB3E31D08:[bd940396-f9cb-4ba3-97ee-27fe4877910e:192.168.34.5:39207] returns group-73FDB3E31D08:java.util.concurrent.CompletableFuture@310ce22b[Not completed]
2019-09-19 09:51:38,028 [pool-144-thread-1] INFO  impl.RaftServerImpl (RaftServerImpl.java:<init>(93)) - bd940396-f9cb-4ba3-97ee-27fe4877910e: new RaftServerImpl for group-73FDB3E31D08:[bd940396-f9cb-4ba3-97ee-27fe4877910e:192.168.34.5:39207] with ContainerStateMachine:uninitialized
2019-09-19 09:51:38,028 [pool-144-thread-1] INFO  server.RaftServerConfigKeys (ConfUtils.java:logGet(43)) - raft.server.rpc.timeout.min = 5s (custom)
2019-09-19 09:51:38,028 [pool-144-thread-1] INFO  server.RaftServerConfigKeys (ConfUtils.java:logGet(43)) - raft.server.rpc.timeout.max = 5200ms (custom)
2019-09-19 09:51:38,028 [pool-144-thread-1] INFO  server.RaftServerConfigKeys (ConfUtils.java:logGet(43)) - raft.server.rpcslowness.timeout = 120s (custom)
2019-09-19 09:51:38,028 [pool-144-thread-1] INFO  server.RaftServerConfigKeys (ConfUtils.java:logGet(43)) - raft.server.sleep.deviation.threshold = 300 (default)
2019-09-19 09:51:38,028 [pool-144-thread-1] INFO  server.RaftServerConfigKeys (ConfUtils.java:logGet(43)) - raft.server.log.appender.install.snapshot.enabled = false (custom)
2019-09-19 09:51:38,029 [pool-144-thread-1] INFO  impl.RaftServerImpl (ServerState.java:<init>(105)) - bd940396-f9cb-4ba3-97ee-27fe4877910e:group-73FDB3E31D08 ConfigurationManager, init=-1: [bd940396-f9cb-4ba3-97ee-27fe4877910e:192.168.34.5:39207], old=null, confs=<EMPTY_MAP>
2019-09-19 09:51:38,029 [pool-144-thread-1] INFO  server.RaftServerConfigKeys (ConfUtils.java:logGet(43)) - raft.server.storage.dir = [/workdir/hadoop-ozone/ozonefs/target/test-dir/MiniOzoneClusterImpl-2dcf7682-fd4a-4cc9-8c14-b1fdd7ae4a90/datanode-1/data/ratis] (custom)
2019-09-19 09:51:38,029 [pool-144-thread-1] INFO  storage.RaftStorageDirectory (RaftStorageDirectory.java:analyzeStorage(246)) - The storage directory /workdir/hadoop-ozone/ozonefs/target/test-dir/MiniOzoneClusterImpl-2dcf7682-fd4a-4cc9-8c14-b1fdd7ae4a90/datanode-1/data/ratis/0fb010f6-3d3f-4484-aca6-73fdb3e31d08 does not exist. Creating ...
2019-09-19 09:51:38,042 [pool-144-thread-1] INFO  storage.RaftStorageDirectory (RaftStorageDirectory.java:tryLock(328)) - Lock on /workdir/hadoop-ozone/ozonefs/target/test-dir/MiniOzoneClusterImpl-2dcf7682-fd4a-4cc9-8c14-b1fdd7ae4a90/datanode-1/data/ratis/0fb010f6-3d3f-4484-aca6-73fdb3e31d08/in_use.lock acquired by nodename 9507@pr-hdds-1569-j4bt4-3030777008
2019-09-19 09:51:38,055 [pool-144-thread-1] INFO  storage.RaftStorage (RaftStorage.java:format(72)) - Storage directory /workdir/hadoop-ozone/ozonefs/target/test-dir/MiniOzoneClusterImpl-2dcf7682-fd4a-4cc9-8c14-b1fdd7ae4a90/datanode-1/data/ratis/0fb010f6-3d3f-4484-aca6-73fdb3e31d08 has been successfully formatted.
2019-09-19 09:51:38,055 [pool-144-thread-1] INFO  ratis.ContainerStateMachine (ContainerStateMachine.java:loadSnapshot(226)) - group-73FDB3E31D08: The snapshot info is null. Setting the last applied indexto:(t:0, i:~)
2019-09-19 09:51:38,055 [pool-144-thread-1] INFO  server.RaftServerConfigKeys (ConfUtils.java:logGet(43)) - raft.server.leader.election.timeout = 120s (custom)
2019-09-19 09:51:38,055 [pool-144-thread-1] INFO  server.RaftServerConfigKeys (ConfUtils.java:logGet(43)) - raft.server.log.use.memory = false (default)
2019-09-19 09:51:38,055 [pool-144-thread-1] INFO  server.RaftServerConfigKeys (ConfUtils.java:logGet(43)) - raft.server.log.purge.gap = 1000000 (custom)
2019-09-19 09:51:38,056 [pool-144-thread-1] INFO  server.RaftServerConfigKeys (ConfUtils.java:logGet(43)) - raft.server.log.appender.buffer.byte-limit = 33554432 (custom)
2019-09-19 09:51:38,056 [pool-144-thread-1] INFO  server.RaftServerConfigKeys (ConfUtils.java:logGet(43)) - raft.server.log.segment.size.max = 1048576 (custom)
2019-09-19 09:51:38,056 [pool-144-thread-1] INFO  server.RaftServerConfigKeys (ConfUtils.java:logGet(43)) - raft.server.log.segment.cache.num.max = 2 (custom)
2019-09-19 09:51:38,056 [pool-144-thread-1] INFO  segmented.SegmentedRaftLogWorker (SegmentedRaftLogWorker.java:<init>(172)) - new bd940396-f9cb-4ba3-97ee-27fe4877910e-SegmentedRaftLogWorker:Storage Directory /workdir/hadoop-ozone/ozonefs/target/test-dir/MiniOzoneClusterImpl-2dcf7682-fd4a-4cc9-8c14-b1fdd7ae4a90/datanode-1/data/ratis/0fb010f6-3d3f-4484-aca6-73fdb3e31d08 for RaftStorage:Storage Directory /workdir/hadoop-ozone/ozonefs/target/test-dir/MiniOzoneClusterImpl-2dcf7682-fd4a-4cc9-8c14-b1fdd7ae4a90/datanode-1/data/ratis/0fb010f6-3d3f-4484-aca6-73fdb3e31d08
2019-09-19 09:51:38,056 [pool-144-thread-1] INFO  server.RaftServerConfigKeys (ConfUtils.java:logGet(43)) - raft.server.log.queue.byte-limit = 2147483647 (custom)
2019-09-19 09:51:38,056 [pool-144-thread-1] INFO  server.RaftServerConfigKeys (ConfUtils.java:logGet(43)) - raft.server.log.queue.element-limit = 1024 (custom)
2019-09-19 09:51:38,057 [pool-144-thread-1] INFO  server.RaftServerConfigKeys (ConfUtils.java:logGet(43)) - raft.server.log.segment.size.max = 1048576 (custom)
2019-09-19 09:51:38,057 [pool-144-thread-1] INFO  server.RaftServerConfigKeys (ConfUtils.java:logGet(43)) - raft.server.log.preallocated.size = 16384 (custom)
2019-09-19 09:51:38,057 [pool-144-thread-1] INFO  server.RaftServerConfigKeys (ConfUtils.java:logGet(43)) - raft.server.log.write.buffer.size = 33554432 (custom)
2019-09-19 09:51:38,057 [pool-144-thread-1] INFO  server.RaftServerConfigKeys (ConfUtils.java:logGet(43)) - raft.server.log.force.sync.num = 128 (default)
2019-09-19 09:51:38,057 [pool-144-thread-1] INFO  server.RaftServerConfigKeys (ConfUtils.java:logGet(43)) - raft.server.log.statemachine.data.sync = true (default)
2019-09-19 09:51:38,057 [pool-144-thread-1] INFO  server.RaftServerConfigKeys (ConfUtils.java:logGet(43)) - raft.server.log.statemachine.data.sync.timeout = 10s (default)
2019-09-19 09:51:38,057 [pool-144-thread-1] INFO  server.RaftServerConfigKeys (ConfUtils.java:logGet(43)) - raft.server.log.statemachine.data.sync.timeout.retry = -1 (default)
2019-09-19 09:51:38,058 [pool-144-thread-1] INFO  server.RaftServerConfigKeys (ConfUtils.java:logGet(43)) - raft.server.log.statemachine.data.caching.enabled = true (custom)
2019-09-19 09:51:38,058 [pool-144-thread-1] INFO  segmented.SegmentedRaftLogWorker (SegmentedRaftLogWorker.java:lambda$new$0(132)) - bd940396-f9cb-4ba3-97ee-27fe4877910e-SegmentedRaftLogWorker:Storage Directory /workdir/hadoop-ozone/ozonefs/target/test-dir/MiniOzoneClusterImpl-2dcf7682-fd4a-4cc9-8c14-b1fdd7ae4a90/datanode-1/data/ratis/0fb010f6-3d3f-4484-aca6-73fdb3e31d08: flushIndex: setUnconditionally 0 -> -1
2019-09-19 09:51:38,058 [pool-144-thread-1] INFO  server.RaftServerConfigKeys (ConfUtils.java:logGet(43)) - raft.server.snapshot.auto.trigger.enabled = true (custom)
2019-09-19 09:51:38,059 [pool-144-thread-1] INFO  server.RaftServerConfigKeys (ConfUtils.java:logGet(43)) - raft.server.snapshot.auto.trigger.threshold = 10000 (custom)
2019-09-19 09:51:38,059 [pool-144-thread-1] INFO  server.RaftServerConfigKeys (ConfUtils.java:logGet(43)) - raft.server.retrycache.expirytime = 600000ms (custom)
2019-09-19 09:51:38,059 [pool-144-thread-1] INFO  impl.RaftServerImpl (RaftServerImpl.java:start(180)) - bd940396-f9cb-4ba3-97ee-27fe4877910e: start group-73FDB3E31D08
2019-09-19 09:51:38,059 [pool-144-thread-1] INFO  impl.RaftServerImpl (RaftServerImpl.java:setRole(171)) - bd940396-f9cb-4ba3-97ee-27fe4877910e:group-73FDB3E31D08 changes role from null to FOLLOWER at term 0 for startAsFollower
2019-09-19 09:51:38,059 [pool-144-thread-1] INFO  impl.RoleInfo (RoleInfo.java:updateAndGet(143)) - bd940396-f9cb-4ba3-97ee-27fe4877910e: start FollowerState
2019-09-19 09:51:38,060 [pool-144-thread-1] INFO  util.JmxRegister (JmxRegister.java:tryRegister(44)) - Successfully registered JMX Bean with object name Ratis:service=RaftServer,group=group-73FDB3E31D08,id=bd940396-f9cb-4ba3-97ee-27fe4877910e
2019-09-19 09:51:38,063 [RatisPipelineUtilsThread] INFO  pipeline.PipelineStateManager (PipelineStateManager.java:addPipeline(56)) - Created pipeline Pipeline[ Id: 0fb010f6-3d3f-4484-aca6-73fdb3e31d08, Nodes: bd940396-f9cb-4ba3-97ee-27fe4877910e{ip: 192.168.34.5, host: pr-hdds-1569-j4bt4-3030777008, networkLocation: /default-rack, certSerialId: null}, Type:RATIS, Factor:ONE, State:OPEN]
2019-09-19 09:51:38,063 [RatisPipelineUtilsThread] ERROR pipeline.PipelinePlacementPolicy (PipelinePlacementPolicy.java:meetCriteria(91)) - Pipeline Placement: Doesn't meet the criteria to be viable node. Heaviness: 6
2019-09-19 09:51:38,069 [grpc-default-executor-0] INFO  impl.RaftServerProxy (RaftServerProxy.java:addNew(89)) - bd940396-f9cb-4ba3-97ee-27fe4877910e: addNew group-8FD2DA75BD96:[bd940396-f9cb-4ba3-97ee-27fe4877910e:192.168.34.5:39207] returns group-8FD2DA75BD96:java.util.concurrent.CompletableFuture@630590d6[Not completed]
2019-09-19 09:51:38,070 [pool-144-thread-1] INFO  impl.RaftServerImpl (RaftServerImpl.java:<init>(93)) - bd940396-f9cb-4ba3-97ee-27fe4877910e: new RaftServerImpl for group-8FD2DA75BD96:[bd940396-f9cb-4ba3-97ee-27fe4877910e:192.168.34.5:39207] with ContainerStateMachine:uninitialized
2019-09-19 09:51:38,070 [pool-144-thread-1] INFO  server.RaftServerConfigKeys (ConfUtils.java:logGet(43)) - raft.server.rpc.timeout.min = 5s (custom)
2019-09-19 09:51:38,070 [pool-144-thread-1] INFO  server.RaftServerConfigKeys (ConfUtils.java:logGet(43)) - raft.server.rpc.timeout.max = 5200ms (custom)
2019-09-19 09:51:38,071 [pool-144-thread-1] INFO  server.RaftServerConfigKeys (ConfUtils.java:logGet(43)) - raft.server.rpcslowness.timeout = 120s (custom)
2019-09-19 09:51:38,071 [pool-144-thread-1] INFO  server.RaftServerConfigKeys (ConfUtils.java:logGet(43)) - raft.server.sleep.deviation.threshold = 300 (default)
2019-09-19 09:51:38,071 [pool-144-thread-1] INFO  server.RaftServerConfigKeys (ConfUtils.java:logGet(43)) - raft.server.log.appender.install.snapshot.enabled = false (custom)
2019-09-19 09:51:38,071 [pool-144-thread-1] INFO  impl.RaftServerImpl (ServerState.java:<init>(105)) - bd940396-f9cb-4ba3-97ee-27fe4877910e:group-8FD2DA75BD96 ConfigurationManager, init=-1: [bd940396-f9cb-4ba3-97ee-27fe4877910e:192.168.34.5:39207], old=null, confs=<EMPTY_MAP>
2019-09-19 09:51:38,071 [pool-144-thread-1] INFO  server.RaftServerConfigKeys (ConfUtils.java:logGet(43)) - raft.server.storage.dir = [/workdir/hadoop-ozone/ozonefs/target/test-dir/MiniOzoneClusterImpl-2dcf7682-fd4a-4cc9-8c14-b1fdd7ae4a90/datanode-1/data/ratis] (custom)
2019-09-19 09:51:38,071 [pool-144-thread-1] INFO  storage.RaftStorageDirectory (RaftStorageDirectory.java:analyzeStorage(246)) - The storage directory /workdir/hadoop-ozone/ozonefs/target/test-dir/MiniOzoneClusterImpl-2dcf7682-fd4a-4cc9-8c14-b1fdd7ae4a90/datanode-1/data/ratis/96c77459-286d-4098-84c7-8fd2da75bd96 does not exist. Creating ...
2019-09-19 09:51:38,086 [pool-144-thread-1] INFO  storage.RaftStorageDirectory (RaftStorageDirectory.java:tryLock(328)) - Lock on /workdir/hadoop-ozone/ozonefs/target/test-dir/MiniOzoneClusterImpl-2dcf7682-fd4a-4cc9-8c14-b1fdd7ae4a90/datanode-1/data/ratis/96c77459-286d-4098-84c7-8fd2da75bd96/in_use.lock acquired by nodename 9507@pr-hdds-1569-j4bt4-3030777008
2019-09-19 09:51:38,087 [Thread-536] INFO  ozone.MiniOzoneClusterImpl (MiniOzoneClusterImpl.java:lambda$waitForClusterToBeReady$0(142)) - Waiting for cluster to be ready. Got 2 of 3 DN Heartbeats.
2019-09-19 09:51:38,088 [IPC Server handler 2 on 39690] INFO  net.NetworkTopology (NetworkTopologyImpl.java:add(110)) - Added a new node: /default-rack/e5479894-df80-44da-8423-1105b30f9b8d
2019-09-19 09:51:38,088 [IPC Server handler 2 on 39690] INFO  node.SCMNodeManager (SCMNodeManager.java:register(273)) - Registered Data node : e5479894-df80-44da-8423-1105b30f9b8d{ip: 192.168.34.5, host: pr-hdds-1569-j4bt4-3030777008, networkLocation: /default-rack, certSerialId: null}
2019-09-19 09:51:38,089 | INFO  | SCMAudit | user=jenkins1000 | ip=192.168.34.5 | op=REGISTER {datanodeDetails=e5479894-df80-44da-8423-1105b30f9b8d{ip: 192.168.34.5, host: pr-hdds-1569-j4bt4-3030777008, networkLocation: /default-rack, certSerialId: null}} | ret=SUCCESS |  
2019-09-19 09:51:38,098 [pool-144-thread-1] INFO  storage.RaftStorage (RaftStorage.java:format(72)) - Storage directory /workdir/hadoop-ozone/ozonefs/target/test-dir/MiniOzoneClusterImpl-2dcf7682-fd4a-4cc9-8c14-b1fdd7ae4a90/datanode-1/data/ratis/96c77459-286d-4098-84c7-8fd2da75bd96 has been successfully formatted.
2019-09-19 09:51:38,099 [pool-144-thread-1] INFO  ratis.ContainerStateMachine (ContainerStateMachine.java:loadSnapshot(226)) - group-8FD2DA75BD96: The snapshot info is null. Setting the last applied indexto:(t:0, i:~)
2019-09-19 09:51:38,099 [pool-144-thread-1] INFO  server.RaftServerConfigKeys (ConfUtils.java:logGet(43)) - raft.server.leader.election.timeout = 120s (custom)
2019-09-19 09:51:38,099 [pool-144-thread-1] INFO  server.RaftServerConfigKeys (ConfUtils.java:logGet(43)) - raft.server.log.use.memory = false (default)
2019-09-19 09:51:38,099 [pool-144-thread-1] INFO  server.RaftServerConfigKeys (ConfUtils.java:logGet(43)) - raft.server.log.purge.gap = 1000000 (custom)
2019-09-19 09:51:38,099 [pool-144-thread-1] INFO  server.RaftServerConfigKeys (ConfUtils.java:logGet(43)) - raft.server.log.appender.buffer.byte-limit = 33554432 (custom)
2019-09-19 09:51:38,099 [pool-144-thread-1] INFO  server.RaftServerConfigKeys (ConfUtils.java:logGet(43)) - raft.server.log.segment.size.max = 1048576 (custom)
2019-09-19 09:51:38,100 [pool-144-thread-1] INFO  server.RaftServerConfigKeys (ConfUtils.java:logGet(43)) - raft.server.log.segment.cache.num.max = 2 (custom)
2019-09-19 09:51:38,100 [pool-144-thread-1] INFO  segmented.SegmentedRaftLogWorker (SegmentedRaftLogWorker.java:<init>(172)) - new bd940396-f9cb-4ba3-97ee-27fe4877910e-SegmentedRaftLogWorker:Storage Directory /workdir/hadoop-ozone/ozonefs/target/test-dir/MiniOzoneClusterImpl-2dcf7682-fd4a-4cc9-8c14-b1fdd7ae4a90/datanode-1/data/ratis/96c77459-286d-4098-84c7-8fd2da75bd96 for RaftStorage:Storage Directory /workdir/hadoop-ozone/ozonefs/target/test-dir/MiniOzoneClusterImpl-2dcf7682-fd4a-4cc9-8c14-b1fdd7ae4a90/datanode-1/data/ratis/96c77459-286d-4098-84c7-8fd2da75bd96
2019-09-19 09:51:38,100 [pool-144-thread-1] INFO  server.RaftServerConfigKeys (ConfUtils.java:logGet(43)) - raft.server.log.queue.byte-limit = 2147483647 (custom)
2019-09-19 09:51:38,100 [pool-144-thread-1] INFO  server.RaftServerConfigKeys (ConfUtils.java:logGet(43)) - raft.server.log.queue.element-limit = 1024 (custom)
2019-09-19 09:51:38,100 [pool-144-thread-1] INFO  server.RaftServerConfigKeys (ConfUtils.java:logGet(43)) - raft.server.log.segment.size.max = 1048576 (custom)
2019-09-19 09:51:38,100 [pool-144-thread-1] INFO  server.RaftServerConfigKeys (ConfUtils.java:logGet(43)) - raft.server.log.preallocated.size = 16384 (custom)
2019-09-19 09:51:38,101 [pool-144-thread-1] INFO  server.RaftServerConfigKeys (ConfUtils.java:logGet(43)) - raft.server.log.write.buffer.size = 33554432 (custom)
2019-09-19 09:51:38,101 [pool-144-thread-1] INFO  server.RaftServerConfigKeys (ConfUtils.java:logGet(43)) - raft.server.log.force.sync.num = 128 (default)
2019-09-19 09:51:38,101 [pool-144-thread-1] INFO  server.RaftServerConfigKeys (ConfUtils.java:logGet(43)) - raft.server.log.statemachine.data.sync = true (default)
2019-09-19 09:51:38,101 [pool-144-thread-1] INFO  server.RaftServerConfigKeys (ConfUtils.java:logGet(43)) - raft.server.log.statemachine.data.sync.timeout = 10s (default)
2019-09-19 09:51:38,101 [pool-144-thread-1] INFO  server.RaftServerConfigKeys (ConfUtils.java:logGet(43)) - raft.server.log.statemachine.data.sync.timeout.retry = -1 (default)
2019-09-19 09:51:38,101 [pool-144-thread-1] INFO  server.RaftServerConfigKeys (ConfUtils.java:logGet(43)) - raft.server.log.statemachine.data.caching.enabled = true (custom)
2019-09-19 09:51:38,102 [pool-144-thread-1] INFO  segmented.SegmentedRaftLogWorker (SegmentedRaftLogWorker.java:lambda$new$0(132)) - bd940396-f9cb-4ba3-97ee-27fe4877910e-SegmentedRaftLogWorker:Storage Directory /workdir/hadoop-ozone/ozonefs/target/test-dir/MiniOzoneClusterImpl-2dcf7682-fd4a-4cc9-8c14-b1fdd7ae4a90/datanode-1/data/ratis/96c77459-286d-4098-84c7-8fd2da75bd96: flushIndex: setUnconditionally 0 -> -1
2019-09-19 09:51:38,102 [pool-144-thread-1] INFO  server.RaftServerConfigKeys (ConfUtils.java:logGet(43)) - raft.server.snapshot.auto.trigger.enabled = true (custom)
2019-09-19 09:51:38,102 [pool-144-thread-1] INFO  server.RaftServerConfigKeys (ConfUtils.java:logGet(43)) - raft.server.snapshot.auto.trigger.threshold = 10000 (custom)
2019-09-19 09:51:38,102 [pool-144-thread-1] INFO  server.RaftServerConfigKeys (ConfUtils.java:logGet(43)) - raft.server.retrycache.expirytime = 600000ms (custom)
2019-09-19 09:51:38,103 [pool-144-thread-1] INFO  impl.RaftServerImpl (RaftServerImpl.java:start(180)) - bd940396-f9cb-4ba3-97ee-27fe4877910e: start group-8FD2DA75BD96
2019-09-19 09:51:38,103 [pool-144-thread-1] INFO  impl.RaftServerImpl (RaftServerImpl.java:setRole(171)) - bd940396-f9cb-4ba3-97ee-27fe4877910e:group-8FD2DA75BD96 changes role from null to FOLLOWER at term 0 for startAsFollower
2019-09-19 09:51:38,103 [pool-144-thread-1] INFO  impl.RoleInfo (RoleInfo.java:updateAndGet(143)) - bd940396-f9cb-4ba3-97ee-27fe4877910e: start FollowerState
2019-09-19 09:51:38,103 [pool-144-thread-1] INFO  util.JmxRegister (JmxRegister.java:tryRegister(44)) - Successfully registered JMX Bean with object name Ratis:service=RaftServer,group=group-8FD2DA75BD96,id=bd940396-f9cb-4ba3-97ee-27fe4877910e
2019-09-19 09:51:38,106 [RatisPipelineUtilsThread] INFO  pipeline.PipelineStateManager (PipelineStateManager.java:addPipeline(56)) - Created pipeline Pipeline[ Id: 96c77459-286d-4098-84c7-8fd2da75bd96, Nodes: bd940396-f9cb-4ba3-97ee-27fe4877910e{ip: 192.168.34.5, host: pr-hdds-1569-j4bt4-3030777008, networkLocation: /default-rack, certSerialId: null}, Type:RATIS, Factor:ONE, State:OPEN]
2019-09-19 09:51:38,106 [RatisPipelineUtilsThread] ERROR pipeline.PipelinePlacementPolicy (PipelinePlacementPolicy.java:meetCriteria(91)) - Pipeline Placement: Doesn't meet the criteria to be viable node. Heaviness: 6
2019-09-19 09:51:38,113 [grpc-default-executor-0] INFO  impl.RaftServerProxy (RaftServerProxy.java:addNew(89)) - bd940396-f9cb-4ba3-97ee-27fe4877910e: addNew group-B8B4D5F418A6:[bd940396-f9cb-4ba3-97ee-27fe4877910e:192.168.34.5:39207] returns group-B8B4D5F418A6:java.util.concurrent.CompletableFuture@62dae1ee[Not completed]
2019-09-19 09:51:38,114 [pool-144-thread-1] INFO  impl.RaftServerImpl (RaftServerImpl.java:<init>(93)) - bd940396-f9cb-4ba3-97ee-27fe4877910e: new RaftServerImpl for group-B8B4D5F418A6:[bd940396-f9cb-4ba3-97ee-27fe4877910e:192.168.34.5:39207] with ContainerStateMachine:uninitialized
2019-09-19 09:51:38,114 [pool-144-thread-1] INFO  server.RaftServerConfigKeys (ConfUtils.java:logGet(43)) - raft.server.rpc.timeout.min = 5s (custom)
2019-09-19 09:51:38,114 [pool-144-thread-1] INFO  server.RaftServerConfigKeys (ConfUtils.java:logGet(43)) - raft.server.rpc.timeout.max = 5200ms (custom)
2019-09-19 09:51:38,114 [pool-144-thread-1] INFO  server.RaftServerConfigKeys (ConfUtils.java:logGet(43)) - raft.server.rpcslowness.timeout = 120s (custom)
2019-09-19 09:51:38,114 [pool-144-thread-1] INFO  server.RaftServerConfigKeys (ConfUtils.java:logGet(43)) - raft.server.sleep.deviation.threshold = 300 (default)
2019-09-19 09:51:38,114 [pool-144-thread-1] INFO  server.RaftServerConfigKeys (ConfUtils.java:logGet(43)) - raft.server.log.appender.install.snapshot.enabled = false (custom)
2019-09-19 09:51:38,114 [pool-144-thread-1] INFO  impl.RaftServerImpl (ServerState.java:<init>(105)) - bd940396-f9cb-4ba3-97ee-27fe4877910e:group-B8B4D5F418A6 ConfigurationManager, init=-1: [bd940396-f9cb-4ba3-97ee-27fe4877910e:192.168.34.5:39207], old=null, confs=<EMPTY_MAP>
2019-09-19 09:51:38,115 [pool-144-thread-1] INFO  server.RaftServerConfigKeys (ConfUtils.java:logGet(43)) - raft.server.storage.dir = [/workdir/hadoop-ozone/ozonefs/target/test-dir/MiniOzoneClusterImpl-2dcf7682-fd4a-4cc9-8c14-b1fdd7ae4a90/datanode-1/data/ratis] (custom)
2019-09-19 09:51:38,115 [pool-144-thread-1] INFO  storage.RaftStorageDirectory (RaftStorageDirectory.java:analyzeStorage(246)) - The storage directory /workdir/hadoop-ozone/ozonefs/target/test-dir/MiniOzoneClusterImpl-2dcf7682-fd4a-4cc9-8c14-b1fdd7ae4a90/datanode-1/data/ratis/474633fb-ae81-470e-ae9a-b8b4d5f418a6 does not exist. Creating ...
2019-09-19 09:51:38,129 [pool-144-thread-1] INFO  storage.RaftStorageDirectory (RaftStorageDirectory.java:tryLock(328)) - Lock on /workdir/hadoop-ozone/ozonefs/target/test-dir/MiniOzoneClusterImpl-2dcf7682-fd4a-4cc9-8c14-b1fdd7ae4a90/datanode-1/data/ratis/474633fb-ae81-470e-ae9a-b8b4d5f418a6/in_use.lock acquired by nodename 9507@pr-hdds-1569-j4bt4-3030777008
2019-09-19 09:51:38,142 [pool-144-thread-1] INFO  storage.RaftStorage (RaftStorage.java:format(72)) - Storage directory /workdir/hadoop-ozone/ozonefs/target/test-dir/MiniOzoneClusterImpl-2dcf7682-fd4a-4cc9-8c14-b1fdd7ae4a90/datanode-1/data/ratis/474633fb-ae81-470e-ae9a-b8b4d5f418a6 has been successfully formatted.
2019-09-19 09:51:38,142 [pool-144-thread-1] INFO  ratis.ContainerStateMachine (ContainerStateMachine.java:loadSnapshot(226)) - group-B8B4D5F418A6: The snapshot info is null. Setting the last applied indexto:(t:0, i:~)
2019-09-19 09:51:38,143 [pool-144-thread-1] INFO  server.RaftServerConfigKeys (ConfUtils.java:logGet(43)) - raft.server.leader.election.timeout = 120s (custom)
2019-09-19 09:51:38,143 [pool-144-thread-1] INFO  server.RaftServerConfigKeys (ConfUtils.java:logGet(43)) - raft.server.log.use.memory = false (default)
2019-09-19 09:51:38,143 [pool-144-thread-1] INFO  server.RaftServerConfigKeys (ConfUtils.java:logGet(43)) - raft.server.log.purge.gap = 1000000 (custom)
2019-09-19 09:51:38,143 [pool-144-thread-1] INFO  server.RaftServerConfigKeys (ConfUtils.java:logGet(43)) - raft.server.log.appender.buffer.byte-limit = 33554432 (custom)
2019-09-19 09:51:38,143 [pool-144-thread-1] INFO  server.RaftServerConfigKeys (ConfUtils.java:logGet(43)) - raft.server.log.segment.size.max = 1048576 (custom)
2019-09-19 09:51:38,143 [pool-144-thread-1] INFO  server.RaftServerConfigKeys (ConfUtils.java:logGet(43)) - raft.server.log.segment.cache.num.max = 2 (custom)
2019-09-19 09:51:38,143 [pool-144-thread-1] INFO  segmented.SegmentedRaftLogWorker (SegmentedRaftLogWorker.java:<init>(172)) - new bd940396-f9cb-4ba3-97ee-27fe4877910e-SegmentedRaftLogWorker:Storage Directory /workdir/hadoop-ozone/ozonefs/target/test-dir/MiniOzoneClusterImpl-2dcf7682-fd4a-4cc9-8c14-b1fdd7ae4a90/datanode-1/data/ratis/474633fb-ae81-470e-ae9a-b8b4d5f418a6 for RaftStorage:Storage Directory /workdir/hadoop-ozone/ozonefs/target/test-dir/MiniOzoneClusterImpl-2dcf7682-fd4a-4cc9-8c14-b1fdd7ae4a90/datanode-1/data/ratis/474633fb-ae81-470e-ae9a-b8b4d5f418a6
2019-09-19 09:51:38,144 [pool-144-thread-1] INFO  server.RaftServerConfigKeys (ConfUtils.java:logGet(43)) - raft.server.log.queue.byte-limit = 2147483647 (custom)
2019-09-19 09:51:38,144 [pool-144-thread-1] INFO  server.RaftServerConfigKeys (ConfUtils.java:logGet(43)) - raft.server.log.queue.element-limit = 1024 (custom)
2019-09-19 09:51:38,144 [pool-144-thread-1] INFO  server.RaftServerConfigKeys (ConfUtils.java:logGet(43)) - raft.server.log.segment.size.max = 1048576 (custom)
2019-09-19 09:51:38,144 [pool-144-thread-1] INFO  server.RaftServerConfigKeys (ConfUtils.java:logGet(43)) - raft.server.log.preallocated.size = 16384 (custom)
2019-09-19 09:51:38,144 [pool-144-thread-1] INFO  server.RaftServerConfigKeys (ConfUtils.java:logGet(43)) - raft.server.log.write.buffer.size = 33554432 (custom)
2019-09-19 09:51:38,144 [pool-144-thread-1] INFO  server.RaftServerConfigKeys (ConfUtils.java:logGet(43)) - raft.server.log.force.sync.num = 128 (default)
2019-09-19 09:51:38,144 [pool-144-thread-1] INFO  server.RaftServerConfigKeys (ConfUtils.java:logGet(43)) - raft.server.log.statemachine.data.sync = true (default)
2019-09-19 09:51:38,145 [pool-144-thread-1] INFO  server.RaftServerConfigKeys (ConfUtils.java:logGet(43)) - raft.server.log.statemachine.data.sync.timeout = 10s (default)
2019-09-19 09:51:38,145 [pool-144-thread-1] INFO  server.RaftServerConfigKeys (ConfUtils.java:logGet(43)) - raft.server.log.statemachine.data.sync.timeout.retry = -1 (default)
2019-09-19 09:51:38,145 [pool-144-thread-1] INFO  server.RaftServerConfigKeys (ConfUtils.java:logGet(43)) - raft.server.log.statemachine.data.caching.enabled = true (custom)
2019-09-19 09:51:38,145 [pool-144-thread-1] INFO  segmented.SegmentedRaftLogWorker (SegmentedRaftLogWorker.java:lambda$new$0(132)) - bd940396-f9cb-4ba3-97ee-27fe4877910e-SegmentedRaftLogWorker:Storage Directory /workdir/hadoop-ozone/ozonefs/target/test-dir/MiniOzoneClusterImpl-2dcf7682-fd4a-4cc9-8c14-b1fdd7ae4a90/datanode-1/data/ratis/474633fb-ae81-470e-ae9a-b8b4d5f418a6: flushIndex: setUnconditionally 0 -> -1
2019-09-19 09:51:38,146 [pool-144-thread-1] INFO  server.RaftServerConfigKeys (ConfUtils.java:logGet(43)) - raft.server.snapshot.auto.trigger.enabled = true (custom)
2019-09-19 09:51:38,146 [pool-144-thread-1] INFO  server.RaftServerConfigKeys (ConfUtils.java:logGet(43)) - raft.server.snapshot.auto.trigger.threshold = 10000 (custom)
2019-09-19 09:51:38,146 [pool-144-thread-1] INFO  server.RaftServerConfigKeys (ConfUtils.java:logGet(43)) - raft.server.retrycache.expirytime = 600000ms (custom)
2019-09-19 09:51:38,146 [pool-144-thread-1] INFO  impl.RaftServerImpl (RaftServerImpl.java:start(180)) - bd940396-f9cb-4ba3-97ee-27fe4877910e: start group-B8B4D5F418A6
2019-09-19 09:51:38,146 [pool-144-thread-1] INFO  impl.RaftServerImpl (RaftServerImpl.java:setRole(171)) - bd940396-f9cb-4ba3-97ee-27fe4877910e:group-B8B4D5F418A6 changes role from null to FOLLOWER at term 0 for startAsFollower
2019-09-19 09:51:38,147 [pool-144-thread-1] INFO  impl.RoleInfo (RoleInfo.java:updateAndGet(143)) - bd940396-f9cb-4ba3-97ee-27fe4877910e: start FollowerState
2019-09-19 09:51:38,147 [pool-144-thread-1] INFO  util.JmxRegister (JmxRegister.java:tryRegister(44)) - Successfully registered JMX Bean with object name Ratis:service=RaftServer,group=group-B8B4D5F418A6,id=bd940396-f9cb-4ba3-97ee-27fe4877910e
2019-09-19 09:51:38,150 [RatisPipelineUtilsThread] INFO  pipeline.PipelineStateManager (PipelineStateManager.java:addPipeline(56)) - Created pipeline Pipeline[ Id: 474633fb-ae81-470e-ae9a-b8b4d5f418a6, Nodes: bd940396-f9cb-4ba3-97ee-27fe4877910e{ip: 192.168.34.5, host: pr-hdds-1569-j4bt4-3030777008, networkLocation: /default-rack, certSerialId: null}, Type:RATIS, Factor:ONE, State:OPEN]
2019-09-19 09:51:38,151 [RatisPipelineUtilsThread] ERROR pipeline.PipelinePlacementPolicy (PipelinePlacementPolicy.java:meetCriteria(91)) - Pipeline Placement: Doesn't meet the criteria to be viable node. Heaviness: 6
2019-09-19 09:51:38,159 [grpc-default-executor-0] INFO  impl.RaftServerProxy (RaftServerProxy.java:addNew(89)) - e5479894-df80-44da-8423-1105b30f9b8d: addNew group-6F3894DBCF53:[e5479894-df80-44da-8423-1105b30f9b8d:192.168.34.5:44999] returns group-6F3894DBCF53:java.util.concurrent.CompletableFuture@f8de4e9[Not completed]
2019-09-19 09:51:38,160 [pool-155-thread-1] INFO  impl.RaftServerImpl (RaftServerImpl.java:<init>(93)) - e5479894-df80-44da-8423-1105b30f9b8d: new RaftServerImpl for group-6F3894DBCF53:[e5479894-df80-44da-8423-1105b30f9b8d:192.168.34.5:44999] with ContainerStateMachine:uninitialized
2019-09-19 09:51:38,161 [pool-155-thread-1] INFO  server.RaftServerConfigKeys (ConfUtils.java:logGet(43)) - raft.server.rpc.timeout.min = 5s (custom)
2019-09-19 09:51:38,161 [pool-155-thread-1] INFO  server.RaftServerConfigKeys (ConfUtils.java:logGet(43)) - raft.server.rpc.timeout.max = 5200ms (custom)
2019-09-19 09:51:38,161 [pool-155-thread-1] INFO  server.RaftServerConfigKeys (ConfUtils.java:logGet(43)) - raft.server.rpcslowness.timeout = 120s (custom)
2019-09-19 09:51:38,161 [pool-155-thread-1] INFO  server.RaftServerConfigKeys (ConfUtils.java:logGet(43)) - raft.server.sleep.deviation.threshold = 300 (default)
2019-09-19 09:51:38,161 [pool-155-thread-1] INFO  server.RaftServerConfigKeys (ConfUtils.java:logGet(43)) - raft.server.log.appender.install.snapshot.enabled = false (custom)
2019-09-19 09:51:38,161 [pool-155-thread-1] INFO  impl.RaftServerImpl (ServerState.java:<init>(105)) - e5479894-df80-44da-8423-1105b30f9b8d:group-6F3894DBCF53 ConfigurationManager, init=-1: [e5479894-df80-44da-8423-1105b30f9b8d:192.168.34.5:44999], old=null, confs=<EMPTY_MAP>
2019-09-19 09:51:38,162 [pool-155-thread-1] INFO  server.RaftServerConfigKeys (ConfUtils.java:logGet(43)) - raft.server.storage.dir = [/workdir/hadoop-ozone/ozonefs/target/test-dir/MiniOzoneClusterImpl-2dcf7682-fd4a-4cc9-8c14-b1fdd7ae4a90/datanode-2/data/ratis] (custom)
2019-09-19 09:51:38,162 [pool-155-thread-1] INFO  storage.RaftStorageDirectory (RaftStorageDirectory.java:analyzeStorage(246)) - The storage directory /workdir/hadoop-ozone/ozonefs/target/test-dir/MiniOzoneClusterImpl-2dcf7682-fd4a-4cc9-8c14-b1fdd7ae4a90/datanode-2/data/ratis/aff9cee2-c9a8-4caa-a014-6f3894dbcf53 does not exist. Creating ...
2019-09-19 09:51:38,174 [pool-155-thread-1] INFO  storage.RaftStorageDirectory (RaftStorageDirectory.java:tryLock(328)) - Lock on /workdir/hadoop-ozone/ozonefs/target/test-dir/MiniOzoneClusterImpl-2dcf7682-fd4a-4cc9-8c14-b1fdd7ae4a90/datanode-2/data/ratis/aff9cee2-c9a8-4caa-a014-6f3894dbcf53/in_use.lock acquired by nodename 9507@pr-hdds-1569-j4bt4-3030777008
2019-09-19 09:51:38,187 [pool-155-thread-1] INFO  storage.RaftStorage (RaftStorage.java:format(72)) - Storage directory /workdir/hadoop-ozone/ozonefs/target/test-dir/MiniOzoneClusterImpl-2dcf7682-fd4a-4cc9-8c14-b1fdd7ae4a90/datanode-2/data/ratis/aff9cee2-c9a8-4caa-a014-6f3894dbcf53 has been successfully formatted.
2019-09-19 09:51:38,188 [pool-155-thread-1] INFO  ratis.ContainerStateMachine (ContainerStateMachine.java:loadSnapshot(226)) - group-6F3894DBCF53: The snapshot info is null. Setting the last applied indexto:(t:0, i:~)
2019-09-19 09:51:38,188 [pool-155-thread-1] INFO  server.RaftServerConfigKeys (ConfUtils.java:logGet(43)) - raft.server.leader.election.timeout = 120s (custom)
2019-09-19 09:51:38,188 [pool-155-thread-1] INFO  server.RaftServerConfigKeys (ConfUtils.java:logGet(43)) - raft.server.log.use.memory = false (default)
2019-09-19 09:51:38,188 [pool-155-thread-1] INFO  server.RaftServerConfigKeys (ConfUtils.java:logGet(43)) - raft.server.log.purge.gap = 1000000 (custom)
2019-09-19 09:51:38,188 [pool-155-thread-1] INFO  server.RaftServerConfigKeys (ConfUtils.java:logGet(43)) - raft.server.log.appender.buffer.byte-limit = 33554432 (custom)
2019-09-19 09:51:38,188 [pool-155-thread-1] INFO  server.RaftServerConfigKeys (ConfUtils.java:logGet(43)) - raft.server.log.segment.size.max = 1048576 (custom)
2019-09-19 09:51:38,189 [pool-155-thread-1] INFO  server.RaftServerConfigKeys (ConfUtils.java:logGet(43)) - raft.server.log.segment.cache.num.max = 2 (custom)
2019-09-19 09:51:38,189 [pool-155-thread-1] INFO  segmented.SegmentedRaftLogWorker (SegmentedRaftLogWorker.java:<init>(172)) - new e5479894-df80-44da-8423-1105b30f9b8d-SegmentedRaftLogWorker:Storage Directory /workdir/hadoop-ozone/ozonefs/target/test-dir/MiniOzoneClusterImpl-2dcf7682-fd4a-4cc9-8c14-b1fdd7ae4a90/datanode-2/data/ratis/aff9cee2-c9a8-4caa-a014-6f3894dbcf53 for RaftStorage:Storage Directory /workdir/hadoop-ozone/ozonefs/target/test-dir/MiniOzoneClusterImpl-2dcf7682-fd4a-4cc9-8c14-b1fdd7ae4a90/datanode-2/data/ratis/aff9cee2-c9a8-4caa-a014-6f3894dbcf53
2019-09-19 09:51:38,189 [pool-155-thread-1] INFO  server.RaftServerConfigKeys (ConfUtils.java:logGet(43)) - raft.server.log.queue.byte-limit = 2147483647 (custom)
2019-09-19 09:51:38,189 [pool-155-thread-1] INFO  server.RaftServerConfigKeys (ConfUtils.java:logGet(43)) - raft.server.log.queue.element-limit = 1024 (custom)
2019-09-19 09:51:38,189 [pool-155-thread-1] INFO  server.RaftServerConfigKeys (ConfUtils.java:logGet(43)) - raft.server.log.segment.size.max = 1048576 (custom)
2019-09-19 09:51:38,190 [pool-155-thread-1] INFO  server.RaftServerConfigKeys (ConfUtils.java:logGet(43)) - raft.server.log.preallocated.size = 16384 (custom)
2019-09-19 09:51:38,190 [pool-155-thread-1] INFO  server.RaftServerConfigKeys (ConfUtils.java:logGet(43)) - raft.server.log.write.buffer.size = 33554432 (custom)
2019-09-19 09:51:38,190 [pool-155-thread-1] INFO  server.RaftServerConfigKeys (ConfUtils.java:logGet(43)) - raft.server.log.force.sync.num = 128 (default)
2019-09-19 09:51:38,190 [pool-155-thread-1] INFO  server.RaftServerConfigKeys (ConfUtils.java:logGet(43)) - raft.server.log.statemachine.data.sync = true (default)
2019-09-19 09:51:38,190 [pool-155-thread-1] INFO  server.RaftServerConfigKeys (ConfUtils.java:logGet(43)) - raft.server.log.statemachine.data.sync.timeout = 10s (default)
2019-09-19 09:51:38,190 [pool-155-thread-1] INFO  server.RaftServerConfigKeys (ConfUtils.java:logGet(43)) - raft.server.log.statemachine.data.sync.timeout.retry = -1 (default)
2019-09-19 09:51:38,191 [pool-155-thread-1] INFO  server.RaftServerConfigKeys (ConfUtils.java:logGet(43)) - raft.server.log.statemachine.data.caching.enabled = true (custom)
2019-09-19 09:51:38,191 [pool-155-thread-1] INFO  segmented.SegmentedRaftLogWorker (SegmentedRaftLogWorker.java:lambda$new$0(132)) - e5479894-df80-44da-8423-1105b30f9b8d-SegmentedRaftLogWorker:Storage Directory /workdir/hadoop-ozone/ozonefs/target/test-dir/MiniOzoneClusterImpl-2dcf7682-fd4a-4cc9-8c14-b1fdd7ae4a90/datanode-2/data/ratis/aff9cee2-c9a8-4caa-a014-6f3894dbcf53: flushIndex: setUnconditionally 0 -> -1
2019-09-19 09:51:38,191 [pool-155-thread-1] INFO  server.RaftServerConfigKeys (ConfUtils.java:logGet(43)) - raft.server.snapshot.auto.trigger.enabled = true (custom)
2019-09-19 09:51:38,192 [pool-155-thread-1] INFO  server.RaftServerConfigKeys (ConfUtils.java:logGet(43)) - raft.server.snapshot.auto.trigger.threshold = 10000 (custom)
2019-09-19 09:51:38,192 [pool-155-thread-1] INFO  server.RaftServerConfigKeys (ConfUtils.java:logGet(43)) - raft.server.retrycache.expirytime = 600000ms (custom)
2019-09-19 09:51:38,192 [pool-155-thread-1] INFO  impl.RaftServerImpl (RaftServerImpl.java:start(180)) - e5479894-df80-44da-8423-1105b30f9b8d: start group-6F3894DBCF53
2019-09-19 09:51:38,192 [pool-155-thread-1] INFO  impl.RaftServerImpl (RaftServerImpl.java:setRole(171)) - e5479894-df80-44da-8423-1105b30f9b8d:group-6F3894DBCF53 changes role from null to FOLLOWER at term 0 for startAsFollower
2019-09-19 09:51:38,192 [pool-155-thread-1] INFO  impl.RoleInfo (RoleInfo.java:updateAndGet(143)) - e5479894-df80-44da-8423-1105b30f9b8d: start FollowerState
2019-09-19 09:51:38,193 [pool-155-thread-1] INFO  util.JmxRegister (JmxRegister.java:tryRegister(44)) - Successfully registered JMX Bean with object name Ratis:service=RaftServer,group=group-6F3894DBCF53,id=e5479894-df80-44da-8423-1105b30f9b8d
2019-09-19 09:51:38,196 [RatisPipelineUtilsThread] INFO  pipeline.PipelineStateManager (PipelineStateManager.java:addPipeline(56)) - Created pipeline Pipeline[ Id: aff9cee2-c9a8-4caa-a014-6f3894dbcf53, Nodes: e5479894-df80-44da-8423-1105b30f9b8d{ip: 192.168.34.5, host: pr-hdds-1569-j4bt4-3030777008, networkLocation: /default-rack, certSerialId: null}, Type:RATIS, Factor:ONE, State:OPEN]
2019-09-19 09:51:38,196 [RatisPipelineUtilsThread] ERROR pipeline.PipelinePlacementPolicy (PipelinePlacementPolicy.java:meetCriteria(91)) - Pipeline Placement: Doesn't meet the criteria to be viable node. Heaviness: 6
2019-09-19 09:51:38,202 [grpc-default-executor-0] INFO  impl.RaftServerProxy (RaftServerProxy.java:addNew(89)) - bd940396-f9cb-4ba3-97ee-27fe4877910e: addNew group-1D34C8FDE766:[bd940396-f9cb-4ba3-97ee-27fe4877910e:192.168.34.5:39207] returns group-1D34C8FDE766:java.util.concurrent.CompletableFuture@fb036e1[Not completed]
2019-09-19 09:51:38,203 [pool-144-thread-1] INFO  impl.RaftServerImpl (RaftServerImpl.java:<init>(93)) - bd940396-f9cb-4ba3-97ee-27fe4877910e: new RaftServerImpl for group-1D34C8FDE766:[bd940396-f9cb-4ba3-97ee-27fe4877910e:192.168.34.5:39207] with ContainerStateMachine:uninitialized
2019-09-19 09:51:38,203 [pool-144-thread-1] INFO  server.RaftServerConfigKeys (ConfUtils.java:logGet(43)) - raft.server.rpc.timeout.min = 5s (custom)
2019-09-19 09:51:38,204 [pool-144-thread-1] INFO  server.RaftServerConfigKeys (ConfUtils.java:logGet(43)) - raft.server.rpc.timeout.max = 5200ms (custom)
2019-09-19 09:51:38,204 [pool-144-thread-1] INFO  server.RaftServerConfigKeys (ConfUtils.java:logGet(43)) - raft.server.rpcslowness.timeout = 120s (custom)
2019-09-19 09:51:38,204 [pool-144-thread-1] INFO  server.RaftServerConfigKeys (ConfUtils.java:logGet(43)) - raft.server.sleep.deviation.threshold = 300 (default)
2019-09-19 09:51:38,204 [pool-144-thread-1] INFO  server.RaftServerConfigKeys (ConfUtils.java:logGet(43)) - raft.server.log.appender.install.snapshot.enabled = false (custom)
2019-09-19 09:51:38,204 [pool-144-thread-1] INFO  impl.RaftServerImpl (ServerState.java:<init>(105)) - bd940396-f9cb-4ba3-97ee-27fe4877910e:group-1D34C8FDE766 ConfigurationManager, init=-1: [bd940396-f9cb-4ba3-97ee-27fe4877910e:192.168.34.5:39207], old=null, confs=<EMPTY_MAP>
2019-09-19 09:51:38,204 [pool-144-thread-1] INFO  server.RaftServerConfigKeys (ConfUtils.java:logGet(43)) - raft.server.storage.dir = [/workdir/hadoop-ozone/ozonefs/target/test-dir/MiniOzoneClusterImpl-2dcf7682-fd4a-4cc9-8c14-b1fdd7ae4a90/datanode-1/data/ratis] (custom)
2019-09-19 09:51:38,205 [pool-144-thread-1] INFO  storage.RaftStorageDirectory (RaftStorageDirectory.java:analyzeStorage(246)) - The storage directory /workdir/hadoop-ozone/ozonefs/target/test-dir/MiniOzoneClusterImpl-2dcf7682-fd4a-4cc9-8c14-b1fdd7ae4a90/datanode-1/data/ratis/323df249-bda0-43e8-9d81-1d34c8fde766 does not exist. Creating ...
2019-09-19 09:51:38,239 [pool-144-thread-1] INFO  storage.RaftStorageDirectory (RaftStorageDirectory.java:tryLock(328)) - Lock on /workdir/hadoop-ozone/ozonefs/target/test-dir/MiniOzoneClusterImpl-2dcf7682-fd4a-4cc9-8c14-b1fdd7ae4a90/datanode-1/data/ratis/323df249-bda0-43e8-9d81-1d34c8fde766/in_use.lock acquired by nodename 9507@pr-hdds-1569-j4bt4-3030777008
2019-09-19 09:51:38,254 [pool-144-thread-1] INFO  storage.RaftStorage (RaftStorage.java:format(72)) - Storage directory /workdir/hadoop-ozone/ozonefs/target/test-dir/MiniOzoneClusterImpl-2dcf7682-fd4a-4cc9-8c14-b1fdd7ae4a90/datanode-1/data/ratis/323df249-bda0-43e8-9d81-1d34c8fde766 has been successfully formatted.
2019-09-19 09:51:38,254 [pool-144-thread-1] INFO  ratis.ContainerStateMachine (ContainerStateMachine.java:loadSnapshot(226)) - group-1D34C8FDE766: The snapshot info is null. Setting the last applied indexto:(t:0, i:~)
2019-09-19 09:51:38,255 [pool-144-thread-1] INFO  server.RaftServerConfigKeys (ConfUtils.java:logGet(43)) - raft.server.leader.election.timeout = 120s (custom)
2019-09-19 09:51:38,255 [pool-144-thread-1] INFO  server.RaftServerConfigKeys (ConfUtils.java:logGet(43)) - raft.server.log.use.memory = false (default)
2019-09-19 09:51:38,255 [pool-144-thread-1] INFO  server.RaftServerConfigKeys (ConfUtils.java:logGet(43)) - raft.server.log.purge.gap = 1000000 (custom)
2019-09-19 09:51:38,255 [pool-144-thread-1] INFO  server.RaftServerConfigKeys (ConfUtils.java:logGet(43)) - raft.server.log.appender.buffer.byte-limit = 33554432 (custom)
2019-09-19 09:51:38,255 [pool-144-thread-1] INFO  server.RaftServerConfigKeys (ConfUtils.java:logGet(43)) - raft.server.log.segment.size.max = 1048576 (custom)
2019-09-19 09:51:38,255 [pool-144-thread-1] INFO  server.RaftServerConfigKeys (ConfUtils.java:logGet(43)) - raft.server.log.segment.cache.num.max = 2 (custom)
2019-09-19 09:51:38,256 [pool-144-thread-1] INFO  segmented.SegmentedRaftLogWorker (SegmentedRaftLogWorker.java:<init>(172)) - new bd940396-f9cb-4ba3-97ee-27fe4877910e-SegmentedRaftLogWorker:Storage Directory /workdir/hadoop-ozone/ozonefs/target/test-dir/MiniOzoneClusterImpl-2dcf7682-fd4a-4cc9-8c14-b1fdd7ae4a90/datanode-1/data/ratis/323df249-bda0-43e8-9d81-1d34c8fde766 for RaftStorage:Storage Directory /workdir/hadoop-ozone/ozonefs/target/test-dir/MiniOzoneClusterImpl-2dcf7682-fd4a-4cc9-8c14-b1fdd7ae4a90/datanode-1/data/ratis/323df249-bda0-43e8-9d81-1d34c8fde766
2019-09-19 09:51:38,256 [pool-144-thread-1] INFO  server.RaftServerConfigKeys (ConfUtils.java:logGet(43)) - raft.server.log.queue.byte-limit = 2147483647 (custom)
2019-09-19 09:51:38,256 [pool-144-thread-1] INFO  server.RaftServerConfigKeys (ConfUtils.java:logGet(43)) - raft.server.log.queue.element-limit = 1024 (custom)
2019-09-19 09:51:38,256 [pool-144-thread-1] INFO  server.RaftServerConfigKeys (ConfUtils.java:logGet(43)) - raft.server.log.segment.size.max = 1048576 (custom)
2019-09-19 09:51:38,256 [pool-144-thread-1] INFO  server.RaftServerConfigKeys (ConfUtils.java:logGet(43)) - raft.server.log.preallocated.size = 16384 (custom)
2019-09-19 09:51:38,256 [pool-144-thread-1] INFO  server.RaftServerConfigKeys (ConfUtils.java:logGet(43)) - raft.server.log.write.buffer.size = 33554432 (custom)
2019-09-19 09:51:38,256 [pool-144-thread-1] INFO  server.RaftServerConfigKeys (ConfUtils.java:logGet(43)) - raft.server.log.force.sync.num = 128 (default)
2019-09-19 09:51:38,257 [pool-144-thread-1] INFO  server.RaftServerConfigKeys (ConfUtils.java:logGet(43)) - raft.server.log.statemachine.data.sync = true (default)
2019-09-19 09:51:38,257 [pool-144-thread-1] INFO  server.RaftServerConfigKeys (ConfUtils.java:logGet(43)) - raft.server.log.statemachine.data.sync.timeout = 10s (default)
2019-09-19 09:51:38,257 [pool-144-thread-1] INFO  server.RaftServerConfigKeys (ConfUtils.java:logGet(43)) - raft.server.log.statemachine.data.sync.timeout.retry = -1 (default)
2019-09-19 09:51:38,257 [pool-144-thread-1] INFO  server.RaftServerConfigKeys (ConfUtils.java:logGet(43)) - raft.server.log.statemachine.data.caching.enabled = true (custom)
2019-09-19 09:51:38,257 [pool-144-thread-1] INFO  segmented.SegmentedRaftLogWorker (SegmentedRaftLogWorker.java:lambda$new$0(132)) - bd940396-f9cb-4ba3-97ee-27fe4877910e-SegmentedRaftLogWorker:Storage Directory /workdir/hadoop-ozone/ozonefs/target/test-dir/MiniOzoneClusterImpl-2dcf7682-fd4a-4cc9-8c14-b1fdd7ae4a90/datanode-1/data/ratis/323df249-bda0-43e8-9d81-1d34c8fde766: flushIndex: setUnconditionally 0 -> -1
2019-09-19 09:51:38,258 [pool-144-thread-1] INFO  server.RaftServerConfigKeys (ConfUtils.java:logGet(43)) - raft.server.snapshot.auto.trigger.enabled = true (custom)
2019-09-19 09:51:38,258 [pool-144-thread-1] INFO  server.RaftServerConfigKeys (ConfUtils.java:logGet(43)) - raft.server.snapshot.auto.trigger.threshold = 10000 (custom)
2019-09-19 09:51:38,258 [pool-144-thread-1] INFO  server.RaftServerConfigKeys (ConfUtils.java:logGet(43)) - raft.server.retrycache.expirytime = 600000ms (custom)
2019-09-19 09:51:38,258 [pool-144-thread-1] INFO  impl.RaftServerImpl (RaftServerImpl.java:start(180)) - bd940396-f9cb-4ba3-97ee-27fe4877910e: start group-1D34C8FDE766
2019-09-19 09:51:38,258 [pool-144-thread-1] INFO  impl.RaftServerImpl (RaftServerImpl.java:setRole(171)) - bd940396-f9cb-4ba3-97ee-27fe4877910e:group-1D34C8FDE766 changes role from null to FOLLOWER at term 0 for startAsFollower
2019-09-19 09:51:38,259 [pool-144-thread-1] INFO  impl.RoleInfo (RoleInfo.java:updateAndGet(143)) - bd940396-f9cb-4ba3-97ee-27fe4877910e: start FollowerState
2019-09-19 09:51:38,259 [pool-144-thread-1] INFO  util.JmxRegister (JmxRegister.java:tryRegister(44)) - Successfully registered JMX Bean with object name Ratis:service=RaftServer,group=group-1D34C8FDE766,id=bd940396-f9cb-4ba3-97ee-27fe4877910e
2019-09-19 09:51:38,262 [RatisPipelineUtilsThread] INFO  pipeline.PipelineStateManager (PipelineStateManager.java:addPipeline(56)) - Created pipeline Pipeline[ Id: 323df249-bda0-43e8-9d81-1d34c8fde766, Nodes: bd940396-f9cb-4ba3-97ee-27fe4877910e{ip: 192.168.34.5, host: pr-hdds-1569-j4bt4-3030777008, networkLocation: /default-rack, certSerialId: null}, Type:RATIS, Factor:ONE, State:OPEN]
2019-09-19 09:51:38,262 [RatisPipelineUtilsThread] ERROR pipeline.PipelinePlacementPolicy (PipelinePlacementPolicy.java:meetCriteria(91)) - Pipeline Placement: Doesn't meet the criteria to be viable node. Heaviness: 6
2019-09-19 09:51:38,262 [RatisPipelineUtilsThread] ERROR pipeline.PipelinePlacementPolicy (PipelinePlacementPolicy.java:meetCriteria(91)) - Pipeline Placement: Doesn't meet the criteria to be viable node. Heaviness: 6
2019-09-19 09:51:38,268 [grpc-default-executor-0] INFO  impl.RaftServerProxy (RaftServerProxy.java:addNew(89)) - e5479894-df80-44da-8423-1105b30f9b8d: addNew group-BE654AA4D3E2:[e5479894-df80-44da-8423-1105b30f9b8d:192.168.34.5:44999] returns group-BE654AA4D3E2:java.util.concurrent.CompletableFuture@7020facb[Not completed]
2019-09-19 09:51:38,269 [pool-155-thread-1] INFO  impl.RaftServerImpl (RaftServerImpl.java:<init>(93)) - e5479894-df80-44da-8423-1105b30f9b8d: new RaftServerImpl for group-BE654AA4D3E2:[e5479894-df80-44da-8423-1105b30f9b8d:192.168.34.5:44999] with ContainerStateMachine:uninitialized
2019-09-19 09:51:38,269 [pool-155-thread-1] INFO  server.RaftServerConfigKeys (ConfUtils.java:logGet(43)) - raft.server.rpc.timeout.min = 5s (custom)
2019-09-19 09:51:38,270 [pool-155-thread-1] INFO  server.RaftServerConfigKeys (ConfUtils.java:logGet(43)) - raft.server.rpc.timeout.max = 5200ms (custom)
2019-09-19 09:51:38,270 [pool-155-thread-1] INFO  server.RaftServerConfigKeys (ConfUtils.java:logGet(43)) - raft.server.rpcslowness.timeout = 120s (custom)
2019-09-19 09:51:38,270 [pool-155-thread-1] INFO  server.RaftServerConfigKeys (ConfUtils.java:logGet(43)) - raft.server.sleep.deviation.threshold = 300 (default)
2019-09-19 09:51:38,270 [pool-155-thread-1] INFO  server.RaftServerConfigKeys (ConfUtils.java:logGet(43)) - raft.server.log.appender.install.snapshot.enabled = false (custom)
2019-09-19 09:51:38,270 [pool-155-thread-1] INFO  impl.RaftServerImpl (ServerState.java:<init>(105)) - e5479894-df80-44da-8423-1105b30f9b8d:group-BE654AA4D3E2 ConfigurationManager, init=-1: [e5479894-df80-44da-8423-1105b30f9b8d:192.168.34.5:44999], old=null, confs=<EMPTY_MAP>
2019-09-19 09:51:38,270 [pool-155-thread-1] INFO  server.RaftServerConfigKeys (ConfUtils.java:logGet(43)) - raft.server.storage.dir = [/workdir/hadoop-ozone/ozonefs/target/test-dir/MiniOzoneClusterImpl-2dcf7682-fd4a-4cc9-8c14-b1fdd7ae4a90/datanode-2/data/ratis] (custom)
2019-09-19 09:51:38,271 [pool-155-thread-1] INFO  storage.RaftStorageDirectory (RaftStorageDirectory.java:analyzeStorage(246)) - The storage directory /workdir/hadoop-ozone/ozonefs/target/test-dir/MiniOzoneClusterImpl-2dcf7682-fd4a-4cc9-8c14-b1fdd7ae4a90/datanode-2/data/ratis/5bc9a39f-cd85-4316-87e9-be654aa4d3e2 does not exist. Creating ...
2019-09-19 09:51:38,284 [pool-155-thread-1] INFO  storage.RaftStorageDirectory (RaftStorageDirectory.java:tryLock(328)) - Lock on /workdir/hadoop-ozone/ozonefs/target/test-dir/MiniOzoneClusterImpl-2dcf7682-fd4a-4cc9-8c14-b1fdd7ae4a90/datanode-2/data/ratis/5bc9a39f-cd85-4316-87e9-be654aa4d3e2/in_use.lock acquired by nodename 9507@pr-hdds-1569-j4bt4-3030777008
2019-09-19 09:51:38,296 [pool-155-thread-1] INFO  storage.RaftStorage (RaftStorage.java:format(72)) - Storage directory /workdir/hadoop-ozone/ozonefs/target/test-dir/MiniOzoneClusterImpl-2dcf7682-fd4a-4cc9-8c14-b1fdd7ae4a90/datanode-2/data/ratis/5bc9a39f-cd85-4316-87e9-be654aa4d3e2 has been successfully formatted.
2019-09-19 09:51:38,297 [pool-155-thread-1] INFO  ratis.ContainerStateMachine (ContainerStateMachine.java:loadSnapshot(226)) - group-BE654AA4D3E2: The snapshot info is null. Setting the last applied indexto:(t:0, i:~)
2019-09-19 09:51:38,297 [pool-155-thread-1] INFO  server.RaftServerConfigKeys (ConfUtils.java:logGet(43)) - raft.server.leader.election.timeout = 120s (custom)
2019-09-19 09:51:38,297 [pool-155-thread-1] INFO  server.RaftServerConfigKeys (ConfUtils.java:logGet(43)) - raft.server.log.use.memory = false (default)
2019-09-19 09:51:38,297 [pool-155-thread-1] INFO  server.RaftServerConfigKeys (ConfUtils.java:logGet(43)) - raft.server.log.purge.gap = 1000000 (custom)
2019-09-19 09:51:38,297 [pool-155-thread-1] INFO  server.RaftServerConfigKeys (ConfUtils.java:logGet(43)) - raft.server.log.appender.buffer.byte-limit = 33554432 (custom)
2019-09-19 09:51:38,298 [pool-155-thread-1] INFO  server.RaftServerConfigKeys (ConfUtils.java:logGet(43)) - raft.server.log.segment.size.max = 1048576 (custom)
2019-09-19 09:51:38,298 [pool-155-thread-1] INFO  server.RaftServerConfigKeys (ConfUtils.java:logGet(43)) - raft.server.log.segment.cache.num.max = 2 (custom)
2019-09-19 09:51:38,298 [pool-155-thread-1] INFO  segmented.SegmentedRaftLogWorker (SegmentedRaftLogWorker.java:<init>(172)) - new e5479894-df80-44da-8423-1105b30f9b8d-SegmentedRaftLogWorker:Storage Directory /workdir/hadoop-ozone/ozonefs/target/test-dir/MiniOzoneClusterImpl-2dcf7682-fd4a-4cc9-8c14-b1fdd7ae4a90/datanode-2/data/ratis/5bc9a39f-cd85-4316-87e9-be654aa4d3e2 for RaftStorage:Storage Directory /workdir/hadoop-ozone/ozonefs/target/test-dir/MiniOzoneClusterImpl-2dcf7682-fd4a-4cc9-8c14-b1fdd7ae4a90/datanode-2/data/ratis/5bc9a39f-cd85-4316-87e9-be654aa4d3e2
2019-09-19 09:51:38,298 [pool-155-thread-1] INFO  server.RaftServerConfigKeys (ConfUtils.java:logGet(43)) - raft.server.log.queue.byte-limit = 2147483647 (custom)
2019-09-19 09:51:38,298 [pool-155-thread-1] INFO  server.RaftServerConfigKeys (ConfUtils.java:logGet(43)) - raft.server.log.queue.element-limit = 1024 (custom)
2019-09-19 09:51:38,298 [pool-155-thread-1] INFO  server.RaftServerConfigKeys (ConfUtils.java:logGet(43)) - raft.server.log.segment.size.max = 1048576 (custom)
2019-09-19 09:51:38,298 [pool-155-thread-1] INFO  server.RaftServerConfigKeys (ConfUtils.java:logGet(43)) - raft.server.log.preallocated.size = 16384 (custom)
2019-09-19 09:51:38,299 [pool-155-thread-1] INFO  server.RaftServerConfigKeys (ConfUtils.java:logGet(43)) - raft.server.log.write.buffer.size = 33554432 (custom)
2019-09-19 09:51:38,299 [pool-155-thread-1] INFO  server.RaftServerConfigKeys (ConfUtils.java:logGet(43)) - raft.server.log.force.sync.num = 128 (default)
2019-09-19 09:51:38,299 [pool-155-thread-1] INFO  server.RaftServerConfigKeys (ConfUtils.java:logGet(43)) - raft.server.log.statemachine.data.sync = true (default)
2019-09-19 09:51:38,299 [pool-155-thread-1] INFO  server.RaftServerConfigKeys (ConfUtils.java:logGet(43)) - raft.server.log.statemachine.data.sync.timeout = 10s (default)
2019-09-19 09:51:38,299 [pool-155-thread-1] INFO  server.RaftServerConfigKeys (ConfUtils.java:logGet(43)) - raft.server.log.statemachine.data.sync.timeout.retry = -1 (default)
2019-09-19 09:51:38,299 [pool-155-thread-1] INFO  server.RaftServerConfigKeys (ConfUtils.java:logGet(43)) - raft.server.log.statemachine.data.caching.enabled = true (custom)
2019-09-19 09:51:38,300 [pool-155-thread-1] INFO  segmented.SegmentedRaftLogWorker (SegmentedRaftLogWorker.java:lambda$new$0(132)) - e5479894-df80-44da-8423-1105b30f9b8d-SegmentedRaftLogWorker:Storage Directory /workdir/hadoop-ozone/ozonefs/target/test-dir/MiniOzoneClusterImpl-2dcf7682-fd4a-4cc9-8c14-b1fdd7ae4a90/datanode-2/data/ratis/5bc9a39f-cd85-4316-87e9-be654aa4d3e2: flushIndex: setUnconditionally 0 -> -1
2019-09-19 09:51:38,300 [pool-155-thread-1] INFO  server.RaftServerConfigKeys (ConfUtils.java:logGet(43)) - raft.server.snapshot.auto.trigger.enabled = true (custom)
2019-09-19 09:51:38,300 [pool-155-thread-1] INFO  server.RaftServerConfigKeys (ConfUtils.java:logGet(43)) - raft.server.snapshot.auto.trigger.threshold = 10000 (custom)
2019-09-19 09:51:38,300 [pool-155-thread-1] INFO  server.RaftServerConfigKeys (ConfUtils.java:logGet(43)) - raft.server.retrycache.expirytime = 600000ms (custom)
2019-09-19 09:51:38,301 [pool-155-thread-1] INFO  impl.RaftServerImpl (RaftServerImpl.java:start(180)) - e5479894-df80-44da-8423-1105b30f9b8d: start group-BE654AA4D3E2
2019-09-19 09:51:38,301 [pool-155-thread-1] INFO  impl.RaftServerImpl (RaftServerImpl.java:setRole(171)) - e5479894-df80-44da-8423-1105b30f9b8d:group-BE654AA4D3E2 changes role from null to FOLLOWER at term 0 for startAsFollower
2019-09-19 09:51:38,301 [pool-155-thread-1] INFO  impl.RoleInfo (RoleInfo.java:updateAndGet(143)) - e5479894-df80-44da-8423-1105b30f9b8d: start FollowerState
2019-09-19 09:51:38,301 [pool-155-thread-1] INFO  util.JmxRegister (JmxRegister.java:tryRegister(44)) - Successfully registered JMX Bean with object name Ratis:service=RaftServer,group=group-BE654AA4D3E2,id=e5479894-df80-44da-8423-1105b30f9b8d
2019-09-19 09:51:38,304 [RatisPipelineUtilsThread] INFO  pipeline.PipelineStateManager (PipelineStateManager.java:addPipeline(56)) - Created pipeline Pipeline[ Id: 5bc9a39f-cd85-4316-87e9-be654aa4d3e2, Nodes: e5479894-df80-44da-8423-1105b30f9b8d{ip: 192.168.34.5, host: pr-hdds-1569-j4bt4-3030777008, networkLocation: /default-rack, certSerialId: null}, Type:RATIS, Factor:ONE, State:OPEN]
2019-09-19 09:51:38,304 [RatisPipelineUtilsThread] ERROR pipeline.PipelinePlacementPolicy (PipelinePlacementPolicy.java:meetCriteria(91)) - Pipeline Placement: Doesn't meet the criteria to be viable node. Heaviness: 6
2019-09-19 09:51:38,304 [RatisPipelineUtilsThread] ERROR pipeline.PipelinePlacementPolicy (PipelinePlacementPolicy.java:meetCriteria(91)) - Pipeline Placement: Doesn't meet the criteria to be viable node. Heaviness: 6
2019-09-19 09:51:38,310 [grpc-default-executor-0] INFO  impl.RaftServerProxy (RaftServerProxy.java:addNew(89)) - e5479894-df80-44da-8423-1105b30f9b8d: addNew group-A6A14DF7DF4A:[e5479894-df80-44da-8423-1105b30f9b8d:192.168.34.5:44999] returns group-A6A14DF7DF4A:java.util.concurrent.CompletableFuture@2998b61c[Not completed]
2019-09-19 09:51:38,311 [pool-155-thread-1] INFO  impl.RaftServerImpl (RaftServerImpl.java:<init>(93)) - e5479894-df80-44da-8423-1105b30f9b8d: new RaftServerImpl for group-A6A14DF7DF4A:[e5479894-df80-44da-8423-1105b30f9b8d:192.168.34.5:44999] with ContainerStateMachine:uninitialized
2019-09-19 09:51:38,311 [pool-155-thread-1] INFO  server.RaftServerConfigKeys (ConfUtils.java:logGet(43)) - raft.server.rpc.timeout.min = 5s (custom)
2019-09-19 09:51:38,311 [pool-155-thread-1] INFO  server.RaftServerConfigKeys (ConfUtils.java:logGet(43)) - raft.server.rpc.timeout.max = 5200ms (custom)
2019-09-19 09:51:38,311 [pool-155-thread-1] INFO  server.RaftServerConfigKeys (ConfUtils.java:logGet(43)) - raft.server.rpcslowness.timeout = 120s (custom)
2019-09-19 09:51:38,311 [pool-155-thread-1] INFO  server.RaftServerConfigKeys (ConfUtils.java:logGet(43)) - raft.server.sleep.deviation.threshold = 300 (default)
2019-09-19 09:51:38,312 [pool-155-thread-1] INFO  server.RaftServerConfigKeys (ConfUtils.java:logGet(43)) - raft.server.log.appender.install.snapshot.enabled = false (custom)
2019-09-19 09:51:38,312 [pool-155-thread-1] INFO  impl.RaftServerImpl (ServerState.java:<init>(105)) - e5479894-df80-44da-8423-1105b30f9b8d:group-A6A14DF7DF4A ConfigurationManager, init=-1: [e5479894-df80-44da-8423-1105b30f9b8d:192.168.34.5:44999], old=null, confs=<EMPTY_MAP>
2019-09-19 09:51:38,312 [pool-155-thread-1] INFO  server.RaftServerConfigKeys (ConfUtils.java:logGet(43)) - raft.server.storage.dir = [/workdir/hadoop-ozone/ozonefs/target/test-dir/MiniOzoneClusterImpl-2dcf7682-fd4a-4cc9-8c14-b1fdd7ae4a90/datanode-2/data/ratis] (custom)
2019-09-19 09:51:38,312 [pool-155-thread-1] INFO  storage.RaftStorageDirectory (RaftStorageDirectory.java:analyzeStorage(246)) - The storage directory /workdir/hadoop-ozone/ozonefs/target/test-dir/MiniOzoneClusterImpl-2dcf7682-fd4a-4cc9-8c14-b1fdd7ae4a90/datanode-2/data/ratis/4bfbc78d-8435-4359-bf3c-a6a14df7df4a does not exist. Creating ...
2019-09-19 09:51:38,325 [pool-155-thread-1] INFO  storage.RaftStorageDirectory (RaftStorageDirectory.java:tryLock(328)) - Lock on /workdir/hadoop-ozone/ozonefs/target/test-dir/MiniOzoneClusterImpl-2dcf7682-fd4a-4cc9-8c14-b1fdd7ae4a90/datanode-2/data/ratis/4bfbc78d-8435-4359-bf3c-a6a14df7df4a/in_use.lock acquired by nodename 9507@pr-hdds-1569-j4bt4-3030777008
2019-09-19 09:51:38,337 [pool-155-thread-1] INFO  storage.RaftStorage (RaftStorage.java:format(72)) - Storage directory /workdir/hadoop-ozone/ozonefs/target/test-dir/MiniOzoneClusterImpl-2dcf7682-fd4a-4cc9-8c14-b1fdd7ae4a90/datanode-2/data/ratis/4bfbc78d-8435-4359-bf3c-a6a14df7df4a has been successfully formatted.
2019-09-19 09:51:38,338 [pool-155-thread-1] INFO  ratis.ContainerStateMachine (ContainerStateMachine.java:loadSnapshot(226)) - group-A6A14DF7DF4A: The snapshot info is null. Setting the last applied indexto:(t:0, i:~)
2019-09-19 09:51:38,338 [pool-155-thread-1] INFO  server.RaftServerConfigKeys (ConfUtils.java:logGet(43)) - raft.server.leader.election.timeout = 120s (custom)
2019-09-19 09:51:38,338 [pool-155-thread-1] INFO  server.RaftServerConfigKeys (ConfUtils.java:logGet(43)) - raft.server.log.use.memory = false (default)
2019-09-19 09:51:38,338 [pool-155-thread-1] INFO  server.RaftServerConfigKeys (ConfUtils.java:logGet(43)) - raft.server.log.purge.gap = 1000000 (custom)
2019-09-19 09:51:38,338 [pool-155-thread-1] INFO  server.RaftServerConfigKeys (ConfUtils.java:logGet(43)) - raft.server.log.appender.buffer.byte-limit = 33554432 (custom)
2019-09-19 09:51:38,338 [pool-155-thread-1] INFO  server.RaftServerConfigKeys (ConfUtils.java:logGet(43)) - raft.server.log.segment.size.max = 1048576 (custom)
2019-09-19 09:51:38,338 [pool-155-thread-1] INFO  server.RaftServerConfigKeys (ConfUtils.java:logGet(43)) - raft.server.log.segment.cache.num.max = 2 (custom)
2019-09-19 09:51:38,339 [pool-155-thread-1] INFO  segmented.SegmentedRaftLogWorker (SegmentedRaftLogWorker.java:<init>(172)) - new e5479894-df80-44da-8423-1105b30f9b8d-SegmentedRaftLogWorker:Storage Directory /workdir/hadoop-ozone/ozonefs/target/test-dir/MiniOzoneClusterImpl-2dcf7682-fd4a-4cc9-8c14-b1fdd7ae4a90/datanode-2/data/ratis/4bfbc78d-8435-4359-bf3c-a6a14df7df4a for RaftStorage:Storage Directory /workdir/hadoop-ozone/ozonefs/target/test-dir/MiniOzoneClusterImpl-2dcf7682-fd4a-4cc9-8c14-b1fdd7ae4a90/datanode-2/data/ratis/4bfbc78d-8435-4359-bf3c-a6a14df7df4a
2019-09-19 09:51:38,339 [pool-155-thread-1] INFO  server.RaftServerConfigKeys (ConfUtils.java:logGet(43)) - raft.server.log.queue.byte-limit = 2147483647 (custom)
2019-09-19 09:51:38,339 [pool-155-thread-1] INFO  server.RaftServerConfigKeys (ConfUtils.java:logGet(43)) - raft.server.log.queue.element-limit = 1024 (custom)
2019-09-19 09:51:38,339 [pool-155-thread-1] INFO  server.RaftServerConfigKeys (ConfUtils.java:logGet(43)) - raft.server.log.segment.size.max = 1048576 (custom)
2019-09-19 09:51:38,339 [pool-155-thread-1] INFO  server.RaftServerConfigKeys (ConfUtils.java:logGet(43)) - raft.server.log.preallocated.size = 16384 (custom)
2019-09-19 09:51:38,339 [pool-155-thread-1] INFO  server.RaftServerConfigKeys (ConfUtils.java:logGet(43)) - raft.server.log.write.buffer.size = 33554432 (custom)
2019-09-19 09:51:38,339 [pool-155-thread-1] INFO  server.RaftServerConfigKeys (ConfUtils.java:logGet(43)) - raft.server.log.force.sync.num = 128 (default)
2019-09-19 09:51:38,339 [pool-155-thread-1] INFO  server.RaftServerConfigKeys (ConfUtils.java:logGet(43)) - raft.server.log.statemachine.data.sync = true (default)
2019-09-19 09:51:38,340 [pool-155-thread-1] INFO  server.RaftServerConfigKeys (ConfUtils.java:logGet(43)) - raft.server.log.statemachine.data.sync.timeout = 10s (default)
2019-09-19 09:51:38,340 [pool-155-thread-1] INFO  server.RaftServerConfigKeys (ConfUtils.java:logGet(43)) - raft.server.log.statemachine.data.sync.timeout.retry = -1 (default)
2019-09-19 09:51:38,340 [pool-155-thread-1] INFO  server.RaftServerConfigKeys (ConfUtils.java:logGet(43)) - raft.server.log.statemachine.data.caching.enabled = true (custom)
2019-09-19 09:51:38,340 [pool-155-thread-1] INFO  segmented.SegmentedRaftLogWorker (SegmentedRaftLogWorker.java:lambda$new$0(132)) - e5479894-df80-44da-8423-1105b30f9b8d-SegmentedRaftLogWorker:Storage Directory /workdir/hadoop-ozone/ozonefs/target/test-dir/MiniOzoneClusterImpl-2dcf7682-fd4a-4cc9-8c14-b1fdd7ae4a90/datanode-2/data/ratis/4bfbc78d-8435-4359-bf3c-a6a14df7df4a: flushIndex: setUnconditionally 0 -> -1
2019-09-19 09:51:38,340 [pool-155-thread-1] INFO  server.RaftServerConfigKeys (ConfUtils.java:logGet(43)) - raft.server.snapshot.auto.trigger.enabled = true (custom)
2019-09-19 09:51:38,341 [pool-155-thread-1] INFO  server.RaftServerConfigKeys (ConfUtils.java:logGet(43)) - raft.server.snapshot.auto.trigger.threshold = 10000 (custom)
2019-09-19 09:51:38,341 [pool-155-thread-1] INFO  server.RaftServerConfigKeys (ConfUtils.java:logGet(43)) - raft.server.retrycache.expirytime = 600000ms (custom)
2019-09-19 09:51:38,341 [pool-155-thread-1] INFO  impl.RaftServerImpl (RaftServerImpl.java:start(180)) - e5479894-df80-44da-8423-1105b30f9b8d: start group-A6A14DF7DF4A
2019-09-19 09:51:38,341 [pool-155-thread-1] INFO  impl.RaftServerImpl (RaftServerImpl.java:setRole(171)) - e5479894-df80-44da-8423-1105b30f9b8d:group-A6A14DF7DF4A changes role from null to FOLLOWER at term 0 for startAsFollower
2019-09-19 09:51:38,341 [pool-155-thread-1] INFO  impl.RoleInfo (RoleInfo.java:updateAndGet(143)) - e5479894-df80-44da-8423-1105b30f9b8d: start FollowerState
2019-09-19 09:51:38,342 [pool-155-thread-1] INFO  util.JmxRegister (JmxRegister.java:tryRegister(44)) - Successfully registered JMX Bean with object name Ratis:service=RaftServer,group=group-A6A14DF7DF4A,id=e5479894-df80-44da-8423-1105b30f9b8d
2019-09-19 09:51:38,344 [RatisPipelineUtilsThread] INFO  pipeline.PipelineStateManager (PipelineStateManager.java:addPipeline(56)) - Created pipeline Pipeline[ Id: 4bfbc78d-8435-4359-bf3c-a6a14df7df4a, Nodes: e5479894-df80-44da-8423-1105b30f9b8d{ip: 192.168.34.5, host: pr-hdds-1569-j4bt4-3030777008, networkLocation: /default-rack, certSerialId: null}, Type:RATIS, Factor:ONE, State:OPEN]
2019-09-19 09:51:38,344 [RatisPipelineUtilsThread] ERROR pipeline.PipelinePlacementPolicy (PipelinePlacementPolicy.java:meetCriteria(91)) - Pipeline Placement: Doesn't meet the criteria to be viable node. Heaviness: 6
2019-09-19 09:51:38,344 [RatisPipelineUtilsThread] ERROR pipeline.PipelinePlacementPolicy (PipelinePlacementPolicy.java:meetCriteria(91)) - Pipeline Placement: Doesn't meet the criteria to be viable node. Heaviness: 6
2019-09-19 09:51:38,353 [grpc-default-executor-0] INFO  impl.RaftServerProxy (RaftServerProxy.java:addNew(89)) - e5479894-df80-44da-8423-1105b30f9b8d: addNew group-8BA4923FF7A7:[e5479894-df80-44da-8423-1105b30f9b8d:192.168.34.5:44999] returns group-8BA4923FF7A7:java.util.concurrent.CompletableFuture@19c012fb[Not completed]
2019-09-19 09:51:38,355 [pool-155-thread-1] INFO  impl.RaftServerImpl (RaftServerImpl.java:<init>(93)) - e5479894-df80-44da-8423-1105b30f9b8d: new RaftServerImpl for group-8BA4923FF7A7:[e5479894-df80-44da-8423-1105b30f9b8d:192.168.34.5:44999] with ContainerStateMachine:uninitialized
2019-09-19 09:51:38,355 [pool-155-thread-1] INFO  server.RaftServerConfigKeys (ConfUtils.java:logGet(43)) - raft.server.rpc.timeout.min = 5s (custom)
2019-09-19 09:51:38,355 [pool-155-thread-1] INFO  server.RaftServerConfigKeys (ConfUtils.java:logGet(43)) - raft.server.rpc.timeout.max = 5200ms (custom)
2019-09-19 09:51:38,355 [pool-155-thread-1] INFO  server.RaftServerConfigKeys (ConfUtils.java:logGet(43)) - raft.server.rpcslowness.timeout = 120s (custom)
2019-09-19 09:51:38,355 [pool-155-thread-1] INFO  server.RaftServerConfigKeys (ConfUtils.java:logGet(43)) - raft.server.sleep.deviation.threshold = 300 (default)
2019-09-19 09:51:38,356 [pool-155-thread-1] INFO  server.RaftServerConfigKeys (ConfUtils.java:logGet(43)) - raft.server.log.appender.install.snapshot.enabled = false (custom)
2019-09-19 09:51:38,356 [pool-155-thread-1] INFO  impl.RaftServerImpl (ServerState.java:<init>(105)) - e5479894-df80-44da-8423-1105b30f9b8d:group-8BA4923FF7A7 ConfigurationManager, init=-1: [e5479894-df80-44da-8423-1105b30f9b8d:192.168.34.5:44999], old=null, confs=<EMPTY_MAP>
2019-09-19 09:51:38,356 [pool-155-thread-1] INFO  server.RaftServerConfigKeys (ConfUtils.java:logGet(43)) - raft.server.storage.dir = [/workdir/hadoop-ozone/ozonefs/target/test-dir/MiniOzoneClusterImpl-2dcf7682-fd4a-4cc9-8c14-b1fdd7ae4a90/datanode-2/data/ratis] (custom)
2019-09-19 09:51:38,356 [pool-155-thread-1] INFO  storage.RaftStorageDirectory (RaftStorageDirectory.java:analyzeStorage(246)) - The storage directory /workdir/hadoop-ozone/ozonefs/target/test-dir/MiniOzoneClusterImpl-2dcf7682-fd4a-4cc9-8c14-b1fdd7ae4a90/datanode-2/data/ratis/b0a69ec6-9469-43a2-9c43-8ba4923ff7a7 does not exist. Creating ...
2019-09-19 09:51:38,369 [pool-155-thread-1] INFO  storage.RaftStorageDirectory (RaftStorageDirectory.java:tryLock(328)) - Lock on /workdir/hadoop-ozone/ozonefs/target/test-dir/MiniOzoneClusterImpl-2dcf7682-fd4a-4cc9-8c14-b1fdd7ae4a90/datanode-2/data/ratis/b0a69ec6-9469-43a2-9c43-8ba4923ff7a7/in_use.lock acquired by nodename 9507@pr-hdds-1569-j4bt4-3030777008
2019-09-19 09:51:38,383 [pool-155-thread-1] INFO  storage.RaftStorage (RaftStorage.java:format(72)) - Storage directory /workdir/hadoop-ozone/ozonefs/target/test-dir/MiniOzoneClusterImpl-2dcf7682-fd4a-4cc9-8c14-b1fdd7ae4a90/datanode-2/data/ratis/b0a69ec6-9469-43a2-9c43-8ba4923ff7a7 has been successfully formatted.
2019-09-19 09:51:38,383 [pool-155-thread-1] INFO  ratis.ContainerStateMachine (ContainerStateMachine.java:loadSnapshot(226)) - group-8BA4923FF7A7: The snapshot info is null. Setting the last applied indexto:(t:0, i:~)
2019-09-19 09:51:38,383 [pool-155-thread-1] INFO  server.RaftServerConfigKeys (ConfUtils.java:logGet(43)) - raft.server.leader.election.timeout = 120s (custom)
2019-09-19 09:51:38,383 [pool-155-thread-1] INFO  server.RaftServerConfigKeys (ConfUtils.java:logGet(43)) - raft.server.log.use.memory = false (default)
2019-09-19 09:51:38,383 [pool-155-thread-1] INFO  server.RaftServerConfigKeys (ConfUtils.java:logGet(43)) - raft.server.log.purge.gap = 1000000 (custom)
2019-09-19 09:51:38,384 [pool-155-thread-1] INFO  server.RaftServerConfigKeys (ConfUtils.java:logGet(43)) - raft.server.log.appender.buffer.byte-limit = 33554432 (custom)
2019-09-19 09:51:38,384 [pool-155-thread-1] INFO  server.RaftServerConfigKeys (ConfUtils.java:logGet(43)) - raft.server.log.segment.size.max = 1048576 (custom)
2019-09-19 09:51:38,384 [pool-155-thread-1] INFO  server.RaftServerConfigKeys (ConfUtils.java:logGet(43)) - raft.server.log.segment.cache.num.max = 2 (custom)
2019-09-19 09:51:38,384 [pool-155-thread-1] INFO  segmented.SegmentedRaftLogWorker (SegmentedRaftLogWorker.java:<init>(172)) - new e5479894-df80-44da-8423-1105b30f9b8d-SegmentedRaftLogWorker:Storage Directory /workdir/hadoop-ozone/ozonefs/target/test-dir/MiniOzoneClusterImpl-2dcf7682-fd4a-4cc9-8c14-b1fdd7ae4a90/datanode-2/data/ratis/b0a69ec6-9469-43a2-9c43-8ba4923ff7a7 for RaftStorage:Storage Directory /workdir/hadoop-ozone/ozonefs/target/test-dir/MiniOzoneClusterImpl-2dcf7682-fd4a-4cc9-8c14-b1fdd7ae4a90/datanode-2/data/ratis/b0a69ec6-9469-43a2-9c43-8ba4923ff7a7
2019-09-19 09:51:38,384 [pool-155-thread-1] INFO  server.RaftServerConfigKeys (ConfUtils.java:logGet(43)) - raft.server.log.queue.byte-limit = 2147483647 (custom)
2019-09-19 09:51:38,384 [pool-155-thread-1] INFO  server.RaftServerConfigKeys (ConfUtils.java:logGet(43)) - raft.server.log.queue.element-limit = 1024 (custom)
2019-09-19 09:51:38,384 [pool-155-thread-1] INFO  server.RaftServerConfigKeys (ConfUtils.java:logGet(43)) - raft.server.log.segment.size.max = 1048576 (custom)
2019-09-19 09:51:38,384 [pool-155-thread-1] INFO  server.RaftServerConfigKeys (ConfUtils.java:logGet(43)) - raft.server.log.preallocated.size = 16384 (custom)
2019-09-19 09:51:38,385 [pool-155-thread-1] INFO  server.RaftServerConfigKeys (ConfUtils.java:logGet(43)) - raft.server.log.write.buffer.size = 33554432 (custom)
2019-09-19 09:51:38,385 [pool-155-thread-1] INFO  server.RaftServerConfigKeys (ConfUtils.java:logGet(43)) - raft.server.log.force.sync.num = 128 (default)
2019-09-19 09:51:38,385 [pool-155-thread-1] INFO  server.RaftServerConfigKeys (ConfUtils.java:logGet(43)) - raft.server.log.statemachine.data.sync = true (default)
2019-09-19 09:51:38,385 [pool-155-thread-1] INFO  server.RaftServerConfigKeys (ConfUtils.java:logGet(43)) - raft.server.log.statemachine.data.sync.timeout = 10s (default)
2019-09-19 09:51:38,385 [pool-155-thread-1] INFO  server.RaftServerConfigKeys (ConfUtils.java:logGet(43)) - raft.server.log.statemachine.data.sync.timeout.retry = -1 (default)
2019-09-19 09:51:38,385 [pool-155-thread-1] INFO  server.RaftServerConfigKeys (ConfUtils.java:logGet(43)) - raft.server.log.statemachine.data.caching.enabled = true (custom)
2019-09-19 09:51:38,385 [pool-155-thread-1] INFO  segmented.SegmentedRaftLogWorker (SegmentedRaftLogWorker.java:lambda$new$0(132)) - e5479894-df80-44da-8423-1105b30f9b8d-SegmentedRaftLogWorker:Storage Directory /workdir/hadoop-ozone/ozonefs/target/test-dir/MiniOzoneClusterImpl-2dcf7682-fd4a-4cc9-8c14-b1fdd7ae4a90/datanode-2/data/ratis/b0a69ec6-9469-43a2-9c43-8ba4923ff7a7: flushIndex: setUnconditionally 0 -> -1
2019-09-19 09:51:38,386 [pool-155-thread-1] INFO  server.RaftServerConfigKeys (ConfUtils.java:logGet(43)) - raft.server.snapshot.auto.trigger.enabled = true (custom)
2019-09-19 09:51:38,386 [pool-155-thread-1] INFO  server.RaftServerConfigKeys (ConfUtils.java:logGet(43)) - raft.server.snapshot.auto.trigger.threshold = 10000 (custom)
2019-09-19 09:51:38,386 [pool-155-thread-1] INFO  server.RaftServerConfigKeys (ConfUtils.java:logGet(43)) - raft.server.retrycache.expirytime = 600000ms (custom)
2019-09-19 09:51:38,386 [pool-155-thread-1] INFO  impl.RaftServerImpl (RaftServerImpl.java:start(180)) - e5479894-df80-44da-8423-1105b30f9b8d: start group-8BA4923FF7A7
2019-09-19 09:51:38,386 [pool-155-thread-1] INFO  impl.RaftServerImpl (RaftServerImpl.java:setRole(171)) - e5479894-df80-44da-8423-1105b30f9b8d:group-8BA4923FF7A7 changes role from null to FOLLOWER at term 0 for startAsFollower
2019-09-19 09:51:38,387 [pool-155-thread-1] INFO  impl.RoleInfo (RoleInfo.java:updateAndGet(143)) - e5479894-df80-44da-8423-1105b30f9b8d: start FollowerState
2019-09-19 09:51:38,387 [pool-155-thread-1] INFO  util.JmxRegister (JmxRegister.java:tryRegister(44)) - Successfully registered JMX Bean with object name Ratis:service=RaftServer,group=group-8BA4923FF7A7,id=e5479894-df80-44da-8423-1105b30f9b8d
2019-09-19 09:51:38,390 [RatisPipelineUtilsThread] INFO  pipeline.PipelineStateManager (PipelineStateManager.java:addPipeline(56)) - Created pipeline Pipeline[ Id: b0a69ec6-9469-43a2-9c43-8ba4923ff7a7, Nodes: e5479894-df80-44da-8423-1105b30f9b8d{ip: 192.168.34.5, host: pr-hdds-1569-j4bt4-3030777008, networkLocation: /default-rack, certSerialId: null}, Type:RATIS, Factor:ONE, State:OPEN]
2019-09-19 09:51:38,391 [RatisPipelineUtilsThread] ERROR pipeline.PipelinePlacementPolicy (PipelinePlacementPolicy.java:meetCriteria(91)) - Pipeline Placement: Doesn't meet the criteria to be viable node. Heaviness: 6
2019-09-19 09:51:38,391 [RatisPipelineUtilsThread] ERROR pipeline.PipelinePlacementPolicy (PipelinePlacementPolicy.java:meetCriteria(91)) - Pipeline Placement: Doesn't meet the criteria to be viable node. Heaviness: 6
2019-09-19 09:51:38,396 [grpc-default-executor-0] INFO  impl.RaftServerProxy (RaftServerProxy.java:addNew(89)) - e5479894-df80-44da-8423-1105b30f9b8d: addNew group-ECFA1B2C95E7:[e5479894-df80-44da-8423-1105b30f9b8d:192.168.34.5:44999] returns group-ECFA1B2C95E7:java.util.concurrent.CompletableFuture@5ee7327f[Not completed]
2019-09-19 09:51:38,397 [pool-155-thread-1] INFO  impl.RaftServerImpl (RaftServerImpl.java:<init>(93)) - e5479894-df80-44da-8423-1105b30f9b8d: new RaftServerImpl for group-ECFA1B2C95E7:[e5479894-df80-44da-8423-1105b30f9b8d:192.168.34.5:44999] with ContainerStateMachine:uninitialized
2019-09-19 09:51:38,397 [pool-155-thread-1] INFO  server.RaftServerConfigKeys (ConfUtils.java:logGet(43)) - raft.server.rpc.timeout.min = 5s (custom)
2019-09-19 09:51:38,398 [pool-155-thread-1] INFO  server.RaftServerConfigKeys (ConfUtils.java:logGet(43)) - raft.server.rpc.timeout.max = 5200ms (custom)
2019-09-19 09:51:38,398 [pool-155-thread-1] INFO  server.RaftServerConfigKeys (ConfUtils.java:logGet(43)) - raft.server.rpcslowness.timeout = 120s (custom)
2019-09-19 09:51:38,398 [pool-155-thread-1] INFO  server.RaftServerConfigKeys (ConfUtils.java:logGet(43)) - raft.server.sleep.deviation.threshold = 300 (default)
2019-09-19 09:51:38,398 [pool-155-thread-1] INFO  server.RaftServerConfigKeys (ConfUtils.java:logGet(43)) - raft.server.log.appender.install.snapshot.enabled = false (custom)
2019-09-19 09:51:38,398 [pool-155-thread-1] INFO  impl.RaftServerImpl (ServerState.java:<init>(105)) - e5479894-df80-44da-8423-1105b30f9b8d:group-ECFA1B2C95E7 ConfigurationManager, init=-1: [e5479894-df80-44da-8423-1105b30f9b8d:192.168.34.5:44999], old=null, confs=<EMPTY_MAP>
2019-09-19 09:51:38,398 [pool-155-thread-1] INFO  server.RaftServerConfigKeys (ConfUtils.java:logGet(43)) - raft.server.storage.dir = [/workdir/hadoop-ozone/ozonefs/target/test-dir/MiniOzoneClusterImpl-2dcf7682-fd4a-4cc9-8c14-b1fdd7ae4a90/datanode-2/data/ratis] (custom)
2019-09-19 09:51:38,399 [pool-155-thread-1] INFO  storage.RaftStorageDirectory (RaftStorageDirectory.java:analyzeStorage(246)) - The storage directory /workdir/hadoop-ozone/ozonefs/target/test-dir/MiniOzoneClusterImpl-2dcf7682-fd4a-4cc9-8c14-b1fdd7ae4a90/datanode-2/data/ratis/f1f24fa5-f740-4faa-8b76-ecfa1b2c95e7 does not exist. Creating ...
2019-09-19 09:51:38,411 [pool-155-thread-1] INFO  storage.RaftStorageDirectory (RaftStorageDirectory.java:tryLock(328)) - Lock on /workdir/hadoop-ozone/ozonefs/target/test-dir/MiniOzoneClusterImpl-2dcf7682-fd4a-4cc9-8c14-b1fdd7ae4a90/datanode-2/data/ratis/f1f24fa5-f740-4faa-8b76-ecfa1b2c95e7/in_use.lock acquired by nodename 9507@pr-hdds-1569-j4bt4-3030777008
2019-09-19 09:51:38,424 [pool-155-thread-1] INFO  storage.RaftStorage (RaftStorage.java:format(72)) - Storage directory /workdir/hadoop-ozone/ozonefs/target/test-dir/MiniOzoneClusterImpl-2dcf7682-fd4a-4cc9-8c14-b1fdd7ae4a90/datanode-2/data/ratis/f1f24fa5-f740-4faa-8b76-ecfa1b2c95e7 has been successfully formatted.
2019-09-19 09:51:38,424 [pool-155-thread-1] INFO  ratis.ContainerStateMachine (ContainerStateMachine.java:loadSnapshot(226)) - group-ECFA1B2C95E7: The snapshot info is null. Setting the last applied indexto:(t:0, i:~)
2019-09-19 09:51:38,425 [pool-155-thread-1] INFO  server.RaftServerConfigKeys (ConfUtils.java:logGet(43)) - raft.server.leader.election.timeout = 120s (custom)
2019-09-19 09:51:38,425 [pool-155-thread-1] INFO  server.RaftServerConfigKeys (ConfUtils.java:logGet(43)) - raft.server.log.use.memory = false (default)
2019-09-19 09:51:38,425 [pool-155-thread-1] INFO  server.RaftServerConfigKeys (ConfUtils.java:logGet(43)) - raft.server.log.purge.gap = 1000000 (custom)
2019-09-19 09:51:38,425 [pool-155-thread-1] INFO  server.RaftServerConfigKeys (ConfUtils.java:logGet(43)) - raft.server.log.appender.buffer.byte-limit = 33554432 (custom)
2019-09-19 09:51:38,425 [pool-155-thread-1] INFO  server.RaftServerConfigKeys (ConfUtils.java:logGet(43)) - raft.server.log.segment.size.max = 1048576 (custom)
2019-09-19 09:51:38,425 [pool-155-thread-1] INFO  server.RaftServerConfigKeys (ConfUtils.java:logGet(43)) - raft.server.log.segment.cache.num.max = 2 (custom)
2019-09-19 09:51:38,425 [pool-155-thread-1] INFO  segmented.SegmentedRaftLogWorker (SegmentedRaftLogWorker.java:<init>(172)) - new e5479894-df80-44da-8423-1105b30f9b8d-SegmentedRaftLogWorker:Storage Directory /workdir/hadoop-ozone/ozonefs/target/test-dir/MiniOzoneClusterImpl-2dcf7682-fd4a-4cc9-8c14-b1fdd7ae4a90/datanode-2/data/ratis/f1f24fa5-f740-4faa-8b76-ecfa1b2c95e7 for RaftStorage:Storage Directory /workdir/hadoop-ozone/ozonefs/target/test-dir/MiniOzoneClusterImpl-2dcf7682-fd4a-4cc9-8c14-b1fdd7ae4a90/datanode-2/data/ratis/f1f24fa5-f740-4faa-8b76-ecfa1b2c95e7
2019-09-19 09:51:38,425 [pool-155-thread-1] INFO  server.RaftServerConfigKeys (ConfUtils.java:logGet(43)) - raft.server.log.queue.byte-limit = 2147483647 (custom)
2019-09-19 09:51:38,426 [pool-155-thread-1] INFO  server.RaftServerConfigKeys (ConfUtils.java:logGet(43)) - raft.server.log.queue.element-limit = 1024 (custom)
2019-09-19 09:51:38,426 [pool-155-thread-1] INFO  server.RaftServerConfigKeys (ConfUtils.java:logGet(43)) - raft.server.log.segment.size.max = 1048576 (custom)
2019-09-19 09:51:38,426 [pool-155-thread-1] INFO  server.RaftServerConfigKeys (ConfUtils.java:logGet(43)) - raft.server.log.preallocated.size = 16384 (custom)
2019-09-19 09:51:38,426 [pool-155-thread-1] INFO  server.RaftServerConfigKeys (ConfUtils.java:logGet(43)) - raft.server.log.write.buffer.size = 33554432 (custom)
2019-09-19 09:51:38,426 [pool-155-thread-1] INFO  server.RaftServerConfigKeys (ConfUtils.java:logGet(43)) - raft.server.log.force.sync.num = 128 (default)
2019-09-19 09:51:38,426 [pool-155-thread-1] INFO  server.RaftServerConfigKeys (ConfUtils.java:logGet(43)) - raft.server.log.statemachine.data.sync = true (default)
2019-09-19 09:51:38,426 [pool-155-thread-1] INFO  server.RaftServerConfigKeys (ConfUtils.java:logGet(43)) - raft.server.log.statemachine.data.sync.timeout = 10s (default)
2019-09-19 09:51:38,426 [pool-155-thread-1] INFO  server.RaftServerConfigKeys (ConfUtils.java:logGet(43)) - raft.server.log.statemachine.data.sync.timeout.retry = -1 (default)
2019-09-19 09:51:38,427 [pool-155-thread-1] INFO  server.RaftServerConfigKeys (ConfUtils.java:logGet(43)) - raft.server.log.statemachine.data.caching.enabled = true (custom)
2019-09-19 09:51:38,427 [pool-155-thread-1] INFO  segmented.SegmentedRaftLogWorker (SegmentedRaftLogWorker.java:lambda$new$0(132)) - e5479894-df80-44da-8423-1105b30f9b8d-SegmentedRaftLogWorker:Storage Directory /workdir/hadoop-ozone/ozonefs/target/test-dir/MiniOzoneClusterImpl-2dcf7682-fd4a-4cc9-8c14-b1fdd7ae4a90/datanode-2/data/ratis/f1f24fa5-f740-4faa-8b76-ecfa1b2c95e7: flushIndex: setUnconditionally 0 -> -1
2019-09-19 09:51:38,427 [pool-155-thread-1] INFO  server.RaftServerConfigKeys (ConfUtils.java:logGet(43)) - raft.server.snapshot.auto.trigger.enabled = true (custom)
2019-09-19 09:51:38,427 [pool-155-thread-1] INFO  server.RaftServerConfigKeys (ConfUtils.java:logGet(43)) - raft.server.snapshot.auto.trigger.threshold = 10000 (custom)
2019-09-19 09:51:38,427 [pool-155-thread-1] INFO  server.RaftServerConfigKeys (ConfUtils.java:logGet(43)) - raft.server.retrycache.expirytime = 600000ms (custom)
2019-09-19 09:51:38,428 [pool-155-thread-1] INFO  impl.RaftServerImpl (RaftServerImpl.java:start(180)) - e5479894-df80-44da-8423-1105b30f9b8d: start group-ECFA1B2C95E7
2019-09-19 09:51:38,428 [pool-155-thread-1] INFO  impl.RaftServerImpl (RaftServerImpl.java:setRole(171)) - e5479894-df80-44da-8423-1105b30f9b8d:group-ECFA1B2C95E7 changes role from null to FOLLOWER at term 0 for startAsFollower
2019-09-19 09:51:38,428 [pool-155-thread-1] INFO  impl.RoleInfo (RoleInfo.java:updateAndGet(143)) - e5479894-df80-44da-8423-1105b30f9b8d: start FollowerState
2019-09-19 09:51:38,428 [pool-155-thread-1] INFO  util.JmxRegister (JmxRegister.java:tryRegister(44)) - Successfully registered JMX Bean with object name Ratis:service=RaftServer,group=group-ECFA1B2C95E7,id=e5479894-df80-44da-8423-1105b30f9b8d
2019-09-19 09:51:38,431 [RatisPipelineUtilsThread] INFO  pipeline.PipelineStateManager (PipelineStateManager.java:addPipeline(56)) - Created pipeline Pipeline[ Id: f1f24fa5-f740-4faa-8b76-ecfa1b2c95e7, Nodes: e5479894-df80-44da-8423-1105b30f9b8d{ip: 192.168.34.5, host: pr-hdds-1569-j4bt4-3030777008, networkLocation: /default-rack, certSerialId: null}, Type:RATIS, Factor:ONE, State:OPEN]
2019-09-19 09:51:38,432 [RatisPipelineUtilsThread] ERROR pipeline.PipelinePlacementPolicy (PipelinePlacementPolicy.java:meetCriteria(91)) - Pipeline Placement: Doesn't meet the criteria to be viable node. Heaviness: 6
2019-09-19 09:51:38,432 [RatisPipelineUtilsThread] ERROR pipeline.PipelinePlacementPolicy (PipelinePlacementPolicy.java:meetCriteria(91)) - Pipeline Placement: Doesn't meet the criteria to be viable node. Heaviness: 6
2019-09-19 09:51:38,437 [grpc-default-executor-0] INFO  impl.RaftServerProxy (RaftServerProxy.java:addNew(89)) - e5479894-df80-44da-8423-1105b30f9b8d: addNew group-F0D495EFDE5B:[e5479894-df80-44da-8423-1105b30f9b8d:192.168.34.5:44999] returns group-F0D495EFDE5B:java.util.concurrent.CompletableFuture@2356a310[Not completed]
2019-09-19 09:51:38,438 [pool-155-thread-1] INFO  impl.RaftServerImpl (RaftServerImpl.java:<init>(93)) - e5479894-df80-44da-8423-1105b30f9b8d: new RaftServerImpl for group-F0D495EFDE5B:[e5479894-df80-44da-8423-1105b30f9b8d:192.168.34.5:44999] with ContainerStateMachine:uninitialized
2019-09-19 09:51:38,439 [pool-155-thread-1] INFO  server.RaftServerConfigKeys (ConfUtils.java:logGet(43)) - raft.server.rpc.timeout.min = 5s (custom)
2019-09-19 09:51:38,439 [pool-155-thread-1] INFO  server.RaftServerConfigKeys (ConfUtils.java:logGet(43)) - raft.server.rpc.timeout.max = 5200ms (custom)
2019-09-19 09:51:38,439 [pool-155-thread-1] INFO  server.RaftServerConfigKeys (ConfUtils.java:logGet(43)) - raft.server.rpcslowness.timeout = 120s (custom)
2019-09-19 09:51:38,439 [pool-155-thread-1] INFO  server.RaftServerConfigKeys (ConfUtils.java:logGet(43)) - raft.server.sleep.deviation.threshold = 300 (default)
2019-09-19 09:51:38,439 [pool-155-thread-1] INFO  server.RaftServerConfigKeys (ConfUtils.java:logGet(43)) - raft.server.log.appender.install.snapshot.enabled = false (custom)
2019-09-19 09:51:38,439 [pool-155-thread-1] INFO  impl.RaftServerImpl (ServerState.java:<init>(105)) - e5479894-df80-44da-8423-1105b30f9b8d:group-F0D495EFDE5B ConfigurationManager, init=-1: [e5479894-df80-44da-8423-1105b30f9b8d:192.168.34.5:44999], old=null, confs=<EMPTY_MAP>
2019-09-19 09:51:38,439 [pool-155-thread-1] INFO  server.RaftServerConfigKeys (ConfUtils.java:logGet(43)) - raft.server.storage.dir = [/workdir/hadoop-ozone/ozonefs/target/test-dir/MiniOzoneClusterImpl-2dcf7682-fd4a-4cc9-8c14-b1fdd7ae4a90/datanode-2/data/ratis] (custom)
2019-09-19 09:51:38,440 [pool-155-thread-1] INFO  storage.RaftStorageDirectory (RaftStorageDirectory.java:analyzeStorage(246)) - The storage directory /workdir/hadoop-ozone/ozonefs/target/test-dir/MiniOzoneClusterImpl-2dcf7682-fd4a-4cc9-8c14-b1fdd7ae4a90/datanode-2/data/ratis/4901dec2-5f38-4a34-963a-f0d495efde5b does not exist. Creating ...
2019-09-19 09:51:38,443 [pool-155-thread-1] INFO  storage.RaftStorageDirectory (RaftStorageDirectory.java:tryLock(328)) - Lock on /workdir/hadoop-ozone/ozonefs/target/test-dir/MiniOzoneClusterImpl-2dcf7682-fd4a-4cc9-8c14-b1fdd7ae4a90/datanode-2/data/ratis/4901dec2-5f38-4a34-963a-f0d495efde5b/in_use.lock acquired by nodename 9507@pr-hdds-1569-j4bt4-3030777008
2019-09-19 09:51:38,446 [pool-155-thread-1] INFO  storage.RaftStorage (RaftStorage.java:format(72)) - Storage directory /workdir/hadoop-ozone/ozonefs/target/test-dir/MiniOzoneClusterImpl-2dcf7682-fd4a-4cc9-8c14-b1fdd7ae4a90/datanode-2/data/ratis/4901dec2-5f38-4a34-963a-f0d495efde5b has been successfully formatted.
2019-09-19 09:51:38,446 [pool-155-thread-1] INFO  ratis.ContainerStateMachine (ContainerStateMachine.java:loadSnapshot(226)) - group-F0D495EFDE5B: The snapshot info is null. Setting the last applied indexto:(t:0, i:~)
2019-09-19 09:51:38,446 [pool-155-thread-1] INFO  server.RaftServerConfigKeys (ConfUtils.java:logGet(43)) - raft.server.leader.election.timeout = 120s (custom)
2019-09-19 09:51:38,446 [pool-155-thread-1] INFO  server.RaftServerConfigKeys (ConfUtils.java:logGet(43)) - raft.server.log.use.memory = false (default)
2019-09-19 09:51:38,446 [pool-155-thread-1] INFO  server.RaftServerConfigKeys (ConfUtils.java:logGet(43)) - raft.server.log.purge.gap = 1000000 (custom)
2019-09-19 09:51:38,447 [pool-155-thread-1] INFO  server.RaftServerConfigKeys (ConfUtils.java:logGet(43)) - raft.server.log.appender.buffer.byte-limit = 33554432 (custom)
2019-09-19 09:51:38,447 [pool-155-thread-1] INFO  server.RaftServerConfigKeys (ConfUtils.java:logGet(43)) - raft.server.log.segment.size.max = 1048576 (custom)
2019-09-19 09:51:38,447 [pool-155-thread-1] INFO  server.RaftServerConfigKeys (ConfUtils.java:logGet(43)) - raft.server.log.segment.cache.num.max = 2 (custom)
2019-09-19 09:51:38,447 [pool-155-thread-1] INFO  segmented.SegmentedRaftLogWorker (SegmentedRaftLogWorker.java:<init>(172)) - new e5479894-df80-44da-8423-1105b30f9b8d-SegmentedRaftLogWorker:Storage Directory /workdir/hadoop-ozone/ozonefs/target/test-dir/MiniOzoneClusterImpl-2dcf7682-fd4a-4cc9-8c14-b1fdd7ae4a90/datanode-2/data/ratis/4901dec2-5f38-4a34-963a-f0d495efde5b for RaftStorage:Storage Directory /workdir/hadoop-ozone/ozonefs/target/test-dir/MiniOzoneClusterImpl-2dcf7682-fd4a-4cc9-8c14-b1fdd7ae4a90/datanode-2/data/ratis/4901dec2-5f38-4a34-963a-f0d495efde5b
2019-09-19 09:51:38,447 [pool-155-thread-1] INFO  server.RaftServerConfigKeys (ConfUtils.java:logGet(43)) - raft.server.log.queue.byte-limit = 2147483647 (custom)
2019-09-19 09:51:38,447 [pool-155-thread-1] INFO  server.RaftServerConfigKeys (ConfUtils.java:logGet(43)) - raft.server.log.queue.element-limit = 1024 (custom)
2019-09-19 09:51:38,447 [pool-155-thread-1] INFO  server.RaftServerConfigKeys (ConfUtils.java:logGet(43)) - raft.server.log.segment.size.max = 1048576 (custom)
2019-09-19 09:51:38,447 [pool-155-thread-1] INFO  server.RaftServerConfigKeys (ConfUtils.java:logGet(43)) - raft.server.log.preallocated.size = 16384 (custom)
2019-09-19 09:51:38,448 [pool-155-thread-1] INFO  server.RaftServerConfigKeys (ConfUtils.java:logGet(43)) - raft.server.log.write.buffer.size = 33554432 (custom)
2019-09-19 09:51:38,448 [pool-155-thread-1] INFO  server.RaftServerConfigKeys (ConfUtils.java:logGet(43)) - raft.server.log.force.sync.num = 128 (default)
2019-09-19 09:51:38,448 [pool-155-thread-1] INFO  server.RaftServerConfigKeys (ConfUtils.java:logGet(43)) - raft.server.log.statemachine.data.sync = true (default)
2019-09-19 09:51:38,448 [pool-155-thread-1] INFO  server.RaftServerConfigKeys (ConfUtils.java:logGet(43)) - raft.server.log.statemachine.data.sync.timeout = 10s (default)
2019-09-19 09:51:38,448 [pool-155-thread-1] INFO  server.RaftServerConfigKeys (ConfUtils.java:logGet(43)) - raft.server.log.statemachine.data.sync.timeout.retry = -1 (default)
2019-09-19 09:51:38,448 [pool-155-thread-1] INFO  server.RaftServerConfigKeys (ConfUtils.java:logGet(43)) - raft.server.log.statemachine.data.caching.enabled = true (custom)
2019-09-19 09:51:38,448 [pool-155-thread-1] INFO  segmented.SegmentedRaftLogWorker (SegmentedRaftLogWorker.java:lambda$new$0(132)) - e5479894-df80-44da-8423-1105b30f9b8d-SegmentedRaftLogWorker:Storage Directory /workdir/hadoop-ozone/ozonefs/target/test-dir/MiniOzoneClusterImpl-2dcf7682-fd4a-4cc9-8c14-b1fdd7ae4a90/datanode-2/data/ratis/4901dec2-5f38-4a34-963a-f0d495efde5b: flushIndex: setUnconditionally 0 -> -1
2019-09-19 09:51:38,449 [pool-155-thread-1] INFO  server.RaftServerConfigKeys (ConfUtils.java:logGet(43)) - raft.server.snapshot.auto.trigger.enabled = true (custom)
2019-09-19 09:51:38,449 [pool-155-thread-1] INFO  server.RaftServerConfigKeys (ConfUtils.java:logGet(43)) - raft.server.snapshot.auto.trigger.threshold = 10000 (custom)
2019-09-19 09:51:38,449 [pool-155-thread-1] INFO  server.RaftServerConfigKeys (ConfUtils.java:logGet(43)) - raft.server.retrycache.expirytime = 600000ms (custom)
2019-09-19 09:51:38,449 [pool-155-thread-1] INFO  impl.RaftServerImpl (RaftServerImpl.java:start(180)) - e5479894-df80-44da-8423-1105b30f9b8d: start group-F0D495EFDE5B
2019-09-19 09:51:38,449 [pool-155-thread-1] INFO  impl.RaftServerImpl (RaftServerImpl.java:setRole(171)) - e5479894-df80-44da-8423-1105b30f9b8d:group-F0D495EFDE5B changes role from null to FOLLOWER at term 0 for startAsFollower
2019-09-19 09:51:38,449 [pool-155-thread-1] INFO  impl.RoleInfo (RoleInfo.java:updateAndGet(143)) - e5479894-df80-44da-8423-1105b30f9b8d: start FollowerState
2019-09-19 09:51:38,450 [pool-155-thread-1] INFO  util.JmxRegister (JmxRegister.java:tryRegister(44)) - Successfully registered JMX Bean with object name Ratis:service=RaftServer,group=group-F0D495EFDE5B,id=e5479894-df80-44da-8423-1105b30f9b8d
2019-09-19 09:51:38,452 [RatisPipelineUtilsThread] INFO  pipeline.PipelineStateManager (PipelineStateManager.java:addPipeline(56)) - Created pipeline Pipeline[ Id: 4901dec2-5f38-4a34-963a-f0d495efde5b, Nodes: e5479894-df80-44da-8423-1105b30f9b8d{ip: 192.168.34.5, host: pr-hdds-1569-j4bt4-3030777008, networkLocation: /default-rack, certSerialId: null}, Type:RATIS, Factor:ONE, State:OPEN]
2019-09-19 09:51:38,453 [RatisPipelineUtilsThread] ERROR pipeline.PipelinePlacementPolicy (PipelinePlacementPolicy.java:meetCriteria(91)) - Pipeline Placement: Doesn't meet the criteria to be viable node. Heaviness: 6
2019-09-19 09:51:38,453 [RatisPipelineUtilsThread] ERROR pipeline.PipelinePlacementPolicy (PipelinePlacementPolicy.java:meetCriteria(91)) - Pipeline Placement: Doesn't meet the criteria to be viable node. Heaviness: 6
2019-09-19 09:51:38,453 [RatisPipelineUtilsThread] ERROR pipeline.PipelinePlacementPolicy (PipelinePlacementPolicy.java:meetCriteria(91)) - Pipeline Placement: Doesn't meet the criteria to be viable node. Heaviness: 6
2019-09-19 09:51:38,453 [RatisPipelineUtilsThread] ERROR pipeline.PipelinePlacementPolicy (PipelinePlacementPolicy.java:filterViableNodes(146)) - Unable to find enough nodes that meet the criteria that cannot engage in more than 5 pipelines. Nodes required: 1 Found: 0, healthy nodes count inNodeManager: 3.
2019-09-19 09:51:38,453 [RatisPipelineUtilsThread] ERROR pipeline.SCMPipelineManager (SCMPipelineManager.java:createPipeline(161)) - Pipeline creation failed due to exception: Unable to find enough nodes that meet the criteria that cannot engage in more than 5 pipelines. Nodes required: 1 Found: 0, healthy nodes count inNodeManager: 3.
2019-09-19 09:51:38,453 [RatisPipelineUtilsThread] ERROR pipeline.PipelinePlacementPolicy (PipelinePlacementPolicy.java:meetCriteria(91)) - Pipeline Placement: Doesn't meet the criteria to be viable node. Heaviness: 6
2019-09-19 09:51:38,454 [RatisPipelineUtilsThread] ERROR pipeline.PipelinePlacementPolicy (PipelinePlacementPolicy.java:meetCriteria(91)) - Pipeline Placement: Doesn't meet the criteria to be viable node. Heaviness: 6
2019-09-19 09:51:38,454 [RatisPipelineUtilsThread] ERROR pipeline.PipelinePlacementPolicy (PipelinePlacementPolicy.java:meetCriteria(91)) - Pipeline Placement: Doesn't meet the criteria to be viable node. Heaviness: 6
2019-09-19 09:51:38,454 [RatisPipelineUtilsThread] ERROR pipeline.PipelinePlacementPolicy (PipelinePlacementPolicy.java:filterViableNodes(146)) - Unable to find enough nodes that meet the criteria that cannot engage in more than 5 pipelines. Nodes required: 3 Found: 0, healthy nodes count inNodeManager: 3.
2019-09-19 09:51:38,454 [RatisPipelineUtilsThread] ERROR pipeline.SCMPipelineManager (SCMPipelineManager.java:createPipeline(161)) - Pipeline creation failed due to exception: Unable to find enough nodes that meet the criteria that cannot engage in more than 5 pipelines. Nodes required: 3 Found: 0, healthy nodes count inNodeManager: 3.
2019-09-19 09:51:38,454 [RatisPipelineUtilsThread] ERROR pipeline.PipelinePlacementPolicy (PipelinePlacementPolicy.java:meetCriteria(91)) - Pipeline Placement: Doesn't meet the criteria to be viable node. Heaviness: 6
2019-09-19 09:51:38,454 [RatisPipelineUtilsThread] ERROR pipeline.PipelinePlacementPolicy (PipelinePlacementPolicy.java:meetCriteria(91)) - Pipeline Placement: Doesn't meet the criteria to be viable node. Heaviness: 6
2019-09-19 09:51:38,455 [RatisPipelineUtilsThread] ERROR pipeline.PipelinePlacementPolicy (PipelinePlacementPolicy.java:meetCriteria(91)) - Pipeline Placement: Doesn't meet the criteria to be viable node. Heaviness: 6
2019-09-19 09:51:38,455 [RatisPipelineUtilsThread] ERROR pipeline.PipelinePlacementPolicy (PipelinePlacementPolicy.java:filterViableNodes(146)) - Unable to find enough nodes that meet the criteria that cannot engage in more than 5 pipelines. Nodes required: 1 Found: 0, healthy nodes count inNodeManager: 3.
2019-09-19 09:51:38,455 [RatisPipelineUtilsThread] ERROR pipeline.SCMPipelineManager (SCMPipelineManager.java:createPipeline(161)) - Pipeline creation failed due to exception: Unable to find enough nodes that meet the criteria that cannot engage in more than 5 pipelines. Nodes required: 1 Found: 0, healthy nodes count inNodeManager: 3.
2019-09-19 09:51:38,455 [RatisPipelineUtilsThread] ERROR pipeline.PipelinePlacementPolicy (PipelinePlacementPolicy.java:meetCriteria(91)) - Pipeline Placement: Doesn't meet the criteria to be viable node. Heaviness: 6
2019-09-19 09:51:38,455 [RatisPipelineUtilsThread] ERROR pipeline.PipelinePlacementPolicy (PipelinePlacementPolicy.java:meetCriteria(91)) - Pipeline Placement: Doesn't meet the criteria to be viable node. Heaviness: 6
2019-09-19 09:51:38,455 [RatisPipelineUtilsThread] ERROR pipeline.PipelinePlacementPolicy (PipelinePlacementPolicy.java:meetCriteria(91)) - Pipeline Placement: Doesn't meet the criteria to be viable node. Heaviness: 6
2019-09-19 09:51:38,456 [RatisPipelineUtilsThread] ERROR pipeline.PipelinePlacementPolicy (PipelinePlacementPolicy.java:filterViableNodes(146)) - Unable to find enough nodes that meet the criteria that cannot engage in more than 5 pipelines. Nodes required: 3 Found: 0, healthy nodes count inNodeManager: 3.
2019-09-19 09:51:38,456 [RatisPipelineUtilsThread] ERROR pipeline.SCMPipelineManager (SCMPipelineManager.java:createPipeline(161)) - Pipeline creation failed due to exception: Unable to find enough nodes that meet the criteria that cannot engage in more than 5 pipelines. Nodes required: 3 Found: 0, healthy nodes count inNodeManager: 3.
2019-09-19 09:51:39,088 [Thread-536] INFO  ozone.MiniOzoneClusterImpl (MiniOzoneClusterImpl.java:lambda$waitForClusterToBeReady$0(142)) - Cluster is ready. Got 3 of 3 DN Heartbeats.
2019-09-19 09:51:39,257 | INFO  | OMAudit | user=jenkins1000 | ip=127.0.0.1 | op=CREATE_VOLUME {admin=admin19879, owner=user45667, volume=volume23273, creationTime=1568886699256, quotaInBytes=1152921504606846976} | ret=SUCCESS |  
2019-09-19 09:51:39,265 | INFO  | OMAudit | user=jenkins1000 | ip=127.0.0.1 | op=CREATE_BUCKET {volume=volume23273, bucket=bucket92558, acls=[], isVersionEnabled=false, storageType=DISK, creationTime=0} | ret=SUCCESS |  
2019-09-19 09:51:39,290 | INFO  | OMAudit | user=jenkins1000 | ip=127.0.0.1 | op=READ_VOLUME {volume=volume23273} | ret=SUCCESS |  
2019-09-19 09:51:39,292 | INFO  | OMAudit | user=jenkins1000 | ip=127.0.0.1 | op=READ_BUCKET {volume=volume23273, bucket=bucket92558} | ret=SUCCESS |  
2019-09-19 09:51:39,313 | INFO  | OMAudit | user=jenkins1000 | ip=127.0.0.1 | op=CREATE_DIRECTORY {volume=volume23273, bucket=bucket92558, key=dir1/dir11/dir111, dataSize=0, replicationType=null, replicationFactor=null, keyLocationInfo=null} | ret=SUCCESS |  
2019-09-19 09:51:39,316 | INFO  | OMAudit | user=jenkins1000 | ip=127.0.0.1 | op=CREATE_DIRECTORY {volume=volume23273, bucket=bucket92558, key=dir1/dir12, dataSize=0, replicationType=null, replicationFactor=null, keyLocationInfo=null} | ret=SUCCESS |  
2019-09-19 09:51:39,345 [IPC Server handler 2 on 33071] ERROR pipeline.PipelinePlacementPolicy (PipelinePlacementPolicy.java:meetCriteria(91)) - Pipeline Placement: Doesn't meet the criteria to be viable node. Heaviness: 6
2019-09-19 09:51:39,346 [IPC Server handler 2 on 33071] ERROR pipeline.PipelinePlacementPolicy (PipelinePlacementPolicy.java:meetCriteria(91)) - Pipeline Placement: Doesn't meet the criteria to be viable node. Heaviness: 6
2019-09-19 09:51:39,346 [IPC Server handler 2 on 33071] ERROR pipeline.PipelinePlacementPolicy (PipelinePlacementPolicy.java:meetCriteria(91)) - Pipeline Placement: Doesn't meet the criteria to be viable node. Heaviness: 6
2019-09-19 09:51:39,346 [IPC Server handler 2 on 33071] ERROR pipeline.PipelinePlacementPolicy (PipelinePlacementPolicy.java:filterViableNodes(146)) - Unable to find enough nodes that meet the criteria that cannot engage in more than 5 pipelines. Nodes required: 3 Found: 0, healthy nodes count inNodeManager: 3.
2019-09-19 09:51:39,346 [IPC Server handler 2 on 33071] ERROR pipeline.SCMPipelineManager (SCMPipelineManager.java:createPipeline(161)) - Pipeline creation failed due to exception: Unable to find enough nodes that meet the criteria that cannot engage in more than 5 pipelines. Nodes required: 3 Found: 0, healthy nodes count inNodeManager: 3.
2019-09-19 09:51:39,347 [IPC Server handler 2 on 33071] WARN  block.BlockManagerImpl (BlockManagerImpl.java:allocateBlock(192)) - Pipeline creation failed for type:RATIS factor:THREE. Retrying get pipelines call once.
org.apache.hadoop.hdds.scm.exceptions.SCMException: Unable to find enough nodes that meet the criteria that cannot engage in more than 5 pipelines. Nodes required: 3 Found: 0, healthy nodes count inNodeManager: 3.
	at org.apache.hadoop.hdds.scm.pipeline.PipelinePlacementPolicy.filterViableNodes(PipelinePlacementPolicy.java:147)
	at org.apache.hadoop.hdds.scm.pipeline.PipelinePlacementPolicy.chooseDatanodes(PipelinePlacementPolicy.java:170)
	at org.apache.hadoop.hdds.scm.pipeline.RatisPipelineProvider.create(RatisPipelineProvider.java:92)
	at org.apache.hadoop.hdds.scm.pipeline.PipelineFactory.create(PipelineFactory.java:57)
	at org.apache.hadoop.hdds.scm.pipeline.SCMPipelineManager.createPipeline(SCMPipelineManager.java:149)
	at org.apache.hadoop.hdds.scm.block.BlockManagerImpl.allocateBlock(BlockManagerImpl.java:190)
	at org.apache.hadoop.hdds.scm.server.SCMBlockProtocolServer.allocateBlock(SCMBlockProtocolServer.java:175)
	at org.apache.hadoop.ozone.protocolPB.ScmBlockLocationProtocolServerSideTranslatorPB.allocateScmBlock(ScmBlockLocationProtocolServerSideTranslatorPB.java:153)
	at org.apache.hadoop.ozone.protocolPB.ScmBlockLocationProtocolServerSideTranslatorPB.send(ScmBlockLocationProtocolServerSideTranslatorPB.java:112)
	at org.apache.hadoop.hdds.protocol.proto.ScmBlockLocationProtocolProtos$ScmBlockLocationProtocolService$2.callBlockingMethod(ScmBlockLocationProtocolProtos.java:13157)
	at org.apache.hadoop.ipc.ProtobufRpcEngine$Server$ProtoBufRpcInvoker.call(ProtobufRpcEngine.java:524)
	at org.apache.hadoop.ipc.RPC$Server.call(RPC.java:1025)
	at org.apache.hadoop.ipc.Server$RpcCall.run(Server.java:876)
	at org.apache.hadoop.ipc.Server$RpcCall.run(Server.java:822)
	at java.security.AccessController.doPrivileged(Native Method)
	at javax.security.auth.Subject.doAs(Subject.java:422)
	at org.apache.hadoop.security.UserGroupInformation.doAs(UserGroupInformation.java:1730)
	at org.apache.hadoop.ipc.Server$Handler.run(Server.java:2682)
2019-09-19 09:51:39,347 [IPC Server handler 2 on 33071] INFO  block.BlockManagerImpl (BlockManagerImpl.java:allocateBlock(198)) - Could not find available pipeline of type:RATIS and factor:THREE even after retrying
2019-09-19 09:51:39,348 [IPC Server handler 2 on 33071] ERROR block.BlockManagerImpl (BlockManagerImpl.java:allocateBlock(222)) - Unable to allocate a block for the size: 4194304, type: RATIS, factor: THREE
2019-09-19 09:51:39,348 | INFO  | SCMAudit | user=jenkins1000 | ip=192.168.34.5 | op=ALLOCATE_BLOCK {owner=96a84325-4fef-4172-b5df-7e7173d87434, size=4194304, type=RATIS, factor=THREE} | ret=SUCCESS |  
2019-09-19 09:51:39,356 | ERROR | OMAudit | user=jenkins1000 | ip=127.0.0.1 | op=CREATE_FILE {volume=volume23273, bucket=bucket92558, key=dir1/dir12/file121, dataSize=0, replicationType=RATIS, replicationFactor=THREE, keyLocationInfo=null} | ret=FAILURE | org.apache.hadoop.hdds.scm.exceptions.SCMException: Allocated 0 blocks. Requested 1 blocks
	at org.apache.hadoop.hdds.scm.protocolPB.ScmBlockLocationProtocolClientSideTranslatorPB.handleError(ScmBlockLocationProtocolClientSideTranslatorPB.java:118)
	at org.apache.hadoop.hdds.scm.protocolPB.ScmBlockLocationProtocolClientSideTranslatorPB.allocateBlock(ScmBlockLocationProtocolClientSideTranslatorPB.java:156) 
2019-09-19 09:51:39,359 [Thread-536] INFO  ozone.MiniOzoneClusterImpl (MiniOzoneClusterImpl.java:shutdown(321)) - Shutting down the Mini Ozone Cluster
2019-09-19 09:51:39,360 | INFO  | SCMAudit | user=null | ip=null | op=GET_SCM_INFO null | ret=SUCCESS |  
2019-09-19 09:51:39,360 [Thread-536] INFO  ozone.MiniOzoneClusterImpl (MiniOzoneClusterImpl.java:stop(336)) - Stopping the Mini Ozone Cluster
2019-09-19 09:51:39,360 [Thread-536] INFO  ozone.MiniOzoneClusterImpl (MiniOzoneClusterImpl.java:stop(338)) - Stopping the OzoneManager
2019-09-19 09:51:39,360 [Thread-536] INFO  ipc.Server (Server.java:stop(3082)) - Stopping server on 38552
2019-09-19 09:51:39,363 [IPC Server listener on 38552] INFO  ipc.Server (Server.java:run(1185)) - Stopping IPC Server listener on 38552
2019-09-19 09:51:39,364 [IPC Server Responder] INFO  ipc.Server (Server.java:run(1319)) - Stopping IPC Server Responder
2019-09-19 09:51:39,364 [Thread-536] INFO  ratis.OzoneManagerDoubleBuffer (OzoneManagerDoubleBuffer.java:stop(248)) - Stopping OMDoubleBuffer flush thread
2019-09-19 09:51:39,366 [OMDoubleBufferFlushThread] INFO  ratis.OzoneManagerDoubleBuffer (OzoneManagerDoubleBuffer.java:flushTransactions(191)) - OMDoubleBuffer flush thread OMDoubleBufferFlushThread is interrupted and will exit. OMDoubleBufferFlushThread
2019-09-19 09:51:39,367 [Thread-536] INFO  utils.BackgroundService (BackgroundService.java:shutdown(148)) - Shutting down service KeyDeletingService
2019-09-19 09:51:39,368 [Thread-536] INFO  handler.ContextHandler (ContextHandler.java:doStop(910)) - Stopped o.e.j.w.WebAppContext@192ca3b{/,null,UNAVAILABLE}{/ozoneManager}
2019-09-19 09:51:39,369 [Thread-536] INFO  server.AbstractConnector (AbstractConnector.java:doStop(318)) - Stopped ServerConnector@49e6fb69{HTTP/1.1,[http/1.1]}{0.0.0.0:0}
2019-09-19 09:51:39,369 [Thread-536] INFO  handler.ContextHandler (ContextHandler.java:doStop(910)) - Stopped o.e.j.s.ServletContextHandler@78a66ec8{/static,jar:file:/home/user/.m2/repository/org/apache/hadoop/hadoop-ozone-ozone-manager/0.5.0-SNAPSHOT/hadoop-ozone-ozone-manager-0.5.0-SNAPSHOT.jar!/webapps/static,UNAVAILABLE}
2019-09-19 09:51:39,369 [Thread-536] INFO  handler.ContextHandler (ContextHandler.java:doStop(910)) - Stopped o.e.j.s.ServletContextHandler@3ef65342{/logs,file:///workdir/hadoop-ozone/ozonefs/target/log,UNAVAILABLE}
2019-09-19 09:51:39,371 [Thread-536] INFO  ozone.MiniOzoneClusterImpl (MiniOzoneClusterImpl.java:stop(344)) - Shutting the HddsDatanodes
2019-09-19 09:51:39,372 [Thread-536] INFO  datanode.ObjectStoreHandler (ObjectStoreHandler.java:close(155)) - Closing ObjectStoreHandler.
2019-09-19 09:51:39,372 [ForkJoinPool.commonPool-worker-1] INFO  datanode.ObjectStoreHandler (ObjectStoreHandler.java:close(155)) - Closing ObjectStoreHandler.
2019-09-19 09:51:39,373 [Thread-536] INFO  ozone.HddsDatanodeService (HddsDatanodeService.java:stop(451)) - Stopped plug-in org.apache.hadoop.ozone.web.OzoneHddsDatanodeService@4c9af6f2
2019-09-19 09:51:39,373 [ForkJoinPool.commonPool-worker-1] INFO  ozone.HddsDatanodeService (HddsDatanodeService.java:stop(451)) - Stopped plug-in org.apache.hadoop.ozone.web.OzoneHddsDatanodeService@51c1b289
2019-09-19 09:51:39,628 [Datanode State Machine Thread - 0] INFO  statemachine.DatanodeStateMachine (DatanodeStateMachine.java:lambda$startDaemon$0(350)) - Ozone container server started.
2019-09-19 09:51:39,872 [Datanode State Machine Thread - 0] INFO  statemachine.DatanodeStateMachine (DatanodeStateMachine.java:lambda$startDaemon$0(350)) - Ozone container server started.
2019-09-19 09:51:40,088 | INFO  | SCMAudit | user=jenkins1000 | ip=192.168.34.5 | op=SEND_HEARTBEAT {datanodeUUID=e5479894-df80-44da-8423-1105b30f9b8d, command=[]} | ret=SUCCESS |  
2019-09-19 09:51:40,640 [Thread-708] INFO  container.ReplicationManager (ReplicationManager.java:start(151)) - Starting Replication Monitor Thread.
2019-09-19 09:51:40,643 [ReplicationMonitor] INFO  container.ReplicationManager (ReplicationManager.java:run(214)) - Replication Monitor Thread took 0 milliseconds for processing 0 containers.
2019-09-19 09:51:41,088 | INFO  | SCMAudit | user=jenkins1000 | ip=192.168.34.5 | op=SEND_HEARTBEAT {datanodeUUID=e5479894-df80-44da-8423-1105b30f9b8d, command=[]} | ret=SUCCESS |  
2019-09-19 09:51:42,087 | INFO  | SCMAudit | user=jenkins1000 | ip=192.168.34.5 | op=SEND_HEARTBEAT {datanodeUUID=e5479894-df80-44da-8423-1105b30f9b8d, command=[]} | ret=SUCCESS |  
2019-09-19 09:51:42,765 [Thread-710] INFO  impl.FollowerState (FollowerState.java:run(106)) - a5e54086-a666-428b-be69-0deeb25a32eb:group-8F7135BAC918 changes to CANDIDATE, lastRpcTime:5058, electionTimeout:5058ms
2019-09-19 09:51:42,765 [Thread-710] INFO  impl.RoleInfo (RoleInfo.java:shutdownFollowerState(121)) - a5e54086-a666-428b-be69-0deeb25a32eb: shutdown FollowerState
2019-09-19 09:51:42,765 [Thread-710] INFO  impl.RaftServerImpl (RaftServerImpl.java:setRole(171)) - a5e54086-a666-428b-be69-0deeb25a32eb:group-8F7135BAC918 changes role from FOLLOWER to CANDIDATE at term 0 for changeToCandidate
2019-09-19 09:51:42,765 [Thread-710] INFO  impl.RoleInfo (RoleInfo.java:updateAndGet(143)) - a5e54086-a666-428b-be69-0deeb25a32eb: start LeaderElection
2019-09-19 09:51:42,785 [a5e54086-a666-428b-be69-0deeb25a32eb:group-8F7135BAC918:LeaderElection35] INFO  impl.LeaderElection (LeaderElection.java:askForVotes(181)) - a5e54086-a666-428b-be69-0deeb25a32eb:group-8F7135BAC918:LeaderElection35: begin an election at term 1 for -1: [a5e54086-a666-428b-be69-0deeb25a32eb:192.168.34.5:42285], old=null
2019-09-19 09:51:42,785 [a5e54086-a666-428b-be69-0deeb25a32eb:group-8F7135BAC918:LeaderElection35] INFO  impl.RoleInfo (RoleInfo.java:shutdownLeaderElection(134)) - a5e54086-a666-428b-be69-0deeb25a32eb: shutdown LeaderElection
2019-09-19 09:51:42,785 [a5e54086-a666-428b-be69-0deeb25a32eb:group-8F7135BAC918:LeaderElection35] INFO  impl.RaftServerImpl (RaftServerImpl.java:setRole(171)) - a5e54086-a666-428b-be69-0deeb25a32eb:group-8F7135BAC918 changes role from CANDIDATE to LEADER at term 1 for changeToLeader
2019-09-19 09:51:42,785 [a5e54086-a666-428b-be69-0deeb25a32eb:group-8F7135BAC918:LeaderElection35] INFO  impl.RaftServerImpl (ServerState.java:setLeader(263)) - a5e54086-a666-428b-be69-0deeb25a32eb:group-8F7135BAC918 change Leader from null to a5e54086-a666-428b-be69-0deeb25a32eb at term 1 for becomeLeader, leader elected after 5084ms
2019-09-19 09:51:42,786 [a5e54086-a666-428b-be69-0deeb25a32eb:group-8F7135BAC918:LeaderElection35] INFO  server.RaftServerConfigKeys (ConfUtils.java:logGet(43)) - raft.server.staging.catchup.gap = 1000 (default)
2019-09-19 09:51:42,786 [a5e54086-a666-428b-be69-0deeb25a32eb:group-8F7135BAC918:LeaderElection35] INFO  server.RaftServerConfigKeys (ConfUtils.java:logGet(43)) - raft.server.rpc.sleep.time = 25ms (default)
2019-09-19 09:51:42,786 [a5e54086-a666-428b-be69-0deeb25a32eb:group-8F7135BAC918:LeaderElection35] INFO  server.RaftServerConfigKeys (ConfUtils.java:logGet(43)) - raft.server.write.element-limit = 4096 (default)
2019-09-19 09:51:42,786 [a5e54086-a666-428b-be69-0deeb25a32eb:group-8F7135BAC918:LeaderElection35] INFO  server.RaftServerConfigKeys (ConfUtils.java:logGet(43)) - raft.server.watch.timeout = 10s (default)
2019-09-19 09:51:42,787 [a5e54086-a666-428b-be69-0deeb25a32eb:group-8F7135BAC918:LeaderElection35] INFO  server.RaftServerConfigKeys (ConfUtils.java:logGet(43)) - raft.server.watch.timeout.denomination = 1s (default)
2019-09-19 09:51:42,787 [a5e54086-a666-428b-be69-0deeb25a32eb:group-8F7135BAC918:LeaderElection35] INFO  server.RaftServerConfigKeys (ConfUtils.java:logGet(43)) - raft.server.watch.element-limit = 65536 (default)
2019-09-19 09:51:42,787 [a5e54086-a666-428b-be69-0deeb25a32eb:group-8F7135BAC918:LeaderElection35] INFO  impl.RoleInfo (RoleInfo.java:updateAndGet(143)) - a5e54086-a666-428b-be69-0deeb25a32eb: start LeaderState
2019-09-19 09:51:42,787 [a5e54086-a666-428b-be69-0deeb25a32eb:group-8F7135BAC918:LeaderElection35] INFO  segmented.SegmentedRaftLogWorker (SegmentedRaftLogWorker.java:startLogSegment(380)) - a5e54086-a666-428b-be69-0deeb25a32eb-SegmentedRaftLogWorker:Storage Directory /workdir/hadoop-ozone/ozonefs/target/test-dir/MiniOzoneClusterImpl-2dcf7682-fd4a-4cc9-8c14-b1fdd7ae4a90/datanode-0/data/ratis/977bdf3a-ecc2-4521-996e-8f7135bac918: Starting segment from index:0
2019-09-19 09:51:42,788 [a5e54086-a666-428b-be69-0deeb25a32eb:group-8F7135BAC918:LeaderElection35] INFO  impl.RaftServerImpl (ServerState.java:setRaftConf(361)) - a5e54086-a666-428b-be69-0deeb25a32eb:group-8F7135BAC918 set configuration 0: [a5e54086-a666-428b-be69-0deeb25a32eb:192.168.34.5:42285], old=null at 0
2019-09-19 09:51:42,838 [a5e54086-a666-428b-be69-0deeb25a32eb-SegmentedRaftLogWorker:Storage Directory /workdir/hadoop-ozone/ozonefs/target/test-dir/MiniOzoneClusterImpl-2dcf7682-fd4a-4cc9-8c14-b1fdd7ae4a90/datanode-0/data/ratis/977bdf3a-ecc2-4521-996e-8f7135bac918] INFO  segmented.SegmentedRaftLogWorker (SegmentedRaftLogWorker.java:execute(569)) - a5e54086-a666-428b-be69-0deeb25a32eb-SegmentedRaftLogWorker:Storage Directory /workdir/hadoop-ozone/ozonefs/target/test-dir/MiniOzoneClusterImpl-2dcf7682-fd4a-4cc9-8c14-b1fdd7ae4a90/datanode-0/data/ratis/977bdf3a-ecc2-4521-996e-8f7135bac918: created new log segment /workdir/hadoop-ozone/ozonefs/target/test-dir/MiniOzoneClusterImpl-2dcf7682-fd4a-4cc9-8c14-b1fdd7ae4a90/datanode-0/data/ratis/977bdf3a-ecc2-4521-996e-8f7135bac918/current/log_inprogress_0
2019-09-19 09:51:42,902 [Thread-716] INFO  impl.FollowerState (FollowerState.java:run(106)) - a5e54086-a666-428b-be69-0deeb25a32eb:group-9180AD28FD4F changes to CANDIDATE, lastRpcTime:5092, electionTimeout:5092ms
2019-09-19 09:51:42,902 [Thread-716] INFO  impl.RoleInfo (RoleInfo.java:shutdownFollowerState(121)) - a5e54086-a666-428b-be69-0deeb25a32eb: shutdown FollowerState
2019-09-19 09:51:42,902 [Thread-716] INFO  impl.RaftServerImpl (RaftServerImpl.java:setRole(171)) - a5e54086-a666-428b-be69-0deeb25a32eb:group-9180AD28FD4F changes role from FOLLOWER to CANDIDATE at term 0 for changeToCandidate
2019-09-19 09:51:42,902 [Thread-716] INFO  impl.RoleInfo (RoleInfo.java:updateAndGet(143)) - a5e54086-a666-428b-be69-0deeb25a32eb: start LeaderElection
2019-09-19 09:51:42,909 [Thread-713] INFO  impl.FollowerState (FollowerState.java:run(106)) - a5e54086-a666-428b-be69-0deeb25a32eb:group-144C25646223 changes to CANDIDATE, lastRpcTime:5152, electionTimeout:5152ms
2019-09-19 09:51:42,909 [Thread-713] INFO  impl.RoleInfo (RoleInfo.java:shutdownFollowerState(121)) - a5e54086-a666-428b-be69-0deeb25a32eb: shutdown FollowerState
2019-09-19 09:51:42,909 [Thread-713] INFO  impl.RaftServerImpl (RaftServerImpl.java:setRole(171)) - a5e54086-a666-428b-be69-0deeb25a32eb:group-144C25646223 changes role from FOLLOWER to CANDIDATE at term 0 for changeToCandidate
2019-09-19 09:51:42,909 [Thread-713] INFO  impl.RoleInfo (RoleInfo.java:updateAndGet(143)) - a5e54086-a666-428b-be69-0deeb25a32eb: start LeaderElection
2019-09-19 09:51:42,920 [a5e54086-a666-428b-be69-0deeb25a32eb:group-9180AD28FD4F:LeaderElection36] INFO  impl.LeaderElection (LeaderElection.java:askForVotes(181)) - a5e54086-a666-428b-be69-0deeb25a32eb:group-9180AD28FD4F:LeaderElection36: begin an election at term 1 for -1: [a5e54086-a666-428b-be69-0deeb25a32eb:192.168.34.5:42285], old=null
2019-09-19 09:51:42,920 [a5e54086-a666-428b-be69-0deeb25a32eb:group-144C25646223:LeaderElection37] INFO  impl.LeaderElection (LeaderElection.java:askForVotes(181)) - a5e54086-a666-428b-be69-0deeb25a32eb:group-144C25646223:LeaderElection37: begin an election at term 1 for -1: [a5e54086-a666-428b-be69-0deeb25a32eb:192.168.34.5:42285], old=null
2019-09-19 09:51:42,921 [a5e54086-a666-428b-be69-0deeb25a32eb:group-9180AD28FD4F:LeaderElection36] INFO  impl.RoleInfo (RoleInfo.java:shutdownLeaderElection(134)) - a5e54086-a666-428b-be69-0deeb25a32eb: shutdown LeaderElection
2019-09-19 09:51:42,921 [a5e54086-a666-428b-be69-0deeb25a32eb:group-144C25646223:LeaderElection37] INFO  impl.RoleInfo (RoleInfo.java:shutdownLeaderElection(134)) - a5e54086-a666-428b-be69-0deeb25a32eb: shutdown LeaderElection
2019-09-19 09:51:42,921 [a5e54086-a666-428b-be69-0deeb25a32eb:group-9180AD28FD4F:LeaderElection36] INFO  impl.RaftServerImpl (RaftServerImpl.java:setRole(171)) - a5e54086-a666-428b-be69-0deeb25a32eb:group-9180AD28FD4F changes role from CANDIDATE to LEADER at term 1 for changeToLeader
2019-09-19 09:51:42,921 [a5e54086-a666-428b-be69-0deeb25a32eb:group-144C25646223:LeaderElection37] INFO  impl.RaftServerImpl (RaftServerImpl.java:setRole(171)) - a5e54086-a666-428b-be69-0deeb25a32eb:group-144C25646223 changes role from CANDIDATE to LEADER at term 1 for changeToLeader
2019-09-19 09:51:42,921 [a5e54086-a666-428b-be69-0deeb25a32eb:group-9180AD28FD4F:LeaderElection36] INFO  impl.RaftServerImpl (ServerState.java:setLeader(263)) - a5e54086-a666-428b-be69-0deeb25a32eb:group-9180AD28FD4F change Leader from null to a5e54086-a666-428b-be69-0deeb25a32eb at term 1 for becomeLeader, leader elected after 5115ms
2019-09-19 09:51:42,921 [a5e54086-a666-428b-be69-0deeb25a32eb:group-144C25646223:LeaderElection37] INFO  impl.RaftServerImpl (ServerState.java:setLeader(263)) - a5e54086-a666-428b-be69-0deeb25a32eb:group-144C25646223 change Leader from null to a5e54086-a666-428b-be69-0deeb25a32eb at term 1 for becomeLeader, leader elected after 5168ms
2019-09-19 09:51:42,922 [a5e54086-a666-428b-be69-0deeb25a32eb:group-9180AD28FD4F:LeaderElection36] INFO  server.RaftServerConfigKeys (ConfUtils.java:logGet(43)) - raft.server.staging.catchup.gap = 1000 (default)
2019-09-19 09:51:42,922 [a5e54086-a666-428b-be69-0deeb25a32eb:group-144C25646223:LeaderElection37] INFO  server.RaftServerConfigKeys (ConfUtils.java:logGet(43)) - raft.server.staging.catchup.gap = 1000 (default)
2019-09-19 09:51:42,922 [a5e54086-a666-428b-be69-0deeb25a32eb:group-9180AD28FD4F:LeaderElection36] INFO  server.RaftServerConfigKeys (ConfUtils.java:logGet(43)) - raft.server.rpc.sleep.time = 25ms (default)
2019-09-19 09:51:42,922 [a5e54086-a666-428b-be69-0deeb25a32eb:group-144C25646223:LeaderElection37] INFO  server.RaftServerConfigKeys (ConfUtils.java:logGet(43)) - raft.server.rpc.sleep.time = 25ms (default)
2019-09-19 09:51:42,922 [a5e54086-a666-428b-be69-0deeb25a32eb:group-9180AD28FD4F:LeaderElection36] INFO  server.RaftServerConfigKeys (ConfUtils.java:logGet(43)) - raft.server.write.element-limit = 4096 (default)
2019-09-19 09:51:42,922 [a5e54086-a666-428b-be69-0deeb25a32eb:group-144C25646223:LeaderElection37] INFO  server.RaftServerConfigKeys (ConfUtils.java:logGet(43)) - raft.server.write.element-limit = 4096 (default)
2019-09-19 09:51:42,923 [a5e54086-a666-428b-be69-0deeb25a32eb:group-9180AD28FD4F:LeaderElection36] INFO  server.RaftServerConfigKeys (ConfUtils.java:logGet(43)) - raft.server.watch.timeout = 10s (default)
2019-09-19 09:51:42,923 [a5e54086-a666-428b-be69-0deeb25a32eb:group-144C25646223:LeaderElection37] INFO  server.RaftServerConfigKeys (ConfUtils.java:logGet(43)) - raft.server.watch.timeout = 10s (default)
2019-09-19 09:51:42,923 [a5e54086-a666-428b-be69-0deeb25a32eb:group-9180AD28FD4F:LeaderElection36] INFO  server.RaftServerConfigKeys (ConfUtils.java:logGet(43)) - raft.server.watch.timeout.denomination = 1s (default)
2019-09-19 09:51:42,923 [a5e54086-a666-428b-be69-0deeb25a32eb:group-144C25646223:LeaderElection37] INFO  server.RaftServerConfigKeys (ConfUtils.java:logGet(43)) - raft.server.watch.timeout.denomination = 1s (default)
2019-09-19 09:51:42,923 [a5e54086-a666-428b-be69-0deeb25a32eb:group-9180AD28FD4F:LeaderElection36] INFO  server.RaftServerConfigKeys (ConfUtils.java:logGet(43)) - raft.server.watch.element-limit = 65536 (default)
2019-09-19 09:51:42,923 [a5e54086-a666-428b-be69-0deeb25a32eb:group-144C25646223:LeaderElection37] INFO  server.RaftServerConfigKeys (ConfUtils.java:logGet(43)) - raft.server.watch.element-limit = 65536 (default)
2019-09-19 09:51:42,924 [a5e54086-a666-428b-be69-0deeb25a32eb:group-9180AD28FD4F:LeaderElection36] INFO  impl.RoleInfo (RoleInfo.java:updateAndGet(143)) - a5e54086-a666-428b-be69-0deeb25a32eb: start LeaderState
2019-09-19 09:51:42,924 [a5e54086-a666-428b-be69-0deeb25a32eb:group-144C25646223:LeaderElection37] INFO  impl.RoleInfo (RoleInfo.java:updateAndGet(143)) - a5e54086-a666-428b-be69-0deeb25a32eb: start LeaderState
2019-09-19 09:51:42,924 [a5e54086-a666-428b-be69-0deeb25a32eb:group-9180AD28FD4F:LeaderElection36] INFO  segmented.SegmentedRaftLogWorker (SegmentedRaftLogWorker.java:startLogSegment(380)) - a5e54086-a666-428b-be69-0deeb25a32eb-SegmentedRaftLogWorker:Storage Directory /workdir/hadoop-ozone/ozonefs/target/test-dir/MiniOzoneClusterImpl-2dcf7682-fd4a-4cc9-8c14-b1fdd7ae4a90/datanode-0/data/ratis/06cbc3d5-ad6c-4017-a469-9180ad28fd4f: Starting segment from index:0
2019-09-19 09:51:42,924 [a5e54086-a666-428b-be69-0deeb25a32eb:group-144C25646223:LeaderElection37] INFO  segmented.SegmentedRaftLogWorker (SegmentedRaftLogWorker.java:startLogSegment(380)) - a5e54086-a666-428b-be69-0deeb25a32eb-SegmentedRaftLogWorker:Storage Directory /workdir/hadoop-ozone/ozonefs/target/test-dir/MiniOzoneClusterImpl-2dcf7682-fd4a-4cc9-8c14-b1fdd7ae4a90/datanode-0/data/ratis/879d2a2d-32d9-4b98-92eb-144c25646223: Starting segment from index:0
2019-09-19 09:51:42,925 [a5e54086-a666-428b-be69-0deeb25a32eb:group-9180AD28FD4F:LeaderElection36] INFO  impl.RaftServerImpl (ServerState.java:setRaftConf(361)) - a5e54086-a666-428b-be69-0deeb25a32eb:group-9180AD28FD4F set configuration 0: [a5e54086-a666-428b-be69-0deeb25a32eb:192.168.34.5:42285], old=null at 0
2019-09-19 09:51:42,925 [a5e54086-a666-428b-be69-0deeb25a32eb:group-144C25646223:LeaderElection37] INFO  impl.RaftServerImpl (ServerState.java:setRaftConf(361)) - a5e54086-a666-428b-be69-0deeb25a32eb:group-144C25646223 set configuration 0: [a5e54086-a666-428b-be69-0deeb25a32eb:192.168.34.5:42285], old=null at 0
2019-09-19 09:51:42,978 [a5e54086-a666-428b-be69-0deeb25a32eb-SegmentedRaftLogWorker:Storage Directory /workdir/hadoop-ozone/ozonefs/target/test-dir/MiniOzoneClusterImpl-2dcf7682-fd4a-4cc9-8c14-b1fdd7ae4a90/datanode-0/data/ratis/879d2a2d-32d9-4b98-92eb-144c25646223] INFO  segmented.SegmentedRaftLogWorker (SegmentedRaftLogWorker.java:execute(569)) - a5e54086-a666-428b-be69-0deeb25a32eb-SegmentedRaftLogWorker:Storage Directory /workdir/hadoop-ozone/ozonefs/target/test-dir/MiniOzoneClusterImpl-2dcf7682-fd4a-4cc9-8c14-b1fdd7ae4a90/datanode-0/data/ratis/879d2a2d-32d9-4b98-92eb-144c25646223: created new log segment /workdir/hadoop-ozone/ozonefs/target/test-dir/MiniOzoneClusterImpl-2dcf7682-fd4a-4cc9-8c14-b1fdd7ae4a90/datanode-0/data/ratis/879d2a2d-32d9-4b98-92eb-144c25646223/current/log_inprogress_0
2019-09-19 09:51:42,978 [a5e54086-a666-428b-be69-0deeb25a32eb-SegmentedRaftLogWorker:Storage Directory /workdir/hadoop-ozone/ozonefs/target/test-dir/MiniOzoneClusterImpl-2dcf7682-fd4a-4cc9-8c14-b1fdd7ae4a90/datanode-0/data/ratis/06cbc3d5-ad6c-4017-a469-9180ad28fd4f] INFO  segmented.SegmentedRaftLogWorker (SegmentedRaftLogWorker.java:execute(569)) - a5e54086-a666-428b-be69-0deeb25a32eb-SegmentedRaftLogWorker:Storage Directory /workdir/hadoop-ozone/ozonefs/target/test-dir/MiniOzoneClusterImpl-2dcf7682-fd4a-4cc9-8c14-b1fdd7ae4a90/datanode-0/data/ratis/06cbc3d5-ad6c-4017-a469-9180ad28fd4f: created new log segment /workdir/hadoop-ozone/ozonefs/target/test-dir/MiniOzoneClusterImpl-2dcf7682-fd4a-4cc9-8c14-b1fdd7ae4a90/datanode-0/data/ratis/06cbc3d5-ad6c-4017-a469-9180ad28fd4f/current/log_inprogress_0
2019-09-19 09:51:43,015 [Thread-728] INFO  impl.FollowerState (FollowerState.java:run(106)) - bd940396-f9cb-4ba3-97ee-27fe4877910e:group-B4E3771EA957 changes to CANDIDATE, lastRpcTime:5042, electionTimeout:5042ms
2019-09-19 09:51:43,015 [Thread-728] INFO  impl.RoleInfo (RoleInfo.java:shutdownFollowerState(121)) - bd940396-f9cb-4ba3-97ee-27fe4877910e: shutdown FollowerState
2019-09-19 09:51:43,015 [Thread-728] INFO  impl.RaftServerImpl (RaftServerImpl.java:setRole(171)) - bd940396-f9cb-4ba3-97ee-27fe4877910e:group-B4E3771EA957 changes role from FOLLOWER to CANDIDATE at term 0 for changeToCandidate
2019-09-19 09:51:43,015 [Thread-728] INFO  impl.RoleInfo (RoleInfo.java:updateAndGet(143)) - bd940396-f9cb-4ba3-97ee-27fe4877910e: start LeaderElection
2019-09-19 09:51:43,027 [Thread-725] INFO  impl.FollowerState (FollowerState.java:run(106)) - a5e54086-a666-428b-be69-0deeb25a32eb:group-DE3AD0CFA55B changes to CANDIDATE, lastRpcTime:5099, electionTimeout:5099ms
2019-09-19 09:51:43,027 [Thread-725] INFO  impl.RoleInfo (RoleInfo.java:shutdownFollowerState(121)) - a5e54086-a666-428b-be69-0deeb25a32eb: shutdown FollowerState
2019-09-19 09:51:43,027 [Thread-725] INFO  impl.RaftServerImpl (RaftServerImpl.java:setRole(171)) - a5e54086-a666-428b-be69-0deeb25a32eb:group-DE3AD0CFA55B changes role from FOLLOWER to CANDIDATE at term 0 for changeToCandidate
2019-09-19 09:51:43,027 [Thread-725] INFO  impl.RoleInfo (RoleInfo.java:updateAndGet(143)) - a5e54086-a666-428b-be69-0deeb25a32eb: start LeaderElection
2019-09-19 09:51:43,036 [Thread-719] INFO  impl.FollowerState (FollowerState.java:run(106)) - a5e54086-a666-428b-be69-0deeb25a32eb:group-9C6F823BDC5A changes to CANDIDATE, lastRpcTime:5174, electionTimeout:5169ms
2019-09-19 09:51:43,036 [Thread-719] INFO  impl.RoleInfo (RoleInfo.java:shutdownFollowerState(121)) - a5e54086-a666-428b-be69-0deeb25a32eb: shutdown FollowerState
2019-09-19 09:51:43,036 [bd940396-f9cb-4ba3-97ee-27fe4877910e:group-B4E3771EA957:LeaderElection38] INFO  impl.LeaderElection (LeaderElection.java:askForVotes(181)) - bd940396-f9cb-4ba3-97ee-27fe4877910e:group-B4E3771EA957:LeaderElection38: begin an election at term 1 for -1: [bd940396-f9cb-4ba3-97ee-27fe4877910e:192.168.34.5:39207], old=null
2019-09-19 09:51:43,036 [Thread-719] INFO  impl.RaftServerImpl (RaftServerImpl.java:setRole(171)) - a5e54086-a666-428b-be69-0deeb25a32eb:group-9C6F823BDC5A changes role from FOLLOWER to CANDIDATE at term 0 for changeToCandidate
2019-09-19 09:51:43,036 [bd940396-f9cb-4ba3-97ee-27fe4877910e:group-B4E3771EA957:LeaderElection38] INFO  impl.RoleInfo (RoleInfo.java:shutdownLeaderElection(134)) - bd940396-f9cb-4ba3-97ee-27fe4877910e: shutdown LeaderElection
2019-09-19 09:51:43,036 [Thread-719] INFO  impl.RoleInfo (RoleInfo.java:updateAndGet(143)) - a5e54086-a666-428b-be69-0deeb25a32eb: start LeaderElection
2019-09-19 09:51:43,036 [bd940396-f9cb-4ba3-97ee-27fe4877910e:group-B4E3771EA957:LeaderElection38] INFO  impl.RaftServerImpl (RaftServerImpl.java:setRole(171)) - bd940396-f9cb-4ba3-97ee-27fe4877910e:group-B4E3771EA957 changes role from CANDIDATE to LEADER at term 1 for changeToLeader
2019-09-19 09:51:43,037 [bd940396-f9cb-4ba3-97ee-27fe4877910e:group-B4E3771EA957:LeaderElection38] INFO  impl.RaftServerImpl (ServerState.java:setLeader(263)) - bd940396-f9cb-4ba3-97ee-27fe4877910e:group-B4E3771EA957 change Leader from null to bd940396-f9cb-4ba3-97ee-27fe4877910e at term 1 for becomeLeader, leader elected after 5068ms
2019-09-19 09:51:43,038 [bd940396-f9cb-4ba3-97ee-27fe4877910e:group-B4E3771EA957:LeaderElection38] INFO  server.RaftServerConfigKeys (ConfUtils.java:logGet(43)) - raft.server.staging.catchup.gap = 1000 (default)
2019-09-19 09:51:43,038 [bd940396-f9cb-4ba3-97ee-27fe4877910e:group-B4E3771EA957:LeaderElection38] INFO  server.RaftServerConfigKeys (ConfUtils.java:logGet(43)) - raft.server.rpc.sleep.time = 25ms (default)
2019-09-19 09:51:43,038 [bd940396-f9cb-4ba3-97ee-27fe4877910e:group-B4E3771EA957:LeaderElection38] INFO  server.RaftServerConfigKeys (ConfUtils.java:logGet(43)) - raft.server.write.element-limit = 4096 (default)
2019-09-19 09:51:43,038 [bd940396-f9cb-4ba3-97ee-27fe4877910e:group-B4E3771EA957:LeaderElection38] INFO  server.RaftServerConfigKeys (ConfUtils.java:logGet(43)) - raft.server.watch.timeout = 10s (default)
2019-09-19 09:51:43,038 [Thread-722] INFO  impl.FollowerState (FollowerState.java:run(106)) - a5e54086-a666-428b-be69-0deeb25a32eb:group-472FA9CABE5A changes to CANDIDATE, lastRpcTime:5132, electionTimeout:5132ms
2019-09-19 09:51:43,039 [bd940396-f9cb-4ba3-97ee-27fe4877910e:group-B4E3771EA957:LeaderElection38] INFO  server.RaftServerConfigKeys (ConfUtils.java:logGet(43)) - raft.server.watch.timeout.denomination = 1s (default)
2019-09-19 09:51:43,039 [a5e54086-a666-428b-be69-0deeb25a32eb:group-DE3AD0CFA55B:LeaderElection39] INFO  impl.LeaderElection (LeaderElection.java:askForVotes(181)) - a5e54086-a666-428b-be69-0deeb25a32eb:group-DE3AD0CFA55B:LeaderElection39: begin an election at term 1 for -1: [a5e54086-a666-428b-be69-0deeb25a32eb:192.168.34.5:42285], old=null
2019-09-19 09:51:43,039 [Thread-722] INFO  impl.RoleInfo (RoleInfo.java:shutdownFollowerState(121)) - a5e54086-a666-428b-be69-0deeb25a32eb: shutdown FollowerState
2019-09-19 09:51:43,039 [a5e54086-a666-428b-be69-0deeb25a32eb:group-DE3AD0CFA55B:LeaderElection39] INFO  impl.RoleInfo (RoleInfo.java:shutdownLeaderElection(134)) - a5e54086-a666-428b-be69-0deeb25a32eb: shutdown LeaderElection
2019-09-19 09:51:43,039 [bd940396-f9cb-4ba3-97ee-27fe4877910e:group-B4E3771EA957:LeaderElection38] INFO  server.RaftServerConfigKeys (ConfUtils.java:logGet(43)) - raft.server.watch.element-limit = 65536 (default)
2019-09-19 09:51:43,039 [a5e54086-a666-428b-be69-0deeb25a32eb:group-DE3AD0CFA55B:LeaderElection39] INFO  impl.RaftServerImpl (RaftServerImpl.java:setRole(171)) - a5e54086-a666-428b-be69-0deeb25a32eb:group-DE3AD0CFA55B changes role from CANDIDATE to LEADER at term 1 for changeToLeader
2019-09-19 09:51:43,040 [a5e54086-a666-428b-be69-0deeb25a32eb:group-DE3AD0CFA55B:LeaderElection39] INFO  impl.RaftServerImpl (ServerState.java:setLeader(263)) - a5e54086-a666-428b-be69-0deeb25a32eb:group-DE3AD0CFA55B change Leader from null to a5e54086-a666-428b-be69-0deeb25a32eb at term 1 for becomeLeader, leader elected after 5115ms
2019-09-19 09:51:43,039 [Thread-722] INFO  impl.RaftServerImpl (RaftServerImpl.java:setRole(171)) - a5e54086-a666-428b-be69-0deeb25a32eb:group-472FA9CABE5A changes role from FOLLOWER to CANDIDATE at term 0 for changeToCandidate
2019-09-19 09:51:43,040 [a5e54086-a666-428b-be69-0deeb25a32eb:group-DE3AD0CFA55B:LeaderElection39] INFO  server.RaftServerConfigKeys (ConfUtils.java:logGet(43)) - raft.server.staging.catchup.gap = 1000 (default)
2019-09-19 09:51:43,040 [bd940396-f9cb-4ba3-97ee-27fe4877910e:group-B4E3771EA957:LeaderElection38] INFO  impl.RoleInfo (RoleInfo.java:updateAndGet(143)) - bd940396-f9cb-4ba3-97ee-27fe4877910e: start LeaderState
2019-09-19 09:51:43,040 [a5e54086-a666-428b-be69-0deeb25a32eb:group-DE3AD0CFA55B:LeaderElection39] INFO  server.RaftServerConfigKeys (ConfUtils.java:logGet(43)) - raft.server.rpc.sleep.time = 25ms (default)
2019-09-19 09:51:43,040 [Thread-722] INFO  impl.RoleInfo (RoleInfo.java:updateAndGet(143)) - a5e54086-a666-428b-be69-0deeb25a32eb: start LeaderElection
2019-09-19 09:51:43,041 [a5e54086-a666-428b-be69-0deeb25a32eb:group-DE3AD0CFA55B:LeaderElection39] INFO  server.RaftServerConfigKeys (ConfUtils.java:logGet(43)) - raft.server.write.element-limit = 4096 (default)
2019-09-19 09:51:43,041 [bd940396-f9cb-4ba3-97ee-27fe4877910e:group-B4E3771EA957:LeaderElection38] INFO  segmented.SegmentedRaftLogWorker (SegmentedRaftLogWorker.java:startLogSegment(380)) - bd940396-f9cb-4ba3-97ee-27fe4877910e-SegmentedRaftLogWorker:Storage Directory /workdir/hadoop-ozone/ozonefs/target/test-dir/MiniOzoneClusterImpl-2dcf7682-fd4a-4cc9-8c14-b1fdd7ae4a90/datanode-1/data/ratis/4cd9d666-6a42-42a9-a399-b4e3771ea957: Starting segment from index:0
2019-09-19 09:51:43,041 [a5e54086-a666-428b-be69-0deeb25a32eb:group-DE3AD0CFA55B:LeaderElection39] INFO  server.RaftServerConfigKeys (ConfUtils.java:logGet(43)) - raft.server.watch.timeout = 10s (default)
2019-09-19 09:51:43,042 [a5e54086-a666-428b-be69-0deeb25a32eb:group-DE3AD0CFA55B:LeaderElection39] INFO  server.RaftServerConfigKeys (ConfUtils.java:logGet(43)) - raft.server.watch.timeout.denomination = 1s (default)
2019-09-19 09:51:43,042 [a5e54086-a666-428b-be69-0deeb25a32eb:group-DE3AD0CFA55B:LeaderElection39] INFO  server.RaftServerConfigKeys (ConfUtils.java:logGet(43)) - raft.server.watch.element-limit = 65536 (default)
2019-09-19 09:51:43,043 [bd940396-f9cb-4ba3-97ee-27fe4877910e:group-B4E3771EA957:LeaderElection38] INFO  impl.RaftServerImpl (ServerState.java:setRaftConf(361)) - bd940396-f9cb-4ba3-97ee-27fe4877910e:group-B4E3771EA957 set configuration 0: [bd940396-f9cb-4ba3-97ee-27fe4877910e:192.168.34.5:39207], old=null at 0
2019-09-19 09:51:43,043 [a5e54086-a666-428b-be69-0deeb25a32eb:group-DE3AD0CFA55B:LeaderElection39] INFO  impl.RoleInfo (RoleInfo.java:updateAndGet(143)) - a5e54086-a666-428b-be69-0deeb25a32eb: start LeaderState
2019-09-19 09:51:43,043 [a5e54086-a666-428b-be69-0deeb25a32eb:group-DE3AD0CFA55B:LeaderElection39] INFO  segmented.SegmentedRaftLogWorker (SegmentedRaftLogWorker.java:startLogSegment(380)) - a5e54086-a666-428b-be69-0deeb25a32eb-SegmentedRaftLogWorker:Storage Directory /workdir/hadoop-ozone/ozonefs/target/test-dir/MiniOzoneClusterImpl-2dcf7682-fd4a-4cc9-8c14-b1fdd7ae4a90/datanode-0/data/ratis/1ed672b5-d293-4528-b7ef-de3ad0cfa55b: Starting segment from index:0
2019-09-19 09:51:43,044 [a5e54086-a666-428b-be69-0deeb25a32eb:group-9C6F823BDC5A:LeaderElection40] INFO  impl.LeaderElection (LeaderElection.java:askForVotes(181)) - a5e54086-a666-428b-be69-0deeb25a32eb:group-9C6F823BDC5A:LeaderElection40: begin an election at term 1 for -1: [a5e54086-a666-428b-be69-0deeb25a32eb:192.168.34.5:42285], old=null
2019-09-19 09:51:43,044 [a5e54086-a666-428b-be69-0deeb25a32eb:group-DE3AD0CFA55B:LeaderElection39] INFO  impl.RaftServerImpl (ServerState.java:setRaftConf(361)) - a5e54086-a666-428b-be69-0deeb25a32eb:group-DE3AD0CFA55B set configuration 0: [a5e54086-a666-428b-be69-0deeb25a32eb:192.168.34.5:42285], old=null at 0
2019-09-19 09:51:43,044 [a5e54086-a666-428b-be69-0deeb25a32eb:group-9C6F823BDC5A:LeaderElection40] INFO  impl.RoleInfo (RoleInfo.java:shutdownLeaderElection(134)) - a5e54086-a666-428b-be69-0deeb25a32eb: shutdown LeaderElection
2019-09-19 09:51:43,044 [a5e54086-a666-428b-be69-0deeb25a32eb:group-9C6F823BDC5A:LeaderElection40] INFO  impl.RaftServerImpl (RaftServerImpl.java:setRole(171)) - a5e54086-a666-428b-be69-0deeb25a32eb:group-9C6F823BDC5A changes role from CANDIDATE to LEADER at term 1 for changeToLeader
2019-09-19 09:51:43,044 [a5e54086-a666-428b-be69-0deeb25a32eb:group-9C6F823BDC5A:LeaderElection40] INFO  impl.RaftServerImpl (ServerState.java:setLeader(263)) - a5e54086-a666-428b-be69-0deeb25a32eb:group-9C6F823BDC5A change Leader from null to a5e54086-a666-428b-be69-0deeb25a32eb at term 1 for becomeLeader, leader elected after 5186ms
2019-09-19 09:51:43,045 [a5e54086-a666-428b-be69-0deeb25a32eb:group-9C6F823BDC5A:LeaderElection40] INFO  server.RaftServerConfigKeys (ConfUtils.java:logGet(43)) - raft.server.staging.catchup.gap = 1000 (default)
2019-09-19 09:51:43,045 [a5e54086-a666-428b-be69-0deeb25a32eb:group-9C6F823BDC5A:LeaderElection40] INFO  server.RaftServerConfigKeys (ConfUtils.java:logGet(43)) - raft.server.rpc.sleep.time = 25ms (default)
2019-09-19 09:51:43,045 [a5e54086-a666-428b-be69-0deeb25a32eb:group-9C6F823BDC5A:LeaderElection40] INFO  server.RaftServerConfigKeys (ConfUtils.java:logGet(43)) - raft.server.write.element-limit = 4096 (default)
2019-09-19 09:51:43,045 [a5e54086-a666-428b-be69-0deeb25a32eb:group-9C6F823BDC5A:LeaderElection40] INFO  server.RaftServerConfigKeys (ConfUtils.java:logGet(43)) - raft.server.watch.timeout = 10s (default)
2019-09-19 09:51:43,046 [a5e54086-a666-428b-be69-0deeb25a32eb:group-9C6F823BDC5A:LeaderElection40] INFO  server.RaftServerConfigKeys (ConfUtils.java:logGet(43)) - raft.server.watch.timeout.denomination = 1s (default)
2019-09-19 09:51:43,046 [a5e54086-a666-428b-be69-0deeb25a32eb:group-9C6F823BDC5A:LeaderElection40] INFO  server.RaftServerConfigKeys (ConfUtils.java:logGet(43)) - raft.server.watch.element-limit = 65536 (default)
2019-09-19 09:51:43,046 [a5e54086-a666-428b-be69-0deeb25a32eb:group-9C6F823BDC5A:LeaderElection40] INFO  impl.RoleInfo (RoleInfo.java:updateAndGet(143)) - a5e54086-a666-428b-be69-0deeb25a32eb: start LeaderState
2019-09-19 09:51:43,046 [a5e54086-a666-428b-be69-0deeb25a32eb:group-9C6F823BDC5A:LeaderElection40] INFO  segmented.SegmentedRaftLogWorker (SegmentedRaftLogWorker.java:startLogSegment(380)) - a5e54086-a666-428b-be69-0deeb25a32eb-SegmentedRaftLogWorker:Storage Directory /workdir/hadoop-ozone/ozonefs/target/test-dir/MiniOzoneClusterImpl-2dcf7682-fd4a-4cc9-8c14-b1fdd7ae4a90/datanode-0/data/ratis/a640f05d-0d95-44aa-bec7-9c6f823bdc5a: Starting segment from index:0
2019-09-19 09:51:43,047 [a5e54086-a666-428b-be69-0deeb25a32eb:group-9C6F823BDC5A:LeaderElection40] INFO  impl.RaftServerImpl (ServerState.java:setRaftConf(361)) - a5e54086-a666-428b-be69-0deeb25a32eb:group-9C6F823BDC5A set configuration 0: [a5e54086-a666-428b-be69-0deeb25a32eb:192.168.34.5:42285], old=null at 0
2019-09-19 09:51:43,056 [a5e54086-a666-428b-be69-0deeb25a32eb:group-472FA9CABE5A:LeaderElection41] INFO  impl.LeaderElection (LeaderElection.java:askForVotes(181)) - a5e54086-a666-428b-be69-0deeb25a32eb:group-472FA9CABE5A:LeaderElection41: begin an election at term 1 for -1: [a5e54086-a666-428b-be69-0deeb25a32eb:192.168.34.5:42285], old=null
2019-09-19 09:51:43,056 [a5e54086-a666-428b-be69-0deeb25a32eb:group-472FA9CABE5A:LeaderElection41] INFO  impl.RoleInfo (RoleInfo.java:shutdownLeaderElection(134)) - a5e54086-a666-428b-be69-0deeb25a32eb: shutdown LeaderElection
2019-09-19 09:51:43,056 [a5e54086-a666-428b-be69-0deeb25a32eb:group-472FA9CABE5A:LeaderElection41] INFO  impl.RaftServerImpl (RaftServerImpl.java:setRole(171)) - a5e54086-a666-428b-be69-0deeb25a32eb:group-472FA9CABE5A changes role from CANDIDATE to LEADER at term 1 for changeToLeader
2019-09-19 09:51:43,056 [a5e54086-a666-428b-be69-0deeb25a32eb:group-472FA9CABE5A:LeaderElection41] INFO  impl.RaftServerImpl (ServerState.java:setLeader(263)) - a5e54086-a666-428b-be69-0deeb25a32eb:group-472FA9CABE5A change Leader from null to a5e54086-a666-428b-be69-0deeb25a32eb at term 1 for becomeLeader, leader elected after 5153ms
2019-09-19 09:51:43,057 [a5e54086-a666-428b-be69-0deeb25a32eb:group-472FA9CABE5A:LeaderElection41] INFO  server.RaftServerConfigKeys (ConfUtils.java:logGet(43)) - raft.server.staging.catchup.gap = 1000 (default)
2019-09-19 09:51:43,057 [a5e54086-a666-428b-be69-0deeb25a32eb:group-472FA9CABE5A:LeaderElection41] INFO  server.RaftServerConfigKeys (ConfUtils.java:logGet(43)) - raft.server.rpc.sleep.time = 25ms (default)
2019-09-19 09:51:43,057 [a5e54086-a666-428b-be69-0deeb25a32eb:group-472FA9CABE5A:LeaderElection41] INFO  server.RaftServerConfigKeys (ConfUtils.java:logGet(43)) - raft.server.write.element-limit = 4096 (default)
2019-09-19 09:51:43,057 [a5e54086-a666-428b-be69-0deeb25a32eb:group-472FA9CABE5A:LeaderElection41] INFO  server.RaftServerConfigKeys (ConfUtils.java:logGet(43)) - raft.server.watch.timeout = 10s (default)
2019-09-19 09:51:43,057 [a5e54086-a666-428b-be69-0deeb25a32eb:group-472FA9CABE5A:LeaderElection41] INFO  server.RaftServerConfigKeys (ConfUtils.java:logGet(43)) - raft.server.watch.timeout.denomination = 1s (default)
2019-09-19 09:51:43,057 [a5e54086-a666-428b-be69-0deeb25a32eb:group-472FA9CABE5A:LeaderElection41] INFO  server.RaftServerConfigKeys (ConfUtils.java:logGet(43)) - raft.server.watch.element-limit = 65536 (default)
2019-09-19 09:51:43,058 [a5e54086-a666-428b-be69-0deeb25a32eb:group-472FA9CABE5A:LeaderElection41] INFO  impl.RoleInfo (RoleInfo.java:updateAndGet(143)) - a5e54086-a666-428b-be69-0deeb25a32eb: start LeaderState
2019-09-19 09:51:43,058 [a5e54086-a666-428b-be69-0deeb25a32eb:group-472FA9CABE5A:LeaderElection41] INFO  segmented.SegmentedRaftLogWorker (SegmentedRaftLogWorker.java:startLogSegment(380)) - a5e54086-a666-428b-be69-0deeb25a32eb-SegmentedRaftLogWorker:Storage Directory /workdir/hadoop-ozone/ozonefs/target/test-dir/MiniOzoneClusterImpl-2dcf7682-fd4a-4cc9-8c14-b1fdd7ae4a90/datanode-0/data/ratis/7c566131-15f8-4208-9832-472fa9cabe5a: Starting segment from index:0
2019-09-19 09:51:43,059 [a5e54086-a666-428b-be69-0deeb25a32eb:group-472FA9CABE5A:LeaderElection41] INFO  impl.RaftServerImpl (ServerState.java:setRaftConf(361)) - a5e54086-a666-428b-be69-0deeb25a32eb:group-472FA9CABE5A set configuration 0: [a5e54086-a666-428b-be69-0deeb25a32eb:192.168.34.5:42285], old=null at 0
2019-09-19 09:51:43,076 [Thread-731] INFO  impl.FollowerState (FollowerState.java:run(106)) - bd940396-f9cb-4ba3-97ee-27fe4877910e:group-FC1647DF5F23 changes to CANDIDATE, lastRpcTime:5058, electionTimeout:5058ms
2019-09-19 09:51:43,076 [Thread-731] INFO  impl.RoleInfo (RoleInfo.java:shutdownFollowerState(121)) - bd940396-f9cb-4ba3-97ee-27fe4877910e: shutdown FollowerState
2019-09-19 09:51:43,077 [Thread-731] INFO  impl.RaftServerImpl (RaftServerImpl.java:setRole(171)) - bd940396-f9cb-4ba3-97ee-27fe4877910e:group-FC1647DF5F23 changes role from FOLLOWER to CANDIDATE at term 0 for changeToCandidate
2019-09-19 09:51:43,077 [Thread-731] INFO  impl.RoleInfo (RoleInfo.java:updateAndGet(143)) - bd940396-f9cb-4ba3-97ee-27fe4877910e: start LeaderElection
2019-09-19 09:51:43,100 | INFO  | SCMAudit | user=jenkins1000 | ip=192.168.34.5 | op=SEND_HEARTBEAT {datanodeUUID=e5479894-df80-44da-8423-1105b30f9b8d, command=[]} | ret=SUCCESS |  
2019-09-19 09:51:43,125 [a5e54086-a666-428b-be69-0deeb25a32eb-SegmentedRaftLogWorker:Storage Directory /workdir/hadoop-ozone/ozonefs/target/test-dir/MiniOzoneClusterImpl-2dcf7682-fd4a-4cc9-8c14-b1fdd7ae4a90/datanode-0/data/ratis/1ed672b5-d293-4528-b7ef-de3ad0cfa55b] INFO  segmented.SegmentedRaftLogWorker (SegmentedRaftLogWorker.java:execute(569)) - a5e54086-a666-428b-be69-0deeb25a32eb-SegmentedRaftLogWorker:Storage Directory /workdir/hadoop-ozone/ozonefs/target/test-dir/MiniOzoneClusterImpl-2dcf7682-fd4a-4cc9-8c14-b1fdd7ae4a90/datanode-0/data/ratis/1ed672b5-d293-4528-b7ef-de3ad0cfa55b: created new log segment /workdir/hadoop-ozone/ozonefs/target/test-dir/MiniOzoneClusterImpl-2dcf7682-fd4a-4cc9-8c14-b1fdd7ae4a90/datanode-0/data/ratis/1ed672b5-d293-4528-b7ef-de3ad0cfa55b/current/log_inprogress_0
2019-09-19 09:51:43,125 [bd940396-f9cb-4ba3-97ee-27fe4877910e:group-FC1647DF5F23:LeaderElection42] INFO  impl.LeaderElection (LeaderElection.java:askForVotes(181)) - bd940396-f9cb-4ba3-97ee-27fe4877910e:group-FC1647DF5F23:LeaderElection42: begin an election at term 1 for -1: [bd940396-f9cb-4ba3-97ee-27fe4877910e:192.168.34.5:39207], old=null
2019-09-19 09:51:43,125 [bd940396-f9cb-4ba3-97ee-27fe4877910e-SegmentedRaftLogWorker:Storage Directory /workdir/hadoop-ozone/ozonefs/target/test-dir/MiniOzoneClusterImpl-2dcf7682-fd4a-4cc9-8c14-b1fdd7ae4a90/datanode-1/data/ratis/4cd9d666-6a42-42a9-a399-b4e3771ea957] INFO  segmented.SegmentedRaftLogWorker (SegmentedRaftLogWorker.java:execute(569)) - bd940396-f9cb-4ba3-97ee-27fe4877910e-SegmentedRaftLogWorker:Storage Directory /workdir/hadoop-ozone/ozonefs/target/test-dir/MiniOzoneClusterImpl-2dcf7682-fd4a-4cc9-8c14-b1fdd7ae4a90/datanode-1/data/ratis/4cd9d666-6a42-42a9-a399-b4e3771ea957: created new log segment /workdir/hadoop-ozone/ozonefs/target/test-dir/MiniOzoneClusterImpl-2dcf7682-fd4a-4cc9-8c14-b1fdd7ae4a90/datanode-1/data/ratis/4cd9d666-6a42-42a9-a399-b4e3771ea957/current/log_inprogress_0
2019-09-19 09:51:43,125 [a5e54086-a666-428b-be69-0deeb25a32eb-SegmentedRaftLogWorker:Storage Directory /workdir/hadoop-ozone/ozonefs/target/test-dir/MiniOzoneClusterImpl-2dcf7682-fd4a-4cc9-8c14-b1fdd7ae4a90/datanode-0/data/ratis/a640f05d-0d95-44aa-bec7-9c6f823bdc5a] INFO  segmented.SegmentedRaftLogWorker (SegmentedRaftLogWorker.java:execute(569)) - a5e54086-a666-428b-be69-0deeb25a32eb-SegmentedRaftLogWorker:Storage Directory /workdir/hadoop-ozone/ozonefs/target/test-dir/MiniOzoneClusterImpl-2dcf7682-fd4a-4cc9-8c14-b1fdd7ae4a90/datanode-0/data/ratis/a640f05d-0d95-44aa-bec7-9c6f823bdc5a: created new log segment /workdir/hadoop-ozone/ozonefs/target/test-dir/MiniOzoneClusterImpl-2dcf7682-fd4a-4cc9-8c14-b1fdd7ae4a90/datanode-0/data/ratis/a640f05d-0d95-44aa-bec7-9c6f823bdc5a/current/log_inprogress_0
2019-09-19 09:51:43,125 [a5e54086-a666-428b-be69-0deeb25a32eb-SegmentedRaftLogWorker:Storage Directory /workdir/hadoop-ozone/ozonefs/target/test-dir/MiniOzoneClusterImpl-2dcf7682-fd4a-4cc9-8c14-b1fdd7ae4a90/datanode-0/data/ratis/7c566131-15f8-4208-9832-472fa9cabe5a] INFO  segmented.SegmentedRaftLogWorker (SegmentedRaftLogWorker.java:execute(569)) - a5e54086-a666-428b-be69-0deeb25a32eb-SegmentedRaftLogWorker:Storage Directory /workdir/hadoop-ozone/ozonefs/target/test-dir/MiniOzoneClusterImpl-2dcf7682-fd4a-4cc9-8c14-b1fdd7ae4a90/datanode-0/data/ratis/7c566131-15f8-4208-9832-472fa9cabe5a: created new log segment /workdir/hadoop-ozone/ozonefs/target/test-dir/MiniOzoneClusterImpl-2dcf7682-fd4a-4cc9-8c14-b1fdd7ae4a90/datanode-0/data/ratis/7c566131-15f8-4208-9832-472fa9cabe5a/current/log_inprogress_0
2019-09-19 09:51:43,126 [bd940396-f9cb-4ba3-97ee-27fe4877910e:group-FC1647DF5F23:LeaderElection42] INFO  impl.RoleInfo (RoleInfo.java:shutdownLeaderElection(134)) - bd940396-f9cb-4ba3-97ee-27fe4877910e: shutdown LeaderElection
2019-09-19 09:51:43,126 [bd940396-f9cb-4ba3-97ee-27fe4877910e:group-FC1647DF5F23:LeaderElection42] INFO  impl.RaftServerImpl (RaftServerImpl.java:setRole(171)) - bd940396-f9cb-4ba3-97ee-27fe4877910e:group-FC1647DF5F23 changes role from CANDIDATE to LEADER at term 1 for changeToLeader
2019-09-19 09:51:43,126 [bd940396-f9cb-4ba3-97ee-27fe4877910e:group-FC1647DF5F23:LeaderElection42] INFO  impl.RaftServerImpl (ServerState.java:setLeader(263)) - bd940396-f9cb-4ba3-97ee-27fe4877910e:group-FC1647DF5F23 change Leader from null to bd940396-f9cb-4ba3-97ee-27fe4877910e at term 1 for becomeLeader, leader elected after 5113ms
2019-09-19 09:51:43,126 [bd940396-f9cb-4ba3-97ee-27fe4877910e:group-FC1647DF5F23:LeaderElection42] INFO  server.RaftServerConfigKeys (ConfUtils.java:logGet(43)) - raft.server.staging.catchup.gap = 1000 (default)
2019-09-19 09:51:43,127 [bd940396-f9cb-4ba3-97ee-27fe4877910e:group-FC1647DF5F23:LeaderElection42] INFO  server.RaftServerConfigKeys (ConfUtils.java:logGet(43)) - raft.server.rpc.sleep.time = 25ms (default)
2019-09-19 09:51:43,127 [bd940396-f9cb-4ba3-97ee-27fe4877910e:group-FC1647DF5F23:LeaderElection42] INFO  server.RaftServerConfigKeys (ConfUtils.java:logGet(43)) - raft.server.write.element-limit = 4096 (default)
2019-09-19 09:51:43,127 [bd940396-f9cb-4ba3-97ee-27fe4877910e:group-FC1647DF5F23:LeaderElection42] INFO  server.RaftServerConfigKeys (ConfUtils.java:logGet(43)) - raft.server.watch.timeout = 10s (default)
2019-09-19 09:51:43,127 [bd940396-f9cb-4ba3-97ee-27fe4877910e:group-FC1647DF5F23:LeaderElection42] INFO  server.RaftServerConfigKeys (ConfUtils.java:logGet(43)) - raft.server.watch.timeout.denomination = 1s (default)
2019-09-19 09:51:43,127 [bd940396-f9cb-4ba3-97ee-27fe4877910e:group-FC1647DF5F23:LeaderElection42] INFO  server.RaftServerConfigKeys (ConfUtils.java:logGet(43)) - raft.server.watch.element-limit = 65536 (default)
2019-09-19 09:51:43,128 [bd940396-f9cb-4ba3-97ee-27fe4877910e:group-FC1647DF5F23:LeaderElection42] INFO  impl.RoleInfo (RoleInfo.java:updateAndGet(143)) - bd940396-f9cb-4ba3-97ee-27fe4877910e: start LeaderState
2019-09-19 09:51:43,128 [bd940396-f9cb-4ba3-97ee-27fe4877910e:group-FC1647DF5F23:LeaderElection42] INFO  segmented.SegmentedRaftLogWorker (SegmentedRaftLogWorker.java:startLogSegment(380)) - bd940396-f9cb-4ba3-97ee-27fe4877910e-SegmentedRaftLogWorker:Storage Directory /workdir/hadoop-ozone/ozonefs/target/test-dir/MiniOzoneClusterImpl-2dcf7682-fd4a-4cc9-8c14-b1fdd7ae4a90/datanode-1/data/ratis/33201ab8-4bfa-4257-a46e-fc1647df5f23: Starting segment from index:0
2019-09-19 09:51:43,128 [bd940396-f9cb-4ba3-97ee-27fe4877910e:group-FC1647DF5F23:LeaderElection42] INFO  impl.RaftServerImpl (ServerState.java:setRaftConf(361)) - bd940396-f9cb-4ba3-97ee-27fe4877910e:group-FC1647DF5F23 set configuration 0: [bd940396-f9cb-4ba3-97ee-27fe4877910e:192.168.34.5:39207], old=null at 0
2019-09-19 09:51:43,129 [Thread-734] INFO  impl.FollowerState (FollowerState.java:run(106)) - bd940396-f9cb-4ba3-97ee-27fe4877910e:group-73FDB3E31D08 changes to CANDIDATE, lastRpcTime:5069, electionTimeout:5069ms
2019-09-19 09:51:43,129 [Thread-734] INFO  impl.RoleInfo (RoleInfo.java:shutdownFollowerState(121)) - bd940396-f9cb-4ba3-97ee-27fe4877910e: shutdown FollowerState
2019-09-19 09:51:43,129 [Thread-734] INFO  impl.RaftServerImpl (RaftServerImpl.java:setRole(171)) - bd940396-f9cb-4ba3-97ee-27fe4877910e:group-73FDB3E31D08 changes role from FOLLOWER to CANDIDATE at term 0 for changeToCandidate
2019-09-19 09:51:43,129 [Thread-734] INFO  impl.RoleInfo (RoleInfo.java:updateAndGet(143)) - bd940396-f9cb-4ba3-97ee-27fe4877910e: start LeaderElection
2019-09-19 09:51:43,171 [Thread-737] INFO  impl.FollowerState (FollowerState.java:run(106)) - bd940396-f9cb-4ba3-97ee-27fe4877910e:group-8FD2DA75BD96 changes to CANDIDATE, lastRpcTime:5067, electionTimeout:5067ms
2019-09-19 09:51:43,171 [Thread-737] INFO  impl.RoleInfo (RoleInfo.java:shutdownFollowerState(121)) - bd940396-f9cb-4ba3-97ee-27fe4877910e: shutdown FollowerState
2019-09-19 09:51:43,171 [Thread-737] INFO  impl.RaftServerImpl (RaftServerImpl.java:setRole(171)) - bd940396-f9cb-4ba3-97ee-27fe4877910e:group-8FD2DA75BD96 changes role from FOLLOWER to CANDIDATE at term 0 for changeToCandidate
2019-09-19 09:51:43,171 [Thread-737] INFO  impl.RoleInfo (RoleInfo.java:updateAndGet(143)) - bd940396-f9cb-4ba3-97ee-27fe4877910e: start LeaderElection
2019-09-19 09:51:43,173 [bd940396-f9cb-4ba3-97ee-27fe4877910e-SegmentedRaftLogWorker:Storage Directory /workdir/hadoop-ozone/ozonefs/target/test-dir/MiniOzoneClusterImpl-2dcf7682-fd4a-4cc9-8c14-b1fdd7ae4a90/datanode-1/data/ratis/33201ab8-4bfa-4257-a46e-fc1647df5f23] INFO  segmented.SegmentedRaftLogWorker (SegmentedRaftLogWorker.java:execute(569)) - bd940396-f9cb-4ba3-97ee-27fe4877910e-SegmentedRaftLogWorker:Storage Directory /workdir/hadoop-ozone/ozonefs/target/test-dir/MiniOzoneClusterImpl-2dcf7682-fd4a-4cc9-8c14-b1fdd7ae4a90/datanode-1/data/ratis/33201ab8-4bfa-4257-a46e-fc1647df5f23: created new log segment /workdir/hadoop-ozone/ozonefs/target/test-dir/MiniOzoneClusterImpl-2dcf7682-fd4a-4cc9-8c14-b1fdd7ae4a90/datanode-1/data/ratis/33201ab8-4bfa-4257-a46e-fc1647df5f23/current/log_inprogress_0
2019-09-19 09:51:43,173 [bd940396-f9cb-4ba3-97ee-27fe4877910e:group-73FDB3E31D08:LeaderElection43] INFO  impl.LeaderElection (LeaderElection.java:askForVotes(181)) - bd940396-f9cb-4ba3-97ee-27fe4877910e:group-73FDB3E31D08:LeaderElection43: begin an election at term 1 for -1: [bd940396-f9cb-4ba3-97ee-27fe4877910e:192.168.34.5:39207], old=null
2019-09-19 09:51:43,174 [bd940396-f9cb-4ba3-97ee-27fe4877910e:group-73FDB3E31D08:LeaderElection43] INFO  impl.RoleInfo (RoleInfo.java:shutdownLeaderElection(134)) - bd940396-f9cb-4ba3-97ee-27fe4877910e: shutdown LeaderElection
2019-09-19 09:51:43,174 [bd940396-f9cb-4ba3-97ee-27fe4877910e:group-73FDB3E31D08:LeaderElection43] INFO  impl.RaftServerImpl (RaftServerImpl.java:setRole(171)) - bd940396-f9cb-4ba3-97ee-27fe4877910e:group-73FDB3E31D08 changes role from CANDIDATE to LEADER at term 1 for changeToLeader
2019-09-19 09:51:43,174 [bd940396-f9cb-4ba3-97ee-27fe4877910e:group-73FDB3E31D08:LeaderElection43] INFO  impl.RaftServerImpl (ServerState.java:setLeader(263)) - bd940396-f9cb-4ba3-97ee-27fe4877910e:group-73FDB3E31D08 change Leader from null to bd940396-f9cb-4ba3-97ee-27fe4877910e at term 1 for becomeLeader, leader elected after 5118ms
2019-09-19 09:51:43,174 [bd940396-f9cb-4ba3-97ee-27fe4877910e:group-73FDB3E31D08:LeaderElection43] INFO  server.RaftServerConfigKeys (ConfUtils.java:logGet(43)) - raft.server.staging.catchup.gap = 1000 (default)
2019-09-19 09:51:43,174 [bd940396-f9cb-4ba3-97ee-27fe4877910e:group-73FDB3E31D08:LeaderElection43] INFO  server.RaftServerConfigKeys (ConfUtils.java:logGet(43)) - raft.server.rpc.sleep.time = 25ms (default)
2019-09-19 09:51:43,175 [bd940396-f9cb-4ba3-97ee-27fe4877910e:group-73FDB3E31D08:LeaderElection43] INFO  server.RaftServerConfigKeys (ConfUtils.java:logGet(43)) - raft.server.write.element-limit = 4096 (default)
2019-09-19 09:51:43,175 [bd940396-f9cb-4ba3-97ee-27fe4877910e:group-73FDB3E31D08:LeaderElection43] INFO  server.RaftServerConfigKeys (ConfUtils.java:logGet(43)) - raft.server.watch.timeout = 10s (default)
2019-09-19 09:51:43,175 [bd940396-f9cb-4ba3-97ee-27fe4877910e:group-73FDB3E31D08:LeaderElection43] INFO  server.RaftServerConfigKeys (ConfUtils.java:logGet(43)) - raft.server.watch.timeout.denomination = 1s (default)
2019-09-19 09:51:43,175 [bd940396-f9cb-4ba3-97ee-27fe4877910e:group-73FDB3E31D08:LeaderElection43] INFO  server.RaftServerConfigKeys (ConfUtils.java:logGet(43)) - raft.server.watch.element-limit = 65536 (default)
2019-09-19 09:51:43,176 [bd940396-f9cb-4ba3-97ee-27fe4877910e:group-73FDB3E31D08:LeaderElection43] INFO  impl.RoleInfo (RoleInfo.java:updateAndGet(143)) - bd940396-f9cb-4ba3-97ee-27fe4877910e: start LeaderState
2019-09-19 09:51:43,176 [bd940396-f9cb-4ba3-97ee-27fe4877910e:group-73FDB3E31D08:LeaderElection43] INFO  segmented.SegmentedRaftLogWorker (SegmentedRaftLogWorker.java:startLogSegment(380)) - bd940396-f9cb-4ba3-97ee-27fe4877910e-SegmentedRaftLogWorker:Storage Directory /workdir/hadoop-ozone/ozonefs/target/test-dir/MiniOzoneClusterImpl-2dcf7682-fd4a-4cc9-8c14-b1fdd7ae4a90/datanode-1/data/ratis/0fb010f6-3d3f-4484-aca6-73fdb3e31d08: Starting segment from index:0
2019-09-19 09:51:43,177 [bd940396-f9cb-4ba3-97ee-27fe4877910e:group-73FDB3E31D08:LeaderElection43] INFO  impl.RaftServerImpl (ServerState.java:setRaftConf(361)) - bd940396-f9cb-4ba3-97ee-27fe4877910e:group-73FDB3E31D08 set configuration 0: [bd940396-f9cb-4ba3-97ee-27fe4877910e:192.168.34.5:39207], old=null at 0
2019-09-19 09:51:43,186 [bd940396-f9cb-4ba3-97ee-27fe4877910e:group-8FD2DA75BD96:LeaderElection44] INFO  impl.LeaderElection (LeaderElection.java:askForVotes(181)) - bd940396-f9cb-4ba3-97ee-27fe4877910e:group-8FD2DA75BD96:LeaderElection44: begin an election at term 1 for -1: [bd940396-f9cb-4ba3-97ee-27fe4877910e:192.168.34.5:39207], old=null
2019-09-19 09:51:43,187 [bd940396-f9cb-4ba3-97ee-27fe4877910e:group-8FD2DA75BD96:LeaderElection44] INFO  impl.RoleInfo (RoleInfo.java:shutdownLeaderElection(134)) - bd940396-f9cb-4ba3-97ee-27fe4877910e: shutdown LeaderElection
2019-09-19 09:51:43,187 [bd940396-f9cb-4ba3-97ee-27fe4877910e:group-8FD2DA75BD96:LeaderElection44] INFO  impl.RaftServerImpl (RaftServerImpl.java:setRole(171)) - bd940396-f9cb-4ba3-97ee-27fe4877910e:group-8FD2DA75BD96 changes role from CANDIDATE to LEADER at term 1 for changeToLeader
2019-09-19 09:51:43,187 [bd940396-f9cb-4ba3-97ee-27fe4877910e:group-8FD2DA75BD96:LeaderElection44] INFO  impl.RaftServerImpl (ServerState.java:setLeader(263)) - bd940396-f9cb-4ba3-97ee-27fe4877910e:group-8FD2DA75BD96 change Leader from null to bd940396-f9cb-4ba3-97ee-27fe4877910e at term 1 for becomeLeader, leader elected after 5088ms
2019-09-19 09:51:43,187 [bd940396-f9cb-4ba3-97ee-27fe4877910e:group-8FD2DA75BD96:LeaderElection44] INFO  server.RaftServerConfigKeys (ConfUtils.java:logGet(43)) - raft.server.staging.catchup.gap = 1000 (default)
2019-09-19 09:51:43,187 [bd940396-f9cb-4ba3-97ee-27fe4877910e:group-8FD2DA75BD96:LeaderElection44] INFO  server.RaftServerConfigKeys (ConfUtils.java:logGet(43)) - raft.server.rpc.sleep.time = 25ms (default)
2019-09-19 09:51:43,188 [bd940396-f9cb-4ba3-97ee-27fe4877910e:group-8FD2DA75BD96:LeaderElection44] INFO  server.RaftServerConfigKeys (ConfUtils.java:logGet(43)) - raft.server.write.element-limit = 4096 (default)
2019-09-19 09:51:43,188 [bd940396-f9cb-4ba3-97ee-27fe4877910e:group-8FD2DA75BD96:LeaderElection44] INFO  server.RaftServerConfigKeys (ConfUtils.java:logGet(43)) - raft.server.watch.timeout = 10s (default)
2019-09-19 09:51:43,188 [bd940396-f9cb-4ba3-97ee-27fe4877910e:group-8FD2DA75BD96:LeaderElection44] INFO  server.RaftServerConfigKeys (ConfUtils.java:logGet(43)) - raft.server.watch.timeout.denomination = 1s (default)
2019-09-19 09:51:43,188 [bd940396-f9cb-4ba3-97ee-27fe4877910e:group-8FD2DA75BD96:LeaderElection44] INFO  server.RaftServerConfigKeys (ConfUtils.java:logGet(43)) - raft.server.watch.element-limit = 65536 (default)
2019-09-19 09:51:43,188 [bd940396-f9cb-4ba3-97ee-27fe4877910e:group-8FD2DA75BD96:LeaderElection44] INFO  impl.RoleInfo (RoleInfo.java:updateAndGet(143)) - bd940396-f9cb-4ba3-97ee-27fe4877910e: start LeaderState
2019-09-19 09:51:43,189 [bd940396-f9cb-4ba3-97ee-27fe4877910e:group-8FD2DA75BD96:LeaderElection44] INFO  segmented.SegmentedRaftLogWorker (SegmentedRaftLogWorker.java:startLogSegment(380)) - bd940396-f9cb-4ba3-97ee-27fe4877910e-SegmentedRaftLogWorker:Storage Directory /workdir/hadoop-ozone/ozonefs/target/test-dir/MiniOzoneClusterImpl-2dcf7682-fd4a-4cc9-8c14-b1fdd7ae4a90/datanode-1/data/ratis/96c77459-286d-4098-84c7-8fd2da75bd96: Starting segment from index:0
2019-09-19 09:51:43,189 [bd940396-f9cb-4ba3-97ee-27fe4877910e:group-8FD2DA75BD96:LeaderElection44] INFO  impl.RaftServerImpl (ServerState.java:setRaftConf(361)) - bd940396-f9cb-4ba3-97ee-27fe4877910e:group-8FD2DA75BD96 set configuration 0: [bd940396-f9cb-4ba3-97ee-27fe4877910e:192.168.34.5:39207], old=null at 0
2019-09-19 09:51:43,192 [Thread-740] INFO  impl.FollowerState (FollowerState.java:run(106)) - bd940396-f9cb-4ba3-97ee-27fe4877910e:group-B8B4D5F418A6 changes to CANDIDATE, lastRpcTime:5045, electionTimeout:5045ms
2019-09-19 09:51:43,192 [Thread-740] INFO  impl.RoleInfo (RoleInfo.java:shutdownFollowerState(121)) - bd940396-f9cb-4ba3-97ee-27fe4877910e: shutdown FollowerState
2019-09-19 09:51:43,192 [Thread-740] INFO  impl.RaftServerImpl (RaftServerImpl.java:setRole(171)) - bd940396-f9cb-4ba3-97ee-27fe4877910e:group-B8B4D5F418A6 changes role from FOLLOWER to CANDIDATE at term 0 for changeToCandidate
2019-09-19 09:51:43,192 [Thread-740] INFO  impl.RoleInfo (RoleInfo.java:updateAndGet(143)) - bd940396-f9cb-4ba3-97ee-27fe4877910e: start LeaderElection
2019-09-19 09:51:43,244 [bd940396-f9cb-4ba3-97ee-27fe4877910e-SegmentedRaftLogWorker:Storage Directory /workdir/hadoop-ozone/ozonefs/target/test-dir/MiniOzoneClusterImpl-2dcf7682-fd4a-4cc9-8c14-b1fdd7ae4a90/datanode-1/data/ratis/96c77459-286d-4098-84c7-8fd2da75bd96] INFO  segmented.SegmentedRaftLogWorker (SegmentedRaftLogWorker.java:execute(569)) - bd940396-f9cb-4ba3-97ee-27fe4877910e-SegmentedRaftLogWorker:Storage Directory /workdir/hadoop-ozone/ozonefs/target/test-dir/MiniOzoneClusterImpl-2dcf7682-fd4a-4cc9-8c14-b1fdd7ae4a90/datanode-1/data/ratis/96c77459-286d-4098-84c7-8fd2da75bd96: created new log segment /workdir/hadoop-ozone/ozonefs/target/test-dir/MiniOzoneClusterImpl-2dcf7682-fd4a-4cc9-8c14-b1fdd7ae4a90/datanode-1/data/ratis/96c77459-286d-4098-84c7-8fd2da75bd96/current/log_inprogress_0
2019-09-19 09:51:43,244 [bd940396-f9cb-4ba3-97ee-27fe4877910e:group-B8B4D5F418A6:LeaderElection45] INFO  impl.LeaderElection (LeaderElection.java:askForVotes(181)) - bd940396-f9cb-4ba3-97ee-27fe4877910e:group-B8B4D5F418A6:LeaderElection45: begin an election at term 1 for -1: [bd940396-f9cb-4ba3-97ee-27fe4877910e:192.168.34.5:39207], old=null
2019-09-19 09:51:43,244 [bd940396-f9cb-4ba3-97ee-27fe4877910e-SegmentedRaftLogWorker:Storage Directory /workdir/hadoop-ozone/ozonefs/target/test-dir/MiniOzoneClusterImpl-2dcf7682-fd4a-4cc9-8c14-b1fdd7ae4a90/datanode-1/data/ratis/0fb010f6-3d3f-4484-aca6-73fdb3e31d08] INFO  segmented.SegmentedRaftLogWorker (SegmentedRaftLogWorker.java:execute(569)) - bd940396-f9cb-4ba3-97ee-27fe4877910e-SegmentedRaftLogWorker:Storage Directory /workdir/hadoop-ozone/ozonefs/target/test-dir/MiniOzoneClusterImpl-2dcf7682-fd4a-4cc9-8c14-b1fdd7ae4a90/datanode-1/data/ratis/0fb010f6-3d3f-4484-aca6-73fdb3e31d08: created new log segment /workdir/hadoop-ozone/ozonefs/target/test-dir/MiniOzoneClusterImpl-2dcf7682-fd4a-4cc9-8c14-b1fdd7ae4a90/datanode-1/data/ratis/0fb010f6-3d3f-4484-aca6-73fdb3e31d08/current/log_inprogress_0
2019-09-19 09:51:43,245 [bd940396-f9cb-4ba3-97ee-27fe4877910e:group-B8B4D5F418A6:LeaderElection45] INFO  impl.RoleInfo (RoleInfo.java:shutdownLeaderElection(134)) - bd940396-f9cb-4ba3-97ee-27fe4877910e: shutdown LeaderElection
2019-09-19 09:51:43,245 [bd940396-f9cb-4ba3-97ee-27fe4877910e:group-B8B4D5F418A6:LeaderElection45] INFO  impl.RaftServerImpl (RaftServerImpl.java:setRole(171)) - bd940396-f9cb-4ba3-97ee-27fe4877910e:group-B8B4D5F418A6 changes role from CANDIDATE to LEADER at term 1 for changeToLeader
2019-09-19 09:51:43,245 [bd940396-f9cb-4ba3-97ee-27fe4877910e:group-B8B4D5F418A6:LeaderElection45] INFO  impl.RaftServerImpl (ServerState.java:setLeader(263)) - bd940396-f9cb-4ba3-97ee-27fe4877910e:group-B8B4D5F418A6 change Leader from null to bd940396-f9cb-4ba3-97ee-27fe4877910e at term 1 for becomeLeader, leader elected after 5102ms
2019-09-19 09:51:43,245 [bd940396-f9cb-4ba3-97ee-27fe4877910e:group-B8B4D5F418A6:LeaderElection45] INFO  server.RaftServerConfigKeys (ConfUtils.java:logGet(43)) - raft.server.staging.catchup.gap = 1000 (default)
2019-09-19 09:51:43,245 [bd940396-f9cb-4ba3-97ee-27fe4877910e:group-B8B4D5F418A6:LeaderElection45] INFO  server.RaftServerConfigKeys (ConfUtils.java:logGet(43)) - raft.server.rpc.sleep.time = 25ms (default)
2019-09-19 09:51:43,246 [bd940396-f9cb-4ba3-97ee-27fe4877910e:group-B8B4D5F418A6:LeaderElection45] INFO  server.RaftServerConfigKeys (ConfUtils.java:logGet(43)) - raft.server.write.element-limit = 4096 (default)
2019-09-19 09:51:43,246 [bd940396-f9cb-4ba3-97ee-27fe4877910e:group-B8B4D5F418A6:LeaderElection45] INFO  server.RaftServerConfigKeys (ConfUtils.java:logGet(43)) - raft.server.watch.timeout = 10s (default)
2019-09-19 09:51:43,246 [bd940396-f9cb-4ba3-97ee-27fe4877910e:group-B8B4D5F418A6:LeaderElection45] INFO  server.RaftServerConfigKeys (ConfUtils.java:logGet(43)) - raft.server.watch.timeout.denomination = 1s (default)
2019-09-19 09:51:43,246 [bd940396-f9cb-4ba3-97ee-27fe4877910e:group-B8B4D5F418A6:LeaderElection45] INFO  server.RaftServerConfigKeys (ConfUtils.java:logGet(43)) - raft.server.watch.element-limit = 65536 (default)
2019-09-19 09:51:43,247 [bd940396-f9cb-4ba3-97ee-27fe4877910e:group-B8B4D5F418A6:LeaderElection45] INFO  impl.RoleInfo (RoleInfo.java:updateAndGet(143)) - bd940396-f9cb-4ba3-97ee-27fe4877910e: start LeaderState
2019-09-19 09:51:43,247 [bd940396-f9cb-4ba3-97ee-27fe4877910e:group-B8B4D5F418A6:LeaderElection45] INFO  segmented.SegmentedRaftLogWorker (SegmentedRaftLogWorker.java:startLogSegment(380)) - bd940396-f9cb-4ba3-97ee-27fe4877910e-SegmentedRaftLogWorker:Storage Directory /workdir/hadoop-ozone/ozonefs/target/test-dir/MiniOzoneClusterImpl-2dcf7682-fd4a-4cc9-8c14-b1fdd7ae4a90/datanode-1/data/ratis/474633fb-ae81-470e-ae9a-b8b4d5f418a6: Starting segment from index:0
2019-09-19 09:51:43,247 [bd940396-f9cb-4ba3-97ee-27fe4877910e:group-B8B4D5F418A6:LeaderElection45] INFO  impl.RaftServerImpl (ServerState.java:setRaftConf(361)) - bd940396-f9cb-4ba3-97ee-27fe4877910e:group-B8B4D5F418A6 set configuration 0: [bd940396-f9cb-4ba3-97ee-27fe4877910e:192.168.34.5:39207], old=null at 0
2019-09-19 09:51:43,293 [bd940396-f9cb-4ba3-97ee-27fe4877910e-SegmentedRaftLogWorker:Storage Directory /workdir/hadoop-ozone/ozonefs/target/test-dir/MiniOzoneClusterImpl-2dcf7682-fd4a-4cc9-8c14-b1fdd7ae4a90/datanode-1/data/ratis/474633fb-ae81-470e-ae9a-b8b4d5f418a6] INFO  segmented.SegmentedRaftLogWorker (SegmentedRaftLogWorker.java:execute(569)) - bd940396-f9cb-4ba3-97ee-27fe4877910e-SegmentedRaftLogWorker:Storage Directory /workdir/hadoop-ozone/ozonefs/target/test-dir/MiniOzoneClusterImpl-2dcf7682-fd4a-4cc9-8c14-b1fdd7ae4a90/datanode-1/data/ratis/474633fb-ae81-470e-ae9a-b8b4d5f418a6: created new log segment /workdir/hadoop-ozone/ozonefs/target/test-dir/MiniOzoneClusterImpl-2dcf7682-fd4a-4cc9-8c14-b1fdd7ae4a90/datanode-1/data/ratis/474633fb-ae81-470e-ae9a-b8b4d5f418a6/current/log_inprogress_0
2019-09-19 09:51:43,346 [Thread-743] INFO  impl.FollowerState (FollowerState.java:run(106)) - e5479894-df80-44da-8423-1105b30f9b8d:group-6F3894DBCF53 changes to CANDIDATE, lastRpcTime:5153, electionTimeout:5153ms
2019-09-19 09:51:43,346 [Thread-743] INFO  impl.RoleInfo (RoleInfo.java:shutdownFollowerState(121)) - e5479894-df80-44da-8423-1105b30f9b8d: shutdown FollowerState
2019-09-19 09:51:43,346 [Thread-743] INFO  impl.RaftServerImpl (RaftServerImpl.java:setRole(171)) - e5479894-df80-44da-8423-1105b30f9b8d:group-6F3894DBCF53 changes role from FOLLOWER to CANDIDATE at term 0 for changeToCandidate
2019-09-19 09:51:43,347 [Thread-743] INFO  impl.RoleInfo (RoleInfo.java:updateAndGet(143)) - e5479894-df80-44da-8423-1105b30f9b8d: start LeaderElection
2019-09-19 09:51:43,357 [Thread-746] INFO  impl.FollowerState (FollowerState.java:run(106)) - bd940396-f9cb-4ba3-97ee-27fe4877910e:group-1D34C8FDE766 changes to CANDIDATE, lastRpcTime:5098, electionTimeout:5098ms
2019-09-19 09:51:43,357 [Thread-746] INFO  impl.RoleInfo (RoleInfo.java:shutdownFollowerState(121)) - bd940396-f9cb-4ba3-97ee-27fe4877910e: shutdown FollowerState
2019-09-19 09:51:43,358 [Thread-746] INFO  impl.RaftServerImpl (RaftServerImpl.java:setRole(171)) - bd940396-f9cb-4ba3-97ee-27fe4877910e:group-1D34C8FDE766 changes role from FOLLOWER to CANDIDATE at term 0 for changeToCandidate
2019-09-19 09:51:43,358 [Thread-746] INFO  impl.RoleInfo (RoleInfo.java:updateAndGet(143)) - bd940396-f9cb-4ba3-97ee-27fe4877910e: start LeaderElection
2019-09-19 09:51:43,363 [e5479894-df80-44da-8423-1105b30f9b8d:group-6F3894DBCF53:LeaderElection46] INFO  impl.LeaderElection (LeaderElection.java:askForVotes(181)) - e5479894-df80-44da-8423-1105b30f9b8d:group-6F3894DBCF53:LeaderElection46: begin an election at term 1 for -1: [e5479894-df80-44da-8423-1105b30f9b8d:192.168.34.5:44999], old=null
2019-09-19 09:51:43,363 [e5479894-df80-44da-8423-1105b30f9b8d:group-6F3894DBCF53:LeaderElection46] INFO  impl.RoleInfo (RoleInfo.java:shutdownLeaderElection(134)) - e5479894-df80-44da-8423-1105b30f9b8d: shutdown LeaderElection
2019-09-19 09:51:43,363 [e5479894-df80-44da-8423-1105b30f9b8d:group-6F3894DBCF53:LeaderElection46] INFO  impl.RaftServerImpl (RaftServerImpl.java:setRole(171)) - e5479894-df80-44da-8423-1105b30f9b8d:group-6F3894DBCF53 changes role from CANDIDATE to LEADER at term 1 for changeToLeader
2019-09-19 09:51:43,364 [e5479894-df80-44da-8423-1105b30f9b8d:group-6F3894DBCF53:LeaderElection46] INFO  impl.RaftServerImpl (ServerState.java:setLeader(263)) - e5479894-df80-44da-8423-1105b30f9b8d:group-6F3894DBCF53 change Leader from null to e5479894-df80-44da-8423-1105b30f9b8d at term 1 for becomeLeader, leader elected after 5175ms
2019-09-19 09:51:43,364 [e5479894-df80-44da-8423-1105b30f9b8d:group-6F3894DBCF53:LeaderElection46] INFO  server.RaftServerConfigKeys (ConfUtils.java:logGet(43)) - raft.server.staging.catchup.gap = 1000 (default)
2019-09-19 09:51:43,364 [e5479894-df80-44da-8423-1105b30f9b8d:group-6F3894DBCF53:LeaderElection46] INFO  server.RaftServerConfigKeys (ConfUtils.java:logGet(43)) - raft.server.rpc.sleep.time = 25ms (default)
2019-09-19 09:51:43,364 [e5479894-df80-44da-8423-1105b30f9b8d:group-6F3894DBCF53:LeaderElection46] INFO  server.RaftServerConfigKeys (ConfUtils.java:logGet(43)) - raft.server.write.element-limit = 4096 (default)
2019-09-19 09:51:43,365 [e5479894-df80-44da-8423-1105b30f9b8d:group-6F3894DBCF53:LeaderElection46] INFO  server.RaftServerConfigKeys (ConfUtils.java:logGet(43)) - raft.server.watch.timeout = 10s (default)
2019-09-19 09:51:43,365 [e5479894-df80-44da-8423-1105b30f9b8d:group-6F3894DBCF53:LeaderElection46] INFO  server.RaftServerConfigKeys (ConfUtils.java:logGet(43)) - raft.server.watch.timeout.denomination = 1s (default)
2019-09-19 09:51:43,365 [e5479894-df80-44da-8423-1105b30f9b8d:group-6F3894DBCF53:LeaderElection46] INFO  server.RaftServerConfigKeys (ConfUtils.java:logGet(43)) - raft.server.watch.element-limit = 65536 (default)
2019-09-19 09:51:43,365 [bd940396-f9cb-4ba3-97ee-27fe4877910e:group-1D34C8FDE766:LeaderElection47] INFO  impl.LeaderElection (LeaderElection.java:askForVotes(181)) - bd940396-f9cb-4ba3-97ee-27fe4877910e:group-1D34C8FDE766:LeaderElection47: begin an election at term 1 for -1: [bd940396-f9cb-4ba3-97ee-27fe4877910e:192.168.34.5:39207], old=null
2019-09-19 09:51:43,365 [e5479894-df80-44da-8423-1105b30f9b8d:group-6F3894DBCF53:LeaderElection46] INFO  impl.RoleInfo (RoleInfo.java:updateAndGet(143)) - e5479894-df80-44da-8423-1105b30f9b8d: start LeaderState
2019-09-19 09:51:43,365 [bd940396-f9cb-4ba3-97ee-27fe4877910e:group-1D34C8FDE766:LeaderElection47] INFO  impl.RoleInfo (RoleInfo.java:shutdownLeaderElection(134)) - bd940396-f9cb-4ba3-97ee-27fe4877910e: shutdown LeaderElection
2019-09-19 09:51:43,366 [bd940396-f9cb-4ba3-97ee-27fe4877910e:group-1D34C8FDE766:LeaderElection47] INFO  impl.RaftServerImpl (RaftServerImpl.java:setRole(171)) - bd940396-f9cb-4ba3-97ee-27fe4877910e:group-1D34C8FDE766 changes role from CANDIDATE to LEADER at term 1 for changeToLeader
2019-09-19 09:51:43,366 [bd940396-f9cb-4ba3-97ee-27fe4877910e:group-1D34C8FDE766:LeaderElection47] INFO  impl.RaftServerImpl (ServerState.java:setLeader(263)) - bd940396-f9cb-4ba3-97ee-27fe4877910e:group-1D34C8FDE766 change Leader from null to bd940396-f9cb-4ba3-97ee-27fe4877910e at term 1 for becomeLeader, leader elected after 5111ms
2019-09-19 09:51:43,366 [bd940396-f9cb-4ba3-97ee-27fe4877910e:group-1D34C8FDE766:LeaderElection47] INFO  server.RaftServerConfigKeys (ConfUtils.java:logGet(43)) - raft.server.staging.catchup.gap = 1000 (default)
2019-09-19 09:51:43,366 [bd940396-f9cb-4ba3-97ee-27fe4877910e:group-1D34C8FDE766:LeaderElection47] INFO  server.RaftServerConfigKeys (ConfUtils.java:logGet(43)) - raft.server.rpc.sleep.time = 25ms (default)
2019-09-19 09:51:43,366 [e5479894-df80-44da-8423-1105b30f9b8d:group-6F3894DBCF53:LeaderElection46] INFO  segmented.SegmentedRaftLogWorker (SegmentedRaftLogWorker.java:startLogSegment(380)) - e5479894-df80-44da-8423-1105b30f9b8d-SegmentedRaftLogWorker:Storage Directory /workdir/hadoop-ozone/ozonefs/target/test-dir/MiniOzoneClusterImpl-2dcf7682-fd4a-4cc9-8c14-b1fdd7ae4a90/datanode-2/data/ratis/aff9cee2-c9a8-4caa-a014-6f3894dbcf53: Starting segment from index:0
2019-09-19 09:51:43,366 [bd940396-f9cb-4ba3-97ee-27fe4877910e:group-1D34C8FDE766:LeaderElection47] INFO  server.RaftServerConfigKeys (ConfUtils.java:logGet(43)) - raft.server.write.element-limit = 4096 (default)
2019-09-19 09:51:43,367 [bd940396-f9cb-4ba3-97ee-27fe4877910e:group-1D34C8FDE766:LeaderElection47] INFO  server.RaftServerConfigKeys (ConfUtils.java:logGet(43)) - raft.server.watch.timeout = 10s (default)
2019-09-19 09:51:43,367 [bd940396-f9cb-4ba3-97ee-27fe4877910e:group-1D34C8FDE766:LeaderElection47] INFO  server.RaftServerConfigKeys (ConfUtils.java:logGet(43)) - raft.server.watch.timeout.denomination = 1s (default)
2019-09-19 09:51:43,367 [bd940396-f9cb-4ba3-97ee-27fe4877910e:group-1D34C8FDE766:LeaderElection47] INFO  server.RaftServerConfigKeys (ConfUtils.java:logGet(43)) - raft.server.watch.element-limit = 65536 (default)
2019-09-19 09:51:43,367 [bd940396-f9cb-4ba3-97ee-27fe4877910e:group-1D34C8FDE766:LeaderElection47] INFO  impl.RoleInfo (RoleInfo.java:updateAndGet(143)) - bd940396-f9cb-4ba3-97ee-27fe4877910e: start LeaderState
2019-09-19 09:51:43,367 [e5479894-df80-44da-8423-1105b30f9b8d:group-6F3894DBCF53:LeaderElection46] INFO  impl.RaftServerImpl (ServerState.java:setRaftConf(361)) - e5479894-df80-44da-8423-1105b30f9b8d:group-6F3894DBCF53 set configuration 0: [e5479894-df80-44da-8423-1105b30f9b8d:192.168.34.5:44999], old=null at 0
2019-09-19 09:51:43,367 [bd940396-f9cb-4ba3-97ee-27fe4877910e:group-1D34C8FDE766:LeaderElection47] INFO  segmented.SegmentedRaftLogWorker (SegmentedRaftLogWorker.java:startLogSegment(380)) - bd940396-f9cb-4ba3-97ee-27fe4877910e-SegmentedRaftLogWorker:Storage Directory /workdir/hadoop-ozone/ozonefs/target/test-dir/MiniOzoneClusterImpl-2dcf7682-fd4a-4cc9-8c14-b1fdd7ae4a90/datanode-1/data/ratis/323df249-bda0-43e8-9d81-1d34c8fde766: Starting segment from index:0
2019-09-19 09:51:43,368 [bd940396-f9cb-4ba3-97ee-27fe4877910e:group-1D34C8FDE766:LeaderElection47] INFO  impl.RaftServerImpl (ServerState.java:setRaftConf(361)) - bd940396-f9cb-4ba3-97ee-27fe4877910e:group-1D34C8FDE766 set configuration 0: [bd940396-f9cb-4ba3-97ee-27fe4877910e:192.168.34.5:39207], old=null at 0
2019-09-19 09:51:43,407 [bd940396-f9cb-4ba3-97ee-27fe4877910e-SegmentedRaftLogWorker:Storage Directory /workdir/hadoop-ozone/ozonefs/target/test-dir/MiniOzoneClusterImpl-2dcf7682-fd4a-4cc9-8c14-b1fdd7ae4a90/datanode-1/data/ratis/323df249-bda0-43e8-9d81-1d34c8fde766] INFO  segmented.SegmentedRaftLogWorker (SegmentedRaftLogWorker.java:execute(569)) - bd940396-f9cb-4ba3-97ee-27fe4877910e-SegmentedRaftLogWorker:Storage Directory /workdir/hadoop-ozone/ozonefs/target/test-dir/MiniOzoneClusterImpl-2dcf7682-fd4a-4cc9-8c14-b1fdd7ae4a90/datanode-1/data/ratis/323df249-bda0-43e8-9d81-1d34c8fde766: created new log segment /workdir/hadoop-ozone/ozonefs/target/test-dir/MiniOzoneClusterImpl-2dcf7682-fd4a-4cc9-8c14-b1fdd7ae4a90/datanode-1/data/ratis/323df249-bda0-43e8-9d81-1d34c8fde766/current/log_inprogress_0
2019-09-19 09:51:43,407 [e5479894-df80-44da-8423-1105b30f9b8d-SegmentedRaftLogWorker:Storage Directory /workdir/hadoop-ozone/ozonefs/target/test-dir/MiniOzoneClusterImpl-2dcf7682-fd4a-4cc9-8c14-b1fdd7ae4a90/datanode-2/data/ratis/aff9cee2-c9a8-4caa-a014-6f3894dbcf53] INFO  segmented.SegmentedRaftLogWorker (SegmentedRaftLogWorker.java:execute(569)) - e5479894-df80-44da-8423-1105b30f9b8d-SegmentedRaftLogWorker:Storage Directory /workdir/hadoop-ozone/ozonefs/target/test-dir/MiniOzoneClusterImpl-2dcf7682-fd4a-4cc9-8c14-b1fdd7ae4a90/datanode-2/data/ratis/aff9cee2-c9a8-4caa-a014-6f3894dbcf53: created new log segment /workdir/hadoop-ozone/ozonefs/target/test-dir/MiniOzoneClusterImpl-2dcf7682-fd4a-4cc9-8c14-b1fdd7ae4a90/datanode-2/data/ratis/aff9cee2-c9a8-4caa-a014-6f3894dbcf53/current/log_inprogress_0
2019-09-19 09:51:43,455 [Thread-761] INFO  impl.FollowerState (FollowerState.java:run(106)) - e5479894-df80-44da-8423-1105b30f9b8d:group-F0D495EFDE5B changes to CANDIDATE, lastRpcTime:5005, electionTimeout:5005ms
2019-09-19 09:51:43,455 [Thread-761] INFO  impl.RoleInfo (RoleInfo.java:shutdownFollowerState(121)) - e5479894-df80-44da-8423-1105b30f9b8d: shutdown FollowerState
2019-09-19 09:51:43,455 [Thread-761] INFO  impl.RaftServerImpl (RaftServerImpl.java:setRole(171)) - e5479894-df80-44da-8423-1105b30f9b8d:group-F0D495EFDE5B changes role from FOLLOWER to CANDIDATE at term 0 for changeToCandidate
2019-09-19 09:51:43,455 [Thread-761] INFO  impl.RoleInfo (RoleInfo.java:updateAndGet(143)) - e5479894-df80-44da-8423-1105b30f9b8d: start LeaderElection
2019-09-19 09:51:43,471 [e5479894-df80-44da-8423-1105b30f9b8d:group-F0D495EFDE5B:LeaderElection48] INFO  impl.LeaderElection (LeaderElection.java:askForVotes(181)) - e5479894-df80-44da-8423-1105b30f9b8d:group-F0D495EFDE5B:LeaderElection48: begin an election at term 1 for -1: [e5479894-df80-44da-8423-1105b30f9b8d:192.168.34.5:44999], old=null
2019-09-19 09:51:43,471 [e5479894-df80-44da-8423-1105b30f9b8d:group-F0D495EFDE5B:LeaderElection48] INFO  impl.RoleInfo (RoleInfo.java:shutdownLeaderElection(134)) - e5479894-df80-44da-8423-1105b30f9b8d: shutdown LeaderElection
2019-09-19 09:51:43,472 [e5479894-df80-44da-8423-1105b30f9b8d:group-F0D495EFDE5B:LeaderElection48] INFO  impl.RaftServerImpl (RaftServerImpl.java:setRole(171)) - e5479894-df80-44da-8423-1105b30f9b8d:group-F0D495EFDE5B changes role from CANDIDATE to LEADER at term 1 for changeToLeader
2019-09-19 09:51:43,472 [e5479894-df80-44da-8423-1105b30f9b8d:group-F0D495EFDE5B:LeaderElection48] INFO  impl.RaftServerImpl (ServerState.java:setLeader(263)) - e5479894-df80-44da-8423-1105b30f9b8d:group-F0D495EFDE5B change Leader from null to e5479894-df80-44da-8423-1105b30f9b8d at term 1 for becomeLeader, leader elected after 5025ms
2019-09-19 09:51:43,472 [e5479894-df80-44da-8423-1105b30f9b8d:group-F0D495EFDE5B:LeaderElection48] INFO  server.RaftServerConfigKeys (ConfUtils.java:logGet(43)) - raft.server.staging.catchup.gap = 1000 (default)
2019-09-19 09:51:43,472 [e5479894-df80-44da-8423-1105b30f9b8d:group-F0D495EFDE5B:LeaderElection48] INFO  server.RaftServerConfigKeys (ConfUtils.java:logGet(43)) - raft.server.rpc.sleep.time = 25ms (default)
2019-09-19 09:51:43,472 [e5479894-df80-44da-8423-1105b30f9b8d:group-F0D495EFDE5B:LeaderElection48] INFO  server.RaftServerConfigKeys (ConfUtils.java:logGet(43)) - raft.server.write.element-limit = 4096 (default)
2019-09-19 09:51:43,472 [e5479894-df80-44da-8423-1105b30f9b8d:group-F0D495EFDE5B:LeaderElection48] INFO  server.RaftServerConfigKeys (ConfUtils.java:logGet(43)) - raft.server.watch.timeout = 10s (default)
2019-09-19 09:51:43,473 [e5479894-df80-44da-8423-1105b30f9b8d:group-F0D495EFDE5B:LeaderElection48] INFO  server.RaftServerConfigKeys (ConfUtils.java:logGet(43)) - raft.server.watch.timeout.denomination = 1s (default)
2019-09-19 09:51:43,473 [e5479894-df80-44da-8423-1105b30f9b8d:group-F0D495EFDE5B:LeaderElection48] INFO  server.RaftServerConfigKeys (ConfUtils.java:logGet(43)) - raft.server.watch.element-limit = 65536 (default)
2019-09-19 09:51:43,473 [e5479894-df80-44da-8423-1105b30f9b8d:group-F0D495EFDE5B:LeaderElection48] INFO  impl.RoleInfo (RoleInfo.java:updateAndGet(143)) - e5479894-df80-44da-8423-1105b30f9b8d: start LeaderState
2019-09-19 09:51:43,473 [e5479894-df80-44da-8423-1105b30f9b8d:group-F0D495EFDE5B:LeaderElection48] INFO  segmented.SegmentedRaftLogWorker (SegmentedRaftLogWorker.java:startLogSegment(380)) - e5479894-df80-44da-8423-1105b30f9b8d-SegmentedRaftLogWorker:Storage Directory /workdir/hadoop-ozone/ozonefs/target/test-dir/MiniOzoneClusterImpl-2dcf7682-fd4a-4cc9-8c14-b1fdd7ae4a90/datanode-2/data/ratis/4901dec2-5f38-4a34-963a-f0d495efde5b: Starting segment from index:0
2019-09-19 09:51:43,474 [e5479894-df80-44da-8423-1105b30f9b8d:group-F0D495EFDE5B:LeaderElection48] INFO  impl.RaftServerImpl (ServerState.java:setRaftConf(361)) - e5479894-df80-44da-8423-1105b30f9b8d:group-F0D495EFDE5B set configuration 0: [e5479894-df80-44da-8423-1105b30f9b8d:192.168.34.5:44999], old=null at 0
2019-09-19 09:51:43,491 [Thread-749] INFO  impl.FollowerState (FollowerState.java:run(106)) - e5479894-df80-44da-8423-1105b30f9b8d:group-BE654AA4D3E2 changes to CANDIDATE, lastRpcTime:5190, electionTimeout:5190ms
2019-09-19 09:51:43,492 [Thread-749] INFO  impl.RoleInfo (RoleInfo.java:shutdownFollowerState(121)) - e5479894-df80-44da-8423-1105b30f9b8d: shutdown FollowerState
2019-09-19 09:51:43,492 [Thread-749] INFO  impl.RaftServerImpl (RaftServerImpl.java:setRole(171)) - e5479894-df80-44da-8423-1105b30f9b8d:group-BE654AA4D3E2 changes role from FOLLOWER to CANDIDATE at term 0 for changeToCandidate
2019-09-19 09:51:43,492 [Thread-749] INFO  impl.RoleInfo (RoleInfo.java:updateAndGet(143)) - e5479894-df80-44da-8423-1105b30f9b8d: start LeaderElection
2019-09-19 09:51:43,513 [Thread-755] INFO  impl.FollowerState (FollowerState.java:run(106)) - e5479894-df80-44da-8423-1105b30f9b8d:group-8BA4923FF7A7 changes to CANDIDATE, lastRpcTime:5126, electionTimeout:5122ms
2019-09-19 09:51:43,513 [Thread-758] INFO  impl.FollowerState (FollowerState.java:run(106)) - e5479894-df80-44da-8423-1105b30f9b8d:group-ECFA1B2C95E7 changes to CANDIDATE, lastRpcTime:5085, electionTimeout:5071ms
2019-09-19 09:51:43,513 [Thread-755] INFO  impl.RoleInfo (RoleInfo.java:shutdownFollowerState(121)) - e5479894-df80-44da-8423-1105b30f9b8d: shutdown FollowerState
2019-09-19 09:51:43,514 [Thread-758] INFO  impl.RoleInfo (RoleInfo.java:shutdownFollowerState(121)) - e5479894-df80-44da-8423-1105b30f9b8d: shutdown FollowerState
2019-09-19 09:51:43,514 [Thread-755] INFO  impl.RaftServerImpl (RaftServerImpl.java:setRole(171)) - e5479894-df80-44da-8423-1105b30f9b8d:group-8BA4923FF7A7 changes role from FOLLOWER to CANDIDATE at term 0 for changeToCandidate
2019-09-19 09:51:43,514 [Thread-758] INFO  impl.RaftServerImpl (RaftServerImpl.java:setRole(171)) - e5479894-df80-44da-8423-1105b30f9b8d:group-ECFA1B2C95E7 changes role from FOLLOWER to CANDIDATE at term 0 for changeToCandidate
2019-09-19 09:51:43,514 [Thread-755] INFO  impl.RoleInfo (RoleInfo.java:updateAndGet(143)) - e5479894-df80-44da-8423-1105b30f9b8d: start LeaderElection
2019-09-19 09:51:43,514 [Thread-758] INFO  impl.RoleInfo (RoleInfo.java:updateAndGet(143)) - e5479894-df80-44da-8423-1105b30f9b8d: start LeaderElection
2019-09-19 09:51:43,525 [Thread-752] INFO  impl.FollowerState (FollowerState.java:run(106)) - e5479894-df80-44da-8423-1105b30f9b8d:group-A6A14DF7DF4A changes to CANDIDATE, lastRpcTime:5183, electionTimeout:5183ms
2019-09-19 09:51:43,525 [Thread-752] INFO  impl.RoleInfo (RoleInfo.java:shutdownFollowerState(121)) - e5479894-df80-44da-8423-1105b30f9b8d: shutdown FollowerState
2019-09-19 09:51:43,525 [Thread-752] INFO  impl.RaftServerImpl (RaftServerImpl.java:setRole(171)) - e5479894-df80-44da-8423-1105b30f9b8d:group-A6A14DF7DF4A changes role from FOLLOWER to CANDIDATE at term 0 for changeToCandidate
2019-09-19 09:51:43,525 [Thread-752] INFO  impl.RoleInfo (RoleInfo.java:updateAndGet(143)) - e5479894-df80-44da-8423-1105b30f9b8d: start LeaderElection
2019-09-19 09:51:43,527 [e5479894-df80-44da-8423-1105b30f9b8d-SegmentedRaftLogWorker:Storage Directory /workdir/hadoop-ozone/ozonefs/target/test-dir/MiniOzoneClusterImpl-2dcf7682-fd4a-4cc9-8c14-b1fdd7ae4a90/datanode-2/data/ratis/4901dec2-5f38-4a34-963a-f0d495efde5b] INFO  segmented.SegmentedRaftLogWorker (SegmentedRaftLogWorker.java:execute(569)) - e5479894-df80-44da-8423-1105b30f9b8d-SegmentedRaftLogWorker:Storage Directory /workdir/hadoop-ozone/ozonefs/target/test-dir/MiniOzoneClusterImpl-2dcf7682-fd4a-4cc9-8c14-b1fdd7ae4a90/datanode-2/data/ratis/4901dec2-5f38-4a34-963a-f0d495efde5b: created new log segment /workdir/hadoop-ozone/ozonefs/target/test-dir/MiniOzoneClusterImpl-2dcf7682-fd4a-4cc9-8c14-b1fdd7ae4a90/datanode-2/data/ratis/4901dec2-5f38-4a34-963a-f0d495efde5b/current/log_inprogress_0
2019-09-19 09:51:43,527 [e5479894-df80-44da-8423-1105b30f9b8d:group-8BA4923FF7A7:LeaderElection50] INFO  impl.LeaderElection (LeaderElection.java:askForVotes(181)) - e5479894-df80-44da-8423-1105b30f9b8d:group-8BA4923FF7A7:LeaderElection50: begin an election at term 1 for -1: [e5479894-df80-44da-8423-1105b30f9b8d:192.168.34.5:44999], old=null
2019-09-19 09:51:43,527 [e5479894-df80-44da-8423-1105b30f9b8d:group-BE654AA4D3E2:LeaderElection49] INFO  impl.LeaderElection (LeaderElection.java:askForVotes(181)) - e5479894-df80-44da-8423-1105b30f9b8d:group-BE654AA4D3E2:LeaderElection49: begin an election at term 1 for -1: [e5479894-df80-44da-8423-1105b30f9b8d:192.168.34.5:44999], old=null
2019-09-19 09:51:43,527 [e5479894-df80-44da-8423-1105b30f9b8d:group-8BA4923FF7A7:LeaderElection50] INFO  impl.RoleInfo (RoleInfo.java:shutdownLeaderElection(134)) - e5479894-df80-44da-8423-1105b30f9b8d: shutdown LeaderElection
2019-09-19 09:51:43,527 [e5479894-df80-44da-8423-1105b30f9b8d:group-ECFA1B2C95E7:LeaderElection51] INFO  impl.LeaderElection (LeaderElection.java:askForVotes(181)) - e5479894-df80-44da-8423-1105b30f9b8d:group-ECFA1B2C95E7:LeaderElection51: begin an election at term 1 for -1: [e5479894-df80-44da-8423-1105b30f9b8d:192.168.34.5:44999], old=null
2019-09-19 09:51:43,527 [e5479894-df80-44da-8423-1105b30f9b8d:group-8BA4923FF7A7:LeaderElection50] INFO  impl.RaftServerImpl (RaftServerImpl.java:setRole(171)) - e5479894-df80-44da-8423-1105b30f9b8d:group-8BA4923FF7A7 changes role from CANDIDATE to LEADER at term 1 for changeToLeader
2019-09-19 09:51:43,527 [e5479894-df80-44da-8423-1105b30f9b8d:group-BE654AA4D3E2:LeaderElection49] INFO  impl.RoleInfo (RoleInfo.java:shutdownLeaderElection(134)) - e5479894-df80-44da-8423-1105b30f9b8d: shutdown LeaderElection
2019-09-19 09:51:43,528 [e5479894-df80-44da-8423-1105b30f9b8d:group-8BA4923FF7A7:LeaderElection50] INFO  impl.RaftServerImpl (ServerState.java:setLeader(263)) - e5479894-df80-44da-8423-1105b30f9b8d:group-8BA4923FF7A7 change Leader from null to e5479894-df80-44da-8423-1105b30f9b8d at term 1 for becomeLeader, leader elected after 5144ms
2019-09-19 09:51:43,528 [e5479894-df80-44da-8423-1105b30f9b8d:group-ECFA1B2C95E7:LeaderElection51] INFO  impl.RoleInfo (RoleInfo.java:shutdownLeaderElection(134)) - e5479894-df80-44da-8423-1105b30f9b8d: shutdown LeaderElection
2019-09-19 09:51:43,528 [e5479894-df80-44da-8423-1105b30f9b8d:group-8BA4923FF7A7:LeaderElection50] INFO  server.RaftServerConfigKeys (ConfUtils.java:logGet(43)) - raft.server.staging.catchup.gap = 1000 (default)
2019-09-19 09:51:43,528 [e5479894-df80-44da-8423-1105b30f9b8d:group-BE654AA4D3E2:LeaderElection49] INFO  impl.RaftServerImpl (RaftServerImpl.java:setRole(171)) - e5479894-df80-44da-8423-1105b30f9b8d:group-BE654AA4D3E2 changes role from CANDIDATE to LEADER at term 1 for changeToLeader
2019-09-19 09:51:43,528 [e5479894-df80-44da-8423-1105b30f9b8d:group-8BA4923FF7A7:LeaderElection50] INFO  server.RaftServerConfigKeys (ConfUtils.java:logGet(43)) - raft.server.rpc.sleep.time = 25ms (default)
2019-09-19 09:51:43,528 [e5479894-df80-44da-8423-1105b30f9b8d:group-ECFA1B2C95E7:LeaderElection51] INFO  impl.RaftServerImpl (RaftServerImpl.java:setRole(171)) - e5479894-df80-44da-8423-1105b30f9b8d:group-ECFA1B2C95E7 changes role from CANDIDATE to LEADER at term 1 for changeToLeader
2019-09-19 09:51:43,528 [e5479894-df80-44da-8423-1105b30f9b8d:group-8BA4923FF7A7:LeaderElection50] INFO  server.RaftServerConfigKeys (ConfUtils.java:logGet(43)) - raft.server.write.element-limit = 4096 (default)
2019-09-19 09:51:43,528 [e5479894-df80-44da-8423-1105b30f9b8d:group-BE654AA4D3E2:LeaderElection49] INFO  impl.RaftServerImpl (ServerState.java:setLeader(263)) - e5479894-df80-44da-8423-1105b30f9b8d:group-BE654AA4D3E2 change Leader from null to e5479894-df80-44da-8423-1105b30f9b8d at term 1 for becomeLeader, leader elected after 5231ms
2019-09-19 09:51:43,529 [e5479894-df80-44da-8423-1105b30f9b8d:group-8BA4923FF7A7:LeaderElection50] INFO  server.RaftServerConfigKeys (ConfUtils.java:logGet(43)) - raft.server.watch.timeout = 10s (default)
2019-09-19 09:51:43,529 [e5479894-df80-44da-8423-1105b30f9b8d:group-ECFA1B2C95E7:LeaderElection51] INFO  impl.RaftServerImpl (ServerState.java:setLeader(263)) - e5479894-df80-44da-8423-1105b30f9b8d:group-ECFA1B2C95E7 change Leader from null to e5479894-df80-44da-8423-1105b30f9b8d at term 1 for becomeLeader, leader elected after 5104ms
2019-09-19 09:51:43,529 [e5479894-df80-44da-8423-1105b30f9b8d:group-8BA4923FF7A7:LeaderElection50] INFO  server.RaftServerConfigKeys (ConfUtils.java:logGet(43)) - raft.server.watch.timeout.denomination = 1s (default)
2019-09-19 09:51:43,529 [e5479894-df80-44da-8423-1105b30f9b8d:group-BE654AA4D3E2:LeaderElection49] INFO  server.RaftServerConfigKeys (ConfUtils.java:logGet(43)) - raft.server.staging.catchup.gap = 1000 (default)
2019-09-19 09:51:43,529 [e5479894-df80-44da-8423-1105b30f9b8d:group-8BA4923FF7A7:LeaderElection50] INFO  server.RaftServerConfigKeys (ConfUtils.java:logGet(43)) - raft.server.watch.element-limit = 65536 (default)
2019-09-19 09:51:43,529 [e5479894-df80-44da-8423-1105b30f9b8d:group-ECFA1B2C95E7:LeaderElection51] INFO  server.RaftServerConfigKeys (ConfUtils.java:logGet(43)) - raft.server.staging.catchup.gap = 1000 (default)
2019-09-19 09:51:43,529 [e5479894-df80-44da-8423-1105b30f9b8d:group-8BA4923FF7A7:LeaderElection50] INFO  impl.RoleInfo (RoleInfo.java:updateAndGet(143)) - e5479894-df80-44da-8423-1105b30f9b8d: start LeaderState
2019-09-19 09:51:43,529 [e5479894-df80-44da-8423-1105b30f9b8d:group-BE654AA4D3E2:LeaderElection49] INFO  server.RaftServerConfigKeys (ConfUtils.java:logGet(43)) - raft.server.rpc.sleep.time = 25ms (default)
2019-09-19 09:51:43,530 [e5479894-df80-44da-8423-1105b30f9b8d:group-ECFA1B2C95E7:LeaderElection51] INFO  server.RaftServerConfigKeys (ConfUtils.java:logGet(43)) - raft.server.rpc.sleep.time = 25ms (default)
2019-09-19 09:51:43,530 [e5479894-df80-44da-8423-1105b30f9b8d:group-BE654AA4D3E2:LeaderElection49] INFO  server.RaftServerConfigKeys (ConfUtils.java:logGet(43)) - raft.server.write.element-limit = 4096 (default)
2019-09-19 09:51:43,530 [e5479894-df80-44da-8423-1105b30f9b8d:group-ECFA1B2C95E7:LeaderElection51] INFO  server.RaftServerConfigKeys (ConfUtils.java:logGet(43)) - raft.server.write.element-limit = 4096 (default)
2019-09-19 09:51:43,530 [e5479894-df80-44da-8423-1105b30f9b8d:group-8BA4923FF7A7:LeaderElection50] INFO  segmented.SegmentedRaftLogWorker (SegmentedRaftLogWorker.java:startLogSegment(380)) - e5479894-df80-44da-8423-1105b30f9b8d-SegmentedRaftLogWorker:Storage Directory /workdir/hadoop-ozone/ozonefs/target/test-dir/MiniOzoneClusterImpl-2dcf7682-fd4a-4cc9-8c14-b1fdd7ae4a90/datanode-2/data/ratis/b0a69ec6-9469-43a2-9c43-8ba4923ff7a7: Starting segment from index:0
2019-09-19 09:51:43,530 [e5479894-df80-44da-8423-1105b30f9b8d:group-ECFA1B2C95E7:LeaderElection51] INFO  server.RaftServerConfigKeys (ConfUtils.java:logGet(43)) - raft.server.watch.timeout = 10s (default)
2019-09-19 09:51:43,530 [e5479894-df80-44da-8423-1105b30f9b8d:group-BE654AA4D3E2:LeaderElection49] INFO  server.RaftServerConfigKeys (ConfUtils.java:logGet(43)) - raft.server.watch.timeout = 10s (default)
2019-09-19 09:51:43,531 [e5479894-df80-44da-8423-1105b30f9b8d:group-ECFA1B2C95E7:LeaderElection51] INFO  server.RaftServerConfigKeys (ConfUtils.java:logGet(43)) - raft.server.watch.timeout.denomination = 1s (default)
2019-09-19 09:51:43,531 [e5479894-df80-44da-8423-1105b30f9b8d:group-8BA4923FF7A7:LeaderElection50] INFO  impl.RaftServerImpl (ServerState.java:setRaftConf(361)) - e5479894-df80-44da-8423-1105b30f9b8d:group-8BA4923FF7A7 set configuration 0: [e5479894-df80-44da-8423-1105b30f9b8d:192.168.34.5:44999], old=null at 0
2019-09-19 09:51:43,531 [e5479894-df80-44da-8423-1105b30f9b8d:group-BE654AA4D3E2:LeaderElection49] INFO  server.RaftServerConfigKeys (ConfUtils.java:logGet(43)) - raft.server.watch.timeout.denomination = 1s (default)
2019-09-19 09:51:43,531 [e5479894-df80-44da-8423-1105b30f9b8d:group-ECFA1B2C95E7:LeaderElection51] INFO  server.RaftServerConfigKeys (ConfUtils.java:logGet(43)) - raft.server.watch.element-limit = 65536 (default)
2019-09-19 09:51:43,531 [e5479894-df80-44da-8423-1105b30f9b8d:group-BE654AA4D3E2:LeaderElection49] INFO  server.RaftServerConfigKeys (ConfUtils.java:logGet(43)) - raft.server.watch.element-limit = 65536 (default)
2019-09-19 09:51:43,531 [e5479894-df80-44da-8423-1105b30f9b8d:group-ECFA1B2C95E7:LeaderElection51] INFO  impl.RoleInfo (RoleInfo.java:updateAndGet(143)) - e5479894-df80-44da-8423-1105b30f9b8d: start LeaderState
2019-09-19 09:51:43,531 [e5479894-df80-44da-8423-1105b30f9b8d:group-BE654AA4D3E2:LeaderElection49] INFO  impl.RoleInfo (RoleInfo.java:updateAndGet(143)) - e5479894-df80-44da-8423-1105b30f9b8d: start LeaderState
2019-09-19 09:51:43,531 [e5479894-df80-44da-8423-1105b30f9b8d:group-ECFA1B2C95E7:LeaderElection51] INFO  segmented.SegmentedRaftLogWorker (SegmentedRaftLogWorker.java:startLogSegment(380)) - e5479894-df80-44da-8423-1105b30f9b8d-SegmentedRaftLogWorker:Storage Directory /workdir/hadoop-ozone/ozonefs/target/test-dir/MiniOzoneClusterImpl-2dcf7682-fd4a-4cc9-8c14-b1fdd7ae4a90/datanode-2/data/ratis/f1f24fa5-f740-4faa-8b76-ecfa1b2c95e7: Starting segment from index:0
2019-09-19 09:51:43,532 [e5479894-df80-44da-8423-1105b30f9b8d:group-BE654AA4D3E2:LeaderElection49] INFO  segmented.SegmentedRaftLogWorker (SegmentedRaftLogWorker.java:startLogSegment(380)) - e5479894-df80-44da-8423-1105b30f9b8d-SegmentedRaftLogWorker:Storage Directory /workdir/hadoop-ozone/ozonefs/target/test-dir/MiniOzoneClusterImpl-2dcf7682-fd4a-4cc9-8c14-b1fdd7ae4a90/datanode-2/data/ratis/5bc9a39f-cd85-4316-87e9-be654aa4d3e2: Starting segment from index:0
2019-09-19 09:51:43,532 [e5479894-df80-44da-8423-1105b30f9b8d:group-ECFA1B2C95E7:LeaderElection51] INFO  impl.RaftServerImpl (ServerState.java:setRaftConf(361)) - e5479894-df80-44da-8423-1105b30f9b8d:group-ECFA1B2C95E7 set configuration 0: [e5479894-df80-44da-8423-1105b30f9b8d:192.168.34.5:44999], old=null at 0
2019-09-19 09:51:43,532 [e5479894-df80-44da-8423-1105b30f9b8d:group-BE654AA4D3E2:LeaderElection49] INFO  impl.RaftServerImpl (ServerState.java:setRaftConf(361)) - e5479894-df80-44da-8423-1105b30f9b8d:group-BE654AA4D3E2 set configuration 0: [e5479894-df80-44da-8423-1105b30f9b8d:192.168.34.5:44999], old=null at 0
2019-09-19 09:51:43,540 [e5479894-df80-44da-8423-1105b30f9b8d:group-A6A14DF7DF4A:LeaderElection52] INFO  impl.LeaderElection (LeaderElection.java:askForVotes(181)) - e5479894-df80-44da-8423-1105b30f9b8d:group-A6A14DF7DF4A:LeaderElection52: begin an election at term 1 for -1: [e5479894-df80-44da-8423-1105b30f9b8d:192.168.34.5:44999], old=null
2019-09-19 09:51:43,540 [e5479894-df80-44da-8423-1105b30f9b8d:group-A6A14DF7DF4A:LeaderElection52] INFO  impl.RoleInfo (RoleInfo.java:shutdownLeaderElection(134)) - e5479894-df80-44da-8423-1105b30f9b8d: shutdown LeaderElection
2019-09-19 09:51:43,541 [e5479894-df80-44da-8423-1105b30f9b8d:group-A6A14DF7DF4A:LeaderElection52] INFO  impl.RaftServerImpl (RaftServerImpl.java:setRole(171)) - e5479894-df80-44da-8423-1105b30f9b8d:group-A6A14DF7DF4A changes role from CANDIDATE to LEADER at term 1 for changeToLeader
2019-09-19 09:51:43,541 [e5479894-df80-44da-8423-1105b30f9b8d:group-A6A14DF7DF4A:LeaderElection52] INFO  impl.RaftServerImpl (ServerState.java:setLeader(263)) - e5479894-df80-44da-8423-1105b30f9b8d:group-A6A14DF7DF4A change Leader from null to e5479894-df80-44da-8423-1105b30f9b8d at term 1 for becomeLeader, leader elected after 5202ms
2019-09-19 09:51:43,541 [e5479894-df80-44da-8423-1105b30f9b8d:group-A6A14DF7DF4A:LeaderElection52] INFO  server.RaftServerConfigKeys (ConfUtils.java:logGet(43)) - raft.server.staging.catchup.gap = 1000 (default)
2019-09-19 09:51:43,541 [e5479894-df80-44da-8423-1105b30f9b8d:group-A6A14DF7DF4A:LeaderElection52] INFO  server.RaftServerConfigKeys (ConfUtils.java:logGet(43)) - raft.server.rpc.sleep.time = 25ms (default)
2019-09-19 09:51:43,541 [e5479894-df80-44da-8423-1105b30f9b8d:group-A6A14DF7DF4A:LeaderElection52] INFO  server.RaftServerConfigKeys (ConfUtils.java:logGet(43)) - raft.server.write.element-limit = 4096 (default)
2019-09-19 09:51:43,541 [e5479894-df80-44da-8423-1105b30f9b8d:group-A6A14DF7DF4A:LeaderElection52] INFO  server.RaftServerConfigKeys (ConfUtils.java:logGet(43)) - raft.server.watch.timeout = 10s (default)
2019-09-19 09:51:43,541 [e5479894-df80-44da-8423-1105b30f9b8d:group-A6A14DF7DF4A:LeaderElection52] INFO  server.RaftServerConfigKeys (ConfUtils.java:logGet(43)) - raft.server.watch.timeout.denomination = 1s (default)
2019-09-19 09:51:43,542 [e5479894-df80-44da-8423-1105b30f9b8d:group-A6A14DF7DF4A:LeaderElection52] INFO  server.RaftServerConfigKeys (ConfUtils.java:logGet(43)) - raft.server.watch.element-limit = 65536 (default)
2019-09-19 09:51:43,542 [e5479894-df80-44da-8423-1105b30f9b8d:group-A6A14DF7DF4A:LeaderElection52] INFO  impl.RoleInfo (RoleInfo.java:updateAndGet(143)) - e5479894-df80-44da-8423-1105b30f9b8d: start LeaderState
2019-09-19 09:51:43,542 [e5479894-df80-44da-8423-1105b30f9b8d:group-A6A14DF7DF4A:LeaderElection52] INFO  segmented.SegmentedRaftLogWorker (SegmentedRaftLogWorker.java:startLogSegment(380)) - e5479894-df80-44da-8423-1105b30f9b8d-SegmentedRaftLogWorker:Storage Directory /workdir/hadoop-ozone/ozonefs/target/test-dir/MiniOzoneClusterImpl-2dcf7682-fd4a-4cc9-8c14-b1fdd7ae4a90/datanode-2/data/ratis/4bfbc78d-8435-4359-bf3c-a6a14df7df4a: Starting segment from index:0
2019-09-19 09:51:43,543 [e5479894-df80-44da-8423-1105b30f9b8d:group-A6A14DF7DF4A:LeaderElection52] INFO  impl.RaftServerImpl (ServerState.java:setRaftConf(361)) - e5479894-df80-44da-8423-1105b30f9b8d:group-A6A14DF7DF4A set configuration 0: [e5479894-df80-44da-8423-1105b30f9b8d:192.168.34.5:44999], old=null at 0
2019-09-19 09:51:43,575 [e5479894-df80-44da-8423-1105b30f9b8d-SegmentedRaftLogWorker:Storage Directory /workdir/hadoop-ozone/ozonefs/target/test-dir/MiniOzoneClusterImpl-2dcf7682-fd4a-4cc9-8c14-b1fdd7ae4a90/datanode-2/data/ratis/f1f24fa5-f740-4faa-8b76-ecfa1b2c95e7] INFO  segmented.SegmentedRaftLogWorker (SegmentedRaftLogWorker.java:execute(569)) - e5479894-df80-44da-8423-1105b30f9b8d-SegmentedRaftLogWorker:Storage Directory /workdir/hadoop-ozone/ozonefs/target/test-dir/MiniOzoneClusterImpl-2dcf7682-fd4a-4cc9-8c14-b1fdd7ae4a90/datanode-2/data/ratis/f1f24fa5-f740-4faa-8b76-ecfa1b2c95e7: created new log segment /workdir/hadoop-ozone/ozonefs/target/test-dir/MiniOzoneClusterImpl-2dcf7682-fd4a-4cc9-8c14-b1fdd7ae4a90/datanode-2/data/ratis/f1f24fa5-f740-4faa-8b76-ecfa1b2c95e7/current/log_inprogress_0
2019-09-19 09:51:43,575 [e5479894-df80-44da-8423-1105b30f9b8d-SegmentedRaftLogWorker:Storage Directory /workdir/hadoop-ozone/ozonefs/target/test-dir/MiniOzoneClusterImpl-2dcf7682-fd4a-4cc9-8c14-b1fdd7ae4a90/datanode-2/data/ratis/5bc9a39f-cd85-4316-87e9-be654aa4d3e2] INFO  segmented.SegmentedRaftLogWorker (SegmentedRaftLogWorker.java:execute(569)) - e5479894-df80-44da-8423-1105b30f9b8d-SegmentedRaftLogWorker:Storage Directory /workdir/hadoop-ozone/ozonefs/target/test-dir/MiniOzoneClusterImpl-2dcf7682-fd4a-4cc9-8c14-b1fdd7ae4a90/datanode-2/data/ratis/5bc9a39f-cd85-4316-87e9-be654aa4d3e2: created new log segment /workdir/hadoop-ozone/ozonefs/target/test-dir/MiniOzoneClusterImpl-2dcf7682-fd4a-4cc9-8c14-b1fdd7ae4a90/datanode-2/data/ratis/5bc9a39f-cd85-4316-87e9-be654aa4d3e2/current/log_inprogress_0
2019-09-19 09:51:43,575 [e5479894-df80-44da-8423-1105b30f9b8d-SegmentedRaftLogWorker:Storage Directory /workdir/hadoop-ozone/ozonefs/target/test-dir/MiniOzoneClusterImpl-2dcf7682-fd4a-4cc9-8c14-b1fdd7ae4a90/datanode-2/data/ratis/b0a69ec6-9469-43a2-9c43-8ba4923ff7a7] INFO  segmented.SegmentedRaftLogWorker (SegmentedRaftLogWorker.java:execute(569)) - e5479894-df80-44da-8423-1105b30f9b8d-SegmentedRaftLogWorker:Storage Directory /workdir/hadoop-ozone/ozonefs/target/test-dir/MiniOzoneClusterImpl-2dcf7682-fd4a-4cc9-8c14-b1fdd7ae4a90/datanode-2/data/ratis/b0a69ec6-9469-43a2-9c43-8ba4923ff7a7: created new log segment /workdir/hadoop-ozone/ozonefs/target/test-dir/MiniOzoneClusterImpl-2dcf7682-fd4a-4cc9-8c14-b1fdd7ae4a90/datanode-2/data/ratis/b0a69ec6-9469-43a2-9c43-8ba4923ff7a7/current/log_inprogress_0
2019-09-19 09:51:43,600 [e5479894-df80-44da-8423-1105b30f9b8d-SegmentedRaftLogWorker:Storage Directory /workdir/hadoop-ozone/ozonefs/target/test-dir/MiniOzoneClusterImpl-2dcf7682-fd4a-4cc9-8c14-b1fdd7ae4a90/datanode-2/data/ratis/4bfbc78d-8435-4359-bf3c-a6a14df7df4a] INFO  segmented.SegmentedRaftLogWorker (SegmentedRaftLogWorker.java:execute(569)) - e5479894-df80-44da-8423-1105b30f9b8d-SegmentedRaftLogWorker:Storage Directory /workdir/hadoop-ozone/ozonefs/target/test-dir/MiniOzoneClusterImpl-2dcf7682-fd4a-4cc9-8c14-b1fdd7ae4a90/datanode-2/data/ratis/4bfbc78d-8435-4359-bf3c-a6a14df7df4a: created new log segment /workdir/hadoop-ozone/ozonefs/target/test-dir/MiniOzoneClusterImpl-2dcf7682-fd4a-4cc9-8c14-b1fdd7ae4a90/datanode-2/data/ratis/4bfbc78d-8435-4359-bf3c-a6a14df7df4a/current/log_inprogress_0
2019-09-19 09:51:44,100 | INFO  | SCMAudit | user=jenkins1000 | ip=192.168.34.5 | op=SEND_HEARTBEAT {datanodeUUID=e5479894-df80-44da-8423-1105b30f9b8d, command=[]} | ret=SUCCESS |  
2019-09-19 09:51:44,373 [Thread-536] INFO  ozoneimpl.OzoneContainer (OzoneContainer.java:stop(199)) - Attempting to stop container services.
2019-09-19 09:51:44,374 [ForkJoinPool.commonPool-worker-1] INFO  ozoneimpl.OzoneContainer (OzoneContainer.java:stop(199)) - Attempting to stop container services.
2019-09-19 09:51:44,374 [Thread-536] INFO  impl.RaftServerProxy (RaftServerProxy.java:lambda$close$4(314)) - bd940396-f9cb-4ba3-97ee-27fe4877910e: close
2019-09-19 09:51:44,374 [ForkJoinPool.commonPool-worker-1] INFO  impl.RaftServerProxy (RaftServerProxy.java:lambda$close$4(314)) - a5e54086-a666-428b-be69-0deeb25a32eb: close
2019-09-19 09:51:44,375 [Thread-536] INFO  impl.RaftServerImpl (RaftServerImpl.java:lambda$shutdown$3(245)) - bd940396-f9cb-4ba3-97ee-27fe4877910e: shutdown group-B4E3771EA957
2019-09-19 09:51:44,375 [ForkJoinPool.commonPool-worker-1] INFO  impl.RaftServerImpl (RaftServerImpl.java:lambda$shutdown$3(245)) - a5e54086-a666-428b-be69-0deeb25a32eb: shutdown group-144C25646223
2019-09-19 09:51:44,375 [Thread-536] INFO  util.JmxRegister (JmxRegister.java:unregister(73)) - Successfully un-registered JMX Bean with object name Ratis:service=RaftServer,group=group-B4E3771EA957,id=bd940396-f9cb-4ba3-97ee-27fe4877910e
2019-09-19 09:51:44,375 [ForkJoinPool.commonPool-worker-1] INFO  util.JmxRegister (JmxRegister.java:unregister(73)) - Successfully un-registered JMX Bean with object name Ratis:service=RaftServer,group=group-144C25646223,id=a5e54086-a666-428b-be69-0deeb25a32eb
2019-09-19 09:51:44,376 [Thread-536] INFO  impl.RoleInfo (RoleInfo.java:shutdownLeaderState(104)) - bd940396-f9cb-4ba3-97ee-27fe4877910e: shutdown LeaderState
2019-09-19 09:51:44,376 [ForkJoinPool.commonPool-worker-1] INFO  impl.RoleInfo (RoleInfo.java:shutdownLeaderState(104)) - a5e54086-a666-428b-be69-0deeb25a32eb: shutdown LeaderState
2019-09-19 09:51:44,376 [Thread-536] INFO  impl.PendingRequests (PendingRequests.java:sendNotLeaderResponses(202)) - bd940396-f9cb-4ba3-97ee-27fe4877910e-PendingRequests: sendNotLeaderResponses
2019-09-19 09:51:44,377 [ForkJoinPool.commonPool-worker-1] INFO  impl.PendingRequests (PendingRequests.java:sendNotLeaderResponses(202)) - a5e54086-a666-428b-be69-0deeb25a32eb-PendingRequests: sendNotLeaderResponses
2019-09-19 09:51:44,377 [Thread-536] INFO  impl.StateMachineUpdater (StateMachineUpdater.java:stopAndJoin(115)) - StateMachineUpdater:bd940396-f9cb-4ba3-97ee-27fe4877910e:group-B4E3771EA957: set stopIndex = 0
2019-09-19 09:51:44,377 [ForkJoinPool.commonPool-worker-1] INFO  impl.StateMachineUpdater (StateMachineUpdater.java:stopAndJoin(115)) - StateMachineUpdater:a5e54086-a666-428b-be69-0deeb25a32eb:group-144C25646223: set stopIndex = 0
2019-09-19 09:51:44,378 [Thread-536] INFO  impl.RaftServerImpl (ServerState.java:close(394)) - bd940396-f9cb-4ba3-97ee-27fe4877910e:group-B4E3771EA957 closes. The last applied log index is 0
2019-09-19 09:51:44,378 [ForkJoinPool.commonPool-worker-1] INFO  impl.RaftServerImpl (ServerState.java:close(394)) - a5e54086-a666-428b-be69-0deeb25a32eb:group-144C25646223 closes. The last applied log index is 0
2019-09-19 09:51:44,379 [bd940396-f9cb-4ba3-97ee-27fe4877910e-SegmentedRaftLogWorker:Storage Directory /workdir/hadoop-ozone/ozonefs/target/test-dir/MiniOzoneClusterImpl-2dcf7682-fd4a-4cc9-8c14-b1fdd7ae4a90/datanode-1/data/ratis/4cd9d666-6a42-42a9-a399-b4e3771ea957] INFO  segmented.SegmentedRaftLogWorker (SegmentedRaftLogWorker.java:run(313)) - bd940396-f9cb-4ba3-97ee-27fe4877910e-SegmentedRaftLogWorker:Storage Directory /workdir/hadoop-ozone/ozonefs/target/test-dir/MiniOzoneClusterImpl-2dcf7682-fd4a-4cc9-8c14-b1fdd7ae4a90/datanode-1/data/ratis/4cd9d666-6a42-42a9-a399-b4e3771ea957 was interrupted, exiting. There are 0 tasks remaining in the queue.
2019-09-19 09:51:44,379 [a5e54086-a666-428b-be69-0deeb25a32eb-SegmentedRaftLogWorker:Storage Directory /workdir/hadoop-ozone/ozonefs/target/test-dir/MiniOzoneClusterImpl-2dcf7682-fd4a-4cc9-8c14-b1fdd7ae4a90/datanode-0/data/ratis/879d2a2d-32d9-4b98-92eb-144c25646223] INFO  segmented.SegmentedRaftLogWorker (SegmentedRaftLogWorker.java:run(313)) - a5e54086-a666-428b-be69-0deeb25a32eb-SegmentedRaftLogWorker:Storage Directory /workdir/hadoop-ozone/ozonefs/target/test-dir/MiniOzoneClusterImpl-2dcf7682-fd4a-4cc9-8c14-b1fdd7ae4a90/datanode-0/data/ratis/879d2a2d-32d9-4b98-92eb-144c25646223 was interrupted, exiting. There are 0 tasks remaining in the queue.
2019-09-19 09:51:44,379 [Thread-536] INFO  segmented.SegmentedRaftLogWorker (SegmentedRaftLogWorker.java:close(228)) - bd940396-f9cb-4ba3-97ee-27fe4877910e-SegmentedRaftLogWorker:Storage Directory /workdir/hadoop-ozone/ozonefs/target/test-dir/MiniOzoneClusterImpl-2dcf7682-fd4a-4cc9-8c14-b1fdd7ae4a90/datanode-1/data/ratis/4cd9d666-6a42-42a9-a399-b4e3771ea957 close()
2019-09-19 09:51:44,379 [ForkJoinPool.commonPool-worker-1] INFO  segmented.SegmentedRaftLogWorker (SegmentedRaftLogWorker.java:close(228)) - a5e54086-a666-428b-be69-0deeb25a32eb-SegmentedRaftLogWorker:Storage Directory /workdir/hadoop-ozone/ozonefs/target/test-dir/MiniOzoneClusterImpl-2dcf7682-fd4a-4cc9-8c14-b1fdd7ae4a90/datanode-0/data/ratis/879d2a2d-32d9-4b98-92eb-144c25646223 close()
2019-09-19 09:51:44,382 [Thread-536] INFO  impl.RaftServerImpl (RaftServerImpl.java:lambda$shutdown$3(245)) - bd940396-f9cb-4ba3-97ee-27fe4877910e: shutdown group-FC1647DF5F23
2019-09-19 09:51:44,383 [ForkJoinPool.commonPool-worker-1] INFO  impl.RaftServerImpl (RaftServerImpl.java:lambda$shutdown$3(245)) - a5e54086-a666-428b-be69-0deeb25a32eb: shutdown group-DE3AD0CFA55B
2019-09-19 09:51:44,383 [Thread-536] INFO  util.JmxRegister (JmxRegister.java:unregister(73)) - Successfully un-registered JMX Bean with object name Ratis:service=RaftServer,group=group-FC1647DF5F23,id=bd940396-f9cb-4ba3-97ee-27fe4877910e
2019-09-19 09:51:44,384 [Thread-536] INFO  impl.RoleInfo (RoleInfo.java:shutdownLeaderState(104)) - bd940396-f9cb-4ba3-97ee-27fe4877910e: shutdown LeaderState
2019-09-19 09:51:44,384 [ForkJoinPool.commonPool-worker-1] INFO  util.JmxRegister (JmxRegister.java:unregister(73)) - Successfully un-registered JMX Bean with object name Ratis:service=RaftServer,group=group-DE3AD0CFA55B,id=a5e54086-a666-428b-be69-0deeb25a32eb
2019-09-19 09:51:44,384 [Thread-536] INFO  impl.PendingRequests (PendingRequests.java:sendNotLeaderResponses(202)) - bd940396-f9cb-4ba3-97ee-27fe4877910e-PendingRequests: sendNotLeaderResponses
2019-09-19 09:51:44,385 [ForkJoinPool.commonPool-worker-1] INFO  impl.RoleInfo (RoleInfo.java:shutdownLeaderState(104)) - a5e54086-a666-428b-be69-0deeb25a32eb: shutdown LeaderState
2019-09-19 09:51:44,385 [Thread-536] INFO  impl.StateMachineUpdater (StateMachineUpdater.java:stopAndJoin(115)) - StateMachineUpdater:bd940396-f9cb-4ba3-97ee-27fe4877910e:group-FC1647DF5F23: set stopIndex = 0
2019-09-19 09:51:44,385 [ForkJoinPool.commonPool-worker-1] INFO  impl.PendingRequests (PendingRequests.java:sendNotLeaderResponses(202)) - a5e54086-a666-428b-be69-0deeb25a32eb-PendingRequests: sendNotLeaderResponses
2019-09-19 09:51:44,386 [Thread-536] INFO  impl.RaftServerImpl (ServerState.java:close(394)) - bd940396-f9cb-4ba3-97ee-27fe4877910e:group-FC1647DF5F23 closes. The last applied log index is 0
2019-09-19 09:51:44,386 [ForkJoinPool.commonPool-worker-1] INFO  impl.StateMachineUpdater (StateMachineUpdater.java:stopAndJoin(115)) - StateMachineUpdater:a5e54086-a666-428b-be69-0deeb25a32eb:group-DE3AD0CFA55B: set stopIndex = 0
2019-09-19 09:51:44,386 [ForkJoinPool.commonPool-worker-1] INFO  impl.RaftServerImpl (ServerState.java:close(394)) - a5e54086-a666-428b-be69-0deeb25a32eb:group-DE3AD0CFA55B closes. The last applied log index is 0
2019-09-19 09:51:44,386 [bd940396-f9cb-4ba3-97ee-27fe4877910e-SegmentedRaftLogWorker:Storage Directory /workdir/hadoop-ozone/ozonefs/target/test-dir/MiniOzoneClusterImpl-2dcf7682-fd4a-4cc9-8c14-b1fdd7ae4a90/datanode-1/data/ratis/33201ab8-4bfa-4257-a46e-fc1647df5f23] INFO  segmented.SegmentedRaftLogWorker (SegmentedRaftLogWorker.java:run(313)) - bd940396-f9cb-4ba3-97ee-27fe4877910e-SegmentedRaftLogWorker:Storage Directory /workdir/hadoop-ozone/ozonefs/target/test-dir/MiniOzoneClusterImpl-2dcf7682-fd4a-4cc9-8c14-b1fdd7ae4a90/datanode-1/data/ratis/33201ab8-4bfa-4257-a46e-fc1647df5f23 was interrupted, exiting. There are 0 tasks remaining in the queue.
2019-09-19 09:51:44,387 [a5e54086-a666-428b-be69-0deeb25a32eb-SegmentedRaftLogWorker:Storage Directory /workdir/hadoop-ozone/ozonefs/target/test-dir/MiniOzoneClusterImpl-2dcf7682-fd4a-4cc9-8c14-b1fdd7ae4a90/datanode-0/data/ratis/1ed672b5-d293-4528-b7ef-de3ad0cfa55b] INFO  segmented.SegmentedRaftLogWorker (SegmentedRaftLogWorker.java:run(313)) - a5e54086-a666-428b-be69-0deeb25a32eb-SegmentedRaftLogWorker:Storage Directory /workdir/hadoop-ozone/ozonefs/target/test-dir/MiniOzoneClusterImpl-2dcf7682-fd4a-4cc9-8c14-b1fdd7ae4a90/datanode-0/data/ratis/1ed672b5-d293-4528-b7ef-de3ad0cfa55b was interrupted, exiting. There are 0 tasks remaining in the queue.
2019-09-19 09:51:44,387 [Thread-536] INFO  segmented.SegmentedRaftLogWorker (SegmentedRaftLogWorker.java:close(228)) - bd940396-f9cb-4ba3-97ee-27fe4877910e-SegmentedRaftLogWorker:Storage Directory /workdir/hadoop-ozone/ozonefs/target/test-dir/MiniOzoneClusterImpl-2dcf7682-fd4a-4cc9-8c14-b1fdd7ae4a90/datanode-1/data/ratis/33201ab8-4bfa-4257-a46e-fc1647df5f23 close()
2019-09-19 09:51:44,387 [ForkJoinPool.commonPool-worker-1] INFO  segmented.SegmentedRaftLogWorker (SegmentedRaftLogWorker.java:close(228)) - a5e54086-a666-428b-be69-0deeb25a32eb-SegmentedRaftLogWorker:Storage Directory /workdir/hadoop-ozone/ozonefs/target/test-dir/MiniOzoneClusterImpl-2dcf7682-fd4a-4cc9-8c14-b1fdd7ae4a90/datanode-0/data/ratis/1ed672b5-d293-4528-b7ef-de3ad0cfa55b close()
2019-09-19 09:51:44,389 [Thread-536] INFO  impl.RaftServerImpl (RaftServerImpl.java:lambda$shutdown$3(245)) - bd940396-f9cb-4ba3-97ee-27fe4877910e: shutdown group-1D34C8FDE766
2019-09-19 09:51:44,391 [ForkJoinPool.commonPool-worker-1] INFO  impl.RaftServerImpl (RaftServerImpl.java:lambda$shutdown$3(245)) - a5e54086-a666-428b-be69-0deeb25a32eb: shutdown group-472FA9CABE5A
2019-09-19 09:51:44,391 [Thread-536] INFO  util.JmxRegister (JmxRegister.java:unregister(73)) - Successfully un-registered JMX Bean with object name Ratis:service=RaftServer,group=group-1D34C8FDE766,id=bd940396-f9cb-4ba3-97ee-27fe4877910e
2019-09-19 09:51:44,391 [ForkJoinPool.commonPool-worker-1] INFO  util.JmxRegister (JmxRegister.java:unregister(73)) - Successfully un-registered JMX Bean with object name Ratis:service=RaftServer,group=group-472FA9CABE5A,id=a5e54086-a666-428b-be69-0deeb25a32eb
2019-09-19 09:51:44,392 [Thread-536] INFO  impl.RoleInfo (RoleInfo.java:shutdownLeaderState(104)) - bd940396-f9cb-4ba3-97ee-27fe4877910e: shutdown LeaderState
2019-09-19 09:51:44,392 [ForkJoinPool.commonPool-worker-1] INFO  impl.RoleInfo (RoleInfo.java:shutdownLeaderState(104)) - a5e54086-a666-428b-be69-0deeb25a32eb: shutdown LeaderState
2019-09-19 09:51:44,392 [Thread-536] INFO  impl.PendingRequests (PendingRequests.java:sendNotLeaderResponses(202)) - bd940396-f9cb-4ba3-97ee-27fe4877910e-PendingRequests: sendNotLeaderResponses
2019-09-19 09:51:44,392 [ForkJoinPool.commonPool-worker-1] INFO  impl.PendingRequests (PendingRequests.java:sendNotLeaderResponses(202)) - a5e54086-a666-428b-be69-0deeb25a32eb-PendingRequests: sendNotLeaderResponses
2019-09-19 09:51:44,393 [Thread-536] INFO  impl.StateMachineUpdater (StateMachineUpdater.java:stopAndJoin(115)) - StateMachineUpdater:bd940396-f9cb-4ba3-97ee-27fe4877910e:group-1D34C8FDE766: set stopIndex = 0
2019-09-19 09:51:44,393 [ForkJoinPool.commonPool-worker-1] INFO  impl.StateMachineUpdater (StateMachineUpdater.java:stopAndJoin(115)) - StateMachineUpdater:a5e54086-a666-428b-be69-0deeb25a32eb:group-472FA9CABE5A: set stopIndex = 0
2019-09-19 09:51:44,393 [Thread-536] INFO  impl.RaftServerImpl (ServerState.java:close(394)) - bd940396-f9cb-4ba3-97ee-27fe4877910e:group-1D34C8FDE766 closes. The last applied log index is 0
2019-09-19 09:51:44,393 [ForkJoinPool.commonPool-worker-1] INFO  impl.RaftServerImpl (ServerState.java:close(394)) - a5e54086-a666-428b-be69-0deeb25a32eb:group-472FA9CABE5A closes. The last applied log index is 0
2019-09-19 09:51:44,394 [bd940396-f9cb-4ba3-97ee-27fe4877910e-SegmentedRaftLogWorker:Storage Directory /workdir/hadoop-ozone/ozonefs/target/test-dir/MiniOzoneClusterImpl-2dcf7682-fd4a-4cc9-8c14-b1fdd7ae4a90/datanode-1/data/ratis/323df249-bda0-43e8-9d81-1d34c8fde766] INFO  segmented.SegmentedRaftLogWorker (SegmentedRaftLogWorker.java:run(313)) - bd940396-f9cb-4ba3-97ee-27fe4877910e-SegmentedRaftLogWorker:Storage Directory /workdir/hadoop-ozone/ozonefs/target/test-dir/MiniOzoneClusterImpl-2dcf7682-fd4a-4cc9-8c14-b1fdd7ae4a90/datanode-1/data/ratis/323df249-bda0-43e8-9d81-1d34c8fde766 was interrupted, exiting. There are 0 tasks remaining in the queue.
2019-09-19 09:51:44,394 [a5e54086-a666-428b-be69-0deeb25a32eb-SegmentedRaftLogWorker:Storage Directory /workdir/hadoop-ozone/ozonefs/target/test-dir/MiniOzoneClusterImpl-2dcf7682-fd4a-4cc9-8c14-b1fdd7ae4a90/datanode-0/data/ratis/7c566131-15f8-4208-9832-472fa9cabe5a] INFO  segmented.SegmentedRaftLogWorker (SegmentedRaftLogWorker.java:run(313)) - a5e54086-a666-428b-be69-0deeb25a32eb-SegmentedRaftLogWorker:Storage Directory /workdir/hadoop-ozone/ozonefs/target/test-dir/MiniOzoneClusterImpl-2dcf7682-fd4a-4cc9-8c14-b1fdd7ae4a90/datanode-0/data/ratis/7c566131-15f8-4208-9832-472fa9cabe5a was interrupted, exiting. There are 0 tasks remaining in the queue.
2019-09-19 09:51:44,394 [Thread-536] INFO  segmented.SegmentedRaftLogWorker (SegmentedRaftLogWorker.java:close(228)) - bd940396-f9cb-4ba3-97ee-27fe4877910e-SegmentedRaftLogWorker:Storage Directory /workdir/hadoop-ozone/ozonefs/target/test-dir/MiniOzoneClusterImpl-2dcf7682-fd4a-4cc9-8c14-b1fdd7ae4a90/datanode-1/data/ratis/323df249-bda0-43e8-9d81-1d34c8fde766 close()
2019-09-19 09:51:44,394 [ForkJoinPool.commonPool-worker-1] INFO  segmented.SegmentedRaftLogWorker (SegmentedRaftLogWorker.java:close(228)) - a5e54086-a666-428b-be69-0deeb25a32eb-SegmentedRaftLogWorker:Storage Directory /workdir/hadoop-ozone/ozonefs/target/test-dir/MiniOzoneClusterImpl-2dcf7682-fd4a-4cc9-8c14-b1fdd7ae4a90/datanode-0/data/ratis/7c566131-15f8-4208-9832-472fa9cabe5a close()
2019-09-19 09:51:44,396 [Thread-536] INFO  impl.RaftServerImpl (RaftServerImpl.java:lambda$shutdown$3(245)) - bd940396-f9cb-4ba3-97ee-27fe4877910e: shutdown group-73FDB3E31D08
2019-09-19 09:51:44,398 [ForkJoinPool.commonPool-worker-1] INFO  impl.RaftServerImpl (RaftServerImpl.java:lambda$shutdown$3(245)) - a5e54086-a666-428b-be69-0deeb25a32eb: shutdown group-9180AD28FD4F
2019-09-19 09:51:44,398 [Thread-536] INFO  util.JmxRegister (JmxRegister.java:unregister(73)) - Successfully un-registered JMX Bean with object name Ratis:service=RaftServer,group=group-73FDB3E31D08,id=bd940396-f9cb-4ba3-97ee-27fe4877910e
2019-09-19 09:51:44,399 [Thread-536] INFO  impl.RoleInfo (RoleInfo.java:shutdownLeaderState(104)) - bd940396-f9cb-4ba3-97ee-27fe4877910e: shutdown LeaderState
2019-09-19 09:51:44,398 [ForkJoinPool.commonPool-worker-1] INFO  util.JmxRegister (JmxRegister.java:unregister(73)) - Successfully un-registered JMX Bean with object name Ratis:service=RaftServer,group=group-9180AD28FD4F,id=a5e54086-a666-428b-be69-0deeb25a32eb
2019-09-19 09:51:44,399 [Thread-536] INFO  impl.PendingRequests (PendingRequests.java:sendNotLeaderResponses(202)) - bd940396-f9cb-4ba3-97ee-27fe4877910e-PendingRequests: sendNotLeaderResponses
2019-09-19 09:51:44,399 [ForkJoinPool.commonPool-worker-1] INFO  impl.RoleInfo (RoleInfo.java:shutdownLeaderState(104)) - a5e54086-a666-428b-be69-0deeb25a32eb: shutdown LeaderState
2019-09-19 09:51:44,400 [Thread-536] INFO  impl.StateMachineUpdater (StateMachineUpdater.java:stopAndJoin(115)) - StateMachineUpdater:bd940396-f9cb-4ba3-97ee-27fe4877910e:group-73FDB3E31D08: set stopIndex = 0
2019-09-19 09:51:44,400 [ForkJoinPool.commonPool-worker-1] INFO  impl.PendingRequests (PendingRequests.java:sendNotLeaderResponses(202)) - a5e54086-a666-428b-be69-0deeb25a32eb-PendingRequests: sendNotLeaderResponses
2019-09-19 09:51:44,400 [Thread-536] INFO  impl.RaftServerImpl (ServerState.java:close(394)) - bd940396-f9cb-4ba3-97ee-27fe4877910e:group-73FDB3E31D08 closes. The last applied log index is 0
2019-09-19 09:51:44,400 [ForkJoinPool.commonPool-worker-1] INFO  impl.StateMachineUpdater (StateMachineUpdater.java:stopAndJoin(115)) - StateMachineUpdater:a5e54086-a666-428b-be69-0deeb25a32eb:group-9180AD28FD4F: set stopIndex = 0
2019-09-19 09:51:44,401 [bd940396-f9cb-4ba3-97ee-27fe4877910e-SegmentedRaftLogWorker:Storage Directory /workdir/hadoop-ozone/ozonefs/target/test-dir/MiniOzoneClusterImpl-2dcf7682-fd4a-4cc9-8c14-b1fdd7ae4a90/datanode-1/data/ratis/0fb010f6-3d3f-4484-aca6-73fdb3e31d08] INFO  segmented.SegmentedRaftLogWorker (SegmentedRaftLogWorker.java:run(313)) - bd940396-f9cb-4ba3-97ee-27fe4877910e-SegmentedRaftLogWorker:Storage Directory /workdir/hadoop-ozone/ozonefs/target/test-dir/MiniOzoneClusterImpl-2dcf7682-fd4a-4cc9-8c14-b1fdd7ae4a90/datanode-1/data/ratis/0fb010f6-3d3f-4484-aca6-73fdb3e31d08 was interrupted, exiting. There are 0 tasks remaining in the queue.
2019-09-19 09:51:44,401 [ForkJoinPool.commonPool-worker-1] INFO  impl.RaftServerImpl (ServerState.java:close(394)) - a5e54086-a666-428b-be69-0deeb25a32eb:group-9180AD28FD4F closes. The last applied log index is 0
2019-09-19 09:51:44,401 [Thread-536] INFO  segmented.SegmentedRaftLogWorker (SegmentedRaftLogWorker.java:close(228)) - bd940396-f9cb-4ba3-97ee-27fe4877910e-SegmentedRaftLogWorker:Storage Directory /workdir/hadoop-ozone/ozonefs/target/test-dir/MiniOzoneClusterImpl-2dcf7682-fd4a-4cc9-8c14-b1fdd7ae4a90/datanode-1/data/ratis/0fb010f6-3d3f-4484-aca6-73fdb3e31d08 close()
2019-09-19 09:51:44,401 [a5e54086-a666-428b-be69-0deeb25a32eb-SegmentedRaftLogWorker:Storage Directory /workdir/hadoop-ozone/ozonefs/target/test-dir/MiniOzoneClusterImpl-2dcf7682-fd4a-4cc9-8c14-b1fdd7ae4a90/datanode-0/data/ratis/06cbc3d5-ad6c-4017-a469-9180ad28fd4f] INFO  segmented.SegmentedRaftLogWorker (SegmentedRaftLogWorker.java:run(313)) - a5e54086-a666-428b-be69-0deeb25a32eb-SegmentedRaftLogWorker:Storage Directory /workdir/hadoop-ozone/ozonefs/target/test-dir/MiniOzoneClusterImpl-2dcf7682-fd4a-4cc9-8c14-b1fdd7ae4a90/datanode-0/data/ratis/06cbc3d5-ad6c-4017-a469-9180ad28fd4f was interrupted, exiting. There are 0 tasks remaining in the queue.
2019-09-19 09:51:44,403 [Thread-536] INFO  impl.RaftServerImpl (RaftServerImpl.java:lambda$shutdown$3(245)) - bd940396-f9cb-4ba3-97ee-27fe4877910e: shutdown group-8FD2DA75BD96
2019-09-19 09:51:44,403 [ForkJoinPool.commonPool-worker-1] INFO  segmented.SegmentedRaftLogWorker (SegmentedRaftLogWorker.java:close(228)) - a5e54086-a666-428b-be69-0deeb25a32eb-SegmentedRaftLogWorker:Storage Directory /workdir/hadoop-ozone/ozonefs/target/test-dir/MiniOzoneClusterImpl-2dcf7682-fd4a-4cc9-8c14-b1fdd7ae4a90/datanode-0/data/ratis/06cbc3d5-ad6c-4017-a469-9180ad28fd4f close()
2019-09-19 09:51:44,403 [Thread-536] INFO  util.JmxRegister (JmxRegister.java:unregister(73)) - Successfully un-registered JMX Bean with object name Ratis:service=RaftServer,group=group-8FD2DA75BD96,id=bd940396-f9cb-4ba3-97ee-27fe4877910e
2019-09-19 09:51:44,405 [ForkJoinPool.commonPool-worker-1] INFO  impl.RaftServerImpl (RaftServerImpl.java:lambda$shutdown$3(245)) - a5e54086-a666-428b-be69-0deeb25a32eb: shutdown group-9C6F823BDC5A
2019-09-19 09:51:44,405 [Thread-536] INFO  impl.RoleInfo (RoleInfo.java:shutdownLeaderState(104)) - bd940396-f9cb-4ba3-97ee-27fe4877910e: shutdown LeaderState
2019-09-19 09:51:44,405 [ForkJoinPool.commonPool-worker-1] INFO  util.JmxRegister (JmxRegister.java:unregister(73)) - Successfully un-registered JMX Bean with object name Ratis:service=RaftServer,group=group-9C6F823BDC5A,id=a5e54086-a666-428b-be69-0deeb25a32eb
2019-09-19 09:51:44,406 [Thread-536] INFO  impl.PendingRequests (PendingRequests.java:sendNotLeaderResponses(202)) - bd940396-f9cb-4ba3-97ee-27fe4877910e-PendingRequests: sendNotLeaderResponses
2019-09-19 09:51:44,406 [ForkJoinPool.commonPool-worker-1] INFO  impl.RoleInfo (RoleInfo.java:shutdownLeaderState(104)) - a5e54086-a666-428b-be69-0deeb25a32eb: shutdown LeaderState
2019-09-19 09:51:44,406 [ForkJoinPool.commonPool-worker-1] INFO  impl.PendingRequests (PendingRequests.java:sendNotLeaderResponses(202)) - a5e54086-a666-428b-be69-0deeb25a32eb-PendingRequests: sendNotLeaderResponses
2019-09-19 09:51:44,407 [ForkJoinPool.commonPool-worker-1] INFO  impl.StateMachineUpdater (StateMachineUpdater.java:stopAndJoin(115)) - StateMachineUpdater:a5e54086-a666-428b-be69-0deeb25a32eb:group-9C6F823BDC5A: set stopIndex = 0
2019-09-19 09:51:44,411 [ForkJoinPool.commonPool-worker-1] INFO  impl.RaftServerImpl (ServerState.java:close(394)) - a5e54086-a666-428b-be69-0deeb25a32eb:group-9C6F823BDC5A closes. The last applied log index is 0
2019-09-19 09:51:44,411 [Thread-536] INFO  impl.StateMachineUpdater (StateMachineUpdater.java:stopAndJoin(115)) - StateMachineUpdater:bd940396-f9cb-4ba3-97ee-27fe4877910e:group-8FD2DA75BD96: set stopIndex = 0
2019-09-19 09:51:44,412 [a5e54086-a666-428b-be69-0deeb25a32eb-SegmentedRaftLogWorker:Storage Directory /workdir/hadoop-ozone/ozonefs/target/test-dir/MiniOzoneClusterImpl-2dcf7682-fd4a-4cc9-8c14-b1fdd7ae4a90/datanode-0/data/ratis/a640f05d-0d95-44aa-bec7-9c6f823bdc5a] INFO  segmented.SegmentedRaftLogWorker (SegmentedRaftLogWorker.java:run(313)) - a5e54086-a666-428b-be69-0deeb25a32eb-SegmentedRaftLogWorker:Storage Directory /workdir/hadoop-ozone/ozonefs/target/test-dir/MiniOzoneClusterImpl-2dcf7682-fd4a-4cc9-8c14-b1fdd7ae4a90/datanode-0/data/ratis/a640f05d-0d95-44aa-bec7-9c6f823bdc5a was interrupted, exiting. There are 0 tasks remaining in the queue.
2019-09-19 09:51:44,412 [Thread-536] INFO  impl.RaftServerImpl (ServerState.java:close(394)) - bd940396-f9cb-4ba3-97ee-27fe4877910e:group-8FD2DA75BD96 closes. The last applied log index is 0
2019-09-19 09:51:44,412 [ForkJoinPool.commonPool-worker-1] INFO  segmented.SegmentedRaftLogWorker (SegmentedRaftLogWorker.java:close(228)) - a5e54086-a666-428b-be69-0deeb25a32eb-SegmentedRaftLogWorker:Storage Directory /workdir/hadoop-ozone/ozonefs/target/test-dir/MiniOzoneClusterImpl-2dcf7682-fd4a-4cc9-8c14-b1fdd7ae4a90/datanode-0/data/ratis/a640f05d-0d95-44aa-bec7-9c6f823bdc5a close()
2019-09-19 09:51:44,412 [bd940396-f9cb-4ba3-97ee-27fe4877910e-SegmentedRaftLogWorker:Storage Directory /workdir/hadoop-ozone/ozonefs/target/test-dir/MiniOzoneClusterImpl-2dcf7682-fd4a-4cc9-8c14-b1fdd7ae4a90/datanode-1/data/ratis/96c77459-286d-4098-84c7-8fd2da75bd96] INFO  segmented.SegmentedRaftLogWorker (SegmentedRaftLogWorker.java:run(313)) - bd940396-f9cb-4ba3-97ee-27fe4877910e-SegmentedRaftLogWorker:Storage Directory /workdir/hadoop-ozone/ozonefs/target/test-dir/MiniOzoneClusterImpl-2dcf7682-fd4a-4cc9-8c14-b1fdd7ae4a90/datanode-1/data/ratis/96c77459-286d-4098-84c7-8fd2da75bd96 was interrupted, exiting. There are 0 tasks remaining in the queue.
2019-09-19 09:51:44,414 [ForkJoinPool.commonPool-worker-1] INFO  impl.RaftServerImpl (RaftServerImpl.java:lambda$shutdown$3(245)) - a5e54086-a666-428b-be69-0deeb25a32eb: shutdown group-8F7135BAC918
2019-09-19 09:51:44,414 [Thread-536] INFO  segmented.SegmentedRaftLogWorker (SegmentedRaftLogWorker.java:close(228)) - bd940396-f9cb-4ba3-97ee-27fe4877910e-SegmentedRaftLogWorker:Storage Directory /workdir/hadoop-ozone/ozonefs/target/test-dir/MiniOzoneClusterImpl-2dcf7682-fd4a-4cc9-8c14-b1fdd7ae4a90/datanode-1/data/ratis/96c77459-286d-4098-84c7-8fd2da75bd96 close()
2019-09-19 09:51:44,414 [ForkJoinPool.commonPool-worker-1] INFO  util.JmxRegister (JmxRegister.java:unregister(73)) - Successfully un-registered JMX Bean with object name Ratis:service=RaftServer,group=group-8F7135BAC918,id=a5e54086-a666-428b-be69-0deeb25a32eb
2019-09-19 09:51:44,416 [Thread-536] INFO  impl.RaftServerImpl (RaftServerImpl.java:lambda$shutdown$3(245)) - bd940396-f9cb-4ba3-97ee-27fe4877910e: shutdown group-B8B4D5F418A6
2019-09-19 09:51:44,416 [ForkJoinPool.commonPool-worker-1] INFO  impl.RoleInfo (RoleInfo.java:shutdownLeaderState(104)) - a5e54086-a666-428b-be69-0deeb25a32eb: shutdown LeaderState
2019-09-19 09:51:44,416 [Thread-536] INFO  util.JmxRegister (JmxRegister.java:unregister(73)) - Successfully un-registered JMX Bean with object name Ratis:service=RaftServer,group=group-B8B4D5F418A6,id=bd940396-f9cb-4ba3-97ee-27fe4877910e
2019-09-19 09:51:44,416 [ForkJoinPool.commonPool-worker-1] INFO  impl.PendingRequests (PendingRequests.java:sendNotLeaderResponses(202)) - a5e54086-a666-428b-be69-0deeb25a32eb-PendingRequests: sendNotLeaderResponses
2019-09-19 09:51:44,417 [Thread-536] INFO  impl.RoleInfo (RoleInfo.java:shutdownLeaderState(104)) - bd940396-f9cb-4ba3-97ee-27fe4877910e: shutdown LeaderState
2019-09-19 09:51:44,417 [ForkJoinPool.commonPool-worker-1] INFO  impl.StateMachineUpdater (StateMachineUpdater.java:stopAndJoin(115)) - StateMachineUpdater:a5e54086-a666-428b-be69-0deeb25a32eb:group-8F7135BAC918: set stopIndex = 0
2019-09-19 09:51:44,417 [Thread-536] INFO  impl.PendingRequests (PendingRequests.java:sendNotLeaderResponses(202)) - bd940396-f9cb-4ba3-97ee-27fe4877910e-PendingRequests: sendNotLeaderResponses
2019-09-19 09:51:44,418 [ForkJoinPool.commonPool-worker-1] INFO  impl.RaftServerImpl (ServerState.java:close(394)) - a5e54086-a666-428b-be69-0deeb25a32eb:group-8F7135BAC918 closes. The last applied log index is 0
2019-09-19 09:51:44,418 [Thread-536] INFO  impl.StateMachineUpdater (StateMachineUpdater.java:stopAndJoin(115)) - StateMachineUpdater:bd940396-f9cb-4ba3-97ee-27fe4877910e:group-B8B4D5F418A6: set stopIndex = 0
2019-09-19 09:51:44,418 [a5e54086-a666-428b-be69-0deeb25a32eb-SegmentedRaftLogWorker:Storage Directory /workdir/hadoop-ozone/ozonefs/target/test-dir/MiniOzoneClusterImpl-2dcf7682-fd4a-4cc9-8c14-b1fdd7ae4a90/datanode-0/data/ratis/977bdf3a-ecc2-4521-996e-8f7135bac918] INFO  segmented.SegmentedRaftLogWorker (SegmentedRaftLogWorker.java:run(313)) - a5e54086-a666-428b-be69-0deeb25a32eb-SegmentedRaftLogWorker:Storage Directory /workdir/hadoop-ozone/ozonefs/target/test-dir/MiniOzoneClusterImpl-2dcf7682-fd4a-4cc9-8c14-b1fdd7ae4a90/datanode-0/data/ratis/977bdf3a-ecc2-4521-996e-8f7135bac918 was interrupted, exiting. There are 0 tasks remaining in the queue.
2019-09-19 09:51:44,418 [Thread-536] INFO  impl.RaftServerImpl (ServerState.java:close(394)) - bd940396-f9cb-4ba3-97ee-27fe4877910e:group-B8B4D5F418A6 closes. The last applied log index is 0
2019-09-19 09:51:44,419 [ForkJoinPool.commonPool-worker-1] INFO  segmented.SegmentedRaftLogWorker (SegmentedRaftLogWorker.java:close(228)) - a5e54086-a666-428b-be69-0deeb25a32eb-SegmentedRaftLogWorker:Storage Directory /workdir/hadoop-ozone/ozonefs/target/test-dir/MiniOzoneClusterImpl-2dcf7682-fd4a-4cc9-8c14-b1fdd7ae4a90/datanode-0/data/ratis/977bdf3a-ecc2-4521-996e-8f7135bac918 close()
2019-09-19 09:51:44,419 [bd940396-f9cb-4ba3-97ee-27fe4877910e-SegmentedRaftLogWorker:Storage Directory /workdir/hadoop-ozone/ozonefs/target/test-dir/MiniOzoneClusterImpl-2dcf7682-fd4a-4cc9-8c14-b1fdd7ae4a90/datanode-1/data/ratis/474633fb-ae81-470e-ae9a-b8b4d5f418a6] INFO  segmented.SegmentedRaftLogWorker (SegmentedRaftLogWorker.java:run(313)) - bd940396-f9cb-4ba3-97ee-27fe4877910e-SegmentedRaftLogWorker:Storage Directory /workdir/hadoop-ozone/ozonefs/target/test-dir/MiniOzoneClusterImpl-2dcf7682-fd4a-4cc9-8c14-b1fdd7ae4a90/datanode-1/data/ratis/474633fb-ae81-470e-ae9a-b8b4d5f418a6 was interrupted, exiting. There are 0 tasks remaining in the queue.
2019-09-19 09:51:44,420 [ForkJoinPool.commonPool-worker-1] INFO  server.GrpcService (GrpcService.java:closeImpl(155)) - a5e54086-a666-428b-be69-0deeb25a32eb: shutdown server with port 42285 now
2019-09-19 09:51:44,421 [Thread-536] INFO  segmented.SegmentedRaftLogWorker (SegmentedRaftLogWorker.java:close(228)) - bd940396-f9cb-4ba3-97ee-27fe4877910e-SegmentedRaftLogWorker:Storage Directory /workdir/hadoop-ozone/ozonefs/target/test-dir/MiniOzoneClusterImpl-2dcf7682-fd4a-4cc9-8c14-b1fdd7ae4a90/datanode-1/data/ratis/474633fb-ae81-470e-ae9a-b8b4d5f418a6 close()
2019-09-19 09:51:44,423 [ForkJoinPool.commonPool-worker-1] INFO  server.GrpcService (GrpcService.java:closeImpl(163)) - a5e54086-a666-428b-be69-0deeb25a32eb: shutdown server with port 42285 successfully
2019-09-19 09:51:44,423 [Thread-536] INFO  server.GrpcService (GrpcService.java:closeImpl(155)) - bd940396-f9cb-4ba3-97ee-27fe4877910e: shutdown server with port 39207 now
2019-09-19 09:51:44,425 [Thread-536] INFO  server.GrpcService (GrpcService.java:closeImpl(163)) - bd940396-f9cb-4ba3-97ee-27fe4877910e: shutdown server with port 39207 successfully
2019-09-19 09:51:44,425 [ForkJoinPool.commonPool-worker-1] INFO  utils.BackgroundService (BackgroundService.java:shutdown(148)) - Shutting down service BlockDeletingService
2019-09-19 09:51:44,426 [refreshUsed-/workdir/hadoop-ozone/ozonefs/target/test-dir/MiniOzoneClusterImpl-2dcf7682-fd4a-4cc9-8c14-b1fdd7ae4a90/datanode-0/data/containers] WARN  fs.CachingGetSpaceUsed (CachingGetSpaceUsed.java:run(183)) - Thread Interrupted waiting to refresh disk information: sleep interrupted
2019-09-19 09:51:44,432 [Thread-536] INFO  utils.BackgroundService (BackgroundService.java:shutdown(148)) - Shutting down service BlockDeletingService
2019-09-19 09:51:44,433 [refreshUsed-/workdir/hadoop-ozone/ozonefs/target/test-dir/MiniOzoneClusterImpl-2dcf7682-fd4a-4cc9-8c14-b1fdd7ae4a90/datanode-1/data/containers] WARN  fs.CachingGetSpaceUsed (CachingGetSpaceUsed.java:run(183)) - Thread Interrupted waiting to refresh disk information: sleep interrupted
2019-09-19 09:51:44,457 [ForkJoinPool.commonPool-worker-1] INFO  statemachine.DatanodeStateMachine (DatanodeStateMachine.java:stopDaemon(395)) - Ozone container server stopped.
2019-09-19 09:51:44,460 [ForkJoinPool.commonPool-worker-1] INFO  handler.ContextHandler (ContextHandler.java:doStop(910)) - Stopped o.e.j.w.WebAppContext@3b9cd03{/,null,UNAVAILABLE}{/hddsDatanode}
2019-09-19 09:51:44,461 [ForkJoinPool.commonPool-worker-1] INFO  server.AbstractConnector (AbstractConnector.java:doStop(318)) - Stopped ServerConnector@7d39cc9b{HTTP/1.1,[http/1.1]}{0.0.0.0:0}
2019-09-19 09:51:44,462 [ForkJoinPool.commonPool-worker-1] INFO  handler.ContextHandler (ContextHandler.java:doStop(910)) - Stopped o.e.j.s.ServletContextHandler@2adc5107{/static,jar:file:/home/user/.m2/repository/org/apache/hadoop/hadoop-hdds-container-service/0.5.0-SNAPSHOT/hadoop-hdds-container-service-0.5.0-SNAPSHOT.jar!/webapps/static,UNAVAILABLE}
2019-09-19 09:51:44,463 [ForkJoinPool.commonPool-worker-1] INFO  handler.ContextHandler (ContextHandler.java:doStop(910)) - Stopped o.e.j.s.ServletContextHandler@4da0eeaa{/logs,file:///workdir/hadoop-ozone/ozonefs/target/log,UNAVAILABLE}
2019-09-19 09:51:44,464 [ForkJoinPool.commonPool-worker-1] INFO  datanode.ObjectStoreHandler (ObjectStoreHandler.java:close(155)) - Closing ObjectStoreHandler.
2019-09-19 09:51:44,464 [ForkJoinPool.commonPool-worker-1] INFO  ozone.HddsDatanodeService (HddsDatanodeService.java:stop(451)) - Stopped plug-in org.apache.hadoop.ozone.web.OzoneHddsDatanodeService@5cf21343
2019-09-19 09:51:44,468 [Thread-536] INFO  statemachine.DatanodeStateMachine (DatanodeStateMachine.java:stopDaemon(395)) - Ozone container server stopped.
2019-09-19 09:51:44,468 [Thread-536] INFO  handler.ContextHandler (ContextHandler.java:doStop(910)) - Stopped o.e.j.w.WebAppContext@2d89fe37{/,null,UNAVAILABLE}{/hddsDatanode}
2019-09-19 09:51:44,469 [Thread-536] INFO  server.AbstractConnector (AbstractConnector.java:doStop(318)) - Stopped ServerConnector@8d7b2b2{HTTP/1.1,[http/1.1]}{0.0.0.0:0}
2019-09-19 09:51:44,469 [Thread-536] INFO  handler.ContextHandler (ContextHandler.java:doStop(910)) - Stopped o.e.j.s.ServletContextHandler@40ec51e{/static,jar:file:/home/user/.m2/repository/org/apache/hadoop/hadoop-hdds-container-service/0.5.0-SNAPSHOT/hadoop-hdds-container-service-0.5.0-SNAPSHOT.jar!/webapps/static,UNAVAILABLE}
2019-09-19 09:51:44,470 [Thread-536] INFO  handler.ContextHandler (ContextHandler.java:doStop(910)) - Stopped o.e.j.s.ServletContextHandler@7d4fec5c{/logs,file:///workdir/hadoop-ozone/ozonefs/target/log,UNAVAILABLE}
2019-09-19 09:51:45,098 [Datanode State Machine Thread - 0] INFO  statemachine.DatanodeStateMachine (DatanodeStateMachine.java:lambda$startDaemon$0(350)) - Ozone container server started.
2019-09-19 09:51:49,465 [ForkJoinPool.commonPool-worker-1] INFO  ozoneimpl.OzoneContainer (OzoneContainer.java:stop(199)) - Attempting to stop container services.
2019-09-19 09:51:49,466 [ForkJoinPool.commonPool-worker-1] INFO  impl.RaftServerProxy (RaftServerProxy.java:lambda$close$4(314)) - e5479894-df80-44da-8423-1105b30f9b8d: close
2019-09-19 09:51:49,467 [ForkJoinPool.commonPool-worker-1] INFO  impl.RaftServerImpl (RaftServerImpl.java:lambda$shutdown$3(245)) - e5479894-df80-44da-8423-1105b30f9b8d: shutdown group-8BA4923FF7A7
2019-09-19 09:51:49,467 [ForkJoinPool.commonPool-worker-1] INFO  util.JmxRegister (JmxRegister.java:unregister(73)) - Successfully un-registered JMX Bean with object name Ratis:service=RaftServer,group=group-8BA4923FF7A7,id=e5479894-df80-44da-8423-1105b30f9b8d
2019-09-19 09:51:49,467 [ForkJoinPool.commonPool-worker-1] INFO  impl.RoleInfo (RoleInfo.java:shutdownLeaderState(104)) - e5479894-df80-44da-8423-1105b30f9b8d: shutdown LeaderState
2019-09-19 09:51:49,468 [ForkJoinPool.commonPool-worker-1] INFO  impl.PendingRequests (PendingRequests.java:sendNotLeaderResponses(202)) - e5479894-df80-44da-8423-1105b30f9b8d-PendingRequests: sendNotLeaderResponses
2019-09-19 09:51:49,468 [ForkJoinPool.commonPool-worker-1] INFO  impl.StateMachineUpdater (StateMachineUpdater.java:stopAndJoin(115)) - StateMachineUpdater:e5479894-df80-44da-8423-1105b30f9b8d:group-8BA4923FF7A7: set stopIndex = 0
2019-09-19 09:51:49,469 [ForkJoinPool.commonPool-worker-1] INFO  impl.RaftServerImpl (ServerState.java:close(394)) - e5479894-df80-44da-8423-1105b30f9b8d:group-8BA4923FF7A7 closes. The last applied log index is 0
2019-09-19 09:51:49,469 [e5479894-df80-44da-8423-1105b30f9b8d-SegmentedRaftLogWorker:Storage Directory /workdir/hadoop-ozone/ozonefs/target/test-dir/MiniOzoneClusterImpl-2dcf7682-fd4a-4cc9-8c14-b1fdd7ae4a90/datanode-2/data/ratis/b0a69ec6-9469-43a2-9c43-8ba4923ff7a7] INFO  segmented.SegmentedRaftLogWorker (SegmentedRaftLogWorker.java:run(313)) - e5479894-df80-44da-8423-1105b30f9b8d-SegmentedRaftLogWorker:Storage Directory /workdir/hadoop-ozone/ozonefs/target/test-dir/MiniOzoneClusterImpl-2dcf7682-fd4a-4cc9-8c14-b1fdd7ae4a90/datanode-2/data/ratis/b0a69ec6-9469-43a2-9c43-8ba4923ff7a7 was interrupted, exiting. There are 0 tasks remaining in the queue.
2019-09-19 09:51:49,470 [ForkJoinPool.commonPool-worker-1] INFO  segmented.SegmentedRaftLogWorker (SegmentedRaftLogWorker.java:close(228)) - e5479894-df80-44da-8423-1105b30f9b8d-SegmentedRaftLogWorker:Storage Directory /workdir/hadoop-ozone/ozonefs/target/test-dir/MiniOzoneClusterImpl-2dcf7682-fd4a-4cc9-8c14-b1fdd7ae4a90/datanode-2/data/ratis/b0a69ec6-9469-43a2-9c43-8ba4923ff7a7 close()
2019-09-19 09:51:49,472 [ForkJoinPool.commonPool-worker-1] INFO  impl.RaftServerImpl (RaftServerImpl.java:lambda$shutdown$3(245)) - e5479894-df80-44da-8423-1105b30f9b8d: shutdown group-F0D495EFDE5B
2019-09-19 09:51:49,473 [ForkJoinPool.commonPool-worker-1] INFO  util.JmxRegister (JmxRegister.java:unregister(73)) - Successfully un-registered JMX Bean with object name Ratis:service=RaftServer,group=group-F0D495EFDE5B,id=e5479894-df80-44da-8423-1105b30f9b8d
2019-09-19 09:51:49,473 [ForkJoinPool.commonPool-worker-1] INFO  impl.RoleInfo (RoleInfo.java:shutdownLeaderState(104)) - e5479894-df80-44da-8423-1105b30f9b8d: shutdown LeaderState
2019-09-19 09:51:49,474 [ForkJoinPool.commonPool-worker-1] INFO  impl.PendingRequests (PendingRequests.java:sendNotLeaderResponses(202)) - e5479894-df80-44da-8423-1105b30f9b8d-PendingRequests: sendNotLeaderResponses
2019-09-19 09:51:49,474 [ForkJoinPool.commonPool-worker-1] INFO  impl.StateMachineUpdater (StateMachineUpdater.java:stopAndJoin(115)) - StateMachineUpdater:e5479894-df80-44da-8423-1105b30f9b8d:group-F0D495EFDE5B: set stopIndex = 0
2019-09-19 09:51:49,474 [ForkJoinPool.commonPool-worker-1] INFO  impl.RaftServerImpl (ServerState.java:close(394)) - e5479894-df80-44da-8423-1105b30f9b8d:group-F0D495EFDE5B closes. The last applied log index is 0
2019-09-19 09:51:49,475 [e5479894-df80-44da-8423-1105b30f9b8d-SegmentedRaftLogWorker:Storage Directory /workdir/hadoop-ozone/ozonefs/target/test-dir/MiniOzoneClusterImpl-2dcf7682-fd4a-4cc9-8c14-b1fdd7ae4a90/datanode-2/data/ratis/4901dec2-5f38-4a34-963a-f0d495efde5b] INFO  segmented.SegmentedRaftLogWorker (SegmentedRaftLogWorker.java:run(313)) - e5479894-df80-44da-8423-1105b30f9b8d-SegmentedRaftLogWorker:Storage Directory /workdir/hadoop-ozone/ozonefs/target/test-dir/MiniOzoneClusterImpl-2dcf7682-fd4a-4cc9-8c14-b1fdd7ae4a90/datanode-2/data/ratis/4901dec2-5f38-4a34-963a-f0d495efde5b was interrupted, exiting. There are 0 tasks remaining in the queue.
2019-09-19 09:51:49,475 [ForkJoinPool.commonPool-worker-1] INFO  segmented.SegmentedRaftLogWorker (SegmentedRaftLogWorker.java:close(228)) - e5479894-df80-44da-8423-1105b30f9b8d-SegmentedRaftLogWorker:Storage Directory /workdir/hadoop-ozone/ozonefs/target/test-dir/MiniOzoneClusterImpl-2dcf7682-fd4a-4cc9-8c14-b1fdd7ae4a90/datanode-2/data/ratis/4901dec2-5f38-4a34-963a-f0d495efde5b close()
2019-09-19 09:51:49,476 [ForkJoinPool.commonPool-worker-1] INFO  impl.RaftServerImpl (RaftServerImpl.java:lambda$shutdown$3(245)) - e5479894-df80-44da-8423-1105b30f9b8d: shutdown group-A6A14DF7DF4A
2019-09-19 09:51:49,477 [ForkJoinPool.commonPool-worker-1] INFO  util.JmxRegister (JmxRegister.java:unregister(73)) - Successfully un-registered JMX Bean with object name Ratis:service=RaftServer,group=group-A6A14DF7DF4A,id=e5479894-df80-44da-8423-1105b30f9b8d
2019-09-19 09:51:49,477 [ForkJoinPool.commonPool-worker-1] INFO  impl.RoleInfo (RoleInfo.java:shutdownLeaderState(104)) - e5479894-df80-44da-8423-1105b30f9b8d: shutdown LeaderState
2019-09-19 09:51:49,477 [ForkJoinPool.commonPool-worker-1] INFO  impl.PendingRequests (PendingRequests.java:sendNotLeaderResponses(202)) - e5479894-df80-44da-8423-1105b30f9b8d-PendingRequests: sendNotLeaderResponses
2019-09-19 09:51:49,478 [ForkJoinPool.commonPool-worker-1] INFO  impl.StateMachineUpdater (StateMachineUpdater.java:stopAndJoin(115)) - StateMachineUpdater:e5479894-df80-44da-8423-1105b30f9b8d:group-A6A14DF7DF4A: set stopIndex = 0
2019-09-19 09:51:49,478 [ForkJoinPool.commonPool-worker-1] INFO  impl.RaftServerImpl (ServerState.java:close(394)) - e5479894-df80-44da-8423-1105b30f9b8d:group-A6A14DF7DF4A closes. The last applied log index is 0
2019-09-19 09:51:49,478 [e5479894-df80-44da-8423-1105b30f9b8d-SegmentedRaftLogWorker:Storage Directory /workdir/hadoop-ozone/ozonefs/target/test-dir/MiniOzoneClusterImpl-2dcf7682-fd4a-4cc9-8c14-b1fdd7ae4a90/datanode-2/data/ratis/4bfbc78d-8435-4359-bf3c-a6a14df7df4a] INFO  segmented.SegmentedRaftLogWorker (SegmentedRaftLogWorker.java:run(313)) - e5479894-df80-44da-8423-1105b30f9b8d-SegmentedRaftLogWorker:Storage Directory /workdir/hadoop-ozone/ozonefs/target/test-dir/MiniOzoneClusterImpl-2dcf7682-fd4a-4cc9-8c14-b1fdd7ae4a90/datanode-2/data/ratis/4bfbc78d-8435-4359-bf3c-a6a14df7df4a was interrupted, exiting. There are 0 tasks remaining in the queue.
2019-09-19 09:51:49,479 [ForkJoinPool.commonPool-worker-1] INFO  segmented.SegmentedRaftLogWorker (SegmentedRaftLogWorker.java:close(228)) - e5479894-df80-44da-8423-1105b30f9b8d-SegmentedRaftLogWorker:Storage Directory /workdir/hadoop-ozone/ozonefs/target/test-dir/MiniOzoneClusterImpl-2dcf7682-fd4a-4cc9-8c14-b1fdd7ae4a90/datanode-2/data/ratis/4bfbc78d-8435-4359-bf3c-a6a14df7df4a close()
2019-09-19 09:51:49,480 [ForkJoinPool.commonPool-worker-1] INFO  impl.RaftServerImpl (RaftServerImpl.java:lambda$shutdown$3(245)) - e5479894-df80-44da-8423-1105b30f9b8d: shutdown group-ECFA1B2C95E7
2019-09-19 09:51:49,480 [ForkJoinPool.commonPool-worker-1] INFO  util.JmxRegister (JmxRegister.java:unregister(73)) - Successfully un-registered JMX Bean with object name Ratis:service=RaftServer,group=group-ECFA1B2C95E7,id=e5479894-df80-44da-8423-1105b30f9b8d
2019-09-19 09:51:49,480 [ForkJoinPool.commonPool-worker-1] INFO  impl.RoleInfo (RoleInfo.java:shutdownLeaderState(104)) - e5479894-df80-44da-8423-1105b30f9b8d: shutdown LeaderState
2019-09-19 09:51:49,481 [ForkJoinPool.commonPool-worker-1] INFO  impl.PendingRequests (PendingRequests.java:sendNotLeaderResponses(202)) - e5479894-df80-44da-8423-1105b30f9b8d-PendingRequests: sendNotLeaderResponses
2019-09-19 09:51:49,481 [ForkJoinPool.commonPool-worker-1] INFO  impl.StateMachineUpdater (StateMachineUpdater.java:stopAndJoin(115)) - StateMachineUpdater:e5479894-df80-44da-8423-1105b30f9b8d:group-ECFA1B2C95E7: set stopIndex = 0
2019-09-19 09:51:49,481 [ForkJoinPool.commonPool-worker-1] INFO  impl.RaftServerImpl (ServerState.java:close(394)) - e5479894-df80-44da-8423-1105b30f9b8d:group-ECFA1B2C95E7 closes. The last applied log index is 0
2019-09-19 09:51:49,482 [e5479894-df80-44da-8423-1105b30f9b8d-SegmentedRaftLogWorker:Storage Directory /workdir/hadoop-ozone/ozonefs/target/test-dir/MiniOzoneClusterImpl-2dcf7682-fd4a-4cc9-8c14-b1fdd7ae4a90/datanode-2/data/ratis/f1f24fa5-f740-4faa-8b76-ecfa1b2c95e7] INFO  segmented.SegmentedRaftLogWorker (SegmentedRaftLogWorker.java:run(313)) - e5479894-df80-44da-8423-1105b30f9b8d-SegmentedRaftLogWorker:Storage Directory /workdir/hadoop-ozone/ozonefs/target/test-dir/MiniOzoneClusterImpl-2dcf7682-fd4a-4cc9-8c14-b1fdd7ae4a90/datanode-2/data/ratis/f1f24fa5-f740-4faa-8b76-ecfa1b2c95e7 was interrupted, exiting. There are 0 tasks remaining in the queue.
2019-09-19 09:51:49,482 [ForkJoinPool.commonPool-worker-1] INFO  segmented.SegmentedRaftLogWorker (SegmentedRaftLogWorker.java:close(228)) - e5479894-df80-44da-8423-1105b30f9b8d-SegmentedRaftLogWorker:Storage Directory /workdir/hadoop-ozone/ozonefs/target/test-dir/MiniOzoneClusterImpl-2dcf7682-fd4a-4cc9-8c14-b1fdd7ae4a90/datanode-2/data/ratis/f1f24fa5-f740-4faa-8b76-ecfa1b2c95e7 close()
2019-09-19 09:51:49,483 [ForkJoinPool.commonPool-worker-1] INFO  impl.RaftServerImpl (RaftServerImpl.java:lambda$shutdown$3(245)) - e5479894-df80-44da-8423-1105b30f9b8d: shutdown group-6F3894DBCF53
2019-09-19 09:51:49,483 [ForkJoinPool.commonPool-worker-1] INFO  util.JmxRegister (JmxRegister.java:unregister(73)) - Successfully un-registered JMX Bean with object name Ratis:service=RaftServer,group=group-6F3894DBCF53,id=e5479894-df80-44da-8423-1105b30f9b8d
2019-09-19 09:51:49,484 [ForkJoinPool.commonPool-worker-1] INFO  impl.RoleInfo (RoleInfo.java:shutdownLeaderState(104)) - e5479894-df80-44da-8423-1105b30f9b8d: shutdown LeaderState
2019-09-19 09:51:49,484 [ForkJoinPool.commonPool-worker-1] INFO  impl.PendingRequests (PendingRequests.java:sendNotLeaderResponses(202)) - e5479894-df80-44da-8423-1105b30f9b8d-PendingRequests: sendNotLeaderResponses
2019-09-19 09:51:49,484 [ForkJoinPool.commonPool-worker-1] INFO  impl.StateMachineUpdater (StateMachineUpdater.java:stopAndJoin(115)) - StateMachineUpdater:e5479894-df80-44da-8423-1105b30f9b8d:group-6F3894DBCF53: set stopIndex = 0
2019-09-19 09:51:49,485 [ForkJoinPool.commonPool-worker-1] INFO  impl.RaftServerImpl (ServerState.java:close(394)) - e5479894-df80-44da-8423-1105b30f9b8d:group-6F3894DBCF53 closes. The last applied log index is 0
2019-09-19 09:51:49,485 [e5479894-df80-44da-8423-1105b30f9b8d-SegmentedRaftLogWorker:Storage Directory /workdir/hadoop-ozone/ozonefs/target/test-dir/MiniOzoneClusterImpl-2dcf7682-fd4a-4cc9-8c14-b1fdd7ae4a90/datanode-2/data/ratis/aff9cee2-c9a8-4caa-a014-6f3894dbcf53] INFO  segmented.SegmentedRaftLogWorker (SegmentedRaftLogWorker.java:run(313)) - e5479894-df80-44da-8423-1105b30f9b8d-SegmentedRaftLogWorker:Storage Directory /workdir/hadoop-ozone/ozonefs/target/test-dir/MiniOzoneClusterImpl-2dcf7682-fd4a-4cc9-8c14-b1fdd7ae4a90/datanode-2/data/ratis/aff9cee2-c9a8-4caa-a014-6f3894dbcf53 was interrupted, exiting. There are 0 tasks remaining in the queue.
2019-09-19 09:51:49,485 [ForkJoinPool.commonPool-worker-1] INFO  segmented.SegmentedRaftLogWorker (SegmentedRaftLogWorker.java:close(228)) - e5479894-df80-44da-8423-1105b30f9b8d-SegmentedRaftLogWorker:Storage Directory /workdir/hadoop-ozone/ozonefs/target/test-dir/MiniOzoneClusterImpl-2dcf7682-fd4a-4cc9-8c14-b1fdd7ae4a90/datanode-2/data/ratis/aff9cee2-c9a8-4caa-a014-6f3894dbcf53 close()
2019-09-19 09:51:49,486 [ForkJoinPool.commonPool-worker-1] INFO  impl.RaftServerImpl (RaftServerImpl.java:lambda$shutdown$3(245)) - e5479894-df80-44da-8423-1105b30f9b8d: shutdown group-BE654AA4D3E2
2019-09-19 09:51:49,487 [ForkJoinPool.commonPool-worker-1] INFO  util.JmxRegister (JmxRegister.java:unregister(73)) - Successfully un-registered JMX Bean with object name Ratis:service=RaftServer,group=group-BE654AA4D3E2,id=e5479894-df80-44da-8423-1105b30f9b8d
2019-09-19 09:51:49,487 [ForkJoinPool.commonPool-worker-1] INFO  impl.RoleInfo (RoleInfo.java:shutdownLeaderState(104)) - e5479894-df80-44da-8423-1105b30f9b8d: shutdown LeaderState
2019-09-19 09:51:49,487 [ForkJoinPool.commonPool-worker-1] INFO  impl.PendingRequests (PendingRequests.java:sendNotLeaderResponses(202)) - e5479894-df80-44da-8423-1105b30f9b8d-PendingRequests: sendNotLeaderResponses
2019-09-19 09:51:49,488 [ForkJoinPool.commonPool-worker-1] INFO  impl.StateMachineUpdater (StateMachineUpdater.java:stopAndJoin(115)) - StateMachineUpdater:e5479894-df80-44da-8423-1105b30f9b8d:group-BE654AA4D3E2: set stopIndex = 0
2019-09-19 09:51:49,488 [ForkJoinPool.commonPool-worker-1] INFO  impl.RaftServerImpl (ServerState.java:close(394)) - e5479894-df80-44da-8423-1105b30f9b8d:group-BE654AA4D3E2 closes. The last applied log index is 0
2019-09-19 09:51:49,488 [e5479894-df80-44da-8423-1105b30f9b8d-SegmentedRaftLogWorker:Storage Directory /workdir/hadoop-ozone/ozonefs/target/test-dir/MiniOzoneClusterImpl-2dcf7682-fd4a-4cc9-8c14-b1fdd7ae4a90/datanode-2/data/ratis/5bc9a39f-cd85-4316-87e9-be654aa4d3e2] INFO  segmented.SegmentedRaftLogWorker (SegmentedRaftLogWorker.java:run(313)) - e5479894-df80-44da-8423-1105b30f9b8d-SegmentedRaftLogWorker:Storage Directory /workdir/hadoop-ozone/ozonefs/target/test-dir/MiniOzoneClusterImpl-2dcf7682-fd4a-4cc9-8c14-b1fdd7ae4a90/datanode-2/data/ratis/5bc9a39f-cd85-4316-87e9-be654aa4d3e2 was interrupted, exiting. There are 0 tasks remaining in the queue.
2019-09-19 09:51:49,489 [ForkJoinPool.commonPool-worker-1] INFO  segmented.SegmentedRaftLogWorker (SegmentedRaftLogWorker.java:close(228)) - e5479894-df80-44da-8423-1105b30f9b8d-SegmentedRaftLogWorker:Storage Directory /workdir/hadoop-ozone/ozonefs/target/test-dir/MiniOzoneClusterImpl-2dcf7682-fd4a-4cc9-8c14-b1fdd7ae4a90/datanode-2/data/ratis/5bc9a39f-cd85-4316-87e9-be654aa4d3e2 close()
2019-09-19 09:51:49,490 [ForkJoinPool.commonPool-worker-1] INFO  server.GrpcService (GrpcService.java:closeImpl(155)) - e5479894-df80-44da-8423-1105b30f9b8d: shutdown server with port 44999 now
2019-09-19 09:51:49,491 [ForkJoinPool.commonPool-worker-1] INFO  server.GrpcService (GrpcService.java:closeImpl(163)) - e5479894-df80-44da-8423-1105b30f9b8d: shutdown server with port 44999 successfully
2019-09-19 09:51:49,493 [ForkJoinPool.commonPool-worker-1] INFO  utils.BackgroundService (BackgroundService.java:shutdown(148)) - Shutting down service BlockDeletingService
2019-09-19 09:51:49,496 [refreshUsed-/workdir/hadoop-ozone/ozonefs/target/test-dir/MiniOzoneClusterImpl-2dcf7682-fd4a-4cc9-8c14-b1fdd7ae4a90/datanode-2/data/containers] WARN  fs.CachingGetSpaceUsed (CachingGetSpaceUsed.java:run(183)) - Thread Interrupted waiting to refresh disk information: sleep interrupted
2019-09-19 09:51:49,534 [ForkJoinPool.commonPool-worker-1] INFO  statemachine.DatanodeStateMachine (DatanodeStateMachine.java:stopDaemon(395)) - Ozone container server stopped.
2019-09-19 09:51:49,537 [ForkJoinPool.commonPool-worker-1] INFO  handler.ContextHandler (ContextHandler.java:doStop(910)) - Stopped o.e.j.w.WebAppContext@77e012ac{/,null,UNAVAILABLE}{/hddsDatanode}
2019-09-19 09:51:49,538 [ForkJoinPool.commonPool-worker-1] INFO  server.AbstractConnector (AbstractConnector.java:doStop(318)) - Stopped ServerConnector@e81cd81{HTTP/1.1,[http/1.1]}{0.0.0.0:0}
2019-09-19 09:51:49,539 [ForkJoinPool.commonPool-worker-1] INFO  handler.ContextHandler (ContextHandler.java:doStop(910)) - Stopped o.e.j.s.ServletContextHandler@3475ff60{/static,jar:file:/home/user/.m2/repository/org/apache/hadoop/hadoop-hdds-container-service/0.5.0-SNAPSHOT/hadoop-hdds-container-service-0.5.0-SNAPSHOT.jar!/webapps/static,UNAVAILABLE}
2019-09-19 09:51:49,540 [ForkJoinPool.commonPool-worker-1] INFO  handler.ContextHandler (ContextHandler.java:doStop(910)) - Stopped o.e.j.s.ServletContextHandler@1abbab4{/logs,file:///workdir/hadoop-ozone/ozonefs/target/log,UNAVAILABLE}
2019-09-19 09:51:49,541 [Thread-536] INFO  ozone.MiniOzoneClusterImpl (MiniOzoneClusterImpl.java:stop(353)) - Stopping the StorageContainerManager
2019-09-19 09:51:49,541 [Thread-536] INFO  server.StorageContainerManager (StorageContainerManager.java:stop(797)) - Stopping Replication Manager Service.
2019-09-19 09:51:49,541 [Thread-536] INFO  container.ReplicationManager (ReplicationManager.java:stop(192)) - Stopping Replication Monitor Thread.
2019-09-19 09:51:49,542 [Thread-536] INFO  server.StorageContainerManager (StorageContainerManager.java:stop(804)) - Stopping Lease Manager of the command watchers
2019-09-19 09:51:49,542 [Thread-536] INFO  server.StorageContainerManager (StorageContainerManager.java:stop(811)) - Stopping datanode service RPC server
2019-09-19 09:51:49,542 [Thread-536] INFO  server.SCMDatanodeProtocolServer (SCMDatanodeProtocolServer.java:stop(367)) - Stopping the RPC server for DataNodes
2019-09-19 09:51:49,542 [Thread-536] INFO  ipc.Server (Server.java:stop(3082)) - Stopping server on 39690
2019-09-19 09:51:49,543 [IPC Server listener on 39690] INFO  ipc.Server (Server.java:run(1185)) - Stopping IPC Server listener on 39690
2019-09-19 09:51:49,543 [IPC Server Responder] INFO  ipc.Server (Server.java:run(1319)) - Stopping IPC Server Responder
2019-09-19 09:51:49,640 [SCM Heartbeat Processing Thread - 0] WARN  node.NodeStateManager (NodeStateManager.java:scheduleNextHealthCheck(655)) - Current Thread is interrupted, shutting down HB processing thread for Node Manager.
2019-09-19 09:51:49,641 [Thread-536] INFO  server.StorageContainerManager (StorageContainerManager.java:stop(819)) - Stopping block service RPC server
2019-09-19 09:51:49,641 [Thread-536] INFO  server.SCMBlockProtocolServer (SCMBlockProtocolServer.java:stop(148)) - Stopping the RPC server for Block Protocol
2019-09-19 09:51:49,641 [Thread-536] INFO  ipc.Server (Server.java:stop(3082)) - Stopping server on 33071
2019-09-19 09:51:49,643 [IPC Server listener on 33071] INFO  ipc.Server (Server.java:run(1185)) - Stopping IPC Server listener on 33071
2019-09-19 09:51:49,643 [Thread-536] INFO  server.StorageContainerManager (StorageContainerManager.java:stop(826)) - Stopping the StorageContainerLocationProtocol RPC server
2019-09-19 09:51:49,643 [IPC Server Responder] INFO  ipc.Server (Server.java:run(1319)) - Stopping IPC Server Responder
2019-09-19 09:51:49,644 [Thread-536] INFO  server.SCMClientProtocolServer (SCMClientProtocolServer.java:stop(159)) - Stopping the RPC server for Client Protocol
2019-09-19 09:51:49,645 [Thread-536] INFO  ipc.Server (Server.java:stop(3082)) - Stopping server on 39250
2019-09-19 09:51:49,647 [IPC Server listener on 39250] INFO  ipc.Server (Server.java:run(1185)) - Stopping IPC Server listener on 39250
2019-09-19 09:51:49,647 [Thread-536] INFO  server.StorageContainerManager (StorageContainerManager.java:stop(833)) - Stopping Storage Container Manager HTTP server.
2019-09-19 09:51:49,647 [IPC Server Responder] INFO  ipc.Server (Server.java:run(1319)) - Stopping IPC Server Responder
2019-09-19 09:51:49,650 [Thread-536] INFO  handler.ContextHandler (ContextHandler.java:doStop(910)) - Stopped o.e.j.w.WebAppContext@7f017e5a{/,null,UNAVAILABLE}{/scm}
2019-09-19 09:51:49,651 [Thread-536] INFO  server.AbstractConnector (AbstractConnector.java:doStop(318)) - Stopped ServerConnector@817babc{HTTP/1.1,[http/1.1]}{0.0.0.0:0}
2019-09-19 09:51:49,651 [Thread-536] INFO  handler.ContextHandler (ContextHandler.java:doStop(910)) - Stopped o.e.j.s.ServletContextHandler@647e450d{/static,jar:file:/home/user/.m2/repository/org/apache/hadoop/hadoop-hdds-server-scm/0.5.0-SNAPSHOT/hadoop-hdds-server-scm-0.5.0-SNAPSHOT.jar!/webapps/static,UNAVAILABLE}
2019-09-19 09:51:49,651 [Thread-536] INFO  handler.ContextHandler (ContextHandler.java:doStop(910)) - Stopped o.e.j.s.ServletContextHandler@7d32e07a{/logs,file:///workdir/hadoop-ozone/ozonefs/target/log,UNAVAILABLE}
2019-09-19 09:51:49,652 [Thread-536] INFO  server.StorageContainerManager (StorageContainerManager.java:stop(844)) - Stopping Block Manager Service.
2019-09-19 09:51:49,652 [Thread-536] INFO  utils.BackgroundService (BackgroundService.java:shutdown(148)) - Shutting down service SCMBlockDeletingService
2019-09-19 09:51:49,653 [Thread-536] INFO  utils.BackgroundService (BackgroundService.java:shutdown(148)) - Shutting down service SCMBlockDeletingService
2019-09-19 09:51:49,653 [Thread-536] INFO  server.StorageContainerManager (StorageContainerManager.java:stop(866)) - Stopping SCM Event Queue.
2019-09-19 09:51:49,657 [Thread-536] INFO  impl.MetricsSystemImpl (MetricsSystemImpl.java:stop(210)) - Stopping HddsDatanode metrics system...
2019-09-19 09:51:49,666 [Thread-536] INFO  impl.MetricsSystemImpl (MetricsSystemImpl.java:stop(216)) - HddsDatanode metrics system stopped.
]]></system-out>
    <system-err><![CDATA[Sep 19, 2019 9:51:33 AM com.sun.jersey.server.impl.application.WebApplicationImpl _initiate
INFO: Initiating Jersey application, version 'Jersey: 1.19 02/11/2015 03:25 AM'
Sep 19, 2019 9:51:33 AM com.sun.jersey.server.impl.application.WebApplicationImpl _initiate
INFO: Initiating Jersey application, version 'Jersey: 1.19 02/11/2015 03:25 AM'
Sep 19, 2019 9:51:33 AM com.sun.jersey.server.impl.application.WebApplicationImpl _initiate
INFO: Initiating Jersey application, version 'Jersey: 1.19 02/11/2015 03:25 AM'
Sep 19, 2019 9:51:39 AM com.sun.jersey.server.impl.application.WebApplicationImpl _initiate
INFO: Initiating Jersey application, version 'Jersey: 1.19 02/11/2015 03:25 AM'
]]></system-err>
  </testcase>
  <testcase name="testListStatus" classname="org.apache.hadoop.fs.ozone.TestOzoneFileSystem" time="17.638">
    <error message="Allocated 0 blocks. Requested 1 blocks" type="INTERNAL_ERROR org.apache.hadoop.ozone.om.exceptions.OMException">INTERNAL_ERROR org.apache.hadoop.ozone.om.exceptions.OMException: Allocated 0 blocks. Requested 1 blocks
	at org.apache.hadoop.ozone.om.protocolPB.OzoneManagerProtocolClientSideTranslatorPB.handleError(OzoneManagerProtocolClientSideTranslatorPB.java:725)
	at org.apache.hadoop.ozone.om.protocolPB.OzoneManagerProtocolClientSideTranslatorPB.createFile(OzoneManagerProtocolClientSideTranslatorPB.java:1474)
	at org.apache.hadoop.ozone.client.rpc.RpcClient.createFile(RpcClient.java:984)
	at org.apache.hadoop.ozone.client.OzoneBucket.createFile(OzoneBucket.java:535)
	at org.apache.hadoop.fs.ozone.BasicOzoneClientAdapterImpl.createFile(BasicOzoneClientAdapterImpl.java:181)
	at org.apache.hadoop.fs.ozone.BasicOzoneFileSystem.createOutputStream(BasicOzoneFileSystem.java:249)
	at org.apache.hadoop.fs.ozone.BasicOzoneFileSystem.create(BasicOzoneFileSystem.java:230)
	at org.apache.hadoop.fs.FileSystem.create(FileSystem.java:1118)
	at org.apache.hadoop.fs.FileSystem.create(FileSystem.java:1098)
	at org.apache.hadoop.fs.FileSystem.create(FileSystem.java:987)
	at org.apache.hadoop.fs.contract.ContractTestUtils.createFile(ContractTestUtils.java:633)
	at org.apache.hadoop.fs.contract.ContractTestUtils.touch(ContractTestUtils.java:669)
	at org.apache.hadoop.fs.ozone.TestOzoneFileSystem.testListStatus(TestOzoneFileSystem.java:179)
	at sun.reflect.NativeMethodAccessorImpl.invoke0(Native Method)
	at sun.reflect.NativeMethodAccessorImpl.invoke(NativeMethodAccessorImpl.java:62)
	at sun.reflect.DelegatingMethodAccessorImpl.invoke(DelegatingMethodAccessorImpl.java:43)
	at java.lang.reflect.Method.invoke(Method.java:498)
	at org.junit.runners.model.FrameworkMethod$1.runReflectiveCall(FrameworkMethod.java:47)
	at org.junit.internal.runners.model.ReflectiveCallable.run(ReflectiveCallable.java:12)
	at org.junit.runners.model.FrameworkMethod.invokeExplosively(FrameworkMethod.java:44)
	at org.junit.internal.runners.statements.InvokeMethod.evaluate(InvokeMethod.java:17)
	at org.junit.internal.runners.statements.RunBefores.evaluate(RunBefores.java:26)
	at org.junit.internal.runners.statements.RunAfters.evaluate(RunAfters.java:27)
	at org.junit.internal.runners.statements.FailOnTimeout$StatementThread.run(FailOnTimeout.java:74)
</error>
    <system-out><![CDATA[2019-09-19 09:51:49,723 [Thread-802] WARN  server.ServerUtils (ServerUtils.java:getScmDbDir(145)) - ozone.scm.db.dirs is not configured. We recommend adding this setting. Falling back to ozone.metadata.dirs instead.
2019-09-19 09:51:49,739 [Thread-802] WARN  server.ServerUtils (ServerUtils.java:getScmDbDir(145)) - ozone.scm.db.dirs is not configured. We recommend adding this setting. Falling back to ozone.metadata.dirs instead.
2019-09-19 09:51:49,739 [Thread-802] WARN  server.ServerUtils (ServerUtils.java:getScmDbDir(145)) - ozone.scm.db.dirs is not configured. We recommend adding this setting. Falling back to ozone.metadata.dirs instead.
2019-09-19 09:51:49,740 [Thread-802] INFO  db.DBStoreBuilder (DBStoreBuilder.java:addTable(110)) - using custom profile for table: deletedBlocks
2019-09-19 09:51:49,740 [Thread-802] INFO  db.DBStoreBuilder (DBStoreBuilder.java:processTables(161)) - Using default column profile:DBProfile.DISK for Table:deletedBlocks
2019-09-19 09:51:49,741 [Thread-802] INFO  db.DBStoreBuilder (DBStoreBuilder.java:addTable(110)) - using custom profile for table: validCerts
2019-09-19 09:51:49,741 [Thread-802] INFO  db.DBStoreBuilder (DBStoreBuilder.java:processTables(161)) - Using default column profile:DBProfile.DISK for Table:validCerts
2019-09-19 09:51:49,741 [Thread-802] INFO  db.DBStoreBuilder (DBStoreBuilder.java:addTable(110)) - using custom profile for table: revokedCerts
2019-09-19 09:51:49,742 [Thread-802] INFO  db.DBStoreBuilder (DBStoreBuilder.java:processTables(161)) - Using default column profile:DBProfile.DISK for Table:revokedCerts
2019-09-19 09:51:49,742 [Thread-802] INFO  db.DBStoreBuilder (DBStoreBuilder.java:addTable(110)) - using custom profile for table: default
2019-09-19 09:51:49,742 [Thread-802] INFO  db.DBStoreBuilder (DBStoreBuilder.java:processTables(167)) - Using default column profile:DBProfile.DISK for Table:default
2019-09-19 09:51:49,742 [Thread-802] INFO  db.DBStoreBuilder (DBStoreBuilder.java:getDbProfile(198)) - Using default options. DBProfile.DISK
2019-09-19 09:51:49,897 [Thread-802] INFO  net.NodeSchemaLoader (NodeSchemaLoader.java:loadSchemaFromFile(125)) - Loading file from sun.misc.CompoundEnumeration@66d9902
2019-09-19 09:51:49,897 [Thread-802] INFO  net.NodeSchemaLoader (NodeSchemaLoader.java:loadSchema(171)) - Loading network topology layer schema file
2019-09-19 09:51:49,901 [Thread-802] WARN  server.ServerUtils (ServerUtils.java:sanitizeUserArgs(70)) - ozone.scm.stale.node.interval value = 300000 is larger than max = 100000 based on the key value of ozone.scm.heartbeat.thread.interval, reset to the max value 100000.
2019-09-19 09:51:49,902 [Thread-802] WARN  server.ServerUtils (ServerUtils.java:sanitizeUserArgs(70)) - ozone.scm.stale.node.interval value = 300000 is larger than max = 100000 based on the key value of ozone.scm.heartbeat.thread.interval, reset to the max value 100000.
2019-09-19 09:51:49,902 [Thread-802] INFO  node.SCMNodeManager (SCMNodeManager.java:<init>(121)) - Entering startup safe mode.
2019-09-19 09:51:49,902 [Thread-802] INFO  algorithms.ContainerPlacementPolicyFactory (ContainerPlacementPolicyFactory.java:getPolicy(56)) - Create container placement policy of type org.apache.hadoop.hdds.scm.container.placement.algorithms.SCMContainerPlacementRandom
2019-09-19 09:51:49,903 [Thread-802] WARN  server.ServerUtils (ServerUtils.java:getScmDbDir(145)) - ozone.scm.db.dirs is not configured. We recommend adding this setting. Falling back to ozone.metadata.dirs instead.
2019-09-19 09:51:49,932 [Thread-802] INFO  pipeline.SCMPipelineManager (SCMPipelineManager.java:initializePipelineState(126)) - No pipeline exists in current db
2019-09-19 09:51:49,932 [Thread-802] WARN  server.ServerUtils (ServerUtils.java:getScmDbDir(145)) - ozone.scm.db.dirs is not configured. We recommend adding this setting. Falling back to ozone.metadata.dirs instead.
2019-09-19 09:51:49,953 [Thread-802] WARN  events.EventQueue (EventQueue.java:fireEvent(175)) - No event handler registered for event TypedEvent{payloadType=SafeModeStatus, name='SafeModeStatus'}
2019-09-19 09:51:49,954 [Thread-802] INFO  ipc.CallQueueManager (CallQueueManager.java:<init>(84)) - Using callQueue: class java.util.concurrent.LinkedBlockingQueue, queueCapacity: 2000, scheduler: class org.apache.hadoop.ipc.DefaultRpcScheduler, ipcBackoff: false.
2019-09-19 09:51:49,955 [Socket Reader #1 for port 45755] INFO  ipc.Server (Server.java:run(1074)) - Starting Socket Reader #1 for port 45755
2019-09-19 09:51:49,957 [Thread-802] INFO  ipc.CallQueueManager (CallQueueManager.java:<init>(84)) - Using callQueue: class java.util.concurrent.LinkedBlockingQueue, queueCapacity: 2000, scheduler: class org.apache.hadoop.ipc.DefaultRpcScheduler, ipcBackoff: false.
2019-09-19 09:51:49,958 [Socket Reader #1 for port 45357] INFO  ipc.Server (Server.java:run(1074)) - Starting Socket Reader #1 for port 45357
2019-09-19 09:51:49,959 [Thread-802] INFO  ipc.CallQueueManager (CallQueueManager.java:<init>(84)) - Using callQueue: class java.util.concurrent.LinkedBlockingQueue, queueCapacity: 2000, scheduler: class org.apache.hadoop.ipc.DefaultRpcScheduler, ipcBackoff: false.
2019-09-19 09:51:49,960 [Socket Reader #1 for port 35034] INFO  ipc.Server (Server.java:run(1074)) - Starting Socket Reader #1 for port 35034
2019-09-19 09:51:49,962 [Thread-802] INFO  hdfs.DFSUtil (DFSUtil.java:httpServerTemplateForNNAndJN(1641)) - Starting Web-server for scm at: http://0.0.0.0:0
2019-09-19 09:51:49,964 [Thread-802] INFO  server.AuthenticationFilter (AuthenticationFilter.java:constructSecretProvider(240)) - Unable to initialize FileSignerSecretProvider, falling back to use random secrets.
2019-09-19 09:51:49,966 [Thread-802] WARN  http.HttpRequestLog (HttpRequestLog.java:getRequestLog(97)) - Jetty request log can only be enabled using Log4j
2019-09-19 09:51:49,968 [Thread-802] INFO  http.HttpServer2 (HttpServer2.java:addGlobalFilter(975)) - Added global filter 'safety' (class=org.apache.hadoop.http.HttpServer2$QuotingInputFilter)
2019-09-19 09:51:49,969 [Thread-802] INFO  http.HttpServer2 (HttpServer2.java:addFilter(948)) - Added filter static_user_filter (class=org.apache.hadoop.http.lib.StaticUserWebFilter$StaticUserFilter) to context scm
2019-09-19 09:51:49,969 [Thread-802] INFO  http.HttpServer2 (HttpServer2.java:addFilter(958)) - Added filter static_user_filter (class=org.apache.hadoop.http.lib.StaticUserWebFilter$StaticUserFilter) to context logs
2019-09-19 09:51:49,969 [Thread-802] INFO  http.HttpServer2 (HttpServer2.java:addFilter(958)) - Added filter static_user_filter (class=org.apache.hadoop.http.lib.StaticUserWebFilter$StaticUserFilter) to context static
2019-09-19 09:51:49,971 [Thread-802] INFO  server.StorageContainerManager (StorageContainerManager.java:start(759)) - StorageContainerLocationProtocol RPC server is listening at /0.0.0.0:35034
2019-09-19 09:51:49,972 [Thread-802] WARN  impl.MetricsConfig (MetricsConfig.java:loadFirst(134)) - Cannot locate configuration: tried hadoop-metrics2-storagecontainermanager.properties,hadoop-metrics2.properties
2019-09-19 09:51:49,974 [Thread-802] INFO  impl.MetricsSystemImpl (MetricsSystemImpl.java:startTimer(374)) - Scheduled Metric snapshot period at 10 second(s).
2019-09-19 09:51:49,975 [Thread-802] INFO  impl.MetricsSystemImpl (MetricsSystemImpl.java:start(191)) - StorageContainerManager metrics system started
2019-09-19 09:51:50,013 [Thread-802] INFO  server.SCMClientProtocolServer (SCMClientProtocolServer.java:start(151)) - RPC server for Client  is listening at /0.0.0.0:35034
2019-09-19 09:51:50,013 [IPC Server Responder] INFO  ipc.Server (Server.java:run(1314)) - IPC Server Responder: starting
2019-09-19 09:51:50,013 [IPC Server listener on 35034] INFO  ipc.Server (Server.java:run(1153)) - IPC Server listener on 35034: starting
2019-09-19 09:51:50,017 [Thread-802] INFO  server.StorageContainerManager (StorageContainerManager.java:start(769)) - ScmBlockLocationProtocol RPC server is listening at /0.0.0.0:45357
2019-09-19 09:51:50,017 [Thread-802] INFO  server.SCMBlockProtocolServer (SCMBlockProtocolServer.java:start(140)) - RPC server for Block Protocol is listening at /0.0.0.0:45357
2019-09-19 09:51:50,018 [IPC Server Responder] INFO  ipc.Server (Server.java:run(1314)) - IPC Server Responder: starting
2019-09-19 09:51:50,018 [IPC Server listener on 45357] INFO  ipc.Server (Server.java:run(1153)) - IPC Server listener on 45357: starting
2019-09-19 09:51:50,021 [Thread-802] INFO  server.StorageContainerManager (StorageContainerManager.java:start(773)) - ScmDatanodeProtocl RPC server is listening at /0.0.0.0:45755
2019-09-19 09:51:50,022 [Thread-802] INFO  server.SCMDatanodeProtocolServer (SCMDatanodeProtocolServer.java:start(191)) - RPC server for DataNodes is listening at /0.0.0.0:45755
2019-09-19 09:51:50,022 [IPC Server Responder] INFO  ipc.Server (Server.java:run(1314)) - IPC Server Responder: starting
2019-09-19 09:51:50,022 [IPC Server listener on 45755] INFO  ipc.Server (Server.java:run(1153)) - IPC Server listener on 45755: starting
2019-09-19 09:51:50,026 [Thread-802] INFO  http.HttpServer2 (HttpServer2.java:bindListener(1191)) - Jetty bound to port 45946
2019-09-19 09:51:50,026 [Thread-802] INFO  server.Server (Server.java:doStart(351)) - jetty-9.3.24.v20180605, build timestamp: 2018-06-05T17:11:56Z, git hash: 84205aa28f11a4f31f2a3b86d1bba2cc8ab69827
2019-09-19 09:51:50,029 [Thread-802] INFO  handler.ContextHandler (ContextHandler.java:doStart(781)) - Started o.e.j.s.ServletContextHandler@60487548{/logs,file:///workdir/hadoop-ozone/ozonefs/target/log,AVAILABLE}
2019-09-19 09:51:50,029 [Thread-802] INFO  handler.ContextHandler (ContextHandler.java:doStart(781)) - Started o.e.j.s.ServletContextHandler@20491e78{/static,jar:file:/home/user/.m2/repository/org/apache/hadoop/hadoop-hdds-server-scm/0.5.0-SNAPSHOT/hadoop-hdds-server-scm-0.5.0-SNAPSHOT.jar!/webapps/static,AVAILABLE}
2019-09-19 09:51:50,071 [Thread-802] INFO  handler.ContextHandler (ContextHandler.java:doStart(781)) - Started o.e.j.w.WebAppContext@7438eaa4{/,file:///tmp/jetty-0.0.0.0-45946-scm-_-any-4264955215285845811.dir/webapp/,AVAILABLE}{/scm}
2019-09-19 09:51:50,071 [Thread-802] INFO  server.AbstractConnector (AbstractConnector.java:doStart(278)) - Started ServerConnector@342bc2c3{HTTP/1.1,[http/1.1]}{0.0.0.0:45946}
2019-09-19 09:51:50,072 [Thread-802] INFO  server.Server (Server.java:doStart(419)) - Started @59446ms
2019-09-19 09:51:50,073 [Thread-802] INFO  server.BaseHttpServer (BaseHttpServer.java:updateConnectorAddress(213)) - HTTP server of SCM is listening at http://0.0.0.0:45946
2019-09-19 09:51:50,074 [Thread-802] WARN  server.ServerUtils (ServerUtils.java:getDBPath(222)) - ozone.om.db.dirs is not configured. We recommend adding this setting. Falling back to ozone.metadata.dirs instead.
2019-09-19 09:51:50,075 [org.apache.hadoop.util.JvmPauseMonitor$Monitor@423fd250] INFO  util.JvmPauseMonitor (JvmPauseMonitor.java:run(188)) - Starting JVM pause monitor
2019-09-19 09:51:50,089 [Thread-802] WARN  server.ServerUtils (ServerUtils.java:getDBPath(222)) - ozone.om.db.dirs is not configured. We recommend adding this setting. Falling back to ozone.metadata.dirs instead.
2019-09-19 09:51:50,090 [Thread-802] WARN  server.ServerUtils (ServerUtils.java:getDBPath(222)) - ozone.om.db.dirs is not configured. We recommend adding this setting. Falling back to ozone.metadata.dirs instead.
2019-09-19 09:51:50,090 [Thread-802] INFO  om.OzoneManager (OzoneManager.java:setOMNodeDetails(645)) - OM Service ID is not set. Setting it to the default ID: omServiceIdDefault
2019-09-19 09:51:50,090 [Thread-802] INFO  om.OzoneManager (OzoneManager.java:setOMNodeDetails(651)) - OM Node ID is not set. Setting it to the OmStorage's OmID: fe89b6cc-cf0e-41aa-b754-f444da902d18
2019-09-19 09:51:50,091 [Thread-802] INFO  om.OzoneManager (OzoneManager.java:loadOMHAConfigs(602)) - Found matching OM address with OMServiceId: null, OMNodeId: null, RPC Address: localhost:0 and Ratis port: 9872
2019-09-19 09:51:50,096 | INFO  | SCMAudit | user=jenkins1000 | ip=192.168.34.5 | op=GET_SCM_INFO null | ret=SUCCESS |  
2019-09-19 09:51:50,099 [Thread-802] WARN  server.ServerUtils (ServerUtils.java:getDBPath(222)) - ozone.om.db.dirs is not configured. We recommend adding this setting. Falling back to ozone.metadata.dirs instead.
2019-09-19 09:51:50,099 [Thread-802] INFO  db.DBStoreBuilder (DBStoreBuilder.java:addTable(110)) - using custom profile for table: userTable
2019-09-19 09:51:50,100 [Thread-802] INFO  db.DBStoreBuilder (DBStoreBuilder.java:processTables(161)) - Using default column profile:DBProfile.DISK for Table:userTable
2019-09-19 09:51:50,100 [Thread-802] INFO  db.DBStoreBuilder (DBStoreBuilder.java:addTable(110)) - using custom profile for table: volumeTable
2019-09-19 09:51:50,100 [Thread-802] INFO  db.DBStoreBuilder (DBStoreBuilder.java:processTables(161)) - Using default column profile:DBProfile.DISK for Table:volumeTable
2019-09-19 09:51:50,100 [Thread-802] INFO  db.DBStoreBuilder (DBStoreBuilder.java:addTable(110)) - using custom profile for table: bucketTable
2019-09-19 09:51:50,101 [Thread-802] INFO  db.DBStoreBuilder (DBStoreBuilder.java:processTables(161)) - Using default column profile:DBProfile.DISK for Table:bucketTable
2019-09-19 09:51:50,101 [Thread-802] INFO  db.DBStoreBuilder (DBStoreBuilder.java:addTable(110)) - using custom profile for table: keyTable
2019-09-19 09:51:50,101 [Thread-802] INFO  db.DBStoreBuilder (DBStoreBuilder.java:processTables(161)) - Using default column profile:DBProfile.DISK for Table:keyTable
2019-09-19 09:51:50,101 [Thread-802] INFO  db.DBStoreBuilder (DBStoreBuilder.java:addTable(110)) - using custom profile for table: deletedTable
2019-09-19 09:51:50,102 [Thread-802] INFO  db.DBStoreBuilder (DBStoreBuilder.java:processTables(161)) - Using default column profile:DBProfile.DISK for Table:deletedTable
2019-09-19 09:51:50,102 [Thread-802] INFO  db.DBStoreBuilder (DBStoreBuilder.java:addTable(110)) - using custom profile for table: openKeyTable
2019-09-19 09:51:50,102 [Thread-802] INFO  db.DBStoreBuilder (DBStoreBuilder.java:processTables(161)) - Using default column profile:DBProfile.DISK for Table:openKeyTable
2019-09-19 09:51:50,102 [Thread-802] INFO  db.DBStoreBuilder (DBStoreBuilder.java:addTable(110)) - using custom profile for table: s3Table
2019-09-19 09:51:50,102 [Thread-802] INFO  db.DBStoreBuilder (DBStoreBuilder.java:processTables(161)) - Using default column profile:DBProfile.DISK for Table:s3Table
2019-09-19 09:51:50,103 [Thread-802] INFO  db.DBStoreBuilder (DBStoreBuilder.java:addTable(110)) - using custom profile for table: multipartInfoTable
2019-09-19 09:51:50,103 [Thread-802] INFO  db.DBStoreBuilder (DBStoreBuilder.java:processTables(161)) - Using default column profile:DBProfile.DISK for Table:multipartInfoTable
2019-09-19 09:51:50,103 [Thread-802] INFO  db.DBStoreBuilder (DBStoreBuilder.java:addTable(110)) - using custom profile for table: dTokenTable
2019-09-19 09:51:50,103 [Thread-802] INFO  db.DBStoreBuilder (DBStoreBuilder.java:processTables(161)) - Using default column profile:DBProfile.DISK for Table:dTokenTable
2019-09-19 09:51:50,104 [Thread-802] INFO  db.DBStoreBuilder (DBStoreBuilder.java:addTable(110)) - using custom profile for table: s3SecretTable
2019-09-19 09:51:50,104 [Thread-802] INFO  db.DBStoreBuilder (DBStoreBuilder.java:processTables(161)) - Using default column profile:DBProfile.DISK for Table:s3SecretTable
2019-09-19 09:51:50,104 [Thread-802] INFO  db.DBStoreBuilder (DBStoreBuilder.java:addTable(110)) - using custom profile for table: prefixTable
2019-09-19 09:51:50,104 [Thread-802] INFO  db.DBStoreBuilder (DBStoreBuilder.java:processTables(161)) - Using default column profile:DBProfile.DISK for Table:prefixTable
2019-09-19 09:51:50,105 [Thread-802] INFO  db.DBStoreBuilder (DBStoreBuilder.java:addTable(110)) - using custom profile for table: default
2019-09-19 09:51:50,105 [Thread-802] INFO  db.DBStoreBuilder (DBStoreBuilder.java:processTables(167)) - Using default column profile:DBProfile.DISK for Table:default
2019-09-19 09:51:50,105 [Thread-802] INFO  db.DBStoreBuilder (DBStoreBuilder.java:getDbProfile(198)) - Using default options. DBProfile.DISK
2019-09-19 09:51:50,620 [Thread-802] INFO  ipc.CallQueueManager (CallQueueManager.java:<init>(84)) - Using callQueue: class java.util.concurrent.LinkedBlockingQueue, queueCapacity: 2000, scheduler: class org.apache.hadoop.ipc.DefaultRpcScheduler, ipcBackoff: false.
2019-09-19 09:51:50,621 [Socket Reader #1 for port 40105] INFO  ipc.Server (Server.java:run(1074)) - Starting Socket Reader #1 for port 40105
2019-09-19 09:51:50,648 [Thread-802] INFO  om.OzoneManager (OzoneManager.java:start(1256)) - OzoneManager RPC server is listening at localhost/127.0.0.1:40105
2019-09-19 09:51:50,648 [Thread-802] INFO  impl.MetricsSystemImpl (MetricsSystemImpl.java:init(158)) - OzoneManager metrics system started (again)
2019-09-19 09:51:50,649 [IPC Server Responder] INFO  ipc.Server (Server.java:run(1314)) - IPC Server Responder: starting
2019-09-19 09:51:50,649 [IPC Server listener on 40105] INFO  ipc.Server (Server.java:run(1153)) - IPC Server listener on 40105: starting
2019-09-19 09:51:50,655 [Thread-802] INFO  hdfs.DFSUtil (DFSUtil.java:httpServerTemplateForNNAndJN(1641)) - Starting Web-server for ozoneManager at: http://0.0.0.0:0
2019-09-19 09:51:50,657 [Thread-802] INFO  server.AuthenticationFilter (AuthenticationFilter.java:constructSecretProvider(240)) - Unable to initialize FileSignerSecretProvider, falling back to use random secrets.
2019-09-19 09:51:50,658 [Thread-802] WARN  http.HttpRequestLog (HttpRequestLog.java:getRequestLog(97)) - Jetty request log can only be enabled using Log4j
2019-09-19 09:51:50,660 [Thread-802] INFO  http.HttpServer2 (HttpServer2.java:addGlobalFilter(975)) - Added global filter 'safety' (class=org.apache.hadoop.http.HttpServer2$QuotingInputFilter)
2019-09-19 09:51:50,661 [Thread-802] INFO  http.HttpServer2 (HttpServer2.java:addFilter(948)) - Added filter static_user_filter (class=org.apache.hadoop.http.lib.StaticUserWebFilter$StaticUserFilter) to context ozoneManager
2019-09-19 09:51:50,661 [Thread-802] INFO  http.HttpServer2 (HttpServer2.java:addFilter(958)) - Added filter static_user_filter (class=org.apache.hadoop.http.lib.StaticUserWebFilter$StaticUserFilter) to context logs
2019-09-19 09:51:50,661 [Thread-802] INFO  http.HttpServer2 (HttpServer2.java:addFilter(958)) - Added filter static_user_filter (class=org.apache.hadoop.http.lib.StaticUserWebFilter$StaticUserFilter) to context static
2019-09-19 09:51:50,662 [Thread-802] INFO  http.HttpServer2 (HttpServer2.java:bindListener(1191)) - Jetty bound to port 40851
2019-09-19 09:51:50,662 [Thread-802] INFO  server.Server (Server.java:doStart(351)) - jetty-9.3.24.v20180605, build timestamp: 2018-06-05T17:11:56Z, git hash: 84205aa28f11a4f31f2a3b86d1bba2cc8ab69827
2019-09-19 09:51:50,664 [Thread-802] INFO  handler.ContextHandler (ContextHandler.java:doStart(781)) - Started o.e.j.s.ServletContextHandler@646fb04b{/logs,file:///workdir/hadoop-ozone/ozonefs/target/log,AVAILABLE}
2019-09-19 09:51:50,664 [Thread-802] INFO  handler.ContextHandler (ContextHandler.java:doStart(781)) - Started o.e.j.s.ServletContextHandler@533f337a{/static,jar:file:/home/user/.m2/repository/org/apache/hadoop/hadoop-ozone-ozone-manager/0.5.0-SNAPSHOT/hadoop-ozone-ozone-manager-0.5.0-SNAPSHOT.jar!/webapps/static,AVAILABLE}
2019-09-19 09:51:50,710 [Thread-802] INFO  handler.ContextHandler (ContextHandler.java:doStart(781)) - Started o.e.j.w.WebAppContext@4010ad53{/,file:///tmp/jetty-0.0.0.0-40851-ozoneManager-_-any-4237988089270928899.dir/webapp/,AVAILABLE}{/ozoneManager}
2019-09-19 09:51:50,710 [Thread-802] INFO  server.AbstractConnector (AbstractConnector.java:doStart(278)) - Started ServerConnector@557049a9{HTTP/1.1,[http/1.1]}{0.0.0.0:40851}
2019-09-19 09:51:50,711 [Thread-802] INFO  server.Server (Server.java:doStart(419)) - Started @60084ms
2019-09-19 09:51:50,712 [Thread-802] INFO  server.BaseHttpServer (BaseHttpServer.java:updateConnectorAddress(213)) - HTTP server of OZONEMANAGER is listening at http://0.0.0.0:40851
2019-09-19 09:51:50,723 [Thread-802] INFO  impl.MetricsSystemImpl (MetricsSystemImpl.java:init(158)) - HddsDatanode metrics system started (again)
2019-09-19 09:51:50,726 [Thread-802] INFO  ozone.HddsDatanodeService (HddsDatanodeService.java:start(184)) - HddsDatanodeService host:pr-hdds-1569-j4bt4-3030777008 ip:192.168.34.5
2019-09-19 09:51:50,734 [Thread-802] INFO  volume.HddsVolume (HddsVolume.java:<init>(176)) - Creating Volume: /workdir/hadoop-ozone/ozonefs/target/test-dir/MiniOzoneClusterImpl-ef25c7d6-713f-480d-a3e2-ca8e4934b2a4/datanode-0/data/containers/hdds of  storage type : DISK and capacity : 1482555576320
2019-09-19 09:51:50,735 [Thread-802] INFO  volume.VolumeSet (VolumeSet.java:initializeVolumeSet(170)) - Added Volume : /workdir/hadoop-ozone/ozonefs/target/test-dir/MiniOzoneClusterImpl-ef25c7d6-713f-480d-a3e2-ca8e4934b2a4/datanode-0/data/containers/hdds to VolumeSet
2019-09-19 09:51:50,735 [Thread-802] INFO  volume.ThrottledAsyncChecker (ThrottledAsyncChecker.java:schedule(140)) - Scheduling a check for org.apache.hadoop.ozone.container.common.volume.HddsVolume@1d16bec2
2019-09-19 09:51:50,736 [Thread-802] INFO  volume.HddsVolumeChecker (HddsVolumeChecker.java:checkAllVolumes(203)) - Scheduled health check for volume org.apache.hadoop.ozone.container.common.volume.HddsVolume@1d16bec2
2019-09-19 09:51:50,756 [Thread-802] INFO  impl.RaftServerProxy (ConfUtils.java:logGet(43)) - raft.rpc.type = GRPC (default)
2019-09-19 09:51:50,757 [Thread-802] INFO  grpc.GrpcFactory (GrpcFactory.java:checkPooledByteBufAllocatorUseCacheForAllThreads(45)) - PERFORMANCE WARNING: useCacheForAllThreads is true that may cause Netty to create a lot garbage objects and, as a result, trigger GC.
	It is recommended to disable useCacheForAllThreads by setting -Dorg.apache.ratis.thirdparty.io.netty.allocator.useCacheForAllThreads=false in command line.
2019-09-19 09:51:50,757 [Thread-802] INFO  grpc.GrpcConfigKeys$Server (ConfUtils.java:logGet(43)) - raft.grpc.server.port = 0 (default)
2019-09-19 09:51:50,757 [Thread-802] INFO  server.GrpcService (ConfUtils.java:logGet(43)) - raft.grpc.message.size.max = 33570816 (custom)
2019-09-19 09:51:50,757 [Thread-802] INFO  server.RaftServerConfigKeys (ConfUtils.java:logGet(43)) - raft.server.log.appender.buffer.byte-limit = 33554432 (custom)
2019-09-19 09:51:50,757 [Thread-802] INFO  server.GrpcService (ConfUtils.java:logGet(43)) - raft.grpc.flow.control.window = 1MB (=1048576) (default)
2019-09-19 09:51:50,758 [Thread-802] INFO  server.RaftServerConfigKeys (ConfUtils.java:logGet(43)) - raft.server.rpc.request.timeout = 3000ms (default)
2019-09-19 09:51:50,758 [Thread-802] INFO  server.RaftServerConfigKeys (ConfUtils.java:logGet(43)) - raft.server.storage.dir = [/workdir/hadoop-ozone/ozonefs/target/test-dir/MiniOzoneClusterImpl-ef25c7d6-713f-480d-a3e2-ca8e4934b2a4/datanode-0/data/ratis] (custom)
2019-09-19 09:51:50,759 [Thread-802] INFO  replication.SimpleContainerDownloader (SimpleContainerDownloader.java:<init>(72)) - Starting container downloader service to copy containers to replicate.
2019-09-19 09:51:50,760 [Thread-802] INFO  hdfs.DFSUtil (DFSUtil.java:httpServerTemplateForNNAndJN(1641)) - Starting Web-server for hddsDatanode at: http://0.0.0.0:0
2019-09-19 09:51:50,761 [Thread-802] INFO  server.AuthenticationFilter (AuthenticationFilter.java:constructSecretProvider(240)) - Unable to initialize FileSignerSecretProvider, falling back to use random secrets.
2019-09-19 09:51:50,762 [Thread-802] WARN  http.HttpRequestLog (HttpRequestLog.java:getRequestLog(97)) - Jetty request log can only be enabled using Log4j
2019-09-19 09:51:50,764 [Thread-802] INFO  http.HttpServer2 (HttpServer2.java:addGlobalFilter(975)) - Added global filter 'safety' (class=org.apache.hadoop.http.HttpServer2$QuotingInputFilter)
2019-09-19 09:51:50,765 [Thread-802] INFO  http.HttpServer2 (HttpServer2.java:addFilter(948)) - Added filter static_user_filter (class=org.apache.hadoop.http.lib.StaticUserWebFilter$StaticUserFilter) to context hddsDatanode
2019-09-19 09:51:50,765 [Thread-802] INFO  http.HttpServer2 (HttpServer2.java:addFilter(958)) - Added filter static_user_filter (class=org.apache.hadoop.http.lib.StaticUserWebFilter$StaticUserFilter) to context static
2019-09-19 09:51:50,765 [Thread-802] INFO  http.HttpServer2 (HttpServer2.java:addFilter(958)) - Added filter static_user_filter (class=org.apache.hadoop.http.lib.StaticUserWebFilter$StaticUserFilter) to context logs
2019-09-19 09:51:50,766 [Thread-802] INFO  http.HttpServer2 (HttpServer2.java:bindListener(1191)) - Jetty bound to port 35166
2019-09-19 09:51:50,766 [Thread-802] INFO  server.Server (Server.java:doStart(351)) - jetty-9.3.24.v20180605, build timestamp: 2018-06-05T17:11:56Z, git hash: 84205aa28f11a4f31f2a3b86d1bba2cc8ab69827
2019-09-19 09:51:50,768 [Thread-802] INFO  handler.ContextHandler (ContextHandler.java:doStart(781)) - Started o.e.j.s.ServletContextHandler@7a63f36c{/logs,file:///workdir/hadoop-ozone/ozonefs/target/log,AVAILABLE}
2019-09-19 09:51:50,768 [Thread-802] INFO  handler.ContextHandler (ContextHandler.java:doStart(781)) - Started o.e.j.s.ServletContextHandler@68f60f6c{/static,jar:file:/home/user/.m2/repository/org/apache/hadoop/hadoop-hdds-container-service/0.5.0-SNAPSHOT/hadoop-hdds-container-service-0.5.0-SNAPSHOT.jar!/webapps/static,AVAILABLE}
2019-09-19 09:51:50,796 [Thread-802] INFO  handler.ContextHandler (ContextHandler.java:doStart(781)) - Started o.e.j.w.WebAppContext@cfceab9{/,file:///tmp/jetty-0.0.0.0-35166-hddsDatanode-_-any-815863869921185758.dir/webapp/,AVAILABLE}{/hddsDatanode}
2019-09-19 09:51:50,796 [Thread-802] INFO  server.AbstractConnector (AbstractConnector.java:doStart(278)) - Started ServerConnector@753fb96{HTTP/1.1,[http/1.1]}{0.0.0.0:35166}
2019-09-19 09:51:50,797 [Thread-802] INFO  server.Server (Server.java:doStart(419)) - Started @60171ms
2019-09-19 09:51:50,798 [Thread-802] INFO  server.BaseHttpServer (BaseHttpServer.java:updateConnectorAddress(213)) - HTTP server of HDDSDATANODE is listening at http://0.0.0.0:35166
2019-09-19 09:51:50,963 | INFO  | ObjectStoreRestHttpServer | Listening HDDS REST traffic on /0.0.0.0:33459 |  
2019-09-19 09:51:50,963 [Thread-802] INFO  ozone.HddsDatanodeService (HddsDatanodeService.java:startPlugins(395)) - Started plug-in org.apache.hadoop.ozone.web.OzoneHddsDatanodeService@45e74470
2019-09-19 09:51:50,963 [Thread-802] INFO  impl.MetricsSystemImpl (MetricsSystemImpl.java:init(158)) - HddsDatanode metrics system started (again)
2019-09-19 09:51:50,965 [org.apache.hadoop.util.JvmPauseMonitor$Monitor@29a971b3] INFO  util.JvmPauseMonitor (JvmPauseMonitor.java:run(188)) - Starting JVM pause monitor
2019-09-19 09:51:50,966 [Thread-802] INFO  ozone.HddsDatanodeService (HddsDatanodeService.java:start(184)) - HddsDatanodeService host:pr-hdds-1569-j4bt4-3030777008 ip:192.168.34.5
2019-09-19 09:51:50,968 [Datanode State Machine Thread - 0] INFO  datanode.InitDatanodeState (InitDatanodeState.java:persistContainerDatanodeDetails(140)) - DatanodeDetails is persisted to /workdir/hadoop-ozone/ozonefs/target/test-dir/MiniOzoneClusterImpl-ef25c7d6-713f-480d-a3e2-ca8e4934b2a4/datanode-0/meta/datanode.id
2019-09-19 09:51:50,972 [Thread-802] INFO  volume.HddsVolume (HddsVolume.java:<init>(176)) - Creating Volume: /workdir/hadoop-ozone/ozonefs/target/test-dir/MiniOzoneClusterImpl-ef25c7d6-713f-480d-a3e2-ca8e4934b2a4/datanode-1/data/containers/hdds of  storage type : DISK and capacity : 1482555576320
2019-09-19 09:51:50,972 [Thread-802] INFO  volume.VolumeSet (VolumeSet.java:initializeVolumeSet(170)) - Added Volume : /workdir/hadoop-ozone/ozonefs/target/test-dir/MiniOzoneClusterImpl-ef25c7d6-713f-480d-a3e2-ca8e4934b2a4/datanode-1/data/containers/hdds to VolumeSet
2019-09-19 09:51:50,972 [Thread-802] INFO  volume.ThrottledAsyncChecker (ThrottledAsyncChecker.java:schedule(140)) - Scheduling a check for org.apache.hadoop.ozone.container.common.volume.HddsVolume@61e6c9f
2019-09-19 09:51:50,973 [Thread-802] INFO  volume.HddsVolumeChecker (HddsVolumeChecker.java:checkAllVolumes(203)) - Scheduled health check for volume org.apache.hadoop.ozone.container.common.volume.HddsVolume@61e6c9f
2019-09-19 09:51:50,995 [Thread-802] INFO  impl.RaftServerProxy (ConfUtils.java:logGet(43)) - raft.rpc.type = GRPC (default)
2019-09-19 09:51:50,995 [Thread-802] INFO  grpc.GrpcFactory (GrpcFactory.java:checkPooledByteBufAllocatorUseCacheForAllThreads(45)) - PERFORMANCE WARNING: useCacheForAllThreads is true that may cause Netty to create a lot garbage objects and, as a result, trigger GC.
	It is recommended to disable useCacheForAllThreads by setting -Dorg.apache.ratis.thirdparty.io.netty.allocator.useCacheForAllThreads=false in command line.
2019-09-19 09:51:50,996 [Thread-802] INFO  grpc.GrpcConfigKeys$Server (ConfUtils.java:logGet(43)) - raft.grpc.server.port = 0 (default)
2019-09-19 09:51:50,996 [Thread-802] INFO  server.GrpcService (ConfUtils.java:logGet(43)) - raft.grpc.message.size.max = 33570816 (custom)
2019-09-19 09:51:50,996 [Thread-802] INFO  server.RaftServerConfigKeys (ConfUtils.java:logGet(43)) - raft.server.log.appender.buffer.byte-limit = 33554432 (custom)
2019-09-19 09:51:50,996 [Thread-802] INFO  server.GrpcService (ConfUtils.java:logGet(43)) - raft.grpc.flow.control.window = 1MB (=1048576) (default)
2019-09-19 09:51:50,996 [Thread-802] INFO  server.RaftServerConfigKeys (ConfUtils.java:logGet(43)) - raft.server.rpc.request.timeout = 3000ms (default)
2019-09-19 09:51:50,998 [Thread-802] INFO  server.RaftServerConfigKeys (ConfUtils.java:logGet(43)) - raft.server.storage.dir = [/workdir/hadoop-ozone/ozonefs/target/test-dir/MiniOzoneClusterImpl-ef25c7d6-713f-480d-a3e2-ca8e4934b2a4/datanode-1/data/ratis] (custom)
2019-09-19 09:51:50,998 [Thread-802] INFO  replication.SimpleContainerDownloader (SimpleContainerDownloader.java:<init>(72)) - Starting container downloader service to copy containers to replicate.
2019-09-19 09:51:50,999 [Thread-802] INFO  hdfs.DFSUtil (DFSUtil.java:httpServerTemplateForNNAndJN(1641)) - Starting Web-server for hddsDatanode at: http://0.0.0.0:0
2019-09-19 09:51:51,001 [Thread-802] INFO  server.AuthenticationFilter (AuthenticationFilter.java:constructSecretProvider(240)) - Unable to initialize FileSignerSecretProvider, falling back to use random secrets.
2019-09-19 09:51:51,001 [Thread-802] WARN  http.HttpRequestLog (HttpRequestLog.java:getRequestLog(97)) - Jetty request log can only be enabled using Log4j
2019-09-19 09:51:51,003 [Thread-802] INFO  http.HttpServer2 (HttpServer2.java:addGlobalFilter(975)) - Added global filter 'safety' (class=org.apache.hadoop.http.HttpServer2$QuotingInputFilter)
2019-09-19 09:51:51,004 [Thread-802] INFO  http.HttpServer2 (HttpServer2.java:addFilter(948)) - Added filter static_user_filter (class=org.apache.hadoop.http.lib.StaticUserWebFilter$StaticUserFilter) to context hddsDatanode
2019-09-19 09:51:51,004 [Thread-802] INFO  http.HttpServer2 (HttpServer2.java:addFilter(958)) - Added filter static_user_filter (class=org.apache.hadoop.http.lib.StaticUserWebFilter$StaticUserFilter) to context static
2019-09-19 09:51:51,004 [Thread-802] INFO  http.HttpServer2 (HttpServer2.java:addFilter(958)) - Added filter static_user_filter (class=org.apache.hadoop.http.lib.StaticUserWebFilter$StaticUserFilter) to context logs
2019-09-19 09:51:51,005 [Thread-802] INFO  http.HttpServer2 (HttpServer2.java:bindListener(1191)) - Jetty bound to port 38606
2019-09-19 09:51:51,005 [Thread-802] INFO  server.Server (Server.java:doStart(351)) - jetty-9.3.24.v20180605, build timestamp: 2018-06-05T17:11:56Z, git hash: 84205aa28f11a4f31f2a3b86d1bba2cc8ab69827
2019-09-19 09:51:51,006 [Thread-802] INFO  handler.ContextHandler (ContextHandler.java:doStart(781)) - Started o.e.j.s.ServletContextHandler@5986b799{/logs,file:///workdir/hadoop-ozone/ozonefs/target/log,AVAILABLE}
2019-09-19 09:51:51,007 [Thread-802] INFO  handler.ContextHandler (ContextHandler.java:doStart(781)) - Started o.e.j.s.ServletContextHandler@b19ae6f{/static,jar:file:/home/user/.m2/repository/org/apache/hadoop/hadoop-hdds-container-service/0.5.0-SNAPSHOT/hadoop-hdds-container-service-0.5.0-SNAPSHOT.jar!/webapps/static,AVAILABLE}
2019-09-19 09:51:51,031 [Thread-802] INFO  handler.ContextHandler (ContextHandler.java:doStart(781)) - Started o.e.j.w.WebAppContext@7801345e{/,file:///tmp/jetty-0.0.0.0-38606-hddsDatanode-_-any-3363256216139250145.dir/webapp/,AVAILABLE}{/hddsDatanode}
2019-09-19 09:51:51,031 [Thread-802] INFO  server.AbstractConnector (AbstractConnector.java:doStart(278)) - Started ServerConnector@72b724b3{HTTP/1.1,[http/1.1]}{0.0.0.0:38606}
2019-09-19 09:51:51,032 [Thread-802] INFO  server.Server (Server.java:doStart(419)) - Started @60406ms
2019-09-19 09:51:51,033 [Thread-802] INFO  server.BaseHttpServer (BaseHttpServer.java:updateConnectorAddress(213)) - HTTP server of HDDSDATANODE is listening at http://0.0.0.0:38606
2019-09-19 09:51:51,194 | INFO  | ObjectStoreRestHttpServer | Listening HDDS REST traffic on /0.0.0.0:45955 |  
2019-09-19 09:51:51,194 [Thread-802] INFO  ozone.HddsDatanodeService (HddsDatanodeService.java:startPlugins(395)) - Started plug-in org.apache.hadoop.ozone.web.OzoneHddsDatanodeService@4058bd42
2019-09-19 09:51:51,194 [Thread-802] INFO  impl.MetricsSystemImpl (MetricsSystemImpl.java:init(158)) - HddsDatanode metrics system started (again)
2019-09-19 09:51:51,199 [org.apache.hadoop.util.JvmPauseMonitor$Monitor@2a49ffd5] INFO  util.JvmPauseMonitor (JvmPauseMonitor.java:run(188)) - Starting JVM pause monitor
2019-09-19 09:51:51,201 [Thread-802] INFO  ozone.HddsDatanodeService (HddsDatanodeService.java:start(184)) - HddsDatanodeService host:pr-hdds-1569-j4bt4-3030777008 ip:192.168.34.5
2019-09-19 09:51:51,206 [Datanode State Machine Thread - 0] INFO  datanode.InitDatanodeState (InitDatanodeState.java:persistContainerDatanodeDetails(140)) - DatanodeDetails is persisted to /workdir/hadoop-ozone/ozonefs/target/test-dir/MiniOzoneClusterImpl-ef25c7d6-713f-480d-a3e2-ca8e4934b2a4/datanode-1/meta/datanode.id
2019-09-19 09:51:51,212 [Thread-802] INFO  volume.HddsVolume (HddsVolume.java:<init>(176)) - Creating Volume: /workdir/hadoop-ozone/ozonefs/target/test-dir/MiniOzoneClusterImpl-ef25c7d6-713f-480d-a3e2-ca8e4934b2a4/datanode-2/data/containers/hdds of  storage type : DISK and capacity : 1482555576320
2019-09-19 09:51:51,212 [Thread-802] INFO  volume.VolumeSet (VolumeSet.java:initializeVolumeSet(170)) - Added Volume : /workdir/hadoop-ozone/ozonefs/target/test-dir/MiniOzoneClusterImpl-ef25c7d6-713f-480d-a3e2-ca8e4934b2a4/datanode-2/data/containers/hdds to VolumeSet
2019-09-19 09:51:51,212 [Thread-802] INFO  volume.ThrottledAsyncChecker (ThrottledAsyncChecker.java:schedule(140)) - Scheduling a check for org.apache.hadoop.ozone.container.common.volume.HddsVolume@1a302ebc
2019-09-19 09:51:51,213 [Thread-802] INFO  volume.HddsVolumeChecker (HddsVolumeChecker.java:checkAllVolumes(203)) - Scheduled health check for volume org.apache.hadoop.ozone.container.common.volume.HddsVolume@1a302ebc
2019-09-19 09:51:51,236 [Thread-802] INFO  impl.RaftServerProxy (ConfUtils.java:logGet(43)) - raft.rpc.type = GRPC (default)
2019-09-19 09:51:51,236 [Thread-802] INFO  grpc.GrpcFactory (GrpcFactory.java:checkPooledByteBufAllocatorUseCacheForAllThreads(45)) - PERFORMANCE WARNING: useCacheForAllThreads is true that may cause Netty to create a lot garbage objects and, as a result, trigger GC.
	It is recommended to disable useCacheForAllThreads by setting -Dorg.apache.ratis.thirdparty.io.netty.allocator.useCacheForAllThreads=false in command line.
2019-09-19 09:51:51,236 [Thread-802] INFO  grpc.GrpcConfigKeys$Server (ConfUtils.java:logGet(43)) - raft.grpc.server.port = 0 (default)
2019-09-19 09:51:51,236 [Thread-802] INFO  server.GrpcService (ConfUtils.java:logGet(43)) - raft.grpc.message.size.max = 33570816 (custom)
2019-09-19 09:51:51,236 [Thread-802] INFO  server.RaftServerConfigKeys (ConfUtils.java:logGet(43)) - raft.server.log.appender.buffer.byte-limit = 33554432 (custom)
2019-09-19 09:51:51,237 [Thread-802] INFO  server.GrpcService (ConfUtils.java:logGet(43)) - raft.grpc.flow.control.window = 1MB (=1048576) (default)
2019-09-19 09:51:51,237 [Thread-802] INFO  server.RaftServerConfigKeys (ConfUtils.java:logGet(43)) - raft.server.rpc.request.timeout = 3000ms (default)
2019-09-19 09:51:51,237 [Thread-802] INFO  server.RaftServerConfigKeys (ConfUtils.java:logGet(43)) - raft.server.storage.dir = [/workdir/hadoop-ozone/ozonefs/target/test-dir/MiniOzoneClusterImpl-ef25c7d6-713f-480d-a3e2-ca8e4934b2a4/datanode-2/data/ratis] (custom)
2019-09-19 09:51:51,238 [Thread-802] INFO  replication.SimpleContainerDownloader (SimpleContainerDownloader.java:<init>(72)) - Starting container downloader service to copy containers to replicate.
2019-09-19 09:51:51,239 [Thread-802] INFO  hdfs.DFSUtil (DFSUtil.java:httpServerTemplateForNNAndJN(1641)) - Starting Web-server for hddsDatanode at: http://0.0.0.0:0
2019-09-19 09:51:51,243 [Thread-802] INFO  server.AuthenticationFilter (AuthenticationFilter.java:constructSecretProvider(240)) - Unable to initialize FileSignerSecretProvider, falling back to use random secrets.
2019-09-19 09:51:51,244 [Thread-802] WARN  http.HttpRequestLog (HttpRequestLog.java:getRequestLog(97)) - Jetty request log can only be enabled using Log4j
2019-09-19 09:51:51,247 [Thread-802] INFO  http.HttpServer2 (HttpServer2.java:addGlobalFilter(975)) - Added global filter 'safety' (class=org.apache.hadoop.http.HttpServer2$QuotingInputFilter)
2019-09-19 09:51:51,248 [Thread-802] INFO  http.HttpServer2 (HttpServer2.java:addFilter(948)) - Added filter static_user_filter (class=org.apache.hadoop.http.lib.StaticUserWebFilter$StaticUserFilter) to context hddsDatanode
2019-09-19 09:51:51,249 [Thread-802] INFO  http.HttpServer2 (HttpServer2.java:addFilter(958)) - Added filter static_user_filter (class=org.apache.hadoop.http.lib.StaticUserWebFilter$StaticUserFilter) to context static
2019-09-19 09:51:51,249 [Thread-802] INFO  http.HttpServer2 (HttpServer2.java:addFilter(958)) - Added filter static_user_filter (class=org.apache.hadoop.http.lib.StaticUserWebFilter$StaticUserFilter) to context logs
2019-09-19 09:51:51,250 [Thread-802] INFO  http.HttpServer2 (HttpServer2.java:bindListener(1191)) - Jetty bound to port 33736
2019-09-19 09:51:51,250 [Thread-802] INFO  server.Server (Server.java:doStart(351)) - jetty-9.3.24.v20180605, build timestamp: 2018-06-05T17:11:56Z, git hash: 84205aa28f11a4f31f2a3b86d1bba2cc8ab69827
2019-09-19 09:51:51,252 [Thread-802] INFO  handler.ContextHandler (ContextHandler.java:doStart(781)) - Started o.e.j.s.ServletContextHandler@2341fb6f{/logs,file:///workdir/hadoop-ozone/ozonefs/target/log,AVAILABLE}
2019-09-19 09:51:51,253 [Thread-802] INFO  handler.ContextHandler (ContextHandler.java:doStart(781)) - Started o.e.j.s.ServletContextHandler@40760414{/static,jar:file:/home/user/.m2/repository/org/apache/hadoop/hadoop-hdds-container-service/0.5.0-SNAPSHOT/hadoop-hdds-container-service-0.5.0-SNAPSHOT.jar!/webapps/static,AVAILABLE}
2019-09-19 09:51:51,293 [Thread-802] INFO  handler.ContextHandler (ContextHandler.java:doStart(781)) - Started o.e.j.w.WebAppContext@50677df7{/,file:///tmp/jetty-0.0.0.0-33736-hddsDatanode-_-any-8177350944741691962.dir/webapp/,AVAILABLE}{/hddsDatanode}
2019-09-19 09:51:51,294 [Thread-802] INFO  server.AbstractConnector (AbstractConnector.java:doStart(278)) - Started ServerConnector@28d3dfdd{HTTP/1.1,[http/1.1]}{0.0.0.0:33736}
2019-09-19 09:51:51,295 [Thread-802] INFO  server.Server (Server.java:doStart(419)) - Started @60669ms
2019-09-19 09:51:51,296 [Thread-802] INFO  server.BaseHttpServer (BaseHttpServer.java:updateConnectorAddress(213)) - HTTP server of HDDSDATANODE is listening at http://0.0.0.0:33736
2019-09-19 09:51:51,458 | INFO  | ObjectStoreRestHttpServer | Listening HDDS REST traffic on /0.0.0.0:35099 |  
2019-09-19 09:51:51,458 [Thread-802] INFO  ozone.HddsDatanodeService (HddsDatanodeService.java:startPlugins(395)) - Started plug-in org.apache.hadoop.ozone.web.OzoneHddsDatanodeService@43bf7b36
2019-09-19 09:51:51,459 [Thread-802] INFO  ozone.MiniOzoneClusterImpl (MiniOzoneClusterImpl.java:lambda$waitForClusterToBeReady$0(142)) - Waiting for cluster to be ready. Got 0 of 3 DN Heartbeats.
2019-09-19 09:51:51,461 [org.apache.hadoop.util.JvmPauseMonitor$Monitor@711df3a9] INFO  util.JvmPauseMonitor (JvmPauseMonitor.java:run(188)) - Starting JVM pause monitor
2019-09-19 09:51:51,464 [Datanode State Machine Thread - 0] INFO  datanode.InitDatanodeState (InitDatanodeState.java:persistContainerDatanodeDetails(140)) - DatanodeDetails is persisted to /workdir/hadoop-ozone/ozonefs/target/test-dir/MiniOzoneClusterImpl-ef25c7d6-713f-480d-a3e2-ca8e4934b2a4/datanode-2/meta/datanode.id
2019-09-19 09:51:52,459 [Thread-802] INFO  ozone.MiniOzoneClusterImpl (MiniOzoneClusterImpl.java:lambda$waitForClusterToBeReady$0(142)) - Waiting for cluster to be ready. Got 0 of 3 DN Heartbeats.
2019-09-19 09:51:52,972 | INFO  | SCMAudit | user=jenkins1000 | ip=192.168.34.5 | op=GET_VERSION null | ret=SUCCESS |  
2019-09-19 09:51:52,988 [Datanode State Machine Thread - 0] INFO  ozoneimpl.OzoneContainer (OzoneContainer.java:start(186)) - Attempting to start container services.
2019-09-19 09:51:52,988 [Datanode State Machine Thread - 0] INFO  ozoneimpl.OzoneContainer (OzoneContainer.java:startContainerScrub(160)) - Background container scrubber has been disabled by hdds.containerscrub.enabled
2019-09-19 09:51:52,989 [Datanode State Machine Thread - 0] INFO  ratis.XceiverServerRatis (XceiverServerRatis.java:start(404)) - Starting XceiverServerRatis 44ff3c81-7686-42b4-8c4a-8f964f23b515 at port 0
2019-09-19 09:51:52,995 [Datanode State Machine Thread - 0] INFO  impl.RaftServerProxy (RaftServerProxy.java:lambda$start$3(299)) - 44ff3c81-7686-42b4-8c4a-8f964f23b515: start RPC server
2019-09-19 09:51:52,999 [Datanode State Machine Thread - 0] INFO  server.GrpcService (GrpcService.java:startImpl(149)) - 44ff3c81-7686-42b4-8c4a-8f964f23b515: GrpcService started, listening on 0.0.0.0/0.0.0.0:46116
2019-09-19 09:51:52,999 [Datanode State Machine Thread - 0] INFO  ratis.XceiverServerRatis (XceiverServerRatis.java:start(414)) - XceiverServerRatis 44ff3c81-7686-42b4-8c4a-8f964f23b515 is started using port 46116
2019-09-19 09:51:53,004 [Datanode State Machine Thread - 0] INFO  server.XceiverServerGrpc (XceiverServerGrpc.java:start(163)) - XceiverServerGrpc 44ff3c81-7686-42b4-8c4a-8f964f23b515 is started using port 44176
2019-09-19 09:51:53,201 | INFO  | SCMAudit | user=jenkins1000 | ip=192.168.34.5 | op=GET_VERSION null | ret=SUCCESS |  
2019-09-19 09:51:53,215 [Datanode State Machine Thread - 0] INFO  ozoneimpl.OzoneContainer (OzoneContainer.java:start(186)) - Attempting to start container services.
2019-09-19 09:51:53,215 [Datanode State Machine Thread - 0] INFO  ozoneimpl.OzoneContainer (OzoneContainer.java:startContainerScrub(160)) - Background container scrubber has been disabled by hdds.containerscrub.enabled
2019-09-19 09:51:53,215 [Datanode State Machine Thread - 0] INFO  ratis.XceiverServerRatis (XceiverServerRatis.java:start(404)) - Starting XceiverServerRatis ee633067-66ce-44af-917e-6e63bc174d2a at port 0
2019-09-19 09:51:53,222 [Datanode State Machine Thread - 0] INFO  impl.RaftServerProxy (RaftServerProxy.java:lambda$start$3(299)) - ee633067-66ce-44af-917e-6e63bc174d2a: start RPC server
2019-09-19 09:51:53,223 [Datanode State Machine Thread - 0] INFO  server.GrpcService (GrpcService.java:startImpl(149)) - ee633067-66ce-44af-917e-6e63bc174d2a: GrpcService started, listening on 0.0.0.0/0.0.0.0:36770
2019-09-19 09:51:53,223 [Datanode State Machine Thread - 0] INFO  ratis.XceiverServerRatis (XceiverServerRatis.java:start(414)) - XceiverServerRatis ee633067-66ce-44af-917e-6e63bc174d2a is started using port 36770
2019-09-19 09:51:53,226 [Datanode State Machine Thread - 0] INFO  server.XceiverServerGrpc (XceiverServerGrpc.java:start(163)) - XceiverServerGrpc ee633067-66ce-44af-917e-6e63bc174d2a is started using port 42022
2019-09-19 09:51:53,460 [Thread-802] INFO  ozone.MiniOzoneClusterImpl (MiniOzoneClusterImpl.java:lambda$waitForClusterToBeReady$0(142)) - Waiting for cluster to be ready. Got 0 of 3 DN Heartbeats.
2019-09-19 09:51:53,462 | INFO  | SCMAudit | user=jenkins1000 | ip=192.168.34.5 | op=GET_VERSION null | ret=SUCCESS |  
2019-09-19 09:51:53,482 [Datanode State Machine Thread - 0] INFO  ozoneimpl.OzoneContainer (OzoneContainer.java:start(186)) - Attempting to start container services.
2019-09-19 09:51:53,482 [Datanode State Machine Thread - 0] INFO  ozoneimpl.OzoneContainer (OzoneContainer.java:startContainerScrub(160)) - Background container scrubber has been disabled by hdds.containerscrub.enabled
2019-09-19 09:51:53,482 [Datanode State Machine Thread - 0] INFO  ratis.XceiverServerRatis (XceiverServerRatis.java:start(404)) - Starting XceiverServerRatis b3b405db-e406-472f-a1bd-451d52c335eb at port 0
2019-09-19 09:51:53,489 [Datanode State Machine Thread - 0] INFO  impl.RaftServerProxy (RaftServerProxy.java:lambda$start$3(299)) - b3b405db-e406-472f-a1bd-451d52c335eb: start RPC server
2019-09-19 09:51:53,490 [Datanode State Machine Thread - 0] INFO  server.GrpcService (GrpcService.java:startImpl(149)) - b3b405db-e406-472f-a1bd-451d52c335eb: GrpcService started, listening on 0.0.0.0/0.0.0.0:44675
2019-09-19 09:51:53,490 [Datanode State Machine Thread - 0] INFO  ratis.XceiverServerRatis (XceiverServerRatis.java:start(414)) - XceiverServerRatis b3b405db-e406-472f-a1bd-451d52c335eb is started using port 44675
2019-09-19 09:51:53,492 [Datanode State Machine Thread - 0] INFO  server.XceiverServerGrpc (XceiverServerGrpc.java:start(163)) - XceiverServerGrpc b3b405db-e406-472f-a1bd-451d52c335eb is started using port 37129
2019-09-19 09:51:54,461 [Thread-802] INFO  ozone.MiniOzoneClusterImpl (MiniOzoneClusterImpl.java:lambda$waitForClusterToBeReady$0(142)) - Waiting for cluster to be ready. Got 0 of 3 DN Heartbeats.
2019-09-19 09:51:54,971 [IPC Server handler 2 on 45755] INFO  net.NetworkTopology (NetworkTopologyImpl.java:add(110)) - Added a new node: /default-rack/44ff3c81-7686-42b4-8c4a-8f964f23b515
2019-09-19 09:51:54,973 [IPC Server handler 2 on 45755] INFO  node.SCMNodeManager (SCMNodeManager.java:register(273)) - Registered Data node : 44ff3c81-7686-42b4-8c4a-8f964f23b515{ip: 192.168.34.5, host: pr-hdds-1569-j4bt4-3030777008, networkLocation: /default-rack, certSerialId: null}
2019-09-19 09:51:54,974 [EventQueue-NodeRegistrationContainerReportForDataNodeSafeModeRule] INFO  safemode.SCMSafeModeManager (DataNodeSafeModeRule.java:process(71)) - SCM in safe mode. 1 DataNodes registered, 1 required.
2019-09-19 09:51:54,976 [EventQueue-NodeRegistrationContainerReportForDataNodeSafeModeRule] INFO  safemode.SCMSafeModeManager (SCMSafeModeManager.java:validateSafeModeExitRules(177)) - ScmSafeModeManager, all rules are successfully validated
2019-09-19 09:51:54,976 [EventQueue-NodeRegistrationContainerReportForDataNodeSafeModeRule] INFO  safemode.SCMSafeModeManager (SCMSafeModeManager.java:exitSafeMode(193)) - SCM exiting safe mode.
2019-09-19 09:51:54,976 | INFO  | SCMAudit | user=jenkins1000 | ip=192.168.34.5 | op=REGISTER {datanodeDetails=44ff3c81-7686-42b4-8c4a-8f964f23b515{ip: 192.168.34.5, host: pr-hdds-1569-j4bt4-3030777008, networkLocation: /default-rack, certSerialId: null}} | ret=SUCCESS |  
2019-09-19 09:51:54,991 [grpc-default-executor-0] INFO  impl.RaftServerProxy (RaftServerProxy.java:addNew(89)) - 44ff3c81-7686-42b4-8c4a-8f964f23b515: addNew group-C81985C7A001:[44ff3c81-7686-42b4-8c4a-8f964f23b515:192.168.34.5:46116] returns group-C81985C7A001:java.util.concurrent.CompletableFuture@5c4a8f9c[Not completed]
2019-09-19 09:51:54,993 [pool-186-thread-1] INFO  impl.RaftServerImpl (RaftServerImpl.java:<init>(93)) - 44ff3c81-7686-42b4-8c4a-8f964f23b515: new RaftServerImpl for group-C81985C7A001:[44ff3c81-7686-42b4-8c4a-8f964f23b515:192.168.34.5:46116] with ContainerStateMachine:uninitialized
2019-09-19 09:51:54,994 [pool-186-thread-1] INFO  server.RaftServerConfigKeys (ConfUtils.java:logGet(43)) - raft.server.rpc.timeout.min = 5s (custom)
2019-09-19 09:51:54,994 [pool-186-thread-1] INFO  server.RaftServerConfigKeys (ConfUtils.java:logGet(43)) - raft.server.rpc.timeout.max = 5200ms (custom)
2019-09-19 09:51:54,994 [pool-186-thread-1] INFO  server.RaftServerConfigKeys (ConfUtils.java:logGet(43)) - raft.server.rpcslowness.timeout = 120s (custom)
2019-09-19 09:51:54,994 [pool-186-thread-1] INFO  server.RaftServerConfigKeys (ConfUtils.java:logGet(43)) - raft.server.sleep.deviation.threshold = 300 (default)
2019-09-19 09:51:54,994 [pool-186-thread-1] INFO  server.RaftServerConfigKeys (ConfUtils.java:logGet(43)) - raft.server.log.appender.install.snapshot.enabled = false (custom)
2019-09-19 09:51:54,994 [pool-186-thread-1] INFO  impl.RaftServerImpl (ServerState.java:<init>(105)) - 44ff3c81-7686-42b4-8c4a-8f964f23b515:group-C81985C7A001 ConfigurationManager, init=-1: [44ff3c81-7686-42b4-8c4a-8f964f23b515:192.168.34.5:46116], old=null, confs=<EMPTY_MAP>
2019-09-19 09:51:54,995 [pool-186-thread-1] INFO  server.RaftServerConfigKeys (ConfUtils.java:logGet(43)) - raft.server.storage.dir = [/workdir/hadoop-ozone/ozonefs/target/test-dir/MiniOzoneClusterImpl-ef25c7d6-713f-480d-a3e2-ca8e4934b2a4/datanode-0/data/ratis] (custom)
2019-09-19 09:51:54,995 [pool-186-thread-1] INFO  storage.RaftStorageDirectory (RaftStorageDirectory.java:analyzeStorage(246)) - The storage directory /workdir/hadoop-ozone/ozonefs/target/test-dir/MiniOzoneClusterImpl-ef25c7d6-713f-480d-a3e2-ca8e4934b2a4/datanode-0/data/ratis/4e755017-51e8-4436-af6a-c81985c7a001 does not exist. Creating ...
2019-09-19 09:51:55,016 [pool-186-thread-1] INFO  storage.RaftStorageDirectory (RaftStorageDirectory.java:tryLock(328)) - Lock on /workdir/hadoop-ozone/ozonefs/target/test-dir/MiniOzoneClusterImpl-ef25c7d6-713f-480d-a3e2-ca8e4934b2a4/datanode-0/data/ratis/4e755017-51e8-4436-af6a-c81985c7a001/in_use.lock acquired by nodename 9507@pr-hdds-1569-j4bt4-3030777008
2019-09-19 09:51:55,038 [pool-186-thread-1] INFO  storage.RaftStorage (RaftStorage.java:format(72)) - Storage directory /workdir/hadoop-ozone/ozonefs/target/test-dir/MiniOzoneClusterImpl-ef25c7d6-713f-480d-a3e2-ca8e4934b2a4/datanode-0/data/ratis/4e755017-51e8-4436-af6a-c81985c7a001 has been successfully formatted.
2019-09-19 09:51:55,038 [pool-186-thread-1] INFO  ratis.ContainerStateMachine (ContainerStateMachine.java:loadSnapshot(226)) - group-C81985C7A001: The snapshot info is null. Setting the last applied indexto:(t:0, i:~)
2019-09-19 09:51:55,038 [pool-186-thread-1] INFO  server.RaftServerConfigKeys (ConfUtils.java:logGet(43)) - raft.server.leader.election.timeout = 120s (custom)
2019-09-19 09:51:55,038 [pool-186-thread-1] INFO  server.RaftServerConfigKeys (ConfUtils.java:logGet(43)) - raft.server.log.use.memory = false (default)
2019-09-19 09:51:55,039 [pool-186-thread-1] INFO  server.RaftServerConfigKeys (ConfUtils.java:logGet(43)) - raft.server.log.purge.gap = 1000000 (custom)
2019-09-19 09:51:55,039 [pool-186-thread-1] INFO  server.RaftServerConfigKeys (ConfUtils.java:logGet(43)) - raft.server.log.appender.buffer.byte-limit = 33554432 (custom)
2019-09-19 09:51:55,039 [pool-186-thread-1] INFO  server.RaftServerConfigKeys (ConfUtils.java:logGet(43)) - raft.server.log.segment.size.max = 1048576 (custom)
2019-09-19 09:51:55,039 [pool-186-thread-1] INFO  server.RaftServerConfigKeys (ConfUtils.java:logGet(43)) - raft.server.log.segment.cache.num.max = 2 (custom)
2019-09-19 09:51:55,039 [pool-186-thread-1] INFO  segmented.SegmentedRaftLogWorker (SegmentedRaftLogWorker.java:<init>(172)) - new 44ff3c81-7686-42b4-8c4a-8f964f23b515-SegmentedRaftLogWorker:Storage Directory /workdir/hadoop-ozone/ozonefs/target/test-dir/MiniOzoneClusterImpl-ef25c7d6-713f-480d-a3e2-ca8e4934b2a4/datanode-0/data/ratis/4e755017-51e8-4436-af6a-c81985c7a001 for RaftStorage:Storage Directory /workdir/hadoop-ozone/ozonefs/target/test-dir/MiniOzoneClusterImpl-ef25c7d6-713f-480d-a3e2-ca8e4934b2a4/datanode-0/data/ratis/4e755017-51e8-4436-af6a-c81985c7a001
2019-09-19 09:51:55,039 [pool-186-thread-1] INFO  server.RaftServerConfigKeys (ConfUtils.java:logGet(43)) - raft.server.log.queue.byte-limit = 2147483647 (custom)
2019-09-19 09:51:55,040 [pool-186-thread-1] INFO  server.RaftServerConfigKeys (ConfUtils.java:logGet(43)) - raft.server.log.queue.element-limit = 1024 (custom)
2019-09-19 09:51:55,040 [pool-186-thread-1] INFO  server.RaftServerConfigKeys (ConfUtils.java:logGet(43)) - raft.server.log.segment.size.max = 1048576 (custom)
2019-09-19 09:51:55,040 [pool-186-thread-1] INFO  server.RaftServerConfigKeys (ConfUtils.java:logGet(43)) - raft.server.log.preallocated.size = 16384 (custom)
2019-09-19 09:51:55,040 [pool-186-thread-1] INFO  server.RaftServerConfigKeys (ConfUtils.java:logGet(43)) - raft.server.log.write.buffer.size = 33554432 (custom)
2019-09-19 09:51:55,040 [pool-186-thread-1] INFO  server.RaftServerConfigKeys (ConfUtils.java:logGet(43)) - raft.server.log.force.sync.num = 128 (default)
2019-09-19 09:51:55,041 [pool-186-thread-1] INFO  server.RaftServerConfigKeys (ConfUtils.java:logGet(43)) - raft.server.log.statemachine.data.sync = true (default)
2019-09-19 09:51:55,041 [pool-186-thread-1] INFO  server.RaftServerConfigKeys (ConfUtils.java:logGet(43)) - raft.server.log.statemachine.data.sync.timeout = 10s (default)
2019-09-19 09:51:55,041 [pool-186-thread-1] INFO  server.RaftServerConfigKeys (ConfUtils.java:logGet(43)) - raft.server.log.statemachine.data.sync.timeout.retry = -1 (default)
2019-09-19 09:51:55,041 [pool-186-thread-1] INFO  server.RaftServerConfigKeys (ConfUtils.java:logGet(43)) - raft.server.log.statemachine.data.caching.enabled = true (custom)
2019-09-19 09:51:55,041 [pool-186-thread-1] INFO  segmented.SegmentedRaftLogWorker (SegmentedRaftLogWorker.java:lambda$new$0(132)) - 44ff3c81-7686-42b4-8c4a-8f964f23b515-SegmentedRaftLogWorker:Storage Directory /workdir/hadoop-ozone/ozonefs/target/test-dir/MiniOzoneClusterImpl-ef25c7d6-713f-480d-a3e2-ca8e4934b2a4/datanode-0/data/ratis/4e755017-51e8-4436-af6a-c81985c7a001: flushIndex: setUnconditionally 0 -> -1
2019-09-19 09:51:55,042 [pool-186-thread-1] INFO  server.RaftServerConfigKeys (ConfUtils.java:logGet(43)) - raft.server.snapshot.auto.trigger.enabled = true (custom)
2019-09-19 09:51:55,042 [pool-186-thread-1] INFO  server.RaftServerConfigKeys (ConfUtils.java:logGet(43)) - raft.server.snapshot.auto.trigger.threshold = 10000 (custom)
2019-09-19 09:51:55,042 [pool-186-thread-1] INFO  server.RaftServerConfigKeys (ConfUtils.java:logGet(43)) - raft.server.retrycache.expirytime = 600000ms (custom)
2019-09-19 09:51:55,043 [pool-186-thread-1] INFO  impl.RaftServerImpl (RaftServerImpl.java:start(180)) - 44ff3c81-7686-42b4-8c4a-8f964f23b515: start group-C81985C7A001
2019-09-19 09:51:55,043 [pool-186-thread-1] INFO  impl.RaftServerImpl (RaftServerImpl.java:setRole(171)) - 44ff3c81-7686-42b4-8c4a-8f964f23b515:group-C81985C7A001 changes role from null to FOLLOWER at term 0 for startAsFollower
2019-09-19 09:51:55,043 [pool-186-thread-1] INFO  impl.RoleInfo (RoleInfo.java:updateAndGet(143)) - 44ff3c81-7686-42b4-8c4a-8f964f23b515: start FollowerState
2019-09-19 09:51:55,043 [pool-186-thread-1] INFO  util.JmxRegister (JmxRegister.java:tryRegister(44)) - Successfully registered JMX Bean with object name Ratis:service=RaftServer,group=group-C81985C7A001,id=44ff3c81-7686-42b4-8c4a-8f964f23b515
2019-09-19 09:51:55,048 [RatisPipelineUtilsThread] INFO  pipeline.PipelineStateManager (PipelineStateManager.java:addPipeline(56)) - Created pipeline Pipeline[ Id: 4e755017-51e8-4436-af6a-c81985c7a001, Nodes: 44ff3c81-7686-42b4-8c4a-8f964f23b515{ip: 192.168.34.5, host: pr-hdds-1569-j4bt4-3030777008, networkLocation: /default-rack, certSerialId: null}, Type:RATIS, Factor:ONE, State:OPEN]
2019-09-19 09:51:55,056 [grpc-default-executor-0] INFO  impl.RaftServerProxy (RaftServerProxy.java:addNew(89)) - 44ff3c81-7686-42b4-8c4a-8f964f23b515: addNew group-0DB3B13EB9C7:[44ff3c81-7686-42b4-8c4a-8f964f23b515:192.168.34.5:46116] returns group-0DB3B13EB9C7:java.util.concurrent.CompletableFuture@6ddc764b[Not completed]
2019-09-19 09:51:55,057 [pool-186-thread-1] INFO  impl.RaftServerImpl (RaftServerImpl.java:<init>(93)) - 44ff3c81-7686-42b4-8c4a-8f964f23b515: new RaftServerImpl for group-0DB3B13EB9C7:[44ff3c81-7686-42b4-8c4a-8f964f23b515:192.168.34.5:46116] with ContainerStateMachine:uninitialized
2019-09-19 09:51:55,057 [pool-186-thread-1] INFO  server.RaftServerConfigKeys (ConfUtils.java:logGet(43)) - raft.server.rpc.timeout.min = 5s (custom)
2019-09-19 09:51:55,057 [pool-186-thread-1] INFO  server.RaftServerConfigKeys (ConfUtils.java:logGet(43)) - raft.server.rpc.timeout.max = 5200ms (custom)
2019-09-19 09:51:55,057 [pool-186-thread-1] INFO  server.RaftServerConfigKeys (ConfUtils.java:logGet(43)) - raft.server.rpcslowness.timeout = 120s (custom)
2019-09-19 09:51:55,057 [pool-186-thread-1] INFO  server.RaftServerConfigKeys (ConfUtils.java:logGet(43)) - raft.server.sleep.deviation.threshold = 300 (default)
2019-09-19 09:51:55,057 [pool-186-thread-1] INFO  server.RaftServerConfigKeys (ConfUtils.java:logGet(43)) - raft.server.log.appender.install.snapshot.enabled = false (custom)
2019-09-19 09:51:55,057 [pool-186-thread-1] INFO  impl.RaftServerImpl (ServerState.java:<init>(105)) - 44ff3c81-7686-42b4-8c4a-8f964f23b515:group-0DB3B13EB9C7 ConfigurationManager, init=-1: [44ff3c81-7686-42b4-8c4a-8f964f23b515:192.168.34.5:46116], old=null, confs=<EMPTY_MAP>
2019-09-19 09:51:55,058 [pool-186-thread-1] INFO  server.RaftServerConfigKeys (ConfUtils.java:logGet(43)) - raft.server.storage.dir = [/workdir/hadoop-ozone/ozonefs/target/test-dir/MiniOzoneClusterImpl-ef25c7d6-713f-480d-a3e2-ca8e4934b2a4/datanode-0/data/ratis] (custom)
2019-09-19 09:51:55,058 [pool-186-thread-1] INFO  storage.RaftStorageDirectory (RaftStorageDirectory.java:analyzeStorage(246)) - The storage directory /workdir/hadoop-ozone/ozonefs/target/test-dir/MiniOzoneClusterImpl-ef25c7d6-713f-480d-a3e2-ca8e4934b2a4/datanode-0/data/ratis/643e38cc-e35a-4825-95bb-0db3b13eb9c7 does not exist. Creating ...
2019-09-19 09:51:55,070 [pool-186-thread-1] INFO  storage.RaftStorageDirectory (RaftStorageDirectory.java:tryLock(328)) - Lock on /workdir/hadoop-ozone/ozonefs/target/test-dir/MiniOzoneClusterImpl-ef25c7d6-713f-480d-a3e2-ca8e4934b2a4/datanode-0/data/ratis/643e38cc-e35a-4825-95bb-0db3b13eb9c7/in_use.lock acquired by nodename 9507@pr-hdds-1569-j4bt4-3030777008
2019-09-19 09:51:55,083 [pool-186-thread-1] INFO  storage.RaftStorage (RaftStorage.java:format(72)) - Storage directory /workdir/hadoop-ozone/ozonefs/target/test-dir/MiniOzoneClusterImpl-ef25c7d6-713f-480d-a3e2-ca8e4934b2a4/datanode-0/data/ratis/643e38cc-e35a-4825-95bb-0db3b13eb9c7 has been successfully formatted.
2019-09-19 09:51:55,083 [pool-186-thread-1] INFO  ratis.ContainerStateMachine (ContainerStateMachine.java:loadSnapshot(226)) - group-0DB3B13EB9C7: The snapshot info is null. Setting the last applied indexto:(t:0, i:~)
2019-09-19 09:51:55,084 [pool-186-thread-1] INFO  server.RaftServerConfigKeys (ConfUtils.java:logGet(43)) - raft.server.leader.election.timeout = 120s (custom)
2019-09-19 09:51:55,084 [pool-186-thread-1] INFO  server.RaftServerConfigKeys (ConfUtils.java:logGet(43)) - raft.server.log.use.memory = false (default)
2019-09-19 09:51:55,084 [pool-186-thread-1] INFO  server.RaftServerConfigKeys (ConfUtils.java:logGet(43)) - raft.server.log.purge.gap = 1000000 (custom)
2019-09-19 09:51:55,084 [pool-186-thread-1] INFO  server.RaftServerConfigKeys (ConfUtils.java:logGet(43)) - raft.server.log.appender.buffer.byte-limit = 33554432 (custom)
2019-09-19 09:51:55,084 [pool-186-thread-1] INFO  server.RaftServerConfigKeys (ConfUtils.java:logGet(43)) - raft.server.log.segment.size.max = 1048576 (custom)
2019-09-19 09:51:55,084 [pool-186-thread-1] INFO  server.RaftServerConfigKeys (ConfUtils.java:logGet(43)) - raft.server.log.segment.cache.num.max = 2 (custom)
2019-09-19 09:51:55,084 [pool-186-thread-1] INFO  segmented.SegmentedRaftLogWorker (SegmentedRaftLogWorker.java:<init>(172)) - new 44ff3c81-7686-42b4-8c4a-8f964f23b515-SegmentedRaftLogWorker:Storage Directory /workdir/hadoop-ozone/ozonefs/target/test-dir/MiniOzoneClusterImpl-ef25c7d6-713f-480d-a3e2-ca8e4934b2a4/datanode-0/data/ratis/643e38cc-e35a-4825-95bb-0db3b13eb9c7 for RaftStorage:Storage Directory /workdir/hadoop-ozone/ozonefs/target/test-dir/MiniOzoneClusterImpl-ef25c7d6-713f-480d-a3e2-ca8e4934b2a4/datanode-0/data/ratis/643e38cc-e35a-4825-95bb-0db3b13eb9c7
2019-09-19 09:51:55,084 [pool-186-thread-1] INFO  server.RaftServerConfigKeys (ConfUtils.java:logGet(43)) - raft.server.log.queue.byte-limit = 2147483647 (custom)
2019-09-19 09:51:55,084 [pool-186-thread-1] INFO  server.RaftServerConfigKeys (ConfUtils.java:logGet(43)) - raft.server.log.queue.element-limit = 1024 (custom)
2019-09-19 09:51:55,085 [pool-186-thread-1] INFO  server.RaftServerConfigKeys (ConfUtils.java:logGet(43)) - raft.server.log.segment.size.max = 1048576 (custom)
2019-09-19 09:51:55,085 [pool-186-thread-1] INFO  server.RaftServerConfigKeys (ConfUtils.java:logGet(43)) - raft.server.log.preallocated.size = 16384 (custom)
2019-09-19 09:51:55,085 [pool-186-thread-1] INFO  server.RaftServerConfigKeys (ConfUtils.java:logGet(43)) - raft.server.log.write.buffer.size = 33554432 (custom)
2019-09-19 09:51:55,085 [pool-186-thread-1] INFO  server.RaftServerConfigKeys (ConfUtils.java:logGet(43)) - raft.server.log.force.sync.num = 128 (default)
2019-09-19 09:51:55,085 [pool-186-thread-1] INFO  server.RaftServerConfigKeys (ConfUtils.java:logGet(43)) - raft.server.log.statemachine.data.sync = true (default)
2019-09-19 09:51:55,085 [pool-186-thread-1] INFO  server.RaftServerConfigKeys (ConfUtils.java:logGet(43)) - raft.server.log.statemachine.data.sync.timeout = 10s (default)
2019-09-19 09:51:55,085 [pool-186-thread-1] INFO  server.RaftServerConfigKeys (ConfUtils.java:logGet(43)) - raft.server.log.statemachine.data.sync.timeout.retry = -1 (default)
2019-09-19 09:51:55,085 [pool-186-thread-1] INFO  server.RaftServerConfigKeys (ConfUtils.java:logGet(43)) - raft.server.log.statemachine.data.caching.enabled = true (custom)
2019-09-19 09:51:55,086 [pool-186-thread-1] INFO  segmented.SegmentedRaftLogWorker (SegmentedRaftLogWorker.java:lambda$new$0(132)) - 44ff3c81-7686-42b4-8c4a-8f964f23b515-SegmentedRaftLogWorker:Storage Directory /workdir/hadoop-ozone/ozonefs/target/test-dir/MiniOzoneClusterImpl-ef25c7d6-713f-480d-a3e2-ca8e4934b2a4/datanode-0/data/ratis/643e38cc-e35a-4825-95bb-0db3b13eb9c7: flushIndex: setUnconditionally 0 -> -1
2019-09-19 09:51:55,086 [pool-186-thread-1] INFO  server.RaftServerConfigKeys (ConfUtils.java:logGet(43)) - raft.server.snapshot.auto.trigger.enabled = true (custom)
2019-09-19 09:51:55,086 [pool-186-thread-1] INFO  server.RaftServerConfigKeys (ConfUtils.java:logGet(43)) - raft.server.snapshot.auto.trigger.threshold = 10000 (custom)
2019-09-19 09:51:55,086 [pool-186-thread-1] INFO  server.RaftServerConfigKeys (ConfUtils.java:logGet(43)) - raft.server.retrycache.expirytime = 600000ms (custom)
2019-09-19 09:51:55,086 [pool-186-thread-1] INFO  impl.RaftServerImpl (RaftServerImpl.java:start(180)) - 44ff3c81-7686-42b4-8c4a-8f964f23b515: start group-0DB3B13EB9C7
2019-09-19 09:51:55,086 [pool-186-thread-1] INFO  impl.RaftServerImpl (RaftServerImpl.java:setRole(171)) - 44ff3c81-7686-42b4-8c4a-8f964f23b515:group-0DB3B13EB9C7 changes role from null to FOLLOWER at term 0 for startAsFollower
2019-09-19 09:51:55,086 [pool-186-thread-1] INFO  impl.RoleInfo (RoleInfo.java:updateAndGet(143)) - 44ff3c81-7686-42b4-8c4a-8f964f23b515: start FollowerState
2019-09-19 09:51:55,087 [pool-186-thread-1] INFO  util.JmxRegister (JmxRegister.java:tryRegister(44)) - Successfully registered JMX Bean with object name Ratis:service=RaftServer,group=group-0DB3B13EB9C7,id=44ff3c81-7686-42b4-8c4a-8f964f23b515
2019-09-19 09:51:55,090 [RatisPipelineUtilsThread] INFO  pipeline.PipelineStateManager (PipelineStateManager.java:addPipeline(56)) - Created pipeline Pipeline[ Id: 643e38cc-e35a-4825-95bb-0db3b13eb9c7, Nodes: 44ff3c81-7686-42b4-8c4a-8f964f23b515{ip: 192.168.34.5, host: pr-hdds-1569-j4bt4-3030777008, networkLocation: /default-rack, certSerialId: null}, Type:RATIS, Factor:ONE, State:OPEN]
2019-09-19 09:51:55,096 [grpc-default-executor-0] INFO  impl.RaftServerProxy (RaftServerProxy.java:addNew(89)) - 44ff3c81-7686-42b4-8c4a-8f964f23b515: addNew group-CB2F793AC9E5:[44ff3c81-7686-42b4-8c4a-8f964f23b515:192.168.34.5:46116] returns group-CB2F793AC9E5:java.util.concurrent.CompletableFuture@3c6570d3[Not completed]
2019-09-19 09:51:55,097 [pool-186-thread-1] INFO  impl.RaftServerImpl (RaftServerImpl.java:<init>(93)) - 44ff3c81-7686-42b4-8c4a-8f964f23b515: new RaftServerImpl for group-CB2F793AC9E5:[44ff3c81-7686-42b4-8c4a-8f964f23b515:192.168.34.5:46116] with ContainerStateMachine:uninitialized
2019-09-19 09:51:55,097 [pool-186-thread-1] INFO  server.RaftServerConfigKeys (ConfUtils.java:logGet(43)) - raft.server.rpc.timeout.min = 5s (custom)
2019-09-19 09:51:55,097 [pool-186-thread-1] INFO  server.RaftServerConfigKeys (ConfUtils.java:logGet(43)) - raft.server.rpc.timeout.max = 5200ms (custom)
2019-09-19 09:51:55,097 [pool-186-thread-1] INFO  server.RaftServerConfigKeys (ConfUtils.java:logGet(43)) - raft.server.rpcslowness.timeout = 120s (custom)
2019-09-19 09:51:55,097 [pool-186-thread-1] INFO  server.RaftServerConfigKeys (ConfUtils.java:logGet(43)) - raft.server.sleep.deviation.threshold = 300 (default)
2019-09-19 09:51:55,097 [pool-186-thread-1] INFO  server.RaftServerConfigKeys (ConfUtils.java:logGet(43)) - raft.server.log.appender.install.snapshot.enabled = false (custom)
2019-09-19 09:51:55,098 [pool-186-thread-1] INFO  impl.RaftServerImpl (ServerState.java:<init>(105)) - 44ff3c81-7686-42b4-8c4a-8f964f23b515:group-CB2F793AC9E5 ConfigurationManager, init=-1: [44ff3c81-7686-42b4-8c4a-8f964f23b515:192.168.34.5:46116], old=null, confs=<EMPTY_MAP>
2019-09-19 09:51:55,098 [pool-186-thread-1] INFO  server.RaftServerConfigKeys (ConfUtils.java:logGet(43)) - raft.server.storage.dir = [/workdir/hadoop-ozone/ozonefs/target/test-dir/MiniOzoneClusterImpl-ef25c7d6-713f-480d-a3e2-ca8e4934b2a4/datanode-0/data/ratis] (custom)
2019-09-19 09:51:55,098 [pool-186-thread-1] INFO  storage.RaftStorageDirectory (RaftStorageDirectory.java:analyzeStorage(246)) - The storage directory /workdir/hadoop-ozone/ozonefs/target/test-dir/MiniOzoneClusterImpl-ef25c7d6-713f-480d-a3e2-ca8e4934b2a4/datanode-0/data/ratis/c4892d36-ec78-4879-b69b-cb2f793ac9e5 does not exist. Creating ...
2019-09-19 09:51:55,110 [pool-186-thread-1] INFO  storage.RaftStorageDirectory (RaftStorageDirectory.java:tryLock(328)) - Lock on /workdir/hadoop-ozone/ozonefs/target/test-dir/MiniOzoneClusterImpl-ef25c7d6-713f-480d-a3e2-ca8e4934b2a4/datanode-0/data/ratis/c4892d36-ec78-4879-b69b-cb2f793ac9e5/in_use.lock acquired by nodename 9507@pr-hdds-1569-j4bt4-3030777008
2019-09-19 09:51:55,123 [pool-186-thread-1] INFO  storage.RaftStorage (RaftStorage.java:format(72)) - Storage directory /workdir/hadoop-ozone/ozonefs/target/test-dir/MiniOzoneClusterImpl-ef25c7d6-713f-480d-a3e2-ca8e4934b2a4/datanode-0/data/ratis/c4892d36-ec78-4879-b69b-cb2f793ac9e5 has been successfully formatted.
2019-09-19 09:51:55,124 [pool-186-thread-1] INFO  ratis.ContainerStateMachine (ContainerStateMachine.java:loadSnapshot(226)) - group-CB2F793AC9E5: The snapshot info is null. Setting the last applied indexto:(t:0, i:~)
2019-09-19 09:51:55,124 [pool-186-thread-1] INFO  server.RaftServerConfigKeys (ConfUtils.java:logGet(43)) - raft.server.leader.election.timeout = 120s (custom)
2019-09-19 09:51:55,124 [pool-186-thread-1] INFO  server.RaftServerConfigKeys (ConfUtils.java:logGet(43)) - raft.server.log.use.memory = false (default)
2019-09-19 09:51:55,124 [pool-186-thread-1] INFO  server.RaftServerConfigKeys (ConfUtils.java:logGet(43)) - raft.server.log.purge.gap = 1000000 (custom)
2019-09-19 09:51:55,124 [pool-186-thread-1] INFO  server.RaftServerConfigKeys (ConfUtils.java:logGet(43)) - raft.server.log.appender.buffer.byte-limit = 33554432 (custom)
2019-09-19 09:51:55,124 [pool-186-thread-1] INFO  server.RaftServerConfigKeys (ConfUtils.java:logGet(43)) - raft.server.log.segment.size.max = 1048576 (custom)
2019-09-19 09:51:55,124 [pool-186-thread-1] INFO  server.RaftServerConfigKeys (ConfUtils.java:logGet(43)) - raft.server.log.segment.cache.num.max = 2 (custom)
2019-09-19 09:51:55,125 [pool-186-thread-1] INFO  segmented.SegmentedRaftLogWorker (SegmentedRaftLogWorker.java:<init>(172)) - new 44ff3c81-7686-42b4-8c4a-8f964f23b515-SegmentedRaftLogWorker:Storage Directory /workdir/hadoop-ozone/ozonefs/target/test-dir/MiniOzoneClusterImpl-ef25c7d6-713f-480d-a3e2-ca8e4934b2a4/datanode-0/data/ratis/c4892d36-ec78-4879-b69b-cb2f793ac9e5 for RaftStorage:Storage Directory /workdir/hadoop-ozone/ozonefs/target/test-dir/MiniOzoneClusterImpl-ef25c7d6-713f-480d-a3e2-ca8e4934b2a4/datanode-0/data/ratis/c4892d36-ec78-4879-b69b-cb2f793ac9e5
2019-09-19 09:51:55,125 [pool-186-thread-1] INFO  server.RaftServerConfigKeys (ConfUtils.java:logGet(43)) - raft.server.log.queue.byte-limit = 2147483647 (custom)
2019-09-19 09:51:55,125 [pool-186-thread-1] INFO  server.RaftServerConfigKeys (ConfUtils.java:logGet(43)) - raft.server.log.queue.element-limit = 1024 (custom)
2019-09-19 09:51:55,125 [pool-186-thread-1] INFO  server.RaftServerConfigKeys (ConfUtils.java:logGet(43)) - raft.server.log.segment.size.max = 1048576 (custom)
2019-09-19 09:51:55,125 [pool-186-thread-1] INFO  server.RaftServerConfigKeys (ConfUtils.java:logGet(43)) - raft.server.log.preallocated.size = 16384 (custom)
2019-09-19 09:51:55,125 [pool-186-thread-1] INFO  server.RaftServerConfigKeys (ConfUtils.java:logGet(43)) - raft.server.log.write.buffer.size = 33554432 (custom)
2019-09-19 09:51:55,125 [pool-186-thread-1] INFO  server.RaftServerConfigKeys (ConfUtils.java:logGet(43)) - raft.server.log.force.sync.num = 128 (default)
2019-09-19 09:51:55,125 [pool-186-thread-1] INFO  server.RaftServerConfigKeys (ConfUtils.java:logGet(43)) - raft.server.log.statemachine.data.sync = true (default)
2019-09-19 09:51:55,125 [pool-186-thread-1] INFO  server.RaftServerConfigKeys (ConfUtils.java:logGet(43)) - raft.server.log.statemachine.data.sync.timeout = 10s (default)
2019-09-19 09:51:55,125 [pool-186-thread-1] INFO  server.RaftServerConfigKeys (ConfUtils.java:logGet(43)) - raft.server.log.statemachine.data.sync.timeout.retry = -1 (default)
2019-09-19 09:51:55,126 [pool-186-thread-1] INFO  server.RaftServerConfigKeys (ConfUtils.java:logGet(43)) - raft.server.log.statemachine.data.caching.enabled = true (custom)
2019-09-19 09:51:55,126 [pool-186-thread-1] INFO  segmented.SegmentedRaftLogWorker (SegmentedRaftLogWorker.java:lambda$new$0(132)) - 44ff3c81-7686-42b4-8c4a-8f964f23b515-SegmentedRaftLogWorker:Storage Directory /workdir/hadoop-ozone/ozonefs/target/test-dir/MiniOzoneClusterImpl-ef25c7d6-713f-480d-a3e2-ca8e4934b2a4/datanode-0/data/ratis/c4892d36-ec78-4879-b69b-cb2f793ac9e5: flushIndex: setUnconditionally 0 -> -1
2019-09-19 09:51:55,126 [pool-186-thread-1] INFO  server.RaftServerConfigKeys (ConfUtils.java:logGet(43)) - raft.server.snapshot.auto.trigger.enabled = true (custom)
2019-09-19 09:51:55,126 [pool-186-thread-1] INFO  server.RaftServerConfigKeys (ConfUtils.java:logGet(43)) - raft.server.snapshot.auto.trigger.threshold = 10000 (custom)
2019-09-19 09:51:55,126 [pool-186-thread-1] INFO  server.RaftServerConfigKeys (ConfUtils.java:logGet(43)) - raft.server.retrycache.expirytime = 600000ms (custom)
2019-09-19 09:51:55,126 [pool-186-thread-1] INFO  impl.RaftServerImpl (RaftServerImpl.java:start(180)) - 44ff3c81-7686-42b4-8c4a-8f964f23b515: start group-CB2F793AC9E5
2019-09-19 09:51:55,127 [pool-186-thread-1] INFO  impl.RaftServerImpl (RaftServerImpl.java:setRole(171)) - 44ff3c81-7686-42b4-8c4a-8f964f23b515:group-CB2F793AC9E5 changes role from null to FOLLOWER at term 0 for startAsFollower
2019-09-19 09:51:55,127 [pool-186-thread-1] INFO  impl.RoleInfo (RoleInfo.java:updateAndGet(143)) - 44ff3c81-7686-42b4-8c4a-8f964f23b515: start FollowerState
2019-09-19 09:51:55,127 [pool-186-thread-1] INFO  util.JmxRegister (JmxRegister.java:tryRegister(44)) - Successfully registered JMX Bean with object name Ratis:service=RaftServer,group=group-CB2F793AC9E5,id=44ff3c81-7686-42b4-8c4a-8f964f23b515
2019-09-19 09:51:55,130 [RatisPipelineUtilsThread] INFO  pipeline.PipelineStateManager (PipelineStateManager.java:addPipeline(56)) - Created pipeline Pipeline[ Id: c4892d36-ec78-4879-b69b-cb2f793ac9e5, Nodes: 44ff3c81-7686-42b4-8c4a-8f964f23b515{ip: 192.168.34.5, host: pr-hdds-1569-j4bt4-3030777008, networkLocation: /default-rack, certSerialId: null}, Type:RATIS, Factor:ONE, State:OPEN]
2019-09-19 09:51:55,136 [grpc-default-executor-0] INFO  impl.RaftServerProxy (RaftServerProxy.java:addNew(89)) - 44ff3c81-7686-42b4-8c4a-8f964f23b515: addNew group-6CB7E8B40827:[44ff3c81-7686-42b4-8c4a-8f964f23b515:192.168.34.5:46116] returns group-6CB7E8B40827:java.util.concurrent.CompletableFuture@4294efc1[Not completed]
2019-09-19 09:51:55,138 [pool-186-thread-1] INFO  impl.RaftServerImpl (RaftServerImpl.java:<init>(93)) - 44ff3c81-7686-42b4-8c4a-8f964f23b515: new RaftServerImpl for group-6CB7E8B40827:[44ff3c81-7686-42b4-8c4a-8f964f23b515:192.168.34.5:46116] with ContainerStateMachine:uninitialized
2019-09-19 09:51:55,138 [pool-186-thread-1] INFO  server.RaftServerConfigKeys (ConfUtils.java:logGet(43)) - raft.server.rpc.timeout.min = 5s (custom)
2019-09-19 09:51:55,138 [pool-186-thread-1] INFO  server.RaftServerConfigKeys (ConfUtils.java:logGet(43)) - raft.server.rpc.timeout.max = 5200ms (custom)
2019-09-19 09:51:55,138 [pool-186-thread-1] INFO  server.RaftServerConfigKeys (ConfUtils.java:logGet(43)) - raft.server.rpcslowness.timeout = 120s (custom)
2019-09-19 09:51:55,138 [pool-186-thread-1] INFO  server.RaftServerConfigKeys (ConfUtils.java:logGet(43)) - raft.server.sleep.deviation.threshold = 300 (default)
2019-09-19 09:51:55,138 [pool-186-thread-1] INFO  server.RaftServerConfigKeys (ConfUtils.java:logGet(43)) - raft.server.log.appender.install.snapshot.enabled = false (custom)
2019-09-19 09:51:55,138 [pool-186-thread-1] INFO  impl.RaftServerImpl (ServerState.java:<init>(105)) - 44ff3c81-7686-42b4-8c4a-8f964f23b515:group-6CB7E8B40827 ConfigurationManager, init=-1: [44ff3c81-7686-42b4-8c4a-8f964f23b515:192.168.34.5:46116], old=null, confs=<EMPTY_MAP>
2019-09-19 09:51:55,138 [pool-186-thread-1] INFO  server.RaftServerConfigKeys (ConfUtils.java:logGet(43)) - raft.server.storage.dir = [/workdir/hadoop-ozone/ozonefs/target/test-dir/MiniOzoneClusterImpl-ef25c7d6-713f-480d-a3e2-ca8e4934b2a4/datanode-0/data/ratis] (custom)
2019-09-19 09:51:55,139 [pool-186-thread-1] INFO  storage.RaftStorageDirectory (RaftStorageDirectory.java:analyzeStorage(246)) - The storage directory /workdir/hadoop-ozone/ozonefs/target/test-dir/MiniOzoneClusterImpl-ef25c7d6-713f-480d-a3e2-ca8e4934b2a4/datanode-0/data/ratis/48a11c96-a1bb-4b20-9455-6cb7e8b40827 does not exist. Creating ...
2019-09-19 09:51:55,151 [pool-186-thread-1] INFO  storage.RaftStorageDirectory (RaftStorageDirectory.java:tryLock(328)) - Lock on /workdir/hadoop-ozone/ozonefs/target/test-dir/MiniOzoneClusterImpl-ef25c7d6-713f-480d-a3e2-ca8e4934b2a4/datanode-0/data/ratis/48a11c96-a1bb-4b20-9455-6cb7e8b40827/in_use.lock acquired by nodename 9507@pr-hdds-1569-j4bt4-3030777008
2019-09-19 09:51:55,176 [pool-186-thread-1] INFO  storage.RaftStorage (RaftStorage.java:format(72)) - Storage directory /workdir/hadoop-ozone/ozonefs/target/test-dir/MiniOzoneClusterImpl-ef25c7d6-713f-480d-a3e2-ca8e4934b2a4/datanode-0/data/ratis/48a11c96-a1bb-4b20-9455-6cb7e8b40827 has been successfully formatted.
2019-09-19 09:51:55,176 [pool-186-thread-1] INFO  ratis.ContainerStateMachine (ContainerStateMachine.java:loadSnapshot(226)) - group-6CB7E8B40827: The snapshot info is null. Setting the last applied indexto:(t:0, i:~)
2019-09-19 09:51:55,177 [pool-186-thread-1] INFO  server.RaftServerConfigKeys (ConfUtils.java:logGet(43)) - raft.server.leader.election.timeout = 120s (custom)
2019-09-19 09:51:55,177 [pool-186-thread-1] INFO  server.RaftServerConfigKeys (ConfUtils.java:logGet(43)) - raft.server.log.use.memory = false (default)
2019-09-19 09:51:55,177 [pool-186-thread-1] INFO  server.RaftServerConfigKeys (ConfUtils.java:logGet(43)) - raft.server.log.purge.gap = 1000000 (custom)
2019-09-19 09:51:55,177 [pool-186-thread-1] INFO  server.RaftServerConfigKeys (ConfUtils.java:logGet(43)) - raft.server.log.appender.buffer.byte-limit = 33554432 (custom)
2019-09-19 09:51:55,177 [pool-186-thread-1] INFO  server.RaftServerConfigKeys (ConfUtils.java:logGet(43)) - raft.server.log.segment.size.max = 1048576 (custom)
2019-09-19 09:51:55,177 [pool-186-thread-1] INFO  server.RaftServerConfigKeys (ConfUtils.java:logGet(43)) - raft.server.log.segment.cache.num.max = 2 (custom)
2019-09-19 09:51:55,177 [pool-186-thread-1] INFO  segmented.SegmentedRaftLogWorker (SegmentedRaftLogWorker.java:<init>(172)) - new 44ff3c81-7686-42b4-8c4a-8f964f23b515-SegmentedRaftLogWorker:Storage Directory /workdir/hadoop-ozone/ozonefs/target/test-dir/MiniOzoneClusterImpl-ef25c7d6-713f-480d-a3e2-ca8e4934b2a4/datanode-0/data/ratis/48a11c96-a1bb-4b20-9455-6cb7e8b40827 for RaftStorage:Storage Directory /workdir/hadoop-ozone/ozonefs/target/test-dir/MiniOzoneClusterImpl-ef25c7d6-713f-480d-a3e2-ca8e4934b2a4/datanode-0/data/ratis/48a11c96-a1bb-4b20-9455-6cb7e8b40827
2019-09-19 09:51:55,178 [pool-186-thread-1] INFO  server.RaftServerConfigKeys (ConfUtils.java:logGet(43)) - raft.server.log.queue.byte-limit = 2147483647 (custom)
2019-09-19 09:51:55,178 [pool-186-thread-1] INFO  server.RaftServerConfigKeys (ConfUtils.java:logGet(43)) - raft.server.log.queue.element-limit = 1024 (custom)
2019-09-19 09:51:55,178 [pool-186-thread-1] INFO  server.RaftServerConfigKeys (ConfUtils.java:logGet(43)) - raft.server.log.segment.size.max = 1048576 (custom)
2019-09-19 09:51:55,178 [pool-186-thread-1] INFO  server.RaftServerConfigKeys (ConfUtils.java:logGet(43)) - raft.server.log.preallocated.size = 16384 (custom)
2019-09-19 09:51:55,178 [pool-186-thread-1] INFO  server.RaftServerConfigKeys (ConfUtils.java:logGet(43)) - raft.server.log.write.buffer.size = 33554432 (custom)
2019-09-19 09:51:55,178 [pool-186-thread-1] INFO  server.RaftServerConfigKeys (ConfUtils.java:logGet(43)) - raft.server.log.force.sync.num = 128 (default)
2019-09-19 09:51:55,178 [pool-186-thread-1] INFO  server.RaftServerConfigKeys (ConfUtils.java:logGet(43)) - raft.server.log.statemachine.data.sync = true (default)
2019-09-19 09:51:55,179 [pool-186-thread-1] INFO  server.RaftServerConfigKeys (ConfUtils.java:logGet(43)) - raft.server.log.statemachine.data.sync.timeout = 10s (default)
2019-09-19 09:51:55,179 [pool-186-thread-1] INFO  server.RaftServerConfigKeys (ConfUtils.java:logGet(43)) - raft.server.log.statemachine.data.sync.timeout.retry = -1 (default)
2019-09-19 09:51:55,179 [pool-186-thread-1] INFO  server.RaftServerConfigKeys (ConfUtils.java:logGet(43)) - raft.server.log.statemachine.data.caching.enabled = true (custom)
2019-09-19 09:51:55,179 [pool-186-thread-1] INFO  segmented.SegmentedRaftLogWorker (SegmentedRaftLogWorker.java:lambda$new$0(132)) - 44ff3c81-7686-42b4-8c4a-8f964f23b515-SegmentedRaftLogWorker:Storage Directory /workdir/hadoop-ozone/ozonefs/target/test-dir/MiniOzoneClusterImpl-ef25c7d6-713f-480d-a3e2-ca8e4934b2a4/datanode-0/data/ratis/48a11c96-a1bb-4b20-9455-6cb7e8b40827: flushIndex: setUnconditionally 0 -> -1
2019-09-19 09:51:55,180 [pool-186-thread-1] INFO  server.RaftServerConfigKeys (ConfUtils.java:logGet(43)) - raft.server.snapshot.auto.trigger.enabled = true (custom)
2019-09-19 09:51:55,180 [pool-186-thread-1] INFO  server.RaftServerConfigKeys (ConfUtils.java:logGet(43)) - raft.server.snapshot.auto.trigger.threshold = 10000 (custom)
2019-09-19 09:51:55,180 [pool-186-thread-1] INFO  server.RaftServerConfigKeys (ConfUtils.java:logGet(43)) - raft.server.retrycache.expirytime = 600000ms (custom)
2019-09-19 09:51:55,181 [pool-186-thread-1] INFO  impl.RaftServerImpl (RaftServerImpl.java:start(180)) - 44ff3c81-7686-42b4-8c4a-8f964f23b515: start group-6CB7E8B40827
2019-09-19 09:51:55,181 [pool-186-thread-1] INFO  impl.RaftServerImpl (RaftServerImpl.java:setRole(171)) - 44ff3c81-7686-42b4-8c4a-8f964f23b515:group-6CB7E8B40827 changes role from null to FOLLOWER at term 0 for startAsFollower
2019-09-19 09:51:55,181 [pool-186-thread-1] INFO  impl.RoleInfo (RoleInfo.java:updateAndGet(143)) - 44ff3c81-7686-42b4-8c4a-8f964f23b515: start FollowerState
2019-09-19 09:51:55,181 [pool-186-thread-1] INFO  util.JmxRegister (JmxRegister.java:tryRegister(44)) - Successfully registered JMX Bean with object name Ratis:service=RaftServer,group=group-6CB7E8B40827,id=44ff3c81-7686-42b4-8c4a-8f964f23b515
2019-09-19 09:51:55,185 [RatisPipelineUtilsThread] INFO  pipeline.PipelineStateManager (PipelineStateManager.java:addPipeline(56)) - Created pipeline Pipeline[ Id: 48a11c96-a1bb-4b20-9455-6cb7e8b40827, Nodes: 44ff3c81-7686-42b4-8c4a-8f964f23b515{ip: 192.168.34.5, host: pr-hdds-1569-j4bt4-3030777008, networkLocation: /default-rack, certSerialId: null}, Type:RATIS, Factor:ONE, State:OPEN]
2019-09-19 09:51:55,190 [grpc-default-executor-0] INFO  impl.RaftServerProxy (RaftServerProxy.java:addNew(89)) - 44ff3c81-7686-42b4-8c4a-8f964f23b515: addNew group-C63629111274:[44ff3c81-7686-42b4-8c4a-8f964f23b515:192.168.34.5:46116] returns group-C63629111274:java.util.concurrent.CompletableFuture@382b280f[Not completed]
2019-09-19 09:51:55,191 [pool-186-thread-1] INFO  impl.RaftServerImpl (RaftServerImpl.java:<init>(93)) - 44ff3c81-7686-42b4-8c4a-8f964f23b515: new RaftServerImpl for group-C63629111274:[44ff3c81-7686-42b4-8c4a-8f964f23b515:192.168.34.5:46116] with ContainerStateMachine:uninitialized
2019-09-19 09:51:55,192 [pool-186-thread-1] INFO  server.RaftServerConfigKeys (ConfUtils.java:logGet(43)) - raft.server.rpc.timeout.min = 5s (custom)
2019-09-19 09:51:55,192 [pool-186-thread-1] INFO  server.RaftServerConfigKeys (ConfUtils.java:logGet(43)) - raft.server.rpc.timeout.max = 5200ms (custom)
2019-09-19 09:51:55,192 [pool-186-thread-1] INFO  server.RaftServerConfigKeys (ConfUtils.java:logGet(43)) - raft.server.rpcslowness.timeout = 120s (custom)
2019-09-19 09:51:55,192 [pool-186-thread-1] INFO  server.RaftServerConfigKeys (ConfUtils.java:logGet(43)) - raft.server.sleep.deviation.threshold = 300 (default)
2019-09-19 09:51:55,192 [pool-186-thread-1] INFO  server.RaftServerConfigKeys (ConfUtils.java:logGet(43)) - raft.server.log.appender.install.snapshot.enabled = false (custom)
2019-09-19 09:51:55,192 [pool-186-thread-1] INFO  impl.RaftServerImpl (ServerState.java:<init>(105)) - 44ff3c81-7686-42b4-8c4a-8f964f23b515:group-C63629111274 ConfigurationManager, init=-1: [44ff3c81-7686-42b4-8c4a-8f964f23b515:192.168.34.5:46116], old=null, confs=<EMPTY_MAP>
2019-09-19 09:51:55,192 [pool-186-thread-1] INFO  server.RaftServerConfigKeys (ConfUtils.java:logGet(43)) - raft.server.storage.dir = [/workdir/hadoop-ozone/ozonefs/target/test-dir/MiniOzoneClusterImpl-ef25c7d6-713f-480d-a3e2-ca8e4934b2a4/datanode-0/data/ratis] (custom)
2019-09-19 09:51:55,193 [pool-186-thread-1] INFO  storage.RaftStorageDirectory (RaftStorageDirectory.java:analyzeStorage(246)) - The storage directory /workdir/hadoop-ozone/ozonefs/target/test-dir/MiniOzoneClusterImpl-ef25c7d6-713f-480d-a3e2-ca8e4934b2a4/datanode-0/data/ratis/4a466220-6519-4bca-89e6-c63629111274 does not exist. Creating ...
2019-09-19 09:51:55,201 [IPC Server handler 0 on 45755] INFO  net.NetworkTopology (NetworkTopologyImpl.java:add(110)) - Added a new node: /default-rack/ee633067-66ce-44af-917e-6e63bc174d2a
2019-09-19 09:51:55,201 [IPC Server handler 0 on 45755] INFO  node.SCMNodeManager (SCMNodeManager.java:register(273)) - Registered Data node : ee633067-66ce-44af-917e-6e63bc174d2a{ip: 192.168.34.5, host: pr-hdds-1569-j4bt4-3030777008, networkLocation: /default-rack, certSerialId: null}
2019-09-19 09:51:55,201 | INFO  | SCMAudit | user=jenkins1000 | ip=192.168.34.5 | op=REGISTER {datanodeDetails=ee633067-66ce-44af-917e-6e63bc174d2a{ip: 192.168.34.5, host: pr-hdds-1569-j4bt4-3030777008, networkLocation: /default-rack, certSerialId: null}} | ret=SUCCESS |  
2019-09-19 09:51:55,205 [pool-186-thread-1] INFO  storage.RaftStorageDirectory (RaftStorageDirectory.java:tryLock(328)) - Lock on /workdir/hadoop-ozone/ozonefs/target/test-dir/MiniOzoneClusterImpl-ef25c7d6-713f-480d-a3e2-ca8e4934b2a4/datanode-0/data/ratis/4a466220-6519-4bca-89e6-c63629111274/in_use.lock acquired by nodename 9507@pr-hdds-1569-j4bt4-3030777008
2019-09-19 09:51:55,216 [pool-186-thread-1] INFO  storage.RaftStorage (RaftStorage.java:format(72)) - Storage directory /workdir/hadoop-ozone/ozonefs/target/test-dir/MiniOzoneClusterImpl-ef25c7d6-713f-480d-a3e2-ca8e4934b2a4/datanode-0/data/ratis/4a466220-6519-4bca-89e6-c63629111274 has been successfully formatted.
2019-09-19 09:51:55,216 [pool-186-thread-1] INFO  ratis.ContainerStateMachine (ContainerStateMachine.java:loadSnapshot(226)) - group-C63629111274: The snapshot info is null. Setting the last applied indexto:(t:0, i:~)
2019-09-19 09:51:55,216 [pool-186-thread-1] INFO  server.RaftServerConfigKeys (ConfUtils.java:logGet(43)) - raft.server.leader.election.timeout = 120s (custom)
2019-09-19 09:51:55,216 [pool-186-thread-1] INFO  server.RaftServerConfigKeys (ConfUtils.java:logGet(43)) - raft.server.log.use.memory = false (default)
2019-09-19 09:51:55,216 [pool-186-thread-1] INFO  server.RaftServerConfigKeys (ConfUtils.java:logGet(43)) - raft.server.log.purge.gap = 1000000 (custom)
2019-09-19 09:51:55,217 [pool-186-thread-1] INFO  server.RaftServerConfigKeys (ConfUtils.java:logGet(43)) - raft.server.log.appender.buffer.byte-limit = 33554432 (custom)
2019-09-19 09:51:55,217 [pool-186-thread-1] INFO  server.RaftServerConfigKeys (ConfUtils.java:logGet(43)) - raft.server.log.segment.size.max = 1048576 (custom)
2019-09-19 09:51:55,217 [pool-186-thread-1] INFO  server.RaftServerConfigKeys (ConfUtils.java:logGet(43)) - raft.server.log.segment.cache.num.max = 2 (custom)
2019-09-19 09:51:55,217 [pool-186-thread-1] INFO  segmented.SegmentedRaftLogWorker (SegmentedRaftLogWorker.java:<init>(172)) - new 44ff3c81-7686-42b4-8c4a-8f964f23b515-SegmentedRaftLogWorker:Storage Directory /workdir/hadoop-ozone/ozonefs/target/test-dir/MiniOzoneClusterImpl-ef25c7d6-713f-480d-a3e2-ca8e4934b2a4/datanode-0/data/ratis/4a466220-6519-4bca-89e6-c63629111274 for RaftStorage:Storage Directory /workdir/hadoop-ozone/ozonefs/target/test-dir/MiniOzoneClusterImpl-ef25c7d6-713f-480d-a3e2-ca8e4934b2a4/datanode-0/data/ratis/4a466220-6519-4bca-89e6-c63629111274
2019-09-19 09:51:55,217 [pool-186-thread-1] INFO  server.RaftServerConfigKeys (ConfUtils.java:logGet(43)) - raft.server.log.queue.byte-limit = 2147483647 (custom)
2019-09-19 09:51:55,217 [pool-186-thread-1] INFO  server.RaftServerConfigKeys (ConfUtils.java:logGet(43)) - raft.server.log.queue.element-limit = 1024 (custom)
2019-09-19 09:51:55,217 [pool-186-thread-1] INFO  server.RaftServerConfigKeys (ConfUtils.java:logGet(43)) - raft.server.log.segment.size.max = 1048576 (custom)
2019-09-19 09:51:55,217 [pool-186-thread-1] INFO  server.RaftServerConfigKeys (ConfUtils.java:logGet(43)) - raft.server.log.preallocated.size = 16384 (custom)
2019-09-19 09:51:55,217 [pool-186-thread-1] INFO  server.RaftServerConfigKeys (ConfUtils.java:logGet(43)) - raft.server.log.write.buffer.size = 33554432 (custom)
2019-09-19 09:51:55,217 [pool-186-thread-1] INFO  server.RaftServerConfigKeys (ConfUtils.java:logGet(43)) - raft.server.log.force.sync.num = 128 (default)
2019-09-19 09:51:55,217 [pool-186-thread-1] INFO  server.RaftServerConfigKeys (ConfUtils.java:logGet(43)) - raft.server.log.statemachine.data.sync = true (default)
2019-09-19 09:51:55,218 [pool-186-thread-1] INFO  server.RaftServerConfigKeys (ConfUtils.java:logGet(43)) - raft.server.log.statemachine.data.sync.timeout = 10s (default)
2019-09-19 09:51:55,218 [pool-186-thread-1] INFO  server.RaftServerConfigKeys (ConfUtils.java:logGet(43)) - raft.server.log.statemachine.data.sync.timeout.retry = -1 (default)
2019-09-19 09:51:55,218 [pool-186-thread-1] INFO  server.RaftServerConfigKeys (ConfUtils.java:logGet(43)) - raft.server.log.statemachine.data.caching.enabled = true (custom)
2019-09-19 09:51:55,218 [pool-186-thread-1] INFO  segmented.SegmentedRaftLogWorker (SegmentedRaftLogWorker.java:lambda$new$0(132)) - 44ff3c81-7686-42b4-8c4a-8f964f23b515-SegmentedRaftLogWorker:Storage Directory /workdir/hadoop-ozone/ozonefs/target/test-dir/MiniOzoneClusterImpl-ef25c7d6-713f-480d-a3e2-ca8e4934b2a4/datanode-0/data/ratis/4a466220-6519-4bca-89e6-c63629111274: flushIndex: setUnconditionally 0 -> -1
2019-09-19 09:51:55,218 [pool-186-thread-1] INFO  server.RaftServerConfigKeys (ConfUtils.java:logGet(43)) - raft.server.snapshot.auto.trigger.enabled = true (custom)
2019-09-19 09:51:55,218 [pool-186-thread-1] INFO  server.RaftServerConfigKeys (ConfUtils.java:logGet(43)) - raft.server.snapshot.auto.trigger.threshold = 10000 (custom)
2019-09-19 09:51:55,219 [pool-186-thread-1] INFO  server.RaftServerConfigKeys (ConfUtils.java:logGet(43)) - raft.server.retrycache.expirytime = 600000ms (custom)
2019-09-19 09:51:55,219 [pool-186-thread-1] INFO  impl.RaftServerImpl (RaftServerImpl.java:start(180)) - 44ff3c81-7686-42b4-8c4a-8f964f23b515: start group-C63629111274
2019-09-19 09:51:55,219 [pool-186-thread-1] INFO  impl.RaftServerImpl (RaftServerImpl.java:setRole(171)) - 44ff3c81-7686-42b4-8c4a-8f964f23b515:group-C63629111274 changes role from null to FOLLOWER at term 0 for startAsFollower
2019-09-19 09:51:55,219 [pool-186-thread-1] INFO  impl.RoleInfo (RoleInfo.java:updateAndGet(143)) - 44ff3c81-7686-42b4-8c4a-8f964f23b515: start FollowerState
2019-09-19 09:51:55,219 [pool-186-thread-1] INFO  util.JmxRegister (JmxRegister.java:tryRegister(44)) - Successfully registered JMX Bean with object name Ratis:service=RaftServer,group=group-C63629111274,id=44ff3c81-7686-42b4-8c4a-8f964f23b515
2019-09-19 09:51:55,222 [RatisPipelineUtilsThread] INFO  pipeline.PipelineStateManager (PipelineStateManager.java:addPipeline(56)) - Created pipeline Pipeline[ Id: 4a466220-6519-4bca-89e6-c63629111274, Nodes: 44ff3c81-7686-42b4-8c4a-8f964f23b515{ip: 192.168.34.5, host: pr-hdds-1569-j4bt4-3030777008, networkLocation: /default-rack, certSerialId: null}, Type:RATIS, Factor:ONE, State:OPEN]
2019-09-19 09:51:55,229 [grpc-default-executor-0] INFO  impl.RaftServerProxy (RaftServerProxy.java:addNew(89)) - ee633067-66ce-44af-917e-6e63bc174d2a: addNew group-2ACAAFA0427B:[ee633067-66ce-44af-917e-6e63bc174d2a:192.168.34.5:36770] returns group-2ACAAFA0427B:java.util.concurrent.CompletableFuture@6237aac0[Not completed]
2019-09-19 09:51:55,231 [pool-197-thread-1] INFO  impl.RaftServerImpl (RaftServerImpl.java:<init>(93)) - ee633067-66ce-44af-917e-6e63bc174d2a: new RaftServerImpl for group-2ACAAFA0427B:[ee633067-66ce-44af-917e-6e63bc174d2a:192.168.34.5:36770] with ContainerStateMachine:uninitialized
2019-09-19 09:51:55,231 [pool-197-thread-1] INFO  server.RaftServerConfigKeys (ConfUtils.java:logGet(43)) - raft.server.rpc.timeout.min = 5s (custom)
2019-09-19 09:51:55,231 [pool-197-thread-1] INFO  server.RaftServerConfigKeys (ConfUtils.java:logGet(43)) - raft.server.rpc.timeout.max = 5200ms (custom)
2019-09-19 09:51:55,231 [pool-197-thread-1] INFO  server.RaftServerConfigKeys (ConfUtils.java:logGet(43)) - raft.server.rpcslowness.timeout = 120s (custom)
2019-09-19 09:51:55,231 [pool-197-thread-1] INFO  server.RaftServerConfigKeys (ConfUtils.java:logGet(43)) - raft.server.sleep.deviation.threshold = 300 (default)
2019-09-19 09:51:55,231 [pool-197-thread-1] INFO  server.RaftServerConfigKeys (ConfUtils.java:logGet(43)) - raft.server.log.appender.install.snapshot.enabled = false (custom)
2019-09-19 09:51:55,232 [pool-197-thread-1] INFO  impl.RaftServerImpl (ServerState.java:<init>(105)) - ee633067-66ce-44af-917e-6e63bc174d2a:group-2ACAAFA0427B ConfigurationManager, init=-1: [ee633067-66ce-44af-917e-6e63bc174d2a:192.168.34.5:36770], old=null, confs=<EMPTY_MAP>
2019-09-19 09:51:55,232 [pool-197-thread-1] INFO  server.RaftServerConfigKeys (ConfUtils.java:logGet(43)) - raft.server.storage.dir = [/workdir/hadoop-ozone/ozonefs/target/test-dir/MiniOzoneClusterImpl-ef25c7d6-713f-480d-a3e2-ca8e4934b2a4/datanode-1/data/ratis] (custom)
2019-09-19 09:51:55,232 [pool-197-thread-1] INFO  storage.RaftStorageDirectory (RaftStorageDirectory.java:analyzeStorage(246)) - The storage directory /workdir/hadoop-ozone/ozonefs/target/test-dir/MiniOzoneClusterImpl-ef25c7d6-713f-480d-a3e2-ca8e4934b2a4/datanode-1/data/ratis/b2ff03c8-e04b-4b9a-ac10-2acaafa0427b does not exist. Creating ...
2019-09-19 09:51:55,235 [pool-197-thread-1] INFO  storage.RaftStorageDirectory (RaftStorageDirectory.java:tryLock(328)) - Lock on /workdir/hadoop-ozone/ozonefs/target/test-dir/MiniOzoneClusterImpl-ef25c7d6-713f-480d-a3e2-ca8e4934b2a4/datanode-1/data/ratis/b2ff03c8-e04b-4b9a-ac10-2acaafa0427b/in_use.lock acquired by nodename 9507@pr-hdds-1569-j4bt4-3030777008
2019-09-19 09:51:55,247 [pool-197-thread-1] INFO  storage.RaftStorage (RaftStorage.java:format(72)) - Storage directory /workdir/hadoop-ozone/ozonefs/target/test-dir/MiniOzoneClusterImpl-ef25c7d6-713f-480d-a3e2-ca8e4934b2a4/datanode-1/data/ratis/b2ff03c8-e04b-4b9a-ac10-2acaafa0427b has been successfully formatted.
2019-09-19 09:51:55,247 [pool-197-thread-1] INFO  ratis.ContainerStateMachine (ContainerStateMachine.java:loadSnapshot(226)) - group-2ACAAFA0427B: The snapshot info is null. Setting the last applied indexto:(t:0, i:~)
2019-09-19 09:51:55,247 [pool-197-thread-1] INFO  server.RaftServerConfigKeys (ConfUtils.java:logGet(43)) - raft.server.leader.election.timeout = 120s (custom)
2019-09-19 09:51:55,247 [pool-197-thread-1] INFO  server.RaftServerConfigKeys (ConfUtils.java:logGet(43)) - raft.server.log.use.memory = false (default)
2019-09-19 09:51:55,247 [pool-197-thread-1] INFO  server.RaftServerConfigKeys (ConfUtils.java:logGet(43)) - raft.server.log.purge.gap = 1000000 (custom)
2019-09-19 09:51:55,248 [pool-197-thread-1] INFO  server.RaftServerConfigKeys (ConfUtils.java:logGet(43)) - raft.server.log.appender.buffer.byte-limit = 33554432 (custom)
2019-09-19 09:51:55,248 [pool-197-thread-1] INFO  server.RaftServerConfigKeys (ConfUtils.java:logGet(43)) - raft.server.log.segment.size.max = 1048576 (custom)
2019-09-19 09:51:55,248 [pool-197-thread-1] INFO  server.RaftServerConfigKeys (ConfUtils.java:logGet(43)) - raft.server.log.segment.cache.num.max = 2 (custom)
2019-09-19 09:51:55,248 [pool-197-thread-1] INFO  segmented.SegmentedRaftLogWorker (SegmentedRaftLogWorker.java:<init>(172)) - new ee633067-66ce-44af-917e-6e63bc174d2a-SegmentedRaftLogWorker:Storage Directory /workdir/hadoop-ozone/ozonefs/target/test-dir/MiniOzoneClusterImpl-ef25c7d6-713f-480d-a3e2-ca8e4934b2a4/datanode-1/data/ratis/b2ff03c8-e04b-4b9a-ac10-2acaafa0427b for RaftStorage:Storage Directory /workdir/hadoop-ozone/ozonefs/target/test-dir/MiniOzoneClusterImpl-ef25c7d6-713f-480d-a3e2-ca8e4934b2a4/datanode-1/data/ratis/b2ff03c8-e04b-4b9a-ac10-2acaafa0427b
2019-09-19 09:51:55,248 [pool-197-thread-1] INFO  server.RaftServerConfigKeys (ConfUtils.java:logGet(43)) - raft.server.log.queue.byte-limit = 2147483647 (custom)
2019-09-19 09:51:55,248 [pool-197-thread-1] INFO  server.RaftServerConfigKeys (ConfUtils.java:logGet(43)) - raft.server.log.queue.element-limit = 1024 (custom)
2019-09-19 09:51:55,249 [pool-197-thread-1] INFO  server.RaftServerConfigKeys (ConfUtils.java:logGet(43)) - raft.server.log.segment.size.max = 1048576 (custom)
2019-09-19 09:51:55,249 [pool-197-thread-1] INFO  server.RaftServerConfigKeys (ConfUtils.java:logGet(43)) - raft.server.log.preallocated.size = 16384 (custom)
2019-09-19 09:51:55,249 [pool-197-thread-1] INFO  server.RaftServerConfigKeys (ConfUtils.java:logGet(43)) - raft.server.log.write.buffer.size = 33554432 (custom)
2019-09-19 09:51:55,249 [pool-197-thread-1] INFO  server.RaftServerConfigKeys (ConfUtils.java:logGet(43)) - raft.server.log.force.sync.num = 128 (default)
2019-09-19 09:51:55,249 [pool-197-thread-1] INFO  server.RaftServerConfigKeys (ConfUtils.java:logGet(43)) - raft.server.log.statemachine.data.sync = true (default)
2019-09-19 09:51:55,249 [pool-197-thread-1] INFO  server.RaftServerConfigKeys (ConfUtils.java:logGet(43)) - raft.server.log.statemachine.data.sync.timeout = 10s (default)
2019-09-19 09:51:55,250 [pool-197-thread-1] INFO  server.RaftServerConfigKeys (ConfUtils.java:logGet(43)) - raft.server.log.statemachine.data.sync.timeout.retry = -1 (default)
2019-09-19 09:51:55,250 [pool-197-thread-1] INFO  server.RaftServerConfigKeys (ConfUtils.java:logGet(43)) - raft.server.log.statemachine.data.caching.enabled = true (custom)
2019-09-19 09:51:55,250 [pool-197-thread-1] INFO  segmented.SegmentedRaftLogWorker (SegmentedRaftLogWorker.java:lambda$new$0(132)) - ee633067-66ce-44af-917e-6e63bc174d2a-SegmentedRaftLogWorker:Storage Directory /workdir/hadoop-ozone/ozonefs/target/test-dir/MiniOzoneClusterImpl-ef25c7d6-713f-480d-a3e2-ca8e4934b2a4/datanode-1/data/ratis/b2ff03c8-e04b-4b9a-ac10-2acaafa0427b: flushIndex: setUnconditionally 0 -> -1
2019-09-19 09:51:55,251 [pool-197-thread-1] INFO  server.RaftServerConfigKeys (ConfUtils.java:logGet(43)) - raft.server.snapshot.auto.trigger.enabled = true (custom)
2019-09-19 09:51:55,251 [pool-197-thread-1] INFO  server.RaftServerConfigKeys (ConfUtils.java:logGet(43)) - raft.server.snapshot.auto.trigger.threshold = 10000 (custom)
2019-09-19 09:51:55,251 [pool-197-thread-1] INFO  server.RaftServerConfigKeys (ConfUtils.java:logGet(43)) - raft.server.retrycache.expirytime = 600000ms (custom)
2019-09-19 09:51:55,251 [pool-197-thread-1] INFO  impl.RaftServerImpl (RaftServerImpl.java:start(180)) - ee633067-66ce-44af-917e-6e63bc174d2a: start group-2ACAAFA0427B
2019-09-19 09:51:55,251 [pool-197-thread-1] INFO  impl.RaftServerImpl (RaftServerImpl.java:setRole(171)) - ee633067-66ce-44af-917e-6e63bc174d2a:group-2ACAAFA0427B changes role from null to FOLLOWER at term 0 for startAsFollower
2019-09-19 09:51:55,251 [pool-197-thread-1] INFO  impl.RoleInfo (RoleInfo.java:updateAndGet(143)) - ee633067-66ce-44af-917e-6e63bc174d2a: start FollowerState
2019-09-19 09:51:55,252 [pool-197-thread-1] INFO  util.JmxRegister (JmxRegister.java:tryRegister(44)) - Successfully registered JMX Bean with object name Ratis:service=RaftServer,group=group-2ACAAFA0427B,id=ee633067-66ce-44af-917e-6e63bc174d2a
2019-09-19 09:51:55,255 [RatisPipelineUtilsThread] INFO  pipeline.PipelineStateManager (PipelineStateManager.java:addPipeline(56)) - Created pipeline Pipeline[ Id: b2ff03c8-e04b-4b9a-ac10-2acaafa0427b, Nodes: ee633067-66ce-44af-917e-6e63bc174d2a{ip: 192.168.34.5, host: pr-hdds-1569-j4bt4-3030777008, networkLocation: /default-rack, certSerialId: null}, Type:RATIS, Factor:ONE, State:OPEN]
2019-09-19 09:51:55,261 [grpc-default-executor-0] INFO  impl.RaftServerProxy (RaftServerProxy.java:addNew(89)) - 44ff3c81-7686-42b4-8c4a-8f964f23b515: addNew group-2EB46BA3F1CC:[44ff3c81-7686-42b4-8c4a-8f964f23b515:192.168.34.5:46116] returns group-2EB46BA3F1CC:java.util.concurrent.CompletableFuture@6e315044[Not completed]
2019-09-19 09:51:55,262 [pool-186-thread-1] INFO  impl.RaftServerImpl (RaftServerImpl.java:<init>(93)) - 44ff3c81-7686-42b4-8c4a-8f964f23b515: new RaftServerImpl for group-2EB46BA3F1CC:[44ff3c81-7686-42b4-8c4a-8f964f23b515:192.168.34.5:46116] with ContainerStateMachine:uninitialized
2019-09-19 09:51:55,262 [pool-186-thread-1] INFO  server.RaftServerConfigKeys (ConfUtils.java:logGet(43)) - raft.server.rpc.timeout.min = 5s (custom)
2019-09-19 09:51:55,262 [pool-186-thread-1] INFO  server.RaftServerConfigKeys (ConfUtils.java:logGet(43)) - raft.server.rpc.timeout.max = 5200ms (custom)
2019-09-19 09:51:55,262 [pool-186-thread-1] INFO  server.RaftServerConfigKeys (ConfUtils.java:logGet(43)) - raft.server.rpcslowness.timeout = 120s (custom)
2019-09-19 09:51:55,262 [pool-186-thread-1] INFO  server.RaftServerConfigKeys (ConfUtils.java:logGet(43)) - raft.server.sleep.deviation.threshold = 300 (default)
2019-09-19 09:51:55,262 [pool-186-thread-1] INFO  server.RaftServerConfigKeys (ConfUtils.java:logGet(43)) - raft.server.log.appender.install.snapshot.enabled = false (custom)
2019-09-19 09:51:55,262 [pool-186-thread-1] INFO  impl.RaftServerImpl (ServerState.java:<init>(105)) - 44ff3c81-7686-42b4-8c4a-8f964f23b515:group-2EB46BA3F1CC ConfigurationManager, init=-1: [44ff3c81-7686-42b4-8c4a-8f964f23b515:192.168.34.5:46116], old=null, confs=<EMPTY_MAP>
2019-09-19 09:51:55,263 [pool-186-thread-1] INFO  server.RaftServerConfigKeys (ConfUtils.java:logGet(43)) - raft.server.storage.dir = [/workdir/hadoop-ozone/ozonefs/target/test-dir/MiniOzoneClusterImpl-ef25c7d6-713f-480d-a3e2-ca8e4934b2a4/datanode-0/data/ratis] (custom)
2019-09-19 09:51:55,263 [pool-186-thread-1] INFO  storage.RaftStorageDirectory (RaftStorageDirectory.java:analyzeStorage(246)) - The storage directory /workdir/hadoop-ozone/ozonefs/target/test-dir/MiniOzoneClusterImpl-ef25c7d6-713f-480d-a3e2-ca8e4934b2a4/datanode-0/data/ratis/9d75ef50-bd56-435f-8276-2eb46ba3f1cc does not exist. Creating ...
2019-09-19 09:51:55,265 [pool-186-thread-1] INFO  storage.RaftStorageDirectory (RaftStorageDirectory.java:tryLock(328)) - Lock on /workdir/hadoop-ozone/ozonefs/target/test-dir/MiniOzoneClusterImpl-ef25c7d6-713f-480d-a3e2-ca8e4934b2a4/datanode-0/data/ratis/9d75ef50-bd56-435f-8276-2eb46ba3f1cc/in_use.lock acquired by nodename 9507@pr-hdds-1569-j4bt4-3030777008
2019-09-19 09:51:55,270 [pool-186-thread-1] INFO  storage.RaftStorage (RaftStorage.java:format(72)) - Storage directory /workdir/hadoop-ozone/ozonefs/target/test-dir/MiniOzoneClusterImpl-ef25c7d6-713f-480d-a3e2-ca8e4934b2a4/datanode-0/data/ratis/9d75ef50-bd56-435f-8276-2eb46ba3f1cc has been successfully formatted.
2019-09-19 09:51:55,271 [pool-186-thread-1] INFO  ratis.ContainerStateMachine (ContainerStateMachine.java:loadSnapshot(226)) - group-2EB46BA3F1CC: The snapshot info is null. Setting the last applied indexto:(t:0, i:~)
2019-09-19 09:51:55,271 [pool-186-thread-1] INFO  server.RaftServerConfigKeys (ConfUtils.java:logGet(43)) - raft.server.leader.election.timeout = 120s (custom)
2019-09-19 09:51:55,271 [pool-186-thread-1] INFO  server.RaftServerConfigKeys (ConfUtils.java:logGet(43)) - raft.server.log.use.memory = false (default)
2019-09-19 09:51:55,271 [pool-186-thread-1] INFO  server.RaftServerConfigKeys (ConfUtils.java:logGet(43)) - raft.server.log.purge.gap = 1000000 (custom)
2019-09-19 09:51:55,271 [pool-186-thread-1] INFO  server.RaftServerConfigKeys (ConfUtils.java:logGet(43)) - raft.server.log.appender.buffer.byte-limit = 33554432 (custom)
2019-09-19 09:51:55,271 [pool-186-thread-1] INFO  server.RaftServerConfigKeys (ConfUtils.java:logGet(43)) - raft.server.log.segment.size.max = 1048576 (custom)
2019-09-19 09:51:55,271 [pool-186-thread-1] INFO  server.RaftServerConfigKeys (ConfUtils.java:logGet(43)) - raft.server.log.segment.cache.num.max = 2 (custom)
2019-09-19 09:51:55,271 [pool-186-thread-1] INFO  segmented.SegmentedRaftLogWorker (SegmentedRaftLogWorker.java:<init>(172)) - new 44ff3c81-7686-42b4-8c4a-8f964f23b515-SegmentedRaftLogWorker:Storage Directory /workdir/hadoop-ozone/ozonefs/target/test-dir/MiniOzoneClusterImpl-ef25c7d6-713f-480d-a3e2-ca8e4934b2a4/datanode-0/data/ratis/9d75ef50-bd56-435f-8276-2eb46ba3f1cc for RaftStorage:Storage Directory /workdir/hadoop-ozone/ozonefs/target/test-dir/MiniOzoneClusterImpl-ef25c7d6-713f-480d-a3e2-ca8e4934b2a4/datanode-0/data/ratis/9d75ef50-bd56-435f-8276-2eb46ba3f1cc
2019-09-19 09:51:55,272 [pool-186-thread-1] INFO  server.RaftServerConfigKeys (ConfUtils.java:logGet(43)) - raft.server.log.queue.byte-limit = 2147483647 (custom)
2019-09-19 09:51:55,272 [pool-186-thread-1] INFO  server.RaftServerConfigKeys (ConfUtils.java:logGet(43)) - raft.server.log.queue.element-limit = 1024 (custom)
2019-09-19 09:51:55,272 [pool-186-thread-1] INFO  server.RaftServerConfigKeys (ConfUtils.java:logGet(43)) - raft.server.log.segment.size.max = 1048576 (custom)
2019-09-19 09:51:55,272 [pool-186-thread-1] INFO  server.RaftServerConfigKeys (ConfUtils.java:logGet(43)) - raft.server.log.preallocated.size = 16384 (custom)
2019-09-19 09:51:55,272 [pool-186-thread-1] INFO  server.RaftServerConfigKeys (ConfUtils.java:logGet(43)) - raft.server.log.write.buffer.size = 33554432 (custom)
2019-09-19 09:51:55,272 [pool-186-thread-1] INFO  server.RaftServerConfigKeys (ConfUtils.java:logGet(43)) - raft.server.log.force.sync.num = 128 (default)
2019-09-19 09:51:55,272 [pool-186-thread-1] INFO  server.RaftServerConfigKeys (ConfUtils.java:logGet(43)) - raft.server.log.statemachine.data.sync = true (default)
2019-09-19 09:51:55,272 [pool-186-thread-1] INFO  server.RaftServerConfigKeys (ConfUtils.java:logGet(43)) - raft.server.log.statemachine.data.sync.timeout = 10s (default)
2019-09-19 09:51:55,272 [pool-186-thread-1] INFO  server.RaftServerConfigKeys (ConfUtils.java:logGet(43)) - raft.server.log.statemachine.data.sync.timeout.retry = -1 (default)
2019-09-19 09:51:55,272 [pool-186-thread-1] INFO  server.RaftServerConfigKeys (ConfUtils.java:logGet(43)) - raft.server.log.statemachine.data.caching.enabled = true (custom)
2019-09-19 09:51:55,273 [pool-186-thread-1] INFO  segmented.SegmentedRaftLogWorker (SegmentedRaftLogWorker.java:lambda$new$0(132)) - 44ff3c81-7686-42b4-8c4a-8f964f23b515-SegmentedRaftLogWorker:Storage Directory /workdir/hadoop-ozone/ozonefs/target/test-dir/MiniOzoneClusterImpl-ef25c7d6-713f-480d-a3e2-ca8e4934b2a4/datanode-0/data/ratis/9d75ef50-bd56-435f-8276-2eb46ba3f1cc: flushIndex: setUnconditionally 0 -> -1
2019-09-19 09:51:55,273 [pool-186-thread-1] INFO  server.RaftServerConfigKeys (ConfUtils.java:logGet(43)) - raft.server.snapshot.auto.trigger.enabled = true (custom)
2019-09-19 09:51:55,273 [pool-186-thread-1] INFO  server.RaftServerConfigKeys (ConfUtils.java:logGet(43)) - raft.server.snapshot.auto.trigger.threshold = 10000 (custom)
2019-09-19 09:51:55,273 [pool-186-thread-1] INFO  server.RaftServerConfigKeys (ConfUtils.java:logGet(43)) - raft.server.retrycache.expirytime = 600000ms (custom)
2019-09-19 09:51:55,273 [pool-186-thread-1] INFO  impl.RaftServerImpl (RaftServerImpl.java:start(180)) - 44ff3c81-7686-42b4-8c4a-8f964f23b515: start group-2EB46BA3F1CC
2019-09-19 09:51:55,273 [pool-186-thread-1] INFO  impl.RaftServerImpl (RaftServerImpl.java:setRole(171)) - 44ff3c81-7686-42b4-8c4a-8f964f23b515:group-2EB46BA3F1CC changes role from null to FOLLOWER at term 0 for startAsFollower
2019-09-19 09:51:55,274 [pool-186-thread-1] INFO  impl.RoleInfo (RoleInfo.java:updateAndGet(143)) - 44ff3c81-7686-42b4-8c4a-8f964f23b515: start FollowerState
2019-09-19 09:51:55,274 [pool-186-thread-1] INFO  util.JmxRegister (JmxRegister.java:tryRegister(44)) - Successfully registered JMX Bean with object name Ratis:service=RaftServer,group=group-2EB46BA3F1CC,id=44ff3c81-7686-42b4-8c4a-8f964f23b515
2019-09-19 09:51:55,276 [RatisPipelineUtilsThread] INFO  pipeline.PipelineStateManager (PipelineStateManager.java:addPipeline(56)) - Created pipeline Pipeline[ Id: 9d75ef50-bd56-435f-8276-2eb46ba3f1cc, Nodes: 44ff3c81-7686-42b4-8c4a-8f964f23b515{ip: 192.168.34.5, host: pr-hdds-1569-j4bt4-3030777008, networkLocation: /default-rack, certSerialId: null}, Type:RATIS, Factor:ONE, State:OPEN]
2019-09-19 09:51:55,277 [RatisPipelineUtilsThread] ERROR pipeline.PipelinePlacementPolicy (PipelinePlacementPolicy.java:meetCriteria(91)) - Pipeline Placement: Doesn't meet the criteria to be viable node. Heaviness: 6
2019-09-19 09:51:55,282 [grpc-default-executor-0] INFO  impl.RaftServerProxy (RaftServerProxy.java:addNew(89)) - ee633067-66ce-44af-917e-6e63bc174d2a: addNew group-52004A204A4C:[ee633067-66ce-44af-917e-6e63bc174d2a:192.168.34.5:36770] returns group-52004A204A4C:java.util.concurrent.CompletableFuture@41a94861[Not completed]
2019-09-19 09:51:55,283 [pool-197-thread-1] INFO  impl.RaftServerImpl (RaftServerImpl.java:<init>(93)) - ee633067-66ce-44af-917e-6e63bc174d2a: new RaftServerImpl for group-52004A204A4C:[ee633067-66ce-44af-917e-6e63bc174d2a:192.168.34.5:36770] with ContainerStateMachine:uninitialized
2019-09-19 09:51:55,284 [pool-197-thread-1] INFO  server.RaftServerConfigKeys (ConfUtils.java:logGet(43)) - raft.server.rpc.timeout.min = 5s (custom)
2019-09-19 09:51:55,284 [pool-197-thread-1] INFO  server.RaftServerConfigKeys (ConfUtils.java:logGet(43)) - raft.server.rpc.timeout.max = 5200ms (custom)
2019-09-19 09:51:55,284 [pool-197-thread-1] INFO  server.RaftServerConfigKeys (ConfUtils.java:logGet(43)) - raft.server.rpcslowness.timeout = 120s (custom)
2019-09-19 09:51:55,284 [pool-197-thread-1] INFO  server.RaftServerConfigKeys (ConfUtils.java:logGet(43)) - raft.server.sleep.deviation.threshold = 300 (default)
2019-09-19 09:51:55,284 [pool-197-thread-1] INFO  server.RaftServerConfigKeys (ConfUtils.java:logGet(43)) - raft.server.log.appender.install.snapshot.enabled = false (custom)
2019-09-19 09:51:55,284 [pool-197-thread-1] INFO  impl.RaftServerImpl (ServerState.java:<init>(105)) - ee633067-66ce-44af-917e-6e63bc174d2a:group-52004A204A4C ConfigurationManager, init=-1: [ee633067-66ce-44af-917e-6e63bc174d2a:192.168.34.5:36770], old=null, confs=<EMPTY_MAP>
2019-09-19 09:51:55,285 [pool-197-thread-1] INFO  server.RaftServerConfigKeys (ConfUtils.java:logGet(43)) - raft.server.storage.dir = [/workdir/hadoop-ozone/ozonefs/target/test-dir/MiniOzoneClusterImpl-ef25c7d6-713f-480d-a3e2-ca8e4934b2a4/datanode-1/data/ratis] (custom)
2019-09-19 09:51:55,285 [pool-197-thread-1] INFO  storage.RaftStorageDirectory (RaftStorageDirectory.java:analyzeStorage(246)) - The storage directory /workdir/hadoop-ozone/ozonefs/target/test-dir/MiniOzoneClusterImpl-ef25c7d6-713f-480d-a3e2-ca8e4934b2a4/datanode-1/data/ratis/02d76e7c-09d7-4189-9e77-52004a204a4c does not exist. Creating ...
2019-09-19 09:51:55,297 [pool-197-thread-1] INFO  storage.RaftStorageDirectory (RaftStorageDirectory.java:tryLock(328)) - Lock on /workdir/hadoop-ozone/ozonefs/target/test-dir/MiniOzoneClusterImpl-ef25c7d6-713f-480d-a3e2-ca8e4934b2a4/datanode-1/data/ratis/02d76e7c-09d7-4189-9e77-52004a204a4c/in_use.lock acquired by nodename 9507@pr-hdds-1569-j4bt4-3030777008
2019-09-19 09:51:55,311 [pool-197-thread-1] INFO  storage.RaftStorage (RaftStorage.java:format(72)) - Storage directory /workdir/hadoop-ozone/ozonefs/target/test-dir/MiniOzoneClusterImpl-ef25c7d6-713f-480d-a3e2-ca8e4934b2a4/datanode-1/data/ratis/02d76e7c-09d7-4189-9e77-52004a204a4c has been successfully formatted.
2019-09-19 09:51:55,311 [pool-197-thread-1] INFO  ratis.ContainerStateMachine (ContainerStateMachine.java:loadSnapshot(226)) - group-52004A204A4C: The snapshot info is null. Setting the last applied indexto:(t:0, i:~)
2019-09-19 09:51:55,311 [pool-197-thread-1] INFO  server.RaftServerConfigKeys (ConfUtils.java:logGet(43)) - raft.server.leader.election.timeout = 120s (custom)
2019-09-19 09:51:55,311 [pool-197-thread-1] INFO  server.RaftServerConfigKeys (ConfUtils.java:logGet(43)) - raft.server.log.use.memory = false (default)
2019-09-19 09:51:55,312 [pool-197-thread-1] INFO  server.RaftServerConfigKeys (ConfUtils.java:logGet(43)) - raft.server.log.purge.gap = 1000000 (custom)
2019-09-19 09:51:55,312 [pool-197-thread-1] INFO  server.RaftServerConfigKeys (ConfUtils.java:logGet(43)) - raft.server.log.appender.buffer.byte-limit = 33554432 (custom)
2019-09-19 09:51:55,312 [pool-197-thread-1] INFO  server.RaftServerConfigKeys (ConfUtils.java:logGet(43)) - raft.server.log.segment.size.max = 1048576 (custom)
2019-09-19 09:51:55,312 [pool-197-thread-1] INFO  server.RaftServerConfigKeys (ConfUtils.java:logGet(43)) - raft.server.log.segment.cache.num.max = 2 (custom)
2019-09-19 09:51:55,312 [pool-197-thread-1] INFO  segmented.SegmentedRaftLogWorker (SegmentedRaftLogWorker.java:<init>(172)) - new ee633067-66ce-44af-917e-6e63bc174d2a-SegmentedRaftLogWorker:Storage Directory /workdir/hadoop-ozone/ozonefs/target/test-dir/MiniOzoneClusterImpl-ef25c7d6-713f-480d-a3e2-ca8e4934b2a4/datanode-1/data/ratis/02d76e7c-09d7-4189-9e77-52004a204a4c for RaftStorage:Storage Directory /workdir/hadoop-ozone/ozonefs/target/test-dir/MiniOzoneClusterImpl-ef25c7d6-713f-480d-a3e2-ca8e4934b2a4/datanode-1/data/ratis/02d76e7c-09d7-4189-9e77-52004a204a4c
2019-09-19 09:51:55,312 [pool-197-thread-1] INFO  server.RaftServerConfigKeys (ConfUtils.java:logGet(43)) - raft.server.log.queue.byte-limit = 2147483647 (custom)
2019-09-19 09:51:55,312 [pool-197-thread-1] INFO  server.RaftServerConfigKeys (ConfUtils.java:logGet(43)) - raft.server.log.queue.element-limit = 1024 (custom)
2019-09-19 09:51:55,313 [pool-197-thread-1] INFO  server.RaftServerConfigKeys (ConfUtils.java:logGet(43)) - raft.server.log.segment.size.max = 1048576 (custom)
2019-09-19 09:51:55,313 [pool-197-thread-1] INFO  server.RaftServerConfigKeys (ConfUtils.java:logGet(43)) - raft.server.log.preallocated.size = 16384 (custom)
2019-09-19 09:51:55,313 [pool-197-thread-1] INFO  server.RaftServerConfigKeys (ConfUtils.java:logGet(43)) - raft.server.log.write.buffer.size = 33554432 (custom)
2019-09-19 09:51:55,313 [pool-197-thread-1] INFO  server.RaftServerConfigKeys (ConfUtils.java:logGet(43)) - raft.server.log.force.sync.num = 128 (default)
2019-09-19 09:51:55,313 [pool-197-thread-1] INFO  server.RaftServerConfigKeys (ConfUtils.java:logGet(43)) - raft.server.log.statemachine.data.sync = true (default)
2019-09-19 09:51:55,314 [pool-197-thread-1] INFO  server.RaftServerConfigKeys (ConfUtils.java:logGet(43)) - raft.server.log.statemachine.data.sync.timeout = 10s (default)
2019-09-19 09:51:55,314 [pool-197-thread-1] INFO  server.RaftServerConfigKeys (ConfUtils.java:logGet(43)) - raft.server.log.statemachine.data.sync.timeout.retry = -1 (default)
2019-09-19 09:51:55,314 [pool-197-thread-1] INFO  server.RaftServerConfigKeys (ConfUtils.java:logGet(43)) - raft.server.log.statemachine.data.caching.enabled = true (custom)
2019-09-19 09:51:55,314 [pool-197-thread-1] INFO  segmented.SegmentedRaftLogWorker (SegmentedRaftLogWorker.java:lambda$new$0(132)) - ee633067-66ce-44af-917e-6e63bc174d2a-SegmentedRaftLogWorker:Storage Directory /workdir/hadoop-ozone/ozonefs/target/test-dir/MiniOzoneClusterImpl-ef25c7d6-713f-480d-a3e2-ca8e4934b2a4/datanode-1/data/ratis/02d76e7c-09d7-4189-9e77-52004a204a4c: flushIndex: setUnconditionally 0 -> -1
2019-09-19 09:51:55,315 [pool-197-thread-1] INFO  server.RaftServerConfigKeys (ConfUtils.java:logGet(43)) - raft.server.snapshot.auto.trigger.enabled = true (custom)
2019-09-19 09:51:55,315 [pool-197-thread-1] INFO  server.RaftServerConfigKeys (ConfUtils.java:logGet(43)) - raft.server.snapshot.auto.trigger.threshold = 10000 (custom)
2019-09-19 09:51:55,315 [pool-197-thread-1] INFO  server.RaftServerConfigKeys (ConfUtils.java:logGet(43)) - raft.server.retrycache.expirytime = 600000ms (custom)
2019-09-19 09:51:55,315 [pool-197-thread-1] INFO  impl.RaftServerImpl (RaftServerImpl.java:start(180)) - ee633067-66ce-44af-917e-6e63bc174d2a: start group-52004A204A4C
2019-09-19 09:51:55,315 [pool-197-thread-1] INFO  impl.RaftServerImpl (RaftServerImpl.java:setRole(171)) - ee633067-66ce-44af-917e-6e63bc174d2a:group-52004A204A4C changes role from null to FOLLOWER at term 0 for startAsFollower
2019-09-19 09:51:55,315 [pool-197-thread-1] INFO  impl.RoleInfo (RoleInfo.java:updateAndGet(143)) - ee633067-66ce-44af-917e-6e63bc174d2a: start FollowerState
2019-09-19 09:51:55,316 [pool-197-thread-1] INFO  util.JmxRegister (JmxRegister.java:tryRegister(44)) - Successfully registered JMX Bean with object name Ratis:service=RaftServer,group=group-52004A204A4C,id=ee633067-66ce-44af-917e-6e63bc174d2a
2019-09-19 09:51:55,319 [RatisPipelineUtilsThread] INFO  pipeline.PipelineStateManager (PipelineStateManager.java:addPipeline(56)) - Created pipeline Pipeline[ Id: 02d76e7c-09d7-4189-9e77-52004a204a4c, Nodes: ee633067-66ce-44af-917e-6e63bc174d2a{ip: 192.168.34.5, host: pr-hdds-1569-j4bt4-3030777008, networkLocation: /default-rack, certSerialId: null}, Type:RATIS, Factor:ONE, State:OPEN]
2019-09-19 09:51:55,320 [RatisPipelineUtilsThread] ERROR pipeline.PipelinePlacementPolicy (PipelinePlacementPolicy.java:meetCriteria(91)) - Pipeline Placement: Doesn't meet the criteria to be viable node. Heaviness: 6
2019-09-19 09:51:55,326 [grpc-default-executor-0] INFO  impl.RaftServerProxy (RaftServerProxy.java:addNew(89)) - ee633067-66ce-44af-917e-6e63bc174d2a: addNew group-7EC278A28FEB:[ee633067-66ce-44af-917e-6e63bc174d2a:192.168.34.5:36770] returns group-7EC278A28FEB:java.util.concurrent.CompletableFuture@4a42803e[Not completed]
2019-09-19 09:51:55,327 [pool-197-thread-1] INFO  impl.RaftServerImpl (RaftServerImpl.java:<init>(93)) - ee633067-66ce-44af-917e-6e63bc174d2a: new RaftServerImpl for group-7EC278A28FEB:[ee633067-66ce-44af-917e-6e63bc174d2a:192.168.34.5:36770] with ContainerStateMachine:uninitialized
2019-09-19 09:51:55,327 [pool-197-thread-1] INFO  server.RaftServerConfigKeys (ConfUtils.java:logGet(43)) - raft.server.rpc.timeout.min = 5s (custom)
2019-09-19 09:51:55,327 [pool-197-thread-1] INFO  server.RaftServerConfigKeys (ConfUtils.java:logGet(43)) - raft.server.rpc.timeout.max = 5200ms (custom)
2019-09-19 09:51:55,328 [pool-197-thread-1] INFO  server.RaftServerConfigKeys (ConfUtils.java:logGet(43)) - raft.server.rpcslowness.timeout = 120s (custom)
2019-09-19 09:51:55,328 [pool-197-thread-1] INFO  server.RaftServerConfigKeys (ConfUtils.java:logGet(43)) - raft.server.sleep.deviation.threshold = 300 (default)
2019-09-19 09:51:55,328 [pool-197-thread-1] INFO  server.RaftServerConfigKeys (ConfUtils.java:logGet(43)) - raft.server.log.appender.install.snapshot.enabled = false (custom)
2019-09-19 09:51:55,328 [pool-197-thread-1] INFO  impl.RaftServerImpl (ServerState.java:<init>(105)) - ee633067-66ce-44af-917e-6e63bc174d2a:group-7EC278A28FEB ConfigurationManager, init=-1: [ee633067-66ce-44af-917e-6e63bc174d2a:192.168.34.5:36770], old=null, confs=<EMPTY_MAP>
2019-09-19 09:51:55,328 [pool-197-thread-1] INFO  server.RaftServerConfigKeys (ConfUtils.java:logGet(43)) - raft.server.storage.dir = [/workdir/hadoop-ozone/ozonefs/target/test-dir/MiniOzoneClusterImpl-ef25c7d6-713f-480d-a3e2-ca8e4934b2a4/datanode-1/data/ratis] (custom)
2019-09-19 09:51:55,329 [pool-197-thread-1] INFO  storage.RaftStorageDirectory (RaftStorageDirectory.java:analyzeStorage(246)) - The storage directory /workdir/hadoop-ozone/ozonefs/target/test-dir/MiniOzoneClusterImpl-ef25c7d6-713f-480d-a3e2-ca8e4934b2a4/datanode-1/data/ratis/98e0a270-8f9e-4466-929b-7ec278a28feb does not exist. Creating ...
2019-09-19 09:51:55,342 [pool-197-thread-1] INFO  storage.RaftStorageDirectory (RaftStorageDirectory.java:tryLock(328)) - Lock on /workdir/hadoop-ozone/ozonefs/target/test-dir/MiniOzoneClusterImpl-ef25c7d6-713f-480d-a3e2-ca8e4934b2a4/datanode-1/data/ratis/98e0a270-8f9e-4466-929b-7ec278a28feb/in_use.lock acquired by nodename 9507@pr-hdds-1569-j4bt4-3030777008
2019-09-19 09:51:55,355 [pool-197-thread-1] INFO  storage.RaftStorage (RaftStorage.java:format(72)) - Storage directory /workdir/hadoop-ozone/ozonefs/target/test-dir/MiniOzoneClusterImpl-ef25c7d6-713f-480d-a3e2-ca8e4934b2a4/datanode-1/data/ratis/98e0a270-8f9e-4466-929b-7ec278a28feb has been successfully formatted.
2019-09-19 09:51:55,355 [pool-197-thread-1] INFO  ratis.ContainerStateMachine (ContainerStateMachine.java:loadSnapshot(226)) - group-7EC278A28FEB: The snapshot info is null. Setting the last applied indexto:(t:0, i:~)
2019-09-19 09:51:55,355 [pool-197-thread-1] INFO  server.RaftServerConfigKeys (ConfUtils.java:logGet(43)) - raft.server.leader.election.timeout = 120s (custom)
2019-09-19 09:51:55,356 [pool-197-thread-1] INFO  server.RaftServerConfigKeys (ConfUtils.java:logGet(43)) - raft.server.log.use.memory = false (default)
2019-09-19 09:51:55,356 [pool-197-thread-1] INFO  server.RaftServerConfigKeys (ConfUtils.java:logGet(43)) - raft.server.log.purge.gap = 1000000 (custom)
2019-09-19 09:51:55,356 [pool-197-thread-1] INFO  server.RaftServerConfigKeys (ConfUtils.java:logGet(43)) - raft.server.log.appender.buffer.byte-limit = 33554432 (custom)
2019-09-19 09:51:55,356 [pool-197-thread-1] INFO  server.RaftServerConfigKeys (ConfUtils.java:logGet(43)) - raft.server.log.segment.size.max = 1048576 (custom)
2019-09-19 09:51:55,356 [pool-197-thread-1] INFO  server.RaftServerConfigKeys (ConfUtils.java:logGet(43)) - raft.server.log.segment.cache.num.max = 2 (custom)
2019-09-19 09:51:55,357 [pool-197-thread-1] INFO  segmented.SegmentedRaftLogWorker (SegmentedRaftLogWorker.java:<init>(172)) - new ee633067-66ce-44af-917e-6e63bc174d2a-SegmentedRaftLogWorker:Storage Directory /workdir/hadoop-ozone/ozonefs/target/test-dir/MiniOzoneClusterImpl-ef25c7d6-713f-480d-a3e2-ca8e4934b2a4/datanode-1/data/ratis/98e0a270-8f9e-4466-929b-7ec278a28feb for RaftStorage:Storage Directory /workdir/hadoop-ozone/ozonefs/target/test-dir/MiniOzoneClusterImpl-ef25c7d6-713f-480d-a3e2-ca8e4934b2a4/datanode-1/data/ratis/98e0a270-8f9e-4466-929b-7ec278a28feb
2019-09-19 09:51:55,357 [pool-197-thread-1] INFO  server.RaftServerConfigKeys (ConfUtils.java:logGet(43)) - raft.server.log.queue.byte-limit = 2147483647 (custom)
2019-09-19 09:51:55,357 [pool-197-thread-1] INFO  server.RaftServerConfigKeys (ConfUtils.java:logGet(43)) - raft.server.log.queue.element-limit = 1024 (custom)
2019-09-19 09:51:55,357 [pool-197-thread-1] INFO  server.RaftServerConfigKeys (ConfUtils.java:logGet(43)) - raft.server.log.segment.size.max = 1048576 (custom)
2019-09-19 09:51:55,357 [pool-197-thread-1] INFO  server.RaftServerConfigKeys (ConfUtils.java:logGet(43)) - raft.server.log.preallocated.size = 16384 (custom)
2019-09-19 09:51:55,358 [pool-197-thread-1] INFO  server.RaftServerConfigKeys (ConfUtils.java:logGet(43)) - raft.server.log.write.buffer.size = 33554432 (custom)
2019-09-19 09:51:55,358 [pool-197-thread-1] INFO  server.RaftServerConfigKeys (ConfUtils.java:logGet(43)) - raft.server.log.force.sync.num = 128 (default)
2019-09-19 09:51:55,358 [pool-197-thread-1] INFO  server.RaftServerConfigKeys (ConfUtils.java:logGet(43)) - raft.server.log.statemachine.data.sync = true (default)
2019-09-19 09:51:55,358 [pool-197-thread-1] INFO  server.RaftServerConfigKeys (ConfUtils.java:logGet(43)) - raft.server.log.statemachine.data.sync.timeout = 10s (default)
2019-09-19 09:51:55,358 [pool-197-thread-1] INFO  server.RaftServerConfigKeys (ConfUtils.java:logGet(43)) - raft.server.log.statemachine.data.sync.timeout.retry = -1 (default)
2019-09-19 09:51:55,359 [pool-197-thread-1] INFO  server.RaftServerConfigKeys (ConfUtils.java:logGet(43)) - raft.server.log.statemachine.data.caching.enabled = true (custom)
2019-09-19 09:51:55,359 [pool-197-thread-1] INFO  segmented.SegmentedRaftLogWorker (SegmentedRaftLogWorker.java:lambda$new$0(132)) - ee633067-66ce-44af-917e-6e63bc174d2a-SegmentedRaftLogWorker:Storage Directory /workdir/hadoop-ozone/ozonefs/target/test-dir/MiniOzoneClusterImpl-ef25c7d6-713f-480d-a3e2-ca8e4934b2a4/datanode-1/data/ratis/98e0a270-8f9e-4466-929b-7ec278a28feb: flushIndex: setUnconditionally 0 -> -1
2019-09-19 09:51:55,359 [pool-197-thread-1] INFO  server.RaftServerConfigKeys (ConfUtils.java:logGet(43)) - raft.server.snapshot.auto.trigger.enabled = true (custom)
2019-09-19 09:51:55,360 [pool-197-thread-1] INFO  server.RaftServerConfigKeys (ConfUtils.java:logGet(43)) - raft.server.snapshot.auto.trigger.threshold = 10000 (custom)
2019-09-19 09:51:55,360 [pool-197-thread-1] INFO  server.RaftServerConfigKeys (ConfUtils.java:logGet(43)) - raft.server.retrycache.expirytime = 600000ms (custom)
2019-09-19 09:51:55,360 [pool-197-thread-1] INFO  impl.RaftServerImpl (RaftServerImpl.java:start(180)) - ee633067-66ce-44af-917e-6e63bc174d2a: start group-7EC278A28FEB
2019-09-19 09:51:55,360 [pool-197-thread-1] INFO  impl.RaftServerImpl (RaftServerImpl.java:setRole(171)) - ee633067-66ce-44af-917e-6e63bc174d2a:group-7EC278A28FEB changes role from null to FOLLOWER at term 0 for startAsFollower
2019-09-19 09:51:55,360 [pool-197-thread-1] INFO  impl.RoleInfo (RoleInfo.java:updateAndGet(143)) - ee633067-66ce-44af-917e-6e63bc174d2a: start FollowerState
2019-09-19 09:51:55,361 [pool-197-thread-1] INFO  util.JmxRegister (JmxRegister.java:tryRegister(44)) - Successfully registered JMX Bean with object name Ratis:service=RaftServer,group=group-7EC278A28FEB,id=ee633067-66ce-44af-917e-6e63bc174d2a
2019-09-19 09:51:55,366 [RatisPipelineUtilsThread] INFO  pipeline.PipelineStateManager (PipelineStateManager.java:addPipeline(56)) - Created pipeline Pipeline[ Id: 98e0a270-8f9e-4466-929b-7ec278a28feb, Nodes: ee633067-66ce-44af-917e-6e63bc174d2a{ip: 192.168.34.5, host: pr-hdds-1569-j4bt4-3030777008, networkLocation: /default-rack, certSerialId: null}, Type:RATIS, Factor:ONE, State:OPEN]
2019-09-19 09:51:55,366 [RatisPipelineUtilsThread] ERROR pipeline.PipelinePlacementPolicy (PipelinePlacementPolicy.java:meetCriteria(91)) - Pipeline Placement: Doesn't meet the criteria to be viable node. Heaviness: 6
2019-09-19 09:51:55,374 [grpc-default-executor-0] INFO  impl.RaftServerProxy (RaftServerProxy.java:addNew(89)) - ee633067-66ce-44af-917e-6e63bc174d2a: addNew group-1BE0F7864EBA:[ee633067-66ce-44af-917e-6e63bc174d2a:192.168.34.5:36770] returns group-1BE0F7864EBA:java.util.concurrent.CompletableFuture@63106758[Not completed]
2019-09-19 09:51:55,376 [pool-197-thread-1] INFO  impl.RaftServerImpl (RaftServerImpl.java:<init>(93)) - ee633067-66ce-44af-917e-6e63bc174d2a: new RaftServerImpl for group-1BE0F7864EBA:[ee633067-66ce-44af-917e-6e63bc174d2a:192.168.34.5:36770] with ContainerStateMachine:uninitialized
2019-09-19 09:51:55,377 [pool-197-thread-1] INFO  server.RaftServerConfigKeys (ConfUtils.java:logGet(43)) - raft.server.rpc.timeout.min = 5s (custom)
2019-09-19 09:51:55,377 [pool-197-thread-1] INFO  server.RaftServerConfigKeys (ConfUtils.java:logGet(43)) - raft.server.rpc.timeout.max = 5200ms (custom)
2019-09-19 09:51:55,377 [pool-197-thread-1] INFO  server.RaftServerConfigKeys (ConfUtils.java:logGet(43)) - raft.server.rpcslowness.timeout = 120s (custom)
2019-09-19 09:51:55,377 [pool-197-thread-1] INFO  server.RaftServerConfigKeys (ConfUtils.java:logGet(43)) - raft.server.sleep.deviation.threshold = 300 (default)
2019-09-19 09:51:55,377 [pool-197-thread-1] INFO  server.RaftServerConfigKeys (ConfUtils.java:logGet(43)) - raft.server.log.appender.install.snapshot.enabled = false (custom)
2019-09-19 09:51:55,377 [pool-197-thread-1] INFO  impl.RaftServerImpl (ServerState.java:<init>(105)) - ee633067-66ce-44af-917e-6e63bc174d2a:group-1BE0F7864EBA ConfigurationManager, init=-1: [ee633067-66ce-44af-917e-6e63bc174d2a:192.168.34.5:36770], old=null, confs=<EMPTY_MAP>
2019-09-19 09:51:55,378 [pool-197-thread-1] INFO  server.RaftServerConfigKeys (ConfUtils.java:logGet(43)) - raft.server.storage.dir = [/workdir/hadoop-ozone/ozonefs/target/test-dir/MiniOzoneClusterImpl-ef25c7d6-713f-480d-a3e2-ca8e4934b2a4/datanode-1/data/ratis] (custom)
2019-09-19 09:51:55,378 [pool-197-thread-1] INFO  storage.RaftStorageDirectory (RaftStorageDirectory.java:analyzeStorage(246)) - The storage directory /workdir/hadoop-ozone/ozonefs/target/test-dir/MiniOzoneClusterImpl-ef25c7d6-713f-480d-a3e2-ca8e4934b2a4/datanode-1/data/ratis/bf6adf91-d2f2-4248-a8a9-1be0f7864eba does not exist. Creating ...
2019-09-19 09:51:55,391 [pool-197-thread-1] INFO  storage.RaftStorageDirectory (RaftStorageDirectory.java:tryLock(328)) - Lock on /workdir/hadoop-ozone/ozonefs/target/test-dir/MiniOzoneClusterImpl-ef25c7d6-713f-480d-a3e2-ca8e4934b2a4/datanode-1/data/ratis/bf6adf91-d2f2-4248-a8a9-1be0f7864eba/in_use.lock acquired by nodename 9507@pr-hdds-1569-j4bt4-3030777008
2019-09-19 09:51:55,404 [pool-197-thread-1] INFO  storage.RaftStorage (RaftStorage.java:format(72)) - Storage directory /workdir/hadoop-ozone/ozonefs/target/test-dir/MiniOzoneClusterImpl-ef25c7d6-713f-480d-a3e2-ca8e4934b2a4/datanode-1/data/ratis/bf6adf91-d2f2-4248-a8a9-1be0f7864eba has been successfully formatted.
2019-09-19 09:51:55,405 [pool-197-thread-1] INFO  ratis.ContainerStateMachine (ContainerStateMachine.java:loadSnapshot(226)) - group-1BE0F7864EBA: The snapshot info is null. Setting the last applied indexto:(t:0, i:~)
2019-09-19 09:51:55,405 [pool-197-thread-1] INFO  server.RaftServerConfigKeys (ConfUtils.java:logGet(43)) - raft.server.leader.election.timeout = 120s (custom)
2019-09-19 09:51:55,405 [pool-197-thread-1] INFO  server.RaftServerConfigKeys (ConfUtils.java:logGet(43)) - raft.server.log.use.memory = false (default)
2019-09-19 09:51:55,405 [pool-197-thread-1] INFO  server.RaftServerConfigKeys (ConfUtils.java:logGet(43)) - raft.server.log.purge.gap = 1000000 (custom)
2019-09-19 09:51:55,405 [pool-197-thread-1] INFO  server.RaftServerConfigKeys (ConfUtils.java:logGet(43)) - raft.server.log.appender.buffer.byte-limit = 33554432 (custom)
2019-09-19 09:51:55,405 [pool-197-thread-1] INFO  server.RaftServerConfigKeys (ConfUtils.java:logGet(43)) - raft.server.log.segment.size.max = 1048576 (custom)
2019-09-19 09:51:55,405 [pool-197-thread-1] INFO  server.RaftServerConfigKeys (ConfUtils.java:logGet(43)) - raft.server.log.segment.cache.num.max = 2 (custom)
2019-09-19 09:51:55,405 [pool-197-thread-1] INFO  segmented.SegmentedRaftLogWorker (SegmentedRaftLogWorker.java:<init>(172)) - new ee633067-66ce-44af-917e-6e63bc174d2a-SegmentedRaftLogWorker:Storage Directory /workdir/hadoop-ozone/ozonefs/target/test-dir/MiniOzoneClusterImpl-ef25c7d6-713f-480d-a3e2-ca8e4934b2a4/datanode-1/data/ratis/bf6adf91-d2f2-4248-a8a9-1be0f7864eba for RaftStorage:Storage Directory /workdir/hadoop-ozone/ozonefs/target/test-dir/MiniOzoneClusterImpl-ef25c7d6-713f-480d-a3e2-ca8e4934b2a4/datanode-1/data/ratis/bf6adf91-d2f2-4248-a8a9-1be0f7864eba
2019-09-19 09:51:55,405 [pool-197-thread-1] INFO  server.RaftServerConfigKeys (ConfUtils.java:logGet(43)) - raft.server.log.queue.byte-limit = 2147483647 (custom)
2019-09-19 09:51:55,406 [pool-197-thread-1] INFO  server.RaftServerConfigKeys (ConfUtils.java:logGet(43)) - raft.server.log.queue.element-limit = 1024 (custom)
2019-09-19 09:51:55,406 [pool-197-thread-1] INFO  server.RaftServerConfigKeys (ConfUtils.java:logGet(43)) - raft.server.log.segment.size.max = 1048576 (custom)
2019-09-19 09:51:55,406 [pool-197-thread-1] INFO  server.RaftServerConfigKeys (ConfUtils.java:logGet(43)) - raft.server.log.preallocated.size = 16384 (custom)
2019-09-19 09:51:55,406 [pool-197-thread-1] INFO  server.RaftServerConfigKeys (ConfUtils.java:logGet(43)) - raft.server.log.write.buffer.size = 33554432 (custom)
2019-09-19 09:51:55,406 [pool-197-thread-1] INFO  server.RaftServerConfigKeys (ConfUtils.java:logGet(43)) - raft.server.log.force.sync.num = 128 (default)
2019-09-19 09:51:55,406 [pool-197-thread-1] INFO  server.RaftServerConfigKeys (ConfUtils.java:logGet(43)) - raft.server.log.statemachine.data.sync = true (default)
2019-09-19 09:51:55,406 [pool-197-thread-1] INFO  server.RaftServerConfigKeys (ConfUtils.java:logGet(43)) - raft.server.log.statemachine.data.sync.timeout = 10s (default)
2019-09-19 09:51:55,406 [pool-197-thread-1] INFO  server.RaftServerConfigKeys (ConfUtils.java:logGet(43)) - raft.server.log.statemachine.data.sync.timeout.retry = -1 (default)
2019-09-19 09:51:55,406 [pool-197-thread-1] INFO  server.RaftServerConfigKeys (ConfUtils.java:logGet(43)) - raft.server.log.statemachine.data.caching.enabled = true (custom)
2019-09-19 09:51:55,407 [pool-197-thread-1] INFO  segmented.SegmentedRaftLogWorker (SegmentedRaftLogWorker.java:lambda$new$0(132)) - ee633067-66ce-44af-917e-6e63bc174d2a-SegmentedRaftLogWorker:Storage Directory /workdir/hadoop-ozone/ozonefs/target/test-dir/MiniOzoneClusterImpl-ef25c7d6-713f-480d-a3e2-ca8e4934b2a4/datanode-1/data/ratis/bf6adf91-d2f2-4248-a8a9-1be0f7864eba: flushIndex: setUnconditionally 0 -> -1
2019-09-19 09:51:55,407 [pool-197-thread-1] INFO  server.RaftServerConfigKeys (ConfUtils.java:logGet(43)) - raft.server.snapshot.auto.trigger.enabled = true (custom)
2019-09-19 09:51:55,407 [pool-197-thread-1] INFO  server.RaftServerConfigKeys (ConfUtils.java:logGet(43)) - raft.server.snapshot.auto.trigger.threshold = 10000 (custom)
2019-09-19 09:51:55,407 [pool-197-thread-1] INFO  server.RaftServerConfigKeys (ConfUtils.java:logGet(43)) - raft.server.retrycache.expirytime = 600000ms (custom)
2019-09-19 09:51:55,407 [pool-197-thread-1] INFO  impl.RaftServerImpl (RaftServerImpl.java:start(180)) - ee633067-66ce-44af-917e-6e63bc174d2a: start group-1BE0F7864EBA
2019-09-19 09:51:55,407 [pool-197-thread-1] INFO  impl.RaftServerImpl (RaftServerImpl.java:setRole(171)) - ee633067-66ce-44af-917e-6e63bc174d2a:group-1BE0F7864EBA changes role from null to FOLLOWER at term 0 for startAsFollower
2019-09-19 09:51:55,408 [pool-197-thread-1] INFO  impl.RoleInfo (RoleInfo.java:updateAndGet(143)) - ee633067-66ce-44af-917e-6e63bc174d2a: start FollowerState
2019-09-19 09:51:55,408 [pool-197-thread-1] INFO  util.JmxRegister (JmxRegister.java:tryRegister(44)) - Successfully registered JMX Bean with object name Ratis:service=RaftServer,group=group-1BE0F7864EBA,id=ee633067-66ce-44af-917e-6e63bc174d2a
2019-09-19 09:51:55,412 [RatisPipelineUtilsThread] INFO  pipeline.PipelineStateManager (PipelineStateManager.java:addPipeline(56)) - Created pipeline Pipeline[ Id: bf6adf91-d2f2-4248-a8a9-1be0f7864eba, Nodes: ee633067-66ce-44af-917e-6e63bc174d2a{ip: 192.168.34.5, host: pr-hdds-1569-j4bt4-3030777008, networkLocation: /default-rack, certSerialId: null}, Type:RATIS, Factor:ONE, State:OPEN]
2019-09-19 09:51:55,412 [RatisPipelineUtilsThread] ERROR pipeline.PipelinePlacementPolicy (PipelinePlacementPolicy.java:meetCriteria(91)) - Pipeline Placement: Doesn't meet the criteria to be viable node. Heaviness: 6
2019-09-19 09:51:55,417 [grpc-default-executor-0] INFO  impl.RaftServerProxy (RaftServerProxy.java:addNew(89)) - ee633067-66ce-44af-917e-6e63bc174d2a: addNew group-2F949899DE14:[ee633067-66ce-44af-917e-6e63bc174d2a:192.168.34.5:36770] returns group-2F949899DE14:java.util.concurrent.CompletableFuture@392a61cc[Not completed]
2019-09-19 09:51:55,418 [pool-197-thread-1] INFO  impl.RaftServerImpl (RaftServerImpl.java:<init>(93)) - ee633067-66ce-44af-917e-6e63bc174d2a: new RaftServerImpl for group-2F949899DE14:[ee633067-66ce-44af-917e-6e63bc174d2a:192.168.34.5:36770] with ContainerStateMachine:uninitialized
2019-09-19 09:51:55,418 [pool-197-thread-1] INFO  server.RaftServerConfigKeys (ConfUtils.java:logGet(43)) - raft.server.rpc.timeout.min = 5s (custom)
2019-09-19 09:51:55,418 [pool-197-thread-1] INFO  server.RaftServerConfigKeys (ConfUtils.java:logGet(43)) - raft.server.rpc.timeout.max = 5200ms (custom)
2019-09-19 09:51:55,418 [pool-197-thread-1] INFO  server.RaftServerConfigKeys (ConfUtils.java:logGet(43)) - raft.server.rpcslowness.timeout = 120s (custom)
2019-09-19 09:51:55,419 [pool-197-thread-1] INFO  server.RaftServerConfigKeys (ConfUtils.java:logGet(43)) - raft.server.sleep.deviation.threshold = 300 (default)
2019-09-19 09:51:55,419 [pool-197-thread-1] INFO  server.RaftServerConfigKeys (ConfUtils.java:logGet(43)) - raft.server.log.appender.install.snapshot.enabled = false (custom)
2019-09-19 09:51:55,419 [pool-197-thread-1] INFO  impl.RaftServerImpl (ServerState.java:<init>(105)) - ee633067-66ce-44af-917e-6e63bc174d2a:group-2F949899DE14 ConfigurationManager, init=-1: [ee633067-66ce-44af-917e-6e63bc174d2a:192.168.34.5:36770], old=null, confs=<EMPTY_MAP>
2019-09-19 09:51:55,419 [pool-197-thread-1] INFO  server.RaftServerConfigKeys (ConfUtils.java:logGet(43)) - raft.server.storage.dir = [/workdir/hadoop-ozone/ozonefs/target/test-dir/MiniOzoneClusterImpl-ef25c7d6-713f-480d-a3e2-ca8e4934b2a4/datanode-1/data/ratis] (custom)
2019-09-19 09:51:55,419 [pool-197-thread-1] INFO  storage.RaftStorageDirectory (RaftStorageDirectory.java:analyzeStorage(246)) - The storage directory /workdir/hadoop-ozone/ozonefs/target/test-dir/MiniOzoneClusterImpl-ef25c7d6-713f-480d-a3e2-ca8e4934b2a4/datanode-1/data/ratis/049c7514-892c-402f-82b0-2f949899de14 does not exist. Creating ...
2019-09-19 09:51:55,433 [pool-197-thread-1] INFO  storage.RaftStorageDirectory (RaftStorageDirectory.java:tryLock(328)) - Lock on /workdir/hadoop-ozone/ozonefs/target/test-dir/MiniOzoneClusterImpl-ef25c7d6-713f-480d-a3e2-ca8e4934b2a4/datanode-1/data/ratis/049c7514-892c-402f-82b0-2f949899de14/in_use.lock acquired by nodename 9507@pr-hdds-1569-j4bt4-3030777008
2019-09-19 09:51:55,446 [pool-197-thread-1] INFO  storage.RaftStorage (RaftStorage.java:format(72)) - Storage directory /workdir/hadoop-ozone/ozonefs/target/test-dir/MiniOzoneClusterImpl-ef25c7d6-713f-480d-a3e2-ca8e4934b2a4/datanode-1/data/ratis/049c7514-892c-402f-82b0-2f949899de14 has been successfully formatted.
2019-09-19 09:51:55,446 [pool-197-thread-1] INFO  ratis.ContainerStateMachine (ContainerStateMachine.java:loadSnapshot(226)) - group-2F949899DE14: The snapshot info is null. Setting the last applied indexto:(t:0, i:~)
2019-09-19 09:51:55,446 [pool-197-thread-1] INFO  server.RaftServerConfigKeys (ConfUtils.java:logGet(43)) - raft.server.leader.election.timeout = 120s (custom)
2019-09-19 09:51:55,446 [pool-197-thread-1] INFO  server.RaftServerConfigKeys (ConfUtils.java:logGet(43)) - raft.server.log.use.memory = false (default)
2019-09-19 09:51:55,446 [pool-197-thread-1] INFO  server.RaftServerConfigKeys (ConfUtils.java:logGet(43)) - raft.server.log.purge.gap = 1000000 (custom)
2019-09-19 09:51:55,446 [pool-197-thread-1] INFO  server.RaftServerConfigKeys (ConfUtils.java:logGet(43)) - raft.server.log.appender.buffer.byte-limit = 33554432 (custom)
2019-09-19 09:51:55,446 [pool-197-thread-1] INFO  server.RaftServerConfigKeys (ConfUtils.java:logGet(43)) - raft.server.log.segment.size.max = 1048576 (custom)
2019-09-19 09:51:55,447 [pool-197-thread-1] INFO  server.RaftServerConfigKeys (ConfUtils.java:logGet(43)) - raft.server.log.segment.cache.num.max = 2 (custom)
2019-09-19 09:51:55,447 [pool-197-thread-1] INFO  segmented.SegmentedRaftLogWorker (SegmentedRaftLogWorker.java:<init>(172)) - new ee633067-66ce-44af-917e-6e63bc174d2a-SegmentedRaftLogWorker:Storage Directory /workdir/hadoop-ozone/ozonefs/target/test-dir/MiniOzoneClusterImpl-ef25c7d6-713f-480d-a3e2-ca8e4934b2a4/datanode-1/data/ratis/049c7514-892c-402f-82b0-2f949899de14 for RaftStorage:Storage Directory /workdir/hadoop-ozone/ozonefs/target/test-dir/MiniOzoneClusterImpl-ef25c7d6-713f-480d-a3e2-ca8e4934b2a4/datanode-1/data/ratis/049c7514-892c-402f-82b0-2f949899de14
2019-09-19 09:51:55,447 [pool-197-thread-1] INFO  server.RaftServerConfigKeys (ConfUtils.java:logGet(43)) - raft.server.log.queue.byte-limit = 2147483647 (custom)
2019-09-19 09:51:55,447 [pool-197-thread-1] INFO  server.RaftServerConfigKeys (ConfUtils.java:logGet(43)) - raft.server.log.queue.element-limit = 1024 (custom)
2019-09-19 09:51:55,447 [pool-197-thread-1] INFO  server.RaftServerConfigKeys (ConfUtils.java:logGet(43)) - raft.server.log.segment.size.max = 1048576 (custom)
2019-09-19 09:51:55,447 [pool-197-thread-1] INFO  server.RaftServerConfigKeys (ConfUtils.java:logGet(43)) - raft.server.log.preallocated.size = 16384 (custom)
2019-09-19 09:51:55,447 [pool-197-thread-1] INFO  server.RaftServerConfigKeys (ConfUtils.java:logGet(43)) - raft.server.log.write.buffer.size = 33554432 (custom)
2019-09-19 09:51:55,448 [pool-197-thread-1] INFO  server.RaftServerConfigKeys (ConfUtils.java:logGet(43)) - raft.server.log.force.sync.num = 128 (default)
2019-09-19 09:51:55,448 [pool-197-thread-1] INFO  server.RaftServerConfigKeys (ConfUtils.java:logGet(43)) - raft.server.log.statemachine.data.sync = true (default)
2019-09-19 09:51:55,448 [pool-197-thread-1] INFO  server.RaftServerConfigKeys (ConfUtils.java:logGet(43)) - raft.server.log.statemachine.data.sync.timeout = 10s (default)
2019-09-19 09:51:55,448 [pool-197-thread-1] INFO  server.RaftServerConfigKeys (ConfUtils.java:logGet(43)) - raft.server.log.statemachine.data.sync.timeout.retry = -1 (default)
2019-09-19 09:51:55,448 [pool-197-thread-1] INFO  server.RaftServerConfigKeys (ConfUtils.java:logGet(43)) - raft.server.log.statemachine.data.caching.enabled = true (custom)
2019-09-19 09:51:55,448 [pool-197-thread-1] INFO  segmented.SegmentedRaftLogWorker (SegmentedRaftLogWorker.java:lambda$new$0(132)) - ee633067-66ce-44af-917e-6e63bc174d2a-SegmentedRaftLogWorker:Storage Directory /workdir/hadoop-ozone/ozonefs/target/test-dir/MiniOzoneClusterImpl-ef25c7d6-713f-480d-a3e2-ca8e4934b2a4/datanode-1/data/ratis/049c7514-892c-402f-82b0-2f949899de14: flushIndex: setUnconditionally 0 -> -1
2019-09-19 09:51:55,449 [pool-197-thread-1] INFO  server.RaftServerConfigKeys (ConfUtils.java:logGet(43)) - raft.server.snapshot.auto.trigger.enabled = true (custom)
2019-09-19 09:51:55,449 [pool-197-thread-1] INFO  server.RaftServerConfigKeys (ConfUtils.java:logGet(43)) - raft.server.snapshot.auto.trigger.threshold = 10000 (custom)
2019-09-19 09:51:55,449 [pool-197-thread-1] INFO  server.RaftServerConfigKeys (ConfUtils.java:logGet(43)) - raft.server.retrycache.expirytime = 600000ms (custom)
2019-09-19 09:51:55,449 [pool-197-thread-1] INFO  impl.RaftServerImpl (RaftServerImpl.java:start(180)) - ee633067-66ce-44af-917e-6e63bc174d2a: start group-2F949899DE14
2019-09-19 09:51:55,449 [pool-197-thread-1] INFO  impl.RaftServerImpl (RaftServerImpl.java:setRole(171)) - ee633067-66ce-44af-917e-6e63bc174d2a:group-2F949899DE14 changes role from null to FOLLOWER at term 0 for startAsFollower
2019-09-19 09:51:55,449 [pool-197-thread-1] INFO  impl.RoleInfo (RoleInfo.java:updateAndGet(143)) - ee633067-66ce-44af-917e-6e63bc174d2a: start FollowerState
2019-09-19 09:51:55,450 [pool-197-thread-1] INFO  util.JmxRegister (JmxRegister.java:tryRegister(44)) - Successfully registered JMX Bean with object name Ratis:service=RaftServer,group=group-2F949899DE14,id=ee633067-66ce-44af-917e-6e63bc174d2a
2019-09-19 09:51:55,453 [RatisPipelineUtilsThread] INFO  pipeline.PipelineStateManager (PipelineStateManager.java:addPipeline(56)) - Created pipeline Pipeline[ Id: 049c7514-892c-402f-82b0-2f949899de14, Nodes: ee633067-66ce-44af-917e-6e63bc174d2a{ip: 192.168.34.5, host: pr-hdds-1569-j4bt4-3030777008, networkLocation: /default-rack, certSerialId: null}, Type:RATIS, Factor:ONE, State:OPEN]
2019-09-19 09:51:55,453 [RatisPipelineUtilsThread] ERROR pipeline.PipelinePlacementPolicy (PipelinePlacementPolicy.java:meetCriteria(91)) - Pipeline Placement: Doesn't meet the criteria to be viable node. Heaviness: 6
2019-09-19 09:51:55,459 [grpc-default-executor-0] INFO  impl.RaftServerProxy (RaftServerProxy.java:addNew(89)) - ee633067-66ce-44af-917e-6e63bc174d2a: addNew group-B867725C5454:[ee633067-66ce-44af-917e-6e63bc174d2a:192.168.34.5:36770] returns group-B867725C5454:java.util.concurrent.CompletableFuture@3ff4fa6e[Not completed]
2019-09-19 09:51:55,460 [pool-197-thread-1] INFO  impl.RaftServerImpl (RaftServerImpl.java:<init>(93)) - ee633067-66ce-44af-917e-6e63bc174d2a: new RaftServerImpl for group-B867725C5454:[ee633067-66ce-44af-917e-6e63bc174d2a:192.168.34.5:36770] with ContainerStateMachine:uninitialized
2019-09-19 09:51:55,460 [pool-197-thread-1] INFO  server.RaftServerConfigKeys (ConfUtils.java:logGet(43)) - raft.server.rpc.timeout.min = 5s (custom)
2019-09-19 09:51:55,460 [pool-197-thread-1] INFO  server.RaftServerConfigKeys (ConfUtils.java:logGet(43)) - raft.server.rpc.timeout.max = 5200ms (custom)
2019-09-19 09:51:55,460 [pool-197-thread-1] INFO  server.RaftServerConfigKeys (ConfUtils.java:logGet(43)) - raft.server.rpcslowness.timeout = 120s (custom)
2019-09-19 09:51:55,460 [pool-197-thread-1] INFO  server.RaftServerConfigKeys (ConfUtils.java:logGet(43)) - raft.server.sleep.deviation.threshold = 300 (default)
2019-09-19 09:51:55,460 [pool-197-thread-1] INFO  server.RaftServerConfigKeys (ConfUtils.java:logGet(43)) - raft.server.log.appender.install.snapshot.enabled = false (custom)
2019-09-19 09:51:55,460 [pool-197-thread-1] INFO  impl.RaftServerImpl (ServerState.java:<init>(105)) - ee633067-66ce-44af-917e-6e63bc174d2a:group-B867725C5454 ConfigurationManager, init=-1: [ee633067-66ce-44af-917e-6e63bc174d2a:192.168.34.5:36770], old=null, confs=<EMPTY_MAP>
2019-09-19 09:51:55,461 [pool-197-thread-1] INFO  server.RaftServerConfigKeys (ConfUtils.java:logGet(43)) - raft.server.storage.dir = [/workdir/hadoop-ozone/ozonefs/target/test-dir/MiniOzoneClusterImpl-ef25c7d6-713f-480d-a3e2-ca8e4934b2a4/datanode-1/data/ratis] (custom)
2019-09-19 09:51:55,461 [pool-197-thread-1] INFO  storage.RaftStorageDirectory (RaftStorageDirectory.java:analyzeStorage(246)) - The storage directory /workdir/hadoop-ozone/ozonefs/target/test-dir/MiniOzoneClusterImpl-ef25c7d6-713f-480d-a3e2-ca8e4934b2a4/datanode-1/data/ratis/403f20ca-8a5e-4254-bd9f-b867725c5454 does not exist. Creating ...
2019-09-19 09:51:55,461 [Thread-802] INFO  ozone.MiniOzoneClusterImpl (MiniOzoneClusterImpl.java:lambda$waitForClusterToBeReady$0(142)) - Waiting for cluster to be ready. Got 2 of 3 DN Heartbeats.
2019-09-19 09:51:55,464 [IPC Server handler 1 on 45755] INFO  net.NetworkTopology (NetworkTopologyImpl.java:add(110)) - Added a new node: /default-rack/b3b405db-e406-472f-a1bd-451d52c335eb
2019-09-19 09:51:55,464 [IPC Server handler 1 on 45755] INFO  node.SCMNodeManager (SCMNodeManager.java:register(273)) - Registered Data node : b3b405db-e406-472f-a1bd-451d52c335eb{ip: 192.168.34.5, host: pr-hdds-1569-j4bt4-3030777008, networkLocation: /default-rack, certSerialId: null}
2019-09-19 09:51:55,464 | INFO  | SCMAudit | user=jenkins1000 | ip=192.168.34.5 | op=REGISTER {datanodeDetails=b3b405db-e406-472f-a1bd-451d52c335eb{ip: 192.168.34.5, host: pr-hdds-1569-j4bt4-3030777008, networkLocation: /default-rack, certSerialId: null}} | ret=SUCCESS |  
2019-09-19 09:51:55,473 [pool-197-thread-1] INFO  storage.RaftStorageDirectory (RaftStorageDirectory.java:tryLock(328)) - Lock on /workdir/hadoop-ozone/ozonefs/target/test-dir/MiniOzoneClusterImpl-ef25c7d6-713f-480d-a3e2-ca8e4934b2a4/datanode-1/data/ratis/403f20ca-8a5e-4254-bd9f-b867725c5454/in_use.lock acquired by nodename 9507@pr-hdds-1569-j4bt4-3030777008
2019-09-19 09:51:55,486 [pool-197-thread-1] INFO  storage.RaftStorage (RaftStorage.java:format(72)) - Storage directory /workdir/hadoop-ozone/ozonefs/target/test-dir/MiniOzoneClusterImpl-ef25c7d6-713f-480d-a3e2-ca8e4934b2a4/datanode-1/data/ratis/403f20ca-8a5e-4254-bd9f-b867725c5454 has been successfully formatted.
2019-09-19 09:51:55,486 [pool-197-thread-1] INFO  ratis.ContainerStateMachine (ContainerStateMachine.java:loadSnapshot(226)) - group-B867725C5454: The snapshot info is null. Setting the last applied indexto:(t:0, i:~)
2019-09-19 09:51:55,486 [pool-197-thread-1] INFO  server.RaftServerConfigKeys (ConfUtils.java:logGet(43)) - raft.server.leader.election.timeout = 120s (custom)
2019-09-19 09:51:55,486 [pool-197-thread-1] INFO  server.RaftServerConfigKeys (ConfUtils.java:logGet(43)) - raft.server.log.use.memory = false (default)
2019-09-19 09:51:55,487 [pool-197-thread-1] INFO  server.RaftServerConfigKeys (ConfUtils.java:logGet(43)) - raft.server.log.purge.gap = 1000000 (custom)
2019-09-19 09:51:55,487 [pool-197-thread-1] INFO  server.RaftServerConfigKeys (ConfUtils.java:logGet(43)) - raft.server.log.appender.buffer.byte-limit = 33554432 (custom)
2019-09-19 09:51:55,487 [pool-197-thread-1] INFO  server.RaftServerConfigKeys (ConfUtils.java:logGet(43)) - raft.server.log.segment.size.max = 1048576 (custom)
2019-09-19 09:51:55,487 [pool-197-thread-1] INFO  server.RaftServerConfigKeys (ConfUtils.java:logGet(43)) - raft.server.log.segment.cache.num.max = 2 (custom)
2019-09-19 09:51:55,487 [pool-197-thread-1] INFO  segmented.SegmentedRaftLogWorker (SegmentedRaftLogWorker.java:<init>(172)) - new ee633067-66ce-44af-917e-6e63bc174d2a-SegmentedRaftLogWorker:Storage Directory /workdir/hadoop-ozone/ozonefs/target/test-dir/MiniOzoneClusterImpl-ef25c7d6-713f-480d-a3e2-ca8e4934b2a4/datanode-1/data/ratis/403f20ca-8a5e-4254-bd9f-b867725c5454 for RaftStorage:Storage Directory /workdir/hadoop-ozone/ozonefs/target/test-dir/MiniOzoneClusterImpl-ef25c7d6-713f-480d-a3e2-ca8e4934b2a4/datanode-1/data/ratis/403f20ca-8a5e-4254-bd9f-b867725c5454
2019-09-19 09:51:55,487 [pool-197-thread-1] INFO  server.RaftServerConfigKeys (ConfUtils.java:logGet(43)) - raft.server.log.queue.byte-limit = 2147483647 (custom)
2019-09-19 09:51:55,487 [pool-197-thread-1] INFO  server.RaftServerConfigKeys (ConfUtils.java:logGet(43)) - raft.server.log.queue.element-limit = 1024 (custom)
2019-09-19 09:51:55,488 [pool-197-thread-1] INFO  server.RaftServerConfigKeys (ConfUtils.java:logGet(43)) - raft.server.log.segment.size.max = 1048576 (custom)
2019-09-19 09:51:55,488 [pool-197-thread-1] INFO  server.RaftServerConfigKeys (ConfUtils.java:logGet(43)) - raft.server.log.preallocated.size = 16384 (custom)
2019-09-19 09:51:55,488 [pool-197-thread-1] INFO  server.RaftServerConfigKeys (ConfUtils.java:logGet(43)) - raft.server.log.write.buffer.size = 33554432 (custom)
2019-09-19 09:51:55,488 [pool-197-thread-1] INFO  server.RaftServerConfigKeys (ConfUtils.java:logGet(43)) - raft.server.log.force.sync.num = 128 (default)
2019-09-19 09:51:55,488 [pool-197-thread-1] INFO  server.RaftServerConfigKeys (ConfUtils.java:logGet(43)) - raft.server.log.statemachine.data.sync = true (default)
2019-09-19 09:51:55,488 [pool-197-thread-1] INFO  server.RaftServerConfigKeys (ConfUtils.java:logGet(43)) - raft.server.log.statemachine.data.sync.timeout = 10s (default)
2019-09-19 09:51:55,488 [pool-197-thread-1] INFO  server.RaftServerConfigKeys (ConfUtils.java:logGet(43)) - raft.server.log.statemachine.data.sync.timeout.retry = -1 (default)
2019-09-19 09:51:55,489 [pool-197-thread-1] INFO  server.RaftServerConfigKeys (ConfUtils.java:logGet(43)) - raft.server.log.statemachine.data.caching.enabled = true (custom)
2019-09-19 09:51:55,489 [pool-197-thread-1] INFO  segmented.SegmentedRaftLogWorker (SegmentedRaftLogWorker.java:lambda$new$0(132)) - ee633067-66ce-44af-917e-6e63bc174d2a-SegmentedRaftLogWorker:Storage Directory /workdir/hadoop-ozone/ozonefs/target/test-dir/MiniOzoneClusterImpl-ef25c7d6-713f-480d-a3e2-ca8e4934b2a4/datanode-1/data/ratis/403f20ca-8a5e-4254-bd9f-b867725c5454: flushIndex: setUnconditionally 0 -> -1
2019-09-19 09:51:55,489 [pool-197-thread-1] INFO  server.RaftServerConfigKeys (ConfUtils.java:logGet(43)) - raft.server.snapshot.auto.trigger.enabled = true (custom)
2019-09-19 09:51:55,489 [pool-197-thread-1] INFO  server.RaftServerConfigKeys (ConfUtils.java:logGet(43)) - raft.server.snapshot.auto.trigger.threshold = 10000 (custom)
2019-09-19 09:51:55,489 [pool-197-thread-1] INFO  server.RaftServerConfigKeys (ConfUtils.java:logGet(43)) - raft.server.retrycache.expirytime = 600000ms (custom)
2019-09-19 09:51:55,490 [pool-197-thread-1] INFO  impl.RaftServerImpl (RaftServerImpl.java:start(180)) - ee633067-66ce-44af-917e-6e63bc174d2a: start group-B867725C5454
2019-09-19 09:51:55,490 [pool-197-thread-1] INFO  impl.RaftServerImpl (RaftServerImpl.java:setRole(171)) - ee633067-66ce-44af-917e-6e63bc174d2a:group-B867725C5454 changes role from null to FOLLOWER at term 0 for startAsFollower
2019-09-19 09:51:55,490 [pool-197-thread-1] INFO  impl.RoleInfo (RoleInfo.java:updateAndGet(143)) - ee633067-66ce-44af-917e-6e63bc174d2a: start FollowerState
2019-09-19 09:51:55,490 [pool-197-thread-1] INFO  util.JmxRegister (JmxRegister.java:tryRegister(44)) - Successfully registered JMX Bean with object name Ratis:service=RaftServer,group=group-B867725C5454,id=ee633067-66ce-44af-917e-6e63bc174d2a
2019-09-19 09:51:55,493 [RatisPipelineUtilsThread] INFO  pipeline.PipelineStateManager (PipelineStateManager.java:addPipeline(56)) - Created pipeline Pipeline[ Id: 403f20ca-8a5e-4254-bd9f-b867725c5454, Nodes: ee633067-66ce-44af-917e-6e63bc174d2a{ip: 192.168.34.5, host: pr-hdds-1569-j4bt4-3030777008, networkLocation: /default-rack, certSerialId: null}, Type:RATIS, Factor:ONE, State:OPEN]
2019-09-19 09:51:55,493 [RatisPipelineUtilsThread] ERROR pipeline.PipelinePlacementPolicy (PipelinePlacementPolicy.java:meetCriteria(91)) - Pipeline Placement: Doesn't meet the criteria to be viable node. Heaviness: 6
2019-09-19 09:51:55,493 [RatisPipelineUtilsThread] ERROR pipeline.PipelinePlacementPolicy (PipelinePlacementPolicy.java:meetCriteria(91)) - Pipeline Placement: Doesn't meet the criteria to be viable node. Heaviness: 6
2019-09-19 09:51:55,501 [grpc-default-executor-0] INFO  impl.RaftServerProxy (RaftServerProxy.java:addNew(89)) - b3b405db-e406-472f-a1bd-451d52c335eb: addNew group-72E1781A1B31:[b3b405db-e406-472f-a1bd-451d52c335eb:192.168.34.5:44675] returns group-72E1781A1B31:java.util.concurrent.CompletableFuture@2452eeb4[Not completed]
2019-09-19 09:51:55,502 [pool-208-thread-1] INFO  impl.RaftServerImpl (RaftServerImpl.java:<init>(93)) - b3b405db-e406-472f-a1bd-451d52c335eb: new RaftServerImpl for group-72E1781A1B31:[b3b405db-e406-472f-a1bd-451d52c335eb:192.168.34.5:44675] with ContainerStateMachine:uninitialized
2019-09-19 09:51:55,502 [pool-208-thread-1] INFO  server.RaftServerConfigKeys (ConfUtils.java:logGet(43)) - raft.server.rpc.timeout.min = 5s (custom)
2019-09-19 09:51:55,502 [pool-208-thread-1] INFO  server.RaftServerConfigKeys (ConfUtils.java:logGet(43)) - raft.server.rpc.timeout.max = 5200ms (custom)
2019-09-19 09:51:55,502 [pool-208-thread-1] INFO  server.RaftServerConfigKeys (ConfUtils.java:logGet(43)) - raft.server.rpcslowness.timeout = 120s (custom)
2019-09-19 09:51:55,502 [pool-208-thread-1] INFO  server.RaftServerConfigKeys (ConfUtils.java:logGet(43)) - raft.server.sleep.deviation.threshold = 300 (default)
2019-09-19 09:51:55,502 [pool-208-thread-1] INFO  server.RaftServerConfigKeys (ConfUtils.java:logGet(43)) - raft.server.log.appender.install.snapshot.enabled = false (custom)
2019-09-19 09:51:55,503 [pool-208-thread-1] INFO  impl.RaftServerImpl (ServerState.java:<init>(105)) - b3b405db-e406-472f-a1bd-451d52c335eb:group-72E1781A1B31 ConfigurationManager, init=-1: [b3b405db-e406-472f-a1bd-451d52c335eb:192.168.34.5:44675], old=null, confs=<EMPTY_MAP>
2019-09-19 09:51:55,503 [pool-208-thread-1] INFO  server.RaftServerConfigKeys (ConfUtils.java:logGet(43)) - raft.server.storage.dir = [/workdir/hadoop-ozone/ozonefs/target/test-dir/MiniOzoneClusterImpl-ef25c7d6-713f-480d-a3e2-ca8e4934b2a4/datanode-2/data/ratis] (custom)
2019-09-19 09:51:55,503 [pool-208-thread-1] INFO  storage.RaftStorageDirectory (RaftStorageDirectory.java:analyzeStorage(246)) - The storage directory /workdir/hadoop-ozone/ozonefs/target/test-dir/MiniOzoneClusterImpl-ef25c7d6-713f-480d-a3e2-ca8e4934b2a4/datanode-2/data/ratis/7ff4d670-fd5d-4433-b222-72e1781a1b31 does not exist. Creating ...
2019-09-19 09:51:55,516 [pool-208-thread-1] INFO  storage.RaftStorageDirectory (RaftStorageDirectory.java:tryLock(328)) - Lock on /workdir/hadoop-ozone/ozonefs/target/test-dir/MiniOzoneClusterImpl-ef25c7d6-713f-480d-a3e2-ca8e4934b2a4/datanode-2/data/ratis/7ff4d670-fd5d-4433-b222-72e1781a1b31/in_use.lock acquired by nodename 9507@pr-hdds-1569-j4bt4-3030777008
2019-09-19 09:51:55,528 [pool-208-thread-1] INFO  storage.RaftStorage (RaftStorage.java:format(72)) - Storage directory /workdir/hadoop-ozone/ozonefs/target/test-dir/MiniOzoneClusterImpl-ef25c7d6-713f-480d-a3e2-ca8e4934b2a4/datanode-2/data/ratis/7ff4d670-fd5d-4433-b222-72e1781a1b31 has been successfully formatted.
2019-09-19 09:51:55,528 [pool-208-thread-1] INFO  ratis.ContainerStateMachine (ContainerStateMachine.java:loadSnapshot(226)) - group-72E1781A1B31: The snapshot info is null. Setting the last applied indexto:(t:0, i:~)
2019-09-19 09:51:55,528 [pool-208-thread-1] INFO  server.RaftServerConfigKeys (ConfUtils.java:logGet(43)) - raft.server.leader.election.timeout = 120s (custom)
2019-09-19 09:51:55,529 [pool-208-thread-1] INFO  server.RaftServerConfigKeys (ConfUtils.java:logGet(43)) - raft.server.log.use.memory = false (default)
2019-09-19 09:51:55,529 [pool-208-thread-1] INFO  server.RaftServerConfigKeys (ConfUtils.java:logGet(43)) - raft.server.log.purge.gap = 1000000 (custom)
2019-09-19 09:51:55,529 [pool-208-thread-1] INFO  server.RaftServerConfigKeys (ConfUtils.java:logGet(43)) - raft.server.log.appender.buffer.byte-limit = 33554432 (custom)
2019-09-19 09:51:55,529 [pool-208-thread-1] INFO  server.RaftServerConfigKeys (ConfUtils.java:logGet(43)) - raft.server.log.segment.size.max = 1048576 (custom)
2019-09-19 09:51:55,529 [pool-208-thread-1] INFO  server.RaftServerConfigKeys (ConfUtils.java:logGet(43)) - raft.server.log.segment.cache.num.max = 2 (custom)
2019-09-19 09:51:55,529 [pool-208-thread-1] INFO  segmented.SegmentedRaftLogWorker (SegmentedRaftLogWorker.java:<init>(172)) - new b3b405db-e406-472f-a1bd-451d52c335eb-SegmentedRaftLogWorker:Storage Directory /workdir/hadoop-ozone/ozonefs/target/test-dir/MiniOzoneClusterImpl-ef25c7d6-713f-480d-a3e2-ca8e4934b2a4/datanode-2/data/ratis/7ff4d670-fd5d-4433-b222-72e1781a1b31 for RaftStorage:Storage Directory /workdir/hadoop-ozone/ozonefs/target/test-dir/MiniOzoneClusterImpl-ef25c7d6-713f-480d-a3e2-ca8e4934b2a4/datanode-2/data/ratis/7ff4d670-fd5d-4433-b222-72e1781a1b31
2019-09-19 09:51:55,529 [pool-208-thread-1] INFO  server.RaftServerConfigKeys (ConfUtils.java:logGet(43)) - raft.server.log.queue.byte-limit = 2147483647 (custom)
2019-09-19 09:51:55,529 [pool-208-thread-1] INFO  server.RaftServerConfigKeys (ConfUtils.java:logGet(43)) - raft.server.log.queue.element-limit = 1024 (custom)
2019-09-19 09:51:55,530 [pool-208-thread-1] INFO  server.RaftServerConfigKeys (ConfUtils.java:logGet(43)) - raft.server.log.segment.size.max = 1048576 (custom)
2019-09-19 09:51:55,530 [pool-208-thread-1] INFO  server.RaftServerConfigKeys (ConfUtils.java:logGet(43)) - raft.server.log.preallocated.size = 16384 (custom)
2019-09-19 09:51:55,530 [pool-208-thread-1] INFO  server.RaftServerConfigKeys (ConfUtils.java:logGet(43)) - raft.server.log.write.buffer.size = 33554432 (custom)
2019-09-19 09:51:55,530 [pool-208-thread-1] INFO  server.RaftServerConfigKeys (ConfUtils.java:logGet(43)) - raft.server.log.force.sync.num = 128 (default)
2019-09-19 09:51:55,530 [pool-208-thread-1] INFO  server.RaftServerConfigKeys (ConfUtils.java:logGet(43)) - raft.server.log.statemachine.data.sync = true (default)
2019-09-19 09:51:55,530 [pool-208-thread-1] INFO  server.RaftServerConfigKeys (ConfUtils.java:logGet(43)) - raft.server.log.statemachine.data.sync.timeout = 10s (default)
2019-09-19 09:51:55,530 [pool-208-thread-1] INFO  server.RaftServerConfigKeys (ConfUtils.java:logGet(43)) - raft.server.log.statemachine.data.sync.timeout.retry = -1 (default)
2019-09-19 09:51:55,531 [pool-208-thread-1] INFO  server.RaftServerConfigKeys (ConfUtils.java:logGet(43)) - raft.server.log.statemachine.data.caching.enabled = true (custom)
2019-09-19 09:51:55,531 [pool-208-thread-1] INFO  segmented.SegmentedRaftLogWorker (SegmentedRaftLogWorker.java:lambda$new$0(132)) - b3b405db-e406-472f-a1bd-451d52c335eb-SegmentedRaftLogWorker:Storage Directory /workdir/hadoop-ozone/ozonefs/target/test-dir/MiniOzoneClusterImpl-ef25c7d6-713f-480d-a3e2-ca8e4934b2a4/datanode-2/data/ratis/7ff4d670-fd5d-4433-b222-72e1781a1b31: flushIndex: setUnconditionally 0 -> -1
2019-09-19 09:51:55,531 [pool-208-thread-1] INFO  server.RaftServerConfigKeys (ConfUtils.java:logGet(43)) - raft.server.snapshot.auto.trigger.enabled = true (custom)
2019-09-19 09:51:55,531 [pool-208-thread-1] INFO  server.RaftServerConfigKeys (ConfUtils.java:logGet(43)) - raft.server.snapshot.auto.trigger.threshold = 10000 (custom)
2019-09-19 09:51:55,531 [pool-208-thread-1] INFO  server.RaftServerConfigKeys (ConfUtils.java:logGet(43)) - raft.server.retrycache.expirytime = 600000ms (custom)
2019-09-19 09:51:55,532 [pool-208-thread-1] INFO  impl.RaftServerImpl (RaftServerImpl.java:start(180)) - b3b405db-e406-472f-a1bd-451d52c335eb: start group-72E1781A1B31
2019-09-19 09:51:55,532 [pool-208-thread-1] INFO  impl.RaftServerImpl (RaftServerImpl.java:setRole(171)) - b3b405db-e406-472f-a1bd-451d52c335eb:group-72E1781A1B31 changes role from null to FOLLOWER at term 0 for startAsFollower
2019-09-19 09:51:55,532 [pool-208-thread-1] INFO  impl.RoleInfo (RoleInfo.java:updateAndGet(143)) - b3b405db-e406-472f-a1bd-451d52c335eb: start FollowerState
2019-09-19 09:51:55,532 [pool-208-thread-1] INFO  util.JmxRegister (JmxRegister.java:tryRegister(44)) - Successfully registered JMX Bean with object name Ratis:service=RaftServer,group=group-72E1781A1B31,id=b3b405db-e406-472f-a1bd-451d52c335eb
2019-09-19 09:51:55,535 [RatisPipelineUtilsThread] INFO  pipeline.PipelineStateManager (PipelineStateManager.java:addPipeline(56)) - Created pipeline Pipeline[ Id: 7ff4d670-fd5d-4433-b222-72e1781a1b31, Nodes: b3b405db-e406-472f-a1bd-451d52c335eb{ip: 192.168.34.5, host: pr-hdds-1569-j4bt4-3030777008, networkLocation: /default-rack, certSerialId: null}, Type:RATIS, Factor:ONE, State:OPEN]
2019-09-19 09:51:55,536 [RatisPipelineUtilsThread] ERROR pipeline.PipelinePlacementPolicy (PipelinePlacementPolicy.java:meetCriteria(91)) - Pipeline Placement: Doesn't meet the criteria to be viable node. Heaviness: 6
2019-09-19 09:51:55,536 [RatisPipelineUtilsThread] ERROR pipeline.PipelinePlacementPolicy (PipelinePlacementPolicy.java:meetCriteria(91)) - Pipeline Placement: Doesn't meet the criteria to be viable node. Heaviness: 6
2019-09-19 09:51:55,540 [grpc-default-executor-0] INFO  impl.RaftServerProxy (RaftServerProxy.java:addNew(89)) - b3b405db-e406-472f-a1bd-451d52c335eb: addNew group-A9F91AA3CCBB:[b3b405db-e406-472f-a1bd-451d52c335eb:192.168.34.5:44675] returns group-A9F91AA3CCBB:java.util.concurrent.CompletableFuture@303086da[Not completed]
2019-09-19 09:51:55,542 [pool-208-thread-1] INFO  impl.RaftServerImpl (RaftServerImpl.java:<init>(93)) - b3b405db-e406-472f-a1bd-451d52c335eb: new RaftServerImpl for group-A9F91AA3CCBB:[b3b405db-e406-472f-a1bd-451d52c335eb:192.168.34.5:44675] with ContainerStateMachine:uninitialized
2019-09-19 09:51:55,542 [pool-208-thread-1] INFO  server.RaftServerConfigKeys (ConfUtils.java:logGet(43)) - raft.server.rpc.timeout.min = 5s (custom)
2019-09-19 09:51:55,542 [pool-208-thread-1] INFO  server.RaftServerConfigKeys (ConfUtils.java:logGet(43)) - raft.server.rpc.timeout.max = 5200ms (custom)
2019-09-19 09:51:55,542 [pool-208-thread-1] INFO  server.RaftServerConfigKeys (ConfUtils.java:logGet(43)) - raft.server.rpcslowness.timeout = 120s (custom)
2019-09-19 09:51:55,542 [pool-208-thread-1] INFO  server.RaftServerConfigKeys (ConfUtils.java:logGet(43)) - raft.server.sleep.deviation.threshold = 300 (default)
2019-09-19 09:51:55,542 [pool-208-thread-1] INFO  server.RaftServerConfigKeys (ConfUtils.java:logGet(43)) - raft.server.log.appender.install.snapshot.enabled = false (custom)
2019-09-19 09:51:55,542 [pool-208-thread-1] INFO  impl.RaftServerImpl (ServerState.java:<init>(105)) - b3b405db-e406-472f-a1bd-451d52c335eb:group-A9F91AA3CCBB ConfigurationManager, init=-1: [b3b405db-e406-472f-a1bd-451d52c335eb:192.168.34.5:44675], old=null, confs=<EMPTY_MAP>
2019-09-19 09:51:55,542 [pool-208-thread-1] INFO  server.RaftServerConfigKeys (ConfUtils.java:logGet(43)) - raft.server.storage.dir = [/workdir/hadoop-ozone/ozonefs/target/test-dir/MiniOzoneClusterImpl-ef25c7d6-713f-480d-a3e2-ca8e4934b2a4/datanode-2/data/ratis] (custom)
2019-09-19 09:51:55,543 [pool-208-thread-1] INFO  storage.RaftStorageDirectory (RaftStorageDirectory.java:analyzeStorage(246)) - The storage directory /workdir/hadoop-ozone/ozonefs/target/test-dir/MiniOzoneClusterImpl-ef25c7d6-713f-480d-a3e2-ca8e4934b2a4/datanode-2/data/ratis/118279be-0d13-4123-8ae5-a9f91aa3ccbb does not exist. Creating ...
2019-09-19 09:51:55,581 [pool-208-thread-1] INFO  storage.RaftStorageDirectory (RaftStorageDirectory.java:tryLock(328)) - Lock on /workdir/hadoop-ozone/ozonefs/target/test-dir/MiniOzoneClusterImpl-ef25c7d6-713f-480d-a3e2-ca8e4934b2a4/datanode-2/data/ratis/118279be-0d13-4123-8ae5-a9f91aa3ccbb/in_use.lock acquired by nodename 9507@pr-hdds-1569-j4bt4-3030777008
2019-09-19 09:51:55,596 [pool-208-thread-1] INFO  storage.RaftStorage (RaftStorage.java:format(72)) - Storage directory /workdir/hadoop-ozone/ozonefs/target/test-dir/MiniOzoneClusterImpl-ef25c7d6-713f-480d-a3e2-ca8e4934b2a4/datanode-2/data/ratis/118279be-0d13-4123-8ae5-a9f91aa3ccbb has been successfully formatted.
2019-09-19 09:51:55,596 [pool-208-thread-1] INFO  ratis.ContainerStateMachine (ContainerStateMachine.java:loadSnapshot(226)) - group-A9F91AA3CCBB: The snapshot info is null. Setting the last applied indexto:(t:0, i:~)
2019-09-19 09:51:55,596 [pool-208-thread-1] INFO  server.RaftServerConfigKeys (ConfUtils.java:logGet(43)) - raft.server.leader.election.timeout = 120s (custom)
2019-09-19 09:51:55,596 [pool-208-thread-1] INFO  server.RaftServerConfigKeys (ConfUtils.java:logGet(43)) - raft.server.log.use.memory = false (default)
2019-09-19 09:51:55,597 [pool-208-thread-1] INFO  server.RaftServerConfigKeys (ConfUtils.java:logGet(43)) - raft.server.log.purge.gap = 1000000 (custom)
2019-09-19 09:51:55,597 [pool-208-thread-1] INFO  server.RaftServerConfigKeys (ConfUtils.java:logGet(43)) - raft.server.log.appender.buffer.byte-limit = 33554432 (custom)
2019-09-19 09:51:55,597 [pool-208-thread-1] INFO  server.RaftServerConfigKeys (ConfUtils.java:logGet(43)) - raft.server.log.segment.size.max = 1048576 (custom)
2019-09-19 09:51:55,597 [pool-208-thread-1] INFO  server.RaftServerConfigKeys (ConfUtils.java:logGet(43)) - raft.server.log.segment.cache.num.max = 2 (custom)
2019-09-19 09:51:55,597 [pool-208-thread-1] INFO  segmented.SegmentedRaftLogWorker (SegmentedRaftLogWorker.java:<init>(172)) - new b3b405db-e406-472f-a1bd-451d52c335eb-SegmentedRaftLogWorker:Storage Directory /workdir/hadoop-ozone/ozonefs/target/test-dir/MiniOzoneClusterImpl-ef25c7d6-713f-480d-a3e2-ca8e4934b2a4/datanode-2/data/ratis/118279be-0d13-4123-8ae5-a9f91aa3ccbb for RaftStorage:Storage Directory /workdir/hadoop-ozone/ozonefs/target/test-dir/MiniOzoneClusterImpl-ef25c7d6-713f-480d-a3e2-ca8e4934b2a4/datanode-2/data/ratis/118279be-0d13-4123-8ae5-a9f91aa3ccbb
2019-09-19 09:51:55,597 [pool-208-thread-1] INFO  server.RaftServerConfigKeys (ConfUtils.java:logGet(43)) - raft.server.log.queue.byte-limit = 2147483647 (custom)
2019-09-19 09:51:55,598 [pool-208-thread-1] INFO  server.RaftServerConfigKeys (ConfUtils.java:logGet(43)) - raft.server.log.queue.element-limit = 1024 (custom)
2019-09-19 09:51:55,598 [pool-208-thread-1] INFO  server.RaftServerConfigKeys (ConfUtils.java:logGet(43)) - raft.server.log.segment.size.max = 1048576 (custom)
2019-09-19 09:51:55,598 [pool-208-thread-1] INFO  server.RaftServerConfigKeys (ConfUtils.java:logGet(43)) - raft.server.log.preallocated.size = 16384 (custom)
2019-09-19 09:51:55,598 [pool-208-thread-1] INFO  server.RaftServerConfigKeys (ConfUtils.java:logGet(43)) - raft.server.log.write.buffer.size = 33554432 (custom)
2019-09-19 09:51:55,598 [pool-208-thread-1] INFO  server.RaftServerConfigKeys (ConfUtils.java:logGet(43)) - raft.server.log.force.sync.num = 128 (default)
2019-09-19 09:51:55,599 [pool-208-thread-1] INFO  server.RaftServerConfigKeys (ConfUtils.java:logGet(43)) - raft.server.log.statemachine.data.sync = true (default)
2019-09-19 09:51:55,599 [pool-208-thread-1] INFO  server.RaftServerConfigKeys (ConfUtils.java:logGet(43)) - raft.server.log.statemachine.data.sync.timeout = 10s (default)
2019-09-19 09:51:55,599 [pool-208-thread-1] INFO  server.RaftServerConfigKeys (ConfUtils.java:logGet(43)) - raft.server.log.statemachine.data.sync.timeout.retry = -1 (default)
2019-09-19 09:51:55,599 [pool-208-thread-1] INFO  server.RaftServerConfigKeys (ConfUtils.java:logGet(43)) - raft.server.log.statemachine.data.caching.enabled = true (custom)
2019-09-19 09:51:55,600 [pool-208-thread-1] INFO  segmented.SegmentedRaftLogWorker (SegmentedRaftLogWorker.java:lambda$new$0(132)) - b3b405db-e406-472f-a1bd-451d52c335eb-SegmentedRaftLogWorker:Storage Directory /workdir/hadoop-ozone/ozonefs/target/test-dir/MiniOzoneClusterImpl-ef25c7d6-713f-480d-a3e2-ca8e4934b2a4/datanode-2/data/ratis/118279be-0d13-4123-8ae5-a9f91aa3ccbb: flushIndex: setUnconditionally 0 -> -1
2019-09-19 09:51:55,600 [pool-208-thread-1] INFO  server.RaftServerConfigKeys (ConfUtils.java:logGet(43)) - raft.server.snapshot.auto.trigger.enabled = true (custom)
2019-09-19 09:51:55,600 [pool-208-thread-1] INFO  server.RaftServerConfigKeys (ConfUtils.java:logGet(43)) - raft.server.snapshot.auto.trigger.threshold = 10000 (custom)
2019-09-19 09:51:55,600 [pool-208-thread-1] INFO  server.RaftServerConfigKeys (ConfUtils.java:logGet(43)) - raft.server.retrycache.expirytime = 600000ms (custom)
2019-09-19 09:51:55,601 [pool-208-thread-1] INFO  impl.RaftServerImpl (RaftServerImpl.java:start(180)) - b3b405db-e406-472f-a1bd-451d52c335eb: start group-A9F91AA3CCBB
2019-09-19 09:51:55,601 [pool-208-thread-1] INFO  impl.RaftServerImpl (RaftServerImpl.java:setRole(171)) - b3b405db-e406-472f-a1bd-451d52c335eb:group-A9F91AA3CCBB changes role from null to FOLLOWER at term 0 for startAsFollower
2019-09-19 09:51:55,601 [pool-208-thread-1] INFO  impl.RoleInfo (RoleInfo.java:updateAndGet(143)) - b3b405db-e406-472f-a1bd-451d52c335eb: start FollowerState
2019-09-19 09:51:55,601 [pool-208-thread-1] INFO  util.JmxRegister (JmxRegister.java:tryRegister(44)) - Successfully registered JMX Bean with object name Ratis:service=RaftServer,group=group-A9F91AA3CCBB,id=b3b405db-e406-472f-a1bd-451d52c335eb
2019-09-19 09:51:55,604 [RatisPipelineUtilsThread] INFO  pipeline.PipelineStateManager (PipelineStateManager.java:addPipeline(56)) - Created pipeline Pipeline[ Id: 118279be-0d13-4123-8ae5-a9f91aa3ccbb, Nodes: b3b405db-e406-472f-a1bd-451d52c335eb{ip: 192.168.34.5, host: pr-hdds-1569-j4bt4-3030777008, networkLocation: /default-rack, certSerialId: null}, Type:RATIS, Factor:ONE, State:OPEN]
2019-09-19 09:51:55,605 [RatisPipelineUtilsThread] ERROR pipeline.PipelinePlacementPolicy (PipelinePlacementPolicy.java:meetCriteria(91)) - Pipeline Placement: Doesn't meet the criteria to be viable node. Heaviness: 6
2019-09-19 09:51:55,605 [RatisPipelineUtilsThread] ERROR pipeline.PipelinePlacementPolicy (PipelinePlacementPolicy.java:meetCriteria(91)) - Pipeline Placement: Doesn't meet the criteria to be viable node. Heaviness: 6
2019-09-19 09:51:55,610 [grpc-default-executor-0] INFO  impl.RaftServerProxy (RaftServerProxy.java:addNew(89)) - b3b405db-e406-472f-a1bd-451d52c335eb: addNew group-5F4EAB975C30:[b3b405db-e406-472f-a1bd-451d52c335eb:192.168.34.5:44675] returns group-5F4EAB975C30:java.util.concurrent.CompletableFuture@14e0907c[Not completed]
2019-09-19 09:51:55,611 [pool-208-thread-1] INFO  impl.RaftServerImpl (RaftServerImpl.java:<init>(93)) - b3b405db-e406-472f-a1bd-451d52c335eb: new RaftServerImpl for group-5F4EAB975C30:[b3b405db-e406-472f-a1bd-451d52c335eb:192.168.34.5:44675] with ContainerStateMachine:uninitialized
2019-09-19 09:51:55,612 [pool-208-thread-1] INFO  server.RaftServerConfigKeys (ConfUtils.java:logGet(43)) - raft.server.rpc.timeout.min = 5s (custom)
2019-09-19 09:51:55,612 [pool-208-thread-1] INFO  server.RaftServerConfigKeys (ConfUtils.java:logGet(43)) - raft.server.rpc.timeout.max = 5200ms (custom)
2019-09-19 09:51:55,612 [pool-208-thread-1] INFO  server.RaftServerConfigKeys (ConfUtils.java:logGet(43)) - raft.server.rpcslowness.timeout = 120s (custom)
2019-09-19 09:51:55,612 [pool-208-thread-1] INFO  server.RaftServerConfigKeys (ConfUtils.java:logGet(43)) - raft.server.sleep.deviation.threshold = 300 (default)
2019-09-19 09:51:55,612 [pool-208-thread-1] INFO  server.RaftServerConfigKeys (ConfUtils.java:logGet(43)) - raft.server.log.appender.install.snapshot.enabled = false (custom)
2019-09-19 09:51:55,612 [pool-208-thread-1] INFO  impl.RaftServerImpl (ServerState.java:<init>(105)) - b3b405db-e406-472f-a1bd-451d52c335eb:group-5F4EAB975C30 ConfigurationManager, init=-1: [b3b405db-e406-472f-a1bd-451d52c335eb:192.168.34.5:44675], old=null, confs=<EMPTY_MAP>
2019-09-19 09:51:55,612 [pool-208-thread-1] INFO  server.RaftServerConfigKeys (ConfUtils.java:logGet(43)) - raft.server.storage.dir = [/workdir/hadoop-ozone/ozonefs/target/test-dir/MiniOzoneClusterImpl-ef25c7d6-713f-480d-a3e2-ca8e4934b2a4/datanode-2/data/ratis] (custom)
2019-09-19 09:51:55,613 [pool-208-thread-1] INFO  storage.RaftStorageDirectory (RaftStorageDirectory.java:analyzeStorage(246)) - The storage directory /workdir/hadoop-ozone/ozonefs/target/test-dir/MiniOzoneClusterImpl-ef25c7d6-713f-480d-a3e2-ca8e4934b2a4/datanode-2/data/ratis/90adc2ab-dd6c-4f51-8650-5f4eab975c30 does not exist. Creating ...
2019-09-19 09:51:55,627 [pool-208-thread-1] INFO  storage.RaftStorageDirectory (RaftStorageDirectory.java:tryLock(328)) - Lock on /workdir/hadoop-ozone/ozonefs/target/test-dir/MiniOzoneClusterImpl-ef25c7d6-713f-480d-a3e2-ca8e4934b2a4/datanode-2/data/ratis/90adc2ab-dd6c-4f51-8650-5f4eab975c30/in_use.lock acquired by nodename 9507@pr-hdds-1569-j4bt4-3030777008
2019-09-19 09:51:55,640 [pool-208-thread-1] INFO  storage.RaftStorage (RaftStorage.java:format(72)) - Storage directory /workdir/hadoop-ozone/ozonefs/target/test-dir/MiniOzoneClusterImpl-ef25c7d6-713f-480d-a3e2-ca8e4934b2a4/datanode-2/data/ratis/90adc2ab-dd6c-4f51-8650-5f4eab975c30 has been successfully formatted.
2019-09-19 09:51:55,640 [pool-208-thread-1] INFO  ratis.ContainerStateMachine (ContainerStateMachine.java:loadSnapshot(226)) - group-5F4EAB975C30: The snapshot info is null. Setting the last applied indexto:(t:0, i:~)
2019-09-19 09:51:55,640 [pool-208-thread-1] INFO  server.RaftServerConfigKeys (ConfUtils.java:logGet(43)) - raft.server.leader.election.timeout = 120s (custom)
2019-09-19 09:51:55,640 [pool-208-thread-1] INFO  server.RaftServerConfigKeys (ConfUtils.java:logGet(43)) - raft.server.log.use.memory = false (default)
2019-09-19 09:51:55,640 [pool-208-thread-1] INFO  server.RaftServerConfigKeys (ConfUtils.java:logGet(43)) - raft.server.log.purge.gap = 1000000 (custom)
2019-09-19 09:51:55,641 [pool-208-thread-1] INFO  server.RaftServerConfigKeys (ConfUtils.java:logGet(43)) - raft.server.log.appender.buffer.byte-limit = 33554432 (custom)
2019-09-19 09:51:55,641 [pool-208-thread-1] INFO  server.RaftServerConfigKeys (ConfUtils.java:logGet(43)) - raft.server.log.segment.size.max = 1048576 (custom)
2019-09-19 09:51:55,641 [pool-208-thread-1] INFO  server.RaftServerConfigKeys (ConfUtils.java:logGet(43)) - raft.server.log.segment.cache.num.max = 2 (custom)
2019-09-19 09:51:55,641 [pool-208-thread-1] INFO  segmented.SegmentedRaftLogWorker (SegmentedRaftLogWorker.java:<init>(172)) - new b3b405db-e406-472f-a1bd-451d52c335eb-SegmentedRaftLogWorker:Storage Directory /workdir/hadoop-ozone/ozonefs/target/test-dir/MiniOzoneClusterImpl-ef25c7d6-713f-480d-a3e2-ca8e4934b2a4/datanode-2/data/ratis/90adc2ab-dd6c-4f51-8650-5f4eab975c30 for RaftStorage:Storage Directory /workdir/hadoop-ozone/ozonefs/target/test-dir/MiniOzoneClusterImpl-ef25c7d6-713f-480d-a3e2-ca8e4934b2a4/datanode-2/data/ratis/90adc2ab-dd6c-4f51-8650-5f4eab975c30
2019-09-19 09:51:55,641 [pool-208-thread-1] INFO  server.RaftServerConfigKeys (ConfUtils.java:logGet(43)) - raft.server.log.queue.byte-limit = 2147483647 (custom)
2019-09-19 09:51:55,641 [pool-208-thread-1] INFO  server.RaftServerConfigKeys (ConfUtils.java:logGet(43)) - raft.server.log.queue.element-limit = 1024 (custom)
2019-09-19 09:51:55,642 [pool-208-thread-1] INFO  server.RaftServerConfigKeys (ConfUtils.java:logGet(43)) - raft.server.log.segment.size.max = 1048576 (custom)
2019-09-19 09:51:55,642 [pool-208-thread-1] INFO  server.RaftServerConfigKeys (ConfUtils.java:logGet(43)) - raft.server.log.preallocated.size = 16384 (custom)
2019-09-19 09:51:55,642 [pool-208-thread-1] INFO  server.RaftServerConfigKeys (ConfUtils.java:logGet(43)) - raft.server.log.write.buffer.size = 33554432 (custom)
2019-09-19 09:51:55,642 [pool-208-thread-1] INFO  server.RaftServerConfigKeys (ConfUtils.java:logGet(43)) - raft.server.log.force.sync.num = 128 (default)
2019-09-19 09:51:55,642 [pool-208-thread-1] INFO  server.RaftServerConfigKeys (ConfUtils.java:logGet(43)) - raft.server.log.statemachine.data.sync = true (default)
2019-09-19 09:51:55,642 [pool-208-thread-1] INFO  server.RaftServerConfigKeys (ConfUtils.java:logGet(43)) - raft.server.log.statemachine.data.sync.timeout = 10s (default)
2019-09-19 09:51:55,642 [pool-208-thread-1] INFO  server.RaftServerConfigKeys (ConfUtils.java:logGet(43)) - raft.server.log.statemachine.data.sync.timeout.retry = -1 (default)
2019-09-19 09:51:55,643 [pool-208-thread-1] INFO  server.RaftServerConfigKeys (ConfUtils.java:logGet(43)) - raft.server.log.statemachine.data.caching.enabled = true (custom)
2019-09-19 09:51:55,643 [pool-208-thread-1] INFO  segmented.SegmentedRaftLogWorker (SegmentedRaftLogWorker.java:lambda$new$0(132)) - b3b405db-e406-472f-a1bd-451d52c335eb-SegmentedRaftLogWorker:Storage Directory /workdir/hadoop-ozone/ozonefs/target/test-dir/MiniOzoneClusterImpl-ef25c7d6-713f-480d-a3e2-ca8e4934b2a4/datanode-2/data/ratis/90adc2ab-dd6c-4f51-8650-5f4eab975c30: flushIndex: setUnconditionally 0 -> -1
2019-09-19 09:51:55,643 [pool-208-thread-1] INFO  server.RaftServerConfigKeys (ConfUtils.java:logGet(43)) - raft.server.snapshot.auto.trigger.enabled = true (custom)
2019-09-19 09:51:55,643 [pool-208-thread-1] INFO  server.RaftServerConfigKeys (ConfUtils.java:logGet(43)) - raft.server.snapshot.auto.trigger.threshold = 10000 (custom)
2019-09-19 09:51:55,644 [pool-208-thread-1] INFO  server.RaftServerConfigKeys (ConfUtils.java:logGet(43)) - raft.server.retrycache.expirytime = 600000ms (custom)
2019-09-19 09:51:55,644 [pool-208-thread-1] INFO  impl.RaftServerImpl (RaftServerImpl.java:start(180)) - b3b405db-e406-472f-a1bd-451d52c335eb: start group-5F4EAB975C30
2019-09-19 09:51:55,644 [pool-208-thread-1] INFO  impl.RaftServerImpl (RaftServerImpl.java:setRole(171)) - b3b405db-e406-472f-a1bd-451d52c335eb:group-5F4EAB975C30 changes role from null to FOLLOWER at term 0 for startAsFollower
2019-09-19 09:51:55,644 [pool-208-thread-1] INFO  impl.RoleInfo (RoleInfo.java:updateAndGet(143)) - b3b405db-e406-472f-a1bd-451d52c335eb: start FollowerState
2019-09-19 09:51:55,645 [pool-208-thread-1] INFO  util.JmxRegister (JmxRegister.java:tryRegister(44)) - Successfully registered JMX Bean with object name Ratis:service=RaftServer,group=group-5F4EAB975C30,id=b3b405db-e406-472f-a1bd-451d52c335eb
2019-09-19 09:51:55,648 [RatisPipelineUtilsThread] INFO  pipeline.PipelineStateManager (PipelineStateManager.java:addPipeline(56)) - Created pipeline Pipeline[ Id: 90adc2ab-dd6c-4f51-8650-5f4eab975c30, Nodes: b3b405db-e406-472f-a1bd-451d52c335eb{ip: 192.168.34.5, host: pr-hdds-1569-j4bt4-3030777008, networkLocation: /default-rack, certSerialId: null}, Type:RATIS, Factor:ONE, State:OPEN]
2019-09-19 09:51:55,648 [RatisPipelineUtilsThread] ERROR pipeline.PipelinePlacementPolicy (PipelinePlacementPolicy.java:meetCriteria(91)) - Pipeline Placement: Doesn't meet the criteria to be viable node. Heaviness: 6
2019-09-19 09:51:55,648 [RatisPipelineUtilsThread] ERROR pipeline.PipelinePlacementPolicy (PipelinePlacementPolicy.java:meetCriteria(91)) - Pipeline Placement: Doesn't meet the criteria to be viable node. Heaviness: 6
2019-09-19 09:51:55,654 [grpc-default-executor-0] INFO  impl.RaftServerProxy (RaftServerProxy.java:addNew(89)) - b3b405db-e406-472f-a1bd-451d52c335eb: addNew group-ACB4687D2648:[b3b405db-e406-472f-a1bd-451d52c335eb:192.168.34.5:44675] returns group-ACB4687D2648:java.util.concurrent.CompletableFuture@76578e6d[Not completed]
2019-09-19 09:51:55,655 [pool-208-thread-1] INFO  impl.RaftServerImpl (RaftServerImpl.java:<init>(93)) - b3b405db-e406-472f-a1bd-451d52c335eb: new RaftServerImpl for group-ACB4687D2648:[b3b405db-e406-472f-a1bd-451d52c335eb:192.168.34.5:44675] with ContainerStateMachine:uninitialized
2019-09-19 09:51:55,656 [pool-208-thread-1] INFO  server.RaftServerConfigKeys (ConfUtils.java:logGet(43)) - raft.server.rpc.timeout.min = 5s (custom)
2019-09-19 09:51:55,656 [pool-208-thread-1] INFO  server.RaftServerConfigKeys (ConfUtils.java:logGet(43)) - raft.server.rpc.timeout.max = 5200ms (custom)
2019-09-19 09:51:55,656 [pool-208-thread-1] INFO  server.RaftServerConfigKeys (ConfUtils.java:logGet(43)) - raft.server.rpcslowness.timeout = 120s (custom)
2019-09-19 09:51:55,656 [pool-208-thread-1] INFO  server.RaftServerConfigKeys (ConfUtils.java:logGet(43)) - raft.server.sleep.deviation.threshold = 300 (default)
2019-09-19 09:51:55,656 [pool-208-thread-1] INFO  server.RaftServerConfigKeys (ConfUtils.java:logGet(43)) - raft.server.log.appender.install.snapshot.enabled = false (custom)
2019-09-19 09:51:55,656 [pool-208-thread-1] INFO  impl.RaftServerImpl (ServerState.java:<init>(105)) - b3b405db-e406-472f-a1bd-451d52c335eb:group-ACB4687D2648 ConfigurationManager, init=-1: [b3b405db-e406-472f-a1bd-451d52c335eb:192.168.34.5:44675], old=null, confs=<EMPTY_MAP>
2019-09-19 09:51:55,657 [pool-208-thread-1] INFO  server.RaftServerConfigKeys (ConfUtils.java:logGet(43)) - raft.server.storage.dir = [/workdir/hadoop-ozone/ozonefs/target/test-dir/MiniOzoneClusterImpl-ef25c7d6-713f-480d-a3e2-ca8e4934b2a4/datanode-2/data/ratis] (custom)
2019-09-19 09:51:55,657 [pool-208-thread-1] INFO  storage.RaftStorageDirectory (RaftStorageDirectory.java:analyzeStorage(246)) - The storage directory /workdir/hadoop-ozone/ozonefs/target/test-dir/MiniOzoneClusterImpl-ef25c7d6-713f-480d-a3e2-ca8e4934b2a4/datanode-2/data/ratis/7592d1a3-8c64-49da-8891-acb4687d2648 does not exist. Creating ...
2019-09-19 09:51:55,670 [pool-208-thread-1] INFO  storage.RaftStorageDirectory (RaftStorageDirectory.java:tryLock(328)) - Lock on /workdir/hadoop-ozone/ozonefs/target/test-dir/MiniOzoneClusterImpl-ef25c7d6-713f-480d-a3e2-ca8e4934b2a4/datanode-2/data/ratis/7592d1a3-8c64-49da-8891-acb4687d2648/in_use.lock acquired by nodename 9507@pr-hdds-1569-j4bt4-3030777008
2019-09-19 09:51:55,683 [pool-208-thread-1] INFO  storage.RaftStorage (RaftStorage.java:format(72)) - Storage directory /workdir/hadoop-ozone/ozonefs/target/test-dir/MiniOzoneClusterImpl-ef25c7d6-713f-480d-a3e2-ca8e4934b2a4/datanode-2/data/ratis/7592d1a3-8c64-49da-8891-acb4687d2648 has been successfully formatted.
2019-09-19 09:51:55,683 [pool-208-thread-1] INFO  ratis.ContainerStateMachine (ContainerStateMachine.java:loadSnapshot(226)) - group-ACB4687D2648: The snapshot info is null. Setting the last applied indexto:(t:0, i:~)
2019-09-19 09:51:55,684 [pool-208-thread-1] INFO  server.RaftServerConfigKeys (ConfUtils.java:logGet(43)) - raft.server.leader.election.timeout = 120s (custom)
2019-09-19 09:51:55,684 [pool-208-thread-1] INFO  server.RaftServerConfigKeys (ConfUtils.java:logGet(43)) - raft.server.log.use.memory = false (default)
2019-09-19 09:51:55,684 [pool-208-thread-1] INFO  server.RaftServerConfigKeys (ConfUtils.java:logGet(43)) - raft.server.log.purge.gap = 1000000 (custom)
2019-09-19 09:51:55,684 [pool-208-thread-1] INFO  server.RaftServerConfigKeys (ConfUtils.java:logGet(43)) - raft.server.log.appender.buffer.byte-limit = 33554432 (custom)
2019-09-19 09:51:55,684 [pool-208-thread-1] INFO  server.RaftServerConfigKeys (ConfUtils.java:logGet(43)) - raft.server.log.segment.size.max = 1048576 (custom)
2019-09-19 09:51:55,684 [pool-208-thread-1] INFO  server.RaftServerConfigKeys (ConfUtils.java:logGet(43)) - raft.server.log.segment.cache.num.max = 2 (custom)
2019-09-19 09:51:55,685 [pool-208-thread-1] INFO  segmented.SegmentedRaftLogWorker (SegmentedRaftLogWorker.java:<init>(172)) - new b3b405db-e406-472f-a1bd-451d52c335eb-SegmentedRaftLogWorker:Storage Directory /workdir/hadoop-ozone/ozonefs/target/test-dir/MiniOzoneClusterImpl-ef25c7d6-713f-480d-a3e2-ca8e4934b2a4/datanode-2/data/ratis/7592d1a3-8c64-49da-8891-acb4687d2648 for RaftStorage:Storage Directory /workdir/hadoop-ozone/ozonefs/target/test-dir/MiniOzoneClusterImpl-ef25c7d6-713f-480d-a3e2-ca8e4934b2a4/datanode-2/data/ratis/7592d1a3-8c64-49da-8891-acb4687d2648
2019-09-19 09:51:55,685 [pool-208-thread-1] INFO  server.RaftServerConfigKeys (ConfUtils.java:logGet(43)) - raft.server.log.queue.byte-limit = 2147483647 (custom)
2019-09-19 09:51:55,685 [pool-208-thread-1] INFO  server.RaftServerConfigKeys (ConfUtils.java:logGet(43)) - raft.server.log.queue.element-limit = 1024 (custom)
2019-09-19 09:51:55,685 [pool-208-thread-1] INFO  server.RaftServerConfigKeys (ConfUtils.java:logGet(43)) - raft.server.log.segment.size.max = 1048576 (custom)
2019-09-19 09:51:55,685 [pool-208-thread-1] INFO  server.RaftServerConfigKeys (ConfUtils.java:logGet(43)) - raft.server.log.preallocated.size = 16384 (custom)
2019-09-19 09:51:55,685 [pool-208-thread-1] INFO  server.RaftServerConfigKeys (ConfUtils.java:logGet(43)) - raft.server.log.write.buffer.size = 33554432 (custom)
2019-09-19 09:51:55,686 [pool-208-thread-1] INFO  server.RaftServerConfigKeys (ConfUtils.java:logGet(43)) - raft.server.log.force.sync.num = 128 (default)
2019-09-19 09:51:55,686 [pool-208-thread-1] INFO  server.RaftServerConfigKeys (ConfUtils.java:logGet(43)) - raft.server.log.statemachine.data.sync = true (default)
2019-09-19 09:51:55,686 [pool-208-thread-1] INFO  server.RaftServerConfigKeys (ConfUtils.java:logGet(43)) - raft.server.log.statemachine.data.sync.timeout = 10s (default)
2019-09-19 09:51:55,686 [pool-208-thread-1] INFO  server.RaftServerConfigKeys (ConfUtils.java:logGet(43)) - raft.server.log.statemachine.data.sync.timeout.retry = -1 (default)
2019-09-19 09:51:55,686 [pool-208-thread-1] INFO  server.RaftServerConfigKeys (ConfUtils.java:logGet(43)) - raft.server.log.statemachine.data.caching.enabled = true (custom)
2019-09-19 09:51:55,687 [pool-208-thread-1] INFO  segmented.SegmentedRaftLogWorker (SegmentedRaftLogWorker.java:lambda$new$0(132)) - b3b405db-e406-472f-a1bd-451d52c335eb-SegmentedRaftLogWorker:Storage Directory /workdir/hadoop-ozone/ozonefs/target/test-dir/MiniOzoneClusterImpl-ef25c7d6-713f-480d-a3e2-ca8e4934b2a4/datanode-2/data/ratis/7592d1a3-8c64-49da-8891-acb4687d2648: flushIndex: setUnconditionally 0 -> -1
2019-09-19 09:51:55,687 [pool-208-thread-1] INFO  server.RaftServerConfigKeys (ConfUtils.java:logGet(43)) - raft.server.snapshot.auto.trigger.enabled = true (custom)
2019-09-19 09:51:55,687 [pool-208-thread-1] INFO  server.RaftServerConfigKeys (ConfUtils.java:logGet(43)) - raft.server.snapshot.auto.trigger.threshold = 10000 (custom)
2019-09-19 09:51:55,687 [pool-208-thread-1] INFO  server.RaftServerConfigKeys (ConfUtils.java:logGet(43)) - raft.server.retrycache.expirytime = 600000ms (custom)
2019-09-19 09:51:55,688 [pool-208-thread-1] INFO  impl.RaftServerImpl (RaftServerImpl.java:start(180)) - b3b405db-e406-472f-a1bd-451d52c335eb: start group-ACB4687D2648
2019-09-19 09:51:55,688 [pool-208-thread-1] INFO  impl.RaftServerImpl (RaftServerImpl.java:setRole(171)) - b3b405db-e406-472f-a1bd-451d52c335eb:group-ACB4687D2648 changes role from null to FOLLOWER at term 0 for startAsFollower
2019-09-19 09:51:55,688 [pool-208-thread-1] INFO  impl.RoleInfo (RoleInfo.java:updateAndGet(143)) - b3b405db-e406-472f-a1bd-451d52c335eb: start FollowerState
2019-09-19 09:51:55,688 [pool-208-thread-1] INFO  util.JmxRegister (JmxRegister.java:tryRegister(44)) - Successfully registered JMX Bean with object name Ratis:service=RaftServer,group=group-ACB4687D2648,id=b3b405db-e406-472f-a1bd-451d52c335eb
2019-09-19 09:51:55,692 [RatisPipelineUtilsThread] INFO  pipeline.PipelineStateManager (PipelineStateManager.java:addPipeline(56)) - Created pipeline Pipeline[ Id: 7592d1a3-8c64-49da-8891-acb4687d2648, Nodes: b3b405db-e406-472f-a1bd-451d52c335eb{ip: 192.168.34.5, host: pr-hdds-1569-j4bt4-3030777008, networkLocation: /default-rack, certSerialId: null}, Type:RATIS, Factor:ONE, State:OPEN]
2019-09-19 09:51:55,692 [RatisPipelineUtilsThread] ERROR pipeline.PipelinePlacementPolicy (PipelinePlacementPolicy.java:meetCriteria(91)) - Pipeline Placement: Doesn't meet the criteria to be viable node. Heaviness: 6
2019-09-19 09:51:55,692 [RatisPipelineUtilsThread] ERROR pipeline.PipelinePlacementPolicy (PipelinePlacementPolicy.java:meetCriteria(91)) - Pipeline Placement: Doesn't meet the criteria to be viable node. Heaviness: 6
2019-09-19 09:51:55,697 [grpc-default-executor-0] INFO  impl.RaftServerProxy (RaftServerProxy.java:addNew(89)) - b3b405db-e406-472f-a1bd-451d52c335eb: addNew group-960D08241BE8:[b3b405db-e406-472f-a1bd-451d52c335eb:192.168.34.5:44675] returns group-960D08241BE8:java.util.concurrent.CompletableFuture@66bbaf37[Not completed]
2019-09-19 09:51:55,699 [pool-208-thread-1] INFO  impl.RaftServerImpl (RaftServerImpl.java:<init>(93)) - b3b405db-e406-472f-a1bd-451d52c335eb: new RaftServerImpl for group-960D08241BE8:[b3b405db-e406-472f-a1bd-451d52c335eb:192.168.34.5:44675] with ContainerStateMachine:uninitialized
2019-09-19 09:51:55,699 [pool-208-thread-1] INFO  server.RaftServerConfigKeys (ConfUtils.java:logGet(43)) - raft.server.rpc.timeout.min = 5s (custom)
2019-09-19 09:51:55,699 [pool-208-thread-1] INFO  server.RaftServerConfigKeys (ConfUtils.java:logGet(43)) - raft.server.rpc.timeout.max = 5200ms (custom)
2019-09-19 09:51:55,699 [pool-208-thread-1] INFO  server.RaftServerConfigKeys (ConfUtils.java:logGet(43)) - raft.server.rpcslowness.timeout = 120s (custom)
2019-09-19 09:51:55,700 [pool-208-thread-1] INFO  server.RaftServerConfigKeys (ConfUtils.java:logGet(43)) - raft.server.sleep.deviation.threshold = 300 (default)
2019-09-19 09:51:55,700 [pool-208-thread-1] INFO  server.RaftServerConfigKeys (ConfUtils.java:logGet(43)) - raft.server.log.appender.install.snapshot.enabled = false (custom)
2019-09-19 09:51:55,700 [pool-208-thread-1] INFO  impl.RaftServerImpl (ServerState.java:<init>(105)) - b3b405db-e406-472f-a1bd-451d52c335eb:group-960D08241BE8 ConfigurationManager, init=-1: [b3b405db-e406-472f-a1bd-451d52c335eb:192.168.34.5:44675], old=null, confs=<EMPTY_MAP>
2019-09-19 09:51:55,700 [pool-208-thread-1] INFO  server.RaftServerConfigKeys (ConfUtils.java:logGet(43)) - raft.server.storage.dir = [/workdir/hadoop-ozone/ozonefs/target/test-dir/MiniOzoneClusterImpl-ef25c7d6-713f-480d-a3e2-ca8e4934b2a4/datanode-2/data/ratis] (custom)
2019-09-19 09:51:55,700 [pool-208-thread-1] INFO  storage.RaftStorageDirectory (RaftStorageDirectory.java:analyzeStorage(246)) - The storage directory /workdir/hadoop-ozone/ozonefs/target/test-dir/MiniOzoneClusterImpl-ef25c7d6-713f-480d-a3e2-ca8e4934b2a4/datanode-2/data/ratis/541bc164-67e5-4fac-bd7f-960d08241be8 does not exist. Creating ...
2019-09-19 09:51:55,713 [pool-208-thread-1] INFO  storage.RaftStorageDirectory (RaftStorageDirectory.java:tryLock(328)) - Lock on /workdir/hadoop-ozone/ozonefs/target/test-dir/MiniOzoneClusterImpl-ef25c7d6-713f-480d-a3e2-ca8e4934b2a4/datanode-2/data/ratis/541bc164-67e5-4fac-bd7f-960d08241be8/in_use.lock acquired by nodename 9507@pr-hdds-1569-j4bt4-3030777008
2019-09-19 09:51:55,726 [pool-208-thread-1] INFO  storage.RaftStorage (RaftStorage.java:format(72)) - Storage directory /workdir/hadoop-ozone/ozonefs/target/test-dir/MiniOzoneClusterImpl-ef25c7d6-713f-480d-a3e2-ca8e4934b2a4/datanode-2/data/ratis/541bc164-67e5-4fac-bd7f-960d08241be8 has been successfully formatted.
2019-09-19 09:51:55,727 [pool-208-thread-1] INFO  ratis.ContainerStateMachine (ContainerStateMachine.java:loadSnapshot(226)) - group-960D08241BE8: The snapshot info is null. Setting the last applied indexto:(t:0, i:~)
2019-09-19 09:51:55,727 [pool-208-thread-1] INFO  server.RaftServerConfigKeys (ConfUtils.java:logGet(43)) - raft.server.leader.election.timeout = 120s (custom)
2019-09-19 09:51:55,727 [pool-208-thread-1] INFO  server.RaftServerConfigKeys (ConfUtils.java:logGet(43)) - raft.server.log.use.memory = false (default)
2019-09-19 09:51:55,727 [pool-208-thread-1] INFO  server.RaftServerConfigKeys (ConfUtils.java:logGet(43)) - raft.server.log.purge.gap = 1000000 (custom)
2019-09-19 09:51:55,727 [pool-208-thread-1] INFO  server.RaftServerConfigKeys (ConfUtils.java:logGet(43)) - raft.server.log.appender.buffer.byte-limit = 33554432 (custom)
2019-09-19 09:51:55,728 [pool-208-thread-1] INFO  server.RaftServerConfigKeys (ConfUtils.java:logGet(43)) - raft.server.log.segment.size.max = 1048576 (custom)
2019-09-19 09:51:55,728 [pool-208-thread-1] INFO  server.RaftServerConfigKeys (ConfUtils.java:logGet(43)) - raft.server.log.segment.cache.num.max = 2 (custom)
2019-09-19 09:51:55,728 [pool-208-thread-1] INFO  segmented.SegmentedRaftLogWorker (SegmentedRaftLogWorker.java:<init>(172)) - new b3b405db-e406-472f-a1bd-451d52c335eb-SegmentedRaftLogWorker:Storage Directory /workdir/hadoop-ozone/ozonefs/target/test-dir/MiniOzoneClusterImpl-ef25c7d6-713f-480d-a3e2-ca8e4934b2a4/datanode-2/data/ratis/541bc164-67e5-4fac-bd7f-960d08241be8 for RaftStorage:Storage Directory /workdir/hadoop-ozone/ozonefs/target/test-dir/MiniOzoneClusterImpl-ef25c7d6-713f-480d-a3e2-ca8e4934b2a4/datanode-2/data/ratis/541bc164-67e5-4fac-bd7f-960d08241be8
2019-09-19 09:51:55,728 [pool-208-thread-1] INFO  server.RaftServerConfigKeys (ConfUtils.java:logGet(43)) - raft.server.log.queue.byte-limit = 2147483647 (custom)
2019-09-19 09:51:55,728 [pool-208-thread-1] INFO  server.RaftServerConfigKeys (ConfUtils.java:logGet(43)) - raft.server.log.queue.element-limit = 1024 (custom)
2019-09-19 09:51:55,728 [pool-208-thread-1] INFO  server.RaftServerConfigKeys (ConfUtils.java:logGet(43)) - raft.server.log.segment.size.max = 1048576 (custom)
2019-09-19 09:51:55,729 [pool-208-thread-1] INFO  server.RaftServerConfigKeys (ConfUtils.java:logGet(43)) - raft.server.log.preallocated.size = 16384 (custom)
2019-09-19 09:51:55,729 [pool-208-thread-1] INFO  server.RaftServerConfigKeys (ConfUtils.java:logGet(43)) - raft.server.log.write.buffer.size = 33554432 (custom)
2019-09-19 09:51:55,729 [pool-208-thread-1] INFO  server.RaftServerConfigKeys (ConfUtils.java:logGet(43)) - raft.server.log.force.sync.num = 128 (default)
2019-09-19 09:51:55,729 [pool-208-thread-1] INFO  server.RaftServerConfigKeys (ConfUtils.java:logGet(43)) - raft.server.log.statemachine.data.sync = true (default)
2019-09-19 09:51:55,729 [pool-208-thread-1] INFO  server.RaftServerConfigKeys (ConfUtils.java:logGet(43)) - raft.server.log.statemachine.data.sync.timeout = 10s (default)
2019-09-19 09:51:55,729 [pool-208-thread-1] INFO  server.RaftServerConfigKeys (ConfUtils.java:logGet(43)) - raft.server.log.statemachine.data.sync.timeout.retry = -1 (default)
2019-09-19 09:51:55,730 [pool-208-thread-1] INFO  server.RaftServerConfigKeys (ConfUtils.java:logGet(43)) - raft.server.log.statemachine.data.caching.enabled = true (custom)
2019-09-19 09:51:55,730 [pool-208-thread-1] INFO  segmented.SegmentedRaftLogWorker (SegmentedRaftLogWorker.java:lambda$new$0(132)) - b3b405db-e406-472f-a1bd-451d52c335eb-SegmentedRaftLogWorker:Storage Directory /workdir/hadoop-ozone/ozonefs/target/test-dir/MiniOzoneClusterImpl-ef25c7d6-713f-480d-a3e2-ca8e4934b2a4/datanode-2/data/ratis/541bc164-67e5-4fac-bd7f-960d08241be8: flushIndex: setUnconditionally 0 -> -1
2019-09-19 09:51:55,730 [pool-208-thread-1] INFO  server.RaftServerConfigKeys (ConfUtils.java:logGet(43)) - raft.server.snapshot.auto.trigger.enabled = true (custom)
2019-09-19 09:51:55,731 [pool-208-thread-1] INFO  server.RaftServerConfigKeys (ConfUtils.java:logGet(43)) - raft.server.snapshot.auto.trigger.threshold = 10000 (custom)
2019-09-19 09:51:55,731 [pool-208-thread-1] INFO  server.RaftServerConfigKeys (ConfUtils.java:logGet(43)) - raft.server.retrycache.expirytime = 600000ms (custom)
2019-09-19 09:51:55,731 [pool-208-thread-1] INFO  impl.RaftServerImpl (RaftServerImpl.java:start(180)) - b3b405db-e406-472f-a1bd-451d52c335eb: start group-960D08241BE8
2019-09-19 09:51:55,731 [pool-208-thread-1] INFO  impl.RaftServerImpl (RaftServerImpl.java:setRole(171)) - b3b405db-e406-472f-a1bd-451d52c335eb:group-960D08241BE8 changes role from null to FOLLOWER at term 0 for startAsFollower
2019-09-19 09:51:55,731 [pool-208-thread-1] INFO  impl.RoleInfo (RoleInfo.java:updateAndGet(143)) - b3b405db-e406-472f-a1bd-451d52c335eb: start FollowerState
2019-09-19 09:51:55,732 [pool-208-thread-1] INFO  util.JmxRegister (JmxRegister.java:tryRegister(44)) - Successfully registered JMX Bean with object name Ratis:service=RaftServer,group=group-960D08241BE8,id=b3b405db-e406-472f-a1bd-451d52c335eb
2019-09-19 09:51:55,735 [RatisPipelineUtilsThread] INFO  pipeline.PipelineStateManager (PipelineStateManager.java:addPipeline(56)) - Created pipeline Pipeline[ Id: 541bc164-67e5-4fac-bd7f-960d08241be8, Nodes: b3b405db-e406-472f-a1bd-451d52c335eb{ip: 192.168.34.5, host: pr-hdds-1569-j4bt4-3030777008, networkLocation: /default-rack, certSerialId: null}, Type:RATIS, Factor:ONE, State:OPEN]
2019-09-19 09:51:55,735 [RatisPipelineUtilsThread] ERROR pipeline.PipelinePlacementPolicy (PipelinePlacementPolicy.java:meetCriteria(91)) - Pipeline Placement: Doesn't meet the criteria to be viable node. Heaviness: 6
2019-09-19 09:51:55,736 [RatisPipelineUtilsThread] ERROR pipeline.PipelinePlacementPolicy (PipelinePlacementPolicy.java:meetCriteria(91)) - Pipeline Placement: Doesn't meet the criteria to be viable node. Heaviness: 6
2019-09-19 09:51:55,741 [grpc-default-executor-0] INFO  impl.RaftServerProxy (RaftServerProxy.java:addNew(89)) - b3b405db-e406-472f-a1bd-451d52c335eb: addNew group-801AB1859E78:[b3b405db-e406-472f-a1bd-451d52c335eb:192.168.34.5:44675] returns group-801AB1859E78:java.util.concurrent.CompletableFuture@40698ea8[Not completed]
2019-09-19 09:51:55,743 [pool-208-thread-1] INFO  impl.RaftServerImpl (RaftServerImpl.java:<init>(93)) - b3b405db-e406-472f-a1bd-451d52c335eb: new RaftServerImpl for group-801AB1859E78:[b3b405db-e406-472f-a1bd-451d52c335eb:192.168.34.5:44675] with ContainerStateMachine:uninitialized
2019-09-19 09:51:55,743 [pool-208-thread-1] INFO  server.RaftServerConfigKeys (ConfUtils.java:logGet(43)) - raft.server.rpc.timeout.min = 5s (custom)
2019-09-19 09:51:55,743 [pool-208-thread-1] INFO  server.RaftServerConfigKeys (ConfUtils.java:logGet(43)) - raft.server.rpc.timeout.max = 5200ms (custom)
2019-09-19 09:51:55,744 [pool-208-thread-1] INFO  server.RaftServerConfigKeys (ConfUtils.java:logGet(43)) - raft.server.rpcslowness.timeout = 120s (custom)
2019-09-19 09:51:55,744 [pool-208-thread-1] INFO  server.RaftServerConfigKeys (ConfUtils.java:logGet(43)) - raft.server.sleep.deviation.threshold = 300 (default)
2019-09-19 09:51:55,744 [pool-208-thread-1] INFO  server.RaftServerConfigKeys (ConfUtils.java:logGet(43)) - raft.server.log.appender.install.snapshot.enabled = false (custom)
2019-09-19 09:51:55,744 [pool-208-thread-1] INFO  impl.RaftServerImpl (ServerState.java:<init>(105)) - b3b405db-e406-472f-a1bd-451d52c335eb:group-801AB1859E78 ConfigurationManager, init=-1: [b3b405db-e406-472f-a1bd-451d52c335eb:192.168.34.5:44675], old=null, confs=<EMPTY_MAP>
2019-09-19 09:51:55,744 [pool-208-thread-1] INFO  server.RaftServerConfigKeys (ConfUtils.java:logGet(43)) - raft.server.storage.dir = [/workdir/hadoop-ozone/ozonefs/target/test-dir/MiniOzoneClusterImpl-ef25c7d6-713f-480d-a3e2-ca8e4934b2a4/datanode-2/data/ratis] (custom)
2019-09-19 09:51:55,745 [pool-208-thread-1] INFO  storage.RaftStorageDirectory (RaftStorageDirectory.java:analyzeStorage(246)) - The storage directory /workdir/hadoop-ozone/ozonefs/target/test-dir/MiniOzoneClusterImpl-ef25c7d6-713f-480d-a3e2-ca8e4934b2a4/datanode-2/data/ratis/ea09a4c9-e004-440d-9243-801ab1859e78 does not exist. Creating ...
2019-09-19 09:51:55,757 [pool-208-thread-1] INFO  storage.RaftStorageDirectory (RaftStorageDirectory.java:tryLock(328)) - Lock on /workdir/hadoop-ozone/ozonefs/target/test-dir/MiniOzoneClusterImpl-ef25c7d6-713f-480d-a3e2-ca8e4934b2a4/datanode-2/data/ratis/ea09a4c9-e004-440d-9243-801ab1859e78/in_use.lock acquired by nodename 9507@pr-hdds-1569-j4bt4-3030777008
2019-09-19 09:51:55,771 [pool-208-thread-1] INFO  storage.RaftStorage (RaftStorage.java:format(72)) - Storage directory /workdir/hadoop-ozone/ozonefs/target/test-dir/MiniOzoneClusterImpl-ef25c7d6-713f-480d-a3e2-ca8e4934b2a4/datanode-2/data/ratis/ea09a4c9-e004-440d-9243-801ab1859e78 has been successfully formatted.
2019-09-19 09:51:55,771 [pool-208-thread-1] INFO  ratis.ContainerStateMachine (ContainerStateMachine.java:loadSnapshot(226)) - group-801AB1859E78: The snapshot info is null. Setting the last applied indexto:(t:0, i:~)
2019-09-19 09:51:55,771 [pool-208-thread-1] INFO  server.RaftServerConfigKeys (ConfUtils.java:logGet(43)) - raft.server.leader.election.timeout = 120s (custom)
2019-09-19 09:51:55,772 [pool-208-thread-1] INFO  server.RaftServerConfigKeys (ConfUtils.java:logGet(43)) - raft.server.log.use.memory = false (default)
2019-09-19 09:51:55,772 [pool-208-thread-1] INFO  server.RaftServerConfigKeys (ConfUtils.java:logGet(43)) - raft.server.log.purge.gap = 1000000 (custom)
2019-09-19 09:51:55,772 [pool-208-thread-1] INFO  server.RaftServerConfigKeys (ConfUtils.java:logGet(43)) - raft.server.log.appender.buffer.byte-limit = 33554432 (custom)
2019-09-19 09:51:55,772 [pool-208-thread-1] INFO  server.RaftServerConfigKeys (ConfUtils.java:logGet(43)) - raft.server.log.segment.size.max = 1048576 (custom)
2019-09-19 09:51:55,772 [pool-208-thread-1] INFO  server.RaftServerConfigKeys (ConfUtils.java:logGet(43)) - raft.server.log.segment.cache.num.max = 2 (custom)
2019-09-19 09:51:55,772 [pool-208-thread-1] INFO  segmented.SegmentedRaftLogWorker (SegmentedRaftLogWorker.java:<init>(172)) - new b3b405db-e406-472f-a1bd-451d52c335eb-SegmentedRaftLogWorker:Storage Directory /workdir/hadoop-ozone/ozonefs/target/test-dir/MiniOzoneClusterImpl-ef25c7d6-713f-480d-a3e2-ca8e4934b2a4/datanode-2/data/ratis/ea09a4c9-e004-440d-9243-801ab1859e78 for RaftStorage:Storage Directory /workdir/hadoop-ozone/ozonefs/target/test-dir/MiniOzoneClusterImpl-ef25c7d6-713f-480d-a3e2-ca8e4934b2a4/datanode-2/data/ratis/ea09a4c9-e004-440d-9243-801ab1859e78
2019-09-19 09:51:55,773 [pool-208-thread-1] INFO  server.RaftServerConfigKeys (ConfUtils.java:logGet(43)) - raft.server.log.queue.byte-limit = 2147483647 (custom)
2019-09-19 09:51:55,773 [pool-208-thread-1] INFO  server.RaftServerConfigKeys (ConfUtils.java:logGet(43)) - raft.server.log.queue.element-limit = 1024 (custom)
2019-09-19 09:51:55,773 [pool-208-thread-1] INFO  server.RaftServerConfigKeys (ConfUtils.java:logGet(43)) - raft.server.log.segment.size.max = 1048576 (custom)
2019-09-19 09:51:55,773 [pool-208-thread-1] INFO  server.RaftServerConfigKeys (ConfUtils.java:logGet(43)) - raft.server.log.preallocated.size = 16384 (custom)
2019-09-19 09:51:55,773 [pool-208-thread-1] INFO  server.RaftServerConfigKeys (ConfUtils.java:logGet(43)) - raft.server.log.write.buffer.size = 33554432 (custom)
2019-09-19 09:51:55,773 [pool-208-thread-1] INFO  server.RaftServerConfigKeys (ConfUtils.java:logGet(43)) - raft.server.log.force.sync.num = 128 (default)
2019-09-19 09:51:55,774 [pool-208-thread-1] INFO  server.RaftServerConfigKeys (ConfUtils.java:logGet(43)) - raft.server.log.statemachine.data.sync = true (default)
2019-09-19 09:51:55,774 [pool-208-thread-1] INFO  server.RaftServerConfigKeys (ConfUtils.java:logGet(43)) - raft.server.log.statemachine.data.sync.timeout = 10s (default)
2019-09-19 09:51:55,774 [pool-208-thread-1] INFO  server.RaftServerConfigKeys (ConfUtils.java:logGet(43)) - raft.server.log.statemachine.data.sync.timeout.retry = -1 (default)
2019-09-19 09:51:55,774 [pool-208-thread-1] INFO  server.RaftServerConfigKeys (ConfUtils.java:logGet(43)) - raft.server.log.statemachine.data.caching.enabled = true (custom)
2019-09-19 09:51:55,775 [pool-208-thread-1] INFO  segmented.SegmentedRaftLogWorker (SegmentedRaftLogWorker.java:lambda$new$0(132)) - b3b405db-e406-472f-a1bd-451d52c335eb-SegmentedRaftLogWorker:Storage Directory /workdir/hadoop-ozone/ozonefs/target/test-dir/MiniOzoneClusterImpl-ef25c7d6-713f-480d-a3e2-ca8e4934b2a4/datanode-2/data/ratis/ea09a4c9-e004-440d-9243-801ab1859e78: flushIndex: setUnconditionally 0 -> -1
2019-09-19 09:51:55,775 [pool-208-thread-1] INFO  server.RaftServerConfigKeys (ConfUtils.java:logGet(43)) - raft.server.snapshot.auto.trigger.enabled = true (custom)
2019-09-19 09:51:55,775 [pool-208-thread-1] INFO  server.RaftServerConfigKeys (ConfUtils.java:logGet(43)) - raft.server.snapshot.auto.trigger.threshold = 10000 (custom)
2019-09-19 09:51:55,775 [pool-208-thread-1] INFO  server.RaftServerConfigKeys (ConfUtils.java:logGet(43)) - raft.server.retrycache.expirytime = 600000ms (custom)
2019-09-19 09:51:55,776 [pool-208-thread-1] INFO  impl.RaftServerImpl (RaftServerImpl.java:start(180)) - b3b405db-e406-472f-a1bd-451d52c335eb: start group-801AB1859E78
2019-09-19 09:51:55,776 [pool-208-thread-1] INFO  impl.RaftServerImpl (RaftServerImpl.java:setRole(171)) - b3b405db-e406-472f-a1bd-451d52c335eb:group-801AB1859E78 changes role from null to FOLLOWER at term 0 for startAsFollower
2019-09-19 09:51:55,776 [pool-208-thread-1] INFO  impl.RoleInfo (RoleInfo.java:updateAndGet(143)) - b3b405db-e406-472f-a1bd-451d52c335eb: start FollowerState
2019-09-19 09:51:55,776 [pool-208-thread-1] INFO  util.JmxRegister (JmxRegister.java:tryRegister(44)) - Successfully registered JMX Bean with object name Ratis:service=RaftServer,group=group-801AB1859E78,id=b3b405db-e406-472f-a1bd-451d52c335eb
2019-09-19 09:51:55,779 [RatisPipelineUtilsThread] INFO  pipeline.PipelineStateManager (PipelineStateManager.java:addPipeline(56)) - Created pipeline Pipeline[ Id: ea09a4c9-e004-440d-9243-801ab1859e78, Nodes: b3b405db-e406-472f-a1bd-451d52c335eb{ip: 192.168.34.5, host: pr-hdds-1569-j4bt4-3030777008, networkLocation: /default-rack, certSerialId: null}, Type:RATIS, Factor:ONE, State:OPEN]
2019-09-19 09:51:55,780 [RatisPipelineUtilsThread] ERROR pipeline.PipelinePlacementPolicy (PipelinePlacementPolicy.java:meetCriteria(91)) - Pipeline Placement: Doesn't meet the criteria to be viable node. Heaviness: 6
2019-09-19 09:51:55,780 [RatisPipelineUtilsThread] ERROR pipeline.PipelinePlacementPolicy (PipelinePlacementPolicy.java:meetCriteria(91)) - Pipeline Placement: Doesn't meet the criteria to be viable node. Heaviness: 6
2019-09-19 09:51:55,780 [RatisPipelineUtilsThread] ERROR pipeline.PipelinePlacementPolicy (PipelinePlacementPolicy.java:meetCriteria(91)) - Pipeline Placement: Doesn't meet the criteria to be viable node. Heaviness: 6
2019-09-19 09:51:55,781 [RatisPipelineUtilsThread] ERROR pipeline.PipelinePlacementPolicy (PipelinePlacementPolicy.java:filterViableNodes(146)) - Unable to find enough nodes that meet the criteria that cannot engage in more than 5 pipelines. Nodes required: 1 Found: 0, healthy nodes count inNodeManager: 3.
2019-09-19 09:51:55,781 [RatisPipelineUtilsThread] ERROR pipeline.SCMPipelineManager (SCMPipelineManager.java:createPipeline(161)) - Pipeline creation failed due to exception: Unable to find enough nodes that meet the criteria that cannot engage in more than 5 pipelines. Nodes required: 1 Found: 0, healthy nodes count inNodeManager: 3.
2019-09-19 09:51:55,781 [RatisPipelineUtilsThread] ERROR pipeline.PipelinePlacementPolicy (PipelinePlacementPolicy.java:meetCriteria(91)) - Pipeline Placement: Doesn't meet the criteria to be viable node. Heaviness: 6
2019-09-19 09:51:55,781 [RatisPipelineUtilsThread] ERROR pipeline.PipelinePlacementPolicy (PipelinePlacementPolicy.java:meetCriteria(91)) - Pipeline Placement: Doesn't meet the criteria to be viable node. Heaviness: 6
2019-09-19 09:51:55,781 [RatisPipelineUtilsThread] ERROR pipeline.PipelinePlacementPolicy (PipelinePlacementPolicy.java:meetCriteria(91)) - Pipeline Placement: Doesn't meet the criteria to be viable node. Heaviness: 6
2019-09-19 09:51:55,781 [RatisPipelineUtilsThread] ERROR pipeline.PipelinePlacementPolicy (PipelinePlacementPolicy.java:filterViableNodes(146)) - Unable to find enough nodes that meet the criteria that cannot engage in more than 5 pipelines. Nodes required: 3 Found: 0, healthy nodes count inNodeManager: 3.
2019-09-19 09:51:55,782 [RatisPipelineUtilsThread] ERROR pipeline.SCMPipelineManager (SCMPipelineManager.java:createPipeline(161)) - Pipeline creation failed due to exception: Unable to find enough nodes that meet the criteria that cannot engage in more than 5 pipelines. Nodes required: 3 Found: 0, healthy nodes count inNodeManager: 3.
2019-09-19 09:51:55,782 [RatisPipelineUtilsThread] ERROR pipeline.PipelinePlacementPolicy (PipelinePlacementPolicy.java:meetCriteria(91)) - Pipeline Placement: Doesn't meet the criteria to be viable node. Heaviness: 6
2019-09-19 09:51:55,782 [RatisPipelineUtilsThread] ERROR pipeline.PipelinePlacementPolicy (PipelinePlacementPolicy.java:meetCriteria(91)) - Pipeline Placement: Doesn't meet the criteria to be viable node. Heaviness: 6
2019-09-19 09:51:55,782 [RatisPipelineUtilsThread] ERROR pipeline.PipelinePlacementPolicy (PipelinePlacementPolicy.java:meetCriteria(91)) - Pipeline Placement: Doesn't meet the criteria to be viable node. Heaviness: 6
2019-09-19 09:51:55,782 [RatisPipelineUtilsThread] ERROR pipeline.PipelinePlacementPolicy (PipelinePlacementPolicy.java:filterViableNodes(146)) - Unable to find enough nodes that meet the criteria that cannot engage in more than 5 pipelines. Nodes required: 1 Found: 0, healthy nodes count inNodeManager: 3.
2019-09-19 09:51:55,783 [RatisPipelineUtilsThread] ERROR pipeline.SCMPipelineManager (SCMPipelineManager.java:createPipeline(161)) - Pipeline creation failed due to exception: Unable to find enough nodes that meet the criteria that cannot engage in more than 5 pipelines. Nodes required: 1 Found: 0, healthy nodes count inNodeManager: 3.
2019-09-19 09:51:55,783 [RatisPipelineUtilsThread] ERROR pipeline.PipelinePlacementPolicy (PipelinePlacementPolicy.java:meetCriteria(91)) - Pipeline Placement: Doesn't meet the criteria to be viable node. Heaviness: 6
2019-09-19 09:51:55,783 [RatisPipelineUtilsThread] ERROR pipeline.PipelinePlacementPolicy (PipelinePlacementPolicy.java:meetCriteria(91)) - Pipeline Placement: Doesn't meet the criteria to be viable node. Heaviness: 6
2019-09-19 09:51:55,783 [RatisPipelineUtilsThread] ERROR pipeline.PipelinePlacementPolicy (PipelinePlacementPolicy.java:meetCriteria(91)) - Pipeline Placement: Doesn't meet the criteria to be viable node. Heaviness: 6
2019-09-19 09:51:55,783 [RatisPipelineUtilsThread] ERROR pipeline.PipelinePlacementPolicy (PipelinePlacementPolicy.java:filterViableNodes(146)) - Unable to find enough nodes that meet the criteria that cannot engage in more than 5 pipelines. Nodes required: 3 Found: 0, healthy nodes count inNodeManager: 3.
2019-09-19 09:51:55,784 [RatisPipelineUtilsThread] ERROR pipeline.SCMPipelineManager (SCMPipelineManager.java:createPipeline(161)) - Pipeline creation failed due to exception: Unable to find enough nodes that meet the criteria that cannot engage in more than 5 pipelines. Nodes required: 3 Found: 0, healthy nodes count inNodeManager: 3.
2019-09-19 09:51:56,461 [Thread-802] INFO  ozone.MiniOzoneClusterImpl (MiniOzoneClusterImpl.java:lambda$waitForClusterToBeReady$0(142)) - Cluster is ready. Got 3 of 3 DN Heartbeats.
2019-09-19 09:51:56,682 | INFO  | OMAudit | user=jenkins1000 | ip=127.0.0.1 | op=CREATE_VOLUME {admin=admin81403, owner=user89006, volume=volume25675, creationTime=1568886716681, quotaInBytes=1152921504606846976} | ret=SUCCESS |  
2019-09-19 09:51:56,692 | INFO  | OMAudit | user=jenkins1000 | ip=127.0.0.1 | op=CREATE_BUCKET {volume=volume25675, bucket=bucket88430, acls=[], isVersionEnabled=false, storageType=DISK, creationTime=0} | ret=SUCCESS |  
2019-09-19 09:51:56,714 | INFO  | OMAudit | user=jenkins1000 | ip=127.0.0.1 | op=READ_VOLUME {volume=volume25675} | ret=SUCCESS |  
2019-09-19 09:51:56,716 | INFO  | OMAudit | user=jenkins1000 | ip=127.0.0.1 | op=READ_BUCKET {volume=volume25675, bucket=bucket88430} | ret=SUCCESS |  
2019-09-19 09:51:56,743 [IPC Server handler 1 on 45357] ERROR pipeline.PipelinePlacementPolicy (PipelinePlacementPolicy.java:meetCriteria(91)) - Pipeline Placement: Doesn't meet the criteria to be viable node. Heaviness: 6
2019-09-19 09:51:56,743 [IPC Server handler 1 on 45357] ERROR pipeline.PipelinePlacementPolicy (PipelinePlacementPolicy.java:meetCriteria(91)) - Pipeline Placement: Doesn't meet the criteria to be viable node. Heaviness: 6
2019-09-19 09:51:56,743 [IPC Server handler 1 on 45357] ERROR pipeline.PipelinePlacementPolicy (PipelinePlacementPolicy.java:meetCriteria(91)) - Pipeline Placement: Doesn't meet the criteria to be viable node. Heaviness: 6
2019-09-19 09:51:56,743 [IPC Server handler 1 on 45357] ERROR pipeline.PipelinePlacementPolicy (PipelinePlacementPolicy.java:filterViableNodes(146)) - Unable to find enough nodes that meet the criteria that cannot engage in more than 5 pipelines. Nodes required: 3 Found: 0, healthy nodes count inNodeManager: 3.
2019-09-19 09:51:56,744 [IPC Server handler 1 on 45357] ERROR pipeline.SCMPipelineManager (SCMPipelineManager.java:createPipeline(161)) - Pipeline creation failed due to exception: Unable to find enough nodes that meet the criteria that cannot engage in more than 5 pipelines. Nodes required: 3 Found: 0, healthy nodes count inNodeManager: 3.
2019-09-19 09:51:56,744 [IPC Server handler 1 on 45357] WARN  block.BlockManagerImpl (BlockManagerImpl.java:allocateBlock(192)) - Pipeline creation failed for type:RATIS factor:THREE. Retrying get pipelines call once.
org.apache.hadoop.hdds.scm.exceptions.SCMException: Unable to find enough nodes that meet the criteria that cannot engage in more than 5 pipelines. Nodes required: 3 Found: 0, healthy nodes count inNodeManager: 3.
	at org.apache.hadoop.hdds.scm.pipeline.PipelinePlacementPolicy.filterViableNodes(PipelinePlacementPolicy.java:147)
	at org.apache.hadoop.hdds.scm.pipeline.PipelinePlacementPolicy.chooseDatanodes(PipelinePlacementPolicy.java:170)
	at org.apache.hadoop.hdds.scm.pipeline.RatisPipelineProvider.create(RatisPipelineProvider.java:92)
	at org.apache.hadoop.hdds.scm.pipeline.PipelineFactory.create(PipelineFactory.java:57)
	at org.apache.hadoop.hdds.scm.pipeline.SCMPipelineManager.createPipeline(SCMPipelineManager.java:149)
	at org.apache.hadoop.hdds.scm.block.BlockManagerImpl.allocateBlock(BlockManagerImpl.java:190)
	at org.apache.hadoop.hdds.scm.server.SCMBlockProtocolServer.allocateBlock(SCMBlockProtocolServer.java:175)
	at org.apache.hadoop.ozone.protocolPB.ScmBlockLocationProtocolServerSideTranslatorPB.allocateScmBlock(ScmBlockLocationProtocolServerSideTranslatorPB.java:153)
	at org.apache.hadoop.ozone.protocolPB.ScmBlockLocationProtocolServerSideTranslatorPB.send(ScmBlockLocationProtocolServerSideTranslatorPB.java:112)
	at org.apache.hadoop.hdds.protocol.proto.ScmBlockLocationProtocolProtos$ScmBlockLocationProtocolService$2.callBlockingMethod(ScmBlockLocationProtocolProtos.java:13157)
	at org.apache.hadoop.ipc.ProtobufRpcEngine$Server$ProtoBufRpcInvoker.call(ProtobufRpcEngine.java:524)
	at org.apache.hadoop.ipc.RPC$Server.call(RPC.java:1025)
	at org.apache.hadoop.ipc.Server$RpcCall.run(Server.java:876)
	at org.apache.hadoop.ipc.Server$RpcCall.run(Server.java:822)
	at java.security.AccessController.doPrivileged(Native Method)
	at javax.security.auth.Subject.doAs(Subject.java:422)
	at org.apache.hadoop.security.UserGroupInformation.doAs(UserGroupInformation.java:1730)
	at org.apache.hadoop.ipc.Server$Handler.run(Server.java:2682)
2019-09-19 09:51:56,744 [IPC Server handler 1 on 45357] INFO  block.BlockManagerImpl (BlockManagerImpl.java:allocateBlock(198)) - Could not find available pipeline of type:RATIS and factor:THREE even after retrying
2019-09-19 09:51:56,745 [IPC Server handler 1 on 45357] ERROR block.BlockManagerImpl (BlockManagerImpl.java:allocateBlock(222)) - Unable to allocate a block for the size: 4194304, type: RATIS, factor: THREE
2019-09-19 09:51:56,745 | INFO  | SCMAudit | user=jenkins1000 | ip=192.168.34.5 | op=ALLOCATE_BLOCK {owner=fe89b6cc-cf0e-41aa-b754-f444da902d18, size=4194304, type=RATIS, factor=THREE} | ret=SUCCESS |  
2019-09-19 09:51:56,746 | ERROR | OMAudit | user=jenkins1000 | ip=127.0.0.1 | op=CREATE_FILE {volume=volume25675, bucket=bucket88430, key=testListStatus/key1, dataSize=0, replicationType=RATIS, replicationFactor=THREE, keyLocationInfo=null} | ret=FAILURE | org.apache.hadoop.hdds.scm.exceptions.SCMException: Allocated 0 blocks. Requested 1 blocks
	at org.apache.hadoop.hdds.scm.protocolPB.ScmBlockLocationProtocolClientSideTranslatorPB.handleError(ScmBlockLocationProtocolClientSideTranslatorPB.java:118)
	at org.apache.hadoop.hdds.scm.protocolPB.ScmBlockLocationProtocolClientSideTranslatorPB.allocateBlock(ScmBlockLocationProtocolClientSideTranslatorPB.java:156) 
2019-09-19 09:51:56,747 [Thread-802] INFO  ozone.MiniOzoneClusterImpl (MiniOzoneClusterImpl.java:shutdown(321)) - Shutting down the Mini Ozone Cluster
2019-09-19 09:51:56,747 | INFO  | SCMAudit | user=null | ip=null | op=GET_SCM_INFO null | ret=SUCCESS |  
2019-09-19 09:51:56,747 [Thread-802] INFO  ozone.MiniOzoneClusterImpl (MiniOzoneClusterImpl.java:stop(336)) - Stopping the Mini Ozone Cluster
2019-09-19 09:51:56,748 [Thread-802] INFO  ozone.MiniOzoneClusterImpl (MiniOzoneClusterImpl.java:stop(338)) - Stopping the OzoneManager
2019-09-19 09:51:56,748 [Thread-802] INFO  ipc.Server (Server.java:stop(3082)) - Stopping server on 40105
2019-09-19 09:51:56,751 [IPC Server listener on 40105] INFO  ipc.Server (Server.java:run(1185)) - Stopping IPC Server listener on 40105
2019-09-19 09:51:56,751 [Thread-802] INFO  ratis.OzoneManagerDoubleBuffer (OzoneManagerDoubleBuffer.java:stop(248)) - Stopping OMDoubleBuffer flush thread
2019-09-19 09:51:56,752 [IPC Server Responder] INFO  ipc.Server (Server.java:run(1319)) - Stopping IPC Server Responder
2019-09-19 09:51:56,752 [OMDoubleBufferFlushThread] INFO  ratis.OzoneManagerDoubleBuffer (OzoneManagerDoubleBuffer.java:flushTransactions(191)) - OMDoubleBuffer flush thread OMDoubleBufferFlushThread is interrupted and will exit. OMDoubleBufferFlushThread
2019-09-19 09:51:56,755 [Thread-802] INFO  utils.BackgroundService (BackgroundService.java:shutdown(148)) - Shutting down service KeyDeletingService
2019-09-19 09:51:56,756 [Thread-802] INFO  handler.ContextHandler (ContextHandler.java:doStop(910)) - Stopped o.e.j.w.WebAppContext@4010ad53{/,null,UNAVAILABLE}{/ozoneManager}
2019-09-19 09:51:56,757 [Thread-802] INFO  server.AbstractConnector (AbstractConnector.java:doStop(318)) - Stopped ServerConnector@557049a9{HTTP/1.1,[http/1.1]}{0.0.0.0:0}
2019-09-19 09:51:56,757 [Thread-802] INFO  handler.ContextHandler (ContextHandler.java:doStop(910)) - Stopped o.e.j.s.ServletContextHandler@533f337a{/static,jar:file:/home/user/.m2/repository/org/apache/hadoop/hadoop-ozone-ozone-manager/0.5.0-SNAPSHOT/hadoop-ozone-ozone-manager-0.5.0-SNAPSHOT.jar!/webapps/static,UNAVAILABLE}
2019-09-19 09:51:56,757 [Thread-802] INFO  handler.ContextHandler (ContextHandler.java:doStop(910)) - Stopped o.e.j.s.ServletContextHandler@646fb04b{/logs,file:///workdir/hadoop-ozone/ozonefs/target/log,UNAVAILABLE}
2019-09-19 09:51:56,760 [Thread-802] INFO  ozone.MiniOzoneClusterImpl (MiniOzoneClusterImpl.java:stop(344)) - Shutting the HddsDatanodes
2019-09-19 09:51:56,760 [Thread-802] INFO  datanode.ObjectStoreHandler (ObjectStoreHandler.java:close(155)) - Closing ObjectStoreHandler.
2019-09-19 09:51:56,760 [ForkJoinPool.commonPool-worker-0] INFO  datanode.ObjectStoreHandler (ObjectStoreHandler.java:close(155)) - Closing ObjectStoreHandler.
2019-09-19 09:51:56,761 [Thread-802] INFO  ozone.HddsDatanodeService (HddsDatanodeService.java:stop(451)) - Stopped plug-in org.apache.hadoop.ozone.web.OzoneHddsDatanodeService@4058bd42
2019-09-19 09:51:56,761 [ForkJoinPool.commonPool-worker-0] INFO  ozone.HddsDatanodeService (HddsDatanodeService.java:stop(451)) - Stopped plug-in org.apache.hadoop.ozone.web.OzoneHddsDatanodeService@45e74470
2019-09-19 09:51:56,967 [Datanode State Machine Thread - 0] INFO  statemachine.DatanodeStateMachine (DatanodeStateMachine.java:lambda$startDaemon$0(350)) - Ozone container server started.
2019-09-19 09:51:57,200 [Datanode State Machine Thread - 0] INFO  statemachine.DatanodeStateMachine (DatanodeStateMachine.java:lambda$startDaemon$0(350)) - Ozone container server started.
2019-09-19 09:51:57,464 | INFO  | SCMAudit | user=jenkins1000 | ip=192.168.34.5 | op=SEND_HEARTBEAT {datanodeUUID=b3b405db-e406-472f-a1bd-451d52c335eb, command=[]} | ret=SUCCESS |  
2019-09-19 09:51:57,978 [Thread-974] INFO  container.ReplicationManager (ReplicationManager.java:start(151)) - Starting Replication Monitor Thread.
2019-09-19 09:51:57,982 [ReplicationMonitor] INFO  container.ReplicationManager (ReplicationManager.java:run(214)) - Replication Monitor Thread took 0 milliseconds for processing 0 containers.
2019-09-19 09:51:58,465 | INFO  | SCMAudit | user=jenkins1000 | ip=192.168.34.5 | op=SEND_HEARTBEAT {datanodeUUID=b3b405db-e406-472f-a1bd-451d52c335eb, command=[]} | ret=SUCCESS |  
2019-09-19 09:51:59,465 | INFO  | SCMAudit | user=jenkins1000 | ip=192.168.34.5 | op=SEND_HEARTBEAT {datanodeUUID=b3b405db-e406-472f-a1bd-451d52c335eb, command=[]} | ret=SUCCESS |  
2019-09-19 09:52:00,048 [Thread-976] INFO  impl.FollowerState (FollowerState.java:run(106)) - 44ff3c81-7686-42b4-8c4a-8f964f23b515:group-C81985C7A001 changes to CANDIDATE, lastRpcTime:5004, electionTimeout:5004ms
2019-09-19 09:52:00,048 [Thread-976] INFO  impl.RoleInfo (RoleInfo.java:shutdownFollowerState(121)) - 44ff3c81-7686-42b4-8c4a-8f964f23b515: shutdown FollowerState
2019-09-19 09:52:00,048 [Thread-976] INFO  impl.RaftServerImpl (RaftServerImpl.java:setRole(171)) - 44ff3c81-7686-42b4-8c4a-8f964f23b515:group-C81985C7A001 changes role from FOLLOWER to CANDIDATE at term 0 for changeToCandidate
2019-09-19 09:52:00,048 [Thread-976] INFO  impl.RoleInfo (RoleInfo.java:updateAndGet(143)) - 44ff3c81-7686-42b4-8c4a-8f964f23b515: start LeaderElection
2019-09-19 09:52:00,064 [44ff3c81-7686-42b4-8c4a-8f964f23b515:group-C81985C7A001:LeaderElection53] INFO  impl.LeaderElection (LeaderElection.java:askForVotes(181)) - 44ff3c81-7686-42b4-8c4a-8f964f23b515:group-C81985C7A001:LeaderElection53: begin an election at term 1 for -1: [44ff3c81-7686-42b4-8c4a-8f964f23b515:192.168.34.5:46116], old=null
2019-09-19 09:52:00,065 [44ff3c81-7686-42b4-8c4a-8f964f23b515:group-C81985C7A001:LeaderElection53] INFO  impl.RoleInfo (RoleInfo.java:shutdownLeaderElection(134)) - 44ff3c81-7686-42b4-8c4a-8f964f23b515: shutdown LeaderElection
2019-09-19 09:52:00,065 [44ff3c81-7686-42b4-8c4a-8f964f23b515:group-C81985C7A001:LeaderElection53] INFO  impl.RaftServerImpl (RaftServerImpl.java:setRole(171)) - 44ff3c81-7686-42b4-8c4a-8f964f23b515:group-C81985C7A001 changes role from CANDIDATE to LEADER at term 1 for changeToLeader
2019-09-19 09:52:00,065 [44ff3c81-7686-42b4-8c4a-8f964f23b515:group-C81985C7A001:LeaderElection53] INFO  impl.RaftServerImpl (ServerState.java:setLeader(263)) - 44ff3c81-7686-42b4-8c4a-8f964f23b515:group-C81985C7A001 change Leader from null to 44ff3c81-7686-42b4-8c4a-8f964f23b515 at term 1 for becomeLeader, leader elected after 5026ms
2019-09-19 09:52:00,065 [44ff3c81-7686-42b4-8c4a-8f964f23b515:group-C81985C7A001:LeaderElection53] INFO  server.RaftServerConfigKeys (ConfUtils.java:logGet(43)) - raft.server.staging.catchup.gap = 1000 (default)
2019-09-19 09:52:00,065 [44ff3c81-7686-42b4-8c4a-8f964f23b515:group-C81985C7A001:LeaderElection53] INFO  server.RaftServerConfigKeys (ConfUtils.java:logGet(43)) - raft.server.rpc.sleep.time = 25ms (default)
2019-09-19 09:52:00,066 [44ff3c81-7686-42b4-8c4a-8f964f23b515:group-C81985C7A001:LeaderElection53] INFO  server.RaftServerConfigKeys (ConfUtils.java:logGet(43)) - raft.server.write.element-limit = 4096 (default)
2019-09-19 09:52:00,066 [44ff3c81-7686-42b4-8c4a-8f964f23b515:group-C81985C7A001:LeaderElection53] INFO  server.RaftServerConfigKeys (ConfUtils.java:logGet(43)) - raft.server.watch.timeout = 10s (default)
2019-09-19 09:52:00,066 [44ff3c81-7686-42b4-8c4a-8f964f23b515:group-C81985C7A001:LeaderElection53] INFO  server.RaftServerConfigKeys (ConfUtils.java:logGet(43)) - raft.server.watch.timeout.denomination = 1s (default)
2019-09-19 09:52:00,066 [44ff3c81-7686-42b4-8c4a-8f964f23b515:group-C81985C7A001:LeaderElection53] INFO  server.RaftServerConfigKeys (ConfUtils.java:logGet(43)) - raft.server.watch.element-limit = 65536 (default)
2019-09-19 09:52:00,066 [44ff3c81-7686-42b4-8c4a-8f964f23b515:group-C81985C7A001:LeaderElection53] INFO  impl.RoleInfo (RoleInfo.java:updateAndGet(143)) - 44ff3c81-7686-42b4-8c4a-8f964f23b515: start LeaderState
2019-09-19 09:52:00,067 [44ff3c81-7686-42b4-8c4a-8f964f23b515:group-C81985C7A001:LeaderElection53] INFO  segmented.SegmentedRaftLogWorker (SegmentedRaftLogWorker.java:startLogSegment(380)) - 44ff3c81-7686-42b4-8c4a-8f964f23b515-SegmentedRaftLogWorker:Storage Directory /workdir/hadoop-ozone/ozonefs/target/test-dir/MiniOzoneClusterImpl-ef25c7d6-713f-480d-a3e2-ca8e4934b2a4/datanode-0/data/ratis/4e755017-51e8-4436-af6a-c81985c7a001: Starting segment from index:0
2019-09-19 09:52:00,068 [44ff3c81-7686-42b4-8c4a-8f964f23b515:group-C81985C7A001:LeaderElection53] INFO  impl.RaftServerImpl (ServerState.java:setRaftConf(361)) - 44ff3c81-7686-42b4-8c4a-8f964f23b515:group-C81985C7A001 set configuration 0: [44ff3c81-7686-42b4-8c4a-8f964f23b515:192.168.34.5:46116], old=null at 0
2019-09-19 09:52:00,114 [44ff3c81-7686-42b4-8c4a-8f964f23b515-SegmentedRaftLogWorker:Storage Directory /workdir/hadoop-ozone/ozonefs/target/test-dir/MiniOzoneClusterImpl-ef25c7d6-713f-480d-a3e2-ca8e4934b2a4/datanode-0/data/ratis/4e755017-51e8-4436-af6a-c81985c7a001] INFO  segmented.SegmentedRaftLogWorker (SegmentedRaftLogWorker.java:execute(569)) - 44ff3c81-7686-42b4-8c4a-8f964f23b515-SegmentedRaftLogWorker:Storage Directory /workdir/hadoop-ozone/ozonefs/target/test-dir/MiniOzoneClusterImpl-ef25c7d6-713f-480d-a3e2-ca8e4934b2a4/datanode-0/data/ratis/4e755017-51e8-4436-af6a-c81985c7a001: created new log segment /workdir/hadoop-ozone/ozonefs/target/test-dir/MiniOzoneClusterImpl-ef25c7d6-713f-480d-a3e2-ca8e4934b2a4/datanode-0/data/ratis/4e755017-51e8-4436-af6a-c81985c7a001/current/log_inprogress_0
2019-09-19 09:52:00,138 [Thread-979] INFO  impl.FollowerState (FollowerState.java:run(106)) - 44ff3c81-7686-42b4-8c4a-8f964f23b515:group-0DB3B13EB9C7 changes to CANDIDATE, lastRpcTime:5051, electionTimeout:5051ms
2019-09-19 09:52:00,138 [Thread-979] INFO  impl.RoleInfo (RoleInfo.java:shutdownFollowerState(121)) - 44ff3c81-7686-42b4-8c4a-8f964f23b515: shutdown FollowerState
2019-09-19 09:52:00,138 [Thread-979] INFO  impl.RaftServerImpl (RaftServerImpl.java:setRole(171)) - 44ff3c81-7686-42b4-8c4a-8f964f23b515:group-0DB3B13EB9C7 changes role from FOLLOWER to CANDIDATE at term 0 for changeToCandidate
2019-09-19 09:52:00,138 [Thread-979] INFO  impl.RoleInfo (RoleInfo.java:updateAndGet(143)) - 44ff3c81-7686-42b4-8c4a-8f964f23b515: start LeaderElection
2019-09-19 09:52:00,144 [44ff3c81-7686-42b4-8c4a-8f964f23b515:group-0DB3B13EB9C7:LeaderElection54] INFO  impl.LeaderElection (LeaderElection.java:askForVotes(181)) - 44ff3c81-7686-42b4-8c4a-8f964f23b515:group-0DB3B13EB9C7:LeaderElection54: begin an election at term 1 for -1: [44ff3c81-7686-42b4-8c4a-8f964f23b515:192.168.34.5:46116], old=null
2019-09-19 09:52:00,144 [44ff3c81-7686-42b4-8c4a-8f964f23b515:group-0DB3B13EB9C7:LeaderElection54] INFO  impl.RoleInfo (RoleInfo.java:shutdownLeaderElection(134)) - 44ff3c81-7686-42b4-8c4a-8f964f23b515: shutdown LeaderElection
2019-09-19 09:52:00,144 [44ff3c81-7686-42b4-8c4a-8f964f23b515:group-0DB3B13EB9C7:LeaderElection54] INFO  impl.RaftServerImpl (RaftServerImpl.java:setRole(171)) - 44ff3c81-7686-42b4-8c4a-8f964f23b515:group-0DB3B13EB9C7 changes role from CANDIDATE to LEADER at term 1 for changeToLeader
2019-09-19 09:52:00,144 [44ff3c81-7686-42b4-8c4a-8f964f23b515:group-0DB3B13EB9C7:LeaderElection54] INFO  impl.RaftServerImpl (ServerState.java:setLeader(263)) - 44ff3c81-7686-42b4-8c4a-8f964f23b515:group-0DB3B13EB9C7 change Leader from null to 44ff3c81-7686-42b4-8c4a-8f964f23b515 at term 1 for becomeLeader, leader elected after 5060ms
2019-09-19 09:52:00,144 [44ff3c81-7686-42b4-8c4a-8f964f23b515:group-0DB3B13EB9C7:LeaderElection54] INFO  server.RaftServerConfigKeys (ConfUtils.java:logGet(43)) - raft.server.staging.catchup.gap = 1000 (default)
2019-09-19 09:52:00,144 [44ff3c81-7686-42b4-8c4a-8f964f23b515:group-0DB3B13EB9C7:LeaderElection54] INFO  server.RaftServerConfigKeys (ConfUtils.java:logGet(43)) - raft.server.rpc.sleep.time = 25ms (default)
2019-09-19 09:52:00,145 [44ff3c81-7686-42b4-8c4a-8f964f23b515:group-0DB3B13EB9C7:LeaderElection54] INFO  server.RaftServerConfigKeys (ConfUtils.java:logGet(43)) - raft.server.write.element-limit = 4096 (default)
2019-09-19 09:52:00,145 [44ff3c81-7686-42b4-8c4a-8f964f23b515:group-0DB3B13EB9C7:LeaderElection54] INFO  server.RaftServerConfigKeys (ConfUtils.java:logGet(43)) - raft.server.watch.timeout = 10s (default)
2019-09-19 09:52:00,145 [44ff3c81-7686-42b4-8c4a-8f964f23b515:group-0DB3B13EB9C7:LeaderElection54] INFO  server.RaftServerConfigKeys (ConfUtils.java:logGet(43)) - raft.server.watch.timeout.denomination = 1s (default)
2019-09-19 09:52:00,145 [44ff3c81-7686-42b4-8c4a-8f964f23b515:group-0DB3B13EB9C7:LeaderElection54] INFO  server.RaftServerConfigKeys (ConfUtils.java:logGet(43)) - raft.server.watch.element-limit = 65536 (default)
2019-09-19 09:52:00,145 [44ff3c81-7686-42b4-8c4a-8f964f23b515:group-0DB3B13EB9C7:LeaderElection54] INFO  impl.RoleInfo (RoleInfo.java:updateAndGet(143)) - 44ff3c81-7686-42b4-8c4a-8f964f23b515: start LeaderState
2019-09-19 09:52:00,146 [44ff3c81-7686-42b4-8c4a-8f964f23b515:group-0DB3B13EB9C7:LeaderElection54] INFO  segmented.SegmentedRaftLogWorker (SegmentedRaftLogWorker.java:startLogSegment(380)) - 44ff3c81-7686-42b4-8c4a-8f964f23b515-SegmentedRaftLogWorker:Storage Directory /workdir/hadoop-ozone/ozonefs/target/test-dir/MiniOzoneClusterImpl-ef25c7d6-713f-480d-a3e2-ca8e4934b2a4/datanode-0/data/ratis/643e38cc-e35a-4825-95bb-0db3b13eb9c7: Starting segment from index:0
2019-09-19 09:52:00,146 [44ff3c81-7686-42b4-8c4a-8f964f23b515:group-0DB3B13EB9C7:LeaderElection54] INFO  impl.RaftServerImpl (ServerState.java:setRaftConf(361)) - 44ff3c81-7686-42b4-8c4a-8f964f23b515:group-0DB3B13EB9C7 set configuration 0: [44ff3c81-7686-42b4-8c4a-8f964f23b515:192.168.34.5:46116], old=null at 0
2019-09-19 09:52:00,147 [Thread-982] INFO  impl.FollowerState (FollowerState.java:run(106)) - 44ff3c81-7686-42b4-8c4a-8f964f23b515:group-CB2F793AC9E5 changes to CANDIDATE, lastRpcTime:5020, electionTimeout:5020ms
2019-09-19 09:52:00,147 [Thread-982] INFO  impl.RoleInfo (RoleInfo.java:shutdownFollowerState(121)) - 44ff3c81-7686-42b4-8c4a-8f964f23b515: shutdown FollowerState
2019-09-19 09:52:00,147 [Thread-982] INFO  impl.RaftServerImpl (RaftServerImpl.java:setRole(171)) - 44ff3c81-7686-42b4-8c4a-8f964f23b515:group-CB2F793AC9E5 changes role from FOLLOWER to CANDIDATE at term 0 for changeToCandidate
2019-09-19 09:52:00,147 [Thread-982] INFO  impl.RoleInfo (RoleInfo.java:updateAndGet(143)) - 44ff3c81-7686-42b4-8c4a-8f964f23b515: start LeaderElection
2019-09-19 09:52:00,196 [44ff3c81-7686-42b4-8c4a-8f964f23b515-SegmentedRaftLogWorker:Storage Directory /workdir/hadoop-ozone/ozonefs/target/test-dir/MiniOzoneClusterImpl-ef25c7d6-713f-480d-a3e2-ca8e4934b2a4/datanode-0/data/ratis/643e38cc-e35a-4825-95bb-0db3b13eb9c7] INFO  segmented.SegmentedRaftLogWorker (SegmentedRaftLogWorker.java:execute(569)) - 44ff3c81-7686-42b4-8c4a-8f964f23b515-SegmentedRaftLogWorker:Storage Directory /workdir/hadoop-ozone/ozonefs/target/test-dir/MiniOzoneClusterImpl-ef25c7d6-713f-480d-a3e2-ca8e4934b2a4/datanode-0/data/ratis/643e38cc-e35a-4825-95bb-0db3b13eb9c7: created new log segment /workdir/hadoop-ozone/ozonefs/target/test-dir/MiniOzoneClusterImpl-ef25c7d6-713f-480d-a3e2-ca8e4934b2a4/datanode-0/data/ratis/643e38cc-e35a-4825-95bb-0db3b13eb9c7/current/log_inprogress_0
2019-09-19 09:52:00,196 [44ff3c81-7686-42b4-8c4a-8f964f23b515:group-CB2F793AC9E5:LeaderElection55] INFO  impl.LeaderElection (LeaderElection.java:askForVotes(181)) - 44ff3c81-7686-42b4-8c4a-8f964f23b515:group-CB2F793AC9E5:LeaderElection55: begin an election at term 1 for -1: [44ff3c81-7686-42b4-8c4a-8f964f23b515:192.168.34.5:46116], old=null
2019-09-19 09:52:00,196 [44ff3c81-7686-42b4-8c4a-8f964f23b515:group-CB2F793AC9E5:LeaderElection55] INFO  impl.RoleInfo (RoleInfo.java:shutdownLeaderElection(134)) - 44ff3c81-7686-42b4-8c4a-8f964f23b515: shutdown LeaderElection
2019-09-19 09:52:00,196 [44ff3c81-7686-42b4-8c4a-8f964f23b515:group-CB2F793AC9E5:LeaderElection55] INFO  impl.RaftServerImpl (RaftServerImpl.java:setRole(171)) - 44ff3c81-7686-42b4-8c4a-8f964f23b515:group-CB2F793AC9E5 changes role from CANDIDATE to LEADER at term 1 for changeToLeader
2019-09-19 09:52:00,196 [44ff3c81-7686-42b4-8c4a-8f964f23b515:group-CB2F793AC9E5:LeaderElection55] INFO  impl.RaftServerImpl (ServerState.java:setLeader(263)) - 44ff3c81-7686-42b4-8c4a-8f964f23b515:group-CB2F793AC9E5 change Leader from null to 44ff3c81-7686-42b4-8c4a-8f964f23b515 at term 1 for becomeLeader, leader elected after 5072ms
2019-09-19 09:52:00,197 [44ff3c81-7686-42b4-8c4a-8f964f23b515:group-CB2F793AC9E5:LeaderElection55] INFO  server.RaftServerConfigKeys (ConfUtils.java:logGet(43)) - raft.server.staging.catchup.gap = 1000 (default)
2019-09-19 09:52:00,197 [44ff3c81-7686-42b4-8c4a-8f964f23b515:group-CB2F793AC9E5:LeaderElection55] INFO  server.RaftServerConfigKeys (ConfUtils.java:logGet(43)) - raft.server.rpc.sleep.time = 25ms (default)
2019-09-19 09:52:00,197 [44ff3c81-7686-42b4-8c4a-8f964f23b515:group-CB2F793AC9E5:LeaderElection55] INFO  server.RaftServerConfigKeys (ConfUtils.java:logGet(43)) - raft.server.write.element-limit = 4096 (default)
2019-09-19 09:52:00,197 [44ff3c81-7686-42b4-8c4a-8f964f23b515:group-CB2F793AC9E5:LeaderElection55] INFO  server.RaftServerConfigKeys (ConfUtils.java:logGet(43)) - raft.server.watch.timeout = 10s (default)
2019-09-19 09:52:00,197 [44ff3c81-7686-42b4-8c4a-8f964f23b515:group-CB2F793AC9E5:LeaderElection55] INFO  server.RaftServerConfigKeys (ConfUtils.java:logGet(43)) - raft.server.watch.timeout.denomination = 1s (default)
2019-09-19 09:52:00,197 [44ff3c81-7686-42b4-8c4a-8f964f23b515:group-CB2F793AC9E5:LeaderElection55] INFO  server.RaftServerConfigKeys (ConfUtils.java:logGet(43)) - raft.server.watch.element-limit = 65536 (default)
2019-09-19 09:52:00,198 [44ff3c81-7686-42b4-8c4a-8f964f23b515:group-CB2F793AC9E5:LeaderElection55] INFO  impl.RoleInfo (RoleInfo.java:updateAndGet(143)) - 44ff3c81-7686-42b4-8c4a-8f964f23b515: start LeaderState
2019-09-19 09:52:00,198 [44ff3c81-7686-42b4-8c4a-8f964f23b515:group-CB2F793AC9E5:LeaderElection55] INFO  segmented.SegmentedRaftLogWorker (SegmentedRaftLogWorker.java:startLogSegment(380)) - 44ff3c81-7686-42b4-8c4a-8f964f23b515-SegmentedRaftLogWorker:Storage Directory /workdir/hadoop-ozone/ozonefs/target/test-dir/MiniOzoneClusterImpl-ef25c7d6-713f-480d-a3e2-ca8e4934b2a4/datanode-0/data/ratis/c4892d36-ec78-4879-b69b-cb2f793ac9e5: Starting segment from index:0
2019-09-19 09:52:00,198 [44ff3c81-7686-42b4-8c4a-8f964f23b515:group-CB2F793AC9E5:LeaderElection55] INFO  impl.RaftServerImpl (ServerState.java:setRaftConf(361)) - 44ff3c81-7686-42b4-8c4a-8f964f23b515:group-CB2F793AC9E5 set configuration 0: [44ff3c81-7686-42b4-8c4a-8f964f23b515:192.168.34.5:46116], old=null at 0
2019-09-19 09:52:00,223 [Thread-988] INFO  impl.FollowerState (FollowerState.java:run(106)) - 44ff3c81-7686-42b4-8c4a-8f964f23b515:group-C63629111274 changes to CANDIDATE, lastRpcTime:5004, electionTimeout:5004ms
2019-09-19 09:52:00,223 [Thread-988] INFO  impl.RoleInfo (RoleInfo.java:shutdownFollowerState(121)) - 44ff3c81-7686-42b4-8c4a-8f964f23b515: shutdown FollowerState
2019-09-19 09:52:00,223 [Thread-988] INFO  impl.RaftServerImpl (RaftServerImpl.java:setRole(171)) - 44ff3c81-7686-42b4-8c4a-8f964f23b515:group-C63629111274 changes role from FOLLOWER to CANDIDATE at term 0 for changeToCandidate
2019-09-19 09:52:00,224 [Thread-988] INFO  impl.RoleInfo (RoleInfo.java:updateAndGet(143)) - 44ff3c81-7686-42b4-8c4a-8f964f23b515: start LeaderElection
2019-09-19 09:52:00,241 [44ff3c81-7686-42b4-8c4a-8f964f23b515-SegmentedRaftLogWorker:Storage Directory /workdir/hadoop-ozone/ozonefs/target/test-dir/MiniOzoneClusterImpl-ef25c7d6-713f-480d-a3e2-ca8e4934b2a4/datanode-0/data/ratis/c4892d36-ec78-4879-b69b-cb2f793ac9e5] INFO  segmented.SegmentedRaftLogWorker (SegmentedRaftLogWorker.java:execute(569)) - 44ff3c81-7686-42b4-8c4a-8f964f23b515-SegmentedRaftLogWorker:Storage Directory /workdir/hadoop-ozone/ozonefs/target/test-dir/MiniOzoneClusterImpl-ef25c7d6-713f-480d-a3e2-ca8e4934b2a4/datanode-0/data/ratis/c4892d36-ec78-4879-b69b-cb2f793ac9e5: created new log segment /workdir/hadoop-ozone/ozonefs/target/test-dir/MiniOzoneClusterImpl-ef25c7d6-713f-480d-a3e2-ca8e4934b2a4/datanode-0/data/ratis/c4892d36-ec78-4879-b69b-cb2f793ac9e5/current/log_inprogress_0
2019-09-19 09:52:00,241 [44ff3c81-7686-42b4-8c4a-8f964f23b515:group-C63629111274:LeaderElection56] INFO  impl.LeaderElection (LeaderElection.java:askForVotes(181)) - 44ff3c81-7686-42b4-8c4a-8f964f23b515:group-C63629111274:LeaderElection56: begin an election at term 1 for -1: [44ff3c81-7686-42b4-8c4a-8f964f23b515:192.168.34.5:46116], old=null
2019-09-19 09:52:00,241 [44ff3c81-7686-42b4-8c4a-8f964f23b515:group-C63629111274:LeaderElection56] INFO  impl.RoleInfo (RoleInfo.java:shutdownLeaderElection(134)) - 44ff3c81-7686-42b4-8c4a-8f964f23b515: shutdown LeaderElection
2019-09-19 09:52:00,241 [44ff3c81-7686-42b4-8c4a-8f964f23b515:group-C63629111274:LeaderElection56] INFO  impl.RaftServerImpl (RaftServerImpl.java:setRole(171)) - 44ff3c81-7686-42b4-8c4a-8f964f23b515:group-C63629111274 changes role from CANDIDATE to LEADER at term 1 for changeToLeader
2019-09-19 09:52:00,241 [44ff3c81-7686-42b4-8c4a-8f964f23b515:group-C63629111274:LeaderElection56] INFO  impl.RaftServerImpl (ServerState.java:setLeader(263)) - 44ff3c81-7686-42b4-8c4a-8f964f23b515:group-C63629111274 change Leader from null to 44ff3c81-7686-42b4-8c4a-8f964f23b515 at term 1 for becomeLeader, leader elected after 5025ms
2019-09-19 09:52:00,241 [44ff3c81-7686-42b4-8c4a-8f964f23b515:group-C63629111274:LeaderElection56] INFO  server.RaftServerConfigKeys (ConfUtils.java:logGet(43)) - raft.server.staging.catchup.gap = 1000 (default)
2019-09-19 09:52:00,242 [44ff3c81-7686-42b4-8c4a-8f964f23b515:group-C63629111274:LeaderElection56] INFO  server.RaftServerConfigKeys (ConfUtils.java:logGet(43)) - raft.server.rpc.sleep.time = 25ms (default)
2019-09-19 09:52:00,242 [44ff3c81-7686-42b4-8c4a-8f964f23b515:group-C63629111274:LeaderElection56] INFO  server.RaftServerConfigKeys (ConfUtils.java:logGet(43)) - raft.server.write.element-limit = 4096 (default)
2019-09-19 09:52:00,242 [44ff3c81-7686-42b4-8c4a-8f964f23b515:group-C63629111274:LeaderElection56] INFO  server.RaftServerConfigKeys (ConfUtils.java:logGet(43)) - raft.server.watch.timeout = 10s (default)
2019-09-19 09:52:00,242 [44ff3c81-7686-42b4-8c4a-8f964f23b515:group-C63629111274:LeaderElection56] INFO  server.RaftServerConfigKeys (ConfUtils.java:logGet(43)) - raft.server.watch.timeout.denomination = 1s (default)
2019-09-19 09:52:00,242 [44ff3c81-7686-42b4-8c4a-8f964f23b515:group-C63629111274:LeaderElection56] INFO  server.RaftServerConfigKeys (ConfUtils.java:logGet(43)) - raft.server.watch.element-limit = 65536 (default)
2019-09-19 09:52:00,242 [44ff3c81-7686-42b4-8c4a-8f964f23b515:group-C63629111274:LeaderElection56] INFO  impl.RoleInfo (RoleInfo.java:updateAndGet(143)) - 44ff3c81-7686-42b4-8c4a-8f964f23b515: start LeaderState
2019-09-19 09:52:00,243 [44ff3c81-7686-42b4-8c4a-8f964f23b515:group-C63629111274:LeaderElection56] INFO  segmented.SegmentedRaftLogWorker (SegmentedRaftLogWorker.java:startLogSegment(380)) - 44ff3c81-7686-42b4-8c4a-8f964f23b515-SegmentedRaftLogWorker:Storage Directory /workdir/hadoop-ozone/ozonefs/target/test-dir/MiniOzoneClusterImpl-ef25c7d6-713f-480d-a3e2-ca8e4934b2a4/datanode-0/data/ratis/4a466220-6519-4bca-89e6-c63629111274: Starting segment from index:0
2019-09-19 09:52:00,243 [44ff3c81-7686-42b4-8c4a-8f964f23b515:group-C63629111274:LeaderElection56] INFO  impl.RaftServerImpl (ServerState.java:setRaftConf(361)) - 44ff3c81-7686-42b4-8c4a-8f964f23b515:group-C63629111274 set configuration 0: [44ff3c81-7686-42b4-8c4a-8f964f23b515:192.168.34.5:46116], old=null at 0
2019-09-19 09:52:00,279 [44ff3c81-7686-42b4-8c4a-8f964f23b515-SegmentedRaftLogWorker:Storage Directory /workdir/hadoop-ozone/ozonefs/target/test-dir/MiniOzoneClusterImpl-ef25c7d6-713f-480d-a3e2-ca8e4934b2a4/datanode-0/data/ratis/4a466220-6519-4bca-89e6-c63629111274] INFO  segmented.SegmentedRaftLogWorker (SegmentedRaftLogWorker.java:execute(569)) - 44ff3c81-7686-42b4-8c4a-8f964f23b515-SegmentedRaftLogWorker:Storage Directory /workdir/hadoop-ozone/ozonefs/target/test-dir/MiniOzoneClusterImpl-ef25c7d6-713f-480d-a3e2-ca8e4934b2a4/datanode-0/data/ratis/4a466220-6519-4bca-89e6-c63629111274: created new log segment /workdir/hadoop-ozone/ozonefs/target/test-dir/MiniOzoneClusterImpl-ef25c7d6-713f-480d-a3e2-ca8e4934b2a4/datanode-0/data/ratis/4a466220-6519-4bca-89e6-c63629111274/current/log_inprogress_0
2019-09-19 09:52:00,304 [Thread-985] INFO  impl.FollowerState (FollowerState.java:run(106)) - 44ff3c81-7686-42b4-8c4a-8f964f23b515:group-6CB7E8B40827 changes to CANDIDATE, lastRpcTime:5122, electionTimeout:5122ms
2019-09-19 09:52:00,304 [Thread-985] INFO  impl.RoleInfo (RoleInfo.java:shutdownFollowerState(121)) - 44ff3c81-7686-42b4-8c4a-8f964f23b515: shutdown FollowerState
2019-09-19 09:52:00,304 [Thread-985] INFO  impl.RaftServerImpl (RaftServerImpl.java:setRole(171)) - 44ff3c81-7686-42b4-8c4a-8f964f23b515:group-6CB7E8B40827 changes role from FOLLOWER to CANDIDATE at term 0 for changeToCandidate
2019-09-19 09:52:00,304 [Thread-985] INFO  impl.RoleInfo (RoleInfo.java:updateAndGet(143)) - 44ff3c81-7686-42b4-8c4a-8f964f23b515: start LeaderElection
2019-09-19 09:52:00,309 [44ff3c81-7686-42b4-8c4a-8f964f23b515:group-6CB7E8B40827:LeaderElection57] INFO  impl.LeaderElection (LeaderElection.java:askForVotes(181)) - 44ff3c81-7686-42b4-8c4a-8f964f23b515:group-6CB7E8B40827:LeaderElection57: begin an election at term 1 for -1: [44ff3c81-7686-42b4-8c4a-8f964f23b515:192.168.34.5:46116], old=null
2019-09-19 09:52:00,310 [44ff3c81-7686-42b4-8c4a-8f964f23b515:group-6CB7E8B40827:LeaderElection57] INFO  impl.RoleInfo (RoleInfo.java:shutdownLeaderElection(134)) - 44ff3c81-7686-42b4-8c4a-8f964f23b515: shutdown LeaderElection
2019-09-19 09:52:00,310 [44ff3c81-7686-42b4-8c4a-8f964f23b515:group-6CB7E8B40827:LeaderElection57] INFO  impl.RaftServerImpl (RaftServerImpl.java:setRole(171)) - 44ff3c81-7686-42b4-8c4a-8f964f23b515:group-6CB7E8B40827 changes role from CANDIDATE to LEADER at term 1 for changeToLeader
2019-09-19 09:52:00,310 [44ff3c81-7686-42b4-8c4a-8f964f23b515:group-6CB7E8B40827:LeaderElection57] INFO  impl.RaftServerImpl (ServerState.java:setLeader(263)) - 44ff3c81-7686-42b4-8c4a-8f964f23b515:group-6CB7E8B40827 change Leader from null to 44ff3c81-7686-42b4-8c4a-8f964f23b515 at term 1 for becomeLeader, leader elected after 5133ms
2019-09-19 09:52:00,310 [44ff3c81-7686-42b4-8c4a-8f964f23b515:group-6CB7E8B40827:LeaderElection57] INFO  server.RaftServerConfigKeys (ConfUtils.java:logGet(43)) - raft.server.staging.catchup.gap = 1000 (default)
2019-09-19 09:52:00,310 [44ff3c81-7686-42b4-8c4a-8f964f23b515:group-6CB7E8B40827:LeaderElection57] INFO  server.RaftServerConfigKeys (ConfUtils.java:logGet(43)) - raft.server.rpc.sleep.time = 25ms (default)
2019-09-19 09:52:00,310 [44ff3c81-7686-42b4-8c4a-8f964f23b515:group-6CB7E8B40827:LeaderElection57] INFO  server.RaftServerConfigKeys (ConfUtils.java:logGet(43)) - raft.server.write.element-limit = 4096 (default)
2019-09-19 09:52:00,311 [44ff3c81-7686-42b4-8c4a-8f964f23b515:group-6CB7E8B40827:LeaderElection57] INFO  server.RaftServerConfigKeys (ConfUtils.java:logGet(43)) - raft.server.watch.timeout = 10s (default)
2019-09-19 09:52:00,311 [44ff3c81-7686-42b4-8c4a-8f964f23b515:group-6CB7E8B40827:LeaderElection57] INFO  server.RaftServerConfigKeys (ConfUtils.java:logGet(43)) - raft.server.watch.timeout.denomination = 1s (default)
2019-09-19 09:52:00,311 [44ff3c81-7686-42b4-8c4a-8f964f23b515:group-6CB7E8B40827:LeaderElection57] INFO  server.RaftServerConfigKeys (ConfUtils.java:logGet(43)) - raft.server.watch.element-limit = 65536 (default)
2019-09-19 09:52:00,311 [44ff3c81-7686-42b4-8c4a-8f964f23b515:group-6CB7E8B40827:LeaderElection57] INFO  impl.RoleInfo (RoleInfo.java:updateAndGet(143)) - 44ff3c81-7686-42b4-8c4a-8f964f23b515: start LeaderState
2019-09-19 09:52:00,311 [44ff3c81-7686-42b4-8c4a-8f964f23b515:group-6CB7E8B40827:LeaderElection57] INFO  segmented.SegmentedRaftLogWorker (SegmentedRaftLogWorker.java:startLogSegment(380)) - 44ff3c81-7686-42b4-8c4a-8f964f23b515-SegmentedRaftLogWorker:Storage Directory /workdir/hadoop-ozone/ozonefs/target/test-dir/MiniOzoneClusterImpl-ef25c7d6-713f-480d-a3e2-ca8e4934b2a4/datanode-0/data/ratis/48a11c96-a1bb-4b20-9455-6cb7e8b40827: Starting segment from index:0
2019-09-19 09:52:00,312 [44ff3c81-7686-42b4-8c4a-8f964f23b515:group-6CB7E8B40827:LeaderElection57] INFO  impl.RaftServerImpl (ServerState.java:setRaftConf(361)) - 44ff3c81-7686-42b4-8c4a-8f964f23b515:group-6CB7E8B40827 set configuration 0: [44ff3c81-7686-42b4-8c4a-8f964f23b515:192.168.34.5:46116], old=null at 0
2019-09-19 09:52:00,339 [Thread-991] INFO  impl.FollowerState (FollowerState.java:run(106)) - ee633067-66ce-44af-917e-6e63bc174d2a:group-2ACAAFA0427B changes to CANDIDATE, lastRpcTime:5087, electionTimeout:5087ms
2019-09-19 09:52:00,339 [Thread-991] INFO  impl.RoleInfo (RoleInfo.java:shutdownFollowerState(121)) - ee633067-66ce-44af-917e-6e63bc174d2a: shutdown FollowerState
2019-09-19 09:52:00,339 [Thread-991] INFO  impl.RaftServerImpl (RaftServerImpl.java:setRole(171)) - ee633067-66ce-44af-917e-6e63bc174d2a:group-2ACAAFA0427B changes role from FOLLOWER to CANDIDATE at term 0 for changeToCandidate
2019-09-19 09:52:00,339 [Thread-991] INFO  impl.RoleInfo (RoleInfo.java:updateAndGet(143)) - ee633067-66ce-44af-917e-6e63bc174d2a: start LeaderElection
2019-09-19 09:52:00,381 [44ff3c81-7686-42b4-8c4a-8f964f23b515-SegmentedRaftLogWorker:Storage Directory /workdir/hadoop-ozone/ozonefs/target/test-dir/MiniOzoneClusterImpl-ef25c7d6-713f-480d-a3e2-ca8e4934b2a4/datanode-0/data/ratis/48a11c96-a1bb-4b20-9455-6cb7e8b40827] INFO  segmented.SegmentedRaftLogWorker (SegmentedRaftLogWorker.java:execute(569)) - 44ff3c81-7686-42b4-8c4a-8f964f23b515-SegmentedRaftLogWorker:Storage Directory /workdir/hadoop-ozone/ozonefs/target/test-dir/MiniOzoneClusterImpl-ef25c7d6-713f-480d-a3e2-ca8e4934b2a4/datanode-0/data/ratis/48a11c96-a1bb-4b20-9455-6cb7e8b40827: created new log segment /workdir/hadoop-ozone/ozonefs/target/test-dir/MiniOzoneClusterImpl-ef25c7d6-713f-480d-a3e2-ca8e4934b2a4/datanode-0/data/ratis/48a11c96-a1bb-4b20-9455-6cb7e8b40827/current/log_inprogress_0
2019-09-19 09:52:00,381 [ee633067-66ce-44af-917e-6e63bc174d2a:group-2ACAAFA0427B:LeaderElection58] INFO  impl.LeaderElection (LeaderElection.java:askForVotes(181)) - ee633067-66ce-44af-917e-6e63bc174d2a:group-2ACAAFA0427B:LeaderElection58: begin an election at term 1 for -1: [ee633067-66ce-44af-917e-6e63bc174d2a:192.168.34.5:36770], old=null
2019-09-19 09:52:00,381 [ee633067-66ce-44af-917e-6e63bc174d2a:group-2ACAAFA0427B:LeaderElection58] INFO  impl.RoleInfo (RoleInfo.java:shutdownLeaderElection(134)) - ee633067-66ce-44af-917e-6e63bc174d2a: shutdown LeaderElection
2019-09-19 09:52:00,382 [ee633067-66ce-44af-917e-6e63bc174d2a:group-2ACAAFA0427B:LeaderElection58] INFO  impl.RaftServerImpl (RaftServerImpl.java:setRole(171)) - ee633067-66ce-44af-917e-6e63bc174d2a:group-2ACAAFA0427B changes role from CANDIDATE to LEADER at term 1 for changeToLeader
2019-09-19 09:52:00,382 [ee633067-66ce-44af-917e-6e63bc174d2a:group-2ACAAFA0427B:LeaderElection58] INFO  impl.RaftServerImpl (ServerState.java:setLeader(263)) - ee633067-66ce-44af-917e-6e63bc174d2a:group-2ACAAFA0427B change Leader from null to ee633067-66ce-44af-917e-6e63bc174d2a at term 1 for becomeLeader, leader elected after 5134ms
2019-09-19 09:52:00,382 [ee633067-66ce-44af-917e-6e63bc174d2a:group-2ACAAFA0427B:LeaderElection58] INFO  server.RaftServerConfigKeys (ConfUtils.java:logGet(43)) - raft.server.staging.catchup.gap = 1000 (default)
2019-09-19 09:52:00,382 [ee633067-66ce-44af-917e-6e63bc174d2a:group-2ACAAFA0427B:LeaderElection58] INFO  server.RaftServerConfigKeys (ConfUtils.java:logGet(43)) - raft.server.rpc.sleep.time = 25ms (default)
2019-09-19 09:52:00,382 [ee633067-66ce-44af-917e-6e63bc174d2a:group-2ACAAFA0427B:LeaderElection58] INFO  server.RaftServerConfigKeys (ConfUtils.java:logGet(43)) - raft.server.write.element-limit = 4096 (default)
2019-09-19 09:52:00,382 [ee633067-66ce-44af-917e-6e63bc174d2a:group-2ACAAFA0427B:LeaderElection58] INFO  server.RaftServerConfigKeys (ConfUtils.java:logGet(43)) - raft.server.watch.timeout = 10s (default)
2019-09-19 09:52:00,383 [ee633067-66ce-44af-917e-6e63bc174d2a:group-2ACAAFA0427B:LeaderElection58] INFO  server.RaftServerConfigKeys (ConfUtils.java:logGet(43)) - raft.server.watch.timeout.denomination = 1s (default)
2019-09-19 09:52:00,383 [ee633067-66ce-44af-917e-6e63bc174d2a:group-2ACAAFA0427B:LeaderElection58] INFO  server.RaftServerConfigKeys (ConfUtils.java:logGet(43)) - raft.server.watch.element-limit = 65536 (default)
2019-09-19 09:52:00,383 [ee633067-66ce-44af-917e-6e63bc174d2a:group-2ACAAFA0427B:LeaderElection58] INFO  impl.RoleInfo (RoleInfo.java:updateAndGet(143)) - ee633067-66ce-44af-917e-6e63bc174d2a: start LeaderState
2019-09-19 09:52:00,383 [ee633067-66ce-44af-917e-6e63bc174d2a:group-2ACAAFA0427B:LeaderElection58] INFO  segmented.SegmentedRaftLogWorker (SegmentedRaftLogWorker.java:startLogSegment(380)) - ee633067-66ce-44af-917e-6e63bc174d2a-SegmentedRaftLogWorker:Storage Directory /workdir/hadoop-ozone/ozonefs/target/test-dir/MiniOzoneClusterImpl-ef25c7d6-713f-480d-a3e2-ca8e4934b2a4/datanode-1/data/ratis/b2ff03c8-e04b-4b9a-ac10-2acaafa0427b: Starting segment from index:0
2019-09-19 09:52:00,384 [ee633067-66ce-44af-917e-6e63bc174d2a:group-2ACAAFA0427B:LeaderElection58] INFO  impl.RaftServerImpl (ServerState.java:setRaftConf(361)) - ee633067-66ce-44af-917e-6e63bc174d2a:group-2ACAAFA0427B set configuration 0: [ee633067-66ce-44af-917e-6e63bc174d2a:192.168.34.5:36770], old=null at 0
2019-09-19 09:52:00,389 [Thread-994] INFO  impl.FollowerState (FollowerState.java:run(106)) - 44ff3c81-7686-42b4-8c4a-8f964f23b515:group-2EB46BA3F1CC changes to CANDIDATE, lastRpcTime:5115, electionTimeout:5115ms
2019-09-19 09:52:00,389 [Thread-994] INFO  impl.RoleInfo (RoleInfo.java:shutdownFollowerState(121)) - 44ff3c81-7686-42b4-8c4a-8f964f23b515: shutdown FollowerState
2019-09-19 09:52:00,389 [Thread-994] INFO  impl.RaftServerImpl (RaftServerImpl.java:setRole(171)) - 44ff3c81-7686-42b4-8c4a-8f964f23b515:group-2EB46BA3F1CC changes role from FOLLOWER to CANDIDATE at term 0 for changeToCandidate
2019-09-19 09:52:00,389 [Thread-994] INFO  impl.RoleInfo (RoleInfo.java:updateAndGet(143)) - 44ff3c81-7686-42b4-8c4a-8f964f23b515: start LeaderElection
2019-09-19 09:52:00,432 [ee633067-66ce-44af-917e-6e63bc174d2a-SegmentedRaftLogWorker:Storage Directory /workdir/hadoop-ozone/ozonefs/target/test-dir/MiniOzoneClusterImpl-ef25c7d6-713f-480d-a3e2-ca8e4934b2a4/datanode-1/data/ratis/b2ff03c8-e04b-4b9a-ac10-2acaafa0427b] INFO  segmented.SegmentedRaftLogWorker (SegmentedRaftLogWorker.java:execute(569)) - ee633067-66ce-44af-917e-6e63bc174d2a-SegmentedRaftLogWorker:Storage Directory /workdir/hadoop-ozone/ozonefs/target/test-dir/MiniOzoneClusterImpl-ef25c7d6-713f-480d-a3e2-ca8e4934b2a4/datanode-1/data/ratis/b2ff03c8-e04b-4b9a-ac10-2acaafa0427b: created new log segment /workdir/hadoop-ozone/ozonefs/target/test-dir/MiniOzoneClusterImpl-ef25c7d6-713f-480d-a3e2-ca8e4934b2a4/datanode-1/data/ratis/b2ff03c8-e04b-4b9a-ac10-2acaafa0427b/current/log_inprogress_0
2019-09-19 09:52:00,432 [44ff3c81-7686-42b4-8c4a-8f964f23b515:group-2EB46BA3F1CC:LeaderElection59] INFO  impl.LeaderElection (LeaderElection.java:askForVotes(181)) - 44ff3c81-7686-42b4-8c4a-8f964f23b515:group-2EB46BA3F1CC:LeaderElection59: begin an election at term 1 for -1: [44ff3c81-7686-42b4-8c4a-8f964f23b515:192.168.34.5:46116], old=null
2019-09-19 09:52:00,432 [44ff3c81-7686-42b4-8c4a-8f964f23b515:group-2EB46BA3F1CC:LeaderElection59] INFO  impl.RoleInfo (RoleInfo.java:shutdownLeaderElection(134)) - 44ff3c81-7686-42b4-8c4a-8f964f23b515: shutdown LeaderElection
2019-09-19 09:52:00,433 [44ff3c81-7686-42b4-8c4a-8f964f23b515:group-2EB46BA3F1CC:LeaderElection59] INFO  impl.RaftServerImpl (RaftServerImpl.java:setRole(171)) - 44ff3c81-7686-42b4-8c4a-8f964f23b515:group-2EB46BA3F1CC changes role from CANDIDATE to LEADER at term 1 for changeToLeader
2019-09-19 09:52:00,433 [44ff3c81-7686-42b4-8c4a-8f964f23b515:group-2EB46BA3F1CC:LeaderElection59] INFO  impl.RaftServerImpl (ServerState.java:setLeader(263)) - 44ff3c81-7686-42b4-8c4a-8f964f23b515:group-2EB46BA3F1CC change Leader from null to 44ff3c81-7686-42b4-8c4a-8f964f23b515 at term 1 for becomeLeader, leader elected after 5162ms
2019-09-19 09:52:00,433 [44ff3c81-7686-42b4-8c4a-8f964f23b515:group-2EB46BA3F1CC:LeaderElection59] INFO  server.RaftServerConfigKeys (ConfUtils.java:logGet(43)) - raft.server.staging.catchup.gap = 1000 (default)
2019-09-19 09:52:00,433 [44ff3c81-7686-42b4-8c4a-8f964f23b515:group-2EB46BA3F1CC:LeaderElection59] INFO  server.RaftServerConfigKeys (ConfUtils.java:logGet(43)) - raft.server.rpc.sleep.time = 25ms (default)
2019-09-19 09:52:00,433 [44ff3c81-7686-42b4-8c4a-8f964f23b515:group-2EB46BA3F1CC:LeaderElection59] INFO  server.RaftServerConfigKeys (ConfUtils.java:logGet(43)) - raft.server.write.element-limit = 4096 (default)
2019-09-19 09:52:00,433 [44ff3c81-7686-42b4-8c4a-8f964f23b515:group-2EB46BA3F1CC:LeaderElection59] INFO  server.RaftServerConfigKeys (ConfUtils.java:logGet(43)) - raft.server.watch.timeout = 10s (default)
2019-09-19 09:52:00,434 [44ff3c81-7686-42b4-8c4a-8f964f23b515:group-2EB46BA3F1CC:LeaderElection59] INFO  server.RaftServerConfigKeys (ConfUtils.java:logGet(43)) - raft.server.watch.timeout.denomination = 1s (default)
2019-09-19 09:52:00,434 [44ff3c81-7686-42b4-8c4a-8f964f23b515:group-2EB46BA3F1CC:LeaderElection59] INFO  server.RaftServerConfigKeys (ConfUtils.java:logGet(43)) - raft.server.watch.element-limit = 65536 (default)
2019-09-19 09:52:00,434 [44ff3c81-7686-42b4-8c4a-8f964f23b515:group-2EB46BA3F1CC:LeaderElection59] INFO  impl.RoleInfo (RoleInfo.java:updateAndGet(143)) - 44ff3c81-7686-42b4-8c4a-8f964f23b515: start LeaderState
2019-09-19 09:52:00,434 [44ff3c81-7686-42b4-8c4a-8f964f23b515:group-2EB46BA3F1CC:LeaderElection59] INFO  segmented.SegmentedRaftLogWorker (SegmentedRaftLogWorker.java:startLogSegment(380)) - 44ff3c81-7686-42b4-8c4a-8f964f23b515-SegmentedRaftLogWorker:Storage Directory /workdir/hadoop-ozone/ozonefs/target/test-dir/MiniOzoneClusterImpl-ef25c7d6-713f-480d-a3e2-ca8e4934b2a4/datanode-0/data/ratis/9d75ef50-bd56-435f-8276-2eb46ba3f1cc: Starting segment from index:0
2019-09-19 09:52:00,435 [44ff3c81-7686-42b4-8c4a-8f964f23b515:group-2EB46BA3F1CC:LeaderElection59] INFO  impl.RaftServerImpl (ServerState.java:setRaftConf(361)) - 44ff3c81-7686-42b4-8c4a-8f964f23b515:group-2EB46BA3F1CC set configuration 0: [44ff3c81-7686-42b4-8c4a-8f964f23b515:192.168.34.5:46116], old=null at 0
2019-09-19 09:52:00,435 [Thread-997] INFO  impl.FollowerState (FollowerState.java:run(106)) - ee633067-66ce-44af-917e-6e63bc174d2a:group-52004A204A4C changes to CANDIDATE, lastRpcTime:5119, electionTimeout:5119ms
2019-09-19 09:52:00,435 [Thread-997] INFO  impl.RoleInfo (RoleInfo.java:shutdownFollowerState(121)) - ee633067-66ce-44af-917e-6e63bc174d2a: shutdown FollowerState
2019-09-19 09:52:00,435 [Thread-997] INFO  impl.RaftServerImpl (RaftServerImpl.java:setRole(171)) - ee633067-66ce-44af-917e-6e63bc174d2a:group-52004A204A4C changes role from FOLLOWER to CANDIDATE at term 0 for changeToCandidate
2019-09-19 09:52:00,435 [Thread-997] INFO  impl.RoleInfo (RoleInfo.java:updateAndGet(143)) - ee633067-66ce-44af-917e-6e63bc174d2a: start LeaderElection
2019-09-19 09:52:00,472 [Thread-1000] INFO  impl.FollowerState (FollowerState.java:run(106)) - ee633067-66ce-44af-917e-6e63bc174d2a:group-7EC278A28FEB changes to CANDIDATE, lastRpcTime:5111, electionTimeout:5100ms
2019-09-19 09:52:00,472 [Thread-1006] INFO  impl.FollowerState (FollowerState.java:run(106)) - ee633067-66ce-44af-917e-6e63bc174d2a:group-2F949899DE14 changes to CANDIDATE, lastRpcTime:5023, electionTimeout:5001ms
2019-09-19 09:52:00,473 [Thread-1000] INFO  impl.RoleInfo (RoleInfo.java:shutdownFollowerState(121)) - ee633067-66ce-44af-917e-6e63bc174d2a: shutdown FollowerState
2019-09-19 09:52:00,473 [Thread-1006] INFO  impl.RoleInfo (RoleInfo.java:shutdownFollowerState(121)) - ee633067-66ce-44af-917e-6e63bc174d2a: shutdown FollowerState
2019-09-19 09:52:00,473 [Thread-1000] INFO  impl.RaftServerImpl (RaftServerImpl.java:setRole(171)) - ee633067-66ce-44af-917e-6e63bc174d2a:group-7EC278A28FEB changes role from FOLLOWER to CANDIDATE at term 0 for changeToCandidate
2019-09-19 09:52:00,473 [Thread-1006] INFO  impl.RaftServerImpl (RaftServerImpl.java:setRole(171)) - ee633067-66ce-44af-917e-6e63bc174d2a:group-2F949899DE14 changes role from FOLLOWER to CANDIDATE at term 0 for changeToCandidate
2019-09-19 09:52:00,473 [Thread-1000] INFO  impl.RoleInfo (RoleInfo.java:updateAndGet(143)) - ee633067-66ce-44af-917e-6e63bc174d2a: start LeaderElection
2019-09-19 09:52:00,473 [Thread-1006] INFO  impl.RoleInfo (RoleInfo.java:updateAndGet(143)) - ee633067-66ce-44af-917e-6e63bc174d2a: start LeaderElection
2019-09-19 09:52:00,474 | INFO  | SCMAudit | user=jenkins1000 | ip=192.168.34.5 | op=SEND_HEARTBEAT {datanodeUUID=b3b405db-e406-472f-a1bd-451d52c335eb, command=[]} | ret=SUCCESS |  
2019-09-19 09:52:00,485 [44ff3c81-7686-42b4-8c4a-8f964f23b515-SegmentedRaftLogWorker:Storage Directory /workdir/hadoop-ozone/ozonefs/target/test-dir/MiniOzoneClusterImpl-ef25c7d6-713f-480d-a3e2-ca8e4934b2a4/datanode-0/data/ratis/9d75ef50-bd56-435f-8276-2eb46ba3f1cc] INFO  segmented.SegmentedRaftLogWorker (SegmentedRaftLogWorker.java:execute(569)) - 44ff3c81-7686-42b4-8c4a-8f964f23b515-SegmentedRaftLogWorker:Storage Directory /workdir/hadoop-ozone/ozonefs/target/test-dir/MiniOzoneClusterImpl-ef25c7d6-713f-480d-a3e2-ca8e4934b2a4/datanode-0/data/ratis/9d75ef50-bd56-435f-8276-2eb46ba3f1cc: created new log segment /workdir/hadoop-ozone/ozonefs/target/test-dir/MiniOzoneClusterImpl-ef25c7d6-713f-480d-a3e2-ca8e4934b2a4/datanode-0/data/ratis/9d75ef50-bd56-435f-8276-2eb46ba3f1cc/current/log_inprogress_0
2019-09-19 09:52:00,485 [ee633067-66ce-44af-917e-6e63bc174d2a:group-7EC278A28FEB:LeaderElection61] INFO  impl.LeaderElection (LeaderElection.java:askForVotes(181)) - ee633067-66ce-44af-917e-6e63bc174d2a:group-7EC278A28FEB:LeaderElection61: begin an election at term 1 for -1: [ee633067-66ce-44af-917e-6e63bc174d2a:192.168.34.5:36770], old=null
2019-09-19 09:52:00,485 [ee633067-66ce-44af-917e-6e63bc174d2a:group-52004A204A4C:LeaderElection60] INFO  impl.LeaderElection (LeaderElection.java:askForVotes(181)) - ee633067-66ce-44af-917e-6e63bc174d2a:group-52004A204A4C:LeaderElection60: begin an election at term 1 for -1: [ee633067-66ce-44af-917e-6e63bc174d2a:192.168.34.5:36770], old=null
2019-09-19 09:52:00,485 [ee633067-66ce-44af-917e-6e63bc174d2a:group-7EC278A28FEB:LeaderElection61] INFO  impl.RoleInfo (RoleInfo.java:shutdownLeaderElection(134)) - ee633067-66ce-44af-917e-6e63bc174d2a: shutdown LeaderElection
2019-09-19 09:52:00,485 [ee633067-66ce-44af-917e-6e63bc174d2a:group-2F949899DE14:LeaderElection62] INFO  impl.LeaderElection (LeaderElection.java:askForVotes(181)) - ee633067-66ce-44af-917e-6e63bc174d2a:group-2F949899DE14:LeaderElection62: begin an election at term 1 for -1: [ee633067-66ce-44af-917e-6e63bc174d2a:192.168.34.5:36770], old=null
2019-09-19 09:52:00,486 [ee633067-66ce-44af-917e-6e63bc174d2a:group-7EC278A28FEB:LeaderElection61] INFO  impl.RaftServerImpl (RaftServerImpl.java:setRole(171)) - ee633067-66ce-44af-917e-6e63bc174d2a:group-7EC278A28FEB changes role from CANDIDATE to LEADER at term 1 for changeToLeader
2019-09-19 09:52:00,485 [ee633067-66ce-44af-917e-6e63bc174d2a:group-52004A204A4C:LeaderElection60] INFO  impl.RoleInfo (RoleInfo.java:shutdownLeaderElection(134)) - ee633067-66ce-44af-917e-6e63bc174d2a: shutdown LeaderElection
2019-09-19 09:52:00,486 [ee633067-66ce-44af-917e-6e63bc174d2a:group-7EC278A28FEB:LeaderElection61] INFO  impl.RaftServerImpl (ServerState.java:setLeader(263)) - ee633067-66ce-44af-917e-6e63bc174d2a:group-7EC278A28FEB change Leader from null to ee633067-66ce-44af-917e-6e63bc174d2a at term 1 for becomeLeader, leader elected after 5130ms
2019-09-19 09:52:00,486 [ee633067-66ce-44af-917e-6e63bc174d2a:group-2F949899DE14:LeaderElection62] INFO  impl.RoleInfo (RoleInfo.java:shutdownLeaderElection(134)) - ee633067-66ce-44af-917e-6e63bc174d2a: shutdown LeaderElection
2019-09-19 09:52:00,486 [ee633067-66ce-44af-917e-6e63bc174d2a:group-7EC278A28FEB:LeaderElection61] INFO  server.RaftServerConfigKeys (ConfUtils.java:logGet(43)) - raft.server.staging.catchup.gap = 1000 (default)
2019-09-19 09:52:00,486 [ee633067-66ce-44af-917e-6e63bc174d2a:group-52004A204A4C:LeaderElection60] INFO  impl.RaftServerImpl (RaftServerImpl.java:setRole(171)) - ee633067-66ce-44af-917e-6e63bc174d2a:group-52004A204A4C changes role from CANDIDATE to LEADER at term 1 for changeToLeader
2019-09-19 09:52:00,486 [ee633067-66ce-44af-917e-6e63bc174d2a:group-7EC278A28FEB:LeaderElection61] INFO  server.RaftServerConfigKeys (ConfUtils.java:logGet(43)) - raft.server.rpc.sleep.time = 25ms (default)
2019-09-19 09:52:00,486 [ee633067-66ce-44af-917e-6e63bc174d2a:group-2F949899DE14:LeaderElection62] INFO  impl.RaftServerImpl (RaftServerImpl.java:setRole(171)) - ee633067-66ce-44af-917e-6e63bc174d2a:group-2F949899DE14 changes role from CANDIDATE to LEADER at term 1 for changeToLeader
2019-09-19 09:52:00,487 [ee633067-66ce-44af-917e-6e63bc174d2a:group-7EC278A28FEB:LeaderElection61] INFO  server.RaftServerConfigKeys (ConfUtils.java:logGet(43)) - raft.server.write.element-limit = 4096 (default)
2019-09-19 09:52:00,487 [ee633067-66ce-44af-917e-6e63bc174d2a:group-7EC278A28FEB:LeaderElection61] INFO  server.RaftServerConfigKeys (ConfUtils.java:logGet(43)) - raft.server.watch.timeout = 10s (default)
2019-09-19 09:52:00,486 [ee633067-66ce-44af-917e-6e63bc174d2a:group-52004A204A4C:LeaderElection60] INFO  impl.RaftServerImpl (ServerState.java:setLeader(263)) - ee633067-66ce-44af-917e-6e63bc174d2a:group-52004A204A4C change Leader from null to ee633067-66ce-44af-917e-6e63bc174d2a at term 1 for becomeLeader, leader elected after 5175ms
2019-09-19 09:52:00,487 [ee633067-66ce-44af-917e-6e63bc174d2a:group-7EC278A28FEB:LeaderElection61] INFO  server.RaftServerConfigKeys (ConfUtils.java:logGet(43)) - raft.server.watch.timeout.denomination = 1s (default)
2019-09-19 09:52:00,487 [ee633067-66ce-44af-917e-6e63bc174d2a:group-2F949899DE14:LeaderElection62] INFO  impl.RaftServerImpl (ServerState.java:setLeader(263)) - ee633067-66ce-44af-917e-6e63bc174d2a:group-2F949899DE14 change Leader from null to ee633067-66ce-44af-917e-6e63bc174d2a at term 1 for becomeLeader, leader elected after 5040ms
2019-09-19 09:52:00,487 [ee633067-66ce-44af-917e-6e63bc174d2a:group-7EC278A28FEB:LeaderElection61] INFO  server.RaftServerConfigKeys (ConfUtils.java:logGet(43)) - raft.server.watch.element-limit = 65536 (default)
2019-09-19 09:52:00,487 [ee633067-66ce-44af-917e-6e63bc174d2a:group-52004A204A4C:LeaderElection60] INFO  server.RaftServerConfigKeys (ConfUtils.java:logGet(43)) - raft.server.staging.catchup.gap = 1000 (default)
2019-09-19 09:52:00,487 [ee633067-66ce-44af-917e-6e63bc174d2a:group-7EC278A28FEB:LeaderElection61] INFO  impl.RoleInfo (RoleInfo.java:updateAndGet(143)) - ee633067-66ce-44af-917e-6e63bc174d2a: start LeaderState
2019-09-19 09:52:00,487 [ee633067-66ce-44af-917e-6e63bc174d2a:group-2F949899DE14:LeaderElection62] INFO  server.RaftServerConfigKeys (ConfUtils.java:logGet(43)) - raft.server.staging.catchup.gap = 1000 (default)
2019-09-19 09:52:00,488 [ee633067-66ce-44af-917e-6e63bc174d2a:group-52004A204A4C:LeaderElection60] INFO  server.RaftServerConfigKeys (ConfUtils.java:logGet(43)) - raft.server.rpc.sleep.time = 25ms (default)
2019-09-19 09:52:00,488 [ee633067-66ce-44af-917e-6e63bc174d2a:group-2F949899DE14:LeaderElection62] INFO  server.RaftServerConfigKeys (ConfUtils.java:logGet(43)) - raft.server.rpc.sleep.time = 25ms (default)
2019-09-19 09:52:00,488 [ee633067-66ce-44af-917e-6e63bc174d2a:group-7EC278A28FEB:LeaderElection61] INFO  segmented.SegmentedRaftLogWorker (SegmentedRaftLogWorker.java:startLogSegment(380)) - ee633067-66ce-44af-917e-6e63bc174d2a-SegmentedRaftLogWorker:Storage Directory /workdir/hadoop-ozone/ozonefs/target/test-dir/MiniOzoneClusterImpl-ef25c7d6-713f-480d-a3e2-ca8e4934b2a4/datanode-1/data/ratis/98e0a270-8f9e-4466-929b-7ec278a28feb: Starting segment from index:0
2019-09-19 09:52:00,488 [ee633067-66ce-44af-917e-6e63bc174d2a:group-2F949899DE14:LeaderElection62] INFO  server.RaftServerConfigKeys (ConfUtils.java:logGet(43)) - raft.server.write.element-limit = 4096 (default)
2019-09-19 09:52:00,488 [ee633067-66ce-44af-917e-6e63bc174d2a:group-52004A204A4C:LeaderElection60] INFO  server.RaftServerConfigKeys (ConfUtils.java:logGet(43)) - raft.server.write.element-limit = 4096 (default)
2019-09-19 09:52:00,488 [ee633067-66ce-44af-917e-6e63bc174d2a:group-2F949899DE14:LeaderElection62] INFO  server.RaftServerConfigKeys (ConfUtils.java:logGet(43)) - raft.server.watch.timeout = 10s (default)
2019-09-19 09:52:00,489 [ee633067-66ce-44af-917e-6e63bc174d2a:group-7EC278A28FEB:LeaderElection61] INFO  impl.RaftServerImpl (ServerState.java:setRaftConf(361)) - ee633067-66ce-44af-917e-6e63bc174d2a:group-7EC278A28FEB set configuration 0: [ee633067-66ce-44af-917e-6e63bc174d2a:192.168.34.5:36770], old=null at 0
2019-09-19 09:52:00,489 [ee633067-66ce-44af-917e-6e63bc174d2a:group-52004A204A4C:LeaderElection60] INFO  server.RaftServerConfigKeys (ConfUtils.java:logGet(43)) - raft.server.watch.timeout = 10s (default)
2019-09-19 09:52:00,489 [ee633067-66ce-44af-917e-6e63bc174d2a:group-2F949899DE14:LeaderElection62] INFO  server.RaftServerConfigKeys (ConfUtils.java:logGet(43)) - raft.server.watch.timeout.denomination = 1s (default)
2019-09-19 09:52:00,489 [ee633067-66ce-44af-917e-6e63bc174d2a:group-52004A204A4C:LeaderElection60] INFO  server.RaftServerConfigKeys (ConfUtils.java:logGet(43)) - raft.server.watch.timeout.denomination = 1s (default)
2019-09-19 09:52:00,489 [ee633067-66ce-44af-917e-6e63bc174d2a:group-2F949899DE14:LeaderElection62] INFO  server.RaftServerConfigKeys (ConfUtils.java:logGet(43)) - raft.server.watch.element-limit = 65536 (default)
2019-09-19 09:52:00,489 [ee633067-66ce-44af-917e-6e63bc174d2a:group-52004A204A4C:LeaderElection60] INFO  server.RaftServerConfigKeys (ConfUtils.java:logGet(43)) - raft.server.watch.element-limit = 65536 (default)
2019-09-19 09:52:00,489 [ee633067-66ce-44af-917e-6e63bc174d2a:group-2F949899DE14:LeaderElection62] INFO  impl.RoleInfo (RoleInfo.java:updateAndGet(143)) - ee633067-66ce-44af-917e-6e63bc174d2a: start LeaderState
2019-09-19 09:52:00,489 [ee633067-66ce-44af-917e-6e63bc174d2a:group-52004A204A4C:LeaderElection60] INFO  impl.RoleInfo (RoleInfo.java:updateAndGet(143)) - ee633067-66ce-44af-917e-6e63bc174d2a: start LeaderState
2019-09-19 09:52:00,490 [ee633067-66ce-44af-917e-6e63bc174d2a:group-2F949899DE14:LeaderElection62] INFO  segmented.SegmentedRaftLogWorker (SegmentedRaftLogWorker.java:startLogSegment(380)) - ee633067-66ce-44af-917e-6e63bc174d2a-SegmentedRaftLogWorker:Storage Directory /workdir/hadoop-ozone/ozonefs/target/test-dir/MiniOzoneClusterImpl-ef25c7d6-713f-480d-a3e2-ca8e4934b2a4/datanode-1/data/ratis/049c7514-892c-402f-82b0-2f949899de14: Starting segment from index:0
2019-09-19 09:52:00,490 [ee633067-66ce-44af-917e-6e63bc174d2a:group-52004A204A4C:LeaderElection60] INFO  segmented.SegmentedRaftLogWorker (SegmentedRaftLogWorker.java:startLogSegment(380)) - ee633067-66ce-44af-917e-6e63bc174d2a-SegmentedRaftLogWorker:Storage Directory /workdir/hadoop-ozone/ozonefs/target/test-dir/MiniOzoneClusterImpl-ef25c7d6-713f-480d-a3e2-ca8e4934b2a4/datanode-1/data/ratis/02d76e7c-09d7-4189-9e77-52004a204a4c: Starting segment from index:0
2019-09-19 09:52:00,490 [ee633067-66ce-44af-917e-6e63bc174d2a:group-2F949899DE14:LeaderElection62] INFO  impl.RaftServerImpl (ServerState.java:setRaftConf(361)) - ee633067-66ce-44af-917e-6e63bc174d2a:group-2F949899DE14 set configuration 0: [ee633067-66ce-44af-917e-6e63bc174d2a:192.168.34.5:36770], old=null at 0
2019-09-19 09:52:00,490 [ee633067-66ce-44af-917e-6e63bc174d2a:group-52004A204A4C:LeaderElection60] INFO  impl.RaftServerImpl (ServerState.java:setRaftConf(361)) - ee633067-66ce-44af-917e-6e63bc174d2a:group-52004A204A4C set configuration 0: [ee633067-66ce-44af-917e-6e63bc174d2a:192.168.34.5:36770], old=null at 0
2019-09-19 09:52:00,493 [Thread-1003] INFO  impl.FollowerState (FollowerState.java:run(106)) - ee633067-66ce-44af-917e-6e63bc174d2a:group-1BE0F7864EBA changes to CANDIDATE, lastRpcTime:5085, electionTimeout:5085ms
2019-09-19 09:52:00,493 [Thread-1003] INFO  impl.RoleInfo (RoleInfo.java:shutdownFollowerState(121)) - ee633067-66ce-44af-917e-6e63bc174d2a: shutdown FollowerState
2019-09-19 09:52:00,493 [Thread-1003] INFO  impl.RaftServerImpl (RaftServerImpl.java:setRole(171)) - ee633067-66ce-44af-917e-6e63bc174d2a:group-1BE0F7864EBA changes role from FOLLOWER to CANDIDATE at term 0 for changeToCandidate
2019-09-19 09:52:00,493 [Thread-1003] INFO  impl.RoleInfo (RoleInfo.java:updateAndGet(143)) - ee633067-66ce-44af-917e-6e63bc174d2a: start LeaderElection
2019-09-19 09:52:00,536 [ee633067-66ce-44af-917e-6e63bc174d2a-SegmentedRaftLogWorker:Storage Directory /workdir/hadoop-ozone/ozonefs/target/test-dir/MiniOzoneClusterImpl-ef25c7d6-713f-480d-a3e2-ca8e4934b2a4/datanode-1/data/ratis/02d76e7c-09d7-4189-9e77-52004a204a4c] INFO  segmented.SegmentedRaftLogWorker (SegmentedRaftLogWorker.java:execute(569)) - ee633067-66ce-44af-917e-6e63bc174d2a-SegmentedRaftLogWorker:Storage Directory /workdir/hadoop-ozone/ozonefs/target/test-dir/MiniOzoneClusterImpl-ef25c7d6-713f-480d-a3e2-ca8e4934b2a4/datanode-1/data/ratis/02d76e7c-09d7-4189-9e77-52004a204a4c: created new log segment /workdir/hadoop-ozone/ozonefs/target/test-dir/MiniOzoneClusterImpl-ef25c7d6-713f-480d-a3e2-ca8e4934b2a4/datanode-1/data/ratis/02d76e7c-09d7-4189-9e77-52004a204a4c/current/log_inprogress_0
2019-09-19 09:52:00,536 [ee633067-66ce-44af-917e-6e63bc174d2a-SegmentedRaftLogWorker:Storage Directory /workdir/hadoop-ozone/ozonefs/target/test-dir/MiniOzoneClusterImpl-ef25c7d6-713f-480d-a3e2-ca8e4934b2a4/datanode-1/data/ratis/98e0a270-8f9e-4466-929b-7ec278a28feb] INFO  segmented.SegmentedRaftLogWorker (SegmentedRaftLogWorker.java:execute(569)) - ee633067-66ce-44af-917e-6e63bc174d2a-SegmentedRaftLogWorker:Storage Directory /workdir/hadoop-ozone/ozonefs/target/test-dir/MiniOzoneClusterImpl-ef25c7d6-713f-480d-a3e2-ca8e4934b2a4/datanode-1/data/ratis/98e0a270-8f9e-4466-929b-7ec278a28feb: created new log segment /workdir/hadoop-ozone/ozonefs/target/test-dir/MiniOzoneClusterImpl-ef25c7d6-713f-480d-a3e2-ca8e4934b2a4/datanode-1/data/ratis/98e0a270-8f9e-4466-929b-7ec278a28feb/current/log_inprogress_0
2019-09-19 09:52:00,537 [ee633067-66ce-44af-917e-6e63bc174d2a:group-1BE0F7864EBA:LeaderElection63] INFO  impl.LeaderElection (LeaderElection.java:askForVotes(181)) - ee633067-66ce-44af-917e-6e63bc174d2a:group-1BE0F7864EBA:LeaderElection63: begin an election at term 1 for -1: [ee633067-66ce-44af-917e-6e63bc174d2a:192.168.34.5:36770], old=null
2019-09-19 09:52:00,536 [ee633067-66ce-44af-917e-6e63bc174d2a-SegmentedRaftLogWorker:Storage Directory /workdir/hadoop-ozone/ozonefs/target/test-dir/MiniOzoneClusterImpl-ef25c7d6-713f-480d-a3e2-ca8e4934b2a4/datanode-1/data/ratis/049c7514-892c-402f-82b0-2f949899de14] INFO  segmented.SegmentedRaftLogWorker (SegmentedRaftLogWorker.java:execute(569)) - ee633067-66ce-44af-917e-6e63bc174d2a-SegmentedRaftLogWorker:Storage Directory /workdir/hadoop-ozone/ozonefs/target/test-dir/MiniOzoneClusterImpl-ef25c7d6-713f-480d-a3e2-ca8e4934b2a4/datanode-1/data/ratis/049c7514-892c-402f-82b0-2f949899de14: created new log segment /workdir/hadoop-ozone/ozonefs/target/test-dir/MiniOzoneClusterImpl-ef25c7d6-713f-480d-a3e2-ca8e4934b2a4/datanode-1/data/ratis/049c7514-892c-402f-82b0-2f949899de14/current/log_inprogress_0
2019-09-19 09:52:00,537 [ee633067-66ce-44af-917e-6e63bc174d2a:group-1BE0F7864EBA:LeaderElection63] INFO  impl.RoleInfo (RoleInfo.java:shutdownLeaderElection(134)) - ee633067-66ce-44af-917e-6e63bc174d2a: shutdown LeaderElection
2019-09-19 09:52:00,537 [ee633067-66ce-44af-917e-6e63bc174d2a:group-1BE0F7864EBA:LeaderElection63] INFO  impl.RaftServerImpl (RaftServerImpl.java:setRole(171)) - ee633067-66ce-44af-917e-6e63bc174d2a:group-1BE0F7864EBA changes role from CANDIDATE to LEADER at term 1 for changeToLeader
2019-09-19 09:52:00,537 [ee633067-66ce-44af-917e-6e63bc174d2a:group-1BE0F7864EBA:LeaderElection63] INFO  impl.RaftServerImpl (ServerState.java:setLeader(263)) - ee633067-66ce-44af-917e-6e63bc174d2a:group-1BE0F7864EBA change Leader from null to ee633067-66ce-44af-917e-6e63bc174d2a at term 1 for becomeLeader, leader elected after 5132ms
2019-09-19 09:52:00,538 [ee633067-66ce-44af-917e-6e63bc174d2a:group-1BE0F7864EBA:LeaderElection63] INFO  server.RaftServerConfigKeys (ConfUtils.java:logGet(43)) - raft.server.staging.catchup.gap = 1000 (default)
2019-09-19 09:52:00,538 [ee633067-66ce-44af-917e-6e63bc174d2a:group-1BE0F7864EBA:LeaderElection63] INFO  server.RaftServerConfigKeys (ConfUtils.java:logGet(43)) - raft.server.rpc.sleep.time = 25ms (default)
2019-09-19 09:52:00,538 [ee633067-66ce-44af-917e-6e63bc174d2a:group-1BE0F7864EBA:LeaderElection63] INFO  server.RaftServerConfigKeys (ConfUtils.java:logGet(43)) - raft.server.write.element-limit = 4096 (default)
2019-09-19 09:52:00,538 [ee633067-66ce-44af-917e-6e63bc174d2a:group-1BE0F7864EBA:LeaderElection63] INFO  server.RaftServerConfigKeys (ConfUtils.java:logGet(43)) - raft.server.watch.timeout = 10s (default)
2019-09-19 09:52:00,538 [ee633067-66ce-44af-917e-6e63bc174d2a:group-1BE0F7864EBA:LeaderElection63] INFO  server.RaftServerConfigKeys (ConfUtils.java:logGet(43)) - raft.server.watch.timeout.denomination = 1s (default)
2019-09-19 09:52:00,538 [ee633067-66ce-44af-917e-6e63bc174d2a:group-1BE0F7864EBA:LeaderElection63] INFO  server.RaftServerConfigKeys (ConfUtils.java:logGet(43)) - raft.server.watch.element-limit = 65536 (default)
2019-09-19 09:52:00,539 [ee633067-66ce-44af-917e-6e63bc174d2a:group-1BE0F7864EBA:LeaderElection63] INFO  impl.RoleInfo (RoleInfo.java:updateAndGet(143)) - ee633067-66ce-44af-917e-6e63bc174d2a: start LeaderState
2019-09-19 09:52:00,539 [ee633067-66ce-44af-917e-6e63bc174d2a:group-1BE0F7864EBA:LeaderElection63] INFO  segmented.SegmentedRaftLogWorker (SegmentedRaftLogWorker.java:startLogSegment(380)) - ee633067-66ce-44af-917e-6e63bc174d2a-SegmentedRaftLogWorker:Storage Directory /workdir/hadoop-ozone/ozonefs/target/test-dir/MiniOzoneClusterImpl-ef25c7d6-713f-480d-a3e2-ca8e4934b2a4/datanode-1/data/ratis/bf6adf91-d2f2-4248-a8a9-1be0f7864eba: Starting segment from index:0
2019-09-19 09:52:00,540 [ee633067-66ce-44af-917e-6e63bc174d2a:group-1BE0F7864EBA:LeaderElection63] INFO  impl.RaftServerImpl (ServerState.java:setRaftConf(361)) - ee633067-66ce-44af-917e-6e63bc174d2a:group-1BE0F7864EBA set configuration 0: [ee633067-66ce-44af-917e-6e63bc174d2a:192.168.34.5:36770], old=null at 0
2019-09-19 09:52:00,547 [Thread-1009] INFO  impl.FollowerState (FollowerState.java:run(106)) - ee633067-66ce-44af-917e-6e63bc174d2a:group-B867725C5454 changes to CANDIDATE, lastRpcTime:5057, electionTimeout:5057ms
2019-09-19 09:52:00,547 [Thread-1009] INFO  impl.RoleInfo (RoleInfo.java:shutdownFollowerState(121)) - ee633067-66ce-44af-917e-6e63bc174d2a: shutdown FollowerState
2019-09-19 09:52:00,548 [Thread-1009] INFO  impl.RaftServerImpl (RaftServerImpl.java:setRole(171)) - ee633067-66ce-44af-917e-6e63bc174d2a:group-B867725C5454 changes role from FOLLOWER to CANDIDATE at term 0 for changeToCandidate
2019-09-19 09:52:00,548 [Thread-1009] INFO  impl.RoleInfo (RoleInfo.java:updateAndGet(143)) - ee633067-66ce-44af-917e-6e63bc174d2a: start LeaderElection
2019-09-19 09:52:00,582 [ee633067-66ce-44af-917e-6e63bc174d2a-SegmentedRaftLogWorker:Storage Directory /workdir/hadoop-ozone/ozonefs/target/test-dir/MiniOzoneClusterImpl-ef25c7d6-713f-480d-a3e2-ca8e4934b2a4/datanode-1/data/ratis/bf6adf91-d2f2-4248-a8a9-1be0f7864eba] INFO  segmented.SegmentedRaftLogWorker (SegmentedRaftLogWorker.java:execute(569)) - ee633067-66ce-44af-917e-6e63bc174d2a-SegmentedRaftLogWorker:Storage Directory /workdir/hadoop-ozone/ozonefs/target/test-dir/MiniOzoneClusterImpl-ef25c7d6-713f-480d-a3e2-ca8e4934b2a4/datanode-1/data/ratis/bf6adf91-d2f2-4248-a8a9-1be0f7864eba: created new log segment /workdir/hadoop-ozone/ozonefs/target/test-dir/MiniOzoneClusterImpl-ef25c7d6-713f-480d-a3e2-ca8e4934b2a4/datanode-1/data/ratis/bf6adf91-d2f2-4248-a8a9-1be0f7864eba/current/log_inprogress_0
2019-09-19 09:52:00,582 [ee633067-66ce-44af-917e-6e63bc174d2a:group-B867725C5454:LeaderElection64] INFO  impl.LeaderElection (LeaderElection.java:askForVotes(181)) - ee633067-66ce-44af-917e-6e63bc174d2a:group-B867725C5454:LeaderElection64: begin an election at term 1 for -1: [ee633067-66ce-44af-917e-6e63bc174d2a:192.168.34.5:36770], old=null
2019-09-19 09:52:00,582 [ee633067-66ce-44af-917e-6e63bc174d2a:group-B867725C5454:LeaderElection64] INFO  impl.RoleInfo (RoleInfo.java:shutdownLeaderElection(134)) - ee633067-66ce-44af-917e-6e63bc174d2a: shutdown LeaderElection
2019-09-19 09:52:00,582 [ee633067-66ce-44af-917e-6e63bc174d2a:group-B867725C5454:LeaderElection64] INFO  impl.RaftServerImpl (RaftServerImpl.java:setRole(171)) - ee633067-66ce-44af-917e-6e63bc174d2a:group-B867725C5454 changes role from CANDIDATE to LEADER at term 1 for changeToLeader
2019-09-19 09:52:00,582 [ee633067-66ce-44af-917e-6e63bc174d2a:group-B867725C5454:LeaderElection64] INFO  impl.RaftServerImpl (ServerState.java:setLeader(263)) - ee633067-66ce-44af-917e-6e63bc174d2a:group-B867725C5454 change Leader from null to ee633067-66ce-44af-917e-6e63bc174d2a at term 1 for becomeLeader, leader elected after 5096ms
2019-09-19 09:52:00,583 [ee633067-66ce-44af-917e-6e63bc174d2a:group-B867725C5454:LeaderElection64] INFO  server.RaftServerConfigKeys (ConfUtils.java:logGet(43)) - raft.server.staging.catchup.gap = 1000 (default)
2019-09-19 09:52:00,583 [ee633067-66ce-44af-917e-6e63bc174d2a:group-B867725C5454:LeaderElection64] INFO  server.RaftServerConfigKeys (ConfUtils.java:logGet(43)) - raft.server.rpc.sleep.time = 25ms (default)
2019-09-19 09:52:00,583 [ee633067-66ce-44af-917e-6e63bc174d2a:group-B867725C5454:LeaderElection64] INFO  server.RaftServerConfigKeys (ConfUtils.java:logGet(43)) - raft.server.write.element-limit = 4096 (default)
2019-09-19 09:52:00,583 [ee633067-66ce-44af-917e-6e63bc174d2a:group-B867725C5454:LeaderElection64] INFO  server.RaftServerConfigKeys (ConfUtils.java:logGet(43)) - raft.server.watch.timeout = 10s (default)
2019-09-19 09:52:00,583 [ee633067-66ce-44af-917e-6e63bc174d2a:group-B867725C5454:LeaderElection64] INFO  server.RaftServerConfigKeys (ConfUtils.java:logGet(43)) - raft.server.watch.timeout.denomination = 1s (default)
2019-09-19 09:52:00,583 [ee633067-66ce-44af-917e-6e63bc174d2a:group-B867725C5454:LeaderElection64] INFO  server.RaftServerConfigKeys (ConfUtils.java:logGet(43)) - raft.server.watch.element-limit = 65536 (default)
2019-09-19 09:52:00,584 [ee633067-66ce-44af-917e-6e63bc174d2a:group-B867725C5454:LeaderElection64] INFO  impl.RoleInfo (RoleInfo.java:updateAndGet(143)) - ee633067-66ce-44af-917e-6e63bc174d2a: start LeaderState
2019-09-19 09:52:00,584 [ee633067-66ce-44af-917e-6e63bc174d2a:group-B867725C5454:LeaderElection64] INFO  segmented.SegmentedRaftLogWorker (SegmentedRaftLogWorker.java:startLogSegment(380)) - ee633067-66ce-44af-917e-6e63bc174d2a-SegmentedRaftLogWorker:Storage Directory /workdir/hadoop-ozone/ozonefs/target/test-dir/MiniOzoneClusterImpl-ef25c7d6-713f-480d-a3e2-ca8e4934b2a4/datanode-1/data/ratis/403f20ca-8a5e-4254-bd9f-b867725c5454: Starting segment from index:0
2019-09-19 09:52:00,584 [ee633067-66ce-44af-917e-6e63bc174d2a:group-B867725C5454:LeaderElection64] INFO  impl.RaftServerImpl (ServerState.java:setRaftConf(361)) - ee633067-66ce-44af-917e-6e63bc174d2a:group-B867725C5454 set configuration 0: [ee633067-66ce-44af-917e-6e63bc174d2a:192.168.34.5:36770], old=null at 0
2019-09-19 09:52:00,625 [ee633067-66ce-44af-917e-6e63bc174d2a-SegmentedRaftLogWorker:Storage Directory /workdir/hadoop-ozone/ozonefs/target/test-dir/MiniOzoneClusterImpl-ef25c7d6-713f-480d-a3e2-ca8e4934b2a4/datanode-1/data/ratis/403f20ca-8a5e-4254-bd9f-b867725c5454] INFO  segmented.SegmentedRaftLogWorker (SegmentedRaftLogWorker.java:execute(569)) - ee633067-66ce-44af-917e-6e63bc174d2a-SegmentedRaftLogWorker:Storage Directory /workdir/hadoop-ozone/ozonefs/target/test-dir/MiniOzoneClusterImpl-ef25c7d6-713f-480d-a3e2-ca8e4934b2a4/datanode-1/data/ratis/403f20ca-8a5e-4254-bd9f-b867725c5454: created new log segment /workdir/hadoop-ozone/ozonefs/target/test-dir/MiniOzoneClusterImpl-ef25c7d6-713f-480d-a3e2-ca8e4934b2a4/datanode-1/data/ratis/403f20ca-8a5e-4254-bd9f-b867725c5454/current/log_inprogress_0
2019-09-19 09:52:00,652 [Thread-1015] INFO  impl.FollowerState (FollowerState.java:run(106)) - b3b405db-e406-472f-a1bd-451d52c335eb:group-A9F91AA3CCBB changes to CANDIDATE, lastRpcTime:5050, electionTimeout:5050ms
2019-09-19 09:52:00,652 [Thread-1015] INFO  impl.RoleInfo (RoleInfo.java:shutdownFollowerState(121)) - b3b405db-e406-472f-a1bd-451d52c335eb: shutdown FollowerState
2019-09-19 09:52:00,652 [Thread-1015] INFO  impl.RaftServerImpl (RaftServerImpl.java:setRole(171)) - b3b405db-e406-472f-a1bd-451d52c335eb:group-A9F91AA3CCBB changes role from FOLLOWER to CANDIDATE at term 0 for changeToCandidate
2019-09-19 09:52:00,652 [Thread-1015] INFO  impl.RoleInfo (RoleInfo.java:updateAndGet(143)) - b3b405db-e406-472f-a1bd-451d52c335eb: start LeaderElection
2019-09-19 09:52:00,655 [Thread-1012] INFO  impl.FollowerState (FollowerState.java:run(106)) - b3b405db-e406-472f-a1bd-451d52c335eb:group-72E1781A1B31 changes to CANDIDATE, lastRpcTime:5122, electionTimeout:5121ms
2019-09-19 09:52:00,655 [Thread-1012] INFO  impl.RoleInfo (RoleInfo.java:shutdownFollowerState(121)) - b3b405db-e406-472f-a1bd-451d52c335eb: shutdown FollowerState
2019-09-19 09:52:00,655 [Thread-1012] INFO  impl.RaftServerImpl (RaftServerImpl.java:setRole(171)) - b3b405db-e406-472f-a1bd-451d52c335eb:group-72E1781A1B31 changes role from FOLLOWER to CANDIDATE at term 0 for changeToCandidate
2019-09-19 09:52:00,655 [Thread-1012] INFO  impl.RoleInfo (RoleInfo.java:updateAndGet(143)) - b3b405db-e406-472f-a1bd-451d52c335eb: start LeaderElection
2019-09-19 09:52:00,672 [b3b405db-e406-472f-a1bd-451d52c335eb:group-72E1781A1B31:LeaderElection66] INFO  impl.LeaderElection (LeaderElection.java:askForVotes(181)) - b3b405db-e406-472f-a1bd-451d52c335eb:group-72E1781A1B31:LeaderElection66: begin an election at term 1 for -1: [b3b405db-e406-472f-a1bd-451d52c335eb:192.168.34.5:44675], old=null
2019-09-19 09:52:00,672 [b3b405db-e406-472f-a1bd-451d52c335eb:group-72E1781A1B31:LeaderElection66] INFO  impl.RoleInfo (RoleInfo.java:shutdownLeaderElection(134)) - b3b405db-e406-472f-a1bd-451d52c335eb: shutdown LeaderElection
2019-09-19 09:52:00,672 [b3b405db-e406-472f-a1bd-451d52c335eb:group-72E1781A1B31:LeaderElection66] INFO  impl.RaftServerImpl (RaftServerImpl.java:setRole(171)) - b3b405db-e406-472f-a1bd-451d52c335eb:group-72E1781A1B31 changes role from CANDIDATE to LEADER at term 1 for changeToLeader
2019-09-19 09:52:00,672 [b3b405db-e406-472f-a1bd-451d52c335eb:group-A9F91AA3CCBB:LeaderElection65] INFO  impl.LeaderElection (LeaderElection.java:askForVotes(181)) - b3b405db-e406-472f-a1bd-451d52c335eb:group-A9F91AA3CCBB:LeaderElection65: begin an election at term 1 for -1: [b3b405db-e406-472f-a1bd-451d52c335eb:192.168.34.5:44675], old=null
2019-09-19 09:52:00,673 [b3b405db-e406-472f-a1bd-451d52c335eb:group-A9F91AA3CCBB:LeaderElection65] INFO  impl.RoleInfo (RoleInfo.java:shutdownLeaderElection(134)) - b3b405db-e406-472f-a1bd-451d52c335eb: shutdown LeaderElection
2019-09-19 09:52:00,673 [b3b405db-e406-472f-a1bd-451d52c335eb:group-A9F91AA3CCBB:LeaderElection65] INFO  impl.RaftServerImpl (RaftServerImpl.java:setRole(171)) - b3b405db-e406-472f-a1bd-451d52c335eb:group-A9F91AA3CCBB changes role from CANDIDATE to LEADER at term 1 for changeToLeader
2019-09-19 09:52:00,673 [b3b405db-e406-472f-a1bd-451d52c335eb:group-A9F91AA3CCBB:LeaderElection65] INFO  impl.RaftServerImpl (ServerState.java:setLeader(263)) - b3b405db-e406-472f-a1bd-451d52c335eb:group-A9F91AA3CCBB change Leader from null to b3b405db-e406-472f-a1bd-451d52c335eb at term 1 for becomeLeader, leader elected after 5076ms
2019-09-19 09:52:00,673 [b3b405db-e406-472f-a1bd-451d52c335eb:group-A9F91AA3CCBB:LeaderElection65] INFO  server.RaftServerConfigKeys (ConfUtils.java:logGet(43)) - raft.server.staging.catchup.gap = 1000 (default)
2019-09-19 09:52:00,674 [b3b405db-e406-472f-a1bd-451d52c335eb:group-A9F91AA3CCBB:LeaderElection65] INFO  server.RaftServerConfigKeys (ConfUtils.java:logGet(43)) - raft.server.rpc.sleep.time = 25ms (default)
2019-09-19 09:52:00,674 [b3b405db-e406-472f-a1bd-451d52c335eb:group-A9F91AA3CCBB:LeaderElection65] INFO  server.RaftServerConfigKeys (ConfUtils.java:logGet(43)) - raft.server.write.element-limit = 4096 (default)
2019-09-19 09:52:00,674 [b3b405db-e406-472f-a1bd-451d52c335eb:group-A9F91AA3CCBB:LeaderElection65] INFO  server.RaftServerConfigKeys (ConfUtils.java:logGet(43)) - raft.server.watch.timeout = 10s (default)
2019-09-19 09:52:00,672 [b3b405db-e406-472f-a1bd-451d52c335eb:group-72E1781A1B31:LeaderElection66] INFO  impl.RaftServerImpl (ServerState.java:setLeader(263)) - b3b405db-e406-472f-a1bd-451d52c335eb:group-72E1781A1B31 change Leader from null to b3b405db-e406-472f-a1bd-451d52c335eb at term 1 for becomeLeader, leader elected after 5144ms
2019-09-19 09:52:00,674 [b3b405db-e406-472f-a1bd-451d52c335eb:group-A9F91AA3CCBB:LeaderElection65] INFO  server.RaftServerConfigKeys (ConfUtils.java:logGet(43)) - raft.server.watch.timeout.denomination = 1s (default)
2019-09-19 09:52:00,675 [b3b405db-e406-472f-a1bd-451d52c335eb:group-72E1781A1B31:LeaderElection66] INFO  server.RaftServerConfigKeys (ConfUtils.java:logGet(43)) - raft.server.staging.catchup.gap = 1000 (default)
2019-09-19 09:52:00,675 [b3b405db-e406-472f-a1bd-451d52c335eb:group-A9F91AA3CCBB:LeaderElection65] INFO  server.RaftServerConfigKeys (ConfUtils.java:logGet(43)) - raft.server.watch.element-limit = 65536 (default)
2019-09-19 09:52:00,675 [b3b405db-e406-472f-a1bd-451d52c335eb:group-72E1781A1B31:LeaderElection66] INFO  server.RaftServerConfigKeys (ConfUtils.java:logGet(43)) - raft.server.rpc.sleep.time = 25ms (default)
2019-09-19 09:52:00,676 [b3b405db-e406-472f-a1bd-451d52c335eb:group-A9F91AA3CCBB:LeaderElection65] INFO  impl.RoleInfo (RoleInfo.java:updateAndGet(143)) - b3b405db-e406-472f-a1bd-451d52c335eb: start LeaderState
2019-09-19 09:52:00,676 [b3b405db-e406-472f-a1bd-451d52c335eb:group-72E1781A1B31:LeaderElection66] INFO  server.RaftServerConfigKeys (ConfUtils.java:logGet(43)) - raft.server.write.element-limit = 4096 (default)
2019-09-19 09:52:00,676 [b3b405db-e406-472f-a1bd-451d52c335eb:group-A9F91AA3CCBB:LeaderElection65] INFO  segmented.SegmentedRaftLogWorker (SegmentedRaftLogWorker.java:startLogSegment(380)) - b3b405db-e406-472f-a1bd-451d52c335eb-SegmentedRaftLogWorker:Storage Directory /workdir/hadoop-ozone/ozonefs/target/test-dir/MiniOzoneClusterImpl-ef25c7d6-713f-480d-a3e2-ca8e4934b2a4/datanode-2/data/ratis/118279be-0d13-4123-8ae5-a9f91aa3ccbb: Starting segment from index:0
2019-09-19 09:52:00,676 [b3b405db-e406-472f-a1bd-451d52c335eb:group-72E1781A1B31:LeaderElection66] INFO  server.RaftServerConfigKeys (ConfUtils.java:logGet(43)) - raft.server.watch.timeout = 10s (default)
2019-09-19 09:52:00,679 [Thread-1018] INFO  impl.FollowerState (FollowerState.java:run(106)) - b3b405db-e406-472f-a1bd-451d52c335eb:group-5F4EAB975C30 changes to CANDIDATE, lastRpcTime:5034, electionTimeout:5034ms
2019-09-19 09:52:00,677 [b3b405db-e406-472f-a1bd-451d52c335eb:group-A9F91AA3CCBB:LeaderElection65] INFO  impl.RaftServerImpl (ServerState.java:setRaftConf(361)) - b3b405db-e406-472f-a1bd-451d52c335eb:group-A9F91AA3CCBB set configuration 0: [b3b405db-e406-472f-a1bd-451d52c335eb:192.168.34.5:44675], old=null at 0
2019-09-19 09:52:00,684 [Thread-1018] INFO  impl.RoleInfo (RoleInfo.java:shutdownFollowerState(121)) - b3b405db-e406-472f-a1bd-451d52c335eb: shutdown FollowerState
2019-09-19 09:52:00,684 [b3b405db-e406-472f-a1bd-451d52c335eb:group-72E1781A1B31:LeaderElection66] INFO  server.RaftServerConfigKeys (ConfUtils.java:logGet(43)) - raft.server.watch.timeout.denomination = 1s (default)
2019-09-19 09:52:00,684 [Thread-1018] INFO  impl.RaftServerImpl (RaftServerImpl.java:setRole(171)) - b3b405db-e406-472f-a1bd-451d52c335eb:group-5F4EAB975C30 changes role from FOLLOWER to CANDIDATE at term 0 for changeToCandidate
2019-09-19 09:52:00,685 [b3b405db-e406-472f-a1bd-451d52c335eb:group-72E1781A1B31:LeaderElection66] INFO  server.RaftServerConfigKeys (ConfUtils.java:logGet(43)) - raft.server.watch.element-limit = 65536 (default)
2019-09-19 09:52:00,685 [Thread-1018] INFO  impl.RoleInfo (RoleInfo.java:updateAndGet(143)) - b3b405db-e406-472f-a1bd-451d52c335eb: start LeaderElection
2019-09-19 09:52:00,685 [b3b405db-e406-472f-a1bd-451d52c335eb:group-72E1781A1B31:LeaderElection66] INFO  impl.RoleInfo (RoleInfo.java:updateAndGet(143)) - b3b405db-e406-472f-a1bd-451d52c335eb: start LeaderState
2019-09-19 09:52:00,719 [b3b405db-e406-472f-a1bd-451d52c335eb:group-72E1781A1B31:LeaderElection66] INFO  segmented.SegmentedRaftLogWorker (SegmentedRaftLogWorker.java:startLogSegment(380)) - b3b405db-e406-472f-a1bd-451d52c335eb-SegmentedRaftLogWorker:Storage Directory /workdir/hadoop-ozone/ozonefs/target/test-dir/MiniOzoneClusterImpl-ef25c7d6-713f-480d-a3e2-ca8e4934b2a4/datanode-2/data/ratis/7ff4d670-fd5d-4433-b222-72e1781a1b31: Starting segment from index:0
2019-09-19 09:52:00,720 [b3b405db-e406-472f-a1bd-451d52c335eb:group-72E1781A1B31:LeaderElection66] INFO  impl.RaftServerImpl (ServerState.java:setRaftConf(361)) - b3b405db-e406-472f-a1bd-451d52c335eb:group-72E1781A1B31 set configuration 0: [b3b405db-e406-472f-a1bd-451d52c335eb:192.168.34.5:44675], old=null at 0
2019-09-19 09:52:00,733 [b3b405db-e406-472f-a1bd-451d52c335eb-SegmentedRaftLogWorker:Storage Directory /workdir/hadoop-ozone/ozonefs/target/test-dir/MiniOzoneClusterImpl-ef25c7d6-713f-480d-a3e2-ca8e4934b2a4/datanode-2/data/ratis/118279be-0d13-4123-8ae5-a9f91aa3ccbb] INFO  segmented.SegmentedRaftLogWorker (SegmentedRaftLogWorker.java:execute(569)) - b3b405db-e406-472f-a1bd-451d52c335eb-SegmentedRaftLogWorker:Storage Directory /workdir/hadoop-ozone/ozonefs/target/test-dir/MiniOzoneClusterImpl-ef25c7d6-713f-480d-a3e2-ca8e4934b2a4/datanode-2/data/ratis/118279be-0d13-4123-8ae5-a9f91aa3ccbb: created new log segment /workdir/hadoop-ozone/ozonefs/target/test-dir/MiniOzoneClusterImpl-ef25c7d6-713f-480d-a3e2-ca8e4934b2a4/datanode-2/data/ratis/118279be-0d13-4123-8ae5-a9f91aa3ccbb/current/log_inprogress_0
2019-09-19 09:52:00,733 [b3b405db-e406-472f-a1bd-451d52c335eb:group-5F4EAB975C30:LeaderElection67] INFO  impl.LeaderElection (LeaderElection.java:askForVotes(181)) - b3b405db-e406-472f-a1bd-451d52c335eb:group-5F4EAB975C30:LeaderElection67: begin an election at term 1 for -1: [b3b405db-e406-472f-a1bd-451d52c335eb:192.168.34.5:44675], old=null
2019-09-19 09:52:00,734 [b3b405db-e406-472f-a1bd-451d52c335eb:group-5F4EAB975C30:LeaderElection67] INFO  impl.RoleInfo (RoleInfo.java:shutdownLeaderElection(134)) - b3b405db-e406-472f-a1bd-451d52c335eb: shutdown LeaderElection
2019-09-19 09:52:00,734 [b3b405db-e406-472f-a1bd-451d52c335eb:group-5F4EAB975C30:LeaderElection67] INFO  impl.RaftServerImpl (RaftServerImpl.java:setRole(171)) - b3b405db-e406-472f-a1bd-451d52c335eb:group-5F4EAB975C30 changes role from CANDIDATE to LEADER at term 1 for changeToLeader
2019-09-19 09:52:00,734 [b3b405db-e406-472f-a1bd-451d52c335eb:group-5F4EAB975C30:LeaderElection67] INFO  impl.RaftServerImpl (ServerState.java:setLeader(263)) - b3b405db-e406-472f-a1bd-451d52c335eb:group-5F4EAB975C30 change Leader from null to b3b405db-e406-472f-a1bd-451d52c335eb at term 1 for becomeLeader, leader elected after 5093ms
2019-09-19 09:52:00,734 [b3b405db-e406-472f-a1bd-451d52c335eb:group-5F4EAB975C30:LeaderElection67] INFO  server.RaftServerConfigKeys (ConfUtils.java:logGet(43)) - raft.server.staging.catchup.gap = 1000 (default)
2019-09-19 09:52:00,734 [b3b405db-e406-472f-a1bd-451d52c335eb:group-5F4EAB975C30:LeaderElection67] INFO  server.RaftServerConfigKeys (ConfUtils.java:logGet(43)) - raft.server.rpc.sleep.time = 25ms (default)
2019-09-19 09:52:00,735 [b3b405db-e406-472f-a1bd-451d52c335eb:group-5F4EAB975C30:LeaderElection67] INFO  server.RaftServerConfigKeys (ConfUtils.java:logGet(43)) - raft.server.write.element-limit = 4096 (default)
2019-09-19 09:52:00,735 [b3b405db-e406-472f-a1bd-451d52c335eb:group-5F4EAB975C30:LeaderElection67] INFO  server.RaftServerConfigKeys (ConfUtils.java:logGet(43)) - raft.server.watch.timeout = 10s (default)
2019-09-19 09:52:00,735 [b3b405db-e406-472f-a1bd-451d52c335eb:group-5F4EAB975C30:LeaderElection67] INFO  server.RaftServerConfigKeys (ConfUtils.java:logGet(43)) - raft.server.watch.timeout.denomination = 1s (default)
2019-09-19 09:52:00,735 [b3b405db-e406-472f-a1bd-451d52c335eb:group-5F4EAB975C30:LeaderElection67] INFO  server.RaftServerConfigKeys (ConfUtils.java:logGet(43)) - raft.server.watch.element-limit = 65536 (default)
2019-09-19 09:52:00,736 [b3b405db-e406-472f-a1bd-451d52c335eb:group-5F4EAB975C30:LeaderElection67] INFO  impl.RoleInfo (RoleInfo.java:updateAndGet(143)) - b3b405db-e406-472f-a1bd-451d52c335eb: start LeaderState
2019-09-19 09:52:00,736 [b3b405db-e406-472f-a1bd-451d52c335eb:group-5F4EAB975C30:LeaderElection67] INFO  segmented.SegmentedRaftLogWorker (SegmentedRaftLogWorker.java:startLogSegment(380)) - b3b405db-e406-472f-a1bd-451d52c335eb-SegmentedRaftLogWorker:Storage Directory /workdir/hadoop-ozone/ozonefs/target/test-dir/MiniOzoneClusterImpl-ef25c7d6-713f-480d-a3e2-ca8e4934b2a4/datanode-2/data/ratis/90adc2ab-dd6c-4f51-8650-5f4eab975c30: Starting segment from index:0
2019-09-19 09:52:00,737 [b3b405db-e406-472f-a1bd-451d52c335eb:group-5F4EAB975C30:LeaderElection67] INFO  impl.RaftServerImpl (ServerState.java:setRaftConf(361)) - b3b405db-e406-472f-a1bd-451d52c335eb:group-5F4EAB975C30 set configuration 0: [b3b405db-e406-472f-a1bd-451d52c335eb:192.168.34.5:44675], old=null at 0
2019-09-19 09:52:00,777 [b3b405db-e406-472f-a1bd-451d52c335eb-SegmentedRaftLogWorker:Storage Directory /workdir/hadoop-ozone/ozonefs/target/test-dir/MiniOzoneClusterImpl-ef25c7d6-713f-480d-a3e2-ca8e4934b2a4/datanode-2/data/ratis/7ff4d670-fd5d-4433-b222-72e1781a1b31] INFO  segmented.SegmentedRaftLogWorker (SegmentedRaftLogWorker.java:execute(569)) - b3b405db-e406-472f-a1bd-451d52c335eb-SegmentedRaftLogWorker:Storage Directory /workdir/hadoop-ozone/ozonefs/target/test-dir/MiniOzoneClusterImpl-ef25c7d6-713f-480d-a3e2-ca8e4934b2a4/datanode-2/data/ratis/7ff4d670-fd5d-4433-b222-72e1781a1b31: created new log segment /workdir/hadoop-ozone/ozonefs/target/test-dir/MiniOzoneClusterImpl-ef25c7d6-713f-480d-a3e2-ca8e4934b2a4/datanode-2/data/ratis/7ff4d670-fd5d-4433-b222-72e1781a1b31/current/log_inprogress_0
2019-09-19 09:52:00,780 [b3b405db-e406-472f-a1bd-451d52c335eb-SegmentedRaftLogWorker:Storage Directory /workdir/hadoop-ozone/ozonefs/target/test-dir/MiniOzoneClusterImpl-ef25c7d6-713f-480d-a3e2-ca8e4934b2a4/datanode-2/data/ratis/90adc2ab-dd6c-4f51-8650-5f4eab975c30] INFO  segmented.SegmentedRaftLogWorker (SegmentedRaftLogWorker.java:execute(569)) - b3b405db-e406-472f-a1bd-451d52c335eb-SegmentedRaftLogWorker:Storage Directory /workdir/hadoop-ozone/ozonefs/target/test-dir/MiniOzoneClusterImpl-ef25c7d6-713f-480d-a3e2-ca8e4934b2a4/datanode-2/data/ratis/90adc2ab-dd6c-4f51-8650-5f4eab975c30: created new log segment /workdir/hadoop-ozone/ozonefs/target/test-dir/MiniOzoneClusterImpl-ef25c7d6-713f-480d-a3e2-ca8e4934b2a4/datanode-2/data/ratis/90adc2ab-dd6c-4f51-8650-5f4eab975c30/current/log_inprogress_0
2019-09-19 09:52:00,786 [Thread-1021] INFO  impl.FollowerState (FollowerState.java:run(106)) - b3b405db-e406-472f-a1bd-451d52c335eb:group-ACB4687D2648 changes to CANDIDATE, lastRpcTime:5097, electionTimeout:5097ms
2019-09-19 09:52:00,786 [Thread-1021] INFO  impl.RoleInfo (RoleInfo.java:shutdownFollowerState(121)) - b3b405db-e406-472f-a1bd-451d52c335eb: shutdown FollowerState
2019-09-19 09:52:00,786 [Thread-1021] INFO  impl.RaftServerImpl (RaftServerImpl.java:setRole(171)) - b3b405db-e406-472f-a1bd-451d52c335eb:group-ACB4687D2648 changes role from FOLLOWER to CANDIDATE at term 0 for changeToCandidate
2019-09-19 09:52:00,786 [Thread-1021] INFO  impl.RoleInfo (RoleInfo.java:updateAndGet(143)) - b3b405db-e406-472f-a1bd-451d52c335eb: start LeaderElection
2019-09-19 09:52:00,793 [b3b405db-e406-472f-a1bd-451d52c335eb:group-ACB4687D2648:LeaderElection68] INFO  impl.LeaderElection (LeaderElection.java:askForVotes(181)) - b3b405db-e406-472f-a1bd-451d52c335eb:group-ACB4687D2648:LeaderElection68: begin an election at term 1 for -1: [b3b405db-e406-472f-a1bd-451d52c335eb:192.168.34.5:44675], old=null
2019-09-19 09:52:00,793 [b3b405db-e406-472f-a1bd-451d52c335eb:group-ACB4687D2648:LeaderElection68] INFO  impl.RoleInfo (RoleInfo.java:shutdownLeaderElection(134)) - b3b405db-e406-472f-a1bd-451d52c335eb: shutdown LeaderElection
2019-09-19 09:52:00,793 [b3b405db-e406-472f-a1bd-451d52c335eb:group-ACB4687D2648:LeaderElection68] INFO  impl.RaftServerImpl (RaftServerImpl.java:setRole(171)) - b3b405db-e406-472f-a1bd-451d52c335eb:group-ACB4687D2648 changes role from CANDIDATE to LEADER at term 1 for changeToLeader
2019-09-19 09:52:00,793 [b3b405db-e406-472f-a1bd-451d52c335eb:group-ACB4687D2648:LeaderElection68] INFO  impl.RaftServerImpl (ServerState.java:setLeader(263)) - b3b405db-e406-472f-a1bd-451d52c335eb:group-ACB4687D2648 change Leader from null to b3b405db-e406-472f-a1bd-451d52c335eb at term 1 for becomeLeader, leader elected after 5109ms
2019-09-19 09:52:00,793 [b3b405db-e406-472f-a1bd-451d52c335eb:group-ACB4687D2648:LeaderElection68] INFO  server.RaftServerConfigKeys (ConfUtils.java:logGet(43)) - raft.server.staging.catchup.gap = 1000 (default)
2019-09-19 09:52:00,793 [b3b405db-e406-472f-a1bd-451d52c335eb:group-ACB4687D2648:LeaderElection68] INFO  server.RaftServerConfigKeys (ConfUtils.java:logGet(43)) - raft.server.rpc.sleep.time = 25ms (default)
2019-09-19 09:52:00,794 [b3b405db-e406-472f-a1bd-451d52c335eb:group-ACB4687D2648:LeaderElection68] INFO  server.RaftServerConfigKeys (ConfUtils.java:logGet(43)) - raft.server.write.element-limit = 4096 (default)
2019-09-19 09:52:00,794 [b3b405db-e406-472f-a1bd-451d52c335eb:group-ACB4687D2648:LeaderElection68] INFO  server.RaftServerConfigKeys (ConfUtils.java:logGet(43)) - raft.server.watch.timeout = 10s (default)
2019-09-19 09:52:00,794 [b3b405db-e406-472f-a1bd-451d52c335eb:group-ACB4687D2648:LeaderElection68] INFO  server.RaftServerConfigKeys (ConfUtils.java:logGet(43)) - raft.server.watch.timeout.denomination = 1s (default)
2019-09-19 09:52:00,794 [b3b405db-e406-472f-a1bd-451d52c335eb:group-ACB4687D2648:LeaderElection68] INFO  server.RaftServerConfigKeys (ConfUtils.java:logGet(43)) - raft.server.watch.element-limit = 65536 (default)
2019-09-19 09:52:00,794 [b3b405db-e406-472f-a1bd-451d52c335eb:group-ACB4687D2648:LeaderElection68] INFO  impl.RoleInfo (RoleInfo.java:updateAndGet(143)) - b3b405db-e406-472f-a1bd-451d52c335eb: start LeaderState
2019-09-19 09:52:00,794 [b3b405db-e406-472f-a1bd-451d52c335eb:group-ACB4687D2648:LeaderElection68] INFO  segmented.SegmentedRaftLogWorker (SegmentedRaftLogWorker.java:startLogSegment(380)) - b3b405db-e406-472f-a1bd-451d52c335eb-SegmentedRaftLogWorker:Storage Directory /workdir/hadoop-ozone/ozonefs/target/test-dir/MiniOzoneClusterImpl-ef25c7d6-713f-480d-a3e2-ca8e4934b2a4/datanode-2/data/ratis/7592d1a3-8c64-49da-8891-acb4687d2648: Starting segment from index:0
2019-09-19 09:52:00,795 [b3b405db-e406-472f-a1bd-451d52c335eb:group-ACB4687D2648:LeaderElection68] INFO  impl.RaftServerImpl (ServerState.java:setRaftConf(361)) - b3b405db-e406-472f-a1bd-451d52c335eb:group-ACB4687D2648 set configuration 0: [b3b405db-e406-472f-a1bd-451d52c335eb:192.168.34.5:44675], old=null at 0
2019-09-19 09:52:00,832 [Thread-1024] INFO  impl.FollowerState (FollowerState.java:run(106)) - b3b405db-e406-472f-a1bd-451d52c335eb:group-960D08241BE8 changes to CANDIDATE, lastRpcTime:5100, electionTimeout:5100ms
2019-09-19 09:52:00,832 [Thread-1024] INFO  impl.RoleInfo (RoleInfo.java:shutdownFollowerState(121)) - b3b405db-e406-472f-a1bd-451d52c335eb: shutdown FollowerState
2019-09-19 09:52:00,832 [Thread-1024] INFO  impl.RaftServerImpl (RaftServerImpl.java:setRole(171)) - b3b405db-e406-472f-a1bd-451d52c335eb:group-960D08241BE8 changes role from FOLLOWER to CANDIDATE at term 0 for changeToCandidate
2019-09-19 09:52:00,832 [Thread-1024] INFO  impl.RoleInfo (RoleInfo.java:updateAndGet(143)) - b3b405db-e406-472f-a1bd-451d52c335eb: start LeaderElection
2019-09-19 09:52:00,841 [b3b405db-e406-472f-a1bd-451d52c335eb-SegmentedRaftLogWorker:Storage Directory /workdir/hadoop-ozone/ozonefs/target/test-dir/MiniOzoneClusterImpl-ef25c7d6-713f-480d-a3e2-ca8e4934b2a4/datanode-2/data/ratis/7592d1a3-8c64-49da-8891-acb4687d2648] INFO  segmented.SegmentedRaftLogWorker (SegmentedRaftLogWorker.java:execute(569)) - b3b405db-e406-472f-a1bd-451d52c335eb-SegmentedRaftLogWorker:Storage Directory /workdir/hadoop-ozone/ozonefs/target/test-dir/MiniOzoneClusterImpl-ef25c7d6-713f-480d-a3e2-ca8e4934b2a4/datanode-2/data/ratis/7592d1a3-8c64-49da-8891-acb4687d2648: created new log segment /workdir/hadoop-ozone/ozonefs/target/test-dir/MiniOzoneClusterImpl-ef25c7d6-713f-480d-a3e2-ca8e4934b2a4/datanode-2/data/ratis/7592d1a3-8c64-49da-8891-acb4687d2648/current/log_inprogress_0
2019-09-19 09:52:00,841 [b3b405db-e406-472f-a1bd-451d52c335eb:group-960D08241BE8:LeaderElection69] INFO  impl.LeaderElection (LeaderElection.java:askForVotes(181)) - b3b405db-e406-472f-a1bd-451d52c335eb:group-960D08241BE8:LeaderElection69: begin an election at term 1 for -1: [b3b405db-e406-472f-a1bd-451d52c335eb:192.168.34.5:44675], old=null
2019-09-19 09:52:00,841 [b3b405db-e406-472f-a1bd-451d52c335eb:group-960D08241BE8:LeaderElection69] INFO  impl.RoleInfo (RoleInfo.java:shutdownLeaderElection(134)) - b3b405db-e406-472f-a1bd-451d52c335eb: shutdown LeaderElection
2019-09-19 09:52:00,842 [b3b405db-e406-472f-a1bd-451d52c335eb:group-960D08241BE8:LeaderElection69] INFO  impl.RaftServerImpl (RaftServerImpl.java:setRole(171)) - b3b405db-e406-472f-a1bd-451d52c335eb:group-960D08241BE8 changes role from CANDIDATE to LEADER at term 1 for changeToLeader
2019-09-19 09:52:00,842 [b3b405db-e406-472f-a1bd-451d52c335eb:group-960D08241BE8:LeaderElection69] INFO  impl.RaftServerImpl (ServerState.java:setLeader(263)) - b3b405db-e406-472f-a1bd-451d52c335eb:group-960D08241BE8 change Leader from null to b3b405db-e406-472f-a1bd-451d52c335eb at term 1 for becomeLeader, leader elected after 5114ms
2019-09-19 09:52:00,842 [b3b405db-e406-472f-a1bd-451d52c335eb:group-960D08241BE8:LeaderElection69] INFO  server.RaftServerConfigKeys (ConfUtils.java:logGet(43)) - raft.server.staging.catchup.gap = 1000 (default)
2019-09-19 09:52:00,842 [b3b405db-e406-472f-a1bd-451d52c335eb:group-960D08241BE8:LeaderElection69] INFO  server.RaftServerConfigKeys (ConfUtils.java:logGet(43)) - raft.server.rpc.sleep.time = 25ms (default)
2019-09-19 09:52:00,842 [b3b405db-e406-472f-a1bd-451d52c335eb:group-960D08241BE8:LeaderElection69] INFO  server.RaftServerConfigKeys (ConfUtils.java:logGet(43)) - raft.server.write.element-limit = 4096 (default)
2019-09-19 09:52:00,842 [b3b405db-e406-472f-a1bd-451d52c335eb:group-960D08241BE8:LeaderElection69] INFO  server.RaftServerConfigKeys (ConfUtils.java:logGet(43)) - raft.server.watch.timeout = 10s (default)
2019-09-19 09:52:00,842 [b3b405db-e406-472f-a1bd-451d52c335eb:group-960D08241BE8:LeaderElection69] INFO  server.RaftServerConfigKeys (ConfUtils.java:logGet(43)) - raft.server.watch.timeout.denomination = 1s (default)
2019-09-19 09:52:00,843 [b3b405db-e406-472f-a1bd-451d52c335eb:group-960D08241BE8:LeaderElection69] INFO  server.RaftServerConfigKeys (ConfUtils.java:logGet(43)) - raft.server.watch.element-limit = 65536 (default)
2019-09-19 09:52:00,843 [b3b405db-e406-472f-a1bd-451d52c335eb:group-960D08241BE8:LeaderElection69] INFO  impl.RoleInfo (RoleInfo.java:updateAndGet(143)) - b3b405db-e406-472f-a1bd-451d52c335eb: start LeaderState
2019-09-19 09:52:00,843 [b3b405db-e406-472f-a1bd-451d52c335eb:group-960D08241BE8:LeaderElection69] INFO  segmented.SegmentedRaftLogWorker (SegmentedRaftLogWorker.java:startLogSegment(380)) - b3b405db-e406-472f-a1bd-451d52c335eb-SegmentedRaftLogWorker:Storage Directory /workdir/hadoop-ozone/ozonefs/target/test-dir/MiniOzoneClusterImpl-ef25c7d6-713f-480d-a3e2-ca8e4934b2a4/datanode-2/data/ratis/541bc164-67e5-4fac-bd7f-960d08241be8: Starting segment from index:0
2019-09-19 09:52:00,844 [b3b405db-e406-472f-a1bd-451d52c335eb:group-960D08241BE8:LeaderElection69] INFO  impl.RaftServerImpl (ServerState.java:setRaftConf(361)) - b3b405db-e406-472f-a1bd-451d52c335eb:group-960D08241BE8 set configuration 0: [b3b405db-e406-472f-a1bd-451d52c335eb:192.168.34.5:44675], old=null at 0
2019-09-19 09:52:00,872 [Thread-1027] INFO  impl.FollowerState (FollowerState.java:run(106)) - b3b405db-e406-472f-a1bd-451d52c335eb:group-801AB1859E78 changes to CANDIDATE, lastRpcTime:5096, electionTimeout:5096ms
2019-09-19 09:52:00,873 [Thread-1027] INFO  impl.RoleInfo (RoleInfo.java:shutdownFollowerState(121)) - b3b405db-e406-472f-a1bd-451d52c335eb: shutdown FollowerState
2019-09-19 09:52:00,873 [Thread-1027] INFO  impl.RaftServerImpl (RaftServerImpl.java:setRole(171)) - b3b405db-e406-472f-a1bd-451d52c335eb:group-801AB1859E78 changes role from FOLLOWER to CANDIDATE at term 0 for changeToCandidate
2019-09-19 09:52:00,873 [Thread-1027] INFO  impl.RoleInfo (RoleInfo.java:updateAndGet(143)) - b3b405db-e406-472f-a1bd-451d52c335eb: start LeaderElection
2019-09-19 09:52:00,893 [b3b405db-e406-472f-a1bd-451d52c335eb-SegmentedRaftLogWorker:Storage Directory /workdir/hadoop-ozone/ozonefs/target/test-dir/MiniOzoneClusterImpl-ef25c7d6-713f-480d-a3e2-ca8e4934b2a4/datanode-2/data/ratis/541bc164-67e5-4fac-bd7f-960d08241be8] INFO  segmented.SegmentedRaftLogWorker (SegmentedRaftLogWorker.java:execute(569)) - b3b405db-e406-472f-a1bd-451d52c335eb-SegmentedRaftLogWorker:Storage Directory /workdir/hadoop-ozone/ozonefs/target/test-dir/MiniOzoneClusterImpl-ef25c7d6-713f-480d-a3e2-ca8e4934b2a4/datanode-2/data/ratis/541bc164-67e5-4fac-bd7f-960d08241be8: created new log segment /workdir/hadoop-ozone/ozonefs/target/test-dir/MiniOzoneClusterImpl-ef25c7d6-713f-480d-a3e2-ca8e4934b2a4/datanode-2/data/ratis/541bc164-67e5-4fac-bd7f-960d08241be8/current/log_inprogress_0
2019-09-19 09:52:00,893 [b3b405db-e406-472f-a1bd-451d52c335eb:group-801AB1859E78:LeaderElection70] INFO  impl.LeaderElection (LeaderElection.java:askForVotes(181)) - b3b405db-e406-472f-a1bd-451d52c335eb:group-801AB1859E78:LeaderElection70: begin an election at term 1 for -1: [b3b405db-e406-472f-a1bd-451d52c335eb:192.168.34.5:44675], old=null
2019-09-19 09:52:00,893 [b3b405db-e406-472f-a1bd-451d52c335eb:group-801AB1859E78:LeaderElection70] INFO  impl.RoleInfo (RoleInfo.java:shutdownLeaderElection(134)) - b3b405db-e406-472f-a1bd-451d52c335eb: shutdown LeaderElection
2019-09-19 09:52:00,893 [b3b405db-e406-472f-a1bd-451d52c335eb:group-801AB1859E78:LeaderElection70] INFO  impl.RaftServerImpl (RaftServerImpl.java:setRole(171)) - b3b405db-e406-472f-a1bd-451d52c335eb:group-801AB1859E78 changes role from CANDIDATE to LEADER at term 1 for changeToLeader
2019-09-19 09:52:00,894 [b3b405db-e406-472f-a1bd-451d52c335eb:group-801AB1859E78:LeaderElection70] INFO  impl.RaftServerImpl (ServerState.java:setLeader(263)) - b3b405db-e406-472f-a1bd-451d52c335eb:group-801AB1859E78 change Leader from null to b3b405db-e406-472f-a1bd-451d52c335eb at term 1 for becomeLeader, leader elected after 5122ms
2019-09-19 09:52:00,894 [b3b405db-e406-472f-a1bd-451d52c335eb:group-801AB1859E78:LeaderElection70] INFO  server.RaftServerConfigKeys (ConfUtils.java:logGet(43)) - raft.server.staging.catchup.gap = 1000 (default)
2019-09-19 09:52:00,894 [b3b405db-e406-472f-a1bd-451d52c335eb:group-801AB1859E78:LeaderElection70] INFO  server.RaftServerConfigKeys (ConfUtils.java:logGet(43)) - raft.server.rpc.sleep.time = 25ms (default)
2019-09-19 09:52:00,894 [b3b405db-e406-472f-a1bd-451d52c335eb:group-801AB1859E78:LeaderElection70] INFO  server.RaftServerConfigKeys (ConfUtils.java:logGet(43)) - raft.server.write.element-limit = 4096 (default)
2019-09-19 09:52:00,894 [b3b405db-e406-472f-a1bd-451d52c335eb:group-801AB1859E78:LeaderElection70] INFO  server.RaftServerConfigKeys (ConfUtils.java:logGet(43)) - raft.server.watch.timeout = 10s (default)
2019-09-19 09:52:00,894 [b3b405db-e406-472f-a1bd-451d52c335eb:group-801AB1859E78:LeaderElection70] INFO  server.RaftServerConfigKeys (ConfUtils.java:logGet(43)) - raft.server.watch.timeout.denomination = 1s (default)
2019-09-19 09:52:00,895 [b3b405db-e406-472f-a1bd-451d52c335eb:group-801AB1859E78:LeaderElection70] INFO  server.RaftServerConfigKeys (ConfUtils.java:logGet(43)) - raft.server.watch.element-limit = 65536 (default)
2019-09-19 09:52:00,895 [b3b405db-e406-472f-a1bd-451d52c335eb:group-801AB1859E78:LeaderElection70] INFO  impl.RoleInfo (RoleInfo.java:updateAndGet(143)) - b3b405db-e406-472f-a1bd-451d52c335eb: start LeaderState
2019-09-19 09:52:00,895 [b3b405db-e406-472f-a1bd-451d52c335eb:group-801AB1859E78:LeaderElection70] INFO  segmented.SegmentedRaftLogWorker (SegmentedRaftLogWorker.java:startLogSegment(380)) - b3b405db-e406-472f-a1bd-451d52c335eb-SegmentedRaftLogWorker:Storage Directory /workdir/hadoop-ozone/ozonefs/target/test-dir/MiniOzoneClusterImpl-ef25c7d6-713f-480d-a3e2-ca8e4934b2a4/datanode-2/data/ratis/ea09a4c9-e004-440d-9243-801ab1859e78: Starting segment from index:0
2019-09-19 09:52:00,896 [b3b405db-e406-472f-a1bd-451d52c335eb:group-801AB1859E78:LeaderElection70] INFO  impl.RaftServerImpl (ServerState.java:setRaftConf(361)) - b3b405db-e406-472f-a1bd-451d52c335eb:group-801AB1859E78 set configuration 0: [b3b405db-e406-472f-a1bd-451d52c335eb:192.168.34.5:44675], old=null at 0
2019-09-19 09:52:00,945 [b3b405db-e406-472f-a1bd-451d52c335eb-SegmentedRaftLogWorker:Storage Directory /workdir/hadoop-ozone/ozonefs/target/test-dir/MiniOzoneClusterImpl-ef25c7d6-713f-480d-a3e2-ca8e4934b2a4/datanode-2/data/ratis/ea09a4c9-e004-440d-9243-801ab1859e78] INFO  segmented.SegmentedRaftLogWorker (SegmentedRaftLogWorker.java:execute(569)) - b3b405db-e406-472f-a1bd-451d52c335eb-SegmentedRaftLogWorker:Storage Directory /workdir/hadoop-ozone/ozonefs/target/test-dir/MiniOzoneClusterImpl-ef25c7d6-713f-480d-a3e2-ca8e4934b2a4/datanode-2/data/ratis/ea09a4c9-e004-440d-9243-801ab1859e78: created new log segment /workdir/hadoop-ozone/ozonefs/target/test-dir/MiniOzoneClusterImpl-ef25c7d6-713f-480d-a3e2-ca8e4934b2a4/datanode-2/data/ratis/ea09a4c9-e004-440d-9243-801ab1859e78/current/log_inprogress_0
2019-09-19 09:52:01,474 | INFO  | SCMAudit | user=jenkins1000 | ip=192.168.34.5 | op=SEND_HEARTBEAT {datanodeUUID=b3b405db-e406-472f-a1bd-451d52c335eb, command=[]} | ret=SUCCESS |  
2019-09-19 09:52:01,762 [ForkJoinPool.commonPool-worker-0] INFO  ozoneimpl.OzoneContainer (OzoneContainer.java:stop(199)) - Attempting to stop container services.
2019-09-19 09:52:01,762 [Thread-802] INFO  ozoneimpl.OzoneContainer (OzoneContainer.java:stop(199)) - Attempting to stop container services.
2019-09-19 09:52:01,762 [ForkJoinPool.commonPool-worker-0] INFO  impl.RaftServerProxy (RaftServerProxy.java:lambda$close$4(314)) - 44ff3c81-7686-42b4-8c4a-8f964f23b515: close
2019-09-19 09:52:01,762 [Thread-802] INFO  impl.RaftServerProxy (RaftServerProxy.java:lambda$close$4(314)) - ee633067-66ce-44af-917e-6e63bc174d2a: close
2019-09-19 09:52:01,762 [ForkJoinPool.commonPool-worker-0] INFO  impl.RaftServerImpl (RaftServerImpl.java:lambda$shutdown$3(245)) - 44ff3c81-7686-42b4-8c4a-8f964f23b515: shutdown group-CB2F793AC9E5
2019-09-19 09:52:01,763 [Thread-802] INFO  impl.RaftServerImpl (RaftServerImpl.java:lambda$shutdown$3(245)) - ee633067-66ce-44af-917e-6e63bc174d2a: shutdown group-1BE0F7864EBA
2019-09-19 09:52:01,763 [ForkJoinPool.commonPool-worker-0] INFO  util.JmxRegister (JmxRegister.java:unregister(73)) - Successfully un-registered JMX Bean with object name Ratis:service=RaftServer,group=group-CB2F793AC9E5,id=44ff3c81-7686-42b4-8c4a-8f964f23b515
2019-09-19 09:52:01,763 [Thread-802] INFO  util.JmxRegister (JmxRegister.java:unregister(73)) - Successfully un-registered JMX Bean with object name Ratis:service=RaftServer,group=group-1BE0F7864EBA,id=ee633067-66ce-44af-917e-6e63bc174d2a
2019-09-19 09:52:01,764 [Thread-802] INFO  impl.RoleInfo (RoleInfo.java:shutdownLeaderState(104)) - ee633067-66ce-44af-917e-6e63bc174d2a: shutdown LeaderState
2019-09-19 09:52:01,763 [ForkJoinPool.commonPool-worker-0] INFO  impl.RoleInfo (RoleInfo.java:shutdownLeaderState(104)) - 44ff3c81-7686-42b4-8c4a-8f964f23b515: shutdown LeaderState
2019-09-19 09:52:01,764 [Thread-802] INFO  impl.PendingRequests (PendingRequests.java:sendNotLeaderResponses(202)) - ee633067-66ce-44af-917e-6e63bc174d2a-PendingRequests: sendNotLeaderResponses
2019-09-19 09:52:01,764 [ForkJoinPool.commonPool-worker-0] INFO  impl.PendingRequests (PendingRequests.java:sendNotLeaderResponses(202)) - 44ff3c81-7686-42b4-8c4a-8f964f23b515-PendingRequests: sendNotLeaderResponses
2019-09-19 09:52:01,765 [Thread-802] INFO  impl.StateMachineUpdater (StateMachineUpdater.java:stopAndJoin(115)) - StateMachineUpdater:ee633067-66ce-44af-917e-6e63bc174d2a:group-1BE0F7864EBA: set stopIndex = 0
2019-09-19 09:52:01,765 [ForkJoinPool.commonPool-worker-0] INFO  impl.StateMachineUpdater (StateMachineUpdater.java:stopAndJoin(115)) - StateMachineUpdater:44ff3c81-7686-42b4-8c4a-8f964f23b515:group-CB2F793AC9E5: set stopIndex = 0
2019-09-19 09:52:01,765 [Thread-802] INFO  impl.RaftServerImpl (ServerState.java:close(394)) - ee633067-66ce-44af-917e-6e63bc174d2a:group-1BE0F7864EBA closes. The last applied log index is 0
2019-09-19 09:52:01,766 [ForkJoinPool.commonPool-worker-0] INFO  impl.RaftServerImpl (ServerState.java:close(394)) - 44ff3c81-7686-42b4-8c4a-8f964f23b515:group-CB2F793AC9E5 closes. The last applied log index is 0
2019-09-19 09:52:01,766 [ee633067-66ce-44af-917e-6e63bc174d2a-SegmentedRaftLogWorker:Storage Directory /workdir/hadoop-ozone/ozonefs/target/test-dir/MiniOzoneClusterImpl-ef25c7d6-713f-480d-a3e2-ca8e4934b2a4/datanode-1/data/ratis/bf6adf91-d2f2-4248-a8a9-1be0f7864eba] INFO  segmented.SegmentedRaftLogWorker (SegmentedRaftLogWorker.java:run(313)) - ee633067-66ce-44af-917e-6e63bc174d2a-SegmentedRaftLogWorker:Storage Directory /workdir/hadoop-ozone/ozonefs/target/test-dir/MiniOzoneClusterImpl-ef25c7d6-713f-480d-a3e2-ca8e4934b2a4/datanode-1/data/ratis/bf6adf91-d2f2-4248-a8a9-1be0f7864eba was interrupted, exiting. There are 0 tasks remaining in the queue.
2019-09-19 09:52:01,766 [44ff3c81-7686-42b4-8c4a-8f964f23b515-SegmentedRaftLogWorker:Storage Directory /workdir/hadoop-ozone/ozonefs/target/test-dir/MiniOzoneClusterImpl-ef25c7d6-713f-480d-a3e2-ca8e4934b2a4/datanode-0/data/ratis/c4892d36-ec78-4879-b69b-cb2f793ac9e5] INFO  segmented.SegmentedRaftLogWorker (SegmentedRaftLogWorker.java:run(313)) - 44ff3c81-7686-42b4-8c4a-8f964f23b515-SegmentedRaftLogWorker:Storage Directory /workdir/hadoop-ozone/ozonefs/target/test-dir/MiniOzoneClusterImpl-ef25c7d6-713f-480d-a3e2-ca8e4934b2a4/datanode-0/data/ratis/c4892d36-ec78-4879-b69b-cb2f793ac9e5 was interrupted, exiting. There are 0 tasks remaining in the queue.
2019-09-19 09:52:01,767 [Thread-802] INFO  segmented.SegmentedRaftLogWorker (SegmentedRaftLogWorker.java:close(228)) - ee633067-66ce-44af-917e-6e63bc174d2a-SegmentedRaftLogWorker:Storage Directory /workdir/hadoop-ozone/ozonefs/target/test-dir/MiniOzoneClusterImpl-ef25c7d6-713f-480d-a3e2-ca8e4934b2a4/datanode-1/data/ratis/bf6adf91-d2f2-4248-a8a9-1be0f7864eba close()
2019-09-19 09:52:01,767 [ForkJoinPool.commonPool-worker-0] INFO  segmented.SegmentedRaftLogWorker (SegmentedRaftLogWorker.java:close(228)) - 44ff3c81-7686-42b4-8c4a-8f964f23b515-SegmentedRaftLogWorker:Storage Directory /workdir/hadoop-ozone/ozonefs/target/test-dir/MiniOzoneClusterImpl-ef25c7d6-713f-480d-a3e2-ca8e4934b2a4/datanode-0/data/ratis/c4892d36-ec78-4879-b69b-cb2f793ac9e5 close()
2019-09-19 09:52:01,769 [Thread-802] INFO  impl.RaftServerImpl (RaftServerImpl.java:lambda$shutdown$3(245)) - ee633067-66ce-44af-917e-6e63bc174d2a: shutdown group-2ACAAFA0427B
2019-09-19 09:52:01,771 [ForkJoinPool.commonPool-worker-0] INFO  impl.RaftServerImpl (RaftServerImpl.java:lambda$shutdown$3(245)) - 44ff3c81-7686-42b4-8c4a-8f964f23b515: shutdown group-C63629111274
2019-09-19 09:52:01,771 [Thread-802] INFO  util.JmxRegister (JmxRegister.java:unregister(73)) - Successfully un-registered JMX Bean with object name Ratis:service=RaftServer,group=group-2ACAAFA0427B,id=ee633067-66ce-44af-917e-6e63bc174d2a
2019-09-19 09:52:01,772 [Thread-802] INFO  impl.RoleInfo (RoleInfo.java:shutdownLeaderState(104)) - ee633067-66ce-44af-917e-6e63bc174d2a: shutdown LeaderState
2019-09-19 09:52:01,772 [ForkJoinPool.commonPool-worker-0] INFO  util.JmxRegister (JmxRegister.java:unregister(73)) - Successfully un-registered JMX Bean with object name Ratis:service=RaftServer,group=group-C63629111274,id=44ff3c81-7686-42b4-8c4a-8f964f23b515
2019-09-19 09:52:01,772 [Thread-802] INFO  impl.PendingRequests (PendingRequests.java:sendNotLeaderResponses(202)) - ee633067-66ce-44af-917e-6e63bc174d2a-PendingRequests: sendNotLeaderResponses
2019-09-19 09:52:01,772 [ForkJoinPool.commonPool-worker-0] INFO  impl.RoleInfo (RoleInfo.java:shutdownLeaderState(104)) - 44ff3c81-7686-42b4-8c4a-8f964f23b515: shutdown LeaderState
2019-09-19 09:52:01,773 [Thread-802] INFO  impl.StateMachineUpdater (StateMachineUpdater.java:stopAndJoin(115)) - StateMachineUpdater:ee633067-66ce-44af-917e-6e63bc174d2a:group-2ACAAFA0427B: set stopIndex = 0
2019-09-19 09:52:01,773 [ForkJoinPool.commonPool-worker-0] INFO  impl.PendingRequests (PendingRequests.java:sendNotLeaderResponses(202)) - 44ff3c81-7686-42b4-8c4a-8f964f23b515-PendingRequests: sendNotLeaderResponses
2019-09-19 09:52:01,773 [Thread-802] INFO  impl.RaftServerImpl (ServerState.java:close(394)) - ee633067-66ce-44af-917e-6e63bc174d2a:group-2ACAAFA0427B closes. The last applied log index is 0
2019-09-19 09:52:01,774 [ForkJoinPool.commonPool-worker-0] INFO  impl.StateMachineUpdater (StateMachineUpdater.java:stopAndJoin(115)) - StateMachineUpdater:44ff3c81-7686-42b4-8c4a-8f964f23b515:group-C63629111274: set stopIndex = 0
2019-09-19 09:52:01,774 [ee633067-66ce-44af-917e-6e63bc174d2a-SegmentedRaftLogWorker:Storage Directory /workdir/hadoop-ozone/ozonefs/target/test-dir/MiniOzoneClusterImpl-ef25c7d6-713f-480d-a3e2-ca8e4934b2a4/datanode-1/data/ratis/b2ff03c8-e04b-4b9a-ac10-2acaafa0427b] INFO  segmented.SegmentedRaftLogWorker (SegmentedRaftLogWorker.java:run(313)) - ee633067-66ce-44af-917e-6e63bc174d2a-SegmentedRaftLogWorker:Storage Directory /workdir/hadoop-ozone/ozonefs/target/test-dir/MiniOzoneClusterImpl-ef25c7d6-713f-480d-a3e2-ca8e4934b2a4/datanode-1/data/ratis/b2ff03c8-e04b-4b9a-ac10-2acaafa0427b was interrupted, exiting. There are 0 tasks remaining in the queue.
2019-09-19 09:52:01,774 [ForkJoinPool.commonPool-worker-0] INFO  impl.RaftServerImpl (ServerState.java:close(394)) - 44ff3c81-7686-42b4-8c4a-8f964f23b515:group-C63629111274 closes. The last applied log index is 0
2019-09-19 09:52:01,774 [Thread-802] INFO  segmented.SegmentedRaftLogWorker (SegmentedRaftLogWorker.java:close(228)) - ee633067-66ce-44af-917e-6e63bc174d2a-SegmentedRaftLogWorker:Storage Directory /workdir/hadoop-ozone/ozonefs/target/test-dir/MiniOzoneClusterImpl-ef25c7d6-713f-480d-a3e2-ca8e4934b2a4/datanode-1/data/ratis/b2ff03c8-e04b-4b9a-ac10-2acaafa0427b close()
2019-09-19 09:52:01,775 [44ff3c81-7686-42b4-8c4a-8f964f23b515-SegmentedRaftLogWorker:Storage Directory /workdir/hadoop-ozone/ozonefs/target/test-dir/MiniOzoneClusterImpl-ef25c7d6-713f-480d-a3e2-ca8e4934b2a4/datanode-0/data/ratis/4a466220-6519-4bca-89e6-c63629111274] INFO  segmented.SegmentedRaftLogWorker (SegmentedRaftLogWorker.java:run(313)) - 44ff3c81-7686-42b4-8c4a-8f964f23b515-SegmentedRaftLogWorker:Storage Directory /workdir/hadoop-ozone/ozonefs/target/test-dir/MiniOzoneClusterImpl-ef25c7d6-713f-480d-a3e2-ca8e4934b2a4/datanode-0/data/ratis/4a466220-6519-4bca-89e6-c63629111274 was interrupted, exiting. There are 0 tasks remaining in the queue.
2019-09-19 09:52:01,776 [Thread-802] INFO  impl.RaftServerImpl (RaftServerImpl.java:lambda$shutdown$3(245)) - ee633067-66ce-44af-917e-6e63bc174d2a: shutdown group-2F949899DE14
2019-09-19 09:52:01,776 [ForkJoinPool.commonPool-worker-0] INFO  segmented.SegmentedRaftLogWorker (SegmentedRaftLogWorker.java:close(228)) - 44ff3c81-7686-42b4-8c4a-8f964f23b515-SegmentedRaftLogWorker:Storage Directory /workdir/hadoop-ozone/ozonefs/target/test-dir/MiniOzoneClusterImpl-ef25c7d6-713f-480d-a3e2-ca8e4934b2a4/datanode-0/data/ratis/4a466220-6519-4bca-89e6-c63629111274 close()
2019-09-19 09:52:01,777 [Thread-802] INFO  util.JmxRegister (JmxRegister.java:unregister(73)) - Successfully un-registered JMX Bean with object name Ratis:service=RaftServer,group=group-2F949899DE14,id=ee633067-66ce-44af-917e-6e63bc174d2a
2019-09-19 09:52:01,778 [ForkJoinPool.commonPool-worker-0] INFO  impl.RaftServerImpl (RaftServerImpl.java:lambda$shutdown$3(245)) - 44ff3c81-7686-42b4-8c4a-8f964f23b515: shutdown group-2EB46BA3F1CC
2019-09-19 09:52:01,778 [Thread-802] INFO  impl.RoleInfo (RoleInfo.java:shutdownLeaderState(104)) - ee633067-66ce-44af-917e-6e63bc174d2a: shutdown LeaderState
2019-09-19 09:52:01,779 [ForkJoinPool.commonPool-worker-0] INFO  util.JmxRegister (JmxRegister.java:unregister(73)) - Successfully un-registered JMX Bean with object name Ratis:service=RaftServer,group=group-2EB46BA3F1CC,id=44ff3c81-7686-42b4-8c4a-8f964f23b515
2019-09-19 09:52:01,779 [Thread-802] INFO  impl.PendingRequests (PendingRequests.java:sendNotLeaderResponses(202)) - ee633067-66ce-44af-917e-6e63bc174d2a-PendingRequests: sendNotLeaderResponses
2019-09-19 09:52:01,779 [ForkJoinPool.commonPool-worker-0] INFO  impl.RoleInfo (RoleInfo.java:shutdownLeaderState(104)) - 44ff3c81-7686-42b4-8c4a-8f964f23b515: shutdown LeaderState
2019-09-19 09:52:01,781 [Thread-802] INFO  impl.StateMachineUpdater (StateMachineUpdater.java:stopAndJoin(115)) - StateMachineUpdater:ee633067-66ce-44af-917e-6e63bc174d2a:group-2F949899DE14: set stopIndex = 0
2019-09-19 09:52:01,781 [ForkJoinPool.commonPool-worker-0] INFO  impl.PendingRequests (PendingRequests.java:sendNotLeaderResponses(202)) - 44ff3c81-7686-42b4-8c4a-8f964f23b515-PendingRequests: sendNotLeaderResponses
2019-09-19 09:52:01,781 [Thread-802] INFO  impl.RaftServerImpl (ServerState.java:close(394)) - ee633067-66ce-44af-917e-6e63bc174d2a:group-2F949899DE14 closes. The last applied log index is 0
2019-09-19 09:52:01,782 [ForkJoinPool.commonPool-worker-0] INFO  impl.StateMachineUpdater (StateMachineUpdater.java:stopAndJoin(115)) - StateMachineUpdater:44ff3c81-7686-42b4-8c4a-8f964f23b515:group-2EB46BA3F1CC: set stopIndex = 0
2019-09-19 09:52:01,782 [ee633067-66ce-44af-917e-6e63bc174d2a-SegmentedRaftLogWorker:Storage Directory /workdir/hadoop-ozone/ozonefs/target/test-dir/MiniOzoneClusterImpl-ef25c7d6-713f-480d-a3e2-ca8e4934b2a4/datanode-1/data/ratis/049c7514-892c-402f-82b0-2f949899de14] INFO  segmented.SegmentedRaftLogWorker (SegmentedRaftLogWorker.java:run(313)) - ee633067-66ce-44af-917e-6e63bc174d2a-SegmentedRaftLogWorker:Storage Directory /workdir/hadoop-ozone/ozonefs/target/test-dir/MiniOzoneClusterImpl-ef25c7d6-713f-480d-a3e2-ca8e4934b2a4/datanode-1/data/ratis/049c7514-892c-402f-82b0-2f949899de14 was interrupted, exiting. There are 0 tasks remaining in the queue.
2019-09-19 09:52:01,782 [ForkJoinPool.commonPool-worker-0] INFO  impl.RaftServerImpl (ServerState.java:close(394)) - 44ff3c81-7686-42b4-8c4a-8f964f23b515:group-2EB46BA3F1CC closes. The last applied log index is 0
2019-09-19 09:52:01,782 [Thread-802] INFO  segmented.SegmentedRaftLogWorker (SegmentedRaftLogWorker.java:close(228)) - ee633067-66ce-44af-917e-6e63bc174d2a-SegmentedRaftLogWorker:Storage Directory /workdir/hadoop-ozone/ozonefs/target/test-dir/MiniOzoneClusterImpl-ef25c7d6-713f-480d-a3e2-ca8e4934b2a4/datanode-1/data/ratis/049c7514-892c-402f-82b0-2f949899de14 close()
2019-09-19 09:52:01,783 [44ff3c81-7686-42b4-8c4a-8f964f23b515-SegmentedRaftLogWorker:Storage Directory /workdir/hadoop-ozone/ozonefs/target/test-dir/MiniOzoneClusterImpl-ef25c7d6-713f-480d-a3e2-ca8e4934b2a4/datanode-0/data/ratis/9d75ef50-bd56-435f-8276-2eb46ba3f1cc] INFO  segmented.SegmentedRaftLogWorker (SegmentedRaftLogWorker.java:run(313)) - 44ff3c81-7686-42b4-8c4a-8f964f23b515-SegmentedRaftLogWorker:Storage Directory /workdir/hadoop-ozone/ozonefs/target/test-dir/MiniOzoneClusterImpl-ef25c7d6-713f-480d-a3e2-ca8e4934b2a4/datanode-0/data/ratis/9d75ef50-bd56-435f-8276-2eb46ba3f1cc was interrupted, exiting. There are 0 tasks remaining in the queue.
2019-09-19 09:52:01,784 [Thread-802] INFO  impl.RaftServerImpl (RaftServerImpl.java:lambda$shutdown$3(245)) - ee633067-66ce-44af-917e-6e63bc174d2a: shutdown group-7EC278A28FEB
2019-09-19 09:52:01,784 [ForkJoinPool.commonPool-worker-0] INFO  segmented.SegmentedRaftLogWorker (SegmentedRaftLogWorker.java:close(228)) - 44ff3c81-7686-42b4-8c4a-8f964f23b515-SegmentedRaftLogWorker:Storage Directory /workdir/hadoop-ozone/ozonefs/target/test-dir/MiniOzoneClusterImpl-ef25c7d6-713f-480d-a3e2-ca8e4934b2a4/datanode-0/data/ratis/9d75ef50-bd56-435f-8276-2eb46ba3f1cc close()
2019-09-19 09:52:01,784 [Thread-802] INFO  util.JmxRegister (JmxRegister.java:unregister(73)) - Successfully un-registered JMX Bean with object name Ratis:service=RaftServer,group=group-7EC278A28FEB,id=ee633067-66ce-44af-917e-6e63bc174d2a
2019-09-19 09:52:01,786 [ForkJoinPool.commonPool-worker-0] INFO  impl.RaftServerImpl (RaftServerImpl.java:lambda$shutdown$3(245)) - 44ff3c81-7686-42b4-8c4a-8f964f23b515: shutdown group-C81985C7A001
2019-09-19 09:52:01,786 [Thread-802] INFO  impl.RoleInfo (RoleInfo.java:shutdownLeaderState(104)) - ee633067-66ce-44af-917e-6e63bc174d2a: shutdown LeaderState
2019-09-19 09:52:01,786 [ForkJoinPool.commonPool-worker-0] INFO  util.JmxRegister (JmxRegister.java:unregister(73)) - Successfully un-registered JMX Bean with object name Ratis:service=RaftServer,group=group-C81985C7A001,id=44ff3c81-7686-42b4-8c4a-8f964f23b515
2019-09-19 09:52:01,787 [Thread-802] INFO  impl.PendingRequests (PendingRequests.java:sendNotLeaderResponses(202)) - ee633067-66ce-44af-917e-6e63bc174d2a-PendingRequests: sendNotLeaderResponses
2019-09-19 09:52:01,787 [ForkJoinPool.commonPool-worker-0] INFO  impl.RoleInfo (RoleInfo.java:shutdownLeaderState(104)) - 44ff3c81-7686-42b4-8c4a-8f964f23b515: shutdown LeaderState
2019-09-19 09:52:01,787 [Thread-802] INFO  impl.StateMachineUpdater (StateMachineUpdater.java:stopAndJoin(115)) - StateMachineUpdater:ee633067-66ce-44af-917e-6e63bc174d2a:group-7EC278A28FEB: set stopIndex = 0
2019-09-19 09:52:01,787 [ForkJoinPool.commonPool-worker-0] INFO  impl.PendingRequests (PendingRequests.java:sendNotLeaderResponses(202)) - 44ff3c81-7686-42b4-8c4a-8f964f23b515-PendingRequests: sendNotLeaderResponses
2019-09-19 09:52:01,788 [Thread-802] INFO  impl.RaftServerImpl (ServerState.java:close(394)) - ee633067-66ce-44af-917e-6e63bc174d2a:group-7EC278A28FEB closes. The last applied log index is 0
2019-09-19 09:52:01,788 [ForkJoinPool.commonPool-worker-0] INFO  impl.StateMachineUpdater (StateMachineUpdater.java:stopAndJoin(115)) - StateMachineUpdater:44ff3c81-7686-42b4-8c4a-8f964f23b515:group-C81985C7A001: set stopIndex = 0
2019-09-19 09:52:01,788 [ee633067-66ce-44af-917e-6e63bc174d2a-SegmentedRaftLogWorker:Storage Directory /workdir/hadoop-ozone/ozonefs/target/test-dir/MiniOzoneClusterImpl-ef25c7d6-713f-480d-a3e2-ca8e4934b2a4/datanode-1/data/ratis/98e0a270-8f9e-4466-929b-7ec278a28feb] INFO  segmented.SegmentedRaftLogWorker (SegmentedRaftLogWorker.java:run(313)) - ee633067-66ce-44af-917e-6e63bc174d2a-SegmentedRaftLogWorker:Storage Directory /workdir/hadoop-ozone/ozonefs/target/test-dir/MiniOzoneClusterImpl-ef25c7d6-713f-480d-a3e2-ca8e4934b2a4/datanode-1/data/ratis/98e0a270-8f9e-4466-929b-7ec278a28feb was interrupted, exiting. There are 0 tasks remaining in the queue.
2019-09-19 09:52:01,788 [ForkJoinPool.commonPool-worker-0] INFO  impl.RaftServerImpl (ServerState.java:close(394)) - 44ff3c81-7686-42b4-8c4a-8f964f23b515:group-C81985C7A001 closes. The last applied log index is 0
2019-09-19 09:52:01,789 [Thread-802] INFO  segmented.SegmentedRaftLogWorker (SegmentedRaftLogWorker.java:close(228)) - ee633067-66ce-44af-917e-6e63bc174d2a-SegmentedRaftLogWorker:Storage Directory /workdir/hadoop-ozone/ozonefs/target/test-dir/MiniOzoneClusterImpl-ef25c7d6-713f-480d-a3e2-ca8e4934b2a4/datanode-1/data/ratis/98e0a270-8f9e-4466-929b-7ec278a28feb close()
2019-09-19 09:52:01,789 [44ff3c81-7686-42b4-8c4a-8f964f23b515-SegmentedRaftLogWorker:Storage Directory /workdir/hadoop-ozone/ozonefs/target/test-dir/MiniOzoneClusterImpl-ef25c7d6-713f-480d-a3e2-ca8e4934b2a4/datanode-0/data/ratis/4e755017-51e8-4436-af6a-c81985c7a001] INFO  segmented.SegmentedRaftLogWorker (SegmentedRaftLogWorker.java:run(313)) - 44ff3c81-7686-42b4-8c4a-8f964f23b515-SegmentedRaftLogWorker:Storage Directory /workdir/hadoop-ozone/ozonefs/target/test-dir/MiniOzoneClusterImpl-ef25c7d6-713f-480d-a3e2-ca8e4934b2a4/datanode-0/data/ratis/4e755017-51e8-4436-af6a-c81985c7a001 was interrupted, exiting. There are 0 tasks remaining in the queue.
2019-09-19 09:52:01,790 [Thread-802] INFO  impl.RaftServerImpl (RaftServerImpl.java:lambda$shutdown$3(245)) - ee633067-66ce-44af-917e-6e63bc174d2a: shutdown group-52004A204A4C
2019-09-19 09:52:01,790 [ForkJoinPool.commonPool-worker-0] INFO  segmented.SegmentedRaftLogWorker (SegmentedRaftLogWorker.java:close(228)) - 44ff3c81-7686-42b4-8c4a-8f964f23b515-SegmentedRaftLogWorker:Storage Directory /workdir/hadoop-ozone/ozonefs/target/test-dir/MiniOzoneClusterImpl-ef25c7d6-713f-480d-a3e2-ca8e4934b2a4/datanode-0/data/ratis/4e755017-51e8-4436-af6a-c81985c7a001 close()
2019-09-19 09:52:01,791 [Thread-802] INFO  util.JmxRegister (JmxRegister.java:unregister(73)) - Successfully un-registered JMX Bean with object name Ratis:service=RaftServer,group=group-52004A204A4C,id=ee633067-66ce-44af-917e-6e63bc174d2a
2019-09-19 09:52:01,792 [ForkJoinPool.commonPool-worker-0] INFO  impl.RaftServerImpl (RaftServerImpl.java:lambda$shutdown$3(245)) - 44ff3c81-7686-42b4-8c4a-8f964f23b515: shutdown group-0DB3B13EB9C7
2019-09-19 09:52:01,792 [Thread-802] INFO  impl.RoleInfo (RoleInfo.java:shutdownLeaderState(104)) - ee633067-66ce-44af-917e-6e63bc174d2a: shutdown LeaderState
2019-09-19 09:52:01,793 [ForkJoinPool.commonPool-worker-0] INFO  util.JmxRegister (JmxRegister.java:unregister(73)) - Successfully un-registered JMX Bean with object name Ratis:service=RaftServer,group=group-0DB3B13EB9C7,id=44ff3c81-7686-42b4-8c4a-8f964f23b515
2019-09-19 09:52:01,793 [Thread-802] INFO  impl.PendingRequests (PendingRequests.java:sendNotLeaderResponses(202)) - ee633067-66ce-44af-917e-6e63bc174d2a-PendingRequests: sendNotLeaderResponses
2019-09-19 09:52:01,793 [ForkJoinPool.commonPool-worker-0] INFO  impl.RoleInfo (RoleInfo.java:shutdownLeaderState(104)) - 44ff3c81-7686-42b4-8c4a-8f964f23b515: shutdown LeaderState
2019-09-19 09:52:01,793 [Thread-802] INFO  impl.StateMachineUpdater (StateMachineUpdater.java:stopAndJoin(115)) - StateMachineUpdater:ee633067-66ce-44af-917e-6e63bc174d2a:group-52004A204A4C: set stopIndex = 0
2019-09-19 09:52:01,794 [ForkJoinPool.commonPool-worker-0] INFO  impl.PendingRequests (PendingRequests.java:sendNotLeaderResponses(202)) - 44ff3c81-7686-42b4-8c4a-8f964f23b515-PendingRequests: sendNotLeaderResponses
2019-09-19 09:52:01,794 [Thread-802] INFO  impl.RaftServerImpl (ServerState.java:close(394)) - ee633067-66ce-44af-917e-6e63bc174d2a:group-52004A204A4C closes. The last applied log index is 0
2019-09-19 09:52:01,794 [ForkJoinPool.commonPool-worker-0] INFO  impl.StateMachineUpdater (StateMachineUpdater.java:stopAndJoin(115)) - StateMachineUpdater:44ff3c81-7686-42b4-8c4a-8f964f23b515:group-0DB3B13EB9C7: set stopIndex = 0
2019-09-19 09:52:01,794 [ee633067-66ce-44af-917e-6e63bc174d2a-SegmentedRaftLogWorker:Storage Directory /workdir/hadoop-ozone/ozonefs/target/test-dir/MiniOzoneClusterImpl-ef25c7d6-713f-480d-a3e2-ca8e4934b2a4/datanode-1/data/ratis/02d76e7c-09d7-4189-9e77-52004a204a4c] INFO  segmented.SegmentedRaftLogWorker (SegmentedRaftLogWorker.java:run(313)) - ee633067-66ce-44af-917e-6e63bc174d2a-SegmentedRaftLogWorker:Storage Directory /workdir/hadoop-ozone/ozonefs/target/test-dir/MiniOzoneClusterImpl-ef25c7d6-713f-480d-a3e2-ca8e4934b2a4/datanode-1/data/ratis/02d76e7c-09d7-4189-9e77-52004a204a4c was interrupted, exiting. There are 0 tasks remaining in the queue.
2019-09-19 09:52:01,795 [ForkJoinPool.commonPool-worker-0] INFO  impl.RaftServerImpl (ServerState.java:close(394)) - 44ff3c81-7686-42b4-8c4a-8f964f23b515:group-0DB3B13EB9C7 closes. The last applied log index is 0
2019-09-19 09:52:01,795 [Thread-802] INFO  segmented.SegmentedRaftLogWorker (SegmentedRaftLogWorker.java:close(228)) - ee633067-66ce-44af-917e-6e63bc174d2a-SegmentedRaftLogWorker:Storage Directory /workdir/hadoop-ozone/ozonefs/target/test-dir/MiniOzoneClusterImpl-ef25c7d6-713f-480d-a3e2-ca8e4934b2a4/datanode-1/data/ratis/02d76e7c-09d7-4189-9e77-52004a204a4c close()
2019-09-19 09:52:01,795 [44ff3c81-7686-42b4-8c4a-8f964f23b515-SegmentedRaftLogWorker:Storage Directory /workdir/hadoop-ozone/ozonefs/target/test-dir/MiniOzoneClusterImpl-ef25c7d6-713f-480d-a3e2-ca8e4934b2a4/datanode-0/data/ratis/643e38cc-e35a-4825-95bb-0db3b13eb9c7] INFO  segmented.SegmentedRaftLogWorker (SegmentedRaftLogWorker.java:run(313)) - 44ff3c81-7686-42b4-8c4a-8f964f23b515-SegmentedRaftLogWorker:Storage Directory /workdir/hadoop-ozone/ozonefs/target/test-dir/MiniOzoneClusterImpl-ef25c7d6-713f-480d-a3e2-ca8e4934b2a4/datanode-0/data/ratis/643e38cc-e35a-4825-95bb-0db3b13eb9c7 was interrupted, exiting. There are 0 tasks remaining in the queue.
2019-09-19 09:52:01,796 [Thread-802] INFO  impl.RaftServerImpl (RaftServerImpl.java:lambda$shutdown$3(245)) - ee633067-66ce-44af-917e-6e63bc174d2a: shutdown group-B867725C5454
2019-09-19 09:52:01,797 [ForkJoinPool.commonPool-worker-0] INFO  segmented.SegmentedRaftLogWorker (SegmentedRaftLogWorker.java:close(228)) - 44ff3c81-7686-42b4-8c4a-8f964f23b515-SegmentedRaftLogWorker:Storage Directory /workdir/hadoop-ozone/ozonefs/target/test-dir/MiniOzoneClusterImpl-ef25c7d6-713f-480d-a3e2-ca8e4934b2a4/datanode-0/data/ratis/643e38cc-e35a-4825-95bb-0db3b13eb9c7 close()
2019-09-19 09:52:01,797 [Thread-802] INFO  util.JmxRegister (JmxRegister.java:unregister(73)) - Successfully un-registered JMX Bean with object name Ratis:service=RaftServer,group=group-B867725C5454,id=ee633067-66ce-44af-917e-6e63bc174d2a
2019-09-19 09:52:01,798 [ForkJoinPool.commonPool-worker-0] INFO  impl.RaftServerImpl (RaftServerImpl.java:lambda$shutdown$3(245)) - 44ff3c81-7686-42b4-8c4a-8f964f23b515: shutdown group-6CB7E8B40827
2019-09-19 09:52:01,798 [Thread-802] INFO  impl.RoleInfo (RoleInfo.java:shutdownLeaderState(104)) - ee633067-66ce-44af-917e-6e63bc174d2a: shutdown LeaderState
2019-09-19 09:52:01,799 [ForkJoinPool.commonPool-worker-0] INFO  util.JmxRegister (JmxRegister.java:unregister(73)) - Successfully un-registered JMX Bean with object name Ratis:service=RaftServer,group=group-6CB7E8B40827,id=44ff3c81-7686-42b4-8c4a-8f964f23b515
2019-09-19 09:52:01,799 [Thread-802] INFO  impl.PendingRequests (PendingRequests.java:sendNotLeaderResponses(202)) - ee633067-66ce-44af-917e-6e63bc174d2a-PendingRequests: sendNotLeaderResponses
2019-09-19 09:52:01,799 [ForkJoinPool.commonPool-worker-0] INFO  impl.RoleInfo (RoleInfo.java:shutdownLeaderState(104)) - 44ff3c81-7686-42b4-8c4a-8f964f23b515: shutdown LeaderState
2019-09-19 09:52:01,799 [Thread-802] INFO  impl.StateMachineUpdater (StateMachineUpdater.java:stopAndJoin(115)) - StateMachineUpdater:ee633067-66ce-44af-917e-6e63bc174d2a:group-B867725C5454: set stopIndex = 0
2019-09-19 09:52:01,800 [ForkJoinPool.commonPool-worker-0] INFO  impl.PendingRequests (PendingRequests.java:sendNotLeaderResponses(202)) - 44ff3c81-7686-42b4-8c4a-8f964f23b515-PendingRequests: sendNotLeaderResponses
2019-09-19 09:52:01,800 [Thread-802] INFO  impl.RaftServerImpl (ServerState.java:close(394)) - ee633067-66ce-44af-917e-6e63bc174d2a:group-B867725C5454 closes. The last applied log index is 0
2019-09-19 09:52:01,800 [ForkJoinPool.commonPool-worker-0] INFO  impl.StateMachineUpdater (StateMachineUpdater.java:stopAndJoin(115)) - StateMachineUpdater:44ff3c81-7686-42b4-8c4a-8f964f23b515:group-6CB7E8B40827: set stopIndex = 0
2019-09-19 09:52:01,800 [ee633067-66ce-44af-917e-6e63bc174d2a-SegmentedRaftLogWorker:Storage Directory /workdir/hadoop-ozone/ozonefs/target/test-dir/MiniOzoneClusterImpl-ef25c7d6-713f-480d-a3e2-ca8e4934b2a4/datanode-1/data/ratis/403f20ca-8a5e-4254-bd9f-b867725c5454] INFO  segmented.SegmentedRaftLogWorker (SegmentedRaftLogWorker.java:run(313)) - ee633067-66ce-44af-917e-6e63bc174d2a-SegmentedRaftLogWorker:Storage Directory /workdir/hadoop-ozone/ozonefs/target/test-dir/MiniOzoneClusterImpl-ef25c7d6-713f-480d-a3e2-ca8e4934b2a4/datanode-1/data/ratis/403f20ca-8a5e-4254-bd9f-b867725c5454 was interrupted, exiting. There are 0 tasks remaining in the queue.
2019-09-19 09:52:01,801 [ForkJoinPool.commonPool-worker-0] INFO  impl.RaftServerImpl (ServerState.java:close(394)) - 44ff3c81-7686-42b4-8c4a-8f964f23b515:group-6CB7E8B40827 closes. The last applied log index is 0
2019-09-19 09:52:01,801 [Thread-802] INFO  segmented.SegmentedRaftLogWorker (SegmentedRaftLogWorker.java:close(228)) - ee633067-66ce-44af-917e-6e63bc174d2a-SegmentedRaftLogWorker:Storage Directory /workdir/hadoop-ozone/ozonefs/target/test-dir/MiniOzoneClusterImpl-ef25c7d6-713f-480d-a3e2-ca8e4934b2a4/datanode-1/data/ratis/403f20ca-8a5e-4254-bd9f-b867725c5454 close()
2019-09-19 09:52:01,801 [44ff3c81-7686-42b4-8c4a-8f964f23b515-SegmentedRaftLogWorker:Storage Directory /workdir/hadoop-ozone/ozonefs/target/test-dir/MiniOzoneClusterImpl-ef25c7d6-713f-480d-a3e2-ca8e4934b2a4/datanode-0/data/ratis/48a11c96-a1bb-4b20-9455-6cb7e8b40827] INFO  segmented.SegmentedRaftLogWorker (SegmentedRaftLogWorker.java:run(313)) - 44ff3c81-7686-42b4-8c4a-8f964f23b515-SegmentedRaftLogWorker:Storage Directory /workdir/hadoop-ozone/ozonefs/target/test-dir/MiniOzoneClusterImpl-ef25c7d6-713f-480d-a3e2-ca8e4934b2a4/datanode-0/data/ratis/48a11c96-a1bb-4b20-9455-6cb7e8b40827 was interrupted, exiting. There are 0 tasks remaining in the queue.
2019-09-19 09:52:01,802 [Thread-802] INFO  server.GrpcService (GrpcService.java:closeImpl(155)) - ee633067-66ce-44af-917e-6e63bc174d2a: shutdown server with port 36770 now
2019-09-19 09:52:01,803 [ForkJoinPool.commonPool-worker-0] INFO  segmented.SegmentedRaftLogWorker (SegmentedRaftLogWorker.java:close(228)) - 44ff3c81-7686-42b4-8c4a-8f964f23b515-SegmentedRaftLogWorker:Storage Directory /workdir/hadoop-ozone/ozonefs/target/test-dir/MiniOzoneClusterImpl-ef25c7d6-713f-480d-a3e2-ca8e4934b2a4/datanode-0/data/ratis/48a11c96-a1bb-4b20-9455-6cb7e8b40827 close()
2019-09-19 09:52:01,804 [ForkJoinPool.commonPool-worker-0] INFO  server.GrpcService (GrpcService.java:closeImpl(155)) - 44ff3c81-7686-42b4-8c4a-8f964f23b515: shutdown server with port 46116 now
2019-09-19 09:52:01,804 [Thread-802] INFO  server.GrpcService (GrpcService.java:closeImpl(163)) - ee633067-66ce-44af-917e-6e63bc174d2a: shutdown server with port 36770 successfully
2019-09-19 09:52:01,805 [ForkJoinPool.commonPool-worker-0] INFO  server.GrpcService (GrpcService.java:closeImpl(163)) - 44ff3c81-7686-42b4-8c4a-8f964f23b515: shutdown server with port 46116 successfully
2019-09-19 09:52:01,807 [ForkJoinPool.commonPool-worker-0] INFO  utils.BackgroundService (BackgroundService.java:shutdown(148)) - Shutting down service BlockDeletingService
2019-09-19 09:52:01,809 [refreshUsed-/workdir/hadoop-ozone/ozonefs/target/test-dir/MiniOzoneClusterImpl-ef25c7d6-713f-480d-a3e2-ca8e4934b2a4/datanode-0/data/containers] WARN  fs.CachingGetSpaceUsed (CachingGetSpaceUsed.java:run(183)) - Thread Interrupted waiting to refresh disk information: sleep interrupted
2019-09-19 09:52:01,814 [Thread-802] INFO  utils.BackgroundService (BackgroundService.java:shutdown(148)) - Shutting down service BlockDeletingService
2019-09-19 09:52:01,815 [refreshUsed-/workdir/hadoop-ozone/ozonefs/target/test-dir/MiniOzoneClusterImpl-ef25c7d6-713f-480d-a3e2-ca8e4934b2a4/datanode-1/data/containers] WARN  fs.CachingGetSpaceUsed (CachingGetSpaceUsed.java:run(183)) - Thread Interrupted waiting to refresh disk information: sleep interrupted
2019-09-19 09:52:01,840 [ForkJoinPool.commonPool-worker-0] INFO  statemachine.DatanodeStateMachine (DatanodeStateMachine.java:stopDaemon(395)) - Ozone container server stopped.
2019-09-19 09:52:01,843 [Thread-802] INFO  statemachine.DatanodeStateMachine (DatanodeStateMachine.java:stopDaemon(395)) - Ozone container server stopped.
2019-09-19 09:52:01,845 [ForkJoinPool.commonPool-worker-0] INFO  handler.ContextHandler (ContextHandler.java:doStop(910)) - Stopped o.e.j.w.WebAppContext@cfceab9{/,null,UNAVAILABLE}{/hddsDatanode}
2019-09-19 09:52:01,845 [Thread-802] INFO  handler.ContextHandler (ContextHandler.java:doStop(910)) - Stopped o.e.j.w.WebAppContext@7801345e{/,null,UNAVAILABLE}{/hddsDatanode}
2019-09-19 09:52:01,845 [ForkJoinPool.commonPool-worker-0] INFO  server.AbstractConnector (AbstractConnector.java:doStop(318)) - Stopped ServerConnector@753fb96{HTTP/1.1,[http/1.1]}{0.0.0.0:0}
2019-09-19 09:52:01,849 [Thread-802] INFO  server.AbstractConnector (AbstractConnector.java:doStop(318)) - Stopped ServerConnector@72b724b3{HTTP/1.1,[http/1.1]}{0.0.0.0:0}
2019-09-19 09:52:01,849 [ForkJoinPool.commonPool-worker-0] INFO  handler.ContextHandler (ContextHandler.java:doStop(910)) - Stopped o.e.j.s.ServletContextHandler@68f60f6c{/static,jar:file:/home/user/.m2/repository/org/apache/hadoop/hadoop-hdds-container-service/0.5.0-SNAPSHOT/hadoop-hdds-container-service-0.5.0-SNAPSHOT.jar!/webapps/static,UNAVAILABLE}
2019-09-19 09:52:01,849 [Thread-802] INFO  handler.ContextHandler (ContextHandler.java:doStop(910)) - Stopped o.e.j.s.ServletContextHandler@b19ae6f{/static,jar:file:/home/user/.m2/repository/org/apache/hadoop/hadoop-hdds-container-service/0.5.0-SNAPSHOT/hadoop-hdds-container-service-0.5.0-SNAPSHOT.jar!/webapps/static,UNAVAILABLE}
2019-09-19 09:52:01,849 [ForkJoinPool.commonPool-worker-0] INFO  handler.ContextHandler (ContextHandler.java:doStop(910)) - Stopped o.e.j.s.ServletContextHandler@7a63f36c{/logs,file:///workdir/hadoop-ozone/ozonefs/target/log,UNAVAILABLE}
2019-09-19 09:52:01,850 [Thread-802] INFO  handler.ContextHandler (ContextHandler.java:doStop(910)) - Stopped o.e.j.s.ServletContextHandler@5986b799{/logs,file:///workdir/hadoop-ozone/ozonefs/target/log,UNAVAILABLE}
2019-09-19 09:52:01,851 [Thread-802] INFO  datanode.ObjectStoreHandler (ObjectStoreHandler.java:close(155)) - Closing ObjectStoreHandler.
2019-09-19 09:52:01,852 [Thread-802] INFO  ozone.HddsDatanodeService (HddsDatanodeService.java:stop(451)) - Stopped plug-in org.apache.hadoop.ozone.web.OzoneHddsDatanodeService@43bf7b36
2019-09-19 09:52:02,473 [Datanode State Machine Thread - 0] INFO  statemachine.DatanodeStateMachine (DatanodeStateMachine.java:lambda$startDaemon$0(350)) - Ozone container server started.
2019-09-19 09:52:06,853 [Thread-802] INFO  ozoneimpl.OzoneContainer (OzoneContainer.java:stop(199)) - Attempting to stop container services.
2019-09-19 09:52:06,854 [Thread-802] INFO  impl.RaftServerProxy (RaftServerProxy.java:lambda$close$4(314)) - b3b405db-e406-472f-a1bd-451d52c335eb: close
2019-09-19 09:52:06,854 [Thread-802] INFO  impl.RaftServerImpl (RaftServerImpl.java:lambda$shutdown$3(245)) - b3b405db-e406-472f-a1bd-451d52c335eb: shutdown group-72E1781A1B31
2019-09-19 09:52:06,855 [ForkJoinPool.commonPool-worker-1] INFO  impl.RaftServerImpl (RaftServerImpl.java:lambda$shutdown$3(245)) - b3b405db-e406-472f-a1bd-451d52c335eb: shutdown group-A9F91AA3CCBB
2019-09-19 09:52:06,855 [Thread-802] INFO  util.JmxRegister (JmxRegister.java:unregister(73)) - Successfully un-registered JMX Bean with object name Ratis:service=RaftServer,group=group-72E1781A1B31,id=b3b405db-e406-472f-a1bd-451d52c335eb
2019-09-19 09:52:06,855 [ForkJoinPool.commonPool-worker-1] INFO  util.JmxRegister (JmxRegister.java:unregister(73)) - Successfully un-registered JMX Bean with object name Ratis:service=RaftServer,group=group-A9F91AA3CCBB,id=b3b405db-e406-472f-a1bd-451d52c335eb
2019-09-19 09:52:06,855 [Thread-802] INFO  impl.RoleInfo (RoleInfo.java:shutdownLeaderState(104)) - b3b405db-e406-472f-a1bd-451d52c335eb: shutdown LeaderState
2019-09-19 09:52:06,856 [ForkJoinPool.commonPool-worker-1] INFO  impl.RoleInfo (RoleInfo.java:shutdownLeaderState(104)) - b3b405db-e406-472f-a1bd-451d52c335eb: shutdown LeaderState
2019-09-19 09:52:06,856 [Thread-802] INFO  impl.PendingRequests (PendingRequests.java:sendNotLeaderResponses(202)) - b3b405db-e406-472f-a1bd-451d52c335eb-PendingRequests: sendNotLeaderResponses
2019-09-19 09:52:06,856 [ForkJoinPool.commonPool-worker-1] INFO  impl.PendingRequests (PendingRequests.java:sendNotLeaderResponses(202)) - b3b405db-e406-472f-a1bd-451d52c335eb-PendingRequests: sendNotLeaderResponses
2019-09-19 09:52:06,857 [Thread-802] INFO  impl.StateMachineUpdater (StateMachineUpdater.java:stopAndJoin(115)) - StateMachineUpdater:b3b405db-e406-472f-a1bd-451d52c335eb:group-72E1781A1B31: set stopIndex = 0
2019-09-19 09:52:06,857 [ForkJoinPool.commonPool-worker-1] INFO  impl.StateMachineUpdater (StateMachineUpdater.java:stopAndJoin(115)) - StateMachineUpdater:b3b405db-e406-472f-a1bd-451d52c335eb:group-A9F91AA3CCBB: set stopIndex = 0
2019-09-19 09:52:06,857 [Thread-802] INFO  impl.RaftServerImpl (ServerState.java:close(394)) - b3b405db-e406-472f-a1bd-451d52c335eb:group-72E1781A1B31 closes. The last applied log index is 0
2019-09-19 09:52:06,858 [ForkJoinPool.commonPool-worker-1] INFO  impl.RaftServerImpl (ServerState.java:close(394)) - b3b405db-e406-472f-a1bd-451d52c335eb:group-A9F91AA3CCBB closes. The last applied log index is 0
2019-09-19 09:52:06,858 [b3b405db-e406-472f-a1bd-451d52c335eb-SegmentedRaftLogWorker:Storage Directory /workdir/hadoop-ozone/ozonefs/target/test-dir/MiniOzoneClusterImpl-ef25c7d6-713f-480d-a3e2-ca8e4934b2a4/datanode-2/data/ratis/7ff4d670-fd5d-4433-b222-72e1781a1b31] INFO  segmented.SegmentedRaftLogWorker (SegmentedRaftLogWorker.java:run(313)) - b3b405db-e406-472f-a1bd-451d52c335eb-SegmentedRaftLogWorker:Storage Directory /workdir/hadoop-ozone/ozonefs/target/test-dir/MiniOzoneClusterImpl-ef25c7d6-713f-480d-a3e2-ca8e4934b2a4/datanode-2/data/ratis/7ff4d670-fd5d-4433-b222-72e1781a1b31 was interrupted, exiting. There are 0 tasks remaining in the queue.
2019-09-19 09:52:06,858 [b3b405db-e406-472f-a1bd-451d52c335eb-SegmentedRaftLogWorker:Storage Directory /workdir/hadoop-ozone/ozonefs/target/test-dir/MiniOzoneClusterImpl-ef25c7d6-713f-480d-a3e2-ca8e4934b2a4/datanode-2/data/ratis/118279be-0d13-4123-8ae5-a9f91aa3ccbb] INFO  segmented.SegmentedRaftLogWorker (SegmentedRaftLogWorker.java:run(313)) - b3b405db-e406-472f-a1bd-451d52c335eb-SegmentedRaftLogWorker:Storage Directory /workdir/hadoop-ozone/ozonefs/target/test-dir/MiniOzoneClusterImpl-ef25c7d6-713f-480d-a3e2-ca8e4934b2a4/datanode-2/data/ratis/118279be-0d13-4123-8ae5-a9f91aa3ccbb was interrupted, exiting. There are 0 tasks remaining in the queue.
2019-09-19 09:52:06,859 [Thread-802] INFO  segmented.SegmentedRaftLogWorker (SegmentedRaftLogWorker.java:close(228)) - b3b405db-e406-472f-a1bd-451d52c335eb-SegmentedRaftLogWorker:Storage Directory /workdir/hadoop-ozone/ozonefs/target/test-dir/MiniOzoneClusterImpl-ef25c7d6-713f-480d-a3e2-ca8e4934b2a4/datanode-2/data/ratis/7ff4d670-fd5d-4433-b222-72e1781a1b31 close()
2019-09-19 09:52:06,859 [ForkJoinPool.commonPool-worker-1] INFO  segmented.SegmentedRaftLogWorker (SegmentedRaftLogWorker.java:close(228)) - b3b405db-e406-472f-a1bd-451d52c335eb-SegmentedRaftLogWorker:Storage Directory /workdir/hadoop-ozone/ozonefs/target/test-dir/MiniOzoneClusterImpl-ef25c7d6-713f-480d-a3e2-ca8e4934b2a4/datanode-2/data/ratis/118279be-0d13-4123-8ae5-a9f91aa3ccbb close()
2019-09-19 09:52:06,860 [Thread-802] INFO  impl.RaftServerImpl (RaftServerImpl.java:lambda$shutdown$3(245)) - b3b405db-e406-472f-a1bd-451d52c335eb: shutdown group-5F4EAB975C30
2019-09-19 09:52:06,861 [ForkJoinPool.commonPool-worker-1] INFO  impl.RaftServerImpl (RaftServerImpl.java:lambda$shutdown$3(245)) - b3b405db-e406-472f-a1bd-451d52c335eb: shutdown group-960D08241BE8
2019-09-19 09:52:06,862 [Thread-802] INFO  util.JmxRegister (JmxRegister.java:unregister(73)) - Successfully un-registered JMX Bean with object name Ratis:service=RaftServer,group=group-5F4EAB975C30,id=b3b405db-e406-472f-a1bd-451d52c335eb
2019-09-19 09:52:06,862 [ForkJoinPool.commonPool-worker-1] INFO  util.JmxRegister (JmxRegister.java:unregister(73)) - Successfully un-registered JMX Bean with object name Ratis:service=RaftServer,group=group-960D08241BE8,id=b3b405db-e406-472f-a1bd-451d52c335eb
2019-09-19 09:52:06,862 [Thread-802] INFO  impl.RoleInfo (RoleInfo.java:shutdownLeaderState(104)) - b3b405db-e406-472f-a1bd-451d52c335eb: shutdown LeaderState
2019-09-19 09:52:06,862 [ForkJoinPool.commonPool-worker-1] INFO  impl.RoleInfo (RoleInfo.java:shutdownLeaderState(104)) - b3b405db-e406-472f-a1bd-451d52c335eb: shutdown LeaderState
2019-09-19 09:52:06,863 [Thread-802] INFO  impl.PendingRequests (PendingRequests.java:sendNotLeaderResponses(202)) - b3b405db-e406-472f-a1bd-451d52c335eb-PendingRequests: sendNotLeaderResponses
2019-09-19 09:52:06,863 [ForkJoinPool.commonPool-worker-1] INFO  impl.PendingRequests (PendingRequests.java:sendNotLeaderResponses(202)) - b3b405db-e406-472f-a1bd-451d52c335eb-PendingRequests: sendNotLeaderResponses
2019-09-19 09:52:06,863 [Thread-802] INFO  impl.StateMachineUpdater (StateMachineUpdater.java:stopAndJoin(115)) - StateMachineUpdater:b3b405db-e406-472f-a1bd-451d52c335eb:group-5F4EAB975C30: set stopIndex = 0
2019-09-19 09:52:06,864 [ForkJoinPool.commonPool-worker-1] INFO  impl.StateMachineUpdater (StateMachineUpdater.java:stopAndJoin(115)) - StateMachineUpdater:b3b405db-e406-472f-a1bd-451d52c335eb:group-960D08241BE8: set stopIndex = 0
2019-09-19 09:52:06,864 [ForkJoinPool.commonPool-worker-1] INFO  impl.RaftServerImpl (ServerState.java:close(394)) - b3b405db-e406-472f-a1bd-451d52c335eb:group-960D08241BE8 closes. The last applied log index is 0
2019-09-19 09:52:06,864 [Thread-802] INFO  impl.RaftServerImpl (ServerState.java:close(394)) - b3b405db-e406-472f-a1bd-451d52c335eb:group-5F4EAB975C30 closes. The last applied log index is 0
2019-09-19 09:52:06,865 [b3b405db-e406-472f-a1bd-451d52c335eb-SegmentedRaftLogWorker:Storage Directory /workdir/hadoop-ozone/ozonefs/target/test-dir/MiniOzoneClusterImpl-ef25c7d6-713f-480d-a3e2-ca8e4934b2a4/datanode-2/data/ratis/541bc164-67e5-4fac-bd7f-960d08241be8] INFO  segmented.SegmentedRaftLogWorker (SegmentedRaftLogWorker.java:run(313)) - b3b405db-e406-472f-a1bd-451d52c335eb-SegmentedRaftLogWorker:Storage Directory /workdir/hadoop-ozone/ozonefs/target/test-dir/MiniOzoneClusterImpl-ef25c7d6-713f-480d-a3e2-ca8e4934b2a4/datanode-2/data/ratis/541bc164-67e5-4fac-bd7f-960d08241be8 was interrupted, exiting. There are 0 tasks remaining in the queue.
2019-09-19 09:52:06,865 [b3b405db-e406-472f-a1bd-451d52c335eb-SegmentedRaftLogWorker:Storage Directory /workdir/hadoop-ozone/ozonefs/target/test-dir/MiniOzoneClusterImpl-ef25c7d6-713f-480d-a3e2-ca8e4934b2a4/datanode-2/data/ratis/90adc2ab-dd6c-4f51-8650-5f4eab975c30] INFO  segmented.SegmentedRaftLogWorker (SegmentedRaftLogWorker.java:run(313)) - b3b405db-e406-472f-a1bd-451d52c335eb-SegmentedRaftLogWorker:Storage Directory /workdir/hadoop-ozone/ozonefs/target/test-dir/MiniOzoneClusterImpl-ef25c7d6-713f-480d-a3e2-ca8e4934b2a4/datanode-2/data/ratis/90adc2ab-dd6c-4f51-8650-5f4eab975c30 was interrupted, exiting. There are 0 tasks remaining in the queue.
2019-09-19 09:52:06,865 [ForkJoinPool.commonPool-worker-1] INFO  segmented.SegmentedRaftLogWorker (SegmentedRaftLogWorker.java:close(228)) - b3b405db-e406-472f-a1bd-451d52c335eb-SegmentedRaftLogWorker:Storage Directory /workdir/hadoop-ozone/ozonefs/target/test-dir/MiniOzoneClusterImpl-ef25c7d6-713f-480d-a3e2-ca8e4934b2a4/datanode-2/data/ratis/541bc164-67e5-4fac-bd7f-960d08241be8 close()
2019-09-19 09:52:06,865 [Thread-802] INFO  segmented.SegmentedRaftLogWorker (SegmentedRaftLogWorker.java:close(228)) - b3b405db-e406-472f-a1bd-451d52c335eb-SegmentedRaftLogWorker:Storage Directory /workdir/hadoop-ozone/ozonefs/target/test-dir/MiniOzoneClusterImpl-ef25c7d6-713f-480d-a3e2-ca8e4934b2a4/datanode-2/data/ratis/90adc2ab-dd6c-4f51-8650-5f4eab975c30 close()
2019-09-19 09:52:06,866 [ForkJoinPool.commonPool-worker-1] INFO  impl.RaftServerImpl (RaftServerImpl.java:lambda$shutdown$3(245)) - b3b405db-e406-472f-a1bd-451d52c335eb: shutdown group-801AB1859E78
2019-09-19 09:52:06,868 [ForkJoinPool.commonPool-worker-1] INFO  util.JmxRegister (JmxRegister.java:unregister(73)) - Successfully un-registered JMX Bean with object name Ratis:service=RaftServer,group=group-801AB1859E78,id=b3b405db-e406-472f-a1bd-451d52c335eb
2019-09-19 09:52:06,868 [ForkJoinPool.commonPool-worker-1] INFO  impl.RoleInfo (RoleInfo.java:shutdownLeaderState(104)) - b3b405db-e406-472f-a1bd-451d52c335eb: shutdown LeaderState
2019-09-19 09:52:06,868 [ForkJoinPool.commonPool-worker-1] INFO  impl.PendingRequests (PendingRequests.java:sendNotLeaderResponses(202)) - b3b405db-e406-472f-a1bd-451d52c335eb-PendingRequests: sendNotLeaderResponses
2019-09-19 09:52:06,868 [ForkJoinPool.commonPool-worker-1] INFO  impl.StateMachineUpdater (StateMachineUpdater.java:stopAndJoin(115)) - StateMachineUpdater:b3b405db-e406-472f-a1bd-451d52c335eb:group-801AB1859E78: set stopIndex = 0
2019-09-19 09:52:06,869 [ForkJoinPool.commonPool-worker-1] INFO  impl.RaftServerImpl (ServerState.java:close(394)) - b3b405db-e406-472f-a1bd-451d52c335eb:group-801AB1859E78 closes. The last applied log index is 0
2019-09-19 09:52:06,869 [b3b405db-e406-472f-a1bd-451d52c335eb-SegmentedRaftLogWorker:Storage Directory /workdir/hadoop-ozone/ozonefs/target/test-dir/MiniOzoneClusterImpl-ef25c7d6-713f-480d-a3e2-ca8e4934b2a4/datanode-2/data/ratis/ea09a4c9-e004-440d-9243-801ab1859e78] INFO  segmented.SegmentedRaftLogWorker (SegmentedRaftLogWorker.java:run(313)) - b3b405db-e406-472f-a1bd-451d52c335eb-SegmentedRaftLogWorker:Storage Directory /workdir/hadoop-ozone/ozonefs/target/test-dir/MiniOzoneClusterImpl-ef25c7d6-713f-480d-a3e2-ca8e4934b2a4/datanode-2/data/ratis/ea09a4c9-e004-440d-9243-801ab1859e78 was interrupted, exiting. There are 0 tasks remaining in the queue.
2019-09-19 09:52:06,869 [ForkJoinPool.commonPool-worker-1] INFO  segmented.SegmentedRaftLogWorker (SegmentedRaftLogWorker.java:close(228)) - b3b405db-e406-472f-a1bd-451d52c335eb-SegmentedRaftLogWorker:Storage Directory /workdir/hadoop-ozone/ozonefs/target/test-dir/MiniOzoneClusterImpl-ef25c7d6-713f-480d-a3e2-ca8e4934b2a4/datanode-2/data/ratis/ea09a4c9-e004-440d-9243-801ab1859e78 close()
2019-09-19 09:52:06,870 [ForkJoinPool.commonPool-worker-1] INFO  impl.RaftServerImpl (RaftServerImpl.java:lambda$shutdown$3(245)) - b3b405db-e406-472f-a1bd-451d52c335eb: shutdown group-ACB4687D2648
2019-09-19 09:52:06,871 [ForkJoinPool.commonPool-worker-1] INFO  util.JmxRegister (JmxRegister.java:unregister(73)) - Successfully un-registered JMX Bean with object name Ratis:service=RaftServer,group=group-ACB4687D2648,id=b3b405db-e406-472f-a1bd-451d52c335eb
2019-09-19 09:52:06,871 [ForkJoinPool.commonPool-worker-1] INFO  impl.RoleInfo (RoleInfo.java:shutdownLeaderState(104)) - b3b405db-e406-472f-a1bd-451d52c335eb: shutdown LeaderState
2019-09-19 09:52:06,871 [ForkJoinPool.commonPool-worker-1] INFO  impl.PendingRequests (PendingRequests.java:sendNotLeaderResponses(202)) - b3b405db-e406-472f-a1bd-451d52c335eb-PendingRequests: sendNotLeaderResponses
2019-09-19 09:52:06,871 [ForkJoinPool.commonPool-worker-1] INFO  impl.StateMachineUpdater (StateMachineUpdater.java:stopAndJoin(115)) - StateMachineUpdater:b3b405db-e406-472f-a1bd-451d52c335eb:group-ACB4687D2648: set stopIndex = 0
2019-09-19 09:52:06,872 [ForkJoinPool.commonPool-worker-1] INFO  impl.RaftServerImpl (ServerState.java:close(394)) - b3b405db-e406-472f-a1bd-451d52c335eb:group-ACB4687D2648 closes. The last applied log index is 0
2019-09-19 09:52:06,872 [b3b405db-e406-472f-a1bd-451d52c335eb-SegmentedRaftLogWorker:Storage Directory /workdir/hadoop-ozone/ozonefs/target/test-dir/MiniOzoneClusterImpl-ef25c7d6-713f-480d-a3e2-ca8e4934b2a4/datanode-2/data/ratis/7592d1a3-8c64-49da-8891-acb4687d2648] INFO  segmented.SegmentedRaftLogWorker (SegmentedRaftLogWorker.java:run(313)) - b3b405db-e406-472f-a1bd-451d52c335eb-SegmentedRaftLogWorker:Storage Directory /workdir/hadoop-ozone/ozonefs/target/test-dir/MiniOzoneClusterImpl-ef25c7d6-713f-480d-a3e2-ca8e4934b2a4/datanode-2/data/ratis/7592d1a3-8c64-49da-8891-acb4687d2648 was interrupted, exiting. There are 0 tasks remaining in the queue.
2019-09-19 09:52:06,872 [ForkJoinPool.commonPool-worker-1] INFO  segmented.SegmentedRaftLogWorker (SegmentedRaftLogWorker.java:close(228)) - b3b405db-e406-472f-a1bd-451d52c335eb-SegmentedRaftLogWorker:Storage Directory /workdir/hadoop-ozone/ozonefs/target/test-dir/MiniOzoneClusterImpl-ef25c7d6-713f-480d-a3e2-ca8e4934b2a4/datanode-2/data/ratis/7592d1a3-8c64-49da-8891-acb4687d2648 close()
2019-09-19 09:52:06,873 [Thread-802] INFO  server.GrpcService (GrpcService.java:closeImpl(155)) - b3b405db-e406-472f-a1bd-451d52c335eb: shutdown server with port 44675 now
2019-09-19 09:52:06,875 [Thread-802] INFO  server.GrpcService (GrpcService.java:closeImpl(163)) - b3b405db-e406-472f-a1bd-451d52c335eb: shutdown server with port 44675 successfully
2019-09-19 09:52:06,877 [Thread-802] INFO  utils.BackgroundService (BackgroundService.java:shutdown(148)) - Shutting down service BlockDeletingService
2019-09-19 09:52:06,878 [refreshUsed-/workdir/hadoop-ozone/ozonefs/target/test-dir/MiniOzoneClusterImpl-ef25c7d6-713f-480d-a3e2-ca8e4934b2a4/datanode-2/data/containers] WARN  fs.CachingGetSpaceUsed (CachingGetSpaceUsed.java:run(183)) - Thread Interrupted waiting to refresh disk information: sleep interrupted
2019-09-19 09:52:07,242 [Thread-802] INFO  statemachine.DatanodeStateMachine (DatanodeStateMachine.java:stopDaemon(395)) - Ozone container server stopped.
2019-09-19 09:52:07,244 [Thread-802] INFO  handler.ContextHandler (ContextHandler.java:doStop(910)) - Stopped o.e.j.w.WebAppContext@50677df7{/,null,UNAVAILABLE}{/hddsDatanode}
2019-09-19 09:52:07,245 [Thread-802] INFO  server.AbstractConnector (AbstractConnector.java:doStop(318)) - Stopped ServerConnector@28d3dfdd{HTTP/1.1,[http/1.1]}{0.0.0.0:0}
2019-09-19 09:52:07,245 [Thread-802] INFO  handler.ContextHandler (ContextHandler.java:doStop(910)) - Stopped o.e.j.s.ServletContextHandler@40760414{/static,jar:file:/home/user/.m2/repository/org/apache/hadoop/hadoop-hdds-container-service/0.5.0-SNAPSHOT/hadoop-hdds-container-service-0.5.0-SNAPSHOT.jar!/webapps/static,UNAVAILABLE}
2019-09-19 09:52:07,246 [Thread-802] INFO  handler.ContextHandler (ContextHandler.java:doStop(910)) - Stopped o.e.j.s.ServletContextHandler@2341fb6f{/logs,file:///workdir/hadoop-ozone/ozonefs/target/log,UNAVAILABLE}
2019-09-19 09:52:07,247 [Thread-802] INFO  ozone.MiniOzoneClusterImpl (MiniOzoneClusterImpl.java:stop(353)) - Stopping the StorageContainerManager
2019-09-19 09:52:07,247 [Thread-802] INFO  server.StorageContainerManager (StorageContainerManager.java:stop(797)) - Stopping Replication Manager Service.
2019-09-19 09:52:07,247 [Thread-802] INFO  container.ReplicationManager (ReplicationManager.java:stop(192)) - Stopping Replication Monitor Thread.
2019-09-19 09:52:07,247 [Thread-802] INFO  server.StorageContainerManager (StorageContainerManager.java:stop(804)) - Stopping Lease Manager of the command watchers
2019-09-19 09:52:07,248 [Thread-802] INFO  server.StorageContainerManager (StorageContainerManager.java:stop(811)) - Stopping datanode service RPC server
2019-09-19 09:52:07,248 [Thread-802] INFO  server.SCMDatanodeProtocolServer (SCMDatanodeProtocolServer.java:stop(367)) - Stopping the RPC server for DataNodes
2019-09-19 09:52:07,248 [Thread-802] INFO  ipc.Server (Server.java:stop(3082)) - Stopping server on 45755
2019-09-19 09:52:07,249 [IPC Server listener on 45755] INFO  ipc.Server (Server.java:run(1185)) - Stopping IPC Server listener on 45755
2019-09-19 09:52:07,250 [IPC Server Responder] INFO  ipc.Server (Server.java:run(1319)) - Stopping IPC Server Responder
2019-09-19 09:52:07,295 [SCM Heartbeat Processing Thread - 0] WARN  node.NodeStateManager (NodeStateManager.java:scheduleNextHealthCheck(655)) - Current Thread is interrupted, shutting down HB processing thread for Node Manager.
2019-09-19 09:52:07,296 [Thread-802] INFO  server.StorageContainerManager (StorageContainerManager.java:stop(819)) - Stopping block service RPC server
2019-09-19 09:52:07,296 [Thread-802] INFO  server.SCMBlockProtocolServer (SCMBlockProtocolServer.java:stop(148)) - Stopping the RPC server for Block Protocol
2019-09-19 09:52:07,296 [Thread-802] INFO  ipc.Server (Server.java:stop(3082)) - Stopping server on 45357
2019-09-19 09:52:07,297 [Thread-802] INFO  server.StorageContainerManager (StorageContainerManager.java:stop(826)) - Stopping the StorageContainerLocationProtocol RPC server
2019-09-19 09:52:07,297 [Thread-802] INFO  server.SCMClientProtocolServer (SCMClientProtocolServer.java:stop(159)) - Stopping the RPC server for Client Protocol
2019-09-19 09:52:07,298 [Thread-802] INFO  ipc.Server (Server.java:stop(3082)) - Stopping server on 35034
2019-09-19 09:52:07,298 [IPC Server listener on 45357] INFO  ipc.Server (Server.java:run(1185)) - Stopping IPC Server listener on 45357
2019-09-19 09:52:07,298 [IPC Server Responder] INFO  ipc.Server (Server.java:run(1319)) - Stopping IPC Server Responder
2019-09-19 09:52:07,300 [IPC Server listener on 35034] INFO  ipc.Server (Server.java:run(1185)) - Stopping IPC Server listener on 35034
2019-09-19 09:52:07,300 [Thread-802] INFO  server.StorageContainerManager (StorageContainerManager.java:stop(833)) - Stopping Storage Container Manager HTTP server.
2019-09-19 09:52:07,301 [IPC Server Responder] INFO  ipc.Server (Server.java:run(1319)) - Stopping IPC Server Responder
2019-09-19 09:52:07,302 [Thread-802] INFO  handler.ContextHandler (ContextHandler.java:doStop(910)) - Stopped o.e.j.w.WebAppContext@7438eaa4{/,null,UNAVAILABLE}{/scm}
2019-09-19 09:52:07,303 [Thread-802] INFO  server.AbstractConnector (AbstractConnector.java:doStop(318)) - Stopped ServerConnector@342bc2c3{HTTP/1.1,[http/1.1]}{0.0.0.0:0}
2019-09-19 09:52:07,303 [Thread-802] INFO  handler.ContextHandler (ContextHandler.java:doStop(910)) - Stopped o.e.j.s.ServletContextHandler@20491e78{/static,jar:file:/home/user/.m2/repository/org/apache/hadoop/hadoop-hdds-server-scm/0.5.0-SNAPSHOT/hadoop-hdds-server-scm-0.5.0-SNAPSHOT.jar!/webapps/static,UNAVAILABLE}
2019-09-19 09:52:07,303 [Thread-802] INFO  handler.ContextHandler (ContextHandler.java:doStop(910)) - Stopped o.e.j.s.ServletContextHandler@60487548{/logs,file:///workdir/hadoop-ozone/ozonefs/target/log,UNAVAILABLE}
2019-09-19 09:52:07,304 [Thread-802] INFO  server.StorageContainerManager (StorageContainerManager.java:stop(844)) - Stopping Block Manager Service.
2019-09-19 09:52:07,304 [Thread-802] INFO  utils.BackgroundService (BackgroundService.java:shutdown(148)) - Shutting down service SCMBlockDeletingService
2019-09-19 09:52:07,305 [Thread-802] INFO  utils.BackgroundService (BackgroundService.java:shutdown(148)) - Shutting down service SCMBlockDeletingService
2019-09-19 09:52:07,305 [Thread-802] INFO  server.StorageContainerManager (StorageContainerManager.java:stop(866)) - Stopping SCM Event Queue.
2019-09-19 09:52:07,309 [Thread-802] INFO  impl.MetricsSystemImpl (MetricsSystemImpl.java:stop(210)) - Stopping HddsDatanode metrics system...
2019-09-19 09:52:07,318 [Thread-802] INFO  impl.MetricsSystemImpl (MetricsSystemImpl.java:stop(216)) - HddsDatanode metrics system stopped.
]]></system-out>
    <system-err><![CDATA[Sep 19, 2019 9:51:50 AM com.sun.jersey.server.impl.application.WebApplicationImpl _initiate
INFO: Initiating Jersey application, version 'Jersey: 1.19 02/11/2015 03:25 AM'
Sep 19, 2019 9:51:51 AM com.sun.jersey.server.impl.application.WebApplicationImpl _initiate
INFO: Initiating Jersey application, version 'Jersey: 1.19 02/11/2015 03:25 AM'
Sep 19, 2019 9:51:51 AM com.sun.jersey.server.impl.application.WebApplicationImpl _initiate
INFO: Initiating Jersey application, version 'Jersey: 1.19 02/11/2015 03:25 AM'
Sep 19, 2019 9:51:56 AM com.sun.jersey.server.impl.application.WebApplicationImpl _initiate
INFO: Initiating Jersey application, version 'Jersey: 1.19 02/11/2015 03:25 AM'
]]></system-err>
  </testcase>
  <testcase name="testCreateDoesNotAddParentDirKeys" classname="org.apache.hadoop.fs.ozone.TestOzoneFileSystem" time="17.378">
    <error message="Allocated 0 blocks. Requested 1 blocks" type="INTERNAL_ERROR org.apache.hadoop.ozone.om.exceptions.OMException">INTERNAL_ERROR org.apache.hadoop.ozone.om.exceptions.OMException: Allocated 0 blocks. Requested 1 blocks
	at org.apache.hadoop.ozone.om.protocolPB.OzoneManagerProtocolClientSideTranslatorPB.handleError(OzoneManagerProtocolClientSideTranslatorPB.java:725)
	at org.apache.hadoop.ozone.om.protocolPB.OzoneManagerProtocolClientSideTranslatorPB.createFile(OzoneManagerProtocolClientSideTranslatorPB.java:1474)
	at org.apache.hadoop.ozone.client.rpc.RpcClient.createFile(RpcClient.java:984)
	at org.apache.hadoop.ozone.client.OzoneBucket.createFile(OzoneBucket.java:535)
	at org.apache.hadoop.fs.ozone.BasicOzoneClientAdapterImpl.createFile(BasicOzoneClientAdapterImpl.java:181)
	at org.apache.hadoop.fs.ozone.BasicOzoneFileSystem.createOutputStream(BasicOzoneFileSystem.java:249)
	at org.apache.hadoop.fs.ozone.BasicOzoneFileSystem.create(BasicOzoneFileSystem.java:230)
	at org.apache.hadoop.fs.FileSystem.create(FileSystem.java:1118)
	at org.apache.hadoop.fs.FileSystem.create(FileSystem.java:1098)
	at org.apache.hadoop.fs.FileSystem.create(FileSystem.java:987)
	at org.apache.hadoop.fs.contract.ContractTestUtils.createFile(ContractTestUtils.java:633)
	at org.apache.hadoop.fs.contract.ContractTestUtils.touch(ContractTestUtils.java:669)
	at org.apache.hadoop.fs.ozone.TestOzoneFileSystem.testCreateDoesNotAddParentDirKeys(TestOzoneFileSystem.java:130)
	at sun.reflect.NativeMethodAccessorImpl.invoke0(Native Method)
	at sun.reflect.NativeMethodAccessorImpl.invoke(NativeMethodAccessorImpl.java:62)
	at sun.reflect.DelegatingMethodAccessorImpl.invoke(DelegatingMethodAccessorImpl.java:43)
	at java.lang.reflect.Method.invoke(Method.java:498)
	at org.junit.runners.model.FrameworkMethod$1.runReflectiveCall(FrameworkMethod.java:47)
	at org.junit.internal.runners.model.ReflectiveCallable.run(ReflectiveCallable.java:12)
	at org.junit.runners.model.FrameworkMethod.invokeExplosively(FrameworkMethod.java:44)
	at org.junit.internal.runners.statements.InvokeMethod.evaluate(InvokeMethod.java:17)
	at org.junit.internal.runners.statements.RunBefores.evaluate(RunBefores.java:26)
	at org.junit.internal.runners.statements.RunAfters.evaluate(RunAfters.java:27)
	at org.junit.internal.runners.statements.FailOnTimeout$StatementThread.run(FailOnTimeout.java:74)
</error>
    <system-out><![CDATA[2019-09-19 09:52:07,356 [Thread-1068] WARN  server.ServerUtils (ServerUtils.java:getScmDbDir(145)) - ozone.scm.db.dirs is not configured. We recommend adding this setting. Falling back to ozone.metadata.dirs instead.
2019-09-19 09:52:07,371 [Thread-1068] WARN  server.ServerUtils (ServerUtils.java:getScmDbDir(145)) - ozone.scm.db.dirs is not configured. We recommend adding this setting. Falling back to ozone.metadata.dirs instead.
2019-09-19 09:52:07,372 [Thread-1068] WARN  server.ServerUtils (ServerUtils.java:getScmDbDir(145)) - ozone.scm.db.dirs is not configured. We recommend adding this setting. Falling back to ozone.metadata.dirs instead.
2019-09-19 09:52:07,372 [Thread-1068] INFO  db.DBStoreBuilder (DBStoreBuilder.java:addTable(110)) - using custom profile for table: deletedBlocks
2019-09-19 09:52:07,372 [Thread-1068] INFO  db.DBStoreBuilder (DBStoreBuilder.java:processTables(161)) - Using default column profile:DBProfile.DISK for Table:deletedBlocks
2019-09-19 09:52:07,373 [Thread-1068] INFO  db.DBStoreBuilder (DBStoreBuilder.java:addTable(110)) - using custom profile for table: validCerts
2019-09-19 09:52:07,373 [Thread-1068] INFO  db.DBStoreBuilder (DBStoreBuilder.java:processTables(161)) - Using default column profile:DBProfile.DISK for Table:validCerts
2019-09-19 09:52:07,373 [Thread-1068] INFO  db.DBStoreBuilder (DBStoreBuilder.java:addTable(110)) - using custom profile for table: revokedCerts
2019-09-19 09:52:07,373 [Thread-1068] INFO  db.DBStoreBuilder (DBStoreBuilder.java:processTables(161)) - Using default column profile:DBProfile.DISK for Table:revokedCerts
2019-09-19 09:52:07,373 [Thread-1068] INFO  db.DBStoreBuilder (DBStoreBuilder.java:addTable(110)) - using custom profile for table: default
2019-09-19 09:52:07,374 [Thread-1068] INFO  db.DBStoreBuilder (DBStoreBuilder.java:processTables(167)) - Using default column profile:DBProfile.DISK for Table:default
2019-09-19 09:52:07,374 [Thread-1068] INFO  db.DBStoreBuilder (DBStoreBuilder.java:getDbProfile(198)) - Using default options. DBProfile.DISK
2019-09-19 09:52:07,541 [Thread-1068] INFO  net.NodeSchemaLoader (NodeSchemaLoader.java:loadSchemaFromFile(125)) - Loading file from sun.misc.CompoundEnumeration@3b12f04
2019-09-19 09:52:07,541 [Thread-1068] INFO  net.NodeSchemaLoader (NodeSchemaLoader.java:loadSchema(171)) - Loading network topology layer schema file
2019-09-19 09:52:07,546 [Thread-1068] WARN  server.ServerUtils (ServerUtils.java:sanitizeUserArgs(70)) - ozone.scm.stale.node.interval value = 300000 is larger than max = 100000 based on the key value of ozone.scm.heartbeat.thread.interval, reset to the max value 100000.
2019-09-19 09:52:07,546 [Thread-1068] WARN  server.ServerUtils (ServerUtils.java:sanitizeUserArgs(70)) - ozone.scm.stale.node.interval value = 300000 is larger than max = 100000 based on the key value of ozone.scm.heartbeat.thread.interval, reset to the max value 100000.
2019-09-19 09:52:07,546 [Thread-1068] INFO  node.SCMNodeManager (SCMNodeManager.java:<init>(121)) - Entering startup safe mode.
2019-09-19 09:52:07,547 [Thread-1068] INFO  algorithms.ContainerPlacementPolicyFactory (ContainerPlacementPolicyFactory.java:getPolicy(56)) - Create container placement policy of type org.apache.hadoop.hdds.scm.container.placement.algorithms.SCMContainerPlacementRandom
2019-09-19 09:52:07,547 [Thread-1068] WARN  server.ServerUtils (ServerUtils.java:getScmDbDir(145)) - ozone.scm.db.dirs is not configured. We recommend adding this setting. Falling back to ozone.metadata.dirs instead.
2019-09-19 09:52:07,618 [Thread-1068] INFO  pipeline.SCMPipelineManager (SCMPipelineManager.java:initializePipelineState(126)) - No pipeline exists in current db
2019-09-19 09:52:07,619 [Thread-1068] WARN  server.ServerUtils (ServerUtils.java:getScmDbDir(145)) - ozone.scm.db.dirs is not configured. We recommend adding this setting. Falling back to ozone.metadata.dirs instead.
2019-09-19 09:52:07,670 [Thread-1068] WARN  events.EventQueue (EventQueue.java:fireEvent(175)) - No event handler registered for event TypedEvent{payloadType=SafeModeStatus, name='SafeModeStatus'}
2019-09-19 09:52:07,671 [Thread-1068] INFO  ipc.CallQueueManager (CallQueueManager.java:<init>(84)) - Using callQueue: class java.util.concurrent.LinkedBlockingQueue, queueCapacity: 2000, scheduler: class org.apache.hadoop.ipc.DefaultRpcScheduler, ipcBackoff: false.
2019-09-19 09:52:07,672 [Socket Reader #1 for port 40258] INFO  ipc.Server (Server.java:run(1074)) - Starting Socket Reader #1 for port 40258
2019-09-19 09:52:07,674 [Thread-1068] INFO  ipc.CallQueueManager (CallQueueManager.java:<init>(84)) - Using callQueue: class java.util.concurrent.LinkedBlockingQueue, queueCapacity: 2000, scheduler: class org.apache.hadoop.ipc.DefaultRpcScheduler, ipcBackoff: false.
2019-09-19 09:52:07,675 [Socket Reader #1 for port 39852] INFO  ipc.Server (Server.java:run(1074)) - Starting Socket Reader #1 for port 39852
2019-09-19 09:52:07,676 [Thread-1068] INFO  ipc.CallQueueManager (CallQueueManager.java:<init>(84)) - Using callQueue: class java.util.concurrent.LinkedBlockingQueue, queueCapacity: 2000, scheduler: class org.apache.hadoop.ipc.DefaultRpcScheduler, ipcBackoff: false.
2019-09-19 09:52:07,677 [Socket Reader #1 for port 36714] INFO  ipc.Server (Server.java:run(1074)) - Starting Socket Reader #1 for port 36714
2019-09-19 09:52:07,679 [Thread-1068] INFO  hdfs.DFSUtil (DFSUtil.java:httpServerTemplateForNNAndJN(1641)) - Starting Web-server for scm at: http://0.0.0.0:0
2019-09-19 09:52:07,683 [Thread-1068] INFO  server.AuthenticationFilter (AuthenticationFilter.java:constructSecretProvider(240)) - Unable to initialize FileSignerSecretProvider, falling back to use random secrets.
2019-09-19 09:52:07,684 [Thread-1068] WARN  http.HttpRequestLog (HttpRequestLog.java:getRequestLog(97)) - Jetty request log can only be enabled using Log4j
2019-09-19 09:52:07,687 [Thread-1068] INFO  http.HttpServer2 (HttpServer2.java:addGlobalFilter(975)) - Added global filter 'safety' (class=org.apache.hadoop.http.HttpServer2$QuotingInputFilter)
2019-09-19 09:52:07,688 [Thread-1068] INFO  http.HttpServer2 (HttpServer2.java:addFilter(948)) - Added filter static_user_filter (class=org.apache.hadoop.http.lib.StaticUserWebFilter$StaticUserFilter) to context scm
2019-09-19 09:52:07,688 [Thread-1068] INFO  http.HttpServer2 (HttpServer2.java:addFilter(958)) - Added filter static_user_filter (class=org.apache.hadoop.http.lib.StaticUserWebFilter$StaticUserFilter) to context logs
2019-09-19 09:52:07,688 [Thread-1068] INFO  http.HttpServer2 (HttpServer2.java:addFilter(958)) - Added filter static_user_filter (class=org.apache.hadoop.http.lib.StaticUserWebFilter$StaticUserFilter) to context static
2019-09-19 09:52:07,691 [Thread-1068] INFO  server.StorageContainerManager (StorageContainerManager.java:start(759)) - StorageContainerLocationProtocol RPC server is listening at /0.0.0.0:36714
2019-09-19 09:52:07,694 [Thread-1068] WARN  impl.MetricsConfig (MetricsConfig.java:loadFirst(134)) - Cannot locate configuration: tried hadoop-metrics2-storagecontainermanager.properties,hadoop-metrics2.properties
2019-09-19 09:52:07,695 [Thread-1068] INFO  impl.MetricsSystemImpl (MetricsSystemImpl.java:startTimer(374)) - Scheduled Metric snapshot period at 10 second(s).
2019-09-19 09:52:07,695 [Thread-1068] INFO  impl.MetricsSystemImpl (MetricsSystemImpl.java:start(191)) - StorageContainerManager metrics system started
2019-09-19 09:52:07,751 [Thread-1068] INFO  server.SCMClientProtocolServer (SCMClientProtocolServer.java:start(151)) - RPC server for Client  is listening at /0.0.0.0:36714
2019-09-19 09:52:07,751 [IPC Server Responder] INFO  ipc.Server (Server.java:run(1314)) - IPC Server Responder: starting
2019-09-19 09:52:07,752 [IPC Server listener on 36714] INFO  ipc.Server (Server.java:run(1153)) - IPC Server listener on 36714: starting
2019-09-19 09:52:07,755 [Thread-1068] INFO  server.StorageContainerManager (StorageContainerManager.java:start(769)) - ScmBlockLocationProtocol RPC server is listening at /0.0.0.0:39852
2019-09-19 09:52:07,756 [Thread-1068] INFO  server.SCMBlockProtocolServer (SCMBlockProtocolServer.java:start(140)) - RPC server for Block Protocol is listening at /0.0.0.0:39852
2019-09-19 09:52:07,756 [IPC Server Responder] INFO  ipc.Server (Server.java:run(1314)) - IPC Server Responder: starting
2019-09-19 09:52:07,756 [IPC Server listener on 39852] INFO  ipc.Server (Server.java:run(1153)) - IPC Server listener on 39852: starting
2019-09-19 09:52:07,760 [Thread-1068] INFO  server.StorageContainerManager (StorageContainerManager.java:start(773)) - ScmDatanodeProtocl RPC server is listening at /0.0.0.0:40258
2019-09-19 09:52:07,760 [Thread-1068] INFO  server.SCMDatanodeProtocolServer (SCMDatanodeProtocolServer.java:start(191)) - RPC server for DataNodes is listening at /0.0.0.0:40258
2019-09-19 09:52:07,761 [IPC Server Responder] INFO  ipc.Server (Server.java:run(1314)) - IPC Server Responder: starting
2019-09-19 09:52:07,761 [IPC Server listener on 40258] INFO  ipc.Server (Server.java:run(1153)) - IPC Server listener on 40258: starting
2019-09-19 09:52:07,766 [Thread-1068] INFO  http.HttpServer2 (HttpServer2.java:bindListener(1191)) - Jetty bound to port 42083
2019-09-19 09:52:07,766 [Thread-1068] INFO  server.Server (Server.java:doStart(351)) - jetty-9.3.24.v20180605, build timestamp: 2018-06-05T17:11:56Z, git hash: 84205aa28f11a4f31f2a3b86d1bba2cc8ab69827
2019-09-19 09:52:07,768 [Thread-1068] INFO  handler.ContextHandler (ContextHandler.java:doStart(781)) - Started o.e.j.s.ServletContextHandler@745c1c4{/logs,file:///workdir/hadoop-ozone/ozonefs/target/log,AVAILABLE}
2019-09-19 09:52:07,768 [Thread-1068] INFO  handler.ContextHandler (ContextHandler.java:doStart(781)) - Started o.e.j.s.ServletContextHandler@e80d569{/static,jar:file:/home/user/.m2/repository/org/apache/hadoop/hadoop-hdds-server-scm/0.5.0-SNAPSHOT/hadoop-hdds-server-scm-0.5.0-SNAPSHOT.jar!/webapps/static,AVAILABLE}
2019-09-19 09:52:07,826 [Thread-1068] INFO  handler.ContextHandler (ContextHandler.java:doStart(781)) - Started o.e.j.w.WebAppContext@3f53c4bd{/,file:///tmp/jetty-0.0.0.0-42083-scm-_-any-9002481138933126077.dir/webapp/,AVAILABLE}{/scm}
2019-09-19 09:52:07,827 [Thread-1068] INFO  server.AbstractConnector (AbstractConnector.java:doStart(278)) - Started ServerConnector@279e6f96{HTTP/1.1,[http/1.1]}{0.0.0.0:42083}
2019-09-19 09:52:07,829 [Thread-1068] INFO  server.Server (Server.java:doStart(419)) - Started @77203ms
2019-09-19 09:52:07,830 [Thread-1068] INFO  server.BaseHttpServer (BaseHttpServer.java:updateConnectorAddress(213)) - HTTP server of SCM is listening at http://0.0.0.0:42083
2019-09-19 09:52:07,831 [Thread-1068] WARN  server.ServerUtils (ServerUtils.java:getDBPath(222)) - ozone.om.db.dirs is not configured. We recommend adding this setting. Falling back to ozone.metadata.dirs instead.
2019-09-19 09:52:07,833 [org.apache.hadoop.util.JvmPauseMonitor$Monitor@248caabe] INFO  util.JvmPauseMonitor (JvmPauseMonitor.java:run(188)) - Starting JVM pause monitor
2019-09-19 09:52:07,848 [Thread-1068] WARN  server.ServerUtils (ServerUtils.java:getDBPath(222)) - ozone.om.db.dirs is not configured. We recommend adding this setting. Falling back to ozone.metadata.dirs instead.
2019-09-19 09:52:07,848 [Thread-1068] WARN  server.ServerUtils (ServerUtils.java:getDBPath(222)) - ozone.om.db.dirs is not configured. We recommend adding this setting. Falling back to ozone.metadata.dirs instead.
2019-09-19 09:52:07,849 [Thread-1068] INFO  om.OzoneManager (OzoneManager.java:setOMNodeDetails(645)) - OM Service ID is not set. Setting it to the default ID: omServiceIdDefault
2019-09-19 09:52:07,849 [Thread-1068] INFO  om.OzoneManager (OzoneManager.java:setOMNodeDetails(651)) - OM Node ID is not set. Setting it to the OmStorage's OmID: 03af71ef-8e88-42b9-ac62-b5766c96b146
2019-09-19 09:52:07,849 [Thread-1068] INFO  om.OzoneManager (OzoneManager.java:loadOMHAConfigs(602)) - Found matching OM address with OMServiceId: null, OMNodeId: null, RPC Address: localhost:0 and Ratis port: 9872
2019-09-19 09:52:07,855 | INFO  | SCMAudit | user=jenkins1000 | ip=192.168.34.5 | op=GET_SCM_INFO null | ret=SUCCESS |  
2019-09-19 09:52:07,857 [Thread-1068] WARN  server.ServerUtils (ServerUtils.java:getDBPath(222)) - ozone.om.db.dirs is not configured. We recommend adding this setting. Falling back to ozone.metadata.dirs instead.
2019-09-19 09:52:07,858 [Thread-1068] INFO  db.DBStoreBuilder (DBStoreBuilder.java:addTable(110)) - using custom profile for table: userTable
2019-09-19 09:52:07,858 [Thread-1068] INFO  db.DBStoreBuilder (DBStoreBuilder.java:processTables(161)) - Using default column profile:DBProfile.DISK for Table:userTable
2019-09-19 09:52:07,858 [Thread-1068] INFO  db.DBStoreBuilder (DBStoreBuilder.java:addTable(110)) - using custom profile for table: volumeTable
2019-09-19 09:52:07,858 [Thread-1068] INFO  db.DBStoreBuilder (DBStoreBuilder.java:processTables(161)) - Using default column profile:DBProfile.DISK for Table:volumeTable
2019-09-19 09:52:07,858 [Thread-1068] INFO  db.DBStoreBuilder (DBStoreBuilder.java:addTable(110)) - using custom profile for table: bucketTable
2019-09-19 09:52:07,859 [Thread-1068] INFO  db.DBStoreBuilder (DBStoreBuilder.java:processTables(161)) - Using default column profile:DBProfile.DISK for Table:bucketTable
2019-09-19 09:52:07,859 [Thread-1068] INFO  db.DBStoreBuilder (DBStoreBuilder.java:addTable(110)) - using custom profile for table: keyTable
2019-09-19 09:52:07,859 [Thread-1068] INFO  db.DBStoreBuilder (DBStoreBuilder.java:processTables(161)) - Using default column profile:DBProfile.DISK for Table:keyTable
2019-09-19 09:52:07,859 [Thread-1068] INFO  db.DBStoreBuilder (DBStoreBuilder.java:addTable(110)) - using custom profile for table: deletedTable
2019-09-19 09:52:07,859 [Thread-1068] INFO  db.DBStoreBuilder (DBStoreBuilder.java:processTables(161)) - Using default column profile:DBProfile.DISK for Table:deletedTable
2019-09-19 09:52:07,860 [Thread-1068] INFO  db.DBStoreBuilder (DBStoreBuilder.java:addTable(110)) - using custom profile for table: openKeyTable
2019-09-19 09:52:07,860 [Thread-1068] INFO  db.DBStoreBuilder (DBStoreBuilder.java:processTables(161)) - Using default column profile:DBProfile.DISK for Table:openKeyTable
2019-09-19 09:52:07,860 [Thread-1068] INFO  db.DBStoreBuilder (DBStoreBuilder.java:addTable(110)) - using custom profile for table: s3Table
2019-09-19 09:52:07,860 [Thread-1068] INFO  db.DBStoreBuilder (DBStoreBuilder.java:processTables(161)) - Using default column profile:DBProfile.DISK for Table:s3Table
2019-09-19 09:52:07,860 [Thread-1068] INFO  db.DBStoreBuilder (DBStoreBuilder.java:addTable(110)) - using custom profile for table: multipartInfoTable
2019-09-19 09:52:07,860 [Thread-1068] INFO  db.DBStoreBuilder (DBStoreBuilder.java:processTables(161)) - Using default column profile:DBProfile.DISK for Table:multipartInfoTable
2019-09-19 09:52:07,861 [Thread-1068] INFO  db.DBStoreBuilder (DBStoreBuilder.java:addTable(110)) - using custom profile for table: dTokenTable
2019-09-19 09:52:07,861 [Thread-1068] INFO  db.DBStoreBuilder (DBStoreBuilder.java:processTables(161)) - Using default column profile:DBProfile.DISK for Table:dTokenTable
2019-09-19 09:52:07,861 [Thread-1068] INFO  db.DBStoreBuilder (DBStoreBuilder.java:addTable(110)) - using custom profile for table: s3SecretTable
2019-09-19 09:52:07,861 [Thread-1068] INFO  db.DBStoreBuilder (DBStoreBuilder.java:processTables(161)) - Using default column profile:DBProfile.DISK for Table:s3SecretTable
2019-09-19 09:52:07,861 [Thread-1068] INFO  db.DBStoreBuilder (DBStoreBuilder.java:addTable(110)) - using custom profile for table: prefixTable
2019-09-19 09:52:07,862 [Thread-1068] INFO  db.DBStoreBuilder (DBStoreBuilder.java:processTables(161)) - Using default column profile:DBProfile.DISK for Table:prefixTable
2019-09-19 09:52:07,862 [Thread-1068] INFO  db.DBStoreBuilder (DBStoreBuilder.java:addTable(110)) - using custom profile for table: default
2019-09-19 09:52:07,862 [Thread-1068] INFO  db.DBStoreBuilder (DBStoreBuilder.java:processTables(167)) - Using default column profile:DBProfile.DISK for Table:default
2019-09-19 09:52:07,862 [Thread-1068] INFO  db.DBStoreBuilder (DBStoreBuilder.java:getDbProfile(198)) - Using default options. DBProfile.DISK
2019-09-19 09:52:08,370 [Thread-1068] INFO  ipc.CallQueueManager (CallQueueManager.java:<init>(84)) - Using callQueue: class java.util.concurrent.LinkedBlockingQueue, queueCapacity: 2000, scheduler: class org.apache.hadoop.ipc.DefaultRpcScheduler, ipcBackoff: false.
2019-09-19 09:52:08,371 [Socket Reader #1 for port 44131] INFO  ipc.Server (Server.java:run(1074)) - Starting Socket Reader #1 for port 44131
2019-09-19 09:52:08,399 [Thread-1068] INFO  om.OzoneManager (OzoneManager.java:start(1256)) - OzoneManager RPC server is listening at localhost/127.0.0.1:44131
2019-09-19 09:52:08,399 [Thread-1068] INFO  impl.MetricsSystemImpl (MetricsSystemImpl.java:init(158)) - OzoneManager metrics system started (again)
2019-09-19 09:52:08,400 [IPC Server Responder] INFO  ipc.Server (Server.java:run(1314)) - IPC Server Responder: starting
2019-09-19 09:52:08,401 [IPC Server listener on 44131] INFO  ipc.Server (Server.java:run(1153)) - IPC Server listener on 44131: starting
2019-09-19 09:52:08,406 [Thread-1068] INFO  hdfs.DFSUtil (DFSUtil.java:httpServerTemplateForNNAndJN(1641)) - Starting Web-server for ozoneManager at: http://0.0.0.0:0
2019-09-19 09:52:08,409 [Thread-1068] INFO  server.AuthenticationFilter (AuthenticationFilter.java:constructSecretProvider(240)) - Unable to initialize FileSignerSecretProvider, falling back to use random secrets.
2019-09-19 09:52:08,409 [Thread-1068] WARN  http.HttpRequestLog (HttpRequestLog.java:getRequestLog(97)) - Jetty request log can only be enabled using Log4j
2019-09-19 09:52:08,412 [Thread-1068] INFO  http.HttpServer2 (HttpServer2.java:addGlobalFilter(975)) - Added global filter 'safety' (class=org.apache.hadoop.http.HttpServer2$QuotingInputFilter)
2019-09-19 09:52:08,413 [Thread-1068] INFO  http.HttpServer2 (HttpServer2.java:addFilter(948)) - Added filter static_user_filter (class=org.apache.hadoop.http.lib.StaticUserWebFilter$StaticUserFilter) to context ozoneManager
2019-09-19 09:52:08,413 [Thread-1068] INFO  http.HttpServer2 (HttpServer2.java:addFilter(958)) - Added filter static_user_filter (class=org.apache.hadoop.http.lib.StaticUserWebFilter$StaticUserFilter) to context static
2019-09-19 09:52:08,413 [Thread-1068] INFO  http.HttpServer2 (HttpServer2.java:addFilter(958)) - Added filter static_user_filter (class=org.apache.hadoop.http.lib.StaticUserWebFilter$StaticUserFilter) to context logs
2019-09-19 09:52:08,414 [Thread-1068] INFO  http.HttpServer2 (HttpServer2.java:bindListener(1191)) - Jetty bound to port 36622
2019-09-19 09:52:08,414 [Thread-1068] INFO  server.Server (Server.java:doStart(351)) - jetty-9.3.24.v20180605, build timestamp: 2018-06-05T17:11:56Z, git hash: 84205aa28f11a4f31f2a3b86d1bba2cc8ab69827
2019-09-19 09:52:08,416 [Thread-1068] INFO  handler.ContextHandler (ContextHandler.java:doStart(781)) - Started o.e.j.s.ServletContextHandler@38dd36e3{/logs,file:///workdir/hadoop-ozone/ozonefs/target/log,AVAILABLE}
2019-09-19 09:52:08,417 [Thread-1068] INFO  handler.ContextHandler (ContextHandler.java:doStart(781)) - Started o.e.j.s.ServletContextHandler@1e7bb53c{/static,jar:file:/home/user/.m2/repository/org/apache/hadoop/hadoop-ozone-ozone-manager/0.5.0-SNAPSHOT/hadoop-ozone-ozone-manager-0.5.0-SNAPSHOT.jar!/webapps/static,AVAILABLE}
2019-09-19 09:52:08,482 [Thread-1068] INFO  handler.ContextHandler (ContextHandler.java:doStart(781)) - Started o.e.j.w.WebAppContext@6fa31171{/,file:///tmp/jetty-0.0.0.0-36622-ozoneManager-_-any-9204972628253816234.dir/webapp/,AVAILABLE}{/ozoneManager}
2019-09-19 09:52:08,482 [Thread-1068] INFO  server.AbstractConnector (AbstractConnector.java:doStart(278)) - Started ServerConnector@643aac1b{HTTP/1.1,[http/1.1]}{0.0.0.0:36622}
2019-09-19 09:52:08,483 [Thread-1068] INFO  server.Server (Server.java:doStart(419)) - Started @77857ms
2019-09-19 09:52:08,484 [Thread-1068] INFO  server.BaseHttpServer (BaseHttpServer.java:updateConnectorAddress(213)) - HTTP server of OZONEMANAGER is listening at http://0.0.0.0:36622
2019-09-19 09:52:08,496 [Thread-1068] INFO  impl.MetricsSystemImpl (MetricsSystemImpl.java:init(158)) - HddsDatanode metrics system started (again)
2019-09-19 09:52:08,498 [Thread-1068] INFO  ozone.HddsDatanodeService (HddsDatanodeService.java:start(184)) - HddsDatanodeService host:pr-hdds-1569-j4bt4-3030777008 ip:192.168.34.5
2019-09-19 09:52:08,507 [Thread-1068] INFO  volume.HddsVolume (HddsVolume.java:<init>(176)) - Creating Volume: /workdir/hadoop-ozone/ozonefs/target/test-dir/MiniOzoneClusterImpl-f189934c-45ad-4ec0-9247-8ce3942f6bd4/datanode-0/data/containers/hdds of  storage type : DISK and capacity : 1482555576320
2019-09-19 09:52:08,507 [Thread-1068] INFO  volume.VolumeSet (VolumeSet.java:initializeVolumeSet(170)) - Added Volume : /workdir/hadoop-ozone/ozonefs/target/test-dir/MiniOzoneClusterImpl-f189934c-45ad-4ec0-9247-8ce3942f6bd4/datanode-0/data/containers/hdds to VolumeSet
2019-09-19 09:52:08,507 [Thread-1068] INFO  volume.ThrottledAsyncChecker (ThrottledAsyncChecker.java:schedule(140)) - Scheduling a check for org.apache.hadoop.ozone.container.common.volume.HddsVolume@1fd9b948
2019-09-19 09:52:08,508 [Thread-1068] INFO  volume.HddsVolumeChecker (HddsVolumeChecker.java:checkAllVolumes(203)) - Scheduled health check for volume org.apache.hadoop.ozone.container.common.volume.HddsVolume@1fd9b948
2019-09-19 09:52:08,536 [Thread-1068] INFO  impl.RaftServerProxy (ConfUtils.java:logGet(43)) - raft.rpc.type = GRPC (default)
2019-09-19 09:52:08,536 [Thread-1068] INFO  grpc.GrpcFactory (GrpcFactory.java:checkPooledByteBufAllocatorUseCacheForAllThreads(45)) - PERFORMANCE WARNING: useCacheForAllThreads is true that may cause Netty to create a lot garbage objects and, as a result, trigger GC.
	It is recommended to disable useCacheForAllThreads by setting -Dorg.apache.ratis.thirdparty.io.netty.allocator.useCacheForAllThreads=false in command line.
2019-09-19 09:52:08,536 [Thread-1068] INFO  grpc.GrpcConfigKeys$Server (ConfUtils.java:logGet(43)) - raft.grpc.server.port = 0 (default)
2019-09-19 09:52:08,537 [Thread-1068] INFO  server.GrpcService (ConfUtils.java:logGet(43)) - raft.grpc.message.size.max = 33570816 (custom)
2019-09-19 09:52:08,537 [Thread-1068] INFO  server.RaftServerConfigKeys (ConfUtils.java:logGet(43)) - raft.server.log.appender.buffer.byte-limit = 33554432 (custom)
2019-09-19 09:52:08,537 [Thread-1068] INFO  server.GrpcService (ConfUtils.java:logGet(43)) - raft.grpc.flow.control.window = 1MB (=1048576) (default)
2019-09-19 09:52:08,537 [Thread-1068] INFO  server.RaftServerConfigKeys (ConfUtils.java:logGet(43)) - raft.server.rpc.request.timeout = 3000ms (default)
2019-09-19 09:52:08,538 [Thread-1068] INFO  server.RaftServerConfigKeys (ConfUtils.java:logGet(43)) - raft.server.storage.dir = [/workdir/hadoop-ozone/ozonefs/target/test-dir/MiniOzoneClusterImpl-f189934c-45ad-4ec0-9247-8ce3942f6bd4/datanode-0/data/ratis] (custom)
2019-09-19 09:52:08,538 [Thread-1068] INFO  replication.SimpleContainerDownloader (SimpleContainerDownloader.java:<init>(72)) - Starting container downloader service to copy containers to replicate.
2019-09-19 09:52:08,539 [Thread-1068] INFO  hdfs.DFSUtil (DFSUtil.java:httpServerTemplateForNNAndJN(1641)) - Starting Web-server for hddsDatanode at: http://0.0.0.0:0
2019-09-19 09:52:08,541 [Thread-1068] INFO  server.AuthenticationFilter (AuthenticationFilter.java:constructSecretProvider(240)) - Unable to initialize FileSignerSecretProvider, falling back to use random secrets.
2019-09-19 09:52:08,542 [Thread-1068] WARN  http.HttpRequestLog (HttpRequestLog.java:getRequestLog(97)) - Jetty request log can only be enabled using Log4j
2019-09-19 09:52:08,544 [Thread-1068] INFO  http.HttpServer2 (HttpServer2.java:addGlobalFilter(975)) - Added global filter 'safety' (class=org.apache.hadoop.http.HttpServer2$QuotingInputFilter)
2019-09-19 09:52:08,544 [Thread-1068] INFO  http.HttpServer2 (HttpServer2.java:addFilter(948)) - Added filter static_user_filter (class=org.apache.hadoop.http.lib.StaticUserWebFilter$StaticUserFilter) to context hddsDatanode
2019-09-19 09:52:08,544 [Thread-1068] INFO  http.HttpServer2 (HttpServer2.java:addFilter(958)) - Added filter static_user_filter (class=org.apache.hadoop.http.lib.StaticUserWebFilter$StaticUserFilter) to context static
2019-09-19 09:52:08,545 [Thread-1068] INFO  http.HttpServer2 (HttpServer2.java:addFilter(958)) - Added filter static_user_filter (class=org.apache.hadoop.http.lib.StaticUserWebFilter$StaticUserFilter) to context logs
2019-09-19 09:52:08,545 [Thread-1068] INFO  http.HttpServer2 (HttpServer2.java:bindListener(1191)) - Jetty bound to port 35051
2019-09-19 09:52:08,546 [Thread-1068] INFO  server.Server (Server.java:doStart(351)) - jetty-9.3.24.v20180605, build timestamp: 2018-06-05T17:11:56Z, git hash: 84205aa28f11a4f31f2a3b86d1bba2cc8ab69827
2019-09-19 09:52:08,548 [Thread-1068] INFO  handler.ContextHandler (ContextHandler.java:doStart(781)) - Started o.e.j.s.ServletContextHandler@5a5f88db{/logs,file:///workdir/hadoop-ozone/ozonefs/target/log,AVAILABLE}
2019-09-19 09:52:08,548 [Thread-1068] INFO  handler.ContextHandler (ContextHandler.java:doStart(781)) - Started o.e.j.s.ServletContextHandler@2b7e42ec{/static,jar:file:/home/user/.m2/repository/org/apache/hadoop/hadoop-hdds-container-service/0.5.0-SNAPSHOT/hadoop-hdds-container-service-0.5.0-SNAPSHOT.jar!/webapps/static,AVAILABLE}
2019-09-19 09:52:08,581 [Thread-1068] INFO  handler.ContextHandler (ContextHandler.java:doStart(781)) - Started o.e.j.w.WebAppContext@f8c57f0{/,file:///tmp/jetty-0.0.0.0-35051-hddsDatanode-_-any-4080627416329918228.dir/webapp/,AVAILABLE}{/hddsDatanode}
2019-09-19 09:52:08,582 [Thread-1068] INFO  server.AbstractConnector (AbstractConnector.java:doStart(278)) - Started ServerConnector@2dc62cf{HTTP/1.1,[http/1.1]}{0.0.0.0:35051}
2019-09-19 09:52:08,583 [Thread-1068] INFO  server.Server (Server.java:doStart(419)) - Started @77956ms
2019-09-19 09:52:08,584 [Thread-1068] INFO  server.BaseHttpServer (BaseHttpServer.java:updateConnectorAddress(213)) - HTTP server of HDDSDATANODE is listening at http://0.0.0.0:35051
2019-09-19 09:52:08,728 | INFO  | ObjectStoreRestHttpServer | Listening HDDS REST traffic on /0.0.0.0:46075 |  
2019-09-19 09:52:08,728 [Thread-1068] INFO  ozone.HddsDatanodeService (HddsDatanodeService.java:startPlugins(395)) - Started plug-in org.apache.hadoop.ozone.web.OzoneHddsDatanodeService@708749ce
2019-09-19 09:52:08,729 [Thread-1068] INFO  impl.MetricsSystemImpl (MetricsSystemImpl.java:init(158)) - HddsDatanode metrics system started (again)
2019-09-19 09:52:08,731 [Thread-1068] INFO  ozone.HddsDatanodeService (HddsDatanodeService.java:start(184)) - HddsDatanodeService host:pr-hdds-1569-j4bt4-3030777008 ip:192.168.34.5
2019-09-19 09:52:08,731 [org.apache.hadoop.util.JvmPauseMonitor$Monitor@16a059b] INFO  util.JvmPauseMonitor (JvmPauseMonitor.java:run(188)) - Starting JVM pause monitor
2019-09-19 09:52:08,734 [Datanode State Machine Thread - 0] INFO  datanode.InitDatanodeState (InitDatanodeState.java:persistContainerDatanodeDetails(140)) - DatanodeDetails is persisted to /workdir/hadoop-ozone/ozonefs/target/test-dir/MiniOzoneClusterImpl-f189934c-45ad-4ec0-9247-8ce3942f6bd4/datanode-0/meta/datanode.id
2019-09-19 09:52:08,739 [Thread-1068] INFO  volume.HddsVolume (HddsVolume.java:<init>(176)) - Creating Volume: /workdir/hadoop-ozone/ozonefs/target/test-dir/MiniOzoneClusterImpl-f189934c-45ad-4ec0-9247-8ce3942f6bd4/datanode-1/data/containers/hdds of  storage type : DISK and capacity : 1482555576320
2019-09-19 09:52:08,739 [Thread-1068] INFO  volume.VolumeSet (VolumeSet.java:initializeVolumeSet(170)) - Added Volume : /workdir/hadoop-ozone/ozonefs/target/test-dir/MiniOzoneClusterImpl-f189934c-45ad-4ec0-9247-8ce3942f6bd4/datanode-1/data/containers/hdds to VolumeSet
2019-09-19 09:52:08,739 [Thread-1068] INFO  volume.ThrottledAsyncChecker (ThrottledAsyncChecker.java:schedule(140)) - Scheduling a check for org.apache.hadoop.ozone.container.common.volume.HddsVolume@4ce94ad1
2019-09-19 09:52:08,740 [Thread-1068] INFO  volume.HddsVolumeChecker (HddsVolumeChecker.java:checkAllVolumes(203)) - Scheduled health check for volume org.apache.hadoop.ozone.container.common.volume.HddsVolume@4ce94ad1
2019-09-19 09:52:08,758 [Thread-1068] INFO  impl.RaftServerProxy (ConfUtils.java:logGet(43)) - raft.rpc.type = GRPC (default)
2019-09-19 09:52:08,758 [Thread-1068] INFO  grpc.GrpcFactory (GrpcFactory.java:checkPooledByteBufAllocatorUseCacheForAllThreads(45)) - PERFORMANCE WARNING: useCacheForAllThreads is true that may cause Netty to create a lot garbage objects and, as a result, trigger GC.
	It is recommended to disable useCacheForAllThreads by setting -Dorg.apache.ratis.thirdparty.io.netty.allocator.useCacheForAllThreads=false in command line.
2019-09-19 09:52:08,759 [Thread-1068] INFO  grpc.GrpcConfigKeys$Server (ConfUtils.java:logGet(43)) - raft.grpc.server.port = 0 (default)
2019-09-19 09:52:08,759 [Thread-1068] INFO  server.GrpcService (ConfUtils.java:logGet(43)) - raft.grpc.message.size.max = 33570816 (custom)
2019-09-19 09:52:08,759 [Thread-1068] INFO  server.RaftServerConfigKeys (ConfUtils.java:logGet(43)) - raft.server.log.appender.buffer.byte-limit = 33554432 (custom)
2019-09-19 09:52:08,759 [Thread-1068] INFO  server.GrpcService (ConfUtils.java:logGet(43)) - raft.grpc.flow.control.window = 1MB (=1048576) (default)
2019-09-19 09:52:08,759 [Thread-1068] INFO  server.RaftServerConfigKeys (ConfUtils.java:logGet(43)) - raft.server.rpc.request.timeout = 3000ms (default)
2019-09-19 09:52:08,760 [Thread-1068] INFO  server.RaftServerConfigKeys (ConfUtils.java:logGet(43)) - raft.server.storage.dir = [/workdir/hadoop-ozone/ozonefs/target/test-dir/MiniOzoneClusterImpl-f189934c-45ad-4ec0-9247-8ce3942f6bd4/datanode-1/data/ratis] (custom)
2019-09-19 09:52:08,760 [Thread-1068] INFO  replication.SimpleContainerDownloader (SimpleContainerDownloader.java:<init>(72)) - Starting container downloader service to copy containers to replicate.
2019-09-19 09:52:08,761 [Thread-1068] INFO  hdfs.DFSUtil (DFSUtil.java:httpServerTemplateForNNAndJN(1641)) - Starting Web-server for hddsDatanode at: http://0.0.0.0:0
2019-09-19 09:52:08,763 [Thread-1068] INFO  server.AuthenticationFilter (AuthenticationFilter.java:constructSecretProvider(240)) - Unable to initialize FileSignerSecretProvider, falling back to use random secrets.
2019-09-19 09:52:08,764 [Thread-1068] WARN  http.HttpRequestLog (HttpRequestLog.java:getRequestLog(97)) - Jetty request log can only be enabled using Log4j
2019-09-19 09:52:08,766 [Thread-1068] INFO  http.HttpServer2 (HttpServer2.java:addGlobalFilter(975)) - Added global filter 'safety' (class=org.apache.hadoop.http.HttpServer2$QuotingInputFilter)
2019-09-19 09:52:08,767 [Thread-1068] INFO  http.HttpServer2 (HttpServer2.java:addFilter(948)) - Added filter static_user_filter (class=org.apache.hadoop.http.lib.StaticUserWebFilter$StaticUserFilter) to context hddsDatanode
2019-09-19 09:52:08,767 [Thread-1068] INFO  http.HttpServer2 (HttpServer2.java:addFilter(958)) - Added filter static_user_filter (class=org.apache.hadoop.http.lib.StaticUserWebFilter$StaticUserFilter) to context static
2019-09-19 09:52:08,767 [Thread-1068] INFO  http.HttpServer2 (HttpServer2.java:addFilter(958)) - Added filter static_user_filter (class=org.apache.hadoop.http.lib.StaticUserWebFilter$StaticUserFilter) to context logs
2019-09-19 09:52:08,768 [Thread-1068] INFO  http.HttpServer2 (HttpServer2.java:bindListener(1191)) - Jetty bound to port 46228
2019-09-19 09:52:08,768 [Thread-1068] INFO  server.Server (Server.java:doStart(351)) - jetty-9.3.24.v20180605, build timestamp: 2018-06-05T17:11:56Z, git hash: 84205aa28f11a4f31f2a3b86d1bba2cc8ab69827
2019-09-19 09:52:08,770 [Thread-1068] INFO  handler.ContextHandler (ContextHandler.java:doStart(781)) - Started o.e.j.s.ServletContextHandler@4b3b5d87{/logs,file:///workdir/hadoop-ozone/ozonefs/target/log,AVAILABLE}
2019-09-19 09:52:08,771 [Thread-1068] INFO  handler.ContextHandler (ContextHandler.java:doStart(781)) - Started o.e.j.s.ServletContextHandler@42263af4{/static,jar:file:/home/user/.m2/repository/org/apache/hadoop/hadoop-hdds-container-service/0.5.0-SNAPSHOT/hadoop-hdds-container-service-0.5.0-SNAPSHOT.jar!/webapps/static,AVAILABLE}
2019-09-19 09:52:08,811 [Thread-1068] INFO  handler.ContextHandler (ContextHandler.java:doStart(781)) - Started o.e.j.w.WebAppContext@22770d03{/,file:///tmp/jetty-0.0.0.0-46228-hddsDatanode-_-any-989839175138046452.dir/webapp/,AVAILABLE}{/hddsDatanode}
2019-09-19 09:52:08,812 [Thread-1068] INFO  server.AbstractConnector (AbstractConnector.java:doStart(278)) - Started ServerConnector@6e70805{HTTP/1.1,[http/1.1]}{0.0.0.0:46228}
2019-09-19 09:52:08,813 [Thread-1068] INFO  server.Server (Server.java:doStart(419)) - Started @78187ms
2019-09-19 09:52:08,814 [Thread-1068] INFO  server.BaseHttpServer (BaseHttpServer.java:updateConnectorAddress(213)) - HTTP server of HDDSDATANODE is listening at http://0.0.0.0:46228
2019-09-19 09:52:08,960 | INFO  | ObjectStoreRestHttpServer | Listening HDDS REST traffic on /0.0.0.0:34677 |  
2019-09-19 09:52:08,960 [Thread-1068] INFO  ozone.HddsDatanodeService (HddsDatanodeService.java:startPlugins(395)) - Started plug-in org.apache.hadoop.ozone.web.OzoneHddsDatanodeService@2fe6f43f
2019-09-19 09:52:08,960 [Thread-1068] INFO  impl.MetricsSystemImpl (MetricsSystemImpl.java:init(158)) - HddsDatanode metrics system started (again)
2019-09-19 09:52:08,963 [Thread-1068] INFO  ozone.HddsDatanodeService (HddsDatanodeService.java:start(184)) - HddsDatanodeService host:pr-hdds-1569-j4bt4-3030777008 ip:192.168.34.5
2019-09-19 09:52:08,963 [org.apache.hadoop.util.JvmPauseMonitor$Monitor@3c3b5b84] INFO  util.JvmPauseMonitor (JvmPauseMonitor.java:run(188)) - Starting JVM pause monitor
2019-09-19 09:52:08,965 [Datanode State Machine Thread - 0] INFO  datanode.InitDatanodeState (InitDatanodeState.java:persistContainerDatanodeDetails(140)) - DatanodeDetails is persisted to /workdir/hadoop-ozone/ozonefs/target/test-dir/MiniOzoneClusterImpl-f189934c-45ad-4ec0-9247-8ce3942f6bd4/datanode-1/meta/datanode.id
2019-09-19 09:52:08,971 [Thread-1068] INFO  volume.HddsVolume (HddsVolume.java:<init>(176)) - Creating Volume: /workdir/hadoop-ozone/ozonefs/target/test-dir/MiniOzoneClusterImpl-f189934c-45ad-4ec0-9247-8ce3942f6bd4/datanode-2/data/containers/hdds of  storage type : DISK and capacity : 1482555576320
2019-09-19 09:52:08,972 [Thread-1068] INFO  volume.VolumeSet (VolumeSet.java:initializeVolumeSet(170)) - Added Volume : /workdir/hadoop-ozone/ozonefs/target/test-dir/MiniOzoneClusterImpl-f189934c-45ad-4ec0-9247-8ce3942f6bd4/datanode-2/data/containers/hdds to VolumeSet
2019-09-19 09:52:08,972 [Thread-1068] INFO  volume.ThrottledAsyncChecker (ThrottledAsyncChecker.java:schedule(140)) - Scheduling a check for org.apache.hadoop.ozone.container.common.volume.HddsVolume@7a331978
2019-09-19 09:52:08,972 [Thread-1068] INFO  volume.HddsVolumeChecker (HddsVolumeChecker.java:checkAllVolumes(203)) - Scheduled health check for volume org.apache.hadoop.ozone.container.common.volume.HddsVolume@7a331978
2019-09-19 09:52:08,993 [Thread-1068] INFO  impl.RaftServerProxy (ConfUtils.java:logGet(43)) - raft.rpc.type = GRPC (default)
2019-09-19 09:52:08,994 [Thread-1068] INFO  grpc.GrpcFactory (GrpcFactory.java:checkPooledByteBufAllocatorUseCacheForAllThreads(45)) - PERFORMANCE WARNING: useCacheForAllThreads is true that may cause Netty to create a lot garbage objects and, as a result, trigger GC.
	It is recommended to disable useCacheForAllThreads by setting -Dorg.apache.ratis.thirdparty.io.netty.allocator.useCacheForAllThreads=false in command line.
2019-09-19 09:52:08,994 [Thread-1068] INFO  grpc.GrpcConfigKeys$Server (ConfUtils.java:logGet(43)) - raft.grpc.server.port = 0 (default)
2019-09-19 09:52:08,994 [Thread-1068] INFO  server.GrpcService (ConfUtils.java:logGet(43)) - raft.grpc.message.size.max = 33570816 (custom)
2019-09-19 09:52:08,994 [Thread-1068] INFO  server.RaftServerConfigKeys (ConfUtils.java:logGet(43)) - raft.server.log.appender.buffer.byte-limit = 33554432 (custom)
2019-09-19 09:52:08,994 [Thread-1068] INFO  server.GrpcService (ConfUtils.java:logGet(43)) - raft.grpc.flow.control.window = 1MB (=1048576) (default)
2019-09-19 09:52:08,994 [Thread-1068] INFO  server.RaftServerConfigKeys (ConfUtils.java:logGet(43)) - raft.server.rpc.request.timeout = 3000ms (default)
2019-09-19 09:52:08,995 [Thread-1068] INFO  server.RaftServerConfigKeys (ConfUtils.java:logGet(43)) - raft.server.storage.dir = [/workdir/hadoop-ozone/ozonefs/target/test-dir/MiniOzoneClusterImpl-f189934c-45ad-4ec0-9247-8ce3942f6bd4/datanode-2/data/ratis] (custom)
2019-09-19 09:52:08,995 [Thread-1068] INFO  replication.SimpleContainerDownloader (SimpleContainerDownloader.java:<init>(72)) - Starting container downloader service to copy containers to replicate.
2019-09-19 09:52:08,996 [Thread-1068] INFO  hdfs.DFSUtil (DFSUtil.java:httpServerTemplateForNNAndJN(1641)) - Starting Web-server for hddsDatanode at: http://0.0.0.0:0
2019-09-19 09:52:08,999 [Thread-1068] INFO  server.AuthenticationFilter (AuthenticationFilter.java:constructSecretProvider(240)) - Unable to initialize FileSignerSecretProvider, falling back to use random secrets.
2019-09-19 09:52:08,999 [Thread-1068] WARN  http.HttpRequestLog (HttpRequestLog.java:getRequestLog(97)) - Jetty request log can only be enabled using Log4j
2019-09-19 09:52:09,002 [Thread-1068] INFO  http.HttpServer2 (HttpServer2.java:addGlobalFilter(975)) - Added global filter 'safety' (class=org.apache.hadoop.http.HttpServer2$QuotingInputFilter)
2019-09-19 09:52:09,003 [Thread-1068] INFO  http.HttpServer2 (HttpServer2.java:addFilter(948)) - Added filter static_user_filter (class=org.apache.hadoop.http.lib.StaticUserWebFilter$StaticUserFilter) to context hddsDatanode
2019-09-19 09:52:09,003 [Thread-1068] INFO  http.HttpServer2 (HttpServer2.java:addFilter(958)) - Added filter static_user_filter (class=org.apache.hadoop.http.lib.StaticUserWebFilter$StaticUserFilter) to context static
2019-09-19 09:52:09,003 [Thread-1068] INFO  http.HttpServer2 (HttpServer2.java:addFilter(958)) - Added filter static_user_filter (class=org.apache.hadoop.http.lib.StaticUserWebFilter$StaticUserFilter) to context logs
2019-09-19 09:52:09,004 [Thread-1068] INFO  http.HttpServer2 (HttpServer2.java:bindListener(1191)) - Jetty bound to port 34552
2019-09-19 09:52:09,004 [Thread-1068] INFO  server.Server (Server.java:doStart(351)) - jetty-9.3.24.v20180605, build timestamp: 2018-06-05T17:11:56Z, git hash: 84205aa28f11a4f31f2a3b86d1bba2cc8ab69827
2019-09-19 09:52:09,006 [Thread-1068] INFO  handler.ContextHandler (ContextHandler.java:doStart(781)) - Started o.e.j.s.ServletContextHandler@6766af58{/logs,file:///workdir/hadoop-ozone/ozonefs/target/log,AVAILABLE}
2019-09-19 09:52:09,007 [Thread-1068] INFO  handler.ContextHandler (ContextHandler.java:doStart(781)) - Started o.e.j.s.ServletContextHandler@2e5e42c6{/static,jar:file:/home/user/.m2/repository/org/apache/hadoop/hadoop-hdds-container-service/0.5.0-SNAPSHOT/hadoop-hdds-container-service-0.5.0-SNAPSHOT.jar!/webapps/static,AVAILABLE}
2019-09-19 09:52:09,046 [Thread-1068] INFO  handler.ContextHandler (ContextHandler.java:doStart(781)) - Started o.e.j.w.WebAppContext@747511d4{/,file:///tmp/jetty-0.0.0.0-34552-hddsDatanode-_-any-615810526932074931.dir/webapp/,AVAILABLE}{/hddsDatanode}
2019-09-19 09:52:09,047 [Thread-1068] INFO  server.AbstractConnector (AbstractConnector.java:doStart(278)) - Started ServerConnector@51b57171{HTTP/1.1,[http/1.1]}{0.0.0.0:34552}
2019-09-19 09:52:09,048 [Thread-1068] INFO  server.Server (Server.java:doStart(419)) - Started @78422ms
2019-09-19 09:52:09,049 [Thread-1068] INFO  server.BaseHttpServer (BaseHttpServer.java:updateConnectorAddress(213)) - HTTP server of HDDSDATANODE is listening at http://0.0.0.0:34552
2019-09-19 09:52:09,219 | INFO  | ObjectStoreRestHttpServer | Listening HDDS REST traffic on /0.0.0.0:45812 |  
2019-09-19 09:52:09,219 [Thread-1068] INFO  ozone.HddsDatanodeService (HddsDatanodeService.java:startPlugins(395)) - Started plug-in org.apache.hadoop.ozone.web.OzoneHddsDatanodeService@8a561fd
2019-09-19 09:52:09,220 [Thread-1068] INFO  ozone.MiniOzoneClusterImpl (MiniOzoneClusterImpl.java:lambda$waitForClusterToBeReady$0(142)) - Waiting for cluster to be ready. Got 0 of 3 DN Heartbeats.
2019-09-19 09:52:09,221 [org.apache.hadoop.util.JvmPauseMonitor$Monitor@5358f2c8] INFO  util.JvmPauseMonitor (JvmPauseMonitor.java:run(188)) - Starting JVM pause monitor
2019-09-19 09:52:09,224 [Datanode State Machine Thread - 0] INFO  datanode.InitDatanodeState (InitDatanodeState.java:persistContainerDatanodeDetails(140)) - DatanodeDetails is persisted to /workdir/hadoop-ozone/ozonefs/target/test-dir/MiniOzoneClusterImpl-f189934c-45ad-4ec0-9247-8ce3942f6bd4/datanode-2/meta/datanode.id
2019-09-19 09:52:10,220 [Thread-1068] INFO  ozone.MiniOzoneClusterImpl (MiniOzoneClusterImpl.java:lambda$waitForClusterToBeReady$0(142)) - Waiting for cluster to be ready. Got 0 of 3 DN Heartbeats.
2019-09-19 09:52:10,737 | INFO  | SCMAudit | user=jenkins1000 | ip=192.168.34.5 | op=GET_VERSION null | ret=SUCCESS |  
2019-09-19 09:52:10,752 [Datanode State Machine Thread - 0] INFO  ozoneimpl.OzoneContainer (OzoneContainer.java:start(186)) - Attempting to start container services.
2019-09-19 09:52:10,752 [Datanode State Machine Thread - 0] INFO  ozoneimpl.OzoneContainer (OzoneContainer.java:startContainerScrub(160)) - Background container scrubber has been disabled by hdds.containerscrub.enabled
2019-09-19 09:52:10,753 [Datanode State Machine Thread - 0] INFO  ratis.XceiverServerRatis (XceiverServerRatis.java:start(404)) - Starting XceiverServerRatis 89feb2f7-d50c-4522-98d5-3e9e37dc82b4 at port 0
2019-09-19 09:52:10,759 [Datanode State Machine Thread - 0] INFO  impl.RaftServerProxy (RaftServerProxy.java:lambda$start$3(299)) - 89feb2f7-d50c-4522-98d5-3e9e37dc82b4: start RPC server
2019-09-19 09:52:10,761 [Datanode State Machine Thread - 0] INFO  server.GrpcService (GrpcService.java:startImpl(149)) - 89feb2f7-d50c-4522-98d5-3e9e37dc82b4: GrpcService started, listening on 0.0.0.0/0.0.0.0:38381
2019-09-19 09:52:10,762 [Datanode State Machine Thread - 0] INFO  ratis.XceiverServerRatis (XceiverServerRatis.java:start(414)) - XceiverServerRatis 89feb2f7-d50c-4522-98d5-3e9e37dc82b4 is started using port 38381
2019-09-19 09:52:10,762 [Datanode State Machine Thread - 0] INFO  server.XceiverServerGrpc (XceiverServerGrpc.java:start(163)) - XceiverServerGrpc 89feb2f7-d50c-4522-98d5-3e9e37dc82b4 is started using port 37571
2019-09-19 09:52:10,964 | INFO  | SCMAudit | user=jenkins1000 | ip=192.168.34.5 | op=GET_VERSION null | ret=SUCCESS |  
2019-09-19 09:52:10,978 [Datanode State Machine Thread - 0] INFO  ozoneimpl.OzoneContainer (OzoneContainer.java:start(186)) - Attempting to start container services.
2019-09-19 09:52:10,978 [Datanode State Machine Thread - 0] INFO  ozoneimpl.OzoneContainer (OzoneContainer.java:startContainerScrub(160)) - Background container scrubber has been disabled by hdds.containerscrub.enabled
2019-09-19 09:52:10,978 [Datanode State Machine Thread - 0] INFO  ratis.XceiverServerRatis (XceiverServerRatis.java:start(404)) - Starting XceiverServerRatis 8309de5e-b995-43dd-884c-2afc220cfbee at port 0
2019-09-19 09:52:10,988 [Datanode State Machine Thread - 0] INFO  impl.RaftServerProxy (RaftServerProxy.java:lambda$start$3(299)) - 8309de5e-b995-43dd-884c-2afc220cfbee: start RPC server
2019-09-19 09:52:10,990 [Datanode State Machine Thread - 0] INFO  server.GrpcService (GrpcService.java:startImpl(149)) - 8309de5e-b995-43dd-884c-2afc220cfbee: GrpcService started, listening on 0.0.0.0/0.0.0.0:37557
2019-09-19 09:52:10,990 [Datanode State Machine Thread - 0] INFO  ratis.XceiverServerRatis (XceiverServerRatis.java:start(414)) - XceiverServerRatis 8309de5e-b995-43dd-884c-2afc220cfbee is started using port 37557
2019-09-19 09:52:10,991 [Datanode State Machine Thread - 0] INFO  server.XceiverServerGrpc (XceiverServerGrpc.java:start(163)) - XceiverServerGrpc 8309de5e-b995-43dd-884c-2afc220cfbee is started using port 45759
2019-09-19 09:52:11,221 [Thread-1068] INFO  ozone.MiniOzoneClusterImpl (MiniOzoneClusterImpl.java:lambda$waitForClusterToBeReady$0(142)) - Waiting for cluster to be ready. Got 0 of 3 DN Heartbeats.
2019-09-19 09:52:11,222 | INFO  | SCMAudit | user=jenkins1000 | ip=192.168.34.5 | op=GET_VERSION null | ret=SUCCESS |  
2019-09-19 09:52:11,237 [Datanode State Machine Thread - 0] INFO  ozoneimpl.OzoneContainer (OzoneContainer.java:start(186)) - Attempting to start container services.
2019-09-19 09:52:11,237 [Datanode State Machine Thread - 0] INFO  ozoneimpl.OzoneContainer (OzoneContainer.java:startContainerScrub(160)) - Background container scrubber has been disabled by hdds.containerscrub.enabled
2019-09-19 09:52:11,237 [Datanode State Machine Thread - 0] INFO  ratis.XceiverServerRatis (XceiverServerRatis.java:start(404)) - Starting XceiverServerRatis b401d7ef-c1f5-49e9-9ce5-0be3b3216b3d at port 0
2019-09-19 09:52:11,242 [Datanode State Machine Thread - 0] INFO  impl.RaftServerProxy (RaftServerProxy.java:lambda$start$3(299)) - b401d7ef-c1f5-49e9-9ce5-0be3b3216b3d: start RPC server
2019-09-19 09:52:11,243 [Datanode State Machine Thread - 0] INFO  server.GrpcService (GrpcService.java:startImpl(149)) - b401d7ef-c1f5-49e9-9ce5-0be3b3216b3d: GrpcService started, listening on 0.0.0.0/0.0.0.0:33431
2019-09-19 09:52:11,243 [Datanode State Machine Thread - 0] INFO  ratis.XceiverServerRatis (XceiverServerRatis.java:start(414)) - XceiverServerRatis b401d7ef-c1f5-49e9-9ce5-0be3b3216b3d is started using port 33431
2019-09-19 09:52:11,245 [Datanode State Machine Thread - 0] INFO  server.XceiverServerGrpc (XceiverServerGrpc.java:start(163)) - XceiverServerGrpc b401d7ef-c1f5-49e9-9ce5-0be3b3216b3d is started using port 38714
2019-09-19 09:52:12,222 [Thread-1068] INFO  ozone.MiniOzoneClusterImpl (MiniOzoneClusterImpl.java:lambda$waitForClusterToBeReady$0(142)) - Waiting for cluster to be ready. Got 0 of 3 DN Heartbeats.
2019-09-19 09:52:12,735 [IPC Server handler 2 on 40258] INFO  net.NetworkTopology (NetworkTopologyImpl.java:add(110)) - Added a new node: /default-rack/89feb2f7-d50c-4522-98d5-3e9e37dc82b4
2019-09-19 09:52:12,737 [IPC Server handler 2 on 40258] INFO  node.SCMNodeManager (SCMNodeManager.java:register(273)) - Registered Data node : 89feb2f7-d50c-4522-98d5-3e9e37dc82b4{ip: 192.168.34.5, host: pr-hdds-1569-j4bt4-3030777008, networkLocation: /default-rack, certSerialId: null}
2019-09-19 09:52:12,738 [EventQueue-NodeRegistrationContainerReportForDataNodeSafeModeRule] INFO  safemode.SCMSafeModeManager (DataNodeSafeModeRule.java:process(71)) - SCM in safe mode. 1 DataNodes registered, 1 required.
2019-09-19 09:52:12,740 [EventQueue-NodeRegistrationContainerReportForContainerSafeModeRule] INFO  safemode.SCMSafeModeManager (SCMSafeModeManager.java:validateSafeModeExitRules(177)) - ScmSafeModeManager, all rules are successfully validated
2019-09-19 09:52:12,740 [EventQueue-NodeRegistrationContainerReportForContainerSafeModeRule] INFO  safemode.SCMSafeModeManager (SCMSafeModeManager.java:exitSafeMode(193)) - SCM exiting safe mode.
2019-09-19 09:52:12,740 | INFO  | SCMAudit | user=jenkins1000 | ip=192.168.34.5 | op=REGISTER {datanodeDetails=89feb2f7-d50c-4522-98d5-3e9e37dc82b4{ip: 192.168.34.5, host: pr-hdds-1569-j4bt4-3030777008, networkLocation: /default-rack, certSerialId: null}} | ret=SUCCESS |  
2019-09-19 09:52:12,751 [grpc-default-executor-0] INFO  impl.RaftServerProxy (RaftServerProxy.java:addNew(89)) - 89feb2f7-d50c-4522-98d5-3e9e37dc82b4: addNew group-E597730B948D:[89feb2f7-d50c-4522-98d5-3e9e37dc82b4:192.168.34.5:38381] returns group-E597730B948D:java.util.concurrent.CompletableFuture@5ea64000[Not completed]
2019-09-19 09:52:12,753 [pool-239-thread-1] INFO  impl.RaftServerImpl (RaftServerImpl.java:<init>(93)) - 89feb2f7-d50c-4522-98d5-3e9e37dc82b4: new RaftServerImpl for group-E597730B948D:[89feb2f7-d50c-4522-98d5-3e9e37dc82b4:192.168.34.5:38381] with ContainerStateMachine:uninitialized
2019-09-19 09:52:12,753 [pool-239-thread-1] INFO  server.RaftServerConfigKeys (ConfUtils.java:logGet(43)) - raft.server.rpc.timeout.min = 5s (custom)
2019-09-19 09:52:12,753 [pool-239-thread-1] INFO  server.RaftServerConfigKeys (ConfUtils.java:logGet(43)) - raft.server.rpc.timeout.max = 5200ms (custom)
2019-09-19 09:52:12,753 [pool-239-thread-1] INFO  server.RaftServerConfigKeys (ConfUtils.java:logGet(43)) - raft.server.rpcslowness.timeout = 120s (custom)
2019-09-19 09:52:12,753 [pool-239-thread-1] INFO  server.RaftServerConfigKeys (ConfUtils.java:logGet(43)) - raft.server.sleep.deviation.threshold = 300 (default)
2019-09-19 09:52:12,753 [pool-239-thread-1] INFO  server.RaftServerConfigKeys (ConfUtils.java:logGet(43)) - raft.server.log.appender.install.snapshot.enabled = false (custom)
2019-09-19 09:52:12,754 [pool-239-thread-1] INFO  impl.RaftServerImpl (ServerState.java:<init>(105)) - 89feb2f7-d50c-4522-98d5-3e9e37dc82b4:group-E597730B948D ConfigurationManager, init=-1: [89feb2f7-d50c-4522-98d5-3e9e37dc82b4:192.168.34.5:38381], old=null, confs=<EMPTY_MAP>
2019-09-19 09:52:12,754 [pool-239-thread-1] INFO  server.RaftServerConfigKeys (ConfUtils.java:logGet(43)) - raft.server.storage.dir = [/workdir/hadoop-ozone/ozonefs/target/test-dir/MiniOzoneClusterImpl-f189934c-45ad-4ec0-9247-8ce3942f6bd4/datanode-0/data/ratis] (custom)
2019-09-19 09:52:12,754 [pool-239-thread-1] INFO  storage.RaftStorageDirectory (RaftStorageDirectory.java:analyzeStorage(246)) - The storage directory /workdir/hadoop-ozone/ozonefs/target/test-dir/MiniOzoneClusterImpl-f189934c-45ad-4ec0-9247-8ce3942f6bd4/datanode-0/data/ratis/331aab33-ba6d-4cd5-8a7d-e597730b948d does not exist. Creating ...
2019-09-19 09:52:12,778 [pool-239-thread-1] INFO  storage.RaftStorageDirectory (RaftStorageDirectory.java:tryLock(328)) - Lock on /workdir/hadoop-ozone/ozonefs/target/test-dir/MiniOzoneClusterImpl-f189934c-45ad-4ec0-9247-8ce3942f6bd4/datanode-0/data/ratis/331aab33-ba6d-4cd5-8a7d-e597730b948d/in_use.lock acquired by nodename 9507@pr-hdds-1569-j4bt4-3030777008
2019-09-19 09:52:12,781 [pool-239-thread-1] INFO  storage.RaftStorage (RaftStorage.java:format(72)) - Storage directory /workdir/hadoop-ozone/ozonefs/target/test-dir/MiniOzoneClusterImpl-f189934c-45ad-4ec0-9247-8ce3942f6bd4/datanode-0/data/ratis/331aab33-ba6d-4cd5-8a7d-e597730b948d has been successfully formatted.
2019-09-19 09:52:12,781 [pool-239-thread-1] INFO  ratis.ContainerStateMachine (ContainerStateMachine.java:loadSnapshot(226)) - group-E597730B948D: The snapshot info is null. Setting the last applied indexto:(t:0, i:~)
2019-09-19 09:52:12,782 [pool-239-thread-1] INFO  server.RaftServerConfigKeys (ConfUtils.java:logGet(43)) - raft.server.leader.election.timeout = 120s (custom)
2019-09-19 09:52:12,782 [pool-239-thread-1] INFO  server.RaftServerConfigKeys (ConfUtils.java:logGet(43)) - raft.server.log.use.memory = false (default)
2019-09-19 09:52:12,782 [pool-239-thread-1] INFO  server.RaftServerConfigKeys (ConfUtils.java:logGet(43)) - raft.server.log.purge.gap = 1000000 (custom)
2019-09-19 09:52:12,782 [pool-239-thread-1] INFO  server.RaftServerConfigKeys (ConfUtils.java:logGet(43)) - raft.server.log.appender.buffer.byte-limit = 33554432 (custom)
2019-09-19 09:52:12,782 [pool-239-thread-1] INFO  server.RaftServerConfigKeys (ConfUtils.java:logGet(43)) - raft.server.log.segment.size.max = 1048576 (custom)
2019-09-19 09:52:12,782 [pool-239-thread-1] INFO  server.RaftServerConfigKeys (ConfUtils.java:logGet(43)) - raft.server.log.segment.cache.num.max = 2 (custom)
2019-09-19 09:52:12,783 [pool-239-thread-1] INFO  segmented.SegmentedRaftLogWorker (SegmentedRaftLogWorker.java:<init>(172)) - new 89feb2f7-d50c-4522-98d5-3e9e37dc82b4-SegmentedRaftLogWorker:Storage Directory /workdir/hadoop-ozone/ozonefs/target/test-dir/MiniOzoneClusterImpl-f189934c-45ad-4ec0-9247-8ce3942f6bd4/datanode-0/data/ratis/331aab33-ba6d-4cd5-8a7d-e597730b948d for RaftStorage:Storage Directory /workdir/hadoop-ozone/ozonefs/target/test-dir/MiniOzoneClusterImpl-f189934c-45ad-4ec0-9247-8ce3942f6bd4/datanode-0/data/ratis/331aab33-ba6d-4cd5-8a7d-e597730b948d
2019-09-19 09:52:12,783 [pool-239-thread-1] INFO  server.RaftServerConfigKeys (ConfUtils.java:logGet(43)) - raft.server.log.queue.byte-limit = 2147483647 (custom)
2019-09-19 09:52:12,783 [pool-239-thread-1] INFO  server.RaftServerConfigKeys (ConfUtils.java:logGet(43)) - raft.server.log.queue.element-limit = 1024 (custom)
2019-09-19 09:52:12,783 [pool-239-thread-1] INFO  server.RaftServerConfigKeys (ConfUtils.java:logGet(43)) - raft.server.log.segment.size.max = 1048576 (custom)
2019-09-19 09:52:12,783 [pool-239-thread-1] INFO  server.RaftServerConfigKeys (ConfUtils.java:logGet(43)) - raft.server.log.preallocated.size = 16384 (custom)
2019-09-19 09:52:12,784 [pool-239-thread-1] INFO  server.RaftServerConfigKeys (ConfUtils.java:logGet(43)) - raft.server.log.write.buffer.size = 33554432 (custom)
2019-09-19 09:52:12,784 [pool-239-thread-1] INFO  server.RaftServerConfigKeys (ConfUtils.java:logGet(43)) - raft.server.log.force.sync.num = 128 (default)
2019-09-19 09:52:12,784 [pool-239-thread-1] INFO  server.RaftServerConfigKeys (ConfUtils.java:logGet(43)) - raft.server.log.statemachine.data.sync = true (default)
2019-09-19 09:52:12,784 [pool-239-thread-1] INFO  server.RaftServerConfigKeys (ConfUtils.java:logGet(43)) - raft.server.log.statemachine.data.sync.timeout = 10s (default)
2019-09-19 09:52:12,784 [pool-239-thread-1] INFO  server.RaftServerConfigKeys (ConfUtils.java:logGet(43)) - raft.server.log.statemachine.data.sync.timeout.retry = -1 (default)
2019-09-19 09:52:12,784 [pool-239-thread-1] INFO  server.RaftServerConfigKeys (ConfUtils.java:logGet(43)) - raft.server.log.statemachine.data.caching.enabled = true (custom)
2019-09-19 09:52:12,785 [pool-239-thread-1] INFO  segmented.SegmentedRaftLogWorker (SegmentedRaftLogWorker.java:lambda$new$0(132)) - 89feb2f7-d50c-4522-98d5-3e9e37dc82b4-SegmentedRaftLogWorker:Storage Directory /workdir/hadoop-ozone/ozonefs/target/test-dir/MiniOzoneClusterImpl-f189934c-45ad-4ec0-9247-8ce3942f6bd4/datanode-0/data/ratis/331aab33-ba6d-4cd5-8a7d-e597730b948d: flushIndex: setUnconditionally 0 -> -1
2019-09-19 09:52:12,785 [pool-239-thread-1] INFO  server.RaftServerConfigKeys (ConfUtils.java:logGet(43)) - raft.server.snapshot.auto.trigger.enabled = true (custom)
2019-09-19 09:52:12,785 [pool-239-thread-1] INFO  server.RaftServerConfigKeys (ConfUtils.java:logGet(43)) - raft.server.snapshot.auto.trigger.threshold = 10000 (custom)
2019-09-19 09:52:12,786 [pool-239-thread-1] INFO  server.RaftServerConfigKeys (ConfUtils.java:logGet(43)) - raft.server.retrycache.expirytime = 600000ms (custom)
2019-09-19 09:52:12,786 [pool-239-thread-1] INFO  impl.RaftServerImpl (RaftServerImpl.java:start(180)) - 89feb2f7-d50c-4522-98d5-3e9e37dc82b4: start group-E597730B948D
2019-09-19 09:52:12,786 [pool-239-thread-1] INFO  impl.RaftServerImpl (RaftServerImpl.java:setRole(171)) - 89feb2f7-d50c-4522-98d5-3e9e37dc82b4:group-E597730B948D changes role from null to FOLLOWER at term 0 for startAsFollower
2019-09-19 09:52:12,786 [pool-239-thread-1] INFO  impl.RoleInfo (RoleInfo.java:updateAndGet(143)) - 89feb2f7-d50c-4522-98d5-3e9e37dc82b4: start FollowerState
2019-09-19 09:52:12,788 [pool-239-thread-1] INFO  util.JmxRegister (JmxRegister.java:tryRegister(44)) - Successfully registered JMX Bean with object name Ratis:service=RaftServer,group=group-E597730B948D,id=89feb2f7-d50c-4522-98d5-3e9e37dc82b4
2019-09-19 09:52:12,791 [RatisPipelineUtilsThread] INFO  pipeline.PipelineStateManager (PipelineStateManager.java:addPipeline(56)) - Created pipeline Pipeline[ Id: 331aab33-ba6d-4cd5-8a7d-e597730b948d, Nodes: 89feb2f7-d50c-4522-98d5-3e9e37dc82b4{ip: 192.168.34.5, host: pr-hdds-1569-j4bt4-3030777008, networkLocation: /default-rack, certSerialId: null}, Type:RATIS, Factor:ONE, State:OPEN]
2019-09-19 09:52:12,797 [grpc-default-executor-0] INFO  impl.RaftServerProxy (RaftServerProxy.java:addNew(89)) - 89feb2f7-d50c-4522-98d5-3e9e37dc82b4: addNew group-33A239D1D318:[89feb2f7-d50c-4522-98d5-3e9e37dc82b4:192.168.34.5:38381] returns group-33A239D1D318:java.util.concurrent.CompletableFuture@6f325ffc[Not completed]
2019-09-19 09:52:12,798 [pool-239-thread-1] INFO  impl.RaftServerImpl (RaftServerImpl.java:<init>(93)) - 89feb2f7-d50c-4522-98d5-3e9e37dc82b4: new RaftServerImpl for group-33A239D1D318:[89feb2f7-d50c-4522-98d5-3e9e37dc82b4:192.168.34.5:38381] with ContainerStateMachine:uninitialized
2019-09-19 09:52:12,798 [pool-239-thread-1] INFO  server.RaftServerConfigKeys (ConfUtils.java:logGet(43)) - raft.server.rpc.timeout.min = 5s (custom)
2019-09-19 09:52:12,798 [pool-239-thread-1] INFO  server.RaftServerConfigKeys (ConfUtils.java:logGet(43)) - raft.server.rpc.timeout.max = 5200ms (custom)
2019-09-19 09:52:12,798 [pool-239-thread-1] INFO  server.RaftServerConfigKeys (ConfUtils.java:logGet(43)) - raft.server.rpcslowness.timeout = 120s (custom)
2019-09-19 09:52:12,798 [pool-239-thread-1] INFO  server.RaftServerConfigKeys (ConfUtils.java:logGet(43)) - raft.server.sleep.deviation.threshold = 300 (default)
2019-09-19 09:52:12,798 [pool-239-thread-1] INFO  server.RaftServerConfigKeys (ConfUtils.java:logGet(43)) - raft.server.log.appender.install.snapshot.enabled = false (custom)
2019-09-19 09:52:12,799 [pool-239-thread-1] INFO  impl.RaftServerImpl (ServerState.java:<init>(105)) - 89feb2f7-d50c-4522-98d5-3e9e37dc82b4:group-33A239D1D318 ConfigurationManager, init=-1: [89feb2f7-d50c-4522-98d5-3e9e37dc82b4:192.168.34.5:38381], old=null, confs=<EMPTY_MAP>
2019-09-19 09:52:12,799 [pool-239-thread-1] INFO  server.RaftServerConfigKeys (ConfUtils.java:logGet(43)) - raft.server.storage.dir = [/workdir/hadoop-ozone/ozonefs/target/test-dir/MiniOzoneClusterImpl-f189934c-45ad-4ec0-9247-8ce3942f6bd4/datanode-0/data/ratis] (custom)
2019-09-19 09:52:12,799 [pool-239-thread-1] INFO  storage.RaftStorageDirectory (RaftStorageDirectory.java:analyzeStorage(246)) - The storage directory /workdir/hadoop-ozone/ozonefs/target/test-dir/MiniOzoneClusterImpl-f189934c-45ad-4ec0-9247-8ce3942f6bd4/datanode-0/data/ratis/757d4413-dc68-4fc1-9abd-33a239d1d318 does not exist. Creating ...
2019-09-19 09:52:12,802 [pool-239-thread-1] INFO  storage.RaftStorageDirectory (RaftStorageDirectory.java:tryLock(328)) - Lock on /workdir/hadoop-ozone/ozonefs/target/test-dir/MiniOzoneClusterImpl-f189934c-45ad-4ec0-9247-8ce3942f6bd4/datanode-0/data/ratis/757d4413-dc68-4fc1-9abd-33a239d1d318/in_use.lock acquired by nodename 9507@pr-hdds-1569-j4bt4-3030777008
2019-09-19 09:52:12,814 [pool-239-thread-1] INFO  storage.RaftStorage (RaftStorage.java:format(72)) - Storage directory /workdir/hadoop-ozone/ozonefs/target/test-dir/MiniOzoneClusterImpl-f189934c-45ad-4ec0-9247-8ce3942f6bd4/datanode-0/data/ratis/757d4413-dc68-4fc1-9abd-33a239d1d318 has been successfully formatted.
2019-09-19 09:52:12,814 [pool-239-thread-1] INFO  ratis.ContainerStateMachine (ContainerStateMachine.java:loadSnapshot(226)) - group-33A239D1D318: The snapshot info is null. Setting the last applied indexto:(t:0, i:~)
2019-09-19 09:52:12,815 [pool-239-thread-1] INFO  server.RaftServerConfigKeys (ConfUtils.java:logGet(43)) - raft.server.leader.election.timeout = 120s (custom)
2019-09-19 09:52:12,815 [pool-239-thread-1] INFO  server.RaftServerConfigKeys (ConfUtils.java:logGet(43)) - raft.server.log.use.memory = false (default)
2019-09-19 09:52:12,815 [pool-239-thread-1] INFO  server.RaftServerConfigKeys (ConfUtils.java:logGet(43)) - raft.server.log.purge.gap = 1000000 (custom)
2019-09-19 09:52:12,815 [pool-239-thread-1] INFO  server.RaftServerConfigKeys (ConfUtils.java:logGet(43)) - raft.server.log.appender.buffer.byte-limit = 33554432 (custom)
2019-09-19 09:52:12,815 [pool-239-thread-1] INFO  server.RaftServerConfigKeys (ConfUtils.java:logGet(43)) - raft.server.log.segment.size.max = 1048576 (custom)
2019-09-19 09:52:12,815 [pool-239-thread-1] INFO  server.RaftServerConfigKeys (ConfUtils.java:logGet(43)) - raft.server.log.segment.cache.num.max = 2 (custom)
2019-09-19 09:52:12,815 [pool-239-thread-1] INFO  segmented.SegmentedRaftLogWorker (SegmentedRaftLogWorker.java:<init>(172)) - new 89feb2f7-d50c-4522-98d5-3e9e37dc82b4-SegmentedRaftLogWorker:Storage Directory /workdir/hadoop-ozone/ozonefs/target/test-dir/MiniOzoneClusterImpl-f189934c-45ad-4ec0-9247-8ce3942f6bd4/datanode-0/data/ratis/757d4413-dc68-4fc1-9abd-33a239d1d318 for RaftStorage:Storage Directory /workdir/hadoop-ozone/ozonefs/target/test-dir/MiniOzoneClusterImpl-f189934c-45ad-4ec0-9247-8ce3942f6bd4/datanode-0/data/ratis/757d4413-dc68-4fc1-9abd-33a239d1d318
2019-09-19 09:52:12,816 [pool-239-thread-1] INFO  server.RaftServerConfigKeys (ConfUtils.java:logGet(43)) - raft.server.log.queue.byte-limit = 2147483647 (custom)
2019-09-19 09:52:12,816 [pool-239-thread-1] INFO  server.RaftServerConfigKeys (ConfUtils.java:logGet(43)) - raft.server.log.queue.element-limit = 1024 (custom)
2019-09-19 09:52:12,816 [pool-239-thread-1] INFO  server.RaftServerConfigKeys (ConfUtils.java:logGet(43)) - raft.server.log.segment.size.max = 1048576 (custom)
2019-09-19 09:52:12,816 [pool-239-thread-1] INFO  server.RaftServerConfigKeys (ConfUtils.java:logGet(43)) - raft.server.log.preallocated.size = 16384 (custom)
2019-09-19 09:52:12,816 [pool-239-thread-1] INFO  server.RaftServerConfigKeys (ConfUtils.java:logGet(43)) - raft.server.log.write.buffer.size = 33554432 (custom)
2019-09-19 09:52:12,816 [pool-239-thread-1] INFO  server.RaftServerConfigKeys (ConfUtils.java:logGet(43)) - raft.server.log.force.sync.num = 128 (default)
2019-09-19 09:52:12,816 [pool-239-thread-1] INFO  server.RaftServerConfigKeys (ConfUtils.java:logGet(43)) - raft.server.log.statemachine.data.sync = true (default)
2019-09-19 09:52:12,817 [pool-239-thread-1] INFO  server.RaftServerConfigKeys (ConfUtils.java:logGet(43)) - raft.server.log.statemachine.data.sync.timeout = 10s (default)
2019-09-19 09:52:12,817 [pool-239-thread-1] INFO  server.RaftServerConfigKeys (ConfUtils.java:logGet(43)) - raft.server.log.statemachine.data.sync.timeout.retry = -1 (default)
2019-09-19 09:52:12,817 [pool-239-thread-1] INFO  server.RaftServerConfigKeys (ConfUtils.java:logGet(43)) - raft.server.log.statemachine.data.caching.enabled = true (custom)
2019-09-19 09:52:12,817 [pool-239-thread-1] INFO  segmented.SegmentedRaftLogWorker (SegmentedRaftLogWorker.java:lambda$new$0(132)) - 89feb2f7-d50c-4522-98d5-3e9e37dc82b4-SegmentedRaftLogWorker:Storage Directory /workdir/hadoop-ozone/ozonefs/target/test-dir/MiniOzoneClusterImpl-f189934c-45ad-4ec0-9247-8ce3942f6bd4/datanode-0/data/ratis/757d4413-dc68-4fc1-9abd-33a239d1d318: flushIndex: setUnconditionally 0 -> -1
2019-09-19 09:52:12,817 [pool-239-thread-1] INFO  server.RaftServerConfigKeys (ConfUtils.java:logGet(43)) - raft.server.snapshot.auto.trigger.enabled = true (custom)
2019-09-19 09:52:12,818 [pool-239-thread-1] INFO  server.RaftServerConfigKeys (ConfUtils.java:logGet(43)) - raft.server.snapshot.auto.trigger.threshold = 10000 (custom)
2019-09-19 09:52:12,818 [pool-239-thread-1] INFO  server.RaftServerConfigKeys (ConfUtils.java:logGet(43)) - raft.server.retrycache.expirytime = 600000ms (custom)
2019-09-19 09:52:12,818 [pool-239-thread-1] INFO  impl.RaftServerImpl (RaftServerImpl.java:start(180)) - 89feb2f7-d50c-4522-98d5-3e9e37dc82b4: start group-33A239D1D318
2019-09-19 09:52:12,818 [pool-239-thread-1] INFO  impl.RaftServerImpl (RaftServerImpl.java:setRole(171)) - 89feb2f7-d50c-4522-98d5-3e9e37dc82b4:group-33A239D1D318 changes role from null to FOLLOWER at term 0 for startAsFollower
2019-09-19 09:52:12,818 [pool-239-thread-1] INFO  impl.RoleInfo (RoleInfo.java:updateAndGet(143)) - 89feb2f7-d50c-4522-98d5-3e9e37dc82b4: start FollowerState
2019-09-19 09:52:12,819 [pool-239-thread-1] INFO  util.JmxRegister (JmxRegister.java:tryRegister(44)) - Successfully registered JMX Bean with object name Ratis:service=RaftServer,group=group-33A239D1D318,id=89feb2f7-d50c-4522-98d5-3e9e37dc82b4
2019-09-19 09:52:12,822 [RatisPipelineUtilsThread] INFO  pipeline.PipelineStateManager (PipelineStateManager.java:addPipeline(56)) - Created pipeline Pipeline[ Id: 757d4413-dc68-4fc1-9abd-33a239d1d318, Nodes: 89feb2f7-d50c-4522-98d5-3e9e37dc82b4{ip: 192.168.34.5, host: pr-hdds-1569-j4bt4-3030777008, networkLocation: /default-rack, certSerialId: null}, Type:RATIS, Factor:ONE, State:OPEN]
2019-09-19 09:52:12,827 [grpc-default-executor-0] INFO  impl.RaftServerProxy (RaftServerProxy.java:addNew(89)) - 89feb2f7-d50c-4522-98d5-3e9e37dc82b4: addNew group-F34EDD2990F8:[89feb2f7-d50c-4522-98d5-3e9e37dc82b4:192.168.34.5:38381] returns group-F34EDD2990F8:java.util.concurrent.CompletableFuture@3e89bf4f[Not completed]
2019-09-19 09:52:12,828 [pool-239-thread-1] INFO  impl.RaftServerImpl (RaftServerImpl.java:<init>(93)) - 89feb2f7-d50c-4522-98d5-3e9e37dc82b4: new RaftServerImpl for group-F34EDD2990F8:[89feb2f7-d50c-4522-98d5-3e9e37dc82b4:192.168.34.5:38381] with ContainerStateMachine:uninitialized
2019-09-19 09:52:12,829 [pool-239-thread-1] INFO  server.RaftServerConfigKeys (ConfUtils.java:logGet(43)) - raft.server.rpc.timeout.min = 5s (custom)
2019-09-19 09:52:12,829 [pool-239-thread-1] INFO  server.RaftServerConfigKeys (ConfUtils.java:logGet(43)) - raft.server.rpc.timeout.max = 5200ms (custom)
2019-09-19 09:52:12,829 [pool-239-thread-1] INFO  server.RaftServerConfigKeys (ConfUtils.java:logGet(43)) - raft.server.rpcslowness.timeout = 120s (custom)
2019-09-19 09:52:12,829 [pool-239-thread-1] INFO  server.RaftServerConfigKeys (ConfUtils.java:logGet(43)) - raft.server.sleep.deviation.threshold = 300 (default)
2019-09-19 09:52:12,829 [pool-239-thread-1] INFO  server.RaftServerConfigKeys (ConfUtils.java:logGet(43)) - raft.server.log.appender.install.snapshot.enabled = false (custom)
2019-09-19 09:52:12,829 [pool-239-thread-1] INFO  impl.RaftServerImpl (ServerState.java:<init>(105)) - 89feb2f7-d50c-4522-98d5-3e9e37dc82b4:group-F34EDD2990F8 ConfigurationManager, init=-1: [89feb2f7-d50c-4522-98d5-3e9e37dc82b4:192.168.34.5:38381], old=null, confs=<EMPTY_MAP>
2019-09-19 09:52:12,829 [pool-239-thread-1] INFO  server.RaftServerConfigKeys (ConfUtils.java:logGet(43)) - raft.server.storage.dir = [/workdir/hadoop-ozone/ozonefs/target/test-dir/MiniOzoneClusterImpl-f189934c-45ad-4ec0-9247-8ce3942f6bd4/datanode-0/data/ratis] (custom)
2019-09-19 09:52:12,830 [pool-239-thread-1] INFO  storage.RaftStorageDirectory (RaftStorageDirectory.java:analyzeStorage(246)) - The storage directory /workdir/hadoop-ozone/ozonefs/target/test-dir/MiniOzoneClusterImpl-f189934c-45ad-4ec0-9247-8ce3942f6bd4/datanode-0/data/ratis/07a766a8-c879-444e-92b4-f34edd2990f8 does not exist. Creating ...
2019-09-19 09:52:12,833 [pool-239-thread-1] INFO  storage.RaftStorageDirectory (RaftStorageDirectory.java:tryLock(328)) - Lock on /workdir/hadoop-ozone/ozonefs/target/test-dir/MiniOzoneClusterImpl-f189934c-45ad-4ec0-9247-8ce3942f6bd4/datanode-0/data/ratis/07a766a8-c879-444e-92b4-f34edd2990f8/in_use.lock acquired by nodename 9507@pr-hdds-1569-j4bt4-3030777008
2019-09-19 09:52:12,838 [pool-239-thread-1] INFO  storage.RaftStorage (RaftStorage.java:format(72)) - Storage directory /workdir/hadoop-ozone/ozonefs/target/test-dir/MiniOzoneClusterImpl-f189934c-45ad-4ec0-9247-8ce3942f6bd4/datanode-0/data/ratis/07a766a8-c879-444e-92b4-f34edd2990f8 has been successfully formatted.
2019-09-19 09:52:12,839 [pool-239-thread-1] INFO  ratis.ContainerStateMachine (ContainerStateMachine.java:loadSnapshot(226)) - group-F34EDD2990F8: The snapshot info is null. Setting the last applied indexto:(t:0, i:~)
2019-09-19 09:52:12,839 [pool-239-thread-1] INFO  server.RaftServerConfigKeys (ConfUtils.java:logGet(43)) - raft.server.leader.election.timeout = 120s (custom)
2019-09-19 09:52:12,839 [pool-239-thread-1] INFO  server.RaftServerConfigKeys (ConfUtils.java:logGet(43)) - raft.server.log.use.memory = false (default)
2019-09-19 09:52:12,839 [pool-239-thread-1] INFO  server.RaftServerConfigKeys (ConfUtils.java:logGet(43)) - raft.server.log.purge.gap = 1000000 (custom)
2019-09-19 09:52:12,839 [pool-239-thread-1] INFO  server.RaftServerConfigKeys (ConfUtils.java:logGet(43)) - raft.server.log.appender.buffer.byte-limit = 33554432 (custom)
2019-09-19 09:52:12,839 [pool-239-thread-1] INFO  server.RaftServerConfigKeys (ConfUtils.java:logGet(43)) - raft.server.log.segment.size.max = 1048576 (custom)
2019-09-19 09:52:12,839 [pool-239-thread-1] INFO  server.RaftServerConfigKeys (ConfUtils.java:logGet(43)) - raft.server.log.segment.cache.num.max = 2 (custom)
2019-09-19 09:52:12,840 [pool-239-thread-1] INFO  segmented.SegmentedRaftLogWorker (SegmentedRaftLogWorker.java:<init>(172)) - new 89feb2f7-d50c-4522-98d5-3e9e37dc82b4-SegmentedRaftLogWorker:Storage Directory /workdir/hadoop-ozone/ozonefs/target/test-dir/MiniOzoneClusterImpl-f189934c-45ad-4ec0-9247-8ce3942f6bd4/datanode-0/data/ratis/07a766a8-c879-444e-92b4-f34edd2990f8 for RaftStorage:Storage Directory /workdir/hadoop-ozone/ozonefs/target/test-dir/MiniOzoneClusterImpl-f189934c-45ad-4ec0-9247-8ce3942f6bd4/datanode-0/data/ratis/07a766a8-c879-444e-92b4-f34edd2990f8
2019-09-19 09:52:12,840 [pool-239-thread-1] INFO  server.RaftServerConfigKeys (ConfUtils.java:logGet(43)) - raft.server.log.queue.byte-limit = 2147483647 (custom)
2019-09-19 09:52:12,840 [pool-239-thread-1] INFO  server.RaftServerConfigKeys (ConfUtils.java:logGet(43)) - raft.server.log.queue.element-limit = 1024 (custom)
2019-09-19 09:52:12,840 [pool-239-thread-1] INFO  server.RaftServerConfigKeys (ConfUtils.java:logGet(43)) - raft.server.log.segment.size.max = 1048576 (custom)
2019-09-19 09:52:12,840 [pool-239-thread-1] INFO  server.RaftServerConfigKeys (ConfUtils.java:logGet(43)) - raft.server.log.preallocated.size = 16384 (custom)
2019-09-19 09:52:12,840 [pool-239-thread-1] INFO  server.RaftServerConfigKeys (ConfUtils.java:logGet(43)) - raft.server.log.write.buffer.size = 33554432 (custom)
2019-09-19 09:52:12,840 [pool-239-thread-1] INFO  server.RaftServerConfigKeys (ConfUtils.java:logGet(43)) - raft.server.log.force.sync.num = 128 (default)
2019-09-19 09:52:12,841 [pool-239-thread-1] INFO  server.RaftServerConfigKeys (ConfUtils.java:logGet(43)) - raft.server.log.statemachine.data.sync = true (default)
2019-09-19 09:52:12,841 [pool-239-thread-1] INFO  server.RaftServerConfigKeys (ConfUtils.java:logGet(43)) - raft.server.log.statemachine.data.sync.timeout = 10s (default)
2019-09-19 09:52:12,841 [pool-239-thread-1] INFO  server.RaftServerConfigKeys (ConfUtils.java:logGet(43)) - raft.server.log.statemachine.data.sync.timeout.retry = -1 (default)
2019-09-19 09:52:12,841 [pool-239-thread-1] INFO  server.RaftServerConfigKeys (ConfUtils.java:logGet(43)) - raft.server.log.statemachine.data.caching.enabled = true (custom)
2019-09-19 09:52:12,841 [pool-239-thread-1] INFO  segmented.SegmentedRaftLogWorker (SegmentedRaftLogWorker.java:lambda$new$0(132)) - 89feb2f7-d50c-4522-98d5-3e9e37dc82b4-SegmentedRaftLogWorker:Storage Directory /workdir/hadoop-ozone/ozonefs/target/test-dir/MiniOzoneClusterImpl-f189934c-45ad-4ec0-9247-8ce3942f6bd4/datanode-0/data/ratis/07a766a8-c879-444e-92b4-f34edd2990f8: flushIndex: setUnconditionally 0 -> -1
2019-09-19 09:52:12,842 [pool-239-thread-1] INFO  server.RaftServerConfigKeys (ConfUtils.java:logGet(43)) - raft.server.snapshot.auto.trigger.enabled = true (custom)
2019-09-19 09:52:12,842 [pool-239-thread-1] INFO  server.RaftServerConfigKeys (ConfUtils.java:logGet(43)) - raft.server.snapshot.auto.trigger.threshold = 10000 (custom)
2019-09-19 09:52:12,842 [pool-239-thread-1] INFO  server.RaftServerConfigKeys (ConfUtils.java:logGet(43)) - raft.server.retrycache.expirytime = 600000ms (custom)
2019-09-19 09:52:12,842 [pool-239-thread-1] INFO  impl.RaftServerImpl (RaftServerImpl.java:start(180)) - 89feb2f7-d50c-4522-98d5-3e9e37dc82b4: start group-F34EDD2990F8
2019-09-19 09:52:12,842 [pool-239-thread-1] INFO  impl.RaftServerImpl (RaftServerImpl.java:setRole(171)) - 89feb2f7-d50c-4522-98d5-3e9e37dc82b4:group-F34EDD2990F8 changes role from null to FOLLOWER at term 0 for startAsFollower
2019-09-19 09:52:12,842 [pool-239-thread-1] INFO  impl.RoleInfo (RoleInfo.java:updateAndGet(143)) - 89feb2f7-d50c-4522-98d5-3e9e37dc82b4: start FollowerState
2019-09-19 09:52:12,843 [pool-239-thread-1] INFO  util.JmxRegister (JmxRegister.java:tryRegister(44)) - Successfully registered JMX Bean with object name Ratis:service=RaftServer,group=group-F34EDD2990F8,id=89feb2f7-d50c-4522-98d5-3e9e37dc82b4
2019-09-19 09:52:12,846 [RatisPipelineUtilsThread] INFO  pipeline.PipelineStateManager (PipelineStateManager.java:addPipeline(56)) - Created pipeline Pipeline[ Id: 07a766a8-c879-444e-92b4-f34edd2990f8, Nodes: 89feb2f7-d50c-4522-98d5-3e9e37dc82b4{ip: 192.168.34.5, host: pr-hdds-1569-j4bt4-3030777008, networkLocation: /default-rack, certSerialId: null}, Type:RATIS, Factor:ONE, State:OPEN]
2019-09-19 09:52:12,851 [grpc-default-executor-0] INFO  impl.RaftServerProxy (RaftServerProxy.java:addNew(89)) - 89feb2f7-d50c-4522-98d5-3e9e37dc82b4: addNew group-819A78FF67D9:[89feb2f7-d50c-4522-98d5-3e9e37dc82b4:192.168.34.5:38381] returns group-819A78FF67D9:java.util.concurrent.CompletableFuture@1d66a51[Not completed]
2019-09-19 09:52:12,852 [pool-239-thread-1] INFO  impl.RaftServerImpl (RaftServerImpl.java:<init>(93)) - 89feb2f7-d50c-4522-98d5-3e9e37dc82b4: new RaftServerImpl for group-819A78FF67D9:[89feb2f7-d50c-4522-98d5-3e9e37dc82b4:192.168.34.5:38381] with ContainerStateMachine:uninitialized
2019-09-19 09:52:12,852 [pool-239-thread-1] INFO  server.RaftServerConfigKeys (ConfUtils.java:logGet(43)) - raft.server.rpc.timeout.min = 5s (custom)
2019-09-19 09:52:12,852 [pool-239-thread-1] INFO  server.RaftServerConfigKeys (ConfUtils.java:logGet(43)) - raft.server.rpc.timeout.max = 5200ms (custom)
2019-09-19 09:52:12,852 [pool-239-thread-1] INFO  server.RaftServerConfigKeys (ConfUtils.java:logGet(43)) - raft.server.rpcslowness.timeout = 120s (custom)
2019-09-19 09:52:12,852 [pool-239-thread-1] INFO  server.RaftServerConfigKeys (ConfUtils.java:logGet(43)) - raft.server.sleep.deviation.threshold = 300 (default)
2019-09-19 09:52:12,852 [pool-239-thread-1] INFO  server.RaftServerConfigKeys (ConfUtils.java:logGet(43)) - raft.server.log.appender.install.snapshot.enabled = false (custom)
2019-09-19 09:52:12,852 [pool-239-thread-1] INFO  impl.RaftServerImpl (ServerState.java:<init>(105)) - 89feb2f7-d50c-4522-98d5-3e9e37dc82b4:group-819A78FF67D9 ConfigurationManager, init=-1: [89feb2f7-d50c-4522-98d5-3e9e37dc82b4:192.168.34.5:38381], old=null, confs=<EMPTY_MAP>
2019-09-19 09:52:12,852 [pool-239-thread-1] INFO  server.RaftServerConfigKeys (ConfUtils.java:logGet(43)) - raft.server.storage.dir = [/workdir/hadoop-ozone/ozonefs/target/test-dir/MiniOzoneClusterImpl-f189934c-45ad-4ec0-9247-8ce3942f6bd4/datanode-0/data/ratis] (custom)
2019-09-19 09:52:12,853 [pool-239-thread-1] INFO  storage.RaftStorageDirectory (RaftStorageDirectory.java:analyzeStorage(246)) - The storage directory /workdir/hadoop-ozone/ozonefs/target/test-dir/MiniOzoneClusterImpl-f189934c-45ad-4ec0-9247-8ce3942f6bd4/datanode-0/data/ratis/0c4eee37-d467-434b-8f2a-819a78ff67d9 does not exist. Creating ...
2019-09-19 09:52:12,856 [pool-239-thread-1] INFO  storage.RaftStorageDirectory (RaftStorageDirectory.java:tryLock(328)) - Lock on /workdir/hadoop-ozone/ozonefs/target/test-dir/MiniOzoneClusterImpl-f189934c-45ad-4ec0-9247-8ce3942f6bd4/datanode-0/data/ratis/0c4eee37-d467-434b-8f2a-819a78ff67d9/in_use.lock acquired by nodename 9507@pr-hdds-1569-j4bt4-3030777008
2019-09-19 09:52:12,859 [pool-239-thread-1] INFO  storage.RaftStorage (RaftStorage.java:format(72)) - Storage directory /workdir/hadoop-ozone/ozonefs/target/test-dir/MiniOzoneClusterImpl-f189934c-45ad-4ec0-9247-8ce3942f6bd4/datanode-0/data/ratis/0c4eee37-d467-434b-8f2a-819a78ff67d9 has been successfully formatted.
2019-09-19 09:52:12,860 [pool-239-thread-1] INFO  ratis.ContainerStateMachine (ContainerStateMachine.java:loadSnapshot(226)) - group-819A78FF67D9: The snapshot info is null. Setting the last applied indexto:(t:0, i:~)
2019-09-19 09:52:12,860 [pool-239-thread-1] INFO  server.RaftServerConfigKeys (ConfUtils.java:logGet(43)) - raft.server.leader.election.timeout = 120s (custom)
2019-09-19 09:52:12,860 [pool-239-thread-1] INFO  server.RaftServerConfigKeys (ConfUtils.java:logGet(43)) - raft.server.log.use.memory = false (default)
2019-09-19 09:52:12,860 [pool-239-thread-1] INFO  server.RaftServerConfigKeys (ConfUtils.java:logGet(43)) - raft.server.log.purge.gap = 1000000 (custom)
2019-09-19 09:52:12,860 [pool-239-thread-1] INFO  server.RaftServerConfigKeys (ConfUtils.java:logGet(43)) - raft.server.log.appender.buffer.byte-limit = 33554432 (custom)
2019-09-19 09:52:12,860 [pool-239-thread-1] INFO  server.RaftServerConfigKeys (ConfUtils.java:logGet(43)) - raft.server.log.segment.size.max = 1048576 (custom)
2019-09-19 09:52:12,861 [pool-239-thread-1] INFO  server.RaftServerConfigKeys (ConfUtils.java:logGet(43)) - raft.server.log.segment.cache.num.max = 2 (custom)
2019-09-19 09:52:12,861 [pool-239-thread-1] INFO  segmented.SegmentedRaftLogWorker (SegmentedRaftLogWorker.java:<init>(172)) - new 89feb2f7-d50c-4522-98d5-3e9e37dc82b4-SegmentedRaftLogWorker:Storage Directory /workdir/hadoop-ozone/ozonefs/target/test-dir/MiniOzoneClusterImpl-f189934c-45ad-4ec0-9247-8ce3942f6bd4/datanode-0/data/ratis/0c4eee37-d467-434b-8f2a-819a78ff67d9 for RaftStorage:Storage Directory /workdir/hadoop-ozone/ozonefs/target/test-dir/MiniOzoneClusterImpl-f189934c-45ad-4ec0-9247-8ce3942f6bd4/datanode-0/data/ratis/0c4eee37-d467-434b-8f2a-819a78ff67d9
2019-09-19 09:52:12,861 [pool-239-thread-1] INFO  server.RaftServerConfigKeys (ConfUtils.java:logGet(43)) - raft.server.log.queue.byte-limit = 2147483647 (custom)
2019-09-19 09:52:12,861 [pool-239-thread-1] INFO  server.RaftServerConfigKeys (ConfUtils.java:logGet(43)) - raft.server.log.queue.element-limit = 1024 (custom)
2019-09-19 09:52:12,861 [pool-239-thread-1] INFO  server.RaftServerConfigKeys (ConfUtils.java:logGet(43)) - raft.server.log.segment.size.max = 1048576 (custom)
2019-09-19 09:52:12,861 [pool-239-thread-1] INFO  server.RaftServerConfigKeys (ConfUtils.java:logGet(43)) - raft.server.log.preallocated.size = 16384 (custom)
2019-09-19 09:52:12,861 [pool-239-thread-1] INFO  server.RaftServerConfigKeys (ConfUtils.java:logGet(43)) - raft.server.log.write.buffer.size = 33554432 (custom)
2019-09-19 09:52:12,861 [pool-239-thread-1] INFO  server.RaftServerConfigKeys (ConfUtils.java:logGet(43)) - raft.server.log.force.sync.num = 128 (default)
2019-09-19 09:52:12,862 [pool-239-thread-1] INFO  server.RaftServerConfigKeys (ConfUtils.java:logGet(43)) - raft.server.log.statemachine.data.sync = true (default)
2019-09-19 09:52:12,862 [pool-239-thread-1] INFO  server.RaftServerConfigKeys (ConfUtils.java:logGet(43)) - raft.server.log.statemachine.data.sync.timeout = 10s (default)
2019-09-19 09:52:12,862 [pool-239-thread-1] INFO  server.RaftServerConfigKeys (ConfUtils.java:logGet(43)) - raft.server.log.statemachine.data.sync.timeout.retry = -1 (default)
2019-09-19 09:52:12,862 [pool-239-thread-1] INFO  server.RaftServerConfigKeys (ConfUtils.java:logGet(43)) - raft.server.log.statemachine.data.caching.enabled = true (custom)
2019-09-19 09:52:12,862 [pool-239-thread-1] INFO  segmented.SegmentedRaftLogWorker (SegmentedRaftLogWorker.java:lambda$new$0(132)) - 89feb2f7-d50c-4522-98d5-3e9e37dc82b4-SegmentedRaftLogWorker:Storage Directory /workdir/hadoop-ozone/ozonefs/target/test-dir/MiniOzoneClusterImpl-f189934c-45ad-4ec0-9247-8ce3942f6bd4/datanode-0/data/ratis/0c4eee37-d467-434b-8f2a-819a78ff67d9: flushIndex: setUnconditionally 0 -> -1
2019-09-19 09:52:12,863 [pool-239-thread-1] INFO  server.RaftServerConfigKeys (ConfUtils.java:logGet(43)) - raft.server.snapshot.auto.trigger.enabled = true (custom)
2019-09-19 09:52:12,863 [pool-239-thread-1] INFO  server.RaftServerConfigKeys (ConfUtils.java:logGet(43)) - raft.server.snapshot.auto.trigger.threshold = 10000 (custom)
2019-09-19 09:52:12,863 [pool-239-thread-1] INFO  server.RaftServerConfigKeys (ConfUtils.java:logGet(43)) - raft.server.retrycache.expirytime = 600000ms (custom)
2019-09-19 09:52:12,863 [pool-239-thread-1] INFO  impl.RaftServerImpl (RaftServerImpl.java:start(180)) - 89feb2f7-d50c-4522-98d5-3e9e37dc82b4: start group-819A78FF67D9
2019-09-19 09:52:12,863 [pool-239-thread-1] INFO  impl.RaftServerImpl (RaftServerImpl.java:setRole(171)) - 89feb2f7-d50c-4522-98d5-3e9e37dc82b4:group-819A78FF67D9 changes role from null to FOLLOWER at term 0 for startAsFollower
2019-09-19 09:52:12,863 [pool-239-thread-1] INFO  impl.RoleInfo (RoleInfo.java:updateAndGet(143)) - 89feb2f7-d50c-4522-98d5-3e9e37dc82b4: start FollowerState
2019-09-19 09:52:12,864 [pool-239-thread-1] INFO  util.JmxRegister (JmxRegister.java:tryRegister(44)) - Successfully registered JMX Bean with object name Ratis:service=RaftServer,group=group-819A78FF67D9,id=89feb2f7-d50c-4522-98d5-3e9e37dc82b4
2019-09-19 09:52:12,866 [RatisPipelineUtilsThread] INFO  pipeline.PipelineStateManager (PipelineStateManager.java:addPipeline(56)) - Created pipeline Pipeline[ Id: 0c4eee37-d467-434b-8f2a-819a78ff67d9, Nodes: 89feb2f7-d50c-4522-98d5-3e9e37dc82b4{ip: 192.168.34.5, host: pr-hdds-1569-j4bt4-3030777008, networkLocation: /default-rack, certSerialId: null}, Type:RATIS, Factor:ONE, State:OPEN]
2019-09-19 09:52:12,871 [grpc-default-executor-0] INFO  impl.RaftServerProxy (RaftServerProxy.java:addNew(89)) - 89feb2f7-d50c-4522-98d5-3e9e37dc82b4: addNew group-831B3B2EE43B:[89feb2f7-d50c-4522-98d5-3e9e37dc82b4:192.168.34.5:38381] returns group-831B3B2EE43B:java.util.concurrent.CompletableFuture@3ac7e577[Not completed]
2019-09-19 09:52:12,872 [pool-239-thread-1] INFO  impl.RaftServerImpl (RaftServerImpl.java:<init>(93)) - 89feb2f7-d50c-4522-98d5-3e9e37dc82b4: new RaftServerImpl for group-831B3B2EE43B:[89feb2f7-d50c-4522-98d5-3e9e37dc82b4:192.168.34.5:38381] with ContainerStateMachine:uninitialized
2019-09-19 09:52:12,872 [pool-239-thread-1] INFO  server.RaftServerConfigKeys (ConfUtils.java:logGet(43)) - raft.server.rpc.timeout.min = 5s (custom)
2019-09-19 09:52:12,872 [pool-239-thread-1] INFO  server.RaftServerConfigKeys (ConfUtils.java:logGet(43)) - raft.server.rpc.timeout.max = 5200ms (custom)
2019-09-19 09:52:12,872 [pool-239-thread-1] INFO  server.RaftServerConfigKeys (ConfUtils.java:logGet(43)) - raft.server.rpcslowness.timeout = 120s (custom)
2019-09-19 09:52:12,872 [pool-239-thread-1] INFO  server.RaftServerConfigKeys (ConfUtils.java:logGet(43)) - raft.server.sleep.deviation.threshold = 300 (default)
2019-09-19 09:52:12,872 [pool-239-thread-1] INFO  server.RaftServerConfigKeys (ConfUtils.java:logGet(43)) - raft.server.log.appender.install.snapshot.enabled = false (custom)
2019-09-19 09:52:12,873 [pool-239-thread-1] INFO  impl.RaftServerImpl (ServerState.java:<init>(105)) - 89feb2f7-d50c-4522-98d5-3e9e37dc82b4:group-831B3B2EE43B ConfigurationManager, init=-1: [89feb2f7-d50c-4522-98d5-3e9e37dc82b4:192.168.34.5:38381], old=null, confs=<EMPTY_MAP>
2019-09-19 09:52:12,873 [pool-239-thread-1] INFO  server.RaftServerConfigKeys (ConfUtils.java:logGet(43)) - raft.server.storage.dir = [/workdir/hadoop-ozone/ozonefs/target/test-dir/MiniOzoneClusterImpl-f189934c-45ad-4ec0-9247-8ce3942f6bd4/datanode-0/data/ratis] (custom)
2019-09-19 09:52:12,873 [pool-239-thread-1] INFO  storage.RaftStorageDirectory (RaftStorageDirectory.java:analyzeStorage(246)) - The storage directory /workdir/hadoop-ozone/ozonefs/target/test-dir/MiniOzoneClusterImpl-f189934c-45ad-4ec0-9247-8ce3942f6bd4/datanode-0/data/ratis/1623f7db-5a76-4db8-b696-831b3b2ee43b does not exist. Creating ...
2019-09-19 09:52:12,877 [pool-239-thread-1] INFO  storage.RaftStorageDirectory (RaftStorageDirectory.java:tryLock(328)) - Lock on /workdir/hadoop-ozone/ozonefs/target/test-dir/MiniOzoneClusterImpl-f189934c-45ad-4ec0-9247-8ce3942f6bd4/datanode-0/data/ratis/1623f7db-5a76-4db8-b696-831b3b2ee43b/in_use.lock acquired by nodename 9507@pr-hdds-1569-j4bt4-3030777008
2019-09-19 09:52:12,881 [pool-239-thread-1] INFO  storage.RaftStorage (RaftStorage.java:format(72)) - Storage directory /workdir/hadoop-ozone/ozonefs/target/test-dir/MiniOzoneClusterImpl-f189934c-45ad-4ec0-9247-8ce3942f6bd4/datanode-0/data/ratis/1623f7db-5a76-4db8-b696-831b3b2ee43b has been successfully formatted.
2019-09-19 09:52:12,881 [pool-239-thread-1] INFO  ratis.ContainerStateMachine (ContainerStateMachine.java:loadSnapshot(226)) - group-831B3B2EE43B: The snapshot info is null. Setting the last applied indexto:(t:0, i:~)
2019-09-19 09:52:12,881 [pool-239-thread-1] INFO  server.RaftServerConfigKeys (ConfUtils.java:logGet(43)) - raft.server.leader.election.timeout = 120s (custom)
2019-09-19 09:52:12,881 [pool-239-thread-1] INFO  server.RaftServerConfigKeys (ConfUtils.java:logGet(43)) - raft.server.log.use.memory = false (default)
2019-09-19 09:52:12,881 [pool-239-thread-1] INFO  server.RaftServerConfigKeys (ConfUtils.java:logGet(43)) - raft.server.log.purge.gap = 1000000 (custom)
2019-09-19 09:52:12,882 [pool-239-thread-1] INFO  server.RaftServerConfigKeys (ConfUtils.java:logGet(43)) - raft.server.log.appender.buffer.byte-limit = 33554432 (custom)
2019-09-19 09:52:12,882 [pool-239-thread-1] INFO  server.RaftServerConfigKeys (ConfUtils.java:logGet(43)) - raft.server.log.segment.size.max = 1048576 (custom)
2019-09-19 09:52:12,882 [pool-239-thread-1] INFO  server.RaftServerConfigKeys (ConfUtils.java:logGet(43)) - raft.server.log.segment.cache.num.max = 2 (custom)
2019-09-19 09:52:12,882 [pool-239-thread-1] INFO  segmented.SegmentedRaftLogWorker (SegmentedRaftLogWorker.java:<init>(172)) - new 89feb2f7-d50c-4522-98d5-3e9e37dc82b4-SegmentedRaftLogWorker:Storage Directory /workdir/hadoop-ozone/ozonefs/target/test-dir/MiniOzoneClusterImpl-f189934c-45ad-4ec0-9247-8ce3942f6bd4/datanode-0/data/ratis/1623f7db-5a76-4db8-b696-831b3b2ee43b for RaftStorage:Storage Directory /workdir/hadoop-ozone/ozonefs/target/test-dir/MiniOzoneClusterImpl-f189934c-45ad-4ec0-9247-8ce3942f6bd4/datanode-0/data/ratis/1623f7db-5a76-4db8-b696-831b3b2ee43b
2019-09-19 09:52:12,882 [pool-239-thread-1] INFO  server.RaftServerConfigKeys (ConfUtils.java:logGet(43)) - raft.server.log.queue.byte-limit = 2147483647 (custom)
2019-09-19 09:52:12,882 [pool-239-thread-1] INFO  server.RaftServerConfigKeys (ConfUtils.java:logGet(43)) - raft.server.log.queue.element-limit = 1024 (custom)
2019-09-19 09:52:12,882 [pool-239-thread-1] INFO  server.RaftServerConfigKeys (ConfUtils.java:logGet(43)) - raft.server.log.segment.size.max = 1048576 (custom)
2019-09-19 09:52:12,882 [pool-239-thread-1] INFO  server.RaftServerConfigKeys (ConfUtils.java:logGet(43)) - raft.server.log.preallocated.size = 16384 (custom)
2019-09-19 09:52:12,883 [pool-239-thread-1] INFO  server.RaftServerConfigKeys (ConfUtils.java:logGet(43)) - raft.server.log.write.buffer.size = 33554432 (custom)
2019-09-19 09:52:12,883 [pool-239-thread-1] INFO  server.RaftServerConfigKeys (ConfUtils.java:logGet(43)) - raft.server.log.force.sync.num = 128 (default)
2019-09-19 09:52:12,883 [pool-239-thread-1] INFO  server.RaftServerConfigKeys (ConfUtils.java:logGet(43)) - raft.server.log.statemachine.data.sync = true (default)
2019-09-19 09:52:12,883 [pool-239-thread-1] INFO  server.RaftServerConfigKeys (ConfUtils.java:logGet(43)) - raft.server.log.statemachine.data.sync.timeout = 10s (default)
2019-09-19 09:52:12,883 [pool-239-thread-1] INFO  server.RaftServerConfigKeys (ConfUtils.java:logGet(43)) - raft.server.log.statemachine.data.sync.timeout.retry = -1 (default)
2019-09-19 09:52:12,883 [pool-239-thread-1] INFO  server.RaftServerConfigKeys (ConfUtils.java:logGet(43)) - raft.server.log.statemachine.data.caching.enabled = true (custom)
2019-09-19 09:52:12,884 [pool-239-thread-1] INFO  segmented.SegmentedRaftLogWorker (SegmentedRaftLogWorker.java:lambda$new$0(132)) - 89feb2f7-d50c-4522-98d5-3e9e37dc82b4-SegmentedRaftLogWorker:Storage Directory /workdir/hadoop-ozone/ozonefs/target/test-dir/MiniOzoneClusterImpl-f189934c-45ad-4ec0-9247-8ce3942f6bd4/datanode-0/data/ratis/1623f7db-5a76-4db8-b696-831b3b2ee43b: flushIndex: setUnconditionally 0 -> -1
2019-09-19 09:52:12,884 [pool-239-thread-1] INFO  server.RaftServerConfigKeys (ConfUtils.java:logGet(43)) - raft.server.snapshot.auto.trigger.enabled = true (custom)
2019-09-19 09:52:12,884 [pool-239-thread-1] INFO  server.RaftServerConfigKeys (ConfUtils.java:logGet(43)) - raft.server.snapshot.auto.trigger.threshold = 10000 (custom)
2019-09-19 09:52:12,884 [pool-239-thread-1] INFO  server.RaftServerConfigKeys (ConfUtils.java:logGet(43)) - raft.server.retrycache.expirytime = 600000ms (custom)
2019-09-19 09:52:12,884 [pool-239-thread-1] INFO  impl.RaftServerImpl (RaftServerImpl.java:start(180)) - 89feb2f7-d50c-4522-98d5-3e9e37dc82b4: start group-831B3B2EE43B
2019-09-19 09:52:12,884 [pool-239-thread-1] INFO  impl.RaftServerImpl (RaftServerImpl.java:setRole(171)) - 89feb2f7-d50c-4522-98d5-3e9e37dc82b4:group-831B3B2EE43B changes role from null to FOLLOWER at term 0 for startAsFollower
2019-09-19 09:52:12,884 [pool-239-thread-1] INFO  impl.RoleInfo (RoleInfo.java:updateAndGet(143)) - 89feb2f7-d50c-4522-98d5-3e9e37dc82b4: start FollowerState
2019-09-19 09:52:12,885 [pool-239-thread-1] INFO  util.JmxRegister (JmxRegister.java:tryRegister(44)) - Successfully registered JMX Bean with object name Ratis:service=RaftServer,group=group-831B3B2EE43B,id=89feb2f7-d50c-4522-98d5-3e9e37dc82b4
2019-09-19 09:52:12,887 [RatisPipelineUtilsThread] INFO  pipeline.PipelineStateManager (PipelineStateManager.java:addPipeline(56)) - Created pipeline Pipeline[ Id: 1623f7db-5a76-4db8-b696-831b3b2ee43b, Nodes: 89feb2f7-d50c-4522-98d5-3e9e37dc82b4{ip: 192.168.34.5, host: pr-hdds-1569-j4bt4-3030777008, networkLocation: /default-rack, certSerialId: null}, Type:RATIS, Factor:ONE, State:OPEN]
2019-09-19 09:52:12,892 [grpc-default-executor-0] INFO  impl.RaftServerProxy (RaftServerProxy.java:addNew(89)) - 89feb2f7-d50c-4522-98d5-3e9e37dc82b4: addNew group-B84331ABDC34:[89feb2f7-d50c-4522-98d5-3e9e37dc82b4:192.168.34.5:38381] returns group-B84331ABDC34:java.util.concurrent.CompletableFuture@44e737bf[Not completed]
2019-09-19 09:52:12,894 [pool-239-thread-1] INFO  impl.RaftServerImpl (RaftServerImpl.java:<init>(93)) - 89feb2f7-d50c-4522-98d5-3e9e37dc82b4: new RaftServerImpl for group-B84331ABDC34:[89feb2f7-d50c-4522-98d5-3e9e37dc82b4:192.168.34.5:38381] with ContainerStateMachine:uninitialized
2019-09-19 09:52:12,894 [pool-239-thread-1] INFO  server.RaftServerConfigKeys (ConfUtils.java:logGet(43)) - raft.server.rpc.timeout.min = 5s (custom)
2019-09-19 09:52:12,894 [pool-239-thread-1] INFO  server.RaftServerConfigKeys (ConfUtils.java:logGet(43)) - raft.server.rpc.timeout.max = 5200ms (custom)
2019-09-19 09:52:12,894 [pool-239-thread-1] INFO  server.RaftServerConfigKeys (ConfUtils.java:logGet(43)) - raft.server.rpcslowness.timeout = 120s (custom)
2019-09-19 09:52:12,894 [pool-239-thread-1] INFO  server.RaftServerConfigKeys (ConfUtils.java:logGet(43)) - raft.server.sleep.deviation.threshold = 300 (default)
2019-09-19 09:52:12,894 [pool-239-thread-1] INFO  server.RaftServerConfigKeys (ConfUtils.java:logGet(43)) - raft.server.log.appender.install.snapshot.enabled = false (custom)
2019-09-19 09:52:12,894 [pool-239-thread-1] INFO  impl.RaftServerImpl (ServerState.java:<init>(105)) - 89feb2f7-d50c-4522-98d5-3e9e37dc82b4:group-B84331ABDC34 ConfigurationManager, init=-1: [89feb2f7-d50c-4522-98d5-3e9e37dc82b4:192.168.34.5:38381], old=null, confs=<EMPTY_MAP>
2019-09-19 09:52:12,895 [pool-239-thread-1] INFO  server.RaftServerConfigKeys (ConfUtils.java:logGet(43)) - raft.server.storage.dir = [/workdir/hadoop-ozone/ozonefs/target/test-dir/MiniOzoneClusterImpl-f189934c-45ad-4ec0-9247-8ce3942f6bd4/datanode-0/data/ratis] (custom)
2019-09-19 09:52:12,895 [pool-239-thread-1] INFO  storage.RaftStorageDirectory (RaftStorageDirectory.java:analyzeStorage(246)) - The storage directory /workdir/hadoop-ozone/ozonefs/target/test-dir/MiniOzoneClusterImpl-f189934c-45ad-4ec0-9247-8ce3942f6bd4/datanode-0/data/ratis/cac80e25-6062-4452-9cad-b84331abdc34 does not exist. Creating ...
2019-09-19 09:52:12,899 [pool-239-thread-1] INFO  storage.RaftStorageDirectory (RaftStorageDirectory.java:tryLock(328)) - Lock on /workdir/hadoop-ozone/ozonefs/target/test-dir/MiniOzoneClusterImpl-f189934c-45ad-4ec0-9247-8ce3942f6bd4/datanode-0/data/ratis/cac80e25-6062-4452-9cad-b84331abdc34/in_use.lock acquired by nodename 9507@pr-hdds-1569-j4bt4-3030777008
2019-09-19 09:52:12,902 [pool-239-thread-1] INFO  storage.RaftStorage (RaftStorage.java:format(72)) - Storage directory /workdir/hadoop-ozone/ozonefs/target/test-dir/MiniOzoneClusterImpl-f189934c-45ad-4ec0-9247-8ce3942f6bd4/datanode-0/data/ratis/cac80e25-6062-4452-9cad-b84331abdc34 has been successfully formatted.
2019-09-19 09:52:12,902 [pool-239-thread-1] INFO  ratis.ContainerStateMachine (ContainerStateMachine.java:loadSnapshot(226)) - group-B84331ABDC34: The snapshot info is null. Setting the last applied indexto:(t:0, i:~)
2019-09-19 09:52:12,902 [pool-239-thread-1] INFO  server.RaftServerConfigKeys (ConfUtils.java:logGet(43)) - raft.server.leader.election.timeout = 120s (custom)
2019-09-19 09:52:12,902 [pool-239-thread-1] INFO  server.RaftServerConfigKeys (ConfUtils.java:logGet(43)) - raft.server.log.use.memory = false (default)
2019-09-19 09:52:12,902 [pool-239-thread-1] INFO  server.RaftServerConfigKeys (ConfUtils.java:logGet(43)) - raft.server.log.purge.gap = 1000000 (custom)
2019-09-19 09:52:12,903 [pool-239-thread-1] INFO  server.RaftServerConfigKeys (ConfUtils.java:logGet(43)) - raft.server.log.appender.buffer.byte-limit = 33554432 (custom)
2019-09-19 09:52:12,903 [pool-239-thread-1] INFO  server.RaftServerConfigKeys (ConfUtils.java:logGet(43)) - raft.server.log.segment.size.max = 1048576 (custom)
2019-09-19 09:52:12,903 [pool-239-thread-1] INFO  server.RaftServerConfigKeys (ConfUtils.java:logGet(43)) - raft.server.log.segment.cache.num.max = 2 (custom)
2019-09-19 09:52:12,903 [pool-239-thread-1] INFO  segmented.SegmentedRaftLogWorker (SegmentedRaftLogWorker.java:<init>(172)) - new 89feb2f7-d50c-4522-98d5-3e9e37dc82b4-SegmentedRaftLogWorker:Storage Directory /workdir/hadoop-ozone/ozonefs/target/test-dir/MiniOzoneClusterImpl-f189934c-45ad-4ec0-9247-8ce3942f6bd4/datanode-0/data/ratis/cac80e25-6062-4452-9cad-b84331abdc34 for RaftStorage:Storage Directory /workdir/hadoop-ozone/ozonefs/target/test-dir/MiniOzoneClusterImpl-f189934c-45ad-4ec0-9247-8ce3942f6bd4/datanode-0/data/ratis/cac80e25-6062-4452-9cad-b84331abdc34
2019-09-19 09:52:12,903 [pool-239-thread-1] INFO  server.RaftServerConfigKeys (ConfUtils.java:logGet(43)) - raft.server.log.queue.byte-limit = 2147483647 (custom)
2019-09-19 09:52:12,903 [pool-239-thread-1] INFO  server.RaftServerConfigKeys (ConfUtils.java:logGet(43)) - raft.server.log.queue.element-limit = 1024 (custom)
2019-09-19 09:52:12,903 [pool-239-thread-1] INFO  server.RaftServerConfigKeys (ConfUtils.java:logGet(43)) - raft.server.log.segment.size.max = 1048576 (custom)
2019-09-19 09:52:12,903 [pool-239-thread-1] INFO  server.RaftServerConfigKeys (ConfUtils.java:logGet(43)) - raft.server.log.preallocated.size = 16384 (custom)
2019-09-19 09:52:12,904 [pool-239-thread-1] INFO  server.RaftServerConfigKeys (ConfUtils.java:logGet(43)) - raft.server.log.write.buffer.size = 33554432 (custom)
2019-09-19 09:52:12,904 [pool-239-thread-1] INFO  server.RaftServerConfigKeys (ConfUtils.java:logGet(43)) - raft.server.log.force.sync.num = 128 (default)
2019-09-19 09:52:12,904 [pool-239-thread-1] INFO  server.RaftServerConfigKeys (ConfUtils.java:logGet(43)) - raft.server.log.statemachine.data.sync = true (default)
2019-09-19 09:52:12,904 [pool-239-thread-1] INFO  server.RaftServerConfigKeys (ConfUtils.java:logGet(43)) - raft.server.log.statemachine.data.sync.timeout = 10s (default)
2019-09-19 09:52:12,904 [pool-239-thread-1] INFO  server.RaftServerConfigKeys (ConfUtils.java:logGet(43)) - raft.server.log.statemachine.data.sync.timeout.retry = -1 (default)
2019-09-19 09:52:12,904 [pool-239-thread-1] INFO  server.RaftServerConfigKeys (ConfUtils.java:logGet(43)) - raft.server.log.statemachine.data.caching.enabled = true (custom)
2019-09-19 09:52:12,904 [pool-239-thread-1] INFO  segmented.SegmentedRaftLogWorker (SegmentedRaftLogWorker.java:lambda$new$0(132)) - 89feb2f7-d50c-4522-98d5-3e9e37dc82b4-SegmentedRaftLogWorker:Storage Directory /workdir/hadoop-ozone/ozonefs/target/test-dir/MiniOzoneClusterImpl-f189934c-45ad-4ec0-9247-8ce3942f6bd4/datanode-0/data/ratis/cac80e25-6062-4452-9cad-b84331abdc34: flushIndex: setUnconditionally 0 -> -1
2019-09-19 09:52:12,905 [pool-239-thread-1] INFO  server.RaftServerConfigKeys (ConfUtils.java:logGet(43)) - raft.server.snapshot.auto.trigger.enabled = true (custom)
2019-09-19 09:52:12,905 [pool-239-thread-1] INFO  server.RaftServerConfigKeys (ConfUtils.java:logGet(43)) - raft.server.snapshot.auto.trigger.threshold = 10000 (custom)
2019-09-19 09:52:12,905 [pool-239-thread-1] INFO  server.RaftServerConfigKeys (ConfUtils.java:logGet(43)) - raft.server.retrycache.expirytime = 600000ms (custom)
2019-09-19 09:52:12,905 [pool-239-thread-1] INFO  impl.RaftServerImpl (RaftServerImpl.java:start(180)) - 89feb2f7-d50c-4522-98d5-3e9e37dc82b4: start group-B84331ABDC34
2019-09-19 09:52:12,905 [pool-239-thread-1] INFO  impl.RaftServerImpl (RaftServerImpl.java:setRole(171)) - 89feb2f7-d50c-4522-98d5-3e9e37dc82b4:group-B84331ABDC34 changes role from null to FOLLOWER at term 0 for startAsFollower
2019-09-19 09:52:12,905 [pool-239-thread-1] INFO  impl.RoleInfo (RoleInfo.java:updateAndGet(143)) - 89feb2f7-d50c-4522-98d5-3e9e37dc82b4: start FollowerState
2019-09-19 09:52:12,906 [pool-239-thread-1] INFO  util.JmxRegister (JmxRegister.java:tryRegister(44)) - Successfully registered JMX Bean with object name Ratis:service=RaftServer,group=group-B84331ABDC34,id=89feb2f7-d50c-4522-98d5-3e9e37dc82b4
2019-09-19 09:52:12,908 [RatisPipelineUtilsThread] INFO  pipeline.PipelineStateManager (PipelineStateManager.java:addPipeline(56)) - Created pipeline Pipeline[ Id: cac80e25-6062-4452-9cad-b84331abdc34, Nodes: 89feb2f7-d50c-4522-98d5-3e9e37dc82b4{ip: 192.168.34.5, host: pr-hdds-1569-j4bt4-3030777008, networkLocation: /default-rack, certSerialId: null}, Type:RATIS, Factor:ONE, State:OPEN]
2019-09-19 09:52:12,908 [RatisPipelineUtilsThread] ERROR pipeline.PipelinePlacementPolicy (PipelinePlacementPolicy.java:meetCriteria(91)) - Pipeline Placement: Doesn't meet the criteria to be viable node. Heaviness: 6
2019-09-19 09:52:12,908 [RatisPipelineUtilsThread] ERROR pipeline.PipelinePlacementPolicy (PipelinePlacementPolicy.java:filterViableNodes(146)) - Unable to find enough nodes that meet the criteria that cannot engage in more than 5 pipelines. Nodes required: 1 Found: 0, healthy nodes count inNodeManager: 1.
2019-09-19 09:52:12,909 [RatisPipelineUtilsThread] ERROR pipeline.SCMPipelineManager (SCMPipelineManager.java:createPipeline(161)) - Pipeline creation failed due to exception: Unable to find enough nodes that meet the criteria that cannot engage in more than 5 pipelines. Nodes required: 1 Found: 0, healthy nodes count inNodeManager: 1.
2019-09-19 09:52:12,909 [RatisPipelineUtilsThread] ERROR pipeline.PipelinePlacementPolicy (PipelinePlacementPolicy.java:filterViableNodes(129)) - Not enough healthy nodes to allocate pipeline. 3  datanodes required. Found 1
2019-09-19 09:52:12,909 [RatisPipelineUtilsThread] ERROR pipeline.SCMPipelineManager (SCMPipelineManager.java:createPipeline(161)) - Pipeline creation failed due to exception: Not enough healthy nodes to allocate pipeline. 3  datanodes required. Found 1
2019-09-19 09:52:12,909 [RatisPipelineUtilsThread] ERROR pipeline.PipelinePlacementPolicy (PipelinePlacementPolicy.java:meetCriteria(91)) - Pipeline Placement: Doesn't meet the criteria to be viable node. Heaviness: 6
2019-09-19 09:52:12,909 [RatisPipelineUtilsThread] ERROR pipeline.PipelinePlacementPolicy (PipelinePlacementPolicy.java:filterViableNodes(146)) - Unable to find enough nodes that meet the criteria that cannot engage in more than 5 pipelines. Nodes required: 1 Found: 0, healthy nodes count inNodeManager: 1.
2019-09-19 09:52:12,909 [RatisPipelineUtilsThread] ERROR pipeline.SCMPipelineManager (SCMPipelineManager.java:createPipeline(161)) - Pipeline creation failed due to exception: Unable to find enough nodes that meet the criteria that cannot engage in more than 5 pipelines. Nodes required: 1 Found: 0, healthy nodes count inNodeManager: 1.
2019-09-19 09:52:12,910 [RatisPipelineUtilsThread] ERROR pipeline.PipelinePlacementPolicy (PipelinePlacementPolicy.java:filterViableNodes(129)) - Not enough healthy nodes to allocate pipeline. 3  datanodes required. Found 1
2019-09-19 09:52:12,910 [RatisPipelineUtilsThread] ERROR pipeline.SCMPipelineManager (SCMPipelineManager.java:createPipeline(161)) - Pipeline creation failed due to exception: Not enough healthy nodes to allocate pipeline. 3  datanodes required. Found 1
2019-09-19 09:52:12,964 [IPC Server handler 0 on 40258] INFO  net.NetworkTopology (NetworkTopologyImpl.java:add(110)) - Added a new node: /default-rack/8309de5e-b995-43dd-884c-2afc220cfbee
2019-09-19 09:52:12,964 [RatisPipelineUtilsThread] ERROR pipeline.PipelinePlacementPolicy (PipelinePlacementPolicy.java:meetCriteria(91)) - Pipeline Placement: Doesn't meet the criteria to be viable node. Heaviness: 6
2019-09-19 09:52:12,964 [IPC Server handler 0 on 40258] INFO  node.SCMNodeManager (SCMNodeManager.java:register(273)) - Registered Data node : 8309de5e-b995-43dd-884c-2afc220cfbee{ip: 192.168.34.5, host: pr-hdds-1569-j4bt4-3030777008, networkLocation: /default-rack, certSerialId: null}
2019-09-19 09:52:12,965 | INFO  | SCMAudit | user=jenkins1000 | ip=192.168.34.5 | op=REGISTER {datanodeDetails=8309de5e-b995-43dd-884c-2afc220cfbee{ip: 192.168.34.5, host: pr-hdds-1569-j4bt4-3030777008, networkLocation: /default-rack, certSerialId: null}} | ret=SUCCESS |  
2019-09-19 09:52:12,974 [grpc-default-executor-0] INFO  impl.RaftServerProxy (RaftServerProxy.java:addNew(89)) - 8309de5e-b995-43dd-884c-2afc220cfbee: addNew group-EBC93E4CE50D:[8309de5e-b995-43dd-884c-2afc220cfbee:192.168.34.5:37557] returns group-EBC93E4CE50D:java.util.concurrent.CompletableFuture@4e2fbf2a[Not completed]
2019-09-19 09:52:12,975 [pool-250-thread-1] INFO  impl.RaftServerImpl (RaftServerImpl.java:<init>(93)) - 8309de5e-b995-43dd-884c-2afc220cfbee: new RaftServerImpl for group-EBC93E4CE50D:[8309de5e-b995-43dd-884c-2afc220cfbee:192.168.34.5:37557] with ContainerStateMachine:uninitialized
2019-09-19 09:52:12,975 [pool-250-thread-1] INFO  server.RaftServerConfigKeys (ConfUtils.java:logGet(43)) - raft.server.rpc.timeout.min = 5s (custom)
2019-09-19 09:52:12,975 [pool-250-thread-1] INFO  server.RaftServerConfigKeys (ConfUtils.java:logGet(43)) - raft.server.rpc.timeout.max = 5200ms (custom)
2019-09-19 09:52:12,975 [pool-250-thread-1] INFO  server.RaftServerConfigKeys (ConfUtils.java:logGet(43)) - raft.server.rpcslowness.timeout = 120s (custom)
2019-09-19 09:52:12,975 [pool-250-thread-1] INFO  server.RaftServerConfigKeys (ConfUtils.java:logGet(43)) - raft.server.sleep.deviation.threshold = 300 (default)
2019-09-19 09:52:12,976 [pool-250-thread-1] INFO  server.RaftServerConfigKeys (ConfUtils.java:logGet(43)) - raft.server.log.appender.install.snapshot.enabled = false (custom)
2019-09-19 09:52:12,976 [pool-250-thread-1] INFO  impl.RaftServerImpl (ServerState.java:<init>(105)) - 8309de5e-b995-43dd-884c-2afc220cfbee:group-EBC93E4CE50D ConfigurationManager, init=-1: [8309de5e-b995-43dd-884c-2afc220cfbee:192.168.34.5:37557], old=null, confs=<EMPTY_MAP>
2019-09-19 09:52:12,976 [pool-250-thread-1] INFO  server.RaftServerConfigKeys (ConfUtils.java:logGet(43)) - raft.server.storage.dir = [/workdir/hadoop-ozone/ozonefs/target/test-dir/MiniOzoneClusterImpl-f189934c-45ad-4ec0-9247-8ce3942f6bd4/datanode-1/data/ratis] (custom)
2019-09-19 09:52:12,976 [pool-250-thread-1] INFO  storage.RaftStorageDirectory (RaftStorageDirectory.java:analyzeStorage(246)) - The storage directory /workdir/hadoop-ozone/ozonefs/target/test-dir/MiniOzoneClusterImpl-f189934c-45ad-4ec0-9247-8ce3942f6bd4/datanode-1/data/ratis/91aec30f-ef7f-4a97-8aee-ebc93e4ce50d does not exist. Creating ...
2019-09-19 09:52:12,988 [pool-250-thread-1] INFO  storage.RaftStorageDirectory (RaftStorageDirectory.java:tryLock(328)) - Lock on /workdir/hadoop-ozone/ozonefs/target/test-dir/MiniOzoneClusterImpl-f189934c-45ad-4ec0-9247-8ce3942f6bd4/datanode-1/data/ratis/91aec30f-ef7f-4a97-8aee-ebc93e4ce50d/in_use.lock acquired by nodename 9507@pr-hdds-1569-j4bt4-3030777008
2019-09-19 09:52:12,991 [pool-250-thread-1] INFO  storage.RaftStorage (RaftStorage.java:format(72)) - Storage directory /workdir/hadoop-ozone/ozonefs/target/test-dir/MiniOzoneClusterImpl-f189934c-45ad-4ec0-9247-8ce3942f6bd4/datanode-1/data/ratis/91aec30f-ef7f-4a97-8aee-ebc93e4ce50d has been successfully formatted.
2019-09-19 09:52:12,992 [pool-250-thread-1] INFO  ratis.ContainerStateMachine (ContainerStateMachine.java:loadSnapshot(226)) - group-EBC93E4CE50D: The snapshot info is null. Setting the last applied indexto:(t:0, i:~)
2019-09-19 09:52:12,992 [pool-250-thread-1] INFO  server.RaftServerConfigKeys (ConfUtils.java:logGet(43)) - raft.server.leader.election.timeout = 120s (custom)
2019-09-19 09:52:12,992 [pool-250-thread-1] INFO  server.RaftServerConfigKeys (ConfUtils.java:logGet(43)) - raft.server.log.use.memory = false (default)
2019-09-19 09:52:12,992 [pool-250-thread-1] INFO  server.RaftServerConfigKeys (ConfUtils.java:logGet(43)) - raft.server.log.purge.gap = 1000000 (custom)
2019-09-19 09:52:12,992 [pool-250-thread-1] INFO  server.RaftServerConfigKeys (ConfUtils.java:logGet(43)) - raft.server.log.appender.buffer.byte-limit = 33554432 (custom)
2019-09-19 09:52:12,992 [pool-250-thread-1] INFO  server.RaftServerConfigKeys (ConfUtils.java:logGet(43)) - raft.server.log.segment.size.max = 1048576 (custom)
2019-09-19 09:52:12,993 [pool-250-thread-1] INFO  server.RaftServerConfigKeys (ConfUtils.java:logGet(43)) - raft.server.log.segment.cache.num.max = 2 (custom)
2019-09-19 09:52:12,993 [pool-250-thread-1] INFO  segmented.SegmentedRaftLogWorker (SegmentedRaftLogWorker.java:<init>(172)) - new 8309de5e-b995-43dd-884c-2afc220cfbee-SegmentedRaftLogWorker:Storage Directory /workdir/hadoop-ozone/ozonefs/target/test-dir/MiniOzoneClusterImpl-f189934c-45ad-4ec0-9247-8ce3942f6bd4/datanode-1/data/ratis/91aec30f-ef7f-4a97-8aee-ebc93e4ce50d for RaftStorage:Storage Directory /workdir/hadoop-ozone/ozonefs/target/test-dir/MiniOzoneClusterImpl-f189934c-45ad-4ec0-9247-8ce3942f6bd4/datanode-1/data/ratis/91aec30f-ef7f-4a97-8aee-ebc93e4ce50d
2019-09-19 09:52:12,993 [pool-250-thread-1] INFO  server.RaftServerConfigKeys (ConfUtils.java:logGet(43)) - raft.server.log.queue.byte-limit = 2147483647 (custom)
2019-09-19 09:52:12,993 [pool-250-thread-1] INFO  server.RaftServerConfigKeys (ConfUtils.java:logGet(43)) - raft.server.log.queue.element-limit = 1024 (custom)
2019-09-19 09:52:12,993 [pool-250-thread-1] INFO  server.RaftServerConfigKeys (ConfUtils.java:logGet(43)) - raft.server.log.segment.size.max = 1048576 (custom)
2019-09-19 09:52:12,994 [pool-250-thread-1] INFO  server.RaftServerConfigKeys (ConfUtils.java:logGet(43)) - raft.server.log.preallocated.size = 16384 (custom)
2019-09-19 09:52:12,994 [pool-250-thread-1] INFO  server.RaftServerConfigKeys (ConfUtils.java:logGet(43)) - raft.server.log.write.buffer.size = 33554432 (custom)
2019-09-19 09:52:12,994 [pool-250-thread-1] INFO  server.RaftServerConfigKeys (ConfUtils.java:logGet(43)) - raft.server.log.force.sync.num = 128 (default)
2019-09-19 09:52:12,994 [pool-250-thread-1] INFO  server.RaftServerConfigKeys (ConfUtils.java:logGet(43)) - raft.server.log.statemachine.data.sync = true (default)
2019-09-19 09:52:12,994 [pool-250-thread-1] INFO  server.RaftServerConfigKeys (ConfUtils.java:logGet(43)) - raft.server.log.statemachine.data.sync.timeout = 10s (default)
2019-09-19 09:52:12,994 [pool-250-thread-1] INFO  server.RaftServerConfigKeys (ConfUtils.java:logGet(43)) - raft.server.log.statemachine.data.sync.timeout.retry = -1 (default)
2019-09-19 09:52:12,995 [pool-250-thread-1] INFO  server.RaftServerConfigKeys (ConfUtils.java:logGet(43)) - raft.server.log.statemachine.data.caching.enabled = true (custom)
2019-09-19 09:52:12,995 [pool-250-thread-1] INFO  segmented.SegmentedRaftLogWorker (SegmentedRaftLogWorker.java:lambda$new$0(132)) - 8309de5e-b995-43dd-884c-2afc220cfbee-SegmentedRaftLogWorker:Storage Directory /workdir/hadoop-ozone/ozonefs/target/test-dir/MiniOzoneClusterImpl-f189934c-45ad-4ec0-9247-8ce3942f6bd4/datanode-1/data/ratis/91aec30f-ef7f-4a97-8aee-ebc93e4ce50d: flushIndex: setUnconditionally 0 -> -1
2019-09-19 09:52:12,995 [pool-250-thread-1] INFO  server.RaftServerConfigKeys (ConfUtils.java:logGet(43)) - raft.server.snapshot.auto.trigger.enabled = true (custom)
2019-09-19 09:52:12,996 [pool-250-thread-1] INFO  server.RaftServerConfigKeys (ConfUtils.java:logGet(43)) - raft.server.snapshot.auto.trigger.threshold = 10000 (custom)
2019-09-19 09:52:12,996 [pool-250-thread-1] INFO  server.RaftServerConfigKeys (ConfUtils.java:logGet(43)) - raft.server.retrycache.expirytime = 600000ms (custom)
2019-09-19 09:52:12,996 [pool-250-thread-1] INFO  impl.RaftServerImpl (RaftServerImpl.java:start(180)) - 8309de5e-b995-43dd-884c-2afc220cfbee: start group-EBC93E4CE50D
2019-09-19 09:52:12,996 [pool-250-thread-1] INFO  impl.RaftServerImpl (RaftServerImpl.java:setRole(171)) - 8309de5e-b995-43dd-884c-2afc220cfbee:group-EBC93E4CE50D changes role from null to FOLLOWER at term 0 for startAsFollower
2019-09-19 09:52:12,996 [pool-250-thread-1] INFO  impl.RoleInfo (RoleInfo.java:updateAndGet(143)) - 8309de5e-b995-43dd-884c-2afc220cfbee: start FollowerState
2019-09-19 09:52:12,997 [pool-250-thread-1] INFO  util.JmxRegister (JmxRegister.java:tryRegister(44)) - Successfully registered JMX Bean with object name Ratis:service=RaftServer,group=group-EBC93E4CE50D,id=8309de5e-b995-43dd-884c-2afc220cfbee
2019-09-19 09:52:13,000 [RatisPipelineUtilsThread] INFO  pipeline.PipelineStateManager (PipelineStateManager.java:addPipeline(56)) - Created pipeline Pipeline[ Id: 91aec30f-ef7f-4a97-8aee-ebc93e4ce50d, Nodes: 8309de5e-b995-43dd-884c-2afc220cfbee{ip: 192.168.34.5, host: pr-hdds-1569-j4bt4-3030777008, networkLocation: /default-rack, certSerialId: null}, Type:RATIS, Factor:ONE, State:OPEN]
2019-09-19 09:52:13,000 [RatisPipelineUtilsThread] ERROR pipeline.PipelinePlacementPolicy (PipelinePlacementPolicy.java:meetCriteria(91)) - Pipeline Placement: Doesn't meet the criteria to be viable node. Heaviness: 6
2019-09-19 09:52:13,006 [grpc-default-executor-0] INFO  impl.RaftServerProxy (RaftServerProxy.java:addNew(89)) - 8309de5e-b995-43dd-884c-2afc220cfbee: addNew group-B3D17897AFC8:[8309de5e-b995-43dd-884c-2afc220cfbee:192.168.34.5:37557] returns group-B3D17897AFC8:java.util.concurrent.CompletableFuture@2a702a04[Not completed]
2019-09-19 09:52:13,007 [pool-250-thread-1] INFO  impl.RaftServerImpl (RaftServerImpl.java:<init>(93)) - 8309de5e-b995-43dd-884c-2afc220cfbee: new RaftServerImpl for group-B3D17897AFC8:[8309de5e-b995-43dd-884c-2afc220cfbee:192.168.34.5:37557] with ContainerStateMachine:uninitialized
2019-09-19 09:52:13,007 [pool-250-thread-1] INFO  server.RaftServerConfigKeys (ConfUtils.java:logGet(43)) - raft.server.rpc.timeout.min = 5s (custom)
2019-09-19 09:52:13,007 [pool-250-thread-1] INFO  server.RaftServerConfigKeys (ConfUtils.java:logGet(43)) - raft.server.rpc.timeout.max = 5200ms (custom)
2019-09-19 09:52:13,007 [pool-250-thread-1] INFO  server.RaftServerConfigKeys (ConfUtils.java:logGet(43)) - raft.server.rpcslowness.timeout = 120s (custom)
2019-09-19 09:52:13,008 [pool-250-thread-1] INFO  server.RaftServerConfigKeys (ConfUtils.java:logGet(43)) - raft.server.sleep.deviation.threshold = 300 (default)
2019-09-19 09:52:13,008 [pool-250-thread-1] INFO  server.RaftServerConfigKeys (ConfUtils.java:logGet(43)) - raft.server.log.appender.install.snapshot.enabled = false (custom)
2019-09-19 09:52:13,008 [pool-250-thread-1] INFO  impl.RaftServerImpl (ServerState.java:<init>(105)) - 8309de5e-b995-43dd-884c-2afc220cfbee:group-B3D17897AFC8 ConfigurationManager, init=-1: [8309de5e-b995-43dd-884c-2afc220cfbee:192.168.34.5:37557], old=null, confs=<EMPTY_MAP>
2019-09-19 09:52:13,008 [pool-250-thread-1] INFO  server.RaftServerConfigKeys (ConfUtils.java:logGet(43)) - raft.server.storage.dir = [/workdir/hadoop-ozone/ozonefs/target/test-dir/MiniOzoneClusterImpl-f189934c-45ad-4ec0-9247-8ce3942f6bd4/datanode-1/data/ratis] (custom)
2019-09-19 09:52:13,008 [pool-250-thread-1] INFO  storage.RaftStorageDirectory (RaftStorageDirectory.java:analyzeStorage(246)) - The storage directory /workdir/hadoop-ozone/ozonefs/target/test-dir/MiniOzoneClusterImpl-f189934c-45ad-4ec0-9247-8ce3942f6bd4/datanode-1/data/ratis/16c320d1-ffd0-45ca-8a71-b3d17897afc8 does not exist. Creating ...
2019-09-19 09:52:13,012 [pool-250-thread-1] INFO  storage.RaftStorageDirectory (RaftStorageDirectory.java:tryLock(328)) - Lock on /workdir/hadoop-ozone/ozonefs/target/test-dir/MiniOzoneClusterImpl-f189934c-45ad-4ec0-9247-8ce3942f6bd4/datanode-1/data/ratis/16c320d1-ffd0-45ca-8a71-b3d17897afc8/in_use.lock acquired by nodename 9507@pr-hdds-1569-j4bt4-3030777008
2019-09-19 09:52:13,016 [pool-250-thread-1] INFO  storage.RaftStorage (RaftStorage.java:format(72)) - Storage directory /workdir/hadoop-ozone/ozonefs/target/test-dir/MiniOzoneClusterImpl-f189934c-45ad-4ec0-9247-8ce3942f6bd4/datanode-1/data/ratis/16c320d1-ffd0-45ca-8a71-b3d17897afc8 has been successfully formatted.
2019-09-19 09:52:13,017 [pool-250-thread-1] INFO  ratis.ContainerStateMachine (ContainerStateMachine.java:loadSnapshot(226)) - group-B3D17897AFC8: The snapshot info is null. Setting the last applied indexto:(t:0, i:~)
2019-09-19 09:52:13,017 [pool-250-thread-1] INFO  server.RaftServerConfigKeys (ConfUtils.java:logGet(43)) - raft.server.leader.election.timeout = 120s (custom)
2019-09-19 09:52:13,017 [pool-250-thread-1] INFO  server.RaftServerConfigKeys (ConfUtils.java:logGet(43)) - raft.server.log.use.memory = false (default)
2019-09-19 09:52:13,017 [pool-250-thread-1] INFO  server.RaftServerConfigKeys (ConfUtils.java:logGet(43)) - raft.server.log.purge.gap = 1000000 (custom)
2019-09-19 09:52:13,017 [pool-250-thread-1] INFO  server.RaftServerConfigKeys (ConfUtils.java:logGet(43)) - raft.server.log.appender.buffer.byte-limit = 33554432 (custom)
2019-09-19 09:52:13,017 [pool-250-thread-1] INFO  server.RaftServerConfigKeys (ConfUtils.java:logGet(43)) - raft.server.log.segment.size.max = 1048576 (custom)
2019-09-19 09:52:13,018 [pool-250-thread-1] INFO  server.RaftServerConfigKeys (ConfUtils.java:logGet(43)) - raft.server.log.segment.cache.num.max = 2 (custom)
2019-09-19 09:52:13,018 [pool-250-thread-1] INFO  segmented.SegmentedRaftLogWorker (SegmentedRaftLogWorker.java:<init>(172)) - new 8309de5e-b995-43dd-884c-2afc220cfbee-SegmentedRaftLogWorker:Storage Directory /workdir/hadoop-ozone/ozonefs/target/test-dir/MiniOzoneClusterImpl-f189934c-45ad-4ec0-9247-8ce3942f6bd4/datanode-1/data/ratis/16c320d1-ffd0-45ca-8a71-b3d17897afc8 for RaftStorage:Storage Directory /workdir/hadoop-ozone/ozonefs/target/test-dir/MiniOzoneClusterImpl-f189934c-45ad-4ec0-9247-8ce3942f6bd4/datanode-1/data/ratis/16c320d1-ffd0-45ca-8a71-b3d17897afc8
2019-09-19 09:52:13,018 [pool-250-thread-1] INFO  server.RaftServerConfigKeys (ConfUtils.java:logGet(43)) - raft.server.log.queue.byte-limit = 2147483647 (custom)
2019-09-19 09:52:13,018 [pool-250-thread-1] INFO  server.RaftServerConfigKeys (ConfUtils.java:logGet(43)) - raft.server.log.queue.element-limit = 1024 (custom)
2019-09-19 09:52:13,018 [pool-250-thread-1] INFO  server.RaftServerConfigKeys (ConfUtils.java:logGet(43)) - raft.server.log.segment.size.max = 1048576 (custom)
2019-09-19 09:52:13,018 [pool-250-thread-1] INFO  server.RaftServerConfigKeys (ConfUtils.java:logGet(43)) - raft.server.log.preallocated.size = 16384 (custom)
2019-09-19 09:52:13,018 [pool-250-thread-1] INFO  server.RaftServerConfigKeys (ConfUtils.java:logGet(43)) - raft.server.log.write.buffer.size = 33554432 (custom)
2019-09-19 09:52:13,019 [pool-250-thread-1] INFO  server.RaftServerConfigKeys (ConfUtils.java:logGet(43)) - raft.server.log.force.sync.num = 128 (default)
2019-09-19 09:52:13,019 [pool-250-thread-1] INFO  server.RaftServerConfigKeys (ConfUtils.java:logGet(43)) - raft.server.log.statemachine.data.sync = true (default)
2019-09-19 09:52:13,019 [pool-250-thread-1] INFO  server.RaftServerConfigKeys (ConfUtils.java:logGet(43)) - raft.server.log.statemachine.data.sync.timeout = 10s (default)
2019-09-19 09:52:13,019 [pool-250-thread-1] INFO  server.RaftServerConfigKeys (ConfUtils.java:logGet(43)) - raft.server.log.statemachine.data.sync.timeout.retry = -1 (default)
2019-09-19 09:52:13,019 [pool-250-thread-1] INFO  server.RaftServerConfigKeys (ConfUtils.java:logGet(43)) - raft.server.log.statemachine.data.caching.enabled = true (custom)
2019-09-19 09:52:13,019 [pool-250-thread-1] INFO  segmented.SegmentedRaftLogWorker (SegmentedRaftLogWorker.java:lambda$new$0(132)) - 8309de5e-b995-43dd-884c-2afc220cfbee-SegmentedRaftLogWorker:Storage Directory /workdir/hadoop-ozone/ozonefs/target/test-dir/MiniOzoneClusterImpl-f189934c-45ad-4ec0-9247-8ce3942f6bd4/datanode-1/data/ratis/16c320d1-ffd0-45ca-8a71-b3d17897afc8: flushIndex: setUnconditionally 0 -> -1
2019-09-19 09:52:13,020 [pool-250-thread-1] INFO  server.RaftServerConfigKeys (ConfUtils.java:logGet(43)) - raft.server.snapshot.auto.trigger.enabled = true (custom)
2019-09-19 09:52:13,020 [pool-250-thread-1] INFO  server.RaftServerConfigKeys (ConfUtils.java:logGet(43)) - raft.server.snapshot.auto.trigger.threshold = 10000 (custom)
2019-09-19 09:52:13,020 [pool-250-thread-1] INFO  server.RaftServerConfigKeys (ConfUtils.java:logGet(43)) - raft.server.retrycache.expirytime = 600000ms (custom)
2019-09-19 09:52:13,020 [pool-250-thread-1] INFO  impl.RaftServerImpl (RaftServerImpl.java:start(180)) - 8309de5e-b995-43dd-884c-2afc220cfbee: start group-B3D17897AFC8
2019-09-19 09:52:13,020 [pool-250-thread-1] INFO  impl.RaftServerImpl (RaftServerImpl.java:setRole(171)) - 8309de5e-b995-43dd-884c-2afc220cfbee:group-B3D17897AFC8 changes role from null to FOLLOWER at term 0 for startAsFollower
2019-09-19 09:52:13,020 [pool-250-thread-1] INFO  impl.RoleInfo (RoleInfo.java:updateAndGet(143)) - 8309de5e-b995-43dd-884c-2afc220cfbee: start FollowerState
2019-09-19 09:52:13,021 [pool-250-thread-1] INFO  util.JmxRegister (JmxRegister.java:tryRegister(44)) - Successfully registered JMX Bean with object name Ratis:service=RaftServer,group=group-B3D17897AFC8,id=8309de5e-b995-43dd-884c-2afc220cfbee
2019-09-19 09:52:13,024 [RatisPipelineUtilsThread] INFO  pipeline.PipelineStateManager (PipelineStateManager.java:addPipeline(56)) - Created pipeline Pipeline[ Id: 16c320d1-ffd0-45ca-8a71-b3d17897afc8, Nodes: 8309de5e-b995-43dd-884c-2afc220cfbee{ip: 192.168.34.5, host: pr-hdds-1569-j4bt4-3030777008, networkLocation: /default-rack, certSerialId: null}, Type:RATIS, Factor:ONE, State:OPEN]
2019-09-19 09:52:13,024 [RatisPipelineUtilsThread] ERROR pipeline.PipelinePlacementPolicy (PipelinePlacementPolicy.java:meetCriteria(91)) - Pipeline Placement: Doesn't meet the criteria to be viable node. Heaviness: 6
2019-09-19 09:52:13,030 [grpc-default-executor-0] INFO  impl.RaftServerProxy (RaftServerProxy.java:addNew(89)) - 8309de5e-b995-43dd-884c-2afc220cfbee: addNew group-8A13E0A416BD:[8309de5e-b995-43dd-884c-2afc220cfbee:192.168.34.5:37557] returns group-8A13E0A416BD:java.util.concurrent.CompletableFuture@4872a6b8[Not completed]
2019-09-19 09:52:13,031 [pool-250-thread-1] INFO  impl.RaftServerImpl (RaftServerImpl.java:<init>(93)) - 8309de5e-b995-43dd-884c-2afc220cfbee: new RaftServerImpl for group-8A13E0A416BD:[8309de5e-b995-43dd-884c-2afc220cfbee:192.168.34.5:37557] with ContainerStateMachine:uninitialized
2019-09-19 09:52:13,031 [pool-250-thread-1] INFO  server.RaftServerConfigKeys (ConfUtils.java:logGet(43)) - raft.server.rpc.timeout.min = 5s (custom)
2019-09-19 09:52:13,031 [pool-250-thread-1] INFO  server.RaftServerConfigKeys (ConfUtils.java:logGet(43)) - raft.server.rpc.timeout.max = 5200ms (custom)
2019-09-19 09:52:13,031 [pool-250-thread-1] INFO  server.RaftServerConfigKeys (ConfUtils.java:logGet(43)) - raft.server.rpcslowness.timeout = 120s (custom)
2019-09-19 09:52:13,031 [pool-250-thread-1] INFO  server.RaftServerConfigKeys (ConfUtils.java:logGet(43)) - raft.server.sleep.deviation.threshold = 300 (default)
2019-09-19 09:52:13,032 [pool-250-thread-1] INFO  server.RaftServerConfigKeys (ConfUtils.java:logGet(43)) - raft.server.log.appender.install.snapshot.enabled = false (custom)
2019-09-19 09:52:13,032 [pool-250-thread-1] INFO  impl.RaftServerImpl (ServerState.java:<init>(105)) - 8309de5e-b995-43dd-884c-2afc220cfbee:group-8A13E0A416BD ConfigurationManager, init=-1: [8309de5e-b995-43dd-884c-2afc220cfbee:192.168.34.5:37557], old=null, confs=<EMPTY_MAP>
2019-09-19 09:52:13,032 [pool-250-thread-1] INFO  server.RaftServerConfigKeys (ConfUtils.java:logGet(43)) - raft.server.storage.dir = [/workdir/hadoop-ozone/ozonefs/target/test-dir/MiniOzoneClusterImpl-f189934c-45ad-4ec0-9247-8ce3942f6bd4/datanode-1/data/ratis] (custom)
2019-09-19 09:52:13,032 [pool-250-thread-1] INFO  storage.RaftStorageDirectory (RaftStorageDirectory.java:analyzeStorage(246)) - The storage directory /workdir/hadoop-ozone/ozonefs/target/test-dir/MiniOzoneClusterImpl-f189934c-45ad-4ec0-9247-8ce3942f6bd4/datanode-1/data/ratis/0dfaae67-20d8-4ed4-bb5a-8a13e0a416bd does not exist. Creating ...
2019-09-19 09:52:13,035 [pool-250-thread-1] INFO  storage.RaftStorageDirectory (RaftStorageDirectory.java:tryLock(328)) - Lock on /workdir/hadoop-ozone/ozonefs/target/test-dir/MiniOzoneClusterImpl-f189934c-45ad-4ec0-9247-8ce3942f6bd4/datanode-1/data/ratis/0dfaae67-20d8-4ed4-bb5a-8a13e0a416bd/in_use.lock acquired by nodename 9507@pr-hdds-1569-j4bt4-3030777008
2019-09-19 09:52:13,038 [pool-250-thread-1] INFO  storage.RaftStorage (RaftStorage.java:format(72)) - Storage directory /workdir/hadoop-ozone/ozonefs/target/test-dir/MiniOzoneClusterImpl-f189934c-45ad-4ec0-9247-8ce3942f6bd4/datanode-1/data/ratis/0dfaae67-20d8-4ed4-bb5a-8a13e0a416bd has been successfully formatted.
2019-09-19 09:52:13,039 [pool-250-thread-1] INFO  ratis.ContainerStateMachine (ContainerStateMachine.java:loadSnapshot(226)) - group-8A13E0A416BD: The snapshot info is null. Setting the last applied indexto:(t:0, i:~)
2019-09-19 09:52:13,039 [pool-250-thread-1] INFO  server.RaftServerConfigKeys (ConfUtils.java:logGet(43)) - raft.server.leader.election.timeout = 120s (custom)
2019-09-19 09:52:13,039 [pool-250-thread-1] INFO  server.RaftServerConfigKeys (ConfUtils.java:logGet(43)) - raft.server.log.use.memory = false (default)
2019-09-19 09:52:13,039 [pool-250-thread-1] INFO  server.RaftServerConfigKeys (ConfUtils.java:logGet(43)) - raft.server.log.purge.gap = 1000000 (custom)
2019-09-19 09:52:13,039 [pool-250-thread-1] INFO  server.RaftServerConfigKeys (ConfUtils.java:logGet(43)) - raft.server.log.appender.buffer.byte-limit = 33554432 (custom)
2019-09-19 09:52:13,039 [pool-250-thread-1] INFO  server.RaftServerConfigKeys (ConfUtils.java:logGet(43)) - raft.server.log.segment.size.max = 1048576 (custom)
2019-09-19 09:52:13,039 [pool-250-thread-1] INFO  server.RaftServerConfigKeys (ConfUtils.java:logGet(43)) - raft.server.log.segment.cache.num.max = 2 (custom)
2019-09-19 09:52:13,040 [pool-250-thread-1] INFO  segmented.SegmentedRaftLogWorker (SegmentedRaftLogWorker.java:<init>(172)) - new 8309de5e-b995-43dd-884c-2afc220cfbee-SegmentedRaftLogWorker:Storage Directory /workdir/hadoop-ozone/ozonefs/target/test-dir/MiniOzoneClusterImpl-f189934c-45ad-4ec0-9247-8ce3942f6bd4/datanode-1/data/ratis/0dfaae67-20d8-4ed4-bb5a-8a13e0a416bd for RaftStorage:Storage Directory /workdir/hadoop-ozone/ozonefs/target/test-dir/MiniOzoneClusterImpl-f189934c-45ad-4ec0-9247-8ce3942f6bd4/datanode-1/data/ratis/0dfaae67-20d8-4ed4-bb5a-8a13e0a416bd
2019-09-19 09:52:13,040 [pool-250-thread-1] INFO  server.RaftServerConfigKeys (ConfUtils.java:logGet(43)) - raft.server.log.queue.byte-limit = 2147483647 (custom)
2019-09-19 09:52:13,040 [pool-250-thread-1] INFO  server.RaftServerConfigKeys (ConfUtils.java:logGet(43)) - raft.server.log.queue.element-limit = 1024 (custom)
2019-09-19 09:52:13,040 [pool-250-thread-1] INFO  server.RaftServerConfigKeys (ConfUtils.java:logGet(43)) - raft.server.log.segment.size.max = 1048576 (custom)
2019-09-19 09:52:13,040 [pool-250-thread-1] INFO  server.RaftServerConfigKeys (ConfUtils.java:logGet(43)) - raft.server.log.preallocated.size = 16384 (custom)
2019-09-19 09:52:13,040 [pool-250-thread-1] INFO  server.RaftServerConfigKeys (ConfUtils.java:logGet(43)) - raft.server.log.write.buffer.size = 33554432 (custom)
2019-09-19 09:52:13,040 [pool-250-thread-1] INFO  server.RaftServerConfigKeys (ConfUtils.java:logGet(43)) - raft.server.log.force.sync.num = 128 (default)
2019-09-19 09:52:13,040 [pool-250-thread-1] INFO  server.RaftServerConfigKeys (ConfUtils.java:logGet(43)) - raft.server.log.statemachine.data.sync = true (default)
2019-09-19 09:52:13,041 [pool-250-thread-1] INFO  server.RaftServerConfigKeys (ConfUtils.java:logGet(43)) - raft.server.log.statemachine.data.sync.timeout = 10s (default)
2019-09-19 09:52:13,041 [pool-250-thread-1] INFO  server.RaftServerConfigKeys (ConfUtils.java:logGet(43)) - raft.server.log.statemachine.data.sync.timeout.retry = -1 (default)
2019-09-19 09:52:13,041 [pool-250-thread-1] INFO  server.RaftServerConfigKeys (ConfUtils.java:logGet(43)) - raft.server.log.statemachine.data.caching.enabled = true (custom)
2019-09-19 09:52:13,041 [pool-250-thread-1] INFO  segmented.SegmentedRaftLogWorker (SegmentedRaftLogWorker.java:lambda$new$0(132)) - 8309de5e-b995-43dd-884c-2afc220cfbee-SegmentedRaftLogWorker:Storage Directory /workdir/hadoop-ozone/ozonefs/target/test-dir/MiniOzoneClusterImpl-f189934c-45ad-4ec0-9247-8ce3942f6bd4/datanode-1/data/ratis/0dfaae67-20d8-4ed4-bb5a-8a13e0a416bd: flushIndex: setUnconditionally 0 -> -1
2019-09-19 09:52:13,042 [pool-250-thread-1] INFO  server.RaftServerConfigKeys (ConfUtils.java:logGet(43)) - raft.server.snapshot.auto.trigger.enabled = true (custom)
2019-09-19 09:52:13,042 [pool-250-thread-1] INFO  server.RaftServerConfigKeys (ConfUtils.java:logGet(43)) - raft.server.snapshot.auto.trigger.threshold = 10000 (custom)
2019-09-19 09:52:13,042 [pool-250-thread-1] INFO  server.RaftServerConfigKeys (ConfUtils.java:logGet(43)) - raft.server.retrycache.expirytime = 600000ms (custom)
2019-09-19 09:52:13,042 [pool-250-thread-1] INFO  impl.RaftServerImpl (RaftServerImpl.java:start(180)) - 8309de5e-b995-43dd-884c-2afc220cfbee: start group-8A13E0A416BD
2019-09-19 09:52:13,042 [pool-250-thread-1] INFO  impl.RaftServerImpl (RaftServerImpl.java:setRole(171)) - 8309de5e-b995-43dd-884c-2afc220cfbee:group-8A13E0A416BD changes role from null to FOLLOWER at term 0 for startAsFollower
2019-09-19 09:52:13,042 [pool-250-thread-1] INFO  impl.RoleInfo (RoleInfo.java:updateAndGet(143)) - 8309de5e-b995-43dd-884c-2afc220cfbee: start FollowerState
2019-09-19 09:52:13,043 [pool-250-thread-1] INFO  util.JmxRegister (JmxRegister.java:tryRegister(44)) - Successfully registered JMX Bean with object name Ratis:service=RaftServer,group=group-8A13E0A416BD,id=8309de5e-b995-43dd-884c-2afc220cfbee
2019-09-19 09:52:13,046 [RatisPipelineUtilsThread] INFO  pipeline.PipelineStateManager (PipelineStateManager.java:addPipeline(56)) - Created pipeline Pipeline[ Id: 0dfaae67-20d8-4ed4-bb5a-8a13e0a416bd, Nodes: 8309de5e-b995-43dd-884c-2afc220cfbee{ip: 192.168.34.5, host: pr-hdds-1569-j4bt4-3030777008, networkLocation: /default-rack, certSerialId: null}, Type:RATIS, Factor:ONE, State:OPEN]
2019-09-19 09:52:13,046 [RatisPipelineUtilsThread] ERROR pipeline.PipelinePlacementPolicy (PipelinePlacementPolicy.java:meetCriteria(91)) - Pipeline Placement: Doesn't meet the criteria to be viable node. Heaviness: 6
2019-09-19 09:52:13,052 [grpc-default-executor-0] INFO  impl.RaftServerProxy (RaftServerProxy.java:addNew(89)) - 8309de5e-b995-43dd-884c-2afc220cfbee: addNew group-BD257422999D:[8309de5e-b995-43dd-884c-2afc220cfbee:192.168.34.5:37557] returns group-BD257422999D:java.util.concurrent.CompletableFuture@119fddbe[Not completed]
2019-09-19 09:52:13,053 [pool-250-thread-1] INFO  impl.RaftServerImpl (RaftServerImpl.java:<init>(93)) - 8309de5e-b995-43dd-884c-2afc220cfbee: new RaftServerImpl for group-BD257422999D:[8309de5e-b995-43dd-884c-2afc220cfbee:192.168.34.5:37557] with ContainerStateMachine:uninitialized
2019-09-19 09:52:13,053 [pool-250-thread-1] INFO  server.RaftServerConfigKeys (ConfUtils.java:logGet(43)) - raft.server.rpc.timeout.min = 5s (custom)
2019-09-19 09:52:13,053 [pool-250-thread-1] INFO  server.RaftServerConfigKeys (ConfUtils.java:logGet(43)) - raft.server.rpc.timeout.max = 5200ms (custom)
2019-09-19 09:52:13,053 [pool-250-thread-1] INFO  server.RaftServerConfigKeys (ConfUtils.java:logGet(43)) - raft.server.rpcslowness.timeout = 120s (custom)
2019-09-19 09:52:13,053 [pool-250-thread-1] INFO  server.RaftServerConfigKeys (ConfUtils.java:logGet(43)) - raft.server.sleep.deviation.threshold = 300 (default)
2019-09-19 09:52:13,053 [pool-250-thread-1] INFO  server.RaftServerConfigKeys (ConfUtils.java:logGet(43)) - raft.server.log.appender.install.snapshot.enabled = false (custom)
2019-09-19 09:52:13,054 [pool-250-thread-1] INFO  impl.RaftServerImpl (ServerState.java:<init>(105)) - 8309de5e-b995-43dd-884c-2afc220cfbee:group-BD257422999D ConfigurationManager, init=-1: [8309de5e-b995-43dd-884c-2afc220cfbee:192.168.34.5:37557], old=null, confs=<EMPTY_MAP>
2019-09-19 09:52:13,054 [pool-250-thread-1] INFO  server.RaftServerConfigKeys (ConfUtils.java:logGet(43)) - raft.server.storage.dir = [/workdir/hadoop-ozone/ozonefs/target/test-dir/MiniOzoneClusterImpl-f189934c-45ad-4ec0-9247-8ce3942f6bd4/datanode-1/data/ratis] (custom)
2019-09-19 09:52:13,054 [pool-250-thread-1] INFO  storage.RaftStorageDirectory (RaftStorageDirectory.java:analyzeStorage(246)) - The storage directory /workdir/hadoop-ozone/ozonefs/target/test-dir/MiniOzoneClusterImpl-f189934c-45ad-4ec0-9247-8ce3942f6bd4/datanode-1/data/ratis/0cc9a433-294d-4207-a193-bd257422999d does not exist. Creating ...
2019-09-19 09:52:13,080 [pool-250-thread-1] INFO  storage.RaftStorageDirectory (RaftStorageDirectory.java:tryLock(328)) - Lock on /workdir/hadoop-ozone/ozonefs/target/test-dir/MiniOzoneClusterImpl-f189934c-45ad-4ec0-9247-8ce3942f6bd4/datanode-1/data/ratis/0cc9a433-294d-4207-a193-bd257422999d/in_use.lock acquired by nodename 9507@pr-hdds-1569-j4bt4-3030777008
2019-09-19 09:52:13,100 [pool-250-thread-1] INFO  storage.RaftStorage (RaftStorage.java:format(72)) - Storage directory /workdir/hadoop-ozone/ozonefs/target/test-dir/MiniOzoneClusterImpl-f189934c-45ad-4ec0-9247-8ce3942f6bd4/datanode-1/data/ratis/0cc9a433-294d-4207-a193-bd257422999d has been successfully formatted.
2019-09-19 09:52:13,100 [pool-250-thread-1] INFO  ratis.ContainerStateMachine (ContainerStateMachine.java:loadSnapshot(226)) - group-BD257422999D: The snapshot info is null. Setting the last applied indexto:(t:0, i:~)
2019-09-19 09:52:13,101 [pool-250-thread-1] INFO  server.RaftServerConfigKeys (ConfUtils.java:logGet(43)) - raft.server.leader.election.timeout = 120s (custom)
2019-09-19 09:52:13,101 [pool-250-thread-1] INFO  server.RaftServerConfigKeys (ConfUtils.java:logGet(43)) - raft.server.log.use.memory = false (default)
2019-09-19 09:52:13,101 [pool-250-thread-1] INFO  server.RaftServerConfigKeys (ConfUtils.java:logGet(43)) - raft.server.log.purge.gap = 1000000 (custom)
2019-09-19 09:52:13,101 [pool-250-thread-1] INFO  server.RaftServerConfigKeys (ConfUtils.java:logGet(43)) - raft.server.log.appender.buffer.byte-limit = 33554432 (custom)
2019-09-19 09:52:13,101 [pool-250-thread-1] INFO  server.RaftServerConfigKeys (ConfUtils.java:logGet(43)) - raft.server.log.segment.size.max = 1048576 (custom)
2019-09-19 09:52:13,101 [pool-250-thread-1] INFO  server.RaftServerConfigKeys (ConfUtils.java:logGet(43)) - raft.server.log.segment.cache.num.max = 2 (custom)
2019-09-19 09:52:13,102 [pool-250-thread-1] INFO  segmented.SegmentedRaftLogWorker (SegmentedRaftLogWorker.java:<init>(172)) - new 8309de5e-b995-43dd-884c-2afc220cfbee-SegmentedRaftLogWorker:Storage Directory /workdir/hadoop-ozone/ozonefs/target/test-dir/MiniOzoneClusterImpl-f189934c-45ad-4ec0-9247-8ce3942f6bd4/datanode-1/data/ratis/0cc9a433-294d-4207-a193-bd257422999d for RaftStorage:Storage Directory /workdir/hadoop-ozone/ozonefs/target/test-dir/MiniOzoneClusterImpl-f189934c-45ad-4ec0-9247-8ce3942f6bd4/datanode-1/data/ratis/0cc9a433-294d-4207-a193-bd257422999d
2019-09-19 09:52:13,102 [pool-250-thread-1] INFO  server.RaftServerConfigKeys (ConfUtils.java:logGet(43)) - raft.server.log.queue.byte-limit = 2147483647 (custom)
2019-09-19 09:52:13,102 [pool-250-thread-1] INFO  server.RaftServerConfigKeys (ConfUtils.java:logGet(43)) - raft.server.log.queue.element-limit = 1024 (custom)
2019-09-19 09:52:13,102 [pool-250-thread-1] INFO  server.RaftServerConfigKeys (ConfUtils.java:logGet(43)) - raft.server.log.segment.size.max = 1048576 (custom)
2019-09-19 09:52:13,102 [pool-250-thread-1] INFO  server.RaftServerConfigKeys (ConfUtils.java:logGet(43)) - raft.server.log.preallocated.size = 16384 (custom)
2019-09-19 09:52:13,102 [pool-250-thread-1] INFO  server.RaftServerConfigKeys (ConfUtils.java:logGet(43)) - raft.server.log.write.buffer.size = 33554432 (custom)
2019-09-19 09:52:13,103 [pool-250-thread-1] INFO  server.RaftServerConfigKeys (ConfUtils.java:logGet(43)) - raft.server.log.force.sync.num = 128 (default)
2019-09-19 09:52:13,103 [pool-250-thread-1] INFO  server.RaftServerConfigKeys (ConfUtils.java:logGet(43)) - raft.server.log.statemachine.data.sync = true (default)
2019-09-19 09:52:13,103 [pool-250-thread-1] INFO  server.RaftServerConfigKeys (ConfUtils.java:logGet(43)) - raft.server.log.statemachine.data.sync.timeout = 10s (default)
2019-09-19 09:52:13,103 [pool-250-thread-1] INFO  server.RaftServerConfigKeys (ConfUtils.java:logGet(43)) - raft.server.log.statemachine.data.sync.timeout.retry = -1 (default)
2019-09-19 09:52:13,103 [pool-250-thread-1] INFO  server.RaftServerConfigKeys (ConfUtils.java:logGet(43)) - raft.server.log.statemachine.data.caching.enabled = true (custom)
2019-09-19 09:52:13,104 [pool-250-thread-1] INFO  segmented.SegmentedRaftLogWorker (SegmentedRaftLogWorker.java:lambda$new$0(132)) - 8309de5e-b995-43dd-884c-2afc220cfbee-SegmentedRaftLogWorker:Storage Directory /workdir/hadoop-ozone/ozonefs/target/test-dir/MiniOzoneClusterImpl-f189934c-45ad-4ec0-9247-8ce3942f6bd4/datanode-1/data/ratis/0cc9a433-294d-4207-a193-bd257422999d: flushIndex: setUnconditionally 0 -> -1
2019-09-19 09:52:13,104 [pool-250-thread-1] INFO  server.RaftServerConfigKeys (ConfUtils.java:logGet(43)) - raft.server.snapshot.auto.trigger.enabled = true (custom)
2019-09-19 09:52:13,104 [pool-250-thread-1] INFO  server.RaftServerConfigKeys (ConfUtils.java:logGet(43)) - raft.server.snapshot.auto.trigger.threshold = 10000 (custom)
2019-09-19 09:52:13,104 [pool-250-thread-1] INFO  server.RaftServerConfigKeys (ConfUtils.java:logGet(43)) - raft.server.retrycache.expirytime = 600000ms (custom)
2019-09-19 09:52:13,104 [pool-250-thread-1] INFO  impl.RaftServerImpl (RaftServerImpl.java:start(180)) - 8309de5e-b995-43dd-884c-2afc220cfbee: start group-BD257422999D
2019-09-19 09:52:13,105 [pool-250-thread-1] INFO  impl.RaftServerImpl (RaftServerImpl.java:setRole(171)) - 8309de5e-b995-43dd-884c-2afc220cfbee:group-BD257422999D changes role from null to FOLLOWER at term 0 for startAsFollower
2019-09-19 09:52:13,105 [pool-250-thread-1] INFO  impl.RoleInfo (RoleInfo.java:updateAndGet(143)) - 8309de5e-b995-43dd-884c-2afc220cfbee: start FollowerState
2019-09-19 09:52:13,105 [pool-250-thread-1] INFO  util.JmxRegister (JmxRegister.java:tryRegister(44)) - Successfully registered JMX Bean with object name Ratis:service=RaftServer,group=group-BD257422999D,id=8309de5e-b995-43dd-884c-2afc220cfbee
2019-09-19 09:52:13,109 [RatisPipelineUtilsThread] INFO  pipeline.PipelineStateManager (PipelineStateManager.java:addPipeline(56)) - Created pipeline Pipeline[ Id: 0cc9a433-294d-4207-a193-bd257422999d, Nodes: 8309de5e-b995-43dd-884c-2afc220cfbee{ip: 192.168.34.5, host: pr-hdds-1569-j4bt4-3030777008, networkLocation: /default-rack, certSerialId: null}, Type:RATIS, Factor:ONE, State:OPEN]
2019-09-19 09:52:13,109 [RatisPipelineUtilsThread] ERROR pipeline.PipelinePlacementPolicy (PipelinePlacementPolicy.java:meetCriteria(91)) - Pipeline Placement: Doesn't meet the criteria to be viable node. Heaviness: 6
2019-09-19 09:52:13,117 [grpc-default-executor-0] INFO  impl.RaftServerProxy (RaftServerProxy.java:addNew(89)) - 8309de5e-b995-43dd-884c-2afc220cfbee: addNew group-8112067DF1EE:[8309de5e-b995-43dd-884c-2afc220cfbee:192.168.34.5:37557] returns group-8112067DF1EE:java.util.concurrent.CompletableFuture@bd51b7d[Not completed]
2019-09-19 09:52:13,118 [pool-250-thread-1] INFO  impl.RaftServerImpl (RaftServerImpl.java:<init>(93)) - 8309de5e-b995-43dd-884c-2afc220cfbee: new RaftServerImpl for group-8112067DF1EE:[8309de5e-b995-43dd-884c-2afc220cfbee:192.168.34.5:37557] with ContainerStateMachine:uninitialized
2019-09-19 09:52:13,118 [pool-250-thread-1] INFO  server.RaftServerConfigKeys (ConfUtils.java:logGet(43)) - raft.server.rpc.timeout.min = 5s (custom)
2019-09-19 09:52:13,119 [pool-250-thread-1] INFO  server.RaftServerConfigKeys (ConfUtils.java:logGet(43)) - raft.server.rpc.timeout.max = 5200ms (custom)
2019-09-19 09:52:13,119 [pool-250-thread-1] INFO  server.RaftServerConfigKeys (ConfUtils.java:logGet(43)) - raft.server.rpcslowness.timeout = 120s (custom)
2019-09-19 09:52:13,119 [pool-250-thread-1] INFO  server.RaftServerConfigKeys (ConfUtils.java:logGet(43)) - raft.server.sleep.deviation.threshold = 300 (default)
2019-09-19 09:52:13,119 [pool-250-thread-1] INFO  server.RaftServerConfigKeys (ConfUtils.java:logGet(43)) - raft.server.log.appender.install.snapshot.enabled = false (custom)
2019-09-19 09:52:13,119 [pool-250-thread-1] INFO  impl.RaftServerImpl (ServerState.java:<init>(105)) - 8309de5e-b995-43dd-884c-2afc220cfbee:group-8112067DF1EE ConfigurationManager, init=-1: [8309de5e-b995-43dd-884c-2afc220cfbee:192.168.34.5:37557], old=null, confs=<EMPTY_MAP>
2019-09-19 09:52:13,119 [pool-250-thread-1] INFO  server.RaftServerConfigKeys (ConfUtils.java:logGet(43)) - raft.server.storage.dir = [/workdir/hadoop-ozone/ozonefs/target/test-dir/MiniOzoneClusterImpl-f189934c-45ad-4ec0-9247-8ce3942f6bd4/datanode-1/data/ratis] (custom)
2019-09-19 09:52:13,120 [pool-250-thread-1] INFO  storage.RaftStorageDirectory (RaftStorageDirectory.java:analyzeStorage(246)) - The storage directory /workdir/hadoop-ozone/ozonefs/target/test-dir/MiniOzoneClusterImpl-f189934c-45ad-4ec0-9247-8ce3942f6bd4/datanode-1/data/ratis/37ddf7d2-1535-404e-9cb1-8112067df1ee does not exist. Creating ...
2019-09-19 09:52:13,144 [pool-250-thread-1] INFO  storage.RaftStorageDirectory (RaftStorageDirectory.java:tryLock(328)) - Lock on /workdir/hadoop-ozone/ozonefs/target/test-dir/MiniOzoneClusterImpl-f189934c-45ad-4ec0-9247-8ce3942f6bd4/datanode-1/data/ratis/37ddf7d2-1535-404e-9cb1-8112067df1ee/in_use.lock acquired by nodename 9507@pr-hdds-1569-j4bt4-3030777008
2019-09-19 09:52:13,157 [pool-250-thread-1] INFO  storage.RaftStorage (RaftStorage.java:format(72)) - Storage directory /workdir/hadoop-ozone/ozonefs/target/test-dir/MiniOzoneClusterImpl-f189934c-45ad-4ec0-9247-8ce3942f6bd4/datanode-1/data/ratis/37ddf7d2-1535-404e-9cb1-8112067df1ee has been successfully formatted.
2019-09-19 09:52:13,158 [pool-250-thread-1] INFO  ratis.ContainerStateMachine (ContainerStateMachine.java:loadSnapshot(226)) - group-8112067DF1EE: The snapshot info is null. Setting the last applied indexto:(t:0, i:~)
2019-09-19 09:52:13,158 [pool-250-thread-1] INFO  server.RaftServerConfigKeys (ConfUtils.java:logGet(43)) - raft.server.leader.election.timeout = 120s (custom)
2019-09-19 09:52:13,158 [pool-250-thread-1] INFO  server.RaftServerConfigKeys (ConfUtils.java:logGet(43)) - raft.server.log.use.memory = false (default)
2019-09-19 09:52:13,158 [pool-250-thread-1] INFO  server.RaftServerConfigKeys (ConfUtils.java:logGet(43)) - raft.server.log.purge.gap = 1000000 (custom)
2019-09-19 09:52:13,158 [pool-250-thread-1] INFO  server.RaftServerConfigKeys (ConfUtils.java:logGet(43)) - raft.server.log.appender.buffer.byte-limit = 33554432 (custom)
2019-09-19 09:52:13,158 [pool-250-thread-1] INFO  server.RaftServerConfigKeys (ConfUtils.java:logGet(43)) - raft.server.log.segment.size.max = 1048576 (custom)
2019-09-19 09:52:13,158 [pool-250-thread-1] INFO  server.RaftServerConfigKeys (ConfUtils.java:logGet(43)) - raft.server.log.segment.cache.num.max = 2 (custom)
2019-09-19 09:52:13,158 [pool-250-thread-1] INFO  segmented.SegmentedRaftLogWorker (SegmentedRaftLogWorker.java:<init>(172)) - new 8309de5e-b995-43dd-884c-2afc220cfbee-SegmentedRaftLogWorker:Storage Directory /workdir/hadoop-ozone/ozonefs/target/test-dir/MiniOzoneClusterImpl-f189934c-45ad-4ec0-9247-8ce3942f6bd4/datanode-1/data/ratis/37ddf7d2-1535-404e-9cb1-8112067df1ee for RaftStorage:Storage Directory /workdir/hadoop-ozone/ozonefs/target/test-dir/MiniOzoneClusterImpl-f189934c-45ad-4ec0-9247-8ce3942f6bd4/datanode-1/data/ratis/37ddf7d2-1535-404e-9cb1-8112067df1ee
2019-09-19 09:52:13,159 [pool-250-thread-1] INFO  server.RaftServerConfigKeys (ConfUtils.java:logGet(43)) - raft.server.log.queue.byte-limit = 2147483647 (custom)
2019-09-19 09:52:13,159 [pool-250-thread-1] INFO  server.RaftServerConfigKeys (ConfUtils.java:logGet(43)) - raft.server.log.queue.element-limit = 1024 (custom)
2019-09-19 09:52:13,159 [pool-250-thread-1] INFO  server.RaftServerConfigKeys (ConfUtils.java:logGet(43)) - raft.server.log.segment.size.max = 1048576 (custom)
2019-09-19 09:52:13,159 [pool-250-thread-1] INFO  server.RaftServerConfigKeys (ConfUtils.java:logGet(43)) - raft.server.log.preallocated.size = 16384 (custom)
2019-09-19 09:52:13,159 [pool-250-thread-1] INFO  server.RaftServerConfigKeys (ConfUtils.java:logGet(43)) - raft.server.log.write.buffer.size = 33554432 (custom)
2019-09-19 09:52:13,159 [pool-250-thread-1] INFO  server.RaftServerConfigKeys (ConfUtils.java:logGet(43)) - raft.server.log.force.sync.num = 128 (default)
2019-09-19 09:52:13,159 [pool-250-thread-1] INFO  server.RaftServerConfigKeys (ConfUtils.java:logGet(43)) - raft.server.log.statemachine.data.sync = true (default)
2019-09-19 09:52:13,159 [pool-250-thread-1] INFO  server.RaftServerConfigKeys (ConfUtils.java:logGet(43)) - raft.server.log.statemachine.data.sync.timeout = 10s (default)
2019-09-19 09:52:13,159 [pool-250-thread-1] INFO  server.RaftServerConfigKeys (ConfUtils.java:logGet(43)) - raft.server.log.statemachine.data.sync.timeout.retry = -1 (default)
2019-09-19 09:52:13,160 [pool-250-thread-1] INFO  server.RaftServerConfigKeys (ConfUtils.java:logGet(43)) - raft.server.log.statemachine.data.caching.enabled = true (custom)
2019-09-19 09:52:13,160 [pool-250-thread-1] INFO  segmented.SegmentedRaftLogWorker (SegmentedRaftLogWorker.java:lambda$new$0(132)) - 8309de5e-b995-43dd-884c-2afc220cfbee-SegmentedRaftLogWorker:Storage Directory /workdir/hadoop-ozone/ozonefs/target/test-dir/MiniOzoneClusterImpl-f189934c-45ad-4ec0-9247-8ce3942f6bd4/datanode-1/data/ratis/37ddf7d2-1535-404e-9cb1-8112067df1ee: flushIndex: setUnconditionally 0 -> -1
2019-09-19 09:52:13,160 [pool-250-thread-1] INFO  server.RaftServerConfigKeys (ConfUtils.java:logGet(43)) - raft.server.snapshot.auto.trigger.enabled = true (custom)
2019-09-19 09:52:13,160 [pool-250-thread-1] INFO  server.RaftServerConfigKeys (ConfUtils.java:logGet(43)) - raft.server.snapshot.auto.trigger.threshold = 10000 (custom)
2019-09-19 09:52:13,160 [pool-250-thread-1] INFO  server.RaftServerConfigKeys (ConfUtils.java:logGet(43)) - raft.server.retrycache.expirytime = 600000ms (custom)
2019-09-19 09:52:13,160 [pool-250-thread-1] INFO  impl.RaftServerImpl (RaftServerImpl.java:start(180)) - 8309de5e-b995-43dd-884c-2afc220cfbee: start group-8112067DF1EE
2019-09-19 09:52:13,161 [pool-250-thread-1] INFO  impl.RaftServerImpl (RaftServerImpl.java:setRole(171)) - 8309de5e-b995-43dd-884c-2afc220cfbee:group-8112067DF1EE changes role from null to FOLLOWER at term 0 for startAsFollower
2019-09-19 09:52:13,161 [pool-250-thread-1] INFO  impl.RoleInfo (RoleInfo.java:updateAndGet(143)) - 8309de5e-b995-43dd-884c-2afc220cfbee: start FollowerState
2019-09-19 09:52:13,161 [pool-250-thread-1] INFO  util.JmxRegister (JmxRegister.java:tryRegister(44)) - Successfully registered JMX Bean with object name Ratis:service=RaftServer,group=group-8112067DF1EE,id=8309de5e-b995-43dd-884c-2afc220cfbee
2019-09-19 09:52:13,165 [RatisPipelineUtilsThread] INFO  pipeline.PipelineStateManager (PipelineStateManager.java:addPipeline(56)) - Created pipeline Pipeline[ Id: 37ddf7d2-1535-404e-9cb1-8112067df1ee, Nodes: 8309de5e-b995-43dd-884c-2afc220cfbee{ip: 192.168.34.5, host: pr-hdds-1569-j4bt4-3030777008, networkLocation: /default-rack, certSerialId: null}, Type:RATIS, Factor:ONE, State:OPEN]
2019-09-19 09:52:13,165 [RatisPipelineUtilsThread] ERROR pipeline.PipelinePlacementPolicy (PipelinePlacementPolicy.java:meetCriteria(91)) - Pipeline Placement: Doesn't meet the criteria to be viable node. Heaviness: 6
2019-09-19 09:52:13,172 [grpc-default-executor-0] INFO  impl.RaftServerProxy (RaftServerProxy.java:addNew(89)) - 8309de5e-b995-43dd-884c-2afc220cfbee: addNew group-0A5CE2997857:[8309de5e-b995-43dd-884c-2afc220cfbee:192.168.34.5:37557] returns group-0A5CE2997857:java.util.concurrent.CompletableFuture@794624cd[Not completed]
2019-09-19 09:52:13,173 [pool-250-thread-1] INFO  impl.RaftServerImpl (RaftServerImpl.java:<init>(93)) - 8309de5e-b995-43dd-884c-2afc220cfbee: new RaftServerImpl for group-0A5CE2997857:[8309de5e-b995-43dd-884c-2afc220cfbee:192.168.34.5:37557] with ContainerStateMachine:uninitialized
2019-09-19 09:52:13,173 [pool-250-thread-1] INFO  server.RaftServerConfigKeys (ConfUtils.java:logGet(43)) - raft.server.rpc.timeout.min = 5s (custom)
2019-09-19 09:52:13,173 [pool-250-thread-1] INFO  server.RaftServerConfigKeys (ConfUtils.java:logGet(43)) - raft.server.rpc.timeout.max = 5200ms (custom)
2019-09-19 09:52:13,173 [pool-250-thread-1] INFO  server.RaftServerConfigKeys (ConfUtils.java:logGet(43)) - raft.server.rpcslowness.timeout = 120s (custom)
2019-09-19 09:52:13,173 [pool-250-thread-1] INFO  server.RaftServerConfigKeys (ConfUtils.java:logGet(43)) - raft.server.sleep.deviation.threshold = 300 (default)
2019-09-19 09:52:13,174 [pool-250-thread-1] INFO  server.RaftServerConfigKeys (ConfUtils.java:logGet(43)) - raft.server.log.appender.install.snapshot.enabled = false (custom)
2019-09-19 09:52:13,174 [pool-250-thread-1] INFO  impl.RaftServerImpl (ServerState.java:<init>(105)) - 8309de5e-b995-43dd-884c-2afc220cfbee:group-0A5CE2997857 ConfigurationManager, init=-1: [8309de5e-b995-43dd-884c-2afc220cfbee:192.168.34.5:37557], old=null, confs=<EMPTY_MAP>
2019-09-19 09:52:13,174 [pool-250-thread-1] INFO  server.RaftServerConfigKeys (ConfUtils.java:logGet(43)) - raft.server.storage.dir = [/workdir/hadoop-ozone/ozonefs/target/test-dir/MiniOzoneClusterImpl-f189934c-45ad-4ec0-9247-8ce3942f6bd4/datanode-1/data/ratis] (custom)
2019-09-19 09:52:13,174 [pool-250-thread-1] INFO  storage.RaftStorageDirectory (RaftStorageDirectory.java:analyzeStorage(246)) - The storage directory /workdir/hadoop-ozone/ozonefs/target/test-dir/MiniOzoneClusterImpl-f189934c-45ad-4ec0-9247-8ce3942f6bd4/datanode-1/data/ratis/ab4ae956-e79a-409d-b1c0-0a5ce2997857 does not exist. Creating ...
2019-09-19 09:52:13,187 [pool-250-thread-1] INFO  storage.RaftStorageDirectory (RaftStorageDirectory.java:tryLock(328)) - Lock on /workdir/hadoop-ozone/ozonefs/target/test-dir/MiniOzoneClusterImpl-f189934c-45ad-4ec0-9247-8ce3942f6bd4/datanode-1/data/ratis/ab4ae956-e79a-409d-b1c0-0a5ce2997857/in_use.lock acquired by nodename 9507@pr-hdds-1569-j4bt4-3030777008
2019-09-19 09:52:13,200 [pool-250-thread-1] INFO  storage.RaftStorage (RaftStorage.java:format(72)) - Storage directory /workdir/hadoop-ozone/ozonefs/target/test-dir/MiniOzoneClusterImpl-f189934c-45ad-4ec0-9247-8ce3942f6bd4/datanode-1/data/ratis/ab4ae956-e79a-409d-b1c0-0a5ce2997857 has been successfully formatted.
2019-09-19 09:52:13,200 [pool-250-thread-1] INFO  ratis.ContainerStateMachine (ContainerStateMachine.java:loadSnapshot(226)) - group-0A5CE2997857: The snapshot info is null. Setting the last applied indexto:(t:0, i:~)
2019-09-19 09:52:13,200 [pool-250-thread-1] INFO  server.RaftServerConfigKeys (ConfUtils.java:logGet(43)) - raft.server.leader.election.timeout = 120s (custom)
2019-09-19 09:52:13,200 [pool-250-thread-1] INFO  server.RaftServerConfigKeys (ConfUtils.java:logGet(43)) - raft.server.log.use.memory = false (default)
2019-09-19 09:52:13,200 [pool-250-thread-1] INFO  server.RaftServerConfigKeys (ConfUtils.java:logGet(43)) - raft.server.log.purge.gap = 1000000 (custom)
2019-09-19 09:52:13,200 [pool-250-thread-1] INFO  server.RaftServerConfigKeys (ConfUtils.java:logGet(43)) - raft.server.log.appender.buffer.byte-limit = 33554432 (custom)
2019-09-19 09:52:13,200 [pool-250-thread-1] INFO  server.RaftServerConfigKeys (ConfUtils.java:logGet(43)) - raft.server.log.segment.size.max = 1048576 (custom)
2019-09-19 09:52:13,201 [pool-250-thread-1] INFO  server.RaftServerConfigKeys (ConfUtils.java:logGet(43)) - raft.server.log.segment.cache.num.max = 2 (custom)
2019-09-19 09:52:13,201 [pool-250-thread-1] INFO  segmented.SegmentedRaftLogWorker (SegmentedRaftLogWorker.java:<init>(172)) - new 8309de5e-b995-43dd-884c-2afc220cfbee-SegmentedRaftLogWorker:Storage Directory /workdir/hadoop-ozone/ozonefs/target/test-dir/MiniOzoneClusterImpl-f189934c-45ad-4ec0-9247-8ce3942f6bd4/datanode-1/data/ratis/ab4ae956-e79a-409d-b1c0-0a5ce2997857 for RaftStorage:Storage Directory /workdir/hadoop-ozone/ozonefs/target/test-dir/MiniOzoneClusterImpl-f189934c-45ad-4ec0-9247-8ce3942f6bd4/datanode-1/data/ratis/ab4ae956-e79a-409d-b1c0-0a5ce2997857
2019-09-19 09:52:13,201 [pool-250-thread-1] INFO  server.RaftServerConfigKeys (ConfUtils.java:logGet(43)) - raft.server.log.queue.byte-limit = 2147483647 (custom)
2019-09-19 09:52:13,201 [pool-250-thread-1] INFO  server.RaftServerConfigKeys (ConfUtils.java:logGet(43)) - raft.server.log.queue.element-limit = 1024 (custom)
2019-09-19 09:52:13,201 [pool-250-thread-1] INFO  server.RaftServerConfigKeys (ConfUtils.java:logGet(43)) - raft.server.log.segment.size.max = 1048576 (custom)
2019-09-19 09:52:13,201 [pool-250-thread-1] INFO  server.RaftServerConfigKeys (ConfUtils.java:logGet(43)) - raft.server.log.preallocated.size = 16384 (custom)
2019-09-19 09:52:13,201 [pool-250-thread-1] INFO  server.RaftServerConfigKeys (ConfUtils.java:logGet(43)) - raft.server.log.write.buffer.size = 33554432 (custom)
2019-09-19 09:52:13,201 [pool-250-thread-1] INFO  server.RaftServerConfigKeys (ConfUtils.java:logGet(43)) - raft.server.log.force.sync.num = 128 (default)
2019-09-19 09:52:13,201 [pool-250-thread-1] INFO  server.RaftServerConfigKeys (ConfUtils.java:logGet(43)) - raft.server.log.statemachine.data.sync = true (default)
2019-09-19 09:52:13,202 [pool-250-thread-1] INFO  server.RaftServerConfigKeys (ConfUtils.java:logGet(43)) - raft.server.log.statemachine.data.sync.timeout = 10s (default)
2019-09-19 09:52:13,202 [pool-250-thread-1] INFO  server.RaftServerConfigKeys (ConfUtils.java:logGet(43)) - raft.server.log.statemachine.data.sync.timeout.retry = -1 (default)
2019-09-19 09:52:13,202 [pool-250-thread-1] INFO  server.RaftServerConfigKeys (ConfUtils.java:logGet(43)) - raft.server.log.statemachine.data.caching.enabled = true (custom)
2019-09-19 09:52:13,202 [pool-250-thread-1] INFO  segmented.SegmentedRaftLogWorker (SegmentedRaftLogWorker.java:lambda$new$0(132)) - 8309de5e-b995-43dd-884c-2afc220cfbee-SegmentedRaftLogWorker:Storage Directory /workdir/hadoop-ozone/ozonefs/target/test-dir/MiniOzoneClusterImpl-f189934c-45ad-4ec0-9247-8ce3942f6bd4/datanode-1/data/ratis/ab4ae956-e79a-409d-b1c0-0a5ce2997857: flushIndex: setUnconditionally 0 -> -1
2019-09-19 09:52:13,202 [pool-250-thread-1] INFO  server.RaftServerConfigKeys (ConfUtils.java:logGet(43)) - raft.server.snapshot.auto.trigger.enabled = true (custom)
2019-09-19 09:52:13,203 [pool-250-thread-1] INFO  server.RaftServerConfigKeys (ConfUtils.java:logGet(43)) - raft.server.snapshot.auto.trigger.threshold = 10000 (custom)
2019-09-19 09:52:13,203 [pool-250-thread-1] INFO  server.RaftServerConfigKeys (ConfUtils.java:logGet(43)) - raft.server.retrycache.expirytime = 600000ms (custom)
2019-09-19 09:52:13,203 [pool-250-thread-1] INFO  impl.RaftServerImpl (RaftServerImpl.java:start(180)) - 8309de5e-b995-43dd-884c-2afc220cfbee: start group-0A5CE2997857
2019-09-19 09:52:13,203 [pool-250-thread-1] INFO  impl.RaftServerImpl (RaftServerImpl.java:setRole(171)) - 8309de5e-b995-43dd-884c-2afc220cfbee:group-0A5CE2997857 changes role from null to FOLLOWER at term 0 for startAsFollower
2019-09-19 09:52:13,203 [pool-250-thread-1] INFO  impl.RoleInfo (RoleInfo.java:updateAndGet(143)) - 8309de5e-b995-43dd-884c-2afc220cfbee: start FollowerState
2019-09-19 09:52:13,203 [pool-250-thread-1] INFO  util.JmxRegister (JmxRegister.java:tryRegister(44)) - Successfully registered JMX Bean with object name Ratis:service=RaftServer,group=group-0A5CE2997857,id=8309de5e-b995-43dd-884c-2afc220cfbee
2019-09-19 09:52:13,206 [RatisPipelineUtilsThread] INFO  pipeline.PipelineStateManager (PipelineStateManager.java:addPipeline(56)) - Created pipeline Pipeline[ Id: ab4ae956-e79a-409d-b1c0-0a5ce2997857, Nodes: 8309de5e-b995-43dd-884c-2afc220cfbee{ip: 192.168.34.5, host: pr-hdds-1569-j4bt4-3030777008, networkLocation: /default-rack, certSerialId: null}, Type:RATIS, Factor:ONE, State:OPEN]
2019-09-19 09:52:13,207 [RatisPipelineUtilsThread] ERROR pipeline.PipelinePlacementPolicy (PipelinePlacementPolicy.java:meetCriteria(91)) - Pipeline Placement: Doesn't meet the criteria to be viable node. Heaviness: 6
2019-09-19 09:52:13,207 [RatisPipelineUtilsThread] ERROR pipeline.PipelinePlacementPolicy (PipelinePlacementPolicy.java:meetCriteria(91)) - Pipeline Placement: Doesn't meet the criteria to be viable node. Heaviness: 6
2019-09-19 09:52:13,207 [RatisPipelineUtilsThread] ERROR pipeline.PipelinePlacementPolicy (PipelinePlacementPolicy.java:filterViableNodes(146)) - Unable to find enough nodes that meet the criteria that cannot engage in more than 5 pipelines. Nodes required: 1 Found: 0, healthy nodes count inNodeManager: 2.
2019-09-19 09:52:13,207 [RatisPipelineUtilsThread] ERROR pipeline.SCMPipelineManager (SCMPipelineManager.java:createPipeline(161)) - Pipeline creation failed due to exception: Unable to find enough nodes that meet the criteria that cannot engage in more than 5 pipelines. Nodes required: 1 Found: 0, healthy nodes count inNodeManager: 2.
2019-09-19 09:52:13,208 [RatisPipelineUtilsThread] ERROR pipeline.PipelinePlacementPolicy (PipelinePlacementPolicy.java:filterViableNodes(129)) - Not enough healthy nodes to allocate pipeline. 3  datanodes required. Found 2
2019-09-19 09:52:13,208 [RatisPipelineUtilsThread] ERROR pipeline.SCMPipelineManager (SCMPipelineManager.java:createPipeline(161)) - Pipeline creation failed due to exception: Not enough healthy nodes to allocate pipeline. 3  datanodes required. Found 2
2019-09-19 09:52:13,222 [Thread-1068] INFO  ozone.MiniOzoneClusterImpl (MiniOzoneClusterImpl.java:lambda$waitForClusterToBeReady$0(142)) - Waiting for cluster to be ready. Got 2 of 3 DN Heartbeats.
2019-09-19 09:52:13,222 [IPC Server handler 1 on 40258] INFO  net.NetworkTopology (NetworkTopologyImpl.java:add(110)) - Added a new node: /default-rack/b401d7ef-c1f5-49e9-9ce5-0be3b3216b3d
2019-09-19 09:52:13,223 [IPC Server handler 1 on 40258] INFO  node.SCMNodeManager (SCMNodeManager.java:register(273)) - Registered Data node : b401d7ef-c1f5-49e9-9ce5-0be3b3216b3d{ip: 192.168.34.5, host: pr-hdds-1569-j4bt4-3030777008, networkLocation: /default-rack, certSerialId: null}
2019-09-19 09:52:13,223 [RatisPipelineUtilsThread] ERROR pipeline.PipelinePlacementPolicy (PipelinePlacementPolicy.java:meetCriteria(91)) - Pipeline Placement: Doesn't meet the criteria to be viable node. Heaviness: 6
2019-09-19 09:52:13,223 | INFO  | SCMAudit | user=jenkins1000 | ip=192.168.34.5 | op=REGISTER {datanodeDetails=b401d7ef-c1f5-49e9-9ce5-0be3b3216b3d{ip: 192.168.34.5, host: pr-hdds-1569-j4bt4-3030777008, networkLocation: /default-rack, certSerialId: null}} | ret=SUCCESS |  
2019-09-19 09:52:13,223 [RatisPipelineUtilsThread] ERROR pipeline.PipelinePlacementPolicy (PipelinePlacementPolicy.java:meetCriteria(91)) - Pipeline Placement: Doesn't meet the criteria to be viable node. Heaviness: 6
2019-09-19 09:52:13,231 [grpc-default-executor-0] INFO  impl.RaftServerProxy (RaftServerProxy.java:addNew(89)) - b401d7ef-c1f5-49e9-9ce5-0be3b3216b3d: addNew group-C83EE6463275:[b401d7ef-c1f5-49e9-9ce5-0be3b3216b3d:192.168.34.5:33431] returns group-C83EE6463275:java.util.concurrent.CompletableFuture@38d2a8d0[Not completed]
2019-09-19 09:52:13,232 [pool-261-thread-1] INFO  impl.RaftServerImpl (RaftServerImpl.java:<init>(93)) - b401d7ef-c1f5-49e9-9ce5-0be3b3216b3d: new RaftServerImpl for group-C83EE6463275:[b401d7ef-c1f5-49e9-9ce5-0be3b3216b3d:192.168.34.5:33431] with ContainerStateMachine:uninitialized
2019-09-19 09:52:13,232 [pool-261-thread-1] INFO  server.RaftServerConfigKeys (ConfUtils.java:logGet(43)) - raft.server.rpc.timeout.min = 5s (custom)
2019-09-19 09:52:13,232 [pool-261-thread-1] INFO  server.RaftServerConfigKeys (ConfUtils.java:logGet(43)) - raft.server.rpc.timeout.max = 5200ms (custom)
2019-09-19 09:52:13,232 [pool-261-thread-1] INFO  server.RaftServerConfigKeys (ConfUtils.java:logGet(43)) - raft.server.rpcslowness.timeout = 120s (custom)
2019-09-19 09:52:13,232 [pool-261-thread-1] INFO  server.RaftServerConfigKeys (ConfUtils.java:logGet(43)) - raft.server.sleep.deviation.threshold = 300 (default)
2019-09-19 09:52:13,232 [pool-261-thread-1] INFO  server.RaftServerConfigKeys (ConfUtils.java:logGet(43)) - raft.server.log.appender.install.snapshot.enabled = false (custom)
2019-09-19 09:52:13,233 [pool-261-thread-1] INFO  impl.RaftServerImpl (ServerState.java:<init>(105)) - b401d7ef-c1f5-49e9-9ce5-0be3b3216b3d:group-C83EE6463275 ConfigurationManager, init=-1: [b401d7ef-c1f5-49e9-9ce5-0be3b3216b3d:192.168.34.5:33431], old=null, confs=<EMPTY_MAP>
2019-09-19 09:52:13,233 [pool-261-thread-1] INFO  server.RaftServerConfigKeys (ConfUtils.java:logGet(43)) - raft.server.storage.dir = [/workdir/hadoop-ozone/ozonefs/target/test-dir/MiniOzoneClusterImpl-f189934c-45ad-4ec0-9247-8ce3942f6bd4/datanode-2/data/ratis] (custom)
2019-09-19 09:52:13,233 [pool-261-thread-1] INFO  storage.RaftStorageDirectory (RaftStorageDirectory.java:analyzeStorage(246)) - The storage directory /workdir/hadoop-ozone/ozonefs/target/test-dir/MiniOzoneClusterImpl-f189934c-45ad-4ec0-9247-8ce3942f6bd4/datanode-2/data/ratis/776afbde-60c5-4a4f-9c61-c83ee6463275 does not exist. Creating ...
2019-09-19 09:52:13,246 [pool-261-thread-1] INFO  storage.RaftStorageDirectory (RaftStorageDirectory.java:tryLock(328)) - Lock on /workdir/hadoop-ozone/ozonefs/target/test-dir/MiniOzoneClusterImpl-f189934c-45ad-4ec0-9247-8ce3942f6bd4/datanode-2/data/ratis/776afbde-60c5-4a4f-9c61-c83ee6463275/in_use.lock acquired by nodename 9507@pr-hdds-1569-j4bt4-3030777008
2019-09-19 09:52:13,258 [pool-261-thread-1] INFO  storage.RaftStorage (RaftStorage.java:format(72)) - Storage directory /workdir/hadoop-ozone/ozonefs/target/test-dir/MiniOzoneClusterImpl-f189934c-45ad-4ec0-9247-8ce3942f6bd4/datanode-2/data/ratis/776afbde-60c5-4a4f-9c61-c83ee6463275 has been successfully formatted.
2019-09-19 09:52:13,259 [pool-261-thread-1] INFO  ratis.ContainerStateMachine (ContainerStateMachine.java:loadSnapshot(226)) - group-C83EE6463275: The snapshot info is null. Setting the last applied indexto:(t:0, i:~)
2019-09-19 09:52:13,259 [pool-261-thread-1] INFO  server.RaftServerConfigKeys (ConfUtils.java:logGet(43)) - raft.server.leader.election.timeout = 120s (custom)
2019-09-19 09:52:13,259 [pool-261-thread-1] INFO  server.RaftServerConfigKeys (ConfUtils.java:logGet(43)) - raft.server.log.use.memory = false (default)
2019-09-19 09:52:13,259 [pool-261-thread-1] INFO  server.RaftServerConfigKeys (ConfUtils.java:logGet(43)) - raft.server.log.purge.gap = 1000000 (custom)
2019-09-19 09:52:13,259 [pool-261-thread-1] INFO  server.RaftServerConfigKeys (ConfUtils.java:logGet(43)) - raft.server.log.appender.buffer.byte-limit = 33554432 (custom)
2019-09-19 09:52:13,259 [pool-261-thread-1] INFO  server.RaftServerConfigKeys (ConfUtils.java:logGet(43)) - raft.server.log.segment.size.max = 1048576 (custom)
2019-09-19 09:52:13,259 [pool-261-thread-1] INFO  server.RaftServerConfigKeys (ConfUtils.java:logGet(43)) - raft.server.log.segment.cache.num.max = 2 (custom)
2019-09-19 09:52:13,259 [pool-261-thread-1] INFO  segmented.SegmentedRaftLogWorker (SegmentedRaftLogWorker.java:<init>(172)) - new b401d7ef-c1f5-49e9-9ce5-0be3b3216b3d-SegmentedRaftLogWorker:Storage Directory /workdir/hadoop-ozone/ozonefs/target/test-dir/MiniOzoneClusterImpl-f189934c-45ad-4ec0-9247-8ce3942f6bd4/datanode-2/data/ratis/776afbde-60c5-4a4f-9c61-c83ee6463275 for RaftStorage:Storage Directory /workdir/hadoop-ozone/ozonefs/target/test-dir/MiniOzoneClusterImpl-f189934c-45ad-4ec0-9247-8ce3942f6bd4/datanode-2/data/ratis/776afbde-60c5-4a4f-9c61-c83ee6463275
2019-09-19 09:52:13,260 [pool-261-thread-1] INFO  server.RaftServerConfigKeys (ConfUtils.java:logGet(43)) - raft.server.log.queue.byte-limit = 2147483647 (custom)
2019-09-19 09:52:13,260 [pool-261-thread-1] INFO  server.RaftServerConfigKeys (ConfUtils.java:logGet(43)) - raft.server.log.queue.element-limit = 1024 (custom)
2019-09-19 09:52:13,260 [pool-261-thread-1] INFO  server.RaftServerConfigKeys (ConfUtils.java:logGet(43)) - raft.server.log.segment.size.max = 1048576 (custom)
2019-09-19 09:52:13,260 [pool-261-thread-1] INFO  server.RaftServerConfigKeys (ConfUtils.java:logGet(43)) - raft.server.log.preallocated.size = 16384 (custom)
2019-09-19 09:52:13,260 [pool-261-thread-1] INFO  server.RaftServerConfigKeys (ConfUtils.java:logGet(43)) - raft.server.log.write.buffer.size = 33554432 (custom)
2019-09-19 09:52:13,260 [pool-261-thread-1] INFO  server.RaftServerConfigKeys (ConfUtils.java:logGet(43)) - raft.server.log.force.sync.num = 128 (default)
2019-09-19 09:52:13,260 [pool-261-thread-1] INFO  server.RaftServerConfigKeys (ConfUtils.java:logGet(43)) - raft.server.log.statemachine.data.sync = true (default)
2019-09-19 09:52:13,260 [pool-261-thread-1] INFO  server.RaftServerConfigKeys (ConfUtils.java:logGet(43)) - raft.server.log.statemachine.data.sync.timeout = 10s (default)
2019-09-19 09:52:13,260 [pool-261-thread-1] INFO  server.RaftServerConfigKeys (ConfUtils.java:logGet(43)) - raft.server.log.statemachine.data.sync.timeout.retry = -1 (default)
2019-09-19 09:52:13,261 [pool-261-thread-1] INFO  server.RaftServerConfigKeys (ConfUtils.java:logGet(43)) - raft.server.log.statemachine.data.caching.enabled = true (custom)
2019-09-19 09:52:13,261 [pool-261-thread-1] INFO  segmented.SegmentedRaftLogWorker (SegmentedRaftLogWorker.java:lambda$new$0(132)) - b401d7ef-c1f5-49e9-9ce5-0be3b3216b3d-SegmentedRaftLogWorker:Storage Directory /workdir/hadoop-ozone/ozonefs/target/test-dir/MiniOzoneClusterImpl-f189934c-45ad-4ec0-9247-8ce3942f6bd4/datanode-2/data/ratis/776afbde-60c5-4a4f-9c61-c83ee6463275: flushIndex: setUnconditionally 0 -> -1
2019-09-19 09:52:13,261 [pool-261-thread-1] INFO  server.RaftServerConfigKeys (ConfUtils.java:logGet(43)) - raft.server.snapshot.auto.trigger.enabled = true (custom)
2019-09-19 09:52:13,261 [pool-261-thread-1] INFO  server.RaftServerConfigKeys (ConfUtils.java:logGet(43)) - raft.server.snapshot.auto.trigger.threshold = 10000 (custom)
2019-09-19 09:52:13,262 [pool-261-thread-1] INFO  server.RaftServerConfigKeys (ConfUtils.java:logGet(43)) - raft.server.retrycache.expirytime = 600000ms (custom)
2019-09-19 09:52:13,262 [pool-261-thread-1] INFO  impl.RaftServerImpl (RaftServerImpl.java:start(180)) - b401d7ef-c1f5-49e9-9ce5-0be3b3216b3d: start group-C83EE6463275
2019-09-19 09:52:13,262 [pool-261-thread-1] INFO  impl.RaftServerImpl (RaftServerImpl.java:setRole(171)) - b401d7ef-c1f5-49e9-9ce5-0be3b3216b3d:group-C83EE6463275 changes role from null to FOLLOWER at term 0 for startAsFollower
2019-09-19 09:52:13,262 [pool-261-thread-1] INFO  impl.RoleInfo (RoleInfo.java:updateAndGet(143)) - b401d7ef-c1f5-49e9-9ce5-0be3b3216b3d: start FollowerState
2019-09-19 09:52:13,262 [pool-261-thread-1] INFO  util.JmxRegister (JmxRegister.java:tryRegister(44)) - Successfully registered JMX Bean with object name Ratis:service=RaftServer,group=group-C83EE6463275,id=b401d7ef-c1f5-49e9-9ce5-0be3b3216b3d
2019-09-19 09:52:13,265 [RatisPipelineUtilsThread] INFO  pipeline.PipelineStateManager (PipelineStateManager.java:addPipeline(56)) - Created pipeline Pipeline[ Id: 776afbde-60c5-4a4f-9c61-c83ee6463275, Nodes: b401d7ef-c1f5-49e9-9ce5-0be3b3216b3d{ip: 192.168.34.5, host: pr-hdds-1569-j4bt4-3030777008, networkLocation: /default-rack, certSerialId: null}, Type:RATIS, Factor:ONE, State:OPEN]
2019-09-19 09:52:13,265 [RatisPipelineUtilsThread] ERROR pipeline.PipelinePlacementPolicy (PipelinePlacementPolicy.java:meetCriteria(91)) - Pipeline Placement: Doesn't meet the criteria to be viable node. Heaviness: 6
2019-09-19 09:52:13,266 [RatisPipelineUtilsThread] ERROR pipeline.PipelinePlacementPolicy (PipelinePlacementPolicy.java:meetCriteria(91)) - Pipeline Placement: Doesn't meet the criteria to be viable node. Heaviness: 6
2019-09-19 09:52:13,272 [grpc-default-executor-0] INFO  impl.RaftServerProxy (RaftServerProxy.java:addNew(89)) - b401d7ef-c1f5-49e9-9ce5-0be3b3216b3d: addNew group-DA1649645A47:[b401d7ef-c1f5-49e9-9ce5-0be3b3216b3d:192.168.34.5:33431] returns group-DA1649645A47:java.util.concurrent.CompletableFuture@e9ef844[Not completed]
2019-09-19 09:52:13,273 [pool-261-thread-1] INFO  impl.RaftServerImpl (RaftServerImpl.java:<init>(93)) - b401d7ef-c1f5-49e9-9ce5-0be3b3216b3d: new RaftServerImpl for group-DA1649645A47:[b401d7ef-c1f5-49e9-9ce5-0be3b3216b3d:192.168.34.5:33431] with ContainerStateMachine:uninitialized
2019-09-19 09:52:13,274 [pool-261-thread-1] INFO  server.RaftServerConfigKeys (ConfUtils.java:logGet(43)) - raft.server.rpc.timeout.min = 5s (custom)
2019-09-19 09:52:13,274 [pool-261-thread-1] INFO  server.RaftServerConfigKeys (ConfUtils.java:logGet(43)) - raft.server.rpc.timeout.max = 5200ms (custom)
2019-09-19 09:52:13,274 [pool-261-thread-1] INFO  server.RaftServerConfigKeys (ConfUtils.java:logGet(43)) - raft.server.rpcslowness.timeout = 120s (custom)
2019-09-19 09:52:13,274 [pool-261-thread-1] INFO  server.RaftServerConfigKeys (ConfUtils.java:logGet(43)) - raft.server.sleep.deviation.threshold = 300 (default)
2019-09-19 09:52:13,274 [pool-261-thread-1] INFO  server.RaftServerConfigKeys (ConfUtils.java:logGet(43)) - raft.server.log.appender.install.snapshot.enabled = false (custom)
2019-09-19 09:52:13,274 [pool-261-thread-1] INFO  impl.RaftServerImpl (ServerState.java:<init>(105)) - b401d7ef-c1f5-49e9-9ce5-0be3b3216b3d:group-DA1649645A47 ConfigurationManager, init=-1: [b401d7ef-c1f5-49e9-9ce5-0be3b3216b3d:192.168.34.5:33431], old=null, confs=<EMPTY_MAP>
2019-09-19 09:52:13,274 [pool-261-thread-1] INFO  server.RaftServerConfigKeys (ConfUtils.java:logGet(43)) - raft.server.storage.dir = [/workdir/hadoop-ozone/ozonefs/target/test-dir/MiniOzoneClusterImpl-f189934c-45ad-4ec0-9247-8ce3942f6bd4/datanode-2/data/ratis] (custom)
2019-09-19 09:52:13,274 [pool-261-thread-1] INFO  storage.RaftStorageDirectory (RaftStorageDirectory.java:analyzeStorage(246)) - The storage directory /workdir/hadoop-ozone/ozonefs/target/test-dir/MiniOzoneClusterImpl-f189934c-45ad-4ec0-9247-8ce3942f6bd4/datanode-2/data/ratis/7597e913-50d1-48da-8567-da1649645a47 does not exist. Creating ...
2019-09-19 09:52:13,287 [pool-261-thread-1] INFO  storage.RaftStorageDirectory (RaftStorageDirectory.java:tryLock(328)) - Lock on /workdir/hadoop-ozone/ozonefs/target/test-dir/MiniOzoneClusterImpl-f189934c-45ad-4ec0-9247-8ce3942f6bd4/datanode-2/data/ratis/7597e913-50d1-48da-8567-da1649645a47/in_use.lock acquired by nodename 9507@pr-hdds-1569-j4bt4-3030777008
2019-09-19 09:52:13,300 [pool-261-thread-1] INFO  storage.RaftStorage (RaftStorage.java:format(72)) - Storage directory /workdir/hadoop-ozone/ozonefs/target/test-dir/MiniOzoneClusterImpl-f189934c-45ad-4ec0-9247-8ce3942f6bd4/datanode-2/data/ratis/7597e913-50d1-48da-8567-da1649645a47 has been successfully formatted.
2019-09-19 09:52:13,300 [pool-261-thread-1] INFO  ratis.ContainerStateMachine (ContainerStateMachine.java:loadSnapshot(226)) - group-DA1649645A47: The snapshot info is null. Setting the last applied indexto:(t:0, i:~)
2019-09-19 09:52:13,300 [pool-261-thread-1] INFO  server.RaftServerConfigKeys (ConfUtils.java:logGet(43)) - raft.server.leader.election.timeout = 120s (custom)
2019-09-19 09:52:13,300 [pool-261-thread-1] INFO  server.RaftServerConfigKeys (ConfUtils.java:logGet(43)) - raft.server.log.use.memory = false (default)
2019-09-19 09:52:13,301 [pool-261-thread-1] INFO  server.RaftServerConfigKeys (ConfUtils.java:logGet(43)) - raft.server.log.purge.gap = 1000000 (custom)
2019-09-19 09:52:13,301 [pool-261-thread-1] INFO  server.RaftServerConfigKeys (ConfUtils.java:logGet(43)) - raft.server.log.appender.buffer.byte-limit = 33554432 (custom)
2019-09-19 09:52:13,301 [pool-261-thread-1] INFO  server.RaftServerConfigKeys (ConfUtils.java:logGet(43)) - raft.server.log.segment.size.max = 1048576 (custom)
2019-09-19 09:52:13,301 [pool-261-thread-1] INFO  server.RaftServerConfigKeys (ConfUtils.java:logGet(43)) - raft.server.log.segment.cache.num.max = 2 (custom)
2019-09-19 09:52:13,301 [pool-261-thread-1] INFO  segmented.SegmentedRaftLogWorker (SegmentedRaftLogWorker.java:<init>(172)) - new b401d7ef-c1f5-49e9-9ce5-0be3b3216b3d-SegmentedRaftLogWorker:Storage Directory /workdir/hadoop-ozone/ozonefs/target/test-dir/MiniOzoneClusterImpl-f189934c-45ad-4ec0-9247-8ce3942f6bd4/datanode-2/data/ratis/7597e913-50d1-48da-8567-da1649645a47 for RaftStorage:Storage Directory /workdir/hadoop-ozone/ozonefs/target/test-dir/MiniOzoneClusterImpl-f189934c-45ad-4ec0-9247-8ce3942f6bd4/datanode-2/data/ratis/7597e913-50d1-48da-8567-da1649645a47
2019-09-19 09:52:13,301 [pool-261-thread-1] INFO  server.RaftServerConfigKeys (ConfUtils.java:logGet(43)) - raft.server.log.queue.byte-limit = 2147483647 (custom)
2019-09-19 09:52:13,302 [pool-261-thread-1] INFO  server.RaftServerConfigKeys (ConfUtils.java:logGet(43)) - raft.server.log.queue.element-limit = 1024 (custom)
2019-09-19 09:52:13,302 [pool-261-thread-1] INFO  server.RaftServerConfigKeys (ConfUtils.java:logGet(43)) - raft.server.log.segment.size.max = 1048576 (custom)
2019-09-19 09:52:13,302 [pool-261-thread-1] INFO  server.RaftServerConfigKeys (ConfUtils.java:logGet(43)) - raft.server.log.preallocated.size = 16384 (custom)
2019-09-19 09:52:13,302 [pool-261-thread-1] INFO  server.RaftServerConfigKeys (ConfUtils.java:logGet(43)) - raft.server.log.write.buffer.size = 33554432 (custom)
2019-09-19 09:52:13,302 [pool-261-thread-1] INFO  server.RaftServerConfigKeys (ConfUtils.java:logGet(43)) - raft.server.log.force.sync.num = 128 (default)
2019-09-19 09:52:13,302 [pool-261-thread-1] INFO  server.RaftServerConfigKeys (ConfUtils.java:logGet(43)) - raft.server.log.statemachine.data.sync = true (default)
2019-09-19 09:52:13,302 [pool-261-thread-1] INFO  server.RaftServerConfigKeys (ConfUtils.java:logGet(43)) - raft.server.log.statemachine.data.sync.timeout = 10s (default)
2019-09-19 09:52:13,303 [pool-261-thread-1] INFO  server.RaftServerConfigKeys (ConfUtils.java:logGet(43)) - raft.server.log.statemachine.data.sync.timeout.retry = -1 (default)
2019-09-19 09:52:13,303 [pool-261-thread-1] INFO  server.RaftServerConfigKeys (ConfUtils.java:logGet(43)) - raft.server.log.statemachine.data.caching.enabled = true (custom)
2019-09-19 09:52:13,303 [pool-261-thread-1] INFO  segmented.SegmentedRaftLogWorker (SegmentedRaftLogWorker.java:lambda$new$0(132)) - b401d7ef-c1f5-49e9-9ce5-0be3b3216b3d-SegmentedRaftLogWorker:Storage Directory /workdir/hadoop-ozone/ozonefs/target/test-dir/MiniOzoneClusterImpl-f189934c-45ad-4ec0-9247-8ce3942f6bd4/datanode-2/data/ratis/7597e913-50d1-48da-8567-da1649645a47: flushIndex: setUnconditionally 0 -> -1
2019-09-19 09:52:13,304 [pool-261-thread-1] INFO  server.RaftServerConfigKeys (ConfUtils.java:logGet(43)) - raft.server.snapshot.auto.trigger.enabled = true (custom)
2019-09-19 09:52:13,304 [pool-261-thread-1] INFO  server.RaftServerConfigKeys (ConfUtils.java:logGet(43)) - raft.server.snapshot.auto.trigger.threshold = 10000 (custom)
2019-09-19 09:52:13,304 [pool-261-thread-1] INFO  server.RaftServerConfigKeys (ConfUtils.java:logGet(43)) - raft.server.retrycache.expirytime = 600000ms (custom)
2019-09-19 09:52:13,304 [pool-261-thread-1] INFO  impl.RaftServerImpl (RaftServerImpl.java:start(180)) - b401d7ef-c1f5-49e9-9ce5-0be3b3216b3d: start group-DA1649645A47
2019-09-19 09:52:13,304 [pool-261-thread-1] INFO  impl.RaftServerImpl (RaftServerImpl.java:setRole(171)) - b401d7ef-c1f5-49e9-9ce5-0be3b3216b3d:group-DA1649645A47 changes role from null to FOLLOWER at term 0 for startAsFollower
2019-09-19 09:52:13,304 [pool-261-thread-1] INFO  impl.RoleInfo (RoleInfo.java:updateAndGet(143)) - b401d7ef-c1f5-49e9-9ce5-0be3b3216b3d: start FollowerState
2019-09-19 09:52:13,305 [pool-261-thread-1] INFO  util.JmxRegister (JmxRegister.java:tryRegister(44)) - Successfully registered JMX Bean with object name Ratis:service=RaftServer,group=group-DA1649645A47,id=b401d7ef-c1f5-49e9-9ce5-0be3b3216b3d
2019-09-19 09:52:13,308 [RatisPipelineUtilsThread] INFO  pipeline.PipelineStateManager (PipelineStateManager.java:addPipeline(56)) - Created pipeline Pipeline[ Id: 7597e913-50d1-48da-8567-da1649645a47, Nodes: b401d7ef-c1f5-49e9-9ce5-0be3b3216b3d{ip: 192.168.34.5, host: pr-hdds-1569-j4bt4-3030777008, networkLocation: /default-rack, certSerialId: null}, Type:RATIS, Factor:ONE, State:OPEN]
2019-09-19 09:52:13,309 [RatisPipelineUtilsThread] ERROR pipeline.PipelinePlacementPolicy (PipelinePlacementPolicy.java:meetCriteria(91)) - Pipeline Placement: Doesn't meet the criteria to be viable node. Heaviness: 6
2019-09-19 09:52:13,309 [RatisPipelineUtilsThread] ERROR pipeline.PipelinePlacementPolicy (PipelinePlacementPolicy.java:meetCriteria(91)) - Pipeline Placement: Doesn't meet the criteria to be viable node. Heaviness: 6
2019-09-19 09:52:13,314 [grpc-default-executor-0] INFO  impl.RaftServerProxy (RaftServerProxy.java:addNew(89)) - b401d7ef-c1f5-49e9-9ce5-0be3b3216b3d: addNew group-D29659CCC7FF:[b401d7ef-c1f5-49e9-9ce5-0be3b3216b3d:192.168.34.5:33431] returns group-D29659CCC7FF:java.util.concurrent.CompletableFuture@11980786[Not completed]
2019-09-19 09:52:13,315 [pool-261-thread-1] INFO  impl.RaftServerImpl (RaftServerImpl.java:<init>(93)) - b401d7ef-c1f5-49e9-9ce5-0be3b3216b3d: new RaftServerImpl for group-D29659CCC7FF:[b401d7ef-c1f5-49e9-9ce5-0be3b3216b3d:192.168.34.5:33431] with ContainerStateMachine:uninitialized
2019-09-19 09:52:13,316 [pool-261-thread-1] INFO  server.RaftServerConfigKeys (ConfUtils.java:logGet(43)) - raft.server.rpc.timeout.min = 5s (custom)
2019-09-19 09:52:13,316 [pool-261-thread-1] INFO  server.RaftServerConfigKeys (ConfUtils.java:logGet(43)) - raft.server.rpc.timeout.max = 5200ms (custom)
2019-09-19 09:52:13,316 [pool-261-thread-1] INFO  server.RaftServerConfigKeys (ConfUtils.java:logGet(43)) - raft.server.rpcslowness.timeout = 120s (custom)
2019-09-19 09:52:13,316 [pool-261-thread-1] INFO  server.RaftServerConfigKeys (ConfUtils.java:logGet(43)) - raft.server.sleep.deviation.threshold = 300 (default)
2019-09-19 09:52:13,316 [pool-261-thread-1] INFO  server.RaftServerConfigKeys (ConfUtils.java:logGet(43)) - raft.server.log.appender.install.snapshot.enabled = false (custom)
2019-09-19 09:52:13,316 [pool-261-thread-1] INFO  impl.RaftServerImpl (ServerState.java:<init>(105)) - b401d7ef-c1f5-49e9-9ce5-0be3b3216b3d:group-D29659CCC7FF ConfigurationManager, init=-1: [b401d7ef-c1f5-49e9-9ce5-0be3b3216b3d:192.168.34.5:33431], old=null, confs=<EMPTY_MAP>
2019-09-19 09:52:13,316 [pool-261-thread-1] INFO  server.RaftServerConfigKeys (ConfUtils.java:logGet(43)) - raft.server.storage.dir = [/workdir/hadoop-ozone/ozonefs/target/test-dir/MiniOzoneClusterImpl-f189934c-45ad-4ec0-9247-8ce3942f6bd4/datanode-2/data/ratis] (custom)
2019-09-19 09:52:13,317 [pool-261-thread-1] INFO  storage.RaftStorageDirectory (RaftStorageDirectory.java:analyzeStorage(246)) - The storage directory /workdir/hadoop-ozone/ozonefs/target/test-dir/MiniOzoneClusterImpl-f189934c-45ad-4ec0-9247-8ce3942f6bd4/datanode-2/data/ratis/de74334d-5ac9-400a-9267-d29659ccc7ff does not exist. Creating ...
2019-09-19 09:52:13,319 [pool-261-thread-1] INFO  storage.RaftStorageDirectory (RaftStorageDirectory.java:tryLock(328)) - Lock on /workdir/hadoop-ozone/ozonefs/target/test-dir/MiniOzoneClusterImpl-f189934c-45ad-4ec0-9247-8ce3942f6bd4/datanode-2/data/ratis/de74334d-5ac9-400a-9267-d29659ccc7ff/in_use.lock acquired by nodename 9507@pr-hdds-1569-j4bt4-3030777008
2019-09-19 09:52:13,323 [pool-261-thread-1] INFO  storage.RaftStorage (RaftStorage.java:format(72)) - Storage directory /workdir/hadoop-ozone/ozonefs/target/test-dir/MiniOzoneClusterImpl-f189934c-45ad-4ec0-9247-8ce3942f6bd4/datanode-2/data/ratis/de74334d-5ac9-400a-9267-d29659ccc7ff has been successfully formatted.
2019-09-19 09:52:13,323 [pool-261-thread-1] INFO  ratis.ContainerStateMachine (ContainerStateMachine.java:loadSnapshot(226)) - group-D29659CCC7FF: The snapshot info is null. Setting the last applied indexto:(t:0, i:~)
2019-09-19 09:52:13,323 [pool-261-thread-1] INFO  server.RaftServerConfigKeys (ConfUtils.java:logGet(43)) - raft.server.leader.election.timeout = 120s (custom)
2019-09-19 09:52:13,323 [pool-261-thread-1] INFO  server.RaftServerConfigKeys (ConfUtils.java:logGet(43)) - raft.server.log.use.memory = false (default)
2019-09-19 09:52:13,323 [pool-261-thread-1] INFO  server.RaftServerConfigKeys (ConfUtils.java:logGet(43)) - raft.server.log.purge.gap = 1000000 (custom)
2019-09-19 09:52:13,323 [pool-261-thread-1] INFO  server.RaftServerConfigKeys (ConfUtils.java:logGet(43)) - raft.server.log.appender.buffer.byte-limit = 33554432 (custom)
2019-09-19 09:52:13,324 [pool-261-thread-1] INFO  server.RaftServerConfigKeys (ConfUtils.java:logGet(43)) - raft.server.log.segment.size.max = 1048576 (custom)
2019-09-19 09:52:13,324 [pool-261-thread-1] INFO  server.RaftServerConfigKeys (ConfUtils.java:logGet(43)) - raft.server.log.segment.cache.num.max = 2 (custom)
2019-09-19 09:52:13,324 [pool-261-thread-1] INFO  segmented.SegmentedRaftLogWorker (SegmentedRaftLogWorker.java:<init>(172)) - new b401d7ef-c1f5-49e9-9ce5-0be3b3216b3d-SegmentedRaftLogWorker:Storage Directory /workdir/hadoop-ozone/ozonefs/target/test-dir/MiniOzoneClusterImpl-f189934c-45ad-4ec0-9247-8ce3942f6bd4/datanode-2/data/ratis/de74334d-5ac9-400a-9267-d29659ccc7ff for RaftStorage:Storage Directory /workdir/hadoop-ozone/ozonefs/target/test-dir/MiniOzoneClusterImpl-f189934c-45ad-4ec0-9247-8ce3942f6bd4/datanode-2/data/ratis/de74334d-5ac9-400a-9267-d29659ccc7ff
2019-09-19 09:52:13,324 [pool-261-thread-1] INFO  server.RaftServerConfigKeys (ConfUtils.java:logGet(43)) - raft.server.log.queue.byte-limit = 2147483647 (custom)
2019-09-19 09:52:13,324 [pool-261-thread-1] INFO  server.RaftServerConfigKeys (ConfUtils.java:logGet(43)) - raft.server.log.queue.element-limit = 1024 (custom)
2019-09-19 09:52:13,324 [pool-261-thread-1] INFO  server.RaftServerConfigKeys (ConfUtils.java:logGet(43)) - raft.server.log.segment.size.max = 1048576 (custom)
2019-09-19 09:52:13,324 [pool-261-thread-1] INFO  server.RaftServerConfigKeys (ConfUtils.java:logGet(43)) - raft.server.log.preallocated.size = 16384 (custom)
2019-09-19 09:52:13,325 [pool-261-thread-1] INFO  server.RaftServerConfigKeys (ConfUtils.java:logGet(43)) - raft.server.log.write.buffer.size = 33554432 (custom)
2019-09-19 09:52:13,325 [pool-261-thread-1] INFO  server.RaftServerConfigKeys (ConfUtils.java:logGet(43)) - raft.server.log.force.sync.num = 128 (default)
2019-09-19 09:52:13,325 [pool-261-thread-1] INFO  server.RaftServerConfigKeys (ConfUtils.java:logGet(43)) - raft.server.log.statemachine.data.sync = true (default)
2019-09-19 09:52:13,325 [pool-261-thread-1] INFO  server.RaftServerConfigKeys (ConfUtils.java:logGet(43)) - raft.server.log.statemachine.data.sync.timeout = 10s (default)
2019-09-19 09:52:13,325 [pool-261-thread-1] INFO  server.RaftServerConfigKeys (ConfUtils.java:logGet(43)) - raft.server.log.statemachine.data.sync.timeout.retry = -1 (default)
2019-09-19 09:52:13,325 [pool-261-thread-1] INFO  server.RaftServerConfigKeys (ConfUtils.java:logGet(43)) - raft.server.log.statemachine.data.caching.enabled = true (custom)
2019-09-19 09:52:13,326 [pool-261-thread-1] INFO  segmented.SegmentedRaftLogWorker (SegmentedRaftLogWorker.java:lambda$new$0(132)) - b401d7ef-c1f5-49e9-9ce5-0be3b3216b3d-SegmentedRaftLogWorker:Storage Directory /workdir/hadoop-ozone/ozonefs/target/test-dir/MiniOzoneClusterImpl-f189934c-45ad-4ec0-9247-8ce3942f6bd4/datanode-2/data/ratis/de74334d-5ac9-400a-9267-d29659ccc7ff: flushIndex: setUnconditionally 0 -> -1
2019-09-19 09:52:13,326 [pool-261-thread-1] INFO  server.RaftServerConfigKeys (ConfUtils.java:logGet(43)) - raft.server.snapshot.auto.trigger.enabled = true (custom)
2019-09-19 09:52:13,326 [pool-261-thread-1] INFO  server.RaftServerConfigKeys (ConfUtils.java:logGet(43)) - raft.server.snapshot.auto.trigger.threshold = 10000 (custom)
2019-09-19 09:52:13,326 [pool-261-thread-1] INFO  server.RaftServerConfigKeys (ConfUtils.java:logGet(43)) - raft.server.retrycache.expirytime = 600000ms (custom)
2019-09-19 09:52:13,326 [pool-261-thread-1] INFO  impl.RaftServerImpl (RaftServerImpl.java:start(180)) - b401d7ef-c1f5-49e9-9ce5-0be3b3216b3d: start group-D29659CCC7FF
2019-09-19 09:52:13,326 [pool-261-thread-1] INFO  impl.RaftServerImpl (RaftServerImpl.java:setRole(171)) - b401d7ef-c1f5-49e9-9ce5-0be3b3216b3d:group-D29659CCC7FF changes role from null to FOLLOWER at term 0 for startAsFollower
2019-09-19 09:52:13,327 [pool-261-thread-1] INFO  impl.RoleInfo (RoleInfo.java:updateAndGet(143)) - b401d7ef-c1f5-49e9-9ce5-0be3b3216b3d: start FollowerState
2019-09-19 09:52:13,327 [pool-261-thread-1] INFO  util.JmxRegister (JmxRegister.java:tryRegister(44)) - Successfully registered JMX Bean with object name Ratis:service=RaftServer,group=group-D29659CCC7FF,id=b401d7ef-c1f5-49e9-9ce5-0be3b3216b3d
2019-09-19 09:52:13,330 [RatisPipelineUtilsThread] INFO  pipeline.PipelineStateManager (PipelineStateManager.java:addPipeline(56)) - Created pipeline Pipeline[ Id: de74334d-5ac9-400a-9267-d29659ccc7ff, Nodes: b401d7ef-c1f5-49e9-9ce5-0be3b3216b3d{ip: 192.168.34.5, host: pr-hdds-1569-j4bt4-3030777008, networkLocation: /default-rack, certSerialId: null}, Type:RATIS, Factor:ONE, State:OPEN]
2019-09-19 09:52:13,330 [RatisPipelineUtilsThread] ERROR pipeline.PipelinePlacementPolicy (PipelinePlacementPolicy.java:meetCriteria(91)) - Pipeline Placement: Doesn't meet the criteria to be viable node. Heaviness: 6
2019-09-19 09:52:13,331 [RatisPipelineUtilsThread] ERROR pipeline.PipelinePlacementPolicy (PipelinePlacementPolicy.java:meetCriteria(91)) - Pipeline Placement: Doesn't meet the criteria to be viable node. Heaviness: 6
2019-09-19 09:52:13,336 [grpc-default-executor-0] INFO  impl.RaftServerProxy (RaftServerProxy.java:addNew(89)) - b401d7ef-c1f5-49e9-9ce5-0be3b3216b3d: addNew group-43CA374AAA75:[b401d7ef-c1f5-49e9-9ce5-0be3b3216b3d:192.168.34.5:33431] returns group-43CA374AAA75:java.util.concurrent.CompletableFuture@4cf93c02[Not completed]
2019-09-19 09:52:13,337 [pool-261-thread-1] INFO  impl.RaftServerImpl (RaftServerImpl.java:<init>(93)) - b401d7ef-c1f5-49e9-9ce5-0be3b3216b3d: new RaftServerImpl for group-43CA374AAA75:[b401d7ef-c1f5-49e9-9ce5-0be3b3216b3d:192.168.34.5:33431] with ContainerStateMachine:uninitialized
2019-09-19 09:52:13,337 [pool-261-thread-1] INFO  server.RaftServerConfigKeys (ConfUtils.java:logGet(43)) - raft.server.rpc.timeout.min = 5s (custom)
2019-09-19 09:52:13,337 [pool-261-thread-1] INFO  server.RaftServerConfigKeys (ConfUtils.java:logGet(43)) - raft.server.rpc.timeout.max = 5200ms (custom)
2019-09-19 09:52:13,337 [pool-261-thread-1] INFO  server.RaftServerConfigKeys (ConfUtils.java:logGet(43)) - raft.server.rpcslowness.timeout = 120s (custom)
2019-09-19 09:52:13,337 [pool-261-thread-1] INFO  server.RaftServerConfigKeys (ConfUtils.java:logGet(43)) - raft.server.sleep.deviation.threshold = 300 (default)
2019-09-19 09:52:13,337 [pool-261-thread-1] INFO  server.RaftServerConfigKeys (ConfUtils.java:logGet(43)) - raft.server.log.appender.install.snapshot.enabled = false (custom)
2019-09-19 09:52:13,338 [pool-261-thread-1] INFO  impl.RaftServerImpl (ServerState.java:<init>(105)) - b401d7ef-c1f5-49e9-9ce5-0be3b3216b3d:group-43CA374AAA75 ConfigurationManager, init=-1: [b401d7ef-c1f5-49e9-9ce5-0be3b3216b3d:192.168.34.5:33431], old=null, confs=<EMPTY_MAP>
2019-09-19 09:52:13,338 [pool-261-thread-1] INFO  server.RaftServerConfigKeys (ConfUtils.java:logGet(43)) - raft.server.storage.dir = [/workdir/hadoop-ozone/ozonefs/target/test-dir/MiniOzoneClusterImpl-f189934c-45ad-4ec0-9247-8ce3942f6bd4/datanode-2/data/ratis] (custom)
2019-09-19 09:52:13,338 [pool-261-thread-1] INFO  storage.RaftStorageDirectory (RaftStorageDirectory.java:analyzeStorage(246)) - The storage directory /workdir/hadoop-ozone/ozonefs/target/test-dir/MiniOzoneClusterImpl-f189934c-45ad-4ec0-9247-8ce3942f6bd4/datanode-2/data/ratis/3d5caa72-eab1-4650-9a0b-43ca374aaa75 does not exist. Creating ...
2019-09-19 09:52:13,341 [pool-261-thread-1] INFO  storage.RaftStorageDirectory (RaftStorageDirectory.java:tryLock(328)) - Lock on /workdir/hadoop-ozone/ozonefs/target/test-dir/MiniOzoneClusterImpl-f189934c-45ad-4ec0-9247-8ce3942f6bd4/datanode-2/data/ratis/3d5caa72-eab1-4650-9a0b-43ca374aaa75/in_use.lock acquired by nodename 9507@pr-hdds-1569-j4bt4-3030777008
2019-09-19 09:52:13,344 [pool-261-thread-1] INFO  storage.RaftStorage (RaftStorage.java:format(72)) - Storage directory /workdir/hadoop-ozone/ozonefs/target/test-dir/MiniOzoneClusterImpl-f189934c-45ad-4ec0-9247-8ce3942f6bd4/datanode-2/data/ratis/3d5caa72-eab1-4650-9a0b-43ca374aaa75 has been successfully formatted.
2019-09-19 09:52:13,344 [pool-261-thread-1] INFO  ratis.ContainerStateMachine (ContainerStateMachine.java:loadSnapshot(226)) - group-43CA374AAA75: The snapshot info is null. Setting the last applied indexto:(t:0, i:~)
2019-09-19 09:52:13,345 [pool-261-thread-1] INFO  server.RaftServerConfigKeys (ConfUtils.java:logGet(43)) - raft.server.leader.election.timeout = 120s (custom)
2019-09-19 09:52:13,345 [pool-261-thread-1] INFO  server.RaftServerConfigKeys (ConfUtils.java:logGet(43)) - raft.server.log.use.memory = false (default)
2019-09-19 09:52:13,345 [pool-261-thread-1] INFO  server.RaftServerConfigKeys (ConfUtils.java:logGet(43)) - raft.server.log.purge.gap = 1000000 (custom)
2019-09-19 09:52:13,345 [pool-261-thread-1] INFO  server.RaftServerConfigKeys (ConfUtils.java:logGet(43)) - raft.server.log.appender.buffer.byte-limit = 33554432 (custom)
2019-09-19 09:52:13,345 [pool-261-thread-1] INFO  server.RaftServerConfigKeys (ConfUtils.java:logGet(43)) - raft.server.log.segment.size.max = 1048576 (custom)
2019-09-19 09:52:13,345 [pool-261-thread-1] INFO  server.RaftServerConfigKeys (ConfUtils.java:logGet(43)) - raft.server.log.segment.cache.num.max = 2 (custom)
2019-09-19 09:52:13,345 [pool-261-thread-1] INFO  segmented.SegmentedRaftLogWorker (SegmentedRaftLogWorker.java:<init>(172)) - new b401d7ef-c1f5-49e9-9ce5-0be3b3216b3d-SegmentedRaftLogWorker:Storage Directory /workdir/hadoop-ozone/ozonefs/target/test-dir/MiniOzoneClusterImpl-f189934c-45ad-4ec0-9247-8ce3942f6bd4/datanode-2/data/ratis/3d5caa72-eab1-4650-9a0b-43ca374aaa75 for RaftStorage:Storage Directory /workdir/hadoop-ozone/ozonefs/target/test-dir/MiniOzoneClusterImpl-f189934c-45ad-4ec0-9247-8ce3942f6bd4/datanode-2/data/ratis/3d5caa72-eab1-4650-9a0b-43ca374aaa75
2019-09-19 09:52:13,346 [pool-261-thread-1] INFO  server.RaftServerConfigKeys (ConfUtils.java:logGet(43)) - raft.server.log.queue.byte-limit = 2147483647 (custom)
2019-09-19 09:52:13,346 [pool-261-thread-1] INFO  server.RaftServerConfigKeys (ConfUtils.java:logGet(43)) - raft.server.log.queue.element-limit = 1024 (custom)
2019-09-19 09:52:13,346 [pool-261-thread-1] INFO  server.RaftServerConfigKeys (ConfUtils.java:logGet(43)) - raft.server.log.segment.size.max = 1048576 (custom)
2019-09-19 09:52:13,346 [pool-261-thread-1] INFO  server.RaftServerConfigKeys (ConfUtils.java:logGet(43)) - raft.server.log.preallocated.size = 16384 (custom)
2019-09-19 09:52:13,346 [pool-261-thread-1] INFO  server.RaftServerConfigKeys (ConfUtils.java:logGet(43)) - raft.server.log.write.buffer.size = 33554432 (custom)
2019-09-19 09:52:13,346 [pool-261-thread-1] INFO  server.RaftServerConfigKeys (ConfUtils.java:logGet(43)) - raft.server.log.force.sync.num = 128 (default)
2019-09-19 09:52:13,346 [pool-261-thread-1] INFO  server.RaftServerConfigKeys (ConfUtils.java:logGet(43)) - raft.server.log.statemachine.data.sync = true (default)
2019-09-19 09:52:13,346 [pool-261-thread-1] INFO  server.RaftServerConfigKeys (ConfUtils.java:logGet(43)) - raft.server.log.statemachine.data.sync.timeout = 10s (default)
2019-09-19 09:52:13,347 [pool-261-thread-1] INFO  server.RaftServerConfigKeys (ConfUtils.java:logGet(43)) - raft.server.log.statemachine.data.sync.timeout.retry = -1 (default)
2019-09-19 09:52:13,347 [pool-261-thread-1] INFO  server.RaftServerConfigKeys (ConfUtils.java:logGet(43)) - raft.server.log.statemachine.data.caching.enabled = true (custom)
2019-09-19 09:52:13,347 [pool-261-thread-1] INFO  segmented.SegmentedRaftLogWorker (SegmentedRaftLogWorker.java:lambda$new$0(132)) - b401d7ef-c1f5-49e9-9ce5-0be3b3216b3d-SegmentedRaftLogWorker:Storage Directory /workdir/hadoop-ozone/ozonefs/target/test-dir/MiniOzoneClusterImpl-f189934c-45ad-4ec0-9247-8ce3942f6bd4/datanode-2/data/ratis/3d5caa72-eab1-4650-9a0b-43ca374aaa75: flushIndex: setUnconditionally 0 -> -1
2019-09-19 09:52:13,347 [pool-261-thread-1] INFO  server.RaftServerConfigKeys (ConfUtils.java:logGet(43)) - raft.server.snapshot.auto.trigger.enabled = true (custom)
2019-09-19 09:52:13,347 [pool-261-thread-1] INFO  server.RaftServerConfigKeys (ConfUtils.java:logGet(43)) - raft.server.snapshot.auto.trigger.threshold = 10000 (custom)
2019-09-19 09:52:13,347 [pool-261-thread-1] INFO  server.RaftServerConfigKeys (ConfUtils.java:logGet(43)) - raft.server.retrycache.expirytime = 600000ms (custom)
2019-09-19 09:52:13,348 [pool-261-thread-1] INFO  impl.RaftServerImpl (RaftServerImpl.java:start(180)) - b401d7ef-c1f5-49e9-9ce5-0be3b3216b3d: start group-43CA374AAA75
2019-09-19 09:52:13,348 [pool-261-thread-1] INFO  impl.RaftServerImpl (RaftServerImpl.java:setRole(171)) - b401d7ef-c1f5-49e9-9ce5-0be3b3216b3d:group-43CA374AAA75 changes role from null to FOLLOWER at term 0 for startAsFollower
2019-09-19 09:52:13,348 [pool-261-thread-1] INFO  impl.RoleInfo (RoleInfo.java:updateAndGet(143)) - b401d7ef-c1f5-49e9-9ce5-0be3b3216b3d: start FollowerState
2019-09-19 09:52:13,348 [pool-261-thread-1] INFO  util.JmxRegister (JmxRegister.java:tryRegister(44)) - Successfully registered JMX Bean with object name Ratis:service=RaftServer,group=group-43CA374AAA75,id=b401d7ef-c1f5-49e9-9ce5-0be3b3216b3d
2019-09-19 09:52:13,351 [RatisPipelineUtilsThread] INFO  pipeline.PipelineStateManager (PipelineStateManager.java:addPipeline(56)) - Created pipeline Pipeline[ Id: 3d5caa72-eab1-4650-9a0b-43ca374aaa75, Nodes: b401d7ef-c1f5-49e9-9ce5-0be3b3216b3d{ip: 192.168.34.5, host: pr-hdds-1569-j4bt4-3030777008, networkLocation: /default-rack, certSerialId: null}, Type:RATIS, Factor:ONE, State:OPEN]
2019-09-19 09:52:13,351 [RatisPipelineUtilsThread] ERROR pipeline.PipelinePlacementPolicy (PipelinePlacementPolicy.java:meetCriteria(91)) - Pipeline Placement: Doesn't meet the criteria to be viable node. Heaviness: 6
2019-09-19 09:52:13,352 [RatisPipelineUtilsThread] ERROR pipeline.PipelinePlacementPolicy (PipelinePlacementPolicy.java:meetCriteria(91)) - Pipeline Placement: Doesn't meet the criteria to be viable node. Heaviness: 6
2019-09-19 09:52:13,357 [grpc-default-executor-0] INFO  impl.RaftServerProxy (RaftServerProxy.java:addNew(89)) - b401d7ef-c1f5-49e9-9ce5-0be3b3216b3d: addNew group-E850161E6F1B:[b401d7ef-c1f5-49e9-9ce5-0be3b3216b3d:192.168.34.5:33431] returns group-E850161E6F1B:java.util.concurrent.CompletableFuture@2c7b039b[Not completed]
2019-09-19 09:52:13,357 [pool-261-thread-1] INFO  impl.RaftServerImpl (RaftServerImpl.java:<init>(93)) - b401d7ef-c1f5-49e9-9ce5-0be3b3216b3d: new RaftServerImpl for group-E850161E6F1B:[b401d7ef-c1f5-49e9-9ce5-0be3b3216b3d:192.168.34.5:33431] with ContainerStateMachine:uninitialized
2019-09-19 09:52:13,358 [pool-261-thread-1] INFO  server.RaftServerConfigKeys (ConfUtils.java:logGet(43)) - raft.server.rpc.timeout.min = 5s (custom)
2019-09-19 09:52:13,358 [pool-261-thread-1] INFO  server.RaftServerConfigKeys (ConfUtils.java:logGet(43)) - raft.server.rpc.timeout.max = 5200ms (custom)
2019-09-19 09:52:13,358 [pool-261-thread-1] INFO  server.RaftServerConfigKeys (ConfUtils.java:logGet(43)) - raft.server.rpcslowness.timeout = 120s (custom)
2019-09-19 09:52:13,358 [pool-261-thread-1] INFO  server.RaftServerConfigKeys (ConfUtils.java:logGet(43)) - raft.server.sleep.deviation.threshold = 300 (default)
2019-09-19 09:52:13,358 [pool-261-thread-1] INFO  server.RaftServerConfigKeys (ConfUtils.java:logGet(43)) - raft.server.log.appender.install.snapshot.enabled = false (custom)
2019-09-19 09:52:13,358 [pool-261-thread-1] INFO  impl.RaftServerImpl (ServerState.java:<init>(105)) - b401d7ef-c1f5-49e9-9ce5-0be3b3216b3d:group-E850161E6F1B ConfigurationManager, init=-1: [b401d7ef-c1f5-49e9-9ce5-0be3b3216b3d:192.168.34.5:33431], old=null, confs=<EMPTY_MAP>
2019-09-19 09:52:13,358 [pool-261-thread-1] INFO  server.RaftServerConfigKeys (ConfUtils.java:logGet(43)) - raft.server.storage.dir = [/workdir/hadoop-ozone/ozonefs/target/test-dir/MiniOzoneClusterImpl-f189934c-45ad-4ec0-9247-8ce3942f6bd4/datanode-2/data/ratis] (custom)
2019-09-19 09:52:13,359 [pool-261-thread-1] INFO  storage.RaftStorageDirectory (RaftStorageDirectory.java:analyzeStorage(246)) - The storage directory /workdir/hadoop-ozone/ozonefs/target/test-dir/MiniOzoneClusterImpl-f189934c-45ad-4ec0-9247-8ce3942f6bd4/datanode-2/data/ratis/05caa0e4-129e-411e-9045-e850161e6f1b does not exist. Creating ...
2019-09-19 09:52:13,365 [pool-261-thread-1] INFO  storage.RaftStorageDirectory (RaftStorageDirectory.java:tryLock(328)) - Lock on /workdir/hadoop-ozone/ozonefs/target/test-dir/MiniOzoneClusterImpl-f189934c-45ad-4ec0-9247-8ce3942f6bd4/datanode-2/data/ratis/05caa0e4-129e-411e-9045-e850161e6f1b/in_use.lock acquired by nodename 9507@pr-hdds-1569-j4bt4-3030777008
2019-09-19 09:52:13,378 [pool-261-thread-1] INFO  storage.RaftStorage (RaftStorage.java:format(72)) - Storage directory /workdir/hadoop-ozone/ozonefs/target/test-dir/MiniOzoneClusterImpl-f189934c-45ad-4ec0-9247-8ce3942f6bd4/datanode-2/data/ratis/05caa0e4-129e-411e-9045-e850161e6f1b has been successfully formatted.
2019-09-19 09:52:13,378 [pool-261-thread-1] INFO  ratis.ContainerStateMachine (ContainerStateMachine.java:loadSnapshot(226)) - group-E850161E6F1B: The snapshot info is null. Setting the last applied indexto:(t:0, i:~)
2019-09-19 09:52:13,378 [pool-261-thread-1] INFO  server.RaftServerConfigKeys (ConfUtils.java:logGet(43)) - raft.server.leader.election.timeout = 120s (custom)
2019-09-19 09:52:13,378 [pool-261-thread-1] INFO  server.RaftServerConfigKeys (ConfUtils.java:logGet(43)) - raft.server.log.use.memory = false (default)
2019-09-19 09:52:13,379 [pool-261-thread-1] INFO  server.RaftServerConfigKeys (ConfUtils.java:logGet(43)) - raft.server.log.purge.gap = 1000000 (custom)
2019-09-19 09:52:13,379 [pool-261-thread-1] INFO  server.RaftServerConfigKeys (ConfUtils.java:logGet(43)) - raft.server.log.appender.buffer.byte-limit = 33554432 (custom)
2019-09-19 09:52:13,379 [pool-261-thread-1] INFO  server.RaftServerConfigKeys (ConfUtils.java:logGet(43)) - raft.server.log.segment.size.max = 1048576 (custom)
2019-09-19 09:52:13,379 [pool-261-thread-1] INFO  server.RaftServerConfigKeys (ConfUtils.java:logGet(43)) - raft.server.log.segment.cache.num.max = 2 (custom)
2019-09-19 09:52:13,379 [pool-261-thread-1] INFO  segmented.SegmentedRaftLogWorker (SegmentedRaftLogWorker.java:<init>(172)) - new b401d7ef-c1f5-49e9-9ce5-0be3b3216b3d-SegmentedRaftLogWorker:Storage Directory /workdir/hadoop-ozone/ozonefs/target/test-dir/MiniOzoneClusterImpl-f189934c-45ad-4ec0-9247-8ce3942f6bd4/datanode-2/data/ratis/05caa0e4-129e-411e-9045-e850161e6f1b for RaftStorage:Storage Directory /workdir/hadoop-ozone/ozonefs/target/test-dir/MiniOzoneClusterImpl-f189934c-45ad-4ec0-9247-8ce3942f6bd4/datanode-2/data/ratis/05caa0e4-129e-411e-9045-e850161e6f1b
2019-09-19 09:52:13,379 [pool-261-thread-1] INFO  server.RaftServerConfigKeys (ConfUtils.java:logGet(43)) - raft.server.log.queue.byte-limit = 2147483647 (custom)
2019-09-19 09:52:13,380 [pool-261-thread-1] INFO  server.RaftServerConfigKeys (ConfUtils.java:logGet(43)) - raft.server.log.queue.element-limit = 1024 (custom)
2019-09-19 09:52:13,380 [pool-261-thread-1] INFO  server.RaftServerConfigKeys (ConfUtils.java:logGet(43)) - raft.server.log.segment.size.max = 1048576 (custom)
2019-09-19 09:52:13,380 [pool-261-thread-1] INFO  server.RaftServerConfigKeys (ConfUtils.java:logGet(43)) - raft.server.log.preallocated.size = 16384 (custom)
2019-09-19 09:52:13,380 [pool-261-thread-1] INFO  server.RaftServerConfigKeys (ConfUtils.java:logGet(43)) - raft.server.log.write.buffer.size = 33554432 (custom)
2019-09-19 09:52:13,380 [pool-261-thread-1] INFO  server.RaftServerConfigKeys (ConfUtils.java:logGet(43)) - raft.server.log.force.sync.num = 128 (default)
2019-09-19 09:52:13,380 [pool-261-thread-1] INFO  server.RaftServerConfigKeys (ConfUtils.java:logGet(43)) - raft.server.log.statemachine.data.sync = true (default)
2019-09-19 09:52:13,380 [pool-261-thread-1] INFO  server.RaftServerConfigKeys (ConfUtils.java:logGet(43)) - raft.server.log.statemachine.data.sync.timeout = 10s (default)
2019-09-19 09:52:13,381 [pool-261-thread-1] INFO  server.RaftServerConfigKeys (ConfUtils.java:logGet(43)) - raft.server.log.statemachine.data.sync.timeout.retry = -1 (default)
2019-09-19 09:52:13,381 [pool-261-thread-1] INFO  server.RaftServerConfigKeys (ConfUtils.java:logGet(43)) - raft.server.log.statemachine.data.caching.enabled = true (custom)
2019-09-19 09:52:13,381 [pool-261-thread-1] INFO  segmented.SegmentedRaftLogWorker (SegmentedRaftLogWorker.java:lambda$new$0(132)) - b401d7ef-c1f5-49e9-9ce5-0be3b3216b3d-SegmentedRaftLogWorker:Storage Directory /workdir/hadoop-ozone/ozonefs/target/test-dir/MiniOzoneClusterImpl-f189934c-45ad-4ec0-9247-8ce3942f6bd4/datanode-2/data/ratis/05caa0e4-129e-411e-9045-e850161e6f1b: flushIndex: setUnconditionally 0 -> -1
2019-09-19 09:52:13,382 [pool-261-thread-1] INFO  server.RaftServerConfigKeys (ConfUtils.java:logGet(43)) - raft.server.snapshot.auto.trigger.enabled = true (custom)
2019-09-19 09:52:13,382 [pool-261-thread-1] INFO  server.RaftServerConfigKeys (ConfUtils.java:logGet(43)) - raft.server.snapshot.auto.trigger.threshold = 10000 (custom)
2019-09-19 09:52:13,382 [pool-261-thread-1] INFO  server.RaftServerConfigKeys (ConfUtils.java:logGet(43)) - raft.server.retrycache.expirytime = 600000ms (custom)
2019-09-19 09:52:13,382 [pool-261-thread-1] INFO  impl.RaftServerImpl (RaftServerImpl.java:start(180)) - b401d7ef-c1f5-49e9-9ce5-0be3b3216b3d: start group-E850161E6F1B
2019-09-19 09:52:13,382 [pool-261-thread-1] INFO  impl.RaftServerImpl (RaftServerImpl.java:setRole(171)) - b401d7ef-c1f5-49e9-9ce5-0be3b3216b3d:group-E850161E6F1B changes role from null to FOLLOWER at term 0 for startAsFollower
2019-09-19 09:52:13,382 [pool-261-thread-1] INFO  impl.RoleInfo (RoleInfo.java:updateAndGet(143)) - b401d7ef-c1f5-49e9-9ce5-0be3b3216b3d: start FollowerState
2019-09-19 09:52:13,383 [pool-261-thread-1] INFO  util.JmxRegister (JmxRegister.java:tryRegister(44)) - Successfully registered JMX Bean with object name Ratis:service=RaftServer,group=group-E850161E6F1B,id=b401d7ef-c1f5-49e9-9ce5-0be3b3216b3d
2019-09-19 09:52:13,386 [RatisPipelineUtilsThread] INFO  pipeline.PipelineStateManager (PipelineStateManager.java:addPipeline(56)) - Created pipeline Pipeline[ Id: 05caa0e4-129e-411e-9045-e850161e6f1b, Nodes: b401d7ef-c1f5-49e9-9ce5-0be3b3216b3d{ip: 192.168.34.5, host: pr-hdds-1569-j4bt4-3030777008, networkLocation: /default-rack, certSerialId: null}, Type:RATIS, Factor:ONE, State:OPEN]
2019-09-19 09:52:13,386 [RatisPipelineUtilsThread] ERROR pipeline.PipelinePlacementPolicy (PipelinePlacementPolicy.java:meetCriteria(91)) - Pipeline Placement: Doesn't meet the criteria to be viable node. Heaviness: 6
2019-09-19 09:52:13,386 [RatisPipelineUtilsThread] ERROR pipeline.PipelinePlacementPolicy (PipelinePlacementPolicy.java:meetCriteria(91)) - Pipeline Placement: Doesn't meet the criteria to be viable node. Heaviness: 6
2019-09-19 09:52:13,392 [grpc-default-executor-0] INFO  impl.RaftServerProxy (RaftServerProxy.java:addNew(89)) - b401d7ef-c1f5-49e9-9ce5-0be3b3216b3d: addNew group-AED6ADCB8D7B:[b401d7ef-c1f5-49e9-9ce5-0be3b3216b3d:192.168.34.5:33431] returns group-AED6ADCB8D7B:java.util.concurrent.CompletableFuture@799a1709[Not completed]
2019-09-19 09:52:13,393 [pool-261-thread-1] INFO  impl.RaftServerImpl (RaftServerImpl.java:<init>(93)) - b401d7ef-c1f5-49e9-9ce5-0be3b3216b3d: new RaftServerImpl for group-AED6ADCB8D7B:[b401d7ef-c1f5-49e9-9ce5-0be3b3216b3d:192.168.34.5:33431] with ContainerStateMachine:uninitialized
2019-09-19 09:52:13,394 [pool-261-thread-1] INFO  server.RaftServerConfigKeys (ConfUtils.java:logGet(43)) - raft.server.rpc.timeout.min = 5s (custom)
2019-09-19 09:52:13,394 [pool-261-thread-1] INFO  server.RaftServerConfigKeys (ConfUtils.java:logGet(43)) - raft.server.rpc.timeout.max = 5200ms (custom)
2019-09-19 09:52:13,394 [pool-261-thread-1] INFO  server.RaftServerConfigKeys (ConfUtils.java:logGet(43)) - raft.server.rpcslowness.timeout = 120s (custom)
2019-09-19 09:52:13,394 [pool-261-thread-1] INFO  server.RaftServerConfigKeys (ConfUtils.java:logGet(43)) - raft.server.sleep.deviation.threshold = 300 (default)
2019-09-19 09:52:13,394 [pool-261-thread-1] INFO  server.RaftServerConfigKeys (ConfUtils.java:logGet(43)) - raft.server.log.appender.install.snapshot.enabled = false (custom)
2019-09-19 09:52:13,395 [pool-261-thread-1] INFO  impl.RaftServerImpl (ServerState.java:<init>(105)) - b401d7ef-c1f5-49e9-9ce5-0be3b3216b3d:group-AED6ADCB8D7B ConfigurationManager, init=-1: [b401d7ef-c1f5-49e9-9ce5-0be3b3216b3d:192.168.34.5:33431], old=null, confs=<EMPTY_MAP>
2019-09-19 09:52:13,395 [pool-261-thread-1] INFO  server.RaftServerConfigKeys (ConfUtils.java:logGet(43)) - raft.server.storage.dir = [/workdir/hadoop-ozone/ozonefs/target/test-dir/MiniOzoneClusterImpl-f189934c-45ad-4ec0-9247-8ce3942f6bd4/datanode-2/data/ratis] (custom)
2019-09-19 09:52:13,395 [pool-261-thread-1] INFO  storage.RaftStorageDirectory (RaftStorageDirectory.java:analyzeStorage(246)) - The storage directory /workdir/hadoop-ozone/ozonefs/target/test-dir/MiniOzoneClusterImpl-f189934c-45ad-4ec0-9247-8ce3942f6bd4/datanode-2/data/ratis/8f1b36b1-572a-4061-b101-aed6adcb8d7b does not exist. Creating ...
2019-09-19 09:52:13,420 [pool-261-thread-1] INFO  storage.RaftStorageDirectory (RaftStorageDirectory.java:tryLock(328)) - Lock on /workdir/hadoop-ozone/ozonefs/target/test-dir/MiniOzoneClusterImpl-f189934c-45ad-4ec0-9247-8ce3942f6bd4/datanode-2/data/ratis/8f1b36b1-572a-4061-b101-aed6adcb8d7b/in_use.lock acquired by nodename 9507@pr-hdds-1569-j4bt4-3030777008
2019-09-19 09:52:13,433 [pool-261-thread-1] INFO  storage.RaftStorage (RaftStorage.java:format(72)) - Storage directory /workdir/hadoop-ozone/ozonefs/target/test-dir/MiniOzoneClusterImpl-f189934c-45ad-4ec0-9247-8ce3942f6bd4/datanode-2/data/ratis/8f1b36b1-572a-4061-b101-aed6adcb8d7b has been successfully formatted.
2019-09-19 09:52:13,433 [pool-261-thread-1] INFO  ratis.ContainerStateMachine (ContainerStateMachine.java:loadSnapshot(226)) - group-AED6ADCB8D7B: The snapshot info is null. Setting the last applied indexto:(t:0, i:~)
2019-09-19 09:52:13,433 [pool-261-thread-1] INFO  server.RaftServerConfigKeys (ConfUtils.java:logGet(43)) - raft.server.leader.election.timeout = 120s (custom)
2019-09-19 09:52:13,434 [pool-261-thread-1] INFO  server.RaftServerConfigKeys (ConfUtils.java:logGet(43)) - raft.server.log.use.memory = false (default)
2019-09-19 09:52:13,434 [pool-261-thread-1] INFO  server.RaftServerConfigKeys (ConfUtils.java:logGet(43)) - raft.server.log.purge.gap = 1000000 (custom)
2019-09-19 09:52:13,434 [pool-261-thread-1] INFO  server.RaftServerConfigKeys (ConfUtils.java:logGet(43)) - raft.server.log.appender.buffer.byte-limit = 33554432 (custom)
2019-09-19 09:52:13,434 [pool-261-thread-1] INFO  server.RaftServerConfigKeys (ConfUtils.java:logGet(43)) - raft.server.log.segment.size.max = 1048576 (custom)
2019-09-19 09:52:13,434 [pool-261-thread-1] INFO  server.RaftServerConfigKeys (ConfUtils.java:logGet(43)) - raft.server.log.segment.cache.num.max = 2 (custom)
2019-09-19 09:52:13,434 [pool-261-thread-1] INFO  segmented.SegmentedRaftLogWorker (SegmentedRaftLogWorker.java:<init>(172)) - new b401d7ef-c1f5-49e9-9ce5-0be3b3216b3d-SegmentedRaftLogWorker:Storage Directory /workdir/hadoop-ozone/ozonefs/target/test-dir/MiniOzoneClusterImpl-f189934c-45ad-4ec0-9247-8ce3942f6bd4/datanode-2/data/ratis/8f1b36b1-572a-4061-b101-aed6adcb8d7b for RaftStorage:Storage Directory /workdir/hadoop-ozone/ozonefs/target/test-dir/MiniOzoneClusterImpl-f189934c-45ad-4ec0-9247-8ce3942f6bd4/datanode-2/data/ratis/8f1b36b1-572a-4061-b101-aed6adcb8d7b
2019-09-19 09:52:13,434 [pool-261-thread-1] INFO  server.RaftServerConfigKeys (ConfUtils.java:logGet(43)) - raft.server.log.queue.byte-limit = 2147483647 (custom)
2019-09-19 09:52:13,435 [pool-261-thread-1] INFO  server.RaftServerConfigKeys (ConfUtils.java:logGet(43)) - raft.server.log.queue.element-limit = 1024 (custom)
2019-09-19 09:52:13,435 [pool-261-thread-1] INFO  server.RaftServerConfigKeys (ConfUtils.java:logGet(43)) - raft.server.log.segment.size.max = 1048576 (custom)
2019-09-19 09:52:13,435 [pool-261-thread-1] INFO  server.RaftServerConfigKeys (ConfUtils.java:logGet(43)) - raft.server.log.preallocated.size = 16384 (custom)
2019-09-19 09:52:13,435 [pool-261-thread-1] INFO  server.RaftServerConfigKeys (ConfUtils.java:logGet(43)) - raft.server.log.write.buffer.size = 33554432 (custom)
2019-09-19 09:52:13,435 [pool-261-thread-1] INFO  server.RaftServerConfigKeys (ConfUtils.java:logGet(43)) - raft.server.log.force.sync.num = 128 (default)
2019-09-19 09:52:13,435 [pool-261-thread-1] INFO  server.RaftServerConfigKeys (ConfUtils.java:logGet(43)) - raft.server.log.statemachine.data.sync = true (default)
2019-09-19 09:52:13,435 [pool-261-thread-1] INFO  server.RaftServerConfigKeys (ConfUtils.java:logGet(43)) - raft.server.log.statemachine.data.sync.timeout = 10s (default)
2019-09-19 09:52:13,436 [pool-261-thread-1] INFO  server.RaftServerConfigKeys (ConfUtils.java:logGet(43)) - raft.server.log.statemachine.data.sync.timeout.retry = -1 (default)
2019-09-19 09:52:13,436 [pool-261-thread-1] INFO  server.RaftServerConfigKeys (ConfUtils.java:logGet(43)) - raft.server.log.statemachine.data.caching.enabled = true (custom)
2019-09-19 09:52:13,436 [pool-261-thread-1] INFO  segmented.SegmentedRaftLogWorker (SegmentedRaftLogWorker.java:lambda$new$0(132)) - b401d7ef-c1f5-49e9-9ce5-0be3b3216b3d-SegmentedRaftLogWorker:Storage Directory /workdir/hadoop-ozone/ozonefs/target/test-dir/MiniOzoneClusterImpl-f189934c-45ad-4ec0-9247-8ce3942f6bd4/datanode-2/data/ratis/8f1b36b1-572a-4061-b101-aed6adcb8d7b: flushIndex: setUnconditionally 0 -> -1
2019-09-19 09:52:13,436 [pool-261-thread-1] INFO  server.RaftServerConfigKeys (ConfUtils.java:logGet(43)) - raft.server.snapshot.auto.trigger.enabled = true (custom)
2019-09-19 09:52:13,437 [pool-261-thread-1] INFO  server.RaftServerConfigKeys (ConfUtils.java:logGet(43)) - raft.server.snapshot.auto.trigger.threshold = 10000 (custom)
2019-09-19 09:52:13,437 [pool-261-thread-1] INFO  server.RaftServerConfigKeys (ConfUtils.java:logGet(43)) - raft.server.retrycache.expirytime = 600000ms (custom)
2019-09-19 09:52:13,437 [pool-261-thread-1] INFO  impl.RaftServerImpl (RaftServerImpl.java:start(180)) - b401d7ef-c1f5-49e9-9ce5-0be3b3216b3d: start group-AED6ADCB8D7B
2019-09-19 09:52:13,437 [pool-261-thread-1] INFO  impl.RaftServerImpl (RaftServerImpl.java:setRole(171)) - b401d7ef-c1f5-49e9-9ce5-0be3b3216b3d:group-AED6ADCB8D7B changes role from null to FOLLOWER at term 0 for startAsFollower
2019-09-19 09:52:13,437 [pool-261-thread-1] INFO  impl.RoleInfo (RoleInfo.java:updateAndGet(143)) - b401d7ef-c1f5-49e9-9ce5-0be3b3216b3d: start FollowerState
2019-09-19 09:52:13,438 [pool-261-thread-1] INFO  util.JmxRegister (JmxRegister.java:tryRegister(44)) - Successfully registered JMX Bean with object name Ratis:service=RaftServer,group=group-AED6ADCB8D7B,id=b401d7ef-c1f5-49e9-9ce5-0be3b3216b3d
2019-09-19 09:52:13,441 [RatisPipelineUtilsThread] INFO  pipeline.PipelineStateManager (PipelineStateManager.java:addPipeline(56)) - Created pipeline Pipeline[ Id: 8f1b36b1-572a-4061-b101-aed6adcb8d7b, Nodes: b401d7ef-c1f5-49e9-9ce5-0be3b3216b3d{ip: 192.168.34.5, host: pr-hdds-1569-j4bt4-3030777008, networkLocation: /default-rack, certSerialId: null}, Type:RATIS, Factor:ONE, State:OPEN]
2019-09-19 09:52:13,441 [RatisPipelineUtilsThread] ERROR pipeline.PipelinePlacementPolicy (PipelinePlacementPolicy.java:meetCriteria(91)) - Pipeline Placement: Doesn't meet the criteria to be viable node. Heaviness: 6
2019-09-19 09:52:13,441 [RatisPipelineUtilsThread] ERROR pipeline.PipelinePlacementPolicy (PipelinePlacementPolicy.java:meetCriteria(91)) - Pipeline Placement: Doesn't meet the criteria to be viable node. Heaviness: 6
2019-09-19 09:52:13,441 [RatisPipelineUtilsThread] ERROR pipeline.PipelinePlacementPolicy (PipelinePlacementPolicy.java:meetCriteria(91)) - Pipeline Placement: Doesn't meet the criteria to be viable node. Heaviness: 6
2019-09-19 09:52:13,441 [RatisPipelineUtilsThread] ERROR pipeline.PipelinePlacementPolicy (PipelinePlacementPolicy.java:filterViableNodes(146)) - Unable to find enough nodes that meet the criteria that cannot engage in more than 5 pipelines. Nodes required: 1 Found: 0, healthy nodes count inNodeManager: 3.
2019-09-19 09:52:13,442 [RatisPipelineUtilsThread] ERROR pipeline.SCMPipelineManager (SCMPipelineManager.java:createPipeline(161)) - Pipeline creation failed due to exception: Unable to find enough nodes that meet the criteria that cannot engage in more than 5 pipelines. Nodes required: 1 Found: 0, healthy nodes count inNodeManager: 3.
2019-09-19 09:52:13,442 [RatisPipelineUtilsThread] ERROR pipeline.PipelinePlacementPolicy (PipelinePlacementPolicy.java:meetCriteria(91)) - Pipeline Placement: Doesn't meet the criteria to be viable node. Heaviness: 6
2019-09-19 09:52:13,442 [RatisPipelineUtilsThread] ERROR pipeline.PipelinePlacementPolicy (PipelinePlacementPolicy.java:meetCriteria(91)) - Pipeline Placement: Doesn't meet the criteria to be viable node. Heaviness: 6
2019-09-19 09:52:13,442 [RatisPipelineUtilsThread] ERROR pipeline.PipelinePlacementPolicy (PipelinePlacementPolicy.java:meetCriteria(91)) - Pipeline Placement: Doesn't meet the criteria to be viable node. Heaviness: 6
2019-09-19 09:52:13,442 [RatisPipelineUtilsThread] ERROR pipeline.PipelinePlacementPolicy (PipelinePlacementPolicy.java:filterViableNodes(146)) - Unable to find enough nodes that meet the criteria that cannot engage in more than 5 pipelines. Nodes required: 3 Found: 0, healthy nodes count inNodeManager: 3.
2019-09-19 09:52:13,442 [RatisPipelineUtilsThread] ERROR pipeline.SCMPipelineManager (SCMPipelineManager.java:createPipeline(161)) - Pipeline creation failed due to exception: Unable to find enough nodes that meet the criteria that cannot engage in more than 5 pipelines. Nodes required: 3 Found: 0, healthy nodes count inNodeManager: 3.
2019-09-19 09:52:14,222 [Thread-1068] INFO  ozone.MiniOzoneClusterImpl (MiniOzoneClusterImpl.java:lambda$waitForClusterToBeReady$0(142)) - Cluster is ready. Got 3 of 3 DN Heartbeats.
2019-09-19 09:52:14,383 | INFO  | OMAudit | user=jenkins1000 | ip=127.0.0.1 | op=CREATE_VOLUME {admin=admin47724, owner=user89706, volume=volume44781, creationTime=1568886734383, quotaInBytes=1152921504606846976} | ret=SUCCESS |  
2019-09-19 09:52:14,397 | INFO  | OMAudit | user=jenkins1000 | ip=127.0.0.1 | op=CREATE_BUCKET {volume=volume44781, bucket=bucket71064, acls=[], isVersionEnabled=false, storageType=DISK, creationTime=0} | ret=SUCCESS |  
2019-09-19 09:52:14,422 | INFO  | OMAudit | user=jenkins1000 | ip=127.0.0.1 | op=READ_VOLUME {volume=volume44781} | ret=SUCCESS |  
2019-09-19 09:52:14,423 | INFO  | OMAudit | user=jenkins1000 | ip=127.0.0.1 | op=READ_BUCKET {volume=volume44781, bucket=bucket71064} | ret=SUCCESS |  
2019-09-19 09:52:14,451 [IPC Server handler 1 on 39852] ERROR pipeline.PipelinePlacementPolicy (PipelinePlacementPolicy.java:meetCriteria(91)) - Pipeline Placement: Doesn't meet the criteria to be viable node. Heaviness: 6
2019-09-19 09:52:14,451 [IPC Server handler 1 on 39852] ERROR pipeline.PipelinePlacementPolicy (PipelinePlacementPolicy.java:meetCriteria(91)) - Pipeline Placement: Doesn't meet the criteria to be viable node. Heaviness: 6
2019-09-19 09:52:14,451 [IPC Server handler 1 on 39852] ERROR pipeline.PipelinePlacementPolicy (PipelinePlacementPolicy.java:meetCriteria(91)) - Pipeline Placement: Doesn't meet the criteria to be viable node. Heaviness: 6
2019-09-19 09:52:14,451 [IPC Server handler 1 on 39852] ERROR pipeline.PipelinePlacementPolicy (PipelinePlacementPolicy.java:filterViableNodes(146)) - Unable to find enough nodes that meet the criteria that cannot engage in more than 5 pipelines. Nodes required: 3 Found: 0, healthy nodes count inNodeManager: 3.
2019-09-19 09:52:14,451 [IPC Server handler 1 on 39852] ERROR pipeline.SCMPipelineManager (SCMPipelineManager.java:createPipeline(161)) - Pipeline creation failed due to exception: Unable to find enough nodes that meet the criteria that cannot engage in more than 5 pipelines. Nodes required: 3 Found: 0, healthy nodes count inNodeManager: 3.
2019-09-19 09:52:14,452 [IPC Server handler 1 on 39852] WARN  block.BlockManagerImpl (BlockManagerImpl.java:allocateBlock(192)) - Pipeline creation failed for type:RATIS factor:THREE. Retrying get pipelines call once.
org.apache.hadoop.hdds.scm.exceptions.SCMException: Unable to find enough nodes that meet the criteria that cannot engage in more than 5 pipelines. Nodes required: 3 Found: 0, healthy nodes count inNodeManager: 3.
	at org.apache.hadoop.hdds.scm.pipeline.PipelinePlacementPolicy.filterViableNodes(PipelinePlacementPolicy.java:147)
	at org.apache.hadoop.hdds.scm.pipeline.PipelinePlacementPolicy.chooseDatanodes(PipelinePlacementPolicy.java:170)
	at org.apache.hadoop.hdds.scm.pipeline.RatisPipelineProvider.create(RatisPipelineProvider.java:92)
	at org.apache.hadoop.hdds.scm.pipeline.PipelineFactory.create(PipelineFactory.java:57)
	at org.apache.hadoop.hdds.scm.pipeline.SCMPipelineManager.createPipeline(SCMPipelineManager.java:149)
	at org.apache.hadoop.hdds.scm.block.BlockManagerImpl.allocateBlock(BlockManagerImpl.java:190)
	at org.apache.hadoop.hdds.scm.server.SCMBlockProtocolServer.allocateBlock(SCMBlockProtocolServer.java:175)
	at org.apache.hadoop.ozone.protocolPB.ScmBlockLocationProtocolServerSideTranslatorPB.allocateScmBlock(ScmBlockLocationProtocolServerSideTranslatorPB.java:153)
	at org.apache.hadoop.ozone.protocolPB.ScmBlockLocationProtocolServerSideTranslatorPB.send(ScmBlockLocationProtocolServerSideTranslatorPB.java:112)
	at org.apache.hadoop.hdds.protocol.proto.ScmBlockLocationProtocolProtos$ScmBlockLocationProtocolService$2.callBlockingMethod(ScmBlockLocationProtocolProtos.java:13157)
	at org.apache.hadoop.ipc.ProtobufRpcEngine$Server$ProtoBufRpcInvoker.call(ProtobufRpcEngine.java:524)
	at org.apache.hadoop.ipc.RPC$Server.call(RPC.java:1025)
	at org.apache.hadoop.ipc.Server$RpcCall.run(Server.java:876)
	at org.apache.hadoop.ipc.Server$RpcCall.run(Server.java:822)
	at java.security.AccessController.doPrivileged(Native Method)
	at javax.security.auth.Subject.doAs(Subject.java:422)
	at org.apache.hadoop.security.UserGroupInformation.doAs(UserGroupInformation.java:1730)
	at org.apache.hadoop.ipc.Server$Handler.run(Server.java:2682)
2019-09-19 09:52:14,452 [IPC Server handler 1 on 39852] INFO  block.BlockManagerImpl (BlockManagerImpl.java:allocateBlock(198)) - Could not find available pipeline of type:RATIS and factor:THREE even after retrying
2019-09-19 09:52:14,452 [IPC Server handler 1 on 39852] ERROR block.BlockManagerImpl (BlockManagerImpl.java:allocateBlock(222)) - Unable to allocate a block for the size: 4194304, type: RATIS, factor: THREE
2019-09-19 09:52:14,452 | INFO  | SCMAudit | user=jenkins1000 | ip=192.168.34.5 | op=ALLOCATE_BLOCK {owner=03af71ef-8e88-42b9-ac62-b5766c96b146, size=4194304, type=RATIS, factor=THREE} | ret=SUCCESS |  
2019-09-19 09:52:14,454 | ERROR | OMAudit | user=jenkins1000 | ip=127.0.0.1 | op=CREATE_FILE {volume=volume44781, bucket=bucket71064, key=testCreateDoesNotAddParentDirKeys/parent/child, dataSize=0, replicationType=RATIS, replicationFactor=THREE, keyLocationInfo=null} | ret=FAILURE | org.apache.hadoop.hdds.scm.exceptions.SCMException: Allocated 0 blocks. Requested 1 blocks
	at org.apache.hadoop.hdds.scm.protocolPB.ScmBlockLocationProtocolClientSideTranslatorPB.handleError(ScmBlockLocationProtocolClientSideTranslatorPB.java:118)
	at org.apache.hadoop.hdds.scm.protocolPB.ScmBlockLocationProtocolClientSideTranslatorPB.allocateBlock(ScmBlockLocationProtocolClientSideTranslatorPB.java:156) 
2019-09-19 09:52:14,455 [Thread-1068] INFO  ozone.MiniOzoneClusterImpl (MiniOzoneClusterImpl.java:shutdown(321)) - Shutting down the Mini Ozone Cluster
2019-09-19 09:52:14,456 | INFO  | SCMAudit | user=null | ip=null | op=GET_SCM_INFO null | ret=SUCCESS |  
2019-09-19 09:52:14,456 [Thread-1068] INFO  ozone.MiniOzoneClusterImpl (MiniOzoneClusterImpl.java:stop(336)) - Stopping the Mini Ozone Cluster
2019-09-19 09:52:14,456 [Thread-1068] INFO  ozone.MiniOzoneClusterImpl (MiniOzoneClusterImpl.java:stop(338)) - Stopping the OzoneManager
2019-09-19 09:52:14,456 [Thread-1068] INFO  ipc.Server (Server.java:stop(3082)) - Stopping server on 44131
2019-09-19 09:52:14,460 [IPC Server listener on 44131] INFO  ipc.Server (Server.java:run(1185)) - Stopping IPC Server listener on 44131
2019-09-19 09:52:14,460 [IPC Server Responder] INFO  ipc.Server (Server.java:run(1319)) - Stopping IPC Server Responder
2019-09-19 09:52:14,460 [Thread-1068] INFO  ratis.OzoneManagerDoubleBuffer (OzoneManagerDoubleBuffer.java:stop(248)) - Stopping OMDoubleBuffer flush thread
2019-09-19 09:52:14,466 [OMDoubleBufferFlushThread] INFO  ratis.OzoneManagerDoubleBuffer (OzoneManagerDoubleBuffer.java:flushTransactions(191)) - OMDoubleBuffer flush thread OMDoubleBufferFlushThread is interrupted and will exit. OMDoubleBufferFlushThread
2019-09-19 09:52:14,466 [Thread-1068] INFO  utils.BackgroundService (BackgroundService.java:shutdown(148)) - Shutting down service KeyDeletingService
2019-09-19 09:52:14,467 [Thread-1068] INFO  handler.ContextHandler (ContextHandler.java:doStop(910)) - Stopped o.e.j.w.WebAppContext@6fa31171{/,null,UNAVAILABLE}{/ozoneManager}
2019-09-19 09:52:14,468 [Thread-1068] INFO  server.AbstractConnector (AbstractConnector.java:doStop(318)) - Stopped ServerConnector@643aac1b{HTTP/1.1,[http/1.1]}{0.0.0.0:0}
2019-09-19 09:52:14,468 [Thread-1068] INFO  handler.ContextHandler (ContextHandler.java:doStop(910)) - Stopped o.e.j.s.ServletContextHandler@1e7bb53c{/static,jar:file:/home/user/.m2/repository/org/apache/hadoop/hadoop-ozone-ozone-manager/0.5.0-SNAPSHOT/hadoop-ozone-ozone-manager-0.5.0-SNAPSHOT.jar!/webapps/static,UNAVAILABLE}
2019-09-19 09:52:14,468 [Thread-1068] INFO  handler.ContextHandler (ContextHandler.java:doStop(910)) - Stopped o.e.j.s.ServletContextHandler@38dd36e3{/logs,file:///workdir/hadoop-ozone/ozonefs/target/log,UNAVAILABLE}
2019-09-19 09:52:14,470 [Thread-1068] INFO  ozone.MiniOzoneClusterImpl (MiniOzoneClusterImpl.java:stop(344)) - Shutting the HddsDatanodes
2019-09-19 09:52:14,471 [Thread-1068] INFO  datanode.ObjectStoreHandler (ObjectStoreHandler.java:close(155)) - Closing ObjectStoreHandler.
2019-09-19 09:52:14,471 [ForkJoinPool.commonPool-worker-0] INFO  datanode.ObjectStoreHandler (ObjectStoreHandler.java:close(155)) - Closing ObjectStoreHandler.
2019-09-19 09:52:14,471 [Thread-1068] INFO  ozone.HddsDatanodeService (HddsDatanodeService.java:stop(451)) - Stopped plug-in org.apache.hadoop.ozone.web.OzoneHddsDatanodeService@2fe6f43f
2019-09-19 09:52:14,471 [ForkJoinPool.commonPool-worker-0] INFO  ozone.HddsDatanodeService (HddsDatanodeService.java:stop(451)) - Stopped plug-in org.apache.hadoop.ozone.web.OzoneHddsDatanodeService@708749ce
2019-09-19 09:52:14,730 [Datanode State Machine Thread - 0] INFO  statemachine.DatanodeStateMachine (DatanodeStateMachine.java:lambda$startDaemon$0(350)) - Ozone container server started.
2019-09-19 09:52:14,962 [Datanode State Machine Thread - 0] INFO  statemachine.DatanodeStateMachine (DatanodeStateMachine.java:lambda$startDaemon$0(350)) - Ozone container server started.
2019-09-19 09:52:15,222 | INFO  | SCMAudit | user=jenkins1000 | ip=192.168.34.5 | op=SEND_HEARTBEAT {datanodeUUID=b401d7ef-c1f5-49e9-9ce5-0be3b3216b3d, command=[]} | ret=SUCCESS |  
2019-09-19 09:52:15,741 [Thread-1240] INFO  container.ReplicationManager (ReplicationManager.java:start(151)) - Starting Replication Monitor Thread.
2019-09-19 09:52:15,744 [ReplicationMonitor] INFO  container.ReplicationManager (ReplicationManager.java:run(214)) - Replication Monitor Thread took 0 milliseconds for processing 0 containers.
2019-09-19 09:52:16,222 | INFO  | SCMAudit | user=jenkins1000 | ip=192.168.34.5 | op=SEND_HEARTBEAT {datanodeUUID=b401d7ef-c1f5-49e9-9ce5-0be3b3216b3d, command=[]} | ret=SUCCESS |  
2019-09-19 09:52:17,222 | INFO  | SCMAudit | user=jenkins1000 | ip=192.168.34.5 | op=SEND_HEARTBEAT {datanodeUUID=b401d7ef-c1f5-49e9-9ce5-0be3b3216b3d, command=[]} | ret=SUCCESS |  
2019-09-19 09:52:17,833 [Thread-1245] INFO  impl.FollowerState (FollowerState.java:run(106)) - 89feb2f7-d50c-4522-98d5-3e9e37dc82b4:group-33A239D1D318 changes to CANDIDATE, lastRpcTime:5014, electionTimeout:5014ms
2019-09-19 09:52:17,833 [Thread-1245] INFO  impl.RoleInfo (RoleInfo.java:shutdownFollowerState(121)) - 89feb2f7-d50c-4522-98d5-3e9e37dc82b4: shutdown FollowerState
2019-09-19 09:52:17,833 [Thread-1245] INFO  impl.RaftServerImpl (RaftServerImpl.java:setRole(171)) - 89feb2f7-d50c-4522-98d5-3e9e37dc82b4:group-33A239D1D318 changes role from FOLLOWER to CANDIDATE at term 0 for changeToCandidate
2019-09-19 09:52:17,834 [Thread-1245] INFO  impl.RoleInfo (RoleInfo.java:updateAndGet(143)) - 89feb2f7-d50c-4522-98d5-3e9e37dc82b4: start LeaderElection
2019-09-19 09:52:17,861 [89feb2f7-d50c-4522-98d5-3e9e37dc82b4:group-33A239D1D318:LeaderElection71] INFO  impl.LeaderElection (LeaderElection.java:askForVotes(181)) - 89feb2f7-d50c-4522-98d5-3e9e37dc82b4:group-33A239D1D318:LeaderElection71: begin an election at term 1 for -1: [89feb2f7-d50c-4522-98d5-3e9e37dc82b4:192.168.34.5:38381], old=null
2019-09-19 09:52:17,862 [89feb2f7-d50c-4522-98d5-3e9e37dc82b4:group-33A239D1D318:LeaderElection71] INFO  impl.RoleInfo (RoleInfo.java:shutdownLeaderElection(134)) - 89feb2f7-d50c-4522-98d5-3e9e37dc82b4: shutdown LeaderElection
2019-09-19 09:52:17,862 [89feb2f7-d50c-4522-98d5-3e9e37dc82b4:group-33A239D1D318:LeaderElection71] INFO  impl.RaftServerImpl (RaftServerImpl.java:setRole(171)) - 89feb2f7-d50c-4522-98d5-3e9e37dc82b4:group-33A239D1D318 changes role from CANDIDATE to LEADER at term 1 for changeToLeader
2019-09-19 09:52:17,862 [89feb2f7-d50c-4522-98d5-3e9e37dc82b4:group-33A239D1D318:LeaderElection71] INFO  impl.RaftServerImpl (ServerState.java:setLeader(263)) - 89feb2f7-d50c-4522-98d5-3e9e37dc82b4:group-33A239D1D318 change Leader from null to 89feb2f7-d50c-4522-98d5-3e9e37dc82b4 at term 1 for becomeLeader, leader elected after 5047ms
2019-09-19 09:52:17,862 [89feb2f7-d50c-4522-98d5-3e9e37dc82b4:group-33A239D1D318:LeaderElection71] INFO  server.RaftServerConfigKeys (ConfUtils.java:logGet(43)) - raft.server.staging.catchup.gap = 1000 (default)
2019-09-19 09:52:17,863 [89feb2f7-d50c-4522-98d5-3e9e37dc82b4:group-33A239D1D318:LeaderElection71] INFO  server.RaftServerConfigKeys (ConfUtils.java:logGet(43)) - raft.server.rpc.sleep.time = 25ms (default)
2019-09-19 09:52:17,863 [89feb2f7-d50c-4522-98d5-3e9e37dc82b4:group-33A239D1D318:LeaderElection71] INFO  server.RaftServerConfigKeys (ConfUtils.java:logGet(43)) - raft.server.write.element-limit = 4096 (default)
2019-09-19 09:52:17,863 [89feb2f7-d50c-4522-98d5-3e9e37dc82b4:group-33A239D1D318:LeaderElection71] INFO  server.RaftServerConfigKeys (ConfUtils.java:logGet(43)) - raft.server.watch.timeout = 10s (default)
2019-09-19 09:52:17,863 [89feb2f7-d50c-4522-98d5-3e9e37dc82b4:group-33A239D1D318:LeaderElection71] INFO  server.RaftServerConfigKeys (ConfUtils.java:logGet(43)) - raft.server.watch.timeout.denomination = 1s (default)
2019-09-19 09:52:17,863 [89feb2f7-d50c-4522-98d5-3e9e37dc82b4:group-33A239D1D318:LeaderElection71] INFO  server.RaftServerConfigKeys (ConfUtils.java:logGet(43)) - raft.server.watch.element-limit = 65536 (default)
2019-09-19 09:52:17,864 [89feb2f7-d50c-4522-98d5-3e9e37dc82b4:group-33A239D1D318:LeaderElection71] INFO  impl.RoleInfo (RoleInfo.java:updateAndGet(143)) - 89feb2f7-d50c-4522-98d5-3e9e37dc82b4: start LeaderState
2019-09-19 09:52:17,864 [89feb2f7-d50c-4522-98d5-3e9e37dc82b4:group-33A239D1D318:LeaderElection71] INFO  segmented.SegmentedRaftLogWorker (SegmentedRaftLogWorker.java:startLogSegment(380)) - 89feb2f7-d50c-4522-98d5-3e9e37dc82b4-SegmentedRaftLogWorker:Storage Directory /workdir/hadoop-ozone/ozonefs/target/test-dir/MiniOzoneClusterImpl-f189934c-45ad-4ec0-9247-8ce3942f6bd4/datanode-0/data/ratis/757d4413-dc68-4fc1-9abd-33a239d1d318: Starting segment from index:0
2019-09-19 09:52:17,865 [89feb2f7-d50c-4522-98d5-3e9e37dc82b4:group-33A239D1D318:LeaderElection71] INFO  impl.RaftServerImpl (ServerState.java:setRaftConf(361)) - 89feb2f7-d50c-4522-98d5-3e9e37dc82b4:group-33A239D1D318 set configuration 0: [89feb2f7-d50c-4522-98d5-3e9e37dc82b4:192.168.34.5:38381], old=null at 0
2019-09-19 09:52:17,871 [Thread-1251] INFO  impl.FollowerState (FollowerState.java:run(106)) - 89feb2f7-d50c-4522-98d5-3e9e37dc82b4:group-819A78FF67D9 changes to CANDIDATE, lastRpcTime:5007, electionTimeout:5007ms
2019-09-19 09:52:17,871 [Thread-1251] INFO  impl.RoleInfo (RoleInfo.java:shutdownFollowerState(121)) - 89feb2f7-d50c-4522-98d5-3e9e37dc82b4: shutdown FollowerState
2019-09-19 09:52:17,871 [Thread-1251] INFO  impl.RaftServerImpl (RaftServerImpl.java:setRole(171)) - 89feb2f7-d50c-4522-98d5-3e9e37dc82b4:group-819A78FF67D9 changes role from FOLLOWER to CANDIDATE at term 0 for changeToCandidate
2019-09-19 09:52:17,871 [Thread-1251] INFO  impl.RoleInfo (RoleInfo.java:updateAndGet(143)) - 89feb2f7-d50c-4522-98d5-3e9e37dc82b4: start LeaderElection
2019-09-19 09:52:17,912 [Thread-1242] INFO  impl.FollowerState (FollowerState.java:run(106)) - 89feb2f7-d50c-4522-98d5-3e9e37dc82b4:group-E597730B948D changes to CANDIDATE, lastRpcTime:5126, electionTimeout:5112ms
2019-09-19 09:52:17,912 [Thread-1248] INFO  impl.FollowerState (FollowerState.java:run(106)) - 89feb2f7-d50c-4522-98d5-3e9e37dc82b4:group-F34EDD2990F8 changes to CANDIDATE, lastRpcTime:5070, electionTimeout:5036ms
2019-09-19 09:52:17,913 [Thread-1242] INFO  impl.RoleInfo (RoleInfo.java:shutdownFollowerState(121)) - 89feb2f7-d50c-4522-98d5-3e9e37dc82b4: shutdown FollowerState
2019-09-19 09:52:17,913 [Thread-1248] INFO  impl.RoleInfo (RoleInfo.java:shutdownFollowerState(121)) - 89feb2f7-d50c-4522-98d5-3e9e37dc82b4: shutdown FollowerState
2019-09-19 09:52:17,913 [Thread-1242] INFO  impl.RaftServerImpl (RaftServerImpl.java:setRole(171)) - 89feb2f7-d50c-4522-98d5-3e9e37dc82b4:group-E597730B948D changes role from FOLLOWER to CANDIDATE at term 0 for changeToCandidate
2019-09-19 09:52:17,913 [Thread-1248] INFO  impl.RaftServerImpl (RaftServerImpl.java:setRole(171)) - 89feb2f7-d50c-4522-98d5-3e9e37dc82b4:group-F34EDD2990F8 changes role from FOLLOWER to CANDIDATE at term 0 for changeToCandidate
2019-09-19 09:52:17,913 [Thread-1242] INFO  impl.RoleInfo (RoleInfo.java:updateAndGet(143)) - 89feb2f7-d50c-4522-98d5-3e9e37dc82b4: start LeaderElection
2019-09-19 09:52:17,913 [Thread-1248] INFO  impl.RoleInfo (RoleInfo.java:updateAndGet(143)) - 89feb2f7-d50c-4522-98d5-3e9e37dc82b4: start LeaderElection
2019-09-19 09:52:17,925 [89feb2f7-d50c-4522-98d5-3e9e37dc82b4-SegmentedRaftLogWorker:Storage Directory /workdir/hadoop-ozone/ozonefs/target/test-dir/MiniOzoneClusterImpl-f189934c-45ad-4ec0-9247-8ce3942f6bd4/datanode-0/data/ratis/757d4413-dc68-4fc1-9abd-33a239d1d318] INFO  segmented.SegmentedRaftLogWorker (SegmentedRaftLogWorker.java:execute(569)) - 89feb2f7-d50c-4522-98d5-3e9e37dc82b4-SegmentedRaftLogWorker:Storage Directory /workdir/hadoop-ozone/ozonefs/target/test-dir/MiniOzoneClusterImpl-f189934c-45ad-4ec0-9247-8ce3942f6bd4/datanode-0/data/ratis/757d4413-dc68-4fc1-9abd-33a239d1d318: created new log segment /workdir/hadoop-ozone/ozonefs/target/test-dir/MiniOzoneClusterImpl-f189934c-45ad-4ec0-9247-8ce3942f6bd4/datanode-0/data/ratis/757d4413-dc68-4fc1-9abd-33a239d1d318/current/log_inprogress_0
2019-09-19 09:52:17,925 [89feb2f7-d50c-4522-98d5-3e9e37dc82b4:group-F34EDD2990F8:LeaderElection74] INFO  impl.LeaderElection (LeaderElection.java:askForVotes(181)) - 89feb2f7-d50c-4522-98d5-3e9e37dc82b4:group-F34EDD2990F8:LeaderElection74: begin an election at term 1 for -1: [89feb2f7-d50c-4522-98d5-3e9e37dc82b4:192.168.34.5:38381], old=null
2019-09-19 09:52:17,925 [89feb2f7-d50c-4522-98d5-3e9e37dc82b4:group-E597730B948D:LeaderElection73] INFO  impl.LeaderElection (LeaderElection.java:askForVotes(181)) - 89feb2f7-d50c-4522-98d5-3e9e37dc82b4:group-E597730B948D:LeaderElection73: begin an election at term 1 for -1: [89feb2f7-d50c-4522-98d5-3e9e37dc82b4:192.168.34.5:38381], old=null
2019-09-19 09:52:17,926 [89feb2f7-d50c-4522-98d5-3e9e37dc82b4:group-F34EDD2990F8:LeaderElection74] INFO  impl.RoleInfo (RoleInfo.java:shutdownLeaderElection(134)) - 89feb2f7-d50c-4522-98d5-3e9e37dc82b4: shutdown LeaderElection
2019-09-19 09:52:17,926 [89feb2f7-d50c-4522-98d5-3e9e37dc82b4:group-F34EDD2990F8:LeaderElection74] INFO  impl.RaftServerImpl (RaftServerImpl.java:setRole(171)) - 89feb2f7-d50c-4522-98d5-3e9e37dc82b4:group-F34EDD2990F8 changes role from CANDIDATE to LEADER at term 1 for changeToLeader
2019-09-19 09:52:17,926 [89feb2f7-d50c-4522-98d5-3e9e37dc82b4:group-819A78FF67D9:LeaderElection72] INFO  impl.LeaderElection (LeaderElection.java:askForVotes(181)) - 89feb2f7-d50c-4522-98d5-3e9e37dc82b4:group-819A78FF67D9:LeaderElection72: begin an election at term 1 for -1: [89feb2f7-d50c-4522-98d5-3e9e37dc82b4:192.168.34.5:38381], old=null
2019-09-19 09:52:17,926 [89feb2f7-d50c-4522-98d5-3e9e37dc82b4:group-F34EDD2990F8:LeaderElection74] INFO  impl.RaftServerImpl (ServerState.java:setLeader(263)) - 89feb2f7-d50c-4522-98d5-3e9e37dc82b4:group-F34EDD2990F8 change Leader from null to 89feb2f7-d50c-4522-98d5-3e9e37dc82b4 at term 1 for becomeLeader, leader elected after 5087ms
2019-09-19 09:52:17,926 [89feb2f7-d50c-4522-98d5-3e9e37dc82b4:group-E597730B948D:LeaderElection73] INFO  impl.RoleInfo (RoleInfo.java:shutdownLeaderElection(134)) - 89feb2f7-d50c-4522-98d5-3e9e37dc82b4: shutdown LeaderElection
2019-09-19 09:52:17,926 [89feb2f7-d50c-4522-98d5-3e9e37dc82b4:group-F34EDD2990F8:LeaderElection74] INFO  server.RaftServerConfigKeys (ConfUtils.java:logGet(43)) - raft.server.staging.catchup.gap = 1000 (default)
2019-09-19 09:52:17,926 [89feb2f7-d50c-4522-98d5-3e9e37dc82b4:group-819A78FF67D9:LeaderElection72] INFO  impl.RoleInfo (RoleInfo.java:shutdownLeaderElection(134)) - 89feb2f7-d50c-4522-98d5-3e9e37dc82b4: shutdown LeaderElection
2019-09-19 09:52:17,927 [89feb2f7-d50c-4522-98d5-3e9e37dc82b4:group-F34EDD2990F8:LeaderElection74] INFO  server.RaftServerConfigKeys (ConfUtils.java:logGet(43)) - raft.server.rpc.sleep.time = 25ms (default)
2019-09-19 09:52:17,927 [89feb2f7-d50c-4522-98d5-3e9e37dc82b4:group-E597730B948D:LeaderElection73] INFO  impl.RaftServerImpl (RaftServerImpl.java:setRole(171)) - 89feb2f7-d50c-4522-98d5-3e9e37dc82b4:group-E597730B948D changes role from CANDIDATE to LEADER at term 1 for changeToLeader
2019-09-19 09:52:17,927 [89feb2f7-d50c-4522-98d5-3e9e37dc82b4:group-F34EDD2990F8:LeaderElection74] INFO  server.RaftServerConfigKeys (ConfUtils.java:logGet(43)) - raft.server.write.element-limit = 4096 (default)
2019-09-19 09:52:17,927 [89feb2f7-d50c-4522-98d5-3e9e37dc82b4:group-819A78FF67D9:LeaderElection72] INFO  impl.RaftServerImpl (RaftServerImpl.java:setRole(171)) - 89feb2f7-d50c-4522-98d5-3e9e37dc82b4:group-819A78FF67D9 changes role from CANDIDATE to LEADER at term 1 for changeToLeader
2019-09-19 09:52:17,927 [89feb2f7-d50c-4522-98d5-3e9e37dc82b4:group-F34EDD2990F8:LeaderElection74] INFO  server.RaftServerConfigKeys (ConfUtils.java:logGet(43)) - raft.server.watch.timeout = 10s (default)
2019-09-19 09:52:17,927 [89feb2f7-d50c-4522-98d5-3e9e37dc82b4:group-E597730B948D:LeaderElection73] INFO  impl.RaftServerImpl (ServerState.java:setLeader(263)) - 89feb2f7-d50c-4522-98d5-3e9e37dc82b4:group-E597730B948D change Leader from null to 89feb2f7-d50c-4522-98d5-3e9e37dc82b4 at term 1 for becomeLeader, leader elected after 5145ms
2019-09-19 09:52:17,928 [89feb2f7-d50c-4522-98d5-3e9e37dc82b4:group-F34EDD2990F8:LeaderElection74] INFO  server.RaftServerConfigKeys (ConfUtils.java:logGet(43)) - raft.server.watch.timeout.denomination = 1s (default)
2019-09-19 09:52:17,928 [89feb2f7-d50c-4522-98d5-3e9e37dc82b4:group-F34EDD2990F8:LeaderElection74] INFO  server.RaftServerConfigKeys (ConfUtils.java:logGet(43)) - raft.server.watch.element-limit = 65536 (default)
2019-09-19 09:52:17,928 [89feb2f7-d50c-4522-98d5-3e9e37dc82b4:group-819A78FF67D9:LeaderElection72] INFO  impl.RaftServerImpl (ServerState.java:setLeader(263)) - 89feb2f7-d50c-4522-98d5-3e9e37dc82b4:group-819A78FF67D9 change Leader from null to 89feb2f7-d50c-4522-98d5-3e9e37dc82b4 at term 1 for becomeLeader, leader elected after 5067ms
2019-09-19 09:52:17,928 [89feb2f7-d50c-4522-98d5-3e9e37dc82b4:group-F34EDD2990F8:LeaderElection74] INFO  impl.RoleInfo (RoleInfo.java:updateAndGet(143)) - 89feb2f7-d50c-4522-98d5-3e9e37dc82b4: start LeaderState
2019-09-19 09:52:17,928 [89feb2f7-d50c-4522-98d5-3e9e37dc82b4:group-819A78FF67D9:LeaderElection72] INFO  server.RaftServerConfigKeys (ConfUtils.java:logGet(43)) - raft.server.staging.catchup.gap = 1000 (default)
2019-09-19 09:52:17,928 [89feb2f7-d50c-4522-98d5-3e9e37dc82b4:group-E597730B948D:LeaderElection73] INFO  server.RaftServerConfigKeys (ConfUtils.java:logGet(43)) - raft.server.staging.catchup.gap = 1000 (default)
2019-09-19 09:52:17,929 [89feb2f7-d50c-4522-98d5-3e9e37dc82b4:group-819A78FF67D9:LeaderElection72] INFO  server.RaftServerConfigKeys (ConfUtils.java:logGet(43)) - raft.server.rpc.sleep.time = 25ms (default)
2019-09-19 09:52:17,929 [89feb2f7-d50c-4522-98d5-3e9e37dc82b4:group-F34EDD2990F8:LeaderElection74] INFO  segmented.SegmentedRaftLogWorker (SegmentedRaftLogWorker.java:startLogSegment(380)) - 89feb2f7-d50c-4522-98d5-3e9e37dc82b4-SegmentedRaftLogWorker:Storage Directory /workdir/hadoop-ozone/ozonefs/target/test-dir/MiniOzoneClusterImpl-f189934c-45ad-4ec0-9247-8ce3942f6bd4/datanode-0/data/ratis/07a766a8-c879-444e-92b4-f34edd2990f8: Starting segment from index:0
2019-09-19 09:52:17,929 [89feb2f7-d50c-4522-98d5-3e9e37dc82b4:group-819A78FF67D9:LeaderElection72] INFO  server.RaftServerConfigKeys (ConfUtils.java:logGet(43)) - raft.server.write.element-limit = 4096 (default)
2019-09-19 09:52:17,929 [89feb2f7-d50c-4522-98d5-3e9e37dc82b4:group-E597730B948D:LeaderElection73] INFO  server.RaftServerConfigKeys (ConfUtils.java:logGet(43)) - raft.server.rpc.sleep.time = 25ms (default)
2019-09-19 09:52:17,929 [89feb2f7-d50c-4522-98d5-3e9e37dc82b4:group-819A78FF67D9:LeaderElection72] INFO  server.RaftServerConfigKeys (ConfUtils.java:logGet(43)) - raft.server.watch.timeout = 10s (default)
2019-09-19 09:52:17,930 [89feb2f7-d50c-4522-98d5-3e9e37dc82b4:group-E597730B948D:LeaderElection73] INFO  server.RaftServerConfigKeys (ConfUtils.java:logGet(43)) - raft.server.write.element-limit = 4096 (default)
2019-09-19 09:52:17,929 [89feb2f7-d50c-4522-98d5-3e9e37dc82b4:group-F34EDD2990F8:LeaderElection74] INFO  impl.RaftServerImpl (ServerState.java:setRaftConf(361)) - 89feb2f7-d50c-4522-98d5-3e9e37dc82b4:group-F34EDD2990F8 set configuration 0: [89feb2f7-d50c-4522-98d5-3e9e37dc82b4:192.168.34.5:38381], old=null at 0
2019-09-19 09:52:17,930 [89feb2f7-d50c-4522-98d5-3e9e37dc82b4:group-E597730B948D:LeaderElection73] INFO  server.RaftServerConfigKeys (ConfUtils.java:logGet(43)) - raft.server.watch.timeout = 10s (default)
2019-09-19 09:52:17,930 [89feb2f7-d50c-4522-98d5-3e9e37dc82b4:group-819A78FF67D9:LeaderElection72] INFO  server.RaftServerConfigKeys (ConfUtils.java:logGet(43)) - raft.server.watch.timeout.denomination = 1s (default)
2019-09-19 09:52:17,930 [89feb2f7-d50c-4522-98d5-3e9e37dc82b4:group-E597730B948D:LeaderElection73] INFO  server.RaftServerConfigKeys (ConfUtils.java:logGet(43)) - raft.server.watch.timeout.denomination = 1s (default)
2019-09-19 09:52:17,930 [89feb2f7-d50c-4522-98d5-3e9e37dc82b4:group-819A78FF67D9:LeaderElection72] INFO  server.RaftServerConfigKeys (ConfUtils.java:logGet(43)) - raft.server.watch.element-limit = 65536 (default)
2019-09-19 09:52:17,930 [89feb2f7-d50c-4522-98d5-3e9e37dc82b4:group-E597730B948D:LeaderElection73] INFO  server.RaftServerConfigKeys (ConfUtils.java:logGet(43)) - raft.server.watch.element-limit = 65536 (default)
2019-09-19 09:52:17,931 [89feb2f7-d50c-4522-98d5-3e9e37dc82b4:group-819A78FF67D9:LeaderElection72] INFO  impl.RoleInfo (RoleInfo.java:updateAndGet(143)) - 89feb2f7-d50c-4522-98d5-3e9e37dc82b4: start LeaderState
2019-09-19 09:52:17,931 [89feb2f7-d50c-4522-98d5-3e9e37dc82b4:group-E597730B948D:LeaderElection73] INFO  impl.RoleInfo (RoleInfo.java:updateAndGet(143)) - 89feb2f7-d50c-4522-98d5-3e9e37dc82b4: start LeaderState
2019-09-19 09:52:17,931 [89feb2f7-d50c-4522-98d5-3e9e37dc82b4:group-819A78FF67D9:LeaderElection72] INFO  segmented.SegmentedRaftLogWorker (SegmentedRaftLogWorker.java:startLogSegment(380)) - 89feb2f7-d50c-4522-98d5-3e9e37dc82b4-SegmentedRaftLogWorker:Storage Directory /workdir/hadoop-ozone/ozonefs/target/test-dir/MiniOzoneClusterImpl-f189934c-45ad-4ec0-9247-8ce3942f6bd4/datanode-0/data/ratis/0c4eee37-d467-434b-8f2a-819a78ff67d9: Starting segment from index:0
2019-09-19 09:52:17,931 [89feb2f7-d50c-4522-98d5-3e9e37dc82b4:group-E597730B948D:LeaderElection73] INFO  segmented.SegmentedRaftLogWorker (SegmentedRaftLogWorker.java:startLogSegment(380)) - 89feb2f7-d50c-4522-98d5-3e9e37dc82b4-SegmentedRaftLogWorker:Storage Directory /workdir/hadoop-ozone/ozonefs/target/test-dir/MiniOzoneClusterImpl-f189934c-45ad-4ec0-9247-8ce3942f6bd4/datanode-0/data/ratis/331aab33-ba6d-4cd5-8a7d-e597730b948d: Starting segment from index:0
2019-09-19 09:52:17,932 [89feb2f7-d50c-4522-98d5-3e9e37dc82b4:group-819A78FF67D9:LeaderElection72] INFO  impl.RaftServerImpl (ServerState.java:setRaftConf(361)) - 89feb2f7-d50c-4522-98d5-3e9e37dc82b4:group-819A78FF67D9 set configuration 0: [89feb2f7-d50c-4522-98d5-3e9e37dc82b4:192.168.34.5:38381], old=null at 0
2019-09-19 09:52:17,932 [89feb2f7-d50c-4522-98d5-3e9e37dc82b4:group-E597730B948D:LeaderElection73] INFO  impl.RaftServerImpl (ServerState.java:setRaftConf(361)) - 89feb2f7-d50c-4522-98d5-3e9e37dc82b4:group-E597730B948D set configuration 0: [89feb2f7-d50c-4522-98d5-3e9e37dc82b4:192.168.34.5:38381], old=null at 0
2019-09-19 09:52:17,975 [Thread-1254] INFO  impl.FollowerState (FollowerState.java:run(106)) - 89feb2f7-d50c-4522-98d5-3e9e37dc82b4:group-831B3B2EE43B changes to CANDIDATE, lastRpcTime:5090, electionTimeout:5090ms
2019-09-19 09:52:17,975 [Thread-1254] INFO  impl.RoleInfo (RoleInfo.java:shutdownFollowerState(121)) - 89feb2f7-d50c-4522-98d5-3e9e37dc82b4: shutdown FollowerState
2019-09-19 09:52:17,975 [Thread-1254] INFO  impl.RaftServerImpl (RaftServerImpl.java:setRole(171)) - 89feb2f7-d50c-4522-98d5-3e9e37dc82b4:group-831B3B2EE43B changes role from FOLLOWER to CANDIDATE at term 0 for changeToCandidate
2019-09-19 09:52:17,975 [Thread-1254] INFO  impl.RoleInfo (RoleInfo.java:updateAndGet(143)) - 89feb2f7-d50c-4522-98d5-3e9e37dc82b4: start LeaderElection
2019-09-19 09:52:17,984 [89feb2f7-d50c-4522-98d5-3e9e37dc82b4-SegmentedRaftLogWorker:Storage Directory /workdir/hadoop-ozone/ozonefs/target/test-dir/MiniOzoneClusterImpl-f189934c-45ad-4ec0-9247-8ce3942f6bd4/datanode-0/data/ratis/07a766a8-c879-444e-92b4-f34edd2990f8] INFO  segmented.SegmentedRaftLogWorker (SegmentedRaftLogWorker.java:execute(569)) - 89feb2f7-d50c-4522-98d5-3e9e37dc82b4-SegmentedRaftLogWorker:Storage Directory /workdir/hadoop-ozone/ozonefs/target/test-dir/MiniOzoneClusterImpl-f189934c-45ad-4ec0-9247-8ce3942f6bd4/datanode-0/data/ratis/07a766a8-c879-444e-92b4-f34edd2990f8: created new log segment /workdir/hadoop-ozone/ozonefs/target/test-dir/MiniOzoneClusterImpl-f189934c-45ad-4ec0-9247-8ce3942f6bd4/datanode-0/data/ratis/07a766a8-c879-444e-92b4-f34edd2990f8/current/log_inprogress_0
2019-09-19 09:52:17,984 [89feb2f7-d50c-4522-98d5-3e9e37dc82b4:group-831B3B2EE43B:LeaderElection75] INFO  impl.LeaderElection (LeaderElection.java:askForVotes(181)) - 89feb2f7-d50c-4522-98d5-3e9e37dc82b4:group-831B3B2EE43B:LeaderElection75: begin an election at term 1 for -1: [89feb2f7-d50c-4522-98d5-3e9e37dc82b4:192.168.34.5:38381], old=null
2019-09-19 09:52:17,984 [89feb2f7-d50c-4522-98d5-3e9e37dc82b4-SegmentedRaftLogWorker:Storage Directory /workdir/hadoop-ozone/ozonefs/target/test-dir/MiniOzoneClusterImpl-f189934c-45ad-4ec0-9247-8ce3942f6bd4/datanode-0/data/ratis/331aab33-ba6d-4cd5-8a7d-e597730b948d] INFO  segmented.SegmentedRaftLogWorker (SegmentedRaftLogWorker.java:execute(569)) - 89feb2f7-d50c-4522-98d5-3e9e37dc82b4-SegmentedRaftLogWorker:Storage Directory /workdir/hadoop-ozone/ozonefs/target/test-dir/MiniOzoneClusterImpl-f189934c-45ad-4ec0-9247-8ce3942f6bd4/datanode-0/data/ratis/331aab33-ba6d-4cd5-8a7d-e597730b948d: created new log segment /workdir/hadoop-ozone/ozonefs/target/test-dir/MiniOzoneClusterImpl-f189934c-45ad-4ec0-9247-8ce3942f6bd4/datanode-0/data/ratis/331aab33-ba6d-4cd5-8a7d-e597730b948d/current/log_inprogress_0
2019-09-19 09:52:17,984 [89feb2f7-d50c-4522-98d5-3e9e37dc82b4-SegmentedRaftLogWorker:Storage Directory /workdir/hadoop-ozone/ozonefs/target/test-dir/MiniOzoneClusterImpl-f189934c-45ad-4ec0-9247-8ce3942f6bd4/datanode-0/data/ratis/0c4eee37-d467-434b-8f2a-819a78ff67d9] INFO  segmented.SegmentedRaftLogWorker (SegmentedRaftLogWorker.java:execute(569)) - 89feb2f7-d50c-4522-98d5-3e9e37dc82b4-SegmentedRaftLogWorker:Storage Directory /workdir/hadoop-ozone/ozonefs/target/test-dir/MiniOzoneClusterImpl-f189934c-45ad-4ec0-9247-8ce3942f6bd4/datanode-0/data/ratis/0c4eee37-d467-434b-8f2a-819a78ff67d9: created new log segment /workdir/hadoop-ozone/ozonefs/target/test-dir/MiniOzoneClusterImpl-f189934c-45ad-4ec0-9247-8ce3942f6bd4/datanode-0/data/ratis/0c4eee37-d467-434b-8f2a-819a78ff67d9/current/log_inprogress_0
2019-09-19 09:52:17,984 [89feb2f7-d50c-4522-98d5-3e9e37dc82b4:group-831B3B2EE43B:LeaderElection75] INFO  impl.RoleInfo (RoleInfo.java:shutdownLeaderElection(134)) - 89feb2f7-d50c-4522-98d5-3e9e37dc82b4: shutdown LeaderElection
2019-09-19 09:52:17,985 [89feb2f7-d50c-4522-98d5-3e9e37dc82b4:group-831B3B2EE43B:LeaderElection75] INFO  impl.RaftServerImpl (RaftServerImpl.java:setRole(171)) - 89feb2f7-d50c-4522-98d5-3e9e37dc82b4:group-831B3B2EE43B changes role from CANDIDATE to LEADER at term 1 for changeToLeader
2019-09-19 09:52:17,985 [89feb2f7-d50c-4522-98d5-3e9e37dc82b4:group-831B3B2EE43B:LeaderElection75] INFO  impl.RaftServerImpl (ServerState.java:setLeader(263)) - 89feb2f7-d50c-4522-98d5-3e9e37dc82b4:group-831B3B2EE43B change Leader from null to 89feb2f7-d50c-4522-98d5-3e9e37dc82b4 at term 1 for becomeLeader, leader elected after 5103ms
2019-09-19 09:52:17,985 [89feb2f7-d50c-4522-98d5-3e9e37dc82b4:group-831B3B2EE43B:LeaderElection75] INFO  server.RaftServerConfigKeys (ConfUtils.java:logGet(43)) - raft.server.staging.catchup.gap = 1000 (default)
2019-09-19 09:52:17,985 [89feb2f7-d50c-4522-98d5-3e9e37dc82b4:group-831B3B2EE43B:LeaderElection75] INFO  server.RaftServerConfigKeys (ConfUtils.java:logGet(43)) - raft.server.rpc.sleep.time = 25ms (default)
2019-09-19 09:52:17,985 [89feb2f7-d50c-4522-98d5-3e9e37dc82b4:group-831B3B2EE43B:LeaderElection75] INFO  server.RaftServerConfigKeys (ConfUtils.java:logGet(43)) - raft.server.write.element-limit = 4096 (default)
2019-09-19 09:52:17,985 [89feb2f7-d50c-4522-98d5-3e9e37dc82b4:group-831B3B2EE43B:LeaderElection75] INFO  server.RaftServerConfigKeys (ConfUtils.java:logGet(43)) - raft.server.watch.timeout = 10s (default)
2019-09-19 09:52:17,986 [89feb2f7-d50c-4522-98d5-3e9e37dc82b4:group-831B3B2EE43B:LeaderElection75] INFO  server.RaftServerConfigKeys (ConfUtils.java:logGet(43)) - raft.server.watch.timeout.denomination = 1s (default)
2019-09-19 09:52:17,986 [89feb2f7-d50c-4522-98d5-3e9e37dc82b4:group-831B3B2EE43B:LeaderElection75] INFO  server.RaftServerConfigKeys (ConfUtils.java:logGet(43)) - raft.server.watch.element-limit = 65536 (default)
2019-09-19 09:52:17,986 [89feb2f7-d50c-4522-98d5-3e9e37dc82b4:group-831B3B2EE43B:LeaderElection75] INFO  impl.RoleInfo (RoleInfo.java:updateAndGet(143)) - 89feb2f7-d50c-4522-98d5-3e9e37dc82b4: start LeaderState
2019-09-19 09:52:17,986 [89feb2f7-d50c-4522-98d5-3e9e37dc82b4:group-831B3B2EE43B:LeaderElection75] INFO  segmented.SegmentedRaftLogWorker (SegmentedRaftLogWorker.java:startLogSegment(380)) - 89feb2f7-d50c-4522-98d5-3e9e37dc82b4-SegmentedRaftLogWorker:Storage Directory /workdir/hadoop-ozone/ozonefs/target/test-dir/MiniOzoneClusterImpl-f189934c-45ad-4ec0-9247-8ce3942f6bd4/datanode-0/data/ratis/1623f7db-5a76-4db8-b696-831b3b2ee43b: Starting segment from index:0
2019-09-19 09:52:17,987 [89feb2f7-d50c-4522-98d5-3e9e37dc82b4:group-831B3B2EE43B:LeaderElection75] INFO  impl.RaftServerImpl (ServerState.java:setRaftConf(361)) - 89feb2f7-d50c-4522-98d5-3e9e37dc82b4:group-831B3B2EE43B set configuration 0: [89feb2f7-d50c-4522-98d5-3e9e37dc82b4:192.168.34.5:38381], old=null at 0
2019-09-19 09:52:18,043 [89feb2f7-d50c-4522-98d5-3e9e37dc82b4-SegmentedRaftLogWorker:Storage Directory /workdir/hadoop-ozone/ozonefs/target/test-dir/MiniOzoneClusterImpl-f189934c-45ad-4ec0-9247-8ce3942f6bd4/datanode-0/data/ratis/1623f7db-5a76-4db8-b696-831b3b2ee43b] INFO  segmented.SegmentedRaftLogWorker (SegmentedRaftLogWorker.java:execute(569)) - 89feb2f7-d50c-4522-98d5-3e9e37dc82b4-SegmentedRaftLogWorker:Storage Directory /workdir/hadoop-ozone/ozonefs/target/test-dir/MiniOzoneClusterImpl-f189934c-45ad-4ec0-9247-8ce3942f6bd4/datanode-0/data/ratis/1623f7db-5a76-4db8-b696-831b3b2ee43b: created new log segment /workdir/hadoop-ozone/ozonefs/target/test-dir/MiniOzoneClusterImpl-f189934c-45ad-4ec0-9247-8ce3942f6bd4/datanode-0/data/ratis/1623f7db-5a76-4db8-b696-831b3b2ee43b/current/log_inprogress_0
2019-09-19 09:52:18,046 [Thread-1257] INFO  impl.FollowerState (FollowerState.java:run(106)) - 89feb2f7-d50c-4522-98d5-3e9e37dc82b4:group-B84331ABDC34 changes to CANDIDATE, lastRpcTime:5140, electionTimeout:5140ms
2019-09-19 09:52:18,046 [Thread-1257] INFO  impl.RoleInfo (RoleInfo.java:shutdownFollowerState(121)) - 89feb2f7-d50c-4522-98d5-3e9e37dc82b4: shutdown FollowerState
2019-09-19 09:52:18,046 [Thread-1257] INFO  impl.RaftServerImpl (RaftServerImpl.java:setRole(171)) - 89feb2f7-d50c-4522-98d5-3e9e37dc82b4:group-B84331ABDC34 changes role from FOLLOWER to CANDIDATE at term 0 for changeToCandidate
2019-09-19 09:52:18,046 [Thread-1257] INFO  impl.RoleInfo (RoleInfo.java:updateAndGet(143)) - 89feb2f7-d50c-4522-98d5-3e9e37dc82b4: start LeaderElection
2019-09-19 09:52:18,056 [89feb2f7-d50c-4522-98d5-3e9e37dc82b4:group-B84331ABDC34:LeaderElection76] INFO  impl.LeaderElection (LeaderElection.java:askForVotes(181)) - 89feb2f7-d50c-4522-98d5-3e9e37dc82b4:group-B84331ABDC34:LeaderElection76: begin an election at term 1 for -1: [89feb2f7-d50c-4522-98d5-3e9e37dc82b4:192.168.34.5:38381], old=null
2019-09-19 09:52:18,056 [89feb2f7-d50c-4522-98d5-3e9e37dc82b4:group-B84331ABDC34:LeaderElection76] INFO  impl.RoleInfo (RoleInfo.java:shutdownLeaderElection(134)) - 89feb2f7-d50c-4522-98d5-3e9e37dc82b4: shutdown LeaderElection
2019-09-19 09:52:18,056 [89feb2f7-d50c-4522-98d5-3e9e37dc82b4:group-B84331ABDC34:LeaderElection76] INFO  impl.RaftServerImpl (RaftServerImpl.java:setRole(171)) - 89feb2f7-d50c-4522-98d5-3e9e37dc82b4:group-B84331ABDC34 changes role from CANDIDATE to LEADER at term 1 for changeToLeader
2019-09-19 09:52:18,056 [89feb2f7-d50c-4522-98d5-3e9e37dc82b4:group-B84331ABDC34:LeaderElection76] INFO  impl.RaftServerImpl (ServerState.java:setLeader(263)) - 89feb2f7-d50c-4522-98d5-3e9e37dc82b4:group-B84331ABDC34 change Leader from null to 89feb2f7-d50c-4522-98d5-3e9e37dc82b4 at term 1 for becomeLeader, leader elected after 5153ms
2019-09-19 09:52:18,056 [89feb2f7-d50c-4522-98d5-3e9e37dc82b4:group-B84331ABDC34:LeaderElection76] INFO  server.RaftServerConfigKeys (ConfUtils.java:logGet(43)) - raft.server.staging.catchup.gap = 1000 (default)
2019-09-19 09:52:18,057 [89feb2f7-d50c-4522-98d5-3e9e37dc82b4:group-B84331ABDC34:LeaderElection76] INFO  server.RaftServerConfigKeys (ConfUtils.java:logGet(43)) - raft.server.rpc.sleep.time = 25ms (default)
2019-09-19 09:52:18,057 [89feb2f7-d50c-4522-98d5-3e9e37dc82b4:group-B84331ABDC34:LeaderElection76] INFO  server.RaftServerConfigKeys (ConfUtils.java:logGet(43)) - raft.server.write.element-limit = 4096 (default)
2019-09-19 09:52:18,057 [89feb2f7-d50c-4522-98d5-3e9e37dc82b4:group-B84331ABDC34:LeaderElection76] INFO  server.RaftServerConfigKeys (ConfUtils.java:logGet(43)) - raft.server.watch.timeout = 10s (default)
2019-09-19 09:52:18,057 [89feb2f7-d50c-4522-98d5-3e9e37dc82b4:group-B84331ABDC34:LeaderElection76] INFO  server.RaftServerConfigKeys (ConfUtils.java:logGet(43)) - raft.server.watch.timeout.denomination = 1s (default)
2019-09-19 09:52:18,057 [89feb2f7-d50c-4522-98d5-3e9e37dc82b4:group-B84331ABDC34:LeaderElection76] INFO  server.RaftServerConfigKeys (ConfUtils.java:logGet(43)) - raft.server.watch.element-limit = 65536 (default)
2019-09-19 09:52:18,058 [89feb2f7-d50c-4522-98d5-3e9e37dc82b4:group-B84331ABDC34:LeaderElection76] INFO  impl.RoleInfo (RoleInfo.java:updateAndGet(143)) - 89feb2f7-d50c-4522-98d5-3e9e37dc82b4: start LeaderState
2019-09-19 09:52:18,058 [89feb2f7-d50c-4522-98d5-3e9e37dc82b4:group-B84331ABDC34:LeaderElection76] INFO  segmented.SegmentedRaftLogWorker (SegmentedRaftLogWorker.java:startLogSegment(380)) - 89feb2f7-d50c-4522-98d5-3e9e37dc82b4-SegmentedRaftLogWorker:Storage Directory /workdir/hadoop-ozone/ozonefs/target/test-dir/MiniOzoneClusterImpl-f189934c-45ad-4ec0-9247-8ce3942f6bd4/datanode-0/data/ratis/cac80e25-6062-4452-9cad-b84331abdc34: Starting segment from index:0
2019-09-19 09:52:18,058 [89feb2f7-d50c-4522-98d5-3e9e37dc82b4:group-B84331ABDC34:LeaderElection76] INFO  impl.RaftServerImpl (ServerState.java:setRaftConf(361)) - 89feb2f7-d50c-4522-98d5-3e9e37dc82b4:group-B84331ABDC34 set configuration 0: [89feb2f7-d50c-4522-98d5-3e9e37dc82b4:192.168.34.5:38381], old=null at 0
2019-09-19 09:52:18,065 [Thread-1266] INFO  impl.FollowerState (FollowerState.java:run(106)) - 8309de5e-b995-43dd-884c-2afc220cfbee:group-8A13E0A416BD changes to CANDIDATE, lastRpcTime:5022, electionTimeout:5022ms
2019-09-19 09:52:18,065 [Thread-1266] INFO  impl.RoleInfo (RoleInfo.java:shutdownFollowerState(121)) - 8309de5e-b995-43dd-884c-2afc220cfbee: shutdown FollowerState
2019-09-19 09:52:18,065 [Thread-1266] INFO  impl.RaftServerImpl (RaftServerImpl.java:setRole(171)) - 8309de5e-b995-43dd-884c-2afc220cfbee:group-8A13E0A416BD changes role from FOLLOWER to CANDIDATE at term 0 for changeToCandidate
2019-09-19 09:52:18,065 [Thread-1266] INFO  impl.RoleInfo (RoleInfo.java:updateAndGet(143)) - 8309de5e-b995-43dd-884c-2afc220cfbee: start LeaderElection
2019-09-19 09:52:18,079 [8309de5e-b995-43dd-884c-2afc220cfbee:group-8A13E0A416BD:LeaderElection77] INFO  impl.LeaderElection (LeaderElection.java:askForVotes(181)) - 8309de5e-b995-43dd-884c-2afc220cfbee:group-8A13E0A416BD:LeaderElection77: begin an election at term 1 for -1: [8309de5e-b995-43dd-884c-2afc220cfbee:192.168.34.5:37557], old=null
2019-09-19 09:52:18,079 [8309de5e-b995-43dd-884c-2afc220cfbee:group-8A13E0A416BD:LeaderElection77] INFO  impl.RoleInfo (RoleInfo.java:shutdownLeaderElection(134)) - 8309de5e-b995-43dd-884c-2afc220cfbee: shutdown LeaderElection
2019-09-19 09:52:18,079 [8309de5e-b995-43dd-884c-2afc220cfbee:group-8A13E0A416BD:LeaderElection77] INFO  impl.RaftServerImpl (RaftServerImpl.java:setRole(171)) - 8309de5e-b995-43dd-884c-2afc220cfbee:group-8A13E0A416BD changes role from CANDIDATE to LEADER at term 1 for changeToLeader
2019-09-19 09:52:18,079 [8309de5e-b995-43dd-884c-2afc220cfbee:group-8A13E0A416BD:LeaderElection77] INFO  impl.RaftServerImpl (ServerState.java:setLeader(263)) - 8309de5e-b995-43dd-884c-2afc220cfbee:group-8A13E0A416BD change Leader from null to 8309de5e-b995-43dd-884c-2afc220cfbee at term 1 for becomeLeader, leader elected after 5040ms
2019-09-19 09:52:18,079 [8309de5e-b995-43dd-884c-2afc220cfbee:group-8A13E0A416BD:LeaderElection77] INFO  server.RaftServerConfigKeys (ConfUtils.java:logGet(43)) - raft.server.staging.catchup.gap = 1000 (default)
2019-09-19 09:52:18,080 [8309de5e-b995-43dd-884c-2afc220cfbee:group-8A13E0A416BD:LeaderElection77] INFO  server.RaftServerConfigKeys (ConfUtils.java:logGet(43)) - raft.server.rpc.sleep.time = 25ms (default)
2019-09-19 09:52:18,080 [8309de5e-b995-43dd-884c-2afc220cfbee:group-8A13E0A416BD:LeaderElection77] INFO  server.RaftServerConfigKeys (ConfUtils.java:logGet(43)) - raft.server.write.element-limit = 4096 (default)
2019-09-19 09:52:18,080 [8309de5e-b995-43dd-884c-2afc220cfbee:group-8A13E0A416BD:LeaderElection77] INFO  server.RaftServerConfigKeys (ConfUtils.java:logGet(43)) - raft.server.watch.timeout = 10s (default)
2019-09-19 09:52:18,080 [8309de5e-b995-43dd-884c-2afc220cfbee:group-8A13E0A416BD:LeaderElection77] INFO  server.RaftServerConfigKeys (ConfUtils.java:logGet(43)) - raft.server.watch.timeout.denomination = 1s (default)
2019-09-19 09:52:18,080 [8309de5e-b995-43dd-884c-2afc220cfbee:group-8A13E0A416BD:LeaderElection77] INFO  server.RaftServerConfigKeys (ConfUtils.java:logGet(43)) - raft.server.watch.element-limit = 65536 (default)
2019-09-19 09:52:18,080 [8309de5e-b995-43dd-884c-2afc220cfbee:group-8A13E0A416BD:LeaderElection77] INFO  impl.RoleInfo (RoleInfo.java:updateAndGet(143)) - 8309de5e-b995-43dd-884c-2afc220cfbee: start LeaderState
2019-09-19 09:52:18,081 [8309de5e-b995-43dd-884c-2afc220cfbee:group-8A13E0A416BD:LeaderElection77] INFO  segmented.SegmentedRaftLogWorker (SegmentedRaftLogWorker.java:startLogSegment(380)) - 8309de5e-b995-43dd-884c-2afc220cfbee-SegmentedRaftLogWorker:Storage Directory /workdir/hadoop-ozone/ozonefs/target/test-dir/MiniOzoneClusterImpl-f189934c-45ad-4ec0-9247-8ce3942f6bd4/datanode-1/data/ratis/0dfaae67-20d8-4ed4-bb5a-8a13e0a416bd: Starting segment from index:0
2019-09-19 09:52:18,081 [8309de5e-b995-43dd-884c-2afc220cfbee:group-8A13E0A416BD:LeaderElection77] INFO  impl.RaftServerImpl (ServerState.java:setRaftConf(361)) - 8309de5e-b995-43dd-884c-2afc220cfbee:group-8A13E0A416BD set configuration 0: [8309de5e-b995-43dd-884c-2afc220cfbee:192.168.34.5:37557], old=null at 0
2019-09-19 09:52:18,084 [Thread-1260] INFO  impl.FollowerState (FollowerState.java:run(106)) - 8309de5e-b995-43dd-884c-2afc220cfbee:group-EBC93E4CE50D changes to CANDIDATE, lastRpcTime:5087, electionTimeout:5087ms
2019-09-19 09:52:18,084 [Thread-1260] INFO  impl.RoleInfo (RoleInfo.java:shutdownFollowerState(121)) - 8309de5e-b995-43dd-884c-2afc220cfbee: shutdown FollowerState
2019-09-19 09:52:18,084 [Thread-1260] INFO  impl.RaftServerImpl (RaftServerImpl.java:setRole(171)) - 8309de5e-b995-43dd-884c-2afc220cfbee:group-EBC93E4CE50D changes role from FOLLOWER to CANDIDATE at term 0 for changeToCandidate
2019-09-19 09:52:18,084 [Thread-1260] INFO  impl.RoleInfo (RoleInfo.java:updateAndGet(143)) - 8309de5e-b995-43dd-884c-2afc220cfbee: start LeaderElection
2019-09-19 09:52:18,088 [8309de5e-b995-43dd-884c-2afc220cfbee:group-EBC93E4CE50D:LeaderElection78] INFO  impl.LeaderElection (LeaderElection.java:askForVotes(181)) - 8309de5e-b995-43dd-884c-2afc220cfbee:group-EBC93E4CE50D:LeaderElection78: begin an election at term 1 for -1: [8309de5e-b995-43dd-884c-2afc220cfbee:192.168.34.5:37557], old=null
2019-09-19 09:52:18,088 [8309de5e-b995-43dd-884c-2afc220cfbee:group-EBC93E4CE50D:LeaderElection78] INFO  impl.RoleInfo (RoleInfo.java:shutdownLeaderElection(134)) - 8309de5e-b995-43dd-884c-2afc220cfbee: shutdown LeaderElection
2019-09-19 09:52:18,088 [8309de5e-b995-43dd-884c-2afc220cfbee:group-EBC93E4CE50D:LeaderElection78] INFO  impl.RaftServerImpl (RaftServerImpl.java:setRole(171)) - 8309de5e-b995-43dd-884c-2afc220cfbee:group-EBC93E4CE50D changes role from CANDIDATE to LEADER at term 1 for changeToLeader
2019-09-19 09:52:18,088 [8309de5e-b995-43dd-884c-2afc220cfbee:group-EBC93E4CE50D:LeaderElection78] INFO  impl.RaftServerImpl (ServerState.java:setLeader(263)) - 8309de5e-b995-43dd-884c-2afc220cfbee:group-EBC93E4CE50D change Leader from null to 8309de5e-b995-43dd-884c-2afc220cfbee at term 1 for becomeLeader, leader elected after 5096ms
2019-09-19 09:52:18,089 [8309de5e-b995-43dd-884c-2afc220cfbee:group-EBC93E4CE50D:LeaderElection78] INFO  server.RaftServerConfigKeys (ConfUtils.java:logGet(43)) - raft.server.staging.catchup.gap = 1000 (default)
2019-09-19 09:52:18,089 [8309de5e-b995-43dd-884c-2afc220cfbee:group-EBC93E4CE50D:LeaderElection78] INFO  server.RaftServerConfigKeys (ConfUtils.java:logGet(43)) - raft.server.rpc.sleep.time = 25ms (default)
2019-09-19 09:52:18,089 [8309de5e-b995-43dd-884c-2afc220cfbee:group-EBC93E4CE50D:LeaderElection78] INFO  server.RaftServerConfigKeys (ConfUtils.java:logGet(43)) - raft.server.write.element-limit = 4096 (default)
2019-09-19 09:52:18,089 [8309de5e-b995-43dd-884c-2afc220cfbee:group-EBC93E4CE50D:LeaderElection78] INFO  server.RaftServerConfigKeys (ConfUtils.java:logGet(43)) - raft.server.watch.timeout = 10s (default)
2019-09-19 09:52:18,089 [8309de5e-b995-43dd-884c-2afc220cfbee:group-EBC93E4CE50D:LeaderElection78] INFO  server.RaftServerConfigKeys (ConfUtils.java:logGet(43)) - raft.server.watch.timeout.denomination = 1s (default)
2019-09-19 09:52:18,089 [8309de5e-b995-43dd-884c-2afc220cfbee:group-EBC93E4CE50D:LeaderElection78] INFO  server.RaftServerConfigKeys (ConfUtils.java:logGet(43)) - raft.server.watch.element-limit = 65536 (default)
2019-09-19 09:52:18,090 [8309de5e-b995-43dd-884c-2afc220cfbee:group-EBC93E4CE50D:LeaderElection78] INFO  impl.RoleInfo (RoleInfo.java:updateAndGet(143)) - 8309de5e-b995-43dd-884c-2afc220cfbee: start LeaderState
2019-09-19 09:52:18,090 [8309de5e-b995-43dd-884c-2afc220cfbee:group-EBC93E4CE50D:LeaderElection78] INFO  segmented.SegmentedRaftLogWorker (SegmentedRaftLogWorker.java:startLogSegment(380)) - 8309de5e-b995-43dd-884c-2afc220cfbee-SegmentedRaftLogWorker:Storage Directory /workdir/hadoop-ozone/ozonefs/target/test-dir/MiniOzoneClusterImpl-f189934c-45ad-4ec0-9247-8ce3942f6bd4/datanode-1/data/ratis/91aec30f-ef7f-4a97-8aee-ebc93e4ce50d: Starting segment from index:0
2019-09-19 09:52:18,090 [8309de5e-b995-43dd-884c-2afc220cfbee:group-EBC93E4CE50D:LeaderElection78] INFO  impl.RaftServerImpl (ServerState.java:setRaftConf(361)) - 8309de5e-b995-43dd-884c-2afc220cfbee:group-EBC93E4CE50D set configuration 0: [8309de5e-b995-43dd-884c-2afc220cfbee:192.168.34.5:37557], old=null at 0
2019-09-19 09:52:18,097 [89feb2f7-d50c-4522-98d5-3e9e37dc82b4-SegmentedRaftLogWorker:Storage Directory /workdir/hadoop-ozone/ozonefs/target/test-dir/MiniOzoneClusterImpl-f189934c-45ad-4ec0-9247-8ce3942f6bd4/datanode-0/data/ratis/cac80e25-6062-4452-9cad-b84331abdc34] INFO  segmented.SegmentedRaftLogWorker (SegmentedRaftLogWorker.java:execute(569)) - 89feb2f7-d50c-4522-98d5-3e9e37dc82b4-SegmentedRaftLogWorker:Storage Directory /workdir/hadoop-ozone/ozonefs/target/test-dir/MiniOzoneClusterImpl-f189934c-45ad-4ec0-9247-8ce3942f6bd4/datanode-0/data/ratis/cac80e25-6062-4452-9cad-b84331abdc34: created new log segment /workdir/hadoop-ozone/ozonefs/target/test-dir/MiniOzoneClusterImpl-f189934c-45ad-4ec0-9247-8ce3942f6bd4/datanode-0/data/ratis/cac80e25-6062-4452-9cad-b84331abdc34/current/log_inprogress_0
2019-09-19 09:52:18,121 [Thread-1263] INFO  impl.FollowerState (FollowerState.java:run(106)) - 8309de5e-b995-43dd-884c-2afc220cfbee:group-B3D17897AFC8 changes to CANDIDATE, lastRpcTime:5100, electionTimeout:5100ms
2019-09-19 09:52:18,121 [Thread-1263] INFO  impl.RoleInfo (RoleInfo.java:shutdownFollowerState(121)) - 8309de5e-b995-43dd-884c-2afc220cfbee: shutdown FollowerState
2019-09-19 09:52:18,121 [Thread-1263] INFO  impl.RaftServerImpl (RaftServerImpl.java:setRole(171)) - 8309de5e-b995-43dd-884c-2afc220cfbee:group-B3D17897AFC8 changes role from FOLLOWER to CANDIDATE at term 0 for changeToCandidate
2019-09-19 09:52:18,121 [Thread-1263] INFO  impl.RoleInfo (RoleInfo.java:updateAndGet(143)) - 8309de5e-b995-43dd-884c-2afc220cfbee: start LeaderElection
2019-09-19 09:52:18,122 [8309de5e-b995-43dd-884c-2afc220cfbee-SegmentedRaftLogWorker:Storage Directory /workdir/hadoop-ozone/ozonefs/target/test-dir/MiniOzoneClusterImpl-f189934c-45ad-4ec0-9247-8ce3942f6bd4/datanode-1/data/ratis/0dfaae67-20d8-4ed4-bb5a-8a13e0a416bd] INFO  segmented.SegmentedRaftLogWorker (SegmentedRaftLogWorker.java:execute(569)) - 8309de5e-b995-43dd-884c-2afc220cfbee-SegmentedRaftLogWorker:Storage Directory /workdir/hadoop-ozone/ozonefs/target/test-dir/MiniOzoneClusterImpl-f189934c-45ad-4ec0-9247-8ce3942f6bd4/datanode-1/data/ratis/0dfaae67-20d8-4ed4-bb5a-8a13e0a416bd: created new log segment /workdir/hadoop-ozone/ozonefs/target/test-dir/MiniOzoneClusterImpl-f189934c-45ad-4ec0-9247-8ce3942f6bd4/datanode-1/data/ratis/0dfaae67-20d8-4ed4-bb5a-8a13e0a416bd/current/log_inprogress_0
2019-09-19 09:52:18,127 [8309de5e-b995-43dd-884c-2afc220cfbee-SegmentedRaftLogWorker:Storage Directory /workdir/hadoop-ozone/ozonefs/target/test-dir/MiniOzoneClusterImpl-f189934c-45ad-4ec0-9247-8ce3942f6bd4/datanode-1/data/ratis/91aec30f-ef7f-4a97-8aee-ebc93e4ce50d] INFO  segmented.SegmentedRaftLogWorker (SegmentedRaftLogWorker.java:execute(569)) - 8309de5e-b995-43dd-884c-2afc220cfbee-SegmentedRaftLogWorker:Storage Directory /workdir/hadoop-ozone/ozonefs/target/test-dir/MiniOzoneClusterImpl-f189934c-45ad-4ec0-9247-8ce3942f6bd4/datanode-1/data/ratis/91aec30f-ef7f-4a97-8aee-ebc93e4ce50d: created new log segment /workdir/hadoop-ozone/ozonefs/target/test-dir/MiniOzoneClusterImpl-f189934c-45ad-4ec0-9247-8ce3942f6bd4/datanode-1/data/ratis/91aec30f-ef7f-4a97-8aee-ebc93e4ce50d/current/log_inprogress_0
2019-09-19 09:52:18,128 [8309de5e-b995-43dd-884c-2afc220cfbee:group-B3D17897AFC8:LeaderElection79] INFO  impl.LeaderElection (LeaderElection.java:askForVotes(181)) - 8309de5e-b995-43dd-884c-2afc220cfbee:group-B3D17897AFC8:LeaderElection79: begin an election at term 1 for -1: [8309de5e-b995-43dd-884c-2afc220cfbee:192.168.34.5:37557], old=null
2019-09-19 09:52:18,128 [8309de5e-b995-43dd-884c-2afc220cfbee:group-B3D17897AFC8:LeaderElection79] INFO  impl.RoleInfo (RoleInfo.java:shutdownLeaderElection(134)) - 8309de5e-b995-43dd-884c-2afc220cfbee: shutdown LeaderElection
2019-09-19 09:52:18,129 [8309de5e-b995-43dd-884c-2afc220cfbee:group-B3D17897AFC8:LeaderElection79] INFO  impl.RaftServerImpl (RaftServerImpl.java:setRole(171)) - 8309de5e-b995-43dd-884c-2afc220cfbee:group-B3D17897AFC8 changes role from CANDIDATE to LEADER at term 1 for changeToLeader
2019-09-19 09:52:18,129 [8309de5e-b995-43dd-884c-2afc220cfbee:group-B3D17897AFC8:LeaderElection79] INFO  impl.RaftServerImpl (ServerState.java:setLeader(263)) - 8309de5e-b995-43dd-884c-2afc220cfbee:group-B3D17897AFC8 change Leader from null to 8309de5e-b995-43dd-884c-2afc220cfbee at term 1 for becomeLeader, leader elected after 5111ms
2019-09-19 09:52:18,129 [8309de5e-b995-43dd-884c-2afc220cfbee:group-B3D17897AFC8:LeaderElection79] INFO  server.RaftServerConfigKeys (ConfUtils.java:logGet(43)) - raft.server.staging.catchup.gap = 1000 (default)
2019-09-19 09:52:18,129 [8309de5e-b995-43dd-884c-2afc220cfbee:group-B3D17897AFC8:LeaderElection79] INFO  server.RaftServerConfigKeys (ConfUtils.java:logGet(43)) - raft.server.rpc.sleep.time = 25ms (default)
2019-09-19 09:52:18,129 [8309de5e-b995-43dd-884c-2afc220cfbee:group-B3D17897AFC8:LeaderElection79] INFO  server.RaftServerConfigKeys (ConfUtils.java:logGet(43)) - raft.server.write.element-limit = 4096 (default)
2019-09-19 09:52:18,130 [8309de5e-b995-43dd-884c-2afc220cfbee:group-B3D17897AFC8:LeaderElection79] INFO  server.RaftServerConfigKeys (ConfUtils.java:logGet(43)) - raft.server.watch.timeout = 10s (default)
2019-09-19 09:52:18,130 [8309de5e-b995-43dd-884c-2afc220cfbee:group-B3D17897AFC8:LeaderElection79] INFO  server.RaftServerConfigKeys (ConfUtils.java:logGet(43)) - raft.server.watch.timeout.denomination = 1s (default)
2019-09-19 09:52:18,130 [8309de5e-b995-43dd-884c-2afc220cfbee:group-B3D17897AFC8:LeaderElection79] INFO  server.RaftServerConfigKeys (ConfUtils.java:logGet(43)) - raft.server.watch.element-limit = 65536 (default)
2019-09-19 09:52:18,130 [8309de5e-b995-43dd-884c-2afc220cfbee:group-B3D17897AFC8:LeaderElection79] INFO  impl.RoleInfo (RoleInfo.java:updateAndGet(143)) - 8309de5e-b995-43dd-884c-2afc220cfbee: start LeaderState
2019-09-19 09:52:18,130 [8309de5e-b995-43dd-884c-2afc220cfbee:group-B3D17897AFC8:LeaderElection79] INFO  segmented.SegmentedRaftLogWorker (SegmentedRaftLogWorker.java:startLogSegment(380)) - 8309de5e-b995-43dd-884c-2afc220cfbee-SegmentedRaftLogWorker:Storage Directory /workdir/hadoop-ozone/ozonefs/target/test-dir/MiniOzoneClusterImpl-f189934c-45ad-4ec0-9247-8ce3942f6bd4/datanode-1/data/ratis/16c320d1-ffd0-45ca-8a71-b3d17897afc8: Starting segment from index:0
2019-09-19 09:52:18,131 [8309de5e-b995-43dd-884c-2afc220cfbee:group-B3D17897AFC8:LeaderElection79] INFO  impl.RaftServerImpl (ServerState.java:setRaftConf(361)) - 8309de5e-b995-43dd-884c-2afc220cfbee:group-B3D17897AFC8 set configuration 0: [8309de5e-b995-43dd-884c-2afc220cfbee:192.168.34.5:37557], old=null at 0
2019-09-19 09:52:18,182 [8309de5e-b995-43dd-884c-2afc220cfbee-SegmentedRaftLogWorker:Storage Directory /workdir/hadoop-ozone/ozonefs/target/test-dir/MiniOzoneClusterImpl-f189934c-45ad-4ec0-9247-8ce3942f6bd4/datanode-1/data/ratis/16c320d1-ffd0-45ca-8a71-b3d17897afc8] INFO  segmented.SegmentedRaftLogWorker (SegmentedRaftLogWorker.java:execute(569)) - 8309de5e-b995-43dd-884c-2afc220cfbee-SegmentedRaftLogWorker:Storage Directory /workdir/hadoop-ozone/ozonefs/target/test-dir/MiniOzoneClusterImpl-f189934c-45ad-4ec0-9247-8ce3942f6bd4/datanode-1/data/ratis/16c320d1-ffd0-45ca-8a71-b3d17897afc8: created new log segment /workdir/hadoop-ozone/ozonefs/target/test-dir/MiniOzoneClusterImpl-f189934c-45ad-4ec0-9247-8ce3942f6bd4/datanode-1/data/ratis/16c320d1-ffd0-45ca-8a71-b3d17897afc8/current/log_inprogress_0
2019-09-19 09:52:18,183 [Thread-1269] INFO  impl.FollowerState (FollowerState.java:run(106)) - 8309de5e-b995-43dd-884c-2afc220cfbee:group-BD257422999D changes to CANDIDATE, lastRpcTime:5078, electionTimeout:5075ms
2019-09-19 09:52:18,183 [Thread-1269] INFO  impl.RoleInfo (RoleInfo.java:shutdownFollowerState(121)) - 8309de5e-b995-43dd-884c-2afc220cfbee: shutdown FollowerState
2019-09-19 09:52:18,183 [Thread-1269] INFO  impl.RaftServerImpl (RaftServerImpl.java:setRole(171)) - 8309de5e-b995-43dd-884c-2afc220cfbee:group-BD257422999D changes role from FOLLOWER to CANDIDATE at term 0 for changeToCandidate
2019-09-19 09:52:18,183 [Thread-1269] INFO  impl.RoleInfo (RoleInfo.java:updateAndGet(143)) - 8309de5e-b995-43dd-884c-2afc220cfbee: start LeaderElection
2019-09-19 09:52:18,190 [Thread-1272] INFO  impl.FollowerState (FollowerState.java:run(106)) - 8309de5e-b995-43dd-884c-2afc220cfbee:group-8112067DF1EE changes to CANDIDATE, lastRpcTime:5029, electionTimeout:5029ms
2019-09-19 09:52:18,190 [Thread-1272] INFO  impl.RoleInfo (RoleInfo.java:shutdownFollowerState(121)) - 8309de5e-b995-43dd-884c-2afc220cfbee: shutdown FollowerState
2019-09-19 09:52:18,190 [Thread-1272] INFO  impl.RaftServerImpl (RaftServerImpl.java:setRole(171)) - 8309de5e-b995-43dd-884c-2afc220cfbee:group-8112067DF1EE changes role from FOLLOWER to CANDIDATE at term 0 for changeToCandidate
2019-09-19 09:52:18,190 [Thread-1272] INFO  impl.RoleInfo (RoleInfo.java:updateAndGet(143)) - 8309de5e-b995-43dd-884c-2afc220cfbee: start LeaderElection
2019-09-19 09:52:18,209 [8309de5e-b995-43dd-884c-2afc220cfbee:group-8112067DF1EE:LeaderElection81] INFO  impl.LeaderElection (LeaderElection.java:askForVotes(181)) - 8309de5e-b995-43dd-884c-2afc220cfbee:group-8112067DF1EE:LeaderElection81: begin an election at term 1 for -1: [8309de5e-b995-43dd-884c-2afc220cfbee:192.168.34.5:37557], old=null
2019-09-19 09:52:18,209 [8309de5e-b995-43dd-884c-2afc220cfbee:group-BD257422999D:LeaderElection80] INFO  impl.LeaderElection (LeaderElection.java:askForVotes(181)) - 8309de5e-b995-43dd-884c-2afc220cfbee:group-BD257422999D:LeaderElection80: begin an election at term 1 for -1: [8309de5e-b995-43dd-884c-2afc220cfbee:192.168.34.5:37557], old=null
2019-09-19 09:52:18,209 [8309de5e-b995-43dd-884c-2afc220cfbee:group-8112067DF1EE:LeaderElection81] INFO  impl.RoleInfo (RoleInfo.java:shutdownLeaderElection(134)) - 8309de5e-b995-43dd-884c-2afc220cfbee: shutdown LeaderElection
2019-09-19 09:52:18,209 [8309de5e-b995-43dd-884c-2afc220cfbee:group-BD257422999D:LeaderElection80] INFO  impl.RoleInfo (RoleInfo.java:shutdownLeaderElection(134)) - 8309de5e-b995-43dd-884c-2afc220cfbee: shutdown LeaderElection
2019-09-19 09:52:18,209 [8309de5e-b995-43dd-884c-2afc220cfbee:group-8112067DF1EE:LeaderElection81] INFO  impl.RaftServerImpl (RaftServerImpl.java:setRole(171)) - 8309de5e-b995-43dd-884c-2afc220cfbee:group-8112067DF1EE changes role from CANDIDATE to LEADER at term 1 for changeToLeader
2019-09-19 09:52:18,209 [8309de5e-b995-43dd-884c-2afc220cfbee:group-BD257422999D:LeaderElection80] INFO  impl.RaftServerImpl (RaftServerImpl.java:setRole(171)) - 8309de5e-b995-43dd-884c-2afc220cfbee:group-BD257422999D changes role from CANDIDATE to LEADER at term 1 for changeToLeader
2019-09-19 09:52:18,209 [8309de5e-b995-43dd-884c-2afc220cfbee:group-8112067DF1EE:LeaderElection81] INFO  impl.RaftServerImpl (ServerState.java:setLeader(263)) - 8309de5e-b995-43dd-884c-2afc220cfbee:group-8112067DF1EE change Leader from null to 8309de5e-b995-43dd-884c-2afc220cfbee at term 1 for becomeLeader, leader elected after 5051ms
2019-09-19 09:52:18,209 [8309de5e-b995-43dd-884c-2afc220cfbee:group-BD257422999D:LeaderElection80] INFO  impl.RaftServerImpl (ServerState.java:setLeader(263)) - 8309de5e-b995-43dd-884c-2afc220cfbee:group-BD257422999D change Leader from null to 8309de5e-b995-43dd-884c-2afc220cfbee at term 1 for becomeLeader, leader elected after 5108ms
2019-09-19 09:52:18,210 [8309de5e-b995-43dd-884c-2afc220cfbee:group-8112067DF1EE:LeaderElection81] INFO  server.RaftServerConfigKeys (ConfUtils.java:logGet(43)) - raft.server.staging.catchup.gap = 1000 (default)
2019-09-19 09:52:18,210 [8309de5e-b995-43dd-884c-2afc220cfbee:group-BD257422999D:LeaderElection80] INFO  server.RaftServerConfigKeys (ConfUtils.java:logGet(43)) - raft.server.staging.catchup.gap = 1000 (default)
2019-09-19 09:52:18,210 [8309de5e-b995-43dd-884c-2afc220cfbee:group-8112067DF1EE:LeaderElection81] INFO  server.RaftServerConfigKeys (ConfUtils.java:logGet(43)) - raft.server.rpc.sleep.time = 25ms (default)
2019-09-19 09:52:18,210 [8309de5e-b995-43dd-884c-2afc220cfbee:group-BD257422999D:LeaderElection80] INFO  server.RaftServerConfigKeys (ConfUtils.java:logGet(43)) - raft.server.rpc.sleep.time = 25ms (default)
2019-09-19 09:52:18,210 [8309de5e-b995-43dd-884c-2afc220cfbee:group-8112067DF1EE:LeaderElection81] INFO  server.RaftServerConfigKeys (ConfUtils.java:logGet(43)) - raft.server.write.element-limit = 4096 (default)
2019-09-19 09:52:18,210 [8309de5e-b995-43dd-884c-2afc220cfbee:group-BD257422999D:LeaderElection80] INFO  server.RaftServerConfigKeys (ConfUtils.java:logGet(43)) - raft.server.write.element-limit = 4096 (default)
2019-09-19 09:52:18,210 [8309de5e-b995-43dd-884c-2afc220cfbee:group-8112067DF1EE:LeaderElection81] INFO  server.RaftServerConfigKeys (ConfUtils.java:logGet(43)) - raft.server.watch.timeout = 10s (default)
2019-09-19 09:52:18,210 [8309de5e-b995-43dd-884c-2afc220cfbee:group-BD257422999D:LeaderElection80] INFO  server.RaftServerConfigKeys (ConfUtils.java:logGet(43)) - raft.server.watch.timeout = 10s (default)
2019-09-19 09:52:18,211 [8309de5e-b995-43dd-884c-2afc220cfbee:group-8112067DF1EE:LeaderElection81] INFO  server.RaftServerConfigKeys (ConfUtils.java:logGet(43)) - raft.server.watch.timeout.denomination = 1s (default)
2019-09-19 09:52:18,211 [8309de5e-b995-43dd-884c-2afc220cfbee:group-BD257422999D:LeaderElection80] INFO  server.RaftServerConfigKeys (ConfUtils.java:logGet(43)) - raft.server.watch.timeout.denomination = 1s (default)
2019-09-19 09:52:18,211 [8309de5e-b995-43dd-884c-2afc220cfbee:group-8112067DF1EE:LeaderElection81] INFO  server.RaftServerConfigKeys (ConfUtils.java:logGet(43)) - raft.server.watch.element-limit = 65536 (default)
2019-09-19 09:52:18,211 [8309de5e-b995-43dd-884c-2afc220cfbee:group-BD257422999D:LeaderElection80] INFO  server.RaftServerConfigKeys (ConfUtils.java:logGet(43)) - raft.server.watch.element-limit = 65536 (default)
2019-09-19 09:52:18,211 [8309de5e-b995-43dd-884c-2afc220cfbee:group-8112067DF1EE:LeaderElection81] INFO  impl.RoleInfo (RoleInfo.java:updateAndGet(143)) - 8309de5e-b995-43dd-884c-2afc220cfbee: start LeaderState
2019-09-19 09:52:18,211 [8309de5e-b995-43dd-884c-2afc220cfbee:group-BD257422999D:LeaderElection80] INFO  impl.RoleInfo (RoleInfo.java:updateAndGet(143)) - 8309de5e-b995-43dd-884c-2afc220cfbee: start LeaderState
2019-09-19 09:52:18,211 [8309de5e-b995-43dd-884c-2afc220cfbee:group-8112067DF1EE:LeaderElection81] INFO  segmented.SegmentedRaftLogWorker (SegmentedRaftLogWorker.java:startLogSegment(380)) - 8309de5e-b995-43dd-884c-2afc220cfbee-SegmentedRaftLogWorker:Storage Directory /workdir/hadoop-ozone/ozonefs/target/test-dir/MiniOzoneClusterImpl-f189934c-45ad-4ec0-9247-8ce3942f6bd4/datanode-1/data/ratis/37ddf7d2-1535-404e-9cb1-8112067df1ee: Starting segment from index:0
2019-09-19 09:52:18,212 [8309de5e-b995-43dd-884c-2afc220cfbee:group-BD257422999D:LeaderElection80] INFO  segmented.SegmentedRaftLogWorker (SegmentedRaftLogWorker.java:startLogSegment(380)) - 8309de5e-b995-43dd-884c-2afc220cfbee-SegmentedRaftLogWorker:Storage Directory /workdir/hadoop-ozone/ozonefs/target/test-dir/MiniOzoneClusterImpl-f189934c-45ad-4ec0-9247-8ce3942f6bd4/datanode-1/data/ratis/0cc9a433-294d-4207-a193-bd257422999d: Starting segment from index:0
2019-09-19 09:52:18,212 [8309de5e-b995-43dd-884c-2afc220cfbee:group-8112067DF1EE:LeaderElection81] INFO  impl.RaftServerImpl (ServerState.java:setRaftConf(361)) - 8309de5e-b995-43dd-884c-2afc220cfbee:group-8112067DF1EE set configuration 0: [8309de5e-b995-43dd-884c-2afc220cfbee:192.168.34.5:37557], old=null at 0
2019-09-19 09:52:18,212 [8309de5e-b995-43dd-884c-2afc220cfbee:group-BD257422999D:LeaderElection80] INFO  impl.RaftServerImpl (ServerState.java:setRaftConf(361)) - 8309de5e-b995-43dd-884c-2afc220cfbee:group-BD257422999D set configuration 0: [8309de5e-b995-43dd-884c-2afc220cfbee:192.168.34.5:37557], old=null at 0
2019-09-19 09:52:18,222 | INFO  | SCMAudit | user=jenkins1000 | ip=192.168.34.5 | op=SEND_HEARTBEAT {datanodeUUID=b401d7ef-c1f5-49e9-9ce5-0be3b3216b3d, command=[]} | ret=SUCCESS |  
2019-09-19 09:52:18,267 [8309de5e-b995-43dd-884c-2afc220cfbee-SegmentedRaftLogWorker:Storage Directory /workdir/hadoop-ozone/ozonefs/target/test-dir/MiniOzoneClusterImpl-f189934c-45ad-4ec0-9247-8ce3942f6bd4/datanode-1/data/ratis/0cc9a433-294d-4207-a193-bd257422999d] INFO  segmented.SegmentedRaftLogWorker (SegmentedRaftLogWorker.java:execute(569)) - 8309de5e-b995-43dd-884c-2afc220cfbee-SegmentedRaftLogWorker:Storage Directory /workdir/hadoop-ozone/ozonefs/target/test-dir/MiniOzoneClusterImpl-f189934c-45ad-4ec0-9247-8ce3942f6bd4/datanode-1/data/ratis/0cc9a433-294d-4207-a193-bd257422999d: created new log segment /workdir/hadoop-ozone/ozonefs/target/test-dir/MiniOzoneClusterImpl-f189934c-45ad-4ec0-9247-8ce3942f6bd4/datanode-1/data/ratis/0cc9a433-294d-4207-a193-bd257422999d/current/log_inprogress_0
2019-09-19 09:52:18,267 [8309de5e-b995-43dd-884c-2afc220cfbee-SegmentedRaftLogWorker:Storage Directory /workdir/hadoop-ozone/ozonefs/target/test-dir/MiniOzoneClusterImpl-f189934c-45ad-4ec0-9247-8ce3942f6bd4/datanode-1/data/ratis/37ddf7d2-1535-404e-9cb1-8112067df1ee] INFO  segmented.SegmentedRaftLogWorker (SegmentedRaftLogWorker.java:execute(569)) - 8309de5e-b995-43dd-884c-2afc220cfbee-SegmentedRaftLogWorker:Storage Directory /workdir/hadoop-ozone/ozonefs/target/test-dir/MiniOzoneClusterImpl-f189934c-45ad-4ec0-9247-8ce3942f6bd4/datanode-1/data/ratis/37ddf7d2-1535-404e-9cb1-8112067df1ee: created new log segment /workdir/hadoop-ozone/ozonefs/target/test-dir/MiniOzoneClusterImpl-f189934c-45ad-4ec0-9247-8ce3942f6bd4/datanode-1/data/ratis/37ddf7d2-1535-404e-9cb1-8112067df1ee/current/log_inprogress_0
2019-09-19 09:52:18,282 [Thread-1275] INFO  impl.FollowerState (FollowerState.java:run(106)) - 8309de5e-b995-43dd-884c-2afc220cfbee:group-0A5CE2997857 changes to CANDIDATE, lastRpcTime:5078, electionTimeout:5078ms
2019-09-19 09:52:18,282 [Thread-1275] INFO  impl.RoleInfo (RoleInfo.java:shutdownFollowerState(121)) - 8309de5e-b995-43dd-884c-2afc220cfbee: shutdown FollowerState
2019-09-19 09:52:18,282 [Thread-1275] INFO  impl.RaftServerImpl (RaftServerImpl.java:setRole(171)) - 8309de5e-b995-43dd-884c-2afc220cfbee:group-0A5CE2997857 changes role from FOLLOWER to CANDIDATE at term 0 for changeToCandidate
2019-09-19 09:52:18,282 [Thread-1275] INFO  impl.RoleInfo (RoleInfo.java:updateAndGet(143)) - 8309de5e-b995-43dd-884c-2afc220cfbee: start LeaderElection
2019-09-19 09:52:18,303 [Thread-1278] INFO  impl.FollowerState (FollowerState.java:run(106)) - b401d7ef-c1f5-49e9-9ce5-0be3b3216b3d:group-C83EE6463275 changes to CANDIDATE, lastRpcTime:5041, electionTimeout:5041ms
2019-09-19 09:52:18,304 [Thread-1278] INFO  impl.RoleInfo (RoleInfo.java:shutdownFollowerState(121)) - b401d7ef-c1f5-49e9-9ce5-0be3b3216b3d: shutdown FollowerState
2019-09-19 09:52:18,304 [Thread-1278] INFO  impl.RaftServerImpl (RaftServerImpl.java:setRole(171)) - b401d7ef-c1f5-49e9-9ce5-0be3b3216b3d:group-C83EE6463275 changes role from FOLLOWER to CANDIDATE at term 0 for changeToCandidate
2019-09-19 09:52:18,304 [Thread-1278] INFO  impl.RoleInfo (RoleInfo.java:updateAndGet(143)) - b401d7ef-c1f5-49e9-9ce5-0be3b3216b3d: start LeaderElection
2019-09-19 09:52:18,308 [8309de5e-b995-43dd-884c-2afc220cfbee:group-0A5CE2997857:LeaderElection82] INFO  impl.LeaderElection (LeaderElection.java:askForVotes(181)) - 8309de5e-b995-43dd-884c-2afc220cfbee:group-0A5CE2997857:LeaderElection82: begin an election at term 1 for -1: [8309de5e-b995-43dd-884c-2afc220cfbee:192.168.34.5:37557], old=null
2019-09-19 09:52:18,308 [8309de5e-b995-43dd-884c-2afc220cfbee:group-0A5CE2997857:LeaderElection82] INFO  impl.RoleInfo (RoleInfo.java:shutdownLeaderElection(134)) - 8309de5e-b995-43dd-884c-2afc220cfbee: shutdown LeaderElection
2019-09-19 09:52:18,308 [8309de5e-b995-43dd-884c-2afc220cfbee:group-0A5CE2997857:LeaderElection82] INFO  impl.RaftServerImpl (RaftServerImpl.java:setRole(171)) - 8309de5e-b995-43dd-884c-2afc220cfbee:group-0A5CE2997857 changes role from CANDIDATE to LEADER at term 1 for changeToLeader
2019-09-19 09:52:18,308 [8309de5e-b995-43dd-884c-2afc220cfbee:group-0A5CE2997857:LeaderElection82] INFO  impl.RaftServerImpl (ServerState.java:setLeader(263)) - 8309de5e-b995-43dd-884c-2afc220cfbee:group-0A5CE2997857 change Leader from null to 8309de5e-b995-43dd-884c-2afc220cfbee at term 1 for becomeLeader, leader elected after 5108ms
2019-09-19 09:52:18,308 [8309de5e-b995-43dd-884c-2afc220cfbee:group-0A5CE2997857:LeaderElection82] INFO  server.RaftServerConfigKeys (ConfUtils.java:logGet(43)) - raft.server.staging.catchup.gap = 1000 (default)
2019-09-19 09:52:18,309 [8309de5e-b995-43dd-884c-2afc220cfbee:group-0A5CE2997857:LeaderElection82] INFO  server.RaftServerConfigKeys (ConfUtils.java:logGet(43)) - raft.server.rpc.sleep.time = 25ms (default)
2019-09-19 09:52:18,309 [8309de5e-b995-43dd-884c-2afc220cfbee:group-0A5CE2997857:LeaderElection82] INFO  server.RaftServerConfigKeys (ConfUtils.java:logGet(43)) - raft.server.write.element-limit = 4096 (default)
2019-09-19 09:52:18,309 [8309de5e-b995-43dd-884c-2afc220cfbee:group-0A5CE2997857:LeaderElection82] INFO  server.RaftServerConfigKeys (ConfUtils.java:logGet(43)) - raft.server.watch.timeout = 10s (default)
2019-09-19 09:52:18,309 [8309de5e-b995-43dd-884c-2afc220cfbee:group-0A5CE2997857:LeaderElection82] INFO  server.RaftServerConfigKeys (ConfUtils.java:logGet(43)) - raft.server.watch.timeout.denomination = 1s (default)
2019-09-19 09:52:18,309 [b401d7ef-c1f5-49e9-9ce5-0be3b3216b3d:group-C83EE6463275:LeaderElection83] INFO  impl.LeaderElection (LeaderElection.java:askForVotes(181)) - b401d7ef-c1f5-49e9-9ce5-0be3b3216b3d:group-C83EE6463275:LeaderElection83: begin an election at term 1 for -1: [b401d7ef-c1f5-49e9-9ce5-0be3b3216b3d:192.168.34.5:33431], old=null
2019-09-19 09:52:18,309 [8309de5e-b995-43dd-884c-2afc220cfbee:group-0A5CE2997857:LeaderElection82] INFO  server.RaftServerConfigKeys (ConfUtils.java:logGet(43)) - raft.server.watch.element-limit = 65536 (default)
2019-09-19 09:52:18,310 [b401d7ef-c1f5-49e9-9ce5-0be3b3216b3d:group-C83EE6463275:LeaderElection83] INFO  impl.RoleInfo (RoleInfo.java:shutdownLeaderElection(134)) - b401d7ef-c1f5-49e9-9ce5-0be3b3216b3d: shutdown LeaderElection
2019-09-19 09:52:18,310 [8309de5e-b995-43dd-884c-2afc220cfbee:group-0A5CE2997857:LeaderElection82] INFO  impl.RoleInfo (RoleInfo.java:updateAndGet(143)) - 8309de5e-b995-43dd-884c-2afc220cfbee: start LeaderState
2019-09-19 09:52:18,310 [b401d7ef-c1f5-49e9-9ce5-0be3b3216b3d:group-C83EE6463275:LeaderElection83] INFO  impl.RaftServerImpl (RaftServerImpl.java:setRole(171)) - b401d7ef-c1f5-49e9-9ce5-0be3b3216b3d:group-C83EE6463275 changes role from CANDIDATE to LEADER at term 1 for changeToLeader
2019-09-19 09:52:18,310 [b401d7ef-c1f5-49e9-9ce5-0be3b3216b3d:group-C83EE6463275:LeaderElection83] INFO  impl.RaftServerImpl (ServerState.java:setLeader(263)) - b401d7ef-c1f5-49e9-9ce5-0be3b3216b3d:group-C83EE6463275 change Leader from null to b401d7ef-c1f5-49e9-9ce5-0be3b3216b3d at term 1 for becomeLeader, leader elected after 5051ms
2019-09-19 09:52:18,310 [8309de5e-b995-43dd-884c-2afc220cfbee:group-0A5CE2997857:LeaderElection82] INFO  segmented.SegmentedRaftLogWorker (SegmentedRaftLogWorker.java:startLogSegment(380)) - 8309de5e-b995-43dd-884c-2afc220cfbee-SegmentedRaftLogWorker:Storage Directory /workdir/hadoop-ozone/ozonefs/target/test-dir/MiniOzoneClusterImpl-f189934c-45ad-4ec0-9247-8ce3942f6bd4/datanode-1/data/ratis/ab4ae956-e79a-409d-b1c0-0a5ce2997857: Starting segment from index:0
2019-09-19 09:52:18,310 [b401d7ef-c1f5-49e9-9ce5-0be3b3216b3d:group-C83EE6463275:LeaderElection83] INFO  server.RaftServerConfigKeys (ConfUtils.java:logGet(43)) - raft.server.staging.catchup.gap = 1000 (default)
2019-09-19 09:52:18,311 [b401d7ef-c1f5-49e9-9ce5-0be3b3216b3d:group-C83EE6463275:LeaderElection83] INFO  server.RaftServerConfigKeys (ConfUtils.java:logGet(43)) - raft.server.rpc.sleep.time = 25ms (default)
2019-09-19 09:52:18,311 [b401d7ef-c1f5-49e9-9ce5-0be3b3216b3d:group-C83EE6463275:LeaderElection83] INFO  server.RaftServerConfigKeys (ConfUtils.java:logGet(43)) - raft.server.write.element-limit = 4096 (default)
2019-09-19 09:52:18,311 [8309de5e-b995-43dd-884c-2afc220cfbee:group-0A5CE2997857:LeaderElection82] INFO  impl.RaftServerImpl (ServerState.java:setRaftConf(361)) - 8309de5e-b995-43dd-884c-2afc220cfbee:group-0A5CE2997857 set configuration 0: [8309de5e-b995-43dd-884c-2afc220cfbee:192.168.34.5:37557], old=null at 0
2019-09-19 09:52:18,311 [b401d7ef-c1f5-49e9-9ce5-0be3b3216b3d:group-C83EE6463275:LeaderElection83] INFO  server.RaftServerConfigKeys (ConfUtils.java:logGet(43)) - raft.server.watch.timeout = 10s (default)
2019-09-19 09:52:18,311 [b401d7ef-c1f5-49e9-9ce5-0be3b3216b3d:group-C83EE6463275:LeaderElection83] INFO  server.RaftServerConfigKeys (ConfUtils.java:logGet(43)) - raft.server.watch.timeout.denomination = 1s (default)
2019-09-19 09:52:18,312 [b401d7ef-c1f5-49e9-9ce5-0be3b3216b3d:group-C83EE6463275:LeaderElection83] INFO  server.RaftServerConfigKeys (ConfUtils.java:logGet(43)) - raft.server.watch.element-limit = 65536 (default)
2019-09-19 09:52:18,312 [b401d7ef-c1f5-49e9-9ce5-0be3b3216b3d:group-C83EE6463275:LeaderElection83] INFO  impl.RoleInfo (RoleInfo.java:updateAndGet(143)) - b401d7ef-c1f5-49e9-9ce5-0be3b3216b3d: start LeaderState
2019-09-19 09:52:18,312 [b401d7ef-c1f5-49e9-9ce5-0be3b3216b3d:group-C83EE6463275:LeaderElection83] INFO  segmented.SegmentedRaftLogWorker (SegmentedRaftLogWorker.java:startLogSegment(380)) - b401d7ef-c1f5-49e9-9ce5-0be3b3216b3d-SegmentedRaftLogWorker:Storage Directory /workdir/hadoop-ozone/ozonefs/target/test-dir/MiniOzoneClusterImpl-f189934c-45ad-4ec0-9247-8ce3942f6bd4/datanode-2/data/ratis/776afbde-60c5-4a4f-9c61-c83ee6463275: Starting segment from index:0
2019-09-19 09:52:18,313 [b401d7ef-c1f5-49e9-9ce5-0be3b3216b3d:group-C83EE6463275:LeaderElection83] INFO  impl.RaftServerImpl (ServerState.java:setRaftConf(361)) - b401d7ef-c1f5-49e9-9ce5-0be3b3216b3d:group-C83EE6463275 set configuration 0: [b401d7ef-c1f5-49e9-9ce5-0be3b3216b3d:192.168.34.5:33431], old=null at 0
2019-09-19 09:52:18,316 [Thread-1281] INFO  impl.FollowerState (FollowerState.java:run(106)) - b401d7ef-c1f5-49e9-9ce5-0be3b3216b3d:group-DA1649645A47 changes to CANDIDATE, lastRpcTime:5011, electionTimeout:5011ms
2019-09-19 09:52:18,316 [Thread-1281] INFO  impl.RoleInfo (RoleInfo.java:shutdownFollowerState(121)) - b401d7ef-c1f5-49e9-9ce5-0be3b3216b3d: shutdown FollowerState
2019-09-19 09:52:18,316 [Thread-1281] INFO  impl.RaftServerImpl (RaftServerImpl.java:setRole(171)) - b401d7ef-c1f5-49e9-9ce5-0be3b3216b3d:group-DA1649645A47 changes role from FOLLOWER to CANDIDATE at term 0 for changeToCandidate
2019-09-19 09:52:18,316 [Thread-1281] INFO  impl.RoleInfo (RoleInfo.java:updateAndGet(143)) - b401d7ef-c1f5-49e9-9ce5-0be3b3216b3d: start LeaderElection
2019-09-19 09:52:18,330 [b401d7ef-c1f5-49e9-9ce5-0be3b3216b3d:group-DA1649645A47:LeaderElection84] INFO  impl.LeaderElection (LeaderElection.java:askForVotes(181)) - b401d7ef-c1f5-49e9-9ce5-0be3b3216b3d:group-DA1649645A47:LeaderElection84: begin an election at term 1 for -1: [b401d7ef-c1f5-49e9-9ce5-0be3b3216b3d:192.168.34.5:33431], old=null
2019-09-19 09:52:18,330 [b401d7ef-c1f5-49e9-9ce5-0be3b3216b3d:group-DA1649645A47:LeaderElection84] INFO  impl.RoleInfo (RoleInfo.java:shutdownLeaderElection(134)) - b401d7ef-c1f5-49e9-9ce5-0be3b3216b3d: shutdown LeaderElection
2019-09-19 09:52:18,330 [b401d7ef-c1f5-49e9-9ce5-0be3b3216b3d:group-DA1649645A47:LeaderElection84] INFO  impl.RaftServerImpl (RaftServerImpl.java:setRole(171)) - b401d7ef-c1f5-49e9-9ce5-0be3b3216b3d:group-DA1649645A47 changes role from CANDIDATE to LEADER at term 1 for changeToLeader
2019-09-19 09:52:18,330 [b401d7ef-c1f5-49e9-9ce5-0be3b3216b3d:group-DA1649645A47:LeaderElection84] INFO  impl.RaftServerImpl (ServerState.java:setLeader(263)) - b401d7ef-c1f5-49e9-9ce5-0be3b3216b3d:group-DA1649645A47 change Leader from null to b401d7ef-c1f5-49e9-9ce5-0be3b3216b3d at term 1 for becomeLeader, leader elected after 5030ms
2019-09-19 09:52:18,331 [b401d7ef-c1f5-49e9-9ce5-0be3b3216b3d:group-DA1649645A47:LeaderElection84] INFO  server.RaftServerConfigKeys (ConfUtils.java:logGet(43)) - raft.server.staging.catchup.gap = 1000 (default)
2019-09-19 09:52:18,331 [b401d7ef-c1f5-49e9-9ce5-0be3b3216b3d:group-DA1649645A47:LeaderElection84] INFO  server.RaftServerConfigKeys (ConfUtils.java:logGet(43)) - raft.server.rpc.sleep.time = 25ms (default)
2019-09-19 09:52:18,331 [b401d7ef-c1f5-49e9-9ce5-0be3b3216b3d:group-DA1649645A47:LeaderElection84] INFO  server.RaftServerConfigKeys (ConfUtils.java:logGet(43)) - raft.server.write.element-limit = 4096 (default)
2019-09-19 09:52:18,331 [b401d7ef-c1f5-49e9-9ce5-0be3b3216b3d:group-DA1649645A47:LeaderElection84] INFO  server.RaftServerConfigKeys (ConfUtils.java:logGet(43)) - raft.server.watch.timeout = 10s (default)
2019-09-19 09:52:18,331 [b401d7ef-c1f5-49e9-9ce5-0be3b3216b3d:group-DA1649645A47:LeaderElection84] INFO  server.RaftServerConfigKeys (ConfUtils.java:logGet(43)) - raft.server.watch.timeout.denomination = 1s (default)
2019-09-19 09:52:18,331 [b401d7ef-c1f5-49e9-9ce5-0be3b3216b3d:group-DA1649645A47:LeaderElection84] INFO  server.RaftServerConfigKeys (ConfUtils.java:logGet(43)) - raft.server.watch.element-limit = 65536 (default)
2019-09-19 09:52:18,332 [b401d7ef-c1f5-49e9-9ce5-0be3b3216b3d:group-DA1649645A47:LeaderElection84] INFO  impl.RoleInfo (RoleInfo.java:updateAndGet(143)) - b401d7ef-c1f5-49e9-9ce5-0be3b3216b3d: start LeaderState
2019-09-19 09:52:18,332 [b401d7ef-c1f5-49e9-9ce5-0be3b3216b3d:group-DA1649645A47:LeaderElection84] INFO  segmented.SegmentedRaftLogWorker (SegmentedRaftLogWorker.java:startLogSegment(380)) - b401d7ef-c1f5-49e9-9ce5-0be3b3216b3d-SegmentedRaftLogWorker:Storage Directory /workdir/hadoop-ozone/ozonefs/target/test-dir/MiniOzoneClusterImpl-f189934c-45ad-4ec0-9247-8ce3942f6bd4/datanode-2/data/ratis/7597e913-50d1-48da-8567-da1649645a47: Starting segment from index:0
2019-09-19 09:52:18,332 [b401d7ef-c1f5-49e9-9ce5-0be3b3216b3d:group-DA1649645A47:LeaderElection84] INFO  impl.RaftServerImpl (ServerState.java:setRaftConf(361)) - b401d7ef-c1f5-49e9-9ce5-0be3b3216b3d:group-DA1649645A47 set configuration 0: [b401d7ef-c1f5-49e9-9ce5-0be3b3216b3d:192.168.34.5:33431], old=null at 0
2019-09-19 09:52:18,367 [b401d7ef-c1f5-49e9-9ce5-0be3b3216b3d-SegmentedRaftLogWorker:Storage Directory /workdir/hadoop-ozone/ozonefs/target/test-dir/MiniOzoneClusterImpl-f189934c-45ad-4ec0-9247-8ce3942f6bd4/datanode-2/data/ratis/776afbde-60c5-4a4f-9c61-c83ee6463275] INFO  segmented.SegmentedRaftLogWorker (SegmentedRaftLogWorker.java:execute(569)) - b401d7ef-c1f5-49e9-9ce5-0be3b3216b3d-SegmentedRaftLogWorker:Storage Directory /workdir/hadoop-ozone/ozonefs/target/test-dir/MiniOzoneClusterImpl-f189934c-45ad-4ec0-9247-8ce3942f6bd4/datanode-2/data/ratis/776afbde-60c5-4a4f-9c61-c83ee6463275: created new log segment /workdir/hadoop-ozone/ozonefs/target/test-dir/MiniOzoneClusterImpl-f189934c-45ad-4ec0-9247-8ce3942f6bd4/datanode-2/data/ratis/776afbde-60c5-4a4f-9c61-c83ee6463275/current/log_inprogress_0
2019-09-19 09:52:18,367 [8309de5e-b995-43dd-884c-2afc220cfbee-SegmentedRaftLogWorker:Storage Directory /workdir/hadoop-ozone/ozonefs/target/test-dir/MiniOzoneClusterImpl-f189934c-45ad-4ec0-9247-8ce3942f6bd4/datanode-1/data/ratis/ab4ae956-e79a-409d-b1c0-0a5ce2997857] INFO  segmented.SegmentedRaftLogWorker (SegmentedRaftLogWorker.java:execute(569)) - 8309de5e-b995-43dd-884c-2afc220cfbee-SegmentedRaftLogWorker:Storage Directory /workdir/hadoop-ozone/ozonefs/target/test-dir/MiniOzoneClusterImpl-f189934c-45ad-4ec0-9247-8ce3942f6bd4/datanode-1/data/ratis/ab4ae956-e79a-409d-b1c0-0a5ce2997857: created new log segment /workdir/hadoop-ozone/ozonefs/target/test-dir/MiniOzoneClusterImpl-f189934c-45ad-4ec0-9247-8ce3942f6bd4/datanode-1/data/ratis/ab4ae956-e79a-409d-b1c0-0a5ce2997857/current/log_inprogress_0
2019-09-19 09:52:18,377 [b401d7ef-c1f5-49e9-9ce5-0be3b3216b3d-SegmentedRaftLogWorker:Storage Directory /workdir/hadoop-ozone/ozonefs/target/test-dir/MiniOzoneClusterImpl-f189934c-45ad-4ec0-9247-8ce3942f6bd4/datanode-2/data/ratis/7597e913-50d1-48da-8567-da1649645a47] INFO  segmented.SegmentedRaftLogWorker (SegmentedRaftLogWorker.java:execute(569)) - b401d7ef-c1f5-49e9-9ce5-0be3b3216b3d-SegmentedRaftLogWorker:Storage Directory /workdir/hadoop-ozone/ozonefs/target/test-dir/MiniOzoneClusterImpl-f189934c-45ad-4ec0-9247-8ce3942f6bd4/datanode-2/data/ratis/7597e913-50d1-48da-8567-da1649645a47: created new log segment /workdir/hadoop-ozone/ozonefs/target/test-dir/MiniOzoneClusterImpl-f189934c-45ad-4ec0-9247-8ce3942f6bd4/datanode-2/data/ratis/7597e913-50d1-48da-8567-da1649645a47/current/log_inprogress_0
2019-09-19 09:52:18,406 [Thread-1287] INFO  impl.FollowerState (FollowerState.java:run(106)) - b401d7ef-c1f5-49e9-9ce5-0be3b3216b3d:group-43CA374AAA75 changes to CANDIDATE, lastRpcTime:5058, electionTimeout:5058ms
2019-09-19 09:52:18,407 [Thread-1287] INFO  impl.RoleInfo (RoleInfo.java:shutdownFollowerState(121)) - b401d7ef-c1f5-49e9-9ce5-0be3b3216b3d: shutdown FollowerState
2019-09-19 09:52:18,407 [Thread-1287] INFO  impl.RaftServerImpl (RaftServerImpl.java:setRole(171)) - b401d7ef-c1f5-49e9-9ce5-0be3b3216b3d:group-43CA374AAA75 changes role from FOLLOWER to CANDIDATE at term 0 for changeToCandidate
2019-09-19 09:52:18,407 [Thread-1287] INFO  impl.RoleInfo (RoleInfo.java:updateAndGet(143)) - b401d7ef-c1f5-49e9-9ce5-0be3b3216b3d: start LeaderElection
2019-09-19 09:52:18,429 [b401d7ef-c1f5-49e9-9ce5-0be3b3216b3d:group-43CA374AAA75:LeaderElection85] INFO  impl.LeaderElection (LeaderElection.java:askForVotes(181)) - b401d7ef-c1f5-49e9-9ce5-0be3b3216b3d:group-43CA374AAA75:LeaderElection85: begin an election at term 1 for -1: [b401d7ef-c1f5-49e9-9ce5-0be3b3216b3d:192.168.34.5:33431], old=null
2019-09-19 09:52:18,429 [b401d7ef-c1f5-49e9-9ce5-0be3b3216b3d:group-43CA374AAA75:LeaderElection85] INFO  impl.RoleInfo (RoleInfo.java:shutdownLeaderElection(134)) - b401d7ef-c1f5-49e9-9ce5-0be3b3216b3d: shutdown LeaderElection
2019-09-19 09:52:18,429 [b401d7ef-c1f5-49e9-9ce5-0be3b3216b3d:group-43CA374AAA75:LeaderElection85] INFO  impl.RaftServerImpl (RaftServerImpl.java:setRole(171)) - b401d7ef-c1f5-49e9-9ce5-0be3b3216b3d:group-43CA374AAA75 changes role from CANDIDATE to LEADER at term 1 for changeToLeader
2019-09-19 09:52:18,429 [b401d7ef-c1f5-49e9-9ce5-0be3b3216b3d:group-43CA374AAA75:LeaderElection85] INFO  impl.RaftServerImpl (ServerState.java:setLeader(263)) - b401d7ef-c1f5-49e9-9ce5-0be3b3216b3d:group-43CA374AAA75 change Leader from null to b401d7ef-c1f5-49e9-9ce5-0be3b3216b3d at term 1 for becomeLeader, leader elected after 5084ms
2019-09-19 09:52:18,429 [b401d7ef-c1f5-49e9-9ce5-0be3b3216b3d:group-43CA374AAA75:LeaderElection85] INFO  server.RaftServerConfigKeys (ConfUtils.java:logGet(43)) - raft.server.staging.catchup.gap = 1000 (default)
2019-09-19 09:52:18,430 [b401d7ef-c1f5-49e9-9ce5-0be3b3216b3d:group-43CA374AAA75:LeaderElection85] INFO  server.RaftServerConfigKeys (ConfUtils.java:logGet(43)) - raft.server.rpc.sleep.time = 25ms (default)
2019-09-19 09:52:18,430 [b401d7ef-c1f5-49e9-9ce5-0be3b3216b3d:group-43CA374AAA75:LeaderElection85] INFO  server.RaftServerConfigKeys (ConfUtils.java:logGet(43)) - raft.server.write.element-limit = 4096 (default)
2019-09-19 09:52:18,430 [b401d7ef-c1f5-49e9-9ce5-0be3b3216b3d:group-43CA374AAA75:LeaderElection85] INFO  server.RaftServerConfigKeys (ConfUtils.java:logGet(43)) - raft.server.watch.timeout = 10s (default)
2019-09-19 09:52:18,430 [b401d7ef-c1f5-49e9-9ce5-0be3b3216b3d:group-43CA374AAA75:LeaderElection85] INFO  server.RaftServerConfigKeys (ConfUtils.java:logGet(43)) - raft.server.watch.timeout.denomination = 1s (default)
2019-09-19 09:52:18,430 [b401d7ef-c1f5-49e9-9ce5-0be3b3216b3d:group-43CA374AAA75:LeaderElection85] INFO  server.RaftServerConfigKeys (ConfUtils.java:logGet(43)) - raft.server.watch.element-limit = 65536 (default)
2019-09-19 09:52:18,430 [b401d7ef-c1f5-49e9-9ce5-0be3b3216b3d:group-43CA374AAA75:LeaderElection85] INFO  impl.RoleInfo (RoleInfo.java:updateAndGet(143)) - b401d7ef-c1f5-49e9-9ce5-0be3b3216b3d: start LeaderState
2019-09-19 09:52:18,431 [b401d7ef-c1f5-49e9-9ce5-0be3b3216b3d:group-43CA374AAA75:LeaderElection85] INFO  segmented.SegmentedRaftLogWorker (SegmentedRaftLogWorker.java:startLogSegment(380)) - b401d7ef-c1f5-49e9-9ce5-0be3b3216b3d-SegmentedRaftLogWorker:Storage Directory /workdir/hadoop-ozone/ozonefs/target/test-dir/MiniOzoneClusterImpl-f189934c-45ad-4ec0-9247-8ce3942f6bd4/datanode-2/data/ratis/3d5caa72-eab1-4650-9a0b-43ca374aaa75: Starting segment from index:0
2019-09-19 09:52:18,431 [b401d7ef-c1f5-49e9-9ce5-0be3b3216b3d:group-43CA374AAA75:LeaderElection85] INFO  impl.RaftServerImpl (ServerState.java:setRaftConf(361)) - b401d7ef-c1f5-49e9-9ce5-0be3b3216b3d:group-43CA374AAA75 set configuration 0: [b401d7ef-c1f5-49e9-9ce5-0be3b3216b3d:192.168.34.5:33431], old=null at 0
2019-09-19 09:52:18,431 [Thread-1284] INFO  impl.FollowerState (FollowerState.java:run(106)) - b401d7ef-c1f5-49e9-9ce5-0be3b3216b3d:group-D29659CCC7FF changes to CANDIDATE, lastRpcTime:5104, electionTimeout:5104ms
2019-09-19 09:52:18,431 [Thread-1284] INFO  impl.RoleInfo (RoleInfo.java:shutdownFollowerState(121)) - b401d7ef-c1f5-49e9-9ce5-0be3b3216b3d: shutdown FollowerState
2019-09-19 09:52:18,431 [Thread-1284] INFO  impl.RaftServerImpl (RaftServerImpl.java:setRole(171)) - b401d7ef-c1f5-49e9-9ce5-0be3b3216b3d:group-D29659CCC7FF changes role from FOLLOWER to CANDIDATE at term 0 for changeToCandidate
2019-09-19 09:52:18,432 [Thread-1284] INFO  impl.RoleInfo (RoleInfo.java:updateAndGet(143)) - b401d7ef-c1f5-49e9-9ce5-0be3b3216b3d: start LeaderElection
2019-09-19 09:52:18,452 [Thread-1290] INFO  impl.FollowerState (FollowerState.java:run(106)) - b401d7ef-c1f5-49e9-9ce5-0be3b3216b3d:group-E850161E6F1B changes to CANDIDATE, lastRpcTime:5069, electionTimeout:5069ms
2019-09-19 09:52:18,452 [Thread-1290] INFO  impl.RoleInfo (RoleInfo.java:shutdownFollowerState(121)) - b401d7ef-c1f5-49e9-9ce5-0be3b3216b3d: shutdown FollowerState
2019-09-19 09:52:18,452 [Thread-1290] INFO  impl.RaftServerImpl (RaftServerImpl.java:setRole(171)) - b401d7ef-c1f5-49e9-9ce5-0be3b3216b3d:group-E850161E6F1B changes role from FOLLOWER to CANDIDATE at term 0 for changeToCandidate
2019-09-19 09:52:18,452 [Thread-1290] INFO  impl.RoleInfo (RoleInfo.java:updateAndGet(143)) - b401d7ef-c1f5-49e9-9ce5-0be3b3216b3d: start LeaderElection
2019-09-19 09:52:18,453 [b401d7ef-c1f5-49e9-9ce5-0be3b3216b3d:group-D29659CCC7FF:LeaderElection86] INFO  impl.LeaderElection (LeaderElection.java:askForVotes(181)) - b401d7ef-c1f5-49e9-9ce5-0be3b3216b3d:group-D29659CCC7FF:LeaderElection86: begin an election at term 1 for -1: [b401d7ef-c1f5-49e9-9ce5-0be3b3216b3d:192.168.34.5:33431], old=null
2019-09-19 09:52:18,453 [b401d7ef-c1f5-49e9-9ce5-0be3b3216b3d:group-D29659CCC7FF:LeaderElection86] INFO  impl.RoleInfo (RoleInfo.java:shutdownLeaderElection(134)) - b401d7ef-c1f5-49e9-9ce5-0be3b3216b3d: shutdown LeaderElection
2019-09-19 09:52:18,453 [b401d7ef-c1f5-49e9-9ce5-0be3b3216b3d:group-D29659CCC7FF:LeaderElection86] INFO  impl.RaftServerImpl (RaftServerImpl.java:setRole(171)) - b401d7ef-c1f5-49e9-9ce5-0be3b3216b3d:group-D29659CCC7FF changes role from CANDIDATE to LEADER at term 1 for changeToLeader
2019-09-19 09:52:18,453 [b401d7ef-c1f5-49e9-9ce5-0be3b3216b3d:group-D29659CCC7FF:LeaderElection86] INFO  impl.RaftServerImpl (ServerState.java:setLeader(263)) - b401d7ef-c1f5-49e9-9ce5-0be3b3216b3d:group-D29659CCC7FF change Leader from null to b401d7ef-c1f5-49e9-9ce5-0be3b3216b3d at term 1 for becomeLeader, leader elected after 5130ms
2019-09-19 09:52:18,454 [b401d7ef-c1f5-49e9-9ce5-0be3b3216b3d:group-D29659CCC7FF:LeaderElection86] INFO  server.RaftServerConfigKeys (ConfUtils.java:logGet(43)) - raft.server.staging.catchup.gap = 1000 (default)
2019-09-19 09:52:18,454 [b401d7ef-c1f5-49e9-9ce5-0be3b3216b3d:group-D29659CCC7FF:LeaderElection86] INFO  server.RaftServerConfigKeys (ConfUtils.java:logGet(43)) - raft.server.rpc.sleep.time = 25ms (default)
2019-09-19 09:52:18,454 [b401d7ef-c1f5-49e9-9ce5-0be3b3216b3d:group-D29659CCC7FF:LeaderElection86] INFO  server.RaftServerConfigKeys (ConfUtils.java:logGet(43)) - raft.server.write.element-limit = 4096 (default)
2019-09-19 09:52:18,454 [b401d7ef-c1f5-49e9-9ce5-0be3b3216b3d:group-D29659CCC7FF:LeaderElection86] INFO  server.RaftServerConfigKeys (ConfUtils.java:logGet(43)) - raft.server.watch.timeout = 10s (default)
2019-09-19 09:52:18,454 [b401d7ef-c1f5-49e9-9ce5-0be3b3216b3d:group-D29659CCC7FF:LeaderElection86] INFO  server.RaftServerConfigKeys (ConfUtils.java:logGet(43)) - raft.server.watch.timeout.denomination = 1s (default)
2019-09-19 09:52:18,454 [b401d7ef-c1f5-49e9-9ce5-0be3b3216b3d:group-D29659CCC7FF:LeaderElection86] INFO  server.RaftServerConfigKeys (ConfUtils.java:logGet(43)) - raft.server.watch.element-limit = 65536 (default)
2019-09-19 09:52:18,455 [b401d7ef-c1f5-49e9-9ce5-0be3b3216b3d:group-D29659CCC7FF:LeaderElection86] INFO  impl.RoleInfo (RoleInfo.java:updateAndGet(143)) - b401d7ef-c1f5-49e9-9ce5-0be3b3216b3d: start LeaderState
2019-09-19 09:52:18,455 [b401d7ef-c1f5-49e9-9ce5-0be3b3216b3d:group-D29659CCC7FF:LeaderElection86] INFO  segmented.SegmentedRaftLogWorker (SegmentedRaftLogWorker.java:startLogSegment(380)) - b401d7ef-c1f5-49e9-9ce5-0be3b3216b3d-SegmentedRaftLogWorker:Storage Directory /workdir/hadoop-ozone/ozonefs/target/test-dir/MiniOzoneClusterImpl-f189934c-45ad-4ec0-9247-8ce3942f6bd4/datanode-2/data/ratis/de74334d-5ac9-400a-9267-d29659ccc7ff: Starting segment from index:0
2019-09-19 09:52:18,455 [b401d7ef-c1f5-49e9-9ce5-0be3b3216b3d:group-D29659CCC7FF:LeaderElection86] INFO  impl.RaftServerImpl (ServerState.java:setRaftConf(361)) - b401d7ef-c1f5-49e9-9ce5-0be3b3216b3d:group-D29659CCC7FF set configuration 0: [b401d7ef-c1f5-49e9-9ce5-0be3b3216b3d:192.168.34.5:33431], old=null at 0
2019-09-19 09:52:18,467 [b401d7ef-c1f5-49e9-9ce5-0be3b3216b3d-SegmentedRaftLogWorker:Storage Directory /workdir/hadoop-ozone/ozonefs/target/test-dir/MiniOzoneClusterImpl-f189934c-45ad-4ec0-9247-8ce3942f6bd4/datanode-2/data/ratis/3d5caa72-eab1-4650-9a0b-43ca374aaa75] INFO  segmented.SegmentedRaftLogWorker (SegmentedRaftLogWorker.java:execute(569)) - b401d7ef-c1f5-49e9-9ce5-0be3b3216b3d-SegmentedRaftLogWorker:Storage Directory /workdir/hadoop-ozone/ozonefs/target/test-dir/MiniOzoneClusterImpl-f189934c-45ad-4ec0-9247-8ce3942f6bd4/datanode-2/data/ratis/3d5caa72-eab1-4650-9a0b-43ca374aaa75: created new log segment /workdir/hadoop-ozone/ozonefs/target/test-dir/MiniOzoneClusterImpl-f189934c-45ad-4ec0-9247-8ce3942f6bd4/datanode-2/data/ratis/3d5caa72-eab1-4650-9a0b-43ca374aaa75/current/log_inprogress_0
2019-09-19 09:52:18,467 [b401d7ef-c1f5-49e9-9ce5-0be3b3216b3d:group-E850161E6F1B:LeaderElection87] INFO  impl.LeaderElection (LeaderElection.java:askForVotes(181)) - b401d7ef-c1f5-49e9-9ce5-0be3b3216b3d:group-E850161E6F1B:LeaderElection87: begin an election at term 1 for -1: [b401d7ef-c1f5-49e9-9ce5-0be3b3216b3d:192.168.34.5:33431], old=null
2019-09-19 09:52:18,467 [b401d7ef-c1f5-49e9-9ce5-0be3b3216b3d:group-E850161E6F1B:LeaderElection87] INFO  impl.RoleInfo (RoleInfo.java:shutdownLeaderElection(134)) - b401d7ef-c1f5-49e9-9ce5-0be3b3216b3d: shutdown LeaderElection
2019-09-19 09:52:18,467 [b401d7ef-c1f5-49e9-9ce5-0be3b3216b3d:group-E850161E6F1B:LeaderElection87] INFO  impl.RaftServerImpl (RaftServerImpl.java:setRole(171)) - b401d7ef-c1f5-49e9-9ce5-0be3b3216b3d:group-E850161E6F1B changes role from CANDIDATE to LEADER at term 1 for changeToLeader
2019-09-19 09:52:18,467 [b401d7ef-c1f5-49e9-9ce5-0be3b3216b3d:group-E850161E6F1B:LeaderElection87] INFO  impl.RaftServerImpl (ServerState.java:setLeader(263)) - b401d7ef-c1f5-49e9-9ce5-0be3b3216b3d:group-E850161E6F1B change Leader from null to b401d7ef-c1f5-49e9-9ce5-0be3b3216b3d at term 1 for becomeLeader, leader elected after 5089ms
2019-09-19 09:52:18,467 [b401d7ef-c1f5-49e9-9ce5-0be3b3216b3d:group-E850161E6F1B:LeaderElection87] INFO  server.RaftServerConfigKeys (ConfUtils.java:logGet(43)) - raft.server.staging.catchup.gap = 1000 (default)
2019-09-19 09:52:18,468 [b401d7ef-c1f5-49e9-9ce5-0be3b3216b3d:group-E850161E6F1B:LeaderElection87] INFO  server.RaftServerConfigKeys (ConfUtils.java:logGet(43)) - raft.server.rpc.sleep.time = 25ms (default)
2019-09-19 09:52:18,468 [b401d7ef-c1f5-49e9-9ce5-0be3b3216b3d:group-E850161E6F1B:LeaderElection87] INFO  server.RaftServerConfigKeys (ConfUtils.java:logGet(43)) - raft.server.write.element-limit = 4096 (default)
2019-09-19 09:52:18,468 [b401d7ef-c1f5-49e9-9ce5-0be3b3216b3d:group-E850161E6F1B:LeaderElection87] INFO  server.RaftServerConfigKeys (ConfUtils.java:logGet(43)) - raft.server.watch.timeout = 10s (default)
2019-09-19 09:52:18,468 [b401d7ef-c1f5-49e9-9ce5-0be3b3216b3d:group-E850161E6F1B:LeaderElection87] INFO  server.RaftServerConfigKeys (ConfUtils.java:logGet(43)) - raft.server.watch.timeout.denomination = 1s (default)
2019-09-19 09:52:18,468 [b401d7ef-c1f5-49e9-9ce5-0be3b3216b3d:group-E850161E6F1B:LeaderElection87] INFO  server.RaftServerConfigKeys (ConfUtils.java:logGet(43)) - raft.server.watch.element-limit = 65536 (default)
2019-09-19 09:52:18,469 [b401d7ef-c1f5-49e9-9ce5-0be3b3216b3d:group-E850161E6F1B:LeaderElection87] INFO  impl.RoleInfo (RoleInfo.java:updateAndGet(143)) - b401d7ef-c1f5-49e9-9ce5-0be3b3216b3d: start LeaderState
2019-09-19 09:52:18,469 [b401d7ef-c1f5-49e9-9ce5-0be3b3216b3d:group-E850161E6F1B:LeaderElection87] INFO  segmented.SegmentedRaftLogWorker (SegmentedRaftLogWorker.java:startLogSegment(380)) - b401d7ef-c1f5-49e9-9ce5-0be3b3216b3d-SegmentedRaftLogWorker:Storage Directory /workdir/hadoop-ozone/ozonefs/target/test-dir/MiniOzoneClusterImpl-f189934c-45ad-4ec0-9247-8ce3942f6bd4/datanode-2/data/ratis/05caa0e4-129e-411e-9045-e850161e6f1b: Starting segment from index:0
2019-09-19 09:52:18,469 [b401d7ef-c1f5-49e9-9ce5-0be3b3216b3d:group-E850161E6F1B:LeaderElection87] INFO  impl.RaftServerImpl (ServerState.java:setRaftConf(361)) - b401d7ef-c1f5-49e9-9ce5-0be3b3216b3d:group-E850161E6F1B set configuration 0: [b401d7ef-c1f5-49e9-9ce5-0be3b3216b3d:192.168.34.5:33431], old=null at 0
2019-09-19 09:52:18,498 [b401d7ef-c1f5-49e9-9ce5-0be3b3216b3d-SegmentedRaftLogWorker:Storage Directory /workdir/hadoop-ozone/ozonefs/target/test-dir/MiniOzoneClusterImpl-f189934c-45ad-4ec0-9247-8ce3942f6bd4/datanode-2/data/ratis/de74334d-5ac9-400a-9267-d29659ccc7ff] INFO  segmented.SegmentedRaftLogWorker (SegmentedRaftLogWorker.java:execute(569)) - b401d7ef-c1f5-49e9-9ce5-0be3b3216b3d-SegmentedRaftLogWorker:Storage Directory /workdir/hadoop-ozone/ozonefs/target/test-dir/MiniOzoneClusterImpl-f189934c-45ad-4ec0-9247-8ce3942f6bd4/datanode-2/data/ratis/de74334d-5ac9-400a-9267-d29659ccc7ff: created new log segment /workdir/hadoop-ozone/ozonefs/target/test-dir/MiniOzoneClusterImpl-f189934c-45ad-4ec0-9247-8ce3942f6bd4/datanode-2/data/ratis/de74334d-5ac9-400a-9267-d29659ccc7ff/current/log_inprogress_0
2019-09-19 09:52:18,511 [b401d7ef-c1f5-49e9-9ce5-0be3b3216b3d-SegmentedRaftLogWorker:Storage Directory /workdir/hadoop-ozone/ozonefs/target/test-dir/MiniOzoneClusterImpl-f189934c-45ad-4ec0-9247-8ce3942f6bd4/datanode-2/data/ratis/05caa0e4-129e-411e-9045-e850161e6f1b] INFO  segmented.SegmentedRaftLogWorker (SegmentedRaftLogWorker.java:execute(569)) - b401d7ef-c1f5-49e9-9ce5-0be3b3216b3d-SegmentedRaftLogWorker:Storage Directory /workdir/hadoop-ozone/ozonefs/target/test-dir/MiniOzoneClusterImpl-f189934c-45ad-4ec0-9247-8ce3942f6bd4/datanode-2/data/ratis/05caa0e4-129e-411e-9045-e850161e6f1b: created new log segment /workdir/hadoop-ozone/ozonefs/target/test-dir/MiniOzoneClusterImpl-f189934c-45ad-4ec0-9247-8ce3942f6bd4/datanode-2/data/ratis/05caa0e4-129e-411e-9045-e850161e6f1b/current/log_inprogress_0
2019-09-19 09:52:18,568 [Thread-1293] INFO  impl.FollowerState (FollowerState.java:run(106)) - b401d7ef-c1f5-49e9-9ce5-0be3b3216b3d:group-AED6ADCB8D7B changes to CANDIDATE, lastRpcTime:5130, electionTimeout:5130ms
2019-09-19 09:52:18,568 [Thread-1293] INFO  impl.RoleInfo (RoleInfo.java:shutdownFollowerState(121)) - b401d7ef-c1f5-49e9-9ce5-0be3b3216b3d: shutdown FollowerState
2019-09-19 09:52:18,568 [Thread-1293] INFO  impl.RaftServerImpl (RaftServerImpl.java:setRole(171)) - b401d7ef-c1f5-49e9-9ce5-0be3b3216b3d:group-AED6ADCB8D7B changes role from FOLLOWER to CANDIDATE at term 0 for changeToCandidate
2019-09-19 09:52:18,568 [Thread-1293] INFO  impl.RoleInfo (RoleInfo.java:updateAndGet(143)) - b401d7ef-c1f5-49e9-9ce5-0be3b3216b3d: start LeaderElection
2019-09-19 09:52:18,582 [b401d7ef-c1f5-49e9-9ce5-0be3b3216b3d:group-AED6ADCB8D7B:LeaderElection88] INFO  impl.LeaderElection (LeaderElection.java:askForVotes(181)) - b401d7ef-c1f5-49e9-9ce5-0be3b3216b3d:group-AED6ADCB8D7B:LeaderElection88: begin an election at term 1 for -1: [b401d7ef-c1f5-49e9-9ce5-0be3b3216b3d:192.168.34.5:33431], old=null
2019-09-19 09:52:18,582 [b401d7ef-c1f5-49e9-9ce5-0be3b3216b3d:group-AED6ADCB8D7B:LeaderElection88] INFO  impl.RoleInfo (RoleInfo.java:shutdownLeaderElection(134)) - b401d7ef-c1f5-49e9-9ce5-0be3b3216b3d: shutdown LeaderElection
2019-09-19 09:52:18,582 [b401d7ef-c1f5-49e9-9ce5-0be3b3216b3d:group-AED6ADCB8D7B:LeaderElection88] INFO  impl.RaftServerImpl (RaftServerImpl.java:setRole(171)) - b401d7ef-c1f5-49e9-9ce5-0be3b3216b3d:group-AED6ADCB8D7B changes role from CANDIDATE to LEADER at term 1 for changeToLeader
2019-09-19 09:52:18,582 [b401d7ef-c1f5-49e9-9ce5-0be3b3216b3d:group-AED6ADCB8D7B:LeaderElection88] INFO  impl.RaftServerImpl (ServerState.java:setLeader(263)) - b401d7ef-c1f5-49e9-9ce5-0be3b3216b3d:group-AED6ADCB8D7B change Leader from null to b401d7ef-c1f5-49e9-9ce5-0be3b3216b3d at term 1 for becomeLeader, leader elected after 5148ms
2019-09-19 09:52:18,582 [b401d7ef-c1f5-49e9-9ce5-0be3b3216b3d:group-AED6ADCB8D7B:LeaderElection88] INFO  server.RaftServerConfigKeys (ConfUtils.java:logGet(43)) - raft.server.staging.catchup.gap = 1000 (default)
2019-09-19 09:52:18,582 [b401d7ef-c1f5-49e9-9ce5-0be3b3216b3d:group-AED6ADCB8D7B:LeaderElection88] INFO  server.RaftServerConfigKeys (ConfUtils.java:logGet(43)) - raft.server.rpc.sleep.time = 25ms (default)
2019-09-19 09:52:18,583 [b401d7ef-c1f5-49e9-9ce5-0be3b3216b3d:group-AED6ADCB8D7B:LeaderElection88] INFO  server.RaftServerConfigKeys (ConfUtils.java:logGet(43)) - raft.server.write.element-limit = 4096 (default)
2019-09-19 09:52:18,583 [b401d7ef-c1f5-49e9-9ce5-0be3b3216b3d:group-AED6ADCB8D7B:LeaderElection88] INFO  server.RaftServerConfigKeys (ConfUtils.java:logGet(43)) - raft.server.watch.timeout = 10s (default)
2019-09-19 09:52:18,583 [b401d7ef-c1f5-49e9-9ce5-0be3b3216b3d:group-AED6ADCB8D7B:LeaderElection88] INFO  server.RaftServerConfigKeys (ConfUtils.java:logGet(43)) - raft.server.watch.timeout.denomination = 1s (default)
2019-09-19 09:52:18,583 [b401d7ef-c1f5-49e9-9ce5-0be3b3216b3d:group-AED6ADCB8D7B:LeaderElection88] INFO  server.RaftServerConfigKeys (ConfUtils.java:logGet(43)) - raft.server.watch.element-limit = 65536 (default)
2019-09-19 09:52:18,583 [b401d7ef-c1f5-49e9-9ce5-0be3b3216b3d:group-AED6ADCB8D7B:LeaderElection88] INFO  impl.RoleInfo (RoleInfo.java:updateAndGet(143)) - b401d7ef-c1f5-49e9-9ce5-0be3b3216b3d: start LeaderState
2019-09-19 09:52:18,584 [b401d7ef-c1f5-49e9-9ce5-0be3b3216b3d:group-AED6ADCB8D7B:LeaderElection88] INFO  segmented.SegmentedRaftLogWorker (SegmentedRaftLogWorker.java:startLogSegment(380)) - b401d7ef-c1f5-49e9-9ce5-0be3b3216b3d-SegmentedRaftLogWorker:Storage Directory /workdir/hadoop-ozone/ozonefs/target/test-dir/MiniOzoneClusterImpl-f189934c-45ad-4ec0-9247-8ce3942f6bd4/datanode-2/data/ratis/8f1b36b1-572a-4061-b101-aed6adcb8d7b: Starting segment from index:0
2019-09-19 09:52:18,584 [b401d7ef-c1f5-49e9-9ce5-0be3b3216b3d:group-AED6ADCB8D7B:LeaderElection88] INFO  impl.RaftServerImpl (ServerState.java:setRaftConf(361)) - b401d7ef-c1f5-49e9-9ce5-0be3b3216b3d:group-AED6ADCB8D7B set configuration 0: [b401d7ef-c1f5-49e9-9ce5-0be3b3216b3d:192.168.34.5:33431], old=null at 0
2019-09-19 09:52:18,642 [b401d7ef-c1f5-49e9-9ce5-0be3b3216b3d-SegmentedRaftLogWorker:Storage Directory /workdir/hadoop-ozone/ozonefs/target/test-dir/MiniOzoneClusterImpl-f189934c-45ad-4ec0-9247-8ce3942f6bd4/datanode-2/data/ratis/8f1b36b1-572a-4061-b101-aed6adcb8d7b] INFO  segmented.SegmentedRaftLogWorker (SegmentedRaftLogWorker.java:execute(569)) - b401d7ef-c1f5-49e9-9ce5-0be3b3216b3d-SegmentedRaftLogWorker:Storage Directory /workdir/hadoop-ozone/ozonefs/target/test-dir/MiniOzoneClusterImpl-f189934c-45ad-4ec0-9247-8ce3942f6bd4/datanode-2/data/ratis/8f1b36b1-572a-4061-b101-aed6adcb8d7b: created new log segment /workdir/hadoop-ozone/ozonefs/target/test-dir/MiniOzoneClusterImpl-f189934c-45ad-4ec0-9247-8ce3942f6bd4/datanode-2/data/ratis/8f1b36b1-572a-4061-b101-aed6adcb8d7b/current/log_inprogress_0
2019-09-19 09:52:19,222 | INFO  | SCMAudit | user=jenkins1000 | ip=192.168.34.5 | op=SEND_HEARTBEAT {datanodeUUID=b401d7ef-c1f5-49e9-9ce5-0be3b3216b3d, command=[]} | ret=SUCCESS |  
2019-09-19 09:52:19,472 [Thread-1068] INFO  ozoneimpl.OzoneContainer (OzoneContainer.java:stop(199)) - Attempting to stop container services.
2019-09-19 09:52:19,472 [ForkJoinPool.commonPool-worker-0] INFO  ozoneimpl.OzoneContainer (OzoneContainer.java:stop(199)) - Attempting to stop container services.
2019-09-19 09:52:19,472 [Thread-1068] INFO  impl.RaftServerProxy (RaftServerProxy.java:lambda$close$4(314)) - 8309de5e-b995-43dd-884c-2afc220cfbee: close
2019-09-19 09:52:19,472 [ForkJoinPool.commonPool-worker-0] INFO  impl.RaftServerProxy (RaftServerProxy.java:lambda$close$4(314)) - 89feb2f7-d50c-4522-98d5-3e9e37dc82b4: close
2019-09-19 09:52:19,473 [Thread-1068] INFO  impl.RaftServerImpl (RaftServerImpl.java:lambda$shutdown$3(245)) - 8309de5e-b995-43dd-884c-2afc220cfbee: shutdown group-8112067DF1EE
2019-09-19 09:52:19,473 [ForkJoinPool.commonPool-worker-0] INFO  impl.RaftServerImpl (RaftServerImpl.java:lambda$shutdown$3(245)) - 89feb2f7-d50c-4522-98d5-3e9e37dc82b4: shutdown group-33A239D1D318
2019-09-19 09:52:19,473 [Thread-1068] INFO  util.JmxRegister (JmxRegister.java:unregister(73)) - Successfully un-registered JMX Bean with object name Ratis:service=RaftServer,group=group-8112067DF1EE,id=8309de5e-b995-43dd-884c-2afc220cfbee
2019-09-19 09:52:19,473 [ForkJoinPool.commonPool-worker-0] INFO  util.JmxRegister (JmxRegister.java:unregister(73)) - Successfully un-registered JMX Bean with object name Ratis:service=RaftServer,group=group-33A239D1D318,id=89feb2f7-d50c-4522-98d5-3e9e37dc82b4
2019-09-19 09:52:19,474 [Thread-1068] INFO  impl.RoleInfo (RoleInfo.java:shutdownLeaderState(104)) - 8309de5e-b995-43dd-884c-2afc220cfbee: shutdown LeaderState
2019-09-19 09:52:19,474 [ForkJoinPool.commonPool-worker-0] INFO  impl.RoleInfo (RoleInfo.java:shutdownLeaderState(104)) - 89feb2f7-d50c-4522-98d5-3e9e37dc82b4: shutdown LeaderState
2019-09-19 09:52:19,474 [Thread-1068] INFO  impl.PendingRequests (PendingRequests.java:sendNotLeaderResponses(202)) - 8309de5e-b995-43dd-884c-2afc220cfbee-PendingRequests: sendNotLeaderResponses
2019-09-19 09:52:19,474 [ForkJoinPool.commonPool-worker-0] INFO  impl.PendingRequests (PendingRequests.java:sendNotLeaderResponses(202)) - 89feb2f7-d50c-4522-98d5-3e9e37dc82b4-PendingRequests: sendNotLeaderResponses
2019-09-19 09:52:19,475 [Thread-1068] INFO  impl.StateMachineUpdater (StateMachineUpdater.java:stopAndJoin(115)) - StateMachineUpdater:8309de5e-b995-43dd-884c-2afc220cfbee:group-8112067DF1EE: set stopIndex = 0
2019-09-19 09:52:19,475 [ForkJoinPool.commonPool-worker-0] INFO  impl.StateMachineUpdater (StateMachineUpdater.java:stopAndJoin(115)) - StateMachineUpdater:89feb2f7-d50c-4522-98d5-3e9e37dc82b4:group-33A239D1D318: set stopIndex = 0
2019-09-19 09:52:19,475 [Thread-1068] INFO  impl.RaftServerImpl (ServerState.java:close(394)) - 8309de5e-b995-43dd-884c-2afc220cfbee:group-8112067DF1EE closes. The last applied log index is 0
2019-09-19 09:52:19,475 [ForkJoinPool.commonPool-worker-0] INFO  impl.RaftServerImpl (ServerState.java:close(394)) - 89feb2f7-d50c-4522-98d5-3e9e37dc82b4:group-33A239D1D318 closes. The last applied log index is 0
2019-09-19 09:52:19,476 [8309de5e-b995-43dd-884c-2afc220cfbee-SegmentedRaftLogWorker:Storage Directory /workdir/hadoop-ozone/ozonefs/target/test-dir/MiniOzoneClusterImpl-f189934c-45ad-4ec0-9247-8ce3942f6bd4/datanode-1/data/ratis/37ddf7d2-1535-404e-9cb1-8112067df1ee] INFO  segmented.SegmentedRaftLogWorker (SegmentedRaftLogWorker.java:run(313)) - 8309de5e-b995-43dd-884c-2afc220cfbee-SegmentedRaftLogWorker:Storage Directory /workdir/hadoop-ozone/ozonefs/target/test-dir/MiniOzoneClusterImpl-f189934c-45ad-4ec0-9247-8ce3942f6bd4/datanode-1/data/ratis/37ddf7d2-1535-404e-9cb1-8112067df1ee was interrupted, exiting. There are 0 tasks remaining in the queue.
2019-09-19 09:52:19,476 [89feb2f7-d50c-4522-98d5-3e9e37dc82b4-SegmentedRaftLogWorker:Storage Directory /workdir/hadoop-ozone/ozonefs/target/test-dir/MiniOzoneClusterImpl-f189934c-45ad-4ec0-9247-8ce3942f6bd4/datanode-0/data/ratis/757d4413-dc68-4fc1-9abd-33a239d1d318] INFO  segmented.SegmentedRaftLogWorker (SegmentedRaftLogWorker.java:run(313)) - 89feb2f7-d50c-4522-98d5-3e9e37dc82b4-SegmentedRaftLogWorker:Storage Directory /workdir/hadoop-ozone/ozonefs/target/test-dir/MiniOzoneClusterImpl-f189934c-45ad-4ec0-9247-8ce3942f6bd4/datanode-0/data/ratis/757d4413-dc68-4fc1-9abd-33a239d1d318 was interrupted, exiting. There are 0 tasks remaining in the queue.
2019-09-19 09:52:19,476 [Thread-1068] INFO  segmented.SegmentedRaftLogWorker (SegmentedRaftLogWorker.java:close(228)) - 8309de5e-b995-43dd-884c-2afc220cfbee-SegmentedRaftLogWorker:Storage Directory /workdir/hadoop-ozone/ozonefs/target/test-dir/MiniOzoneClusterImpl-f189934c-45ad-4ec0-9247-8ce3942f6bd4/datanode-1/data/ratis/37ddf7d2-1535-404e-9cb1-8112067df1ee close()
2019-09-19 09:52:19,477 [ForkJoinPool.commonPool-worker-0] INFO  segmented.SegmentedRaftLogWorker (SegmentedRaftLogWorker.java:close(228)) - 89feb2f7-d50c-4522-98d5-3e9e37dc82b4-SegmentedRaftLogWorker:Storage Directory /workdir/hadoop-ozone/ozonefs/target/test-dir/MiniOzoneClusterImpl-f189934c-45ad-4ec0-9247-8ce3942f6bd4/datanode-0/data/ratis/757d4413-dc68-4fc1-9abd-33a239d1d318 close()
2019-09-19 09:52:19,478 [Thread-1068] INFO  impl.RaftServerImpl (RaftServerImpl.java:lambda$shutdown$3(245)) - 8309de5e-b995-43dd-884c-2afc220cfbee: shutdown group-B3D17897AFC8
2019-09-19 09:52:19,484 [ForkJoinPool.commonPool-worker-0] INFO  impl.RaftServerImpl (RaftServerImpl.java:lambda$shutdown$3(245)) - 89feb2f7-d50c-4522-98d5-3e9e37dc82b4: shutdown group-F34EDD2990F8
2019-09-19 09:52:19,484 [Thread-1068] INFO  util.JmxRegister (JmxRegister.java:unregister(73)) - Successfully un-registered JMX Bean with object name Ratis:service=RaftServer,group=group-B3D17897AFC8,id=8309de5e-b995-43dd-884c-2afc220cfbee
2019-09-19 09:52:19,484 [ForkJoinPool.commonPool-worker-0] INFO  util.JmxRegister (JmxRegister.java:unregister(73)) - Successfully un-registered JMX Bean with object name Ratis:service=RaftServer,group=group-F34EDD2990F8,id=89feb2f7-d50c-4522-98d5-3e9e37dc82b4
2019-09-19 09:52:19,485 [ForkJoinPool.commonPool-worker-0] INFO  impl.RoleInfo (RoleInfo.java:shutdownLeaderState(104)) - 89feb2f7-d50c-4522-98d5-3e9e37dc82b4: shutdown LeaderState
2019-09-19 09:52:19,484 [Thread-1068] INFO  impl.RoleInfo (RoleInfo.java:shutdownLeaderState(104)) - 8309de5e-b995-43dd-884c-2afc220cfbee: shutdown LeaderState
2019-09-19 09:52:19,485 [ForkJoinPool.commonPool-worker-0] INFO  impl.PendingRequests (PendingRequests.java:sendNotLeaderResponses(202)) - 89feb2f7-d50c-4522-98d5-3e9e37dc82b4-PendingRequests: sendNotLeaderResponses
2019-09-19 09:52:19,485 [Thread-1068] INFO  impl.PendingRequests (PendingRequests.java:sendNotLeaderResponses(202)) - 8309de5e-b995-43dd-884c-2afc220cfbee-PendingRequests: sendNotLeaderResponses
2019-09-19 09:52:19,485 [ForkJoinPool.commonPool-worker-0] INFO  impl.StateMachineUpdater (StateMachineUpdater.java:stopAndJoin(115)) - StateMachineUpdater:89feb2f7-d50c-4522-98d5-3e9e37dc82b4:group-F34EDD2990F8: set stopIndex = 0
2019-09-19 09:52:19,486 [Thread-1068] INFO  impl.StateMachineUpdater (StateMachineUpdater.java:stopAndJoin(115)) - StateMachineUpdater:8309de5e-b995-43dd-884c-2afc220cfbee:group-B3D17897AFC8: set stopIndex = 0
2019-09-19 09:52:19,486 [ForkJoinPool.commonPool-worker-0] INFO  impl.RaftServerImpl (ServerState.java:close(394)) - 89feb2f7-d50c-4522-98d5-3e9e37dc82b4:group-F34EDD2990F8 closes. The last applied log index is 0
2019-09-19 09:52:19,486 [Thread-1068] INFO  impl.RaftServerImpl (ServerState.java:close(394)) - 8309de5e-b995-43dd-884c-2afc220cfbee:group-B3D17897AFC8 closes. The last applied log index is 0
2019-09-19 09:52:19,486 [89feb2f7-d50c-4522-98d5-3e9e37dc82b4-SegmentedRaftLogWorker:Storage Directory /workdir/hadoop-ozone/ozonefs/target/test-dir/MiniOzoneClusterImpl-f189934c-45ad-4ec0-9247-8ce3942f6bd4/datanode-0/data/ratis/07a766a8-c879-444e-92b4-f34edd2990f8] INFO  segmented.SegmentedRaftLogWorker (SegmentedRaftLogWorker.java:run(313)) - 89feb2f7-d50c-4522-98d5-3e9e37dc82b4-SegmentedRaftLogWorker:Storage Directory /workdir/hadoop-ozone/ozonefs/target/test-dir/MiniOzoneClusterImpl-f189934c-45ad-4ec0-9247-8ce3942f6bd4/datanode-0/data/ratis/07a766a8-c879-444e-92b4-f34edd2990f8 was interrupted, exiting. There are 0 tasks remaining in the queue.
2019-09-19 09:52:19,487 [8309de5e-b995-43dd-884c-2afc220cfbee-SegmentedRaftLogWorker:Storage Directory /workdir/hadoop-ozone/ozonefs/target/test-dir/MiniOzoneClusterImpl-f189934c-45ad-4ec0-9247-8ce3942f6bd4/datanode-1/data/ratis/16c320d1-ffd0-45ca-8a71-b3d17897afc8] INFO  segmented.SegmentedRaftLogWorker (SegmentedRaftLogWorker.java:run(313)) - 8309de5e-b995-43dd-884c-2afc220cfbee-SegmentedRaftLogWorker:Storage Directory /workdir/hadoop-ozone/ozonefs/target/test-dir/MiniOzoneClusterImpl-f189934c-45ad-4ec0-9247-8ce3942f6bd4/datanode-1/data/ratis/16c320d1-ffd0-45ca-8a71-b3d17897afc8 was interrupted, exiting. There are 0 tasks remaining in the queue.
2019-09-19 09:52:19,487 [ForkJoinPool.commonPool-worker-0] INFO  segmented.SegmentedRaftLogWorker (SegmentedRaftLogWorker.java:close(228)) - 89feb2f7-d50c-4522-98d5-3e9e37dc82b4-SegmentedRaftLogWorker:Storage Directory /workdir/hadoop-ozone/ozonefs/target/test-dir/MiniOzoneClusterImpl-f189934c-45ad-4ec0-9247-8ce3942f6bd4/datanode-0/data/ratis/07a766a8-c879-444e-92b4-f34edd2990f8 close()
2019-09-19 09:52:19,487 [Thread-1068] INFO  segmented.SegmentedRaftLogWorker (SegmentedRaftLogWorker.java:close(228)) - 8309de5e-b995-43dd-884c-2afc220cfbee-SegmentedRaftLogWorker:Storage Directory /workdir/hadoop-ozone/ozonefs/target/test-dir/MiniOzoneClusterImpl-f189934c-45ad-4ec0-9247-8ce3942f6bd4/datanode-1/data/ratis/16c320d1-ffd0-45ca-8a71-b3d17897afc8 close()
2019-09-19 09:52:19,487 [ForkJoinPool.commonPool-worker-0] INFO  impl.RaftServerImpl (RaftServerImpl.java:lambda$shutdown$3(245)) - 89feb2f7-d50c-4522-98d5-3e9e37dc82b4: shutdown group-819A78FF67D9
2019-09-19 09:52:19,488 [Thread-1068] INFO  impl.RaftServerImpl (RaftServerImpl.java:lambda$shutdown$3(245)) - 8309de5e-b995-43dd-884c-2afc220cfbee: shutdown group-8A13E0A416BD
2019-09-19 09:52:19,488 [ForkJoinPool.commonPool-worker-0] INFO  util.JmxRegister (JmxRegister.java:unregister(73)) - Successfully un-registered JMX Bean with object name Ratis:service=RaftServer,group=group-819A78FF67D9,id=89feb2f7-d50c-4522-98d5-3e9e37dc82b4
2019-09-19 09:52:19,488 [Thread-1068] INFO  util.JmxRegister (JmxRegister.java:unregister(73)) - Successfully un-registered JMX Bean with object name Ratis:service=RaftServer,group=group-8A13E0A416BD,id=8309de5e-b995-43dd-884c-2afc220cfbee
2019-09-19 09:52:19,488 [ForkJoinPool.commonPool-worker-0] INFO  impl.RoleInfo (RoleInfo.java:shutdownLeaderState(104)) - 89feb2f7-d50c-4522-98d5-3e9e37dc82b4: shutdown LeaderState
2019-09-19 09:52:19,488 [Thread-1068] INFO  impl.RoleInfo (RoleInfo.java:shutdownLeaderState(104)) - 8309de5e-b995-43dd-884c-2afc220cfbee: shutdown LeaderState
2019-09-19 09:52:19,489 [ForkJoinPool.commonPool-worker-0] INFO  impl.PendingRequests (PendingRequests.java:sendNotLeaderResponses(202)) - 89feb2f7-d50c-4522-98d5-3e9e37dc82b4-PendingRequests: sendNotLeaderResponses
2019-09-19 09:52:19,489 [Thread-1068] INFO  impl.PendingRequests (PendingRequests.java:sendNotLeaderResponses(202)) - 8309de5e-b995-43dd-884c-2afc220cfbee-PendingRequests: sendNotLeaderResponses
2019-09-19 09:52:19,489 [ForkJoinPool.commonPool-worker-0] INFO  impl.StateMachineUpdater (StateMachineUpdater.java:stopAndJoin(115)) - StateMachineUpdater:89feb2f7-d50c-4522-98d5-3e9e37dc82b4:group-819A78FF67D9: set stopIndex = 0
2019-09-19 09:52:19,489 [Thread-1068] INFO  impl.StateMachineUpdater (StateMachineUpdater.java:stopAndJoin(115)) - StateMachineUpdater:8309de5e-b995-43dd-884c-2afc220cfbee:group-8A13E0A416BD: set stopIndex = 0
2019-09-19 09:52:19,490 [ForkJoinPool.commonPool-worker-0] INFO  impl.RaftServerImpl (ServerState.java:close(394)) - 89feb2f7-d50c-4522-98d5-3e9e37dc82b4:group-819A78FF67D9 closes. The last applied log index is 0
2019-09-19 09:52:19,490 [Thread-1068] INFO  impl.RaftServerImpl (ServerState.java:close(394)) - 8309de5e-b995-43dd-884c-2afc220cfbee:group-8A13E0A416BD closes. The last applied log index is 0
2019-09-19 09:52:19,490 [89feb2f7-d50c-4522-98d5-3e9e37dc82b4-SegmentedRaftLogWorker:Storage Directory /workdir/hadoop-ozone/ozonefs/target/test-dir/MiniOzoneClusterImpl-f189934c-45ad-4ec0-9247-8ce3942f6bd4/datanode-0/data/ratis/0c4eee37-d467-434b-8f2a-819a78ff67d9] INFO  segmented.SegmentedRaftLogWorker (SegmentedRaftLogWorker.java:run(313)) - 89feb2f7-d50c-4522-98d5-3e9e37dc82b4-SegmentedRaftLogWorker:Storage Directory /workdir/hadoop-ozone/ozonefs/target/test-dir/MiniOzoneClusterImpl-f189934c-45ad-4ec0-9247-8ce3942f6bd4/datanode-0/data/ratis/0c4eee37-d467-434b-8f2a-819a78ff67d9 was interrupted, exiting. There are 0 tasks remaining in the queue.
2019-09-19 09:52:19,490 [8309de5e-b995-43dd-884c-2afc220cfbee-SegmentedRaftLogWorker:Storage Directory /workdir/hadoop-ozone/ozonefs/target/test-dir/MiniOzoneClusterImpl-f189934c-45ad-4ec0-9247-8ce3942f6bd4/datanode-1/data/ratis/0dfaae67-20d8-4ed4-bb5a-8a13e0a416bd] INFO  segmented.SegmentedRaftLogWorker (SegmentedRaftLogWorker.java:run(313)) - 8309de5e-b995-43dd-884c-2afc220cfbee-SegmentedRaftLogWorker:Storage Directory /workdir/hadoop-ozone/ozonefs/target/test-dir/MiniOzoneClusterImpl-f189934c-45ad-4ec0-9247-8ce3942f6bd4/datanode-1/data/ratis/0dfaae67-20d8-4ed4-bb5a-8a13e0a416bd was interrupted, exiting. There are 0 tasks remaining in the queue.
2019-09-19 09:52:19,491 [ForkJoinPool.commonPool-worker-0] INFO  segmented.SegmentedRaftLogWorker (SegmentedRaftLogWorker.java:close(228)) - 89feb2f7-d50c-4522-98d5-3e9e37dc82b4-SegmentedRaftLogWorker:Storage Directory /workdir/hadoop-ozone/ozonefs/target/test-dir/MiniOzoneClusterImpl-f189934c-45ad-4ec0-9247-8ce3942f6bd4/datanode-0/data/ratis/0c4eee37-d467-434b-8f2a-819a78ff67d9 close()
2019-09-19 09:52:19,491 [Thread-1068] INFO  segmented.SegmentedRaftLogWorker (SegmentedRaftLogWorker.java:close(228)) - 8309de5e-b995-43dd-884c-2afc220cfbee-SegmentedRaftLogWorker:Storage Directory /workdir/hadoop-ozone/ozonefs/target/test-dir/MiniOzoneClusterImpl-f189934c-45ad-4ec0-9247-8ce3942f6bd4/datanode-1/data/ratis/0dfaae67-20d8-4ed4-bb5a-8a13e0a416bd close()
2019-09-19 09:52:19,491 [ForkJoinPool.commonPool-worker-0] INFO  impl.RaftServerImpl (RaftServerImpl.java:lambda$shutdown$3(245)) - 89feb2f7-d50c-4522-98d5-3e9e37dc82b4: shutdown group-B84331ABDC34
2019-09-19 09:52:19,491 [Thread-1068] INFO  impl.RaftServerImpl (RaftServerImpl.java:lambda$shutdown$3(245)) - 8309de5e-b995-43dd-884c-2afc220cfbee: shutdown group-BD257422999D
2019-09-19 09:52:19,491 [ForkJoinPool.commonPool-worker-0] INFO  util.JmxRegister (JmxRegister.java:unregister(73)) - Successfully un-registered JMX Bean with object name Ratis:service=RaftServer,group=group-B84331ABDC34,id=89feb2f7-d50c-4522-98d5-3e9e37dc82b4
2019-09-19 09:52:19,492 [Thread-1068] INFO  util.JmxRegister (JmxRegister.java:unregister(73)) - Successfully un-registered JMX Bean with object name Ratis:service=RaftServer,group=group-BD257422999D,id=8309de5e-b995-43dd-884c-2afc220cfbee
2019-09-19 09:52:19,492 [ForkJoinPool.commonPool-worker-0] INFO  impl.RoleInfo (RoleInfo.java:shutdownLeaderState(104)) - 89feb2f7-d50c-4522-98d5-3e9e37dc82b4: shutdown LeaderState
2019-09-19 09:52:19,492 [Thread-1068] INFO  impl.RoleInfo (RoleInfo.java:shutdownLeaderState(104)) - 8309de5e-b995-43dd-884c-2afc220cfbee: shutdown LeaderState
2019-09-19 09:52:19,492 [ForkJoinPool.commonPool-worker-0] INFO  impl.PendingRequests (PendingRequests.java:sendNotLeaderResponses(202)) - 89feb2f7-d50c-4522-98d5-3e9e37dc82b4-PendingRequests: sendNotLeaderResponses
2019-09-19 09:52:19,492 [Thread-1068] INFO  impl.PendingRequests (PendingRequests.java:sendNotLeaderResponses(202)) - 8309de5e-b995-43dd-884c-2afc220cfbee-PendingRequests: sendNotLeaderResponses
2019-09-19 09:52:19,493 [ForkJoinPool.commonPool-worker-0] INFO  impl.StateMachineUpdater (StateMachineUpdater.java:stopAndJoin(115)) - StateMachineUpdater:89feb2f7-d50c-4522-98d5-3e9e37dc82b4:group-B84331ABDC34: set stopIndex = 0
2019-09-19 09:52:19,493 [Thread-1068] INFO  impl.StateMachineUpdater (StateMachineUpdater.java:stopAndJoin(115)) - StateMachineUpdater:8309de5e-b995-43dd-884c-2afc220cfbee:group-BD257422999D: set stopIndex = 0
2019-09-19 09:52:19,493 [Thread-1068] INFO  impl.RaftServerImpl (ServerState.java:close(394)) - 8309de5e-b995-43dd-884c-2afc220cfbee:group-BD257422999D closes. The last applied log index is 0
2019-09-19 09:52:19,493 [ForkJoinPool.commonPool-worker-0] INFO  impl.RaftServerImpl (ServerState.java:close(394)) - 89feb2f7-d50c-4522-98d5-3e9e37dc82b4:group-B84331ABDC34 closes. The last applied log index is 0
2019-09-19 09:52:19,494 [8309de5e-b995-43dd-884c-2afc220cfbee-SegmentedRaftLogWorker:Storage Directory /workdir/hadoop-ozone/ozonefs/target/test-dir/MiniOzoneClusterImpl-f189934c-45ad-4ec0-9247-8ce3942f6bd4/datanode-1/data/ratis/0cc9a433-294d-4207-a193-bd257422999d] INFO  segmented.SegmentedRaftLogWorker (SegmentedRaftLogWorker.java:run(313)) - 8309de5e-b995-43dd-884c-2afc220cfbee-SegmentedRaftLogWorker:Storage Directory /workdir/hadoop-ozone/ozonefs/target/test-dir/MiniOzoneClusterImpl-f189934c-45ad-4ec0-9247-8ce3942f6bd4/datanode-1/data/ratis/0cc9a433-294d-4207-a193-bd257422999d was interrupted, exiting. There are 0 tasks remaining in the queue.
2019-09-19 09:52:19,494 [89feb2f7-d50c-4522-98d5-3e9e37dc82b4-SegmentedRaftLogWorker:Storage Directory /workdir/hadoop-ozone/ozonefs/target/test-dir/MiniOzoneClusterImpl-f189934c-45ad-4ec0-9247-8ce3942f6bd4/datanode-0/data/ratis/cac80e25-6062-4452-9cad-b84331abdc34] INFO  segmented.SegmentedRaftLogWorker (SegmentedRaftLogWorker.java:run(313)) - 89feb2f7-d50c-4522-98d5-3e9e37dc82b4-SegmentedRaftLogWorker:Storage Directory /workdir/hadoop-ozone/ozonefs/target/test-dir/MiniOzoneClusterImpl-f189934c-45ad-4ec0-9247-8ce3942f6bd4/datanode-0/data/ratis/cac80e25-6062-4452-9cad-b84331abdc34 was interrupted, exiting. There are 0 tasks remaining in the queue.
2019-09-19 09:52:19,494 [Thread-1068] INFO  segmented.SegmentedRaftLogWorker (SegmentedRaftLogWorker.java:close(228)) - 8309de5e-b995-43dd-884c-2afc220cfbee-SegmentedRaftLogWorker:Storage Directory /workdir/hadoop-ozone/ozonefs/target/test-dir/MiniOzoneClusterImpl-f189934c-45ad-4ec0-9247-8ce3942f6bd4/datanode-1/data/ratis/0cc9a433-294d-4207-a193-bd257422999d close()
2019-09-19 09:52:19,494 [ForkJoinPool.commonPool-worker-0] INFO  segmented.SegmentedRaftLogWorker (SegmentedRaftLogWorker.java:close(228)) - 89feb2f7-d50c-4522-98d5-3e9e37dc82b4-SegmentedRaftLogWorker:Storage Directory /workdir/hadoop-ozone/ozonefs/target/test-dir/MiniOzoneClusterImpl-f189934c-45ad-4ec0-9247-8ce3942f6bd4/datanode-0/data/ratis/cac80e25-6062-4452-9cad-b84331abdc34 close()
2019-09-19 09:52:19,495 [Thread-1068] INFO  impl.RaftServerImpl (RaftServerImpl.java:lambda$shutdown$3(245)) - 8309de5e-b995-43dd-884c-2afc220cfbee: shutdown group-0A5CE2997857
2019-09-19 09:52:19,495 [ForkJoinPool.commonPool-worker-0] INFO  impl.RaftServerImpl (RaftServerImpl.java:lambda$shutdown$3(245)) - 89feb2f7-d50c-4522-98d5-3e9e37dc82b4: shutdown group-E597730B948D
2019-09-19 09:52:19,495 [Thread-1068] INFO  util.JmxRegister (JmxRegister.java:unregister(73)) - Successfully un-registered JMX Bean with object name Ratis:service=RaftServer,group=group-0A5CE2997857,id=8309de5e-b995-43dd-884c-2afc220cfbee
2019-09-19 09:52:19,496 [Thread-1068] INFO  impl.RoleInfo (RoleInfo.java:shutdownLeaderState(104)) - 8309de5e-b995-43dd-884c-2afc220cfbee: shutdown LeaderState
2019-09-19 09:52:19,495 [ForkJoinPool.commonPool-worker-0] INFO  util.JmxRegister (JmxRegister.java:unregister(73)) - Successfully un-registered JMX Bean with object name Ratis:service=RaftServer,group=group-E597730B948D,id=89feb2f7-d50c-4522-98d5-3e9e37dc82b4
2019-09-19 09:52:19,496 [ForkJoinPool.commonPool-worker-0] INFO  impl.RoleInfo (RoleInfo.java:shutdownLeaderState(104)) - 89feb2f7-d50c-4522-98d5-3e9e37dc82b4: shutdown LeaderState
2019-09-19 09:52:19,496 [Thread-1068] INFO  impl.PendingRequests (PendingRequests.java:sendNotLeaderResponses(202)) - 8309de5e-b995-43dd-884c-2afc220cfbee-PendingRequests: sendNotLeaderResponses
2019-09-19 09:52:19,496 [ForkJoinPool.commonPool-worker-0] INFO  impl.PendingRequests (PendingRequests.java:sendNotLeaderResponses(202)) - 89feb2f7-d50c-4522-98d5-3e9e37dc82b4-PendingRequests: sendNotLeaderResponses
2019-09-19 09:52:19,497 [Thread-1068] INFO  impl.StateMachineUpdater (StateMachineUpdater.java:stopAndJoin(115)) - StateMachineUpdater:8309de5e-b995-43dd-884c-2afc220cfbee:group-0A5CE2997857: set stopIndex = 0
2019-09-19 09:52:19,497 [Thread-1068] INFO  impl.RaftServerImpl (ServerState.java:close(394)) - 8309de5e-b995-43dd-884c-2afc220cfbee:group-0A5CE2997857 closes. The last applied log index is 0
2019-09-19 09:52:19,497 [ForkJoinPool.commonPool-worker-0] INFO  impl.StateMachineUpdater (StateMachineUpdater.java:stopAndJoin(115)) - StateMachineUpdater:89feb2f7-d50c-4522-98d5-3e9e37dc82b4:group-E597730B948D: set stopIndex = 0
2019-09-19 09:52:19,498 [ForkJoinPool.commonPool-worker-0] INFO  impl.RaftServerImpl (ServerState.java:close(394)) - 89feb2f7-d50c-4522-98d5-3e9e37dc82b4:group-E597730B948D closes. The last applied log index is 0
2019-09-19 09:52:19,498 [8309de5e-b995-43dd-884c-2afc220cfbee-SegmentedRaftLogWorker:Storage Directory /workdir/hadoop-ozone/ozonefs/target/test-dir/MiniOzoneClusterImpl-f189934c-45ad-4ec0-9247-8ce3942f6bd4/datanode-1/data/ratis/ab4ae956-e79a-409d-b1c0-0a5ce2997857] INFO  segmented.SegmentedRaftLogWorker (SegmentedRaftLogWorker.java:run(313)) - 8309de5e-b995-43dd-884c-2afc220cfbee-SegmentedRaftLogWorker:Storage Directory /workdir/hadoop-ozone/ozonefs/target/test-dir/MiniOzoneClusterImpl-f189934c-45ad-4ec0-9247-8ce3942f6bd4/datanode-1/data/ratis/ab4ae956-e79a-409d-b1c0-0a5ce2997857 was interrupted, exiting. There are 0 tasks remaining in the queue.
2019-09-19 09:52:19,498 [89feb2f7-d50c-4522-98d5-3e9e37dc82b4-SegmentedRaftLogWorker:Storage Directory /workdir/hadoop-ozone/ozonefs/target/test-dir/MiniOzoneClusterImpl-f189934c-45ad-4ec0-9247-8ce3942f6bd4/datanode-0/data/ratis/331aab33-ba6d-4cd5-8a7d-e597730b948d] INFO  segmented.SegmentedRaftLogWorker (SegmentedRaftLogWorker.java:run(313)) - 89feb2f7-d50c-4522-98d5-3e9e37dc82b4-SegmentedRaftLogWorker:Storage Directory /workdir/hadoop-ozone/ozonefs/target/test-dir/MiniOzoneClusterImpl-f189934c-45ad-4ec0-9247-8ce3942f6bd4/datanode-0/data/ratis/331aab33-ba6d-4cd5-8a7d-e597730b948d was interrupted, exiting. There are 0 tasks remaining in the queue.
2019-09-19 09:52:19,498 [Thread-1068] INFO  segmented.SegmentedRaftLogWorker (SegmentedRaftLogWorker.java:close(228)) - 8309de5e-b995-43dd-884c-2afc220cfbee-SegmentedRaftLogWorker:Storage Directory /workdir/hadoop-ozone/ozonefs/target/test-dir/MiniOzoneClusterImpl-f189934c-45ad-4ec0-9247-8ce3942f6bd4/datanode-1/data/ratis/ab4ae956-e79a-409d-b1c0-0a5ce2997857 close()
2019-09-19 09:52:19,498 [ForkJoinPool.commonPool-worker-0] INFO  segmented.SegmentedRaftLogWorker (SegmentedRaftLogWorker.java:close(228)) - 89feb2f7-d50c-4522-98d5-3e9e37dc82b4-SegmentedRaftLogWorker:Storage Directory /workdir/hadoop-ozone/ozonefs/target/test-dir/MiniOzoneClusterImpl-f189934c-45ad-4ec0-9247-8ce3942f6bd4/datanode-0/data/ratis/331aab33-ba6d-4cd5-8a7d-e597730b948d close()
2019-09-19 09:52:19,499 [Thread-1068] INFO  impl.RaftServerImpl (RaftServerImpl.java:lambda$shutdown$3(245)) - 8309de5e-b995-43dd-884c-2afc220cfbee: shutdown group-EBC93E4CE50D
2019-09-19 09:52:19,499 [ForkJoinPool.commonPool-worker-0] INFO  impl.RaftServerImpl (RaftServerImpl.java:lambda$shutdown$3(245)) - 89feb2f7-d50c-4522-98d5-3e9e37dc82b4: shutdown group-831B3B2EE43B
2019-09-19 09:52:19,499 [Thread-1068] INFO  util.JmxRegister (JmxRegister.java:unregister(73)) - Successfully un-registered JMX Bean with object name Ratis:service=RaftServer,group=group-EBC93E4CE50D,id=8309de5e-b995-43dd-884c-2afc220cfbee
2019-09-19 09:52:19,500 [Thread-1068] INFO  impl.RoleInfo (RoleInfo.java:shutdownLeaderState(104)) - 8309de5e-b995-43dd-884c-2afc220cfbee: shutdown LeaderState
2019-09-19 09:52:19,500 [ForkJoinPool.commonPool-worker-0] INFO  util.JmxRegister (JmxRegister.java:unregister(73)) - Successfully un-registered JMX Bean with object name Ratis:service=RaftServer,group=group-831B3B2EE43B,id=89feb2f7-d50c-4522-98d5-3e9e37dc82b4
2019-09-19 09:52:19,500 [ForkJoinPool.commonPool-worker-0] INFO  impl.RoleInfo (RoleInfo.java:shutdownLeaderState(104)) - 89feb2f7-d50c-4522-98d5-3e9e37dc82b4: shutdown LeaderState
2019-09-19 09:52:19,500 [Thread-1068] INFO  impl.PendingRequests (PendingRequests.java:sendNotLeaderResponses(202)) - 8309de5e-b995-43dd-884c-2afc220cfbee-PendingRequests: sendNotLeaderResponses
2019-09-19 09:52:19,501 [ForkJoinPool.commonPool-worker-0] INFO  impl.PendingRequests (PendingRequests.java:sendNotLeaderResponses(202)) - 89feb2f7-d50c-4522-98d5-3e9e37dc82b4-PendingRequests: sendNotLeaderResponses
2019-09-19 09:52:19,501 [Thread-1068] INFO  impl.StateMachineUpdater (StateMachineUpdater.java:stopAndJoin(115)) - StateMachineUpdater:8309de5e-b995-43dd-884c-2afc220cfbee:group-EBC93E4CE50D: set stopIndex = 0
2019-09-19 09:52:19,501 [ForkJoinPool.commonPool-worker-0] INFO  impl.StateMachineUpdater (StateMachineUpdater.java:stopAndJoin(115)) - StateMachineUpdater:89feb2f7-d50c-4522-98d5-3e9e37dc82b4:group-831B3B2EE43B: set stopIndex = 0
2019-09-19 09:52:19,501 [Thread-1068] INFO  impl.RaftServerImpl (ServerState.java:close(394)) - 8309de5e-b995-43dd-884c-2afc220cfbee:group-EBC93E4CE50D closes. The last applied log index is 0
2019-09-19 09:52:19,502 [ForkJoinPool.commonPool-worker-0] INFO  impl.RaftServerImpl (ServerState.java:close(394)) - 89feb2f7-d50c-4522-98d5-3e9e37dc82b4:group-831B3B2EE43B closes. The last applied log index is 0
2019-09-19 09:52:19,502 [8309de5e-b995-43dd-884c-2afc220cfbee-SegmentedRaftLogWorker:Storage Directory /workdir/hadoop-ozone/ozonefs/target/test-dir/MiniOzoneClusterImpl-f189934c-45ad-4ec0-9247-8ce3942f6bd4/datanode-1/data/ratis/91aec30f-ef7f-4a97-8aee-ebc93e4ce50d] INFO  segmented.SegmentedRaftLogWorker (SegmentedRaftLogWorker.java:run(313)) - 8309de5e-b995-43dd-884c-2afc220cfbee-SegmentedRaftLogWorker:Storage Directory /workdir/hadoop-ozone/ozonefs/target/test-dir/MiniOzoneClusterImpl-f189934c-45ad-4ec0-9247-8ce3942f6bd4/datanode-1/data/ratis/91aec30f-ef7f-4a97-8aee-ebc93e4ce50d was interrupted, exiting. There are 0 tasks remaining in the queue.
2019-09-19 09:52:19,502 [89feb2f7-d50c-4522-98d5-3e9e37dc82b4-SegmentedRaftLogWorker:Storage Directory /workdir/hadoop-ozone/ozonefs/target/test-dir/MiniOzoneClusterImpl-f189934c-45ad-4ec0-9247-8ce3942f6bd4/datanode-0/data/ratis/1623f7db-5a76-4db8-b696-831b3b2ee43b] INFO  segmented.SegmentedRaftLogWorker (SegmentedRaftLogWorker.java:run(313)) - 89feb2f7-d50c-4522-98d5-3e9e37dc82b4-SegmentedRaftLogWorker:Storage Directory /workdir/hadoop-ozone/ozonefs/target/test-dir/MiniOzoneClusterImpl-f189934c-45ad-4ec0-9247-8ce3942f6bd4/datanode-0/data/ratis/1623f7db-5a76-4db8-b696-831b3b2ee43b was interrupted, exiting. There are 0 tasks remaining in the queue.
2019-09-19 09:52:19,502 [Thread-1068] INFO  segmented.SegmentedRaftLogWorker (SegmentedRaftLogWorker.java:close(228)) - 8309de5e-b995-43dd-884c-2afc220cfbee-SegmentedRaftLogWorker:Storage Directory /workdir/hadoop-ozone/ozonefs/target/test-dir/MiniOzoneClusterImpl-f189934c-45ad-4ec0-9247-8ce3942f6bd4/datanode-1/data/ratis/91aec30f-ef7f-4a97-8aee-ebc93e4ce50d close()
2019-09-19 09:52:19,502 [ForkJoinPool.commonPool-worker-0] INFO  segmented.SegmentedRaftLogWorker (SegmentedRaftLogWorker.java:close(228)) - 89feb2f7-d50c-4522-98d5-3e9e37dc82b4-SegmentedRaftLogWorker:Storage Directory /workdir/hadoop-ozone/ozonefs/target/test-dir/MiniOzoneClusterImpl-f189934c-45ad-4ec0-9247-8ce3942f6bd4/datanode-0/data/ratis/1623f7db-5a76-4db8-b696-831b3b2ee43b close()
2019-09-19 09:52:19,503 [Thread-1068] INFO  server.GrpcService (GrpcService.java:closeImpl(155)) - 8309de5e-b995-43dd-884c-2afc220cfbee: shutdown server with port 37557 now
2019-09-19 09:52:19,503 [ForkJoinPool.commonPool-worker-0] INFO  server.GrpcService (GrpcService.java:closeImpl(155)) - 89feb2f7-d50c-4522-98d5-3e9e37dc82b4: shutdown server with port 38381 now
2019-09-19 09:52:19,504 [Thread-1068] INFO  server.GrpcService (GrpcService.java:closeImpl(163)) - 8309de5e-b995-43dd-884c-2afc220cfbee: shutdown server with port 37557 successfully
2019-09-19 09:52:19,506 [ForkJoinPool.commonPool-worker-0] INFO  server.GrpcService (GrpcService.java:closeImpl(163)) - 89feb2f7-d50c-4522-98d5-3e9e37dc82b4: shutdown server with port 38381 successfully
2019-09-19 09:52:19,507 [ForkJoinPool.commonPool-worker-0] INFO  utils.BackgroundService (BackgroundService.java:shutdown(148)) - Shutting down service BlockDeletingService
2019-09-19 09:52:19,507 [Thread-1068] INFO  utils.BackgroundService (BackgroundService.java:shutdown(148)) - Shutting down service BlockDeletingService
2019-09-19 09:52:19,508 [refreshUsed-/workdir/hadoop-ozone/ozonefs/target/test-dir/MiniOzoneClusterImpl-f189934c-45ad-4ec0-9247-8ce3942f6bd4/datanode-0/data/containers] WARN  fs.CachingGetSpaceUsed (CachingGetSpaceUsed.java:run(183)) - Thread Interrupted waiting to refresh disk information: sleep interrupted
2019-09-19 09:52:19,509 [refreshUsed-/workdir/hadoop-ozone/ozonefs/target/test-dir/MiniOzoneClusterImpl-f189934c-45ad-4ec0-9247-8ce3942f6bd4/datanode-1/data/containers] WARN  fs.CachingGetSpaceUsed (CachingGetSpaceUsed.java:run(183)) - Thread Interrupted waiting to refresh disk information: sleep interrupted
2019-09-19 09:52:19,531 [Thread-1068] INFO  statemachine.DatanodeStateMachine (DatanodeStateMachine.java:stopDaemon(395)) - Ozone container server stopped.
2019-09-19 09:52:19,532 [Thread-1068] INFO  handler.ContextHandler (ContextHandler.java:doStop(910)) - Stopped o.e.j.w.WebAppContext@22770d03{/,null,UNAVAILABLE}{/hddsDatanode}
2019-09-19 09:52:19,532 [Thread-1068] INFO  server.AbstractConnector (AbstractConnector.java:doStop(318)) - Stopped ServerConnector@6e70805{HTTP/1.1,[http/1.1]}{0.0.0.0:0}
2019-09-19 09:52:19,532 [Thread-1068] INFO  handler.ContextHandler (ContextHandler.java:doStop(910)) - Stopped o.e.j.s.ServletContextHandler@42263af4{/static,jar:file:/home/user/.m2/repository/org/apache/hadoop/hadoop-hdds-container-service/0.5.0-SNAPSHOT/hadoop-hdds-container-service-0.5.0-SNAPSHOT.jar!/webapps/static,UNAVAILABLE}
2019-09-19 09:52:19,533 [Thread-1068] INFO  handler.ContextHandler (ContextHandler.java:doStop(910)) - Stopped o.e.j.s.ServletContextHandler@4b3b5d87{/logs,file:///workdir/hadoop-ozone/ozonefs/target/log,UNAVAILABLE}
2019-09-19 09:52:19,533 [Thread-1068] INFO  datanode.ObjectStoreHandler (ObjectStoreHandler.java:close(155)) - Closing ObjectStoreHandler.
2019-09-19 09:52:19,534 [Thread-1068] INFO  ozone.HddsDatanodeService (HddsDatanodeService.java:stop(451)) - Stopped plug-in org.apache.hadoop.ozone.web.OzoneHddsDatanodeService@8a561fd
2019-09-19 09:52:19,539 [ForkJoinPool.commonPool-worker-0] INFO  statemachine.DatanodeStateMachine (DatanodeStateMachine.java:stopDaemon(395)) - Ozone container server stopped.
2019-09-19 09:52:19,542 [ForkJoinPool.commonPool-worker-0] INFO  handler.ContextHandler (ContextHandler.java:doStop(910)) - Stopped o.e.j.w.WebAppContext@f8c57f0{/,null,UNAVAILABLE}{/hddsDatanode}
2019-09-19 09:52:19,543 [ForkJoinPool.commonPool-worker-0] INFO  server.AbstractConnector (AbstractConnector.java:doStop(318)) - Stopped ServerConnector@2dc62cf{HTTP/1.1,[http/1.1]}{0.0.0.0:0}
2019-09-19 09:52:19,544 [ForkJoinPool.commonPool-worker-0] INFO  handler.ContextHandler (ContextHandler.java:doStop(910)) - Stopped o.e.j.s.ServletContextHandler@2b7e42ec{/static,jar:file:/home/user/.m2/repository/org/apache/hadoop/hadoop-hdds-container-service/0.5.0-SNAPSHOT/hadoop-hdds-container-service-0.5.0-SNAPSHOT.jar!/webapps/static,UNAVAILABLE}
2019-09-19 09:52:19,545 [ForkJoinPool.commonPool-worker-0] INFO  handler.ContextHandler (ContextHandler.java:doStop(910)) - Stopped o.e.j.s.ServletContextHandler@5a5f88db{/logs,file:///workdir/hadoop-ozone/ozonefs/target/log,UNAVAILABLE}
2019-09-19 09:52:20,221 [Datanode State Machine Thread - 0] INFO  statemachine.DatanodeStateMachine (DatanodeStateMachine.java:lambda$startDaemon$0(350)) - Ozone container server started.
2019-09-19 09:52:24,535 [Thread-1068] INFO  ozoneimpl.OzoneContainer (OzoneContainer.java:stop(199)) - Attempting to stop container services.
2019-09-19 09:52:24,535 [Thread-1068] INFO  impl.RaftServerProxy (RaftServerProxy.java:lambda$close$4(314)) - b401d7ef-c1f5-49e9-9ce5-0be3b3216b3d: close
2019-09-19 09:52:24,536 [Thread-1068] INFO  impl.RaftServerImpl (RaftServerImpl.java:lambda$shutdown$3(245)) - b401d7ef-c1f5-49e9-9ce5-0be3b3216b3d: shutdown group-AED6ADCB8D7B
2019-09-19 09:52:24,537 [ForkJoinPool.commonPool-worker-1] INFO  impl.RaftServerImpl (RaftServerImpl.java:lambda$shutdown$3(245)) - b401d7ef-c1f5-49e9-9ce5-0be3b3216b3d: shutdown group-D29659CCC7FF
2019-09-19 09:52:24,537 [Thread-1068] INFO  util.JmxRegister (JmxRegister.java:unregister(73)) - Successfully un-registered JMX Bean with object name Ratis:service=RaftServer,group=group-AED6ADCB8D7B,id=b401d7ef-c1f5-49e9-9ce5-0be3b3216b3d
2019-09-19 09:52:24,537 [Thread-1068] INFO  impl.RoleInfo (RoleInfo.java:shutdownLeaderState(104)) - b401d7ef-c1f5-49e9-9ce5-0be3b3216b3d: shutdown LeaderState
2019-09-19 09:52:24,537 [ForkJoinPool.commonPool-worker-1] INFO  util.JmxRegister (JmxRegister.java:unregister(73)) - Successfully un-registered JMX Bean with object name Ratis:service=RaftServer,group=group-D29659CCC7FF,id=b401d7ef-c1f5-49e9-9ce5-0be3b3216b3d
2019-09-19 09:52:24,538 [Thread-1068] INFO  impl.PendingRequests (PendingRequests.java:sendNotLeaderResponses(202)) - b401d7ef-c1f5-49e9-9ce5-0be3b3216b3d-PendingRequests: sendNotLeaderResponses
2019-09-19 09:52:24,538 [ForkJoinPool.commonPool-worker-1] INFO  impl.RoleInfo (RoleInfo.java:shutdownLeaderState(104)) - b401d7ef-c1f5-49e9-9ce5-0be3b3216b3d: shutdown LeaderState
2019-09-19 09:52:24,539 [Thread-1068] INFO  impl.StateMachineUpdater (StateMachineUpdater.java:stopAndJoin(115)) - StateMachineUpdater:b401d7ef-c1f5-49e9-9ce5-0be3b3216b3d:group-AED6ADCB8D7B: set stopIndex = 0
2019-09-19 09:52:24,539 [ForkJoinPool.commonPool-worker-1] INFO  impl.PendingRequests (PendingRequests.java:sendNotLeaderResponses(202)) - b401d7ef-c1f5-49e9-9ce5-0be3b3216b3d-PendingRequests: sendNotLeaderResponses
2019-09-19 09:52:24,539 [Thread-1068] INFO  impl.RaftServerImpl (ServerState.java:close(394)) - b401d7ef-c1f5-49e9-9ce5-0be3b3216b3d:group-AED6ADCB8D7B closes. The last applied log index is 0
2019-09-19 09:52:24,539 [ForkJoinPool.commonPool-worker-1] INFO  impl.StateMachineUpdater (StateMachineUpdater.java:stopAndJoin(115)) - StateMachineUpdater:b401d7ef-c1f5-49e9-9ce5-0be3b3216b3d:group-D29659CCC7FF: set stopIndex = 0
2019-09-19 09:52:24,540 [ForkJoinPool.commonPool-worker-1] INFO  impl.RaftServerImpl (ServerState.java:close(394)) - b401d7ef-c1f5-49e9-9ce5-0be3b3216b3d:group-D29659CCC7FF closes. The last applied log index is 0
2019-09-19 09:52:24,540 [b401d7ef-c1f5-49e9-9ce5-0be3b3216b3d-SegmentedRaftLogWorker:Storage Directory /workdir/hadoop-ozone/ozonefs/target/test-dir/MiniOzoneClusterImpl-f189934c-45ad-4ec0-9247-8ce3942f6bd4/datanode-2/data/ratis/8f1b36b1-572a-4061-b101-aed6adcb8d7b] INFO  segmented.SegmentedRaftLogWorker (SegmentedRaftLogWorker.java:run(313)) - b401d7ef-c1f5-49e9-9ce5-0be3b3216b3d-SegmentedRaftLogWorker:Storage Directory /workdir/hadoop-ozone/ozonefs/target/test-dir/MiniOzoneClusterImpl-f189934c-45ad-4ec0-9247-8ce3942f6bd4/datanode-2/data/ratis/8f1b36b1-572a-4061-b101-aed6adcb8d7b was interrupted, exiting. There are 0 tasks remaining in the queue.
2019-09-19 09:52:24,540 [b401d7ef-c1f5-49e9-9ce5-0be3b3216b3d-SegmentedRaftLogWorker:Storage Directory /workdir/hadoop-ozone/ozonefs/target/test-dir/MiniOzoneClusterImpl-f189934c-45ad-4ec0-9247-8ce3942f6bd4/datanode-2/data/ratis/de74334d-5ac9-400a-9267-d29659ccc7ff] INFO  segmented.SegmentedRaftLogWorker (SegmentedRaftLogWorker.java:run(313)) - b401d7ef-c1f5-49e9-9ce5-0be3b3216b3d-SegmentedRaftLogWorker:Storage Directory /workdir/hadoop-ozone/ozonefs/target/test-dir/MiniOzoneClusterImpl-f189934c-45ad-4ec0-9247-8ce3942f6bd4/datanode-2/data/ratis/de74334d-5ac9-400a-9267-d29659ccc7ff was interrupted, exiting. There are 0 tasks remaining in the queue.
2019-09-19 09:52:24,540 [Thread-1068] INFO  segmented.SegmentedRaftLogWorker (SegmentedRaftLogWorker.java:close(228)) - b401d7ef-c1f5-49e9-9ce5-0be3b3216b3d-SegmentedRaftLogWorker:Storage Directory /workdir/hadoop-ozone/ozonefs/target/test-dir/MiniOzoneClusterImpl-f189934c-45ad-4ec0-9247-8ce3942f6bd4/datanode-2/data/ratis/8f1b36b1-572a-4061-b101-aed6adcb8d7b close()
2019-09-19 09:52:24,541 [ForkJoinPool.commonPool-worker-1] INFO  segmented.SegmentedRaftLogWorker (SegmentedRaftLogWorker.java:close(228)) - b401d7ef-c1f5-49e9-9ce5-0be3b3216b3d-SegmentedRaftLogWorker:Storage Directory /workdir/hadoop-ozone/ozonefs/target/test-dir/MiniOzoneClusterImpl-f189934c-45ad-4ec0-9247-8ce3942f6bd4/datanode-2/data/ratis/de74334d-5ac9-400a-9267-d29659ccc7ff close()
2019-09-19 09:52:24,541 [Thread-1068] INFO  impl.RaftServerImpl (RaftServerImpl.java:lambda$shutdown$3(245)) - b401d7ef-c1f5-49e9-9ce5-0be3b3216b3d: shutdown group-43CA374AAA75
2019-09-19 09:52:24,541 [ForkJoinPool.commonPool-worker-1] INFO  impl.RaftServerImpl (RaftServerImpl.java:lambda$shutdown$3(245)) - b401d7ef-c1f5-49e9-9ce5-0be3b3216b3d: shutdown group-DA1649645A47
2019-09-19 09:52:24,541 [Thread-1068] INFO  util.JmxRegister (JmxRegister.java:unregister(73)) - Successfully un-registered JMX Bean with object name Ratis:service=RaftServer,group=group-43CA374AAA75,id=b401d7ef-c1f5-49e9-9ce5-0be3b3216b3d
2019-09-19 09:52:24,542 [ForkJoinPool.commonPool-worker-1] INFO  util.JmxRegister (JmxRegister.java:unregister(73)) - Successfully un-registered JMX Bean with object name Ratis:service=RaftServer,group=group-DA1649645A47,id=b401d7ef-c1f5-49e9-9ce5-0be3b3216b3d
2019-09-19 09:52:24,542 [Thread-1068] INFO  impl.RoleInfo (RoleInfo.java:shutdownLeaderState(104)) - b401d7ef-c1f5-49e9-9ce5-0be3b3216b3d: shutdown LeaderState
2019-09-19 09:52:24,542 [ForkJoinPool.commonPool-worker-1] INFO  impl.RoleInfo (RoleInfo.java:shutdownLeaderState(104)) - b401d7ef-c1f5-49e9-9ce5-0be3b3216b3d: shutdown LeaderState
2019-09-19 09:52:24,543 [Thread-1068] INFO  impl.PendingRequests (PendingRequests.java:sendNotLeaderResponses(202)) - b401d7ef-c1f5-49e9-9ce5-0be3b3216b3d-PendingRequests: sendNotLeaderResponses
2019-09-19 09:52:24,543 [ForkJoinPool.commonPool-worker-1] INFO  impl.PendingRequests (PendingRequests.java:sendNotLeaderResponses(202)) - b401d7ef-c1f5-49e9-9ce5-0be3b3216b3d-PendingRequests: sendNotLeaderResponses
2019-09-19 09:52:24,543 [Thread-1068] INFO  impl.StateMachineUpdater (StateMachineUpdater.java:stopAndJoin(115)) - StateMachineUpdater:b401d7ef-c1f5-49e9-9ce5-0be3b3216b3d:group-43CA374AAA75: set stopIndex = 0
2019-09-19 09:52:24,543 [ForkJoinPool.commonPool-worker-1] INFO  impl.StateMachineUpdater (StateMachineUpdater.java:stopAndJoin(115)) - StateMachineUpdater:b401d7ef-c1f5-49e9-9ce5-0be3b3216b3d:group-DA1649645A47: set stopIndex = 0
2019-09-19 09:52:24,543 [Thread-1068] INFO  impl.RaftServerImpl (ServerState.java:close(394)) - b401d7ef-c1f5-49e9-9ce5-0be3b3216b3d:group-43CA374AAA75 closes. The last applied log index is 0
2019-09-19 09:52:24,544 [ForkJoinPool.commonPool-worker-1] INFO  impl.RaftServerImpl (ServerState.java:close(394)) - b401d7ef-c1f5-49e9-9ce5-0be3b3216b3d:group-DA1649645A47 closes. The last applied log index is 0
2019-09-19 09:52:24,544 [b401d7ef-c1f5-49e9-9ce5-0be3b3216b3d-SegmentedRaftLogWorker:Storage Directory /workdir/hadoop-ozone/ozonefs/target/test-dir/MiniOzoneClusterImpl-f189934c-45ad-4ec0-9247-8ce3942f6bd4/datanode-2/data/ratis/3d5caa72-eab1-4650-9a0b-43ca374aaa75] INFO  segmented.SegmentedRaftLogWorker (SegmentedRaftLogWorker.java:run(313)) - b401d7ef-c1f5-49e9-9ce5-0be3b3216b3d-SegmentedRaftLogWorker:Storage Directory /workdir/hadoop-ozone/ozonefs/target/test-dir/MiniOzoneClusterImpl-f189934c-45ad-4ec0-9247-8ce3942f6bd4/datanode-2/data/ratis/3d5caa72-eab1-4650-9a0b-43ca374aaa75 was interrupted, exiting. There are 0 tasks remaining in the queue.
2019-09-19 09:52:24,544 [b401d7ef-c1f5-49e9-9ce5-0be3b3216b3d-SegmentedRaftLogWorker:Storage Directory /workdir/hadoop-ozone/ozonefs/target/test-dir/MiniOzoneClusterImpl-f189934c-45ad-4ec0-9247-8ce3942f6bd4/datanode-2/data/ratis/7597e913-50d1-48da-8567-da1649645a47] INFO  segmented.SegmentedRaftLogWorker (SegmentedRaftLogWorker.java:run(313)) - b401d7ef-c1f5-49e9-9ce5-0be3b3216b3d-SegmentedRaftLogWorker:Storage Directory /workdir/hadoop-ozone/ozonefs/target/test-dir/MiniOzoneClusterImpl-f189934c-45ad-4ec0-9247-8ce3942f6bd4/datanode-2/data/ratis/7597e913-50d1-48da-8567-da1649645a47 was interrupted, exiting. There are 0 tasks remaining in the queue.
2019-09-19 09:52:24,544 [Thread-1068] INFO  segmented.SegmentedRaftLogWorker (SegmentedRaftLogWorker.java:close(228)) - b401d7ef-c1f5-49e9-9ce5-0be3b3216b3d-SegmentedRaftLogWorker:Storage Directory /workdir/hadoop-ozone/ozonefs/target/test-dir/MiniOzoneClusterImpl-f189934c-45ad-4ec0-9247-8ce3942f6bd4/datanode-2/data/ratis/3d5caa72-eab1-4650-9a0b-43ca374aaa75 close()
2019-09-19 09:52:24,545 [ForkJoinPool.commonPool-worker-1] INFO  segmented.SegmentedRaftLogWorker (SegmentedRaftLogWorker.java:close(228)) - b401d7ef-c1f5-49e9-9ce5-0be3b3216b3d-SegmentedRaftLogWorker:Storage Directory /workdir/hadoop-ozone/ozonefs/target/test-dir/MiniOzoneClusterImpl-f189934c-45ad-4ec0-9247-8ce3942f6bd4/datanode-2/data/ratis/7597e913-50d1-48da-8567-da1649645a47 close()
2019-09-19 09:52:24,545 [Thread-1068] INFO  impl.RaftServerImpl (RaftServerImpl.java:lambda$shutdown$3(245)) - b401d7ef-c1f5-49e9-9ce5-0be3b3216b3d: shutdown group-C83EE6463275
2019-09-19 09:52:24,545 [ForkJoinPool.commonPool-worker-1] INFO  impl.RaftServerImpl (RaftServerImpl.java:lambda$shutdown$3(245)) - b401d7ef-c1f5-49e9-9ce5-0be3b3216b3d: shutdown group-E850161E6F1B
2019-09-19 09:52:24,545 [Thread-1068] INFO  util.JmxRegister (JmxRegister.java:unregister(73)) - Successfully un-registered JMX Bean with object name Ratis:service=RaftServer,group=group-C83EE6463275,id=b401d7ef-c1f5-49e9-9ce5-0be3b3216b3d
2019-09-19 09:52:24,546 [ForkJoinPool.commonPool-worker-1] INFO  util.JmxRegister (JmxRegister.java:unregister(73)) - Successfully un-registered JMX Bean with object name Ratis:service=RaftServer,group=group-E850161E6F1B,id=b401d7ef-c1f5-49e9-9ce5-0be3b3216b3d
2019-09-19 09:52:24,546 [Thread-1068] INFO  impl.RoleInfo (RoleInfo.java:shutdownLeaderState(104)) - b401d7ef-c1f5-49e9-9ce5-0be3b3216b3d: shutdown LeaderState
2019-09-19 09:52:24,546 [ForkJoinPool.commonPool-worker-1] INFO  impl.RoleInfo (RoleInfo.java:shutdownLeaderState(104)) - b401d7ef-c1f5-49e9-9ce5-0be3b3216b3d: shutdown LeaderState
2019-09-19 09:52:24,546 [Thread-1068] INFO  impl.PendingRequests (PendingRequests.java:sendNotLeaderResponses(202)) - b401d7ef-c1f5-49e9-9ce5-0be3b3216b3d-PendingRequests: sendNotLeaderResponses
2019-09-19 09:52:24,547 [ForkJoinPool.commonPool-worker-1] INFO  impl.PendingRequests (PendingRequests.java:sendNotLeaderResponses(202)) - b401d7ef-c1f5-49e9-9ce5-0be3b3216b3d-PendingRequests: sendNotLeaderResponses
2019-09-19 09:52:24,547 [Thread-1068] INFO  impl.StateMachineUpdater (StateMachineUpdater.java:stopAndJoin(115)) - StateMachineUpdater:b401d7ef-c1f5-49e9-9ce5-0be3b3216b3d:group-C83EE6463275: set stopIndex = 0
2019-09-19 09:52:24,547 [ForkJoinPool.commonPool-worker-1] INFO  impl.StateMachineUpdater (StateMachineUpdater.java:stopAndJoin(115)) - StateMachineUpdater:b401d7ef-c1f5-49e9-9ce5-0be3b3216b3d:group-E850161E6F1B: set stopIndex = 0
2019-09-19 09:52:24,547 [Thread-1068] INFO  impl.RaftServerImpl (ServerState.java:close(394)) - b401d7ef-c1f5-49e9-9ce5-0be3b3216b3d:group-C83EE6463275 closes. The last applied log index is 0
2019-09-19 09:52:24,548 [ForkJoinPool.commonPool-worker-1] INFO  impl.RaftServerImpl (ServerState.java:close(394)) - b401d7ef-c1f5-49e9-9ce5-0be3b3216b3d:group-E850161E6F1B closes. The last applied log index is 0
2019-09-19 09:52:24,548 [b401d7ef-c1f5-49e9-9ce5-0be3b3216b3d-SegmentedRaftLogWorker:Storage Directory /workdir/hadoop-ozone/ozonefs/target/test-dir/MiniOzoneClusterImpl-f189934c-45ad-4ec0-9247-8ce3942f6bd4/datanode-2/data/ratis/776afbde-60c5-4a4f-9c61-c83ee6463275] INFO  segmented.SegmentedRaftLogWorker (SegmentedRaftLogWorker.java:run(313)) - b401d7ef-c1f5-49e9-9ce5-0be3b3216b3d-SegmentedRaftLogWorker:Storage Directory /workdir/hadoop-ozone/ozonefs/target/test-dir/MiniOzoneClusterImpl-f189934c-45ad-4ec0-9247-8ce3942f6bd4/datanode-2/data/ratis/776afbde-60c5-4a4f-9c61-c83ee6463275 was interrupted, exiting. There are 0 tasks remaining in the queue.
2019-09-19 09:52:24,548 [b401d7ef-c1f5-49e9-9ce5-0be3b3216b3d-SegmentedRaftLogWorker:Storage Directory /workdir/hadoop-ozone/ozonefs/target/test-dir/MiniOzoneClusterImpl-f189934c-45ad-4ec0-9247-8ce3942f6bd4/datanode-2/data/ratis/05caa0e4-129e-411e-9045-e850161e6f1b] INFO  segmented.SegmentedRaftLogWorker (SegmentedRaftLogWorker.java:run(313)) - b401d7ef-c1f5-49e9-9ce5-0be3b3216b3d-SegmentedRaftLogWorker:Storage Directory /workdir/hadoop-ozone/ozonefs/target/test-dir/MiniOzoneClusterImpl-f189934c-45ad-4ec0-9247-8ce3942f6bd4/datanode-2/data/ratis/05caa0e4-129e-411e-9045-e850161e6f1b was interrupted, exiting. There are 0 tasks remaining in the queue.
2019-09-19 09:52:24,548 [Thread-1068] INFO  segmented.SegmentedRaftLogWorker (SegmentedRaftLogWorker.java:close(228)) - b401d7ef-c1f5-49e9-9ce5-0be3b3216b3d-SegmentedRaftLogWorker:Storage Directory /workdir/hadoop-ozone/ozonefs/target/test-dir/MiniOzoneClusterImpl-f189934c-45ad-4ec0-9247-8ce3942f6bd4/datanode-2/data/ratis/776afbde-60c5-4a4f-9c61-c83ee6463275 close()
2019-09-19 09:52:24,549 [ForkJoinPool.commonPool-worker-1] INFO  segmented.SegmentedRaftLogWorker (SegmentedRaftLogWorker.java:close(228)) - b401d7ef-c1f5-49e9-9ce5-0be3b3216b3d-SegmentedRaftLogWorker:Storage Directory /workdir/hadoop-ozone/ozonefs/target/test-dir/MiniOzoneClusterImpl-f189934c-45ad-4ec0-9247-8ce3942f6bd4/datanode-2/data/ratis/05caa0e4-129e-411e-9045-e850161e6f1b close()
2019-09-19 09:52:24,549 [Thread-1068] INFO  server.GrpcService (GrpcService.java:closeImpl(155)) - b401d7ef-c1f5-49e9-9ce5-0be3b3216b3d: shutdown server with port 33431 now
2019-09-19 09:52:24,551 [Thread-1068] INFO  server.GrpcService (GrpcService.java:closeImpl(163)) - b401d7ef-c1f5-49e9-9ce5-0be3b3216b3d: shutdown server with port 33431 successfully
2019-09-19 09:52:24,553 [Thread-1068] INFO  utils.BackgroundService (BackgroundService.java:shutdown(148)) - Shutting down service BlockDeletingService
2019-09-19 09:52:24,555 [refreshUsed-/workdir/hadoop-ozone/ozonefs/target/test-dir/MiniOzoneClusterImpl-f189934c-45ad-4ec0-9247-8ce3942f6bd4/datanode-2/data/containers] WARN  fs.CachingGetSpaceUsed (CachingGetSpaceUsed.java:run(183)) - Thread Interrupted waiting to refresh disk information: sleep interrupted
2019-09-19 09:52:24,581 [Thread-1068] INFO  statemachine.DatanodeStateMachine (DatanodeStateMachine.java:stopDaemon(395)) - Ozone container server stopped.
2019-09-19 09:52:24,582 [Thread-1068] INFO  handler.ContextHandler (ContextHandler.java:doStop(910)) - Stopped o.e.j.w.WebAppContext@747511d4{/,null,UNAVAILABLE}{/hddsDatanode}
2019-09-19 09:52:24,583 [Thread-1068] INFO  server.AbstractConnector (AbstractConnector.java:doStop(318)) - Stopped ServerConnector@51b57171{HTTP/1.1,[http/1.1]}{0.0.0.0:0}
2019-09-19 09:52:24,583 [Thread-1068] INFO  handler.ContextHandler (ContextHandler.java:doStop(910)) - Stopped o.e.j.s.ServletContextHandler@2e5e42c6{/static,jar:file:/home/user/.m2/repository/org/apache/hadoop/hadoop-hdds-container-service/0.5.0-SNAPSHOT/hadoop-hdds-container-service-0.5.0-SNAPSHOT.jar!/webapps/static,UNAVAILABLE}
2019-09-19 09:52:24,583 [Thread-1068] INFO  handler.ContextHandler (ContextHandler.java:doStop(910)) - Stopped o.e.j.s.ServletContextHandler@6766af58{/logs,file:///workdir/hadoop-ozone/ozonefs/target/log,UNAVAILABLE}
2019-09-19 09:52:24,585 [Thread-1068] INFO  ozone.MiniOzoneClusterImpl (MiniOzoneClusterImpl.java:stop(353)) - Stopping the StorageContainerManager
2019-09-19 09:52:24,585 [Thread-1068] INFO  server.StorageContainerManager (StorageContainerManager.java:stop(797)) - Stopping Replication Manager Service.
2019-09-19 09:52:24,585 [Thread-1068] INFO  container.ReplicationManager (ReplicationManager.java:stop(192)) - Stopping Replication Monitor Thread.
2019-09-19 09:52:24,585 [Thread-1068] INFO  server.StorageContainerManager (StorageContainerManager.java:stop(804)) - Stopping Lease Manager of the command watchers
2019-09-19 09:52:24,585 [Thread-1068] INFO  server.StorageContainerManager (StorageContainerManager.java:stop(811)) - Stopping datanode service RPC server
2019-09-19 09:52:24,585 [Thread-1068] INFO  server.SCMDatanodeProtocolServer (SCMDatanodeProtocolServer.java:stop(367)) - Stopping the RPC server for DataNodes
2019-09-19 09:52:24,585 [Thread-1068] INFO  ipc.Server (Server.java:stop(3082)) - Stopping server on 40258
2019-09-19 09:52:24,588 [IPC Server listener on 40258] INFO  ipc.Server (Server.java:run(1185)) - Stopping IPC Server listener on 40258
2019-09-19 09:52:24,588 [IPC Server Responder] INFO  ipc.Server (Server.java:run(1319)) - Stopping IPC Server Responder
2019-09-19 09:52:24,671 [SCM Heartbeat Processing Thread - 0] WARN  node.NodeStateManager (NodeStateManager.java:scheduleNextHealthCheck(655)) - Current Thread is interrupted, shutting down HB processing thread for Node Manager.
2019-09-19 09:52:24,672 [Thread-1068] INFO  server.StorageContainerManager (StorageContainerManager.java:stop(819)) - Stopping block service RPC server
2019-09-19 09:52:24,672 [Thread-1068] INFO  server.SCMBlockProtocolServer (SCMBlockProtocolServer.java:stop(148)) - Stopping the RPC server for Block Protocol
2019-09-19 09:52:24,672 [Thread-1068] INFO  ipc.Server (Server.java:stop(3082)) - Stopping server on 39852
2019-09-19 09:52:24,674 [Thread-1068] INFO  server.StorageContainerManager (StorageContainerManager.java:stop(826)) - Stopping the StorageContainerLocationProtocol RPC server
2019-09-19 09:52:24,674 [IPC Server listener on 39852] INFO  ipc.Server (Server.java:run(1185)) - Stopping IPC Server listener on 39852
2019-09-19 09:52:24,674 [IPC Server Responder] INFO  ipc.Server (Server.java:run(1319)) - Stopping IPC Server Responder
2019-09-19 09:52:24,674 [Thread-1068] INFO  server.SCMClientProtocolServer (SCMClientProtocolServer.java:stop(159)) - Stopping the RPC server for Client Protocol
2019-09-19 09:52:24,676 [Thread-1068] INFO  ipc.Server (Server.java:stop(3082)) - Stopping server on 36714
2019-09-19 09:52:24,677 [IPC Server listener on 36714] INFO  ipc.Server (Server.java:run(1185)) - Stopping IPC Server listener on 36714
2019-09-19 09:52:24,678 [IPC Server Responder] INFO  ipc.Server (Server.java:run(1319)) - Stopping IPC Server Responder
2019-09-19 09:52:24,677 [Thread-1068] INFO  server.StorageContainerManager (StorageContainerManager.java:stop(833)) - Stopping Storage Container Manager HTTP server.
2019-09-19 09:52:24,681 [Thread-1068] INFO  handler.ContextHandler (ContextHandler.java:doStop(910)) - Stopped o.e.j.w.WebAppContext@3f53c4bd{/,null,UNAVAILABLE}{/scm}
2019-09-19 09:52:24,682 [Thread-1068] INFO  server.AbstractConnector (AbstractConnector.java:doStop(318)) - Stopped ServerConnector@279e6f96{HTTP/1.1,[http/1.1]}{0.0.0.0:0}
2019-09-19 09:52:24,682 [Thread-1068] INFO  handler.ContextHandler (ContextHandler.java:doStop(910)) - Stopped o.e.j.s.ServletContextHandler@e80d569{/static,jar:file:/home/user/.m2/repository/org/apache/hadoop/hadoop-hdds-server-scm/0.5.0-SNAPSHOT/hadoop-hdds-server-scm-0.5.0-SNAPSHOT.jar!/webapps/static,UNAVAILABLE}
2019-09-19 09:52:24,683 [Thread-1068] INFO  handler.ContextHandler (ContextHandler.java:doStop(910)) - Stopped o.e.j.s.ServletContextHandler@745c1c4{/logs,file:///workdir/hadoop-ozone/ozonefs/target/log,UNAVAILABLE}
2019-09-19 09:52:24,684 [Thread-1068] INFO  server.StorageContainerManager (StorageContainerManager.java:stop(844)) - Stopping Block Manager Service.
2019-09-19 09:52:24,684 [Thread-1068] INFO  utils.BackgroundService (BackgroundService.java:shutdown(148)) - Shutting down service SCMBlockDeletingService
2019-09-19 09:52:24,685 [Thread-1068] INFO  utils.BackgroundService (BackgroundService.java:shutdown(148)) - Shutting down service SCMBlockDeletingService
2019-09-19 09:52:24,685 [Thread-1068] INFO  server.StorageContainerManager (StorageContainerManager.java:stop(866)) - Stopping SCM Event Queue.
2019-09-19 09:52:24,689 [Thread-1068] INFO  impl.MetricsSystemImpl (MetricsSystemImpl.java:stop(210)) - Stopping HddsDatanode metrics system...
2019-09-19 09:52:24,695 [Thread-1068] INFO  impl.MetricsSystemImpl (MetricsSystemImpl.java:stop(216)) - HddsDatanode metrics system stopped.
]]></system-out>
    <system-err><![CDATA[Sep 19, 2019 9:52:08 AM com.sun.jersey.server.impl.application.WebApplicationImpl _initiate
INFO: Initiating Jersey application, version 'Jersey: 1.19 02/11/2015 03:25 AM'
Sep 19, 2019 9:52:08 AM com.sun.jersey.server.impl.application.WebApplicationImpl _initiate
INFO: Initiating Jersey application, version 'Jersey: 1.19 02/11/2015 03:25 AM'
Sep 19, 2019 9:52:09 AM com.sun.jersey.server.impl.application.WebApplicationImpl _initiate
INFO: Initiating Jersey application, version 'Jersey: 1.19 02/11/2015 03:25 AM'
Sep 19, 2019 9:52:14 AM com.sun.jersey.server.impl.application.WebApplicationImpl _initiate
INFO: Initiating Jersey application, version 'Jersey: 1.19 02/11/2015 03:25 AM'
]]></system-err>
  </testcase>
  <testcase name="testDeleteCreatesFakeParentDir" classname="org.apache.hadoop.fs.ozone.TestOzoneFileSystem" time="17.241">
    <error message="Allocated 0 blocks. Requested 1 blocks" type="INTERNAL_ERROR org.apache.hadoop.ozone.om.exceptions.OMException">INTERNAL_ERROR org.apache.hadoop.ozone.om.exceptions.OMException: Allocated 0 blocks. Requested 1 blocks
	at org.apache.hadoop.ozone.om.protocolPB.OzoneManagerProtocolClientSideTranslatorPB.handleError(OzoneManagerProtocolClientSideTranslatorPB.java:725)
	at org.apache.hadoop.ozone.om.protocolPB.OzoneManagerProtocolClientSideTranslatorPB.createFile(OzoneManagerProtocolClientSideTranslatorPB.java:1474)
	at org.apache.hadoop.ozone.client.rpc.RpcClient.createFile(RpcClient.java:984)
	at org.apache.hadoop.ozone.client.OzoneBucket.createFile(OzoneBucket.java:535)
	at org.apache.hadoop.fs.ozone.BasicOzoneClientAdapterImpl.createFile(BasicOzoneClientAdapterImpl.java:181)
	at org.apache.hadoop.fs.ozone.BasicOzoneFileSystem.createOutputStream(BasicOzoneFileSystem.java:249)
	at org.apache.hadoop.fs.ozone.BasicOzoneFileSystem.create(BasicOzoneFileSystem.java:230)
	at org.apache.hadoop.fs.FileSystem.create(FileSystem.java:1118)
	at org.apache.hadoop.fs.FileSystem.create(FileSystem.java:1098)
	at org.apache.hadoop.fs.FileSystem.create(FileSystem.java:987)
	at org.apache.hadoop.fs.contract.ContractTestUtils.createFile(ContractTestUtils.java:633)
	at org.apache.hadoop.fs.contract.ContractTestUtils.touch(ContractTestUtils.java:669)
	at org.apache.hadoop.fs.ozone.TestOzoneFileSystem.testDeleteCreatesFakeParentDir(TestOzoneFileSystem.java:154)
	at sun.reflect.NativeMethodAccessorImpl.invoke0(Native Method)
	at sun.reflect.NativeMethodAccessorImpl.invoke(NativeMethodAccessorImpl.java:62)
	at sun.reflect.DelegatingMethodAccessorImpl.invoke(DelegatingMethodAccessorImpl.java:43)
	at java.lang.reflect.Method.invoke(Method.java:498)
	at org.junit.runners.model.FrameworkMethod$1.runReflectiveCall(FrameworkMethod.java:47)
	at org.junit.internal.runners.model.ReflectiveCallable.run(ReflectiveCallable.java:12)
	at org.junit.runners.model.FrameworkMethod.invokeExplosively(FrameworkMethod.java:44)
	at org.junit.internal.runners.statements.InvokeMethod.evaluate(InvokeMethod.java:17)
	at org.junit.internal.runners.statements.RunBefores.evaluate(RunBefores.java:26)
	at org.junit.internal.runners.statements.RunAfters.evaluate(RunAfters.java:27)
	at org.junit.internal.runners.statements.FailOnTimeout$StatementThread.run(FailOnTimeout.java:74)
</error>
    <system-out><![CDATA[2019-09-19 09:52:24,742 [Thread-1334] WARN  server.ServerUtils (ServerUtils.java:getScmDbDir(145)) - ozone.scm.db.dirs is not configured. We recommend adding this setting. Falling back to ozone.metadata.dirs instead.
2019-09-19 09:52:24,757 [Thread-1334] WARN  server.ServerUtils (ServerUtils.java:getScmDbDir(145)) - ozone.scm.db.dirs is not configured. We recommend adding this setting. Falling back to ozone.metadata.dirs instead.
2019-09-19 09:52:24,757 [Thread-1334] WARN  server.ServerUtils (ServerUtils.java:getScmDbDir(145)) - ozone.scm.db.dirs is not configured. We recommend adding this setting. Falling back to ozone.metadata.dirs instead.
2019-09-19 09:52:24,758 [Thread-1334] INFO  db.DBStoreBuilder (DBStoreBuilder.java:addTable(110)) - using custom profile for table: deletedBlocks
2019-09-19 09:52:24,758 [Thread-1334] INFO  db.DBStoreBuilder (DBStoreBuilder.java:processTables(161)) - Using default column profile:DBProfile.DISK for Table:deletedBlocks
2019-09-19 09:52:24,758 [Thread-1334] INFO  db.DBStoreBuilder (DBStoreBuilder.java:addTable(110)) - using custom profile for table: validCerts
2019-09-19 09:52:24,758 [Thread-1334] INFO  db.DBStoreBuilder (DBStoreBuilder.java:processTables(161)) - Using default column profile:DBProfile.DISK for Table:validCerts
2019-09-19 09:52:24,759 [Thread-1334] INFO  db.DBStoreBuilder (DBStoreBuilder.java:addTable(110)) - using custom profile for table: revokedCerts
2019-09-19 09:52:24,759 [Thread-1334] INFO  db.DBStoreBuilder (DBStoreBuilder.java:processTables(161)) - Using default column profile:DBProfile.DISK for Table:revokedCerts
2019-09-19 09:52:24,759 [Thread-1334] INFO  db.DBStoreBuilder (DBStoreBuilder.java:addTable(110)) - using custom profile for table: default
2019-09-19 09:52:24,759 [Thread-1334] INFO  db.DBStoreBuilder (DBStoreBuilder.java:processTables(167)) - Using default column profile:DBProfile.DISK for Table:default
2019-09-19 09:52:24,759 [Thread-1334] INFO  db.DBStoreBuilder (DBStoreBuilder.java:getDbProfile(198)) - Using default options. DBProfile.DISK
2019-09-19 09:52:24,930 [Thread-1334] INFO  net.NodeSchemaLoader (NodeSchemaLoader.java:loadSchemaFromFile(125)) - Loading file from sun.misc.CompoundEnumeration@3a14a539
2019-09-19 09:52:24,931 [Thread-1334] INFO  net.NodeSchemaLoader (NodeSchemaLoader.java:loadSchema(171)) - Loading network topology layer schema file
2019-09-19 09:52:24,936 [Thread-1334] WARN  server.ServerUtils (ServerUtils.java:sanitizeUserArgs(70)) - ozone.scm.stale.node.interval value = 300000 is larger than max = 100000 based on the key value of ozone.scm.heartbeat.thread.interval, reset to the max value 100000.
2019-09-19 09:52:24,936 [Thread-1334] WARN  server.ServerUtils (ServerUtils.java:sanitizeUserArgs(70)) - ozone.scm.stale.node.interval value = 300000 is larger than max = 100000 based on the key value of ozone.scm.heartbeat.thread.interval, reset to the max value 100000.
2019-09-19 09:52:24,937 [Thread-1334] INFO  node.SCMNodeManager (SCMNodeManager.java:<init>(121)) - Entering startup safe mode.
2019-09-19 09:52:24,937 [Thread-1334] INFO  algorithms.ContainerPlacementPolicyFactory (ContainerPlacementPolicyFactory.java:getPolicy(56)) - Create container placement policy of type org.apache.hadoop.hdds.scm.container.placement.algorithms.SCMContainerPlacementRandom
2019-09-19 09:52:24,938 [Thread-1334] WARN  server.ServerUtils (ServerUtils.java:getScmDbDir(145)) - ozone.scm.db.dirs is not configured. We recommend adding this setting. Falling back to ozone.metadata.dirs instead.
2019-09-19 09:52:25,004 [Thread-1334] INFO  pipeline.SCMPipelineManager (SCMPipelineManager.java:initializePipelineState(126)) - No pipeline exists in current db
2019-09-19 09:52:25,004 [Thread-1334] WARN  server.ServerUtils (ServerUtils.java:getScmDbDir(145)) - ozone.scm.db.dirs is not configured. We recommend adding this setting. Falling back to ozone.metadata.dirs instead.
2019-09-19 09:52:25,066 [Thread-1334] WARN  events.EventQueue (EventQueue.java:fireEvent(175)) - No event handler registered for event TypedEvent{payloadType=SafeModeStatus, name='SafeModeStatus'}
2019-09-19 09:52:25,067 [Thread-1334] INFO  ipc.CallQueueManager (CallQueueManager.java:<init>(84)) - Using callQueue: class java.util.concurrent.LinkedBlockingQueue, queueCapacity: 2000, scheduler: class org.apache.hadoop.ipc.DefaultRpcScheduler, ipcBackoff: false.
2019-09-19 09:52:25,068 [Socket Reader #1 for port 39970] INFO  ipc.Server (Server.java:run(1074)) - Starting Socket Reader #1 for port 39970
2019-09-19 09:52:25,070 [Thread-1334] INFO  ipc.CallQueueManager (CallQueueManager.java:<init>(84)) - Using callQueue: class java.util.concurrent.LinkedBlockingQueue, queueCapacity: 2000, scheduler: class org.apache.hadoop.ipc.DefaultRpcScheduler, ipcBackoff: false.
2019-09-19 09:52:25,071 [Socket Reader #1 for port 36188] INFO  ipc.Server (Server.java:run(1074)) - Starting Socket Reader #1 for port 36188
2019-09-19 09:52:25,072 [Thread-1334] INFO  ipc.CallQueueManager (CallQueueManager.java:<init>(84)) - Using callQueue: class java.util.concurrent.LinkedBlockingQueue, queueCapacity: 2000, scheduler: class org.apache.hadoop.ipc.DefaultRpcScheduler, ipcBackoff: false.
2019-09-19 09:52:25,073 [Socket Reader #1 for port 33867] INFO  ipc.Server (Server.java:run(1074)) - Starting Socket Reader #1 for port 33867
2019-09-19 09:52:25,077 [Thread-1334] INFO  hdfs.DFSUtil (DFSUtil.java:httpServerTemplateForNNAndJN(1641)) - Starting Web-server for scm at: http://0.0.0.0:0
2019-09-19 09:52:25,081 [Thread-1334] INFO  server.AuthenticationFilter (AuthenticationFilter.java:constructSecretProvider(240)) - Unable to initialize FileSignerSecretProvider, falling back to use random secrets.
2019-09-19 09:52:25,082 [Thread-1334] WARN  http.HttpRequestLog (HttpRequestLog.java:getRequestLog(97)) - Jetty request log can only be enabled using Log4j
2019-09-19 09:52:25,086 [Thread-1334] INFO  http.HttpServer2 (HttpServer2.java:addGlobalFilter(975)) - Added global filter 'safety' (class=org.apache.hadoop.http.HttpServer2$QuotingInputFilter)
2019-09-19 09:52:25,088 [Thread-1334] INFO  http.HttpServer2 (HttpServer2.java:addFilter(948)) - Added filter static_user_filter (class=org.apache.hadoop.http.lib.StaticUserWebFilter$StaticUserFilter) to context scm
2019-09-19 09:52:25,088 [Thread-1334] INFO  http.HttpServer2 (HttpServer2.java:addFilter(958)) - Added filter static_user_filter (class=org.apache.hadoop.http.lib.StaticUserWebFilter$StaticUserFilter) to context logs
2019-09-19 09:52:25,089 [Thread-1334] INFO  http.HttpServer2 (HttpServer2.java:addFilter(958)) - Added filter static_user_filter (class=org.apache.hadoop.http.lib.StaticUserWebFilter$StaticUserFilter) to context static
2019-09-19 09:52:25,092 [Thread-1334] INFO  server.StorageContainerManager (StorageContainerManager.java:start(759)) - StorageContainerLocationProtocol RPC server is listening at /0.0.0.0:33867
2019-09-19 09:52:25,095 [Thread-1334] WARN  impl.MetricsConfig (MetricsConfig.java:loadFirst(134)) - Cannot locate configuration: tried hadoop-metrics2-storagecontainermanager.properties,hadoop-metrics2.properties
2019-09-19 09:52:25,104 [Thread-1334] INFO  impl.MetricsSystemImpl (MetricsSystemImpl.java:startTimer(374)) - Scheduled Metric snapshot period at 10 second(s).
2019-09-19 09:52:25,104 [Thread-1334] INFO  impl.MetricsSystemImpl (MetricsSystemImpl.java:start(191)) - StorageContainerManager metrics system started
2019-09-19 09:52:25,169 [Thread-1334] INFO  server.SCMClientProtocolServer (SCMClientProtocolServer.java:start(151)) - RPC server for Client  is listening at /0.0.0.0:33867
2019-09-19 09:52:25,170 [IPC Server Responder] INFO  ipc.Server (Server.java:run(1314)) - IPC Server Responder: starting
2019-09-19 09:52:25,170 [IPC Server listener on 33867] INFO  ipc.Server (Server.java:run(1153)) - IPC Server listener on 33867: starting
2019-09-19 09:52:25,173 [Thread-1334] INFO  server.StorageContainerManager (StorageContainerManager.java:start(769)) - ScmBlockLocationProtocol RPC server is listening at /0.0.0.0:36188
2019-09-19 09:52:25,173 [Thread-1334] INFO  server.SCMBlockProtocolServer (SCMBlockProtocolServer.java:start(140)) - RPC server for Block Protocol is listening at /0.0.0.0:36188
2019-09-19 09:52:25,174 [IPC Server Responder] INFO  ipc.Server (Server.java:run(1314)) - IPC Server Responder: starting
2019-09-19 09:52:25,174 [IPC Server listener on 36188] INFO  ipc.Server (Server.java:run(1153)) - IPC Server listener on 36188: starting
2019-09-19 09:52:25,177 [Thread-1334] INFO  server.StorageContainerManager (StorageContainerManager.java:start(773)) - ScmDatanodeProtocl RPC server is listening at /0.0.0.0:39970
2019-09-19 09:52:25,177 [Thread-1334] INFO  server.SCMDatanodeProtocolServer (SCMDatanodeProtocolServer.java:start(191)) - RPC server for DataNodes is listening at /0.0.0.0:39970
2019-09-19 09:52:25,177 [IPC Server Responder] INFO  ipc.Server (Server.java:run(1314)) - IPC Server Responder: starting
2019-09-19 09:52:25,177 [IPC Server listener on 39970] INFO  ipc.Server (Server.java:run(1153)) - IPC Server listener on 39970: starting
2019-09-19 09:52:25,182 [Thread-1334] INFO  http.HttpServer2 (HttpServer2.java:bindListener(1191)) - Jetty bound to port 36692
2019-09-19 09:52:25,183 [Thread-1334] INFO  server.Server (Server.java:doStart(351)) - jetty-9.3.24.v20180605, build timestamp: 2018-06-05T17:11:56Z, git hash: 84205aa28f11a4f31f2a3b86d1bba2cc8ab69827
2019-09-19 09:52:25,185 [Thread-1334] INFO  handler.ContextHandler (ContextHandler.java:doStart(781)) - Started o.e.j.s.ServletContextHandler@f825f46{/logs,file:///workdir/hadoop-ozone/ozonefs/target/log,AVAILABLE}
2019-09-19 09:52:25,185 [Thread-1334] INFO  handler.ContextHandler (ContextHandler.java:doStart(781)) - Started o.e.j.s.ServletContextHandler@157b3d8f{/static,jar:file:/home/user/.m2/repository/org/apache/hadoop/hadoop-hdds-server-scm/0.5.0-SNAPSHOT/hadoop-hdds-server-scm-0.5.0-SNAPSHOT.jar!/webapps/static,AVAILABLE}
2019-09-19 09:52:25,226 [Thread-1334] INFO  handler.ContextHandler (ContextHandler.java:doStart(781)) - Started o.e.j.w.WebAppContext@6e76fd84{/,file:///tmp/jetty-0.0.0.0-36692-scm-_-any-7573460820512097089.dir/webapp/,AVAILABLE}{/scm}
2019-09-19 09:52:25,226 [Thread-1334] INFO  server.AbstractConnector (AbstractConnector.java:doStart(278)) - Started ServerConnector@162b2d10{HTTP/1.1,[http/1.1]}{0.0.0.0:36692}
2019-09-19 09:52:25,227 [Thread-1334] INFO  server.Server (Server.java:doStart(419)) - Started @94601ms
2019-09-19 09:52:25,228 [Thread-1334] INFO  server.BaseHttpServer (BaseHttpServer.java:updateConnectorAddress(213)) - HTTP server of SCM is listening at http://0.0.0.0:36692
2019-09-19 09:52:25,229 [Thread-1334] WARN  server.ServerUtils (ServerUtils.java:getDBPath(222)) - ozone.om.db.dirs is not configured. We recommend adding this setting. Falling back to ozone.metadata.dirs instead.
2019-09-19 09:52:25,229 [org.apache.hadoop.util.JvmPauseMonitor$Monitor@760e1855] INFO  util.JvmPauseMonitor (JvmPauseMonitor.java:run(188)) - Starting JVM pause monitor
2019-09-19 09:52:25,244 [Thread-1334] WARN  server.ServerUtils (ServerUtils.java:getDBPath(222)) - ozone.om.db.dirs is not configured. We recommend adding this setting. Falling back to ozone.metadata.dirs instead.
2019-09-19 09:52:25,244 [Thread-1334] WARN  server.ServerUtils (ServerUtils.java:getDBPath(222)) - ozone.om.db.dirs is not configured. We recommend adding this setting. Falling back to ozone.metadata.dirs instead.
2019-09-19 09:52:25,244 [Thread-1334] INFO  om.OzoneManager (OzoneManager.java:setOMNodeDetails(645)) - OM Service ID is not set. Setting it to the default ID: omServiceIdDefault
2019-09-19 09:52:25,245 [Thread-1334] INFO  om.OzoneManager (OzoneManager.java:setOMNodeDetails(651)) - OM Node ID is not set. Setting it to the OmStorage's OmID: e92e90b4-be33-4ff8-bdd3-377b285c04a6
2019-09-19 09:52:25,245 [Thread-1334] INFO  om.OzoneManager (OzoneManager.java:loadOMHAConfigs(602)) - Found matching OM address with OMServiceId: null, OMNodeId: null, RPC Address: localhost:0 and Ratis port: 9872
2019-09-19 09:52:25,253 | INFO  | SCMAudit | user=jenkins1000 | ip=192.168.34.5 | op=GET_SCM_INFO null | ret=SUCCESS |  
2019-09-19 09:52:25,255 [Thread-1334] WARN  server.ServerUtils (ServerUtils.java:getDBPath(222)) - ozone.om.db.dirs is not configured. We recommend adding this setting. Falling back to ozone.metadata.dirs instead.
2019-09-19 09:52:25,256 [Thread-1334] INFO  db.DBStoreBuilder (DBStoreBuilder.java:addTable(110)) - using custom profile for table: userTable
2019-09-19 09:52:25,256 [Thread-1334] INFO  db.DBStoreBuilder (DBStoreBuilder.java:processTables(161)) - Using default column profile:DBProfile.DISK for Table:userTable
2019-09-19 09:52:25,256 [Thread-1334] INFO  db.DBStoreBuilder (DBStoreBuilder.java:addTable(110)) - using custom profile for table: volumeTable
2019-09-19 09:52:25,256 [Thread-1334] INFO  db.DBStoreBuilder (DBStoreBuilder.java:processTables(161)) - Using default column profile:DBProfile.DISK for Table:volumeTable
2019-09-19 09:52:25,257 [Thread-1334] INFO  db.DBStoreBuilder (DBStoreBuilder.java:addTable(110)) - using custom profile for table: bucketTable
2019-09-19 09:52:25,257 [Thread-1334] INFO  db.DBStoreBuilder (DBStoreBuilder.java:processTables(161)) - Using default column profile:DBProfile.DISK for Table:bucketTable
2019-09-19 09:52:25,257 [Thread-1334] INFO  db.DBStoreBuilder (DBStoreBuilder.java:addTable(110)) - using custom profile for table: keyTable
2019-09-19 09:52:25,257 [Thread-1334] INFO  db.DBStoreBuilder (DBStoreBuilder.java:processTables(161)) - Using default column profile:DBProfile.DISK for Table:keyTable
2019-09-19 09:52:25,257 [Thread-1334] INFO  db.DBStoreBuilder (DBStoreBuilder.java:addTable(110)) - using custom profile for table: deletedTable
2019-09-19 09:52:25,257 [Thread-1334] INFO  db.DBStoreBuilder (DBStoreBuilder.java:processTables(161)) - Using default column profile:DBProfile.DISK for Table:deletedTable
2019-09-19 09:52:25,258 [Thread-1334] INFO  db.DBStoreBuilder (DBStoreBuilder.java:addTable(110)) - using custom profile for table: openKeyTable
2019-09-19 09:52:25,258 [Thread-1334] INFO  db.DBStoreBuilder (DBStoreBuilder.java:processTables(161)) - Using default column profile:DBProfile.DISK for Table:openKeyTable
2019-09-19 09:52:25,258 [Thread-1334] INFO  db.DBStoreBuilder (DBStoreBuilder.java:addTable(110)) - using custom profile for table: s3Table
2019-09-19 09:52:25,258 [Thread-1334] INFO  db.DBStoreBuilder (DBStoreBuilder.java:processTables(161)) - Using default column profile:DBProfile.DISK for Table:s3Table
2019-09-19 09:52:25,258 [Thread-1334] INFO  db.DBStoreBuilder (DBStoreBuilder.java:addTable(110)) - using custom profile for table: multipartInfoTable
2019-09-19 09:52:25,258 [Thread-1334] INFO  db.DBStoreBuilder (DBStoreBuilder.java:processTables(161)) - Using default column profile:DBProfile.DISK for Table:multipartInfoTable
2019-09-19 09:52:25,259 [Thread-1334] INFO  db.DBStoreBuilder (DBStoreBuilder.java:addTable(110)) - using custom profile for table: dTokenTable
2019-09-19 09:52:25,259 [Thread-1334] INFO  db.DBStoreBuilder (DBStoreBuilder.java:processTables(161)) - Using default column profile:DBProfile.DISK for Table:dTokenTable
2019-09-19 09:52:25,259 [Thread-1334] INFO  db.DBStoreBuilder (DBStoreBuilder.java:addTable(110)) - using custom profile for table: s3SecretTable
2019-09-19 09:52:25,259 [Thread-1334] INFO  db.DBStoreBuilder (DBStoreBuilder.java:processTables(161)) - Using default column profile:DBProfile.DISK for Table:s3SecretTable
2019-09-19 09:52:25,259 [Thread-1334] INFO  db.DBStoreBuilder (DBStoreBuilder.java:addTable(110)) - using custom profile for table: prefixTable
2019-09-19 09:52:25,259 [Thread-1334] INFO  db.DBStoreBuilder (DBStoreBuilder.java:processTables(161)) - Using default column profile:DBProfile.DISK for Table:prefixTable
2019-09-19 09:52:25,260 [Thread-1334] INFO  db.DBStoreBuilder (DBStoreBuilder.java:addTable(110)) - using custom profile for table: default
2019-09-19 09:52:25,260 [Thread-1334] INFO  db.DBStoreBuilder (DBStoreBuilder.java:processTables(167)) - Using default column profile:DBProfile.DISK for Table:default
2019-09-19 09:52:25,260 [Thread-1334] INFO  db.DBStoreBuilder (DBStoreBuilder.java:getDbProfile(198)) - Using default options. DBProfile.DISK
2019-09-19 09:52:25,693 [Thread-1334] INFO  ipc.CallQueueManager (CallQueueManager.java:<init>(84)) - Using callQueue: class java.util.concurrent.LinkedBlockingQueue, queueCapacity: 2000, scheduler: class org.apache.hadoop.ipc.DefaultRpcScheduler, ipcBackoff: false.
2019-09-19 09:52:25,694 [Socket Reader #1 for port 44430] INFO  ipc.Server (Server.java:run(1074)) - Starting Socket Reader #1 for port 44430
2019-09-19 09:52:25,713 [Thread-1334] INFO  om.OzoneManager (OzoneManager.java:start(1256)) - OzoneManager RPC server is listening at localhost/127.0.0.1:44430
2019-09-19 09:52:25,714 [Thread-1334] INFO  impl.MetricsSystemImpl (MetricsSystemImpl.java:init(158)) - OzoneManager metrics system started (again)
2019-09-19 09:52:25,714 [IPC Server Responder] INFO  ipc.Server (Server.java:run(1314)) - IPC Server Responder: starting
2019-09-19 09:52:25,715 [IPC Server listener on 44430] INFO  ipc.Server (Server.java:run(1153)) - IPC Server listener on 44430: starting
2019-09-19 09:52:25,720 [Thread-1334] INFO  hdfs.DFSUtil (DFSUtil.java:httpServerTemplateForNNAndJN(1641)) - Starting Web-server for ozoneManager at: http://0.0.0.0:0
2019-09-19 09:52:25,723 [Thread-1334] INFO  server.AuthenticationFilter (AuthenticationFilter.java:constructSecretProvider(240)) - Unable to initialize FileSignerSecretProvider, falling back to use random secrets.
2019-09-19 09:52:25,724 [Thread-1334] WARN  http.HttpRequestLog (HttpRequestLog.java:getRequestLog(97)) - Jetty request log can only be enabled using Log4j
2019-09-19 09:52:25,726 [Thread-1334] INFO  http.HttpServer2 (HttpServer2.java:addGlobalFilter(975)) - Added global filter 'safety' (class=org.apache.hadoop.http.HttpServer2$QuotingInputFilter)
2019-09-19 09:52:25,727 [Thread-1334] INFO  http.HttpServer2 (HttpServer2.java:addFilter(948)) - Added filter static_user_filter (class=org.apache.hadoop.http.lib.StaticUserWebFilter$StaticUserFilter) to context ozoneManager
2019-09-19 09:52:25,728 [Thread-1334] INFO  http.HttpServer2 (HttpServer2.java:addFilter(958)) - Added filter static_user_filter (class=org.apache.hadoop.http.lib.StaticUserWebFilter$StaticUserFilter) to context static
2019-09-19 09:52:25,728 [Thread-1334] INFO  http.HttpServer2 (HttpServer2.java:addFilter(958)) - Added filter static_user_filter (class=org.apache.hadoop.http.lib.StaticUserWebFilter$StaticUserFilter) to context logs
2019-09-19 09:52:25,729 [Thread-1334] INFO  http.HttpServer2 (HttpServer2.java:bindListener(1191)) - Jetty bound to port 43790
2019-09-19 09:52:25,729 [Thread-1334] INFO  server.Server (Server.java:doStart(351)) - jetty-9.3.24.v20180605, build timestamp: 2018-06-05T17:11:56Z, git hash: 84205aa28f11a4f31f2a3b86d1bba2cc8ab69827
2019-09-19 09:52:25,731 [Thread-1334] INFO  handler.ContextHandler (ContextHandler.java:doStart(781)) - Started o.e.j.s.ServletContextHandler@6d3eb22a{/logs,file:///workdir/hadoop-ozone/ozonefs/target/log,AVAILABLE}
2019-09-19 09:52:25,732 [Thread-1334] INFO  handler.ContextHandler (ContextHandler.java:doStart(781)) - Started o.e.j.s.ServletContextHandler@e1c346e{/static,jar:file:/home/user/.m2/repository/org/apache/hadoop/hadoop-ozone-ozone-manager/0.5.0-SNAPSHOT/hadoop-ozone-ozone-manager-0.5.0-SNAPSHOT.jar!/webapps/static,AVAILABLE}
2019-09-19 09:52:25,796 [Thread-1334] INFO  handler.ContextHandler (ContextHandler.java:doStart(781)) - Started o.e.j.w.WebAppContext@708bf7c0{/,file:///tmp/jetty-0.0.0.0-43790-ozoneManager-_-any-2141722294895048191.dir/webapp/,AVAILABLE}{/ozoneManager}
2019-09-19 09:52:25,796 [Thread-1334] INFO  server.AbstractConnector (AbstractConnector.java:doStart(278)) - Started ServerConnector@72ed8b88{HTTP/1.1,[http/1.1]}{0.0.0.0:43790}
2019-09-19 09:52:25,797 [Thread-1334] INFO  server.Server (Server.java:doStart(419)) - Started @95171ms
2019-09-19 09:52:25,798 [Thread-1334] INFO  server.BaseHttpServer (BaseHttpServer.java:updateConnectorAddress(213)) - HTTP server of OZONEMANAGER is listening at http://0.0.0.0:43790
2019-09-19 09:52:25,810 [Thread-1334] INFO  impl.MetricsSystemImpl (MetricsSystemImpl.java:init(158)) - HddsDatanode metrics system started (again)
2019-09-19 09:52:25,812 [Thread-1334] INFO  ozone.HddsDatanodeService (HddsDatanodeService.java:start(184)) - HddsDatanodeService host:pr-hdds-1569-j4bt4-3030777008 ip:192.168.34.5
2019-09-19 09:52:25,822 [Thread-1334] INFO  volume.HddsVolume (HddsVolume.java:<init>(176)) - Creating Volume: /workdir/hadoop-ozone/ozonefs/target/test-dir/MiniOzoneClusterImpl-1d4abb45-6296-491d-afb2-898852a5cf2e/datanode-0/data/containers/hdds of  storage type : DISK and capacity : 1482555576320
2019-09-19 09:52:25,823 [Thread-1334] INFO  volume.VolumeSet (VolumeSet.java:initializeVolumeSet(170)) - Added Volume : /workdir/hadoop-ozone/ozonefs/target/test-dir/MiniOzoneClusterImpl-1d4abb45-6296-491d-afb2-898852a5cf2e/datanode-0/data/containers/hdds to VolumeSet
2019-09-19 09:52:25,823 [Thread-1334] INFO  volume.ThrottledAsyncChecker (ThrottledAsyncChecker.java:schedule(140)) - Scheduling a check for org.apache.hadoop.ozone.container.common.volume.HddsVolume@5ca8a061
2019-09-19 09:52:25,824 [Thread-1334] INFO  volume.HddsVolumeChecker (HddsVolumeChecker.java:checkAllVolumes(203)) - Scheduled health check for volume org.apache.hadoop.ozone.container.common.volume.HddsVolume@5ca8a061
2019-09-19 09:52:25,853 [Thread-1334] INFO  impl.RaftServerProxy (ConfUtils.java:logGet(43)) - raft.rpc.type = GRPC (default)
2019-09-19 09:52:25,853 [Thread-1334] INFO  grpc.GrpcFactory (GrpcFactory.java:checkPooledByteBufAllocatorUseCacheForAllThreads(45)) - PERFORMANCE WARNING: useCacheForAllThreads is true that may cause Netty to create a lot garbage objects and, as a result, trigger GC.
	It is recommended to disable useCacheForAllThreads by setting -Dorg.apache.ratis.thirdparty.io.netty.allocator.useCacheForAllThreads=false in command line.
2019-09-19 09:52:25,853 [Thread-1334] INFO  grpc.GrpcConfigKeys$Server (ConfUtils.java:logGet(43)) - raft.grpc.server.port = 0 (default)
2019-09-19 09:52:25,854 [Thread-1334] INFO  server.GrpcService (ConfUtils.java:logGet(43)) - raft.grpc.message.size.max = 33570816 (custom)
2019-09-19 09:52:25,854 [Thread-1334] INFO  server.RaftServerConfigKeys (ConfUtils.java:logGet(43)) - raft.server.log.appender.buffer.byte-limit = 33554432 (custom)
2019-09-19 09:52:25,854 [Thread-1334] INFO  server.GrpcService (ConfUtils.java:logGet(43)) - raft.grpc.flow.control.window = 1MB (=1048576) (default)
2019-09-19 09:52:25,854 [Thread-1334] INFO  server.RaftServerConfigKeys (ConfUtils.java:logGet(43)) - raft.server.rpc.request.timeout = 3000ms (default)
2019-09-19 09:52:25,855 [Thread-1334] INFO  server.RaftServerConfigKeys (ConfUtils.java:logGet(43)) - raft.server.storage.dir = [/workdir/hadoop-ozone/ozonefs/target/test-dir/MiniOzoneClusterImpl-1d4abb45-6296-491d-afb2-898852a5cf2e/datanode-0/data/ratis] (custom)
2019-09-19 09:52:25,855 [Thread-1334] INFO  replication.SimpleContainerDownloader (SimpleContainerDownloader.java:<init>(72)) - Starting container downloader service to copy containers to replicate.
2019-09-19 09:52:25,858 [Thread-1334] INFO  hdfs.DFSUtil (DFSUtil.java:httpServerTemplateForNNAndJN(1641)) - Starting Web-server for hddsDatanode at: http://0.0.0.0:0
2019-09-19 09:52:25,860 [Thread-1334] INFO  server.AuthenticationFilter (AuthenticationFilter.java:constructSecretProvider(240)) - Unable to initialize FileSignerSecretProvider, falling back to use random secrets.
2019-09-19 09:52:25,861 [Thread-1334] WARN  http.HttpRequestLog (HttpRequestLog.java:getRequestLog(97)) - Jetty request log can only be enabled using Log4j
2019-09-19 09:52:25,864 [Thread-1334] INFO  http.HttpServer2 (HttpServer2.java:addGlobalFilter(975)) - Added global filter 'safety' (class=org.apache.hadoop.http.HttpServer2$QuotingInputFilter)
2019-09-19 09:52:25,865 [Thread-1334] INFO  http.HttpServer2 (HttpServer2.java:addFilter(948)) - Added filter static_user_filter (class=org.apache.hadoop.http.lib.StaticUserWebFilter$StaticUserFilter) to context hddsDatanode
2019-09-19 09:52:25,865 [Thread-1334] INFO  http.HttpServer2 (HttpServer2.java:addFilter(958)) - Added filter static_user_filter (class=org.apache.hadoop.http.lib.StaticUserWebFilter$StaticUserFilter) to context static
2019-09-19 09:52:25,865 [Thread-1334] INFO  http.HttpServer2 (HttpServer2.java:addFilter(958)) - Added filter static_user_filter (class=org.apache.hadoop.http.lib.StaticUserWebFilter$StaticUserFilter) to context logs
2019-09-19 09:52:25,866 [Thread-1334] INFO  http.HttpServer2 (HttpServer2.java:bindListener(1191)) - Jetty bound to port 44869
2019-09-19 09:52:25,866 [Thread-1334] INFO  server.Server (Server.java:doStart(351)) - jetty-9.3.24.v20180605, build timestamp: 2018-06-05T17:11:56Z, git hash: 84205aa28f11a4f31f2a3b86d1bba2cc8ab69827
2019-09-19 09:52:25,868 [Thread-1334] INFO  handler.ContextHandler (ContextHandler.java:doStart(781)) - Started o.e.j.s.ServletContextHandler@36e004ce{/logs,file:///workdir/hadoop-ozone/ozonefs/target/log,AVAILABLE}
2019-09-19 09:52:25,869 [Thread-1334] INFO  handler.ContextHandler (ContextHandler.java:doStart(781)) - Started o.e.j.s.ServletContextHandler@24743258{/static,jar:file:/home/user/.m2/repository/org/apache/hadoop/hadoop-hdds-container-service/0.5.0-SNAPSHOT/hadoop-hdds-container-service-0.5.0-SNAPSHOT.jar!/webapps/static,AVAILABLE}
2019-09-19 09:52:25,916 [Thread-1334] INFO  handler.ContextHandler (ContextHandler.java:doStart(781)) - Started o.e.j.w.WebAppContext@18ca48d0{/,file:///tmp/jetty-0.0.0.0-44869-hddsDatanode-_-any-1468980915402534787.dir/webapp/,AVAILABLE}{/hddsDatanode}
2019-09-19 09:52:25,917 [Thread-1334] INFO  server.AbstractConnector (AbstractConnector.java:doStart(278)) - Started ServerConnector@e29dea1{HTTP/1.1,[http/1.1]}{0.0.0.0:44869}
2019-09-19 09:52:25,918 [Thread-1334] INFO  server.Server (Server.java:doStart(419)) - Started @95292ms
2019-09-19 09:52:25,919 [Thread-1334] INFO  server.BaseHttpServer (BaseHttpServer.java:updateConnectorAddress(213)) - HTTP server of HDDSDATANODE is listening at http://0.0.0.0:44869
2019-09-19 09:52:26,056 | INFO  | ObjectStoreRestHttpServer | Listening HDDS REST traffic on /0.0.0.0:43179 |  
2019-09-19 09:52:26,056 [Thread-1334] INFO  ozone.HddsDatanodeService (HddsDatanodeService.java:startPlugins(395)) - Started plug-in org.apache.hadoop.ozone.web.OzoneHddsDatanodeService@4e367529
2019-09-19 09:52:26,056 [Thread-1334] INFO  impl.MetricsSystemImpl (MetricsSystemImpl.java:init(158)) - HddsDatanode metrics system started (again)
2019-09-19 09:52:26,059 [Thread-1334] INFO  ozone.HddsDatanodeService (HddsDatanodeService.java:start(184)) - HddsDatanodeService host:pr-hdds-1569-j4bt4-3030777008 ip:192.168.34.5
2019-09-19 09:52:26,059 [org.apache.hadoop.util.JvmPauseMonitor$Monitor@34e875f7] INFO  util.JvmPauseMonitor (JvmPauseMonitor.java:run(188)) - Starting JVM pause monitor
2019-09-19 09:52:26,062 [Datanode State Machine Thread - 0] INFO  datanode.InitDatanodeState (InitDatanodeState.java:persistContainerDatanodeDetails(140)) - DatanodeDetails is persisted to /workdir/hadoop-ozone/ozonefs/target/test-dir/MiniOzoneClusterImpl-1d4abb45-6296-491d-afb2-898852a5cf2e/datanode-0/meta/datanode.id
2019-09-19 09:52:26,067 [Thread-1334] INFO  volume.HddsVolume (HddsVolume.java:<init>(176)) - Creating Volume: /workdir/hadoop-ozone/ozonefs/target/test-dir/MiniOzoneClusterImpl-1d4abb45-6296-491d-afb2-898852a5cf2e/datanode-1/data/containers/hdds of  storage type : DISK and capacity : 1482555576320
2019-09-19 09:52:26,067 [Thread-1334] INFO  volume.VolumeSet (VolumeSet.java:initializeVolumeSet(170)) - Added Volume : /workdir/hadoop-ozone/ozonefs/target/test-dir/MiniOzoneClusterImpl-1d4abb45-6296-491d-afb2-898852a5cf2e/datanode-1/data/containers/hdds to VolumeSet
2019-09-19 09:52:26,067 [Thread-1334] INFO  volume.ThrottledAsyncChecker (ThrottledAsyncChecker.java:schedule(140)) - Scheduling a check for org.apache.hadoop.ozone.container.common.volume.HddsVolume@5905dfa3
2019-09-19 09:52:26,068 [Thread-1334] INFO  volume.HddsVolumeChecker (HddsVolumeChecker.java:checkAllVolumes(203)) - Scheduled health check for volume org.apache.hadoop.ozone.container.common.volume.HddsVolume@5905dfa3
2019-09-19 09:52:26,091 [Thread-1334] INFO  impl.RaftServerProxy (ConfUtils.java:logGet(43)) - raft.rpc.type = GRPC (default)
2019-09-19 09:52:26,091 [Thread-1334] INFO  grpc.GrpcFactory (GrpcFactory.java:checkPooledByteBufAllocatorUseCacheForAllThreads(45)) - PERFORMANCE WARNING: useCacheForAllThreads is true that may cause Netty to create a lot garbage objects and, as a result, trigger GC.
	It is recommended to disable useCacheForAllThreads by setting -Dorg.apache.ratis.thirdparty.io.netty.allocator.useCacheForAllThreads=false in command line.
2019-09-19 09:52:26,091 [Thread-1334] INFO  grpc.GrpcConfigKeys$Server (ConfUtils.java:logGet(43)) - raft.grpc.server.port = 0 (default)
2019-09-19 09:52:26,091 [Thread-1334] INFO  server.GrpcService (ConfUtils.java:logGet(43)) - raft.grpc.message.size.max = 33570816 (custom)
2019-09-19 09:52:26,092 [Thread-1334] INFO  server.RaftServerConfigKeys (ConfUtils.java:logGet(43)) - raft.server.log.appender.buffer.byte-limit = 33554432 (custom)
2019-09-19 09:52:26,092 [Thread-1334] INFO  server.GrpcService (ConfUtils.java:logGet(43)) - raft.grpc.flow.control.window = 1MB (=1048576) (default)
2019-09-19 09:52:26,092 [Thread-1334] INFO  server.RaftServerConfigKeys (ConfUtils.java:logGet(43)) - raft.server.rpc.request.timeout = 3000ms (default)
2019-09-19 09:52:26,092 [Thread-1334] INFO  server.RaftServerConfigKeys (ConfUtils.java:logGet(43)) - raft.server.storage.dir = [/workdir/hadoop-ozone/ozonefs/target/test-dir/MiniOzoneClusterImpl-1d4abb45-6296-491d-afb2-898852a5cf2e/datanode-1/data/ratis] (custom)
2019-09-19 09:52:26,093 [Thread-1334] INFO  replication.SimpleContainerDownloader (SimpleContainerDownloader.java:<init>(72)) - Starting container downloader service to copy containers to replicate.
2019-09-19 09:52:26,094 [Thread-1334] INFO  hdfs.DFSUtil (DFSUtil.java:httpServerTemplateForNNAndJN(1641)) - Starting Web-server for hddsDatanode at: http://0.0.0.0:0
2019-09-19 09:52:26,096 [Thread-1334] INFO  server.AuthenticationFilter (AuthenticationFilter.java:constructSecretProvider(240)) - Unable to initialize FileSignerSecretProvider, falling back to use random secrets.
2019-09-19 09:52:26,096 [Thread-1334] WARN  http.HttpRequestLog (HttpRequestLog.java:getRequestLog(97)) - Jetty request log can only be enabled using Log4j
2019-09-19 09:52:26,099 [Thread-1334] INFO  http.HttpServer2 (HttpServer2.java:addGlobalFilter(975)) - Added global filter 'safety' (class=org.apache.hadoop.http.HttpServer2$QuotingInputFilter)
2019-09-19 09:52:26,099 [Thread-1334] INFO  http.HttpServer2 (HttpServer2.java:addFilter(948)) - Added filter static_user_filter (class=org.apache.hadoop.http.lib.StaticUserWebFilter$StaticUserFilter) to context hddsDatanode
2019-09-19 09:52:26,100 [Thread-1334] INFO  http.HttpServer2 (HttpServer2.java:addFilter(958)) - Added filter static_user_filter (class=org.apache.hadoop.http.lib.StaticUserWebFilter$StaticUserFilter) to context static
2019-09-19 09:52:26,100 [Thread-1334] INFO  http.HttpServer2 (HttpServer2.java:addFilter(958)) - Added filter static_user_filter (class=org.apache.hadoop.http.lib.StaticUserWebFilter$StaticUserFilter) to context logs
2019-09-19 09:52:26,100 [Thread-1334] INFO  http.HttpServer2 (HttpServer2.java:bindListener(1191)) - Jetty bound to port 43495
2019-09-19 09:52:26,101 [Thread-1334] INFO  server.Server (Server.java:doStart(351)) - jetty-9.3.24.v20180605, build timestamp: 2018-06-05T17:11:56Z, git hash: 84205aa28f11a4f31f2a3b86d1bba2cc8ab69827
2019-09-19 09:52:26,103 [Thread-1334] INFO  handler.ContextHandler (ContextHandler.java:doStart(781)) - Started o.e.j.s.ServletContextHandler@3c5b4e54{/logs,file:///workdir/hadoop-ozone/ozonefs/target/log,AVAILABLE}
2019-09-19 09:52:26,103 [Thread-1334] INFO  handler.ContextHandler (ContextHandler.java:doStart(781)) - Started o.e.j.s.ServletContextHandler@304ee504{/static,jar:file:/home/user/.m2/repository/org/apache/hadoop/hadoop-hdds-container-service/0.5.0-SNAPSHOT/hadoop-hdds-container-service-0.5.0-SNAPSHOT.jar!/webapps/static,AVAILABLE}
2019-09-19 09:52:26,136 [Thread-1334] INFO  handler.ContextHandler (ContextHandler.java:doStart(781)) - Started o.e.j.w.WebAppContext@31d82ebe{/,file:///tmp/jetty-0.0.0.0-43495-hddsDatanode-_-any-8825268536617942950.dir/webapp/,AVAILABLE}{/hddsDatanode}
2019-09-19 09:52:26,137 [Thread-1334] INFO  server.AbstractConnector (AbstractConnector.java:doStart(278)) - Started ServerConnector@35efa11{HTTP/1.1,[http/1.1]}{0.0.0.0:43495}
2019-09-19 09:52:26,138 [Thread-1334] INFO  server.Server (Server.java:doStart(419)) - Started @95512ms
2019-09-19 09:52:26,139 [Thread-1334] INFO  server.BaseHttpServer (BaseHttpServer.java:updateConnectorAddress(213)) - HTTP server of HDDSDATANODE is listening at http://0.0.0.0:43495
2019-09-19 09:52:26,260 | INFO  | ObjectStoreRestHttpServer | Listening HDDS REST traffic on /0.0.0.0:40842 |  
2019-09-19 09:52:26,260 [Thread-1334] INFO  ozone.HddsDatanodeService (HddsDatanodeService.java:startPlugins(395)) - Started plug-in org.apache.hadoop.ozone.web.OzoneHddsDatanodeService@676e4d73
2019-09-19 09:52:26,261 [Thread-1334] INFO  impl.MetricsSystemImpl (MetricsSystemImpl.java:init(158)) - HddsDatanode metrics system started (again)
2019-09-19 09:52:26,263 [Thread-1334] INFO  ozone.HddsDatanodeService (HddsDatanodeService.java:start(184)) - HddsDatanodeService host:pr-hdds-1569-j4bt4-3030777008 ip:192.168.34.5
2019-09-19 09:52:26,263 [org.apache.hadoop.util.JvmPauseMonitor$Monitor@71f39cf6] INFO  util.JvmPauseMonitor (JvmPauseMonitor.java:run(188)) - Starting JVM pause monitor
2019-09-19 09:52:26,266 [Datanode State Machine Thread - 0] INFO  datanode.InitDatanodeState (InitDatanodeState.java:persistContainerDatanodeDetails(140)) - DatanodeDetails is persisted to /workdir/hadoop-ozone/ozonefs/target/test-dir/MiniOzoneClusterImpl-1d4abb45-6296-491d-afb2-898852a5cf2e/datanode-1/meta/datanode.id
2019-09-19 09:52:26,273 [Thread-1334] INFO  volume.HddsVolume (HddsVolume.java:<init>(176)) - Creating Volume: /workdir/hadoop-ozone/ozonefs/target/test-dir/MiniOzoneClusterImpl-1d4abb45-6296-491d-afb2-898852a5cf2e/datanode-2/data/containers/hdds of  storage type : DISK and capacity : 1482555576320
2019-09-19 09:52:26,274 [Thread-1334] INFO  volume.VolumeSet (VolumeSet.java:initializeVolumeSet(170)) - Added Volume : /workdir/hadoop-ozone/ozonefs/target/test-dir/MiniOzoneClusterImpl-1d4abb45-6296-491d-afb2-898852a5cf2e/datanode-2/data/containers/hdds to VolumeSet
2019-09-19 09:52:26,274 [Thread-1334] INFO  volume.ThrottledAsyncChecker (ThrottledAsyncChecker.java:schedule(140)) - Scheduling a check for org.apache.hadoop.ozone.container.common.volume.HddsVolume@7612437c
2019-09-19 09:52:26,274 [Thread-1334] INFO  volume.HddsVolumeChecker (HddsVolumeChecker.java:checkAllVolumes(203)) - Scheduled health check for volume org.apache.hadoop.ozone.container.common.volume.HddsVolume@7612437c
2019-09-19 09:52:26,294 [Thread-1334] INFO  impl.RaftServerProxy (ConfUtils.java:logGet(43)) - raft.rpc.type = GRPC (default)
2019-09-19 09:52:26,294 [Thread-1334] INFO  grpc.GrpcFactory (GrpcFactory.java:checkPooledByteBufAllocatorUseCacheForAllThreads(45)) - PERFORMANCE WARNING: useCacheForAllThreads is true that may cause Netty to create a lot garbage objects and, as a result, trigger GC.
	It is recommended to disable useCacheForAllThreads by setting -Dorg.apache.ratis.thirdparty.io.netty.allocator.useCacheForAllThreads=false in command line.
2019-09-19 09:52:26,294 [Thread-1334] INFO  grpc.GrpcConfigKeys$Server (ConfUtils.java:logGet(43)) - raft.grpc.server.port = 0 (default)
2019-09-19 09:52:26,295 [Thread-1334] INFO  server.GrpcService (ConfUtils.java:logGet(43)) - raft.grpc.message.size.max = 33570816 (custom)
2019-09-19 09:52:26,295 [Thread-1334] INFO  server.RaftServerConfigKeys (ConfUtils.java:logGet(43)) - raft.server.log.appender.buffer.byte-limit = 33554432 (custom)
2019-09-19 09:52:26,295 [Thread-1334] INFO  server.GrpcService (ConfUtils.java:logGet(43)) - raft.grpc.flow.control.window = 1MB (=1048576) (default)
2019-09-19 09:52:26,295 [Thread-1334] INFO  server.RaftServerConfigKeys (ConfUtils.java:logGet(43)) - raft.server.rpc.request.timeout = 3000ms (default)
2019-09-19 09:52:26,295 [Thread-1334] INFO  server.RaftServerConfigKeys (ConfUtils.java:logGet(43)) - raft.server.storage.dir = [/workdir/hadoop-ozone/ozonefs/target/test-dir/MiniOzoneClusterImpl-1d4abb45-6296-491d-afb2-898852a5cf2e/datanode-2/data/ratis] (custom)
2019-09-19 09:52:26,296 [Thread-1334] INFO  replication.SimpleContainerDownloader (SimpleContainerDownloader.java:<init>(72)) - Starting container downloader service to copy containers to replicate.
2019-09-19 09:52:26,297 [Thread-1334] INFO  hdfs.DFSUtil (DFSUtil.java:httpServerTemplateForNNAndJN(1641)) - Starting Web-server for hddsDatanode at: http://0.0.0.0:0
2019-09-19 09:52:26,298 [Thread-1334] INFO  server.AuthenticationFilter (AuthenticationFilter.java:constructSecretProvider(240)) - Unable to initialize FileSignerSecretProvider, falling back to use random secrets.
2019-09-19 09:52:26,299 [Thread-1334] WARN  http.HttpRequestLog (HttpRequestLog.java:getRequestLog(97)) - Jetty request log can only be enabled using Log4j
2019-09-19 09:52:26,300 [Thread-1334] INFO  http.HttpServer2 (HttpServer2.java:addGlobalFilter(975)) - Added global filter 'safety' (class=org.apache.hadoop.http.HttpServer2$QuotingInputFilter)
2019-09-19 09:52:26,301 [Thread-1334] INFO  http.HttpServer2 (HttpServer2.java:addFilter(948)) - Added filter static_user_filter (class=org.apache.hadoop.http.lib.StaticUserWebFilter$StaticUserFilter) to context hddsDatanode
2019-09-19 09:52:26,301 [Thread-1334] INFO  http.HttpServer2 (HttpServer2.java:addFilter(958)) - Added filter static_user_filter (class=org.apache.hadoop.http.lib.StaticUserWebFilter$StaticUserFilter) to context static
2019-09-19 09:52:26,301 [Thread-1334] INFO  http.HttpServer2 (HttpServer2.java:addFilter(958)) - Added filter static_user_filter (class=org.apache.hadoop.http.lib.StaticUserWebFilter$StaticUserFilter) to context logs
2019-09-19 09:52:26,302 [Thread-1334] INFO  http.HttpServer2 (HttpServer2.java:bindListener(1191)) - Jetty bound to port 39132
2019-09-19 09:52:26,302 [Thread-1334] INFO  server.Server (Server.java:doStart(351)) - jetty-9.3.24.v20180605, build timestamp: 2018-06-05T17:11:56Z, git hash: 84205aa28f11a4f31f2a3b86d1bba2cc8ab69827
2019-09-19 09:52:26,304 [Thread-1334] INFO  handler.ContextHandler (ContextHandler.java:doStart(781)) - Started o.e.j.s.ServletContextHandler@67fa3b72{/logs,file:///workdir/hadoop-ozone/ozonefs/target/log,AVAILABLE}
2019-09-19 09:52:26,304 [Thread-1334] INFO  handler.ContextHandler (ContextHandler.java:doStart(781)) - Started o.e.j.s.ServletContextHandler@7608936d{/static,jar:file:/home/user/.m2/repository/org/apache/hadoop/hadoop-hdds-container-service/0.5.0-SNAPSHOT/hadoop-hdds-container-service-0.5.0-SNAPSHOT.jar!/webapps/static,AVAILABLE}
2019-09-19 09:52:26,330 [Thread-1334] INFO  handler.ContextHandler (ContextHandler.java:doStart(781)) - Started o.e.j.w.WebAppContext@152500f5{/,file:///tmp/jetty-0.0.0.0-39132-hddsDatanode-_-any-1018161368200375614.dir/webapp/,AVAILABLE}{/hddsDatanode}
2019-09-19 09:52:26,330 [Thread-1334] INFO  server.AbstractConnector (AbstractConnector.java:doStart(278)) - Started ServerConnector@2a40c91d{HTTP/1.1,[http/1.1]}{0.0.0.0:39132}
2019-09-19 09:52:26,331 [Thread-1334] INFO  server.Server (Server.java:doStart(419)) - Started @95705ms
2019-09-19 09:52:26,332 [Thread-1334] INFO  server.BaseHttpServer (BaseHttpServer.java:updateConnectorAddress(213)) - HTTP server of HDDSDATANODE is listening at http://0.0.0.0:39132
2019-09-19 09:52:26,467 | INFO  | ObjectStoreRestHttpServer | Listening HDDS REST traffic on /0.0.0.0:37383 |  
2019-09-19 09:52:26,467 [Thread-1334] INFO  ozone.HddsDatanodeService (HddsDatanodeService.java:startPlugins(395)) - Started plug-in org.apache.hadoop.ozone.web.OzoneHddsDatanodeService@29dd5979
2019-09-19 09:52:26,468 [Thread-1334] INFO  ozone.MiniOzoneClusterImpl (MiniOzoneClusterImpl.java:lambda$waitForClusterToBeReady$0(142)) - Waiting for cluster to be ready. Got 0 of 3 DN Heartbeats.
2019-09-19 09:52:26,470 [org.apache.hadoop.util.JvmPauseMonitor$Monitor@2e378a51] INFO  util.JvmPauseMonitor (JvmPauseMonitor.java:run(188)) - Starting JVM pause monitor
2019-09-19 09:52:26,472 [Datanode State Machine Thread - 0] INFO  datanode.InitDatanodeState (InitDatanodeState.java:persistContainerDatanodeDetails(140)) - DatanodeDetails is persisted to /workdir/hadoop-ozone/ozonefs/target/test-dir/MiniOzoneClusterImpl-1d4abb45-6296-491d-afb2-898852a5cf2e/datanode-2/meta/datanode.id
2019-09-19 09:52:27,468 [Thread-1334] INFO  ozone.MiniOzoneClusterImpl (MiniOzoneClusterImpl.java:lambda$waitForClusterToBeReady$0(142)) - Waiting for cluster to be ready. Got 0 of 3 DN Heartbeats.
2019-09-19 09:52:28,066 | INFO  | SCMAudit | user=jenkins1000 | ip=192.168.34.5 | op=GET_VERSION null | ret=SUCCESS |  
2019-09-19 09:52:28,083 [Datanode State Machine Thread - 0] INFO  ozoneimpl.OzoneContainer (OzoneContainer.java:start(186)) - Attempting to start container services.
2019-09-19 09:52:28,083 [Datanode State Machine Thread - 0] INFO  ozoneimpl.OzoneContainer (OzoneContainer.java:startContainerScrub(160)) - Background container scrubber has been disabled by hdds.containerscrub.enabled
2019-09-19 09:52:28,083 [Datanode State Machine Thread - 0] INFO  ratis.XceiverServerRatis (XceiverServerRatis.java:start(404)) - Starting XceiverServerRatis 16493f01-ec02-45ff-bd44-1abc5ff8aed0 at port 0
2019-09-19 09:52:28,090 [Datanode State Machine Thread - 0] INFO  impl.RaftServerProxy (RaftServerProxy.java:lambda$start$3(299)) - 16493f01-ec02-45ff-bd44-1abc5ff8aed0: start RPC server
2019-09-19 09:52:28,093 [Datanode State Machine Thread - 0] INFO  server.GrpcService (GrpcService.java:startImpl(149)) - 16493f01-ec02-45ff-bd44-1abc5ff8aed0: GrpcService started, listening on 0.0.0.0/0.0.0.0:45995
2019-09-19 09:52:28,094 [Datanode State Machine Thread - 0] INFO  ratis.XceiverServerRatis (XceiverServerRatis.java:start(414)) - XceiverServerRatis 16493f01-ec02-45ff-bd44-1abc5ff8aed0 is started using port 45995
2019-09-19 09:52:28,094 [Datanode State Machine Thread - 0] INFO  server.XceiverServerGrpc (XceiverServerGrpc.java:start(163)) - XceiverServerGrpc 16493f01-ec02-45ff-bd44-1abc5ff8aed0 is started using port 32910
2019-09-19 09:52:28,264 | INFO  | SCMAudit | user=jenkins1000 | ip=192.168.34.5 | op=GET_VERSION null | ret=SUCCESS |  
2019-09-19 09:52:28,278 [Datanode State Machine Thread - 0] INFO  ozoneimpl.OzoneContainer (OzoneContainer.java:start(186)) - Attempting to start container services.
2019-09-19 09:52:28,278 [Datanode State Machine Thread - 0] INFO  ozoneimpl.OzoneContainer (OzoneContainer.java:startContainerScrub(160)) - Background container scrubber has been disabled by hdds.containerscrub.enabled
2019-09-19 09:52:28,278 [Datanode State Machine Thread - 0] INFO  ratis.XceiverServerRatis (XceiverServerRatis.java:start(404)) - Starting XceiverServerRatis edb869d4-f721-4ac7-9d7d-3d59f669430d at port 0
2019-09-19 09:52:28,286 [Datanode State Machine Thread - 0] INFO  impl.RaftServerProxy (RaftServerProxy.java:lambda$start$3(299)) - edb869d4-f721-4ac7-9d7d-3d59f669430d: start RPC server
2019-09-19 09:52:28,288 [Datanode State Machine Thread - 0] INFO  server.GrpcService (GrpcService.java:startImpl(149)) - edb869d4-f721-4ac7-9d7d-3d59f669430d: GrpcService started, listening on 0.0.0.0/0.0.0.0:43205
2019-09-19 09:52:28,289 [Datanode State Machine Thread - 0] INFO  ratis.XceiverServerRatis (XceiverServerRatis.java:start(414)) - XceiverServerRatis edb869d4-f721-4ac7-9d7d-3d59f669430d is started using port 43205
2019-09-19 09:52:28,289 [Datanode State Machine Thread - 0] INFO  server.XceiverServerGrpc (XceiverServerGrpc.java:start(163)) - XceiverServerGrpc edb869d4-f721-4ac7-9d7d-3d59f669430d is started using port 34107
2019-09-19 09:52:28,470 [Thread-1334] INFO  ozone.MiniOzoneClusterImpl (MiniOzoneClusterImpl.java:lambda$waitForClusterToBeReady$0(142)) - Waiting for cluster to be ready. Got 0 of 3 DN Heartbeats.
2019-09-19 09:52:28,471 | INFO  | SCMAudit | user=jenkins1000 | ip=192.168.34.5 | op=GET_VERSION null | ret=SUCCESS |  
2019-09-19 09:52:28,485 [Datanode State Machine Thread - 0] INFO  ozoneimpl.OzoneContainer (OzoneContainer.java:start(186)) - Attempting to start container services.
2019-09-19 09:52:28,486 [Datanode State Machine Thread - 0] INFO  ozoneimpl.OzoneContainer (OzoneContainer.java:startContainerScrub(160)) - Background container scrubber has been disabled by hdds.containerscrub.enabled
2019-09-19 09:52:28,486 [Datanode State Machine Thread - 0] INFO  ratis.XceiverServerRatis (XceiverServerRatis.java:start(404)) - Starting XceiverServerRatis 5fe28b99-5296-4882-8415-41e5835760cd at port 0
2019-09-19 09:52:28,493 [Datanode State Machine Thread - 0] INFO  impl.RaftServerProxy (RaftServerProxy.java:lambda$start$3(299)) - 5fe28b99-5296-4882-8415-41e5835760cd: start RPC server
2019-09-19 09:52:28,494 [Datanode State Machine Thread - 0] INFO  server.GrpcService (GrpcService.java:startImpl(149)) - 5fe28b99-5296-4882-8415-41e5835760cd: GrpcService started, listening on 0.0.0.0/0.0.0.0:35838
2019-09-19 09:52:28,494 [Datanode State Machine Thread - 0] INFO  ratis.XceiverServerRatis (XceiverServerRatis.java:start(414)) - XceiverServerRatis 5fe28b99-5296-4882-8415-41e5835760cd is started using port 35838
2019-09-19 09:52:28,495 [Datanode State Machine Thread - 0] INFO  server.XceiverServerGrpc (XceiverServerGrpc.java:start(163)) - XceiverServerGrpc 5fe28b99-5296-4882-8415-41e5835760cd is started using port 42848
2019-09-19 09:52:29,470 [Thread-1334] INFO  ozone.MiniOzoneClusterImpl (MiniOzoneClusterImpl.java:lambda$waitForClusterToBeReady$0(142)) - Waiting for cluster to be ready. Got 0 of 3 DN Heartbeats.
2019-09-19 09:52:30,063 [IPC Server handler 0 on 39970] INFO  net.NetworkTopology (NetworkTopologyImpl.java:add(110)) - Added a new node: /default-rack/16493f01-ec02-45ff-bd44-1abc5ff8aed0
2019-09-19 09:52:30,065 [IPC Server handler 0 on 39970] INFO  node.SCMNodeManager (SCMNodeManager.java:register(273)) - Registered Data node : 16493f01-ec02-45ff-bd44-1abc5ff8aed0{ip: 192.168.34.5, host: pr-hdds-1569-j4bt4-3030777008, networkLocation: /default-rack, certSerialId: null}
2019-09-19 09:52:30,066 [EventQueue-NodeRegistrationContainerReportForDataNodeSafeModeRule] INFO  safemode.SCMSafeModeManager (DataNodeSafeModeRule.java:process(71)) - SCM in safe mode. 1 DataNodes registered, 1 required.
2019-09-19 09:52:30,066 | INFO  | SCMAudit | user=jenkins1000 | ip=192.168.34.5 | op=REGISTER {datanodeDetails=16493f01-ec02-45ff-bd44-1abc5ff8aed0{ip: 192.168.34.5, host: pr-hdds-1569-j4bt4-3030777008, networkLocation: /default-rack, certSerialId: null}} | ret=SUCCESS |  
2019-09-19 09:52:30,068 [EventQueue-NodeRegistrationContainerReportForDataNodeSafeModeRule] INFO  safemode.SCMSafeModeManager (SCMSafeModeManager.java:validateSafeModeExitRules(177)) - ScmSafeModeManager, all rules are successfully validated
2019-09-19 09:52:30,068 [EventQueue-NodeRegistrationContainerReportForDataNodeSafeModeRule] INFO  safemode.SCMSafeModeManager (SCMSafeModeManager.java:exitSafeMode(193)) - SCM exiting safe mode.
2019-09-19 09:52:30,087 [grpc-default-executor-0] INFO  impl.RaftServerProxy (RaftServerProxy.java:addNew(89)) - 16493f01-ec02-45ff-bd44-1abc5ff8aed0: addNew group-B498646EFB3E:[16493f01-ec02-45ff-bd44-1abc5ff8aed0:192.168.34.5:45995] returns group-B498646EFB3E:java.util.concurrent.CompletableFuture@52986410[Not completed]
2019-09-19 09:52:30,089 [pool-292-thread-1] INFO  impl.RaftServerImpl (RaftServerImpl.java:<init>(93)) - 16493f01-ec02-45ff-bd44-1abc5ff8aed0: new RaftServerImpl for group-B498646EFB3E:[16493f01-ec02-45ff-bd44-1abc5ff8aed0:192.168.34.5:45995] with ContainerStateMachine:uninitialized
2019-09-19 09:52:30,089 [pool-292-thread-1] INFO  server.RaftServerConfigKeys (ConfUtils.java:logGet(43)) - raft.server.rpc.timeout.min = 5s (custom)
2019-09-19 09:52:30,089 [pool-292-thread-1] INFO  server.RaftServerConfigKeys (ConfUtils.java:logGet(43)) - raft.server.rpc.timeout.max = 5200ms (custom)
2019-09-19 09:52:30,089 [pool-292-thread-1] INFO  server.RaftServerConfigKeys (ConfUtils.java:logGet(43)) - raft.server.rpcslowness.timeout = 120s (custom)
2019-09-19 09:52:30,090 [pool-292-thread-1] INFO  server.RaftServerConfigKeys (ConfUtils.java:logGet(43)) - raft.server.sleep.deviation.threshold = 300 (default)
2019-09-19 09:52:30,090 [pool-292-thread-1] INFO  server.RaftServerConfigKeys (ConfUtils.java:logGet(43)) - raft.server.log.appender.install.snapshot.enabled = false (custom)
2019-09-19 09:52:30,090 [pool-292-thread-1] INFO  impl.RaftServerImpl (ServerState.java:<init>(105)) - 16493f01-ec02-45ff-bd44-1abc5ff8aed0:group-B498646EFB3E ConfigurationManager, init=-1: [16493f01-ec02-45ff-bd44-1abc5ff8aed0:192.168.34.5:45995], old=null, confs=<EMPTY_MAP>
2019-09-19 09:52:30,090 [pool-292-thread-1] INFO  server.RaftServerConfigKeys (ConfUtils.java:logGet(43)) - raft.server.storage.dir = [/workdir/hadoop-ozone/ozonefs/target/test-dir/MiniOzoneClusterImpl-1d4abb45-6296-491d-afb2-898852a5cf2e/datanode-0/data/ratis] (custom)
2019-09-19 09:52:30,091 [pool-292-thread-1] INFO  storage.RaftStorageDirectory (RaftStorageDirectory.java:analyzeStorage(246)) - The storage directory /workdir/hadoop-ozone/ozonefs/target/test-dir/MiniOzoneClusterImpl-1d4abb45-6296-491d-afb2-898852a5cf2e/datanode-0/data/ratis/918bd688-aab0-4b03-afbe-b498646efb3e does not exist. Creating ...
2019-09-19 09:52:30,112 [pool-292-thread-1] INFO  storage.RaftStorageDirectory (RaftStorageDirectory.java:tryLock(328)) - Lock on /workdir/hadoop-ozone/ozonefs/target/test-dir/MiniOzoneClusterImpl-1d4abb45-6296-491d-afb2-898852a5cf2e/datanode-0/data/ratis/918bd688-aab0-4b03-afbe-b498646efb3e/in_use.lock acquired by nodename 9507@pr-hdds-1569-j4bt4-3030777008
2019-09-19 09:52:30,125 [pool-292-thread-1] INFO  storage.RaftStorage (RaftStorage.java:format(72)) - Storage directory /workdir/hadoop-ozone/ozonefs/target/test-dir/MiniOzoneClusterImpl-1d4abb45-6296-491d-afb2-898852a5cf2e/datanode-0/data/ratis/918bd688-aab0-4b03-afbe-b498646efb3e has been successfully formatted.
2019-09-19 09:52:30,126 [pool-292-thread-1] INFO  ratis.ContainerStateMachine (ContainerStateMachine.java:loadSnapshot(226)) - group-B498646EFB3E: The snapshot info is null. Setting the last applied indexto:(t:0, i:~)
2019-09-19 09:52:30,126 [pool-292-thread-1] INFO  server.RaftServerConfigKeys (ConfUtils.java:logGet(43)) - raft.server.leader.election.timeout = 120s (custom)
2019-09-19 09:52:30,126 [pool-292-thread-1] INFO  server.RaftServerConfigKeys (ConfUtils.java:logGet(43)) - raft.server.log.use.memory = false (default)
2019-09-19 09:52:30,126 [pool-292-thread-1] INFO  server.RaftServerConfigKeys (ConfUtils.java:logGet(43)) - raft.server.log.purge.gap = 1000000 (custom)
2019-09-19 09:52:30,126 [pool-292-thread-1] INFO  server.RaftServerConfigKeys (ConfUtils.java:logGet(43)) - raft.server.log.appender.buffer.byte-limit = 33554432 (custom)
2019-09-19 09:52:30,127 [pool-292-thread-1] INFO  server.RaftServerConfigKeys (ConfUtils.java:logGet(43)) - raft.server.log.segment.size.max = 1048576 (custom)
2019-09-19 09:52:30,127 [pool-292-thread-1] INFO  server.RaftServerConfigKeys (ConfUtils.java:logGet(43)) - raft.server.log.segment.cache.num.max = 2 (custom)
2019-09-19 09:52:30,127 [pool-292-thread-1] INFO  segmented.SegmentedRaftLogWorker (SegmentedRaftLogWorker.java:<init>(172)) - new 16493f01-ec02-45ff-bd44-1abc5ff8aed0-SegmentedRaftLogWorker:Storage Directory /workdir/hadoop-ozone/ozonefs/target/test-dir/MiniOzoneClusterImpl-1d4abb45-6296-491d-afb2-898852a5cf2e/datanode-0/data/ratis/918bd688-aab0-4b03-afbe-b498646efb3e for RaftStorage:Storage Directory /workdir/hadoop-ozone/ozonefs/target/test-dir/MiniOzoneClusterImpl-1d4abb45-6296-491d-afb2-898852a5cf2e/datanode-0/data/ratis/918bd688-aab0-4b03-afbe-b498646efb3e
2019-09-19 09:52:30,127 [pool-292-thread-1] INFO  server.RaftServerConfigKeys (ConfUtils.java:logGet(43)) - raft.server.log.queue.byte-limit = 2147483647 (custom)
2019-09-19 09:52:30,128 [pool-292-thread-1] INFO  server.RaftServerConfigKeys (ConfUtils.java:logGet(43)) - raft.server.log.queue.element-limit = 1024 (custom)
2019-09-19 09:52:30,128 [pool-292-thread-1] INFO  server.RaftServerConfigKeys (ConfUtils.java:logGet(43)) - raft.server.log.segment.size.max = 1048576 (custom)
2019-09-19 09:52:30,128 [pool-292-thread-1] INFO  server.RaftServerConfigKeys (ConfUtils.java:logGet(43)) - raft.server.log.preallocated.size = 16384 (custom)
2019-09-19 09:52:30,129 [pool-292-thread-1] INFO  server.RaftServerConfigKeys (ConfUtils.java:logGet(43)) - raft.server.log.write.buffer.size = 33554432 (custom)
2019-09-19 09:52:30,129 [pool-292-thread-1] INFO  server.RaftServerConfigKeys (ConfUtils.java:logGet(43)) - raft.server.log.force.sync.num = 128 (default)
2019-09-19 09:52:30,129 [pool-292-thread-1] INFO  server.RaftServerConfigKeys (ConfUtils.java:logGet(43)) - raft.server.log.statemachine.data.sync = true (default)
2019-09-19 09:52:30,129 [pool-292-thread-1] INFO  server.RaftServerConfigKeys (ConfUtils.java:logGet(43)) - raft.server.log.statemachine.data.sync.timeout = 10s (default)
2019-09-19 09:52:30,129 [pool-292-thread-1] INFO  server.RaftServerConfigKeys (ConfUtils.java:logGet(43)) - raft.server.log.statemachine.data.sync.timeout.retry = -1 (default)
2019-09-19 09:52:30,130 [pool-292-thread-1] INFO  server.RaftServerConfigKeys (ConfUtils.java:logGet(43)) - raft.server.log.statemachine.data.caching.enabled = true (custom)
2019-09-19 09:52:30,130 [pool-292-thread-1] INFO  segmented.SegmentedRaftLogWorker (SegmentedRaftLogWorker.java:lambda$new$0(132)) - 16493f01-ec02-45ff-bd44-1abc5ff8aed0-SegmentedRaftLogWorker:Storage Directory /workdir/hadoop-ozone/ozonefs/target/test-dir/MiniOzoneClusterImpl-1d4abb45-6296-491d-afb2-898852a5cf2e/datanode-0/data/ratis/918bd688-aab0-4b03-afbe-b498646efb3e: flushIndex: setUnconditionally 0 -> -1
2019-09-19 09:52:30,131 [pool-292-thread-1] INFO  server.RaftServerConfigKeys (ConfUtils.java:logGet(43)) - raft.server.snapshot.auto.trigger.enabled = true (custom)
2019-09-19 09:52:30,131 [pool-292-thread-1] INFO  server.RaftServerConfigKeys (ConfUtils.java:logGet(43)) - raft.server.snapshot.auto.trigger.threshold = 10000 (custom)
2019-09-19 09:52:30,131 [pool-292-thread-1] INFO  server.RaftServerConfigKeys (ConfUtils.java:logGet(43)) - raft.server.retrycache.expirytime = 600000ms (custom)
2019-09-19 09:52:30,132 [pool-292-thread-1] INFO  impl.RaftServerImpl (RaftServerImpl.java:start(180)) - 16493f01-ec02-45ff-bd44-1abc5ff8aed0: start group-B498646EFB3E
2019-09-19 09:52:30,132 [pool-292-thread-1] INFO  impl.RaftServerImpl (RaftServerImpl.java:setRole(171)) - 16493f01-ec02-45ff-bd44-1abc5ff8aed0:group-B498646EFB3E changes role from null to FOLLOWER at term 0 for startAsFollower
2019-09-19 09:52:30,132 [pool-292-thread-1] INFO  impl.RoleInfo (RoleInfo.java:updateAndGet(143)) - 16493f01-ec02-45ff-bd44-1abc5ff8aed0: start FollowerState
2019-09-19 09:52:30,133 [pool-292-thread-1] INFO  util.JmxRegister (JmxRegister.java:tryRegister(44)) - Successfully registered JMX Bean with object name Ratis:service=RaftServer,group=group-B498646EFB3E,id=16493f01-ec02-45ff-bd44-1abc5ff8aed0
2019-09-19 09:52:30,137 [RatisPipelineUtilsThread] INFO  pipeline.PipelineStateManager (PipelineStateManager.java:addPipeline(56)) - Created pipeline Pipeline[ Id: 918bd688-aab0-4b03-afbe-b498646efb3e, Nodes: 16493f01-ec02-45ff-bd44-1abc5ff8aed0{ip: 192.168.34.5, host: pr-hdds-1569-j4bt4-3030777008, networkLocation: /default-rack, certSerialId: null}, Type:RATIS, Factor:ONE, State:OPEN]
2019-09-19 09:52:30,143 [grpc-default-executor-0] INFO  impl.RaftServerProxy (RaftServerProxy.java:addNew(89)) - 16493f01-ec02-45ff-bd44-1abc5ff8aed0: addNew group-7059FFE087D7:[16493f01-ec02-45ff-bd44-1abc5ff8aed0:192.168.34.5:45995] returns group-7059FFE087D7:java.util.concurrent.CompletableFuture@630051ef[Not completed]
2019-09-19 09:52:30,144 [pool-292-thread-1] INFO  impl.RaftServerImpl (RaftServerImpl.java:<init>(93)) - 16493f01-ec02-45ff-bd44-1abc5ff8aed0: new RaftServerImpl for group-7059FFE087D7:[16493f01-ec02-45ff-bd44-1abc5ff8aed0:192.168.34.5:45995] with ContainerStateMachine:uninitialized
2019-09-19 09:52:30,144 [pool-292-thread-1] INFO  server.RaftServerConfigKeys (ConfUtils.java:logGet(43)) - raft.server.rpc.timeout.min = 5s (custom)
2019-09-19 09:52:30,144 [pool-292-thread-1] INFO  server.RaftServerConfigKeys (ConfUtils.java:logGet(43)) - raft.server.rpc.timeout.max = 5200ms (custom)
2019-09-19 09:52:30,144 [pool-292-thread-1] INFO  server.RaftServerConfigKeys (ConfUtils.java:logGet(43)) - raft.server.rpcslowness.timeout = 120s (custom)
2019-09-19 09:52:30,145 [pool-292-thread-1] INFO  server.RaftServerConfigKeys (ConfUtils.java:logGet(43)) - raft.server.sleep.deviation.threshold = 300 (default)
2019-09-19 09:52:30,145 [pool-292-thread-1] INFO  server.RaftServerConfigKeys (ConfUtils.java:logGet(43)) - raft.server.log.appender.install.snapshot.enabled = false (custom)
2019-09-19 09:52:30,145 [pool-292-thread-1] INFO  impl.RaftServerImpl (ServerState.java:<init>(105)) - 16493f01-ec02-45ff-bd44-1abc5ff8aed0:group-7059FFE087D7 ConfigurationManager, init=-1: [16493f01-ec02-45ff-bd44-1abc5ff8aed0:192.168.34.5:45995], old=null, confs=<EMPTY_MAP>
2019-09-19 09:52:30,145 [pool-292-thread-1] INFO  server.RaftServerConfigKeys (ConfUtils.java:logGet(43)) - raft.server.storage.dir = [/workdir/hadoop-ozone/ozonefs/target/test-dir/MiniOzoneClusterImpl-1d4abb45-6296-491d-afb2-898852a5cf2e/datanode-0/data/ratis] (custom)
2019-09-19 09:52:30,145 [pool-292-thread-1] INFO  storage.RaftStorageDirectory (RaftStorageDirectory.java:analyzeStorage(246)) - The storage directory /workdir/hadoop-ozone/ozonefs/target/test-dir/MiniOzoneClusterImpl-1d4abb45-6296-491d-afb2-898852a5cf2e/datanode-0/data/ratis/dc66fde4-0de0-4eaf-81b5-7059ffe087d7 does not exist. Creating ...
2019-09-19 09:52:30,166 [pool-292-thread-1] INFO  storage.RaftStorageDirectory (RaftStorageDirectory.java:tryLock(328)) - Lock on /workdir/hadoop-ozone/ozonefs/target/test-dir/MiniOzoneClusterImpl-1d4abb45-6296-491d-afb2-898852a5cf2e/datanode-0/data/ratis/dc66fde4-0de0-4eaf-81b5-7059ffe087d7/in_use.lock acquired by nodename 9507@pr-hdds-1569-j4bt4-3030777008
2019-09-19 09:52:30,179 [pool-292-thread-1] INFO  storage.RaftStorage (RaftStorage.java:format(72)) - Storage directory /workdir/hadoop-ozone/ozonefs/target/test-dir/MiniOzoneClusterImpl-1d4abb45-6296-491d-afb2-898852a5cf2e/datanode-0/data/ratis/dc66fde4-0de0-4eaf-81b5-7059ffe087d7 has been successfully formatted.
2019-09-19 09:52:30,179 [pool-292-thread-1] INFO  ratis.ContainerStateMachine (ContainerStateMachine.java:loadSnapshot(226)) - group-7059FFE087D7: The snapshot info is null. Setting the last applied indexto:(t:0, i:~)
2019-09-19 09:52:30,180 [pool-292-thread-1] INFO  server.RaftServerConfigKeys (ConfUtils.java:logGet(43)) - raft.server.leader.election.timeout = 120s (custom)
2019-09-19 09:52:30,180 [pool-292-thread-1] INFO  server.RaftServerConfigKeys (ConfUtils.java:logGet(43)) - raft.server.log.use.memory = false (default)
2019-09-19 09:52:30,180 [pool-292-thread-1] INFO  server.RaftServerConfigKeys (ConfUtils.java:logGet(43)) - raft.server.log.purge.gap = 1000000 (custom)
2019-09-19 09:52:30,180 [pool-292-thread-1] INFO  server.RaftServerConfigKeys (ConfUtils.java:logGet(43)) - raft.server.log.appender.buffer.byte-limit = 33554432 (custom)
2019-09-19 09:52:30,180 [pool-292-thread-1] INFO  server.RaftServerConfigKeys (ConfUtils.java:logGet(43)) - raft.server.log.segment.size.max = 1048576 (custom)
2019-09-19 09:52:30,180 [pool-292-thread-1] INFO  server.RaftServerConfigKeys (ConfUtils.java:logGet(43)) - raft.server.log.segment.cache.num.max = 2 (custom)
2019-09-19 09:52:30,181 [pool-292-thread-1] INFO  segmented.SegmentedRaftLogWorker (SegmentedRaftLogWorker.java:<init>(172)) - new 16493f01-ec02-45ff-bd44-1abc5ff8aed0-SegmentedRaftLogWorker:Storage Directory /workdir/hadoop-ozone/ozonefs/target/test-dir/MiniOzoneClusterImpl-1d4abb45-6296-491d-afb2-898852a5cf2e/datanode-0/data/ratis/dc66fde4-0de0-4eaf-81b5-7059ffe087d7 for RaftStorage:Storage Directory /workdir/hadoop-ozone/ozonefs/target/test-dir/MiniOzoneClusterImpl-1d4abb45-6296-491d-afb2-898852a5cf2e/datanode-0/data/ratis/dc66fde4-0de0-4eaf-81b5-7059ffe087d7
2019-09-19 09:52:30,181 [pool-292-thread-1] INFO  server.RaftServerConfigKeys (ConfUtils.java:logGet(43)) - raft.server.log.queue.byte-limit = 2147483647 (custom)
2019-09-19 09:52:30,181 [pool-292-thread-1] INFO  server.RaftServerConfigKeys (ConfUtils.java:logGet(43)) - raft.server.log.queue.element-limit = 1024 (custom)
2019-09-19 09:52:30,181 [pool-292-thread-1] INFO  server.RaftServerConfigKeys (ConfUtils.java:logGet(43)) - raft.server.log.segment.size.max = 1048576 (custom)
2019-09-19 09:52:30,181 [pool-292-thread-1] INFO  server.RaftServerConfigKeys (ConfUtils.java:logGet(43)) - raft.server.log.preallocated.size = 16384 (custom)
2019-09-19 09:52:30,181 [pool-292-thread-1] INFO  server.RaftServerConfigKeys (ConfUtils.java:logGet(43)) - raft.server.log.write.buffer.size = 33554432 (custom)
2019-09-19 09:52:30,182 [pool-292-thread-1] INFO  server.RaftServerConfigKeys (ConfUtils.java:logGet(43)) - raft.server.log.force.sync.num = 128 (default)
2019-09-19 09:52:30,182 [pool-292-thread-1] INFO  server.RaftServerConfigKeys (ConfUtils.java:logGet(43)) - raft.server.log.statemachine.data.sync = true (default)
2019-09-19 09:52:30,182 [pool-292-thread-1] INFO  server.RaftServerConfigKeys (ConfUtils.java:logGet(43)) - raft.server.log.statemachine.data.sync.timeout = 10s (default)
2019-09-19 09:52:30,182 [pool-292-thread-1] INFO  server.RaftServerConfigKeys (ConfUtils.java:logGet(43)) - raft.server.log.statemachine.data.sync.timeout.retry = -1 (default)
2019-09-19 09:52:30,182 [pool-292-thread-1] INFO  server.RaftServerConfigKeys (ConfUtils.java:logGet(43)) - raft.server.log.statemachine.data.caching.enabled = true (custom)
2019-09-19 09:52:30,183 [pool-292-thread-1] INFO  segmented.SegmentedRaftLogWorker (SegmentedRaftLogWorker.java:lambda$new$0(132)) - 16493f01-ec02-45ff-bd44-1abc5ff8aed0-SegmentedRaftLogWorker:Storage Directory /workdir/hadoop-ozone/ozonefs/target/test-dir/MiniOzoneClusterImpl-1d4abb45-6296-491d-afb2-898852a5cf2e/datanode-0/data/ratis/dc66fde4-0de0-4eaf-81b5-7059ffe087d7: flushIndex: setUnconditionally 0 -> -1
2019-09-19 09:52:30,183 [pool-292-thread-1] INFO  server.RaftServerConfigKeys (ConfUtils.java:logGet(43)) - raft.server.snapshot.auto.trigger.enabled = true (custom)
2019-09-19 09:52:30,183 [pool-292-thread-1] INFO  server.RaftServerConfigKeys (ConfUtils.java:logGet(43)) - raft.server.snapshot.auto.trigger.threshold = 10000 (custom)
2019-09-19 09:52:30,183 [pool-292-thread-1] INFO  server.RaftServerConfigKeys (ConfUtils.java:logGet(43)) - raft.server.retrycache.expirytime = 600000ms (custom)
2019-09-19 09:52:30,183 [pool-292-thread-1] INFO  impl.RaftServerImpl (RaftServerImpl.java:start(180)) - 16493f01-ec02-45ff-bd44-1abc5ff8aed0: start group-7059FFE087D7
2019-09-19 09:52:30,183 [pool-292-thread-1] INFO  impl.RaftServerImpl (RaftServerImpl.java:setRole(171)) - 16493f01-ec02-45ff-bd44-1abc5ff8aed0:group-7059FFE087D7 changes role from null to FOLLOWER at term 0 for startAsFollower
2019-09-19 09:52:30,184 [pool-292-thread-1] INFO  impl.RoleInfo (RoleInfo.java:updateAndGet(143)) - 16493f01-ec02-45ff-bd44-1abc5ff8aed0: start FollowerState
2019-09-19 09:52:30,184 [pool-292-thread-1] INFO  util.JmxRegister (JmxRegister.java:tryRegister(44)) - Successfully registered JMX Bean with object name Ratis:service=RaftServer,group=group-7059FFE087D7,id=16493f01-ec02-45ff-bd44-1abc5ff8aed0
2019-09-19 09:52:30,187 [RatisPipelineUtilsThread] INFO  pipeline.PipelineStateManager (PipelineStateManager.java:addPipeline(56)) - Created pipeline Pipeline[ Id: dc66fde4-0de0-4eaf-81b5-7059ffe087d7, Nodes: 16493f01-ec02-45ff-bd44-1abc5ff8aed0{ip: 192.168.34.5, host: pr-hdds-1569-j4bt4-3030777008, networkLocation: /default-rack, certSerialId: null}, Type:RATIS, Factor:ONE, State:OPEN]
2019-09-19 09:52:30,191 [grpc-default-executor-0] INFO  impl.RaftServerProxy (RaftServerProxy.java:addNew(89)) - 16493f01-ec02-45ff-bd44-1abc5ff8aed0: addNew group-F67D84B5213B:[16493f01-ec02-45ff-bd44-1abc5ff8aed0:192.168.34.5:45995] returns group-F67D84B5213B:java.util.concurrent.CompletableFuture@32b79b5f[Not completed]
2019-09-19 09:52:30,192 [pool-292-thread-1] INFO  impl.RaftServerImpl (RaftServerImpl.java:<init>(93)) - 16493f01-ec02-45ff-bd44-1abc5ff8aed0: new RaftServerImpl for group-F67D84B5213B:[16493f01-ec02-45ff-bd44-1abc5ff8aed0:192.168.34.5:45995] with ContainerStateMachine:uninitialized
2019-09-19 09:52:30,192 [pool-292-thread-1] INFO  server.RaftServerConfigKeys (ConfUtils.java:logGet(43)) - raft.server.rpc.timeout.min = 5s (custom)
2019-09-19 09:52:30,192 [pool-292-thread-1] INFO  server.RaftServerConfigKeys (ConfUtils.java:logGet(43)) - raft.server.rpc.timeout.max = 5200ms (custom)
2019-09-19 09:52:30,193 [pool-292-thread-1] INFO  server.RaftServerConfigKeys (ConfUtils.java:logGet(43)) - raft.server.rpcslowness.timeout = 120s (custom)
2019-09-19 09:52:30,193 [pool-292-thread-1] INFO  server.RaftServerConfigKeys (ConfUtils.java:logGet(43)) - raft.server.sleep.deviation.threshold = 300 (default)
2019-09-19 09:52:30,193 [pool-292-thread-1] INFO  server.RaftServerConfigKeys (ConfUtils.java:logGet(43)) - raft.server.log.appender.install.snapshot.enabled = false (custom)
2019-09-19 09:52:30,193 [pool-292-thread-1] INFO  impl.RaftServerImpl (ServerState.java:<init>(105)) - 16493f01-ec02-45ff-bd44-1abc5ff8aed0:group-F67D84B5213B ConfigurationManager, init=-1: [16493f01-ec02-45ff-bd44-1abc5ff8aed0:192.168.34.5:45995], old=null, confs=<EMPTY_MAP>
2019-09-19 09:52:30,193 [pool-292-thread-1] INFO  server.RaftServerConfigKeys (ConfUtils.java:logGet(43)) - raft.server.storage.dir = [/workdir/hadoop-ozone/ozonefs/target/test-dir/MiniOzoneClusterImpl-1d4abb45-6296-491d-afb2-898852a5cf2e/datanode-0/data/ratis] (custom)
2019-09-19 09:52:30,193 [pool-292-thread-1] INFO  storage.RaftStorageDirectory (RaftStorageDirectory.java:analyzeStorage(246)) - The storage directory /workdir/hadoop-ozone/ozonefs/target/test-dir/MiniOzoneClusterImpl-1d4abb45-6296-491d-afb2-898852a5cf2e/datanode-0/data/ratis/d942da3e-1710-4e8d-ac40-f67d84b5213b does not exist. Creating ...
2019-09-19 09:52:30,206 [pool-292-thread-1] INFO  storage.RaftStorageDirectory (RaftStorageDirectory.java:tryLock(328)) - Lock on /workdir/hadoop-ozone/ozonefs/target/test-dir/MiniOzoneClusterImpl-1d4abb45-6296-491d-afb2-898852a5cf2e/datanode-0/data/ratis/d942da3e-1710-4e8d-ac40-f67d84b5213b/in_use.lock acquired by nodename 9507@pr-hdds-1569-j4bt4-3030777008
2019-09-19 09:52:30,218 [pool-292-thread-1] INFO  storage.RaftStorage (RaftStorage.java:format(72)) - Storage directory /workdir/hadoop-ozone/ozonefs/target/test-dir/MiniOzoneClusterImpl-1d4abb45-6296-491d-afb2-898852a5cf2e/datanode-0/data/ratis/d942da3e-1710-4e8d-ac40-f67d84b5213b has been successfully formatted.
2019-09-19 09:52:30,219 [pool-292-thread-1] INFO  ratis.ContainerStateMachine (ContainerStateMachine.java:loadSnapshot(226)) - group-F67D84B5213B: The snapshot info is null. Setting the last applied indexto:(t:0, i:~)
2019-09-19 09:52:30,219 [pool-292-thread-1] INFO  server.RaftServerConfigKeys (ConfUtils.java:logGet(43)) - raft.server.leader.election.timeout = 120s (custom)
2019-09-19 09:52:30,219 [pool-292-thread-1] INFO  server.RaftServerConfigKeys (ConfUtils.java:logGet(43)) - raft.server.log.use.memory = false (default)
2019-09-19 09:52:30,219 [pool-292-thread-1] INFO  server.RaftServerConfigKeys (ConfUtils.java:logGet(43)) - raft.server.log.purge.gap = 1000000 (custom)
2019-09-19 09:52:30,219 [pool-292-thread-1] INFO  server.RaftServerConfigKeys (ConfUtils.java:logGet(43)) - raft.server.log.appender.buffer.byte-limit = 33554432 (custom)
2019-09-19 09:52:30,219 [pool-292-thread-1] INFO  server.RaftServerConfigKeys (ConfUtils.java:logGet(43)) - raft.server.log.segment.size.max = 1048576 (custom)
2019-09-19 09:52:30,219 [pool-292-thread-1] INFO  server.RaftServerConfigKeys (ConfUtils.java:logGet(43)) - raft.server.log.segment.cache.num.max = 2 (custom)
2019-09-19 09:52:30,220 [pool-292-thread-1] INFO  segmented.SegmentedRaftLogWorker (SegmentedRaftLogWorker.java:<init>(172)) - new 16493f01-ec02-45ff-bd44-1abc5ff8aed0-SegmentedRaftLogWorker:Storage Directory /workdir/hadoop-ozone/ozonefs/target/test-dir/MiniOzoneClusterImpl-1d4abb45-6296-491d-afb2-898852a5cf2e/datanode-0/data/ratis/d942da3e-1710-4e8d-ac40-f67d84b5213b for RaftStorage:Storage Directory /workdir/hadoop-ozone/ozonefs/target/test-dir/MiniOzoneClusterImpl-1d4abb45-6296-491d-afb2-898852a5cf2e/datanode-0/data/ratis/d942da3e-1710-4e8d-ac40-f67d84b5213b
2019-09-19 09:52:30,220 [pool-292-thread-1] INFO  server.RaftServerConfigKeys (ConfUtils.java:logGet(43)) - raft.server.log.queue.byte-limit = 2147483647 (custom)
2019-09-19 09:52:30,220 [pool-292-thread-1] INFO  server.RaftServerConfigKeys (ConfUtils.java:logGet(43)) - raft.server.log.queue.element-limit = 1024 (custom)
2019-09-19 09:52:30,220 [pool-292-thread-1] INFO  server.RaftServerConfigKeys (ConfUtils.java:logGet(43)) - raft.server.log.segment.size.max = 1048576 (custom)
2019-09-19 09:52:30,220 [pool-292-thread-1] INFO  server.RaftServerConfigKeys (ConfUtils.java:logGet(43)) - raft.server.log.preallocated.size = 16384 (custom)
2019-09-19 09:52:30,220 [pool-292-thread-1] INFO  server.RaftServerConfigKeys (ConfUtils.java:logGet(43)) - raft.server.log.write.buffer.size = 33554432 (custom)
2019-09-19 09:52:30,220 [pool-292-thread-1] INFO  server.RaftServerConfigKeys (ConfUtils.java:logGet(43)) - raft.server.log.force.sync.num = 128 (default)
2019-09-19 09:52:30,220 [pool-292-thread-1] INFO  server.RaftServerConfigKeys (ConfUtils.java:logGet(43)) - raft.server.log.statemachine.data.sync = true (default)
2019-09-19 09:52:30,221 [pool-292-thread-1] INFO  server.RaftServerConfigKeys (ConfUtils.java:logGet(43)) - raft.server.log.statemachine.data.sync.timeout = 10s (default)
2019-09-19 09:52:30,221 [pool-292-thread-1] INFO  server.RaftServerConfigKeys (ConfUtils.java:logGet(43)) - raft.server.log.statemachine.data.sync.timeout.retry = -1 (default)
2019-09-19 09:52:30,221 [pool-292-thread-1] INFO  server.RaftServerConfigKeys (ConfUtils.java:logGet(43)) - raft.server.log.statemachine.data.caching.enabled = true (custom)
2019-09-19 09:52:30,221 [pool-292-thread-1] INFO  segmented.SegmentedRaftLogWorker (SegmentedRaftLogWorker.java:lambda$new$0(132)) - 16493f01-ec02-45ff-bd44-1abc5ff8aed0-SegmentedRaftLogWorker:Storage Directory /workdir/hadoop-ozone/ozonefs/target/test-dir/MiniOzoneClusterImpl-1d4abb45-6296-491d-afb2-898852a5cf2e/datanode-0/data/ratis/d942da3e-1710-4e8d-ac40-f67d84b5213b: flushIndex: setUnconditionally 0 -> -1
2019-09-19 09:52:30,221 [pool-292-thread-1] INFO  server.RaftServerConfigKeys (ConfUtils.java:logGet(43)) - raft.server.snapshot.auto.trigger.enabled = true (custom)
2019-09-19 09:52:30,222 [pool-292-thread-1] INFO  server.RaftServerConfigKeys (ConfUtils.java:logGet(43)) - raft.server.snapshot.auto.trigger.threshold = 10000 (custom)
2019-09-19 09:52:30,222 [pool-292-thread-1] INFO  server.RaftServerConfigKeys (ConfUtils.java:logGet(43)) - raft.server.retrycache.expirytime = 600000ms (custom)
2019-09-19 09:52:30,222 [pool-292-thread-1] INFO  impl.RaftServerImpl (RaftServerImpl.java:start(180)) - 16493f01-ec02-45ff-bd44-1abc5ff8aed0: start group-F67D84B5213B
2019-09-19 09:52:30,222 [pool-292-thread-1] INFO  impl.RaftServerImpl (RaftServerImpl.java:setRole(171)) - 16493f01-ec02-45ff-bd44-1abc5ff8aed0:group-F67D84B5213B changes role from null to FOLLOWER at term 0 for startAsFollower
2019-09-19 09:52:30,222 [pool-292-thread-1] INFO  impl.RoleInfo (RoleInfo.java:updateAndGet(143)) - 16493f01-ec02-45ff-bd44-1abc5ff8aed0: start FollowerState
2019-09-19 09:52:30,222 [pool-292-thread-1] INFO  util.JmxRegister (JmxRegister.java:tryRegister(44)) - Successfully registered JMX Bean with object name Ratis:service=RaftServer,group=group-F67D84B5213B,id=16493f01-ec02-45ff-bd44-1abc5ff8aed0
2019-09-19 09:52:30,225 [RatisPipelineUtilsThread] INFO  pipeline.PipelineStateManager (PipelineStateManager.java:addPipeline(56)) - Created pipeline Pipeline[ Id: d942da3e-1710-4e8d-ac40-f67d84b5213b, Nodes: 16493f01-ec02-45ff-bd44-1abc5ff8aed0{ip: 192.168.34.5, host: pr-hdds-1569-j4bt4-3030777008, networkLocation: /default-rack, certSerialId: null}, Type:RATIS, Factor:ONE, State:OPEN]
2019-09-19 09:52:30,230 [grpc-default-executor-0] INFO  impl.RaftServerProxy (RaftServerProxy.java:addNew(89)) - 16493f01-ec02-45ff-bd44-1abc5ff8aed0: addNew group-354BD848B04C:[16493f01-ec02-45ff-bd44-1abc5ff8aed0:192.168.34.5:45995] returns group-354BD848B04C:java.util.concurrent.CompletableFuture@6dcf5284[Not completed]
2019-09-19 09:52:30,230 [pool-292-thread-1] INFO  impl.RaftServerImpl (RaftServerImpl.java:<init>(93)) - 16493f01-ec02-45ff-bd44-1abc5ff8aed0: new RaftServerImpl for group-354BD848B04C:[16493f01-ec02-45ff-bd44-1abc5ff8aed0:192.168.34.5:45995] with ContainerStateMachine:uninitialized
2019-09-19 09:52:30,231 [pool-292-thread-1] INFO  server.RaftServerConfigKeys (ConfUtils.java:logGet(43)) - raft.server.rpc.timeout.min = 5s (custom)
2019-09-19 09:52:30,231 [pool-292-thread-1] INFO  server.RaftServerConfigKeys (ConfUtils.java:logGet(43)) - raft.server.rpc.timeout.max = 5200ms (custom)
2019-09-19 09:52:30,231 [pool-292-thread-1] INFO  server.RaftServerConfigKeys (ConfUtils.java:logGet(43)) - raft.server.rpcslowness.timeout = 120s (custom)
2019-09-19 09:52:30,231 [pool-292-thread-1] INFO  server.RaftServerConfigKeys (ConfUtils.java:logGet(43)) - raft.server.sleep.deviation.threshold = 300 (default)
2019-09-19 09:52:30,231 [pool-292-thread-1] INFO  server.RaftServerConfigKeys (ConfUtils.java:logGet(43)) - raft.server.log.appender.install.snapshot.enabled = false (custom)
2019-09-19 09:52:30,231 [pool-292-thread-1] INFO  impl.RaftServerImpl (ServerState.java:<init>(105)) - 16493f01-ec02-45ff-bd44-1abc5ff8aed0:group-354BD848B04C ConfigurationManager, init=-1: [16493f01-ec02-45ff-bd44-1abc5ff8aed0:192.168.34.5:45995], old=null, confs=<EMPTY_MAP>
2019-09-19 09:52:30,231 [pool-292-thread-1] INFO  server.RaftServerConfigKeys (ConfUtils.java:logGet(43)) - raft.server.storage.dir = [/workdir/hadoop-ozone/ozonefs/target/test-dir/MiniOzoneClusterImpl-1d4abb45-6296-491d-afb2-898852a5cf2e/datanode-0/data/ratis] (custom)
2019-09-19 09:52:30,231 [pool-292-thread-1] INFO  storage.RaftStorageDirectory (RaftStorageDirectory.java:analyzeStorage(246)) - The storage directory /workdir/hadoop-ozone/ozonefs/target/test-dir/MiniOzoneClusterImpl-1d4abb45-6296-491d-afb2-898852a5cf2e/datanode-0/data/ratis/8e2b9998-002b-4234-aafe-354bd848b04c does not exist. Creating ...
2019-09-19 09:52:30,244 [pool-292-thread-1] INFO  storage.RaftStorageDirectory (RaftStorageDirectory.java:tryLock(328)) - Lock on /workdir/hadoop-ozone/ozonefs/target/test-dir/MiniOzoneClusterImpl-1d4abb45-6296-491d-afb2-898852a5cf2e/datanode-0/data/ratis/8e2b9998-002b-4234-aafe-354bd848b04c/in_use.lock acquired by nodename 9507@pr-hdds-1569-j4bt4-3030777008
2019-09-19 09:52:30,257 [pool-292-thread-1] INFO  storage.RaftStorage (RaftStorage.java:format(72)) - Storage directory /workdir/hadoop-ozone/ozonefs/target/test-dir/MiniOzoneClusterImpl-1d4abb45-6296-491d-afb2-898852a5cf2e/datanode-0/data/ratis/8e2b9998-002b-4234-aafe-354bd848b04c has been successfully formatted.
2019-09-19 09:52:30,257 [pool-292-thread-1] INFO  ratis.ContainerStateMachine (ContainerStateMachine.java:loadSnapshot(226)) - group-354BD848B04C: The snapshot info is null. Setting the last applied indexto:(t:0, i:~)
2019-09-19 09:52:30,257 [pool-292-thread-1] INFO  server.RaftServerConfigKeys (ConfUtils.java:logGet(43)) - raft.server.leader.election.timeout = 120s (custom)
2019-09-19 09:52:30,258 [pool-292-thread-1] INFO  server.RaftServerConfigKeys (ConfUtils.java:logGet(43)) - raft.server.log.use.memory = false (default)
2019-09-19 09:52:30,258 [pool-292-thread-1] INFO  server.RaftServerConfigKeys (ConfUtils.java:logGet(43)) - raft.server.log.purge.gap = 1000000 (custom)
2019-09-19 09:52:30,258 [pool-292-thread-1] INFO  server.RaftServerConfigKeys (ConfUtils.java:logGet(43)) - raft.server.log.appender.buffer.byte-limit = 33554432 (custom)
2019-09-19 09:52:30,258 [pool-292-thread-1] INFO  server.RaftServerConfigKeys (ConfUtils.java:logGet(43)) - raft.server.log.segment.size.max = 1048576 (custom)
2019-09-19 09:52:30,258 [pool-292-thread-1] INFO  server.RaftServerConfigKeys (ConfUtils.java:logGet(43)) - raft.server.log.segment.cache.num.max = 2 (custom)
2019-09-19 09:52:30,258 [pool-292-thread-1] INFO  segmented.SegmentedRaftLogWorker (SegmentedRaftLogWorker.java:<init>(172)) - new 16493f01-ec02-45ff-bd44-1abc5ff8aed0-SegmentedRaftLogWorker:Storage Directory /workdir/hadoop-ozone/ozonefs/target/test-dir/MiniOzoneClusterImpl-1d4abb45-6296-491d-afb2-898852a5cf2e/datanode-0/data/ratis/8e2b9998-002b-4234-aafe-354bd848b04c for RaftStorage:Storage Directory /workdir/hadoop-ozone/ozonefs/target/test-dir/MiniOzoneClusterImpl-1d4abb45-6296-491d-afb2-898852a5cf2e/datanode-0/data/ratis/8e2b9998-002b-4234-aafe-354bd848b04c
2019-09-19 09:52:30,259 [pool-292-thread-1] INFO  server.RaftServerConfigKeys (ConfUtils.java:logGet(43)) - raft.server.log.queue.byte-limit = 2147483647 (custom)
2019-09-19 09:52:30,259 [pool-292-thread-1] INFO  server.RaftServerConfigKeys (ConfUtils.java:logGet(43)) - raft.server.log.queue.element-limit = 1024 (custom)
2019-09-19 09:52:30,259 [pool-292-thread-1] INFO  server.RaftServerConfigKeys (ConfUtils.java:logGet(43)) - raft.server.log.segment.size.max = 1048576 (custom)
2019-09-19 09:52:30,259 [pool-292-thread-1] INFO  server.RaftServerConfigKeys (ConfUtils.java:logGet(43)) - raft.server.log.preallocated.size = 16384 (custom)
2019-09-19 09:52:30,259 [pool-292-thread-1] INFO  server.RaftServerConfigKeys (ConfUtils.java:logGet(43)) - raft.server.log.write.buffer.size = 33554432 (custom)
2019-09-19 09:52:30,259 [pool-292-thread-1] INFO  server.RaftServerConfigKeys (ConfUtils.java:logGet(43)) - raft.server.log.force.sync.num = 128 (default)
2019-09-19 09:52:30,259 [pool-292-thread-1] INFO  server.RaftServerConfigKeys (ConfUtils.java:logGet(43)) - raft.server.log.statemachine.data.sync = true (default)
2019-09-19 09:52:30,260 [pool-292-thread-1] INFO  server.RaftServerConfigKeys (ConfUtils.java:logGet(43)) - raft.server.log.statemachine.data.sync.timeout = 10s (default)
2019-09-19 09:52:30,260 [pool-292-thread-1] INFO  server.RaftServerConfigKeys (ConfUtils.java:logGet(43)) - raft.server.log.statemachine.data.sync.timeout.retry = -1 (default)
2019-09-19 09:52:30,260 [pool-292-thread-1] INFO  server.RaftServerConfigKeys (ConfUtils.java:logGet(43)) - raft.server.log.statemachine.data.caching.enabled = true (custom)
2019-09-19 09:52:30,260 [pool-292-thread-1] INFO  segmented.SegmentedRaftLogWorker (SegmentedRaftLogWorker.java:lambda$new$0(132)) - 16493f01-ec02-45ff-bd44-1abc5ff8aed0-SegmentedRaftLogWorker:Storage Directory /workdir/hadoop-ozone/ozonefs/target/test-dir/MiniOzoneClusterImpl-1d4abb45-6296-491d-afb2-898852a5cf2e/datanode-0/data/ratis/8e2b9998-002b-4234-aafe-354bd848b04c: flushIndex: setUnconditionally 0 -> -1
2019-09-19 09:52:30,261 [pool-292-thread-1] INFO  server.RaftServerConfigKeys (ConfUtils.java:logGet(43)) - raft.server.snapshot.auto.trigger.enabled = true (custom)
2019-09-19 09:52:30,261 [pool-292-thread-1] INFO  server.RaftServerConfigKeys (ConfUtils.java:logGet(43)) - raft.server.snapshot.auto.trigger.threshold = 10000 (custom)
2019-09-19 09:52:30,261 [pool-292-thread-1] INFO  server.RaftServerConfigKeys (ConfUtils.java:logGet(43)) - raft.server.retrycache.expirytime = 600000ms (custom)
2019-09-19 09:52:30,261 [pool-292-thread-1] INFO  impl.RaftServerImpl (RaftServerImpl.java:start(180)) - 16493f01-ec02-45ff-bd44-1abc5ff8aed0: start group-354BD848B04C
2019-09-19 09:52:30,262 [pool-292-thread-1] INFO  impl.RaftServerImpl (RaftServerImpl.java:setRole(171)) - 16493f01-ec02-45ff-bd44-1abc5ff8aed0:group-354BD848B04C changes role from null to FOLLOWER at term 0 for startAsFollower
2019-09-19 09:52:30,262 [pool-292-thread-1] INFO  impl.RoleInfo (RoleInfo.java:updateAndGet(143)) - 16493f01-ec02-45ff-bd44-1abc5ff8aed0: start FollowerState
2019-09-19 09:52:30,262 [pool-292-thread-1] INFO  util.JmxRegister (JmxRegister.java:tryRegister(44)) - Successfully registered JMX Bean with object name Ratis:service=RaftServer,group=group-354BD848B04C,id=16493f01-ec02-45ff-bd44-1abc5ff8aed0
2019-09-19 09:52:30,264 [IPC Server handler 5 on 39970] INFO  net.NetworkTopology (NetworkTopologyImpl.java:add(110)) - Added a new node: /default-rack/edb869d4-f721-4ac7-9d7d-3d59f669430d
2019-09-19 09:52:30,264 [IPC Server handler 5 on 39970] INFO  node.SCMNodeManager (SCMNodeManager.java:register(273)) - Registered Data node : edb869d4-f721-4ac7-9d7d-3d59f669430d{ip: 192.168.34.5, host: pr-hdds-1569-j4bt4-3030777008, networkLocation: /default-rack, certSerialId: null}
2019-09-19 09:52:30,265 | INFO  | SCMAudit | user=jenkins1000 | ip=192.168.34.5 | op=REGISTER {datanodeDetails=edb869d4-f721-4ac7-9d7d-3d59f669430d{ip: 192.168.34.5, host: pr-hdds-1569-j4bt4-3030777008, networkLocation: /default-rack, certSerialId: null}} | ret=SUCCESS |  
2019-09-19 09:52:30,265 [RatisPipelineUtilsThread] INFO  pipeline.PipelineStateManager (PipelineStateManager.java:addPipeline(56)) - Created pipeline Pipeline[ Id: 8e2b9998-002b-4234-aafe-354bd848b04c, Nodes: 16493f01-ec02-45ff-bd44-1abc5ff8aed0{ip: 192.168.34.5, host: pr-hdds-1569-j4bt4-3030777008, networkLocation: /default-rack, certSerialId: null}, Type:RATIS, Factor:ONE, State:OPEN]
2019-09-19 09:52:30,270 [grpc-default-executor-0] INFO  impl.RaftServerProxy (RaftServerProxy.java:addNew(89)) - 16493f01-ec02-45ff-bd44-1abc5ff8aed0: addNew group-4257C324CEEC:[16493f01-ec02-45ff-bd44-1abc5ff8aed0:192.168.34.5:45995] returns group-4257C324CEEC:java.util.concurrent.CompletableFuture@36f9c549[Not completed]
2019-09-19 09:52:30,271 [pool-292-thread-1] INFO  impl.RaftServerImpl (RaftServerImpl.java:<init>(93)) - 16493f01-ec02-45ff-bd44-1abc5ff8aed0: new RaftServerImpl for group-4257C324CEEC:[16493f01-ec02-45ff-bd44-1abc5ff8aed0:192.168.34.5:45995] with ContainerStateMachine:uninitialized
2019-09-19 09:52:30,272 [pool-292-thread-1] INFO  server.RaftServerConfigKeys (ConfUtils.java:logGet(43)) - raft.server.rpc.timeout.min = 5s (custom)
2019-09-19 09:52:30,272 [pool-292-thread-1] INFO  server.RaftServerConfigKeys (ConfUtils.java:logGet(43)) - raft.server.rpc.timeout.max = 5200ms (custom)
2019-09-19 09:52:30,272 [pool-292-thread-1] INFO  server.RaftServerConfigKeys (ConfUtils.java:logGet(43)) - raft.server.rpcslowness.timeout = 120s (custom)
2019-09-19 09:52:30,272 [pool-292-thread-1] INFO  server.RaftServerConfigKeys (ConfUtils.java:logGet(43)) - raft.server.sleep.deviation.threshold = 300 (default)
2019-09-19 09:52:30,272 [pool-292-thread-1] INFO  server.RaftServerConfigKeys (ConfUtils.java:logGet(43)) - raft.server.log.appender.install.snapshot.enabled = false (custom)
2019-09-19 09:52:30,272 [pool-292-thread-1] INFO  impl.RaftServerImpl (ServerState.java:<init>(105)) - 16493f01-ec02-45ff-bd44-1abc5ff8aed0:group-4257C324CEEC ConfigurationManager, init=-1: [16493f01-ec02-45ff-bd44-1abc5ff8aed0:192.168.34.5:45995], old=null, confs=<EMPTY_MAP>
2019-09-19 09:52:30,272 [pool-292-thread-1] INFO  server.RaftServerConfigKeys (ConfUtils.java:logGet(43)) - raft.server.storage.dir = [/workdir/hadoop-ozone/ozonefs/target/test-dir/MiniOzoneClusterImpl-1d4abb45-6296-491d-afb2-898852a5cf2e/datanode-0/data/ratis] (custom)
2019-09-19 09:52:30,273 [pool-292-thread-1] INFO  storage.RaftStorageDirectory (RaftStorageDirectory.java:analyzeStorage(246)) - The storage directory /workdir/hadoop-ozone/ozonefs/target/test-dir/MiniOzoneClusterImpl-1d4abb45-6296-491d-afb2-898852a5cf2e/datanode-0/data/ratis/1ad3d04e-de0e-4f17-bcc0-4257c324ceec does not exist. Creating ...
2019-09-19 09:52:30,285 [pool-292-thread-1] INFO  storage.RaftStorageDirectory (RaftStorageDirectory.java:tryLock(328)) - Lock on /workdir/hadoop-ozone/ozonefs/target/test-dir/MiniOzoneClusterImpl-1d4abb45-6296-491d-afb2-898852a5cf2e/datanode-0/data/ratis/1ad3d04e-de0e-4f17-bcc0-4257c324ceec/in_use.lock acquired by nodename 9507@pr-hdds-1569-j4bt4-3030777008
2019-09-19 09:52:30,298 [pool-292-thread-1] INFO  storage.RaftStorage (RaftStorage.java:format(72)) - Storage directory /workdir/hadoop-ozone/ozonefs/target/test-dir/MiniOzoneClusterImpl-1d4abb45-6296-491d-afb2-898852a5cf2e/datanode-0/data/ratis/1ad3d04e-de0e-4f17-bcc0-4257c324ceec has been successfully formatted.
2019-09-19 09:52:30,298 [pool-292-thread-1] INFO  ratis.ContainerStateMachine (ContainerStateMachine.java:loadSnapshot(226)) - group-4257C324CEEC: The snapshot info is null. Setting the last applied indexto:(t:0, i:~)
2019-09-19 09:52:30,298 [pool-292-thread-1] INFO  server.RaftServerConfigKeys (ConfUtils.java:logGet(43)) - raft.server.leader.election.timeout = 120s (custom)
2019-09-19 09:52:30,298 [pool-292-thread-1] INFO  server.RaftServerConfigKeys (ConfUtils.java:logGet(43)) - raft.server.log.use.memory = false (default)
2019-09-19 09:52:30,298 [pool-292-thread-1] INFO  server.RaftServerConfigKeys (ConfUtils.java:logGet(43)) - raft.server.log.purge.gap = 1000000 (custom)
2019-09-19 09:52:30,299 [pool-292-thread-1] INFO  server.RaftServerConfigKeys (ConfUtils.java:logGet(43)) - raft.server.log.appender.buffer.byte-limit = 33554432 (custom)
2019-09-19 09:52:30,299 [pool-292-thread-1] INFO  server.RaftServerConfigKeys (ConfUtils.java:logGet(43)) - raft.server.log.segment.size.max = 1048576 (custom)
2019-09-19 09:52:30,299 [pool-292-thread-1] INFO  server.RaftServerConfigKeys (ConfUtils.java:logGet(43)) - raft.server.log.segment.cache.num.max = 2 (custom)
2019-09-19 09:52:30,299 [pool-292-thread-1] INFO  segmented.SegmentedRaftLogWorker (SegmentedRaftLogWorker.java:<init>(172)) - new 16493f01-ec02-45ff-bd44-1abc5ff8aed0-SegmentedRaftLogWorker:Storage Directory /workdir/hadoop-ozone/ozonefs/target/test-dir/MiniOzoneClusterImpl-1d4abb45-6296-491d-afb2-898852a5cf2e/datanode-0/data/ratis/1ad3d04e-de0e-4f17-bcc0-4257c324ceec for RaftStorage:Storage Directory /workdir/hadoop-ozone/ozonefs/target/test-dir/MiniOzoneClusterImpl-1d4abb45-6296-491d-afb2-898852a5cf2e/datanode-0/data/ratis/1ad3d04e-de0e-4f17-bcc0-4257c324ceec
2019-09-19 09:52:30,299 [pool-292-thread-1] INFO  server.RaftServerConfigKeys (ConfUtils.java:logGet(43)) - raft.server.log.queue.byte-limit = 2147483647 (custom)
2019-09-19 09:52:30,299 [pool-292-thread-1] INFO  server.RaftServerConfigKeys (ConfUtils.java:logGet(43)) - raft.server.log.queue.element-limit = 1024 (custom)
2019-09-19 09:52:30,299 [pool-292-thread-1] INFO  server.RaftServerConfigKeys (ConfUtils.java:logGet(43)) - raft.server.log.segment.size.max = 1048576 (custom)
2019-09-19 09:52:30,300 [pool-292-thread-1] INFO  server.RaftServerConfigKeys (ConfUtils.java:logGet(43)) - raft.server.log.preallocated.size = 16384 (custom)
2019-09-19 09:52:30,300 [pool-292-thread-1] INFO  server.RaftServerConfigKeys (ConfUtils.java:logGet(43)) - raft.server.log.write.buffer.size = 33554432 (custom)
2019-09-19 09:52:30,300 [pool-292-thread-1] INFO  server.RaftServerConfigKeys (ConfUtils.java:logGet(43)) - raft.server.log.force.sync.num = 128 (default)
2019-09-19 09:52:30,300 [pool-292-thread-1] INFO  server.RaftServerConfigKeys (ConfUtils.java:logGet(43)) - raft.server.log.statemachine.data.sync = true (default)
2019-09-19 09:52:30,300 [pool-292-thread-1] INFO  server.RaftServerConfigKeys (ConfUtils.java:logGet(43)) - raft.server.log.statemachine.data.sync.timeout = 10s (default)
2019-09-19 09:52:30,300 [pool-292-thread-1] INFO  server.RaftServerConfigKeys (ConfUtils.java:logGet(43)) - raft.server.log.statemachine.data.sync.timeout.retry = -1 (default)
2019-09-19 09:52:30,300 [pool-292-thread-1] INFO  server.RaftServerConfigKeys (ConfUtils.java:logGet(43)) - raft.server.log.statemachine.data.caching.enabled = true (custom)
2019-09-19 09:52:30,301 [pool-292-thread-1] INFO  segmented.SegmentedRaftLogWorker (SegmentedRaftLogWorker.java:lambda$new$0(132)) - 16493f01-ec02-45ff-bd44-1abc5ff8aed0-SegmentedRaftLogWorker:Storage Directory /workdir/hadoop-ozone/ozonefs/target/test-dir/MiniOzoneClusterImpl-1d4abb45-6296-491d-afb2-898852a5cf2e/datanode-0/data/ratis/1ad3d04e-de0e-4f17-bcc0-4257c324ceec: flushIndex: setUnconditionally 0 -> -1
2019-09-19 09:52:30,301 [pool-292-thread-1] INFO  server.RaftServerConfigKeys (ConfUtils.java:logGet(43)) - raft.server.snapshot.auto.trigger.enabled = true (custom)
2019-09-19 09:52:30,301 [pool-292-thread-1] INFO  server.RaftServerConfigKeys (ConfUtils.java:logGet(43)) - raft.server.snapshot.auto.trigger.threshold = 10000 (custom)
2019-09-19 09:52:30,301 [pool-292-thread-1] INFO  server.RaftServerConfigKeys (ConfUtils.java:logGet(43)) - raft.server.retrycache.expirytime = 600000ms (custom)
2019-09-19 09:52:30,301 [pool-292-thread-1] INFO  impl.RaftServerImpl (RaftServerImpl.java:start(180)) - 16493f01-ec02-45ff-bd44-1abc5ff8aed0: start group-4257C324CEEC
2019-09-19 09:52:30,302 [pool-292-thread-1] INFO  impl.RaftServerImpl (RaftServerImpl.java:setRole(171)) - 16493f01-ec02-45ff-bd44-1abc5ff8aed0:group-4257C324CEEC changes role from null to FOLLOWER at term 0 for startAsFollower
2019-09-19 09:52:30,302 [pool-292-thread-1] INFO  impl.RoleInfo (RoleInfo.java:updateAndGet(143)) - 16493f01-ec02-45ff-bd44-1abc5ff8aed0: start FollowerState
2019-09-19 09:52:30,302 [pool-292-thread-1] INFO  util.JmxRegister (JmxRegister.java:tryRegister(44)) - Successfully registered JMX Bean with object name Ratis:service=RaftServer,group=group-4257C324CEEC,id=16493f01-ec02-45ff-bd44-1abc5ff8aed0
2019-09-19 09:52:30,305 [RatisPipelineUtilsThread] INFO  pipeline.PipelineStateManager (PipelineStateManager.java:addPipeline(56)) - Created pipeline Pipeline[ Id: 1ad3d04e-de0e-4f17-bcc0-4257c324ceec, Nodes: 16493f01-ec02-45ff-bd44-1abc5ff8aed0{ip: 192.168.34.5, host: pr-hdds-1569-j4bt4-3030777008, networkLocation: /default-rack, certSerialId: null}, Type:RATIS, Factor:ONE, State:OPEN]
2019-09-19 09:52:30,310 [grpc-default-executor-0] INFO  impl.RaftServerProxy (RaftServerProxy.java:addNew(89)) - 16493f01-ec02-45ff-bd44-1abc5ff8aed0: addNew group-78CB78AB3B61:[16493f01-ec02-45ff-bd44-1abc5ff8aed0:192.168.34.5:45995] returns group-78CB78AB3B61:java.util.concurrent.CompletableFuture@22b926dd[Not completed]
2019-09-19 09:52:30,311 [pool-292-thread-1] INFO  impl.RaftServerImpl (RaftServerImpl.java:<init>(93)) - 16493f01-ec02-45ff-bd44-1abc5ff8aed0: new RaftServerImpl for group-78CB78AB3B61:[16493f01-ec02-45ff-bd44-1abc5ff8aed0:192.168.34.5:45995] with ContainerStateMachine:uninitialized
2019-09-19 09:52:30,311 [pool-292-thread-1] INFO  server.RaftServerConfigKeys (ConfUtils.java:logGet(43)) - raft.server.rpc.timeout.min = 5s (custom)
2019-09-19 09:52:30,311 [pool-292-thread-1] INFO  server.RaftServerConfigKeys (ConfUtils.java:logGet(43)) - raft.server.rpc.timeout.max = 5200ms (custom)
2019-09-19 09:52:30,311 [pool-292-thread-1] INFO  server.RaftServerConfigKeys (ConfUtils.java:logGet(43)) - raft.server.rpcslowness.timeout = 120s (custom)
2019-09-19 09:52:30,311 [pool-292-thread-1] INFO  server.RaftServerConfigKeys (ConfUtils.java:logGet(43)) - raft.server.sleep.deviation.threshold = 300 (default)
2019-09-19 09:52:30,311 [pool-292-thread-1] INFO  server.RaftServerConfigKeys (ConfUtils.java:logGet(43)) - raft.server.log.appender.install.snapshot.enabled = false (custom)
2019-09-19 09:52:30,312 [pool-292-thread-1] INFO  impl.RaftServerImpl (ServerState.java:<init>(105)) - 16493f01-ec02-45ff-bd44-1abc5ff8aed0:group-78CB78AB3B61 ConfigurationManager, init=-1: [16493f01-ec02-45ff-bd44-1abc5ff8aed0:192.168.34.5:45995], old=null, confs=<EMPTY_MAP>
2019-09-19 09:52:30,312 [pool-292-thread-1] INFO  server.RaftServerConfigKeys (ConfUtils.java:logGet(43)) - raft.server.storage.dir = [/workdir/hadoop-ozone/ozonefs/target/test-dir/MiniOzoneClusterImpl-1d4abb45-6296-491d-afb2-898852a5cf2e/datanode-0/data/ratis] (custom)
2019-09-19 09:52:30,312 [pool-292-thread-1] INFO  storage.RaftStorageDirectory (RaftStorageDirectory.java:analyzeStorage(246)) - The storage directory /workdir/hadoop-ozone/ozonefs/target/test-dir/MiniOzoneClusterImpl-1d4abb45-6296-491d-afb2-898852a5cf2e/datanode-0/data/ratis/182e86ee-fc74-4411-84d1-78cb78ab3b61 does not exist. Creating ...
2019-09-19 09:52:30,315 [pool-292-thread-1] INFO  storage.RaftStorageDirectory (RaftStorageDirectory.java:tryLock(328)) - Lock on /workdir/hadoop-ozone/ozonefs/target/test-dir/MiniOzoneClusterImpl-1d4abb45-6296-491d-afb2-898852a5cf2e/datanode-0/data/ratis/182e86ee-fc74-4411-84d1-78cb78ab3b61/in_use.lock acquired by nodename 9507@pr-hdds-1569-j4bt4-3030777008
2019-09-19 09:52:30,319 [pool-292-thread-1] INFO  storage.RaftStorage (RaftStorage.java:format(72)) - Storage directory /workdir/hadoop-ozone/ozonefs/target/test-dir/MiniOzoneClusterImpl-1d4abb45-6296-491d-afb2-898852a5cf2e/datanode-0/data/ratis/182e86ee-fc74-4411-84d1-78cb78ab3b61 has been successfully formatted.
2019-09-19 09:52:30,319 [pool-292-thread-1] INFO  ratis.ContainerStateMachine (ContainerStateMachine.java:loadSnapshot(226)) - group-78CB78AB3B61: The snapshot info is null. Setting the last applied indexto:(t:0, i:~)
2019-09-19 09:52:30,319 [pool-292-thread-1] INFO  server.RaftServerConfigKeys (ConfUtils.java:logGet(43)) - raft.server.leader.election.timeout = 120s (custom)
2019-09-19 09:52:30,319 [pool-292-thread-1] INFO  server.RaftServerConfigKeys (ConfUtils.java:logGet(43)) - raft.server.log.use.memory = false (default)
2019-09-19 09:52:30,319 [pool-292-thread-1] INFO  server.RaftServerConfigKeys (ConfUtils.java:logGet(43)) - raft.server.log.purge.gap = 1000000 (custom)
2019-09-19 09:52:30,319 [pool-292-thread-1] INFO  server.RaftServerConfigKeys (ConfUtils.java:logGet(43)) - raft.server.log.appender.buffer.byte-limit = 33554432 (custom)
2019-09-19 09:52:30,320 [pool-292-thread-1] INFO  server.RaftServerConfigKeys (ConfUtils.java:logGet(43)) - raft.server.log.segment.size.max = 1048576 (custom)
2019-09-19 09:52:30,320 [pool-292-thread-1] INFO  server.RaftServerConfigKeys (ConfUtils.java:logGet(43)) - raft.server.log.segment.cache.num.max = 2 (custom)
2019-09-19 09:52:30,320 [pool-292-thread-1] INFO  segmented.SegmentedRaftLogWorker (SegmentedRaftLogWorker.java:<init>(172)) - new 16493f01-ec02-45ff-bd44-1abc5ff8aed0-SegmentedRaftLogWorker:Storage Directory /workdir/hadoop-ozone/ozonefs/target/test-dir/MiniOzoneClusterImpl-1d4abb45-6296-491d-afb2-898852a5cf2e/datanode-0/data/ratis/182e86ee-fc74-4411-84d1-78cb78ab3b61 for RaftStorage:Storage Directory /workdir/hadoop-ozone/ozonefs/target/test-dir/MiniOzoneClusterImpl-1d4abb45-6296-491d-afb2-898852a5cf2e/datanode-0/data/ratis/182e86ee-fc74-4411-84d1-78cb78ab3b61
2019-09-19 09:52:30,320 [pool-292-thread-1] INFO  server.RaftServerConfigKeys (ConfUtils.java:logGet(43)) - raft.server.log.queue.byte-limit = 2147483647 (custom)
2019-09-19 09:52:30,320 [pool-292-thread-1] INFO  server.RaftServerConfigKeys (ConfUtils.java:logGet(43)) - raft.server.log.queue.element-limit = 1024 (custom)
2019-09-19 09:52:30,320 [pool-292-thread-1] INFO  server.RaftServerConfigKeys (ConfUtils.java:logGet(43)) - raft.server.log.segment.size.max = 1048576 (custom)
2019-09-19 09:52:30,320 [pool-292-thread-1] INFO  server.RaftServerConfigKeys (ConfUtils.java:logGet(43)) - raft.server.log.preallocated.size = 16384 (custom)
2019-09-19 09:52:30,320 [pool-292-thread-1] INFO  server.RaftServerConfigKeys (ConfUtils.java:logGet(43)) - raft.server.log.write.buffer.size = 33554432 (custom)
2019-09-19 09:52:30,321 [pool-292-thread-1] INFO  server.RaftServerConfigKeys (ConfUtils.java:logGet(43)) - raft.server.log.force.sync.num = 128 (default)
2019-09-19 09:52:30,321 [pool-292-thread-1] INFO  server.RaftServerConfigKeys (ConfUtils.java:logGet(43)) - raft.server.log.statemachine.data.sync = true (default)
2019-09-19 09:52:30,321 [pool-292-thread-1] INFO  server.RaftServerConfigKeys (ConfUtils.java:logGet(43)) - raft.server.log.statemachine.data.sync.timeout = 10s (default)
2019-09-19 09:52:30,321 [pool-292-thread-1] INFO  server.RaftServerConfigKeys (ConfUtils.java:logGet(43)) - raft.server.log.statemachine.data.sync.timeout.retry = -1 (default)
2019-09-19 09:52:30,321 [pool-292-thread-1] INFO  server.RaftServerConfigKeys (ConfUtils.java:logGet(43)) - raft.server.log.statemachine.data.caching.enabled = true (custom)
2019-09-19 09:52:30,321 [pool-292-thread-1] INFO  segmented.SegmentedRaftLogWorker (SegmentedRaftLogWorker.java:lambda$new$0(132)) - 16493f01-ec02-45ff-bd44-1abc5ff8aed0-SegmentedRaftLogWorker:Storage Directory /workdir/hadoop-ozone/ozonefs/target/test-dir/MiniOzoneClusterImpl-1d4abb45-6296-491d-afb2-898852a5cf2e/datanode-0/data/ratis/182e86ee-fc74-4411-84d1-78cb78ab3b61: flushIndex: setUnconditionally 0 -> -1
2019-09-19 09:52:30,322 [pool-292-thread-1] INFO  server.RaftServerConfigKeys (ConfUtils.java:logGet(43)) - raft.server.snapshot.auto.trigger.enabled = true (custom)
2019-09-19 09:52:30,322 [pool-292-thread-1] INFO  server.RaftServerConfigKeys (ConfUtils.java:logGet(43)) - raft.server.snapshot.auto.trigger.threshold = 10000 (custom)
2019-09-19 09:52:30,322 [pool-292-thread-1] INFO  server.RaftServerConfigKeys (ConfUtils.java:logGet(43)) - raft.server.retrycache.expirytime = 600000ms (custom)
2019-09-19 09:52:30,322 [pool-292-thread-1] INFO  impl.RaftServerImpl (RaftServerImpl.java:start(180)) - 16493f01-ec02-45ff-bd44-1abc5ff8aed0: start group-78CB78AB3B61
2019-09-19 09:52:30,322 [pool-292-thread-1] INFO  impl.RaftServerImpl (RaftServerImpl.java:setRole(171)) - 16493f01-ec02-45ff-bd44-1abc5ff8aed0:group-78CB78AB3B61 changes role from null to FOLLOWER at term 0 for startAsFollower
2019-09-19 09:52:30,322 [pool-292-thread-1] INFO  impl.RoleInfo (RoleInfo.java:updateAndGet(143)) - 16493f01-ec02-45ff-bd44-1abc5ff8aed0: start FollowerState
2019-09-19 09:52:30,323 [pool-292-thread-1] INFO  util.JmxRegister (JmxRegister.java:tryRegister(44)) - Successfully registered JMX Bean with object name Ratis:service=RaftServer,group=group-78CB78AB3B61,id=16493f01-ec02-45ff-bd44-1abc5ff8aed0
2019-09-19 09:52:30,325 [RatisPipelineUtilsThread] INFO  pipeline.PipelineStateManager (PipelineStateManager.java:addPipeline(56)) - Created pipeline Pipeline[ Id: 182e86ee-fc74-4411-84d1-78cb78ab3b61, Nodes: 16493f01-ec02-45ff-bd44-1abc5ff8aed0{ip: 192.168.34.5, host: pr-hdds-1569-j4bt4-3030777008, networkLocation: /default-rack, certSerialId: null}, Type:RATIS, Factor:ONE, State:OPEN]
2019-09-19 09:52:30,325 [RatisPipelineUtilsThread] ERROR pipeline.PipelinePlacementPolicy (PipelinePlacementPolicy.java:meetCriteria(91)) - Pipeline Placement: Doesn't meet the criteria to be viable node. Heaviness: 6
2019-09-19 09:52:30,332 [grpc-default-executor-0] INFO  impl.RaftServerProxy (RaftServerProxy.java:addNew(89)) - edb869d4-f721-4ac7-9d7d-3d59f669430d: addNew group-BF6336E6B475:[edb869d4-f721-4ac7-9d7d-3d59f669430d:192.168.34.5:43205] returns group-BF6336E6B475:java.util.concurrent.CompletableFuture@29217ef5[Not completed]
2019-09-19 09:52:30,334 [pool-303-thread-1] INFO  impl.RaftServerImpl (RaftServerImpl.java:<init>(93)) - edb869d4-f721-4ac7-9d7d-3d59f669430d: new RaftServerImpl for group-BF6336E6B475:[edb869d4-f721-4ac7-9d7d-3d59f669430d:192.168.34.5:43205] with ContainerStateMachine:uninitialized
2019-09-19 09:52:30,334 [pool-303-thread-1] INFO  server.RaftServerConfigKeys (ConfUtils.java:logGet(43)) - raft.server.rpc.timeout.min = 5s (custom)
2019-09-19 09:52:30,334 [pool-303-thread-1] INFO  server.RaftServerConfigKeys (ConfUtils.java:logGet(43)) - raft.server.rpc.timeout.max = 5200ms (custom)
2019-09-19 09:52:30,334 [pool-303-thread-1] INFO  server.RaftServerConfigKeys (ConfUtils.java:logGet(43)) - raft.server.rpcslowness.timeout = 120s (custom)
2019-09-19 09:52:30,334 [pool-303-thread-1] INFO  server.RaftServerConfigKeys (ConfUtils.java:logGet(43)) - raft.server.sleep.deviation.threshold = 300 (default)
2019-09-19 09:52:30,334 [pool-303-thread-1] INFO  server.RaftServerConfigKeys (ConfUtils.java:logGet(43)) - raft.server.log.appender.install.snapshot.enabled = false (custom)
2019-09-19 09:52:30,334 [pool-303-thread-1] INFO  impl.RaftServerImpl (ServerState.java:<init>(105)) - edb869d4-f721-4ac7-9d7d-3d59f669430d:group-BF6336E6B475 ConfigurationManager, init=-1: [edb869d4-f721-4ac7-9d7d-3d59f669430d:192.168.34.5:43205], old=null, confs=<EMPTY_MAP>
2019-09-19 09:52:30,335 [pool-303-thread-1] INFO  server.RaftServerConfigKeys (ConfUtils.java:logGet(43)) - raft.server.storage.dir = [/workdir/hadoop-ozone/ozonefs/target/test-dir/MiniOzoneClusterImpl-1d4abb45-6296-491d-afb2-898852a5cf2e/datanode-1/data/ratis] (custom)
2019-09-19 09:52:30,335 [pool-303-thread-1] INFO  storage.RaftStorageDirectory (RaftStorageDirectory.java:analyzeStorage(246)) - The storage directory /workdir/hadoop-ozone/ozonefs/target/test-dir/MiniOzoneClusterImpl-1d4abb45-6296-491d-afb2-898852a5cf2e/datanode-1/data/ratis/63d039f7-417e-4505-8423-bf6336e6b475 does not exist. Creating ...
2019-09-19 09:52:30,338 [pool-303-thread-1] INFO  storage.RaftStorageDirectory (RaftStorageDirectory.java:tryLock(328)) - Lock on /workdir/hadoop-ozone/ozonefs/target/test-dir/MiniOzoneClusterImpl-1d4abb45-6296-491d-afb2-898852a5cf2e/datanode-1/data/ratis/63d039f7-417e-4505-8423-bf6336e6b475/in_use.lock acquired by nodename 9507@pr-hdds-1569-j4bt4-3030777008
2019-09-19 09:52:30,342 [pool-303-thread-1] INFO  storage.RaftStorage (RaftStorage.java:format(72)) - Storage directory /workdir/hadoop-ozone/ozonefs/target/test-dir/MiniOzoneClusterImpl-1d4abb45-6296-491d-afb2-898852a5cf2e/datanode-1/data/ratis/63d039f7-417e-4505-8423-bf6336e6b475 has been successfully formatted.
2019-09-19 09:52:30,342 [pool-303-thread-1] INFO  ratis.ContainerStateMachine (ContainerStateMachine.java:loadSnapshot(226)) - group-BF6336E6B475: The snapshot info is null. Setting the last applied indexto:(t:0, i:~)
2019-09-19 09:52:30,343 [pool-303-thread-1] INFO  server.RaftServerConfigKeys (ConfUtils.java:logGet(43)) - raft.server.leader.election.timeout = 120s (custom)
2019-09-19 09:52:30,343 [pool-303-thread-1] INFO  server.RaftServerConfigKeys (ConfUtils.java:logGet(43)) - raft.server.log.use.memory = false (default)
2019-09-19 09:52:30,343 [pool-303-thread-1] INFO  server.RaftServerConfigKeys (ConfUtils.java:logGet(43)) - raft.server.log.purge.gap = 1000000 (custom)
2019-09-19 09:52:30,343 [pool-303-thread-1] INFO  server.RaftServerConfigKeys (ConfUtils.java:logGet(43)) - raft.server.log.appender.buffer.byte-limit = 33554432 (custom)
2019-09-19 09:52:30,343 [pool-303-thread-1] INFO  server.RaftServerConfigKeys (ConfUtils.java:logGet(43)) - raft.server.log.segment.size.max = 1048576 (custom)
2019-09-19 09:52:30,343 [pool-303-thread-1] INFO  server.RaftServerConfigKeys (ConfUtils.java:logGet(43)) - raft.server.log.segment.cache.num.max = 2 (custom)
2019-09-19 09:52:30,343 [pool-303-thread-1] INFO  segmented.SegmentedRaftLogWorker (SegmentedRaftLogWorker.java:<init>(172)) - new edb869d4-f721-4ac7-9d7d-3d59f669430d-SegmentedRaftLogWorker:Storage Directory /workdir/hadoop-ozone/ozonefs/target/test-dir/MiniOzoneClusterImpl-1d4abb45-6296-491d-afb2-898852a5cf2e/datanode-1/data/ratis/63d039f7-417e-4505-8423-bf6336e6b475 for RaftStorage:Storage Directory /workdir/hadoop-ozone/ozonefs/target/test-dir/MiniOzoneClusterImpl-1d4abb45-6296-491d-afb2-898852a5cf2e/datanode-1/data/ratis/63d039f7-417e-4505-8423-bf6336e6b475
2019-09-19 09:52:30,344 [pool-303-thread-1] INFO  server.RaftServerConfigKeys (ConfUtils.java:logGet(43)) - raft.server.log.queue.byte-limit = 2147483647 (custom)
2019-09-19 09:52:30,344 [pool-303-thread-1] INFO  server.RaftServerConfigKeys (ConfUtils.java:logGet(43)) - raft.server.log.queue.element-limit = 1024 (custom)
2019-09-19 09:52:30,344 [pool-303-thread-1] INFO  server.RaftServerConfigKeys (ConfUtils.java:logGet(43)) - raft.server.log.segment.size.max = 1048576 (custom)
2019-09-19 09:52:30,344 [pool-303-thread-1] INFO  server.RaftServerConfigKeys (ConfUtils.java:logGet(43)) - raft.server.log.preallocated.size = 16384 (custom)
2019-09-19 09:52:30,344 [pool-303-thread-1] INFO  server.RaftServerConfigKeys (ConfUtils.java:logGet(43)) - raft.server.log.write.buffer.size = 33554432 (custom)
2019-09-19 09:52:30,345 [pool-303-thread-1] INFO  server.RaftServerConfigKeys (ConfUtils.java:logGet(43)) - raft.server.log.force.sync.num = 128 (default)
2019-09-19 09:52:30,345 [pool-303-thread-1] INFO  server.RaftServerConfigKeys (ConfUtils.java:logGet(43)) - raft.server.log.statemachine.data.sync = true (default)
2019-09-19 09:52:30,345 [pool-303-thread-1] INFO  server.RaftServerConfigKeys (ConfUtils.java:logGet(43)) - raft.server.log.statemachine.data.sync.timeout = 10s (default)
2019-09-19 09:52:30,345 [pool-303-thread-1] INFO  server.RaftServerConfigKeys (ConfUtils.java:logGet(43)) - raft.server.log.statemachine.data.sync.timeout.retry = -1 (default)
2019-09-19 09:52:30,345 [pool-303-thread-1] INFO  server.RaftServerConfigKeys (ConfUtils.java:logGet(43)) - raft.server.log.statemachine.data.caching.enabled = true (custom)
2019-09-19 09:52:30,346 [pool-303-thread-1] INFO  segmented.SegmentedRaftLogWorker (SegmentedRaftLogWorker.java:lambda$new$0(132)) - edb869d4-f721-4ac7-9d7d-3d59f669430d-SegmentedRaftLogWorker:Storage Directory /workdir/hadoop-ozone/ozonefs/target/test-dir/MiniOzoneClusterImpl-1d4abb45-6296-491d-afb2-898852a5cf2e/datanode-1/data/ratis/63d039f7-417e-4505-8423-bf6336e6b475: flushIndex: setUnconditionally 0 -> -1
2019-09-19 09:52:30,346 [pool-303-thread-1] INFO  server.RaftServerConfigKeys (ConfUtils.java:logGet(43)) - raft.server.snapshot.auto.trigger.enabled = true (custom)
2019-09-19 09:52:30,346 [pool-303-thread-1] INFO  server.RaftServerConfigKeys (ConfUtils.java:logGet(43)) - raft.server.snapshot.auto.trigger.threshold = 10000 (custom)
2019-09-19 09:52:30,346 [pool-303-thread-1] INFO  server.RaftServerConfigKeys (ConfUtils.java:logGet(43)) - raft.server.retrycache.expirytime = 600000ms (custom)
2019-09-19 09:52:30,347 [pool-303-thread-1] INFO  impl.RaftServerImpl (RaftServerImpl.java:start(180)) - edb869d4-f721-4ac7-9d7d-3d59f669430d: start group-BF6336E6B475
2019-09-19 09:52:30,347 [pool-303-thread-1] INFO  impl.RaftServerImpl (RaftServerImpl.java:setRole(171)) - edb869d4-f721-4ac7-9d7d-3d59f669430d:group-BF6336E6B475 changes role from null to FOLLOWER at term 0 for startAsFollower
2019-09-19 09:52:30,347 [pool-303-thread-1] INFO  impl.RoleInfo (RoleInfo.java:updateAndGet(143)) - edb869d4-f721-4ac7-9d7d-3d59f669430d: start FollowerState
2019-09-19 09:52:30,347 [pool-303-thread-1] INFO  util.JmxRegister (JmxRegister.java:tryRegister(44)) - Successfully registered JMX Bean with object name Ratis:service=RaftServer,group=group-BF6336E6B475,id=edb869d4-f721-4ac7-9d7d-3d59f669430d
2019-09-19 09:52:30,350 [RatisPipelineUtilsThread] INFO  pipeline.PipelineStateManager (PipelineStateManager.java:addPipeline(56)) - Created pipeline Pipeline[ Id: 63d039f7-417e-4505-8423-bf6336e6b475, Nodes: edb869d4-f721-4ac7-9d7d-3d59f669430d{ip: 192.168.34.5, host: pr-hdds-1569-j4bt4-3030777008, networkLocation: /default-rack, certSerialId: null}, Type:RATIS, Factor:ONE, State:OPEN]
2019-09-19 09:52:30,350 [RatisPipelineUtilsThread] ERROR pipeline.PipelinePlacementPolicy (PipelinePlacementPolicy.java:meetCriteria(91)) - Pipeline Placement: Doesn't meet the criteria to be viable node. Heaviness: 6
2019-09-19 09:52:30,355 [grpc-default-executor-0] INFO  impl.RaftServerProxy (RaftServerProxy.java:addNew(89)) - edb869d4-f721-4ac7-9d7d-3d59f669430d: addNew group-0A53B7DC8585:[edb869d4-f721-4ac7-9d7d-3d59f669430d:192.168.34.5:43205] returns group-0A53B7DC8585:java.util.concurrent.CompletableFuture@7f6a972d[Not completed]
2019-09-19 09:52:30,356 [pool-303-thread-1] INFO  impl.RaftServerImpl (RaftServerImpl.java:<init>(93)) - edb869d4-f721-4ac7-9d7d-3d59f669430d: new RaftServerImpl for group-0A53B7DC8585:[edb869d4-f721-4ac7-9d7d-3d59f669430d:192.168.34.5:43205] with ContainerStateMachine:uninitialized
2019-09-19 09:52:30,356 [pool-303-thread-1] INFO  server.RaftServerConfigKeys (ConfUtils.java:logGet(43)) - raft.server.rpc.timeout.min = 5s (custom)
2019-09-19 09:52:30,356 [pool-303-thread-1] INFO  server.RaftServerConfigKeys (ConfUtils.java:logGet(43)) - raft.server.rpc.timeout.max = 5200ms (custom)
2019-09-19 09:52:30,356 [pool-303-thread-1] INFO  server.RaftServerConfigKeys (ConfUtils.java:logGet(43)) - raft.server.rpcslowness.timeout = 120s (custom)
2019-09-19 09:52:30,356 [pool-303-thread-1] INFO  server.RaftServerConfigKeys (ConfUtils.java:logGet(43)) - raft.server.sleep.deviation.threshold = 300 (default)
2019-09-19 09:52:30,356 [pool-303-thread-1] INFO  server.RaftServerConfigKeys (ConfUtils.java:logGet(43)) - raft.server.log.appender.install.snapshot.enabled = false (custom)
2019-09-19 09:52:30,356 [pool-303-thread-1] INFO  impl.RaftServerImpl (ServerState.java:<init>(105)) - edb869d4-f721-4ac7-9d7d-3d59f669430d:group-0A53B7DC8585 ConfigurationManager, init=-1: [edb869d4-f721-4ac7-9d7d-3d59f669430d:192.168.34.5:43205], old=null, confs=<EMPTY_MAP>
2019-09-19 09:52:30,357 [pool-303-thread-1] INFO  server.RaftServerConfigKeys (ConfUtils.java:logGet(43)) - raft.server.storage.dir = [/workdir/hadoop-ozone/ozonefs/target/test-dir/MiniOzoneClusterImpl-1d4abb45-6296-491d-afb2-898852a5cf2e/datanode-1/data/ratis] (custom)
2019-09-19 09:52:30,357 [pool-303-thread-1] INFO  storage.RaftStorageDirectory (RaftStorageDirectory.java:analyzeStorage(246)) - The storage directory /workdir/hadoop-ozone/ozonefs/target/test-dir/MiniOzoneClusterImpl-1d4abb45-6296-491d-afb2-898852a5cf2e/datanode-1/data/ratis/696e2d07-fc4a-4aa8-8f50-0a53b7dc8585 does not exist. Creating ...
2019-09-19 09:52:30,361 [pool-303-thread-1] INFO  storage.RaftStorageDirectory (RaftStorageDirectory.java:tryLock(328)) - Lock on /workdir/hadoop-ozone/ozonefs/target/test-dir/MiniOzoneClusterImpl-1d4abb45-6296-491d-afb2-898852a5cf2e/datanode-1/data/ratis/696e2d07-fc4a-4aa8-8f50-0a53b7dc8585/in_use.lock acquired by nodename 9507@pr-hdds-1569-j4bt4-3030777008
2019-09-19 09:52:30,365 [pool-303-thread-1] INFO  storage.RaftStorage (RaftStorage.java:format(72)) - Storage directory /workdir/hadoop-ozone/ozonefs/target/test-dir/MiniOzoneClusterImpl-1d4abb45-6296-491d-afb2-898852a5cf2e/datanode-1/data/ratis/696e2d07-fc4a-4aa8-8f50-0a53b7dc8585 has been successfully formatted.
2019-09-19 09:52:30,365 [pool-303-thread-1] INFO  ratis.ContainerStateMachine (ContainerStateMachine.java:loadSnapshot(226)) - group-0A53B7DC8585: The snapshot info is null. Setting the last applied indexto:(t:0, i:~)
2019-09-19 09:52:30,365 [pool-303-thread-1] INFO  server.RaftServerConfigKeys (ConfUtils.java:logGet(43)) - raft.server.leader.election.timeout = 120s (custom)
2019-09-19 09:52:30,365 [pool-303-thread-1] INFO  server.RaftServerConfigKeys (ConfUtils.java:logGet(43)) - raft.server.log.use.memory = false (default)
2019-09-19 09:52:30,365 [pool-303-thread-1] INFO  server.RaftServerConfigKeys (ConfUtils.java:logGet(43)) - raft.server.log.purge.gap = 1000000 (custom)
2019-09-19 09:52:30,365 [pool-303-thread-1] INFO  server.RaftServerConfigKeys (ConfUtils.java:logGet(43)) - raft.server.log.appender.buffer.byte-limit = 33554432 (custom)
2019-09-19 09:52:30,366 [pool-303-thread-1] INFO  server.RaftServerConfigKeys (ConfUtils.java:logGet(43)) - raft.server.log.segment.size.max = 1048576 (custom)
2019-09-19 09:52:30,366 [pool-303-thread-1] INFO  server.RaftServerConfigKeys (ConfUtils.java:logGet(43)) - raft.server.log.segment.cache.num.max = 2 (custom)
2019-09-19 09:52:30,366 [pool-303-thread-1] INFO  segmented.SegmentedRaftLogWorker (SegmentedRaftLogWorker.java:<init>(172)) - new edb869d4-f721-4ac7-9d7d-3d59f669430d-SegmentedRaftLogWorker:Storage Directory /workdir/hadoop-ozone/ozonefs/target/test-dir/MiniOzoneClusterImpl-1d4abb45-6296-491d-afb2-898852a5cf2e/datanode-1/data/ratis/696e2d07-fc4a-4aa8-8f50-0a53b7dc8585 for RaftStorage:Storage Directory /workdir/hadoop-ozone/ozonefs/target/test-dir/MiniOzoneClusterImpl-1d4abb45-6296-491d-afb2-898852a5cf2e/datanode-1/data/ratis/696e2d07-fc4a-4aa8-8f50-0a53b7dc8585
2019-09-19 09:52:30,366 [pool-303-thread-1] INFO  server.RaftServerConfigKeys (ConfUtils.java:logGet(43)) - raft.server.log.queue.byte-limit = 2147483647 (custom)
2019-09-19 09:52:30,366 [pool-303-thread-1] INFO  server.RaftServerConfigKeys (ConfUtils.java:logGet(43)) - raft.server.log.queue.element-limit = 1024 (custom)
2019-09-19 09:52:30,366 [pool-303-thread-1] INFO  server.RaftServerConfigKeys (ConfUtils.java:logGet(43)) - raft.server.log.segment.size.max = 1048576 (custom)
2019-09-19 09:52:30,366 [pool-303-thread-1] INFO  server.RaftServerConfigKeys (ConfUtils.java:logGet(43)) - raft.server.log.preallocated.size = 16384 (custom)
2019-09-19 09:52:30,367 [pool-303-thread-1] INFO  server.RaftServerConfigKeys (ConfUtils.java:logGet(43)) - raft.server.log.write.buffer.size = 33554432 (custom)
2019-09-19 09:52:30,367 [pool-303-thread-1] INFO  server.RaftServerConfigKeys (ConfUtils.java:logGet(43)) - raft.server.log.force.sync.num = 128 (default)
2019-09-19 09:52:30,367 [pool-303-thread-1] INFO  server.RaftServerConfigKeys (ConfUtils.java:logGet(43)) - raft.server.log.statemachine.data.sync = true (default)
2019-09-19 09:52:30,367 [pool-303-thread-1] INFO  server.RaftServerConfigKeys (ConfUtils.java:logGet(43)) - raft.server.log.statemachine.data.sync.timeout = 10s (default)
2019-09-19 09:52:30,367 [pool-303-thread-1] INFO  server.RaftServerConfigKeys (ConfUtils.java:logGet(43)) - raft.server.log.statemachine.data.sync.timeout.retry = -1 (default)
2019-09-19 09:52:30,367 [pool-303-thread-1] INFO  server.RaftServerConfigKeys (ConfUtils.java:logGet(43)) - raft.server.log.statemachine.data.caching.enabled = true (custom)
2019-09-19 09:52:30,367 [pool-303-thread-1] INFO  segmented.SegmentedRaftLogWorker (SegmentedRaftLogWorker.java:lambda$new$0(132)) - edb869d4-f721-4ac7-9d7d-3d59f669430d-SegmentedRaftLogWorker:Storage Directory /workdir/hadoop-ozone/ozonefs/target/test-dir/MiniOzoneClusterImpl-1d4abb45-6296-491d-afb2-898852a5cf2e/datanode-1/data/ratis/696e2d07-fc4a-4aa8-8f50-0a53b7dc8585: flushIndex: setUnconditionally 0 -> -1
2019-09-19 09:52:30,368 [pool-303-thread-1] INFO  server.RaftServerConfigKeys (ConfUtils.java:logGet(43)) - raft.server.snapshot.auto.trigger.enabled = true (custom)
2019-09-19 09:52:30,368 [pool-303-thread-1] INFO  server.RaftServerConfigKeys (ConfUtils.java:logGet(43)) - raft.server.snapshot.auto.trigger.threshold = 10000 (custom)
2019-09-19 09:52:30,368 [pool-303-thread-1] INFO  server.RaftServerConfigKeys (ConfUtils.java:logGet(43)) - raft.server.retrycache.expirytime = 600000ms (custom)
2019-09-19 09:52:30,368 [pool-303-thread-1] INFO  impl.RaftServerImpl (RaftServerImpl.java:start(180)) - edb869d4-f721-4ac7-9d7d-3d59f669430d: start group-0A53B7DC8585
2019-09-19 09:52:30,368 [pool-303-thread-1] INFO  impl.RaftServerImpl (RaftServerImpl.java:setRole(171)) - edb869d4-f721-4ac7-9d7d-3d59f669430d:group-0A53B7DC8585 changes role from null to FOLLOWER at term 0 for startAsFollower
2019-09-19 09:52:30,368 [pool-303-thread-1] INFO  impl.RoleInfo (RoleInfo.java:updateAndGet(143)) - edb869d4-f721-4ac7-9d7d-3d59f669430d: start FollowerState
2019-09-19 09:52:30,369 [pool-303-thread-1] INFO  util.JmxRegister (JmxRegister.java:tryRegister(44)) - Successfully registered JMX Bean with object name Ratis:service=RaftServer,group=group-0A53B7DC8585,id=edb869d4-f721-4ac7-9d7d-3d59f669430d
2019-09-19 09:52:30,371 [RatisPipelineUtilsThread] INFO  pipeline.PipelineStateManager (PipelineStateManager.java:addPipeline(56)) - Created pipeline Pipeline[ Id: 696e2d07-fc4a-4aa8-8f50-0a53b7dc8585, Nodes: edb869d4-f721-4ac7-9d7d-3d59f669430d{ip: 192.168.34.5, host: pr-hdds-1569-j4bt4-3030777008, networkLocation: /default-rack, certSerialId: null}, Type:RATIS, Factor:ONE, State:OPEN]
2019-09-19 09:52:30,371 [RatisPipelineUtilsThread] ERROR pipeline.PipelinePlacementPolicy (PipelinePlacementPolicy.java:meetCriteria(91)) - Pipeline Placement: Doesn't meet the criteria to be viable node. Heaviness: 6
2019-09-19 09:52:30,376 [grpc-default-executor-0] INFO  impl.RaftServerProxy (RaftServerProxy.java:addNew(89)) - edb869d4-f721-4ac7-9d7d-3d59f669430d: addNew group-D00FC8713296:[edb869d4-f721-4ac7-9d7d-3d59f669430d:192.168.34.5:43205] returns group-D00FC8713296:java.util.concurrent.CompletableFuture@42827f54[Not completed]
2019-09-19 09:52:30,376 [pool-303-thread-1] INFO  impl.RaftServerImpl (RaftServerImpl.java:<init>(93)) - edb869d4-f721-4ac7-9d7d-3d59f669430d: new RaftServerImpl for group-D00FC8713296:[edb869d4-f721-4ac7-9d7d-3d59f669430d:192.168.34.5:43205] with ContainerStateMachine:uninitialized
2019-09-19 09:52:30,376 [pool-303-thread-1] INFO  server.RaftServerConfigKeys (ConfUtils.java:logGet(43)) - raft.server.rpc.timeout.min = 5s (custom)
2019-09-19 09:52:30,377 [pool-303-thread-1] INFO  server.RaftServerConfigKeys (ConfUtils.java:logGet(43)) - raft.server.rpc.timeout.max = 5200ms (custom)
2019-09-19 09:52:30,377 [pool-303-thread-1] INFO  server.RaftServerConfigKeys (ConfUtils.java:logGet(43)) - raft.server.rpcslowness.timeout = 120s (custom)
2019-09-19 09:52:30,377 [pool-303-thread-1] INFO  server.RaftServerConfigKeys (ConfUtils.java:logGet(43)) - raft.server.sleep.deviation.threshold = 300 (default)
2019-09-19 09:52:30,377 [pool-303-thread-1] INFO  server.RaftServerConfigKeys (ConfUtils.java:logGet(43)) - raft.server.log.appender.install.snapshot.enabled = false (custom)
2019-09-19 09:52:30,377 [pool-303-thread-1] INFO  impl.RaftServerImpl (ServerState.java:<init>(105)) - edb869d4-f721-4ac7-9d7d-3d59f669430d:group-D00FC8713296 ConfigurationManager, init=-1: [edb869d4-f721-4ac7-9d7d-3d59f669430d:192.168.34.5:43205], old=null, confs=<EMPTY_MAP>
2019-09-19 09:52:30,377 [pool-303-thread-1] INFO  server.RaftServerConfigKeys (ConfUtils.java:logGet(43)) - raft.server.storage.dir = [/workdir/hadoop-ozone/ozonefs/target/test-dir/MiniOzoneClusterImpl-1d4abb45-6296-491d-afb2-898852a5cf2e/datanode-1/data/ratis] (custom)
2019-09-19 09:52:30,377 [pool-303-thread-1] INFO  storage.RaftStorageDirectory (RaftStorageDirectory.java:analyzeStorage(246)) - The storage directory /workdir/hadoop-ozone/ozonefs/target/test-dir/MiniOzoneClusterImpl-1d4abb45-6296-491d-afb2-898852a5cf2e/datanode-1/data/ratis/0f52b231-3390-4a51-b443-d00fc8713296 does not exist. Creating ...
2019-09-19 09:52:30,399 [pool-303-thread-1] INFO  storage.RaftStorageDirectory (RaftStorageDirectory.java:tryLock(328)) - Lock on /workdir/hadoop-ozone/ozonefs/target/test-dir/MiniOzoneClusterImpl-1d4abb45-6296-491d-afb2-898852a5cf2e/datanode-1/data/ratis/0f52b231-3390-4a51-b443-d00fc8713296/in_use.lock acquired by nodename 9507@pr-hdds-1569-j4bt4-3030777008
2019-09-19 09:52:30,412 [pool-303-thread-1] INFO  storage.RaftStorage (RaftStorage.java:format(72)) - Storage directory /workdir/hadoop-ozone/ozonefs/target/test-dir/MiniOzoneClusterImpl-1d4abb45-6296-491d-afb2-898852a5cf2e/datanode-1/data/ratis/0f52b231-3390-4a51-b443-d00fc8713296 has been successfully formatted.
2019-09-19 09:52:30,412 [pool-303-thread-1] INFO  ratis.ContainerStateMachine (ContainerStateMachine.java:loadSnapshot(226)) - group-D00FC8713296: The snapshot info is null. Setting the last applied indexto:(t:0, i:~)
2019-09-19 09:52:30,412 [pool-303-thread-1] INFO  server.RaftServerConfigKeys (ConfUtils.java:logGet(43)) - raft.server.leader.election.timeout = 120s (custom)
2019-09-19 09:52:30,412 [pool-303-thread-1] INFO  server.RaftServerConfigKeys (ConfUtils.java:logGet(43)) - raft.server.log.use.memory = false (default)
2019-09-19 09:52:30,413 [pool-303-thread-1] INFO  server.RaftServerConfigKeys (ConfUtils.java:logGet(43)) - raft.server.log.purge.gap = 1000000 (custom)
2019-09-19 09:52:30,413 [pool-303-thread-1] INFO  server.RaftServerConfigKeys (ConfUtils.java:logGet(43)) - raft.server.log.appender.buffer.byte-limit = 33554432 (custom)
2019-09-19 09:52:30,413 [pool-303-thread-1] INFO  server.RaftServerConfigKeys (ConfUtils.java:logGet(43)) - raft.server.log.segment.size.max = 1048576 (custom)
2019-09-19 09:52:30,413 [pool-303-thread-1] INFO  server.RaftServerConfigKeys (ConfUtils.java:logGet(43)) - raft.server.log.segment.cache.num.max = 2 (custom)
2019-09-19 09:52:30,413 [pool-303-thread-1] INFO  segmented.SegmentedRaftLogWorker (SegmentedRaftLogWorker.java:<init>(172)) - new edb869d4-f721-4ac7-9d7d-3d59f669430d-SegmentedRaftLogWorker:Storage Directory /workdir/hadoop-ozone/ozonefs/target/test-dir/MiniOzoneClusterImpl-1d4abb45-6296-491d-afb2-898852a5cf2e/datanode-1/data/ratis/0f52b231-3390-4a51-b443-d00fc8713296 for RaftStorage:Storage Directory /workdir/hadoop-ozone/ozonefs/target/test-dir/MiniOzoneClusterImpl-1d4abb45-6296-491d-afb2-898852a5cf2e/datanode-1/data/ratis/0f52b231-3390-4a51-b443-d00fc8713296
2019-09-19 09:52:30,413 [pool-303-thread-1] INFO  server.RaftServerConfigKeys (ConfUtils.java:logGet(43)) - raft.server.log.queue.byte-limit = 2147483647 (custom)
2019-09-19 09:52:30,414 [pool-303-thread-1] INFO  server.RaftServerConfigKeys (ConfUtils.java:logGet(43)) - raft.server.log.queue.element-limit = 1024 (custom)
2019-09-19 09:52:30,414 [pool-303-thread-1] INFO  server.RaftServerConfigKeys (ConfUtils.java:logGet(43)) - raft.server.log.segment.size.max = 1048576 (custom)
2019-09-19 09:52:30,414 [pool-303-thread-1] INFO  server.RaftServerConfigKeys (ConfUtils.java:logGet(43)) - raft.server.log.preallocated.size = 16384 (custom)
2019-09-19 09:52:30,414 [pool-303-thread-1] INFO  server.RaftServerConfigKeys (ConfUtils.java:logGet(43)) - raft.server.log.write.buffer.size = 33554432 (custom)
2019-09-19 09:52:30,414 [pool-303-thread-1] INFO  server.RaftServerConfigKeys (ConfUtils.java:logGet(43)) - raft.server.log.force.sync.num = 128 (default)
2019-09-19 09:52:30,415 [pool-303-thread-1] INFO  server.RaftServerConfigKeys (ConfUtils.java:logGet(43)) - raft.server.log.statemachine.data.sync = true (default)
2019-09-19 09:52:30,415 [pool-303-thread-1] INFO  server.RaftServerConfigKeys (ConfUtils.java:logGet(43)) - raft.server.log.statemachine.data.sync.timeout = 10s (default)
2019-09-19 09:52:30,415 [pool-303-thread-1] INFO  server.RaftServerConfigKeys (ConfUtils.java:logGet(43)) - raft.server.log.statemachine.data.sync.timeout.retry = -1 (default)
2019-09-19 09:52:30,415 [pool-303-thread-1] INFO  server.RaftServerConfigKeys (ConfUtils.java:logGet(43)) - raft.server.log.statemachine.data.caching.enabled = true (custom)
2019-09-19 09:52:30,415 [pool-303-thread-1] INFO  segmented.SegmentedRaftLogWorker (SegmentedRaftLogWorker.java:lambda$new$0(132)) - edb869d4-f721-4ac7-9d7d-3d59f669430d-SegmentedRaftLogWorker:Storage Directory /workdir/hadoop-ozone/ozonefs/target/test-dir/MiniOzoneClusterImpl-1d4abb45-6296-491d-afb2-898852a5cf2e/datanode-1/data/ratis/0f52b231-3390-4a51-b443-d00fc8713296: flushIndex: setUnconditionally 0 -> -1
2019-09-19 09:52:30,416 [pool-303-thread-1] INFO  server.RaftServerConfigKeys (ConfUtils.java:logGet(43)) - raft.server.snapshot.auto.trigger.enabled = true (custom)
2019-09-19 09:52:30,416 [pool-303-thread-1] INFO  server.RaftServerConfigKeys (ConfUtils.java:logGet(43)) - raft.server.snapshot.auto.trigger.threshold = 10000 (custom)
2019-09-19 09:52:30,416 [pool-303-thread-1] INFO  server.RaftServerConfigKeys (ConfUtils.java:logGet(43)) - raft.server.retrycache.expirytime = 600000ms (custom)
2019-09-19 09:52:30,416 [pool-303-thread-1] INFO  impl.RaftServerImpl (RaftServerImpl.java:start(180)) - edb869d4-f721-4ac7-9d7d-3d59f669430d: start group-D00FC8713296
2019-09-19 09:52:30,417 [pool-303-thread-1] INFO  impl.RaftServerImpl (RaftServerImpl.java:setRole(171)) - edb869d4-f721-4ac7-9d7d-3d59f669430d:group-D00FC8713296 changes role from null to FOLLOWER at term 0 for startAsFollower
2019-09-19 09:52:30,417 [pool-303-thread-1] INFO  impl.RoleInfo (RoleInfo.java:updateAndGet(143)) - edb869d4-f721-4ac7-9d7d-3d59f669430d: start FollowerState
2019-09-19 09:52:30,417 [pool-303-thread-1] INFO  util.JmxRegister (JmxRegister.java:tryRegister(44)) - Successfully registered JMX Bean with object name Ratis:service=RaftServer,group=group-D00FC8713296,id=edb869d4-f721-4ac7-9d7d-3d59f669430d
2019-09-19 09:52:30,420 [RatisPipelineUtilsThread] INFO  pipeline.PipelineStateManager (PipelineStateManager.java:addPipeline(56)) - Created pipeline Pipeline[ Id: 0f52b231-3390-4a51-b443-d00fc8713296, Nodes: edb869d4-f721-4ac7-9d7d-3d59f669430d{ip: 192.168.34.5, host: pr-hdds-1569-j4bt4-3030777008, networkLocation: /default-rack, certSerialId: null}, Type:RATIS, Factor:ONE, State:OPEN]
2019-09-19 09:52:30,420 [RatisPipelineUtilsThread] ERROR pipeline.PipelinePlacementPolicy (PipelinePlacementPolicy.java:meetCriteria(91)) - Pipeline Placement: Doesn't meet the criteria to be viable node. Heaviness: 6
2019-09-19 09:52:30,425 [grpc-default-executor-0] INFO  impl.RaftServerProxy (RaftServerProxy.java:addNew(89)) - edb869d4-f721-4ac7-9d7d-3d59f669430d: addNew group-A3CD352F88CA:[edb869d4-f721-4ac7-9d7d-3d59f669430d:192.168.34.5:43205] returns group-A3CD352F88CA:java.util.concurrent.CompletableFuture@282e711[Not completed]
2019-09-19 09:52:30,426 [pool-303-thread-1] INFO  impl.RaftServerImpl (RaftServerImpl.java:<init>(93)) - edb869d4-f721-4ac7-9d7d-3d59f669430d: new RaftServerImpl for group-A3CD352F88CA:[edb869d4-f721-4ac7-9d7d-3d59f669430d:192.168.34.5:43205] with ContainerStateMachine:uninitialized
2019-09-19 09:52:30,427 [pool-303-thread-1] INFO  server.RaftServerConfigKeys (ConfUtils.java:logGet(43)) - raft.server.rpc.timeout.min = 5s (custom)
2019-09-19 09:52:30,427 [pool-303-thread-1] INFO  server.RaftServerConfigKeys (ConfUtils.java:logGet(43)) - raft.server.rpc.timeout.max = 5200ms (custom)
2019-09-19 09:52:30,427 [pool-303-thread-1] INFO  server.RaftServerConfigKeys (ConfUtils.java:logGet(43)) - raft.server.rpcslowness.timeout = 120s (custom)
2019-09-19 09:52:30,427 [pool-303-thread-1] INFO  server.RaftServerConfigKeys (ConfUtils.java:logGet(43)) - raft.server.sleep.deviation.threshold = 300 (default)
2019-09-19 09:52:30,427 [pool-303-thread-1] INFO  server.RaftServerConfigKeys (ConfUtils.java:logGet(43)) - raft.server.log.appender.install.snapshot.enabled = false (custom)
2019-09-19 09:52:30,427 [pool-303-thread-1] INFO  impl.RaftServerImpl (ServerState.java:<init>(105)) - edb869d4-f721-4ac7-9d7d-3d59f669430d:group-A3CD352F88CA ConfigurationManager, init=-1: [edb869d4-f721-4ac7-9d7d-3d59f669430d:192.168.34.5:43205], old=null, confs=<EMPTY_MAP>
2019-09-19 09:52:30,427 [pool-303-thread-1] INFO  server.RaftServerConfigKeys (ConfUtils.java:logGet(43)) - raft.server.storage.dir = [/workdir/hadoop-ozone/ozonefs/target/test-dir/MiniOzoneClusterImpl-1d4abb45-6296-491d-afb2-898852a5cf2e/datanode-1/data/ratis] (custom)
2019-09-19 09:52:30,428 [pool-303-thread-1] INFO  storage.RaftStorageDirectory (RaftStorageDirectory.java:analyzeStorage(246)) - The storage directory /workdir/hadoop-ozone/ozonefs/target/test-dir/MiniOzoneClusterImpl-1d4abb45-6296-491d-afb2-898852a5cf2e/datanode-1/data/ratis/89af4f4a-23f2-4969-ac9c-a3cd352f88ca does not exist. Creating ...
2019-09-19 09:52:30,441 [pool-303-thread-1] INFO  storage.RaftStorageDirectory (RaftStorageDirectory.java:tryLock(328)) - Lock on /workdir/hadoop-ozone/ozonefs/target/test-dir/MiniOzoneClusterImpl-1d4abb45-6296-491d-afb2-898852a5cf2e/datanode-1/data/ratis/89af4f4a-23f2-4969-ac9c-a3cd352f88ca/in_use.lock acquired by nodename 9507@pr-hdds-1569-j4bt4-3030777008
2019-09-19 09:52:30,463 [pool-303-thread-1] INFO  storage.RaftStorage (RaftStorage.java:format(72)) - Storage directory /workdir/hadoop-ozone/ozonefs/target/test-dir/MiniOzoneClusterImpl-1d4abb45-6296-491d-afb2-898852a5cf2e/datanode-1/data/ratis/89af4f4a-23f2-4969-ac9c-a3cd352f88ca has been successfully formatted.
2019-09-19 09:52:30,463 [pool-303-thread-1] INFO  ratis.ContainerStateMachine (ContainerStateMachine.java:loadSnapshot(226)) - group-A3CD352F88CA: The snapshot info is null. Setting the last applied indexto:(t:0, i:~)
2019-09-19 09:52:30,463 [pool-303-thread-1] INFO  server.RaftServerConfigKeys (ConfUtils.java:logGet(43)) - raft.server.leader.election.timeout = 120s (custom)
2019-09-19 09:52:30,463 [pool-303-thread-1] INFO  server.RaftServerConfigKeys (ConfUtils.java:logGet(43)) - raft.server.log.use.memory = false (default)
2019-09-19 09:52:30,463 [pool-303-thread-1] INFO  server.RaftServerConfigKeys (ConfUtils.java:logGet(43)) - raft.server.log.purge.gap = 1000000 (custom)
2019-09-19 09:52:30,464 [pool-303-thread-1] INFO  server.RaftServerConfigKeys (ConfUtils.java:logGet(43)) - raft.server.log.appender.buffer.byte-limit = 33554432 (custom)
2019-09-19 09:52:30,464 [pool-303-thread-1] INFO  server.RaftServerConfigKeys (ConfUtils.java:logGet(43)) - raft.server.log.segment.size.max = 1048576 (custom)
2019-09-19 09:52:30,464 [pool-303-thread-1] INFO  server.RaftServerConfigKeys (ConfUtils.java:logGet(43)) - raft.server.log.segment.cache.num.max = 2 (custom)
2019-09-19 09:52:30,464 [pool-303-thread-1] INFO  segmented.SegmentedRaftLogWorker (SegmentedRaftLogWorker.java:<init>(172)) - new edb869d4-f721-4ac7-9d7d-3d59f669430d-SegmentedRaftLogWorker:Storage Directory /workdir/hadoop-ozone/ozonefs/target/test-dir/MiniOzoneClusterImpl-1d4abb45-6296-491d-afb2-898852a5cf2e/datanode-1/data/ratis/89af4f4a-23f2-4969-ac9c-a3cd352f88ca for RaftStorage:Storage Directory /workdir/hadoop-ozone/ozonefs/target/test-dir/MiniOzoneClusterImpl-1d4abb45-6296-491d-afb2-898852a5cf2e/datanode-1/data/ratis/89af4f4a-23f2-4969-ac9c-a3cd352f88ca
2019-09-19 09:52:30,464 [pool-303-thread-1] INFO  server.RaftServerConfigKeys (ConfUtils.java:logGet(43)) - raft.server.log.queue.byte-limit = 2147483647 (custom)
2019-09-19 09:52:30,464 [pool-303-thread-1] INFO  server.RaftServerConfigKeys (ConfUtils.java:logGet(43)) - raft.server.log.queue.element-limit = 1024 (custom)
2019-09-19 09:52:30,465 [pool-303-thread-1] INFO  server.RaftServerConfigKeys (ConfUtils.java:logGet(43)) - raft.server.log.segment.size.max = 1048576 (custom)
2019-09-19 09:52:30,465 [pool-303-thread-1] INFO  server.RaftServerConfigKeys (ConfUtils.java:logGet(43)) - raft.server.log.preallocated.size = 16384 (custom)
2019-09-19 09:52:30,465 [pool-303-thread-1] INFO  server.RaftServerConfigKeys (ConfUtils.java:logGet(43)) - raft.server.log.write.buffer.size = 33554432 (custom)
2019-09-19 09:52:30,465 [pool-303-thread-1] INFO  server.RaftServerConfigKeys (ConfUtils.java:logGet(43)) - raft.server.log.force.sync.num = 128 (default)
2019-09-19 09:52:30,465 [pool-303-thread-1] INFO  server.RaftServerConfigKeys (ConfUtils.java:logGet(43)) - raft.server.log.statemachine.data.sync = true (default)
2019-09-19 09:52:30,465 [pool-303-thread-1] INFO  server.RaftServerConfigKeys (ConfUtils.java:logGet(43)) - raft.server.log.statemachine.data.sync.timeout = 10s (default)
2019-09-19 09:52:30,465 [pool-303-thread-1] INFO  server.RaftServerConfigKeys (ConfUtils.java:logGet(43)) - raft.server.log.statemachine.data.sync.timeout.retry = -1 (default)
2019-09-19 09:52:30,466 [pool-303-thread-1] INFO  server.RaftServerConfigKeys (ConfUtils.java:logGet(43)) - raft.server.log.statemachine.data.caching.enabled = true (custom)
2019-09-19 09:52:30,466 [pool-303-thread-1] INFO  segmented.SegmentedRaftLogWorker (SegmentedRaftLogWorker.java:lambda$new$0(132)) - edb869d4-f721-4ac7-9d7d-3d59f669430d-SegmentedRaftLogWorker:Storage Directory /workdir/hadoop-ozone/ozonefs/target/test-dir/MiniOzoneClusterImpl-1d4abb45-6296-491d-afb2-898852a5cf2e/datanode-1/data/ratis/89af4f4a-23f2-4969-ac9c-a3cd352f88ca: flushIndex: setUnconditionally 0 -> -1
2019-09-19 09:52:30,466 [pool-303-thread-1] INFO  server.RaftServerConfigKeys (ConfUtils.java:logGet(43)) - raft.server.snapshot.auto.trigger.enabled = true (custom)
2019-09-19 09:52:30,467 [pool-303-thread-1] INFO  server.RaftServerConfigKeys (ConfUtils.java:logGet(43)) - raft.server.snapshot.auto.trigger.threshold = 10000 (custom)
2019-09-19 09:52:30,467 [pool-303-thread-1] INFO  server.RaftServerConfigKeys (ConfUtils.java:logGet(43)) - raft.server.retrycache.expirytime = 600000ms (custom)
2019-09-19 09:52:30,467 [pool-303-thread-1] INFO  impl.RaftServerImpl (RaftServerImpl.java:start(180)) - edb869d4-f721-4ac7-9d7d-3d59f669430d: start group-A3CD352F88CA
2019-09-19 09:52:30,467 [pool-303-thread-1] INFO  impl.RaftServerImpl (RaftServerImpl.java:setRole(171)) - edb869d4-f721-4ac7-9d7d-3d59f669430d:group-A3CD352F88CA changes role from null to FOLLOWER at term 0 for startAsFollower
2019-09-19 09:52:30,467 [pool-303-thread-1] INFO  impl.RoleInfo (RoleInfo.java:updateAndGet(143)) - edb869d4-f721-4ac7-9d7d-3d59f669430d: start FollowerState
2019-09-19 09:52:30,468 [pool-303-thread-1] INFO  util.JmxRegister (JmxRegister.java:tryRegister(44)) - Successfully registered JMX Bean with object name Ratis:service=RaftServer,group=group-A3CD352F88CA,id=edb869d4-f721-4ac7-9d7d-3d59f669430d
2019-09-19 09:52:30,470 [RatisPipelineUtilsThread] INFO  pipeline.PipelineStateManager (PipelineStateManager.java:addPipeline(56)) - Created pipeline Pipeline[ Id: 89af4f4a-23f2-4969-ac9c-a3cd352f88ca, Nodes: edb869d4-f721-4ac7-9d7d-3d59f669430d{ip: 192.168.34.5, host: pr-hdds-1569-j4bt4-3030777008, networkLocation: /default-rack, certSerialId: null}, Type:RATIS, Factor:ONE, State:OPEN]
2019-09-19 09:52:30,471 [RatisPipelineUtilsThread] ERROR pipeline.PipelinePlacementPolicy (PipelinePlacementPolicy.java:meetCriteria(91)) - Pipeline Placement: Doesn't meet the criteria to be viable node. Heaviness: 6
2019-09-19 09:52:30,471 [Thread-1334] INFO  ozone.MiniOzoneClusterImpl (MiniOzoneClusterImpl.java:lambda$waitForClusterToBeReady$0(142)) - Waiting for cluster to be ready. Got 2 of 3 DN Heartbeats.
2019-09-19 09:52:30,471 [IPC Server handler 9 on 39970] INFO  net.NetworkTopology (NetworkTopologyImpl.java:add(110)) - Added a new node: /default-rack/5fe28b99-5296-4882-8415-41e5835760cd
2019-09-19 09:52:30,472 [IPC Server handler 9 on 39970] INFO  node.SCMNodeManager (SCMNodeManager.java:register(273)) - Registered Data node : 5fe28b99-5296-4882-8415-41e5835760cd{ip: 192.168.34.5, host: pr-hdds-1569-j4bt4-3030777008, networkLocation: /default-rack, certSerialId: null}
2019-09-19 09:52:30,472 | INFO  | SCMAudit | user=jenkins1000 | ip=192.168.34.5 | op=REGISTER {datanodeDetails=5fe28b99-5296-4882-8415-41e5835760cd{ip: 192.168.34.5, host: pr-hdds-1569-j4bt4-3030777008, networkLocation: /default-rack, certSerialId: null}} | ret=SUCCESS |  
2019-09-19 09:52:30,476 [grpc-default-executor-0] INFO  impl.RaftServerProxy (RaftServerProxy.java:addNew(89)) - edb869d4-f721-4ac7-9d7d-3d59f669430d: addNew group-642D86F6C575:[edb869d4-f721-4ac7-9d7d-3d59f669430d:192.168.34.5:43205] returns group-642D86F6C575:java.util.concurrent.CompletableFuture@158caf[Not completed]
2019-09-19 09:52:30,477 [pool-303-thread-1] INFO  impl.RaftServerImpl (RaftServerImpl.java:<init>(93)) - edb869d4-f721-4ac7-9d7d-3d59f669430d: new RaftServerImpl for group-642D86F6C575:[edb869d4-f721-4ac7-9d7d-3d59f669430d:192.168.34.5:43205] with ContainerStateMachine:uninitialized
2019-09-19 09:52:30,477 [pool-303-thread-1] INFO  server.RaftServerConfigKeys (ConfUtils.java:logGet(43)) - raft.server.rpc.timeout.min = 5s (custom)
2019-09-19 09:52:30,477 [pool-303-thread-1] INFO  server.RaftServerConfigKeys (ConfUtils.java:logGet(43)) - raft.server.rpc.timeout.max = 5200ms (custom)
2019-09-19 09:52:30,477 [pool-303-thread-1] INFO  server.RaftServerConfigKeys (ConfUtils.java:logGet(43)) - raft.server.rpcslowness.timeout = 120s (custom)
2019-09-19 09:52:30,477 [pool-303-thread-1] INFO  server.RaftServerConfigKeys (ConfUtils.java:logGet(43)) - raft.server.sleep.deviation.threshold = 300 (default)
2019-09-19 09:52:30,477 [pool-303-thread-1] INFO  server.RaftServerConfigKeys (ConfUtils.java:logGet(43)) - raft.server.log.appender.install.snapshot.enabled = false (custom)
2019-09-19 09:52:30,478 [pool-303-thread-1] INFO  impl.RaftServerImpl (ServerState.java:<init>(105)) - edb869d4-f721-4ac7-9d7d-3d59f669430d:group-642D86F6C575 ConfigurationManager, init=-1: [edb869d4-f721-4ac7-9d7d-3d59f669430d:192.168.34.5:43205], old=null, confs=<EMPTY_MAP>
2019-09-19 09:52:30,478 [pool-303-thread-1] INFO  server.RaftServerConfigKeys (ConfUtils.java:logGet(43)) - raft.server.storage.dir = [/workdir/hadoop-ozone/ozonefs/target/test-dir/MiniOzoneClusterImpl-1d4abb45-6296-491d-afb2-898852a5cf2e/datanode-1/data/ratis] (custom)
2019-09-19 09:52:30,478 [pool-303-thread-1] INFO  storage.RaftStorageDirectory (RaftStorageDirectory.java:analyzeStorage(246)) - The storage directory /workdir/hadoop-ozone/ozonefs/target/test-dir/MiniOzoneClusterImpl-1d4abb45-6296-491d-afb2-898852a5cf2e/datanode-1/data/ratis/c2da96d5-48bb-4437-b344-642d86f6c575 does not exist. Creating ...
2019-09-19 09:52:30,492 [pool-303-thread-1] INFO  storage.RaftStorageDirectory (RaftStorageDirectory.java:tryLock(328)) - Lock on /workdir/hadoop-ozone/ozonefs/target/test-dir/MiniOzoneClusterImpl-1d4abb45-6296-491d-afb2-898852a5cf2e/datanode-1/data/ratis/c2da96d5-48bb-4437-b344-642d86f6c575/in_use.lock acquired by nodename 9507@pr-hdds-1569-j4bt4-3030777008
2019-09-19 09:52:30,505 [pool-303-thread-1] INFO  storage.RaftStorage (RaftStorage.java:format(72)) - Storage directory /workdir/hadoop-ozone/ozonefs/target/test-dir/MiniOzoneClusterImpl-1d4abb45-6296-491d-afb2-898852a5cf2e/datanode-1/data/ratis/c2da96d5-48bb-4437-b344-642d86f6c575 has been successfully formatted.
2019-09-19 09:52:30,505 [pool-303-thread-1] INFO  ratis.ContainerStateMachine (ContainerStateMachine.java:loadSnapshot(226)) - group-642D86F6C575: The snapshot info is null. Setting the last applied indexto:(t:0, i:~)
2019-09-19 09:52:30,505 [pool-303-thread-1] INFO  server.RaftServerConfigKeys (ConfUtils.java:logGet(43)) - raft.server.leader.election.timeout = 120s (custom)
2019-09-19 09:52:30,506 [pool-303-thread-1] INFO  server.RaftServerConfigKeys (ConfUtils.java:logGet(43)) - raft.server.log.use.memory = false (default)
2019-09-19 09:52:30,506 [pool-303-thread-1] INFO  server.RaftServerConfigKeys (ConfUtils.java:logGet(43)) - raft.server.log.purge.gap = 1000000 (custom)
2019-09-19 09:52:30,506 [pool-303-thread-1] INFO  server.RaftServerConfigKeys (ConfUtils.java:logGet(43)) - raft.server.log.appender.buffer.byte-limit = 33554432 (custom)
2019-09-19 09:52:30,506 [pool-303-thread-1] INFO  server.RaftServerConfigKeys (ConfUtils.java:logGet(43)) - raft.server.log.segment.size.max = 1048576 (custom)
2019-09-19 09:52:30,506 [pool-303-thread-1] INFO  server.RaftServerConfigKeys (ConfUtils.java:logGet(43)) - raft.server.log.segment.cache.num.max = 2 (custom)
2019-09-19 09:52:30,506 [pool-303-thread-1] INFO  segmented.SegmentedRaftLogWorker (SegmentedRaftLogWorker.java:<init>(172)) - new edb869d4-f721-4ac7-9d7d-3d59f669430d-SegmentedRaftLogWorker:Storage Directory /workdir/hadoop-ozone/ozonefs/target/test-dir/MiniOzoneClusterImpl-1d4abb45-6296-491d-afb2-898852a5cf2e/datanode-1/data/ratis/c2da96d5-48bb-4437-b344-642d86f6c575 for RaftStorage:Storage Directory /workdir/hadoop-ozone/ozonefs/target/test-dir/MiniOzoneClusterImpl-1d4abb45-6296-491d-afb2-898852a5cf2e/datanode-1/data/ratis/c2da96d5-48bb-4437-b344-642d86f6c575
2019-09-19 09:52:30,506 [pool-303-thread-1] INFO  server.RaftServerConfigKeys (ConfUtils.java:logGet(43)) - raft.server.log.queue.byte-limit = 2147483647 (custom)
2019-09-19 09:52:30,507 [pool-303-thread-1] INFO  server.RaftServerConfigKeys (ConfUtils.java:logGet(43)) - raft.server.log.queue.element-limit = 1024 (custom)
2019-09-19 09:52:30,507 [pool-303-thread-1] INFO  server.RaftServerConfigKeys (ConfUtils.java:logGet(43)) - raft.server.log.segment.size.max = 1048576 (custom)
2019-09-19 09:52:30,507 [pool-303-thread-1] INFO  server.RaftServerConfigKeys (ConfUtils.java:logGet(43)) - raft.server.log.preallocated.size = 16384 (custom)
2019-09-19 09:52:30,507 [pool-303-thread-1] INFO  server.RaftServerConfigKeys (ConfUtils.java:logGet(43)) - raft.server.log.write.buffer.size = 33554432 (custom)
2019-09-19 09:52:30,507 [pool-303-thread-1] INFO  server.RaftServerConfigKeys (ConfUtils.java:logGet(43)) - raft.server.log.force.sync.num = 128 (default)
2019-09-19 09:52:30,507 [pool-303-thread-1] INFO  server.RaftServerConfigKeys (ConfUtils.java:logGet(43)) - raft.server.log.statemachine.data.sync = true (default)
2019-09-19 09:52:30,507 [pool-303-thread-1] INFO  server.RaftServerConfigKeys (ConfUtils.java:logGet(43)) - raft.server.log.statemachine.data.sync.timeout = 10s (default)
2019-09-19 09:52:30,507 [pool-303-thread-1] INFO  server.RaftServerConfigKeys (ConfUtils.java:logGet(43)) - raft.server.log.statemachine.data.sync.timeout.retry = -1 (default)
2019-09-19 09:52:30,508 [pool-303-thread-1] INFO  server.RaftServerConfigKeys (ConfUtils.java:logGet(43)) - raft.server.log.statemachine.data.caching.enabled = true (custom)
2019-09-19 09:52:30,508 [pool-303-thread-1] INFO  segmented.SegmentedRaftLogWorker (SegmentedRaftLogWorker.java:lambda$new$0(132)) - edb869d4-f721-4ac7-9d7d-3d59f669430d-SegmentedRaftLogWorker:Storage Directory /workdir/hadoop-ozone/ozonefs/target/test-dir/MiniOzoneClusterImpl-1d4abb45-6296-491d-afb2-898852a5cf2e/datanode-1/data/ratis/c2da96d5-48bb-4437-b344-642d86f6c575: flushIndex: setUnconditionally 0 -> -1
2019-09-19 09:52:30,508 [pool-303-thread-1] INFO  server.RaftServerConfigKeys (ConfUtils.java:logGet(43)) - raft.server.snapshot.auto.trigger.enabled = true (custom)
2019-09-19 09:52:30,508 [pool-303-thread-1] INFO  server.RaftServerConfigKeys (ConfUtils.java:logGet(43)) - raft.server.snapshot.auto.trigger.threshold = 10000 (custom)
2019-09-19 09:52:30,509 [pool-303-thread-1] INFO  server.RaftServerConfigKeys (ConfUtils.java:logGet(43)) - raft.server.retrycache.expirytime = 600000ms (custom)
2019-09-19 09:52:30,509 [pool-303-thread-1] INFO  impl.RaftServerImpl (RaftServerImpl.java:start(180)) - edb869d4-f721-4ac7-9d7d-3d59f669430d: start group-642D86F6C575
2019-09-19 09:52:30,509 [pool-303-thread-1] INFO  impl.RaftServerImpl (RaftServerImpl.java:setRole(171)) - edb869d4-f721-4ac7-9d7d-3d59f669430d:group-642D86F6C575 changes role from null to FOLLOWER at term 0 for startAsFollower
2019-09-19 09:52:30,509 [pool-303-thread-1] INFO  impl.RoleInfo (RoleInfo.java:updateAndGet(143)) - edb869d4-f721-4ac7-9d7d-3d59f669430d: start FollowerState
2019-09-19 09:52:30,509 [pool-303-thread-1] INFO  util.JmxRegister (JmxRegister.java:tryRegister(44)) - Successfully registered JMX Bean with object name Ratis:service=RaftServer,group=group-642D86F6C575,id=edb869d4-f721-4ac7-9d7d-3d59f669430d
2019-09-19 09:52:30,512 [RatisPipelineUtilsThread] INFO  pipeline.PipelineStateManager (PipelineStateManager.java:addPipeline(56)) - Created pipeline Pipeline[ Id: c2da96d5-48bb-4437-b344-642d86f6c575, Nodes: edb869d4-f721-4ac7-9d7d-3d59f669430d{ip: 192.168.34.5, host: pr-hdds-1569-j4bt4-3030777008, networkLocation: /default-rack, certSerialId: null}, Type:RATIS, Factor:ONE, State:OPEN]
2019-09-19 09:52:30,512 [RatisPipelineUtilsThread] ERROR pipeline.PipelinePlacementPolicy (PipelinePlacementPolicy.java:meetCriteria(91)) - Pipeline Placement: Doesn't meet the criteria to be viable node. Heaviness: 6
2019-09-19 09:52:30,518 [grpc-default-executor-0] INFO  impl.RaftServerProxy (RaftServerProxy.java:addNew(89)) - edb869d4-f721-4ac7-9d7d-3d59f669430d: addNew group-BCE8E588A4C0:[edb869d4-f721-4ac7-9d7d-3d59f669430d:192.168.34.5:43205] returns group-BCE8E588A4C0:java.util.concurrent.CompletableFuture@6ac865fd[Not completed]
2019-09-19 09:52:30,518 [pool-303-thread-1] INFO  impl.RaftServerImpl (RaftServerImpl.java:<init>(93)) - edb869d4-f721-4ac7-9d7d-3d59f669430d: new RaftServerImpl for group-BCE8E588A4C0:[edb869d4-f721-4ac7-9d7d-3d59f669430d:192.168.34.5:43205] with ContainerStateMachine:uninitialized
2019-09-19 09:52:30,519 [pool-303-thread-1] INFO  server.RaftServerConfigKeys (ConfUtils.java:logGet(43)) - raft.server.rpc.timeout.min = 5s (custom)
2019-09-19 09:52:30,519 [pool-303-thread-1] INFO  server.RaftServerConfigKeys (ConfUtils.java:logGet(43)) - raft.server.rpc.timeout.max = 5200ms (custom)
2019-09-19 09:52:30,519 [pool-303-thread-1] INFO  server.RaftServerConfigKeys (ConfUtils.java:logGet(43)) - raft.server.rpcslowness.timeout = 120s (custom)
2019-09-19 09:52:30,519 [pool-303-thread-1] INFO  server.RaftServerConfigKeys (ConfUtils.java:logGet(43)) - raft.server.sleep.deviation.threshold = 300 (default)
2019-09-19 09:52:30,519 [pool-303-thread-1] INFO  server.RaftServerConfigKeys (ConfUtils.java:logGet(43)) - raft.server.log.appender.install.snapshot.enabled = false (custom)
2019-09-19 09:52:30,519 [pool-303-thread-1] INFO  impl.RaftServerImpl (ServerState.java:<init>(105)) - edb869d4-f721-4ac7-9d7d-3d59f669430d:group-BCE8E588A4C0 ConfigurationManager, init=-1: [edb869d4-f721-4ac7-9d7d-3d59f669430d:192.168.34.5:43205], old=null, confs=<EMPTY_MAP>
2019-09-19 09:52:30,519 [pool-303-thread-1] INFO  server.RaftServerConfigKeys (ConfUtils.java:logGet(43)) - raft.server.storage.dir = [/workdir/hadoop-ozone/ozonefs/target/test-dir/MiniOzoneClusterImpl-1d4abb45-6296-491d-afb2-898852a5cf2e/datanode-1/data/ratis] (custom)
2019-09-19 09:52:30,520 [pool-303-thread-1] INFO  storage.RaftStorageDirectory (RaftStorageDirectory.java:analyzeStorage(246)) - The storage directory /workdir/hadoop-ozone/ozonefs/target/test-dir/MiniOzoneClusterImpl-1d4abb45-6296-491d-afb2-898852a5cf2e/datanode-1/data/ratis/264847f8-087e-44b3-b324-bce8e588a4c0 does not exist. Creating ...
2019-09-19 09:52:30,532 [pool-303-thread-1] INFO  storage.RaftStorageDirectory (RaftStorageDirectory.java:tryLock(328)) - Lock on /workdir/hadoop-ozone/ozonefs/target/test-dir/MiniOzoneClusterImpl-1d4abb45-6296-491d-afb2-898852a5cf2e/datanode-1/data/ratis/264847f8-087e-44b3-b324-bce8e588a4c0/in_use.lock acquired by nodename 9507@pr-hdds-1569-j4bt4-3030777008
2019-09-19 09:52:30,545 [pool-303-thread-1] INFO  storage.RaftStorage (RaftStorage.java:format(72)) - Storage directory /workdir/hadoop-ozone/ozonefs/target/test-dir/MiniOzoneClusterImpl-1d4abb45-6296-491d-afb2-898852a5cf2e/datanode-1/data/ratis/264847f8-087e-44b3-b324-bce8e588a4c0 has been successfully formatted.
2019-09-19 09:52:30,545 [pool-303-thread-1] INFO  ratis.ContainerStateMachine (ContainerStateMachine.java:loadSnapshot(226)) - group-BCE8E588A4C0: The snapshot info is null. Setting the last applied indexto:(t:0, i:~)
2019-09-19 09:52:30,545 [pool-303-thread-1] INFO  server.RaftServerConfigKeys (ConfUtils.java:logGet(43)) - raft.server.leader.election.timeout = 120s (custom)
2019-09-19 09:52:30,545 [pool-303-thread-1] INFO  server.RaftServerConfigKeys (ConfUtils.java:logGet(43)) - raft.server.log.use.memory = false (default)
2019-09-19 09:52:30,546 [pool-303-thread-1] INFO  server.RaftServerConfigKeys (ConfUtils.java:logGet(43)) - raft.server.log.purge.gap = 1000000 (custom)
2019-09-19 09:52:30,546 [pool-303-thread-1] INFO  server.RaftServerConfigKeys (ConfUtils.java:logGet(43)) - raft.server.log.appender.buffer.byte-limit = 33554432 (custom)
2019-09-19 09:52:30,546 [pool-303-thread-1] INFO  server.RaftServerConfigKeys (ConfUtils.java:logGet(43)) - raft.server.log.segment.size.max = 1048576 (custom)
2019-09-19 09:52:30,546 [pool-303-thread-1] INFO  server.RaftServerConfigKeys (ConfUtils.java:logGet(43)) - raft.server.log.segment.cache.num.max = 2 (custom)
2019-09-19 09:52:30,546 [pool-303-thread-1] INFO  segmented.SegmentedRaftLogWorker (SegmentedRaftLogWorker.java:<init>(172)) - new edb869d4-f721-4ac7-9d7d-3d59f669430d-SegmentedRaftLogWorker:Storage Directory /workdir/hadoop-ozone/ozonefs/target/test-dir/MiniOzoneClusterImpl-1d4abb45-6296-491d-afb2-898852a5cf2e/datanode-1/data/ratis/264847f8-087e-44b3-b324-bce8e588a4c0 for RaftStorage:Storage Directory /workdir/hadoop-ozone/ozonefs/target/test-dir/MiniOzoneClusterImpl-1d4abb45-6296-491d-afb2-898852a5cf2e/datanode-1/data/ratis/264847f8-087e-44b3-b324-bce8e588a4c0
2019-09-19 09:52:30,546 [pool-303-thread-1] INFO  server.RaftServerConfigKeys (ConfUtils.java:logGet(43)) - raft.server.log.queue.byte-limit = 2147483647 (custom)
2019-09-19 09:52:30,546 [pool-303-thread-1] INFO  server.RaftServerConfigKeys (ConfUtils.java:logGet(43)) - raft.server.log.queue.element-limit = 1024 (custom)
2019-09-19 09:52:30,546 [pool-303-thread-1] INFO  server.RaftServerConfigKeys (ConfUtils.java:logGet(43)) - raft.server.log.segment.size.max = 1048576 (custom)
2019-09-19 09:52:30,547 [pool-303-thread-1] INFO  server.RaftServerConfigKeys (ConfUtils.java:logGet(43)) - raft.server.log.preallocated.size = 16384 (custom)
2019-09-19 09:52:30,547 [pool-303-thread-1] INFO  server.RaftServerConfigKeys (ConfUtils.java:logGet(43)) - raft.server.log.write.buffer.size = 33554432 (custom)
2019-09-19 09:52:30,547 [pool-303-thread-1] INFO  server.RaftServerConfigKeys (ConfUtils.java:logGet(43)) - raft.server.log.force.sync.num = 128 (default)
2019-09-19 09:52:30,547 [pool-303-thread-1] INFO  server.RaftServerConfigKeys (ConfUtils.java:logGet(43)) - raft.server.log.statemachine.data.sync = true (default)
2019-09-19 09:52:30,547 [pool-303-thread-1] INFO  server.RaftServerConfigKeys (ConfUtils.java:logGet(43)) - raft.server.log.statemachine.data.sync.timeout = 10s (default)
2019-09-19 09:52:30,547 [pool-303-thread-1] INFO  server.RaftServerConfigKeys (ConfUtils.java:logGet(43)) - raft.server.log.statemachine.data.sync.timeout.retry = -1 (default)
2019-09-19 09:52:30,547 [pool-303-thread-1] INFO  server.RaftServerConfigKeys (ConfUtils.java:logGet(43)) - raft.server.log.statemachine.data.caching.enabled = true (custom)
2019-09-19 09:52:30,548 [pool-303-thread-1] INFO  segmented.SegmentedRaftLogWorker (SegmentedRaftLogWorker.java:lambda$new$0(132)) - edb869d4-f721-4ac7-9d7d-3d59f669430d-SegmentedRaftLogWorker:Storage Directory /workdir/hadoop-ozone/ozonefs/target/test-dir/MiniOzoneClusterImpl-1d4abb45-6296-491d-afb2-898852a5cf2e/datanode-1/data/ratis/264847f8-087e-44b3-b324-bce8e588a4c0: flushIndex: setUnconditionally 0 -> -1
2019-09-19 09:52:30,548 [pool-303-thread-1] INFO  server.RaftServerConfigKeys (ConfUtils.java:logGet(43)) - raft.server.snapshot.auto.trigger.enabled = true (custom)
2019-09-19 09:52:30,548 [pool-303-thread-1] INFO  server.RaftServerConfigKeys (ConfUtils.java:logGet(43)) - raft.server.snapshot.auto.trigger.threshold = 10000 (custom)
2019-09-19 09:52:30,548 [pool-303-thread-1] INFO  server.RaftServerConfigKeys (ConfUtils.java:logGet(43)) - raft.server.retrycache.expirytime = 600000ms (custom)
2019-09-19 09:52:30,548 [pool-303-thread-1] INFO  impl.RaftServerImpl (RaftServerImpl.java:start(180)) - edb869d4-f721-4ac7-9d7d-3d59f669430d: start group-BCE8E588A4C0
2019-09-19 09:52:30,548 [pool-303-thread-1] INFO  impl.RaftServerImpl (RaftServerImpl.java:setRole(171)) - edb869d4-f721-4ac7-9d7d-3d59f669430d:group-BCE8E588A4C0 changes role from null to FOLLOWER at term 0 for startAsFollower
2019-09-19 09:52:30,549 [pool-303-thread-1] INFO  impl.RoleInfo (RoleInfo.java:updateAndGet(143)) - edb869d4-f721-4ac7-9d7d-3d59f669430d: start FollowerState
2019-09-19 09:52:30,549 [pool-303-thread-1] INFO  util.JmxRegister (JmxRegister.java:tryRegister(44)) - Successfully registered JMX Bean with object name Ratis:service=RaftServer,group=group-BCE8E588A4C0,id=edb869d4-f721-4ac7-9d7d-3d59f669430d
2019-09-19 09:52:30,552 [RatisPipelineUtilsThread] INFO  pipeline.PipelineStateManager (PipelineStateManager.java:addPipeline(56)) - Created pipeline Pipeline[ Id: 264847f8-087e-44b3-b324-bce8e588a4c0, Nodes: edb869d4-f721-4ac7-9d7d-3d59f669430d{ip: 192.168.34.5, host: pr-hdds-1569-j4bt4-3030777008, networkLocation: /default-rack, certSerialId: null}, Type:RATIS, Factor:ONE, State:OPEN]
2019-09-19 09:52:30,552 [RatisPipelineUtilsThread] ERROR pipeline.PipelinePlacementPolicy (PipelinePlacementPolicy.java:meetCriteria(91)) - Pipeline Placement: Doesn't meet the criteria to be viable node. Heaviness: 6
2019-09-19 09:52:30,552 [RatisPipelineUtilsThread] ERROR pipeline.PipelinePlacementPolicy (PipelinePlacementPolicy.java:meetCriteria(91)) - Pipeline Placement: Doesn't meet the criteria to be viable node. Heaviness: 6
2019-09-19 09:52:30,560 [grpc-default-executor-0] INFO  impl.RaftServerProxy (RaftServerProxy.java:addNew(89)) - 5fe28b99-5296-4882-8415-41e5835760cd: addNew group-32AA8F9D9C2E:[5fe28b99-5296-4882-8415-41e5835760cd:192.168.34.5:35838] returns group-32AA8F9D9C2E:java.util.concurrent.CompletableFuture@344eaff6[Not completed]
2019-09-19 09:52:30,561 [pool-314-thread-1] INFO  impl.RaftServerImpl (RaftServerImpl.java:<init>(93)) - 5fe28b99-5296-4882-8415-41e5835760cd: new RaftServerImpl for group-32AA8F9D9C2E:[5fe28b99-5296-4882-8415-41e5835760cd:192.168.34.5:35838] with ContainerStateMachine:uninitialized
2019-09-19 09:52:30,562 [pool-314-thread-1] INFO  server.RaftServerConfigKeys (ConfUtils.java:logGet(43)) - raft.server.rpc.timeout.min = 5s (custom)
2019-09-19 09:52:30,562 [pool-314-thread-1] INFO  server.RaftServerConfigKeys (ConfUtils.java:logGet(43)) - raft.server.rpc.timeout.max = 5200ms (custom)
2019-09-19 09:52:30,562 [pool-314-thread-1] INFO  server.RaftServerConfigKeys (ConfUtils.java:logGet(43)) - raft.server.rpcslowness.timeout = 120s (custom)
2019-09-19 09:52:30,562 [pool-314-thread-1] INFO  server.RaftServerConfigKeys (ConfUtils.java:logGet(43)) - raft.server.sleep.deviation.threshold = 300 (default)
2019-09-19 09:52:30,562 [pool-314-thread-1] INFO  server.RaftServerConfigKeys (ConfUtils.java:logGet(43)) - raft.server.log.appender.install.snapshot.enabled = false (custom)
2019-09-19 09:52:30,562 [pool-314-thread-1] INFO  impl.RaftServerImpl (ServerState.java:<init>(105)) - 5fe28b99-5296-4882-8415-41e5835760cd:group-32AA8F9D9C2E ConfigurationManager, init=-1: [5fe28b99-5296-4882-8415-41e5835760cd:192.168.34.5:35838], old=null, confs=<EMPTY_MAP>
2019-09-19 09:52:30,562 [pool-314-thread-1] INFO  server.RaftServerConfigKeys (ConfUtils.java:logGet(43)) - raft.server.storage.dir = [/workdir/hadoop-ozone/ozonefs/target/test-dir/MiniOzoneClusterImpl-1d4abb45-6296-491d-afb2-898852a5cf2e/datanode-2/data/ratis] (custom)
2019-09-19 09:52:30,562 [pool-314-thread-1] INFO  storage.RaftStorageDirectory (RaftStorageDirectory.java:analyzeStorage(246)) - The storage directory /workdir/hadoop-ozone/ozonefs/target/test-dir/MiniOzoneClusterImpl-1d4abb45-6296-491d-afb2-898852a5cf2e/datanode-2/data/ratis/f48e0597-013e-4b44-a98b-32aa8f9d9c2e does not exist. Creating ...
2019-09-19 09:52:30,576 [pool-314-thread-1] INFO  storage.RaftStorageDirectory (RaftStorageDirectory.java:tryLock(328)) - Lock on /workdir/hadoop-ozone/ozonefs/target/test-dir/MiniOzoneClusterImpl-1d4abb45-6296-491d-afb2-898852a5cf2e/datanode-2/data/ratis/f48e0597-013e-4b44-a98b-32aa8f9d9c2e/in_use.lock acquired by nodename 9507@pr-hdds-1569-j4bt4-3030777008
2019-09-19 09:52:30,589 [pool-314-thread-1] INFO  storage.RaftStorage (RaftStorage.java:format(72)) - Storage directory /workdir/hadoop-ozone/ozonefs/target/test-dir/MiniOzoneClusterImpl-1d4abb45-6296-491d-afb2-898852a5cf2e/datanode-2/data/ratis/f48e0597-013e-4b44-a98b-32aa8f9d9c2e has been successfully formatted.
2019-09-19 09:52:30,590 [pool-314-thread-1] INFO  ratis.ContainerStateMachine (ContainerStateMachine.java:loadSnapshot(226)) - group-32AA8F9D9C2E: The snapshot info is null. Setting the last applied indexto:(t:0, i:~)
2019-09-19 09:52:30,590 [pool-314-thread-1] INFO  server.RaftServerConfigKeys (ConfUtils.java:logGet(43)) - raft.server.leader.election.timeout = 120s (custom)
2019-09-19 09:52:30,590 [pool-314-thread-1] INFO  server.RaftServerConfigKeys (ConfUtils.java:logGet(43)) - raft.server.log.use.memory = false (default)
2019-09-19 09:52:30,590 [pool-314-thread-1] INFO  server.RaftServerConfigKeys (ConfUtils.java:logGet(43)) - raft.server.log.purge.gap = 1000000 (custom)
2019-09-19 09:52:30,590 [pool-314-thread-1] INFO  server.RaftServerConfigKeys (ConfUtils.java:logGet(43)) - raft.server.log.appender.buffer.byte-limit = 33554432 (custom)
2019-09-19 09:52:30,590 [pool-314-thread-1] INFO  server.RaftServerConfigKeys (ConfUtils.java:logGet(43)) - raft.server.log.segment.size.max = 1048576 (custom)
2019-09-19 09:52:30,590 [pool-314-thread-1] INFO  server.RaftServerConfigKeys (ConfUtils.java:logGet(43)) - raft.server.log.segment.cache.num.max = 2 (custom)
2019-09-19 09:52:30,590 [pool-314-thread-1] INFO  segmented.SegmentedRaftLogWorker (SegmentedRaftLogWorker.java:<init>(172)) - new 5fe28b99-5296-4882-8415-41e5835760cd-SegmentedRaftLogWorker:Storage Directory /workdir/hadoop-ozone/ozonefs/target/test-dir/MiniOzoneClusterImpl-1d4abb45-6296-491d-afb2-898852a5cf2e/datanode-2/data/ratis/f48e0597-013e-4b44-a98b-32aa8f9d9c2e for RaftStorage:Storage Directory /workdir/hadoop-ozone/ozonefs/target/test-dir/MiniOzoneClusterImpl-1d4abb45-6296-491d-afb2-898852a5cf2e/datanode-2/data/ratis/f48e0597-013e-4b44-a98b-32aa8f9d9c2e
2019-09-19 09:52:30,591 [pool-314-thread-1] INFO  server.RaftServerConfigKeys (ConfUtils.java:logGet(43)) - raft.server.log.queue.byte-limit = 2147483647 (custom)
2019-09-19 09:52:30,591 [pool-314-thread-1] INFO  server.RaftServerConfigKeys (ConfUtils.java:logGet(43)) - raft.server.log.queue.element-limit = 1024 (custom)
2019-09-19 09:52:30,591 [pool-314-thread-1] INFO  server.RaftServerConfigKeys (ConfUtils.java:logGet(43)) - raft.server.log.segment.size.max = 1048576 (custom)
2019-09-19 09:52:30,591 [pool-314-thread-1] INFO  server.RaftServerConfigKeys (ConfUtils.java:logGet(43)) - raft.server.log.preallocated.size = 16384 (custom)
2019-09-19 09:52:30,591 [pool-314-thread-1] INFO  server.RaftServerConfigKeys (ConfUtils.java:logGet(43)) - raft.server.log.write.buffer.size = 33554432 (custom)
2019-09-19 09:52:30,591 [pool-314-thread-1] INFO  server.RaftServerConfigKeys (ConfUtils.java:logGet(43)) - raft.server.log.force.sync.num = 128 (default)
2019-09-19 09:52:30,591 [pool-314-thread-1] INFO  server.RaftServerConfigKeys (ConfUtils.java:logGet(43)) - raft.server.log.statemachine.data.sync = true (default)
2019-09-19 09:52:30,591 [pool-314-thread-1] INFO  server.RaftServerConfigKeys (ConfUtils.java:logGet(43)) - raft.server.log.statemachine.data.sync.timeout = 10s (default)
2019-09-19 09:52:30,592 [pool-314-thread-1] INFO  server.RaftServerConfigKeys (ConfUtils.java:logGet(43)) - raft.server.log.statemachine.data.sync.timeout.retry = -1 (default)
2019-09-19 09:52:30,592 [pool-314-thread-1] INFO  server.RaftServerConfigKeys (ConfUtils.java:logGet(43)) - raft.server.log.statemachine.data.caching.enabled = true (custom)
2019-09-19 09:52:30,592 [pool-314-thread-1] INFO  segmented.SegmentedRaftLogWorker (SegmentedRaftLogWorker.java:lambda$new$0(132)) - 5fe28b99-5296-4882-8415-41e5835760cd-SegmentedRaftLogWorker:Storage Directory /workdir/hadoop-ozone/ozonefs/target/test-dir/MiniOzoneClusterImpl-1d4abb45-6296-491d-afb2-898852a5cf2e/datanode-2/data/ratis/f48e0597-013e-4b44-a98b-32aa8f9d9c2e: flushIndex: setUnconditionally 0 -> -1
2019-09-19 09:52:30,592 [pool-314-thread-1] INFO  server.RaftServerConfigKeys (ConfUtils.java:logGet(43)) - raft.server.snapshot.auto.trigger.enabled = true (custom)
2019-09-19 09:52:30,592 [pool-314-thread-1] INFO  server.RaftServerConfigKeys (ConfUtils.java:logGet(43)) - raft.server.snapshot.auto.trigger.threshold = 10000 (custom)
2019-09-19 09:52:30,593 [pool-314-thread-1] INFO  server.RaftServerConfigKeys (ConfUtils.java:logGet(43)) - raft.server.retrycache.expirytime = 600000ms (custom)
2019-09-19 09:52:30,593 [pool-314-thread-1] INFO  impl.RaftServerImpl (RaftServerImpl.java:start(180)) - 5fe28b99-5296-4882-8415-41e5835760cd: start group-32AA8F9D9C2E
2019-09-19 09:52:30,593 [pool-314-thread-1] INFO  impl.RaftServerImpl (RaftServerImpl.java:setRole(171)) - 5fe28b99-5296-4882-8415-41e5835760cd:group-32AA8F9D9C2E changes role from null to FOLLOWER at term 0 for startAsFollower
2019-09-19 09:52:30,593 [pool-314-thread-1] INFO  impl.RoleInfo (RoleInfo.java:updateAndGet(143)) - 5fe28b99-5296-4882-8415-41e5835760cd: start FollowerState
2019-09-19 09:52:30,593 [pool-314-thread-1] INFO  util.JmxRegister (JmxRegister.java:tryRegister(44)) - Successfully registered JMX Bean with object name Ratis:service=RaftServer,group=group-32AA8F9D9C2E,id=5fe28b99-5296-4882-8415-41e5835760cd
2019-09-19 09:52:30,597 [RatisPipelineUtilsThread] INFO  pipeline.PipelineStateManager (PipelineStateManager.java:addPipeline(56)) - Created pipeline Pipeline[ Id: f48e0597-013e-4b44-a98b-32aa8f9d9c2e, Nodes: 5fe28b99-5296-4882-8415-41e5835760cd{ip: 192.168.34.5, host: pr-hdds-1569-j4bt4-3030777008, networkLocation: /default-rack, certSerialId: null}, Type:RATIS, Factor:ONE, State:OPEN]
2019-09-19 09:52:30,597 [RatisPipelineUtilsThread] ERROR pipeline.PipelinePlacementPolicy (PipelinePlacementPolicy.java:meetCriteria(91)) - Pipeline Placement: Doesn't meet the criteria to be viable node. Heaviness: 6
2019-09-19 09:52:30,597 [RatisPipelineUtilsThread] ERROR pipeline.PipelinePlacementPolicy (PipelinePlacementPolicy.java:meetCriteria(91)) - Pipeline Placement: Doesn't meet the criteria to be viable node. Heaviness: 6
2019-09-19 09:52:30,603 [grpc-default-executor-0] INFO  impl.RaftServerProxy (RaftServerProxy.java:addNew(89)) - 5fe28b99-5296-4882-8415-41e5835760cd: addNew group-D72DA24FE080:[5fe28b99-5296-4882-8415-41e5835760cd:192.168.34.5:35838] returns group-D72DA24FE080:java.util.concurrent.CompletableFuture@245935b4[Not completed]
2019-09-19 09:52:30,604 [pool-314-thread-1] INFO  impl.RaftServerImpl (RaftServerImpl.java:<init>(93)) - 5fe28b99-5296-4882-8415-41e5835760cd: new RaftServerImpl for group-D72DA24FE080:[5fe28b99-5296-4882-8415-41e5835760cd:192.168.34.5:35838] with ContainerStateMachine:uninitialized
2019-09-19 09:52:30,604 [pool-314-thread-1] INFO  server.RaftServerConfigKeys (ConfUtils.java:logGet(43)) - raft.server.rpc.timeout.min = 5s (custom)
2019-09-19 09:52:30,605 [pool-314-thread-1] INFO  server.RaftServerConfigKeys (ConfUtils.java:logGet(43)) - raft.server.rpc.timeout.max = 5200ms (custom)
2019-09-19 09:52:30,605 [pool-314-thread-1] INFO  server.RaftServerConfigKeys (ConfUtils.java:logGet(43)) - raft.server.rpcslowness.timeout = 120s (custom)
2019-09-19 09:52:30,605 [pool-314-thread-1] INFO  server.RaftServerConfigKeys (ConfUtils.java:logGet(43)) - raft.server.sleep.deviation.threshold = 300 (default)
2019-09-19 09:52:30,605 [pool-314-thread-1] INFO  server.RaftServerConfigKeys (ConfUtils.java:logGet(43)) - raft.server.log.appender.install.snapshot.enabled = false (custom)
2019-09-19 09:52:30,605 [pool-314-thread-1] INFO  impl.RaftServerImpl (ServerState.java:<init>(105)) - 5fe28b99-5296-4882-8415-41e5835760cd:group-D72DA24FE080 ConfigurationManager, init=-1: [5fe28b99-5296-4882-8415-41e5835760cd:192.168.34.5:35838], old=null, confs=<EMPTY_MAP>
2019-09-19 09:52:30,605 [pool-314-thread-1] INFO  server.RaftServerConfigKeys (ConfUtils.java:logGet(43)) - raft.server.storage.dir = [/workdir/hadoop-ozone/ozonefs/target/test-dir/MiniOzoneClusterImpl-1d4abb45-6296-491d-afb2-898852a5cf2e/datanode-2/data/ratis] (custom)
2019-09-19 09:52:30,605 [pool-314-thread-1] INFO  storage.RaftStorageDirectory (RaftStorageDirectory.java:analyzeStorage(246)) - The storage directory /workdir/hadoop-ozone/ozonefs/target/test-dir/MiniOzoneClusterImpl-1d4abb45-6296-491d-afb2-898852a5cf2e/datanode-2/data/ratis/59485a66-6f5c-45b3-a20d-d72da24fe080 does not exist. Creating ...
2019-09-19 09:52:30,618 [pool-314-thread-1] INFO  storage.RaftStorageDirectory (RaftStorageDirectory.java:tryLock(328)) - Lock on /workdir/hadoop-ozone/ozonefs/target/test-dir/MiniOzoneClusterImpl-1d4abb45-6296-491d-afb2-898852a5cf2e/datanode-2/data/ratis/59485a66-6f5c-45b3-a20d-d72da24fe080/in_use.lock acquired by nodename 9507@pr-hdds-1569-j4bt4-3030777008
2019-09-19 09:52:30,642 [pool-314-thread-1] INFO  storage.RaftStorage (RaftStorage.java:format(72)) - Storage directory /workdir/hadoop-ozone/ozonefs/target/test-dir/MiniOzoneClusterImpl-1d4abb45-6296-491d-afb2-898852a5cf2e/datanode-2/data/ratis/59485a66-6f5c-45b3-a20d-d72da24fe080 has been successfully formatted.
2019-09-19 09:52:30,643 [pool-314-thread-1] INFO  ratis.ContainerStateMachine (ContainerStateMachine.java:loadSnapshot(226)) - group-D72DA24FE080: The snapshot info is null. Setting the last applied indexto:(t:0, i:~)
2019-09-19 09:52:30,643 [pool-314-thread-1] INFO  server.RaftServerConfigKeys (ConfUtils.java:logGet(43)) - raft.server.leader.election.timeout = 120s (custom)
2019-09-19 09:52:30,643 [pool-314-thread-1] INFO  server.RaftServerConfigKeys (ConfUtils.java:logGet(43)) - raft.server.log.use.memory = false (default)
2019-09-19 09:52:30,643 [pool-314-thread-1] INFO  server.RaftServerConfigKeys (ConfUtils.java:logGet(43)) - raft.server.log.purge.gap = 1000000 (custom)
2019-09-19 09:52:30,643 [pool-314-thread-1] INFO  server.RaftServerConfigKeys (ConfUtils.java:logGet(43)) - raft.server.log.appender.buffer.byte-limit = 33554432 (custom)
2019-09-19 09:52:30,643 [pool-314-thread-1] INFO  server.RaftServerConfigKeys (ConfUtils.java:logGet(43)) - raft.server.log.segment.size.max = 1048576 (custom)
2019-09-19 09:52:30,643 [pool-314-thread-1] INFO  server.RaftServerConfigKeys (ConfUtils.java:logGet(43)) - raft.server.log.segment.cache.num.max = 2 (custom)
2019-09-19 09:52:30,643 [pool-314-thread-1] INFO  segmented.SegmentedRaftLogWorker (SegmentedRaftLogWorker.java:<init>(172)) - new 5fe28b99-5296-4882-8415-41e5835760cd-SegmentedRaftLogWorker:Storage Directory /workdir/hadoop-ozone/ozonefs/target/test-dir/MiniOzoneClusterImpl-1d4abb45-6296-491d-afb2-898852a5cf2e/datanode-2/data/ratis/59485a66-6f5c-45b3-a20d-d72da24fe080 for RaftStorage:Storage Directory /workdir/hadoop-ozone/ozonefs/target/test-dir/MiniOzoneClusterImpl-1d4abb45-6296-491d-afb2-898852a5cf2e/datanode-2/data/ratis/59485a66-6f5c-45b3-a20d-d72da24fe080
2019-09-19 09:52:30,643 [pool-314-thread-1] INFO  server.RaftServerConfigKeys (ConfUtils.java:logGet(43)) - raft.server.log.queue.byte-limit = 2147483647 (custom)
2019-09-19 09:52:30,644 [pool-314-thread-1] INFO  server.RaftServerConfigKeys (ConfUtils.java:logGet(43)) - raft.server.log.queue.element-limit = 1024 (custom)
2019-09-19 09:52:30,644 [pool-314-thread-1] INFO  server.RaftServerConfigKeys (ConfUtils.java:logGet(43)) - raft.server.log.segment.size.max = 1048576 (custom)
2019-09-19 09:52:30,644 [pool-314-thread-1] INFO  server.RaftServerConfigKeys (ConfUtils.java:logGet(43)) - raft.server.log.preallocated.size = 16384 (custom)
2019-09-19 09:52:30,644 [pool-314-thread-1] INFO  server.RaftServerConfigKeys (ConfUtils.java:logGet(43)) - raft.server.log.write.buffer.size = 33554432 (custom)
2019-09-19 09:52:30,644 [pool-314-thread-1] INFO  server.RaftServerConfigKeys (ConfUtils.java:logGet(43)) - raft.server.log.force.sync.num = 128 (default)
2019-09-19 09:52:30,644 [pool-314-thread-1] INFO  server.RaftServerConfigKeys (ConfUtils.java:logGet(43)) - raft.server.log.statemachine.data.sync = true (default)
2019-09-19 09:52:30,644 [pool-314-thread-1] INFO  server.RaftServerConfigKeys (ConfUtils.java:logGet(43)) - raft.server.log.statemachine.data.sync.timeout = 10s (default)
2019-09-19 09:52:30,644 [pool-314-thread-1] INFO  server.RaftServerConfigKeys (ConfUtils.java:logGet(43)) - raft.server.log.statemachine.data.sync.timeout.retry = -1 (default)
2019-09-19 09:52:30,644 [pool-314-thread-1] INFO  server.RaftServerConfigKeys (ConfUtils.java:logGet(43)) - raft.server.log.statemachine.data.caching.enabled = true (custom)
2019-09-19 09:52:30,645 [pool-314-thread-1] INFO  segmented.SegmentedRaftLogWorker (SegmentedRaftLogWorker.java:lambda$new$0(132)) - 5fe28b99-5296-4882-8415-41e5835760cd-SegmentedRaftLogWorker:Storage Directory /workdir/hadoop-ozone/ozonefs/target/test-dir/MiniOzoneClusterImpl-1d4abb45-6296-491d-afb2-898852a5cf2e/datanode-2/data/ratis/59485a66-6f5c-45b3-a20d-d72da24fe080: flushIndex: setUnconditionally 0 -> -1
2019-09-19 09:52:30,645 [pool-314-thread-1] INFO  server.RaftServerConfigKeys (ConfUtils.java:logGet(43)) - raft.server.snapshot.auto.trigger.enabled = true (custom)
2019-09-19 09:52:30,645 [pool-314-thread-1] INFO  server.RaftServerConfigKeys (ConfUtils.java:logGet(43)) - raft.server.snapshot.auto.trigger.threshold = 10000 (custom)
2019-09-19 09:52:30,645 [pool-314-thread-1] INFO  server.RaftServerConfigKeys (ConfUtils.java:logGet(43)) - raft.server.retrycache.expirytime = 600000ms (custom)
2019-09-19 09:52:30,645 [pool-314-thread-1] INFO  impl.RaftServerImpl (RaftServerImpl.java:start(180)) - 5fe28b99-5296-4882-8415-41e5835760cd: start group-D72DA24FE080
2019-09-19 09:52:30,645 [pool-314-thread-1] INFO  impl.RaftServerImpl (RaftServerImpl.java:setRole(171)) - 5fe28b99-5296-4882-8415-41e5835760cd:group-D72DA24FE080 changes role from null to FOLLOWER at term 0 for startAsFollower
2019-09-19 09:52:30,645 [pool-314-thread-1] INFO  impl.RoleInfo (RoleInfo.java:updateAndGet(143)) - 5fe28b99-5296-4882-8415-41e5835760cd: start FollowerState
2019-09-19 09:52:30,646 [pool-314-thread-1] INFO  util.JmxRegister (JmxRegister.java:tryRegister(44)) - Successfully registered JMX Bean with object name Ratis:service=RaftServer,group=group-D72DA24FE080,id=5fe28b99-5296-4882-8415-41e5835760cd
2019-09-19 09:52:30,649 [RatisPipelineUtilsThread] INFO  pipeline.PipelineStateManager (PipelineStateManager.java:addPipeline(56)) - Created pipeline Pipeline[ Id: 59485a66-6f5c-45b3-a20d-d72da24fe080, Nodes: 5fe28b99-5296-4882-8415-41e5835760cd{ip: 192.168.34.5, host: pr-hdds-1569-j4bt4-3030777008, networkLocation: /default-rack, certSerialId: null}, Type:RATIS, Factor:ONE, State:OPEN]
2019-09-19 09:52:30,649 [RatisPipelineUtilsThread] ERROR pipeline.PipelinePlacementPolicy (PipelinePlacementPolicy.java:meetCriteria(91)) - Pipeline Placement: Doesn't meet the criteria to be viable node. Heaviness: 6
2019-09-19 09:52:30,649 [RatisPipelineUtilsThread] ERROR pipeline.PipelinePlacementPolicy (PipelinePlacementPolicy.java:meetCriteria(91)) - Pipeline Placement: Doesn't meet the criteria to be viable node. Heaviness: 6
2019-09-19 09:52:30,655 [grpc-default-executor-0] INFO  impl.RaftServerProxy (RaftServerProxy.java:addNew(89)) - 5fe28b99-5296-4882-8415-41e5835760cd: addNew group-8A91A5B6709E:[5fe28b99-5296-4882-8415-41e5835760cd:192.168.34.5:35838] returns group-8A91A5B6709E:java.util.concurrent.CompletableFuture@149cdb7d[Not completed]
2019-09-19 09:52:30,656 [pool-314-thread-1] INFO  impl.RaftServerImpl (RaftServerImpl.java:<init>(93)) - 5fe28b99-5296-4882-8415-41e5835760cd: new RaftServerImpl for group-8A91A5B6709E:[5fe28b99-5296-4882-8415-41e5835760cd:192.168.34.5:35838] with ContainerStateMachine:uninitialized
2019-09-19 09:52:30,656 [pool-314-thread-1] INFO  server.RaftServerConfigKeys (ConfUtils.java:logGet(43)) - raft.server.rpc.timeout.min = 5s (custom)
2019-09-19 09:52:30,656 [pool-314-thread-1] INFO  server.RaftServerConfigKeys (ConfUtils.java:logGet(43)) - raft.server.rpc.timeout.max = 5200ms (custom)
2019-09-19 09:52:30,656 [pool-314-thread-1] INFO  server.RaftServerConfigKeys (ConfUtils.java:logGet(43)) - raft.server.rpcslowness.timeout = 120s (custom)
2019-09-19 09:52:30,656 [pool-314-thread-1] INFO  server.RaftServerConfigKeys (ConfUtils.java:logGet(43)) - raft.server.sleep.deviation.threshold = 300 (default)
2019-09-19 09:52:30,656 [pool-314-thread-1] INFO  server.RaftServerConfigKeys (ConfUtils.java:logGet(43)) - raft.server.log.appender.install.snapshot.enabled = false (custom)
2019-09-19 09:52:30,656 [pool-314-thread-1] INFO  impl.RaftServerImpl (ServerState.java:<init>(105)) - 5fe28b99-5296-4882-8415-41e5835760cd:group-8A91A5B6709E ConfigurationManager, init=-1: [5fe28b99-5296-4882-8415-41e5835760cd:192.168.34.5:35838], old=null, confs=<EMPTY_MAP>
2019-09-19 09:52:30,657 [pool-314-thread-1] INFO  server.RaftServerConfigKeys (ConfUtils.java:logGet(43)) - raft.server.storage.dir = [/workdir/hadoop-ozone/ozonefs/target/test-dir/MiniOzoneClusterImpl-1d4abb45-6296-491d-afb2-898852a5cf2e/datanode-2/data/ratis] (custom)
2019-09-19 09:52:30,657 [pool-314-thread-1] INFO  storage.RaftStorageDirectory (RaftStorageDirectory.java:analyzeStorage(246)) - The storage directory /workdir/hadoop-ozone/ozonefs/target/test-dir/MiniOzoneClusterImpl-1d4abb45-6296-491d-afb2-898852a5cf2e/datanode-2/data/ratis/b2122659-29cd-4ccc-a6e0-8a91a5b6709e does not exist. Creating ...
2019-09-19 09:52:30,680 [pool-314-thread-1] INFO  storage.RaftStorageDirectory (RaftStorageDirectory.java:tryLock(328)) - Lock on /workdir/hadoop-ozone/ozonefs/target/test-dir/MiniOzoneClusterImpl-1d4abb45-6296-491d-afb2-898852a5cf2e/datanode-2/data/ratis/b2122659-29cd-4ccc-a6e0-8a91a5b6709e/in_use.lock acquired by nodename 9507@pr-hdds-1569-j4bt4-3030777008
2019-09-19 09:52:30,701 [pool-314-thread-1] INFO  storage.RaftStorage (RaftStorage.java:format(72)) - Storage directory /workdir/hadoop-ozone/ozonefs/target/test-dir/MiniOzoneClusterImpl-1d4abb45-6296-491d-afb2-898852a5cf2e/datanode-2/data/ratis/b2122659-29cd-4ccc-a6e0-8a91a5b6709e has been successfully formatted.
2019-09-19 09:52:30,701 [pool-314-thread-1] INFO  ratis.ContainerStateMachine (ContainerStateMachine.java:loadSnapshot(226)) - group-8A91A5B6709E: The snapshot info is null. Setting the last applied indexto:(t:0, i:~)
2019-09-19 09:52:30,701 [pool-314-thread-1] INFO  server.RaftServerConfigKeys (ConfUtils.java:logGet(43)) - raft.server.leader.election.timeout = 120s (custom)
2019-09-19 09:52:30,701 [pool-314-thread-1] INFO  server.RaftServerConfigKeys (ConfUtils.java:logGet(43)) - raft.server.log.use.memory = false (default)
2019-09-19 09:52:30,702 [pool-314-thread-1] INFO  server.RaftServerConfigKeys (ConfUtils.java:logGet(43)) - raft.server.log.purge.gap = 1000000 (custom)
2019-09-19 09:52:30,702 [pool-314-thread-1] INFO  server.RaftServerConfigKeys (ConfUtils.java:logGet(43)) - raft.server.log.appender.buffer.byte-limit = 33554432 (custom)
2019-09-19 09:52:30,702 [pool-314-thread-1] INFO  server.RaftServerConfigKeys (ConfUtils.java:logGet(43)) - raft.server.log.segment.size.max = 1048576 (custom)
2019-09-19 09:52:30,702 [pool-314-thread-1] INFO  server.RaftServerConfigKeys (ConfUtils.java:logGet(43)) - raft.server.log.segment.cache.num.max = 2 (custom)
2019-09-19 09:52:30,702 [pool-314-thread-1] INFO  segmented.SegmentedRaftLogWorker (SegmentedRaftLogWorker.java:<init>(172)) - new 5fe28b99-5296-4882-8415-41e5835760cd-SegmentedRaftLogWorker:Storage Directory /workdir/hadoop-ozone/ozonefs/target/test-dir/MiniOzoneClusterImpl-1d4abb45-6296-491d-afb2-898852a5cf2e/datanode-2/data/ratis/b2122659-29cd-4ccc-a6e0-8a91a5b6709e for RaftStorage:Storage Directory /workdir/hadoop-ozone/ozonefs/target/test-dir/MiniOzoneClusterImpl-1d4abb45-6296-491d-afb2-898852a5cf2e/datanode-2/data/ratis/b2122659-29cd-4ccc-a6e0-8a91a5b6709e
2019-09-19 09:52:30,702 [pool-314-thread-1] INFO  server.RaftServerConfigKeys (ConfUtils.java:logGet(43)) - raft.server.log.queue.byte-limit = 2147483647 (custom)
2019-09-19 09:52:30,702 [pool-314-thread-1] INFO  server.RaftServerConfigKeys (ConfUtils.java:logGet(43)) - raft.server.log.queue.element-limit = 1024 (custom)
2019-09-19 09:52:30,702 [pool-314-thread-1] INFO  server.RaftServerConfigKeys (ConfUtils.java:logGet(43)) - raft.server.log.segment.size.max = 1048576 (custom)
2019-09-19 09:52:30,702 [pool-314-thread-1] INFO  server.RaftServerConfigKeys (ConfUtils.java:logGet(43)) - raft.server.log.preallocated.size = 16384 (custom)
2019-09-19 09:52:30,703 [pool-314-thread-1] INFO  server.RaftServerConfigKeys (ConfUtils.java:logGet(43)) - raft.server.log.write.buffer.size = 33554432 (custom)
2019-09-19 09:52:30,703 [pool-314-thread-1] INFO  server.RaftServerConfigKeys (ConfUtils.java:logGet(43)) - raft.server.log.force.sync.num = 128 (default)
2019-09-19 09:52:30,703 [pool-314-thread-1] INFO  server.RaftServerConfigKeys (ConfUtils.java:logGet(43)) - raft.server.log.statemachine.data.sync = true (default)
2019-09-19 09:52:30,703 [pool-314-thread-1] INFO  server.RaftServerConfigKeys (ConfUtils.java:logGet(43)) - raft.server.log.statemachine.data.sync.timeout = 10s (default)
2019-09-19 09:52:30,703 [pool-314-thread-1] INFO  server.RaftServerConfigKeys (ConfUtils.java:logGet(43)) - raft.server.log.statemachine.data.sync.timeout.retry = -1 (default)
2019-09-19 09:52:30,703 [pool-314-thread-1] INFO  server.RaftServerConfigKeys (ConfUtils.java:logGet(43)) - raft.server.log.statemachine.data.caching.enabled = true (custom)
2019-09-19 09:52:30,704 [pool-314-thread-1] INFO  segmented.SegmentedRaftLogWorker (SegmentedRaftLogWorker.java:lambda$new$0(132)) - 5fe28b99-5296-4882-8415-41e5835760cd-SegmentedRaftLogWorker:Storage Directory /workdir/hadoop-ozone/ozonefs/target/test-dir/MiniOzoneClusterImpl-1d4abb45-6296-491d-afb2-898852a5cf2e/datanode-2/data/ratis/b2122659-29cd-4ccc-a6e0-8a91a5b6709e: flushIndex: setUnconditionally 0 -> -1
2019-09-19 09:52:30,704 [pool-314-thread-1] INFO  server.RaftServerConfigKeys (ConfUtils.java:logGet(43)) - raft.server.snapshot.auto.trigger.enabled = true (custom)
2019-09-19 09:52:30,704 [pool-314-thread-1] INFO  server.RaftServerConfigKeys (ConfUtils.java:logGet(43)) - raft.server.snapshot.auto.trigger.threshold = 10000 (custom)
2019-09-19 09:52:30,704 [pool-314-thread-1] INFO  server.RaftServerConfigKeys (ConfUtils.java:logGet(43)) - raft.server.retrycache.expirytime = 600000ms (custom)
2019-09-19 09:52:30,704 [pool-314-thread-1] INFO  impl.RaftServerImpl (RaftServerImpl.java:start(180)) - 5fe28b99-5296-4882-8415-41e5835760cd: start group-8A91A5B6709E
2019-09-19 09:52:30,704 [pool-314-thread-1] INFO  impl.RaftServerImpl (RaftServerImpl.java:setRole(171)) - 5fe28b99-5296-4882-8415-41e5835760cd:group-8A91A5B6709E changes role from null to FOLLOWER at term 0 for startAsFollower
2019-09-19 09:52:30,704 [pool-314-thread-1] INFO  impl.RoleInfo (RoleInfo.java:updateAndGet(143)) - 5fe28b99-5296-4882-8415-41e5835760cd: start FollowerState
2019-09-19 09:52:30,705 [pool-314-thread-1] INFO  util.JmxRegister (JmxRegister.java:tryRegister(44)) - Successfully registered JMX Bean with object name Ratis:service=RaftServer,group=group-8A91A5B6709E,id=5fe28b99-5296-4882-8415-41e5835760cd
2019-09-19 09:52:30,708 [RatisPipelineUtilsThread] INFO  pipeline.PipelineStateManager (PipelineStateManager.java:addPipeline(56)) - Created pipeline Pipeline[ Id: b2122659-29cd-4ccc-a6e0-8a91a5b6709e, Nodes: 5fe28b99-5296-4882-8415-41e5835760cd{ip: 192.168.34.5, host: pr-hdds-1569-j4bt4-3030777008, networkLocation: /default-rack, certSerialId: null}, Type:RATIS, Factor:ONE, State:OPEN]
2019-09-19 09:52:30,708 [RatisPipelineUtilsThread] ERROR pipeline.PipelinePlacementPolicy (PipelinePlacementPolicy.java:meetCriteria(91)) - Pipeline Placement: Doesn't meet the criteria to be viable node. Heaviness: 6
2019-09-19 09:52:30,709 [RatisPipelineUtilsThread] ERROR pipeline.PipelinePlacementPolicy (PipelinePlacementPolicy.java:meetCriteria(91)) - Pipeline Placement: Doesn't meet the criteria to be viable node. Heaviness: 6
2019-09-19 09:52:30,714 [grpc-default-executor-0] INFO  impl.RaftServerProxy (RaftServerProxy.java:addNew(89)) - 5fe28b99-5296-4882-8415-41e5835760cd: addNew group-003BAC2F9E99:[5fe28b99-5296-4882-8415-41e5835760cd:192.168.34.5:35838] returns group-003BAC2F9E99:java.util.concurrent.CompletableFuture@62869a98[Not completed]
2019-09-19 09:52:30,716 [pool-314-thread-1] INFO  impl.RaftServerImpl (RaftServerImpl.java:<init>(93)) - 5fe28b99-5296-4882-8415-41e5835760cd: new RaftServerImpl for group-003BAC2F9E99:[5fe28b99-5296-4882-8415-41e5835760cd:192.168.34.5:35838] with ContainerStateMachine:uninitialized
2019-09-19 09:52:30,716 [pool-314-thread-1] INFO  server.RaftServerConfigKeys (ConfUtils.java:logGet(43)) - raft.server.rpc.timeout.min = 5s (custom)
2019-09-19 09:52:30,716 [pool-314-thread-1] INFO  server.RaftServerConfigKeys (ConfUtils.java:logGet(43)) - raft.server.rpc.timeout.max = 5200ms (custom)
2019-09-19 09:52:30,716 [pool-314-thread-1] INFO  server.RaftServerConfigKeys (ConfUtils.java:logGet(43)) - raft.server.rpcslowness.timeout = 120s (custom)
2019-09-19 09:52:30,716 [pool-314-thread-1] INFO  server.RaftServerConfigKeys (ConfUtils.java:logGet(43)) - raft.server.sleep.deviation.threshold = 300 (default)
2019-09-19 09:52:30,716 [pool-314-thread-1] INFO  server.RaftServerConfigKeys (ConfUtils.java:logGet(43)) - raft.server.log.appender.install.snapshot.enabled = false (custom)
2019-09-19 09:52:30,716 [pool-314-thread-1] INFO  impl.RaftServerImpl (ServerState.java:<init>(105)) - 5fe28b99-5296-4882-8415-41e5835760cd:group-003BAC2F9E99 ConfigurationManager, init=-1: [5fe28b99-5296-4882-8415-41e5835760cd:192.168.34.5:35838], old=null, confs=<EMPTY_MAP>
2019-09-19 09:52:30,716 [pool-314-thread-1] INFO  server.RaftServerConfigKeys (ConfUtils.java:logGet(43)) - raft.server.storage.dir = [/workdir/hadoop-ozone/ozonefs/target/test-dir/MiniOzoneClusterImpl-1d4abb45-6296-491d-afb2-898852a5cf2e/datanode-2/data/ratis] (custom)
2019-09-19 09:52:30,717 [pool-314-thread-1] INFO  storage.RaftStorageDirectory (RaftStorageDirectory.java:analyzeStorage(246)) - The storage directory /workdir/hadoop-ozone/ozonefs/target/test-dir/MiniOzoneClusterImpl-1d4abb45-6296-491d-afb2-898852a5cf2e/datanode-2/data/ratis/cb4239c8-71da-43b7-88ae-003bac2f9e99 does not exist. Creating ...
2019-09-19 09:52:30,741 [pool-314-thread-1] INFO  storage.RaftStorageDirectory (RaftStorageDirectory.java:tryLock(328)) - Lock on /workdir/hadoop-ozone/ozonefs/target/test-dir/MiniOzoneClusterImpl-1d4abb45-6296-491d-afb2-898852a5cf2e/datanode-2/data/ratis/cb4239c8-71da-43b7-88ae-003bac2f9e99/in_use.lock acquired by nodename 9507@pr-hdds-1569-j4bt4-3030777008
2019-09-19 09:52:30,754 [pool-314-thread-1] INFO  storage.RaftStorage (RaftStorage.java:format(72)) - Storage directory /workdir/hadoop-ozone/ozonefs/target/test-dir/MiniOzoneClusterImpl-1d4abb45-6296-491d-afb2-898852a5cf2e/datanode-2/data/ratis/cb4239c8-71da-43b7-88ae-003bac2f9e99 has been successfully formatted.
2019-09-19 09:52:30,755 [pool-314-thread-1] INFO  ratis.ContainerStateMachine (ContainerStateMachine.java:loadSnapshot(226)) - group-003BAC2F9E99: The snapshot info is null. Setting the last applied indexto:(t:0, i:~)
2019-09-19 09:52:30,755 [pool-314-thread-1] INFO  server.RaftServerConfigKeys (ConfUtils.java:logGet(43)) - raft.server.leader.election.timeout = 120s (custom)
2019-09-19 09:52:30,755 [pool-314-thread-1] INFO  server.RaftServerConfigKeys (ConfUtils.java:logGet(43)) - raft.server.log.use.memory = false (default)
2019-09-19 09:52:30,755 [pool-314-thread-1] INFO  server.RaftServerConfigKeys (ConfUtils.java:logGet(43)) - raft.server.log.purge.gap = 1000000 (custom)
2019-09-19 09:52:30,755 [pool-314-thread-1] INFO  server.RaftServerConfigKeys (ConfUtils.java:logGet(43)) - raft.server.log.appender.buffer.byte-limit = 33554432 (custom)
2019-09-19 09:52:30,755 [pool-314-thread-1] INFO  server.RaftServerConfigKeys (ConfUtils.java:logGet(43)) - raft.server.log.segment.size.max = 1048576 (custom)
2019-09-19 09:52:30,755 [pool-314-thread-1] INFO  server.RaftServerConfigKeys (ConfUtils.java:logGet(43)) - raft.server.log.segment.cache.num.max = 2 (custom)
2019-09-19 09:52:30,756 [pool-314-thread-1] INFO  segmented.SegmentedRaftLogWorker (SegmentedRaftLogWorker.java:<init>(172)) - new 5fe28b99-5296-4882-8415-41e5835760cd-SegmentedRaftLogWorker:Storage Directory /workdir/hadoop-ozone/ozonefs/target/test-dir/MiniOzoneClusterImpl-1d4abb45-6296-491d-afb2-898852a5cf2e/datanode-2/data/ratis/cb4239c8-71da-43b7-88ae-003bac2f9e99 for RaftStorage:Storage Directory /workdir/hadoop-ozone/ozonefs/target/test-dir/MiniOzoneClusterImpl-1d4abb45-6296-491d-afb2-898852a5cf2e/datanode-2/data/ratis/cb4239c8-71da-43b7-88ae-003bac2f9e99
2019-09-19 09:52:30,756 [pool-314-thread-1] INFO  server.RaftServerConfigKeys (ConfUtils.java:logGet(43)) - raft.server.log.queue.byte-limit = 2147483647 (custom)
2019-09-19 09:52:30,756 [pool-314-thread-1] INFO  server.RaftServerConfigKeys (ConfUtils.java:logGet(43)) - raft.server.log.queue.element-limit = 1024 (custom)
2019-09-19 09:52:30,756 [pool-314-thread-1] INFO  server.RaftServerConfigKeys (ConfUtils.java:logGet(43)) - raft.server.log.segment.size.max = 1048576 (custom)
2019-09-19 09:52:30,756 [pool-314-thread-1] INFO  server.RaftServerConfigKeys (ConfUtils.java:logGet(43)) - raft.server.log.preallocated.size = 16384 (custom)
2019-09-19 09:52:30,756 [pool-314-thread-1] INFO  server.RaftServerConfigKeys (ConfUtils.java:logGet(43)) - raft.server.log.write.buffer.size = 33554432 (custom)
2019-09-19 09:52:30,756 [pool-314-thread-1] INFO  server.RaftServerConfigKeys (ConfUtils.java:logGet(43)) - raft.server.log.force.sync.num = 128 (default)
2019-09-19 09:52:30,757 [pool-314-thread-1] INFO  server.RaftServerConfigKeys (ConfUtils.java:logGet(43)) - raft.server.log.statemachine.data.sync = true (default)
2019-09-19 09:52:30,757 [pool-314-thread-1] INFO  server.RaftServerConfigKeys (ConfUtils.java:logGet(43)) - raft.server.log.statemachine.data.sync.timeout = 10s (default)
2019-09-19 09:52:30,757 [pool-314-thread-1] INFO  server.RaftServerConfigKeys (ConfUtils.java:logGet(43)) - raft.server.log.statemachine.data.sync.timeout.retry = -1 (default)
2019-09-19 09:52:30,757 [pool-314-thread-1] INFO  server.RaftServerConfigKeys (ConfUtils.java:logGet(43)) - raft.server.log.statemachine.data.caching.enabled = true (custom)
2019-09-19 09:52:30,757 [pool-314-thread-1] INFO  segmented.SegmentedRaftLogWorker (SegmentedRaftLogWorker.java:lambda$new$0(132)) - 5fe28b99-5296-4882-8415-41e5835760cd-SegmentedRaftLogWorker:Storage Directory /workdir/hadoop-ozone/ozonefs/target/test-dir/MiniOzoneClusterImpl-1d4abb45-6296-491d-afb2-898852a5cf2e/datanode-2/data/ratis/cb4239c8-71da-43b7-88ae-003bac2f9e99: flushIndex: setUnconditionally 0 -> -1
2019-09-19 09:52:30,758 [pool-314-thread-1] INFO  server.RaftServerConfigKeys (ConfUtils.java:logGet(43)) - raft.server.snapshot.auto.trigger.enabled = true (custom)
2019-09-19 09:52:30,758 [pool-314-thread-1] INFO  server.RaftServerConfigKeys (ConfUtils.java:logGet(43)) - raft.server.snapshot.auto.trigger.threshold = 10000 (custom)
2019-09-19 09:52:30,758 [pool-314-thread-1] INFO  server.RaftServerConfigKeys (ConfUtils.java:logGet(43)) - raft.server.retrycache.expirytime = 600000ms (custom)
2019-09-19 09:52:30,758 [pool-314-thread-1] INFO  impl.RaftServerImpl (RaftServerImpl.java:start(180)) - 5fe28b99-5296-4882-8415-41e5835760cd: start group-003BAC2F9E99
2019-09-19 09:52:30,758 [pool-314-thread-1] INFO  impl.RaftServerImpl (RaftServerImpl.java:setRole(171)) - 5fe28b99-5296-4882-8415-41e5835760cd:group-003BAC2F9E99 changes role from null to FOLLOWER at term 0 for startAsFollower
2019-09-19 09:52:30,759 [pool-314-thread-1] INFO  impl.RoleInfo (RoleInfo.java:updateAndGet(143)) - 5fe28b99-5296-4882-8415-41e5835760cd: start FollowerState
2019-09-19 09:52:30,759 [pool-314-thread-1] INFO  util.JmxRegister (JmxRegister.java:tryRegister(44)) - Successfully registered JMX Bean with object name Ratis:service=RaftServer,group=group-003BAC2F9E99,id=5fe28b99-5296-4882-8415-41e5835760cd
2019-09-19 09:52:30,762 [RatisPipelineUtilsThread] INFO  pipeline.PipelineStateManager (PipelineStateManager.java:addPipeline(56)) - Created pipeline Pipeline[ Id: cb4239c8-71da-43b7-88ae-003bac2f9e99, Nodes: 5fe28b99-5296-4882-8415-41e5835760cd{ip: 192.168.34.5, host: pr-hdds-1569-j4bt4-3030777008, networkLocation: /default-rack, certSerialId: null}, Type:RATIS, Factor:ONE, State:OPEN]
2019-09-19 09:52:30,762 [RatisPipelineUtilsThread] ERROR pipeline.PipelinePlacementPolicy (PipelinePlacementPolicy.java:meetCriteria(91)) - Pipeline Placement: Doesn't meet the criteria to be viable node. Heaviness: 6
2019-09-19 09:52:30,762 [RatisPipelineUtilsThread] ERROR pipeline.PipelinePlacementPolicy (PipelinePlacementPolicy.java:meetCriteria(91)) - Pipeline Placement: Doesn't meet the criteria to be viable node. Heaviness: 6
2019-09-19 09:52:30,768 [grpc-default-executor-0] INFO  impl.RaftServerProxy (RaftServerProxy.java:addNew(89)) - 5fe28b99-5296-4882-8415-41e5835760cd: addNew group-820F100452EC:[5fe28b99-5296-4882-8415-41e5835760cd:192.168.34.5:35838] returns group-820F100452EC:java.util.concurrent.CompletableFuture@22144a0c[Not completed]
2019-09-19 09:52:30,769 [pool-314-thread-1] INFO  impl.RaftServerImpl (RaftServerImpl.java:<init>(93)) - 5fe28b99-5296-4882-8415-41e5835760cd: new RaftServerImpl for group-820F100452EC:[5fe28b99-5296-4882-8415-41e5835760cd:192.168.34.5:35838] with ContainerStateMachine:uninitialized
2019-09-19 09:52:30,769 [pool-314-thread-1] INFO  server.RaftServerConfigKeys (ConfUtils.java:logGet(43)) - raft.server.rpc.timeout.min = 5s (custom)
2019-09-19 09:52:30,769 [pool-314-thread-1] INFO  server.RaftServerConfigKeys (ConfUtils.java:logGet(43)) - raft.server.rpc.timeout.max = 5200ms (custom)
2019-09-19 09:52:30,770 [pool-314-thread-1] INFO  server.RaftServerConfigKeys (ConfUtils.java:logGet(43)) - raft.server.rpcslowness.timeout = 120s (custom)
2019-09-19 09:52:30,770 [pool-314-thread-1] INFO  server.RaftServerConfigKeys (ConfUtils.java:logGet(43)) - raft.server.sleep.deviation.threshold = 300 (default)
2019-09-19 09:52:30,770 [pool-314-thread-1] INFO  server.RaftServerConfigKeys (ConfUtils.java:logGet(43)) - raft.server.log.appender.install.snapshot.enabled = false (custom)
2019-09-19 09:52:30,770 [pool-314-thread-1] INFO  impl.RaftServerImpl (ServerState.java:<init>(105)) - 5fe28b99-5296-4882-8415-41e5835760cd:group-820F100452EC ConfigurationManager, init=-1: [5fe28b99-5296-4882-8415-41e5835760cd:192.168.34.5:35838], old=null, confs=<EMPTY_MAP>
2019-09-19 09:52:30,770 [pool-314-thread-1] INFO  server.RaftServerConfigKeys (ConfUtils.java:logGet(43)) - raft.server.storage.dir = [/workdir/hadoop-ozone/ozonefs/target/test-dir/MiniOzoneClusterImpl-1d4abb45-6296-491d-afb2-898852a5cf2e/datanode-2/data/ratis] (custom)
2019-09-19 09:52:30,771 [pool-314-thread-1] INFO  storage.RaftStorageDirectory (RaftStorageDirectory.java:analyzeStorage(246)) - The storage directory /workdir/hadoop-ozone/ozonefs/target/test-dir/MiniOzoneClusterImpl-1d4abb45-6296-491d-afb2-898852a5cf2e/datanode-2/data/ratis/a3ede47e-702a-49cd-a72b-820f100452ec does not exist. Creating ...
2019-09-19 09:52:30,783 [pool-314-thread-1] INFO  storage.RaftStorageDirectory (RaftStorageDirectory.java:tryLock(328)) - Lock on /workdir/hadoop-ozone/ozonefs/target/test-dir/MiniOzoneClusterImpl-1d4abb45-6296-491d-afb2-898852a5cf2e/datanode-2/data/ratis/a3ede47e-702a-49cd-a72b-820f100452ec/in_use.lock acquired by nodename 9507@pr-hdds-1569-j4bt4-3030777008
2019-09-19 09:52:30,796 [pool-314-thread-1] INFO  storage.RaftStorage (RaftStorage.java:format(72)) - Storage directory /workdir/hadoop-ozone/ozonefs/target/test-dir/MiniOzoneClusterImpl-1d4abb45-6296-491d-afb2-898852a5cf2e/datanode-2/data/ratis/a3ede47e-702a-49cd-a72b-820f100452ec has been successfully formatted.
2019-09-19 09:52:30,796 [pool-314-thread-1] INFO  ratis.ContainerStateMachine (ContainerStateMachine.java:loadSnapshot(226)) - group-820F100452EC: The snapshot info is null. Setting the last applied indexto:(t:0, i:~)
2019-09-19 09:52:30,796 [pool-314-thread-1] INFO  server.RaftServerConfigKeys (ConfUtils.java:logGet(43)) - raft.server.leader.election.timeout = 120s (custom)
2019-09-19 09:52:30,796 [pool-314-thread-1] INFO  server.RaftServerConfigKeys (ConfUtils.java:logGet(43)) - raft.server.log.use.memory = false (default)
2019-09-19 09:52:30,796 [pool-314-thread-1] INFO  server.RaftServerConfigKeys (ConfUtils.java:logGet(43)) - raft.server.log.purge.gap = 1000000 (custom)
2019-09-19 09:52:30,797 [pool-314-thread-1] INFO  server.RaftServerConfigKeys (ConfUtils.java:logGet(43)) - raft.server.log.appender.buffer.byte-limit = 33554432 (custom)
2019-09-19 09:52:30,797 [pool-314-thread-1] INFO  server.RaftServerConfigKeys (ConfUtils.java:logGet(43)) - raft.server.log.segment.size.max = 1048576 (custom)
2019-09-19 09:52:30,797 [pool-314-thread-1] INFO  server.RaftServerConfigKeys (ConfUtils.java:logGet(43)) - raft.server.log.segment.cache.num.max = 2 (custom)
2019-09-19 09:52:30,797 [pool-314-thread-1] INFO  segmented.SegmentedRaftLogWorker (SegmentedRaftLogWorker.java:<init>(172)) - new 5fe28b99-5296-4882-8415-41e5835760cd-SegmentedRaftLogWorker:Storage Directory /workdir/hadoop-ozone/ozonefs/target/test-dir/MiniOzoneClusterImpl-1d4abb45-6296-491d-afb2-898852a5cf2e/datanode-2/data/ratis/a3ede47e-702a-49cd-a72b-820f100452ec for RaftStorage:Storage Directory /workdir/hadoop-ozone/ozonefs/target/test-dir/MiniOzoneClusterImpl-1d4abb45-6296-491d-afb2-898852a5cf2e/datanode-2/data/ratis/a3ede47e-702a-49cd-a72b-820f100452ec
2019-09-19 09:52:30,797 [pool-314-thread-1] INFO  server.RaftServerConfigKeys (ConfUtils.java:logGet(43)) - raft.server.log.queue.byte-limit = 2147483647 (custom)
2019-09-19 09:52:30,797 [pool-314-thread-1] INFO  server.RaftServerConfigKeys (ConfUtils.java:logGet(43)) - raft.server.log.queue.element-limit = 1024 (custom)
2019-09-19 09:52:30,797 [pool-314-thread-1] INFO  server.RaftServerConfigKeys (ConfUtils.java:logGet(43)) - raft.server.log.segment.size.max = 1048576 (custom)
2019-09-19 09:52:30,798 [pool-314-thread-1] INFO  server.RaftServerConfigKeys (ConfUtils.java:logGet(43)) - raft.server.log.preallocated.size = 16384 (custom)
2019-09-19 09:52:30,798 [pool-314-thread-1] INFO  server.RaftServerConfigKeys (ConfUtils.java:logGet(43)) - raft.server.log.write.buffer.size = 33554432 (custom)
2019-09-19 09:52:30,798 [pool-314-thread-1] INFO  server.RaftServerConfigKeys (ConfUtils.java:logGet(43)) - raft.server.log.force.sync.num = 128 (default)
2019-09-19 09:52:30,798 [pool-314-thread-1] INFO  server.RaftServerConfigKeys (ConfUtils.java:logGet(43)) - raft.server.log.statemachine.data.sync = true (default)
2019-09-19 09:52:30,798 [pool-314-thread-1] INFO  server.RaftServerConfigKeys (ConfUtils.java:logGet(43)) - raft.server.log.statemachine.data.sync.timeout = 10s (default)
2019-09-19 09:52:30,798 [pool-314-thread-1] INFO  server.RaftServerConfigKeys (ConfUtils.java:logGet(43)) - raft.server.log.statemachine.data.sync.timeout.retry = -1 (default)
2019-09-19 09:52:30,798 [pool-314-thread-1] INFO  server.RaftServerConfigKeys (ConfUtils.java:logGet(43)) - raft.server.log.statemachine.data.caching.enabled = true (custom)
2019-09-19 09:52:30,799 [pool-314-thread-1] INFO  segmented.SegmentedRaftLogWorker (SegmentedRaftLogWorker.java:lambda$new$0(132)) - 5fe28b99-5296-4882-8415-41e5835760cd-SegmentedRaftLogWorker:Storage Directory /workdir/hadoop-ozone/ozonefs/target/test-dir/MiniOzoneClusterImpl-1d4abb45-6296-491d-afb2-898852a5cf2e/datanode-2/data/ratis/a3ede47e-702a-49cd-a72b-820f100452ec: flushIndex: setUnconditionally 0 -> -1
2019-09-19 09:52:30,799 [pool-314-thread-1] INFO  server.RaftServerConfigKeys (ConfUtils.java:logGet(43)) - raft.server.snapshot.auto.trigger.enabled = true (custom)
2019-09-19 09:52:30,799 [pool-314-thread-1] INFO  server.RaftServerConfigKeys (ConfUtils.java:logGet(43)) - raft.server.snapshot.auto.trigger.threshold = 10000 (custom)
2019-09-19 09:52:30,799 [pool-314-thread-1] INFO  server.RaftServerConfigKeys (ConfUtils.java:logGet(43)) - raft.server.retrycache.expirytime = 600000ms (custom)
2019-09-19 09:52:30,800 [pool-314-thread-1] INFO  impl.RaftServerImpl (RaftServerImpl.java:start(180)) - 5fe28b99-5296-4882-8415-41e5835760cd: start group-820F100452EC
2019-09-19 09:52:30,800 [pool-314-thread-1] INFO  impl.RaftServerImpl (RaftServerImpl.java:setRole(171)) - 5fe28b99-5296-4882-8415-41e5835760cd:group-820F100452EC changes role from null to FOLLOWER at term 0 for startAsFollower
2019-09-19 09:52:30,800 [pool-314-thread-1] INFO  impl.RoleInfo (RoleInfo.java:updateAndGet(143)) - 5fe28b99-5296-4882-8415-41e5835760cd: start FollowerState
2019-09-19 09:52:30,800 [pool-314-thread-1] INFO  util.JmxRegister (JmxRegister.java:tryRegister(44)) - Successfully registered JMX Bean with object name Ratis:service=RaftServer,group=group-820F100452EC,id=5fe28b99-5296-4882-8415-41e5835760cd
2019-09-19 09:52:30,803 [RatisPipelineUtilsThread] INFO  pipeline.PipelineStateManager (PipelineStateManager.java:addPipeline(56)) - Created pipeline Pipeline[ Id: a3ede47e-702a-49cd-a72b-820f100452ec, Nodes: 5fe28b99-5296-4882-8415-41e5835760cd{ip: 192.168.34.5, host: pr-hdds-1569-j4bt4-3030777008, networkLocation: /default-rack, certSerialId: null}, Type:RATIS, Factor:ONE, State:OPEN]
2019-09-19 09:52:30,804 [RatisPipelineUtilsThread] ERROR pipeline.PipelinePlacementPolicy (PipelinePlacementPolicy.java:meetCriteria(91)) - Pipeline Placement: Doesn't meet the criteria to be viable node. Heaviness: 6
2019-09-19 09:52:30,804 [RatisPipelineUtilsThread] ERROR pipeline.PipelinePlacementPolicy (PipelinePlacementPolicy.java:meetCriteria(91)) - Pipeline Placement: Doesn't meet the criteria to be viable node. Heaviness: 6
2019-09-19 09:52:30,809 [grpc-default-executor-0] INFO  impl.RaftServerProxy (RaftServerProxy.java:addNew(89)) - 5fe28b99-5296-4882-8415-41e5835760cd: addNew group-74ECB3E06515:[5fe28b99-5296-4882-8415-41e5835760cd:192.168.34.5:35838] returns group-74ECB3E06515:java.util.concurrent.CompletableFuture@42dbbb9[Not completed]
2019-09-19 09:52:30,811 [pool-314-thread-1] INFO  impl.RaftServerImpl (RaftServerImpl.java:<init>(93)) - 5fe28b99-5296-4882-8415-41e5835760cd: new RaftServerImpl for group-74ECB3E06515:[5fe28b99-5296-4882-8415-41e5835760cd:192.168.34.5:35838] with ContainerStateMachine:uninitialized
2019-09-19 09:52:30,811 [pool-314-thread-1] INFO  server.RaftServerConfigKeys (ConfUtils.java:logGet(43)) - raft.server.rpc.timeout.min = 5s (custom)
2019-09-19 09:52:30,811 [pool-314-thread-1] INFO  server.RaftServerConfigKeys (ConfUtils.java:logGet(43)) - raft.server.rpc.timeout.max = 5200ms (custom)
2019-09-19 09:52:30,811 [pool-314-thread-1] INFO  server.RaftServerConfigKeys (ConfUtils.java:logGet(43)) - raft.server.rpcslowness.timeout = 120s (custom)
2019-09-19 09:52:30,811 [pool-314-thread-1] INFO  server.RaftServerConfigKeys (ConfUtils.java:logGet(43)) - raft.server.sleep.deviation.threshold = 300 (default)
2019-09-19 09:52:30,811 [pool-314-thread-1] INFO  server.RaftServerConfigKeys (ConfUtils.java:logGet(43)) - raft.server.log.appender.install.snapshot.enabled = false (custom)
2019-09-19 09:52:30,812 [pool-314-thread-1] INFO  impl.RaftServerImpl (ServerState.java:<init>(105)) - 5fe28b99-5296-4882-8415-41e5835760cd:group-74ECB3E06515 ConfigurationManager, init=-1: [5fe28b99-5296-4882-8415-41e5835760cd:192.168.34.5:35838], old=null, confs=<EMPTY_MAP>
2019-09-19 09:52:30,812 [pool-314-thread-1] INFO  server.RaftServerConfigKeys (ConfUtils.java:logGet(43)) - raft.server.storage.dir = [/workdir/hadoop-ozone/ozonefs/target/test-dir/MiniOzoneClusterImpl-1d4abb45-6296-491d-afb2-898852a5cf2e/datanode-2/data/ratis] (custom)
2019-09-19 09:52:30,812 [pool-314-thread-1] INFO  storage.RaftStorageDirectory (RaftStorageDirectory.java:analyzeStorage(246)) - The storage directory /workdir/hadoop-ozone/ozonefs/target/test-dir/MiniOzoneClusterImpl-1d4abb45-6296-491d-afb2-898852a5cf2e/datanode-2/data/ratis/1e3db041-3cc7-48da-81a9-74ecb3e06515 does not exist. Creating ...
2019-09-19 09:52:30,825 [pool-314-thread-1] INFO  storage.RaftStorageDirectory (RaftStorageDirectory.java:tryLock(328)) - Lock on /workdir/hadoop-ozone/ozonefs/target/test-dir/MiniOzoneClusterImpl-1d4abb45-6296-491d-afb2-898852a5cf2e/datanode-2/data/ratis/1e3db041-3cc7-48da-81a9-74ecb3e06515/in_use.lock acquired by nodename 9507@pr-hdds-1569-j4bt4-3030777008
2019-09-19 09:52:30,838 [pool-314-thread-1] INFO  storage.RaftStorage (RaftStorage.java:format(72)) - Storage directory /workdir/hadoop-ozone/ozonefs/target/test-dir/MiniOzoneClusterImpl-1d4abb45-6296-491d-afb2-898852a5cf2e/datanode-2/data/ratis/1e3db041-3cc7-48da-81a9-74ecb3e06515 has been successfully formatted.
2019-09-19 09:52:30,838 [pool-314-thread-1] INFO  ratis.ContainerStateMachine (ContainerStateMachine.java:loadSnapshot(226)) - group-74ECB3E06515: The snapshot info is null. Setting the last applied indexto:(t:0, i:~)
2019-09-19 09:52:30,838 [pool-314-thread-1] INFO  server.RaftServerConfigKeys (ConfUtils.java:logGet(43)) - raft.server.leader.election.timeout = 120s (custom)
2019-09-19 09:52:30,838 [pool-314-thread-1] INFO  server.RaftServerConfigKeys (ConfUtils.java:logGet(43)) - raft.server.log.use.memory = false (default)
2019-09-19 09:52:30,838 [pool-314-thread-1] INFO  server.RaftServerConfigKeys (ConfUtils.java:logGet(43)) - raft.server.log.purge.gap = 1000000 (custom)
2019-09-19 09:52:30,839 [pool-314-thread-1] INFO  server.RaftServerConfigKeys (ConfUtils.java:logGet(43)) - raft.server.log.appender.buffer.byte-limit = 33554432 (custom)
2019-09-19 09:52:30,839 [pool-314-thread-1] INFO  server.RaftServerConfigKeys (ConfUtils.java:logGet(43)) - raft.server.log.segment.size.max = 1048576 (custom)
2019-09-19 09:52:30,839 [pool-314-thread-1] INFO  server.RaftServerConfigKeys (ConfUtils.java:logGet(43)) - raft.server.log.segment.cache.num.max = 2 (custom)
2019-09-19 09:52:30,839 [pool-314-thread-1] INFO  segmented.SegmentedRaftLogWorker (SegmentedRaftLogWorker.java:<init>(172)) - new 5fe28b99-5296-4882-8415-41e5835760cd-SegmentedRaftLogWorker:Storage Directory /workdir/hadoop-ozone/ozonefs/target/test-dir/MiniOzoneClusterImpl-1d4abb45-6296-491d-afb2-898852a5cf2e/datanode-2/data/ratis/1e3db041-3cc7-48da-81a9-74ecb3e06515 for RaftStorage:Storage Directory /workdir/hadoop-ozone/ozonefs/target/test-dir/MiniOzoneClusterImpl-1d4abb45-6296-491d-afb2-898852a5cf2e/datanode-2/data/ratis/1e3db041-3cc7-48da-81a9-74ecb3e06515
2019-09-19 09:52:30,839 [pool-314-thread-1] INFO  server.RaftServerConfigKeys (ConfUtils.java:logGet(43)) - raft.server.log.queue.byte-limit = 2147483647 (custom)
2019-09-19 09:52:30,839 [pool-314-thread-1] INFO  server.RaftServerConfigKeys (ConfUtils.java:logGet(43)) - raft.server.log.queue.element-limit = 1024 (custom)
2019-09-19 09:52:30,839 [pool-314-thread-1] INFO  server.RaftServerConfigKeys (ConfUtils.java:logGet(43)) - raft.server.log.segment.size.max = 1048576 (custom)
2019-09-19 09:52:30,839 [pool-314-thread-1] INFO  server.RaftServerConfigKeys (ConfUtils.java:logGet(43)) - raft.server.log.preallocated.size = 16384 (custom)
2019-09-19 09:52:30,840 [pool-314-thread-1] INFO  server.RaftServerConfigKeys (ConfUtils.java:logGet(43)) - raft.server.log.write.buffer.size = 33554432 (custom)
2019-09-19 09:52:30,840 [pool-314-thread-1] INFO  server.RaftServerConfigKeys (ConfUtils.java:logGet(43)) - raft.server.log.force.sync.num = 128 (default)
2019-09-19 09:52:30,840 [pool-314-thread-1] INFO  server.RaftServerConfigKeys (ConfUtils.java:logGet(43)) - raft.server.log.statemachine.data.sync = true (default)
2019-09-19 09:52:30,840 [pool-314-thread-1] INFO  server.RaftServerConfigKeys (ConfUtils.java:logGet(43)) - raft.server.log.statemachine.data.sync.timeout = 10s (default)
2019-09-19 09:52:30,840 [pool-314-thread-1] INFO  server.RaftServerConfigKeys (ConfUtils.java:logGet(43)) - raft.server.log.statemachine.data.sync.timeout.retry = -1 (default)
2019-09-19 09:52:30,840 [pool-314-thread-1] INFO  server.RaftServerConfigKeys (ConfUtils.java:logGet(43)) - raft.server.log.statemachine.data.caching.enabled = true (custom)
2019-09-19 09:52:30,841 [pool-314-thread-1] INFO  segmented.SegmentedRaftLogWorker (SegmentedRaftLogWorker.java:lambda$new$0(132)) - 5fe28b99-5296-4882-8415-41e5835760cd-SegmentedRaftLogWorker:Storage Directory /workdir/hadoop-ozone/ozonefs/target/test-dir/MiniOzoneClusterImpl-1d4abb45-6296-491d-afb2-898852a5cf2e/datanode-2/data/ratis/1e3db041-3cc7-48da-81a9-74ecb3e06515: flushIndex: setUnconditionally 0 -> -1
2019-09-19 09:52:30,841 [pool-314-thread-1] INFO  server.RaftServerConfigKeys (ConfUtils.java:logGet(43)) - raft.server.snapshot.auto.trigger.enabled = true (custom)
2019-09-19 09:52:30,841 [pool-314-thread-1] INFO  server.RaftServerConfigKeys (ConfUtils.java:logGet(43)) - raft.server.snapshot.auto.trigger.threshold = 10000 (custom)
2019-09-19 09:52:30,841 [pool-314-thread-1] INFO  server.RaftServerConfigKeys (ConfUtils.java:logGet(43)) - raft.server.retrycache.expirytime = 600000ms (custom)
2019-09-19 09:52:30,841 [pool-314-thread-1] INFO  impl.RaftServerImpl (RaftServerImpl.java:start(180)) - 5fe28b99-5296-4882-8415-41e5835760cd: start group-74ECB3E06515
2019-09-19 09:52:30,841 [pool-314-thread-1] INFO  impl.RaftServerImpl (RaftServerImpl.java:setRole(171)) - 5fe28b99-5296-4882-8415-41e5835760cd:group-74ECB3E06515 changes role from null to FOLLOWER at term 0 for startAsFollower
2019-09-19 09:52:30,842 [pool-314-thread-1] INFO  impl.RoleInfo (RoleInfo.java:updateAndGet(143)) - 5fe28b99-5296-4882-8415-41e5835760cd: start FollowerState
2019-09-19 09:52:30,842 [pool-314-thread-1] INFO  util.JmxRegister (JmxRegister.java:tryRegister(44)) - Successfully registered JMX Bean with object name Ratis:service=RaftServer,group=group-74ECB3E06515,id=5fe28b99-5296-4882-8415-41e5835760cd
2019-09-19 09:52:30,845 [RatisPipelineUtilsThread] INFO  pipeline.PipelineStateManager (PipelineStateManager.java:addPipeline(56)) - Created pipeline Pipeline[ Id: 1e3db041-3cc7-48da-81a9-74ecb3e06515, Nodes: 5fe28b99-5296-4882-8415-41e5835760cd{ip: 192.168.34.5, host: pr-hdds-1569-j4bt4-3030777008, networkLocation: /default-rack, certSerialId: null}, Type:RATIS, Factor:ONE, State:OPEN]
2019-09-19 09:52:30,845 [RatisPipelineUtilsThread] ERROR pipeline.PipelinePlacementPolicy (PipelinePlacementPolicy.java:meetCriteria(91)) - Pipeline Placement: Doesn't meet the criteria to be viable node. Heaviness: 6
2019-09-19 09:52:30,846 [RatisPipelineUtilsThread] ERROR pipeline.PipelinePlacementPolicy (PipelinePlacementPolicy.java:meetCriteria(91)) - Pipeline Placement: Doesn't meet the criteria to be viable node. Heaviness: 6
2019-09-19 09:52:30,846 [RatisPipelineUtilsThread] ERROR pipeline.PipelinePlacementPolicy (PipelinePlacementPolicy.java:meetCriteria(91)) - Pipeline Placement: Doesn't meet the criteria to be viable node. Heaviness: 6
2019-09-19 09:52:30,846 [RatisPipelineUtilsThread] ERROR pipeline.PipelinePlacementPolicy (PipelinePlacementPolicy.java:filterViableNodes(146)) - Unable to find enough nodes that meet the criteria that cannot engage in more than 5 pipelines. Nodes required: 1 Found: 0, healthy nodes count inNodeManager: 3.
2019-09-19 09:52:30,846 [RatisPipelineUtilsThread] ERROR pipeline.SCMPipelineManager (SCMPipelineManager.java:createPipeline(161)) - Pipeline creation failed due to exception: Unable to find enough nodes that meet the criteria that cannot engage in more than 5 pipelines. Nodes required: 1 Found: 0, healthy nodes count inNodeManager: 3.
2019-09-19 09:52:30,846 [RatisPipelineUtilsThread] ERROR pipeline.PipelinePlacementPolicy (PipelinePlacementPolicy.java:meetCriteria(91)) - Pipeline Placement: Doesn't meet the criteria to be viable node. Heaviness: 6
2019-09-19 09:52:30,846 [RatisPipelineUtilsThread] ERROR pipeline.PipelinePlacementPolicy (PipelinePlacementPolicy.java:meetCriteria(91)) - Pipeline Placement: Doesn't meet the criteria to be viable node. Heaviness: 6
2019-09-19 09:52:30,847 [RatisPipelineUtilsThread] ERROR pipeline.PipelinePlacementPolicy (PipelinePlacementPolicy.java:meetCriteria(91)) - Pipeline Placement: Doesn't meet the criteria to be viable node. Heaviness: 6
2019-09-19 09:52:30,847 [RatisPipelineUtilsThread] ERROR pipeline.PipelinePlacementPolicy (PipelinePlacementPolicy.java:filterViableNodes(146)) - Unable to find enough nodes that meet the criteria that cannot engage in more than 5 pipelines. Nodes required: 3 Found: 0, healthy nodes count inNodeManager: 3.
2019-09-19 09:52:30,847 [RatisPipelineUtilsThread] ERROR pipeline.SCMPipelineManager (SCMPipelineManager.java:createPipeline(161)) - Pipeline creation failed due to exception: Unable to find enough nodes that meet the criteria that cannot engage in more than 5 pipelines. Nodes required: 3 Found: 0, healthy nodes count inNodeManager: 3.
2019-09-19 09:52:30,847 [RatisPipelineUtilsThread] ERROR pipeline.PipelinePlacementPolicy (PipelinePlacementPolicy.java:meetCriteria(91)) - Pipeline Placement: Doesn't meet the criteria to be viable node. Heaviness: 6
2019-09-19 09:52:30,847 [RatisPipelineUtilsThread] ERROR pipeline.PipelinePlacementPolicy (PipelinePlacementPolicy.java:meetCriteria(91)) - Pipeline Placement: Doesn't meet the criteria to be viable node. Heaviness: 6
2019-09-19 09:52:30,848 [RatisPipelineUtilsThread] ERROR pipeline.PipelinePlacementPolicy (PipelinePlacementPolicy.java:meetCriteria(91)) - Pipeline Placement: Doesn't meet the criteria to be viable node. Heaviness: 6
2019-09-19 09:52:30,848 [RatisPipelineUtilsThread] ERROR pipeline.PipelinePlacementPolicy (PipelinePlacementPolicy.java:filterViableNodes(146)) - Unable to find enough nodes that meet the criteria that cannot engage in more than 5 pipelines. Nodes required: 1 Found: 0, healthy nodes count inNodeManager: 3.
2019-09-19 09:52:30,848 [RatisPipelineUtilsThread] ERROR pipeline.SCMPipelineManager (SCMPipelineManager.java:createPipeline(161)) - Pipeline creation failed due to exception: Unable to find enough nodes that meet the criteria that cannot engage in more than 5 pipelines. Nodes required: 1 Found: 0, healthy nodes count inNodeManager: 3.
2019-09-19 09:52:30,848 [RatisPipelineUtilsThread] ERROR pipeline.PipelinePlacementPolicy (PipelinePlacementPolicy.java:meetCriteria(91)) - Pipeline Placement: Doesn't meet the criteria to be viable node. Heaviness: 6
2019-09-19 09:52:30,848 [RatisPipelineUtilsThread] ERROR pipeline.PipelinePlacementPolicy (PipelinePlacementPolicy.java:meetCriteria(91)) - Pipeline Placement: Doesn't meet the criteria to be viable node. Heaviness: 6
2019-09-19 09:52:30,848 [RatisPipelineUtilsThread] ERROR pipeline.PipelinePlacementPolicy (PipelinePlacementPolicy.java:meetCriteria(91)) - Pipeline Placement: Doesn't meet the criteria to be viable node. Heaviness: 6
2019-09-19 09:52:30,849 [RatisPipelineUtilsThread] ERROR pipeline.PipelinePlacementPolicy (PipelinePlacementPolicy.java:filterViableNodes(146)) - Unable to find enough nodes that meet the criteria that cannot engage in more than 5 pipelines. Nodes required: 3 Found: 0, healthy nodes count inNodeManager: 3.
2019-09-19 09:52:30,849 [RatisPipelineUtilsThread] ERROR pipeline.SCMPipelineManager (SCMPipelineManager.java:createPipeline(161)) - Pipeline creation failed due to exception: Unable to find enough nodes that meet the criteria that cannot engage in more than 5 pipelines. Nodes required: 3 Found: 0, healthy nodes count inNodeManager: 3.
2019-09-19 09:52:31,471 [Thread-1334] INFO  ozone.MiniOzoneClusterImpl (MiniOzoneClusterImpl.java:lambda$waitForClusterToBeReady$0(142)) - Cluster is ready. Got 3 of 3 DN Heartbeats.
2019-09-19 09:52:31,615 | INFO  | OMAudit | user=jenkins1000 | ip=127.0.0.1 | op=CREATE_VOLUME {admin=admin50429, owner=user44029, volume=volume26585, creationTime=1568886751615, quotaInBytes=1152921504606846976} | ret=SUCCESS |  
2019-09-19 09:52:31,626 | INFO  | OMAudit | user=jenkins1000 | ip=127.0.0.1 | op=CREATE_BUCKET {volume=volume26585, bucket=bucket79001, acls=[], isVersionEnabled=false, storageType=DISK, creationTime=0} | ret=SUCCESS |  
2019-09-19 09:52:31,652 | INFO  | OMAudit | user=jenkins1000 | ip=127.0.0.1 | op=READ_VOLUME {volume=volume26585} | ret=SUCCESS |  
2019-09-19 09:52:31,654 | INFO  | OMAudit | user=jenkins1000 | ip=127.0.0.1 | op=READ_BUCKET {volume=volume26585, bucket=bucket79001} | ret=SUCCESS |  
2019-09-19 09:52:31,695 [IPC Server handler 2 on 36188] ERROR pipeline.PipelinePlacementPolicy (PipelinePlacementPolicy.java:meetCriteria(91)) - Pipeline Placement: Doesn't meet the criteria to be viable node. Heaviness: 6
2019-09-19 09:52:31,695 [IPC Server handler 2 on 36188] ERROR pipeline.PipelinePlacementPolicy (PipelinePlacementPolicy.java:meetCriteria(91)) - Pipeline Placement: Doesn't meet the criteria to be viable node. Heaviness: 6
2019-09-19 09:52:31,695 [IPC Server handler 2 on 36188] ERROR pipeline.PipelinePlacementPolicy (PipelinePlacementPolicy.java:meetCriteria(91)) - Pipeline Placement: Doesn't meet the criteria to be viable node. Heaviness: 6
2019-09-19 09:52:31,696 [IPC Server handler 2 on 36188] ERROR pipeline.PipelinePlacementPolicy (PipelinePlacementPolicy.java:filterViableNodes(146)) - Unable to find enough nodes that meet the criteria that cannot engage in more than 5 pipelines. Nodes required: 3 Found: 0, healthy nodes count inNodeManager: 3.
2019-09-19 09:52:31,696 [IPC Server handler 2 on 36188] ERROR pipeline.SCMPipelineManager (SCMPipelineManager.java:createPipeline(161)) - Pipeline creation failed due to exception: Unable to find enough nodes that meet the criteria that cannot engage in more than 5 pipelines. Nodes required: 3 Found: 0, healthy nodes count inNodeManager: 3.
2019-09-19 09:52:31,696 [IPC Server handler 2 on 36188] WARN  block.BlockManagerImpl (BlockManagerImpl.java:allocateBlock(192)) - Pipeline creation failed for type:RATIS factor:THREE. Retrying get pipelines call once.
org.apache.hadoop.hdds.scm.exceptions.SCMException: Unable to find enough nodes that meet the criteria that cannot engage in more than 5 pipelines. Nodes required: 3 Found: 0, healthy nodes count inNodeManager: 3.
	at org.apache.hadoop.hdds.scm.pipeline.PipelinePlacementPolicy.filterViableNodes(PipelinePlacementPolicy.java:147)
	at org.apache.hadoop.hdds.scm.pipeline.PipelinePlacementPolicy.chooseDatanodes(PipelinePlacementPolicy.java:170)
	at org.apache.hadoop.hdds.scm.pipeline.RatisPipelineProvider.create(RatisPipelineProvider.java:92)
	at org.apache.hadoop.hdds.scm.pipeline.PipelineFactory.create(PipelineFactory.java:57)
	at org.apache.hadoop.hdds.scm.pipeline.SCMPipelineManager.createPipeline(SCMPipelineManager.java:149)
	at org.apache.hadoop.hdds.scm.block.BlockManagerImpl.allocateBlock(BlockManagerImpl.java:190)
	at org.apache.hadoop.hdds.scm.server.SCMBlockProtocolServer.allocateBlock(SCMBlockProtocolServer.java:175)
	at org.apache.hadoop.ozone.protocolPB.ScmBlockLocationProtocolServerSideTranslatorPB.allocateScmBlock(ScmBlockLocationProtocolServerSideTranslatorPB.java:153)
	at org.apache.hadoop.ozone.protocolPB.ScmBlockLocationProtocolServerSideTranslatorPB.send(ScmBlockLocationProtocolServerSideTranslatorPB.java:112)
	at org.apache.hadoop.hdds.protocol.proto.ScmBlockLocationProtocolProtos$ScmBlockLocationProtocolService$2.callBlockingMethod(ScmBlockLocationProtocolProtos.java:13157)
	at org.apache.hadoop.ipc.ProtobufRpcEngine$Server$ProtoBufRpcInvoker.call(ProtobufRpcEngine.java:524)
	at org.apache.hadoop.ipc.RPC$Server.call(RPC.java:1025)
	at org.apache.hadoop.ipc.Server$RpcCall.run(Server.java:876)
	at org.apache.hadoop.ipc.Server$RpcCall.run(Server.java:822)
	at java.security.AccessController.doPrivileged(Native Method)
	at javax.security.auth.Subject.doAs(Subject.java:422)
	at org.apache.hadoop.security.UserGroupInformation.doAs(UserGroupInformation.java:1730)
	at org.apache.hadoop.ipc.Server$Handler.run(Server.java:2682)
2019-09-19 09:52:31,696 [IPC Server handler 2 on 36188] INFO  block.BlockManagerImpl (BlockManagerImpl.java:allocateBlock(198)) - Could not find available pipeline of type:RATIS and factor:THREE even after retrying
2019-09-19 09:52:31,697 [IPC Server handler 2 on 36188] ERROR block.BlockManagerImpl (BlockManagerImpl.java:allocateBlock(222)) - Unable to allocate a block for the size: 4194304, type: RATIS, factor: THREE
2019-09-19 09:52:31,697 | INFO  | SCMAudit | user=jenkins1000 | ip=192.168.34.5 | op=ALLOCATE_BLOCK {owner=e92e90b4-be33-4ff8-bdd3-377b285c04a6, size=4194304, type=RATIS, factor=THREE} | ret=SUCCESS |  
2019-09-19 09:52:31,700 | ERROR | OMAudit | user=jenkins1000 | ip=127.0.0.1 | op=CREATE_FILE {volume=volume26585, bucket=bucket79001, key=testDeleteCreatesFakeParentDir/parent/child, dataSize=0, replicationType=RATIS, replicationFactor=THREE, keyLocationInfo=null} | ret=FAILURE | org.apache.hadoop.hdds.scm.exceptions.SCMException: Allocated 0 blocks. Requested 1 blocks
	at org.apache.hadoop.hdds.scm.protocolPB.ScmBlockLocationProtocolClientSideTranslatorPB.handleError(ScmBlockLocationProtocolClientSideTranslatorPB.java:118)
	at org.apache.hadoop.hdds.scm.protocolPB.ScmBlockLocationProtocolClientSideTranslatorPB.allocateBlock(ScmBlockLocationProtocolClientSideTranslatorPB.java:156) 
2019-09-19 09:52:31,701 [Thread-1334] INFO  ozone.MiniOzoneClusterImpl (MiniOzoneClusterImpl.java:shutdown(321)) - Shutting down the Mini Ozone Cluster
2019-09-19 09:52:31,702 | INFO  | SCMAudit | user=null | ip=null | op=GET_SCM_INFO null | ret=SUCCESS |  
2019-09-19 09:52:31,702 [Thread-1334] INFO  ozone.MiniOzoneClusterImpl (MiniOzoneClusterImpl.java:stop(336)) - Stopping the Mini Ozone Cluster
2019-09-19 09:52:31,702 [Thread-1334] INFO  ozone.MiniOzoneClusterImpl (MiniOzoneClusterImpl.java:stop(338)) - Stopping the OzoneManager
2019-09-19 09:52:31,702 [Thread-1334] INFO  ipc.Server (Server.java:stop(3082)) - Stopping server on 44430
2019-09-19 09:52:31,706 [IPC Server listener on 44430] INFO  ipc.Server (Server.java:run(1185)) - Stopping IPC Server listener on 44430
2019-09-19 09:52:31,706 [Thread-1334] INFO  ratis.OzoneManagerDoubleBuffer (OzoneManagerDoubleBuffer.java:stop(248)) - Stopping OMDoubleBuffer flush thread
2019-09-19 09:52:31,707 [IPC Server Responder] INFO  ipc.Server (Server.java:run(1319)) - Stopping IPC Server Responder
2019-09-19 09:52:31,709 [OMDoubleBufferFlushThread] INFO  ratis.OzoneManagerDoubleBuffer (OzoneManagerDoubleBuffer.java:flushTransactions(191)) - OMDoubleBuffer flush thread OMDoubleBufferFlushThread is interrupted and will exit. OMDoubleBufferFlushThread
2019-09-19 09:52:31,709 [Thread-1334] INFO  utils.BackgroundService (BackgroundService.java:shutdown(148)) - Shutting down service KeyDeletingService
2019-09-19 09:52:31,711 [Thread-1334] INFO  handler.ContextHandler (ContextHandler.java:doStop(910)) - Stopped o.e.j.w.WebAppContext@708bf7c0{/,null,UNAVAILABLE}{/ozoneManager}
2019-09-19 09:52:31,712 [Thread-1334] INFO  server.AbstractConnector (AbstractConnector.java:doStop(318)) - Stopped ServerConnector@72ed8b88{HTTP/1.1,[http/1.1]}{0.0.0.0:0}
2019-09-19 09:52:31,712 [Thread-1334] INFO  handler.ContextHandler (ContextHandler.java:doStop(910)) - Stopped o.e.j.s.ServletContextHandler@e1c346e{/static,jar:file:/home/user/.m2/repository/org/apache/hadoop/hadoop-ozone-ozone-manager/0.5.0-SNAPSHOT/hadoop-ozone-ozone-manager-0.5.0-SNAPSHOT.jar!/webapps/static,UNAVAILABLE}
2019-09-19 09:52:31,712 [Thread-1334] INFO  handler.ContextHandler (ContextHandler.java:doStop(910)) - Stopped o.e.j.s.ServletContextHandler@6d3eb22a{/logs,file:///workdir/hadoop-ozone/ozonefs/target/log,UNAVAILABLE}
2019-09-19 09:52:31,714 [Thread-1334] INFO  ozone.MiniOzoneClusterImpl (MiniOzoneClusterImpl.java:stop(344)) - Shutting the HddsDatanodes
2019-09-19 09:52:31,714 [Thread-1334] INFO  datanode.ObjectStoreHandler (ObjectStoreHandler.java:close(155)) - Closing ObjectStoreHandler.
2019-09-19 09:52:31,715 [ForkJoinPool.commonPool-worker-0] INFO  datanode.ObjectStoreHandler (ObjectStoreHandler.java:close(155)) - Closing ObjectStoreHandler.
2019-09-19 09:52:31,715 [Thread-1334] INFO  ozone.HddsDatanodeService (HddsDatanodeService.java:stop(451)) - Stopped plug-in org.apache.hadoop.ozone.web.OzoneHddsDatanodeService@676e4d73
2019-09-19 09:52:31,715 [ForkJoinPool.commonPool-worker-0] INFO  ozone.HddsDatanodeService (HddsDatanodeService.java:stop(451)) - Stopped plug-in org.apache.hadoop.ozone.web.OzoneHddsDatanodeService@4e367529
2019-09-19 09:52:32,058 [Datanode State Machine Thread - 0] INFO  statemachine.DatanodeStateMachine (DatanodeStateMachine.java:lambda$startDaemon$0(350)) - Ozone container server started.
2019-09-19 09:52:32,263 [Datanode State Machine Thread - 0] INFO  statemachine.DatanodeStateMachine (DatanodeStateMachine.java:lambda$startDaemon$0(350)) - Ozone container server started.
2019-09-19 09:52:32,472 | INFO  | SCMAudit | user=jenkins1000 | ip=192.168.34.5 | op=SEND_HEARTBEAT {datanodeUUID=5fe28b99-5296-4882-8415-41e5835760cd, command=[]} | ret=SUCCESS |  
2019-09-19 09:52:33,069 [Thread-1506] INFO  container.ReplicationManager (ReplicationManager.java:start(151)) - Starting Replication Monitor Thread.
2019-09-19 09:52:33,073 [ReplicationMonitor] INFO  container.ReplicationManager (ReplicationManager.java:run(214)) - Replication Monitor Thread took 0 milliseconds for processing 0 containers.
2019-09-19 09:52:33,472 | INFO  | SCMAudit | user=jenkins1000 | ip=192.168.34.5 | op=SEND_HEARTBEAT {datanodeUUID=5fe28b99-5296-4882-8415-41e5835760cd, command=[]} | ret=SUCCESS |  
2019-09-19 09:52:34,472 | INFO  | SCMAudit | user=jenkins1000 | ip=192.168.34.5 | op=SEND_HEARTBEAT {datanodeUUID=5fe28b99-5296-4882-8415-41e5835760cd, command=[]} | ret=SUCCESS |  
2019-09-19 09:52:35,135 [Thread-1508] INFO  impl.FollowerState (FollowerState.java:run(106)) - 16493f01-ec02-45ff-bd44-1abc5ff8aed0:group-B498646EFB3E changes to CANDIDATE, lastRpcTime:5002, electionTimeout:5002ms
2019-09-19 09:52:35,135 [Thread-1508] INFO  impl.RoleInfo (RoleInfo.java:shutdownFollowerState(121)) - 16493f01-ec02-45ff-bd44-1abc5ff8aed0: shutdown FollowerState
2019-09-19 09:52:35,135 [Thread-1508] INFO  impl.RaftServerImpl (RaftServerImpl.java:setRole(171)) - 16493f01-ec02-45ff-bd44-1abc5ff8aed0:group-B498646EFB3E changes role from FOLLOWER to CANDIDATE at term 0 for changeToCandidate
2019-09-19 09:52:35,135 [Thread-1508] INFO  impl.RoleInfo (RoleInfo.java:updateAndGet(143)) - 16493f01-ec02-45ff-bd44-1abc5ff8aed0: start LeaderElection
2019-09-19 09:52:35,162 [16493f01-ec02-45ff-bd44-1abc5ff8aed0:group-B498646EFB3E:LeaderElection89] INFO  impl.LeaderElection (LeaderElection.java:askForVotes(181)) - 16493f01-ec02-45ff-bd44-1abc5ff8aed0:group-B498646EFB3E:LeaderElection89: begin an election at term 1 for -1: [16493f01-ec02-45ff-bd44-1abc5ff8aed0:192.168.34.5:45995], old=null
2019-09-19 09:52:35,163 [16493f01-ec02-45ff-bd44-1abc5ff8aed0:group-B498646EFB3E:LeaderElection89] INFO  impl.RoleInfo (RoleInfo.java:shutdownLeaderElection(134)) - 16493f01-ec02-45ff-bd44-1abc5ff8aed0: shutdown LeaderElection
2019-09-19 09:52:35,163 [16493f01-ec02-45ff-bd44-1abc5ff8aed0:group-B498646EFB3E:LeaderElection89] INFO  impl.RaftServerImpl (RaftServerImpl.java:setRole(171)) - 16493f01-ec02-45ff-bd44-1abc5ff8aed0:group-B498646EFB3E changes role from CANDIDATE to LEADER at term 1 for changeToLeader
2019-09-19 09:52:35,163 [16493f01-ec02-45ff-bd44-1abc5ff8aed0:group-B498646EFB3E:LeaderElection89] INFO  impl.RaftServerImpl (ServerState.java:setLeader(263)) - 16493f01-ec02-45ff-bd44-1abc5ff8aed0:group-B498646EFB3E change Leader from null to 16493f01-ec02-45ff-bd44-1abc5ff8aed0 at term 1 for becomeLeader, leader elected after 5037ms
2019-09-19 09:52:35,163 [16493f01-ec02-45ff-bd44-1abc5ff8aed0:group-B498646EFB3E:LeaderElection89] INFO  server.RaftServerConfigKeys (ConfUtils.java:logGet(43)) - raft.server.staging.catchup.gap = 1000 (default)
2019-09-19 09:52:35,164 [16493f01-ec02-45ff-bd44-1abc5ff8aed0:group-B498646EFB3E:LeaderElection89] INFO  server.RaftServerConfigKeys (ConfUtils.java:logGet(43)) - raft.server.rpc.sleep.time = 25ms (default)
2019-09-19 09:52:35,164 [16493f01-ec02-45ff-bd44-1abc5ff8aed0:group-B498646EFB3E:LeaderElection89] INFO  server.RaftServerConfigKeys (ConfUtils.java:logGet(43)) - raft.server.write.element-limit = 4096 (default)
2019-09-19 09:52:35,164 [16493f01-ec02-45ff-bd44-1abc5ff8aed0:group-B498646EFB3E:LeaderElection89] INFO  server.RaftServerConfigKeys (ConfUtils.java:logGet(43)) - raft.server.watch.timeout = 10s (default)
2019-09-19 09:52:35,164 [16493f01-ec02-45ff-bd44-1abc5ff8aed0:group-B498646EFB3E:LeaderElection89] INFO  server.RaftServerConfigKeys (ConfUtils.java:logGet(43)) - raft.server.watch.timeout.denomination = 1s (default)
2019-09-19 09:52:35,164 [16493f01-ec02-45ff-bd44-1abc5ff8aed0:group-B498646EFB3E:LeaderElection89] INFO  server.RaftServerConfigKeys (ConfUtils.java:logGet(43)) - raft.server.watch.element-limit = 65536 (default)
2019-09-19 09:52:35,165 [16493f01-ec02-45ff-bd44-1abc5ff8aed0:group-B498646EFB3E:LeaderElection89] INFO  impl.RoleInfo (RoleInfo.java:updateAndGet(143)) - 16493f01-ec02-45ff-bd44-1abc5ff8aed0: start LeaderState
2019-09-19 09:52:35,165 [16493f01-ec02-45ff-bd44-1abc5ff8aed0:group-B498646EFB3E:LeaderElection89] INFO  segmented.SegmentedRaftLogWorker (SegmentedRaftLogWorker.java:startLogSegment(380)) - 16493f01-ec02-45ff-bd44-1abc5ff8aed0-SegmentedRaftLogWorker:Storage Directory /workdir/hadoop-ozone/ozonefs/target/test-dir/MiniOzoneClusterImpl-1d4abb45-6296-491d-afb2-898852a5cf2e/datanode-0/data/ratis/918bd688-aab0-4b03-afbe-b498646efb3e: Starting segment from index:0
2019-09-19 09:52:35,166 [16493f01-ec02-45ff-bd44-1abc5ff8aed0:group-B498646EFB3E:LeaderElection89] INFO  impl.RaftServerImpl (ServerState.java:setRaftConf(361)) - 16493f01-ec02-45ff-bd44-1abc5ff8aed0:group-B498646EFB3E set configuration 0: [16493f01-ec02-45ff-bd44-1abc5ff8aed0:192.168.34.5:45995], old=null at 0
2019-09-19 09:52:35,214 [Thread-1511] INFO  impl.FollowerState (FollowerState.java:run(106)) - 16493f01-ec02-45ff-bd44-1abc5ff8aed0:group-7059FFE087D7 changes to CANDIDATE, lastRpcTime:5030, electionTimeout:5030ms
2019-09-19 09:52:35,214 [Thread-1511] INFO  impl.RoleInfo (RoleInfo.java:shutdownFollowerState(121)) - 16493f01-ec02-45ff-bd44-1abc5ff8aed0: shutdown FollowerState
2019-09-19 09:52:35,214 [Thread-1511] INFO  impl.RaftServerImpl (RaftServerImpl.java:setRole(171)) - 16493f01-ec02-45ff-bd44-1abc5ff8aed0:group-7059FFE087D7 changes role from FOLLOWER to CANDIDATE at term 0 for changeToCandidate
2019-09-19 09:52:35,215 [Thread-1511] INFO  impl.RoleInfo (RoleInfo.java:updateAndGet(143)) - 16493f01-ec02-45ff-bd44-1abc5ff8aed0: start LeaderElection
2019-09-19 09:52:35,217 [16493f01-ec02-45ff-bd44-1abc5ff8aed0-SegmentedRaftLogWorker:Storage Directory /workdir/hadoop-ozone/ozonefs/target/test-dir/MiniOzoneClusterImpl-1d4abb45-6296-491d-afb2-898852a5cf2e/datanode-0/data/ratis/918bd688-aab0-4b03-afbe-b498646efb3e] INFO  segmented.SegmentedRaftLogWorker (SegmentedRaftLogWorker.java:execute(569)) - 16493f01-ec02-45ff-bd44-1abc5ff8aed0-SegmentedRaftLogWorker:Storage Directory /workdir/hadoop-ozone/ozonefs/target/test-dir/MiniOzoneClusterImpl-1d4abb45-6296-491d-afb2-898852a5cf2e/datanode-0/data/ratis/918bd688-aab0-4b03-afbe-b498646efb3e: created new log segment /workdir/hadoop-ozone/ozonefs/target/test-dir/MiniOzoneClusterImpl-1d4abb45-6296-491d-afb2-898852a5cf2e/datanode-0/data/ratis/918bd688-aab0-4b03-afbe-b498646efb3e/current/log_inprogress_0
2019-09-19 09:52:35,221 [16493f01-ec02-45ff-bd44-1abc5ff8aed0:group-7059FFE087D7:LeaderElection90] INFO  impl.LeaderElection (LeaderElection.java:askForVotes(181)) - 16493f01-ec02-45ff-bd44-1abc5ff8aed0:group-7059FFE087D7:LeaderElection90: begin an election at term 1 for -1: [16493f01-ec02-45ff-bd44-1abc5ff8aed0:192.168.34.5:45995], old=null
2019-09-19 09:52:35,221 [16493f01-ec02-45ff-bd44-1abc5ff8aed0:group-7059FFE087D7:LeaderElection90] INFO  impl.RoleInfo (RoleInfo.java:shutdownLeaderElection(134)) - 16493f01-ec02-45ff-bd44-1abc5ff8aed0: shutdown LeaderElection
2019-09-19 09:52:35,221 [16493f01-ec02-45ff-bd44-1abc5ff8aed0:group-7059FFE087D7:LeaderElection90] INFO  impl.RaftServerImpl (RaftServerImpl.java:setRole(171)) - 16493f01-ec02-45ff-bd44-1abc5ff8aed0:group-7059FFE087D7 changes role from CANDIDATE to LEADER at term 1 for changeToLeader
2019-09-19 09:52:35,221 [16493f01-ec02-45ff-bd44-1abc5ff8aed0:group-7059FFE087D7:LeaderElection90] INFO  impl.RaftServerImpl (ServerState.java:setLeader(263)) - 16493f01-ec02-45ff-bd44-1abc5ff8aed0:group-7059FFE087D7 change Leader from null to 16493f01-ec02-45ff-bd44-1abc5ff8aed0 at term 1 for becomeLeader, leader elected after 5041ms
2019-09-19 09:52:35,222 [16493f01-ec02-45ff-bd44-1abc5ff8aed0:group-7059FFE087D7:LeaderElection90] INFO  server.RaftServerConfigKeys (ConfUtils.java:logGet(43)) - raft.server.staging.catchup.gap = 1000 (default)
2019-09-19 09:52:35,222 [16493f01-ec02-45ff-bd44-1abc5ff8aed0:group-7059FFE087D7:LeaderElection90] INFO  server.RaftServerConfigKeys (ConfUtils.java:logGet(43)) - raft.server.rpc.sleep.time = 25ms (default)
2019-09-19 09:52:35,222 [16493f01-ec02-45ff-bd44-1abc5ff8aed0:group-7059FFE087D7:LeaderElection90] INFO  server.RaftServerConfigKeys (ConfUtils.java:logGet(43)) - raft.server.write.element-limit = 4096 (default)
2019-09-19 09:52:35,222 [16493f01-ec02-45ff-bd44-1abc5ff8aed0:group-7059FFE087D7:LeaderElection90] INFO  server.RaftServerConfigKeys (ConfUtils.java:logGet(43)) - raft.server.watch.timeout = 10s (default)
2019-09-19 09:52:35,222 [16493f01-ec02-45ff-bd44-1abc5ff8aed0:group-7059FFE087D7:LeaderElection90] INFO  server.RaftServerConfigKeys (ConfUtils.java:logGet(43)) - raft.server.watch.timeout.denomination = 1s (default)
2019-09-19 09:52:35,222 [16493f01-ec02-45ff-bd44-1abc5ff8aed0:group-7059FFE087D7:LeaderElection90] INFO  server.RaftServerConfigKeys (ConfUtils.java:logGet(43)) - raft.server.watch.element-limit = 65536 (default)
2019-09-19 09:52:35,223 [16493f01-ec02-45ff-bd44-1abc5ff8aed0:group-7059FFE087D7:LeaderElection90] INFO  impl.RoleInfo (RoleInfo.java:updateAndGet(143)) - 16493f01-ec02-45ff-bd44-1abc5ff8aed0: start LeaderState
2019-09-19 09:52:35,223 [16493f01-ec02-45ff-bd44-1abc5ff8aed0:group-7059FFE087D7:LeaderElection90] INFO  segmented.SegmentedRaftLogWorker (SegmentedRaftLogWorker.java:startLogSegment(380)) - 16493f01-ec02-45ff-bd44-1abc5ff8aed0-SegmentedRaftLogWorker:Storage Directory /workdir/hadoop-ozone/ozonefs/target/test-dir/MiniOzoneClusterImpl-1d4abb45-6296-491d-afb2-898852a5cf2e/datanode-0/data/ratis/dc66fde4-0de0-4eaf-81b5-7059ffe087d7: Starting segment from index:0
2019-09-19 09:52:35,224 [16493f01-ec02-45ff-bd44-1abc5ff8aed0:group-7059FFE087D7:LeaderElection90] INFO  impl.RaftServerImpl (ServerState.java:setRaftConf(361)) - 16493f01-ec02-45ff-bd44-1abc5ff8aed0:group-7059FFE087D7 set configuration 0: [16493f01-ec02-45ff-bd44-1abc5ff8aed0:192.168.34.5:45995], old=null at 0
2019-09-19 09:52:35,261 [16493f01-ec02-45ff-bd44-1abc5ff8aed0-SegmentedRaftLogWorker:Storage Directory /workdir/hadoop-ozone/ozonefs/target/test-dir/MiniOzoneClusterImpl-1d4abb45-6296-491d-afb2-898852a5cf2e/datanode-0/data/ratis/dc66fde4-0de0-4eaf-81b5-7059ffe087d7] INFO  segmented.SegmentedRaftLogWorker (SegmentedRaftLogWorker.java:execute(569)) - 16493f01-ec02-45ff-bd44-1abc5ff8aed0-SegmentedRaftLogWorker:Storage Directory /workdir/hadoop-ozone/ozonefs/target/test-dir/MiniOzoneClusterImpl-1d4abb45-6296-491d-afb2-898852a5cf2e/datanode-0/data/ratis/dc66fde4-0de0-4eaf-81b5-7059ffe087d7: created new log segment /workdir/hadoop-ozone/ozonefs/target/test-dir/MiniOzoneClusterImpl-1d4abb45-6296-491d-afb2-898852a5cf2e/datanode-0/data/ratis/dc66fde4-0de0-4eaf-81b5-7059ffe087d7/current/log_inprogress_0
2019-09-19 09:52:35,309 [Thread-1514] INFO  impl.FollowerState (FollowerState.java:run(106)) - 16493f01-ec02-45ff-bd44-1abc5ff8aed0:group-F67D84B5213B changes to CANDIDATE, lastRpcTime:5086, electionTimeout:5086ms
2019-09-19 09:52:35,309 [Thread-1514] INFO  impl.RoleInfo (RoleInfo.java:shutdownFollowerState(121)) - 16493f01-ec02-45ff-bd44-1abc5ff8aed0: shutdown FollowerState
2019-09-19 09:52:35,309 [Thread-1514] INFO  impl.RaftServerImpl (RaftServerImpl.java:setRole(171)) - 16493f01-ec02-45ff-bd44-1abc5ff8aed0:group-F67D84B5213B changes role from FOLLOWER to CANDIDATE at term 0 for changeToCandidate
2019-09-19 09:52:35,309 [Thread-1514] INFO  impl.RoleInfo (RoleInfo.java:updateAndGet(143)) - 16493f01-ec02-45ff-bd44-1abc5ff8aed0: start LeaderElection
2019-09-19 09:52:35,325 [16493f01-ec02-45ff-bd44-1abc5ff8aed0:group-F67D84B5213B:LeaderElection91] INFO  impl.LeaderElection (LeaderElection.java:askForVotes(181)) - 16493f01-ec02-45ff-bd44-1abc5ff8aed0:group-F67D84B5213B:LeaderElection91: begin an election at term 1 for -1: [16493f01-ec02-45ff-bd44-1abc5ff8aed0:192.168.34.5:45995], old=null
2019-09-19 09:52:35,325 [16493f01-ec02-45ff-bd44-1abc5ff8aed0:group-F67D84B5213B:LeaderElection91] INFO  impl.RoleInfo (RoleInfo.java:shutdownLeaderElection(134)) - 16493f01-ec02-45ff-bd44-1abc5ff8aed0: shutdown LeaderElection
2019-09-19 09:52:35,326 [16493f01-ec02-45ff-bd44-1abc5ff8aed0:group-F67D84B5213B:LeaderElection91] INFO  impl.RaftServerImpl (RaftServerImpl.java:setRole(171)) - 16493f01-ec02-45ff-bd44-1abc5ff8aed0:group-F67D84B5213B changes role from CANDIDATE to LEADER at term 1 for changeToLeader
2019-09-19 09:52:35,326 [16493f01-ec02-45ff-bd44-1abc5ff8aed0:group-F67D84B5213B:LeaderElection91] INFO  impl.RaftServerImpl (ServerState.java:setLeader(263)) - 16493f01-ec02-45ff-bd44-1abc5ff8aed0:group-F67D84B5213B change Leader from null to 16493f01-ec02-45ff-bd44-1abc5ff8aed0 at term 1 for becomeLeader, leader elected after 5106ms
2019-09-19 09:52:35,326 [16493f01-ec02-45ff-bd44-1abc5ff8aed0:group-F67D84B5213B:LeaderElection91] INFO  server.RaftServerConfigKeys (ConfUtils.java:logGet(43)) - raft.server.staging.catchup.gap = 1000 (default)
2019-09-19 09:52:35,326 [16493f01-ec02-45ff-bd44-1abc5ff8aed0:group-F67D84B5213B:LeaderElection91] INFO  server.RaftServerConfigKeys (ConfUtils.java:logGet(43)) - raft.server.rpc.sleep.time = 25ms (default)
2019-09-19 09:52:35,326 [16493f01-ec02-45ff-bd44-1abc5ff8aed0:group-F67D84B5213B:LeaderElection91] INFO  server.RaftServerConfigKeys (ConfUtils.java:logGet(43)) - raft.server.write.element-limit = 4096 (default)
2019-09-19 09:52:35,326 [16493f01-ec02-45ff-bd44-1abc5ff8aed0:group-F67D84B5213B:LeaderElection91] INFO  server.RaftServerConfigKeys (ConfUtils.java:logGet(43)) - raft.server.watch.timeout = 10s (default)
2019-09-19 09:52:35,326 [16493f01-ec02-45ff-bd44-1abc5ff8aed0:group-F67D84B5213B:LeaderElection91] INFO  server.RaftServerConfigKeys (ConfUtils.java:logGet(43)) - raft.server.watch.timeout.denomination = 1s (default)
2019-09-19 09:52:35,327 [16493f01-ec02-45ff-bd44-1abc5ff8aed0:group-F67D84B5213B:LeaderElection91] INFO  server.RaftServerConfigKeys (ConfUtils.java:logGet(43)) - raft.server.watch.element-limit = 65536 (default)
2019-09-19 09:52:35,327 [16493f01-ec02-45ff-bd44-1abc5ff8aed0:group-F67D84B5213B:LeaderElection91] INFO  impl.RoleInfo (RoleInfo.java:updateAndGet(143)) - 16493f01-ec02-45ff-bd44-1abc5ff8aed0: start LeaderState
2019-09-19 09:52:35,327 [16493f01-ec02-45ff-bd44-1abc5ff8aed0:group-F67D84B5213B:LeaderElection91] INFO  segmented.SegmentedRaftLogWorker (SegmentedRaftLogWorker.java:startLogSegment(380)) - 16493f01-ec02-45ff-bd44-1abc5ff8aed0-SegmentedRaftLogWorker:Storage Directory /workdir/hadoop-ozone/ozonefs/target/test-dir/MiniOzoneClusterImpl-1d4abb45-6296-491d-afb2-898852a5cf2e/datanode-0/data/ratis/d942da3e-1710-4e8d-ac40-f67d84b5213b: Starting segment from index:0
2019-09-19 09:52:35,328 [16493f01-ec02-45ff-bd44-1abc5ff8aed0:group-F67D84B5213B:LeaderElection91] INFO  impl.RaftServerImpl (ServerState.java:setRaftConf(361)) - 16493f01-ec02-45ff-bd44-1abc5ff8aed0:group-F67D84B5213B set configuration 0: [16493f01-ec02-45ff-bd44-1abc5ff8aed0:192.168.34.5:45995], old=null at 0
2019-09-19 09:52:35,379 [16493f01-ec02-45ff-bd44-1abc5ff8aed0-SegmentedRaftLogWorker:Storage Directory /workdir/hadoop-ozone/ozonefs/target/test-dir/MiniOzoneClusterImpl-1d4abb45-6296-491d-afb2-898852a5cf2e/datanode-0/data/ratis/d942da3e-1710-4e8d-ac40-f67d84b5213b] INFO  segmented.SegmentedRaftLogWorker (SegmentedRaftLogWorker.java:execute(569)) - 16493f01-ec02-45ff-bd44-1abc5ff8aed0-SegmentedRaftLogWorker:Storage Directory /workdir/hadoop-ozone/ozonefs/target/test-dir/MiniOzoneClusterImpl-1d4abb45-6296-491d-afb2-898852a5cf2e/datanode-0/data/ratis/d942da3e-1710-4e8d-ac40-f67d84b5213b: created new log segment /workdir/hadoop-ozone/ozonefs/target/test-dir/MiniOzoneClusterImpl-1d4abb45-6296-491d-afb2-898852a5cf2e/datanode-0/data/ratis/d942da3e-1710-4e8d-ac40-f67d84b5213b/current/log_inprogress_0
2019-09-19 09:52:35,419 [Thread-1520] INFO  impl.FollowerState (FollowerState.java:run(106)) - 16493f01-ec02-45ff-bd44-1abc5ff8aed0:group-4257C324CEEC changes to CANDIDATE, lastRpcTime:5117, electionTimeout:5117ms
2019-09-19 09:52:35,419 [Thread-1520] INFO  impl.RoleInfo (RoleInfo.java:shutdownFollowerState(121)) - 16493f01-ec02-45ff-bd44-1abc5ff8aed0: shutdown FollowerState
2019-09-19 09:52:35,419 [Thread-1520] INFO  impl.RaftServerImpl (RaftServerImpl.java:setRole(171)) - 16493f01-ec02-45ff-bd44-1abc5ff8aed0:group-4257C324CEEC changes role from FOLLOWER to CANDIDATE at term 0 for changeToCandidate
2019-09-19 09:52:35,420 [Thread-1520] INFO  impl.RoleInfo (RoleInfo.java:updateAndGet(143)) - 16493f01-ec02-45ff-bd44-1abc5ff8aed0: start LeaderElection
2019-09-19 09:52:35,435 [16493f01-ec02-45ff-bd44-1abc5ff8aed0:group-4257C324CEEC:LeaderElection92] INFO  impl.LeaderElection (LeaderElection.java:askForVotes(181)) - 16493f01-ec02-45ff-bd44-1abc5ff8aed0:group-4257C324CEEC:LeaderElection92: begin an election at term 1 for -1: [16493f01-ec02-45ff-bd44-1abc5ff8aed0:192.168.34.5:45995], old=null
2019-09-19 09:52:35,435 [16493f01-ec02-45ff-bd44-1abc5ff8aed0:group-4257C324CEEC:LeaderElection92] INFO  impl.RoleInfo (RoleInfo.java:shutdownLeaderElection(134)) - 16493f01-ec02-45ff-bd44-1abc5ff8aed0: shutdown LeaderElection
2019-09-19 09:52:35,435 [16493f01-ec02-45ff-bd44-1abc5ff8aed0:group-4257C324CEEC:LeaderElection92] INFO  impl.RaftServerImpl (RaftServerImpl.java:setRole(171)) - 16493f01-ec02-45ff-bd44-1abc5ff8aed0:group-4257C324CEEC changes role from CANDIDATE to LEADER at term 1 for changeToLeader
2019-09-19 09:52:35,435 [16493f01-ec02-45ff-bd44-1abc5ff8aed0:group-4257C324CEEC:LeaderElection92] INFO  impl.RaftServerImpl (ServerState.java:setLeader(263)) - 16493f01-ec02-45ff-bd44-1abc5ff8aed0:group-4257C324CEEC change Leader from null to 16493f01-ec02-45ff-bd44-1abc5ff8aed0 at term 1 for becomeLeader, leader elected after 5137ms
2019-09-19 09:52:35,435 [16493f01-ec02-45ff-bd44-1abc5ff8aed0:group-4257C324CEEC:LeaderElection92] INFO  server.RaftServerConfigKeys (ConfUtils.java:logGet(43)) - raft.server.staging.catchup.gap = 1000 (default)
2019-09-19 09:52:35,436 [16493f01-ec02-45ff-bd44-1abc5ff8aed0:group-4257C324CEEC:LeaderElection92] INFO  server.RaftServerConfigKeys (ConfUtils.java:logGet(43)) - raft.server.rpc.sleep.time = 25ms (default)
2019-09-19 09:52:35,436 [16493f01-ec02-45ff-bd44-1abc5ff8aed0:group-4257C324CEEC:LeaderElection92] INFO  server.RaftServerConfigKeys (ConfUtils.java:logGet(43)) - raft.server.write.element-limit = 4096 (default)
2019-09-19 09:52:35,436 [16493f01-ec02-45ff-bd44-1abc5ff8aed0:group-4257C324CEEC:LeaderElection92] INFO  server.RaftServerConfigKeys (ConfUtils.java:logGet(43)) - raft.server.watch.timeout = 10s (default)
2019-09-19 09:52:35,436 [16493f01-ec02-45ff-bd44-1abc5ff8aed0:group-4257C324CEEC:LeaderElection92] INFO  server.RaftServerConfigKeys (ConfUtils.java:logGet(43)) - raft.server.watch.timeout.denomination = 1s (default)
2019-09-19 09:52:35,436 [16493f01-ec02-45ff-bd44-1abc5ff8aed0:group-4257C324CEEC:LeaderElection92] INFO  server.RaftServerConfigKeys (ConfUtils.java:logGet(43)) - raft.server.watch.element-limit = 65536 (default)
2019-09-19 09:52:35,437 [16493f01-ec02-45ff-bd44-1abc5ff8aed0:group-4257C324CEEC:LeaderElection92] INFO  impl.RoleInfo (RoleInfo.java:updateAndGet(143)) - 16493f01-ec02-45ff-bd44-1abc5ff8aed0: start LeaderState
2019-09-19 09:52:35,437 [16493f01-ec02-45ff-bd44-1abc5ff8aed0:group-4257C324CEEC:LeaderElection92] INFO  segmented.SegmentedRaftLogWorker (SegmentedRaftLogWorker.java:startLogSegment(380)) - 16493f01-ec02-45ff-bd44-1abc5ff8aed0-SegmentedRaftLogWorker:Storage Directory /workdir/hadoop-ozone/ozonefs/target/test-dir/MiniOzoneClusterImpl-1d4abb45-6296-491d-afb2-898852a5cf2e/datanode-0/data/ratis/1ad3d04e-de0e-4f17-bcc0-4257c324ceec: Starting segment from index:0
2019-09-19 09:52:35,437 [16493f01-ec02-45ff-bd44-1abc5ff8aed0:group-4257C324CEEC:LeaderElection92] INFO  impl.RaftServerImpl (ServerState.java:setRaftConf(361)) - 16493f01-ec02-45ff-bd44-1abc5ff8aed0:group-4257C324CEEC set configuration 0: [16493f01-ec02-45ff-bd44-1abc5ff8aed0:192.168.34.5:45995], old=null at 0
2019-09-19 09:52:35,444 [Thread-1517] INFO  impl.FollowerState (FollowerState.java:run(106)) - 16493f01-ec02-45ff-bd44-1abc5ff8aed0:group-354BD848B04C changes to CANDIDATE, lastRpcTime:5182, electionTimeout:5182ms
2019-09-19 09:52:35,444 [Thread-1517] INFO  impl.RoleInfo (RoleInfo.java:shutdownFollowerState(121)) - 16493f01-ec02-45ff-bd44-1abc5ff8aed0: shutdown FollowerState
2019-09-19 09:52:35,445 [Thread-1517] INFO  impl.RaftServerImpl (RaftServerImpl.java:setRole(171)) - 16493f01-ec02-45ff-bd44-1abc5ff8aed0:group-354BD848B04C changes role from FOLLOWER to CANDIDATE at term 0 for changeToCandidate
2019-09-19 09:52:35,445 [Thread-1517] INFO  impl.RoleInfo (RoleInfo.java:updateAndGet(143)) - 16493f01-ec02-45ff-bd44-1abc5ff8aed0: start LeaderElection
2019-09-19 09:52:35,475 [Thread-1526] INFO  impl.FollowerState (FollowerState.java:run(106)) - edb869d4-f721-4ac7-9d7d-3d59f669430d:group-BF6336E6B475 changes to CANDIDATE, lastRpcTime:5128, electionTimeout:5109ms
2019-09-19 09:52:35,475 [Thread-1526] INFO  impl.RoleInfo (RoleInfo.java:shutdownFollowerState(121)) - edb869d4-f721-4ac7-9d7d-3d59f669430d: shutdown FollowerState
2019-09-19 09:52:35,475 [Thread-1526] INFO  impl.RaftServerImpl (RaftServerImpl.java:setRole(171)) - edb869d4-f721-4ac7-9d7d-3d59f669430d:group-BF6336E6B475 changes role from FOLLOWER to CANDIDATE at term 0 for changeToCandidate
2019-09-19 09:52:35,476 [Thread-1526] INFO  impl.RoleInfo (RoleInfo.java:updateAndGet(143)) - edb869d4-f721-4ac7-9d7d-3d59f669430d: start LeaderElection
2019-09-19 09:52:35,478 | INFO  | SCMAudit | user=jenkins1000 | ip=192.168.34.5 | op=SEND_HEARTBEAT {datanodeUUID=5fe28b99-5296-4882-8415-41e5835760cd, command=[]} | ret=SUCCESS |  
2019-09-19 09:52:35,488 [16493f01-ec02-45ff-bd44-1abc5ff8aed0-SegmentedRaftLogWorker:Storage Directory /workdir/hadoop-ozone/ozonefs/target/test-dir/MiniOzoneClusterImpl-1d4abb45-6296-491d-afb2-898852a5cf2e/datanode-0/data/ratis/1ad3d04e-de0e-4f17-bcc0-4257c324ceec] INFO  segmented.SegmentedRaftLogWorker (SegmentedRaftLogWorker.java:execute(569)) - 16493f01-ec02-45ff-bd44-1abc5ff8aed0-SegmentedRaftLogWorker:Storage Directory /workdir/hadoop-ozone/ozonefs/target/test-dir/MiniOzoneClusterImpl-1d4abb45-6296-491d-afb2-898852a5cf2e/datanode-0/data/ratis/1ad3d04e-de0e-4f17-bcc0-4257c324ceec: created new log segment /workdir/hadoop-ozone/ozonefs/target/test-dir/MiniOzoneClusterImpl-1d4abb45-6296-491d-afb2-898852a5cf2e/datanode-0/data/ratis/1ad3d04e-de0e-4f17-bcc0-4257c324ceec/current/log_inprogress_0
2019-09-19 09:52:35,488 [16493f01-ec02-45ff-bd44-1abc5ff8aed0:group-354BD848B04C:LeaderElection93] INFO  impl.LeaderElection (LeaderElection.java:askForVotes(181)) - 16493f01-ec02-45ff-bd44-1abc5ff8aed0:group-354BD848B04C:LeaderElection93: begin an election at term 1 for -1: [16493f01-ec02-45ff-bd44-1abc5ff8aed0:192.168.34.5:45995], old=null
2019-09-19 09:52:35,488 [edb869d4-f721-4ac7-9d7d-3d59f669430d:group-BF6336E6B475:LeaderElection94] INFO  impl.LeaderElection (LeaderElection.java:askForVotes(181)) - edb869d4-f721-4ac7-9d7d-3d59f669430d:group-BF6336E6B475:LeaderElection94: begin an election at term 1 for -1: [edb869d4-f721-4ac7-9d7d-3d59f669430d:192.168.34.5:43205], old=null
2019-09-19 09:52:35,488 [16493f01-ec02-45ff-bd44-1abc5ff8aed0:group-354BD848B04C:LeaderElection93] INFO  impl.RoleInfo (RoleInfo.java:shutdownLeaderElection(134)) - 16493f01-ec02-45ff-bd44-1abc5ff8aed0: shutdown LeaderElection
2019-09-19 09:52:35,488 [edb869d4-f721-4ac7-9d7d-3d59f669430d:group-BF6336E6B475:LeaderElection94] INFO  impl.RoleInfo (RoleInfo.java:shutdownLeaderElection(134)) - edb869d4-f721-4ac7-9d7d-3d59f669430d: shutdown LeaderElection
2019-09-19 09:52:35,488 [16493f01-ec02-45ff-bd44-1abc5ff8aed0:group-354BD848B04C:LeaderElection93] INFO  impl.RaftServerImpl (RaftServerImpl.java:setRole(171)) - 16493f01-ec02-45ff-bd44-1abc5ff8aed0:group-354BD848B04C changes role from CANDIDATE to LEADER at term 1 for changeToLeader
2019-09-19 09:52:35,489 [edb869d4-f721-4ac7-9d7d-3d59f669430d:group-BF6336E6B475:LeaderElection94] INFO  impl.RaftServerImpl (RaftServerImpl.java:setRole(171)) - edb869d4-f721-4ac7-9d7d-3d59f669430d:group-BF6336E6B475 changes role from CANDIDATE to LEADER at term 1 for changeToLeader
2019-09-19 09:52:35,489 [16493f01-ec02-45ff-bd44-1abc5ff8aed0:group-354BD848B04C:LeaderElection93] INFO  impl.RaftServerImpl (ServerState.java:setLeader(263)) - 16493f01-ec02-45ff-bd44-1abc5ff8aed0:group-354BD848B04C change Leader from null to 16493f01-ec02-45ff-bd44-1abc5ff8aed0 at term 1 for becomeLeader, leader elected after 5231ms
2019-09-19 09:52:35,489 [edb869d4-f721-4ac7-9d7d-3d59f669430d:group-BF6336E6B475:LeaderElection94] INFO  impl.RaftServerImpl (ServerState.java:setLeader(263)) - edb869d4-f721-4ac7-9d7d-3d59f669430d:group-BF6336E6B475 change Leader from null to edb869d4-f721-4ac7-9d7d-3d59f669430d at term 1 for becomeLeader, leader elected after 5146ms
2019-09-19 09:52:35,489 [16493f01-ec02-45ff-bd44-1abc5ff8aed0:group-354BD848B04C:LeaderElection93] INFO  server.RaftServerConfigKeys (ConfUtils.java:logGet(43)) - raft.server.staging.catchup.gap = 1000 (default)
2019-09-19 09:52:35,489 [edb869d4-f721-4ac7-9d7d-3d59f669430d:group-BF6336E6B475:LeaderElection94] INFO  server.RaftServerConfigKeys (ConfUtils.java:logGet(43)) - raft.server.staging.catchup.gap = 1000 (default)
2019-09-19 09:52:35,489 [16493f01-ec02-45ff-bd44-1abc5ff8aed0:group-354BD848B04C:LeaderElection93] INFO  server.RaftServerConfigKeys (ConfUtils.java:logGet(43)) - raft.server.rpc.sleep.time = 25ms (default)
2019-09-19 09:52:35,489 [edb869d4-f721-4ac7-9d7d-3d59f669430d:group-BF6336E6B475:LeaderElection94] INFO  server.RaftServerConfigKeys (ConfUtils.java:logGet(43)) - raft.server.rpc.sleep.time = 25ms (default)
2019-09-19 09:52:35,489 [16493f01-ec02-45ff-bd44-1abc5ff8aed0:group-354BD848B04C:LeaderElection93] INFO  server.RaftServerConfigKeys (ConfUtils.java:logGet(43)) - raft.server.write.element-limit = 4096 (default)
2019-09-19 09:52:35,490 [edb869d4-f721-4ac7-9d7d-3d59f669430d:group-BF6336E6B475:LeaderElection94] INFO  server.RaftServerConfigKeys (ConfUtils.java:logGet(43)) - raft.server.write.element-limit = 4096 (default)
2019-09-19 09:52:35,490 [16493f01-ec02-45ff-bd44-1abc5ff8aed0:group-354BD848B04C:LeaderElection93] INFO  server.RaftServerConfigKeys (ConfUtils.java:logGet(43)) - raft.server.watch.timeout = 10s (default)
2019-09-19 09:52:35,490 [edb869d4-f721-4ac7-9d7d-3d59f669430d:group-BF6336E6B475:LeaderElection94] INFO  server.RaftServerConfigKeys (ConfUtils.java:logGet(43)) - raft.server.watch.timeout = 10s (default)
2019-09-19 09:52:35,490 [16493f01-ec02-45ff-bd44-1abc5ff8aed0:group-354BD848B04C:LeaderElection93] INFO  server.RaftServerConfigKeys (ConfUtils.java:logGet(43)) - raft.server.watch.timeout.denomination = 1s (default)
2019-09-19 09:52:35,490 [edb869d4-f721-4ac7-9d7d-3d59f669430d:group-BF6336E6B475:LeaderElection94] INFO  server.RaftServerConfigKeys (ConfUtils.java:logGet(43)) - raft.server.watch.timeout.denomination = 1s (default)
2019-09-19 09:52:35,490 [16493f01-ec02-45ff-bd44-1abc5ff8aed0:group-354BD848B04C:LeaderElection93] INFO  server.RaftServerConfigKeys (ConfUtils.java:logGet(43)) - raft.server.watch.element-limit = 65536 (default)
2019-09-19 09:52:35,490 [edb869d4-f721-4ac7-9d7d-3d59f669430d:group-BF6336E6B475:LeaderElection94] INFO  server.RaftServerConfigKeys (ConfUtils.java:logGet(43)) - raft.server.watch.element-limit = 65536 (default)
2019-09-19 09:52:35,490 [16493f01-ec02-45ff-bd44-1abc5ff8aed0:group-354BD848B04C:LeaderElection93] INFO  impl.RoleInfo (RoleInfo.java:updateAndGet(143)) - 16493f01-ec02-45ff-bd44-1abc5ff8aed0: start LeaderState
2019-09-19 09:52:35,491 [edb869d4-f721-4ac7-9d7d-3d59f669430d:group-BF6336E6B475:LeaderElection94] INFO  impl.RoleInfo (RoleInfo.java:updateAndGet(143)) - edb869d4-f721-4ac7-9d7d-3d59f669430d: start LeaderState
2019-09-19 09:52:35,491 [16493f01-ec02-45ff-bd44-1abc5ff8aed0:group-354BD848B04C:LeaderElection93] INFO  segmented.SegmentedRaftLogWorker (SegmentedRaftLogWorker.java:startLogSegment(380)) - 16493f01-ec02-45ff-bd44-1abc5ff8aed0-SegmentedRaftLogWorker:Storage Directory /workdir/hadoop-ozone/ozonefs/target/test-dir/MiniOzoneClusterImpl-1d4abb45-6296-491d-afb2-898852a5cf2e/datanode-0/data/ratis/8e2b9998-002b-4234-aafe-354bd848b04c: Starting segment from index:0
2019-09-19 09:52:35,491 [edb869d4-f721-4ac7-9d7d-3d59f669430d:group-BF6336E6B475:LeaderElection94] INFO  segmented.SegmentedRaftLogWorker (SegmentedRaftLogWorker.java:startLogSegment(380)) - edb869d4-f721-4ac7-9d7d-3d59f669430d-SegmentedRaftLogWorker:Storage Directory /workdir/hadoop-ozone/ozonefs/target/test-dir/MiniOzoneClusterImpl-1d4abb45-6296-491d-afb2-898852a5cf2e/datanode-1/data/ratis/63d039f7-417e-4505-8423-bf6336e6b475: Starting segment from index:0
2019-09-19 09:52:35,491 [16493f01-ec02-45ff-bd44-1abc5ff8aed0:group-354BD848B04C:LeaderElection93] INFO  impl.RaftServerImpl (ServerState.java:setRaftConf(361)) - 16493f01-ec02-45ff-bd44-1abc5ff8aed0:group-354BD848B04C set configuration 0: [16493f01-ec02-45ff-bd44-1abc5ff8aed0:192.168.34.5:45995], old=null at 0
2019-09-19 09:52:35,492 [edb869d4-f721-4ac7-9d7d-3d59f669430d:group-BF6336E6B475:LeaderElection94] INFO  impl.RaftServerImpl (ServerState.java:setRaftConf(361)) - edb869d4-f721-4ac7-9d7d-3d59f669430d:group-BF6336E6B475 set configuration 0: [edb869d4-f721-4ac7-9d7d-3d59f669430d:192.168.34.5:43205], old=null at 0
2019-09-19 09:52:35,494 [Thread-1532] INFO  impl.FollowerState (FollowerState.java:run(106)) - edb869d4-f721-4ac7-9d7d-3d59f669430d:group-D00FC8713296 changes to CANDIDATE, lastRpcTime:5077, electionTimeout:5077ms
2019-09-19 09:52:35,495 [Thread-1532] INFO  impl.RoleInfo (RoleInfo.java:shutdownFollowerState(121)) - edb869d4-f721-4ac7-9d7d-3d59f669430d: shutdown FollowerState
2019-09-19 09:52:35,495 [Thread-1532] INFO  impl.RaftServerImpl (RaftServerImpl.java:setRole(171)) - edb869d4-f721-4ac7-9d7d-3d59f669430d:group-D00FC8713296 changes role from FOLLOWER to CANDIDATE at term 0 for changeToCandidate
2019-09-19 09:52:35,495 [Thread-1532] INFO  impl.RoleInfo (RoleInfo.java:updateAndGet(143)) - edb869d4-f721-4ac7-9d7d-3d59f669430d: start LeaderElection
2019-09-19 09:52:35,529 [Thread-1523] INFO  impl.FollowerState (FollowerState.java:run(106)) - 16493f01-ec02-45ff-bd44-1abc5ff8aed0:group-78CB78AB3B61 changes to CANDIDATE, lastRpcTime:5206, electionTimeout:5190ms
2019-09-19 09:52:35,529 [Thread-1523] INFO  impl.RoleInfo (RoleInfo.java:shutdownFollowerState(121)) - 16493f01-ec02-45ff-bd44-1abc5ff8aed0: shutdown FollowerState
2019-09-19 09:52:35,529 [Thread-1523] INFO  impl.RaftServerImpl (RaftServerImpl.java:setRole(171)) - 16493f01-ec02-45ff-bd44-1abc5ff8aed0:group-78CB78AB3B61 changes role from FOLLOWER to CANDIDATE at term 0 for changeToCandidate
2019-09-19 09:52:35,529 [Thread-1523] INFO  impl.RoleInfo (RoleInfo.java:updateAndGet(143)) - 16493f01-ec02-45ff-bd44-1abc5ff8aed0: start LeaderElection
2019-09-19 09:52:35,534 [Thread-1529] INFO  impl.FollowerState (FollowerState.java:run(106)) - edb869d4-f721-4ac7-9d7d-3d59f669430d:group-0A53B7DC8585 changes to CANDIDATE, lastRpcTime:5165, electionTimeout:5165ms
2019-09-19 09:52:35,534 [Thread-1529] INFO  impl.RoleInfo (RoleInfo.java:shutdownFollowerState(121)) - edb869d4-f721-4ac7-9d7d-3d59f669430d: shutdown FollowerState
2019-09-19 09:52:35,534 [Thread-1529] INFO  impl.RaftServerImpl (RaftServerImpl.java:setRole(171)) - edb869d4-f721-4ac7-9d7d-3d59f669430d:group-0A53B7DC8585 changes role from FOLLOWER to CANDIDATE at term 0 for changeToCandidate
2019-09-19 09:52:35,534 [Thread-1529] INFO  impl.RoleInfo (RoleInfo.java:updateAndGet(143)) - edb869d4-f721-4ac7-9d7d-3d59f669430d: start LeaderElection
2019-09-19 09:52:35,550 [edb869d4-f721-4ac7-9d7d-3d59f669430d-SegmentedRaftLogWorker:Storage Directory /workdir/hadoop-ozone/ozonefs/target/test-dir/MiniOzoneClusterImpl-1d4abb45-6296-491d-afb2-898852a5cf2e/datanode-1/data/ratis/63d039f7-417e-4505-8423-bf6336e6b475] INFO  segmented.SegmentedRaftLogWorker (SegmentedRaftLogWorker.java:execute(569)) - edb869d4-f721-4ac7-9d7d-3d59f669430d-SegmentedRaftLogWorker:Storage Directory /workdir/hadoop-ozone/ozonefs/target/test-dir/MiniOzoneClusterImpl-1d4abb45-6296-491d-afb2-898852a5cf2e/datanode-1/data/ratis/63d039f7-417e-4505-8423-bf6336e6b475: created new log segment /workdir/hadoop-ozone/ozonefs/target/test-dir/MiniOzoneClusterImpl-1d4abb45-6296-491d-afb2-898852a5cf2e/datanode-1/data/ratis/63d039f7-417e-4505-8423-bf6336e6b475/current/log_inprogress_0
2019-09-19 09:52:35,550 [edb869d4-f721-4ac7-9d7d-3d59f669430d:group-D00FC8713296:LeaderElection95] INFO  impl.LeaderElection (LeaderElection.java:askForVotes(181)) - edb869d4-f721-4ac7-9d7d-3d59f669430d:group-D00FC8713296:LeaderElection95: begin an election at term 1 for -1: [edb869d4-f721-4ac7-9d7d-3d59f669430d:192.168.34.5:43205], old=null
2019-09-19 09:52:35,550 [edb869d4-f721-4ac7-9d7d-3d59f669430d:group-0A53B7DC8585:LeaderElection97] INFO  impl.LeaderElection (LeaderElection.java:askForVotes(181)) - edb869d4-f721-4ac7-9d7d-3d59f669430d:group-0A53B7DC8585:LeaderElection97: begin an election at term 1 for -1: [edb869d4-f721-4ac7-9d7d-3d59f669430d:192.168.34.5:43205], old=null
2019-09-19 09:52:35,551 [16493f01-ec02-45ff-bd44-1abc5ff8aed0:group-78CB78AB3B61:LeaderElection96] INFO  impl.LeaderElection (LeaderElection.java:askForVotes(181)) - 16493f01-ec02-45ff-bd44-1abc5ff8aed0:group-78CB78AB3B61:LeaderElection96: begin an election at term 1 for -1: [16493f01-ec02-45ff-bd44-1abc5ff8aed0:192.168.34.5:45995], old=null
2019-09-19 09:52:35,551 [16493f01-ec02-45ff-bd44-1abc5ff8aed0:group-78CB78AB3B61:LeaderElection96] INFO  impl.RoleInfo (RoleInfo.java:shutdownLeaderElection(134)) - 16493f01-ec02-45ff-bd44-1abc5ff8aed0: shutdown LeaderElection
2019-09-19 09:52:35,550 [16493f01-ec02-45ff-bd44-1abc5ff8aed0-SegmentedRaftLogWorker:Storage Directory /workdir/hadoop-ozone/ozonefs/target/test-dir/MiniOzoneClusterImpl-1d4abb45-6296-491d-afb2-898852a5cf2e/datanode-0/data/ratis/8e2b9998-002b-4234-aafe-354bd848b04c] INFO  segmented.SegmentedRaftLogWorker (SegmentedRaftLogWorker.java:execute(569)) - 16493f01-ec02-45ff-bd44-1abc5ff8aed0-SegmentedRaftLogWorker:Storage Directory /workdir/hadoop-ozone/ozonefs/target/test-dir/MiniOzoneClusterImpl-1d4abb45-6296-491d-afb2-898852a5cf2e/datanode-0/data/ratis/8e2b9998-002b-4234-aafe-354bd848b04c: created new log segment /workdir/hadoop-ozone/ozonefs/target/test-dir/MiniOzoneClusterImpl-1d4abb45-6296-491d-afb2-898852a5cf2e/datanode-0/data/ratis/8e2b9998-002b-4234-aafe-354bd848b04c/current/log_inprogress_0
2019-09-19 09:52:35,551 [16493f01-ec02-45ff-bd44-1abc5ff8aed0:group-78CB78AB3B61:LeaderElection96] INFO  impl.RaftServerImpl (RaftServerImpl.java:setRole(171)) - 16493f01-ec02-45ff-bd44-1abc5ff8aed0:group-78CB78AB3B61 changes role from CANDIDATE to LEADER at term 1 for changeToLeader
2019-09-19 09:52:35,551 [16493f01-ec02-45ff-bd44-1abc5ff8aed0:group-78CB78AB3B61:LeaderElection96] INFO  impl.RaftServerImpl (ServerState.java:setLeader(263)) - 16493f01-ec02-45ff-bd44-1abc5ff8aed0:group-78CB78AB3B61 change Leader from null to 16493f01-ec02-45ff-bd44-1abc5ff8aed0 at term 1 for becomeLeader, leader elected after 5232ms
2019-09-19 09:52:35,551 [edb869d4-f721-4ac7-9d7d-3d59f669430d:group-0A53B7DC8585:LeaderElection97] INFO  impl.RoleInfo (RoleInfo.java:shutdownLeaderElection(134)) - edb869d4-f721-4ac7-9d7d-3d59f669430d: shutdown LeaderElection
2019-09-19 09:52:35,552 [edb869d4-f721-4ac7-9d7d-3d59f669430d:group-0A53B7DC8585:LeaderElection97] INFO  impl.RaftServerImpl (RaftServerImpl.java:setRole(171)) - edb869d4-f721-4ac7-9d7d-3d59f669430d:group-0A53B7DC8585 changes role from CANDIDATE to LEADER at term 1 for changeToLeader
2019-09-19 09:52:35,551 [edb869d4-f721-4ac7-9d7d-3d59f669430d:group-D00FC8713296:LeaderElection95] INFO  impl.RoleInfo (RoleInfo.java:shutdownLeaderElection(134)) - edb869d4-f721-4ac7-9d7d-3d59f669430d: shutdown LeaderElection
2019-09-19 09:52:35,552 [edb869d4-f721-4ac7-9d7d-3d59f669430d:group-0A53B7DC8585:LeaderElection97] INFO  impl.RaftServerImpl (ServerState.java:setLeader(263)) - edb869d4-f721-4ac7-9d7d-3d59f669430d:group-0A53B7DC8585 change Leader from null to edb869d4-f721-4ac7-9d7d-3d59f669430d at term 1 for becomeLeader, leader elected after 5186ms
2019-09-19 09:52:35,552 [16493f01-ec02-45ff-bd44-1abc5ff8aed0:group-78CB78AB3B61:LeaderElection96] INFO  server.RaftServerConfigKeys (ConfUtils.java:logGet(43)) - raft.server.staging.catchup.gap = 1000 (default)
2019-09-19 09:52:35,552 [edb869d4-f721-4ac7-9d7d-3d59f669430d:group-0A53B7DC8585:LeaderElection97] INFO  server.RaftServerConfigKeys (ConfUtils.java:logGet(43)) - raft.server.staging.catchup.gap = 1000 (default)
2019-09-19 09:52:35,552 [edb869d4-f721-4ac7-9d7d-3d59f669430d:group-D00FC8713296:LeaderElection95] INFO  impl.RaftServerImpl (RaftServerImpl.java:setRole(171)) - edb869d4-f721-4ac7-9d7d-3d59f669430d:group-D00FC8713296 changes role from CANDIDATE to LEADER at term 1 for changeToLeader
2019-09-19 09:52:35,552 [edb869d4-f721-4ac7-9d7d-3d59f669430d:group-0A53B7DC8585:LeaderElection97] INFO  server.RaftServerConfigKeys (ConfUtils.java:logGet(43)) - raft.server.rpc.sleep.time = 25ms (default)
2019-09-19 09:52:35,552 [16493f01-ec02-45ff-bd44-1abc5ff8aed0:group-78CB78AB3B61:LeaderElection96] INFO  server.RaftServerConfigKeys (ConfUtils.java:logGet(43)) - raft.server.rpc.sleep.time = 25ms (default)
2019-09-19 09:52:35,553 [edb869d4-f721-4ac7-9d7d-3d59f669430d:group-0A53B7DC8585:LeaderElection97] INFO  server.RaftServerConfigKeys (ConfUtils.java:logGet(43)) - raft.server.write.element-limit = 4096 (default)
2019-09-19 09:52:35,552 [edb869d4-f721-4ac7-9d7d-3d59f669430d:group-D00FC8713296:LeaderElection95] INFO  impl.RaftServerImpl (ServerState.java:setLeader(263)) - edb869d4-f721-4ac7-9d7d-3d59f669430d:group-D00FC8713296 change Leader from null to edb869d4-f721-4ac7-9d7d-3d59f669430d at term 1 for becomeLeader, leader elected after 5140ms
2019-09-19 09:52:35,553 [edb869d4-f721-4ac7-9d7d-3d59f669430d:group-0A53B7DC8585:LeaderElection97] INFO  server.RaftServerConfigKeys (ConfUtils.java:logGet(43)) - raft.server.watch.timeout = 10s (default)
2019-09-19 09:52:35,553 [16493f01-ec02-45ff-bd44-1abc5ff8aed0:group-78CB78AB3B61:LeaderElection96] INFO  server.RaftServerConfigKeys (ConfUtils.java:logGet(43)) - raft.server.write.element-limit = 4096 (default)
2019-09-19 09:52:35,553 [edb869d4-f721-4ac7-9d7d-3d59f669430d:group-0A53B7DC8585:LeaderElection97] INFO  server.RaftServerConfigKeys (ConfUtils.java:logGet(43)) - raft.server.watch.timeout.denomination = 1s (default)
2019-09-19 09:52:35,553 [edb869d4-f721-4ac7-9d7d-3d59f669430d:group-D00FC8713296:LeaderElection95] INFO  server.RaftServerConfigKeys (ConfUtils.java:logGet(43)) - raft.server.staging.catchup.gap = 1000 (default)
2019-09-19 09:52:35,554 [edb869d4-f721-4ac7-9d7d-3d59f669430d:group-0A53B7DC8585:LeaderElection97] INFO  server.RaftServerConfigKeys (ConfUtils.java:logGet(43)) - raft.server.watch.element-limit = 65536 (default)
2019-09-19 09:52:35,553 [16493f01-ec02-45ff-bd44-1abc5ff8aed0:group-78CB78AB3B61:LeaderElection96] INFO  server.RaftServerConfigKeys (ConfUtils.java:logGet(43)) - raft.server.watch.timeout = 10s (default)
2019-09-19 09:52:35,554 [edb869d4-f721-4ac7-9d7d-3d59f669430d:group-0A53B7DC8585:LeaderElection97] INFO  impl.RoleInfo (RoleInfo.java:updateAndGet(143)) - edb869d4-f721-4ac7-9d7d-3d59f669430d: start LeaderState
2019-09-19 09:52:35,554 [edb869d4-f721-4ac7-9d7d-3d59f669430d:group-D00FC8713296:LeaderElection95] INFO  server.RaftServerConfigKeys (ConfUtils.java:logGet(43)) - raft.server.rpc.sleep.time = 25ms (default)
2019-09-19 09:52:35,554 [16493f01-ec02-45ff-bd44-1abc5ff8aed0:group-78CB78AB3B61:LeaderElection96] INFO  server.RaftServerConfigKeys (ConfUtils.java:logGet(43)) - raft.server.watch.timeout.denomination = 1s (default)
2019-09-19 09:52:35,554 [edb869d4-f721-4ac7-9d7d-3d59f669430d:group-D00FC8713296:LeaderElection95] INFO  server.RaftServerConfigKeys (ConfUtils.java:logGet(43)) - raft.server.write.element-limit = 4096 (default)
2019-09-19 09:52:35,554 [edb869d4-f721-4ac7-9d7d-3d59f669430d:group-0A53B7DC8585:LeaderElection97] INFO  segmented.SegmentedRaftLogWorker (SegmentedRaftLogWorker.java:startLogSegment(380)) - edb869d4-f721-4ac7-9d7d-3d59f669430d-SegmentedRaftLogWorker:Storage Directory /workdir/hadoop-ozone/ozonefs/target/test-dir/MiniOzoneClusterImpl-1d4abb45-6296-491d-afb2-898852a5cf2e/datanode-1/data/ratis/696e2d07-fc4a-4aa8-8f50-0a53b7dc8585: Starting segment from index:0
2019-09-19 09:52:35,554 [edb869d4-f721-4ac7-9d7d-3d59f669430d:group-D00FC8713296:LeaderElection95] INFO  server.RaftServerConfigKeys (ConfUtils.java:logGet(43)) - raft.server.watch.timeout = 10s (default)
2019-09-19 09:52:35,554 [16493f01-ec02-45ff-bd44-1abc5ff8aed0:group-78CB78AB3B61:LeaderElection96] INFO  server.RaftServerConfigKeys (ConfUtils.java:logGet(43)) - raft.server.watch.element-limit = 65536 (default)
2019-09-19 09:52:35,555 [edb869d4-f721-4ac7-9d7d-3d59f669430d:group-D00FC8713296:LeaderElection95] INFO  server.RaftServerConfigKeys (ConfUtils.java:logGet(43)) - raft.server.watch.timeout.denomination = 1s (default)
2019-09-19 09:52:35,555 [16493f01-ec02-45ff-bd44-1abc5ff8aed0:group-78CB78AB3B61:LeaderElection96] INFO  impl.RoleInfo (RoleInfo.java:updateAndGet(143)) - 16493f01-ec02-45ff-bd44-1abc5ff8aed0: start LeaderState
2019-09-19 09:52:35,555 [edb869d4-f721-4ac7-9d7d-3d59f669430d:group-0A53B7DC8585:LeaderElection97] INFO  impl.RaftServerImpl (ServerState.java:setRaftConf(361)) - edb869d4-f721-4ac7-9d7d-3d59f669430d:group-0A53B7DC8585 set configuration 0: [edb869d4-f721-4ac7-9d7d-3d59f669430d:192.168.34.5:43205], old=null at 0
2019-09-19 09:52:35,555 [16493f01-ec02-45ff-bd44-1abc5ff8aed0:group-78CB78AB3B61:LeaderElection96] INFO  segmented.SegmentedRaftLogWorker (SegmentedRaftLogWorker.java:startLogSegment(380)) - 16493f01-ec02-45ff-bd44-1abc5ff8aed0-SegmentedRaftLogWorker:Storage Directory /workdir/hadoop-ozone/ozonefs/target/test-dir/MiniOzoneClusterImpl-1d4abb45-6296-491d-afb2-898852a5cf2e/datanode-0/data/ratis/182e86ee-fc74-4411-84d1-78cb78ab3b61: Starting segment from index:0
2019-09-19 09:52:35,555 [edb869d4-f721-4ac7-9d7d-3d59f669430d:group-D00FC8713296:LeaderElection95] INFO  server.RaftServerConfigKeys (ConfUtils.java:logGet(43)) - raft.server.watch.element-limit = 65536 (default)
2019-09-19 09:52:35,556 [edb869d4-f721-4ac7-9d7d-3d59f669430d:group-D00FC8713296:LeaderElection95] INFO  impl.RoleInfo (RoleInfo.java:updateAndGet(143)) - edb869d4-f721-4ac7-9d7d-3d59f669430d: start LeaderState
2019-09-19 09:52:35,556 [16493f01-ec02-45ff-bd44-1abc5ff8aed0:group-78CB78AB3B61:LeaderElection96] INFO  impl.RaftServerImpl (ServerState.java:setRaftConf(361)) - 16493f01-ec02-45ff-bd44-1abc5ff8aed0:group-78CB78AB3B61 set configuration 0: [16493f01-ec02-45ff-bd44-1abc5ff8aed0:192.168.34.5:45995], old=null at 0
2019-09-19 09:52:35,556 [edb869d4-f721-4ac7-9d7d-3d59f669430d:group-D00FC8713296:LeaderElection95] INFO  segmented.SegmentedRaftLogWorker (SegmentedRaftLogWorker.java:startLogSegment(380)) - edb869d4-f721-4ac7-9d7d-3d59f669430d-SegmentedRaftLogWorker:Storage Directory /workdir/hadoop-ozone/ozonefs/target/test-dir/MiniOzoneClusterImpl-1d4abb45-6296-491d-afb2-898852a5cf2e/datanode-1/data/ratis/0f52b231-3390-4a51-b443-d00fc8713296: Starting segment from index:0
2019-09-19 09:52:35,557 [edb869d4-f721-4ac7-9d7d-3d59f669430d:group-D00FC8713296:LeaderElection95] INFO  impl.RaftServerImpl (ServerState.java:setRaftConf(361)) - edb869d4-f721-4ac7-9d7d-3d59f669430d:group-D00FC8713296 set configuration 0: [edb869d4-f721-4ac7-9d7d-3d59f669430d:192.168.34.5:43205], old=null at 0
2019-09-19 09:52:35,563 [Thread-1541] INFO  impl.FollowerState (FollowerState.java:run(106)) - edb869d4-f721-4ac7-9d7d-3d59f669430d:group-BCE8E588A4C0 changes to CANDIDATE, lastRpcTime:5014, electionTimeout:5014ms
2019-09-19 09:52:35,563 [Thread-1541] INFO  impl.RoleInfo (RoleInfo.java:shutdownFollowerState(121)) - edb869d4-f721-4ac7-9d7d-3d59f669430d: shutdown FollowerState
2019-09-19 09:52:35,563 [Thread-1541] INFO  impl.RaftServerImpl (RaftServerImpl.java:setRole(171)) - edb869d4-f721-4ac7-9d7d-3d59f669430d:group-BCE8E588A4C0 changes role from FOLLOWER to CANDIDATE at term 0 for changeToCandidate
2019-09-19 09:52:35,563 [Thread-1541] INFO  impl.RoleInfo (RoleInfo.java:updateAndGet(143)) - edb869d4-f721-4ac7-9d7d-3d59f669430d: start LeaderElection
2019-09-19 09:52:35,622 [edb869d4-f721-4ac7-9d7d-3d59f669430d-SegmentedRaftLogWorker:Storage Directory /workdir/hadoop-ozone/ozonefs/target/test-dir/MiniOzoneClusterImpl-1d4abb45-6296-491d-afb2-898852a5cf2e/datanode-1/data/ratis/0f52b231-3390-4a51-b443-d00fc8713296] INFO  segmented.SegmentedRaftLogWorker (SegmentedRaftLogWorker.java:execute(569)) - edb869d4-f721-4ac7-9d7d-3d59f669430d-SegmentedRaftLogWorker:Storage Directory /workdir/hadoop-ozone/ozonefs/target/test-dir/MiniOzoneClusterImpl-1d4abb45-6296-491d-afb2-898852a5cf2e/datanode-1/data/ratis/0f52b231-3390-4a51-b443-d00fc8713296: created new log segment /workdir/hadoop-ozone/ozonefs/target/test-dir/MiniOzoneClusterImpl-1d4abb45-6296-491d-afb2-898852a5cf2e/datanode-1/data/ratis/0f52b231-3390-4a51-b443-d00fc8713296/current/log_inprogress_0
2019-09-19 09:52:35,622 [edb869d4-f721-4ac7-9d7d-3d59f669430d-SegmentedRaftLogWorker:Storage Directory /workdir/hadoop-ozone/ozonefs/target/test-dir/MiniOzoneClusterImpl-1d4abb45-6296-491d-afb2-898852a5cf2e/datanode-1/data/ratis/696e2d07-fc4a-4aa8-8f50-0a53b7dc8585] INFO  segmented.SegmentedRaftLogWorker (SegmentedRaftLogWorker.java:execute(569)) - edb869d4-f721-4ac7-9d7d-3d59f669430d-SegmentedRaftLogWorker:Storage Directory /workdir/hadoop-ozone/ozonefs/target/test-dir/MiniOzoneClusterImpl-1d4abb45-6296-491d-afb2-898852a5cf2e/datanode-1/data/ratis/696e2d07-fc4a-4aa8-8f50-0a53b7dc8585: created new log segment /workdir/hadoop-ozone/ozonefs/target/test-dir/MiniOzoneClusterImpl-1d4abb45-6296-491d-afb2-898852a5cf2e/datanode-1/data/ratis/696e2d07-fc4a-4aa8-8f50-0a53b7dc8585/current/log_inprogress_0
2019-09-19 09:52:35,622 [16493f01-ec02-45ff-bd44-1abc5ff8aed0-SegmentedRaftLogWorker:Storage Directory /workdir/hadoop-ozone/ozonefs/target/test-dir/MiniOzoneClusterImpl-1d4abb45-6296-491d-afb2-898852a5cf2e/datanode-0/data/ratis/182e86ee-fc74-4411-84d1-78cb78ab3b61] INFO  segmented.SegmentedRaftLogWorker (SegmentedRaftLogWorker.java:execute(569)) - 16493f01-ec02-45ff-bd44-1abc5ff8aed0-SegmentedRaftLogWorker:Storage Directory /workdir/hadoop-ozone/ozonefs/target/test-dir/MiniOzoneClusterImpl-1d4abb45-6296-491d-afb2-898852a5cf2e/datanode-0/data/ratis/182e86ee-fc74-4411-84d1-78cb78ab3b61: created new log segment /workdir/hadoop-ozone/ozonefs/target/test-dir/MiniOzoneClusterImpl-1d4abb45-6296-491d-afb2-898852a5cf2e/datanode-0/data/ratis/182e86ee-fc74-4411-84d1-78cb78ab3b61/current/log_inprogress_0
2019-09-19 09:52:35,622 [edb869d4-f721-4ac7-9d7d-3d59f669430d:group-BCE8E588A4C0:LeaderElection98] INFO  impl.LeaderElection (LeaderElection.java:askForVotes(181)) - edb869d4-f721-4ac7-9d7d-3d59f669430d:group-BCE8E588A4C0:LeaderElection98: begin an election at term 1 for -1: [edb869d4-f721-4ac7-9d7d-3d59f669430d:192.168.34.5:43205], old=null
2019-09-19 09:52:35,623 [edb869d4-f721-4ac7-9d7d-3d59f669430d:group-BCE8E588A4C0:LeaderElection98] INFO  impl.RoleInfo (RoleInfo.java:shutdownLeaderElection(134)) - edb869d4-f721-4ac7-9d7d-3d59f669430d: shutdown LeaderElection
2019-09-19 09:52:35,623 [edb869d4-f721-4ac7-9d7d-3d59f669430d:group-BCE8E588A4C0:LeaderElection98] INFO  impl.RaftServerImpl (RaftServerImpl.java:setRole(171)) - edb869d4-f721-4ac7-9d7d-3d59f669430d:group-BCE8E588A4C0 changes role from CANDIDATE to LEADER at term 1 for changeToLeader
2019-09-19 09:52:35,623 [edb869d4-f721-4ac7-9d7d-3d59f669430d:group-BCE8E588A4C0:LeaderElection98] INFO  impl.RaftServerImpl (ServerState.java:setLeader(263)) - edb869d4-f721-4ac7-9d7d-3d59f669430d:group-BCE8E588A4C0 change Leader from null to edb869d4-f721-4ac7-9d7d-3d59f669430d at term 1 for becomeLeader, leader elected after 5077ms
2019-09-19 09:52:35,623 [edb869d4-f721-4ac7-9d7d-3d59f669430d:group-BCE8E588A4C0:LeaderElection98] INFO  server.RaftServerConfigKeys (ConfUtils.java:logGet(43)) - raft.server.staging.catchup.gap = 1000 (default)
2019-09-19 09:52:35,623 [edb869d4-f721-4ac7-9d7d-3d59f669430d:group-BCE8E588A4C0:LeaderElection98] INFO  server.RaftServerConfigKeys (ConfUtils.java:logGet(43)) - raft.server.rpc.sleep.time = 25ms (default)
2019-09-19 09:52:35,623 [edb869d4-f721-4ac7-9d7d-3d59f669430d:group-BCE8E588A4C0:LeaderElection98] INFO  server.RaftServerConfigKeys (ConfUtils.java:logGet(43)) - raft.server.write.element-limit = 4096 (default)
2019-09-19 09:52:35,624 [edb869d4-f721-4ac7-9d7d-3d59f669430d:group-BCE8E588A4C0:LeaderElection98] INFO  server.RaftServerConfigKeys (ConfUtils.java:logGet(43)) - raft.server.watch.timeout = 10s (default)
2019-09-19 09:52:35,624 [edb869d4-f721-4ac7-9d7d-3d59f669430d:group-BCE8E588A4C0:LeaderElection98] INFO  server.RaftServerConfigKeys (ConfUtils.java:logGet(43)) - raft.server.watch.timeout.denomination = 1s (default)
2019-09-19 09:52:35,624 [edb869d4-f721-4ac7-9d7d-3d59f669430d:group-BCE8E588A4C0:LeaderElection98] INFO  server.RaftServerConfigKeys (ConfUtils.java:logGet(43)) - raft.server.watch.element-limit = 65536 (default)
2019-09-19 09:52:35,624 [edb869d4-f721-4ac7-9d7d-3d59f669430d:group-BCE8E588A4C0:LeaderElection98] INFO  impl.RoleInfo (RoleInfo.java:updateAndGet(143)) - edb869d4-f721-4ac7-9d7d-3d59f669430d: start LeaderState
2019-09-19 09:52:35,624 [edb869d4-f721-4ac7-9d7d-3d59f669430d:group-BCE8E588A4C0:LeaderElection98] INFO  segmented.SegmentedRaftLogWorker (SegmentedRaftLogWorker.java:startLogSegment(380)) - edb869d4-f721-4ac7-9d7d-3d59f669430d-SegmentedRaftLogWorker:Storage Directory /workdir/hadoop-ozone/ozonefs/target/test-dir/MiniOzoneClusterImpl-1d4abb45-6296-491d-afb2-898852a5cf2e/datanode-1/data/ratis/264847f8-087e-44b3-b324-bce8e588a4c0: Starting segment from index:0
2019-09-19 09:52:35,625 [edb869d4-f721-4ac7-9d7d-3d59f669430d:group-BCE8E588A4C0:LeaderElection98] INFO  impl.RaftServerImpl (ServerState.java:setRaftConf(361)) - edb869d4-f721-4ac7-9d7d-3d59f669430d:group-BCE8E588A4C0 set configuration 0: [edb869d4-f721-4ac7-9d7d-3d59f669430d:192.168.34.5:43205], old=null at 0
2019-09-19 09:52:35,647 [Thread-1535] INFO  impl.FollowerState (FollowerState.java:run(106)) - edb869d4-f721-4ac7-9d7d-3d59f669430d:group-A3CD352F88CA changes to CANDIDATE, lastRpcTime:5179, electionTimeout:5179ms
2019-09-19 09:52:35,647 [Thread-1535] INFO  impl.RoleInfo (RoleInfo.java:shutdownFollowerState(121)) - edb869d4-f721-4ac7-9d7d-3d59f669430d: shutdown FollowerState
2019-09-19 09:52:35,647 [Thread-1535] INFO  impl.RaftServerImpl (RaftServerImpl.java:setRole(171)) - edb869d4-f721-4ac7-9d7d-3d59f669430d:group-A3CD352F88CA changes role from FOLLOWER to CANDIDATE at term 0 for changeToCandidate
2019-09-19 09:52:35,647 [Thread-1535] INFO  impl.RoleInfo (RoleInfo.java:updateAndGet(143)) - edb869d4-f721-4ac7-9d7d-3d59f669430d: start LeaderElection
2019-09-19 09:52:35,686 [edb869d4-f721-4ac7-9d7d-3d59f669430d-SegmentedRaftLogWorker:Storage Directory /workdir/hadoop-ozone/ozonefs/target/test-dir/MiniOzoneClusterImpl-1d4abb45-6296-491d-afb2-898852a5cf2e/datanode-1/data/ratis/264847f8-087e-44b3-b324-bce8e588a4c0] INFO  segmented.SegmentedRaftLogWorker (SegmentedRaftLogWorker.java:execute(569)) - edb869d4-f721-4ac7-9d7d-3d59f669430d-SegmentedRaftLogWorker:Storage Directory /workdir/hadoop-ozone/ozonefs/target/test-dir/MiniOzoneClusterImpl-1d4abb45-6296-491d-afb2-898852a5cf2e/datanode-1/data/ratis/264847f8-087e-44b3-b324-bce8e588a4c0: created new log segment /workdir/hadoop-ozone/ozonefs/target/test-dir/MiniOzoneClusterImpl-1d4abb45-6296-491d-afb2-898852a5cf2e/datanode-1/data/ratis/264847f8-087e-44b3-b324-bce8e588a4c0/current/log_inprogress_0
2019-09-19 09:52:35,686 [edb869d4-f721-4ac7-9d7d-3d59f669430d:group-A3CD352F88CA:LeaderElection99] INFO  impl.LeaderElection (LeaderElection.java:askForVotes(181)) - edb869d4-f721-4ac7-9d7d-3d59f669430d:group-A3CD352F88CA:LeaderElection99: begin an election at term 1 for -1: [edb869d4-f721-4ac7-9d7d-3d59f669430d:192.168.34.5:43205], old=null
2019-09-19 09:52:35,686 [edb869d4-f721-4ac7-9d7d-3d59f669430d:group-A3CD352F88CA:LeaderElection99] INFO  impl.RoleInfo (RoleInfo.java:shutdownLeaderElection(134)) - edb869d4-f721-4ac7-9d7d-3d59f669430d: shutdown LeaderElection
2019-09-19 09:52:35,686 [edb869d4-f721-4ac7-9d7d-3d59f669430d:group-A3CD352F88CA:LeaderElection99] INFO  impl.RaftServerImpl (RaftServerImpl.java:setRole(171)) - edb869d4-f721-4ac7-9d7d-3d59f669430d:group-A3CD352F88CA changes role from CANDIDATE to LEADER at term 1 for changeToLeader
2019-09-19 09:52:35,686 [edb869d4-f721-4ac7-9d7d-3d59f669430d:group-A3CD352F88CA:LeaderElection99] INFO  impl.RaftServerImpl (ServerState.java:setLeader(263)) - edb869d4-f721-4ac7-9d7d-3d59f669430d:group-A3CD352F88CA change Leader from null to edb869d4-f721-4ac7-9d7d-3d59f669430d at term 1 for becomeLeader, leader elected after 5223ms
2019-09-19 09:52:35,687 [edb869d4-f721-4ac7-9d7d-3d59f669430d:group-A3CD352F88CA:LeaderElection99] INFO  server.RaftServerConfigKeys (ConfUtils.java:logGet(43)) - raft.server.staging.catchup.gap = 1000 (default)
2019-09-19 09:52:35,687 [edb869d4-f721-4ac7-9d7d-3d59f669430d:group-A3CD352F88CA:LeaderElection99] INFO  server.RaftServerConfigKeys (ConfUtils.java:logGet(43)) - raft.server.rpc.sleep.time = 25ms (default)
2019-09-19 09:52:35,687 [edb869d4-f721-4ac7-9d7d-3d59f669430d:group-A3CD352F88CA:LeaderElection99] INFO  server.RaftServerConfigKeys (ConfUtils.java:logGet(43)) - raft.server.write.element-limit = 4096 (default)
2019-09-19 09:52:35,687 [edb869d4-f721-4ac7-9d7d-3d59f669430d:group-A3CD352F88CA:LeaderElection99] INFO  server.RaftServerConfigKeys (ConfUtils.java:logGet(43)) - raft.server.watch.timeout = 10s (default)
2019-09-19 09:52:35,687 [edb869d4-f721-4ac7-9d7d-3d59f669430d:group-A3CD352F88CA:LeaderElection99] INFO  server.RaftServerConfigKeys (ConfUtils.java:logGet(43)) - raft.server.watch.timeout.denomination = 1s (default)
2019-09-19 09:52:35,687 [edb869d4-f721-4ac7-9d7d-3d59f669430d:group-A3CD352F88CA:LeaderElection99] INFO  server.RaftServerConfigKeys (ConfUtils.java:logGet(43)) - raft.server.watch.element-limit = 65536 (default)
2019-09-19 09:52:35,687 [edb869d4-f721-4ac7-9d7d-3d59f669430d:group-A3CD352F88CA:LeaderElection99] INFO  impl.RoleInfo (RoleInfo.java:updateAndGet(143)) - edb869d4-f721-4ac7-9d7d-3d59f669430d: start LeaderState
2019-09-19 09:52:35,688 [edb869d4-f721-4ac7-9d7d-3d59f669430d:group-A3CD352F88CA:LeaderElection99] INFO  segmented.SegmentedRaftLogWorker (SegmentedRaftLogWorker.java:startLogSegment(380)) - edb869d4-f721-4ac7-9d7d-3d59f669430d-SegmentedRaftLogWorker:Storage Directory /workdir/hadoop-ozone/ozonefs/target/test-dir/MiniOzoneClusterImpl-1d4abb45-6296-491d-afb2-898852a5cf2e/datanode-1/data/ratis/89af4f4a-23f2-4969-ac9c-a3cd352f88ca: Starting segment from index:0
2019-09-19 09:52:35,688 [edb869d4-f721-4ac7-9d7d-3d59f669430d:group-A3CD352F88CA:LeaderElection99] INFO  impl.RaftServerImpl (ServerState.java:setRaftConf(361)) - edb869d4-f721-4ac7-9d7d-3d59f669430d:group-A3CD352F88CA set configuration 0: [edb869d4-f721-4ac7-9d7d-3d59f669430d:192.168.34.5:43205], old=null at 0
2019-09-19 09:52:35,700 [Thread-1538] INFO  impl.FollowerState (FollowerState.java:run(106)) - edb869d4-f721-4ac7-9d7d-3d59f669430d:group-642D86F6C575 changes to CANDIDATE, lastRpcTime:5190, electionTimeout:5190ms
2019-09-19 09:52:35,700 [Thread-1538] INFO  impl.RoleInfo (RoleInfo.java:shutdownFollowerState(121)) - edb869d4-f721-4ac7-9d7d-3d59f669430d: shutdown FollowerState
2019-09-19 09:52:35,700 [Thread-1538] INFO  impl.RaftServerImpl (RaftServerImpl.java:setRole(171)) - edb869d4-f721-4ac7-9d7d-3d59f669430d:group-642D86F6C575 changes role from FOLLOWER to CANDIDATE at term 0 for changeToCandidate
2019-09-19 09:52:35,700 [Thread-1538] INFO  impl.RoleInfo (RoleInfo.java:updateAndGet(143)) - edb869d4-f721-4ac7-9d7d-3d59f669430d: start LeaderElection
2019-09-19 09:52:35,734 [Thread-1544] INFO  impl.FollowerState (FollowerState.java:run(106)) - 5fe28b99-5296-4882-8415-41e5835760cd:group-32AA8F9D9C2E changes to CANDIDATE, lastRpcTime:5140, electionTimeout:5140ms
2019-09-19 09:52:35,734 [Thread-1544] INFO  impl.RoleInfo (RoleInfo.java:shutdownFollowerState(121)) - 5fe28b99-5296-4882-8415-41e5835760cd: shutdown FollowerState
2019-09-19 09:52:35,734 [Thread-1544] INFO  impl.RaftServerImpl (RaftServerImpl.java:setRole(171)) - 5fe28b99-5296-4882-8415-41e5835760cd:group-32AA8F9D9C2E changes role from FOLLOWER to CANDIDATE at term 0 for changeToCandidate
2019-09-19 09:52:35,734 [Thread-1544] INFO  impl.RoleInfo (RoleInfo.java:updateAndGet(143)) - 5fe28b99-5296-4882-8415-41e5835760cd: start LeaderElection
2019-09-19 09:52:35,742 [edb869d4-f721-4ac7-9d7d-3d59f669430d-SegmentedRaftLogWorker:Storage Directory /workdir/hadoop-ozone/ozonefs/target/test-dir/MiniOzoneClusterImpl-1d4abb45-6296-491d-afb2-898852a5cf2e/datanode-1/data/ratis/89af4f4a-23f2-4969-ac9c-a3cd352f88ca] INFO  segmented.SegmentedRaftLogWorker (SegmentedRaftLogWorker.java:execute(569)) - edb869d4-f721-4ac7-9d7d-3d59f669430d-SegmentedRaftLogWorker:Storage Directory /workdir/hadoop-ozone/ozonefs/target/test-dir/MiniOzoneClusterImpl-1d4abb45-6296-491d-afb2-898852a5cf2e/datanode-1/data/ratis/89af4f4a-23f2-4969-ac9c-a3cd352f88ca: created new log segment /workdir/hadoop-ozone/ozonefs/target/test-dir/MiniOzoneClusterImpl-1d4abb45-6296-491d-afb2-898852a5cf2e/datanode-1/data/ratis/89af4f4a-23f2-4969-ac9c-a3cd352f88ca/current/log_inprogress_0
2019-09-19 09:52:35,742 [5fe28b99-5296-4882-8415-41e5835760cd:group-32AA8F9D9C2E:LeaderElection101] INFO  impl.LeaderElection (LeaderElection.java:askForVotes(181)) - 5fe28b99-5296-4882-8415-41e5835760cd:group-32AA8F9D9C2E:LeaderElection101: begin an election at term 1 for -1: [5fe28b99-5296-4882-8415-41e5835760cd:192.168.34.5:35838], old=null
2019-09-19 09:52:35,742 [edb869d4-f721-4ac7-9d7d-3d59f669430d:group-642D86F6C575:LeaderElection100] INFO  impl.LeaderElection (LeaderElection.java:askForVotes(181)) - edb869d4-f721-4ac7-9d7d-3d59f669430d:group-642D86F6C575:LeaderElection100: begin an election at term 1 for -1: [edb869d4-f721-4ac7-9d7d-3d59f669430d:192.168.34.5:43205], old=null
2019-09-19 09:52:35,742 [5fe28b99-5296-4882-8415-41e5835760cd:group-32AA8F9D9C2E:LeaderElection101] INFO  impl.RoleInfo (RoleInfo.java:shutdownLeaderElection(134)) - 5fe28b99-5296-4882-8415-41e5835760cd: shutdown LeaderElection
2019-09-19 09:52:35,742 [edb869d4-f721-4ac7-9d7d-3d59f669430d:group-642D86F6C575:LeaderElection100] INFO  impl.RoleInfo (RoleInfo.java:shutdownLeaderElection(134)) - edb869d4-f721-4ac7-9d7d-3d59f669430d: shutdown LeaderElection
2019-09-19 09:52:35,742 [5fe28b99-5296-4882-8415-41e5835760cd:group-32AA8F9D9C2E:LeaderElection101] INFO  impl.RaftServerImpl (RaftServerImpl.java:setRole(171)) - 5fe28b99-5296-4882-8415-41e5835760cd:group-32AA8F9D9C2E changes role from CANDIDATE to LEADER at term 1 for changeToLeader
2019-09-19 09:52:35,743 [edb869d4-f721-4ac7-9d7d-3d59f669430d:group-642D86F6C575:LeaderElection100] INFO  impl.RaftServerImpl (RaftServerImpl.java:setRole(171)) - edb869d4-f721-4ac7-9d7d-3d59f669430d:group-642D86F6C575 changes role from CANDIDATE to LEADER at term 1 for changeToLeader
2019-09-19 09:52:35,743 [5fe28b99-5296-4882-8415-41e5835760cd:group-32AA8F9D9C2E:LeaderElection101] INFO  impl.RaftServerImpl (ServerState.java:setLeader(263)) - 5fe28b99-5296-4882-8415-41e5835760cd:group-32AA8F9D9C2E change Leader from null to 5fe28b99-5296-4882-8415-41e5835760cd at term 1 for becomeLeader, leader elected after 5153ms
2019-09-19 09:52:35,743 [edb869d4-f721-4ac7-9d7d-3d59f669430d:group-642D86F6C575:LeaderElection100] INFO  impl.RaftServerImpl (ServerState.java:setLeader(263)) - edb869d4-f721-4ac7-9d7d-3d59f669430d:group-642D86F6C575 change Leader from null to edb869d4-f721-4ac7-9d7d-3d59f669430d at term 1 for becomeLeader, leader elected after 5237ms
2019-09-19 09:52:35,743 [5fe28b99-5296-4882-8415-41e5835760cd:group-32AA8F9D9C2E:LeaderElection101] INFO  server.RaftServerConfigKeys (ConfUtils.java:logGet(43)) - raft.server.staging.catchup.gap = 1000 (default)
2019-09-19 09:52:35,743 [edb869d4-f721-4ac7-9d7d-3d59f669430d:group-642D86F6C575:LeaderElection100] INFO  server.RaftServerConfigKeys (ConfUtils.java:logGet(43)) - raft.server.staging.catchup.gap = 1000 (default)
2019-09-19 09:52:35,743 [5fe28b99-5296-4882-8415-41e5835760cd:group-32AA8F9D9C2E:LeaderElection101] INFO  server.RaftServerConfigKeys (ConfUtils.java:logGet(43)) - raft.server.rpc.sleep.time = 25ms (default)
2019-09-19 09:52:35,743 [edb869d4-f721-4ac7-9d7d-3d59f669430d:group-642D86F6C575:LeaderElection100] INFO  server.RaftServerConfigKeys (ConfUtils.java:logGet(43)) - raft.server.rpc.sleep.time = 25ms (default)
2019-09-19 09:52:35,743 [5fe28b99-5296-4882-8415-41e5835760cd:group-32AA8F9D9C2E:LeaderElection101] INFO  server.RaftServerConfigKeys (ConfUtils.java:logGet(43)) - raft.server.write.element-limit = 4096 (default)
2019-09-19 09:52:35,744 [edb869d4-f721-4ac7-9d7d-3d59f669430d:group-642D86F6C575:LeaderElection100] INFO  server.RaftServerConfigKeys (ConfUtils.java:logGet(43)) - raft.server.write.element-limit = 4096 (default)
2019-09-19 09:52:35,744 [5fe28b99-5296-4882-8415-41e5835760cd:group-32AA8F9D9C2E:LeaderElection101] INFO  server.RaftServerConfigKeys (ConfUtils.java:logGet(43)) - raft.server.watch.timeout = 10s (default)
2019-09-19 09:52:35,744 [edb869d4-f721-4ac7-9d7d-3d59f669430d:group-642D86F6C575:LeaderElection100] INFO  server.RaftServerConfigKeys (ConfUtils.java:logGet(43)) - raft.server.watch.timeout = 10s (default)
2019-09-19 09:52:35,744 [5fe28b99-5296-4882-8415-41e5835760cd:group-32AA8F9D9C2E:LeaderElection101] INFO  server.RaftServerConfigKeys (ConfUtils.java:logGet(43)) - raft.server.watch.timeout.denomination = 1s (default)
2019-09-19 09:52:35,744 [edb869d4-f721-4ac7-9d7d-3d59f669430d:group-642D86F6C575:LeaderElection100] INFO  server.RaftServerConfigKeys (ConfUtils.java:logGet(43)) - raft.server.watch.timeout.denomination = 1s (default)
2019-09-19 09:52:35,744 [5fe28b99-5296-4882-8415-41e5835760cd:group-32AA8F9D9C2E:LeaderElection101] INFO  server.RaftServerConfigKeys (ConfUtils.java:logGet(43)) - raft.server.watch.element-limit = 65536 (default)
2019-09-19 09:52:35,744 [edb869d4-f721-4ac7-9d7d-3d59f669430d:group-642D86F6C575:LeaderElection100] INFO  server.RaftServerConfigKeys (ConfUtils.java:logGet(43)) - raft.server.watch.element-limit = 65536 (default)
2019-09-19 09:52:35,745 [5fe28b99-5296-4882-8415-41e5835760cd:group-32AA8F9D9C2E:LeaderElection101] INFO  impl.RoleInfo (RoleInfo.java:updateAndGet(143)) - 5fe28b99-5296-4882-8415-41e5835760cd: start LeaderState
2019-09-19 09:52:35,745 [edb869d4-f721-4ac7-9d7d-3d59f669430d:group-642D86F6C575:LeaderElection100] INFO  impl.RoleInfo (RoleInfo.java:updateAndGet(143)) - edb869d4-f721-4ac7-9d7d-3d59f669430d: start LeaderState
2019-09-19 09:52:35,745 [5fe28b99-5296-4882-8415-41e5835760cd:group-32AA8F9D9C2E:LeaderElection101] INFO  segmented.SegmentedRaftLogWorker (SegmentedRaftLogWorker.java:startLogSegment(380)) - 5fe28b99-5296-4882-8415-41e5835760cd-SegmentedRaftLogWorker:Storage Directory /workdir/hadoop-ozone/ozonefs/target/test-dir/MiniOzoneClusterImpl-1d4abb45-6296-491d-afb2-898852a5cf2e/datanode-2/data/ratis/f48e0597-013e-4b44-a98b-32aa8f9d9c2e: Starting segment from index:0
2019-09-19 09:52:35,745 [edb869d4-f721-4ac7-9d7d-3d59f669430d:group-642D86F6C575:LeaderElection100] INFO  segmented.SegmentedRaftLogWorker (SegmentedRaftLogWorker.java:startLogSegment(380)) - edb869d4-f721-4ac7-9d7d-3d59f669430d-SegmentedRaftLogWorker:Storage Directory /workdir/hadoop-ozone/ozonefs/target/test-dir/MiniOzoneClusterImpl-1d4abb45-6296-491d-afb2-898852a5cf2e/datanode-1/data/ratis/c2da96d5-48bb-4437-b344-642d86f6c575: Starting segment from index:0
2019-09-19 09:52:35,746 [5fe28b99-5296-4882-8415-41e5835760cd:group-32AA8F9D9C2E:LeaderElection101] INFO  impl.RaftServerImpl (ServerState.java:setRaftConf(361)) - 5fe28b99-5296-4882-8415-41e5835760cd:group-32AA8F9D9C2E set configuration 0: [5fe28b99-5296-4882-8415-41e5835760cd:192.168.34.5:35838], old=null at 0
2019-09-19 09:52:35,746 [edb869d4-f721-4ac7-9d7d-3d59f669430d:group-642D86F6C575:LeaderElection100] INFO  impl.RaftServerImpl (ServerState.java:setRaftConf(361)) - edb869d4-f721-4ac7-9d7d-3d59f669430d:group-642D86F6C575 set configuration 0: [edb869d4-f721-4ac7-9d7d-3d59f669430d:192.168.34.5:43205], old=null at 0
2019-09-19 09:52:35,804 [edb869d4-f721-4ac7-9d7d-3d59f669430d-SegmentedRaftLogWorker:Storage Directory /workdir/hadoop-ozone/ozonefs/target/test-dir/MiniOzoneClusterImpl-1d4abb45-6296-491d-afb2-898852a5cf2e/datanode-1/data/ratis/c2da96d5-48bb-4437-b344-642d86f6c575] INFO  segmented.SegmentedRaftLogWorker (SegmentedRaftLogWorker.java:execute(569)) - edb869d4-f721-4ac7-9d7d-3d59f669430d-SegmentedRaftLogWorker:Storage Directory /workdir/hadoop-ozone/ozonefs/target/test-dir/MiniOzoneClusterImpl-1d4abb45-6296-491d-afb2-898852a5cf2e/datanode-1/data/ratis/c2da96d5-48bb-4437-b344-642d86f6c575: created new log segment /workdir/hadoop-ozone/ozonefs/target/test-dir/MiniOzoneClusterImpl-1d4abb45-6296-491d-afb2-898852a5cf2e/datanode-1/data/ratis/c2da96d5-48bb-4437-b344-642d86f6c575/current/log_inprogress_0
2019-09-19 09:52:35,804 [5fe28b99-5296-4882-8415-41e5835760cd-SegmentedRaftLogWorker:Storage Directory /workdir/hadoop-ozone/ozonefs/target/test-dir/MiniOzoneClusterImpl-1d4abb45-6296-491d-afb2-898852a5cf2e/datanode-2/data/ratis/f48e0597-013e-4b44-a98b-32aa8f9d9c2e] INFO  segmented.SegmentedRaftLogWorker (SegmentedRaftLogWorker.java:execute(569)) - 5fe28b99-5296-4882-8415-41e5835760cd-SegmentedRaftLogWorker:Storage Directory /workdir/hadoop-ozone/ozonefs/target/test-dir/MiniOzoneClusterImpl-1d4abb45-6296-491d-afb2-898852a5cf2e/datanode-2/data/ratis/f48e0597-013e-4b44-a98b-32aa8f9d9c2e: created new log segment /workdir/hadoop-ozone/ozonefs/target/test-dir/MiniOzoneClusterImpl-1d4abb45-6296-491d-afb2-898852a5cf2e/datanode-2/data/ratis/f48e0597-013e-4b44-a98b-32aa8f9d9c2e/current/log_inprogress_0
2019-09-19 09:52:35,822 [Thread-1553] INFO  impl.FollowerState (FollowerState.java:run(106)) - 5fe28b99-5296-4882-8415-41e5835760cd:group-003BAC2F9E99 changes to CANDIDATE, lastRpcTime:5063, electionTimeout:5063ms
2019-09-19 09:52:35,822 [Thread-1553] INFO  impl.RoleInfo (RoleInfo.java:shutdownFollowerState(121)) - 5fe28b99-5296-4882-8415-41e5835760cd: shutdown FollowerState
2019-09-19 09:52:35,822 [Thread-1553] INFO  impl.RaftServerImpl (RaftServerImpl.java:setRole(171)) - 5fe28b99-5296-4882-8415-41e5835760cd:group-003BAC2F9E99 changes role from FOLLOWER to CANDIDATE at term 0 for changeToCandidate
2019-09-19 09:52:35,823 [Thread-1553] INFO  impl.RoleInfo (RoleInfo.java:updateAndGet(143)) - 5fe28b99-5296-4882-8415-41e5835760cd: start LeaderElection
2019-09-19 09:52:35,827 [Thread-1547] INFO  impl.FollowerState (FollowerState.java:run(106)) - 5fe28b99-5296-4882-8415-41e5835760cd:group-D72DA24FE080 changes to CANDIDATE, lastRpcTime:5181, electionTimeout:5181ms
2019-09-19 09:52:35,827 [Thread-1547] INFO  impl.RoleInfo (RoleInfo.java:shutdownFollowerState(121)) - 5fe28b99-5296-4882-8415-41e5835760cd: shutdown FollowerState
2019-09-19 09:52:35,827 [Thread-1547] INFO  impl.RaftServerImpl (RaftServerImpl.java:setRole(171)) - 5fe28b99-5296-4882-8415-41e5835760cd:group-D72DA24FE080 changes role from FOLLOWER to CANDIDATE at term 0 for changeToCandidate
2019-09-19 09:52:35,827 [Thread-1547] INFO  impl.RoleInfo (RoleInfo.java:updateAndGet(143)) - 5fe28b99-5296-4882-8415-41e5835760cd: start LeaderElection
2019-09-19 09:52:35,851 [5fe28b99-5296-4882-8415-41e5835760cd:group-D72DA24FE080:LeaderElection103] INFO  impl.LeaderElection (LeaderElection.java:askForVotes(181)) - 5fe28b99-5296-4882-8415-41e5835760cd:group-D72DA24FE080:LeaderElection103: begin an election at term 1 for -1: [5fe28b99-5296-4882-8415-41e5835760cd:192.168.34.5:35838], old=null
2019-09-19 09:52:35,851 [5fe28b99-5296-4882-8415-41e5835760cd:group-003BAC2F9E99:LeaderElection102] INFO  impl.LeaderElection (LeaderElection.java:askForVotes(181)) - 5fe28b99-5296-4882-8415-41e5835760cd:group-003BAC2F9E99:LeaderElection102: begin an election at term 1 for -1: [5fe28b99-5296-4882-8415-41e5835760cd:192.168.34.5:35838], old=null
2019-09-19 09:52:35,851 [5fe28b99-5296-4882-8415-41e5835760cd:group-D72DA24FE080:LeaderElection103] INFO  impl.RoleInfo (RoleInfo.java:shutdownLeaderElection(134)) - 5fe28b99-5296-4882-8415-41e5835760cd: shutdown LeaderElection
2019-09-19 09:52:35,851 [5fe28b99-5296-4882-8415-41e5835760cd:group-003BAC2F9E99:LeaderElection102] INFO  impl.RoleInfo (RoleInfo.java:shutdownLeaderElection(134)) - 5fe28b99-5296-4882-8415-41e5835760cd: shutdown LeaderElection
2019-09-19 09:52:35,851 [5fe28b99-5296-4882-8415-41e5835760cd:group-003BAC2F9E99:LeaderElection102] INFO  impl.RaftServerImpl (RaftServerImpl.java:setRole(171)) - 5fe28b99-5296-4882-8415-41e5835760cd:group-003BAC2F9E99 changes role from CANDIDATE to LEADER at term 1 for changeToLeader
2019-09-19 09:52:35,851 [5fe28b99-5296-4882-8415-41e5835760cd:group-D72DA24FE080:LeaderElection103] INFO  impl.RaftServerImpl (RaftServerImpl.java:setRole(171)) - 5fe28b99-5296-4882-8415-41e5835760cd:group-D72DA24FE080 changes role from CANDIDATE to LEADER at term 1 for changeToLeader
2019-09-19 09:52:35,851 [5fe28b99-5296-4882-8415-41e5835760cd:group-003BAC2F9E99:LeaderElection102] INFO  impl.RaftServerImpl (ServerState.java:setLeader(263)) - 5fe28b99-5296-4882-8415-41e5835760cd:group-003BAC2F9E99 change Leader from null to 5fe28b99-5296-4882-8415-41e5835760cd at term 1 for becomeLeader, leader elected after 5096ms
2019-09-19 09:52:35,851 [5fe28b99-5296-4882-8415-41e5835760cd:group-D72DA24FE080:LeaderElection103] INFO  impl.RaftServerImpl (ServerState.java:setLeader(263)) - 5fe28b99-5296-4882-8415-41e5835760cd:group-D72DA24FE080 change Leader from null to 5fe28b99-5296-4882-8415-41e5835760cd at term 1 for becomeLeader, leader elected after 5208ms
2019-09-19 09:52:35,852 [5fe28b99-5296-4882-8415-41e5835760cd:group-D72DA24FE080:LeaderElection103] INFO  server.RaftServerConfigKeys (ConfUtils.java:logGet(43)) - raft.server.staging.catchup.gap = 1000 (default)
2019-09-19 09:52:35,852 [5fe28b99-5296-4882-8415-41e5835760cd:group-003BAC2F9E99:LeaderElection102] INFO  server.RaftServerConfigKeys (ConfUtils.java:logGet(43)) - raft.server.staging.catchup.gap = 1000 (default)
2019-09-19 09:52:35,852 [5fe28b99-5296-4882-8415-41e5835760cd:group-D72DA24FE080:LeaderElection103] INFO  server.RaftServerConfigKeys (ConfUtils.java:logGet(43)) - raft.server.rpc.sleep.time = 25ms (default)
2019-09-19 09:52:35,852 [5fe28b99-5296-4882-8415-41e5835760cd:group-003BAC2F9E99:LeaderElection102] INFO  server.RaftServerConfigKeys (ConfUtils.java:logGet(43)) - raft.server.rpc.sleep.time = 25ms (default)
2019-09-19 09:52:35,852 [5fe28b99-5296-4882-8415-41e5835760cd:group-D72DA24FE080:LeaderElection103] INFO  server.RaftServerConfigKeys (ConfUtils.java:logGet(43)) - raft.server.write.element-limit = 4096 (default)
2019-09-19 09:52:35,852 [5fe28b99-5296-4882-8415-41e5835760cd:group-003BAC2F9E99:LeaderElection102] INFO  server.RaftServerConfigKeys (ConfUtils.java:logGet(43)) - raft.server.write.element-limit = 4096 (default)
2019-09-19 09:52:35,852 [5fe28b99-5296-4882-8415-41e5835760cd:group-D72DA24FE080:LeaderElection103] INFO  server.RaftServerConfigKeys (ConfUtils.java:logGet(43)) - raft.server.watch.timeout = 10s (default)
2019-09-19 09:52:35,852 [5fe28b99-5296-4882-8415-41e5835760cd:group-003BAC2F9E99:LeaderElection102] INFO  server.RaftServerConfigKeys (ConfUtils.java:logGet(43)) - raft.server.watch.timeout = 10s (default)
2019-09-19 09:52:35,852 [5fe28b99-5296-4882-8415-41e5835760cd:group-D72DA24FE080:LeaderElection103] INFO  server.RaftServerConfigKeys (ConfUtils.java:logGet(43)) - raft.server.watch.timeout.denomination = 1s (default)
2019-09-19 09:52:35,852 [5fe28b99-5296-4882-8415-41e5835760cd:group-003BAC2F9E99:LeaderElection102] INFO  server.RaftServerConfigKeys (ConfUtils.java:logGet(43)) - raft.server.watch.timeout.denomination = 1s (default)
2019-09-19 09:52:35,853 [5fe28b99-5296-4882-8415-41e5835760cd:group-D72DA24FE080:LeaderElection103] INFO  server.RaftServerConfigKeys (ConfUtils.java:logGet(43)) - raft.server.watch.element-limit = 65536 (default)
2019-09-19 09:52:35,853 [5fe28b99-5296-4882-8415-41e5835760cd:group-003BAC2F9E99:LeaderElection102] INFO  server.RaftServerConfigKeys (ConfUtils.java:logGet(43)) - raft.server.watch.element-limit = 65536 (default)
2019-09-19 09:52:35,853 [5fe28b99-5296-4882-8415-41e5835760cd:group-D72DA24FE080:LeaderElection103] INFO  impl.RoleInfo (RoleInfo.java:updateAndGet(143)) - 5fe28b99-5296-4882-8415-41e5835760cd: start LeaderState
2019-09-19 09:52:35,853 [5fe28b99-5296-4882-8415-41e5835760cd:group-003BAC2F9E99:LeaderElection102] INFO  impl.RoleInfo (RoleInfo.java:updateAndGet(143)) - 5fe28b99-5296-4882-8415-41e5835760cd: start LeaderState
2019-09-19 09:52:35,853 [5fe28b99-5296-4882-8415-41e5835760cd:group-D72DA24FE080:LeaderElection103] INFO  segmented.SegmentedRaftLogWorker (SegmentedRaftLogWorker.java:startLogSegment(380)) - 5fe28b99-5296-4882-8415-41e5835760cd-SegmentedRaftLogWorker:Storage Directory /workdir/hadoop-ozone/ozonefs/target/test-dir/MiniOzoneClusterImpl-1d4abb45-6296-491d-afb2-898852a5cf2e/datanode-2/data/ratis/59485a66-6f5c-45b3-a20d-d72da24fe080: Starting segment from index:0
2019-09-19 09:52:35,853 [5fe28b99-5296-4882-8415-41e5835760cd:group-003BAC2F9E99:LeaderElection102] INFO  segmented.SegmentedRaftLogWorker (SegmentedRaftLogWorker.java:startLogSegment(380)) - 5fe28b99-5296-4882-8415-41e5835760cd-SegmentedRaftLogWorker:Storage Directory /workdir/hadoop-ozone/ozonefs/target/test-dir/MiniOzoneClusterImpl-1d4abb45-6296-491d-afb2-898852a5cf2e/datanode-2/data/ratis/cb4239c8-71da-43b7-88ae-003bac2f9e99: Starting segment from index:0
2019-09-19 09:52:35,854 [5fe28b99-5296-4882-8415-41e5835760cd:group-D72DA24FE080:LeaderElection103] INFO  impl.RaftServerImpl (ServerState.java:setRaftConf(361)) - 5fe28b99-5296-4882-8415-41e5835760cd:group-D72DA24FE080 set configuration 0: [5fe28b99-5296-4882-8415-41e5835760cd:192.168.34.5:35838], old=null at 0
2019-09-19 09:52:35,854 [5fe28b99-5296-4882-8415-41e5835760cd:group-003BAC2F9E99:LeaderElection102] INFO  impl.RaftServerImpl (ServerState.java:setRaftConf(361)) - 5fe28b99-5296-4882-8415-41e5835760cd:group-003BAC2F9E99 set configuration 0: [5fe28b99-5296-4882-8415-41e5835760cd:192.168.34.5:35838], old=null at 0
2019-09-19 09:52:35,861 [Thread-1550] INFO  impl.FollowerState (FollowerState.java:run(106)) - 5fe28b99-5296-4882-8415-41e5835760cd:group-8A91A5B6709E changes to CANDIDATE, lastRpcTime:5156, electionTimeout:5156ms
2019-09-19 09:52:35,861 [Thread-1550] INFO  impl.RoleInfo (RoleInfo.java:shutdownFollowerState(121)) - 5fe28b99-5296-4882-8415-41e5835760cd: shutdown FollowerState
2019-09-19 09:52:35,861 [Thread-1550] INFO  impl.RaftServerImpl (RaftServerImpl.java:setRole(171)) - 5fe28b99-5296-4882-8415-41e5835760cd:group-8A91A5B6709E changes role from FOLLOWER to CANDIDATE at term 0 for changeToCandidate
2019-09-19 09:52:35,862 [Thread-1550] INFO  impl.RoleInfo (RoleInfo.java:updateAndGet(143)) - 5fe28b99-5296-4882-8415-41e5835760cd: start LeaderElection
2019-09-19 09:52:35,898 [Thread-1556] INFO  impl.FollowerState (FollowerState.java:run(106)) - 5fe28b99-5296-4882-8415-41e5835760cd:group-820F100452EC changes to CANDIDATE, lastRpcTime:5098, electionTimeout:5098ms
2019-09-19 09:52:35,899 [Thread-1556] INFO  impl.RoleInfo (RoleInfo.java:shutdownFollowerState(121)) - 5fe28b99-5296-4882-8415-41e5835760cd: shutdown FollowerState
2019-09-19 09:52:35,899 [Thread-1556] INFO  impl.RaftServerImpl (RaftServerImpl.java:setRole(171)) - 5fe28b99-5296-4882-8415-41e5835760cd:group-820F100452EC changes role from FOLLOWER to CANDIDATE at term 0 for changeToCandidate
2019-09-19 09:52:35,899 [Thread-1556] INFO  impl.RoleInfo (RoleInfo.java:updateAndGet(143)) - 5fe28b99-5296-4882-8415-41e5835760cd: start LeaderElection
2019-09-19 09:52:35,908 [5fe28b99-5296-4882-8415-41e5835760cd-SegmentedRaftLogWorker:Storage Directory /workdir/hadoop-ozone/ozonefs/target/test-dir/MiniOzoneClusterImpl-1d4abb45-6296-491d-afb2-898852a5cf2e/datanode-2/data/ratis/cb4239c8-71da-43b7-88ae-003bac2f9e99] INFO  segmented.SegmentedRaftLogWorker (SegmentedRaftLogWorker.java:execute(569)) - 5fe28b99-5296-4882-8415-41e5835760cd-SegmentedRaftLogWorker:Storage Directory /workdir/hadoop-ozone/ozonefs/target/test-dir/MiniOzoneClusterImpl-1d4abb45-6296-491d-afb2-898852a5cf2e/datanode-2/data/ratis/cb4239c8-71da-43b7-88ae-003bac2f9e99: created new log segment /workdir/hadoop-ozone/ozonefs/target/test-dir/MiniOzoneClusterImpl-1d4abb45-6296-491d-afb2-898852a5cf2e/datanode-2/data/ratis/cb4239c8-71da-43b7-88ae-003bac2f9e99/current/log_inprogress_0
2019-09-19 09:52:35,908 [5fe28b99-5296-4882-8415-41e5835760cd-SegmentedRaftLogWorker:Storage Directory /workdir/hadoop-ozone/ozonefs/target/test-dir/MiniOzoneClusterImpl-1d4abb45-6296-491d-afb2-898852a5cf2e/datanode-2/data/ratis/59485a66-6f5c-45b3-a20d-d72da24fe080] INFO  segmented.SegmentedRaftLogWorker (SegmentedRaftLogWorker.java:execute(569)) - 5fe28b99-5296-4882-8415-41e5835760cd-SegmentedRaftLogWorker:Storage Directory /workdir/hadoop-ozone/ozonefs/target/test-dir/MiniOzoneClusterImpl-1d4abb45-6296-491d-afb2-898852a5cf2e/datanode-2/data/ratis/59485a66-6f5c-45b3-a20d-d72da24fe080: created new log segment /workdir/hadoop-ozone/ozonefs/target/test-dir/MiniOzoneClusterImpl-1d4abb45-6296-491d-afb2-898852a5cf2e/datanode-2/data/ratis/59485a66-6f5c-45b3-a20d-d72da24fe080/current/log_inprogress_0
2019-09-19 09:52:35,908 [5fe28b99-5296-4882-8415-41e5835760cd:group-820F100452EC:LeaderElection105] INFO  impl.LeaderElection (LeaderElection.java:askForVotes(181)) - 5fe28b99-5296-4882-8415-41e5835760cd:group-820F100452EC:LeaderElection105: begin an election at term 1 for -1: [5fe28b99-5296-4882-8415-41e5835760cd:192.168.34.5:35838], old=null
2019-09-19 09:52:35,908 [5fe28b99-5296-4882-8415-41e5835760cd:group-8A91A5B6709E:LeaderElection104] INFO  impl.LeaderElection (LeaderElection.java:askForVotes(181)) - 5fe28b99-5296-4882-8415-41e5835760cd:group-8A91A5B6709E:LeaderElection104: begin an election at term 1 for -1: [5fe28b99-5296-4882-8415-41e5835760cd:192.168.34.5:35838], old=null
2019-09-19 09:52:35,909 [5fe28b99-5296-4882-8415-41e5835760cd:group-820F100452EC:LeaderElection105] INFO  impl.RoleInfo (RoleInfo.java:shutdownLeaderElection(134)) - 5fe28b99-5296-4882-8415-41e5835760cd: shutdown LeaderElection
2019-09-19 09:52:35,909 [5fe28b99-5296-4882-8415-41e5835760cd:group-8A91A5B6709E:LeaderElection104] INFO  impl.RoleInfo (RoleInfo.java:shutdownLeaderElection(134)) - 5fe28b99-5296-4882-8415-41e5835760cd: shutdown LeaderElection
2019-09-19 09:52:35,909 [5fe28b99-5296-4882-8415-41e5835760cd:group-820F100452EC:LeaderElection105] INFO  impl.RaftServerImpl (RaftServerImpl.java:setRole(171)) - 5fe28b99-5296-4882-8415-41e5835760cd:group-820F100452EC changes role from CANDIDATE to LEADER at term 1 for changeToLeader
2019-09-19 09:52:35,909 [5fe28b99-5296-4882-8415-41e5835760cd:group-8A91A5B6709E:LeaderElection104] INFO  impl.RaftServerImpl (RaftServerImpl.java:setRole(171)) - 5fe28b99-5296-4882-8415-41e5835760cd:group-8A91A5B6709E changes role from CANDIDATE to LEADER at term 1 for changeToLeader
2019-09-19 09:52:35,909 [5fe28b99-5296-4882-8415-41e5835760cd:group-820F100452EC:LeaderElection105] INFO  impl.RaftServerImpl (ServerState.java:setLeader(263)) - 5fe28b99-5296-4882-8415-41e5835760cd:group-820F100452EC change Leader from null to 5fe28b99-5296-4882-8415-41e5835760cd at term 1 for becomeLeader, leader elected after 5113ms
2019-09-19 09:52:35,909 [5fe28b99-5296-4882-8415-41e5835760cd:group-8A91A5B6709E:LeaderElection104] INFO  impl.RaftServerImpl (ServerState.java:setLeader(263)) - 5fe28b99-5296-4882-8415-41e5835760cd:group-8A91A5B6709E change Leader from null to 5fe28b99-5296-4882-8415-41e5835760cd at term 1 for becomeLeader, leader elected after 5208ms
2019-09-19 09:52:35,910 [5fe28b99-5296-4882-8415-41e5835760cd:group-820F100452EC:LeaderElection105] INFO  server.RaftServerConfigKeys (ConfUtils.java:logGet(43)) - raft.server.staging.catchup.gap = 1000 (default)
2019-09-19 09:52:35,910 [5fe28b99-5296-4882-8415-41e5835760cd:group-8A91A5B6709E:LeaderElection104] INFO  server.RaftServerConfigKeys (ConfUtils.java:logGet(43)) - raft.server.staging.catchup.gap = 1000 (default)
2019-09-19 09:52:35,910 [5fe28b99-5296-4882-8415-41e5835760cd:group-820F100452EC:LeaderElection105] INFO  server.RaftServerConfigKeys (ConfUtils.java:logGet(43)) - raft.server.rpc.sleep.time = 25ms (default)
2019-09-19 09:52:35,910 [5fe28b99-5296-4882-8415-41e5835760cd:group-8A91A5B6709E:LeaderElection104] INFO  server.RaftServerConfigKeys (ConfUtils.java:logGet(43)) - raft.server.rpc.sleep.time = 25ms (default)
2019-09-19 09:52:35,910 [5fe28b99-5296-4882-8415-41e5835760cd:group-820F100452EC:LeaderElection105] INFO  server.RaftServerConfigKeys (ConfUtils.java:logGet(43)) - raft.server.write.element-limit = 4096 (default)
2019-09-19 09:52:35,910 [5fe28b99-5296-4882-8415-41e5835760cd:group-8A91A5B6709E:LeaderElection104] INFO  server.RaftServerConfigKeys (ConfUtils.java:logGet(43)) - raft.server.write.element-limit = 4096 (default)
2019-09-19 09:52:35,911 [5fe28b99-5296-4882-8415-41e5835760cd:group-820F100452EC:LeaderElection105] INFO  server.RaftServerConfigKeys (ConfUtils.java:logGet(43)) - raft.server.watch.timeout = 10s (default)
2019-09-19 09:52:35,911 [5fe28b99-5296-4882-8415-41e5835760cd:group-8A91A5B6709E:LeaderElection104] INFO  server.RaftServerConfigKeys (ConfUtils.java:logGet(43)) - raft.server.watch.timeout = 10s (default)
2019-09-19 09:52:35,911 [5fe28b99-5296-4882-8415-41e5835760cd:group-820F100452EC:LeaderElection105] INFO  server.RaftServerConfigKeys (ConfUtils.java:logGet(43)) - raft.server.watch.timeout.denomination = 1s (default)
2019-09-19 09:52:35,911 [5fe28b99-5296-4882-8415-41e5835760cd:group-8A91A5B6709E:LeaderElection104] INFO  server.RaftServerConfigKeys (ConfUtils.java:logGet(43)) - raft.server.watch.timeout.denomination = 1s (default)
2019-09-19 09:52:35,911 [5fe28b99-5296-4882-8415-41e5835760cd:group-820F100452EC:LeaderElection105] INFO  server.RaftServerConfigKeys (ConfUtils.java:logGet(43)) - raft.server.watch.element-limit = 65536 (default)
2019-09-19 09:52:35,911 [5fe28b99-5296-4882-8415-41e5835760cd:group-8A91A5B6709E:LeaderElection104] INFO  server.RaftServerConfigKeys (ConfUtils.java:logGet(43)) - raft.server.watch.element-limit = 65536 (default)
2019-09-19 09:52:35,912 [5fe28b99-5296-4882-8415-41e5835760cd:group-820F100452EC:LeaderElection105] INFO  impl.RoleInfo (RoleInfo.java:updateAndGet(143)) - 5fe28b99-5296-4882-8415-41e5835760cd: start LeaderState
2019-09-19 09:52:35,912 [5fe28b99-5296-4882-8415-41e5835760cd:group-8A91A5B6709E:LeaderElection104] INFO  impl.RoleInfo (RoleInfo.java:updateAndGet(143)) - 5fe28b99-5296-4882-8415-41e5835760cd: start LeaderState
2019-09-19 09:52:35,912 [5fe28b99-5296-4882-8415-41e5835760cd:group-820F100452EC:LeaderElection105] INFO  segmented.SegmentedRaftLogWorker (SegmentedRaftLogWorker.java:startLogSegment(380)) - 5fe28b99-5296-4882-8415-41e5835760cd-SegmentedRaftLogWorker:Storage Directory /workdir/hadoop-ozone/ozonefs/target/test-dir/MiniOzoneClusterImpl-1d4abb45-6296-491d-afb2-898852a5cf2e/datanode-2/data/ratis/a3ede47e-702a-49cd-a72b-820f100452ec: Starting segment from index:0
2019-09-19 09:52:35,912 [5fe28b99-5296-4882-8415-41e5835760cd:group-8A91A5B6709E:LeaderElection104] INFO  segmented.SegmentedRaftLogWorker (SegmentedRaftLogWorker.java:startLogSegment(380)) - 5fe28b99-5296-4882-8415-41e5835760cd-SegmentedRaftLogWorker:Storage Directory /workdir/hadoop-ozone/ozonefs/target/test-dir/MiniOzoneClusterImpl-1d4abb45-6296-491d-afb2-898852a5cf2e/datanode-2/data/ratis/b2122659-29cd-4ccc-a6e0-8a91a5b6709e: Starting segment from index:0
2019-09-19 09:52:35,913 [5fe28b99-5296-4882-8415-41e5835760cd:group-820F100452EC:LeaderElection105] INFO  impl.RaftServerImpl (ServerState.java:setRaftConf(361)) - 5fe28b99-5296-4882-8415-41e5835760cd:group-820F100452EC set configuration 0: [5fe28b99-5296-4882-8415-41e5835760cd:192.168.34.5:35838], old=null at 0
2019-09-19 09:52:35,913 [5fe28b99-5296-4882-8415-41e5835760cd:group-8A91A5B6709E:LeaderElection104] INFO  impl.RaftServerImpl (ServerState.java:setRaftConf(361)) - 5fe28b99-5296-4882-8415-41e5835760cd:group-8A91A5B6709E set configuration 0: [5fe28b99-5296-4882-8415-41e5835760cd:192.168.34.5:35838], old=null at 0
2019-09-19 09:52:35,983 [5fe28b99-5296-4882-8415-41e5835760cd-SegmentedRaftLogWorker:Storage Directory /workdir/hadoop-ozone/ozonefs/target/test-dir/MiniOzoneClusterImpl-1d4abb45-6296-491d-afb2-898852a5cf2e/datanode-2/data/ratis/b2122659-29cd-4ccc-a6e0-8a91a5b6709e] INFO  segmented.SegmentedRaftLogWorker (SegmentedRaftLogWorker.java:execute(569)) - 5fe28b99-5296-4882-8415-41e5835760cd-SegmentedRaftLogWorker:Storage Directory /workdir/hadoop-ozone/ozonefs/target/test-dir/MiniOzoneClusterImpl-1d4abb45-6296-491d-afb2-898852a5cf2e/datanode-2/data/ratis/b2122659-29cd-4ccc-a6e0-8a91a5b6709e: created new log segment /workdir/hadoop-ozone/ozonefs/target/test-dir/MiniOzoneClusterImpl-1d4abb45-6296-491d-afb2-898852a5cf2e/datanode-2/data/ratis/b2122659-29cd-4ccc-a6e0-8a91a5b6709e/current/log_inprogress_0
2019-09-19 09:52:35,983 [5fe28b99-5296-4882-8415-41e5835760cd-SegmentedRaftLogWorker:Storage Directory /workdir/hadoop-ozone/ozonefs/target/test-dir/MiniOzoneClusterImpl-1d4abb45-6296-491d-afb2-898852a5cf2e/datanode-2/data/ratis/a3ede47e-702a-49cd-a72b-820f100452ec] INFO  segmented.SegmentedRaftLogWorker (SegmentedRaftLogWorker.java:execute(569)) - 5fe28b99-5296-4882-8415-41e5835760cd-SegmentedRaftLogWorker:Storage Directory /workdir/hadoop-ozone/ozonefs/target/test-dir/MiniOzoneClusterImpl-1d4abb45-6296-491d-afb2-898852a5cf2e/datanode-2/data/ratis/a3ede47e-702a-49cd-a72b-820f100452ec: created new log segment /workdir/hadoop-ozone/ozonefs/target/test-dir/MiniOzoneClusterImpl-1d4abb45-6296-491d-afb2-898852a5cf2e/datanode-2/data/ratis/a3ede47e-702a-49cd-a72b-820f100452ec/current/log_inprogress_0
2019-09-19 09:52:36,041 [Thread-1559] INFO  impl.FollowerState (FollowerState.java:run(106)) - 5fe28b99-5296-4882-8415-41e5835760cd:group-74ECB3E06515 changes to CANDIDATE, lastRpcTime:5199, electionTimeout:5199ms
2019-09-19 09:52:36,041 [Thread-1559] INFO  impl.RoleInfo (RoleInfo.java:shutdownFollowerState(121)) - 5fe28b99-5296-4882-8415-41e5835760cd: shutdown FollowerState
2019-09-19 09:52:36,041 [Thread-1559] INFO  impl.RaftServerImpl (RaftServerImpl.java:setRole(171)) - 5fe28b99-5296-4882-8415-41e5835760cd:group-74ECB3E06515 changes role from FOLLOWER to CANDIDATE at term 0 for changeToCandidate
2019-09-19 09:52:36,042 [Thread-1559] INFO  impl.RoleInfo (RoleInfo.java:updateAndGet(143)) - 5fe28b99-5296-4882-8415-41e5835760cd: start LeaderElection
2019-09-19 09:52:36,067 [5fe28b99-5296-4882-8415-41e5835760cd:group-74ECB3E06515:LeaderElection106] INFO  impl.LeaderElection (LeaderElection.java:askForVotes(181)) - 5fe28b99-5296-4882-8415-41e5835760cd:group-74ECB3E06515:LeaderElection106: begin an election at term 1 for -1: [5fe28b99-5296-4882-8415-41e5835760cd:192.168.34.5:35838], old=null
2019-09-19 09:52:36,068 [5fe28b99-5296-4882-8415-41e5835760cd:group-74ECB3E06515:LeaderElection106] INFO  impl.RoleInfo (RoleInfo.java:shutdownLeaderElection(134)) - 5fe28b99-5296-4882-8415-41e5835760cd: shutdown LeaderElection
2019-09-19 09:52:36,068 [5fe28b99-5296-4882-8415-41e5835760cd:group-74ECB3E06515:LeaderElection106] INFO  impl.RaftServerImpl (RaftServerImpl.java:setRole(171)) - 5fe28b99-5296-4882-8415-41e5835760cd:group-74ECB3E06515 changes role from CANDIDATE to LEADER at term 1 for changeToLeader
2019-09-19 09:52:36,068 [5fe28b99-5296-4882-8415-41e5835760cd:group-74ECB3E06515:LeaderElection106] INFO  impl.RaftServerImpl (ServerState.java:setLeader(263)) - 5fe28b99-5296-4882-8415-41e5835760cd:group-74ECB3E06515 change Leader from null to 5fe28b99-5296-4882-8415-41e5835760cd at term 1 for becomeLeader, leader elected after 5229ms
2019-09-19 09:52:36,068 [5fe28b99-5296-4882-8415-41e5835760cd:group-74ECB3E06515:LeaderElection106] INFO  server.RaftServerConfigKeys (ConfUtils.java:logGet(43)) - raft.server.staging.catchup.gap = 1000 (default)
2019-09-19 09:52:36,068 [5fe28b99-5296-4882-8415-41e5835760cd:group-74ECB3E06515:LeaderElection106] INFO  server.RaftServerConfigKeys (ConfUtils.java:logGet(43)) - raft.server.rpc.sleep.time = 25ms (default)
2019-09-19 09:52:36,068 [5fe28b99-5296-4882-8415-41e5835760cd:group-74ECB3E06515:LeaderElection106] INFO  server.RaftServerConfigKeys (ConfUtils.java:logGet(43)) - raft.server.write.element-limit = 4096 (default)
2019-09-19 09:52:36,069 [5fe28b99-5296-4882-8415-41e5835760cd:group-74ECB3E06515:LeaderElection106] INFO  server.RaftServerConfigKeys (ConfUtils.java:logGet(43)) - raft.server.watch.timeout = 10s (default)
2019-09-19 09:52:36,069 [5fe28b99-5296-4882-8415-41e5835760cd:group-74ECB3E06515:LeaderElection106] INFO  server.RaftServerConfigKeys (ConfUtils.java:logGet(43)) - raft.server.watch.timeout.denomination = 1s (default)
2019-09-19 09:52:36,069 [5fe28b99-5296-4882-8415-41e5835760cd:group-74ECB3E06515:LeaderElection106] INFO  server.RaftServerConfigKeys (ConfUtils.java:logGet(43)) - raft.server.watch.element-limit = 65536 (default)
2019-09-19 09:52:36,069 [5fe28b99-5296-4882-8415-41e5835760cd:group-74ECB3E06515:LeaderElection106] INFO  impl.RoleInfo (RoleInfo.java:updateAndGet(143)) - 5fe28b99-5296-4882-8415-41e5835760cd: start LeaderState
2019-09-19 09:52:36,070 [5fe28b99-5296-4882-8415-41e5835760cd:group-74ECB3E06515:LeaderElection106] INFO  segmented.SegmentedRaftLogWorker (SegmentedRaftLogWorker.java:startLogSegment(380)) - 5fe28b99-5296-4882-8415-41e5835760cd-SegmentedRaftLogWorker:Storage Directory /workdir/hadoop-ozone/ozonefs/target/test-dir/MiniOzoneClusterImpl-1d4abb45-6296-491d-afb2-898852a5cf2e/datanode-2/data/ratis/1e3db041-3cc7-48da-81a9-74ecb3e06515: Starting segment from index:0
2019-09-19 09:52:36,070 [5fe28b99-5296-4882-8415-41e5835760cd:group-74ECB3E06515:LeaderElection106] INFO  impl.RaftServerImpl (ServerState.java:setRaftConf(361)) - 5fe28b99-5296-4882-8415-41e5835760cd:group-74ECB3E06515 set configuration 0: [5fe28b99-5296-4882-8415-41e5835760cd:192.168.34.5:35838], old=null at 0
2019-09-19 09:52:36,133 [5fe28b99-5296-4882-8415-41e5835760cd-SegmentedRaftLogWorker:Storage Directory /workdir/hadoop-ozone/ozonefs/target/test-dir/MiniOzoneClusterImpl-1d4abb45-6296-491d-afb2-898852a5cf2e/datanode-2/data/ratis/1e3db041-3cc7-48da-81a9-74ecb3e06515] INFO  segmented.SegmentedRaftLogWorker (SegmentedRaftLogWorker.java:execute(569)) - 5fe28b99-5296-4882-8415-41e5835760cd-SegmentedRaftLogWorker:Storage Directory /workdir/hadoop-ozone/ozonefs/target/test-dir/MiniOzoneClusterImpl-1d4abb45-6296-491d-afb2-898852a5cf2e/datanode-2/data/ratis/1e3db041-3cc7-48da-81a9-74ecb3e06515: created new log segment /workdir/hadoop-ozone/ozonefs/target/test-dir/MiniOzoneClusterImpl-1d4abb45-6296-491d-afb2-898852a5cf2e/datanode-2/data/ratis/1e3db041-3cc7-48da-81a9-74ecb3e06515/current/log_inprogress_0
2019-09-19 09:52:36,477 | INFO  | SCMAudit | user=jenkins1000 | ip=192.168.34.5 | op=SEND_HEARTBEAT {datanodeUUID=5fe28b99-5296-4882-8415-41e5835760cd, command=[]} | ret=SUCCESS |  
2019-09-19 09:52:36,716 [Thread-1334] INFO  ozoneimpl.OzoneContainer (OzoneContainer.java:stop(199)) - Attempting to stop container services.
2019-09-19 09:52:36,716 [ForkJoinPool.commonPool-worker-0] INFO  ozoneimpl.OzoneContainer (OzoneContainer.java:stop(199)) - Attempting to stop container services.
2019-09-19 09:52:36,716 [Thread-1334] INFO  impl.RaftServerProxy (RaftServerProxy.java:lambda$close$4(314)) - edb869d4-f721-4ac7-9d7d-3d59f669430d: close
2019-09-19 09:52:36,717 [ForkJoinPool.commonPool-worker-0] INFO  impl.RaftServerProxy (RaftServerProxy.java:lambda$close$4(314)) - 16493f01-ec02-45ff-bd44-1abc5ff8aed0: close
2019-09-19 09:52:36,717 [Thread-1334] INFO  impl.RaftServerImpl (RaftServerImpl.java:lambda$shutdown$3(245)) - edb869d4-f721-4ac7-9d7d-3d59f669430d: shutdown group-0A53B7DC8585
2019-09-19 09:52:36,717 [ForkJoinPool.commonPool-worker-0] INFO  impl.RaftServerImpl (RaftServerImpl.java:lambda$shutdown$3(245)) - 16493f01-ec02-45ff-bd44-1abc5ff8aed0: shutdown group-78CB78AB3B61
2019-09-19 09:52:36,717 [Thread-1334] INFO  util.JmxRegister (JmxRegister.java:unregister(73)) - Successfully un-registered JMX Bean with object name Ratis:service=RaftServer,group=group-0A53B7DC8585,id=edb869d4-f721-4ac7-9d7d-3d59f669430d
2019-09-19 09:52:36,718 [ForkJoinPool.commonPool-worker-0] INFO  util.JmxRegister (JmxRegister.java:unregister(73)) - Successfully un-registered JMX Bean with object name Ratis:service=RaftServer,group=group-78CB78AB3B61,id=16493f01-ec02-45ff-bd44-1abc5ff8aed0
2019-09-19 09:52:36,718 [Thread-1334] INFO  impl.RoleInfo (RoleInfo.java:shutdownLeaderState(104)) - edb869d4-f721-4ac7-9d7d-3d59f669430d: shutdown LeaderState
2019-09-19 09:52:36,718 [ForkJoinPool.commonPool-worker-0] INFO  impl.RoleInfo (RoleInfo.java:shutdownLeaderState(104)) - 16493f01-ec02-45ff-bd44-1abc5ff8aed0: shutdown LeaderState
2019-09-19 09:52:36,719 [Thread-1334] INFO  impl.PendingRequests (PendingRequests.java:sendNotLeaderResponses(202)) - edb869d4-f721-4ac7-9d7d-3d59f669430d-PendingRequests: sendNotLeaderResponses
2019-09-19 09:52:36,719 [ForkJoinPool.commonPool-worker-0] INFO  impl.PendingRequests (PendingRequests.java:sendNotLeaderResponses(202)) - 16493f01-ec02-45ff-bd44-1abc5ff8aed0-PendingRequests: sendNotLeaderResponses
2019-09-19 09:52:36,719 [Thread-1334] INFO  impl.StateMachineUpdater (StateMachineUpdater.java:stopAndJoin(115)) - StateMachineUpdater:edb869d4-f721-4ac7-9d7d-3d59f669430d:group-0A53B7DC8585: set stopIndex = 0
2019-09-19 09:52:36,720 [ForkJoinPool.commonPool-worker-0] INFO  impl.StateMachineUpdater (StateMachineUpdater.java:stopAndJoin(115)) - StateMachineUpdater:16493f01-ec02-45ff-bd44-1abc5ff8aed0:group-78CB78AB3B61: set stopIndex = 0
2019-09-19 09:52:36,720 [Thread-1334] INFO  impl.RaftServerImpl (ServerState.java:close(394)) - edb869d4-f721-4ac7-9d7d-3d59f669430d:group-0A53B7DC8585 closes. The last applied log index is 0
2019-09-19 09:52:36,720 [ForkJoinPool.commonPool-worker-0] INFO  impl.RaftServerImpl (ServerState.java:close(394)) - 16493f01-ec02-45ff-bd44-1abc5ff8aed0:group-78CB78AB3B61 closes. The last applied log index is 0
2019-09-19 09:52:36,721 [edb869d4-f721-4ac7-9d7d-3d59f669430d-SegmentedRaftLogWorker:Storage Directory /workdir/hadoop-ozone/ozonefs/target/test-dir/MiniOzoneClusterImpl-1d4abb45-6296-491d-afb2-898852a5cf2e/datanode-1/data/ratis/696e2d07-fc4a-4aa8-8f50-0a53b7dc8585] INFO  segmented.SegmentedRaftLogWorker (SegmentedRaftLogWorker.java:run(313)) - edb869d4-f721-4ac7-9d7d-3d59f669430d-SegmentedRaftLogWorker:Storage Directory /workdir/hadoop-ozone/ozonefs/target/test-dir/MiniOzoneClusterImpl-1d4abb45-6296-491d-afb2-898852a5cf2e/datanode-1/data/ratis/696e2d07-fc4a-4aa8-8f50-0a53b7dc8585 was interrupted, exiting. There are 0 tasks remaining in the queue.
2019-09-19 09:52:36,721 [16493f01-ec02-45ff-bd44-1abc5ff8aed0-SegmentedRaftLogWorker:Storage Directory /workdir/hadoop-ozone/ozonefs/target/test-dir/MiniOzoneClusterImpl-1d4abb45-6296-491d-afb2-898852a5cf2e/datanode-0/data/ratis/182e86ee-fc74-4411-84d1-78cb78ab3b61] INFO  segmented.SegmentedRaftLogWorker (SegmentedRaftLogWorker.java:run(313)) - 16493f01-ec02-45ff-bd44-1abc5ff8aed0-SegmentedRaftLogWorker:Storage Directory /workdir/hadoop-ozone/ozonefs/target/test-dir/MiniOzoneClusterImpl-1d4abb45-6296-491d-afb2-898852a5cf2e/datanode-0/data/ratis/182e86ee-fc74-4411-84d1-78cb78ab3b61 was interrupted, exiting. There are 0 tasks remaining in the queue.
2019-09-19 09:52:36,721 [Thread-1334] INFO  segmented.SegmentedRaftLogWorker (SegmentedRaftLogWorker.java:close(228)) - edb869d4-f721-4ac7-9d7d-3d59f669430d-SegmentedRaftLogWorker:Storage Directory /workdir/hadoop-ozone/ozonefs/target/test-dir/MiniOzoneClusterImpl-1d4abb45-6296-491d-afb2-898852a5cf2e/datanode-1/data/ratis/696e2d07-fc4a-4aa8-8f50-0a53b7dc8585 close()
2019-09-19 09:52:36,722 [ForkJoinPool.commonPool-worker-0] INFO  segmented.SegmentedRaftLogWorker (SegmentedRaftLogWorker.java:close(228)) - 16493f01-ec02-45ff-bd44-1abc5ff8aed0-SegmentedRaftLogWorker:Storage Directory /workdir/hadoop-ozone/ozonefs/target/test-dir/MiniOzoneClusterImpl-1d4abb45-6296-491d-afb2-898852a5cf2e/datanode-0/data/ratis/182e86ee-fc74-4411-84d1-78cb78ab3b61 close()
2019-09-19 09:52:36,724 [Thread-1334] INFO  impl.RaftServerImpl (RaftServerImpl.java:lambda$shutdown$3(245)) - edb869d4-f721-4ac7-9d7d-3d59f669430d: shutdown group-D00FC8713296
2019-09-19 09:52:36,726 [ForkJoinPool.commonPool-worker-0] INFO  impl.RaftServerImpl (RaftServerImpl.java:lambda$shutdown$3(245)) - 16493f01-ec02-45ff-bd44-1abc5ff8aed0: shutdown group-B498646EFB3E
2019-09-19 09:52:36,726 [Thread-1334] INFO  util.JmxRegister (JmxRegister.java:unregister(73)) - Successfully un-registered JMX Bean with object name Ratis:service=RaftServer,group=group-D00FC8713296,id=edb869d4-f721-4ac7-9d7d-3d59f669430d
2019-09-19 09:52:36,727 [Thread-1334] INFO  impl.RoleInfo (RoleInfo.java:shutdownLeaderState(104)) - edb869d4-f721-4ac7-9d7d-3d59f669430d: shutdown LeaderState
2019-09-19 09:52:36,727 [ForkJoinPool.commonPool-worker-0] INFO  util.JmxRegister (JmxRegister.java:unregister(73)) - Successfully un-registered JMX Bean with object name Ratis:service=RaftServer,group=group-B498646EFB3E,id=16493f01-ec02-45ff-bd44-1abc5ff8aed0
2019-09-19 09:52:36,727 [Thread-1334] INFO  impl.PendingRequests (PendingRequests.java:sendNotLeaderResponses(202)) - edb869d4-f721-4ac7-9d7d-3d59f669430d-PendingRequests: sendNotLeaderResponses
2019-09-19 09:52:36,728 [ForkJoinPool.commonPool-worker-0] INFO  impl.RoleInfo (RoleInfo.java:shutdownLeaderState(104)) - 16493f01-ec02-45ff-bd44-1abc5ff8aed0: shutdown LeaderState
2019-09-19 09:52:36,728 [Thread-1334] INFO  impl.StateMachineUpdater (StateMachineUpdater.java:stopAndJoin(115)) - StateMachineUpdater:edb869d4-f721-4ac7-9d7d-3d59f669430d:group-D00FC8713296: set stopIndex = 0
2019-09-19 09:52:36,728 [ForkJoinPool.commonPool-worker-0] INFO  impl.PendingRequests (PendingRequests.java:sendNotLeaderResponses(202)) - 16493f01-ec02-45ff-bd44-1abc5ff8aed0-PendingRequests: sendNotLeaderResponses
2019-09-19 09:52:36,729 [Thread-1334] INFO  impl.RaftServerImpl (ServerState.java:close(394)) - edb869d4-f721-4ac7-9d7d-3d59f669430d:group-D00FC8713296 closes. The last applied log index is 0
2019-09-19 09:52:36,729 [ForkJoinPool.commonPool-worker-0] INFO  impl.StateMachineUpdater (StateMachineUpdater.java:stopAndJoin(115)) - StateMachineUpdater:16493f01-ec02-45ff-bd44-1abc5ff8aed0:group-B498646EFB3E: set stopIndex = 0
2019-09-19 09:52:36,729 [edb869d4-f721-4ac7-9d7d-3d59f669430d-SegmentedRaftLogWorker:Storage Directory /workdir/hadoop-ozone/ozonefs/target/test-dir/MiniOzoneClusterImpl-1d4abb45-6296-491d-afb2-898852a5cf2e/datanode-1/data/ratis/0f52b231-3390-4a51-b443-d00fc8713296] INFO  segmented.SegmentedRaftLogWorker (SegmentedRaftLogWorker.java:run(313)) - edb869d4-f721-4ac7-9d7d-3d59f669430d-SegmentedRaftLogWorker:Storage Directory /workdir/hadoop-ozone/ozonefs/target/test-dir/MiniOzoneClusterImpl-1d4abb45-6296-491d-afb2-898852a5cf2e/datanode-1/data/ratis/0f52b231-3390-4a51-b443-d00fc8713296 was interrupted, exiting. There are 0 tasks remaining in the queue.
2019-09-19 09:52:36,730 [ForkJoinPool.commonPool-worker-0] INFO  impl.RaftServerImpl (ServerState.java:close(394)) - 16493f01-ec02-45ff-bd44-1abc5ff8aed0:group-B498646EFB3E closes. The last applied log index is 0
2019-09-19 09:52:36,730 [Thread-1334] INFO  segmented.SegmentedRaftLogWorker (SegmentedRaftLogWorker.java:close(228)) - edb869d4-f721-4ac7-9d7d-3d59f669430d-SegmentedRaftLogWorker:Storage Directory /workdir/hadoop-ozone/ozonefs/target/test-dir/MiniOzoneClusterImpl-1d4abb45-6296-491d-afb2-898852a5cf2e/datanode-1/data/ratis/0f52b231-3390-4a51-b443-d00fc8713296 close()
2019-09-19 09:52:36,730 [16493f01-ec02-45ff-bd44-1abc5ff8aed0-SegmentedRaftLogWorker:Storage Directory /workdir/hadoop-ozone/ozonefs/target/test-dir/MiniOzoneClusterImpl-1d4abb45-6296-491d-afb2-898852a5cf2e/datanode-0/data/ratis/918bd688-aab0-4b03-afbe-b498646efb3e] INFO  segmented.SegmentedRaftLogWorker (SegmentedRaftLogWorker.java:run(313)) - 16493f01-ec02-45ff-bd44-1abc5ff8aed0-SegmentedRaftLogWorker:Storage Directory /workdir/hadoop-ozone/ozonefs/target/test-dir/MiniOzoneClusterImpl-1d4abb45-6296-491d-afb2-898852a5cf2e/datanode-0/data/ratis/918bd688-aab0-4b03-afbe-b498646efb3e was interrupted, exiting. There are 0 tasks remaining in the queue.
2019-09-19 09:52:36,732 [Thread-1334] INFO  impl.RaftServerImpl (RaftServerImpl.java:lambda$shutdown$3(245)) - edb869d4-f721-4ac7-9d7d-3d59f669430d: shutdown group-642D86F6C575
2019-09-19 09:52:36,732 [ForkJoinPool.commonPool-worker-0] INFO  segmented.SegmentedRaftLogWorker (SegmentedRaftLogWorker.java:close(228)) - 16493f01-ec02-45ff-bd44-1abc5ff8aed0-SegmentedRaftLogWorker:Storage Directory /workdir/hadoop-ozone/ozonefs/target/test-dir/MiniOzoneClusterImpl-1d4abb45-6296-491d-afb2-898852a5cf2e/datanode-0/data/ratis/918bd688-aab0-4b03-afbe-b498646efb3e close()
2019-09-19 09:52:36,732 [Thread-1334] INFO  util.JmxRegister (JmxRegister.java:unregister(73)) - Successfully un-registered JMX Bean with object name Ratis:service=RaftServer,group=group-642D86F6C575,id=edb869d4-f721-4ac7-9d7d-3d59f669430d
2019-09-19 09:52:36,734 [ForkJoinPool.commonPool-worker-0] INFO  impl.RaftServerImpl (RaftServerImpl.java:lambda$shutdown$3(245)) - 16493f01-ec02-45ff-bd44-1abc5ff8aed0: shutdown group-7059FFE087D7
2019-09-19 09:52:36,734 [Thread-1334] INFO  impl.RoleInfo (RoleInfo.java:shutdownLeaderState(104)) - edb869d4-f721-4ac7-9d7d-3d59f669430d: shutdown LeaderState
2019-09-19 09:52:36,735 [ForkJoinPool.commonPool-worker-0] INFO  util.JmxRegister (JmxRegister.java:unregister(73)) - Successfully un-registered JMX Bean with object name Ratis:service=RaftServer,group=group-7059FFE087D7,id=16493f01-ec02-45ff-bd44-1abc5ff8aed0
2019-09-19 09:52:36,735 [Thread-1334] INFO  impl.PendingRequests (PendingRequests.java:sendNotLeaderResponses(202)) - edb869d4-f721-4ac7-9d7d-3d59f669430d-PendingRequests: sendNotLeaderResponses
2019-09-19 09:52:36,735 [ForkJoinPool.commonPool-worker-0] INFO  impl.RoleInfo (RoleInfo.java:shutdownLeaderState(104)) - 16493f01-ec02-45ff-bd44-1abc5ff8aed0: shutdown LeaderState
2019-09-19 09:52:36,736 [Thread-1334] INFO  impl.StateMachineUpdater (StateMachineUpdater.java:stopAndJoin(115)) - StateMachineUpdater:edb869d4-f721-4ac7-9d7d-3d59f669430d:group-642D86F6C575: set stopIndex = 0
2019-09-19 09:52:36,736 [Thread-1334] INFO  impl.RaftServerImpl (ServerState.java:close(394)) - edb869d4-f721-4ac7-9d7d-3d59f669430d:group-642D86F6C575 closes. The last applied log index is 0
2019-09-19 09:52:36,736 [ForkJoinPool.commonPool-worker-0] INFO  impl.PendingRequests (PendingRequests.java:sendNotLeaderResponses(202)) - 16493f01-ec02-45ff-bd44-1abc5ff8aed0-PendingRequests: sendNotLeaderResponses
2019-09-19 09:52:36,737 [edb869d4-f721-4ac7-9d7d-3d59f669430d-SegmentedRaftLogWorker:Storage Directory /workdir/hadoop-ozone/ozonefs/target/test-dir/MiniOzoneClusterImpl-1d4abb45-6296-491d-afb2-898852a5cf2e/datanode-1/data/ratis/c2da96d5-48bb-4437-b344-642d86f6c575] INFO  segmented.SegmentedRaftLogWorker (SegmentedRaftLogWorker.java:run(313)) - edb869d4-f721-4ac7-9d7d-3d59f669430d-SegmentedRaftLogWorker:Storage Directory /workdir/hadoop-ozone/ozonefs/target/test-dir/MiniOzoneClusterImpl-1d4abb45-6296-491d-afb2-898852a5cf2e/datanode-1/data/ratis/c2da96d5-48bb-4437-b344-642d86f6c575 was interrupted, exiting. There are 0 tasks remaining in the queue.
2019-09-19 09:52:36,737 [ForkJoinPool.commonPool-worker-0] INFO  impl.StateMachineUpdater (StateMachineUpdater.java:stopAndJoin(115)) - StateMachineUpdater:16493f01-ec02-45ff-bd44-1abc5ff8aed0:group-7059FFE087D7: set stopIndex = 0
2019-09-19 09:52:36,737 [Thread-1334] INFO  segmented.SegmentedRaftLogWorker (SegmentedRaftLogWorker.java:close(228)) - edb869d4-f721-4ac7-9d7d-3d59f669430d-SegmentedRaftLogWorker:Storage Directory /workdir/hadoop-ozone/ozonefs/target/test-dir/MiniOzoneClusterImpl-1d4abb45-6296-491d-afb2-898852a5cf2e/datanode-1/data/ratis/c2da96d5-48bb-4437-b344-642d86f6c575 close()
2019-09-19 09:52:36,738 [ForkJoinPool.commonPool-worker-0] INFO  impl.RaftServerImpl (ServerState.java:close(394)) - 16493f01-ec02-45ff-bd44-1abc5ff8aed0:group-7059FFE087D7 closes. The last applied log index is 0
2019-09-19 09:52:36,739 [Thread-1334] INFO  impl.RaftServerImpl (RaftServerImpl.java:lambda$shutdown$3(245)) - edb869d4-f721-4ac7-9d7d-3d59f669430d: shutdown group-BCE8E588A4C0
2019-09-19 09:52:36,740 [16493f01-ec02-45ff-bd44-1abc5ff8aed0-SegmentedRaftLogWorker:Storage Directory /workdir/hadoop-ozone/ozonefs/target/test-dir/MiniOzoneClusterImpl-1d4abb45-6296-491d-afb2-898852a5cf2e/datanode-0/data/ratis/dc66fde4-0de0-4eaf-81b5-7059ffe087d7] INFO  segmented.SegmentedRaftLogWorker (SegmentedRaftLogWorker.java:run(313)) - 16493f01-ec02-45ff-bd44-1abc5ff8aed0-SegmentedRaftLogWorker:Storage Directory /workdir/hadoop-ozone/ozonefs/target/test-dir/MiniOzoneClusterImpl-1d4abb45-6296-491d-afb2-898852a5cf2e/datanode-0/data/ratis/dc66fde4-0de0-4eaf-81b5-7059ffe087d7 was interrupted, exiting. There are 0 tasks remaining in the queue.
2019-09-19 09:52:36,740 [Thread-1334] INFO  util.JmxRegister (JmxRegister.java:unregister(73)) - Successfully un-registered JMX Bean with object name Ratis:service=RaftServer,group=group-BCE8E588A4C0,id=edb869d4-f721-4ac7-9d7d-3d59f669430d
2019-09-19 09:52:36,740 [ForkJoinPool.commonPool-worker-0] INFO  segmented.SegmentedRaftLogWorker (SegmentedRaftLogWorker.java:close(228)) - 16493f01-ec02-45ff-bd44-1abc5ff8aed0-SegmentedRaftLogWorker:Storage Directory /workdir/hadoop-ozone/ozonefs/target/test-dir/MiniOzoneClusterImpl-1d4abb45-6296-491d-afb2-898852a5cf2e/datanode-0/data/ratis/dc66fde4-0de0-4eaf-81b5-7059ffe087d7 close()
2019-09-19 09:52:36,740 [Thread-1334] INFO  impl.RoleInfo (RoleInfo.java:shutdownLeaderState(104)) - edb869d4-f721-4ac7-9d7d-3d59f669430d: shutdown LeaderState
2019-09-19 09:52:36,742 [ForkJoinPool.commonPool-worker-0] INFO  impl.RaftServerImpl (RaftServerImpl.java:lambda$shutdown$3(245)) - 16493f01-ec02-45ff-bd44-1abc5ff8aed0: shutdown group-F67D84B5213B
2019-09-19 09:52:36,742 [Thread-1334] INFO  impl.PendingRequests (PendingRequests.java:sendNotLeaderResponses(202)) - edb869d4-f721-4ac7-9d7d-3d59f669430d-PendingRequests: sendNotLeaderResponses
2019-09-19 09:52:36,743 [ForkJoinPool.commonPool-worker-0] INFO  util.JmxRegister (JmxRegister.java:unregister(73)) - Successfully un-registered JMX Bean with object name Ratis:service=RaftServer,group=group-F67D84B5213B,id=16493f01-ec02-45ff-bd44-1abc5ff8aed0
2019-09-19 09:52:36,743 [Thread-1334] INFO  impl.StateMachineUpdater (StateMachineUpdater.java:stopAndJoin(115)) - StateMachineUpdater:edb869d4-f721-4ac7-9d7d-3d59f669430d:group-BCE8E588A4C0: set stopIndex = 0
2019-09-19 09:52:36,743 [ForkJoinPool.commonPool-worker-0] INFO  impl.RoleInfo (RoleInfo.java:shutdownLeaderState(104)) - 16493f01-ec02-45ff-bd44-1abc5ff8aed0: shutdown LeaderState
2019-09-19 09:52:36,744 [Thread-1334] INFO  impl.RaftServerImpl (ServerState.java:close(394)) - edb869d4-f721-4ac7-9d7d-3d59f669430d:group-BCE8E588A4C0 closes. The last applied log index is 0
2019-09-19 09:52:36,744 [ForkJoinPool.commonPool-worker-0] INFO  impl.PendingRequests (PendingRequests.java:sendNotLeaderResponses(202)) - 16493f01-ec02-45ff-bd44-1abc5ff8aed0-PendingRequests: sendNotLeaderResponses
2019-09-19 09:52:36,745 [edb869d4-f721-4ac7-9d7d-3d59f669430d-SegmentedRaftLogWorker:Storage Directory /workdir/hadoop-ozone/ozonefs/target/test-dir/MiniOzoneClusterImpl-1d4abb45-6296-491d-afb2-898852a5cf2e/datanode-1/data/ratis/264847f8-087e-44b3-b324-bce8e588a4c0] INFO  segmented.SegmentedRaftLogWorker (SegmentedRaftLogWorker.java:run(313)) - edb869d4-f721-4ac7-9d7d-3d59f669430d-SegmentedRaftLogWorker:Storage Directory /workdir/hadoop-ozone/ozonefs/target/test-dir/MiniOzoneClusterImpl-1d4abb45-6296-491d-afb2-898852a5cf2e/datanode-1/data/ratis/264847f8-087e-44b3-b324-bce8e588a4c0 was interrupted, exiting. There are 0 tasks remaining in the queue.
2019-09-19 09:52:36,745 [ForkJoinPool.commonPool-worker-0] INFO  impl.StateMachineUpdater (StateMachineUpdater.java:stopAndJoin(115)) - StateMachineUpdater:16493f01-ec02-45ff-bd44-1abc5ff8aed0:group-F67D84B5213B: set stopIndex = 0
2019-09-19 09:52:36,745 [Thread-1334] INFO  segmented.SegmentedRaftLogWorker (SegmentedRaftLogWorker.java:close(228)) - edb869d4-f721-4ac7-9d7d-3d59f669430d-SegmentedRaftLogWorker:Storage Directory /workdir/hadoop-ozone/ozonefs/target/test-dir/MiniOzoneClusterImpl-1d4abb45-6296-491d-afb2-898852a5cf2e/datanode-1/data/ratis/264847f8-087e-44b3-b324-bce8e588a4c0 close()
2019-09-19 09:52:36,745 [ForkJoinPool.commonPool-worker-0] INFO  impl.RaftServerImpl (ServerState.java:close(394)) - 16493f01-ec02-45ff-bd44-1abc5ff8aed0:group-F67D84B5213B closes. The last applied log index is 0
2019-09-19 09:52:36,747 [Thread-1334] INFO  impl.RaftServerImpl (RaftServerImpl.java:lambda$shutdown$3(245)) - edb869d4-f721-4ac7-9d7d-3d59f669430d: shutdown group-A3CD352F88CA
2019-09-19 09:52:36,748 [16493f01-ec02-45ff-bd44-1abc5ff8aed0-SegmentedRaftLogWorker:Storage Directory /workdir/hadoop-ozone/ozonefs/target/test-dir/MiniOzoneClusterImpl-1d4abb45-6296-491d-afb2-898852a5cf2e/datanode-0/data/ratis/d942da3e-1710-4e8d-ac40-f67d84b5213b] INFO  segmented.SegmentedRaftLogWorker (SegmentedRaftLogWorker.java:run(313)) - 16493f01-ec02-45ff-bd44-1abc5ff8aed0-SegmentedRaftLogWorker:Storage Directory /workdir/hadoop-ozone/ozonefs/target/test-dir/MiniOzoneClusterImpl-1d4abb45-6296-491d-afb2-898852a5cf2e/datanode-0/data/ratis/d942da3e-1710-4e8d-ac40-f67d84b5213b was interrupted, exiting. There are 0 tasks remaining in the queue.
2019-09-19 09:52:36,748 [Thread-1334] INFO  util.JmxRegister (JmxRegister.java:unregister(73)) - Successfully un-registered JMX Bean with object name Ratis:service=RaftServer,group=group-A3CD352F88CA,id=edb869d4-f721-4ac7-9d7d-3d59f669430d
2019-09-19 09:52:36,748 [ForkJoinPool.commonPool-worker-0] INFO  segmented.SegmentedRaftLogWorker (SegmentedRaftLogWorker.java:close(228)) - 16493f01-ec02-45ff-bd44-1abc5ff8aed0-SegmentedRaftLogWorker:Storage Directory /workdir/hadoop-ozone/ozonefs/target/test-dir/MiniOzoneClusterImpl-1d4abb45-6296-491d-afb2-898852a5cf2e/datanode-0/data/ratis/d942da3e-1710-4e8d-ac40-f67d84b5213b close()
2019-09-19 09:52:36,748 [Thread-1334] INFO  impl.RoleInfo (RoleInfo.java:shutdownLeaderState(104)) - edb869d4-f721-4ac7-9d7d-3d59f669430d: shutdown LeaderState
2019-09-19 09:52:36,750 [ForkJoinPool.commonPool-worker-0] INFO  impl.RaftServerImpl (RaftServerImpl.java:lambda$shutdown$3(245)) - 16493f01-ec02-45ff-bd44-1abc5ff8aed0: shutdown group-4257C324CEEC
2019-09-19 09:52:36,750 [Thread-1334] INFO  impl.PendingRequests (PendingRequests.java:sendNotLeaderResponses(202)) - edb869d4-f721-4ac7-9d7d-3d59f669430d-PendingRequests: sendNotLeaderResponses
2019-09-19 09:52:36,751 [ForkJoinPool.commonPool-worker-0] INFO  util.JmxRegister (JmxRegister.java:unregister(73)) - Successfully un-registered JMX Bean with object name Ratis:service=RaftServer,group=group-4257C324CEEC,id=16493f01-ec02-45ff-bd44-1abc5ff8aed0
2019-09-19 09:52:36,751 [Thread-1334] INFO  impl.StateMachineUpdater (StateMachineUpdater.java:stopAndJoin(115)) - StateMachineUpdater:edb869d4-f721-4ac7-9d7d-3d59f669430d:group-A3CD352F88CA: set stopIndex = 0
2019-09-19 09:52:36,751 [ForkJoinPool.commonPool-worker-0] INFO  impl.RoleInfo (RoleInfo.java:shutdownLeaderState(104)) - 16493f01-ec02-45ff-bd44-1abc5ff8aed0: shutdown LeaderState
2019-09-19 09:52:36,752 [Thread-1334] INFO  impl.RaftServerImpl (ServerState.java:close(394)) - edb869d4-f721-4ac7-9d7d-3d59f669430d:group-A3CD352F88CA closes. The last applied log index is 0
2019-09-19 09:52:36,752 [ForkJoinPool.commonPool-worker-0] INFO  impl.PendingRequests (PendingRequests.java:sendNotLeaderResponses(202)) - 16493f01-ec02-45ff-bd44-1abc5ff8aed0-PendingRequests: sendNotLeaderResponses
2019-09-19 09:52:36,752 [edb869d4-f721-4ac7-9d7d-3d59f669430d-SegmentedRaftLogWorker:Storage Directory /workdir/hadoop-ozone/ozonefs/target/test-dir/MiniOzoneClusterImpl-1d4abb45-6296-491d-afb2-898852a5cf2e/datanode-1/data/ratis/89af4f4a-23f2-4969-ac9c-a3cd352f88ca] INFO  segmented.SegmentedRaftLogWorker (SegmentedRaftLogWorker.java:run(313)) - edb869d4-f721-4ac7-9d7d-3d59f669430d-SegmentedRaftLogWorker:Storage Directory /workdir/hadoop-ozone/ozonefs/target/test-dir/MiniOzoneClusterImpl-1d4abb45-6296-491d-afb2-898852a5cf2e/datanode-1/data/ratis/89af4f4a-23f2-4969-ac9c-a3cd352f88ca was interrupted, exiting. There are 0 tasks remaining in the queue.
2019-09-19 09:52:36,753 [ForkJoinPool.commonPool-worker-0] INFO  impl.StateMachineUpdater (StateMachineUpdater.java:stopAndJoin(115)) - StateMachineUpdater:16493f01-ec02-45ff-bd44-1abc5ff8aed0:group-4257C324CEEC: set stopIndex = 0
2019-09-19 09:52:36,753 [ForkJoinPool.commonPool-worker-0] INFO  impl.RaftServerImpl (ServerState.java:close(394)) - 16493f01-ec02-45ff-bd44-1abc5ff8aed0:group-4257C324CEEC closes. The last applied log index is 0
2019-09-19 09:52:36,753 [Thread-1334] INFO  segmented.SegmentedRaftLogWorker (SegmentedRaftLogWorker.java:close(228)) - edb869d4-f721-4ac7-9d7d-3d59f669430d-SegmentedRaftLogWorker:Storage Directory /workdir/hadoop-ozone/ozonefs/target/test-dir/MiniOzoneClusterImpl-1d4abb45-6296-491d-afb2-898852a5cf2e/datanode-1/data/ratis/89af4f4a-23f2-4969-ac9c-a3cd352f88ca close()
2019-09-19 09:52:36,754 [16493f01-ec02-45ff-bd44-1abc5ff8aed0-SegmentedRaftLogWorker:Storage Directory /workdir/hadoop-ozone/ozonefs/target/test-dir/MiniOzoneClusterImpl-1d4abb45-6296-491d-afb2-898852a5cf2e/datanode-0/data/ratis/1ad3d04e-de0e-4f17-bcc0-4257c324ceec] INFO  segmented.SegmentedRaftLogWorker (SegmentedRaftLogWorker.java:run(313)) - 16493f01-ec02-45ff-bd44-1abc5ff8aed0-SegmentedRaftLogWorker:Storage Directory /workdir/hadoop-ozone/ozonefs/target/test-dir/MiniOzoneClusterImpl-1d4abb45-6296-491d-afb2-898852a5cf2e/datanode-0/data/ratis/1ad3d04e-de0e-4f17-bcc0-4257c324ceec was interrupted, exiting. There are 0 tasks remaining in the queue.
2019-09-19 09:52:36,755 [Thread-1334] INFO  impl.RaftServerImpl (RaftServerImpl.java:lambda$shutdown$3(245)) - edb869d4-f721-4ac7-9d7d-3d59f669430d: shutdown group-BF6336E6B475
2019-09-19 09:52:36,755 [ForkJoinPool.commonPool-worker-0] INFO  segmented.SegmentedRaftLogWorker (SegmentedRaftLogWorker.java:close(228)) - 16493f01-ec02-45ff-bd44-1abc5ff8aed0-SegmentedRaftLogWorker:Storage Directory /workdir/hadoop-ozone/ozonefs/target/test-dir/MiniOzoneClusterImpl-1d4abb45-6296-491d-afb2-898852a5cf2e/datanode-0/data/ratis/1ad3d04e-de0e-4f17-bcc0-4257c324ceec close()
2019-09-19 09:52:36,756 [Thread-1334] INFO  util.JmxRegister (JmxRegister.java:unregister(73)) - Successfully un-registered JMX Bean with object name Ratis:service=RaftServer,group=group-BF6336E6B475,id=edb869d4-f721-4ac7-9d7d-3d59f669430d
2019-09-19 09:52:36,758 [Thread-1334] INFO  impl.RoleInfo (RoleInfo.java:shutdownLeaderState(104)) - edb869d4-f721-4ac7-9d7d-3d59f669430d: shutdown LeaderState
2019-09-19 09:52:36,757 [ForkJoinPool.commonPool-worker-0] INFO  impl.RaftServerImpl (RaftServerImpl.java:lambda$shutdown$3(245)) - 16493f01-ec02-45ff-bd44-1abc5ff8aed0: shutdown group-354BD848B04C
2019-09-19 09:52:36,758 [Thread-1334] INFO  impl.PendingRequests (PendingRequests.java:sendNotLeaderResponses(202)) - edb869d4-f721-4ac7-9d7d-3d59f669430d-PendingRequests: sendNotLeaderResponses
2019-09-19 09:52:36,758 [ForkJoinPool.commonPool-worker-0] INFO  util.JmxRegister (JmxRegister.java:unregister(73)) - Successfully un-registered JMX Bean with object name Ratis:service=RaftServer,group=group-354BD848B04C,id=16493f01-ec02-45ff-bd44-1abc5ff8aed0
2019-09-19 09:52:36,759 [Thread-1334] INFO  impl.StateMachineUpdater (StateMachineUpdater.java:stopAndJoin(115)) - StateMachineUpdater:edb869d4-f721-4ac7-9d7d-3d59f669430d:group-BF6336E6B475: set stopIndex = 0
2019-09-19 09:52:36,759 [Thread-1334] INFO  impl.RaftServerImpl (ServerState.java:close(394)) - edb869d4-f721-4ac7-9d7d-3d59f669430d:group-BF6336E6B475 closes. The last applied log index is 0
2019-09-19 09:52:36,759 [ForkJoinPool.commonPool-worker-0] INFO  impl.RoleInfo (RoleInfo.java:shutdownLeaderState(104)) - 16493f01-ec02-45ff-bd44-1abc5ff8aed0: shutdown LeaderState
2019-09-19 09:52:36,760 [edb869d4-f721-4ac7-9d7d-3d59f669430d-SegmentedRaftLogWorker:Storage Directory /workdir/hadoop-ozone/ozonefs/target/test-dir/MiniOzoneClusterImpl-1d4abb45-6296-491d-afb2-898852a5cf2e/datanode-1/data/ratis/63d039f7-417e-4505-8423-bf6336e6b475] INFO  segmented.SegmentedRaftLogWorker (SegmentedRaftLogWorker.java:run(313)) - edb869d4-f721-4ac7-9d7d-3d59f669430d-SegmentedRaftLogWorker:Storage Directory /workdir/hadoop-ozone/ozonefs/target/test-dir/MiniOzoneClusterImpl-1d4abb45-6296-491d-afb2-898852a5cf2e/datanode-1/data/ratis/63d039f7-417e-4505-8423-bf6336e6b475 was interrupted, exiting. There are 0 tasks remaining in the queue.
2019-09-19 09:52:36,760 [ForkJoinPool.commonPool-worker-0] INFO  impl.PendingRequests (PendingRequests.java:sendNotLeaderResponses(202)) - 16493f01-ec02-45ff-bd44-1abc5ff8aed0-PendingRequests: sendNotLeaderResponses
2019-09-19 09:52:36,760 [Thread-1334] INFO  segmented.SegmentedRaftLogWorker (SegmentedRaftLogWorker.java:close(228)) - edb869d4-f721-4ac7-9d7d-3d59f669430d-SegmentedRaftLogWorker:Storage Directory /workdir/hadoop-ozone/ozonefs/target/test-dir/MiniOzoneClusterImpl-1d4abb45-6296-491d-afb2-898852a5cf2e/datanode-1/data/ratis/63d039f7-417e-4505-8423-bf6336e6b475 close()
2019-09-19 09:52:36,760 [ForkJoinPool.commonPool-worker-0] INFO  impl.StateMachineUpdater (StateMachineUpdater.java:stopAndJoin(115)) - StateMachineUpdater:16493f01-ec02-45ff-bd44-1abc5ff8aed0:group-354BD848B04C: set stopIndex = 0
2019-09-19 09:52:36,762 [Thread-1334] INFO  server.GrpcService (GrpcService.java:closeImpl(155)) - edb869d4-f721-4ac7-9d7d-3d59f669430d: shutdown server with port 43205 now
2019-09-19 09:52:36,762 [ForkJoinPool.commonPool-worker-0] INFO  impl.RaftServerImpl (ServerState.java:close(394)) - 16493f01-ec02-45ff-bd44-1abc5ff8aed0:group-354BD848B04C closes. The last applied log index is 0
2019-09-19 09:52:36,764 [Thread-1334] INFO  server.GrpcService (GrpcService.java:closeImpl(163)) - edb869d4-f721-4ac7-9d7d-3d59f669430d: shutdown server with port 43205 successfully
2019-09-19 09:52:36,764 [16493f01-ec02-45ff-bd44-1abc5ff8aed0-SegmentedRaftLogWorker:Storage Directory /workdir/hadoop-ozone/ozonefs/target/test-dir/MiniOzoneClusterImpl-1d4abb45-6296-491d-afb2-898852a5cf2e/datanode-0/data/ratis/8e2b9998-002b-4234-aafe-354bd848b04c] INFO  segmented.SegmentedRaftLogWorker (SegmentedRaftLogWorker.java:run(313)) - 16493f01-ec02-45ff-bd44-1abc5ff8aed0-SegmentedRaftLogWorker:Storage Directory /workdir/hadoop-ozone/ozonefs/target/test-dir/MiniOzoneClusterImpl-1d4abb45-6296-491d-afb2-898852a5cf2e/datanode-0/data/ratis/8e2b9998-002b-4234-aafe-354bd848b04c was interrupted, exiting. There are 0 tasks remaining in the queue.
2019-09-19 09:52:36,765 [ForkJoinPool.commonPool-worker-0] INFO  segmented.SegmentedRaftLogWorker (SegmentedRaftLogWorker.java:close(228)) - 16493f01-ec02-45ff-bd44-1abc5ff8aed0-SegmentedRaftLogWorker:Storage Directory /workdir/hadoop-ozone/ozonefs/target/test-dir/MiniOzoneClusterImpl-1d4abb45-6296-491d-afb2-898852a5cf2e/datanode-0/data/ratis/8e2b9998-002b-4234-aafe-354bd848b04c close()
2019-09-19 09:52:36,767 [ForkJoinPool.commonPool-worker-0] INFO  server.GrpcService (GrpcService.java:closeImpl(155)) - 16493f01-ec02-45ff-bd44-1abc5ff8aed0: shutdown server with port 45995 now
2019-09-19 09:52:36,767 [Thread-1334] INFO  utils.BackgroundService (BackgroundService.java:shutdown(148)) - Shutting down service BlockDeletingService
2019-09-19 09:52:36,768 [ForkJoinPool.commonPool-worker-0] INFO  server.GrpcService (GrpcService.java:closeImpl(163)) - 16493f01-ec02-45ff-bd44-1abc5ff8aed0: shutdown server with port 45995 successfully
2019-09-19 09:52:36,770 [refreshUsed-/workdir/hadoop-ozone/ozonefs/target/test-dir/MiniOzoneClusterImpl-1d4abb45-6296-491d-afb2-898852a5cf2e/datanode-1/data/containers] WARN  fs.CachingGetSpaceUsed (CachingGetSpaceUsed.java:run(183)) - Thread Interrupted waiting to refresh disk information: sleep interrupted
2019-09-19 09:52:36,776 [ForkJoinPool.commonPool-worker-0] INFO  utils.BackgroundService (BackgroundService.java:shutdown(148)) - Shutting down service BlockDeletingService
2019-09-19 09:52:36,778 [refreshUsed-/workdir/hadoop-ozone/ozonefs/target/test-dir/MiniOzoneClusterImpl-1d4abb45-6296-491d-afb2-898852a5cf2e/datanode-0/data/containers] WARN  fs.CachingGetSpaceUsed (CachingGetSpaceUsed.java:run(183)) - Thread Interrupted waiting to refresh disk information: sleep interrupted
2019-09-19 09:52:36,809 [Thread-1334] INFO  statemachine.DatanodeStateMachine (DatanodeStateMachine.java:stopDaemon(395)) - Ozone container server stopped.
2019-09-19 09:52:36,810 [ForkJoinPool.commonPool-worker-0] INFO  statemachine.DatanodeStateMachine (DatanodeStateMachine.java:stopDaemon(395)) - Ozone container server stopped.
2019-09-19 09:52:36,813 [Thread-1334] INFO  handler.ContextHandler (ContextHandler.java:doStop(910)) - Stopped o.e.j.w.WebAppContext@31d82ebe{/,null,UNAVAILABLE}{/hddsDatanode}
2019-09-19 09:52:36,814 [ForkJoinPool.commonPool-worker-0] INFO  handler.ContextHandler (ContextHandler.java:doStop(910)) - Stopped o.e.j.w.WebAppContext@18ca48d0{/,null,UNAVAILABLE}{/hddsDatanode}
2019-09-19 09:52:36,814 [Thread-1334] INFO  server.AbstractConnector (AbstractConnector.java:doStop(318)) - Stopped ServerConnector@35efa11{HTTP/1.1,[http/1.1]}{0.0.0.0:0}
2019-09-19 09:52:36,815 [ForkJoinPool.commonPool-worker-0] INFO  server.AbstractConnector (AbstractConnector.java:doStop(318)) - Stopped ServerConnector@e29dea1{HTTP/1.1,[http/1.1]}{0.0.0.0:0}
2019-09-19 09:52:36,815 [Thread-1334] INFO  handler.ContextHandler (ContextHandler.java:doStop(910)) - Stopped o.e.j.s.ServletContextHandler@304ee504{/static,jar:file:/home/user/.m2/repository/org/apache/hadoop/hadoop-hdds-container-service/0.5.0-SNAPSHOT/hadoop-hdds-container-service-0.5.0-SNAPSHOT.jar!/webapps/static,UNAVAILABLE}
2019-09-19 09:52:36,816 [ForkJoinPool.commonPool-worker-0] INFO  handler.ContextHandler (ContextHandler.java:doStop(910)) - Stopped o.e.j.s.ServletContextHandler@24743258{/static,jar:file:/home/user/.m2/repository/org/apache/hadoop/hadoop-hdds-container-service/0.5.0-SNAPSHOT/hadoop-hdds-container-service-0.5.0-SNAPSHOT.jar!/webapps/static,UNAVAILABLE}
2019-09-19 09:52:36,816 [Thread-1334] INFO  handler.ContextHandler (ContextHandler.java:doStop(910)) - Stopped o.e.j.s.ServletContextHandler@3c5b4e54{/logs,file:///workdir/hadoop-ozone/ozonefs/target/log,UNAVAILABLE}
2019-09-19 09:52:36,817 [ForkJoinPool.commonPool-worker-0] INFO  handler.ContextHandler (ContextHandler.java:doStop(910)) - Stopped o.e.j.s.ServletContextHandler@36e004ce{/logs,file:///workdir/hadoop-ozone/ozonefs/target/log,UNAVAILABLE}
2019-09-19 09:52:36,818 [Thread-1334] INFO  datanode.ObjectStoreHandler (ObjectStoreHandler.java:close(155)) - Closing ObjectStoreHandler.
2019-09-19 09:52:36,819 [Thread-1334] INFO  ozone.HddsDatanodeService (HddsDatanodeService.java:stop(451)) - Stopped plug-in org.apache.hadoop.ozone.web.OzoneHddsDatanodeService@29dd5979
2019-09-19 09:52:37,475 [Datanode State Machine Thread - 0] INFO  statemachine.DatanodeStateMachine (DatanodeStateMachine.java:lambda$startDaemon$0(350)) - Ozone container server started.
2019-09-19 09:52:41,819 [Thread-1334] INFO  ozoneimpl.OzoneContainer (OzoneContainer.java:stop(199)) - Attempting to stop container services.
2019-09-19 09:52:41,820 [Thread-1334] INFO  impl.RaftServerProxy (RaftServerProxy.java:lambda$close$4(314)) - 5fe28b99-5296-4882-8415-41e5835760cd: close
2019-09-19 09:52:41,821 [Thread-1334] INFO  impl.RaftServerImpl (RaftServerImpl.java:lambda$shutdown$3(245)) - 5fe28b99-5296-4882-8415-41e5835760cd: shutdown group-003BAC2F9E99
2019-09-19 09:52:41,821 [ForkJoinPool.commonPool-worker-1] INFO  impl.RaftServerImpl (RaftServerImpl.java:lambda$shutdown$3(245)) - 5fe28b99-5296-4882-8415-41e5835760cd: shutdown group-820F100452EC
2019-09-19 09:52:41,821 [Thread-1334] INFO  util.JmxRegister (JmxRegister.java:unregister(73)) - Successfully un-registered JMX Bean with object name Ratis:service=RaftServer,group=group-003BAC2F9E99,id=5fe28b99-5296-4882-8415-41e5835760cd
2019-09-19 09:52:41,822 [ForkJoinPool.commonPool-worker-1] INFO  util.JmxRegister (JmxRegister.java:unregister(73)) - Successfully un-registered JMX Bean with object name Ratis:service=RaftServer,group=group-820F100452EC,id=5fe28b99-5296-4882-8415-41e5835760cd
2019-09-19 09:52:41,822 [Thread-1334] INFO  impl.RoleInfo (RoleInfo.java:shutdownLeaderState(104)) - 5fe28b99-5296-4882-8415-41e5835760cd: shutdown LeaderState
2019-09-19 09:52:41,822 [ForkJoinPool.commonPool-worker-1] INFO  impl.RoleInfo (RoleInfo.java:shutdownLeaderState(104)) - 5fe28b99-5296-4882-8415-41e5835760cd: shutdown LeaderState
2019-09-19 09:52:41,823 [Thread-1334] INFO  impl.PendingRequests (PendingRequests.java:sendNotLeaderResponses(202)) - 5fe28b99-5296-4882-8415-41e5835760cd-PendingRequests: sendNotLeaderResponses
2019-09-19 09:52:41,823 [ForkJoinPool.commonPool-worker-1] INFO  impl.PendingRequests (PendingRequests.java:sendNotLeaderResponses(202)) - 5fe28b99-5296-4882-8415-41e5835760cd-PendingRequests: sendNotLeaderResponses
2019-09-19 09:52:41,823 [Thread-1334] INFO  impl.StateMachineUpdater (StateMachineUpdater.java:stopAndJoin(115)) - StateMachineUpdater:5fe28b99-5296-4882-8415-41e5835760cd:group-003BAC2F9E99: set stopIndex = 0
2019-09-19 09:52:41,824 [Thread-1334] INFO  impl.RaftServerImpl (ServerState.java:close(394)) - 5fe28b99-5296-4882-8415-41e5835760cd:group-003BAC2F9E99 closes. The last applied log index is 0
2019-09-19 09:52:41,824 [ForkJoinPool.commonPool-worker-1] INFO  impl.StateMachineUpdater (StateMachineUpdater.java:stopAndJoin(115)) - StateMachineUpdater:5fe28b99-5296-4882-8415-41e5835760cd:group-820F100452EC: set stopIndex = 0
2019-09-19 09:52:41,826 [5fe28b99-5296-4882-8415-41e5835760cd-SegmentedRaftLogWorker:Storage Directory /workdir/hadoop-ozone/ozonefs/target/test-dir/MiniOzoneClusterImpl-1d4abb45-6296-491d-afb2-898852a5cf2e/datanode-2/data/ratis/cb4239c8-71da-43b7-88ae-003bac2f9e99] INFO  segmented.SegmentedRaftLogWorker (SegmentedRaftLogWorker.java:run(313)) - 5fe28b99-5296-4882-8415-41e5835760cd-SegmentedRaftLogWorker:Storage Directory /workdir/hadoop-ozone/ozonefs/target/test-dir/MiniOzoneClusterImpl-1d4abb45-6296-491d-afb2-898852a5cf2e/datanode-2/data/ratis/cb4239c8-71da-43b7-88ae-003bac2f9e99 was interrupted, exiting. There are 0 tasks remaining in the queue.
2019-09-19 09:52:41,826 [ForkJoinPool.commonPool-worker-1] INFO  impl.RaftServerImpl (ServerState.java:close(394)) - 5fe28b99-5296-4882-8415-41e5835760cd:group-820F100452EC closes. The last applied log index is 0
2019-09-19 09:52:41,826 [Thread-1334] INFO  segmented.SegmentedRaftLogWorker (SegmentedRaftLogWorker.java:close(228)) - 5fe28b99-5296-4882-8415-41e5835760cd-SegmentedRaftLogWorker:Storage Directory /workdir/hadoop-ozone/ozonefs/target/test-dir/MiniOzoneClusterImpl-1d4abb45-6296-491d-afb2-898852a5cf2e/datanode-2/data/ratis/cb4239c8-71da-43b7-88ae-003bac2f9e99 close()
2019-09-19 09:52:41,826 [5fe28b99-5296-4882-8415-41e5835760cd-SegmentedRaftLogWorker:Storage Directory /workdir/hadoop-ozone/ozonefs/target/test-dir/MiniOzoneClusterImpl-1d4abb45-6296-491d-afb2-898852a5cf2e/datanode-2/data/ratis/a3ede47e-702a-49cd-a72b-820f100452ec] INFO  segmented.SegmentedRaftLogWorker (SegmentedRaftLogWorker.java:run(313)) - 5fe28b99-5296-4882-8415-41e5835760cd-SegmentedRaftLogWorker:Storage Directory /workdir/hadoop-ozone/ozonefs/target/test-dir/MiniOzoneClusterImpl-1d4abb45-6296-491d-afb2-898852a5cf2e/datanode-2/data/ratis/a3ede47e-702a-49cd-a72b-820f100452ec was interrupted, exiting. There are 0 tasks remaining in the queue.
2019-09-19 09:52:41,828 [Thread-1334] INFO  impl.RaftServerImpl (RaftServerImpl.java:lambda$shutdown$3(245)) - 5fe28b99-5296-4882-8415-41e5835760cd: shutdown group-32AA8F9D9C2E
2019-09-19 09:52:41,828 [ForkJoinPool.commonPool-worker-1] INFO  segmented.SegmentedRaftLogWorker (SegmentedRaftLogWorker.java:close(228)) - 5fe28b99-5296-4882-8415-41e5835760cd-SegmentedRaftLogWorker:Storage Directory /workdir/hadoop-ozone/ozonefs/target/test-dir/MiniOzoneClusterImpl-1d4abb45-6296-491d-afb2-898852a5cf2e/datanode-2/data/ratis/a3ede47e-702a-49cd-a72b-820f100452ec close()
2019-09-19 09:52:41,828 [Thread-1334] INFO  util.JmxRegister (JmxRegister.java:unregister(73)) - Successfully un-registered JMX Bean with object name Ratis:service=RaftServer,group=group-32AA8F9D9C2E,id=5fe28b99-5296-4882-8415-41e5835760cd
2019-09-19 09:52:41,830 [Thread-1334] INFO  impl.RoleInfo (RoleInfo.java:shutdownLeaderState(104)) - 5fe28b99-5296-4882-8415-41e5835760cd: shutdown LeaderState
2019-09-19 09:52:41,829 [ForkJoinPool.commonPool-worker-1] INFO  impl.RaftServerImpl (RaftServerImpl.java:lambda$shutdown$3(245)) - 5fe28b99-5296-4882-8415-41e5835760cd: shutdown group-D72DA24FE080
2019-09-19 09:52:41,830 [Thread-1334] INFO  impl.PendingRequests (PendingRequests.java:sendNotLeaderResponses(202)) - 5fe28b99-5296-4882-8415-41e5835760cd-PendingRequests: sendNotLeaderResponses
2019-09-19 09:52:41,830 [ForkJoinPool.commonPool-worker-1] INFO  util.JmxRegister (JmxRegister.java:unregister(73)) - Successfully un-registered JMX Bean with object name Ratis:service=RaftServer,group=group-D72DA24FE080,id=5fe28b99-5296-4882-8415-41e5835760cd
2019-09-19 09:52:41,831 [Thread-1334] INFO  impl.StateMachineUpdater (StateMachineUpdater.java:stopAndJoin(115)) - StateMachineUpdater:5fe28b99-5296-4882-8415-41e5835760cd:group-32AA8F9D9C2E: set stopIndex = 0
2019-09-19 09:52:41,831 [ForkJoinPool.commonPool-worker-1] INFO  impl.RoleInfo (RoleInfo.java:shutdownLeaderState(104)) - 5fe28b99-5296-4882-8415-41e5835760cd: shutdown LeaderState
2019-09-19 09:52:41,831 [Thread-1334] INFO  impl.RaftServerImpl (ServerState.java:close(394)) - 5fe28b99-5296-4882-8415-41e5835760cd:group-32AA8F9D9C2E closes. The last applied log index is 0
2019-09-19 09:52:41,831 [ForkJoinPool.commonPool-worker-1] INFO  impl.PendingRequests (PendingRequests.java:sendNotLeaderResponses(202)) - 5fe28b99-5296-4882-8415-41e5835760cd-PendingRequests: sendNotLeaderResponses
2019-09-19 09:52:41,832 [5fe28b99-5296-4882-8415-41e5835760cd-SegmentedRaftLogWorker:Storage Directory /workdir/hadoop-ozone/ozonefs/target/test-dir/MiniOzoneClusterImpl-1d4abb45-6296-491d-afb2-898852a5cf2e/datanode-2/data/ratis/f48e0597-013e-4b44-a98b-32aa8f9d9c2e] INFO  segmented.SegmentedRaftLogWorker (SegmentedRaftLogWorker.java:run(313)) - 5fe28b99-5296-4882-8415-41e5835760cd-SegmentedRaftLogWorker:Storage Directory /workdir/hadoop-ozone/ozonefs/target/test-dir/MiniOzoneClusterImpl-1d4abb45-6296-491d-afb2-898852a5cf2e/datanode-2/data/ratis/f48e0597-013e-4b44-a98b-32aa8f9d9c2e was interrupted, exiting. There are 0 tasks remaining in the queue.
2019-09-19 09:52:41,832 [ForkJoinPool.commonPool-worker-1] INFO  impl.StateMachineUpdater (StateMachineUpdater.java:stopAndJoin(115)) - StateMachineUpdater:5fe28b99-5296-4882-8415-41e5835760cd:group-D72DA24FE080: set stopIndex = 0
2019-09-19 09:52:41,832 [Thread-1334] INFO  segmented.SegmentedRaftLogWorker (SegmentedRaftLogWorker.java:close(228)) - 5fe28b99-5296-4882-8415-41e5835760cd-SegmentedRaftLogWorker:Storage Directory /workdir/hadoop-ozone/ozonefs/target/test-dir/MiniOzoneClusterImpl-1d4abb45-6296-491d-afb2-898852a5cf2e/datanode-2/data/ratis/f48e0597-013e-4b44-a98b-32aa8f9d9c2e close()
2019-09-19 09:52:41,832 [ForkJoinPool.commonPool-worker-1] INFO  impl.RaftServerImpl (ServerState.java:close(394)) - 5fe28b99-5296-4882-8415-41e5835760cd:group-D72DA24FE080 closes. The last applied log index is 0
2019-09-19 09:52:41,834 [Thread-1334] INFO  impl.RaftServerImpl (RaftServerImpl.java:lambda$shutdown$3(245)) - 5fe28b99-5296-4882-8415-41e5835760cd: shutdown group-74ECB3E06515
2019-09-19 09:52:41,834 [5fe28b99-5296-4882-8415-41e5835760cd-SegmentedRaftLogWorker:Storage Directory /workdir/hadoop-ozone/ozonefs/target/test-dir/MiniOzoneClusterImpl-1d4abb45-6296-491d-afb2-898852a5cf2e/datanode-2/data/ratis/59485a66-6f5c-45b3-a20d-d72da24fe080] INFO  segmented.SegmentedRaftLogWorker (SegmentedRaftLogWorker.java:run(313)) - 5fe28b99-5296-4882-8415-41e5835760cd-SegmentedRaftLogWorker:Storage Directory /workdir/hadoop-ozone/ozonefs/target/test-dir/MiniOzoneClusterImpl-1d4abb45-6296-491d-afb2-898852a5cf2e/datanode-2/data/ratis/59485a66-6f5c-45b3-a20d-d72da24fe080 was interrupted, exiting. There are 0 tasks remaining in the queue.
2019-09-19 09:52:41,834 [Thread-1334] INFO  util.JmxRegister (JmxRegister.java:unregister(73)) - Successfully un-registered JMX Bean with object name Ratis:service=RaftServer,group=group-74ECB3E06515,id=5fe28b99-5296-4882-8415-41e5835760cd
2019-09-19 09:52:41,834 [ForkJoinPool.commonPool-worker-1] INFO  segmented.SegmentedRaftLogWorker (SegmentedRaftLogWorker.java:close(228)) - 5fe28b99-5296-4882-8415-41e5835760cd-SegmentedRaftLogWorker:Storage Directory /workdir/hadoop-ozone/ozonefs/target/test-dir/MiniOzoneClusterImpl-1d4abb45-6296-491d-afb2-898852a5cf2e/datanode-2/data/ratis/59485a66-6f5c-45b3-a20d-d72da24fe080 close()
2019-09-19 09:52:41,835 [Thread-1334] INFO  impl.RoleInfo (RoleInfo.java:shutdownLeaderState(104)) - 5fe28b99-5296-4882-8415-41e5835760cd: shutdown LeaderState
2019-09-19 09:52:41,836 [Thread-1334] INFO  impl.PendingRequests (PendingRequests.java:sendNotLeaderResponses(202)) - 5fe28b99-5296-4882-8415-41e5835760cd-PendingRequests: sendNotLeaderResponses
2019-09-19 09:52:41,837 [Thread-1334] INFO  impl.StateMachineUpdater (StateMachineUpdater.java:stopAndJoin(115)) - StateMachineUpdater:5fe28b99-5296-4882-8415-41e5835760cd:group-74ECB3E06515: set stopIndex = 0
2019-09-19 09:52:41,837 [Thread-1334] INFO  impl.RaftServerImpl (ServerState.java:close(394)) - 5fe28b99-5296-4882-8415-41e5835760cd:group-74ECB3E06515 closes. The last applied log index is 0
2019-09-19 09:52:41,837 [5fe28b99-5296-4882-8415-41e5835760cd-SegmentedRaftLogWorker:Storage Directory /workdir/hadoop-ozone/ozonefs/target/test-dir/MiniOzoneClusterImpl-1d4abb45-6296-491d-afb2-898852a5cf2e/datanode-2/data/ratis/1e3db041-3cc7-48da-81a9-74ecb3e06515] INFO  segmented.SegmentedRaftLogWorker (SegmentedRaftLogWorker.java:run(313)) - 5fe28b99-5296-4882-8415-41e5835760cd-SegmentedRaftLogWorker:Storage Directory /workdir/hadoop-ozone/ozonefs/target/test-dir/MiniOzoneClusterImpl-1d4abb45-6296-491d-afb2-898852a5cf2e/datanode-2/data/ratis/1e3db041-3cc7-48da-81a9-74ecb3e06515 was interrupted, exiting. There are 0 tasks remaining in the queue.
2019-09-19 09:52:41,838 [Thread-1334] INFO  segmented.SegmentedRaftLogWorker (SegmentedRaftLogWorker.java:close(228)) - 5fe28b99-5296-4882-8415-41e5835760cd-SegmentedRaftLogWorker:Storage Directory /workdir/hadoop-ozone/ozonefs/target/test-dir/MiniOzoneClusterImpl-1d4abb45-6296-491d-afb2-898852a5cf2e/datanode-2/data/ratis/1e3db041-3cc7-48da-81a9-74ecb3e06515 close()
2019-09-19 09:52:41,839 [Thread-1334] INFO  impl.RaftServerImpl (RaftServerImpl.java:lambda$shutdown$3(245)) - 5fe28b99-5296-4882-8415-41e5835760cd: shutdown group-8A91A5B6709E
2019-09-19 09:52:41,839 [Thread-1334] INFO  util.JmxRegister (JmxRegister.java:unregister(73)) - Successfully un-registered JMX Bean with object name Ratis:service=RaftServer,group=group-8A91A5B6709E,id=5fe28b99-5296-4882-8415-41e5835760cd
2019-09-19 09:52:41,840 [Thread-1334] INFO  impl.RoleInfo (RoleInfo.java:shutdownLeaderState(104)) - 5fe28b99-5296-4882-8415-41e5835760cd: shutdown LeaderState
2019-09-19 09:52:41,840 [Thread-1334] INFO  impl.PendingRequests (PendingRequests.java:sendNotLeaderResponses(202)) - 5fe28b99-5296-4882-8415-41e5835760cd-PendingRequests: sendNotLeaderResponses
2019-09-19 09:52:41,841 [Thread-1334] INFO  impl.StateMachineUpdater (StateMachineUpdater.java:stopAndJoin(115)) - StateMachineUpdater:5fe28b99-5296-4882-8415-41e5835760cd:group-8A91A5B6709E: set stopIndex = 0
2019-09-19 09:52:41,841 [Thread-1334] INFO  impl.RaftServerImpl (ServerState.java:close(394)) - 5fe28b99-5296-4882-8415-41e5835760cd:group-8A91A5B6709E closes. The last applied log index is 0
2019-09-19 09:52:41,841 [5fe28b99-5296-4882-8415-41e5835760cd-SegmentedRaftLogWorker:Storage Directory /workdir/hadoop-ozone/ozonefs/target/test-dir/MiniOzoneClusterImpl-1d4abb45-6296-491d-afb2-898852a5cf2e/datanode-2/data/ratis/b2122659-29cd-4ccc-a6e0-8a91a5b6709e] INFO  segmented.SegmentedRaftLogWorker (SegmentedRaftLogWorker.java:run(313)) - 5fe28b99-5296-4882-8415-41e5835760cd-SegmentedRaftLogWorker:Storage Directory /workdir/hadoop-ozone/ozonefs/target/test-dir/MiniOzoneClusterImpl-1d4abb45-6296-491d-afb2-898852a5cf2e/datanode-2/data/ratis/b2122659-29cd-4ccc-a6e0-8a91a5b6709e was interrupted, exiting. There are 0 tasks remaining in the queue.
2019-09-19 09:52:41,842 [Thread-1334] INFO  segmented.SegmentedRaftLogWorker (SegmentedRaftLogWorker.java:close(228)) - 5fe28b99-5296-4882-8415-41e5835760cd-SegmentedRaftLogWorker:Storage Directory /workdir/hadoop-ozone/ozonefs/target/test-dir/MiniOzoneClusterImpl-1d4abb45-6296-491d-afb2-898852a5cf2e/datanode-2/data/ratis/b2122659-29cd-4ccc-a6e0-8a91a5b6709e close()
2019-09-19 09:52:41,843 [Thread-1334] INFO  server.GrpcService (GrpcService.java:closeImpl(155)) - 5fe28b99-5296-4882-8415-41e5835760cd: shutdown server with port 35838 now
2019-09-19 09:52:41,844 [Thread-1334] INFO  server.GrpcService (GrpcService.java:closeImpl(163)) - 5fe28b99-5296-4882-8415-41e5835760cd: shutdown server with port 35838 successfully
2019-09-19 09:52:41,846 [Thread-1334] INFO  utils.BackgroundService (BackgroundService.java:shutdown(148)) - Shutting down service BlockDeletingService
2019-09-19 09:52:41,847 [refreshUsed-/workdir/hadoop-ozone/ozonefs/target/test-dir/MiniOzoneClusterImpl-1d4abb45-6296-491d-afb2-898852a5cf2e/datanode-2/data/containers] WARN  fs.CachingGetSpaceUsed (CachingGetSpaceUsed.java:run(183)) - Thread Interrupted waiting to refresh disk information: sleep interrupted
2019-09-19 09:52:41,878 [Thread-1334] INFO  statemachine.DatanodeStateMachine (DatanodeStateMachine.java:stopDaemon(395)) - Ozone container server stopped.
2019-09-19 09:52:41,879 [Thread-1334] INFO  handler.ContextHandler (ContextHandler.java:doStop(910)) - Stopped o.e.j.w.WebAppContext@152500f5{/,null,UNAVAILABLE}{/hddsDatanode}
2019-09-19 09:52:41,880 [Thread-1334] INFO  server.AbstractConnector (AbstractConnector.java:doStop(318)) - Stopped ServerConnector@2a40c91d{HTTP/1.1,[http/1.1]}{0.0.0.0:0}
2019-09-19 09:52:41,880 [Thread-1334] INFO  handler.ContextHandler (ContextHandler.java:doStop(910)) - Stopped o.e.j.s.ServletContextHandler@7608936d{/static,jar:file:/home/user/.m2/repository/org/apache/hadoop/hadoop-hdds-container-service/0.5.0-SNAPSHOT/hadoop-hdds-container-service-0.5.0-SNAPSHOT.jar!/webapps/static,UNAVAILABLE}
2019-09-19 09:52:41,881 [Thread-1334] INFO  handler.ContextHandler (ContextHandler.java:doStop(910)) - Stopped o.e.j.s.ServletContextHandler@67fa3b72{/logs,file:///workdir/hadoop-ozone/ozonefs/target/log,UNAVAILABLE}
2019-09-19 09:52:41,881 [Thread-1334] INFO  ozone.MiniOzoneClusterImpl (MiniOzoneClusterImpl.java:stop(353)) - Stopping the StorageContainerManager
2019-09-19 09:52:41,882 [Thread-1334] INFO  server.StorageContainerManager (StorageContainerManager.java:stop(797)) - Stopping Replication Manager Service.
2019-09-19 09:52:41,882 [Thread-1334] INFO  container.ReplicationManager (ReplicationManager.java:stop(192)) - Stopping Replication Monitor Thread.
2019-09-19 09:52:41,882 [Thread-1334] INFO  server.StorageContainerManager (StorageContainerManager.java:stop(804)) - Stopping Lease Manager of the command watchers
2019-09-19 09:52:41,882 [Thread-1334] INFO  server.StorageContainerManager (StorageContainerManager.java:stop(811)) - Stopping datanode service RPC server
2019-09-19 09:52:41,882 [Thread-1334] INFO  server.SCMDatanodeProtocolServer (SCMDatanodeProtocolServer.java:stop(367)) - Stopping the RPC server for DataNodes
2019-09-19 09:52:41,882 [Thread-1334] INFO  ipc.Server (Server.java:stop(3082)) - Stopping server on 39970
2019-09-19 09:52:41,884 [IPC Server listener on 39970] INFO  ipc.Server (Server.java:run(1185)) - Stopping IPC Server listener on 39970
2019-09-19 09:52:41,887 [IPC Server Responder] INFO  ipc.Server (Server.java:run(1319)) - Stopping IPC Server Responder
2019-09-19 09:52:41,907 [SCM Heartbeat Processing Thread - 0] WARN  node.NodeStateManager (NodeStateManager.java:scheduleNextHealthCheck(655)) - Current Thread is interrupted, shutting down HB processing thread for Node Manager.
2019-09-19 09:52:41,908 [Thread-1334] INFO  server.StorageContainerManager (StorageContainerManager.java:stop(819)) - Stopping block service RPC server
2019-09-19 09:52:41,908 [Thread-1334] INFO  server.SCMBlockProtocolServer (SCMBlockProtocolServer.java:stop(148)) - Stopping the RPC server for Block Protocol
2019-09-19 09:52:41,908 [Thread-1334] INFO  ipc.Server (Server.java:stop(3082)) - Stopping server on 36188
2019-09-19 09:52:41,909 [IPC Server listener on 36188] INFO  ipc.Server (Server.java:run(1185)) - Stopping IPC Server listener on 36188
2019-09-19 09:52:41,912 [IPC Server Responder] INFO  ipc.Server (Server.java:run(1319)) - Stopping IPC Server Responder
2019-09-19 09:52:41,912 [Thread-1334] INFO  server.StorageContainerManager (StorageContainerManager.java:stop(826)) - Stopping the StorageContainerLocationProtocol RPC server
2019-09-19 09:52:41,913 [Thread-1334] INFO  server.SCMClientProtocolServer (SCMClientProtocolServer.java:stop(159)) - Stopping the RPC server for Client Protocol
2019-09-19 09:52:41,913 [Thread-1334] INFO  ipc.Server (Server.java:stop(3082)) - Stopping server on 33867
2019-09-19 09:52:41,915 [IPC Server listener on 33867] INFO  ipc.Server (Server.java:run(1185)) - Stopping IPC Server listener on 33867
2019-09-19 09:52:41,915 [Thread-1334] INFO  server.StorageContainerManager (StorageContainerManager.java:stop(833)) - Stopping Storage Container Manager HTTP server.
2019-09-19 09:52:41,916 [IPC Server Responder] INFO  ipc.Server (Server.java:run(1319)) - Stopping IPC Server Responder
2019-09-19 09:52:41,917 [Thread-1334] INFO  handler.ContextHandler (ContextHandler.java:doStop(910)) - Stopped o.e.j.w.WebAppContext@6e76fd84{/,null,UNAVAILABLE}{/scm}
2019-09-19 09:52:41,918 [Thread-1334] INFO  server.AbstractConnector (AbstractConnector.java:doStop(318)) - Stopped ServerConnector@162b2d10{HTTP/1.1,[http/1.1]}{0.0.0.0:0}
2019-09-19 09:52:41,918 [Thread-1334] INFO  handler.ContextHandler (ContextHandler.java:doStop(910)) - Stopped o.e.j.s.ServletContextHandler@157b3d8f{/static,jar:file:/home/user/.m2/repository/org/apache/hadoop/hadoop-hdds-server-scm/0.5.0-SNAPSHOT/hadoop-hdds-server-scm-0.5.0-SNAPSHOT.jar!/webapps/static,UNAVAILABLE}
2019-09-19 09:52:41,919 [Thread-1334] INFO  handler.ContextHandler (ContextHandler.java:doStop(910)) - Stopped o.e.j.s.ServletContextHandler@f825f46{/logs,file:///workdir/hadoop-ozone/ozonefs/target/log,UNAVAILABLE}
2019-09-19 09:52:41,920 [Thread-1334] INFO  server.StorageContainerManager (StorageContainerManager.java:stop(844)) - Stopping Block Manager Service.
2019-09-19 09:52:41,920 [Thread-1334] INFO  utils.BackgroundService (BackgroundService.java:shutdown(148)) - Shutting down service SCMBlockDeletingService
2019-09-19 09:52:41,921 [Thread-1334] INFO  utils.BackgroundService (BackgroundService.java:shutdown(148)) - Shutting down service SCMBlockDeletingService
2019-09-19 09:52:41,921 [Thread-1334] INFO  server.StorageContainerManager (StorageContainerManager.java:stop(866)) - Stopping SCM Event Queue.
2019-09-19 09:52:41,925 [Thread-1334] INFO  impl.MetricsSystemImpl (MetricsSystemImpl.java:stop(210)) - Stopping HddsDatanode metrics system...
2019-09-19 09:52:41,935 [Thread-1334] INFO  impl.MetricsSystemImpl (MetricsSystemImpl.java:stop(216)) - HddsDatanode metrics system stopped.
]]></system-out>
    <system-err><![CDATA[Sep 19, 2019 9:52:25 AM com.sun.jersey.server.impl.application.WebApplicationImpl _initiate
INFO: Initiating Jersey application, version 'Jersey: 1.19 02/11/2015 03:25 AM'
Sep 19, 2019 9:52:26 AM com.sun.jersey.server.impl.application.WebApplicationImpl _initiate
INFO: Initiating Jersey application, version 'Jersey: 1.19 02/11/2015 03:25 AM'
Sep 19, 2019 9:52:26 AM com.sun.jersey.server.impl.application.WebApplicationImpl _initiate
INFO: Initiating Jersey application, version 'Jersey: 1.19 02/11/2015 03:25 AM'
Sep 19, 2019 9:52:31 AM com.sun.jersey.server.impl.application.WebApplicationImpl _initiate
INFO: Initiating Jersey application, version 'Jersey: 1.19 02/11/2015 03:25 AM'
]]></system-err>
  </testcase>
  <testcase name="testListStatusOnLargeDirectory" classname="org.apache.hadoop.fs.ozone.TestOzoneFileSystem" time="22.498"/>
</testsuite>