<?xml version="1.0" encoding="UTF-8"?>
<testsuite xmlns:xsi="http://www.w3.org/2001/XMLSchema-instance" xsi:noNamespaceSchemaLocation="https://maven.apache.org/surefire/maven-surefire-plugin/xsd/surefire-test-report.xsd" name="org.apache.hadoop.fs.ozone.TestOzoneFileInterfaces" time="214.374" tests="12" errors="2" skipped="0" failures="0">
  <properties>
    <property name="awt.toolkit" value="sun.awt.X11.XToolkit"/>
    <property name="file.encoding.pkg" value="sun.io"/>
    <property name="java.specification.version" value="1.8"/>
    <property name="sun.cpu.isalist" value=""/>
    <property name="sun.jnu.encoding" value="UTF-8"/>
    <property name="java.class.path" value="/workdir/hadoop-ozone/ozonefs/target/test-classes:/workdir/hadoop-ozone/ozonefs/target/classes:/home/user/.m2/repository/org/apache/hadoop/hadoop-common/3.2.0/hadoop-common-3.2.0.jar:/home/user/.m2/repository/org/apache/hadoop/hadoop-annotations/3.2.0/hadoop-annotations-3.2.0.jar:/usr/lib/jvm/java-1.8-openjdk/jre/../lib/tools.jar:/home/user/.m2/repository/com/google/guava/guava/11.0.2/guava-11.0.2.jar:/home/user/.m2/repository/commons-cli/commons-cli/1.2/commons-cli-1.2.jar:/home/user/.m2/repository/org/apache/commons/commons-math3/3.1.1/commons-math3-3.1.1.jar:/home/user/.m2/repository/org/apache/httpcomponents/httpclient/4.5.2/httpclient-4.5.2.jar:/home/user/.m2/repository/org/apache/httpcomponents/httpcore/4.4.4/httpcore-4.4.4.jar:/home/user/.m2/repository/commons-codec/commons-codec/1.11/commons-codec-1.11.jar:/home/user/.m2/repository/commons-io/commons-io/2.5/commons-io-2.5.jar:/home/user/.m2/repository/commons-net/commons-net/3.6/commons-net-3.6.jar:/home/user/.m2/repository/commons-collections/commons-collections/3.2.2/commons-collections-3.2.2.jar:/home/user/.m2/repository/javax/servlet/javax.servlet-api/3.1.0/javax.servlet-api-3.1.0.jar:/home/user/.m2/repository/org/eclipse/jetty/jetty-server/9.3.24.v20180605/jetty-server-9.3.24.v20180605.jar:/home/user/.m2/repository/org/eclipse/jetty/jetty-http/9.3.24.v20180605/jetty-http-9.3.24.v20180605.jar:/home/user/.m2/repository/org/eclipse/jetty/jetty-io/9.3.24.v20180605/jetty-io-9.3.24.v20180605.jar:/home/user/.m2/repository/org/eclipse/jetty/jetty-util/9.3.24.v20180605/jetty-util-9.3.24.v20180605.jar:/home/user/.m2/repository/org/eclipse/jetty/jetty-servlet/9.3.24.v20180605/jetty-servlet-9.3.24.v20180605.jar:/home/user/.m2/repository/org/eclipse/jetty/jetty-security/9.3.24.v20180605/jetty-security-9.3.24.v20180605.jar:/home/user/.m2/repository/org/eclipse/jetty/jetty-webapp/9.3.24.v20180605/jetty-webapp-9.3.24.v20180605.jar:/home/user/.m2/repository/org/eclipse/jetty/jetty-xml/9.3.24.v20180605/jetty-xml-9.3.24.v20180605.jar:/home/user/.m2/repository/javax/servlet/jsp/jsp-api/2.1/jsp-api-2.1.jar:/home/user/.m2/repository/com/sun/jersey/jersey-core/1.19/jersey-core-1.19.jar:/home/user/.m2/repository/javax/ws/rs/jsr311-api/1.1.1/jsr311-api-1.1.1.jar:/home/user/.m2/repository/com/sun/jersey/jersey-servlet/1.19/jersey-servlet-1.19.jar:/home/user/.m2/repository/com/sun/jersey/jersey-json/1.19/jersey-json-1.19.jar:/home/user/.m2/repository/org/codehaus/jettison/jettison/1.1/jettison-1.1.jar:/home/user/.m2/repository/com/sun/xml/bind/jaxb-impl/2.3.0.1/jaxb-impl-2.3.0.1.jar:/home/user/.m2/repository/org/codehaus/jackson/jackson-core-asl/1.9.13/jackson-core-asl-1.9.13.jar:/home/user/.m2/repository/org/codehaus/jackson/jackson-mapper-asl/1.9.13/jackson-mapper-asl-1.9.13.jar:/home/user/.m2/repository/org/codehaus/jackson/jackson-jaxrs/1.9.13/jackson-jaxrs-1.9.13.jar:/home/user/.m2/repository/org/codehaus/jackson/jackson-xc/1.9.13/jackson-xc-1.9.13.jar:/home/user/.m2/repository/com/sun/jersey/jersey-server/1.19/jersey-server-1.19.jar:/home/user/.m2/repository/commons-logging/commons-logging/1.1.3/commons-logging-1.1.3.jar:/home/user/.m2/repository/log4j/log4j/1.2.17/log4j-1.2.17.jar:/home/user/.m2/repository/commons-beanutils/commons-beanutils/1.9.3/commons-beanutils-1.9.3.jar:/home/user/.m2/repository/org/apache/commons/commons-configuration2/2.1.1/commons-configuration2-2.1.1.jar:/home/user/.m2/repository/org/apache/commons/commons-lang3/3.7/commons-lang3-3.7.jar:/home/user/.m2/repository/org/apache/commons/commons-text/1.4/commons-text-1.4.jar:/home/user/.m2/repository/org/slf4j/slf4j-api/1.7.25/slf4j-api-1.7.25.jar:/home/user/.m2/repository/org/slf4j/slf4j-log4j12/1.7.25/slf4j-log4j12-1.7.25.jar:/home/user/.m2/repository/org/apache/avro/avro/1.7.7/avro-1.7.7.jar:/home/user/.m2/repository/com/thoughtworks/paranamer/paranamer/2.3/paranamer-2.3.jar:/home/user/.m2/repository/org/xerial/snappy/snappy-java/1.0.5/snappy-java-1.0.5.jar:/home/user/.m2/repository/com/google/re2j/re2j/1.1/re2j-1.1.jar:/home/user/.m2/repository/com/google/protobuf/protobuf-java/2.5.0/protobuf-java-2.5.0.jar:/home/user/.m2/repository/com/google/code/gson/gson/2.2.4/gson-2.2.4.jar:/home/user/.m2/repository/org/apache/hadoop/hadoop-auth/3.2.0/hadoop-auth-3.2.0.jar:/home/user/.m2/repository/com/nimbusds/nimbus-jose-jwt/4.41.1/nimbus-jose-jwt-4.41.1.jar:/home/user/.m2/repository/com/github/stephenc/jcip/jcip-annotations/1.0-1/jcip-annotations-1.0-1.jar:/home/user/.m2/repository/net/minidev/json-smart/2.3/json-smart-2.3.jar:/home/user/.m2/repository/net/minidev/accessors-smart/1.2/accessors-smart-1.2.jar:/home/user/.m2/repository/org/apache/curator/curator-framework/2.12.0/curator-framework-2.12.0.jar:/home/user/.m2/repository/com/jcraft/jsch/0.1.54/jsch-0.1.54.jar:/home/user/.m2/repository/org/apache/curator/curator-client/2.12.0/curator-client-2.12.0.jar:/home/user/.m2/repository/org/apache/curator/curator-recipes/2.12.0/curator-recipes-2.12.0.jar:/home/user/.m2/repository/com/google/code/findbugs/jsr305/3.0.0/jsr305-3.0.0.jar:/home/user/.m2/repository/org/apache/htrace/htrace-core4/4.1.0-incubating/htrace-core4-4.1.0-incubating.jar:/home/user/.m2/repository/org/apache/zookeeper/zookeeper/3.4.13/zookeeper-3.4.13.jar:/home/user/.m2/repository/org/apache/yetus/audience-annotations/0.5.0/audience-annotations-0.5.0.jar:/home/user/.m2/repository/org/apache/commons/commons-compress/1.4.1/commons-compress-1.4.1.jar:/home/user/.m2/repository/org/tukaani/xz/1.0/xz-1.0.jar:/home/user/.m2/repository/org/apache/kerby/kerb-simplekdc/1.0.1/kerb-simplekdc-1.0.1.jar:/home/user/.m2/repository/org/apache/kerby/kerb-client/1.0.1/kerb-client-1.0.1.jar:/home/user/.m2/repository/org/apache/kerby/kerby-config/1.0.1/kerby-config-1.0.1.jar:/home/user/.m2/repository/org/apache/kerby/kerb-core/1.0.1/kerb-core-1.0.1.jar:/home/user/.m2/repository/org/apache/kerby/kerby-pkix/1.0.1/kerby-pkix-1.0.1.jar:/home/user/.m2/repository/org/apache/kerby/kerby-asn1/1.0.1/kerby-asn1-1.0.1.jar:/home/user/.m2/repository/org/apache/kerby/kerby-util/1.0.1/kerby-util-1.0.1.jar:/home/user/.m2/repository/org/apache/kerby/kerb-common/1.0.1/kerb-common-1.0.1.jar:/home/user/.m2/repository/org/apache/kerby/kerb-crypto/1.0.1/kerb-crypto-1.0.1.jar:/home/user/.m2/repository/org/apache/kerby/kerb-util/1.0.1/kerb-util-1.0.1.jar:/home/user/.m2/repository/org/apache/kerby/token-provider/1.0.1/token-provider-1.0.1.jar:/home/user/.m2/repository/org/apache/kerby/kerb-admin/1.0.1/kerb-admin-1.0.1.jar:/home/user/.m2/repository/org/apache/kerby/kerb-server/1.0.1/kerb-server-1.0.1.jar:/home/user/.m2/repository/org/apache/kerby/kerb-identity/1.0.1/kerb-identity-1.0.1.jar:/home/user/.m2/repository/org/apache/kerby/kerby-xdr/1.0.1/kerby-xdr-1.0.1.jar:/home/user/.m2/repository/com/fasterxml/jackson/core/jackson-databind/2.9.5/jackson-databind-2.9.5.jar:/home/user/.m2/repository/com/fasterxml/jackson/core/jackson-annotations/2.9.5/jackson-annotations-2.9.5.jar:/home/user/.m2/repository/com/fasterxml/jackson/core/jackson-core/2.9.5/jackson-core-2.9.5.jar:/home/user/.m2/repository/org/codehaus/woodstox/stax2-api/3.1.4/stax2-api-3.1.4.jar:/home/user/.m2/repository/com/fasterxml/woodstox/woodstox-core/5.0.3/woodstox-core-5.0.3.jar:/home/user/.m2/repository/dnsjava/dnsjava/2.1.7/dnsjava-2.1.7.jar:/home/user/.m2/repository/org/apache/hadoop/hadoop-hdfs/3.2.0/hadoop-hdfs-3.2.0.jar:/home/user/.m2/repository/org/eclipse/jetty/jetty-util-ajax/9.3.24.v20180605/jetty-util-ajax-9.3.24.v20180605.jar:/home/user/.m2/repository/commons-daemon/commons-daemon/1.0.13/commons-daemon-1.0.13.jar:/home/user/.m2/repository/io/netty/netty/3.10.5.Final/netty-3.10.5.Final.jar:/home/user/.m2/repository/io/netty/netty-all/4.0.52.Final/netty-all-4.0.52.Final.jar:/home/user/.m2/repository/org/fusesource/leveldbjni/leveldbjni-all/1.8/leveldbjni-all-1.8.jar:/home/user/.m2/repository/org/apache/hadoop/hadoop-hdds-common/0.5.0-SNAPSHOT/hadoop-hdds-common-0.5.0-SNAPSHOT.jar:/home/user/.m2/repository/org/apache/hadoop/hadoop-hdds-config/0.5.0-SNAPSHOT/hadoop-hdds-config-0.5.0-SNAPSHOT.jar:/home/user/.m2/repository/javax/annotation/javax.annotation-api/1.2/javax.annotation-api-1.2.jar:/home/user/.m2/repository/org/apache/ratis/ratis-server/0.4.0-2337318-SNAPSHOT/ratis-server-0.4.0-2337318-SNAPSHOT.jar:/home/user/.m2/repository/org/apache/ratis/ratis-thirdparty-misc/0.2.0/ratis-thirdparty-misc-0.2.0.jar:/home/user/.m2/repository/org/apache/ratis/ratis-proto/0.4.0-2337318-SNAPSHOT/ratis-proto-0.4.0-2337318-SNAPSHOT.jar:/home/user/.m2/repository/org/apache/ratis/ratis-common/0.4.0-2337318-SNAPSHOT/ratis-common-0.4.0-2337318-SNAPSHOT.jar:/home/user/.m2/repository/org/apache/ratis/ratis-client/0.4.0-2337318-SNAPSHOT/ratis-client-0.4.0-2337318-SNAPSHOT.jar:/home/user/.m2/repository/org/apache/ratis/ratis-metrics/0.4.0-2337318-SNAPSHOT/ratis-metrics-0.4.0-2337318-SNAPSHOT.jar:/home/user/.m2/repository/org/apache/ratis/ratis-netty/0.4.0-2337318-SNAPSHOT/ratis-netty-0.4.0-2337318-SNAPSHOT.jar:/home/user/.m2/repository/org/apache/ratis/ratis-grpc/0.4.0-2337318-SNAPSHOT/ratis-grpc-0.4.0-2337318-SNAPSHOT.jar:/home/user/.m2/repository/org/rocksdb/rocksdbjni/6.0.1/rocksdbjni-6.0.1.jar:/home/user/.m2/repository/org/apache/logging/log4j/log4j-api/2.11.0/log4j-api-2.11.0.jar:/home/user/.m2/repository/org/apache/logging/log4j/log4j-core/2.11.0/log4j-core-2.11.0.jar:/home/user/.m2/repository/com/lmax/disruptor/3.4.2/disruptor-3.4.2.jar:/home/user/.m2/repository/org/apache/commons/commons-pool2/2.6.0/commons-pool2-2.6.0.jar:/home/user/.m2/repository/org/bouncycastle/bcpkix-jdk15on/1.60/bcpkix-jdk15on-1.60.jar:/home/user/.m2/repository/commons-validator/commons-validator/1.6/commons-validator-1.6.jar:/home/user/.m2/repository/commons-digester/commons-digester/1.8.1/commons-digester-1.8.1.jar:/home/user/.m2/repository/io/jaegertracing/jaeger-client/0.33.1/jaeger-client-0.33.1.jar:/home/user/.m2/repository/io/jaegertracing/jaeger-thrift/0.33.1/jaeger-thrift-0.33.1.jar:/home/user/.m2/repository/org/apache/thrift/libthrift/0.11.0/libthrift-0.11.0.jar:/home/user/.m2/repository/com/squareup/okhttp3/okhttp/3.9.0/okhttp-3.9.0.jar:/home/user/.m2/repository/com/squareup/okio/okio/1.13.0/okio-1.13.0.jar:/home/user/.m2/repository/io/jaegertracing/jaeger-core/0.33.1/jaeger-core-0.33.1.jar:/home/user/.m2/repository/io/jaegertracing/jaeger-tracerresolver/0.33.1/jaeger-tracerresolver-0.33.1.jar:/home/user/.m2/repository/io/opentracing/contrib/opentracing-tracerresolver/0.1.5/opentracing-tracerresolver-0.1.5.jar:/home/user/.m2/repository/io/opentracing/opentracing-util/0.31.0/opentracing-util-0.31.0.jar:/home/user/.m2/repository/io/opentracing/opentracing-api/0.31.0/opentracing-api-0.31.0.jar:/home/user/.m2/repository/io/opentracing/opentracing-noop/0.31.0/opentracing-noop-0.31.0.jar:/home/user/.m2/repository/org/yaml/snakeyaml/1.16/snakeyaml-1.16.jar:/home/user/.m2/repository/org/apache/hadoop/hadoop-hdfs-client/3.2.0/hadoop-hdfs-client-3.2.0.jar:/home/user/.m2/repository/info/picocli/picocli/3.9.6/picocli-3.9.6.jar:/home/user/.m2/repository/org/apache/hadoop/hadoop-hdds-server-scm/0.5.0-SNAPSHOT/hadoop-hdds-server-scm-0.5.0-SNAPSHOT.jar:/home/user/.m2/repository/org/apache/hadoop/hadoop-hdds-docs/0.5.0-SNAPSHOT/hadoop-hdds-docs-0.5.0-SNAPSHOT.jar:/home/user/.m2/repository/io/dropwizard/metrics/metrics-core/3.2.4/metrics-core-3.2.4.jar:/home/user/.m2/repository/org/hamcrest/hamcrest-all/1.3/hamcrest-all-1.3.jar:/home/user/.m2/repository/org/bouncycastle/bcprov-jdk15on/1.60/bcprov-jdk15on-1.60.jar:/home/user/.m2/repository/org/apache/hadoop/hadoop-hdds-server-framework/0.5.0-SNAPSHOT/hadoop-hdds-server-framework-0.5.0-SNAPSHOT.jar:/home/user/.m2/repository/org/apache/hadoop/hadoop-ozone-ozone-manager/0.5.0-SNAPSHOT/hadoop-ozone-ozone-manager-0.5.0-SNAPSHOT.jar:/home/user/.m2/repository/org/apache/hadoop/hadoop-hdds-container-service/0.5.0-SNAPSHOT/hadoop-hdds-container-service-0.5.0-SNAPSHOT.jar:/home/user/.m2/repository/org/apache/hadoop/hadoop-hdds-client/0.5.0-SNAPSHOT/hadoop-hdds-client-0.5.0-SNAPSHOT.jar:/home/user/.m2/repository/org/apache/hadoop/hadoop-ozone-common/0.5.0-SNAPSHOT/hadoop-ozone-common-0.5.0-SNAPSHOT.jar:/home/user/.m2/repository/org/apache/hadoop/hadoop-hdds-tools/0.5.0-SNAPSHOT/hadoop-hdds-tools-0.5.0-SNAPSHOT.jar:/home/user/.m2/repository/org/xerial/sqlite-jdbc/3.25.2/sqlite-jdbc-3.25.2.jar:/home/user/.m2/repository/org/apache/hadoop/hadoop-ozone-objectstore-service/0.5.0-SNAPSHOT/hadoop-ozone-objectstore-service-0.5.0-SNAPSHOT.jar:/home/user/.m2/repository/com/google/code/findbugs/findbugs/3.0.1/findbugs-3.0.1.jar:/home/user/.m2/repository/net/jcip/jcip-annotations/1.0/jcip-annotations-1.0.jar:/home/user/.m2/repository/com/google/code/findbugs/bcel-findbugs/6.0/bcel-findbugs-6.0.jar:/home/user/.m2/repository/com/google/code/findbugs/jFormatString/2.0.1/jFormatString-2.0.1.jar:/home/user/.m2/repository/dom4j/dom4j/1.6.1/dom4j-1.6.1.jar:/home/user/.m2/repository/xml-apis/xml-apis/1.0.b2/xml-apis-1.0.b2.jar:/home/user/.m2/repository/org/ow2/asm/asm-debug-all/5.0.2/asm-debug-all-5.0.2.jar:/home/user/.m2/repository/org/ow2/asm/asm-commons/5.0.2/asm-commons-5.0.2.jar:/home/user/.m2/repository/org/ow2/asm/asm-tree/5.0.2/asm-tree-5.0.2.jar:/home/user/.m2/repository/org/ow2/asm/asm/5.0.4/asm-5.0.4.jar:/home/user/.m2/repository/commons-lang/commons-lang/2.6/commons-lang-2.6.jar:/home/user/.m2/repository/com/apple/AppleJavaExtensions/1.4/AppleJavaExtensions-1.4.jar:/home/user/.m2/repository/jaxen/jaxen/1.1.6/jaxen-1.1.6.jar:/home/user/.m2/repository/org/apache/hadoop/hadoop-common/3.2.0/hadoop-common-3.2.0-tests.jar:/home/user/.m2/repository/org/apache/hadoop/hadoop-ozone-client/0.5.0-SNAPSHOT/hadoop-ozone-client-0.5.0-SNAPSHOT.jar:/home/user/.m2/repository/org/apache/hadoop/hadoop-hdfs/3.2.0/hadoop-hdfs-3.2.0-tests.jar:/workdir/hadoop-ozone/integration-test/target/test-classes:/home/user/.m2/repository/org/apache/hadoop/hadoop-ozone-s3gateway/0.5.0-SNAPSHOT/hadoop-ozone-s3gateway-0.5.0-SNAPSHOT.jar:/home/user/.m2/repository/org/jboss/weld/servlet/weld-servlet/2.4.7.Final/weld-servlet-2.4.7.Final.jar:/home/user/.m2/repository/org/glassfish/jersey/containers/jersey-container-servlet-core/2.27/jersey-container-servlet-core-2.27.jar:/home/user/.m2/repository/org/glassfish/hk2/external/javax.inject/2.5.0-b42/javax.inject-2.5.0-b42.jar:/home/user/.m2/repository/org/glassfish/jersey/core/jersey-common/2.27/jersey-common-2.27.jar:/home/user/.m2/repository/org/glassfish/hk2/osgi-resource-locator/1.0.1/osgi-resource-locator-1.0.1.jar:/home/user/.m2/repository/javax/ws/rs/javax.ws.rs-api/2.1/javax.ws.rs-api-2.1.jar:/home/user/.m2/repository/org/glassfish/jersey/ext/cdi/jersey-cdi1x/2.27/jersey-cdi1x-2.27.jar:/home/user/.m2/repository/org/glassfish/jersey/inject/jersey-hk2/2.27/jersey-hk2-2.27.jar:/home/user/.m2/repository/org/glassfish/hk2/hk2-locator/2.5.0-b42/hk2-locator-2.5.0-b42.jar:/home/user/.m2/repository/org/javassist/javassist/3.22.0-CR2/javassist-3.22.0-CR2.jar:/home/user/.m2/repository/org/glassfish/hk2/hk2-api/2.5.0/hk2-api-2.5.0.jar:/home/user/.m2/repository/org/glassfish/hk2/external/jakarta.inject/2.5.0/jakarta.inject-2.5.0.jar:/home/user/.m2/repository/org/glassfish/hk2/hk2-utils/2.5.0/hk2-utils-2.5.0.jar:/home/user/.m2/repository/jakarta/annotation/jakarta.annotation-api/1.3.4/jakarta.annotation-api-1.3.4.jar:/home/user/.m2/repository/org/glassfish/hk2/external/aopalliance-repackaged/2.5.0/aopalliance-repackaged-2.5.0.jar:/home/user/.m2/repository/com/fasterxml/jackson/dataformat/jackson-dataformat-xml/2.9.0/jackson-dataformat-xml-2.9.0.jar:/home/user/.m2/repository/com/fasterxml/jackson/module/jackson-module-jaxb-annotations/2.9.5/jackson-module-jaxb-annotations-2.9.5.jar:/home/user/.m2/repository/javax/enterprise/cdi-api/1.2/cdi-api-1.2.jar:/home/user/.m2/repository/javax/el/javax.el-api/3.0.0/javax.el-api-3.0.0.jar:/home/user/.m2/repository/javax/interceptor/javax.interceptor-api/1.2/javax.interceptor-api-1.2.jar:/home/user/.m2/repository/javax/inject/javax.inject/1/javax.inject-1.jar:/home/user/.m2/repository/com/sun/xml/bind/jaxb-core/2.3.0.1/jaxb-core-2.3.0.1.jar:/home/user/.m2/repository/javax/xml/bind/jaxb-api/2.3.0/jaxb-api-2.3.0.jar:/home/user/.m2/repository/javax/activation/activation/1.1.1/activation-1.1.1.jar:/home/user/.m2/repository/org/apache/hadoop/hadoop-ozone-csi/0.5.0-SNAPSHOT/hadoop-ozone-csi-0.5.0-SNAPSHOT.jar:/home/user/.m2/repository/com/google/protobuf/protobuf-java-util/3.5.1/protobuf-java-util-3.5.1.jar:/home/user/.m2/repository/io/grpc/grpc-netty/1.17.1/grpc-netty-1.17.1.jar:/home/user/.m2/repository/io/grpc/grpc-core/1.17.1/grpc-core-1.17.1.jar:/home/user/.m2/repository/io/grpc/grpc-context/1.17.1/grpc-context-1.17.1.jar:/home/user/.m2/repository/com/google/errorprone/error_prone_annotations/2.2.0/error_prone_annotations-2.2.0.jar:/home/user/.m2/repository/org/codehaus/mojo/animal-sniffer-annotations/1.17/animal-sniffer-annotations-1.17.jar:/home/user/.m2/repository/io/opencensus/opencensus-api/0.17.0/opencensus-api-0.17.0.jar:/home/user/.m2/repository/io/opencensus/opencensus-contrib-grpc-metrics/0.17.0/opencensus-contrib-grpc-metrics-0.17.0.jar:/home/user/.m2/repository/io/netty/netty-codec-http2/4.1.30.Final/netty-codec-http2-4.1.30.Final.jar:/home/user/.m2/repository/io/netty/netty-codec-http/4.1.30.Final/netty-codec-http-4.1.30.Final.jar:/home/user/.m2/repository/io/netty/netty-codec/4.1.30.Final/netty-codec-4.1.30.Final.jar:/home/user/.m2/repository/io/netty/netty-handler/4.1.30.Final/netty-handler-4.1.30.Final.jar:/home/user/.m2/repository/io/netty/netty-handler-proxy/4.1.30.Final/netty-handler-proxy-4.1.30.Final.jar:/home/user/.m2/repository/io/netty/netty-codec-socks/4.1.30.Final/netty-codec-socks-4.1.30.Final.jar:/home/user/.m2/repository/io/netty/netty-transport-native-epoll/4.1.30.Final/netty-transport-native-epoll-4.1.30.Final.jar:/home/user/.m2/repository/io/netty/netty-common/4.1.30.Final/netty-common-4.1.30.Final.jar:/home/user/.m2/repository/io/netty/netty-buffer/4.1.30.Final/netty-buffer-4.1.30.Final.jar:/home/user/.m2/repository/io/netty/netty-transport/4.1.30.Final/netty-transport-4.1.30.Final.jar:/home/user/.m2/repository/io/netty/netty-resolver/4.1.30.Final/netty-resolver-4.1.30.Final.jar:/home/user/.m2/repository/io/netty/netty-transport-native-unix-common/4.1.30.Final/netty-transport-native-unix-common-4.1.30.Final.jar:/home/user/.m2/repository/io/grpc/grpc-protobuf/1.17.1/grpc-protobuf-1.17.1.jar:/home/user/.m2/repository/com/google/api/grpc/proto-google-common-protos/1.0.0/proto-google-common-protos-1.0.0.jar:/home/user/.m2/repository/io/grpc/grpc-protobuf-lite/1.17.1/grpc-protobuf-lite-1.17.1.jar:/home/user/.m2/repository/io/grpc/grpc-stub/1.17.1/grpc-stub-1.17.1.jar:/home/user/.m2/repository/org/apache/hadoop/hadoop-ozone-recon/0.5.0-SNAPSHOT/hadoop-ozone-recon-0.5.0-SNAPSHOT.jar:/home/user/.m2/repository/org/apache/hadoop/hadoop-ozone-reconcodegen/0.5.0-SNAPSHOT/hadoop-ozone-reconcodegen-0.5.0-SNAPSHOT.jar:/home/user/.m2/repository/com/google/inject/extensions/guice-multibindings/4.0/guice-multibindings-4.0.jar:/home/user/.m2/repository/com/google/inject/guice/4.0/guice-4.0.jar:/home/user/.m2/repository/aopalliance/aopalliance/1.0/aopalliance-1.0.jar:/home/user/.m2/repository/org/glassfish/jersey/containers/jersey-container-servlet/2.27/jersey-container-servlet-2.27.jar:/home/user/.m2/repository/org/glassfish/hk2/guice-bridge/2.5.0/guice-bridge-2.5.0.jar:/home/user/.m2/repository/org/glassfish/jersey/core/jersey-server/2.27/jersey-server-2.27.jar:/home/user/.m2/repository/org/glassfish/jersey/core/jersey-client/2.27/jersey-client-2.27.jar:/home/user/.m2/repository/org/glassfish/jersey/media/jersey-media-jaxb/2.27/jersey-media-jaxb-2.27.jar:/home/user/.m2/repository/javax/validation/validation-api/1.1.0.Final/validation-api-1.1.0.Final.jar:/home/user/.m2/repository/org/glassfish/jersey/media/jersey-media-json-jackson/2.27/jersey-media-json-jackson-2.27.jar:/home/user/.m2/repository/org/glassfish/jersey/ext/jersey-entity-filtering/2.27/jersey-entity-filtering-2.27.jar:/home/user/.m2/repository/com/google/inject/extensions/guice-assistedinject/4.0/guice-assistedinject-4.0.jar:/home/user/.m2/repository/org/jooq/jooq/3.11.10/jooq-3.11.10.jar:/home/user/.m2/repository/org/jooq/jooq-meta/3.11.10/jooq-meta-3.11.10.jar:/home/user/.m2/repository/org/jooq/jooq-codegen/3.11.10/jooq-codegen-3.11.10.jar:/home/user/.m2/repository/com/jolbox/bonecp/0.8.0.RELEASE/bonecp-0.8.0.RELEASE.jar:/home/user/.m2/repository/org/springframework/spring-jdbc/5.1.3.RELEASE/spring-jdbc-5.1.3.RELEASE.jar:/home/user/.m2/repository/org/springframework/spring-beans/5.1.3.RELEASE/spring-beans-5.1.3.RELEASE.jar:/home/user/.m2/repository/org/springframework/spring-core/5.1.3.RELEASE/spring-core-5.1.3.RELEASE.jar:/home/user/.m2/repository/org/springframework/spring-jcl/5.1.3.RELEASE/spring-jcl-5.1.3.RELEASE.jar:/home/user/.m2/repository/org/springframework/spring-tx/5.1.3.RELEASE/spring-tx-5.1.3.RELEASE.jar:/home/user/.m2/repository/org/mockito/mockito-all/1.10.19/mockito-all-1.10.19.jar:/home/user/.m2/repository/junit/junit/4.11/junit-4.11.jar:/home/user/.m2/repository/org/hamcrest/hamcrest-core/1.3/hamcrest-core-1.3.jar:/home/user/.m2/repository/org/apache/hadoop/hadoop-distcp/3.2.0/hadoop-distcp-3.2.0.jar:/home/user/.m2/repository/org/apache/hadoop/hadoop-distcp/3.2.0/hadoop-distcp-3.2.0-tests.jar:/home/user/.m2/repository/org/apache/hadoop/hadoop-mapreduce-client-jobclient/3.2.0/hadoop-mapreduce-client-jobclient-3.2.0.jar:/home/user/.m2/repository/org/apache/hadoop/hadoop-mapreduce-client-common/3.2.0/hadoop-mapreduce-client-common-3.2.0.jar:/home/user/.m2/repository/org/apache/hadoop/hadoop-yarn-common/3.2.0/hadoop-yarn-common-3.2.0.jar:/home/user/.m2/repository/org/apache/hadoop/hadoop-yarn-api/3.2.0/hadoop-yarn-api-3.2.0.jar:/home/user/.m2/repository/com/sun/jersey/jersey-client/1.19/jersey-client-1.19.jar:/home/user/.m2/repository/com/sun/jersey/contribs/jersey-guice/1.19/jersey-guice-1.19.jar:/home/user/.m2/repository/com/fasterxml/jackson/jaxrs/jackson-jaxrs-json-provider/2.9.5/jackson-jaxrs-json-provider-2.9.5.jar:/home/user/.m2/repository/com/fasterxml/jackson/jaxrs/jackson-jaxrs-base/2.9.5/jackson-jaxrs-base-2.9.5.jar:/home/user/.m2/repository/org/apache/hadoop/hadoop-yarn-client/3.2.0/hadoop-yarn-client-3.2.0.jar:/home/user/.m2/repository/org/apache/hadoop/hadoop-mapreduce-client-core/3.2.0/hadoop-mapreduce-client-core-3.2.0.jar:/home/user/.m2/repository/com/google/inject/extensions/guice-servlet/4.0/guice-servlet-4.0.jar:/home/user/.m2/repository/org/powermock/powermock-module-junit4/1.6.5/powermock-module-junit4-1.6.5.jar:/home/user/.m2/repository/org/powermock/powermock-module-junit4-common/1.6.5/powermock-module-junit4-common-1.6.5.jar:/home/user/.m2/repository/org/powermock/powermock-core/1.6.5/powermock-core-1.6.5.jar:/home/user/.m2/repository/org/powermock/powermock-reflect/1.6.5/powermock-reflect-1.6.5.jar:/home/user/.m2/repository/org/powermock/powermock-api-mockito/1.6.5/powermock-api-mockito-1.6.5.jar:/home/user/.m2/repository/org/mockito/mockito-core/1.10.19/mockito-core-1.10.19.jar:/home/user/.m2/repository/org/objenesis/objenesis/1.0/objenesis-1.0.jar:/home/user/.m2/repository/org/powermock/powermock-api-mockito-common/1.6.5/powermock-api-mockito-common-1.6.5.jar:/home/user/.m2/repository/org/powermock/powermock-api-support/1.6.5/powermock-api-support-1.6.5.jar:"/>
    <property name="java.vm.vendor" value="IcedTea"/>
    <property name="sun.arch.data.model" value="64"/>
    <property name="test.build.dir" value="/workdir/hadoop-ozone/ozonefs/target/test-dir"/>
    <property name="test.cache.data" value=""/>
    <property name="java.vendor.url" value="https://icedtea.classpath.org"/>
    <property name="user.timezone" value=""/>
    <property name="java.vm.specification.version" value="1.8"/>
    <property name="os.name" value="Linux"/>
    <property name="test.build.data" value="/workdir/hadoop-ozone/ozonefs/target/test-dir"/>
    <property name="user.country" value="US"/>
    <property name="sun.java.launcher" value="SUN_STANDARD"/>
    <property name="sun.boot.library.path" value="/usr/lib/jvm/java-1.8-openjdk/jre/lib/amd64"/>
    <property name="sun.java.command" value="/workdir/hadoop-ozone/ozonefs/target/surefire/surefirebooter3740394307417404032.jar /workdir/hadoop-ozone/ozonefs/target/surefire 2019-09-19T07-57-21_967-jvmRun1 surefire6302990146277456172tmp surefire_104837411244485894419tmp"/>
    <property name="test" value="!TestMiniChaosOzoneCluster"/>
    <property name="surefire.test.class.path" value="/workdir/hadoop-ozone/ozonefs/target/test-classes:/workdir/hadoop-ozone/ozonefs/target/classes:/home/user/.m2/repository/org/apache/hadoop/hadoop-common/3.2.0/hadoop-common-3.2.0.jar:/home/user/.m2/repository/org/apache/hadoop/hadoop-annotations/3.2.0/hadoop-annotations-3.2.0.jar:/usr/lib/jvm/java-1.8-openjdk/jre/../lib/tools.jar:/home/user/.m2/repository/com/google/guava/guava/11.0.2/guava-11.0.2.jar:/home/user/.m2/repository/commons-cli/commons-cli/1.2/commons-cli-1.2.jar:/home/user/.m2/repository/org/apache/commons/commons-math3/3.1.1/commons-math3-3.1.1.jar:/home/user/.m2/repository/org/apache/httpcomponents/httpclient/4.5.2/httpclient-4.5.2.jar:/home/user/.m2/repository/org/apache/httpcomponents/httpcore/4.4.4/httpcore-4.4.4.jar:/home/user/.m2/repository/commons-codec/commons-codec/1.11/commons-codec-1.11.jar:/home/user/.m2/repository/commons-io/commons-io/2.5/commons-io-2.5.jar:/home/user/.m2/repository/commons-net/commons-net/3.6/commons-net-3.6.jar:/home/user/.m2/repository/commons-collections/commons-collections/3.2.2/commons-collections-3.2.2.jar:/home/user/.m2/repository/javax/servlet/javax.servlet-api/3.1.0/javax.servlet-api-3.1.0.jar:/home/user/.m2/repository/org/eclipse/jetty/jetty-server/9.3.24.v20180605/jetty-server-9.3.24.v20180605.jar:/home/user/.m2/repository/org/eclipse/jetty/jetty-http/9.3.24.v20180605/jetty-http-9.3.24.v20180605.jar:/home/user/.m2/repository/org/eclipse/jetty/jetty-io/9.3.24.v20180605/jetty-io-9.3.24.v20180605.jar:/home/user/.m2/repository/org/eclipse/jetty/jetty-util/9.3.24.v20180605/jetty-util-9.3.24.v20180605.jar:/home/user/.m2/repository/org/eclipse/jetty/jetty-servlet/9.3.24.v20180605/jetty-servlet-9.3.24.v20180605.jar:/home/user/.m2/repository/org/eclipse/jetty/jetty-security/9.3.24.v20180605/jetty-security-9.3.24.v20180605.jar:/home/user/.m2/repository/org/eclipse/jetty/jetty-webapp/9.3.24.v20180605/jetty-webapp-9.3.24.v20180605.jar:/home/user/.m2/repository/org/eclipse/jetty/jetty-xml/9.3.24.v20180605/jetty-xml-9.3.24.v20180605.jar:/home/user/.m2/repository/javax/servlet/jsp/jsp-api/2.1/jsp-api-2.1.jar:/home/user/.m2/repository/com/sun/jersey/jersey-core/1.19/jersey-core-1.19.jar:/home/user/.m2/repository/javax/ws/rs/jsr311-api/1.1.1/jsr311-api-1.1.1.jar:/home/user/.m2/repository/com/sun/jersey/jersey-servlet/1.19/jersey-servlet-1.19.jar:/home/user/.m2/repository/com/sun/jersey/jersey-json/1.19/jersey-json-1.19.jar:/home/user/.m2/repository/org/codehaus/jettison/jettison/1.1/jettison-1.1.jar:/home/user/.m2/repository/com/sun/xml/bind/jaxb-impl/2.3.0.1/jaxb-impl-2.3.0.1.jar:/home/user/.m2/repository/org/codehaus/jackson/jackson-core-asl/1.9.13/jackson-core-asl-1.9.13.jar:/home/user/.m2/repository/org/codehaus/jackson/jackson-mapper-asl/1.9.13/jackson-mapper-asl-1.9.13.jar:/home/user/.m2/repository/org/codehaus/jackson/jackson-jaxrs/1.9.13/jackson-jaxrs-1.9.13.jar:/home/user/.m2/repository/org/codehaus/jackson/jackson-xc/1.9.13/jackson-xc-1.9.13.jar:/home/user/.m2/repository/com/sun/jersey/jersey-server/1.19/jersey-server-1.19.jar:/home/user/.m2/repository/commons-logging/commons-logging/1.1.3/commons-logging-1.1.3.jar:/home/user/.m2/repository/log4j/log4j/1.2.17/log4j-1.2.17.jar:/home/user/.m2/repository/commons-beanutils/commons-beanutils/1.9.3/commons-beanutils-1.9.3.jar:/home/user/.m2/repository/org/apache/commons/commons-configuration2/2.1.1/commons-configuration2-2.1.1.jar:/home/user/.m2/repository/org/apache/commons/commons-lang3/3.7/commons-lang3-3.7.jar:/home/user/.m2/repository/org/apache/commons/commons-text/1.4/commons-text-1.4.jar:/home/user/.m2/repository/org/slf4j/slf4j-api/1.7.25/slf4j-api-1.7.25.jar:/home/user/.m2/repository/org/slf4j/slf4j-log4j12/1.7.25/slf4j-log4j12-1.7.25.jar:/home/user/.m2/repository/org/apache/avro/avro/1.7.7/avro-1.7.7.jar:/home/user/.m2/repository/com/thoughtworks/paranamer/paranamer/2.3/paranamer-2.3.jar:/home/user/.m2/repository/org/xerial/snappy/snappy-java/1.0.5/snappy-java-1.0.5.jar:/home/user/.m2/repository/com/google/re2j/re2j/1.1/re2j-1.1.jar:/home/user/.m2/repository/com/google/protobuf/protobuf-java/2.5.0/protobuf-java-2.5.0.jar:/home/user/.m2/repository/com/google/code/gson/gson/2.2.4/gson-2.2.4.jar:/home/user/.m2/repository/org/apache/hadoop/hadoop-auth/3.2.0/hadoop-auth-3.2.0.jar:/home/user/.m2/repository/com/nimbusds/nimbus-jose-jwt/4.41.1/nimbus-jose-jwt-4.41.1.jar:/home/user/.m2/repository/com/github/stephenc/jcip/jcip-annotations/1.0-1/jcip-annotations-1.0-1.jar:/home/user/.m2/repository/net/minidev/json-smart/2.3/json-smart-2.3.jar:/home/user/.m2/repository/net/minidev/accessors-smart/1.2/accessors-smart-1.2.jar:/home/user/.m2/repository/org/apache/curator/curator-framework/2.12.0/curator-framework-2.12.0.jar:/home/user/.m2/repository/com/jcraft/jsch/0.1.54/jsch-0.1.54.jar:/home/user/.m2/repository/org/apache/curator/curator-client/2.12.0/curator-client-2.12.0.jar:/home/user/.m2/repository/org/apache/curator/curator-recipes/2.12.0/curator-recipes-2.12.0.jar:/home/user/.m2/repository/com/google/code/findbugs/jsr305/3.0.0/jsr305-3.0.0.jar:/home/user/.m2/repository/org/apache/htrace/htrace-core4/4.1.0-incubating/htrace-core4-4.1.0-incubating.jar:/home/user/.m2/repository/org/apache/zookeeper/zookeeper/3.4.13/zookeeper-3.4.13.jar:/home/user/.m2/repository/org/apache/yetus/audience-annotations/0.5.0/audience-annotations-0.5.0.jar:/home/user/.m2/repository/org/apache/commons/commons-compress/1.4.1/commons-compress-1.4.1.jar:/home/user/.m2/repository/org/tukaani/xz/1.0/xz-1.0.jar:/home/user/.m2/repository/org/apache/kerby/kerb-simplekdc/1.0.1/kerb-simplekdc-1.0.1.jar:/home/user/.m2/repository/org/apache/kerby/kerb-client/1.0.1/kerb-client-1.0.1.jar:/home/user/.m2/repository/org/apache/kerby/kerby-config/1.0.1/kerby-config-1.0.1.jar:/home/user/.m2/repository/org/apache/kerby/kerb-core/1.0.1/kerb-core-1.0.1.jar:/home/user/.m2/repository/org/apache/kerby/kerby-pkix/1.0.1/kerby-pkix-1.0.1.jar:/home/user/.m2/repository/org/apache/kerby/kerby-asn1/1.0.1/kerby-asn1-1.0.1.jar:/home/user/.m2/repository/org/apache/kerby/kerby-util/1.0.1/kerby-util-1.0.1.jar:/home/user/.m2/repository/org/apache/kerby/kerb-common/1.0.1/kerb-common-1.0.1.jar:/home/user/.m2/repository/org/apache/kerby/kerb-crypto/1.0.1/kerb-crypto-1.0.1.jar:/home/user/.m2/repository/org/apache/kerby/kerb-util/1.0.1/kerb-util-1.0.1.jar:/home/user/.m2/repository/org/apache/kerby/token-provider/1.0.1/token-provider-1.0.1.jar:/home/user/.m2/repository/org/apache/kerby/kerb-admin/1.0.1/kerb-admin-1.0.1.jar:/home/user/.m2/repository/org/apache/kerby/kerb-server/1.0.1/kerb-server-1.0.1.jar:/home/user/.m2/repository/org/apache/kerby/kerb-identity/1.0.1/kerb-identity-1.0.1.jar:/home/user/.m2/repository/org/apache/kerby/kerby-xdr/1.0.1/kerby-xdr-1.0.1.jar:/home/user/.m2/repository/com/fasterxml/jackson/core/jackson-databind/2.9.5/jackson-databind-2.9.5.jar:/home/user/.m2/repository/com/fasterxml/jackson/core/jackson-annotations/2.9.5/jackson-annotations-2.9.5.jar:/home/user/.m2/repository/com/fasterxml/jackson/core/jackson-core/2.9.5/jackson-core-2.9.5.jar:/home/user/.m2/repository/org/codehaus/woodstox/stax2-api/3.1.4/stax2-api-3.1.4.jar:/home/user/.m2/repository/com/fasterxml/woodstox/woodstox-core/5.0.3/woodstox-core-5.0.3.jar:/home/user/.m2/repository/dnsjava/dnsjava/2.1.7/dnsjava-2.1.7.jar:/home/user/.m2/repository/org/apache/hadoop/hadoop-hdfs/3.2.0/hadoop-hdfs-3.2.0.jar:/home/user/.m2/repository/org/eclipse/jetty/jetty-util-ajax/9.3.24.v20180605/jetty-util-ajax-9.3.24.v20180605.jar:/home/user/.m2/repository/commons-daemon/commons-daemon/1.0.13/commons-daemon-1.0.13.jar:/home/user/.m2/repository/io/netty/netty/3.10.5.Final/netty-3.10.5.Final.jar:/home/user/.m2/repository/io/netty/netty-all/4.0.52.Final/netty-all-4.0.52.Final.jar:/home/user/.m2/repository/org/fusesource/leveldbjni/leveldbjni-all/1.8/leveldbjni-all-1.8.jar:/home/user/.m2/repository/org/apache/hadoop/hadoop-hdds-common/0.5.0-SNAPSHOT/hadoop-hdds-common-0.5.0-SNAPSHOT.jar:/home/user/.m2/repository/org/apache/hadoop/hadoop-hdds-config/0.5.0-SNAPSHOT/hadoop-hdds-config-0.5.0-SNAPSHOT.jar:/home/user/.m2/repository/javax/annotation/javax.annotation-api/1.2/javax.annotation-api-1.2.jar:/home/user/.m2/repository/org/apache/ratis/ratis-server/0.4.0-2337318-SNAPSHOT/ratis-server-0.4.0-2337318-SNAPSHOT.jar:/home/user/.m2/repository/org/apache/ratis/ratis-thirdparty-misc/0.2.0/ratis-thirdparty-misc-0.2.0.jar:/home/user/.m2/repository/org/apache/ratis/ratis-proto/0.4.0-2337318-SNAPSHOT/ratis-proto-0.4.0-2337318-SNAPSHOT.jar:/home/user/.m2/repository/org/apache/ratis/ratis-common/0.4.0-2337318-SNAPSHOT/ratis-common-0.4.0-2337318-SNAPSHOT.jar:/home/user/.m2/repository/org/apache/ratis/ratis-client/0.4.0-2337318-SNAPSHOT/ratis-client-0.4.0-2337318-SNAPSHOT.jar:/home/user/.m2/repository/org/apache/ratis/ratis-metrics/0.4.0-2337318-SNAPSHOT/ratis-metrics-0.4.0-2337318-SNAPSHOT.jar:/home/user/.m2/repository/org/apache/ratis/ratis-netty/0.4.0-2337318-SNAPSHOT/ratis-netty-0.4.0-2337318-SNAPSHOT.jar:/home/user/.m2/repository/org/apache/ratis/ratis-grpc/0.4.0-2337318-SNAPSHOT/ratis-grpc-0.4.0-2337318-SNAPSHOT.jar:/home/user/.m2/repository/org/rocksdb/rocksdbjni/6.0.1/rocksdbjni-6.0.1.jar:/home/user/.m2/repository/org/apache/logging/log4j/log4j-api/2.11.0/log4j-api-2.11.0.jar:/home/user/.m2/repository/org/apache/logging/log4j/log4j-core/2.11.0/log4j-core-2.11.0.jar:/home/user/.m2/repository/com/lmax/disruptor/3.4.2/disruptor-3.4.2.jar:/home/user/.m2/repository/org/apache/commons/commons-pool2/2.6.0/commons-pool2-2.6.0.jar:/home/user/.m2/repository/org/bouncycastle/bcpkix-jdk15on/1.60/bcpkix-jdk15on-1.60.jar:/home/user/.m2/repository/commons-validator/commons-validator/1.6/commons-validator-1.6.jar:/home/user/.m2/repository/commons-digester/commons-digester/1.8.1/commons-digester-1.8.1.jar:/home/user/.m2/repository/io/jaegertracing/jaeger-client/0.33.1/jaeger-client-0.33.1.jar:/home/user/.m2/repository/io/jaegertracing/jaeger-thrift/0.33.1/jaeger-thrift-0.33.1.jar:/home/user/.m2/repository/org/apache/thrift/libthrift/0.11.0/libthrift-0.11.0.jar:/home/user/.m2/repository/com/squareup/okhttp3/okhttp/3.9.0/okhttp-3.9.0.jar:/home/user/.m2/repository/com/squareup/okio/okio/1.13.0/okio-1.13.0.jar:/home/user/.m2/repository/io/jaegertracing/jaeger-core/0.33.1/jaeger-core-0.33.1.jar:/home/user/.m2/repository/io/jaegertracing/jaeger-tracerresolver/0.33.1/jaeger-tracerresolver-0.33.1.jar:/home/user/.m2/repository/io/opentracing/contrib/opentracing-tracerresolver/0.1.5/opentracing-tracerresolver-0.1.5.jar:/home/user/.m2/repository/io/opentracing/opentracing-util/0.31.0/opentracing-util-0.31.0.jar:/home/user/.m2/repository/io/opentracing/opentracing-api/0.31.0/opentracing-api-0.31.0.jar:/home/user/.m2/repository/io/opentracing/opentracing-noop/0.31.0/opentracing-noop-0.31.0.jar:/home/user/.m2/repository/org/yaml/snakeyaml/1.16/snakeyaml-1.16.jar:/home/user/.m2/repository/org/apache/hadoop/hadoop-hdfs-client/3.2.0/hadoop-hdfs-client-3.2.0.jar:/home/user/.m2/repository/info/picocli/picocli/3.9.6/picocli-3.9.6.jar:/home/user/.m2/repository/org/apache/hadoop/hadoop-hdds-server-scm/0.5.0-SNAPSHOT/hadoop-hdds-server-scm-0.5.0-SNAPSHOT.jar:/home/user/.m2/repository/org/apache/hadoop/hadoop-hdds-docs/0.5.0-SNAPSHOT/hadoop-hdds-docs-0.5.0-SNAPSHOT.jar:/home/user/.m2/repository/io/dropwizard/metrics/metrics-core/3.2.4/metrics-core-3.2.4.jar:/home/user/.m2/repository/org/hamcrest/hamcrest-all/1.3/hamcrest-all-1.3.jar:/home/user/.m2/repository/org/bouncycastle/bcprov-jdk15on/1.60/bcprov-jdk15on-1.60.jar:/home/user/.m2/repository/org/apache/hadoop/hadoop-hdds-server-framework/0.5.0-SNAPSHOT/hadoop-hdds-server-framework-0.5.0-SNAPSHOT.jar:/home/user/.m2/repository/org/apache/hadoop/hadoop-ozone-ozone-manager/0.5.0-SNAPSHOT/hadoop-ozone-ozone-manager-0.5.0-SNAPSHOT.jar:/home/user/.m2/repository/org/apache/hadoop/hadoop-hdds-container-service/0.5.0-SNAPSHOT/hadoop-hdds-container-service-0.5.0-SNAPSHOT.jar:/home/user/.m2/repository/org/apache/hadoop/hadoop-hdds-client/0.5.0-SNAPSHOT/hadoop-hdds-client-0.5.0-SNAPSHOT.jar:/home/user/.m2/repository/org/apache/hadoop/hadoop-ozone-common/0.5.0-SNAPSHOT/hadoop-ozone-common-0.5.0-SNAPSHOT.jar:/home/user/.m2/repository/org/apache/hadoop/hadoop-hdds-tools/0.5.0-SNAPSHOT/hadoop-hdds-tools-0.5.0-SNAPSHOT.jar:/home/user/.m2/repository/org/xerial/sqlite-jdbc/3.25.2/sqlite-jdbc-3.25.2.jar:/home/user/.m2/repository/org/apache/hadoop/hadoop-ozone-objectstore-service/0.5.0-SNAPSHOT/hadoop-ozone-objectstore-service-0.5.0-SNAPSHOT.jar:/home/user/.m2/repository/com/google/code/findbugs/findbugs/3.0.1/findbugs-3.0.1.jar:/home/user/.m2/repository/net/jcip/jcip-annotations/1.0/jcip-annotations-1.0.jar:/home/user/.m2/repository/com/google/code/findbugs/bcel-findbugs/6.0/bcel-findbugs-6.0.jar:/home/user/.m2/repository/com/google/code/findbugs/jFormatString/2.0.1/jFormatString-2.0.1.jar:/home/user/.m2/repository/dom4j/dom4j/1.6.1/dom4j-1.6.1.jar:/home/user/.m2/repository/xml-apis/xml-apis/1.0.b2/xml-apis-1.0.b2.jar:/home/user/.m2/repository/org/ow2/asm/asm-debug-all/5.0.2/asm-debug-all-5.0.2.jar:/home/user/.m2/repository/org/ow2/asm/asm-commons/5.0.2/asm-commons-5.0.2.jar:/home/user/.m2/repository/org/ow2/asm/asm-tree/5.0.2/asm-tree-5.0.2.jar:/home/user/.m2/repository/org/ow2/asm/asm/5.0.4/asm-5.0.4.jar:/home/user/.m2/repository/commons-lang/commons-lang/2.6/commons-lang-2.6.jar:/home/user/.m2/repository/com/apple/AppleJavaExtensions/1.4/AppleJavaExtensions-1.4.jar:/home/user/.m2/repository/jaxen/jaxen/1.1.6/jaxen-1.1.6.jar:/home/user/.m2/repository/org/apache/hadoop/hadoop-common/3.2.0/hadoop-common-3.2.0-tests.jar:/home/user/.m2/repository/org/apache/hadoop/hadoop-ozone-client/0.5.0-SNAPSHOT/hadoop-ozone-client-0.5.0-SNAPSHOT.jar:/home/user/.m2/repository/org/apache/hadoop/hadoop-hdfs/3.2.0/hadoop-hdfs-3.2.0-tests.jar:/workdir/hadoop-ozone/integration-test/target/test-classes:/home/user/.m2/repository/org/apache/hadoop/hadoop-ozone-s3gateway/0.5.0-SNAPSHOT/hadoop-ozone-s3gateway-0.5.0-SNAPSHOT.jar:/home/user/.m2/repository/org/jboss/weld/servlet/weld-servlet/2.4.7.Final/weld-servlet-2.4.7.Final.jar:/home/user/.m2/repository/org/glassfish/jersey/containers/jersey-container-servlet-core/2.27/jersey-container-servlet-core-2.27.jar:/home/user/.m2/repository/org/glassfish/hk2/external/javax.inject/2.5.0-b42/javax.inject-2.5.0-b42.jar:/home/user/.m2/repository/org/glassfish/jersey/core/jersey-common/2.27/jersey-common-2.27.jar:/home/user/.m2/repository/org/glassfish/hk2/osgi-resource-locator/1.0.1/osgi-resource-locator-1.0.1.jar:/home/user/.m2/repository/javax/ws/rs/javax.ws.rs-api/2.1/javax.ws.rs-api-2.1.jar:/home/user/.m2/repository/org/glassfish/jersey/ext/cdi/jersey-cdi1x/2.27/jersey-cdi1x-2.27.jar:/home/user/.m2/repository/org/glassfish/jersey/inject/jersey-hk2/2.27/jersey-hk2-2.27.jar:/home/user/.m2/repository/org/glassfish/hk2/hk2-locator/2.5.0-b42/hk2-locator-2.5.0-b42.jar:/home/user/.m2/repository/org/javassist/javassist/3.22.0-CR2/javassist-3.22.0-CR2.jar:/home/user/.m2/repository/org/glassfish/hk2/hk2-api/2.5.0/hk2-api-2.5.0.jar:/home/user/.m2/repository/org/glassfish/hk2/external/jakarta.inject/2.5.0/jakarta.inject-2.5.0.jar:/home/user/.m2/repository/org/glassfish/hk2/hk2-utils/2.5.0/hk2-utils-2.5.0.jar:/home/user/.m2/repository/jakarta/annotation/jakarta.annotation-api/1.3.4/jakarta.annotation-api-1.3.4.jar:/home/user/.m2/repository/org/glassfish/hk2/external/aopalliance-repackaged/2.5.0/aopalliance-repackaged-2.5.0.jar:/home/user/.m2/repository/com/fasterxml/jackson/dataformat/jackson-dataformat-xml/2.9.0/jackson-dataformat-xml-2.9.0.jar:/home/user/.m2/repository/com/fasterxml/jackson/module/jackson-module-jaxb-annotations/2.9.5/jackson-module-jaxb-annotations-2.9.5.jar:/home/user/.m2/repository/javax/enterprise/cdi-api/1.2/cdi-api-1.2.jar:/home/user/.m2/repository/javax/el/javax.el-api/3.0.0/javax.el-api-3.0.0.jar:/home/user/.m2/repository/javax/interceptor/javax.interceptor-api/1.2/javax.interceptor-api-1.2.jar:/home/user/.m2/repository/javax/inject/javax.inject/1/javax.inject-1.jar:/home/user/.m2/repository/com/sun/xml/bind/jaxb-core/2.3.0.1/jaxb-core-2.3.0.1.jar:/home/user/.m2/repository/javax/xml/bind/jaxb-api/2.3.0/jaxb-api-2.3.0.jar:/home/user/.m2/repository/javax/activation/activation/1.1.1/activation-1.1.1.jar:/home/user/.m2/repository/org/apache/hadoop/hadoop-ozone-csi/0.5.0-SNAPSHOT/hadoop-ozone-csi-0.5.0-SNAPSHOT.jar:/home/user/.m2/repository/com/google/protobuf/protobuf-java-util/3.5.1/protobuf-java-util-3.5.1.jar:/home/user/.m2/repository/io/grpc/grpc-netty/1.17.1/grpc-netty-1.17.1.jar:/home/user/.m2/repository/io/grpc/grpc-core/1.17.1/grpc-core-1.17.1.jar:/home/user/.m2/repository/io/grpc/grpc-context/1.17.1/grpc-context-1.17.1.jar:/home/user/.m2/repository/com/google/errorprone/error_prone_annotations/2.2.0/error_prone_annotations-2.2.0.jar:/home/user/.m2/repository/org/codehaus/mojo/animal-sniffer-annotations/1.17/animal-sniffer-annotations-1.17.jar:/home/user/.m2/repository/io/opencensus/opencensus-api/0.17.0/opencensus-api-0.17.0.jar:/home/user/.m2/repository/io/opencensus/opencensus-contrib-grpc-metrics/0.17.0/opencensus-contrib-grpc-metrics-0.17.0.jar:/home/user/.m2/repository/io/netty/netty-codec-http2/4.1.30.Final/netty-codec-http2-4.1.30.Final.jar:/home/user/.m2/repository/io/netty/netty-codec-http/4.1.30.Final/netty-codec-http-4.1.30.Final.jar:/home/user/.m2/repository/io/netty/netty-codec/4.1.30.Final/netty-codec-4.1.30.Final.jar:/home/user/.m2/repository/io/netty/netty-handler/4.1.30.Final/netty-handler-4.1.30.Final.jar:/home/user/.m2/repository/io/netty/netty-handler-proxy/4.1.30.Final/netty-handler-proxy-4.1.30.Final.jar:/home/user/.m2/repository/io/netty/netty-codec-socks/4.1.30.Final/netty-codec-socks-4.1.30.Final.jar:/home/user/.m2/repository/io/netty/netty-transport-native-epoll/4.1.30.Final/netty-transport-native-epoll-4.1.30.Final.jar:/home/user/.m2/repository/io/netty/netty-common/4.1.30.Final/netty-common-4.1.30.Final.jar:/home/user/.m2/repository/io/netty/netty-buffer/4.1.30.Final/netty-buffer-4.1.30.Final.jar:/home/user/.m2/repository/io/netty/netty-transport/4.1.30.Final/netty-transport-4.1.30.Final.jar:/home/user/.m2/repository/io/netty/netty-resolver/4.1.30.Final/netty-resolver-4.1.30.Final.jar:/home/user/.m2/repository/io/netty/netty-transport-native-unix-common/4.1.30.Final/netty-transport-native-unix-common-4.1.30.Final.jar:/home/user/.m2/repository/io/grpc/grpc-protobuf/1.17.1/grpc-protobuf-1.17.1.jar:/home/user/.m2/repository/com/google/api/grpc/proto-google-common-protos/1.0.0/proto-google-common-protos-1.0.0.jar:/home/user/.m2/repository/io/grpc/grpc-protobuf-lite/1.17.1/grpc-protobuf-lite-1.17.1.jar:/home/user/.m2/repository/io/grpc/grpc-stub/1.17.1/grpc-stub-1.17.1.jar:/home/user/.m2/repository/org/apache/hadoop/hadoop-ozone-recon/0.5.0-SNAPSHOT/hadoop-ozone-recon-0.5.0-SNAPSHOT.jar:/home/user/.m2/repository/org/apache/hadoop/hadoop-ozone-reconcodegen/0.5.0-SNAPSHOT/hadoop-ozone-reconcodegen-0.5.0-SNAPSHOT.jar:/home/user/.m2/repository/com/google/inject/extensions/guice-multibindings/4.0/guice-multibindings-4.0.jar:/home/user/.m2/repository/com/google/inject/guice/4.0/guice-4.0.jar:/home/user/.m2/repository/aopalliance/aopalliance/1.0/aopalliance-1.0.jar:/home/user/.m2/repository/org/glassfish/jersey/containers/jersey-container-servlet/2.27/jersey-container-servlet-2.27.jar:/home/user/.m2/repository/org/glassfish/hk2/guice-bridge/2.5.0/guice-bridge-2.5.0.jar:/home/user/.m2/repository/org/glassfish/jersey/core/jersey-server/2.27/jersey-server-2.27.jar:/home/user/.m2/repository/org/glassfish/jersey/core/jersey-client/2.27/jersey-client-2.27.jar:/home/user/.m2/repository/org/glassfish/jersey/media/jersey-media-jaxb/2.27/jersey-media-jaxb-2.27.jar:/home/user/.m2/repository/javax/validation/validation-api/1.1.0.Final/validation-api-1.1.0.Final.jar:/home/user/.m2/repository/org/glassfish/jersey/media/jersey-media-json-jackson/2.27/jersey-media-json-jackson-2.27.jar:/home/user/.m2/repository/org/glassfish/jersey/ext/jersey-entity-filtering/2.27/jersey-entity-filtering-2.27.jar:/home/user/.m2/repository/com/google/inject/extensions/guice-assistedinject/4.0/guice-assistedinject-4.0.jar:/home/user/.m2/repository/org/jooq/jooq/3.11.10/jooq-3.11.10.jar:/home/user/.m2/repository/org/jooq/jooq-meta/3.11.10/jooq-meta-3.11.10.jar:/home/user/.m2/repository/org/jooq/jooq-codegen/3.11.10/jooq-codegen-3.11.10.jar:/home/user/.m2/repository/com/jolbox/bonecp/0.8.0.RELEASE/bonecp-0.8.0.RELEASE.jar:/home/user/.m2/repository/org/springframework/spring-jdbc/5.1.3.RELEASE/spring-jdbc-5.1.3.RELEASE.jar:/home/user/.m2/repository/org/springframework/spring-beans/5.1.3.RELEASE/spring-beans-5.1.3.RELEASE.jar:/home/user/.m2/repository/org/springframework/spring-core/5.1.3.RELEASE/spring-core-5.1.3.RELEASE.jar:/home/user/.m2/repository/org/springframework/spring-jcl/5.1.3.RELEASE/spring-jcl-5.1.3.RELEASE.jar:/home/user/.m2/repository/org/springframework/spring-tx/5.1.3.RELEASE/spring-tx-5.1.3.RELEASE.jar:/home/user/.m2/repository/org/mockito/mockito-all/1.10.19/mockito-all-1.10.19.jar:/home/user/.m2/repository/junit/junit/4.11/junit-4.11.jar:/home/user/.m2/repository/org/hamcrest/hamcrest-core/1.3/hamcrest-core-1.3.jar:/home/user/.m2/repository/org/apache/hadoop/hadoop-distcp/3.2.0/hadoop-distcp-3.2.0.jar:/home/user/.m2/repository/org/apache/hadoop/hadoop-distcp/3.2.0/hadoop-distcp-3.2.0-tests.jar:/home/user/.m2/repository/org/apache/hadoop/hadoop-mapreduce-client-jobclient/3.2.0/hadoop-mapreduce-client-jobclient-3.2.0.jar:/home/user/.m2/repository/org/apache/hadoop/hadoop-mapreduce-client-common/3.2.0/hadoop-mapreduce-client-common-3.2.0.jar:/home/user/.m2/repository/org/apache/hadoop/hadoop-yarn-common/3.2.0/hadoop-yarn-common-3.2.0.jar:/home/user/.m2/repository/org/apache/hadoop/hadoop-yarn-api/3.2.0/hadoop-yarn-api-3.2.0.jar:/home/user/.m2/repository/com/sun/jersey/jersey-client/1.19/jersey-client-1.19.jar:/home/user/.m2/repository/com/sun/jersey/contribs/jersey-guice/1.19/jersey-guice-1.19.jar:/home/user/.m2/repository/com/fasterxml/jackson/jaxrs/jackson-jaxrs-json-provider/2.9.5/jackson-jaxrs-json-provider-2.9.5.jar:/home/user/.m2/repository/com/fasterxml/jackson/jaxrs/jackson-jaxrs-base/2.9.5/jackson-jaxrs-base-2.9.5.jar:/home/user/.m2/repository/org/apache/hadoop/hadoop-yarn-client/3.2.0/hadoop-yarn-client-3.2.0.jar:/home/user/.m2/repository/org/apache/hadoop/hadoop-mapreduce-client-core/3.2.0/hadoop-mapreduce-client-core-3.2.0.jar:/home/user/.m2/repository/com/google/inject/extensions/guice-servlet/4.0/guice-servlet-4.0.jar:/home/user/.m2/repository/org/powermock/powermock-module-junit4/1.6.5/powermock-module-junit4-1.6.5.jar:/home/user/.m2/repository/org/powermock/powermock-module-junit4-common/1.6.5/powermock-module-junit4-common-1.6.5.jar:/home/user/.m2/repository/org/powermock/powermock-core/1.6.5/powermock-core-1.6.5.jar:/home/user/.m2/repository/org/powermock/powermock-reflect/1.6.5/powermock-reflect-1.6.5.jar:/home/user/.m2/repository/org/powermock/powermock-api-mockito/1.6.5/powermock-api-mockito-1.6.5.jar:/home/user/.m2/repository/org/mockito/mockito-core/1.10.19/mockito-core-1.10.19.jar:/home/user/.m2/repository/org/objenesis/objenesis/1.0/objenesis-1.0.jar:/home/user/.m2/repository/org/powermock/powermock-api-mockito-common/1.6.5/powermock-api-mockito-common-1.6.5.jar:/home/user/.m2/repository/org/powermock/powermock-api-support/1.6.5/powermock-api-support-1.6.5.jar:"/>
    <property name="sun.cpu.endian" value="little"/>
    <property name="user.home" value="/home/user"/>
    <property name="user.language" value="en"/>
    <property name="java.specification.vendor" value="Oracle Corporation"/>
    <property name="java.home" value="/usr/lib/jvm/java-1.8-openjdk/jre"/>
    <property name="java.security.krb5.conf" value="/workdir/hadoop-ozone/ozonefs/target/test-classes/krb5.conf"/>
    <property name="basedir" value="/workdir/hadoop-ozone/ozonefs"/>
    <property name="file.separator" value="/"/>
    <property name="line.separator" value="&#10;"/>
    <property name="java.vm.specification.vendor" value="Oracle Corporation"/>
    <property name="java.specification.name" value="Java Platform API Specification"/>
    <property name="java.awt.graphicsenv" value="sun.awt.X11GraphicsEnvironment"/>
    <property name="surefire.real.class.path" value="/workdir/hadoop-ozone/ozonefs/target/surefire/surefirebooter3740394307417404032.jar"/>
    <property name="hadoop.log.dir" value="/workdir/hadoop-ozone/ozonefs/target/log"/>
    <property name="sun.boot.class.path" value="/usr/lib/jvm/java-1.8-openjdk/jre/lib/resources.jar:/usr/lib/jvm/java-1.8-openjdk/jre/lib/rt.jar:/usr/lib/jvm/java-1.8-openjdk/jre/lib/sunrsasign.jar:/usr/lib/jvm/java-1.8-openjdk/jre/lib/jsse.jar:/usr/lib/jvm/java-1.8-openjdk/jre/lib/jce.jar:/usr/lib/jvm/java-1.8-openjdk/jre/lib/charsets.jar:/usr/lib/jvm/java-1.8-openjdk/jre/lib/jfr.jar:/usr/lib/jvm/java-1.8-openjdk/jre/classes"/>
    <property name="sun.management.compiler" value="HotSpot 64-Bit Tiered Compilers"/>
    <property name="java.runtime.version" value="1.8.0_212-b04"/>
    <property name="java.net.preferIPv4Stack" value="true"/>
    <property name="user.name" value="jenkins1000"/>
    <property name="path.separator" value=":"/>
    <property name="java.security.egd" value="file:///dev/urandom"/>
    <property name="os.version" value="3.10.0-957.12.2.el7.x86_64"/>
    <property name="java.endorsed.dirs" value="/usr/lib/jvm/java-1.8-openjdk/jre/lib/endorsed"/>
    <property name="java.runtime.name" value="OpenJDK Runtime Environment"/>
    <property name="file.encoding" value="UTF-8"/>
    <property name="java.vm.name" value="OpenJDK 64-Bit Server VM"/>
    <property name="test.build.webapps" value=""/>
    <property name="localRepository" value="/home/user/.m2/repository"/>
    <property name="java.vendor.url.bug" value="https://icedtea.classpath.org/bugzilla"/>
    <property name="java.io.tmpdir" value="/tmp"/>
    <property name="require.test.libhadoop" value=""/>
    <property name="java.version" value="1.8.0_212"/>
    <property name="user.dir" value="/workdir/hadoop-ozone/ozonefs"/>
    <property name="os.arch" value="amd64"/>
    <property name="java.vm.specification.name" value="Java Virtual Machine Specification"/>
    <property name="test.build.classes" value="/workdir/hadoop-ozone/ozonefs/target/test-classes"/>
    <property name="java.awt.printerjob" value="sun.print.PSPrinterJob"/>
    <property name="sun.os.patch.level" value="unknown"/>
    <property name="hadoop.tmp.dir" value="/workdir/hadoop-ozone/ozonefs/target/tmp"/>
    <property name="java.library.path" value="/usr/lib/jvm/java-1.8-openjdk/jre/lib/amd64/server:/usr/lib/jvm/java-1.8-openjdk/jre/lib/amd64:/usr/lib/jvm/java-1.8-openjdk/jre/../lib/amd64:/workdir/hadoop-ozone/ozonefs/target/native/target/usr/local/lib:/workdir/hadoop-ozone/ozonefs/../../hadoop-common-project/hadoop-common/target/native/target/usr/local/lib:/usr/java/packages/lib/amd64:/usr/lib64:/lib64:/lib:/usr/lib"/>
    <property name="java.vm.info" value="mixed mode"/>
    <property name="java.vendor" value="IcedTea"/>
    <property name="java.vm.version" value="25.212-b04"/>
    <property name="java.ext.dirs" value="/usr/lib/jvm/java-1.8-openjdk/jre/lib/ext:/usr/java/packages/lib/ext"/>
    <property name="sun.io.unicode.encoding" value="UnicodeLittle"/>
    <property name="java.class.version" value="52.0"/>
  </properties>
  <testcase name="testOzoneManagerFileSystemInterface[0]" classname="org.apache.hadoop.fs.ozone.TestOzoneFileInterfaces" time="23.93"/>
  <testcase name="testListStatus[0]" classname="org.apache.hadoop.fs.ozone.TestOzoneFileInterfaces" time="17.56"/>
  <testcase name="testDirectory[0]" classname="org.apache.hadoop.fs.ozone.TestOzoneFileInterfaces" time="17.646"/>
  <testcase name="testPathToKey[0]" classname="org.apache.hadoop.fs.ozone.TestOzoneFileInterfaces" time="17.611"/>
  <testcase name="testFileSystemInit[0]" classname="org.apache.hadoop.fs.ozone.TestOzoneFileInterfaces" time="16.269"/>
  <testcase name="testOzFsReadWrite[0]" classname="org.apache.hadoop.fs.ozone.TestOzoneFileInterfaces" time="17.301">
    <error message="Allocated 0 blocks. Requested 1 blocks" type="INTERNAL_ERROR org.apache.hadoop.ozone.om.exceptions.OMException">INTERNAL_ERROR org.apache.hadoop.ozone.om.exceptions.OMException: Allocated 0 blocks. Requested 1 blocks
	at org.apache.hadoop.ozone.om.protocolPB.OzoneManagerProtocolClientSideTranslatorPB.handleError(OzoneManagerProtocolClientSideTranslatorPB.java:725)
	at org.apache.hadoop.ozone.om.protocolPB.OzoneManagerProtocolClientSideTranslatorPB.createFile(OzoneManagerProtocolClientSideTranslatorPB.java:1474)
	at org.apache.hadoop.ozone.client.rpc.RpcClient.createFile(RpcClient.java:984)
	at org.apache.hadoop.ozone.client.OzoneBucket.createFile(OzoneBucket.java:535)
	at org.apache.hadoop.fs.ozone.BasicOzoneClientAdapterImpl.createFile(BasicOzoneClientAdapterImpl.java:181)
	at org.apache.hadoop.fs.ozone.BasicOzoneFileSystem.createOutputStream(BasicOzoneFileSystem.java:249)
	at org.apache.hadoop.fs.ozone.BasicOzoneFileSystem.create(BasicOzoneFileSystem.java:230)
	at org.apache.hadoop.fs.FileSystem.create(FileSystem.java:1118)
	at org.apache.hadoop.fs.FileSystem.create(FileSystem.java:1098)
	at org.apache.hadoop.fs.FileSystem.create(FileSystem.java:987)
	at org.apache.hadoop.fs.FileSystem.create(FileSystem.java:975)
	at org.apache.hadoop.fs.ozone.TestOzoneFileInterfaces.testOzFsReadWrite(TestOzoneFileInterfaces.java:186)
	at sun.reflect.NativeMethodAccessorImpl.invoke0(Native Method)
	at sun.reflect.NativeMethodAccessorImpl.invoke(NativeMethodAccessorImpl.java:62)
	at sun.reflect.DelegatingMethodAccessorImpl.invoke(DelegatingMethodAccessorImpl.java:43)
	at java.lang.reflect.Method.invoke(Method.java:498)
	at org.junit.runners.model.FrameworkMethod$1.runReflectiveCall(FrameworkMethod.java:47)
	at org.junit.internal.runners.model.ReflectiveCallable.run(ReflectiveCallable.java:12)
	at org.junit.runners.model.FrameworkMethod.invokeExplosively(FrameworkMethod.java:44)
	at org.junit.internal.runners.statements.InvokeMethod.evaluate(InvokeMethod.java:17)
	at org.junit.internal.runners.statements.RunBefores.evaluate(RunBefores.java:26)
	at org.junit.internal.runners.statements.RunAfters.evaluate(RunAfters.java:27)
	at org.junit.runners.ParentRunner.runLeaf(ParentRunner.java:271)
	at org.junit.runners.BlockJUnit4ClassRunner.runChild(BlockJUnit4ClassRunner.java:70)
	at org.junit.runners.BlockJUnit4ClassRunner.runChild(BlockJUnit4ClassRunner.java:50)
	at org.junit.runners.ParentRunner$3.run(ParentRunner.java:238)
	at org.junit.runners.ParentRunner$1.schedule(ParentRunner.java:63)
	at org.junit.runners.ParentRunner.runChildren(ParentRunner.java:236)
	at org.junit.runners.ParentRunner.access$000(ParentRunner.java:53)
	at org.junit.runners.ParentRunner$2.evaluate(ParentRunner.java:229)
	at org.junit.runners.ParentRunner.run(ParentRunner.java:309)
	at org.junit.runners.Suite.runChild(Suite.java:127)
	at org.junit.runners.Suite.runChild(Suite.java:26)
	at org.junit.runners.ParentRunner$3.run(ParentRunner.java:238)
	at org.junit.runners.ParentRunner$1.schedule(ParentRunner.java:63)
	at org.junit.runners.ParentRunner.runChildren(ParentRunner.java:236)
	at org.junit.runners.ParentRunner.access$000(ParentRunner.java:53)
	at org.junit.runners.ParentRunner$2.evaluate(ParentRunner.java:229)
	at org.junit.runners.ParentRunner.run(ParentRunner.java:309)
	at org.apache.maven.surefire.junit4.JUnit4Provider.execute(JUnit4Provider.java:365)
	at org.apache.maven.surefire.junit4.JUnit4Provider.executeWithRerun(JUnit4Provider.java:273)
	at org.apache.maven.surefire.junit4.JUnit4Provider.executeTestSet(JUnit4Provider.java:238)
	at org.apache.maven.surefire.junit4.JUnit4Provider.invoke(JUnit4Provider.java:159)
	at org.apache.maven.surefire.booter.ForkedBooter.invokeProviderInSameClassLoader(ForkedBooter.java:384)
	at org.apache.maven.surefire.booter.ForkedBooter.runSuitesInProcess(ForkedBooter.java:345)
	at org.apache.maven.surefire.booter.ForkedBooter.execute(ForkedBooter.java:126)
	at org.apache.maven.surefire.booter.ForkedBooter.main(ForkedBooter.java:418)
</error>
    <system-out><![CDATA[2019-09-19 09:42:54,742 [main] WARN  server.ServerUtils (ServerUtils.java:getScmDbDir(145)) - ozone.scm.db.dirs is not configured. We recommend adding this setting. Falling back to ozone.metadata.dirs instead.
2019-09-19 09:42:54,758 [main] WARN  server.ServerUtils (ServerUtils.java:getScmDbDir(145)) - ozone.scm.db.dirs is not configured. We recommend adding this setting. Falling back to ozone.metadata.dirs instead.
2019-09-19 09:42:54,758 [main] WARN  server.ServerUtils (ServerUtils.java:getScmDbDir(145)) - ozone.scm.db.dirs is not configured. We recommend adding this setting. Falling back to ozone.metadata.dirs instead.
2019-09-19 09:42:54,758 [main] INFO  db.DBStoreBuilder (DBStoreBuilder.java:addTable(110)) - using custom profile for table: deletedBlocks
2019-09-19 09:42:54,759 [main] INFO  db.DBStoreBuilder (DBStoreBuilder.java:processTables(161)) - Using default column profile:DBProfile.DISK for Table:deletedBlocks
2019-09-19 09:42:54,759 [main] INFO  db.DBStoreBuilder (DBStoreBuilder.java:addTable(110)) - using custom profile for table: validCerts
2019-09-19 09:42:54,759 [main] INFO  db.DBStoreBuilder (DBStoreBuilder.java:processTables(161)) - Using default column profile:DBProfile.DISK for Table:validCerts
2019-09-19 09:42:54,759 [main] INFO  db.DBStoreBuilder (DBStoreBuilder.java:addTable(110)) - using custom profile for table: revokedCerts
2019-09-19 09:42:54,759 [main] INFO  db.DBStoreBuilder (DBStoreBuilder.java:processTables(161)) - Using default column profile:DBProfile.DISK for Table:revokedCerts
2019-09-19 09:42:54,760 [main] INFO  db.DBStoreBuilder (DBStoreBuilder.java:addTable(110)) - using custom profile for table: default
2019-09-19 09:42:54,760 [main] INFO  db.DBStoreBuilder (DBStoreBuilder.java:processTables(167)) - Using default column profile:DBProfile.DISK for Table:default
2019-09-19 09:42:54,760 [main] INFO  db.DBStoreBuilder (DBStoreBuilder.java:getDbProfile(198)) - Using default options. DBProfile.DISK
2019-09-19 09:42:54,903 [main] INFO  net.NodeSchemaLoader (NodeSchemaLoader.java:loadSchemaFromFile(125)) - Loading file from sun.misc.CompoundEnumeration@60688a97
2019-09-19 09:42:54,904 [main] INFO  net.NodeSchemaLoader (NodeSchemaLoader.java:loadSchema(171)) - Loading network topology layer schema file
2019-09-19 09:42:54,910 [main] WARN  server.ServerUtils (ServerUtils.java:sanitizeUserArgs(70)) - ozone.scm.stale.node.interval value = 300000 is larger than max = 100000 based on the key value of ozone.scm.heartbeat.thread.interval, reset to the max value 100000.
2019-09-19 09:42:54,910 [main] WARN  server.ServerUtils (ServerUtils.java:sanitizeUserArgs(70)) - ozone.scm.stale.node.interval value = 300000 is larger than max = 100000 based on the key value of ozone.scm.heartbeat.thread.interval, reset to the max value 100000.
2019-09-19 09:42:54,911 [main] INFO  node.SCMNodeManager (SCMNodeManager.java:<init>(121)) - Entering startup safe mode.
2019-09-19 09:42:54,911 [main] INFO  algorithms.ContainerPlacementPolicyFactory (ContainerPlacementPolicyFactory.java:getPolicy(56)) - Create container placement policy of type org.apache.hadoop.hdds.scm.container.placement.algorithms.SCMContainerPlacementRandom
2019-09-19 09:42:54,912 [main] WARN  server.ServerUtils (ServerUtils.java:getScmDbDir(145)) - ozone.scm.db.dirs is not configured. We recommend adding this setting. Falling back to ozone.metadata.dirs instead.
2019-09-19 09:42:54,936 [main] INFO  pipeline.SCMPipelineManager (SCMPipelineManager.java:initializePipelineState(126)) - No pipeline exists in current db
2019-09-19 09:42:54,936 [main] WARN  server.ServerUtils (ServerUtils.java:getScmDbDir(145)) - ozone.scm.db.dirs is not configured. We recommend adding this setting. Falling back to ozone.metadata.dirs instead.
2019-09-19 09:42:54,988 [main] WARN  events.EventQueue (EventQueue.java:fireEvent(175)) - No event handler registered for event TypedEvent{payloadType=SafeModeStatus, name='SafeModeStatus'}
2019-09-19 09:42:54,990 [main] INFO  ipc.CallQueueManager (CallQueueManager.java:<init>(84)) - Using callQueue: class java.util.concurrent.LinkedBlockingQueue, queueCapacity: 2000, scheduler: class org.apache.hadoop.ipc.DefaultRpcScheduler, ipcBackoff: false.
2019-09-19 09:42:54,991 [Socket Reader #1 for port 43347] INFO  ipc.Server (Server.java:run(1074)) - Starting Socket Reader #1 for port 43347
2019-09-19 09:42:54,994 [main] INFO  ipc.CallQueueManager (CallQueueManager.java:<init>(84)) - Using callQueue: class java.util.concurrent.LinkedBlockingQueue, queueCapacity: 2000, scheduler: class org.apache.hadoop.ipc.DefaultRpcScheduler, ipcBackoff: false.
2019-09-19 09:42:54,995 [Socket Reader #1 for port 33074] INFO  ipc.Server (Server.java:run(1074)) - Starting Socket Reader #1 for port 33074
2019-09-19 09:42:54,997 [main] INFO  ipc.CallQueueManager (CallQueueManager.java:<init>(84)) - Using callQueue: class java.util.concurrent.LinkedBlockingQueue, queueCapacity: 2000, scheduler: class org.apache.hadoop.ipc.DefaultRpcScheduler, ipcBackoff: false.
2019-09-19 09:42:54,998 [Socket Reader #1 for port 42436] INFO  ipc.Server (Server.java:run(1074)) - Starting Socket Reader #1 for port 42436
2019-09-19 09:42:55,002 [main] INFO  hdfs.DFSUtil (DFSUtil.java:httpServerTemplateForNNAndJN(1641)) - Starting Web-server for scm at: http://0.0.0.0:0
2019-09-19 09:42:55,006 [main] INFO  server.AuthenticationFilter (AuthenticationFilter.java:constructSecretProvider(240)) - Unable to initialize FileSignerSecretProvider, falling back to use random secrets.
2019-09-19 09:42:55,006 [main] WARN  http.HttpRequestLog (HttpRequestLog.java:getRequestLog(97)) - Jetty request log can only be enabled using Log4j
2019-09-19 09:42:55,010 [main] INFO  http.HttpServer2 (HttpServer2.java:addGlobalFilter(975)) - Added global filter 'safety' (class=org.apache.hadoop.http.HttpServer2$QuotingInputFilter)
2019-09-19 09:42:55,011 [main] INFO  http.HttpServer2 (HttpServer2.java:addFilter(948)) - Added filter static_user_filter (class=org.apache.hadoop.http.lib.StaticUserWebFilter$StaticUserFilter) to context scm
2019-09-19 09:42:55,011 [main] INFO  http.HttpServer2 (HttpServer2.java:addFilter(958)) - Added filter static_user_filter (class=org.apache.hadoop.http.lib.StaticUserWebFilter$StaticUserFilter) to context logs
2019-09-19 09:42:55,012 [main] INFO  http.HttpServer2 (HttpServer2.java:addFilter(958)) - Added filter static_user_filter (class=org.apache.hadoop.http.lib.StaticUserWebFilter$StaticUserFilter) to context static
2019-09-19 09:42:55,014 [main] INFO  server.StorageContainerManager (StorageContainerManager.java:start(759)) - StorageContainerLocationProtocol RPC server is listening at /0.0.0.0:42436
2019-09-19 09:42:55,018 [main] WARN  impl.MetricsConfig (MetricsConfig.java:loadFirst(134)) - Cannot locate configuration: tried hadoop-metrics2-storagecontainermanager.properties,hadoop-metrics2.properties
2019-09-19 09:42:55,019 [main] INFO  impl.MetricsSystemImpl (MetricsSystemImpl.java:startTimer(374)) - Scheduled Metric snapshot period at 10 second(s).
2019-09-19 09:42:55,019 [main] INFO  impl.MetricsSystemImpl (MetricsSystemImpl.java:start(191)) - StorageContainerManager metrics system started
2019-09-19 09:42:55,083 [main] INFO  server.SCMClientProtocolServer (SCMClientProtocolServer.java:start(151)) - RPC server for Client  is listening at /0.0.0.0:42436
2019-09-19 09:42:55,083 [IPC Server Responder] INFO  ipc.Server (Server.java:run(1314)) - IPC Server Responder: starting
2019-09-19 09:42:55,083 [IPC Server listener on 42436] INFO  ipc.Server (Server.java:run(1153)) - IPC Server listener on 42436: starting
2019-09-19 09:42:55,088 [main] INFO  server.StorageContainerManager (StorageContainerManager.java:start(769)) - ScmBlockLocationProtocol RPC server is listening at /0.0.0.0:33074
2019-09-19 09:42:55,088 [main] INFO  server.SCMBlockProtocolServer (SCMBlockProtocolServer.java:start(140)) - RPC server for Block Protocol is listening at /0.0.0.0:33074
2019-09-19 09:42:55,088 [IPC Server Responder] INFO  ipc.Server (Server.java:run(1314)) - IPC Server Responder: starting
2019-09-19 09:42:55,089 [IPC Server listener on 33074] INFO  ipc.Server (Server.java:run(1153)) - IPC Server listener on 33074: starting
2019-09-19 09:42:55,092 [main] INFO  server.StorageContainerManager (StorageContainerManager.java:start(773)) - ScmDatanodeProtocl RPC server is listening at /0.0.0.0:43347
2019-09-19 09:42:55,092 [main] INFO  server.SCMDatanodeProtocolServer (SCMDatanodeProtocolServer.java:start(191)) - RPC server for DataNodes is listening at /0.0.0.0:43347
2019-09-19 09:42:55,092 [IPC Server Responder] INFO  ipc.Server (Server.java:run(1314)) - IPC Server Responder: starting
2019-09-19 09:42:55,092 [IPC Server listener on 43347] INFO  ipc.Server (Server.java:run(1153)) - IPC Server listener on 43347: starting
2019-09-19 09:42:55,099 [main] INFO  http.HttpServer2 (HttpServer2.java:bindListener(1191)) - Jetty bound to port 42950
2019-09-19 09:42:55,099 [main] INFO  server.Server (Server.java:doStart(351)) - jetty-9.3.24.v20180605, build timestamp: 2018-06-05T17:11:56Z, git hash: 84205aa28f11a4f31f2a3b86d1bba2cc8ab69827
2019-09-19 09:42:55,101 [main] INFO  handler.ContextHandler (ContextHandler.java:doStart(781)) - Started o.e.j.s.ServletContextHandler@3a0b6aff{/logs,file:///workdir/hadoop-ozone/ozonefs/target/log,AVAILABLE}
2019-09-19 09:42:55,102 [main] INFO  handler.ContextHandler (ContextHandler.java:doStart(781)) - Started o.e.j.s.ServletContextHandler@3cd28235{/static,jar:file:/home/user/.m2/repository/org/apache/hadoop/hadoop-hdds-server-scm/0.5.0-SNAPSHOT/hadoop-hdds-server-scm-0.5.0-SNAPSHOT.jar!/webapps/static,AVAILABLE}
2019-09-19 09:42:55,149 [main] INFO  handler.ContextHandler (ContextHandler.java:doStart(781)) - Started o.e.j.w.WebAppContext@5b9df3b3{/,file:///tmp/jetty-0.0.0.0-42950-scm-_-any-1472419264598888501.dir/webapp/,AVAILABLE}{/scm}
2019-09-19 09:42:55,150 [main] INFO  server.AbstractConnector (AbstractConnector.java:doStart(278)) - Started ServerConnector@67b20b4c{HTTP/1.1,[http/1.1]}{0.0.0.0:42950}
2019-09-19 09:42:55,151 [main] INFO  server.Server (Server.java:doStart(419)) - Started @93896ms
2019-09-19 09:42:55,152 [main] INFO  server.BaseHttpServer (BaseHttpServer.java:updateConnectorAddress(213)) - HTTP server of SCM is listening at http://0.0.0.0:42950
2019-09-19 09:42:55,153 [main] WARN  server.ServerUtils (ServerUtils.java:getDBPath(222)) - ozone.om.db.dirs is not configured. We recommend adding this setting. Falling back to ozone.metadata.dirs instead.
2019-09-19 09:42:55,153 [org.apache.hadoop.util.JvmPauseMonitor$Monitor@3e0a112f] INFO  util.JvmPauseMonitor (JvmPauseMonitor.java:run(188)) - Starting JVM pause monitor
2019-09-19 09:42:55,167 [main] WARN  server.ServerUtils (ServerUtils.java:getDBPath(222)) - ozone.om.db.dirs is not configured. We recommend adding this setting. Falling back to ozone.metadata.dirs instead.
2019-09-19 09:42:55,167 [main] WARN  server.ServerUtils (ServerUtils.java:getDBPath(222)) - ozone.om.db.dirs is not configured. We recommend adding this setting. Falling back to ozone.metadata.dirs instead.
2019-09-19 09:42:55,168 [main] INFO  om.OzoneManager (OzoneManager.java:setOMNodeDetails(645)) - OM Service ID is not set. Setting it to the default ID: omServiceIdDefault
2019-09-19 09:42:55,168 [main] INFO  om.OzoneManager (OzoneManager.java:setOMNodeDetails(651)) - OM Node ID is not set. Setting it to the OmStorage's OmID: 0f944ac4-61dc-4808-a64a-3ae93044b8a3
2019-09-19 09:42:55,168 [main] INFO  om.OzoneManager (OzoneManager.java:loadOMHAConfigs(602)) - Found matching OM address with OMServiceId: null, OMNodeId: null, RPC Address: localhost:0 and Ratis port: 9872
2019-09-19 09:42:55,176 | INFO  | SCMAudit | user=jenkins1000 | ip=192.168.34.5 | op=GET_SCM_INFO null | ret=SUCCESS |  
2019-09-19 09:42:55,179 [main] WARN  server.ServerUtils (ServerUtils.java:getDBPath(222)) - ozone.om.db.dirs is not configured. We recommend adding this setting. Falling back to ozone.metadata.dirs instead.
2019-09-19 09:42:55,179 [main] INFO  db.DBStoreBuilder (DBStoreBuilder.java:addTable(110)) - using custom profile for table: userTable
2019-09-19 09:42:55,179 [main] INFO  db.DBStoreBuilder (DBStoreBuilder.java:processTables(161)) - Using default column profile:DBProfile.DISK for Table:userTable
2019-09-19 09:42:55,180 [main] INFO  db.DBStoreBuilder (DBStoreBuilder.java:addTable(110)) - using custom profile for table: volumeTable
2019-09-19 09:42:55,180 [main] INFO  db.DBStoreBuilder (DBStoreBuilder.java:processTables(161)) - Using default column profile:DBProfile.DISK for Table:volumeTable
2019-09-19 09:42:55,180 [main] INFO  db.DBStoreBuilder (DBStoreBuilder.java:addTable(110)) - using custom profile for table: bucketTable
2019-09-19 09:42:55,180 [main] INFO  db.DBStoreBuilder (DBStoreBuilder.java:processTables(161)) - Using default column profile:DBProfile.DISK for Table:bucketTable
2019-09-19 09:42:55,180 [main] INFO  db.DBStoreBuilder (DBStoreBuilder.java:addTable(110)) - using custom profile for table: keyTable
2019-09-19 09:42:55,181 [main] INFO  db.DBStoreBuilder (DBStoreBuilder.java:processTables(161)) - Using default column profile:DBProfile.DISK for Table:keyTable
2019-09-19 09:42:55,181 [main] INFO  db.DBStoreBuilder (DBStoreBuilder.java:addTable(110)) - using custom profile for table: deletedTable
2019-09-19 09:42:55,181 [main] INFO  db.DBStoreBuilder (DBStoreBuilder.java:processTables(161)) - Using default column profile:DBProfile.DISK for Table:deletedTable
2019-09-19 09:42:55,181 [main] INFO  db.DBStoreBuilder (DBStoreBuilder.java:addTable(110)) - using custom profile for table: openKeyTable
2019-09-19 09:42:55,182 [main] INFO  db.DBStoreBuilder (DBStoreBuilder.java:processTables(161)) - Using default column profile:DBProfile.DISK for Table:openKeyTable
2019-09-19 09:42:55,182 [main] INFO  db.DBStoreBuilder (DBStoreBuilder.java:addTable(110)) - using custom profile for table: s3Table
2019-09-19 09:42:55,182 [main] INFO  db.DBStoreBuilder (DBStoreBuilder.java:processTables(161)) - Using default column profile:DBProfile.DISK for Table:s3Table
2019-09-19 09:42:55,182 [main] INFO  db.DBStoreBuilder (DBStoreBuilder.java:addTable(110)) - using custom profile for table: multipartInfoTable
2019-09-19 09:42:55,182 [main] INFO  db.DBStoreBuilder (DBStoreBuilder.java:processTables(161)) - Using default column profile:DBProfile.DISK for Table:multipartInfoTable
2019-09-19 09:42:55,183 [main] INFO  db.DBStoreBuilder (DBStoreBuilder.java:addTable(110)) - using custom profile for table: dTokenTable
2019-09-19 09:42:55,183 [main] INFO  db.DBStoreBuilder (DBStoreBuilder.java:processTables(161)) - Using default column profile:DBProfile.DISK for Table:dTokenTable
2019-09-19 09:42:55,183 [main] INFO  db.DBStoreBuilder (DBStoreBuilder.java:addTable(110)) - using custom profile for table: s3SecretTable
2019-09-19 09:42:55,183 [main] INFO  db.DBStoreBuilder (DBStoreBuilder.java:processTables(161)) - Using default column profile:DBProfile.DISK for Table:s3SecretTable
2019-09-19 09:42:55,184 [main] INFO  db.DBStoreBuilder (DBStoreBuilder.java:addTable(110)) - using custom profile for table: prefixTable
2019-09-19 09:42:55,184 [main] INFO  db.DBStoreBuilder (DBStoreBuilder.java:processTables(161)) - Using default column profile:DBProfile.DISK for Table:prefixTable
2019-09-19 09:42:55,184 [main] INFO  db.DBStoreBuilder (DBStoreBuilder.java:addTable(110)) - using custom profile for table: default
2019-09-19 09:42:55,184 [main] INFO  db.DBStoreBuilder (DBStoreBuilder.java:processTables(167)) - Using default column profile:DBProfile.DISK for Table:default
2019-09-19 09:42:55,185 [main] INFO  db.DBStoreBuilder (DBStoreBuilder.java:getDbProfile(198)) - Using default options. DBProfile.DISK
2019-09-19 09:42:55,574 [main] INFO  ipc.CallQueueManager (CallQueueManager.java:<init>(84)) - Using callQueue: class java.util.concurrent.LinkedBlockingQueue, queueCapacity: 2000, scheduler: class org.apache.hadoop.ipc.DefaultRpcScheduler, ipcBackoff: false.
2019-09-19 09:42:55,575 [Socket Reader #1 for port 40470] INFO  ipc.Server (Server.java:run(1074)) - Starting Socket Reader #1 for port 40470
2019-09-19 09:42:55,595 [main] INFO  om.OzoneManager (OzoneManager.java:start(1256)) - OzoneManager RPC server is listening at localhost/127.0.0.1:40470
2019-09-19 09:42:55,595 [main] INFO  impl.MetricsSystemImpl (MetricsSystemImpl.java:init(158)) - OzoneManager metrics system started (again)
2019-09-19 09:42:55,596 [IPC Server Responder] INFO  ipc.Server (Server.java:run(1314)) - IPC Server Responder: starting
2019-09-19 09:42:55,596 [IPC Server listener on 40470] INFO  ipc.Server (Server.java:run(1153)) - IPC Server listener on 40470: starting
2019-09-19 09:42:55,603 [main] INFO  hdfs.DFSUtil (DFSUtil.java:httpServerTemplateForNNAndJN(1641)) - Starting Web-server for ozoneManager at: http://0.0.0.0:0
2019-09-19 09:42:55,607 [main] INFO  server.AuthenticationFilter (AuthenticationFilter.java:constructSecretProvider(240)) - Unable to initialize FileSignerSecretProvider, falling back to use random secrets.
2019-09-19 09:42:55,607 [main] WARN  http.HttpRequestLog (HttpRequestLog.java:getRequestLog(97)) - Jetty request log can only be enabled using Log4j
2019-09-19 09:42:55,611 [main] INFO  http.HttpServer2 (HttpServer2.java:addGlobalFilter(975)) - Added global filter 'safety' (class=org.apache.hadoop.http.HttpServer2$QuotingInputFilter)
2019-09-19 09:42:55,615 [main] INFO  http.HttpServer2 (HttpServer2.java:addFilter(948)) - Added filter static_user_filter (class=org.apache.hadoop.http.lib.StaticUserWebFilter$StaticUserFilter) to context ozoneManager
2019-09-19 09:42:55,617 [main] INFO  http.HttpServer2 (HttpServer2.java:addFilter(958)) - Added filter static_user_filter (class=org.apache.hadoop.http.lib.StaticUserWebFilter$StaticUserFilter) to context logs
2019-09-19 09:42:55,617 [main] INFO  http.HttpServer2 (HttpServer2.java:addFilter(958)) - Added filter static_user_filter (class=org.apache.hadoop.http.lib.StaticUserWebFilter$StaticUserFilter) to context static
2019-09-19 09:42:55,619 [main] INFO  http.HttpServer2 (HttpServer2.java:bindListener(1191)) - Jetty bound to port 34042
2019-09-19 09:42:55,619 [main] INFO  server.Server (Server.java:doStart(351)) - jetty-9.3.24.v20180605, build timestamp: 2018-06-05T17:11:56Z, git hash: 84205aa28f11a4f31f2a3b86d1bba2cc8ab69827
2019-09-19 09:42:55,622 [main] INFO  handler.ContextHandler (ContextHandler.java:doStart(781)) - Started o.e.j.s.ServletContextHandler@3777fc44{/logs,file:///workdir/hadoop-ozone/ozonefs/target/log,AVAILABLE}
2019-09-19 09:42:55,622 [main] INFO  handler.ContextHandler (ContextHandler.java:doStart(781)) - Started o.e.j.s.ServletContextHandler@7ab2e018{/static,jar:file:/home/user/.m2/repository/org/apache/hadoop/hadoop-ozone-ozone-manager/0.5.0-SNAPSHOT/hadoop-ozone-ozone-manager-0.5.0-SNAPSHOT.jar!/webapps/static,AVAILABLE}
2019-09-19 09:42:55,688 [main] INFO  handler.ContextHandler (ContextHandler.java:doStart(781)) - Started o.e.j.w.WebAppContext@63053b71{/,file:///tmp/jetty-0.0.0.0-34042-ozoneManager-_-any-5087634212628285104.dir/webapp/,AVAILABLE}{/ozoneManager}
2019-09-19 09:42:55,689 [main] INFO  server.AbstractConnector (AbstractConnector.java:doStart(278)) - Started ServerConnector@4687c184{HTTP/1.1,[http/1.1]}{0.0.0.0:34042}
2019-09-19 09:42:55,690 [main] INFO  server.Server (Server.java:doStart(419)) - Started @94434ms
2019-09-19 09:42:55,691 [main] INFO  server.BaseHttpServer (BaseHttpServer.java:updateConnectorAddress(213)) - HTTP server of OZONEMANAGER is listening at http://0.0.0.0:34042
2019-09-19 09:42:55,700 [main] INFO  impl.MetricsSystemImpl (MetricsSystemImpl.java:init(158)) - HddsDatanode metrics system started (again)
2019-09-19 09:42:55,703 [main] INFO  ozone.HddsDatanodeService (HddsDatanodeService.java:start(184)) - HddsDatanodeService host:pr-hdds-1569-j4bt4-3030777008 ip:192.168.34.5
2019-09-19 09:42:55,712 [main] INFO  volume.HddsVolume (HddsVolume.java:<init>(176)) - Creating Volume: /workdir/hadoop-ozone/ozonefs/target/test-dir/MiniOzoneClusterImpl-9293621d-43c4-46ab-8c2c-7aa58a5f4982/datanode-0/data/containers/hdds of  storage type : DISK and capacity : 1482555576320
2019-09-19 09:42:55,713 [main] INFO  volume.VolumeSet (VolumeSet.java:initializeVolumeSet(170)) - Added Volume : /workdir/hadoop-ozone/ozonefs/target/test-dir/MiniOzoneClusterImpl-9293621d-43c4-46ab-8c2c-7aa58a5f4982/datanode-0/data/containers/hdds to VolumeSet
2019-09-19 09:42:55,713 [main] INFO  volume.ThrottledAsyncChecker (ThrottledAsyncChecker.java:schedule(140)) - Scheduling a check for org.apache.hadoop.ozone.container.common.volume.HddsVolume@57abe94d
2019-09-19 09:42:55,713 [main] INFO  volume.HddsVolumeChecker (HddsVolumeChecker.java:checkAllVolumes(203)) - Scheduled health check for volume org.apache.hadoop.ozone.container.common.volume.HddsVolume@57abe94d
2019-09-19 09:42:55,735 [main] INFO  impl.RaftServerProxy (ConfUtils.java:logGet(43)) - raft.rpc.type = GRPC (default)
2019-09-19 09:42:55,735 [main] INFO  grpc.GrpcFactory (GrpcFactory.java:checkPooledByteBufAllocatorUseCacheForAllThreads(45)) - PERFORMANCE WARNING: useCacheForAllThreads is true that may cause Netty to create a lot garbage objects and, as a result, trigger GC.
	It is recommended to disable useCacheForAllThreads by setting -Dorg.apache.ratis.thirdparty.io.netty.allocator.useCacheForAllThreads=false in command line.
2019-09-19 09:42:55,735 [main] INFO  grpc.GrpcConfigKeys$Server (ConfUtils.java:logGet(43)) - raft.grpc.server.port = 0 (default)
2019-09-19 09:42:55,735 [main] INFO  server.GrpcService (ConfUtils.java:logGet(43)) - raft.grpc.message.size.max = 33570816 (custom)
2019-09-19 09:42:55,736 [main] INFO  server.RaftServerConfigKeys (ConfUtils.java:logGet(43)) - raft.server.log.appender.buffer.byte-limit = 33554432 (custom)
2019-09-19 09:42:55,736 [main] INFO  server.GrpcService (ConfUtils.java:logGet(43)) - raft.grpc.flow.control.window = 1MB (=1048576) (default)
2019-09-19 09:42:55,736 [main] INFO  server.RaftServerConfigKeys (ConfUtils.java:logGet(43)) - raft.server.rpc.request.timeout = 3000ms (default)
2019-09-19 09:42:55,736 [main] INFO  server.RaftServerConfigKeys (ConfUtils.java:logGet(43)) - raft.server.storage.dir = [/workdir/hadoop-ozone/ozonefs/target/test-dir/MiniOzoneClusterImpl-9293621d-43c4-46ab-8c2c-7aa58a5f4982/datanode-0/data/ratis] (custom)
2019-09-19 09:42:55,737 [main] INFO  replication.SimpleContainerDownloader (SimpleContainerDownloader.java:<init>(72)) - Starting container downloader service to copy containers to replicate.
2019-09-19 09:42:55,739 [main] INFO  hdfs.DFSUtil (DFSUtil.java:httpServerTemplateForNNAndJN(1641)) - Starting Web-server for hddsDatanode at: http://0.0.0.0:0
2019-09-19 09:42:55,740 [main] INFO  server.AuthenticationFilter (AuthenticationFilter.java:constructSecretProvider(240)) - Unable to initialize FileSignerSecretProvider, falling back to use random secrets.
2019-09-19 09:42:55,741 [main] WARN  http.HttpRequestLog (HttpRequestLog.java:getRequestLog(97)) - Jetty request log can only be enabled using Log4j
2019-09-19 09:42:55,742 [main] INFO  http.HttpServer2 (HttpServer2.java:addGlobalFilter(975)) - Added global filter 'safety' (class=org.apache.hadoop.http.HttpServer2$QuotingInputFilter)
2019-09-19 09:42:55,743 [main] INFO  http.HttpServer2 (HttpServer2.java:addFilter(948)) - Added filter static_user_filter (class=org.apache.hadoop.http.lib.StaticUserWebFilter$StaticUserFilter) to context hddsDatanode
2019-09-19 09:42:55,743 [main] INFO  http.HttpServer2 (HttpServer2.java:addFilter(958)) - Added filter static_user_filter (class=org.apache.hadoop.http.lib.StaticUserWebFilter$StaticUserFilter) to context logs
2019-09-19 09:42:55,743 [main] INFO  http.HttpServer2 (HttpServer2.java:addFilter(958)) - Added filter static_user_filter (class=org.apache.hadoop.http.lib.StaticUserWebFilter$StaticUserFilter) to context static
2019-09-19 09:42:55,744 [main] INFO  http.HttpServer2 (HttpServer2.java:bindListener(1191)) - Jetty bound to port 44801
2019-09-19 09:42:55,744 [main] INFO  server.Server (Server.java:doStart(351)) - jetty-9.3.24.v20180605, build timestamp: 2018-06-05T17:11:56Z, git hash: 84205aa28f11a4f31f2a3b86d1bba2cc8ab69827
2019-09-19 09:42:55,746 [main] INFO  handler.ContextHandler (ContextHandler.java:doStart(781)) - Started o.e.j.s.ServletContextHandler@1977b0df{/logs,file:///workdir/hadoop-ozone/ozonefs/target/log,AVAILABLE}
2019-09-19 09:42:55,746 [main] INFO  handler.ContextHandler (ContextHandler.java:doStart(781)) - Started o.e.j.s.ServletContextHandler@7890fbf9{/static,jar:file:/home/user/.m2/repository/org/apache/hadoop/hadoop-hdds-container-service/0.5.0-SNAPSHOT/hadoop-hdds-container-service-0.5.0-SNAPSHOT.jar!/webapps/static,AVAILABLE}
2019-09-19 09:42:55,773 [main] INFO  handler.ContextHandler (ContextHandler.java:doStart(781)) - Started o.e.j.w.WebAppContext@6097f225{/,file:///tmp/jetty-0.0.0.0-44801-hddsDatanode-_-any-7890798696875432555.dir/webapp/,AVAILABLE}{/hddsDatanode}
2019-09-19 09:42:55,773 [main] INFO  server.AbstractConnector (AbstractConnector.java:doStart(278)) - Started ServerConnector@5507584d{HTTP/1.1,[http/1.1]}{0.0.0.0:44801}
2019-09-19 09:42:55,774 [main] INFO  server.Server (Server.java:doStart(419)) - Started @94519ms
2019-09-19 09:42:55,775 [main] INFO  server.BaseHttpServer (BaseHttpServer.java:updateConnectorAddress(213)) - HTTP server of HDDSDATANODE is listening at http://0.0.0.0:44801
2019-09-19 09:42:55,922 | INFO  | ObjectStoreRestHttpServer | Listening HDDS REST traffic on /0.0.0.0:44660 |  
2019-09-19 09:42:55,922 [main] INFO  ozone.HddsDatanodeService (HddsDatanodeService.java:startPlugins(395)) - Started plug-in org.apache.hadoop.ozone.web.OzoneHddsDatanodeService@4280b20b
2019-09-19 09:42:55,923 [main] INFO  impl.MetricsSystemImpl (MetricsSystemImpl.java:init(158)) - HddsDatanode metrics system started (again)
2019-09-19 09:42:55,925 [main] INFO  ozone.HddsDatanodeService (HddsDatanodeService.java:start(184)) - HddsDatanodeService host:pr-hdds-1569-j4bt4-3030777008 ip:192.168.34.5
2019-09-19 09:42:55,926 [org.apache.hadoop.util.JvmPauseMonitor$Monitor@1230f7a2] INFO  util.JvmPauseMonitor (JvmPauseMonitor.java:run(188)) - Starting JVM pause monitor
2019-09-19 09:42:55,930 [Datanode State Machine Thread - 0] INFO  datanode.InitDatanodeState (InitDatanodeState.java:persistContainerDatanodeDetails(140)) - DatanodeDetails is persisted to /workdir/hadoop-ozone/ozonefs/target/test-dir/MiniOzoneClusterImpl-9293621d-43c4-46ab-8c2c-7aa58a5f4982/datanode-0/meta/datanode.id
2019-09-19 09:42:55,933 [main] INFO  volume.HddsVolume (HddsVolume.java:<init>(176)) - Creating Volume: /workdir/hadoop-ozone/ozonefs/target/test-dir/MiniOzoneClusterImpl-9293621d-43c4-46ab-8c2c-7aa58a5f4982/datanode-1/data/containers/hdds of  storage type : DISK and capacity : 1482555576320
2019-09-19 09:42:55,933 [main] INFO  volume.VolumeSet (VolumeSet.java:initializeVolumeSet(170)) - Added Volume : /workdir/hadoop-ozone/ozonefs/target/test-dir/MiniOzoneClusterImpl-9293621d-43c4-46ab-8c2c-7aa58a5f4982/datanode-1/data/containers/hdds to VolumeSet
2019-09-19 09:42:55,933 [main] INFO  volume.ThrottledAsyncChecker (ThrottledAsyncChecker.java:schedule(140)) - Scheduling a check for org.apache.hadoop.ozone.container.common.volume.HddsVolume@6258f9d1
2019-09-19 09:42:55,934 [main] INFO  volume.HddsVolumeChecker (HddsVolumeChecker.java:checkAllVolumes(203)) - Scheduled health check for volume org.apache.hadoop.ozone.container.common.volume.HddsVolume@6258f9d1
2019-09-19 09:42:55,954 [main] INFO  impl.RaftServerProxy (ConfUtils.java:logGet(43)) - raft.rpc.type = GRPC (default)
2019-09-19 09:42:55,954 [main] INFO  grpc.GrpcFactory (GrpcFactory.java:checkPooledByteBufAllocatorUseCacheForAllThreads(45)) - PERFORMANCE WARNING: useCacheForAllThreads is true that may cause Netty to create a lot garbage objects and, as a result, trigger GC.
	It is recommended to disable useCacheForAllThreads by setting -Dorg.apache.ratis.thirdparty.io.netty.allocator.useCacheForAllThreads=false in command line.
2019-09-19 09:42:55,954 [main] INFO  grpc.GrpcConfigKeys$Server (ConfUtils.java:logGet(43)) - raft.grpc.server.port = 0 (default)
2019-09-19 09:42:55,955 [main] INFO  server.GrpcService (ConfUtils.java:logGet(43)) - raft.grpc.message.size.max = 33570816 (custom)
2019-09-19 09:42:55,955 [main] INFO  server.RaftServerConfigKeys (ConfUtils.java:logGet(43)) - raft.server.log.appender.buffer.byte-limit = 33554432 (custom)
2019-09-19 09:42:55,955 [main] INFO  server.GrpcService (ConfUtils.java:logGet(43)) - raft.grpc.flow.control.window = 1MB (=1048576) (default)
2019-09-19 09:42:55,955 [main] INFO  server.RaftServerConfigKeys (ConfUtils.java:logGet(43)) - raft.server.rpc.request.timeout = 3000ms (default)
2019-09-19 09:42:55,956 [main] INFO  server.RaftServerConfigKeys (ConfUtils.java:logGet(43)) - raft.server.storage.dir = [/workdir/hadoop-ozone/ozonefs/target/test-dir/MiniOzoneClusterImpl-9293621d-43c4-46ab-8c2c-7aa58a5f4982/datanode-1/data/ratis] (custom)
2019-09-19 09:42:55,956 [main] INFO  replication.SimpleContainerDownloader (SimpleContainerDownloader.java:<init>(72)) - Starting container downloader service to copy containers to replicate.
2019-09-19 09:42:55,957 [main] INFO  hdfs.DFSUtil (DFSUtil.java:httpServerTemplateForNNAndJN(1641)) - Starting Web-server for hddsDatanode at: http://0.0.0.0:0
2019-09-19 09:42:55,959 [main] INFO  server.AuthenticationFilter (AuthenticationFilter.java:constructSecretProvider(240)) - Unable to initialize FileSignerSecretProvider, falling back to use random secrets.
2019-09-19 09:42:55,959 [main] WARN  http.HttpRequestLog (HttpRequestLog.java:getRequestLog(97)) - Jetty request log can only be enabled using Log4j
2019-09-19 09:42:55,961 [main] INFO  http.HttpServer2 (HttpServer2.java:addGlobalFilter(975)) - Added global filter 'safety' (class=org.apache.hadoop.http.HttpServer2$QuotingInputFilter)
2019-09-19 09:42:55,961 [main] INFO  http.HttpServer2 (HttpServer2.java:addFilter(948)) - Added filter static_user_filter (class=org.apache.hadoop.http.lib.StaticUserWebFilter$StaticUserFilter) to context hddsDatanode
2019-09-19 09:42:55,962 [main] INFO  http.HttpServer2 (HttpServer2.java:addFilter(958)) - Added filter static_user_filter (class=org.apache.hadoop.http.lib.StaticUserWebFilter$StaticUserFilter) to context logs
2019-09-19 09:42:55,962 [main] INFO  http.HttpServer2 (HttpServer2.java:addFilter(958)) - Added filter static_user_filter (class=org.apache.hadoop.http.lib.StaticUserWebFilter$StaticUserFilter) to context static
2019-09-19 09:42:55,962 [main] INFO  http.HttpServer2 (HttpServer2.java:bindListener(1191)) - Jetty bound to port 46639
2019-09-19 09:42:55,962 [main] INFO  server.Server (Server.java:doStart(351)) - jetty-9.3.24.v20180605, build timestamp: 2018-06-05T17:11:56Z, git hash: 84205aa28f11a4f31f2a3b86d1bba2cc8ab69827
2019-09-19 09:42:55,964 [main] INFO  handler.ContextHandler (ContextHandler.java:doStart(781)) - Started o.e.j.s.ServletContextHandler@1df2e767{/logs,file:///workdir/hadoop-ozone/ozonefs/target/log,AVAILABLE}
2019-09-19 09:42:55,965 [main] INFO  handler.ContextHandler (ContextHandler.java:doStart(781)) - Started o.e.j.s.ServletContextHandler@2c7aba7c{/static,jar:file:/home/user/.m2/repository/org/apache/hadoop/hadoop-hdds-container-service/0.5.0-SNAPSHOT/hadoop-hdds-container-service-0.5.0-SNAPSHOT.jar!/webapps/static,AVAILABLE}
2019-09-19 09:42:55,992 [main] INFO  handler.ContextHandler (ContextHandler.java:doStart(781)) - Started o.e.j.w.WebAppContext@30a5a58d{/,file:///tmp/jetty-0.0.0.0-46639-hddsDatanode-_-any-6093863562634567849.dir/webapp/,AVAILABLE}{/hddsDatanode}
2019-09-19 09:42:55,992 [main] INFO  server.AbstractConnector (AbstractConnector.java:doStart(278)) - Started ServerConnector@59cb10e0{HTTP/1.1,[http/1.1]}{0.0.0.0:46639}
2019-09-19 09:42:55,993 [main] INFO  server.Server (Server.java:doStart(419)) - Started @94738ms
2019-09-19 09:42:55,994 [main] INFO  server.BaseHttpServer (BaseHttpServer.java:updateConnectorAddress(213)) - HTTP server of HDDSDATANODE is listening at http://0.0.0.0:46639
2019-09-19 09:42:56,130 | INFO  | ObjectStoreRestHttpServer | Listening HDDS REST traffic on /0.0.0.0:35317 |  
2019-09-19 09:42:56,130 [main] INFO  ozone.HddsDatanodeService (HddsDatanodeService.java:startPlugins(395)) - Started plug-in org.apache.hadoop.ozone.web.OzoneHddsDatanodeService@70d16858
2019-09-19 09:42:56,131 [main] INFO  impl.MetricsSystemImpl (MetricsSystemImpl.java:init(158)) - HddsDatanode metrics system started (again)
2019-09-19 09:42:56,133 [org.apache.hadoop.util.JvmPauseMonitor$Monitor@6e130cdc] INFO  util.JvmPauseMonitor (JvmPauseMonitor.java:run(188)) - Starting JVM pause monitor
2019-09-19 09:42:56,133 [main] INFO  ozone.HddsDatanodeService (HddsDatanodeService.java:start(184)) - HddsDatanodeService host:pr-hdds-1569-j4bt4-3030777008 ip:192.168.34.5
2019-09-19 09:42:56,136 [Datanode State Machine Thread - 0] INFO  datanode.InitDatanodeState (InitDatanodeState.java:persistContainerDatanodeDetails(140)) - DatanodeDetails is persisted to /workdir/hadoop-ozone/ozonefs/target/test-dir/MiniOzoneClusterImpl-9293621d-43c4-46ab-8c2c-7aa58a5f4982/datanode-1/meta/datanode.id
2019-09-19 09:42:56,141 [main] INFO  volume.HddsVolume (HddsVolume.java:<init>(176)) - Creating Volume: /workdir/hadoop-ozone/ozonefs/target/test-dir/MiniOzoneClusterImpl-9293621d-43c4-46ab-8c2c-7aa58a5f4982/datanode-2/data/containers/hdds of  storage type : DISK and capacity : 1482555576320
2019-09-19 09:42:56,142 [main] INFO  volume.VolumeSet (VolumeSet.java:initializeVolumeSet(170)) - Added Volume : /workdir/hadoop-ozone/ozonefs/target/test-dir/MiniOzoneClusterImpl-9293621d-43c4-46ab-8c2c-7aa58a5f4982/datanode-2/data/containers/hdds to VolumeSet
2019-09-19 09:42:56,142 [main] INFO  volume.ThrottledAsyncChecker (ThrottledAsyncChecker.java:schedule(140)) - Scheduling a check for org.apache.hadoop.ozone.container.common.volume.HddsVolume@39921410
2019-09-19 09:42:56,142 [main] INFO  volume.HddsVolumeChecker (HddsVolumeChecker.java:checkAllVolumes(203)) - Scheduled health check for volume org.apache.hadoop.ozone.container.common.volume.HddsVolume@39921410
2019-09-19 09:42:56,162 [main] INFO  impl.RaftServerProxy (ConfUtils.java:logGet(43)) - raft.rpc.type = GRPC (default)
2019-09-19 09:42:56,163 [main] INFO  grpc.GrpcFactory (GrpcFactory.java:checkPooledByteBufAllocatorUseCacheForAllThreads(45)) - PERFORMANCE WARNING: useCacheForAllThreads is true that may cause Netty to create a lot garbage objects and, as a result, trigger GC.
	It is recommended to disable useCacheForAllThreads by setting -Dorg.apache.ratis.thirdparty.io.netty.allocator.useCacheForAllThreads=false in command line.
2019-09-19 09:42:56,163 [main] INFO  grpc.GrpcConfigKeys$Server (ConfUtils.java:logGet(43)) - raft.grpc.server.port = 0 (default)
2019-09-19 09:42:56,163 [main] INFO  server.GrpcService (ConfUtils.java:logGet(43)) - raft.grpc.message.size.max = 33570816 (custom)
2019-09-19 09:42:56,163 [main] INFO  server.RaftServerConfigKeys (ConfUtils.java:logGet(43)) - raft.server.log.appender.buffer.byte-limit = 33554432 (custom)
2019-09-19 09:42:56,163 [main] INFO  server.GrpcService (ConfUtils.java:logGet(43)) - raft.grpc.flow.control.window = 1MB (=1048576) (default)
2019-09-19 09:42:56,164 [main] INFO  server.RaftServerConfigKeys (ConfUtils.java:logGet(43)) - raft.server.rpc.request.timeout = 3000ms (default)
2019-09-19 09:42:56,164 [main] INFO  server.RaftServerConfigKeys (ConfUtils.java:logGet(43)) - raft.server.storage.dir = [/workdir/hadoop-ozone/ozonefs/target/test-dir/MiniOzoneClusterImpl-9293621d-43c4-46ab-8c2c-7aa58a5f4982/datanode-2/data/ratis] (custom)
2019-09-19 09:42:56,164 [main] INFO  replication.SimpleContainerDownloader (SimpleContainerDownloader.java:<init>(72)) - Starting container downloader service to copy containers to replicate.
2019-09-19 09:42:56,166 [main] INFO  hdfs.DFSUtil (DFSUtil.java:httpServerTemplateForNNAndJN(1641)) - Starting Web-server for hddsDatanode at: http://0.0.0.0:0
2019-09-19 09:42:56,168 [main] INFO  server.AuthenticationFilter (AuthenticationFilter.java:constructSecretProvider(240)) - Unable to initialize FileSignerSecretProvider, falling back to use random secrets.
2019-09-19 09:42:56,169 [main] WARN  http.HttpRequestLog (HttpRequestLog.java:getRequestLog(97)) - Jetty request log can only be enabled using Log4j
2019-09-19 09:42:56,172 [main] INFO  http.HttpServer2 (HttpServer2.java:addGlobalFilter(975)) - Added global filter 'safety' (class=org.apache.hadoop.http.HttpServer2$QuotingInputFilter)
2019-09-19 09:42:56,173 [main] INFO  http.HttpServer2 (HttpServer2.java:addFilter(948)) - Added filter static_user_filter (class=org.apache.hadoop.http.lib.StaticUserWebFilter$StaticUserFilter) to context hddsDatanode
2019-09-19 09:42:56,173 [main] INFO  http.HttpServer2 (HttpServer2.java:addFilter(958)) - Added filter static_user_filter (class=org.apache.hadoop.http.lib.StaticUserWebFilter$StaticUserFilter) to context logs
2019-09-19 09:42:56,173 [main] INFO  http.HttpServer2 (HttpServer2.java:addFilter(958)) - Added filter static_user_filter (class=org.apache.hadoop.http.lib.StaticUserWebFilter$StaticUserFilter) to context static
2019-09-19 09:42:56,174 [main] INFO  http.HttpServer2 (HttpServer2.java:bindListener(1191)) - Jetty bound to port 43685
2019-09-19 09:42:56,174 [main] INFO  server.Server (Server.java:doStart(351)) - jetty-9.3.24.v20180605, build timestamp: 2018-06-05T17:11:56Z, git hash: 84205aa28f11a4f31f2a3b86d1bba2cc8ab69827
2019-09-19 09:42:56,177 [main] INFO  handler.ContextHandler (ContextHandler.java:doStart(781)) - Started o.e.j.s.ServletContextHandler@690e7b89{/logs,file:///workdir/hadoop-ozone/ozonefs/target/log,AVAILABLE}
2019-09-19 09:42:56,178 [main] INFO  handler.ContextHandler (ContextHandler.java:doStart(781)) - Started o.e.j.s.ServletContextHandler@518b0c12{/static,jar:file:/home/user/.m2/repository/org/apache/hadoop/hadoop-hdds-container-service/0.5.0-SNAPSHOT/hadoop-hdds-container-service-0.5.0-SNAPSHOT.jar!/webapps/static,AVAILABLE}
2019-09-19 09:42:56,219 [main] INFO  handler.ContextHandler (ContextHandler.java:doStart(781)) - Started o.e.j.w.WebAppContext@325236f5{/,file:///tmp/jetty-0.0.0.0-43685-hddsDatanode-_-any-7140967091088436299.dir/webapp/,AVAILABLE}{/hddsDatanode}
2019-09-19 09:42:56,220 [main] INFO  server.AbstractConnector (AbstractConnector.java:doStart(278)) - Started ServerConnector@32eb38e5{HTTP/1.1,[http/1.1]}{0.0.0.0:43685}
2019-09-19 09:42:56,221 [main] INFO  server.Server (Server.java:doStart(419)) - Started @94966ms
2019-09-19 09:42:56,222 [main] INFO  server.BaseHttpServer (BaseHttpServer.java:updateConnectorAddress(213)) - HTTP server of HDDSDATANODE is listening at http://0.0.0.0:43685
2019-09-19 09:42:56,397 | INFO  | ObjectStoreRestHttpServer | Listening HDDS REST traffic on /0.0.0.0:45176 |  
2019-09-19 09:42:56,397 [main] INFO  ozone.HddsDatanodeService (HddsDatanodeService.java:startPlugins(395)) - Started plug-in org.apache.hadoop.ozone.web.OzoneHddsDatanodeService@2932721e
2019-09-19 09:42:56,398 [main] INFO  ozone.MiniOzoneClusterImpl (MiniOzoneClusterImpl.java:lambda$waitForClusterToBeReady$0(142)) - Waiting for cluster to be ready. Got 0 of 3 DN Heartbeats.
2019-09-19 09:42:56,400 [org.apache.hadoop.util.JvmPauseMonitor$Monitor@290cf9eb] INFO  util.JvmPauseMonitor (JvmPauseMonitor.java:run(188)) - Starting JVM pause monitor
2019-09-19 09:42:56,402 [Datanode State Machine Thread - 0] INFO  datanode.InitDatanodeState (InitDatanodeState.java:persistContainerDatanodeDetails(140)) - DatanodeDetails is persisted to /workdir/hadoop-ozone/ozonefs/target/test-dir/MiniOzoneClusterImpl-9293621d-43c4-46ab-8c2c-7aa58a5f4982/datanode-2/meta/datanode.id
2019-09-19 09:42:57,398 [main] INFO  ozone.MiniOzoneClusterImpl (MiniOzoneClusterImpl.java:lambda$waitForClusterToBeReady$0(142)) - Waiting for cluster to be ready. Got 0 of 3 DN Heartbeats.
2019-09-19 09:42:57,935 | INFO  | SCMAudit | user=jenkins1000 | ip=192.168.34.5 | op=GET_VERSION null | ret=SUCCESS |  
2019-09-19 09:42:57,953 [Datanode State Machine Thread - 0] INFO  ozoneimpl.OzoneContainer (OzoneContainer.java:start(186)) - Attempting to start container services.
2019-09-19 09:42:57,954 [Datanode State Machine Thread - 0] INFO  ozoneimpl.OzoneContainer (OzoneContainer.java:startContainerScrub(160)) - Background container scrubber has been disabled by hdds.containerscrub.enabled
2019-09-19 09:42:57,954 [Datanode State Machine Thread - 0] INFO  ratis.XceiverServerRatis (XceiverServerRatis.java:start(404)) - Starting XceiverServerRatis 3f221841-44d5-40c7-870c-302f94a11076 at port 0
2019-09-19 09:42:57,962 [Datanode State Machine Thread - 0] INFO  impl.RaftServerProxy (RaftServerProxy.java:lambda$start$3(299)) - 3f221841-44d5-40c7-870c-302f94a11076: start RPC server
2019-09-19 09:42:57,967 [Datanode State Machine Thread - 0] INFO  server.GrpcService (GrpcService.java:startImpl(149)) - 3f221841-44d5-40c7-870c-302f94a11076: GrpcService started, listening on 0.0.0.0/0.0.0.0:38725
2019-09-19 09:42:57,967 [Datanode State Machine Thread - 0] INFO  ratis.XceiverServerRatis (XceiverServerRatis.java:start(414)) - XceiverServerRatis 3f221841-44d5-40c7-870c-302f94a11076 is started using port 38725
2019-09-19 09:42:57,969 [Datanode State Machine Thread - 0] INFO  server.XceiverServerGrpc (XceiverServerGrpc.java:start(163)) - XceiverServerGrpc 3f221841-44d5-40c7-870c-302f94a11076 is started using port 35575
2019-09-19 09:42:58,134 | INFO  | SCMAudit | user=jenkins1000 | ip=192.168.34.5 | op=GET_VERSION null | ret=SUCCESS |  
2019-09-19 09:42:58,148 [Datanode State Machine Thread - 0] INFO  ozoneimpl.OzoneContainer (OzoneContainer.java:start(186)) - Attempting to start container services.
2019-09-19 09:42:58,148 [Datanode State Machine Thread - 0] INFO  ozoneimpl.OzoneContainer (OzoneContainer.java:startContainerScrub(160)) - Background container scrubber has been disabled by hdds.containerscrub.enabled
2019-09-19 09:42:58,149 [Datanode State Machine Thread - 0] INFO  ratis.XceiverServerRatis (XceiverServerRatis.java:start(404)) - Starting XceiverServerRatis debdeccb-c745-4902-a392-a731715abcbe at port 0
2019-09-19 09:42:58,156 [Datanode State Machine Thread - 0] INFO  impl.RaftServerProxy (RaftServerProxy.java:lambda$start$3(299)) - debdeccb-c745-4902-a392-a731715abcbe: start RPC server
2019-09-19 09:42:58,159 [Datanode State Machine Thread - 0] INFO  server.GrpcService (GrpcService.java:startImpl(149)) - debdeccb-c745-4902-a392-a731715abcbe: GrpcService started, listening on 0.0.0.0/0.0.0.0:37881
2019-09-19 09:42:58,159 [Datanode State Machine Thread - 0] INFO  ratis.XceiverServerRatis (XceiverServerRatis.java:start(414)) - XceiverServerRatis debdeccb-c745-4902-a392-a731715abcbe is started using port 37881
2019-09-19 09:42:58,161 [Datanode State Machine Thread - 0] INFO  server.XceiverServerGrpc (XceiverServerGrpc.java:start(163)) - XceiverServerGrpc debdeccb-c745-4902-a392-a731715abcbe is started using port 40407
2019-09-19 09:42:58,399 [main] INFO  ozone.MiniOzoneClusterImpl (MiniOzoneClusterImpl.java:lambda$waitForClusterToBeReady$0(142)) - Waiting for cluster to be ready. Got 0 of 3 DN Heartbeats.
2019-09-19 09:42:58,401 | INFO  | SCMAudit | user=jenkins1000 | ip=192.168.34.5 | op=GET_VERSION null | ret=SUCCESS |  
2019-09-19 09:42:58,417 [Datanode State Machine Thread - 0] INFO  ozoneimpl.OzoneContainer (OzoneContainer.java:start(186)) - Attempting to start container services.
2019-09-19 09:42:58,417 [Datanode State Machine Thread - 0] INFO  ozoneimpl.OzoneContainer (OzoneContainer.java:startContainerScrub(160)) - Background container scrubber has been disabled by hdds.containerscrub.enabled
2019-09-19 09:42:58,417 [Datanode State Machine Thread - 0] INFO  ratis.XceiverServerRatis (XceiverServerRatis.java:start(404)) - Starting XceiverServerRatis 0fbe0b13-b0c0-45d8-909a-630081c74a06 at port 0
2019-09-19 09:42:58,425 [Datanode State Machine Thread - 0] INFO  impl.RaftServerProxy (RaftServerProxy.java:lambda$start$3(299)) - 0fbe0b13-b0c0-45d8-909a-630081c74a06: start RPC server
2019-09-19 09:42:58,426 [Datanode State Machine Thread - 0] INFO  server.GrpcService (GrpcService.java:startImpl(149)) - 0fbe0b13-b0c0-45d8-909a-630081c74a06: GrpcService started, listening on 0.0.0.0/0.0.0.0:45037
2019-09-19 09:42:58,426 [Datanode State Machine Thread - 0] INFO  ratis.XceiverServerRatis (XceiverServerRatis.java:start(414)) - XceiverServerRatis 0fbe0b13-b0c0-45d8-909a-630081c74a06 is started using port 45037
2019-09-19 09:42:58,427 [Datanode State Machine Thread - 0] INFO  server.XceiverServerGrpc (XceiverServerGrpc.java:start(163)) - XceiverServerGrpc 0fbe0b13-b0c0-45d8-909a-630081c74a06 is started using port 39623
2019-09-19 09:42:59,400 [main] INFO  ozone.MiniOzoneClusterImpl (MiniOzoneClusterImpl.java:lambda$waitForClusterToBeReady$0(142)) - Waiting for cluster to be ready. Got 0 of 3 DN Heartbeats.
2019-09-19 09:42:59,932 [IPC Server handler 3 on 43347] INFO  net.NetworkTopology (NetworkTopologyImpl.java:add(110)) - Added a new node: /default-rack/3f221841-44d5-40c7-870c-302f94a11076
2019-09-19 09:42:59,934 [IPC Server handler 3 on 43347] INFO  node.SCMNodeManager (SCMNodeManager.java:register(273)) - Registered Data node : 3f221841-44d5-40c7-870c-302f94a11076{ip: 192.168.34.5, host: pr-hdds-1569-j4bt4-3030777008, networkLocation: /default-rack, certSerialId: null}
2019-09-19 09:42:59,935 [EventQueue-NodeRegistrationContainerReportForDataNodeSafeModeRule] INFO  safemode.SCMSafeModeManager (DataNodeSafeModeRule.java:process(71)) - SCM in safe mode. 1 DataNodes registered, 1 required.
2019-09-19 09:42:59,937 [EventQueue-NodeRegistrationContainerReportForDataNodeSafeModeRule] INFO  safemode.SCMSafeModeManager (SCMSafeModeManager.java:validateSafeModeExitRules(177)) - ScmSafeModeManager, all rules are successfully validated
2019-09-19 09:42:59,937 [EventQueue-NodeRegistrationContainerReportForDataNodeSafeModeRule] INFO  safemode.SCMSafeModeManager (SCMSafeModeManager.java:exitSafeMode(193)) - SCM exiting safe mode.
2019-09-19 09:42:59,937 | INFO  | SCMAudit | user=jenkins1000 | ip=192.168.34.5 | op=REGISTER {datanodeDetails=3f221841-44d5-40c7-870c-302f94a11076{ip: 192.168.34.5, host: pr-hdds-1569-j4bt4-3030777008, networkLocation: /default-rack, certSerialId: null}} | ret=SUCCESS |  
2019-09-19 09:42:59,954 [grpc-default-executor-0] INFO  impl.RaftServerProxy (RaftServerProxy.java:addNew(89)) - 3f221841-44d5-40c7-870c-302f94a11076: addNew group-F0964490F6C0:[3f221841-44d5-40c7-870c-302f94a11076:192.168.34.5:38725] returns group-F0964490F6C0:java.util.concurrent.CompletableFuture@76d0bd08[Not completed]
2019-09-19 09:42:59,956 [pool-292-thread-1] INFO  impl.RaftServerImpl (RaftServerImpl.java:<init>(93)) - 3f221841-44d5-40c7-870c-302f94a11076: new RaftServerImpl for group-F0964490F6C0:[3f221841-44d5-40c7-870c-302f94a11076:192.168.34.5:38725] with ContainerStateMachine:uninitialized
2019-09-19 09:42:59,957 [pool-292-thread-1] INFO  server.RaftServerConfigKeys (ConfUtils.java:logGet(43)) - raft.server.rpc.timeout.min = 5s (custom)
2019-09-19 09:42:59,957 [pool-292-thread-1] INFO  server.RaftServerConfigKeys (ConfUtils.java:logGet(43)) - raft.server.rpc.timeout.max = 5200ms (custom)
2019-09-19 09:42:59,957 [pool-292-thread-1] INFO  server.RaftServerConfigKeys (ConfUtils.java:logGet(43)) - raft.server.rpcslowness.timeout = 120s (custom)
2019-09-19 09:42:59,957 [pool-292-thread-1] INFO  server.RaftServerConfigKeys (ConfUtils.java:logGet(43)) - raft.server.sleep.deviation.threshold = 300 (default)
2019-09-19 09:42:59,957 [pool-292-thread-1] INFO  server.RaftServerConfigKeys (ConfUtils.java:logGet(43)) - raft.server.log.appender.install.snapshot.enabled = false (custom)
2019-09-19 09:42:59,957 [pool-292-thread-1] INFO  impl.RaftServerImpl (ServerState.java:<init>(105)) - 3f221841-44d5-40c7-870c-302f94a11076:group-F0964490F6C0 ConfigurationManager, init=-1: [3f221841-44d5-40c7-870c-302f94a11076:192.168.34.5:38725], old=null, confs=<EMPTY_MAP>
2019-09-19 09:42:59,958 [pool-292-thread-1] INFO  server.RaftServerConfigKeys (ConfUtils.java:logGet(43)) - raft.server.storage.dir = [/workdir/hadoop-ozone/ozonefs/target/test-dir/MiniOzoneClusterImpl-9293621d-43c4-46ab-8c2c-7aa58a5f4982/datanode-0/data/ratis] (custom)
2019-09-19 09:42:59,958 [pool-292-thread-1] INFO  storage.RaftStorageDirectory (RaftStorageDirectory.java:analyzeStorage(246)) - The storage directory /workdir/hadoop-ozone/ozonefs/target/test-dir/MiniOzoneClusterImpl-9293621d-43c4-46ab-8c2c-7aa58a5f4982/datanode-0/data/ratis/68e79de9-7713-4af9-a644-f0964490f6c0 does not exist. Creating ...
2019-09-19 09:42:59,972 [pool-292-thread-1] INFO  storage.RaftStorageDirectory (RaftStorageDirectory.java:tryLock(328)) - Lock on /workdir/hadoop-ozone/ozonefs/target/test-dir/MiniOzoneClusterImpl-9293621d-43c4-46ab-8c2c-7aa58a5f4982/datanode-0/data/ratis/68e79de9-7713-4af9-a644-f0964490f6c0/in_use.lock acquired by nodename 24695@pr-hdds-1569-j4bt4-3030777008
2019-09-19 09:42:59,985 [pool-292-thread-1] INFO  storage.RaftStorage (RaftStorage.java:format(72)) - Storage directory /workdir/hadoop-ozone/ozonefs/target/test-dir/MiniOzoneClusterImpl-9293621d-43c4-46ab-8c2c-7aa58a5f4982/datanode-0/data/ratis/68e79de9-7713-4af9-a644-f0964490f6c0 has been successfully formatted.
2019-09-19 09:42:59,985 [pool-292-thread-1] INFO  ratis.ContainerStateMachine (ContainerStateMachine.java:loadSnapshot(226)) - group-F0964490F6C0: The snapshot info is null. Setting the last applied indexto:(t:0, i:~)
2019-09-19 09:42:59,985 [pool-292-thread-1] INFO  server.RaftServerConfigKeys (ConfUtils.java:logGet(43)) - raft.server.leader.election.timeout = 120s (custom)
2019-09-19 09:42:59,985 [pool-292-thread-1] INFO  server.RaftServerConfigKeys (ConfUtils.java:logGet(43)) - raft.server.log.use.memory = false (default)
2019-09-19 09:42:59,985 [pool-292-thread-1] INFO  server.RaftServerConfigKeys (ConfUtils.java:logGet(43)) - raft.server.log.purge.gap = 1000000 (custom)
2019-09-19 09:42:59,986 [pool-292-thread-1] INFO  server.RaftServerConfigKeys (ConfUtils.java:logGet(43)) - raft.server.log.appender.buffer.byte-limit = 33554432 (custom)
2019-09-19 09:42:59,986 [pool-292-thread-1] INFO  server.RaftServerConfigKeys (ConfUtils.java:logGet(43)) - raft.server.log.segment.size.max = 1048576 (custom)
2019-09-19 09:42:59,986 [pool-292-thread-1] INFO  server.RaftServerConfigKeys (ConfUtils.java:logGet(43)) - raft.server.log.segment.cache.num.max = 2 (custom)
2019-09-19 09:42:59,986 [pool-292-thread-1] INFO  segmented.SegmentedRaftLogWorker (SegmentedRaftLogWorker.java:<init>(172)) - new 3f221841-44d5-40c7-870c-302f94a11076-SegmentedRaftLogWorker:Storage Directory /workdir/hadoop-ozone/ozonefs/target/test-dir/MiniOzoneClusterImpl-9293621d-43c4-46ab-8c2c-7aa58a5f4982/datanode-0/data/ratis/68e79de9-7713-4af9-a644-f0964490f6c0 for RaftStorage:Storage Directory /workdir/hadoop-ozone/ozonefs/target/test-dir/MiniOzoneClusterImpl-9293621d-43c4-46ab-8c2c-7aa58a5f4982/datanode-0/data/ratis/68e79de9-7713-4af9-a644-f0964490f6c0
2019-09-19 09:42:59,986 [pool-292-thread-1] INFO  server.RaftServerConfigKeys (ConfUtils.java:logGet(43)) - raft.server.log.queue.byte-limit = 2147483647 (custom)
2019-09-19 09:42:59,987 [pool-292-thread-1] INFO  server.RaftServerConfigKeys (ConfUtils.java:logGet(43)) - raft.server.log.queue.element-limit = 1024 (custom)
2019-09-19 09:42:59,987 [pool-292-thread-1] INFO  server.RaftServerConfigKeys (ConfUtils.java:logGet(43)) - raft.server.log.segment.size.max = 1048576 (custom)
2019-09-19 09:42:59,987 [pool-292-thread-1] INFO  server.RaftServerConfigKeys (ConfUtils.java:logGet(43)) - raft.server.log.preallocated.size = 16384 (custom)
2019-09-19 09:42:59,987 [pool-292-thread-1] INFO  server.RaftServerConfigKeys (ConfUtils.java:logGet(43)) - raft.server.log.write.buffer.size = 33554432 (custom)
2019-09-19 09:42:59,987 [pool-292-thread-1] INFO  server.RaftServerConfigKeys (ConfUtils.java:logGet(43)) - raft.server.log.force.sync.num = 128 (default)
2019-09-19 09:42:59,988 [pool-292-thread-1] INFO  server.RaftServerConfigKeys (ConfUtils.java:logGet(43)) - raft.server.log.statemachine.data.sync = true (default)
2019-09-19 09:42:59,988 [pool-292-thread-1] INFO  server.RaftServerConfigKeys (ConfUtils.java:logGet(43)) - raft.server.log.statemachine.data.sync.timeout = 10s (default)
2019-09-19 09:42:59,988 [pool-292-thread-1] INFO  server.RaftServerConfigKeys (ConfUtils.java:logGet(43)) - raft.server.log.statemachine.data.sync.timeout.retry = -1 (default)
2019-09-19 09:42:59,988 [pool-292-thread-1] INFO  server.RaftServerConfigKeys (ConfUtils.java:logGet(43)) - raft.server.log.statemachine.data.caching.enabled = true (custom)
2019-09-19 09:42:59,989 [pool-292-thread-1] INFO  segmented.SegmentedRaftLogWorker (SegmentedRaftLogWorker.java:lambda$new$0(132)) - 3f221841-44d5-40c7-870c-302f94a11076-SegmentedRaftLogWorker:Storage Directory /workdir/hadoop-ozone/ozonefs/target/test-dir/MiniOzoneClusterImpl-9293621d-43c4-46ab-8c2c-7aa58a5f4982/datanode-0/data/ratis/68e79de9-7713-4af9-a644-f0964490f6c0: flushIndex: setUnconditionally 0 -> -1
2019-09-19 09:42:59,989 [pool-292-thread-1] INFO  server.RaftServerConfigKeys (ConfUtils.java:logGet(43)) - raft.server.snapshot.auto.trigger.enabled = true (custom)
2019-09-19 09:42:59,989 [pool-292-thread-1] INFO  server.RaftServerConfigKeys (ConfUtils.java:logGet(43)) - raft.server.snapshot.auto.trigger.threshold = 10000 (custom)
2019-09-19 09:42:59,990 [pool-292-thread-1] INFO  server.RaftServerConfigKeys (ConfUtils.java:logGet(43)) - raft.server.retrycache.expirytime = 600000ms (custom)
2019-09-19 09:42:59,990 [pool-292-thread-1] INFO  impl.RaftServerImpl (RaftServerImpl.java:start(180)) - 3f221841-44d5-40c7-870c-302f94a11076: start group-F0964490F6C0
2019-09-19 09:42:59,990 [pool-292-thread-1] INFO  impl.RaftServerImpl (RaftServerImpl.java:setRole(171)) - 3f221841-44d5-40c7-870c-302f94a11076:group-F0964490F6C0 changes role from null to FOLLOWER at term 0 for startAsFollower
2019-09-19 09:42:59,990 [pool-292-thread-1] INFO  impl.RoleInfo (RoleInfo.java:updateAndGet(143)) - 3f221841-44d5-40c7-870c-302f94a11076: start FollowerState
2019-09-19 09:42:59,991 [pool-292-thread-1] INFO  util.JmxRegister (JmxRegister.java:tryRegister(44)) - Successfully registered JMX Bean with object name Ratis:service=RaftServer,group=group-F0964490F6C0,id=3f221841-44d5-40c7-870c-302f94a11076
2019-09-19 09:42:59,996 [RatisPipelineUtilsThread] INFO  pipeline.PipelineStateManager (PipelineStateManager.java:addPipeline(56)) - Created pipeline Pipeline[ Id: 68e79de9-7713-4af9-a644-f0964490f6c0, Nodes: 3f221841-44d5-40c7-870c-302f94a11076{ip: 192.168.34.5, host: pr-hdds-1569-j4bt4-3030777008, networkLocation: /default-rack, certSerialId: null}, Type:RATIS, Factor:ONE, State:OPEN]
2019-09-19 09:43:00,002 [grpc-default-executor-0] INFO  impl.RaftServerProxy (RaftServerProxy.java:addNew(89)) - 3f221841-44d5-40c7-870c-302f94a11076: addNew group-5ACA4F8070C2:[3f221841-44d5-40c7-870c-302f94a11076:192.168.34.5:38725] returns group-5ACA4F8070C2:java.util.concurrent.CompletableFuture@476cec6a[Not completed]
2019-09-19 09:43:00,003 [pool-292-thread-1] INFO  impl.RaftServerImpl (RaftServerImpl.java:<init>(93)) - 3f221841-44d5-40c7-870c-302f94a11076: new RaftServerImpl for group-5ACA4F8070C2:[3f221841-44d5-40c7-870c-302f94a11076:192.168.34.5:38725] with ContainerStateMachine:uninitialized
2019-09-19 09:43:00,003 [pool-292-thread-1] INFO  server.RaftServerConfigKeys (ConfUtils.java:logGet(43)) - raft.server.rpc.timeout.min = 5s (custom)
2019-09-19 09:43:00,003 [pool-292-thread-1] INFO  server.RaftServerConfigKeys (ConfUtils.java:logGet(43)) - raft.server.rpc.timeout.max = 5200ms (custom)
2019-09-19 09:43:00,003 [pool-292-thread-1] INFO  server.RaftServerConfigKeys (ConfUtils.java:logGet(43)) - raft.server.rpcslowness.timeout = 120s (custom)
2019-09-19 09:43:00,003 [pool-292-thread-1] INFO  server.RaftServerConfigKeys (ConfUtils.java:logGet(43)) - raft.server.sleep.deviation.threshold = 300 (default)
2019-09-19 09:43:00,003 [pool-292-thread-1] INFO  server.RaftServerConfigKeys (ConfUtils.java:logGet(43)) - raft.server.log.appender.install.snapshot.enabled = false (custom)
2019-09-19 09:43:00,003 [pool-292-thread-1] INFO  impl.RaftServerImpl (ServerState.java:<init>(105)) - 3f221841-44d5-40c7-870c-302f94a11076:group-5ACA4F8070C2 ConfigurationManager, init=-1: [3f221841-44d5-40c7-870c-302f94a11076:192.168.34.5:38725], old=null, confs=<EMPTY_MAP>
2019-09-19 09:43:00,004 [pool-292-thread-1] INFO  server.RaftServerConfigKeys (ConfUtils.java:logGet(43)) - raft.server.storage.dir = [/workdir/hadoop-ozone/ozonefs/target/test-dir/MiniOzoneClusterImpl-9293621d-43c4-46ab-8c2c-7aa58a5f4982/datanode-0/data/ratis] (custom)
2019-09-19 09:43:00,004 [pool-292-thread-1] INFO  storage.RaftStorageDirectory (RaftStorageDirectory.java:analyzeStorage(246)) - The storage directory /workdir/hadoop-ozone/ozonefs/target/test-dir/MiniOzoneClusterImpl-9293621d-43c4-46ab-8c2c-7aa58a5f4982/datanode-0/data/ratis/4ff62845-8f97-405b-8929-5aca4f8070c2 does not exist. Creating ...
2019-09-19 09:43:00,017 [pool-292-thread-1] INFO  storage.RaftStorageDirectory (RaftStorageDirectory.java:tryLock(328)) - Lock on /workdir/hadoop-ozone/ozonefs/target/test-dir/MiniOzoneClusterImpl-9293621d-43c4-46ab-8c2c-7aa58a5f4982/datanode-0/data/ratis/4ff62845-8f97-405b-8929-5aca4f8070c2/in_use.lock acquired by nodename 24695@pr-hdds-1569-j4bt4-3030777008
2019-09-19 09:43:00,029 [pool-292-thread-1] INFO  storage.RaftStorage (RaftStorage.java:format(72)) - Storage directory /workdir/hadoop-ozone/ozonefs/target/test-dir/MiniOzoneClusterImpl-9293621d-43c4-46ab-8c2c-7aa58a5f4982/datanode-0/data/ratis/4ff62845-8f97-405b-8929-5aca4f8070c2 has been successfully formatted.
2019-09-19 09:43:00,030 [pool-292-thread-1] INFO  ratis.ContainerStateMachine (ContainerStateMachine.java:loadSnapshot(226)) - group-5ACA4F8070C2: The snapshot info is null. Setting the last applied indexto:(t:0, i:~)
2019-09-19 09:43:00,030 [pool-292-thread-1] INFO  server.RaftServerConfigKeys (ConfUtils.java:logGet(43)) - raft.server.leader.election.timeout = 120s (custom)
2019-09-19 09:43:00,030 [pool-292-thread-1] INFO  server.RaftServerConfigKeys (ConfUtils.java:logGet(43)) - raft.server.log.use.memory = false (default)
2019-09-19 09:43:00,030 [pool-292-thread-1] INFO  server.RaftServerConfigKeys (ConfUtils.java:logGet(43)) - raft.server.log.purge.gap = 1000000 (custom)
2019-09-19 09:43:00,030 [pool-292-thread-1] INFO  server.RaftServerConfigKeys (ConfUtils.java:logGet(43)) - raft.server.log.appender.buffer.byte-limit = 33554432 (custom)
2019-09-19 09:43:00,030 [pool-292-thread-1] INFO  server.RaftServerConfigKeys (ConfUtils.java:logGet(43)) - raft.server.log.segment.size.max = 1048576 (custom)
2019-09-19 09:43:00,030 [pool-292-thread-1] INFO  server.RaftServerConfigKeys (ConfUtils.java:logGet(43)) - raft.server.log.segment.cache.num.max = 2 (custom)
2019-09-19 09:43:00,030 [pool-292-thread-1] INFO  segmented.SegmentedRaftLogWorker (SegmentedRaftLogWorker.java:<init>(172)) - new 3f221841-44d5-40c7-870c-302f94a11076-SegmentedRaftLogWorker:Storage Directory /workdir/hadoop-ozone/ozonefs/target/test-dir/MiniOzoneClusterImpl-9293621d-43c4-46ab-8c2c-7aa58a5f4982/datanode-0/data/ratis/4ff62845-8f97-405b-8929-5aca4f8070c2 for RaftStorage:Storage Directory /workdir/hadoop-ozone/ozonefs/target/test-dir/MiniOzoneClusterImpl-9293621d-43c4-46ab-8c2c-7aa58a5f4982/datanode-0/data/ratis/4ff62845-8f97-405b-8929-5aca4f8070c2
2019-09-19 09:43:00,031 [pool-292-thread-1] INFO  server.RaftServerConfigKeys (ConfUtils.java:logGet(43)) - raft.server.log.queue.byte-limit = 2147483647 (custom)
2019-09-19 09:43:00,031 [pool-292-thread-1] INFO  server.RaftServerConfigKeys (ConfUtils.java:logGet(43)) - raft.server.log.queue.element-limit = 1024 (custom)
2019-09-19 09:43:00,031 [pool-292-thread-1] INFO  server.RaftServerConfigKeys (ConfUtils.java:logGet(43)) - raft.server.log.segment.size.max = 1048576 (custom)
2019-09-19 09:43:00,031 [pool-292-thread-1] INFO  server.RaftServerConfigKeys (ConfUtils.java:logGet(43)) - raft.server.log.preallocated.size = 16384 (custom)
2019-09-19 09:43:00,031 [pool-292-thread-1] INFO  server.RaftServerConfigKeys (ConfUtils.java:logGet(43)) - raft.server.log.write.buffer.size = 33554432 (custom)
2019-09-19 09:43:00,031 [pool-292-thread-1] INFO  server.RaftServerConfigKeys (ConfUtils.java:logGet(43)) - raft.server.log.force.sync.num = 128 (default)
2019-09-19 09:43:00,031 [pool-292-thread-1] INFO  server.RaftServerConfigKeys (ConfUtils.java:logGet(43)) - raft.server.log.statemachine.data.sync = true (default)
2019-09-19 09:43:00,031 [pool-292-thread-1] INFO  server.RaftServerConfigKeys (ConfUtils.java:logGet(43)) - raft.server.log.statemachine.data.sync.timeout = 10s (default)
2019-09-19 09:43:00,031 [pool-292-thread-1] INFO  server.RaftServerConfigKeys (ConfUtils.java:logGet(43)) - raft.server.log.statemachine.data.sync.timeout.retry = -1 (default)
2019-09-19 09:43:00,032 [pool-292-thread-1] INFO  server.RaftServerConfigKeys (ConfUtils.java:logGet(43)) - raft.server.log.statemachine.data.caching.enabled = true (custom)
2019-09-19 09:43:00,032 [pool-292-thread-1] INFO  segmented.SegmentedRaftLogWorker (SegmentedRaftLogWorker.java:lambda$new$0(132)) - 3f221841-44d5-40c7-870c-302f94a11076-SegmentedRaftLogWorker:Storage Directory /workdir/hadoop-ozone/ozonefs/target/test-dir/MiniOzoneClusterImpl-9293621d-43c4-46ab-8c2c-7aa58a5f4982/datanode-0/data/ratis/4ff62845-8f97-405b-8929-5aca4f8070c2: flushIndex: setUnconditionally 0 -> -1
2019-09-19 09:43:00,032 [pool-292-thread-1] INFO  server.RaftServerConfigKeys (ConfUtils.java:logGet(43)) - raft.server.snapshot.auto.trigger.enabled = true (custom)
2019-09-19 09:43:00,032 [pool-292-thread-1] INFO  server.RaftServerConfigKeys (ConfUtils.java:logGet(43)) - raft.server.snapshot.auto.trigger.threshold = 10000 (custom)
2019-09-19 09:43:00,032 [pool-292-thread-1] INFO  server.RaftServerConfigKeys (ConfUtils.java:logGet(43)) - raft.server.retrycache.expirytime = 600000ms (custom)
2019-09-19 09:43:00,033 [pool-292-thread-1] INFO  impl.RaftServerImpl (RaftServerImpl.java:start(180)) - 3f221841-44d5-40c7-870c-302f94a11076: start group-5ACA4F8070C2
2019-09-19 09:43:00,033 [pool-292-thread-1] INFO  impl.RaftServerImpl (RaftServerImpl.java:setRole(171)) - 3f221841-44d5-40c7-870c-302f94a11076:group-5ACA4F8070C2 changes role from null to FOLLOWER at term 0 for startAsFollower
2019-09-19 09:43:00,033 [pool-292-thread-1] INFO  impl.RoleInfo (RoleInfo.java:updateAndGet(143)) - 3f221841-44d5-40c7-870c-302f94a11076: start FollowerState
2019-09-19 09:43:00,033 [pool-292-thread-1] INFO  util.JmxRegister (JmxRegister.java:tryRegister(44)) - Successfully registered JMX Bean with object name Ratis:service=RaftServer,group=group-5ACA4F8070C2,id=3f221841-44d5-40c7-870c-302f94a11076
2019-09-19 09:43:00,036 [RatisPipelineUtilsThread] INFO  pipeline.PipelineStateManager (PipelineStateManager.java:addPipeline(56)) - Created pipeline Pipeline[ Id: 4ff62845-8f97-405b-8929-5aca4f8070c2, Nodes: 3f221841-44d5-40c7-870c-302f94a11076{ip: 192.168.34.5, host: pr-hdds-1569-j4bt4-3030777008, networkLocation: /default-rack, certSerialId: null}, Type:RATIS, Factor:ONE, State:OPEN]
2019-09-19 09:43:00,041 [grpc-default-executor-0] INFO  impl.RaftServerProxy (RaftServerProxy.java:addNew(89)) - 3f221841-44d5-40c7-870c-302f94a11076: addNew group-EAB962532181:[3f221841-44d5-40c7-870c-302f94a11076:192.168.34.5:38725] returns group-EAB962532181:java.util.concurrent.CompletableFuture@16ff4247[Not completed]
2019-09-19 09:43:00,042 [pool-292-thread-1] INFO  impl.RaftServerImpl (RaftServerImpl.java:<init>(93)) - 3f221841-44d5-40c7-870c-302f94a11076: new RaftServerImpl for group-EAB962532181:[3f221841-44d5-40c7-870c-302f94a11076:192.168.34.5:38725] with ContainerStateMachine:uninitialized
2019-09-19 09:43:00,042 [pool-292-thread-1] INFO  server.RaftServerConfigKeys (ConfUtils.java:logGet(43)) - raft.server.rpc.timeout.min = 5s (custom)
2019-09-19 09:43:00,043 [pool-292-thread-1] INFO  server.RaftServerConfigKeys (ConfUtils.java:logGet(43)) - raft.server.rpc.timeout.max = 5200ms (custom)
2019-09-19 09:43:00,043 [pool-292-thread-1] INFO  server.RaftServerConfigKeys (ConfUtils.java:logGet(43)) - raft.server.rpcslowness.timeout = 120s (custom)
2019-09-19 09:43:00,043 [pool-292-thread-1] INFO  server.RaftServerConfigKeys (ConfUtils.java:logGet(43)) - raft.server.sleep.deviation.threshold = 300 (default)
2019-09-19 09:43:00,043 [pool-292-thread-1] INFO  server.RaftServerConfigKeys (ConfUtils.java:logGet(43)) - raft.server.log.appender.install.snapshot.enabled = false (custom)
2019-09-19 09:43:00,043 [pool-292-thread-1] INFO  impl.RaftServerImpl (ServerState.java:<init>(105)) - 3f221841-44d5-40c7-870c-302f94a11076:group-EAB962532181 ConfigurationManager, init=-1: [3f221841-44d5-40c7-870c-302f94a11076:192.168.34.5:38725], old=null, confs=<EMPTY_MAP>
2019-09-19 09:43:00,043 [pool-292-thread-1] INFO  server.RaftServerConfigKeys (ConfUtils.java:logGet(43)) - raft.server.storage.dir = [/workdir/hadoop-ozone/ozonefs/target/test-dir/MiniOzoneClusterImpl-9293621d-43c4-46ab-8c2c-7aa58a5f4982/datanode-0/data/ratis] (custom)
2019-09-19 09:43:00,043 [pool-292-thread-1] INFO  storage.RaftStorageDirectory (RaftStorageDirectory.java:analyzeStorage(246)) - The storage directory /workdir/hadoop-ozone/ozonefs/target/test-dir/MiniOzoneClusterImpl-9293621d-43c4-46ab-8c2c-7aa58a5f4982/datanode-0/data/ratis/b45fec98-41c2-4373-a9d2-eab962532181 does not exist. Creating ...
2019-09-19 09:43:00,056 [pool-292-thread-1] INFO  storage.RaftStorageDirectory (RaftStorageDirectory.java:tryLock(328)) - Lock on /workdir/hadoop-ozone/ozonefs/target/test-dir/MiniOzoneClusterImpl-9293621d-43c4-46ab-8c2c-7aa58a5f4982/datanode-0/data/ratis/b45fec98-41c2-4373-a9d2-eab962532181/in_use.lock acquired by nodename 24695@pr-hdds-1569-j4bt4-3030777008
2019-09-19 09:43:00,069 [pool-292-thread-1] INFO  storage.RaftStorage (RaftStorage.java:format(72)) - Storage directory /workdir/hadoop-ozone/ozonefs/target/test-dir/MiniOzoneClusterImpl-9293621d-43c4-46ab-8c2c-7aa58a5f4982/datanode-0/data/ratis/b45fec98-41c2-4373-a9d2-eab962532181 has been successfully formatted.
2019-09-19 09:43:00,069 [pool-292-thread-1] INFO  ratis.ContainerStateMachine (ContainerStateMachine.java:loadSnapshot(226)) - group-EAB962532181: The snapshot info is null. Setting the last applied indexto:(t:0, i:~)
2019-09-19 09:43:00,069 [pool-292-thread-1] INFO  server.RaftServerConfigKeys (ConfUtils.java:logGet(43)) - raft.server.leader.election.timeout = 120s (custom)
2019-09-19 09:43:00,069 [pool-292-thread-1] INFO  server.RaftServerConfigKeys (ConfUtils.java:logGet(43)) - raft.server.log.use.memory = false (default)
2019-09-19 09:43:00,069 [pool-292-thread-1] INFO  server.RaftServerConfigKeys (ConfUtils.java:logGet(43)) - raft.server.log.purge.gap = 1000000 (custom)
2019-09-19 09:43:00,069 [pool-292-thread-1] INFO  server.RaftServerConfigKeys (ConfUtils.java:logGet(43)) - raft.server.log.appender.buffer.byte-limit = 33554432 (custom)
2019-09-19 09:43:00,070 [pool-292-thread-1] INFO  server.RaftServerConfigKeys (ConfUtils.java:logGet(43)) - raft.server.log.segment.size.max = 1048576 (custom)
2019-09-19 09:43:00,070 [pool-292-thread-1] INFO  server.RaftServerConfigKeys (ConfUtils.java:logGet(43)) - raft.server.log.segment.cache.num.max = 2 (custom)
2019-09-19 09:43:00,070 [pool-292-thread-1] INFO  segmented.SegmentedRaftLogWorker (SegmentedRaftLogWorker.java:<init>(172)) - new 3f221841-44d5-40c7-870c-302f94a11076-SegmentedRaftLogWorker:Storage Directory /workdir/hadoop-ozone/ozonefs/target/test-dir/MiniOzoneClusterImpl-9293621d-43c4-46ab-8c2c-7aa58a5f4982/datanode-0/data/ratis/b45fec98-41c2-4373-a9d2-eab962532181 for RaftStorage:Storage Directory /workdir/hadoop-ozone/ozonefs/target/test-dir/MiniOzoneClusterImpl-9293621d-43c4-46ab-8c2c-7aa58a5f4982/datanode-0/data/ratis/b45fec98-41c2-4373-a9d2-eab962532181
2019-09-19 09:43:00,070 [pool-292-thread-1] INFO  server.RaftServerConfigKeys (ConfUtils.java:logGet(43)) - raft.server.log.queue.byte-limit = 2147483647 (custom)
2019-09-19 09:43:00,070 [pool-292-thread-1] INFO  server.RaftServerConfigKeys (ConfUtils.java:logGet(43)) - raft.server.log.queue.element-limit = 1024 (custom)
2019-09-19 09:43:00,070 [pool-292-thread-1] INFO  server.RaftServerConfigKeys (ConfUtils.java:logGet(43)) - raft.server.log.segment.size.max = 1048576 (custom)
2019-09-19 09:43:00,070 [pool-292-thread-1] INFO  server.RaftServerConfigKeys (ConfUtils.java:logGet(43)) - raft.server.log.preallocated.size = 16384 (custom)
2019-09-19 09:43:00,071 [pool-292-thread-1] INFO  server.RaftServerConfigKeys (ConfUtils.java:logGet(43)) - raft.server.log.write.buffer.size = 33554432 (custom)
2019-09-19 09:43:00,071 [pool-292-thread-1] INFO  server.RaftServerConfigKeys (ConfUtils.java:logGet(43)) - raft.server.log.force.sync.num = 128 (default)
2019-09-19 09:43:00,071 [pool-292-thread-1] INFO  server.RaftServerConfigKeys (ConfUtils.java:logGet(43)) - raft.server.log.statemachine.data.sync = true (default)
2019-09-19 09:43:00,071 [pool-292-thread-1] INFO  server.RaftServerConfigKeys (ConfUtils.java:logGet(43)) - raft.server.log.statemachine.data.sync.timeout = 10s (default)
2019-09-19 09:43:00,071 [pool-292-thread-1] INFO  server.RaftServerConfigKeys (ConfUtils.java:logGet(43)) - raft.server.log.statemachine.data.sync.timeout.retry = -1 (default)
2019-09-19 09:43:00,071 [pool-292-thread-1] INFO  server.RaftServerConfigKeys (ConfUtils.java:logGet(43)) - raft.server.log.statemachine.data.caching.enabled = true (custom)
2019-09-19 09:43:00,071 [pool-292-thread-1] INFO  segmented.SegmentedRaftLogWorker (SegmentedRaftLogWorker.java:lambda$new$0(132)) - 3f221841-44d5-40c7-870c-302f94a11076-SegmentedRaftLogWorker:Storage Directory /workdir/hadoop-ozone/ozonefs/target/test-dir/MiniOzoneClusterImpl-9293621d-43c4-46ab-8c2c-7aa58a5f4982/datanode-0/data/ratis/b45fec98-41c2-4373-a9d2-eab962532181: flushIndex: setUnconditionally 0 -> -1
2019-09-19 09:43:00,072 [pool-292-thread-1] INFO  server.RaftServerConfigKeys (ConfUtils.java:logGet(43)) - raft.server.snapshot.auto.trigger.enabled = true (custom)
2019-09-19 09:43:00,072 [pool-292-thread-1] INFO  server.RaftServerConfigKeys (ConfUtils.java:logGet(43)) - raft.server.snapshot.auto.trigger.threshold = 10000 (custom)
2019-09-19 09:43:00,072 [pool-292-thread-1] INFO  server.RaftServerConfigKeys (ConfUtils.java:logGet(43)) - raft.server.retrycache.expirytime = 600000ms (custom)
2019-09-19 09:43:00,072 [pool-292-thread-1] INFO  impl.RaftServerImpl (RaftServerImpl.java:start(180)) - 3f221841-44d5-40c7-870c-302f94a11076: start group-EAB962532181
2019-09-19 09:43:00,072 [pool-292-thread-1] INFO  impl.RaftServerImpl (RaftServerImpl.java:setRole(171)) - 3f221841-44d5-40c7-870c-302f94a11076:group-EAB962532181 changes role from null to FOLLOWER at term 0 for startAsFollower
2019-09-19 09:43:00,072 [pool-292-thread-1] INFO  impl.RoleInfo (RoleInfo.java:updateAndGet(143)) - 3f221841-44d5-40c7-870c-302f94a11076: start FollowerState
2019-09-19 09:43:00,073 [pool-292-thread-1] INFO  util.JmxRegister (JmxRegister.java:tryRegister(44)) - Successfully registered JMX Bean with object name Ratis:service=RaftServer,group=group-EAB962532181,id=3f221841-44d5-40c7-870c-302f94a11076
2019-09-19 09:43:00,075 [RatisPipelineUtilsThread] INFO  pipeline.PipelineStateManager (PipelineStateManager.java:addPipeline(56)) - Created pipeline Pipeline[ Id: b45fec98-41c2-4373-a9d2-eab962532181, Nodes: 3f221841-44d5-40c7-870c-302f94a11076{ip: 192.168.34.5, host: pr-hdds-1569-j4bt4-3030777008, networkLocation: /default-rack, certSerialId: null}, Type:RATIS, Factor:ONE, State:OPEN]
2019-09-19 09:43:00,081 [grpc-default-executor-0] INFO  impl.RaftServerProxy (RaftServerProxy.java:addNew(89)) - 3f221841-44d5-40c7-870c-302f94a11076: addNew group-5637E7852D35:[3f221841-44d5-40c7-870c-302f94a11076:192.168.34.5:38725] returns group-5637E7852D35:java.util.concurrent.CompletableFuture@3f9df0a6[Not completed]
2019-09-19 09:43:00,082 [pool-292-thread-1] INFO  impl.RaftServerImpl (RaftServerImpl.java:<init>(93)) - 3f221841-44d5-40c7-870c-302f94a11076: new RaftServerImpl for group-5637E7852D35:[3f221841-44d5-40c7-870c-302f94a11076:192.168.34.5:38725] with ContainerStateMachine:uninitialized
2019-09-19 09:43:00,082 [pool-292-thread-1] INFO  server.RaftServerConfigKeys (ConfUtils.java:logGet(43)) - raft.server.rpc.timeout.min = 5s (custom)
2019-09-19 09:43:00,082 [pool-292-thread-1] INFO  server.RaftServerConfigKeys (ConfUtils.java:logGet(43)) - raft.server.rpc.timeout.max = 5200ms (custom)
2019-09-19 09:43:00,082 [pool-292-thread-1] INFO  server.RaftServerConfigKeys (ConfUtils.java:logGet(43)) - raft.server.rpcslowness.timeout = 120s (custom)
2019-09-19 09:43:00,082 [pool-292-thread-1] INFO  server.RaftServerConfigKeys (ConfUtils.java:logGet(43)) - raft.server.sleep.deviation.threshold = 300 (default)
2019-09-19 09:43:00,082 [pool-292-thread-1] INFO  server.RaftServerConfigKeys (ConfUtils.java:logGet(43)) - raft.server.log.appender.install.snapshot.enabled = false (custom)
2019-09-19 09:43:00,082 [pool-292-thread-1] INFO  impl.RaftServerImpl (ServerState.java:<init>(105)) - 3f221841-44d5-40c7-870c-302f94a11076:group-5637E7852D35 ConfigurationManager, init=-1: [3f221841-44d5-40c7-870c-302f94a11076:192.168.34.5:38725], old=null, confs=<EMPTY_MAP>
2019-09-19 09:43:00,083 [pool-292-thread-1] INFO  server.RaftServerConfigKeys (ConfUtils.java:logGet(43)) - raft.server.storage.dir = [/workdir/hadoop-ozone/ozonefs/target/test-dir/MiniOzoneClusterImpl-9293621d-43c4-46ab-8c2c-7aa58a5f4982/datanode-0/data/ratis] (custom)
2019-09-19 09:43:00,083 [pool-292-thread-1] INFO  storage.RaftStorageDirectory (RaftStorageDirectory.java:analyzeStorage(246)) - The storage directory /workdir/hadoop-ozone/ozonefs/target/test-dir/MiniOzoneClusterImpl-9293621d-43c4-46ab-8c2c-7aa58a5f4982/datanode-0/data/ratis/67ab6e97-a04c-4365-99b8-5637e7852d35 does not exist. Creating ...
2019-09-19 09:43:00,096 [pool-292-thread-1] INFO  storage.RaftStorageDirectory (RaftStorageDirectory.java:tryLock(328)) - Lock on /workdir/hadoop-ozone/ozonefs/target/test-dir/MiniOzoneClusterImpl-9293621d-43c4-46ab-8c2c-7aa58a5f4982/datanode-0/data/ratis/67ab6e97-a04c-4365-99b8-5637e7852d35/in_use.lock acquired by nodename 24695@pr-hdds-1569-j4bt4-3030777008
2019-09-19 09:43:00,109 [pool-292-thread-1] INFO  storage.RaftStorage (RaftStorage.java:format(72)) - Storage directory /workdir/hadoop-ozone/ozonefs/target/test-dir/MiniOzoneClusterImpl-9293621d-43c4-46ab-8c2c-7aa58a5f4982/datanode-0/data/ratis/67ab6e97-a04c-4365-99b8-5637e7852d35 has been successfully formatted.
2019-09-19 09:43:00,109 [pool-292-thread-1] INFO  ratis.ContainerStateMachine (ContainerStateMachine.java:loadSnapshot(226)) - group-5637E7852D35: The snapshot info is null. Setting the last applied indexto:(t:0, i:~)
2019-09-19 09:43:00,109 [pool-292-thread-1] INFO  server.RaftServerConfigKeys (ConfUtils.java:logGet(43)) - raft.server.leader.election.timeout = 120s (custom)
2019-09-19 09:43:00,110 [pool-292-thread-1] INFO  server.RaftServerConfigKeys (ConfUtils.java:logGet(43)) - raft.server.log.use.memory = false (default)
2019-09-19 09:43:00,110 [pool-292-thread-1] INFO  server.RaftServerConfigKeys (ConfUtils.java:logGet(43)) - raft.server.log.purge.gap = 1000000 (custom)
2019-09-19 09:43:00,110 [pool-292-thread-1] INFO  server.RaftServerConfigKeys (ConfUtils.java:logGet(43)) - raft.server.log.appender.buffer.byte-limit = 33554432 (custom)
2019-09-19 09:43:00,110 [pool-292-thread-1] INFO  server.RaftServerConfigKeys (ConfUtils.java:logGet(43)) - raft.server.log.segment.size.max = 1048576 (custom)
2019-09-19 09:43:00,110 [pool-292-thread-1] INFO  server.RaftServerConfigKeys (ConfUtils.java:logGet(43)) - raft.server.log.segment.cache.num.max = 2 (custom)
2019-09-19 09:43:00,110 [pool-292-thread-1] INFO  segmented.SegmentedRaftLogWorker (SegmentedRaftLogWorker.java:<init>(172)) - new 3f221841-44d5-40c7-870c-302f94a11076-SegmentedRaftLogWorker:Storage Directory /workdir/hadoop-ozone/ozonefs/target/test-dir/MiniOzoneClusterImpl-9293621d-43c4-46ab-8c2c-7aa58a5f4982/datanode-0/data/ratis/67ab6e97-a04c-4365-99b8-5637e7852d35 for RaftStorage:Storage Directory /workdir/hadoop-ozone/ozonefs/target/test-dir/MiniOzoneClusterImpl-9293621d-43c4-46ab-8c2c-7aa58a5f4982/datanode-0/data/ratis/67ab6e97-a04c-4365-99b8-5637e7852d35
2019-09-19 09:43:00,110 [pool-292-thread-1] INFO  server.RaftServerConfigKeys (ConfUtils.java:logGet(43)) - raft.server.log.queue.byte-limit = 2147483647 (custom)
2019-09-19 09:43:00,110 [pool-292-thread-1] INFO  server.RaftServerConfigKeys (ConfUtils.java:logGet(43)) - raft.server.log.queue.element-limit = 1024 (custom)
2019-09-19 09:43:00,111 [pool-292-thread-1] INFO  server.RaftServerConfigKeys (ConfUtils.java:logGet(43)) - raft.server.log.segment.size.max = 1048576 (custom)
2019-09-19 09:43:00,111 [pool-292-thread-1] INFO  server.RaftServerConfigKeys (ConfUtils.java:logGet(43)) - raft.server.log.preallocated.size = 16384 (custom)
2019-09-19 09:43:00,111 [pool-292-thread-1] INFO  server.RaftServerConfigKeys (ConfUtils.java:logGet(43)) - raft.server.log.write.buffer.size = 33554432 (custom)
2019-09-19 09:43:00,111 [pool-292-thread-1] INFO  server.RaftServerConfigKeys (ConfUtils.java:logGet(43)) - raft.server.log.force.sync.num = 128 (default)
2019-09-19 09:43:00,111 [pool-292-thread-1] INFO  server.RaftServerConfigKeys (ConfUtils.java:logGet(43)) - raft.server.log.statemachine.data.sync = true (default)
2019-09-19 09:43:00,111 [pool-292-thread-1] INFO  server.RaftServerConfigKeys (ConfUtils.java:logGet(43)) - raft.server.log.statemachine.data.sync.timeout = 10s (default)
2019-09-19 09:43:00,111 [pool-292-thread-1] INFO  server.RaftServerConfigKeys (ConfUtils.java:logGet(43)) - raft.server.log.statemachine.data.sync.timeout.retry = -1 (default)
2019-09-19 09:43:00,111 [pool-292-thread-1] INFO  server.RaftServerConfigKeys (ConfUtils.java:logGet(43)) - raft.server.log.statemachine.data.caching.enabled = true (custom)
2019-09-19 09:43:00,112 [pool-292-thread-1] INFO  segmented.SegmentedRaftLogWorker (SegmentedRaftLogWorker.java:lambda$new$0(132)) - 3f221841-44d5-40c7-870c-302f94a11076-SegmentedRaftLogWorker:Storage Directory /workdir/hadoop-ozone/ozonefs/target/test-dir/MiniOzoneClusterImpl-9293621d-43c4-46ab-8c2c-7aa58a5f4982/datanode-0/data/ratis/67ab6e97-a04c-4365-99b8-5637e7852d35: flushIndex: setUnconditionally 0 -> -1
2019-09-19 09:43:00,112 [pool-292-thread-1] INFO  server.RaftServerConfigKeys (ConfUtils.java:logGet(43)) - raft.server.snapshot.auto.trigger.enabled = true (custom)
2019-09-19 09:43:00,112 [pool-292-thread-1] INFO  server.RaftServerConfigKeys (ConfUtils.java:logGet(43)) - raft.server.snapshot.auto.trigger.threshold = 10000 (custom)
2019-09-19 09:43:00,112 [pool-292-thread-1] INFO  server.RaftServerConfigKeys (ConfUtils.java:logGet(43)) - raft.server.retrycache.expirytime = 600000ms (custom)
2019-09-19 09:43:00,113 [pool-292-thread-1] INFO  impl.RaftServerImpl (RaftServerImpl.java:start(180)) - 3f221841-44d5-40c7-870c-302f94a11076: start group-5637E7852D35
2019-09-19 09:43:00,113 [pool-292-thread-1] INFO  impl.RaftServerImpl (RaftServerImpl.java:setRole(171)) - 3f221841-44d5-40c7-870c-302f94a11076:group-5637E7852D35 changes role from null to FOLLOWER at term 0 for startAsFollower
2019-09-19 09:43:00,113 [pool-292-thread-1] INFO  impl.RoleInfo (RoleInfo.java:updateAndGet(143)) - 3f221841-44d5-40c7-870c-302f94a11076: start FollowerState
2019-09-19 09:43:00,113 [pool-292-thread-1] INFO  util.JmxRegister (JmxRegister.java:tryRegister(44)) - Successfully registered JMX Bean with object name Ratis:service=RaftServer,group=group-5637E7852D35,id=3f221841-44d5-40c7-870c-302f94a11076
2019-09-19 09:43:00,116 [RatisPipelineUtilsThread] INFO  pipeline.PipelineStateManager (PipelineStateManager.java:addPipeline(56)) - Created pipeline Pipeline[ Id: 67ab6e97-a04c-4365-99b8-5637e7852d35, Nodes: 3f221841-44d5-40c7-870c-302f94a11076{ip: 192.168.34.5, host: pr-hdds-1569-j4bt4-3030777008, networkLocation: /default-rack, certSerialId: null}, Type:RATIS, Factor:ONE, State:OPEN]
2019-09-19 09:43:00,122 [grpc-default-executor-0] INFO  impl.RaftServerProxy (RaftServerProxy.java:addNew(89)) - 3f221841-44d5-40c7-870c-302f94a11076: addNew group-12BEBA55405C:[3f221841-44d5-40c7-870c-302f94a11076:192.168.34.5:38725] returns group-12BEBA55405C:java.util.concurrent.CompletableFuture@12b13811[Not completed]
2019-09-19 09:43:00,122 [pool-292-thread-1] INFO  impl.RaftServerImpl (RaftServerImpl.java:<init>(93)) - 3f221841-44d5-40c7-870c-302f94a11076: new RaftServerImpl for group-12BEBA55405C:[3f221841-44d5-40c7-870c-302f94a11076:192.168.34.5:38725] with ContainerStateMachine:uninitialized
2019-09-19 09:43:00,122 [pool-292-thread-1] INFO  server.RaftServerConfigKeys (ConfUtils.java:logGet(43)) - raft.server.rpc.timeout.min = 5s (custom)
2019-09-19 09:43:00,123 [pool-292-thread-1] INFO  server.RaftServerConfigKeys (ConfUtils.java:logGet(43)) - raft.server.rpc.timeout.max = 5200ms (custom)
2019-09-19 09:43:00,123 [pool-292-thread-1] INFO  server.RaftServerConfigKeys (ConfUtils.java:logGet(43)) - raft.server.rpcslowness.timeout = 120s (custom)
2019-09-19 09:43:00,123 [pool-292-thread-1] INFO  server.RaftServerConfigKeys (ConfUtils.java:logGet(43)) - raft.server.sleep.deviation.threshold = 300 (default)
2019-09-19 09:43:00,123 [pool-292-thread-1] INFO  server.RaftServerConfigKeys (ConfUtils.java:logGet(43)) - raft.server.log.appender.install.snapshot.enabled = false (custom)
2019-09-19 09:43:00,123 [pool-292-thread-1] INFO  impl.RaftServerImpl (ServerState.java:<init>(105)) - 3f221841-44d5-40c7-870c-302f94a11076:group-12BEBA55405C ConfigurationManager, init=-1: [3f221841-44d5-40c7-870c-302f94a11076:192.168.34.5:38725], old=null, confs=<EMPTY_MAP>
2019-09-19 09:43:00,123 [pool-292-thread-1] INFO  server.RaftServerConfigKeys (ConfUtils.java:logGet(43)) - raft.server.storage.dir = [/workdir/hadoop-ozone/ozonefs/target/test-dir/MiniOzoneClusterImpl-9293621d-43c4-46ab-8c2c-7aa58a5f4982/datanode-0/data/ratis] (custom)
2019-09-19 09:43:00,123 [pool-292-thread-1] INFO  storage.RaftStorageDirectory (RaftStorageDirectory.java:analyzeStorage(246)) - The storage directory /workdir/hadoop-ozone/ozonefs/target/test-dir/MiniOzoneClusterImpl-9293621d-43c4-46ab-8c2c-7aa58a5f4982/datanode-0/data/ratis/37686f4c-b64b-4163-a8ff-12beba55405c does not exist. Creating ...
2019-09-19 09:43:00,127 [pool-292-thread-1] INFO  storage.RaftStorageDirectory (RaftStorageDirectory.java:tryLock(328)) - Lock on /workdir/hadoop-ozone/ozonefs/target/test-dir/MiniOzoneClusterImpl-9293621d-43c4-46ab-8c2c-7aa58a5f4982/datanode-0/data/ratis/37686f4c-b64b-4163-a8ff-12beba55405c/in_use.lock acquired by nodename 24695@pr-hdds-1569-j4bt4-3030777008
2019-09-19 09:43:00,131 [pool-292-thread-1] INFO  storage.RaftStorage (RaftStorage.java:format(72)) - Storage directory /workdir/hadoop-ozone/ozonefs/target/test-dir/MiniOzoneClusterImpl-9293621d-43c4-46ab-8c2c-7aa58a5f4982/datanode-0/data/ratis/37686f4c-b64b-4163-a8ff-12beba55405c has been successfully formatted.
2019-09-19 09:43:00,131 [pool-292-thread-1] INFO  ratis.ContainerStateMachine (ContainerStateMachine.java:loadSnapshot(226)) - group-12BEBA55405C: The snapshot info is null. Setting the last applied indexto:(t:0, i:~)
2019-09-19 09:43:00,131 [pool-292-thread-1] INFO  server.RaftServerConfigKeys (ConfUtils.java:logGet(43)) - raft.server.leader.election.timeout = 120s (custom)
2019-09-19 09:43:00,131 [pool-292-thread-1] INFO  server.RaftServerConfigKeys (ConfUtils.java:logGet(43)) - raft.server.log.use.memory = false (default)
2019-09-19 09:43:00,131 [pool-292-thread-1] INFO  server.RaftServerConfigKeys (ConfUtils.java:logGet(43)) - raft.server.log.purge.gap = 1000000 (custom)
2019-09-19 09:43:00,131 [pool-292-thread-1] INFO  server.RaftServerConfigKeys (ConfUtils.java:logGet(43)) - raft.server.log.appender.buffer.byte-limit = 33554432 (custom)
2019-09-19 09:43:00,131 [pool-292-thread-1] INFO  server.RaftServerConfigKeys (ConfUtils.java:logGet(43)) - raft.server.log.segment.size.max = 1048576 (custom)
2019-09-19 09:43:00,132 [pool-292-thread-1] INFO  server.RaftServerConfigKeys (ConfUtils.java:logGet(43)) - raft.server.log.segment.cache.num.max = 2 (custom)
2019-09-19 09:43:00,132 [pool-292-thread-1] INFO  segmented.SegmentedRaftLogWorker (SegmentedRaftLogWorker.java:<init>(172)) - new 3f221841-44d5-40c7-870c-302f94a11076-SegmentedRaftLogWorker:Storage Directory /workdir/hadoop-ozone/ozonefs/target/test-dir/MiniOzoneClusterImpl-9293621d-43c4-46ab-8c2c-7aa58a5f4982/datanode-0/data/ratis/37686f4c-b64b-4163-a8ff-12beba55405c for RaftStorage:Storage Directory /workdir/hadoop-ozone/ozonefs/target/test-dir/MiniOzoneClusterImpl-9293621d-43c4-46ab-8c2c-7aa58a5f4982/datanode-0/data/ratis/37686f4c-b64b-4163-a8ff-12beba55405c
2019-09-19 09:43:00,132 [pool-292-thread-1] INFO  server.RaftServerConfigKeys (ConfUtils.java:logGet(43)) - raft.server.log.queue.byte-limit = 2147483647 (custom)
2019-09-19 09:43:00,132 [pool-292-thread-1] INFO  server.RaftServerConfigKeys (ConfUtils.java:logGet(43)) - raft.server.log.queue.element-limit = 1024 (custom)
2019-09-19 09:43:00,132 [pool-292-thread-1] INFO  server.RaftServerConfigKeys (ConfUtils.java:logGet(43)) - raft.server.log.segment.size.max = 1048576 (custom)
2019-09-19 09:43:00,132 [pool-292-thread-1] INFO  server.RaftServerConfigKeys (ConfUtils.java:logGet(43)) - raft.server.log.preallocated.size = 16384 (custom)
2019-09-19 09:43:00,132 [pool-292-thread-1] INFO  server.RaftServerConfigKeys (ConfUtils.java:logGet(43)) - raft.server.log.write.buffer.size = 33554432 (custom)
2019-09-19 09:43:00,132 [pool-292-thread-1] INFO  server.RaftServerConfigKeys (ConfUtils.java:logGet(43)) - raft.server.log.force.sync.num = 128 (default)
2019-09-19 09:43:00,133 [pool-292-thread-1] INFO  server.RaftServerConfigKeys (ConfUtils.java:logGet(43)) - raft.server.log.statemachine.data.sync = true (default)
2019-09-19 09:43:00,133 [pool-292-thread-1] INFO  server.RaftServerConfigKeys (ConfUtils.java:logGet(43)) - raft.server.log.statemachine.data.sync.timeout = 10s (default)
2019-09-19 09:43:00,133 [pool-292-thread-1] INFO  server.RaftServerConfigKeys (ConfUtils.java:logGet(43)) - raft.server.log.statemachine.data.sync.timeout.retry = -1 (default)
2019-09-19 09:43:00,133 [pool-292-thread-1] INFO  server.RaftServerConfigKeys (ConfUtils.java:logGet(43)) - raft.server.log.statemachine.data.caching.enabled = true (custom)
2019-09-19 09:43:00,133 [pool-292-thread-1] INFO  segmented.SegmentedRaftLogWorker (SegmentedRaftLogWorker.java:lambda$new$0(132)) - 3f221841-44d5-40c7-870c-302f94a11076-SegmentedRaftLogWorker:Storage Directory /workdir/hadoop-ozone/ozonefs/target/test-dir/MiniOzoneClusterImpl-9293621d-43c4-46ab-8c2c-7aa58a5f4982/datanode-0/data/ratis/37686f4c-b64b-4163-a8ff-12beba55405c: flushIndex: setUnconditionally 0 -> -1
2019-09-19 09:43:00,133 [pool-292-thread-1] INFO  server.RaftServerConfigKeys (ConfUtils.java:logGet(43)) - raft.server.snapshot.auto.trigger.enabled = true (custom)
2019-09-19 09:43:00,134 [pool-292-thread-1] INFO  server.RaftServerConfigKeys (ConfUtils.java:logGet(43)) - raft.server.snapshot.auto.trigger.threshold = 10000 (custom)
2019-09-19 09:43:00,134 [pool-292-thread-1] INFO  server.RaftServerConfigKeys (ConfUtils.java:logGet(43)) - raft.server.retrycache.expirytime = 600000ms (custom)
2019-09-19 09:43:00,134 [pool-292-thread-1] INFO  impl.RaftServerImpl (RaftServerImpl.java:start(180)) - 3f221841-44d5-40c7-870c-302f94a11076: start group-12BEBA55405C
2019-09-19 09:43:00,134 [IPC Server handler 0 on 43347] INFO  net.NetworkTopology (NetworkTopologyImpl.java:add(110)) - Added a new node: /default-rack/debdeccb-c745-4902-a392-a731715abcbe
2019-09-19 09:43:00,134 [pool-292-thread-1] INFO  impl.RaftServerImpl (RaftServerImpl.java:setRole(171)) - 3f221841-44d5-40c7-870c-302f94a11076:group-12BEBA55405C changes role from null to FOLLOWER at term 0 for startAsFollower
2019-09-19 09:43:00,134 [IPC Server handler 0 on 43347] INFO  node.SCMNodeManager (SCMNodeManager.java:register(273)) - Registered Data node : debdeccb-c745-4902-a392-a731715abcbe{ip: 192.168.34.5, host: pr-hdds-1569-j4bt4-3030777008, networkLocation: /default-rack, certSerialId: null}
2019-09-19 09:43:00,134 [pool-292-thread-1] INFO  impl.RoleInfo (RoleInfo.java:updateAndGet(143)) - 3f221841-44d5-40c7-870c-302f94a11076: start FollowerState
2019-09-19 09:43:00,135 | INFO  | SCMAudit | user=jenkins1000 | ip=192.168.34.5 | op=REGISTER {datanodeDetails=debdeccb-c745-4902-a392-a731715abcbe{ip: 192.168.34.5, host: pr-hdds-1569-j4bt4-3030777008, networkLocation: /default-rack, certSerialId: null}} | ret=SUCCESS |  
2019-09-19 09:43:00,135 [pool-292-thread-1] INFO  util.JmxRegister (JmxRegister.java:tryRegister(44)) - Successfully registered JMX Bean with object name Ratis:service=RaftServer,group=group-12BEBA55405C,id=3f221841-44d5-40c7-870c-302f94a11076
2019-09-19 09:43:00,138 [RatisPipelineUtilsThread] INFO  pipeline.PipelineStateManager (PipelineStateManager.java:addPipeline(56)) - Created pipeline Pipeline[ Id: 37686f4c-b64b-4163-a8ff-12beba55405c, Nodes: 3f221841-44d5-40c7-870c-302f94a11076{ip: 192.168.34.5, host: pr-hdds-1569-j4bt4-3030777008, networkLocation: /default-rack, certSerialId: null}, Type:RATIS, Factor:ONE, State:OPEN]
2019-09-19 09:43:00,146 [grpc-default-executor-0] INFO  impl.RaftServerProxy (RaftServerProxy.java:addNew(89)) - debdeccb-c745-4902-a392-a731715abcbe: addNew group-734BA3A68A75:[debdeccb-c745-4902-a392-a731715abcbe:192.168.34.5:37881] returns group-734BA3A68A75:java.util.concurrent.CompletableFuture@348e6944[Not completed]
2019-09-19 09:43:00,147 [pool-303-thread-1] INFO  impl.RaftServerImpl (RaftServerImpl.java:<init>(93)) - debdeccb-c745-4902-a392-a731715abcbe: new RaftServerImpl for group-734BA3A68A75:[debdeccb-c745-4902-a392-a731715abcbe:192.168.34.5:37881] with ContainerStateMachine:uninitialized
2019-09-19 09:43:00,147 [pool-303-thread-1] INFO  server.RaftServerConfigKeys (ConfUtils.java:logGet(43)) - raft.server.rpc.timeout.min = 5s (custom)
2019-09-19 09:43:00,147 [pool-303-thread-1] INFO  server.RaftServerConfigKeys (ConfUtils.java:logGet(43)) - raft.server.rpc.timeout.max = 5200ms (custom)
2019-09-19 09:43:00,147 [pool-303-thread-1] INFO  server.RaftServerConfigKeys (ConfUtils.java:logGet(43)) - raft.server.rpcslowness.timeout = 120s (custom)
2019-09-19 09:43:00,147 [pool-303-thread-1] INFO  server.RaftServerConfigKeys (ConfUtils.java:logGet(43)) - raft.server.sleep.deviation.threshold = 300 (default)
2019-09-19 09:43:00,147 [pool-303-thread-1] INFO  server.RaftServerConfigKeys (ConfUtils.java:logGet(43)) - raft.server.log.appender.install.snapshot.enabled = false (custom)
2019-09-19 09:43:00,147 [pool-303-thread-1] INFO  impl.RaftServerImpl (ServerState.java:<init>(105)) - debdeccb-c745-4902-a392-a731715abcbe:group-734BA3A68A75 ConfigurationManager, init=-1: [debdeccb-c745-4902-a392-a731715abcbe:192.168.34.5:37881], old=null, confs=<EMPTY_MAP>
2019-09-19 09:43:00,148 [pool-303-thread-1] INFO  server.RaftServerConfigKeys (ConfUtils.java:logGet(43)) - raft.server.storage.dir = [/workdir/hadoop-ozone/ozonefs/target/test-dir/MiniOzoneClusterImpl-9293621d-43c4-46ab-8c2c-7aa58a5f4982/datanode-1/data/ratis] (custom)
2019-09-19 09:43:00,148 [pool-303-thread-1] INFO  storage.RaftStorageDirectory (RaftStorageDirectory.java:analyzeStorage(246)) - The storage directory /workdir/hadoop-ozone/ozonefs/target/test-dir/MiniOzoneClusterImpl-9293621d-43c4-46ab-8c2c-7aa58a5f4982/datanode-1/data/ratis/49e1a045-bf44-4e41-8bb7-734ba3a68a75 does not exist. Creating ...
2019-09-19 09:43:00,152 [pool-303-thread-1] INFO  storage.RaftStorageDirectory (RaftStorageDirectory.java:tryLock(328)) - Lock on /workdir/hadoop-ozone/ozonefs/target/test-dir/MiniOzoneClusterImpl-9293621d-43c4-46ab-8c2c-7aa58a5f4982/datanode-1/data/ratis/49e1a045-bf44-4e41-8bb7-734ba3a68a75/in_use.lock acquired by nodename 24695@pr-hdds-1569-j4bt4-3030777008
2019-09-19 09:43:00,156 [pool-303-thread-1] INFO  storage.RaftStorage (RaftStorage.java:format(72)) - Storage directory /workdir/hadoop-ozone/ozonefs/target/test-dir/MiniOzoneClusterImpl-9293621d-43c4-46ab-8c2c-7aa58a5f4982/datanode-1/data/ratis/49e1a045-bf44-4e41-8bb7-734ba3a68a75 has been successfully formatted.
2019-09-19 09:43:00,156 [pool-303-thread-1] INFO  ratis.ContainerStateMachine (ContainerStateMachine.java:loadSnapshot(226)) - group-734BA3A68A75: The snapshot info is null. Setting the last applied indexto:(t:0, i:~)
2019-09-19 09:43:00,156 [pool-303-thread-1] INFO  server.RaftServerConfigKeys (ConfUtils.java:logGet(43)) - raft.server.leader.election.timeout = 120s (custom)
2019-09-19 09:43:00,156 [pool-303-thread-1] INFO  server.RaftServerConfigKeys (ConfUtils.java:logGet(43)) - raft.server.log.use.memory = false (default)
2019-09-19 09:43:00,156 [pool-303-thread-1] INFO  server.RaftServerConfigKeys (ConfUtils.java:logGet(43)) - raft.server.log.purge.gap = 1000000 (custom)
2019-09-19 09:43:00,157 [pool-303-thread-1] INFO  server.RaftServerConfigKeys (ConfUtils.java:logGet(43)) - raft.server.log.appender.buffer.byte-limit = 33554432 (custom)
2019-09-19 09:43:00,157 [pool-303-thread-1] INFO  server.RaftServerConfigKeys (ConfUtils.java:logGet(43)) - raft.server.log.segment.size.max = 1048576 (custom)
2019-09-19 09:43:00,157 [pool-303-thread-1] INFO  server.RaftServerConfigKeys (ConfUtils.java:logGet(43)) - raft.server.log.segment.cache.num.max = 2 (custom)
2019-09-19 09:43:00,157 [pool-303-thread-1] INFO  segmented.SegmentedRaftLogWorker (SegmentedRaftLogWorker.java:<init>(172)) - new debdeccb-c745-4902-a392-a731715abcbe-SegmentedRaftLogWorker:Storage Directory /workdir/hadoop-ozone/ozonefs/target/test-dir/MiniOzoneClusterImpl-9293621d-43c4-46ab-8c2c-7aa58a5f4982/datanode-1/data/ratis/49e1a045-bf44-4e41-8bb7-734ba3a68a75 for RaftStorage:Storage Directory /workdir/hadoop-ozone/ozonefs/target/test-dir/MiniOzoneClusterImpl-9293621d-43c4-46ab-8c2c-7aa58a5f4982/datanode-1/data/ratis/49e1a045-bf44-4e41-8bb7-734ba3a68a75
2019-09-19 09:43:00,157 [pool-303-thread-1] INFO  server.RaftServerConfigKeys (ConfUtils.java:logGet(43)) - raft.server.log.queue.byte-limit = 2147483647 (custom)
2019-09-19 09:43:00,157 [pool-303-thread-1] INFO  server.RaftServerConfigKeys (ConfUtils.java:logGet(43)) - raft.server.log.queue.element-limit = 1024 (custom)
2019-09-19 09:43:00,157 [pool-303-thread-1] INFO  server.RaftServerConfigKeys (ConfUtils.java:logGet(43)) - raft.server.log.segment.size.max = 1048576 (custom)
2019-09-19 09:43:00,158 [pool-303-thread-1] INFO  server.RaftServerConfigKeys (ConfUtils.java:logGet(43)) - raft.server.log.preallocated.size = 16384 (custom)
2019-09-19 09:43:00,158 [pool-303-thread-1] INFO  server.RaftServerConfigKeys (ConfUtils.java:logGet(43)) - raft.server.log.write.buffer.size = 33554432 (custom)
2019-09-19 09:43:00,158 [pool-303-thread-1] INFO  server.RaftServerConfigKeys (ConfUtils.java:logGet(43)) - raft.server.log.force.sync.num = 128 (default)
2019-09-19 09:43:00,158 [pool-303-thread-1] INFO  server.RaftServerConfigKeys (ConfUtils.java:logGet(43)) - raft.server.log.statemachine.data.sync = true (default)
2019-09-19 09:43:00,158 [pool-303-thread-1] INFO  server.RaftServerConfigKeys (ConfUtils.java:logGet(43)) - raft.server.log.statemachine.data.sync.timeout = 10s (default)
2019-09-19 09:43:00,158 [pool-303-thread-1] INFO  server.RaftServerConfigKeys (ConfUtils.java:logGet(43)) - raft.server.log.statemachine.data.sync.timeout.retry = -1 (default)
2019-09-19 09:43:00,158 [pool-303-thread-1] INFO  server.RaftServerConfigKeys (ConfUtils.java:logGet(43)) - raft.server.log.statemachine.data.caching.enabled = true (custom)
2019-09-19 09:43:00,159 [pool-303-thread-1] INFO  segmented.SegmentedRaftLogWorker (SegmentedRaftLogWorker.java:lambda$new$0(132)) - debdeccb-c745-4902-a392-a731715abcbe-SegmentedRaftLogWorker:Storage Directory /workdir/hadoop-ozone/ozonefs/target/test-dir/MiniOzoneClusterImpl-9293621d-43c4-46ab-8c2c-7aa58a5f4982/datanode-1/data/ratis/49e1a045-bf44-4e41-8bb7-734ba3a68a75: flushIndex: setUnconditionally 0 -> -1
2019-09-19 09:43:00,159 [pool-303-thread-1] INFO  server.RaftServerConfigKeys (ConfUtils.java:logGet(43)) - raft.server.snapshot.auto.trigger.enabled = true (custom)
2019-09-19 09:43:00,159 [pool-303-thread-1] INFO  server.RaftServerConfigKeys (ConfUtils.java:logGet(43)) - raft.server.snapshot.auto.trigger.threshold = 10000 (custom)
2019-09-19 09:43:00,159 [pool-303-thread-1] INFO  server.RaftServerConfigKeys (ConfUtils.java:logGet(43)) - raft.server.retrycache.expirytime = 600000ms (custom)
2019-09-19 09:43:00,159 [pool-303-thread-1] INFO  impl.RaftServerImpl (RaftServerImpl.java:start(180)) - debdeccb-c745-4902-a392-a731715abcbe: start group-734BA3A68A75
2019-09-19 09:43:00,159 [pool-303-thread-1] INFO  impl.RaftServerImpl (RaftServerImpl.java:setRole(171)) - debdeccb-c745-4902-a392-a731715abcbe:group-734BA3A68A75 changes role from null to FOLLOWER at term 0 for startAsFollower
2019-09-19 09:43:00,159 [pool-303-thread-1] INFO  impl.RoleInfo (RoleInfo.java:updateAndGet(143)) - debdeccb-c745-4902-a392-a731715abcbe: start FollowerState
2019-09-19 09:43:00,160 [pool-303-thread-1] INFO  util.JmxRegister (JmxRegister.java:tryRegister(44)) - Successfully registered JMX Bean with object name Ratis:service=RaftServer,group=group-734BA3A68A75,id=debdeccb-c745-4902-a392-a731715abcbe
2019-09-19 09:43:00,162 [RatisPipelineUtilsThread] INFO  pipeline.PipelineStateManager (PipelineStateManager.java:addPipeline(56)) - Created pipeline Pipeline[ Id: 49e1a045-bf44-4e41-8bb7-734ba3a68a75, Nodes: debdeccb-c745-4902-a392-a731715abcbe{ip: 192.168.34.5, host: pr-hdds-1569-j4bt4-3030777008, networkLocation: /default-rack, certSerialId: null}, Type:RATIS, Factor:ONE, State:OPEN]
2019-09-19 09:43:00,168 [grpc-default-executor-0] INFO  impl.RaftServerProxy (RaftServerProxy.java:addNew(89)) - 3f221841-44d5-40c7-870c-302f94a11076: addNew group-0438A24BBBDF:[3f221841-44d5-40c7-870c-302f94a11076:192.168.34.5:38725] returns group-0438A24BBBDF:java.util.concurrent.CompletableFuture@6347b05d[Not completed]
2019-09-19 09:43:00,169 [pool-292-thread-1] INFO  impl.RaftServerImpl (RaftServerImpl.java:<init>(93)) - 3f221841-44d5-40c7-870c-302f94a11076: new RaftServerImpl for group-0438A24BBBDF:[3f221841-44d5-40c7-870c-302f94a11076:192.168.34.5:38725] with ContainerStateMachine:uninitialized
2019-09-19 09:43:00,169 [pool-292-thread-1] INFO  server.RaftServerConfigKeys (ConfUtils.java:logGet(43)) - raft.server.rpc.timeout.min = 5s (custom)
2019-09-19 09:43:00,169 [pool-292-thread-1] INFO  server.RaftServerConfigKeys (ConfUtils.java:logGet(43)) - raft.server.rpc.timeout.max = 5200ms (custom)
2019-09-19 09:43:00,169 [pool-292-thread-1] INFO  server.RaftServerConfigKeys (ConfUtils.java:logGet(43)) - raft.server.rpcslowness.timeout = 120s (custom)
2019-09-19 09:43:00,169 [pool-292-thread-1] INFO  server.RaftServerConfigKeys (ConfUtils.java:logGet(43)) - raft.server.sleep.deviation.threshold = 300 (default)
2019-09-19 09:43:00,169 [pool-292-thread-1] INFO  server.RaftServerConfigKeys (ConfUtils.java:logGet(43)) - raft.server.log.appender.install.snapshot.enabled = false (custom)
2019-09-19 09:43:00,169 [pool-292-thread-1] INFO  impl.RaftServerImpl (ServerState.java:<init>(105)) - 3f221841-44d5-40c7-870c-302f94a11076:group-0438A24BBBDF ConfigurationManager, init=-1: [3f221841-44d5-40c7-870c-302f94a11076:192.168.34.5:38725], old=null, confs=<EMPTY_MAP>
2019-09-19 09:43:00,169 [pool-292-thread-1] INFO  server.RaftServerConfigKeys (ConfUtils.java:logGet(43)) - raft.server.storage.dir = [/workdir/hadoop-ozone/ozonefs/target/test-dir/MiniOzoneClusterImpl-9293621d-43c4-46ab-8c2c-7aa58a5f4982/datanode-0/data/ratis] (custom)
2019-09-19 09:43:00,170 [pool-292-thread-1] INFO  storage.RaftStorageDirectory (RaftStorageDirectory.java:analyzeStorage(246)) - The storage directory /workdir/hadoop-ozone/ozonefs/target/test-dir/MiniOzoneClusterImpl-9293621d-43c4-46ab-8c2c-7aa58a5f4982/datanode-0/data/ratis/0a3e999f-d404-448f-9d81-0438a24bbbdf does not exist. Creating ...
2019-09-19 09:43:00,175 [pool-292-thread-1] INFO  storage.RaftStorageDirectory (RaftStorageDirectory.java:tryLock(328)) - Lock on /workdir/hadoop-ozone/ozonefs/target/test-dir/MiniOzoneClusterImpl-9293621d-43c4-46ab-8c2c-7aa58a5f4982/datanode-0/data/ratis/0a3e999f-d404-448f-9d81-0438a24bbbdf/in_use.lock acquired by nodename 24695@pr-hdds-1569-j4bt4-3030777008
2019-09-19 09:43:00,179 [pool-292-thread-1] INFO  storage.RaftStorage (RaftStorage.java:format(72)) - Storage directory /workdir/hadoop-ozone/ozonefs/target/test-dir/MiniOzoneClusterImpl-9293621d-43c4-46ab-8c2c-7aa58a5f4982/datanode-0/data/ratis/0a3e999f-d404-448f-9d81-0438a24bbbdf has been successfully formatted.
2019-09-19 09:43:00,179 [pool-292-thread-1] INFO  ratis.ContainerStateMachine (ContainerStateMachine.java:loadSnapshot(226)) - group-0438A24BBBDF: The snapshot info is null. Setting the last applied indexto:(t:0, i:~)
2019-09-19 09:43:00,179 [pool-292-thread-1] INFO  server.RaftServerConfigKeys (ConfUtils.java:logGet(43)) - raft.server.leader.election.timeout = 120s (custom)
2019-09-19 09:43:00,179 [pool-292-thread-1] INFO  server.RaftServerConfigKeys (ConfUtils.java:logGet(43)) - raft.server.log.use.memory = false (default)
2019-09-19 09:43:00,179 [pool-292-thread-1] INFO  server.RaftServerConfigKeys (ConfUtils.java:logGet(43)) - raft.server.log.purge.gap = 1000000 (custom)
2019-09-19 09:43:00,179 [pool-292-thread-1] INFO  server.RaftServerConfigKeys (ConfUtils.java:logGet(43)) - raft.server.log.appender.buffer.byte-limit = 33554432 (custom)
2019-09-19 09:43:00,179 [pool-292-thread-1] INFO  server.RaftServerConfigKeys (ConfUtils.java:logGet(43)) - raft.server.log.segment.size.max = 1048576 (custom)
2019-09-19 09:43:00,179 [pool-292-thread-1] INFO  server.RaftServerConfigKeys (ConfUtils.java:logGet(43)) - raft.server.log.segment.cache.num.max = 2 (custom)
2019-09-19 09:43:00,180 [pool-292-thread-1] INFO  segmented.SegmentedRaftLogWorker (SegmentedRaftLogWorker.java:<init>(172)) - new 3f221841-44d5-40c7-870c-302f94a11076-SegmentedRaftLogWorker:Storage Directory /workdir/hadoop-ozone/ozonefs/target/test-dir/MiniOzoneClusterImpl-9293621d-43c4-46ab-8c2c-7aa58a5f4982/datanode-0/data/ratis/0a3e999f-d404-448f-9d81-0438a24bbbdf for RaftStorage:Storage Directory /workdir/hadoop-ozone/ozonefs/target/test-dir/MiniOzoneClusterImpl-9293621d-43c4-46ab-8c2c-7aa58a5f4982/datanode-0/data/ratis/0a3e999f-d404-448f-9d81-0438a24bbbdf
2019-09-19 09:43:00,180 [pool-292-thread-1] INFO  server.RaftServerConfigKeys (ConfUtils.java:logGet(43)) - raft.server.log.queue.byte-limit = 2147483647 (custom)
2019-09-19 09:43:00,180 [pool-292-thread-1] INFO  server.RaftServerConfigKeys (ConfUtils.java:logGet(43)) - raft.server.log.queue.element-limit = 1024 (custom)
2019-09-19 09:43:00,180 [pool-292-thread-1] INFO  server.RaftServerConfigKeys (ConfUtils.java:logGet(43)) - raft.server.log.segment.size.max = 1048576 (custom)
2019-09-19 09:43:00,180 [pool-292-thread-1] INFO  server.RaftServerConfigKeys (ConfUtils.java:logGet(43)) - raft.server.log.preallocated.size = 16384 (custom)
2019-09-19 09:43:00,180 [pool-292-thread-1] INFO  server.RaftServerConfigKeys (ConfUtils.java:logGet(43)) - raft.server.log.write.buffer.size = 33554432 (custom)
2019-09-19 09:43:00,180 [pool-292-thread-1] INFO  server.RaftServerConfigKeys (ConfUtils.java:logGet(43)) - raft.server.log.force.sync.num = 128 (default)
2019-09-19 09:43:00,180 [pool-292-thread-1] INFO  server.RaftServerConfigKeys (ConfUtils.java:logGet(43)) - raft.server.log.statemachine.data.sync = true (default)
2019-09-19 09:43:00,180 [pool-292-thread-1] INFO  server.RaftServerConfigKeys (ConfUtils.java:logGet(43)) - raft.server.log.statemachine.data.sync.timeout = 10s (default)
2019-09-19 09:43:00,180 [pool-292-thread-1] INFO  server.RaftServerConfigKeys (ConfUtils.java:logGet(43)) - raft.server.log.statemachine.data.sync.timeout.retry = -1 (default)
2019-09-19 09:43:00,181 [pool-292-thread-1] INFO  server.RaftServerConfigKeys (ConfUtils.java:logGet(43)) - raft.server.log.statemachine.data.caching.enabled = true (custom)
2019-09-19 09:43:00,181 [pool-292-thread-1] INFO  segmented.SegmentedRaftLogWorker (SegmentedRaftLogWorker.java:lambda$new$0(132)) - 3f221841-44d5-40c7-870c-302f94a11076-SegmentedRaftLogWorker:Storage Directory /workdir/hadoop-ozone/ozonefs/target/test-dir/MiniOzoneClusterImpl-9293621d-43c4-46ab-8c2c-7aa58a5f4982/datanode-0/data/ratis/0a3e999f-d404-448f-9d81-0438a24bbbdf: flushIndex: setUnconditionally 0 -> -1
2019-09-19 09:43:00,181 [pool-292-thread-1] INFO  server.RaftServerConfigKeys (ConfUtils.java:logGet(43)) - raft.server.snapshot.auto.trigger.enabled = true (custom)
2019-09-19 09:43:00,181 [pool-292-thread-1] INFO  server.RaftServerConfigKeys (ConfUtils.java:logGet(43)) - raft.server.snapshot.auto.trigger.threshold = 10000 (custom)
2019-09-19 09:43:00,181 [pool-292-thread-1] INFO  server.RaftServerConfigKeys (ConfUtils.java:logGet(43)) - raft.server.retrycache.expirytime = 600000ms (custom)
2019-09-19 09:43:00,181 [pool-292-thread-1] INFO  impl.RaftServerImpl (RaftServerImpl.java:start(180)) - 3f221841-44d5-40c7-870c-302f94a11076: start group-0438A24BBBDF
2019-09-19 09:43:00,182 [pool-292-thread-1] INFO  impl.RaftServerImpl (RaftServerImpl.java:setRole(171)) - 3f221841-44d5-40c7-870c-302f94a11076:group-0438A24BBBDF changes role from null to FOLLOWER at term 0 for startAsFollower
2019-09-19 09:43:00,182 [pool-292-thread-1] INFO  impl.RoleInfo (RoleInfo.java:updateAndGet(143)) - 3f221841-44d5-40c7-870c-302f94a11076: start FollowerState
2019-09-19 09:43:00,182 [pool-292-thread-1] INFO  util.JmxRegister (JmxRegister.java:tryRegister(44)) - Successfully registered JMX Bean with object name Ratis:service=RaftServer,group=group-0438A24BBBDF,id=3f221841-44d5-40c7-870c-302f94a11076
2019-09-19 09:43:00,184 [RatisPipelineUtilsThread] INFO  pipeline.PipelineStateManager (PipelineStateManager.java:addPipeline(56)) - Created pipeline Pipeline[ Id: 0a3e999f-d404-448f-9d81-0438a24bbbdf, Nodes: 3f221841-44d5-40c7-870c-302f94a11076{ip: 192.168.34.5, host: pr-hdds-1569-j4bt4-3030777008, networkLocation: /default-rack, certSerialId: null}, Type:RATIS, Factor:ONE, State:OPEN]
2019-09-19 09:43:00,185 [RatisPipelineUtilsThread] ERROR pipeline.PipelinePlacementPolicy (PipelinePlacementPolicy.java:meetCriteria(91)) - Pipeline Placement: Doesn't meet the criteria to be viable node. Heaviness: 6
2019-09-19 09:43:00,189 [grpc-default-executor-0] INFO  impl.RaftServerProxy (RaftServerProxy.java:addNew(89)) - debdeccb-c745-4902-a392-a731715abcbe: addNew group-927B58009D20:[debdeccb-c745-4902-a392-a731715abcbe:192.168.34.5:37881] returns group-927B58009D20:java.util.concurrent.CompletableFuture@7e655a35[Not completed]
2019-09-19 09:43:00,190 [pool-303-thread-1] INFO  impl.RaftServerImpl (RaftServerImpl.java:<init>(93)) - debdeccb-c745-4902-a392-a731715abcbe: new RaftServerImpl for group-927B58009D20:[debdeccb-c745-4902-a392-a731715abcbe:192.168.34.5:37881] with ContainerStateMachine:uninitialized
2019-09-19 09:43:00,190 [pool-303-thread-1] INFO  server.RaftServerConfigKeys (ConfUtils.java:logGet(43)) - raft.server.rpc.timeout.min = 5s (custom)
2019-09-19 09:43:00,190 [pool-303-thread-1] INFO  server.RaftServerConfigKeys (ConfUtils.java:logGet(43)) - raft.server.rpc.timeout.max = 5200ms (custom)
2019-09-19 09:43:00,190 [pool-303-thread-1] INFO  server.RaftServerConfigKeys (ConfUtils.java:logGet(43)) - raft.server.rpcslowness.timeout = 120s (custom)
2019-09-19 09:43:00,190 [pool-303-thread-1] INFO  server.RaftServerConfigKeys (ConfUtils.java:logGet(43)) - raft.server.sleep.deviation.threshold = 300 (default)
2019-09-19 09:43:00,190 [pool-303-thread-1] INFO  server.RaftServerConfigKeys (ConfUtils.java:logGet(43)) - raft.server.log.appender.install.snapshot.enabled = false (custom)
2019-09-19 09:43:00,190 [pool-303-thread-1] INFO  impl.RaftServerImpl (ServerState.java:<init>(105)) - debdeccb-c745-4902-a392-a731715abcbe:group-927B58009D20 ConfigurationManager, init=-1: [debdeccb-c745-4902-a392-a731715abcbe:192.168.34.5:37881], old=null, confs=<EMPTY_MAP>
2019-09-19 09:43:00,191 [pool-303-thread-1] INFO  server.RaftServerConfigKeys (ConfUtils.java:logGet(43)) - raft.server.storage.dir = [/workdir/hadoop-ozone/ozonefs/target/test-dir/MiniOzoneClusterImpl-9293621d-43c4-46ab-8c2c-7aa58a5f4982/datanode-1/data/ratis] (custom)
2019-09-19 09:43:00,191 [pool-303-thread-1] INFO  storage.RaftStorageDirectory (RaftStorageDirectory.java:analyzeStorage(246)) - The storage directory /workdir/hadoop-ozone/ozonefs/target/test-dir/MiniOzoneClusterImpl-9293621d-43c4-46ab-8c2c-7aa58a5f4982/datanode-1/data/ratis/69b43616-4460-4742-8eb0-927b58009d20 does not exist. Creating ...
2019-09-19 09:43:00,194 [pool-303-thread-1] INFO  storage.RaftStorageDirectory (RaftStorageDirectory.java:tryLock(328)) - Lock on /workdir/hadoop-ozone/ozonefs/target/test-dir/MiniOzoneClusterImpl-9293621d-43c4-46ab-8c2c-7aa58a5f4982/datanode-1/data/ratis/69b43616-4460-4742-8eb0-927b58009d20/in_use.lock acquired by nodename 24695@pr-hdds-1569-j4bt4-3030777008
2019-09-19 09:43:00,198 [pool-303-thread-1] INFO  storage.RaftStorage (RaftStorage.java:format(72)) - Storage directory /workdir/hadoop-ozone/ozonefs/target/test-dir/MiniOzoneClusterImpl-9293621d-43c4-46ab-8c2c-7aa58a5f4982/datanode-1/data/ratis/69b43616-4460-4742-8eb0-927b58009d20 has been successfully formatted.
2019-09-19 09:43:00,198 [pool-303-thread-1] INFO  ratis.ContainerStateMachine (ContainerStateMachine.java:loadSnapshot(226)) - group-927B58009D20: The snapshot info is null. Setting the last applied indexto:(t:0, i:~)
2019-09-19 09:43:00,198 [pool-303-thread-1] INFO  server.RaftServerConfigKeys (ConfUtils.java:logGet(43)) - raft.server.leader.election.timeout = 120s (custom)
2019-09-19 09:43:00,198 [pool-303-thread-1] INFO  server.RaftServerConfigKeys (ConfUtils.java:logGet(43)) - raft.server.log.use.memory = false (default)
2019-09-19 09:43:00,198 [pool-303-thread-1] INFO  server.RaftServerConfigKeys (ConfUtils.java:logGet(43)) - raft.server.log.purge.gap = 1000000 (custom)
2019-09-19 09:43:00,198 [pool-303-thread-1] INFO  server.RaftServerConfigKeys (ConfUtils.java:logGet(43)) - raft.server.log.appender.buffer.byte-limit = 33554432 (custom)
2019-09-19 09:43:00,198 [pool-303-thread-1] INFO  server.RaftServerConfigKeys (ConfUtils.java:logGet(43)) - raft.server.log.segment.size.max = 1048576 (custom)
2019-09-19 09:43:00,198 [pool-303-thread-1] INFO  server.RaftServerConfigKeys (ConfUtils.java:logGet(43)) - raft.server.log.segment.cache.num.max = 2 (custom)
2019-09-19 09:43:00,198 [pool-303-thread-1] INFO  segmented.SegmentedRaftLogWorker (SegmentedRaftLogWorker.java:<init>(172)) - new debdeccb-c745-4902-a392-a731715abcbe-SegmentedRaftLogWorker:Storage Directory /workdir/hadoop-ozone/ozonefs/target/test-dir/MiniOzoneClusterImpl-9293621d-43c4-46ab-8c2c-7aa58a5f4982/datanode-1/data/ratis/69b43616-4460-4742-8eb0-927b58009d20 for RaftStorage:Storage Directory /workdir/hadoop-ozone/ozonefs/target/test-dir/MiniOzoneClusterImpl-9293621d-43c4-46ab-8c2c-7aa58a5f4982/datanode-1/data/ratis/69b43616-4460-4742-8eb0-927b58009d20
2019-09-19 09:43:00,199 [pool-303-thread-1] INFO  server.RaftServerConfigKeys (ConfUtils.java:logGet(43)) - raft.server.log.queue.byte-limit = 2147483647 (custom)
2019-09-19 09:43:00,199 [pool-303-thread-1] INFO  server.RaftServerConfigKeys (ConfUtils.java:logGet(43)) - raft.server.log.queue.element-limit = 1024 (custom)
2019-09-19 09:43:00,199 [pool-303-thread-1] INFO  server.RaftServerConfigKeys (ConfUtils.java:logGet(43)) - raft.server.log.segment.size.max = 1048576 (custom)
2019-09-19 09:43:00,199 [pool-303-thread-1] INFO  server.RaftServerConfigKeys (ConfUtils.java:logGet(43)) - raft.server.log.preallocated.size = 16384 (custom)
2019-09-19 09:43:00,199 [pool-303-thread-1] INFO  server.RaftServerConfigKeys (ConfUtils.java:logGet(43)) - raft.server.log.write.buffer.size = 33554432 (custom)
2019-09-19 09:43:00,199 [pool-303-thread-1] INFO  server.RaftServerConfigKeys (ConfUtils.java:logGet(43)) - raft.server.log.force.sync.num = 128 (default)
2019-09-19 09:43:00,199 [pool-303-thread-1] INFO  server.RaftServerConfigKeys (ConfUtils.java:logGet(43)) - raft.server.log.statemachine.data.sync = true (default)
2019-09-19 09:43:00,199 [pool-303-thread-1] INFO  server.RaftServerConfigKeys (ConfUtils.java:logGet(43)) - raft.server.log.statemachine.data.sync.timeout = 10s (default)
2019-09-19 09:43:00,199 [pool-303-thread-1] INFO  server.RaftServerConfigKeys (ConfUtils.java:logGet(43)) - raft.server.log.statemachine.data.sync.timeout.retry = -1 (default)
2019-09-19 09:43:00,199 [pool-303-thread-1] INFO  server.RaftServerConfigKeys (ConfUtils.java:logGet(43)) - raft.server.log.statemachine.data.caching.enabled = true (custom)
2019-09-19 09:43:00,200 [pool-303-thread-1] INFO  segmented.SegmentedRaftLogWorker (SegmentedRaftLogWorker.java:lambda$new$0(132)) - debdeccb-c745-4902-a392-a731715abcbe-SegmentedRaftLogWorker:Storage Directory /workdir/hadoop-ozone/ozonefs/target/test-dir/MiniOzoneClusterImpl-9293621d-43c4-46ab-8c2c-7aa58a5f4982/datanode-1/data/ratis/69b43616-4460-4742-8eb0-927b58009d20: flushIndex: setUnconditionally 0 -> -1
2019-09-19 09:43:00,200 [pool-303-thread-1] INFO  server.RaftServerConfigKeys (ConfUtils.java:logGet(43)) - raft.server.snapshot.auto.trigger.enabled = true (custom)
2019-09-19 09:43:00,200 [pool-303-thread-1] INFO  server.RaftServerConfigKeys (ConfUtils.java:logGet(43)) - raft.server.snapshot.auto.trigger.threshold = 10000 (custom)
2019-09-19 09:43:00,200 [pool-303-thread-1] INFO  server.RaftServerConfigKeys (ConfUtils.java:logGet(43)) - raft.server.retrycache.expirytime = 600000ms (custom)
2019-09-19 09:43:00,200 [pool-303-thread-1] INFO  impl.RaftServerImpl (RaftServerImpl.java:start(180)) - debdeccb-c745-4902-a392-a731715abcbe: start group-927B58009D20
2019-09-19 09:43:00,200 [pool-303-thread-1] INFO  impl.RaftServerImpl (RaftServerImpl.java:setRole(171)) - debdeccb-c745-4902-a392-a731715abcbe:group-927B58009D20 changes role from null to FOLLOWER at term 0 for startAsFollower
2019-09-19 09:43:00,200 [pool-303-thread-1] INFO  impl.RoleInfo (RoleInfo.java:updateAndGet(143)) - debdeccb-c745-4902-a392-a731715abcbe: start FollowerState
2019-09-19 09:43:00,201 [pool-303-thread-1] INFO  util.JmxRegister (JmxRegister.java:tryRegister(44)) - Successfully registered JMX Bean with object name Ratis:service=RaftServer,group=group-927B58009D20,id=debdeccb-c745-4902-a392-a731715abcbe
2019-09-19 09:43:00,203 [RatisPipelineUtilsThread] INFO  pipeline.PipelineStateManager (PipelineStateManager.java:addPipeline(56)) - Created pipeline Pipeline[ Id: 69b43616-4460-4742-8eb0-927b58009d20, Nodes: debdeccb-c745-4902-a392-a731715abcbe{ip: 192.168.34.5, host: pr-hdds-1569-j4bt4-3030777008, networkLocation: /default-rack, certSerialId: null}, Type:RATIS, Factor:ONE, State:OPEN]
2019-09-19 09:43:00,203 [RatisPipelineUtilsThread] ERROR pipeline.PipelinePlacementPolicy (PipelinePlacementPolicy.java:meetCriteria(91)) - Pipeline Placement: Doesn't meet the criteria to be viable node. Heaviness: 6
2019-09-19 09:43:00,207 [grpc-default-executor-0] INFO  impl.RaftServerProxy (RaftServerProxy.java:addNew(89)) - debdeccb-c745-4902-a392-a731715abcbe: addNew group-1BCB0BA25307:[debdeccb-c745-4902-a392-a731715abcbe:192.168.34.5:37881] returns group-1BCB0BA25307:java.util.concurrent.CompletableFuture@2ae35f19[Not completed]
2019-09-19 09:43:00,208 [pool-303-thread-1] INFO  impl.RaftServerImpl (RaftServerImpl.java:<init>(93)) - debdeccb-c745-4902-a392-a731715abcbe: new RaftServerImpl for group-1BCB0BA25307:[debdeccb-c745-4902-a392-a731715abcbe:192.168.34.5:37881] with ContainerStateMachine:uninitialized
2019-09-19 09:43:00,208 [pool-303-thread-1] INFO  server.RaftServerConfigKeys (ConfUtils.java:logGet(43)) - raft.server.rpc.timeout.min = 5s (custom)
2019-09-19 09:43:00,208 [pool-303-thread-1] INFO  server.RaftServerConfigKeys (ConfUtils.java:logGet(43)) - raft.server.rpc.timeout.max = 5200ms (custom)
2019-09-19 09:43:00,209 [pool-303-thread-1] INFO  server.RaftServerConfigKeys (ConfUtils.java:logGet(43)) - raft.server.rpcslowness.timeout = 120s (custom)
2019-09-19 09:43:00,209 [pool-303-thread-1] INFO  server.RaftServerConfigKeys (ConfUtils.java:logGet(43)) - raft.server.sleep.deviation.threshold = 300 (default)
2019-09-19 09:43:00,209 [pool-303-thread-1] INFO  server.RaftServerConfigKeys (ConfUtils.java:logGet(43)) - raft.server.log.appender.install.snapshot.enabled = false (custom)
2019-09-19 09:43:00,209 [pool-303-thread-1] INFO  impl.RaftServerImpl (ServerState.java:<init>(105)) - debdeccb-c745-4902-a392-a731715abcbe:group-1BCB0BA25307 ConfigurationManager, init=-1: [debdeccb-c745-4902-a392-a731715abcbe:192.168.34.5:37881], old=null, confs=<EMPTY_MAP>
2019-09-19 09:43:00,209 [pool-303-thread-1] INFO  server.RaftServerConfigKeys (ConfUtils.java:logGet(43)) - raft.server.storage.dir = [/workdir/hadoop-ozone/ozonefs/target/test-dir/MiniOzoneClusterImpl-9293621d-43c4-46ab-8c2c-7aa58a5f4982/datanode-1/data/ratis] (custom)
2019-09-19 09:43:00,209 [pool-303-thread-1] INFO  storage.RaftStorageDirectory (RaftStorageDirectory.java:analyzeStorage(246)) - The storage directory /workdir/hadoop-ozone/ozonefs/target/test-dir/MiniOzoneClusterImpl-9293621d-43c4-46ab-8c2c-7aa58a5f4982/datanode-1/data/ratis/7401ca41-202c-4222-85d7-1bcb0ba25307 does not exist. Creating ...
2019-09-19 09:43:00,213 [pool-303-thread-1] INFO  storage.RaftStorageDirectory (RaftStorageDirectory.java:tryLock(328)) - Lock on /workdir/hadoop-ozone/ozonefs/target/test-dir/MiniOzoneClusterImpl-9293621d-43c4-46ab-8c2c-7aa58a5f4982/datanode-1/data/ratis/7401ca41-202c-4222-85d7-1bcb0ba25307/in_use.lock acquired by nodename 24695@pr-hdds-1569-j4bt4-3030777008
2019-09-19 09:43:00,217 [pool-303-thread-1] INFO  storage.RaftStorage (RaftStorage.java:format(72)) - Storage directory /workdir/hadoop-ozone/ozonefs/target/test-dir/MiniOzoneClusterImpl-9293621d-43c4-46ab-8c2c-7aa58a5f4982/datanode-1/data/ratis/7401ca41-202c-4222-85d7-1bcb0ba25307 has been successfully formatted.
2019-09-19 09:43:00,217 [pool-303-thread-1] INFO  ratis.ContainerStateMachine (ContainerStateMachine.java:loadSnapshot(226)) - group-1BCB0BA25307: The snapshot info is null. Setting the last applied indexto:(t:0, i:~)
2019-09-19 09:43:00,217 [pool-303-thread-1] INFO  server.RaftServerConfigKeys (ConfUtils.java:logGet(43)) - raft.server.leader.election.timeout = 120s (custom)
2019-09-19 09:43:00,217 [pool-303-thread-1] INFO  server.RaftServerConfigKeys (ConfUtils.java:logGet(43)) - raft.server.log.use.memory = false (default)
2019-09-19 09:43:00,217 [pool-303-thread-1] INFO  server.RaftServerConfigKeys (ConfUtils.java:logGet(43)) - raft.server.log.purge.gap = 1000000 (custom)
2019-09-19 09:43:00,218 [pool-303-thread-1] INFO  server.RaftServerConfigKeys (ConfUtils.java:logGet(43)) - raft.server.log.appender.buffer.byte-limit = 33554432 (custom)
2019-09-19 09:43:00,218 [pool-303-thread-1] INFO  server.RaftServerConfigKeys (ConfUtils.java:logGet(43)) - raft.server.log.segment.size.max = 1048576 (custom)
2019-09-19 09:43:00,218 [pool-303-thread-1] INFO  server.RaftServerConfigKeys (ConfUtils.java:logGet(43)) - raft.server.log.segment.cache.num.max = 2 (custom)
2019-09-19 09:43:00,218 [pool-303-thread-1] INFO  segmented.SegmentedRaftLogWorker (SegmentedRaftLogWorker.java:<init>(172)) - new debdeccb-c745-4902-a392-a731715abcbe-SegmentedRaftLogWorker:Storage Directory /workdir/hadoop-ozone/ozonefs/target/test-dir/MiniOzoneClusterImpl-9293621d-43c4-46ab-8c2c-7aa58a5f4982/datanode-1/data/ratis/7401ca41-202c-4222-85d7-1bcb0ba25307 for RaftStorage:Storage Directory /workdir/hadoop-ozone/ozonefs/target/test-dir/MiniOzoneClusterImpl-9293621d-43c4-46ab-8c2c-7aa58a5f4982/datanode-1/data/ratis/7401ca41-202c-4222-85d7-1bcb0ba25307
2019-09-19 09:43:00,218 [pool-303-thread-1] INFO  server.RaftServerConfigKeys (ConfUtils.java:logGet(43)) - raft.server.log.queue.byte-limit = 2147483647 (custom)
2019-09-19 09:43:00,218 [pool-303-thread-1] INFO  server.RaftServerConfigKeys (ConfUtils.java:logGet(43)) - raft.server.log.queue.element-limit = 1024 (custom)
2019-09-19 09:43:00,218 [pool-303-thread-1] INFO  server.RaftServerConfigKeys (ConfUtils.java:logGet(43)) - raft.server.log.segment.size.max = 1048576 (custom)
2019-09-19 09:43:00,218 [pool-303-thread-1] INFO  server.RaftServerConfigKeys (ConfUtils.java:logGet(43)) - raft.server.log.preallocated.size = 16384 (custom)
2019-09-19 09:43:00,218 [pool-303-thread-1] INFO  server.RaftServerConfigKeys (ConfUtils.java:logGet(43)) - raft.server.log.write.buffer.size = 33554432 (custom)
2019-09-19 09:43:00,218 [pool-303-thread-1] INFO  server.RaftServerConfigKeys (ConfUtils.java:logGet(43)) - raft.server.log.force.sync.num = 128 (default)
2019-09-19 09:43:00,219 [pool-303-thread-1] INFO  server.RaftServerConfigKeys (ConfUtils.java:logGet(43)) - raft.server.log.statemachine.data.sync = true (default)
2019-09-19 09:43:00,219 [pool-303-thread-1] INFO  server.RaftServerConfigKeys (ConfUtils.java:logGet(43)) - raft.server.log.statemachine.data.sync.timeout = 10s (default)
2019-09-19 09:43:00,219 [pool-303-thread-1] INFO  server.RaftServerConfigKeys (ConfUtils.java:logGet(43)) - raft.server.log.statemachine.data.sync.timeout.retry = -1 (default)
2019-09-19 09:43:00,219 [pool-303-thread-1] INFO  server.RaftServerConfigKeys (ConfUtils.java:logGet(43)) - raft.server.log.statemachine.data.caching.enabled = true (custom)
2019-09-19 09:43:00,219 [pool-303-thread-1] INFO  segmented.SegmentedRaftLogWorker (SegmentedRaftLogWorker.java:lambda$new$0(132)) - debdeccb-c745-4902-a392-a731715abcbe-SegmentedRaftLogWorker:Storage Directory /workdir/hadoop-ozone/ozonefs/target/test-dir/MiniOzoneClusterImpl-9293621d-43c4-46ab-8c2c-7aa58a5f4982/datanode-1/data/ratis/7401ca41-202c-4222-85d7-1bcb0ba25307: flushIndex: setUnconditionally 0 -> -1
2019-09-19 09:43:00,219 [pool-303-thread-1] INFO  server.RaftServerConfigKeys (ConfUtils.java:logGet(43)) - raft.server.snapshot.auto.trigger.enabled = true (custom)
2019-09-19 09:43:00,219 [pool-303-thread-1] INFO  server.RaftServerConfigKeys (ConfUtils.java:logGet(43)) - raft.server.snapshot.auto.trigger.threshold = 10000 (custom)
2019-09-19 09:43:00,219 [pool-303-thread-1] INFO  server.RaftServerConfigKeys (ConfUtils.java:logGet(43)) - raft.server.retrycache.expirytime = 600000ms (custom)
2019-09-19 09:43:00,220 [pool-303-thread-1] INFO  impl.RaftServerImpl (RaftServerImpl.java:start(180)) - debdeccb-c745-4902-a392-a731715abcbe: start group-1BCB0BA25307
2019-09-19 09:43:00,220 [pool-303-thread-1] INFO  impl.RaftServerImpl (RaftServerImpl.java:setRole(171)) - debdeccb-c745-4902-a392-a731715abcbe:group-1BCB0BA25307 changes role from null to FOLLOWER at term 0 for startAsFollower
2019-09-19 09:43:00,220 [pool-303-thread-1] INFO  impl.RoleInfo (RoleInfo.java:updateAndGet(143)) - debdeccb-c745-4902-a392-a731715abcbe: start FollowerState
2019-09-19 09:43:00,220 [pool-303-thread-1] INFO  util.JmxRegister (JmxRegister.java:tryRegister(44)) - Successfully registered JMX Bean with object name Ratis:service=RaftServer,group=group-1BCB0BA25307,id=debdeccb-c745-4902-a392-a731715abcbe
2019-09-19 09:43:00,222 [RatisPipelineUtilsThread] INFO  pipeline.PipelineStateManager (PipelineStateManager.java:addPipeline(56)) - Created pipeline Pipeline[ Id: 7401ca41-202c-4222-85d7-1bcb0ba25307, Nodes: debdeccb-c745-4902-a392-a731715abcbe{ip: 192.168.34.5, host: pr-hdds-1569-j4bt4-3030777008, networkLocation: /default-rack, certSerialId: null}, Type:RATIS, Factor:ONE, State:OPEN]
2019-09-19 09:43:00,223 [RatisPipelineUtilsThread] ERROR pipeline.PipelinePlacementPolicy (PipelinePlacementPolicy.java:meetCriteria(91)) - Pipeline Placement: Doesn't meet the criteria to be viable node. Heaviness: 6
2019-09-19 09:43:00,227 [grpc-default-executor-0] INFO  impl.RaftServerProxy (RaftServerProxy.java:addNew(89)) - debdeccb-c745-4902-a392-a731715abcbe: addNew group-29C463BDC041:[debdeccb-c745-4902-a392-a731715abcbe:192.168.34.5:37881] returns group-29C463BDC041:java.util.concurrent.CompletableFuture@716a8ec7[Not completed]
2019-09-19 09:43:00,228 [pool-303-thread-1] INFO  impl.RaftServerImpl (RaftServerImpl.java:<init>(93)) - debdeccb-c745-4902-a392-a731715abcbe: new RaftServerImpl for group-29C463BDC041:[debdeccb-c745-4902-a392-a731715abcbe:192.168.34.5:37881] with ContainerStateMachine:uninitialized
2019-09-19 09:43:00,228 [pool-303-thread-1] INFO  server.RaftServerConfigKeys (ConfUtils.java:logGet(43)) - raft.server.rpc.timeout.min = 5s (custom)
2019-09-19 09:43:00,228 [pool-303-thread-1] INFO  server.RaftServerConfigKeys (ConfUtils.java:logGet(43)) - raft.server.rpc.timeout.max = 5200ms (custom)
2019-09-19 09:43:00,228 [pool-303-thread-1] INFO  server.RaftServerConfigKeys (ConfUtils.java:logGet(43)) - raft.server.rpcslowness.timeout = 120s (custom)
2019-09-19 09:43:00,228 [pool-303-thread-1] INFO  server.RaftServerConfigKeys (ConfUtils.java:logGet(43)) - raft.server.sleep.deviation.threshold = 300 (default)
2019-09-19 09:43:00,228 [pool-303-thread-1] INFO  server.RaftServerConfigKeys (ConfUtils.java:logGet(43)) - raft.server.log.appender.install.snapshot.enabled = false (custom)
2019-09-19 09:43:00,228 [pool-303-thread-1] INFO  impl.RaftServerImpl (ServerState.java:<init>(105)) - debdeccb-c745-4902-a392-a731715abcbe:group-29C463BDC041 ConfigurationManager, init=-1: [debdeccb-c745-4902-a392-a731715abcbe:192.168.34.5:37881], old=null, confs=<EMPTY_MAP>
2019-09-19 09:43:00,228 [pool-303-thread-1] INFO  server.RaftServerConfigKeys (ConfUtils.java:logGet(43)) - raft.server.storage.dir = [/workdir/hadoop-ozone/ozonefs/target/test-dir/MiniOzoneClusterImpl-9293621d-43c4-46ab-8c2c-7aa58a5f4982/datanode-1/data/ratis] (custom)
2019-09-19 09:43:00,228 [pool-303-thread-1] INFO  storage.RaftStorageDirectory (RaftStorageDirectory.java:analyzeStorage(246)) - The storage directory /workdir/hadoop-ozone/ozonefs/target/test-dir/MiniOzoneClusterImpl-9293621d-43c4-46ab-8c2c-7aa58a5f4982/datanode-1/data/ratis/6407f46d-fa93-4120-b192-29c463bdc041 does not exist. Creating ...
2019-09-19 09:43:00,233 [pool-303-thread-1] INFO  storage.RaftStorageDirectory (RaftStorageDirectory.java:tryLock(328)) - Lock on /workdir/hadoop-ozone/ozonefs/target/test-dir/MiniOzoneClusterImpl-9293621d-43c4-46ab-8c2c-7aa58a5f4982/datanode-1/data/ratis/6407f46d-fa93-4120-b192-29c463bdc041/in_use.lock acquired by nodename 24695@pr-hdds-1569-j4bt4-3030777008
2019-09-19 09:43:00,270 [pool-303-thread-1] INFO  storage.RaftStorage (RaftStorage.java:format(72)) - Storage directory /workdir/hadoop-ozone/ozonefs/target/test-dir/MiniOzoneClusterImpl-9293621d-43c4-46ab-8c2c-7aa58a5f4982/datanode-1/data/ratis/6407f46d-fa93-4120-b192-29c463bdc041 has been successfully formatted.
2019-09-19 09:43:00,270 [pool-303-thread-1] INFO  ratis.ContainerStateMachine (ContainerStateMachine.java:loadSnapshot(226)) - group-29C463BDC041: The snapshot info is null. Setting the last applied indexto:(t:0, i:~)
2019-09-19 09:43:00,271 [pool-303-thread-1] INFO  server.RaftServerConfigKeys (ConfUtils.java:logGet(43)) - raft.server.leader.election.timeout = 120s (custom)
2019-09-19 09:43:00,271 [pool-303-thread-1] INFO  server.RaftServerConfigKeys (ConfUtils.java:logGet(43)) - raft.server.log.use.memory = false (default)
2019-09-19 09:43:00,271 [pool-303-thread-1] INFO  server.RaftServerConfigKeys (ConfUtils.java:logGet(43)) - raft.server.log.purge.gap = 1000000 (custom)
2019-09-19 09:43:00,271 [pool-303-thread-1] INFO  server.RaftServerConfigKeys (ConfUtils.java:logGet(43)) - raft.server.log.appender.buffer.byte-limit = 33554432 (custom)
2019-09-19 09:43:00,271 [pool-303-thread-1] INFO  server.RaftServerConfigKeys (ConfUtils.java:logGet(43)) - raft.server.log.segment.size.max = 1048576 (custom)
2019-09-19 09:43:00,271 [pool-303-thread-1] INFO  server.RaftServerConfigKeys (ConfUtils.java:logGet(43)) - raft.server.log.segment.cache.num.max = 2 (custom)
2019-09-19 09:43:00,272 [pool-303-thread-1] INFO  segmented.SegmentedRaftLogWorker (SegmentedRaftLogWorker.java:<init>(172)) - new debdeccb-c745-4902-a392-a731715abcbe-SegmentedRaftLogWorker:Storage Directory /workdir/hadoop-ozone/ozonefs/target/test-dir/MiniOzoneClusterImpl-9293621d-43c4-46ab-8c2c-7aa58a5f4982/datanode-1/data/ratis/6407f46d-fa93-4120-b192-29c463bdc041 for RaftStorage:Storage Directory /workdir/hadoop-ozone/ozonefs/target/test-dir/MiniOzoneClusterImpl-9293621d-43c4-46ab-8c2c-7aa58a5f4982/datanode-1/data/ratis/6407f46d-fa93-4120-b192-29c463bdc041
2019-09-19 09:43:00,272 [pool-303-thread-1] INFO  server.RaftServerConfigKeys (ConfUtils.java:logGet(43)) - raft.server.log.queue.byte-limit = 2147483647 (custom)
2019-09-19 09:43:00,272 [pool-303-thread-1] INFO  server.RaftServerConfigKeys (ConfUtils.java:logGet(43)) - raft.server.log.queue.element-limit = 1024 (custom)
2019-09-19 09:43:00,272 [pool-303-thread-1] INFO  server.RaftServerConfigKeys (ConfUtils.java:logGet(43)) - raft.server.log.segment.size.max = 1048576 (custom)
2019-09-19 09:43:00,272 [pool-303-thread-1] INFO  server.RaftServerConfigKeys (ConfUtils.java:logGet(43)) - raft.server.log.preallocated.size = 16384 (custom)
2019-09-19 09:43:00,272 [pool-303-thread-1] INFO  server.RaftServerConfigKeys (ConfUtils.java:logGet(43)) - raft.server.log.write.buffer.size = 33554432 (custom)
2019-09-19 09:43:00,273 [pool-303-thread-1] INFO  server.RaftServerConfigKeys (ConfUtils.java:logGet(43)) - raft.server.log.force.sync.num = 128 (default)
2019-09-19 09:43:00,273 [pool-303-thread-1] INFO  server.RaftServerConfigKeys (ConfUtils.java:logGet(43)) - raft.server.log.statemachine.data.sync = true (default)
2019-09-19 09:43:00,273 [pool-303-thread-1] INFO  server.RaftServerConfigKeys (ConfUtils.java:logGet(43)) - raft.server.log.statemachine.data.sync.timeout = 10s (default)
2019-09-19 09:43:00,273 [pool-303-thread-1] INFO  server.RaftServerConfigKeys (ConfUtils.java:logGet(43)) - raft.server.log.statemachine.data.sync.timeout.retry = -1 (default)
2019-09-19 09:43:00,273 [pool-303-thread-1] INFO  server.RaftServerConfigKeys (ConfUtils.java:logGet(43)) - raft.server.log.statemachine.data.caching.enabled = true (custom)
2019-09-19 09:43:00,274 [pool-303-thread-1] INFO  segmented.SegmentedRaftLogWorker (SegmentedRaftLogWorker.java:lambda$new$0(132)) - debdeccb-c745-4902-a392-a731715abcbe-SegmentedRaftLogWorker:Storage Directory /workdir/hadoop-ozone/ozonefs/target/test-dir/MiniOzoneClusterImpl-9293621d-43c4-46ab-8c2c-7aa58a5f4982/datanode-1/data/ratis/6407f46d-fa93-4120-b192-29c463bdc041: flushIndex: setUnconditionally 0 -> -1
2019-09-19 09:43:00,274 [pool-303-thread-1] INFO  server.RaftServerConfigKeys (ConfUtils.java:logGet(43)) - raft.server.snapshot.auto.trigger.enabled = true (custom)
2019-09-19 09:43:00,274 [pool-303-thread-1] INFO  server.RaftServerConfigKeys (ConfUtils.java:logGet(43)) - raft.server.snapshot.auto.trigger.threshold = 10000 (custom)
2019-09-19 09:43:00,274 [pool-303-thread-1] INFO  server.RaftServerConfigKeys (ConfUtils.java:logGet(43)) - raft.server.retrycache.expirytime = 600000ms (custom)
2019-09-19 09:43:00,274 [pool-303-thread-1] INFO  impl.RaftServerImpl (RaftServerImpl.java:start(180)) - debdeccb-c745-4902-a392-a731715abcbe: start group-29C463BDC041
2019-09-19 09:43:00,275 [pool-303-thread-1] INFO  impl.RaftServerImpl (RaftServerImpl.java:setRole(171)) - debdeccb-c745-4902-a392-a731715abcbe:group-29C463BDC041 changes role from null to FOLLOWER at term 0 for startAsFollower
2019-09-19 09:43:00,275 [pool-303-thread-1] INFO  impl.RoleInfo (RoleInfo.java:updateAndGet(143)) - debdeccb-c745-4902-a392-a731715abcbe: start FollowerState
2019-09-19 09:43:00,275 [pool-303-thread-1] INFO  util.JmxRegister (JmxRegister.java:tryRegister(44)) - Successfully registered JMX Bean with object name Ratis:service=RaftServer,group=group-29C463BDC041,id=debdeccb-c745-4902-a392-a731715abcbe
2019-09-19 09:43:00,278 [RatisPipelineUtilsThread] INFO  pipeline.PipelineStateManager (PipelineStateManager.java:addPipeline(56)) - Created pipeline Pipeline[ Id: 6407f46d-fa93-4120-b192-29c463bdc041, Nodes: debdeccb-c745-4902-a392-a731715abcbe{ip: 192.168.34.5, host: pr-hdds-1569-j4bt4-3030777008, networkLocation: /default-rack, certSerialId: null}, Type:RATIS, Factor:ONE, State:OPEN]
2019-09-19 09:43:00,278 [RatisPipelineUtilsThread] ERROR pipeline.PipelinePlacementPolicy (PipelinePlacementPolicy.java:meetCriteria(91)) - Pipeline Placement: Doesn't meet the criteria to be viable node. Heaviness: 6
2019-09-19 09:43:00,283 [grpc-default-executor-0] INFO  impl.RaftServerProxy (RaftServerProxy.java:addNew(89)) - debdeccb-c745-4902-a392-a731715abcbe: addNew group-20337EFC1C87:[debdeccb-c745-4902-a392-a731715abcbe:192.168.34.5:37881] returns group-20337EFC1C87:java.util.concurrent.CompletableFuture@73ef5c5b[Not completed]
2019-09-19 09:43:00,285 [pool-303-thread-1] INFO  impl.RaftServerImpl (RaftServerImpl.java:<init>(93)) - debdeccb-c745-4902-a392-a731715abcbe: new RaftServerImpl for group-20337EFC1C87:[debdeccb-c745-4902-a392-a731715abcbe:192.168.34.5:37881] with ContainerStateMachine:uninitialized
2019-09-19 09:43:00,285 [pool-303-thread-1] INFO  server.RaftServerConfigKeys (ConfUtils.java:logGet(43)) - raft.server.rpc.timeout.min = 5s (custom)
2019-09-19 09:43:00,285 [pool-303-thread-1] INFO  server.RaftServerConfigKeys (ConfUtils.java:logGet(43)) - raft.server.rpc.timeout.max = 5200ms (custom)
2019-09-19 09:43:00,285 [pool-303-thread-1] INFO  server.RaftServerConfigKeys (ConfUtils.java:logGet(43)) - raft.server.rpcslowness.timeout = 120s (custom)
2019-09-19 09:43:00,285 [pool-303-thread-1] INFO  server.RaftServerConfigKeys (ConfUtils.java:logGet(43)) - raft.server.sleep.deviation.threshold = 300 (default)
2019-09-19 09:43:00,285 [pool-303-thread-1] INFO  server.RaftServerConfigKeys (ConfUtils.java:logGet(43)) - raft.server.log.appender.install.snapshot.enabled = false (custom)
2019-09-19 09:43:00,285 [pool-303-thread-1] INFO  impl.RaftServerImpl (ServerState.java:<init>(105)) - debdeccb-c745-4902-a392-a731715abcbe:group-20337EFC1C87 ConfigurationManager, init=-1: [debdeccb-c745-4902-a392-a731715abcbe:192.168.34.5:37881], old=null, confs=<EMPTY_MAP>
2019-09-19 09:43:00,285 [pool-303-thread-1] INFO  server.RaftServerConfigKeys (ConfUtils.java:logGet(43)) - raft.server.storage.dir = [/workdir/hadoop-ozone/ozonefs/target/test-dir/MiniOzoneClusterImpl-9293621d-43c4-46ab-8c2c-7aa58a5f4982/datanode-1/data/ratis] (custom)
2019-09-19 09:43:00,286 [pool-303-thread-1] INFO  storage.RaftStorageDirectory (RaftStorageDirectory.java:analyzeStorage(246)) - The storage directory /workdir/hadoop-ozone/ozonefs/target/test-dir/MiniOzoneClusterImpl-9293621d-43c4-46ab-8c2c-7aa58a5f4982/datanode-1/data/ratis/d7a15f0a-058b-421a-a957-20337efc1c87 does not exist. Creating ...
2019-09-19 09:43:00,299 [pool-303-thread-1] INFO  storage.RaftStorageDirectory (RaftStorageDirectory.java:tryLock(328)) - Lock on /workdir/hadoop-ozone/ozonefs/target/test-dir/MiniOzoneClusterImpl-9293621d-43c4-46ab-8c2c-7aa58a5f4982/datanode-1/data/ratis/d7a15f0a-058b-421a-a957-20337efc1c87/in_use.lock acquired by nodename 24695@pr-hdds-1569-j4bt4-3030777008
2019-09-19 09:43:00,313 [pool-303-thread-1] INFO  storage.RaftStorage (RaftStorage.java:format(72)) - Storage directory /workdir/hadoop-ozone/ozonefs/target/test-dir/MiniOzoneClusterImpl-9293621d-43c4-46ab-8c2c-7aa58a5f4982/datanode-1/data/ratis/d7a15f0a-058b-421a-a957-20337efc1c87 has been successfully formatted.
2019-09-19 09:43:00,313 [pool-303-thread-1] INFO  ratis.ContainerStateMachine (ContainerStateMachine.java:loadSnapshot(226)) - group-20337EFC1C87: The snapshot info is null. Setting the last applied indexto:(t:0, i:~)
2019-09-19 09:43:00,313 [pool-303-thread-1] INFO  server.RaftServerConfigKeys (ConfUtils.java:logGet(43)) - raft.server.leader.election.timeout = 120s (custom)
2019-09-19 09:43:00,313 [pool-303-thread-1] INFO  server.RaftServerConfigKeys (ConfUtils.java:logGet(43)) - raft.server.log.use.memory = false (default)
2019-09-19 09:43:00,313 [pool-303-thread-1] INFO  server.RaftServerConfigKeys (ConfUtils.java:logGet(43)) - raft.server.log.purge.gap = 1000000 (custom)
2019-09-19 09:43:00,313 [pool-303-thread-1] INFO  server.RaftServerConfigKeys (ConfUtils.java:logGet(43)) - raft.server.log.appender.buffer.byte-limit = 33554432 (custom)
2019-09-19 09:43:00,314 [pool-303-thread-1] INFO  server.RaftServerConfigKeys (ConfUtils.java:logGet(43)) - raft.server.log.segment.size.max = 1048576 (custom)
2019-09-19 09:43:00,314 [pool-303-thread-1] INFO  server.RaftServerConfigKeys (ConfUtils.java:logGet(43)) - raft.server.log.segment.cache.num.max = 2 (custom)
2019-09-19 09:43:00,314 [pool-303-thread-1] INFO  segmented.SegmentedRaftLogWorker (SegmentedRaftLogWorker.java:<init>(172)) - new debdeccb-c745-4902-a392-a731715abcbe-SegmentedRaftLogWorker:Storage Directory /workdir/hadoop-ozone/ozonefs/target/test-dir/MiniOzoneClusterImpl-9293621d-43c4-46ab-8c2c-7aa58a5f4982/datanode-1/data/ratis/d7a15f0a-058b-421a-a957-20337efc1c87 for RaftStorage:Storage Directory /workdir/hadoop-ozone/ozonefs/target/test-dir/MiniOzoneClusterImpl-9293621d-43c4-46ab-8c2c-7aa58a5f4982/datanode-1/data/ratis/d7a15f0a-058b-421a-a957-20337efc1c87
2019-09-19 09:43:00,314 [pool-303-thread-1] INFO  server.RaftServerConfigKeys (ConfUtils.java:logGet(43)) - raft.server.log.queue.byte-limit = 2147483647 (custom)
2019-09-19 09:43:00,314 [pool-303-thread-1] INFO  server.RaftServerConfigKeys (ConfUtils.java:logGet(43)) - raft.server.log.queue.element-limit = 1024 (custom)
2019-09-19 09:43:00,314 [pool-303-thread-1] INFO  server.RaftServerConfigKeys (ConfUtils.java:logGet(43)) - raft.server.log.segment.size.max = 1048576 (custom)
2019-09-19 09:43:00,314 [pool-303-thread-1] INFO  server.RaftServerConfigKeys (ConfUtils.java:logGet(43)) - raft.server.log.preallocated.size = 16384 (custom)
2019-09-19 09:43:00,315 [pool-303-thread-1] INFO  server.RaftServerConfigKeys (ConfUtils.java:logGet(43)) - raft.server.log.write.buffer.size = 33554432 (custom)
2019-09-19 09:43:00,315 [pool-303-thread-1] INFO  server.RaftServerConfigKeys (ConfUtils.java:logGet(43)) - raft.server.log.force.sync.num = 128 (default)
2019-09-19 09:43:00,315 [pool-303-thread-1] INFO  server.RaftServerConfigKeys (ConfUtils.java:logGet(43)) - raft.server.log.statemachine.data.sync = true (default)
2019-09-19 09:43:00,315 [pool-303-thread-1] INFO  server.RaftServerConfigKeys (ConfUtils.java:logGet(43)) - raft.server.log.statemachine.data.sync.timeout = 10s (default)
2019-09-19 09:43:00,315 [pool-303-thread-1] INFO  server.RaftServerConfigKeys (ConfUtils.java:logGet(43)) - raft.server.log.statemachine.data.sync.timeout.retry = -1 (default)
2019-09-19 09:43:00,315 [pool-303-thread-1] INFO  server.RaftServerConfigKeys (ConfUtils.java:logGet(43)) - raft.server.log.statemachine.data.caching.enabled = true (custom)
2019-09-19 09:43:00,316 [pool-303-thread-1] INFO  segmented.SegmentedRaftLogWorker (SegmentedRaftLogWorker.java:lambda$new$0(132)) - debdeccb-c745-4902-a392-a731715abcbe-SegmentedRaftLogWorker:Storage Directory /workdir/hadoop-ozone/ozonefs/target/test-dir/MiniOzoneClusterImpl-9293621d-43c4-46ab-8c2c-7aa58a5f4982/datanode-1/data/ratis/d7a15f0a-058b-421a-a957-20337efc1c87: flushIndex: setUnconditionally 0 -> -1
2019-09-19 09:43:00,316 [pool-303-thread-1] INFO  server.RaftServerConfigKeys (ConfUtils.java:logGet(43)) - raft.server.snapshot.auto.trigger.enabled = true (custom)
2019-09-19 09:43:00,316 [pool-303-thread-1] INFO  server.RaftServerConfigKeys (ConfUtils.java:logGet(43)) - raft.server.snapshot.auto.trigger.threshold = 10000 (custom)
2019-09-19 09:43:00,316 [pool-303-thread-1] INFO  server.RaftServerConfigKeys (ConfUtils.java:logGet(43)) - raft.server.retrycache.expirytime = 600000ms (custom)
2019-09-19 09:43:00,317 [pool-303-thread-1] INFO  impl.RaftServerImpl (RaftServerImpl.java:start(180)) - debdeccb-c745-4902-a392-a731715abcbe: start group-20337EFC1C87
2019-09-19 09:43:00,317 [pool-303-thread-1] INFO  impl.RaftServerImpl (RaftServerImpl.java:setRole(171)) - debdeccb-c745-4902-a392-a731715abcbe:group-20337EFC1C87 changes role from null to FOLLOWER at term 0 for startAsFollower
2019-09-19 09:43:00,317 [pool-303-thread-1] INFO  impl.RoleInfo (RoleInfo.java:updateAndGet(143)) - debdeccb-c745-4902-a392-a731715abcbe: start FollowerState
2019-09-19 09:43:00,317 [pool-303-thread-1] INFO  util.JmxRegister (JmxRegister.java:tryRegister(44)) - Successfully registered JMX Bean with object name Ratis:service=RaftServer,group=group-20337EFC1C87,id=debdeccb-c745-4902-a392-a731715abcbe
2019-09-19 09:43:00,320 [RatisPipelineUtilsThread] INFO  pipeline.PipelineStateManager (PipelineStateManager.java:addPipeline(56)) - Created pipeline Pipeline[ Id: d7a15f0a-058b-421a-a957-20337efc1c87, Nodes: debdeccb-c745-4902-a392-a731715abcbe{ip: 192.168.34.5, host: pr-hdds-1569-j4bt4-3030777008, networkLocation: /default-rack, certSerialId: null}, Type:RATIS, Factor:ONE, State:OPEN]
2019-09-19 09:43:00,320 [RatisPipelineUtilsThread] ERROR pipeline.PipelinePlacementPolicy (PipelinePlacementPolicy.java:meetCriteria(91)) - Pipeline Placement: Doesn't meet the criteria to be viable node. Heaviness: 6
2019-09-19 09:43:00,325 [grpc-default-executor-0] INFO  impl.RaftServerProxy (RaftServerProxy.java:addNew(89)) - debdeccb-c745-4902-a392-a731715abcbe: addNew group-39E8024E7325:[debdeccb-c745-4902-a392-a731715abcbe:192.168.34.5:37881] returns group-39E8024E7325:java.util.concurrent.CompletableFuture@25cad3bc[Not completed]
2019-09-19 09:43:00,326 [pool-303-thread-1] INFO  impl.RaftServerImpl (RaftServerImpl.java:<init>(93)) - debdeccb-c745-4902-a392-a731715abcbe: new RaftServerImpl for group-39E8024E7325:[debdeccb-c745-4902-a392-a731715abcbe:192.168.34.5:37881] with ContainerStateMachine:uninitialized
2019-09-19 09:43:00,326 [pool-303-thread-1] INFO  server.RaftServerConfigKeys (ConfUtils.java:logGet(43)) - raft.server.rpc.timeout.min = 5s (custom)
2019-09-19 09:43:00,326 [pool-303-thread-1] INFO  server.RaftServerConfigKeys (ConfUtils.java:logGet(43)) - raft.server.rpc.timeout.max = 5200ms (custom)
2019-09-19 09:43:00,326 [pool-303-thread-1] INFO  server.RaftServerConfigKeys (ConfUtils.java:logGet(43)) - raft.server.rpcslowness.timeout = 120s (custom)
2019-09-19 09:43:00,326 [pool-303-thread-1] INFO  server.RaftServerConfigKeys (ConfUtils.java:logGet(43)) - raft.server.sleep.deviation.threshold = 300 (default)
2019-09-19 09:43:00,326 [pool-303-thread-1] INFO  server.RaftServerConfigKeys (ConfUtils.java:logGet(43)) - raft.server.log.appender.install.snapshot.enabled = false (custom)
2019-09-19 09:43:00,327 [pool-303-thread-1] INFO  impl.RaftServerImpl (ServerState.java:<init>(105)) - debdeccb-c745-4902-a392-a731715abcbe:group-39E8024E7325 ConfigurationManager, init=-1: [debdeccb-c745-4902-a392-a731715abcbe:192.168.34.5:37881], old=null, confs=<EMPTY_MAP>
2019-09-19 09:43:00,327 [pool-303-thread-1] INFO  server.RaftServerConfigKeys (ConfUtils.java:logGet(43)) - raft.server.storage.dir = [/workdir/hadoop-ozone/ozonefs/target/test-dir/MiniOzoneClusterImpl-9293621d-43c4-46ab-8c2c-7aa58a5f4982/datanode-1/data/ratis] (custom)
2019-09-19 09:43:00,327 [pool-303-thread-1] INFO  storage.RaftStorageDirectory (RaftStorageDirectory.java:analyzeStorage(246)) - The storage directory /workdir/hadoop-ozone/ozonefs/target/test-dir/MiniOzoneClusterImpl-9293621d-43c4-46ab-8c2c-7aa58a5f4982/datanode-1/data/ratis/2eb9116a-09e6-464c-bffa-39e8024e7325 does not exist. Creating ...
2019-09-19 09:43:00,340 [pool-303-thread-1] INFO  storage.RaftStorageDirectory (RaftStorageDirectory.java:tryLock(328)) - Lock on /workdir/hadoop-ozone/ozonefs/target/test-dir/MiniOzoneClusterImpl-9293621d-43c4-46ab-8c2c-7aa58a5f4982/datanode-1/data/ratis/2eb9116a-09e6-464c-bffa-39e8024e7325/in_use.lock acquired by nodename 24695@pr-hdds-1569-j4bt4-3030777008
2019-09-19 09:43:00,353 [pool-303-thread-1] INFO  storage.RaftStorage (RaftStorage.java:format(72)) - Storage directory /workdir/hadoop-ozone/ozonefs/target/test-dir/MiniOzoneClusterImpl-9293621d-43c4-46ab-8c2c-7aa58a5f4982/datanode-1/data/ratis/2eb9116a-09e6-464c-bffa-39e8024e7325 has been successfully formatted.
2019-09-19 09:43:00,354 [pool-303-thread-1] INFO  ratis.ContainerStateMachine (ContainerStateMachine.java:loadSnapshot(226)) - group-39E8024E7325: The snapshot info is null. Setting the last applied indexto:(t:0, i:~)
2019-09-19 09:43:00,354 [pool-303-thread-1] INFO  server.RaftServerConfigKeys (ConfUtils.java:logGet(43)) - raft.server.leader.election.timeout = 120s (custom)
2019-09-19 09:43:00,354 [pool-303-thread-1] INFO  server.RaftServerConfigKeys (ConfUtils.java:logGet(43)) - raft.server.log.use.memory = false (default)
2019-09-19 09:43:00,354 [pool-303-thread-1] INFO  server.RaftServerConfigKeys (ConfUtils.java:logGet(43)) - raft.server.log.purge.gap = 1000000 (custom)
2019-09-19 09:43:00,354 [pool-303-thread-1] INFO  server.RaftServerConfigKeys (ConfUtils.java:logGet(43)) - raft.server.log.appender.buffer.byte-limit = 33554432 (custom)
2019-09-19 09:43:00,354 [pool-303-thread-1] INFO  server.RaftServerConfigKeys (ConfUtils.java:logGet(43)) - raft.server.log.segment.size.max = 1048576 (custom)
2019-09-19 09:43:00,354 [pool-303-thread-1] INFO  server.RaftServerConfigKeys (ConfUtils.java:logGet(43)) - raft.server.log.segment.cache.num.max = 2 (custom)
2019-09-19 09:43:00,354 [pool-303-thread-1] INFO  segmented.SegmentedRaftLogWorker (SegmentedRaftLogWorker.java:<init>(172)) - new debdeccb-c745-4902-a392-a731715abcbe-SegmentedRaftLogWorker:Storage Directory /workdir/hadoop-ozone/ozonefs/target/test-dir/MiniOzoneClusterImpl-9293621d-43c4-46ab-8c2c-7aa58a5f4982/datanode-1/data/ratis/2eb9116a-09e6-464c-bffa-39e8024e7325 for RaftStorage:Storage Directory /workdir/hadoop-ozone/ozonefs/target/test-dir/MiniOzoneClusterImpl-9293621d-43c4-46ab-8c2c-7aa58a5f4982/datanode-1/data/ratis/2eb9116a-09e6-464c-bffa-39e8024e7325
2019-09-19 09:43:00,355 [pool-303-thread-1] INFO  server.RaftServerConfigKeys (ConfUtils.java:logGet(43)) - raft.server.log.queue.byte-limit = 2147483647 (custom)
2019-09-19 09:43:00,355 [pool-303-thread-1] INFO  server.RaftServerConfigKeys (ConfUtils.java:logGet(43)) - raft.server.log.queue.element-limit = 1024 (custom)
2019-09-19 09:43:00,355 [pool-303-thread-1] INFO  server.RaftServerConfigKeys (ConfUtils.java:logGet(43)) - raft.server.log.segment.size.max = 1048576 (custom)
2019-09-19 09:43:00,355 [pool-303-thread-1] INFO  server.RaftServerConfigKeys (ConfUtils.java:logGet(43)) - raft.server.log.preallocated.size = 16384 (custom)
2019-09-19 09:43:00,355 [pool-303-thread-1] INFO  server.RaftServerConfigKeys (ConfUtils.java:logGet(43)) - raft.server.log.write.buffer.size = 33554432 (custom)
2019-09-19 09:43:00,355 [pool-303-thread-1] INFO  server.RaftServerConfigKeys (ConfUtils.java:logGet(43)) - raft.server.log.force.sync.num = 128 (default)
2019-09-19 09:43:00,355 [pool-303-thread-1] INFO  server.RaftServerConfigKeys (ConfUtils.java:logGet(43)) - raft.server.log.statemachine.data.sync = true (default)
2019-09-19 09:43:00,356 [pool-303-thread-1] INFO  server.RaftServerConfigKeys (ConfUtils.java:logGet(43)) - raft.server.log.statemachine.data.sync.timeout = 10s (default)
2019-09-19 09:43:00,356 [pool-303-thread-1] INFO  server.RaftServerConfigKeys (ConfUtils.java:logGet(43)) - raft.server.log.statemachine.data.sync.timeout.retry = -1 (default)
2019-09-19 09:43:00,356 [pool-303-thread-1] INFO  server.RaftServerConfigKeys (ConfUtils.java:logGet(43)) - raft.server.log.statemachine.data.caching.enabled = true (custom)
2019-09-19 09:43:00,356 [pool-303-thread-1] INFO  segmented.SegmentedRaftLogWorker (SegmentedRaftLogWorker.java:lambda$new$0(132)) - debdeccb-c745-4902-a392-a731715abcbe-SegmentedRaftLogWorker:Storage Directory /workdir/hadoop-ozone/ozonefs/target/test-dir/MiniOzoneClusterImpl-9293621d-43c4-46ab-8c2c-7aa58a5f4982/datanode-1/data/ratis/2eb9116a-09e6-464c-bffa-39e8024e7325: flushIndex: setUnconditionally 0 -> -1
2019-09-19 09:43:00,356 [pool-303-thread-1] INFO  server.RaftServerConfigKeys (ConfUtils.java:logGet(43)) - raft.server.snapshot.auto.trigger.enabled = true (custom)
2019-09-19 09:43:00,357 [pool-303-thread-1] INFO  server.RaftServerConfigKeys (ConfUtils.java:logGet(43)) - raft.server.snapshot.auto.trigger.threshold = 10000 (custom)
2019-09-19 09:43:00,357 [pool-303-thread-1] INFO  server.RaftServerConfigKeys (ConfUtils.java:logGet(43)) - raft.server.retrycache.expirytime = 600000ms (custom)
2019-09-19 09:43:00,357 [pool-303-thread-1] INFO  impl.RaftServerImpl (RaftServerImpl.java:start(180)) - debdeccb-c745-4902-a392-a731715abcbe: start group-39E8024E7325
2019-09-19 09:43:00,357 [pool-303-thread-1] INFO  impl.RaftServerImpl (RaftServerImpl.java:setRole(171)) - debdeccb-c745-4902-a392-a731715abcbe:group-39E8024E7325 changes role from null to FOLLOWER at term 0 for startAsFollower
2019-09-19 09:43:00,357 [pool-303-thread-1] INFO  impl.RoleInfo (RoleInfo.java:updateAndGet(143)) - debdeccb-c745-4902-a392-a731715abcbe: start FollowerState
2019-09-19 09:43:00,357 [pool-303-thread-1] INFO  util.JmxRegister (JmxRegister.java:tryRegister(44)) - Successfully registered JMX Bean with object name Ratis:service=RaftServer,group=group-39E8024E7325,id=debdeccb-c745-4902-a392-a731715abcbe
2019-09-19 09:43:00,360 [RatisPipelineUtilsThread] INFO  pipeline.PipelineStateManager (PipelineStateManager.java:addPipeline(56)) - Created pipeline Pipeline[ Id: 2eb9116a-09e6-464c-bffa-39e8024e7325, Nodes: debdeccb-c745-4902-a392-a731715abcbe{ip: 192.168.34.5, host: pr-hdds-1569-j4bt4-3030777008, networkLocation: /default-rack, certSerialId: null}, Type:RATIS, Factor:ONE, State:OPEN]
2019-09-19 09:43:00,360 [RatisPipelineUtilsThread] ERROR pipeline.PipelinePlacementPolicy (PipelinePlacementPolicy.java:meetCriteria(91)) - Pipeline Placement: Doesn't meet the criteria to be viable node. Heaviness: 6
2019-09-19 09:43:00,360 [RatisPipelineUtilsThread] ERROR pipeline.PipelinePlacementPolicy (PipelinePlacementPolicy.java:meetCriteria(91)) - Pipeline Placement: Doesn't meet the criteria to be viable node. Heaviness: 6
2019-09-19 09:43:00,360 [RatisPipelineUtilsThread] ERROR pipeline.PipelinePlacementPolicy (PipelinePlacementPolicy.java:filterViableNodes(146)) - Unable to find enough nodes that meet the criteria that cannot engage in more than 5 pipelines. Nodes required: 1 Found: 0, healthy nodes count inNodeManager: 2.
2019-09-19 09:43:00,361 [RatisPipelineUtilsThread] ERROR pipeline.SCMPipelineManager (SCMPipelineManager.java:createPipeline(161)) - Pipeline creation failed due to exception: Unable to find enough nodes that meet the criteria that cannot engage in more than 5 pipelines. Nodes required: 1 Found: 0, healthy nodes count inNodeManager: 2.
2019-09-19 09:43:00,361 [RatisPipelineUtilsThread] ERROR pipeline.PipelinePlacementPolicy (PipelinePlacementPolicy.java:filterViableNodes(129)) - Not enough healthy nodes to allocate pipeline. 3  datanodes required. Found 2
2019-09-19 09:43:00,361 [RatisPipelineUtilsThread] ERROR pipeline.SCMPipelineManager (SCMPipelineManager.java:createPipeline(161)) - Pipeline creation failed due to exception: Not enough healthy nodes to allocate pipeline. 3  datanodes required. Found 2
2019-09-19 09:43:00,361 [RatisPipelineUtilsThread] ERROR pipeline.PipelinePlacementPolicy (PipelinePlacementPolicy.java:meetCriteria(91)) - Pipeline Placement: Doesn't meet the criteria to be viable node. Heaviness: 6
2019-09-19 09:43:00,361 [RatisPipelineUtilsThread] ERROR pipeline.PipelinePlacementPolicy (PipelinePlacementPolicy.java:meetCriteria(91)) - Pipeline Placement: Doesn't meet the criteria to be viable node. Heaviness: 6
2019-09-19 09:43:00,362 [RatisPipelineUtilsThread] ERROR pipeline.PipelinePlacementPolicy (PipelinePlacementPolicy.java:filterViableNodes(146)) - Unable to find enough nodes that meet the criteria that cannot engage in more than 5 pipelines. Nodes required: 1 Found: 0, healthy nodes count inNodeManager: 2.
2019-09-19 09:43:00,362 [RatisPipelineUtilsThread] ERROR pipeline.SCMPipelineManager (SCMPipelineManager.java:createPipeline(161)) - Pipeline creation failed due to exception: Unable to find enough nodes that meet the criteria that cannot engage in more than 5 pipelines. Nodes required: 1 Found: 0, healthy nodes count inNodeManager: 2.
2019-09-19 09:43:00,362 [RatisPipelineUtilsThread] ERROR pipeline.PipelinePlacementPolicy (PipelinePlacementPolicy.java:filterViableNodes(129)) - Not enough healthy nodes to allocate pipeline. 3  datanodes required. Found 2
2019-09-19 09:43:00,362 [RatisPipelineUtilsThread] ERROR pipeline.SCMPipelineManager (SCMPipelineManager.java:createPipeline(161)) - Pipeline creation failed due to exception: Not enough healthy nodes to allocate pipeline. 3  datanodes required. Found 2
2019-09-19 09:43:00,400 [main] INFO  ozone.MiniOzoneClusterImpl (MiniOzoneClusterImpl.java:lambda$waitForClusterToBeReady$0(142)) - Waiting for cluster to be ready. Got 2 of 3 DN Heartbeats.
2019-09-19 09:43:00,402 [IPC Server handler 2 on 43347] INFO  net.NetworkTopology (NetworkTopologyImpl.java:add(110)) - Added a new node: /default-rack/0fbe0b13-b0c0-45d8-909a-630081c74a06
2019-09-19 09:43:00,402 [RatisPipelineUtilsThread] ERROR pipeline.PipelinePlacementPolicy (PipelinePlacementPolicy.java:meetCriteria(91)) - Pipeline Placement: Doesn't meet the criteria to be viable node. Heaviness: 6
2019-09-19 09:43:00,402 [IPC Server handler 2 on 43347] INFO  node.SCMNodeManager (SCMNodeManager.java:register(273)) - Registered Data node : 0fbe0b13-b0c0-45d8-909a-630081c74a06{ip: 192.168.34.5, host: pr-hdds-1569-j4bt4-3030777008, networkLocation: /default-rack, certSerialId: null}
2019-09-19 09:43:00,403 [RatisPipelineUtilsThread] ERROR pipeline.PipelinePlacementPolicy (PipelinePlacementPolicy.java:meetCriteria(91)) - Pipeline Placement: Doesn't meet the criteria to be viable node. Heaviness: 6
2019-09-19 09:43:00,403 | INFO  | SCMAudit | user=jenkins1000 | ip=192.168.34.5 | op=REGISTER {datanodeDetails=0fbe0b13-b0c0-45d8-909a-630081c74a06{ip: 192.168.34.5, host: pr-hdds-1569-j4bt4-3030777008, networkLocation: /default-rack, certSerialId: null}} | ret=SUCCESS |  
2019-09-19 09:43:00,413 [grpc-default-executor-0] INFO  impl.RaftServerProxy (RaftServerProxy.java:addNew(89)) - 0fbe0b13-b0c0-45d8-909a-630081c74a06: addNew group-2EBADE6F0A1D:[0fbe0b13-b0c0-45d8-909a-630081c74a06:192.168.34.5:45037] returns group-2EBADE6F0A1D:java.util.concurrent.CompletableFuture@528c32c5[Not completed]
2019-09-19 09:43:00,414 [pool-314-thread-1] INFO  impl.RaftServerImpl (RaftServerImpl.java:<init>(93)) - 0fbe0b13-b0c0-45d8-909a-630081c74a06: new RaftServerImpl for group-2EBADE6F0A1D:[0fbe0b13-b0c0-45d8-909a-630081c74a06:192.168.34.5:45037] with ContainerStateMachine:uninitialized
2019-09-19 09:43:00,415 [pool-314-thread-1] INFO  server.RaftServerConfigKeys (ConfUtils.java:logGet(43)) - raft.server.rpc.timeout.min = 5s (custom)
2019-09-19 09:43:00,415 [pool-314-thread-1] INFO  server.RaftServerConfigKeys (ConfUtils.java:logGet(43)) - raft.server.rpc.timeout.max = 5200ms (custom)
2019-09-19 09:43:00,415 [pool-314-thread-1] INFO  server.RaftServerConfigKeys (ConfUtils.java:logGet(43)) - raft.server.rpcslowness.timeout = 120s (custom)
2019-09-19 09:43:00,415 [pool-314-thread-1] INFO  server.RaftServerConfigKeys (ConfUtils.java:logGet(43)) - raft.server.sleep.deviation.threshold = 300 (default)
2019-09-19 09:43:00,415 [pool-314-thread-1] INFO  server.RaftServerConfigKeys (ConfUtils.java:logGet(43)) - raft.server.log.appender.install.snapshot.enabled = false (custom)
2019-09-19 09:43:00,415 [pool-314-thread-1] INFO  impl.RaftServerImpl (ServerState.java:<init>(105)) - 0fbe0b13-b0c0-45d8-909a-630081c74a06:group-2EBADE6F0A1D ConfigurationManager, init=-1: [0fbe0b13-b0c0-45d8-909a-630081c74a06:192.168.34.5:45037], old=null, confs=<EMPTY_MAP>
2019-09-19 09:43:00,416 [pool-314-thread-1] INFO  server.RaftServerConfigKeys (ConfUtils.java:logGet(43)) - raft.server.storage.dir = [/workdir/hadoop-ozone/ozonefs/target/test-dir/MiniOzoneClusterImpl-9293621d-43c4-46ab-8c2c-7aa58a5f4982/datanode-2/data/ratis] (custom)
2019-09-19 09:43:00,416 [pool-314-thread-1] INFO  storage.RaftStorageDirectory (RaftStorageDirectory.java:analyzeStorage(246)) - The storage directory /workdir/hadoop-ozone/ozonefs/target/test-dir/MiniOzoneClusterImpl-9293621d-43c4-46ab-8c2c-7aa58a5f4982/datanode-2/data/ratis/948886ad-1f70-4457-8c0f-2ebade6f0a1d does not exist. Creating ...
2019-09-19 09:43:00,430 [pool-314-thread-1] INFO  storage.RaftStorageDirectory (RaftStorageDirectory.java:tryLock(328)) - Lock on /workdir/hadoop-ozone/ozonefs/target/test-dir/MiniOzoneClusterImpl-9293621d-43c4-46ab-8c2c-7aa58a5f4982/datanode-2/data/ratis/948886ad-1f70-4457-8c0f-2ebade6f0a1d/in_use.lock acquired by nodename 24695@pr-hdds-1569-j4bt4-3030777008
2019-09-19 09:43:00,443 [pool-314-thread-1] INFO  storage.RaftStorage (RaftStorage.java:format(72)) - Storage directory /workdir/hadoop-ozone/ozonefs/target/test-dir/MiniOzoneClusterImpl-9293621d-43c4-46ab-8c2c-7aa58a5f4982/datanode-2/data/ratis/948886ad-1f70-4457-8c0f-2ebade6f0a1d has been successfully formatted.
2019-09-19 09:43:00,443 [pool-314-thread-1] INFO  ratis.ContainerStateMachine (ContainerStateMachine.java:loadSnapshot(226)) - group-2EBADE6F0A1D: The snapshot info is null. Setting the last applied indexto:(t:0, i:~)
2019-09-19 09:43:00,444 [pool-314-thread-1] INFO  server.RaftServerConfigKeys (ConfUtils.java:logGet(43)) - raft.server.leader.election.timeout = 120s (custom)
2019-09-19 09:43:00,444 [pool-314-thread-1] INFO  server.RaftServerConfigKeys (ConfUtils.java:logGet(43)) - raft.server.log.use.memory = false (default)
2019-09-19 09:43:00,444 [pool-314-thread-1] INFO  server.RaftServerConfigKeys (ConfUtils.java:logGet(43)) - raft.server.log.purge.gap = 1000000 (custom)
2019-09-19 09:43:00,444 [pool-314-thread-1] INFO  server.RaftServerConfigKeys (ConfUtils.java:logGet(43)) - raft.server.log.appender.buffer.byte-limit = 33554432 (custom)
2019-09-19 09:43:00,444 [pool-314-thread-1] INFO  server.RaftServerConfigKeys (ConfUtils.java:logGet(43)) - raft.server.log.segment.size.max = 1048576 (custom)
2019-09-19 09:43:00,445 [pool-314-thread-1] INFO  server.RaftServerConfigKeys (ConfUtils.java:logGet(43)) - raft.server.log.segment.cache.num.max = 2 (custom)
2019-09-19 09:43:00,445 [pool-314-thread-1] INFO  segmented.SegmentedRaftLogWorker (SegmentedRaftLogWorker.java:<init>(172)) - new 0fbe0b13-b0c0-45d8-909a-630081c74a06-SegmentedRaftLogWorker:Storage Directory /workdir/hadoop-ozone/ozonefs/target/test-dir/MiniOzoneClusterImpl-9293621d-43c4-46ab-8c2c-7aa58a5f4982/datanode-2/data/ratis/948886ad-1f70-4457-8c0f-2ebade6f0a1d for RaftStorage:Storage Directory /workdir/hadoop-ozone/ozonefs/target/test-dir/MiniOzoneClusterImpl-9293621d-43c4-46ab-8c2c-7aa58a5f4982/datanode-2/data/ratis/948886ad-1f70-4457-8c0f-2ebade6f0a1d
2019-09-19 09:43:00,445 [pool-314-thread-1] INFO  server.RaftServerConfigKeys (ConfUtils.java:logGet(43)) - raft.server.log.queue.byte-limit = 2147483647 (custom)
2019-09-19 09:43:00,445 [pool-314-thread-1] INFO  server.RaftServerConfigKeys (ConfUtils.java:logGet(43)) - raft.server.log.queue.element-limit = 1024 (custom)
2019-09-19 09:43:00,446 [pool-314-thread-1] INFO  server.RaftServerConfigKeys (ConfUtils.java:logGet(43)) - raft.server.log.segment.size.max = 1048576 (custom)
2019-09-19 09:43:00,446 [pool-314-thread-1] INFO  server.RaftServerConfigKeys (ConfUtils.java:logGet(43)) - raft.server.log.preallocated.size = 16384 (custom)
2019-09-19 09:43:00,446 [pool-314-thread-1] INFO  server.RaftServerConfigKeys (ConfUtils.java:logGet(43)) - raft.server.log.write.buffer.size = 33554432 (custom)
2019-09-19 09:43:00,446 [pool-314-thread-1] INFO  server.RaftServerConfigKeys (ConfUtils.java:logGet(43)) - raft.server.log.force.sync.num = 128 (default)
2019-09-19 09:43:00,446 [pool-314-thread-1] INFO  server.RaftServerConfigKeys (ConfUtils.java:logGet(43)) - raft.server.log.statemachine.data.sync = true (default)
2019-09-19 09:43:00,446 [pool-314-thread-1] INFO  server.RaftServerConfigKeys (ConfUtils.java:logGet(43)) - raft.server.log.statemachine.data.sync.timeout = 10s (default)
2019-09-19 09:43:00,447 [pool-314-thread-1] INFO  server.RaftServerConfigKeys (ConfUtils.java:logGet(43)) - raft.server.log.statemachine.data.sync.timeout.retry = -1 (default)
2019-09-19 09:43:00,447 [pool-314-thread-1] INFO  server.RaftServerConfigKeys (ConfUtils.java:logGet(43)) - raft.server.log.statemachine.data.caching.enabled = true (custom)
2019-09-19 09:43:00,447 [pool-314-thread-1] INFO  segmented.SegmentedRaftLogWorker (SegmentedRaftLogWorker.java:lambda$new$0(132)) - 0fbe0b13-b0c0-45d8-909a-630081c74a06-SegmentedRaftLogWorker:Storage Directory /workdir/hadoop-ozone/ozonefs/target/test-dir/MiniOzoneClusterImpl-9293621d-43c4-46ab-8c2c-7aa58a5f4982/datanode-2/data/ratis/948886ad-1f70-4457-8c0f-2ebade6f0a1d: flushIndex: setUnconditionally 0 -> -1
2019-09-19 09:43:00,448 [pool-314-thread-1] INFO  server.RaftServerConfigKeys (ConfUtils.java:logGet(43)) - raft.server.snapshot.auto.trigger.enabled = true (custom)
2019-09-19 09:43:00,448 [pool-314-thread-1] INFO  server.RaftServerConfigKeys (ConfUtils.java:logGet(43)) - raft.server.snapshot.auto.trigger.threshold = 10000 (custom)
2019-09-19 09:43:00,448 [pool-314-thread-1] INFO  server.RaftServerConfigKeys (ConfUtils.java:logGet(43)) - raft.server.retrycache.expirytime = 600000ms (custom)
2019-09-19 09:43:00,448 [pool-314-thread-1] INFO  impl.RaftServerImpl (RaftServerImpl.java:start(180)) - 0fbe0b13-b0c0-45d8-909a-630081c74a06: start group-2EBADE6F0A1D
2019-09-19 09:43:00,448 [pool-314-thread-1] INFO  impl.RaftServerImpl (RaftServerImpl.java:setRole(171)) - 0fbe0b13-b0c0-45d8-909a-630081c74a06:group-2EBADE6F0A1D changes role from null to FOLLOWER at term 0 for startAsFollower
2019-09-19 09:43:00,449 [pool-314-thread-1] INFO  impl.RoleInfo (RoleInfo.java:updateAndGet(143)) - 0fbe0b13-b0c0-45d8-909a-630081c74a06: start FollowerState
2019-09-19 09:43:00,449 [pool-314-thread-1] INFO  util.JmxRegister (JmxRegister.java:tryRegister(44)) - Successfully registered JMX Bean with object name Ratis:service=RaftServer,group=group-2EBADE6F0A1D,id=0fbe0b13-b0c0-45d8-909a-630081c74a06
2019-09-19 09:43:00,452 [RatisPipelineUtilsThread] INFO  pipeline.PipelineStateManager (PipelineStateManager.java:addPipeline(56)) - Created pipeline Pipeline[ Id: 948886ad-1f70-4457-8c0f-2ebade6f0a1d, Nodes: 0fbe0b13-b0c0-45d8-909a-630081c74a06{ip: 192.168.34.5, host: pr-hdds-1569-j4bt4-3030777008, networkLocation: /default-rack, certSerialId: null}, Type:RATIS, Factor:ONE, State:OPEN]
2019-09-19 09:43:00,453 [RatisPipelineUtilsThread] ERROR pipeline.PipelinePlacementPolicy (PipelinePlacementPolicy.java:meetCriteria(91)) - Pipeline Placement: Doesn't meet the criteria to be viable node. Heaviness: 6
2019-09-19 09:43:00,453 [RatisPipelineUtilsThread] ERROR pipeline.PipelinePlacementPolicy (PipelinePlacementPolicy.java:meetCriteria(91)) - Pipeline Placement: Doesn't meet the criteria to be viable node. Heaviness: 6
2019-09-19 09:43:00,459 [grpc-default-executor-0] INFO  impl.RaftServerProxy (RaftServerProxy.java:addNew(89)) - 0fbe0b13-b0c0-45d8-909a-630081c74a06: addNew group-88CA2F231996:[0fbe0b13-b0c0-45d8-909a-630081c74a06:192.168.34.5:45037] returns group-88CA2F231996:java.util.concurrent.CompletableFuture@1201e480[Not completed]
2019-09-19 09:43:00,460 [pool-314-thread-1] INFO  impl.RaftServerImpl (RaftServerImpl.java:<init>(93)) - 0fbe0b13-b0c0-45d8-909a-630081c74a06: new RaftServerImpl for group-88CA2F231996:[0fbe0b13-b0c0-45d8-909a-630081c74a06:192.168.34.5:45037] with ContainerStateMachine:uninitialized
2019-09-19 09:43:00,460 [pool-314-thread-1] INFO  server.RaftServerConfigKeys (ConfUtils.java:logGet(43)) - raft.server.rpc.timeout.min = 5s (custom)
2019-09-19 09:43:00,461 [pool-314-thread-1] INFO  server.RaftServerConfigKeys (ConfUtils.java:logGet(43)) - raft.server.rpc.timeout.max = 5200ms (custom)
2019-09-19 09:43:00,461 [pool-314-thread-1] INFO  server.RaftServerConfigKeys (ConfUtils.java:logGet(43)) - raft.server.rpcslowness.timeout = 120s (custom)
2019-09-19 09:43:00,461 [pool-314-thread-1] INFO  server.RaftServerConfigKeys (ConfUtils.java:logGet(43)) - raft.server.sleep.deviation.threshold = 300 (default)
2019-09-19 09:43:00,461 [pool-314-thread-1] INFO  server.RaftServerConfigKeys (ConfUtils.java:logGet(43)) - raft.server.log.appender.install.snapshot.enabled = false (custom)
2019-09-19 09:43:00,461 [pool-314-thread-1] INFO  impl.RaftServerImpl (ServerState.java:<init>(105)) - 0fbe0b13-b0c0-45d8-909a-630081c74a06:group-88CA2F231996 ConfigurationManager, init=-1: [0fbe0b13-b0c0-45d8-909a-630081c74a06:192.168.34.5:45037], old=null, confs=<EMPTY_MAP>
2019-09-19 09:43:00,461 [pool-314-thread-1] INFO  server.RaftServerConfigKeys (ConfUtils.java:logGet(43)) - raft.server.storage.dir = [/workdir/hadoop-ozone/ozonefs/target/test-dir/MiniOzoneClusterImpl-9293621d-43c4-46ab-8c2c-7aa58a5f4982/datanode-2/data/ratis] (custom)
2019-09-19 09:43:00,462 [pool-314-thread-1] INFO  storage.RaftStorageDirectory (RaftStorageDirectory.java:analyzeStorage(246)) - The storage directory /workdir/hadoop-ozone/ozonefs/target/test-dir/MiniOzoneClusterImpl-9293621d-43c4-46ab-8c2c-7aa58a5f4982/datanode-2/data/ratis/35ffa96c-c3e4-4ea2-a399-88ca2f231996 does not exist. Creating ...
2019-09-19 09:43:00,474 [pool-314-thread-1] INFO  storage.RaftStorageDirectory (RaftStorageDirectory.java:tryLock(328)) - Lock on /workdir/hadoop-ozone/ozonefs/target/test-dir/MiniOzoneClusterImpl-9293621d-43c4-46ab-8c2c-7aa58a5f4982/datanode-2/data/ratis/35ffa96c-c3e4-4ea2-a399-88ca2f231996/in_use.lock acquired by nodename 24695@pr-hdds-1569-j4bt4-3030777008
2019-09-19 09:43:00,488 [pool-314-thread-1] INFO  storage.RaftStorage (RaftStorage.java:format(72)) - Storage directory /workdir/hadoop-ozone/ozonefs/target/test-dir/MiniOzoneClusterImpl-9293621d-43c4-46ab-8c2c-7aa58a5f4982/datanode-2/data/ratis/35ffa96c-c3e4-4ea2-a399-88ca2f231996 has been successfully formatted.
2019-09-19 09:43:00,488 [pool-314-thread-1] INFO  ratis.ContainerStateMachine (ContainerStateMachine.java:loadSnapshot(226)) - group-88CA2F231996: The snapshot info is null. Setting the last applied indexto:(t:0, i:~)
2019-09-19 09:43:00,488 [pool-314-thread-1] INFO  server.RaftServerConfigKeys (ConfUtils.java:logGet(43)) - raft.server.leader.election.timeout = 120s (custom)
2019-09-19 09:43:00,488 [pool-314-thread-1] INFO  server.RaftServerConfigKeys (ConfUtils.java:logGet(43)) - raft.server.log.use.memory = false (default)
2019-09-19 09:43:00,489 [pool-314-thread-1] INFO  server.RaftServerConfigKeys (ConfUtils.java:logGet(43)) - raft.server.log.purge.gap = 1000000 (custom)
2019-09-19 09:43:00,489 [pool-314-thread-1] INFO  server.RaftServerConfigKeys (ConfUtils.java:logGet(43)) - raft.server.log.appender.buffer.byte-limit = 33554432 (custom)
2019-09-19 09:43:00,489 [pool-314-thread-1] INFO  server.RaftServerConfigKeys (ConfUtils.java:logGet(43)) - raft.server.log.segment.size.max = 1048576 (custom)
2019-09-19 09:43:00,489 [pool-314-thread-1] INFO  server.RaftServerConfigKeys (ConfUtils.java:logGet(43)) - raft.server.log.segment.cache.num.max = 2 (custom)
2019-09-19 09:43:00,489 [pool-314-thread-1] INFO  segmented.SegmentedRaftLogWorker (SegmentedRaftLogWorker.java:<init>(172)) - new 0fbe0b13-b0c0-45d8-909a-630081c74a06-SegmentedRaftLogWorker:Storage Directory /workdir/hadoop-ozone/ozonefs/target/test-dir/MiniOzoneClusterImpl-9293621d-43c4-46ab-8c2c-7aa58a5f4982/datanode-2/data/ratis/35ffa96c-c3e4-4ea2-a399-88ca2f231996 for RaftStorage:Storage Directory /workdir/hadoop-ozone/ozonefs/target/test-dir/MiniOzoneClusterImpl-9293621d-43c4-46ab-8c2c-7aa58a5f4982/datanode-2/data/ratis/35ffa96c-c3e4-4ea2-a399-88ca2f231996
2019-09-19 09:43:00,489 [pool-314-thread-1] INFO  server.RaftServerConfigKeys (ConfUtils.java:logGet(43)) - raft.server.log.queue.byte-limit = 2147483647 (custom)
2019-09-19 09:43:00,489 [pool-314-thread-1] INFO  server.RaftServerConfigKeys (ConfUtils.java:logGet(43)) - raft.server.log.queue.element-limit = 1024 (custom)
2019-09-19 09:43:00,490 [pool-314-thread-1] INFO  server.RaftServerConfigKeys (ConfUtils.java:logGet(43)) - raft.server.log.segment.size.max = 1048576 (custom)
2019-09-19 09:43:00,490 [pool-314-thread-1] INFO  server.RaftServerConfigKeys (ConfUtils.java:logGet(43)) - raft.server.log.preallocated.size = 16384 (custom)
2019-09-19 09:43:00,490 [pool-314-thread-1] INFO  server.RaftServerConfigKeys (ConfUtils.java:logGet(43)) - raft.server.log.write.buffer.size = 33554432 (custom)
2019-09-19 09:43:00,490 [pool-314-thread-1] INFO  server.RaftServerConfigKeys (ConfUtils.java:logGet(43)) - raft.server.log.force.sync.num = 128 (default)
2019-09-19 09:43:00,490 [pool-314-thread-1] INFO  server.RaftServerConfigKeys (ConfUtils.java:logGet(43)) - raft.server.log.statemachine.data.sync = true (default)
2019-09-19 09:43:00,490 [pool-314-thread-1] INFO  server.RaftServerConfigKeys (ConfUtils.java:logGet(43)) - raft.server.log.statemachine.data.sync.timeout = 10s (default)
2019-09-19 09:43:00,491 [pool-314-thread-1] INFO  server.RaftServerConfigKeys (ConfUtils.java:logGet(43)) - raft.server.log.statemachine.data.sync.timeout.retry = -1 (default)
2019-09-19 09:43:00,491 [pool-314-thread-1] INFO  server.RaftServerConfigKeys (ConfUtils.java:logGet(43)) - raft.server.log.statemachine.data.caching.enabled = true (custom)
2019-09-19 09:43:00,491 [pool-314-thread-1] INFO  segmented.SegmentedRaftLogWorker (SegmentedRaftLogWorker.java:lambda$new$0(132)) - 0fbe0b13-b0c0-45d8-909a-630081c74a06-SegmentedRaftLogWorker:Storage Directory /workdir/hadoop-ozone/ozonefs/target/test-dir/MiniOzoneClusterImpl-9293621d-43c4-46ab-8c2c-7aa58a5f4982/datanode-2/data/ratis/35ffa96c-c3e4-4ea2-a399-88ca2f231996: flushIndex: setUnconditionally 0 -> -1
2019-09-19 09:43:00,492 [pool-314-thread-1] INFO  server.RaftServerConfigKeys (ConfUtils.java:logGet(43)) - raft.server.snapshot.auto.trigger.enabled = true (custom)
2019-09-19 09:43:00,492 [pool-314-thread-1] INFO  server.RaftServerConfigKeys (ConfUtils.java:logGet(43)) - raft.server.snapshot.auto.trigger.threshold = 10000 (custom)
2019-09-19 09:43:00,492 [pool-314-thread-1] INFO  server.RaftServerConfigKeys (ConfUtils.java:logGet(43)) - raft.server.retrycache.expirytime = 600000ms (custom)
2019-09-19 09:43:00,492 [pool-314-thread-1] INFO  impl.RaftServerImpl (RaftServerImpl.java:start(180)) - 0fbe0b13-b0c0-45d8-909a-630081c74a06: start group-88CA2F231996
2019-09-19 09:43:00,492 [pool-314-thread-1] INFO  impl.RaftServerImpl (RaftServerImpl.java:setRole(171)) - 0fbe0b13-b0c0-45d8-909a-630081c74a06:group-88CA2F231996 changes role from null to FOLLOWER at term 0 for startAsFollower
2019-09-19 09:43:00,492 [pool-314-thread-1] INFO  impl.RoleInfo (RoleInfo.java:updateAndGet(143)) - 0fbe0b13-b0c0-45d8-909a-630081c74a06: start FollowerState
2019-09-19 09:43:00,493 [pool-314-thread-1] INFO  util.JmxRegister (JmxRegister.java:tryRegister(44)) - Successfully registered JMX Bean with object name Ratis:service=RaftServer,group=group-88CA2F231996,id=0fbe0b13-b0c0-45d8-909a-630081c74a06
2019-09-19 09:43:00,495 [RatisPipelineUtilsThread] INFO  pipeline.PipelineStateManager (PipelineStateManager.java:addPipeline(56)) - Created pipeline Pipeline[ Id: 35ffa96c-c3e4-4ea2-a399-88ca2f231996, Nodes: 0fbe0b13-b0c0-45d8-909a-630081c74a06{ip: 192.168.34.5, host: pr-hdds-1569-j4bt4-3030777008, networkLocation: /default-rack, certSerialId: null}, Type:RATIS, Factor:ONE, State:OPEN]
2019-09-19 09:43:00,496 [RatisPipelineUtilsThread] ERROR pipeline.PipelinePlacementPolicy (PipelinePlacementPolicy.java:meetCriteria(91)) - Pipeline Placement: Doesn't meet the criteria to be viable node. Heaviness: 6
2019-09-19 09:43:00,496 [RatisPipelineUtilsThread] ERROR pipeline.PipelinePlacementPolicy (PipelinePlacementPolicy.java:meetCriteria(91)) - Pipeline Placement: Doesn't meet the criteria to be viable node. Heaviness: 6
2019-09-19 09:43:00,501 [grpc-default-executor-0] INFO  impl.RaftServerProxy (RaftServerProxy.java:addNew(89)) - 0fbe0b13-b0c0-45d8-909a-630081c74a06: addNew group-62449E59CDF6:[0fbe0b13-b0c0-45d8-909a-630081c74a06:192.168.34.5:45037] returns group-62449E59CDF6:java.util.concurrent.CompletableFuture@3f2600ab[Not completed]
2019-09-19 09:43:00,502 [pool-314-thread-1] INFO  impl.RaftServerImpl (RaftServerImpl.java:<init>(93)) - 0fbe0b13-b0c0-45d8-909a-630081c74a06: new RaftServerImpl for group-62449E59CDF6:[0fbe0b13-b0c0-45d8-909a-630081c74a06:192.168.34.5:45037] with ContainerStateMachine:uninitialized
2019-09-19 09:43:00,502 [pool-314-thread-1] INFO  server.RaftServerConfigKeys (ConfUtils.java:logGet(43)) - raft.server.rpc.timeout.min = 5s (custom)
2019-09-19 09:43:00,502 [pool-314-thread-1] INFO  server.RaftServerConfigKeys (ConfUtils.java:logGet(43)) - raft.server.rpc.timeout.max = 5200ms (custom)
2019-09-19 09:43:00,502 [pool-314-thread-1] INFO  server.RaftServerConfigKeys (ConfUtils.java:logGet(43)) - raft.server.rpcslowness.timeout = 120s (custom)
2019-09-19 09:43:00,502 [pool-314-thread-1] INFO  server.RaftServerConfigKeys (ConfUtils.java:logGet(43)) - raft.server.sleep.deviation.threshold = 300 (default)
2019-09-19 09:43:00,502 [pool-314-thread-1] INFO  server.RaftServerConfigKeys (ConfUtils.java:logGet(43)) - raft.server.log.appender.install.snapshot.enabled = false (custom)
2019-09-19 09:43:00,503 [pool-314-thread-1] INFO  impl.RaftServerImpl (ServerState.java:<init>(105)) - 0fbe0b13-b0c0-45d8-909a-630081c74a06:group-62449E59CDF6 ConfigurationManager, init=-1: [0fbe0b13-b0c0-45d8-909a-630081c74a06:192.168.34.5:45037], old=null, confs=<EMPTY_MAP>
2019-09-19 09:43:00,503 [pool-314-thread-1] INFO  server.RaftServerConfigKeys (ConfUtils.java:logGet(43)) - raft.server.storage.dir = [/workdir/hadoop-ozone/ozonefs/target/test-dir/MiniOzoneClusterImpl-9293621d-43c4-46ab-8c2c-7aa58a5f4982/datanode-2/data/ratis] (custom)
2019-09-19 09:43:00,503 [pool-314-thread-1] INFO  storage.RaftStorageDirectory (RaftStorageDirectory.java:analyzeStorage(246)) - The storage directory /workdir/hadoop-ozone/ozonefs/target/test-dir/MiniOzoneClusterImpl-9293621d-43c4-46ab-8c2c-7aa58a5f4982/datanode-2/data/ratis/902d2ad6-5c0c-4f92-9fd3-62449e59cdf6 does not exist. Creating ...
2019-09-19 09:43:00,516 [pool-314-thread-1] INFO  storage.RaftStorageDirectory (RaftStorageDirectory.java:tryLock(328)) - Lock on /workdir/hadoop-ozone/ozonefs/target/test-dir/MiniOzoneClusterImpl-9293621d-43c4-46ab-8c2c-7aa58a5f4982/datanode-2/data/ratis/902d2ad6-5c0c-4f92-9fd3-62449e59cdf6/in_use.lock acquired by nodename 24695@pr-hdds-1569-j4bt4-3030777008
2019-09-19 09:43:00,530 [pool-314-thread-1] INFO  storage.RaftStorage (RaftStorage.java:format(72)) - Storage directory /workdir/hadoop-ozone/ozonefs/target/test-dir/MiniOzoneClusterImpl-9293621d-43c4-46ab-8c2c-7aa58a5f4982/datanode-2/data/ratis/902d2ad6-5c0c-4f92-9fd3-62449e59cdf6 has been successfully formatted.
2019-09-19 09:43:00,530 [pool-314-thread-1] INFO  ratis.ContainerStateMachine (ContainerStateMachine.java:loadSnapshot(226)) - group-62449E59CDF6: The snapshot info is null. Setting the last applied indexto:(t:0, i:~)
2019-09-19 09:43:00,530 [pool-314-thread-1] INFO  server.RaftServerConfigKeys (ConfUtils.java:logGet(43)) - raft.server.leader.election.timeout = 120s (custom)
2019-09-19 09:43:00,530 [pool-314-thread-1] INFO  server.RaftServerConfigKeys (ConfUtils.java:logGet(43)) - raft.server.log.use.memory = false (default)
2019-09-19 09:43:00,530 [pool-314-thread-1] INFO  server.RaftServerConfigKeys (ConfUtils.java:logGet(43)) - raft.server.log.purge.gap = 1000000 (custom)
2019-09-19 09:43:00,531 [pool-314-thread-1] INFO  server.RaftServerConfigKeys (ConfUtils.java:logGet(43)) - raft.server.log.appender.buffer.byte-limit = 33554432 (custom)
2019-09-19 09:43:00,531 [pool-314-thread-1] INFO  server.RaftServerConfigKeys (ConfUtils.java:logGet(43)) - raft.server.log.segment.size.max = 1048576 (custom)
2019-09-19 09:43:00,531 [pool-314-thread-1] INFO  server.RaftServerConfigKeys (ConfUtils.java:logGet(43)) - raft.server.log.segment.cache.num.max = 2 (custom)
2019-09-19 09:43:00,531 [pool-314-thread-1] INFO  segmented.SegmentedRaftLogWorker (SegmentedRaftLogWorker.java:<init>(172)) - new 0fbe0b13-b0c0-45d8-909a-630081c74a06-SegmentedRaftLogWorker:Storage Directory /workdir/hadoop-ozone/ozonefs/target/test-dir/MiniOzoneClusterImpl-9293621d-43c4-46ab-8c2c-7aa58a5f4982/datanode-2/data/ratis/902d2ad6-5c0c-4f92-9fd3-62449e59cdf6 for RaftStorage:Storage Directory /workdir/hadoop-ozone/ozonefs/target/test-dir/MiniOzoneClusterImpl-9293621d-43c4-46ab-8c2c-7aa58a5f4982/datanode-2/data/ratis/902d2ad6-5c0c-4f92-9fd3-62449e59cdf6
2019-09-19 09:43:00,531 [pool-314-thread-1] INFO  server.RaftServerConfigKeys (ConfUtils.java:logGet(43)) - raft.server.log.queue.byte-limit = 2147483647 (custom)
2019-09-19 09:43:00,531 [pool-314-thread-1] INFO  server.RaftServerConfigKeys (ConfUtils.java:logGet(43)) - raft.server.log.queue.element-limit = 1024 (custom)
2019-09-19 09:43:00,531 [pool-314-thread-1] INFO  server.RaftServerConfigKeys (ConfUtils.java:logGet(43)) - raft.server.log.segment.size.max = 1048576 (custom)
2019-09-19 09:43:00,531 [pool-314-thread-1] INFO  server.RaftServerConfigKeys (ConfUtils.java:logGet(43)) - raft.server.log.preallocated.size = 16384 (custom)
2019-09-19 09:43:00,532 [pool-314-thread-1] INFO  server.RaftServerConfigKeys (ConfUtils.java:logGet(43)) - raft.server.log.write.buffer.size = 33554432 (custom)
2019-09-19 09:43:00,532 [pool-314-thread-1] INFO  server.RaftServerConfigKeys (ConfUtils.java:logGet(43)) - raft.server.log.force.sync.num = 128 (default)
2019-09-19 09:43:00,532 [pool-314-thread-1] INFO  server.RaftServerConfigKeys (ConfUtils.java:logGet(43)) - raft.server.log.statemachine.data.sync = true (default)
2019-09-19 09:43:00,532 [pool-314-thread-1] INFO  server.RaftServerConfigKeys (ConfUtils.java:logGet(43)) - raft.server.log.statemachine.data.sync.timeout = 10s (default)
2019-09-19 09:43:00,532 [pool-314-thread-1] INFO  server.RaftServerConfigKeys (ConfUtils.java:logGet(43)) - raft.server.log.statemachine.data.sync.timeout.retry = -1 (default)
2019-09-19 09:43:00,532 [pool-314-thread-1] INFO  server.RaftServerConfigKeys (ConfUtils.java:logGet(43)) - raft.server.log.statemachine.data.caching.enabled = true (custom)
2019-09-19 09:43:00,533 [pool-314-thread-1] INFO  segmented.SegmentedRaftLogWorker (SegmentedRaftLogWorker.java:lambda$new$0(132)) - 0fbe0b13-b0c0-45d8-909a-630081c74a06-SegmentedRaftLogWorker:Storage Directory /workdir/hadoop-ozone/ozonefs/target/test-dir/MiniOzoneClusterImpl-9293621d-43c4-46ab-8c2c-7aa58a5f4982/datanode-2/data/ratis/902d2ad6-5c0c-4f92-9fd3-62449e59cdf6: flushIndex: setUnconditionally 0 -> -1
2019-09-19 09:43:00,533 [pool-314-thread-1] INFO  server.RaftServerConfigKeys (ConfUtils.java:logGet(43)) - raft.server.snapshot.auto.trigger.enabled = true (custom)
2019-09-19 09:43:00,533 [pool-314-thread-1] INFO  server.RaftServerConfigKeys (ConfUtils.java:logGet(43)) - raft.server.snapshot.auto.trigger.threshold = 10000 (custom)
2019-09-19 09:43:00,533 [pool-314-thread-1] INFO  server.RaftServerConfigKeys (ConfUtils.java:logGet(43)) - raft.server.retrycache.expirytime = 600000ms (custom)
2019-09-19 09:43:00,533 [pool-314-thread-1] INFO  impl.RaftServerImpl (RaftServerImpl.java:start(180)) - 0fbe0b13-b0c0-45d8-909a-630081c74a06: start group-62449E59CDF6
2019-09-19 09:43:00,533 [pool-314-thread-1] INFO  impl.RaftServerImpl (RaftServerImpl.java:setRole(171)) - 0fbe0b13-b0c0-45d8-909a-630081c74a06:group-62449E59CDF6 changes role from null to FOLLOWER at term 0 for startAsFollower
2019-09-19 09:43:00,534 [pool-314-thread-1] INFO  impl.RoleInfo (RoleInfo.java:updateAndGet(143)) - 0fbe0b13-b0c0-45d8-909a-630081c74a06: start FollowerState
2019-09-19 09:43:00,534 [pool-314-thread-1] INFO  util.JmxRegister (JmxRegister.java:tryRegister(44)) - Successfully registered JMX Bean with object name Ratis:service=RaftServer,group=group-62449E59CDF6,id=0fbe0b13-b0c0-45d8-909a-630081c74a06
2019-09-19 09:43:00,536 [RatisPipelineUtilsThread] INFO  pipeline.PipelineStateManager (PipelineStateManager.java:addPipeline(56)) - Created pipeline Pipeline[ Id: 902d2ad6-5c0c-4f92-9fd3-62449e59cdf6, Nodes: 0fbe0b13-b0c0-45d8-909a-630081c74a06{ip: 192.168.34.5, host: pr-hdds-1569-j4bt4-3030777008, networkLocation: /default-rack, certSerialId: null}, Type:RATIS, Factor:ONE, State:OPEN]
2019-09-19 09:43:00,537 [RatisPipelineUtilsThread] ERROR pipeline.PipelinePlacementPolicy (PipelinePlacementPolicy.java:meetCriteria(91)) - Pipeline Placement: Doesn't meet the criteria to be viable node. Heaviness: 6
2019-09-19 09:43:00,537 [RatisPipelineUtilsThread] ERROR pipeline.PipelinePlacementPolicy (PipelinePlacementPolicy.java:meetCriteria(91)) - Pipeline Placement: Doesn't meet the criteria to be viable node. Heaviness: 6
2019-09-19 09:43:00,542 [grpc-default-executor-0] INFO  impl.RaftServerProxy (RaftServerProxy.java:addNew(89)) - 0fbe0b13-b0c0-45d8-909a-630081c74a06: addNew group-FC3953E93DEE:[0fbe0b13-b0c0-45d8-909a-630081c74a06:192.168.34.5:45037] returns group-FC3953E93DEE:java.util.concurrent.CompletableFuture@41b51125[Not completed]
2019-09-19 09:43:00,543 [pool-314-thread-1] INFO  impl.RaftServerImpl (RaftServerImpl.java:<init>(93)) - 0fbe0b13-b0c0-45d8-909a-630081c74a06: new RaftServerImpl for group-FC3953E93DEE:[0fbe0b13-b0c0-45d8-909a-630081c74a06:192.168.34.5:45037] with ContainerStateMachine:uninitialized
2019-09-19 09:43:00,543 [pool-314-thread-1] INFO  server.RaftServerConfigKeys (ConfUtils.java:logGet(43)) - raft.server.rpc.timeout.min = 5s (custom)
2019-09-19 09:43:00,543 [pool-314-thread-1] INFO  server.RaftServerConfigKeys (ConfUtils.java:logGet(43)) - raft.server.rpc.timeout.max = 5200ms (custom)
2019-09-19 09:43:00,543 [pool-314-thread-1] INFO  server.RaftServerConfigKeys (ConfUtils.java:logGet(43)) - raft.server.rpcslowness.timeout = 120s (custom)
2019-09-19 09:43:00,543 [pool-314-thread-1] INFO  server.RaftServerConfigKeys (ConfUtils.java:logGet(43)) - raft.server.sleep.deviation.threshold = 300 (default)
2019-09-19 09:43:00,543 [pool-314-thread-1] INFO  server.RaftServerConfigKeys (ConfUtils.java:logGet(43)) - raft.server.log.appender.install.snapshot.enabled = false (custom)
2019-09-19 09:43:00,544 [pool-314-thread-1] INFO  impl.RaftServerImpl (ServerState.java:<init>(105)) - 0fbe0b13-b0c0-45d8-909a-630081c74a06:group-FC3953E93DEE ConfigurationManager, init=-1: [0fbe0b13-b0c0-45d8-909a-630081c74a06:192.168.34.5:45037], old=null, confs=<EMPTY_MAP>
2019-09-19 09:43:00,544 [pool-314-thread-1] INFO  server.RaftServerConfigKeys (ConfUtils.java:logGet(43)) - raft.server.storage.dir = [/workdir/hadoop-ozone/ozonefs/target/test-dir/MiniOzoneClusterImpl-9293621d-43c4-46ab-8c2c-7aa58a5f4982/datanode-2/data/ratis] (custom)
2019-09-19 09:43:00,544 [pool-314-thread-1] INFO  storage.RaftStorageDirectory (RaftStorageDirectory.java:analyzeStorage(246)) - The storage directory /workdir/hadoop-ozone/ozonefs/target/test-dir/MiniOzoneClusterImpl-9293621d-43c4-46ab-8c2c-7aa58a5f4982/datanode-2/data/ratis/b0a1da6d-d70d-4efa-b757-fc3953e93dee does not exist. Creating ...
2019-09-19 09:43:00,549 [pool-314-thread-1] INFO  storage.RaftStorageDirectory (RaftStorageDirectory.java:tryLock(328)) - Lock on /workdir/hadoop-ozone/ozonefs/target/test-dir/MiniOzoneClusterImpl-9293621d-43c4-46ab-8c2c-7aa58a5f4982/datanode-2/data/ratis/b0a1da6d-d70d-4efa-b757-fc3953e93dee/in_use.lock acquired by nodename 24695@pr-hdds-1569-j4bt4-3030777008
2019-09-19 09:43:00,562 [pool-314-thread-1] INFO  storage.RaftStorage (RaftStorage.java:format(72)) - Storage directory /workdir/hadoop-ozone/ozonefs/target/test-dir/MiniOzoneClusterImpl-9293621d-43c4-46ab-8c2c-7aa58a5f4982/datanode-2/data/ratis/b0a1da6d-d70d-4efa-b757-fc3953e93dee has been successfully formatted.
2019-09-19 09:43:00,562 [pool-314-thread-1] INFO  ratis.ContainerStateMachine (ContainerStateMachine.java:loadSnapshot(226)) - group-FC3953E93DEE: The snapshot info is null. Setting the last applied indexto:(t:0, i:~)
2019-09-19 09:43:00,562 [pool-314-thread-1] INFO  server.RaftServerConfigKeys (ConfUtils.java:logGet(43)) - raft.server.leader.election.timeout = 120s (custom)
2019-09-19 09:43:00,562 [pool-314-thread-1] INFO  server.RaftServerConfigKeys (ConfUtils.java:logGet(43)) - raft.server.log.use.memory = false (default)
2019-09-19 09:43:00,562 [pool-314-thread-1] INFO  server.RaftServerConfigKeys (ConfUtils.java:logGet(43)) - raft.server.log.purge.gap = 1000000 (custom)
2019-09-19 09:43:00,562 [pool-314-thread-1] INFO  server.RaftServerConfigKeys (ConfUtils.java:logGet(43)) - raft.server.log.appender.buffer.byte-limit = 33554432 (custom)
2019-09-19 09:43:00,563 [pool-314-thread-1] INFO  server.RaftServerConfigKeys (ConfUtils.java:logGet(43)) - raft.server.log.segment.size.max = 1048576 (custom)
2019-09-19 09:43:00,563 [pool-314-thread-1] INFO  server.RaftServerConfigKeys (ConfUtils.java:logGet(43)) - raft.server.log.segment.cache.num.max = 2 (custom)
2019-09-19 09:43:00,563 [pool-314-thread-1] INFO  segmented.SegmentedRaftLogWorker (SegmentedRaftLogWorker.java:<init>(172)) - new 0fbe0b13-b0c0-45d8-909a-630081c74a06-SegmentedRaftLogWorker:Storage Directory /workdir/hadoop-ozone/ozonefs/target/test-dir/MiniOzoneClusterImpl-9293621d-43c4-46ab-8c2c-7aa58a5f4982/datanode-2/data/ratis/b0a1da6d-d70d-4efa-b757-fc3953e93dee for RaftStorage:Storage Directory /workdir/hadoop-ozone/ozonefs/target/test-dir/MiniOzoneClusterImpl-9293621d-43c4-46ab-8c2c-7aa58a5f4982/datanode-2/data/ratis/b0a1da6d-d70d-4efa-b757-fc3953e93dee
2019-09-19 09:43:00,563 [pool-314-thread-1] INFO  server.RaftServerConfigKeys (ConfUtils.java:logGet(43)) - raft.server.log.queue.byte-limit = 2147483647 (custom)
2019-09-19 09:43:00,563 [pool-314-thread-1] INFO  server.RaftServerConfigKeys (ConfUtils.java:logGet(43)) - raft.server.log.queue.element-limit = 1024 (custom)
2019-09-19 09:43:00,563 [pool-314-thread-1] INFO  server.RaftServerConfigKeys (ConfUtils.java:logGet(43)) - raft.server.log.segment.size.max = 1048576 (custom)
2019-09-19 09:43:00,563 [pool-314-thread-1] INFO  server.RaftServerConfigKeys (ConfUtils.java:logGet(43)) - raft.server.log.preallocated.size = 16384 (custom)
2019-09-19 09:43:00,564 [pool-314-thread-1] INFO  server.RaftServerConfigKeys (ConfUtils.java:logGet(43)) - raft.server.log.write.buffer.size = 33554432 (custom)
2019-09-19 09:43:00,564 [pool-314-thread-1] INFO  server.RaftServerConfigKeys (ConfUtils.java:logGet(43)) - raft.server.log.force.sync.num = 128 (default)
2019-09-19 09:43:00,564 [pool-314-thread-1] INFO  server.RaftServerConfigKeys (ConfUtils.java:logGet(43)) - raft.server.log.statemachine.data.sync = true (default)
2019-09-19 09:43:00,564 [pool-314-thread-1] INFO  server.RaftServerConfigKeys (ConfUtils.java:logGet(43)) - raft.server.log.statemachine.data.sync.timeout = 10s (default)
2019-09-19 09:43:00,564 [pool-314-thread-1] INFO  server.RaftServerConfigKeys (ConfUtils.java:logGet(43)) - raft.server.log.statemachine.data.sync.timeout.retry = -1 (default)
2019-09-19 09:43:00,564 [pool-314-thread-1] INFO  server.RaftServerConfigKeys (ConfUtils.java:logGet(43)) - raft.server.log.statemachine.data.caching.enabled = true (custom)
2019-09-19 09:43:00,564 [pool-314-thread-1] INFO  segmented.SegmentedRaftLogWorker (SegmentedRaftLogWorker.java:lambda$new$0(132)) - 0fbe0b13-b0c0-45d8-909a-630081c74a06-SegmentedRaftLogWorker:Storage Directory /workdir/hadoop-ozone/ozonefs/target/test-dir/MiniOzoneClusterImpl-9293621d-43c4-46ab-8c2c-7aa58a5f4982/datanode-2/data/ratis/b0a1da6d-d70d-4efa-b757-fc3953e93dee: flushIndex: setUnconditionally 0 -> -1
2019-09-19 09:43:00,565 [pool-314-thread-1] INFO  server.RaftServerConfigKeys (ConfUtils.java:logGet(43)) - raft.server.snapshot.auto.trigger.enabled = true (custom)
2019-09-19 09:43:00,565 [pool-314-thread-1] INFO  server.RaftServerConfigKeys (ConfUtils.java:logGet(43)) - raft.server.snapshot.auto.trigger.threshold = 10000 (custom)
2019-09-19 09:43:00,565 [pool-314-thread-1] INFO  server.RaftServerConfigKeys (ConfUtils.java:logGet(43)) - raft.server.retrycache.expirytime = 600000ms (custom)
2019-09-19 09:43:00,565 [pool-314-thread-1] INFO  impl.RaftServerImpl (RaftServerImpl.java:start(180)) - 0fbe0b13-b0c0-45d8-909a-630081c74a06: start group-FC3953E93DEE
2019-09-19 09:43:00,565 [pool-314-thread-1] INFO  impl.RaftServerImpl (RaftServerImpl.java:setRole(171)) - 0fbe0b13-b0c0-45d8-909a-630081c74a06:group-FC3953E93DEE changes role from null to FOLLOWER at term 0 for startAsFollower
2019-09-19 09:43:00,565 [pool-314-thread-1] INFO  impl.RoleInfo (RoleInfo.java:updateAndGet(143)) - 0fbe0b13-b0c0-45d8-909a-630081c74a06: start FollowerState
2019-09-19 09:43:00,566 [pool-314-thread-1] INFO  util.JmxRegister (JmxRegister.java:tryRegister(44)) - Successfully registered JMX Bean with object name Ratis:service=RaftServer,group=group-FC3953E93DEE,id=0fbe0b13-b0c0-45d8-909a-630081c74a06
2019-09-19 09:43:00,568 [RatisPipelineUtilsThread] INFO  pipeline.PipelineStateManager (PipelineStateManager.java:addPipeline(56)) - Created pipeline Pipeline[ Id: b0a1da6d-d70d-4efa-b757-fc3953e93dee, Nodes: 0fbe0b13-b0c0-45d8-909a-630081c74a06{ip: 192.168.34.5, host: pr-hdds-1569-j4bt4-3030777008, networkLocation: /default-rack, certSerialId: null}, Type:RATIS, Factor:ONE, State:OPEN]
2019-09-19 09:43:00,569 [RatisPipelineUtilsThread] ERROR pipeline.PipelinePlacementPolicy (PipelinePlacementPolicy.java:meetCriteria(91)) - Pipeline Placement: Doesn't meet the criteria to be viable node. Heaviness: 6
2019-09-19 09:43:00,569 [RatisPipelineUtilsThread] ERROR pipeline.PipelinePlacementPolicy (PipelinePlacementPolicy.java:meetCriteria(91)) - Pipeline Placement: Doesn't meet the criteria to be viable node. Heaviness: 6
2019-09-19 09:43:00,574 [grpc-default-executor-0] INFO  impl.RaftServerProxy (RaftServerProxy.java:addNew(89)) - 0fbe0b13-b0c0-45d8-909a-630081c74a06: addNew group-F23D8C3D980B:[0fbe0b13-b0c0-45d8-909a-630081c74a06:192.168.34.5:45037] returns group-F23D8C3D980B:java.util.concurrent.CompletableFuture@3a6d4d94[Not completed]
2019-09-19 09:43:00,575 [pool-314-thread-1] INFO  impl.RaftServerImpl (RaftServerImpl.java:<init>(93)) - 0fbe0b13-b0c0-45d8-909a-630081c74a06: new RaftServerImpl for group-F23D8C3D980B:[0fbe0b13-b0c0-45d8-909a-630081c74a06:192.168.34.5:45037] with ContainerStateMachine:uninitialized
2019-09-19 09:43:00,575 [pool-314-thread-1] INFO  server.RaftServerConfigKeys (ConfUtils.java:logGet(43)) - raft.server.rpc.timeout.min = 5s (custom)
2019-09-19 09:43:00,575 [pool-314-thread-1] INFO  server.RaftServerConfigKeys (ConfUtils.java:logGet(43)) - raft.server.rpc.timeout.max = 5200ms (custom)
2019-09-19 09:43:00,575 [pool-314-thread-1] INFO  server.RaftServerConfigKeys (ConfUtils.java:logGet(43)) - raft.server.rpcslowness.timeout = 120s (custom)
2019-09-19 09:43:00,575 [pool-314-thread-1] INFO  server.RaftServerConfigKeys (ConfUtils.java:logGet(43)) - raft.server.sleep.deviation.threshold = 300 (default)
2019-09-19 09:43:00,575 [pool-314-thread-1] INFO  server.RaftServerConfigKeys (ConfUtils.java:logGet(43)) - raft.server.log.appender.install.snapshot.enabled = false (custom)
2019-09-19 09:43:00,575 [pool-314-thread-1] INFO  impl.RaftServerImpl (ServerState.java:<init>(105)) - 0fbe0b13-b0c0-45d8-909a-630081c74a06:group-F23D8C3D980B ConfigurationManager, init=-1: [0fbe0b13-b0c0-45d8-909a-630081c74a06:192.168.34.5:45037], old=null, confs=<EMPTY_MAP>
2019-09-19 09:43:00,576 [pool-314-thread-1] INFO  server.RaftServerConfigKeys (ConfUtils.java:logGet(43)) - raft.server.storage.dir = [/workdir/hadoop-ozone/ozonefs/target/test-dir/MiniOzoneClusterImpl-9293621d-43c4-46ab-8c2c-7aa58a5f4982/datanode-2/data/ratis] (custom)
2019-09-19 09:43:00,576 [pool-314-thread-1] INFO  storage.RaftStorageDirectory (RaftStorageDirectory.java:analyzeStorage(246)) - The storage directory /workdir/hadoop-ozone/ozonefs/target/test-dir/MiniOzoneClusterImpl-9293621d-43c4-46ab-8c2c-7aa58a5f4982/datanode-2/data/ratis/33a3dff1-809a-4ab8-9a0b-f23d8c3d980b does not exist. Creating ...
2019-09-19 09:43:00,589 [pool-314-thread-1] INFO  storage.RaftStorageDirectory (RaftStorageDirectory.java:tryLock(328)) - Lock on /workdir/hadoop-ozone/ozonefs/target/test-dir/MiniOzoneClusterImpl-9293621d-43c4-46ab-8c2c-7aa58a5f4982/datanode-2/data/ratis/33a3dff1-809a-4ab8-9a0b-f23d8c3d980b/in_use.lock acquired by nodename 24695@pr-hdds-1569-j4bt4-3030777008
2019-09-19 09:43:00,601 [pool-314-thread-1] INFO  storage.RaftStorage (RaftStorage.java:format(72)) - Storage directory /workdir/hadoop-ozone/ozonefs/target/test-dir/MiniOzoneClusterImpl-9293621d-43c4-46ab-8c2c-7aa58a5f4982/datanode-2/data/ratis/33a3dff1-809a-4ab8-9a0b-f23d8c3d980b has been successfully formatted.
2019-09-19 09:43:00,602 [pool-314-thread-1] INFO  ratis.ContainerStateMachine (ContainerStateMachine.java:loadSnapshot(226)) - group-F23D8C3D980B: The snapshot info is null. Setting the last applied indexto:(t:0, i:~)
2019-09-19 09:43:00,602 [pool-314-thread-1] INFO  server.RaftServerConfigKeys (ConfUtils.java:logGet(43)) - raft.server.leader.election.timeout = 120s (custom)
2019-09-19 09:43:00,602 [pool-314-thread-1] INFO  server.RaftServerConfigKeys (ConfUtils.java:logGet(43)) - raft.server.log.use.memory = false (default)
2019-09-19 09:43:00,602 [pool-314-thread-1] INFO  server.RaftServerConfigKeys (ConfUtils.java:logGet(43)) - raft.server.log.purge.gap = 1000000 (custom)
2019-09-19 09:43:00,602 [pool-314-thread-1] INFO  server.RaftServerConfigKeys (ConfUtils.java:logGet(43)) - raft.server.log.appender.buffer.byte-limit = 33554432 (custom)
2019-09-19 09:43:00,602 [pool-314-thread-1] INFO  server.RaftServerConfigKeys (ConfUtils.java:logGet(43)) - raft.server.log.segment.size.max = 1048576 (custom)
2019-09-19 09:43:00,602 [pool-314-thread-1] INFO  server.RaftServerConfigKeys (ConfUtils.java:logGet(43)) - raft.server.log.segment.cache.num.max = 2 (custom)
2019-09-19 09:43:00,603 [pool-314-thread-1] INFO  segmented.SegmentedRaftLogWorker (SegmentedRaftLogWorker.java:<init>(172)) - new 0fbe0b13-b0c0-45d8-909a-630081c74a06-SegmentedRaftLogWorker:Storage Directory /workdir/hadoop-ozone/ozonefs/target/test-dir/MiniOzoneClusterImpl-9293621d-43c4-46ab-8c2c-7aa58a5f4982/datanode-2/data/ratis/33a3dff1-809a-4ab8-9a0b-f23d8c3d980b for RaftStorage:Storage Directory /workdir/hadoop-ozone/ozonefs/target/test-dir/MiniOzoneClusterImpl-9293621d-43c4-46ab-8c2c-7aa58a5f4982/datanode-2/data/ratis/33a3dff1-809a-4ab8-9a0b-f23d8c3d980b
2019-09-19 09:43:00,603 [pool-314-thread-1] INFO  server.RaftServerConfigKeys (ConfUtils.java:logGet(43)) - raft.server.log.queue.byte-limit = 2147483647 (custom)
2019-09-19 09:43:00,603 [pool-314-thread-1] INFO  server.RaftServerConfigKeys (ConfUtils.java:logGet(43)) - raft.server.log.queue.element-limit = 1024 (custom)
2019-09-19 09:43:00,603 [pool-314-thread-1] INFO  server.RaftServerConfigKeys (ConfUtils.java:logGet(43)) - raft.server.log.segment.size.max = 1048576 (custom)
2019-09-19 09:43:00,603 [pool-314-thread-1] INFO  server.RaftServerConfigKeys (ConfUtils.java:logGet(43)) - raft.server.log.preallocated.size = 16384 (custom)
2019-09-19 09:43:00,603 [pool-314-thread-1] INFO  server.RaftServerConfigKeys (ConfUtils.java:logGet(43)) - raft.server.log.write.buffer.size = 33554432 (custom)
2019-09-19 09:43:00,603 [pool-314-thread-1] INFO  server.RaftServerConfigKeys (ConfUtils.java:logGet(43)) - raft.server.log.force.sync.num = 128 (default)
2019-09-19 09:43:00,603 [pool-314-thread-1] INFO  server.RaftServerConfigKeys (ConfUtils.java:logGet(43)) - raft.server.log.statemachine.data.sync = true (default)
2019-09-19 09:43:00,603 [pool-314-thread-1] INFO  server.RaftServerConfigKeys (ConfUtils.java:logGet(43)) - raft.server.log.statemachine.data.sync.timeout = 10s (default)
2019-09-19 09:43:00,604 [pool-314-thread-1] INFO  server.RaftServerConfigKeys (ConfUtils.java:logGet(43)) - raft.server.log.statemachine.data.sync.timeout.retry = -1 (default)
2019-09-19 09:43:00,604 [pool-314-thread-1] INFO  server.RaftServerConfigKeys (ConfUtils.java:logGet(43)) - raft.server.log.statemachine.data.caching.enabled = true (custom)
2019-09-19 09:43:00,604 [pool-314-thread-1] INFO  segmented.SegmentedRaftLogWorker (SegmentedRaftLogWorker.java:lambda$new$0(132)) - 0fbe0b13-b0c0-45d8-909a-630081c74a06-SegmentedRaftLogWorker:Storage Directory /workdir/hadoop-ozone/ozonefs/target/test-dir/MiniOzoneClusterImpl-9293621d-43c4-46ab-8c2c-7aa58a5f4982/datanode-2/data/ratis/33a3dff1-809a-4ab8-9a0b-f23d8c3d980b: flushIndex: setUnconditionally 0 -> -1
2019-09-19 09:43:00,604 [pool-314-thread-1] INFO  server.RaftServerConfigKeys (ConfUtils.java:logGet(43)) - raft.server.snapshot.auto.trigger.enabled = true (custom)
2019-09-19 09:43:00,604 [pool-314-thread-1] INFO  server.RaftServerConfigKeys (ConfUtils.java:logGet(43)) - raft.server.snapshot.auto.trigger.threshold = 10000 (custom)
2019-09-19 09:43:00,604 [pool-314-thread-1] INFO  server.RaftServerConfigKeys (ConfUtils.java:logGet(43)) - raft.server.retrycache.expirytime = 600000ms (custom)
2019-09-19 09:43:00,605 [pool-314-thread-1] INFO  impl.RaftServerImpl (RaftServerImpl.java:start(180)) - 0fbe0b13-b0c0-45d8-909a-630081c74a06: start group-F23D8C3D980B
2019-09-19 09:43:00,605 [pool-314-thread-1] INFO  impl.RaftServerImpl (RaftServerImpl.java:setRole(171)) - 0fbe0b13-b0c0-45d8-909a-630081c74a06:group-F23D8C3D980B changes role from null to FOLLOWER at term 0 for startAsFollower
2019-09-19 09:43:00,605 [pool-314-thread-1] INFO  impl.RoleInfo (RoleInfo.java:updateAndGet(143)) - 0fbe0b13-b0c0-45d8-909a-630081c74a06: start FollowerState
2019-09-19 09:43:00,605 [pool-314-thread-1] INFO  util.JmxRegister (JmxRegister.java:tryRegister(44)) - Successfully registered JMX Bean with object name Ratis:service=RaftServer,group=group-F23D8C3D980B,id=0fbe0b13-b0c0-45d8-909a-630081c74a06
2019-09-19 09:43:00,608 [RatisPipelineUtilsThread] INFO  pipeline.PipelineStateManager (PipelineStateManager.java:addPipeline(56)) - Created pipeline Pipeline[ Id: 33a3dff1-809a-4ab8-9a0b-f23d8c3d980b, Nodes: 0fbe0b13-b0c0-45d8-909a-630081c74a06{ip: 192.168.34.5, host: pr-hdds-1569-j4bt4-3030777008, networkLocation: /default-rack, certSerialId: null}, Type:RATIS, Factor:ONE, State:OPEN]
2019-09-19 09:43:00,608 [RatisPipelineUtilsThread] ERROR pipeline.PipelinePlacementPolicy (PipelinePlacementPolicy.java:meetCriteria(91)) - Pipeline Placement: Doesn't meet the criteria to be viable node. Heaviness: 6
2019-09-19 09:43:00,608 [RatisPipelineUtilsThread] ERROR pipeline.PipelinePlacementPolicy (PipelinePlacementPolicy.java:meetCriteria(91)) - Pipeline Placement: Doesn't meet the criteria to be viable node. Heaviness: 6
2019-09-19 09:43:00,613 [grpc-default-executor-0] INFO  impl.RaftServerProxy (RaftServerProxy.java:addNew(89)) - 0fbe0b13-b0c0-45d8-909a-630081c74a06: addNew group-FE5AB84D50F1:[0fbe0b13-b0c0-45d8-909a-630081c74a06:192.168.34.5:45037] returns group-FE5AB84D50F1:java.util.concurrent.CompletableFuture@61d946cf[Not completed]
2019-09-19 09:43:00,614 [pool-314-thread-1] INFO  impl.RaftServerImpl (RaftServerImpl.java:<init>(93)) - 0fbe0b13-b0c0-45d8-909a-630081c74a06: new RaftServerImpl for group-FE5AB84D50F1:[0fbe0b13-b0c0-45d8-909a-630081c74a06:192.168.34.5:45037] with ContainerStateMachine:uninitialized
2019-09-19 09:43:00,614 [pool-314-thread-1] INFO  server.RaftServerConfigKeys (ConfUtils.java:logGet(43)) - raft.server.rpc.timeout.min = 5s (custom)
2019-09-19 09:43:00,614 [pool-314-thread-1] INFO  server.RaftServerConfigKeys (ConfUtils.java:logGet(43)) - raft.server.rpc.timeout.max = 5200ms (custom)
2019-09-19 09:43:00,614 [pool-314-thread-1] INFO  server.RaftServerConfigKeys (ConfUtils.java:logGet(43)) - raft.server.rpcslowness.timeout = 120s (custom)
2019-09-19 09:43:00,614 [pool-314-thread-1] INFO  server.RaftServerConfigKeys (ConfUtils.java:logGet(43)) - raft.server.sleep.deviation.threshold = 300 (default)
2019-09-19 09:43:00,614 [pool-314-thread-1] INFO  server.RaftServerConfigKeys (ConfUtils.java:logGet(43)) - raft.server.log.appender.install.snapshot.enabled = false (custom)
2019-09-19 09:43:00,615 [pool-314-thread-1] INFO  impl.RaftServerImpl (ServerState.java:<init>(105)) - 0fbe0b13-b0c0-45d8-909a-630081c74a06:group-FE5AB84D50F1 ConfigurationManager, init=-1: [0fbe0b13-b0c0-45d8-909a-630081c74a06:192.168.34.5:45037], old=null, confs=<EMPTY_MAP>
2019-09-19 09:43:00,615 [pool-314-thread-1] INFO  server.RaftServerConfigKeys (ConfUtils.java:logGet(43)) - raft.server.storage.dir = [/workdir/hadoop-ozone/ozonefs/target/test-dir/MiniOzoneClusterImpl-9293621d-43c4-46ab-8c2c-7aa58a5f4982/datanode-2/data/ratis] (custom)
2019-09-19 09:43:00,615 [pool-314-thread-1] INFO  storage.RaftStorageDirectory (RaftStorageDirectory.java:analyzeStorage(246)) - The storage directory /workdir/hadoop-ozone/ozonefs/target/test-dir/MiniOzoneClusterImpl-9293621d-43c4-46ab-8c2c-7aa58a5f4982/datanode-2/data/ratis/6407a0ee-f649-4367-842f-fe5ab84d50f1 does not exist. Creating ...
2019-09-19 09:43:00,627 [pool-314-thread-1] INFO  storage.RaftStorageDirectory (RaftStorageDirectory.java:tryLock(328)) - Lock on /workdir/hadoop-ozone/ozonefs/target/test-dir/MiniOzoneClusterImpl-9293621d-43c4-46ab-8c2c-7aa58a5f4982/datanode-2/data/ratis/6407a0ee-f649-4367-842f-fe5ab84d50f1/in_use.lock acquired by nodename 24695@pr-hdds-1569-j4bt4-3030777008
2019-09-19 09:43:00,640 [pool-314-thread-1] INFO  storage.RaftStorage (RaftStorage.java:format(72)) - Storage directory /workdir/hadoop-ozone/ozonefs/target/test-dir/MiniOzoneClusterImpl-9293621d-43c4-46ab-8c2c-7aa58a5f4982/datanode-2/data/ratis/6407a0ee-f649-4367-842f-fe5ab84d50f1 has been successfully formatted.
2019-09-19 09:43:00,640 [pool-314-thread-1] INFO  ratis.ContainerStateMachine (ContainerStateMachine.java:loadSnapshot(226)) - group-FE5AB84D50F1: The snapshot info is null. Setting the last applied indexto:(t:0, i:~)
2019-09-19 09:43:00,640 [pool-314-thread-1] INFO  server.RaftServerConfigKeys (ConfUtils.java:logGet(43)) - raft.server.leader.election.timeout = 120s (custom)
2019-09-19 09:43:00,641 [pool-314-thread-1] INFO  server.RaftServerConfigKeys (ConfUtils.java:logGet(43)) - raft.server.log.use.memory = false (default)
2019-09-19 09:43:00,641 [pool-314-thread-1] INFO  server.RaftServerConfigKeys (ConfUtils.java:logGet(43)) - raft.server.log.purge.gap = 1000000 (custom)
2019-09-19 09:43:00,641 [pool-314-thread-1] INFO  server.RaftServerConfigKeys (ConfUtils.java:logGet(43)) - raft.server.log.appender.buffer.byte-limit = 33554432 (custom)
2019-09-19 09:43:00,641 [pool-314-thread-1] INFO  server.RaftServerConfigKeys (ConfUtils.java:logGet(43)) - raft.server.log.segment.size.max = 1048576 (custom)
2019-09-19 09:43:00,641 [pool-314-thread-1] INFO  server.RaftServerConfigKeys (ConfUtils.java:logGet(43)) - raft.server.log.segment.cache.num.max = 2 (custom)
2019-09-19 09:43:00,641 [pool-314-thread-1] INFO  segmented.SegmentedRaftLogWorker (SegmentedRaftLogWorker.java:<init>(172)) - new 0fbe0b13-b0c0-45d8-909a-630081c74a06-SegmentedRaftLogWorker:Storage Directory /workdir/hadoop-ozone/ozonefs/target/test-dir/MiniOzoneClusterImpl-9293621d-43c4-46ab-8c2c-7aa58a5f4982/datanode-2/data/ratis/6407a0ee-f649-4367-842f-fe5ab84d50f1 for RaftStorage:Storage Directory /workdir/hadoop-ozone/ozonefs/target/test-dir/MiniOzoneClusterImpl-9293621d-43c4-46ab-8c2c-7aa58a5f4982/datanode-2/data/ratis/6407a0ee-f649-4367-842f-fe5ab84d50f1
2019-09-19 09:43:00,641 [pool-314-thread-1] INFO  server.RaftServerConfigKeys (ConfUtils.java:logGet(43)) - raft.server.log.queue.byte-limit = 2147483647 (custom)
2019-09-19 09:43:00,641 [pool-314-thread-1] INFO  server.RaftServerConfigKeys (ConfUtils.java:logGet(43)) - raft.server.log.queue.element-limit = 1024 (custom)
2019-09-19 09:43:00,641 [pool-314-thread-1] INFO  server.RaftServerConfigKeys (ConfUtils.java:logGet(43)) - raft.server.log.segment.size.max = 1048576 (custom)
2019-09-19 09:43:00,641 [pool-314-thread-1] INFO  server.RaftServerConfigKeys (ConfUtils.java:logGet(43)) - raft.server.log.preallocated.size = 16384 (custom)
2019-09-19 09:43:00,642 [pool-314-thread-1] INFO  server.RaftServerConfigKeys (ConfUtils.java:logGet(43)) - raft.server.log.write.buffer.size = 33554432 (custom)
2019-09-19 09:43:00,642 [pool-314-thread-1] INFO  server.RaftServerConfigKeys (ConfUtils.java:logGet(43)) - raft.server.log.force.sync.num = 128 (default)
2019-09-19 09:43:00,642 [pool-314-thread-1] INFO  server.RaftServerConfigKeys (ConfUtils.java:logGet(43)) - raft.server.log.statemachine.data.sync = true (default)
2019-09-19 09:43:00,642 [pool-314-thread-1] INFO  server.RaftServerConfigKeys (ConfUtils.java:logGet(43)) - raft.server.log.statemachine.data.sync.timeout = 10s (default)
2019-09-19 09:43:00,642 [pool-314-thread-1] INFO  server.RaftServerConfigKeys (ConfUtils.java:logGet(43)) - raft.server.log.statemachine.data.sync.timeout.retry = -1 (default)
2019-09-19 09:43:00,642 [pool-314-thread-1] INFO  server.RaftServerConfigKeys (ConfUtils.java:logGet(43)) - raft.server.log.statemachine.data.caching.enabled = true (custom)
2019-09-19 09:43:00,642 [pool-314-thread-1] INFO  segmented.SegmentedRaftLogWorker (SegmentedRaftLogWorker.java:lambda$new$0(132)) - 0fbe0b13-b0c0-45d8-909a-630081c74a06-SegmentedRaftLogWorker:Storage Directory /workdir/hadoop-ozone/ozonefs/target/test-dir/MiniOzoneClusterImpl-9293621d-43c4-46ab-8c2c-7aa58a5f4982/datanode-2/data/ratis/6407a0ee-f649-4367-842f-fe5ab84d50f1: flushIndex: setUnconditionally 0 -> -1
2019-09-19 09:43:00,643 [pool-314-thread-1] INFO  server.RaftServerConfigKeys (ConfUtils.java:logGet(43)) - raft.server.snapshot.auto.trigger.enabled = true (custom)
2019-09-19 09:43:00,643 [pool-314-thread-1] INFO  server.RaftServerConfigKeys (ConfUtils.java:logGet(43)) - raft.server.snapshot.auto.trigger.threshold = 10000 (custom)
2019-09-19 09:43:00,643 [pool-314-thread-1] INFO  server.RaftServerConfigKeys (ConfUtils.java:logGet(43)) - raft.server.retrycache.expirytime = 600000ms (custom)
2019-09-19 09:43:00,643 [pool-314-thread-1] INFO  impl.RaftServerImpl (RaftServerImpl.java:start(180)) - 0fbe0b13-b0c0-45d8-909a-630081c74a06: start group-FE5AB84D50F1
2019-09-19 09:43:00,643 [pool-314-thread-1] INFO  impl.RaftServerImpl (RaftServerImpl.java:setRole(171)) - 0fbe0b13-b0c0-45d8-909a-630081c74a06:group-FE5AB84D50F1 changes role from null to FOLLOWER at term 0 for startAsFollower
2019-09-19 09:43:00,643 [pool-314-thread-1] INFO  impl.RoleInfo (RoleInfo.java:updateAndGet(143)) - 0fbe0b13-b0c0-45d8-909a-630081c74a06: start FollowerState
2019-09-19 09:43:00,643 [pool-314-thread-1] INFO  util.JmxRegister (JmxRegister.java:tryRegister(44)) - Successfully registered JMX Bean with object name Ratis:service=RaftServer,group=group-FE5AB84D50F1,id=0fbe0b13-b0c0-45d8-909a-630081c74a06
2019-09-19 09:43:00,646 [RatisPipelineUtilsThread] INFO  pipeline.PipelineStateManager (PipelineStateManager.java:addPipeline(56)) - Created pipeline Pipeline[ Id: 6407a0ee-f649-4367-842f-fe5ab84d50f1, Nodes: 0fbe0b13-b0c0-45d8-909a-630081c74a06{ip: 192.168.34.5, host: pr-hdds-1569-j4bt4-3030777008, networkLocation: /default-rack, certSerialId: null}, Type:RATIS, Factor:ONE, State:OPEN]
2019-09-19 09:43:00,646 [RatisPipelineUtilsThread] ERROR pipeline.PipelinePlacementPolicy (PipelinePlacementPolicy.java:meetCriteria(91)) - Pipeline Placement: Doesn't meet the criteria to be viable node. Heaviness: 6
2019-09-19 09:43:00,646 [RatisPipelineUtilsThread] ERROR pipeline.PipelinePlacementPolicy (PipelinePlacementPolicy.java:meetCriteria(91)) - Pipeline Placement: Doesn't meet the criteria to be viable node. Heaviness: 6
2019-09-19 09:43:00,646 [RatisPipelineUtilsThread] ERROR pipeline.PipelinePlacementPolicy (PipelinePlacementPolicy.java:meetCriteria(91)) - Pipeline Placement: Doesn't meet the criteria to be viable node. Heaviness: 6
2019-09-19 09:43:00,647 [RatisPipelineUtilsThread] ERROR pipeline.PipelinePlacementPolicy (PipelinePlacementPolicy.java:filterViableNodes(146)) - Unable to find enough nodes that meet the criteria that cannot engage in more than 5 pipelines. Nodes required: 1 Found: 0, healthy nodes count inNodeManager: 3.
2019-09-19 09:43:00,647 [RatisPipelineUtilsThread] ERROR pipeline.SCMPipelineManager (SCMPipelineManager.java:createPipeline(161)) - Pipeline creation failed due to exception: Unable to find enough nodes that meet the criteria that cannot engage in more than 5 pipelines. Nodes required: 1 Found: 0, healthy nodes count inNodeManager: 3.
2019-09-19 09:43:00,647 [RatisPipelineUtilsThread] ERROR pipeline.PipelinePlacementPolicy (PipelinePlacementPolicy.java:meetCriteria(91)) - Pipeline Placement: Doesn't meet the criteria to be viable node. Heaviness: 6
2019-09-19 09:43:00,647 [RatisPipelineUtilsThread] ERROR pipeline.PipelinePlacementPolicy (PipelinePlacementPolicy.java:meetCriteria(91)) - Pipeline Placement: Doesn't meet the criteria to be viable node. Heaviness: 6
2019-09-19 09:43:00,647 [RatisPipelineUtilsThread] ERROR pipeline.PipelinePlacementPolicy (PipelinePlacementPolicy.java:meetCriteria(91)) - Pipeline Placement: Doesn't meet the criteria to be viable node. Heaviness: 6
2019-09-19 09:43:00,648 [RatisPipelineUtilsThread] ERROR pipeline.PipelinePlacementPolicy (PipelinePlacementPolicy.java:filterViableNodes(146)) - Unable to find enough nodes that meet the criteria that cannot engage in more than 5 pipelines. Nodes required: 3 Found: 0, healthy nodes count inNodeManager: 3.
2019-09-19 09:43:00,648 [RatisPipelineUtilsThread] ERROR pipeline.SCMPipelineManager (SCMPipelineManager.java:createPipeline(161)) - Pipeline creation failed due to exception: Unable to find enough nodes that meet the criteria that cannot engage in more than 5 pipelines. Nodes required: 3 Found: 0, healthy nodes count inNodeManager: 3.
2019-09-19 09:43:01,401 [main] INFO  ozone.MiniOzoneClusterImpl (MiniOzoneClusterImpl.java:lambda$waitForClusterToBeReady$0(142)) - Cluster is ready. Got 3 of 3 DN Heartbeats.
2019-09-19 09:43:01,579 | INFO  | OMAudit | user=jenkins1000 | ip=127.0.0.1 | op=CREATE_VOLUME {admin=admin08696, owner=user60207, volume=volume36427, creationTime=1568886181579, quotaInBytes=1152921504606846976} | ret=SUCCESS |  
2019-09-19 09:43:01,589 | INFO  | OMAudit | user=jenkins1000 | ip=127.0.0.1 | op=CREATE_BUCKET {volume=volume36427, bucket=bucket54925, acls=[], isVersionEnabled=false, storageType=DISK, creationTime=0} | ret=SUCCESS |  
2019-09-19 09:43:01,609 | INFO  | OMAudit | user=jenkins1000 | ip=127.0.0.1 | op=READ_VOLUME {volume=volume36427} | ret=SUCCESS |  
2019-09-19 09:43:01,610 | INFO  | OMAudit | user=jenkins1000 | ip=127.0.0.1 | op=READ_BUCKET {volume=volume36427, bucket=bucket54925} | ret=SUCCESS |  
2019-09-19 09:43:01,655 [IPC Server handler 1 on 33074] ERROR pipeline.PipelinePlacementPolicy (PipelinePlacementPolicy.java:meetCriteria(91)) - Pipeline Placement: Doesn't meet the criteria to be viable node. Heaviness: 6
2019-09-19 09:43:01,655 [IPC Server handler 1 on 33074] ERROR pipeline.PipelinePlacementPolicy (PipelinePlacementPolicy.java:meetCriteria(91)) - Pipeline Placement: Doesn't meet the criteria to be viable node. Heaviness: 6
2019-09-19 09:43:01,655 [IPC Server handler 1 on 33074] ERROR pipeline.PipelinePlacementPolicy (PipelinePlacementPolicy.java:meetCriteria(91)) - Pipeline Placement: Doesn't meet the criteria to be viable node. Heaviness: 6
2019-09-19 09:43:01,655 [IPC Server handler 1 on 33074] ERROR pipeline.PipelinePlacementPolicy (PipelinePlacementPolicy.java:filterViableNodes(146)) - Unable to find enough nodes that meet the criteria that cannot engage in more than 5 pipelines. Nodes required: 3 Found: 0, healthy nodes count inNodeManager: 3.
2019-09-19 09:43:01,656 [IPC Server handler 1 on 33074] ERROR pipeline.SCMPipelineManager (SCMPipelineManager.java:createPipeline(161)) - Pipeline creation failed due to exception: Unable to find enough nodes that meet the criteria that cannot engage in more than 5 pipelines. Nodes required: 3 Found: 0, healthy nodes count inNodeManager: 3.
2019-09-19 09:43:01,656 [IPC Server handler 1 on 33074] WARN  block.BlockManagerImpl (BlockManagerImpl.java:allocateBlock(192)) - Pipeline creation failed for type:RATIS factor:THREE. Retrying get pipelines call once.
org.apache.hadoop.hdds.scm.exceptions.SCMException: Unable to find enough nodes that meet the criteria that cannot engage in more than 5 pipelines. Nodes required: 3 Found: 0, healthy nodes count inNodeManager: 3.
	at org.apache.hadoop.hdds.scm.pipeline.PipelinePlacementPolicy.filterViableNodes(PipelinePlacementPolicy.java:147)
	at org.apache.hadoop.hdds.scm.pipeline.PipelinePlacementPolicy.chooseDatanodes(PipelinePlacementPolicy.java:170)
	at org.apache.hadoop.hdds.scm.pipeline.RatisPipelineProvider.create(RatisPipelineProvider.java:92)
	at org.apache.hadoop.hdds.scm.pipeline.PipelineFactory.create(PipelineFactory.java:57)
	at org.apache.hadoop.hdds.scm.pipeline.SCMPipelineManager.createPipeline(SCMPipelineManager.java:149)
	at org.apache.hadoop.hdds.scm.block.BlockManagerImpl.allocateBlock(BlockManagerImpl.java:190)
	at org.apache.hadoop.hdds.scm.server.SCMBlockProtocolServer.allocateBlock(SCMBlockProtocolServer.java:175)
	at org.apache.hadoop.ozone.protocolPB.ScmBlockLocationProtocolServerSideTranslatorPB.allocateScmBlock(ScmBlockLocationProtocolServerSideTranslatorPB.java:153)
	at org.apache.hadoop.ozone.protocolPB.ScmBlockLocationProtocolServerSideTranslatorPB.send(ScmBlockLocationProtocolServerSideTranslatorPB.java:112)
	at org.apache.hadoop.hdds.protocol.proto.ScmBlockLocationProtocolProtos$ScmBlockLocationProtocolService$2.callBlockingMethod(ScmBlockLocationProtocolProtos.java:13157)
	at org.apache.hadoop.ipc.ProtobufRpcEngine$Server$ProtoBufRpcInvoker.call(ProtobufRpcEngine.java:524)
	at org.apache.hadoop.ipc.RPC$Server.call(RPC.java:1025)
	at org.apache.hadoop.ipc.Server$RpcCall.run(Server.java:876)
	at org.apache.hadoop.ipc.Server$RpcCall.run(Server.java:822)
	at java.security.AccessController.doPrivileged(Native Method)
	at javax.security.auth.Subject.doAs(Subject.java:422)
	at org.apache.hadoop.security.UserGroupInformation.doAs(UserGroupInformation.java:1730)
	at org.apache.hadoop.ipc.Server$Handler.run(Server.java:2682)
2019-09-19 09:43:01,658 [IPC Server handler 1 on 33074] INFO  block.BlockManagerImpl (BlockManagerImpl.java:allocateBlock(198)) - Could not find available pipeline of type:RATIS and factor:THREE even after retrying
2019-09-19 09:43:01,658 [IPC Server handler 1 on 33074] ERROR block.BlockManagerImpl (BlockManagerImpl.java:allocateBlock(222)) - Unable to allocate a block for the size: 4194304, type: RATIS, factor: THREE
2019-09-19 09:43:01,659 | INFO  | SCMAudit | user=jenkins1000 | ip=192.168.34.5 | op=ALLOCATE_BLOCK {owner=0f944ac4-61dc-4808-a64a-3ae93044b8a3, size=4194304, type=RATIS, factor=THREE} | ret=SUCCESS |  
2019-09-19 09:43:01,665 | ERROR | OMAudit | user=jenkins1000 | ip=127.0.0.1 | op=CREATE_FILE {volume=volume36427, bucket=bucket54925, key=4SDkd, dataSize=0, replicationType=RATIS, replicationFactor=THREE, keyLocationInfo=null} | ret=FAILURE | org.apache.hadoop.hdds.scm.exceptions.SCMException: Allocated 0 blocks. Requested 1 blocks
	at org.apache.hadoop.hdds.scm.protocolPB.ScmBlockLocationProtocolClientSideTranslatorPB.handleError(ScmBlockLocationProtocolClientSideTranslatorPB.java:118)
	at org.apache.hadoop.hdds.scm.protocolPB.ScmBlockLocationProtocolClientSideTranslatorPB.allocateBlock(ScmBlockLocationProtocolClientSideTranslatorPB.java:156) 
2019-09-19 09:43:01,667 [main] INFO  ozone.MiniOzoneClusterImpl (MiniOzoneClusterImpl.java:shutdown(321)) - Shutting down the Mini Ozone Cluster
2019-09-19 09:43:01,667 | INFO  | SCMAudit | user=null | ip=null | op=GET_SCM_INFO null | ret=SUCCESS |  
2019-09-19 09:43:01,667 [main] INFO  ozone.MiniOzoneClusterImpl (MiniOzoneClusterImpl.java:stop(336)) - Stopping the Mini Ozone Cluster
2019-09-19 09:43:01,667 [main] INFO  ozone.MiniOzoneClusterImpl (MiniOzoneClusterImpl.java:stop(338)) - Stopping the OzoneManager
2019-09-19 09:43:01,668 [main] INFO  ipc.Server (Server.java:stop(3082)) - Stopping server on 40470
2019-09-19 09:43:01,672 [IPC Server listener on 40470] INFO  ipc.Server (Server.java:run(1185)) - Stopping IPC Server listener on 40470
2019-09-19 09:43:01,673 [main] INFO  ratis.OzoneManagerDoubleBuffer (OzoneManagerDoubleBuffer.java:stop(248)) - Stopping OMDoubleBuffer flush thread
2019-09-19 09:43:01,674 [IPC Server Responder] INFO  ipc.Server (Server.java:run(1319)) - Stopping IPC Server Responder
2019-09-19 09:43:01,675 [OMDoubleBufferFlushThread] INFO  ratis.OzoneManagerDoubleBuffer (OzoneManagerDoubleBuffer.java:flushTransactions(191)) - OMDoubleBuffer flush thread OMDoubleBufferFlushThread is interrupted and will exit. OMDoubleBufferFlushThread
2019-09-19 09:43:01,676 [main] INFO  utils.BackgroundService (BackgroundService.java:shutdown(148)) - Shutting down service KeyDeletingService
2019-09-19 09:43:01,678 [main] INFO  handler.ContextHandler (ContextHandler.java:doStop(910)) - Stopped o.e.j.w.WebAppContext@63053b71{/,null,UNAVAILABLE}{/ozoneManager}
2019-09-19 09:43:01,679 [main] INFO  server.AbstractConnector (AbstractConnector.java:doStop(318)) - Stopped ServerConnector@4687c184{HTTP/1.1,[http/1.1]}{0.0.0.0:0}
2019-09-19 09:43:01,680 [main] INFO  handler.ContextHandler (ContextHandler.java:doStop(910)) - Stopped o.e.j.s.ServletContextHandler@7ab2e018{/static,jar:file:/home/user/.m2/repository/org/apache/hadoop/hadoop-ozone-ozone-manager/0.5.0-SNAPSHOT/hadoop-ozone-ozone-manager-0.5.0-SNAPSHOT.jar!/webapps/static,UNAVAILABLE}
2019-09-19 09:43:01,680 [main] INFO  handler.ContextHandler (ContextHandler.java:doStop(910)) - Stopped o.e.j.s.ServletContextHandler@3777fc44{/logs,file:///workdir/hadoop-ozone/ozonefs/target/log,UNAVAILABLE}
2019-09-19 09:43:01,683 [main] INFO  ozone.MiniOzoneClusterImpl (MiniOzoneClusterImpl.java:stop(344)) - Shutting the HddsDatanodes
2019-09-19 09:43:01,683 [main] INFO  datanode.ObjectStoreHandler (ObjectStoreHandler.java:close(155)) - Closing ObjectStoreHandler.
2019-09-19 09:43:01,683 [ForkJoinPool.commonPool-worker-1] INFO  datanode.ObjectStoreHandler (ObjectStoreHandler.java:close(155)) - Closing ObjectStoreHandler.
2019-09-19 09:43:01,684 [main] INFO  ozone.HddsDatanodeService (HddsDatanodeService.java:stop(451)) - Stopped plug-in org.apache.hadoop.ozone.web.OzoneHddsDatanodeService@70d16858
2019-09-19 09:43:01,684 [ForkJoinPool.commonPool-worker-1] INFO  ozone.HddsDatanodeService (HddsDatanodeService.java:stop(451)) - Stopped plug-in org.apache.hadoop.ozone.web.OzoneHddsDatanodeService@4280b20b
2019-09-19 09:43:01,926 [Datanode State Machine Thread - 0] INFO  statemachine.DatanodeStateMachine (DatanodeStateMachine.java:lambda$startDaemon$0(350)) - Ozone container server started.
2019-09-19 09:43:02,133 [Datanode State Machine Thread - 0] INFO  statemachine.DatanodeStateMachine (DatanodeStateMachine.java:lambda$startDaemon$0(350)) - Ozone container server started.
2019-09-19 09:43:02,401 | INFO  | SCMAudit | user=jenkins1000 | ip=192.168.34.5 | op=SEND_HEARTBEAT {datanodeUUID=0fbe0b13-b0c0-45d8-909a-630081c74a06, command=[]} | ret=SUCCESS |  
2019-09-19 09:43:02,938 [Thread-1504] INFO  container.ReplicationManager (ReplicationManager.java:start(151)) - Starting Replication Monitor Thread.
2019-09-19 09:43:02,941 [ReplicationMonitor] INFO  container.ReplicationManager (ReplicationManager.java:run(214)) - Replication Monitor Thread took 0 milliseconds for processing 0 containers.
2019-09-19 09:43:03,401 | INFO  | SCMAudit | user=jenkins1000 | ip=192.168.34.5 | op=SEND_HEARTBEAT {datanodeUUID=0fbe0b13-b0c0-45d8-909a-630081c74a06, command=[]} | ret=SUCCESS |  
2019-09-19 09:43:04,402 | INFO  | SCMAudit | user=jenkins1000 | ip=192.168.34.5 | op=SEND_HEARTBEAT {datanodeUUID=0fbe0b13-b0c0-45d8-909a-630081c74a06, command=[]} | ret=SUCCESS |  
2019-09-19 09:43:05,110 [Thread-1509] INFO  impl.FollowerState (FollowerState.java:run(106)) - 3f221841-44d5-40c7-870c-302f94a11076:group-5ACA4F8070C2 changes to CANDIDATE, lastRpcTime:5077, electionTimeout:5077ms
2019-09-19 09:43:05,111 [Thread-1509] INFO  impl.RoleInfo (RoleInfo.java:shutdownFollowerState(121)) - 3f221841-44d5-40c7-870c-302f94a11076: shutdown FollowerState
2019-09-19 09:43:05,111 [Thread-1509] INFO  impl.RaftServerImpl (RaftServerImpl.java:setRole(171)) - 3f221841-44d5-40c7-870c-302f94a11076:group-5ACA4F8070C2 changes role from FOLLOWER to CANDIDATE at term 0 for changeToCandidate
2019-09-19 09:43:05,111 [Thread-1509] INFO  impl.RoleInfo (RoleInfo.java:updateAndGet(143)) - 3f221841-44d5-40c7-870c-302f94a11076: start LeaderElection
2019-09-19 09:43:05,127 [3f221841-44d5-40c7-870c-302f94a11076:group-5ACA4F8070C2:LeaderElection91] INFO  impl.LeaderElection (LeaderElection.java:askForVotes(181)) - 3f221841-44d5-40c7-870c-302f94a11076:group-5ACA4F8070C2:LeaderElection91: begin an election at term 1 for -1: [3f221841-44d5-40c7-870c-302f94a11076:192.168.34.5:38725], old=null
2019-09-19 09:43:05,127 [3f221841-44d5-40c7-870c-302f94a11076:group-5ACA4F8070C2:LeaderElection91] INFO  impl.RoleInfo (RoleInfo.java:shutdownLeaderElection(134)) - 3f221841-44d5-40c7-870c-302f94a11076: shutdown LeaderElection
2019-09-19 09:43:05,127 [3f221841-44d5-40c7-870c-302f94a11076:group-5ACA4F8070C2:LeaderElection91] INFO  impl.RaftServerImpl (RaftServerImpl.java:setRole(171)) - 3f221841-44d5-40c7-870c-302f94a11076:group-5ACA4F8070C2 changes role from CANDIDATE to LEADER at term 1 for changeToLeader
2019-09-19 09:43:05,127 [3f221841-44d5-40c7-870c-302f94a11076:group-5ACA4F8070C2:LeaderElection91] INFO  impl.RaftServerImpl (ServerState.java:setLeader(263)) - 3f221841-44d5-40c7-870c-302f94a11076:group-5ACA4F8070C2 change Leader from null to 3f221841-44d5-40c7-870c-302f94a11076 at term 1 for becomeLeader, leader elected after 5097ms
2019-09-19 09:43:05,128 [3f221841-44d5-40c7-870c-302f94a11076:group-5ACA4F8070C2:LeaderElection91] INFO  server.RaftServerConfigKeys (ConfUtils.java:logGet(43)) - raft.server.staging.catchup.gap = 1000 (default)
2019-09-19 09:43:05,128 [3f221841-44d5-40c7-870c-302f94a11076:group-5ACA4F8070C2:LeaderElection91] INFO  server.RaftServerConfigKeys (ConfUtils.java:logGet(43)) - raft.server.rpc.sleep.time = 25ms (default)
2019-09-19 09:43:05,128 [3f221841-44d5-40c7-870c-302f94a11076:group-5ACA4F8070C2:LeaderElection91] INFO  server.RaftServerConfigKeys (ConfUtils.java:logGet(43)) - raft.server.write.element-limit = 4096 (default)
2019-09-19 09:43:05,128 [3f221841-44d5-40c7-870c-302f94a11076:group-5ACA4F8070C2:LeaderElection91] INFO  server.RaftServerConfigKeys (ConfUtils.java:logGet(43)) - raft.server.watch.timeout = 10s (default)
2019-09-19 09:43:05,128 [3f221841-44d5-40c7-870c-302f94a11076:group-5ACA4F8070C2:LeaderElection91] INFO  server.RaftServerConfigKeys (ConfUtils.java:logGet(43)) - raft.server.watch.timeout.denomination = 1s (default)
2019-09-19 09:43:05,128 [3f221841-44d5-40c7-870c-302f94a11076:group-5ACA4F8070C2:LeaderElection91] INFO  server.RaftServerConfigKeys (ConfUtils.java:logGet(43)) - raft.server.watch.element-limit = 65536 (default)
2019-09-19 09:43:05,129 [3f221841-44d5-40c7-870c-302f94a11076:group-5ACA4F8070C2:LeaderElection91] INFO  impl.RoleInfo (RoleInfo.java:updateAndGet(143)) - 3f221841-44d5-40c7-870c-302f94a11076: start LeaderState
2019-09-19 09:43:05,129 [3f221841-44d5-40c7-870c-302f94a11076:group-5ACA4F8070C2:LeaderElection91] INFO  segmented.SegmentedRaftLogWorker (SegmentedRaftLogWorker.java:startLogSegment(380)) - 3f221841-44d5-40c7-870c-302f94a11076-SegmentedRaftLogWorker:Storage Directory /workdir/hadoop-ozone/ozonefs/target/test-dir/MiniOzoneClusterImpl-9293621d-43c4-46ab-8c2c-7aa58a5f4982/datanode-0/data/ratis/4ff62845-8f97-405b-8929-5aca4f8070c2: Starting segment from index:0
2019-09-19 09:43:05,130 [3f221841-44d5-40c7-870c-302f94a11076:group-5ACA4F8070C2:LeaderElection91] INFO  impl.RaftServerImpl (ServerState.java:setRaftConf(361)) - 3f221841-44d5-40c7-870c-302f94a11076:group-5ACA4F8070C2 set configuration 0: [3f221841-44d5-40c7-870c-302f94a11076:192.168.34.5:38725], old=null at 0
2019-09-19 09:43:05,172 [3f221841-44d5-40c7-870c-302f94a11076-SegmentedRaftLogWorker:Storage Directory /workdir/hadoop-ozone/ozonefs/target/test-dir/MiniOzoneClusterImpl-9293621d-43c4-46ab-8c2c-7aa58a5f4982/datanode-0/data/ratis/4ff62845-8f97-405b-8929-5aca4f8070c2] INFO  segmented.SegmentedRaftLogWorker (SegmentedRaftLogWorker.java:execute(569)) - 3f221841-44d5-40c7-870c-302f94a11076-SegmentedRaftLogWorker:Storage Directory /workdir/hadoop-ozone/ozonefs/target/test-dir/MiniOzoneClusterImpl-9293621d-43c4-46ab-8c2c-7aa58a5f4982/datanode-0/data/ratis/4ff62845-8f97-405b-8929-5aca4f8070c2: created new log segment /workdir/hadoop-ozone/ozonefs/target/test-dir/MiniOzoneClusterImpl-9293621d-43c4-46ab-8c2c-7aa58a5f4982/datanode-0/data/ratis/4ff62845-8f97-405b-8929-5aca4f8070c2/current/log_inprogress_0
2019-09-19 09:43:05,185 [Thread-1506] INFO  impl.FollowerState (FollowerState.java:run(106)) - 3f221841-44d5-40c7-870c-302f94a11076:group-F0964490F6C0 changes to CANDIDATE, lastRpcTime:5194, electionTimeout:5194ms
2019-09-19 09:43:05,185 [Thread-1506] INFO  impl.RoleInfo (RoleInfo.java:shutdownFollowerState(121)) - 3f221841-44d5-40c7-870c-302f94a11076: shutdown FollowerState
2019-09-19 09:43:05,185 [Thread-1512] INFO  impl.FollowerState (FollowerState.java:run(106)) - 3f221841-44d5-40c7-870c-302f94a11076:group-EAB962532181 changes to CANDIDATE, lastRpcTime:5112, electionTimeout:5112ms
2019-09-19 09:43:05,185 [Thread-1506] INFO  impl.RaftServerImpl (RaftServerImpl.java:setRole(171)) - 3f221841-44d5-40c7-870c-302f94a11076:group-F0964490F6C0 changes role from FOLLOWER to CANDIDATE at term 0 for changeToCandidate
2019-09-19 09:43:05,185 [Thread-1512] INFO  impl.RoleInfo (RoleInfo.java:shutdownFollowerState(121)) - 3f221841-44d5-40c7-870c-302f94a11076: shutdown FollowerState
2019-09-19 09:43:05,185 [Thread-1506] INFO  impl.RoleInfo (RoleInfo.java:updateAndGet(143)) - 3f221841-44d5-40c7-870c-302f94a11076: start LeaderElection
2019-09-19 09:43:05,185 [Thread-1512] INFO  impl.RaftServerImpl (RaftServerImpl.java:setRole(171)) - 3f221841-44d5-40c7-870c-302f94a11076:group-EAB962532181 changes role from FOLLOWER to CANDIDATE at term 0 for changeToCandidate
2019-09-19 09:43:05,186 [Thread-1512] INFO  impl.RoleInfo (RoleInfo.java:updateAndGet(143)) - 3f221841-44d5-40c7-870c-302f94a11076: start LeaderElection
2019-09-19 09:43:05,203 [3f221841-44d5-40c7-870c-302f94a11076:group-EAB962532181:LeaderElection93] INFO  impl.LeaderElection (LeaderElection.java:askForVotes(181)) - 3f221841-44d5-40c7-870c-302f94a11076:group-EAB962532181:LeaderElection93: begin an election at term 1 for -1: [3f221841-44d5-40c7-870c-302f94a11076:192.168.34.5:38725], old=null
2019-09-19 09:43:05,203 [3f221841-44d5-40c7-870c-302f94a11076:group-F0964490F6C0:LeaderElection92] INFO  impl.LeaderElection (LeaderElection.java:askForVotes(181)) - 3f221841-44d5-40c7-870c-302f94a11076:group-F0964490F6C0:LeaderElection92: begin an election at term 1 for -1: [3f221841-44d5-40c7-870c-302f94a11076:192.168.34.5:38725], old=null
2019-09-19 09:43:05,203 [3f221841-44d5-40c7-870c-302f94a11076:group-EAB962532181:LeaderElection93] INFO  impl.RoleInfo (RoleInfo.java:shutdownLeaderElection(134)) - 3f221841-44d5-40c7-870c-302f94a11076: shutdown LeaderElection
2019-09-19 09:43:05,203 [3f221841-44d5-40c7-870c-302f94a11076:group-F0964490F6C0:LeaderElection92] INFO  impl.RoleInfo (RoleInfo.java:shutdownLeaderElection(134)) - 3f221841-44d5-40c7-870c-302f94a11076: shutdown LeaderElection
2019-09-19 09:43:05,203 [3f221841-44d5-40c7-870c-302f94a11076:group-EAB962532181:LeaderElection93] INFO  impl.RaftServerImpl (RaftServerImpl.java:setRole(171)) - 3f221841-44d5-40c7-870c-302f94a11076:group-EAB962532181 changes role from CANDIDATE to LEADER at term 1 for changeToLeader
2019-09-19 09:43:05,203 [3f221841-44d5-40c7-870c-302f94a11076:group-F0964490F6C0:LeaderElection92] INFO  impl.RaftServerImpl (RaftServerImpl.java:setRole(171)) - 3f221841-44d5-40c7-870c-302f94a11076:group-F0964490F6C0 changes role from CANDIDATE to LEADER at term 1 for changeToLeader
2019-09-19 09:43:05,203 [3f221841-44d5-40c7-870c-302f94a11076:group-EAB962532181:LeaderElection93] INFO  impl.RaftServerImpl (ServerState.java:setLeader(263)) - 3f221841-44d5-40c7-870c-302f94a11076:group-EAB962532181 change Leader from null to 3f221841-44d5-40c7-870c-302f94a11076 at term 1 for becomeLeader, leader elected after 5134ms
2019-09-19 09:43:05,203 [3f221841-44d5-40c7-870c-302f94a11076:group-F0964490F6C0:LeaderElection92] INFO  impl.RaftServerImpl (ServerState.java:setLeader(263)) - 3f221841-44d5-40c7-870c-302f94a11076:group-F0964490F6C0 change Leader from null to 3f221841-44d5-40c7-870c-302f94a11076 at term 1 for becomeLeader, leader elected after 5218ms
2019-09-19 09:43:05,203 [3f221841-44d5-40c7-870c-302f94a11076:group-EAB962532181:LeaderElection93] INFO  server.RaftServerConfigKeys (ConfUtils.java:logGet(43)) - raft.server.staging.catchup.gap = 1000 (default)
2019-09-19 09:43:05,203 [3f221841-44d5-40c7-870c-302f94a11076:group-F0964490F6C0:LeaderElection92] INFO  server.RaftServerConfigKeys (ConfUtils.java:logGet(43)) - raft.server.staging.catchup.gap = 1000 (default)
2019-09-19 09:43:05,203 [3f221841-44d5-40c7-870c-302f94a11076:group-EAB962532181:LeaderElection93] INFO  server.RaftServerConfigKeys (ConfUtils.java:logGet(43)) - raft.server.rpc.sleep.time = 25ms (default)
2019-09-19 09:43:05,204 [3f221841-44d5-40c7-870c-302f94a11076:group-F0964490F6C0:LeaderElection92] INFO  server.RaftServerConfigKeys (ConfUtils.java:logGet(43)) - raft.server.rpc.sleep.time = 25ms (default)
2019-09-19 09:43:05,204 [3f221841-44d5-40c7-870c-302f94a11076:group-EAB962532181:LeaderElection93] INFO  server.RaftServerConfigKeys (ConfUtils.java:logGet(43)) - raft.server.write.element-limit = 4096 (default)
2019-09-19 09:43:05,204 [3f221841-44d5-40c7-870c-302f94a11076:group-F0964490F6C0:LeaderElection92] INFO  server.RaftServerConfigKeys (ConfUtils.java:logGet(43)) - raft.server.write.element-limit = 4096 (default)
2019-09-19 09:43:05,204 [3f221841-44d5-40c7-870c-302f94a11076:group-EAB962532181:LeaderElection93] INFO  server.RaftServerConfigKeys (ConfUtils.java:logGet(43)) - raft.server.watch.timeout = 10s (default)
2019-09-19 09:43:05,204 [3f221841-44d5-40c7-870c-302f94a11076:group-F0964490F6C0:LeaderElection92] INFO  server.RaftServerConfigKeys (ConfUtils.java:logGet(43)) - raft.server.watch.timeout = 10s (default)
2019-09-19 09:43:05,204 [3f221841-44d5-40c7-870c-302f94a11076:group-EAB962532181:LeaderElection93] INFO  server.RaftServerConfigKeys (ConfUtils.java:logGet(43)) - raft.server.watch.timeout.denomination = 1s (default)
2019-09-19 09:43:05,204 [3f221841-44d5-40c7-870c-302f94a11076:group-F0964490F6C0:LeaderElection92] INFO  server.RaftServerConfigKeys (ConfUtils.java:logGet(43)) - raft.server.watch.timeout.denomination = 1s (default)
2019-09-19 09:43:05,204 [3f221841-44d5-40c7-870c-302f94a11076:group-EAB962532181:LeaderElection93] INFO  server.RaftServerConfigKeys (ConfUtils.java:logGet(43)) - raft.server.watch.element-limit = 65536 (default)
2019-09-19 09:43:05,204 [3f221841-44d5-40c7-870c-302f94a11076:group-F0964490F6C0:LeaderElection92] INFO  server.RaftServerConfigKeys (ConfUtils.java:logGet(43)) - raft.server.watch.element-limit = 65536 (default)
2019-09-19 09:43:05,205 [3f221841-44d5-40c7-870c-302f94a11076:group-EAB962532181:LeaderElection93] INFO  impl.RoleInfo (RoleInfo.java:updateAndGet(143)) - 3f221841-44d5-40c7-870c-302f94a11076: start LeaderState
2019-09-19 09:43:05,205 [3f221841-44d5-40c7-870c-302f94a11076:group-F0964490F6C0:LeaderElection92] INFO  impl.RoleInfo (RoleInfo.java:updateAndGet(143)) - 3f221841-44d5-40c7-870c-302f94a11076: start LeaderState
2019-09-19 09:43:05,205 [3f221841-44d5-40c7-870c-302f94a11076:group-EAB962532181:LeaderElection93] INFO  segmented.SegmentedRaftLogWorker (SegmentedRaftLogWorker.java:startLogSegment(380)) - 3f221841-44d5-40c7-870c-302f94a11076-SegmentedRaftLogWorker:Storage Directory /workdir/hadoop-ozone/ozonefs/target/test-dir/MiniOzoneClusterImpl-9293621d-43c4-46ab-8c2c-7aa58a5f4982/datanode-0/data/ratis/b45fec98-41c2-4373-a9d2-eab962532181: Starting segment from index:0
2019-09-19 09:43:05,205 [3f221841-44d5-40c7-870c-302f94a11076:group-F0964490F6C0:LeaderElection92] INFO  segmented.SegmentedRaftLogWorker (SegmentedRaftLogWorker.java:startLogSegment(380)) - 3f221841-44d5-40c7-870c-302f94a11076-SegmentedRaftLogWorker:Storage Directory /workdir/hadoop-ozone/ozonefs/target/test-dir/MiniOzoneClusterImpl-9293621d-43c4-46ab-8c2c-7aa58a5f4982/datanode-0/data/ratis/68e79de9-7713-4af9-a644-f0964490f6c0: Starting segment from index:0
2019-09-19 09:43:05,205 [3f221841-44d5-40c7-870c-302f94a11076:group-EAB962532181:LeaderElection93] INFO  impl.RaftServerImpl (ServerState.java:setRaftConf(361)) - 3f221841-44d5-40c7-870c-302f94a11076:group-EAB962532181 set configuration 0: [3f221841-44d5-40c7-870c-302f94a11076:192.168.34.5:38725], old=null at 0
2019-09-19 09:43:05,205 [3f221841-44d5-40c7-870c-302f94a11076:group-F0964490F6C0:LeaderElection92] INFO  impl.RaftServerImpl (ServerState.java:setRaftConf(361)) - 3f221841-44d5-40c7-870c-302f94a11076:group-F0964490F6C0 set configuration 0: [3f221841-44d5-40c7-870c-302f94a11076:192.168.34.5:38725], old=null at 0
2019-09-19 09:43:05,221 [Thread-1518] INFO  impl.FollowerState (FollowerState.java:run(106)) - 3f221841-44d5-40c7-870c-302f94a11076:group-12BEBA55405C changes to CANDIDATE, lastRpcTime:5086, electionTimeout:5086ms
2019-09-19 09:43:05,221 [Thread-1518] INFO  impl.RoleInfo (RoleInfo.java:shutdownFollowerState(121)) - 3f221841-44d5-40c7-870c-302f94a11076: shutdown FollowerState
2019-09-19 09:43:05,222 [Thread-1518] INFO  impl.RaftServerImpl (RaftServerImpl.java:setRole(171)) - 3f221841-44d5-40c7-870c-302f94a11076:group-12BEBA55405C changes role from FOLLOWER to CANDIDATE at term 0 for changeToCandidate
2019-09-19 09:43:05,222 [Thread-1518] INFO  impl.RoleInfo (RoleInfo.java:updateAndGet(143)) - 3f221841-44d5-40c7-870c-302f94a11076: start LeaderElection
2019-09-19 09:43:05,254 [3f221841-44d5-40c7-870c-302f94a11076-SegmentedRaftLogWorker:Storage Directory /workdir/hadoop-ozone/ozonefs/target/test-dir/MiniOzoneClusterImpl-9293621d-43c4-46ab-8c2c-7aa58a5f4982/datanode-0/data/ratis/b45fec98-41c2-4373-a9d2-eab962532181] INFO  segmented.SegmentedRaftLogWorker (SegmentedRaftLogWorker.java:execute(569)) - 3f221841-44d5-40c7-870c-302f94a11076-SegmentedRaftLogWorker:Storage Directory /workdir/hadoop-ozone/ozonefs/target/test-dir/MiniOzoneClusterImpl-9293621d-43c4-46ab-8c2c-7aa58a5f4982/datanode-0/data/ratis/b45fec98-41c2-4373-a9d2-eab962532181: created new log segment /workdir/hadoop-ozone/ozonefs/target/test-dir/MiniOzoneClusterImpl-9293621d-43c4-46ab-8c2c-7aa58a5f4982/datanode-0/data/ratis/b45fec98-41c2-4373-a9d2-eab962532181/current/log_inprogress_0
2019-09-19 09:43:05,254 [3f221841-44d5-40c7-870c-302f94a11076:group-12BEBA55405C:LeaderElection94] INFO  impl.LeaderElection (LeaderElection.java:askForVotes(181)) - 3f221841-44d5-40c7-870c-302f94a11076:group-12BEBA55405C:LeaderElection94: begin an election at term 1 for -1: [3f221841-44d5-40c7-870c-302f94a11076:192.168.34.5:38725], old=null
2019-09-19 09:43:05,254 [3f221841-44d5-40c7-870c-302f94a11076-SegmentedRaftLogWorker:Storage Directory /workdir/hadoop-ozone/ozonefs/target/test-dir/MiniOzoneClusterImpl-9293621d-43c4-46ab-8c2c-7aa58a5f4982/datanode-0/data/ratis/68e79de9-7713-4af9-a644-f0964490f6c0] INFO  segmented.SegmentedRaftLogWorker (SegmentedRaftLogWorker.java:execute(569)) - 3f221841-44d5-40c7-870c-302f94a11076-SegmentedRaftLogWorker:Storage Directory /workdir/hadoop-ozone/ozonefs/target/test-dir/MiniOzoneClusterImpl-9293621d-43c4-46ab-8c2c-7aa58a5f4982/datanode-0/data/ratis/68e79de9-7713-4af9-a644-f0964490f6c0: created new log segment /workdir/hadoop-ozone/ozonefs/target/test-dir/MiniOzoneClusterImpl-9293621d-43c4-46ab-8c2c-7aa58a5f4982/datanode-0/data/ratis/68e79de9-7713-4af9-a644-f0964490f6c0/current/log_inprogress_0
2019-09-19 09:43:05,254 [3f221841-44d5-40c7-870c-302f94a11076:group-12BEBA55405C:LeaderElection94] INFO  impl.RoleInfo (RoleInfo.java:shutdownLeaderElection(134)) - 3f221841-44d5-40c7-870c-302f94a11076: shutdown LeaderElection
2019-09-19 09:43:05,254 [3f221841-44d5-40c7-870c-302f94a11076:group-12BEBA55405C:LeaderElection94] INFO  impl.RaftServerImpl (RaftServerImpl.java:setRole(171)) - 3f221841-44d5-40c7-870c-302f94a11076:group-12BEBA55405C changes role from CANDIDATE to LEADER at term 1 for changeToLeader
2019-09-19 09:43:05,254 [3f221841-44d5-40c7-870c-302f94a11076:group-12BEBA55405C:LeaderElection94] INFO  impl.RaftServerImpl (ServerState.java:setLeader(263)) - 3f221841-44d5-40c7-870c-302f94a11076:group-12BEBA55405C change Leader from null to 3f221841-44d5-40c7-870c-302f94a11076 at term 1 for becomeLeader, leader elected after 5123ms
2019-09-19 09:43:05,255 [3f221841-44d5-40c7-870c-302f94a11076:group-12BEBA55405C:LeaderElection94] INFO  server.RaftServerConfigKeys (ConfUtils.java:logGet(43)) - raft.server.staging.catchup.gap = 1000 (default)
2019-09-19 09:43:05,255 [3f221841-44d5-40c7-870c-302f94a11076:group-12BEBA55405C:LeaderElection94] INFO  server.RaftServerConfigKeys (ConfUtils.java:logGet(43)) - raft.server.rpc.sleep.time = 25ms (default)
2019-09-19 09:43:05,255 [3f221841-44d5-40c7-870c-302f94a11076:group-12BEBA55405C:LeaderElection94] INFO  server.RaftServerConfigKeys (ConfUtils.java:logGet(43)) - raft.server.write.element-limit = 4096 (default)
2019-09-19 09:43:05,255 [3f221841-44d5-40c7-870c-302f94a11076:group-12BEBA55405C:LeaderElection94] INFO  server.RaftServerConfigKeys (ConfUtils.java:logGet(43)) - raft.server.watch.timeout = 10s (default)
2019-09-19 09:43:05,255 [3f221841-44d5-40c7-870c-302f94a11076:group-12BEBA55405C:LeaderElection94] INFO  server.RaftServerConfigKeys (ConfUtils.java:logGet(43)) - raft.server.watch.timeout.denomination = 1s (default)
2019-09-19 09:43:05,255 [3f221841-44d5-40c7-870c-302f94a11076:group-12BEBA55405C:LeaderElection94] INFO  server.RaftServerConfigKeys (ConfUtils.java:logGet(43)) - raft.server.watch.element-limit = 65536 (default)
2019-09-19 09:43:05,256 [3f221841-44d5-40c7-870c-302f94a11076:group-12BEBA55405C:LeaderElection94] INFO  impl.RoleInfo (RoleInfo.java:updateAndGet(143)) - 3f221841-44d5-40c7-870c-302f94a11076: start LeaderState
2019-09-19 09:43:05,256 [3f221841-44d5-40c7-870c-302f94a11076:group-12BEBA55405C:LeaderElection94] INFO  segmented.SegmentedRaftLogWorker (SegmentedRaftLogWorker.java:startLogSegment(380)) - 3f221841-44d5-40c7-870c-302f94a11076-SegmentedRaftLogWorker:Storage Directory /workdir/hadoop-ozone/ozonefs/target/test-dir/MiniOzoneClusterImpl-9293621d-43c4-46ab-8c2c-7aa58a5f4982/datanode-0/data/ratis/37686f4c-b64b-4163-a8ff-12beba55405c: Starting segment from index:0
2019-09-19 09:43:05,256 [3f221841-44d5-40c7-870c-302f94a11076:group-12BEBA55405C:LeaderElection94] INFO  impl.RaftServerImpl (ServerState.java:setRaftConf(361)) - 3f221841-44d5-40c7-870c-302f94a11076:group-12BEBA55405C set configuration 0: [3f221841-44d5-40c7-870c-302f94a11076:192.168.34.5:38725], old=null at 0
2019-09-19 09:43:05,261 [Thread-1521] INFO  impl.FollowerState (FollowerState.java:run(106)) - debdeccb-c745-4902-a392-a731715abcbe:group-734BA3A68A75 changes to CANDIDATE, lastRpcTime:5101, electionTimeout:5101ms
2019-09-19 09:43:05,261 [Thread-1521] INFO  impl.RoleInfo (RoleInfo.java:shutdownFollowerState(121)) - debdeccb-c745-4902-a392-a731715abcbe: shutdown FollowerState
2019-09-19 09:43:05,261 [Thread-1521] INFO  impl.RaftServerImpl (RaftServerImpl.java:setRole(171)) - debdeccb-c745-4902-a392-a731715abcbe:group-734BA3A68A75 changes role from FOLLOWER to CANDIDATE at term 0 for changeToCandidate
2019-09-19 09:43:05,261 [Thread-1521] INFO  impl.RoleInfo (RoleInfo.java:updateAndGet(143)) - debdeccb-c745-4902-a392-a731715abcbe: start LeaderElection
2019-09-19 09:43:05,289 [Thread-1530] INFO  impl.FollowerState (FollowerState.java:run(106)) - debdeccb-c745-4902-a392-a731715abcbe:group-1BCB0BA25307 changes to CANDIDATE, lastRpcTime:5069, electionTimeout:5063ms
2019-09-19 09:43:05,290 [Thread-1530] INFO  impl.RoleInfo (RoleInfo.java:shutdownFollowerState(121)) - debdeccb-c745-4902-a392-a731715abcbe: shutdown FollowerState
2019-09-19 09:43:05,290 [Thread-1530] INFO  impl.RaftServerImpl (RaftServerImpl.java:setRole(171)) - debdeccb-c745-4902-a392-a731715abcbe:group-1BCB0BA25307 changes role from FOLLOWER to CANDIDATE at term 0 for changeToCandidate
2019-09-19 09:43:05,290 [Thread-1530] INFO  impl.RoleInfo (RoleInfo.java:updateAndGet(143)) - debdeccb-c745-4902-a392-a731715abcbe: start LeaderElection
2019-09-19 09:43:05,302 [3f221841-44d5-40c7-870c-302f94a11076-SegmentedRaftLogWorker:Storage Directory /workdir/hadoop-ozone/ozonefs/target/test-dir/MiniOzoneClusterImpl-9293621d-43c4-46ab-8c2c-7aa58a5f4982/datanode-0/data/ratis/37686f4c-b64b-4163-a8ff-12beba55405c] INFO  segmented.SegmentedRaftLogWorker (SegmentedRaftLogWorker.java:execute(569)) - 3f221841-44d5-40c7-870c-302f94a11076-SegmentedRaftLogWorker:Storage Directory /workdir/hadoop-ozone/ozonefs/target/test-dir/MiniOzoneClusterImpl-9293621d-43c4-46ab-8c2c-7aa58a5f4982/datanode-0/data/ratis/37686f4c-b64b-4163-a8ff-12beba55405c: created new log segment /workdir/hadoop-ozone/ozonefs/target/test-dir/MiniOzoneClusterImpl-9293621d-43c4-46ab-8c2c-7aa58a5f4982/datanode-0/data/ratis/37686f4c-b64b-4163-a8ff-12beba55405c/current/log_inprogress_0
2019-09-19 09:43:05,303 [debdeccb-c745-4902-a392-a731715abcbe:group-1BCB0BA25307:LeaderElection96] INFO  impl.LeaderElection (LeaderElection.java:askForVotes(181)) - debdeccb-c745-4902-a392-a731715abcbe:group-1BCB0BA25307:LeaderElection96: begin an election at term 1 for -1: [debdeccb-c745-4902-a392-a731715abcbe:192.168.34.5:37881], old=null
2019-09-19 09:43:05,303 [debdeccb-c745-4902-a392-a731715abcbe:group-734BA3A68A75:LeaderElection95] INFO  impl.LeaderElection (LeaderElection.java:askForVotes(181)) - debdeccb-c745-4902-a392-a731715abcbe:group-734BA3A68A75:LeaderElection95: begin an election at term 1 for -1: [debdeccb-c745-4902-a392-a731715abcbe:192.168.34.5:37881], old=null
2019-09-19 09:43:05,303 [debdeccb-c745-4902-a392-a731715abcbe:group-1BCB0BA25307:LeaderElection96] INFO  impl.RoleInfo (RoleInfo.java:shutdownLeaderElection(134)) - debdeccb-c745-4902-a392-a731715abcbe: shutdown LeaderElection
2019-09-19 09:43:05,303 [debdeccb-c745-4902-a392-a731715abcbe:group-734BA3A68A75:LeaderElection95] INFO  impl.RoleInfo (RoleInfo.java:shutdownLeaderElection(134)) - debdeccb-c745-4902-a392-a731715abcbe: shutdown LeaderElection
2019-09-19 09:43:05,303 [debdeccb-c745-4902-a392-a731715abcbe:group-1BCB0BA25307:LeaderElection96] INFO  impl.RaftServerImpl (RaftServerImpl.java:setRole(171)) - debdeccb-c745-4902-a392-a731715abcbe:group-1BCB0BA25307 changes role from CANDIDATE to LEADER at term 1 for changeToLeader
2019-09-19 09:43:05,304 [debdeccb-c745-4902-a392-a731715abcbe:group-1BCB0BA25307:LeaderElection96] INFO  impl.RaftServerImpl (ServerState.java:setLeader(263)) - debdeccb-c745-4902-a392-a731715abcbe:group-1BCB0BA25307 change Leader from null to debdeccb-c745-4902-a392-a731715abcbe at term 1 for becomeLeader, leader elected after 5086ms
2019-09-19 09:43:05,304 [debdeccb-c745-4902-a392-a731715abcbe:group-1BCB0BA25307:LeaderElection96] INFO  server.RaftServerConfigKeys (ConfUtils.java:logGet(43)) - raft.server.staging.catchup.gap = 1000 (default)
2019-09-19 09:43:05,304 [debdeccb-c745-4902-a392-a731715abcbe:group-1BCB0BA25307:LeaderElection96] INFO  server.RaftServerConfigKeys (ConfUtils.java:logGet(43)) - raft.server.rpc.sleep.time = 25ms (default)
2019-09-19 09:43:05,304 [debdeccb-c745-4902-a392-a731715abcbe:group-1BCB0BA25307:LeaderElection96] INFO  server.RaftServerConfigKeys (ConfUtils.java:logGet(43)) - raft.server.write.element-limit = 4096 (default)
2019-09-19 09:43:05,305 [debdeccb-c745-4902-a392-a731715abcbe:group-1BCB0BA25307:LeaderElection96] INFO  server.RaftServerConfigKeys (ConfUtils.java:logGet(43)) - raft.server.watch.timeout = 10s (default)
2019-09-19 09:43:05,305 [debdeccb-c745-4902-a392-a731715abcbe:group-1BCB0BA25307:LeaderElection96] INFO  server.RaftServerConfigKeys (ConfUtils.java:logGet(43)) - raft.server.watch.timeout.denomination = 1s (default)
2019-09-19 09:43:05,305 [debdeccb-c745-4902-a392-a731715abcbe:group-1BCB0BA25307:LeaderElection96] INFO  server.RaftServerConfigKeys (ConfUtils.java:logGet(43)) - raft.server.watch.element-limit = 65536 (default)
2019-09-19 09:43:05,303 [debdeccb-c745-4902-a392-a731715abcbe:group-734BA3A68A75:LeaderElection95] INFO  impl.RaftServerImpl (RaftServerImpl.java:setRole(171)) - debdeccb-c745-4902-a392-a731715abcbe:group-734BA3A68A75 changes role from CANDIDATE to LEADER at term 1 for changeToLeader
2019-09-19 09:43:05,305 [debdeccb-c745-4902-a392-a731715abcbe:group-734BA3A68A75:LeaderElection95] INFO  impl.RaftServerImpl (ServerState.java:setLeader(263)) - debdeccb-c745-4902-a392-a731715abcbe:group-734BA3A68A75 change Leader from null to debdeccb-c745-4902-a392-a731715abcbe at term 1 for becomeLeader, leader elected after 5149ms
2019-09-19 09:43:05,306 [debdeccb-c745-4902-a392-a731715abcbe:group-734BA3A68A75:LeaderElection95] INFO  server.RaftServerConfigKeys (ConfUtils.java:logGet(43)) - raft.server.staging.catchup.gap = 1000 (default)
2019-09-19 09:43:05,306 [debdeccb-c745-4902-a392-a731715abcbe:group-734BA3A68A75:LeaderElection95] INFO  server.RaftServerConfigKeys (ConfUtils.java:logGet(43)) - raft.server.rpc.sleep.time = 25ms (default)
2019-09-19 09:43:05,306 [debdeccb-c745-4902-a392-a731715abcbe:group-734BA3A68A75:LeaderElection95] INFO  server.RaftServerConfigKeys (ConfUtils.java:logGet(43)) - raft.server.write.element-limit = 4096 (default)
2019-09-19 09:43:05,307 [debdeccb-c745-4902-a392-a731715abcbe:group-734BA3A68A75:LeaderElection95] INFO  server.RaftServerConfigKeys (ConfUtils.java:logGet(43)) - raft.server.watch.timeout = 10s (default)
2019-09-19 09:43:05,307 [debdeccb-c745-4902-a392-a731715abcbe:group-734BA3A68A75:LeaderElection95] INFO  server.RaftServerConfigKeys (ConfUtils.java:logGet(43)) - raft.server.watch.timeout.denomination = 1s (default)
2019-09-19 09:43:05,307 [debdeccb-c745-4902-a392-a731715abcbe:group-734BA3A68A75:LeaderElection95] INFO  server.RaftServerConfigKeys (ConfUtils.java:logGet(43)) - raft.server.watch.element-limit = 65536 (default)
2019-09-19 09:43:05,307 [debdeccb-c745-4902-a392-a731715abcbe:group-734BA3A68A75:LeaderElection95] INFO  impl.RoleInfo (RoleInfo.java:updateAndGet(143)) - debdeccb-c745-4902-a392-a731715abcbe: start LeaderState
2019-09-19 09:43:05,308 [debdeccb-c745-4902-a392-a731715abcbe:group-734BA3A68A75:LeaderElection95] INFO  segmented.SegmentedRaftLogWorker (SegmentedRaftLogWorker.java:startLogSegment(380)) - debdeccb-c745-4902-a392-a731715abcbe-SegmentedRaftLogWorker:Storage Directory /workdir/hadoop-ozone/ozonefs/target/test-dir/MiniOzoneClusterImpl-9293621d-43c4-46ab-8c2c-7aa58a5f4982/datanode-1/data/ratis/49e1a045-bf44-4e41-8bb7-734ba3a68a75: Starting segment from index:0
2019-09-19 09:43:05,305 [debdeccb-c745-4902-a392-a731715abcbe:group-1BCB0BA25307:LeaderElection96] INFO  impl.RoleInfo (RoleInfo.java:updateAndGet(143)) - debdeccb-c745-4902-a392-a731715abcbe: start LeaderState
2019-09-19 09:43:05,309 [debdeccb-c745-4902-a392-a731715abcbe:group-1BCB0BA25307:LeaderElection96] INFO  segmented.SegmentedRaftLogWorker (SegmentedRaftLogWorker.java:startLogSegment(380)) - debdeccb-c745-4902-a392-a731715abcbe-SegmentedRaftLogWorker:Storage Directory /workdir/hadoop-ozone/ozonefs/target/test-dir/MiniOzoneClusterImpl-9293621d-43c4-46ab-8c2c-7aa58a5f4982/datanode-1/data/ratis/7401ca41-202c-4222-85d7-1bcb0ba25307: Starting segment from index:0
2019-09-19 09:43:05,309 [debdeccb-c745-4902-a392-a731715abcbe:group-734BA3A68A75:LeaderElection95] INFO  impl.RaftServerImpl (ServerState.java:setRaftConf(361)) - debdeccb-c745-4902-a392-a731715abcbe:group-734BA3A68A75 set configuration 0: [debdeccb-c745-4902-a392-a731715abcbe:192.168.34.5:37881], old=null at 0
2019-09-19 09:43:05,310 [debdeccb-c745-4902-a392-a731715abcbe:group-1BCB0BA25307:LeaderElection96] INFO  impl.RaftServerImpl (ServerState.java:setRaftConf(361)) - debdeccb-c745-4902-a392-a731715abcbe:group-1BCB0BA25307 set configuration 0: [debdeccb-c745-4902-a392-a731715abcbe:192.168.34.5:37881], old=null at 0
2019-09-19 09:43:05,312 [Thread-1515] INFO  impl.FollowerState (FollowerState.java:run(106)) - 3f221841-44d5-40c7-870c-302f94a11076:group-5637E7852D35 changes to CANDIDATE, lastRpcTime:5199, electionTimeout:5199ms
2019-09-19 09:43:05,312 [Thread-1515] INFO  impl.RoleInfo (RoleInfo.java:shutdownFollowerState(121)) - 3f221841-44d5-40c7-870c-302f94a11076: shutdown FollowerState
2019-09-19 09:43:05,313 [Thread-1515] INFO  impl.RaftServerImpl (RaftServerImpl.java:setRole(171)) - 3f221841-44d5-40c7-870c-302f94a11076:group-5637E7852D35 changes role from FOLLOWER to CANDIDATE at term 0 for changeToCandidate
2019-09-19 09:43:05,313 [Thread-1515] INFO  impl.RoleInfo (RoleInfo.java:updateAndGet(143)) - 3f221841-44d5-40c7-870c-302f94a11076: start LeaderElection
2019-09-19 09:43:05,344 [Thread-1527] INFO  impl.FollowerState (FollowerState.java:run(106)) - debdeccb-c745-4902-a392-a731715abcbe:group-927B58009D20 changes to CANDIDATE, lastRpcTime:5143, electionTimeout:5137ms
2019-09-19 09:43:05,344 [Thread-1527] INFO  impl.RoleInfo (RoleInfo.java:shutdownFollowerState(121)) - debdeccb-c745-4902-a392-a731715abcbe: shutdown FollowerState
2019-09-19 09:43:05,344 [Thread-1527] INFO  impl.RaftServerImpl (RaftServerImpl.java:setRole(171)) - debdeccb-c745-4902-a392-a731715abcbe:group-927B58009D20 changes role from FOLLOWER to CANDIDATE at term 0 for changeToCandidate
2019-09-19 09:43:05,344 [Thread-1527] INFO  impl.RoleInfo (RoleInfo.java:updateAndGet(143)) - debdeccb-c745-4902-a392-a731715abcbe: start LeaderElection
2019-09-19 09:43:05,358 [debdeccb-c745-4902-a392-a731715abcbe-SegmentedRaftLogWorker:Storage Directory /workdir/hadoop-ozone/ozonefs/target/test-dir/MiniOzoneClusterImpl-9293621d-43c4-46ab-8c2c-7aa58a5f4982/datanode-1/data/ratis/49e1a045-bf44-4e41-8bb7-734ba3a68a75] INFO  segmented.SegmentedRaftLogWorker (SegmentedRaftLogWorker.java:execute(569)) - debdeccb-c745-4902-a392-a731715abcbe-SegmentedRaftLogWorker:Storage Directory /workdir/hadoop-ozone/ozonefs/target/test-dir/MiniOzoneClusterImpl-9293621d-43c4-46ab-8c2c-7aa58a5f4982/datanode-1/data/ratis/49e1a045-bf44-4e41-8bb7-734ba3a68a75: created new log segment /workdir/hadoop-ozone/ozonefs/target/test-dir/MiniOzoneClusterImpl-9293621d-43c4-46ab-8c2c-7aa58a5f4982/datanode-1/data/ratis/49e1a045-bf44-4e41-8bb7-734ba3a68a75/current/log_inprogress_0
2019-09-19 09:43:05,358 [3f221841-44d5-40c7-870c-302f94a11076:group-5637E7852D35:LeaderElection97] INFO  impl.LeaderElection (LeaderElection.java:askForVotes(181)) - 3f221841-44d5-40c7-870c-302f94a11076:group-5637E7852D35:LeaderElection97: begin an election at term 1 for -1: [3f221841-44d5-40c7-870c-302f94a11076:192.168.34.5:38725], old=null
2019-09-19 09:43:05,358 [debdeccb-c745-4902-a392-a731715abcbe:group-927B58009D20:LeaderElection98] INFO  impl.LeaderElection (LeaderElection.java:askForVotes(181)) - debdeccb-c745-4902-a392-a731715abcbe:group-927B58009D20:LeaderElection98: begin an election at term 1 for -1: [debdeccb-c745-4902-a392-a731715abcbe:192.168.34.5:37881], old=null
2019-09-19 09:43:05,358 [3f221841-44d5-40c7-870c-302f94a11076:group-5637E7852D35:LeaderElection97] INFO  impl.RoleInfo (RoleInfo.java:shutdownLeaderElection(134)) - 3f221841-44d5-40c7-870c-302f94a11076: shutdown LeaderElection
2019-09-19 09:43:05,358 [debdeccb-c745-4902-a392-a731715abcbe-SegmentedRaftLogWorker:Storage Directory /workdir/hadoop-ozone/ozonefs/target/test-dir/MiniOzoneClusterImpl-9293621d-43c4-46ab-8c2c-7aa58a5f4982/datanode-1/data/ratis/7401ca41-202c-4222-85d7-1bcb0ba25307] INFO  segmented.SegmentedRaftLogWorker (SegmentedRaftLogWorker.java:execute(569)) - debdeccb-c745-4902-a392-a731715abcbe-SegmentedRaftLogWorker:Storage Directory /workdir/hadoop-ozone/ozonefs/target/test-dir/MiniOzoneClusterImpl-9293621d-43c4-46ab-8c2c-7aa58a5f4982/datanode-1/data/ratis/7401ca41-202c-4222-85d7-1bcb0ba25307: created new log segment /workdir/hadoop-ozone/ozonefs/target/test-dir/MiniOzoneClusterImpl-9293621d-43c4-46ab-8c2c-7aa58a5f4982/datanode-1/data/ratis/7401ca41-202c-4222-85d7-1bcb0ba25307/current/log_inprogress_0
2019-09-19 09:43:05,358 [3f221841-44d5-40c7-870c-302f94a11076:group-5637E7852D35:LeaderElection97] INFO  impl.RaftServerImpl (RaftServerImpl.java:setRole(171)) - 3f221841-44d5-40c7-870c-302f94a11076:group-5637E7852D35 changes role from CANDIDATE to LEADER at term 1 for changeToLeader
2019-09-19 09:43:05,358 [debdeccb-c745-4902-a392-a731715abcbe:group-927B58009D20:LeaderElection98] INFO  impl.RoleInfo (RoleInfo.java:shutdownLeaderElection(134)) - debdeccb-c745-4902-a392-a731715abcbe: shutdown LeaderElection
2019-09-19 09:43:05,358 [3f221841-44d5-40c7-870c-302f94a11076:group-5637E7852D35:LeaderElection97] INFO  impl.RaftServerImpl (ServerState.java:setLeader(263)) - 3f221841-44d5-40c7-870c-302f94a11076:group-5637E7852D35 change Leader from null to 3f221841-44d5-40c7-870c-302f94a11076 at term 1 for becomeLeader, leader elected after 5249ms
2019-09-19 09:43:05,359 [debdeccb-c745-4902-a392-a731715abcbe:group-927B58009D20:LeaderElection98] INFO  impl.RaftServerImpl (RaftServerImpl.java:setRole(171)) - debdeccb-c745-4902-a392-a731715abcbe:group-927B58009D20 changes role from CANDIDATE to LEADER at term 1 for changeToLeader
2019-09-19 09:43:05,359 [debdeccb-c745-4902-a392-a731715abcbe:group-927B58009D20:LeaderElection98] INFO  impl.RaftServerImpl (ServerState.java:setLeader(263)) - debdeccb-c745-4902-a392-a731715abcbe:group-927B58009D20 change Leader from null to debdeccb-c745-4902-a392-a731715abcbe at term 1 for becomeLeader, leader elected after 5160ms
2019-09-19 09:43:05,359 [3f221841-44d5-40c7-870c-302f94a11076:group-5637E7852D35:LeaderElection97] INFO  server.RaftServerConfigKeys (ConfUtils.java:logGet(43)) - raft.server.staging.catchup.gap = 1000 (default)
2019-09-19 09:43:05,359 [debdeccb-c745-4902-a392-a731715abcbe:group-927B58009D20:LeaderElection98] INFO  server.RaftServerConfigKeys (ConfUtils.java:logGet(43)) - raft.server.staging.catchup.gap = 1000 (default)
2019-09-19 09:43:05,359 [3f221841-44d5-40c7-870c-302f94a11076:group-5637E7852D35:LeaderElection97] INFO  server.RaftServerConfigKeys (ConfUtils.java:logGet(43)) - raft.server.rpc.sleep.time = 25ms (default)
2019-09-19 09:43:05,359 [debdeccb-c745-4902-a392-a731715abcbe:group-927B58009D20:LeaderElection98] INFO  server.RaftServerConfigKeys (ConfUtils.java:logGet(43)) - raft.server.rpc.sleep.time = 25ms (default)
2019-09-19 09:43:05,359 [3f221841-44d5-40c7-870c-302f94a11076:group-5637E7852D35:LeaderElection97] INFO  server.RaftServerConfigKeys (ConfUtils.java:logGet(43)) - raft.server.write.element-limit = 4096 (default)
2019-09-19 09:43:05,359 [debdeccb-c745-4902-a392-a731715abcbe:group-927B58009D20:LeaderElection98] INFO  server.RaftServerConfigKeys (ConfUtils.java:logGet(43)) - raft.server.write.element-limit = 4096 (default)
2019-09-19 09:43:05,360 [3f221841-44d5-40c7-870c-302f94a11076:group-5637E7852D35:LeaderElection97] INFO  server.RaftServerConfigKeys (ConfUtils.java:logGet(43)) - raft.server.watch.timeout = 10s (default)
2019-09-19 09:43:05,360 [debdeccb-c745-4902-a392-a731715abcbe:group-927B58009D20:LeaderElection98] INFO  server.RaftServerConfigKeys (ConfUtils.java:logGet(43)) - raft.server.watch.timeout = 10s (default)
2019-09-19 09:43:05,360 [3f221841-44d5-40c7-870c-302f94a11076:group-5637E7852D35:LeaderElection97] INFO  server.RaftServerConfigKeys (ConfUtils.java:logGet(43)) - raft.server.watch.timeout.denomination = 1s (default)
2019-09-19 09:43:05,360 [debdeccb-c745-4902-a392-a731715abcbe:group-927B58009D20:LeaderElection98] INFO  server.RaftServerConfigKeys (ConfUtils.java:logGet(43)) - raft.server.watch.timeout.denomination = 1s (default)
2019-09-19 09:43:05,360 [3f221841-44d5-40c7-870c-302f94a11076:group-5637E7852D35:LeaderElection97] INFO  server.RaftServerConfigKeys (ConfUtils.java:logGet(43)) - raft.server.watch.element-limit = 65536 (default)
2019-09-19 09:43:05,360 [debdeccb-c745-4902-a392-a731715abcbe:group-927B58009D20:LeaderElection98] INFO  server.RaftServerConfigKeys (ConfUtils.java:logGet(43)) - raft.server.watch.element-limit = 65536 (default)
2019-09-19 09:43:05,360 [3f221841-44d5-40c7-870c-302f94a11076:group-5637E7852D35:LeaderElection97] INFO  impl.RoleInfo (RoleInfo.java:updateAndGet(143)) - 3f221841-44d5-40c7-870c-302f94a11076: start LeaderState
2019-09-19 09:43:05,361 [debdeccb-c745-4902-a392-a731715abcbe:group-927B58009D20:LeaderElection98] INFO  impl.RoleInfo (RoleInfo.java:updateAndGet(143)) - debdeccb-c745-4902-a392-a731715abcbe: start LeaderState
2019-09-19 09:43:05,361 [3f221841-44d5-40c7-870c-302f94a11076:group-5637E7852D35:LeaderElection97] INFO  segmented.SegmentedRaftLogWorker (SegmentedRaftLogWorker.java:startLogSegment(380)) - 3f221841-44d5-40c7-870c-302f94a11076-SegmentedRaftLogWorker:Storage Directory /workdir/hadoop-ozone/ozonefs/target/test-dir/MiniOzoneClusterImpl-9293621d-43c4-46ab-8c2c-7aa58a5f4982/datanode-0/data/ratis/67ab6e97-a04c-4365-99b8-5637e7852d35: Starting segment from index:0
2019-09-19 09:43:05,361 [debdeccb-c745-4902-a392-a731715abcbe:group-927B58009D20:LeaderElection98] INFO  segmented.SegmentedRaftLogWorker (SegmentedRaftLogWorker.java:startLogSegment(380)) - debdeccb-c745-4902-a392-a731715abcbe-SegmentedRaftLogWorker:Storage Directory /workdir/hadoop-ozone/ozonefs/target/test-dir/MiniOzoneClusterImpl-9293621d-43c4-46ab-8c2c-7aa58a5f4982/datanode-1/data/ratis/69b43616-4460-4742-8eb0-927b58009d20: Starting segment from index:0
2019-09-19 09:43:05,361 [3f221841-44d5-40c7-870c-302f94a11076:group-5637E7852D35:LeaderElection97] INFO  impl.RaftServerImpl (ServerState.java:setRaftConf(361)) - 3f221841-44d5-40c7-870c-302f94a11076:group-5637E7852D35 set configuration 0: [3f221841-44d5-40c7-870c-302f94a11076:192.168.34.5:38725], old=null at 0
2019-09-19 09:43:05,362 [debdeccb-c745-4902-a392-a731715abcbe:group-927B58009D20:LeaderElection98] INFO  impl.RaftServerImpl (ServerState.java:setRaftConf(361)) - debdeccb-c745-4902-a392-a731715abcbe:group-927B58009D20 set configuration 0: [debdeccb-c745-4902-a392-a731715abcbe:192.168.34.5:37881], old=null at 0
2019-09-19 09:43:05,365 [Thread-1533] INFO  impl.FollowerState (FollowerState.java:run(106)) - debdeccb-c745-4902-a392-a731715abcbe:group-29C463BDC041 changes to CANDIDATE, lastRpcTime:5090, electionTimeout:5090ms
2019-09-19 09:43:05,366 [Thread-1533] INFO  impl.RoleInfo (RoleInfo.java:shutdownFollowerState(121)) - debdeccb-c745-4902-a392-a731715abcbe: shutdown FollowerState
2019-09-19 09:43:05,366 [Thread-1533] INFO  impl.RaftServerImpl (RaftServerImpl.java:setRole(171)) - debdeccb-c745-4902-a392-a731715abcbe:group-29C463BDC041 changes role from FOLLOWER to CANDIDATE at term 0 for changeToCandidate
2019-09-19 09:43:05,366 [Thread-1533] INFO  impl.RoleInfo (RoleInfo.java:updateAndGet(143)) - debdeccb-c745-4902-a392-a731715abcbe: start LeaderElection
2019-09-19 09:43:05,398 [Thread-1539] INFO  impl.FollowerState (FollowerState.java:run(106)) - debdeccb-c745-4902-a392-a731715abcbe:group-39E8024E7325 changes to CANDIDATE, lastRpcTime:5041, electionTimeout:5033ms
2019-09-19 09:43:05,398 [Thread-1524] INFO  impl.FollowerState (FollowerState.java:run(106)) - 3f221841-44d5-40c7-870c-302f94a11076:group-0438A24BBBDF changes to CANDIDATE, lastRpcTime:5216, electionTimeout:5187ms
2019-09-19 09:43:05,398 [Thread-1539] INFO  impl.RoleInfo (RoleInfo.java:shutdownFollowerState(121)) - debdeccb-c745-4902-a392-a731715abcbe: shutdown FollowerState
2019-09-19 09:43:05,399 [Thread-1524] INFO  impl.RoleInfo (RoleInfo.java:shutdownFollowerState(121)) - 3f221841-44d5-40c7-870c-302f94a11076: shutdown FollowerState
2019-09-19 09:43:05,399 [Thread-1539] INFO  impl.RaftServerImpl (RaftServerImpl.java:setRole(171)) - debdeccb-c745-4902-a392-a731715abcbe:group-39E8024E7325 changes role from FOLLOWER to CANDIDATE at term 0 for changeToCandidate
2019-09-19 09:43:05,399 [Thread-1524] INFO  impl.RaftServerImpl (RaftServerImpl.java:setRole(171)) - 3f221841-44d5-40c7-870c-302f94a11076:group-0438A24BBBDF changes role from FOLLOWER to CANDIDATE at term 0 for changeToCandidate
2019-09-19 09:43:05,399 [Thread-1539] INFO  impl.RoleInfo (RoleInfo.java:updateAndGet(143)) - debdeccb-c745-4902-a392-a731715abcbe: start LeaderElection
2019-09-19 09:43:05,399 [Thread-1524] INFO  impl.RoleInfo (RoleInfo.java:updateAndGet(143)) - 3f221841-44d5-40c7-870c-302f94a11076: start LeaderElection
2019-09-19 09:43:05,404 | INFO  | SCMAudit | user=jenkins1000 | ip=192.168.34.5 | op=SEND_HEARTBEAT {datanodeUUID=0fbe0b13-b0c0-45d8-909a-630081c74a06, command=[]} | ret=SUCCESS |  
2019-09-19 09:43:05,412 [3f221841-44d5-40c7-870c-302f94a11076-SegmentedRaftLogWorker:Storage Directory /workdir/hadoop-ozone/ozonefs/target/test-dir/MiniOzoneClusterImpl-9293621d-43c4-46ab-8c2c-7aa58a5f4982/datanode-0/data/ratis/67ab6e97-a04c-4365-99b8-5637e7852d35] INFO  segmented.SegmentedRaftLogWorker (SegmentedRaftLogWorker.java:execute(569)) - 3f221841-44d5-40c7-870c-302f94a11076-SegmentedRaftLogWorker:Storage Directory /workdir/hadoop-ozone/ozonefs/target/test-dir/MiniOzoneClusterImpl-9293621d-43c4-46ab-8c2c-7aa58a5f4982/datanode-0/data/ratis/67ab6e97-a04c-4365-99b8-5637e7852d35: created new log segment /workdir/hadoop-ozone/ozonefs/target/test-dir/MiniOzoneClusterImpl-9293621d-43c4-46ab-8c2c-7aa58a5f4982/datanode-0/data/ratis/67ab6e97-a04c-4365-99b8-5637e7852d35/current/log_inprogress_0
2019-09-19 09:43:05,412 [debdeccb-c745-4902-a392-a731715abcbe-SegmentedRaftLogWorker:Storage Directory /workdir/hadoop-ozone/ozonefs/target/test-dir/MiniOzoneClusterImpl-9293621d-43c4-46ab-8c2c-7aa58a5f4982/datanode-1/data/ratis/69b43616-4460-4742-8eb0-927b58009d20] INFO  segmented.SegmentedRaftLogWorker (SegmentedRaftLogWorker.java:execute(569)) - debdeccb-c745-4902-a392-a731715abcbe-SegmentedRaftLogWorker:Storage Directory /workdir/hadoop-ozone/ozonefs/target/test-dir/MiniOzoneClusterImpl-9293621d-43c4-46ab-8c2c-7aa58a5f4982/datanode-1/data/ratis/69b43616-4460-4742-8eb0-927b58009d20: created new log segment /workdir/hadoop-ozone/ozonefs/target/test-dir/MiniOzoneClusterImpl-9293621d-43c4-46ab-8c2c-7aa58a5f4982/datanode-1/data/ratis/69b43616-4460-4742-8eb0-927b58009d20/current/log_inprogress_0
2019-09-19 09:43:05,412 [debdeccb-c745-4902-a392-a731715abcbe:group-29C463BDC041:LeaderElection99] INFO  impl.LeaderElection (LeaderElection.java:askForVotes(181)) - debdeccb-c745-4902-a392-a731715abcbe:group-29C463BDC041:LeaderElection99: begin an election at term 1 for -1: [debdeccb-c745-4902-a392-a731715abcbe:192.168.34.5:37881], old=null
2019-09-19 09:43:05,412 [debdeccb-c745-4902-a392-a731715abcbe:group-39E8024E7325:LeaderElection100] INFO  impl.LeaderElection (LeaderElection.java:askForVotes(181)) - debdeccb-c745-4902-a392-a731715abcbe:group-39E8024E7325:LeaderElection100: begin an election at term 1 for -1: [debdeccb-c745-4902-a392-a731715abcbe:192.168.34.5:37881], old=null
2019-09-19 09:43:05,412 [3f221841-44d5-40c7-870c-302f94a11076:group-0438A24BBBDF:LeaderElection101] INFO  impl.LeaderElection (LeaderElection.java:askForVotes(181)) - 3f221841-44d5-40c7-870c-302f94a11076:group-0438A24BBBDF:LeaderElection101: begin an election at term 1 for -1: [3f221841-44d5-40c7-870c-302f94a11076:192.168.34.5:38725], old=null
2019-09-19 09:43:05,413 [debdeccb-c745-4902-a392-a731715abcbe:group-39E8024E7325:LeaderElection100] INFO  impl.RoleInfo (RoleInfo.java:shutdownLeaderElection(134)) - debdeccb-c745-4902-a392-a731715abcbe: shutdown LeaderElection
2019-09-19 09:43:05,413 [debdeccb-c745-4902-a392-a731715abcbe:group-29C463BDC041:LeaderElection99] INFO  impl.RoleInfo (RoleInfo.java:shutdownLeaderElection(134)) - debdeccb-c745-4902-a392-a731715abcbe: shutdown LeaderElection
2019-09-19 09:43:05,413 [debdeccb-c745-4902-a392-a731715abcbe:group-39E8024E7325:LeaderElection100] INFO  impl.RaftServerImpl (RaftServerImpl.java:setRole(171)) - debdeccb-c745-4902-a392-a731715abcbe:group-39E8024E7325 changes role from CANDIDATE to LEADER at term 1 for changeToLeader
2019-09-19 09:43:05,413 [3f221841-44d5-40c7-870c-302f94a11076:group-0438A24BBBDF:LeaderElection101] INFO  impl.RoleInfo (RoleInfo.java:shutdownLeaderElection(134)) - 3f221841-44d5-40c7-870c-302f94a11076: shutdown LeaderElection
2019-09-19 09:43:05,413 [debdeccb-c745-4902-a392-a731715abcbe:group-39E8024E7325:LeaderElection100] INFO  impl.RaftServerImpl (ServerState.java:setLeader(263)) - debdeccb-c745-4902-a392-a731715abcbe:group-39E8024E7325 change Leader from null to debdeccb-c745-4902-a392-a731715abcbe at term 1 for becomeLeader, leader elected after 5059ms
2019-09-19 09:43:05,413 [debdeccb-c745-4902-a392-a731715abcbe:group-29C463BDC041:LeaderElection99] INFO  impl.RaftServerImpl (RaftServerImpl.java:setRole(171)) - debdeccb-c745-4902-a392-a731715abcbe:group-29C463BDC041 changes role from CANDIDATE to LEADER at term 1 for changeToLeader
2019-09-19 09:43:05,413 [debdeccb-c745-4902-a392-a731715abcbe:group-39E8024E7325:LeaderElection100] INFO  server.RaftServerConfigKeys (ConfUtils.java:logGet(43)) - raft.server.staging.catchup.gap = 1000 (default)
2019-09-19 09:43:05,413 [3f221841-44d5-40c7-870c-302f94a11076:group-0438A24BBBDF:LeaderElection101] INFO  impl.RaftServerImpl (RaftServerImpl.java:setRole(171)) - 3f221841-44d5-40c7-870c-302f94a11076:group-0438A24BBBDF changes role from CANDIDATE to LEADER at term 1 for changeToLeader
2019-09-19 09:43:05,414 [debdeccb-c745-4902-a392-a731715abcbe:group-39E8024E7325:LeaderElection100] INFO  server.RaftServerConfigKeys (ConfUtils.java:logGet(43)) - raft.server.rpc.sleep.time = 25ms (default)
2019-09-19 09:43:05,414 [debdeccb-c745-4902-a392-a731715abcbe:group-29C463BDC041:LeaderElection99] INFO  impl.RaftServerImpl (ServerState.java:setLeader(263)) - debdeccb-c745-4902-a392-a731715abcbe:group-29C463BDC041 change Leader from null to debdeccb-c745-4902-a392-a731715abcbe at term 1 for becomeLeader, leader elected after 5142ms
2019-09-19 09:43:05,414 [debdeccb-c745-4902-a392-a731715abcbe:group-39E8024E7325:LeaderElection100] INFO  server.RaftServerConfigKeys (ConfUtils.java:logGet(43)) - raft.server.write.element-limit = 4096 (default)
2019-09-19 09:43:05,414 [3f221841-44d5-40c7-870c-302f94a11076:group-0438A24BBBDF:LeaderElection101] INFO  impl.RaftServerImpl (ServerState.java:setLeader(263)) - 3f221841-44d5-40c7-870c-302f94a11076:group-0438A24BBBDF change Leader from null to 3f221841-44d5-40c7-870c-302f94a11076 at term 1 for becomeLeader, leader elected after 5234ms
2019-09-19 09:43:05,414 [debdeccb-c745-4902-a392-a731715abcbe:group-39E8024E7325:LeaderElection100] INFO  server.RaftServerConfigKeys (ConfUtils.java:logGet(43)) - raft.server.watch.timeout = 10s (default)
2019-09-19 09:43:05,414 [debdeccb-c745-4902-a392-a731715abcbe:group-29C463BDC041:LeaderElection99] INFO  server.RaftServerConfigKeys (ConfUtils.java:logGet(43)) - raft.server.staging.catchup.gap = 1000 (default)
2019-09-19 09:43:05,415 [debdeccb-c745-4902-a392-a731715abcbe:group-39E8024E7325:LeaderElection100] INFO  server.RaftServerConfigKeys (ConfUtils.java:logGet(43)) - raft.server.watch.timeout.denomination = 1s (default)
2019-09-19 09:43:05,414 [3f221841-44d5-40c7-870c-302f94a11076:group-0438A24BBBDF:LeaderElection101] INFO  server.RaftServerConfigKeys (ConfUtils.java:logGet(43)) - raft.server.staging.catchup.gap = 1000 (default)
2019-09-19 09:43:05,415 [debdeccb-c745-4902-a392-a731715abcbe:group-39E8024E7325:LeaderElection100] INFO  server.RaftServerConfigKeys (ConfUtils.java:logGet(43)) - raft.server.watch.element-limit = 65536 (default)
2019-09-19 09:43:05,415 [debdeccb-c745-4902-a392-a731715abcbe:group-29C463BDC041:LeaderElection99] INFO  server.RaftServerConfigKeys (ConfUtils.java:logGet(43)) - raft.server.rpc.sleep.time = 25ms (default)
2019-09-19 09:43:05,415 [debdeccb-c745-4902-a392-a731715abcbe:group-39E8024E7325:LeaderElection100] INFO  impl.RoleInfo (RoleInfo.java:updateAndGet(143)) - debdeccb-c745-4902-a392-a731715abcbe: start LeaderState
2019-09-19 09:43:05,415 [3f221841-44d5-40c7-870c-302f94a11076:group-0438A24BBBDF:LeaderElection101] INFO  server.RaftServerConfigKeys (ConfUtils.java:logGet(43)) - raft.server.rpc.sleep.time = 25ms (default)
2019-09-19 09:43:05,415 [debdeccb-c745-4902-a392-a731715abcbe:group-29C463BDC041:LeaderElection99] INFO  server.RaftServerConfigKeys (ConfUtils.java:logGet(43)) - raft.server.write.element-limit = 4096 (default)
2019-09-19 09:43:05,416 [debdeccb-c745-4902-a392-a731715abcbe:group-39E8024E7325:LeaderElection100] INFO  segmented.SegmentedRaftLogWorker (SegmentedRaftLogWorker.java:startLogSegment(380)) - debdeccb-c745-4902-a392-a731715abcbe-SegmentedRaftLogWorker:Storage Directory /workdir/hadoop-ozone/ozonefs/target/test-dir/MiniOzoneClusterImpl-9293621d-43c4-46ab-8c2c-7aa58a5f4982/datanode-1/data/ratis/2eb9116a-09e6-464c-bffa-39e8024e7325: Starting segment from index:0
2019-09-19 09:43:05,416 [3f221841-44d5-40c7-870c-302f94a11076:group-0438A24BBBDF:LeaderElection101] INFO  server.RaftServerConfigKeys (ConfUtils.java:logGet(43)) - raft.server.write.element-limit = 4096 (default)
2019-09-19 09:43:05,416 [debdeccb-c745-4902-a392-a731715abcbe:group-29C463BDC041:LeaderElection99] INFO  server.RaftServerConfigKeys (ConfUtils.java:logGet(43)) - raft.server.watch.timeout = 10s (default)
2019-09-19 09:43:05,416 [3f221841-44d5-40c7-870c-302f94a11076:group-0438A24BBBDF:LeaderElection101] INFO  server.RaftServerConfigKeys (ConfUtils.java:logGet(43)) - raft.server.watch.timeout = 10s (default)
2019-09-19 09:43:05,416 [debdeccb-c745-4902-a392-a731715abcbe:group-39E8024E7325:LeaderElection100] INFO  impl.RaftServerImpl (ServerState.java:setRaftConf(361)) - debdeccb-c745-4902-a392-a731715abcbe:group-39E8024E7325 set configuration 0: [debdeccb-c745-4902-a392-a731715abcbe:192.168.34.5:37881], old=null at 0
2019-09-19 09:43:05,416 [debdeccb-c745-4902-a392-a731715abcbe:group-29C463BDC041:LeaderElection99] INFO  server.RaftServerConfigKeys (ConfUtils.java:logGet(43)) - raft.server.watch.timeout.denomination = 1s (default)
2019-09-19 09:43:05,416 [3f221841-44d5-40c7-870c-302f94a11076:group-0438A24BBBDF:LeaderElection101] INFO  server.RaftServerConfigKeys (ConfUtils.java:logGet(43)) - raft.server.watch.timeout.denomination = 1s (default)
2019-09-19 09:43:05,417 [debdeccb-c745-4902-a392-a731715abcbe:group-29C463BDC041:LeaderElection99] INFO  server.RaftServerConfigKeys (ConfUtils.java:logGet(43)) - raft.server.watch.element-limit = 65536 (default)
2019-09-19 09:43:05,417 [3f221841-44d5-40c7-870c-302f94a11076:group-0438A24BBBDF:LeaderElection101] INFO  server.RaftServerConfigKeys (ConfUtils.java:logGet(43)) - raft.server.watch.element-limit = 65536 (default)
2019-09-19 09:43:05,417 [debdeccb-c745-4902-a392-a731715abcbe:group-29C463BDC041:LeaderElection99] INFO  impl.RoleInfo (RoleInfo.java:updateAndGet(143)) - debdeccb-c745-4902-a392-a731715abcbe: start LeaderState
2019-09-19 09:43:05,417 [3f221841-44d5-40c7-870c-302f94a11076:group-0438A24BBBDF:LeaderElection101] INFO  impl.RoleInfo (RoleInfo.java:updateAndGet(143)) - 3f221841-44d5-40c7-870c-302f94a11076: start LeaderState
2019-09-19 09:43:05,417 [debdeccb-c745-4902-a392-a731715abcbe:group-29C463BDC041:LeaderElection99] INFO  segmented.SegmentedRaftLogWorker (SegmentedRaftLogWorker.java:startLogSegment(380)) - debdeccb-c745-4902-a392-a731715abcbe-SegmentedRaftLogWorker:Storage Directory /workdir/hadoop-ozone/ozonefs/target/test-dir/MiniOzoneClusterImpl-9293621d-43c4-46ab-8c2c-7aa58a5f4982/datanode-1/data/ratis/6407f46d-fa93-4120-b192-29c463bdc041: Starting segment from index:0
2019-09-19 09:43:05,417 [3f221841-44d5-40c7-870c-302f94a11076:group-0438A24BBBDF:LeaderElection101] INFO  segmented.SegmentedRaftLogWorker (SegmentedRaftLogWorker.java:startLogSegment(380)) - 3f221841-44d5-40c7-870c-302f94a11076-SegmentedRaftLogWorker:Storage Directory /workdir/hadoop-ozone/ozonefs/target/test-dir/MiniOzoneClusterImpl-9293621d-43c4-46ab-8c2c-7aa58a5f4982/datanode-0/data/ratis/0a3e999f-d404-448f-9d81-0438a24bbbdf: Starting segment from index:0
2019-09-19 09:43:05,418 [debdeccb-c745-4902-a392-a731715abcbe:group-29C463BDC041:LeaderElection99] INFO  impl.RaftServerImpl (ServerState.java:setRaftConf(361)) - debdeccb-c745-4902-a392-a731715abcbe:group-29C463BDC041 set configuration 0: [debdeccb-c745-4902-a392-a731715abcbe:192.168.34.5:37881], old=null at 0
2019-09-19 09:43:05,418 [3f221841-44d5-40c7-870c-302f94a11076:group-0438A24BBBDF:LeaderElection101] INFO  impl.RaftServerImpl (ServerState.java:setRaftConf(361)) - 3f221841-44d5-40c7-870c-302f94a11076:group-0438A24BBBDF set configuration 0: [3f221841-44d5-40c7-870c-302f94a11076:192.168.34.5:38725], old=null at 0
2019-09-19 09:43:05,454 [Thread-1536] INFO  impl.FollowerState (FollowerState.java:run(106)) - debdeccb-c745-4902-a392-a731715abcbe:group-20337EFC1C87 changes to CANDIDATE, lastRpcTime:5137, electionTimeout:5137ms
2019-09-19 09:43:05,454 [Thread-1536] INFO  impl.RoleInfo (RoleInfo.java:shutdownFollowerState(121)) - debdeccb-c745-4902-a392-a731715abcbe: shutdown FollowerState
2019-09-19 09:43:05,455 [Thread-1536] INFO  impl.RaftServerImpl (RaftServerImpl.java:setRole(171)) - debdeccb-c745-4902-a392-a731715abcbe:group-20337EFC1C87 changes role from FOLLOWER to CANDIDATE at term 0 for changeToCandidate
2019-09-19 09:43:05,455 [Thread-1536] INFO  impl.RoleInfo (RoleInfo.java:updateAndGet(143)) - debdeccb-c745-4902-a392-a731715abcbe: start LeaderElection
2019-09-19 09:43:05,457 [debdeccb-c745-4902-a392-a731715abcbe-SegmentedRaftLogWorker:Storage Directory /workdir/hadoop-ozone/ozonefs/target/test-dir/MiniOzoneClusterImpl-9293621d-43c4-46ab-8c2c-7aa58a5f4982/datanode-1/data/ratis/2eb9116a-09e6-464c-bffa-39e8024e7325] INFO  segmented.SegmentedRaftLogWorker (SegmentedRaftLogWorker.java:execute(569)) - debdeccb-c745-4902-a392-a731715abcbe-SegmentedRaftLogWorker:Storage Directory /workdir/hadoop-ozone/ozonefs/target/test-dir/MiniOzoneClusterImpl-9293621d-43c4-46ab-8c2c-7aa58a5f4982/datanode-1/data/ratis/2eb9116a-09e6-464c-bffa-39e8024e7325: created new log segment /workdir/hadoop-ozone/ozonefs/target/test-dir/MiniOzoneClusterImpl-9293621d-43c4-46ab-8c2c-7aa58a5f4982/datanode-1/data/ratis/2eb9116a-09e6-464c-bffa-39e8024e7325/current/log_inprogress_0
2019-09-19 09:43:05,457 [3f221841-44d5-40c7-870c-302f94a11076-SegmentedRaftLogWorker:Storage Directory /workdir/hadoop-ozone/ozonefs/target/test-dir/MiniOzoneClusterImpl-9293621d-43c4-46ab-8c2c-7aa58a5f4982/datanode-0/data/ratis/0a3e999f-d404-448f-9d81-0438a24bbbdf] INFO  segmented.SegmentedRaftLogWorker (SegmentedRaftLogWorker.java:execute(569)) - 3f221841-44d5-40c7-870c-302f94a11076-SegmentedRaftLogWorker:Storage Directory /workdir/hadoop-ozone/ozonefs/target/test-dir/MiniOzoneClusterImpl-9293621d-43c4-46ab-8c2c-7aa58a5f4982/datanode-0/data/ratis/0a3e999f-d404-448f-9d81-0438a24bbbdf: created new log segment /workdir/hadoop-ozone/ozonefs/target/test-dir/MiniOzoneClusterImpl-9293621d-43c4-46ab-8c2c-7aa58a5f4982/datanode-0/data/ratis/0a3e999f-d404-448f-9d81-0438a24bbbdf/current/log_inprogress_0
2019-09-19 09:43:05,457 [debdeccb-c745-4902-a392-a731715abcbe-SegmentedRaftLogWorker:Storage Directory /workdir/hadoop-ozone/ozonefs/target/test-dir/MiniOzoneClusterImpl-9293621d-43c4-46ab-8c2c-7aa58a5f4982/datanode-1/data/ratis/6407f46d-fa93-4120-b192-29c463bdc041] INFO  segmented.SegmentedRaftLogWorker (SegmentedRaftLogWorker.java:execute(569)) - debdeccb-c745-4902-a392-a731715abcbe-SegmentedRaftLogWorker:Storage Directory /workdir/hadoop-ozone/ozonefs/target/test-dir/MiniOzoneClusterImpl-9293621d-43c4-46ab-8c2c-7aa58a5f4982/datanode-1/data/ratis/6407f46d-fa93-4120-b192-29c463bdc041: created new log segment /workdir/hadoop-ozone/ozonefs/target/test-dir/MiniOzoneClusterImpl-9293621d-43c4-46ab-8c2c-7aa58a5f4982/datanode-1/data/ratis/6407f46d-fa93-4120-b192-29c463bdc041/current/log_inprogress_0
2019-09-19 09:43:05,471 [debdeccb-c745-4902-a392-a731715abcbe:group-20337EFC1C87:LeaderElection102] INFO  impl.LeaderElection (LeaderElection.java:askForVotes(181)) - debdeccb-c745-4902-a392-a731715abcbe:group-20337EFC1C87:LeaderElection102: begin an election at term 1 for -1: [debdeccb-c745-4902-a392-a731715abcbe:192.168.34.5:37881], old=null
2019-09-19 09:43:05,471 [debdeccb-c745-4902-a392-a731715abcbe:group-20337EFC1C87:LeaderElection102] INFO  impl.RoleInfo (RoleInfo.java:shutdownLeaderElection(134)) - debdeccb-c745-4902-a392-a731715abcbe: shutdown LeaderElection
2019-09-19 09:43:05,471 [debdeccb-c745-4902-a392-a731715abcbe:group-20337EFC1C87:LeaderElection102] INFO  impl.RaftServerImpl (RaftServerImpl.java:setRole(171)) - debdeccb-c745-4902-a392-a731715abcbe:group-20337EFC1C87 changes role from CANDIDATE to LEADER at term 1 for changeToLeader
2019-09-19 09:43:05,471 [debdeccb-c745-4902-a392-a731715abcbe:group-20337EFC1C87:LeaderElection102] INFO  impl.RaftServerImpl (ServerState.java:setLeader(263)) - debdeccb-c745-4902-a392-a731715abcbe:group-20337EFC1C87 change Leader from null to debdeccb-c745-4902-a392-a731715abcbe at term 1 for becomeLeader, leader elected after 5158ms
2019-09-19 09:43:05,472 [debdeccb-c745-4902-a392-a731715abcbe:group-20337EFC1C87:LeaderElection102] INFO  server.RaftServerConfigKeys (ConfUtils.java:logGet(43)) - raft.server.staging.catchup.gap = 1000 (default)
2019-09-19 09:43:05,472 [debdeccb-c745-4902-a392-a731715abcbe:group-20337EFC1C87:LeaderElection102] INFO  server.RaftServerConfigKeys (ConfUtils.java:logGet(43)) - raft.server.rpc.sleep.time = 25ms (default)
2019-09-19 09:43:05,472 [debdeccb-c745-4902-a392-a731715abcbe:group-20337EFC1C87:LeaderElection102] INFO  server.RaftServerConfigKeys (ConfUtils.java:logGet(43)) - raft.server.write.element-limit = 4096 (default)
2019-09-19 09:43:05,472 [debdeccb-c745-4902-a392-a731715abcbe:group-20337EFC1C87:LeaderElection102] INFO  server.RaftServerConfigKeys (ConfUtils.java:logGet(43)) - raft.server.watch.timeout = 10s (default)
2019-09-19 09:43:05,473 [debdeccb-c745-4902-a392-a731715abcbe:group-20337EFC1C87:LeaderElection102] INFO  server.RaftServerConfigKeys (ConfUtils.java:logGet(43)) - raft.server.watch.timeout.denomination = 1s (default)
2019-09-19 09:43:05,473 [debdeccb-c745-4902-a392-a731715abcbe:group-20337EFC1C87:LeaderElection102] INFO  server.RaftServerConfigKeys (ConfUtils.java:logGet(43)) - raft.server.watch.element-limit = 65536 (default)
2019-09-19 09:43:05,473 [debdeccb-c745-4902-a392-a731715abcbe:group-20337EFC1C87:LeaderElection102] INFO  impl.RoleInfo (RoleInfo.java:updateAndGet(143)) - debdeccb-c745-4902-a392-a731715abcbe: start LeaderState
2019-09-19 09:43:05,473 [debdeccb-c745-4902-a392-a731715abcbe:group-20337EFC1C87:LeaderElection102] INFO  segmented.SegmentedRaftLogWorker (SegmentedRaftLogWorker.java:startLogSegment(380)) - debdeccb-c745-4902-a392-a731715abcbe-SegmentedRaftLogWorker:Storage Directory /workdir/hadoop-ozone/ozonefs/target/test-dir/MiniOzoneClusterImpl-9293621d-43c4-46ab-8c2c-7aa58a5f4982/datanode-1/data/ratis/d7a15f0a-058b-421a-a957-20337efc1c87: Starting segment from index:0
2019-09-19 09:43:05,474 [debdeccb-c745-4902-a392-a731715abcbe:group-20337EFC1C87:LeaderElection102] INFO  impl.RaftServerImpl (ServerState.java:setRaftConf(361)) - debdeccb-c745-4902-a392-a731715abcbe:group-20337EFC1C87 set configuration 0: [debdeccb-c745-4902-a392-a731715abcbe:192.168.34.5:37881], old=null at 0
2019-09-19 09:43:05,485 [Thread-1542] INFO  impl.FollowerState (FollowerState.java:run(106)) - 0fbe0b13-b0c0-45d8-909a-630081c74a06:group-2EBADE6F0A1D changes to CANDIDATE, lastRpcTime:5036, electionTimeout:5036ms
2019-09-19 09:43:05,485 [Thread-1542] INFO  impl.RoleInfo (RoleInfo.java:shutdownFollowerState(121)) - 0fbe0b13-b0c0-45d8-909a-630081c74a06: shutdown FollowerState
2019-09-19 09:43:05,485 [Thread-1542] INFO  impl.RaftServerImpl (RaftServerImpl.java:setRole(171)) - 0fbe0b13-b0c0-45d8-909a-630081c74a06:group-2EBADE6F0A1D changes role from FOLLOWER to CANDIDATE at term 0 for changeToCandidate
2019-09-19 09:43:05,485 [Thread-1542] INFO  impl.RoleInfo (RoleInfo.java:updateAndGet(143)) - 0fbe0b13-b0c0-45d8-909a-630081c74a06: start LeaderElection
2019-09-19 09:43:05,514 [debdeccb-c745-4902-a392-a731715abcbe-SegmentedRaftLogWorker:Storage Directory /workdir/hadoop-ozone/ozonefs/target/test-dir/MiniOzoneClusterImpl-9293621d-43c4-46ab-8c2c-7aa58a5f4982/datanode-1/data/ratis/d7a15f0a-058b-421a-a957-20337efc1c87] INFO  segmented.SegmentedRaftLogWorker (SegmentedRaftLogWorker.java:execute(569)) - debdeccb-c745-4902-a392-a731715abcbe-SegmentedRaftLogWorker:Storage Directory /workdir/hadoop-ozone/ozonefs/target/test-dir/MiniOzoneClusterImpl-9293621d-43c4-46ab-8c2c-7aa58a5f4982/datanode-1/data/ratis/d7a15f0a-058b-421a-a957-20337efc1c87: created new log segment /workdir/hadoop-ozone/ozonefs/target/test-dir/MiniOzoneClusterImpl-9293621d-43c4-46ab-8c2c-7aa58a5f4982/datanode-1/data/ratis/d7a15f0a-058b-421a-a957-20337efc1c87/current/log_inprogress_0
2019-09-19 09:43:05,514 [0fbe0b13-b0c0-45d8-909a-630081c74a06:group-2EBADE6F0A1D:LeaderElection103] INFO  impl.LeaderElection (LeaderElection.java:askForVotes(181)) - 0fbe0b13-b0c0-45d8-909a-630081c74a06:group-2EBADE6F0A1D:LeaderElection103: begin an election at term 1 for -1: [0fbe0b13-b0c0-45d8-909a-630081c74a06:192.168.34.5:45037], old=null
2019-09-19 09:43:05,515 [0fbe0b13-b0c0-45d8-909a-630081c74a06:group-2EBADE6F0A1D:LeaderElection103] INFO  impl.RoleInfo (RoleInfo.java:shutdownLeaderElection(134)) - 0fbe0b13-b0c0-45d8-909a-630081c74a06: shutdown LeaderElection
2019-09-19 09:43:05,515 [0fbe0b13-b0c0-45d8-909a-630081c74a06:group-2EBADE6F0A1D:LeaderElection103] INFO  impl.RaftServerImpl (RaftServerImpl.java:setRole(171)) - 0fbe0b13-b0c0-45d8-909a-630081c74a06:group-2EBADE6F0A1D changes role from CANDIDATE to LEADER at term 1 for changeToLeader
2019-09-19 09:43:05,515 [0fbe0b13-b0c0-45d8-909a-630081c74a06:group-2EBADE6F0A1D:LeaderElection103] INFO  impl.RaftServerImpl (ServerState.java:setLeader(263)) - 0fbe0b13-b0c0-45d8-909a-630081c74a06:group-2EBADE6F0A1D change Leader from null to 0fbe0b13-b0c0-45d8-909a-630081c74a06 at term 1 for becomeLeader, leader elected after 5071ms
2019-09-19 09:43:05,515 [0fbe0b13-b0c0-45d8-909a-630081c74a06:group-2EBADE6F0A1D:LeaderElection103] INFO  server.RaftServerConfigKeys (ConfUtils.java:logGet(43)) - raft.server.staging.catchup.gap = 1000 (default)
2019-09-19 09:43:05,515 [0fbe0b13-b0c0-45d8-909a-630081c74a06:group-2EBADE6F0A1D:LeaderElection103] INFO  server.RaftServerConfigKeys (ConfUtils.java:logGet(43)) - raft.server.rpc.sleep.time = 25ms (default)
2019-09-19 09:43:05,515 [0fbe0b13-b0c0-45d8-909a-630081c74a06:group-2EBADE6F0A1D:LeaderElection103] INFO  server.RaftServerConfigKeys (ConfUtils.java:logGet(43)) - raft.server.write.element-limit = 4096 (default)
2019-09-19 09:43:05,516 [0fbe0b13-b0c0-45d8-909a-630081c74a06:group-2EBADE6F0A1D:LeaderElection103] INFO  server.RaftServerConfigKeys (ConfUtils.java:logGet(43)) - raft.server.watch.timeout = 10s (default)
2019-09-19 09:43:05,516 [0fbe0b13-b0c0-45d8-909a-630081c74a06:group-2EBADE6F0A1D:LeaderElection103] INFO  server.RaftServerConfigKeys (ConfUtils.java:logGet(43)) - raft.server.watch.timeout.denomination = 1s (default)
2019-09-19 09:43:05,516 [0fbe0b13-b0c0-45d8-909a-630081c74a06:group-2EBADE6F0A1D:LeaderElection103] INFO  server.RaftServerConfigKeys (ConfUtils.java:logGet(43)) - raft.server.watch.element-limit = 65536 (default)
2019-09-19 09:43:05,516 [0fbe0b13-b0c0-45d8-909a-630081c74a06:group-2EBADE6F0A1D:LeaderElection103] INFO  impl.RoleInfo (RoleInfo.java:updateAndGet(143)) - 0fbe0b13-b0c0-45d8-909a-630081c74a06: start LeaderState
2019-09-19 09:43:05,516 [0fbe0b13-b0c0-45d8-909a-630081c74a06:group-2EBADE6F0A1D:LeaderElection103] INFO  segmented.SegmentedRaftLogWorker (SegmentedRaftLogWorker.java:startLogSegment(380)) - 0fbe0b13-b0c0-45d8-909a-630081c74a06-SegmentedRaftLogWorker:Storage Directory /workdir/hadoop-ozone/ozonefs/target/test-dir/MiniOzoneClusterImpl-9293621d-43c4-46ab-8c2c-7aa58a5f4982/datanode-2/data/ratis/948886ad-1f70-4457-8c0f-2ebade6f0a1d: Starting segment from index:0
2019-09-19 09:43:05,517 [0fbe0b13-b0c0-45d8-909a-630081c74a06:group-2EBADE6F0A1D:LeaderElection103] INFO  impl.RaftServerImpl (ServerState.java:setRaftConf(361)) - 0fbe0b13-b0c0-45d8-909a-630081c74a06:group-2EBADE6F0A1D set configuration 0: [0fbe0b13-b0c0-45d8-909a-630081c74a06:192.168.34.5:45037], old=null at 0
2019-09-19 09:43:05,518 [Thread-1545] INFO  impl.FollowerState (FollowerState.java:run(106)) - 0fbe0b13-b0c0-45d8-909a-630081c74a06:group-88CA2F231996 changes to CANDIDATE, lastRpcTime:5025, electionTimeout:5025ms
2019-09-19 09:43:05,518 [Thread-1545] INFO  impl.RoleInfo (RoleInfo.java:shutdownFollowerState(121)) - 0fbe0b13-b0c0-45d8-909a-630081c74a06: shutdown FollowerState
2019-09-19 09:43:05,518 [Thread-1545] INFO  impl.RaftServerImpl (RaftServerImpl.java:setRole(171)) - 0fbe0b13-b0c0-45d8-909a-630081c74a06:group-88CA2F231996 changes role from FOLLOWER to CANDIDATE at term 0 for changeToCandidate
2019-09-19 09:43:05,518 [Thread-1545] INFO  impl.RoleInfo (RoleInfo.java:updateAndGet(143)) - 0fbe0b13-b0c0-45d8-909a-630081c74a06: start LeaderElection
2019-09-19 09:43:05,556 [0fbe0b13-b0c0-45d8-909a-630081c74a06-SegmentedRaftLogWorker:Storage Directory /workdir/hadoop-ozone/ozonefs/target/test-dir/MiniOzoneClusterImpl-9293621d-43c4-46ab-8c2c-7aa58a5f4982/datanode-2/data/ratis/948886ad-1f70-4457-8c0f-2ebade6f0a1d] INFO  segmented.SegmentedRaftLogWorker (SegmentedRaftLogWorker.java:execute(569)) - 0fbe0b13-b0c0-45d8-909a-630081c74a06-SegmentedRaftLogWorker:Storage Directory /workdir/hadoop-ozone/ozonefs/target/test-dir/MiniOzoneClusterImpl-9293621d-43c4-46ab-8c2c-7aa58a5f4982/datanode-2/data/ratis/948886ad-1f70-4457-8c0f-2ebade6f0a1d: created new log segment /workdir/hadoop-ozone/ozonefs/target/test-dir/MiniOzoneClusterImpl-9293621d-43c4-46ab-8c2c-7aa58a5f4982/datanode-2/data/ratis/948886ad-1f70-4457-8c0f-2ebade6f0a1d/current/log_inprogress_0
2019-09-19 09:43:05,556 [0fbe0b13-b0c0-45d8-909a-630081c74a06:group-88CA2F231996:LeaderElection104] INFO  impl.LeaderElection (LeaderElection.java:askForVotes(181)) - 0fbe0b13-b0c0-45d8-909a-630081c74a06:group-88CA2F231996:LeaderElection104: begin an election at term 1 for -1: [0fbe0b13-b0c0-45d8-909a-630081c74a06:192.168.34.5:45037], old=null
2019-09-19 09:43:05,557 [0fbe0b13-b0c0-45d8-909a-630081c74a06:group-88CA2F231996:LeaderElection104] INFO  impl.RoleInfo (RoleInfo.java:shutdownLeaderElection(134)) - 0fbe0b13-b0c0-45d8-909a-630081c74a06: shutdown LeaderElection
2019-09-19 09:43:05,557 [0fbe0b13-b0c0-45d8-909a-630081c74a06:group-88CA2F231996:LeaderElection104] INFO  impl.RaftServerImpl (RaftServerImpl.java:setRole(171)) - 0fbe0b13-b0c0-45d8-909a-630081c74a06:group-88CA2F231996 changes role from CANDIDATE to LEADER at term 1 for changeToLeader
2019-09-19 09:43:05,557 [0fbe0b13-b0c0-45d8-909a-630081c74a06:group-88CA2F231996:LeaderElection104] INFO  impl.RaftServerImpl (ServerState.java:setLeader(263)) - 0fbe0b13-b0c0-45d8-909a-630081c74a06:group-88CA2F231996 change Leader from null to 0fbe0b13-b0c0-45d8-909a-630081c74a06 at term 1 for becomeLeader, leader elected after 5068ms
2019-09-19 09:43:05,557 [0fbe0b13-b0c0-45d8-909a-630081c74a06:group-88CA2F231996:LeaderElection104] INFO  server.RaftServerConfigKeys (ConfUtils.java:logGet(43)) - raft.server.staging.catchup.gap = 1000 (default)
2019-09-19 09:43:05,557 [0fbe0b13-b0c0-45d8-909a-630081c74a06:group-88CA2F231996:LeaderElection104] INFO  server.RaftServerConfigKeys (ConfUtils.java:logGet(43)) - raft.server.rpc.sleep.time = 25ms (default)
2019-09-19 09:43:05,557 [0fbe0b13-b0c0-45d8-909a-630081c74a06:group-88CA2F231996:LeaderElection104] INFO  server.RaftServerConfigKeys (ConfUtils.java:logGet(43)) - raft.server.write.element-limit = 4096 (default)
2019-09-19 09:43:05,557 [0fbe0b13-b0c0-45d8-909a-630081c74a06:group-88CA2F231996:LeaderElection104] INFO  server.RaftServerConfigKeys (ConfUtils.java:logGet(43)) - raft.server.watch.timeout = 10s (default)
2019-09-19 09:43:05,558 [0fbe0b13-b0c0-45d8-909a-630081c74a06:group-88CA2F231996:LeaderElection104] INFO  server.RaftServerConfigKeys (ConfUtils.java:logGet(43)) - raft.server.watch.timeout.denomination = 1s (default)
2019-09-19 09:43:05,558 [0fbe0b13-b0c0-45d8-909a-630081c74a06:group-88CA2F231996:LeaderElection104] INFO  server.RaftServerConfigKeys (ConfUtils.java:logGet(43)) - raft.server.watch.element-limit = 65536 (default)
2019-09-19 09:43:05,558 [0fbe0b13-b0c0-45d8-909a-630081c74a06:group-88CA2F231996:LeaderElection104] INFO  impl.RoleInfo (RoleInfo.java:updateAndGet(143)) - 0fbe0b13-b0c0-45d8-909a-630081c74a06: start LeaderState
2019-09-19 09:43:05,558 [0fbe0b13-b0c0-45d8-909a-630081c74a06:group-88CA2F231996:LeaderElection104] INFO  segmented.SegmentedRaftLogWorker (SegmentedRaftLogWorker.java:startLogSegment(380)) - 0fbe0b13-b0c0-45d8-909a-630081c74a06-SegmentedRaftLogWorker:Storage Directory /workdir/hadoop-ozone/ozonefs/target/test-dir/MiniOzoneClusterImpl-9293621d-43c4-46ab-8c2c-7aa58a5f4982/datanode-2/data/ratis/35ffa96c-c3e4-4ea2-a399-88ca2f231996: Starting segment from index:0
2019-09-19 09:43:05,558 [0fbe0b13-b0c0-45d8-909a-630081c74a06:group-88CA2F231996:LeaderElection104] INFO  impl.RaftServerImpl (ServerState.java:setRaftConf(361)) - 0fbe0b13-b0c0-45d8-909a-630081c74a06:group-88CA2F231996 set configuration 0: [0fbe0b13-b0c0-45d8-909a-630081c74a06:192.168.34.5:45037], old=null at 0
2019-09-19 09:43:05,573 [Thread-1548] INFO  impl.FollowerState (FollowerState.java:run(106)) - 0fbe0b13-b0c0-45d8-909a-630081c74a06:group-62449E59CDF6 changes to CANDIDATE, lastRpcTime:5039, electionTimeout:5039ms
2019-09-19 09:43:05,573 [Thread-1548] INFO  impl.RoleInfo (RoleInfo.java:shutdownFollowerState(121)) - 0fbe0b13-b0c0-45d8-909a-630081c74a06: shutdown FollowerState
2019-09-19 09:43:05,573 [Thread-1548] INFO  impl.RaftServerImpl (RaftServerImpl.java:setRole(171)) - 0fbe0b13-b0c0-45d8-909a-630081c74a06:group-62449E59CDF6 changes role from FOLLOWER to CANDIDATE at term 0 for changeToCandidate
2019-09-19 09:43:05,573 [Thread-1548] INFO  impl.RoleInfo (RoleInfo.java:updateAndGet(143)) - 0fbe0b13-b0c0-45d8-909a-630081c74a06: start LeaderElection
2019-09-19 09:43:05,605 [0fbe0b13-b0c0-45d8-909a-630081c74a06-SegmentedRaftLogWorker:Storage Directory /workdir/hadoop-ozone/ozonefs/target/test-dir/MiniOzoneClusterImpl-9293621d-43c4-46ab-8c2c-7aa58a5f4982/datanode-2/data/ratis/35ffa96c-c3e4-4ea2-a399-88ca2f231996] INFO  segmented.SegmentedRaftLogWorker (SegmentedRaftLogWorker.java:execute(569)) - 0fbe0b13-b0c0-45d8-909a-630081c74a06-SegmentedRaftLogWorker:Storage Directory /workdir/hadoop-ozone/ozonefs/target/test-dir/MiniOzoneClusterImpl-9293621d-43c4-46ab-8c2c-7aa58a5f4982/datanode-2/data/ratis/35ffa96c-c3e4-4ea2-a399-88ca2f231996: created new log segment /workdir/hadoop-ozone/ozonefs/target/test-dir/MiniOzoneClusterImpl-9293621d-43c4-46ab-8c2c-7aa58a5f4982/datanode-2/data/ratis/35ffa96c-c3e4-4ea2-a399-88ca2f231996/current/log_inprogress_0
2019-09-19 09:43:05,605 [0fbe0b13-b0c0-45d8-909a-630081c74a06:group-62449E59CDF6:LeaderElection105] INFO  impl.LeaderElection (LeaderElection.java:askForVotes(181)) - 0fbe0b13-b0c0-45d8-909a-630081c74a06:group-62449E59CDF6:LeaderElection105: begin an election at term 1 for -1: [0fbe0b13-b0c0-45d8-909a-630081c74a06:192.168.34.5:45037], old=null
2019-09-19 09:43:05,605 [0fbe0b13-b0c0-45d8-909a-630081c74a06:group-62449E59CDF6:LeaderElection105] INFO  impl.RoleInfo (RoleInfo.java:shutdownLeaderElection(134)) - 0fbe0b13-b0c0-45d8-909a-630081c74a06: shutdown LeaderElection
2019-09-19 09:43:05,605 [0fbe0b13-b0c0-45d8-909a-630081c74a06:group-62449E59CDF6:LeaderElection105] INFO  impl.RaftServerImpl (RaftServerImpl.java:setRole(171)) - 0fbe0b13-b0c0-45d8-909a-630081c74a06:group-62449E59CDF6 changes role from CANDIDATE to LEADER at term 1 for changeToLeader
2019-09-19 09:43:05,606 [0fbe0b13-b0c0-45d8-909a-630081c74a06:group-62449E59CDF6:LeaderElection105] INFO  impl.RaftServerImpl (ServerState.java:setLeader(263)) - 0fbe0b13-b0c0-45d8-909a-630081c74a06:group-62449E59CDF6 change Leader from null to 0fbe0b13-b0c0-45d8-909a-630081c74a06 at term 1 for becomeLeader, leader elected after 5075ms
2019-09-19 09:43:05,606 [0fbe0b13-b0c0-45d8-909a-630081c74a06:group-62449E59CDF6:LeaderElection105] INFO  server.RaftServerConfigKeys (ConfUtils.java:logGet(43)) - raft.server.staging.catchup.gap = 1000 (default)
2019-09-19 09:43:05,606 [0fbe0b13-b0c0-45d8-909a-630081c74a06:group-62449E59CDF6:LeaderElection105] INFO  server.RaftServerConfigKeys (ConfUtils.java:logGet(43)) - raft.server.rpc.sleep.time = 25ms (default)
2019-09-19 09:43:05,606 [0fbe0b13-b0c0-45d8-909a-630081c74a06:group-62449E59CDF6:LeaderElection105] INFO  server.RaftServerConfigKeys (ConfUtils.java:logGet(43)) - raft.server.write.element-limit = 4096 (default)
2019-09-19 09:43:05,606 [0fbe0b13-b0c0-45d8-909a-630081c74a06:group-62449E59CDF6:LeaderElection105] INFO  server.RaftServerConfigKeys (ConfUtils.java:logGet(43)) - raft.server.watch.timeout = 10s (default)
2019-09-19 09:43:05,606 [0fbe0b13-b0c0-45d8-909a-630081c74a06:group-62449E59CDF6:LeaderElection105] INFO  server.RaftServerConfigKeys (ConfUtils.java:logGet(43)) - raft.server.watch.timeout.denomination = 1s (default)
2019-09-19 09:43:05,606 [0fbe0b13-b0c0-45d8-909a-630081c74a06:group-62449E59CDF6:LeaderElection105] INFO  server.RaftServerConfigKeys (ConfUtils.java:logGet(43)) - raft.server.watch.element-limit = 65536 (default)
2019-09-19 09:43:05,607 [0fbe0b13-b0c0-45d8-909a-630081c74a06:group-62449E59CDF6:LeaderElection105] INFO  impl.RoleInfo (RoleInfo.java:updateAndGet(143)) - 0fbe0b13-b0c0-45d8-909a-630081c74a06: start LeaderState
2019-09-19 09:43:05,607 [0fbe0b13-b0c0-45d8-909a-630081c74a06:group-62449E59CDF6:LeaderElection105] INFO  segmented.SegmentedRaftLogWorker (SegmentedRaftLogWorker.java:startLogSegment(380)) - 0fbe0b13-b0c0-45d8-909a-630081c74a06-SegmentedRaftLogWorker:Storage Directory /workdir/hadoop-ozone/ozonefs/target/test-dir/MiniOzoneClusterImpl-9293621d-43c4-46ab-8c2c-7aa58a5f4982/datanode-2/data/ratis/902d2ad6-5c0c-4f92-9fd3-62449e59cdf6: Starting segment from index:0
2019-09-19 09:43:05,607 [0fbe0b13-b0c0-45d8-909a-630081c74a06:group-62449E59CDF6:LeaderElection105] INFO  impl.RaftServerImpl (ServerState.java:setRaftConf(361)) - 0fbe0b13-b0c0-45d8-909a-630081c74a06:group-62449E59CDF6 set configuration 0: [0fbe0b13-b0c0-45d8-909a-630081c74a06:192.168.34.5:45037], old=null at 0
2019-09-19 09:43:05,633 [Thread-1554] INFO  impl.FollowerState (FollowerState.java:run(106)) - 0fbe0b13-b0c0-45d8-909a-630081c74a06:group-F23D8C3D980B changes to CANDIDATE, lastRpcTime:5028, electionTimeout:5028ms
2019-09-19 09:43:05,633 [Thread-1554] INFO  impl.RoleInfo (RoleInfo.java:shutdownFollowerState(121)) - 0fbe0b13-b0c0-45d8-909a-630081c74a06: shutdown FollowerState
2019-09-19 09:43:05,633 [Thread-1554] INFO  impl.RaftServerImpl (RaftServerImpl.java:setRole(171)) - 0fbe0b13-b0c0-45d8-909a-630081c74a06:group-F23D8C3D980B changes role from FOLLOWER to CANDIDATE at term 0 for changeToCandidate
2019-09-19 09:43:05,634 [Thread-1554] INFO  impl.RoleInfo (RoleInfo.java:updateAndGet(143)) - 0fbe0b13-b0c0-45d8-909a-630081c74a06: start LeaderElection
2019-09-19 09:43:05,657 [0fbe0b13-b0c0-45d8-909a-630081c74a06-SegmentedRaftLogWorker:Storage Directory /workdir/hadoop-ozone/ozonefs/target/test-dir/MiniOzoneClusterImpl-9293621d-43c4-46ab-8c2c-7aa58a5f4982/datanode-2/data/ratis/902d2ad6-5c0c-4f92-9fd3-62449e59cdf6] INFO  segmented.SegmentedRaftLogWorker (SegmentedRaftLogWorker.java:execute(569)) - 0fbe0b13-b0c0-45d8-909a-630081c74a06-SegmentedRaftLogWorker:Storage Directory /workdir/hadoop-ozone/ozonefs/target/test-dir/MiniOzoneClusterImpl-9293621d-43c4-46ab-8c2c-7aa58a5f4982/datanode-2/data/ratis/902d2ad6-5c0c-4f92-9fd3-62449e59cdf6: created new log segment /workdir/hadoop-ozone/ozonefs/target/test-dir/MiniOzoneClusterImpl-9293621d-43c4-46ab-8c2c-7aa58a5f4982/datanode-2/data/ratis/902d2ad6-5c0c-4f92-9fd3-62449e59cdf6/current/log_inprogress_0
2019-09-19 09:43:05,657 [0fbe0b13-b0c0-45d8-909a-630081c74a06:group-F23D8C3D980B:LeaderElection106] INFO  impl.LeaderElection (LeaderElection.java:askForVotes(181)) - 0fbe0b13-b0c0-45d8-909a-630081c74a06:group-F23D8C3D980B:LeaderElection106: begin an election at term 1 for -1: [0fbe0b13-b0c0-45d8-909a-630081c74a06:192.168.34.5:45037], old=null
2019-09-19 09:43:05,657 [0fbe0b13-b0c0-45d8-909a-630081c74a06:group-F23D8C3D980B:LeaderElection106] INFO  impl.RoleInfo (RoleInfo.java:shutdownLeaderElection(134)) - 0fbe0b13-b0c0-45d8-909a-630081c74a06: shutdown LeaderElection
2019-09-19 09:43:05,658 [0fbe0b13-b0c0-45d8-909a-630081c74a06:group-F23D8C3D980B:LeaderElection106] INFO  impl.RaftServerImpl (RaftServerImpl.java:setRole(171)) - 0fbe0b13-b0c0-45d8-909a-630081c74a06:group-F23D8C3D980B changes role from CANDIDATE to LEADER at term 1 for changeToLeader
2019-09-19 09:43:05,658 [0fbe0b13-b0c0-45d8-909a-630081c74a06:group-F23D8C3D980B:LeaderElection106] INFO  impl.RaftServerImpl (ServerState.java:setLeader(263)) - 0fbe0b13-b0c0-45d8-909a-630081c74a06:group-F23D8C3D980B change Leader from null to 0fbe0b13-b0c0-45d8-909a-630081c74a06 at term 1 for becomeLeader, leader elected after 5055ms
2019-09-19 09:43:05,658 [0fbe0b13-b0c0-45d8-909a-630081c74a06:group-F23D8C3D980B:LeaderElection106] INFO  server.RaftServerConfigKeys (ConfUtils.java:logGet(43)) - raft.server.staging.catchup.gap = 1000 (default)
2019-09-19 09:43:05,658 [0fbe0b13-b0c0-45d8-909a-630081c74a06:group-F23D8C3D980B:LeaderElection106] INFO  server.RaftServerConfigKeys (ConfUtils.java:logGet(43)) - raft.server.rpc.sleep.time = 25ms (default)
2019-09-19 09:43:05,658 [0fbe0b13-b0c0-45d8-909a-630081c74a06:group-F23D8C3D980B:LeaderElection106] INFO  server.RaftServerConfigKeys (ConfUtils.java:logGet(43)) - raft.server.write.element-limit = 4096 (default)
2019-09-19 09:43:05,659 [0fbe0b13-b0c0-45d8-909a-630081c74a06:group-F23D8C3D980B:LeaderElection106] INFO  server.RaftServerConfigKeys (ConfUtils.java:logGet(43)) - raft.server.watch.timeout = 10s (default)
2019-09-19 09:43:05,659 [0fbe0b13-b0c0-45d8-909a-630081c74a06:group-F23D8C3D980B:LeaderElection106] INFO  server.RaftServerConfigKeys (ConfUtils.java:logGet(43)) - raft.server.watch.timeout.denomination = 1s (default)
2019-09-19 09:43:05,659 [0fbe0b13-b0c0-45d8-909a-630081c74a06:group-F23D8C3D980B:LeaderElection106] INFO  server.RaftServerConfigKeys (ConfUtils.java:logGet(43)) - raft.server.watch.element-limit = 65536 (default)
2019-09-19 09:43:05,659 [0fbe0b13-b0c0-45d8-909a-630081c74a06:group-F23D8C3D980B:LeaderElection106] INFO  impl.RoleInfo (RoleInfo.java:updateAndGet(143)) - 0fbe0b13-b0c0-45d8-909a-630081c74a06: start LeaderState
2019-09-19 09:43:05,659 [0fbe0b13-b0c0-45d8-909a-630081c74a06:group-F23D8C3D980B:LeaderElection106] INFO  segmented.SegmentedRaftLogWorker (SegmentedRaftLogWorker.java:startLogSegment(380)) - 0fbe0b13-b0c0-45d8-909a-630081c74a06-SegmentedRaftLogWorker:Storage Directory /workdir/hadoop-ozone/ozonefs/target/test-dir/MiniOzoneClusterImpl-9293621d-43c4-46ab-8c2c-7aa58a5f4982/datanode-2/data/ratis/33a3dff1-809a-4ab8-9a0b-f23d8c3d980b: Starting segment from index:0
2019-09-19 09:43:05,660 [0fbe0b13-b0c0-45d8-909a-630081c74a06:group-F23D8C3D980B:LeaderElection106] INFO  impl.RaftServerImpl (ServerState.java:setRaftConf(361)) - 0fbe0b13-b0c0-45d8-909a-630081c74a06:group-F23D8C3D980B set configuration 0: [0fbe0b13-b0c0-45d8-909a-630081c74a06:192.168.34.5:45037], old=null at 0
2019-09-19 09:43:05,702 [0fbe0b13-b0c0-45d8-909a-630081c74a06-SegmentedRaftLogWorker:Storage Directory /workdir/hadoop-ozone/ozonefs/target/test-dir/MiniOzoneClusterImpl-9293621d-43c4-46ab-8c2c-7aa58a5f4982/datanode-2/data/ratis/33a3dff1-809a-4ab8-9a0b-f23d8c3d980b] INFO  segmented.SegmentedRaftLogWorker (SegmentedRaftLogWorker.java:execute(569)) - 0fbe0b13-b0c0-45d8-909a-630081c74a06-SegmentedRaftLogWorker:Storage Directory /workdir/hadoop-ozone/ozonefs/target/test-dir/MiniOzoneClusterImpl-9293621d-43c4-46ab-8c2c-7aa58a5f4982/datanode-2/data/ratis/33a3dff1-809a-4ab8-9a0b-f23d8c3d980b: created new log segment /workdir/hadoop-ozone/ozonefs/target/test-dir/MiniOzoneClusterImpl-9293621d-43c4-46ab-8c2c-7aa58a5f4982/datanode-2/data/ratis/33a3dff1-809a-4ab8-9a0b-f23d8c3d980b/current/log_inprogress_0
2019-09-19 09:43:05,705 [Thread-1557] INFO  impl.FollowerState (FollowerState.java:run(106)) - 0fbe0b13-b0c0-45d8-909a-630081c74a06:group-FE5AB84D50F1 changes to CANDIDATE, lastRpcTime:5061, electionTimeout:5061ms
2019-09-19 09:43:05,705 [Thread-1557] INFO  impl.RoleInfo (RoleInfo.java:shutdownFollowerState(121)) - 0fbe0b13-b0c0-45d8-909a-630081c74a06: shutdown FollowerState
2019-09-19 09:43:05,705 [Thread-1557] INFO  impl.RaftServerImpl (RaftServerImpl.java:setRole(171)) - 0fbe0b13-b0c0-45d8-909a-630081c74a06:group-FE5AB84D50F1 changes role from FOLLOWER to CANDIDATE at term 0 for changeToCandidate
2019-09-19 09:43:05,705 [Thread-1557] INFO  impl.RoleInfo (RoleInfo.java:updateAndGet(143)) - 0fbe0b13-b0c0-45d8-909a-630081c74a06: start LeaderElection
2019-09-19 09:43:05,715 [0fbe0b13-b0c0-45d8-909a-630081c74a06:group-FE5AB84D50F1:LeaderElection107] INFO  impl.LeaderElection (LeaderElection.java:askForVotes(181)) - 0fbe0b13-b0c0-45d8-909a-630081c74a06:group-FE5AB84D50F1:LeaderElection107: begin an election at term 1 for -1: [0fbe0b13-b0c0-45d8-909a-630081c74a06:192.168.34.5:45037], old=null
2019-09-19 09:43:05,715 [0fbe0b13-b0c0-45d8-909a-630081c74a06:group-FE5AB84D50F1:LeaderElection107] INFO  impl.RoleInfo (RoleInfo.java:shutdownLeaderElection(134)) - 0fbe0b13-b0c0-45d8-909a-630081c74a06: shutdown LeaderElection
2019-09-19 09:43:05,715 [0fbe0b13-b0c0-45d8-909a-630081c74a06:group-FE5AB84D50F1:LeaderElection107] INFO  impl.RaftServerImpl (RaftServerImpl.java:setRole(171)) - 0fbe0b13-b0c0-45d8-909a-630081c74a06:group-FE5AB84D50F1 changes role from CANDIDATE to LEADER at term 1 for changeToLeader
2019-09-19 09:43:05,715 [0fbe0b13-b0c0-45d8-909a-630081c74a06:group-FE5AB84D50F1:LeaderElection107] INFO  impl.RaftServerImpl (ServerState.java:setLeader(263)) - 0fbe0b13-b0c0-45d8-909a-630081c74a06:group-FE5AB84D50F1 change Leader from null to 0fbe0b13-b0c0-45d8-909a-630081c74a06 at term 1 for becomeLeader, leader elected after 5074ms
2019-09-19 09:43:05,715 [0fbe0b13-b0c0-45d8-909a-630081c74a06:group-FE5AB84D50F1:LeaderElection107] INFO  server.RaftServerConfigKeys (ConfUtils.java:logGet(43)) - raft.server.staging.catchup.gap = 1000 (default)
2019-09-19 09:43:05,716 [0fbe0b13-b0c0-45d8-909a-630081c74a06:group-FE5AB84D50F1:LeaderElection107] INFO  server.RaftServerConfigKeys (ConfUtils.java:logGet(43)) - raft.server.rpc.sleep.time = 25ms (default)
2019-09-19 09:43:05,716 [0fbe0b13-b0c0-45d8-909a-630081c74a06:group-FE5AB84D50F1:LeaderElection107] INFO  server.RaftServerConfigKeys (ConfUtils.java:logGet(43)) - raft.server.write.element-limit = 4096 (default)
2019-09-19 09:43:05,716 [0fbe0b13-b0c0-45d8-909a-630081c74a06:group-FE5AB84D50F1:LeaderElection107] INFO  server.RaftServerConfigKeys (ConfUtils.java:logGet(43)) - raft.server.watch.timeout = 10s (default)
2019-09-19 09:43:05,716 [0fbe0b13-b0c0-45d8-909a-630081c74a06:group-FE5AB84D50F1:LeaderElection107] INFO  server.RaftServerConfigKeys (ConfUtils.java:logGet(43)) - raft.server.watch.timeout.denomination = 1s (default)
2019-09-19 09:43:05,716 [0fbe0b13-b0c0-45d8-909a-630081c74a06:group-FE5AB84D50F1:LeaderElection107] INFO  server.RaftServerConfigKeys (ConfUtils.java:logGet(43)) - raft.server.watch.element-limit = 65536 (default)
2019-09-19 09:43:05,716 [0fbe0b13-b0c0-45d8-909a-630081c74a06:group-FE5AB84D50F1:LeaderElection107] INFO  impl.RoleInfo (RoleInfo.java:updateAndGet(143)) - 0fbe0b13-b0c0-45d8-909a-630081c74a06: start LeaderState
2019-09-19 09:43:05,717 [0fbe0b13-b0c0-45d8-909a-630081c74a06:group-FE5AB84D50F1:LeaderElection107] INFO  segmented.SegmentedRaftLogWorker (SegmentedRaftLogWorker.java:startLogSegment(380)) - 0fbe0b13-b0c0-45d8-909a-630081c74a06-SegmentedRaftLogWorker:Storage Directory /workdir/hadoop-ozone/ozonefs/target/test-dir/MiniOzoneClusterImpl-9293621d-43c4-46ab-8c2c-7aa58a5f4982/datanode-2/data/ratis/6407a0ee-f649-4367-842f-fe5ab84d50f1: Starting segment from index:0
2019-09-19 09:43:05,717 [0fbe0b13-b0c0-45d8-909a-630081c74a06:group-FE5AB84D50F1:LeaderElection107] INFO  impl.RaftServerImpl (ServerState.java:setRaftConf(361)) - 0fbe0b13-b0c0-45d8-909a-630081c74a06:group-FE5AB84D50F1 set configuration 0: [0fbe0b13-b0c0-45d8-909a-630081c74a06:192.168.34.5:45037], old=null at 0
2019-09-19 09:43:05,761 [Thread-1551] INFO  impl.FollowerState (FollowerState.java:run(106)) - 0fbe0b13-b0c0-45d8-909a-630081c74a06:group-FC3953E93DEE changes to CANDIDATE, lastRpcTime:5195, electionTimeout:5195ms
2019-09-19 09:43:05,761 [Thread-1551] INFO  impl.RoleInfo (RoleInfo.java:shutdownFollowerState(121)) - 0fbe0b13-b0c0-45d8-909a-630081c74a06: shutdown FollowerState
2019-09-19 09:43:05,761 [Thread-1551] INFO  impl.RaftServerImpl (RaftServerImpl.java:setRole(171)) - 0fbe0b13-b0c0-45d8-909a-630081c74a06:group-FC3953E93DEE changes role from FOLLOWER to CANDIDATE at term 0 for changeToCandidate
2019-09-19 09:43:05,761 [Thread-1551] INFO  impl.RoleInfo (RoleInfo.java:updateAndGet(143)) - 0fbe0b13-b0c0-45d8-909a-630081c74a06: start LeaderElection
2019-09-19 09:43:05,774 [0fbe0b13-b0c0-45d8-909a-630081c74a06-SegmentedRaftLogWorker:Storage Directory /workdir/hadoop-ozone/ozonefs/target/test-dir/MiniOzoneClusterImpl-9293621d-43c4-46ab-8c2c-7aa58a5f4982/datanode-2/data/ratis/6407a0ee-f649-4367-842f-fe5ab84d50f1] INFO  segmented.SegmentedRaftLogWorker (SegmentedRaftLogWorker.java:execute(569)) - 0fbe0b13-b0c0-45d8-909a-630081c74a06-SegmentedRaftLogWorker:Storage Directory /workdir/hadoop-ozone/ozonefs/target/test-dir/MiniOzoneClusterImpl-9293621d-43c4-46ab-8c2c-7aa58a5f4982/datanode-2/data/ratis/6407a0ee-f649-4367-842f-fe5ab84d50f1: created new log segment /workdir/hadoop-ozone/ozonefs/target/test-dir/MiniOzoneClusterImpl-9293621d-43c4-46ab-8c2c-7aa58a5f4982/datanode-2/data/ratis/6407a0ee-f649-4367-842f-fe5ab84d50f1/current/log_inprogress_0
2019-09-19 09:43:05,774 [0fbe0b13-b0c0-45d8-909a-630081c74a06:group-FC3953E93DEE:LeaderElection108] INFO  impl.LeaderElection (LeaderElection.java:askForVotes(181)) - 0fbe0b13-b0c0-45d8-909a-630081c74a06:group-FC3953E93DEE:LeaderElection108: begin an election at term 1 for -1: [0fbe0b13-b0c0-45d8-909a-630081c74a06:192.168.34.5:45037], old=null
2019-09-19 09:43:05,774 [0fbe0b13-b0c0-45d8-909a-630081c74a06:group-FC3953E93DEE:LeaderElection108] INFO  impl.RoleInfo (RoleInfo.java:shutdownLeaderElection(134)) - 0fbe0b13-b0c0-45d8-909a-630081c74a06: shutdown LeaderElection
2019-09-19 09:43:05,774 [0fbe0b13-b0c0-45d8-909a-630081c74a06:group-FC3953E93DEE:LeaderElection108] INFO  impl.RaftServerImpl (RaftServerImpl.java:setRole(171)) - 0fbe0b13-b0c0-45d8-909a-630081c74a06:group-FC3953E93DEE changes role from CANDIDATE to LEADER at term 1 for changeToLeader
2019-09-19 09:43:05,774 [0fbe0b13-b0c0-45d8-909a-630081c74a06:group-FC3953E93DEE:LeaderElection108] INFO  impl.RaftServerImpl (ServerState.java:setLeader(263)) - 0fbe0b13-b0c0-45d8-909a-630081c74a06:group-FC3953E93DEE change Leader from null to 0fbe0b13-b0c0-45d8-909a-630081c74a06 at term 1 for becomeLeader, leader elected after 5212ms
2019-09-19 09:43:05,775 [0fbe0b13-b0c0-45d8-909a-630081c74a06:group-FC3953E93DEE:LeaderElection108] INFO  server.RaftServerConfigKeys (ConfUtils.java:logGet(43)) - raft.server.staging.catchup.gap = 1000 (default)
2019-09-19 09:43:05,775 [0fbe0b13-b0c0-45d8-909a-630081c74a06:group-FC3953E93DEE:LeaderElection108] INFO  server.RaftServerConfigKeys (ConfUtils.java:logGet(43)) - raft.server.rpc.sleep.time = 25ms (default)
2019-09-19 09:43:05,775 [0fbe0b13-b0c0-45d8-909a-630081c74a06:group-FC3953E93DEE:LeaderElection108] INFO  server.RaftServerConfigKeys (ConfUtils.java:logGet(43)) - raft.server.write.element-limit = 4096 (default)
2019-09-19 09:43:05,775 [0fbe0b13-b0c0-45d8-909a-630081c74a06:group-FC3953E93DEE:LeaderElection108] INFO  server.RaftServerConfigKeys (ConfUtils.java:logGet(43)) - raft.server.watch.timeout = 10s (default)
2019-09-19 09:43:05,775 [0fbe0b13-b0c0-45d8-909a-630081c74a06:group-FC3953E93DEE:LeaderElection108] INFO  server.RaftServerConfigKeys (ConfUtils.java:logGet(43)) - raft.server.watch.timeout.denomination = 1s (default)
2019-09-19 09:43:05,775 [0fbe0b13-b0c0-45d8-909a-630081c74a06:group-FC3953E93DEE:LeaderElection108] INFO  server.RaftServerConfigKeys (ConfUtils.java:logGet(43)) - raft.server.watch.element-limit = 65536 (default)
2019-09-19 09:43:05,776 [0fbe0b13-b0c0-45d8-909a-630081c74a06:group-FC3953E93DEE:LeaderElection108] INFO  impl.RoleInfo (RoleInfo.java:updateAndGet(143)) - 0fbe0b13-b0c0-45d8-909a-630081c74a06: start LeaderState
2019-09-19 09:43:05,776 [0fbe0b13-b0c0-45d8-909a-630081c74a06:group-FC3953E93DEE:LeaderElection108] INFO  segmented.SegmentedRaftLogWorker (SegmentedRaftLogWorker.java:startLogSegment(380)) - 0fbe0b13-b0c0-45d8-909a-630081c74a06-SegmentedRaftLogWorker:Storage Directory /workdir/hadoop-ozone/ozonefs/target/test-dir/MiniOzoneClusterImpl-9293621d-43c4-46ab-8c2c-7aa58a5f4982/datanode-2/data/ratis/b0a1da6d-d70d-4efa-b757-fc3953e93dee: Starting segment from index:0
2019-09-19 09:43:05,776 [0fbe0b13-b0c0-45d8-909a-630081c74a06:group-FC3953E93DEE:LeaderElection108] INFO  impl.RaftServerImpl (ServerState.java:setRaftConf(361)) - 0fbe0b13-b0c0-45d8-909a-630081c74a06:group-FC3953E93DEE set configuration 0: [0fbe0b13-b0c0-45d8-909a-630081c74a06:192.168.34.5:45037], old=null at 0
2019-09-19 09:43:05,814 [0fbe0b13-b0c0-45d8-909a-630081c74a06-SegmentedRaftLogWorker:Storage Directory /workdir/hadoop-ozone/ozonefs/target/test-dir/MiniOzoneClusterImpl-9293621d-43c4-46ab-8c2c-7aa58a5f4982/datanode-2/data/ratis/b0a1da6d-d70d-4efa-b757-fc3953e93dee] INFO  segmented.SegmentedRaftLogWorker (SegmentedRaftLogWorker.java:execute(569)) - 0fbe0b13-b0c0-45d8-909a-630081c74a06-SegmentedRaftLogWorker:Storage Directory /workdir/hadoop-ozone/ozonefs/target/test-dir/MiniOzoneClusterImpl-9293621d-43c4-46ab-8c2c-7aa58a5f4982/datanode-2/data/ratis/b0a1da6d-d70d-4efa-b757-fc3953e93dee: created new log segment /workdir/hadoop-ozone/ozonefs/target/test-dir/MiniOzoneClusterImpl-9293621d-43c4-46ab-8c2c-7aa58a5f4982/datanode-2/data/ratis/b0a1da6d-d70d-4efa-b757-fc3953e93dee/current/log_inprogress_0
2019-09-19 09:43:06,404 | INFO  | SCMAudit | user=jenkins1000 | ip=192.168.34.5 | op=SEND_HEARTBEAT {datanodeUUID=0fbe0b13-b0c0-45d8-909a-630081c74a06, command=[]} | ret=SUCCESS |  
2019-09-19 09:43:06,685 [main] INFO  ozoneimpl.OzoneContainer (OzoneContainer.java:stop(199)) - Attempting to stop container services.
2019-09-19 09:43:06,685 [ForkJoinPool.commonPool-worker-1] INFO  ozoneimpl.OzoneContainer (OzoneContainer.java:stop(199)) - Attempting to stop container services.
2019-09-19 09:43:06,686 [main] INFO  impl.RaftServerProxy (RaftServerProxy.java:lambda$close$4(314)) - debdeccb-c745-4902-a392-a731715abcbe: close
2019-09-19 09:43:06,686 [ForkJoinPool.commonPool-worker-1] INFO  impl.RaftServerProxy (RaftServerProxy.java:lambda$close$4(314)) - 3f221841-44d5-40c7-870c-302f94a11076: close
2019-09-19 09:43:06,686 [main] INFO  impl.RaftServerImpl (RaftServerImpl.java:lambda$shutdown$3(245)) - debdeccb-c745-4902-a392-a731715abcbe: shutdown group-20337EFC1C87
2019-09-19 09:43:06,687 [ForkJoinPool.commonPool-worker-1] INFO  impl.RaftServerImpl (RaftServerImpl.java:lambda$shutdown$3(245)) - 3f221841-44d5-40c7-870c-302f94a11076: shutdown group-12BEBA55405C
2019-09-19 09:43:06,687 [main] INFO  util.JmxRegister (JmxRegister.java:unregister(73)) - Successfully un-registered JMX Bean with object name Ratis:service=RaftServer,group=group-20337EFC1C87,id=debdeccb-c745-4902-a392-a731715abcbe
2019-09-19 09:43:06,688 [main] INFO  impl.RoleInfo (RoleInfo.java:shutdownLeaderState(104)) - debdeccb-c745-4902-a392-a731715abcbe: shutdown LeaderState
2019-09-19 09:43:06,687 [ForkJoinPool.commonPool-worker-1] INFO  util.JmxRegister (JmxRegister.java:unregister(73)) - Successfully un-registered JMX Bean with object name Ratis:service=RaftServer,group=group-12BEBA55405C,id=3f221841-44d5-40c7-870c-302f94a11076
2019-09-19 09:43:06,689 [main] INFO  impl.PendingRequests (PendingRequests.java:sendNotLeaderResponses(202)) - debdeccb-c745-4902-a392-a731715abcbe-PendingRequests: sendNotLeaderResponses
2019-09-19 09:43:06,689 [ForkJoinPool.commonPool-worker-1] INFO  impl.RoleInfo (RoleInfo.java:shutdownLeaderState(104)) - 3f221841-44d5-40c7-870c-302f94a11076: shutdown LeaderState
2019-09-19 09:43:06,689 [main] INFO  impl.StateMachineUpdater (StateMachineUpdater.java:stopAndJoin(115)) - StateMachineUpdater:debdeccb-c745-4902-a392-a731715abcbe:group-20337EFC1C87: set stopIndex = 0
2019-09-19 09:43:06,690 [main] INFO  impl.RaftServerImpl (ServerState.java:close(394)) - debdeccb-c745-4902-a392-a731715abcbe:group-20337EFC1C87 closes. The last applied log index is 0
2019-09-19 09:43:06,690 [ForkJoinPool.commonPool-worker-1] INFO  impl.PendingRequests (PendingRequests.java:sendNotLeaderResponses(202)) - 3f221841-44d5-40c7-870c-302f94a11076-PendingRequests: sendNotLeaderResponses
2019-09-19 09:43:06,691 [debdeccb-c745-4902-a392-a731715abcbe-SegmentedRaftLogWorker:Storage Directory /workdir/hadoop-ozone/ozonefs/target/test-dir/MiniOzoneClusterImpl-9293621d-43c4-46ab-8c2c-7aa58a5f4982/datanode-1/data/ratis/d7a15f0a-058b-421a-a957-20337efc1c87] INFO  segmented.SegmentedRaftLogWorker (SegmentedRaftLogWorker.java:run(313)) - debdeccb-c745-4902-a392-a731715abcbe-SegmentedRaftLogWorker:Storage Directory /workdir/hadoop-ozone/ozonefs/target/test-dir/MiniOzoneClusterImpl-9293621d-43c4-46ab-8c2c-7aa58a5f4982/datanode-1/data/ratis/d7a15f0a-058b-421a-a957-20337efc1c87 was interrupted, exiting. There are 0 tasks remaining in the queue.
2019-09-19 09:43:06,691 [ForkJoinPool.commonPool-worker-1] INFO  impl.StateMachineUpdater (StateMachineUpdater.java:stopAndJoin(115)) - StateMachineUpdater:3f221841-44d5-40c7-870c-302f94a11076:group-12BEBA55405C: set stopIndex = 0
2019-09-19 09:43:06,691 [main] INFO  segmented.SegmentedRaftLogWorker (SegmentedRaftLogWorker.java:close(228)) - debdeccb-c745-4902-a392-a731715abcbe-SegmentedRaftLogWorker:Storage Directory /workdir/hadoop-ozone/ozonefs/target/test-dir/MiniOzoneClusterImpl-9293621d-43c4-46ab-8c2c-7aa58a5f4982/datanode-1/data/ratis/d7a15f0a-058b-421a-a957-20337efc1c87 close()
2019-09-19 09:43:06,691 [ForkJoinPool.commonPool-worker-1] INFO  impl.RaftServerImpl (ServerState.java:close(394)) - 3f221841-44d5-40c7-870c-302f94a11076:group-12BEBA55405C closes. The last applied log index is 0
2019-09-19 09:43:06,693 [main] INFO  impl.RaftServerImpl (RaftServerImpl.java:lambda$shutdown$3(245)) - debdeccb-c745-4902-a392-a731715abcbe: shutdown group-1BCB0BA25307
2019-09-19 09:43:06,694 [main] INFO  util.JmxRegister (JmxRegister.java:unregister(73)) - Successfully un-registered JMX Bean with object name Ratis:service=RaftServer,group=group-1BCB0BA25307,id=debdeccb-c745-4902-a392-a731715abcbe
2019-09-19 09:43:06,695 [main] INFO  impl.RoleInfo (RoleInfo.java:shutdownLeaderState(104)) - debdeccb-c745-4902-a392-a731715abcbe: shutdown LeaderState
2019-09-19 09:43:06,694 [3f221841-44d5-40c7-870c-302f94a11076-SegmentedRaftLogWorker:Storage Directory /workdir/hadoop-ozone/ozonefs/target/test-dir/MiniOzoneClusterImpl-9293621d-43c4-46ab-8c2c-7aa58a5f4982/datanode-0/data/ratis/37686f4c-b64b-4163-a8ff-12beba55405c] INFO  segmented.SegmentedRaftLogWorker (SegmentedRaftLogWorker.java:run(313)) - 3f221841-44d5-40c7-870c-302f94a11076-SegmentedRaftLogWorker:Storage Directory /workdir/hadoop-ozone/ozonefs/target/test-dir/MiniOzoneClusterImpl-9293621d-43c4-46ab-8c2c-7aa58a5f4982/datanode-0/data/ratis/37686f4c-b64b-4163-a8ff-12beba55405c was interrupted, exiting. There are 0 tasks remaining in the queue.
2019-09-19 09:43:06,695 [main] INFO  impl.PendingRequests (PendingRequests.java:sendNotLeaderResponses(202)) - debdeccb-c745-4902-a392-a731715abcbe-PendingRequests: sendNotLeaderResponses
2019-09-19 09:43:06,695 [ForkJoinPool.commonPool-worker-1] INFO  segmented.SegmentedRaftLogWorker (SegmentedRaftLogWorker.java:close(228)) - 3f221841-44d5-40c7-870c-302f94a11076-SegmentedRaftLogWorker:Storage Directory /workdir/hadoop-ozone/ozonefs/target/test-dir/MiniOzoneClusterImpl-9293621d-43c4-46ab-8c2c-7aa58a5f4982/datanode-0/data/ratis/37686f4c-b64b-4163-a8ff-12beba55405c close()
2019-09-19 09:43:06,696 [main] INFO  impl.StateMachineUpdater (StateMachineUpdater.java:stopAndJoin(115)) - StateMachineUpdater:debdeccb-c745-4902-a392-a731715abcbe:group-1BCB0BA25307: set stopIndex = 0
2019-09-19 09:43:06,698 [main] INFO  impl.RaftServerImpl (ServerState.java:close(394)) - debdeccb-c745-4902-a392-a731715abcbe:group-1BCB0BA25307 closes. The last applied log index is 0
2019-09-19 09:43:06,697 [ForkJoinPool.commonPool-worker-1] INFO  impl.RaftServerImpl (RaftServerImpl.java:lambda$shutdown$3(245)) - 3f221841-44d5-40c7-870c-302f94a11076: shutdown group-F0964490F6C0
2019-09-19 09:43:06,698 [debdeccb-c745-4902-a392-a731715abcbe-SegmentedRaftLogWorker:Storage Directory /workdir/hadoop-ozone/ozonefs/target/test-dir/MiniOzoneClusterImpl-9293621d-43c4-46ab-8c2c-7aa58a5f4982/datanode-1/data/ratis/7401ca41-202c-4222-85d7-1bcb0ba25307] INFO  segmented.SegmentedRaftLogWorker (SegmentedRaftLogWorker.java:run(313)) - debdeccb-c745-4902-a392-a731715abcbe-SegmentedRaftLogWorker:Storage Directory /workdir/hadoop-ozone/ozonefs/target/test-dir/MiniOzoneClusterImpl-9293621d-43c4-46ab-8c2c-7aa58a5f4982/datanode-1/data/ratis/7401ca41-202c-4222-85d7-1bcb0ba25307 was interrupted, exiting. There are 0 tasks remaining in the queue.
2019-09-19 09:43:06,699 [ForkJoinPool.commonPool-worker-1] INFO  util.JmxRegister (JmxRegister.java:unregister(73)) - Successfully un-registered JMX Bean with object name Ratis:service=RaftServer,group=group-F0964490F6C0,id=3f221841-44d5-40c7-870c-302f94a11076
2019-09-19 09:43:06,699 [main] INFO  segmented.SegmentedRaftLogWorker (SegmentedRaftLogWorker.java:close(228)) - debdeccb-c745-4902-a392-a731715abcbe-SegmentedRaftLogWorker:Storage Directory /workdir/hadoop-ozone/ozonefs/target/test-dir/MiniOzoneClusterImpl-9293621d-43c4-46ab-8c2c-7aa58a5f4982/datanode-1/data/ratis/7401ca41-202c-4222-85d7-1bcb0ba25307 close()
2019-09-19 09:43:06,699 [ForkJoinPool.commonPool-worker-1] INFO  impl.RoleInfo (RoleInfo.java:shutdownLeaderState(104)) - 3f221841-44d5-40c7-870c-302f94a11076: shutdown LeaderState
2019-09-19 09:43:06,701 [main] INFO  impl.RaftServerImpl (RaftServerImpl.java:lambda$shutdown$3(245)) - debdeccb-c745-4902-a392-a731715abcbe: shutdown group-39E8024E7325
2019-09-19 09:43:06,701 [ForkJoinPool.commonPool-worker-1] INFO  impl.PendingRequests (PendingRequests.java:sendNotLeaderResponses(202)) - 3f221841-44d5-40c7-870c-302f94a11076-PendingRequests: sendNotLeaderResponses
2019-09-19 09:43:06,702 [main] INFO  util.JmxRegister (JmxRegister.java:unregister(73)) - Successfully un-registered JMX Bean with object name Ratis:service=RaftServer,group=group-39E8024E7325,id=debdeccb-c745-4902-a392-a731715abcbe
2019-09-19 09:43:06,702 [main] INFO  impl.RoleInfo (RoleInfo.java:shutdownLeaderState(104)) - debdeccb-c745-4902-a392-a731715abcbe: shutdown LeaderState
2019-09-19 09:43:06,702 [ForkJoinPool.commonPool-worker-1] INFO  impl.StateMachineUpdater (StateMachineUpdater.java:stopAndJoin(115)) - StateMachineUpdater:3f221841-44d5-40c7-870c-302f94a11076:group-F0964490F6C0: set stopIndex = 0
2019-09-19 09:43:06,703 [main] INFO  impl.PendingRequests (PendingRequests.java:sendNotLeaderResponses(202)) - debdeccb-c745-4902-a392-a731715abcbe-PendingRequests: sendNotLeaderResponses
2019-09-19 09:43:06,703 [ForkJoinPool.commonPool-worker-1] INFO  impl.RaftServerImpl (ServerState.java:close(394)) - 3f221841-44d5-40c7-870c-302f94a11076:group-F0964490F6C0 closes. The last applied log index is 0
2019-09-19 09:43:06,704 [main] INFO  impl.StateMachineUpdater (StateMachineUpdater.java:stopAndJoin(115)) - StateMachineUpdater:debdeccb-c745-4902-a392-a731715abcbe:group-39E8024E7325: set stopIndex = 0
2019-09-19 09:43:06,704 [main] INFO  impl.RaftServerImpl (ServerState.java:close(394)) - debdeccb-c745-4902-a392-a731715abcbe:group-39E8024E7325 closes. The last applied log index is 0
2019-09-19 09:43:06,704 [3f221841-44d5-40c7-870c-302f94a11076-SegmentedRaftLogWorker:Storage Directory /workdir/hadoop-ozone/ozonefs/target/test-dir/MiniOzoneClusterImpl-9293621d-43c4-46ab-8c2c-7aa58a5f4982/datanode-0/data/ratis/68e79de9-7713-4af9-a644-f0964490f6c0] INFO  segmented.SegmentedRaftLogWorker (SegmentedRaftLogWorker.java:run(313)) - 3f221841-44d5-40c7-870c-302f94a11076-SegmentedRaftLogWorker:Storage Directory /workdir/hadoop-ozone/ozonefs/target/test-dir/MiniOzoneClusterImpl-9293621d-43c4-46ab-8c2c-7aa58a5f4982/datanode-0/data/ratis/68e79de9-7713-4af9-a644-f0964490f6c0 was interrupted, exiting. There are 0 tasks remaining in the queue.
2019-09-19 09:43:06,705 [debdeccb-c745-4902-a392-a731715abcbe-SegmentedRaftLogWorker:Storage Directory /workdir/hadoop-ozone/ozonefs/target/test-dir/MiniOzoneClusterImpl-9293621d-43c4-46ab-8c2c-7aa58a5f4982/datanode-1/data/ratis/2eb9116a-09e6-464c-bffa-39e8024e7325] INFO  segmented.SegmentedRaftLogWorker (SegmentedRaftLogWorker.java:run(313)) - debdeccb-c745-4902-a392-a731715abcbe-SegmentedRaftLogWorker:Storage Directory /workdir/hadoop-ozone/ozonefs/target/test-dir/MiniOzoneClusterImpl-9293621d-43c4-46ab-8c2c-7aa58a5f4982/datanode-1/data/ratis/2eb9116a-09e6-464c-bffa-39e8024e7325 was interrupted, exiting. There are 0 tasks remaining in the queue.
2019-09-19 09:43:06,705 [ForkJoinPool.commonPool-worker-1] INFO  segmented.SegmentedRaftLogWorker (SegmentedRaftLogWorker.java:close(228)) - 3f221841-44d5-40c7-870c-302f94a11076-SegmentedRaftLogWorker:Storage Directory /workdir/hadoop-ozone/ozonefs/target/test-dir/MiniOzoneClusterImpl-9293621d-43c4-46ab-8c2c-7aa58a5f4982/datanode-0/data/ratis/68e79de9-7713-4af9-a644-f0964490f6c0 close()
2019-09-19 09:43:06,705 [main] INFO  segmented.SegmentedRaftLogWorker (SegmentedRaftLogWorker.java:close(228)) - debdeccb-c745-4902-a392-a731715abcbe-SegmentedRaftLogWorker:Storage Directory /workdir/hadoop-ozone/ozonefs/target/test-dir/MiniOzoneClusterImpl-9293621d-43c4-46ab-8c2c-7aa58a5f4982/datanode-1/data/ratis/2eb9116a-09e6-464c-bffa-39e8024e7325 close()
2019-09-19 09:43:06,707 [ForkJoinPool.commonPool-worker-1] INFO  impl.RaftServerImpl (RaftServerImpl.java:lambda$shutdown$3(245)) - 3f221841-44d5-40c7-870c-302f94a11076: shutdown group-0438A24BBBDF
2019-09-19 09:43:06,708 [main] INFO  impl.RaftServerImpl (RaftServerImpl.java:lambda$shutdown$3(245)) - debdeccb-c745-4902-a392-a731715abcbe: shutdown group-29C463BDC041
2019-09-19 09:43:06,709 [ForkJoinPool.commonPool-worker-1] INFO  util.JmxRegister (JmxRegister.java:unregister(73)) - Successfully un-registered JMX Bean with object name Ratis:service=RaftServer,group=group-0438A24BBBDF,id=3f221841-44d5-40c7-870c-302f94a11076
2019-09-19 09:43:06,709 [main] INFO  util.JmxRegister (JmxRegister.java:unregister(73)) - Successfully un-registered JMX Bean with object name Ratis:service=RaftServer,group=group-29C463BDC041,id=debdeccb-c745-4902-a392-a731715abcbe
2019-09-19 09:43:06,710 [main] INFO  impl.RoleInfo (RoleInfo.java:shutdownLeaderState(104)) - debdeccb-c745-4902-a392-a731715abcbe: shutdown LeaderState
2019-09-19 09:43:06,710 [ForkJoinPool.commonPool-worker-1] INFO  impl.RoleInfo (RoleInfo.java:shutdownLeaderState(104)) - 3f221841-44d5-40c7-870c-302f94a11076: shutdown LeaderState
2019-09-19 09:43:06,711 [main] INFO  impl.PendingRequests (PendingRequests.java:sendNotLeaderResponses(202)) - debdeccb-c745-4902-a392-a731715abcbe-PendingRequests: sendNotLeaderResponses
2019-09-19 09:43:06,711 [ForkJoinPool.commonPool-worker-1] INFO  impl.PendingRequests (PendingRequests.java:sendNotLeaderResponses(202)) - 3f221841-44d5-40c7-870c-302f94a11076-PendingRequests: sendNotLeaderResponses
2019-09-19 09:43:06,711 [main] INFO  impl.StateMachineUpdater (StateMachineUpdater.java:stopAndJoin(115)) - StateMachineUpdater:debdeccb-c745-4902-a392-a731715abcbe:group-29C463BDC041: set stopIndex = 0
2019-09-19 09:43:06,712 [main] INFO  impl.RaftServerImpl (ServerState.java:close(394)) - debdeccb-c745-4902-a392-a731715abcbe:group-29C463BDC041 closes. The last applied log index is 0
2019-09-19 09:43:06,712 [ForkJoinPool.commonPool-worker-1] INFO  impl.StateMachineUpdater (StateMachineUpdater.java:stopAndJoin(115)) - StateMachineUpdater:3f221841-44d5-40c7-870c-302f94a11076:group-0438A24BBBDF: set stopIndex = 0
2019-09-19 09:43:06,713 [debdeccb-c745-4902-a392-a731715abcbe-SegmentedRaftLogWorker:Storage Directory /workdir/hadoop-ozone/ozonefs/target/test-dir/MiniOzoneClusterImpl-9293621d-43c4-46ab-8c2c-7aa58a5f4982/datanode-1/data/ratis/6407f46d-fa93-4120-b192-29c463bdc041] INFO  segmented.SegmentedRaftLogWorker (SegmentedRaftLogWorker.java:run(313)) - debdeccb-c745-4902-a392-a731715abcbe-SegmentedRaftLogWorker:Storage Directory /workdir/hadoop-ozone/ozonefs/target/test-dir/MiniOzoneClusterImpl-9293621d-43c4-46ab-8c2c-7aa58a5f4982/datanode-1/data/ratis/6407f46d-fa93-4120-b192-29c463bdc041 was interrupted, exiting. There are 0 tasks remaining in the queue.
2019-09-19 09:43:06,713 [ForkJoinPool.commonPool-worker-1] INFO  impl.RaftServerImpl (ServerState.java:close(394)) - 3f221841-44d5-40c7-870c-302f94a11076:group-0438A24BBBDF closes. The last applied log index is 0
2019-09-19 09:43:06,713 [main] INFO  segmented.SegmentedRaftLogWorker (SegmentedRaftLogWorker.java:close(228)) - debdeccb-c745-4902-a392-a731715abcbe-SegmentedRaftLogWorker:Storage Directory /workdir/hadoop-ozone/ozonefs/target/test-dir/MiniOzoneClusterImpl-9293621d-43c4-46ab-8c2c-7aa58a5f4982/datanode-1/data/ratis/6407f46d-fa93-4120-b192-29c463bdc041 close()
2019-09-19 09:43:06,714 [3f221841-44d5-40c7-870c-302f94a11076-SegmentedRaftLogWorker:Storage Directory /workdir/hadoop-ozone/ozonefs/target/test-dir/MiniOzoneClusterImpl-9293621d-43c4-46ab-8c2c-7aa58a5f4982/datanode-0/data/ratis/0a3e999f-d404-448f-9d81-0438a24bbbdf] INFO  segmented.SegmentedRaftLogWorker (SegmentedRaftLogWorker.java:run(313)) - 3f221841-44d5-40c7-870c-302f94a11076-SegmentedRaftLogWorker:Storage Directory /workdir/hadoop-ozone/ozonefs/target/test-dir/MiniOzoneClusterImpl-9293621d-43c4-46ab-8c2c-7aa58a5f4982/datanode-0/data/ratis/0a3e999f-d404-448f-9d81-0438a24bbbdf was interrupted, exiting. There are 0 tasks remaining in the queue.
2019-09-19 09:43:06,715 [main] INFO  impl.RaftServerImpl (RaftServerImpl.java:lambda$shutdown$3(245)) - debdeccb-c745-4902-a392-a731715abcbe: shutdown group-927B58009D20
2019-09-19 09:43:06,715 [ForkJoinPool.commonPool-worker-1] INFO  segmented.SegmentedRaftLogWorker (SegmentedRaftLogWorker.java:close(228)) - 3f221841-44d5-40c7-870c-302f94a11076-SegmentedRaftLogWorker:Storage Directory /workdir/hadoop-ozone/ozonefs/target/test-dir/MiniOzoneClusterImpl-9293621d-43c4-46ab-8c2c-7aa58a5f4982/datanode-0/data/ratis/0a3e999f-d404-448f-9d81-0438a24bbbdf close()
2019-09-19 09:43:06,716 [main] INFO  util.JmxRegister (JmxRegister.java:unregister(73)) - Successfully un-registered JMX Bean with object name Ratis:service=RaftServer,group=group-927B58009D20,id=debdeccb-c745-4902-a392-a731715abcbe
2019-09-19 09:43:06,717 [ForkJoinPool.commonPool-worker-1] INFO  impl.RaftServerImpl (RaftServerImpl.java:lambda$shutdown$3(245)) - 3f221841-44d5-40c7-870c-302f94a11076: shutdown group-5637E7852D35
2019-09-19 09:43:06,718 [main] INFO  impl.RoleInfo (RoleInfo.java:shutdownLeaderState(104)) - debdeccb-c745-4902-a392-a731715abcbe: shutdown LeaderState
2019-09-19 09:43:06,718 [ForkJoinPool.commonPool-worker-1] INFO  util.JmxRegister (JmxRegister.java:unregister(73)) - Successfully un-registered JMX Bean with object name Ratis:service=RaftServer,group=group-5637E7852D35,id=3f221841-44d5-40c7-870c-302f94a11076
2019-09-19 09:43:06,718 [main] INFO  impl.PendingRequests (PendingRequests.java:sendNotLeaderResponses(202)) - debdeccb-c745-4902-a392-a731715abcbe-PendingRequests: sendNotLeaderResponses
2019-09-19 09:43:06,719 [ForkJoinPool.commonPool-worker-1] INFO  impl.RoleInfo (RoleInfo.java:shutdownLeaderState(104)) - 3f221841-44d5-40c7-870c-302f94a11076: shutdown LeaderState
2019-09-19 09:43:06,719 [main] INFO  impl.StateMachineUpdater (StateMachineUpdater.java:stopAndJoin(115)) - StateMachineUpdater:debdeccb-c745-4902-a392-a731715abcbe:group-927B58009D20: set stopIndex = 0
2019-09-19 09:43:06,719 [ForkJoinPool.commonPool-worker-1] INFO  impl.PendingRequests (PendingRequests.java:sendNotLeaderResponses(202)) - 3f221841-44d5-40c7-870c-302f94a11076-PendingRequests: sendNotLeaderResponses
2019-09-19 09:43:06,720 [main] INFO  impl.RaftServerImpl (ServerState.java:close(394)) - debdeccb-c745-4902-a392-a731715abcbe:group-927B58009D20 closes. The last applied log index is 0
2019-09-19 09:43:06,720 [ForkJoinPool.commonPool-worker-1] INFO  impl.StateMachineUpdater (StateMachineUpdater.java:stopAndJoin(115)) - StateMachineUpdater:3f221841-44d5-40c7-870c-302f94a11076:group-5637E7852D35: set stopIndex = 0
2019-09-19 09:43:06,721 [debdeccb-c745-4902-a392-a731715abcbe-SegmentedRaftLogWorker:Storage Directory /workdir/hadoop-ozone/ozonefs/target/test-dir/MiniOzoneClusterImpl-9293621d-43c4-46ab-8c2c-7aa58a5f4982/datanode-1/data/ratis/69b43616-4460-4742-8eb0-927b58009d20] INFO  segmented.SegmentedRaftLogWorker (SegmentedRaftLogWorker.java:run(313)) - debdeccb-c745-4902-a392-a731715abcbe-SegmentedRaftLogWorker:Storage Directory /workdir/hadoop-ozone/ozonefs/target/test-dir/MiniOzoneClusterImpl-9293621d-43c4-46ab-8c2c-7aa58a5f4982/datanode-1/data/ratis/69b43616-4460-4742-8eb0-927b58009d20 was interrupted, exiting. There are 0 tasks remaining in the queue.
2019-09-19 09:43:06,721 [ForkJoinPool.commonPool-worker-1] INFO  impl.RaftServerImpl (ServerState.java:close(394)) - 3f221841-44d5-40c7-870c-302f94a11076:group-5637E7852D35 closes. The last applied log index is 0
2019-09-19 09:43:06,721 [main] INFO  segmented.SegmentedRaftLogWorker (SegmentedRaftLogWorker.java:close(228)) - debdeccb-c745-4902-a392-a731715abcbe-SegmentedRaftLogWorker:Storage Directory /workdir/hadoop-ozone/ozonefs/target/test-dir/MiniOzoneClusterImpl-9293621d-43c4-46ab-8c2c-7aa58a5f4982/datanode-1/data/ratis/69b43616-4460-4742-8eb0-927b58009d20 close()
2019-09-19 09:43:06,721 [3f221841-44d5-40c7-870c-302f94a11076-SegmentedRaftLogWorker:Storage Directory /workdir/hadoop-ozone/ozonefs/target/test-dir/MiniOzoneClusterImpl-9293621d-43c4-46ab-8c2c-7aa58a5f4982/datanode-0/data/ratis/67ab6e97-a04c-4365-99b8-5637e7852d35] INFO  segmented.SegmentedRaftLogWorker (SegmentedRaftLogWorker.java:run(313)) - 3f221841-44d5-40c7-870c-302f94a11076-SegmentedRaftLogWorker:Storage Directory /workdir/hadoop-ozone/ozonefs/target/test-dir/MiniOzoneClusterImpl-9293621d-43c4-46ab-8c2c-7aa58a5f4982/datanode-0/data/ratis/67ab6e97-a04c-4365-99b8-5637e7852d35 was interrupted, exiting. There are 0 tasks remaining in the queue.
2019-09-19 09:43:06,723 [main] INFO  impl.RaftServerImpl (RaftServerImpl.java:lambda$shutdown$3(245)) - debdeccb-c745-4902-a392-a731715abcbe: shutdown group-734BA3A68A75
2019-09-19 09:43:06,723 [ForkJoinPool.commonPool-worker-1] INFO  segmented.SegmentedRaftLogWorker (SegmentedRaftLogWorker.java:close(228)) - 3f221841-44d5-40c7-870c-302f94a11076-SegmentedRaftLogWorker:Storage Directory /workdir/hadoop-ozone/ozonefs/target/test-dir/MiniOzoneClusterImpl-9293621d-43c4-46ab-8c2c-7aa58a5f4982/datanode-0/data/ratis/67ab6e97-a04c-4365-99b8-5637e7852d35 close()
2019-09-19 09:43:06,724 [main] INFO  util.JmxRegister (JmxRegister.java:unregister(73)) - Successfully un-registered JMX Bean with object name Ratis:service=RaftServer,group=group-734BA3A68A75,id=debdeccb-c745-4902-a392-a731715abcbe
2019-09-19 09:43:06,725 [main] INFO  impl.RoleInfo (RoleInfo.java:shutdownLeaderState(104)) - debdeccb-c745-4902-a392-a731715abcbe: shutdown LeaderState
2019-09-19 09:43:06,725 [ForkJoinPool.commonPool-worker-1] INFO  impl.RaftServerImpl (RaftServerImpl.java:lambda$shutdown$3(245)) - 3f221841-44d5-40c7-870c-302f94a11076: shutdown group-5ACA4F8070C2
2019-09-19 09:43:06,726 [main] INFO  impl.PendingRequests (PendingRequests.java:sendNotLeaderResponses(202)) - debdeccb-c745-4902-a392-a731715abcbe-PendingRequests: sendNotLeaderResponses
2019-09-19 09:43:06,726 [ForkJoinPool.commonPool-worker-1] INFO  util.JmxRegister (JmxRegister.java:unregister(73)) - Successfully un-registered JMX Bean with object name Ratis:service=RaftServer,group=group-5ACA4F8070C2,id=3f221841-44d5-40c7-870c-302f94a11076
2019-09-19 09:43:06,727 [main] INFO  impl.StateMachineUpdater (StateMachineUpdater.java:stopAndJoin(115)) - StateMachineUpdater:debdeccb-c745-4902-a392-a731715abcbe:group-734BA3A68A75: set stopIndex = 0
2019-09-19 09:43:06,727 [main] INFO  impl.RaftServerImpl (ServerState.java:close(394)) - debdeccb-c745-4902-a392-a731715abcbe:group-734BA3A68A75 closes. The last applied log index is 0
2019-09-19 09:43:06,727 [ForkJoinPool.commonPool-worker-1] INFO  impl.RoleInfo (RoleInfo.java:shutdownLeaderState(104)) - 3f221841-44d5-40c7-870c-302f94a11076: shutdown LeaderState
2019-09-19 09:43:06,728 [debdeccb-c745-4902-a392-a731715abcbe-SegmentedRaftLogWorker:Storage Directory /workdir/hadoop-ozone/ozonefs/target/test-dir/MiniOzoneClusterImpl-9293621d-43c4-46ab-8c2c-7aa58a5f4982/datanode-1/data/ratis/49e1a045-bf44-4e41-8bb7-734ba3a68a75] INFO  segmented.SegmentedRaftLogWorker (SegmentedRaftLogWorker.java:run(313)) - debdeccb-c745-4902-a392-a731715abcbe-SegmentedRaftLogWorker:Storage Directory /workdir/hadoop-ozone/ozonefs/target/test-dir/MiniOzoneClusterImpl-9293621d-43c4-46ab-8c2c-7aa58a5f4982/datanode-1/data/ratis/49e1a045-bf44-4e41-8bb7-734ba3a68a75 was interrupted, exiting. There are 0 tasks remaining in the queue.
2019-09-19 09:43:06,728 [ForkJoinPool.commonPool-worker-1] INFO  impl.PendingRequests (PendingRequests.java:sendNotLeaderResponses(202)) - 3f221841-44d5-40c7-870c-302f94a11076-PendingRequests: sendNotLeaderResponses
2019-09-19 09:43:06,728 [main] INFO  segmented.SegmentedRaftLogWorker (SegmentedRaftLogWorker.java:close(228)) - debdeccb-c745-4902-a392-a731715abcbe-SegmentedRaftLogWorker:Storage Directory /workdir/hadoop-ozone/ozonefs/target/test-dir/MiniOzoneClusterImpl-9293621d-43c4-46ab-8c2c-7aa58a5f4982/datanode-1/data/ratis/49e1a045-bf44-4e41-8bb7-734ba3a68a75 close()
2019-09-19 09:43:06,729 [ForkJoinPool.commonPool-worker-1] INFO  impl.StateMachineUpdater (StateMachineUpdater.java:stopAndJoin(115)) - StateMachineUpdater:3f221841-44d5-40c7-870c-302f94a11076:group-5ACA4F8070C2: set stopIndex = 0
2019-09-19 09:43:06,730 [main] INFO  server.GrpcService (GrpcService.java:closeImpl(155)) - debdeccb-c745-4902-a392-a731715abcbe: shutdown server with port 37881 now
2019-09-19 09:43:06,730 [ForkJoinPool.commonPool-worker-1] INFO  impl.RaftServerImpl (ServerState.java:close(394)) - 3f221841-44d5-40c7-870c-302f94a11076:group-5ACA4F8070C2 closes. The last applied log index is 0
2019-09-19 09:43:06,732 [main] INFO  server.GrpcService (GrpcService.java:closeImpl(163)) - debdeccb-c745-4902-a392-a731715abcbe: shutdown server with port 37881 successfully
2019-09-19 09:43:06,732 [3f221841-44d5-40c7-870c-302f94a11076-SegmentedRaftLogWorker:Storage Directory /workdir/hadoop-ozone/ozonefs/target/test-dir/MiniOzoneClusterImpl-9293621d-43c4-46ab-8c2c-7aa58a5f4982/datanode-0/data/ratis/4ff62845-8f97-405b-8929-5aca4f8070c2] INFO  segmented.SegmentedRaftLogWorker (SegmentedRaftLogWorker.java:run(313)) - 3f221841-44d5-40c7-870c-302f94a11076-SegmentedRaftLogWorker:Storage Directory /workdir/hadoop-ozone/ozonefs/target/test-dir/MiniOzoneClusterImpl-9293621d-43c4-46ab-8c2c-7aa58a5f4982/datanode-0/data/ratis/4ff62845-8f97-405b-8929-5aca4f8070c2 was interrupted, exiting. There are 0 tasks remaining in the queue.
2019-09-19 09:43:06,733 [ForkJoinPool.commonPool-worker-1] INFO  segmented.SegmentedRaftLogWorker (SegmentedRaftLogWorker.java:close(228)) - 3f221841-44d5-40c7-870c-302f94a11076-SegmentedRaftLogWorker:Storage Directory /workdir/hadoop-ozone/ozonefs/target/test-dir/MiniOzoneClusterImpl-9293621d-43c4-46ab-8c2c-7aa58a5f4982/datanode-0/data/ratis/4ff62845-8f97-405b-8929-5aca4f8070c2 close()
2019-09-19 09:43:06,733 [main] INFO  utils.BackgroundService (BackgroundService.java:shutdown(148)) - Shutting down service BlockDeletingService
2019-09-19 09:43:06,735 [ForkJoinPool.commonPool-worker-1] INFO  impl.RaftServerImpl (RaftServerImpl.java:lambda$shutdown$3(245)) - 3f221841-44d5-40c7-870c-302f94a11076: shutdown group-EAB962532181
2019-09-19 09:43:06,736 [ForkJoinPool.commonPool-worker-1] INFO  util.JmxRegister (JmxRegister.java:unregister(73)) - Successfully un-registered JMX Bean with object name Ratis:service=RaftServer,group=group-EAB962532181,id=3f221841-44d5-40c7-870c-302f94a11076
2019-09-19 09:43:06,736 [ForkJoinPool.commonPool-worker-1] INFO  impl.RoleInfo (RoleInfo.java:shutdownLeaderState(104)) - 3f221841-44d5-40c7-870c-302f94a11076: shutdown LeaderState
2019-09-19 09:43:06,736 [refreshUsed-/workdir/hadoop-ozone/ozonefs/target/test-dir/MiniOzoneClusterImpl-9293621d-43c4-46ab-8c2c-7aa58a5f4982/datanode-1/data/containers] WARN  fs.CachingGetSpaceUsed (CachingGetSpaceUsed.java:run(183)) - Thread Interrupted waiting to refresh disk information: sleep interrupted
2019-09-19 09:43:06,736 [ForkJoinPool.commonPool-worker-1] INFO  impl.PendingRequests (PendingRequests.java:sendNotLeaderResponses(202)) - 3f221841-44d5-40c7-870c-302f94a11076-PendingRequests: sendNotLeaderResponses
2019-09-19 09:43:06,737 [ForkJoinPool.commonPool-worker-1] INFO  impl.StateMachineUpdater (StateMachineUpdater.java:stopAndJoin(115)) - StateMachineUpdater:3f221841-44d5-40c7-870c-302f94a11076:group-EAB962532181: set stopIndex = 0
2019-09-19 09:43:06,738 [ForkJoinPool.commonPool-worker-1] INFO  impl.RaftServerImpl (ServerState.java:close(394)) - 3f221841-44d5-40c7-870c-302f94a11076:group-EAB962532181 closes. The last applied log index is 0
2019-09-19 09:43:06,739 [3f221841-44d5-40c7-870c-302f94a11076-SegmentedRaftLogWorker:Storage Directory /workdir/hadoop-ozone/ozonefs/target/test-dir/MiniOzoneClusterImpl-9293621d-43c4-46ab-8c2c-7aa58a5f4982/datanode-0/data/ratis/b45fec98-41c2-4373-a9d2-eab962532181] INFO  segmented.SegmentedRaftLogWorker (SegmentedRaftLogWorker.java:run(313)) - 3f221841-44d5-40c7-870c-302f94a11076-SegmentedRaftLogWorker:Storage Directory /workdir/hadoop-ozone/ozonefs/target/test-dir/MiniOzoneClusterImpl-9293621d-43c4-46ab-8c2c-7aa58a5f4982/datanode-0/data/ratis/b45fec98-41c2-4373-a9d2-eab962532181 was interrupted, exiting. There are 0 tasks remaining in the queue.
2019-09-19 09:43:06,740 [ForkJoinPool.commonPool-worker-1] INFO  segmented.SegmentedRaftLogWorker (SegmentedRaftLogWorker.java:close(228)) - 3f221841-44d5-40c7-870c-302f94a11076-SegmentedRaftLogWorker:Storage Directory /workdir/hadoop-ozone/ozonefs/target/test-dir/MiniOzoneClusterImpl-9293621d-43c4-46ab-8c2c-7aa58a5f4982/datanode-0/data/ratis/b45fec98-41c2-4373-a9d2-eab962532181 close()
2019-09-19 09:43:06,741 [ForkJoinPool.commonPool-worker-1] INFO  server.GrpcService (GrpcService.java:closeImpl(155)) - 3f221841-44d5-40c7-870c-302f94a11076: shutdown server with port 38725 now
2019-09-19 09:43:06,743 [ForkJoinPool.commonPool-worker-1] INFO  server.GrpcService (GrpcService.java:closeImpl(163)) - 3f221841-44d5-40c7-870c-302f94a11076: shutdown server with port 38725 successfully
2019-09-19 09:43:06,744 [ForkJoinPool.commonPool-worker-1] INFO  utils.BackgroundService (BackgroundService.java:shutdown(148)) - Shutting down service BlockDeletingService
2019-09-19 09:43:06,747 [refreshUsed-/workdir/hadoop-ozone/ozonefs/target/test-dir/MiniOzoneClusterImpl-9293621d-43c4-46ab-8c2c-7aa58a5f4982/datanode-0/data/containers] WARN  fs.CachingGetSpaceUsed (CachingGetSpaceUsed.java:run(183)) - Thread Interrupted waiting to refresh disk information: sleep interrupted
2019-09-19 09:43:06,777 [main] INFO  statemachine.DatanodeStateMachine (DatanodeStateMachine.java:stopDaemon(395)) - Ozone container server stopped.
2019-09-19 09:43:06,779 [main] INFO  handler.ContextHandler (ContextHandler.java:doStop(910)) - Stopped o.e.j.w.WebAppContext@30a5a58d{/,null,UNAVAILABLE}{/hddsDatanode}
2019-09-19 09:43:06,781 [main] INFO  server.AbstractConnector (AbstractConnector.java:doStop(318)) - Stopped ServerConnector@59cb10e0{HTTP/1.1,[http/1.1]}{0.0.0.0:0}
2019-09-19 09:43:06,782 [ForkJoinPool.commonPool-worker-1] INFO  statemachine.DatanodeStateMachine (DatanodeStateMachine.java:stopDaemon(395)) - Ozone container server stopped.
2019-09-19 09:43:06,783 [main] INFO  handler.ContextHandler (ContextHandler.java:doStop(910)) - Stopped o.e.j.s.ServletContextHandler@2c7aba7c{/static,jar:file:/home/user/.m2/repository/org/apache/hadoop/hadoop-hdds-container-service/0.5.0-SNAPSHOT/hadoop-hdds-container-service-0.5.0-SNAPSHOT.jar!/webapps/static,UNAVAILABLE}
2019-09-19 09:43:06,788 [main] INFO  handler.ContextHandler (ContextHandler.java:doStop(910)) - Stopped o.e.j.s.ServletContextHandler@1df2e767{/logs,file:///workdir/hadoop-ozone/ozonefs/target/log,UNAVAILABLE}
2019-09-19 09:43:06,788 [ForkJoinPool.commonPool-worker-1] INFO  handler.ContextHandler (ContextHandler.java:doStop(910)) - Stopped o.e.j.w.WebAppContext@6097f225{/,null,UNAVAILABLE}{/hddsDatanode}
2019-09-19 09:43:06,789 [ForkJoinPool.commonPool-worker-1] INFO  server.AbstractConnector (AbstractConnector.java:doStop(318)) - Stopped ServerConnector@5507584d{HTTP/1.1,[http/1.1]}{0.0.0.0:0}
2019-09-19 09:43:06,790 [main] INFO  datanode.ObjectStoreHandler (ObjectStoreHandler.java:close(155)) - Closing ObjectStoreHandler.
2019-09-19 09:43:06,790 [ForkJoinPool.commonPool-worker-1] INFO  handler.ContextHandler (ContextHandler.java:doStop(910)) - Stopped o.e.j.s.ServletContextHandler@7890fbf9{/static,jar:file:/home/user/.m2/repository/org/apache/hadoop/hadoop-hdds-container-service/0.5.0-SNAPSHOT/hadoop-hdds-container-service-0.5.0-SNAPSHOT.jar!/webapps/static,UNAVAILABLE}
2019-09-19 09:43:06,792 [ForkJoinPool.commonPool-worker-1] INFO  handler.ContextHandler (ContextHandler.java:doStop(910)) - Stopped o.e.j.s.ServletContextHandler@1977b0df{/logs,file:///workdir/hadoop-ozone/ozonefs/target/log,UNAVAILABLE}
2019-09-19 09:43:06,792 [main] INFO  ozone.HddsDatanodeService (HddsDatanodeService.java:stop(451)) - Stopped plug-in org.apache.hadoop.ozone.web.OzoneHddsDatanodeService@2932721e
2019-09-19 09:43:07,403 [Datanode State Machine Thread - 0] INFO  statemachine.DatanodeStateMachine (DatanodeStateMachine.java:lambda$startDaemon$0(350)) - Ozone container server started.
2019-09-19 09:43:11,793 [main] INFO  ozoneimpl.OzoneContainer (OzoneContainer.java:stop(199)) - Attempting to stop container services.
2019-09-19 09:43:11,794 [main] INFO  impl.RaftServerProxy (RaftServerProxy.java:lambda$close$4(314)) - 0fbe0b13-b0c0-45d8-909a-630081c74a06: close
2019-09-19 09:43:11,795 [main] INFO  impl.RaftServerImpl (RaftServerImpl.java:lambda$shutdown$3(245)) - 0fbe0b13-b0c0-45d8-909a-630081c74a06: shutdown group-2EBADE6F0A1D
2019-09-19 09:43:11,796 [ForkJoinPool.commonPool-worker-0] INFO  impl.RaftServerImpl (RaftServerImpl.java:lambda$shutdown$3(245)) - 0fbe0b13-b0c0-45d8-909a-630081c74a06: shutdown group-62449E59CDF6
2019-09-19 09:43:11,796 [main] INFO  util.JmxRegister (JmxRegister.java:unregister(73)) - Successfully un-registered JMX Bean with object name Ratis:service=RaftServer,group=group-2EBADE6F0A1D,id=0fbe0b13-b0c0-45d8-909a-630081c74a06
2019-09-19 09:43:11,797 [main] INFO  impl.RoleInfo (RoleInfo.java:shutdownLeaderState(104)) - 0fbe0b13-b0c0-45d8-909a-630081c74a06: shutdown LeaderState
2019-09-19 09:43:11,796 [ForkJoinPool.commonPool-worker-0] INFO  util.JmxRegister (JmxRegister.java:unregister(73)) - Successfully un-registered JMX Bean with object name Ratis:service=RaftServer,group=group-62449E59CDF6,id=0fbe0b13-b0c0-45d8-909a-630081c74a06
2019-09-19 09:43:11,797 [main] INFO  impl.PendingRequests (PendingRequests.java:sendNotLeaderResponses(202)) - 0fbe0b13-b0c0-45d8-909a-630081c74a06-PendingRequests: sendNotLeaderResponses
2019-09-19 09:43:11,798 [ForkJoinPool.commonPool-worker-0] INFO  impl.RoleInfo (RoleInfo.java:shutdownLeaderState(104)) - 0fbe0b13-b0c0-45d8-909a-630081c74a06: shutdown LeaderState
2019-09-19 09:43:11,798 [main] INFO  impl.StateMachineUpdater (StateMachineUpdater.java:stopAndJoin(115)) - StateMachineUpdater:0fbe0b13-b0c0-45d8-909a-630081c74a06:group-2EBADE6F0A1D: set stopIndex = 0
2019-09-19 09:43:11,798 [ForkJoinPool.commonPool-worker-0] INFO  impl.PendingRequests (PendingRequests.java:sendNotLeaderResponses(202)) - 0fbe0b13-b0c0-45d8-909a-630081c74a06-PendingRequests: sendNotLeaderResponses
2019-09-19 09:43:11,799 [main] INFO  impl.RaftServerImpl (ServerState.java:close(394)) - 0fbe0b13-b0c0-45d8-909a-630081c74a06:group-2EBADE6F0A1D closes. The last applied log index is 0
2019-09-19 09:43:11,799 [ForkJoinPool.commonPool-worker-0] INFO  impl.StateMachineUpdater (StateMachineUpdater.java:stopAndJoin(115)) - StateMachineUpdater:0fbe0b13-b0c0-45d8-909a-630081c74a06:group-62449E59CDF6: set stopIndex = 0
2019-09-19 09:43:11,800 [0fbe0b13-b0c0-45d8-909a-630081c74a06-SegmentedRaftLogWorker:Storage Directory /workdir/hadoop-ozone/ozonefs/target/test-dir/MiniOzoneClusterImpl-9293621d-43c4-46ab-8c2c-7aa58a5f4982/datanode-2/data/ratis/948886ad-1f70-4457-8c0f-2ebade6f0a1d] INFO  segmented.SegmentedRaftLogWorker (SegmentedRaftLogWorker.java:run(313)) - 0fbe0b13-b0c0-45d8-909a-630081c74a06-SegmentedRaftLogWorker:Storage Directory /workdir/hadoop-ozone/ozonefs/target/test-dir/MiniOzoneClusterImpl-9293621d-43c4-46ab-8c2c-7aa58a5f4982/datanode-2/data/ratis/948886ad-1f70-4457-8c0f-2ebade6f0a1d was interrupted, exiting. There are 0 tasks remaining in the queue.
2019-09-19 09:43:11,800 [ForkJoinPool.commonPool-worker-0] INFO  impl.RaftServerImpl (ServerState.java:close(394)) - 0fbe0b13-b0c0-45d8-909a-630081c74a06:group-62449E59CDF6 closes. The last applied log index is 0
2019-09-19 09:43:11,800 [main] INFO  segmented.SegmentedRaftLogWorker (SegmentedRaftLogWorker.java:close(228)) - 0fbe0b13-b0c0-45d8-909a-630081c74a06-SegmentedRaftLogWorker:Storage Directory /workdir/hadoop-ozone/ozonefs/target/test-dir/MiniOzoneClusterImpl-9293621d-43c4-46ab-8c2c-7aa58a5f4982/datanode-2/data/ratis/948886ad-1f70-4457-8c0f-2ebade6f0a1d close()
2019-09-19 09:43:11,800 [0fbe0b13-b0c0-45d8-909a-630081c74a06-SegmentedRaftLogWorker:Storage Directory /workdir/hadoop-ozone/ozonefs/target/test-dir/MiniOzoneClusterImpl-9293621d-43c4-46ab-8c2c-7aa58a5f4982/datanode-2/data/ratis/902d2ad6-5c0c-4f92-9fd3-62449e59cdf6] INFO  segmented.SegmentedRaftLogWorker (SegmentedRaftLogWorker.java:run(313)) - 0fbe0b13-b0c0-45d8-909a-630081c74a06-SegmentedRaftLogWorker:Storage Directory /workdir/hadoop-ozone/ozonefs/target/test-dir/MiniOzoneClusterImpl-9293621d-43c4-46ab-8c2c-7aa58a5f4982/datanode-2/data/ratis/902d2ad6-5c0c-4f92-9fd3-62449e59cdf6 was interrupted, exiting. There are 0 tasks remaining in the queue.
2019-09-19 09:43:11,802 [main] INFO  impl.RaftServerImpl (RaftServerImpl.java:lambda$shutdown$3(245)) - 0fbe0b13-b0c0-45d8-909a-630081c74a06: shutdown group-F23D8C3D980B
2019-09-19 09:43:11,802 [ForkJoinPool.commonPool-worker-0] INFO  segmented.SegmentedRaftLogWorker (SegmentedRaftLogWorker.java:close(228)) - 0fbe0b13-b0c0-45d8-909a-630081c74a06-SegmentedRaftLogWorker:Storage Directory /workdir/hadoop-ozone/ozonefs/target/test-dir/MiniOzoneClusterImpl-9293621d-43c4-46ab-8c2c-7aa58a5f4982/datanode-2/data/ratis/902d2ad6-5c0c-4f92-9fd3-62449e59cdf6 close()
2019-09-19 09:43:11,802 [main] INFO  util.JmxRegister (JmxRegister.java:unregister(73)) - Successfully un-registered JMX Bean with object name Ratis:service=RaftServer,group=group-F23D8C3D980B,id=0fbe0b13-b0c0-45d8-909a-630081c74a06
2019-09-19 09:43:11,804 [main] INFO  impl.RoleInfo (RoleInfo.java:shutdownLeaderState(104)) - 0fbe0b13-b0c0-45d8-909a-630081c74a06: shutdown LeaderState
2019-09-19 09:43:11,804 [ForkJoinPool.commonPool-worker-0] INFO  impl.RaftServerImpl (RaftServerImpl.java:lambda$shutdown$3(245)) - 0fbe0b13-b0c0-45d8-909a-630081c74a06: shutdown group-FE5AB84D50F1
2019-09-19 09:43:11,804 [main] INFO  impl.PendingRequests (PendingRequests.java:sendNotLeaderResponses(202)) - 0fbe0b13-b0c0-45d8-909a-630081c74a06-PendingRequests: sendNotLeaderResponses
2019-09-19 09:43:11,805 [ForkJoinPool.commonPool-worker-0] INFO  util.JmxRegister (JmxRegister.java:unregister(73)) - Successfully un-registered JMX Bean with object name Ratis:service=RaftServer,group=group-FE5AB84D50F1,id=0fbe0b13-b0c0-45d8-909a-630081c74a06
2019-09-19 09:43:11,805 [main] INFO  impl.StateMachineUpdater (StateMachineUpdater.java:stopAndJoin(115)) - StateMachineUpdater:0fbe0b13-b0c0-45d8-909a-630081c74a06:group-F23D8C3D980B: set stopIndex = 0
2019-09-19 09:43:11,805 [ForkJoinPool.commonPool-worker-0] INFO  impl.RoleInfo (RoleInfo.java:shutdownLeaderState(104)) - 0fbe0b13-b0c0-45d8-909a-630081c74a06: shutdown LeaderState
2019-09-19 09:43:11,806 [main] INFO  impl.RaftServerImpl (ServerState.java:close(394)) - 0fbe0b13-b0c0-45d8-909a-630081c74a06:group-F23D8C3D980B closes. The last applied log index is 0
2019-09-19 09:43:11,806 [ForkJoinPool.commonPool-worker-0] INFO  impl.PendingRequests (PendingRequests.java:sendNotLeaderResponses(202)) - 0fbe0b13-b0c0-45d8-909a-630081c74a06-PendingRequests: sendNotLeaderResponses
2019-09-19 09:43:11,807 [0fbe0b13-b0c0-45d8-909a-630081c74a06-SegmentedRaftLogWorker:Storage Directory /workdir/hadoop-ozone/ozonefs/target/test-dir/MiniOzoneClusterImpl-9293621d-43c4-46ab-8c2c-7aa58a5f4982/datanode-2/data/ratis/33a3dff1-809a-4ab8-9a0b-f23d8c3d980b] INFO  segmented.SegmentedRaftLogWorker (SegmentedRaftLogWorker.java:run(313)) - 0fbe0b13-b0c0-45d8-909a-630081c74a06-SegmentedRaftLogWorker:Storage Directory /workdir/hadoop-ozone/ozonefs/target/test-dir/MiniOzoneClusterImpl-9293621d-43c4-46ab-8c2c-7aa58a5f4982/datanode-2/data/ratis/33a3dff1-809a-4ab8-9a0b-f23d8c3d980b was interrupted, exiting. There are 0 tasks remaining in the queue.
2019-09-19 09:43:11,807 [ForkJoinPool.commonPool-worker-0] INFO  impl.StateMachineUpdater (StateMachineUpdater.java:stopAndJoin(115)) - StateMachineUpdater:0fbe0b13-b0c0-45d8-909a-630081c74a06:group-FE5AB84D50F1: set stopIndex = 0
2019-09-19 09:43:11,807 [main] INFO  segmented.SegmentedRaftLogWorker (SegmentedRaftLogWorker.java:close(228)) - 0fbe0b13-b0c0-45d8-909a-630081c74a06-SegmentedRaftLogWorker:Storage Directory /workdir/hadoop-ozone/ozonefs/target/test-dir/MiniOzoneClusterImpl-9293621d-43c4-46ab-8c2c-7aa58a5f4982/datanode-2/data/ratis/33a3dff1-809a-4ab8-9a0b-f23d8c3d980b close()
2019-09-19 09:43:11,807 [ForkJoinPool.commonPool-worker-0] INFO  impl.RaftServerImpl (ServerState.java:close(394)) - 0fbe0b13-b0c0-45d8-909a-630081c74a06:group-FE5AB84D50F1 closes. The last applied log index is 0
2019-09-19 09:43:11,809 [main] INFO  impl.RaftServerImpl (RaftServerImpl.java:lambda$shutdown$3(245)) - 0fbe0b13-b0c0-45d8-909a-630081c74a06: shutdown group-FC3953E93DEE
2019-09-19 09:43:11,809 [0fbe0b13-b0c0-45d8-909a-630081c74a06-SegmentedRaftLogWorker:Storage Directory /workdir/hadoop-ozone/ozonefs/target/test-dir/MiniOzoneClusterImpl-9293621d-43c4-46ab-8c2c-7aa58a5f4982/datanode-2/data/ratis/6407a0ee-f649-4367-842f-fe5ab84d50f1] INFO  segmented.SegmentedRaftLogWorker (SegmentedRaftLogWorker.java:run(313)) - 0fbe0b13-b0c0-45d8-909a-630081c74a06-SegmentedRaftLogWorker:Storage Directory /workdir/hadoop-ozone/ozonefs/target/test-dir/MiniOzoneClusterImpl-9293621d-43c4-46ab-8c2c-7aa58a5f4982/datanode-2/data/ratis/6407a0ee-f649-4367-842f-fe5ab84d50f1 was interrupted, exiting. There are 0 tasks remaining in the queue.
2019-09-19 09:43:11,809 [main] INFO  util.JmxRegister (JmxRegister.java:unregister(73)) - Successfully un-registered JMX Bean with object name Ratis:service=RaftServer,group=group-FC3953E93DEE,id=0fbe0b13-b0c0-45d8-909a-630081c74a06
2019-09-19 09:43:11,810 [ForkJoinPool.commonPool-worker-0] INFO  segmented.SegmentedRaftLogWorker (SegmentedRaftLogWorker.java:close(228)) - 0fbe0b13-b0c0-45d8-909a-630081c74a06-SegmentedRaftLogWorker:Storage Directory /workdir/hadoop-ozone/ozonefs/target/test-dir/MiniOzoneClusterImpl-9293621d-43c4-46ab-8c2c-7aa58a5f4982/datanode-2/data/ratis/6407a0ee-f649-4367-842f-fe5ab84d50f1 close()
2019-09-19 09:43:11,810 [main] INFO  impl.RoleInfo (RoleInfo.java:shutdownLeaderState(104)) - 0fbe0b13-b0c0-45d8-909a-630081c74a06: shutdown LeaderState
2019-09-19 09:43:11,811 [main] INFO  impl.PendingRequests (PendingRequests.java:sendNotLeaderResponses(202)) - 0fbe0b13-b0c0-45d8-909a-630081c74a06-PendingRequests: sendNotLeaderResponses
2019-09-19 09:43:11,812 [main] INFO  impl.StateMachineUpdater (StateMachineUpdater.java:stopAndJoin(115)) - StateMachineUpdater:0fbe0b13-b0c0-45d8-909a-630081c74a06:group-FC3953E93DEE: set stopIndex = 0
2019-09-19 09:43:11,812 [main] INFO  impl.RaftServerImpl (ServerState.java:close(394)) - 0fbe0b13-b0c0-45d8-909a-630081c74a06:group-FC3953E93DEE closes. The last applied log index is 0
2019-09-19 09:43:11,813 [0fbe0b13-b0c0-45d8-909a-630081c74a06-SegmentedRaftLogWorker:Storage Directory /workdir/hadoop-ozone/ozonefs/target/test-dir/MiniOzoneClusterImpl-9293621d-43c4-46ab-8c2c-7aa58a5f4982/datanode-2/data/ratis/b0a1da6d-d70d-4efa-b757-fc3953e93dee] INFO  segmented.SegmentedRaftLogWorker (SegmentedRaftLogWorker.java:run(313)) - 0fbe0b13-b0c0-45d8-909a-630081c74a06-SegmentedRaftLogWorker:Storage Directory /workdir/hadoop-ozone/ozonefs/target/test-dir/MiniOzoneClusterImpl-9293621d-43c4-46ab-8c2c-7aa58a5f4982/datanode-2/data/ratis/b0a1da6d-d70d-4efa-b757-fc3953e93dee was interrupted, exiting. There are 0 tasks remaining in the queue.
2019-09-19 09:43:11,813 [main] INFO  segmented.SegmentedRaftLogWorker (SegmentedRaftLogWorker.java:close(228)) - 0fbe0b13-b0c0-45d8-909a-630081c74a06-SegmentedRaftLogWorker:Storage Directory /workdir/hadoop-ozone/ozonefs/target/test-dir/MiniOzoneClusterImpl-9293621d-43c4-46ab-8c2c-7aa58a5f4982/datanode-2/data/ratis/b0a1da6d-d70d-4efa-b757-fc3953e93dee close()
2019-09-19 09:43:11,815 [main] INFO  impl.RaftServerImpl (RaftServerImpl.java:lambda$shutdown$3(245)) - 0fbe0b13-b0c0-45d8-909a-630081c74a06: shutdown group-88CA2F231996
2019-09-19 09:43:11,815 [main] INFO  util.JmxRegister (JmxRegister.java:unregister(73)) - Successfully un-registered JMX Bean with object name Ratis:service=RaftServer,group=group-88CA2F231996,id=0fbe0b13-b0c0-45d8-909a-630081c74a06
2019-09-19 09:43:11,816 [main] INFO  impl.RoleInfo (RoleInfo.java:shutdownLeaderState(104)) - 0fbe0b13-b0c0-45d8-909a-630081c74a06: shutdown LeaderState
2019-09-19 09:43:11,816 [main] INFO  impl.PendingRequests (PendingRequests.java:sendNotLeaderResponses(202)) - 0fbe0b13-b0c0-45d8-909a-630081c74a06-PendingRequests: sendNotLeaderResponses
2019-09-19 09:43:11,816 [main] INFO  impl.StateMachineUpdater (StateMachineUpdater.java:stopAndJoin(115)) - StateMachineUpdater:0fbe0b13-b0c0-45d8-909a-630081c74a06:group-88CA2F231996: set stopIndex = 0
2019-09-19 09:43:11,817 [main] INFO  impl.RaftServerImpl (ServerState.java:close(394)) - 0fbe0b13-b0c0-45d8-909a-630081c74a06:group-88CA2F231996 closes. The last applied log index is 0
2019-09-19 09:43:11,817 [0fbe0b13-b0c0-45d8-909a-630081c74a06-SegmentedRaftLogWorker:Storage Directory /workdir/hadoop-ozone/ozonefs/target/test-dir/MiniOzoneClusterImpl-9293621d-43c4-46ab-8c2c-7aa58a5f4982/datanode-2/data/ratis/35ffa96c-c3e4-4ea2-a399-88ca2f231996] INFO  segmented.SegmentedRaftLogWorker (SegmentedRaftLogWorker.java:run(313)) - 0fbe0b13-b0c0-45d8-909a-630081c74a06-SegmentedRaftLogWorker:Storage Directory /workdir/hadoop-ozone/ozonefs/target/test-dir/MiniOzoneClusterImpl-9293621d-43c4-46ab-8c2c-7aa58a5f4982/datanode-2/data/ratis/35ffa96c-c3e4-4ea2-a399-88ca2f231996 was interrupted, exiting. There are 0 tasks remaining in the queue.
2019-09-19 09:43:11,818 [main] INFO  segmented.SegmentedRaftLogWorker (SegmentedRaftLogWorker.java:close(228)) - 0fbe0b13-b0c0-45d8-909a-630081c74a06-SegmentedRaftLogWorker:Storage Directory /workdir/hadoop-ozone/ozonefs/target/test-dir/MiniOzoneClusterImpl-9293621d-43c4-46ab-8c2c-7aa58a5f4982/datanode-2/data/ratis/35ffa96c-c3e4-4ea2-a399-88ca2f231996 close()
2019-09-19 09:43:11,819 [main] INFO  server.GrpcService (GrpcService.java:closeImpl(155)) - 0fbe0b13-b0c0-45d8-909a-630081c74a06: shutdown server with port 45037 now
2019-09-19 09:43:11,821 [main] INFO  server.GrpcService (GrpcService.java:closeImpl(163)) - 0fbe0b13-b0c0-45d8-909a-630081c74a06: shutdown server with port 45037 successfully
2019-09-19 09:43:11,823 [main] INFO  utils.BackgroundService (BackgroundService.java:shutdown(148)) - Shutting down service BlockDeletingService
2019-09-19 09:43:11,827 [refreshUsed-/workdir/hadoop-ozone/ozonefs/target/test-dir/MiniOzoneClusterImpl-9293621d-43c4-46ab-8c2c-7aa58a5f4982/datanode-2/data/containers] WARN  fs.CachingGetSpaceUsed (CachingGetSpaceUsed.java:run(183)) - Thread Interrupted waiting to refresh disk information: sleep interrupted
2019-09-19 09:43:11,858 [main] INFO  statemachine.DatanodeStateMachine (DatanodeStateMachine.java:stopDaemon(395)) - Ozone container server stopped.
2019-09-19 09:43:11,859 [main] INFO  handler.ContextHandler (ContextHandler.java:doStop(910)) - Stopped o.e.j.w.WebAppContext@325236f5{/,null,UNAVAILABLE}{/hddsDatanode}
2019-09-19 09:43:11,860 [main] INFO  server.AbstractConnector (AbstractConnector.java:doStop(318)) - Stopped ServerConnector@32eb38e5{HTTP/1.1,[http/1.1]}{0.0.0.0:0}
2019-09-19 09:43:11,860 [main] INFO  handler.ContextHandler (ContextHandler.java:doStop(910)) - Stopped o.e.j.s.ServletContextHandler@518b0c12{/static,jar:file:/home/user/.m2/repository/org/apache/hadoop/hadoop-hdds-container-service/0.5.0-SNAPSHOT/hadoop-hdds-container-service-0.5.0-SNAPSHOT.jar!/webapps/static,UNAVAILABLE}
2019-09-19 09:43:11,861 [main] INFO  handler.ContextHandler (ContextHandler.java:doStop(910)) - Stopped o.e.j.s.ServletContextHandler@690e7b89{/logs,file:///workdir/hadoop-ozone/ozonefs/target/log,UNAVAILABLE}
2019-09-19 09:43:11,862 [main] INFO  ozone.MiniOzoneClusterImpl (MiniOzoneClusterImpl.java:stop(353)) - Stopping the StorageContainerManager
2019-09-19 09:43:11,862 [main] INFO  server.StorageContainerManager (StorageContainerManager.java:stop(797)) - Stopping Replication Manager Service.
2019-09-19 09:43:11,863 [main] INFO  container.ReplicationManager (ReplicationManager.java:stop(192)) - Stopping Replication Monitor Thread.
2019-09-19 09:43:11,863 [main] INFO  server.StorageContainerManager (StorageContainerManager.java:stop(804)) - Stopping Lease Manager of the command watchers
2019-09-19 09:43:11,863 [main] INFO  server.StorageContainerManager (StorageContainerManager.java:stop(811)) - Stopping datanode service RPC server
2019-09-19 09:43:11,863 [main] INFO  server.SCMDatanodeProtocolServer (SCMDatanodeProtocolServer.java:stop(367)) - Stopping the RPC server for DataNodes
2019-09-19 09:43:11,864 [main] INFO  ipc.Server (Server.java:stop(3082)) - Stopping server on 43347
2019-09-19 09:43:11,866 [IPC Server listener on 43347] INFO  ipc.Server (Server.java:run(1185)) - Stopping IPC Server listener on 43347
2019-09-19 09:43:11,868 [IPC Server Responder] INFO  ipc.Server (Server.java:run(1319)) - Stopping IPC Server Responder
2019-09-19 09:43:11,954 [SCM Heartbeat Processing Thread - 0] WARN  node.NodeStateManager (NodeStateManager.java:scheduleNextHealthCheck(655)) - Current Thread is interrupted, shutting down HB processing thread for Node Manager.
2019-09-19 09:43:11,954 [main] INFO  server.StorageContainerManager (StorageContainerManager.java:stop(819)) - Stopping block service RPC server
2019-09-19 09:43:11,954 [main] INFO  server.SCMBlockProtocolServer (SCMBlockProtocolServer.java:stop(148)) - Stopping the RPC server for Block Protocol
2019-09-19 09:43:11,955 [main] INFO  ipc.Server (Server.java:stop(3082)) - Stopping server on 33074
2019-09-19 09:43:11,956 [IPC Server listener on 33074] INFO  ipc.Server (Server.java:run(1185)) - Stopping IPC Server listener on 33074
2019-09-19 09:43:11,959 [main] INFO  server.StorageContainerManager (StorageContainerManager.java:stop(826)) - Stopping the StorageContainerLocationProtocol RPC server
2019-09-19 09:43:11,960 [main] INFO  server.SCMClientProtocolServer (SCMClientProtocolServer.java:stop(159)) - Stopping the RPC server for Client Protocol
2019-09-19 09:43:11,961 [main] INFO  ipc.Server (Server.java:stop(3082)) - Stopping server on 42436
2019-09-19 09:43:11,960 [IPC Server Responder] INFO  ipc.Server (Server.java:run(1319)) - Stopping IPC Server Responder
2019-09-19 09:43:11,963 [IPC Server listener on 42436] INFO  ipc.Server (Server.java:run(1185)) - Stopping IPC Server listener on 42436
2019-09-19 09:43:11,963 [main] INFO  server.StorageContainerManager (StorageContainerManager.java:stop(833)) - Stopping Storage Container Manager HTTP server.
2019-09-19 09:43:11,965 [IPC Server Responder] INFO  ipc.Server (Server.java:run(1319)) - Stopping IPC Server Responder
2019-09-19 09:43:11,966 [main] INFO  handler.ContextHandler (ContextHandler.java:doStop(910)) - Stopped o.e.j.w.WebAppContext@5b9df3b3{/,null,UNAVAILABLE}{/scm}
2019-09-19 09:43:11,966 [main] INFO  server.AbstractConnector (AbstractConnector.java:doStop(318)) - Stopped ServerConnector@67b20b4c{HTTP/1.1,[http/1.1]}{0.0.0.0:0}
2019-09-19 09:43:11,967 [main] INFO  handler.ContextHandler (ContextHandler.java:doStop(910)) - Stopped o.e.j.s.ServletContextHandler@3cd28235{/static,jar:file:/home/user/.m2/repository/org/apache/hadoop/hadoop-hdds-server-scm/0.5.0-SNAPSHOT/hadoop-hdds-server-scm-0.5.0-SNAPSHOT.jar!/webapps/static,UNAVAILABLE}
2019-09-19 09:43:11,967 [main] INFO  handler.ContextHandler (ContextHandler.java:doStop(910)) - Stopped o.e.j.s.ServletContextHandler@3a0b6aff{/logs,file:///workdir/hadoop-ozone/ozonefs/target/log,UNAVAILABLE}
2019-09-19 09:43:11,969 [main] INFO  server.StorageContainerManager (StorageContainerManager.java:stop(844)) - Stopping Block Manager Service.
2019-09-19 09:43:11,969 [main] INFO  utils.BackgroundService (BackgroundService.java:shutdown(148)) - Shutting down service SCMBlockDeletingService
2019-09-19 09:43:11,969 [main] INFO  utils.BackgroundService (BackgroundService.java:shutdown(148)) - Shutting down service SCMBlockDeletingService
2019-09-19 09:43:11,970 [main] INFO  server.StorageContainerManager (StorageContainerManager.java:stop(866)) - Stopping SCM Event Queue.
2019-09-19 09:43:11,973 [main] INFO  impl.MetricsSystemImpl (MetricsSystemImpl.java:stop(210)) - Stopping HddsDatanode metrics system...
2019-09-19 09:43:11,986 [main] INFO  impl.MetricsSystemImpl (MetricsSystemImpl.java:stop(216)) - HddsDatanode metrics system stopped.
]]></system-out>
    <system-err><![CDATA[Sep 19, 2019 9:42:55 AM com.sun.jersey.server.impl.application.WebApplicationImpl _initiate
INFO: Initiating Jersey application, version 'Jersey: 1.19 02/11/2015 03:25 AM'
Sep 19, 2019 9:42:55 AM com.sun.jersey.server.impl.application.WebApplicationImpl _initiate
INFO: Initiating Jersey application, version 'Jersey: 1.19 02/11/2015 03:25 AM'
Sep 19, 2019 9:42:56 AM com.sun.jersey.server.impl.application.WebApplicationImpl _initiate
INFO: Initiating Jersey application, version 'Jersey: 1.19 02/11/2015 03:25 AM'
Sep 19, 2019 9:43:01 AM com.sun.jersey.server.impl.application.WebApplicationImpl _initiate
INFO: Initiating Jersey application, version 'Jersey: 1.19 02/11/2015 03:25 AM'
]]></system-err>
  </testcase>
  <testcase name="testOzoneManagerFileSystemInterface[1]" classname="org.apache.hadoop.fs.ozone.TestOzoneFileInterfaces" time="16.827"/>
  <testcase name="testListStatus[1]" classname="org.apache.hadoop.fs.ozone.TestOzoneFileInterfaces" time="17.181"/>
  <testcase name="testDirectory[1]" classname="org.apache.hadoop.fs.ozone.TestOzoneFileInterfaces" time="17.747"/>
  <testcase name="testPathToKey[1]" classname="org.apache.hadoop.fs.ozone.TestOzoneFileInterfaces" time="17.333"/>
  <testcase name="testFileSystemInit[1]" classname="org.apache.hadoop.fs.ozone.TestOzoneFileInterfaces" time="17.593"/>
  <testcase name="testOzFsReadWrite[1]" classname="org.apache.hadoop.fs.ozone.TestOzoneFileInterfaces" time="17.282">
    <error message="Allocated 0 blocks. Requested 1 blocks" type="INTERNAL_ERROR org.apache.hadoop.ozone.om.exceptions.OMException">INTERNAL_ERROR org.apache.hadoop.ozone.om.exceptions.OMException: Allocated 0 blocks. Requested 1 blocks
	at org.apache.hadoop.ozone.om.protocolPB.OzoneManagerProtocolClientSideTranslatorPB.handleError(OzoneManagerProtocolClientSideTranslatorPB.java:725)
	at org.apache.hadoop.ozone.om.protocolPB.OzoneManagerProtocolClientSideTranslatorPB.createFile(OzoneManagerProtocolClientSideTranslatorPB.java:1474)
	at org.apache.hadoop.ozone.client.rpc.RpcClient.createFile(RpcClient.java:984)
	at org.apache.hadoop.ozone.client.OzoneBucket.createFile(OzoneBucket.java:535)
	at org.apache.hadoop.fs.ozone.BasicOzoneClientAdapterImpl.createFile(BasicOzoneClientAdapterImpl.java:181)
	at org.apache.hadoop.fs.ozone.BasicOzoneFileSystem.createOutputStream(BasicOzoneFileSystem.java:249)
	at org.apache.hadoop.fs.ozone.BasicOzoneFileSystem.create(BasicOzoneFileSystem.java:230)
	at org.apache.hadoop.fs.FileSystem.create(FileSystem.java:1118)
	at org.apache.hadoop.fs.FileSystem.create(FileSystem.java:1098)
	at org.apache.hadoop.fs.FileSystem.create(FileSystem.java:987)
	at org.apache.hadoop.fs.FileSystem.create(FileSystem.java:975)
	at org.apache.hadoop.fs.ozone.TestOzoneFileInterfaces.testOzFsReadWrite(TestOzoneFileInterfaces.java:186)
	at sun.reflect.NativeMethodAccessorImpl.invoke0(Native Method)
	at sun.reflect.NativeMethodAccessorImpl.invoke(NativeMethodAccessorImpl.java:62)
	at sun.reflect.DelegatingMethodAccessorImpl.invoke(DelegatingMethodAccessorImpl.java:43)
	at java.lang.reflect.Method.invoke(Method.java:498)
	at org.junit.runners.model.FrameworkMethod$1.runReflectiveCall(FrameworkMethod.java:47)
	at org.junit.internal.runners.model.ReflectiveCallable.run(ReflectiveCallable.java:12)
	at org.junit.runners.model.FrameworkMethod.invokeExplosively(FrameworkMethod.java:44)
	at org.junit.internal.runners.statements.InvokeMethod.evaluate(InvokeMethod.java:17)
	at org.junit.internal.runners.statements.RunBefores.evaluate(RunBefores.java:26)
	at org.junit.internal.runners.statements.RunAfters.evaluate(RunAfters.java:27)
	at org.junit.runners.ParentRunner.runLeaf(ParentRunner.java:271)
	at org.junit.runners.BlockJUnit4ClassRunner.runChild(BlockJUnit4ClassRunner.java:70)
	at org.junit.runners.BlockJUnit4ClassRunner.runChild(BlockJUnit4ClassRunner.java:50)
	at org.junit.runners.ParentRunner$3.run(ParentRunner.java:238)
	at org.junit.runners.ParentRunner$1.schedule(ParentRunner.java:63)
	at org.junit.runners.ParentRunner.runChildren(ParentRunner.java:236)
	at org.junit.runners.ParentRunner.access$000(ParentRunner.java:53)
	at org.junit.runners.ParentRunner$2.evaluate(ParentRunner.java:229)
	at org.junit.runners.ParentRunner.run(ParentRunner.java:309)
	at org.junit.runners.Suite.runChild(Suite.java:127)
	at org.junit.runners.Suite.runChild(Suite.java:26)
	at org.junit.runners.ParentRunner$3.run(ParentRunner.java:238)
	at org.junit.runners.ParentRunner$1.schedule(ParentRunner.java:63)
	at org.junit.runners.ParentRunner.runChildren(ParentRunner.java:236)
	at org.junit.runners.ParentRunner.access$000(ParentRunner.java:53)
	at org.junit.runners.ParentRunner$2.evaluate(ParentRunner.java:229)
	at org.junit.runners.ParentRunner.run(ParentRunner.java:309)
	at org.apache.maven.surefire.junit4.JUnit4Provider.execute(JUnit4Provider.java:365)
	at org.apache.maven.surefire.junit4.JUnit4Provider.executeWithRerun(JUnit4Provider.java:273)
	at org.apache.maven.surefire.junit4.JUnit4Provider.executeTestSet(JUnit4Provider.java:238)
	at org.apache.maven.surefire.junit4.JUnit4Provider.invoke(JUnit4Provider.java:159)
	at org.apache.maven.surefire.booter.ForkedBooter.invokeProviderInSameClassLoader(ForkedBooter.java:384)
	at org.apache.maven.surefire.booter.ForkedBooter.runSuitesInProcess(ForkedBooter.java:345)
	at org.apache.maven.surefire.booter.ForkedBooter.execute(ForkedBooter.java:126)
	at org.apache.maven.surefire.booter.ForkedBooter.main(ForkedBooter.java:418)
</error>
    <system-out><![CDATA[2019-09-19 09:44:38,724 [main] WARN  server.ServerUtils (ServerUtils.java:getScmDbDir(145)) - ozone.scm.db.dirs is not configured. We recommend adding this setting. Falling back to ozone.metadata.dirs instead.
2019-09-19 09:44:38,738 [main] WARN  server.ServerUtils (ServerUtils.java:getScmDbDir(145)) - ozone.scm.db.dirs is not configured. We recommend adding this setting. Falling back to ozone.metadata.dirs instead.
2019-09-19 09:44:38,739 [main] WARN  server.ServerUtils (ServerUtils.java:getScmDbDir(145)) - ozone.scm.db.dirs is not configured. We recommend adding this setting. Falling back to ozone.metadata.dirs instead.
2019-09-19 09:44:38,739 [main] INFO  db.DBStoreBuilder (DBStoreBuilder.java:addTable(110)) - using custom profile for table: deletedBlocks
2019-09-19 09:44:38,739 [main] INFO  db.DBStoreBuilder (DBStoreBuilder.java:processTables(161)) - Using default column profile:DBProfile.DISK for Table:deletedBlocks
2019-09-19 09:44:38,740 [main] INFO  db.DBStoreBuilder (DBStoreBuilder.java:addTable(110)) - using custom profile for table: validCerts
2019-09-19 09:44:38,740 [main] INFO  db.DBStoreBuilder (DBStoreBuilder.java:processTables(161)) - Using default column profile:DBProfile.DISK for Table:validCerts
2019-09-19 09:44:38,740 [main] INFO  db.DBStoreBuilder (DBStoreBuilder.java:addTable(110)) - using custom profile for table: revokedCerts
2019-09-19 09:44:38,740 [main] INFO  db.DBStoreBuilder (DBStoreBuilder.java:processTables(161)) - Using default column profile:DBProfile.DISK for Table:revokedCerts
2019-09-19 09:44:38,741 [main] INFO  db.DBStoreBuilder (DBStoreBuilder.java:addTable(110)) - using custom profile for table: default
2019-09-19 09:44:38,741 [main] INFO  db.DBStoreBuilder (DBStoreBuilder.java:processTables(167)) - Using default column profile:DBProfile.DISK for Table:default
2019-09-19 09:44:38,741 [main] INFO  db.DBStoreBuilder (DBStoreBuilder.java:getDbProfile(198)) - Using default options. DBProfile.DISK
2019-09-19 09:44:38,895 [main] INFO  net.NodeSchemaLoader (NodeSchemaLoader.java:loadSchemaFromFile(125)) - Loading file from sun.misc.CompoundEnumeration@335aac7a
2019-09-19 09:44:38,895 [main] INFO  net.NodeSchemaLoader (NodeSchemaLoader.java:loadSchema(171)) - Loading network topology layer schema file
2019-09-19 09:44:38,900 [main] WARN  server.ServerUtils (ServerUtils.java:sanitizeUserArgs(70)) - ozone.scm.stale.node.interval value = 300000 is larger than max = 100000 based on the key value of ozone.scm.heartbeat.thread.interval, reset to the max value 100000.
2019-09-19 09:44:38,900 [main] WARN  server.ServerUtils (ServerUtils.java:sanitizeUserArgs(70)) - ozone.scm.stale.node.interval value = 300000 is larger than max = 100000 based on the key value of ozone.scm.heartbeat.thread.interval, reset to the max value 100000.
2019-09-19 09:44:38,900 [main] INFO  node.SCMNodeManager (SCMNodeManager.java:<init>(121)) - Entering startup safe mode.
2019-09-19 09:44:38,901 [main] INFO  algorithms.ContainerPlacementPolicyFactory (ContainerPlacementPolicyFactory.java:getPolicy(56)) - Create container placement policy of type org.apache.hadoop.hdds.scm.container.placement.algorithms.SCMContainerPlacementRandom
2019-09-19 09:44:38,901 [main] WARN  server.ServerUtils (ServerUtils.java:getScmDbDir(145)) - ozone.scm.db.dirs is not configured. We recommend adding this setting. Falling back to ozone.metadata.dirs instead.
2019-09-19 09:44:38,924 [main] INFO  pipeline.SCMPipelineManager (SCMPipelineManager.java:initializePipelineState(126)) - No pipeline exists in current db
2019-09-19 09:44:38,924 [main] WARN  server.ServerUtils (ServerUtils.java:getScmDbDir(145)) - ozone.scm.db.dirs is not configured. We recommend adding this setting. Falling back to ozone.metadata.dirs instead.
2019-09-19 09:44:38,952 [main] WARN  events.EventQueue (EventQueue.java:fireEvent(175)) - No event handler registered for event TypedEvent{payloadType=SafeModeStatus, name='SafeModeStatus'}
2019-09-19 09:44:38,953 [main] INFO  ipc.CallQueueManager (CallQueueManager.java:<init>(84)) - Using callQueue: class java.util.concurrent.LinkedBlockingQueue, queueCapacity: 2000, scheduler: class org.apache.hadoop.ipc.DefaultRpcScheduler, ipcBackoff: false.
2019-09-19 09:44:38,954 [Socket Reader #1 for port 34657] INFO  ipc.Server (Server.java:run(1074)) - Starting Socket Reader #1 for port 34657
2019-09-19 09:44:38,955 [main] INFO  ipc.CallQueueManager (CallQueueManager.java:<init>(84)) - Using callQueue: class java.util.concurrent.LinkedBlockingQueue, queueCapacity: 2000, scheduler: class org.apache.hadoop.ipc.DefaultRpcScheduler, ipcBackoff: false.
2019-09-19 09:44:38,956 [Socket Reader #1 for port 46083] INFO  ipc.Server (Server.java:run(1074)) - Starting Socket Reader #1 for port 46083
2019-09-19 09:44:38,957 [main] INFO  ipc.CallQueueManager (CallQueueManager.java:<init>(84)) - Using callQueue: class java.util.concurrent.LinkedBlockingQueue, queueCapacity: 2000, scheduler: class org.apache.hadoop.ipc.DefaultRpcScheduler, ipcBackoff: false.
2019-09-19 09:44:38,958 [Socket Reader #1 for port 42341] INFO  ipc.Server (Server.java:run(1074)) - Starting Socket Reader #1 for port 42341
2019-09-19 09:44:38,960 [main] INFO  hdfs.DFSUtil (DFSUtil.java:httpServerTemplateForNNAndJN(1641)) - Starting Web-server for scm at: http://0.0.0.0:0
2019-09-19 09:44:38,963 [main] INFO  server.AuthenticationFilter (AuthenticationFilter.java:constructSecretProvider(240)) - Unable to initialize FileSignerSecretProvider, falling back to use random secrets.
2019-09-19 09:44:38,964 [main] WARN  http.HttpRequestLog (HttpRequestLog.java:getRequestLog(97)) - Jetty request log can only be enabled using Log4j
2019-09-19 09:44:38,966 [main] INFO  http.HttpServer2 (HttpServer2.java:addGlobalFilter(975)) - Added global filter 'safety' (class=org.apache.hadoop.http.HttpServer2$QuotingInputFilter)
2019-09-19 09:44:38,967 [main] INFO  http.HttpServer2 (HttpServer2.java:addFilter(948)) - Added filter static_user_filter (class=org.apache.hadoop.http.lib.StaticUserWebFilter$StaticUserFilter) to context scm
2019-09-19 09:44:38,967 [main] INFO  http.HttpServer2 (HttpServer2.java:addFilter(958)) - Added filter static_user_filter (class=org.apache.hadoop.http.lib.StaticUserWebFilter$StaticUserFilter) to context logs
2019-09-19 09:44:38,968 [main] INFO  http.HttpServer2 (HttpServer2.java:addFilter(958)) - Added filter static_user_filter (class=org.apache.hadoop.http.lib.StaticUserWebFilter$StaticUserFilter) to context static
2019-09-19 09:44:38,970 [main] INFO  server.StorageContainerManager (StorageContainerManager.java:start(759)) - StorageContainerLocationProtocol RPC server is listening at /0.0.0.0:42341
2019-09-19 09:44:38,972 [main] WARN  impl.MetricsConfig (MetricsConfig.java:loadFirst(134)) - Cannot locate configuration: tried hadoop-metrics2-storagecontainermanager.properties,hadoop-metrics2.properties
2019-09-19 09:44:38,973 [main] INFO  impl.MetricsSystemImpl (MetricsSystemImpl.java:startTimer(374)) - Scheduled Metric snapshot period at 10 second(s).
2019-09-19 09:44:38,974 [main] INFO  impl.MetricsSystemImpl (MetricsSystemImpl.java:start(191)) - StorageContainerManager metrics system started
2019-09-19 09:44:39,082 [main] INFO  server.SCMClientProtocolServer (SCMClientProtocolServer.java:start(151)) - RPC server for Client  is listening at /0.0.0.0:42341
2019-09-19 09:44:39,082 [IPC Server Responder] INFO  ipc.Server (Server.java:run(1314)) - IPC Server Responder: starting
2019-09-19 09:44:39,083 [IPC Server listener on 42341] INFO  ipc.Server (Server.java:run(1153)) - IPC Server listener on 42341: starting
2019-09-19 09:44:39,090 [main] INFO  server.StorageContainerManager (StorageContainerManager.java:start(769)) - ScmBlockLocationProtocol RPC server is listening at /0.0.0.0:46083
2019-09-19 09:44:39,090 [main] INFO  server.SCMBlockProtocolServer (SCMBlockProtocolServer.java:start(140)) - RPC server for Block Protocol is listening at /0.0.0.0:46083
2019-09-19 09:44:39,091 [IPC Server Responder] INFO  ipc.Server (Server.java:run(1314)) - IPC Server Responder: starting
2019-09-19 09:44:39,092 [IPC Server listener on 46083] INFO  ipc.Server (Server.java:run(1153)) - IPC Server listener on 46083: starting
2019-09-19 09:44:39,099 [main] INFO  server.StorageContainerManager (StorageContainerManager.java:start(773)) - ScmDatanodeProtocl RPC server is listening at /0.0.0.0:34657
2019-09-19 09:44:39,099 [main] INFO  server.SCMDatanodeProtocolServer (SCMDatanodeProtocolServer.java:start(191)) - RPC server for DataNodes is listening at /0.0.0.0:34657
2019-09-19 09:44:39,099 [IPC Server Responder] INFO  ipc.Server (Server.java:run(1314)) - IPC Server Responder: starting
2019-09-19 09:44:39,100 [IPC Server listener on 34657] INFO  ipc.Server (Server.java:run(1153)) - IPC Server listener on 34657: starting
2019-09-19 09:44:39,104 [main] INFO  http.HttpServer2 (HttpServer2.java:bindListener(1191)) - Jetty bound to port 34956
2019-09-19 09:44:39,104 [main] INFO  server.Server (Server.java:doStart(351)) - jetty-9.3.24.v20180605, build timestamp: 2018-06-05T17:11:56Z, git hash: 84205aa28f11a4f31f2a3b86d1bba2cc8ab69827
2019-09-19 09:44:39,105 [main] INFO  handler.ContextHandler (ContextHandler.java:doStart(781)) - Started o.e.j.s.ServletContextHandler@66b65360{/logs,file:///workdir/hadoop-ozone/ozonefs/target/log,AVAILABLE}
2019-09-19 09:44:39,106 [main] INFO  handler.ContextHandler (ContextHandler.java:doStart(781)) - Started o.e.j.s.ServletContextHandler@43b89b4{/static,jar:file:/home/user/.m2/repository/org/apache/hadoop/hadoop-hdds-server-scm/0.5.0-SNAPSHOT/hadoop-hdds-server-scm-0.5.0-SNAPSHOT.jar!/webapps/static,AVAILABLE}
2019-09-19 09:44:39,145 [main] INFO  handler.ContextHandler (ContextHandler.java:doStart(781)) - Started o.e.j.w.WebAppContext@49ffd0cb{/,file:///tmp/jetty-0.0.0.0-34956-scm-_-any-8986690150976821624.dir/webapp/,AVAILABLE}{/scm}
2019-09-19 09:44:39,145 [main] INFO  server.AbstractConnector (AbstractConnector.java:doStart(278)) - Started ServerConnector@1254e9a7{HTTP/1.1,[http/1.1]}{0.0.0.0:34956}
2019-09-19 09:44:39,146 [main] INFO  server.Server (Server.java:doStart(419)) - Started @197891ms
2019-09-19 09:44:39,147 [main] INFO  server.BaseHttpServer (BaseHttpServer.java:updateConnectorAddress(213)) - HTTP server of SCM is listening at http://0.0.0.0:34956
2019-09-19 09:44:39,148 [main] WARN  server.ServerUtils (ServerUtils.java:getDBPath(222)) - ozone.om.db.dirs is not configured. We recommend adding this setting. Falling back to ozone.metadata.dirs instead.
2019-09-19 09:44:39,148 [org.apache.hadoop.util.JvmPauseMonitor$Monitor@1881ef74] INFO  util.JvmPauseMonitor (JvmPauseMonitor.java:run(188)) - Starting JVM pause monitor
2019-09-19 09:44:39,163 [main] WARN  server.ServerUtils (ServerUtils.java:getDBPath(222)) - ozone.om.db.dirs is not configured. We recommend adding this setting. Falling back to ozone.metadata.dirs instead.
2019-09-19 09:44:39,163 [main] WARN  server.ServerUtils (ServerUtils.java:getDBPath(222)) - ozone.om.db.dirs is not configured. We recommend adding this setting. Falling back to ozone.metadata.dirs instead.
2019-09-19 09:44:39,164 [main] INFO  om.OzoneManager (OzoneManager.java:setOMNodeDetails(645)) - OM Service ID is not set. Setting it to the default ID: omServiceIdDefault
2019-09-19 09:44:39,164 [main] INFO  om.OzoneManager (OzoneManager.java:setOMNodeDetails(651)) - OM Node ID is not set. Setting it to the OmStorage's OmID: 75674362-006a-403f-a830-a04d1560c39d
2019-09-19 09:44:39,164 [main] INFO  om.OzoneManager (OzoneManager.java:loadOMHAConfigs(602)) - Found matching OM address with OMServiceId: null, OMNodeId: null, RPC Address: localhost:0 and Ratis port: 9872
2019-09-19 09:44:39,169 | INFO  | SCMAudit | user=jenkins1000 | ip=192.168.34.5 | op=GET_SCM_INFO null | ret=SUCCESS |  
2019-09-19 09:44:39,172 [main] WARN  server.ServerUtils (ServerUtils.java:getDBPath(222)) - ozone.om.db.dirs is not configured. We recommend adding this setting. Falling back to ozone.metadata.dirs instead.
2019-09-19 09:44:39,173 [main] INFO  db.DBStoreBuilder (DBStoreBuilder.java:addTable(110)) - using custom profile for table: userTable
2019-09-19 09:44:39,173 [main] INFO  db.DBStoreBuilder (DBStoreBuilder.java:processTables(161)) - Using default column profile:DBProfile.DISK for Table:userTable
2019-09-19 09:44:39,173 [main] INFO  db.DBStoreBuilder (DBStoreBuilder.java:addTable(110)) - using custom profile for table: volumeTable
2019-09-19 09:44:39,173 [main] INFO  db.DBStoreBuilder (DBStoreBuilder.java:processTables(161)) - Using default column profile:DBProfile.DISK for Table:volumeTable
2019-09-19 09:44:39,174 [main] INFO  db.DBStoreBuilder (DBStoreBuilder.java:addTable(110)) - using custom profile for table: bucketTable
2019-09-19 09:44:39,174 [main] INFO  db.DBStoreBuilder (DBStoreBuilder.java:processTables(161)) - Using default column profile:DBProfile.DISK for Table:bucketTable
2019-09-19 09:44:39,174 [main] INFO  db.DBStoreBuilder (DBStoreBuilder.java:addTable(110)) - using custom profile for table: keyTable
2019-09-19 09:44:39,174 [main] INFO  db.DBStoreBuilder (DBStoreBuilder.java:processTables(161)) - Using default column profile:DBProfile.DISK for Table:keyTable
2019-09-19 09:44:39,175 [main] INFO  db.DBStoreBuilder (DBStoreBuilder.java:addTable(110)) - using custom profile for table: deletedTable
2019-09-19 09:44:39,175 [main] INFO  db.DBStoreBuilder (DBStoreBuilder.java:processTables(161)) - Using default column profile:DBProfile.DISK for Table:deletedTable
2019-09-19 09:44:39,175 [main] INFO  db.DBStoreBuilder (DBStoreBuilder.java:addTable(110)) - using custom profile for table: openKeyTable
2019-09-19 09:44:39,175 [main] INFO  db.DBStoreBuilder (DBStoreBuilder.java:processTables(161)) - Using default column profile:DBProfile.DISK for Table:openKeyTable
2019-09-19 09:44:39,176 [main] INFO  db.DBStoreBuilder (DBStoreBuilder.java:addTable(110)) - using custom profile for table: s3Table
2019-09-19 09:44:39,176 [main] INFO  db.DBStoreBuilder (DBStoreBuilder.java:processTables(161)) - Using default column profile:DBProfile.DISK for Table:s3Table
2019-09-19 09:44:39,176 [main] INFO  db.DBStoreBuilder (DBStoreBuilder.java:addTable(110)) - using custom profile for table: multipartInfoTable
2019-09-19 09:44:39,176 [main] INFO  db.DBStoreBuilder (DBStoreBuilder.java:processTables(161)) - Using default column profile:DBProfile.DISK for Table:multipartInfoTable
2019-09-19 09:44:39,177 [main] INFO  db.DBStoreBuilder (DBStoreBuilder.java:addTable(110)) - using custom profile for table: dTokenTable
2019-09-19 09:44:39,177 [main] INFO  db.DBStoreBuilder (DBStoreBuilder.java:processTables(161)) - Using default column profile:DBProfile.DISK for Table:dTokenTable
2019-09-19 09:44:39,177 [main] INFO  db.DBStoreBuilder (DBStoreBuilder.java:addTable(110)) - using custom profile for table: s3SecretTable
2019-09-19 09:44:39,177 [main] INFO  db.DBStoreBuilder (DBStoreBuilder.java:processTables(161)) - Using default column profile:DBProfile.DISK for Table:s3SecretTable
2019-09-19 09:44:39,178 [main] INFO  db.DBStoreBuilder (DBStoreBuilder.java:addTable(110)) - using custom profile for table: prefixTable
2019-09-19 09:44:39,178 [main] INFO  db.DBStoreBuilder (DBStoreBuilder.java:processTables(161)) - Using default column profile:DBProfile.DISK for Table:prefixTable
2019-09-19 09:44:39,178 [main] INFO  db.DBStoreBuilder (DBStoreBuilder.java:addTable(110)) - using custom profile for table: default
2019-09-19 09:44:39,178 [main] INFO  db.DBStoreBuilder (DBStoreBuilder.java:processTables(167)) - Using default column profile:DBProfile.DISK for Table:default
2019-09-19 09:44:39,179 [main] INFO  db.DBStoreBuilder (DBStoreBuilder.java:getDbProfile(198)) - Using default options. DBProfile.DISK
2019-09-19 09:44:39,638 [main] INFO  ipc.CallQueueManager (CallQueueManager.java:<init>(84)) - Using callQueue: class java.util.concurrent.LinkedBlockingQueue, queueCapacity: 2000, scheduler: class org.apache.hadoop.ipc.DefaultRpcScheduler, ipcBackoff: false.
2019-09-19 09:44:39,639 [Socket Reader #1 for port 38802] INFO  ipc.Server (Server.java:run(1074)) - Starting Socket Reader #1 for port 38802
2019-09-19 09:44:39,658 [main] INFO  om.OzoneManager (OzoneManager.java:start(1256)) - OzoneManager RPC server is listening at localhost/127.0.0.1:38802
2019-09-19 09:44:39,658 [main] INFO  impl.MetricsSystemImpl (MetricsSystemImpl.java:init(158)) - OzoneManager metrics system started (again)
2019-09-19 09:44:39,659 [IPC Server Responder] INFO  ipc.Server (Server.java:run(1314)) - IPC Server Responder: starting
2019-09-19 09:44:39,662 [IPC Server listener on 38802] INFO  ipc.Server (Server.java:run(1153)) - IPC Server listener on 38802: starting
2019-09-19 09:44:39,667 [main] INFO  hdfs.DFSUtil (DFSUtil.java:httpServerTemplateForNNAndJN(1641)) - Starting Web-server for ozoneManager at: http://0.0.0.0:0
2019-09-19 09:44:39,669 [main] INFO  server.AuthenticationFilter (AuthenticationFilter.java:constructSecretProvider(240)) - Unable to initialize FileSignerSecretProvider, falling back to use random secrets.
2019-09-19 09:44:39,670 [main] WARN  http.HttpRequestLog (HttpRequestLog.java:getRequestLog(97)) - Jetty request log can only be enabled using Log4j
2019-09-19 09:44:39,672 [main] INFO  http.HttpServer2 (HttpServer2.java:addGlobalFilter(975)) - Added global filter 'safety' (class=org.apache.hadoop.http.HttpServer2$QuotingInputFilter)
2019-09-19 09:44:39,673 [main] INFO  http.HttpServer2 (HttpServer2.java:addFilter(948)) - Added filter static_user_filter (class=org.apache.hadoop.http.lib.StaticUserWebFilter$StaticUserFilter) to context ozoneManager
2019-09-19 09:44:39,673 [main] INFO  http.HttpServer2 (HttpServer2.java:addFilter(958)) - Added filter static_user_filter (class=org.apache.hadoop.http.lib.StaticUserWebFilter$StaticUserFilter) to context logs
2019-09-19 09:44:39,673 [main] INFO  http.HttpServer2 (HttpServer2.java:addFilter(958)) - Added filter static_user_filter (class=org.apache.hadoop.http.lib.StaticUserWebFilter$StaticUserFilter) to context static
2019-09-19 09:44:39,674 [main] INFO  http.HttpServer2 (HttpServer2.java:bindListener(1191)) - Jetty bound to port 41470
2019-09-19 09:44:39,674 [main] INFO  server.Server (Server.java:doStart(351)) - jetty-9.3.24.v20180605, build timestamp: 2018-06-05T17:11:56Z, git hash: 84205aa28f11a4f31f2a3b86d1bba2cc8ab69827
2019-09-19 09:44:39,676 [main] INFO  handler.ContextHandler (ContextHandler.java:doStart(781)) - Started o.e.j.s.ServletContextHandler@1228a579{/logs,file:///workdir/hadoop-ozone/ozonefs/target/log,AVAILABLE}
2019-09-19 09:44:39,677 [main] INFO  handler.ContextHandler (ContextHandler.java:doStart(781)) - Started o.e.j.s.ServletContextHandler@392a091{/static,jar:file:/home/user/.m2/repository/org/apache/hadoop/hadoop-ozone-ozone-manager/0.5.0-SNAPSHOT/hadoop-ozone-ozone-manager-0.5.0-SNAPSHOT.jar!/webapps/static,AVAILABLE}
2019-09-19 09:44:39,740 [main] INFO  handler.ContextHandler (ContextHandler.java:doStart(781)) - Started o.e.j.w.WebAppContext@37cc1b11{/,file:///tmp/jetty-0.0.0.0-41470-ozoneManager-_-any-5266121629377644043.dir/webapp/,AVAILABLE}{/ozoneManager}
2019-09-19 09:44:39,741 [main] INFO  server.AbstractConnector (AbstractConnector.java:doStart(278)) - Started ServerConnector@4f549906{HTTP/1.1,[http/1.1]}{0.0.0.0:41470}
2019-09-19 09:44:39,742 [main] INFO  server.Server (Server.java:doStart(419)) - Started @198487ms
2019-09-19 09:44:39,743 [main] INFO  server.BaseHttpServer (BaseHttpServer.java:updateConnectorAddress(213)) - HTTP server of OZONEMANAGER is listening at http://0.0.0.0:41470
2019-09-19 09:44:39,749 [main] INFO  impl.MetricsSystemImpl (MetricsSystemImpl.java:init(158)) - HddsDatanode metrics system started (again)
2019-09-19 09:44:39,751 [main] INFO  ozone.HddsDatanodeService (HddsDatanodeService.java:start(184)) - HddsDatanodeService host:pr-hdds-1569-j4bt4-3030777008 ip:192.168.34.5
2019-09-19 09:44:39,761 [main] INFO  volume.HddsVolume (HddsVolume.java:<init>(176)) - Creating Volume: /workdir/hadoop-ozone/ozonefs/target/test-dir/MiniOzoneClusterImpl-dbfea85f-f096-46e2-b73b-2281bdd0ed8c/datanode-0/data/containers/hdds of  storage type : DISK and capacity : 1482555576320
2019-09-19 09:44:39,761 [main] INFO  volume.VolumeSet (VolumeSet.java:initializeVolumeSet(170)) - Added Volume : /workdir/hadoop-ozone/ozonefs/target/test-dir/MiniOzoneClusterImpl-dbfea85f-f096-46e2-b73b-2281bdd0ed8c/datanode-0/data/containers/hdds to VolumeSet
2019-09-19 09:44:39,762 [main] INFO  volume.ThrottledAsyncChecker (ThrottledAsyncChecker.java:schedule(140)) - Scheduling a check for org.apache.hadoop.ozone.container.common.volume.HddsVolume@5e18309e
2019-09-19 09:44:39,762 [main] INFO  volume.HddsVolumeChecker (HddsVolumeChecker.java:checkAllVolumes(203)) - Scheduled health check for volume org.apache.hadoop.ozone.container.common.volume.HddsVolume@5e18309e
2019-09-19 09:44:39,786 [main] INFO  impl.RaftServerProxy (ConfUtils.java:logGet(43)) - raft.rpc.type = GRPC (default)
2019-09-19 09:44:39,786 [main] INFO  grpc.GrpcFactory (GrpcFactory.java:checkPooledByteBufAllocatorUseCacheForAllThreads(45)) - PERFORMANCE WARNING: useCacheForAllThreads is true that may cause Netty to create a lot garbage objects and, as a result, trigger GC.
	It is recommended to disable useCacheForAllThreads by setting -Dorg.apache.ratis.thirdparty.io.netty.allocator.useCacheForAllThreads=false in command line.
2019-09-19 09:44:39,786 [main] INFO  grpc.GrpcConfigKeys$Server (ConfUtils.java:logGet(43)) - raft.grpc.server.port = 0 (default)
2019-09-19 09:44:39,786 [main] INFO  server.GrpcService (ConfUtils.java:logGet(43)) - raft.grpc.message.size.max = 33570816 (custom)
2019-09-19 09:44:39,787 [main] INFO  server.RaftServerConfigKeys (ConfUtils.java:logGet(43)) - raft.server.log.appender.buffer.byte-limit = 33554432 (custom)
2019-09-19 09:44:39,787 [main] INFO  server.GrpcService (ConfUtils.java:logGet(43)) - raft.grpc.flow.control.window = 1MB (=1048576) (default)
2019-09-19 09:44:39,787 [main] INFO  server.RaftServerConfigKeys (ConfUtils.java:logGet(43)) - raft.server.rpc.request.timeout = 3000ms (default)
2019-09-19 09:44:39,788 [main] INFO  server.RaftServerConfigKeys (ConfUtils.java:logGet(43)) - raft.server.storage.dir = [/workdir/hadoop-ozone/ozonefs/target/test-dir/MiniOzoneClusterImpl-dbfea85f-f096-46e2-b73b-2281bdd0ed8c/datanode-0/data/ratis] (custom)
2019-09-19 09:44:39,788 [main] INFO  replication.SimpleContainerDownloader (SimpleContainerDownloader.java:<init>(72)) - Starting container downloader service to copy containers to replicate.
2019-09-19 09:44:39,789 [main] INFO  hdfs.DFSUtil (DFSUtil.java:httpServerTemplateForNNAndJN(1641)) - Starting Web-server for hddsDatanode at: http://0.0.0.0:0
2019-09-19 09:44:39,791 [main] INFO  server.AuthenticationFilter (AuthenticationFilter.java:constructSecretProvider(240)) - Unable to initialize FileSignerSecretProvider, falling back to use random secrets.
2019-09-19 09:44:39,792 [main] WARN  http.HttpRequestLog (HttpRequestLog.java:getRequestLog(97)) - Jetty request log can only be enabled using Log4j
2019-09-19 09:44:39,794 [main] INFO  http.HttpServer2 (HttpServer2.java:addGlobalFilter(975)) - Added global filter 'safety' (class=org.apache.hadoop.http.HttpServer2$QuotingInputFilter)
2019-09-19 09:44:39,795 [main] INFO  http.HttpServer2 (HttpServer2.java:addFilter(948)) - Added filter static_user_filter (class=org.apache.hadoop.http.lib.StaticUserWebFilter$StaticUserFilter) to context hddsDatanode
2019-09-19 09:44:39,795 [main] INFO  http.HttpServer2 (HttpServer2.java:addFilter(958)) - Added filter static_user_filter (class=org.apache.hadoop.http.lib.StaticUserWebFilter$StaticUserFilter) to context logs
2019-09-19 09:44:39,795 [main] INFO  http.HttpServer2 (HttpServer2.java:addFilter(958)) - Added filter static_user_filter (class=org.apache.hadoop.http.lib.StaticUserWebFilter$StaticUserFilter) to context static
2019-09-19 09:44:39,796 [main] INFO  http.HttpServer2 (HttpServer2.java:bindListener(1191)) - Jetty bound to port 42962
2019-09-19 09:44:39,796 [main] INFO  server.Server (Server.java:doStart(351)) - jetty-9.3.24.v20180605, build timestamp: 2018-06-05T17:11:56Z, git hash: 84205aa28f11a4f31f2a3b86d1bba2cc8ab69827
2019-09-19 09:44:39,798 [main] INFO  handler.ContextHandler (ContextHandler.java:doStart(781)) - Started o.e.j.s.ServletContextHandler@1e27ed87{/logs,file:///workdir/hadoop-ozone/ozonefs/target/log,AVAILABLE}
2019-09-19 09:44:39,799 [main] INFO  handler.ContextHandler (ContextHandler.java:doStart(781)) - Started o.e.j.s.ServletContextHandler@36f8c95a{/static,jar:file:/home/user/.m2/repository/org/apache/hadoop/hadoop-hdds-container-service/0.5.0-SNAPSHOT/hadoop-hdds-container-service-0.5.0-SNAPSHOT.jar!/webapps/static,AVAILABLE}
2019-09-19 09:44:39,839 [main] INFO  handler.ContextHandler (ContextHandler.java:doStart(781)) - Started o.e.j.w.WebAppContext@c91ced9{/,file:///tmp/jetty-0.0.0.0-42962-hddsDatanode-_-any-7251497554307187403.dir/webapp/,AVAILABLE}{/hddsDatanode}
2019-09-19 09:44:39,839 [main] INFO  server.AbstractConnector (AbstractConnector.java:doStart(278)) - Started ServerConnector@46e03c31{HTTP/1.1,[http/1.1]}{0.0.0.0:42962}
2019-09-19 09:44:39,841 [main] INFO  server.Server (Server.java:doStart(419)) - Started @198585ms
2019-09-19 09:44:39,841 [main] INFO  server.BaseHttpServer (BaseHttpServer.java:updateConnectorAddress(213)) - HTTP server of HDDSDATANODE is listening at http://0.0.0.0:42962
2019-09-19 09:44:39,987 | INFO  | ObjectStoreRestHttpServer | Listening HDDS REST traffic on /0.0.0.0:42519 |  
2019-09-19 09:44:39,987 [main] INFO  ozone.HddsDatanodeService (HddsDatanodeService.java:startPlugins(395)) - Started plug-in org.apache.hadoop.ozone.web.OzoneHddsDatanodeService@27cc84a2
2019-09-19 09:44:39,987 [main] INFO  impl.MetricsSystemImpl (MetricsSystemImpl.java:init(158)) - HddsDatanode metrics system started (again)
2019-09-19 09:44:39,989 [main] INFO  ozone.HddsDatanodeService (HddsDatanodeService.java:start(184)) - HddsDatanodeService host:pr-hdds-1569-j4bt4-3030777008 ip:192.168.34.5
2019-09-19 09:44:39,990 [org.apache.hadoop.util.JvmPauseMonitor$Monitor@45ed34b0] INFO  util.JvmPauseMonitor (JvmPauseMonitor.java:run(188)) - Starting JVM pause monitor
2019-09-19 09:44:39,991 [Datanode State Machine Thread - 0] INFO  datanode.InitDatanodeState (InitDatanodeState.java:persistContainerDatanodeDetails(140)) - DatanodeDetails is persisted to /workdir/hadoop-ozone/ozonefs/target/test-dir/MiniOzoneClusterImpl-dbfea85f-f096-46e2-b73b-2281bdd0ed8c/datanode-0/meta/datanode.id
2019-09-19 09:44:40,000 [main] INFO  volume.HddsVolume (HddsVolume.java:<init>(176)) - Creating Volume: /workdir/hadoop-ozone/ozonefs/target/test-dir/MiniOzoneClusterImpl-dbfea85f-f096-46e2-b73b-2281bdd0ed8c/datanode-1/data/containers/hdds of  storage type : DISK and capacity : 1482555576320
2019-09-19 09:44:40,001 [main] INFO  volume.VolumeSet (VolumeSet.java:initializeVolumeSet(170)) - Added Volume : /workdir/hadoop-ozone/ozonefs/target/test-dir/MiniOzoneClusterImpl-dbfea85f-f096-46e2-b73b-2281bdd0ed8c/datanode-1/data/containers/hdds to VolumeSet
2019-09-19 09:44:40,001 [main] INFO  volume.ThrottledAsyncChecker (ThrottledAsyncChecker.java:schedule(140)) - Scheduling a check for org.apache.hadoop.ozone.container.common.volume.HddsVolume@49808d41
2019-09-19 09:44:40,001 [main] INFO  volume.HddsVolumeChecker (HddsVolumeChecker.java:checkAllVolumes(203)) - Scheduled health check for volume org.apache.hadoop.ozone.container.common.volume.HddsVolume@49808d41
2019-09-19 09:44:40,020 [main] INFO  impl.RaftServerProxy (ConfUtils.java:logGet(43)) - raft.rpc.type = GRPC (default)
2019-09-19 09:44:40,020 [main] INFO  grpc.GrpcFactory (GrpcFactory.java:checkPooledByteBufAllocatorUseCacheForAllThreads(45)) - PERFORMANCE WARNING: useCacheForAllThreads is true that may cause Netty to create a lot garbage objects and, as a result, trigger GC.
	It is recommended to disable useCacheForAllThreads by setting -Dorg.apache.ratis.thirdparty.io.netty.allocator.useCacheForAllThreads=false in command line.
2019-09-19 09:44:40,021 [main] INFO  grpc.GrpcConfigKeys$Server (ConfUtils.java:logGet(43)) - raft.grpc.server.port = 0 (default)
2019-09-19 09:44:40,021 [main] INFO  server.GrpcService (ConfUtils.java:logGet(43)) - raft.grpc.message.size.max = 33570816 (custom)
2019-09-19 09:44:40,021 [main] INFO  server.RaftServerConfigKeys (ConfUtils.java:logGet(43)) - raft.server.log.appender.buffer.byte-limit = 33554432 (custom)
2019-09-19 09:44:40,021 [main] INFO  server.GrpcService (ConfUtils.java:logGet(43)) - raft.grpc.flow.control.window = 1MB (=1048576) (default)
2019-09-19 09:44:40,021 [main] INFO  server.RaftServerConfigKeys (ConfUtils.java:logGet(43)) - raft.server.rpc.request.timeout = 3000ms (default)
2019-09-19 09:44:40,022 [main] INFO  server.RaftServerConfigKeys (ConfUtils.java:logGet(43)) - raft.server.storage.dir = [/workdir/hadoop-ozone/ozonefs/target/test-dir/MiniOzoneClusterImpl-dbfea85f-f096-46e2-b73b-2281bdd0ed8c/datanode-1/data/ratis] (custom)
2019-09-19 09:44:40,022 [main] INFO  replication.SimpleContainerDownloader (SimpleContainerDownloader.java:<init>(72)) - Starting container downloader service to copy containers to replicate.
2019-09-19 09:44:40,023 [main] INFO  hdfs.DFSUtil (DFSUtil.java:httpServerTemplateForNNAndJN(1641)) - Starting Web-server for hddsDatanode at: http://0.0.0.0:0
2019-09-19 09:44:40,024 [main] INFO  server.AuthenticationFilter (AuthenticationFilter.java:constructSecretProvider(240)) - Unable to initialize FileSignerSecretProvider, falling back to use random secrets.
2019-09-19 09:44:40,025 [main] WARN  http.HttpRequestLog (HttpRequestLog.java:getRequestLog(97)) - Jetty request log can only be enabled using Log4j
2019-09-19 09:44:40,026 [main] INFO  http.HttpServer2 (HttpServer2.java:addGlobalFilter(975)) - Added global filter 'safety' (class=org.apache.hadoop.http.HttpServer2$QuotingInputFilter)
2019-09-19 09:44:40,026 [main] INFO  http.HttpServer2 (HttpServer2.java:addFilter(948)) - Added filter static_user_filter (class=org.apache.hadoop.http.lib.StaticUserWebFilter$StaticUserFilter) to context hddsDatanode
2019-09-19 09:44:40,027 [main] INFO  http.HttpServer2 (HttpServer2.java:addFilter(958)) - Added filter static_user_filter (class=org.apache.hadoop.http.lib.StaticUserWebFilter$StaticUserFilter) to context static
2019-09-19 09:44:40,027 [main] INFO  http.HttpServer2 (HttpServer2.java:addFilter(958)) - Added filter static_user_filter (class=org.apache.hadoop.http.lib.StaticUserWebFilter$StaticUserFilter) to context logs
2019-09-19 09:44:40,027 [main] INFO  http.HttpServer2 (HttpServer2.java:bindListener(1191)) - Jetty bound to port 38318
2019-09-19 09:44:40,027 [main] INFO  server.Server (Server.java:doStart(351)) - jetty-9.3.24.v20180605, build timestamp: 2018-06-05T17:11:56Z, git hash: 84205aa28f11a4f31f2a3b86d1bba2cc8ab69827
2019-09-19 09:44:40,029 [main] INFO  handler.ContextHandler (ContextHandler.java:doStart(781)) - Started o.e.j.s.ServletContextHandler@76fece79{/logs,file:///workdir/hadoop-ozone/ozonefs/target/log,AVAILABLE}
2019-09-19 09:44:40,029 [main] INFO  handler.ContextHandler (ContextHandler.java:doStart(781)) - Started o.e.j.s.ServletContextHandler@6a5c67cf{/static,jar:file:/home/user/.m2/repository/org/apache/hadoop/hadoop-hdds-container-service/0.5.0-SNAPSHOT/hadoop-hdds-container-service-0.5.0-SNAPSHOT.jar!/webapps/static,AVAILABLE}
2019-09-19 09:44:40,055 [main] INFO  handler.ContextHandler (ContextHandler.java:doStart(781)) - Started o.e.j.w.WebAppContext@681285ec{/,file:///tmp/jetty-0.0.0.0-38318-hddsDatanode-_-any-2842761990961195042.dir/webapp/,AVAILABLE}{/hddsDatanode}
2019-09-19 09:44:40,055 [main] INFO  server.AbstractConnector (AbstractConnector.java:doStart(278)) - Started ServerConnector@75ad8ca8{HTTP/1.1,[http/1.1]}{0.0.0.0:38318}
2019-09-19 09:44:40,056 [main] INFO  server.Server (Server.java:doStart(419)) - Started @198800ms
2019-09-19 09:44:40,057 [main] INFO  server.BaseHttpServer (BaseHttpServer.java:updateConnectorAddress(213)) - HTTP server of HDDSDATANODE is listening at http://0.0.0.0:38318
2019-09-19 09:44:40,192 | INFO  | ObjectStoreRestHttpServer | Listening HDDS REST traffic on /0.0.0.0:37715 |  
2019-09-19 09:44:40,192 [main] INFO  ozone.HddsDatanodeService (HddsDatanodeService.java:startPlugins(395)) - Started plug-in org.apache.hadoop.ozone.web.OzoneHddsDatanodeService@392da875
2019-09-19 09:44:40,192 [main] INFO  impl.MetricsSystemImpl (MetricsSystemImpl.java:init(158)) - HddsDatanode metrics system started (again)
2019-09-19 09:44:40,195 [main] INFO  ozone.HddsDatanodeService (HddsDatanodeService.java:start(184)) - HddsDatanodeService host:pr-hdds-1569-j4bt4-3030777008 ip:192.168.34.5
2019-09-19 09:44:40,195 [org.apache.hadoop.util.JvmPauseMonitor$Monitor@2e443946] INFO  util.JvmPauseMonitor (JvmPauseMonitor.java:run(188)) - Starting JVM pause monitor
2019-09-19 09:44:40,196 [Datanode State Machine Thread - 0] INFO  datanode.InitDatanodeState (InitDatanodeState.java:persistContainerDatanodeDetails(140)) - DatanodeDetails is persisted to /workdir/hadoop-ozone/ozonefs/target/test-dir/MiniOzoneClusterImpl-dbfea85f-f096-46e2-b73b-2281bdd0ed8c/datanode-1/meta/datanode.id
2019-09-19 09:44:40,205 [main] INFO  volume.HddsVolume (HddsVolume.java:<init>(176)) - Creating Volume: /workdir/hadoop-ozone/ozonefs/target/test-dir/MiniOzoneClusterImpl-dbfea85f-f096-46e2-b73b-2281bdd0ed8c/datanode-2/data/containers/hdds of  storage type : DISK and capacity : 1482555576320
2019-09-19 09:44:40,206 [main] INFO  volume.VolumeSet (VolumeSet.java:initializeVolumeSet(170)) - Added Volume : /workdir/hadoop-ozone/ozonefs/target/test-dir/MiniOzoneClusterImpl-dbfea85f-f096-46e2-b73b-2281bdd0ed8c/datanode-2/data/containers/hdds to VolumeSet
2019-09-19 09:44:40,206 [main] INFO  volume.ThrottledAsyncChecker (ThrottledAsyncChecker.java:schedule(140)) - Scheduling a check for org.apache.hadoop.ozone.container.common.volume.HddsVolume@9bc10bd
2019-09-19 09:44:40,206 [main] INFO  volume.HddsVolumeChecker (HddsVolumeChecker.java:checkAllVolumes(203)) - Scheduled health check for volume org.apache.hadoop.ozone.container.common.volume.HddsVolume@9bc10bd
2019-09-19 09:44:40,232 [main] INFO  impl.RaftServerProxy (ConfUtils.java:logGet(43)) - raft.rpc.type = GRPC (default)
2019-09-19 09:44:40,233 [main] INFO  grpc.GrpcFactory (GrpcFactory.java:checkPooledByteBufAllocatorUseCacheForAllThreads(45)) - PERFORMANCE WARNING: useCacheForAllThreads is true that may cause Netty to create a lot garbage objects and, as a result, trigger GC.
	It is recommended to disable useCacheForAllThreads by setting -Dorg.apache.ratis.thirdparty.io.netty.allocator.useCacheForAllThreads=false in command line.
2019-09-19 09:44:40,233 [main] INFO  grpc.GrpcConfigKeys$Server (ConfUtils.java:logGet(43)) - raft.grpc.server.port = 0 (default)
2019-09-19 09:44:40,233 [main] INFO  server.GrpcService (ConfUtils.java:logGet(43)) - raft.grpc.message.size.max = 33570816 (custom)
2019-09-19 09:44:40,233 [main] INFO  server.RaftServerConfigKeys (ConfUtils.java:logGet(43)) - raft.server.log.appender.buffer.byte-limit = 33554432 (custom)
2019-09-19 09:44:40,234 [main] INFO  server.GrpcService (ConfUtils.java:logGet(43)) - raft.grpc.flow.control.window = 1MB (=1048576) (default)
2019-09-19 09:44:40,234 [main] INFO  server.RaftServerConfigKeys (ConfUtils.java:logGet(43)) - raft.server.rpc.request.timeout = 3000ms (default)
2019-09-19 09:44:40,234 [main] INFO  server.RaftServerConfigKeys (ConfUtils.java:logGet(43)) - raft.server.storage.dir = [/workdir/hadoop-ozone/ozonefs/target/test-dir/MiniOzoneClusterImpl-dbfea85f-f096-46e2-b73b-2281bdd0ed8c/datanode-2/data/ratis] (custom)
2019-09-19 09:44:40,235 [main] INFO  replication.SimpleContainerDownloader (SimpleContainerDownloader.java:<init>(72)) - Starting container downloader service to copy containers to replicate.
2019-09-19 09:44:40,236 [main] INFO  hdfs.DFSUtil (DFSUtil.java:httpServerTemplateForNNAndJN(1641)) - Starting Web-server for hddsDatanode at: http://0.0.0.0:0
2019-09-19 09:44:40,238 [main] INFO  server.AuthenticationFilter (AuthenticationFilter.java:constructSecretProvider(240)) - Unable to initialize FileSignerSecretProvider, falling back to use random secrets.
2019-09-19 09:44:40,238 [main] WARN  http.HttpRequestLog (HttpRequestLog.java:getRequestLog(97)) - Jetty request log can only be enabled using Log4j
2019-09-19 09:44:40,241 [main] INFO  http.HttpServer2 (HttpServer2.java:addGlobalFilter(975)) - Added global filter 'safety' (class=org.apache.hadoop.http.HttpServer2$QuotingInputFilter)
2019-09-19 09:44:40,243 [main] INFO  http.HttpServer2 (HttpServer2.java:addFilter(948)) - Added filter static_user_filter (class=org.apache.hadoop.http.lib.StaticUserWebFilter$StaticUserFilter) to context hddsDatanode
2019-09-19 09:44:40,243 [main] INFO  http.HttpServer2 (HttpServer2.java:addFilter(958)) - Added filter static_user_filter (class=org.apache.hadoop.http.lib.StaticUserWebFilter$StaticUserFilter) to context logs
2019-09-19 09:44:40,243 [main] INFO  http.HttpServer2 (HttpServer2.java:addFilter(958)) - Added filter static_user_filter (class=org.apache.hadoop.http.lib.StaticUserWebFilter$StaticUserFilter) to context static
2019-09-19 09:44:40,244 [main] INFO  http.HttpServer2 (HttpServer2.java:bindListener(1191)) - Jetty bound to port 40337
2019-09-19 09:44:40,245 [main] INFO  server.Server (Server.java:doStart(351)) - jetty-9.3.24.v20180605, build timestamp: 2018-06-05T17:11:56Z, git hash: 84205aa28f11a4f31f2a3b86d1bba2cc8ab69827
2019-09-19 09:44:40,247 [main] INFO  handler.ContextHandler (ContextHandler.java:doStart(781)) - Started o.e.j.s.ServletContextHandler@4295b0b8{/logs,file:///workdir/hadoop-ozone/ozonefs/target/log,AVAILABLE}
2019-09-19 09:44:40,248 [main] INFO  handler.ContextHandler (ContextHandler.java:doStart(781)) - Started o.e.j.s.ServletContextHandler@3413effc{/static,jar:file:/home/user/.m2/repository/org/apache/hadoop/hadoop-hdds-container-service/0.5.0-SNAPSHOT/hadoop-hdds-container-service-0.5.0-SNAPSHOT.jar!/webapps/static,AVAILABLE}
2019-09-19 09:44:40,290 [main] INFO  handler.ContextHandler (ContextHandler.java:doStart(781)) - Started o.e.j.w.WebAppContext@5f6b6f2{/,file:///tmp/jetty-0.0.0.0-40337-hddsDatanode-_-any-4059202764148118979.dir/webapp/,AVAILABLE}{/hddsDatanode}
2019-09-19 09:44:40,291 [main] INFO  server.AbstractConnector (AbstractConnector.java:doStart(278)) - Started ServerConnector@136bd1d1{HTTP/1.1,[http/1.1]}{0.0.0.0:40337}
2019-09-19 09:44:40,292 [main] INFO  server.Server (Server.java:doStart(419)) - Started @199037ms
2019-09-19 09:44:40,293 [main] INFO  server.BaseHttpServer (BaseHttpServer.java:updateConnectorAddress(213)) - HTTP server of HDDSDATANODE is listening at http://0.0.0.0:40337
2019-09-19 09:44:40,446 | INFO  | ObjectStoreRestHttpServer | Listening HDDS REST traffic on /0.0.0.0:36392 |  
2019-09-19 09:44:40,446 [main] INFO  ozone.HddsDatanodeService (HddsDatanodeService.java:startPlugins(395)) - Started plug-in org.apache.hadoop.ozone.web.OzoneHddsDatanodeService@2fba0d7a
2019-09-19 09:44:40,446 [main] INFO  ozone.MiniOzoneClusterImpl (MiniOzoneClusterImpl.java:lambda$waitForClusterToBeReady$0(142)) - Waiting for cluster to be ready. Got 0 of 3 DN Heartbeats.
2019-09-19 09:44:40,448 [org.apache.hadoop.util.JvmPauseMonitor$Monitor@1cdc0d7] INFO  util.JvmPauseMonitor (JvmPauseMonitor.java:run(188)) - Starting JVM pause monitor
2019-09-19 09:44:40,449 [Datanode State Machine Thread - 0] INFO  datanode.InitDatanodeState (InitDatanodeState.java:persistContainerDatanodeDetails(140)) - DatanodeDetails is persisted to /workdir/hadoop-ozone/ozonefs/target/test-dir/MiniOzoneClusterImpl-dbfea85f-f096-46e2-b73b-2281bdd0ed8c/datanode-2/meta/datanode.id
2019-09-19 09:44:41,447 [main] INFO  ozone.MiniOzoneClusterImpl (MiniOzoneClusterImpl.java:lambda$waitForClusterToBeReady$0(142)) - Waiting for cluster to be ready. Got 0 of 3 DN Heartbeats.
2019-09-19 09:44:41,995 | INFO  | SCMAudit | user=jenkins1000 | ip=192.168.34.5 | op=GET_VERSION null | ret=SUCCESS |  
2019-09-19 09:44:42,011 [Datanode State Machine Thread - 0] INFO  ozoneimpl.OzoneContainer (OzoneContainer.java:start(186)) - Attempting to start container services.
2019-09-19 09:44:42,011 [Datanode State Machine Thread - 0] INFO  ozoneimpl.OzoneContainer (OzoneContainer.java:startContainerScrub(160)) - Background container scrubber has been disabled by hdds.containerscrub.enabled
2019-09-19 09:44:42,011 [Datanode State Machine Thread - 0] INFO  ratis.XceiverServerRatis (XceiverServerRatis.java:start(404)) - Starting XceiverServerRatis 0835d9f5-0b87-4b65-b1fa-6dc8409d04ae at port 0
2019-09-19 09:44:42,018 [Datanode State Machine Thread - 0] INFO  impl.RaftServerProxy (RaftServerProxy.java:lambda$start$3(299)) - 0835d9f5-0b87-4b65-b1fa-6dc8409d04ae: start RPC server
2019-09-19 09:44:42,020 [Datanode State Machine Thread - 0] INFO  server.GrpcService (GrpcService.java:startImpl(149)) - 0835d9f5-0b87-4b65-b1fa-6dc8409d04ae: GrpcService started, listening on 0.0.0.0/0.0.0.0:38655
2019-09-19 09:44:42,020 [Datanode State Machine Thread - 0] INFO  ratis.XceiverServerRatis (XceiverServerRatis.java:start(414)) - XceiverServerRatis 0835d9f5-0b87-4b65-b1fa-6dc8409d04ae is started using port 38655
2019-09-19 09:44:42,020 [Datanode State Machine Thread - 0] INFO  server.XceiverServerGrpc (XceiverServerGrpc.java:start(163)) - XceiverServerGrpc 0835d9f5-0b87-4b65-b1fa-6dc8409d04ae is started using port 37618
2019-09-19 09:44:42,196 | INFO  | SCMAudit | user=jenkins1000 | ip=192.168.34.5 | op=GET_VERSION null | ret=SUCCESS |  
2019-09-19 09:44:42,210 [Datanode State Machine Thread - 0] INFO  ozoneimpl.OzoneContainer (OzoneContainer.java:start(186)) - Attempting to start container services.
2019-09-19 09:44:42,210 [Datanode State Machine Thread - 0] INFO  ozoneimpl.OzoneContainer (OzoneContainer.java:startContainerScrub(160)) - Background container scrubber has been disabled by hdds.containerscrub.enabled
2019-09-19 09:44:42,210 [Datanode State Machine Thread - 0] INFO  ratis.XceiverServerRatis (XceiverServerRatis.java:start(404)) - Starting XceiverServerRatis 386624b9-aee6-4a8d-bc49-1445f870a86d at port 0
2019-09-19 09:44:42,217 [Datanode State Machine Thread - 0] INFO  impl.RaftServerProxy (RaftServerProxy.java:lambda$start$3(299)) - 386624b9-aee6-4a8d-bc49-1445f870a86d: start RPC server
2019-09-19 09:44:42,219 [Datanode State Machine Thread - 0] INFO  server.GrpcService (GrpcService.java:startImpl(149)) - 386624b9-aee6-4a8d-bc49-1445f870a86d: GrpcService started, listening on 0.0.0.0/0.0.0.0:45075
2019-09-19 09:44:42,220 [Datanode State Machine Thread - 0] INFO  ratis.XceiverServerRatis (XceiverServerRatis.java:start(414)) - XceiverServerRatis 386624b9-aee6-4a8d-bc49-1445f870a86d is started using port 45075
2019-09-19 09:44:42,220 [Datanode State Machine Thread - 0] INFO  server.XceiverServerGrpc (XceiverServerGrpc.java:start(163)) - XceiverServerGrpc 386624b9-aee6-4a8d-bc49-1445f870a86d is started using port 37740
2019-09-19 09:44:42,447 [main] INFO  ozone.MiniOzoneClusterImpl (MiniOzoneClusterImpl.java:lambda$waitForClusterToBeReady$0(142)) - Waiting for cluster to be ready. Got 0 of 3 DN Heartbeats.
2019-09-19 09:44:42,449 | INFO  | SCMAudit | user=jenkins1000 | ip=192.168.34.5 | op=GET_VERSION null | ret=SUCCESS |  
2019-09-19 09:44:42,465 [Datanode State Machine Thread - 0] INFO  ozoneimpl.OzoneContainer (OzoneContainer.java:start(186)) - Attempting to start container services.
2019-09-19 09:44:42,465 [Datanode State Machine Thread - 0] INFO  ozoneimpl.OzoneContainer (OzoneContainer.java:startContainerScrub(160)) - Background container scrubber has been disabled by hdds.containerscrub.enabled
2019-09-19 09:44:42,465 [Datanode State Machine Thread - 0] INFO  ratis.XceiverServerRatis (XceiverServerRatis.java:start(404)) - Starting XceiverServerRatis 97da3b28-af5a-4526-85e9-94ce27a94e14 at port 0
2019-09-19 09:44:42,471 [Datanode State Machine Thread - 0] INFO  impl.RaftServerProxy (RaftServerProxy.java:lambda$start$3(299)) - 97da3b28-af5a-4526-85e9-94ce27a94e14: start RPC server
2019-09-19 09:44:42,474 [Datanode State Machine Thread - 0] INFO  server.GrpcService (GrpcService.java:startImpl(149)) - 97da3b28-af5a-4526-85e9-94ce27a94e14: GrpcService started, listening on 0.0.0.0/0.0.0.0:39413
2019-09-19 09:44:42,474 [Datanode State Machine Thread - 0] INFO  ratis.XceiverServerRatis (XceiverServerRatis.java:start(414)) - XceiverServerRatis 97da3b28-af5a-4526-85e9-94ce27a94e14 is started using port 39413
2019-09-19 09:44:42,475 [Datanode State Machine Thread - 0] INFO  server.XceiverServerGrpc (XceiverServerGrpc.java:start(163)) - XceiverServerGrpc 97da3b28-af5a-4526-85e9-94ce27a94e14 is started using port 35080
2019-09-19 09:44:43,448 [main] INFO  ozone.MiniOzoneClusterImpl (MiniOzoneClusterImpl.java:lambda$waitForClusterToBeReady$0(142)) - Waiting for cluster to be ready. Got 0 of 3 DN Heartbeats.
2019-09-19 09:44:43,994 [IPC Server handler 2 on 34657] INFO  net.NetworkTopology (NetworkTopologyImpl.java:add(110)) - Added a new node: /default-rack/0835d9f5-0b87-4b65-b1fa-6dc8409d04ae
2019-09-19 09:44:43,996 [IPC Server handler 2 on 34657] INFO  node.SCMNodeManager (SCMNodeManager.java:register(273)) - Registered Data node : 0835d9f5-0b87-4b65-b1fa-6dc8409d04ae{ip: 192.168.34.5, host: pr-hdds-1569-j4bt4-3030777008, networkLocation: /default-rack, certSerialId: null}
2019-09-19 09:44:43,997 [EventQueue-NodeRegistrationContainerReportForDataNodeSafeModeRule] INFO  safemode.SCMSafeModeManager (DataNodeSafeModeRule.java:process(71)) - SCM in safe mode. 1 DataNodes registered, 1 required.
2019-09-19 09:44:43,997 | INFO  | SCMAudit | user=jenkins1000 | ip=192.168.34.5 | op=REGISTER {datanodeDetails=0835d9f5-0b87-4b65-b1fa-6dc8409d04ae{ip: 192.168.34.5, host: pr-hdds-1569-j4bt4-3030777008, networkLocation: /default-rack, certSerialId: null}} | ret=SUCCESS |  
2019-09-19 09:44:43,998 [EventQueue-NodeRegistrationContainerReportForContainerSafeModeRule] INFO  safemode.SCMSafeModeManager (SCMSafeModeManager.java:validateSafeModeExitRules(177)) - ScmSafeModeManager, all rules are successfully validated
2019-09-19 09:44:43,998 [EventQueue-NodeRegistrationContainerReportForContainerSafeModeRule] INFO  safemode.SCMSafeModeManager (SCMSafeModeManager.java:exitSafeMode(193)) - SCM exiting safe mode.
2019-09-19 09:44:44,009 [grpc-default-executor-0] INFO  impl.RaftServerProxy (RaftServerProxy.java:addNew(89)) - 0835d9f5-0b87-4b65-b1fa-6dc8409d04ae: addNew group-E995AF2C4B52:[0835d9f5-0b87-4b65-b1fa-6dc8409d04ae:192.168.34.5:38655] returns group-E995AF2C4B52:java.util.concurrent.CompletableFuture@314f5e15[Not completed]
2019-09-19 09:44:44,009 [pool-610-thread-1] INFO  impl.RaftServerImpl (RaftServerImpl.java:<init>(93)) - 0835d9f5-0b87-4b65-b1fa-6dc8409d04ae: new RaftServerImpl for group-E995AF2C4B52:[0835d9f5-0b87-4b65-b1fa-6dc8409d04ae:192.168.34.5:38655] with ContainerStateMachine:uninitialized
2019-09-19 09:44:44,010 [pool-610-thread-1] INFO  server.RaftServerConfigKeys (ConfUtils.java:logGet(43)) - raft.server.rpc.timeout.min = 5s (custom)
2019-09-19 09:44:44,010 [pool-610-thread-1] INFO  server.RaftServerConfigKeys (ConfUtils.java:logGet(43)) - raft.server.rpc.timeout.max = 5200ms (custom)
2019-09-19 09:44:44,010 [pool-610-thread-1] INFO  server.RaftServerConfigKeys (ConfUtils.java:logGet(43)) - raft.server.rpcslowness.timeout = 120s (custom)
2019-09-19 09:44:44,010 [pool-610-thread-1] INFO  server.RaftServerConfigKeys (ConfUtils.java:logGet(43)) - raft.server.sleep.deviation.threshold = 300 (default)
2019-09-19 09:44:44,010 [pool-610-thread-1] INFO  server.RaftServerConfigKeys (ConfUtils.java:logGet(43)) - raft.server.log.appender.install.snapshot.enabled = false (custom)
2019-09-19 09:44:44,010 [pool-610-thread-1] INFO  impl.RaftServerImpl (ServerState.java:<init>(105)) - 0835d9f5-0b87-4b65-b1fa-6dc8409d04ae:group-E995AF2C4B52 ConfigurationManager, init=-1: [0835d9f5-0b87-4b65-b1fa-6dc8409d04ae:192.168.34.5:38655], old=null, confs=<EMPTY_MAP>
2019-09-19 09:44:44,010 [pool-610-thread-1] INFO  server.RaftServerConfigKeys (ConfUtils.java:logGet(43)) - raft.server.storage.dir = [/workdir/hadoop-ozone/ozonefs/target/test-dir/MiniOzoneClusterImpl-dbfea85f-f096-46e2-b73b-2281bdd0ed8c/datanode-0/data/ratis] (custom)
2019-09-19 09:44:44,011 [pool-610-thread-1] INFO  storage.RaftStorageDirectory (RaftStorageDirectory.java:analyzeStorage(246)) - The storage directory /workdir/hadoop-ozone/ozonefs/target/test-dir/MiniOzoneClusterImpl-dbfea85f-f096-46e2-b73b-2281bdd0ed8c/datanode-0/data/ratis/a7392f1d-718b-4d17-9bf3-e995af2c4b52 does not exist. Creating ...
2019-09-19 09:44:44,024 [pool-610-thread-1] INFO  storage.RaftStorageDirectory (RaftStorageDirectory.java:tryLock(328)) - Lock on /workdir/hadoop-ozone/ozonefs/target/test-dir/MiniOzoneClusterImpl-dbfea85f-f096-46e2-b73b-2281bdd0ed8c/datanode-0/data/ratis/a7392f1d-718b-4d17-9bf3-e995af2c4b52/in_use.lock acquired by nodename 24695@pr-hdds-1569-j4bt4-3030777008
2019-09-19 09:44:44,036 [pool-610-thread-1] INFO  storage.RaftStorage (RaftStorage.java:format(72)) - Storage directory /workdir/hadoop-ozone/ozonefs/target/test-dir/MiniOzoneClusterImpl-dbfea85f-f096-46e2-b73b-2281bdd0ed8c/datanode-0/data/ratis/a7392f1d-718b-4d17-9bf3-e995af2c4b52 has been successfully formatted.
2019-09-19 09:44:44,037 [pool-610-thread-1] INFO  ratis.ContainerStateMachine (ContainerStateMachine.java:loadSnapshot(226)) - group-E995AF2C4B52: The snapshot info is null. Setting the last applied indexto:(t:0, i:~)
2019-09-19 09:44:44,037 [pool-610-thread-1] INFO  server.RaftServerConfigKeys (ConfUtils.java:logGet(43)) - raft.server.leader.election.timeout = 120s (custom)
2019-09-19 09:44:44,037 [pool-610-thread-1] INFO  server.RaftServerConfigKeys (ConfUtils.java:logGet(43)) - raft.server.log.use.memory = false (default)
2019-09-19 09:44:44,037 [pool-610-thread-1] INFO  server.RaftServerConfigKeys (ConfUtils.java:logGet(43)) - raft.server.log.purge.gap = 1000000 (custom)
2019-09-19 09:44:44,037 [pool-610-thread-1] INFO  server.RaftServerConfigKeys (ConfUtils.java:logGet(43)) - raft.server.log.appender.buffer.byte-limit = 33554432 (custom)
2019-09-19 09:44:44,037 [pool-610-thread-1] INFO  server.RaftServerConfigKeys (ConfUtils.java:logGet(43)) - raft.server.log.segment.size.max = 1048576 (custom)
2019-09-19 09:44:44,037 [pool-610-thread-1] INFO  server.RaftServerConfigKeys (ConfUtils.java:logGet(43)) - raft.server.log.segment.cache.num.max = 2 (custom)
2019-09-19 09:44:44,037 [pool-610-thread-1] INFO  segmented.SegmentedRaftLogWorker (SegmentedRaftLogWorker.java:<init>(172)) - new 0835d9f5-0b87-4b65-b1fa-6dc8409d04ae-SegmentedRaftLogWorker:Storage Directory /workdir/hadoop-ozone/ozonefs/target/test-dir/MiniOzoneClusterImpl-dbfea85f-f096-46e2-b73b-2281bdd0ed8c/datanode-0/data/ratis/a7392f1d-718b-4d17-9bf3-e995af2c4b52 for RaftStorage:Storage Directory /workdir/hadoop-ozone/ozonefs/target/test-dir/MiniOzoneClusterImpl-dbfea85f-f096-46e2-b73b-2281bdd0ed8c/datanode-0/data/ratis/a7392f1d-718b-4d17-9bf3-e995af2c4b52
2019-09-19 09:44:44,037 [pool-610-thread-1] INFO  server.RaftServerConfigKeys (ConfUtils.java:logGet(43)) - raft.server.log.queue.byte-limit = 2147483647 (custom)
2019-09-19 09:44:44,038 [pool-610-thread-1] INFO  server.RaftServerConfigKeys (ConfUtils.java:logGet(43)) - raft.server.log.queue.element-limit = 1024 (custom)
2019-09-19 09:44:44,038 [pool-610-thread-1] INFO  server.RaftServerConfigKeys (ConfUtils.java:logGet(43)) - raft.server.log.segment.size.max = 1048576 (custom)
2019-09-19 09:44:44,038 [pool-610-thread-1] INFO  server.RaftServerConfigKeys (ConfUtils.java:logGet(43)) - raft.server.log.preallocated.size = 16384 (custom)
2019-09-19 09:44:44,038 [pool-610-thread-1] INFO  server.RaftServerConfigKeys (ConfUtils.java:logGet(43)) - raft.server.log.write.buffer.size = 33554432 (custom)
2019-09-19 09:44:44,038 [pool-610-thread-1] INFO  server.RaftServerConfigKeys (ConfUtils.java:logGet(43)) - raft.server.log.force.sync.num = 128 (default)
2019-09-19 09:44:44,038 [pool-610-thread-1] INFO  server.RaftServerConfigKeys (ConfUtils.java:logGet(43)) - raft.server.log.statemachine.data.sync = true (default)
2019-09-19 09:44:44,038 [pool-610-thread-1] INFO  server.RaftServerConfigKeys (ConfUtils.java:logGet(43)) - raft.server.log.statemachine.data.sync.timeout = 10s (default)
2019-09-19 09:44:44,038 [pool-610-thread-1] INFO  server.RaftServerConfigKeys (ConfUtils.java:logGet(43)) - raft.server.log.statemachine.data.sync.timeout.retry = -1 (default)
2019-09-19 09:44:44,039 [pool-610-thread-1] INFO  server.RaftServerConfigKeys (ConfUtils.java:logGet(43)) - raft.server.log.statemachine.data.caching.enabled = true (custom)
2019-09-19 09:44:44,039 [pool-610-thread-1] INFO  segmented.SegmentedRaftLogWorker (SegmentedRaftLogWorker.java:lambda$new$0(132)) - 0835d9f5-0b87-4b65-b1fa-6dc8409d04ae-SegmentedRaftLogWorker:Storage Directory /workdir/hadoop-ozone/ozonefs/target/test-dir/MiniOzoneClusterImpl-dbfea85f-f096-46e2-b73b-2281bdd0ed8c/datanode-0/data/ratis/a7392f1d-718b-4d17-9bf3-e995af2c4b52: flushIndex: setUnconditionally 0 -> -1
2019-09-19 09:44:44,039 [pool-610-thread-1] INFO  server.RaftServerConfigKeys (ConfUtils.java:logGet(43)) - raft.server.snapshot.auto.trigger.enabled = true (custom)
2019-09-19 09:44:44,039 [pool-610-thread-1] INFO  server.RaftServerConfigKeys (ConfUtils.java:logGet(43)) - raft.server.snapshot.auto.trigger.threshold = 10000 (custom)
2019-09-19 09:44:44,039 [pool-610-thread-1] INFO  server.RaftServerConfigKeys (ConfUtils.java:logGet(43)) - raft.server.retrycache.expirytime = 600000ms (custom)
2019-09-19 09:44:44,039 [pool-610-thread-1] INFO  impl.RaftServerImpl (RaftServerImpl.java:start(180)) - 0835d9f5-0b87-4b65-b1fa-6dc8409d04ae: start group-E995AF2C4B52
2019-09-19 09:44:44,040 [pool-610-thread-1] INFO  impl.RaftServerImpl (RaftServerImpl.java:setRole(171)) - 0835d9f5-0b87-4b65-b1fa-6dc8409d04ae:group-E995AF2C4B52 changes role from null to FOLLOWER at term 0 for startAsFollower
2019-09-19 09:44:44,040 [pool-610-thread-1] INFO  impl.RoleInfo (RoleInfo.java:updateAndGet(143)) - 0835d9f5-0b87-4b65-b1fa-6dc8409d04ae: start FollowerState
2019-09-19 09:44:44,040 [pool-610-thread-1] INFO  util.JmxRegister (JmxRegister.java:tryRegister(44)) - Successfully registered JMX Bean with object name Ratis:service=RaftServer,group=group-E995AF2C4B52,id=0835d9f5-0b87-4b65-b1fa-6dc8409d04ae
2019-09-19 09:44:44,043 [RatisPipelineUtilsThread] INFO  pipeline.PipelineStateManager (PipelineStateManager.java:addPipeline(56)) - Created pipeline Pipeline[ Id: a7392f1d-718b-4d17-9bf3-e995af2c4b52, Nodes: 0835d9f5-0b87-4b65-b1fa-6dc8409d04ae{ip: 192.168.34.5, host: pr-hdds-1569-j4bt4-3030777008, networkLocation: /default-rack, certSerialId: null}, Type:RATIS, Factor:ONE, State:OPEN]
2019-09-19 09:44:44,047 [grpc-default-executor-0] INFO  impl.RaftServerProxy (RaftServerProxy.java:addNew(89)) - 0835d9f5-0b87-4b65-b1fa-6dc8409d04ae: addNew group-D5DB80ED1186:[0835d9f5-0b87-4b65-b1fa-6dc8409d04ae:192.168.34.5:38655] returns group-D5DB80ED1186:java.util.concurrent.CompletableFuture@b4cf1b[Not completed]
2019-09-19 09:44:44,047 [pool-610-thread-1] INFO  impl.RaftServerImpl (RaftServerImpl.java:<init>(93)) - 0835d9f5-0b87-4b65-b1fa-6dc8409d04ae: new RaftServerImpl for group-D5DB80ED1186:[0835d9f5-0b87-4b65-b1fa-6dc8409d04ae:192.168.34.5:38655] with ContainerStateMachine:uninitialized
2019-09-19 09:44:44,047 [pool-610-thread-1] INFO  server.RaftServerConfigKeys (ConfUtils.java:logGet(43)) - raft.server.rpc.timeout.min = 5s (custom)
2019-09-19 09:44:44,047 [pool-610-thread-1] INFO  server.RaftServerConfigKeys (ConfUtils.java:logGet(43)) - raft.server.rpc.timeout.max = 5200ms (custom)
2019-09-19 09:44:44,048 [pool-610-thread-1] INFO  server.RaftServerConfigKeys (ConfUtils.java:logGet(43)) - raft.server.rpcslowness.timeout = 120s (custom)
2019-09-19 09:44:44,048 [pool-610-thread-1] INFO  server.RaftServerConfigKeys (ConfUtils.java:logGet(43)) - raft.server.sleep.deviation.threshold = 300 (default)
2019-09-19 09:44:44,048 [pool-610-thread-1] INFO  server.RaftServerConfigKeys (ConfUtils.java:logGet(43)) - raft.server.log.appender.install.snapshot.enabled = false (custom)
2019-09-19 09:44:44,048 [pool-610-thread-1] INFO  impl.RaftServerImpl (ServerState.java:<init>(105)) - 0835d9f5-0b87-4b65-b1fa-6dc8409d04ae:group-D5DB80ED1186 ConfigurationManager, init=-1: [0835d9f5-0b87-4b65-b1fa-6dc8409d04ae:192.168.34.5:38655], old=null, confs=<EMPTY_MAP>
2019-09-19 09:44:44,048 [pool-610-thread-1] INFO  server.RaftServerConfigKeys (ConfUtils.java:logGet(43)) - raft.server.storage.dir = [/workdir/hadoop-ozone/ozonefs/target/test-dir/MiniOzoneClusterImpl-dbfea85f-f096-46e2-b73b-2281bdd0ed8c/datanode-0/data/ratis] (custom)
2019-09-19 09:44:44,048 [pool-610-thread-1] INFO  storage.RaftStorageDirectory (RaftStorageDirectory.java:analyzeStorage(246)) - The storage directory /workdir/hadoop-ozone/ozonefs/target/test-dir/MiniOzoneClusterImpl-dbfea85f-f096-46e2-b73b-2281bdd0ed8c/datanode-0/data/ratis/31729889-b06d-4c18-911c-d5db80ed1186 does not exist. Creating ...
2019-09-19 09:44:44,061 [pool-610-thread-1] INFO  storage.RaftStorageDirectory (RaftStorageDirectory.java:tryLock(328)) - Lock on /workdir/hadoop-ozone/ozonefs/target/test-dir/MiniOzoneClusterImpl-dbfea85f-f096-46e2-b73b-2281bdd0ed8c/datanode-0/data/ratis/31729889-b06d-4c18-911c-d5db80ed1186/in_use.lock acquired by nodename 24695@pr-hdds-1569-j4bt4-3030777008
2019-09-19 09:44:44,073 [pool-610-thread-1] INFO  storage.RaftStorage (RaftStorage.java:format(72)) - Storage directory /workdir/hadoop-ozone/ozonefs/target/test-dir/MiniOzoneClusterImpl-dbfea85f-f096-46e2-b73b-2281bdd0ed8c/datanode-0/data/ratis/31729889-b06d-4c18-911c-d5db80ed1186 has been successfully formatted.
2019-09-19 09:44:44,073 [pool-610-thread-1] INFO  ratis.ContainerStateMachine (ContainerStateMachine.java:loadSnapshot(226)) - group-D5DB80ED1186: The snapshot info is null. Setting the last applied indexto:(t:0, i:~)
2019-09-19 09:44:44,074 [pool-610-thread-1] INFO  server.RaftServerConfigKeys (ConfUtils.java:logGet(43)) - raft.server.leader.election.timeout = 120s (custom)
2019-09-19 09:44:44,074 [pool-610-thread-1] INFO  server.RaftServerConfigKeys (ConfUtils.java:logGet(43)) - raft.server.log.use.memory = false (default)
2019-09-19 09:44:44,074 [pool-610-thread-1] INFO  server.RaftServerConfigKeys (ConfUtils.java:logGet(43)) - raft.server.log.purge.gap = 1000000 (custom)
2019-09-19 09:44:44,074 [pool-610-thread-1] INFO  server.RaftServerConfigKeys (ConfUtils.java:logGet(43)) - raft.server.log.appender.buffer.byte-limit = 33554432 (custom)
2019-09-19 09:44:44,074 [pool-610-thread-1] INFO  server.RaftServerConfigKeys (ConfUtils.java:logGet(43)) - raft.server.log.segment.size.max = 1048576 (custom)
2019-09-19 09:44:44,074 [pool-610-thread-1] INFO  server.RaftServerConfigKeys (ConfUtils.java:logGet(43)) - raft.server.log.segment.cache.num.max = 2 (custom)
2019-09-19 09:44:44,074 [pool-610-thread-1] INFO  segmented.SegmentedRaftLogWorker (SegmentedRaftLogWorker.java:<init>(172)) - new 0835d9f5-0b87-4b65-b1fa-6dc8409d04ae-SegmentedRaftLogWorker:Storage Directory /workdir/hadoop-ozone/ozonefs/target/test-dir/MiniOzoneClusterImpl-dbfea85f-f096-46e2-b73b-2281bdd0ed8c/datanode-0/data/ratis/31729889-b06d-4c18-911c-d5db80ed1186 for RaftStorage:Storage Directory /workdir/hadoop-ozone/ozonefs/target/test-dir/MiniOzoneClusterImpl-dbfea85f-f096-46e2-b73b-2281bdd0ed8c/datanode-0/data/ratis/31729889-b06d-4c18-911c-d5db80ed1186
2019-09-19 09:44:44,074 [pool-610-thread-1] INFO  server.RaftServerConfigKeys (ConfUtils.java:logGet(43)) - raft.server.log.queue.byte-limit = 2147483647 (custom)
2019-09-19 09:44:44,074 [pool-610-thread-1] INFO  server.RaftServerConfigKeys (ConfUtils.java:logGet(43)) - raft.server.log.queue.element-limit = 1024 (custom)
2019-09-19 09:44:44,074 [pool-610-thread-1] INFO  server.RaftServerConfigKeys (ConfUtils.java:logGet(43)) - raft.server.log.segment.size.max = 1048576 (custom)
2019-09-19 09:44:44,075 [pool-610-thread-1] INFO  server.RaftServerConfigKeys (ConfUtils.java:logGet(43)) - raft.server.log.preallocated.size = 16384 (custom)
2019-09-19 09:44:44,075 [pool-610-thread-1] INFO  server.RaftServerConfigKeys (ConfUtils.java:logGet(43)) - raft.server.log.write.buffer.size = 33554432 (custom)
2019-09-19 09:44:44,075 [pool-610-thread-1] INFO  server.RaftServerConfigKeys (ConfUtils.java:logGet(43)) - raft.server.log.force.sync.num = 128 (default)
2019-09-19 09:44:44,075 [pool-610-thread-1] INFO  server.RaftServerConfigKeys (ConfUtils.java:logGet(43)) - raft.server.log.statemachine.data.sync = true (default)
2019-09-19 09:44:44,075 [pool-610-thread-1] INFO  server.RaftServerConfigKeys (ConfUtils.java:logGet(43)) - raft.server.log.statemachine.data.sync.timeout = 10s (default)
2019-09-19 09:44:44,075 [pool-610-thread-1] INFO  server.RaftServerConfigKeys (ConfUtils.java:logGet(43)) - raft.server.log.statemachine.data.sync.timeout.retry = -1 (default)
2019-09-19 09:44:44,075 [pool-610-thread-1] INFO  server.RaftServerConfigKeys (ConfUtils.java:logGet(43)) - raft.server.log.statemachine.data.caching.enabled = true (custom)
2019-09-19 09:44:44,075 [pool-610-thread-1] INFO  segmented.SegmentedRaftLogWorker (SegmentedRaftLogWorker.java:lambda$new$0(132)) - 0835d9f5-0b87-4b65-b1fa-6dc8409d04ae-SegmentedRaftLogWorker:Storage Directory /workdir/hadoop-ozone/ozonefs/target/test-dir/MiniOzoneClusterImpl-dbfea85f-f096-46e2-b73b-2281bdd0ed8c/datanode-0/data/ratis/31729889-b06d-4c18-911c-d5db80ed1186: flushIndex: setUnconditionally 0 -> -1
2019-09-19 09:44:44,076 [pool-610-thread-1] INFO  server.RaftServerConfigKeys (ConfUtils.java:logGet(43)) - raft.server.snapshot.auto.trigger.enabled = true (custom)
2019-09-19 09:44:44,076 [pool-610-thread-1] INFO  server.RaftServerConfigKeys (ConfUtils.java:logGet(43)) - raft.server.snapshot.auto.trigger.threshold = 10000 (custom)
2019-09-19 09:44:44,076 [pool-610-thread-1] INFO  server.RaftServerConfigKeys (ConfUtils.java:logGet(43)) - raft.server.retrycache.expirytime = 600000ms (custom)
2019-09-19 09:44:44,076 [pool-610-thread-1] INFO  impl.RaftServerImpl (RaftServerImpl.java:start(180)) - 0835d9f5-0b87-4b65-b1fa-6dc8409d04ae: start group-D5DB80ED1186
2019-09-19 09:44:44,076 [pool-610-thread-1] INFO  impl.RaftServerImpl (RaftServerImpl.java:setRole(171)) - 0835d9f5-0b87-4b65-b1fa-6dc8409d04ae:group-D5DB80ED1186 changes role from null to FOLLOWER at term 0 for startAsFollower
2019-09-19 09:44:44,076 [pool-610-thread-1] INFO  impl.RoleInfo (RoleInfo.java:updateAndGet(143)) - 0835d9f5-0b87-4b65-b1fa-6dc8409d04ae: start FollowerState
2019-09-19 09:44:44,076 [pool-610-thread-1] INFO  util.JmxRegister (JmxRegister.java:tryRegister(44)) - Successfully registered JMX Bean with object name Ratis:service=RaftServer,group=group-D5DB80ED1186,id=0835d9f5-0b87-4b65-b1fa-6dc8409d04ae
2019-09-19 09:44:44,079 [RatisPipelineUtilsThread] INFO  pipeline.PipelineStateManager (PipelineStateManager.java:addPipeline(56)) - Created pipeline Pipeline[ Id: 31729889-b06d-4c18-911c-d5db80ed1186, Nodes: 0835d9f5-0b87-4b65-b1fa-6dc8409d04ae{ip: 192.168.34.5, host: pr-hdds-1569-j4bt4-3030777008, networkLocation: /default-rack, certSerialId: null}, Type:RATIS, Factor:ONE, State:OPEN]
2019-09-19 09:44:44,083 [grpc-default-executor-0] INFO  impl.RaftServerProxy (RaftServerProxy.java:addNew(89)) - 0835d9f5-0b87-4b65-b1fa-6dc8409d04ae: addNew group-4B1E157B4F64:[0835d9f5-0b87-4b65-b1fa-6dc8409d04ae:192.168.34.5:38655] returns group-4B1E157B4F64:java.util.concurrent.CompletableFuture@5160a15a[Not completed]
2019-09-19 09:44:44,084 [pool-610-thread-1] INFO  impl.RaftServerImpl (RaftServerImpl.java:<init>(93)) - 0835d9f5-0b87-4b65-b1fa-6dc8409d04ae: new RaftServerImpl for group-4B1E157B4F64:[0835d9f5-0b87-4b65-b1fa-6dc8409d04ae:192.168.34.5:38655] with ContainerStateMachine:uninitialized
2019-09-19 09:44:44,084 [pool-610-thread-1] INFO  server.RaftServerConfigKeys (ConfUtils.java:logGet(43)) - raft.server.rpc.timeout.min = 5s (custom)
2019-09-19 09:44:44,084 [pool-610-thread-1] INFO  server.RaftServerConfigKeys (ConfUtils.java:logGet(43)) - raft.server.rpc.timeout.max = 5200ms (custom)
2019-09-19 09:44:44,084 [pool-610-thread-1] INFO  server.RaftServerConfigKeys (ConfUtils.java:logGet(43)) - raft.server.rpcslowness.timeout = 120s (custom)
2019-09-19 09:44:44,084 [pool-610-thread-1] INFO  server.RaftServerConfigKeys (ConfUtils.java:logGet(43)) - raft.server.sleep.deviation.threshold = 300 (default)
2019-09-19 09:44:44,084 [pool-610-thread-1] INFO  server.RaftServerConfigKeys (ConfUtils.java:logGet(43)) - raft.server.log.appender.install.snapshot.enabled = false (custom)
2019-09-19 09:44:44,084 [pool-610-thread-1] INFO  impl.RaftServerImpl (ServerState.java:<init>(105)) - 0835d9f5-0b87-4b65-b1fa-6dc8409d04ae:group-4B1E157B4F64 ConfigurationManager, init=-1: [0835d9f5-0b87-4b65-b1fa-6dc8409d04ae:192.168.34.5:38655], old=null, confs=<EMPTY_MAP>
2019-09-19 09:44:44,084 [pool-610-thread-1] INFO  server.RaftServerConfigKeys (ConfUtils.java:logGet(43)) - raft.server.storage.dir = [/workdir/hadoop-ozone/ozonefs/target/test-dir/MiniOzoneClusterImpl-dbfea85f-f096-46e2-b73b-2281bdd0ed8c/datanode-0/data/ratis] (custom)
2019-09-19 09:44:44,085 [pool-610-thread-1] INFO  storage.RaftStorageDirectory (RaftStorageDirectory.java:analyzeStorage(246)) - The storage directory /workdir/hadoop-ozone/ozonefs/target/test-dir/MiniOzoneClusterImpl-dbfea85f-f096-46e2-b73b-2281bdd0ed8c/datanode-0/data/ratis/ffbe2122-8ddd-4cd2-b5ed-4b1e157b4f64 does not exist. Creating ...
2019-09-19 09:44:44,097 [pool-610-thread-1] INFO  storage.RaftStorageDirectory (RaftStorageDirectory.java:tryLock(328)) - Lock on /workdir/hadoop-ozone/ozonefs/target/test-dir/MiniOzoneClusterImpl-dbfea85f-f096-46e2-b73b-2281bdd0ed8c/datanode-0/data/ratis/ffbe2122-8ddd-4cd2-b5ed-4b1e157b4f64/in_use.lock acquired by nodename 24695@pr-hdds-1569-j4bt4-3030777008
2019-09-19 09:44:44,110 [pool-610-thread-1] INFO  storage.RaftStorage (RaftStorage.java:format(72)) - Storage directory /workdir/hadoop-ozone/ozonefs/target/test-dir/MiniOzoneClusterImpl-dbfea85f-f096-46e2-b73b-2281bdd0ed8c/datanode-0/data/ratis/ffbe2122-8ddd-4cd2-b5ed-4b1e157b4f64 has been successfully formatted.
2019-09-19 09:44:44,110 [pool-610-thread-1] INFO  ratis.ContainerStateMachine (ContainerStateMachine.java:loadSnapshot(226)) - group-4B1E157B4F64: The snapshot info is null. Setting the last applied indexto:(t:0, i:~)
2019-09-19 09:44:44,110 [pool-610-thread-1] INFO  server.RaftServerConfigKeys (ConfUtils.java:logGet(43)) - raft.server.leader.election.timeout = 120s (custom)
2019-09-19 09:44:44,110 [pool-610-thread-1] INFO  server.RaftServerConfigKeys (ConfUtils.java:logGet(43)) - raft.server.log.use.memory = false (default)
2019-09-19 09:44:44,111 [pool-610-thread-1] INFO  server.RaftServerConfigKeys (ConfUtils.java:logGet(43)) - raft.server.log.purge.gap = 1000000 (custom)
2019-09-19 09:44:44,111 [pool-610-thread-1] INFO  server.RaftServerConfigKeys (ConfUtils.java:logGet(43)) - raft.server.log.appender.buffer.byte-limit = 33554432 (custom)
2019-09-19 09:44:44,111 [pool-610-thread-1] INFO  server.RaftServerConfigKeys (ConfUtils.java:logGet(43)) - raft.server.log.segment.size.max = 1048576 (custom)
2019-09-19 09:44:44,111 [pool-610-thread-1] INFO  server.RaftServerConfigKeys (ConfUtils.java:logGet(43)) - raft.server.log.segment.cache.num.max = 2 (custom)
2019-09-19 09:44:44,111 [pool-610-thread-1] INFO  segmented.SegmentedRaftLogWorker (SegmentedRaftLogWorker.java:<init>(172)) - new 0835d9f5-0b87-4b65-b1fa-6dc8409d04ae-SegmentedRaftLogWorker:Storage Directory /workdir/hadoop-ozone/ozonefs/target/test-dir/MiniOzoneClusterImpl-dbfea85f-f096-46e2-b73b-2281bdd0ed8c/datanode-0/data/ratis/ffbe2122-8ddd-4cd2-b5ed-4b1e157b4f64 for RaftStorage:Storage Directory /workdir/hadoop-ozone/ozonefs/target/test-dir/MiniOzoneClusterImpl-dbfea85f-f096-46e2-b73b-2281bdd0ed8c/datanode-0/data/ratis/ffbe2122-8ddd-4cd2-b5ed-4b1e157b4f64
2019-09-19 09:44:44,111 [pool-610-thread-1] INFO  server.RaftServerConfigKeys (ConfUtils.java:logGet(43)) - raft.server.log.queue.byte-limit = 2147483647 (custom)
2019-09-19 09:44:44,111 [pool-610-thread-1] INFO  server.RaftServerConfigKeys (ConfUtils.java:logGet(43)) - raft.server.log.queue.element-limit = 1024 (custom)
2019-09-19 09:44:44,111 [pool-610-thread-1] INFO  server.RaftServerConfigKeys (ConfUtils.java:logGet(43)) - raft.server.log.segment.size.max = 1048576 (custom)
2019-09-19 09:44:44,111 [pool-610-thread-1] INFO  server.RaftServerConfigKeys (ConfUtils.java:logGet(43)) - raft.server.log.preallocated.size = 16384 (custom)
2019-09-19 09:44:44,111 [pool-610-thread-1] INFO  server.RaftServerConfigKeys (ConfUtils.java:logGet(43)) - raft.server.log.write.buffer.size = 33554432 (custom)
2019-09-19 09:44:44,111 [pool-610-thread-1] INFO  server.RaftServerConfigKeys (ConfUtils.java:logGet(43)) - raft.server.log.force.sync.num = 128 (default)
2019-09-19 09:44:44,111 [pool-610-thread-1] INFO  server.RaftServerConfigKeys (ConfUtils.java:logGet(43)) - raft.server.log.statemachine.data.sync = true (default)
2019-09-19 09:44:44,112 [pool-610-thread-1] INFO  server.RaftServerConfigKeys (ConfUtils.java:logGet(43)) - raft.server.log.statemachine.data.sync.timeout = 10s (default)
2019-09-19 09:44:44,112 [pool-610-thread-1] INFO  server.RaftServerConfigKeys (ConfUtils.java:logGet(43)) - raft.server.log.statemachine.data.sync.timeout.retry = -1 (default)
2019-09-19 09:44:44,112 [pool-610-thread-1] INFO  server.RaftServerConfigKeys (ConfUtils.java:logGet(43)) - raft.server.log.statemachine.data.caching.enabled = true (custom)
2019-09-19 09:44:44,112 [pool-610-thread-1] INFO  segmented.SegmentedRaftLogWorker (SegmentedRaftLogWorker.java:lambda$new$0(132)) - 0835d9f5-0b87-4b65-b1fa-6dc8409d04ae-SegmentedRaftLogWorker:Storage Directory /workdir/hadoop-ozone/ozonefs/target/test-dir/MiniOzoneClusterImpl-dbfea85f-f096-46e2-b73b-2281bdd0ed8c/datanode-0/data/ratis/ffbe2122-8ddd-4cd2-b5ed-4b1e157b4f64: flushIndex: setUnconditionally 0 -> -1
2019-09-19 09:44:44,112 [pool-610-thread-1] INFO  server.RaftServerConfigKeys (ConfUtils.java:logGet(43)) - raft.server.snapshot.auto.trigger.enabled = true (custom)
2019-09-19 09:44:44,112 [pool-610-thread-1] INFO  server.RaftServerConfigKeys (ConfUtils.java:logGet(43)) - raft.server.snapshot.auto.trigger.threshold = 10000 (custom)
2019-09-19 09:44:44,112 [pool-610-thread-1] INFO  server.RaftServerConfigKeys (ConfUtils.java:logGet(43)) - raft.server.retrycache.expirytime = 600000ms (custom)
2019-09-19 09:44:44,112 [pool-610-thread-1] INFO  impl.RaftServerImpl (RaftServerImpl.java:start(180)) - 0835d9f5-0b87-4b65-b1fa-6dc8409d04ae: start group-4B1E157B4F64
2019-09-19 09:44:44,112 [pool-610-thread-1] INFO  impl.RaftServerImpl (RaftServerImpl.java:setRole(171)) - 0835d9f5-0b87-4b65-b1fa-6dc8409d04ae:group-4B1E157B4F64 changes role from null to FOLLOWER at term 0 for startAsFollower
2019-09-19 09:44:44,113 [pool-610-thread-1] INFO  impl.RoleInfo (RoleInfo.java:updateAndGet(143)) - 0835d9f5-0b87-4b65-b1fa-6dc8409d04ae: start FollowerState
2019-09-19 09:44:44,113 [pool-610-thread-1] INFO  util.JmxRegister (JmxRegister.java:tryRegister(44)) - Successfully registered JMX Bean with object name Ratis:service=RaftServer,group=group-4B1E157B4F64,id=0835d9f5-0b87-4b65-b1fa-6dc8409d04ae
2019-09-19 09:44:44,115 [RatisPipelineUtilsThread] INFO  pipeline.PipelineStateManager (PipelineStateManager.java:addPipeline(56)) - Created pipeline Pipeline[ Id: ffbe2122-8ddd-4cd2-b5ed-4b1e157b4f64, Nodes: 0835d9f5-0b87-4b65-b1fa-6dc8409d04ae{ip: 192.168.34.5, host: pr-hdds-1569-j4bt4-3030777008, networkLocation: /default-rack, certSerialId: null}, Type:RATIS, Factor:ONE, State:OPEN]
2019-09-19 09:44:44,119 [grpc-default-executor-0] INFO  impl.RaftServerProxy (RaftServerProxy.java:addNew(89)) - 0835d9f5-0b87-4b65-b1fa-6dc8409d04ae: addNew group-15EA5EA2CEE8:[0835d9f5-0b87-4b65-b1fa-6dc8409d04ae:192.168.34.5:38655] returns group-15EA5EA2CEE8:java.util.concurrent.CompletableFuture@3ce668c6[Not completed]
2019-09-19 09:44:44,119 [pool-610-thread-1] INFO  impl.RaftServerImpl (RaftServerImpl.java:<init>(93)) - 0835d9f5-0b87-4b65-b1fa-6dc8409d04ae: new RaftServerImpl for group-15EA5EA2CEE8:[0835d9f5-0b87-4b65-b1fa-6dc8409d04ae:192.168.34.5:38655] with ContainerStateMachine:uninitialized
2019-09-19 09:44:44,119 [pool-610-thread-1] INFO  server.RaftServerConfigKeys (ConfUtils.java:logGet(43)) - raft.server.rpc.timeout.min = 5s (custom)
2019-09-19 09:44:44,119 [pool-610-thread-1] INFO  server.RaftServerConfigKeys (ConfUtils.java:logGet(43)) - raft.server.rpc.timeout.max = 5200ms (custom)
2019-09-19 09:44:44,119 [pool-610-thread-1] INFO  server.RaftServerConfigKeys (ConfUtils.java:logGet(43)) - raft.server.rpcslowness.timeout = 120s (custom)
2019-09-19 09:44:44,119 [pool-610-thread-1] INFO  server.RaftServerConfigKeys (ConfUtils.java:logGet(43)) - raft.server.sleep.deviation.threshold = 300 (default)
2019-09-19 09:44:44,119 [pool-610-thread-1] INFO  server.RaftServerConfigKeys (ConfUtils.java:logGet(43)) - raft.server.log.appender.install.snapshot.enabled = false (custom)
2019-09-19 09:44:44,120 [pool-610-thread-1] INFO  impl.RaftServerImpl (ServerState.java:<init>(105)) - 0835d9f5-0b87-4b65-b1fa-6dc8409d04ae:group-15EA5EA2CEE8 ConfigurationManager, init=-1: [0835d9f5-0b87-4b65-b1fa-6dc8409d04ae:192.168.34.5:38655], old=null, confs=<EMPTY_MAP>
2019-09-19 09:44:44,120 [pool-610-thread-1] INFO  server.RaftServerConfigKeys (ConfUtils.java:logGet(43)) - raft.server.storage.dir = [/workdir/hadoop-ozone/ozonefs/target/test-dir/MiniOzoneClusterImpl-dbfea85f-f096-46e2-b73b-2281bdd0ed8c/datanode-0/data/ratis] (custom)
2019-09-19 09:44:44,120 [pool-610-thread-1] INFO  storage.RaftStorageDirectory (RaftStorageDirectory.java:analyzeStorage(246)) - The storage directory /workdir/hadoop-ozone/ozonefs/target/test-dir/MiniOzoneClusterImpl-dbfea85f-f096-46e2-b73b-2281bdd0ed8c/datanode-0/data/ratis/fe7f8ecc-e299-45ea-8d12-15ea5ea2cee8 does not exist. Creating ...
2019-09-19 09:44:44,133 [pool-610-thread-1] INFO  storage.RaftStorageDirectory (RaftStorageDirectory.java:tryLock(328)) - Lock on /workdir/hadoop-ozone/ozonefs/target/test-dir/MiniOzoneClusterImpl-dbfea85f-f096-46e2-b73b-2281bdd0ed8c/datanode-0/data/ratis/fe7f8ecc-e299-45ea-8d12-15ea5ea2cee8/in_use.lock acquired by nodename 24695@pr-hdds-1569-j4bt4-3030777008
2019-09-19 09:44:44,145 [pool-610-thread-1] INFO  storage.RaftStorage (RaftStorage.java:format(72)) - Storage directory /workdir/hadoop-ozone/ozonefs/target/test-dir/MiniOzoneClusterImpl-dbfea85f-f096-46e2-b73b-2281bdd0ed8c/datanode-0/data/ratis/fe7f8ecc-e299-45ea-8d12-15ea5ea2cee8 has been successfully formatted.
2019-09-19 09:44:44,145 [pool-610-thread-1] INFO  ratis.ContainerStateMachine (ContainerStateMachine.java:loadSnapshot(226)) - group-15EA5EA2CEE8: The snapshot info is null. Setting the last applied indexto:(t:0, i:~)
2019-09-19 09:44:44,145 [pool-610-thread-1] INFO  server.RaftServerConfigKeys (ConfUtils.java:logGet(43)) - raft.server.leader.election.timeout = 120s (custom)
2019-09-19 09:44:44,145 [pool-610-thread-1] INFO  server.RaftServerConfigKeys (ConfUtils.java:logGet(43)) - raft.server.log.use.memory = false (default)
2019-09-19 09:44:44,145 [pool-610-thread-1] INFO  server.RaftServerConfigKeys (ConfUtils.java:logGet(43)) - raft.server.log.purge.gap = 1000000 (custom)
2019-09-19 09:44:44,146 [pool-610-thread-1] INFO  server.RaftServerConfigKeys (ConfUtils.java:logGet(43)) - raft.server.log.appender.buffer.byte-limit = 33554432 (custom)
2019-09-19 09:44:44,146 [pool-610-thread-1] INFO  server.RaftServerConfigKeys (ConfUtils.java:logGet(43)) - raft.server.log.segment.size.max = 1048576 (custom)
2019-09-19 09:44:44,146 [pool-610-thread-1] INFO  server.RaftServerConfigKeys (ConfUtils.java:logGet(43)) - raft.server.log.segment.cache.num.max = 2 (custom)
2019-09-19 09:44:44,146 [pool-610-thread-1] INFO  segmented.SegmentedRaftLogWorker (SegmentedRaftLogWorker.java:<init>(172)) - new 0835d9f5-0b87-4b65-b1fa-6dc8409d04ae-SegmentedRaftLogWorker:Storage Directory /workdir/hadoop-ozone/ozonefs/target/test-dir/MiniOzoneClusterImpl-dbfea85f-f096-46e2-b73b-2281bdd0ed8c/datanode-0/data/ratis/fe7f8ecc-e299-45ea-8d12-15ea5ea2cee8 for RaftStorage:Storage Directory /workdir/hadoop-ozone/ozonefs/target/test-dir/MiniOzoneClusterImpl-dbfea85f-f096-46e2-b73b-2281bdd0ed8c/datanode-0/data/ratis/fe7f8ecc-e299-45ea-8d12-15ea5ea2cee8
2019-09-19 09:44:44,146 [pool-610-thread-1] INFO  server.RaftServerConfigKeys (ConfUtils.java:logGet(43)) - raft.server.log.queue.byte-limit = 2147483647 (custom)
2019-09-19 09:44:44,146 [pool-610-thread-1] INFO  server.RaftServerConfigKeys (ConfUtils.java:logGet(43)) - raft.server.log.queue.element-limit = 1024 (custom)
2019-09-19 09:44:44,146 [pool-610-thread-1] INFO  server.RaftServerConfigKeys (ConfUtils.java:logGet(43)) - raft.server.log.segment.size.max = 1048576 (custom)
2019-09-19 09:44:44,146 [pool-610-thread-1] INFO  server.RaftServerConfigKeys (ConfUtils.java:logGet(43)) - raft.server.log.preallocated.size = 16384 (custom)
2019-09-19 09:44:44,146 [pool-610-thread-1] INFO  server.RaftServerConfigKeys (ConfUtils.java:logGet(43)) - raft.server.log.write.buffer.size = 33554432 (custom)
2019-09-19 09:44:44,147 [pool-610-thread-1] INFO  server.RaftServerConfigKeys (ConfUtils.java:logGet(43)) - raft.server.log.force.sync.num = 128 (default)
2019-09-19 09:44:44,147 [pool-610-thread-1] INFO  server.RaftServerConfigKeys (ConfUtils.java:logGet(43)) - raft.server.log.statemachine.data.sync = true (default)
2019-09-19 09:44:44,147 [pool-610-thread-1] INFO  server.RaftServerConfigKeys (ConfUtils.java:logGet(43)) - raft.server.log.statemachine.data.sync.timeout = 10s (default)
2019-09-19 09:44:44,147 [pool-610-thread-1] INFO  server.RaftServerConfigKeys (ConfUtils.java:logGet(43)) - raft.server.log.statemachine.data.sync.timeout.retry = -1 (default)
2019-09-19 09:44:44,147 [pool-610-thread-1] INFO  server.RaftServerConfigKeys (ConfUtils.java:logGet(43)) - raft.server.log.statemachine.data.caching.enabled = true (custom)
2019-09-19 09:44:44,147 [pool-610-thread-1] INFO  segmented.SegmentedRaftLogWorker (SegmentedRaftLogWorker.java:lambda$new$0(132)) - 0835d9f5-0b87-4b65-b1fa-6dc8409d04ae-SegmentedRaftLogWorker:Storage Directory /workdir/hadoop-ozone/ozonefs/target/test-dir/MiniOzoneClusterImpl-dbfea85f-f096-46e2-b73b-2281bdd0ed8c/datanode-0/data/ratis/fe7f8ecc-e299-45ea-8d12-15ea5ea2cee8: flushIndex: setUnconditionally 0 -> -1
2019-09-19 09:44:44,147 [pool-610-thread-1] INFO  server.RaftServerConfigKeys (ConfUtils.java:logGet(43)) - raft.server.snapshot.auto.trigger.enabled = true (custom)
2019-09-19 09:44:44,148 [pool-610-thread-1] INFO  server.RaftServerConfigKeys (ConfUtils.java:logGet(43)) - raft.server.snapshot.auto.trigger.threshold = 10000 (custom)
2019-09-19 09:44:44,148 [pool-610-thread-1] INFO  server.RaftServerConfigKeys (ConfUtils.java:logGet(43)) - raft.server.retrycache.expirytime = 600000ms (custom)
2019-09-19 09:44:44,148 [pool-610-thread-1] INFO  impl.RaftServerImpl (RaftServerImpl.java:start(180)) - 0835d9f5-0b87-4b65-b1fa-6dc8409d04ae: start group-15EA5EA2CEE8
2019-09-19 09:44:44,148 [pool-610-thread-1] INFO  impl.RaftServerImpl (RaftServerImpl.java:setRole(171)) - 0835d9f5-0b87-4b65-b1fa-6dc8409d04ae:group-15EA5EA2CEE8 changes role from null to FOLLOWER at term 0 for startAsFollower
2019-09-19 09:44:44,148 [pool-610-thread-1] INFO  impl.RoleInfo (RoleInfo.java:updateAndGet(143)) - 0835d9f5-0b87-4b65-b1fa-6dc8409d04ae: start FollowerState
2019-09-19 09:44:44,148 [pool-610-thread-1] INFO  util.JmxRegister (JmxRegister.java:tryRegister(44)) - Successfully registered JMX Bean with object name Ratis:service=RaftServer,group=group-15EA5EA2CEE8,id=0835d9f5-0b87-4b65-b1fa-6dc8409d04ae
2019-09-19 09:44:44,150 [RatisPipelineUtilsThread] INFO  pipeline.PipelineStateManager (PipelineStateManager.java:addPipeline(56)) - Created pipeline Pipeline[ Id: fe7f8ecc-e299-45ea-8d12-15ea5ea2cee8, Nodes: 0835d9f5-0b87-4b65-b1fa-6dc8409d04ae{ip: 192.168.34.5, host: pr-hdds-1569-j4bt4-3030777008, networkLocation: /default-rack, certSerialId: null}, Type:RATIS, Factor:ONE, State:OPEN]
2019-09-19 09:44:44,154 [grpc-default-executor-0] INFO  impl.RaftServerProxy (RaftServerProxy.java:addNew(89)) - 0835d9f5-0b87-4b65-b1fa-6dc8409d04ae: addNew group-EA5CDC9F528B:[0835d9f5-0b87-4b65-b1fa-6dc8409d04ae:192.168.34.5:38655] returns group-EA5CDC9F528B:java.util.concurrent.CompletableFuture@552e9c8b[Not completed]
2019-09-19 09:44:44,155 [pool-610-thread-1] INFO  impl.RaftServerImpl (RaftServerImpl.java:<init>(93)) - 0835d9f5-0b87-4b65-b1fa-6dc8409d04ae: new RaftServerImpl for group-EA5CDC9F528B:[0835d9f5-0b87-4b65-b1fa-6dc8409d04ae:192.168.34.5:38655] with ContainerStateMachine:uninitialized
2019-09-19 09:44:44,155 [pool-610-thread-1] INFO  server.RaftServerConfigKeys (ConfUtils.java:logGet(43)) - raft.server.rpc.timeout.min = 5s (custom)
2019-09-19 09:44:44,155 [pool-610-thread-1] INFO  server.RaftServerConfigKeys (ConfUtils.java:logGet(43)) - raft.server.rpc.timeout.max = 5200ms (custom)
2019-09-19 09:44:44,155 [pool-610-thread-1] INFO  server.RaftServerConfigKeys (ConfUtils.java:logGet(43)) - raft.server.rpcslowness.timeout = 120s (custom)
2019-09-19 09:44:44,155 [pool-610-thread-1] INFO  server.RaftServerConfigKeys (ConfUtils.java:logGet(43)) - raft.server.sleep.deviation.threshold = 300 (default)
2019-09-19 09:44:44,155 [pool-610-thread-1] INFO  server.RaftServerConfigKeys (ConfUtils.java:logGet(43)) - raft.server.log.appender.install.snapshot.enabled = false (custom)
2019-09-19 09:44:44,155 [pool-610-thread-1] INFO  impl.RaftServerImpl (ServerState.java:<init>(105)) - 0835d9f5-0b87-4b65-b1fa-6dc8409d04ae:group-EA5CDC9F528B ConfigurationManager, init=-1: [0835d9f5-0b87-4b65-b1fa-6dc8409d04ae:192.168.34.5:38655], old=null, confs=<EMPTY_MAP>
2019-09-19 09:44:44,156 [pool-610-thread-1] INFO  server.RaftServerConfigKeys (ConfUtils.java:logGet(43)) - raft.server.storage.dir = [/workdir/hadoop-ozone/ozonefs/target/test-dir/MiniOzoneClusterImpl-dbfea85f-f096-46e2-b73b-2281bdd0ed8c/datanode-0/data/ratis] (custom)
2019-09-19 09:44:44,156 [pool-610-thread-1] INFO  storage.RaftStorageDirectory (RaftStorageDirectory.java:analyzeStorage(246)) - The storage directory /workdir/hadoop-ozone/ozonefs/target/test-dir/MiniOzoneClusterImpl-dbfea85f-f096-46e2-b73b-2281bdd0ed8c/datanode-0/data/ratis/a1c6ed25-b952-4437-88c9-ea5cdc9f528b does not exist. Creating ...
2019-09-19 09:44:44,168 [pool-610-thread-1] INFO  storage.RaftStorageDirectory (RaftStorageDirectory.java:tryLock(328)) - Lock on /workdir/hadoop-ozone/ozonefs/target/test-dir/MiniOzoneClusterImpl-dbfea85f-f096-46e2-b73b-2281bdd0ed8c/datanode-0/data/ratis/a1c6ed25-b952-4437-88c9-ea5cdc9f528b/in_use.lock acquired by nodename 24695@pr-hdds-1569-j4bt4-3030777008
2019-09-19 09:44:44,181 [pool-610-thread-1] INFO  storage.RaftStorage (RaftStorage.java:format(72)) - Storage directory /workdir/hadoop-ozone/ozonefs/target/test-dir/MiniOzoneClusterImpl-dbfea85f-f096-46e2-b73b-2281bdd0ed8c/datanode-0/data/ratis/a1c6ed25-b952-4437-88c9-ea5cdc9f528b has been successfully formatted.
2019-09-19 09:44:44,181 [pool-610-thread-1] INFO  ratis.ContainerStateMachine (ContainerStateMachine.java:loadSnapshot(226)) - group-EA5CDC9F528B: The snapshot info is null. Setting the last applied indexto:(t:0, i:~)
2019-09-19 09:44:44,181 [pool-610-thread-1] INFO  server.RaftServerConfigKeys (ConfUtils.java:logGet(43)) - raft.server.leader.election.timeout = 120s (custom)
2019-09-19 09:44:44,181 [pool-610-thread-1] INFO  server.RaftServerConfigKeys (ConfUtils.java:logGet(43)) - raft.server.log.use.memory = false (default)
2019-09-19 09:44:44,181 [pool-610-thread-1] INFO  server.RaftServerConfigKeys (ConfUtils.java:logGet(43)) - raft.server.log.purge.gap = 1000000 (custom)
2019-09-19 09:44:44,181 [pool-610-thread-1] INFO  server.RaftServerConfigKeys (ConfUtils.java:logGet(43)) - raft.server.log.appender.buffer.byte-limit = 33554432 (custom)
2019-09-19 09:44:44,182 [pool-610-thread-1] INFO  server.RaftServerConfigKeys (ConfUtils.java:logGet(43)) - raft.server.log.segment.size.max = 1048576 (custom)
2019-09-19 09:44:44,182 [pool-610-thread-1] INFO  server.RaftServerConfigKeys (ConfUtils.java:logGet(43)) - raft.server.log.segment.cache.num.max = 2 (custom)
2019-09-19 09:44:44,182 [pool-610-thread-1] INFO  segmented.SegmentedRaftLogWorker (SegmentedRaftLogWorker.java:<init>(172)) - new 0835d9f5-0b87-4b65-b1fa-6dc8409d04ae-SegmentedRaftLogWorker:Storage Directory /workdir/hadoop-ozone/ozonefs/target/test-dir/MiniOzoneClusterImpl-dbfea85f-f096-46e2-b73b-2281bdd0ed8c/datanode-0/data/ratis/a1c6ed25-b952-4437-88c9-ea5cdc9f528b for RaftStorage:Storage Directory /workdir/hadoop-ozone/ozonefs/target/test-dir/MiniOzoneClusterImpl-dbfea85f-f096-46e2-b73b-2281bdd0ed8c/datanode-0/data/ratis/a1c6ed25-b952-4437-88c9-ea5cdc9f528b
2019-09-19 09:44:44,182 [pool-610-thread-1] INFO  server.RaftServerConfigKeys (ConfUtils.java:logGet(43)) - raft.server.log.queue.byte-limit = 2147483647 (custom)
2019-09-19 09:44:44,182 [pool-610-thread-1] INFO  server.RaftServerConfigKeys (ConfUtils.java:logGet(43)) - raft.server.log.queue.element-limit = 1024 (custom)
2019-09-19 09:44:44,182 [pool-610-thread-1] INFO  server.RaftServerConfigKeys (ConfUtils.java:logGet(43)) - raft.server.log.segment.size.max = 1048576 (custom)
2019-09-19 09:44:44,182 [pool-610-thread-1] INFO  server.RaftServerConfigKeys (ConfUtils.java:logGet(43)) - raft.server.log.preallocated.size = 16384 (custom)
2019-09-19 09:44:44,182 [pool-610-thread-1] INFO  server.RaftServerConfigKeys (ConfUtils.java:logGet(43)) - raft.server.log.write.buffer.size = 33554432 (custom)
2019-09-19 09:44:44,182 [pool-610-thread-1] INFO  server.RaftServerConfigKeys (ConfUtils.java:logGet(43)) - raft.server.log.force.sync.num = 128 (default)
2019-09-19 09:44:44,182 [pool-610-thread-1] INFO  server.RaftServerConfigKeys (ConfUtils.java:logGet(43)) - raft.server.log.statemachine.data.sync = true (default)
2019-09-19 09:44:44,183 [pool-610-thread-1] INFO  server.RaftServerConfigKeys (ConfUtils.java:logGet(43)) - raft.server.log.statemachine.data.sync.timeout = 10s (default)
2019-09-19 09:44:44,183 [pool-610-thread-1] INFO  server.RaftServerConfigKeys (ConfUtils.java:logGet(43)) - raft.server.log.statemachine.data.sync.timeout.retry = -1 (default)
2019-09-19 09:44:44,183 [pool-610-thread-1] INFO  server.RaftServerConfigKeys (ConfUtils.java:logGet(43)) - raft.server.log.statemachine.data.caching.enabled = true (custom)
2019-09-19 09:44:44,183 [pool-610-thread-1] INFO  segmented.SegmentedRaftLogWorker (SegmentedRaftLogWorker.java:lambda$new$0(132)) - 0835d9f5-0b87-4b65-b1fa-6dc8409d04ae-SegmentedRaftLogWorker:Storage Directory /workdir/hadoop-ozone/ozonefs/target/test-dir/MiniOzoneClusterImpl-dbfea85f-f096-46e2-b73b-2281bdd0ed8c/datanode-0/data/ratis/a1c6ed25-b952-4437-88c9-ea5cdc9f528b: flushIndex: setUnconditionally 0 -> -1
2019-09-19 09:44:44,183 [pool-610-thread-1] INFO  server.RaftServerConfigKeys (ConfUtils.java:logGet(43)) - raft.server.snapshot.auto.trigger.enabled = true (custom)
2019-09-19 09:44:44,183 [pool-610-thread-1] INFO  server.RaftServerConfigKeys (ConfUtils.java:logGet(43)) - raft.server.snapshot.auto.trigger.threshold = 10000 (custom)
2019-09-19 09:44:44,183 [pool-610-thread-1] INFO  server.RaftServerConfigKeys (ConfUtils.java:logGet(43)) - raft.server.retrycache.expirytime = 600000ms (custom)
2019-09-19 09:44:44,184 [pool-610-thread-1] INFO  impl.RaftServerImpl (RaftServerImpl.java:start(180)) - 0835d9f5-0b87-4b65-b1fa-6dc8409d04ae: start group-EA5CDC9F528B
2019-09-19 09:44:44,184 [pool-610-thread-1] INFO  impl.RaftServerImpl (RaftServerImpl.java:setRole(171)) - 0835d9f5-0b87-4b65-b1fa-6dc8409d04ae:group-EA5CDC9F528B changes role from null to FOLLOWER at term 0 for startAsFollower
2019-09-19 09:44:44,184 [pool-610-thread-1] INFO  impl.RoleInfo (RoleInfo.java:updateAndGet(143)) - 0835d9f5-0b87-4b65-b1fa-6dc8409d04ae: start FollowerState
2019-09-19 09:44:44,184 [pool-610-thread-1] INFO  util.JmxRegister (JmxRegister.java:tryRegister(44)) - Successfully registered JMX Bean with object name Ratis:service=RaftServer,group=group-EA5CDC9F528B,id=0835d9f5-0b87-4b65-b1fa-6dc8409d04ae
2019-09-19 09:44:44,186 [RatisPipelineUtilsThread] INFO  pipeline.PipelineStateManager (PipelineStateManager.java:addPipeline(56)) - Created pipeline Pipeline[ Id: a1c6ed25-b952-4437-88c9-ea5cdc9f528b, Nodes: 0835d9f5-0b87-4b65-b1fa-6dc8409d04ae{ip: 192.168.34.5, host: pr-hdds-1569-j4bt4-3030777008, networkLocation: /default-rack, certSerialId: null}, Type:RATIS, Factor:ONE, State:OPEN]
2019-09-19 09:44:44,190 [grpc-default-executor-0] INFO  impl.RaftServerProxy (RaftServerProxy.java:addNew(89)) - 0835d9f5-0b87-4b65-b1fa-6dc8409d04ae: addNew group-D8ED631A0C58:[0835d9f5-0b87-4b65-b1fa-6dc8409d04ae:192.168.34.5:38655] returns group-D8ED631A0C58:java.util.concurrent.CompletableFuture@25760b08[Not completed]
2019-09-19 09:44:44,190 [pool-610-thread-1] INFO  impl.RaftServerImpl (RaftServerImpl.java:<init>(93)) - 0835d9f5-0b87-4b65-b1fa-6dc8409d04ae: new RaftServerImpl for group-D8ED631A0C58:[0835d9f5-0b87-4b65-b1fa-6dc8409d04ae:192.168.34.5:38655] with ContainerStateMachine:uninitialized
2019-09-19 09:44:44,191 [pool-610-thread-1] INFO  server.RaftServerConfigKeys (ConfUtils.java:logGet(43)) - raft.server.rpc.timeout.min = 5s (custom)
2019-09-19 09:44:44,191 [pool-610-thread-1] INFO  server.RaftServerConfigKeys (ConfUtils.java:logGet(43)) - raft.server.rpc.timeout.max = 5200ms (custom)
2019-09-19 09:44:44,191 [pool-610-thread-1] INFO  server.RaftServerConfigKeys (ConfUtils.java:logGet(43)) - raft.server.rpcslowness.timeout = 120s (custom)
2019-09-19 09:44:44,191 [pool-610-thread-1] INFO  server.RaftServerConfigKeys (ConfUtils.java:logGet(43)) - raft.server.sleep.deviation.threshold = 300 (default)
2019-09-19 09:44:44,191 [pool-610-thread-1] INFO  server.RaftServerConfigKeys (ConfUtils.java:logGet(43)) - raft.server.log.appender.install.snapshot.enabled = false (custom)
2019-09-19 09:44:44,191 [pool-610-thread-1] INFO  impl.RaftServerImpl (ServerState.java:<init>(105)) - 0835d9f5-0b87-4b65-b1fa-6dc8409d04ae:group-D8ED631A0C58 ConfigurationManager, init=-1: [0835d9f5-0b87-4b65-b1fa-6dc8409d04ae:192.168.34.5:38655], old=null, confs=<EMPTY_MAP>
2019-09-19 09:44:44,191 [pool-610-thread-1] INFO  server.RaftServerConfigKeys (ConfUtils.java:logGet(43)) - raft.server.storage.dir = [/workdir/hadoop-ozone/ozonefs/target/test-dir/MiniOzoneClusterImpl-dbfea85f-f096-46e2-b73b-2281bdd0ed8c/datanode-0/data/ratis] (custom)
2019-09-19 09:44:44,191 [pool-610-thread-1] INFO  storage.RaftStorageDirectory (RaftStorageDirectory.java:analyzeStorage(246)) - The storage directory /workdir/hadoop-ozone/ozonefs/target/test-dir/MiniOzoneClusterImpl-dbfea85f-f096-46e2-b73b-2281bdd0ed8c/datanode-0/data/ratis/f1806c58-5035-4e53-a1c5-d8ed631a0c58 does not exist. Creating ...
2019-09-19 09:44:44,194 [pool-610-thread-1] INFO  storage.RaftStorageDirectory (RaftStorageDirectory.java:tryLock(328)) - Lock on /workdir/hadoop-ozone/ozonefs/target/test-dir/MiniOzoneClusterImpl-dbfea85f-f096-46e2-b73b-2281bdd0ed8c/datanode-0/data/ratis/f1806c58-5035-4e53-a1c5-d8ed631a0c58/in_use.lock acquired by nodename 24695@pr-hdds-1569-j4bt4-3030777008
2019-09-19 09:44:44,196 [IPC Server handler 0 on 34657] INFO  net.NetworkTopology (NetworkTopologyImpl.java:add(110)) - Added a new node: /default-rack/386624b9-aee6-4a8d-bc49-1445f870a86d
2019-09-19 09:44:44,196 [IPC Server handler 0 on 34657] INFO  node.SCMNodeManager (SCMNodeManager.java:register(273)) - Registered Data node : 386624b9-aee6-4a8d-bc49-1445f870a86d{ip: 192.168.34.5, host: pr-hdds-1569-j4bt4-3030777008, networkLocation: /default-rack, certSerialId: null}
2019-09-19 09:44:44,196 | INFO  | SCMAudit | user=jenkins1000 | ip=192.168.34.5 | op=REGISTER {datanodeDetails=386624b9-aee6-4a8d-bc49-1445f870a86d{ip: 192.168.34.5, host: pr-hdds-1569-j4bt4-3030777008, networkLocation: /default-rack, certSerialId: null}} | ret=SUCCESS |  
2019-09-19 09:44:44,198 [pool-610-thread-1] INFO  storage.RaftStorage (RaftStorage.java:format(72)) - Storage directory /workdir/hadoop-ozone/ozonefs/target/test-dir/MiniOzoneClusterImpl-dbfea85f-f096-46e2-b73b-2281bdd0ed8c/datanode-0/data/ratis/f1806c58-5035-4e53-a1c5-d8ed631a0c58 has been successfully formatted.
2019-09-19 09:44:44,198 [pool-610-thread-1] INFO  ratis.ContainerStateMachine (ContainerStateMachine.java:loadSnapshot(226)) - group-D8ED631A0C58: The snapshot info is null. Setting the last applied indexto:(t:0, i:~)
2019-09-19 09:44:44,198 [pool-610-thread-1] INFO  server.RaftServerConfigKeys (ConfUtils.java:logGet(43)) - raft.server.leader.election.timeout = 120s (custom)
2019-09-19 09:44:44,198 [pool-610-thread-1] INFO  server.RaftServerConfigKeys (ConfUtils.java:logGet(43)) - raft.server.log.use.memory = false (default)
2019-09-19 09:44:44,198 [pool-610-thread-1] INFO  server.RaftServerConfigKeys (ConfUtils.java:logGet(43)) - raft.server.log.purge.gap = 1000000 (custom)
2019-09-19 09:44:44,198 [pool-610-thread-1] INFO  server.RaftServerConfigKeys (ConfUtils.java:logGet(43)) - raft.server.log.appender.buffer.byte-limit = 33554432 (custom)
2019-09-19 09:44:44,198 [pool-610-thread-1] INFO  server.RaftServerConfigKeys (ConfUtils.java:logGet(43)) - raft.server.log.segment.size.max = 1048576 (custom)
2019-09-19 09:44:44,199 [pool-610-thread-1] INFO  server.RaftServerConfigKeys (ConfUtils.java:logGet(43)) - raft.server.log.segment.cache.num.max = 2 (custom)
2019-09-19 09:44:44,199 [pool-610-thread-1] INFO  segmented.SegmentedRaftLogWorker (SegmentedRaftLogWorker.java:<init>(172)) - new 0835d9f5-0b87-4b65-b1fa-6dc8409d04ae-SegmentedRaftLogWorker:Storage Directory /workdir/hadoop-ozone/ozonefs/target/test-dir/MiniOzoneClusterImpl-dbfea85f-f096-46e2-b73b-2281bdd0ed8c/datanode-0/data/ratis/f1806c58-5035-4e53-a1c5-d8ed631a0c58 for RaftStorage:Storage Directory /workdir/hadoop-ozone/ozonefs/target/test-dir/MiniOzoneClusterImpl-dbfea85f-f096-46e2-b73b-2281bdd0ed8c/datanode-0/data/ratis/f1806c58-5035-4e53-a1c5-d8ed631a0c58
2019-09-19 09:44:44,199 [pool-610-thread-1] INFO  server.RaftServerConfigKeys (ConfUtils.java:logGet(43)) - raft.server.log.queue.byte-limit = 2147483647 (custom)
2019-09-19 09:44:44,199 [pool-610-thread-1] INFO  server.RaftServerConfigKeys (ConfUtils.java:logGet(43)) - raft.server.log.queue.element-limit = 1024 (custom)
2019-09-19 09:44:44,199 [pool-610-thread-1] INFO  server.RaftServerConfigKeys (ConfUtils.java:logGet(43)) - raft.server.log.segment.size.max = 1048576 (custom)
2019-09-19 09:44:44,199 [pool-610-thread-1] INFO  server.RaftServerConfigKeys (ConfUtils.java:logGet(43)) - raft.server.log.preallocated.size = 16384 (custom)
2019-09-19 09:44:44,199 [pool-610-thread-1] INFO  server.RaftServerConfigKeys (ConfUtils.java:logGet(43)) - raft.server.log.write.buffer.size = 33554432 (custom)
2019-09-19 09:44:44,199 [pool-610-thread-1] INFO  server.RaftServerConfigKeys (ConfUtils.java:logGet(43)) - raft.server.log.force.sync.num = 128 (default)
2019-09-19 09:44:44,199 [pool-610-thread-1] INFO  server.RaftServerConfigKeys (ConfUtils.java:logGet(43)) - raft.server.log.statemachine.data.sync = true (default)
2019-09-19 09:44:44,199 [pool-610-thread-1] INFO  server.RaftServerConfigKeys (ConfUtils.java:logGet(43)) - raft.server.log.statemachine.data.sync.timeout = 10s (default)
2019-09-19 09:44:44,199 [pool-610-thread-1] INFO  server.RaftServerConfigKeys (ConfUtils.java:logGet(43)) - raft.server.log.statemachine.data.sync.timeout.retry = -1 (default)
2019-09-19 09:44:44,200 [pool-610-thread-1] INFO  server.RaftServerConfigKeys (ConfUtils.java:logGet(43)) - raft.server.log.statemachine.data.caching.enabled = true (custom)
2019-09-19 09:44:44,200 [pool-610-thread-1] INFO  segmented.SegmentedRaftLogWorker (SegmentedRaftLogWorker.java:lambda$new$0(132)) - 0835d9f5-0b87-4b65-b1fa-6dc8409d04ae-SegmentedRaftLogWorker:Storage Directory /workdir/hadoop-ozone/ozonefs/target/test-dir/MiniOzoneClusterImpl-dbfea85f-f096-46e2-b73b-2281bdd0ed8c/datanode-0/data/ratis/f1806c58-5035-4e53-a1c5-d8ed631a0c58: flushIndex: setUnconditionally 0 -> -1
2019-09-19 09:44:44,200 [pool-610-thread-1] INFO  server.RaftServerConfigKeys (ConfUtils.java:logGet(43)) - raft.server.snapshot.auto.trigger.enabled = true (custom)
2019-09-19 09:44:44,200 [pool-610-thread-1] INFO  server.RaftServerConfigKeys (ConfUtils.java:logGet(43)) - raft.server.snapshot.auto.trigger.threshold = 10000 (custom)
2019-09-19 09:44:44,200 [pool-610-thread-1] INFO  server.RaftServerConfigKeys (ConfUtils.java:logGet(43)) - raft.server.retrycache.expirytime = 600000ms (custom)
2019-09-19 09:44:44,200 [pool-610-thread-1] INFO  impl.RaftServerImpl (RaftServerImpl.java:start(180)) - 0835d9f5-0b87-4b65-b1fa-6dc8409d04ae: start group-D8ED631A0C58
2019-09-19 09:44:44,200 [pool-610-thread-1] INFO  impl.RaftServerImpl (RaftServerImpl.java:setRole(171)) - 0835d9f5-0b87-4b65-b1fa-6dc8409d04ae:group-D8ED631A0C58 changes role from null to FOLLOWER at term 0 for startAsFollower
2019-09-19 09:44:44,201 [pool-610-thread-1] INFO  impl.RoleInfo (RoleInfo.java:updateAndGet(143)) - 0835d9f5-0b87-4b65-b1fa-6dc8409d04ae: start FollowerState
2019-09-19 09:44:44,201 [pool-610-thread-1] INFO  util.JmxRegister (JmxRegister.java:tryRegister(44)) - Successfully registered JMX Bean with object name Ratis:service=RaftServer,group=group-D8ED631A0C58,id=0835d9f5-0b87-4b65-b1fa-6dc8409d04ae
2019-09-19 09:44:44,202 [RatisPipelineUtilsThread] INFO  pipeline.PipelineStateManager (PipelineStateManager.java:addPipeline(56)) - Created pipeline Pipeline[ Id: f1806c58-5035-4e53-a1c5-d8ed631a0c58, Nodes: 0835d9f5-0b87-4b65-b1fa-6dc8409d04ae{ip: 192.168.34.5, host: pr-hdds-1569-j4bt4-3030777008, networkLocation: /default-rack, certSerialId: null}, Type:RATIS, Factor:ONE, State:OPEN]
2019-09-19 09:44:44,203 [RatisPipelineUtilsThread] ERROR pipeline.PipelinePlacementPolicy (PipelinePlacementPolicy.java:meetCriteria(91)) - Pipeline Placement: Doesn't meet the criteria to be viable node. Heaviness: 6
2019-09-19 09:44:44,209 [grpc-default-executor-0] INFO  impl.RaftServerProxy (RaftServerProxy.java:addNew(89)) - 386624b9-aee6-4a8d-bc49-1445f870a86d: addNew group-453CF02E4214:[386624b9-aee6-4a8d-bc49-1445f870a86d:192.168.34.5:45075] returns group-453CF02E4214:java.util.concurrent.CompletableFuture@64be5f12[Not completed]
2019-09-19 09:44:44,210 [pool-621-thread-1] INFO  impl.RaftServerImpl (RaftServerImpl.java:<init>(93)) - 386624b9-aee6-4a8d-bc49-1445f870a86d: new RaftServerImpl for group-453CF02E4214:[386624b9-aee6-4a8d-bc49-1445f870a86d:192.168.34.5:45075] with ContainerStateMachine:uninitialized
2019-09-19 09:44:44,210 [pool-621-thread-1] INFO  server.RaftServerConfigKeys (ConfUtils.java:logGet(43)) - raft.server.rpc.timeout.min = 5s (custom)
2019-09-19 09:44:44,210 [pool-621-thread-1] INFO  server.RaftServerConfigKeys (ConfUtils.java:logGet(43)) - raft.server.rpc.timeout.max = 5200ms (custom)
2019-09-19 09:44:44,210 [pool-621-thread-1] INFO  server.RaftServerConfigKeys (ConfUtils.java:logGet(43)) - raft.server.rpcslowness.timeout = 120s (custom)
2019-09-19 09:44:44,210 [pool-621-thread-1] INFO  server.RaftServerConfigKeys (ConfUtils.java:logGet(43)) - raft.server.sleep.deviation.threshold = 300 (default)
2019-09-19 09:44:44,210 [pool-621-thread-1] INFO  server.RaftServerConfigKeys (ConfUtils.java:logGet(43)) - raft.server.log.appender.install.snapshot.enabled = false (custom)
2019-09-19 09:44:44,210 [pool-621-thread-1] INFO  impl.RaftServerImpl (ServerState.java:<init>(105)) - 386624b9-aee6-4a8d-bc49-1445f870a86d:group-453CF02E4214 ConfigurationManager, init=-1: [386624b9-aee6-4a8d-bc49-1445f870a86d:192.168.34.5:45075], old=null, confs=<EMPTY_MAP>
2019-09-19 09:44:44,210 [pool-621-thread-1] INFO  server.RaftServerConfigKeys (ConfUtils.java:logGet(43)) - raft.server.storage.dir = [/workdir/hadoop-ozone/ozonefs/target/test-dir/MiniOzoneClusterImpl-dbfea85f-f096-46e2-b73b-2281bdd0ed8c/datanode-1/data/ratis] (custom)
2019-09-19 09:44:44,210 [pool-621-thread-1] INFO  storage.RaftStorageDirectory (RaftStorageDirectory.java:analyzeStorage(246)) - The storage directory /workdir/hadoop-ozone/ozonefs/target/test-dir/MiniOzoneClusterImpl-dbfea85f-f096-46e2-b73b-2281bdd0ed8c/datanode-1/data/ratis/0c59b770-a8c2-4f8e-8723-453cf02e4214 does not exist. Creating ...
2019-09-19 09:44:44,219 [pool-621-thread-1] INFO  storage.RaftStorageDirectory (RaftStorageDirectory.java:tryLock(328)) - Lock on /workdir/hadoop-ozone/ozonefs/target/test-dir/MiniOzoneClusterImpl-dbfea85f-f096-46e2-b73b-2281bdd0ed8c/datanode-1/data/ratis/0c59b770-a8c2-4f8e-8723-453cf02e4214/in_use.lock acquired by nodename 24695@pr-hdds-1569-j4bt4-3030777008
2019-09-19 09:44:44,231 [pool-621-thread-1] INFO  storage.RaftStorage (RaftStorage.java:format(72)) - Storage directory /workdir/hadoop-ozone/ozonefs/target/test-dir/MiniOzoneClusterImpl-dbfea85f-f096-46e2-b73b-2281bdd0ed8c/datanode-1/data/ratis/0c59b770-a8c2-4f8e-8723-453cf02e4214 has been successfully formatted.
2019-09-19 09:44:44,232 [pool-621-thread-1] INFO  ratis.ContainerStateMachine (ContainerStateMachine.java:loadSnapshot(226)) - group-453CF02E4214: The snapshot info is null. Setting the last applied indexto:(t:0, i:~)
2019-09-19 09:44:44,232 [pool-621-thread-1] INFO  server.RaftServerConfigKeys (ConfUtils.java:logGet(43)) - raft.server.leader.election.timeout = 120s (custom)
2019-09-19 09:44:44,232 [pool-621-thread-1] INFO  server.RaftServerConfigKeys (ConfUtils.java:logGet(43)) - raft.server.log.use.memory = false (default)
2019-09-19 09:44:44,232 [pool-621-thread-1] INFO  server.RaftServerConfigKeys (ConfUtils.java:logGet(43)) - raft.server.log.purge.gap = 1000000 (custom)
2019-09-19 09:44:44,232 [pool-621-thread-1] INFO  server.RaftServerConfigKeys (ConfUtils.java:logGet(43)) - raft.server.log.appender.buffer.byte-limit = 33554432 (custom)
2019-09-19 09:44:44,232 [pool-621-thread-1] INFO  server.RaftServerConfigKeys (ConfUtils.java:logGet(43)) - raft.server.log.segment.size.max = 1048576 (custom)
2019-09-19 09:44:44,232 [pool-621-thread-1] INFO  server.RaftServerConfigKeys (ConfUtils.java:logGet(43)) - raft.server.log.segment.cache.num.max = 2 (custom)
2019-09-19 09:44:44,232 [pool-621-thread-1] INFO  segmented.SegmentedRaftLogWorker (SegmentedRaftLogWorker.java:<init>(172)) - new 386624b9-aee6-4a8d-bc49-1445f870a86d-SegmentedRaftLogWorker:Storage Directory /workdir/hadoop-ozone/ozonefs/target/test-dir/MiniOzoneClusterImpl-dbfea85f-f096-46e2-b73b-2281bdd0ed8c/datanode-1/data/ratis/0c59b770-a8c2-4f8e-8723-453cf02e4214 for RaftStorage:Storage Directory /workdir/hadoop-ozone/ozonefs/target/test-dir/MiniOzoneClusterImpl-dbfea85f-f096-46e2-b73b-2281bdd0ed8c/datanode-1/data/ratis/0c59b770-a8c2-4f8e-8723-453cf02e4214
2019-09-19 09:44:44,232 [pool-621-thread-1] INFO  server.RaftServerConfigKeys (ConfUtils.java:logGet(43)) - raft.server.log.queue.byte-limit = 2147483647 (custom)
2019-09-19 09:44:44,232 [pool-621-thread-1] INFO  server.RaftServerConfigKeys (ConfUtils.java:logGet(43)) - raft.server.log.queue.element-limit = 1024 (custom)
2019-09-19 09:44:44,233 [pool-621-thread-1] INFO  server.RaftServerConfigKeys (ConfUtils.java:logGet(43)) - raft.server.log.segment.size.max = 1048576 (custom)
2019-09-19 09:44:44,233 [pool-621-thread-1] INFO  server.RaftServerConfigKeys (ConfUtils.java:logGet(43)) - raft.server.log.preallocated.size = 16384 (custom)
2019-09-19 09:44:44,233 [pool-621-thread-1] INFO  server.RaftServerConfigKeys (ConfUtils.java:logGet(43)) - raft.server.log.write.buffer.size = 33554432 (custom)
2019-09-19 09:44:44,233 [pool-621-thread-1] INFO  server.RaftServerConfigKeys (ConfUtils.java:logGet(43)) - raft.server.log.force.sync.num = 128 (default)
2019-09-19 09:44:44,233 [pool-621-thread-1] INFO  server.RaftServerConfigKeys (ConfUtils.java:logGet(43)) - raft.server.log.statemachine.data.sync = true (default)
2019-09-19 09:44:44,233 [pool-621-thread-1] INFO  server.RaftServerConfigKeys (ConfUtils.java:logGet(43)) - raft.server.log.statemachine.data.sync.timeout = 10s (default)
2019-09-19 09:44:44,233 [pool-621-thread-1] INFO  server.RaftServerConfigKeys (ConfUtils.java:logGet(43)) - raft.server.log.statemachine.data.sync.timeout.retry = -1 (default)
2019-09-19 09:44:44,233 [pool-621-thread-1] INFO  server.RaftServerConfigKeys (ConfUtils.java:logGet(43)) - raft.server.log.statemachine.data.caching.enabled = true (custom)
2019-09-19 09:44:44,233 [pool-621-thread-1] INFO  segmented.SegmentedRaftLogWorker (SegmentedRaftLogWorker.java:lambda$new$0(132)) - 386624b9-aee6-4a8d-bc49-1445f870a86d-SegmentedRaftLogWorker:Storage Directory /workdir/hadoop-ozone/ozonefs/target/test-dir/MiniOzoneClusterImpl-dbfea85f-f096-46e2-b73b-2281bdd0ed8c/datanode-1/data/ratis/0c59b770-a8c2-4f8e-8723-453cf02e4214: flushIndex: setUnconditionally 0 -> -1
2019-09-19 09:44:44,234 [pool-621-thread-1] INFO  server.RaftServerConfigKeys (ConfUtils.java:logGet(43)) - raft.server.snapshot.auto.trigger.enabled = true (custom)
2019-09-19 09:44:44,234 [pool-621-thread-1] INFO  server.RaftServerConfigKeys (ConfUtils.java:logGet(43)) - raft.server.snapshot.auto.trigger.threshold = 10000 (custom)
2019-09-19 09:44:44,234 [pool-621-thread-1] INFO  server.RaftServerConfigKeys (ConfUtils.java:logGet(43)) - raft.server.retrycache.expirytime = 600000ms (custom)
2019-09-19 09:44:44,234 [pool-621-thread-1] INFO  impl.RaftServerImpl (RaftServerImpl.java:start(180)) - 386624b9-aee6-4a8d-bc49-1445f870a86d: start group-453CF02E4214
2019-09-19 09:44:44,234 [pool-621-thread-1] INFO  impl.RaftServerImpl (RaftServerImpl.java:setRole(171)) - 386624b9-aee6-4a8d-bc49-1445f870a86d:group-453CF02E4214 changes role from null to FOLLOWER at term 0 for startAsFollower
2019-09-19 09:44:44,234 [pool-621-thread-1] INFO  impl.RoleInfo (RoleInfo.java:updateAndGet(143)) - 386624b9-aee6-4a8d-bc49-1445f870a86d: start FollowerState
2019-09-19 09:44:44,234 [pool-621-thread-1] INFO  util.JmxRegister (JmxRegister.java:tryRegister(44)) - Successfully registered JMX Bean with object name Ratis:service=RaftServer,group=group-453CF02E4214,id=386624b9-aee6-4a8d-bc49-1445f870a86d
2019-09-19 09:44:44,236 [RatisPipelineUtilsThread] INFO  pipeline.PipelineStateManager (PipelineStateManager.java:addPipeline(56)) - Created pipeline Pipeline[ Id: 0c59b770-a8c2-4f8e-8723-453cf02e4214, Nodes: 386624b9-aee6-4a8d-bc49-1445f870a86d{ip: 192.168.34.5, host: pr-hdds-1569-j4bt4-3030777008, networkLocation: /default-rack, certSerialId: null}, Type:RATIS, Factor:ONE, State:OPEN]
2019-09-19 09:44:44,237 [RatisPipelineUtilsThread] ERROR pipeline.PipelinePlacementPolicy (PipelinePlacementPolicy.java:meetCriteria(91)) - Pipeline Placement: Doesn't meet the criteria to be viable node. Heaviness: 6
2019-09-19 09:44:44,241 [grpc-default-executor-0] INFO  impl.RaftServerProxy (RaftServerProxy.java:addNew(89)) - 386624b9-aee6-4a8d-bc49-1445f870a86d: addNew group-188747779335:[386624b9-aee6-4a8d-bc49-1445f870a86d:192.168.34.5:45075] returns group-188747779335:java.util.concurrent.CompletableFuture@2826ee79[Not completed]
2019-09-19 09:44:44,241 [pool-621-thread-1] INFO  impl.RaftServerImpl (RaftServerImpl.java:<init>(93)) - 386624b9-aee6-4a8d-bc49-1445f870a86d: new RaftServerImpl for group-188747779335:[386624b9-aee6-4a8d-bc49-1445f870a86d:192.168.34.5:45075] with ContainerStateMachine:uninitialized
2019-09-19 09:44:44,241 [pool-621-thread-1] INFO  server.RaftServerConfigKeys (ConfUtils.java:logGet(43)) - raft.server.rpc.timeout.min = 5s (custom)
2019-09-19 09:44:44,241 [pool-621-thread-1] INFO  server.RaftServerConfigKeys (ConfUtils.java:logGet(43)) - raft.server.rpc.timeout.max = 5200ms (custom)
2019-09-19 09:44:44,241 [pool-621-thread-1] INFO  server.RaftServerConfigKeys (ConfUtils.java:logGet(43)) - raft.server.rpcslowness.timeout = 120s (custom)
2019-09-19 09:44:44,241 [pool-621-thread-1] INFO  server.RaftServerConfigKeys (ConfUtils.java:logGet(43)) - raft.server.sleep.deviation.threshold = 300 (default)
2019-09-19 09:44:44,242 [pool-621-thread-1] INFO  server.RaftServerConfigKeys (ConfUtils.java:logGet(43)) - raft.server.log.appender.install.snapshot.enabled = false (custom)
2019-09-19 09:44:44,242 [pool-621-thread-1] INFO  impl.RaftServerImpl (ServerState.java:<init>(105)) - 386624b9-aee6-4a8d-bc49-1445f870a86d:group-188747779335 ConfigurationManager, init=-1: [386624b9-aee6-4a8d-bc49-1445f870a86d:192.168.34.5:45075], old=null, confs=<EMPTY_MAP>
2019-09-19 09:44:44,242 [pool-621-thread-1] INFO  server.RaftServerConfigKeys (ConfUtils.java:logGet(43)) - raft.server.storage.dir = [/workdir/hadoop-ozone/ozonefs/target/test-dir/MiniOzoneClusterImpl-dbfea85f-f096-46e2-b73b-2281bdd0ed8c/datanode-1/data/ratis] (custom)
2019-09-19 09:44:44,242 [pool-621-thread-1] INFO  storage.RaftStorageDirectory (RaftStorageDirectory.java:analyzeStorage(246)) - The storage directory /workdir/hadoop-ozone/ozonefs/target/test-dir/MiniOzoneClusterImpl-dbfea85f-f096-46e2-b73b-2281bdd0ed8c/datanode-1/data/ratis/63fce884-0c58-4860-907b-188747779335 does not exist. Creating ...
2019-09-19 09:44:44,248 [pool-621-thread-1] INFO  storage.RaftStorageDirectory (RaftStorageDirectory.java:tryLock(328)) - Lock on /workdir/hadoop-ozone/ozonefs/target/test-dir/MiniOzoneClusterImpl-dbfea85f-f096-46e2-b73b-2281bdd0ed8c/datanode-1/data/ratis/63fce884-0c58-4860-907b-188747779335/in_use.lock acquired by nodename 24695@pr-hdds-1569-j4bt4-3030777008
2019-09-19 09:44:44,261 [pool-621-thread-1] INFO  storage.RaftStorage (RaftStorage.java:format(72)) - Storage directory /workdir/hadoop-ozone/ozonefs/target/test-dir/MiniOzoneClusterImpl-dbfea85f-f096-46e2-b73b-2281bdd0ed8c/datanode-1/data/ratis/63fce884-0c58-4860-907b-188747779335 has been successfully formatted.
2019-09-19 09:44:44,261 [pool-621-thread-1] INFO  ratis.ContainerStateMachine (ContainerStateMachine.java:loadSnapshot(226)) - group-188747779335: The snapshot info is null. Setting the last applied indexto:(t:0, i:~)
2019-09-19 09:44:44,261 [pool-621-thread-1] INFO  server.RaftServerConfigKeys (ConfUtils.java:logGet(43)) - raft.server.leader.election.timeout = 120s (custom)
2019-09-19 09:44:44,261 [pool-621-thread-1] INFO  server.RaftServerConfigKeys (ConfUtils.java:logGet(43)) - raft.server.log.use.memory = false (default)
2019-09-19 09:44:44,261 [pool-621-thread-1] INFO  server.RaftServerConfigKeys (ConfUtils.java:logGet(43)) - raft.server.log.purge.gap = 1000000 (custom)
2019-09-19 09:44:44,261 [pool-621-thread-1] INFO  server.RaftServerConfigKeys (ConfUtils.java:logGet(43)) - raft.server.log.appender.buffer.byte-limit = 33554432 (custom)
2019-09-19 09:44:44,261 [pool-621-thread-1] INFO  server.RaftServerConfigKeys (ConfUtils.java:logGet(43)) - raft.server.log.segment.size.max = 1048576 (custom)
2019-09-19 09:44:44,261 [pool-621-thread-1] INFO  server.RaftServerConfigKeys (ConfUtils.java:logGet(43)) - raft.server.log.segment.cache.num.max = 2 (custom)
2019-09-19 09:44:44,261 [pool-621-thread-1] INFO  segmented.SegmentedRaftLogWorker (SegmentedRaftLogWorker.java:<init>(172)) - new 386624b9-aee6-4a8d-bc49-1445f870a86d-SegmentedRaftLogWorker:Storage Directory /workdir/hadoop-ozone/ozonefs/target/test-dir/MiniOzoneClusterImpl-dbfea85f-f096-46e2-b73b-2281bdd0ed8c/datanode-1/data/ratis/63fce884-0c58-4860-907b-188747779335 for RaftStorage:Storage Directory /workdir/hadoop-ozone/ozonefs/target/test-dir/MiniOzoneClusterImpl-dbfea85f-f096-46e2-b73b-2281bdd0ed8c/datanode-1/data/ratis/63fce884-0c58-4860-907b-188747779335
2019-09-19 09:44:44,261 [pool-621-thread-1] INFO  server.RaftServerConfigKeys (ConfUtils.java:logGet(43)) - raft.server.log.queue.byte-limit = 2147483647 (custom)
2019-09-19 09:44:44,261 [pool-621-thread-1] INFO  server.RaftServerConfigKeys (ConfUtils.java:logGet(43)) - raft.server.log.queue.element-limit = 1024 (custom)
2019-09-19 09:44:44,262 [pool-621-thread-1] INFO  server.RaftServerConfigKeys (ConfUtils.java:logGet(43)) - raft.server.log.segment.size.max = 1048576 (custom)
2019-09-19 09:44:44,262 [pool-621-thread-1] INFO  server.RaftServerConfigKeys (ConfUtils.java:logGet(43)) - raft.server.log.preallocated.size = 16384 (custom)
2019-09-19 09:44:44,262 [pool-621-thread-1] INFO  server.RaftServerConfigKeys (ConfUtils.java:logGet(43)) - raft.server.log.write.buffer.size = 33554432 (custom)
2019-09-19 09:44:44,262 [pool-621-thread-1] INFO  server.RaftServerConfigKeys (ConfUtils.java:logGet(43)) - raft.server.log.force.sync.num = 128 (default)
2019-09-19 09:44:44,262 [pool-621-thread-1] INFO  server.RaftServerConfigKeys (ConfUtils.java:logGet(43)) - raft.server.log.statemachine.data.sync = true (default)
2019-09-19 09:44:44,262 [pool-621-thread-1] INFO  server.RaftServerConfigKeys (ConfUtils.java:logGet(43)) - raft.server.log.statemachine.data.sync.timeout = 10s (default)
2019-09-19 09:44:44,262 [pool-621-thread-1] INFO  server.RaftServerConfigKeys (ConfUtils.java:logGet(43)) - raft.server.log.statemachine.data.sync.timeout.retry = -1 (default)
2019-09-19 09:44:44,262 [pool-621-thread-1] INFO  server.RaftServerConfigKeys (ConfUtils.java:logGet(43)) - raft.server.log.statemachine.data.caching.enabled = true (custom)
2019-09-19 09:44:44,262 [pool-621-thread-1] INFO  segmented.SegmentedRaftLogWorker (SegmentedRaftLogWorker.java:lambda$new$0(132)) - 386624b9-aee6-4a8d-bc49-1445f870a86d-SegmentedRaftLogWorker:Storage Directory /workdir/hadoop-ozone/ozonefs/target/test-dir/MiniOzoneClusterImpl-dbfea85f-f096-46e2-b73b-2281bdd0ed8c/datanode-1/data/ratis/63fce884-0c58-4860-907b-188747779335: flushIndex: setUnconditionally 0 -> -1
2019-09-19 09:44:44,263 [pool-621-thread-1] INFO  server.RaftServerConfigKeys (ConfUtils.java:logGet(43)) - raft.server.snapshot.auto.trigger.enabled = true (custom)
2019-09-19 09:44:44,263 [pool-621-thread-1] INFO  server.RaftServerConfigKeys (ConfUtils.java:logGet(43)) - raft.server.snapshot.auto.trigger.threshold = 10000 (custom)
2019-09-19 09:44:44,263 [pool-621-thread-1] INFO  server.RaftServerConfigKeys (ConfUtils.java:logGet(43)) - raft.server.retrycache.expirytime = 600000ms (custom)
2019-09-19 09:44:44,263 [pool-621-thread-1] INFO  impl.RaftServerImpl (RaftServerImpl.java:start(180)) - 386624b9-aee6-4a8d-bc49-1445f870a86d: start group-188747779335
2019-09-19 09:44:44,263 [pool-621-thread-1] INFO  impl.RaftServerImpl (RaftServerImpl.java:setRole(171)) - 386624b9-aee6-4a8d-bc49-1445f870a86d:group-188747779335 changes role from null to FOLLOWER at term 0 for startAsFollower
2019-09-19 09:44:44,263 [pool-621-thread-1] INFO  impl.RoleInfo (RoleInfo.java:updateAndGet(143)) - 386624b9-aee6-4a8d-bc49-1445f870a86d: start FollowerState
2019-09-19 09:44:44,263 [pool-621-thread-1] INFO  util.JmxRegister (JmxRegister.java:tryRegister(44)) - Successfully registered JMX Bean with object name Ratis:service=RaftServer,group=group-188747779335,id=386624b9-aee6-4a8d-bc49-1445f870a86d
2019-09-19 09:44:44,265 [RatisPipelineUtilsThread] INFO  pipeline.PipelineStateManager (PipelineStateManager.java:addPipeline(56)) - Created pipeline Pipeline[ Id: 63fce884-0c58-4860-907b-188747779335, Nodes: 386624b9-aee6-4a8d-bc49-1445f870a86d{ip: 192.168.34.5, host: pr-hdds-1569-j4bt4-3030777008, networkLocation: /default-rack, certSerialId: null}, Type:RATIS, Factor:ONE, State:OPEN]
2019-09-19 09:44:44,265 [RatisPipelineUtilsThread] ERROR pipeline.PipelinePlacementPolicy (PipelinePlacementPolicy.java:meetCriteria(91)) - Pipeline Placement: Doesn't meet the criteria to be viable node. Heaviness: 6
2019-09-19 09:44:44,269 [grpc-default-executor-0] INFO  impl.RaftServerProxy (RaftServerProxy.java:addNew(89)) - 386624b9-aee6-4a8d-bc49-1445f870a86d: addNew group-F040B753D308:[386624b9-aee6-4a8d-bc49-1445f870a86d:192.168.34.5:45075] returns group-F040B753D308:java.util.concurrent.CompletableFuture@1e9536d9[Not completed]
2019-09-19 09:44:44,270 [pool-621-thread-1] INFO  impl.RaftServerImpl (RaftServerImpl.java:<init>(93)) - 386624b9-aee6-4a8d-bc49-1445f870a86d: new RaftServerImpl for group-F040B753D308:[386624b9-aee6-4a8d-bc49-1445f870a86d:192.168.34.5:45075] with ContainerStateMachine:uninitialized
2019-09-19 09:44:44,270 [pool-621-thread-1] INFO  server.RaftServerConfigKeys (ConfUtils.java:logGet(43)) - raft.server.rpc.timeout.min = 5s (custom)
2019-09-19 09:44:44,270 [pool-621-thread-1] INFO  server.RaftServerConfigKeys (ConfUtils.java:logGet(43)) - raft.server.rpc.timeout.max = 5200ms (custom)
2019-09-19 09:44:44,270 [pool-621-thread-1] INFO  server.RaftServerConfigKeys (ConfUtils.java:logGet(43)) - raft.server.rpcslowness.timeout = 120s (custom)
2019-09-19 09:44:44,270 [pool-621-thread-1] INFO  server.RaftServerConfigKeys (ConfUtils.java:logGet(43)) - raft.server.sleep.deviation.threshold = 300 (default)
2019-09-19 09:44:44,270 [pool-621-thread-1] INFO  server.RaftServerConfigKeys (ConfUtils.java:logGet(43)) - raft.server.log.appender.install.snapshot.enabled = false (custom)
2019-09-19 09:44:44,270 [pool-621-thread-1] INFO  impl.RaftServerImpl (ServerState.java:<init>(105)) - 386624b9-aee6-4a8d-bc49-1445f870a86d:group-F040B753D308 ConfigurationManager, init=-1: [386624b9-aee6-4a8d-bc49-1445f870a86d:192.168.34.5:45075], old=null, confs=<EMPTY_MAP>
2019-09-19 09:44:44,270 [pool-621-thread-1] INFO  server.RaftServerConfigKeys (ConfUtils.java:logGet(43)) - raft.server.storage.dir = [/workdir/hadoop-ozone/ozonefs/target/test-dir/MiniOzoneClusterImpl-dbfea85f-f096-46e2-b73b-2281bdd0ed8c/datanode-1/data/ratis] (custom)
2019-09-19 09:44:44,271 [pool-621-thread-1] INFO  storage.RaftStorageDirectory (RaftStorageDirectory.java:analyzeStorage(246)) - The storage directory /workdir/hadoop-ozone/ozonefs/target/test-dir/MiniOzoneClusterImpl-dbfea85f-f096-46e2-b73b-2281bdd0ed8c/datanode-1/data/ratis/07bdc449-65ee-4702-9bea-f040b753d308 does not exist. Creating ...
2019-09-19 09:44:44,283 [pool-621-thread-1] INFO  storage.RaftStorageDirectory (RaftStorageDirectory.java:tryLock(328)) - Lock on /workdir/hadoop-ozone/ozonefs/target/test-dir/MiniOzoneClusterImpl-dbfea85f-f096-46e2-b73b-2281bdd0ed8c/datanode-1/data/ratis/07bdc449-65ee-4702-9bea-f040b753d308/in_use.lock acquired by nodename 24695@pr-hdds-1569-j4bt4-3030777008
2019-09-19 09:44:44,296 [pool-621-thread-1] INFO  storage.RaftStorage (RaftStorage.java:format(72)) - Storage directory /workdir/hadoop-ozone/ozonefs/target/test-dir/MiniOzoneClusterImpl-dbfea85f-f096-46e2-b73b-2281bdd0ed8c/datanode-1/data/ratis/07bdc449-65ee-4702-9bea-f040b753d308 has been successfully formatted.
2019-09-19 09:44:44,297 [pool-621-thread-1] INFO  ratis.ContainerStateMachine (ContainerStateMachine.java:loadSnapshot(226)) - group-F040B753D308: The snapshot info is null. Setting the last applied indexto:(t:0, i:~)
2019-09-19 09:44:44,297 [pool-621-thread-1] INFO  server.RaftServerConfigKeys (ConfUtils.java:logGet(43)) - raft.server.leader.election.timeout = 120s (custom)
2019-09-19 09:44:44,297 [pool-621-thread-1] INFO  server.RaftServerConfigKeys (ConfUtils.java:logGet(43)) - raft.server.log.use.memory = false (default)
2019-09-19 09:44:44,297 [pool-621-thread-1] INFO  server.RaftServerConfigKeys (ConfUtils.java:logGet(43)) - raft.server.log.purge.gap = 1000000 (custom)
2019-09-19 09:44:44,297 [pool-621-thread-1] INFO  server.RaftServerConfigKeys (ConfUtils.java:logGet(43)) - raft.server.log.appender.buffer.byte-limit = 33554432 (custom)
2019-09-19 09:44:44,297 [pool-621-thread-1] INFO  server.RaftServerConfigKeys (ConfUtils.java:logGet(43)) - raft.server.log.segment.size.max = 1048576 (custom)
2019-09-19 09:44:44,297 [pool-621-thread-1] INFO  server.RaftServerConfigKeys (ConfUtils.java:logGet(43)) - raft.server.log.segment.cache.num.max = 2 (custom)
2019-09-19 09:44:44,297 [pool-621-thread-1] INFO  segmented.SegmentedRaftLogWorker (SegmentedRaftLogWorker.java:<init>(172)) - new 386624b9-aee6-4a8d-bc49-1445f870a86d-SegmentedRaftLogWorker:Storage Directory /workdir/hadoop-ozone/ozonefs/target/test-dir/MiniOzoneClusterImpl-dbfea85f-f096-46e2-b73b-2281bdd0ed8c/datanode-1/data/ratis/07bdc449-65ee-4702-9bea-f040b753d308 for RaftStorage:Storage Directory /workdir/hadoop-ozone/ozonefs/target/test-dir/MiniOzoneClusterImpl-dbfea85f-f096-46e2-b73b-2281bdd0ed8c/datanode-1/data/ratis/07bdc449-65ee-4702-9bea-f040b753d308
2019-09-19 09:44:44,297 [pool-621-thread-1] INFO  server.RaftServerConfigKeys (ConfUtils.java:logGet(43)) - raft.server.log.queue.byte-limit = 2147483647 (custom)
2019-09-19 09:44:44,297 [pool-621-thread-1] INFO  server.RaftServerConfigKeys (ConfUtils.java:logGet(43)) - raft.server.log.queue.element-limit = 1024 (custom)
2019-09-19 09:44:44,297 [pool-621-thread-1] INFO  server.RaftServerConfigKeys (ConfUtils.java:logGet(43)) - raft.server.log.segment.size.max = 1048576 (custom)
2019-09-19 09:44:44,297 [pool-621-thread-1] INFO  server.RaftServerConfigKeys (ConfUtils.java:logGet(43)) - raft.server.log.preallocated.size = 16384 (custom)
2019-09-19 09:44:44,298 [pool-621-thread-1] INFO  server.RaftServerConfigKeys (ConfUtils.java:logGet(43)) - raft.server.log.write.buffer.size = 33554432 (custom)
2019-09-19 09:44:44,298 [pool-621-thread-1] INFO  server.RaftServerConfigKeys (ConfUtils.java:logGet(43)) - raft.server.log.force.sync.num = 128 (default)
2019-09-19 09:44:44,298 [pool-621-thread-1] INFO  server.RaftServerConfigKeys (ConfUtils.java:logGet(43)) - raft.server.log.statemachine.data.sync = true (default)
2019-09-19 09:44:44,298 [pool-621-thread-1] INFO  server.RaftServerConfigKeys (ConfUtils.java:logGet(43)) - raft.server.log.statemachine.data.sync.timeout = 10s (default)
2019-09-19 09:44:44,298 [pool-621-thread-1] INFO  server.RaftServerConfigKeys (ConfUtils.java:logGet(43)) - raft.server.log.statemachine.data.sync.timeout.retry = -1 (default)
2019-09-19 09:44:44,298 [pool-621-thread-1] INFO  server.RaftServerConfigKeys (ConfUtils.java:logGet(43)) - raft.server.log.statemachine.data.caching.enabled = true (custom)
2019-09-19 09:44:44,298 [pool-621-thread-1] INFO  segmented.SegmentedRaftLogWorker (SegmentedRaftLogWorker.java:lambda$new$0(132)) - 386624b9-aee6-4a8d-bc49-1445f870a86d-SegmentedRaftLogWorker:Storage Directory /workdir/hadoop-ozone/ozonefs/target/test-dir/MiniOzoneClusterImpl-dbfea85f-f096-46e2-b73b-2281bdd0ed8c/datanode-1/data/ratis/07bdc449-65ee-4702-9bea-f040b753d308: flushIndex: setUnconditionally 0 -> -1
2019-09-19 09:44:44,298 [pool-621-thread-1] INFO  server.RaftServerConfigKeys (ConfUtils.java:logGet(43)) - raft.server.snapshot.auto.trigger.enabled = true (custom)
2019-09-19 09:44:44,298 [pool-621-thread-1] INFO  server.RaftServerConfigKeys (ConfUtils.java:logGet(43)) - raft.server.snapshot.auto.trigger.threshold = 10000 (custom)
2019-09-19 09:44:44,299 [pool-621-thread-1] INFO  server.RaftServerConfigKeys (ConfUtils.java:logGet(43)) - raft.server.retrycache.expirytime = 600000ms (custom)
2019-09-19 09:44:44,299 [pool-621-thread-1] INFO  impl.RaftServerImpl (RaftServerImpl.java:start(180)) - 386624b9-aee6-4a8d-bc49-1445f870a86d: start group-F040B753D308
2019-09-19 09:44:44,299 [pool-621-thread-1] INFO  impl.RaftServerImpl (RaftServerImpl.java:setRole(171)) - 386624b9-aee6-4a8d-bc49-1445f870a86d:group-F040B753D308 changes role from null to FOLLOWER at term 0 for startAsFollower
2019-09-19 09:44:44,299 [pool-621-thread-1] INFO  impl.RoleInfo (RoleInfo.java:updateAndGet(143)) - 386624b9-aee6-4a8d-bc49-1445f870a86d: start FollowerState
2019-09-19 09:44:44,299 [pool-621-thread-1] INFO  util.JmxRegister (JmxRegister.java:tryRegister(44)) - Successfully registered JMX Bean with object name Ratis:service=RaftServer,group=group-F040B753D308,id=386624b9-aee6-4a8d-bc49-1445f870a86d
2019-09-19 09:44:44,302 [RatisPipelineUtilsThread] INFO  pipeline.PipelineStateManager (PipelineStateManager.java:addPipeline(56)) - Created pipeline Pipeline[ Id: 07bdc449-65ee-4702-9bea-f040b753d308, Nodes: 386624b9-aee6-4a8d-bc49-1445f870a86d{ip: 192.168.34.5, host: pr-hdds-1569-j4bt4-3030777008, networkLocation: /default-rack, certSerialId: null}, Type:RATIS, Factor:ONE, State:OPEN]
2019-09-19 09:44:44,302 [RatisPipelineUtilsThread] ERROR pipeline.PipelinePlacementPolicy (PipelinePlacementPolicy.java:meetCriteria(91)) - Pipeline Placement: Doesn't meet the criteria to be viable node. Heaviness: 6
2019-09-19 09:44:44,307 [grpc-default-executor-0] INFO  impl.RaftServerProxy (RaftServerProxy.java:addNew(89)) - 386624b9-aee6-4a8d-bc49-1445f870a86d: addNew group-77D27F462101:[386624b9-aee6-4a8d-bc49-1445f870a86d:192.168.34.5:45075] returns group-77D27F462101:java.util.concurrent.CompletableFuture@59346b5b[Not completed]
2019-09-19 09:44:44,308 [pool-621-thread-1] INFO  impl.RaftServerImpl (RaftServerImpl.java:<init>(93)) - 386624b9-aee6-4a8d-bc49-1445f870a86d: new RaftServerImpl for group-77D27F462101:[386624b9-aee6-4a8d-bc49-1445f870a86d:192.168.34.5:45075] with ContainerStateMachine:uninitialized
2019-09-19 09:44:44,308 [pool-621-thread-1] INFO  server.RaftServerConfigKeys (ConfUtils.java:logGet(43)) - raft.server.rpc.timeout.min = 5s (custom)
2019-09-19 09:44:44,308 [pool-621-thread-1] INFO  server.RaftServerConfigKeys (ConfUtils.java:logGet(43)) - raft.server.rpc.timeout.max = 5200ms (custom)
2019-09-19 09:44:44,308 [pool-621-thread-1] INFO  server.RaftServerConfigKeys (ConfUtils.java:logGet(43)) - raft.server.rpcslowness.timeout = 120s (custom)
2019-09-19 09:44:44,308 [pool-621-thread-1] INFO  server.RaftServerConfigKeys (ConfUtils.java:logGet(43)) - raft.server.sleep.deviation.threshold = 300 (default)
2019-09-19 09:44:44,308 [pool-621-thread-1] INFO  server.RaftServerConfigKeys (ConfUtils.java:logGet(43)) - raft.server.log.appender.install.snapshot.enabled = false (custom)
2019-09-19 09:44:44,308 [pool-621-thread-1] INFO  impl.RaftServerImpl (ServerState.java:<init>(105)) - 386624b9-aee6-4a8d-bc49-1445f870a86d:group-77D27F462101 ConfigurationManager, init=-1: [386624b9-aee6-4a8d-bc49-1445f870a86d:192.168.34.5:45075], old=null, confs=<EMPTY_MAP>
2019-09-19 09:44:44,308 [pool-621-thread-1] INFO  server.RaftServerConfigKeys (ConfUtils.java:logGet(43)) - raft.server.storage.dir = [/workdir/hadoop-ozone/ozonefs/target/test-dir/MiniOzoneClusterImpl-dbfea85f-f096-46e2-b73b-2281bdd0ed8c/datanode-1/data/ratis] (custom)
2019-09-19 09:44:44,309 [pool-621-thread-1] INFO  storage.RaftStorageDirectory (RaftStorageDirectory.java:analyzeStorage(246)) - The storage directory /workdir/hadoop-ozone/ozonefs/target/test-dir/MiniOzoneClusterImpl-dbfea85f-f096-46e2-b73b-2281bdd0ed8c/datanode-1/data/ratis/653fd89e-363c-4d22-8d8e-77d27f462101 does not exist. Creating ...
2019-09-19 09:44:44,322 [pool-621-thread-1] INFO  storage.RaftStorageDirectory (RaftStorageDirectory.java:tryLock(328)) - Lock on /workdir/hadoop-ozone/ozonefs/target/test-dir/MiniOzoneClusterImpl-dbfea85f-f096-46e2-b73b-2281bdd0ed8c/datanode-1/data/ratis/653fd89e-363c-4d22-8d8e-77d27f462101/in_use.lock acquired by nodename 24695@pr-hdds-1569-j4bt4-3030777008
2019-09-19 09:44:44,335 [pool-621-thread-1] INFO  storage.RaftStorage (RaftStorage.java:format(72)) - Storage directory /workdir/hadoop-ozone/ozonefs/target/test-dir/MiniOzoneClusterImpl-dbfea85f-f096-46e2-b73b-2281bdd0ed8c/datanode-1/data/ratis/653fd89e-363c-4d22-8d8e-77d27f462101 has been successfully formatted.
2019-09-19 09:44:44,335 [pool-621-thread-1] INFO  ratis.ContainerStateMachine (ContainerStateMachine.java:loadSnapshot(226)) - group-77D27F462101: The snapshot info is null. Setting the last applied indexto:(t:0, i:~)
2019-09-19 09:44:44,335 [pool-621-thread-1] INFO  server.RaftServerConfigKeys (ConfUtils.java:logGet(43)) - raft.server.leader.election.timeout = 120s (custom)
2019-09-19 09:44:44,335 [pool-621-thread-1] INFO  server.RaftServerConfigKeys (ConfUtils.java:logGet(43)) - raft.server.log.use.memory = false (default)
2019-09-19 09:44:44,335 [pool-621-thread-1] INFO  server.RaftServerConfigKeys (ConfUtils.java:logGet(43)) - raft.server.log.purge.gap = 1000000 (custom)
2019-09-19 09:44:44,335 [pool-621-thread-1] INFO  server.RaftServerConfigKeys (ConfUtils.java:logGet(43)) - raft.server.log.appender.buffer.byte-limit = 33554432 (custom)
2019-09-19 09:44:44,335 [pool-621-thread-1] INFO  server.RaftServerConfigKeys (ConfUtils.java:logGet(43)) - raft.server.log.segment.size.max = 1048576 (custom)
2019-09-19 09:44:44,335 [pool-621-thread-1] INFO  server.RaftServerConfigKeys (ConfUtils.java:logGet(43)) - raft.server.log.segment.cache.num.max = 2 (custom)
2019-09-19 09:44:44,336 [pool-621-thread-1] INFO  segmented.SegmentedRaftLogWorker (SegmentedRaftLogWorker.java:<init>(172)) - new 386624b9-aee6-4a8d-bc49-1445f870a86d-SegmentedRaftLogWorker:Storage Directory /workdir/hadoop-ozone/ozonefs/target/test-dir/MiniOzoneClusterImpl-dbfea85f-f096-46e2-b73b-2281bdd0ed8c/datanode-1/data/ratis/653fd89e-363c-4d22-8d8e-77d27f462101 for RaftStorage:Storage Directory /workdir/hadoop-ozone/ozonefs/target/test-dir/MiniOzoneClusterImpl-dbfea85f-f096-46e2-b73b-2281bdd0ed8c/datanode-1/data/ratis/653fd89e-363c-4d22-8d8e-77d27f462101
2019-09-19 09:44:44,336 [pool-621-thread-1] INFO  server.RaftServerConfigKeys (ConfUtils.java:logGet(43)) - raft.server.log.queue.byte-limit = 2147483647 (custom)
2019-09-19 09:44:44,336 [pool-621-thread-1] INFO  server.RaftServerConfigKeys (ConfUtils.java:logGet(43)) - raft.server.log.queue.element-limit = 1024 (custom)
2019-09-19 09:44:44,336 [pool-621-thread-1] INFO  server.RaftServerConfigKeys (ConfUtils.java:logGet(43)) - raft.server.log.segment.size.max = 1048576 (custom)
2019-09-19 09:44:44,336 [pool-621-thread-1] INFO  server.RaftServerConfigKeys (ConfUtils.java:logGet(43)) - raft.server.log.preallocated.size = 16384 (custom)
2019-09-19 09:44:44,336 [pool-621-thread-1] INFO  server.RaftServerConfigKeys (ConfUtils.java:logGet(43)) - raft.server.log.write.buffer.size = 33554432 (custom)
2019-09-19 09:44:44,336 [pool-621-thread-1] INFO  server.RaftServerConfigKeys (ConfUtils.java:logGet(43)) - raft.server.log.force.sync.num = 128 (default)
2019-09-19 09:44:44,336 [pool-621-thread-1] INFO  server.RaftServerConfigKeys (ConfUtils.java:logGet(43)) - raft.server.log.statemachine.data.sync = true (default)
2019-09-19 09:44:44,336 [pool-621-thread-1] INFO  server.RaftServerConfigKeys (ConfUtils.java:logGet(43)) - raft.server.log.statemachine.data.sync.timeout = 10s (default)
2019-09-19 09:44:44,336 [pool-621-thread-1] INFO  server.RaftServerConfigKeys (ConfUtils.java:logGet(43)) - raft.server.log.statemachine.data.sync.timeout.retry = -1 (default)
2019-09-19 09:44:44,337 [pool-621-thread-1] INFO  server.RaftServerConfigKeys (ConfUtils.java:logGet(43)) - raft.server.log.statemachine.data.caching.enabled = true (custom)
2019-09-19 09:44:44,337 [pool-621-thread-1] INFO  segmented.SegmentedRaftLogWorker (SegmentedRaftLogWorker.java:lambda$new$0(132)) - 386624b9-aee6-4a8d-bc49-1445f870a86d-SegmentedRaftLogWorker:Storage Directory /workdir/hadoop-ozone/ozonefs/target/test-dir/MiniOzoneClusterImpl-dbfea85f-f096-46e2-b73b-2281bdd0ed8c/datanode-1/data/ratis/653fd89e-363c-4d22-8d8e-77d27f462101: flushIndex: setUnconditionally 0 -> -1
2019-09-19 09:44:44,337 [pool-621-thread-1] INFO  server.RaftServerConfigKeys (ConfUtils.java:logGet(43)) - raft.server.snapshot.auto.trigger.enabled = true (custom)
2019-09-19 09:44:44,337 [pool-621-thread-1] INFO  server.RaftServerConfigKeys (ConfUtils.java:logGet(43)) - raft.server.snapshot.auto.trigger.threshold = 10000 (custom)
2019-09-19 09:44:44,337 [pool-621-thread-1] INFO  server.RaftServerConfigKeys (ConfUtils.java:logGet(43)) - raft.server.retrycache.expirytime = 600000ms (custom)
2019-09-19 09:44:44,338 [pool-621-thread-1] INFO  impl.RaftServerImpl (RaftServerImpl.java:start(180)) - 386624b9-aee6-4a8d-bc49-1445f870a86d: start group-77D27F462101
2019-09-19 09:44:44,338 [pool-621-thread-1] INFO  impl.RaftServerImpl (RaftServerImpl.java:setRole(171)) - 386624b9-aee6-4a8d-bc49-1445f870a86d:group-77D27F462101 changes role from null to FOLLOWER at term 0 for startAsFollower
2019-09-19 09:44:44,338 [pool-621-thread-1] INFO  impl.RoleInfo (RoleInfo.java:updateAndGet(143)) - 386624b9-aee6-4a8d-bc49-1445f870a86d: start FollowerState
2019-09-19 09:44:44,338 [pool-621-thread-1] INFO  util.JmxRegister (JmxRegister.java:tryRegister(44)) - Successfully registered JMX Bean with object name Ratis:service=RaftServer,group=group-77D27F462101,id=386624b9-aee6-4a8d-bc49-1445f870a86d
2019-09-19 09:44:44,340 [RatisPipelineUtilsThread] INFO  pipeline.PipelineStateManager (PipelineStateManager.java:addPipeline(56)) - Created pipeline Pipeline[ Id: 653fd89e-363c-4d22-8d8e-77d27f462101, Nodes: 386624b9-aee6-4a8d-bc49-1445f870a86d{ip: 192.168.34.5, host: pr-hdds-1569-j4bt4-3030777008, networkLocation: /default-rack, certSerialId: null}, Type:RATIS, Factor:ONE, State:OPEN]
2019-09-19 09:44:44,340 [RatisPipelineUtilsThread] ERROR pipeline.PipelinePlacementPolicy (PipelinePlacementPolicy.java:meetCriteria(91)) - Pipeline Placement: Doesn't meet the criteria to be viable node. Heaviness: 6
2019-09-19 09:44:44,345 [grpc-default-executor-0] INFO  impl.RaftServerProxy (RaftServerProxy.java:addNew(89)) - 386624b9-aee6-4a8d-bc49-1445f870a86d: addNew group-4F686E540D14:[386624b9-aee6-4a8d-bc49-1445f870a86d:192.168.34.5:45075] returns group-4F686E540D14:java.util.concurrent.CompletableFuture@4b30598c[Not completed]
2019-09-19 09:44:44,346 [pool-621-thread-1] INFO  impl.RaftServerImpl (RaftServerImpl.java:<init>(93)) - 386624b9-aee6-4a8d-bc49-1445f870a86d: new RaftServerImpl for group-4F686E540D14:[386624b9-aee6-4a8d-bc49-1445f870a86d:192.168.34.5:45075] with ContainerStateMachine:uninitialized
2019-09-19 09:44:44,346 [pool-621-thread-1] INFO  server.RaftServerConfigKeys (ConfUtils.java:logGet(43)) - raft.server.rpc.timeout.min = 5s (custom)
2019-09-19 09:44:44,346 [pool-621-thread-1] INFO  server.RaftServerConfigKeys (ConfUtils.java:logGet(43)) - raft.server.rpc.timeout.max = 5200ms (custom)
2019-09-19 09:44:44,346 [pool-621-thread-1] INFO  server.RaftServerConfigKeys (ConfUtils.java:logGet(43)) - raft.server.rpcslowness.timeout = 120s (custom)
2019-09-19 09:44:44,346 [pool-621-thread-1] INFO  server.RaftServerConfigKeys (ConfUtils.java:logGet(43)) - raft.server.sleep.deviation.threshold = 300 (default)
2019-09-19 09:44:44,346 [pool-621-thread-1] INFO  server.RaftServerConfigKeys (ConfUtils.java:logGet(43)) - raft.server.log.appender.install.snapshot.enabled = false (custom)
2019-09-19 09:44:44,347 [pool-621-thread-1] INFO  impl.RaftServerImpl (ServerState.java:<init>(105)) - 386624b9-aee6-4a8d-bc49-1445f870a86d:group-4F686E540D14 ConfigurationManager, init=-1: [386624b9-aee6-4a8d-bc49-1445f870a86d:192.168.34.5:45075], old=null, confs=<EMPTY_MAP>
2019-09-19 09:44:44,347 [pool-621-thread-1] INFO  server.RaftServerConfigKeys (ConfUtils.java:logGet(43)) - raft.server.storage.dir = [/workdir/hadoop-ozone/ozonefs/target/test-dir/MiniOzoneClusterImpl-dbfea85f-f096-46e2-b73b-2281bdd0ed8c/datanode-1/data/ratis] (custom)
2019-09-19 09:44:44,347 [pool-621-thread-1] INFO  storage.RaftStorageDirectory (RaftStorageDirectory.java:analyzeStorage(246)) - The storage directory /workdir/hadoop-ozone/ozonefs/target/test-dir/MiniOzoneClusterImpl-dbfea85f-f096-46e2-b73b-2281bdd0ed8c/datanode-1/data/ratis/604ec72d-0e57-41c7-8a59-4f686e540d14 does not exist. Creating ...
2019-09-19 09:44:44,360 [pool-621-thread-1] INFO  storage.RaftStorageDirectory (RaftStorageDirectory.java:tryLock(328)) - Lock on /workdir/hadoop-ozone/ozonefs/target/test-dir/MiniOzoneClusterImpl-dbfea85f-f096-46e2-b73b-2281bdd0ed8c/datanode-1/data/ratis/604ec72d-0e57-41c7-8a59-4f686e540d14/in_use.lock acquired by nodename 24695@pr-hdds-1569-j4bt4-3030777008
2019-09-19 09:44:44,373 [pool-621-thread-1] INFO  storage.RaftStorage (RaftStorage.java:format(72)) - Storage directory /workdir/hadoop-ozone/ozonefs/target/test-dir/MiniOzoneClusterImpl-dbfea85f-f096-46e2-b73b-2281bdd0ed8c/datanode-1/data/ratis/604ec72d-0e57-41c7-8a59-4f686e540d14 has been successfully formatted.
2019-09-19 09:44:44,374 [pool-621-thread-1] INFO  ratis.ContainerStateMachine (ContainerStateMachine.java:loadSnapshot(226)) - group-4F686E540D14: The snapshot info is null. Setting the last applied indexto:(t:0, i:~)
2019-09-19 09:44:44,374 [pool-621-thread-1] INFO  server.RaftServerConfigKeys (ConfUtils.java:logGet(43)) - raft.server.leader.election.timeout = 120s (custom)
2019-09-19 09:44:44,374 [pool-621-thread-1] INFO  server.RaftServerConfigKeys (ConfUtils.java:logGet(43)) - raft.server.log.use.memory = false (default)
2019-09-19 09:44:44,374 [pool-621-thread-1] INFO  server.RaftServerConfigKeys (ConfUtils.java:logGet(43)) - raft.server.log.purge.gap = 1000000 (custom)
2019-09-19 09:44:44,374 [pool-621-thread-1] INFO  server.RaftServerConfigKeys (ConfUtils.java:logGet(43)) - raft.server.log.appender.buffer.byte-limit = 33554432 (custom)
2019-09-19 09:44:44,374 [pool-621-thread-1] INFO  server.RaftServerConfigKeys (ConfUtils.java:logGet(43)) - raft.server.log.segment.size.max = 1048576 (custom)
2019-09-19 09:44:44,374 [pool-621-thread-1] INFO  server.RaftServerConfigKeys (ConfUtils.java:logGet(43)) - raft.server.log.segment.cache.num.max = 2 (custom)
2019-09-19 09:44:44,374 [pool-621-thread-1] INFO  segmented.SegmentedRaftLogWorker (SegmentedRaftLogWorker.java:<init>(172)) - new 386624b9-aee6-4a8d-bc49-1445f870a86d-SegmentedRaftLogWorker:Storage Directory /workdir/hadoop-ozone/ozonefs/target/test-dir/MiniOzoneClusterImpl-dbfea85f-f096-46e2-b73b-2281bdd0ed8c/datanode-1/data/ratis/604ec72d-0e57-41c7-8a59-4f686e540d14 for RaftStorage:Storage Directory /workdir/hadoop-ozone/ozonefs/target/test-dir/MiniOzoneClusterImpl-dbfea85f-f096-46e2-b73b-2281bdd0ed8c/datanode-1/data/ratis/604ec72d-0e57-41c7-8a59-4f686e540d14
2019-09-19 09:44:44,375 [pool-621-thread-1] INFO  server.RaftServerConfigKeys (ConfUtils.java:logGet(43)) - raft.server.log.queue.byte-limit = 2147483647 (custom)
2019-09-19 09:44:44,375 [pool-621-thread-1] INFO  server.RaftServerConfigKeys (ConfUtils.java:logGet(43)) - raft.server.log.queue.element-limit = 1024 (custom)
2019-09-19 09:44:44,375 [pool-621-thread-1] INFO  server.RaftServerConfigKeys (ConfUtils.java:logGet(43)) - raft.server.log.segment.size.max = 1048576 (custom)
2019-09-19 09:44:44,375 [pool-621-thread-1] INFO  server.RaftServerConfigKeys (ConfUtils.java:logGet(43)) - raft.server.log.preallocated.size = 16384 (custom)
2019-09-19 09:44:44,375 [pool-621-thread-1] INFO  server.RaftServerConfigKeys (ConfUtils.java:logGet(43)) - raft.server.log.write.buffer.size = 33554432 (custom)
2019-09-19 09:44:44,375 [pool-621-thread-1] INFO  server.RaftServerConfigKeys (ConfUtils.java:logGet(43)) - raft.server.log.force.sync.num = 128 (default)
2019-09-19 09:44:44,375 [pool-621-thread-1] INFO  server.RaftServerConfigKeys (ConfUtils.java:logGet(43)) - raft.server.log.statemachine.data.sync = true (default)
2019-09-19 09:44:44,375 [pool-621-thread-1] INFO  server.RaftServerConfigKeys (ConfUtils.java:logGet(43)) - raft.server.log.statemachine.data.sync.timeout = 10s (default)
2019-09-19 09:44:44,375 [pool-621-thread-1] INFO  server.RaftServerConfigKeys (ConfUtils.java:logGet(43)) - raft.server.log.statemachine.data.sync.timeout.retry = -1 (default)
2019-09-19 09:44:44,375 [pool-621-thread-1] INFO  server.RaftServerConfigKeys (ConfUtils.java:logGet(43)) - raft.server.log.statemachine.data.caching.enabled = true (custom)
2019-09-19 09:44:44,376 [pool-621-thread-1] INFO  segmented.SegmentedRaftLogWorker (SegmentedRaftLogWorker.java:lambda$new$0(132)) - 386624b9-aee6-4a8d-bc49-1445f870a86d-SegmentedRaftLogWorker:Storage Directory /workdir/hadoop-ozone/ozonefs/target/test-dir/MiniOzoneClusterImpl-dbfea85f-f096-46e2-b73b-2281bdd0ed8c/datanode-1/data/ratis/604ec72d-0e57-41c7-8a59-4f686e540d14: flushIndex: setUnconditionally 0 -> -1
2019-09-19 09:44:44,376 [pool-621-thread-1] INFO  server.RaftServerConfigKeys (ConfUtils.java:logGet(43)) - raft.server.snapshot.auto.trigger.enabled = true (custom)
2019-09-19 09:44:44,376 [pool-621-thread-1] INFO  server.RaftServerConfigKeys (ConfUtils.java:logGet(43)) - raft.server.snapshot.auto.trigger.threshold = 10000 (custom)
2019-09-19 09:44:44,376 [pool-621-thread-1] INFO  server.RaftServerConfigKeys (ConfUtils.java:logGet(43)) - raft.server.retrycache.expirytime = 600000ms (custom)
2019-09-19 09:44:44,376 [pool-621-thread-1] INFO  impl.RaftServerImpl (RaftServerImpl.java:start(180)) - 386624b9-aee6-4a8d-bc49-1445f870a86d: start group-4F686E540D14
2019-09-19 09:44:44,376 [pool-621-thread-1] INFO  impl.RaftServerImpl (RaftServerImpl.java:setRole(171)) - 386624b9-aee6-4a8d-bc49-1445f870a86d:group-4F686E540D14 changes role from null to FOLLOWER at term 0 for startAsFollower
2019-09-19 09:44:44,377 [pool-621-thread-1] INFO  impl.RoleInfo (RoleInfo.java:updateAndGet(143)) - 386624b9-aee6-4a8d-bc49-1445f870a86d: start FollowerState
2019-09-19 09:44:44,377 [pool-621-thread-1] INFO  util.JmxRegister (JmxRegister.java:tryRegister(44)) - Successfully registered JMX Bean with object name Ratis:service=RaftServer,group=group-4F686E540D14,id=386624b9-aee6-4a8d-bc49-1445f870a86d
2019-09-19 09:44:44,380 [RatisPipelineUtilsThread] INFO  pipeline.PipelineStateManager (PipelineStateManager.java:addPipeline(56)) - Created pipeline Pipeline[ Id: 604ec72d-0e57-41c7-8a59-4f686e540d14, Nodes: 386624b9-aee6-4a8d-bc49-1445f870a86d{ip: 192.168.34.5, host: pr-hdds-1569-j4bt4-3030777008, networkLocation: /default-rack, certSerialId: null}, Type:RATIS, Factor:ONE, State:OPEN]
2019-09-19 09:44:44,380 [RatisPipelineUtilsThread] ERROR pipeline.PipelinePlacementPolicy (PipelinePlacementPolicy.java:meetCriteria(91)) - Pipeline Placement: Doesn't meet the criteria to be viable node. Heaviness: 6
2019-09-19 09:44:44,384 [grpc-default-executor-0] INFO  impl.RaftServerProxy (RaftServerProxy.java:addNew(89)) - 386624b9-aee6-4a8d-bc49-1445f870a86d: addNew group-C354019DEAC5:[386624b9-aee6-4a8d-bc49-1445f870a86d:192.168.34.5:45075] returns group-C354019DEAC5:java.util.concurrent.CompletableFuture@76aa2be[Not completed]
2019-09-19 09:44:44,385 [pool-621-thread-1] INFO  impl.RaftServerImpl (RaftServerImpl.java:<init>(93)) - 386624b9-aee6-4a8d-bc49-1445f870a86d: new RaftServerImpl for group-C354019DEAC5:[386624b9-aee6-4a8d-bc49-1445f870a86d:192.168.34.5:45075] with ContainerStateMachine:uninitialized
2019-09-19 09:44:44,385 [pool-621-thread-1] INFO  server.RaftServerConfigKeys (ConfUtils.java:logGet(43)) - raft.server.rpc.timeout.min = 5s (custom)
2019-09-19 09:44:44,385 [pool-621-thread-1] INFO  server.RaftServerConfigKeys (ConfUtils.java:logGet(43)) - raft.server.rpc.timeout.max = 5200ms (custom)
2019-09-19 09:44:44,385 [pool-621-thread-1] INFO  server.RaftServerConfigKeys (ConfUtils.java:logGet(43)) - raft.server.rpcslowness.timeout = 120s (custom)
2019-09-19 09:44:44,385 [pool-621-thread-1] INFO  server.RaftServerConfigKeys (ConfUtils.java:logGet(43)) - raft.server.sleep.deviation.threshold = 300 (default)
2019-09-19 09:44:44,385 [pool-621-thread-1] INFO  server.RaftServerConfigKeys (ConfUtils.java:logGet(43)) - raft.server.log.appender.install.snapshot.enabled = false (custom)
2019-09-19 09:44:44,385 [pool-621-thread-1] INFO  impl.RaftServerImpl (ServerState.java:<init>(105)) - 386624b9-aee6-4a8d-bc49-1445f870a86d:group-C354019DEAC5 ConfigurationManager, init=-1: [386624b9-aee6-4a8d-bc49-1445f870a86d:192.168.34.5:45075], old=null, confs=<EMPTY_MAP>
2019-09-19 09:44:44,386 [pool-621-thread-1] INFO  server.RaftServerConfigKeys (ConfUtils.java:logGet(43)) - raft.server.storage.dir = [/workdir/hadoop-ozone/ozonefs/target/test-dir/MiniOzoneClusterImpl-dbfea85f-f096-46e2-b73b-2281bdd0ed8c/datanode-1/data/ratis] (custom)
2019-09-19 09:44:44,386 [pool-621-thread-1] INFO  storage.RaftStorageDirectory (RaftStorageDirectory.java:analyzeStorage(246)) - The storage directory /workdir/hadoop-ozone/ozonefs/target/test-dir/MiniOzoneClusterImpl-dbfea85f-f096-46e2-b73b-2281bdd0ed8c/datanode-1/data/ratis/13d5adb5-ada8-41a0-8720-c354019deac5 does not exist. Creating ...
2019-09-19 09:44:44,398 [pool-621-thread-1] INFO  storage.RaftStorageDirectory (RaftStorageDirectory.java:tryLock(328)) - Lock on /workdir/hadoop-ozone/ozonefs/target/test-dir/MiniOzoneClusterImpl-dbfea85f-f096-46e2-b73b-2281bdd0ed8c/datanode-1/data/ratis/13d5adb5-ada8-41a0-8720-c354019deac5/in_use.lock acquired by nodename 24695@pr-hdds-1569-j4bt4-3030777008
2019-09-19 09:44:44,411 [pool-621-thread-1] INFO  storage.RaftStorage (RaftStorage.java:format(72)) - Storage directory /workdir/hadoop-ozone/ozonefs/target/test-dir/MiniOzoneClusterImpl-dbfea85f-f096-46e2-b73b-2281bdd0ed8c/datanode-1/data/ratis/13d5adb5-ada8-41a0-8720-c354019deac5 has been successfully formatted.
2019-09-19 09:44:44,411 [pool-621-thread-1] INFO  ratis.ContainerStateMachine (ContainerStateMachine.java:loadSnapshot(226)) - group-C354019DEAC5: The snapshot info is null. Setting the last applied indexto:(t:0, i:~)
2019-09-19 09:44:44,411 [pool-621-thread-1] INFO  server.RaftServerConfigKeys (ConfUtils.java:logGet(43)) - raft.server.leader.election.timeout = 120s (custom)
2019-09-19 09:44:44,411 [pool-621-thread-1] INFO  server.RaftServerConfigKeys (ConfUtils.java:logGet(43)) - raft.server.log.use.memory = false (default)
2019-09-19 09:44:44,411 [pool-621-thread-1] INFO  server.RaftServerConfigKeys (ConfUtils.java:logGet(43)) - raft.server.log.purge.gap = 1000000 (custom)
2019-09-19 09:44:44,411 [pool-621-thread-1] INFO  server.RaftServerConfigKeys (ConfUtils.java:logGet(43)) - raft.server.log.appender.buffer.byte-limit = 33554432 (custom)
2019-09-19 09:44:44,411 [pool-621-thread-1] INFO  server.RaftServerConfigKeys (ConfUtils.java:logGet(43)) - raft.server.log.segment.size.max = 1048576 (custom)
2019-09-19 09:44:44,412 [pool-621-thread-1] INFO  server.RaftServerConfigKeys (ConfUtils.java:logGet(43)) - raft.server.log.segment.cache.num.max = 2 (custom)
2019-09-19 09:44:44,412 [pool-621-thread-1] INFO  segmented.SegmentedRaftLogWorker (SegmentedRaftLogWorker.java:<init>(172)) - new 386624b9-aee6-4a8d-bc49-1445f870a86d-SegmentedRaftLogWorker:Storage Directory /workdir/hadoop-ozone/ozonefs/target/test-dir/MiniOzoneClusterImpl-dbfea85f-f096-46e2-b73b-2281bdd0ed8c/datanode-1/data/ratis/13d5adb5-ada8-41a0-8720-c354019deac5 for RaftStorage:Storage Directory /workdir/hadoop-ozone/ozonefs/target/test-dir/MiniOzoneClusterImpl-dbfea85f-f096-46e2-b73b-2281bdd0ed8c/datanode-1/data/ratis/13d5adb5-ada8-41a0-8720-c354019deac5
2019-09-19 09:44:44,412 [pool-621-thread-1] INFO  server.RaftServerConfigKeys (ConfUtils.java:logGet(43)) - raft.server.log.queue.byte-limit = 2147483647 (custom)
2019-09-19 09:44:44,412 [pool-621-thread-1] INFO  server.RaftServerConfigKeys (ConfUtils.java:logGet(43)) - raft.server.log.queue.element-limit = 1024 (custom)
2019-09-19 09:44:44,412 [pool-621-thread-1] INFO  server.RaftServerConfigKeys (ConfUtils.java:logGet(43)) - raft.server.log.segment.size.max = 1048576 (custom)
2019-09-19 09:44:44,412 [pool-621-thread-1] INFO  server.RaftServerConfigKeys (ConfUtils.java:logGet(43)) - raft.server.log.preallocated.size = 16384 (custom)
2019-09-19 09:44:44,412 [pool-621-thread-1] INFO  server.RaftServerConfigKeys (ConfUtils.java:logGet(43)) - raft.server.log.write.buffer.size = 33554432 (custom)
2019-09-19 09:44:44,412 [pool-621-thread-1] INFO  server.RaftServerConfigKeys (ConfUtils.java:logGet(43)) - raft.server.log.force.sync.num = 128 (default)
2019-09-19 09:44:44,413 [pool-621-thread-1] INFO  server.RaftServerConfigKeys (ConfUtils.java:logGet(43)) - raft.server.log.statemachine.data.sync = true (default)
2019-09-19 09:44:44,413 [pool-621-thread-1] INFO  server.RaftServerConfigKeys (ConfUtils.java:logGet(43)) - raft.server.log.statemachine.data.sync.timeout = 10s (default)
2019-09-19 09:44:44,413 [pool-621-thread-1] INFO  server.RaftServerConfigKeys (ConfUtils.java:logGet(43)) - raft.server.log.statemachine.data.sync.timeout.retry = -1 (default)
2019-09-19 09:44:44,413 [pool-621-thread-1] INFO  server.RaftServerConfigKeys (ConfUtils.java:logGet(43)) - raft.server.log.statemachine.data.caching.enabled = true (custom)
2019-09-19 09:44:44,413 [pool-621-thread-1] INFO  segmented.SegmentedRaftLogWorker (SegmentedRaftLogWorker.java:lambda$new$0(132)) - 386624b9-aee6-4a8d-bc49-1445f870a86d-SegmentedRaftLogWorker:Storage Directory /workdir/hadoop-ozone/ozonefs/target/test-dir/MiniOzoneClusterImpl-dbfea85f-f096-46e2-b73b-2281bdd0ed8c/datanode-1/data/ratis/13d5adb5-ada8-41a0-8720-c354019deac5: flushIndex: setUnconditionally 0 -> -1
2019-09-19 09:44:44,414 [pool-621-thread-1] INFO  server.RaftServerConfigKeys (ConfUtils.java:logGet(43)) - raft.server.snapshot.auto.trigger.enabled = true (custom)
2019-09-19 09:44:44,414 [pool-621-thread-1] INFO  server.RaftServerConfigKeys (ConfUtils.java:logGet(43)) - raft.server.snapshot.auto.trigger.threshold = 10000 (custom)
2019-09-19 09:44:44,414 [pool-621-thread-1] INFO  server.RaftServerConfigKeys (ConfUtils.java:logGet(43)) - raft.server.retrycache.expirytime = 600000ms (custom)
2019-09-19 09:44:44,414 [pool-621-thread-1] INFO  impl.RaftServerImpl (RaftServerImpl.java:start(180)) - 386624b9-aee6-4a8d-bc49-1445f870a86d: start group-C354019DEAC5
2019-09-19 09:44:44,414 [pool-621-thread-1] INFO  impl.RaftServerImpl (RaftServerImpl.java:setRole(171)) - 386624b9-aee6-4a8d-bc49-1445f870a86d:group-C354019DEAC5 changes role from null to FOLLOWER at term 0 for startAsFollower
2019-09-19 09:44:44,414 [pool-621-thread-1] INFO  impl.RoleInfo (RoleInfo.java:updateAndGet(143)) - 386624b9-aee6-4a8d-bc49-1445f870a86d: start FollowerState
2019-09-19 09:44:44,414 [pool-621-thread-1] INFO  util.JmxRegister (JmxRegister.java:tryRegister(44)) - Successfully registered JMX Bean with object name Ratis:service=RaftServer,group=group-C354019DEAC5,id=386624b9-aee6-4a8d-bc49-1445f870a86d
2019-09-19 09:44:44,417 [RatisPipelineUtilsThread] INFO  pipeline.PipelineStateManager (PipelineStateManager.java:addPipeline(56)) - Created pipeline Pipeline[ Id: 13d5adb5-ada8-41a0-8720-c354019deac5, Nodes: 386624b9-aee6-4a8d-bc49-1445f870a86d{ip: 192.168.34.5, host: pr-hdds-1569-j4bt4-3030777008, networkLocation: /default-rack, certSerialId: null}, Type:RATIS, Factor:ONE, State:OPEN]
2019-09-19 09:44:44,417 [RatisPipelineUtilsThread] ERROR pipeline.PipelinePlacementPolicy (PipelinePlacementPolicy.java:meetCriteria(91)) - Pipeline Placement: Doesn't meet the criteria to be viable node. Heaviness: 6
2019-09-19 09:44:44,417 [RatisPipelineUtilsThread] ERROR pipeline.PipelinePlacementPolicy (PipelinePlacementPolicy.java:meetCriteria(91)) - Pipeline Placement: Doesn't meet the criteria to be viable node. Heaviness: 6
2019-09-19 09:44:44,417 [RatisPipelineUtilsThread] ERROR pipeline.PipelinePlacementPolicy (PipelinePlacementPolicy.java:filterViableNodes(146)) - Unable to find enough nodes that meet the criteria that cannot engage in more than 5 pipelines. Nodes required: 1 Found: 0, healthy nodes count inNodeManager: 2.
2019-09-19 09:44:44,417 [RatisPipelineUtilsThread] ERROR pipeline.SCMPipelineManager (SCMPipelineManager.java:createPipeline(161)) - Pipeline creation failed due to exception: Unable to find enough nodes that meet the criteria that cannot engage in more than 5 pipelines. Nodes required: 1 Found: 0, healthy nodes count inNodeManager: 2.
2019-09-19 09:44:44,417 [RatisPipelineUtilsThread] ERROR pipeline.PipelinePlacementPolicy (PipelinePlacementPolicy.java:filterViableNodes(129)) - Not enough healthy nodes to allocate pipeline. 3  datanodes required. Found 2
2019-09-19 09:44:44,418 [RatisPipelineUtilsThread] ERROR pipeline.SCMPipelineManager (SCMPipelineManager.java:createPipeline(161)) - Pipeline creation failed due to exception: Not enough healthy nodes to allocate pipeline. 3  datanodes required. Found 2
2019-09-19 09:44:44,418 [RatisPipelineUtilsThread] ERROR pipeline.PipelinePlacementPolicy (PipelinePlacementPolicy.java:meetCriteria(91)) - Pipeline Placement: Doesn't meet the criteria to be viable node. Heaviness: 6
2019-09-19 09:44:44,418 [RatisPipelineUtilsThread] ERROR pipeline.PipelinePlacementPolicy (PipelinePlacementPolicy.java:meetCriteria(91)) - Pipeline Placement: Doesn't meet the criteria to be viable node. Heaviness: 6
2019-09-19 09:44:44,418 [RatisPipelineUtilsThread] ERROR pipeline.PipelinePlacementPolicy (PipelinePlacementPolicy.java:filterViableNodes(146)) - Unable to find enough nodes that meet the criteria that cannot engage in more than 5 pipelines. Nodes required: 1 Found: 0, healthy nodes count inNodeManager: 2.
2019-09-19 09:44:44,418 [RatisPipelineUtilsThread] ERROR pipeline.SCMPipelineManager (SCMPipelineManager.java:createPipeline(161)) - Pipeline creation failed due to exception: Unable to find enough nodes that meet the criteria that cannot engage in more than 5 pipelines. Nodes required: 1 Found: 0, healthy nodes count inNodeManager: 2.
2019-09-19 09:44:44,418 [RatisPipelineUtilsThread] ERROR pipeline.PipelinePlacementPolicy (PipelinePlacementPolicy.java:filterViableNodes(129)) - Not enough healthy nodes to allocate pipeline. 3  datanodes required. Found 2
2019-09-19 09:44:44,419 [RatisPipelineUtilsThread] ERROR pipeline.SCMPipelineManager (SCMPipelineManager.java:createPipeline(161)) - Pipeline creation failed due to exception: Not enough healthy nodes to allocate pipeline. 3  datanodes required. Found 2
2019-09-19 09:44:44,448 [main] INFO  ozone.MiniOzoneClusterImpl (MiniOzoneClusterImpl.java:lambda$waitForClusterToBeReady$0(142)) - Waiting for cluster to be ready. Got 2 of 3 DN Heartbeats.
2019-09-19 09:44:44,450 [IPC Server handler 1 on 34657] INFO  net.NetworkTopology (NetworkTopologyImpl.java:add(110)) - Added a new node: /default-rack/97da3b28-af5a-4526-85e9-94ce27a94e14
2019-09-19 09:44:44,450 [RatisPipelineUtilsThread] ERROR pipeline.PipelinePlacementPolicy (PipelinePlacementPolicy.java:meetCriteria(91)) - Pipeline Placement: Doesn't meet the criteria to be viable node. Heaviness: 6
2019-09-19 09:44:44,450 [RatisPipelineUtilsThread] ERROR pipeline.PipelinePlacementPolicy (PipelinePlacementPolicy.java:meetCriteria(91)) - Pipeline Placement: Doesn't meet the criteria to be viable node. Heaviness: 6
2019-09-19 09:44:44,450 [IPC Server handler 1 on 34657] INFO  node.SCMNodeManager (SCMNodeManager.java:register(273)) - Registered Data node : 97da3b28-af5a-4526-85e9-94ce27a94e14{ip: 192.168.34.5, host: pr-hdds-1569-j4bt4-3030777008, networkLocation: /default-rack, certSerialId: null}
2019-09-19 09:44:44,451 | INFO  | SCMAudit | user=jenkins1000 | ip=192.168.34.5 | op=REGISTER {datanodeDetails=97da3b28-af5a-4526-85e9-94ce27a94e14{ip: 192.168.34.5, host: pr-hdds-1569-j4bt4-3030777008, networkLocation: /default-rack, certSerialId: null}} | ret=SUCCESS |  
2019-09-19 09:44:44,457 [grpc-default-executor-0] INFO  impl.RaftServerProxy (RaftServerProxy.java:addNew(89)) - 97da3b28-af5a-4526-85e9-94ce27a94e14: addNew group-6BF1E4BB4D5E:[97da3b28-af5a-4526-85e9-94ce27a94e14:192.168.34.5:39413] returns group-6BF1E4BB4D5E:java.util.concurrent.CompletableFuture@180da1dd[Not completed]
2019-09-19 09:44:44,458 [pool-632-thread-1] INFO  impl.RaftServerImpl (RaftServerImpl.java:<init>(93)) - 97da3b28-af5a-4526-85e9-94ce27a94e14: new RaftServerImpl for group-6BF1E4BB4D5E:[97da3b28-af5a-4526-85e9-94ce27a94e14:192.168.34.5:39413] with ContainerStateMachine:uninitialized
2019-09-19 09:44:44,458 [pool-632-thread-1] INFO  server.RaftServerConfigKeys (ConfUtils.java:logGet(43)) - raft.server.rpc.timeout.min = 5s (custom)
2019-09-19 09:44:44,458 [pool-632-thread-1] INFO  server.RaftServerConfigKeys (ConfUtils.java:logGet(43)) - raft.server.rpc.timeout.max = 5200ms (custom)
2019-09-19 09:44:44,458 [pool-632-thread-1] INFO  server.RaftServerConfigKeys (ConfUtils.java:logGet(43)) - raft.server.rpcslowness.timeout = 120s (custom)
2019-09-19 09:44:44,459 [pool-632-thread-1] INFO  server.RaftServerConfigKeys (ConfUtils.java:logGet(43)) - raft.server.sleep.deviation.threshold = 300 (default)
2019-09-19 09:44:44,459 [pool-632-thread-1] INFO  server.RaftServerConfigKeys (ConfUtils.java:logGet(43)) - raft.server.log.appender.install.snapshot.enabled = false (custom)
2019-09-19 09:44:44,459 [pool-632-thread-1] INFO  impl.RaftServerImpl (ServerState.java:<init>(105)) - 97da3b28-af5a-4526-85e9-94ce27a94e14:group-6BF1E4BB4D5E ConfigurationManager, init=-1: [97da3b28-af5a-4526-85e9-94ce27a94e14:192.168.34.5:39413], old=null, confs=<EMPTY_MAP>
2019-09-19 09:44:44,459 [pool-632-thread-1] INFO  server.RaftServerConfigKeys (ConfUtils.java:logGet(43)) - raft.server.storage.dir = [/workdir/hadoop-ozone/ozonefs/target/test-dir/MiniOzoneClusterImpl-dbfea85f-f096-46e2-b73b-2281bdd0ed8c/datanode-2/data/ratis] (custom)
2019-09-19 09:44:44,459 [pool-632-thread-1] INFO  storage.RaftStorageDirectory (RaftStorageDirectory.java:analyzeStorage(246)) - The storage directory /workdir/hadoop-ozone/ozonefs/target/test-dir/MiniOzoneClusterImpl-dbfea85f-f096-46e2-b73b-2281bdd0ed8c/datanode-2/data/ratis/24c38bf1-b304-44cf-a96e-6bf1e4bb4d5e does not exist. Creating ...
2019-09-19 09:44:44,472 [pool-632-thread-1] INFO  storage.RaftStorageDirectory (RaftStorageDirectory.java:tryLock(328)) - Lock on /workdir/hadoop-ozone/ozonefs/target/test-dir/MiniOzoneClusterImpl-dbfea85f-f096-46e2-b73b-2281bdd0ed8c/datanode-2/data/ratis/24c38bf1-b304-44cf-a96e-6bf1e4bb4d5e/in_use.lock acquired by nodename 24695@pr-hdds-1569-j4bt4-3030777008
2019-09-19 09:44:44,476 [pool-632-thread-1] INFO  storage.RaftStorage (RaftStorage.java:format(72)) - Storage directory /workdir/hadoop-ozone/ozonefs/target/test-dir/MiniOzoneClusterImpl-dbfea85f-f096-46e2-b73b-2281bdd0ed8c/datanode-2/data/ratis/24c38bf1-b304-44cf-a96e-6bf1e4bb4d5e has been successfully formatted.
2019-09-19 09:44:44,476 [pool-632-thread-1] INFO  ratis.ContainerStateMachine (ContainerStateMachine.java:loadSnapshot(226)) - group-6BF1E4BB4D5E: The snapshot info is null. Setting the last applied indexto:(t:0, i:~)
2019-09-19 09:44:44,476 [pool-632-thread-1] INFO  server.RaftServerConfigKeys (ConfUtils.java:logGet(43)) - raft.server.leader.election.timeout = 120s (custom)
2019-09-19 09:44:44,476 [pool-632-thread-1] INFO  server.RaftServerConfigKeys (ConfUtils.java:logGet(43)) - raft.server.log.use.memory = false (default)
2019-09-19 09:44:44,476 [pool-632-thread-1] INFO  server.RaftServerConfigKeys (ConfUtils.java:logGet(43)) - raft.server.log.purge.gap = 1000000 (custom)
2019-09-19 09:44:44,476 [pool-632-thread-1] INFO  server.RaftServerConfigKeys (ConfUtils.java:logGet(43)) - raft.server.log.appender.buffer.byte-limit = 33554432 (custom)
2019-09-19 09:44:44,477 [pool-632-thread-1] INFO  server.RaftServerConfigKeys (ConfUtils.java:logGet(43)) - raft.server.log.segment.size.max = 1048576 (custom)
2019-09-19 09:44:44,477 [pool-632-thread-1] INFO  server.RaftServerConfigKeys (ConfUtils.java:logGet(43)) - raft.server.log.segment.cache.num.max = 2 (custom)
2019-09-19 09:44:44,477 [pool-632-thread-1] INFO  segmented.SegmentedRaftLogWorker (SegmentedRaftLogWorker.java:<init>(172)) - new 97da3b28-af5a-4526-85e9-94ce27a94e14-SegmentedRaftLogWorker:Storage Directory /workdir/hadoop-ozone/ozonefs/target/test-dir/MiniOzoneClusterImpl-dbfea85f-f096-46e2-b73b-2281bdd0ed8c/datanode-2/data/ratis/24c38bf1-b304-44cf-a96e-6bf1e4bb4d5e for RaftStorage:Storage Directory /workdir/hadoop-ozone/ozonefs/target/test-dir/MiniOzoneClusterImpl-dbfea85f-f096-46e2-b73b-2281bdd0ed8c/datanode-2/data/ratis/24c38bf1-b304-44cf-a96e-6bf1e4bb4d5e
2019-09-19 09:44:44,477 [pool-632-thread-1] INFO  server.RaftServerConfigKeys (ConfUtils.java:logGet(43)) - raft.server.log.queue.byte-limit = 2147483647 (custom)
2019-09-19 09:44:44,477 [pool-632-thread-1] INFO  server.RaftServerConfigKeys (ConfUtils.java:logGet(43)) - raft.server.log.queue.element-limit = 1024 (custom)
2019-09-19 09:44:44,477 [pool-632-thread-1] INFO  server.RaftServerConfigKeys (ConfUtils.java:logGet(43)) - raft.server.log.segment.size.max = 1048576 (custom)
2019-09-19 09:44:44,478 [pool-632-thread-1] INFO  server.RaftServerConfigKeys (ConfUtils.java:logGet(43)) - raft.server.log.preallocated.size = 16384 (custom)
2019-09-19 09:44:44,478 [pool-632-thread-1] INFO  server.RaftServerConfigKeys (ConfUtils.java:logGet(43)) - raft.server.log.write.buffer.size = 33554432 (custom)
2019-09-19 09:44:44,478 [pool-632-thread-1] INFO  server.RaftServerConfigKeys (ConfUtils.java:logGet(43)) - raft.server.log.force.sync.num = 128 (default)
2019-09-19 09:44:44,478 [pool-632-thread-1] INFO  server.RaftServerConfigKeys (ConfUtils.java:logGet(43)) - raft.server.log.statemachine.data.sync = true (default)
2019-09-19 09:44:44,478 [pool-632-thread-1] INFO  server.RaftServerConfigKeys (ConfUtils.java:logGet(43)) - raft.server.log.statemachine.data.sync.timeout = 10s (default)
2019-09-19 09:44:44,478 [pool-632-thread-1] INFO  server.RaftServerConfigKeys (ConfUtils.java:logGet(43)) - raft.server.log.statemachine.data.sync.timeout.retry = -1 (default)
2019-09-19 09:44:44,479 [pool-632-thread-1] INFO  server.RaftServerConfigKeys (ConfUtils.java:logGet(43)) - raft.server.log.statemachine.data.caching.enabled = true (custom)
2019-09-19 09:44:44,479 [pool-632-thread-1] INFO  segmented.SegmentedRaftLogWorker (SegmentedRaftLogWorker.java:lambda$new$0(132)) - 97da3b28-af5a-4526-85e9-94ce27a94e14-SegmentedRaftLogWorker:Storage Directory /workdir/hadoop-ozone/ozonefs/target/test-dir/MiniOzoneClusterImpl-dbfea85f-f096-46e2-b73b-2281bdd0ed8c/datanode-2/data/ratis/24c38bf1-b304-44cf-a96e-6bf1e4bb4d5e: flushIndex: setUnconditionally 0 -> -1
2019-09-19 09:44:44,479 [pool-632-thread-1] INFO  server.RaftServerConfigKeys (ConfUtils.java:logGet(43)) - raft.server.snapshot.auto.trigger.enabled = true (custom)
2019-09-19 09:44:44,479 [pool-632-thread-1] INFO  server.RaftServerConfigKeys (ConfUtils.java:logGet(43)) - raft.server.snapshot.auto.trigger.threshold = 10000 (custom)
2019-09-19 09:44:44,480 [pool-632-thread-1] INFO  server.RaftServerConfigKeys (ConfUtils.java:logGet(43)) - raft.server.retrycache.expirytime = 600000ms (custom)
2019-09-19 09:44:44,480 [pool-632-thread-1] INFO  impl.RaftServerImpl (RaftServerImpl.java:start(180)) - 97da3b28-af5a-4526-85e9-94ce27a94e14: start group-6BF1E4BB4D5E
2019-09-19 09:44:44,480 [pool-632-thread-1] INFO  impl.RaftServerImpl (RaftServerImpl.java:setRole(171)) - 97da3b28-af5a-4526-85e9-94ce27a94e14:group-6BF1E4BB4D5E changes role from null to FOLLOWER at term 0 for startAsFollower
2019-09-19 09:44:44,480 [pool-632-thread-1] INFO  impl.RoleInfo (RoleInfo.java:updateAndGet(143)) - 97da3b28-af5a-4526-85e9-94ce27a94e14: start FollowerState
2019-09-19 09:44:44,480 [pool-632-thread-1] INFO  util.JmxRegister (JmxRegister.java:tryRegister(44)) - Successfully registered JMX Bean with object name Ratis:service=RaftServer,group=group-6BF1E4BB4D5E,id=97da3b28-af5a-4526-85e9-94ce27a94e14
2019-09-19 09:44:44,482 [RatisPipelineUtilsThread] INFO  pipeline.PipelineStateManager (PipelineStateManager.java:addPipeline(56)) - Created pipeline Pipeline[ Id: 24c38bf1-b304-44cf-a96e-6bf1e4bb4d5e, Nodes: 97da3b28-af5a-4526-85e9-94ce27a94e14{ip: 192.168.34.5, host: pr-hdds-1569-j4bt4-3030777008, networkLocation: /default-rack, certSerialId: null}, Type:RATIS, Factor:ONE, State:OPEN]
2019-09-19 09:44:44,483 [RatisPipelineUtilsThread] ERROR pipeline.PipelinePlacementPolicy (PipelinePlacementPolicy.java:meetCriteria(91)) - Pipeline Placement: Doesn't meet the criteria to be viable node. Heaviness: 6
2019-09-19 09:44:44,483 [RatisPipelineUtilsThread] ERROR pipeline.PipelinePlacementPolicy (PipelinePlacementPolicy.java:meetCriteria(91)) - Pipeline Placement: Doesn't meet the criteria to be viable node. Heaviness: 6
2019-09-19 09:44:44,487 [grpc-default-executor-0] INFO  impl.RaftServerProxy (RaftServerProxy.java:addNew(89)) - 97da3b28-af5a-4526-85e9-94ce27a94e14: addNew group-CAF150EB820F:[97da3b28-af5a-4526-85e9-94ce27a94e14:192.168.34.5:39413] returns group-CAF150EB820F:java.util.concurrent.CompletableFuture@682969af[Not completed]
2019-09-19 09:44:44,487 [pool-632-thread-1] INFO  impl.RaftServerImpl (RaftServerImpl.java:<init>(93)) - 97da3b28-af5a-4526-85e9-94ce27a94e14: new RaftServerImpl for group-CAF150EB820F:[97da3b28-af5a-4526-85e9-94ce27a94e14:192.168.34.5:39413] with ContainerStateMachine:uninitialized
2019-09-19 09:44:44,488 [pool-632-thread-1] INFO  server.RaftServerConfigKeys (ConfUtils.java:logGet(43)) - raft.server.rpc.timeout.min = 5s (custom)
2019-09-19 09:44:44,488 [pool-632-thread-1] INFO  server.RaftServerConfigKeys (ConfUtils.java:logGet(43)) - raft.server.rpc.timeout.max = 5200ms (custom)
2019-09-19 09:44:44,488 [pool-632-thread-1] INFO  server.RaftServerConfigKeys (ConfUtils.java:logGet(43)) - raft.server.rpcslowness.timeout = 120s (custom)
2019-09-19 09:44:44,488 [pool-632-thread-1] INFO  server.RaftServerConfigKeys (ConfUtils.java:logGet(43)) - raft.server.sleep.deviation.threshold = 300 (default)
2019-09-19 09:44:44,488 [pool-632-thread-1] INFO  server.RaftServerConfigKeys (ConfUtils.java:logGet(43)) - raft.server.log.appender.install.snapshot.enabled = false (custom)
2019-09-19 09:44:44,488 [pool-632-thread-1] INFO  impl.RaftServerImpl (ServerState.java:<init>(105)) - 97da3b28-af5a-4526-85e9-94ce27a94e14:group-CAF150EB820F ConfigurationManager, init=-1: [97da3b28-af5a-4526-85e9-94ce27a94e14:192.168.34.5:39413], old=null, confs=<EMPTY_MAP>
2019-09-19 09:44:44,488 [pool-632-thread-1] INFO  server.RaftServerConfigKeys (ConfUtils.java:logGet(43)) - raft.server.storage.dir = [/workdir/hadoop-ozone/ozonefs/target/test-dir/MiniOzoneClusterImpl-dbfea85f-f096-46e2-b73b-2281bdd0ed8c/datanode-2/data/ratis] (custom)
2019-09-19 09:44:44,489 [pool-632-thread-1] INFO  storage.RaftStorageDirectory (RaftStorageDirectory.java:analyzeStorage(246)) - The storage directory /workdir/hadoop-ozone/ozonefs/target/test-dir/MiniOzoneClusterImpl-dbfea85f-f096-46e2-b73b-2281bdd0ed8c/datanode-2/data/ratis/509e9951-3f2b-4a5d-aade-caf150eb820f does not exist. Creating ...
2019-09-19 09:44:44,498 [pool-632-thread-1] INFO  storage.RaftStorageDirectory (RaftStorageDirectory.java:tryLock(328)) - Lock on /workdir/hadoop-ozone/ozonefs/target/test-dir/MiniOzoneClusterImpl-dbfea85f-f096-46e2-b73b-2281bdd0ed8c/datanode-2/data/ratis/509e9951-3f2b-4a5d-aade-caf150eb820f/in_use.lock acquired by nodename 24695@pr-hdds-1569-j4bt4-3030777008
2019-09-19 09:44:44,511 [pool-632-thread-1] INFO  storage.RaftStorage (RaftStorage.java:format(72)) - Storage directory /workdir/hadoop-ozone/ozonefs/target/test-dir/MiniOzoneClusterImpl-dbfea85f-f096-46e2-b73b-2281bdd0ed8c/datanode-2/data/ratis/509e9951-3f2b-4a5d-aade-caf150eb820f has been successfully formatted.
2019-09-19 09:44:44,511 [pool-632-thread-1] INFO  ratis.ContainerStateMachine (ContainerStateMachine.java:loadSnapshot(226)) - group-CAF150EB820F: The snapshot info is null. Setting the last applied indexto:(t:0, i:~)
2019-09-19 09:44:44,511 [pool-632-thread-1] INFO  server.RaftServerConfigKeys (ConfUtils.java:logGet(43)) - raft.server.leader.election.timeout = 120s (custom)
2019-09-19 09:44:44,511 [pool-632-thread-1] INFO  server.RaftServerConfigKeys (ConfUtils.java:logGet(43)) - raft.server.log.use.memory = false (default)
2019-09-19 09:44:44,511 [pool-632-thread-1] INFO  server.RaftServerConfigKeys (ConfUtils.java:logGet(43)) - raft.server.log.purge.gap = 1000000 (custom)
2019-09-19 09:44:44,511 [pool-632-thread-1] INFO  server.RaftServerConfigKeys (ConfUtils.java:logGet(43)) - raft.server.log.appender.buffer.byte-limit = 33554432 (custom)
2019-09-19 09:44:44,512 [pool-632-thread-1] INFO  server.RaftServerConfigKeys (ConfUtils.java:logGet(43)) - raft.server.log.segment.size.max = 1048576 (custom)
2019-09-19 09:44:44,512 [pool-632-thread-1] INFO  server.RaftServerConfigKeys (ConfUtils.java:logGet(43)) - raft.server.log.segment.cache.num.max = 2 (custom)
2019-09-19 09:44:44,512 [pool-632-thread-1] INFO  segmented.SegmentedRaftLogWorker (SegmentedRaftLogWorker.java:<init>(172)) - new 97da3b28-af5a-4526-85e9-94ce27a94e14-SegmentedRaftLogWorker:Storage Directory /workdir/hadoop-ozone/ozonefs/target/test-dir/MiniOzoneClusterImpl-dbfea85f-f096-46e2-b73b-2281bdd0ed8c/datanode-2/data/ratis/509e9951-3f2b-4a5d-aade-caf150eb820f for RaftStorage:Storage Directory /workdir/hadoop-ozone/ozonefs/target/test-dir/MiniOzoneClusterImpl-dbfea85f-f096-46e2-b73b-2281bdd0ed8c/datanode-2/data/ratis/509e9951-3f2b-4a5d-aade-caf150eb820f
2019-09-19 09:44:44,512 [pool-632-thread-1] INFO  server.RaftServerConfigKeys (ConfUtils.java:logGet(43)) - raft.server.log.queue.byte-limit = 2147483647 (custom)
2019-09-19 09:44:44,512 [pool-632-thread-1] INFO  server.RaftServerConfigKeys (ConfUtils.java:logGet(43)) - raft.server.log.queue.element-limit = 1024 (custom)
2019-09-19 09:44:44,512 [pool-632-thread-1] INFO  server.RaftServerConfigKeys (ConfUtils.java:logGet(43)) - raft.server.log.segment.size.max = 1048576 (custom)
2019-09-19 09:44:44,512 [pool-632-thread-1] INFO  server.RaftServerConfigKeys (ConfUtils.java:logGet(43)) - raft.server.log.preallocated.size = 16384 (custom)
2019-09-19 09:44:44,512 [pool-632-thread-1] INFO  server.RaftServerConfigKeys (ConfUtils.java:logGet(43)) - raft.server.log.write.buffer.size = 33554432 (custom)
2019-09-19 09:44:44,513 [pool-632-thread-1] INFO  server.RaftServerConfigKeys (ConfUtils.java:logGet(43)) - raft.server.log.force.sync.num = 128 (default)
2019-09-19 09:44:44,513 [pool-632-thread-1] INFO  server.RaftServerConfigKeys (ConfUtils.java:logGet(43)) - raft.server.log.statemachine.data.sync = true (default)
2019-09-19 09:44:44,513 [pool-632-thread-1] INFO  server.RaftServerConfigKeys (ConfUtils.java:logGet(43)) - raft.server.log.statemachine.data.sync.timeout = 10s (default)
2019-09-19 09:44:44,513 [pool-632-thread-1] INFO  server.RaftServerConfigKeys (ConfUtils.java:logGet(43)) - raft.server.log.statemachine.data.sync.timeout.retry = -1 (default)
2019-09-19 09:44:44,513 [pool-632-thread-1] INFO  server.RaftServerConfigKeys (ConfUtils.java:logGet(43)) - raft.server.log.statemachine.data.caching.enabled = true (custom)
2019-09-19 09:44:44,513 [pool-632-thread-1] INFO  segmented.SegmentedRaftLogWorker (SegmentedRaftLogWorker.java:lambda$new$0(132)) - 97da3b28-af5a-4526-85e9-94ce27a94e14-SegmentedRaftLogWorker:Storage Directory /workdir/hadoop-ozone/ozonefs/target/test-dir/MiniOzoneClusterImpl-dbfea85f-f096-46e2-b73b-2281bdd0ed8c/datanode-2/data/ratis/509e9951-3f2b-4a5d-aade-caf150eb820f: flushIndex: setUnconditionally 0 -> -1
2019-09-19 09:44:44,514 [pool-632-thread-1] INFO  server.RaftServerConfigKeys (ConfUtils.java:logGet(43)) - raft.server.snapshot.auto.trigger.enabled = true (custom)
2019-09-19 09:44:44,514 [pool-632-thread-1] INFO  server.RaftServerConfigKeys (ConfUtils.java:logGet(43)) - raft.server.snapshot.auto.trigger.threshold = 10000 (custom)
2019-09-19 09:44:44,514 [pool-632-thread-1] INFO  server.RaftServerConfigKeys (ConfUtils.java:logGet(43)) - raft.server.retrycache.expirytime = 600000ms (custom)
2019-09-19 09:44:44,514 [pool-632-thread-1] INFO  impl.RaftServerImpl (RaftServerImpl.java:start(180)) - 97da3b28-af5a-4526-85e9-94ce27a94e14: start group-CAF150EB820F
2019-09-19 09:44:44,514 [pool-632-thread-1] INFO  impl.RaftServerImpl (RaftServerImpl.java:setRole(171)) - 97da3b28-af5a-4526-85e9-94ce27a94e14:group-CAF150EB820F changes role from null to FOLLOWER at term 0 for startAsFollower
2019-09-19 09:44:44,514 [pool-632-thread-1] INFO  impl.RoleInfo (RoleInfo.java:updateAndGet(143)) - 97da3b28-af5a-4526-85e9-94ce27a94e14: start FollowerState
2019-09-19 09:44:44,515 [pool-632-thread-1] INFO  util.JmxRegister (JmxRegister.java:tryRegister(44)) - Successfully registered JMX Bean with object name Ratis:service=RaftServer,group=group-CAF150EB820F,id=97da3b28-af5a-4526-85e9-94ce27a94e14
2019-09-19 09:44:44,517 [RatisPipelineUtilsThread] INFO  pipeline.PipelineStateManager (PipelineStateManager.java:addPipeline(56)) - Created pipeline Pipeline[ Id: 509e9951-3f2b-4a5d-aade-caf150eb820f, Nodes: 97da3b28-af5a-4526-85e9-94ce27a94e14{ip: 192.168.34.5, host: pr-hdds-1569-j4bt4-3030777008, networkLocation: /default-rack, certSerialId: null}, Type:RATIS, Factor:ONE, State:OPEN]
2019-09-19 09:44:44,517 [RatisPipelineUtilsThread] ERROR pipeline.PipelinePlacementPolicy (PipelinePlacementPolicy.java:meetCriteria(91)) - Pipeline Placement: Doesn't meet the criteria to be viable node. Heaviness: 6
2019-09-19 09:44:44,517 [RatisPipelineUtilsThread] ERROR pipeline.PipelinePlacementPolicy (PipelinePlacementPolicy.java:meetCriteria(91)) - Pipeline Placement: Doesn't meet the criteria to be viable node. Heaviness: 6
2019-09-19 09:44:44,521 [grpc-default-executor-0] INFO  impl.RaftServerProxy (RaftServerProxy.java:addNew(89)) - 97da3b28-af5a-4526-85e9-94ce27a94e14: addNew group-AC318A489A6A:[97da3b28-af5a-4526-85e9-94ce27a94e14:192.168.34.5:39413] returns group-AC318A489A6A:java.util.concurrent.CompletableFuture@5876bd37[Not completed]
2019-09-19 09:44:44,522 [pool-632-thread-1] INFO  impl.RaftServerImpl (RaftServerImpl.java:<init>(93)) - 97da3b28-af5a-4526-85e9-94ce27a94e14: new RaftServerImpl for group-AC318A489A6A:[97da3b28-af5a-4526-85e9-94ce27a94e14:192.168.34.5:39413] with ContainerStateMachine:uninitialized
2019-09-19 09:44:44,522 [pool-632-thread-1] INFO  server.RaftServerConfigKeys (ConfUtils.java:logGet(43)) - raft.server.rpc.timeout.min = 5s (custom)
2019-09-19 09:44:44,522 [pool-632-thread-1] INFO  server.RaftServerConfigKeys (ConfUtils.java:logGet(43)) - raft.server.rpc.timeout.max = 5200ms (custom)
2019-09-19 09:44:44,522 [pool-632-thread-1] INFO  server.RaftServerConfigKeys (ConfUtils.java:logGet(43)) - raft.server.rpcslowness.timeout = 120s (custom)
2019-09-19 09:44:44,523 [pool-632-thread-1] INFO  server.RaftServerConfigKeys (ConfUtils.java:logGet(43)) - raft.server.sleep.deviation.threshold = 300 (default)
2019-09-19 09:44:44,523 [pool-632-thread-1] INFO  server.RaftServerConfigKeys (ConfUtils.java:logGet(43)) - raft.server.log.appender.install.snapshot.enabled = false (custom)
2019-09-19 09:44:44,523 [pool-632-thread-1] INFO  impl.RaftServerImpl (ServerState.java:<init>(105)) - 97da3b28-af5a-4526-85e9-94ce27a94e14:group-AC318A489A6A ConfigurationManager, init=-1: [97da3b28-af5a-4526-85e9-94ce27a94e14:192.168.34.5:39413], old=null, confs=<EMPTY_MAP>
2019-09-19 09:44:44,523 [pool-632-thread-1] INFO  server.RaftServerConfigKeys (ConfUtils.java:logGet(43)) - raft.server.storage.dir = [/workdir/hadoop-ozone/ozonefs/target/test-dir/MiniOzoneClusterImpl-dbfea85f-f096-46e2-b73b-2281bdd0ed8c/datanode-2/data/ratis] (custom)
2019-09-19 09:44:44,523 [pool-632-thread-1] INFO  storage.RaftStorageDirectory (RaftStorageDirectory.java:analyzeStorage(246)) - The storage directory /workdir/hadoop-ozone/ozonefs/target/test-dir/MiniOzoneClusterImpl-dbfea85f-f096-46e2-b73b-2281bdd0ed8c/datanode-2/data/ratis/0a7d4535-ca0e-46ca-8c8d-ac318a489a6a does not exist. Creating ...
2019-09-19 09:44:44,536 [pool-632-thread-1] INFO  storage.RaftStorageDirectory (RaftStorageDirectory.java:tryLock(328)) - Lock on /workdir/hadoop-ozone/ozonefs/target/test-dir/MiniOzoneClusterImpl-dbfea85f-f096-46e2-b73b-2281bdd0ed8c/datanode-2/data/ratis/0a7d4535-ca0e-46ca-8c8d-ac318a489a6a/in_use.lock acquired by nodename 24695@pr-hdds-1569-j4bt4-3030777008
2019-09-19 09:44:44,550 [pool-632-thread-1] INFO  storage.RaftStorage (RaftStorage.java:format(72)) - Storage directory /workdir/hadoop-ozone/ozonefs/target/test-dir/MiniOzoneClusterImpl-dbfea85f-f096-46e2-b73b-2281bdd0ed8c/datanode-2/data/ratis/0a7d4535-ca0e-46ca-8c8d-ac318a489a6a has been successfully formatted.
2019-09-19 09:44:44,550 [pool-632-thread-1] INFO  ratis.ContainerStateMachine (ContainerStateMachine.java:loadSnapshot(226)) - group-AC318A489A6A: The snapshot info is null. Setting the last applied indexto:(t:0, i:~)
2019-09-19 09:44:44,550 [pool-632-thread-1] INFO  server.RaftServerConfigKeys (ConfUtils.java:logGet(43)) - raft.server.leader.election.timeout = 120s (custom)
2019-09-19 09:44:44,550 [pool-632-thread-1] INFO  server.RaftServerConfigKeys (ConfUtils.java:logGet(43)) - raft.server.log.use.memory = false (default)
2019-09-19 09:44:44,550 [pool-632-thread-1] INFO  server.RaftServerConfigKeys (ConfUtils.java:logGet(43)) - raft.server.log.purge.gap = 1000000 (custom)
2019-09-19 09:44:44,550 [pool-632-thread-1] INFO  server.RaftServerConfigKeys (ConfUtils.java:logGet(43)) - raft.server.log.appender.buffer.byte-limit = 33554432 (custom)
2019-09-19 09:44:44,550 [pool-632-thread-1] INFO  server.RaftServerConfigKeys (ConfUtils.java:logGet(43)) - raft.server.log.segment.size.max = 1048576 (custom)
2019-09-19 09:44:44,550 [pool-632-thread-1] INFO  server.RaftServerConfigKeys (ConfUtils.java:logGet(43)) - raft.server.log.segment.cache.num.max = 2 (custom)
2019-09-19 09:44:44,551 [pool-632-thread-1] INFO  segmented.SegmentedRaftLogWorker (SegmentedRaftLogWorker.java:<init>(172)) - new 97da3b28-af5a-4526-85e9-94ce27a94e14-SegmentedRaftLogWorker:Storage Directory /workdir/hadoop-ozone/ozonefs/target/test-dir/MiniOzoneClusterImpl-dbfea85f-f096-46e2-b73b-2281bdd0ed8c/datanode-2/data/ratis/0a7d4535-ca0e-46ca-8c8d-ac318a489a6a for RaftStorage:Storage Directory /workdir/hadoop-ozone/ozonefs/target/test-dir/MiniOzoneClusterImpl-dbfea85f-f096-46e2-b73b-2281bdd0ed8c/datanode-2/data/ratis/0a7d4535-ca0e-46ca-8c8d-ac318a489a6a
2019-09-19 09:44:44,551 [pool-632-thread-1] INFO  server.RaftServerConfigKeys (ConfUtils.java:logGet(43)) - raft.server.log.queue.byte-limit = 2147483647 (custom)
2019-09-19 09:44:44,551 [pool-632-thread-1] INFO  server.RaftServerConfigKeys (ConfUtils.java:logGet(43)) - raft.server.log.queue.element-limit = 1024 (custom)
2019-09-19 09:44:44,551 [pool-632-thread-1] INFO  server.RaftServerConfigKeys (ConfUtils.java:logGet(43)) - raft.server.log.segment.size.max = 1048576 (custom)
2019-09-19 09:44:44,551 [pool-632-thread-1] INFO  server.RaftServerConfigKeys (ConfUtils.java:logGet(43)) - raft.server.log.preallocated.size = 16384 (custom)
2019-09-19 09:44:44,551 [pool-632-thread-1] INFO  server.RaftServerConfigKeys (ConfUtils.java:logGet(43)) - raft.server.log.write.buffer.size = 33554432 (custom)
2019-09-19 09:44:44,551 [pool-632-thread-1] INFO  server.RaftServerConfigKeys (ConfUtils.java:logGet(43)) - raft.server.log.force.sync.num = 128 (default)
2019-09-19 09:44:44,551 [pool-632-thread-1] INFO  server.RaftServerConfigKeys (ConfUtils.java:logGet(43)) - raft.server.log.statemachine.data.sync = true (default)
2019-09-19 09:44:44,551 [pool-632-thread-1] INFO  server.RaftServerConfigKeys (ConfUtils.java:logGet(43)) - raft.server.log.statemachine.data.sync.timeout = 10s (default)
2019-09-19 09:44:44,552 [pool-632-thread-1] INFO  server.RaftServerConfigKeys (ConfUtils.java:logGet(43)) - raft.server.log.statemachine.data.sync.timeout.retry = -1 (default)
2019-09-19 09:44:44,552 [pool-632-thread-1] INFO  server.RaftServerConfigKeys (ConfUtils.java:logGet(43)) - raft.server.log.statemachine.data.caching.enabled = true (custom)
2019-09-19 09:44:44,552 [pool-632-thread-1] INFO  segmented.SegmentedRaftLogWorker (SegmentedRaftLogWorker.java:lambda$new$0(132)) - 97da3b28-af5a-4526-85e9-94ce27a94e14-SegmentedRaftLogWorker:Storage Directory /workdir/hadoop-ozone/ozonefs/target/test-dir/MiniOzoneClusterImpl-dbfea85f-f096-46e2-b73b-2281bdd0ed8c/datanode-2/data/ratis/0a7d4535-ca0e-46ca-8c8d-ac318a489a6a: flushIndex: setUnconditionally 0 -> -1
2019-09-19 09:44:44,552 [pool-632-thread-1] INFO  server.RaftServerConfigKeys (ConfUtils.java:logGet(43)) - raft.server.snapshot.auto.trigger.enabled = true (custom)
2019-09-19 09:44:44,552 [pool-632-thread-1] INFO  server.RaftServerConfigKeys (ConfUtils.java:logGet(43)) - raft.server.snapshot.auto.trigger.threshold = 10000 (custom)
2019-09-19 09:44:44,552 [pool-632-thread-1] INFO  server.RaftServerConfigKeys (ConfUtils.java:logGet(43)) - raft.server.retrycache.expirytime = 600000ms (custom)
2019-09-19 09:44:44,553 [pool-632-thread-1] INFO  impl.RaftServerImpl (RaftServerImpl.java:start(180)) - 97da3b28-af5a-4526-85e9-94ce27a94e14: start group-AC318A489A6A
2019-09-19 09:44:44,553 [pool-632-thread-1] INFO  impl.RaftServerImpl (RaftServerImpl.java:setRole(171)) - 97da3b28-af5a-4526-85e9-94ce27a94e14:group-AC318A489A6A changes role from null to FOLLOWER at term 0 for startAsFollower
2019-09-19 09:44:44,553 [pool-632-thread-1] INFO  impl.RoleInfo (RoleInfo.java:updateAndGet(143)) - 97da3b28-af5a-4526-85e9-94ce27a94e14: start FollowerState
2019-09-19 09:44:44,553 [pool-632-thread-1] INFO  util.JmxRegister (JmxRegister.java:tryRegister(44)) - Successfully registered JMX Bean with object name Ratis:service=RaftServer,group=group-AC318A489A6A,id=97da3b28-af5a-4526-85e9-94ce27a94e14
2019-09-19 09:44:44,555 [RatisPipelineUtilsThread] INFO  pipeline.PipelineStateManager (PipelineStateManager.java:addPipeline(56)) - Created pipeline Pipeline[ Id: 0a7d4535-ca0e-46ca-8c8d-ac318a489a6a, Nodes: 97da3b28-af5a-4526-85e9-94ce27a94e14{ip: 192.168.34.5, host: pr-hdds-1569-j4bt4-3030777008, networkLocation: /default-rack, certSerialId: null}, Type:RATIS, Factor:ONE, State:OPEN]
2019-09-19 09:44:44,555 [RatisPipelineUtilsThread] ERROR pipeline.PipelinePlacementPolicy (PipelinePlacementPolicy.java:meetCriteria(91)) - Pipeline Placement: Doesn't meet the criteria to be viable node. Heaviness: 6
2019-09-19 09:44:44,556 [RatisPipelineUtilsThread] ERROR pipeline.PipelinePlacementPolicy (PipelinePlacementPolicy.java:meetCriteria(91)) - Pipeline Placement: Doesn't meet the criteria to be viable node. Heaviness: 6
2019-09-19 09:44:44,560 [grpc-default-executor-0] INFO  impl.RaftServerProxy (RaftServerProxy.java:addNew(89)) - 97da3b28-af5a-4526-85e9-94ce27a94e14: addNew group-FE90908E92A4:[97da3b28-af5a-4526-85e9-94ce27a94e14:192.168.34.5:39413] returns group-FE90908E92A4:java.util.concurrent.CompletableFuture@35261764[Not completed]
2019-09-19 09:44:44,561 [pool-632-thread-1] INFO  impl.RaftServerImpl (RaftServerImpl.java:<init>(93)) - 97da3b28-af5a-4526-85e9-94ce27a94e14: new RaftServerImpl for group-FE90908E92A4:[97da3b28-af5a-4526-85e9-94ce27a94e14:192.168.34.5:39413] with ContainerStateMachine:uninitialized
2019-09-19 09:44:44,561 [pool-632-thread-1] INFO  server.RaftServerConfigKeys (ConfUtils.java:logGet(43)) - raft.server.rpc.timeout.min = 5s (custom)
2019-09-19 09:44:44,561 [pool-632-thread-1] INFO  server.RaftServerConfigKeys (ConfUtils.java:logGet(43)) - raft.server.rpc.timeout.max = 5200ms (custom)
2019-09-19 09:44:44,561 [pool-632-thread-1] INFO  server.RaftServerConfigKeys (ConfUtils.java:logGet(43)) - raft.server.rpcslowness.timeout = 120s (custom)
2019-09-19 09:44:44,561 [pool-632-thread-1] INFO  server.RaftServerConfigKeys (ConfUtils.java:logGet(43)) - raft.server.sleep.deviation.threshold = 300 (default)
2019-09-19 09:44:44,561 [pool-632-thread-1] INFO  server.RaftServerConfigKeys (ConfUtils.java:logGet(43)) - raft.server.log.appender.install.snapshot.enabled = false (custom)
2019-09-19 09:44:44,561 [pool-632-thread-1] INFO  impl.RaftServerImpl (ServerState.java:<init>(105)) - 97da3b28-af5a-4526-85e9-94ce27a94e14:group-FE90908E92A4 ConfigurationManager, init=-1: [97da3b28-af5a-4526-85e9-94ce27a94e14:192.168.34.5:39413], old=null, confs=<EMPTY_MAP>
2019-09-19 09:44:44,561 [pool-632-thread-1] INFO  server.RaftServerConfigKeys (ConfUtils.java:logGet(43)) - raft.server.storage.dir = [/workdir/hadoop-ozone/ozonefs/target/test-dir/MiniOzoneClusterImpl-dbfea85f-f096-46e2-b73b-2281bdd0ed8c/datanode-2/data/ratis] (custom)
2019-09-19 09:44:44,562 [pool-632-thread-1] INFO  storage.RaftStorageDirectory (RaftStorageDirectory.java:analyzeStorage(246)) - The storage directory /workdir/hadoop-ozone/ozonefs/target/test-dir/MiniOzoneClusterImpl-dbfea85f-f096-46e2-b73b-2281bdd0ed8c/datanode-2/data/ratis/faf61666-eaf8-4cda-ab23-fe90908e92a4 does not exist. Creating ...
2019-09-19 09:44:44,574 [pool-632-thread-1] INFO  storage.RaftStorageDirectory (RaftStorageDirectory.java:tryLock(328)) - Lock on /workdir/hadoop-ozone/ozonefs/target/test-dir/MiniOzoneClusterImpl-dbfea85f-f096-46e2-b73b-2281bdd0ed8c/datanode-2/data/ratis/faf61666-eaf8-4cda-ab23-fe90908e92a4/in_use.lock acquired by nodename 24695@pr-hdds-1569-j4bt4-3030777008
2019-09-19 09:44:44,587 [pool-632-thread-1] INFO  storage.RaftStorage (RaftStorage.java:format(72)) - Storage directory /workdir/hadoop-ozone/ozonefs/target/test-dir/MiniOzoneClusterImpl-dbfea85f-f096-46e2-b73b-2281bdd0ed8c/datanode-2/data/ratis/faf61666-eaf8-4cda-ab23-fe90908e92a4 has been successfully formatted.
2019-09-19 09:44:44,587 [pool-632-thread-1] INFO  ratis.ContainerStateMachine (ContainerStateMachine.java:loadSnapshot(226)) - group-FE90908E92A4: The snapshot info is null. Setting the last applied indexto:(t:0, i:~)
2019-09-19 09:44:44,587 [pool-632-thread-1] INFO  server.RaftServerConfigKeys (ConfUtils.java:logGet(43)) - raft.server.leader.election.timeout = 120s (custom)
2019-09-19 09:44:44,588 [pool-632-thread-1] INFO  server.RaftServerConfigKeys (ConfUtils.java:logGet(43)) - raft.server.log.use.memory = false (default)
2019-09-19 09:44:44,588 [pool-632-thread-1] INFO  server.RaftServerConfigKeys (ConfUtils.java:logGet(43)) - raft.server.log.purge.gap = 1000000 (custom)
2019-09-19 09:44:44,588 [pool-632-thread-1] INFO  server.RaftServerConfigKeys (ConfUtils.java:logGet(43)) - raft.server.log.appender.buffer.byte-limit = 33554432 (custom)
2019-09-19 09:44:44,588 [pool-632-thread-1] INFO  server.RaftServerConfigKeys (ConfUtils.java:logGet(43)) - raft.server.log.segment.size.max = 1048576 (custom)
2019-09-19 09:44:44,588 [pool-632-thread-1] INFO  server.RaftServerConfigKeys (ConfUtils.java:logGet(43)) - raft.server.log.segment.cache.num.max = 2 (custom)
2019-09-19 09:44:44,588 [pool-632-thread-1] INFO  segmented.SegmentedRaftLogWorker (SegmentedRaftLogWorker.java:<init>(172)) - new 97da3b28-af5a-4526-85e9-94ce27a94e14-SegmentedRaftLogWorker:Storage Directory /workdir/hadoop-ozone/ozonefs/target/test-dir/MiniOzoneClusterImpl-dbfea85f-f096-46e2-b73b-2281bdd0ed8c/datanode-2/data/ratis/faf61666-eaf8-4cda-ab23-fe90908e92a4 for RaftStorage:Storage Directory /workdir/hadoop-ozone/ozonefs/target/test-dir/MiniOzoneClusterImpl-dbfea85f-f096-46e2-b73b-2281bdd0ed8c/datanode-2/data/ratis/faf61666-eaf8-4cda-ab23-fe90908e92a4
2019-09-19 09:44:44,588 [pool-632-thread-1] INFO  server.RaftServerConfigKeys (ConfUtils.java:logGet(43)) - raft.server.log.queue.byte-limit = 2147483647 (custom)
2019-09-19 09:44:44,588 [pool-632-thread-1] INFO  server.RaftServerConfigKeys (ConfUtils.java:logGet(43)) - raft.server.log.queue.element-limit = 1024 (custom)
2019-09-19 09:44:44,588 [pool-632-thread-1] INFO  server.RaftServerConfigKeys (ConfUtils.java:logGet(43)) - raft.server.log.segment.size.max = 1048576 (custom)
2019-09-19 09:44:44,588 [pool-632-thread-1] INFO  server.RaftServerConfigKeys (ConfUtils.java:logGet(43)) - raft.server.log.preallocated.size = 16384 (custom)
2019-09-19 09:44:44,589 [pool-632-thread-1] INFO  server.RaftServerConfigKeys (ConfUtils.java:logGet(43)) - raft.server.log.write.buffer.size = 33554432 (custom)
2019-09-19 09:44:44,589 [pool-632-thread-1] INFO  server.RaftServerConfigKeys (ConfUtils.java:logGet(43)) - raft.server.log.force.sync.num = 128 (default)
2019-09-19 09:44:44,589 [pool-632-thread-1] INFO  server.RaftServerConfigKeys (ConfUtils.java:logGet(43)) - raft.server.log.statemachine.data.sync = true (default)
2019-09-19 09:44:44,589 [pool-632-thread-1] INFO  server.RaftServerConfigKeys (ConfUtils.java:logGet(43)) - raft.server.log.statemachine.data.sync.timeout = 10s (default)
2019-09-19 09:44:44,589 [pool-632-thread-1] INFO  server.RaftServerConfigKeys (ConfUtils.java:logGet(43)) - raft.server.log.statemachine.data.sync.timeout.retry = -1 (default)
2019-09-19 09:44:44,589 [pool-632-thread-1] INFO  server.RaftServerConfigKeys (ConfUtils.java:logGet(43)) - raft.server.log.statemachine.data.caching.enabled = true (custom)
2019-09-19 09:44:44,589 [pool-632-thread-1] INFO  segmented.SegmentedRaftLogWorker (SegmentedRaftLogWorker.java:lambda$new$0(132)) - 97da3b28-af5a-4526-85e9-94ce27a94e14-SegmentedRaftLogWorker:Storage Directory /workdir/hadoop-ozone/ozonefs/target/test-dir/MiniOzoneClusterImpl-dbfea85f-f096-46e2-b73b-2281bdd0ed8c/datanode-2/data/ratis/faf61666-eaf8-4cda-ab23-fe90908e92a4: flushIndex: setUnconditionally 0 -> -1
2019-09-19 09:44:44,590 [pool-632-thread-1] INFO  server.RaftServerConfigKeys (ConfUtils.java:logGet(43)) - raft.server.snapshot.auto.trigger.enabled = true (custom)
2019-09-19 09:44:44,590 [pool-632-thread-1] INFO  server.RaftServerConfigKeys (ConfUtils.java:logGet(43)) - raft.server.snapshot.auto.trigger.threshold = 10000 (custom)
2019-09-19 09:44:44,590 [pool-632-thread-1] INFO  server.RaftServerConfigKeys (ConfUtils.java:logGet(43)) - raft.server.retrycache.expirytime = 600000ms (custom)
2019-09-19 09:44:44,590 [pool-632-thread-1] INFO  impl.RaftServerImpl (RaftServerImpl.java:start(180)) - 97da3b28-af5a-4526-85e9-94ce27a94e14: start group-FE90908E92A4
2019-09-19 09:44:44,590 [pool-632-thread-1] INFO  impl.RaftServerImpl (RaftServerImpl.java:setRole(171)) - 97da3b28-af5a-4526-85e9-94ce27a94e14:group-FE90908E92A4 changes role from null to FOLLOWER at term 0 for startAsFollower
2019-09-19 09:44:44,590 [pool-632-thread-1] INFO  impl.RoleInfo (RoleInfo.java:updateAndGet(143)) - 97da3b28-af5a-4526-85e9-94ce27a94e14: start FollowerState
2019-09-19 09:44:44,590 [pool-632-thread-1] INFO  util.JmxRegister (JmxRegister.java:tryRegister(44)) - Successfully registered JMX Bean with object name Ratis:service=RaftServer,group=group-FE90908E92A4,id=97da3b28-af5a-4526-85e9-94ce27a94e14
2019-09-19 09:44:44,593 [RatisPipelineUtilsThread] INFO  pipeline.PipelineStateManager (PipelineStateManager.java:addPipeline(56)) - Created pipeline Pipeline[ Id: faf61666-eaf8-4cda-ab23-fe90908e92a4, Nodes: 97da3b28-af5a-4526-85e9-94ce27a94e14{ip: 192.168.34.5, host: pr-hdds-1569-j4bt4-3030777008, networkLocation: /default-rack, certSerialId: null}, Type:RATIS, Factor:ONE, State:OPEN]
2019-09-19 09:44:44,593 [RatisPipelineUtilsThread] ERROR pipeline.PipelinePlacementPolicy (PipelinePlacementPolicy.java:meetCriteria(91)) - Pipeline Placement: Doesn't meet the criteria to be viable node. Heaviness: 6
2019-09-19 09:44:44,593 [RatisPipelineUtilsThread] ERROR pipeline.PipelinePlacementPolicy (PipelinePlacementPolicy.java:meetCriteria(91)) - Pipeline Placement: Doesn't meet the criteria to be viable node. Heaviness: 6
2019-09-19 09:44:44,597 [grpc-default-executor-0] INFO  impl.RaftServerProxy (RaftServerProxy.java:addNew(89)) - 97da3b28-af5a-4526-85e9-94ce27a94e14: addNew group-3222B9495BCE:[97da3b28-af5a-4526-85e9-94ce27a94e14:192.168.34.5:39413] returns group-3222B9495BCE:java.util.concurrent.CompletableFuture@72eef268[Not completed]
2019-09-19 09:44:44,598 [pool-632-thread-1] INFO  impl.RaftServerImpl (RaftServerImpl.java:<init>(93)) - 97da3b28-af5a-4526-85e9-94ce27a94e14: new RaftServerImpl for group-3222B9495BCE:[97da3b28-af5a-4526-85e9-94ce27a94e14:192.168.34.5:39413] with ContainerStateMachine:uninitialized
2019-09-19 09:44:44,598 [pool-632-thread-1] INFO  server.RaftServerConfigKeys (ConfUtils.java:logGet(43)) - raft.server.rpc.timeout.min = 5s (custom)
2019-09-19 09:44:44,598 [pool-632-thread-1] INFO  server.RaftServerConfigKeys (ConfUtils.java:logGet(43)) - raft.server.rpc.timeout.max = 5200ms (custom)
2019-09-19 09:44:44,598 [pool-632-thread-1] INFO  server.RaftServerConfigKeys (ConfUtils.java:logGet(43)) - raft.server.rpcslowness.timeout = 120s (custom)
2019-09-19 09:44:44,598 [pool-632-thread-1] INFO  server.RaftServerConfigKeys (ConfUtils.java:logGet(43)) - raft.server.sleep.deviation.threshold = 300 (default)
2019-09-19 09:44:44,598 [pool-632-thread-1] INFO  server.RaftServerConfigKeys (ConfUtils.java:logGet(43)) - raft.server.log.appender.install.snapshot.enabled = false (custom)
2019-09-19 09:44:44,599 [pool-632-thread-1] INFO  impl.RaftServerImpl (ServerState.java:<init>(105)) - 97da3b28-af5a-4526-85e9-94ce27a94e14:group-3222B9495BCE ConfigurationManager, init=-1: [97da3b28-af5a-4526-85e9-94ce27a94e14:192.168.34.5:39413], old=null, confs=<EMPTY_MAP>
2019-09-19 09:44:44,599 [pool-632-thread-1] INFO  server.RaftServerConfigKeys (ConfUtils.java:logGet(43)) - raft.server.storage.dir = [/workdir/hadoop-ozone/ozonefs/target/test-dir/MiniOzoneClusterImpl-dbfea85f-f096-46e2-b73b-2281bdd0ed8c/datanode-2/data/ratis] (custom)
2019-09-19 09:44:44,599 [pool-632-thread-1] INFO  storage.RaftStorageDirectory (RaftStorageDirectory.java:analyzeStorage(246)) - The storage directory /workdir/hadoop-ozone/ozonefs/target/test-dir/MiniOzoneClusterImpl-dbfea85f-f096-46e2-b73b-2281bdd0ed8c/datanode-2/data/ratis/a3e0539e-0318-4ad2-b4cf-3222b9495bce does not exist. Creating ...
2019-09-19 09:44:44,612 [pool-632-thread-1] INFO  storage.RaftStorageDirectory (RaftStorageDirectory.java:tryLock(328)) - Lock on /workdir/hadoop-ozone/ozonefs/target/test-dir/MiniOzoneClusterImpl-dbfea85f-f096-46e2-b73b-2281bdd0ed8c/datanode-2/data/ratis/a3e0539e-0318-4ad2-b4cf-3222b9495bce/in_use.lock acquired by nodename 24695@pr-hdds-1569-j4bt4-3030777008
2019-09-19 09:44:44,625 [pool-632-thread-1] INFO  storage.RaftStorage (RaftStorage.java:format(72)) - Storage directory /workdir/hadoop-ozone/ozonefs/target/test-dir/MiniOzoneClusterImpl-dbfea85f-f096-46e2-b73b-2281bdd0ed8c/datanode-2/data/ratis/a3e0539e-0318-4ad2-b4cf-3222b9495bce has been successfully formatted.
2019-09-19 09:44:44,625 [pool-632-thread-1] INFO  ratis.ContainerStateMachine (ContainerStateMachine.java:loadSnapshot(226)) - group-3222B9495BCE: The snapshot info is null. Setting the last applied indexto:(t:0, i:~)
2019-09-19 09:44:44,625 [pool-632-thread-1] INFO  server.RaftServerConfigKeys (ConfUtils.java:logGet(43)) - raft.server.leader.election.timeout = 120s (custom)
2019-09-19 09:44:44,626 [pool-632-thread-1] INFO  server.RaftServerConfigKeys (ConfUtils.java:logGet(43)) - raft.server.log.use.memory = false (default)
2019-09-19 09:44:44,626 [pool-632-thread-1] INFO  server.RaftServerConfigKeys (ConfUtils.java:logGet(43)) - raft.server.log.purge.gap = 1000000 (custom)
2019-09-19 09:44:44,626 [pool-632-thread-1] INFO  server.RaftServerConfigKeys (ConfUtils.java:logGet(43)) - raft.server.log.appender.buffer.byte-limit = 33554432 (custom)
2019-09-19 09:44:44,626 [pool-632-thread-1] INFO  server.RaftServerConfigKeys (ConfUtils.java:logGet(43)) - raft.server.log.segment.size.max = 1048576 (custom)
2019-09-19 09:44:44,626 [pool-632-thread-1] INFO  server.RaftServerConfigKeys (ConfUtils.java:logGet(43)) - raft.server.log.segment.cache.num.max = 2 (custom)
2019-09-19 09:44:44,626 [pool-632-thread-1] INFO  segmented.SegmentedRaftLogWorker (SegmentedRaftLogWorker.java:<init>(172)) - new 97da3b28-af5a-4526-85e9-94ce27a94e14-SegmentedRaftLogWorker:Storage Directory /workdir/hadoop-ozone/ozonefs/target/test-dir/MiniOzoneClusterImpl-dbfea85f-f096-46e2-b73b-2281bdd0ed8c/datanode-2/data/ratis/a3e0539e-0318-4ad2-b4cf-3222b9495bce for RaftStorage:Storage Directory /workdir/hadoop-ozone/ozonefs/target/test-dir/MiniOzoneClusterImpl-dbfea85f-f096-46e2-b73b-2281bdd0ed8c/datanode-2/data/ratis/a3e0539e-0318-4ad2-b4cf-3222b9495bce
2019-09-19 09:44:44,626 [pool-632-thread-1] INFO  server.RaftServerConfigKeys (ConfUtils.java:logGet(43)) - raft.server.log.queue.byte-limit = 2147483647 (custom)
2019-09-19 09:44:44,626 [pool-632-thread-1] INFO  server.RaftServerConfigKeys (ConfUtils.java:logGet(43)) - raft.server.log.queue.element-limit = 1024 (custom)
2019-09-19 09:44:44,626 [pool-632-thread-1] INFO  server.RaftServerConfigKeys (ConfUtils.java:logGet(43)) - raft.server.log.segment.size.max = 1048576 (custom)
2019-09-19 09:44:44,626 [pool-632-thread-1] INFO  server.RaftServerConfigKeys (ConfUtils.java:logGet(43)) - raft.server.log.preallocated.size = 16384 (custom)
2019-09-19 09:44:44,627 [pool-632-thread-1] INFO  server.RaftServerConfigKeys (ConfUtils.java:logGet(43)) - raft.server.log.write.buffer.size = 33554432 (custom)
2019-09-19 09:44:44,627 [pool-632-thread-1] INFO  server.RaftServerConfigKeys (ConfUtils.java:logGet(43)) - raft.server.log.force.sync.num = 128 (default)
2019-09-19 09:44:44,627 [pool-632-thread-1] INFO  server.RaftServerConfigKeys (ConfUtils.java:logGet(43)) - raft.server.log.statemachine.data.sync = true (default)
2019-09-19 09:44:44,627 [pool-632-thread-1] INFO  server.RaftServerConfigKeys (ConfUtils.java:logGet(43)) - raft.server.log.statemachine.data.sync.timeout = 10s (default)
2019-09-19 09:44:44,627 [pool-632-thread-1] INFO  server.RaftServerConfigKeys (ConfUtils.java:logGet(43)) - raft.server.log.statemachine.data.sync.timeout.retry = -1 (default)
2019-09-19 09:44:44,627 [pool-632-thread-1] INFO  server.RaftServerConfigKeys (ConfUtils.java:logGet(43)) - raft.server.log.statemachine.data.caching.enabled = true (custom)
2019-09-19 09:44:44,627 [pool-632-thread-1] INFO  segmented.SegmentedRaftLogWorker (SegmentedRaftLogWorker.java:lambda$new$0(132)) - 97da3b28-af5a-4526-85e9-94ce27a94e14-SegmentedRaftLogWorker:Storage Directory /workdir/hadoop-ozone/ozonefs/target/test-dir/MiniOzoneClusterImpl-dbfea85f-f096-46e2-b73b-2281bdd0ed8c/datanode-2/data/ratis/a3e0539e-0318-4ad2-b4cf-3222b9495bce: flushIndex: setUnconditionally 0 -> -1
2019-09-19 09:44:44,628 [pool-632-thread-1] INFO  server.RaftServerConfigKeys (ConfUtils.java:logGet(43)) - raft.server.snapshot.auto.trigger.enabled = true (custom)
2019-09-19 09:44:44,628 [pool-632-thread-1] INFO  server.RaftServerConfigKeys (ConfUtils.java:logGet(43)) - raft.server.snapshot.auto.trigger.threshold = 10000 (custom)
2019-09-19 09:44:44,628 [pool-632-thread-1] INFO  server.RaftServerConfigKeys (ConfUtils.java:logGet(43)) - raft.server.retrycache.expirytime = 600000ms (custom)
2019-09-19 09:44:44,628 [pool-632-thread-1] INFO  impl.RaftServerImpl (RaftServerImpl.java:start(180)) - 97da3b28-af5a-4526-85e9-94ce27a94e14: start group-3222B9495BCE
2019-09-19 09:44:44,628 [pool-632-thread-1] INFO  impl.RaftServerImpl (RaftServerImpl.java:setRole(171)) - 97da3b28-af5a-4526-85e9-94ce27a94e14:group-3222B9495BCE changes role from null to FOLLOWER at term 0 for startAsFollower
2019-09-19 09:44:44,628 [pool-632-thread-1] INFO  impl.RoleInfo (RoleInfo.java:updateAndGet(143)) - 97da3b28-af5a-4526-85e9-94ce27a94e14: start FollowerState
2019-09-19 09:44:44,628 [pool-632-thread-1] INFO  util.JmxRegister (JmxRegister.java:tryRegister(44)) - Successfully registered JMX Bean with object name Ratis:service=RaftServer,group=group-3222B9495BCE,id=97da3b28-af5a-4526-85e9-94ce27a94e14
2019-09-19 09:44:44,631 [RatisPipelineUtilsThread] INFO  pipeline.PipelineStateManager (PipelineStateManager.java:addPipeline(56)) - Created pipeline Pipeline[ Id: a3e0539e-0318-4ad2-b4cf-3222b9495bce, Nodes: 97da3b28-af5a-4526-85e9-94ce27a94e14{ip: 192.168.34.5, host: pr-hdds-1569-j4bt4-3030777008, networkLocation: /default-rack, certSerialId: null}, Type:RATIS, Factor:ONE, State:OPEN]
2019-09-19 09:44:44,631 [RatisPipelineUtilsThread] ERROR pipeline.PipelinePlacementPolicy (PipelinePlacementPolicy.java:meetCriteria(91)) - Pipeline Placement: Doesn't meet the criteria to be viable node. Heaviness: 6
2019-09-19 09:44:44,631 [RatisPipelineUtilsThread] ERROR pipeline.PipelinePlacementPolicy (PipelinePlacementPolicy.java:meetCriteria(91)) - Pipeline Placement: Doesn't meet the criteria to be viable node. Heaviness: 6
2019-09-19 09:44:44,636 [grpc-default-executor-0] INFO  impl.RaftServerProxy (RaftServerProxy.java:addNew(89)) - 97da3b28-af5a-4526-85e9-94ce27a94e14: addNew group-0A511FD7004C:[97da3b28-af5a-4526-85e9-94ce27a94e14:192.168.34.5:39413] returns group-0A511FD7004C:java.util.concurrent.CompletableFuture@6a0aea52[Not completed]
2019-09-19 09:44:44,636 [pool-632-thread-1] INFO  impl.RaftServerImpl (RaftServerImpl.java:<init>(93)) - 97da3b28-af5a-4526-85e9-94ce27a94e14: new RaftServerImpl for group-0A511FD7004C:[97da3b28-af5a-4526-85e9-94ce27a94e14:192.168.34.5:39413] with ContainerStateMachine:uninitialized
2019-09-19 09:44:44,636 [pool-632-thread-1] INFO  server.RaftServerConfigKeys (ConfUtils.java:logGet(43)) - raft.server.rpc.timeout.min = 5s (custom)
2019-09-19 09:44:44,636 [pool-632-thread-1] INFO  server.RaftServerConfigKeys (ConfUtils.java:logGet(43)) - raft.server.rpc.timeout.max = 5200ms (custom)
2019-09-19 09:44:44,637 [pool-632-thread-1] INFO  server.RaftServerConfigKeys (ConfUtils.java:logGet(43)) - raft.server.rpcslowness.timeout = 120s (custom)
2019-09-19 09:44:44,637 [pool-632-thread-1] INFO  server.RaftServerConfigKeys (ConfUtils.java:logGet(43)) - raft.server.sleep.deviation.threshold = 300 (default)
2019-09-19 09:44:44,637 [pool-632-thread-1] INFO  server.RaftServerConfigKeys (ConfUtils.java:logGet(43)) - raft.server.log.appender.install.snapshot.enabled = false (custom)
2019-09-19 09:44:44,637 [pool-632-thread-1] INFO  impl.RaftServerImpl (ServerState.java:<init>(105)) - 97da3b28-af5a-4526-85e9-94ce27a94e14:group-0A511FD7004C ConfigurationManager, init=-1: [97da3b28-af5a-4526-85e9-94ce27a94e14:192.168.34.5:39413], old=null, confs=<EMPTY_MAP>
2019-09-19 09:44:44,637 [pool-632-thread-1] INFO  server.RaftServerConfigKeys (ConfUtils.java:logGet(43)) - raft.server.storage.dir = [/workdir/hadoop-ozone/ozonefs/target/test-dir/MiniOzoneClusterImpl-dbfea85f-f096-46e2-b73b-2281bdd0ed8c/datanode-2/data/ratis] (custom)
2019-09-19 09:44:44,637 [pool-632-thread-1] INFO  storage.RaftStorageDirectory (RaftStorageDirectory.java:analyzeStorage(246)) - The storage directory /workdir/hadoop-ozone/ozonefs/target/test-dir/MiniOzoneClusterImpl-dbfea85f-f096-46e2-b73b-2281bdd0ed8c/datanode-2/data/ratis/ae097bb1-21eb-49d9-bd27-0a511fd7004c does not exist. Creating ...
2019-09-19 09:44:44,650 [pool-632-thread-1] INFO  storage.RaftStorageDirectory (RaftStorageDirectory.java:tryLock(328)) - Lock on /workdir/hadoop-ozone/ozonefs/target/test-dir/MiniOzoneClusterImpl-dbfea85f-f096-46e2-b73b-2281bdd0ed8c/datanode-2/data/ratis/ae097bb1-21eb-49d9-bd27-0a511fd7004c/in_use.lock acquired by nodename 24695@pr-hdds-1569-j4bt4-3030777008
2019-09-19 09:44:44,663 [pool-632-thread-1] INFO  storage.RaftStorage (RaftStorage.java:format(72)) - Storage directory /workdir/hadoop-ozone/ozonefs/target/test-dir/MiniOzoneClusterImpl-dbfea85f-f096-46e2-b73b-2281bdd0ed8c/datanode-2/data/ratis/ae097bb1-21eb-49d9-bd27-0a511fd7004c has been successfully formatted.
2019-09-19 09:44:44,663 [pool-632-thread-1] INFO  ratis.ContainerStateMachine (ContainerStateMachine.java:loadSnapshot(226)) - group-0A511FD7004C: The snapshot info is null. Setting the last applied indexto:(t:0, i:~)
2019-09-19 09:44:44,663 [pool-632-thread-1] INFO  server.RaftServerConfigKeys (ConfUtils.java:logGet(43)) - raft.server.leader.election.timeout = 120s (custom)
2019-09-19 09:44:44,663 [pool-632-thread-1] INFO  server.RaftServerConfigKeys (ConfUtils.java:logGet(43)) - raft.server.log.use.memory = false (default)
2019-09-19 09:44:44,663 [pool-632-thread-1] INFO  server.RaftServerConfigKeys (ConfUtils.java:logGet(43)) - raft.server.log.purge.gap = 1000000 (custom)
2019-09-19 09:44:44,664 [pool-632-thread-1] INFO  server.RaftServerConfigKeys (ConfUtils.java:logGet(43)) - raft.server.log.appender.buffer.byte-limit = 33554432 (custom)
2019-09-19 09:44:44,664 [pool-632-thread-1] INFO  server.RaftServerConfigKeys (ConfUtils.java:logGet(43)) - raft.server.log.segment.size.max = 1048576 (custom)
2019-09-19 09:44:44,664 [pool-632-thread-1] INFO  server.RaftServerConfigKeys (ConfUtils.java:logGet(43)) - raft.server.log.segment.cache.num.max = 2 (custom)
2019-09-19 09:44:44,664 [pool-632-thread-1] INFO  segmented.SegmentedRaftLogWorker (SegmentedRaftLogWorker.java:<init>(172)) - new 97da3b28-af5a-4526-85e9-94ce27a94e14-SegmentedRaftLogWorker:Storage Directory /workdir/hadoop-ozone/ozonefs/target/test-dir/MiniOzoneClusterImpl-dbfea85f-f096-46e2-b73b-2281bdd0ed8c/datanode-2/data/ratis/ae097bb1-21eb-49d9-bd27-0a511fd7004c for RaftStorage:Storage Directory /workdir/hadoop-ozone/ozonefs/target/test-dir/MiniOzoneClusterImpl-dbfea85f-f096-46e2-b73b-2281bdd0ed8c/datanode-2/data/ratis/ae097bb1-21eb-49d9-bd27-0a511fd7004c
2019-09-19 09:44:44,664 [pool-632-thread-1] INFO  server.RaftServerConfigKeys (ConfUtils.java:logGet(43)) - raft.server.log.queue.byte-limit = 2147483647 (custom)
2019-09-19 09:44:44,664 [pool-632-thread-1] INFO  server.RaftServerConfigKeys (ConfUtils.java:logGet(43)) - raft.server.log.queue.element-limit = 1024 (custom)
2019-09-19 09:44:44,664 [pool-632-thread-1] INFO  server.RaftServerConfigKeys (ConfUtils.java:logGet(43)) - raft.server.log.segment.size.max = 1048576 (custom)
2019-09-19 09:44:44,664 [pool-632-thread-1] INFO  server.RaftServerConfigKeys (ConfUtils.java:logGet(43)) - raft.server.log.preallocated.size = 16384 (custom)
2019-09-19 09:44:44,665 [pool-632-thread-1] INFO  server.RaftServerConfigKeys (ConfUtils.java:logGet(43)) - raft.server.log.write.buffer.size = 33554432 (custom)
2019-09-19 09:44:44,665 [pool-632-thread-1] INFO  server.RaftServerConfigKeys (ConfUtils.java:logGet(43)) - raft.server.log.force.sync.num = 128 (default)
2019-09-19 09:44:44,665 [pool-632-thread-1] INFO  server.RaftServerConfigKeys (ConfUtils.java:logGet(43)) - raft.server.log.statemachine.data.sync = true (default)
2019-09-19 09:44:44,665 [pool-632-thread-1] INFO  server.RaftServerConfigKeys (ConfUtils.java:logGet(43)) - raft.server.log.statemachine.data.sync.timeout = 10s (default)
2019-09-19 09:44:44,665 [pool-632-thread-1] INFO  server.RaftServerConfigKeys (ConfUtils.java:logGet(43)) - raft.server.log.statemachine.data.sync.timeout.retry = -1 (default)
2019-09-19 09:44:44,665 [pool-632-thread-1] INFO  server.RaftServerConfigKeys (ConfUtils.java:logGet(43)) - raft.server.log.statemachine.data.caching.enabled = true (custom)
2019-09-19 09:44:44,665 [pool-632-thread-1] INFO  segmented.SegmentedRaftLogWorker (SegmentedRaftLogWorker.java:lambda$new$0(132)) - 97da3b28-af5a-4526-85e9-94ce27a94e14-SegmentedRaftLogWorker:Storage Directory /workdir/hadoop-ozone/ozonefs/target/test-dir/MiniOzoneClusterImpl-dbfea85f-f096-46e2-b73b-2281bdd0ed8c/datanode-2/data/ratis/ae097bb1-21eb-49d9-bd27-0a511fd7004c: flushIndex: setUnconditionally 0 -> -1
2019-09-19 09:44:44,666 [pool-632-thread-1] INFO  server.RaftServerConfigKeys (ConfUtils.java:logGet(43)) - raft.server.snapshot.auto.trigger.enabled = true (custom)
2019-09-19 09:44:44,666 [pool-632-thread-1] INFO  server.RaftServerConfigKeys (ConfUtils.java:logGet(43)) - raft.server.snapshot.auto.trigger.threshold = 10000 (custom)
2019-09-19 09:44:44,666 [pool-632-thread-1] INFO  server.RaftServerConfigKeys (ConfUtils.java:logGet(43)) - raft.server.retrycache.expirytime = 600000ms (custom)
2019-09-19 09:44:44,666 [pool-632-thread-1] INFO  impl.RaftServerImpl (RaftServerImpl.java:start(180)) - 97da3b28-af5a-4526-85e9-94ce27a94e14: start group-0A511FD7004C
2019-09-19 09:44:44,666 [pool-632-thread-1] INFO  impl.RaftServerImpl (RaftServerImpl.java:setRole(171)) - 97da3b28-af5a-4526-85e9-94ce27a94e14:group-0A511FD7004C changes role from null to FOLLOWER at term 0 for startAsFollower
2019-09-19 09:44:44,666 [pool-632-thread-1] INFO  impl.RoleInfo (RoleInfo.java:updateAndGet(143)) - 97da3b28-af5a-4526-85e9-94ce27a94e14: start FollowerState
2019-09-19 09:44:44,667 [pool-632-thread-1] INFO  util.JmxRegister (JmxRegister.java:tryRegister(44)) - Successfully registered JMX Bean with object name Ratis:service=RaftServer,group=group-0A511FD7004C,id=97da3b28-af5a-4526-85e9-94ce27a94e14
2019-09-19 09:44:44,669 [RatisPipelineUtilsThread] INFO  pipeline.PipelineStateManager (PipelineStateManager.java:addPipeline(56)) - Created pipeline Pipeline[ Id: ae097bb1-21eb-49d9-bd27-0a511fd7004c, Nodes: 97da3b28-af5a-4526-85e9-94ce27a94e14{ip: 192.168.34.5, host: pr-hdds-1569-j4bt4-3030777008, networkLocation: /default-rack, certSerialId: null}, Type:RATIS, Factor:ONE, State:OPEN]
2019-09-19 09:44:44,669 [RatisPipelineUtilsThread] ERROR pipeline.PipelinePlacementPolicy (PipelinePlacementPolicy.java:meetCriteria(91)) - Pipeline Placement: Doesn't meet the criteria to be viable node. Heaviness: 6
2019-09-19 09:44:44,669 [RatisPipelineUtilsThread] ERROR pipeline.PipelinePlacementPolicy (PipelinePlacementPolicy.java:meetCriteria(91)) - Pipeline Placement: Doesn't meet the criteria to be viable node. Heaviness: 6
2019-09-19 09:44:44,670 [RatisPipelineUtilsThread] ERROR pipeline.PipelinePlacementPolicy (PipelinePlacementPolicy.java:meetCriteria(91)) - Pipeline Placement: Doesn't meet the criteria to be viable node. Heaviness: 6
2019-09-19 09:44:44,670 [RatisPipelineUtilsThread] ERROR pipeline.PipelinePlacementPolicy (PipelinePlacementPolicy.java:filterViableNodes(146)) - Unable to find enough nodes that meet the criteria that cannot engage in more than 5 pipelines. Nodes required: 1 Found: 0, healthy nodes count inNodeManager: 3.
2019-09-19 09:44:44,670 [RatisPipelineUtilsThread] ERROR pipeline.SCMPipelineManager (SCMPipelineManager.java:createPipeline(161)) - Pipeline creation failed due to exception: Unable to find enough nodes that meet the criteria that cannot engage in more than 5 pipelines. Nodes required: 1 Found: 0, healthy nodes count inNodeManager: 3.
2019-09-19 09:44:44,670 [RatisPipelineUtilsThread] ERROR pipeline.PipelinePlacementPolicy (PipelinePlacementPolicy.java:meetCriteria(91)) - Pipeline Placement: Doesn't meet the criteria to be viable node. Heaviness: 6
2019-09-19 09:44:44,670 [RatisPipelineUtilsThread] ERROR pipeline.PipelinePlacementPolicy (PipelinePlacementPolicy.java:meetCriteria(91)) - Pipeline Placement: Doesn't meet the criteria to be viable node. Heaviness: 6
2019-09-19 09:44:44,670 [RatisPipelineUtilsThread] ERROR pipeline.PipelinePlacementPolicy (PipelinePlacementPolicy.java:meetCriteria(91)) - Pipeline Placement: Doesn't meet the criteria to be viable node. Heaviness: 6
2019-09-19 09:44:44,671 [RatisPipelineUtilsThread] ERROR pipeline.PipelinePlacementPolicy (PipelinePlacementPolicy.java:filterViableNodes(146)) - Unable to find enough nodes that meet the criteria that cannot engage in more than 5 pipelines. Nodes required: 3 Found: 0, healthy nodes count inNodeManager: 3.
2019-09-19 09:44:44,671 [RatisPipelineUtilsThread] ERROR pipeline.SCMPipelineManager (SCMPipelineManager.java:createPipeline(161)) - Pipeline creation failed due to exception: Unable to find enough nodes that meet the criteria that cannot engage in more than 5 pipelines. Nodes required: 3 Found: 0, healthy nodes count inNodeManager: 3.
2019-09-19 09:44:45,449 [main] INFO  ozone.MiniOzoneClusterImpl (MiniOzoneClusterImpl.java:lambda$waitForClusterToBeReady$0(142)) - Cluster is ready. Got 3 of 3 DN Heartbeats.
2019-09-19 09:44:45,583 | INFO  | OMAudit | user=jenkins1000 | ip=127.0.0.1 | op=CREATE_VOLUME {admin=admin37945, owner=user22606, volume=volume92026, creationTime=1568886285583, quotaInBytes=1152921504606846976} | ret=SUCCESS |  
2019-09-19 09:44:45,593 | INFO  | OMAudit | user=jenkins1000 | ip=127.0.0.1 | op=CREATE_BUCKET {volume=volume92026, bucket=bucket95261, acls=[], isVersionEnabled=false, storageType=DISK, creationTime=0} | ret=SUCCESS |  
2019-09-19 09:44:45,625 | INFO  | OMAudit | user=jenkins1000 | ip=127.0.0.1 | op=READ_VOLUME {volume=volume92026} | ret=SUCCESS |  
2019-09-19 09:44:45,627 | INFO  | OMAudit | user=jenkins1000 | ip=127.0.0.1 | op=READ_BUCKET {volume=volume92026, bucket=bucket95261} | ret=SUCCESS |  
2019-09-19 09:44:45,653 [IPC Server handler 0 on 46083] ERROR pipeline.PipelinePlacementPolicy (PipelinePlacementPolicy.java:meetCriteria(91)) - Pipeline Placement: Doesn't meet the criteria to be viable node. Heaviness: 6
2019-09-19 09:44:45,653 [IPC Server handler 0 on 46083] ERROR pipeline.PipelinePlacementPolicy (PipelinePlacementPolicy.java:meetCriteria(91)) - Pipeline Placement: Doesn't meet the criteria to be viable node. Heaviness: 6
2019-09-19 09:44:45,653 [IPC Server handler 0 on 46083] ERROR pipeline.PipelinePlacementPolicy (PipelinePlacementPolicy.java:meetCriteria(91)) - Pipeline Placement: Doesn't meet the criteria to be viable node. Heaviness: 6
2019-09-19 09:44:45,654 [IPC Server handler 0 on 46083] ERROR pipeline.PipelinePlacementPolicy (PipelinePlacementPolicy.java:filterViableNodes(146)) - Unable to find enough nodes that meet the criteria that cannot engage in more than 5 pipelines. Nodes required: 3 Found: 0, healthy nodes count inNodeManager: 3.
2019-09-19 09:44:45,654 [IPC Server handler 0 on 46083] ERROR pipeline.SCMPipelineManager (SCMPipelineManager.java:createPipeline(161)) - Pipeline creation failed due to exception: Unable to find enough nodes that meet the criteria that cannot engage in more than 5 pipelines. Nodes required: 3 Found: 0, healthy nodes count inNodeManager: 3.
2019-09-19 09:44:45,654 [IPC Server handler 0 on 46083] WARN  block.BlockManagerImpl (BlockManagerImpl.java:allocateBlock(192)) - Pipeline creation failed for type:RATIS factor:THREE. Retrying get pipelines call once.
org.apache.hadoop.hdds.scm.exceptions.SCMException: Unable to find enough nodes that meet the criteria that cannot engage in more than 5 pipelines. Nodes required: 3 Found: 0, healthy nodes count inNodeManager: 3.
	at org.apache.hadoop.hdds.scm.pipeline.PipelinePlacementPolicy.filterViableNodes(PipelinePlacementPolicy.java:147)
	at org.apache.hadoop.hdds.scm.pipeline.PipelinePlacementPolicy.chooseDatanodes(PipelinePlacementPolicy.java:170)
	at org.apache.hadoop.hdds.scm.pipeline.RatisPipelineProvider.create(RatisPipelineProvider.java:92)
	at org.apache.hadoop.hdds.scm.pipeline.PipelineFactory.create(PipelineFactory.java:57)
	at org.apache.hadoop.hdds.scm.pipeline.SCMPipelineManager.createPipeline(SCMPipelineManager.java:149)
	at org.apache.hadoop.hdds.scm.block.BlockManagerImpl.allocateBlock(BlockManagerImpl.java:190)
	at org.apache.hadoop.hdds.scm.server.SCMBlockProtocolServer.allocateBlock(SCMBlockProtocolServer.java:175)
	at org.apache.hadoop.ozone.protocolPB.ScmBlockLocationProtocolServerSideTranslatorPB.allocateScmBlock(ScmBlockLocationProtocolServerSideTranslatorPB.java:153)
	at org.apache.hadoop.ozone.protocolPB.ScmBlockLocationProtocolServerSideTranslatorPB.send(ScmBlockLocationProtocolServerSideTranslatorPB.java:112)
	at org.apache.hadoop.hdds.protocol.proto.ScmBlockLocationProtocolProtos$ScmBlockLocationProtocolService$2.callBlockingMethod(ScmBlockLocationProtocolProtos.java:13157)
	at org.apache.hadoop.ipc.ProtobufRpcEngine$Server$ProtoBufRpcInvoker.call(ProtobufRpcEngine.java:524)
	at org.apache.hadoop.ipc.RPC$Server.call(RPC.java:1025)
	at org.apache.hadoop.ipc.Server$RpcCall.run(Server.java:876)
	at org.apache.hadoop.ipc.Server$RpcCall.run(Server.java:822)
	at java.security.AccessController.doPrivileged(Native Method)
	at javax.security.auth.Subject.doAs(Subject.java:422)
	at org.apache.hadoop.security.UserGroupInformation.doAs(UserGroupInformation.java:1730)
	at org.apache.hadoop.ipc.Server$Handler.run(Server.java:2682)
2019-09-19 09:44:45,655 [IPC Server handler 0 on 46083] INFO  block.BlockManagerImpl (BlockManagerImpl.java:allocateBlock(198)) - Could not find available pipeline of type:RATIS and factor:THREE even after retrying
2019-09-19 09:44:45,655 [IPC Server handler 0 on 46083] ERROR block.BlockManagerImpl (BlockManagerImpl.java:allocateBlock(222)) - Unable to allocate a block for the size: 4194304, type: RATIS, factor: THREE
2019-09-19 09:44:45,655 | INFO  | SCMAudit | user=jenkins1000 | ip=192.168.34.5 | op=ALLOCATE_BLOCK {owner=75674362-006a-403f-a830-a04d1560c39d, size=4194304, type=RATIS, factor=THREE} | ret=SUCCESS |  
2019-09-19 09:44:45,658 | ERROR | OMAudit | user=jenkins1000 | ip=127.0.0.1 | op=CREATE_FILE {volume=volume92026, bucket=bucket95261, key=8J8wW, dataSize=0, replicationType=RATIS, replicationFactor=THREE, keyLocationInfo=null} | ret=FAILURE | org.apache.hadoop.hdds.scm.exceptions.SCMException: Allocated 0 blocks. Requested 1 blocks
	at org.apache.hadoop.hdds.scm.protocolPB.ScmBlockLocationProtocolClientSideTranslatorPB.handleError(ScmBlockLocationProtocolClientSideTranslatorPB.java:118)
	at org.apache.hadoop.hdds.scm.protocolPB.ScmBlockLocationProtocolClientSideTranslatorPB.allocateBlock(ScmBlockLocationProtocolClientSideTranslatorPB.java:156) 
2019-09-19 09:44:45,660 [main] INFO  ozone.MiniOzoneClusterImpl (MiniOzoneClusterImpl.java:shutdown(321)) - Shutting down the Mini Ozone Cluster
2019-09-19 09:44:45,661 | INFO  | SCMAudit | user=null | ip=null | op=GET_SCM_INFO null | ret=SUCCESS |  
2019-09-19 09:44:45,661 [main] INFO  ozone.MiniOzoneClusterImpl (MiniOzoneClusterImpl.java:stop(336)) - Stopping the Mini Ozone Cluster
2019-09-19 09:44:45,661 [main] INFO  ozone.MiniOzoneClusterImpl (MiniOzoneClusterImpl.java:stop(338)) - Stopping the OzoneManager
2019-09-19 09:44:45,661 [main] INFO  ipc.Server (Server.java:stop(3082)) - Stopping server on 38802
2019-09-19 09:44:45,666 [IPC Server listener on 38802] INFO  ipc.Server (Server.java:run(1185)) - Stopping IPC Server listener on 38802
2019-09-19 09:44:45,667 [IPC Server Responder] INFO  ipc.Server (Server.java:run(1319)) - Stopping IPC Server Responder
2019-09-19 09:44:45,666 [main] INFO  ratis.OzoneManagerDoubleBuffer (OzoneManagerDoubleBuffer.java:stop(248)) - Stopping OMDoubleBuffer flush thread
2019-09-19 09:44:45,669 [OMDoubleBufferFlushThread] INFO  ratis.OzoneManagerDoubleBuffer (OzoneManagerDoubleBuffer.java:flushTransactions(191)) - OMDoubleBuffer flush thread OMDoubleBufferFlushThread is interrupted and will exit. OMDoubleBufferFlushThread
2019-09-19 09:44:45,669 [main] INFO  utils.BackgroundService (BackgroundService.java:shutdown(148)) - Shutting down service KeyDeletingService
2019-09-19 09:44:45,670 [main] INFO  handler.ContextHandler (ContextHandler.java:doStop(910)) - Stopped o.e.j.w.WebAppContext@37cc1b11{/,null,UNAVAILABLE}{/ozoneManager}
2019-09-19 09:44:45,670 [main] INFO  server.AbstractConnector (AbstractConnector.java:doStop(318)) - Stopped ServerConnector@4f549906{HTTP/1.1,[http/1.1]}{0.0.0.0:0}
2019-09-19 09:44:45,671 [main] INFO  handler.ContextHandler (ContextHandler.java:doStop(910)) - Stopped o.e.j.s.ServletContextHandler@392a091{/static,jar:file:/home/user/.m2/repository/org/apache/hadoop/hadoop-ozone-ozone-manager/0.5.0-SNAPSHOT/hadoop-ozone-ozone-manager-0.5.0-SNAPSHOT.jar!/webapps/static,UNAVAILABLE}
2019-09-19 09:44:45,671 [main] INFO  handler.ContextHandler (ContextHandler.java:doStop(910)) - Stopped o.e.j.s.ServletContextHandler@1228a579{/logs,file:///workdir/hadoop-ozone/ozonefs/target/log,UNAVAILABLE}
2019-09-19 09:44:45,672 [main] INFO  ozone.MiniOzoneClusterImpl (MiniOzoneClusterImpl.java:stop(344)) - Shutting the HddsDatanodes
2019-09-19 09:44:45,673 [main] INFO  datanode.ObjectStoreHandler (ObjectStoreHandler.java:close(155)) - Closing ObjectStoreHandler.
2019-09-19 09:44:45,673 [ForkJoinPool.commonPool-worker-1] INFO  datanode.ObjectStoreHandler (ObjectStoreHandler.java:close(155)) - Closing ObjectStoreHandler.
2019-09-19 09:44:45,673 [main] INFO  ozone.HddsDatanodeService (HddsDatanodeService.java:stop(451)) - Stopped plug-in org.apache.hadoop.ozone.web.OzoneHddsDatanodeService@392da875
2019-09-19 09:44:45,673 [ForkJoinPool.commonPool-worker-1] INFO  ozone.HddsDatanodeService (HddsDatanodeService.java:stop(451)) - Stopped plug-in org.apache.hadoop.ozone.web.OzoneHddsDatanodeService@27cc84a2
2019-09-19 09:44:45,990 [Datanode State Machine Thread - 0] INFO  statemachine.DatanodeStateMachine (DatanodeStateMachine.java:lambda$startDaemon$0(350)) - Ozone container server started.
2019-09-19 09:44:46,195 [Datanode State Machine Thread - 0] INFO  statemachine.DatanodeStateMachine (DatanodeStateMachine.java:lambda$startDaemon$0(350)) - Ozone container server started.
2019-09-19 09:44:46,449 | INFO  | SCMAudit | user=jenkins1000 | ip=192.168.34.5 | op=SEND_HEARTBEAT {datanodeUUID=97da3b28-af5a-4526-85e9-94ce27a94e14, command=[]} | ret=SUCCESS |  
2019-09-19 09:44:46,999 [Thread-3094] INFO  container.ReplicationManager (ReplicationManager.java:start(151)) - Starting Replication Monitor Thread.
2019-09-19 09:44:47,002 [ReplicationMonitor] INFO  container.ReplicationManager (ReplicationManager.java:run(214)) - Replication Monitor Thread took 0 milliseconds for processing 0 containers.
2019-09-19 09:44:47,449 | INFO  | SCMAudit | user=jenkins1000 | ip=192.168.34.5 | op=SEND_HEARTBEAT {datanodeUUID=97da3b28-af5a-4526-85e9-94ce27a94e14, command=[]} | ret=SUCCESS |  
2019-09-19 09:44:48,449 | INFO  | SCMAudit | user=jenkins1000 | ip=192.168.34.5 | op=SEND_HEARTBEAT {datanodeUUID=97da3b28-af5a-4526-85e9-94ce27a94e14, command=[]} | ret=SUCCESS |  
2019-09-19 09:44:49,091 [Thread-3099] INFO  impl.FollowerState (FollowerState.java:run(106)) - 0835d9f5-0b87-4b65-b1fa-6dc8409d04ae:group-D5DB80ED1186 changes to CANDIDATE, lastRpcTime:5014, electionTimeout:5014ms
2019-09-19 09:44:49,091 [Thread-3099] INFO  impl.RoleInfo (RoleInfo.java:shutdownFollowerState(121)) - 0835d9f5-0b87-4b65-b1fa-6dc8409d04ae: shutdown FollowerState
2019-09-19 09:44:49,091 [Thread-3099] INFO  impl.RaftServerImpl (RaftServerImpl.java:setRole(171)) - 0835d9f5-0b87-4b65-b1fa-6dc8409d04ae:group-D5DB80ED1186 changes role from FOLLOWER to CANDIDATE at term 0 for changeToCandidate
2019-09-19 09:44:49,091 [Thread-3099] INFO  impl.RoleInfo (RoleInfo.java:updateAndGet(143)) - 0835d9f5-0b87-4b65-b1fa-6dc8409d04ae: start LeaderElection
2019-09-19 09:44:49,109 [0835d9f5-0b87-4b65-b1fa-6dc8409d04ae:group-D5DB80ED1186:LeaderElection199] INFO  impl.LeaderElection (LeaderElection.java:askForVotes(181)) - 0835d9f5-0b87-4b65-b1fa-6dc8409d04ae:group-D5DB80ED1186:LeaderElection199: begin an election at term 1 for -1: [0835d9f5-0b87-4b65-b1fa-6dc8409d04ae:192.168.34.5:38655], old=null
2019-09-19 09:44:49,109 [0835d9f5-0b87-4b65-b1fa-6dc8409d04ae:group-D5DB80ED1186:LeaderElection199] INFO  impl.RoleInfo (RoleInfo.java:shutdownLeaderElection(134)) - 0835d9f5-0b87-4b65-b1fa-6dc8409d04ae: shutdown LeaderElection
2019-09-19 09:44:49,109 [0835d9f5-0b87-4b65-b1fa-6dc8409d04ae:group-D5DB80ED1186:LeaderElection199] INFO  impl.RaftServerImpl (RaftServerImpl.java:setRole(171)) - 0835d9f5-0b87-4b65-b1fa-6dc8409d04ae:group-D5DB80ED1186 changes role from CANDIDATE to LEADER at term 1 for changeToLeader
2019-09-19 09:44:49,109 [0835d9f5-0b87-4b65-b1fa-6dc8409d04ae:group-D5DB80ED1186:LeaderElection199] INFO  impl.RaftServerImpl (ServerState.java:setLeader(263)) - 0835d9f5-0b87-4b65-b1fa-6dc8409d04ae:group-D5DB80ED1186 change Leader from null to 0835d9f5-0b87-4b65-b1fa-6dc8409d04ae at term 1 for becomeLeader, leader elected after 5035ms
2019-09-19 09:44:49,110 [0835d9f5-0b87-4b65-b1fa-6dc8409d04ae:group-D5DB80ED1186:LeaderElection199] INFO  server.RaftServerConfigKeys (ConfUtils.java:logGet(43)) - raft.server.staging.catchup.gap = 1000 (default)
2019-09-19 09:44:49,110 [0835d9f5-0b87-4b65-b1fa-6dc8409d04ae:group-D5DB80ED1186:LeaderElection199] INFO  server.RaftServerConfigKeys (ConfUtils.java:logGet(43)) - raft.server.rpc.sleep.time = 25ms (default)
2019-09-19 09:44:49,110 [0835d9f5-0b87-4b65-b1fa-6dc8409d04ae:group-D5DB80ED1186:LeaderElection199] INFO  server.RaftServerConfigKeys (ConfUtils.java:logGet(43)) - raft.server.write.element-limit = 4096 (default)
2019-09-19 09:44:49,110 [0835d9f5-0b87-4b65-b1fa-6dc8409d04ae:group-D5DB80ED1186:LeaderElection199] INFO  server.RaftServerConfigKeys (ConfUtils.java:logGet(43)) - raft.server.watch.timeout = 10s (default)
2019-09-19 09:44:49,111 [0835d9f5-0b87-4b65-b1fa-6dc8409d04ae:group-D5DB80ED1186:LeaderElection199] INFO  server.RaftServerConfigKeys (ConfUtils.java:logGet(43)) - raft.server.watch.timeout.denomination = 1s (default)
2019-09-19 09:44:49,111 [0835d9f5-0b87-4b65-b1fa-6dc8409d04ae:group-D5DB80ED1186:LeaderElection199] INFO  server.RaftServerConfigKeys (ConfUtils.java:logGet(43)) - raft.server.watch.element-limit = 65536 (default)
2019-09-19 09:44:49,111 [0835d9f5-0b87-4b65-b1fa-6dc8409d04ae:group-D5DB80ED1186:LeaderElection199] INFO  impl.RoleInfo (RoleInfo.java:updateAndGet(143)) - 0835d9f5-0b87-4b65-b1fa-6dc8409d04ae: start LeaderState
2019-09-19 09:44:49,111 [0835d9f5-0b87-4b65-b1fa-6dc8409d04ae:group-D5DB80ED1186:LeaderElection199] INFO  segmented.SegmentedRaftLogWorker (SegmentedRaftLogWorker.java:startLogSegment(380)) - 0835d9f5-0b87-4b65-b1fa-6dc8409d04ae-SegmentedRaftLogWorker:Storage Directory /workdir/hadoop-ozone/ozonefs/target/test-dir/MiniOzoneClusterImpl-dbfea85f-f096-46e2-b73b-2281bdd0ed8c/datanode-0/data/ratis/31729889-b06d-4c18-911c-d5db80ed1186: Starting segment from index:0
2019-09-19 09:44:49,112 [0835d9f5-0b87-4b65-b1fa-6dc8409d04ae:group-D5DB80ED1186:LeaderElection199] INFO  impl.RaftServerImpl (ServerState.java:setRaftConf(361)) - 0835d9f5-0b87-4b65-b1fa-6dc8409d04ae:group-D5DB80ED1186 set configuration 0: [0835d9f5-0b87-4b65-b1fa-6dc8409d04ae:192.168.34.5:38655], old=null at 0
2019-09-19 09:44:49,133 [Thread-3102] INFO  impl.FollowerState (FollowerState.java:run(106)) - 0835d9f5-0b87-4b65-b1fa-6dc8409d04ae:group-4B1E157B4F64 changes to CANDIDATE, lastRpcTime:5020, electionTimeout:5020ms
2019-09-19 09:44:49,133 [Thread-3102] INFO  impl.RoleInfo (RoleInfo.java:shutdownFollowerState(121)) - 0835d9f5-0b87-4b65-b1fa-6dc8409d04ae: shutdown FollowerState
2019-09-19 09:44:49,133 [Thread-3102] INFO  impl.RaftServerImpl (RaftServerImpl.java:setRole(171)) - 0835d9f5-0b87-4b65-b1fa-6dc8409d04ae:group-4B1E157B4F64 changes role from FOLLOWER to CANDIDATE at term 0 for changeToCandidate
2019-09-19 09:44:49,133 [Thread-3102] INFO  impl.RoleInfo (RoleInfo.java:updateAndGet(143)) - 0835d9f5-0b87-4b65-b1fa-6dc8409d04ae: start LeaderElection
2019-09-19 09:44:49,165 [0835d9f5-0b87-4b65-b1fa-6dc8409d04ae-SegmentedRaftLogWorker:Storage Directory /workdir/hadoop-ozone/ozonefs/target/test-dir/MiniOzoneClusterImpl-dbfea85f-f096-46e2-b73b-2281bdd0ed8c/datanode-0/data/ratis/31729889-b06d-4c18-911c-d5db80ed1186] INFO  segmented.SegmentedRaftLogWorker (SegmentedRaftLogWorker.java:execute(569)) - 0835d9f5-0b87-4b65-b1fa-6dc8409d04ae-SegmentedRaftLogWorker:Storage Directory /workdir/hadoop-ozone/ozonefs/target/test-dir/MiniOzoneClusterImpl-dbfea85f-f096-46e2-b73b-2281bdd0ed8c/datanode-0/data/ratis/31729889-b06d-4c18-911c-d5db80ed1186: created new log segment /workdir/hadoop-ozone/ozonefs/target/test-dir/MiniOzoneClusterImpl-dbfea85f-f096-46e2-b73b-2281bdd0ed8c/datanode-0/data/ratis/31729889-b06d-4c18-911c-d5db80ed1186/current/log_inprogress_0
2019-09-19 09:44:49,165 [0835d9f5-0b87-4b65-b1fa-6dc8409d04ae:group-4B1E157B4F64:LeaderElection200] INFO  impl.LeaderElection (LeaderElection.java:askForVotes(181)) - 0835d9f5-0b87-4b65-b1fa-6dc8409d04ae:group-4B1E157B4F64:LeaderElection200: begin an election at term 1 for -1: [0835d9f5-0b87-4b65-b1fa-6dc8409d04ae:192.168.34.5:38655], old=null
2019-09-19 09:44:49,165 [0835d9f5-0b87-4b65-b1fa-6dc8409d04ae:group-4B1E157B4F64:LeaderElection200] INFO  impl.RoleInfo (RoleInfo.java:shutdownLeaderElection(134)) - 0835d9f5-0b87-4b65-b1fa-6dc8409d04ae: shutdown LeaderElection
2019-09-19 09:44:49,166 [0835d9f5-0b87-4b65-b1fa-6dc8409d04ae:group-4B1E157B4F64:LeaderElection200] INFO  impl.RaftServerImpl (RaftServerImpl.java:setRole(171)) - 0835d9f5-0b87-4b65-b1fa-6dc8409d04ae:group-4B1E157B4F64 changes role from CANDIDATE to LEADER at term 1 for changeToLeader
2019-09-19 09:44:49,166 [0835d9f5-0b87-4b65-b1fa-6dc8409d04ae:group-4B1E157B4F64:LeaderElection200] INFO  impl.RaftServerImpl (ServerState.java:setLeader(263)) - 0835d9f5-0b87-4b65-b1fa-6dc8409d04ae:group-4B1E157B4F64 change Leader from null to 0835d9f5-0b87-4b65-b1fa-6dc8409d04ae at term 1 for becomeLeader, leader elected after 5055ms
2019-09-19 09:44:49,166 [0835d9f5-0b87-4b65-b1fa-6dc8409d04ae:group-4B1E157B4F64:LeaderElection200] INFO  server.RaftServerConfigKeys (ConfUtils.java:logGet(43)) - raft.server.staging.catchup.gap = 1000 (default)
2019-09-19 09:44:49,166 [0835d9f5-0b87-4b65-b1fa-6dc8409d04ae:group-4B1E157B4F64:LeaderElection200] INFO  server.RaftServerConfigKeys (ConfUtils.java:logGet(43)) - raft.server.rpc.sleep.time = 25ms (default)
2019-09-19 09:44:49,166 [0835d9f5-0b87-4b65-b1fa-6dc8409d04ae:group-4B1E157B4F64:LeaderElection200] INFO  server.RaftServerConfigKeys (ConfUtils.java:logGet(43)) - raft.server.write.element-limit = 4096 (default)
2019-09-19 09:44:49,166 [0835d9f5-0b87-4b65-b1fa-6dc8409d04ae:group-4B1E157B4F64:LeaderElection200] INFO  server.RaftServerConfigKeys (ConfUtils.java:logGet(43)) - raft.server.watch.timeout = 10s (default)
2019-09-19 09:44:49,167 [0835d9f5-0b87-4b65-b1fa-6dc8409d04ae:group-4B1E157B4F64:LeaderElection200] INFO  server.RaftServerConfigKeys (ConfUtils.java:logGet(43)) - raft.server.watch.timeout.denomination = 1s (default)
2019-09-19 09:44:49,167 [0835d9f5-0b87-4b65-b1fa-6dc8409d04ae:group-4B1E157B4F64:LeaderElection200] INFO  server.RaftServerConfigKeys (ConfUtils.java:logGet(43)) - raft.server.watch.element-limit = 65536 (default)
2019-09-19 09:44:49,167 [0835d9f5-0b87-4b65-b1fa-6dc8409d04ae:group-4B1E157B4F64:LeaderElection200] INFO  impl.RoleInfo (RoleInfo.java:updateAndGet(143)) - 0835d9f5-0b87-4b65-b1fa-6dc8409d04ae: start LeaderState
2019-09-19 09:44:49,167 [0835d9f5-0b87-4b65-b1fa-6dc8409d04ae:group-4B1E157B4F64:LeaderElection200] INFO  segmented.SegmentedRaftLogWorker (SegmentedRaftLogWorker.java:startLogSegment(380)) - 0835d9f5-0b87-4b65-b1fa-6dc8409d04ae-SegmentedRaftLogWorker:Storage Directory /workdir/hadoop-ozone/ozonefs/target/test-dir/MiniOzoneClusterImpl-dbfea85f-f096-46e2-b73b-2281bdd0ed8c/datanode-0/data/ratis/ffbe2122-8ddd-4cd2-b5ed-4b1e157b4f64: Starting segment from index:0
2019-09-19 09:44:49,168 [0835d9f5-0b87-4b65-b1fa-6dc8409d04ae:group-4B1E157B4F64:LeaderElection200] INFO  impl.RaftServerImpl (ServerState.java:setRaftConf(361)) - 0835d9f5-0b87-4b65-b1fa-6dc8409d04ae:group-4B1E157B4F64 set configuration 0: [0835d9f5-0b87-4b65-b1fa-6dc8409d04ae:192.168.34.5:38655], old=null at 0
2019-09-19 09:44:49,210 [Thread-3108] INFO  impl.FollowerState (FollowerState.java:run(106)) - 0835d9f5-0b87-4b65-b1fa-6dc8409d04ae:group-EA5CDC9F528B changes to CANDIDATE, lastRpcTime:5026, electionTimeout:5026ms
2019-09-19 09:44:49,210 [Thread-3108] INFO  impl.RoleInfo (RoleInfo.java:shutdownFollowerState(121)) - 0835d9f5-0b87-4b65-b1fa-6dc8409d04ae: shutdown FollowerState
2019-09-19 09:44:49,210 [Thread-3108] INFO  impl.RaftServerImpl (RaftServerImpl.java:setRole(171)) - 0835d9f5-0b87-4b65-b1fa-6dc8409d04ae:group-EA5CDC9F528B changes role from FOLLOWER to CANDIDATE at term 0 for changeToCandidate
2019-09-19 09:44:49,211 [Thread-3108] INFO  impl.RoleInfo (RoleInfo.java:updateAndGet(143)) - 0835d9f5-0b87-4b65-b1fa-6dc8409d04ae: start LeaderElection
2019-09-19 09:44:49,211 [0835d9f5-0b87-4b65-b1fa-6dc8409d04ae-SegmentedRaftLogWorker:Storage Directory /workdir/hadoop-ozone/ozonefs/target/test-dir/MiniOzoneClusterImpl-dbfea85f-f096-46e2-b73b-2281bdd0ed8c/datanode-0/data/ratis/ffbe2122-8ddd-4cd2-b5ed-4b1e157b4f64] INFO  segmented.SegmentedRaftLogWorker (SegmentedRaftLogWorker.java:execute(569)) - 0835d9f5-0b87-4b65-b1fa-6dc8409d04ae-SegmentedRaftLogWorker:Storage Directory /workdir/hadoop-ozone/ozonefs/target/test-dir/MiniOzoneClusterImpl-dbfea85f-f096-46e2-b73b-2281bdd0ed8c/datanode-0/data/ratis/ffbe2122-8ddd-4cd2-b5ed-4b1e157b4f64: created new log segment /workdir/hadoop-ozone/ozonefs/target/test-dir/MiniOzoneClusterImpl-dbfea85f-f096-46e2-b73b-2281bdd0ed8c/datanode-0/data/ratis/ffbe2122-8ddd-4cd2-b5ed-4b1e157b4f64/current/log_inprogress_0
2019-09-19 09:44:49,227 [0835d9f5-0b87-4b65-b1fa-6dc8409d04ae:group-EA5CDC9F528B:LeaderElection201] INFO  impl.LeaderElection (LeaderElection.java:askForVotes(181)) - 0835d9f5-0b87-4b65-b1fa-6dc8409d04ae:group-EA5CDC9F528B:LeaderElection201: begin an election at term 1 for -1: [0835d9f5-0b87-4b65-b1fa-6dc8409d04ae:192.168.34.5:38655], old=null
2019-09-19 09:44:49,227 [0835d9f5-0b87-4b65-b1fa-6dc8409d04ae:group-EA5CDC9F528B:LeaderElection201] INFO  impl.RoleInfo (RoleInfo.java:shutdownLeaderElection(134)) - 0835d9f5-0b87-4b65-b1fa-6dc8409d04ae: shutdown LeaderElection
2019-09-19 09:44:49,227 [0835d9f5-0b87-4b65-b1fa-6dc8409d04ae:group-EA5CDC9F528B:LeaderElection201] INFO  impl.RaftServerImpl (RaftServerImpl.java:setRole(171)) - 0835d9f5-0b87-4b65-b1fa-6dc8409d04ae:group-EA5CDC9F528B changes role from CANDIDATE to LEADER at term 1 for changeToLeader
2019-09-19 09:44:49,227 [0835d9f5-0b87-4b65-b1fa-6dc8409d04ae:group-EA5CDC9F528B:LeaderElection201] INFO  impl.RaftServerImpl (ServerState.java:setLeader(263)) - 0835d9f5-0b87-4b65-b1fa-6dc8409d04ae:group-EA5CDC9F528B change Leader from null to 0835d9f5-0b87-4b65-b1fa-6dc8409d04ae at term 1 for becomeLeader, leader elected after 5045ms
2019-09-19 09:44:49,227 [0835d9f5-0b87-4b65-b1fa-6dc8409d04ae:group-EA5CDC9F528B:LeaderElection201] INFO  server.RaftServerConfigKeys (ConfUtils.java:logGet(43)) - raft.server.staging.catchup.gap = 1000 (default)
2019-09-19 09:44:49,227 [0835d9f5-0b87-4b65-b1fa-6dc8409d04ae:group-EA5CDC9F528B:LeaderElection201] INFO  server.RaftServerConfigKeys (ConfUtils.java:logGet(43)) - raft.server.rpc.sleep.time = 25ms (default)
2019-09-19 09:44:49,227 [0835d9f5-0b87-4b65-b1fa-6dc8409d04ae:group-EA5CDC9F528B:LeaderElection201] INFO  server.RaftServerConfigKeys (ConfUtils.java:logGet(43)) - raft.server.write.element-limit = 4096 (default)
2019-09-19 09:44:49,227 [0835d9f5-0b87-4b65-b1fa-6dc8409d04ae:group-EA5CDC9F528B:LeaderElection201] INFO  server.RaftServerConfigKeys (ConfUtils.java:logGet(43)) - raft.server.watch.timeout = 10s (default)
2019-09-19 09:44:49,227 [0835d9f5-0b87-4b65-b1fa-6dc8409d04ae:group-EA5CDC9F528B:LeaderElection201] INFO  server.RaftServerConfigKeys (ConfUtils.java:logGet(43)) - raft.server.watch.timeout.denomination = 1s (default)
2019-09-19 09:44:49,227 [0835d9f5-0b87-4b65-b1fa-6dc8409d04ae:group-EA5CDC9F528B:LeaderElection201] INFO  server.RaftServerConfigKeys (ConfUtils.java:logGet(43)) - raft.server.watch.element-limit = 65536 (default)
2019-09-19 09:44:49,228 [0835d9f5-0b87-4b65-b1fa-6dc8409d04ae:group-EA5CDC9F528B:LeaderElection201] INFO  impl.RoleInfo (RoleInfo.java:updateAndGet(143)) - 0835d9f5-0b87-4b65-b1fa-6dc8409d04ae: start LeaderState
2019-09-19 09:44:49,228 [0835d9f5-0b87-4b65-b1fa-6dc8409d04ae:group-EA5CDC9F528B:LeaderElection201] INFO  segmented.SegmentedRaftLogWorker (SegmentedRaftLogWorker.java:startLogSegment(380)) - 0835d9f5-0b87-4b65-b1fa-6dc8409d04ae-SegmentedRaftLogWorker:Storage Directory /workdir/hadoop-ozone/ozonefs/target/test-dir/MiniOzoneClusterImpl-dbfea85f-f096-46e2-b73b-2281bdd0ed8c/datanode-0/data/ratis/a1c6ed25-b952-4437-88c9-ea5cdc9f528b: Starting segment from index:0
2019-09-19 09:44:49,228 [0835d9f5-0b87-4b65-b1fa-6dc8409d04ae:group-EA5CDC9F528B:LeaderElection201] INFO  impl.RaftServerImpl (ServerState.java:setRaftConf(361)) - 0835d9f5-0b87-4b65-b1fa-6dc8409d04ae:group-EA5CDC9F528B set configuration 0: [0835d9f5-0b87-4b65-b1fa-6dc8409d04ae:192.168.34.5:38655], old=null at 0
2019-09-19 09:44:49,230 [Thread-3096] INFO  impl.FollowerState (FollowerState.java:run(106)) - 0835d9f5-0b87-4b65-b1fa-6dc8409d04ae:group-E995AF2C4B52 changes to CANDIDATE, lastRpcTime:5190, electionTimeout:5190ms
2019-09-19 09:44:49,230 [Thread-3096] INFO  impl.RoleInfo (RoleInfo.java:shutdownFollowerState(121)) - 0835d9f5-0b87-4b65-b1fa-6dc8409d04ae: shutdown FollowerState
2019-09-19 09:44:49,230 [Thread-3096] INFO  impl.RaftServerImpl (RaftServerImpl.java:setRole(171)) - 0835d9f5-0b87-4b65-b1fa-6dc8409d04ae:group-E995AF2C4B52 changes role from FOLLOWER to CANDIDATE at term 0 for changeToCandidate
2019-09-19 09:44:49,230 [Thread-3096] INFO  impl.RoleInfo (RoleInfo.java:updateAndGet(143)) - 0835d9f5-0b87-4b65-b1fa-6dc8409d04ae: start LeaderElection
2019-09-19 09:44:49,278 [0835d9f5-0b87-4b65-b1fa-6dc8409d04ae-SegmentedRaftLogWorker:Storage Directory /workdir/hadoop-ozone/ozonefs/target/test-dir/MiniOzoneClusterImpl-dbfea85f-f096-46e2-b73b-2281bdd0ed8c/datanode-0/data/ratis/a1c6ed25-b952-4437-88c9-ea5cdc9f528b] INFO  segmented.SegmentedRaftLogWorker (SegmentedRaftLogWorker.java:execute(569)) - 0835d9f5-0b87-4b65-b1fa-6dc8409d04ae-SegmentedRaftLogWorker:Storage Directory /workdir/hadoop-ozone/ozonefs/target/test-dir/MiniOzoneClusterImpl-dbfea85f-f096-46e2-b73b-2281bdd0ed8c/datanode-0/data/ratis/a1c6ed25-b952-4437-88c9-ea5cdc9f528b: created new log segment /workdir/hadoop-ozone/ozonefs/target/test-dir/MiniOzoneClusterImpl-dbfea85f-f096-46e2-b73b-2281bdd0ed8c/datanode-0/data/ratis/a1c6ed25-b952-4437-88c9-ea5cdc9f528b/current/log_inprogress_0
2019-09-19 09:44:49,278 [0835d9f5-0b87-4b65-b1fa-6dc8409d04ae:group-E995AF2C4B52:LeaderElection202] INFO  impl.LeaderElection (LeaderElection.java:askForVotes(181)) - 0835d9f5-0b87-4b65-b1fa-6dc8409d04ae:group-E995AF2C4B52:LeaderElection202: begin an election at term 1 for -1: [0835d9f5-0b87-4b65-b1fa-6dc8409d04ae:192.168.34.5:38655], old=null
2019-09-19 09:44:49,278 [0835d9f5-0b87-4b65-b1fa-6dc8409d04ae:group-E995AF2C4B52:LeaderElection202] INFO  impl.RoleInfo (RoleInfo.java:shutdownLeaderElection(134)) - 0835d9f5-0b87-4b65-b1fa-6dc8409d04ae: shutdown LeaderElection
2019-09-19 09:44:49,278 [0835d9f5-0b87-4b65-b1fa-6dc8409d04ae:group-E995AF2C4B52:LeaderElection202] INFO  impl.RaftServerImpl (RaftServerImpl.java:setRole(171)) - 0835d9f5-0b87-4b65-b1fa-6dc8409d04ae:group-E995AF2C4B52 changes role from CANDIDATE to LEADER at term 1 for changeToLeader
2019-09-19 09:44:49,279 [0835d9f5-0b87-4b65-b1fa-6dc8409d04ae:group-E995AF2C4B52:LeaderElection202] INFO  impl.RaftServerImpl (ServerState.java:setLeader(263)) - 0835d9f5-0b87-4b65-b1fa-6dc8409d04ae:group-E995AF2C4B52 change Leader from null to 0835d9f5-0b87-4b65-b1fa-6dc8409d04ae at term 1 for becomeLeader, leader elected after 5241ms
2019-09-19 09:44:49,279 [0835d9f5-0b87-4b65-b1fa-6dc8409d04ae:group-E995AF2C4B52:LeaderElection202] INFO  server.RaftServerConfigKeys (ConfUtils.java:logGet(43)) - raft.server.staging.catchup.gap = 1000 (default)
2019-09-19 09:44:49,279 [0835d9f5-0b87-4b65-b1fa-6dc8409d04ae:group-E995AF2C4B52:LeaderElection202] INFO  server.RaftServerConfigKeys (ConfUtils.java:logGet(43)) - raft.server.rpc.sleep.time = 25ms (default)
2019-09-19 09:44:49,279 [0835d9f5-0b87-4b65-b1fa-6dc8409d04ae:group-E995AF2C4B52:LeaderElection202] INFO  server.RaftServerConfigKeys (ConfUtils.java:logGet(43)) - raft.server.write.element-limit = 4096 (default)
2019-09-19 09:44:49,279 [0835d9f5-0b87-4b65-b1fa-6dc8409d04ae:group-E995AF2C4B52:LeaderElection202] INFO  server.RaftServerConfigKeys (ConfUtils.java:logGet(43)) - raft.server.watch.timeout = 10s (default)
2019-09-19 09:44:49,279 [0835d9f5-0b87-4b65-b1fa-6dc8409d04ae:group-E995AF2C4B52:LeaderElection202] INFO  server.RaftServerConfigKeys (ConfUtils.java:logGet(43)) - raft.server.watch.timeout.denomination = 1s (default)
2019-09-19 09:44:49,280 [0835d9f5-0b87-4b65-b1fa-6dc8409d04ae:group-E995AF2C4B52:LeaderElection202] INFO  server.RaftServerConfigKeys (ConfUtils.java:logGet(43)) - raft.server.watch.element-limit = 65536 (default)
2019-09-19 09:44:49,280 [0835d9f5-0b87-4b65-b1fa-6dc8409d04ae:group-E995AF2C4B52:LeaderElection202] INFO  impl.RoleInfo (RoleInfo.java:updateAndGet(143)) - 0835d9f5-0b87-4b65-b1fa-6dc8409d04ae: start LeaderState
2019-09-19 09:44:49,280 [0835d9f5-0b87-4b65-b1fa-6dc8409d04ae:group-E995AF2C4B52:LeaderElection202] INFO  segmented.SegmentedRaftLogWorker (SegmentedRaftLogWorker.java:startLogSegment(380)) - 0835d9f5-0b87-4b65-b1fa-6dc8409d04ae-SegmentedRaftLogWorker:Storage Directory /workdir/hadoop-ozone/ozonefs/target/test-dir/MiniOzoneClusterImpl-dbfea85f-f096-46e2-b73b-2281bdd0ed8c/datanode-0/data/ratis/a7392f1d-718b-4d17-9bf3-e995af2c4b52: Starting segment from index:0
2019-09-19 09:44:49,281 [0835d9f5-0b87-4b65-b1fa-6dc8409d04ae:group-E995AF2C4B52:LeaderElection202] INFO  impl.RaftServerImpl (ServerState.java:setRaftConf(361)) - 0835d9f5-0b87-4b65-b1fa-6dc8409d04ae:group-E995AF2C4B52 set configuration 0: [0835d9f5-0b87-4b65-b1fa-6dc8409d04ae:192.168.34.5:38655], old=null at 0
2019-09-19 09:44:49,314 [Thread-3105] INFO  impl.FollowerState (FollowerState.java:run(106)) - 0835d9f5-0b87-4b65-b1fa-6dc8409d04ae:group-15EA5EA2CEE8 changes to CANDIDATE, lastRpcTime:5166, electionTimeout:5166ms
2019-09-19 09:44:49,315 [Thread-3105] INFO  impl.RoleInfo (RoleInfo.java:shutdownFollowerState(121)) - 0835d9f5-0b87-4b65-b1fa-6dc8409d04ae: shutdown FollowerState
2019-09-19 09:44:49,315 [Thread-3105] INFO  impl.RaftServerImpl (RaftServerImpl.java:setRole(171)) - 0835d9f5-0b87-4b65-b1fa-6dc8409d04ae:group-15EA5EA2CEE8 changes role from FOLLOWER to CANDIDATE at term 0 for changeToCandidate
2019-09-19 09:44:49,315 [Thread-3105] INFO  impl.RoleInfo (RoleInfo.java:updateAndGet(143)) - 0835d9f5-0b87-4b65-b1fa-6dc8409d04ae: start LeaderElection
2019-09-19 09:44:49,322 [0835d9f5-0b87-4b65-b1fa-6dc8409d04ae-SegmentedRaftLogWorker:Storage Directory /workdir/hadoop-ozone/ozonefs/target/test-dir/MiniOzoneClusterImpl-dbfea85f-f096-46e2-b73b-2281bdd0ed8c/datanode-0/data/ratis/a7392f1d-718b-4d17-9bf3-e995af2c4b52] INFO  segmented.SegmentedRaftLogWorker (SegmentedRaftLogWorker.java:execute(569)) - 0835d9f5-0b87-4b65-b1fa-6dc8409d04ae-SegmentedRaftLogWorker:Storage Directory /workdir/hadoop-ozone/ozonefs/target/test-dir/MiniOzoneClusterImpl-dbfea85f-f096-46e2-b73b-2281bdd0ed8c/datanode-0/data/ratis/a7392f1d-718b-4d17-9bf3-e995af2c4b52: created new log segment /workdir/hadoop-ozone/ozonefs/target/test-dir/MiniOzoneClusterImpl-dbfea85f-f096-46e2-b73b-2281bdd0ed8c/datanode-0/data/ratis/a7392f1d-718b-4d17-9bf3-e995af2c4b52/current/log_inprogress_0
2019-09-19 09:44:49,322 [0835d9f5-0b87-4b65-b1fa-6dc8409d04ae:group-15EA5EA2CEE8:LeaderElection203] INFO  impl.LeaderElection (LeaderElection.java:askForVotes(181)) - 0835d9f5-0b87-4b65-b1fa-6dc8409d04ae:group-15EA5EA2CEE8:LeaderElection203: begin an election at term 1 for -1: [0835d9f5-0b87-4b65-b1fa-6dc8409d04ae:192.168.34.5:38655], old=null
2019-09-19 09:44:49,322 [0835d9f5-0b87-4b65-b1fa-6dc8409d04ae:group-15EA5EA2CEE8:LeaderElection203] INFO  impl.RoleInfo (RoleInfo.java:shutdownLeaderElection(134)) - 0835d9f5-0b87-4b65-b1fa-6dc8409d04ae: shutdown LeaderElection
2019-09-19 09:44:49,322 [0835d9f5-0b87-4b65-b1fa-6dc8409d04ae:group-15EA5EA2CEE8:LeaderElection203] INFO  impl.RaftServerImpl (RaftServerImpl.java:setRole(171)) - 0835d9f5-0b87-4b65-b1fa-6dc8409d04ae:group-15EA5EA2CEE8 changes role from CANDIDATE to LEADER at term 1 for changeToLeader
2019-09-19 09:44:49,322 [0835d9f5-0b87-4b65-b1fa-6dc8409d04ae:group-15EA5EA2CEE8:LeaderElection203] INFO  impl.RaftServerImpl (ServerState.java:setLeader(263)) - 0835d9f5-0b87-4b65-b1fa-6dc8409d04ae:group-15EA5EA2CEE8 change Leader from null to 0835d9f5-0b87-4b65-b1fa-6dc8409d04ae at term 1 for becomeLeader, leader elected after 5176ms
2019-09-19 09:44:49,322 [0835d9f5-0b87-4b65-b1fa-6dc8409d04ae:group-15EA5EA2CEE8:LeaderElection203] INFO  server.RaftServerConfigKeys (ConfUtils.java:logGet(43)) - raft.server.staging.catchup.gap = 1000 (default)
2019-09-19 09:44:49,322 [0835d9f5-0b87-4b65-b1fa-6dc8409d04ae:group-15EA5EA2CEE8:LeaderElection203] INFO  server.RaftServerConfigKeys (ConfUtils.java:logGet(43)) - raft.server.rpc.sleep.time = 25ms (default)
2019-09-19 09:44:49,323 [0835d9f5-0b87-4b65-b1fa-6dc8409d04ae:group-15EA5EA2CEE8:LeaderElection203] INFO  server.RaftServerConfigKeys (ConfUtils.java:logGet(43)) - raft.server.write.element-limit = 4096 (default)
2019-09-19 09:44:49,323 [0835d9f5-0b87-4b65-b1fa-6dc8409d04ae:group-15EA5EA2CEE8:LeaderElection203] INFO  server.RaftServerConfigKeys (ConfUtils.java:logGet(43)) - raft.server.watch.timeout = 10s (default)
2019-09-19 09:44:49,323 [0835d9f5-0b87-4b65-b1fa-6dc8409d04ae:group-15EA5EA2CEE8:LeaderElection203] INFO  server.RaftServerConfigKeys (ConfUtils.java:logGet(43)) - raft.server.watch.timeout.denomination = 1s (default)
2019-09-19 09:44:49,323 [0835d9f5-0b87-4b65-b1fa-6dc8409d04ae:group-15EA5EA2CEE8:LeaderElection203] INFO  server.RaftServerConfigKeys (ConfUtils.java:logGet(43)) - raft.server.watch.element-limit = 65536 (default)
2019-09-19 09:44:49,323 [0835d9f5-0b87-4b65-b1fa-6dc8409d04ae:group-15EA5EA2CEE8:LeaderElection203] INFO  impl.RoleInfo (RoleInfo.java:updateAndGet(143)) - 0835d9f5-0b87-4b65-b1fa-6dc8409d04ae: start LeaderState
2019-09-19 09:44:49,323 [0835d9f5-0b87-4b65-b1fa-6dc8409d04ae:group-15EA5EA2CEE8:LeaderElection203] INFO  segmented.SegmentedRaftLogWorker (SegmentedRaftLogWorker.java:startLogSegment(380)) - 0835d9f5-0b87-4b65-b1fa-6dc8409d04ae-SegmentedRaftLogWorker:Storage Directory /workdir/hadoop-ozone/ozonefs/target/test-dir/MiniOzoneClusterImpl-dbfea85f-f096-46e2-b73b-2281bdd0ed8c/datanode-0/data/ratis/fe7f8ecc-e299-45ea-8d12-15ea5ea2cee8: Starting segment from index:0
2019-09-19 09:44:49,324 [0835d9f5-0b87-4b65-b1fa-6dc8409d04ae:group-15EA5EA2CEE8:LeaderElection203] INFO  impl.RaftServerImpl (ServerState.java:setRaftConf(361)) - 0835d9f5-0b87-4b65-b1fa-6dc8409d04ae:group-15EA5EA2CEE8 set configuration 0: [0835d9f5-0b87-4b65-b1fa-6dc8409d04ae:192.168.34.5:38655], old=null at 0
2019-09-19 09:44:49,357 [0835d9f5-0b87-4b65-b1fa-6dc8409d04ae-SegmentedRaftLogWorker:Storage Directory /workdir/hadoop-ozone/ozonefs/target/test-dir/MiniOzoneClusterImpl-dbfea85f-f096-46e2-b73b-2281bdd0ed8c/datanode-0/data/ratis/fe7f8ecc-e299-45ea-8d12-15ea5ea2cee8] INFO  segmented.SegmentedRaftLogWorker (SegmentedRaftLogWorker.java:execute(569)) - 0835d9f5-0b87-4b65-b1fa-6dc8409d04ae-SegmentedRaftLogWorker:Storage Directory /workdir/hadoop-ozone/ozonefs/target/test-dir/MiniOzoneClusterImpl-dbfea85f-f096-46e2-b73b-2281bdd0ed8c/datanode-0/data/ratis/fe7f8ecc-e299-45ea-8d12-15ea5ea2cee8: created new log segment /workdir/hadoop-ozone/ozonefs/target/test-dir/MiniOzoneClusterImpl-dbfea85f-f096-46e2-b73b-2281bdd0ed8c/datanode-0/data/ratis/fe7f8ecc-e299-45ea-8d12-15ea5ea2cee8/current/log_inprogress_0
2019-09-19 09:44:49,400 [Thread-3111] INFO  impl.FollowerState (FollowerState.java:run(106)) - 0835d9f5-0b87-4b65-b1fa-6dc8409d04ae:group-D8ED631A0C58 changes to CANDIDATE, lastRpcTime:5199, electionTimeout:5199ms
2019-09-19 09:44:49,400 [Thread-3111] INFO  impl.RoleInfo (RoleInfo.java:shutdownFollowerState(121)) - 0835d9f5-0b87-4b65-b1fa-6dc8409d04ae: shutdown FollowerState
2019-09-19 09:44:49,400 [Thread-3111] INFO  impl.RaftServerImpl (RaftServerImpl.java:setRole(171)) - 0835d9f5-0b87-4b65-b1fa-6dc8409d04ae:group-D8ED631A0C58 changes role from FOLLOWER to CANDIDATE at term 0 for changeToCandidate
2019-09-19 09:44:49,401 [Thread-3111] INFO  impl.RoleInfo (RoleInfo.java:updateAndGet(143)) - 0835d9f5-0b87-4b65-b1fa-6dc8409d04ae: start LeaderElection
2019-09-19 09:44:49,411 [Thread-3120] INFO  impl.FollowerState (FollowerState.java:run(106)) - 386624b9-aee6-4a8d-bc49-1445f870a86d:group-F040B753D308 changes to CANDIDATE, lastRpcTime:5112, electionTimeout:5112ms
2019-09-19 09:44:49,412 [Thread-3120] INFO  impl.RoleInfo (RoleInfo.java:shutdownFollowerState(121)) - 386624b9-aee6-4a8d-bc49-1445f870a86d: shutdown FollowerState
2019-09-19 09:44:49,412 [Thread-3120] INFO  impl.RaftServerImpl (RaftServerImpl.java:setRole(171)) - 386624b9-aee6-4a8d-bc49-1445f870a86d:group-F040B753D308 changes role from FOLLOWER to CANDIDATE at term 0 for changeToCandidate
2019-09-19 09:44:49,412 [Thread-3120] INFO  impl.RoleInfo (RoleInfo.java:updateAndGet(143)) - 386624b9-aee6-4a8d-bc49-1445f870a86d: start LeaderElection
2019-09-19 09:44:49,419 [Thread-3117] INFO  impl.FollowerState (FollowerState.java:run(106)) - 386624b9-aee6-4a8d-bc49-1445f870a86d:group-188747779335 changes to CANDIDATE, lastRpcTime:5156, electionTimeout:5156ms
2019-09-19 09:44:49,420 [Thread-3117] INFO  impl.RoleInfo (RoleInfo.java:shutdownFollowerState(121)) - 386624b9-aee6-4a8d-bc49-1445f870a86d: shutdown FollowerState
2019-09-19 09:44:49,420 [Thread-3117] INFO  impl.RaftServerImpl (RaftServerImpl.java:setRole(171)) - 386624b9-aee6-4a8d-bc49-1445f870a86d:group-188747779335 changes role from FOLLOWER to CANDIDATE at term 0 for changeToCandidate
2019-09-19 09:44:49,420 [Thread-3117] INFO  impl.RoleInfo (RoleInfo.java:updateAndGet(143)) - 386624b9-aee6-4a8d-bc49-1445f870a86d: start LeaderElection
2019-09-19 09:44:49,422 [Thread-3114] INFO  impl.FollowerState (FollowerState.java:run(106)) - 386624b9-aee6-4a8d-bc49-1445f870a86d:group-453CF02E4214 changes to CANDIDATE, lastRpcTime:5187, electionTimeout:5186ms
2019-09-19 09:44:49,422 [Thread-3114] INFO  impl.RoleInfo (RoleInfo.java:shutdownFollowerState(121)) - 386624b9-aee6-4a8d-bc49-1445f870a86d: shutdown FollowerState
2019-09-19 09:44:49,422 [Thread-3114] INFO  impl.RaftServerImpl (RaftServerImpl.java:setRole(171)) - 386624b9-aee6-4a8d-bc49-1445f870a86d:group-453CF02E4214 changes role from FOLLOWER to CANDIDATE at term 0 for changeToCandidate
2019-09-19 09:44:49,422 [Thread-3114] INFO  impl.RoleInfo (RoleInfo.java:updateAndGet(143)) - 386624b9-aee6-4a8d-bc49-1445f870a86d: start LeaderElection
2019-09-19 09:44:49,428 [0835d9f5-0b87-4b65-b1fa-6dc8409d04ae:group-D8ED631A0C58:LeaderElection204] INFO  impl.LeaderElection (LeaderElection.java:askForVotes(181)) - 0835d9f5-0b87-4b65-b1fa-6dc8409d04ae:group-D8ED631A0C58:LeaderElection204: begin an election at term 1 for -1: [0835d9f5-0b87-4b65-b1fa-6dc8409d04ae:192.168.34.5:38655], old=null
2019-09-19 09:44:49,428 [386624b9-aee6-4a8d-bc49-1445f870a86d:group-188747779335:LeaderElection206] INFO  impl.LeaderElection (LeaderElection.java:askForVotes(181)) - 386624b9-aee6-4a8d-bc49-1445f870a86d:group-188747779335:LeaderElection206: begin an election at term 1 for -1: [386624b9-aee6-4a8d-bc49-1445f870a86d:192.168.34.5:45075], old=null
2019-09-19 09:44:49,428 [0835d9f5-0b87-4b65-b1fa-6dc8409d04ae:group-D8ED631A0C58:LeaderElection204] INFO  impl.RoleInfo (RoleInfo.java:shutdownLeaderElection(134)) - 0835d9f5-0b87-4b65-b1fa-6dc8409d04ae: shutdown LeaderElection
2019-09-19 09:44:49,428 [386624b9-aee6-4a8d-bc49-1445f870a86d:group-F040B753D308:LeaderElection205] INFO  impl.LeaderElection (LeaderElection.java:askForVotes(181)) - 386624b9-aee6-4a8d-bc49-1445f870a86d:group-F040B753D308:LeaderElection205: begin an election at term 1 for -1: [386624b9-aee6-4a8d-bc49-1445f870a86d:192.168.34.5:45075], old=null
2019-09-19 09:44:49,428 [386624b9-aee6-4a8d-bc49-1445f870a86d:group-453CF02E4214:LeaderElection207] INFO  impl.LeaderElection (LeaderElection.java:askForVotes(181)) - 386624b9-aee6-4a8d-bc49-1445f870a86d:group-453CF02E4214:LeaderElection207: begin an election at term 1 for -1: [386624b9-aee6-4a8d-bc49-1445f870a86d:192.168.34.5:45075], old=null
2019-09-19 09:44:49,429 [386624b9-aee6-4a8d-bc49-1445f870a86d:group-F040B753D308:LeaderElection205] INFO  impl.RoleInfo (RoleInfo.java:shutdownLeaderElection(134)) - 386624b9-aee6-4a8d-bc49-1445f870a86d: shutdown LeaderElection
2019-09-19 09:44:49,429 [0835d9f5-0b87-4b65-b1fa-6dc8409d04ae:group-D8ED631A0C58:LeaderElection204] INFO  impl.RaftServerImpl (RaftServerImpl.java:setRole(171)) - 0835d9f5-0b87-4b65-b1fa-6dc8409d04ae:group-D8ED631A0C58 changes role from CANDIDATE to LEADER at term 1 for changeToLeader
2019-09-19 09:44:49,429 [0835d9f5-0b87-4b65-b1fa-6dc8409d04ae:group-D8ED631A0C58:LeaderElection204] INFO  impl.RaftServerImpl (ServerState.java:setLeader(263)) - 0835d9f5-0b87-4b65-b1fa-6dc8409d04ae:group-D8ED631A0C58 change Leader from null to 0835d9f5-0b87-4b65-b1fa-6dc8409d04ae at term 1 for becomeLeader, leader elected after 5230ms
2019-09-19 09:44:49,428 [386624b9-aee6-4a8d-bc49-1445f870a86d:group-188747779335:LeaderElection206] INFO  impl.RoleInfo (RoleInfo.java:shutdownLeaderElection(134)) - 386624b9-aee6-4a8d-bc49-1445f870a86d: shutdown LeaderElection
2019-09-19 09:44:49,429 [0835d9f5-0b87-4b65-b1fa-6dc8409d04ae:group-D8ED631A0C58:LeaderElection204] INFO  server.RaftServerConfigKeys (ConfUtils.java:logGet(43)) - raft.server.staging.catchup.gap = 1000 (default)
2019-09-19 09:44:49,429 [386624b9-aee6-4a8d-bc49-1445f870a86d:group-F040B753D308:LeaderElection205] INFO  impl.RaftServerImpl (RaftServerImpl.java:setRole(171)) - 386624b9-aee6-4a8d-bc49-1445f870a86d:group-F040B753D308 changes role from CANDIDATE to LEADER at term 1 for changeToLeader
2019-09-19 09:44:49,429 [386624b9-aee6-4a8d-bc49-1445f870a86d:group-453CF02E4214:LeaderElection207] INFO  impl.RoleInfo (RoleInfo.java:shutdownLeaderElection(134)) - 386624b9-aee6-4a8d-bc49-1445f870a86d: shutdown LeaderElection
2019-09-19 09:44:49,429 [386624b9-aee6-4a8d-bc49-1445f870a86d:group-F040B753D308:LeaderElection205] INFO  impl.RaftServerImpl (ServerState.java:setLeader(263)) - 386624b9-aee6-4a8d-bc49-1445f870a86d:group-F040B753D308 change Leader from null to 386624b9-aee6-4a8d-bc49-1445f870a86d at term 1 for becomeLeader, leader elected after 5132ms
2019-09-19 09:44:49,429 [0835d9f5-0b87-4b65-b1fa-6dc8409d04ae:group-D8ED631A0C58:LeaderElection204] INFO  server.RaftServerConfigKeys (ConfUtils.java:logGet(43)) - raft.server.rpc.sleep.time = 25ms (default)
2019-09-19 09:44:49,429 [386624b9-aee6-4a8d-bc49-1445f870a86d:group-188747779335:LeaderElection206] INFO  impl.RaftServerImpl (RaftServerImpl.java:setRole(171)) - 386624b9-aee6-4a8d-bc49-1445f870a86d:group-188747779335 changes role from CANDIDATE to LEADER at term 1 for changeToLeader
2019-09-19 09:44:49,430 [0835d9f5-0b87-4b65-b1fa-6dc8409d04ae:group-D8ED631A0C58:LeaderElection204] INFO  server.RaftServerConfigKeys (ConfUtils.java:logGet(43)) - raft.server.write.element-limit = 4096 (default)
2019-09-19 09:44:49,430 [386624b9-aee6-4a8d-bc49-1445f870a86d:group-F040B753D308:LeaderElection205] INFO  server.RaftServerConfigKeys (ConfUtils.java:logGet(43)) - raft.server.staging.catchup.gap = 1000 (default)
2019-09-19 09:44:49,429 [386624b9-aee6-4a8d-bc49-1445f870a86d:group-453CF02E4214:LeaderElection207] INFO  impl.RaftServerImpl (RaftServerImpl.java:setRole(171)) - 386624b9-aee6-4a8d-bc49-1445f870a86d:group-453CF02E4214 changes role from CANDIDATE to LEADER at term 1 for changeToLeader
2019-09-19 09:44:49,430 [386624b9-aee6-4a8d-bc49-1445f870a86d:group-F040B753D308:LeaderElection205] INFO  server.RaftServerConfigKeys (ConfUtils.java:logGet(43)) - raft.server.rpc.sleep.time = 25ms (default)
2019-09-19 09:44:49,430 [0835d9f5-0b87-4b65-b1fa-6dc8409d04ae:group-D8ED631A0C58:LeaderElection204] INFO  server.RaftServerConfigKeys (ConfUtils.java:logGet(43)) - raft.server.watch.timeout = 10s (default)
2019-09-19 09:44:49,430 [0835d9f5-0b87-4b65-b1fa-6dc8409d04ae:group-D8ED631A0C58:LeaderElection204] INFO  server.RaftServerConfigKeys (ConfUtils.java:logGet(43)) - raft.server.watch.timeout.denomination = 1s (default)
2019-09-19 09:44:49,430 [386624b9-aee6-4a8d-bc49-1445f870a86d:group-188747779335:LeaderElection206] INFO  impl.RaftServerImpl (ServerState.java:setLeader(263)) - 386624b9-aee6-4a8d-bc49-1445f870a86d:group-188747779335 change Leader from null to 386624b9-aee6-4a8d-bc49-1445f870a86d at term 1 for becomeLeader, leader elected after 5169ms
2019-09-19 09:44:49,430 [0835d9f5-0b87-4b65-b1fa-6dc8409d04ae:group-D8ED631A0C58:LeaderElection204] INFO  server.RaftServerConfigKeys (ConfUtils.java:logGet(43)) - raft.server.watch.element-limit = 65536 (default)
2019-09-19 09:44:49,430 [386624b9-aee6-4a8d-bc49-1445f870a86d:group-F040B753D308:LeaderElection205] INFO  server.RaftServerConfigKeys (ConfUtils.java:logGet(43)) - raft.server.write.element-limit = 4096 (default)
2019-09-19 09:44:49,430 [386624b9-aee6-4a8d-bc49-1445f870a86d:group-453CF02E4214:LeaderElection207] INFO  impl.RaftServerImpl (ServerState.java:setLeader(263)) - 386624b9-aee6-4a8d-bc49-1445f870a86d:group-453CF02E4214 change Leader from null to 386624b9-aee6-4a8d-bc49-1445f870a86d at term 1 for becomeLeader, leader elected after 5198ms
2019-09-19 09:44:49,431 [386624b9-aee6-4a8d-bc49-1445f870a86d:group-F040B753D308:LeaderElection205] INFO  server.RaftServerConfigKeys (ConfUtils.java:logGet(43)) - raft.server.watch.timeout = 10s (default)
2019-09-19 09:44:49,431 [386624b9-aee6-4a8d-bc49-1445f870a86d:group-F040B753D308:LeaderElection205] INFO  server.RaftServerConfigKeys (ConfUtils.java:logGet(43)) - raft.server.watch.timeout.denomination = 1s (default)
2019-09-19 09:44:49,431 [0835d9f5-0b87-4b65-b1fa-6dc8409d04ae:group-D8ED631A0C58:LeaderElection204] INFO  impl.RoleInfo (RoleInfo.java:updateAndGet(143)) - 0835d9f5-0b87-4b65-b1fa-6dc8409d04ae: start LeaderState
2019-09-19 09:44:49,431 [386624b9-aee6-4a8d-bc49-1445f870a86d:group-188747779335:LeaderElection206] INFO  server.RaftServerConfigKeys (ConfUtils.java:logGet(43)) - raft.server.staging.catchup.gap = 1000 (default)
2019-09-19 09:44:49,431 [386624b9-aee6-4a8d-bc49-1445f870a86d:group-F040B753D308:LeaderElection205] INFO  server.RaftServerConfigKeys (ConfUtils.java:logGet(43)) - raft.server.watch.element-limit = 65536 (default)
2019-09-19 09:44:49,431 [386624b9-aee6-4a8d-bc49-1445f870a86d:group-453CF02E4214:LeaderElection207] INFO  server.RaftServerConfigKeys (ConfUtils.java:logGet(43)) - raft.server.staging.catchup.gap = 1000 (default)
2019-09-19 09:44:49,432 [386624b9-aee6-4a8d-bc49-1445f870a86d:group-F040B753D308:LeaderElection205] INFO  impl.RoleInfo (RoleInfo.java:updateAndGet(143)) - 386624b9-aee6-4a8d-bc49-1445f870a86d: start LeaderState
2019-09-19 09:44:49,431 [386624b9-aee6-4a8d-bc49-1445f870a86d:group-188747779335:LeaderElection206] INFO  server.RaftServerConfigKeys (ConfUtils.java:logGet(43)) - raft.server.rpc.sleep.time = 25ms (default)
2019-09-19 09:44:49,431 [0835d9f5-0b87-4b65-b1fa-6dc8409d04ae:group-D8ED631A0C58:LeaderElection204] INFO  segmented.SegmentedRaftLogWorker (SegmentedRaftLogWorker.java:startLogSegment(380)) - 0835d9f5-0b87-4b65-b1fa-6dc8409d04ae-SegmentedRaftLogWorker:Storage Directory /workdir/hadoop-ozone/ozonefs/target/test-dir/MiniOzoneClusterImpl-dbfea85f-f096-46e2-b73b-2281bdd0ed8c/datanode-0/data/ratis/f1806c58-5035-4e53-a1c5-d8ed631a0c58: Starting segment from index:0
2019-09-19 09:44:49,432 [386624b9-aee6-4a8d-bc49-1445f870a86d:group-188747779335:LeaderElection206] INFO  server.RaftServerConfigKeys (ConfUtils.java:logGet(43)) - raft.server.write.element-limit = 4096 (default)
2019-09-19 09:44:49,432 [386624b9-aee6-4a8d-bc49-1445f870a86d:group-F040B753D308:LeaderElection205] INFO  segmented.SegmentedRaftLogWorker (SegmentedRaftLogWorker.java:startLogSegment(380)) - 386624b9-aee6-4a8d-bc49-1445f870a86d-SegmentedRaftLogWorker:Storage Directory /workdir/hadoop-ozone/ozonefs/target/test-dir/MiniOzoneClusterImpl-dbfea85f-f096-46e2-b73b-2281bdd0ed8c/datanode-1/data/ratis/07bdc449-65ee-4702-9bea-f040b753d308: Starting segment from index:0
2019-09-19 09:44:49,432 [386624b9-aee6-4a8d-bc49-1445f870a86d:group-453CF02E4214:LeaderElection207] INFO  server.RaftServerConfigKeys (ConfUtils.java:logGet(43)) - raft.server.rpc.sleep.time = 25ms (default)
2019-09-19 09:44:49,432 [0835d9f5-0b87-4b65-b1fa-6dc8409d04ae:group-D8ED631A0C58:LeaderElection204] INFO  impl.RaftServerImpl (ServerState.java:setRaftConf(361)) - 0835d9f5-0b87-4b65-b1fa-6dc8409d04ae:group-D8ED631A0C58 set configuration 0: [0835d9f5-0b87-4b65-b1fa-6dc8409d04ae:192.168.34.5:38655], old=null at 0
2019-09-19 09:44:49,432 [386624b9-aee6-4a8d-bc49-1445f870a86d:group-188747779335:LeaderElection206] INFO  server.RaftServerConfigKeys (ConfUtils.java:logGet(43)) - raft.server.watch.timeout = 10s (default)
2019-09-19 09:44:49,433 [386624b9-aee6-4a8d-bc49-1445f870a86d:group-F040B753D308:LeaderElection205] INFO  impl.RaftServerImpl (ServerState.java:setRaftConf(361)) - 386624b9-aee6-4a8d-bc49-1445f870a86d:group-F040B753D308 set configuration 0: [386624b9-aee6-4a8d-bc49-1445f870a86d:192.168.34.5:45075], old=null at 0
2019-09-19 09:44:49,433 [386624b9-aee6-4a8d-bc49-1445f870a86d:group-453CF02E4214:LeaderElection207] INFO  server.RaftServerConfigKeys (ConfUtils.java:logGet(43)) - raft.server.write.element-limit = 4096 (default)
2019-09-19 09:44:49,433 [386624b9-aee6-4a8d-bc49-1445f870a86d:group-188747779335:LeaderElection206] INFO  server.RaftServerConfigKeys (ConfUtils.java:logGet(43)) - raft.server.watch.timeout.denomination = 1s (default)
2019-09-19 09:44:49,433 [386624b9-aee6-4a8d-bc49-1445f870a86d:group-453CF02E4214:LeaderElection207] INFO  server.RaftServerConfigKeys (ConfUtils.java:logGet(43)) - raft.server.watch.timeout = 10s (default)
2019-09-19 09:44:49,433 [386624b9-aee6-4a8d-bc49-1445f870a86d:group-188747779335:LeaderElection206] INFO  server.RaftServerConfigKeys (ConfUtils.java:logGet(43)) - raft.server.watch.element-limit = 65536 (default)
2019-09-19 09:44:49,433 [386624b9-aee6-4a8d-bc49-1445f870a86d:group-453CF02E4214:LeaderElection207] INFO  server.RaftServerConfigKeys (ConfUtils.java:logGet(43)) - raft.server.watch.timeout.denomination = 1s (default)
2019-09-19 09:44:49,433 [386624b9-aee6-4a8d-bc49-1445f870a86d:group-188747779335:LeaderElection206] INFO  impl.RoleInfo (RoleInfo.java:updateAndGet(143)) - 386624b9-aee6-4a8d-bc49-1445f870a86d: start LeaderState
2019-09-19 09:44:49,433 [386624b9-aee6-4a8d-bc49-1445f870a86d:group-453CF02E4214:LeaderElection207] INFO  server.RaftServerConfigKeys (ConfUtils.java:logGet(43)) - raft.server.watch.element-limit = 65536 (default)
2019-09-19 09:44:49,433 [386624b9-aee6-4a8d-bc49-1445f870a86d:group-188747779335:LeaderElection206] INFO  segmented.SegmentedRaftLogWorker (SegmentedRaftLogWorker.java:startLogSegment(380)) - 386624b9-aee6-4a8d-bc49-1445f870a86d-SegmentedRaftLogWorker:Storage Directory /workdir/hadoop-ozone/ozonefs/target/test-dir/MiniOzoneClusterImpl-dbfea85f-f096-46e2-b73b-2281bdd0ed8c/datanode-1/data/ratis/63fce884-0c58-4860-907b-188747779335: Starting segment from index:0
2019-09-19 09:44:49,434 [386624b9-aee6-4a8d-bc49-1445f870a86d:group-453CF02E4214:LeaderElection207] INFO  impl.RoleInfo (RoleInfo.java:updateAndGet(143)) - 386624b9-aee6-4a8d-bc49-1445f870a86d: start LeaderState
2019-09-19 09:44:49,434 [386624b9-aee6-4a8d-bc49-1445f870a86d:group-453CF02E4214:LeaderElection207] INFO  segmented.SegmentedRaftLogWorker (SegmentedRaftLogWorker.java:startLogSegment(380)) - 386624b9-aee6-4a8d-bc49-1445f870a86d-SegmentedRaftLogWorker:Storage Directory /workdir/hadoop-ozone/ozonefs/target/test-dir/MiniOzoneClusterImpl-dbfea85f-f096-46e2-b73b-2281bdd0ed8c/datanode-1/data/ratis/0c59b770-a8c2-4f8e-8723-453cf02e4214: Starting segment from index:0
2019-09-19 09:44:49,434 [386624b9-aee6-4a8d-bc49-1445f870a86d:group-188747779335:LeaderElection206] INFO  impl.RaftServerImpl (ServerState.java:setRaftConf(361)) - 386624b9-aee6-4a8d-bc49-1445f870a86d:group-188747779335 set configuration 0: [386624b9-aee6-4a8d-bc49-1445f870a86d:192.168.34.5:45075], old=null at 0
2019-09-19 09:44:49,434 [386624b9-aee6-4a8d-bc49-1445f870a86d:group-453CF02E4214:LeaderElection207] INFO  impl.RaftServerImpl (ServerState.java:setRaftConf(361)) - 386624b9-aee6-4a8d-bc49-1445f870a86d:group-453CF02E4214 set configuration 0: [386624b9-aee6-4a8d-bc49-1445f870a86d:192.168.34.5:45075], old=null at 0
2019-09-19 09:44:49,448 [Thread-3123] INFO  impl.FollowerState (FollowerState.java:run(106)) - 386624b9-aee6-4a8d-bc49-1445f870a86d:group-77D27F462101 changes to CANDIDATE, lastRpcTime:5110, electionTimeout:5110ms
2019-09-19 09:44:49,448 [Thread-3123] INFO  impl.RoleInfo (RoleInfo.java:shutdownFollowerState(121)) - 386624b9-aee6-4a8d-bc49-1445f870a86d: shutdown FollowerState
2019-09-19 09:44:49,448 [Thread-3123] INFO  impl.RaftServerImpl (RaftServerImpl.java:setRole(171)) - 386624b9-aee6-4a8d-bc49-1445f870a86d:group-77D27F462101 changes role from FOLLOWER to CANDIDATE at term 0 for changeToCandidate
2019-09-19 09:44:49,448 | INFO  | SCMAudit | user=jenkins1000 | ip=192.168.34.5 | op=SEND_HEARTBEAT {datanodeUUID=97da3b28-af5a-4526-85e9-94ce27a94e14, command=[]} | ret=SUCCESS |  
2019-09-19 09:44:49,448 [Thread-3123] INFO  impl.RoleInfo (RoleInfo.java:updateAndGet(143)) - 386624b9-aee6-4a8d-bc49-1445f870a86d: start LeaderElection
2019-09-19 09:44:49,484 [0835d9f5-0b87-4b65-b1fa-6dc8409d04ae-SegmentedRaftLogWorker:Storage Directory /workdir/hadoop-ozone/ozonefs/target/test-dir/MiniOzoneClusterImpl-dbfea85f-f096-46e2-b73b-2281bdd0ed8c/datanode-0/data/ratis/f1806c58-5035-4e53-a1c5-d8ed631a0c58] INFO  segmented.SegmentedRaftLogWorker (SegmentedRaftLogWorker.java:execute(569)) - 0835d9f5-0b87-4b65-b1fa-6dc8409d04ae-SegmentedRaftLogWorker:Storage Directory /workdir/hadoop-ozone/ozonefs/target/test-dir/MiniOzoneClusterImpl-dbfea85f-f096-46e2-b73b-2281bdd0ed8c/datanode-0/data/ratis/f1806c58-5035-4e53-a1c5-d8ed631a0c58: created new log segment /workdir/hadoop-ozone/ozonefs/target/test-dir/MiniOzoneClusterImpl-dbfea85f-f096-46e2-b73b-2281bdd0ed8c/datanode-0/data/ratis/f1806c58-5035-4e53-a1c5-d8ed631a0c58/current/log_inprogress_0
2019-09-19 09:44:49,484 [386624b9-aee6-4a8d-bc49-1445f870a86d:group-77D27F462101:LeaderElection208] INFO  impl.LeaderElection (LeaderElection.java:askForVotes(181)) - 386624b9-aee6-4a8d-bc49-1445f870a86d:group-77D27F462101:LeaderElection208: begin an election at term 1 for -1: [386624b9-aee6-4a8d-bc49-1445f870a86d:192.168.34.5:45075], old=null
2019-09-19 09:44:49,484 [386624b9-aee6-4a8d-bc49-1445f870a86d-SegmentedRaftLogWorker:Storage Directory /workdir/hadoop-ozone/ozonefs/target/test-dir/MiniOzoneClusterImpl-dbfea85f-f096-46e2-b73b-2281bdd0ed8c/datanode-1/data/ratis/07bdc449-65ee-4702-9bea-f040b753d308] INFO  segmented.SegmentedRaftLogWorker (SegmentedRaftLogWorker.java:execute(569)) - 386624b9-aee6-4a8d-bc49-1445f870a86d-SegmentedRaftLogWorker:Storage Directory /workdir/hadoop-ozone/ozonefs/target/test-dir/MiniOzoneClusterImpl-dbfea85f-f096-46e2-b73b-2281bdd0ed8c/datanode-1/data/ratis/07bdc449-65ee-4702-9bea-f040b753d308: created new log segment /workdir/hadoop-ozone/ozonefs/target/test-dir/MiniOzoneClusterImpl-dbfea85f-f096-46e2-b73b-2281bdd0ed8c/datanode-1/data/ratis/07bdc449-65ee-4702-9bea-f040b753d308/current/log_inprogress_0
2019-09-19 09:44:49,484 [386624b9-aee6-4a8d-bc49-1445f870a86d-SegmentedRaftLogWorker:Storage Directory /workdir/hadoop-ozone/ozonefs/target/test-dir/MiniOzoneClusterImpl-dbfea85f-f096-46e2-b73b-2281bdd0ed8c/datanode-1/data/ratis/0c59b770-a8c2-4f8e-8723-453cf02e4214] INFO  segmented.SegmentedRaftLogWorker (SegmentedRaftLogWorker.java:execute(569)) - 386624b9-aee6-4a8d-bc49-1445f870a86d-SegmentedRaftLogWorker:Storage Directory /workdir/hadoop-ozone/ozonefs/target/test-dir/MiniOzoneClusterImpl-dbfea85f-f096-46e2-b73b-2281bdd0ed8c/datanode-1/data/ratis/0c59b770-a8c2-4f8e-8723-453cf02e4214: created new log segment /workdir/hadoop-ozone/ozonefs/target/test-dir/MiniOzoneClusterImpl-dbfea85f-f096-46e2-b73b-2281bdd0ed8c/datanode-1/data/ratis/0c59b770-a8c2-4f8e-8723-453cf02e4214/current/log_inprogress_0
2019-09-19 09:44:49,484 [386624b9-aee6-4a8d-bc49-1445f870a86d-SegmentedRaftLogWorker:Storage Directory /workdir/hadoop-ozone/ozonefs/target/test-dir/MiniOzoneClusterImpl-dbfea85f-f096-46e2-b73b-2281bdd0ed8c/datanode-1/data/ratis/63fce884-0c58-4860-907b-188747779335] INFO  segmented.SegmentedRaftLogWorker (SegmentedRaftLogWorker.java:execute(569)) - 386624b9-aee6-4a8d-bc49-1445f870a86d-SegmentedRaftLogWorker:Storage Directory /workdir/hadoop-ozone/ozonefs/target/test-dir/MiniOzoneClusterImpl-dbfea85f-f096-46e2-b73b-2281bdd0ed8c/datanode-1/data/ratis/63fce884-0c58-4860-907b-188747779335: created new log segment /workdir/hadoop-ozone/ozonefs/target/test-dir/MiniOzoneClusterImpl-dbfea85f-f096-46e2-b73b-2281bdd0ed8c/datanode-1/data/ratis/63fce884-0c58-4860-907b-188747779335/current/log_inprogress_0
2019-09-19 09:44:49,484 [386624b9-aee6-4a8d-bc49-1445f870a86d:group-77D27F462101:LeaderElection208] INFO  impl.RoleInfo (RoleInfo.java:shutdownLeaderElection(134)) - 386624b9-aee6-4a8d-bc49-1445f870a86d: shutdown LeaderElection
2019-09-19 09:44:49,485 [386624b9-aee6-4a8d-bc49-1445f870a86d:group-77D27F462101:LeaderElection208] INFO  impl.RaftServerImpl (RaftServerImpl.java:setRole(171)) - 386624b9-aee6-4a8d-bc49-1445f870a86d:group-77D27F462101 changes role from CANDIDATE to LEADER at term 1 for changeToLeader
2019-09-19 09:44:49,485 [386624b9-aee6-4a8d-bc49-1445f870a86d:group-77D27F462101:LeaderElection208] INFO  impl.RaftServerImpl (ServerState.java:setLeader(263)) - 386624b9-aee6-4a8d-bc49-1445f870a86d:group-77D27F462101 change Leader from null to 386624b9-aee6-4a8d-bc49-1445f870a86d at term 1 for becomeLeader, leader elected after 5150ms
2019-09-19 09:44:49,485 [386624b9-aee6-4a8d-bc49-1445f870a86d:group-77D27F462101:LeaderElection208] INFO  server.RaftServerConfigKeys (ConfUtils.java:logGet(43)) - raft.server.staging.catchup.gap = 1000 (default)
2019-09-19 09:44:49,485 [386624b9-aee6-4a8d-bc49-1445f870a86d:group-77D27F462101:LeaderElection208] INFO  server.RaftServerConfigKeys (ConfUtils.java:logGet(43)) - raft.server.rpc.sleep.time = 25ms (default)
2019-09-19 09:44:49,485 [386624b9-aee6-4a8d-bc49-1445f870a86d:group-77D27F462101:LeaderElection208] INFO  server.RaftServerConfigKeys (ConfUtils.java:logGet(43)) - raft.server.write.element-limit = 4096 (default)
2019-09-19 09:44:49,485 [386624b9-aee6-4a8d-bc49-1445f870a86d:group-77D27F462101:LeaderElection208] INFO  server.RaftServerConfigKeys (ConfUtils.java:logGet(43)) - raft.server.watch.timeout = 10s (default)
2019-09-19 09:44:49,486 [386624b9-aee6-4a8d-bc49-1445f870a86d:group-77D27F462101:LeaderElection208] INFO  server.RaftServerConfigKeys (ConfUtils.java:logGet(43)) - raft.server.watch.timeout.denomination = 1s (default)
2019-09-19 09:44:49,486 [386624b9-aee6-4a8d-bc49-1445f870a86d:group-77D27F462101:LeaderElection208] INFO  server.RaftServerConfigKeys (ConfUtils.java:logGet(43)) - raft.server.watch.element-limit = 65536 (default)
2019-09-19 09:44:49,486 [386624b9-aee6-4a8d-bc49-1445f870a86d:group-77D27F462101:LeaderElection208] INFO  impl.RoleInfo (RoleInfo.java:updateAndGet(143)) - 386624b9-aee6-4a8d-bc49-1445f870a86d: start LeaderState
2019-09-19 09:44:49,486 [386624b9-aee6-4a8d-bc49-1445f870a86d:group-77D27F462101:LeaderElection208] INFO  segmented.SegmentedRaftLogWorker (SegmentedRaftLogWorker.java:startLogSegment(380)) - 386624b9-aee6-4a8d-bc49-1445f870a86d-SegmentedRaftLogWorker:Storage Directory /workdir/hadoop-ozone/ozonefs/target/test-dir/MiniOzoneClusterImpl-dbfea85f-f096-46e2-b73b-2281bdd0ed8c/datanode-1/data/ratis/653fd89e-363c-4d22-8d8e-77d27f462101: Starting segment from index:0
2019-09-19 09:44:49,486 [386624b9-aee6-4a8d-bc49-1445f870a86d:group-77D27F462101:LeaderElection208] INFO  impl.RaftServerImpl (ServerState.java:setRaftConf(361)) - 386624b9-aee6-4a8d-bc49-1445f870a86d:group-77D27F462101 set configuration 0: [386624b9-aee6-4a8d-bc49-1445f870a86d:192.168.34.5:45075], old=null at 0
2019-09-19 09:44:49,527 [386624b9-aee6-4a8d-bc49-1445f870a86d-SegmentedRaftLogWorker:Storage Directory /workdir/hadoop-ozone/ozonefs/target/test-dir/MiniOzoneClusterImpl-dbfea85f-f096-46e2-b73b-2281bdd0ed8c/datanode-1/data/ratis/653fd89e-363c-4d22-8d8e-77d27f462101] INFO  segmented.SegmentedRaftLogWorker (SegmentedRaftLogWorker.java:execute(569)) - 386624b9-aee6-4a8d-bc49-1445f870a86d-SegmentedRaftLogWorker:Storage Directory /workdir/hadoop-ozone/ozonefs/target/test-dir/MiniOzoneClusterImpl-dbfea85f-f096-46e2-b73b-2281bdd0ed8c/datanode-1/data/ratis/653fd89e-363c-4d22-8d8e-77d27f462101: created new log segment /workdir/hadoop-ozone/ozonefs/target/test-dir/MiniOzoneClusterImpl-dbfea85f-f096-46e2-b73b-2281bdd0ed8c/datanode-1/data/ratis/653fd89e-363c-4d22-8d8e-77d27f462101/current/log_inprogress_0
2019-09-19 09:44:49,527 [Thread-3126] INFO  impl.FollowerState (FollowerState.java:run(106)) - 386624b9-aee6-4a8d-bc49-1445f870a86d:group-4F686E540D14 changes to CANDIDATE, lastRpcTime:5150, electionTimeout:5150ms
2019-09-19 09:44:49,527 [Thread-3126] INFO  impl.RoleInfo (RoleInfo.java:shutdownFollowerState(121)) - 386624b9-aee6-4a8d-bc49-1445f870a86d: shutdown FollowerState
2019-09-19 09:44:49,527 [Thread-3126] INFO  impl.RaftServerImpl (RaftServerImpl.java:setRole(171)) - 386624b9-aee6-4a8d-bc49-1445f870a86d:group-4F686E540D14 changes role from FOLLOWER to CANDIDATE at term 0 for changeToCandidate
2019-09-19 09:44:49,527 [Thread-3126] INFO  impl.RoleInfo (RoleInfo.java:updateAndGet(143)) - 386624b9-aee6-4a8d-bc49-1445f870a86d: start LeaderElection
2019-09-19 09:44:49,542 [386624b9-aee6-4a8d-bc49-1445f870a86d:group-4F686E540D14:LeaderElection209] INFO  impl.LeaderElection (LeaderElection.java:askForVotes(181)) - 386624b9-aee6-4a8d-bc49-1445f870a86d:group-4F686E540D14:LeaderElection209: begin an election at term 1 for -1: [386624b9-aee6-4a8d-bc49-1445f870a86d:192.168.34.5:45075], old=null
2019-09-19 09:44:49,542 [386624b9-aee6-4a8d-bc49-1445f870a86d:group-4F686E540D14:LeaderElection209] INFO  impl.RoleInfo (RoleInfo.java:shutdownLeaderElection(134)) - 386624b9-aee6-4a8d-bc49-1445f870a86d: shutdown LeaderElection
2019-09-19 09:44:49,542 [386624b9-aee6-4a8d-bc49-1445f870a86d:group-4F686E540D14:LeaderElection209] INFO  impl.RaftServerImpl (RaftServerImpl.java:setRole(171)) - 386624b9-aee6-4a8d-bc49-1445f870a86d:group-4F686E540D14 changes role from CANDIDATE to LEADER at term 1 for changeToLeader
2019-09-19 09:44:49,543 [386624b9-aee6-4a8d-bc49-1445f870a86d:group-4F686E540D14:LeaderElection209] INFO  impl.RaftServerImpl (ServerState.java:setLeader(263)) - 386624b9-aee6-4a8d-bc49-1445f870a86d:group-4F686E540D14 change Leader from null to 386624b9-aee6-4a8d-bc49-1445f870a86d at term 1 for becomeLeader, leader elected after 5168ms
2019-09-19 09:44:49,543 [386624b9-aee6-4a8d-bc49-1445f870a86d:group-4F686E540D14:LeaderElection209] INFO  server.RaftServerConfigKeys (ConfUtils.java:logGet(43)) - raft.server.staging.catchup.gap = 1000 (default)
2019-09-19 09:44:49,543 [386624b9-aee6-4a8d-bc49-1445f870a86d:group-4F686E540D14:LeaderElection209] INFO  server.RaftServerConfigKeys (ConfUtils.java:logGet(43)) - raft.server.rpc.sleep.time = 25ms (default)
2019-09-19 09:44:49,543 [386624b9-aee6-4a8d-bc49-1445f870a86d:group-4F686E540D14:LeaderElection209] INFO  server.RaftServerConfigKeys (ConfUtils.java:logGet(43)) - raft.server.write.element-limit = 4096 (default)
2019-09-19 09:44:49,543 [386624b9-aee6-4a8d-bc49-1445f870a86d:group-4F686E540D14:LeaderElection209] INFO  server.RaftServerConfigKeys (ConfUtils.java:logGet(43)) - raft.server.watch.timeout = 10s (default)
2019-09-19 09:44:49,543 [386624b9-aee6-4a8d-bc49-1445f870a86d:group-4F686E540D14:LeaderElection209] INFO  server.RaftServerConfigKeys (ConfUtils.java:logGet(43)) - raft.server.watch.timeout.denomination = 1s (default)
2019-09-19 09:44:49,543 [386624b9-aee6-4a8d-bc49-1445f870a86d:group-4F686E540D14:LeaderElection209] INFO  server.RaftServerConfigKeys (ConfUtils.java:logGet(43)) - raft.server.watch.element-limit = 65536 (default)
2019-09-19 09:44:49,543 [386624b9-aee6-4a8d-bc49-1445f870a86d:group-4F686E540D14:LeaderElection209] INFO  impl.RoleInfo (RoleInfo.java:updateAndGet(143)) - 386624b9-aee6-4a8d-bc49-1445f870a86d: start LeaderState
2019-09-19 09:44:49,544 [386624b9-aee6-4a8d-bc49-1445f870a86d:group-4F686E540D14:LeaderElection209] INFO  segmented.SegmentedRaftLogWorker (SegmentedRaftLogWorker.java:startLogSegment(380)) - 386624b9-aee6-4a8d-bc49-1445f870a86d-SegmentedRaftLogWorker:Storage Directory /workdir/hadoop-ozone/ozonefs/target/test-dir/MiniOzoneClusterImpl-dbfea85f-f096-46e2-b73b-2281bdd0ed8c/datanode-1/data/ratis/604ec72d-0e57-41c7-8a59-4f686e540d14: Starting segment from index:0
2019-09-19 09:44:49,544 [386624b9-aee6-4a8d-bc49-1445f870a86d:group-4F686E540D14:LeaderElection209] INFO  impl.RaftServerImpl (ServerState.java:setRaftConf(361)) - 386624b9-aee6-4a8d-bc49-1445f870a86d:group-4F686E540D14 set configuration 0: [386624b9-aee6-4a8d-bc49-1445f870a86d:192.168.34.5:45075], old=null at 0
2019-09-19 09:44:49,590 [Thread-3129] INFO  impl.FollowerState (FollowerState.java:run(106)) - 386624b9-aee6-4a8d-bc49-1445f870a86d:group-C354019DEAC5 changes to CANDIDATE, lastRpcTime:5175, electionTimeout:5175ms
2019-09-19 09:44:49,590 [Thread-3129] INFO  impl.RoleInfo (RoleInfo.java:shutdownFollowerState(121)) - 386624b9-aee6-4a8d-bc49-1445f870a86d: shutdown FollowerState
2019-09-19 09:44:49,590 [Thread-3129] INFO  impl.RaftServerImpl (RaftServerImpl.java:setRole(171)) - 386624b9-aee6-4a8d-bc49-1445f870a86d:group-C354019DEAC5 changes role from FOLLOWER to CANDIDATE at term 0 for changeToCandidate
2019-09-19 09:44:49,590 [Thread-3129] INFO  impl.RoleInfo (RoleInfo.java:updateAndGet(143)) - 386624b9-aee6-4a8d-bc49-1445f870a86d: start LeaderElection
2019-09-19 09:44:49,597 [386624b9-aee6-4a8d-bc49-1445f870a86d-SegmentedRaftLogWorker:Storage Directory /workdir/hadoop-ozone/ozonefs/target/test-dir/MiniOzoneClusterImpl-dbfea85f-f096-46e2-b73b-2281bdd0ed8c/datanode-1/data/ratis/604ec72d-0e57-41c7-8a59-4f686e540d14] INFO  segmented.SegmentedRaftLogWorker (SegmentedRaftLogWorker.java:execute(569)) - 386624b9-aee6-4a8d-bc49-1445f870a86d-SegmentedRaftLogWorker:Storage Directory /workdir/hadoop-ozone/ozonefs/target/test-dir/MiniOzoneClusterImpl-dbfea85f-f096-46e2-b73b-2281bdd0ed8c/datanode-1/data/ratis/604ec72d-0e57-41c7-8a59-4f686e540d14: created new log segment /workdir/hadoop-ozone/ozonefs/target/test-dir/MiniOzoneClusterImpl-dbfea85f-f096-46e2-b73b-2281bdd0ed8c/datanode-1/data/ratis/604ec72d-0e57-41c7-8a59-4f686e540d14/current/log_inprogress_0
2019-09-19 09:44:49,609 [386624b9-aee6-4a8d-bc49-1445f870a86d:group-C354019DEAC5:LeaderElection210] INFO  impl.LeaderElection (LeaderElection.java:askForVotes(181)) - 386624b9-aee6-4a8d-bc49-1445f870a86d:group-C354019DEAC5:LeaderElection210: begin an election at term 1 for -1: [386624b9-aee6-4a8d-bc49-1445f870a86d:192.168.34.5:45075], old=null
2019-09-19 09:44:49,609 [386624b9-aee6-4a8d-bc49-1445f870a86d:group-C354019DEAC5:LeaderElection210] INFO  impl.RoleInfo (RoleInfo.java:shutdownLeaderElection(134)) - 386624b9-aee6-4a8d-bc49-1445f870a86d: shutdown LeaderElection
2019-09-19 09:44:49,609 [386624b9-aee6-4a8d-bc49-1445f870a86d:group-C354019DEAC5:LeaderElection210] INFO  impl.RaftServerImpl (RaftServerImpl.java:setRole(171)) - 386624b9-aee6-4a8d-bc49-1445f870a86d:group-C354019DEAC5 changes role from CANDIDATE to LEADER at term 1 for changeToLeader
2019-09-19 09:44:49,609 [386624b9-aee6-4a8d-bc49-1445f870a86d:group-C354019DEAC5:LeaderElection210] INFO  impl.RaftServerImpl (ServerState.java:setLeader(263)) - 386624b9-aee6-4a8d-bc49-1445f870a86d:group-C354019DEAC5 change Leader from null to 386624b9-aee6-4a8d-bc49-1445f870a86d at term 1 for becomeLeader, leader elected after 5197ms
2019-09-19 09:44:49,609 [386624b9-aee6-4a8d-bc49-1445f870a86d:group-C354019DEAC5:LeaderElection210] INFO  server.RaftServerConfigKeys (ConfUtils.java:logGet(43)) - raft.server.staging.catchup.gap = 1000 (default)
2019-09-19 09:44:49,609 [386624b9-aee6-4a8d-bc49-1445f870a86d:group-C354019DEAC5:LeaderElection210] INFO  server.RaftServerConfigKeys (ConfUtils.java:logGet(43)) - raft.server.rpc.sleep.time = 25ms (default)
2019-09-19 09:44:49,609 [386624b9-aee6-4a8d-bc49-1445f870a86d:group-C354019DEAC5:LeaderElection210] INFO  server.RaftServerConfigKeys (ConfUtils.java:logGet(43)) - raft.server.write.element-limit = 4096 (default)
2019-09-19 09:44:49,610 [386624b9-aee6-4a8d-bc49-1445f870a86d:group-C354019DEAC5:LeaderElection210] INFO  server.RaftServerConfigKeys (ConfUtils.java:logGet(43)) - raft.server.watch.timeout = 10s (default)
2019-09-19 09:44:49,610 [386624b9-aee6-4a8d-bc49-1445f870a86d:group-C354019DEAC5:LeaderElection210] INFO  server.RaftServerConfigKeys (ConfUtils.java:logGet(43)) - raft.server.watch.timeout.denomination = 1s (default)
2019-09-19 09:44:49,610 [386624b9-aee6-4a8d-bc49-1445f870a86d:group-C354019DEAC5:LeaderElection210] INFO  server.RaftServerConfigKeys (ConfUtils.java:logGet(43)) - raft.server.watch.element-limit = 65536 (default)
2019-09-19 09:44:49,610 [386624b9-aee6-4a8d-bc49-1445f870a86d:group-C354019DEAC5:LeaderElection210] INFO  impl.RoleInfo (RoleInfo.java:updateAndGet(143)) - 386624b9-aee6-4a8d-bc49-1445f870a86d: start LeaderState
2019-09-19 09:44:49,610 [386624b9-aee6-4a8d-bc49-1445f870a86d:group-C354019DEAC5:LeaderElection210] INFO  segmented.SegmentedRaftLogWorker (SegmentedRaftLogWorker.java:startLogSegment(380)) - 386624b9-aee6-4a8d-bc49-1445f870a86d-SegmentedRaftLogWorker:Storage Directory /workdir/hadoop-ozone/ozonefs/target/test-dir/MiniOzoneClusterImpl-dbfea85f-f096-46e2-b73b-2281bdd0ed8c/datanode-1/data/ratis/13d5adb5-ada8-41a0-8720-c354019deac5: Starting segment from index:0
2019-09-19 09:44:49,611 [386624b9-aee6-4a8d-bc49-1445f870a86d:group-C354019DEAC5:LeaderElection210] INFO  impl.RaftServerImpl (ServerState.java:setRaftConf(361)) - 386624b9-aee6-4a8d-bc49-1445f870a86d:group-C354019DEAC5 set configuration 0: [386624b9-aee6-4a8d-bc49-1445f870a86d:192.168.34.5:45075], old=null at 0
2019-09-19 09:44:49,614 [Thread-3132] INFO  impl.FollowerState (FollowerState.java:run(106)) - 97da3b28-af5a-4526-85e9-94ce27a94e14:group-6BF1E4BB4D5E changes to CANDIDATE, lastRpcTime:5134, electionTimeout:5134ms
2019-09-19 09:44:49,615 [Thread-3132] INFO  impl.RoleInfo (RoleInfo.java:shutdownFollowerState(121)) - 97da3b28-af5a-4526-85e9-94ce27a94e14: shutdown FollowerState
2019-09-19 09:44:49,615 [Thread-3132] INFO  impl.RaftServerImpl (RaftServerImpl.java:setRole(171)) - 97da3b28-af5a-4526-85e9-94ce27a94e14:group-6BF1E4BB4D5E changes role from FOLLOWER to CANDIDATE at term 0 for changeToCandidate
2019-09-19 09:44:49,615 [Thread-3132] INFO  impl.RoleInfo (RoleInfo.java:updateAndGet(143)) - 97da3b28-af5a-4526-85e9-94ce27a94e14: start LeaderElection
2019-09-19 09:44:49,655 [Thread-3135] INFO  impl.FollowerState (FollowerState.java:run(106)) - 97da3b28-af5a-4526-85e9-94ce27a94e14:group-CAF150EB820F changes to CANDIDATE, lastRpcTime:5140, electionTimeout:5114ms
2019-09-19 09:44:49,655 [Thread-3135] INFO  impl.RoleInfo (RoleInfo.java:shutdownFollowerState(121)) - 97da3b28-af5a-4526-85e9-94ce27a94e14: shutdown FollowerState
2019-09-19 09:44:49,655 [Thread-3135] INFO  impl.RaftServerImpl (RaftServerImpl.java:setRole(171)) - 97da3b28-af5a-4526-85e9-94ce27a94e14:group-CAF150EB820F changes role from FOLLOWER to CANDIDATE at term 0 for changeToCandidate
2019-09-19 09:44:49,655 [Thread-3135] INFO  impl.RoleInfo (RoleInfo.java:updateAndGet(143)) - 97da3b28-af5a-4526-85e9-94ce27a94e14: start LeaderElection
2019-09-19 09:44:49,668 [386624b9-aee6-4a8d-bc49-1445f870a86d-SegmentedRaftLogWorker:Storage Directory /workdir/hadoop-ozone/ozonefs/target/test-dir/MiniOzoneClusterImpl-dbfea85f-f096-46e2-b73b-2281bdd0ed8c/datanode-1/data/ratis/13d5adb5-ada8-41a0-8720-c354019deac5] INFO  segmented.SegmentedRaftLogWorker (SegmentedRaftLogWorker.java:execute(569)) - 386624b9-aee6-4a8d-bc49-1445f870a86d-SegmentedRaftLogWorker:Storage Directory /workdir/hadoop-ozone/ozonefs/target/test-dir/MiniOzoneClusterImpl-dbfea85f-f096-46e2-b73b-2281bdd0ed8c/datanode-1/data/ratis/13d5adb5-ada8-41a0-8720-c354019deac5: created new log segment /workdir/hadoop-ozone/ozonefs/target/test-dir/MiniOzoneClusterImpl-dbfea85f-f096-46e2-b73b-2281bdd0ed8c/datanode-1/data/ratis/13d5adb5-ada8-41a0-8720-c354019deac5/current/log_inprogress_0
2019-09-19 09:44:49,668 [97da3b28-af5a-4526-85e9-94ce27a94e14:group-6BF1E4BB4D5E:LeaderElection211] INFO  impl.LeaderElection (LeaderElection.java:askForVotes(181)) - 97da3b28-af5a-4526-85e9-94ce27a94e14:group-6BF1E4BB4D5E:LeaderElection211: begin an election at term 1 for -1: [97da3b28-af5a-4526-85e9-94ce27a94e14:192.168.34.5:39413], old=null
2019-09-19 09:44:49,668 [97da3b28-af5a-4526-85e9-94ce27a94e14:group-CAF150EB820F:LeaderElection212] INFO  impl.LeaderElection (LeaderElection.java:askForVotes(181)) - 97da3b28-af5a-4526-85e9-94ce27a94e14:group-CAF150EB820F:LeaderElection212: begin an election at term 1 for -1: [97da3b28-af5a-4526-85e9-94ce27a94e14:192.168.34.5:39413], old=null
2019-09-19 09:44:49,668 [97da3b28-af5a-4526-85e9-94ce27a94e14:group-6BF1E4BB4D5E:LeaderElection211] INFO  impl.RoleInfo (RoleInfo.java:shutdownLeaderElection(134)) - 97da3b28-af5a-4526-85e9-94ce27a94e14: shutdown LeaderElection
2019-09-19 09:44:49,668 [97da3b28-af5a-4526-85e9-94ce27a94e14:group-CAF150EB820F:LeaderElection212] INFO  impl.RoleInfo (RoleInfo.java:shutdownLeaderElection(134)) - 97da3b28-af5a-4526-85e9-94ce27a94e14: shutdown LeaderElection
2019-09-19 09:44:49,668 [97da3b28-af5a-4526-85e9-94ce27a94e14:group-6BF1E4BB4D5E:LeaderElection211] INFO  impl.RaftServerImpl (RaftServerImpl.java:setRole(171)) - 97da3b28-af5a-4526-85e9-94ce27a94e14:group-6BF1E4BB4D5E changes role from CANDIDATE to LEADER at term 1 for changeToLeader
2019-09-19 09:44:49,668 [97da3b28-af5a-4526-85e9-94ce27a94e14:group-CAF150EB820F:LeaderElection212] INFO  impl.RaftServerImpl (RaftServerImpl.java:setRole(171)) - 97da3b28-af5a-4526-85e9-94ce27a94e14:group-CAF150EB820F changes role from CANDIDATE to LEADER at term 1 for changeToLeader
2019-09-19 09:44:49,669 [97da3b28-af5a-4526-85e9-94ce27a94e14:group-6BF1E4BB4D5E:LeaderElection211] INFO  impl.RaftServerImpl (ServerState.java:setLeader(263)) - 97da3b28-af5a-4526-85e9-94ce27a94e14:group-6BF1E4BB4D5E change Leader from null to 97da3b28-af5a-4526-85e9-94ce27a94e14 at term 1 for becomeLeader, leader elected after 5192ms
2019-09-19 09:44:49,669 [97da3b28-af5a-4526-85e9-94ce27a94e14:group-CAF150EB820F:LeaderElection212] INFO  impl.RaftServerImpl (ServerState.java:setLeader(263)) - 97da3b28-af5a-4526-85e9-94ce27a94e14:group-CAF150EB820F change Leader from null to 97da3b28-af5a-4526-85e9-94ce27a94e14 at term 1 for becomeLeader, leader elected after 5157ms
2019-09-19 09:44:49,669 [97da3b28-af5a-4526-85e9-94ce27a94e14:group-6BF1E4BB4D5E:LeaderElection211] INFO  server.RaftServerConfigKeys (ConfUtils.java:logGet(43)) - raft.server.staging.catchup.gap = 1000 (default)
2019-09-19 09:44:49,669 [97da3b28-af5a-4526-85e9-94ce27a94e14:group-CAF150EB820F:LeaderElection212] INFO  server.RaftServerConfigKeys (ConfUtils.java:logGet(43)) - raft.server.staging.catchup.gap = 1000 (default)
2019-09-19 09:44:49,669 [97da3b28-af5a-4526-85e9-94ce27a94e14:group-6BF1E4BB4D5E:LeaderElection211] INFO  server.RaftServerConfigKeys (ConfUtils.java:logGet(43)) - raft.server.rpc.sleep.time = 25ms (default)
2019-09-19 09:44:49,669 [97da3b28-af5a-4526-85e9-94ce27a94e14:group-CAF150EB820F:LeaderElection212] INFO  server.RaftServerConfigKeys (ConfUtils.java:logGet(43)) - raft.server.rpc.sleep.time = 25ms (default)
2019-09-19 09:44:49,669 [97da3b28-af5a-4526-85e9-94ce27a94e14:group-6BF1E4BB4D5E:LeaderElection211] INFO  server.RaftServerConfigKeys (ConfUtils.java:logGet(43)) - raft.server.write.element-limit = 4096 (default)
2019-09-19 09:44:49,670 [97da3b28-af5a-4526-85e9-94ce27a94e14:group-CAF150EB820F:LeaderElection212] INFO  server.RaftServerConfigKeys (ConfUtils.java:logGet(43)) - raft.server.write.element-limit = 4096 (default)
2019-09-19 09:44:49,670 [97da3b28-af5a-4526-85e9-94ce27a94e14:group-6BF1E4BB4D5E:LeaderElection211] INFO  server.RaftServerConfigKeys (ConfUtils.java:logGet(43)) - raft.server.watch.timeout = 10s (default)
2019-09-19 09:44:49,670 [97da3b28-af5a-4526-85e9-94ce27a94e14:group-CAF150EB820F:LeaderElection212] INFO  server.RaftServerConfigKeys (ConfUtils.java:logGet(43)) - raft.server.watch.timeout = 10s (default)
2019-09-19 09:44:49,670 [97da3b28-af5a-4526-85e9-94ce27a94e14:group-6BF1E4BB4D5E:LeaderElection211] INFO  server.RaftServerConfigKeys (ConfUtils.java:logGet(43)) - raft.server.watch.timeout.denomination = 1s (default)
2019-09-19 09:44:49,670 [97da3b28-af5a-4526-85e9-94ce27a94e14:group-CAF150EB820F:LeaderElection212] INFO  server.RaftServerConfigKeys (ConfUtils.java:logGet(43)) - raft.server.watch.timeout.denomination = 1s (default)
2019-09-19 09:44:49,670 [97da3b28-af5a-4526-85e9-94ce27a94e14:group-6BF1E4BB4D5E:LeaderElection211] INFO  server.RaftServerConfigKeys (ConfUtils.java:logGet(43)) - raft.server.watch.element-limit = 65536 (default)
2019-09-19 09:44:49,670 [97da3b28-af5a-4526-85e9-94ce27a94e14:group-CAF150EB820F:LeaderElection212] INFO  server.RaftServerConfigKeys (ConfUtils.java:logGet(43)) - raft.server.watch.element-limit = 65536 (default)
2019-09-19 09:44:49,670 [97da3b28-af5a-4526-85e9-94ce27a94e14:group-6BF1E4BB4D5E:LeaderElection211] INFO  impl.RoleInfo (RoleInfo.java:updateAndGet(143)) - 97da3b28-af5a-4526-85e9-94ce27a94e14: start LeaderState
2019-09-19 09:44:49,671 [97da3b28-af5a-4526-85e9-94ce27a94e14:group-CAF150EB820F:LeaderElection212] INFO  impl.RoleInfo (RoleInfo.java:updateAndGet(143)) - 97da3b28-af5a-4526-85e9-94ce27a94e14: start LeaderState
2019-09-19 09:44:49,671 [97da3b28-af5a-4526-85e9-94ce27a94e14:group-6BF1E4BB4D5E:LeaderElection211] INFO  segmented.SegmentedRaftLogWorker (SegmentedRaftLogWorker.java:startLogSegment(380)) - 97da3b28-af5a-4526-85e9-94ce27a94e14-SegmentedRaftLogWorker:Storage Directory /workdir/hadoop-ozone/ozonefs/target/test-dir/MiniOzoneClusterImpl-dbfea85f-f096-46e2-b73b-2281bdd0ed8c/datanode-2/data/ratis/24c38bf1-b304-44cf-a96e-6bf1e4bb4d5e: Starting segment from index:0
2019-09-19 09:44:49,671 [97da3b28-af5a-4526-85e9-94ce27a94e14:group-CAF150EB820F:LeaderElection212] INFO  segmented.SegmentedRaftLogWorker (SegmentedRaftLogWorker.java:startLogSegment(380)) - 97da3b28-af5a-4526-85e9-94ce27a94e14-SegmentedRaftLogWorker:Storage Directory /workdir/hadoop-ozone/ozonefs/target/test-dir/MiniOzoneClusterImpl-dbfea85f-f096-46e2-b73b-2281bdd0ed8c/datanode-2/data/ratis/509e9951-3f2b-4a5d-aade-caf150eb820f: Starting segment from index:0
2019-09-19 09:44:49,671 [97da3b28-af5a-4526-85e9-94ce27a94e14:group-6BF1E4BB4D5E:LeaderElection211] INFO  impl.RaftServerImpl (ServerState.java:setRaftConf(361)) - 97da3b28-af5a-4526-85e9-94ce27a94e14:group-6BF1E4BB4D5E set configuration 0: [97da3b28-af5a-4526-85e9-94ce27a94e14:192.168.34.5:39413], old=null at 0
2019-09-19 09:44:49,672 [97da3b28-af5a-4526-85e9-94ce27a94e14:group-CAF150EB820F:LeaderElection212] INFO  impl.RaftServerImpl (ServerState.java:setRaftConf(361)) - 97da3b28-af5a-4526-85e9-94ce27a94e14:group-CAF150EB820F set configuration 0: [97da3b28-af5a-4526-85e9-94ce27a94e14:192.168.34.5:39413], old=null at 0
2019-09-19 09:44:49,689 [Thread-3147] INFO  impl.FollowerState (FollowerState.java:run(106)) - 97da3b28-af5a-4526-85e9-94ce27a94e14:group-0A511FD7004C changes to CANDIDATE, lastRpcTime:5022, electionTimeout:5022ms
2019-09-19 09:44:49,689 [Thread-3147] INFO  impl.RoleInfo (RoleInfo.java:shutdownFollowerState(121)) - 97da3b28-af5a-4526-85e9-94ce27a94e14: shutdown FollowerState
2019-09-19 09:44:49,689 [Thread-3147] INFO  impl.RaftServerImpl (RaftServerImpl.java:setRole(171)) - 97da3b28-af5a-4526-85e9-94ce27a94e14:group-0A511FD7004C changes role from FOLLOWER to CANDIDATE at term 0 for changeToCandidate
2019-09-19 09:44:49,689 [Thread-3147] INFO  impl.RoleInfo (RoleInfo.java:updateAndGet(143)) - 97da3b28-af5a-4526-85e9-94ce27a94e14: start LeaderElection
2019-09-19 09:44:49,715 [Thread-3138] INFO  impl.FollowerState (FollowerState.java:run(106)) - 97da3b28-af5a-4526-85e9-94ce27a94e14:group-AC318A489A6A changes to CANDIDATE, lastRpcTime:5162, electionTimeout:5162ms
2019-09-19 09:44:49,715 [Thread-3138] INFO  impl.RoleInfo (RoleInfo.java:shutdownFollowerState(121)) - 97da3b28-af5a-4526-85e9-94ce27a94e14: shutdown FollowerState
2019-09-19 09:44:49,716 [Thread-3144] INFO  impl.FollowerState (FollowerState.java:run(106)) - 97da3b28-af5a-4526-85e9-94ce27a94e14:group-3222B9495BCE changes to CANDIDATE, lastRpcTime:5087, electionTimeout:5065ms
2019-09-19 09:44:49,716 [Thread-3138] INFO  impl.RaftServerImpl (RaftServerImpl.java:setRole(171)) - 97da3b28-af5a-4526-85e9-94ce27a94e14:group-AC318A489A6A changes role from FOLLOWER to CANDIDATE at term 0 for changeToCandidate
2019-09-19 09:44:49,716 [Thread-3144] INFO  impl.RoleInfo (RoleInfo.java:shutdownFollowerState(121)) - 97da3b28-af5a-4526-85e9-94ce27a94e14: shutdown FollowerState
2019-09-19 09:44:49,716 [Thread-3138] INFO  impl.RoleInfo (RoleInfo.java:updateAndGet(143)) - 97da3b28-af5a-4526-85e9-94ce27a94e14: start LeaderElection
2019-09-19 09:44:49,716 [Thread-3144] INFO  impl.RaftServerImpl (RaftServerImpl.java:setRole(171)) - 97da3b28-af5a-4526-85e9-94ce27a94e14:group-3222B9495BCE changes role from FOLLOWER to CANDIDATE at term 0 for changeToCandidate
2019-09-19 09:44:49,716 [Thread-3144] INFO  impl.RoleInfo (RoleInfo.java:updateAndGet(143)) - 97da3b28-af5a-4526-85e9-94ce27a94e14: start LeaderElection
2019-09-19 09:44:49,730 [97da3b28-af5a-4526-85e9-94ce27a94e14-SegmentedRaftLogWorker:Storage Directory /workdir/hadoop-ozone/ozonefs/target/test-dir/MiniOzoneClusterImpl-dbfea85f-f096-46e2-b73b-2281bdd0ed8c/datanode-2/data/ratis/24c38bf1-b304-44cf-a96e-6bf1e4bb4d5e] INFO  segmented.SegmentedRaftLogWorker (SegmentedRaftLogWorker.java:execute(569)) - 97da3b28-af5a-4526-85e9-94ce27a94e14-SegmentedRaftLogWorker:Storage Directory /workdir/hadoop-ozone/ozonefs/target/test-dir/MiniOzoneClusterImpl-dbfea85f-f096-46e2-b73b-2281bdd0ed8c/datanode-2/data/ratis/24c38bf1-b304-44cf-a96e-6bf1e4bb4d5e: created new log segment /workdir/hadoop-ozone/ozonefs/target/test-dir/MiniOzoneClusterImpl-dbfea85f-f096-46e2-b73b-2281bdd0ed8c/datanode-2/data/ratis/24c38bf1-b304-44cf-a96e-6bf1e4bb4d5e/current/log_inprogress_0
2019-09-19 09:44:49,730 [97da3b28-af5a-4526-85e9-94ce27a94e14:group-AC318A489A6A:LeaderElection214] INFO  impl.LeaderElection (LeaderElection.java:askForVotes(181)) - 97da3b28-af5a-4526-85e9-94ce27a94e14:group-AC318A489A6A:LeaderElection214: begin an election at term 1 for -1: [97da3b28-af5a-4526-85e9-94ce27a94e14:192.168.34.5:39413], old=null
2019-09-19 09:44:49,730 [97da3b28-af5a-4526-85e9-94ce27a94e14:group-0A511FD7004C:LeaderElection213] INFO  impl.LeaderElection (LeaderElection.java:askForVotes(181)) - 97da3b28-af5a-4526-85e9-94ce27a94e14:group-0A511FD7004C:LeaderElection213: begin an election at term 1 for -1: [97da3b28-af5a-4526-85e9-94ce27a94e14:192.168.34.5:39413], old=null
2019-09-19 09:44:49,730 [97da3b28-af5a-4526-85e9-94ce27a94e14:group-3222B9495BCE:LeaderElection215] INFO  impl.LeaderElection (LeaderElection.java:askForVotes(181)) - 97da3b28-af5a-4526-85e9-94ce27a94e14:group-3222B9495BCE:LeaderElection215: begin an election at term 1 for -1: [97da3b28-af5a-4526-85e9-94ce27a94e14:192.168.34.5:39413], old=null
2019-09-19 09:44:49,730 [97da3b28-af5a-4526-85e9-94ce27a94e14:group-3222B9495BCE:LeaderElection215] INFO  impl.RoleInfo (RoleInfo.java:shutdownLeaderElection(134)) - 97da3b28-af5a-4526-85e9-94ce27a94e14: shutdown LeaderElection
2019-09-19 09:44:49,730 [97da3b28-af5a-4526-85e9-94ce27a94e14-SegmentedRaftLogWorker:Storage Directory /workdir/hadoop-ozone/ozonefs/target/test-dir/MiniOzoneClusterImpl-dbfea85f-f096-46e2-b73b-2281bdd0ed8c/datanode-2/data/ratis/509e9951-3f2b-4a5d-aade-caf150eb820f] INFO  segmented.SegmentedRaftLogWorker (SegmentedRaftLogWorker.java:execute(569)) - 97da3b28-af5a-4526-85e9-94ce27a94e14-SegmentedRaftLogWorker:Storage Directory /workdir/hadoop-ozone/ozonefs/target/test-dir/MiniOzoneClusterImpl-dbfea85f-f096-46e2-b73b-2281bdd0ed8c/datanode-2/data/ratis/509e9951-3f2b-4a5d-aade-caf150eb820f: created new log segment /workdir/hadoop-ozone/ozonefs/target/test-dir/MiniOzoneClusterImpl-dbfea85f-f096-46e2-b73b-2281bdd0ed8c/datanode-2/data/ratis/509e9951-3f2b-4a5d-aade-caf150eb820f/current/log_inprogress_0
2019-09-19 09:44:49,731 [97da3b28-af5a-4526-85e9-94ce27a94e14:group-3222B9495BCE:LeaderElection215] INFO  impl.RaftServerImpl (RaftServerImpl.java:setRole(171)) - 97da3b28-af5a-4526-85e9-94ce27a94e14:group-3222B9495BCE changes role from CANDIDATE to LEADER at term 1 for changeToLeader
2019-09-19 09:44:49,730 [97da3b28-af5a-4526-85e9-94ce27a94e14:group-0A511FD7004C:LeaderElection213] INFO  impl.RoleInfo (RoleInfo.java:shutdownLeaderElection(134)) - 97da3b28-af5a-4526-85e9-94ce27a94e14: shutdown LeaderElection
2019-09-19 09:44:49,730 [97da3b28-af5a-4526-85e9-94ce27a94e14:group-AC318A489A6A:LeaderElection214] INFO  impl.RoleInfo (RoleInfo.java:shutdownLeaderElection(134)) - 97da3b28-af5a-4526-85e9-94ce27a94e14: shutdown LeaderElection
2019-09-19 09:44:49,731 [97da3b28-af5a-4526-85e9-94ce27a94e14:group-0A511FD7004C:LeaderElection213] INFO  impl.RaftServerImpl (RaftServerImpl.java:setRole(171)) - 97da3b28-af5a-4526-85e9-94ce27a94e14:group-0A511FD7004C changes role from CANDIDATE to LEADER at term 1 for changeToLeader
2019-09-19 09:44:49,731 [97da3b28-af5a-4526-85e9-94ce27a94e14:group-0A511FD7004C:LeaderElection213] INFO  impl.RaftServerImpl (ServerState.java:setLeader(263)) - 97da3b28-af5a-4526-85e9-94ce27a94e14:group-0A511FD7004C change Leader from null to 97da3b28-af5a-4526-85e9-94ce27a94e14 at term 1 for becomeLeader, leader elected after 5067ms
2019-09-19 09:44:49,731 [97da3b28-af5a-4526-85e9-94ce27a94e14:group-3222B9495BCE:LeaderElection215] INFO  impl.RaftServerImpl (ServerState.java:setLeader(263)) - 97da3b28-af5a-4526-85e9-94ce27a94e14:group-3222B9495BCE change Leader from null to 97da3b28-af5a-4526-85e9-94ce27a94e14 at term 1 for becomeLeader, leader elected after 5105ms
2019-09-19 09:44:49,731 [97da3b28-af5a-4526-85e9-94ce27a94e14:group-0A511FD7004C:LeaderElection213] INFO  server.RaftServerConfigKeys (ConfUtils.java:logGet(43)) - raft.server.staging.catchup.gap = 1000 (default)
2019-09-19 09:44:49,731 [97da3b28-af5a-4526-85e9-94ce27a94e14:group-0A511FD7004C:LeaderElection213] INFO  server.RaftServerConfigKeys (ConfUtils.java:logGet(43)) - raft.server.rpc.sleep.time = 25ms (default)
2019-09-19 09:44:49,731 [97da3b28-af5a-4526-85e9-94ce27a94e14:group-AC318A489A6A:LeaderElection214] INFO  impl.RaftServerImpl (RaftServerImpl.java:setRole(171)) - 97da3b28-af5a-4526-85e9-94ce27a94e14:group-AC318A489A6A changes role from CANDIDATE to LEADER at term 1 for changeToLeader
2019-09-19 09:44:49,732 [97da3b28-af5a-4526-85e9-94ce27a94e14:group-0A511FD7004C:LeaderElection213] INFO  server.RaftServerConfigKeys (ConfUtils.java:logGet(43)) - raft.server.write.element-limit = 4096 (default)
2019-09-19 09:44:49,731 [97da3b28-af5a-4526-85e9-94ce27a94e14:group-3222B9495BCE:LeaderElection215] INFO  server.RaftServerConfigKeys (ConfUtils.java:logGet(43)) - raft.server.staging.catchup.gap = 1000 (default)
2019-09-19 09:44:49,732 [97da3b28-af5a-4526-85e9-94ce27a94e14:group-0A511FD7004C:LeaderElection213] INFO  server.RaftServerConfigKeys (ConfUtils.java:logGet(43)) - raft.server.watch.timeout = 10s (default)
2019-09-19 09:44:49,732 [97da3b28-af5a-4526-85e9-94ce27a94e14:group-AC318A489A6A:LeaderElection214] INFO  impl.RaftServerImpl (ServerState.java:setLeader(263)) - 97da3b28-af5a-4526-85e9-94ce27a94e14:group-AC318A489A6A change Leader from null to 97da3b28-af5a-4526-85e9-94ce27a94e14 at term 1 for becomeLeader, leader elected after 5181ms
2019-09-19 09:44:49,732 [97da3b28-af5a-4526-85e9-94ce27a94e14:group-0A511FD7004C:LeaderElection213] INFO  server.RaftServerConfigKeys (ConfUtils.java:logGet(43)) - raft.server.watch.timeout.denomination = 1s (default)
2019-09-19 09:44:49,732 [97da3b28-af5a-4526-85e9-94ce27a94e14:group-3222B9495BCE:LeaderElection215] INFO  server.RaftServerConfigKeys (ConfUtils.java:logGet(43)) - raft.server.rpc.sleep.time = 25ms (default)
2019-09-19 09:44:49,732 [97da3b28-af5a-4526-85e9-94ce27a94e14:group-0A511FD7004C:LeaderElection213] INFO  server.RaftServerConfigKeys (ConfUtils.java:logGet(43)) - raft.server.watch.element-limit = 65536 (default)
2019-09-19 09:44:49,732 [97da3b28-af5a-4526-85e9-94ce27a94e14:group-AC318A489A6A:LeaderElection214] INFO  server.RaftServerConfigKeys (ConfUtils.java:logGet(43)) - raft.server.staging.catchup.gap = 1000 (default)
2019-09-19 09:44:49,733 [97da3b28-af5a-4526-85e9-94ce27a94e14:group-0A511FD7004C:LeaderElection213] INFO  impl.RoleInfo (RoleInfo.java:updateAndGet(143)) - 97da3b28-af5a-4526-85e9-94ce27a94e14: start LeaderState
2019-09-19 09:44:49,733 [97da3b28-af5a-4526-85e9-94ce27a94e14:group-3222B9495BCE:LeaderElection215] INFO  server.RaftServerConfigKeys (ConfUtils.java:logGet(43)) - raft.server.write.element-limit = 4096 (default)
2019-09-19 09:44:49,733 [97da3b28-af5a-4526-85e9-94ce27a94e14:group-0A511FD7004C:LeaderElection213] INFO  segmented.SegmentedRaftLogWorker (SegmentedRaftLogWorker.java:startLogSegment(380)) - 97da3b28-af5a-4526-85e9-94ce27a94e14-SegmentedRaftLogWorker:Storage Directory /workdir/hadoop-ozone/ozonefs/target/test-dir/MiniOzoneClusterImpl-dbfea85f-f096-46e2-b73b-2281bdd0ed8c/datanode-2/data/ratis/ae097bb1-21eb-49d9-bd27-0a511fd7004c: Starting segment from index:0
2019-09-19 09:44:49,733 [97da3b28-af5a-4526-85e9-94ce27a94e14:group-AC318A489A6A:LeaderElection214] INFO  server.RaftServerConfigKeys (ConfUtils.java:logGet(43)) - raft.server.rpc.sleep.time = 25ms (default)
2019-09-19 09:44:49,733 [97da3b28-af5a-4526-85e9-94ce27a94e14:group-3222B9495BCE:LeaderElection215] INFO  server.RaftServerConfigKeys (ConfUtils.java:logGet(43)) - raft.server.watch.timeout = 10s (default)
2019-09-19 09:44:49,734 [97da3b28-af5a-4526-85e9-94ce27a94e14:group-0A511FD7004C:LeaderElection213] INFO  impl.RaftServerImpl (ServerState.java:setRaftConf(361)) - 97da3b28-af5a-4526-85e9-94ce27a94e14:group-0A511FD7004C set configuration 0: [97da3b28-af5a-4526-85e9-94ce27a94e14:192.168.34.5:39413], old=null at 0
2019-09-19 09:44:49,734 [97da3b28-af5a-4526-85e9-94ce27a94e14:group-AC318A489A6A:LeaderElection214] INFO  server.RaftServerConfigKeys (ConfUtils.java:logGet(43)) - raft.server.write.element-limit = 4096 (default)
2019-09-19 09:44:49,734 [97da3b28-af5a-4526-85e9-94ce27a94e14:group-3222B9495BCE:LeaderElection215] INFO  server.RaftServerConfigKeys (ConfUtils.java:logGet(43)) - raft.server.watch.timeout.denomination = 1s (default)
2019-09-19 09:44:49,734 [97da3b28-af5a-4526-85e9-94ce27a94e14:group-AC318A489A6A:LeaderElection214] INFO  server.RaftServerConfigKeys (ConfUtils.java:logGet(43)) - raft.server.watch.timeout = 10s (default)
2019-09-19 09:44:49,921 [Thread-3141] INFO  impl.FollowerState (FollowerState.java:run(106)) - 97da3b28-af5a-4526-85e9-94ce27a94e14:group-FE90908E92A4 changes to CANDIDATE, lastRpcTime:5322, electionTimeout:5175ms
2019-09-19 09:44:49,919 [97da3b28-af5a-4526-85e9-94ce27a94e14-SegmentedRaftLogWorker:Storage Directory /workdir/hadoop-ozone/ozonefs/target/test-dir/MiniOzoneClusterImpl-dbfea85f-f096-46e2-b73b-2281bdd0ed8c/datanode-2/data/ratis/ae097bb1-21eb-49d9-bd27-0a511fd7004c] INFO  segmented.SegmentedRaftLogWorker (SegmentedRaftLogWorker.java:execute(569)) - 97da3b28-af5a-4526-85e9-94ce27a94e14-SegmentedRaftLogWorker:Storage Directory /workdir/hadoop-ozone/ozonefs/target/test-dir/MiniOzoneClusterImpl-dbfea85f-f096-46e2-b73b-2281bdd0ed8c/datanode-2/data/ratis/ae097bb1-21eb-49d9-bd27-0a511fd7004c: created new log segment /workdir/hadoop-ozone/ozonefs/target/test-dir/MiniOzoneClusterImpl-dbfea85f-f096-46e2-b73b-2281bdd0ed8c/datanode-2/data/ratis/ae097bb1-21eb-49d9-bd27-0a511fd7004c/current/log_inprogress_0
2019-09-19 09:44:49,906 [97da3b28-af5a-4526-85e9-94ce27a94e14:group-3222B9495BCE:LeaderElection215] INFO  server.RaftServerConfigKeys (ConfUtils.java:logGet(43)) - raft.server.watch.element-limit = 65536 (default)
2019-09-19 09:44:49,940 [Thread-3141] INFO  impl.RoleInfo (RoleInfo.java:shutdownFollowerState(121)) - 97da3b28-af5a-4526-85e9-94ce27a94e14: shutdown FollowerState
2019-09-19 09:44:49,921 [97da3b28-af5a-4526-85e9-94ce27a94e14:group-AC318A489A6A:LeaderElection214] INFO  server.RaftServerConfigKeys (ConfUtils.java:logGet(43)) - raft.server.watch.timeout.denomination = 1s (default)
2019-09-19 09:44:49,952 [97da3b28-af5a-4526-85e9-94ce27a94e14:group-3222B9495BCE:LeaderElection215] INFO  impl.RoleInfo (RoleInfo.java:updateAndGet(143)) - 97da3b28-af5a-4526-85e9-94ce27a94e14: start LeaderState
2019-09-19 09:44:49,952 [Thread-3141] INFO  impl.RaftServerImpl (RaftServerImpl.java:setRole(171)) - 97da3b28-af5a-4526-85e9-94ce27a94e14:group-FE90908E92A4 changes role from FOLLOWER to CANDIDATE at term 0 for changeToCandidate
2019-09-19 09:44:49,970 [97da3b28-af5a-4526-85e9-94ce27a94e14:group-3222B9495BCE:LeaderElection215] INFO  segmented.SegmentedRaftLogWorker (SegmentedRaftLogWorker.java:startLogSegment(380)) - 97da3b28-af5a-4526-85e9-94ce27a94e14-SegmentedRaftLogWorker:Storage Directory /workdir/hadoop-ozone/ozonefs/target/test-dir/MiniOzoneClusterImpl-dbfea85f-f096-46e2-b73b-2281bdd0ed8c/datanode-2/data/ratis/a3e0539e-0318-4ad2-b4cf-3222b9495bce: Starting segment from index:0
2019-09-19 09:44:49,964 [97da3b28-af5a-4526-85e9-94ce27a94e14:group-AC318A489A6A:LeaderElection214] INFO  server.RaftServerConfigKeys (ConfUtils.java:logGet(43)) - raft.server.watch.element-limit = 65536 (default)
2019-09-19 09:44:49,970 [Thread-3141] INFO  impl.RoleInfo (RoleInfo.java:updateAndGet(143)) - 97da3b28-af5a-4526-85e9-94ce27a94e14: start LeaderElection
2019-09-19 09:44:49,998 [97da3b28-af5a-4526-85e9-94ce27a94e14:group-AC318A489A6A:LeaderElection214] INFO  impl.RoleInfo (RoleInfo.java:updateAndGet(143)) - 97da3b28-af5a-4526-85e9-94ce27a94e14: start LeaderState
2019-09-19 09:44:49,988 [97da3b28-af5a-4526-85e9-94ce27a94e14:group-3222B9495BCE:LeaderElection215] INFO  impl.RaftServerImpl (ServerState.java:setRaftConf(361)) - 97da3b28-af5a-4526-85e9-94ce27a94e14:group-3222B9495BCE set configuration 0: [97da3b28-af5a-4526-85e9-94ce27a94e14:192.168.34.5:39413], old=null at 0
2019-09-19 09:44:50,003 [97da3b28-af5a-4526-85e9-94ce27a94e14:group-AC318A489A6A:LeaderElection214] INFO  segmented.SegmentedRaftLogWorker (SegmentedRaftLogWorker.java:startLogSegment(380)) - 97da3b28-af5a-4526-85e9-94ce27a94e14-SegmentedRaftLogWorker:Storage Directory /workdir/hadoop-ozone/ozonefs/target/test-dir/MiniOzoneClusterImpl-dbfea85f-f096-46e2-b73b-2281bdd0ed8c/datanode-2/data/ratis/0a7d4535-ca0e-46ca-8c8d-ac318a489a6a: Starting segment from index:0
2019-09-19 09:44:50,059 [97da3b28-af5a-4526-85e9-94ce27a94e14:group-AC318A489A6A:LeaderElection214] INFO  impl.RaftServerImpl (ServerState.java:setRaftConf(361)) - 97da3b28-af5a-4526-85e9-94ce27a94e14:group-AC318A489A6A set configuration 0: [97da3b28-af5a-4526-85e9-94ce27a94e14:192.168.34.5:39413], old=null at 0
2019-09-19 09:44:50,098 [97da3b28-af5a-4526-85e9-94ce27a94e14-SegmentedRaftLogWorker:Storage Directory /workdir/hadoop-ozone/ozonefs/target/test-dir/MiniOzoneClusterImpl-dbfea85f-f096-46e2-b73b-2281bdd0ed8c/datanode-2/data/ratis/a3e0539e-0318-4ad2-b4cf-3222b9495bce] INFO  segmented.SegmentedRaftLogWorker (SegmentedRaftLogWorker.java:execute(569)) - 97da3b28-af5a-4526-85e9-94ce27a94e14-SegmentedRaftLogWorker:Storage Directory /workdir/hadoop-ozone/ozonefs/target/test-dir/MiniOzoneClusterImpl-dbfea85f-f096-46e2-b73b-2281bdd0ed8c/datanode-2/data/ratis/a3e0539e-0318-4ad2-b4cf-3222b9495bce: created new log segment /workdir/hadoop-ozone/ozonefs/target/test-dir/MiniOzoneClusterImpl-dbfea85f-f096-46e2-b73b-2281bdd0ed8c/datanode-2/data/ratis/a3e0539e-0318-4ad2-b4cf-3222b9495bce/current/log_inprogress_0
2019-09-19 09:44:50,121 [97da3b28-af5a-4526-85e9-94ce27a94e14:group-FE90908E92A4:LeaderElection216] INFO  impl.LeaderElection (LeaderElection.java:askForVotes(181)) - 97da3b28-af5a-4526-85e9-94ce27a94e14:group-FE90908E92A4:LeaderElection216: begin an election at term 1 for -1: [97da3b28-af5a-4526-85e9-94ce27a94e14:192.168.34.5:39413], old=null
2019-09-19 09:44:50,121 [97da3b28-af5a-4526-85e9-94ce27a94e14-SegmentedRaftLogWorker:Storage Directory /workdir/hadoop-ozone/ozonefs/target/test-dir/MiniOzoneClusterImpl-dbfea85f-f096-46e2-b73b-2281bdd0ed8c/datanode-2/data/ratis/0a7d4535-ca0e-46ca-8c8d-ac318a489a6a] INFO  segmented.SegmentedRaftLogWorker (SegmentedRaftLogWorker.java:execute(569)) - 97da3b28-af5a-4526-85e9-94ce27a94e14-SegmentedRaftLogWorker:Storage Directory /workdir/hadoop-ozone/ozonefs/target/test-dir/MiniOzoneClusterImpl-dbfea85f-f096-46e2-b73b-2281bdd0ed8c/datanode-2/data/ratis/0a7d4535-ca0e-46ca-8c8d-ac318a489a6a: created new log segment /workdir/hadoop-ozone/ozonefs/target/test-dir/MiniOzoneClusterImpl-dbfea85f-f096-46e2-b73b-2281bdd0ed8c/datanode-2/data/ratis/0a7d4535-ca0e-46ca-8c8d-ac318a489a6a/current/log_inprogress_0
2019-09-19 09:44:50,122 [97da3b28-af5a-4526-85e9-94ce27a94e14:group-FE90908E92A4:LeaderElection216] INFO  impl.RoleInfo (RoleInfo.java:shutdownLeaderElection(134)) - 97da3b28-af5a-4526-85e9-94ce27a94e14: shutdown LeaderElection
2019-09-19 09:44:50,130 [97da3b28-af5a-4526-85e9-94ce27a94e14:group-FE90908E92A4:LeaderElection216] INFO  impl.RaftServerImpl (RaftServerImpl.java:setRole(171)) - 97da3b28-af5a-4526-85e9-94ce27a94e14:group-FE90908E92A4 changes role from CANDIDATE to LEADER at term 1 for changeToLeader
2019-09-19 09:44:50,130 [97da3b28-af5a-4526-85e9-94ce27a94e14:group-FE90908E92A4:LeaderElection216] INFO  impl.RaftServerImpl (ServerState.java:setLeader(263)) - 97da3b28-af5a-4526-85e9-94ce27a94e14:group-FE90908E92A4 change Leader from null to 97da3b28-af5a-4526-85e9-94ce27a94e14 at term 1 for becomeLeader, leader elected after 5542ms
2019-09-19 09:44:50,130 [97da3b28-af5a-4526-85e9-94ce27a94e14:group-FE90908E92A4:LeaderElection216] INFO  server.RaftServerConfigKeys (ConfUtils.java:logGet(43)) - raft.server.staging.catchup.gap = 1000 (default)
2019-09-19 09:44:50,132 [97da3b28-af5a-4526-85e9-94ce27a94e14:group-FE90908E92A4:LeaderElection216] INFO  server.RaftServerConfigKeys (ConfUtils.java:logGet(43)) - raft.server.rpc.sleep.time = 25ms (default)
2019-09-19 09:44:50,132 [97da3b28-af5a-4526-85e9-94ce27a94e14:group-FE90908E92A4:LeaderElection216] INFO  server.RaftServerConfigKeys (ConfUtils.java:logGet(43)) - raft.server.write.element-limit = 4096 (default)
2019-09-19 09:44:50,132 [97da3b28-af5a-4526-85e9-94ce27a94e14:group-FE90908E92A4:LeaderElection216] INFO  server.RaftServerConfigKeys (ConfUtils.java:logGet(43)) - raft.server.watch.timeout = 10s (default)
2019-09-19 09:44:50,132 [97da3b28-af5a-4526-85e9-94ce27a94e14:group-FE90908E92A4:LeaderElection216] INFO  server.RaftServerConfigKeys (ConfUtils.java:logGet(43)) - raft.server.watch.timeout.denomination = 1s (default)
2019-09-19 09:44:50,132 [97da3b28-af5a-4526-85e9-94ce27a94e14:group-FE90908E92A4:LeaderElection216] INFO  server.RaftServerConfigKeys (ConfUtils.java:logGet(43)) - raft.server.watch.element-limit = 65536 (default)
2019-09-19 09:44:50,136 [97da3b28-af5a-4526-85e9-94ce27a94e14:group-FE90908E92A4:LeaderElection216] INFO  impl.RoleInfo (RoleInfo.java:updateAndGet(143)) - 97da3b28-af5a-4526-85e9-94ce27a94e14: start LeaderState
2019-09-19 09:44:50,136 [97da3b28-af5a-4526-85e9-94ce27a94e14:group-FE90908E92A4:LeaderElection216] INFO  segmented.SegmentedRaftLogWorker (SegmentedRaftLogWorker.java:startLogSegment(380)) - 97da3b28-af5a-4526-85e9-94ce27a94e14-SegmentedRaftLogWorker:Storage Directory /workdir/hadoop-ozone/ozonefs/target/test-dir/MiniOzoneClusterImpl-dbfea85f-f096-46e2-b73b-2281bdd0ed8c/datanode-2/data/ratis/faf61666-eaf8-4cda-ab23-fe90908e92a4: Starting segment from index:0
2019-09-19 09:44:50,137 [97da3b28-af5a-4526-85e9-94ce27a94e14:group-FE90908E92A4:LeaderElection216] INFO  impl.RaftServerImpl (ServerState.java:setRaftConf(361)) - 97da3b28-af5a-4526-85e9-94ce27a94e14:group-FE90908E92A4 set configuration 0: [97da3b28-af5a-4526-85e9-94ce27a94e14:192.168.34.5:39413], old=null at 0
2019-09-19 09:44:50,180 [97da3b28-af5a-4526-85e9-94ce27a94e14-SegmentedRaftLogWorker:Storage Directory /workdir/hadoop-ozone/ozonefs/target/test-dir/MiniOzoneClusterImpl-dbfea85f-f096-46e2-b73b-2281bdd0ed8c/datanode-2/data/ratis/faf61666-eaf8-4cda-ab23-fe90908e92a4] INFO  segmented.SegmentedRaftLogWorker (SegmentedRaftLogWorker.java:execute(569)) - 97da3b28-af5a-4526-85e9-94ce27a94e14-SegmentedRaftLogWorker:Storage Directory /workdir/hadoop-ozone/ozonefs/target/test-dir/MiniOzoneClusterImpl-dbfea85f-f096-46e2-b73b-2281bdd0ed8c/datanode-2/data/ratis/faf61666-eaf8-4cda-ab23-fe90908e92a4: created new log segment /workdir/hadoop-ozone/ozonefs/target/test-dir/MiniOzoneClusterImpl-dbfea85f-f096-46e2-b73b-2281bdd0ed8c/datanode-2/data/ratis/faf61666-eaf8-4cda-ab23-fe90908e92a4/current/log_inprogress_0
2019-09-19 09:44:50,449 | INFO  | SCMAudit | user=jenkins1000 | ip=192.168.34.5 | op=SEND_HEARTBEAT {datanodeUUID=97da3b28-af5a-4526-85e9-94ce27a94e14, command=[]} | ret=SUCCESS |  
2019-09-19 09:44:50,674 [main] INFO  ozoneimpl.OzoneContainer (OzoneContainer.java:stop(199)) - Attempting to stop container services.
2019-09-19 09:44:50,674 [ForkJoinPool.commonPool-worker-1] INFO  ozoneimpl.OzoneContainer (OzoneContainer.java:stop(199)) - Attempting to stop container services.
2019-09-19 09:44:50,674 [main] INFO  impl.RaftServerProxy (RaftServerProxy.java:lambda$close$4(314)) - 386624b9-aee6-4a8d-bc49-1445f870a86d: close
2019-09-19 09:44:50,675 [ForkJoinPool.commonPool-worker-1] INFO  impl.RaftServerProxy (RaftServerProxy.java:lambda$close$4(314)) - 0835d9f5-0b87-4b65-b1fa-6dc8409d04ae: close
2019-09-19 09:44:50,675 [main] INFO  impl.RaftServerImpl (RaftServerImpl.java:lambda$shutdown$3(245)) - 386624b9-aee6-4a8d-bc49-1445f870a86d: shutdown group-77D27F462101
2019-09-19 09:44:50,675 [ForkJoinPool.commonPool-worker-1] INFO  impl.RaftServerImpl (RaftServerImpl.java:lambda$shutdown$3(245)) - 0835d9f5-0b87-4b65-b1fa-6dc8409d04ae: shutdown group-D8ED631A0C58
2019-09-19 09:44:50,676 [main] INFO  util.JmxRegister (JmxRegister.java:unregister(73)) - Successfully un-registered JMX Bean with object name Ratis:service=RaftServer,group=group-77D27F462101,id=386624b9-aee6-4a8d-bc49-1445f870a86d
2019-09-19 09:44:50,676 [ForkJoinPool.commonPool-worker-1] INFO  util.JmxRegister (JmxRegister.java:unregister(73)) - Successfully un-registered JMX Bean with object name Ratis:service=RaftServer,group=group-D8ED631A0C58,id=0835d9f5-0b87-4b65-b1fa-6dc8409d04ae
2019-09-19 09:44:50,676 [main] INFO  impl.RoleInfo (RoleInfo.java:shutdownLeaderState(104)) - 386624b9-aee6-4a8d-bc49-1445f870a86d: shutdown LeaderState
2019-09-19 09:44:50,677 [ForkJoinPool.commonPool-worker-1] INFO  impl.RoleInfo (RoleInfo.java:shutdownLeaderState(104)) - 0835d9f5-0b87-4b65-b1fa-6dc8409d04ae: shutdown LeaderState
2019-09-19 09:44:50,677 [main] INFO  impl.PendingRequests (PendingRequests.java:sendNotLeaderResponses(202)) - 386624b9-aee6-4a8d-bc49-1445f870a86d-PendingRequests: sendNotLeaderResponses
2019-09-19 09:44:50,678 [ForkJoinPool.commonPool-worker-1] INFO  impl.PendingRequests (PendingRequests.java:sendNotLeaderResponses(202)) - 0835d9f5-0b87-4b65-b1fa-6dc8409d04ae-PendingRequests: sendNotLeaderResponses
2019-09-19 09:44:50,678 [main] INFO  impl.StateMachineUpdater (StateMachineUpdater.java:stopAndJoin(115)) - StateMachineUpdater:386624b9-aee6-4a8d-bc49-1445f870a86d:group-77D27F462101: set stopIndex = 0
2019-09-19 09:44:50,678 [ForkJoinPool.commonPool-worker-1] INFO  impl.StateMachineUpdater (StateMachineUpdater.java:stopAndJoin(115)) - StateMachineUpdater:0835d9f5-0b87-4b65-b1fa-6dc8409d04ae:group-D8ED631A0C58: set stopIndex = 0
2019-09-19 09:44:50,679 [ForkJoinPool.commonPool-worker-1] INFO  impl.RaftServerImpl (ServerState.java:close(394)) - 0835d9f5-0b87-4b65-b1fa-6dc8409d04ae:group-D8ED631A0C58 closes. The last applied log index is 0
2019-09-19 09:44:50,679 [main] INFO  impl.RaftServerImpl (ServerState.java:close(394)) - 386624b9-aee6-4a8d-bc49-1445f870a86d:group-77D27F462101 closes. The last applied log index is 0
2019-09-19 09:44:50,679 [0835d9f5-0b87-4b65-b1fa-6dc8409d04ae-SegmentedRaftLogWorker:Storage Directory /workdir/hadoop-ozone/ozonefs/target/test-dir/MiniOzoneClusterImpl-dbfea85f-f096-46e2-b73b-2281bdd0ed8c/datanode-0/data/ratis/f1806c58-5035-4e53-a1c5-d8ed631a0c58] INFO  segmented.SegmentedRaftLogWorker (SegmentedRaftLogWorker.java:run(313)) - 0835d9f5-0b87-4b65-b1fa-6dc8409d04ae-SegmentedRaftLogWorker:Storage Directory /workdir/hadoop-ozone/ozonefs/target/test-dir/MiniOzoneClusterImpl-dbfea85f-f096-46e2-b73b-2281bdd0ed8c/datanode-0/data/ratis/f1806c58-5035-4e53-a1c5-d8ed631a0c58 was interrupted, exiting. There are 0 tasks remaining in the queue.
2019-09-19 09:44:50,680 [386624b9-aee6-4a8d-bc49-1445f870a86d-SegmentedRaftLogWorker:Storage Directory /workdir/hadoop-ozone/ozonefs/target/test-dir/MiniOzoneClusterImpl-dbfea85f-f096-46e2-b73b-2281bdd0ed8c/datanode-1/data/ratis/653fd89e-363c-4d22-8d8e-77d27f462101] INFO  segmented.SegmentedRaftLogWorker (SegmentedRaftLogWorker.java:run(313)) - 386624b9-aee6-4a8d-bc49-1445f870a86d-SegmentedRaftLogWorker:Storage Directory /workdir/hadoop-ozone/ozonefs/target/test-dir/MiniOzoneClusterImpl-dbfea85f-f096-46e2-b73b-2281bdd0ed8c/datanode-1/data/ratis/653fd89e-363c-4d22-8d8e-77d27f462101 was interrupted, exiting. There are 0 tasks remaining in the queue.
2019-09-19 09:44:50,680 [ForkJoinPool.commonPool-worker-1] INFO  segmented.SegmentedRaftLogWorker (SegmentedRaftLogWorker.java:close(228)) - 0835d9f5-0b87-4b65-b1fa-6dc8409d04ae-SegmentedRaftLogWorker:Storage Directory /workdir/hadoop-ozone/ozonefs/target/test-dir/MiniOzoneClusterImpl-dbfea85f-f096-46e2-b73b-2281bdd0ed8c/datanode-0/data/ratis/f1806c58-5035-4e53-a1c5-d8ed631a0c58 close()
2019-09-19 09:44:50,680 [main] INFO  segmented.SegmentedRaftLogWorker (SegmentedRaftLogWorker.java:close(228)) - 386624b9-aee6-4a8d-bc49-1445f870a86d-SegmentedRaftLogWorker:Storage Directory /workdir/hadoop-ozone/ozonefs/target/test-dir/MiniOzoneClusterImpl-dbfea85f-f096-46e2-b73b-2281bdd0ed8c/datanode-1/data/ratis/653fd89e-363c-4d22-8d8e-77d27f462101 close()
2019-09-19 09:44:50,682 [ForkJoinPool.commonPool-worker-1] INFO  impl.RaftServerImpl (RaftServerImpl.java:lambda$shutdown$3(245)) - 0835d9f5-0b87-4b65-b1fa-6dc8409d04ae: shutdown group-EA5CDC9F528B
2019-09-19 09:44:50,684 [main] INFO  impl.RaftServerImpl (RaftServerImpl.java:lambda$shutdown$3(245)) - 386624b9-aee6-4a8d-bc49-1445f870a86d: shutdown group-C354019DEAC5
2019-09-19 09:44:50,684 [ForkJoinPool.commonPool-worker-1] INFO  util.JmxRegister (JmxRegister.java:unregister(73)) - Successfully un-registered JMX Bean with object name Ratis:service=RaftServer,group=group-EA5CDC9F528B,id=0835d9f5-0b87-4b65-b1fa-6dc8409d04ae
2019-09-19 09:44:50,684 [main] INFO  util.JmxRegister (JmxRegister.java:unregister(73)) - Successfully un-registered JMX Bean with object name Ratis:service=RaftServer,group=group-C354019DEAC5,id=386624b9-aee6-4a8d-bc49-1445f870a86d
2019-09-19 09:44:50,685 [main] INFO  impl.RoleInfo (RoleInfo.java:shutdownLeaderState(104)) - 386624b9-aee6-4a8d-bc49-1445f870a86d: shutdown LeaderState
2019-09-19 09:44:50,685 [ForkJoinPool.commonPool-worker-1] INFO  impl.RoleInfo (RoleInfo.java:shutdownLeaderState(104)) - 0835d9f5-0b87-4b65-b1fa-6dc8409d04ae: shutdown LeaderState
2019-09-19 09:44:50,685 [main] INFO  impl.PendingRequests (PendingRequests.java:sendNotLeaderResponses(202)) - 386624b9-aee6-4a8d-bc49-1445f870a86d-PendingRequests: sendNotLeaderResponses
2019-09-19 09:44:50,686 [ForkJoinPool.commonPool-worker-1] INFO  impl.PendingRequests (PendingRequests.java:sendNotLeaderResponses(202)) - 0835d9f5-0b87-4b65-b1fa-6dc8409d04ae-PendingRequests: sendNotLeaderResponses
2019-09-19 09:44:50,686 [main] INFO  impl.StateMachineUpdater (StateMachineUpdater.java:stopAndJoin(115)) - StateMachineUpdater:386624b9-aee6-4a8d-bc49-1445f870a86d:group-C354019DEAC5: set stopIndex = 0
2019-09-19 09:44:50,687 [main] INFO  impl.RaftServerImpl (ServerState.java:close(394)) - 386624b9-aee6-4a8d-bc49-1445f870a86d:group-C354019DEAC5 closes. The last applied log index is 0
2019-09-19 09:44:50,686 [ForkJoinPool.commonPool-worker-1] INFO  impl.StateMachineUpdater (StateMachineUpdater.java:stopAndJoin(115)) - StateMachineUpdater:0835d9f5-0b87-4b65-b1fa-6dc8409d04ae:group-EA5CDC9F528B: set stopIndex = 0
2019-09-19 09:44:50,687 [386624b9-aee6-4a8d-bc49-1445f870a86d-SegmentedRaftLogWorker:Storage Directory /workdir/hadoop-ozone/ozonefs/target/test-dir/MiniOzoneClusterImpl-dbfea85f-f096-46e2-b73b-2281bdd0ed8c/datanode-1/data/ratis/13d5adb5-ada8-41a0-8720-c354019deac5] INFO  segmented.SegmentedRaftLogWorker (SegmentedRaftLogWorker.java:run(313)) - 386624b9-aee6-4a8d-bc49-1445f870a86d-SegmentedRaftLogWorker:Storage Directory /workdir/hadoop-ozone/ozonefs/target/test-dir/MiniOzoneClusterImpl-dbfea85f-f096-46e2-b73b-2281bdd0ed8c/datanode-1/data/ratis/13d5adb5-ada8-41a0-8720-c354019deac5 was interrupted, exiting. There are 0 tasks remaining in the queue.
2019-09-19 09:44:50,688 [ForkJoinPool.commonPool-worker-1] INFO  impl.RaftServerImpl (ServerState.java:close(394)) - 0835d9f5-0b87-4b65-b1fa-6dc8409d04ae:group-EA5CDC9F528B closes. The last applied log index is 0
2019-09-19 09:44:50,688 [main] INFO  segmented.SegmentedRaftLogWorker (SegmentedRaftLogWorker.java:close(228)) - 386624b9-aee6-4a8d-bc49-1445f870a86d-SegmentedRaftLogWorker:Storage Directory /workdir/hadoop-ozone/ozonefs/target/test-dir/MiniOzoneClusterImpl-dbfea85f-f096-46e2-b73b-2281bdd0ed8c/datanode-1/data/ratis/13d5adb5-ada8-41a0-8720-c354019deac5 close()
2019-09-19 09:44:50,688 [0835d9f5-0b87-4b65-b1fa-6dc8409d04ae-SegmentedRaftLogWorker:Storage Directory /workdir/hadoop-ozone/ozonefs/target/test-dir/MiniOzoneClusterImpl-dbfea85f-f096-46e2-b73b-2281bdd0ed8c/datanode-0/data/ratis/a1c6ed25-b952-4437-88c9-ea5cdc9f528b] INFO  segmented.SegmentedRaftLogWorker (SegmentedRaftLogWorker.java:run(313)) - 0835d9f5-0b87-4b65-b1fa-6dc8409d04ae-SegmentedRaftLogWorker:Storage Directory /workdir/hadoop-ozone/ozonefs/target/test-dir/MiniOzoneClusterImpl-dbfea85f-f096-46e2-b73b-2281bdd0ed8c/datanode-0/data/ratis/a1c6ed25-b952-4437-88c9-ea5cdc9f528b was interrupted, exiting. There are 0 tasks remaining in the queue.
2019-09-19 09:44:50,690 [main] INFO  impl.RaftServerImpl (RaftServerImpl.java:lambda$shutdown$3(245)) - 386624b9-aee6-4a8d-bc49-1445f870a86d: shutdown group-453CF02E4214
2019-09-19 09:44:50,690 [ForkJoinPool.commonPool-worker-1] INFO  segmented.SegmentedRaftLogWorker (SegmentedRaftLogWorker.java:close(228)) - 0835d9f5-0b87-4b65-b1fa-6dc8409d04ae-SegmentedRaftLogWorker:Storage Directory /workdir/hadoop-ozone/ozonefs/target/test-dir/MiniOzoneClusterImpl-dbfea85f-f096-46e2-b73b-2281bdd0ed8c/datanode-0/data/ratis/a1c6ed25-b952-4437-88c9-ea5cdc9f528b close()
2019-09-19 09:44:50,690 [main] INFO  util.JmxRegister (JmxRegister.java:unregister(73)) - Successfully un-registered JMX Bean with object name Ratis:service=RaftServer,group=group-453CF02E4214,id=386624b9-aee6-4a8d-bc49-1445f870a86d
2019-09-19 09:44:50,692 [ForkJoinPool.commonPool-worker-1] INFO  impl.RaftServerImpl (RaftServerImpl.java:lambda$shutdown$3(245)) - 0835d9f5-0b87-4b65-b1fa-6dc8409d04ae: shutdown group-E995AF2C4B52
2019-09-19 09:44:50,692 [main] INFO  impl.RoleInfo (RoleInfo.java:shutdownLeaderState(104)) - 386624b9-aee6-4a8d-bc49-1445f870a86d: shutdown LeaderState
2019-09-19 09:44:50,693 [ForkJoinPool.commonPool-worker-1] INFO  util.JmxRegister (JmxRegister.java:unregister(73)) - Successfully un-registered JMX Bean with object name Ratis:service=RaftServer,group=group-E995AF2C4B52,id=0835d9f5-0b87-4b65-b1fa-6dc8409d04ae
2019-09-19 09:44:50,693 [main] INFO  impl.PendingRequests (PendingRequests.java:sendNotLeaderResponses(202)) - 386624b9-aee6-4a8d-bc49-1445f870a86d-PendingRequests: sendNotLeaderResponses
2019-09-19 09:44:50,693 [ForkJoinPool.commonPool-worker-1] INFO  impl.RoleInfo (RoleInfo.java:shutdownLeaderState(104)) - 0835d9f5-0b87-4b65-b1fa-6dc8409d04ae: shutdown LeaderState
2019-09-19 09:44:50,694 [main] INFO  impl.StateMachineUpdater (StateMachineUpdater.java:stopAndJoin(115)) - StateMachineUpdater:386624b9-aee6-4a8d-bc49-1445f870a86d:group-453CF02E4214: set stopIndex = 0
2019-09-19 09:44:50,694 [main] INFO  impl.RaftServerImpl (ServerState.java:close(394)) - 386624b9-aee6-4a8d-bc49-1445f870a86d:group-453CF02E4214 closes. The last applied log index is 0
2019-09-19 09:44:50,694 [ForkJoinPool.commonPool-worker-1] INFO  impl.PendingRequests (PendingRequests.java:sendNotLeaderResponses(202)) - 0835d9f5-0b87-4b65-b1fa-6dc8409d04ae-PendingRequests: sendNotLeaderResponses
2019-09-19 09:44:50,695 [386624b9-aee6-4a8d-bc49-1445f870a86d-SegmentedRaftLogWorker:Storage Directory /workdir/hadoop-ozone/ozonefs/target/test-dir/MiniOzoneClusterImpl-dbfea85f-f096-46e2-b73b-2281bdd0ed8c/datanode-1/data/ratis/0c59b770-a8c2-4f8e-8723-453cf02e4214] INFO  segmented.SegmentedRaftLogWorker (SegmentedRaftLogWorker.java:run(313)) - 386624b9-aee6-4a8d-bc49-1445f870a86d-SegmentedRaftLogWorker:Storage Directory /workdir/hadoop-ozone/ozonefs/target/test-dir/MiniOzoneClusterImpl-dbfea85f-f096-46e2-b73b-2281bdd0ed8c/datanode-1/data/ratis/0c59b770-a8c2-4f8e-8723-453cf02e4214 was interrupted, exiting. There are 0 tasks remaining in the queue.
2019-09-19 09:44:50,695 [ForkJoinPool.commonPool-worker-1] INFO  impl.StateMachineUpdater (StateMachineUpdater.java:stopAndJoin(115)) - StateMachineUpdater:0835d9f5-0b87-4b65-b1fa-6dc8409d04ae:group-E995AF2C4B52: set stopIndex = 0
2019-09-19 09:44:50,695 [main] INFO  segmented.SegmentedRaftLogWorker (SegmentedRaftLogWorker.java:close(228)) - 386624b9-aee6-4a8d-bc49-1445f870a86d-SegmentedRaftLogWorker:Storage Directory /workdir/hadoop-ozone/ozonefs/target/test-dir/MiniOzoneClusterImpl-dbfea85f-f096-46e2-b73b-2281bdd0ed8c/datanode-1/data/ratis/0c59b770-a8c2-4f8e-8723-453cf02e4214 close()
2019-09-19 09:44:50,696 [ForkJoinPool.commonPool-worker-1] INFO  impl.RaftServerImpl (ServerState.java:close(394)) - 0835d9f5-0b87-4b65-b1fa-6dc8409d04ae:group-E995AF2C4B52 closes. The last applied log index is 0
2019-09-19 09:44:50,697 [main] INFO  impl.RaftServerImpl (RaftServerImpl.java:lambda$shutdown$3(245)) - 386624b9-aee6-4a8d-bc49-1445f870a86d: shutdown group-4F686E540D14
2019-09-19 09:44:50,698 [0835d9f5-0b87-4b65-b1fa-6dc8409d04ae-SegmentedRaftLogWorker:Storage Directory /workdir/hadoop-ozone/ozonefs/target/test-dir/MiniOzoneClusterImpl-dbfea85f-f096-46e2-b73b-2281bdd0ed8c/datanode-0/data/ratis/a7392f1d-718b-4d17-9bf3-e995af2c4b52] INFO  segmented.SegmentedRaftLogWorker (SegmentedRaftLogWorker.java:run(313)) - 0835d9f5-0b87-4b65-b1fa-6dc8409d04ae-SegmentedRaftLogWorker:Storage Directory /workdir/hadoop-ozone/ozonefs/target/test-dir/MiniOzoneClusterImpl-dbfea85f-f096-46e2-b73b-2281bdd0ed8c/datanode-0/data/ratis/a7392f1d-718b-4d17-9bf3-e995af2c4b52 was interrupted, exiting. There are 0 tasks remaining in the queue.
2019-09-19 09:44:50,698 [main] INFO  util.JmxRegister (JmxRegister.java:unregister(73)) - Successfully un-registered JMX Bean with object name Ratis:service=RaftServer,group=group-4F686E540D14,id=386624b9-aee6-4a8d-bc49-1445f870a86d
2019-09-19 09:44:50,698 [ForkJoinPool.commonPool-worker-1] INFO  segmented.SegmentedRaftLogWorker (SegmentedRaftLogWorker.java:close(228)) - 0835d9f5-0b87-4b65-b1fa-6dc8409d04ae-SegmentedRaftLogWorker:Storage Directory /workdir/hadoop-ozone/ozonefs/target/test-dir/MiniOzoneClusterImpl-dbfea85f-f096-46e2-b73b-2281bdd0ed8c/datanode-0/data/ratis/a7392f1d-718b-4d17-9bf3-e995af2c4b52 close()
2019-09-19 09:44:50,698 [main] INFO  impl.RoleInfo (RoleInfo.java:shutdownLeaderState(104)) - 386624b9-aee6-4a8d-bc49-1445f870a86d: shutdown LeaderState
2019-09-19 09:44:50,700 [ForkJoinPool.commonPool-worker-1] INFO  impl.RaftServerImpl (RaftServerImpl.java:lambda$shutdown$3(245)) - 0835d9f5-0b87-4b65-b1fa-6dc8409d04ae: shutdown group-D5DB80ED1186
2019-09-19 09:44:50,700 [main] INFO  impl.PendingRequests (PendingRequests.java:sendNotLeaderResponses(202)) - 386624b9-aee6-4a8d-bc49-1445f870a86d-PendingRequests: sendNotLeaderResponses
2019-09-19 09:44:50,701 [ForkJoinPool.commonPool-worker-1] INFO  util.JmxRegister (JmxRegister.java:unregister(73)) - Successfully un-registered JMX Bean with object name Ratis:service=RaftServer,group=group-D5DB80ED1186,id=0835d9f5-0b87-4b65-b1fa-6dc8409d04ae
2019-09-19 09:44:50,701 [main] INFO  impl.StateMachineUpdater (StateMachineUpdater.java:stopAndJoin(115)) - StateMachineUpdater:386624b9-aee6-4a8d-bc49-1445f870a86d:group-4F686E540D14: set stopIndex = 0
2019-09-19 09:44:50,701 [ForkJoinPool.commonPool-worker-1] INFO  impl.RoleInfo (RoleInfo.java:shutdownLeaderState(104)) - 0835d9f5-0b87-4b65-b1fa-6dc8409d04ae: shutdown LeaderState
2019-09-19 09:44:50,702 [main] INFO  impl.RaftServerImpl (ServerState.java:close(394)) - 386624b9-aee6-4a8d-bc49-1445f870a86d:group-4F686E540D14 closes. The last applied log index is 0
2019-09-19 09:44:50,702 [ForkJoinPool.commonPool-worker-1] INFO  impl.PendingRequests (PendingRequests.java:sendNotLeaderResponses(202)) - 0835d9f5-0b87-4b65-b1fa-6dc8409d04ae-PendingRequests: sendNotLeaderResponses
2019-09-19 09:44:50,702 [386624b9-aee6-4a8d-bc49-1445f870a86d-SegmentedRaftLogWorker:Storage Directory /workdir/hadoop-ozone/ozonefs/target/test-dir/MiniOzoneClusterImpl-dbfea85f-f096-46e2-b73b-2281bdd0ed8c/datanode-1/data/ratis/604ec72d-0e57-41c7-8a59-4f686e540d14] INFO  segmented.SegmentedRaftLogWorker (SegmentedRaftLogWorker.java:run(313)) - 386624b9-aee6-4a8d-bc49-1445f870a86d-SegmentedRaftLogWorker:Storage Directory /workdir/hadoop-ozone/ozonefs/target/test-dir/MiniOzoneClusterImpl-dbfea85f-f096-46e2-b73b-2281bdd0ed8c/datanode-1/data/ratis/604ec72d-0e57-41c7-8a59-4f686e540d14 was interrupted, exiting. There are 0 tasks remaining in the queue.
2019-09-19 09:44:50,703 [ForkJoinPool.commonPool-worker-1] INFO  impl.StateMachineUpdater (StateMachineUpdater.java:stopAndJoin(115)) - StateMachineUpdater:0835d9f5-0b87-4b65-b1fa-6dc8409d04ae:group-D5DB80ED1186: set stopIndex = 0
2019-09-19 09:44:50,703 [main] INFO  segmented.SegmentedRaftLogWorker (SegmentedRaftLogWorker.java:close(228)) - 386624b9-aee6-4a8d-bc49-1445f870a86d-SegmentedRaftLogWorker:Storage Directory /workdir/hadoop-ozone/ozonefs/target/test-dir/MiniOzoneClusterImpl-dbfea85f-f096-46e2-b73b-2281bdd0ed8c/datanode-1/data/ratis/604ec72d-0e57-41c7-8a59-4f686e540d14 close()
2019-09-19 09:44:50,703 [ForkJoinPool.commonPool-worker-1] INFO  impl.RaftServerImpl (ServerState.java:close(394)) - 0835d9f5-0b87-4b65-b1fa-6dc8409d04ae:group-D5DB80ED1186 closes. The last applied log index is 0
2019-09-19 09:44:50,705 [main] INFO  impl.RaftServerImpl (RaftServerImpl.java:lambda$shutdown$3(245)) - 386624b9-aee6-4a8d-bc49-1445f870a86d: shutdown group-F040B753D308
2019-09-19 09:44:50,705 [0835d9f5-0b87-4b65-b1fa-6dc8409d04ae-SegmentedRaftLogWorker:Storage Directory /workdir/hadoop-ozone/ozonefs/target/test-dir/MiniOzoneClusterImpl-dbfea85f-f096-46e2-b73b-2281bdd0ed8c/datanode-0/data/ratis/31729889-b06d-4c18-911c-d5db80ed1186] INFO  segmented.SegmentedRaftLogWorker (SegmentedRaftLogWorker.java:run(313)) - 0835d9f5-0b87-4b65-b1fa-6dc8409d04ae-SegmentedRaftLogWorker:Storage Directory /workdir/hadoop-ozone/ozonefs/target/test-dir/MiniOzoneClusterImpl-dbfea85f-f096-46e2-b73b-2281bdd0ed8c/datanode-0/data/ratis/31729889-b06d-4c18-911c-d5db80ed1186 was interrupted, exiting. There are 0 tasks remaining in the queue.
2019-09-19 09:44:50,705 [main] INFO  util.JmxRegister (JmxRegister.java:unregister(73)) - Successfully un-registered JMX Bean with object name Ratis:service=RaftServer,group=group-F040B753D308,id=386624b9-aee6-4a8d-bc49-1445f870a86d
2019-09-19 09:44:50,706 [ForkJoinPool.commonPool-worker-1] INFO  segmented.SegmentedRaftLogWorker (SegmentedRaftLogWorker.java:close(228)) - 0835d9f5-0b87-4b65-b1fa-6dc8409d04ae-SegmentedRaftLogWorker:Storage Directory /workdir/hadoop-ozone/ozonefs/target/test-dir/MiniOzoneClusterImpl-dbfea85f-f096-46e2-b73b-2281bdd0ed8c/datanode-0/data/ratis/31729889-b06d-4c18-911c-d5db80ed1186 close()
2019-09-19 09:44:50,706 [main] INFO  impl.RoleInfo (RoleInfo.java:shutdownLeaderState(104)) - 386624b9-aee6-4a8d-bc49-1445f870a86d: shutdown LeaderState
2019-09-19 09:44:50,708 [ForkJoinPool.commonPool-worker-1] INFO  impl.RaftServerImpl (RaftServerImpl.java:lambda$shutdown$3(245)) - 0835d9f5-0b87-4b65-b1fa-6dc8409d04ae: shutdown group-15EA5EA2CEE8
2019-09-19 09:44:50,708 [main] INFO  impl.PendingRequests (PendingRequests.java:sendNotLeaderResponses(202)) - 386624b9-aee6-4a8d-bc49-1445f870a86d-PendingRequests: sendNotLeaderResponses
2019-09-19 09:44:50,708 [ForkJoinPool.commonPool-worker-1] INFO  util.JmxRegister (JmxRegister.java:unregister(73)) - Successfully un-registered JMX Bean with object name Ratis:service=RaftServer,group=group-15EA5EA2CEE8,id=0835d9f5-0b87-4b65-b1fa-6dc8409d04ae
2019-09-19 09:44:50,709 [main] INFO  impl.StateMachineUpdater (StateMachineUpdater.java:stopAndJoin(115)) - StateMachineUpdater:386624b9-aee6-4a8d-bc49-1445f870a86d:group-F040B753D308: set stopIndex = 0
2019-09-19 09:44:50,709 [ForkJoinPool.commonPool-worker-1] INFO  impl.RoleInfo (RoleInfo.java:shutdownLeaderState(104)) - 0835d9f5-0b87-4b65-b1fa-6dc8409d04ae: shutdown LeaderState
2019-09-19 09:44:50,709 [main] INFO  impl.RaftServerImpl (ServerState.java:close(394)) - 386624b9-aee6-4a8d-bc49-1445f870a86d:group-F040B753D308 closes. The last applied log index is 0
2019-09-19 09:44:50,710 [ForkJoinPool.commonPool-worker-1] INFO  impl.PendingRequests (PendingRequests.java:sendNotLeaderResponses(202)) - 0835d9f5-0b87-4b65-b1fa-6dc8409d04ae-PendingRequests: sendNotLeaderResponses
2019-09-19 09:44:50,710 [386624b9-aee6-4a8d-bc49-1445f870a86d-SegmentedRaftLogWorker:Storage Directory /workdir/hadoop-ozone/ozonefs/target/test-dir/MiniOzoneClusterImpl-dbfea85f-f096-46e2-b73b-2281bdd0ed8c/datanode-1/data/ratis/07bdc449-65ee-4702-9bea-f040b753d308] INFO  segmented.SegmentedRaftLogWorker (SegmentedRaftLogWorker.java:run(313)) - 386624b9-aee6-4a8d-bc49-1445f870a86d-SegmentedRaftLogWorker:Storage Directory /workdir/hadoop-ozone/ozonefs/target/test-dir/MiniOzoneClusterImpl-dbfea85f-f096-46e2-b73b-2281bdd0ed8c/datanode-1/data/ratis/07bdc449-65ee-4702-9bea-f040b753d308 was interrupted, exiting. There are 0 tasks remaining in the queue.
2019-09-19 09:44:50,710 [ForkJoinPool.commonPool-worker-1] INFO  impl.StateMachineUpdater (StateMachineUpdater.java:stopAndJoin(115)) - StateMachineUpdater:0835d9f5-0b87-4b65-b1fa-6dc8409d04ae:group-15EA5EA2CEE8: set stopIndex = 0
2019-09-19 09:44:50,711 [main] INFO  segmented.SegmentedRaftLogWorker (SegmentedRaftLogWorker.java:close(228)) - 386624b9-aee6-4a8d-bc49-1445f870a86d-SegmentedRaftLogWorker:Storage Directory /workdir/hadoop-ozone/ozonefs/target/test-dir/MiniOzoneClusterImpl-dbfea85f-f096-46e2-b73b-2281bdd0ed8c/datanode-1/data/ratis/07bdc449-65ee-4702-9bea-f040b753d308 close()
2019-09-19 09:44:50,711 [ForkJoinPool.commonPool-worker-1] INFO  impl.RaftServerImpl (ServerState.java:close(394)) - 0835d9f5-0b87-4b65-b1fa-6dc8409d04ae:group-15EA5EA2CEE8 closes. The last applied log index is 0
2019-09-19 09:44:50,712 [main] INFO  impl.RaftServerImpl (RaftServerImpl.java:lambda$shutdown$3(245)) - 386624b9-aee6-4a8d-bc49-1445f870a86d: shutdown group-188747779335
2019-09-19 09:44:50,713 [0835d9f5-0b87-4b65-b1fa-6dc8409d04ae-SegmentedRaftLogWorker:Storage Directory /workdir/hadoop-ozone/ozonefs/target/test-dir/MiniOzoneClusterImpl-dbfea85f-f096-46e2-b73b-2281bdd0ed8c/datanode-0/data/ratis/fe7f8ecc-e299-45ea-8d12-15ea5ea2cee8] INFO  segmented.SegmentedRaftLogWorker (SegmentedRaftLogWorker.java:run(313)) - 0835d9f5-0b87-4b65-b1fa-6dc8409d04ae-SegmentedRaftLogWorker:Storage Directory /workdir/hadoop-ozone/ozonefs/target/test-dir/MiniOzoneClusterImpl-dbfea85f-f096-46e2-b73b-2281bdd0ed8c/datanode-0/data/ratis/fe7f8ecc-e299-45ea-8d12-15ea5ea2cee8 was interrupted, exiting. There are 0 tasks remaining in the queue.
2019-09-19 09:44:50,713 [main] INFO  util.JmxRegister (JmxRegister.java:unregister(73)) - Successfully un-registered JMX Bean with object name Ratis:service=RaftServer,group=group-188747779335,id=386624b9-aee6-4a8d-bc49-1445f870a86d
2019-09-19 09:44:50,713 [ForkJoinPool.commonPool-worker-1] INFO  segmented.SegmentedRaftLogWorker (SegmentedRaftLogWorker.java:close(228)) - 0835d9f5-0b87-4b65-b1fa-6dc8409d04ae-SegmentedRaftLogWorker:Storage Directory /workdir/hadoop-ozone/ozonefs/target/test-dir/MiniOzoneClusterImpl-dbfea85f-f096-46e2-b73b-2281bdd0ed8c/datanode-0/data/ratis/fe7f8ecc-e299-45ea-8d12-15ea5ea2cee8 close()
2019-09-19 09:44:50,713 [main] INFO  impl.RoleInfo (RoleInfo.java:shutdownLeaderState(104)) - 386624b9-aee6-4a8d-bc49-1445f870a86d: shutdown LeaderState
2019-09-19 09:44:50,715 [ForkJoinPool.commonPool-worker-1] INFO  impl.RaftServerImpl (RaftServerImpl.java:lambda$shutdown$3(245)) - 0835d9f5-0b87-4b65-b1fa-6dc8409d04ae: shutdown group-4B1E157B4F64
2019-09-19 09:44:50,715 [main] INFO  impl.PendingRequests (PendingRequests.java:sendNotLeaderResponses(202)) - 386624b9-aee6-4a8d-bc49-1445f870a86d-PendingRequests: sendNotLeaderResponses
2019-09-19 09:44:50,716 [ForkJoinPool.commonPool-worker-1] INFO  util.JmxRegister (JmxRegister.java:unregister(73)) - Successfully un-registered JMX Bean with object name Ratis:service=RaftServer,group=group-4B1E157B4F64,id=0835d9f5-0b87-4b65-b1fa-6dc8409d04ae
2019-09-19 09:44:50,716 [main] INFO  impl.StateMachineUpdater (StateMachineUpdater.java:stopAndJoin(115)) - StateMachineUpdater:386624b9-aee6-4a8d-bc49-1445f870a86d:group-188747779335: set stopIndex = 0
2019-09-19 09:44:50,716 [ForkJoinPool.commonPool-worker-1] INFO  impl.RoleInfo (RoleInfo.java:shutdownLeaderState(104)) - 0835d9f5-0b87-4b65-b1fa-6dc8409d04ae: shutdown LeaderState
2019-09-19 09:44:50,717 [main] INFO  impl.RaftServerImpl (ServerState.java:close(394)) - 386624b9-aee6-4a8d-bc49-1445f870a86d:group-188747779335 closes. The last applied log index is 0
2019-09-19 09:44:50,717 [ForkJoinPool.commonPool-worker-1] INFO  impl.PendingRequests (PendingRequests.java:sendNotLeaderResponses(202)) - 0835d9f5-0b87-4b65-b1fa-6dc8409d04ae-PendingRequests: sendNotLeaderResponses
2019-09-19 09:44:50,717 [386624b9-aee6-4a8d-bc49-1445f870a86d-SegmentedRaftLogWorker:Storage Directory /workdir/hadoop-ozone/ozonefs/target/test-dir/MiniOzoneClusterImpl-dbfea85f-f096-46e2-b73b-2281bdd0ed8c/datanode-1/data/ratis/63fce884-0c58-4860-907b-188747779335] INFO  segmented.SegmentedRaftLogWorker (SegmentedRaftLogWorker.java:run(313)) - 386624b9-aee6-4a8d-bc49-1445f870a86d-SegmentedRaftLogWorker:Storage Directory /workdir/hadoop-ozone/ozonefs/target/test-dir/MiniOzoneClusterImpl-dbfea85f-f096-46e2-b73b-2281bdd0ed8c/datanode-1/data/ratis/63fce884-0c58-4860-907b-188747779335 was interrupted, exiting. There are 0 tasks remaining in the queue.
2019-09-19 09:44:50,718 [ForkJoinPool.commonPool-worker-1] INFO  impl.StateMachineUpdater (StateMachineUpdater.java:stopAndJoin(115)) - StateMachineUpdater:0835d9f5-0b87-4b65-b1fa-6dc8409d04ae:group-4B1E157B4F64: set stopIndex = 0
2019-09-19 09:44:50,718 [main] INFO  segmented.SegmentedRaftLogWorker (SegmentedRaftLogWorker.java:close(228)) - 386624b9-aee6-4a8d-bc49-1445f870a86d-SegmentedRaftLogWorker:Storage Directory /workdir/hadoop-ozone/ozonefs/target/test-dir/MiniOzoneClusterImpl-dbfea85f-f096-46e2-b73b-2281bdd0ed8c/datanode-1/data/ratis/63fce884-0c58-4860-907b-188747779335 close()
2019-09-19 09:44:50,718 [ForkJoinPool.commonPool-worker-1] INFO  impl.RaftServerImpl (ServerState.java:close(394)) - 0835d9f5-0b87-4b65-b1fa-6dc8409d04ae:group-4B1E157B4F64 closes. The last applied log index is 0
2019-09-19 09:44:50,720 [main] INFO  server.GrpcService (GrpcService.java:closeImpl(155)) - 386624b9-aee6-4a8d-bc49-1445f870a86d: shutdown server with port 45075 now
2019-09-19 09:44:50,720 [0835d9f5-0b87-4b65-b1fa-6dc8409d04ae-SegmentedRaftLogWorker:Storage Directory /workdir/hadoop-ozone/ozonefs/target/test-dir/MiniOzoneClusterImpl-dbfea85f-f096-46e2-b73b-2281bdd0ed8c/datanode-0/data/ratis/ffbe2122-8ddd-4cd2-b5ed-4b1e157b4f64] INFO  segmented.SegmentedRaftLogWorker (SegmentedRaftLogWorker.java:run(313)) - 0835d9f5-0b87-4b65-b1fa-6dc8409d04ae-SegmentedRaftLogWorker:Storage Directory /workdir/hadoop-ozone/ozonefs/target/test-dir/MiniOzoneClusterImpl-dbfea85f-f096-46e2-b73b-2281bdd0ed8c/datanode-0/data/ratis/ffbe2122-8ddd-4cd2-b5ed-4b1e157b4f64 was interrupted, exiting. There are 0 tasks remaining in the queue.
2019-09-19 09:44:50,722 [ForkJoinPool.commonPool-worker-1] INFO  segmented.SegmentedRaftLogWorker (SegmentedRaftLogWorker.java:close(228)) - 0835d9f5-0b87-4b65-b1fa-6dc8409d04ae-SegmentedRaftLogWorker:Storage Directory /workdir/hadoop-ozone/ozonefs/target/test-dir/MiniOzoneClusterImpl-dbfea85f-f096-46e2-b73b-2281bdd0ed8c/datanode-0/data/ratis/ffbe2122-8ddd-4cd2-b5ed-4b1e157b4f64 close()
2019-09-19 09:44:50,722 [main] INFO  server.GrpcService (GrpcService.java:closeImpl(163)) - 386624b9-aee6-4a8d-bc49-1445f870a86d: shutdown server with port 45075 successfully
2019-09-19 09:44:50,723 [ForkJoinPool.commonPool-worker-1] INFO  server.GrpcService (GrpcService.java:closeImpl(155)) - 0835d9f5-0b87-4b65-b1fa-6dc8409d04ae: shutdown server with port 38655 now
2019-09-19 09:44:50,725 [ForkJoinPool.commonPool-worker-1] INFO  server.GrpcService (GrpcService.java:closeImpl(163)) - 0835d9f5-0b87-4b65-b1fa-6dc8409d04ae: shutdown server with port 38655 successfully
2019-09-19 09:44:50,725 [main] INFO  utils.BackgroundService (BackgroundService.java:shutdown(148)) - Shutting down service BlockDeletingService
2019-09-19 09:44:50,727 [ForkJoinPool.commonPool-worker-1] INFO  utils.BackgroundService (BackgroundService.java:shutdown(148)) - Shutting down service BlockDeletingService
2019-09-19 09:44:50,727 [refreshUsed-/workdir/hadoop-ozone/ozonefs/target/test-dir/MiniOzoneClusterImpl-dbfea85f-f096-46e2-b73b-2281bdd0ed8c/datanode-1/data/containers] WARN  fs.CachingGetSpaceUsed (CachingGetSpaceUsed.java:run(183)) - Thread Interrupted waiting to refresh disk information: sleep interrupted
2019-09-19 09:44:50,729 [refreshUsed-/workdir/hadoop-ozone/ozonefs/target/test-dir/MiniOzoneClusterImpl-dbfea85f-f096-46e2-b73b-2281bdd0ed8c/datanode-0/data/containers] WARN  fs.CachingGetSpaceUsed (CachingGetSpaceUsed.java:run(183)) - Thread Interrupted waiting to refresh disk information: sleep interrupted
2019-09-19 09:44:50,759 [ForkJoinPool.commonPool-worker-1] INFO  statemachine.DatanodeStateMachine (DatanodeStateMachine.java:stopDaemon(395)) - Ozone container server stopped.
2019-09-19 09:44:50,763 [ForkJoinPool.commonPool-worker-1] INFO  handler.ContextHandler (ContextHandler.java:doStop(910)) - Stopped o.e.j.w.WebAppContext@c91ced9{/,null,UNAVAILABLE}{/hddsDatanode}
2019-09-19 09:44:50,764 [ForkJoinPool.commonPool-worker-1] INFO  server.AbstractConnector (AbstractConnector.java:doStop(318)) - Stopped ServerConnector@46e03c31{HTTP/1.1,[http/1.1]}{0.0.0.0:0}
2019-09-19 09:44:50,767 [main] INFO  statemachine.DatanodeStateMachine (DatanodeStateMachine.java:stopDaemon(395)) - Ozone container server stopped.
2019-09-19 09:44:50,768 [ForkJoinPool.commonPool-worker-1] INFO  handler.ContextHandler (ContextHandler.java:doStop(910)) - Stopped o.e.j.s.ServletContextHandler@36f8c95a{/static,jar:file:/home/user/.m2/repository/org/apache/hadoop/hadoop-hdds-container-service/0.5.0-SNAPSHOT/hadoop-hdds-container-service-0.5.0-SNAPSHOT.jar!/webapps/static,UNAVAILABLE}
2019-09-19 09:44:50,769 [ForkJoinPool.commonPool-worker-1] INFO  handler.ContextHandler (ContextHandler.java:doStop(910)) - Stopped o.e.j.s.ServletContextHandler@1e27ed87{/logs,file:///workdir/hadoop-ozone/ozonefs/target/log,UNAVAILABLE}
2019-09-19 09:44:50,769 [main] INFO  handler.ContextHandler (ContextHandler.java:doStop(910)) - Stopped o.e.j.w.WebAppContext@681285ec{/,null,UNAVAILABLE}{/hddsDatanode}
2019-09-19 09:44:50,770 [ForkJoinPool.commonPool-worker-1] INFO  datanode.ObjectStoreHandler (ObjectStoreHandler.java:close(155)) - Closing ObjectStoreHandler.
2019-09-19 09:44:50,770 [ForkJoinPool.commonPool-worker-1] INFO  ozone.HddsDatanodeService (HddsDatanodeService.java:stop(451)) - Stopped plug-in org.apache.hadoop.ozone.web.OzoneHddsDatanodeService@2fba0d7a
2019-09-19 09:44:50,770 [main] INFO  server.AbstractConnector (AbstractConnector.java:doStop(318)) - Stopped ServerConnector@75ad8ca8{HTTP/1.1,[http/1.1]}{0.0.0.0:0}
2019-09-19 09:44:50,771 [main] INFO  handler.ContextHandler (ContextHandler.java:doStop(910)) - Stopped o.e.j.s.ServletContextHandler@6a5c67cf{/static,jar:file:/home/user/.m2/repository/org/apache/hadoop/hadoop-hdds-container-service/0.5.0-SNAPSHOT/hadoop-hdds-container-service-0.5.0-SNAPSHOT.jar!/webapps/static,UNAVAILABLE}
2019-09-19 09:44:50,771 [main] INFO  handler.ContextHandler (ContextHandler.java:doStop(910)) - Stopped o.e.j.s.ServletContextHandler@76fece79{/logs,file:///workdir/hadoop-ozone/ozonefs/target/log,UNAVAILABLE}
2019-09-19 09:44:51,449 [Datanode State Machine Thread - 0] INFO  statemachine.DatanodeStateMachine (DatanodeStateMachine.java:lambda$startDaemon$0(350)) - Ozone container server started.
2019-09-19 09:44:55,771 [ForkJoinPool.commonPool-worker-1] INFO  ozoneimpl.OzoneContainer (OzoneContainer.java:stop(199)) - Attempting to stop container services.
2019-09-19 09:44:55,771 [ForkJoinPool.commonPool-worker-1] INFO  impl.RaftServerProxy (RaftServerProxy.java:lambda$close$4(314)) - 97da3b28-af5a-4526-85e9-94ce27a94e14: close
2019-09-19 09:44:55,772 [ForkJoinPool.commonPool-worker-1] INFO  impl.RaftServerImpl (RaftServerImpl.java:lambda$shutdown$3(245)) - 97da3b28-af5a-4526-85e9-94ce27a94e14: shutdown group-0A511FD7004C
2019-09-19 09:44:55,772 [ForkJoinPool.commonPool-worker-1] INFO  util.JmxRegister (JmxRegister.java:unregister(73)) - Successfully un-registered JMX Bean with object name Ratis:service=RaftServer,group=group-0A511FD7004C,id=97da3b28-af5a-4526-85e9-94ce27a94e14
2019-09-19 09:44:55,772 [ForkJoinPool.commonPool-worker-1] INFO  impl.RoleInfo (RoleInfo.java:shutdownLeaderState(104)) - 97da3b28-af5a-4526-85e9-94ce27a94e14: shutdown LeaderState
2019-09-19 09:44:55,773 [ForkJoinPool.commonPool-worker-1] INFO  impl.PendingRequests (PendingRequests.java:sendNotLeaderResponses(202)) - 97da3b28-af5a-4526-85e9-94ce27a94e14-PendingRequests: sendNotLeaderResponses
2019-09-19 09:44:55,773 [ForkJoinPool.commonPool-worker-1] INFO  impl.StateMachineUpdater (StateMachineUpdater.java:stopAndJoin(115)) - StateMachineUpdater:97da3b28-af5a-4526-85e9-94ce27a94e14:group-0A511FD7004C: set stopIndex = 0
2019-09-19 09:44:55,774 [ForkJoinPool.commonPool-worker-1] INFO  impl.RaftServerImpl (ServerState.java:close(394)) - 97da3b28-af5a-4526-85e9-94ce27a94e14:group-0A511FD7004C closes. The last applied log index is 0
2019-09-19 09:44:55,774 [97da3b28-af5a-4526-85e9-94ce27a94e14-SegmentedRaftLogWorker:Storage Directory /workdir/hadoop-ozone/ozonefs/target/test-dir/MiniOzoneClusterImpl-dbfea85f-f096-46e2-b73b-2281bdd0ed8c/datanode-2/data/ratis/ae097bb1-21eb-49d9-bd27-0a511fd7004c] INFO  segmented.SegmentedRaftLogWorker (SegmentedRaftLogWorker.java:run(313)) - 97da3b28-af5a-4526-85e9-94ce27a94e14-SegmentedRaftLogWorker:Storage Directory /workdir/hadoop-ozone/ozonefs/target/test-dir/MiniOzoneClusterImpl-dbfea85f-f096-46e2-b73b-2281bdd0ed8c/datanode-2/data/ratis/ae097bb1-21eb-49d9-bd27-0a511fd7004c was interrupted, exiting. There are 0 tasks remaining in the queue.
2019-09-19 09:44:55,774 [ForkJoinPool.commonPool-worker-1] INFO  segmented.SegmentedRaftLogWorker (SegmentedRaftLogWorker.java:close(228)) - 97da3b28-af5a-4526-85e9-94ce27a94e14-SegmentedRaftLogWorker:Storage Directory /workdir/hadoop-ozone/ozonefs/target/test-dir/MiniOzoneClusterImpl-dbfea85f-f096-46e2-b73b-2281bdd0ed8c/datanode-2/data/ratis/ae097bb1-21eb-49d9-bd27-0a511fd7004c close()
2019-09-19 09:44:55,776 [ForkJoinPool.commonPool-worker-1] INFO  impl.RaftServerImpl (RaftServerImpl.java:lambda$shutdown$3(245)) - 97da3b28-af5a-4526-85e9-94ce27a94e14: shutdown group-CAF150EB820F
2019-09-19 09:44:55,777 [ForkJoinPool.commonPool-worker-1] INFO  util.JmxRegister (JmxRegister.java:unregister(73)) - Successfully un-registered JMX Bean with object name Ratis:service=RaftServer,group=group-CAF150EB820F,id=97da3b28-af5a-4526-85e9-94ce27a94e14
2019-09-19 09:44:55,777 [ForkJoinPool.commonPool-worker-1] INFO  impl.RoleInfo (RoleInfo.java:shutdownLeaderState(104)) - 97da3b28-af5a-4526-85e9-94ce27a94e14: shutdown LeaderState
2019-09-19 09:44:55,777 [ForkJoinPool.commonPool-worker-1] INFO  impl.PendingRequests (PendingRequests.java:sendNotLeaderResponses(202)) - 97da3b28-af5a-4526-85e9-94ce27a94e14-PendingRequests: sendNotLeaderResponses
2019-09-19 09:44:55,778 [ForkJoinPool.commonPool-worker-1] INFO  impl.StateMachineUpdater (StateMachineUpdater.java:stopAndJoin(115)) - StateMachineUpdater:97da3b28-af5a-4526-85e9-94ce27a94e14:group-CAF150EB820F: set stopIndex = 0
2019-09-19 09:44:55,778 [ForkJoinPool.commonPool-worker-1] INFO  impl.RaftServerImpl (ServerState.java:close(394)) - 97da3b28-af5a-4526-85e9-94ce27a94e14:group-CAF150EB820F closes. The last applied log index is 0
2019-09-19 09:44:55,778 [97da3b28-af5a-4526-85e9-94ce27a94e14-SegmentedRaftLogWorker:Storage Directory /workdir/hadoop-ozone/ozonefs/target/test-dir/MiniOzoneClusterImpl-dbfea85f-f096-46e2-b73b-2281bdd0ed8c/datanode-2/data/ratis/509e9951-3f2b-4a5d-aade-caf150eb820f] INFO  segmented.SegmentedRaftLogWorker (SegmentedRaftLogWorker.java:run(313)) - 97da3b28-af5a-4526-85e9-94ce27a94e14-SegmentedRaftLogWorker:Storage Directory /workdir/hadoop-ozone/ozonefs/target/test-dir/MiniOzoneClusterImpl-dbfea85f-f096-46e2-b73b-2281bdd0ed8c/datanode-2/data/ratis/509e9951-3f2b-4a5d-aade-caf150eb820f was interrupted, exiting. There are 0 tasks remaining in the queue.
2019-09-19 09:44:55,779 [ForkJoinPool.commonPool-worker-1] INFO  segmented.SegmentedRaftLogWorker (SegmentedRaftLogWorker.java:close(228)) - 97da3b28-af5a-4526-85e9-94ce27a94e14-SegmentedRaftLogWorker:Storage Directory /workdir/hadoop-ozone/ozonefs/target/test-dir/MiniOzoneClusterImpl-dbfea85f-f096-46e2-b73b-2281bdd0ed8c/datanode-2/data/ratis/509e9951-3f2b-4a5d-aade-caf150eb820f close()
2019-09-19 09:44:55,780 [ForkJoinPool.commonPool-worker-1] INFO  impl.RaftServerImpl (RaftServerImpl.java:lambda$shutdown$3(245)) - 97da3b28-af5a-4526-85e9-94ce27a94e14: shutdown group-AC318A489A6A
2019-09-19 09:44:55,780 [ForkJoinPool.commonPool-worker-1] INFO  util.JmxRegister (JmxRegister.java:unregister(73)) - Successfully un-registered JMX Bean with object name Ratis:service=RaftServer,group=group-AC318A489A6A,id=97da3b28-af5a-4526-85e9-94ce27a94e14
2019-09-19 09:44:55,781 [ForkJoinPool.commonPool-worker-1] INFO  impl.RoleInfo (RoleInfo.java:shutdownLeaderState(104)) - 97da3b28-af5a-4526-85e9-94ce27a94e14: shutdown LeaderState
2019-09-19 09:44:55,781 [ForkJoinPool.commonPool-worker-1] INFO  impl.PendingRequests (PendingRequests.java:sendNotLeaderResponses(202)) - 97da3b28-af5a-4526-85e9-94ce27a94e14-PendingRequests: sendNotLeaderResponses
2019-09-19 09:44:55,781 [ForkJoinPool.commonPool-worker-1] INFO  impl.StateMachineUpdater (StateMachineUpdater.java:stopAndJoin(115)) - StateMachineUpdater:97da3b28-af5a-4526-85e9-94ce27a94e14:group-AC318A489A6A: set stopIndex = 0
2019-09-19 09:44:55,782 [ForkJoinPool.commonPool-worker-1] INFO  impl.RaftServerImpl (ServerState.java:close(394)) - 97da3b28-af5a-4526-85e9-94ce27a94e14:group-AC318A489A6A closes. The last applied log index is 0
2019-09-19 09:44:55,782 [97da3b28-af5a-4526-85e9-94ce27a94e14-SegmentedRaftLogWorker:Storage Directory /workdir/hadoop-ozone/ozonefs/target/test-dir/MiniOzoneClusterImpl-dbfea85f-f096-46e2-b73b-2281bdd0ed8c/datanode-2/data/ratis/0a7d4535-ca0e-46ca-8c8d-ac318a489a6a] INFO  segmented.SegmentedRaftLogWorker (SegmentedRaftLogWorker.java:run(313)) - 97da3b28-af5a-4526-85e9-94ce27a94e14-SegmentedRaftLogWorker:Storage Directory /workdir/hadoop-ozone/ozonefs/target/test-dir/MiniOzoneClusterImpl-dbfea85f-f096-46e2-b73b-2281bdd0ed8c/datanode-2/data/ratis/0a7d4535-ca0e-46ca-8c8d-ac318a489a6a was interrupted, exiting. There are 0 tasks remaining in the queue.
2019-09-19 09:44:55,782 [ForkJoinPool.commonPool-worker-1] INFO  segmented.SegmentedRaftLogWorker (SegmentedRaftLogWorker.java:close(228)) - 97da3b28-af5a-4526-85e9-94ce27a94e14-SegmentedRaftLogWorker:Storage Directory /workdir/hadoop-ozone/ozonefs/target/test-dir/MiniOzoneClusterImpl-dbfea85f-f096-46e2-b73b-2281bdd0ed8c/datanode-2/data/ratis/0a7d4535-ca0e-46ca-8c8d-ac318a489a6a close()
2019-09-19 09:44:55,783 [ForkJoinPool.commonPool-worker-1] INFO  impl.RaftServerImpl (RaftServerImpl.java:lambda$shutdown$3(245)) - 97da3b28-af5a-4526-85e9-94ce27a94e14: shutdown group-6BF1E4BB4D5E
2019-09-19 09:44:55,784 [ForkJoinPool.commonPool-worker-1] INFO  util.JmxRegister (JmxRegister.java:unregister(73)) - Successfully un-registered JMX Bean with object name Ratis:service=RaftServer,group=group-6BF1E4BB4D5E,id=97da3b28-af5a-4526-85e9-94ce27a94e14
2019-09-19 09:44:55,784 [ForkJoinPool.commonPool-worker-1] INFO  impl.RoleInfo (RoleInfo.java:shutdownLeaderState(104)) - 97da3b28-af5a-4526-85e9-94ce27a94e14: shutdown LeaderState
2019-09-19 09:44:55,784 [ForkJoinPool.commonPool-worker-1] INFO  impl.PendingRequests (PendingRequests.java:sendNotLeaderResponses(202)) - 97da3b28-af5a-4526-85e9-94ce27a94e14-PendingRequests: sendNotLeaderResponses
2019-09-19 09:44:55,784 [ForkJoinPool.commonPool-worker-1] INFO  impl.StateMachineUpdater (StateMachineUpdater.java:stopAndJoin(115)) - StateMachineUpdater:97da3b28-af5a-4526-85e9-94ce27a94e14:group-6BF1E4BB4D5E: set stopIndex = 0
2019-09-19 09:44:55,785 [ForkJoinPool.commonPool-worker-1] INFO  impl.RaftServerImpl (ServerState.java:close(394)) - 97da3b28-af5a-4526-85e9-94ce27a94e14:group-6BF1E4BB4D5E closes. The last applied log index is 0
2019-09-19 09:44:55,785 [97da3b28-af5a-4526-85e9-94ce27a94e14-SegmentedRaftLogWorker:Storage Directory /workdir/hadoop-ozone/ozonefs/target/test-dir/MiniOzoneClusterImpl-dbfea85f-f096-46e2-b73b-2281bdd0ed8c/datanode-2/data/ratis/24c38bf1-b304-44cf-a96e-6bf1e4bb4d5e] INFO  segmented.SegmentedRaftLogWorker (SegmentedRaftLogWorker.java:run(313)) - 97da3b28-af5a-4526-85e9-94ce27a94e14-SegmentedRaftLogWorker:Storage Directory /workdir/hadoop-ozone/ozonefs/target/test-dir/MiniOzoneClusterImpl-dbfea85f-f096-46e2-b73b-2281bdd0ed8c/datanode-2/data/ratis/24c38bf1-b304-44cf-a96e-6bf1e4bb4d5e was interrupted, exiting. There are 0 tasks remaining in the queue.
2019-09-19 09:44:55,785 [ForkJoinPool.commonPool-worker-1] INFO  segmented.SegmentedRaftLogWorker (SegmentedRaftLogWorker.java:close(228)) - 97da3b28-af5a-4526-85e9-94ce27a94e14-SegmentedRaftLogWorker:Storage Directory /workdir/hadoop-ozone/ozonefs/target/test-dir/MiniOzoneClusterImpl-dbfea85f-f096-46e2-b73b-2281bdd0ed8c/datanode-2/data/ratis/24c38bf1-b304-44cf-a96e-6bf1e4bb4d5e close()
2019-09-19 09:44:55,786 [ForkJoinPool.commonPool-worker-1] INFO  impl.RaftServerImpl (RaftServerImpl.java:lambda$shutdown$3(245)) - 97da3b28-af5a-4526-85e9-94ce27a94e14: shutdown group-FE90908E92A4
2019-09-19 09:44:55,787 [ForkJoinPool.commonPool-worker-1] INFO  util.JmxRegister (JmxRegister.java:unregister(73)) - Successfully un-registered JMX Bean with object name Ratis:service=RaftServer,group=group-FE90908E92A4,id=97da3b28-af5a-4526-85e9-94ce27a94e14
2019-09-19 09:44:55,787 [ForkJoinPool.commonPool-worker-1] INFO  impl.RoleInfo (RoleInfo.java:shutdownLeaderState(104)) - 97da3b28-af5a-4526-85e9-94ce27a94e14: shutdown LeaderState
2019-09-19 09:44:55,787 [ForkJoinPool.commonPool-worker-1] INFO  impl.PendingRequests (PendingRequests.java:sendNotLeaderResponses(202)) - 97da3b28-af5a-4526-85e9-94ce27a94e14-PendingRequests: sendNotLeaderResponses
2019-09-19 09:44:55,787 [ForkJoinPool.commonPool-worker-1] INFO  impl.StateMachineUpdater (StateMachineUpdater.java:stopAndJoin(115)) - StateMachineUpdater:97da3b28-af5a-4526-85e9-94ce27a94e14:group-FE90908E92A4: set stopIndex = 0
2019-09-19 09:44:55,788 [ForkJoinPool.commonPool-worker-1] INFO  impl.RaftServerImpl (ServerState.java:close(394)) - 97da3b28-af5a-4526-85e9-94ce27a94e14:group-FE90908E92A4 closes. The last applied log index is 0
2019-09-19 09:44:55,788 [97da3b28-af5a-4526-85e9-94ce27a94e14-SegmentedRaftLogWorker:Storage Directory /workdir/hadoop-ozone/ozonefs/target/test-dir/MiniOzoneClusterImpl-dbfea85f-f096-46e2-b73b-2281bdd0ed8c/datanode-2/data/ratis/faf61666-eaf8-4cda-ab23-fe90908e92a4] INFO  segmented.SegmentedRaftLogWorker (SegmentedRaftLogWorker.java:run(313)) - 97da3b28-af5a-4526-85e9-94ce27a94e14-SegmentedRaftLogWorker:Storage Directory /workdir/hadoop-ozone/ozonefs/target/test-dir/MiniOzoneClusterImpl-dbfea85f-f096-46e2-b73b-2281bdd0ed8c/datanode-2/data/ratis/faf61666-eaf8-4cda-ab23-fe90908e92a4 was interrupted, exiting. There are 0 tasks remaining in the queue.
2019-09-19 09:44:55,788 [ForkJoinPool.commonPool-worker-1] INFO  segmented.SegmentedRaftLogWorker (SegmentedRaftLogWorker.java:close(228)) - 97da3b28-af5a-4526-85e9-94ce27a94e14-SegmentedRaftLogWorker:Storage Directory /workdir/hadoop-ozone/ozonefs/target/test-dir/MiniOzoneClusterImpl-dbfea85f-f096-46e2-b73b-2281bdd0ed8c/datanode-2/data/ratis/faf61666-eaf8-4cda-ab23-fe90908e92a4 close()
2019-09-19 09:44:55,790 [ForkJoinPool.commonPool-worker-1] INFO  impl.RaftServerImpl (RaftServerImpl.java:lambda$shutdown$3(245)) - 97da3b28-af5a-4526-85e9-94ce27a94e14: shutdown group-3222B9495BCE
2019-09-19 09:44:55,790 [ForkJoinPool.commonPool-worker-1] INFO  util.JmxRegister (JmxRegister.java:unregister(73)) - Successfully un-registered JMX Bean with object name Ratis:service=RaftServer,group=group-3222B9495BCE,id=97da3b28-af5a-4526-85e9-94ce27a94e14
2019-09-19 09:44:55,790 [ForkJoinPool.commonPool-worker-1] INFO  impl.RoleInfo (RoleInfo.java:shutdownLeaderState(104)) - 97da3b28-af5a-4526-85e9-94ce27a94e14: shutdown LeaderState
2019-09-19 09:44:55,790 [ForkJoinPool.commonPool-worker-1] INFO  impl.PendingRequests (PendingRequests.java:sendNotLeaderResponses(202)) - 97da3b28-af5a-4526-85e9-94ce27a94e14-PendingRequests: sendNotLeaderResponses
2019-09-19 09:44:55,791 [ForkJoinPool.commonPool-worker-1] INFO  impl.StateMachineUpdater (StateMachineUpdater.java:stopAndJoin(115)) - StateMachineUpdater:97da3b28-af5a-4526-85e9-94ce27a94e14:group-3222B9495BCE: set stopIndex = 0
2019-09-19 09:44:55,791 [ForkJoinPool.commonPool-worker-1] INFO  impl.RaftServerImpl (ServerState.java:close(394)) - 97da3b28-af5a-4526-85e9-94ce27a94e14:group-3222B9495BCE closes. The last applied log index is 0
2019-09-19 09:44:55,791 [97da3b28-af5a-4526-85e9-94ce27a94e14-SegmentedRaftLogWorker:Storage Directory /workdir/hadoop-ozone/ozonefs/target/test-dir/MiniOzoneClusterImpl-dbfea85f-f096-46e2-b73b-2281bdd0ed8c/datanode-2/data/ratis/a3e0539e-0318-4ad2-b4cf-3222b9495bce] INFO  segmented.SegmentedRaftLogWorker (SegmentedRaftLogWorker.java:run(313)) - 97da3b28-af5a-4526-85e9-94ce27a94e14-SegmentedRaftLogWorker:Storage Directory /workdir/hadoop-ozone/ozonefs/target/test-dir/MiniOzoneClusterImpl-dbfea85f-f096-46e2-b73b-2281bdd0ed8c/datanode-2/data/ratis/a3e0539e-0318-4ad2-b4cf-3222b9495bce was interrupted, exiting. There are 0 tasks remaining in the queue.
2019-09-19 09:44:55,792 [ForkJoinPool.commonPool-worker-1] INFO  segmented.SegmentedRaftLogWorker (SegmentedRaftLogWorker.java:close(228)) - 97da3b28-af5a-4526-85e9-94ce27a94e14-SegmentedRaftLogWorker:Storage Directory /workdir/hadoop-ozone/ozonefs/target/test-dir/MiniOzoneClusterImpl-dbfea85f-f096-46e2-b73b-2281bdd0ed8c/datanode-2/data/ratis/a3e0539e-0318-4ad2-b4cf-3222b9495bce close()
2019-09-19 09:44:55,793 [ForkJoinPool.commonPool-worker-1] INFO  server.GrpcService (GrpcService.java:closeImpl(155)) - 97da3b28-af5a-4526-85e9-94ce27a94e14: shutdown server with port 39413 now
2019-09-19 09:44:55,794 [ForkJoinPool.commonPool-worker-1] INFO  server.GrpcService (GrpcService.java:closeImpl(163)) - 97da3b28-af5a-4526-85e9-94ce27a94e14: shutdown server with port 39413 successfully
2019-09-19 09:44:55,799 [ForkJoinPool.commonPool-worker-1] INFO  utils.BackgroundService (BackgroundService.java:shutdown(148)) - Shutting down service BlockDeletingService
2019-09-19 09:44:55,800 [refreshUsed-/workdir/hadoop-ozone/ozonefs/target/test-dir/MiniOzoneClusterImpl-dbfea85f-f096-46e2-b73b-2281bdd0ed8c/datanode-2/data/containers] WARN  fs.CachingGetSpaceUsed (CachingGetSpaceUsed.java:run(183)) - Thread Interrupted waiting to refresh disk information: sleep interrupted
2019-09-19 09:44:55,829 [ForkJoinPool.commonPool-worker-1] INFO  statemachine.DatanodeStateMachine (DatanodeStateMachine.java:stopDaemon(395)) - Ozone container server stopped.
2019-09-19 09:44:55,832 [ForkJoinPool.commonPool-worker-1] INFO  handler.ContextHandler (ContextHandler.java:doStop(910)) - Stopped o.e.j.w.WebAppContext@5f6b6f2{/,null,UNAVAILABLE}{/hddsDatanode}
2019-09-19 09:44:55,833 [ForkJoinPool.commonPool-worker-1] INFO  server.AbstractConnector (AbstractConnector.java:doStop(318)) - Stopped ServerConnector@136bd1d1{HTTP/1.1,[http/1.1]}{0.0.0.0:0}
2019-09-19 09:44:55,834 [ForkJoinPool.commonPool-worker-1] INFO  handler.ContextHandler (ContextHandler.java:doStop(910)) - Stopped o.e.j.s.ServletContextHandler@3413effc{/static,jar:file:/home/user/.m2/repository/org/apache/hadoop/hadoop-hdds-container-service/0.5.0-SNAPSHOT/hadoop-hdds-container-service-0.5.0-SNAPSHOT.jar!/webapps/static,UNAVAILABLE}
2019-09-19 09:44:55,835 [ForkJoinPool.commonPool-worker-1] INFO  handler.ContextHandler (ContextHandler.java:doStop(910)) - Stopped o.e.j.s.ServletContextHandler@4295b0b8{/logs,file:///workdir/hadoop-ozone/ozonefs/target/log,UNAVAILABLE}
2019-09-19 09:44:55,836 [main] INFO  ozone.MiniOzoneClusterImpl (MiniOzoneClusterImpl.java:stop(353)) - Stopping the StorageContainerManager
2019-09-19 09:44:55,841 [main] INFO  server.StorageContainerManager (StorageContainerManager.java:stop(797)) - Stopping Replication Manager Service.
2019-09-19 09:44:55,841 [main] INFO  container.ReplicationManager (ReplicationManager.java:stop(192)) - Stopping Replication Monitor Thread.
2019-09-19 09:44:55,842 [main] INFO  server.StorageContainerManager (StorageContainerManager.java:stop(804)) - Stopping Lease Manager of the command watchers
2019-09-19 09:44:55,842 [main] INFO  server.StorageContainerManager (StorageContainerManager.java:stop(811)) - Stopping datanode service RPC server
2019-09-19 09:44:55,842 [main] INFO  server.SCMDatanodeProtocolServer (SCMDatanodeProtocolServer.java:stop(367)) - Stopping the RPC server for DataNodes
2019-09-19 09:44:55,842 [main] INFO  ipc.Server (Server.java:stop(3082)) - Stopping server on 34657
2019-09-19 09:44:55,844 [IPC Server listener on 34657] INFO  ipc.Server (Server.java:run(1185)) - Stopping IPC Server listener on 34657
2019-09-19 09:44:55,845 [IPC Server Responder] INFO  ipc.Server (Server.java:run(1319)) - Stopping IPC Server Responder
2019-09-19 09:44:55,931 [SCM Heartbeat Processing Thread - 0] WARN  node.NodeStateManager (NodeStateManager.java:scheduleNextHealthCheck(655)) - Current Thread is interrupted, shutting down HB processing thread for Node Manager.
2019-09-19 09:44:55,931 [main] INFO  server.StorageContainerManager (StorageContainerManager.java:stop(819)) - Stopping block service RPC server
2019-09-19 09:44:55,932 [main] INFO  server.SCMBlockProtocolServer (SCMBlockProtocolServer.java:stop(148)) - Stopping the RPC server for Block Protocol
2019-09-19 09:44:55,932 [main] INFO  ipc.Server (Server.java:stop(3082)) - Stopping server on 46083
2019-09-19 09:44:55,934 [IPC Server listener on 46083] INFO  ipc.Server (Server.java:run(1185)) - Stopping IPC Server listener on 46083
2019-09-19 09:44:55,934 [IPC Server Responder] INFO  ipc.Server (Server.java:run(1319)) - Stopping IPC Server Responder
2019-09-19 09:44:55,934 [main] INFO  server.StorageContainerManager (StorageContainerManager.java:stop(826)) - Stopping the StorageContainerLocationProtocol RPC server
2019-09-19 09:44:55,936 [main] INFO  server.SCMClientProtocolServer (SCMClientProtocolServer.java:stop(159)) - Stopping the RPC server for Client Protocol
2019-09-19 09:44:55,936 [main] INFO  ipc.Server (Server.java:stop(3082)) - Stopping server on 42341
2019-09-19 09:44:55,938 [IPC Server listener on 42341] INFO  ipc.Server (Server.java:run(1185)) - Stopping IPC Server listener on 42341
2019-09-19 09:44:55,938 [main] INFO  server.StorageContainerManager (StorageContainerManager.java:stop(833)) - Stopping Storage Container Manager HTTP server.
2019-09-19 09:44:55,938 [IPC Server Responder] INFO  ipc.Server (Server.java:run(1319)) - Stopping IPC Server Responder
2019-09-19 09:44:55,940 [main] INFO  handler.ContextHandler (ContextHandler.java:doStop(910)) - Stopped o.e.j.w.WebAppContext@49ffd0cb{/,null,UNAVAILABLE}{/scm}
2019-09-19 09:44:55,941 [main] INFO  server.AbstractConnector (AbstractConnector.java:doStop(318)) - Stopped ServerConnector@1254e9a7{HTTP/1.1,[http/1.1]}{0.0.0.0:0}
2019-09-19 09:44:55,941 [main] INFO  handler.ContextHandler (ContextHandler.java:doStop(910)) - Stopped o.e.j.s.ServletContextHandler@43b89b4{/static,jar:file:/home/user/.m2/repository/org/apache/hadoop/hadoop-hdds-server-scm/0.5.0-SNAPSHOT/hadoop-hdds-server-scm-0.5.0-SNAPSHOT.jar!/webapps/static,UNAVAILABLE}
2019-09-19 09:44:55,942 [main] INFO  handler.ContextHandler (ContextHandler.java:doStop(910)) - Stopped o.e.j.s.ServletContextHandler@66b65360{/logs,file:///workdir/hadoop-ozone/ozonefs/target/log,UNAVAILABLE}
2019-09-19 09:44:55,943 [main] INFO  server.StorageContainerManager (StorageContainerManager.java:stop(844)) - Stopping Block Manager Service.
2019-09-19 09:44:55,943 [main] INFO  utils.BackgroundService (BackgroundService.java:shutdown(148)) - Shutting down service SCMBlockDeletingService
2019-09-19 09:44:55,944 [main] INFO  utils.BackgroundService (BackgroundService.java:shutdown(148)) - Shutting down service SCMBlockDeletingService
2019-09-19 09:44:55,944 [main] INFO  server.StorageContainerManager (StorageContainerManager.java:stop(866)) - Stopping SCM Event Queue.
2019-09-19 09:44:55,949 [main] INFO  impl.MetricsSystemImpl (MetricsSystemImpl.java:stop(210)) - Stopping HddsDatanode metrics system...
2019-09-19 09:44:55,964 [main] INFO  impl.MetricsSystemImpl (MetricsSystemImpl.java:stop(216)) - HddsDatanode metrics system stopped.
]]></system-out>
    <system-err><![CDATA[Sep 19, 2019 9:44:39 AM com.sun.jersey.server.impl.application.WebApplicationImpl _initiate
INFO: Initiating Jersey application, version 'Jersey: 1.19 02/11/2015 03:25 AM'
Sep 19, 2019 9:44:40 AM com.sun.jersey.server.impl.application.WebApplicationImpl _initiate
INFO: Initiating Jersey application, version 'Jersey: 1.19 02/11/2015 03:25 AM'
Sep 19, 2019 9:44:40 AM com.sun.jersey.server.impl.application.WebApplicationImpl _initiate
INFO: Initiating Jersey application, version 'Jersey: 1.19 02/11/2015 03:25 AM'
Sep 19, 2019 9:44:45 AM com.sun.jersey.server.impl.application.WebApplicationImpl _initiate
INFO: Initiating Jersey application, version 'Jersey: 1.19 02/11/2015 03:25 AM'
]]></system-err>
  </testcase>
</testsuite>