<?xml version="1.0" encoding="UTF-8"?>
<testsuite xmlns:xsi="http://www.w3.org/2001/XMLSchema-instance" xsi:noNamespaceSchemaLocation="https://maven.apache.org/surefire/maven-surefire-plugin/xsd/surefire-test-report.xsd" name="org.apache.hadoop.fs.ozone.TestOzoneFSInputStream" time="48.902" tests="1" errors="1" skipped="0" failures="0">
  <properties>
    <property name="awt.toolkit" value="sun.awt.X11.XToolkit"/>
    <property name="file.encoding.pkg" value="sun.io"/>
    <property name="java.specification.version" value="1.8"/>
    <property name="sun.cpu.isalist" value=""/>
    <property name="sun.jnu.encoding" value="UTF-8"/>
    <property name="java.class.path" value="/workdir/hadoop-ozone/ozonefs/target/test-classes:/workdir/hadoop-ozone/ozonefs/target/classes:/home/user/.m2/repository/org/apache/hadoop/hadoop-common/3.2.0/hadoop-common-3.2.0.jar:/home/user/.m2/repository/org/apache/hadoop/hadoop-annotations/3.2.0/hadoop-annotations-3.2.0.jar:/usr/lib/jvm/java-1.8-openjdk/jre/../lib/tools.jar:/home/user/.m2/repository/com/google/guava/guava/11.0.2/guava-11.0.2.jar:/home/user/.m2/repository/commons-cli/commons-cli/1.2/commons-cli-1.2.jar:/home/user/.m2/repository/org/apache/commons/commons-math3/3.1.1/commons-math3-3.1.1.jar:/home/user/.m2/repository/org/apache/httpcomponents/httpclient/4.5.2/httpclient-4.5.2.jar:/home/user/.m2/repository/org/apache/httpcomponents/httpcore/4.4.4/httpcore-4.4.4.jar:/home/user/.m2/repository/commons-codec/commons-codec/1.11/commons-codec-1.11.jar:/home/user/.m2/repository/commons-io/commons-io/2.5/commons-io-2.5.jar:/home/user/.m2/repository/commons-net/commons-net/3.6/commons-net-3.6.jar:/home/user/.m2/repository/commons-collections/commons-collections/3.2.2/commons-collections-3.2.2.jar:/home/user/.m2/repository/javax/servlet/javax.servlet-api/3.1.0/javax.servlet-api-3.1.0.jar:/home/user/.m2/repository/org/eclipse/jetty/jetty-server/9.3.24.v20180605/jetty-server-9.3.24.v20180605.jar:/home/user/.m2/repository/org/eclipse/jetty/jetty-http/9.3.24.v20180605/jetty-http-9.3.24.v20180605.jar:/home/user/.m2/repository/org/eclipse/jetty/jetty-io/9.3.24.v20180605/jetty-io-9.3.24.v20180605.jar:/home/user/.m2/repository/org/eclipse/jetty/jetty-util/9.3.24.v20180605/jetty-util-9.3.24.v20180605.jar:/home/user/.m2/repository/org/eclipse/jetty/jetty-servlet/9.3.24.v20180605/jetty-servlet-9.3.24.v20180605.jar:/home/user/.m2/repository/org/eclipse/jetty/jetty-security/9.3.24.v20180605/jetty-security-9.3.24.v20180605.jar:/home/user/.m2/repository/org/eclipse/jetty/jetty-webapp/9.3.24.v20180605/jetty-webapp-9.3.24.v20180605.jar:/home/user/.m2/repository/org/eclipse/jetty/jetty-xml/9.3.24.v20180605/jetty-xml-9.3.24.v20180605.jar:/home/user/.m2/repository/javax/servlet/jsp/jsp-api/2.1/jsp-api-2.1.jar:/home/user/.m2/repository/com/sun/jersey/jersey-core/1.19/jersey-core-1.19.jar:/home/user/.m2/repository/javax/ws/rs/jsr311-api/1.1.1/jsr311-api-1.1.1.jar:/home/user/.m2/repository/com/sun/jersey/jersey-servlet/1.19/jersey-servlet-1.19.jar:/home/user/.m2/repository/com/sun/jersey/jersey-json/1.19/jersey-json-1.19.jar:/home/user/.m2/repository/org/codehaus/jettison/jettison/1.1/jettison-1.1.jar:/home/user/.m2/repository/com/sun/xml/bind/jaxb-impl/2.3.0.1/jaxb-impl-2.3.0.1.jar:/home/user/.m2/repository/org/codehaus/jackson/jackson-core-asl/1.9.13/jackson-core-asl-1.9.13.jar:/home/user/.m2/repository/org/codehaus/jackson/jackson-mapper-asl/1.9.13/jackson-mapper-asl-1.9.13.jar:/home/user/.m2/repository/org/codehaus/jackson/jackson-jaxrs/1.9.13/jackson-jaxrs-1.9.13.jar:/home/user/.m2/repository/org/codehaus/jackson/jackson-xc/1.9.13/jackson-xc-1.9.13.jar:/home/user/.m2/repository/com/sun/jersey/jersey-server/1.19/jersey-server-1.19.jar:/home/user/.m2/repository/commons-logging/commons-logging/1.1.3/commons-logging-1.1.3.jar:/home/user/.m2/repository/log4j/log4j/1.2.17/log4j-1.2.17.jar:/home/user/.m2/repository/commons-beanutils/commons-beanutils/1.9.3/commons-beanutils-1.9.3.jar:/home/user/.m2/repository/org/apache/commons/commons-configuration2/2.1.1/commons-configuration2-2.1.1.jar:/home/user/.m2/repository/org/apache/commons/commons-lang3/3.7/commons-lang3-3.7.jar:/home/user/.m2/repository/org/apache/commons/commons-text/1.4/commons-text-1.4.jar:/home/user/.m2/repository/org/slf4j/slf4j-api/1.7.25/slf4j-api-1.7.25.jar:/home/user/.m2/repository/org/slf4j/slf4j-log4j12/1.7.25/slf4j-log4j12-1.7.25.jar:/home/user/.m2/repository/org/apache/avro/avro/1.7.7/avro-1.7.7.jar:/home/user/.m2/repository/com/thoughtworks/paranamer/paranamer/2.3/paranamer-2.3.jar:/home/user/.m2/repository/org/xerial/snappy/snappy-java/1.0.5/snappy-java-1.0.5.jar:/home/user/.m2/repository/com/google/re2j/re2j/1.1/re2j-1.1.jar:/home/user/.m2/repository/com/google/protobuf/protobuf-java/2.5.0/protobuf-java-2.5.0.jar:/home/user/.m2/repository/com/google/code/gson/gson/2.2.4/gson-2.2.4.jar:/home/user/.m2/repository/org/apache/hadoop/hadoop-auth/3.2.0/hadoop-auth-3.2.0.jar:/home/user/.m2/repository/com/nimbusds/nimbus-jose-jwt/4.41.1/nimbus-jose-jwt-4.41.1.jar:/home/user/.m2/repository/com/github/stephenc/jcip/jcip-annotations/1.0-1/jcip-annotations-1.0-1.jar:/home/user/.m2/repository/net/minidev/json-smart/2.3/json-smart-2.3.jar:/home/user/.m2/repository/net/minidev/accessors-smart/1.2/accessors-smart-1.2.jar:/home/user/.m2/repository/org/apache/curator/curator-framework/2.12.0/curator-framework-2.12.0.jar:/home/user/.m2/repository/com/jcraft/jsch/0.1.54/jsch-0.1.54.jar:/home/user/.m2/repository/org/apache/curator/curator-client/2.12.0/curator-client-2.12.0.jar:/home/user/.m2/repository/org/apache/curator/curator-recipes/2.12.0/curator-recipes-2.12.0.jar:/home/user/.m2/repository/com/google/code/findbugs/jsr305/3.0.0/jsr305-3.0.0.jar:/home/user/.m2/repository/org/apache/htrace/htrace-core4/4.1.0-incubating/htrace-core4-4.1.0-incubating.jar:/home/user/.m2/repository/org/apache/zookeeper/zookeeper/3.4.13/zookeeper-3.4.13.jar:/home/user/.m2/repository/org/apache/yetus/audience-annotations/0.5.0/audience-annotations-0.5.0.jar:/home/user/.m2/repository/org/apache/commons/commons-compress/1.4.1/commons-compress-1.4.1.jar:/home/user/.m2/repository/org/tukaani/xz/1.0/xz-1.0.jar:/home/user/.m2/repository/org/apache/kerby/kerb-simplekdc/1.0.1/kerb-simplekdc-1.0.1.jar:/home/user/.m2/repository/org/apache/kerby/kerb-client/1.0.1/kerb-client-1.0.1.jar:/home/user/.m2/repository/org/apache/kerby/kerby-config/1.0.1/kerby-config-1.0.1.jar:/home/user/.m2/repository/org/apache/kerby/kerb-core/1.0.1/kerb-core-1.0.1.jar:/home/user/.m2/repository/org/apache/kerby/kerby-pkix/1.0.1/kerby-pkix-1.0.1.jar:/home/user/.m2/repository/org/apache/kerby/kerby-asn1/1.0.1/kerby-asn1-1.0.1.jar:/home/user/.m2/repository/org/apache/kerby/kerby-util/1.0.1/kerby-util-1.0.1.jar:/home/user/.m2/repository/org/apache/kerby/kerb-common/1.0.1/kerb-common-1.0.1.jar:/home/user/.m2/repository/org/apache/kerby/kerb-crypto/1.0.1/kerb-crypto-1.0.1.jar:/home/user/.m2/repository/org/apache/kerby/kerb-util/1.0.1/kerb-util-1.0.1.jar:/home/user/.m2/repository/org/apache/kerby/token-provider/1.0.1/token-provider-1.0.1.jar:/home/user/.m2/repository/org/apache/kerby/kerb-admin/1.0.1/kerb-admin-1.0.1.jar:/home/user/.m2/repository/org/apache/kerby/kerb-server/1.0.1/kerb-server-1.0.1.jar:/home/user/.m2/repository/org/apache/kerby/kerb-identity/1.0.1/kerb-identity-1.0.1.jar:/home/user/.m2/repository/org/apache/kerby/kerby-xdr/1.0.1/kerby-xdr-1.0.1.jar:/home/user/.m2/repository/com/fasterxml/jackson/core/jackson-databind/2.9.5/jackson-databind-2.9.5.jar:/home/user/.m2/repository/com/fasterxml/jackson/core/jackson-annotations/2.9.5/jackson-annotations-2.9.5.jar:/home/user/.m2/repository/com/fasterxml/jackson/core/jackson-core/2.9.5/jackson-core-2.9.5.jar:/home/user/.m2/repository/org/codehaus/woodstox/stax2-api/3.1.4/stax2-api-3.1.4.jar:/home/user/.m2/repository/com/fasterxml/woodstox/woodstox-core/5.0.3/woodstox-core-5.0.3.jar:/home/user/.m2/repository/dnsjava/dnsjava/2.1.7/dnsjava-2.1.7.jar:/home/user/.m2/repository/org/apache/hadoop/hadoop-hdfs/3.2.0/hadoop-hdfs-3.2.0.jar:/home/user/.m2/repository/org/eclipse/jetty/jetty-util-ajax/9.3.24.v20180605/jetty-util-ajax-9.3.24.v20180605.jar:/home/user/.m2/repository/commons-daemon/commons-daemon/1.0.13/commons-daemon-1.0.13.jar:/home/user/.m2/repository/io/netty/netty/3.10.5.Final/netty-3.10.5.Final.jar:/home/user/.m2/repository/io/netty/netty-all/4.0.52.Final/netty-all-4.0.52.Final.jar:/home/user/.m2/repository/org/fusesource/leveldbjni/leveldbjni-all/1.8/leveldbjni-all-1.8.jar:/home/user/.m2/repository/org/apache/hadoop/hadoop-hdds-common/0.5.0-SNAPSHOT/hadoop-hdds-common-0.5.0-SNAPSHOT.jar:/home/user/.m2/repository/org/apache/hadoop/hadoop-hdds-config/0.5.0-SNAPSHOT/hadoop-hdds-config-0.5.0-SNAPSHOT.jar:/home/user/.m2/repository/javax/annotation/javax.annotation-api/1.2/javax.annotation-api-1.2.jar:/home/user/.m2/repository/org/apache/ratis/ratis-server/0.4.0-2337318-SNAPSHOT/ratis-server-0.4.0-2337318-SNAPSHOT.jar:/home/user/.m2/repository/org/apache/ratis/ratis-thirdparty-misc/0.2.0/ratis-thirdparty-misc-0.2.0.jar:/home/user/.m2/repository/org/apache/ratis/ratis-proto/0.4.0-2337318-SNAPSHOT/ratis-proto-0.4.0-2337318-SNAPSHOT.jar:/home/user/.m2/repository/org/apache/ratis/ratis-common/0.4.0-2337318-SNAPSHOT/ratis-common-0.4.0-2337318-SNAPSHOT.jar:/home/user/.m2/repository/org/apache/ratis/ratis-client/0.4.0-2337318-SNAPSHOT/ratis-client-0.4.0-2337318-SNAPSHOT.jar:/home/user/.m2/repository/org/apache/ratis/ratis-metrics/0.4.0-2337318-SNAPSHOT/ratis-metrics-0.4.0-2337318-SNAPSHOT.jar:/home/user/.m2/repository/org/apache/ratis/ratis-netty/0.4.0-2337318-SNAPSHOT/ratis-netty-0.4.0-2337318-SNAPSHOT.jar:/home/user/.m2/repository/org/apache/ratis/ratis-grpc/0.4.0-2337318-SNAPSHOT/ratis-grpc-0.4.0-2337318-SNAPSHOT.jar:/home/user/.m2/repository/org/rocksdb/rocksdbjni/6.0.1/rocksdbjni-6.0.1.jar:/home/user/.m2/repository/org/apache/logging/log4j/log4j-api/2.11.0/log4j-api-2.11.0.jar:/home/user/.m2/repository/org/apache/logging/log4j/log4j-core/2.11.0/log4j-core-2.11.0.jar:/home/user/.m2/repository/com/lmax/disruptor/3.4.2/disruptor-3.4.2.jar:/home/user/.m2/repository/org/apache/commons/commons-pool2/2.6.0/commons-pool2-2.6.0.jar:/home/user/.m2/repository/org/bouncycastle/bcpkix-jdk15on/1.60/bcpkix-jdk15on-1.60.jar:/home/user/.m2/repository/commons-validator/commons-validator/1.6/commons-validator-1.6.jar:/home/user/.m2/repository/commons-digester/commons-digester/1.8.1/commons-digester-1.8.1.jar:/home/user/.m2/repository/io/jaegertracing/jaeger-client/0.33.1/jaeger-client-0.33.1.jar:/home/user/.m2/repository/io/jaegertracing/jaeger-thrift/0.33.1/jaeger-thrift-0.33.1.jar:/home/user/.m2/repository/org/apache/thrift/libthrift/0.11.0/libthrift-0.11.0.jar:/home/user/.m2/repository/com/squareup/okhttp3/okhttp/3.9.0/okhttp-3.9.0.jar:/home/user/.m2/repository/com/squareup/okio/okio/1.13.0/okio-1.13.0.jar:/home/user/.m2/repository/io/jaegertracing/jaeger-core/0.33.1/jaeger-core-0.33.1.jar:/home/user/.m2/repository/io/jaegertracing/jaeger-tracerresolver/0.33.1/jaeger-tracerresolver-0.33.1.jar:/home/user/.m2/repository/io/opentracing/contrib/opentracing-tracerresolver/0.1.5/opentracing-tracerresolver-0.1.5.jar:/home/user/.m2/repository/io/opentracing/opentracing-util/0.31.0/opentracing-util-0.31.0.jar:/home/user/.m2/repository/io/opentracing/opentracing-api/0.31.0/opentracing-api-0.31.0.jar:/home/user/.m2/repository/io/opentracing/opentracing-noop/0.31.0/opentracing-noop-0.31.0.jar:/home/user/.m2/repository/org/yaml/snakeyaml/1.16/snakeyaml-1.16.jar:/home/user/.m2/repository/org/apache/hadoop/hadoop-hdfs-client/3.2.0/hadoop-hdfs-client-3.2.0.jar:/home/user/.m2/repository/info/picocli/picocli/3.9.6/picocli-3.9.6.jar:/home/user/.m2/repository/org/apache/hadoop/hadoop-hdds-server-scm/0.5.0-SNAPSHOT/hadoop-hdds-server-scm-0.5.0-SNAPSHOT.jar:/home/user/.m2/repository/org/apache/hadoop/hadoop-hdds-docs/0.5.0-SNAPSHOT/hadoop-hdds-docs-0.5.0-SNAPSHOT.jar:/home/user/.m2/repository/io/dropwizard/metrics/metrics-core/3.2.4/metrics-core-3.2.4.jar:/home/user/.m2/repository/org/hamcrest/hamcrest-all/1.3/hamcrest-all-1.3.jar:/home/user/.m2/repository/org/bouncycastle/bcprov-jdk15on/1.60/bcprov-jdk15on-1.60.jar:/home/user/.m2/repository/org/apache/hadoop/hadoop-hdds-server-framework/0.5.0-SNAPSHOT/hadoop-hdds-server-framework-0.5.0-SNAPSHOT.jar:/home/user/.m2/repository/org/apache/hadoop/hadoop-ozone-ozone-manager/0.5.0-SNAPSHOT/hadoop-ozone-ozone-manager-0.5.0-SNAPSHOT.jar:/home/user/.m2/repository/org/apache/hadoop/hadoop-hdds-container-service/0.5.0-SNAPSHOT/hadoop-hdds-container-service-0.5.0-SNAPSHOT.jar:/home/user/.m2/repository/org/apache/hadoop/hadoop-hdds-client/0.5.0-SNAPSHOT/hadoop-hdds-client-0.5.0-SNAPSHOT.jar:/home/user/.m2/repository/org/apache/hadoop/hadoop-ozone-common/0.5.0-SNAPSHOT/hadoop-ozone-common-0.5.0-SNAPSHOT.jar:/home/user/.m2/repository/org/apache/hadoop/hadoop-hdds-tools/0.5.0-SNAPSHOT/hadoop-hdds-tools-0.5.0-SNAPSHOT.jar:/home/user/.m2/repository/org/xerial/sqlite-jdbc/3.25.2/sqlite-jdbc-3.25.2.jar:/home/user/.m2/repository/org/apache/hadoop/hadoop-ozone-objectstore-service/0.5.0-SNAPSHOT/hadoop-ozone-objectstore-service-0.5.0-SNAPSHOT.jar:/home/user/.m2/repository/com/google/code/findbugs/findbugs/3.0.1/findbugs-3.0.1.jar:/home/user/.m2/repository/net/jcip/jcip-annotations/1.0/jcip-annotations-1.0.jar:/home/user/.m2/repository/com/google/code/findbugs/bcel-findbugs/6.0/bcel-findbugs-6.0.jar:/home/user/.m2/repository/com/google/code/findbugs/jFormatString/2.0.1/jFormatString-2.0.1.jar:/home/user/.m2/repository/dom4j/dom4j/1.6.1/dom4j-1.6.1.jar:/home/user/.m2/repository/xml-apis/xml-apis/1.0.b2/xml-apis-1.0.b2.jar:/home/user/.m2/repository/org/ow2/asm/asm-debug-all/5.0.2/asm-debug-all-5.0.2.jar:/home/user/.m2/repository/org/ow2/asm/asm-commons/5.0.2/asm-commons-5.0.2.jar:/home/user/.m2/repository/org/ow2/asm/asm-tree/5.0.2/asm-tree-5.0.2.jar:/home/user/.m2/repository/org/ow2/asm/asm/5.0.4/asm-5.0.4.jar:/home/user/.m2/repository/commons-lang/commons-lang/2.6/commons-lang-2.6.jar:/home/user/.m2/repository/com/apple/AppleJavaExtensions/1.4/AppleJavaExtensions-1.4.jar:/home/user/.m2/repository/jaxen/jaxen/1.1.6/jaxen-1.1.6.jar:/home/user/.m2/repository/org/apache/hadoop/hadoop-common/3.2.0/hadoop-common-3.2.0-tests.jar:/home/user/.m2/repository/org/apache/hadoop/hadoop-ozone-client/0.5.0-SNAPSHOT/hadoop-ozone-client-0.5.0-SNAPSHOT.jar:/home/user/.m2/repository/org/apache/hadoop/hadoop-hdfs/3.2.0/hadoop-hdfs-3.2.0-tests.jar:/workdir/hadoop-ozone/integration-test/target/test-classes:/home/user/.m2/repository/org/apache/hadoop/hadoop-ozone-s3gateway/0.5.0-SNAPSHOT/hadoop-ozone-s3gateway-0.5.0-SNAPSHOT.jar:/home/user/.m2/repository/org/jboss/weld/servlet/weld-servlet/2.4.7.Final/weld-servlet-2.4.7.Final.jar:/home/user/.m2/repository/org/glassfish/jersey/containers/jersey-container-servlet-core/2.27/jersey-container-servlet-core-2.27.jar:/home/user/.m2/repository/org/glassfish/hk2/external/javax.inject/2.5.0-b42/javax.inject-2.5.0-b42.jar:/home/user/.m2/repository/org/glassfish/jersey/core/jersey-common/2.27/jersey-common-2.27.jar:/home/user/.m2/repository/org/glassfish/hk2/osgi-resource-locator/1.0.1/osgi-resource-locator-1.0.1.jar:/home/user/.m2/repository/javax/ws/rs/javax.ws.rs-api/2.1/javax.ws.rs-api-2.1.jar:/home/user/.m2/repository/org/glassfish/jersey/ext/cdi/jersey-cdi1x/2.27/jersey-cdi1x-2.27.jar:/home/user/.m2/repository/org/glassfish/jersey/inject/jersey-hk2/2.27/jersey-hk2-2.27.jar:/home/user/.m2/repository/org/glassfish/hk2/hk2-locator/2.5.0-b42/hk2-locator-2.5.0-b42.jar:/home/user/.m2/repository/org/javassist/javassist/3.22.0-CR2/javassist-3.22.0-CR2.jar:/home/user/.m2/repository/org/glassfish/hk2/hk2-api/2.5.0/hk2-api-2.5.0.jar:/home/user/.m2/repository/org/glassfish/hk2/external/jakarta.inject/2.5.0/jakarta.inject-2.5.0.jar:/home/user/.m2/repository/org/glassfish/hk2/hk2-utils/2.5.0/hk2-utils-2.5.0.jar:/home/user/.m2/repository/jakarta/annotation/jakarta.annotation-api/1.3.4/jakarta.annotation-api-1.3.4.jar:/home/user/.m2/repository/org/glassfish/hk2/external/aopalliance-repackaged/2.5.0/aopalliance-repackaged-2.5.0.jar:/home/user/.m2/repository/com/fasterxml/jackson/dataformat/jackson-dataformat-xml/2.9.0/jackson-dataformat-xml-2.9.0.jar:/home/user/.m2/repository/com/fasterxml/jackson/module/jackson-module-jaxb-annotations/2.9.5/jackson-module-jaxb-annotations-2.9.5.jar:/home/user/.m2/repository/javax/enterprise/cdi-api/1.2/cdi-api-1.2.jar:/home/user/.m2/repository/javax/el/javax.el-api/3.0.0/javax.el-api-3.0.0.jar:/home/user/.m2/repository/javax/interceptor/javax.interceptor-api/1.2/javax.interceptor-api-1.2.jar:/home/user/.m2/repository/javax/inject/javax.inject/1/javax.inject-1.jar:/home/user/.m2/repository/com/sun/xml/bind/jaxb-core/2.3.0.1/jaxb-core-2.3.0.1.jar:/home/user/.m2/repository/javax/xml/bind/jaxb-api/2.3.0/jaxb-api-2.3.0.jar:/home/user/.m2/repository/javax/activation/activation/1.1.1/activation-1.1.1.jar:/home/user/.m2/repository/org/apache/hadoop/hadoop-ozone-csi/0.5.0-SNAPSHOT/hadoop-ozone-csi-0.5.0-SNAPSHOT.jar:/home/user/.m2/repository/com/google/protobuf/protobuf-java-util/3.5.1/protobuf-java-util-3.5.1.jar:/home/user/.m2/repository/io/grpc/grpc-netty/1.17.1/grpc-netty-1.17.1.jar:/home/user/.m2/repository/io/grpc/grpc-core/1.17.1/grpc-core-1.17.1.jar:/home/user/.m2/repository/io/grpc/grpc-context/1.17.1/grpc-context-1.17.1.jar:/home/user/.m2/repository/com/google/errorprone/error_prone_annotations/2.2.0/error_prone_annotations-2.2.0.jar:/home/user/.m2/repository/org/codehaus/mojo/animal-sniffer-annotations/1.17/animal-sniffer-annotations-1.17.jar:/home/user/.m2/repository/io/opencensus/opencensus-api/0.17.0/opencensus-api-0.17.0.jar:/home/user/.m2/repository/io/opencensus/opencensus-contrib-grpc-metrics/0.17.0/opencensus-contrib-grpc-metrics-0.17.0.jar:/home/user/.m2/repository/io/netty/netty-codec-http2/4.1.30.Final/netty-codec-http2-4.1.30.Final.jar:/home/user/.m2/repository/io/netty/netty-codec-http/4.1.30.Final/netty-codec-http-4.1.30.Final.jar:/home/user/.m2/repository/io/netty/netty-codec/4.1.30.Final/netty-codec-4.1.30.Final.jar:/home/user/.m2/repository/io/netty/netty-handler/4.1.30.Final/netty-handler-4.1.30.Final.jar:/home/user/.m2/repository/io/netty/netty-handler-proxy/4.1.30.Final/netty-handler-proxy-4.1.30.Final.jar:/home/user/.m2/repository/io/netty/netty-codec-socks/4.1.30.Final/netty-codec-socks-4.1.30.Final.jar:/home/user/.m2/repository/io/netty/netty-transport-native-epoll/4.1.30.Final/netty-transport-native-epoll-4.1.30.Final.jar:/home/user/.m2/repository/io/netty/netty-common/4.1.30.Final/netty-common-4.1.30.Final.jar:/home/user/.m2/repository/io/netty/netty-buffer/4.1.30.Final/netty-buffer-4.1.30.Final.jar:/home/user/.m2/repository/io/netty/netty-transport/4.1.30.Final/netty-transport-4.1.30.Final.jar:/home/user/.m2/repository/io/netty/netty-resolver/4.1.30.Final/netty-resolver-4.1.30.Final.jar:/home/user/.m2/repository/io/netty/netty-transport-native-unix-common/4.1.30.Final/netty-transport-native-unix-common-4.1.30.Final.jar:/home/user/.m2/repository/io/grpc/grpc-protobuf/1.17.1/grpc-protobuf-1.17.1.jar:/home/user/.m2/repository/com/google/api/grpc/proto-google-common-protos/1.0.0/proto-google-common-protos-1.0.0.jar:/home/user/.m2/repository/io/grpc/grpc-protobuf-lite/1.17.1/grpc-protobuf-lite-1.17.1.jar:/home/user/.m2/repository/io/grpc/grpc-stub/1.17.1/grpc-stub-1.17.1.jar:/home/user/.m2/repository/org/apache/hadoop/hadoop-ozone-recon/0.5.0-SNAPSHOT/hadoop-ozone-recon-0.5.0-SNAPSHOT.jar:/home/user/.m2/repository/org/apache/hadoop/hadoop-ozone-reconcodegen/0.5.0-SNAPSHOT/hadoop-ozone-reconcodegen-0.5.0-SNAPSHOT.jar:/home/user/.m2/repository/com/google/inject/extensions/guice-multibindings/4.0/guice-multibindings-4.0.jar:/home/user/.m2/repository/com/google/inject/guice/4.0/guice-4.0.jar:/home/user/.m2/repository/aopalliance/aopalliance/1.0/aopalliance-1.0.jar:/home/user/.m2/repository/org/glassfish/jersey/containers/jersey-container-servlet/2.27/jersey-container-servlet-2.27.jar:/home/user/.m2/repository/org/glassfish/hk2/guice-bridge/2.5.0/guice-bridge-2.5.0.jar:/home/user/.m2/repository/org/glassfish/jersey/core/jersey-server/2.27/jersey-server-2.27.jar:/home/user/.m2/repository/org/glassfish/jersey/core/jersey-client/2.27/jersey-client-2.27.jar:/home/user/.m2/repository/org/glassfish/jersey/media/jersey-media-jaxb/2.27/jersey-media-jaxb-2.27.jar:/home/user/.m2/repository/javax/validation/validation-api/1.1.0.Final/validation-api-1.1.0.Final.jar:/home/user/.m2/repository/org/glassfish/jersey/media/jersey-media-json-jackson/2.27/jersey-media-json-jackson-2.27.jar:/home/user/.m2/repository/org/glassfish/jersey/ext/jersey-entity-filtering/2.27/jersey-entity-filtering-2.27.jar:/home/user/.m2/repository/com/google/inject/extensions/guice-assistedinject/4.0/guice-assistedinject-4.0.jar:/home/user/.m2/repository/org/jooq/jooq/3.11.10/jooq-3.11.10.jar:/home/user/.m2/repository/org/jooq/jooq-meta/3.11.10/jooq-meta-3.11.10.jar:/home/user/.m2/repository/org/jooq/jooq-codegen/3.11.10/jooq-codegen-3.11.10.jar:/home/user/.m2/repository/com/jolbox/bonecp/0.8.0.RELEASE/bonecp-0.8.0.RELEASE.jar:/home/user/.m2/repository/org/springframework/spring-jdbc/5.1.3.RELEASE/spring-jdbc-5.1.3.RELEASE.jar:/home/user/.m2/repository/org/springframework/spring-beans/5.1.3.RELEASE/spring-beans-5.1.3.RELEASE.jar:/home/user/.m2/repository/org/springframework/spring-core/5.1.3.RELEASE/spring-core-5.1.3.RELEASE.jar:/home/user/.m2/repository/org/springframework/spring-jcl/5.1.3.RELEASE/spring-jcl-5.1.3.RELEASE.jar:/home/user/.m2/repository/org/springframework/spring-tx/5.1.3.RELEASE/spring-tx-5.1.3.RELEASE.jar:/home/user/.m2/repository/org/mockito/mockito-all/1.10.19/mockito-all-1.10.19.jar:/home/user/.m2/repository/junit/junit/4.11/junit-4.11.jar:/home/user/.m2/repository/org/hamcrest/hamcrest-core/1.3/hamcrest-core-1.3.jar:/home/user/.m2/repository/org/apache/hadoop/hadoop-distcp/3.2.0/hadoop-distcp-3.2.0.jar:/home/user/.m2/repository/org/apache/hadoop/hadoop-distcp/3.2.0/hadoop-distcp-3.2.0-tests.jar:/home/user/.m2/repository/org/apache/hadoop/hadoop-mapreduce-client-jobclient/3.2.0/hadoop-mapreduce-client-jobclient-3.2.0.jar:/home/user/.m2/repository/org/apache/hadoop/hadoop-mapreduce-client-common/3.2.0/hadoop-mapreduce-client-common-3.2.0.jar:/home/user/.m2/repository/org/apache/hadoop/hadoop-yarn-common/3.2.0/hadoop-yarn-common-3.2.0.jar:/home/user/.m2/repository/org/apache/hadoop/hadoop-yarn-api/3.2.0/hadoop-yarn-api-3.2.0.jar:/home/user/.m2/repository/com/sun/jersey/jersey-client/1.19/jersey-client-1.19.jar:/home/user/.m2/repository/com/sun/jersey/contribs/jersey-guice/1.19/jersey-guice-1.19.jar:/home/user/.m2/repository/com/fasterxml/jackson/jaxrs/jackson-jaxrs-json-provider/2.9.5/jackson-jaxrs-json-provider-2.9.5.jar:/home/user/.m2/repository/com/fasterxml/jackson/jaxrs/jackson-jaxrs-base/2.9.5/jackson-jaxrs-base-2.9.5.jar:/home/user/.m2/repository/org/apache/hadoop/hadoop-yarn-client/3.2.0/hadoop-yarn-client-3.2.0.jar:/home/user/.m2/repository/org/apache/hadoop/hadoop-mapreduce-client-core/3.2.0/hadoop-mapreduce-client-core-3.2.0.jar:/home/user/.m2/repository/com/google/inject/extensions/guice-servlet/4.0/guice-servlet-4.0.jar:/home/user/.m2/repository/org/powermock/powermock-module-junit4/1.6.5/powermock-module-junit4-1.6.5.jar:/home/user/.m2/repository/org/powermock/powermock-module-junit4-common/1.6.5/powermock-module-junit4-common-1.6.5.jar:/home/user/.m2/repository/org/powermock/powermock-core/1.6.5/powermock-core-1.6.5.jar:/home/user/.m2/repository/org/powermock/powermock-reflect/1.6.5/powermock-reflect-1.6.5.jar:/home/user/.m2/repository/org/powermock/powermock-api-mockito/1.6.5/powermock-api-mockito-1.6.5.jar:/home/user/.m2/repository/org/mockito/mockito-core/1.10.19/mockito-core-1.10.19.jar:/home/user/.m2/repository/org/objenesis/objenesis/1.0/objenesis-1.0.jar:/home/user/.m2/repository/org/powermock/powermock-api-mockito-common/1.6.5/powermock-api-mockito-common-1.6.5.jar:/home/user/.m2/repository/org/powermock/powermock-api-support/1.6.5/powermock-api-support-1.6.5.jar:"/>
    <property name="java.vm.vendor" value="IcedTea"/>
    <property name="sun.arch.data.model" value="64"/>
    <property name="test.build.dir" value="/workdir/hadoop-ozone/ozonefs/target/test-dir"/>
    <property name="test.cache.data" value=""/>
    <property name="java.vendor.url" value="https://icedtea.classpath.org"/>
    <property name="user.timezone" value=""/>
    <property name="java.vm.specification.version" value="1.8"/>
    <property name="os.name" value="Linux"/>
    <property name="test.build.data" value="/workdir/hadoop-ozone/ozonefs/target/test-dir"/>
    <property name="user.country" value="US"/>
    <property name="sun.java.launcher" value="SUN_STANDARD"/>
    <property name="sun.boot.library.path" value="/usr/lib/jvm/java-1.8-openjdk/jre/lib/amd64"/>
    <property name="sun.java.command" value="/workdir/hadoop-ozone/ozonefs/target/surefire/surefirebooter5333966181851730302.jar /workdir/hadoop-ozone/ozonefs/target/surefire 2019-09-19T07-57-21_967-jvmRun1 surefire4018479995528923232tmp surefire_103463870837169922029tmp"/>
    <property name="test" value="!TestMiniChaosOzoneCluster"/>
    <property name="surefire.test.class.path" value="/workdir/hadoop-ozone/ozonefs/target/test-classes:/workdir/hadoop-ozone/ozonefs/target/classes:/home/user/.m2/repository/org/apache/hadoop/hadoop-common/3.2.0/hadoop-common-3.2.0.jar:/home/user/.m2/repository/org/apache/hadoop/hadoop-annotations/3.2.0/hadoop-annotations-3.2.0.jar:/usr/lib/jvm/java-1.8-openjdk/jre/../lib/tools.jar:/home/user/.m2/repository/com/google/guava/guava/11.0.2/guava-11.0.2.jar:/home/user/.m2/repository/commons-cli/commons-cli/1.2/commons-cli-1.2.jar:/home/user/.m2/repository/org/apache/commons/commons-math3/3.1.1/commons-math3-3.1.1.jar:/home/user/.m2/repository/org/apache/httpcomponents/httpclient/4.5.2/httpclient-4.5.2.jar:/home/user/.m2/repository/org/apache/httpcomponents/httpcore/4.4.4/httpcore-4.4.4.jar:/home/user/.m2/repository/commons-codec/commons-codec/1.11/commons-codec-1.11.jar:/home/user/.m2/repository/commons-io/commons-io/2.5/commons-io-2.5.jar:/home/user/.m2/repository/commons-net/commons-net/3.6/commons-net-3.6.jar:/home/user/.m2/repository/commons-collections/commons-collections/3.2.2/commons-collections-3.2.2.jar:/home/user/.m2/repository/javax/servlet/javax.servlet-api/3.1.0/javax.servlet-api-3.1.0.jar:/home/user/.m2/repository/org/eclipse/jetty/jetty-server/9.3.24.v20180605/jetty-server-9.3.24.v20180605.jar:/home/user/.m2/repository/org/eclipse/jetty/jetty-http/9.3.24.v20180605/jetty-http-9.3.24.v20180605.jar:/home/user/.m2/repository/org/eclipse/jetty/jetty-io/9.3.24.v20180605/jetty-io-9.3.24.v20180605.jar:/home/user/.m2/repository/org/eclipse/jetty/jetty-util/9.3.24.v20180605/jetty-util-9.3.24.v20180605.jar:/home/user/.m2/repository/org/eclipse/jetty/jetty-servlet/9.3.24.v20180605/jetty-servlet-9.3.24.v20180605.jar:/home/user/.m2/repository/org/eclipse/jetty/jetty-security/9.3.24.v20180605/jetty-security-9.3.24.v20180605.jar:/home/user/.m2/repository/org/eclipse/jetty/jetty-webapp/9.3.24.v20180605/jetty-webapp-9.3.24.v20180605.jar:/home/user/.m2/repository/org/eclipse/jetty/jetty-xml/9.3.24.v20180605/jetty-xml-9.3.24.v20180605.jar:/home/user/.m2/repository/javax/servlet/jsp/jsp-api/2.1/jsp-api-2.1.jar:/home/user/.m2/repository/com/sun/jersey/jersey-core/1.19/jersey-core-1.19.jar:/home/user/.m2/repository/javax/ws/rs/jsr311-api/1.1.1/jsr311-api-1.1.1.jar:/home/user/.m2/repository/com/sun/jersey/jersey-servlet/1.19/jersey-servlet-1.19.jar:/home/user/.m2/repository/com/sun/jersey/jersey-json/1.19/jersey-json-1.19.jar:/home/user/.m2/repository/org/codehaus/jettison/jettison/1.1/jettison-1.1.jar:/home/user/.m2/repository/com/sun/xml/bind/jaxb-impl/2.3.0.1/jaxb-impl-2.3.0.1.jar:/home/user/.m2/repository/org/codehaus/jackson/jackson-core-asl/1.9.13/jackson-core-asl-1.9.13.jar:/home/user/.m2/repository/org/codehaus/jackson/jackson-mapper-asl/1.9.13/jackson-mapper-asl-1.9.13.jar:/home/user/.m2/repository/org/codehaus/jackson/jackson-jaxrs/1.9.13/jackson-jaxrs-1.9.13.jar:/home/user/.m2/repository/org/codehaus/jackson/jackson-xc/1.9.13/jackson-xc-1.9.13.jar:/home/user/.m2/repository/com/sun/jersey/jersey-server/1.19/jersey-server-1.19.jar:/home/user/.m2/repository/commons-logging/commons-logging/1.1.3/commons-logging-1.1.3.jar:/home/user/.m2/repository/log4j/log4j/1.2.17/log4j-1.2.17.jar:/home/user/.m2/repository/commons-beanutils/commons-beanutils/1.9.3/commons-beanutils-1.9.3.jar:/home/user/.m2/repository/org/apache/commons/commons-configuration2/2.1.1/commons-configuration2-2.1.1.jar:/home/user/.m2/repository/org/apache/commons/commons-lang3/3.7/commons-lang3-3.7.jar:/home/user/.m2/repository/org/apache/commons/commons-text/1.4/commons-text-1.4.jar:/home/user/.m2/repository/org/slf4j/slf4j-api/1.7.25/slf4j-api-1.7.25.jar:/home/user/.m2/repository/org/slf4j/slf4j-log4j12/1.7.25/slf4j-log4j12-1.7.25.jar:/home/user/.m2/repository/org/apache/avro/avro/1.7.7/avro-1.7.7.jar:/home/user/.m2/repository/com/thoughtworks/paranamer/paranamer/2.3/paranamer-2.3.jar:/home/user/.m2/repository/org/xerial/snappy/snappy-java/1.0.5/snappy-java-1.0.5.jar:/home/user/.m2/repository/com/google/re2j/re2j/1.1/re2j-1.1.jar:/home/user/.m2/repository/com/google/protobuf/protobuf-java/2.5.0/protobuf-java-2.5.0.jar:/home/user/.m2/repository/com/google/code/gson/gson/2.2.4/gson-2.2.4.jar:/home/user/.m2/repository/org/apache/hadoop/hadoop-auth/3.2.0/hadoop-auth-3.2.0.jar:/home/user/.m2/repository/com/nimbusds/nimbus-jose-jwt/4.41.1/nimbus-jose-jwt-4.41.1.jar:/home/user/.m2/repository/com/github/stephenc/jcip/jcip-annotations/1.0-1/jcip-annotations-1.0-1.jar:/home/user/.m2/repository/net/minidev/json-smart/2.3/json-smart-2.3.jar:/home/user/.m2/repository/net/minidev/accessors-smart/1.2/accessors-smart-1.2.jar:/home/user/.m2/repository/org/apache/curator/curator-framework/2.12.0/curator-framework-2.12.0.jar:/home/user/.m2/repository/com/jcraft/jsch/0.1.54/jsch-0.1.54.jar:/home/user/.m2/repository/org/apache/curator/curator-client/2.12.0/curator-client-2.12.0.jar:/home/user/.m2/repository/org/apache/curator/curator-recipes/2.12.0/curator-recipes-2.12.0.jar:/home/user/.m2/repository/com/google/code/findbugs/jsr305/3.0.0/jsr305-3.0.0.jar:/home/user/.m2/repository/org/apache/htrace/htrace-core4/4.1.0-incubating/htrace-core4-4.1.0-incubating.jar:/home/user/.m2/repository/org/apache/zookeeper/zookeeper/3.4.13/zookeeper-3.4.13.jar:/home/user/.m2/repository/org/apache/yetus/audience-annotations/0.5.0/audience-annotations-0.5.0.jar:/home/user/.m2/repository/org/apache/commons/commons-compress/1.4.1/commons-compress-1.4.1.jar:/home/user/.m2/repository/org/tukaani/xz/1.0/xz-1.0.jar:/home/user/.m2/repository/org/apache/kerby/kerb-simplekdc/1.0.1/kerb-simplekdc-1.0.1.jar:/home/user/.m2/repository/org/apache/kerby/kerb-client/1.0.1/kerb-client-1.0.1.jar:/home/user/.m2/repository/org/apache/kerby/kerby-config/1.0.1/kerby-config-1.0.1.jar:/home/user/.m2/repository/org/apache/kerby/kerb-core/1.0.1/kerb-core-1.0.1.jar:/home/user/.m2/repository/org/apache/kerby/kerby-pkix/1.0.1/kerby-pkix-1.0.1.jar:/home/user/.m2/repository/org/apache/kerby/kerby-asn1/1.0.1/kerby-asn1-1.0.1.jar:/home/user/.m2/repository/org/apache/kerby/kerby-util/1.0.1/kerby-util-1.0.1.jar:/home/user/.m2/repository/org/apache/kerby/kerb-common/1.0.1/kerb-common-1.0.1.jar:/home/user/.m2/repository/org/apache/kerby/kerb-crypto/1.0.1/kerb-crypto-1.0.1.jar:/home/user/.m2/repository/org/apache/kerby/kerb-util/1.0.1/kerb-util-1.0.1.jar:/home/user/.m2/repository/org/apache/kerby/token-provider/1.0.1/token-provider-1.0.1.jar:/home/user/.m2/repository/org/apache/kerby/kerb-admin/1.0.1/kerb-admin-1.0.1.jar:/home/user/.m2/repository/org/apache/kerby/kerb-server/1.0.1/kerb-server-1.0.1.jar:/home/user/.m2/repository/org/apache/kerby/kerb-identity/1.0.1/kerb-identity-1.0.1.jar:/home/user/.m2/repository/org/apache/kerby/kerby-xdr/1.0.1/kerby-xdr-1.0.1.jar:/home/user/.m2/repository/com/fasterxml/jackson/core/jackson-databind/2.9.5/jackson-databind-2.9.5.jar:/home/user/.m2/repository/com/fasterxml/jackson/core/jackson-annotations/2.9.5/jackson-annotations-2.9.5.jar:/home/user/.m2/repository/com/fasterxml/jackson/core/jackson-core/2.9.5/jackson-core-2.9.5.jar:/home/user/.m2/repository/org/codehaus/woodstox/stax2-api/3.1.4/stax2-api-3.1.4.jar:/home/user/.m2/repository/com/fasterxml/woodstox/woodstox-core/5.0.3/woodstox-core-5.0.3.jar:/home/user/.m2/repository/dnsjava/dnsjava/2.1.7/dnsjava-2.1.7.jar:/home/user/.m2/repository/org/apache/hadoop/hadoop-hdfs/3.2.0/hadoop-hdfs-3.2.0.jar:/home/user/.m2/repository/org/eclipse/jetty/jetty-util-ajax/9.3.24.v20180605/jetty-util-ajax-9.3.24.v20180605.jar:/home/user/.m2/repository/commons-daemon/commons-daemon/1.0.13/commons-daemon-1.0.13.jar:/home/user/.m2/repository/io/netty/netty/3.10.5.Final/netty-3.10.5.Final.jar:/home/user/.m2/repository/io/netty/netty-all/4.0.52.Final/netty-all-4.0.52.Final.jar:/home/user/.m2/repository/org/fusesource/leveldbjni/leveldbjni-all/1.8/leveldbjni-all-1.8.jar:/home/user/.m2/repository/org/apache/hadoop/hadoop-hdds-common/0.5.0-SNAPSHOT/hadoop-hdds-common-0.5.0-SNAPSHOT.jar:/home/user/.m2/repository/org/apache/hadoop/hadoop-hdds-config/0.5.0-SNAPSHOT/hadoop-hdds-config-0.5.0-SNAPSHOT.jar:/home/user/.m2/repository/javax/annotation/javax.annotation-api/1.2/javax.annotation-api-1.2.jar:/home/user/.m2/repository/org/apache/ratis/ratis-server/0.4.0-2337318-SNAPSHOT/ratis-server-0.4.0-2337318-SNAPSHOT.jar:/home/user/.m2/repository/org/apache/ratis/ratis-thirdparty-misc/0.2.0/ratis-thirdparty-misc-0.2.0.jar:/home/user/.m2/repository/org/apache/ratis/ratis-proto/0.4.0-2337318-SNAPSHOT/ratis-proto-0.4.0-2337318-SNAPSHOT.jar:/home/user/.m2/repository/org/apache/ratis/ratis-common/0.4.0-2337318-SNAPSHOT/ratis-common-0.4.0-2337318-SNAPSHOT.jar:/home/user/.m2/repository/org/apache/ratis/ratis-client/0.4.0-2337318-SNAPSHOT/ratis-client-0.4.0-2337318-SNAPSHOT.jar:/home/user/.m2/repository/org/apache/ratis/ratis-metrics/0.4.0-2337318-SNAPSHOT/ratis-metrics-0.4.0-2337318-SNAPSHOT.jar:/home/user/.m2/repository/org/apache/ratis/ratis-netty/0.4.0-2337318-SNAPSHOT/ratis-netty-0.4.0-2337318-SNAPSHOT.jar:/home/user/.m2/repository/org/apache/ratis/ratis-grpc/0.4.0-2337318-SNAPSHOT/ratis-grpc-0.4.0-2337318-SNAPSHOT.jar:/home/user/.m2/repository/org/rocksdb/rocksdbjni/6.0.1/rocksdbjni-6.0.1.jar:/home/user/.m2/repository/org/apache/logging/log4j/log4j-api/2.11.0/log4j-api-2.11.0.jar:/home/user/.m2/repository/org/apache/logging/log4j/log4j-core/2.11.0/log4j-core-2.11.0.jar:/home/user/.m2/repository/com/lmax/disruptor/3.4.2/disruptor-3.4.2.jar:/home/user/.m2/repository/org/apache/commons/commons-pool2/2.6.0/commons-pool2-2.6.0.jar:/home/user/.m2/repository/org/bouncycastle/bcpkix-jdk15on/1.60/bcpkix-jdk15on-1.60.jar:/home/user/.m2/repository/commons-validator/commons-validator/1.6/commons-validator-1.6.jar:/home/user/.m2/repository/commons-digester/commons-digester/1.8.1/commons-digester-1.8.1.jar:/home/user/.m2/repository/io/jaegertracing/jaeger-client/0.33.1/jaeger-client-0.33.1.jar:/home/user/.m2/repository/io/jaegertracing/jaeger-thrift/0.33.1/jaeger-thrift-0.33.1.jar:/home/user/.m2/repository/org/apache/thrift/libthrift/0.11.0/libthrift-0.11.0.jar:/home/user/.m2/repository/com/squareup/okhttp3/okhttp/3.9.0/okhttp-3.9.0.jar:/home/user/.m2/repository/com/squareup/okio/okio/1.13.0/okio-1.13.0.jar:/home/user/.m2/repository/io/jaegertracing/jaeger-core/0.33.1/jaeger-core-0.33.1.jar:/home/user/.m2/repository/io/jaegertracing/jaeger-tracerresolver/0.33.1/jaeger-tracerresolver-0.33.1.jar:/home/user/.m2/repository/io/opentracing/contrib/opentracing-tracerresolver/0.1.5/opentracing-tracerresolver-0.1.5.jar:/home/user/.m2/repository/io/opentracing/opentracing-util/0.31.0/opentracing-util-0.31.0.jar:/home/user/.m2/repository/io/opentracing/opentracing-api/0.31.0/opentracing-api-0.31.0.jar:/home/user/.m2/repository/io/opentracing/opentracing-noop/0.31.0/opentracing-noop-0.31.0.jar:/home/user/.m2/repository/org/yaml/snakeyaml/1.16/snakeyaml-1.16.jar:/home/user/.m2/repository/org/apache/hadoop/hadoop-hdfs-client/3.2.0/hadoop-hdfs-client-3.2.0.jar:/home/user/.m2/repository/info/picocli/picocli/3.9.6/picocli-3.9.6.jar:/home/user/.m2/repository/org/apache/hadoop/hadoop-hdds-server-scm/0.5.0-SNAPSHOT/hadoop-hdds-server-scm-0.5.0-SNAPSHOT.jar:/home/user/.m2/repository/org/apache/hadoop/hadoop-hdds-docs/0.5.0-SNAPSHOT/hadoop-hdds-docs-0.5.0-SNAPSHOT.jar:/home/user/.m2/repository/io/dropwizard/metrics/metrics-core/3.2.4/metrics-core-3.2.4.jar:/home/user/.m2/repository/org/hamcrest/hamcrest-all/1.3/hamcrest-all-1.3.jar:/home/user/.m2/repository/org/bouncycastle/bcprov-jdk15on/1.60/bcprov-jdk15on-1.60.jar:/home/user/.m2/repository/org/apache/hadoop/hadoop-hdds-server-framework/0.5.0-SNAPSHOT/hadoop-hdds-server-framework-0.5.0-SNAPSHOT.jar:/home/user/.m2/repository/org/apache/hadoop/hadoop-ozone-ozone-manager/0.5.0-SNAPSHOT/hadoop-ozone-ozone-manager-0.5.0-SNAPSHOT.jar:/home/user/.m2/repository/org/apache/hadoop/hadoop-hdds-container-service/0.5.0-SNAPSHOT/hadoop-hdds-container-service-0.5.0-SNAPSHOT.jar:/home/user/.m2/repository/org/apache/hadoop/hadoop-hdds-client/0.5.0-SNAPSHOT/hadoop-hdds-client-0.5.0-SNAPSHOT.jar:/home/user/.m2/repository/org/apache/hadoop/hadoop-ozone-common/0.5.0-SNAPSHOT/hadoop-ozone-common-0.5.0-SNAPSHOT.jar:/home/user/.m2/repository/org/apache/hadoop/hadoop-hdds-tools/0.5.0-SNAPSHOT/hadoop-hdds-tools-0.5.0-SNAPSHOT.jar:/home/user/.m2/repository/org/xerial/sqlite-jdbc/3.25.2/sqlite-jdbc-3.25.2.jar:/home/user/.m2/repository/org/apache/hadoop/hadoop-ozone-objectstore-service/0.5.0-SNAPSHOT/hadoop-ozone-objectstore-service-0.5.0-SNAPSHOT.jar:/home/user/.m2/repository/com/google/code/findbugs/findbugs/3.0.1/findbugs-3.0.1.jar:/home/user/.m2/repository/net/jcip/jcip-annotations/1.0/jcip-annotations-1.0.jar:/home/user/.m2/repository/com/google/code/findbugs/bcel-findbugs/6.0/bcel-findbugs-6.0.jar:/home/user/.m2/repository/com/google/code/findbugs/jFormatString/2.0.1/jFormatString-2.0.1.jar:/home/user/.m2/repository/dom4j/dom4j/1.6.1/dom4j-1.6.1.jar:/home/user/.m2/repository/xml-apis/xml-apis/1.0.b2/xml-apis-1.0.b2.jar:/home/user/.m2/repository/org/ow2/asm/asm-debug-all/5.0.2/asm-debug-all-5.0.2.jar:/home/user/.m2/repository/org/ow2/asm/asm-commons/5.0.2/asm-commons-5.0.2.jar:/home/user/.m2/repository/org/ow2/asm/asm-tree/5.0.2/asm-tree-5.0.2.jar:/home/user/.m2/repository/org/ow2/asm/asm/5.0.4/asm-5.0.4.jar:/home/user/.m2/repository/commons-lang/commons-lang/2.6/commons-lang-2.6.jar:/home/user/.m2/repository/com/apple/AppleJavaExtensions/1.4/AppleJavaExtensions-1.4.jar:/home/user/.m2/repository/jaxen/jaxen/1.1.6/jaxen-1.1.6.jar:/home/user/.m2/repository/org/apache/hadoop/hadoop-common/3.2.0/hadoop-common-3.2.0-tests.jar:/home/user/.m2/repository/org/apache/hadoop/hadoop-ozone-client/0.5.0-SNAPSHOT/hadoop-ozone-client-0.5.0-SNAPSHOT.jar:/home/user/.m2/repository/org/apache/hadoop/hadoop-hdfs/3.2.0/hadoop-hdfs-3.2.0-tests.jar:/workdir/hadoop-ozone/integration-test/target/test-classes:/home/user/.m2/repository/org/apache/hadoop/hadoop-ozone-s3gateway/0.5.0-SNAPSHOT/hadoop-ozone-s3gateway-0.5.0-SNAPSHOT.jar:/home/user/.m2/repository/org/jboss/weld/servlet/weld-servlet/2.4.7.Final/weld-servlet-2.4.7.Final.jar:/home/user/.m2/repository/org/glassfish/jersey/containers/jersey-container-servlet-core/2.27/jersey-container-servlet-core-2.27.jar:/home/user/.m2/repository/org/glassfish/hk2/external/javax.inject/2.5.0-b42/javax.inject-2.5.0-b42.jar:/home/user/.m2/repository/org/glassfish/jersey/core/jersey-common/2.27/jersey-common-2.27.jar:/home/user/.m2/repository/org/glassfish/hk2/osgi-resource-locator/1.0.1/osgi-resource-locator-1.0.1.jar:/home/user/.m2/repository/javax/ws/rs/javax.ws.rs-api/2.1/javax.ws.rs-api-2.1.jar:/home/user/.m2/repository/org/glassfish/jersey/ext/cdi/jersey-cdi1x/2.27/jersey-cdi1x-2.27.jar:/home/user/.m2/repository/org/glassfish/jersey/inject/jersey-hk2/2.27/jersey-hk2-2.27.jar:/home/user/.m2/repository/org/glassfish/hk2/hk2-locator/2.5.0-b42/hk2-locator-2.5.0-b42.jar:/home/user/.m2/repository/org/javassist/javassist/3.22.0-CR2/javassist-3.22.0-CR2.jar:/home/user/.m2/repository/org/glassfish/hk2/hk2-api/2.5.0/hk2-api-2.5.0.jar:/home/user/.m2/repository/org/glassfish/hk2/external/jakarta.inject/2.5.0/jakarta.inject-2.5.0.jar:/home/user/.m2/repository/org/glassfish/hk2/hk2-utils/2.5.0/hk2-utils-2.5.0.jar:/home/user/.m2/repository/jakarta/annotation/jakarta.annotation-api/1.3.4/jakarta.annotation-api-1.3.4.jar:/home/user/.m2/repository/org/glassfish/hk2/external/aopalliance-repackaged/2.5.0/aopalliance-repackaged-2.5.0.jar:/home/user/.m2/repository/com/fasterxml/jackson/dataformat/jackson-dataformat-xml/2.9.0/jackson-dataformat-xml-2.9.0.jar:/home/user/.m2/repository/com/fasterxml/jackson/module/jackson-module-jaxb-annotations/2.9.5/jackson-module-jaxb-annotations-2.9.5.jar:/home/user/.m2/repository/javax/enterprise/cdi-api/1.2/cdi-api-1.2.jar:/home/user/.m2/repository/javax/el/javax.el-api/3.0.0/javax.el-api-3.0.0.jar:/home/user/.m2/repository/javax/interceptor/javax.interceptor-api/1.2/javax.interceptor-api-1.2.jar:/home/user/.m2/repository/javax/inject/javax.inject/1/javax.inject-1.jar:/home/user/.m2/repository/com/sun/xml/bind/jaxb-core/2.3.0.1/jaxb-core-2.3.0.1.jar:/home/user/.m2/repository/javax/xml/bind/jaxb-api/2.3.0/jaxb-api-2.3.0.jar:/home/user/.m2/repository/javax/activation/activation/1.1.1/activation-1.1.1.jar:/home/user/.m2/repository/org/apache/hadoop/hadoop-ozone-csi/0.5.0-SNAPSHOT/hadoop-ozone-csi-0.5.0-SNAPSHOT.jar:/home/user/.m2/repository/com/google/protobuf/protobuf-java-util/3.5.1/protobuf-java-util-3.5.1.jar:/home/user/.m2/repository/io/grpc/grpc-netty/1.17.1/grpc-netty-1.17.1.jar:/home/user/.m2/repository/io/grpc/grpc-core/1.17.1/grpc-core-1.17.1.jar:/home/user/.m2/repository/io/grpc/grpc-context/1.17.1/grpc-context-1.17.1.jar:/home/user/.m2/repository/com/google/errorprone/error_prone_annotations/2.2.0/error_prone_annotations-2.2.0.jar:/home/user/.m2/repository/org/codehaus/mojo/animal-sniffer-annotations/1.17/animal-sniffer-annotations-1.17.jar:/home/user/.m2/repository/io/opencensus/opencensus-api/0.17.0/opencensus-api-0.17.0.jar:/home/user/.m2/repository/io/opencensus/opencensus-contrib-grpc-metrics/0.17.0/opencensus-contrib-grpc-metrics-0.17.0.jar:/home/user/.m2/repository/io/netty/netty-codec-http2/4.1.30.Final/netty-codec-http2-4.1.30.Final.jar:/home/user/.m2/repository/io/netty/netty-codec-http/4.1.30.Final/netty-codec-http-4.1.30.Final.jar:/home/user/.m2/repository/io/netty/netty-codec/4.1.30.Final/netty-codec-4.1.30.Final.jar:/home/user/.m2/repository/io/netty/netty-handler/4.1.30.Final/netty-handler-4.1.30.Final.jar:/home/user/.m2/repository/io/netty/netty-handler-proxy/4.1.30.Final/netty-handler-proxy-4.1.30.Final.jar:/home/user/.m2/repository/io/netty/netty-codec-socks/4.1.30.Final/netty-codec-socks-4.1.30.Final.jar:/home/user/.m2/repository/io/netty/netty-transport-native-epoll/4.1.30.Final/netty-transport-native-epoll-4.1.30.Final.jar:/home/user/.m2/repository/io/netty/netty-common/4.1.30.Final/netty-common-4.1.30.Final.jar:/home/user/.m2/repository/io/netty/netty-buffer/4.1.30.Final/netty-buffer-4.1.30.Final.jar:/home/user/.m2/repository/io/netty/netty-transport/4.1.30.Final/netty-transport-4.1.30.Final.jar:/home/user/.m2/repository/io/netty/netty-resolver/4.1.30.Final/netty-resolver-4.1.30.Final.jar:/home/user/.m2/repository/io/netty/netty-transport-native-unix-common/4.1.30.Final/netty-transport-native-unix-common-4.1.30.Final.jar:/home/user/.m2/repository/io/grpc/grpc-protobuf/1.17.1/grpc-protobuf-1.17.1.jar:/home/user/.m2/repository/com/google/api/grpc/proto-google-common-protos/1.0.0/proto-google-common-protos-1.0.0.jar:/home/user/.m2/repository/io/grpc/grpc-protobuf-lite/1.17.1/grpc-protobuf-lite-1.17.1.jar:/home/user/.m2/repository/io/grpc/grpc-stub/1.17.1/grpc-stub-1.17.1.jar:/home/user/.m2/repository/org/apache/hadoop/hadoop-ozone-recon/0.5.0-SNAPSHOT/hadoop-ozone-recon-0.5.0-SNAPSHOT.jar:/home/user/.m2/repository/org/apache/hadoop/hadoop-ozone-reconcodegen/0.5.0-SNAPSHOT/hadoop-ozone-reconcodegen-0.5.0-SNAPSHOT.jar:/home/user/.m2/repository/com/google/inject/extensions/guice-multibindings/4.0/guice-multibindings-4.0.jar:/home/user/.m2/repository/com/google/inject/guice/4.0/guice-4.0.jar:/home/user/.m2/repository/aopalliance/aopalliance/1.0/aopalliance-1.0.jar:/home/user/.m2/repository/org/glassfish/jersey/containers/jersey-container-servlet/2.27/jersey-container-servlet-2.27.jar:/home/user/.m2/repository/org/glassfish/hk2/guice-bridge/2.5.0/guice-bridge-2.5.0.jar:/home/user/.m2/repository/org/glassfish/jersey/core/jersey-server/2.27/jersey-server-2.27.jar:/home/user/.m2/repository/org/glassfish/jersey/core/jersey-client/2.27/jersey-client-2.27.jar:/home/user/.m2/repository/org/glassfish/jersey/media/jersey-media-jaxb/2.27/jersey-media-jaxb-2.27.jar:/home/user/.m2/repository/javax/validation/validation-api/1.1.0.Final/validation-api-1.1.0.Final.jar:/home/user/.m2/repository/org/glassfish/jersey/media/jersey-media-json-jackson/2.27/jersey-media-json-jackson-2.27.jar:/home/user/.m2/repository/org/glassfish/jersey/ext/jersey-entity-filtering/2.27/jersey-entity-filtering-2.27.jar:/home/user/.m2/repository/com/google/inject/extensions/guice-assistedinject/4.0/guice-assistedinject-4.0.jar:/home/user/.m2/repository/org/jooq/jooq/3.11.10/jooq-3.11.10.jar:/home/user/.m2/repository/org/jooq/jooq-meta/3.11.10/jooq-meta-3.11.10.jar:/home/user/.m2/repository/org/jooq/jooq-codegen/3.11.10/jooq-codegen-3.11.10.jar:/home/user/.m2/repository/com/jolbox/bonecp/0.8.0.RELEASE/bonecp-0.8.0.RELEASE.jar:/home/user/.m2/repository/org/springframework/spring-jdbc/5.1.3.RELEASE/spring-jdbc-5.1.3.RELEASE.jar:/home/user/.m2/repository/org/springframework/spring-beans/5.1.3.RELEASE/spring-beans-5.1.3.RELEASE.jar:/home/user/.m2/repository/org/springframework/spring-core/5.1.3.RELEASE/spring-core-5.1.3.RELEASE.jar:/home/user/.m2/repository/org/springframework/spring-jcl/5.1.3.RELEASE/spring-jcl-5.1.3.RELEASE.jar:/home/user/.m2/repository/org/springframework/spring-tx/5.1.3.RELEASE/spring-tx-5.1.3.RELEASE.jar:/home/user/.m2/repository/org/mockito/mockito-all/1.10.19/mockito-all-1.10.19.jar:/home/user/.m2/repository/junit/junit/4.11/junit-4.11.jar:/home/user/.m2/repository/org/hamcrest/hamcrest-core/1.3/hamcrest-core-1.3.jar:/home/user/.m2/repository/org/apache/hadoop/hadoop-distcp/3.2.0/hadoop-distcp-3.2.0.jar:/home/user/.m2/repository/org/apache/hadoop/hadoop-distcp/3.2.0/hadoop-distcp-3.2.0-tests.jar:/home/user/.m2/repository/org/apache/hadoop/hadoop-mapreduce-client-jobclient/3.2.0/hadoop-mapreduce-client-jobclient-3.2.0.jar:/home/user/.m2/repository/org/apache/hadoop/hadoop-mapreduce-client-common/3.2.0/hadoop-mapreduce-client-common-3.2.0.jar:/home/user/.m2/repository/org/apache/hadoop/hadoop-yarn-common/3.2.0/hadoop-yarn-common-3.2.0.jar:/home/user/.m2/repository/org/apache/hadoop/hadoop-yarn-api/3.2.0/hadoop-yarn-api-3.2.0.jar:/home/user/.m2/repository/com/sun/jersey/jersey-client/1.19/jersey-client-1.19.jar:/home/user/.m2/repository/com/sun/jersey/contribs/jersey-guice/1.19/jersey-guice-1.19.jar:/home/user/.m2/repository/com/fasterxml/jackson/jaxrs/jackson-jaxrs-json-provider/2.9.5/jackson-jaxrs-json-provider-2.9.5.jar:/home/user/.m2/repository/com/fasterxml/jackson/jaxrs/jackson-jaxrs-base/2.9.5/jackson-jaxrs-base-2.9.5.jar:/home/user/.m2/repository/org/apache/hadoop/hadoop-yarn-client/3.2.0/hadoop-yarn-client-3.2.0.jar:/home/user/.m2/repository/org/apache/hadoop/hadoop-mapreduce-client-core/3.2.0/hadoop-mapreduce-client-core-3.2.0.jar:/home/user/.m2/repository/com/google/inject/extensions/guice-servlet/4.0/guice-servlet-4.0.jar:/home/user/.m2/repository/org/powermock/powermock-module-junit4/1.6.5/powermock-module-junit4-1.6.5.jar:/home/user/.m2/repository/org/powermock/powermock-module-junit4-common/1.6.5/powermock-module-junit4-common-1.6.5.jar:/home/user/.m2/repository/org/powermock/powermock-core/1.6.5/powermock-core-1.6.5.jar:/home/user/.m2/repository/org/powermock/powermock-reflect/1.6.5/powermock-reflect-1.6.5.jar:/home/user/.m2/repository/org/powermock/powermock-api-mockito/1.6.5/powermock-api-mockito-1.6.5.jar:/home/user/.m2/repository/org/mockito/mockito-core/1.10.19/mockito-core-1.10.19.jar:/home/user/.m2/repository/org/objenesis/objenesis/1.0/objenesis-1.0.jar:/home/user/.m2/repository/org/powermock/powermock-api-mockito-common/1.6.5/powermock-api-mockito-common-1.6.5.jar:/home/user/.m2/repository/org/powermock/powermock-api-support/1.6.5/powermock-api-support-1.6.5.jar:"/>
    <property name="sun.cpu.endian" value="little"/>
    <property name="user.home" value="/home/user"/>
    <property name="user.language" value="en"/>
    <property name="java.specification.vendor" value="Oracle Corporation"/>
    <property name="java.home" value="/usr/lib/jvm/java-1.8-openjdk/jre"/>
    <property name="java.security.krb5.conf" value="/workdir/hadoop-ozone/ozonefs/target/test-classes/krb5.conf"/>
    <property name="basedir" value="/workdir/hadoop-ozone/ozonefs"/>
    <property name="file.separator" value="/"/>
    <property name="line.separator" value="&#10;"/>
    <property name="java.vm.specification.vendor" value="Oracle Corporation"/>
    <property name="java.specification.name" value="Java Platform API Specification"/>
    <property name="java.awt.graphicsenv" value="sun.awt.X11GraphicsEnvironment"/>
    <property name="surefire.real.class.path" value="/workdir/hadoop-ozone/ozonefs/target/surefire/surefirebooter5333966181851730302.jar"/>
    <property name="hadoop.log.dir" value="/workdir/hadoop-ozone/ozonefs/target/log"/>
    <property name="sun.boot.class.path" value="/usr/lib/jvm/java-1.8-openjdk/jre/lib/resources.jar:/usr/lib/jvm/java-1.8-openjdk/jre/lib/rt.jar:/usr/lib/jvm/java-1.8-openjdk/jre/lib/sunrsasign.jar:/usr/lib/jvm/java-1.8-openjdk/jre/lib/jsse.jar:/usr/lib/jvm/java-1.8-openjdk/jre/lib/jce.jar:/usr/lib/jvm/java-1.8-openjdk/jre/lib/charsets.jar:/usr/lib/jvm/java-1.8-openjdk/jre/lib/jfr.jar:/usr/lib/jvm/java-1.8-openjdk/jre/classes"/>
    <property name="sun.management.compiler" value="HotSpot 64-Bit Tiered Compilers"/>
    <property name="java.runtime.version" value="1.8.0_212-b04"/>
    <property name="java.net.preferIPv4Stack" value="true"/>
    <property name="user.name" value="jenkins1000"/>
    <property name="path.separator" value=":"/>
    <property name="java.security.egd" value="file:///dev/urandom"/>
    <property name="os.version" value="3.10.0-957.12.2.el7.x86_64"/>
    <property name="java.endorsed.dirs" value="/usr/lib/jvm/java-1.8-openjdk/jre/lib/endorsed"/>
    <property name="java.runtime.name" value="OpenJDK Runtime Environment"/>
    <property name="file.encoding" value="UTF-8"/>
    <property name="java.vm.name" value="OpenJDK 64-Bit Server VM"/>
    <property name="test.build.webapps" value=""/>
    <property name="localRepository" value="/home/user/.m2/repository"/>
    <property name="java.vendor.url.bug" value="https://icedtea.classpath.org/bugzilla"/>
    <property name="java.io.tmpdir" value="/tmp"/>
    <property name="require.test.libhadoop" value=""/>
    <property name="java.version" value="1.8.0_212"/>
    <property name="user.dir" value="/workdir/hadoop-ozone/ozonefs"/>
    <property name="os.arch" value="amd64"/>
    <property name="java.vm.specification.name" value="Java Virtual Machine Specification"/>
    <property name="test.build.classes" value="/workdir/hadoop-ozone/ozonefs/target/test-classes"/>
    <property name="java.awt.printerjob" value="sun.print.PSPrinterJob"/>
    <property name="sun.os.patch.level" value="unknown"/>
    <property name="hadoop.tmp.dir" value="/workdir/hadoop-ozone/ozonefs/target/tmp"/>
    <property name="java.library.path" value="/usr/lib/jvm/java-1.8-openjdk/jre/lib/amd64/server:/usr/lib/jvm/java-1.8-openjdk/jre/lib/amd64:/usr/lib/jvm/java-1.8-openjdk/jre/../lib/amd64:/workdir/hadoop-ozone/ozonefs/target/native/target/usr/local/lib:/workdir/hadoop-ozone/ozonefs/../../hadoop-common-project/hadoop-common/target/native/target/usr/local/lib:/usr/java/packages/lib/amd64:/usr/lib64:/lib64:/lib:/usr/lib"/>
    <property name="java.vm.info" value="mixed mode"/>
    <property name="java.vendor" value="IcedTea"/>
    <property name="java.vm.version" value="25.212-b04"/>
    <property name="java.ext.dirs" value="/usr/lib/jvm/java-1.8-openjdk/jre/lib/ext:/usr/java/packages/lib/ext"/>
    <property name="sun.io.unicode.encoding" value="UnicodeLittle"/>
    <property name="java.class.version" value="52.0"/>
  </properties>
  <testcase name="org.apache.hadoop.fs.ozone.TestOzoneFSInputStream" classname="org.apache.hadoop.fs.ozone.TestOzoneFSInputStream" time="48.902">
    <error message="Allocated 0 blocks. Requested 1 blocks" type="INTERNAL_ERROR org.apache.hadoop.ozone.om.exceptions.OMException">INTERNAL_ERROR org.apache.hadoop.ozone.om.exceptions.OMException: Allocated 0 blocks. Requested 1 blocks
	at org.apache.hadoop.ozone.om.protocolPB.OzoneManagerProtocolClientSideTranslatorPB.handleError(OzoneManagerProtocolClientSideTranslatorPB.java:725)
	at org.apache.hadoop.ozone.om.protocolPB.OzoneManagerProtocolClientSideTranslatorPB.createFile(OzoneManagerProtocolClientSideTranslatorPB.java:1474)
	at org.apache.hadoop.ozone.client.rpc.RpcClient.createFile(RpcClient.java:984)
	at org.apache.hadoop.ozone.client.OzoneBucket.createFile(OzoneBucket.java:535)
	at org.apache.hadoop.fs.ozone.BasicOzoneClientAdapterImpl.createFile(BasicOzoneClientAdapterImpl.java:181)
	at org.apache.hadoop.fs.ozone.BasicOzoneFileSystem.createOutputStream(BasicOzoneFileSystem.java:249)
	at org.apache.hadoop.fs.ozone.BasicOzoneFileSystem.create(BasicOzoneFileSystem.java:230)
	at org.apache.hadoop.fs.FileSystem.create(FileSystem.java:1118)
	at org.apache.hadoop.fs.FileSystem.create(FileSystem.java:1098)
	at org.apache.hadoop.fs.FileSystem.create(FileSystem.java:987)
	at org.apache.hadoop.fs.FileSystem.create(FileSystem.java:975)
	at org.apache.hadoop.fs.ozone.TestOzoneFSInputStream.init(TestOzoneFSInputStream.java:103)
	at sun.reflect.NativeMethodAccessorImpl.invoke0(Native Method)
	at sun.reflect.NativeMethodAccessorImpl.invoke(NativeMethodAccessorImpl.java:62)
	at sun.reflect.DelegatingMethodAccessorImpl.invoke(DelegatingMethodAccessorImpl.java:43)
	at java.lang.reflect.Method.invoke(Method.java:498)
	at org.junit.runners.model.FrameworkMethod$1.runReflectiveCall(FrameworkMethod.java:47)
	at org.junit.internal.runners.model.ReflectiveCallable.run(ReflectiveCallable.java:12)
	at org.junit.runners.model.FrameworkMethod.invokeExplosively(FrameworkMethod.java:44)
	at org.junit.internal.runners.statements.RunBefores.evaluate(RunBefores.java:24)
	at org.junit.internal.runners.statements.RunAfters.evaluate(RunAfters.java:27)
	at org.junit.runners.ParentRunner.run(ParentRunner.java:309)
	at org.apache.maven.surefire.junit4.JUnit4Provider.execute(JUnit4Provider.java:365)
	at org.apache.maven.surefire.junit4.JUnit4Provider.executeWithRerun(JUnit4Provider.java:273)
	at org.apache.maven.surefire.junit4.JUnit4Provider.executeTestSet(JUnit4Provider.java:238)
	at org.apache.maven.surefire.junit4.JUnit4Provider.invoke(JUnit4Provider.java:159)
	at org.apache.maven.surefire.booter.ForkedBooter.invokeProviderInSameClassLoader(ForkedBooter.java:384)
	at org.apache.maven.surefire.booter.ForkedBooter.runSuitesInProcess(ForkedBooter.java:345)
	at org.apache.maven.surefire.booter.ForkedBooter.execute(ForkedBooter.java:126)
	at org.apache.maven.surefire.booter.ForkedBooter.main(ForkedBooter.java:418)
</error>
    <system-out><![CDATA[2019-09-19 09:40:31,794 [main] WARN  server.ServerUtils (ServerUtils.java:getScmDbDir(145)) - ozone.scm.db.dirs is not configured. We recommend adding this setting. Falling back to ozone.metadata.dirs instead.
2019-09-19 09:40:31,913 [main] WARN  server.ServerUtils (ServerUtils.java:getScmDbDir(145)) - ozone.scm.db.dirs is not configured. We recommend adding this setting. Falling back to ozone.metadata.dirs instead.
2019-09-19 09:40:31,917 [main] WARN  server.ServerUtils (ServerUtils.java:getScmDbDir(145)) - ozone.scm.db.dirs is not configured. We recommend adding this setting. Falling back to ozone.metadata.dirs instead.
2019-09-19 09:40:31,934 [main] INFO  util.log (Log.java:initialized(192)) - Logging initialized @948ms
2019-09-19 09:40:32,038 [main] INFO  db.DBStoreBuilder (DBStoreBuilder.java:addTable(110)) - using custom profile for table: deletedBlocks
2019-09-19 09:40:32,038 [main] INFO  db.DBStoreBuilder (DBStoreBuilder.java:processTables(161)) - Using default column profile:DBProfile.DISK for Table:deletedBlocks
2019-09-19 09:40:32,039 [main] INFO  db.DBStoreBuilder (DBStoreBuilder.java:addTable(110)) - using custom profile for table: validCerts
2019-09-19 09:40:32,039 [main] INFO  db.DBStoreBuilder (DBStoreBuilder.java:processTables(161)) - Using default column profile:DBProfile.DISK for Table:validCerts
2019-09-19 09:40:32,039 [main] INFO  db.DBStoreBuilder (DBStoreBuilder.java:addTable(110)) - using custom profile for table: revokedCerts
2019-09-19 09:40:32,040 [main] INFO  db.DBStoreBuilder (DBStoreBuilder.java:processTables(161)) - Using default column profile:DBProfile.DISK for Table:revokedCerts
2019-09-19 09:40:32,052 [main] INFO  db.DBStoreBuilder (DBStoreBuilder.java:addTable(110)) - using custom profile for table: default
2019-09-19 09:40:32,052 [main] INFO  db.DBStoreBuilder (DBStoreBuilder.java:processTables(167)) - Using default column profile:DBProfile.DISK for Table:default
2019-09-19 09:40:32,053 [main] INFO  db.DBStoreBuilder (DBStoreBuilder.java:getDbProfile(198)) - Using default options. DBProfile.DISK
2019-09-19 09:40:32,253 [main] INFO  net.NodeSchemaLoader (NodeSchemaLoader.java:loadSchemaFromFile(125)) - Loading file from sun.misc.CompoundEnumeration@62150f9e
2019-09-19 09:40:32,255 [main] INFO  net.NodeSchemaLoader (NodeSchemaLoader.java:loadSchema(171)) - Loading network topology layer schema file
2019-09-19 09:40:32,329 [main] WARN  server.ServerUtils (ServerUtils.java:sanitizeUserArgs(70)) - ozone.scm.stale.node.interval value = 300000 is larger than max = 100000 based on the key value of ozone.scm.heartbeat.thread.interval, reset to the max value 100000.
2019-09-19 09:40:32,331 [main] WARN  server.ServerUtils (ServerUtils.java:sanitizeUserArgs(70)) - ozone.scm.stale.node.interval value = 300000 is larger than max = 100000 based on the key value of ozone.scm.heartbeat.thread.interval, reset to the max value 100000.
2019-09-19 09:40:32,333 [main] INFO  node.SCMNodeManager (SCMNodeManager.java:<init>(121)) - Entering startup safe mode.
2019-09-19 09:40:32,495 [main] INFO  algorithms.ContainerPlacementPolicyFactory (ContainerPlacementPolicyFactory.java:getPolicy(56)) - Create container placement policy of type org.apache.hadoop.hdds.scm.container.placement.algorithms.SCMContainerPlacementRandom
2019-09-19 09:40:32,513 [main] WARN  server.ServerUtils (ServerUtils.java:getScmDbDir(145)) - ozone.scm.db.dirs is not configured. We recommend adding this setting. Falling back to ozone.metadata.dirs instead.
2019-09-19 09:40:32,588 [main] INFO  pipeline.SCMPipelineManager (SCMPipelineManager.java:initializePipelineState(126)) - No pipeline exists in current db
2019-09-19 09:40:32,592 [main] WARN  server.ServerUtils (ServerUtils.java:getScmDbDir(145)) - ozone.scm.db.dirs is not configured. We recommend adding this setting. Falling back to ozone.metadata.dirs instead.
2019-09-19 09:40:32,698 [main] WARN  events.EventQueue (EventQueue.java:fireEvent(175)) - No event handler registered for event TypedEvent{payloadType=SafeModeStatus, name='SafeModeStatus'}
2019-09-19 09:40:33,577 [main] INFO  ipc.CallQueueManager (CallQueueManager.java:<init>(84)) - Using callQueue: class java.util.concurrent.LinkedBlockingQueue, queueCapacity: 2000, scheduler: class org.apache.hadoop.ipc.DefaultRpcScheduler, ipcBackoff: false.
2019-09-19 09:40:33,618 [Socket Reader #1 for port 45258] INFO  ipc.Server (Server.java:run(1074)) - Starting Socket Reader #1 for port 45258
2019-09-19 09:40:33,647 [main] INFO  ipc.CallQueueManager (CallQueueManager.java:<init>(84)) - Using callQueue: class java.util.concurrent.LinkedBlockingQueue, queueCapacity: 2000, scheduler: class org.apache.hadoop.ipc.DefaultRpcScheduler, ipcBackoff: false.
2019-09-19 09:40:33,648 [Socket Reader #1 for port 35505] INFO  ipc.Server (Server.java:run(1074)) - Starting Socket Reader #1 for port 35505
2019-09-19 09:40:33,657 [main] INFO  ipc.CallQueueManager (CallQueueManager.java:<init>(84)) - Using callQueue: class java.util.concurrent.LinkedBlockingQueue, queueCapacity: 2000, scheduler: class org.apache.hadoop.ipc.DefaultRpcScheduler, ipcBackoff: false.
2019-09-19 09:40:33,658 [Socket Reader #1 for port 37229] INFO  ipc.Server (Server.java:run(1074)) - Starting Socket Reader #1 for port 37229
2019-09-19 09:40:33,681 [main] INFO  hdfs.DFSUtil (DFSUtil.java:httpServerTemplateForNNAndJN(1641)) - Starting Web-server for scm at: http://0.0.0.0:0
2019-09-19 09:40:33,795 [main] INFO  server.AuthenticationFilter (AuthenticationFilter.java:constructSecretProvider(240)) - Unable to initialize FileSignerSecretProvider, falling back to use random secrets.
2019-09-19 09:40:33,811 [main] WARN  http.HttpRequestLog (HttpRequestLog.java:getRequestLog(97)) - Jetty request log can only be enabled using Log4j
2019-09-19 09:40:33,821 [main] INFO  http.HttpServer2 (HttpServer2.java:addGlobalFilter(975)) - Added global filter 'safety' (class=org.apache.hadoop.http.HttpServer2$QuotingInputFilter)
2019-09-19 09:40:33,823 [main] INFO  http.HttpServer2 (HttpServer2.java:addFilter(948)) - Added filter static_user_filter (class=org.apache.hadoop.http.lib.StaticUserWebFilter$StaticUserFilter) to context scm
2019-09-19 09:40:33,824 [main] INFO  http.HttpServer2 (HttpServer2.java:addFilter(958)) - Added filter static_user_filter (class=org.apache.hadoop.http.lib.StaticUserWebFilter$StaticUserFilter) to context logs
2019-09-19 09:40:33,824 [main] INFO  http.HttpServer2 (HttpServer2.java:addFilter(958)) - Added filter static_user_filter (class=org.apache.hadoop.http.lib.StaticUserWebFilter$StaticUserFilter) to context static
2019-09-19 09:40:33,849 [main] INFO  server.StorageContainerManager (StorageContainerManager.java:start(759)) - StorageContainerLocationProtocol RPC server is listening at /0.0.0.0:37229
2019-09-19 09:40:33,899 [main] WARN  impl.MetricsConfig (MetricsConfig.java:loadFirst(134)) - Cannot locate configuration: tried hadoop-metrics2-storagecontainermanager.properties,hadoop-metrics2.properties
2019-09-19 09:40:33,912 [main] INFO  impl.MetricsSystemImpl (MetricsSystemImpl.java:startTimer(374)) - Scheduled Metric snapshot period at 10 second(s).
2019-09-19 09:40:33,912 [main] INFO  impl.MetricsSystemImpl (MetricsSystemImpl.java:start(191)) - StorageContainerManager metrics system started
2019-09-19 09:40:34,151 [main] INFO  server.SCMClientProtocolServer (SCMClientProtocolServer.java:start(151)) - RPC server for Client  is listening at /0.0.0.0:37229
2019-09-19 09:40:34,151 [IPC Server Responder] INFO  ipc.Server (Server.java:run(1314)) - IPC Server Responder: starting
2019-09-19 09:40:34,151 [IPC Server listener on 37229] INFO  ipc.Server (Server.java:run(1153)) - IPC Server listener on 37229: starting
2019-09-19 09:40:34,154 [main] INFO  server.StorageContainerManager (StorageContainerManager.java:start(769)) - ScmBlockLocationProtocol RPC server is listening at /0.0.0.0:35505
2019-09-19 09:40:34,155 [main] INFO  server.SCMBlockProtocolServer (SCMBlockProtocolServer.java:start(140)) - RPC server for Block Protocol is listening at /0.0.0.0:35505
2019-09-19 09:40:34,155 [IPC Server Responder] INFO  ipc.Server (Server.java:run(1314)) - IPC Server Responder: starting
2019-09-19 09:40:34,155 [IPC Server listener on 35505] INFO  ipc.Server (Server.java:run(1153)) - IPC Server listener on 35505: starting
2019-09-19 09:40:34,157 [main] INFO  server.StorageContainerManager (StorageContainerManager.java:start(773)) - ScmDatanodeProtocl RPC server is listening at /0.0.0.0:45258
2019-09-19 09:40:34,158 [main] INFO  server.SCMDatanodeProtocolServer (SCMDatanodeProtocolServer.java:start(191)) - RPC server for DataNodes is listening at /0.0.0.0:45258
2019-09-19 09:40:34,158 [IPC Server Responder] INFO  ipc.Server (Server.java:run(1314)) - IPC Server Responder: starting
2019-09-19 09:40:34,158 [IPC Server listener on 45258] INFO  ipc.Server (Server.java:run(1153)) - IPC Server listener on 45258: starting
2019-09-19 09:40:34,162 [main] INFO  http.HttpServer2 (HttpServer2.java:bindListener(1191)) - Jetty bound to port 45775
2019-09-19 09:40:34,164 [main] INFO  server.Server (Server.java:doStart(351)) - jetty-9.3.24.v20180605, build timestamp: 2018-06-05T17:11:56Z, git hash: 84205aa28f11a4f31f2a3b86d1bba2cc8ab69827
2019-09-19 09:40:34,199 [main] INFO  handler.ContextHandler (ContextHandler.java:doStart(781)) - Started o.e.j.s.ServletContextHandler@6aecbb8d{/logs,file:///workdir/hadoop-ozone/ozonefs/target/log,AVAILABLE}
2019-09-19 09:40:34,200 [main] INFO  handler.ContextHandler (ContextHandler.java:doStart(781)) - Started o.e.j.s.ServletContextHandler@25b2cfcb{/static,jar:file:/home/user/.m2/repository/org/apache/hadoop/hadoop-hdds-server-scm/0.5.0-SNAPSHOT/hadoop-hdds-server-scm-0.5.0-SNAPSHOT.jar!/webapps/static,AVAILABLE}
2019-09-19 09:40:34,270 [main] INFO  handler.ContextHandler (ContextHandler.java:doStart(781)) - Started o.e.j.w.WebAppContext@433ffad1{/,file:///tmp/jetty-0.0.0.0-45775-scm-_-any-4696037517825492486.dir/webapp/,AVAILABLE}{/scm}
2019-09-19 09:40:34,275 [main] INFO  server.AbstractConnector (AbstractConnector.java:doStart(278)) - Started ServerConnector@46cf05f7{HTTP/1.1,[http/1.1]}{0.0.0.0:45775}
2019-09-19 09:40:34,275 [main] INFO  server.Server (Server.java:doStart(419)) - Started @3289ms
2019-09-19 09:40:34,277 [main] INFO  server.BaseHttpServer (BaseHttpServer.java:updateConnectorAddress(213)) - HTTP server of SCM is listening at http://0.0.0.0:45775
2019-09-19 09:40:34,284 [org.apache.hadoop.util.JvmPauseMonitor$Monitor@c074c0c] INFO  util.JvmPauseMonitor (JvmPauseMonitor.java:run(188)) - Starting JVM pause monitor
2019-09-19 09:40:34,291 [main] WARN  server.ServerUtils (ServerUtils.java:getDBPath(222)) - ozone.om.db.dirs is not configured. We recommend adding this setting. Falling back to ozone.metadata.dirs instead.
2019-09-19 09:40:34,415 [main] WARN  server.ServerUtils (ServerUtils.java:getDBPath(222)) - ozone.om.db.dirs is not configured. We recommend adding this setting. Falling back to ozone.metadata.dirs instead.
2019-09-19 09:40:34,416 [main] WARN  server.ServerUtils (ServerUtils.java:getDBPath(222)) - ozone.om.db.dirs is not configured. We recommend adding this setting. Falling back to ozone.metadata.dirs instead.
2019-09-19 09:40:34,417 [main] INFO  om.OzoneManager (OzoneManager.java:setOMNodeDetails(645)) - OM Service ID is not set. Setting it to the default ID: omServiceIdDefault
2019-09-19 09:40:34,417 [main] INFO  om.OzoneManager (OzoneManager.java:setOMNodeDetails(651)) - OM Node ID is not set. Setting it to the OmStorage's OmID: 7ec36a22-5289-48fa-a548-4ad91eff37e7
2019-09-19 09:40:34,419 [main] INFO  om.OzoneManager (OzoneManager.java:loadOMHAConfigs(602)) - Found matching OM address with OMServiceId: null, OMNodeId: null, RPC Address: localhost:0 and Ratis port: 9872
2019-09-19 09:40:34,676 | INFO  | SCMAudit | user=jenkins1000 | ip=192.168.34.5 | op=GET_SCM_INFO null | ret=SUCCESS |  
2019-09-19 09:40:35,135 [main] WARN  server.ServerUtils (ServerUtils.java:getDBPath(222)) - ozone.om.db.dirs is not configured. We recommend adding this setting. Falling back to ozone.metadata.dirs instead.
2019-09-19 09:40:35,146 [main] INFO  db.DBStoreBuilder (DBStoreBuilder.java:addTable(110)) - using custom profile for table: userTable
2019-09-19 09:40:35,146 [main] INFO  db.DBStoreBuilder (DBStoreBuilder.java:processTables(161)) - Using default column profile:DBProfile.DISK for Table:userTable
2019-09-19 09:40:35,147 [main] INFO  db.DBStoreBuilder (DBStoreBuilder.java:addTable(110)) - using custom profile for table: volumeTable
2019-09-19 09:40:35,147 [main] INFO  db.DBStoreBuilder (DBStoreBuilder.java:processTables(161)) - Using default column profile:DBProfile.DISK for Table:volumeTable
2019-09-19 09:40:35,147 [main] INFO  db.DBStoreBuilder (DBStoreBuilder.java:addTable(110)) - using custom profile for table: bucketTable
2019-09-19 09:40:35,147 [main] INFO  db.DBStoreBuilder (DBStoreBuilder.java:processTables(161)) - Using default column profile:DBProfile.DISK for Table:bucketTable
2019-09-19 09:40:35,147 [main] INFO  db.DBStoreBuilder (DBStoreBuilder.java:addTable(110)) - using custom profile for table: keyTable
2019-09-19 09:40:35,148 [main] INFO  db.DBStoreBuilder (DBStoreBuilder.java:processTables(161)) - Using default column profile:DBProfile.DISK for Table:keyTable
2019-09-19 09:40:35,148 [main] INFO  db.DBStoreBuilder (DBStoreBuilder.java:addTable(110)) - using custom profile for table: deletedTable
2019-09-19 09:40:35,148 [main] INFO  db.DBStoreBuilder (DBStoreBuilder.java:processTables(161)) - Using default column profile:DBProfile.DISK for Table:deletedTable
2019-09-19 09:40:35,148 [main] INFO  db.DBStoreBuilder (DBStoreBuilder.java:addTable(110)) - using custom profile for table: openKeyTable
2019-09-19 09:40:35,149 [main] INFO  db.DBStoreBuilder (DBStoreBuilder.java:processTables(161)) - Using default column profile:DBProfile.DISK for Table:openKeyTable
2019-09-19 09:40:35,149 [main] INFO  db.DBStoreBuilder (DBStoreBuilder.java:addTable(110)) - using custom profile for table: s3Table
2019-09-19 09:40:35,149 [main] INFO  db.DBStoreBuilder (DBStoreBuilder.java:processTables(161)) - Using default column profile:DBProfile.DISK for Table:s3Table
2019-09-19 09:40:35,149 [main] INFO  db.DBStoreBuilder (DBStoreBuilder.java:addTable(110)) - using custom profile for table: multipartInfoTable
2019-09-19 09:40:35,149 [main] INFO  db.DBStoreBuilder (DBStoreBuilder.java:processTables(161)) - Using default column profile:DBProfile.DISK for Table:multipartInfoTable
2019-09-19 09:40:35,150 [main] INFO  db.DBStoreBuilder (DBStoreBuilder.java:addTable(110)) - using custom profile for table: dTokenTable
2019-09-19 09:40:35,150 [main] INFO  db.DBStoreBuilder (DBStoreBuilder.java:processTables(161)) - Using default column profile:DBProfile.DISK for Table:dTokenTable
2019-09-19 09:40:35,150 [main] INFO  db.DBStoreBuilder (DBStoreBuilder.java:addTable(110)) - using custom profile for table: s3SecretTable
2019-09-19 09:40:35,150 [main] INFO  db.DBStoreBuilder (DBStoreBuilder.java:processTables(161)) - Using default column profile:DBProfile.DISK for Table:s3SecretTable
2019-09-19 09:40:35,150 [main] INFO  db.DBStoreBuilder (DBStoreBuilder.java:addTable(110)) - using custom profile for table: prefixTable
2019-09-19 09:40:35,151 [main] INFO  db.DBStoreBuilder (DBStoreBuilder.java:processTables(161)) - Using default column profile:DBProfile.DISK for Table:prefixTable
2019-09-19 09:40:35,151 [main] INFO  db.DBStoreBuilder (DBStoreBuilder.java:addTable(110)) - using custom profile for table: default
2019-09-19 09:40:35,151 [main] INFO  db.DBStoreBuilder (DBStoreBuilder.java:processTables(167)) - Using default column profile:DBProfile.DISK for Table:default
2019-09-19 09:40:35,151 [main] INFO  db.DBStoreBuilder (DBStoreBuilder.java:getDbProfile(198)) - Using default options. DBProfile.DISK
2019-09-19 09:40:35,988 [main] INFO  ipc.CallQueueManager (CallQueueManager.java:<init>(84)) - Using callQueue: class java.util.concurrent.LinkedBlockingQueue, queueCapacity: 2000, scheduler: class org.apache.hadoop.ipc.DefaultRpcScheduler, ipcBackoff: false.
2019-09-19 09:40:35,990 [Socket Reader #1 for port 43122] INFO  ipc.Server (Server.java:run(1074)) - Starting Socket Reader #1 for port 43122
2019-09-19 09:40:36,037 [main] INFO  om.OzoneManager (OzoneManager.java:start(1256)) - OzoneManager RPC server is listening at localhost/127.0.0.1:43122
2019-09-19 09:40:36,038 [main] INFO  impl.MetricsSystemImpl (MetricsSystemImpl.java:init(158)) - OzoneManager metrics system started (again)
2019-09-19 09:40:36,040 [IPC Server listener on 43122] INFO  ipc.Server (Server.java:run(1153)) - IPC Server listener on 43122: starting
2019-09-19 09:40:36,040 [IPC Server Responder] INFO  ipc.Server (Server.java:run(1314)) - IPC Server Responder: starting
2019-09-19 09:40:36,048 [main] INFO  hdfs.DFSUtil (DFSUtil.java:httpServerTemplateForNNAndJN(1641)) - Starting Web-server for ozoneManager at: http://0.0.0.0:0
2019-09-19 09:40:36,052 [main] INFO  server.AuthenticationFilter (AuthenticationFilter.java:constructSecretProvider(240)) - Unable to initialize FileSignerSecretProvider, falling back to use random secrets.
2019-09-19 09:40:36,053 [main] WARN  http.HttpRequestLog (HttpRequestLog.java:getRequestLog(97)) - Jetty request log can only be enabled using Log4j
2019-09-19 09:40:36,058 [main] INFO  http.HttpServer2 (HttpServer2.java:addGlobalFilter(975)) - Added global filter 'safety' (class=org.apache.hadoop.http.HttpServer2$QuotingInputFilter)
2019-09-19 09:40:36,060 [main] INFO  http.HttpServer2 (HttpServer2.java:addFilter(948)) - Added filter static_user_filter (class=org.apache.hadoop.http.lib.StaticUserWebFilter$StaticUserFilter) to context ozoneManager
2019-09-19 09:40:36,061 [main] INFO  http.HttpServer2 (HttpServer2.java:addFilter(958)) - Added filter static_user_filter (class=org.apache.hadoop.http.lib.StaticUserWebFilter$StaticUserFilter) to context logs
2019-09-19 09:40:36,061 [main] INFO  http.HttpServer2 (HttpServer2.java:addFilter(958)) - Added filter static_user_filter (class=org.apache.hadoop.http.lib.StaticUserWebFilter$StaticUserFilter) to context static
2019-09-19 09:40:36,065 [main] INFO  http.HttpServer2 (HttpServer2.java:bindListener(1191)) - Jetty bound to port 46451
2019-09-19 09:40:36,065 [main] INFO  server.Server (Server.java:doStart(351)) - jetty-9.3.24.v20180605, build timestamp: 2018-06-05T17:11:56Z, git hash: 84205aa28f11a4f31f2a3b86d1bba2cc8ab69827
2019-09-19 09:40:36,068 [main] INFO  handler.ContextHandler (ContextHandler.java:doStart(781)) - Started o.e.j.s.ServletContextHandler@109d724c{/logs,file:///workdir/hadoop-ozone/ozonefs/target/log,AVAILABLE}
2019-09-19 09:40:36,069 [main] INFO  handler.ContextHandler (ContextHandler.java:doStart(781)) - Started o.e.j.s.ServletContextHandler@e4d2696{/static,jar:file:/home/user/.m2/repository/org/apache/hadoop/hadoop-ozone-ozone-manager/0.5.0-SNAPSHOT/hadoop-ozone-ozone-manager-0.5.0-SNAPSHOT.jar!/webapps/static,AVAILABLE}
2019-09-19 09:40:36,137 [main] INFO  handler.ContextHandler (ContextHandler.java:doStart(781)) - Started o.e.j.w.WebAppContext@2098d37d{/,file:///tmp/jetty-0.0.0.0-46451-ozoneManager-_-any-4778453034718702716.dir/webapp/,AVAILABLE}{/ozoneManager}
2019-09-19 09:40:36,138 [main] INFO  server.AbstractConnector (AbstractConnector.java:doStart(278)) - Started ServerConnector@77b9d0c7{HTTP/1.1,[http/1.1]}{0.0.0.0:46451}
2019-09-19 09:40:36,139 [main] INFO  server.Server (Server.java:doStart(419)) - Started @5152ms
2019-09-19 09:40:36,140 [main] INFO  server.BaseHttpServer (BaseHttpServer.java:updateConnectorAddress(213)) - HTTP server of OZONEMANAGER is listening at http://0.0.0.0:46451
2019-09-19 09:40:36,312 [main] INFO  impl.MetricsSystemImpl (MetricsSystemImpl.java:init(158)) - HddsDatanode metrics system started (again)
2019-09-19 09:40:36,394 [main] INFO  ozone.HddsDatanodeService (HddsDatanodeService.java:start(184)) - HddsDatanodeService host:pr-hdds-1569-j4bt4-3030777008 ip:192.168.34.5
2019-09-19 09:40:36,428 [main] INFO  volume.HddsVolume (HddsVolume.java:<init>(176)) - Creating Volume: /workdir/hadoop-ozone/ozonefs/target/test-dir/MiniOzoneClusterImpl-21ed0f53-0413-44c7-8609-f438100532e5/datanode-0/data/containers/hdds of  storage type : DISK and capacity : 1482555576320
2019-09-19 09:40:36,430 [main] INFO  volume.VolumeSet (VolumeSet.java:initializeVolumeSet(170)) - Added Volume : /workdir/hadoop-ozone/ozonefs/target/test-dir/MiniOzoneClusterImpl-21ed0f53-0413-44c7-8609-f438100532e5/datanode-0/data/containers/hdds to VolumeSet
2019-09-19 09:40:36,433 [main] INFO  volume.ThrottledAsyncChecker (ThrottledAsyncChecker.java:schedule(140)) - Scheduling a check for org.apache.hadoop.ozone.container.common.volume.HddsVolume@243f003c
2019-09-19 09:40:36,451 [main] INFO  volume.HddsVolumeChecker (HddsVolumeChecker.java:checkAllVolumes(203)) - Scheduled health check for volume org.apache.hadoop.ozone.container.common.volume.HddsVolume@243f003c
2019-09-19 09:40:36,580 [main] INFO  impl.RaftServerProxy (ConfUtils.java:logGet(43)) - raft.rpc.type = GRPC (default)
2019-09-19 09:40:36,661 [main] INFO  grpc.GrpcFactory (GrpcFactory.java:checkPooledByteBufAllocatorUseCacheForAllThreads(45)) - PERFORMANCE WARNING: useCacheForAllThreads is true that may cause Netty to create a lot garbage objects and, as a result, trigger GC.
	It is recommended to disable useCacheForAllThreads by setting -Dorg.apache.ratis.thirdparty.io.netty.allocator.useCacheForAllThreads=false in command line.
2019-09-19 09:40:36,666 [main] INFO  grpc.GrpcConfigKeys$Server (ConfUtils.java:logGet(43)) - raft.grpc.server.port = 0 (default)
2019-09-19 09:40:36,667 [main] INFO  server.GrpcService (ConfUtils.java:logGet(43)) - raft.grpc.message.size.max = 33570816 (custom)
2019-09-19 09:40:36,668 [main] INFO  server.RaftServerConfigKeys (ConfUtils.java:logGet(43)) - raft.server.log.appender.buffer.byte-limit = 33554432 (custom)
2019-09-19 09:40:36,669 [main] INFO  server.GrpcService (ConfUtils.java:logGet(43)) - raft.grpc.flow.control.window = 1MB (=1048576) (default)
2019-09-19 09:40:36,670 [main] INFO  server.RaftServerConfigKeys (ConfUtils.java:logGet(43)) - raft.server.rpc.request.timeout = 3000ms (default)
2019-09-19 09:40:36,902 [main] INFO  server.RaftServerConfigKeys (ConfUtils.java:logGet(43)) - raft.server.storage.dir = [/workdir/hadoop-ozone/ozonefs/target/test-dir/MiniOzoneClusterImpl-21ed0f53-0413-44c7-8609-f438100532e5/datanode-0/data/ratis] (custom)
2019-09-19 09:40:36,966 [main] INFO  replication.SimpleContainerDownloader (SimpleContainerDownloader.java:<init>(72)) - Starting container downloader service to copy containers to replicate.
2019-09-19 09:40:36,987 [main] INFO  hdfs.DFSUtil (DFSUtil.java:httpServerTemplateForNNAndJN(1641)) - Starting Web-server for hddsDatanode at: http://0.0.0.0:0
2019-09-19 09:40:36,990 [main] INFO  server.AuthenticationFilter (AuthenticationFilter.java:constructSecretProvider(240)) - Unable to initialize FileSignerSecretProvider, falling back to use random secrets.
2019-09-19 09:40:36,991 [main] WARN  http.HttpRequestLog (HttpRequestLog.java:getRequestLog(97)) - Jetty request log can only be enabled using Log4j
2019-09-19 09:40:36,996 [main] INFO  http.HttpServer2 (HttpServer2.java:addGlobalFilter(975)) - Added global filter 'safety' (class=org.apache.hadoop.http.HttpServer2$QuotingInputFilter)
2019-09-19 09:40:36,998 [main] INFO  http.HttpServer2 (HttpServer2.java:addFilter(948)) - Added filter static_user_filter (class=org.apache.hadoop.http.lib.StaticUserWebFilter$StaticUserFilter) to context hddsDatanode
2019-09-19 09:40:36,998 [main] INFO  http.HttpServer2 (HttpServer2.java:addFilter(958)) - Added filter static_user_filter (class=org.apache.hadoop.http.lib.StaticUserWebFilter$StaticUserFilter) to context static
2019-09-19 09:40:36,998 [main] INFO  http.HttpServer2 (HttpServer2.java:addFilter(958)) - Added filter static_user_filter (class=org.apache.hadoop.http.lib.StaticUserWebFilter$StaticUserFilter) to context logs
2019-09-19 09:40:37,000 [main] INFO  http.HttpServer2 (HttpServer2.java:bindListener(1191)) - Jetty bound to port 34981
2019-09-19 09:40:37,000 [main] INFO  server.Server (Server.java:doStart(351)) - jetty-9.3.24.v20180605, build timestamp: 2018-06-05T17:11:56Z, git hash: 84205aa28f11a4f31f2a3b86d1bba2cc8ab69827
2019-09-19 09:40:37,003 [main] INFO  handler.ContextHandler (ContextHandler.java:doStart(781)) - Started o.e.j.s.ServletContextHandler@5c5d6175{/logs,file:///workdir/hadoop-ozone/ozonefs/target/log,AVAILABLE}
2019-09-19 09:40:37,004 [main] INFO  handler.ContextHandler (ContextHandler.java:doStart(781)) - Started o.e.j.s.ServletContextHandler@3b27b497{/static,jar:file:/home/user/.m2/repository/org/apache/hadoop/hadoop-hdds-container-service/0.5.0-SNAPSHOT/hadoop-hdds-container-service-0.5.0-SNAPSHOT.jar!/webapps/static,AVAILABLE}
2019-09-19 09:40:37,047 [main] INFO  handler.ContextHandler (ContextHandler.java:doStart(781)) - Started o.e.j.w.WebAppContext@19a64eae{/,file:///tmp/jetty-0.0.0.0-34981-hddsDatanode-_-any-3631804493147052155.dir/webapp/,AVAILABLE}{/hddsDatanode}
2019-09-19 09:40:37,049 [main] INFO  server.AbstractConnector (AbstractConnector.java:doStart(278)) - Started ServerConnector@29a98d9f{HTTP/1.1,[http/1.1]}{0.0.0.0:34981}
2019-09-19 09:40:37,049 [main] INFO  server.Server (Server.java:doStart(419)) - Started @6063ms
2019-09-19 09:40:37,052 [main] INFO  server.BaseHttpServer (BaseHttpServer.java:updateConnectorAddress(213)) - HTTP server of HDDSDATANODE is listening at http://0.0.0.0:34981
2019-09-19 09:40:38,125 | INFO  | ObjectStoreRestHttpServer | Listening HDDS REST traffic on /0.0.0.0:41240 |  
2019-09-19 09:40:38,127 [main] INFO  ozone.HddsDatanodeService (HddsDatanodeService.java:startPlugins(395)) - Started plug-in org.apache.hadoop.ozone.web.OzoneHddsDatanodeService@1c297897
2019-09-19 09:40:38,129 [main] INFO  impl.MetricsSystemImpl (MetricsSystemImpl.java:init(158)) - HddsDatanode metrics system started (again)
2019-09-19 09:40:38,134 [main] INFO  ozone.HddsDatanodeService (HddsDatanodeService.java:start(184)) - HddsDatanodeService host:pr-hdds-1569-j4bt4-3030777008 ip:192.168.34.5
2019-09-19 09:40:38,135 [org.apache.hadoop.util.JvmPauseMonitor$Monitor@12ae7d5b] INFO  util.JvmPauseMonitor (JvmPauseMonitor.java:run(188)) - Starting JVM pause monitor
2019-09-19 09:40:38,146 [main] INFO  volume.HddsVolume (HddsVolume.java:<init>(176)) - Creating Volume: /workdir/hadoop-ozone/ozonefs/target/test-dir/MiniOzoneClusterImpl-21ed0f53-0413-44c7-8609-f438100532e5/datanode-1/data/containers/hdds of  storage type : DISK and capacity : 1482555576320
2019-09-19 09:40:38,147 [main] INFO  volume.VolumeSet (VolumeSet.java:initializeVolumeSet(170)) - Added Volume : /workdir/hadoop-ozone/ozonefs/target/test-dir/MiniOzoneClusterImpl-21ed0f53-0413-44c7-8609-f438100532e5/datanode-1/data/containers/hdds to VolumeSet
2019-09-19 09:40:38,147 [main] INFO  volume.ThrottledAsyncChecker (ThrottledAsyncChecker.java:schedule(140)) - Scheduling a check for org.apache.hadoop.ozone.container.common.volume.HddsVolume@6c3f1658
2019-09-19 09:40:38,149 [main] INFO  volume.HddsVolumeChecker (HddsVolumeChecker.java:checkAllVolumes(203)) - Scheduled health check for volume org.apache.hadoop.ozone.container.common.volume.HddsVolume@6c3f1658
2019-09-19 09:40:38,188 [main] INFO  impl.RaftServerProxy (ConfUtils.java:logGet(43)) - raft.rpc.type = GRPC (default)
2019-09-19 09:40:38,189 [main] INFO  grpc.GrpcFactory (GrpcFactory.java:checkPooledByteBufAllocatorUseCacheForAllThreads(45)) - PERFORMANCE WARNING: useCacheForAllThreads is true that may cause Netty to create a lot garbage objects and, as a result, trigger GC.
	It is recommended to disable useCacheForAllThreads by setting -Dorg.apache.ratis.thirdparty.io.netty.allocator.useCacheForAllThreads=false in command line.
2019-09-19 09:40:38,189 [main] INFO  grpc.GrpcConfigKeys$Server (ConfUtils.java:logGet(43)) - raft.grpc.server.port = 0 (default)
2019-09-19 09:40:38,189 [main] INFO  server.GrpcService (ConfUtils.java:logGet(43)) - raft.grpc.message.size.max = 33570816 (custom)
2019-09-19 09:40:38,190 [main] INFO  server.RaftServerConfigKeys (ConfUtils.java:logGet(43)) - raft.server.log.appender.buffer.byte-limit = 33554432 (custom)
2019-09-19 09:40:38,190 [main] INFO  server.GrpcService (ConfUtils.java:logGet(43)) - raft.grpc.flow.control.window = 1MB (=1048576) (default)
2019-09-19 09:40:38,190 [main] INFO  server.RaftServerConfigKeys (ConfUtils.java:logGet(43)) - raft.server.rpc.request.timeout = 3000ms (default)
2019-09-19 09:40:38,191 [main] INFO  server.RaftServerConfigKeys (ConfUtils.java:logGet(43)) - raft.server.storage.dir = [/workdir/hadoop-ozone/ozonefs/target/test-dir/MiniOzoneClusterImpl-21ed0f53-0413-44c7-8609-f438100532e5/datanode-1/data/ratis] (custom)
2019-09-19 09:40:38,192 [main] INFO  replication.SimpleContainerDownloader (SimpleContainerDownloader.java:<init>(72)) - Starting container downloader service to copy containers to replicate.
2019-09-19 09:40:38,194 [main] INFO  hdfs.DFSUtil (DFSUtil.java:httpServerTemplateForNNAndJN(1641)) - Starting Web-server for hddsDatanode at: http://0.0.0.0:0
2019-09-19 09:40:38,196 [main] INFO  server.AuthenticationFilter (AuthenticationFilter.java:constructSecretProvider(240)) - Unable to initialize FileSignerSecretProvider, falling back to use random secrets.
2019-09-19 09:40:38,197 [main] WARN  http.HttpRequestLog (HttpRequestLog.java:getRequestLog(97)) - Jetty request log can only be enabled using Log4j
2019-09-19 09:40:38,200 [main] INFO  http.HttpServer2 (HttpServer2.java:addGlobalFilter(975)) - Added global filter 'safety' (class=org.apache.hadoop.http.HttpServer2$QuotingInputFilter)
2019-09-19 09:40:38,201 [main] INFO  http.HttpServer2 (HttpServer2.java:addFilter(948)) - Added filter static_user_filter (class=org.apache.hadoop.http.lib.StaticUserWebFilter$StaticUserFilter) to context hddsDatanode
2019-09-19 09:40:38,201 [main] INFO  http.HttpServer2 (HttpServer2.java:addFilter(958)) - Added filter static_user_filter (class=org.apache.hadoop.http.lib.StaticUserWebFilter$StaticUserFilter) to context logs
2019-09-19 09:40:38,202 [main] INFO  http.HttpServer2 (HttpServer2.java:addFilter(958)) - Added filter static_user_filter (class=org.apache.hadoop.http.lib.StaticUserWebFilter$StaticUserFilter) to context static
2019-09-19 09:40:38,203 [main] INFO  http.HttpServer2 (HttpServer2.java:bindListener(1191)) - Jetty bound to port 42748
2019-09-19 09:40:38,203 [main] INFO  server.Server (Server.java:doStart(351)) - jetty-9.3.24.v20180605, build timestamp: 2018-06-05T17:11:56Z, git hash: 84205aa28f11a4f31f2a3b86d1bba2cc8ab69827
2019-09-19 09:40:38,207 [main] INFO  handler.ContextHandler (ContextHandler.java:doStart(781)) - Started o.e.j.s.ServletContextHandler@457a5b2d{/logs,file:///workdir/hadoop-ozone/ozonefs/target/log,AVAILABLE}
2019-09-19 09:40:38,207 [main] INFO  handler.ContextHandler (ContextHandler.java:doStart(781)) - Started o.e.j.s.ServletContextHandler@372461a9{/static,jar:file:/home/user/.m2/repository/org/apache/hadoop/hadoop-hdds-container-service/0.5.0-SNAPSHOT/hadoop-hdds-container-service-0.5.0-SNAPSHOT.jar!/webapps/static,AVAILABLE}
2019-09-19 09:40:38,242 [main] INFO  handler.ContextHandler (ContextHandler.java:doStart(781)) - Started o.e.j.w.WebAppContext@66e827a8{/,file:///tmp/jetty-0.0.0.0-42748-hddsDatanode-_-any-8771777812742969525.dir/webapp/,AVAILABLE}{/hddsDatanode}
2019-09-19 09:40:38,243 [main] INFO  server.AbstractConnector (AbstractConnector.java:doStart(278)) - Started ServerConnector@5bb911c1{HTTP/1.1,[http/1.1]}{0.0.0.0:42748}
2019-09-19 09:40:38,244 [main] INFO  server.Server (Server.java:doStart(419)) - Started @7257ms
2019-09-19 09:40:38,246 [main] INFO  server.BaseHttpServer (BaseHttpServer.java:updateConnectorAddress(213)) - HTTP server of HDDSDATANODE is listening at http://0.0.0.0:42748
2019-09-19 09:40:38,263 [Datanode State Machine Thread - 0] INFO  datanode.InitDatanodeState (InitDatanodeState.java:persistContainerDatanodeDetails(140)) - DatanodeDetails is persisted to /workdir/hadoop-ozone/ozonefs/target/test-dir/MiniOzoneClusterImpl-21ed0f53-0413-44c7-8609-f438100532e5/datanode-0/meta/datanode.id
2019-09-19 09:40:38,432 | INFO  | ObjectStoreRestHttpServer | Listening HDDS REST traffic on /0.0.0.0:34284 |  
2019-09-19 09:40:38,432 [main] INFO  ozone.HddsDatanodeService (HddsDatanodeService.java:startPlugins(395)) - Started plug-in org.apache.hadoop.ozone.web.OzoneHddsDatanodeService@46394f65
2019-09-19 09:40:38,433 [main] INFO  impl.MetricsSystemImpl (MetricsSystemImpl.java:init(158)) - HddsDatanode metrics system started (again)
2019-09-19 09:40:38,436 [main] INFO  ozone.HddsDatanodeService (HddsDatanodeService.java:start(184)) - HddsDatanodeService host:pr-hdds-1569-j4bt4-3030777008 ip:192.168.34.5
2019-09-19 09:40:38,436 [org.apache.hadoop.util.JvmPauseMonitor$Monitor@18957734] INFO  util.JvmPauseMonitor (JvmPauseMonitor.java:run(188)) - Starting JVM pause monitor
2019-09-19 09:40:38,444 [Datanode State Machine Thread - 0] INFO  datanode.InitDatanodeState (InitDatanodeState.java:persistContainerDatanodeDetails(140)) - DatanodeDetails is persisted to /workdir/hadoop-ozone/ozonefs/target/test-dir/MiniOzoneClusterImpl-21ed0f53-0413-44c7-8609-f438100532e5/datanode-1/meta/datanode.id
2019-09-19 09:40:38,450 [main] INFO  volume.HddsVolume (HddsVolume.java:<init>(176)) - Creating Volume: /workdir/hadoop-ozone/ozonefs/target/test-dir/MiniOzoneClusterImpl-21ed0f53-0413-44c7-8609-f438100532e5/datanode-2/data/containers/hdds of  storage type : DISK and capacity : 1482555576320
2019-09-19 09:40:38,450 [main] INFO  volume.VolumeSet (VolumeSet.java:initializeVolumeSet(170)) - Added Volume : /workdir/hadoop-ozone/ozonefs/target/test-dir/MiniOzoneClusterImpl-21ed0f53-0413-44c7-8609-f438100532e5/datanode-2/data/containers/hdds to VolumeSet
2019-09-19 09:40:38,451 [main] INFO  volume.ThrottledAsyncChecker (ThrottledAsyncChecker.java:schedule(140)) - Scheduling a check for org.apache.hadoop.ozone.container.common.volume.HddsVolume@6b27b2d0
2019-09-19 09:40:38,452 [main] INFO  volume.HddsVolumeChecker (HddsVolumeChecker.java:checkAllVolumes(203)) - Scheduled health check for volume org.apache.hadoop.ozone.container.common.volume.HddsVolume@6b27b2d0
2019-09-19 09:40:38,485 [main] INFO  impl.RaftServerProxy (ConfUtils.java:logGet(43)) - raft.rpc.type = GRPC (default)
2019-09-19 09:40:38,485 [main] INFO  grpc.GrpcFactory (GrpcFactory.java:checkPooledByteBufAllocatorUseCacheForAllThreads(45)) - PERFORMANCE WARNING: useCacheForAllThreads is true that may cause Netty to create a lot garbage objects and, as a result, trigger GC.
	It is recommended to disable useCacheForAllThreads by setting -Dorg.apache.ratis.thirdparty.io.netty.allocator.useCacheForAllThreads=false in command line.
2019-09-19 09:40:38,486 [main] INFO  grpc.GrpcConfigKeys$Server (ConfUtils.java:logGet(43)) - raft.grpc.server.port = 0 (default)
2019-09-19 09:40:38,486 [main] INFO  server.GrpcService (ConfUtils.java:logGet(43)) - raft.grpc.message.size.max = 33570816 (custom)
2019-09-19 09:40:38,486 [main] INFO  server.RaftServerConfigKeys (ConfUtils.java:logGet(43)) - raft.server.log.appender.buffer.byte-limit = 33554432 (custom)
2019-09-19 09:40:38,486 [main] INFO  server.GrpcService (ConfUtils.java:logGet(43)) - raft.grpc.flow.control.window = 1MB (=1048576) (default)
2019-09-19 09:40:38,487 [main] INFO  server.RaftServerConfigKeys (ConfUtils.java:logGet(43)) - raft.server.rpc.request.timeout = 3000ms (default)
2019-09-19 09:40:38,488 [main] INFO  server.RaftServerConfigKeys (ConfUtils.java:logGet(43)) - raft.server.storage.dir = [/workdir/hadoop-ozone/ozonefs/target/test-dir/MiniOzoneClusterImpl-21ed0f53-0413-44c7-8609-f438100532e5/datanode-2/data/ratis] (custom)
2019-09-19 09:40:38,489 [main] INFO  replication.SimpleContainerDownloader (SimpleContainerDownloader.java:<init>(72)) - Starting container downloader service to copy containers to replicate.
2019-09-19 09:40:38,490 [main] INFO  hdfs.DFSUtil (DFSUtil.java:httpServerTemplateForNNAndJN(1641)) - Starting Web-server for hddsDatanode at: http://0.0.0.0:0
2019-09-19 09:40:38,493 [main] INFO  server.AuthenticationFilter (AuthenticationFilter.java:constructSecretProvider(240)) - Unable to initialize FileSignerSecretProvider, falling back to use random secrets.
2019-09-19 09:40:38,493 [main] WARN  http.HttpRequestLog (HttpRequestLog.java:getRequestLog(97)) - Jetty request log can only be enabled using Log4j
2019-09-19 09:40:38,496 [main] INFO  http.HttpServer2 (HttpServer2.java:addGlobalFilter(975)) - Added global filter 'safety' (class=org.apache.hadoop.http.HttpServer2$QuotingInputFilter)
2019-09-19 09:40:38,498 [main] INFO  http.HttpServer2 (HttpServer2.java:addFilter(948)) - Added filter static_user_filter (class=org.apache.hadoop.http.lib.StaticUserWebFilter$StaticUserFilter) to context hddsDatanode
2019-09-19 09:40:38,498 [main] INFO  http.HttpServer2 (HttpServer2.java:addFilter(958)) - Added filter static_user_filter (class=org.apache.hadoop.http.lib.StaticUserWebFilter$StaticUserFilter) to context logs
2019-09-19 09:40:38,498 [main] INFO  http.HttpServer2 (HttpServer2.java:addFilter(958)) - Added filter static_user_filter (class=org.apache.hadoop.http.lib.StaticUserWebFilter$StaticUserFilter) to context static
2019-09-19 09:40:38,499 [main] INFO  http.HttpServer2 (HttpServer2.java:bindListener(1191)) - Jetty bound to port 38285
2019-09-19 09:40:38,499 [main] INFO  server.Server (Server.java:doStart(351)) - jetty-9.3.24.v20180605, build timestamp: 2018-06-05T17:11:56Z, git hash: 84205aa28f11a4f31f2a3b86d1bba2cc8ab69827
2019-09-19 09:40:38,502 [main] INFO  handler.ContextHandler (ContextHandler.java:doStart(781)) - Started o.e.j.s.ServletContextHandler@7ddcb0dc{/logs,file:///workdir/hadoop-ozone/ozonefs/target/log,AVAILABLE}
2019-09-19 09:40:38,503 [main] INFO  handler.ContextHandler (ContextHandler.java:doStart(781)) - Started o.e.j.s.ServletContextHandler@2c1d57bc{/static,jar:file:/home/user/.m2/repository/org/apache/hadoop/hadoop-hdds-container-service/0.5.0-SNAPSHOT/hadoop-hdds-container-service-0.5.0-SNAPSHOT.jar!/webapps/static,AVAILABLE}
2019-09-19 09:40:38,541 [main] INFO  handler.ContextHandler (ContextHandler.java:doStart(781)) - Started o.e.j.w.WebAppContext@7c950b3b{/,file:///tmp/jetty-0.0.0.0-38285-hddsDatanode-_-any-2783015207708346305.dir/webapp/,AVAILABLE}{/hddsDatanode}
2019-09-19 09:40:38,542 [main] INFO  server.AbstractConnector (AbstractConnector.java:doStart(278)) - Started ServerConnector@3af10d0b{HTTP/1.1,[http/1.1]}{0.0.0.0:38285}
2019-09-19 09:40:38,545 [main] INFO  server.Server (Server.java:doStart(419)) - Started @7559ms
2019-09-19 09:40:38,546 [main] INFO  server.BaseHttpServer (BaseHttpServer.java:updateConnectorAddress(213)) - HTTP server of HDDSDATANODE is listening at http://0.0.0.0:38285
2019-09-19 09:40:38,719 | INFO  | ObjectStoreRestHttpServer | Listening HDDS REST traffic on /0.0.0.0:33842 |  
2019-09-19 09:40:38,719 [main] INFO  ozone.HddsDatanodeService (HddsDatanodeService.java:startPlugins(395)) - Started plug-in org.apache.hadoop.ozone.web.OzoneHddsDatanodeService@3a3f96ab
2019-09-19 09:40:38,720 [main] INFO  impl.MetricsSystemImpl (MetricsSystemImpl.java:init(158)) - HddsDatanode metrics system started (again)
2019-09-19 09:40:38,722 [main] INFO  ozone.HddsDatanodeService (HddsDatanodeService.java:start(184)) - HddsDatanodeService host:pr-hdds-1569-j4bt4-3030777008 ip:192.168.34.5
2019-09-19 09:40:38,723 [org.apache.hadoop.util.JvmPauseMonitor$Monitor@26f98afb] INFO  util.JvmPauseMonitor (JvmPauseMonitor.java:run(188)) - Starting JVM pause monitor
2019-09-19 09:40:38,726 [Datanode State Machine Thread - 0] INFO  datanode.InitDatanodeState (InitDatanodeState.java:persistContainerDatanodeDetails(140)) - DatanodeDetails is persisted to /workdir/hadoop-ozone/ozonefs/target/test-dir/MiniOzoneClusterImpl-21ed0f53-0413-44c7-8609-f438100532e5/datanode-2/meta/datanode.id
2019-09-19 09:40:38,730 [main] INFO  volume.HddsVolume (HddsVolume.java:<init>(176)) - Creating Volume: /workdir/hadoop-ozone/ozonefs/target/test-dir/MiniOzoneClusterImpl-21ed0f53-0413-44c7-8609-f438100532e5/datanode-3/data/containers/hdds of  storage type : DISK and capacity : 1482555576320
2019-09-19 09:40:38,730 [main] INFO  volume.VolumeSet (VolumeSet.java:initializeVolumeSet(170)) - Added Volume : /workdir/hadoop-ozone/ozonefs/target/test-dir/MiniOzoneClusterImpl-21ed0f53-0413-44c7-8609-f438100532e5/datanode-3/data/containers/hdds to VolumeSet
2019-09-19 09:40:38,730 [main] INFO  volume.ThrottledAsyncChecker (ThrottledAsyncChecker.java:schedule(140)) - Scheduling a check for org.apache.hadoop.ozone.container.common.volume.HddsVolume@6812c8cc
2019-09-19 09:40:38,731 [main] INFO  volume.HddsVolumeChecker (HddsVolumeChecker.java:checkAllVolumes(203)) - Scheduled health check for volume org.apache.hadoop.ozone.container.common.volume.HddsVolume@6812c8cc
2019-09-19 09:40:38,750 [main] INFO  impl.RaftServerProxy (ConfUtils.java:logGet(43)) - raft.rpc.type = GRPC (default)
2019-09-19 09:40:38,750 [main] INFO  grpc.GrpcFactory (GrpcFactory.java:checkPooledByteBufAllocatorUseCacheForAllThreads(45)) - PERFORMANCE WARNING: useCacheForAllThreads is true that may cause Netty to create a lot garbage objects and, as a result, trigger GC.
	It is recommended to disable useCacheForAllThreads by setting -Dorg.apache.ratis.thirdparty.io.netty.allocator.useCacheForAllThreads=false in command line.
2019-09-19 09:40:38,750 [main] INFO  grpc.GrpcConfigKeys$Server (ConfUtils.java:logGet(43)) - raft.grpc.server.port = 0 (default)
2019-09-19 09:40:38,750 [main] INFO  server.GrpcService (ConfUtils.java:logGet(43)) - raft.grpc.message.size.max = 33570816 (custom)
2019-09-19 09:40:38,750 [main] INFO  server.RaftServerConfigKeys (ConfUtils.java:logGet(43)) - raft.server.log.appender.buffer.byte-limit = 33554432 (custom)
2019-09-19 09:40:38,751 [main] INFO  server.GrpcService (ConfUtils.java:logGet(43)) - raft.grpc.flow.control.window = 1MB (=1048576) (default)
2019-09-19 09:40:38,751 [main] INFO  server.RaftServerConfigKeys (ConfUtils.java:logGet(43)) - raft.server.rpc.request.timeout = 3000ms (default)
2019-09-19 09:40:38,751 [main] INFO  server.RaftServerConfigKeys (ConfUtils.java:logGet(43)) - raft.server.storage.dir = [/workdir/hadoop-ozone/ozonefs/target/test-dir/MiniOzoneClusterImpl-21ed0f53-0413-44c7-8609-f438100532e5/datanode-3/data/ratis] (custom)
2019-09-19 09:40:38,752 [main] INFO  replication.SimpleContainerDownloader (SimpleContainerDownloader.java:<init>(72)) - Starting container downloader service to copy containers to replicate.
2019-09-19 09:40:38,753 [main] INFO  hdfs.DFSUtil (DFSUtil.java:httpServerTemplateForNNAndJN(1641)) - Starting Web-server for hddsDatanode at: http://0.0.0.0:0
2019-09-19 09:40:38,756 [main] INFO  server.AuthenticationFilter (AuthenticationFilter.java:constructSecretProvider(240)) - Unable to initialize FileSignerSecretProvider, falling back to use random secrets.
2019-09-19 09:40:38,757 [main] WARN  http.HttpRequestLog (HttpRequestLog.java:getRequestLog(97)) - Jetty request log can only be enabled using Log4j
2019-09-19 09:40:38,760 [main] INFO  http.HttpServer2 (HttpServer2.java:addGlobalFilter(975)) - Added global filter 'safety' (class=org.apache.hadoop.http.HttpServer2$QuotingInputFilter)
2019-09-19 09:40:38,761 [main] INFO  http.HttpServer2 (HttpServer2.java:addFilter(948)) - Added filter static_user_filter (class=org.apache.hadoop.http.lib.StaticUserWebFilter$StaticUserFilter) to context hddsDatanode
2019-09-19 09:40:38,762 [main] INFO  http.HttpServer2 (HttpServer2.java:addFilter(958)) - Added filter static_user_filter (class=org.apache.hadoop.http.lib.StaticUserWebFilter$StaticUserFilter) to context static
2019-09-19 09:40:38,762 [main] INFO  http.HttpServer2 (HttpServer2.java:addFilter(958)) - Added filter static_user_filter (class=org.apache.hadoop.http.lib.StaticUserWebFilter$StaticUserFilter) to context logs
2019-09-19 09:40:38,763 [main] INFO  http.HttpServer2 (HttpServer2.java:bindListener(1191)) - Jetty bound to port 36265
2019-09-19 09:40:38,763 [main] INFO  server.Server (Server.java:doStart(351)) - jetty-9.3.24.v20180605, build timestamp: 2018-06-05T17:11:56Z, git hash: 84205aa28f11a4f31f2a3b86d1bba2cc8ab69827
2019-09-19 09:40:38,768 [main] INFO  handler.ContextHandler (ContextHandler.java:doStart(781)) - Started o.e.j.s.ServletContextHandler@3dec3f87{/logs,file:///workdir/hadoop-ozone/ozonefs/target/log,AVAILABLE}
2019-09-19 09:40:38,769 [main] INFO  handler.ContextHandler (ContextHandler.java:doStart(781)) - Started o.e.j.s.ServletContextHandler@5dbab232{/static,jar:file:/home/user/.m2/repository/org/apache/hadoop/hadoop-hdds-container-service/0.5.0-SNAPSHOT/hadoop-hdds-container-service-0.5.0-SNAPSHOT.jar!/webapps/static,AVAILABLE}
2019-09-19 09:40:38,811 [main] INFO  handler.ContextHandler (ContextHandler.java:doStart(781)) - Started o.e.j.w.WebAppContext@238291d4{/,file:///tmp/jetty-0.0.0.0-36265-hddsDatanode-_-any-2527399394538845724.dir/webapp/,AVAILABLE}{/hddsDatanode}
2019-09-19 09:40:38,812 [main] INFO  server.AbstractConnector (AbstractConnector.java:doStart(278)) - Started ServerConnector@34edd065{HTTP/1.1,[http/1.1]}{0.0.0.0:36265}
2019-09-19 09:40:38,813 [main] INFO  server.Server (Server.java:doStart(419)) - Started @7826ms
2019-09-19 09:40:38,814 [main] INFO  server.BaseHttpServer (BaseHttpServer.java:updateConnectorAddress(213)) - HTTP server of HDDSDATANODE is listening at http://0.0.0.0:36265
2019-09-19 09:40:38,962 | INFO  | ObjectStoreRestHttpServer | Listening HDDS REST traffic on /0.0.0.0:42139 |  
2019-09-19 09:40:38,962 [main] INFO  ozone.HddsDatanodeService (HddsDatanodeService.java:startPlugins(395)) - Started plug-in org.apache.hadoop.ozone.web.OzoneHddsDatanodeService@25ce435
2019-09-19 09:40:38,963 [main] INFO  impl.MetricsSystemImpl (MetricsSystemImpl.java:init(158)) - HddsDatanode metrics system started (again)
2019-09-19 09:40:38,966 [main] INFO  ozone.HddsDatanodeService (HddsDatanodeService.java:start(184)) - HddsDatanodeService host:pr-hdds-1569-j4bt4-3030777008 ip:192.168.34.5
2019-09-19 09:40:38,966 [org.apache.hadoop.util.JvmPauseMonitor$Monitor@9905710] INFO  util.JvmPauseMonitor (JvmPauseMonitor.java:run(188)) - Starting JVM pause monitor
2019-09-19 09:40:38,970 [Datanode State Machine Thread - 0] INFO  datanode.InitDatanodeState (InitDatanodeState.java:persistContainerDatanodeDetails(140)) - DatanodeDetails is persisted to /workdir/hadoop-ozone/ozonefs/target/test-dir/MiniOzoneClusterImpl-21ed0f53-0413-44c7-8609-f438100532e5/datanode-3/meta/datanode.id
2019-09-19 09:40:38,973 [main] INFO  volume.HddsVolume (HddsVolume.java:<init>(176)) - Creating Volume: /workdir/hadoop-ozone/ozonefs/target/test-dir/MiniOzoneClusterImpl-21ed0f53-0413-44c7-8609-f438100532e5/datanode-4/data/containers/hdds of  storage type : DISK and capacity : 1482555576320
2019-09-19 09:40:38,974 [main] INFO  volume.VolumeSet (VolumeSet.java:initializeVolumeSet(170)) - Added Volume : /workdir/hadoop-ozone/ozonefs/target/test-dir/MiniOzoneClusterImpl-21ed0f53-0413-44c7-8609-f438100532e5/datanode-4/data/containers/hdds to VolumeSet
2019-09-19 09:40:38,974 [main] INFO  volume.ThrottledAsyncChecker (ThrottledAsyncChecker.java:schedule(140)) - Scheduling a check for org.apache.hadoop.ozone.container.common.volume.HddsVolume@71166348
2019-09-19 09:40:38,974 [main] INFO  volume.HddsVolumeChecker (HddsVolumeChecker.java:checkAllVolumes(203)) - Scheduled health check for volume org.apache.hadoop.ozone.container.common.volume.HddsVolume@71166348
2019-09-19 09:40:38,993 [main] INFO  impl.RaftServerProxy (ConfUtils.java:logGet(43)) - raft.rpc.type = GRPC (default)
2019-09-19 09:40:38,993 [main] INFO  grpc.GrpcFactory (GrpcFactory.java:checkPooledByteBufAllocatorUseCacheForAllThreads(45)) - PERFORMANCE WARNING: useCacheForAllThreads is true that may cause Netty to create a lot garbage objects and, as a result, trigger GC.
	It is recommended to disable useCacheForAllThreads by setting -Dorg.apache.ratis.thirdparty.io.netty.allocator.useCacheForAllThreads=false in command line.
2019-09-19 09:40:38,994 [main] INFO  grpc.GrpcConfigKeys$Server (ConfUtils.java:logGet(43)) - raft.grpc.server.port = 0 (default)
2019-09-19 09:40:38,994 [main] INFO  server.GrpcService (ConfUtils.java:logGet(43)) - raft.grpc.message.size.max = 33570816 (custom)
2019-09-19 09:40:38,994 [main] INFO  server.RaftServerConfigKeys (ConfUtils.java:logGet(43)) - raft.server.log.appender.buffer.byte-limit = 33554432 (custom)
2019-09-19 09:40:38,994 [main] INFO  server.GrpcService (ConfUtils.java:logGet(43)) - raft.grpc.flow.control.window = 1MB (=1048576) (default)
2019-09-19 09:40:38,994 [main] INFO  server.RaftServerConfigKeys (ConfUtils.java:logGet(43)) - raft.server.rpc.request.timeout = 3000ms (default)
2019-09-19 09:40:38,995 [main] INFO  server.RaftServerConfigKeys (ConfUtils.java:logGet(43)) - raft.server.storage.dir = [/workdir/hadoop-ozone/ozonefs/target/test-dir/MiniOzoneClusterImpl-21ed0f53-0413-44c7-8609-f438100532e5/datanode-4/data/ratis] (custom)
2019-09-19 09:40:38,995 [main] INFO  replication.SimpleContainerDownloader (SimpleContainerDownloader.java:<init>(72)) - Starting container downloader service to copy containers to replicate.
2019-09-19 09:40:38,996 [main] INFO  hdfs.DFSUtil (DFSUtil.java:httpServerTemplateForNNAndJN(1641)) - Starting Web-server for hddsDatanode at: http://0.0.0.0:0
2019-09-19 09:40:38,998 [main] INFO  server.AuthenticationFilter (AuthenticationFilter.java:constructSecretProvider(240)) - Unable to initialize FileSignerSecretProvider, falling back to use random secrets.
2019-09-19 09:40:38,998 [main] WARN  http.HttpRequestLog (HttpRequestLog.java:getRequestLog(97)) - Jetty request log can only be enabled using Log4j
2019-09-19 09:40:39,000 [main] INFO  http.HttpServer2 (HttpServer2.java:addGlobalFilter(975)) - Added global filter 'safety' (class=org.apache.hadoop.http.HttpServer2$QuotingInputFilter)
2019-09-19 09:40:39,000 [main] INFO  http.HttpServer2 (HttpServer2.java:addFilter(948)) - Added filter static_user_filter (class=org.apache.hadoop.http.lib.StaticUserWebFilter$StaticUserFilter) to context hddsDatanode
2019-09-19 09:40:39,000 [main] INFO  http.HttpServer2 (HttpServer2.java:addFilter(958)) - Added filter static_user_filter (class=org.apache.hadoop.http.lib.StaticUserWebFilter$StaticUserFilter) to context static
2019-09-19 09:40:39,001 [main] INFO  http.HttpServer2 (HttpServer2.java:addFilter(958)) - Added filter static_user_filter (class=org.apache.hadoop.http.lib.StaticUserWebFilter$StaticUserFilter) to context logs
2019-09-19 09:40:39,001 [main] INFO  http.HttpServer2 (HttpServer2.java:bindListener(1191)) - Jetty bound to port 36369
2019-09-19 09:40:39,001 [main] INFO  server.Server (Server.java:doStart(351)) - jetty-9.3.24.v20180605, build timestamp: 2018-06-05T17:11:56Z, git hash: 84205aa28f11a4f31f2a3b86d1bba2cc8ab69827
2019-09-19 09:40:39,003 [main] INFO  handler.ContextHandler (ContextHandler.java:doStart(781)) - Started o.e.j.s.ServletContextHandler@7a3f08b6{/logs,file:///workdir/hadoop-ozone/ozonefs/target/log,AVAILABLE}
2019-09-19 09:40:39,004 [main] INFO  handler.ContextHandler (ContextHandler.java:doStart(781)) - Started o.e.j.s.ServletContextHandler@5fb5ad40{/static,jar:file:/home/user/.m2/repository/org/apache/hadoop/hadoop-hdds-container-service/0.5.0-SNAPSHOT/hadoop-hdds-container-service-0.5.0-SNAPSHOT.jar!/webapps/static,AVAILABLE}
2019-09-19 09:40:39,026 [main] INFO  handler.ContextHandler (ContextHandler.java:doStart(781)) - Started o.e.j.w.WebAppContext@7ac058a0{/,file:///tmp/jetty-0.0.0.0-36369-hddsDatanode-_-any-5295198824930408680.dir/webapp/,AVAILABLE}{/hddsDatanode}
2019-09-19 09:40:39,027 [main] INFO  server.AbstractConnector (AbstractConnector.java:doStart(278)) - Started ServerConnector@736b21ee{HTTP/1.1,[http/1.1]}{0.0.0.0:36369}
2019-09-19 09:40:39,028 [main] INFO  server.Server (Server.java:doStart(419)) - Started @8041ms
2019-09-19 09:40:39,029 [main] INFO  server.BaseHttpServer (BaseHttpServer.java:updateConnectorAddress(213)) - HTTP server of HDDSDATANODE is listening at http://0.0.0.0:36369
2019-09-19 09:40:39,292 | INFO  | ObjectStoreRestHttpServer | Listening HDDS REST traffic on /0.0.0.0:36410 |  
2019-09-19 09:40:39,293 [main] INFO  ozone.HddsDatanodeService (HddsDatanodeService.java:startPlugins(395)) - Started plug-in org.apache.hadoop.ozone.web.OzoneHddsDatanodeService@5da6b13d
2019-09-19 09:40:39,293 [main] INFO  impl.MetricsSystemImpl (MetricsSystemImpl.java:init(158)) - HddsDatanode metrics system started (again)
2019-09-19 09:40:39,297 [main] INFO  ozone.HddsDatanodeService (HddsDatanodeService.java:start(184)) - HddsDatanodeService host:pr-hdds-1569-j4bt4-3030777008 ip:192.168.34.5
2019-09-19 09:40:39,297 [org.apache.hadoop.util.JvmPauseMonitor$Monitor@805769e] INFO  util.JvmPauseMonitor (JvmPauseMonitor.java:run(188)) - Starting JVM pause monitor
2019-09-19 09:40:39,300 [Datanode State Machine Thread - 0] INFO  datanode.InitDatanodeState (InitDatanodeState.java:persistContainerDatanodeDetails(140)) - DatanodeDetails is persisted to /workdir/hadoop-ozone/ozonefs/target/test-dir/MiniOzoneClusterImpl-21ed0f53-0413-44c7-8609-f438100532e5/datanode-4/meta/datanode.id
2019-09-19 09:40:39,307 [main] INFO  volume.HddsVolume (HddsVolume.java:<init>(176)) - Creating Volume: /workdir/hadoop-ozone/ozonefs/target/test-dir/MiniOzoneClusterImpl-21ed0f53-0413-44c7-8609-f438100532e5/datanode-5/data/containers/hdds of  storage type : DISK and capacity : 1482555576320
2019-09-19 09:40:39,307 [main] INFO  volume.VolumeSet (VolumeSet.java:initializeVolumeSet(170)) - Added Volume : /workdir/hadoop-ozone/ozonefs/target/test-dir/MiniOzoneClusterImpl-21ed0f53-0413-44c7-8609-f438100532e5/datanode-5/data/containers/hdds to VolumeSet
2019-09-19 09:40:39,308 [main] INFO  volume.ThrottledAsyncChecker (ThrottledAsyncChecker.java:schedule(140)) - Scheduling a check for org.apache.hadoop.ozone.container.common.volume.HddsVolume@1ad1c363
2019-09-19 09:40:39,308 [main] INFO  volume.HddsVolumeChecker (HddsVolumeChecker.java:checkAllVolumes(203)) - Scheduled health check for volume org.apache.hadoop.ozone.container.common.volume.HddsVolume@1ad1c363
2019-09-19 09:40:39,337 [main] INFO  impl.RaftServerProxy (ConfUtils.java:logGet(43)) - raft.rpc.type = GRPC (default)
2019-09-19 09:40:39,337 [main] INFO  grpc.GrpcFactory (GrpcFactory.java:checkPooledByteBufAllocatorUseCacheForAllThreads(45)) - PERFORMANCE WARNING: useCacheForAllThreads is true that may cause Netty to create a lot garbage objects and, as a result, trigger GC.
	It is recommended to disable useCacheForAllThreads by setting -Dorg.apache.ratis.thirdparty.io.netty.allocator.useCacheForAllThreads=false in command line.
2019-09-19 09:40:39,337 [main] INFO  grpc.GrpcConfigKeys$Server (ConfUtils.java:logGet(43)) - raft.grpc.server.port = 0 (default)
2019-09-19 09:40:39,338 [main] INFO  server.GrpcService (ConfUtils.java:logGet(43)) - raft.grpc.message.size.max = 33570816 (custom)
2019-09-19 09:40:39,338 [main] INFO  server.RaftServerConfigKeys (ConfUtils.java:logGet(43)) - raft.server.log.appender.buffer.byte-limit = 33554432 (custom)
2019-09-19 09:40:39,338 [main] INFO  server.GrpcService (ConfUtils.java:logGet(43)) - raft.grpc.flow.control.window = 1MB (=1048576) (default)
2019-09-19 09:40:39,340 [main] INFO  server.RaftServerConfigKeys (ConfUtils.java:logGet(43)) - raft.server.rpc.request.timeout = 3000ms (default)
2019-09-19 09:40:39,341 [main] INFO  server.RaftServerConfigKeys (ConfUtils.java:logGet(43)) - raft.server.storage.dir = [/workdir/hadoop-ozone/ozonefs/target/test-dir/MiniOzoneClusterImpl-21ed0f53-0413-44c7-8609-f438100532e5/datanode-5/data/ratis] (custom)
2019-09-19 09:40:39,341 [main] INFO  replication.SimpleContainerDownloader (SimpleContainerDownloader.java:<init>(72)) - Starting container downloader service to copy containers to replicate.
2019-09-19 09:40:39,343 [main] INFO  hdfs.DFSUtil (DFSUtil.java:httpServerTemplateForNNAndJN(1641)) - Starting Web-server for hddsDatanode at: http://0.0.0.0:0
2019-09-19 09:40:39,345 [main] INFO  server.AuthenticationFilter (AuthenticationFilter.java:constructSecretProvider(240)) - Unable to initialize FileSignerSecretProvider, falling back to use random secrets.
2019-09-19 09:40:39,345 [main] WARN  http.HttpRequestLog (HttpRequestLog.java:getRequestLog(97)) - Jetty request log can only be enabled using Log4j
2019-09-19 09:40:39,347 [main] INFO  http.HttpServer2 (HttpServer2.java:addGlobalFilter(975)) - Added global filter 'safety' (class=org.apache.hadoop.http.HttpServer2$QuotingInputFilter)
2019-09-19 09:40:39,348 [main] INFO  http.HttpServer2 (HttpServer2.java:addFilter(948)) - Added filter static_user_filter (class=org.apache.hadoop.http.lib.StaticUserWebFilter$StaticUserFilter) to context hddsDatanode
2019-09-19 09:40:39,348 [main] INFO  http.HttpServer2 (HttpServer2.java:addFilter(958)) - Added filter static_user_filter (class=org.apache.hadoop.http.lib.StaticUserWebFilter$StaticUserFilter) to context static
2019-09-19 09:40:39,348 [main] INFO  http.HttpServer2 (HttpServer2.java:addFilter(958)) - Added filter static_user_filter (class=org.apache.hadoop.http.lib.StaticUserWebFilter$StaticUserFilter) to context logs
2019-09-19 09:40:39,349 [main] INFO  http.HttpServer2 (HttpServer2.java:bindListener(1191)) - Jetty bound to port 37232
2019-09-19 09:40:39,349 [main] INFO  server.Server (Server.java:doStart(351)) - jetty-9.3.24.v20180605, build timestamp: 2018-06-05T17:11:56Z, git hash: 84205aa28f11a4f31f2a3b86d1bba2cc8ab69827
2019-09-19 09:40:39,351 [main] INFO  handler.ContextHandler (ContextHandler.java:doStart(781)) - Started o.e.j.s.ServletContextHandler@ac4915e{/logs,file:///workdir/hadoop-ozone/ozonefs/target/log,AVAILABLE}
2019-09-19 09:40:39,351 [main] INFO  handler.ContextHandler (ContextHandler.java:doStart(781)) - Started o.e.j.s.ServletContextHandler@7cc2c551{/static,jar:file:/home/user/.m2/repository/org/apache/hadoop/hadoop-hdds-container-service/0.5.0-SNAPSHOT/hadoop-hdds-container-service-0.5.0-SNAPSHOT.jar!/webapps/static,AVAILABLE}
2019-09-19 09:40:39,379 [main] INFO  handler.ContextHandler (ContextHandler.java:doStart(781)) - Started o.e.j.w.WebAppContext@550c973e{/,file:///tmp/jetty-0.0.0.0-37232-hddsDatanode-_-any-8877300244527751818.dir/webapp/,AVAILABLE}{/hddsDatanode}
2019-09-19 09:40:39,380 [main] INFO  server.AbstractConnector (AbstractConnector.java:doStart(278)) - Started ServerConnector@161d95c6{HTTP/1.1,[http/1.1]}{0.0.0.0:37232}
2019-09-19 09:40:39,381 [main] INFO  server.Server (Server.java:doStart(419)) - Started @8395ms
2019-09-19 09:40:39,382 [main] INFO  server.BaseHttpServer (BaseHttpServer.java:updateConnectorAddress(213)) - HTTP server of HDDSDATANODE is listening at http://0.0.0.0:37232
2019-09-19 09:40:39,585 | INFO  | ObjectStoreRestHttpServer | Listening HDDS REST traffic on /0.0.0.0:36024 |  
2019-09-19 09:40:39,585 [main] INFO  ozone.HddsDatanodeService (HddsDatanodeService.java:startPlugins(395)) - Started plug-in org.apache.hadoop.ozone.web.OzoneHddsDatanodeService@1d283d1
2019-09-19 09:40:39,585 [main] INFO  impl.MetricsSystemImpl (MetricsSystemImpl.java:init(158)) - HddsDatanode metrics system started (again)
2019-09-19 09:40:39,589 [org.apache.hadoop.util.JvmPauseMonitor$Monitor@589f4361] INFO  util.JvmPauseMonitor (JvmPauseMonitor.java:run(188)) - Starting JVM pause monitor
2019-09-19 09:40:39,589 [main] INFO  ozone.HddsDatanodeService (HddsDatanodeService.java:start(184)) - HddsDatanodeService host:pr-hdds-1569-j4bt4-3030777008 ip:192.168.34.5
2019-09-19 09:40:39,592 [Datanode State Machine Thread - 0] INFO  datanode.InitDatanodeState (InitDatanodeState.java:persistContainerDatanodeDetails(140)) - DatanodeDetails is persisted to /workdir/hadoop-ozone/ozonefs/target/test-dir/MiniOzoneClusterImpl-21ed0f53-0413-44c7-8609-f438100532e5/datanode-5/meta/datanode.id
2019-09-19 09:40:39,600 [main] INFO  volume.HddsVolume (HddsVolume.java:<init>(176)) - Creating Volume: /workdir/hadoop-ozone/ozonefs/target/test-dir/MiniOzoneClusterImpl-21ed0f53-0413-44c7-8609-f438100532e5/datanode-6/data/containers/hdds of  storage type : DISK and capacity : 1482555576320
2019-09-19 09:40:39,600 [main] INFO  volume.VolumeSet (VolumeSet.java:initializeVolumeSet(170)) - Added Volume : /workdir/hadoop-ozone/ozonefs/target/test-dir/MiniOzoneClusterImpl-21ed0f53-0413-44c7-8609-f438100532e5/datanode-6/data/containers/hdds to VolumeSet
2019-09-19 09:40:39,601 [main] INFO  volume.ThrottledAsyncChecker (ThrottledAsyncChecker.java:schedule(140)) - Scheduling a check for org.apache.hadoop.ozone.container.common.volume.HddsVolume@2ba9f986
2019-09-19 09:40:39,602 [main] INFO  volume.HddsVolumeChecker (HddsVolumeChecker.java:checkAllVolumes(203)) - Scheduled health check for volume org.apache.hadoop.ozone.container.common.volume.HddsVolume@2ba9f986
2019-09-19 09:40:39,632 [main] INFO  impl.RaftServerProxy (ConfUtils.java:logGet(43)) - raft.rpc.type = GRPC (default)
2019-09-19 09:40:39,632 [main] INFO  grpc.GrpcFactory (GrpcFactory.java:checkPooledByteBufAllocatorUseCacheForAllThreads(45)) - PERFORMANCE WARNING: useCacheForAllThreads is true that may cause Netty to create a lot garbage objects and, as a result, trigger GC.
	It is recommended to disable useCacheForAllThreads by setting -Dorg.apache.ratis.thirdparty.io.netty.allocator.useCacheForAllThreads=false in command line.
2019-09-19 09:40:39,633 [main] INFO  grpc.GrpcConfigKeys$Server (ConfUtils.java:logGet(43)) - raft.grpc.server.port = 0 (default)
2019-09-19 09:40:39,633 [main] INFO  server.GrpcService (ConfUtils.java:logGet(43)) - raft.grpc.message.size.max = 33570816 (custom)
2019-09-19 09:40:39,633 [main] INFO  server.RaftServerConfigKeys (ConfUtils.java:logGet(43)) - raft.server.log.appender.buffer.byte-limit = 33554432 (custom)
2019-09-19 09:40:39,633 [main] INFO  server.GrpcService (ConfUtils.java:logGet(43)) - raft.grpc.flow.control.window = 1MB (=1048576) (default)
2019-09-19 09:40:39,634 [main] INFO  server.RaftServerConfigKeys (ConfUtils.java:logGet(43)) - raft.server.rpc.request.timeout = 3000ms (default)
2019-09-19 09:40:39,634 [main] INFO  server.RaftServerConfigKeys (ConfUtils.java:logGet(43)) - raft.server.storage.dir = [/workdir/hadoop-ozone/ozonefs/target/test-dir/MiniOzoneClusterImpl-21ed0f53-0413-44c7-8609-f438100532e5/datanode-6/data/ratis] (custom)
2019-09-19 09:40:39,635 [main] INFO  replication.SimpleContainerDownloader (SimpleContainerDownloader.java:<init>(72)) - Starting container downloader service to copy containers to replicate.
2019-09-19 09:40:39,637 [main] INFO  hdfs.DFSUtil (DFSUtil.java:httpServerTemplateForNNAndJN(1641)) - Starting Web-server for hddsDatanode at: http://0.0.0.0:0
2019-09-19 09:40:39,639 [main] INFO  server.AuthenticationFilter (AuthenticationFilter.java:constructSecretProvider(240)) - Unable to initialize FileSignerSecretProvider, falling back to use random secrets.
2019-09-19 09:40:39,640 [main] WARN  http.HttpRequestLog (HttpRequestLog.java:getRequestLog(97)) - Jetty request log can only be enabled using Log4j
2019-09-19 09:40:39,643 [main] INFO  http.HttpServer2 (HttpServer2.java:addGlobalFilter(975)) - Added global filter 'safety' (class=org.apache.hadoop.http.HttpServer2$QuotingInputFilter)
2019-09-19 09:40:39,644 [main] INFO  http.HttpServer2 (HttpServer2.java:addFilter(948)) - Added filter static_user_filter (class=org.apache.hadoop.http.lib.StaticUserWebFilter$StaticUserFilter) to context hddsDatanode
2019-09-19 09:40:39,644 [main] INFO  http.HttpServer2 (HttpServer2.java:addFilter(958)) - Added filter static_user_filter (class=org.apache.hadoop.http.lib.StaticUserWebFilter$StaticUserFilter) to context logs
2019-09-19 09:40:39,644 [main] INFO  http.HttpServer2 (HttpServer2.java:addFilter(958)) - Added filter static_user_filter (class=org.apache.hadoop.http.lib.StaticUserWebFilter$StaticUserFilter) to context static
2019-09-19 09:40:39,645 [main] INFO  http.HttpServer2 (HttpServer2.java:bindListener(1191)) - Jetty bound to port 44398
2019-09-19 09:40:39,645 [main] INFO  server.Server (Server.java:doStart(351)) - jetty-9.3.24.v20180605, build timestamp: 2018-06-05T17:11:56Z, git hash: 84205aa28f11a4f31f2a3b86d1bba2cc8ab69827
2019-09-19 09:40:39,648 [main] INFO  handler.ContextHandler (ContextHandler.java:doStart(781)) - Started o.e.j.s.ServletContextHandler@743bb39a{/logs,file:///workdir/hadoop-ozone/ozonefs/target/log,AVAILABLE}
2019-09-19 09:40:39,649 [main] INFO  handler.ContextHandler (ContextHandler.java:doStart(781)) - Started o.e.j.s.ServletContextHandler@3f3c8b60{/static,jar:file:/home/user/.m2/repository/org/apache/hadoop/hadoop-hdds-container-service/0.5.0-SNAPSHOT/hadoop-hdds-container-service-0.5.0-SNAPSHOT.jar!/webapps/static,AVAILABLE}
2019-09-19 09:40:39,692 [main] INFO  handler.ContextHandler (ContextHandler.java:doStart(781)) - Started o.e.j.w.WebAppContext@4c56644f{/,file:///tmp/jetty-0.0.0.0-44398-hddsDatanode-_-any-6819271388875609209.dir/webapp/,AVAILABLE}{/hddsDatanode}
2019-09-19 09:40:39,693 [main] INFO  server.AbstractConnector (AbstractConnector.java:doStart(278)) - Started ServerConnector@589dfa6f{HTTP/1.1,[http/1.1]}{0.0.0.0:44398}
2019-09-19 09:40:39,693 [main] INFO  server.Server (Server.java:doStart(419)) - Started @8707ms
2019-09-19 09:40:39,696 [main] INFO  server.BaseHttpServer (BaseHttpServer.java:updateConnectorAddress(213)) - HTTP server of HDDSDATANODE is listening at http://0.0.0.0:44398
2019-09-19 09:40:39,818 | INFO  | ObjectStoreRestHttpServer | Listening HDDS REST traffic on /0.0.0.0:46832 |  
2019-09-19 09:40:39,818 [main] INFO  ozone.HddsDatanodeService (HddsDatanodeService.java:startPlugins(395)) - Started plug-in org.apache.hadoop.ozone.web.OzoneHddsDatanodeService@e154848
2019-09-19 09:40:39,818 [main] INFO  impl.MetricsSystemImpl (MetricsSystemImpl.java:init(158)) - HddsDatanode metrics system started (again)
2019-09-19 09:40:39,823 [org.apache.hadoop.util.JvmPauseMonitor$Monitor@2766d6c5] INFO  util.JvmPauseMonitor (JvmPauseMonitor.java:run(188)) - Starting JVM pause monitor
2019-09-19 09:40:39,823 [main] INFO  ozone.HddsDatanodeService (HddsDatanodeService.java:start(184)) - HddsDatanodeService host:pr-hdds-1569-j4bt4-3030777008 ip:192.168.34.5
2019-09-19 09:40:39,825 [Datanode State Machine Thread - 0] INFO  datanode.InitDatanodeState (InitDatanodeState.java:persistContainerDatanodeDetails(140)) - DatanodeDetails is persisted to /workdir/hadoop-ozone/ozonefs/target/test-dir/MiniOzoneClusterImpl-21ed0f53-0413-44c7-8609-f438100532e5/datanode-6/meta/datanode.id
2019-09-19 09:40:39,834 [main] INFO  volume.HddsVolume (HddsVolume.java:<init>(176)) - Creating Volume: /workdir/hadoop-ozone/ozonefs/target/test-dir/MiniOzoneClusterImpl-21ed0f53-0413-44c7-8609-f438100532e5/datanode-7/data/containers/hdds of  storage type : DISK and capacity : 1482555576320
2019-09-19 09:40:39,834 [main] INFO  volume.VolumeSet (VolumeSet.java:initializeVolumeSet(170)) - Added Volume : /workdir/hadoop-ozone/ozonefs/target/test-dir/MiniOzoneClusterImpl-21ed0f53-0413-44c7-8609-f438100532e5/datanode-7/data/containers/hdds to VolumeSet
2019-09-19 09:40:39,834 [main] INFO  volume.ThrottledAsyncChecker (ThrottledAsyncChecker.java:schedule(140)) - Scheduling a check for org.apache.hadoop.ozone.container.common.volume.HddsVolume@1cc41b77
2019-09-19 09:40:39,835 [main] INFO  volume.HddsVolumeChecker (HddsVolumeChecker.java:checkAllVolumes(203)) - Scheduled health check for volume org.apache.hadoop.ozone.container.common.volume.HddsVolume@1cc41b77
2019-09-19 09:40:39,857 [main] INFO  impl.RaftServerProxy (ConfUtils.java:logGet(43)) - raft.rpc.type = GRPC (default)
2019-09-19 09:40:39,857 [main] INFO  grpc.GrpcFactory (GrpcFactory.java:checkPooledByteBufAllocatorUseCacheForAllThreads(45)) - PERFORMANCE WARNING: useCacheForAllThreads is true that may cause Netty to create a lot garbage objects and, as a result, trigger GC.
	It is recommended to disable useCacheForAllThreads by setting -Dorg.apache.ratis.thirdparty.io.netty.allocator.useCacheForAllThreads=false in command line.
2019-09-19 09:40:39,858 [main] INFO  grpc.GrpcConfigKeys$Server (ConfUtils.java:logGet(43)) - raft.grpc.server.port = 0 (default)
2019-09-19 09:40:39,858 [main] INFO  server.GrpcService (ConfUtils.java:logGet(43)) - raft.grpc.message.size.max = 33570816 (custom)
2019-09-19 09:40:39,858 [main] INFO  server.RaftServerConfigKeys (ConfUtils.java:logGet(43)) - raft.server.log.appender.buffer.byte-limit = 33554432 (custom)
2019-09-19 09:40:39,858 [main] INFO  server.GrpcService (ConfUtils.java:logGet(43)) - raft.grpc.flow.control.window = 1MB (=1048576) (default)
2019-09-19 09:40:39,858 [main] INFO  server.RaftServerConfigKeys (ConfUtils.java:logGet(43)) - raft.server.rpc.request.timeout = 3000ms (default)
2019-09-19 09:40:39,859 [main] INFO  server.RaftServerConfigKeys (ConfUtils.java:logGet(43)) - raft.server.storage.dir = [/workdir/hadoop-ozone/ozonefs/target/test-dir/MiniOzoneClusterImpl-21ed0f53-0413-44c7-8609-f438100532e5/datanode-7/data/ratis] (custom)
2019-09-19 09:40:39,859 [main] INFO  replication.SimpleContainerDownloader (SimpleContainerDownloader.java:<init>(72)) - Starting container downloader service to copy containers to replicate.
2019-09-19 09:40:39,861 [main] INFO  hdfs.DFSUtil (DFSUtil.java:httpServerTemplateForNNAndJN(1641)) - Starting Web-server for hddsDatanode at: http://0.0.0.0:0
2019-09-19 09:40:39,864 [main] INFO  server.AuthenticationFilter (AuthenticationFilter.java:constructSecretProvider(240)) - Unable to initialize FileSignerSecretProvider, falling back to use random secrets.
2019-09-19 09:40:39,865 [main] WARN  http.HttpRequestLog (HttpRequestLog.java:getRequestLog(97)) - Jetty request log can only be enabled using Log4j
2019-09-19 09:40:39,869 [main] INFO  http.HttpServer2 (HttpServer2.java:addGlobalFilter(975)) - Added global filter 'safety' (class=org.apache.hadoop.http.HttpServer2$QuotingInputFilter)
2019-09-19 09:40:39,870 [main] INFO  http.HttpServer2 (HttpServer2.java:addFilter(948)) - Added filter static_user_filter (class=org.apache.hadoop.http.lib.StaticUserWebFilter$StaticUserFilter) to context hddsDatanode
2019-09-19 09:40:39,871 [main] INFO  http.HttpServer2 (HttpServer2.java:addFilter(958)) - Added filter static_user_filter (class=org.apache.hadoop.http.lib.StaticUserWebFilter$StaticUserFilter) to context static
2019-09-19 09:40:39,871 [main] INFO  http.HttpServer2 (HttpServer2.java:addFilter(958)) - Added filter static_user_filter (class=org.apache.hadoop.http.lib.StaticUserWebFilter$StaticUserFilter) to context logs
2019-09-19 09:40:39,872 [main] INFO  http.HttpServer2 (HttpServer2.java:bindListener(1191)) - Jetty bound to port 44671
2019-09-19 09:40:39,873 [main] INFO  server.Server (Server.java:doStart(351)) - jetty-9.3.24.v20180605, build timestamp: 2018-06-05T17:11:56Z, git hash: 84205aa28f11a4f31f2a3b86d1bba2cc8ab69827
2019-09-19 09:40:39,875 [main] INFO  handler.ContextHandler (ContextHandler.java:doStart(781)) - Started o.e.j.s.ServletContextHandler@6f0a4e30{/logs,file:///workdir/hadoop-ozone/ozonefs/target/log,AVAILABLE}
2019-09-19 09:40:39,876 [main] INFO  handler.ContextHandler (ContextHandler.java:doStart(781)) - Started o.e.j.s.ServletContextHandler@67a8bcbb{/static,jar:file:/home/user/.m2/repository/org/apache/hadoop/hadoop-hdds-container-service/0.5.0-SNAPSHOT/hadoop-hdds-container-service-0.5.0-SNAPSHOT.jar!/webapps/static,AVAILABLE}
2019-09-19 09:40:39,924 [main] INFO  handler.ContextHandler (ContextHandler.java:doStart(781)) - Started o.e.j.w.WebAppContext@1b475663{/,file:///tmp/jetty-0.0.0.0-44671-hddsDatanode-_-any-3232372636230726110.dir/webapp/,AVAILABLE}{/hddsDatanode}
2019-09-19 09:40:39,925 [main] INFO  server.AbstractConnector (AbstractConnector.java:doStart(278)) - Started ServerConnector@1669931a{HTTP/1.1,[http/1.1]}{0.0.0.0:44671}
2019-09-19 09:40:39,926 [main] INFO  server.Server (Server.java:doStart(419)) - Started @8939ms
2019-09-19 09:40:39,927 [main] INFO  server.BaseHttpServer (BaseHttpServer.java:updateConnectorAddress(213)) - HTTP server of HDDSDATANODE is listening at http://0.0.0.0:44671
2019-09-19 09:40:40,104 | INFO  | ObjectStoreRestHttpServer | Listening HDDS REST traffic on /0.0.0.0:33512 |  
2019-09-19 09:40:40,104 [main] INFO  ozone.HddsDatanodeService (HddsDatanodeService.java:startPlugins(395)) - Started plug-in org.apache.hadoop.ozone.web.OzoneHddsDatanodeService@4e6cbdf1
2019-09-19 09:40:40,105 [main] INFO  impl.MetricsSystemImpl (MetricsSystemImpl.java:init(158)) - HddsDatanode metrics system started (again)
2019-09-19 09:40:40,110 [org.apache.hadoop.util.JvmPauseMonitor$Monitor@72fe8a96] INFO  util.JvmPauseMonitor (JvmPauseMonitor.java:run(188)) - Starting JVM pause monitor
2019-09-19 09:40:40,110 [main] INFO  ozone.HddsDatanodeService (HddsDatanodeService.java:start(184)) - HddsDatanodeService host:pr-hdds-1569-j4bt4-3030777008 ip:192.168.34.5
2019-09-19 09:40:40,114 [Datanode State Machine Thread - 0] INFO  datanode.InitDatanodeState (InitDatanodeState.java:persistContainerDatanodeDetails(140)) - DatanodeDetails is persisted to /workdir/hadoop-ozone/ozonefs/target/test-dir/MiniOzoneClusterImpl-21ed0f53-0413-44c7-8609-f438100532e5/datanode-7/meta/datanode.id
2019-09-19 09:40:40,120 [main] INFO  volume.HddsVolume (HddsVolume.java:<init>(176)) - Creating Volume: /workdir/hadoop-ozone/ozonefs/target/test-dir/MiniOzoneClusterImpl-21ed0f53-0413-44c7-8609-f438100532e5/datanode-8/data/containers/hdds of  storage type : DISK and capacity : 1482555576320
2019-09-19 09:40:40,120 [main] INFO  volume.VolumeSet (VolumeSet.java:initializeVolumeSet(170)) - Added Volume : /workdir/hadoop-ozone/ozonefs/target/test-dir/MiniOzoneClusterImpl-21ed0f53-0413-44c7-8609-f438100532e5/datanode-8/data/containers/hdds to VolumeSet
2019-09-19 09:40:40,120 [main] INFO  volume.ThrottledAsyncChecker (ThrottledAsyncChecker.java:schedule(140)) - Scheduling a check for org.apache.hadoop.ozone.container.common.volume.HddsVolume@75dd0f94
2019-09-19 09:40:40,121 [main] INFO  volume.HddsVolumeChecker (HddsVolumeChecker.java:checkAllVolumes(203)) - Scheduled health check for volume org.apache.hadoop.ozone.container.common.volume.HddsVolume@75dd0f94
2019-09-19 09:40:40,148 [main] INFO  impl.RaftServerProxy (ConfUtils.java:logGet(43)) - raft.rpc.type = GRPC (default)
2019-09-19 09:40:40,148 [main] INFO  grpc.GrpcFactory (GrpcFactory.java:checkPooledByteBufAllocatorUseCacheForAllThreads(45)) - PERFORMANCE WARNING: useCacheForAllThreads is true that may cause Netty to create a lot garbage objects and, as a result, trigger GC.
	It is recommended to disable useCacheForAllThreads by setting -Dorg.apache.ratis.thirdparty.io.netty.allocator.useCacheForAllThreads=false in command line.
2019-09-19 09:40:40,149 [main] INFO  grpc.GrpcConfigKeys$Server (ConfUtils.java:logGet(43)) - raft.grpc.server.port = 0 (default)
2019-09-19 09:40:40,149 [main] INFO  server.GrpcService (ConfUtils.java:logGet(43)) - raft.grpc.message.size.max = 33570816 (custom)
2019-09-19 09:40:40,149 [main] INFO  server.RaftServerConfigKeys (ConfUtils.java:logGet(43)) - raft.server.log.appender.buffer.byte-limit = 33554432 (custom)
2019-09-19 09:40:40,149 [main] INFO  server.GrpcService (ConfUtils.java:logGet(43)) - raft.grpc.flow.control.window = 1MB (=1048576) (default)
2019-09-19 09:40:40,150 [main] INFO  server.RaftServerConfigKeys (ConfUtils.java:logGet(43)) - raft.server.rpc.request.timeout = 3000ms (default)
2019-09-19 09:40:40,151 [main] INFO  server.RaftServerConfigKeys (ConfUtils.java:logGet(43)) - raft.server.storage.dir = [/workdir/hadoop-ozone/ozonefs/target/test-dir/MiniOzoneClusterImpl-21ed0f53-0413-44c7-8609-f438100532e5/datanode-8/data/ratis] (custom)
2019-09-19 09:40:40,151 [main] INFO  replication.SimpleContainerDownloader (SimpleContainerDownloader.java:<init>(72)) - Starting container downloader service to copy containers to replicate.
2019-09-19 09:40:40,153 [main] INFO  hdfs.DFSUtil (DFSUtil.java:httpServerTemplateForNNAndJN(1641)) - Starting Web-server for hddsDatanode at: http://0.0.0.0:0
2019-09-19 09:40:40,155 [main] INFO  server.AuthenticationFilter (AuthenticationFilter.java:constructSecretProvider(240)) - Unable to initialize FileSignerSecretProvider, falling back to use random secrets.
2019-09-19 09:40:40,156 [main] WARN  http.HttpRequestLog (HttpRequestLog.java:getRequestLog(97)) - Jetty request log can only be enabled using Log4j
2019-09-19 09:40:40,158 [main] INFO  http.HttpServer2 (HttpServer2.java:addGlobalFilter(975)) - Added global filter 'safety' (class=org.apache.hadoop.http.HttpServer2$QuotingInputFilter)
2019-09-19 09:40:40,159 [main] INFO  http.HttpServer2 (HttpServer2.java:addFilter(948)) - Added filter static_user_filter (class=org.apache.hadoop.http.lib.StaticUserWebFilter$StaticUserFilter) to context hddsDatanode
2019-09-19 09:40:40,160 [main] INFO  http.HttpServer2 (HttpServer2.java:addFilter(958)) - Added filter static_user_filter (class=org.apache.hadoop.http.lib.StaticUserWebFilter$StaticUserFilter) to context static
2019-09-19 09:40:40,160 [main] INFO  http.HttpServer2 (HttpServer2.java:addFilter(958)) - Added filter static_user_filter (class=org.apache.hadoop.http.lib.StaticUserWebFilter$StaticUserFilter) to context logs
2019-09-19 09:40:40,161 [main] INFO  http.HttpServer2 (HttpServer2.java:bindListener(1191)) - Jetty bound to port 40733
2019-09-19 09:40:40,161 [main] INFO  server.Server (Server.java:doStart(351)) - jetty-9.3.24.v20180605, build timestamp: 2018-06-05T17:11:56Z, git hash: 84205aa28f11a4f31f2a3b86d1bba2cc8ab69827
2019-09-19 09:40:40,163 [main] INFO  handler.ContextHandler (ContextHandler.java:doStart(781)) - Started o.e.j.s.ServletContextHandler@40cf6254{/logs,file:///workdir/hadoop-ozone/ozonefs/target/log,AVAILABLE}
2019-09-19 09:40:40,164 [main] INFO  handler.ContextHandler (ContextHandler.java:doStart(781)) - Started o.e.j.s.ServletContextHandler@2c77344f{/static,jar:file:/home/user/.m2/repository/org/apache/hadoop/hadoop-hdds-container-service/0.5.0-SNAPSHOT/hadoop-hdds-container-service-0.5.0-SNAPSHOT.jar!/webapps/static,AVAILABLE}
2019-09-19 09:40:40,169 | INFO  | SCMAudit | user=jenkins1000 | ip=192.168.34.5 | op=GET_VERSION null | ret=SUCCESS |  
2019-09-19 09:40:40,192 [Datanode State Machine Thread - 0] INFO  ozoneimpl.OzoneContainer (OzoneContainer.java:start(186)) - Attempting to start container services.
2019-09-19 09:40:40,194 [Datanode State Machine Thread - 0] INFO  ozoneimpl.OzoneContainer (OzoneContainer.java:startContainerScrub(160)) - Background container scrubber has been disabled by hdds.containerscrub.enabled
2019-09-19 09:40:40,194 [Datanode State Machine Thread - 0] INFO  ratis.XceiverServerRatis (XceiverServerRatis.java:start(404)) - Starting XceiverServerRatis 1bcbd64b-2199-49e1-86d3-4e4b64d88b4a at port 0
2019-09-19 09:40:40,204 [main] INFO  handler.ContextHandler (ContextHandler.java:doStart(781)) - Started o.e.j.w.WebAppContext@7198ab9a{/,file:///tmp/jetty-0.0.0.0-40733-hddsDatanode-_-any-7940879092990813073.dir/webapp/,AVAILABLE}{/hddsDatanode}
2019-09-19 09:40:40,205 [main] INFO  server.AbstractConnector (AbstractConnector.java:doStart(278)) - Started ServerConnector@67d5ac2f{HTTP/1.1,[http/1.1]}{0.0.0.0:40733}
2019-09-19 09:40:40,208 [main] INFO  server.Server (Server.java:doStart(419)) - Started @9222ms
2019-09-19 09:40:40,209 [main] INFO  server.BaseHttpServer (BaseHttpServer.java:updateConnectorAddress(213)) - HTTP server of HDDSDATANODE is listening at http://0.0.0.0:40733
2019-09-19 09:40:40,218 [Datanode State Machine Thread - 0] INFO  impl.RaftServerProxy (RaftServerProxy.java:lambda$start$3(299)) - 1bcbd64b-2199-49e1-86d3-4e4b64d88b4a: start RPC server
2019-09-19 09:40:40,362 [Datanode State Machine Thread - 0] INFO  server.GrpcService (GrpcService.java:startImpl(149)) - 1bcbd64b-2199-49e1-86d3-4e4b64d88b4a: GrpcService started, listening on 0.0.0.0/0.0.0.0:41194
2019-09-19 09:40:40,364 [Datanode State Machine Thread - 0] INFO  ratis.XceiverServerRatis (XceiverServerRatis.java:start(414)) - XceiverServerRatis 1bcbd64b-2199-49e1-86d3-4e4b64d88b4a is started using port 41194
2019-09-19 09:40:40,366 [Datanode State Machine Thread - 0] INFO  server.XceiverServerGrpc (XceiverServerGrpc.java:start(163)) - XceiverServerGrpc 1bcbd64b-2199-49e1-86d3-4e4b64d88b4a is started using port 38993
2019-09-19 09:40:40,378 | INFO  | ObjectStoreRestHttpServer | Listening HDDS REST traffic on /0.0.0.0:39161 |  
2019-09-19 09:40:40,378 [main] INFO  ozone.HddsDatanodeService (HddsDatanodeService.java:startPlugins(395)) - Started plug-in org.apache.hadoop.ozone.web.OzoneHddsDatanodeService@1aeff8ca
2019-09-19 09:40:40,378 [main] INFO  impl.MetricsSystemImpl (MetricsSystemImpl.java:init(158)) - HddsDatanode metrics system started (again)
2019-09-19 09:40:40,386 [org.apache.hadoop.util.JvmPauseMonitor$Monitor@5f41fb2b] INFO  util.JvmPauseMonitor (JvmPauseMonitor.java:run(188)) - Starting JVM pause monitor
2019-09-19 09:40:40,387 [main] INFO  ozone.HddsDatanodeService (HddsDatanodeService.java:start(184)) - HddsDatanodeService host:pr-hdds-1569-j4bt4-3030777008 ip:192.168.34.5
2019-09-19 09:40:40,390 [Datanode State Machine Thread - 0] INFO  datanode.InitDatanodeState (InitDatanodeState.java:persistContainerDatanodeDetails(140)) - DatanodeDetails is persisted to /workdir/hadoop-ozone/ozonefs/target/test-dir/MiniOzoneClusterImpl-21ed0f53-0413-44c7-8609-f438100532e5/datanode-8/meta/datanode.id
2019-09-19 09:40:40,401 [main] INFO  volume.HddsVolume (HddsVolume.java:<init>(176)) - Creating Volume: /workdir/hadoop-ozone/ozonefs/target/test-dir/MiniOzoneClusterImpl-21ed0f53-0413-44c7-8609-f438100532e5/datanode-9/data/containers/hdds of  storage type : DISK and capacity : 1482555576320
2019-09-19 09:40:40,401 [main] INFO  volume.VolumeSet (VolumeSet.java:initializeVolumeSet(170)) - Added Volume : /workdir/hadoop-ozone/ozonefs/target/test-dir/MiniOzoneClusterImpl-21ed0f53-0413-44c7-8609-f438100532e5/datanode-9/data/containers/hdds to VolumeSet
2019-09-19 09:40:40,401 [main] INFO  volume.ThrottledAsyncChecker (ThrottledAsyncChecker.java:schedule(140)) - Scheduling a check for org.apache.hadoop.ozone.container.common.volume.HddsVolume@4fa5cc73
2019-09-19 09:40:40,402 [main] INFO  volume.HddsVolumeChecker (HddsVolumeChecker.java:checkAllVolumes(203)) - Scheduled health check for volume org.apache.hadoop.ozone.container.common.volume.HddsVolume@4fa5cc73
2019-09-19 09:40:40,423 [main] INFO  impl.RaftServerProxy (ConfUtils.java:logGet(43)) - raft.rpc.type = GRPC (default)
2019-09-19 09:40:40,423 [main] INFO  grpc.GrpcFactory (GrpcFactory.java:checkPooledByteBufAllocatorUseCacheForAllThreads(45)) - PERFORMANCE WARNING: useCacheForAllThreads is true that may cause Netty to create a lot garbage objects and, as a result, trigger GC.
	It is recommended to disable useCacheForAllThreads by setting -Dorg.apache.ratis.thirdparty.io.netty.allocator.useCacheForAllThreads=false in command line.
2019-09-19 09:40:40,424 [main] INFO  grpc.GrpcConfigKeys$Server (ConfUtils.java:logGet(43)) - raft.grpc.server.port = 0 (default)
2019-09-19 09:40:40,424 [main] INFO  server.GrpcService (ConfUtils.java:logGet(43)) - raft.grpc.message.size.max = 33570816 (custom)
2019-09-19 09:40:40,424 [main] INFO  server.RaftServerConfigKeys (ConfUtils.java:logGet(43)) - raft.server.log.appender.buffer.byte-limit = 33554432 (custom)
2019-09-19 09:40:40,424 [main] INFO  server.GrpcService (ConfUtils.java:logGet(43)) - raft.grpc.flow.control.window = 1MB (=1048576) (default)
2019-09-19 09:40:40,424 [main] INFO  server.RaftServerConfigKeys (ConfUtils.java:logGet(43)) - raft.server.rpc.request.timeout = 3000ms (default)
2019-09-19 09:40:40,425 [main] INFO  server.RaftServerConfigKeys (ConfUtils.java:logGet(43)) - raft.server.storage.dir = [/workdir/hadoop-ozone/ozonefs/target/test-dir/MiniOzoneClusterImpl-21ed0f53-0413-44c7-8609-f438100532e5/datanode-9/data/ratis] (custom)
2019-09-19 09:40:40,425 [main] INFO  replication.SimpleContainerDownloader (SimpleContainerDownloader.java:<init>(72)) - Starting container downloader service to copy containers to replicate.
2019-09-19 09:40:40,427 [main] INFO  hdfs.DFSUtil (DFSUtil.java:httpServerTemplateForNNAndJN(1641)) - Starting Web-server for hddsDatanode at: http://0.0.0.0:0
2019-09-19 09:40:40,429 [main] INFO  server.AuthenticationFilter (AuthenticationFilter.java:constructSecretProvider(240)) - Unable to initialize FileSignerSecretProvider, falling back to use random secrets.
2019-09-19 09:40:40,429 [main] WARN  http.HttpRequestLog (HttpRequestLog.java:getRequestLog(97)) - Jetty request log can only be enabled using Log4j
2019-09-19 09:40:40,432 [main] INFO  http.HttpServer2 (HttpServer2.java:addGlobalFilter(975)) - Added global filter 'safety' (class=org.apache.hadoop.http.HttpServer2$QuotingInputFilter)
2019-09-19 09:40:40,433 [main] INFO  http.HttpServer2 (HttpServer2.java:addFilter(948)) - Added filter static_user_filter (class=org.apache.hadoop.http.lib.StaticUserWebFilter$StaticUserFilter) to context hddsDatanode
2019-09-19 09:40:40,433 [main] INFO  http.HttpServer2 (HttpServer2.java:addFilter(958)) - Added filter static_user_filter (class=org.apache.hadoop.http.lib.StaticUserWebFilter$StaticUserFilter) to context logs
2019-09-19 09:40:40,433 [main] INFO  http.HttpServer2 (HttpServer2.java:addFilter(958)) - Added filter static_user_filter (class=org.apache.hadoop.http.lib.StaticUserWebFilter$StaticUserFilter) to context static
2019-09-19 09:40:40,434 [main] INFO  http.HttpServer2 (HttpServer2.java:bindListener(1191)) - Jetty bound to port 44079
2019-09-19 09:40:40,434 [main] INFO  server.Server (Server.java:doStart(351)) - jetty-9.3.24.v20180605, build timestamp: 2018-06-05T17:11:56Z, git hash: 84205aa28f11a4f31f2a3b86d1bba2cc8ab69827
2019-09-19 09:40:40,437 [main] INFO  handler.ContextHandler (ContextHandler.java:doStart(781)) - Started o.e.j.s.ServletContextHandler@5f6a8efe{/logs,file:///workdir/hadoop-ozone/ozonefs/target/log,AVAILABLE}
2019-09-19 09:40:40,438 | INFO  | SCMAudit | user=jenkins1000 | ip=192.168.34.5 | op=GET_VERSION null | ret=SUCCESS |  
2019-09-19 09:40:40,438 [main] INFO  handler.ContextHandler (ContextHandler.java:doStart(781)) - Started o.e.j.s.ServletContextHandler@6a1d1467{/static,jar:file:/home/user/.m2/repository/org/apache/hadoop/hadoop-hdds-container-service/0.5.0-SNAPSHOT/hadoop-hdds-container-service-0.5.0-SNAPSHOT.jar!/webapps/static,AVAILABLE}
2019-09-19 09:40:40,451 [Datanode State Machine Thread - 0] INFO  ozoneimpl.OzoneContainer (OzoneContainer.java:start(186)) - Attempting to start container services.
2019-09-19 09:40:40,452 [Datanode State Machine Thread - 0] INFO  ozoneimpl.OzoneContainer (OzoneContainer.java:startContainerScrub(160)) - Background container scrubber has been disabled by hdds.containerscrub.enabled
2019-09-19 09:40:40,453 [Datanode State Machine Thread - 0] INFO  ratis.XceiverServerRatis (XceiverServerRatis.java:start(404)) - Starting XceiverServerRatis 28f77823-de9e-44cc-bd18-5b415144a5bf at port 0
2019-09-19 09:40:40,460 [Datanode State Machine Thread - 0] INFO  impl.RaftServerProxy (RaftServerProxy.java:lambda$start$3(299)) - 28f77823-de9e-44cc-bd18-5b415144a5bf: start RPC server
2019-09-19 09:40:40,463 [Datanode State Machine Thread - 0] INFO  server.GrpcService (GrpcService.java:startImpl(149)) - 28f77823-de9e-44cc-bd18-5b415144a5bf: GrpcService started, listening on 0.0.0.0/0.0.0.0:41344
2019-09-19 09:40:40,463 [Datanode State Machine Thread - 0] INFO  ratis.XceiverServerRatis (XceiverServerRatis.java:start(414)) - XceiverServerRatis 28f77823-de9e-44cc-bd18-5b415144a5bf is started using port 41344
2019-09-19 09:40:40,465 [Datanode State Machine Thread - 0] INFO  server.XceiverServerGrpc (XceiverServerGrpc.java:start(163)) - XceiverServerGrpc 28f77823-de9e-44cc-bd18-5b415144a5bf is started using port 42871
2019-09-19 09:40:40,482 [main] INFO  handler.ContextHandler (ContextHandler.java:doStart(781)) - Started o.e.j.w.WebAppContext@2c2a903f{/,file:///tmp/jetty-0.0.0.0-44079-hddsDatanode-_-any-3500687705478350446.dir/webapp/,AVAILABLE}{/hddsDatanode}
2019-09-19 09:40:40,482 [main] INFO  server.AbstractConnector (AbstractConnector.java:doStart(278)) - Started ServerConnector@7d537616{HTTP/1.1,[http/1.1]}{0.0.0.0:44079}
2019-09-19 09:40:40,483 [main] INFO  server.Server (Server.java:doStart(419)) - Started @9497ms
2019-09-19 09:40:40,484 [main] INFO  server.BaseHttpServer (BaseHttpServer.java:updateConnectorAddress(213)) - HTTP server of HDDSDATANODE is listening at http://0.0.0.0:44079
2019-09-19 09:40:40,601 | INFO  | ObjectStoreRestHttpServer | Listening HDDS REST traffic on /0.0.0.0:43683 |  
2019-09-19 09:40:40,601 [main] INFO  ozone.HddsDatanodeService (HddsDatanodeService.java:startPlugins(395)) - Started plug-in org.apache.hadoop.ozone.web.OzoneHddsDatanodeService@7bce9ce4
2019-09-19 09:40:40,604 [main] INFO  ozone.MiniOzoneClusterImpl (MiniOzoneClusterImpl.java:lambda$waitForClusterToBeReady$0(142)) - Waiting for cluster to be ready. Got 0 of 10 DN Heartbeats.
2019-09-19 09:40:40,605 [org.apache.hadoop.util.JvmPauseMonitor$Monitor@104fe6e0] INFO  util.JvmPauseMonitor (JvmPauseMonitor.java:run(188)) - Starting JVM pause monitor
2019-09-19 09:40:40,608 [Datanode State Machine Thread - 0] INFO  datanode.InitDatanodeState (InitDatanodeState.java:persistContainerDatanodeDetails(140)) - DatanodeDetails is persisted to /workdir/hadoop-ozone/ozonefs/target/test-dir/MiniOzoneClusterImpl-21ed0f53-0413-44c7-8609-f438100532e5/datanode-9/meta/datanode.id
2019-09-19 09:40:40,725 | INFO  | SCMAudit | user=jenkins1000 | ip=192.168.34.5 | op=GET_VERSION null | ret=SUCCESS |  
2019-09-19 09:40:40,741 [Datanode State Machine Thread - 0] INFO  ozoneimpl.OzoneContainer (OzoneContainer.java:start(186)) - Attempting to start container services.
2019-09-19 09:40:40,741 [Datanode State Machine Thread - 0] INFO  ozoneimpl.OzoneContainer (OzoneContainer.java:startContainerScrub(160)) - Background container scrubber has been disabled by hdds.containerscrub.enabled
2019-09-19 09:40:40,741 [Datanode State Machine Thread - 0] INFO  ratis.XceiverServerRatis (XceiverServerRatis.java:start(404)) - Starting XceiverServerRatis 90577c55-fd31-444d-84bd-73a3c37bc268 at port 0
2019-09-19 09:40:40,749 [Datanode State Machine Thread - 0] INFO  impl.RaftServerProxy (RaftServerProxy.java:lambda$start$3(299)) - 90577c55-fd31-444d-84bd-73a3c37bc268: start RPC server
2019-09-19 09:40:40,752 [Datanode State Machine Thread - 0] INFO  server.GrpcService (GrpcService.java:startImpl(149)) - 90577c55-fd31-444d-84bd-73a3c37bc268: GrpcService started, listening on 0.0.0.0/0.0.0.0:38982
2019-09-19 09:40:40,752 [Datanode State Machine Thread - 0] INFO  ratis.XceiverServerRatis (XceiverServerRatis.java:start(414)) - XceiverServerRatis 90577c55-fd31-444d-84bd-73a3c37bc268 is started using port 38982
2019-09-19 09:40:40,755 [Datanode State Machine Thread - 0] INFO  server.XceiverServerGrpc (XceiverServerGrpc.java:start(163)) - XceiverServerGrpc 90577c55-fd31-444d-84bd-73a3c37bc268 is started using port 37554
2019-09-19 09:40:40,971 | INFO  | SCMAudit | user=jenkins1000 | ip=192.168.34.5 | op=GET_VERSION null | ret=SUCCESS |  
2019-09-19 09:40:40,986 [Datanode State Machine Thread - 0] INFO  ozoneimpl.OzoneContainer (OzoneContainer.java:start(186)) - Attempting to start container services.
2019-09-19 09:40:40,987 [Datanode State Machine Thread - 0] INFO  ozoneimpl.OzoneContainer (OzoneContainer.java:startContainerScrub(160)) - Background container scrubber has been disabled by hdds.containerscrub.enabled
2019-09-19 09:40:40,987 [Datanode State Machine Thread - 0] INFO  ratis.XceiverServerRatis (XceiverServerRatis.java:start(404)) - Starting XceiverServerRatis d87be78c-f122-4471-b781-d01263e91835 at port 0
2019-09-19 09:40:41,010 [Datanode State Machine Thread - 0] INFO  impl.RaftServerProxy (RaftServerProxy.java:lambda$start$3(299)) - d87be78c-f122-4471-b781-d01263e91835: start RPC server
2019-09-19 09:40:41,017 [Datanode State Machine Thread - 0] INFO  server.GrpcService (GrpcService.java:startImpl(149)) - d87be78c-f122-4471-b781-d01263e91835: GrpcService started, listening on 0.0.0.0/0.0.0.0:39992
2019-09-19 09:40:41,017 [Datanode State Machine Thread - 0] INFO  ratis.XceiverServerRatis (XceiverServerRatis.java:start(414)) - XceiverServerRatis d87be78c-f122-4471-b781-d01263e91835 is started using port 39992
2019-09-19 09:40:41,020 [Datanode State Machine Thread - 0] INFO  server.XceiverServerGrpc (XceiverServerGrpc.java:start(163)) - XceiverServerGrpc d87be78c-f122-4471-b781-d01263e91835 is started using port 32977
2019-09-19 09:40:41,301 | INFO  | SCMAudit | user=jenkins1000 | ip=192.168.34.5 | op=GET_VERSION null | ret=SUCCESS |  
2019-09-19 09:40:41,317 [Datanode State Machine Thread - 0] INFO  ozoneimpl.OzoneContainer (OzoneContainer.java:start(186)) - Attempting to start container services.
2019-09-19 09:40:41,317 [Datanode State Machine Thread - 0] INFO  ozoneimpl.OzoneContainer (OzoneContainer.java:startContainerScrub(160)) - Background container scrubber has been disabled by hdds.containerscrub.enabled
2019-09-19 09:40:41,317 [Datanode State Machine Thread - 0] INFO  ratis.XceiverServerRatis (XceiverServerRatis.java:start(404)) - Starting XceiverServerRatis 47e0c7c0-2680-4f55-9417-80daafef46d1 at port 0
2019-09-19 09:40:41,324 [Datanode State Machine Thread - 0] INFO  impl.RaftServerProxy (RaftServerProxy.java:lambda$start$3(299)) - 47e0c7c0-2680-4f55-9417-80daafef46d1: start RPC server
2019-09-19 09:40:41,330 [Datanode State Machine Thread - 0] INFO  server.GrpcService (GrpcService.java:startImpl(149)) - 47e0c7c0-2680-4f55-9417-80daafef46d1: GrpcService started, listening on 0.0.0.0/0.0.0.0:40718
2019-09-19 09:40:41,330 [Datanode State Machine Thread - 0] INFO  ratis.XceiverServerRatis (XceiverServerRatis.java:start(414)) - XceiverServerRatis 47e0c7c0-2680-4f55-9417-80daafef46d1 is started using port 40718
2019-09-19 09:40:41,334 [Datanode State Machine Thread - 0] INFO  server.XceiverServerGrpc (XceiverServerGrpc.java:start(163)) - XceiverServerGrpc 47e0c7c0-2680-4f55-9417-80daafef46d1 is started using port 34126
2019-09-19 09:40:41,593 | INFO  | SCMAudit | user=jenkins1000 | ip=192.168.34.5 | op=GET_VERSION null | ret=SUCCESS |  
2019-09-19 09:40:41,604 [main] INFO  ozone.MiniOzoneClusterImpl (MiniOzoneClusterImpl.java:lambda$waitForClusterToBeReady$0(142)) - Waiting for cluster to be ready. Got 0 of 10 DN Heartbeats.
2019-09-19 09:40:41,630 [Datanode State Machine Thread - 0] INFO  ozoneimpl.OzoneContainer (OzoneContainer.java:start(186)) - Attempting to start container services.
2019-09-19 09:40:41,630 [Datanode State Machine Thread - 0] INFO  ozoneimpl.OzoneContainer (OzoneContainer.java:startContainerScrub(160)) - Background container scrubber has been disabled by hdds.containerscrub.enabled
2019-09-19 09:40:41,630 [Datanode State Machine Thread - 0] INFO  ratis.XceiverServerRatis (XceiverServerRatis.java:start(404)) - Starting XceiverServerRatis 1cd79902-2a06-4a3f-8023-3eba64f51293 at port 0
2019-09-19 09:40:41,637 [Datanode State Machine Thread - 0] INFO  impl.RaftServerProxy (RaftServerProxy.java:lambda$start$3(299)) - 1cd79902-2a06-4a3f-8023-3eba64f51293: start RPC server
2019-09-19 09:40:41,646 [Datanode State Machine Thread - 0] INFO  server.GrpcService (GrpcService.java:startImpl(149)) - 1cd79902-2a06-4a3f-8023-3eba64f51293: GrpcService started, listening on 0.0.0.0/0.0.0.0:43611
2019-09-19 09:40:41,647 [Datanode State Machine Thread - 0] INFO  ratis.XceiverServerRatis (XceiverServerRatis.java:start(414)) - XceiverServerRatis 1cd79902-2a06-4a3f-8023-3eba64f51293 is started using port 43611
2019-09-19 09:40:41,650 [Datanode State Machine Thread - 0] INFO  server.XceiverServerGrpc (XceiverServerGrpc.java:start(163)) - XceiverServerGrpc 1cd79902-2a06-4a3f-8023-3eba64f51293 is started using port 39197
2019-09-19 09:40:41,827 | INFO  | SCMAudit | user=jenkins1000 | ip=192.168.34.5 | op=GET_VERSION null | ret=SUCCESS |  
2019-09-19 09:40:41,842 [Datanode State Machine Thread - 0] INFO  ozoneimpl.OzoneContainer (OzoneContainer.java:start(186)) - Attempting to start container services.
2019-09-19 09:40:41,843 [Datanode State Machine Thread - 0] INFO  ozoneimpl.OzoneContainer (OzoneContainer.java:startContainerScrub(160)) - Background container scrubber has been disabled by hdds.containerscrub.enabled
2019-09-19 09:40:41,843 [Datanode State Machine Thread - 0] INFO  ratis.XceiverServerRatis (XceiverServerRatis.java:start(404)) - Starting XceiverServerRatis bb9d252a-546d-48b3-aabe-52964da86e48 at port 0
2019-09-19 09:40:41,849 [Datanode State Machine Thread - 0] INFO  impl.RaftServerProxy (RaftServerProxy.java:lambda$start$3(299)) - bb9d252a-546d-48b3-aabe-52964da86e48: start RPC server
2019-09-19 09:40:41,855 [Datanode State Machine Thread - 0] INFO  server.GrpcService (GrpcService.java:startImpl(149)) - bb9d252a-546d-48b3-aabe-52964da86e48: GrpcService started, listening on 0.0.0.0/0.0.0.0:44392
2019-09-19 09:40:41,855 [Datanode State Machine Thread - 0] INFO  ratis.XceiverServerRatis (XceiverServerRatis.java:start(414)) - XceiverServerRatis bb9d252a-546d-48b3-aabe-52964da86e48 is started using port 44392
2019-09-19 09:40:41,859 [Datanode State Machine Thread - 0] INFO  server.XceiverServerGrpc (XceiverServerGrpc.java:start(163)) - XceiverServerGrpc bb9d252a-546d-48b3-aabe-52964da86e48 is started using port 32889
2019-09-19 09:40:42,113 | INFO  | SCMAudit | user=jenkins1000 | ip=192.168.34.5 | op=GET_VERSION null | ret=SUCCESS |  
2019-09-19 09:40:42,129 [Datanode State Machine Thread - 0] INFO  ozoneimpl.OzoneContainer (OzoneContainer.java:start(186)) - Attempting to start container services.
2019-09-19 09:40:42,129 [Datanode State Machine Thread - 0] INFO  ozoneimpl.OzoneContainer (OzoneContainer.java:startContainerScrub(160)) - Background container scrubber has been disabled by hdds.containerscrub.enabled
2019-09-19 09:40:42,130 [Datanode State Machine Thread - 0] INFO  ratis.XceiverServerRatis (XceiverServerRatis.java:start(404)) - Starting XceiverServerRatis 7076406d-aee0-4126-8bab-f0c87a3fcebd at port 0
2019-09-19 09:40:42,136 [Datanode State Machine Thread - 0] INFO  impl.RaftServerProxy (RaftServerProxy.java:lambda$start$3(299)) - 7076406d-aee0-4126-8bab-f0c87a3fcebd: start RPC server
2019-09-19 09:40:42,142 [Datanode State Machine Thread - 0] INFO  server.GrpcService (GrpcService.java:startImpl(149)) - 7076406d-aee0-4126-8bab-f0c87a3fcebd: GrpcService started, listening on 0.0.0.0/0.0.0.0:33583
2019-09-19 09:40:42,142 [Datanode State Machine Thread - 0] INFO  ratis.XceiverServerRatis (XceiverServerRatis.java:start(414)) - XceiverServerRatis 7076406d-aee0-4126-8bab-f0c87a3fcebd is started using port 33583
2019-09-19 09:40:42,148 [Datanode State Machine Thread - 0] INFO  server.XceiverServerGrpc (XceiverServerGrpc.java:start(163)) - XceiverServerGrpc 7076406d-aee0-4126-8bab-f0c87a3fcebd is started using port 33408
2019-09-19 09:40:42,193 [IPC Server handler 8 on 45258] INFO  net.NetworkTopology (NetworkTopologyImpl.java:add(110)) - Added a new node: /default-rack/1bcbd64b-2199-49e1-86d3-4e4b64d88b4a
2019-09-19 09:40:42,194 [IPC Server handler 8 on 45258] INFO  node.SCMNodeManager (SCMNodeManager.java:register(273)) - Registered Data node : 1bcbd64b-2199-49e1-86d3-4e4b64d88b4a{ip: 192.168.34.5, host: pr-hdds-1569-j4bt4-3030777008, networkLocation: /default-rack, certSerialId: null}
2019-09-19 09:40:42,200 [EventQueue-NodeRegistrationContainerReportForDataNodeSafeModeRule] INFO  safemode.SCMSafeModeManager (DataNodeSafeModeRule.java:process(71)) - SCM in safe mode. 1 DataNodes registered, 1 required.
2019-09-19 09:40:42,200 [EventQueue-NodeRegistrationContainerReportForDataNodeSafeModeRule] INFO  safemode.SCMSafeModeManager (SCMSafeModeManager.java:validateSafeModeExitRules(177)) - ScmSafeModeManager, all rules are successfully validated
2019-09-19 09:40:42,201 [EventQueue-NodeRegistrationContainerReportForDataNodeSafeModeRule] INFO  safemode.SCMSafeModeManager (SCMSafeModeManager.java:exitSafeMode(193)) - SCM exiting safe mode.
2019-09-19 09:40:42,213 | INFO  | SCMAudit | user=jenkins1000 | ip=192.168.34.5 | op=REGISTER {datanodeDetails=1bcbd64b-2199-49e1-86d3-4e4b64d88b4a{ip: 192.168.34.5, host: pr-hdds-1569-j4bt4-3030777008, networkLocation: /default-rack, certSerialId: null}} | ret=SUCCESS |  
2019-09-19 09:40:42,391 | INFO  | SCMAudit | user=jenkins1000 | ip=192.168.34.5 | op=GET_VERSION null | ret=SUCCESS |  
2019-09-19 09:40:42,414 [Datanode State Machine Thread - 0] INFO  ozoneimpl.OzoneContainer (OzoneContainer.java:start(186)) - Attempting to start container services.
2019-09-19 09:40:42,415 [Datanode State Machine Thread - 0] INFO  ozoneimpl.OzoneContainer (OzoneContainer.java:startContainerScrub(160)) - Background container scrubber has been disabled by hdds.containerscrub.enabled
2019-09-19 09:40:42,415 [Datanode State Machine Thread - 0] INFO  ratis.XceiverServerRatis (XceiverServerRatis.java:start(404)) - Starting XceiverServerRatis 00cd5ee6-30a6-4c0a-bb6c-a5a65ddde9fb at port 0
2019-09-19 09:40:42,421 [Datanode State Machine Thread - 0] INFO  impl.RaftServerProxy (RaftServerProxy.java:lambda$start$3(299)) - 00cd5ee6-30a6-4c0a-bb6c-a5a65ddde9fb: start RPC server
2019-09-19 09:40:42,427 [Datanode State Machine Thread - 0] INFO  server.GrpcService (GrpcService.java:startImpl(149)) - 00cd5ee6-30a6-4c0a-bb6c-a5a65ddde9fb: GrpcService started, listening on 0.0.0.0/0.0.0.0:39741
2019-09-19 09:40:42,427 [Datanode State Machine Thread - 0] INFO  ratis.XceiverServerRatis (XceiverServerRatis.java:start(414)) - XceiverServerRatis 00cd5ee6-30a6-4c0a-bb6c-a5a65ddde9fb is started using port 39741
2019-09-19 09:40:42,449 [Datanode State Machine Thread - 0] INFO  server.XceiverServerGrpc (XceiverServerGrpc.java:start(163)) - XceiverServerGrpc 00cd5ee6-30a6-4c0a-bb6c-a5a65ddde9fb is started using port 42259
2019-09-19 09:40:42,453 [IPC Server handler 5 on 45258] INFO  net.NetworkTopology (NetworkTopologyImpl.java:add(110)) - Added a new node: /default-rack/28f77823-de9e-44cc-bd18-5b415144a5bf
2019-09-19 09:40:42,454 [IPC Server handler 5 on 45258] INFO  node.SCMNodeManager (SCMNodeManager.java:register(273)) - Registered Data node : 28f77823-de9e-44cc-bd18-5b415144a5bf{ip: 192.168.34.5, host: pr-hdds-1569-j4bt4-3030777008, networkLocation: /default-rack, certSerialId: null}
2019-09-19 09:40:42,454 | INFO  | SCMAudit | user=jenkins1000 | ip=192.168.34.5 | op=REGISTER {datanodeDetails=28f77823-de9e-44cc-bd18-5b415144a5bf{ip: 192.168.34.5, host: pr-hdds-1569-j4bt4-3030777008, networkLocation: /default-rack, certSerialId: null}} | ret=SUCCESS |  
2019-09-19 09:40:42,605 [main] INFO  ozone.MiniOzoneClusterImpl (MiniOzoneClusterImpl.java:lambda$waitForClusterToBeReady$0(142)) - Waiting for cluster to be ready. Got 2 of 10 DN Heartbeats.
2019-09-19 09:40:42,609 | INFO  | SCMAudit | user=jenkins1000 | ip=192.168.34.5 | op=GET_VERSION null | ret=SUCCESS |  
2019-09-19 09:40:42,625 [Datanode State Machine Thread - 0] INFO  ozoneimpl.OzoneContainer (OzoneContainer.java:start(186)) - Attempting to start container services.
2019-09-19 09:40:42,629 [Datanode State Machine Thread - 0] INFO  ozoneimpl.OzoneContainer (OzoneContainer.java:startContainerScrub(160)) - Background container scrubber has been disabled by hdds.containerscrub.enabled
2019-09-19 09:40:42,629 [Datanode State Machine Thread - 0] INFO  ratis.XceiverServerRatis (XceiverServerRatis.java:start(404)) - Starting XceiverServerRatis caeb75b6-27c7-410d-b6eb-8f738956b5a3 at port 0
2019-09-19 09:40:42,637 [Datanode State Machine Thread - 0] INFO  impl.RaftServerProxy (RaftServerProxy.java:lambda$start$3(299)) - caeb75b6-27c7-410d-b6eb-8f738956b5a3: start RPC server
2019-09-19 09:40:42,641 [Datanode State Machine Thread - 0] INFO  server.GrpcService (GrpcService.java:startImpl(149)) - caeb75b6-27c7-410d-b6eb-8f738956b5a3: GrpcService started, listening on 0.0.0.0/0.0.0.0:40604
2019-09-19 09:40:42,641 [Datanode State Machine Thread - 0] INFO  ratis.XceiverServerRatis (XceiverServerRatis.java:start(414)) - XceiverServerRatis caeb75b6-27c7-410d-b6eb-8f738956b5a3 is started using port 40604
2019-09-19 09:40:42,662 [Datanode State Machine Thread - 0] INFO  server.XceiverServerGrpc (XceiverServerGrpc.java:start(163)) - XceiverServerGrpc caeb75b6-27c7-410d-b6eb-8f738956b5a3 is started using port 41311
2019-09-19 09:40:42,727 [IPC Server handler 2 on 45258] INFO  net.NetworkTopology (NetworkTopologyImpl.java:add(110)) - Added a new node: /default-rack/90577c55-fd31-444d-84bd-73a3c37bc268
2019-09-19 09:40:42,727 [IPC Server handler 2 on 45258] INFO  node.SCMNodeManager (SCMNodeManager.java:register(273)) - Registered Data node : 90577c55-fd31-444d-84bd-73a3c37bc268{ip: 192.168.34.5, host: pr-hdds-1569-j4bt4-3030777008, networkLocation: /default-rack, certSerialId: null}
2019-09-19 09:40:42,728 | INFO  | SCMAudit | user=jenkins1000 | ip=192.168.34.5 | op=REGISTER {datanodeDetails=90577c55-fd31-444d-84bd-73a3c37bc268{ip: 192.168.34.5, host: pr-hdds-1569-j4bt4-3030777008, networkLocation: /default-rack, certSerialId: null}} | ret=SUCCESS |  
2019-09-19 09:40:43,399 [IPC Server handler 13 on 45258] INFO  net.NetworkTopology (NetworkTopologyImpl.java:add(110)) - Added a new node: /default-rack/47e0c7c0-2680-4f55-9417-80daafef46d1
2019-09-19 09:40:43,400 [IPC Server handler 13 on 45258] INFO  node.SCMNodeManager (SCMNodeManager.java:register(273)) - Registered Data node : 47e0c7c0-2680-4f55-9417-80daafef46d1{ip: 192.168.34.5, host: pr-hdds-1569-j4bt4-3030777008, networkLocation: /default-rack, certSerialId: null}
2019-09-19 09:40:43,400 [IPC Server handler 5 on 45258] INFO  net.NetworkTopology (NetworkTopologyImpl.java:add(110)) - Added a new node: /default-rack/d87be78c-f122-4471-b781-d01263e91835
2019-09-19 09:40:43,400 [IPC Server handler 5 on 45258] INFO  node.SCMNodeManager (SCMNodeManager.java:register(273)) - Registered Data node : d87be78c-f122-4471-b781-d01263e91835{ip: 192.168.34.5, host: pr-hdds-1569-j4bt4-3030777008, networkLocation: /default-rack, certSerialId: null}
2019-09-19 09:40:43,400 | INFO  | SCMAudit | user=jenkins1000 | ip=192.168.34.5 | op=REGISTER {datanodeDetails=47e0c7c0-2680-4f55-9417-80daafef46d1{ip: 192.168.34.5, host: pr-hdds-1569-j4bt4-3030777008, networkLocation: /default-rack, certSerialId: null}} | ret=SUCCESS |  
2019-09-19 09:40:43,401 | INFO  | SCMAudit | user=jenkins1000 | ip=192.168.34.5 | op=REGISTER {datanodeDetails=d87be78c-f122-4471-b781-d01263e91835{ip: 192.168.34.5, host: pr-hdds-1569-j4bt4-3030777008, networkLocation: /default-rack, certSerialId: null}} | ret=SUCCESS |  
2019-09-19 09:40:43,529 [grpc-default-executor-0] INFO  impl.RaftServerProxy (RaftServerProxy.java:addNew(89)) - 1bcbd64b-2199-49e1-86d3-4e4b64d88b4a: addNew group-FF56B660160A:[1bcbd64b-2199-49e1-86d3-4e4b64d88b4a:192.168.34.5:41194] returns group-FF56B660160A:java.util.concurrent.CompletableFuture@74e24331[Not completed]
2019-09-19 09:40:43,555 [pool-27-thread-1] INFO  impl.RaftServerImpl (RaftServerImpl.java:<init>(93)) - 1bcbd64b-2199-49e1-86d3-4e4b64d88b4a: new RaftServerImpl for group-FF56B660160A:[1bcbd64b-2199-49e1-86d3-4e4b64d88b4a:192.168.34.5:41194] with ContainerStateMachine:uninitialized
2019-09-19 09:40:43,558 [pool-27-thread-1] INFO  server.RaftServerConfigKeys (ConfUtils.java:logGet(43)) - raft.server.rpc.timeout.min = 5s (custom)
2019-09-19 09:40:43,560 [pool-27-thread-1] INFO  server.RaftServerConfigKeys (ConfUtils.java:logGet(43)) - raft.server.rpc.timeout.max = 5200ms (custom)
2019-09-19 09:40:43,560 [pool-27-thread-1] INFO  server.RaftServerConfigKeys (ConfUtils.java:logGet(43)) - raft.server.rpcslowness.timeout = 120s (custom)
2019-09-19 09:40:43,561 [pool-27-thread-1] INFO  server.RaftServerConfigKeys (ConfUtils.java:logGet(43)) - raft.server.sleep.deviation.threshold = 300 (default)
2019-09-19 09:40:43,562 [pool-27-thread-1] INFO  server.RaftServerConfigKeys (ConfUtils.java:logGet(43)) - raft.server.log.appender.install.snapshot.enabled = false (custom)
2019-09-19 09:40:43,573 [pool-27-thread-1] INFO  impl.RaftServerImpl (ServerState.java:<init>(105)) - 1bcbd64b-2199-49e1-86d3-4e4b64d88b4a:group-FF56B660160A ConfigurationManager, init=-1: [1bcbd64b-2199-49e1-86d3-4e4b64d88b4a:192.168.34.5:41194], old=null, confs=<EMPTY_MAP>
2019-09-19 09:40:43,573 [pool-27-thread-1] INFO  server.RaftServerConfigKeys (ConfUtils.java:logGet(43)) - raft.server.storage.dir = [/workdir/hadoop-ozone/ozonefs/target/test-dir/MiniOzoneClusterImpl-21ed0f53-0413-44c7-8609-f438100532e5/datanode-0/data/ratis] (custom)
2019-09-19 09:40:43,583 [pool-27-thread-1] INFO  storage.RaftStorageDirectory (RaftStorageDirectory.java:analyzeStorage(246)) - The storage directory /workdir/hadoop-ozone/ozonefs/target/test-dir/MiniOzoneClusterImpl-21ed0f53-0413-44c7-8609-f438100532e5/datanode-0/data/ratis/71a11c05-bfb0-4640-acae-ff56b660160a does not exist. Creating ...
2019-09-19 09:40:43,594 [IPC Server handler 14 on 45258] INFO  net.NetworkTopology (NetworkTopologyImpl.java:add(110)) - Added a new node: /default-rack/1cd79902-2a06-4a3f-8023-3eba64f51293
2019-09-19 09:40:43,594 [IPC Server handler 14 on 45258] INFO  node.SCMNodeManager (SCMNodeManager.java:register(273)) - Registered Data node : 1cd79902-2a06-4a3f-8023-3eba64f51293{ip: 192.168.34.5, host: pr-hdds-1569-j4bt4-3030777008, networkLocation: /default-rack, certSerialId: null}
2019-09-19 09:40:43,594 | INFO  | SCMAudit | user=jenkins1000 | ip=192.168.34.5 | op=REGISTER {datanodeDetails=1cd79902-2a06-4a3f-8023-3eba64f51293{ip: 192.168.34.5, host: pr-hdds-1569-j4bt4-3030777008, networkLocation: /default-rack, certSerialId: null}} | ret=SUCCESS |  
2019-09-19 09:40:43,600 [pool-27-thread-1] INFO  storage.RaftStorageDirectory (RaftStorageDirectory.java:tryLock(328)) - Lock on /workdir/hadoop-ozone/ozonefs/target/test-dir/MiniOzoneClusterImpl-21ed0f53-0413-44c7-8609-f438100532e5/datanode-0/data/ratis/71a11c05-bfb0-4640-acae-ff56b660160a/in_use.lock acquired by nodename 23096@pr-hdds-1569-j4bt4-3030777008
2019-09-19 09:40:43,606 [main] INFO  ozone.MiniOzoneClusterImpl (MiniOzoneClusterImpl.java:lambda$waitForClusterToBeReady$0(142)) - Waiting for cluster to be ready. Got 6 of 10 DN Heartbeats.
2019-09-19 09:40:43,616 [pool-27-thread-1] INFO  storage.RaftStorage (RaftStorage.java:format(72)) - Storage directory /workdir/hadoop-ozone/ozonefs/target/test-dir/MiniOzoneClusterImpl-21ed0f53-0413-44c7-8609-f438100532e5/datanode-0/data/ratis/71a11c05-bfb0-4640-acae-ff56b660160a has been successfully formatted.
2019-09-19 09:40:43,619 [pool-27-thread-1] INFO  ratis.ContainerStateMachine (ContainerStateMachine.java:loadSnapshot(226)) - group-FF56B660160A: The snapshot info is null. Setting the last applied indexto:(t:0, i:~)
2019-09-19 09:40:43,619 [pool-27-thread-1] INFO  server.RaftServerConfigKeys (ConfUtils.java:logGet(43)) - raft.server.leader.election.timeout = 120s (custom)
2019-09-19 09:40:43,622 [pool-27-thread-1] INFO  server.RaftServerConfigKeys (ConfUtils.java:logGet(43)) - raft.server.log.use.memory = false (default)
2019-09-19 09:40:43,629 [pool-27-thread-1] INFO  server.RaftServerConfigKeys (ConfUtils.java:logGet(43)) - raft.server.log.purge.gap = 1000000 (custom)
2019-09-19 09:40:43,629 [pool-27-thread-1] INFO  server.RaftServerConfigKeys (ConfUtils.java:logGet(43)) - raft.server.log.appender.buffer.byte-limit = 33554432 (custom)
2019-09-19 09:40:43,632 [pool-27-thread-1] INFO  server.RaftServerConfigKeys (ConfUtils.java:logGet(43)) - raft.server.log.segment.size.max = 1048576 (custom)
2019-09-19 09:40:43,638 [pool-27-thread-1] INFO  server.RaftServerConfigKeys (ConfUtils.java:logGet(43)) - raft.server.log.segment.cache.num.max = 2 (custom)
2019-09-19 09:40:43,646 [pool-27-thread-1] INFO  segmented.SegmentedRaftLogWorker (SegmentedRaftLogWorker.java:<init>(172)) - new 1bcbd64b-2199-49e1-86d3-4e4b64d88b4a-SegmentedRaftLogWorker:Storage Directory /workdir/hadoop-ozone/ozonefs/target/test-dir/MiniOzoneClusterImpl-21ed0f53-0413-44c7-8609-f438100532e5/datanode-0/data/ratis/71a11c05-bfb0-4640-acae-ff56b660160a for RaftStorage:Storage Directory /workdir/hadoop-ozone/ozonefs/target/test-dir/MiniOzoneClusterImpl-21ed0f53-0413-44c7-8609-f438100532e5/datanode-0/data/ratis/71a11c05-bfb0-4640-acae-ff56b660160a
2019-09-19 09:40:43,664 [pool-27-thread-1] INFO  server.RaftServerConfigKeys (ConfUtils.java:logGet(43)) - raft.server.log.queue.byte-limit = 2147483647 (custom)
2019-09-19 09:40:43,665 [pool-27-thread-1] INFO  server.RaftServerConfigKeys (ConfUtils.java:logGet(43)) - raft.server.log.queue.element-limit = 1024 (custom)
2019-09-19 09:40:43,671 [pool-27-thread-1] INFO  server.RaftServerConfigKeys (ConfUtils.java:logGet(43)) - raft.server.log.segment.size.max = 1048576 (custom)
2019-09-19 09:40:43,672 [pool-27-thread-1] INFO  server.RaftServerConfigKeys (ConfUtils.java:logGet(43)) - raft.server.log.preallocated.size = 16384 (custom)
2019-09-19 09:40:43,672 [pool-27-thread-1] INFO  server.RaftServerConfigKeys (ConfUtils.java:logGet(43)) - raft.server.log.write.buffer.size = 33554432 (custom)
2019-09-19 09:40:43,673 [pool-27-thread-1] INFO  server.RaftServerConfigKeys (ConfUtils.java:logGet(43)) - raft.server.log.force.sync.num = 128 (default)
2019-09-19 09:40:43,674 [pool-27-thread-1] INFO  server.RaftServerConfigKeys (ConfUtils.java:logGet(43)) - raft.server.log.statemachine.data.sync = true (default)
2019-09-19 09:40:43,674 [pool-27-thread-1] INFO  server.RaftServerConfigKeys (ConfUtils.java:logGet(43)) - raft.server.log.statemachine.data.sync.timeout = 10s (default)
2019-09-19 09:40:43,674 [pool-27-thread-1] INFO  server.RaftServerConfigKeys (ConfUtils.java:logGet(43)) - raft.server.log.statemachine.data.sync.timeout.retry = -1 (default)
2019-09-19 09:40:43,687 [pool-27-thread-1] INFO  server.RaftServerConfigKeys (ConfUtils.java:logGet(43)) - raft.server.log.statemachine.data.caching.enabled = true (custom)
2019-09-19 09:40:43,697 [pool-27-thread-1] INFO  segmented.SegmentedRaftLogWorker (SegmentedRaftLogWorker.java:lambda$new$0(132)) - 1bcbd64b-2199-49e1-86d3-4e4b64d88b4a-SegmentedRaftLogWorker:Storage Directory /workdir/hadoop-ozone/ozonefs/target/test-dir/MiniOzoneClusterImpl-21ed0f53-0413-44c7-8609-f438100532e5/datanode-0/data/ratis/71a11c05-bfb0-4640-acae-ff56b660160a: flushIndex: setUnconditionally 0 -> -1
2019-09-19 09:40:43,701 [pool-27-thread-1] INFO  server.RaftServerConfigKeys (ConfUtils.java:logGet(43)) - raft.server.snapshot.auto.trigger.enabled = true (custom)
2019-09-19 09:40:43,702 [pool-27-thread-1] INFO  server.RaftServerConfigKeys (ConfUtils.java:logGet(43)) - raft.server.snapshot.auto.trigger.threshold = 10000 (custom)
2019-09-19 09:40:43,702 [pool-27-thread-1] INFO  server.RaftServerConfigKeys (ConfUtils.java:logGet(43)) - raft.server.retrycache.expirytime = 600000ms (custom)
2019-09-19 09:40:43,725 [pool-27-thread-1] INFO  impl.RaftServerImpl (RaftServerImpl.java:start(180)) - 1bcbd64b-2199-49e1-86d3-4e4b64d88b4a: start group-FF56B660160A
2019-09-19 09:40:43,726 [pool-27-thread-1] INFO  impl.RaftServerImpl (RaftServerImpl.java:setRole(171)) - 1bcbd64b-2199-49e1-86d3-4e4b64d88b4a:group-FF56B660160A changes role from null to FOLLOWER at term 0 for startAsFollower
2019-09-19 09:40:43,727 [pool-27-thread-1] INFO  impl.RoleInfo (RoleInfo.java:updateAndGet(143)) - 1bcbd64b-2199-49e1-86d3-4e4b64d88b4a: start FollowerState
2019-09-19 09:40:43,729 [pool-27-thread-1] INFO  util.JmxRegister (JmxRegister.java:tryRegister(44)) - Successfully registered JMX Bean with object name Ratis:service=RaftServer,group=group-FF56B660160A,id=1bcbd64b-2199-49e1-86d3-4e4b64d88b4a
2019-09-19 09:40:43,800 [RatisPipelineUtilsThread] INFO  pipeline.PipelineStateManager (PipelineStateManager.java:addPipeline(56)) - Created pipeline Pipeline[ Id: 71a11c05-bfb0-4640-acae-ff56b660160a, Nodes: 1bcbd64b-2199-49e1-86d3-4e4b64d88b4a{ip: 192.168.34.5, host: pr-hdds-1569-j4bt4-3030777008, networkLocation: /default-rack, certSerialId: null}, Type:RATIS, Factor:ONE, State:OPEN]
2019-09-19 09:40:43,831 [IPC Server handler 19 on 45258] INFO  net.NetworkTopology (NetworkTopologyImpl.java:add(110)) - Added a new node: /default-rack/bb9d252a-546d-48b3-aabe-52964da86e48
2019-09-19 09:40:43,831 [IPC Server handler 19 on 45258] INFO  node.SCMNodeManager (SCMNodeManager.java:register(273)) - Registered Data node : bb9d252a-546d-48b3-aabe-52964da86e48{ip: 192.168.34.5, host: pr-hdds-1569-j4bt4-3030777008, networkLocation: /default-rack, certSerialId: null}
2019-09-19 09:40:43,831 [grpc-default-executor-0] INFO  impl.RaftServerProxy (RaftServerProxy.java:addNew(89)) - 1bcbd64b-2199-49e1-86d3-4e4b64d88b4a: addNew group-B2AEABBA37D7:[1bcbd64b-2199-49e1-86d3-4e4b64d88b4a:192.168.34.5:41194] returns group-B2AEABBA37D7:java.util.concurrent.CompletableFuture@4e6f9506[Not completed]
2019-09-19 09:40:43,831 | INFO  | SCMAudit | user=jenkins1000 | ip=192.168.34.5 | op=REGISTER {datanodeDetails=bb9d252a-546d-48b3-aabe-52964da86e48{ip: 192.168.34.5, host: pr-hdds-1569-j4bt4-3030777008, networkLocation: /default-rack, certSerialId: null}} | ret=SUCCESS |  
2019-09-19 09:40:43,833 [pool-27-thread-1] INFO  impl.RaftServerImpl (RaftServerImpl.java:<init>(93)) - 1bcbd64b-2199-49e1-86d3-4e4b64d88b4a: new RaftServerImpl for group-B2AEABBA37D7:[1bcbd64b-2199-49e1-86d3-4e4b64d88b4a:192.168.34.5:41194] with ContainerStateMachine:uninitialized
2019-09-19 09:40:43,833 [pool-27-thread-1] INFO  server.RaftServerConfigKeys (ConfUtils.java:logGet(43)) - raft.server.rpc.timeout.min = 5s (custom)
2019-09-19 09:40:43,833 [pool-27-thread-1] INFO  server.RaftServerConfigKeys (ConfUtils.java:logGet(43)) - raft.server.rpc.timeout.max = 5200ms (custom)
2019-09-19 09:40:43,833 [pool-27-thread-1] INFO  server.RaftServerConfigKeys (ConfUtils.java:logGet(43)) - raft.server.rpcslowness.timeout = 120s (custom)
2019-09-19 09:40:43,833 [pool-27-thread-1] INFO  server.RaftServerConfigKeys (ConfUtils.java:logGet(43)) - raft.server.sleep.deviation.threshold = 300 (default)
2019-09-19 09:40:43,834 [pool-27-thread-1] INFO  server.RaftServerConfigKeys (ConfUtils.java:logGet(43)) - raft.server.log.appender.install.snapshot.enabled = false (custom)
2019-09-19 09:40:43,834 [pool-27-thread-1] INFO  impl.RaftServerImpl (ServerState.java:<init>(105)) - 1bcbd64b-2199-49e1-86d3-4e4b64d88b4a:group-B2AEABBA37D7 ConfigurationManager, init=-1: [1bcbd64b-2199-49e1-86d3-4e4b64d88b4a:192.168.34.5:41194], old=null, confs=<EMPTY_MAP>
2019-09-19 09:40:43,834 [pool-27-thread-1] INFO  server.RaftServerConfigKeys (ConfUtils.java:logGet(43)) - raft.server.storage.dir = [/workdir/hadoop-ozone/ozonefs/target/test-dir/MiniOzoneClusterImpl-21ed0f53-0413-44c7-8609-f438100532e5/datanode-0/data/ratis] (custom)
2019-09-19 09:40:43,834 [pool-27-thread-1] INFO  storage.RaftStorageDirectory (RaftStorageDirectory.java:analyzeStorage(246)) - The storage directory /workdir/hadoop-ozone/ozonefs/target/test-dir/MiniOzoneClusterImpl-21ed0f53-0413-44c7-8609-f438100532e5/datanode-0/data/ratis/58387d22-5940-4f91-b953-b2aeabba37d7 does not exist. Creating ...
2019-09-19 09:40:43,847 [pool-27-thread-1] INFO  storage.RaftStorageDirectory (RaftStorageDirectory.java:tryLock(328)) - Lock on /workdir/hadoop-ozone/ozonefs/target/test-dir/MiniOzoneClusterImpl-21ed0f53-0413-44c7-8609-f438100532e5/datanode-0/data/ratis/58387d22-5940-4f91-b953-b2aeabba37d7/in_use.lock acquired by nodename 23096@pr-hdds-1569-j4bt4-3030777008
2019-09-19 09:40:43,860 [pool-27-thread-1] INFO  storage.RaftStorage (RaftStorage.java:format(72)) - Storage directory /workdir/hadoop-ozone/ozonefs/target/test-dir/MiniOzoneClusterImpl-21ed0f53-0413-44c7-8609-f438100532e5/datanode-0/data/ratis/58387d22-5940-4f91-b953-b2aeabba37d7 has been successfully formatted.
2019-09-19 09:40:43,861 [pool-27-thread-1] INFO  ratis.ContainerStateMachine (ContainerStateMachine.java:loadSnapshot(226)) - group-B2AEABBA37D7: The snapshot info is null. Setting the last applied indexto:(t:0, i:~)
2019-09-19 09:40:43,861 [pool-27-thread-1] INFO  server.RaftServerConfigKeys (ConfUtils.java:logGet(43)) - raft.server.leader.election.timeout = 120s (custom)
2019-09-19 09:40:43,861 [pool-27-thread-1] INFO  server.RaftServerConfigKeys (ConfUtils.java:logGet(43)) - raft.server.log.use.memory = false (default)
2019-09-19 09:40:43,862 [pool-27-thread-1] INFO  server.RaftServerConfigKeys (ConfUtils.java:logGet(43)) - raft.server.log.purge.gap = 1000000 (custom)
2019-09-19 09:40:43,862 [pool-27-thread-1] INFO  server.RaftServerConfigKeys (ConfUtils.java:logGet(43)) - raft.server.log.appender.buffer.byte-limit = 33554432 (custom)
2019-09-19 09:40:43,862 [pool-27-thread-1] INFO  server.RaftServerConfigKeys (ConfUtils.java:logGet(43)) - raft.server.log.segment.size.max = 1048576 (custom)
2019-09-19 09:40:43,862 [pool-27-thread-1] INFO  server.RaftServerConfigKeys (ConfUtils.java:logGet(43)) - raft.server.log.segment.cache.num.max = 2 (custom)
2019-09-19 09:40:43,862 [pool-27-thread-1] INFO  segmented.SegmentedRaftLogWorker (SegmentedRaftLogWorker.java:<init>(172)) - new 1bcbd64b-2199-49e1-86d3-4e4b64d88b4a-SegmentedRaftLogWorker:Storage Directory /workdir/hadoop-ozone/ozonefs/target/test-dir/MiniOzoneClusterImpl-21ed0f53-0413-44c7-8609-f438100532e5/datanode-0/data/ratis/58387d22-5940-4f91-b953-b2aeabba37d7 for RaftStorage:Storage Directory /workdir/hadoop-ozone/ozonefs/target/test-dir/MiniOzoneClusterImpl-21ed0f53-0413-44c7-8609-f438100532e5/datanode-0/data/ratis/58387d22-5940-4f91-b953-b2aeabba37d7
2019-09-19 09:40:43,863 [pool-27-thread-1] INFO  server.RaftServerConfigKeys (ConfUtils.java:logGet(43)) - raft.server.log.queue.byte-limit = 2147483647 (custom)
2019-09-19 09:40:43,863 [pool-27-thread-1] INFO  server.RaftServerConfigKeys (ConfUtils.java:logGet(43)) - raft.server.log.queue.element-limit = 1024 (custom)
2019-09-19 09:40:43,863 [pool-27-thread-1] INFO  server.RaftServerConfigKeys (ConfUtils.java:logGet(43)) - raft.server.log.segment.size.max = 1048576 (custom)
2019-09-19 09:40:43,863 [pool-27-thread-1] INFO  server.RaftServerConfigKeys (ConfUtils.java:logGet(43)) - raft.server.log.preallocated.size = 16384 (custom)
2019-09-19 09:40:43,863 [pool-27-thread-1] INFO  server.RaftServerConfigKeys (ConfUtils.java:logGet(43)) - raft.server.log.write.buffer.size = 33554432 (custom)
2019-09-19 09:40:43,864 [pool-27-thread-1] INFO  server.RaftServerConfigKeys (ConfUtils.java:logGet(43)) - raft.server.log.force.sync.num = 128 (default)
2019-09-19 09:40:43,864 [pool-27-thread-1] INFO  server.RaftServerConfigKeys (ConfUtils.java:logGet(43)) - raft.server.log.statemachine.data.sync = true (default)
2019-09-19 09:40:43,864 [pool-27-thread-1] INFO  server.RaftServerConfigKeys (ConfUtils.java:logGet(43)) - raft.server.log.statemachine.data.sync.timeout = 10s (default)
2019-09-19 09:40:43,864 [pool-27-thread-1] INFO  server.RaftServerConfigKeys (ConfUtils.java:logGet(43)) - raft.server.log.statemachine.data.sync.timeout.retry = -1 (default)
2019-09-19 09:40:43,864 [pool-27-thread-1] INFO  server.RaftServerConfigKeys (ConfUtils.java:logGet(43)) - raft.server.log.statemachine.data.caching.enabled = true (custom)
2019-09-19 09:40:43,865 [pool-27-thread-1] INFO  segmented.SegmentedRaftLogWorker (SegmentedRaftLogWorker.java:lambda$new$0(132)) - 1bcbd64b-2199-49e1-86d3-4e4b64d88b4a-SegmentedRaftLogWorker:Storage Directory /workdir/hadoop-ozone/ozonefs/target/test-dir/MiniOzoneClusterImpl-21ed0f53-0413-44c7-8609-f438100532e5/datanode-0/data/ratis/58387d22-5940-4f91-b953-b2aeabba37d7: flushIndex: setUnconditionally 0 -> -1
2019-09-19 09:40:43,865 [pool-27-thread-1] INFO  server.RaftServerConfigKeys (ConfUtils.java:logGet(43)) - raft.server.snapshot.auto.trigger.enabled = true (custom)
2019-09-19 09:40:43,865 [pool-27-thread-1] INFO  server.RaftServerConfigKeys (ConfUtils.java:logGet(43)) - raft.server.snapshot.auto.trigger.threshold = 10000 (custom)
2019-09-19 09:40:43,866 [pool-27-thread-1] INFO  server.RaftServerConfigKeys (ConfUtils.java:logGet(43)) - raft.server.retrycache.expirytime = 600000ms (custom)
2019-09-19 09:40:43,866 [pool-27-thread-1] INFO  impl.RaftServerImpl (RaftServerImpl.java:start(180)) - 1bcbd64b-2199-49e1-86d3-4e4b64d88b4a: start group-B2AEABBA37D7
2019-09-19 09:40:43,866 [pool-27-thread-1] INFO  impl.RaftServerImpl (RaftServerImpl.java:setRole(171)) - 1bcbd64b-2199-49e1-86d3-4e4b64d88b4a:group-B2AEABBA37D7 changes role from null to FOLLOWER at term 0 for startAsFollower
2019-09-19 09:40:43,866 [pool-27-thread-1] INFO  impl.RoleInfo (RoleInfo.java:updateAndGet(143)) - 1bcbd64b-2199-49e1-86d3-4e4b64d88b4a: start FollowerState
2019-09-19 09:40:43,867 [pool-27-thread-1] INFO  util.JmxRegister (JmxRegister.java:tryRegister(44)) - Successfully registered JMX Bean with object name Ratis:service=RaftServer,group=group-B2AEABBA37D7,id=1bcbd64b-2199-49e1-86d3-4e4b64d88b4a
2019-09-19 09:40:43,881 [RatisPipelineUtilsThread] INFO  pipeline.PipelineStateManager (PipelineStateManager.java:addPipeline(56)) - Created pipeline Pipeline[ Id: 58387d22-5940-4f91-b953-b2aeabba37d7, Nodes: 1bcbd64b-2199-49e1-86d3-4e4b64d88b4a{ip: 192.168.34.5, host: pr-hdds-1569-j4bt4-3030777008, networkLocation: /default-rack, certSerialId: null}, Type:RATIS, Factor:ONE, State:OPEN]
2019-09-19 09:40:43,903 [grpc-default-executor-0] INFO  impl.RaftServerProxy (RaftServerProxy.java:addNew(89)) - d87be78c-f122-4471-b781-d01263e91835: addNew group-A6EC82A7C9AC:[d87be78c-f122-4471-b781-d01263e91835:192.168.34.5:39992] returns group-A6EC82A7C9AC:java.util.concurrent.CompletableFuture@d785eeb[Not completed]
2019-09-19 09:40:43,976 [pool-60-thread-1] INFO  impl.RaftServerImpl (RaftServerImpl.java:<init>(93)) - d87be78c-f122-4471-b781-d01263e91835: new RaftServerImpl for group-A6EC82A7C9AC:[d87be78c-f122-4471-b781-d01263e91835:192.168.34.5:39992] with ContainerStateMachine:uninitialized
2019-09-19 09:40:43,978 [pool-60-thread-1] INFO  server.RaftServerConfigKeys (ConfUtils.java:logGet(43)) - raft.server.rpc.timeout.min = 5s (custom)
2019-09-19 09:40:43,978 [pool-60-thread-1] INFO  server.RaftServerConfigKeys (ConfUtils.java:logGet(43)) - raft.server.rpc.timeout.max = 5200ms (custom)
2019-09-19 09:40:43,978 [pool-60-thread-1] INFO  server.RaftServerConfigKeys (ConfUtils.java:logGet(43)) - raft.server.rpcslowness.timeout = 120s (custom)
2019-09-19 09:40:43,978 [pool-60-thread-1] INFO  server.RaftServerConfigKeys (ConfUtils.java:logGet(43)) - raft.server.sleep.deviation.threshold = 300 (default)
2019-09-19 09:40:43,978 [pool-60-thread-1] INFO  server.RaftServerConfigKeys (ConfUtils.java:logGet(43)) - raft.server.log.appender.install.snapshot.enabled = false (custom)
2019-09-19 09:40:43,978 [pool-60-thread-1] INFO  impl.RaftServerImpl (ServerState.java:<init>(105)) - d87be78c-f122-4471-b781-d01263e91835:group-A6EC82A7C9AC ConfigurationManager, init=-1: [d87be78c-f122-4471-b781-d01263e91835:192.168.34.5:39992], old=null, confs=<EMPTY_MAP>
2019-09-19 09:40:43,978 [pool-60-thread-1] INFO  server.RaftServerConfigKeys (ConfUtils.java:logGet(43)) - raft.server.storage.dir = [/workdir/hadoop-ozone/ozonefs/target/test-dir/MiniOzoneClusterImpl-21ed0f53-0413-44c7-8609-f438100532e5/datanode-3/data/ratis] (custom)
2019-09-19 09:40:43,979 [pool-60-thread-1] INFO  storage.RaftStorageDirectory (RaftStorageDirectory.java:analyzeStorage(246)) - The storage directory /workdir/hadoop-ozone/ozonefs/target/test-dir/MiniOzoneClusterImpl-21ed0f53-0413-44c7-8609-f438100532e5/datanode-3/data/ratis/a45a9c8c-69d3-4af1-bbc8-a6ec82a7c9ac does not exist. Creating ...
2019-09-19 09:40:44,003 [pool-60-thread-1] INFO  storage.RaftStorageDirectory (RaftStorageDirectory.java:tryLock(328)) - Lock on /workdir/hadoop-ozone/ozonefs/target/test-dir/MiniOzoneClusterImpl-21ed0f53-0413-44c7-8609-f438100532e5/datanode-3/data/ratis/a45a9c8c-69d3-4af1-bbc8-a6ec82a7c9ac/in_use.lock acquired by nodename 23096@pr-hdds-1569-j4bt4-3030777008
2019-09-19 09:40:44,025 [pool-60-thread-1] INFO  storage.RaftStorage (RaftStorage.java:format(72)) - Storage directory /workdir/hadoop-ozone/ozonefs/target/test-dir/MiniOzoneClusterImpl-21ed0f53-0413-44c7-8609-f438100532e5/datanode-3/data/ratis/a45a9c8c-69d3-4af1-bbc8-a6ec82a7c9ac has been successfully formatted.
2019-09-19 09:40:44,028 [pool-60-thread-1] INFO  ratis.ContainerStateMachine (ContainerStateMachine.java:loadSnapshot(226)) - group-A6EC82A7C9AC: The snapshot info is null. Setting the last applied indexto:(t:0, i:~)
2019-09-19 09:40:44,030 [pool-60-thread-1] INFO  server.RaftServerConfigKeys (ConfUtils.java:logGet(43)) - raft.server.leader.election.timeout = 120s (custom)
2019-09-19 09:40:44,030 [pool-60-thread-1] INFO  server.RaftServerConfigKeys (ConfUtils.java:logGet(43)) - raft.server.log.use.memory = false (default)
2019-09-19 09:40:44,030 [pool-60-thread-1] INFO  server.RaftServerConfigKeys (ConfUtils.java:logGet(43)) - raft.server.log.purge.gap = 1000000 (custom)
2019-09-19 09:40:44,030 [pool-60-thread-1] INFO  server.RaftServerConfigKeys (ConfUtils.java:logGet(43)) - raft.server.log.appender.buffer.byte-limit = 33554432 (custom)
2019-09-19 09:40:44,031 [pool-60-thread-1] INFO  server.RaftServerConfigKeys (ConfUtils.java:logGet(43)) - raft.server.log.segment.size.max = 1048576 (custom)
2019-09-19 09:40:44,031 [pool-60-thread-1] INFO  server.RaftServerConfigKeys (ConfUtils.java:logGet(43)) - raft.server.log.segment.cache.num.max = 2 (custom)
2019-09-19 09:40:44,031 [pool-60-thread-1] INFO  segmented.SegmentedRaftLogWorker (SegmentedRaftLogWorker.java:<init>(172)) - new d87be78c-f122-4471-b781-d01263e91835-SegmentedRaftLogWorker:Storage Directory /workdir/hadoop-ozone/ozonefs/target/test-dir/MiniOzoneClusterImpl-21ed0f53-0413-44c7-8609-f438100532e5/datanode-3/data/ratis/a45a9c8c-69d3-4af1-bbc8-a6ec82a7c9ac for RaftStorage:Storage Directory /workdir/hadoop-ozone/ozonefs/target/test-dir/MiniOzoneClusterImpl-21ed0f53-0413-44c7-8609-f438100532e5/datanode-3/data/ratis/a45a9c8c-69d3-4af1-bbc8-a6ec82a7c9ac
2019-09-19 09:40:44,033 [pool-60-thread-1] INFO  server.RaftServerConfigKeys (ConfUtils.java:logGet(43)) - raft.server.log.queue.byte-limit = 2147483647 (custom)
2019-09-19 09:40:44,033 [pool-60-thread-1] INFO  server.RaftServerConfigKeys (ConfUtils.java:logGet(43)) - raft.server.log.queue.element-limit = 1024 (custom)
2019-09-19 09:40:44,033 [pool-60-thread-1] INFO  server.RaftServerConfigKeys (ConfUtils.java:logGet(43)) - raft.server.log.segment.size.max = 1048576 (custom)
2019-09-19 09:40:44,033 [pool-60-thread-1] INFO  server.RaftServerConfigKeys (ConfUtils.java:logGet(43)) - raft.server.log.preallocated.size = 16384 (custom)
2019-09-19 09:40:44,033 [pool-60-thread-1] INFO  server.RaftServerConfigKeys (ConfUtils.java:logGet(43)) - raft.server.log.write.buffer.size = 33554432 (custom)
2019-09-19 09:40:44,033 [pool-60-thread-1] INFO  server.RaftServerConfigKeys (ConfUtils.java:logGet(43)) - raft.server.log.force.sync.num = 128 (default)
2019-09-19 09:40:44,034 [pool-60-thread-1] INFO  server.RaftServerConfigKeys (ConfUtils.java:logGet(43)) - raft.server.log.statemachine.data.sync = true (default)
2019-09-19 09:40:44,034 [pool-60-thread-1] INFO  server.RaftServerConfigKeys (ConfUtils.java:logGet(43)) - raft.server.log.statemachine.data.sync.timeout = 10s (default)
2019-09-19 09:40:44,034 [pool-60-thread-1] INFO  server.RaftServerConfigKeys (ConfUtils.java:logGet(43)) - raft.server.log.statemachine.data.sync.timeout.retry = -1 (default)
2019-09-19 09:40:44,034 [pool-60-thread-1] INFO  server.RaftServerConfigKeys (ConfUtils.java:logGet(43)) - raft.server.log.statemachine.data.caching.enabled = true (custom)
2019-09-19 09:40:44,035 [pool-60-thread-1] INFO  segmented.SegmentedRaftLogWorker (SegmentedRaftLogWorker.java:lambda$new$0(132)) - d87be78c-f122-4471-b781-d01263e91835-SegmentedRaftLogWorker:Storage Directory /workdir/hadoop-ozone/ozonefs/target/test-dir/MiniOzoneClusterImpl-21ed0f53-0413-44c7-8609-f438100532e5/datanode-3/data/ratis/a45a9c8c-69d3-4af1-bbc8-a6ec82a7c9ac: flushIndex: setUnconditionally 0 -> -1
2019-09-19 09:40:44,035 [pool-60-thread-1] INFO  server.RaftServerConfigKeys (ConfUtils.java:logGet(43)) - raft.server.snapshot.auto.trigger.enabled = true (custom)
2019-09-19 09:40:44,035 [pool-60-thread-1] INFO  server.RaftServerConfigKeys (ConfUtils.java:logGet(43)) - raft.server.snapshot.auto.trigger.threshold = 10000 (custom)
2019-09-19 09:40:44,035 [pool-60-thread-1] INFO  server.RaftServerConfigKeys (ConfUtils.java:logGet(43)) - raft.server.retrycache.expirytime = 600000ms (custom)
2019-09-19 09:40:44,036 [pool-60-thread-1] INFO  impl.RaftServerImpl (RaftServerImpl.java:start(180)) - d87be78c-f122-4471-b781-d01263e91835: start group-A6EC82A7C9AC
2019-09-19 09:40:44,036 [pool-60-thread-1] INFO  impl.RaftServerImpl (RaftServerImpl.java:setRole(171)) - d87be78c-f122-4471-b781-d01263e91835:group-A6EC82A7C9AC changes role from null to FOLLOWER at term 0 for startAsFollower
2019-09-19 09:40:44,036 [pool-60-thread-1] INFO  impl.RoleInfo (RoleInfo.java:updateAndGet(143)) - d87be78c-f122-4471-b781-d01263e91835: start FollowerState
2019-09-19 09:40:44,038 [pool-60-thread-1] INFO  util.JmxRegister (JmxRegister.java:tryRegister(44)) - Successfully registered JMX Bean with object name Ratis:service=RaftServer,group=group-A6EC82A7C9AC,id=d87be78c-f122-4471-b781-d01263e91835
2019-09-19 09:40:44,051 [RatisPipelineUtilsThread] INFO  pipeline.PipelineStateManager (PipelineStateManager.java:addPipeline(56)) - Created pipeline Pipeline[ Id: a45a9c8c-69d3-4af1-bbc8-a6ec82a7c9ac, Nodes: d87be78c-f122-4471-b781-d01263e91835{ip: 192.168.34.5, host: pr-hdds-1569-j4bt4-3030777008, networkLocation: /default-rack, certSerialId: null}, Type:RATIS, Factor:ONE, State:OPEN]
2019-09-19 09:40:44,084 [grpc-default-executor-0] INFO  impl.RaftServerProxy (RaftServerProxy.java:addNew(89)) - 47e0c7c0-2680-4f55-9417-80daafef46d1: addNew group-C25C84AFB432:[47e0c7c0-2680-4f55-9417-80daafef46d1:192.168.34.5:40718] returns group-C25C84AFB432:java.util.concurrent.CompletableFuture@100275b7[Not completed]
2019-09-19 09:40:44,107 [pool-71-thread-1] INFO  impl.RaftServerImpl (RaftServerImpl.java:<init>(93)) - 47e0c7c0-2680-4f55-9417-80daafef46d1: new RaftServerImpl for group-C25C84AFB432:[47e0c7c0-2680-4f55-9417-80daafef46d1:192.168.34.5:40718] with ContainerStateMachine:uninitialized
2019-09-19 09:40:44,107 [pool-71-thread-1] INFO  server.RaftServerConfigKeys (ConfUtils.java:logGet(43)) - raft.server.rpc.timeout.min = 5s (custom)
2019-09-19 09:40:44,107 [pool-71-thread-1] INFO  server.RaftServerConfigKeys (ConfUtils.java:logGet(43)) - raft.server.rpc.timeout.max = 5200ms (custom)
2019-09-19 09:40:44,107 [pool-71-thread-1] INFO  server.RaftServerConfigKeys (ConfUtils.java:logGet(43)) - raft.server.rpcslowness.timeout = 120s (custom)
2019-09-19 09:40:44,107 [pool-71-thread-1] INFO  server.RaftServerConfigKeys (ConfUtils.java:logGet(43)) - raft.server.sleep.deviation.threshold = 300 (default)
2019-09-19 09:40:44,107 [pool-71-thread-1] INFO  server.RaftServerConfigKeys (ConfUtils.java:logGet(43)) - raft.server.log.appender.install.snapshot.enabled = false (custom)
2019-09-19 09:40:44,107 [pool-71-thread-1] INFO  impl.RaftServerImpl (ServerState.java:<init>(105)) - 47e0c7c0-2680-4f55-9417-80daafef46d1:group-C25C84AFB432 ConfigurationManager, init=-1: [47e0c7c0-2680-4f55-9417-80daafef46d1:192.168.34.5:40718], old=null, confs=<EMPTY_MAP>
2019-09-19 09:40:44,108 [pool-71-thread-1] INFO  server.RaftServerConfigKeys (ConfUtils.java:logGet(43)) - raft.server.storage.dir = [/workdir/hadoop-ozone/ozonefs/target/test-dir/MiniOzoneClusterImpl-21ed0f53-0413-44c7-8609-f438100532e5/datanode-4/data/ratis] (custom)
2019-09-19 09:40:44,108 [pool-71-thread-1] INFO  storage.RaftStorageDirectory (RaftStorageDirectory.java:analyzeStorage(246)) - The storage directory /workdir/hadoop-ozone/ozonefs/target/test-dir/MiniOzoneClusterImpl-21ed0f53-0413-44c7-8609-f438100532e5/datanode-4/data/ratis/d96b1a94-ad3f-41f3-9353-c25c84afb432 does not exist. Creating ...
2019-09-19 09:40:44,114 [IPC Server handler 8 on 45258] INFO  net.NetworkTopology (NetworkTopologyImpl.java:add(110)) - Added a new node: /default-rack/7076406d-aee0-4126-8bab-f0c87a3fcebd
2019-09-19 09:40:44,114 [IPC Server handler 8 on 45258] INFO  node.SCMNodeManager (SCMNodeManager.java:register(273)) - Registered Data node : 7076406d-aee0-4126-8bab-f0c87a3fcebd{ip: 192.168.34.5, host: pr-hdds-1569-j4bt4-3030777008, networkLocation: /default-rack, certSerialId: null}
2019-09-19 09:40:44,115 | INFO  | SCMAudit | user=jenkins1000 | ip=192.168.34.5 | op=REGISTER {datanodeDetails=7076406d-aee0-4126-8bab-f0c87a3fcebd{ip: 192.168.34.5, host: pr-hdds-1569-j4bt4-3030777008, networkLocation: /default-rack, certSerialId: null}} | ret=SUCCESS |  
2019-09-19 09:40:44,121 [pool-71-thread-1] INFO  storage.RaftStorageDirectory (RaftStorageDirectory.java:tryLock(328)) - Lock on /workdir/hadoop-ozone/ozonefs/target/test-dir/MiniOzoneClusterImpl-21ed0f53-0413-44c7-8609-f438100532e5/datanode-4/data/ratis/d96b1a94-ad3f-41f3-9353-c25c84afb432/in_use.lock acquired by nodename 23096@pr-hdds-1569-j4bt4-3030777008
2019-09-19 09:40:44,134 [pool-71-thread-1] INFO  storage.RaftStorage (RaftStorage.java:format(72)) - Storage directory /workdir/hadoop-ozone/ozonefs/target/test-dir/MiniOzoneClusterImpl-21ed0f53-0413-44c7-8609-f438100532e5/datanode-4/data/ratis/d96b1a94-ad3f-41f3-9353-c25c84afb432 has been successfully formatted.
2019-09-19 09:40:44,134 [pool-71-thread-1] INFO  ratis.ContainerStateMachine (ContainerStateMachine.java:loadSnapshot(226)) - group-C25C84AFB432: The snapshot info is null. Setting the last applied indexto:(t:0, i:~)
2019-09-19 09:40:44,134 [pool-71-thread-1] INFO  server.RaftServerConfigKeys (ConfUtils.java:logGet(43)) - raft.server.leader.election.timeout = 120s (custom)
2019-09-19 09:40:44,134 [pool-71-thread-1] INFO  server.RaftServerConfigKeys (ConfUtils.java:logGet(43)) - raft.server.log.use.memory = false (default)
2019-09-19 09:40:44,134 [pool-71-thread-1] INFO  server.RaftServerConfigKeys (ConfUtils.java:logGet(43)) - raft.server.log.purge.gap = 1000000 (custom)
2019-09-19 09:40:44,135 [pool-71-thread-1] INFO  server.RaftServerConfigKeys (ConfUtils.java:logGet(43)) - raft.server.log.appender.buffer.byte-limit = 33554432 (custom)
2019-09-19 09:40:44,135 [pool-71-thread-1] INFO  server.RaftServerConfigKeys (ConfUtils.java:logGet(43)) - raft.server.log.segment.size.max = 1048576 (custom)
2019-09-19 09:40:44,135 [pool-71-thread-1] INFO  server.RaftServerConfigKeys (ConfUtils.java:logGet(43)) - raft.server.log.segment.cache.num.max = 2 (custom)
2019-09-19 09:40:44,135 [pool-71-thread-1] INFO  segmented.SegmentedRaftLogWorker (SegmentedRaftLogWorker.java:<init>(172)) - new 47e0c7c0-2680-4f55-9417-80daafef46d1-SegmentedRaftLogWorker:Storage Directory /workdir/hadoop-ozone/ozonefs/target/test-dir/MiniOzoneClusterImpl-21ed0f53-0413-44c7-8609-f438100532e5/datanode-4/data/ratis/d96b1a94-ad3f-41f3-9353-c25c84afb432 for RaftStorage:Storage Directory /workdir/hadoop-ozone/ozonefs/target/test-dir/MiniOzoneClusterImpl-21ed0f53-0413-44c7-8609-f438100532e5/datanode-4/data/ratis/d96b1a94-ad3f-41f3-9353-c25c84afb432
2019-09-19 09:40:44,135 [pool-71-thread-1] INFO  server.RaftServerConfigKeys (ConfUtils.java:logGet(43)) - raft.server.log.queue.byte-limit = 2147483647 (custom)
2019-09-19 09:40:44,135 [pool-71-thread-1] INFO  server.RaftServerConfigKeys (ConfUtils.java:logGet(43)) - raft.server.log.queue.element-limit = 1024 (custom)
2019-09-19 09:40:44,135 [pool-71-thread-1] INFO  server.RaftServerConfigKeys (ConfUtils.java:logGet(43)) - raft.server.log.segment.size.max = 1048576 (custom)
2019-09-19 09:40:44,136 [pool-71-thread-1] INFO  server.RaftServerConfigKeys (ConfUtils.java:logGet(43)) - raft.server.log.preallocated.size = 16384 (custom)
2019-09-19 09:40:44,136 [pool-71-thread-1] INFO  server.RaftServerConfigKeys (ConfUtils.java:logGet(43)) - raft.server.log.write.buffer.size = 33554432 (custom)
2019-09-19 09:40:44,136 [pool-71-thread-1] INFO  server.RaftServerConfigKeys (ConfUtils.java:logGet(43)) - raft.server.log.force.sync.num = 128 (default)
2019-09-19 09:40:44,136 [pool-71-thread-1] INFO  server.RaftServerConfigKeys (ConfUtils.java:logGet(43)) - raft.server.log.statemachine.data.sync = true (default)
2019-09-19 09:40:44,137 [pool-71-thread-1] INFO  server.RaftServerConfigKeys (ConfUtils.java:logGet(43)) - raft.server.log.statemachine.data.sync.timeout = 10s (default)
2019-09-19 09:40:44,137 [pool-71-thread-1] INFO  server.RaftServerConfigKeys (ConfUtils.java:logGet(43)) - raft.server.log.statemachine.data.sync.timeout.retry = -1 (default)
2019-09-19 09:40:44,137 [pool-71-thread-1] INFO  server.RaftServerConfigKeys (ConfUtils.java:logGet(43)) - raft.server.log.statemachine.data.caching.enabled = true (custom)
2019-09-19 09:40:44,138 [pool-71-thread-1] INFO  segmented.SegmentedRaftLogWorker (SegmentedRaftLogWorker.java:lambda$new$0(132)) - 47e0c7c0-2680-4f55-9417-80daafef46d1-SegmentedRaftLogWorker:Storage Directory /workdir/hadoop-ozone/ozonefs/target/test-dir/MiniOzoneClusterImpl-21ed0f53-0413-44c7-8609-f438100532e5/datanode-4/data/ratis/d96b1a94-ad3f-41f3-9353-c25c84afb432: flushIndex: setUnconditionally 0 -> -1
2019-09-19 09:40:44,138 [pool-71-thread-1] INFO  server.RaftServerConfigKeys (ConfUtils.java:logGet(43)) - raft.server.snapshot.auto.trigger.enabled = true (custom)
2019-09-19 09:40:44,138 [pool-71-thread-1] INFO  server.RaftServerConfigKeys (ConfUtils.java:logGet(43)) - raft.server.snapshot.auto.trigger.threshold = 10000 (custom)
2019-09-19 09:40:44,139 [pool-71-thread-1] INFO  server.RaftServerConfigKeys (ConfUtils.java:logGet(43)) - raft.server.retrycache.expirytime = 600000ms (custom)
2019-09-19 09:40:44,139 [pool-71-thread-1] INFO  impl.RaftServerImpl (RaftServerImpl.java:start(180)) - 47e0c7c0-2680-4f55-9417-80daafef46d1: start group-C25C84AFB432
2019-09-19 09:40:44,139 [pool-71-thread-1] INFO  impl.RaftServerImpl (RaftServerImpl.java:setRole(171)) - 47e0c7c0-2680-4f55-9417-80daafef46d1:group-C25C84AFB432 changes role from null to FOLLOWER at term 0 for startAsFollower
2019-09-19 09:40:44,139 [pool-71-thread-1] INFO  impl.RoleInfo (RoleInfo.java:updateAndGet(143)) - 47e0c7c0-2680-4f55-9417-80daafef46d1: start FollowerState
2019-09-19 09:40:44,140 [pool-71-thread-1] INFO  util.JmxRegister (JmxRegister.java:tryRegister(44)) - Successfully registered JMX Bean with object name Ratis:service=RaftServer,group=group-C25C84AFB432,id=47e0c7c0-2680-4f55-9417-80daafef46d1
2019-09-19 09:40:44,169 [RatisPipelineUtilsThread] INFO  pipeline.PipelineStateManager (PipelineStateManager.java:addPipeline(56)) - Created pipeline Pipeline[ Id: d96b1a94-ad3f-41f3-9353-c25c84afb432, Nodes: 47e0c7c0-2680-4f55-9417-80daafef46d1{ip: 192.168.34.5, host: pr-hdds-1569-j4bt4-3030777008, networkLocation: /default-rack, certSerialId: null}, Type:RATIS, Factor:ONE, State:OPEN]
2019-09-19 09:40:44,179 | INFO  | SCMAudit | user=jenkins1000 | ip=192.168.34.5 | op=SEND_HEARTBEAT {datanodeUUID=1bcbd64b-2199-49e1-86d3-4e4b64d88b4a, command=[]} | ret=SUCCESS |  
2019-09-19 09:40:44,183 [grpc-default-executor-0] INFO  impl.RaftServerProxy (RaftServerProxy.java:addNew(89)) - 47e0c7c0-2680-4f55-9417-80daafef46d1: addNew group-D57C1399643A:[47e0c7c0-2680-4f55-9417-80daafef46d1:192.168.34.5:40718] returns group-D57C1399643A:java.util.concurrent.CompletableFuture@9760250[Not completed]
2019-09-19 09:40:44,185 [pool-71-thread-1] INFO  impl.RaftServerImpl (RaftServerImpl.java:<init>(93)) - 47e0c7c0-2680-4f55-9417-80daafef46d1: new RaftServerImpl for group-D57C1399643A:[47e0c7c0-2680-4f55-9417-80daafef46d1:192.168.34.5:40718] with ContainerStateMachine:uninitialized
2019-09-19 09:40:44,185 [pool-71-thread-1] INFO  server.RaftServerConfigKeys (ConfUtils.java:logGet(43)) - raft.server.rpc.timeout.min = 5s (custom)
2019-09-19 09:40:44,185 [pool-71-thread-1] INFO  server.RaftServerConfigKeys (ConfUtils.java:logGet(43)) - raft.server.rpc.timeout.max = 5200ms (custom)
2019-09-19 09:40:44,186 [pool-71-thread-1] INFO  server.RaftServerConfigKeys (ConfUtils.java:logGet(43)) - raft.server.rpcslowness.timeout = 120s (custom)
2019-09-19 09:40:44,186 [pool-71-thread-1] INFO  server.RaftServerConfigKeys (ConfUtils.java:logGet(43)) - raft.server.sleep.deviation.threshold = 300 (default)
2019-09-19 09:40:44,186 [pool-71-thread-1] INFO  server.RaftServerConfigKeys (ConfUtils.java:logGet(43)) - raft.server.log.appender.install.snapshot.enabled = false (custom)
2019-09-19 09:40:44,186 [pool-71-thread-1] INFO  impl.RaftServerImpl (ServerState.java:<init>(105)) - 47e0c7c0-2680-4f55-9417-80daafef46d1:group-D57C1399643A ConfigurationManager, init=-1: [47e0c7c0-2680-4f55-9417-80daafef46d1:192.168.34.5:40718], old=null, confs=<EMPTY_MAP>
2019-09-19 09:40:44,186 [pool-71-thread-1] INFO  server.RaftServerConfigKeys (ConfUtils.java:logGet(43)) - raft.server.storage.dir = [/workdir/hadoop-ozone/ozonefs/target/test-dir/MiniOzoneClusterImpl-21ed0f53-0413-44c7-8609-f438100532e5/datanode-4/data/ratis] (custom)
2019-09-19 09:40:44,186 [pool-71-thread-1] INFO  storage.RaftStorageDirectory (RaftStorageDirectory.java:analyzeStorage(246)) - The storage directory /workdir/hadoop-ozone/ozonefs/target/test-dir/MiniOzoneClusterImpl-21ed0f53-0413-44c7-8609-f438100532e5/datanode-4/data/ratis/2b77a72e-6ded-4c6a-82ec-d57c1399643a does not exist. Creating ...
2019-09-19 09:40:44,199 [pool-71-thread-1] INFO  storage.RaftStorageDirectory (RaftStorageDirectory.java:tryLock(328)) - Lock on /workdir/hadoop-ozone/ozonefs/target/test-dir/MiniOzoneClusterImpl-21ed0f53-0413-44c7-8609-f438100532e5/datanode-4/data/ratis/2b77a72e-6ded-4c6a-82ec-d57c1399643a/in_use.lock acquired by nodename 23096@pr-hdds-1569-j4bt4-3030777008
2019-09-19 09:40:44,212 [pool-71-thread-1] INFO  storage.RaftStorage (RaftStorage.java:format(72)) - Storage directory /workdir/hadoop-ozone/ozonefs/target/test-dir/MiniOzoneClusterImpl-21ed0f53-0413-44c7-8609-f438100532e5/datanode-4/data/ratis/2b77a72e-6ded-4c6a-82ec-d57c1399643a has been successfully formatted.
2019-09-19 09:40:44,212 [pool-71-thread-1] INFO  ratis.ContainerStateMachine (ContainerStateMachine.java:loadSnapshot(226)) - group-D57C1399643A: The snapshot info is null. Setting the last applied indexto:(t:0, i:~)
2019-09-19 09:40:44,212 [pool-71-thread-1] INFO  server.RaftServerConfigKeys (ConfUtils.java:logGet(43)) - raft.server.leader.election.timeout = 120s (custom)
2019-09-19 09:40:44,212 [pool-71-thread-1] INFO  server.RaftServerConfigKeys (ConfUtils.java:logGet(43)) - raft.server.log.use.memory = false (default)
2019-09-19 09:40:44,212 [pool-71-thread-1] INFO  server.RaftServerConfigKeys (ConfUtils.java:logGet(43)) - raft.server.log.purge.gap = 1000000 (custom)
2019-09-19 09:40:44,212 [pool-71-thread-1] INFO  server.RaftServerConfigKeys (ConfUtils.java:logGet(43)) - raft.server.log.appender.buffer.byte-limit = 33554432 (custom)
2019-09-19 09:40:44,213 [pool-71-thread-1] INFO  server.RaftServerConfigKeys (ConfUtils.java:logGet(43)) - raft.server.log.segment.size.max = 1048576 (custom)
2019-09-19 09:40:44,213 [pool-71-thread-1] INFO  server.RaftServerConfigKeys (ConfUtils.java:logGet(43)) - raft.server.log.segment.cache.num.max = 2 (custom)
2019-09-19 09:40:44,213 [pool-71-thread-1] INFO  segmented.SegmentedRaftLogWorker (SegmentedRaftLogWorker.java:<init>(172)) - new 47e0c7c0-2680-4f55-9417-80daafef46d1-SegmentedRaftLogWorker:Storage Directory /workdir/hadoop-ozone/ozonefs/target/test-dir/MiniOzoneClusterImpl-21ed0f53-0413-44c7-8609-f438100532e5/datanode-4/data/ratis/2b77a72e-6ded-4c6a-82ec-d57c1399643a for RaftStorage:Storage Directory /workdir/hadoop-ozone/ozonefs/target/test-dir/MiniOzoneClusterImpl-21ed0f53-0413-44c7-8609-f438100532e5/datanode-4/data/ratis/2b77a72e-6ded-4c6a-82ec-d57c1399643a
2019-09-19 09:40:44,213 [pool-71-thread-1] INFO  server.RaftServerConfigKeys (ConfUtils.java:logGet(43)) - raft.server.log.queue.byte-limit = 2147483647 (custom)
2019-09-19 09:40:44,213 [pool-71-thread-1] INFO  server.RaftServerConfigKeys (ConfUtils.java:logGet(43)) - raft.server.log.queue.element-limit = 1024 (custom)
2019-09-19 09:40:44,213 [pool-71-thread-1] INFO  server.RaftServerConfigKeys (ConfUtils.java:logGet(43)) - raft.server.log.segment.size.max = 1048576 (custom)
2019-09-19 09:40:44,214 [pool-71-thread-1] INFO  server.RaftServerConfigKeys (ConfUtils.java:logGet(43)) - raft.server.log.preallocated.size = 16384 (custom)
2019-09-19 09:40:44,214 [pool-71-thread-1] INFO  server.RaftServerConfigKeys (ConfUtils.java:logGet(43)) - raft.server.log.write.buffer.size = 33554432 (custom)
2019-09-19 09:40:44,214 [pool-71-thread-1] INFO  server.RaftServerConfigKeys (ConfUtils.java:logGet(43)) - raft.server.log.force.sync.num = 128 (default)
2019-09-19 09:40:44,214 [pool-71-thread-1] INFO  server.RaftServerConfigKeys (ConfUtils.java:logGet(43)) - raft.server.log.statemachine.data.sync = true (default)
2019-09-19 09:40:44,214 [pool-71-thread-1] INFO  server.RaftServerConfigKeys (ConfUtils.java:logGet(43)) - raft.server.log.statemachine.data.sync.timeout = 10s (default)
2019-09-19 09:40:44,214 [pool-71-thread-1] INFO  server.RaftServerConfigKeys (ConfUtils.java:logGet(43)) - raft.server.log.statemachine.data.sync.timeout.retry = -1 (default)
2019-09-19 09:40:44,215 [pool-71-thread-1] INFO  server.RaftServerConfigKeys (ConfUtils.java:logGet(43)) - raft.server.log.statemachine.data.caching.enabled = true (custom)
2019-09-19 09:40:44,215 [pool-71-thread-1] INFO  segmented.SegmentedRaftLogWorker (SegmentedRaftLogWorker.java:lambda$new$0(132)) - 47e0c7c0-2680-4f55-9417-80daafef46d1-SegmentedRaftLogWorker:Storage Directory /workdir/hadoop-ozone/ozonefs/target/test-dir/MiniOzoneClusterImpl-21ed0f53-0413-44c7-8609-f438100532e5/datanode-4/data/ratis/2b77a72e-6ded-4c6a-82ec-d57c1399643a: flushIndex: setUnconditionally 0 -> -1
2019-09-19 09:40:44,215 [pool-71-thread-1] INFO  server.RaftServerConfigKeys (ConfUtils.java:logGet(43)) - raft.server.snapshot.auto.trigger.enabled = true (custom)
2019-09-19 09:40:44,216 [pool-71-thread-1] INFO  server.RaftServerConfigKeys (ConfUtils.java:logGet(43)) - raft.server.snapshot.auto.trigger.threshold = 10000 (custom)
2019-09-19 09:40:44,216 [pool-71-thread-1] INFO  server.RaftServerConfigKeys (ConfUtils.java:logGet(43)) - raft.server.retrycache.expirytime = 600000ms (custom)
2019-09-19 09:40:44,216 [pool-71-thread-1] INFO  impl.RaftServerImpl (RaftServerImpl.java:start(180)) - 47e0c7c0-2680-4f55-9417-80daafef46d1: start group-D57C1399643A
2019-09-19 09:40:44,216 [pool-71-thread-1] INFO  impl.RaftServerImpl (RaftServerImpl.java:setRole(171)) - 47e0c7c0-2680-4f55-9417-80daafef46d1:group-D57C1399643A changes role from null to FOLLOWER at term 0 for startAsFollower
2019-09-19 09:40:44,216 [pool-71-thread-1] INFO  impl.RoleInfo (RoleInfo.java:updateAndGet(143)) - 47e0c7c0-2680-4f55-9417-80daafef46d1: start FollowerState
2019-09-19 09:40:44,217 [pool-71-thread-1] INFO  util.JmxRegister (JmxRegister.java:tryRegister(44)) - Successfully registered JMX Bean with object name Ratis:service=RaftServer,group=group-D57C1399643A,id=47e0c7c0-2680-4f55-9417-80daafef46d1
2019-09-19 09:40:44,228 [RatisPipelineUtilsThread] INFO  pipeline.PipelineStateManager (PipelineStateManager.java:addPipeline(56)) - Created pipeline Pipeline[ Id: 2b77a72e-6ded-4c6a-82ec-d57c1399643a, Nodes: 47e0c7c0-2680-4f55-9417-80daafef46d1{ip: 192.168.34.5, host: pr-hdds-1569-j4bt4-3030777008, networkLocation: /default-rack, certSerialId: null}, Type:RATIS, Factor:ONE, State:OPEN]
2019-09-19 09:40:44,243 [grpc-default-executor-0] INFO  impl.RaftServerProxy (RaftServerProxy.java:addNew(89)) - 1bcbd64b-2199-49e1-86d3-4e4b64d88b4a: addNew group-48E08087280D:[1bcbd64b-2199-49e1-86d3-4e4b64d88b4a:192.168.34.5:41194] returns group-48E08087280D:java.util.concurrent.CompletableFuture@5594e57[Not completed]
2019-09-19 09:40:44,245 [pool-27-thread-1] INFO  impl.RaftServerImpl (RaftServerImpl.java:<init>(93)) - 1bcbd64b-2199-49e1-86d3-4e4b64d88b4a: new RaftServerImpl for group-48E08087280D:[1bcbd64b-2199-49e1-86d3-4e4b64d88b4a:192.168.34.5:41194] with ContainerStateMachine:uninitialized
2019-09-19 09:40:44,245 [pool-27-thread-1] INFO  server.RaftServerConfigKeys (ConfUtils.java:logGet(43)) - raft.server.rpc.timeout.min = 5s (custom)
2019-09-19 09:40:44,246 [pool-27-thread-1] INFO  server.RaftServerConfigKeys (ConfUtils.java:logGet(43)) - raft.server.rpc.timeout.max = 5200ms (custom)
2019-09-19 09:40:44,246 [pool-27-thread-1] INFO  server.RaftServerConfigKeys (ConfUtils.java:logGet(43)) - raft.server.rpcslowness.timeout = 120s (custom)
2019-09-19 09:40:44,246 [pool-27-thread-1] INFO  server.RaftServerConfigKeys (ConfUtils.java:logGet(43)) - raft.server.sleep.deviation.threshold = 300 (default)
2019-09-19 09:40:44,246 [pool-27-thread-1] INFO  server.RaftServerConfigKeys (ConfUtils.java:logGet(43)) - raft.server.log.appender.install.snapshot.enabled = false (custom)
2019-09-19 09:40:44,246 [pool-27-thread-1] INFO  impl.RaftServerImpl (ServerState.java:<init>(105)) - 1bcbd64b-2199-49e1-86d3-4e4b64d88b4a:group-48E08087280D ConfigurationManager, init=-1: [1bcbd64b-2199-49e1-86d3-4e4b64d88b4a:192.168.34.5:41194], old=null, confs=<EMPTY_MAP>
2019-09-19 09:40:44,246 [pool-27-thread-1] INFO  server.RaftServerConfigKeys (ConfUtils.java:logGet(43)) - raft.server.storage.dir = [/workdir/hadoop-ozone/ozonefs/target/test-dir/MiniOzoneClusterImpl-21ed0f53-0413-44c7-8609-f438100532e5/datanode-0/data/ratis] (custom)
2019-09-19 09:40:44,247 [pool-27-thread-1] INFO  storage.RaftStorageDirectory (RaftStorageDirectory.java:analyzeStorage(246)) - The storage directory /workdir/hadoop-ozone/ozonefs/target/test-dir/MiniOzoneClusterImpl-21ed0f53-0413-44c7-8609-f438100532e5/datanode-0/data/ratis/9f65c5be-09de-410b-8c06-48e08087280d does not exist. Creating ...
2019-09-19 09:40:44,260 [pool-27-thread-1] INFO  storage.RaftStorageDirectory (RaftStorageDirectory.java:tryLock(328)) - Lock on /workdir/hadoop-ozone/ozonefs/target/test-dir/MiniOzoneClusterImpl-21ed0f53-0413-44c7-8609-f438100532e5/datanode-0/data/ratis/9f65c5be-09de-410b-8c06-48e08087280d/in_use.lock acquired by nodename 23096@pr-hdds-1569-j4bt4-3030777008
2019-09-19 09:40:44,277 [pool-27-thread-1] INFO  storage.RaftStorage (RaftStorage.java:format(72)) - Storage directory /workdir/hadoop-ozone/ozonefs/target/test-dir/MiniOzoneClusterImpl-21ed0f53-0413-44c7-8609-f438100532e5/datanode-0/data/ratis/9f65c5be-09de-410b-8c06-48e08087280d has been successfully formatted.
2019-09-19 09:40:44,278 [pool-27-thread-1] INFO  ratis.ContainerStateMachine (ContainerStateMachine.java:loadSnapshot(226)) - group-48E08087280D: The snapshot info is null. Setting the last applied indexto:(t:0, i:~)
2019-09-19 09:40:44,278 [pool-27-thread-1] INFO  server.RaftServerConfigKeys (ConfUtils.java:logGet(43)) - raft.server.leader.election.timeout = 120s (custom)
2019-09-19 09:40:44,278 [pool-27-thread-1] INFO  server.RaftServerConfigKeys (ConfUtils.java:logGet(43)) - raft.server.log.use.memory = false (default)
2019-09-19 09:40:44,278 [pool-27-thread-1] INFO  server.RaftServerConfigKeys (ConfUtils.java:logGet(43)) - raft.server.log.purge.gap = 1000000 (custom)
2019-09-19 09:40:44,279 [pool-27-thread-1] INFO  server.RaftServerConfigKeys (ConfUtils.java:logGet(43)) - raft.server.log.appender.buffer.byte-limit = 33554432 (custom)
2019-09-19 09:40:44,279 [pool-27-thread-1] INFO  server.RaftServerConfigKeys (ConfUtils.java:logGet(43)) - raft.server.log.segment.size.max = 1048576 (custom)
2019-09-19 09:40:44,279 [pool-27-thread-1] INFO  server.RaftServerConfigKeys (ConfUtils.java:logGet(43)) - raft.server.log.segment.cache.num.max = 2 (custom)
2019-09-19 09:40:44,279 [pool-27-thread-1] INFO  segmented.SegmentedRaftLogWorker (SegmentedRaftLogWorker.java:<init>(172)) - new 1bcbd64b-2199-49e1-86d3-4e4b64d88b4a-SegmentedRaftLogWorker:Storage Directory /workdir/hadoop-ozone/ozonefs/target/test-dir/MiniOzoneClusterImpl-21ed0f53-0413-44c7-8609-f438100532e5/datanode-0/data/ratis/9f65c5be-09de-410b-8c06-48e08087280d for RaftStorage:Storage Directory /workdir/hadoop-ozone/ozonefs/target/test-dir/MiniOzoneClusterImpl-21ed0f53-0413-44c7-8609-f438100532e5/datanode-0/data/ratis/9f65c5be-09de-410b-8c06-48e08087280d
2019-09-19 09:40:44,279 [pool-27-thread-1] INFO  server.RaftServerConfigKeys (ConfUtils.java:logGet(43)) - raft.server.log.queue.byte-limit = 2147483647 (custom)
2019-09-19 09:40:44,280 [pool-27-thread-1] INFO  server.RaftServerConfigKeys (ConfUtils.java:logGet(43)) - raft.server.log.queue.element-limit = 1024 (custom)
2019-09-19 09:40:44,280 [pool-27-thread-1] INFO  server.RaftServerConfigKeys (ConfUtils.java:logGet(43)) - raft.server.log.segment.size.max = 1048576 (custom)
2019-09-19 09:40:44,280 [pool-27-thread-1] INFO  server.RaftServerConfigKeys (ConfUtils.java:logGet(43)) - raft.server.log.preallocated.size = 16384 (custom)
2019-09-19 09:40:44,280 [pool-27-thread-1] INFO  server.RaftServerConfigKeys (ConfUtils.java:logGet(43)) - raft.server.log.write.buffer.size = 33554432 (custom)
2019-09-19 09:40:44,280 [pool-27-thread-1] INFO  server.RaftServerConfigKeys (ConfUtils.java:logGet(43)) - raft.server.log.force.sync.num = 128 (default)
2019-09-19 09:40:44,280 [pool-27-thread-1] INFO  server.RaftServerConfigKeys (ConfUtils.java:logGet(43)) - raft.server.log.statemachine.data.sync = true (default)
2019-09-19 09:40:44,281 [pool-27-thread-1] INFO  server.RaftServerConfigKeys (ConfUtils.java:logGet(43)) - raft.server.log.statemachine.data.sync.timeout = 10s (default)
2019-09-19 09:40:44,281 [pool-27-thread-1] INFO  server.RaftServerConfigKeys (ConfUtils.java:logGet(43)) - raft.server.log.statemachine.data.sync.timeout.retry = -1 (default)
2019-09-19 09:40:44,281 [pool-27-thread-1] INFO  server.RaftServerConfigKeys (ConfUtils.java:logGet(43)) - raft.server.log.statemachine.data.caching.enabled = true (custom)
2019-09-19 09:40:44,281 [pool-27-thread-1] INFO  segmented.SegmentedRaftLogWorker (SegmentedRaftLogWorker.java:lambda$new$0(132)) - 1bcbd64b-2199-49e1-86d3-4e4b64d88b4a-SegmentedRaftLogWorker:Storage Directory /workdir/hadoop-ozone/ozonefs/target/test-dir/MiniOzoneClusterImpl-21ed0f53-0413-44c7-8609-f438100532e5/datanode-0/data/ratis/9f65c5be-09de-410b-8c06-48e08087280d: flushIndex: setUnconditionally 0 -> -1
2019-09-19 09:40:44,282 [pool-27-thread-1] INFO  server.RaftServerConfigKeys (ConfUtils.java:logGet(43)) - raft.server.snapshot.auto.trigger.enabled = true (custom)
2019-09-19 09:40:44,282 [pool-27-thread-1] INFO  server.RaftServerConfigKeys (ConfUtils.java:logGet(43)) - raft.server.snapshot.auto.trigger.threshold = 10000 (custom)
2019-09-19 09:40:44,282 [pool-27-thread-1] INFO  server.RaftServerConfigKeys (ConfUtils.java:logGet(43)) - raft.server.retrycache.expirytime = 600000ms (custom)
2019-09-19 09:40:44,283 [pool-27-thread-1] INFO  impl.RaftServerImpl (RaftServerImpl.java:start(180)) - 1bcbd64b-2199-49e1-86d3-4e4b64d88b4a: start group-48E08087280D
2019-09-19 09:40:44,283 [pool-27-thread-1] INFO  impl.RaftServerImpl (RaftServerImpl.java:setRole(171)) - 1bcbd64b-2199-49e1-86d3-4e4b64d88b4a:group-48E08087280D changes role from null to FOLLOWER at term 0 for startAsFollower
2019-09-19 09:40:44,283 [pool-27-thread-1] INFO  impl.RoleInfo (RoleInfo.java:updateAndGet(143)) - 1bcbd64b-2199-49e1-86d3-4e4b64d88b4a: start FollowerState
2019-09-19 09:40:44,283 [pool-27-thread-1] INFO  util.JmxRegister (JmxRegister.java:tryRegister(44)) - Successfully registered JMX Bean with object name Ratis:service=RaftServer,group=group-48E08087280D,id=1bcbd64b-2199-49e1-86d3-4e4b64d88b4a
2019-09-19 09:40:44,296 [RatisPipelineUtilsThread] INFO  pipeline.PipelineStateManager (PipelineStateManager.java:addPipeline(56)) - Created pipeline Pipeline[ Id: 9f65c5be-09de-410b-8c06-48e08087280d, Nodes: 1bcbd64b-2199-49e1-86d3-4e4b64d88b4a{ip: 192.168.34.5, host: pr-hdds-1569-j4bt4-3030777008, networkLocation: /default-rack, certSerialId: null}, Type:RATIS, Factor:ONE, State:OPEN]
2019-09-19 09:40:44,320 [grpc-default-executor-0] INFO  impl.RaftServerProxy (RaftServerProxy.java:addNew(89)) - 90577c55-fd31-444d-84bd-73a3c37bc268: addNew group-90CE98ACF0C2:[90577c55-fd31-444d-84bd-73a3c37bc268:192.168.34.5:38982] returns group-90CE98ACF0C2:java.util.concurrent.CompletableFuture@5bc197b6[Not completed]
2019-09-19 09:40:44,325 [pool-49-thread-1] INFO  impl.RaftServerImpl (RaftServerImpl.java:<init>(93)) - 90577c55-fd31-444d-84bd-73a3c37bc268: new RaftServerImpl for group-90CE98ACF0C2:[90577c55-fd31-444d-84bd-73a3c37bc268:192.168.34.5:38982] with ContainerStateMachine:uninitialized
2019-09-19 09:40:44,326 [pool-49-thread-1] INFO  server.RaftServerConfigKeys (ConfUtils.java:logGet(43)) - raft.server.rpc.timeout.min = 5s (custom)
2019-09-19 09:40:44,326 [pool-49-thread-1] INFO  server.RaftServerConfigKeys (ConfUtils.java:logGet(43)) - raft.server.rpc.timeout.max = 5200ms (custom)
2019-09-19 09:40:44,326 [pool-49-thread-1] INFO  server.RaftServerConfigKeys (ConfUtils.java:logGet(43)) - raft.server.rpcslowness.timeout = 120s (custom)
2019-09-19 09:40:44,326 [pool-49-thread-1] INFO  server.RaftServerConfigKeys (ConfUtils.java:logGet(43)) - raft.server.sleep.deviation.threshold = 300 (default)
2019-09-19 09:40:44,326 [pool-49-thread-1] INFO  server.RaftServerConfigKeys (ConfUtils.java:logGet(43)) - raft.server.log.appender.install.snapshot.enabled = false (custom)
2019-09-19 09:40:44,327 [pool-49-thread-1] INFO  impl.RaftServerImpl (ServerState.java:<init>(105)) - 90577c55-fd31-444d-84bd-73a3c37bc268:group-90CE98ACF0C2 ConfigurationManager, init=-1: [90577c55-fd31-444d-84bd-73a3c37bc268:192.168.34.5:38982], old=null, confs=<EMPTY_MAP>
2019-09-19 09:40:44,327 [pool-49-thread-1] INFO  server.RaftServerConfigKeys (ConfUtils.java:logGet(43)) - raft.server.storage.dir = [/workdir/hadoop-ozone/ozonefs/target/test-dir/MiniOzoneClusterImpl-21ed0f53-0413-44c7-8609-f438100532e5/datanode-2/data/ratis] (custom)
2019-09-19 09:40:44,327 [pool-49-thread-1] INFO  storage.RaftStorageDirectory (RaftStorageDirectory.java:analyzeStorage(246)) - The storage directory /workdir/hadoop-ozone/ozonefs/target/test-dir/MiniOzoneClusterImpl-21ed0f53-0413-44c7-8609-f438100532e5/datanode-2/data/ratis/5f3d32d7-968a-4a52-9d9c-90ce98acf0c2 does not exist. Creating ...
2019-09-19 09:40:44,340 [pool-49-thread-1] INFO  storage.RaftStorageDirectory (RaftStorageDirectory.java:tryLock(328)) - Lock on /workdir/hadoop-ozone/ozonefs/target/test-dir/MiniOzoneClusterImpl-21ed0f53-0413-44c7-8609-f438100532e5/datanode-2/data/ratis/5f3d32d7-968a-4a52-9d9c-90ce98acf0c2/in_use.lock acquired by nodename 23096@pr-hdds-1569-j4bt4-3030777008
2019-09-19 09:40:44,361 [pool-49-thread-1] INFO  storage.RaftStorage (RaftStorage.java:format(72)) - Storage directory /workdir/hadoop-ozone/ozonefs/target/test-dir/MiniOzoneClusterImpl-21ed0f53-0413-44c7-8609-f438100532e5/datanode-2/data/ratis/5f3d32d7-968a-4a52-9d9c-90ce98acf0c2 has been successfully formatted.
2019-09-19 09:40:44,362 [pool-49-thread-1] INFO  ratis.ContainerStateMachine (ContainerStateMachine.java:loadSnapshot(226)) - group-90CE98ACF0C2: The snapshot info is null. Setting the last applied indexto:(t:0, i:~)
2019-09-19 09:40:44,362 [pool-49-thread-1] INFO  server.RaftServerConfigKeys (ConfUtils.java:logGet(43)) - raft.server.leader.election.timeout = 120s (custom)
2019-09-19 09:40:44,362 [pool-49-thread-1] INFO  server.RaftServerConfigKeys (ConfUtils.java:logGet(43)) - raft.server.log.use.memory = false (default)
2019-09-19 09:40:44,362 [pool-49-thread-1] INFO  server.RaftServerConfigKeys (ConfUtils.java:logGet(43)) - raft.server.log.purge.gap = 1000000 (custom)
2019-09-19 09:40:44,362 [pool-49-thread-1] INFO  server.RaftServerConfigKeys (ConfUtils.java:logGet(43)) - raft.server.log.appender.buffer.byte-limit = 33554432 (custom)
2019-09-19 09:40:44,363 [pool-49-thread-1] INFO  server.RaftServerConfigKeys (ConfUtils.java:logGet(43)) - raft.server.log.segment.size.max = 1048576 (custom)
2019-09-19 09:40:44,363 [pool-49-thread-1] INFO  server.RaftServerConfigKeys (ConfUtils.java:logGet(43)) - raft.server.log.segment.cache.num.max = 2 (custom)
2019-09-19 09:40:44,363 [pool-49-thread-1] INFO  segmented.SegmentedRaftLogWorker (SegmentedRaftLogWorker.java:<init>(172)) - new 90577c55-fd31-444d-84bd-73a3c37bc268-SegmentedRaftLogWorker:Storage Directory /workdir/hadoop-ozone/ozonefs/target/test-dir/MiniOzoneClusterImpl-21ed0f53-0413-44c7-8609-f438100532e5/datanode-2/data/ratis/5f3d32d7-968a-4a52-9d9c-90ce98acf0c2 for RaftStorage:Storage Directory /workdir/hadoop-ozone/ozonefs/target/test-dir/MiniOzoneClusterImpl-21ed0f53-0413-44c7-8609-f438100532e5/datanode-2/data/ratis/5f3d32d7-968a-4a52-9d9c-90ce98acf0c2
2019-09-19 09:40:44,363 [pool-49-thread-1] INFO  server.RaftServerConfigKeys (ConfUtils.java:logGet(43)) - raft.server.log.queue.byte-limit = 2147483647 (custom)
2019-09-19 09:40:44,363 [pool-49-thread-1] INFO  server.RaftServerConfigKeys (ConfUtils.java:logGet(43)) - raft.server.log.queue.element-limit = 1024 (custom)
2019-09-19 09:40:44,364 [pool-49-thread-1] INFO  server.RaftServerConfigKeys (ConfUtils.java:logGet(43)) - raft.server.log.segment.size.max = 1048576 (custom)
2019-09-19 09:40:44,364 [pool-49-thread-1] INFO  server.RaftServerConfigKeys (ConfUtils.java:logGet(43)) - raft.server.log.preallocated.size = 16384 (custom)
2019-09-19 09:40:44,364 [pool-49-thread-1] INFO  server.RaftServerConfigKeys (ConfUtils.java:logGet(43)) - raft.server.log.write.buffer.size = 33554432 (custom)
2019-09-19 09:40:44,364 [pool-49-thread-1] INFO  server.RaftServerConfigKeys (ConfUtils.java:logGet(43)) - raft.server.log.force.sync.num = 128 (default)
2019-09-19 09:40:44,365 [pool-49-thread-1] INFO  server.RaftServerConfigKeys (ConfUtils.java:logGet(43)) - raft.server.log.statemachine.data.sync = true (default)
2019-09-19 09:40:44,365 [pool-49-thread-1] INFO  server.RaftServerConfigKeys (ConfUtils.java:logGet(43)) - raft.server.log.statemachine.data.sync.timeout = 10s (default)
2019-09-19 09:40:44,365 [pool-49-thread-1] INFO  server.RaftServerConfigKeys (ConfUtils.java:logGet(43)) - raft.server.log.statemachine.data.sync.timeout.retry = -1 (default)
2019-09-19 09:40:44,365 [pool-49-thread-1] INFO  server.RaftServerConfigKeys (ConfUtils.java:logGet(43)) - raft.server.log.statemachine.data.caching.enabled = true (custom)
2019-09-19 09:40:44,366 [pool-49-thread-1] INFO  segmented.SegmentedRaftLogWorker (SegmentedRaftLogWorker.java:lambda$new$0(132)) - 90577c55-fd31-444d-84bd-73a3c37bc268-SegmentedRaftLogWorker:Storage Directory /workdir/hadoop-ozone/ozonefs/target/test-dir/MiniOzoneClusterImpl-21ed0f53-0413-44c7-8609-f438100532e5/datanode-2/data/ratis/5f3d32d7-968a-4a52-9d9c-90ce98acf0c2: flushIndex: setUnconditionally 0 -> -1
2019-09-19 09:40:44,366 [pool-49-thread-1] INFO  server.RaftServerConfigKeys (ConfUtils.java:logGet(43)) - raft.server.snapshot.auto.trigger.enabled = true (custom)
2019-09-19 09:40:44,366 [pool-49-thread-1] INFO  server.RaftServerConfigKeys (ConfUtils.java:logGet(43)) - raft.server.snapshot.auto.trigger.threshold = 10000 (custom)
2019-09-19 09:40:44,367 [pool-49-thread-1] INFO  server.RaftServerConfigKeys (ConfUtils.java:logGet(43)) - raft.server.retrycache.expirytime = 600000ms (custom)
2019-09-19 09:40:44,367 [pool-49-thread-1] INFO  impl.RaftServerImpl (RaftServerImpl.java:start(180)) - 90577c55-fd31-444d-84bd-73a3c37bc268: start group-90CE98ACF0C2
2019-09-19 09:40:44,367 [pool-49-thread-1] INFO  impl.RaftServerImpl (RaftServerImpl.java:setRole(171)) - 90577c55-fd31-444d-84bd-73a3c37bc268:group-90CE98ACF0C2 changes role from null to FOLLOWER at term 0 for startAsFollower
2019-09-19 09:40:44,367 [pool-49-thread-1] INFO  impl.RoleInfo (RoleInfo.java:updateAndGet(143)) - 90577c55-fd31-444d-84bd-73a3c37bc268: start FollowerState
2019-09-19 09:40:44,368 [pool-49-thread-1] INFO  util.JmxRegister (JmxRegister.java:tryRegister(44)) - Successfully registered JMX Bean with object name Ratis:service=RaftServer,group=group-90CE98ACF0C2,id=90577c55-fd31-444d-84bd-73a3c37bc268
2019-09-19 09:40:44,409 [RatisPipelineUtilsThread] INFO  pipeline.PipelineStateManager (PipelineStateManager.java:addPipeline(56)) - Created pipeline Pipeline[ Id: 5f3d32d7-968a-4a52-9d9c-90ce98acf0c2, Nodes: 90577c55-fd31-444d-84bd-73a3c37bc268{ip: 192.168.34.5, host: pr-hdds-1569-j4bt4-3030777008, networkLocation: /default-rack, certSerialId: null}, Type:RATIS, Factor:ONE, State:OPEN]
2019-09-19 09:40:44,412 [IPC Server handler 14 on 45258] INFO  net.NetworkTopology (NetworkTopologyImpl.java:add(110)) - Added a new node: /default-rack/00cd5ee6-30a6-4c0a-bb6c-a5a65ddde9fb
2019-09-19 09:40:44,412 [IPC Server handler 14 on 45258] INFO  node.SCMNodeManager (SCMNodeManager.java:register(273)) - Registered Data node : 00cd5ee6-30a6-4c0a-bb6c-a5a65ddde9fb{ip: 192.168.34.5, host: pr-hdds-1569-j4bt4-3030777008, networkLocation: /default-rack, certSerialId: null}
2019-09-19 09:40:44,413 | INFO  | SCMAudit | user=jenkins1000 | ip=192.168.34.5 | op=REGISTER {datanodeDetails=00cd5ee6-30a6-4c0a-bb6c-a5a65ddde9fb{ip: 192.168.34.5, host: pr-hdds-1569-j4bt4-3030777008, networkLocation: /default-rack, certSerialId: null}} | ret=SUCCESS |  
2019-09-19 09:40:44,431 [grpc-default-executor-0] INFO  impl.RaftServerProxy (RaftServerProxy.java:addNew(89)) - bb9d252a-546d-48b3-aabe-52964da86e48: addNew group-17F5CFD46B11:[bb9d252a-546d-48b3-aabe-52964da86e48:192.168.34.5:44392] returns group-17F5CFD46B11:java.util.concurrent.CompletableFuture@42d5b0ba[Not completed]
2019-09-19 09:40:44,437 [pool-93-thread-1] INFO  impl.RaftServerImpl (RaftServerImpl.java:<init>(93)) - bb9d252a-546d-48b3-aabe-52964da86e48: new RaftServerImpl for group-17F5CFD46B11:[bb9d252a-546d-48b3-aabe-52964da86e48:192.168.34.5:44392] with ContainerStateMachine:uninitialized
2019-09-19 09:40:44,437 [pool-93-thread-1] INFO  server.RaftServerConfigKeys (ConfUtils.java:logGet(43)) - raft.server.rpc.timeout.min = 5s (custom)
2019-09-19 09:40:44,438 [pool-93-thread-1] INFO  server.RaftServerConfigKeys (ConfUtils.java:logGet(43)) - raft.server.rpc.timeout.max = 5200ms (custom)
2019-09-19 09:40:44,438 [pool-93-thread-1] INFO  server.RaftServerConfigKeys (ConfUtils.java:logGet(43)) - raft.server.rpcslowness.timeout = 120s (custom)
2019-09-19 09:40:44,438 [pool-93-thread-1] INFO  server.RaftServerConfigKeys (ConfUtils.java:logGet(43)) - raft.server.sleep.deviation.threshold = 300 (default)
2019-09-19 09:40:44,438 [pool-93-thread-1] INFO  server.RaftServerConfigKeys (ConfUtils.java:logGet(43)) - raft.server.log.appender.install.snapshot.enabled = false (custom)
2019-09-19 09:40:44,438 [pool-93-thread-1] INFO  impl.RaftServerImpl (ServerState.java:<init>(105)) - bb9d252a-546d-48b3-aabe-52964da86e48:group-17F5CFD46B11 ConfigurationManager, init=-1: [bb9d252a-546d-48b3-aabe-52964da86e48:192.168.34.5:44392], old=null, confs=<EMPTY_MAP>
2019-09-19 09:40:44,439 [pool-93-thread-1] INFO  server.RaftServerConfigKeys (ConfUtils.java:logGet(43)) - raft.server.storage.dir = [/workdir/hadoop-ozone/ozonefs/target/test-dir/MiniOzoneClusterImpl-21ed0f53-0413-44c7-8609-f438100532e5/datanode-6/data/ratis] (custom)
2019-09-19 09:40:44,439 [pool-93-thread-1] INFO  storage.RaftStorageDirectory (RaftStorageDirectory.java:analyzeStorage(246)) - The storage directory /workdir/hadoop-ozone/ozonefs/target/test-dir/MiniOzoneClusterImpl-21ed0f53-0413-44c7-8609-f438100532e5/datanode-6/data/ratis/83e37f9a-9a8d-4d8b-94f5-17f5cfd46b11 does not exist. Creating ...
2019-09-19 09:40:44,452 | INFO  | SCMAudit | user=jenkins1000 | ip=192.168.34.5 | op=SEND_HEARTBEAT {datanodeUUID=28f77823-de9e-44cc-bd18-5b415144a5bf, command=[]} | ret=SUCCESS |  
2019-09-19 09:40:44,453 [pool-93-thread-1] INFO  storage.RaftStorageDirectory (RaftStorageDirectory.java:tryLock(328)) - Lock on /workdir/hadoop-ozone/ozonefs/target/test-dir/MiniOzoneClusterImpl-21ed0f53-0413-44c7-8609-f438100532e5/datanode-6/data/ratis/83e37f9a-9a8d-4d8b-94f5-17f5cfd46b11/in_use.lock acquired by nodename 23096@pr-hdds-1569-j4bt4-3030777008
2019-09-19 09:40:44,466 [pool-93-thread-1] INFO  storage.RaftStorage (RaftStorage.java:format(72)) - Storage directory /workdir/hadoop-ozone/ozonefs/target/test-dir/MiniOzoneClusterImpl-21ed0f53-0413-44c7-8609-f438100532e5/datanode-6/data/ratis/83e37f9a-9a8d-4d8b-94f5-17f5cfd46b11 has been successfully formatted.
2019-09-19 09:40:44,466 [pool-93-thread-1] INFO  ratis.ContainerStateMachine (ContainerStateMachine.java:loadSnapshot(226)) - group-17F5CFD46B11: The snapshot info is null. Setting the last applied indexto:(t:0, i:~)
2019-09-19 09:40:44,467 [pool-93-thread-1] INFO  server.RaftServerConfigKeys (ConfUtils.java:logGet(43)) - raft.server.leader.election.timeout = 120s (custom)
2019-09-19 09:40:44,467 [pool-93-thread-1] INFO  server.RaftServerConfigKeys (ConfUtils.java:logGet(43)) - raft.server.log.use.memory = false (default)
2019-09-19 09:40:44,467 [pool-93-thread-1] INFO  server.RaftServerConfigKeys (ConfUtils.java:logGet(43)) - raft.server.log.purge.gap = 1000000 (custom)
2019-09-19 09:40:44,467 [pool-93-thread-1] INFO  server.RaftServerConfigKeys (ConfUtils.java:logGet(43)) - raft.server.log.appender.buffer.byte-limit = 33554432 (custom)
2019-09-19 09:40:44,467 [pool-93-thread-1] INFO  server.RaftServerConfigKeys (ConfUtils.java:logGet(43)) - raft.server.log.segment.size.max = 1048576 (custom)
2019-09-19 09:40:44,467 [pool-93-thread-1] INFO  server.RaftServerConfigKeys (ConfUtils.java:logGet(43)) - raft.server.log.segment.cache.num.max = 2 (custom)
2019-09-19 09:40:44,468 [pool-93-thread-1] INFO  segmented.SegmentedRaftLogWorker (SegmentedRaftLogWorker.java:<init>(172)) - new bb9d252a-546d-48b3-aabe-52964da86e48-SegmentedRaftLogWorker:Storage Directory /workdir/hadoop-ozone/ozonefs/target/test-dir/MiniOzoneClusterImpl-21ed0f53-0413-44c7-8609-f438100532e5/datanode-6/data/ratis/83e37f9a-9a8d-4d8b-94f5-17f5cfd46b11 for RaftStorage:Storage Directory /workdir/hadoop-ozone/ozonefs/target/test-dir/MiniOzoneClusterImpl-21ed0f53-0413-44c7-8609-f438100532e5/datanode-6/data/ratis/83e37f9a-9a8d-4d8b-94f5-17f5cfd46b11
2019-09-19 09:40:44,468 [pool-93-thread-1] INFO  server.RaftServerConfigKeys (ConfUtils.java:logGet(43)) - raft.server.log.queue.byte-limit = 2147483647 (custom)
2019-09-19 09:40:44,468 [pool-93-thread-1] INFO  server.RaftServerConfigKeys (ConfUtils.java:logGet(43)) - raft.server.log.queue.element-limit = 1024 (custom)
2019-09-19 09:40:44,468 [pool-93-thread-1] INFO  server.RaftServerConfigKeys (ConfUtils.java:logGet(43)) - raft.server.log.segment.size.max = 1048576 (custom)
2019-09-19 09:40:44,468 [pool-93-thread-1] INFO  server.RaftServerConfigKeys (ConfUtils.java:logGet(43)) - raft.server.log.preallocated.size = 16384 (custom)
2019-09-19 09:40:44,469 [pool-93-thread-1] INFO  server.RaftServerConfigKeys (ConfUtils.java:logGet(43)) - raft.server.log.write.buffer.size = 33554432 (custom)
2019-09-19 09:40:44,469 [pool-93-thread-1] INFO  server.RaftServerConfigKeys (ConfUtils.java:logGet(43)) - raft.server.log.force.sync.num = 128 (default)
2019-09-19 09:40:44,469 [pool-93-thread-1] INFO  server.RaftServerConfigKeys (ConfUtils.java:logGet(43)) - raft.server.log.statemachine.data.sync = true (default)
2019-09-19 09:40:44,469 [pool-93-thread-1] INFO  server.RaftServerConfigKeys (ConfUtils.java:logGet(43)) - raft.server.log.statemachine.data.sync.timeout = 10s (default)
2019-09-19 09:40:44,469 [pool-93-thread-1] INFO  server.RaftServerConfigKeys (ConfUtils.java:logGet(43)) - raft.server.log.statemachine.data.sync.timeout.retry = -1 (default)
2019-09-19 09:40:44,470 [pool-93-thread-1] INFO  server.RaftServerConfigKeys (ConfUtils.java:logGet(43)) - raft.server.log.statemachine.data.caching.enabled = true (custom)
2019-09-19 09:40:44,470 [pool-93-thread-1] INFO  segmented.SegmentedRaftLogWorker (SegmentedRaftLogWorker.java:lambda$new$0(132)) - bb9d252a-546d-48b3-aabe-52964da86e48-SegmentedRaftLogWorker:Storage Directory /workdir/hadoop-ozone/ozonefs/target/test-dir/MiniOzoneClusterImpl-21ed0f53-0413-44c7-8609-f438100532e5/datanode-6/data/ratis/83e37f9a-9a8d-4d8b-94f5-17f5cfd46b11: flushIndex: setUnconditionally 0 -> -1
2019-09-19 09:40:44,470 [pool-93-thread-1] INFO  server.RaftServerConfigKeys (ConfUtils.java:logGet(43)) - raft.server.snapshot.auto.trigger.enabled = true (custom)
2019-09-19 09:40:44,470 [pool-93-thread-1] INFO  server.RaftServerConfigKeys (ConfUtils.java:logGet(43)) - raft.server.snapshot.auto.trigger.threshold = 10000 (custom)
2019-09-19 09:40:44,471 [pool-93-thread-1] INFO  server.RaftServerConfigKeys (ConfUtils.java:logGet(43)) - raft.server.retrycache.expirytime = 600000ms (custom)
2019-09-19 09:40:44,471 [pool-93-thread-1] INFO  impl.RaftServerImpl (RaftServerImpl.java:start(180)) - bb9d252a-546d-48b3-aabe-52964da86e48: start group-17F5CFD46B11
2019-09-19 09:40:44,471 [pool-93-thread-1] INFO  impl.RaftServerImpl (RaftServerImpl.java:setRole(171)) - bb9d252a-546d-48b3-aabe-52964da86e48:group-17F5CFD46B11 changes role from null to FOLLOWER at term 0 for startAsFollower
2019-09-19 09:40:44,471 [pool-93-thread-1] INFO  impl.RoleInfo (RoleInfo.java:updateAndGet(143)) - bb9d252a-546d-48b3-aabe-52964da86e48: start FollowerState
2019-09-19 09:40:44,472 [pool-93-thread-1] INFO  util.JmxRegister (JmxRegister.java:tryRegister(44)) - Successfully registered JMX Bean with object name Ratis:service=RaftServer,group=group-17F5CFD46B11,id=bb9d252a-546d-48b3-aabe-52964da86e48
2019-09-19 09:40:44,485 [RatisPipelineUtilsThread] INFO  pipeline.PipelineStateManager (PipelineStateManager.java:addPipeline(56)) - Created pipeline Pipeline[ Id: 83e37f9a-9a8d-4d8b-94f5-17f5cfd46b11, Nodes: bb9d252a-546d-48b3-aabe-52964da86e48{ip: 192.168.34.5, host: pr-hdds-1569-j4bt4-3030777008, networkLocation: /default-rack, certSerialId: null}, Type:RATIS, Factor:ONE, State:OPEN]
2019-09-19 09:40:44,506 [grpc-default-executor-0] INFO  impl.RaftServerProxy (RaftServerProxy.java:addNew(89)) - 28f77823-de9e-44cc-bd18-5b415144a5bf: addNew group-D1E3E853F284:[28f77823-de9e-44cc-bd18-5b415144a5bf:192.168.34.5:41344] returns group-D1E3E853F284:java.util.concurrent.CompletableFuture@43f6fde8[Not completed]
2019-09-19 09:40:44,510 [pool-38-thread-1] INFO  impl.RaftServerImpl (RaftServerImpl.java:<init>(93)) - 28f77823-de9e-44cc-bd18-5b415144a5bf: new RaftServerImpl for group-D1E3E853F284:[28f77823-de9e-44cc-bd18-5b415144a5bf:192.168.34.5:41344] with ContainerStateMachine:uninitialized
2019-09-19 09:40:44,510 [pool-38-thread-1] INFO  server.RaftServerConfigKeys (ConfUtils.java:logGet(43)) - raft.server.rpc.timeout.min = 5s (custom)
2019-09-19 09:40:44,510 [pool-38-thread-1] INFO  server.RaftServerConfigKeys (ConfUtils.java:logGet(43)) - raft.server.rpc.timeout.max = 5200ms (custom)
2019-09-19 09:40:44,511 [pool-38-thread-1] INFO  server.RaftServerConfigKeys (ConfUtils.java:logGet(43)) - raft.server.rpcslowness.timeout = 120s (custom)
2019-09-19 09:40:44,511 [pool-38-thread-1] INFO  server.RaftServerConfigKeys (ConfUtils.java:logGet(43)) - raft.server.sleep.deviation.threshold = 300 (default)
2019-09-19 09:40:44,511 [pool-38-thread-1] INFO  server.RaftServerConfigKeys (ConfUtils.java:logGet(43)) - raft.server.log.appender.install.snapshot.enabled = false (custom)
2019-09-19 09:40:44,511 [pool-38-thread-1] INFO  impl.RaftServerImpl (ServerState.java:<init>(105)) - 28f77823-de9e-44cc-bd18-5b415144a5bf:group-D1E3E853F284 ConfigurationManager, init=-1: [28f77823-de9e-44cc-bd18-5b415144a5bf:192.168.34.5:41344], old=null, confs=<EMPTY_MAP>
2019-09-19 09:40:44,511 [pool-38-thread-1] INFO  server.RaftServerConfigKeys (ConfUtils.java:logGet(43)) - raft.server.storage.dir = [/workdir/hadoop-ozone/ozonefs/target/test-dir/MiniOzoneClusterImpl-21ed0f53-0413-44c7-8609-f438100532e5/datanode-1/data/ratis] (custom)
2019-09-19 09:40:44,512 [pool-38-thread-1] INFO  storage.RaftStorageDirectory (RaftStorageDirectory.java:analyzeStorage(246)) - The storage directory /workdir/hadoop-ozone/ozonefs/target/test-dir/MiniOzoneClusterImpl-21ed0f53-0413-44c7-8609-f438100532e5/datanode-1/data/ratis/e70026a8-9102-47f1-8c03-d1e3e853f284 does not exist. Creating ...
2019-09-19 09:40:44,525 [pool-38-thread-1] INFO  storage.RaftStorageDirectory (RaftStorageDirectory.java:tryLock(328)) - Lock on /workdir/hadoop-ozone/ozonefs/target/test-dir/MiniOzoneClusterImpl-21ed0f53-0413-44c7-8609-f438100532e5/datanode-1/data/ratis/e70026a8-9102-47f1-8c03-d1e3e853f284/in_use.lock acquired by nodename 23096@pr-hdds-1569-j4bt4-3030777008
2019-09-19 09:40:44,542 [pool-38-thread-1] INFO  storage.RaftStorage (RaftStorage.java:format(72)) - Storage directory /workdir/hadoop-ozone/ozonefs/target/test-dir/MiniOzoneClusterImpl-21ed0f53-0413-44c7-8609-f438100532e5/datanode-1/data/ratis/e70026a8-9102-47f1-8c03-d1e3e853f284 has been successfully formatted.
2019-09-19 09:40:44,543 [pool-38-thread-1] INFO  ratis.ContainerStateMachine (ContainerStateMachine.java:loadSnapshot(226)) - group-D1E3E853F284: The snapshot info is null. Setting the last applied indexto:(t:0, i:~)
2019-09-19 09:40:44,543 [pool-38-thread-1] INFO  server.RaftServerConfigKeys (ConfUtils.java:logGet(43)) - raft.server.leader.election.timeout = 120s (custom)
2019-09-19 09:40:44,543 [pool-38-thread-1] INFO  server.RaftServerConfigKeys (ConfUtils.java:logGet(43)) - raft.server.log.use.memory = false (default)
2019-09-19 09:40:44,543 [pool-38-thread-1] INFO  server.RaftServerConfigKeys (ConfUtils.java:logGet(43)) - raft.server.log.purge.gap = 1000000 (custom)
2019-09-19 09:40:44,543 [pool-38-thread-1] INFO  server.RaftServerConfigKeys (ConfUtils.java:logGet(43)) - raft.server.log.appender.buffer.byte-limit = 33554432 (custom)
2019-09-19 09:40:44,543 [pool-38-thread-1] INFO  server.RaftServerConfigKeys (ConfUtils.java:logGet(43)) - raft.server.log.segment.size.max = 1048576 (custom)
2019-09-19 09:40:44,543 [pool-38-thread-1] INFO  server.RaftServerConfigKeys (ConfUtils.java:logGet(43)) - raft.server.log.segment.cache.num.max = 2 (custom)
2019-09-19 09:40:44,544 [pool-38-thread-1] INFO  segmented.SegmentedRaftLogWorker (SegmentedRaftLogWorker.java:<init>(172)) - new 28f77823-de9e-44cc-bd18-5b415144a5bf-SegmentedRaftLogWorker:Storage Directory /workdir/hadoop-ozone/ozonefs/target/test-dir/MiniOzoneClusterImpl-21ed0f53-0413-44c7-8609-f438100532e5/datanode-1/data/ratis/e70026a8-9102-47f1-8c03-d1e3e853f284 for RaftStorage:Storage Directory /workdir/hadoop-ozone/ozonefs/target/test-dir/MiniOzoneClusterImpl-21ed0f53-0413-44c7-8609-f438100532e5/datanode-1/data/ratis/e70026a8-9102-47f1-8c03-d1e3e853f284
2019-09-19 09:40:44,544 [pool-38-thread-1] INFO  server.RaftServerConfigKeys (ConfUtils.java:logGet(43)) - raft.server.log.queue.byte-limit = 2147483647 (custom)
2019-09-19 09:40:44,544 [pool-38-thread-1] INFO  server.RaftServerConfigKeys (ConfUtils.java:logGet(43)) - raft.server.log.queue.element-limit = 1024 (custom)
2019-09-19 09:40:44,544 [pool-38-thread-1] INFO  server.RaftServerConfigKeys (ConfUtils.java:logGet(43)) - raft.server.log.segment.size.max = 1048576 (custom)
2019-09-19 09:40:44,544 [pool-38-thread-1] INFO  server.RaftServerConfigKeys (ConfUtils.java:logGet(43)) - raft.server.log.preallocated.size = 16384 (custom)
2019-09-19 09:40:44,545 [pool-38-thread-1] INFO  server.RaftServerConfigKeys (ConfUtils.java:logGet(43)) - raft.server.log.write.buffer.size = 33554432 (custom)
2019-09-19 09:40:44,545 [pool-38-thread-1] INFO  server.RaftServerConfigKeys (ConfUtils.java:logGet(43)) - raft.server.log.force.sync.num = 128 (default)
2019-09-19 09:40:44,545 [pool-38-thread-1] INFO  server.RaftServerConfigKeys (ConfUtils.java:logGet(43)) - raft.server.log.statemachine.data.sync = true (default)
2019-09-19 09:40:44,545 [pool-38-thread-1] INFO  server.RaftServerConfigKeys (ConfUtils.java:logGet(43)) - raft.server.log.statemachine.data.sync.timeout = 10s (default)
2019-09-19 09:40:44,545 [pool-38-thread-1] INFO  server.RaftServerConfigKeys (ConfUtils.java:logGet(43)) - raft.server.log.statemachine.data.sync.timeout.retry = -1 (default)
2019-09-19 09:40:44,545 [pool-38-thread-1] INFO  server.RaftServerConfigKeys (ConfUtils.java:logGet(43)) - raft.server.log.statemachine.data.caching.enabled = true (custom)
2019-09-19 09:40:44,546 [pool-38-thread-1] INFO  segmented.SegmentedRaftLogWorker (SegmentedRaftLogWorker.java:lambda$new$0(132)) - 28f77823-de9e-44cc-bd18-5b415144a5bf-SegmentedRaftLogWorker:Storage Directory /workdir/hadoop-ozone/ozonefs/target/test-dir/MiniOzoneClusterImpl-21ed0f53-0413-44c7-8609-f438100532e5/datanode-1/data/ratis/e70026a8-9102-47f1-8c03-d1e3e853f284: flushIndex: setUnconditionally 0 -> -1
2019-09-19 09:40:44,546 [pool-38-thread-1] INFO  server.RaftServerConfigKeys (ConfUtils.java:logGet(43)) - raft.server.snapshot.auto.trigger.enabled = true (custom)
2019-09-19 09:40:44,546 [pool-38-thread-1] INFO  server.RaftServerConfigKeys (ConfUtils.java:logGet(43)) - raft.server.snapshot.auto.trigger.threshold = 10000 (custom)
2019-09-19 09:40:44,546 [pool-38-thread-1] INFO  server.RaftServerConfigKeys (ConfUtils.java:logGet(43)) - raft.server.retrycache.expirytime = 600000ms (custom)
2019-09-19 09:40:44,547 [pool-38-thread-1] INFO  impl.RaftServerImpl (RaftServerImpl.java:start(180)) - 28f77823-de9e-44cc-bd18-5b415144a5bf: start group-D1E3E853F284
2019-09-19 09:40:44,547 [pool-38-thread-1] INFO  impl.RaftServerImpl (RaftServerImpl.java:setRole(171)) - 28f77823-de9e-44cc-bd18-5b415144a5bf:group-D1E3E853F284 changes role from null to FOLLOWER at term 0 for startAsFollower
2019-09-19 09:40:44,547 [pool-38-thread-1] INFO  impl.RoleInfo (RoleInfo.java:updateAndGet(143)) - 28f77823-de9e-44cc-bd18-5b415144a5bf: start FollowerState
2019-09-19 09:40:44,547 [pool-38-thread-1] INFO  util.JmxRegister (JmxRegister.java:tryRegister(44)) - Successfully registered JMX Bean with object name Ratis:service=RaftServer,group=group-D1E3E853F284,id=28f77823-de9e-44cc-bd18-5b415144a5bf
2019-09-19 09:40:44,563 [RatisPipelineUtilsThread] INFO  pipeline.PipelineStateManager (PipelineStateManager.java:addPipeline(56)) - Created pipeline Pipeline[ Id: e70026a8-9102-47f1-8c03-d1e3e853f284, Nodes: 28f77823-de9e-44cc-bd18-5b415144a5bf{ip: 192.168.34.5, host: pr-hdds-1569-j4bt4-3030777008, networkLocation: /default-rack, certSerialId: null}, Type:RATIS, Factor:ONE, State:OPEN]
2019-09-19 09:40:44,590 [grpc-default-executor-0] INFO  impl.RaftServerProxy (RaftServerProxy.java:addNew(89)) - d87be78c-f122-4471-b781-d01263e91835: addNew group-B78F84C17D6F:[d87be78c-f122-4471-b781-d01263e91835:192.168.34.5:39992] returns group-B78F84C17D6F:java.util.concurrent.CompletableFuture@4ecededf[Not completed]
2019-09-19 09:40:44,592 [pool-60-thread-1] INFO  impl.RaftServerImpl (RaftServerImpl.java:<init>(93)) - d87be78c-f122-4471-b781-d01263e91835: new RaftServerImpl for group-B78F84C17D6F:[d87be78c-f122-4471-b781-d01263e91835:192.168.34.5:39992] with ContainerStateMachine:uninitialized
2019-09-19 09:40:44,592 [pool-60-thread-1] INFO  server.RaftServerConfigKeys (ConfUtils.java:logGet(43)) - raft.server.rpc.timeout.min = 5s (custom)
2019-09-19 09:40:44,592 [pool-60-thread-1] INFO  server.RaftServerConfigKeys (ConfUtils.java:logGet(43)) - raft.server.rpc.timeout.max = 5200ms (custom)
2019-09-19 09:40:44,592 [pool-60-thread-1] INFO  server.RaftServerConfigKeys (ConfUtils.java:logGet(43)) - raft.server.rpcslowness.timeout = 120s (custom)
2019-09-19 09:40:44,593 [pool-60-thread-1] INFO  server.RaftServerConfigKeys (ConfUtils.java:logGet(43)) - raft.server.sleep.deviation.threshold = 300 (default)
2019-09-19 09:40:44,593 [pool-60-thread-1] INFO  server.RaftServerConfigKeys (ConfUtils.java:logGet(43)) - raft.server.log.appender.install.snapshot.enabled = false (custom)
2019-09-19 09:40:44,593 [pool-60-thread-1] INFO  impl.RaftServerImpl (ServerState.java:<init>(105)) - d87be78c-f122-4471-b781-d01263e91835:group-B78F84C17D6F ConfigurationManager, init=-1: [d87be78c-f122-4471-b781-d01263e91835:192.168.34.5:39992], old=null, confs=<EMPTY_MAP>
2019-09-19 09:40:44,593 [pool-60-thread-1] INFO  server.RaftServerConfigKeys (ConfUtils.java:logGet(43)) - raft.server.storage.dir = [/workdir/hadoop-ozone/ozonefs/target/test-dir/MiniOzoneClusterImpl-21ed0f53-0413-44c7-8609-f438100532e5/datanode-3/data/ratis] (custom)
2019-09-19 09:40:44,593 [pool-60-thread-1] INFO  storage.RaftStorageDirectory (RaftStorageDirectory.java:analyzeStorage(246)) - The storage directory /workdir/hadoop-ozone/ozonefs/target/test-dir/MiniOzoneClusterImpl-21ed0f53-0413-44c7-8609-f438100532e5/datanode-3/data/ratis/bcdea4f1-1e36-4820-94ce-b78f84c17d6f does not exist. Creating ...
2019-09-19 09:40:44,607 [main] INFO  ozone.MiniOzoneClusterImpl (MiniOzoneClusterImpl.java:lambda$waitForClusterToBeReady$0(142)) - Waiting for cluster to be ready. Got 9 of 10 DN Heartbeats.
2019-09-19 09:40:44,608 [pool-60-thread-1] INFO  storage.RaftStorageDirectory (RaftStorageDirectory.java:tryLock(328)) - Lock on /workdir/hadoop-ozone/ozonefs/target/test-dir/MiniOzoneClusterImpl-21ed0f53-0413-44c7-8609-f438100532e5/datanode-3/data/ratis/bcdea4f1-1e36-4820-94ce-b78f84c17d6f/in_use.lock acquired by nodename 23096@pr-hdds-1569-j4bt4-3030777008
2019-09-19 09:40:44,608 [IPC Server handler 19 on 45258] INFO  net.NetworkTopology (NetworkTopologyImpl.java:add(110)) - Added a new node: /default-rack/caeb75b6-27c7-410d-b6eb-8f738956b5a3
2019-09-19 09:40:44,608 [IPC Server handler 19 on 45258] INFO  node.SCMNodeManager (SCMNodeManager.java:register(273)) - Registered Data node : caeb75b6-27c7-410d-b6eb-8f738956b5a3{ip: 192.168.34.5, host: pr-hdds-1569-j4bt4-3030777008, networkLocation: /default-rack, certSerialId: null}
2019-09-19 09:40:44,609 | INFO  | SCMAudit | user=jenkins1000 | ip=192.168.34.5 | op=REGISTER {datanodeDetails=caeb75b6-27c7-410d-b6eb-8f738956b5a3{ip: 192.168.34.5, host: pr-hdds-1569-j4bt4-3030777008, networkLocation: /default-rack, certSerialId: null}} | ret=SUCCESS |  
2019-09-19 09:40:44,621 [pool-60-thread-1] INFO  storage.RaftStorage (RaftStorage.java:format(72)) - Storage directory /workdir/hadoop-ozone/ozonefs/target/test-dir/MiniOzoneClusterImpl-21ed0f53-0413-44c7-8609-f438100532e5/datanode-3/data/ratis/bcdea4f1-1e36-4820-94ce-b78f84c17d6f has been successfully formatted.
2019-09-19 09:40:44,622 [pool-60-thread-1] INFO  ratis.ContainerStateMachine (ContainerStateMachine.java:loadSnapshot(226)) - group-B78F84C17D6F: The snapshot info is null. Setting the last applied indexto:(t:0, i:~)
2019-09-19 09:40:44,622 [pool-60-thread-1] INFO  server.RaftServerConfigKeys (ConfUtils.java:logGet(43)) - raft.server.leader.election.timeout = 120s (custom)
2019-09-19 09:40:44,622 [pool-60-thread-1] INFO  server.RaftServerConfigKeys (ConfUtils.java:logGet(43)) - raft.server.log.use.memory = false (default)
2019-09-19 09:40:44,622 [pool-60-thread-1] INFO  server.RaftServerConfigKeys (ConfUtils.java:logGet(43)) - raft.server.log.purge.gap = 1000000 (custom)
2019-09-19 09:40:44,622 [pool-60-thread-1] INFO  server.RaftServerConfigKeys (ConfUtils.java:logGet(43)) - raft.server.log.appender.buffer.byte-limit = 33554432 (custom)
2019-09-19 09:40:44,622 [pool-60-thread-1] INFO  server.RaftServerConfigKeys (ConfUtils.java:logGet(43)) - raft.server.log.segment.size.max = 1048576 (custom)
2019-09-19 09:40:44,623 [pool-60-thread-1] INFO  server.RaftServerConfigKeys (ConfUtils.java:logGet(43)) - raft.server.log.segment.cache.num.max = 2 (custom)
2019-09-19 09:40:44,623 [pool-60-thread-1] INFO  segmented.SegmentedRaftLogWorker (SegmentedRaftLogWorker.java:<init>(172)) - new d87be78c-f122-4471-b781-d01263e91835-SegmentedRaftLogWorker:Storage Directory /workdir/hadoop-ozone/ozonefs/target/test-dir/MiniOzoneClusterImpl-21ed0f53-0413-44c7-8609-f438100532e5/datanode-3/data/ratis/bcdea4f1-1e36-4820-94ce-b78f84c17d6f for RaftStorage:Storage Directory /workdir/hadoop-ozone/ozonefs/target/test-dir/MiniOzoneClusterImpl-21ed0f53-0413-44c7-8609-f438100532e5/datanode-3/data/ratis/bcdea4f1-1e36-4820-94ce-b78f84c17d6f
2019-09-19 09:40:44,623 [pool-60-thread-1] INFO  server.RaftServerConfigKeys (ConfUtils.java:logGet(43)) - raft.server.log.queue.byte-limit = 2147483647 (custom)
2019-09-19 09:40:44,623 [pool-60-thread-1] INFO  server.RaftServerConfigKeys (ConfUtils.java:logGet(43)) - raft.server.log.queue.element-limit = 1024 (custom)
2019-09-19 09:40:44,623 [pool-60-thread-1] INFO  server.RaftServerConfigKeys (ConfUtils.java:logGet(43)) - raft.server.log.segment.size.max = 1048576 (custom)
2019-09-19 09:40:44,623 [pool-60-thread-1] INFO  server.RaftServerConfigKeys (ConfUtils.java:logGet(43)) - raft.server.log.preallocated.size = 16384 (custom)
2019-09-19 09:40:44,624 [pool-60-thread-1] INFO  server.RaftServerConfigKeys (ConfUtils.java:logGet(43)) - raft.server.log.write.buffer.size = 33554432 (custom)
2019-09-19 09:40:44,624 [pool-60-thread-1] INFO  server.RaftServerConfigKeys (ConfUtils.java:logGet(43)) - raft.server.log.force.sync.num = 128 (default)
2019-09-19 09:40:44,624 [pool-60-thread-1] INFO  server.RaftServerConfigKeys (ConfUtils.java:logGet(43)) - raft.server.log.statemachine.data.sync = true (default)
2019-09-19 09:40:44,624 [pool-60-thread-1] INFO  server.RaftServerConfigKeys (ConfUtils.java:logGet(43)) - raft.server.log.statemachine.data.sync.timeout = 10s (default)
2019-09-19 09:40:44,624 [pool-60-thread-1] INFO  server.RaftServerConfigKeys (ConfUtils.java:logGet(43)) - raft.server.log.statemachine.data.sync.timeout.retry = -1 (default)
2019-09-19 09:40:44,625 [pool-60-thread-1] INFO  server.RaftServerConfigKeys (ConfUtils.java:logGet(43)) - raft.server.log.statemachine.data.caching.enabled = true (custom)
2019-09-19 09:40:44,625 [pool-60-thread-1] INFO  segmented.SegmentedRaftLogWorker (SegmentedRaftLogWorker.java:lambda$new$0(132)) - d87be78c-f122-4471-b781-d01263e91835-SegmentedRaftLogWorker:Storage Directory /workdir/hadoop-ozone/ozonefs/target/test-dir/MiniOzoneClusterImpl-21ed0f53-0413-44c7-8609-f438100532e5/datanode-3/data/ratis/bcdea4f1-1e36-4820-94ce-b78f84c17d6f: flushIndex: setUnconditionally 0 -> -1
2019-09-19 09:40:44,625 [pool-60-thread-1] INFO  server.RaftServerConfigKeys (ConfUtils.java:logGet(43)) - raft.server.snapshot.auto.trigger.enabled = true (custom)
2019-09-19 09:40:44,625 [pool-60-thread-1] INFO  server.RaftServerConfigKeys (ConfUtils.java:logGet(43)) - raft.server.snapshot.auto.trigger.threshold = 10000 (custom)
2019-09-19 09:40:44,626 [pool-60-thread-1] INFO  server.RaftServerConfigKeys (ConfUtils.java:logGet(43)) - raft.server.retrycache.expirytime = 600000ms (custom)
2019-09-19 09:40:44,626 [pool-60-thread-1] INFO  impl.RaftServerImpl (RaftServerImpl.java:start(180)) - d87be78c-f122-4471-b781-d01263e91835: start group-B78F84C17D6F
2019-09-19 09:40:44,626 [pool-60-thread-1] INFO  impl.RaftServerImpl (RaftServerImpl.java:setRole(171)) - d87be78c-f122-4471-b781-d01263e91835:group-B78F84C17D6F changes role from null to FOLLOWER at term 0 for startAsFollower
2019-09-19 09:40:44,626 [pool-60-thread-1] INFO  impl.RoleInfo (RoleInfo.java:updateAndGet(143)) - d87be78c-f122-4471-b781-d01263e91835: start FollowerState
2019-09-19 09:40:44,627 [pool-60-thread-1] INFO  util.JmxRegister (JmxRegister.java:tryRegister(44)) - Successfully registered JMX Bean with object name Ratis:service=RaftServer,group=group-B78F84C17D6F,id=d87be78c-f122-4471-b781-d01263e91835
2019-09-19 09:40:44,639 [RatisPipelineUtilsThread] INFO  pipeline.PipelineStateManager (PipelineStateManager.java:addPipeline(56)) - Created pipeline Pipeline[ Id: bcdea4f1-1e36-4820-94ce-b78f84c17d6f, Nodes: d87be78c-f122-4471-b781-d01263e91835{ip: 192.168.34.5, host: pr-hdds-1569-j4bt4-3030777008, networkLocation: /default-rack, certSerialId: null}, Type:RATIS, Factor:ONE, State:OPEN]
2019-09-19 09:40:44,654 [grpc-default-executor-0] INFO  impl.RaftServerProxy (RaftServerProxy.java:addNew(89)) - 1bcbd64b-2199-49e1-86d3-4e4b64d88b4a: addNew group-CE7D92D06AE0:[1bcbd64b-2199-49e1-86d3-4e4b64d88b4a:192.168.34.5:41194] returns group-CE7D92D06AE0:java.util.concurrent.CompletableFuture@62210da4[Not completed]
2019-09-19 09:40:44,656 [pool-27-thread-1] INFO  impl.RaftServerImpl (RaftServerImpl.java:<init>(93)) - 1bcbd64b-2199-49e1-86d3-4e4b64d88b4a: new RaftServerImpl for group-CE7D92D06AE0:[1bcbd64b-2199-49e1-86d3-4e4b64d88b4a:192.168.34.5:41194] with ContainerStateMachine:uninitialized
2019-09-19 09:40:44,656 [pool-27-thread-1] INFO  server.RaftServerConfigKeys (ConfUtils.java:logGet(43)) - raft.server.rpc.timeout.min = 5s (custom)
2019-09-19 09:40:44,656 [pool-27-thread-1] INFO  server.RaftServerConfigKeys (ConfUtils.java:logGet(43)) - raft.server.rpc.timeout.max = 5200ms (custom)
2019-09-19 09:40:44,657 [pool-27-thread-1] INFO  server.RaftServerConfigKeys (ConfUtils.java:logGet(43)) - raft.server.rpcslowness.timeout = 120s (custom)
2019-09-19 09:40:44,657 [pool-27-thread-1] INFO  server.RaftServerConfigKeys (ConfUtils.java:logGet(43)) - raft.server.sleep.deviation.threshold = 300 (default)
2019-09-19 09:40:44,657 [pool-27-thread-1] INFO  server.RaftServerConfigKeys (ConfUtils.java:logGet(43)) - raft.server.log.appender.install.snapshot.enabled = false (custom)
2019-09-19 09:40:44,657 [pool-27-thread-1] INFO  impl.RaftServerImpl (ServerState.java:<init>(105)) - 1bcbd64b-2199-49e1-86d3-4e4b64d88b4a:group-CE7D92D06AE0 ConfigurationManager, init=-1: [1bcbd64b-2199-49e1-86d3-4e4b64d88b4a:192.168.34.5:41194], old=null, confs=<EMPTY_MAP>
2019-09-19 09:40:44,657 [pool-27-thread-1] INFO  server.RaftServerConfigKeys (ConfUtils.java:logGet(43)) - raft.server.storage.dir = [/workdir/hadoop-ozone/ozonefs/target/test-dir/MiniOzoneClusterImpl-21ed0f53-0413-44c7-8609-f438100532e5/datanode-0/data/ratis] (custom)
2019-09-19 09:40:44,658 [pool-27-thread-1] INFO  storage.RaftStorageDirectory (RaftStorageDirectory.java:analyzeStorage(246)) - The storage directory /workdir/hadoop-ozone/ozonefs/target/test-dir/MiniOzoneClusterImpl-21ed0f53-0413-44c7-8609-f438100532e5/datanode-0/data/ratis/9cacf216-ad3f-4c62-bb5b-ce7d92d06ae0 does not exist. Creating ...
2019-09-19 09:40:44,672 [pool-27-thread-1] INFO  storage.RaftStorageDirectory (RaftStorageDirectory.java:tryLock(328)) - Lock on /workdir/hadoop-ozone/ozonefs/target/test-dir/MiniOzoneClusterImpl-21ed0f53-0413-44c7-8609-f438100532e5/datanode-0/data/ratis/9cacf216-ad3f-4c62-bb5b-ce7d92d06ae0/in_use.lock acquired by nodename 23096@pr-hdds-1569-j4bt4-3030777008
2019-09-19 09:40:44,685 [pool-27-thread-1] INFO  storage.RaftStorage (RaftStorage.java:format(72)) - Storage directory /workdir/hadoop-ozone/ozonefs/target/test-dir/MiniOzoneClusterImpl-21ed0f53-0413-44c7-8609-f438100532e5/datanode-0/data/ratis/9cacf216-ad3f-4c62-bb5b-ce7d92d06ae0 has been successfully formatted.
2019-09-19 09:40:44,685 [pool-27-thread-1] INFO  ratis.ContainerStateMachine (ContainerStateMachine.java:loadSnapshot(226)) - group-CE7D92D06AE0: The snapshot info is null. Setting the last applied indexto:(t:0, i:~)
2019-09-19 09:40:44,685 [pool-27-thread-1] INFO  server.RaftServerConfigKeys (ConfUtils.java:logGet(43)) - raft.server.leader.election.timeout = 120s (custom)
2019-09-19 09:40:44,685 [pool-27-thread-1] INFO  server.RaftServerConfigKeys (ConfUtils.java:logGet(43)) - raft.server.log.use.memory = false (default)
2019-09-19 09:40:44,686 [pool-27-thread-1] INFO  server.RaftServerConfigKeys (ConfUtils.java:logGet(43)) - raft.server.log.purge.gap = 1000000 (custom)
2019-09-19 09:40:44,686 [pool-27-thread-1] INFO  server.RaftServerConfigKeys (ConfUtils.java:logGet(43)) - raft.server.log.appender.buffer.byte-limit = 33554432 (custom)
2019-09-19 09:40:44,686 [pool-27-thread-1] INFO  server.RaftServerConfigKeys (ConfUtils.java:logGet(43)) - raft.server.log.segment.size.max = 1048576 (custom)
2019-09-19 09:40:44,686 [pool-27-thread-1] INFO  server.RaftServerConfigKeys (ConfUtils.java:logGet(43)) - raft.server.log.segment.cache.num.max = 2 (custom)
2019-09-19 09:40:44,686 [pool-27-thread-1] INFO  segmented.SegmentedRaftLogWorker (SegmentedRaftLogWorker.java:<init>(172)) - new 1bcbd64b-2199-49e1-86d3-4e4b64d88b4a-SegmentedRaftLogWorker:Storage Directory /workdir/hadoop-ozone/ozonefs/target/test-dir/MiniOzoneClusterImpl-21ed0f53-0413-44c7-8609-f438100532e5/datanode-0/data/ratis/9cacf216-ad3f-4c62-bb5b-ce7d92d06ae0 for RaftStorage:Storage Directory /workdir/hadoop-ozone/ozonefs/target/test-dir/MiniOzoneClusterImpl-21ed0f53-0413-44c7-8609-f438100532e5/datanode-0/data/ratis/9cacf216-ad3f-4c62-bb5b-ce7d92d06ae0
2019-09-19 09:40:44,686 [pool-27-thread-1] INFO  server.RaftServerConfigKeys (ConfUtils.java:logGet(43)) - raft.server.log.queue.byte-limit = 2147483647 (custom)
2019-09-19 09:40:44,687 [pool-27-thread-1] INFO  server.RaftServerConfigKeys (ConfUtils.java:logGet(43)) - raft.server.log.queue.element-limit = 1024 (custom)
2019-09-19 09:40:44,687 [pool-27-thread-1] INFO  server.RaftServerConfigKeys (ConfUtils.java:logGet(43)) - raft.server.log.segment.size.max = 1048576 (custom)
2019-09-19 09:40:44,687 [pool-27-thread-1] INFO  server.RaftServerConfigKeys (ConfUtils.java:logGet(43)) - raft.server.log.preallocated.size = 16384 (custom)
2019-09-19 09:40:44,687 [pool-27-thread-1] INFO  server.RaftServerConfigKeys (ConfUtils.java:logGet(43)) - raft.server.log.write.buffer.size = 33554432 (custom)
2019-09-19 09:40:44,687 [pool-27-thread-1] INFO  server.RaftServerConfigKeys (ConfUtils.java:logGet(43)) - raft.server.log.force.sync.num = 128 (default)
2019-09-19 09:40:44,687 [pool-27-thread-1] INFO  server.RaftServerConfigKeys (ConfUtils.java:logGet(43)) - raft.server.log.statemachine.data.sync = true (default)
2019-09-19 09:40:44,688 [pool-27-thread-1] INFO  server.RaftServerConfigKeys (ConfUtils.java:logGet(43)) - raft.server.log.statemachine.data.sync.timeout = 10s (default)
2019-09-19 09:40:44,688 [pool-27-thread-1] INFO  server.RaftServerConfigKeys (ConfUtils.java:logGet(43)) - raft.server.log.statemachine.data.sync.timeout.retry = -1 (default)
2019-09-19 09:40:44,688 [pool-27-thread-1] INFO  server.RaftServerConfigKeys (ConfUtils.java:logGet(43)) - raft.server.log.statemachine.data.caching.enabled = true (custom)
2019-09-19 09:40:44,688 [pool-27-thread-1] INFO  segmented.SegmentedRaftLogWorker (SegmentedRaftLogWorker.java:lambda$new$0(132)) - 1bcbd64b-2199-49e1-86d3-4e4b64d88b4a-SegmentedRaftLogWorker:Storage Directory /workdir/hadoop-ozone/ozonefs/target/test-dir/MiniOzoneClusterImpl-21ed0f53-0413-44c7-8609-f438100532e5/datanode-0/data/ratis/9cacf216-ad3f-4c62-bb5b-ce7d92d06ae0: flushIndex: setUnconditionally 0 -> -1
2019-09-19 09:40:44,689 [pool-27-thread-1] INFO  server.RaftServerConfigKeys (ConfUtils.java:logGet(43)) - raft.server.snapshot.auto.trigger.enabled = true (custom)
2019-09-19 09:40:44,689 [pool-27-thread-1] INFO  server.RaftServerConfigKeys (ConfUtils.java:logGet(43)) - raft.server.snapshot.auto.trigger.threshold = 10000 (custom)
2019-09-19 09:40:44,689 [pool-27-thread-1] INFO  server.RaftServerConfigKeys (ConfUtils.java:logGet(43)) - raft.server.retrycache.expirytime = 600000ms (custom)
2019-09-19 09:40:44,689 [pool-27-thread-1] INFO  impl.RaftServerImpl (RaftServerImpl.java:start(180)) - 1bcbd64b-2199-49e1-86d3-4e4b64d88b4a: start group-CE7D92D06AE0
2019-09-19 09:40:44,689 [pool-27-thread-1] INFO  impl.RaftServerImpl (RaftServerImpl.java:setRole(171)) - 1bcbd64b-2199-49e1-86d3-4e4b64d88b4a:group-CE7D92D06AE0 changes role from null to FOLLOWER at term 0 for startAsFollower
2019-09-19 09:40:44,690 [pool-27-thread-1] INFO  impl.RoleInfo (RoleInfo.java:updateAndGet(143)) - 1bcbd64b-2199-49e1-86d3-4e4b64d88b4a: start FollowerState
2019-09-19 09:40:44,690 [pool-27-thread-1] INFO  util.JmxRegister (JmxRegister.java:tryRegister(44)) - Successfully registered JMX Bean with object name Ratis:service=RaftServer,group=group-CE7D92D06AE0,id=1bcbd64b-2199-49e1-86d3-4e4b64d88b4a
2019-09-19 09:40:44,732 [RatisPipelineUtilsThread] INFO  pipeline.PipelineStateManager (PipelineStateManager.java:addPipeline(56)) - Created pipeline Pipeline[ Id: 9cacf216-ad3f-4c62-bb5b-ce7d92d06ae0, Nodes: 1bcbd64b-2199-49e1-86d3-4e4b64d88b4a{ip: 192.168.34.5, host: pr-hdds-1569-j4bt4-3030777008, networkLocation: /default-rack, certSerialId: null}, Type:RATIS, Factor:ONE, State:OPEN]
2019-09-19 09:40:44,736 | INFO  | SCMAudit | user=jenkins1000 | ip=192.168.34.5 | op=SEND_HEARTBEAT {datanodeUUID=90577c55-fd31-444d-84bd-73a3c37bc268, command=[]} | ret=SUCCESS |  
2019-09-19 09:40:44,750 [grpc-default-executor-0] INFO  impl.RaftServerProxy (RaftServerProxy.java:addNew(89)) - 1cd79902-2a06-4a3f-8023-3eba64f51293: addNew group-324EBC65A8E4:[1cd79902-2a06-4a3f-8023-3eba64f51293:192.168.34.5:43611] returns group-324EBC65A8E4:java.util.concurrent.CompletableFuture@4b46b023[Not completed]
2019-09-19 09:40:44,757 [pool-82-thread-1] INFO  impl.RaftServerImpl (RaftServerImpl.java:<init>(93)) - 1cd79902-2a06-4a3f-8023-3eba64f51293: new RaftServerImpl for group-324EBC65A8E4:[1cd79902-2a06-4a3f-8023-3eba64f51293:192.168.34.5:43611] with ContainerStateMachine:uninitialized
2019-09-19 09:40:44,757 [pool-82-thread-1] INFO  server.RaftServerConfigKeys (ConfUtils.java:logGet(43)) - raft.server.rpc.timeout.min = 5s (custom)
2019-09-19 09:40:44,757 [pool-82-thread-1] INFO  server.RaftServerConfigKeys (ConfUtils.java:logGet(43)) - raft.server.rpc.timeout.max = 5200ms (custom)
2019-09-19 09:40:44,757 [pool-82-thread-1] INFO  server.RaftServerConfigKeys (ConfUtils.java:logGet(43)) - raft.server.rpcslowness.timeout = 120s (custom)
2019-09-19 09:40:44,758 [pool-82-thread-1] INFO  server.RaftServerConfigKeys (ConfUtils.java:logGet(43)) - raft.server.sleep.deviation.threshold = 300 (default)
2019-09-19 09:40:44,758 [pool-82-thread-1] INFO  server.RaftServerConfigKeys (ConfUtils.java:logGet(43)) - raft.server.log.appender.install.snapshot.enabled = false (custom)
2019-09-19 09:40:44,758 [pool-82-thread-1] INFO  impl.RaftServerImpl (ServerState.java:<init>(105)) - 1cd79902-2a06-4a3f-8023-3eba64f51293:group-324EBC65A8E4 ConfigurationManager, init=-1: [1cd79902-2a06-4a3f-8023-3eba64f51293:192.168.34.5:43611], old=null, confs=<EMPTY_MAP>
2019-09-19 09:40:44,758 [pool-82-thread-1] INFO  server.RaftServerConfigKeys (ConfUtils.java:logGet(43)) - raft.server.storage.dir = [/workdir/hadoop-ozone/ozonefs/target/test-dir/MiniOzoneClusterImpl-21ed0f53-0413-44c7-8609-f438100532e5/datanode-5/data/ratis] (custom)
2019-09-19 09:40:44,759 [pool-82-thread-1] INFO  storage.RaftStorageDirectory (RaftStorageDirectory.java:analyzeStorage(246)) - The storage directory /workdir/hadoop-ozone/ozonefs/target/test-dir/MiniOzoneClusterImpl-21ed0f53-0413-44c7-8609-f438100532e5/datanode-5/data/ratis/27dcb5a6-ff35-4e6d-99d5-324ebc65a8e4 does not exist. Creating ...
2019-09-19 09:40:44,772 [pool-82-thread-1] INFO  storage.RaftStorageDirectory (RaftStorageDirectory.java:tryLock(328)) - Lock on /workdir/hadoop-ozone/ozonefs/target/test-dir/MiniOzoneClusterImpl-21ed0f53-0413-44c7-8609-f438100532e5/datanode-5/data/ratis/27dcb5a6-ff35-4e6d-99d5-324ebc65a8e4/in_use.lock acquired by nodename 23096@pr-hdds-1569-j4bt4-3030777008
2019-09-19 09:40:44,798 [pool-82-thread-1] INFO  storage.RaftStorage (RaftStorage.java:format(72)) - Storage directory /workdir/hadoop-ozone/ozonefs/target/test-dir/MiniOzoneClusterImpl-21ed0f53-0413-44c7-8609-f438100532e5/datanode-5/data/ratis/27dcb5a6-ff35-4e6d-99d5-324ebc65a8e4 has been successfully formatted.
2019-09-19 09:40:44,798 [pool-82-thread-1] INFO  ratis.ContainerStateMachine (ContainerStateMachine.java:loadSnapshot(226)) - group-324EBC65A8E4: The snapshot info is null. Setting the last applied indexto:(t:0, i:~)
2019-09-19 09:40:44,799 [pool-82-thread-1] INFO  server.RaftServerConfigKeys (ConfUtils.java:logGet(43)) - raft.server.leader.election.timeout = 120s (custom)
2019-09-19 09:40:44,799 [pool-82-thread-1] INFO  server.RaftServerConfigKeys (ConfUtils.java:logGet(43)) - raft.server.log.use.memory = false (default)
2019-09-19 09:40:44,799 [pool-82-thread-1] INFO  server.RaftServerConfigKeys (ConfUtils.java:logGet(43)) - raft.server.log.purge.gap = 1000000 (custom)
2019-09-19 09:40:44,799 [pool-82-thread-1] INFO  server.RaftServerConfigKeys (ConfUtils.java:logGet(43)) - raft.server.log.appender.buffer.byte-limit = 33554432 (custom)
2019-09-19 09:40:44,799 [pool-82-thread-1] INFO  server.RaftServerConfigKeys (ConfUtils.java:logGet(43)) - raft.server.log.segment.size.max = 1048576 (custom)
2019-09-19 09:40:44,800 [pool-82-thread-1] INFO  server.RaftServerConfigKeys (ConfUtils.java:logGet(43)) - raft.server.log.segment.cache.num.max = 2 (custom)
2019-09-19 09:40:44,800 [pool-82-thread-1] INFO  segmented.SegmentedRaftLogWorker (SegmentedRaftLogWorker.java:<init>(172)) - new 1cd79902-2a06-4a3f-8023-3eba64f51293-SegmentedRaftLogWorker:Storage Directory /workdir/hadoop-ozone/ozonefs/target/test-dir/MiniOzoneClusterImpl-21ed0f53-0413-44c7-8609-f438100532e5/datanode-5/data/ratis/27dcb5a6-ff35-4e6d-99d5-324ebc65a8e4 for RaftStorage:Storage Directory /workdir/hadoop-ozone/ozonefs/target/test-dir/MiniOzoneClusterImpl-21ed0f53-0413-44c7-8609-f438100532e5/datanode-5/data/ratis/27dcb5a6-ff35-4e6d-99d5-324ebc65a8e4
2019-09-19 09:40:44,800 [pool-82-thread-1] INFO  server.RaftServerConfigKeys (ConfUtils.java:logGet(43)) - raft.server.log.queue.byte-limit = 2147483647 (custom)
2019-09-19 09:40:44,800 [pool-82-thread-1] INFO  server.RaftServerConfigKeys (ConfUtils.java:logGet(43)) - raft.server.log.queue.element-limit = 1024 (custom)
2019-09-19 09:40:44,801 [pool-82-thread-1] INFO  server.RaftServerConfigKeys (ConfUtils.java:logGet(43)) - raft.server.log.segment.size.max = 1048576 (custom)
2019-09-19 09:40:44,801 [pool-82-thread-1] INFO  server.RaftServerConfigKeys (ConfUtils.java:logGet(43)) - raft.server.log.preallocated.size = 16384 (custom)
2019-09-19 09:40:44,801 [pool-82-thread-1] INFO  server.RaftServerConfigKeys (ConfUtils.java:logGet(43)) - raft.server.log.write.buffer.size = 33554432 (custom)
2019-09-19 09:40:44,802 [pool-82-thread-1] INFO  server.RaftServerConfigKeys (ConfUtils.java:logGet(43)) - raft.server.log.force.sync.num = 128 (default)
2019-09-19 09:40:44,802 [pool-82-thread-1] INFO  server.RaftServerConfigKeys (ConfUtils.java:logGet(43)) - raft.server.log.statemachine.data.sync = true (default)
2019-09-19 09:40:44,802 [pool-82-thread-1] INFO  server.RaftServerConfigKeys (ConfUtils.java:logGet(43)) - raft.server.log.statemachine.data.sync.timeout = 10s (default)
2019-09-19 09:40:44,802 [pool-82-thread-1] INFO  server.RaftServerConfigKeys (ConfUtils.java:logGet(43)) - raft.server.log.statemachine.data.sync.timeout.retry = -1 (default)
2019-09-19 09:40:44,803 [pool-82-thread-1] INFO  server.RaftServerConfigKeys (ConfUtils.java:logGet(43)) - raft.server.log.statemachine.data.caching.enabled = true (custom)
2019-09-19 09:40:44,803 [pool-82-thread-1] INFO  segmented.SegmentedRaftLogWorker (SegmentedRaftLogWorker.java:lambda$new$0(132)) - 1cd79902-2a06-4a3f-8023-3eba64f51293-SegmentedRaftLogWorker:Storage Directory /workdir/hadoop-ozone/ozonefs/target/test-dir/MiniOzoneClusterImpl-21ed0f53-0413-44c7-8609-f438100532e5/datanode-5/data/ratis/27dcb5a6-ff35-4e6d-99d5-324ebc65a8e4: flushIndex: setUnconditionally 0 -> -1
2019-09-19 09:40:44,803 [pool-82-thread-1] INFO  server.RaftServerConfigKeys (ConfUtils.java:logGet(43)) - raft.server.snapshot.auto.trigger.enabled = true (custom)
2019-09-19 09:40:44,804 [pool-82-thread-1] INFO  server.RaftServerConfigKeys (ConfUtils.java:logGet(43)) - raft.server.snapshot.auto.trigger.threshold = 10000 (custom)
2019-09-19 09:40:44,804 [pool-82-thread-1] INFO  server.RaftServerConfigKeys (ConfUtils.java:logGet(43)) - raft.server.retrycache.expirytime = 600000ms (custom)
2019-09-19 09:40:44,804 [pool-82-thread-1] INFO  impl.RaftServerImpl (RaftServerImpl.java:start(180)) - 1cd79902-2a06-4a3f-8023-3eba64f51293: start group-324EBC65A8E4
2019-09-19 09:40:44,804 [pool-82-thread-1] INFO  impl.RaftServerImpl (RaftServerImpl.java:setRole(171)) - 1cd79902-2a06-4a3f-8023-3eba64f51293:group-324EBC65A8E4 changes role from null to FOLLOWER at term 0 for startAsFollower
2019-09-19 09:40:44,805 [pool-82-thread-1] INFO  impl.RoleInfo (RoleInfo.java:updateAndGet(143)) - 1cd79902-2a06-4a3f-8023-3eba64f51293: start FollowerState
2019-09-19 09:40:44,805 [pool-82-thread-1] INFO  util.JmxRegister (JmxRegister.java:tryRegister(44)) - Successfully registered JMX Bean with object name Ratis:service=RaftServer,group=group-324EBC65A8E4,id=1cd79902-2a06-4a3f-8023-3eba64f51293
2019-09-19 09:40:44,821 [RatisPipelineUtilsThread] INFO  pipeline.PipelineStateManager (PipelineStateManager.java:addPipeline(56)) - Created pipeline Pipeline[ Id: 27dcb5a6-ff35-4e6d-99d5-324ebc65a8e4, Nodes: 1cd79902-2a06-4a3f-8023-3eba64f51293{ip: 192.168.34.5, host: pr-hdds-1569-j4bt4-3030777008, networkLocation: /default-rack, certSerialId: null}, Type:RATIS, Factor:ONE, State:OPEN]
2019-09-19 09:40:44,837 [grpc-default-executor-0] INFO  impl.RaftServerProxy (RaftServerProxy.java:addNew(89)) - d87be78c-f122-4471-b781-d01263e91835: addNew group-0D981815D9BB:[d87be78c-f122-4471-b781-d01263e91835:192.168.34.5:39992] returns group-0D981815D9BB:java.util.concurrent.CompletableFuture@23fa4be8[Not completed]
2019-09-19 09:40:44,840 [pool-60-thread-1] INFO  impl.RaftServerImpl (RaftServerImpl.java:<init>(93)) - d87be78c-f122-4471-b781-d01263e91835: new RaftServerImpl for group-0D981815D9BB:[d87be78c-f122-4471-b781-d01263e91835:192.168.34.5:39992] with ContainerStateMachine:uninitialized
2019-09-19 09:40:44,840 [pool-60-thread-1] INFO  server.RaftServerConfigKeys (ConfUtils.java:logGet(43)) - raft.server.rpc.timeout.min = 5s (custom)
2019-09-19 09:40:44,840 [pool-60-thread-1] INFO  server.RaftServerConfigKeys (ConfUtils.java:logGet(43)) - raft.server.rpc.timeout.max = 5200ms (custom)
2019-09-19 09:40:44,840 [pool-60-thread-1] INFO  server.RaftServerConfigKeys (ConfUtils.java:logGet(43)) - raft.server.rpcslowness.timeout = 120s (custom)
2019-09-19 09:40:44,840 [pool-60-thread-1] INFO  server.RaftServerConfigKeys (ConfUtils.java:logGet(43)) - raft.server.sleep.deviation.threshold = 300 (default)
2019-09-19 09:40:44,840 [pool-60-thread-1] INFO  server.RaftServerConfigKeys (ConfUtils.java:logGet(43)) - raft.server.log.appender.install.snapshot.enabled = false (custom)
2019-09-19 09:40:44,841 [pool-60-thread-1] INFO  impl.RaftServerImpl (ServerState.java:<init>(105)) - d87be78c-f122-4471-b781-d01263e91835:group-0D981815D9BB ConfigurationManager, init=-1: [d87be78c-f122-4471-b781-d01263e91835:192.168.34.5:39992], old=null, confs=<EMPTY_MAP>
2019-09-19 09:40:44,841 [pool-60-thread-1] INFO  server.RaftServerConfigKeys (ConfUtils.java:logGet(43)) - raft.server.storage.dir = [/workdir/hadoop-ozone/ozonefs/target/test-dir/MiniOzoneClusterImpl-21ed0f53-0413-44c7-8609-f438100532e5/datanode-3/data/ratis] (custom)
2019-09-19 09:40:44,841 [pool-60-thread-1] INFO  storage.RaftStorageDirectory (RaftStorageDirectory.java:analyzeStorage(246)) - The storage directory /workdir/hadoop-ozone/ozonefs/target/test-dir/MiniOzoneClusterImpl-21ed0f53-0413-44c7-8609-f438100532e5/datanode-3/data/ratis/67a32314-86bb-4acd-9b90-0d981815d9bb does not exist. Creating ...
2019-09-19 09:40:44,854 [pool-60-thread-1] INFO  storage.RaftStorageDirectory (RaftStorageDirectory.java:tryLock(328)) - Lock on /workdir/hadoop-ozone/ozonefs/target/test-dir/MiniOzoneClusterImpl-21ed0f53-0413-44c7-8609-f438100532e5/datanode-3/data/ratis/67a32314-86bb-4acd-9b90-0d981815d9bb/in_use.lock acquired by nodename 23096@pr-hdds-1569-j4bt4-3030777008
2019-09-19 09:40:44,868 [pool-60-thread-1] INFO  storage.RaftStorage (RaftStorage.java:format(72)) - Storage directory /workdir/hadoop-ozone/ozonefs/target/test-dir/MiniOzoneClusterImpl-21ed0f53-0413-44c7-8609-f438100532e5/datanode-3/data/ratis/67a32314-86bb-4acd-9b90-0d981815d9bb has been successfully formatted.
2019-09-19 09:40:44,869 [pool-60-thread-1] INFO  ratis.ContainerStateMachine (ContainerStateMachine.java:loadSnapshot(226)) - group-0D981815D9BB: The snapshot info is null. Setting the last applied indexto:(t:0, i:~)
2019-09-19 09:40:44,869 [pool-60-thread-1] INFO  server.RaftServerConfigKeys (ConfUtils.java:logGet(43)) - raft.server.leader.election.timeout = 120s (custom)
2019-09-19 09:40:44,869 [pool-60-thread-1] INFO  server.RaftServerConfigKeys (ConfUtils.java:logGet(43)) - raft.server.log.use.memory = false (default)
2019-09-19 09:40:44,869 [pool-60-thread-1] INFO  server.RaftServerConfigKeys (ConfUtils.java:logGet(43)) - raft.server.log.purge.gap = 1000000 (custom)
2019-09-19 09:40:44,869 [pool-60-thread-1] INFO  server.RaftServerConfigKeys (ConfUtils.java:logGet(43)) - raft.server.log.appender.buffer.byte-limit = 33554432 (custom)
2019-09-19 09:40:44,869 [pool-60-thread-1] INFO  server.RaftServerConfigKeys (ConfUtils.java:logGet(43)) - raft.server.log.segment.size.max = 1048576 (custom)
2019-09-19 09:40:44,870 [pool-60-thread-1] INFO  server.RaftServerConfigKeys (ConfUtils.java:logGet(43)) - raft.server.log.segment.cache.num.max = 2 (custom)
2019-09-19 09:40:44,870 [pool-60-thread-1] INFO  segmented.SegmentedRaftLogWorker (SegmentedRaftLogWorker.java:<init>(172)) - new d87be78c-f122-4471-b781-d01263e91835-SegmentedRaftLogWorker:Storage Directory /workdir/hadoop-ozone/ozonefs/target/test-dir/MiniOzoneClusterImpl-21ed0f53-0413-44c7-8609-f438100532e5/datanode-3/data/ratis/67a32314-86bb-4acd-9b90-0d981815d9bb for RaftStorage:Storage Directory /workdir/hadoop-ozone/ozonefs/target/test-dir/MiniOzoneClusterImpl-21ed0f53-0413-44c7-8609-f438100532e5/datanode-3/data/ratis/67a32314-86bb-4acd-9b90-0d981815d9bb
2019-09-19 09:40:44,870 [pool-60-thread-1] INFO  server.RaftServerConfigKeys (ConfUtils.java:logGet(43)) - raft.server.log.queue.byte-limit = 2147483647 (custom)
2019-09-19 09:40:44,870 [pool-60-thread-1] INFO  server.RaftServerConfigKeys (ConfUtils.java:logGet(43)) - raft.server.log.queue.element-limit = 1024 (custom)
2019-09-19 09:40:44,870 [pool-60-thread-1] INFO  server.RaftServerConfigKeys (ConfUtils.java:logGet(43)) - raft.server.log.segment.size.max = 1048576 (custom)
2019-09-19 09:40:44,871 [pool-60-thread-1] INFO  server.RaftServerConfigKeys (ConfUtils.java:logGet(43)) - raft.server.log.preallocated.size = 16384 (custom)
2019-09-19 09:40:44,871 [pool-60-thread-1] INFO  server.RaftServerConfigKeys (ConfUtils.java:logGet(43)) - raft.server.log.write.buffer.size = 33554432 (custom)
2019-09-19 09:40:44,871 [pool-60-thread-1] INFO  server.RaftServerConfigKeys (ConfUtils.java:logGet(43)) - raft.server.log.force.sync.num = 128 (default)
2019-09-19 09:40:44,871 [pool-60-thread-1] INFO  server.RaftServerConfigKeys (ConfUtils.java:logGet(43)) - raft.server.log.statemachine.data.sync = true (default)
2019-09-19 09:40:44,871 [pool-60-thread-1] INFO  server.RaftServerConfigKeys (ConfUtils.java:logGet(43)) - raft.server.log.statemachine.data.sync.timeout = 10s (default)
2019-09-19 09:40:44,871 [pool-60-thread-1] INFO  server.RaftServerConfigKeys (ConfUtils.java:logGet(43)) - raft.server.log.statemachine.data.sync.timeout.retry = -1 (default)
2019-09-19 09:40:44,872 [pool-60-thread-1] INFO  server.RaftServerConfigKeys (ConfUtils.java:logGet(43)) - raft.server.log.statemachine.data.caching.enabled = true (custom)
2019-09-19 09:40:44,872 [pool-60-thread-1] INFO  segmented.SegmentedRaftLogWorker (SegmentedRaftLogWorker.java:lambda$new$0(132)) - d87be78c-f122-4471-b781-d01263e91835-SegmentedRaftLogWorker:Storage Directory /workdir/hadoop-ozone/ozonefs/target/test-dir/MiniOzoneClusterImpl-21ed0f53-0413-44c7-8609-f438100532e5/datanode-3/data/ratis/67a32314-86bb-4acd-9b90-0d981815d9bb: flushIndex: setUnconditionally 0 -> -1
2019-09-19 09:40:44,872 [pool-60-thread-1] INFO  server.RaftServerConfigKeys (ConfUtils.java:logGet(43)) - raft.server.snapshot.auto.trigger.enabled = true (custom)
2019-09-19 09:40:44,873 [pool-60-thread-1] INFO  server.RaftServerConfigKeys (ConfUtils.java:logGet(43)) - raft.server.snapshot.auto.trigger.threshold = 10000 (custom)
2019-09-19 09:40:44,873 [pool-60-thread-1] INFO  server.RaftServerConfigKeys (ConfUtils.java:logGet(43)) - raft.server.retrycache.expirytime = 600000ms (custom)
2019-09-19 09:40:44,873 [pool-60-thread-1] INFO  impl.RaftServerImpl (RaftServerImpl.java:start(180)) - d87be78c-f122-4471-b781-d01263e91835: start group-0D981815D9BB
2019-09-19 09:40:44,873 [pool-60-thread-1] INFO  impl.RaftServerImpl (RaftServerImpl.java:setRole(171)) - d87be78c-f122-4471-b781-d01263e91835:group-0D981815D9BB changes role from null to FOLLOWER at term 0 for startAsFollower
2019-09-19 09:40:44,874 [pool-60-thread-1] INFO  impl.RoleInfo (RoleInfo.java:updateAndGet(143)) - d87be78c-f122-4471-b781-d01263e91835: start FollowerState
2019-09-19 09:40:44,874 [pool-60-thread-1] INFO  util.JmxRegister (JmxRegister.java:tryRegister(44)) - Successfully registered JMX Bean with object name Ratis:service=RaftServer,group=group-0D981815D9BB,id=d87be78c-f122-4471-b781-d01263e91835
2019-09-19 09:40:44,887 [RatisPipelineUtilsThread] INFO  pipeline.PipelineStateManager (PipelineStateManager.java:addPipeline(56)) - Created pipeline Pipeline[ Id: 67a32314-86bb-4acd-9b90-0d981815d9bb, Nodes: d87be78c-f122-4471-b781-d01263e91835{ip: 192.168.34.5, host: pr-hdds-1569-j4bt4-3030777008, networkLocation: /default-rack, certSerialId: null}, Type:RATIS, Factor:ONE, State:OPEN]
2019-09-19 09:40:44,903 [grpc-default-executor-0] INFO  impl.RaftServerProxy (RaftServerProxy.java:addNew(89)) - 90577c55-fd31-444d-84bd-73a3c37bc268: addNew group-F6D7BEA2190B:[90577c55-fd31-444d-84bd-73a3c37bc268:192.168.34.5:38982] returns group-F6D7BEA2190B:java.util.concurrent.CompletableFuture@679635b4[Not completed]
2019-09-19 09:40:44,905 [pool-49-thread-1] INFO  impl.RaftServerImpl (RaftServerImpl.java:<init>(93)) - 90577c55-fd31-444d-84bd-73a3c37bc268: new RaftServerImpl for group-F6D7BEA2190B:[90577c55-fd31-444d-84bd-73a3c37bc268:192.168.34.5:38982] with ContainerStateMachine:uninitialized
2019-09-19 09:40:44,906 [pool-49-thread-1] INFO  server.RaftServerConfigKeys (ConfUtils.java:logGet(43)) - raft.server.rpc.timeout.min = 5s (custom)
2019-09-19 09:40:44,906 [pool-49-thread-1] INFO  server.RaftServerConfigKeys (ConfUtils.java:logGet(43)) - raft.server.rpc.timeout.max = 5200ms (custom)
2019-09-19 09:40:44,906 [pool-49-thread-1] INFO  server.RaftServerConfigKeys (ConfUtils.java:logGet(43)) - raft.server.rpcslowness.timeout = 120s (custom)
2019-09-19 09:40:44,906 [pool-49-thread-1] INFO  server.RaftServerConfigKeys (ConfUtils.java:logGet(43)) - raft.server.sleep.deviation.threshold = 300 (default)
2019-09-19 09:40:44,906 [pool-49-thread-1] INFO  server.RaftServerConfigKeys (ConfUtils.java:logGet(43)) - raft.server.log.appender.install.snapshot.enabled = false (custom)
2019-09-19 09:40:44,907 [pool-49-thread-1] INFO  impl.RaftServerImpl (ServerState.java:<init>(105)) - 90577c55-fd31-444d-84bd-73a3c37bc268:group-F6D7BEA2190B ConfigurationManager, init=-1: [90577c55-fd31-444d-84bd-73a3c37bc268:192.168.34.5:38982], old=null, confs=<EMPTY_MAP>
2019-09-19 09:40:44,907 [pool-49-thread-1] INFO  server.RaftServerConfigKeys (ConfUtils.java:logGet(43)) - raft.server.storage.dir = [/workdir/hadoop-ozone/ozonefs/target/test-dir/MiniOzoneClusterImpl-21ed0f53-0413-44c7-8609-f438100532e5/datanode-2/data/ratis] (custom)
2019-09-19 09:40:44,907 [pool-49-thread-1] INFO  storage.RaftStorageDirectory (RaftStorageDirectory.java:analyzeStorage(246)) - The storage directory /workdir/hadoop-ozone/ozonefs/target/test-dir/MiniOzoneClusterImpl-21ed0f53-0413-44c7-8609-f438100532e5/datanode-2/data/ratis/b4e90fdf-52a3-4b3e-9b7e-f6d7bea2190b does not exist. Creating ...
2019-09-19 09:40:44,920 [pool-49-thread-1] INFO  storage.RaftStorageDirectory (RaftStorageDirectory.java:tryLock(328)) - Lock on /workdir/hadoop-ozone/ozonefs/target/test-dir/MiniOzoneClusterImpl-21ed0f53-0413-44c7-8609-f438100532e5/datanode-2/data/ratis/b4e90fdf-52a3-4b3e-9b7e-f6d7bea2190b/in_use.lock acquired by nodename 23096@pr-hdds-1569-j4bt4-3030777008
2019-09-19 09:40:44,933 [pool-49-thread-1] INFO  storage.RaftStorage (RaftStorage.java:format(72)) - Storage directory /workdir/hadoop-ozone/ozonefs/target/test-dir/MiniOzoneClusterImpl-21ed0f53-0413-44c7-8609-f438100532e5/datanode-2/data/ratis/b4e90fdf-52a3-4b3e-9b7e-f6d7bea2190b has been successfully formatted.
2019-09-19 09:40:44,933 [pool-49-thread-1] INFO  ratis.ContainerStateMachine (ContainerStateMachine.java:loadSnapshot(226)) - group-F6D7BEA2190B: The snapshot info is null. Setting the last applied indexto:(t:0, i:~)
2019-09-19 09:40:44,934 [pool-49-thread-1] INFO  server.RaftServerConfigKeys (ConfUtils.java:logGet(43)) - raft.server.leader.election.timeout = 120s (custom)
2019-09-19 09:40:44,934 [pool-49-thread-1] INFO  server.RaftServerConfigKeys (ConfUtils.java:logGet(43)) - raft.server.log.use.memory = false (default)
2019-09-19 09:40:44,934 [pool-49-thread-1] INFO  server.RaftServerConfigKeys (ConfUtils.java:logGet(43)) - raft.server.log.purge.gap = 1000000 (custom)
2019-09-19 09:40:44,934 [pool-49-thread-1] INFO  server.RaftServerConfigKeys (ConfUtils.java:logGet(43)) - raft.server.log.appender.buffer.byte-limit = 33554432 (custom)
2019-09-19 09:40:44,934 [pool-49-thread-1] INFO  server.RaftServerConfigKeys (ConfUtils.java:logGet(43)) - raft.server.log.segment.size.max = 1048576 (custom)
2019-09-19 09:40:44,935 [pool-49-thread-1] INFO  server.RaftServerConfigKeys (ConfUtils.java:logGet(43)) - raft.server.log.segment.cache.num.max = 2 (custom)
2019-09-19 09:40:44,935 [pool-49-thread-1] INFO  segmented.SegmentedRaftLogWorker (SegmentedRaftLogWorker.java:<init>(172)) - new 90577c55-fd31-444d-84bd-73a3c37bc268-SegmentedRaftLogWorker:Storage Directory /workdir/hadoop-ozone/ozonefs/target/test-dir/MiniOzoneClusterImpl-21ed0f53-0413-44c7-8609-f438100532e5/datanode-2/data/ratis/b4e90fdf-52a3-4b3e-9b7e-f6d7bea2190b for RaftStorage:Storage Directory /workdir/hadoop-ozone/ozonefs/target/test-dir/MiniOzoneClusterImpl-21ed0f53-0413-44c7-8609-f438100532e5/datanode-2/data/ratis/b4e90fdf-52a3-4b3e-9b7e-f6d7bea2190b
2019-09-19 09:40:44,935 [pool-49-thread-1] INFO  server.RaftServerConfigKeys (ConfUtils.java:logGet(43)) - raft.server.log.queue.byte-limit = 2147483647 (custom)
2019-09-19 09:40:44,935 [pool-49-thread-1] INFO  server.RaftServerConfigKeys (ConfUtils.java:logGet(43)) - raft.server.log.queue.element-limit = 1024 (custom)
2019-09-19 09:40:44,935 [pool-49-thread-1] INFO  server.RaftServerConfigKeys (ConfUtils.java:logGet(43)) - raft.server.log.segment.size.max = 1048576 (custom)
2019-09-19 09:40:44,936 [pool-49-thread-1] INFO  server.RaftServerConfigKeys (ConfUtils.java:logGet(43)) - raft.server.log.preallocated.size = 16384 (custom)
2019-09-19 09:40:44,936 [pool-49-thread-1] INFO  server.RaftServerConfigKeys (ConfUtils.java:logGet(43)) - raft.server.log.write.buffer.size = 33554432 (custom)
2019-09-19 09:40:44,936 [pool-49-thread-1] INFO  server.RaftServerConfigKeys (ConfUtils.java:logGet(43)) - raft.server.log.force.sync.num = 128 (default)
2019-09-19 09:40:44,936 [pool-49-thread-1] INFO  server.RaftServerConfigKeys (ConfUtils.java:logGet(43)) - raft.server.log.statemachine.data.sync = true (default)
2019-09-19 09:40:44,936 [pool-49-thread-1] INFO  server.RaftServerConfigKeys (ConfUtils.java:logGet(43)) - raft.server.log.statemachine.data.sync.timeout = 10s (default)
2019-09-19 09:40:44,937 [pool-49-thread-1] INFO  server.RaftServerConfigKeys (ConfUtils.java:logGet(43)) - raft.server.log.statemachine.data.sync.timeout.retry = -1 (default)
2019-09-19 09:40:44,937 [pool-49-thread-1] INFO  server.RaftServerConfigKeys (ConfUtils.java:logGet(43)) - raft.server.log.statemachine.data.caching.enabled = true (custom)
2019-09-19 09:40:44,937 [pool-49-thread-1] INFO  segmented.SegmentedRaftLogWorker (SegmentedRaftLogWorker.java:lambda$new$0(132)) - 90577c55-fd31-444d-84bd-73a3c37bc268-SegmentedRaftLogWorker:Storage Directory /workdir/hadoop-ozone/ozonefs/target/test-dir/MiniOzoneClusterImpl-21ed0f53-0413-44c7-8609-f438100532e5/datanode-2/data/ratis/b4e90fdf-52a3-4b3e-9b7e-f6d7bea2190b: flushIndex: setUnconditionally 0 -> -1
2019-09-19 09:40:44,938 [pool-49-thread-1] INFO  server.RaftServerConfigKeys (ConfUtils.java:logGet(43)) - raft.server.snapshot.auto.trigger.enabled = true (custom)
2019-09-19 09:40:44,938 [pool-49-thread-1] INFO  server.RaftServerConfigKeys (ConfUtils.java:logGet(43)) - raft.server.snapshot.auto.trigger.threshold = 10000 (custom)
2019-09-19 09:40:44,938 [pool-49-thread-1] INFO  server.RaftServerConfigKeys (ConfUtils.java:logGet(43)) - raft.server.retrycache.expirytime = 600000ms (custom)
2019-09-19 09:40:44,938 [pool-49-thread-1] INFO  impl.RaftServerImpl (RaftServerImpl.java:start(180)) - 90577c55-fd31-444d-84bd-73a3c37bc268: start group-F6D7BEA2190B
2019-09-19 09:40:44,939 [pool-49-thread-1] INFO  impl.RaftServerImpl (RaftServerImpl.java:setRole(171)) - 90577c55-fd31-444d-84bd-73a3c37bc268:group-F6D7BEA2190B changes role from null to FOLLOWER at term 0 for startAsFollower
2019-09-19 09:40:44,939 [pool-49-thread-1] INFO  impl.RoleInfo (RoleInfo.java:updateAndGet(143)) - 90577c55-fd31-444d-84bd-73a3c37bc268: start FollowerState
2019-09-19 09:40:44,939 [pool-49-thread-1] INFO  util.JmxRegister (JmxRegister.java:tryRegister(44)) - Successfully registered JMX Bean with object name Ratis:service=RaftServer,group=group-F6D7BEA2190B,id=90577c55-fd31-444d-84bd-73a3c37bc268
2019-09-19 09:40:44,958 [RatisPipelineUtilsThread] INFO  pipeline.PipelineStateManager (PipelineStateManager.java:addPipeline(56)) - Created pipeline Pipeline[ Id: b4e90fdf-52a3-4b3e-9b7e-f6d7bea2190b, Nodes: 90577c55-fd31-444d-84bd-73a3c37bc268{ip: 192.168.34.5, host: pr-hdds-1569-j4bt4-3030777008, networkLocation: /default-rack, certSerialId: null}, Type:RATIS, Factor:ONE, State:OPEN]
2019-09-19 09:40:44,973 [grpc-default-executor-0] INFO  impl.RaftServerProxy (RaftServerProxy.java:addNew(89)) - 47e0c7c0-2680-4f55-9417-80daafef46d1: addNew group-33C0BEDFBE94:[47e0c7c0-2680-4f55-9417-80daafef46d1:192.168.34.5:40718] returns group-33C0BEDFBE94:java.util.concurrent.CompletableFuture@31c371bd[Not completed]
2019-09-19 09:40:44,975 [pool-71-thread-1] INFO  impl.RaftServerImpl (RaftServerImpl.java:<init>(93)) - 47e0c7c0-2680-4f55-9417-80daafef46d1: new RaftServerImpl for group-33C0BEDFBE94:[47e0c7c0-2680-4f55-9417-80daafef46d1:192.168.34.5:40718] with ContainerStateMachine:uninitialized
2019-09-19 09:40:44,975 [pool-71-thread-1] INFO  server.RaftServerConfigKeys (ConfUtils.java:logGet(43)) - raft.server.rpc.timeout.min = 5s (custom)
2019-09-19 09:40:44,975 [pool-71-thread-1] INFO  server.RaftServerConfigKeys (ConfUtils.java:logGet(43)) - raft.server.rpc.timeout.max = 5200ms (custom)
2019-09-19 09:40:44,976 [pool-71-thread-1] INFO  server.RaftServerConfigKeys (ConfUtils.java:logGet(43)) - raft.server.rpcslowness.timeout = 120s (custom)
2019-09-19 09:40:44,976 [pool-71-thread-1] INFO  server.RaftServerConfigKeys (ConfUtils.java:logGet(43)) - raft.server.sleep.deviation.threshold = 300 (default)
2019-09-19 09:40:44,976 [pool-71-thread-1] INFO  server.RaftServerConfigKeys (ConfUtils.java:logGet(43)) - raft.server.log.appender.install.snapshot.enabled = false (custom)
2019-09-19 09:40:44,976 [pool-71-thread-1] INFO  impl.RaftServerImpl (ServerState.java:<init>(105)) - 47e0c7c0-2680-4f55-9417-80daafef46d1:group-33C0BEDFBE94 ConfigurationManager, init=-1: [47e0c7c0-2680-4f55-9417-80daafef46d1:192.168.34.5:40718], old=null, confs=<EMPTY_MAP>
2019-09-19 09:40:44,976 [pool-71-thread-1] INFO  server.RaftServerConfigKeys (ConfUtils.java:logGet(43)) - raft.server.storage.dir = [/workdir/hadoop-ozone/ozonefs/target/test-dir/MiniOzoneClusterImpl-21ed0f53-0413-44c7-8609-f438100532e5/datanode-4/data/ratis] (custom)
2019-09-19 09:40:44,977 [pool-71-thread-1] INFO  storage.RaftStorageDirectory (RaftStorageDirectory.java:analyzeStorage(246)) - The storage directory /workdir/hadoop-ozone/ozonefs/target/test-dir/MiniOzoneClusterImpl-21ed0f53-0413-44c7-8609-f438100532e5/datanode-4/data/ratis/5c20da90-949d-413a-a912-33c0bedfbe94 does not exist. Creating ...
2019-09-19 09:40:44,991 [pool-71-thread-1] INFO  storage.RaftStorageDirectory (RaftStorageDirectory.java:tryLock(328)) - Lock on /workdir/hadoop-ozone/ozonefs/target/test-dir/MiniOzoneClusterImpl-21ed0f53-0413-44c7-8609-f438100532e5/datanode-4/data/ratis/5c20da90-949d-413a-a912-33c0bedfbe94/in_use.lock acquired by nodename 23096@pr-hdds-1569-j4bt4-3030777008
2019-09-19 09:40:45,004 [pool-71-thread-1] INFO  storage.RaftStorage (RaftStorage.java:format(72)) - Storage directory /workdir/hadoop-ozone/ozonefs/target/test-dir/MiniOzoneClusterImpl-21ed0f53-0413-44c7-8609-f438100532e5/datanode-4/data/ratis/5c20da90-949d-413a-a912-33c0bedfbe94 has been successfully formatted.
2019-09-19 09:40:45,005 [pool-71-thread-1] INFO  ratis.ContainerStateMachine (ContainerStateMachine.java:loadSnapshot(226)) - group-33C0BEDFBE94: The snapshot info is null. Setting the last applied indexto:(t:0, i:~)
2019-09-19 09:40:45,005 [pool-71-thread-1] INFO  server.RaftServerConfigKeys (ConfUtils.java:logGet(43)) - raft.server.leader.election.timeout = 120s (custom)
2019-09-19 09:40:45,005 [pool-71-thread-1] INFO  server.RaftServerConfigKeys (ConfUtils.java:logGet(43)) - raft.server.log.use.memory = false (default)
2019-09-19 09:40:45,005 [pool-71-thread-1] INFO  server.RaftServerConfigKeys (ConfUtils.java:logGet(43)) - raft.server.log.purge.gap = 1000000 (custom)
2019-09-19 09:40:45,005 [pool-71-thread-1] INFO  server.RaftServerConfigKeys (ConfUtils.java:logGet(43)) - raft.server.log.appender.buffer.byte-limit = 33554432 (custom)
2019-09-19 09:40:45,005 [pool-71-thread-1] INFO  server.RaftServerConfigKeys (ConfUtils.java:logGet(43)) - raft.server.log.segment.size.max = 1048576 (custom)
2019-09-19 09:40:45,006 [pool-71-thread-1] INFO  server.RaftServerConfigKeys (ConfUtils.java:logGet(43)) - raft.server.log.segment.cache.num.max = 2 (custom)
2019-09-19 09:40:45,006 [pool-71-thread-1] INFO  segmented.SegmentedRaftLogWorker (SegmentedRaftLogWorker.java:<init>(172)) - new 47e0c7c0-2680-4f55-9417-80daafef46d1-SegmentedRaftLogWorker:Storage Directory /workdir/hadoop-ozone/ozonefs/target/test-dir/MiniOzoneClusterImpl-21ed0f53-0413-44c7-8609-f438100532e5/datanode-4/data/ratis/5c20da90-949d-413a-a912-33c0bedfbe94 for RaftStorage:Storage Directory /workdir/hadoop-ozone/ozonefs/target/test-dir/MiniOzoneClusterImpl-21ed0f53-0413-44c7-8609-f438100532e5/datanode-4/data/ratis/5c20da90-949d-413a-a912-33c0bedfbe94
2019-09-19 09:40:45,006 [pool-71-thread-1] INFO  server.RaftServerConfigKeys (ConfUtils.java:logGet(43)) - raft.server.log.queue.byte-limit = 2147483647 (custom)
2019-09-19 09:40:45,006 [pool-71-thread-1] INFO  server.RaftServerConfigKeys (ConfUtils.java:logGet(43)) - raft.server.log.queue.element-limit = 1024 (custom)
2019-09-19 09:40:45,006 [pool-71-thread-1] INFO  server.RaftServerConfigKeys (ConfUtils.java:logGet(43)) - raft.server.log.segment.size.max = 1048576 (custom)
2019-09-19 09:40:45,007 [pool-71-thread-1] INFO  server.RaftServerConfigKeys (ConfUtils.java:logGet(43)) - raft.server.log.preallocated.size = 16384 (custom)
2019-09-19 09:40:45,007 [pool-71-thread-1] INFO  server.RaftServerConfigKeys (ConfUtils.java:logGet(43)) - raft.server.log.write.buffer.size = 33554432 (custom)
2019-09-19 09:40:45,007 [pool-71-thread-1] INFO  server.RaftServerConfigKeys (ConfUtils.java:logGet(43)) - raft.server.log.force.sync.num = 128 (default)
2019-09-19 09:40:45,007 [pool-71-thread-1] INFO  server.RaftServerConfigKeys (ConfUtils.java:logGet(43)) - raft.server.log.statemachine.data.sync = true (default)
2019-09-19 09:40:45,007 [pool-71-thread-1] INFO  server.RaftServerConfigKeys (ConfUtils.java:logGet(43)) - raft.server.log.statemachine.data.sync.timeout = 10s (default)
2019-09-19 09:40:45,008 [pool-71-thread-1] INFO  server.RaftServerConfigKeys (ConfUtils.java:logGet(43)) - raft.server.log.statemachine.data.sync.timeout.retry = -1 (default)
2019-09-19 09:40:45,008 [pool-71-thread-1] INFO  server.RaftServerConfigKeys (ConfUtils.java:logGet(43)) - raft.server.log.statemachine.data.caching.enabled = true (custom)
2019-09-19 09:40:45,008 [pool-71-thread-1] INFO  segmented.SegmentedRaftLogWorker (SegmentedRaftLogWorker.java:lambda$new$0(132)) - 47e0c7c0-2680-4f55-9417-80daafef46d1-SegmentedRaftLogWorker:Storage Directory /workdir/hadoop-ozone/ozonefs/target/test-dir/MiniOzoneClusterImpl-21ed0f53-0413-44c7-8609-f438100532e5/datanode-4/data/ratis/5c20da90-949d-413a-a912-33c0bedfbe94: flushIndex: setUnconditionally 0 -> -1
2019-09-19 09:40:45,008 [pool-71-thread-1] INFO  server.RaftServerConfigKeys (ConfUtils.java:logGet(43)) - raft.server.snapshot.auto.trigger.enabled = true (custom)
2019-09-19 09:40:45,009 [pool-71-thread-1] INFO  server.RaftServerConfigKeys (ConfUtils.java:logGet(43)) - raft.server.snapshot.auto.trigger.threshold = 10000 (custom)
2019-09-19 09:40:45,009 [pool-71-thread-1] INFO  server.RaftServerConfigKeys (ConfUtils.java:logGet(43)) - raft.server.retrycache.expirytime = 600000ms (custom)
2019-09-19 09:40:45,009 [pool-71-thread-1] INFO  impl.RaftServerImpl (RaftServerImpl.java:start(180)) - 47e0c7c0-2680-4f55-9417-80daafef46d1: start group-33C0BEDFBE94
2019-09-19 09:40:45,009 [pool-71-thread-1] INFO  impl.RaftServerImpl (RaftServerImpl.java:setRole(171)) - 47e0c7c0-2680-4f55-9417-80daafef46d1:group-33C0BEDFBE94 changes role from null to FOLLOWER at term 0 for startAsFollower
2019-09-19 09:40:45,010 [pool-71-thread-1] INFO  impl.RoleInfo (RoleInfo.java:updateAndGet(143)) - 47e0c7c0-2680-4f55-9417-80daafef46d1: start FollowerState
2019-09-19 09:40:45,010 [pool-71-thread-1] INFO  util.JmxRegister (JmxRegister.java:tryRegister(44)) - Successfully registered JMX Bean with object name Ratis:service=RaftServer,group=group-33C0BEDFBE94,id=47e0c7c0-2680-4f55-9417-80daafef46d1
2019-09-19 09:40:45,018 [RatisPipelineUtilsThread] INFO  pipeline.PipelineStateManager (PipelineStateManager.java:addPipeline(56)) - Created pipeline Pipeline[ Id: 5c20da90-949d-413a-a912-33c0bedfbe94, Nodes: 47e0c7c0-2680-4f55-9417-80daafef46d1{ip: 192.168.34.5, host: pr-hdds-1569-j4bt4-3030777008, networkLocation: /default-rack, certSerialId: null}, Type:RATIS, Factor:ONE, State:OPEN]
2019-09-19 09:40:45,035 [grpc-default-executor-0] INFO  impl.RaftServerProxy (RaftServerProxy.java:addNew(89)) - d87be78c-f122-4471-b781-d01263e91835: addNew group-2314903E95F1:[d87be78c-f122-4471-b781-d01263e91835:192.168.34.5:39992] returns group-2314903E95F1:java.util.concurrent.CompletableFuture@509def7a[Not completed]
2019-09-19 09:40:45,037 [pool-60-thread-1] INFO  impl.RaftServerImpl (RaftServerImpl.java:<init>(93)) - d87be78c-f122-4471-b781-d01263e91835: new RaftServerImpl for group-2314903E95F1:[d87be78c-f122-4471-b781-d01263e91835:192.168.34.5:39992] with ContainerStateMachine:uninitialized
2019-09-19 09:40:45,037 [pool-60-thread-1] INFO  server.RaftServerConfigKeys (ConfUtils.java:logGet(43)) - raft.server.rpc.timeout.min = 5s (custom)
2019-09-19 09:40:45,037 [pool-60-thread-1] INFO  server.RaftServerConfigKeys (ConfUtils.java:logGet(43)) - raft.server.rpc.timeout.max = 5200ms (custom)
2019-09-19 09:40:45,037 [pool-60-thread-1] INFO  server.RaftServerConfigKeys (ConfUtils.java:logGet(43)) - raft.server.rpcslowness.timeout = 120s (custom)
2019-09-19 09:40:45,038 [pool-60-thread-1] INFO  server.RaftServerConfigKeys (ConfUtils.java:logGet(43)) - raft.server.sleep.deviation.threshold = 300 (default)
2019-09-19 09:40:45,038 [pool-60-thread-1] INFO  server.RaftServerConfigKeys (ConfUtils.java:logGet(43)) - raft.server.log.appender.install.snapshot.enabled = false (custom)
2019-09-19 09:40:45,038 [pool-60-thread-1] INFO  impl.RaftServerImpl (ServerState.java:<init>(105)) - d87be78c-f122-4471-b781-d01263e91835:group-2314903E95F1 ConfigurationManager, init=-1: [d87be78c-f122-4471-b781-d01263e91835:192.168.34.5:39992], old=null, confs=<EMPTY_MAP>
2019-09-19 09:40:45,038 [pool-60-thread-1] INFO  server.RaftServerConfigKeys (ConfUtils.java:logGet(43)) - raft.server.storage.dir = [/workdir/hadoop-ozone/ozonefs/target/test-dir/MiniOzoneClusterImpl-21ed0f53-0413-44c7-8609-f438100532e5/datanode-3/data/ratis] (custom)
2019-09-19 09:40:45,038 [pool-60-thread-1] INFO  storage.RaftStorageDirectory (RaftStorageDirectory.java:analyzeStorage(246)) - The storage directory /workdir/hadoop-ozone/ozonefs/target/test-dir/MiniOzoneClusterImpl-21ed0f53-0413-44c7-8609-f438100532e5/datanode-3/data/ratis/b3fd8dd6-5e83-4efa-8485-2314903e95f1 does not exist. Creating ...
2019-09-19 09:40:45,051 [pool-60-thread-1] INFO  storage.RaftStorageDirectory (RaftStorageDirectory.java:tryLock(328)) - Lock on /workdir/hadoop-ozone/ozonefs/target/test-dir/MiniOzoneClusterImpl-21ed0f53-0413-44c7-8609-f438100532e5/datanode-3/data/ratis/b3fd8dd6-5e83-4efa-8485-2314903e95f1/in_use.lock acquired by nodename 23096@pr-hdds-1569-j4bt4-3030777008
2019-09-19 09:40:45,083 [pool-60-thread-1] INFO  storage.RaftStorage (RaftStorage.java:format(72)) - Storage directory /workdir/hadoop-ozone/ozonefs/target/test-dir/MiniOzoneClusterImpl-21ed0f53-0413-44c7-8609-f438100532e5/datanode-3/data/ratis/b3fd8dd6-5e83-4efa-8485-2314903e95f1 has been successfully formatted.
2019-09-19 09:40:45,083 [pool-60-thread-1] INFO  ratis.ContainerStateMachine (ContainerStateMachine.java:loadSnapshot(226)) - group-2314903E95F1: The snapshot info is null. Setting the last applied indexto:(t:0, i:~)
2019-09-19 09:40:45,083 [pool-60-thread-1] INFO  server.RaftServerConfigKeys (ConfUtils.java:logGet(43)) - raft.server.leader.election.timeout = 120s (custom)
2019-09-19 09:40:45,083 [pool-60-thread-1] INFO  server.RaftServerConfigKeys (ConfUtils.java:logGet(43)) - raft.server.log.use.memory = false (default)
2019-09-19 09:40:45,084 [pool-60-thread-1] INFO  server.RaftServerConfigKeys (ConfUtils.java:logGet(43)) - raft.server.log.purge.gap = 1000000 (custom)
2019-09-19 09:40:45,084 [pool-60-thread-1] INFO  server.RaftServerConfigKeys (ConfUtils.java:logGet(43)) - raft.server.log.appender.buffer.byte-limit = 33554432 (custom)
2019-09-19 09:40:45,084 [pool-60-thread-1] INFO  server.RaftServerConfigKeys (ConfUtils.java:logGet(43)) - raft.server.log.segment.size.max = 1048576 (custom)
2019-09-19 09:40:45,084 [pool-60-thread-1] INFO  server.RaftServerConfigKeys (ConfUtils.java:logGet(43)) - raft.server.log.segment.cache.num.max = 2 (custom)
2019-09-19 09:40:45,084 [pool-60-thread-1] INFO  segmented.SegmentedRaftLogWorker (SegmentedRaftLogWorker.java:<init>(172)) - new d87be78c-f122-4471-b781-d01263e91835-SegmentedRaftLogWorker:Storage Directory /workdir/hadoop-ozone/ozonefs/target/test-dir/MiniOzoneClusterImpl-21ed0f53-0413-44c7-8609-f438100532e5/datanode-3/data/ratis/b3fd8dd6-5e83-4efa-8485-2314903e95f1 for RaftStorage:Storage Directory /workdir/hadoop-ozone/ozonefs/target/test-dir/MiniOzoneClusterImpl-21ed0f53-0413-44c7-8609-f438100532e5/datanode-3/data/ratis/b3fd8dd6-5e83-4efa-8485-2314903e95f1
2019-09-19 09:40:45,084 [pool-60-thread-1] INFO  server.RaftServerConfigKeys (ConfUtils.java:logGet(43)) - raft.server.log.queue.byte-limit = 2147483647 (custom)
2019-09-19 09:40:45,085 [pool-60-thread-1] INFO  server.RaftServerConfigKeys (ConfUtils.java:logGet(43)) - raft.server.log.queue.element-limit = 1024 (custom)
2019-09-19 09:40:45,085 [pool-60-thread-1] INFO  server.RaftServerConfigKeys (ConfUtils.java:logGet(43)) - raft.server.log.segment.size.max = 1048576 (custom)
2019-09-19 09:40:45,085 [pool-60-thread-1] INFO  server.RaftServerConfigKeys (ConfUtils.java:logGet(43)) - raft.server.log.preallocated.size = 16384 (custom)
2019-09-19 09:40:45,085 [pool-60-thread-1] INFO  server.RaftServerConfigKeys (ConfUtils.java:logGet(43)) - raft.server.log.write.buffer.size = 33554432 (custom)
2019-09-19 09:40:45,085 [pool-60-thread-1] INFO  server.RaftServerConfigKeys (ConfUtils.java:logGet(43)) - raft.server.log.force.sync.num = 128 (default)
2019-09-19 09:40:45,086 [pool-60-thread-1] INFO  server.RaftServerConfigKeys (ConfUtils.java:logGet(43)) - raft.server.log.statemachine.data.sync = true (default)
2019-09-19 09:40:45,086 [pool-60-thread-1] INFO  server.RaftServerConfigKeys (ConfUtils.java:logGet(43)) - raft.server.log.statemachine.data.sync.timeout = 10s (default)
2019-09-19 09:40:45,086 [pool-60-thread-1] INFO  server.RaftServerConfigKeys (ConfUtils.java:logGet(43)) - raft.server.log.statemachine.data.sync.timeout.retry = -1 (default)
2019-09-19 09:40:45,086 [pool-60-thread-1] INFO  server.RaftServerConfigKeys (ConfUtils.java:logGet(43)) - raft.server.log.statemachine.data.caching.enabled = true (custom)
2019-09-19 09:40:45,087 [pool-60-thread-1] INFO  segmented.SegmentedRaftLogWorker (SegmentedRaftLogWorker.java:lambda$new$0(132)) - d87be78c-f122-4471-b781-d01263e91835-SegmentedRaftLogWorker:Storage Directory /workdir/hadoop-ozone/ozonefs/target/test-dir/MiniOzoneClusterImpl-21ed0f53-0413-44c7-8609-f438100532e5/datanode-3/data/ratis/b3fd8dd6-5e83-4efa-8485-2314903e95f1: flushIndex: setUnconditionally 0 -> -1
2019-09-19 09:40:45,087 [pool-60-thread-1] INFO  server.RaftServerConfigKeys (ConfUtils.java:logGet(43)) - raft.server.snapshot.auto.trigger.enabled = true (custom)
2019-09-19 09:40:45,087 [pool-60-thread-1] INFO  server.RaftServerConfigKeys (ConfUtils.java:logGet(43)) - raft.server.snapshot.auto.trigger.threshold = 10000 (custom)
2019-09-19 09:40:45,088 [pool-60-thread-1] INFO  server.RaftServerConfigKeys (ConfUtils.java:logGet(43)) - raft.server.retrycache.expirytime = 600000ms (custom)
2019-09-19 09:40:45,088 [pool-60-thread-1] INFO  impl.RaftServerImpl (RaftServerImpl.java:start(180)) - d87be78c-f122-4471-b781-d01263e91835: start group-2314903E95F1
2019-09-19 09:40:45,088 [pool-60-thread-1] INFO  impl.RaftServerImpl (RaftServerImpl.java:setRole(171)) - d87be78c-f122-4471-b781-d01263e91835:group-2314903E95F1 changes role from null to FOLLOWER at term 0 for startAsFollower
2019-09-19 09:40:45,088 [pool-60-thread-1] INFO  impl.RoleInfo (RoleInfo.java:updateAndGet(143)) - d87be78c-f122-4471-b781-d01263e91835: start FollowerState
2019-09-19 09:40:45,089 [pool-60-thread-1] INFO  util.JmxRegister (JmxRegister.java:tryRegister(44)) - Successfully registered JMX Bean with object name Ratis:service=RaftServer,group=group-2314903E95F1,id=d87be78c-f122-4471-b781-d01263e91835
2019-09-19 09:40:45,101 [RatisPipelineUtilsThread] INFO  pipeline.PipelineStateManager (PipelineStateManager.java:addPipeline(56)) - Created pipeline Pipeline[ Id: b3fd8dd6-5e83-4efa-8485-2314903e95f1, Nodes: d87be78c-f122-4471-b781-d01263e91835{ip: 192.168.34.5, host: pr-hdds-1569-j4bt4-3030777008, networkLocation: /default-rack, certSerialId: null}, Type:RATIS, Factor:ONE, State:OPEN]
2019-09-19 09:40:45,126 [grpc-default-executor-0] INFO  impl.RaftServerProxy (RaftServerProxy.java:addNew(89)) - 90577c55-fd31-444d-84bd-73a3c37bc268: addNew group-212F0D0CC4A4:[90577c55-fd31-444d-84bd-73a3c37bc268:192.168.34.5:38982] returns group-212F0D0CC4A4:java.util.concurrent.CompletableFuture@6be840a3[Not completed]
2019-09-19 09:40:45,128 [pool-49-thread-1] INFO  impl.RaftServerImpl (RaftServerImpl.java:<init>(93)) - 90577c55-fd31-444d-84bd-73a3c37bc268: new RaftServerImpl for group-212F0D0CC4A4:[90577c55-fd31-444d-84bd-73a3c37bc268:192.168.34.5:38982] with ContainerStateMachine:uninitialized
2019-09-19 09:40:45,128 [pool-49-thread-1] INFO  server.RaftServerConfigKeys (ConfUtils.java:logGet(43)) - raft.server.rpc.timeout.min = 5s (custom)
2019-09-19 09:40:45,129 [pool-49-thread-1] INFO  server.RaftServerConfigKeys (ConfUtils.java:logGet(43)) - raft.server.rpc.timeout.max = 5200ms (custom)
2019-09-19 09:40:45,129 [pool-49-thread-1] INFO  server.RaftServerConfigKeys (ConfUtils.java:logGet(43)) - raft.server.rpcslowness.timeout = 120s (custom)
2019-09-19 09:40:45,129 [pool-49-thread-1] INFO  server.RaftServerConfigKeys (ConfUtils.java:logGet(43)) - raft.server.sleep.deviation.threshold = 300 (default)
2019-09-19 09:40:45,129 [pool-49-thread-1] INFO  server.RaftServerConfigKeys (ConfUtils.java:logGet(43)) - raft.server.log.appender.install.snapshot.enabled = false (custom)
2019-09-19 09:40:45,130 [pool-49-thread-1] INFO  impl.RaftServerImpl (ServerState.java:<init>(105)) - 90577c55-fd31-444d-84bd-73a3c37bc268:group-212F0D0CC4A4 ConfigurationManager, init=-1: [90577c55-fd31-444d-84bd-73a3c37bc268:192.168.34.5:38982], old=null, confs=<EMPTY_MAP>
2019-09-19 09:40:45,130 [pool-49-thread-1] INFO  server.RaftServerConfigKeys (ConfUtils.java:logGet(43)) - raft.server.storage.dir = [/workdir/hadoop-ozone/ozonefs/target/test-dir/MiniOzoneClusterImpl-21ed0f53-0413-44c7-8609-f438100532e5/datanode-2/data/ratis] (custom)
2019-09-19 09:40:45,130 [pool-49-thread-1] INFO  storage.RaftStorageDirectory (RaftStorageDirectory.java:analyzeStorage(246)) - The storage directory /workdir/hadoop-ozone/ozonefs/target/test-dir/MiniOzoneClusterImpl-21ed0f53-0413-44c7-8609-f438100532e5/datanode-2/data/ratis/4508457b-a267-4bd4-8153-212f0d0cc4a4 does not exist. Creating ...
2019-09-19 09:40:45,140 | INFO  | SCMAudit | user=jenkins1000 | ip=192.168.34.5 | op=SEND_HEARTBEAT {datanodeUUID=1bcbd64b-2199-49e1-86d3-4e4b64d88b4a, command=[]} | ret=SUCCESS |  
2019-09-19 09:40:45,155 [pool-49-thread-1] INFO  storage.RaftStorageDirectory (RaftStorageDirectory.java:tryLock(328)) - Lock on /workdir/hadoop-ozone/ozonefs/target/test-dir/MiniOzoneClusterImpl-21ed0f53-0413-44c7-8609-f438100532e5/datanode-2/data/ratis/4508457b-a267-4bd4-8153-212f0d0cc4a4/in_use.lock acquired by nodename 23096@pr-hdds-1569-j4bt4-3030777008
2019-09-19 09:40:45,168 [pool-49-thread-1] INFO  storage.RaftStorage (RaftStorage.java:format(72)) - Storage directory /workdir/hadoop-ozone/ozonefs/target/test-dir/MiniOzoneClusterImpl-21ed0f53-0413-44c7-8609-f438100532e5/datanode-2/data/ratis/4508457b-a267-4bd4-8153-212f0d0cc4a4 has been successfully formatted.
2019-09-19 09:40:45,168 [pool-49-thread-1] INFO  ratis.ContainerStateMachine (ContainerStateMachine.java:loadSnapshot(226)) - group-212F0D0CC4A4: The snapshot info is null. Setting the last applied indexto:(t:0, i:~)
2019-09-19 09:40:45,169 [pool-49-thread-1] INFO  server.RaftServerConfigKeys (ConfUtils.java:logGet(43)) - raft.server.leader.election.timeout = 120s (custom)
2019-09-19 09:40:45,169 [pool-49-thread-1] INFO  server.RaftServerConfigKeys (ConfUtils.java:logGet(43)) - raft.server.log.use.memory = false (default)
2019-09-19 09:40:45,169 [pool-49-thread-1] INFO  server.RaftServerConfigKeys (ConfUtils.java:logGet(43)) - raft.server.log.purge.gap = 1000000 (custom)
2019-09-19 09:40:45,169 [pool-49-thread-1] INFO  server.RaftServerConfigKeys (ConfUtils.java:logGet(43)) - raft.server.log.appender.buffer.byte-limit = 33554432 (custom)
2019-09-19 09:40:45,169 [pool-49-thread-1] INFO  server.RaftServerConfigKeys (ConfUtils.java:logGet(43)) - raft.server.log.segment.size.max = 1048576 (custom)
2019-09-19 09:40:45,170 [pool-49-thread-1] INFO  server.RaftServerConfigKeys (ConfUtils.java:logGet(43)) - raft.server.log.segment.cache.num.max = 2 (custom)
2019-09-19 09:40:45,170 [pool-49-thread-1] INFO  segmented.SegmentedRaftLogWorker (SegmentedRaftLogWorker.java:<init>(172)) - new 90577c55-fd31-444d-84bd-73a3c37bc268-SegmentedRaftLogWorker:Storage Directory /workdir/hadoop-ozone/ozonefs/target/test-dir/MiniOzoneClusterImpl-21ed0f53-0413-44c7-8609-f438100532e5/datanode-2/data/ratis/4508457b-a267-4bd4-8153-212f0d0cc4a4 for RaftStorage:Storage Directory /workdir/hadoop-ozone/ozonefs/target/test-dir/MiniOzoneClusterImpl-21ed0f53-0413-44c7-8609-f438100532e5/datanode-2/data/ratis/4508457b-a267-4bd4-8153-212f0d0cc4a4
2019-09-19 09:40:45,170 [pool-49-thread-1] INFO  server.RaftServerConfigKeys (ConfUtils.java:logGet(43)) - raft.server.log.queue.byte-limit = 2147483647 (custom)
2019-09-19 09:40:45,170 [pool-49-thread-1] INFO  server.RaftServerConfigKeys (ConfUtils.java:logGet(43)) - raft.server.log.queue.element-limit = 1024 (custom)
2019-09-19 09:40:45,171 [pool-49-thread-1] INFO  server.RaftServerConfigKeys (ConfUtils.java:logGet(43)) - raft.server.log.segment.size.max = 1048576 (custom)
2019-09-19 09:40:45,171 [pool-49-thread-1] INFO  server.RaftServerConfigKeys (ConfUtils.java:logGet(43)) - raft.server.log.preallocated.size = 16384 (custom)
2019-09-19 09:40:45,171 [pool-49-thread-1] INFO  server.RaftServerConfigKeys (ConfUtils.java:logGet(43)) - raft.server.log.write.buffer.size = 33554432 (custom)
2019-09-19 09:40:45,171 [pool-49-thread-1] INFO  server.RaftServerConfigKeys (ConfUtils.java:logGet(43)) - raft.server.log.force.sync.num = 128 (default)
2019-09-19 09:40:45,171 [pool-49-thread-1] INFO  server.RaftServerConfigKeys (ConfUtils.java:logGet(43)) - raft.server.log.statemachine.data.sync = true (default)
2019-09-19 09:40:45,172 [pool-49-thread-1] INFO  server.RaftServerConfigKeys (ConfUtils.java:logGet(43)) - raft.server.log.statemachine.data.sync.timeout = 10s (default)
2019-09-19 09:40:45,172 [pool-49-thread-1] INFO  server.RaftServerConfigKeys (ConfUtils.java:logGet(43)) - raft.server.log.statemachine.data.sync.timeout.retry = -1 (default)
2019-09-19 09:40:45,172 [pool-49-thread-1] INFO  server.RaftServerConfigKeys (ConfUtils.java:logGet(43)) - raft.server.log.statemachine.data.caching.enabled = true (custom)
2019-09-19 09:40:45,172 [pool-49-thread-1] INFO  segmented.SegmentedRaftLogWorker (SegmentedRaftLogWorker.java:lambda$new$0(132)) - 90577c55-fd31-444d-84bd-73a3c37bc268-SegmentedRaftLogWorker:Storage Directory /workdir/hadoop-ozone/ozonefs/target/test-dir/MiniOzoneClusterImpl-21ed0f53-0413-44c7-8609-f438100532e5/datanode-2/data/ratis/4508457b-a267-4bd4-8153-212f0d0cc4a4: flushIndex: setUnconditionally 0 -> -1
2019-09-19 09:40:45,173 [pool-49-thread-1] INFO  server.RaftServerConfigKeys (ConfUtils.java:logGet(43)) - raft.server.snapshot.auto.trigger.enabled = true (custom)
2019-09-19 09:40:45,173 [pool-49-thread-1] INFO  server.RaftServerConfigKeys (ConfUtils.java:logGet(43)) - raft.server.snapshot.auto.trigger.threshold = 10000 (custom)
2019-09-19 09:40:45,173 [pool-49-thread-1] INFO  server.RaftServerConfigKeys (ConfUtils.java:logGet(43)) - raft.server.retrycache.expirytime = 600000ms (custom)
2019-09-19 09:40:45,173 [pool-49-thread-1] INFO  impl.RaftServerImpl (RaftServerImpl.java:start(180)) - 90577c55-fd31-444d-84bd-73a3c37bc268: start group-212F0D0CC4A4
2019-09-19 09:40:45,173 [pool-49-thread-1] INFO  impl.RaftServerImpl (RaftServerImpl.java:setRole(171)) - 90577c55-fd31-444d-84bd-73a3c37bc268:group-212F0D0CC4A4 changes role from null to FOLLOWER at term 0 for startAsFollower
2019-09-19 09:40:45,174 [pool-49-thread-1] INFO  impl.RoleInfo (RoleInfo.java:updateAndGet(143)) - 90577c55-fd31-444d-84bd-73a3c37bc268: start FollowerState
2019-09-19 09:40:45,174 [pool-49-thread-1] INFO  util.JmxRegister (JmxRegister.java:tryRegister(44)) - Successfully registered JMX Bean with object name Ratis:service=RaftServer,group=group-212F0D0CC4A4,id=90577c55-fd31-444d-84bd-73a3c37bc268
2019-09-19 09:40:45,183 [RatisPipelineUtilsThread] INFO  pipeline.PipelineStateManager (PipelineStateManager.java:addPipeline(56)) - Created pipeline Pipeline[ Id: 4508457b-a267-4bd4-8153-212f0d0cc4a4, Nodes: 90577c55-fd31-444d-84bd-73a3c37bc268{ip: 192.168.34.5, host: pr-hdds-1569-j4bt4-3030777008, networkLocation: /default-rack, certSerialId: null}, Type:RATIS, Factor:ONE, State:OPEN]
2019-09-19 09:40:45,201 [grpc-default-executor-0] INFO  impl.RaftServerProxy (RaftServerProxy.java:addNew(89)) - 28f77823-de9e-44cc-bd18-5b415144a5bf: addNew group-0B1A863E1733:[28f77823-de9e-44cc-bd18-5b415144a5bf:192.168.34.5:41344] returns group-0B1A863E1733:java.util.concurrent.CompletableFuture@67c37136[Not completed]
2019-09-19 09:40:45,202 [Thread-282] INFO  container.ReplicationManager (ReplicationManager.java:start(151)) - Starting Replication Monitor Thread.
2019-09-19 09:40:45,203 [pool-38-thread-1] INFO  impl.RaftServerImpl (RaftServerImpl.java:<init>(93)) - 28f77823-de9e-44cc-bd18-5b415144a5bf: new RaftServerImpl for group-0B1A863E1733:[28f77823-de9e-44cc-bd18-5b415144a5bf:192.168.34.5:41344] with ContainerStateMachine:uninitialized
2019-09-19 09:40:45,204 [pool-38-thread-1] INFO  server.RaftServerConfigKeys (ConfUtils.java:logGet(43)) - raft.server.rpc.timeout.min = 5s (custom)
2019-09-19 09:40:45,204 [pool-38-thread-1] INFO  server.RaftServerConfigKeys (ConfUtils.java:logGet(43)) - raft.server.rpc.timeout.max = 5200ms (custom)
2019-09-19 09:40:45,204 [pool-38-thread-1] INFO  server.RaftServerConfigKeys (ConfUtils.java:logGet(43)) - raft.server.rpcslowness.timeout = 120s (custom)
2019-09-19 09:40:45,204 [pool-38-thread-1] INFO  server.RaftServerConfigKeys (ConfUtils.java:logGet(43)) - raft.server.sleep.deviation.threshold = 300 (default)
2019-09-19 09:40:45,204 [pool-38-thread-1] INFO  server.RaftServerConfigKeys (ConfUtils.java:logGet(43)) - raft.server.log.appender.install.snapshot.enabled = false (custom)
2019-09-19 09:40:45,205 [ReplicationMonitor] INFO  container.ReplicationManager (ReplicationManager.java:run(214)) - Replication Monitor Thread took 1 milliseconds for processing 0 containers.
2019-09-19 09:40:45,205 [pool-38-thread-1] INFO  impl.RaftServerImpl (ServerState.java:<init>(105)) - 28f77823-de9e-44cc-bd18-5b415144a5bf:group-0B1A863E1733 ConfigurationManager, init=-1: [28f77823-de9e-44cc-bd18-5b415144a5bf:192.168.34.5:41344], old=null, confs=<EMPTY_MAP>
2019-09-19 09:40:45,205 [pool-38-thread-1] INFO  server.RaftServerConfigKeys (ConfUtils.java:logGet(43)) - raft.server.storage.dir = [/workdir/hadoop-ozone/ozonefs/target/test-dir/MiniOzoneClusterImpl-21ed0f53-0413-44c7-8609-f438100532e5/datanode-1/data/ratis] (custom)
2019-09-19 09:40:45,205 [pool-38-thread-1] INFO  storage.RaftStorageDirectory (RaftStorageDirectory.java:analyzeStorage(246)) - The storage directory /workdir/hadoop-ozone/ozonefs/target/test-dir/MiniOzoneClusterImpl-21ed0f53-0413-44c7-8609-f438100532e5/datanode-1/data/ratis/655e11f5-6c46-44f5-9cc2-0b1a863e1733 does not exist. Creating ...
2019-09-19 09:40:45,218 [pool-38-thread-1] INFO  storage.RaftStorageDirectory (RaftStorageDirectory.java:tryLock(328)) - Lock on /workdir/hadoop-ozone/ozonefs/target/test-dir/MiniOzoneClusterImpl-21ed0f53-0413-44c7-8609-f438100532e5/datanode-1/data/ratis/655e11f5-6c46-44f5-9cc2-0b1a863e1733/in_use.lock acquired by nodename 23096@pr-hdds-1569-j4bt4-3030777008
2019-09-19 09:40:45,231 [pool-38-thread-1] INFO  storage.RaftStorage (RaftStorage.java:format(72)) - Storage directory /workdir/hadoop-ozone/ozonefs/target/test-dir/MiniOzoneClusterImpl-21ed0f53-0413-44c7-8609-f438100532e5/datanode-1/data/ratis/655e11f5-6c46-44f5-9cc2-0b1a863e1733 has been successfully formatted.
2019-09-19 09:40:45,232 [pool-38-thread-1] INFO  ratis.ContainerStateMachine (ContainerStateMachine.java:loadSnapshot(226)) - group-0B1A863E1733: The snapshot info is null. Setting the last applied indexto:(t:0, i:~)
2019-09-19 09:40:45,232 [pool-38-thread-1] INFO  server.RaftServerConfigKeys (ConfUtils.java:logGet(43)) - raft.server.leader.election.timeout = 120s (custom)
2019-09-19 09:40:45,232 [pool-38-thread-1] INFO  server.RaftServerConfigKeys (ConfUtils.java:logGet(43)) - raft.server.log.use.memory = false (default)
2019-09-19 09:40:45,232 [pool-38-thread-1] INFO  server.RaftServerConfigKeys (ConfUtils.java:logGet(43)) - raft.server.log.purge.gap = 1000000 (custom)
2019-09-19 09:40:45,232 [pool-38-thread-1] INFO  server.RaftServerConfigKeys (ConfUtils.java:logGet(43)) - raft.server.log.appender.buffer.byte-limit = 33554432 (custom)
2019-09-19 09:40:45,232 [pool-38-thread-1] INFO  server.RaftServerConfigKeys (ConfUtils.java:logGet(43)) - raft.server.log.segment.size.max = 1048576 (custom)
2019-09-19 09:40:45,233 [pool-38-thread-1] INFO  server.RaftServerConfigKeys (ConfUtils.java:logGet(43)) - raft.server.log.segment.cache.num.max = 2 (custom)
2019-09-19 09:40:45,233 [pool-38-thread-1] INFO  segmented.SegmentedRaftLogWorker (SegmentedRaftLogWorker.java:<init>(172)) - new 28f77823-de9e-44cc-bd18-5b415144a5bf-SegmentedRaftLogWorker:Storage Directory /workdir/hadoop-ozone/ozonefs/target/test-dir/MiniOzoneClusterImpl-21ed0f53-0413-44c7-8609-f438100532e5/datanode-1/data/ratis/655e11f5-6c46-44f5-9cc2-0b1a863e1733 for RaftStorage:Storage Directory /workdir/hadoop-ozone/ozonefs/target/test-dir/MiniOzoneClusterImpl-21ed0f53-0413-44c7-8609-f438100532e5/datanode-1/data/ratis/655e11f5-6c46-44f5-9cc2-0b1a863e1733
2019-09-19 09:40:45,233 [pool-38-thread-1] INFO  server.RaftServerConfigKeys (ConfUtils.java:logGet(43)) - raft.server.log.queue.byte-limit = 2147483647 (custom)
2019-09-19 09:40:45,233 [pool-38-thread-1] INFO  server.RaftServerConfigKeys (ConfUtils.java:logGet(43)) - raft.server.log.queue.element-limit = 1024 (custom)
2019-09-19 09:40:45,233 [pool-38-thread-1] INFO  server.RaftServerConfigKeys (ConfUtils.java:logGet(43)) - raft.server.log.segment.size.max = 1048576 (custom)
2019-09-19 09:40:45,233 [pool-38-thread-1] INFO  server.RaftServerConfigKeys (ConfUtils.java:logGet(43)) - raft.server.log.preallocated.size = 16384 (custom)
2019-09-19 09:40:45,234 [pool-38-thread-1] INFO  server.RaftServerConfigKeys (ConfUtils.java:logGet(43)) - raft.server.log.write.buffer.size = 33554432 (custom)
2019-09-19 09:40:45,234 [pool-38-thread-1] INFO  server.RaftServerConfigKeys (ConfUtils.java:logGet(43)) - raft.server.log.force.sync.num = 128 (default)
2019-09-19 09:40:45,234 [pool-38-thread-1] INFO  server.RaftServerConfigKeys (ConfUtils.java:logGet(43)) - raft.server.log.statemachine.data.sync = true (default)
2019-09-19 09:40:45,234 [pool-38-thread-1] INFO  server.RaftServerConfigKeys (ConfUtils.java:logGet(43)) - raft.server.log.statemachine.data.sync.timeout = 10s (default)
2019-09-19 09:40:45,234 [pool-38-thread-1] INFO  server.RaftServerConfigKeys (ConfUtils.java:logGet(43)) - raft.server.log.statemachine.data.sync.timeout.retry = -1 (default)
2019-09-19 09:40:45,234 [pool-38-thread-1] INFO  server.RaftServerConfigKeys (ConfUtils.java:logGet(43)) - raft.server.log.statemachine.data.caching.enabled = true (custom)
2019-09-19 09:40:45,235 [pool-38-thread-1] INFO  segmented.SegmentedRaftLogWorker (SegmentedRaftLogWorker.java:lambda$new$0(132)) - 28f77823-de9e-44cc-bd18-5b415144a5bf-SegmentedRaftLogWorker:Storage Directory /workdir/hadoop-ozone/ozonefs/target/test-dir/MiniOzoneClusterImpl-21ed0f53-0413-44c7-8609-f438100532e5/datanode-1/data/ratis/655e11f5-6c46-44f5-9cc2-0b1a863e1733: flushIndex: setUnconditionally 0 -> -1
2019-09-19 09:40:45,235 [pool-38-thread-1] INFO  server.RaftServerConfigKeys (ConfUtils.java:logGet(43)) - raft.server.snapshot.auto.trigger.enabled = true (custom)
2019-09-19 09:40:45,235 [pool-38-thread-1] INFO  server.RaftServerConfigKeys (ConfUtils.java:logGet(43)) - raft.server.snapshot.auto.trigger.threshold = 10000 (custom)
2019-09-19 09:40:45,236 [pool-38-thread-1] INFO  server.RaftServerConfigKeys (ConfUtils.java:logGet(43)) - raft.server.retrycache.expirytime = 600000ms (custom)
2019-09-19 09:40:45,236 [pool-38-thread-1] INFO  impl.RaftServerImpl (RaftServerImpl.java:start(180)) - 28f77823-de9e-44cc-bd18-5b415144a5bf: start group-0B1A863E1733
2019-09-19 09:40:45,236 [pool-38-thread-1] INFO  impl.RaftServerImpl (RaftServerImpl.java:setRole(171)) - 28f77823-de9e-44cc-bd18-5b415144a5bf:group-0B1A863E1733 changes role from null to FOLLOWER at term 0 for startAsFollower
2019-09-19 09:40:45,236 [pool-38-thread-1] INFO  impl.RoleInfo (RoleInfo.java:updateAndGet(143)) - 28f77823-de9e-44cc-bd18-5b415144a5bf: start FollowerState
2019-09-19 09:40:45,237 [pool-38-thread-1] INFO  util.JmxRegister (JmxRegister.java:tryRegister(44)) - Successfully registered JMX Bean with object name Ratis:service=RaftServer,group=group-0B1A863E1733,id=28f77823-de9e-44cc-bd18-5b415144a5bf
2019-09-19 09:40:45,244 [RatisPipelineUtilsThread] INFO  pipeline.PipelineStateManager (PipelineStateManager.java:addPipeline(56)) - Created pipeline Pipeline[ Id: 655e11f5-6c46-44f5-9cc2-0b1a863e1733, Nodes: 28f77823-de9e-44cc-bd18-5b415144a5bf{ip: 192.168.34.5, host: pr-hdds-1569-j4bt4-3030777008, networkLocation: /default-rack, certSerialId: null}, Type:RATIS, Factor:ONE, State:OPEN]
2019-09-19 09:40:45,257 [grpc-default-executor-0] INFO  impl.RaftServerProxy (RaftServerProxy.java:addNew(89)) - bb9d252a-546d-48b3-aabe-52964da86e48: addNew group-A6DD6D7EECF5:[bb9d252a-546d-48b3-aabe-52964da86e48:192.168.34.5:44392] returns group-A6DD6D7EECF5:java.util.concurrent.CompletableFuture@36b96a6b[Not completed]
2019-09-19 09:40:45,259 [pool-93-thread-1] INFO  impl.RaftServerImpl (RaftServerImpl.java:<init>(93)) - bb9d252a-546d-48b3-aabe-52964da86e48: new RaftServerImpl for group-A6DD6D7EECF5:[bb9d252a-546d-48b3-aabe-52964da86e48:192.168.34.5:44392] with ContainerStateMachine:uninitialized
2019-09-19 09:40:45,259 [pool-93-thread-1] INFO  server.RaftServerConfigKeys (ConfUtils.java:logGet(43)) - raft.server.rpc.timeout.min = 5s (custom)
2019-09-19 09:40:45,259 [pool-93-thread-1] INFO  server.RaftServerConfigKeys (ConfUtils.java:logGet(43)) - raft.server.rpc.timeout.max = 5200ms (custom)
2019-09-19 09:40:45,259 [pool-93-thread-1] INFO  server.RaftServerConfigKeys (ConfUtils.java:logGet(43)) - raft.server.rpcslowness.timeout = 120s (custom)
2019-09-19 09:40:45,259 [pool-93-thread-1] INFO  server.RaftServerConfigKeys (ConfUtils.java:logGet(43)) - raft.server.sleep.deviation.threshold = 300 (default)
2019-09-19 09:40:45,259 [pool-93-thread-1] INFO  server.RaftServerConfigKeys (ConfUtils.java:logGet(43)) - raft.server.log.appender.install.snapshot.enabled = false (custom)
2019-09-19 09:40:45,260 [pool-93-thread-1] INFO  impl.RaftServerImpl (ServerState.java:<init>(105)) - bb9d252a-546d-48b3-aabe-52964da86e48:group-A6DD6D7EECF5 ConfigurationManager, init=-1: [bb9d252a-546d-48b3-aabe-52964da86e48:192.168.34.5:44392], old=null, confs=<EMPTY_MAP>
2019-09-19 09:40:45,260 [pool-93-thread-1] INFO  server.RaftServerConfigKeys (ConfUtils.java:logGet(43)) - raft.server.storage.dir = [/workdir/hadoop-ozone/ozonefs/target/test-dir/MiniOzoneClusterImpl-21ed0f53-0413-44c7-8609-f438100532e5/datanode-6/data/ratis] (custom)
2019-09-19 09:40:45,260 [pool-93-thread-1] INFO  storage.RaftStorageDirectory (RaftStorageDirectory.java:analyzeStorage(246)) - The storage directory /workdir/hadoop-ozone/ozonefs/target/test-dir/MiniOzoneClusterImpl-21ed0f53-0413-44c7-8609-f438100532e5/datanode-6/data/ratis/ef52bfeb-8f22-4388-81df-a6dd6d7eecf5 does not exist. Creating ...
2019-09-19 09:40:45,272 [pool-93-thread-1] INFO  storage.RaftStorageDirectory (RaftStorageDirectory.java:tryLock(328)) - Lock on /workdir/hadoop-ozone/ozonefs/target/test-dir/MiniOzoneClusterImpl-21ed0f53-0413-44c7-8609-f438100532e5/datanode-6/data/ratis/ef52bfeb-8f22-4388-81df-a6dd6d7eecf5/in_use.lock acquired by nodename 23096@pr-hdds-1569-j4bt4-3030777008
2019-09-19 09:40:45,285 [pool-93-thread-1] INFO  storage.RaftStorage (RaftStorage.java:format(72)) - Storage directory /workdir/hadoop-ozone/ozonefs/target/test-dir/MiniOzoneClusterImpl-21ed0f53-0413-44c7-8609-f438100532e5/datanode-6/data/ratis/ef52bfeb-8f22-4388-81df-a6dd6d7eecf5 has been successfully formatted.
2019-09-19 09:40:45,285 [pool-93-thread-1] INFO  ratis.ContainerStateMachine (ContainerStateMachine.java:loadSnapshot(226)) - group-A6DD6D7EECF5: The snapshot info is null. Setting the last applied indexto:(t:0, i:~)
2019-09-19 09:40:45,286 [pool-93-thread-1] INFO  server.RaftServerConfigKeys (ConfUtils.java:logGet(43)) - raft.server.leader.election.timeout = 120s (custom)
2019-09-19 09:40:45,286 [pool-93-thread-1] INFO  server.RaftServerConfigKeys (ConfUtils.java:logGet(43)) - raft.server.log.use.memory = false (default)
2019-09-19 09:40:45,286 [pool-93-thread-1] INFO  server.RaftServerConfigKeys (ConfUtils.java:logGet(43)) - raft.server.log.purge.gap = 1000000 (custom)
2019-09-19 09:40:45,286 [pool-93-thread-1] INFO  server.RaftServerConfigKeys (ConfUtils.java:logGet(43)) - raft.server.log.appender.buffer.byte-limit = 33554432 (custom)
2019-09-19 09:40:45,286 [pool-93-thread-1] INFO  server.RaftServerConfigKeys (ConfUtils.java:logGet(43)) - raft.server.log.segment.size.max = 1048576 (custom)
2019-09-19 09:40:45,287 [pool-93-thread-1] INFO  server.RaftServerConfigKeys (ConfUtils.java:logGet(43)) - raft.server.log.segment.cache.num.max = 2 (custom)
2019-09-19 09:40:45,287 [pool-93-thread-1] INFO  segmented.SegmentedRaftLogWorker (SegmentedRaftLogWorker.java:<init>(172)) - new bb9d252a-546d-48b3-aabe-52964da86e48-SegmentedRaftLogWorker:Storage Directory /workdir/hadoop-ozone/ozonefs/target/test-dir/MiniOzoneClusterImpl-21ed0f53-0413-44c7-8609-f438100532e5/datanode-6/data/ratis/ef52bfeb-8f22-4388-81df-a6dd6d7eecf5 for RaftStorage:Storage Directory /workdir/hadoop-ozone/ozonefs/target/test-dir/MiniOzoneClusterImpl-21ed0f53-0413-44c7-8609-f438100532e5/datanode-6/data/ratis/ef52bfeb-8f22-4388-81df-a6dd6d7eecf5
2019-09-19 09:40:45,287 [pool-93-thread-1] INFO  server.RaftServerConfigKeys (ConfUtils.java:logGet(43)) - raft.server.log.queue.byte-limit = 2147483647 (custom)
2019-09-19 09:40:45,287 [pool-93-thread-1] INFO  server.RaftServerConfigKeys (ConfUtils.java:logGet(43)) - raft.server.log.queue.element-limit = 1024 (custom)
2019-09-19 09:40:45,287 [pool-93-thread-1] INFO  server.RaftServerConfigKeys (ConfUtils.java:logGet(43)) - raft.server.log.segment.size.max = 1048576 (custom)
2019-09-19 09:40:45,288 [pool-93-thread-1] INFO  server.RaftServerConfigKeys (ConfUtils.java:logGet(43)) - raft.server.log.preallocated.size = 16384 (custom)
2019-09-19 09:40:45,288 [pool-93-thread-1] INFO  server.RaftServerConfigKeys (ConfUtils.java:logGet(43)) - raft.server.log.write.buffer.size = 33554432 (custom)
2019-09-19 09:40:45,288 [pool-93-thread-1] INFO  server.RaftServerConfigKeys (ConfUtils.java:logGet(43)) - raft.server.log.force.sync.num = 128 (default)
2019-09-19 09:40:45,288 [pool-93-thread-1] INFO  server.RaftServerConfigKeys (ConfUtils.java:logGet(43)) - raft.server.log.statemachine.data.sync = true (default)
2019-09-19 09:40:45,288 [pool-93-thread-1] INFO  server.RaftServerConfigKeys (ConfUtils.java:logGet(43)) - raft.server.log.statemachine.data.sync.timeout = 10s (default)
2019-09-19 09:40:45,289 [pool-93-thread-1] INFO  server.RaftServerConfigKeys (ConfUtils.java:logGet(43)) - raft.server.log.statemachine.data.sync.timeout.retry = -1 (default)
2019-09-19 09:40:45,289 [pool-93-thread-1] INFO  server.RaftServerConfigKeys (ConfUtils.java:logGet(43)) - raft.server.log.statemachine.data.caching.enabled = true (custom)
2019-09-19 09:40:45,289 [pool-93-thread-1] INFO  segmented.SegmentedRaftLogWorker (SegmentedRaftLogWorker.java:lambda$new$0(132)) - bb9d252a-546d-48b3-aabe-52964da86e48-SegmentedRaftLogWorker:Storage Directory /workdir/hadoop-ozone/ozonefs/target/test-dir/MiniOzoneClusterImpl-21ed0f53-0413-44c7-8609-f438100532e5/datanode-6/data/ratis/ef52bfeb-8f22-4388-81df-a6dd6d7eecf5: flushIndex: setUnconditionally 0 -> -1
2019-09-19 09:40:45,290 [pool-93-thread-1] INFO  server.RaftServerConfigKeys (ConfUtils.java:logGet(43)) - raft.server.snapshot.auto.trigger.enabled = true (custom)
2019-09-19 09:40:45,290 [pool-93-thread-1] INFO  server.RaftServerConfigKeys (ConfUtils.java:logGet(43)) - raft.server.snapshot.auto.trigger.threshold = 10000 (custom)
2019-09-19 09:40:45,290 [pool-93-thread-1] INFO  server.RaftServerConfigKeys (ConfUtils.java:logGet(43)) - raft.server.retrycache.expirytime = 600000ms (custom)
2019-09-19 09:40:45,290 [pool-93-thread-1] INFO  impl.RaftServerImpl (RaftServerImpl.java:start(180)) - bb9d252a-546d-48b3-aabe-52964da86e48: start group-A6DD6D7EECF5
2019-09-19 09:40:45,291 [pool-93-thread-1] INFO  impl.RaftServerImpl (RaftServerImpl.java:setRole(171)) - bb9d252a-546d-48b3-aabe-52964da86e48:group-A6DD6D7EECF5 changes role from null to FOLLOWER at term 0 for startAsFollower
2019-09-19 09:40:45,291 [pool-93-thread-1] INFO  impl.RoleInfo (RoleInfo.java:updateAndGet(143)) - bb9d252a-546d-48b3-aabe-52964da86e48: start FollowerState
2019-09-19 09:40:45,291 [pool-93-thread-1] INFO  util.JmxRegister (JmxRegister.java:tryRegister(44)) - Successfully registered JMX Bean with object name Ratis:service=RaftServer,group=group-A6DD6D7EECF5,id=bb9d252a-546d-48b3-aabe-52964da86e48
2019-09-19 09:40:45,297 [RatisPipelineUtilsThread] INFO  pipeline.PipelineStateManager (PipelineStateManager.java:addPipeline(56)) - Created pipeline Pipeline[ Id: ef52bfeb-8f22-4388-81df-a6dd6d7eecf5, Nodes: bb9d252a-546d-48b3-aabe-52964da86e48{ip: 192.168.34.5, host: pr-hdds-1569-j4bt4-3030777008, networkLocation: /default-rack, certSerialId: null}, Type:RATIS, Factor:ONE, State:OPEN]
2019-09-19 09:40:45,332 [grpc-default-executor-0] INFO  impl.RaftServerProxy (RaftServerProxy.java:addNew(89)) - 7076406d-aee0-4126-8bab-f0c87a3fcebd: addNew group-293144019123:[7076406d-aee0-4126-8bab-f0c87a3fcebd:192.168.34.5:33583] returns group-293144019123:java.util.concurrent.CompletableFuture@366c70c5[Not completed]
2019-09-19 09:40:45,337 [pool-104-thread-1] INFO  impl.RaftServerImpl (RaftServerImpl.java:<init>(93)) - 7076406d-aee0-4126-8bab-f0c87a3fcebd: new RaftServerImpl for group-293144019123:[7076406d-aee0-4126-8bab-f0c87a3fcebd:192.168.34.5:33583] with ContainerStateMachine:uninitialized
2019-09-19 09:40:45,337 [pool-104-thread-1] INFO  server.RaftServerConfigKeys (ConfUtils.java:logGet(43)) - raft.server.rpc.timeout.min = 5s (custom)
2019-09-19 09:40:45,337 [pool-104-thread-1] INFO  server.RaftServerConfigKeys (ConfUtils.java:logGet(43)) - raft.server.rpc.timeout.max = 5200ms (custom)
2019-09-19 09:40:45,337 [pool-104-thread-1] INFO  server.RaftServerConfigKeys (ConfUtils.java:logGet(43)) - raft.server.rpcslowness.timeout = 120s (custom)
2019-09-19 09:40:45,337 [pool-104-thread-1] INFO  server.RaftServerConfigKeys (ConfUtils.java:logGet(43)) - raft.server.sleep.deviation.threshold = 300 (default)
2019-09-19 09:40:45,338 [pool-104-thread-1] INFO  server.RaftServerConfigKeys (ConfUtils.java:logGet(43)) - raft.server.log.appender.install.snapshot.enabled = false (custom)
2019-09-19 09:40:45,338 [pool-104-thread-1] INFO  impl.RaftServerImpl (ServerState.java:<init>(105)) - 7076406d-aee0-4126-8bab-f0c87a3fcebd:group-293144019123 ConfigurationManager, init=-1: [7076406d-aee0-4126-8bab-f0c87a3fcebd:192.168.34.5:33583], old=null, confs=<EMPTY_MAP>
2019-09-19 09:40:45,338 [pool-104-thread-1] INFO  server.RaftServerConfigKeys (ConfUtils.java:logGet(43)) - raft.server.storage.dir = [/workdir/hadoop-ozone/ozonefs/target/test-dir/MiniOzoneClusterImpl-21ed0f53-0413-44c7-8609-f438100532e5/datanode-7/data/ratis] (custom)
2019-09-19 09:40:45,338 [pool-104-thread-1] INFO  storage.RaftStorageDirectory (RaftStorageDirectory.java:analyzeStorage(246)) - The storage directory /workdir/hadoop-ozone/ozonefs/target/test-dir/MiniOzoneClusterImpl-21ed0f53-0413-44c7-8609-f438100532e5/datanode-7/data/ratis/5b327425-b643-4ca6-8ce0-293144019123 does not exist. Creating ...
2019-09-19 09:40:45,364 [pool-104-thread-1] INFO  storage.RaftStorageDirectory (RaftStorageDirectory.java:tryLock(328)) - Lock on /workdir/hadoop-ozone/ozonefs/target/test-dir/MiniOzoneClusterImpl-21ed0f53-0413-44c7-8609-f438100532e5/datanode-7/data/ratis/5b327425-b643-4ca6-8ce0-293144019123/in_use.lock acquired by nodename 23096@pr-hdds-1569-j4bt4-3030777008
2019-09-19 09:40:45,377 [pool-104-thread-1] INFO  storage.RaftStorage (RaftStorage.java:format(72)) - Storage directory /workdir/hadoop-ozone/ozonefs/target/test-dir/MiniOzoneClusterImpl-21ed0f53-0413-44c7-8609-f438100532e5/datanode-7/data/ratis/5b327425-b643-4ca6-8ce0-293144019123 has been successfully formatted.
2019-09-19 09:40:45,378 [pool-104-thread-1] INFO  ratis.ContainerStateMachine (ContainerStateMachine.java:loadSnapshot(226)) - group-293144019123: The snapshot info is null. Setting the last applied indexto:(t:0, i:~)
2019-09-19 09:40:45,378 [pool-104-thread-1] INFO  server.RaftServerConfigKeys (ConfUtils.java:logGet(43)) - raft.server.leader.election.timeout = 120s (custom)
2019-09-19 09:40:45,378 [pool-104-thread-1] INFO  server.RaftServerConfigKeys (ConfUtils.java:logGet(43)) - raft.server.log.use.memory = false (default)
2019-09-19 09:40:45,378 [pool-104-thread-1] INFO  server.RaftServerConfigKeys (ConfUtils.java:logGet(43)) - raft.server.log.purge.gap = 1000000 (custom)
2019-09-19 09:40:45,379 [pool-104-thread-1] INFO  server.RaftServerConfigKeys (ConfUtils.java:logGet(43)) - raft.server.log.appender.buffer.byte-limit = 33554432 (custom)
2019-09-19 09:40:45,379 [pool-104-thread-1] INFO  server.RaftServerConfigKeys (ConfUtils.java:logGet(43)) - raft.server.log.segment.size.max = 1048576 (custom)
2019-09-19 09:40:45,379 [pool-104-thread-1] INFO  server.RaftServerConfigKeys (ConfUtils.java:logGet(43)) - raft.server.log.segment.cache.num.max = 2 (custom)
2019-09-19 09:40:45,379 [pool-104-thread-1] INFO  segmented.SegmentedRaftLogWorker (SegmentedRaftLogWorker.java:<init>(172)) - new 7076406d-aee0-4126-8bab-f0c87a3fcebd-SegmentedRaftLogWorker:Storage Directory /workdir/hadoop-ozone/ozonefs/target/test-dir/MiniOzoneClusterImpl-21ed0f53-0413-44c7-8609-f438100532e5/datanode-7/data/ratis/5b327425-b643-4ca6-8ce0-293144019123 for RaftStorage:Storage Directory /workdir/hadoop-ozone/ozonefs/target/test-dir/MiniOzoneClusterImpl-21ed0f53-0413-44c7-8609-f438100532e5/datanode-7/data/ratis/5b327425-b643-4ca6-8ce0-293144019123
2019-09-19 09:40:45,379 [pool-104-thread-1] INFO  server.RaftServerConfigKeys (ConfUtils.java:logGet(43)) - raft.server.log.queue.byte-limit = 2147483647 (custom)
2019-09-19 09:40:45,380 [pool-104-thread-1] INFO  server.RaftServerConfigKeys (ConfUtils.java:logGet(43)) - raft.server.log.queue.element-limit = 1024 (custom)
2019-09-19 09:40:45,380 [pool-104-thread-1] INFO  server.RaftServerConfigKeys (ConfUtils.java:logGet(43)) - raft.server.log.segment.size.max = 1048576 (custom)
2019-09-19 09:40:45,380 [pool-104-thread-1] INFO  server.RaftServerConfigKeys (ConfUtils.java:logGet(43)) - raft.server.log.preallocated.size = 16384 (custom)
2019-09-19 09:40:45,380 [pool-104-thread-1] INFO  server.RaftServerConfigKeys (ConfUtils.java:logGet(43)) - raft.server.log.write.buffer.size = 33554432 (custom)
2019-09-19 09:40:45,381 [pool-104-thread-1] INFO  server.RaftServerConfigKeys (ConfUtils.java:logGet(43)) - raft.server.log.force.sync.num = 128 (default)
2019-09-19 09:40:45,381 [pool-104-thread-1] INFO  server.RaftServerConfigKeys (ConfUtils.java:logGet(43)) - raft.server.log.statemachine.data.sync = true (default)
2019-09-19 09:40:45,381 [pool-104-thread-1] INFO  server.RaftServerConfigKeys (ConfUtils.java:logGet(43)) - raft.server.log.statemachine.data.sync.timeout = 10s (default)
2019-09-19 09:40:45,381 [pool-104-thread-1] INFO  server.RaftServerConfigKeys (ConfUtils.java:logGet(43)) - raft.server.log.statemachine.data.sync.timeout.retry = -1 (default)
2019-09-19 09:40:45,382 [pool-104-thread-1] INFO  server.RaftServerConfigKeys (ConfUtils.java:logGet(43)) - raft.server.log.statemachine.data.caching.enabled = true (custom)
2019-09-19 09:40:45,382 [pool-104-thread-1] INFO  segmented.SegmentedRaftLogWorker (SegmentedRaftLogWorker.java:lambda$new$0(132)) - 7076406d-aee0-4126-8bab-f0c87a3fcebd-SegmentedRaftLogWorker:Storage Directory /workdir/hadoop-ozone/ozonefs/target/test-dir/MiniOzoneClusterImpl-21ed0f53-0413-44c7-8609-f438100532e5/datanode-7/data/ratis/5b327425-b643-4ca6-8ce0-293144019123: flushIndex: setUnconditionally 0 -> -1
2019-09-19 09:40:45,382 [pool-104-thread-1] INFO  server.RaftServerConfigKeys (ConfUtils.java:logGet(43)) - raft.server.snapshot.auto.trigger.enabled = true (custom)
2019-09-19 09:40:45,383 [pool-104-thread-1] INFO  server.RaftServerConfigKeys (ConfUtils.java:logGet(43)) - raft.server.snapshot.auto.trigger.threshold = 10000 (custom)
2019-09-19 09:40:45,383 [pool-104-thread-1] INFO  server.RaftServerConfigKeys (ConfUtils.java:logGet(43)) - raft.server.retrycache.expirytime = 600000ms (custom)
2019-09-19 09:40:45,383 [pool-104-thread-1] INFO  impl.RaftServerImpl (RaftServerImpl.java:start(180)) - 7076406d-aee0-4126-8bab-f0c87a3fcebd: start group-293144019123
2019-09-19 09:40:45,384 [pool-104-thread-1] INFO  impl.RaftServerImpl (RaftServerImpl.java:setRole(171)) - 7076406d-aee0-4126-8bab-f0c87a3fcebd:group-293144019123 changes role from null to FOLLOWER at term 0 for startAsFollower
2019-09-19 09:40:45,384 [pool-104-thread-1] INFO  impl.RoleInfo (RoleInfo.java:updateAndGet(143)) - 7076406d-aee0-4126-8bab-f0c87a3fcebd: start FollowerState
2019-09-19 09:40:45,392 [pool-104-thread-1] INFO  util.JmxRegister (JmxRegister.java:tryRegister(44)) - Successfully registered JMX Bean with object name Ratis:service=RaftServer,group=group-293144019123,id=7076406d-aee0-4126-8bab-f0c87a3fcebd
2019-09-19 09:40:45,419 | INFO  | SCMAudit | user=jenkins1000 | ip=192.168.34.5 | op=SEND_HEARTBEAT {datanodeUUID=47e0c7c0-2680-4f55-9417-80daafef46d1, command=[]} | ret=SUCCESS |  
2019-09-19 09:40:45,420 | INFO  | SCMAudit | user=jenkins1000 | ip=192.168.34.5 | op=SEND_HEARTBEAT {datanodeUUID=d87be78c-f122-4471-b781-d01263e91835, command=[]} | ret=SUCCESS |  
2019-09-19 09:40:45,424 [RatisPipelineUtilsThread] INFO  pipeline.PipelineStateManager (PipelineStateManager.java:addPipeline(56)) - Created pipeline Pipeline[ Id: 5b327425-b643-4ca6-8ce0-293144019123, Nodes: 7076406d-aee0-4126-8bab-f0c87a3fcebd{ip: 192.168.34.5, host: pr-hdds-1569-j4bt4-3030777008, networkLocation: /default-rack, certSerialId: null}, Type:RATIS, Factor:ONE, State:OPEN]
2019-09-19 09:40:45,447 [grpc-default-executor-0] INFO  impl.RaftServerProxy (RaftServerProxy.java:addNew(89)) - 90577c55-fd31-444d-84bd-73a3c37bc268: addNew group-76C05438BA26:[90577c55-fd31-444d-84bd-73a3c37bc268:192.168.34.5:38982] returns group-76C05438BA26:java.util.concurrent.CompletableFuture@5ea857f7[Not completed]
2019-09-19 09:40:45,455 | INFO  | SCMAudit | user=jenkins1000 | ip=192.168.34.5 | op=SEND_HEARTBEAT {datanodeUUID=28f77823-de9e-44cc-bd18-5b415144a5bf, command=[]} | ret=SUCCESS |  
2019-09-19 09:40:45,455 [pool-49-thread-1] INFO  impl.RaftServerImpl (RaftServerImpl.java:<init>(93)) - 90577c55-fd31-444d-84bd-73a3c37bc268: new RaftServerImpl for group-76C05438BA26:[90577c55-fd31-444d-84bd-73a3c37bc268:192.168.34.5:38982] with ContainerStateMachine:uninitialized
2019-09-19 09:40:45,455 [pool-49-thread-1] INFO  server.RaftServerConfigKeys (ConfUtils.java:logGet(43)) - raft.server.rpc.timeout.min = 5s (custom)
2019-09-19 09:40:45,455 [pool-49-thread-1] INFO  server.RaftServerConfigKeys (ConfUtils.java:logGet(43)) - raft.server.rpc.timeout.max = 5200ms (custom)
2019-09-19 09:40:45,456 [pool-49-thread-1] INFO  server.RaftServerConfigKeys (ConfUtils.java:logGet(43)) - raft.server.rpcslowness.timeout = 120s (custom)
2019-09-19 09:40:45,456 [pool-49-thread-1] INFO  server.RaftServerConfigKeys (ConfUtils.java:logGet(43)) - raft.server.sleep.deviation.threshold = 300 (default)
2019-09-19 09:40:45,456 [pool-49-thread-1] INFO  server.RaftServerConfigKeys (ConfUtils.java:logGet(43)) - raft.server.log.appender.install.snapshot.enabled = false (custom)
2019-09-19 09:40:45,456 [pool-49-thread-1] INFO  impl.RaftServerImpl (ServerState.java:<init>(105)) - 90577c55-fd31-444d-84bd-73a3c37bc268:group-76C05438BA26 ConfigurationManager, init=-1: [90577c55-fd31-444d-84bd-73a3c37bc268:192.168.34.5:38982], old=null, confs=<EMPTY_MAP>
2019-09-19 09:40:45,456 [pool-49-thread-1] INFO  server.RaftServerConfigKeys (ConfUtils.java:logGet(43)) - raft.server.storage.dir = [/workdir/hadoop-ozone/ozonefs/target/test-dir/MiniOzoneClusterImpl-21ed0f53-0413-44c7-8609-f438100532e5/datanode-2/data/ratis] (custom)
2019-09-19 09:40:45,457 [pool-49-thread-1] INFO  storage.RaftStorageDirectory (RaftStorageDirectory.java:analyzeStorage(246)) - The storage directory /workdir/hadoop-ozone/ozonefs/target/test-dir/MiniOzoneClusterImpl-21ed0f53-0413-44c7-8609-f438100532e5/datanode-2/data/ratis/a5bc8428-d7e0-40e3-965b-76c05438ba26 does not exist. Creating ...
2019-09-19 09:40:45,471 [pool-49-thread-1] INFO  storage.RaftStorageDirectory (RaftStorageDirectory.java:tryLock(328)) - Lock on /workdir/hadoop-ozone/ozonefs/target/test-dir/MiniOzoneClusterImpl-21ed0f53-0413-44c7-8609-f438100532e5/datanode-2/data/ratis/a5bc8428-d7e0-40e3-965b-76c05438ba26/in_use.lock acquired by nodename 23096@pr-hdds-1569-j4bt4-3030777008
2019-09-19 09:40:45,484 [pool-49-thread-1] INFO  storage.RaftStorage (RaftStorage.java:format(72)) - Storage directory /workdir/hadoop-ozone/ozonefs/target/test-dir/MiniOzoneClusterImpl-21ed0f53-0413-44c7-8609-f438100532e5/datanode-2/data/ratis/a5bc8428-d7e0-40e3-965b-76c05438ba26 has been successfully formatted.
2019-09-19 09:40:45,484 [pool-49-thread-1] INFO  ratis.ContainerStateMachine (ContainerStateMachine.java:loadSnapshot(226)) - group-76C05438BA26: The snapshot info is null. Setting the last applied indexto:(t:0, i:~)
2019-09-19 09:40:45,485 [pool-49-thread-1] INFO  server.RaftServerConfigKeys (ConfUtils.java:logGet(43)) - raft.server.leader.election.timeout = 120s (custom)
2019-09-19 09:40:45,485 [pool-49-thread-1] INFO  server.RaftServerConfigKeys (ConfUtils.java:logGet(43)) - raft.server.log.use.memory = false (default)
2019-09-19 09:40:45,485 [pool-49-thread-1] INFO  server.RaftServerConfigKeys (ConfUtils.java:logGet(43)) - raft.server.log.purge.gap = 1000000 (custom)
2019-09-19 09:40:45,485 [pool-49-thread-1] INFO  server.RaftServerConfigKeys (ConfUtils.java:logGet(43)) - raft.server.log.appender.buffer.byte-limit = 33554432 (custom)
2019-09-19 09:40:45,485 [pool-49-thread-1] INFO  server.RaftServerConfigKeys (ConfUtils.java:logGet(43)) - raft.server.log.segment.size.max = 1048576 (custom)
2019-09-19 09:40:45,486 [pool-49-thread-1] INFO  server.RaftServerConfigKeys (ConfUtils.java:logGet(43)) - raft.server.log.segment.cache.num.max = 2 (custom)
2019-09-19 09:40:45,486 [pool-49-thread-1] INFO  segmented.SegmentedRaftLogWorker (SegmentedRaftLogWorker.java:<init>(172)) - new 90577c55-fd31-444d-84bd-73a3c37bc268-SegmentedRaftLogWorker:Storage Directory /workdir/hadoop-ozone/ozonefs/target/test-dir/MiniOzoneClusterImpl-21ed0f53-0413-44c7-8609-f438100532e5/datanode-2/data/ratis/a5bc8428-d7e0-40e3-965b-76c05438ba26 for RaftStorage:Storage Directory /workdir/hadoop-ozone/ozonefs/target/test-dir/MiniOzoneClusterImpl-21ed0f53-0413-44c7-8609-f438100532e5/datanode-2/data/ratis/a5bc8428-d7e0-40e3-965b-76c05438ba26
2019-09-19 09:40:45,486 [pool-49-thread-1] INFO  server.RaftServerConfigKeys (ConfUtils.java:logGet(43)) - raft.server.log.queue.byte-limit = 2147483647 (custom)
2019-09-19 09:40:45,486 [pool-49-thread-1] INFO  server.RaftServerConfigKeys (ConfUtils.java:logGet(43)) - raft.server.log.queue.element-limit = 1024 (custom)
2019-09-19 09:40:45,486 [pool-49-thread-1] INFO  server.RaftServerConfigKeys (ConfUtils.java:logGet(43)) - raft.server.log.segment.size.max = 1048576 (custom)
2019-09-19 09:40:45,486 [pool-49-thread-1] INFO  server.RaftServerConfigKeys (ConfUtils.java:logGet(43)) - raft.server.log.preallocated.size = 16384 (custom)
2019-09-19 09:40:45,487 [pool-49-thread-1] INFO  server.RaftServerConfigKeys (ConfUtils.java:logGet(43)) - raft.server.log.write.buffer.size = 33554432 (custom)
2019-09-19 09:40:45,487 [pool-49-thread-1] INFO  server.RaftServerConfigKeys (ConfUtils.java:logGet(43)) - raft.server.log.force.sync.num = 128 (default)
2019-09-19 09:40:45,487 [pool-49-thread-1] INFO  server.RaftServerConfigKeys (ConfUtils.java:logGet(43)) - raft.server.log.statemachine.data.sync = true (default)
2019-09-19 09:40:45,487 [pool-49-thread-1] INFO  server.RaftServerConfigKeys (ConfUtils.java:logGet(43)) - raft.server.log.statemachine.data.sync.timeout = 10s (default)
2019-09-19 09:40:45,487 [pool-49-thread-1] INFO  server.RaftServerConfigKeys (ConfUtils.java:logGet(43)) - raft.server.log.statemachine.data.sync.timeout.retry = -1 (default)
2019-09-19 09:40:45,488 [pool-49-thread-1] INFO  server.RaftServerConfigKeys (ConfUtils.java:logGet(43)) - raft.server.log.statemachine.data.caching.enabled = true (custom)
2019-09-19 09:40:45,488 [pool-49-thread-1] INFO  segmented.SegmentedRaftLogWorker (SegmentedRaftLogWorker.java:lambda$new$0(132)) - 90577c55-fd31-444d-84bd-73a3c37bc268-SegmentedRaftLogWorker:Storage Directory /workdir/hadoop-ozone/ozonefs/target/test-dir/MiniOzoneClusterImpl-21ed0f53-0413-44c7-8609-f438100532e5/datanode-2/data/ratis/a5bc8428-d7e0-40e3-965b-76c05438ba26: flushIndex: setUnconditionally 0 -> -1
2019-09-19 09:40:45,488 [pool-49-thread-1] INFO  server.RaftServerConfigKeys (ConfUtils.java:logGet(43)) - raft.server.snapshot.auto.trigger.enabled = true (custom)
2019-09-19 09:40:45,488 [pool-49-thread-1] INFO  server.RaftServerConfigKeys (ConfUtils.java:logGet(43)) - raft.server.snapshot.auto.trigger.threshold = 10000 (custom)
2019-09-19 09:40:45,489 [pool-49-thread-1] INFO  server.RaftServerConfigKeys (ConfUtils.java:logGet(43)) - raft.server.retrycache.expirytime = 600000ms (custom)
2019-09-19 09:40:45,489 [pool-49-thread-1] INFO  impl.RaftServerImpl (RaftServerImpl.java:start(180)) - 90577c55-fd31-444d-84bd-73a3c37bc268: start group-76C05438BA26
2019-09-19 09:40:45,489 [pool-49-thread-1] INFO  impl.RaftServerImpl (RaftServerImpl.java:setRole(171)) - 90577c55-fd31-444d-84bd-73a3c37bc268:group-76C05438BA26 changes role from null to FOLLOWER at term 0 for startAsFollower
2019-09-19 09:40:45,489 [pool-49-thread-1] INFO  impl.RoleInfo (RoleInfo.java:updateAndGet(143)) - 90577c55-fd31-444d-84bd-73a3c37bc268: start FollowerState
2019-09-19 09:40:45,490 [pool-49-thread-1] INFO  util.JmxRegister (JmxRegister.java:tryRegister(44)) - Successfully registered JMX Bean with object name Ratis:service=RaftServer,group=group-76C05438BA26,id=90577c55-fd31-444d-84bd-73a3c37bc268
2019-09-19 09:40:45,498 [RatisPipelineUtilsThread] INFO  pipeline.PipelineStateManager (PipelineStateManager.java:addPipeline(56)) - Created pipeline Pipeline[ Id: a5bc8428-d7e0-40e3-965b-76c05438ba26, Nodes: 90577c55-fd31-444d-84bd-73a3c37bc268{ip: 192.168.34.5, host: pr-hdds-1569-j4bt4-3030777008, networkLocation: /default-rack, certSerialId: null}, Type:RATIS, Factor:ONE, State:OPEN]
2019-09-19 09:40:45,514 [grpc-default-executor-0] INFO  impl.RaftServerProxy (RaftServerProxy.java:addNew(89)) - bb9d252a-546d-48b3-aabe-52964da86e48: addNew group-7EFF5719F1D4:[bb9d252a-546d-48b3-aabe-52964da86e48:192.168.34.5:44392] returns group-7EFF5719F1D4:java.util.concurrent.CompletableFuture@565ed80f[Not completed]
2019-09-19 09:40:45,517 [pool-93-thread-1] INFO  impl.RaftServerImpl (RaftServerImpl.java:<init>(93)) - bb9d252a-546d-48b3-aabe-52964da86e48: new RaftServerImpl for group-7EFF5719F1D4:[bb9d252a-546d-48b3-aabe-52964da86e48:192.168.34.5:44392] with ContainerStateMachine:uninitialized
2019-09-19 09:40:45,517 [pool-93-thread-1] INFO  server.RaftServerConfigKeys (ConfUtils.java:logGet(43)) - raft.server.rpc.timeout.min = 5s (custom)
2019-09-19 09:40:45,517 [pool-93-thread-1] INFO  server.RaftServerConfigKeys (ConfUtils.java:logGet(43)) - raft.server.rpc.timeout.max = 5200ms (custom)
2019-09-19 09:40:45,517 [pool-93-thread-1] INFO  server.RaftServerConfigKeys (ConfUtils.java:logGet(43)) - raft.server.rpcslowness.timeout = 120s (custom)
2019-09-19 09:40:45,517 [pool-93-thread-1] INFO  server.RaftServerConfigKeys (ConfUtils.java:logGet(43)) - raft.server.sleep.deviation.threshold = 300 (default)
2019-09-19 09:40:45,518 [pool-93-thread-1] INFO  server.RaftServerConfigKeys (ConfUtils.java:logGet(43)) - raft.server.log.appender.install.snapshot.enabled = false (custom)
2019-09-19 09:40:45,518 [pool-93-thread-1] INFO  impl.RaftServerImpl (ServerState.java:<init>(105)) - bb9d252a-546d-48b3-aabe-52964da86e48:group-7EFF5719F1D4 ConfigurationManager, init=-1: [bb9d252a-546d-48b3-aabe-52964da86e48:192.168.34.5:44392], old=null, confs=<EMPTY_MAP>
2019-09-19 09:40:45,518 [pool-93-thread-1] INFO  server.RaftServerConfigKeys (ConfUtils.java:logGet(43)) - raft.server.storage.dir = [/workdir/hadoop-ozone/ozonefs/target/test-dir/MiniOzoneClusterImpl-21ed0f53-0413-44c7-8609-f438100532e5/datanode-6/data/ratis] (custom)
2019-09-19 09:40:45,518 [pool-93-thread-1] INFO  storage.RaftStorageDirectory (RaftStorageDirectory.java:analyzeStorage(246)) - The storage directory /workdir/hadoop-ozone/ozonefs/target/test-dir/MiniOzoneClusterImpl-21ed0f53-0413-44c7-8609-f438100532e5/datanode-6/data/ratis/ec798276-680e-427a-9baa-7eff5719f1d4 does not exist. Creating ...
2019-09-19 09:40:45,531 [pool-93-thread-1] INFO  storage.RaftStorageDirectory (RaftStorageDirectory.java:tryLock(328)) - Lock on /workdir/hadoop-ozone/ozonefs/target/test-dir/MiniOzoneClusterImpl-21ed0f53-0413-44c7-8609-f438100532e5/datanode-6/data/ratis/ec798276-680e-427a-9baa-7eff5719f1d4/in_use.lock acquired by nodename 23096@pr-hdds-1569-j4bt4-3030777008
2019-09-19 09:40:45,544 [pool-93-thread-1] INFO  storage.RaftStorage (RaftStorage.java:format(72)) - Storage directory /workdir/hadoop-ozone/ozonefs/target/test-dir/MiniOzoneClusterImpl-21ed0f53-0413-44c7-8609-f438100532e5/datanode-6/data/ratis/ec798276-680e-427a-9baa-7eff5719f1d4 has been successfully formatted.
2019-09-19 09:40:45,544 [pool-93-thread-1] INFO  ratis.ContainerStateMachine (ContainerStateMachine.java:loadSnapshot(226)) - group-7EFF5719F1D4: The snapshot info is null. Setting the last applied indexto:(t:0, i:~)
2019-09-19 09:40:45,545 [pool-93-thread-1] INFO  server.RaftServerConfigKeys (ConfUtils.java:logGet(43)) - raft.server.leader.election.timeout = 120s (custom)
2019-09-19 09:40:45,545 [pool-93-thread-1] INFO  server.RaftServerConfigKeys (ConfUtils.java:logGet(43)) - raft.server.log.use.memory = false (default)
2019-09-19 09:40:45,545 [pool-93-thread-1] INFO  server.RaftServerConfigKeys (ConfUtils.java:logGet(43)) - raft.server.log.purge.gap = 1000000 (custom)
2019-09-19 09:40:45,545 [pool-93-thread-1] INFO  server.RaftServerConfigKeys (ConfUtils.java:logGet(43)) - raft.server.log.appender.buffer.byte-limit = 33554432 (custom)
2019-09-19 09:40:45,545 [pool-93-thread-1] INFO  server.RaftServerConfigKeys (ConfUtils.java:logGet(43)) - raft.server.log.segment.size.max = 1048576 (custom)
2019-09-19 09:40:45,546 [pool-93-thread-1] INFO  server.RaftServerConfigKeys (ConfUtils.java:logGet(43)) - raft.server.log.segment.cache.num.max = 2 (custom)
2019-09-19 09:40:45,546 [pool-93-thread-1] INFO  segmented.SegmentedRaftLogWorker (SegmentedRaftLogWorker.java:<init>(172)) - new bb9d252a-546d-48b3-aabe-52964da86e48-SegmentedRaftLogWorker:Storage Directory /workdir/hadoop-ozone/ozonefs/target/test-dir/MiniOzoneClusterImpl-21ed0f53-0413-44c7-8609-f438100532e5/datanode-6/data/ratis/ec798276-680e-427a-9baa-7eff5719f1d4 for RaftStorage:Storage Directory /workdir/hadoop-ozone/ozonefs/target/test-dir/MiniOzoneClusterImpl-21ed0f53-0413-44c7-8609-f438100532e5/datanode-6/data/ratis/ec798276-680e-427a-9baa-7eff5719f1d4
2019-09-19 09:40:45,546 [pool-93-thread-1] INFO  server.RaftServerConfigKeys (ConfUtils.java:logGet(43)) - raft.server.log.queue.byte-limit = 2147483647 (custom)
2019-09-19 09:40:45,546 [pool-93-thread-1] INFO  server.RaftServerConfigKeys (ConfUtils.java:logGet(43)) - raft.server.log.queue.element-limit = 1024 (custom)
2019-09-19 09:40:45,546 [pool-93-thread-1] INFO  server.RaftServerConfigKeys (ConfUtils.java:logGet(43)) - raft.server.log.segment.size.max = 1048576 (custom)
2019-09-19 09:40:45,546 [pool-93-thread-1] INFO  server.RaftServerConfigKeys (ConfUtils.java:logGet(43)) - raft.server.log.preallocated.size = 16384 (custom)
2019-09-19 09:40:45,547 [pool-93-thread-1] INFO  server.RaftServerConfigKeys (ConfUtils.java:logGet(43)) - raft.server.log.write.buffer.size = 33554432 (custom)
2019-09-19 09:40:45,547 [pool-93-thread-1] INFO  server.RaftServerConfigKeys (ConfUtils.java:logGet(43)) - raft.server.log.force.sync.num = 128 (default)
2019-09-19 09:40:45,547 [pool-93-thread-1] INFO  server.RaftServerConfigKeys (ConfUtils.java:logGet(43)) - raft.server.log.statemachine.data.sync = true (default)
2019-09-19 09:40:45,547 [pool-93-thread-1] INFO  server.RaftServerConfigKeys (ConfUtils.java:logGet(43)) - raft.server.log.statemachine.data.sync.timeout = 10s (default)
2019-09-19 09:40:45,547 [pool-93-thread-1] INFO  server.RaftServerConfigKeys (ConfUtils.java:logGet(43)) - raft.server.log.statemachine.data.sync.timeout.retry = -1 (default)
2019-09-19 09:40:45,548 [pool-93-thread-1] INFO  server.RaftServerConfigKeys (ConfUtils.java:logGet(43)) - raft.server.log.statemachine.data.caching.enabled = true (custom)
2019-09-19 09:40:45,548 [pool-93-thread-1] INFO  segmented.SegmentedRaftLogWorker (SegmentedRaftLogWorker.java:lambda$new$0(132)) - bb9d252a-546d-48b3-aabe-52964da86e48-SegmentedRaftLogWorker:Storage Directory /workdir/hadoop-ozone/ozonefs/target/test-dir/MiniOzoneClusterImpl-21ed0f53-0413-44c7-8609-f438100532e5/datanode-6/data/ratis/ec798276-680e-427a-9baa-7eff5719f1d4: flushIndex: setUnconditionally 0 -> -1
2019-09-19 09:40:45,548 [pool-93-thread-1] INFO  server.RaftServerConfigKeys (ConfUtils.java:logGet(43)) - raft.server.snapshot.auto.trigger.enabled = true (custom)
2019-09-19 09:40:45,549 [pool-93-thread-1] INFO  server.RaftServerConfigKeys (ConfUtils.java:logGet(43)) - raft.server.snapshot.auto.trigger.threshold = 10000 (custom)
2019-09-19 09:40:45,549 [pool-93-thread-1] INFO  server.RaftServerConfigKeys (ConfUtils.java:logGet(43)) - raft.server.retrycache.expirytime = 600000ms (custom)
2019-09-19 09:40:45,549 [pool-93-thread-1] INFO  impl.RaftServerImpl (RaftServerImpl.java:start(180)) - bb9d252a-546d-48b3-aabe-52964da86e48: start group-7EFF5719F1D4
2019-09-19 09:40:45,549 [pool-93-thread-1] INFO  impl.RaftServerImpl (RaftServerImpl.java:setRole(171)) - bb9d252a-546d-48b3-aabe-52964da86e48:group-7EFF5719F1D4 changes role from null to FOLLOWER at term 0 for startAsFollower
2019-09-19 09:40:45,550 [pool-93-thread-1] INFO  impl.RoleInfo (RoleInfo.java:updateAndGet(143)) - bb9d252a-546d-48b3-aabe-52964da86e48: start FollowerState
2019-09-19 09:40:45,550 [pool-93-thread-1] INFO  util.JmxRegister (JmxRegister.java:tryRegister(44)) - Successfully registered JMX Bean with object name Ratis:service=RaftServer,group=group-7EFF5719F1D4,id=bb9d252a-546d-48b3-aabe-52964da86e48
2019-09-19 09:40:45,556 [RatisPipelineUtilsThread] INFO  pipeline.PipelineStateManager (PipelineStateManager.java:addPipeline(56)) - Created pipeline Pipeline[ Id: ec798276-680e-427a-9baa-7eff5719f1d4, Nodes: bb9d252a-546d-48b3-aabe-52964da86e48{ip: 192.168.34.5, host: pr-hdds-1569-j4bt4-3030777008, networkLocation: /default-rack, certSerialId: null}, Type:RATIS, Factor:ONE, State:OPEN]
2019-09-19 09:40:45,570 [grpc-default-executor-0] INFO  impl.RaftServerProxy (RaftServerProxy.java:addNew(89)) - 1bcbd64b-2199-49e1-86d3-4e4b64d88b4a: addNew group-FFF2FFD1E556:[1bcbd64b-2199-49e1-86d3-4e4b64d88b4a:192.168.34.5:41194] returns group-FFF2FFD1E556:java.util.concurrent.CompletableFuture@5c4a0da3[Not completed]
2019-09-19 09:40:45,572 [pool-27-thread-1] INFO  impl.RaftServerImpl (RaftServerImpl.java:<init>(93)) - 1bcbd64b-2199-49e1-86d3-4e4b64d88b4a: new RaftServerImpl for group-FFF2FFD1E556:[1bcbd64b-2199-49e1-86d3-4e4b64d88b4a:192.168.34.5:41194] with ContainerStateMachine:uninitialized
2019-09-19 09:40:45,572 [pool-27-thread-1] INFO  server.RaftServerConfigKeys (ConfUtils.java:logGet(43)) - raft.server.rpc.timeout.min = 5s (custom)
2019-09-19 09:40:45,572 [pool-27-thread-1] INFO  server.RaftServerConfigKeys (ConfUtils.java:logGet(43)) - raft.server.rpc.timeout.max = 5200ms (custom)
2019-09-19 09:40:45,572 [pool-27-thread-1] INFO  server.RaftServerConfigKeys (ConfUtils.java:logGet(43)) - raft.server.rpcslowness.timeout = 120s (custom)
2019-09-19 09:40:45,573 [pool-27-thread-1] INFO  server.RaftServerConfigKeys (ConfUtils.java:logGet(43)) - raft.server.sleep.deviation.threshold = 300 (default)
2019-09-19 09:40:45,573 [pool-27-thread-1] INFO  server.RaftServerConfigKeys (ConfUtils.java:logGet(43)) - raft.server.log.appender.install.snapshot.enabled = false (custom)
2019-09-19 09:40:45,573 [pool-27-thread-1] INFO  impl.RaftServerImpl (ServerState.java:<init>(105)) - 1bcbd64b-2199-49e1-86d3-4e4b64d88b4a:group-FFF2FFD1E556 ConfigurationManager, init=-1: [1bcbd64b-2199-49e1-86d3-4e4b64d88b4a:192.168.34.5:41194], old=null, confs=<EMPTY_MAP>
2019-09-19 09:40:45,573 [pool-27-thread-1] INFO  server.RaftServerConfigKeys (ConfUtils.java:logGet(43)) - raft.server.storage.dir = [/workdir/hadoop-ozone/ozonefs/target/test-dir/MiniOzoneClusterImpl-21ed0f53-0413-44c7-8609-f438100532e5/datanode-0/data/ratis] (custom)
2019-09-19 09:40:45,574 [pool-27-thread-1] INFO  storage.RaftStorageDirectory (RaftStorageDirectory.java:analyzeStorage(246)) - The storage directory /workdir/hadoop-ozone/ozonefs/target/test-dir/MiniOzoneClusterImpl-21ed0f53-0413-44c7-8609-f438100532e5/datanode-0/data/ratis/419de2fe-f9d7-44d2-8452-fff2ffd1e556 does not exist. Creating ...
2019-09-19 09:40:45,592 | INFO  | SCMAudit | user=jenkins1000 | ip=192.168.34.5 | op=SEND_HEARTBEAT {datanodeUUID=1cd79902-2a06-4a3f-8023-3eba64f51293, command=[]} | ret=SUCCESS |  
2019-09-19 09:40:45,593 [pool-27-thread-1] INFO  storage.RaftStorageDirectory (RaftStorageDirectory.java:tryLock(328)) - Lock on /workdir/hadoop-ozone/ozonefs/target/test-dir/MiniOzoneClusterImpl-21ed0f53-0413-44c7-8609-f438100532e5/datanode-0/data/ratis/419de2fe-f9d7-44d2-8452-fff2ffd1e556/in_use.lock acquired by nodename 23096@pr-hdds-1569-j4bt4-3030777008
2019-09-19 09:40:45,606 [pool-27-thread-1] INFO  storage.RaftStorage (RaftStorage.java:format(72)) - Storage directory /workdir/hadoop-ozone/ozonefs/target/test-dir/MiniOzoneClusterImpl-21ed0f53-0413-44c7-8609-f438100532e5/datanode-0/data/ratis/419de2fe-f9d7-44d2-8452-fff2ffd1e556 has been successfully formatted.
2019-09-19 09:40:45,607 [pool-27-thread-1] INFO  ratis.ContainerStateMachine (ContainerStateMachine.java:loadSnapshot(226)) - group-FFF2FFD1E556: The snapshot info is null. Setting the last applied indexto:(t:0, i:~)
2019-09-19 09:40:45,607 [pool-27-thread-1] INFO  server.RaftServerConfigKeys (ConfUtils.java:logGet(43)) - raft.server.leader.election.timeout = 120s (custom)
2019-09-19 09:40:45,607 [pool-27-thread-1] INFO  server.RaftServerConfigKeys (ConfUtils.java:logGet(43)) - raft.server.log.use.memory = false (default)
2019-09-19 09:40:45,607 [pool-27-thread-1] INFO  server.RaftServerConfigKeys (ConfUtils.java:logGet(43)) - raft.server.log.purge.gap = 1000000 (custom)
2019-09-19 09:40:45,607 [pool-27-thread-1] INFO  server.RaftServerConfigKeys (ConfUtils.java:logGet(43)) - raft.server.log.appender.buffer.byte-limit = 33554432 (custom)
2019-09-19 09:40:45,608 [pool-27-thread-1] INFO  server.RaftServerConfigKeys (ConfUtils.java:logGet(43)) - raft.server.log.segment.size.max = 1048576 (custom)
2019-09-19 09:40:45,608 [pool-27-thread-1] INFO  server.RaftServerConfigKeys (ConfUtils.java:logGet(43)) - raft.server.log.segment.cache.num.max = 2 (custom)
2019-09-19 09:40:45,608 [main] INFO  ozone.MiniOzoneClusterImpl (MiniOzoneClusterImpl.java:lambda$waitForClusterToBeReady$0(142)) - Cluster is ready. Got 10 of 10 DN Heartbeats.
2019-09-19 09:40:45,608 [pool-27-thread-1] INFO  segmented.SegmentedRaftLogWorker (SegmentedRaftLogWorker.java:<init>(172)) - new 1bcbd64b-2199-49e1-86d3-4e4b64d88b4a-SegmentedRaftLogWorker:Storage Directory /workdir/hadoop-ozone/ozonefs/target/test-dir/MiniOzoneClusterImpl-21ed0f53-0413-44c7-8609-f438100532e5/datanode-0/data/ratis/419de2fe-f9d7-44d2-8452-fff2ffd1e556 for RaftStorage:Storage Directory /workdir/hadoop-ozone/ozonefs/target/test-dir/MiniOzoneClusterImpl-21ed0f53-0413-44c7-8609-f438100532e5/datanode-0/data/ratis/419de2fe-f9d7-44d2-8452-fff2ffd1e556
2019-09-19 09:40:45,609 [pool-27-thread-1] INFO  server.RaftServerConfigKeys (ConfUtils.java:logGet(43)) - raft.server.log.queue.byte-limit = 2147483647 (custom)
2019-09-19 09:40:45,609 [pool-27-thread-1] INFO  server.RaftServerConfigKeys (ConfUtils.java:logGet(43)) - raft.server.log.queue.element-limit = 1024 (custom)
2019-09-19 09:40:45,609 [pool-27-thread-1] INFO  server.RaftServerConfigKeys (ConfUtils.java:logGet(43)) - raft.server.log.segment.size.max = 1048576 (custom)
2019-09-19 09:40:45,609 [pool-27-thread-1] INFO  server.RaftServerConfigKeys (ConfUtils.java:logGet(43)) - raft.server.log.preallocated.size = 16384 (custom)
2019-09-19 09:40:45,609 [pool-27-thread-1] INFO  server.RaftServerConfigKeys (ConfUtils.java:logGet(43)) - raft.server.log.write.buffer.size = 33554432 (custom)
2019-09-19 09:40:45,610 [pool-27-thread-1] INFO  server.RaftServerConfigKeys (ConfUtils.java:logGet(43)) - raft.server.log.force.sync.num = 128 (default)
2019-09-19 09:40:45,610 [pool-27-thread-1] INFO  server.RaftServerConfigKeys (ConfUtils.java:logGet(43)) - raft.server.log.statemachine.data.sync = true (default)
2019-09-19 09:40:45,610 [pool-27-thread-1] INFO  server.RaftServerConfigKeys (ConfUtils.java:logGet(43)) - raft.server.log.statemachine.data.sync.timeout = 10s (default)
2019-09-19 09:40:45,610 [pool-27-thread-1] INFO  server.RaftServerConfigKeys (ConfUtils.java:logGet(43)) - raft.server.log.statemachine.data.sync.timeout.retry = -1 (default)
2019-09-19 09:40:45,610 [pool-27-thread-1] INFO  server.RaftServerConfigKeys (ConfUtils.java:logGet(43)) - raft.server.log.statemachine.data.caching.enabled = true (custom)
2019-09-19 09:40:45,611 [pool-27-thread-1] INFO  segmented.SegmentedRaftLogWorker (SegmentedRaftLogWorker.java:lambda$new$0(132)) - 1bcbd64b-2199-49e1-86d3-4e4b64d88b4a-SegmentedRaftLogWorker:Storage Directory /workdir/hadoop-ozone/ozonefs/target/test-dir/MiniOzoneClusterImpl-21ed0f53-0413-44c7-8609-f438100532e5/datanode-0/data/ratis/419de2fe-f9d7-44d2-8452-fff2ffd1e556: flushIndex: setUnconditionally 0 -> -1
2019-09-19 09:40:45,611 [pool-27-thread-1] INFO  server.RaftServerConfigKeys (ConfUtils.java:logGet(43)) - raft.server.snapshot.auto.trigger.enabled = true (custom)
2019-09-19 09:40:45,611 [pool-27-thread-1] INFO  server.RaftServerConfigKeys (ConfUtils.java:logGet(43)) - raft.server.snapshot.auto.trigger.threshold = 10000 (custom)
2019-09-19 09:40:45,612 [pool-27-thread-1] INFO  server.RaftServerConfigKeys (ConfUtils.java:logGet(43)) - raft.server.retrycache.expirytime = 600000ms (custom)
2019-09-19 09:40:45,612 [pool-27-thread-1] INFO  impl.RaftServerImpl (RaftServerImpl.java:start(180)) - 1bcbd64b-2199-49e1-86d3-4e4b64d88b4a: start group-FFF2FFD1E556
2019-09-19 09:40:45,612 [pool-27-thread-1] INFO  impl.RaftServerImpl (RaftServerImpl.java:setRole(171)) - 1bcbd64b-2199-49e1-86d3-4e4b64d88b4a:group-FFF2FFD1E556 changes role from null to FOLLOWER at term 0 for startAsFollower
2019-09-19 09:40:45,612 [pool-27-thread-1] INFO  impl.RoleInfo (RoleInfo.java:updateAndGet(143)) - 1bcbd64b-2199-49e1-86d3-4e4b64d88b4a: start FollowerState
2019-09-19 09:40:45,613 [pool-27-thread-1] INFO  util.JmxRegister (JmxRegister.java:tryRegister(44)) - Successfully registered JMX Bean with object name Ratis:service=RaftServer,group=group-FFF2FFD1E556,id=1bcbd64b-2199-49e1-86d3-4e4b64d88b4a
2019-09-19 09:40:45,619 [RatisPipelineUtilsThread] INFO  pipeline.PipelineStateManager (PipelineStateManager.java:addPipeline(56)) - Created pipeline Pipeline[ Id: 419de2fe-f9d7-44d2-8452-fff2ffd1e556, Nodes: 1bcbd64b-2199-49e1-86d3-4e4b64d88b4a{ip: 192.168.34.5, host: pr-hdds-1569-j4bt4-3030777008, networkLocation: /default-rack, certSerialId: null}, Type:RATIS, Factor:ONE, State:OPEN]
2019-09-19 09:40:45,633 [grpc-default-executor-0] INFO  impl.RaftServerProxy (RaftServerProxy.java:addNew(89)) - 1cd79902-2a06-4a3f-8023-3eba64f51293: addNew group-D28124931AB6:[1cd79902-2a06-4a3f-8023-3eba64f51293:192.168.34.5:43611] returns group-D28124931AB6:java.util.concurrent.CompletableFuture@74ca9eef[Not completed]
2019-09-19 09:40:45,636 [pool-82-thread-1] INFO  impl.RaftServerImpl (RaftServerImpl.java:<init>(93)) - 1cd79902-2a06-4a3f-8023-3eba64f51293: new RaftServerImpl for group-D28124931AB6:[1cd79902-2a06-4a3f-8023-3eba64f51293:192.168.34.5:43611] with ContainerStateMachine:uninitialized
2019-09-19 09:40:45,636 [pool-82-thread-1] INFO  server.RaftServerConfigKeys (ConfUtils.java:logGet(43)) - raft.server.rpc.timeout.min = 5s (custom)
2019-09-19 09:40:45,636 [pool-82-thread-1] INFO  server.RaftServerConfigKeys (ConfUtils.java:logGet(43)) - raft.server.rpc.timeout.max = 5200ms (custom)
2019-09-19 09:40:45,637 [pool-82-thread-1] INFO  server.RaftServerConfigKeys (ConfUtils.java:logGet(43)) - raft.server.rpcslowness.timeout = 120s (custom)
2019-09-19 09:40:45,637 [pool-82-thread-1] INFO  server.RaftServerConfigKeys (ConfUtils.java:logGet(43)) - raft.server.sleep.deviation.threshold = 300 (default)
2019-09-19 09:40:45,637 [pool-82-thread-1] INFO  server.RaftServerConfigKeys (ConfUtils.java:logGet(43)) - raft.server.log.appender.install.snapshot.enabled = false (custom)
2019-09-19 09:40:45,637 [pool-82-thread-1] INFO  impl.RaftServerImpl (ServerState.java:<init>(105)) - 1cd79902-2a06-4a3f-8023-3eba64f51293:group-D28124931AB6 ConfigurationManager, init=-1: [1cd79902-2a06-4a3f-8023-3eba64f51293:192.168.34.5:43611], old=null, confs=<EMPTY_MAP>
2019-09-19 09:40:45,637 [pool-82-thread-1] INFO  server.RaftServerConfigKeys (ConfUtils.java:logGet(43)) - raft.server.storage.dir = [/workdir/hadoop-ozone/ozonefs/target/test-dir/MiniOzoneClusterImpl-21ed0f53-0413-44c7-8609-f438100532e5/datanode-5/data/ratis] (custom)
2019-09-19 09:40:45,638 [pool-82-thread-1] INFO  storage.RaftStorageDirectory (RaftStorageDirectory.java:analyzeStorage(246)) - The storage directory /workdir/hadoop-ozone/ozonefs/target/test-dir/MiniOzoneClusterImpl-21ed0f53-0413-44c7-8609-f438100532e5/datanode-5/data/ratis/a828a380-c8ed-4deb-969f-d28124931ab6 does not exist. Creating ...
2019-09-19 09:40:45,652 [pool-82-thread-1] INFO  storage.RaftStorageDirectory (RaftStorageDirectory.java:tryLock(328)) - Lock on /workdir/hadoop-ozone/ozonefs/target/test-dir/MiniOzoneClusterImpl-21ed0f53-0413-44c7-8609-f438100532e5/datanode-5/data/ratis/a828a380-c8ed-4deb-969f-d28124931ab6/in_use.lock acquired by nodename 23096@pr-hdds-1569-j4bt4-3030777008
2019-09-19 09:40:45,664 [pool-82-thread-1] INFO  storage.RaftStorage (RaftStorage.java:format(72)) - Storage directory /workdir/hadoop-ozone/ozonefs/target/test-dir/MiniOzoneClusterImpl-21ed0f53-0413-44c7-8609-f438100532e5/datanode-5/data/ratis/a828a380-c8ed-4deb-969f-d28124931ab6 has been successfully formatted.
2019-09-19 09:40:45,665 [pool-82-thread-1] INFO  ratis.ContainerStateMachine (ContainerStateMachine.java:loadSnapshot(226)) - group-D28124931AB6: The snapshot info is null. Setting the last applied indexto:(t:0, i:~)
2019-09-19 09:40:45,665 [pool-82-thread-1] INFO  server.RaftServerConfigKeys (ConfUtils.java:logGet(43)) - raft.server.leader.election.timeout = 120s (custom)
2019-09-19 09:40:45,665 [pool-82-thread-1] INFO  server.RaftServerConfigKeys (ConfUtils.java:logGet(43)) - raft.server.log.use.memory = false (default)
2019-09-19 09:40:45,665 [pool-82-thread-1] INFO  server.RaftServerConfigKeys (ConfUtils.java:logGet(43)) - raft.server.log.purge.gap = 1000000 (custom)
2019-09-19 09:40:45,666 [pool-82-thread-1] INFO  server.RaftServerConfigKeys (ConfUtils.java:logGet(43)) - raft.server.log.appender.buffer.byte-limit = 33554432 (custom)
2019-09-19 09:40:45,666 [pool-82-thread-1] INFO  server.RaftServerConfigKeys (ConfUtils.java:logGet(43)) - raft.server.log.segment.size.max = 1048576 (custom)
2019-09-19 09:40:45,666 [pool-82-thread-1] INFO  server.RaftServerConfigKeys (ConfUtils.java:logGet(43)) - raft.server.log.segment.cache.num.max = 2 (custom)
2019-09-19 09:40:45,666 [pool-82-thread-1] INFO  segmented.SegmentedRaftLogWorker (SegmentedRaftLogWorker.java:<init>(172)) - new 1cd79902-2a06-4a3f-8023-3eba64f51293-SegmentedRaftLogWorker:Storage Directory /workdir/hadoop-ozone/ozonefs/target/test-dir/MiniOzoneClusterImpl-21ed0f53-0413-44c7-8609-f438100532e5/datanode-5/data/ratis/a828a380-c8ed-4deb-969f-d28124931ab6 for RaftStorage:Storage Directory /workdir/hadoop-ozone/ozonefs/target/test-dir/MiniOzoneClusterImpl-21ed0f53-0413-44c7-8609-f438100532e5/datanode-5/data/ratis/a828a380-c8ed-4deb-969f-d28124931ab6
2019-09-19 09:40:45,666 [pool-82-thread-1] INFO  server.RaftServerConfigKeys (ConfUtils.java:logGet(43)) - raft.server.log.queue.byte-limit = 2147483647 (custom)
2019-09-19 09:40:45,667 [pool-82-thread-1] INFO  server.RaftServerConfigKeys (ConfUtils.java:logGet(43)) - raft.server.log.queue.element-limit = 1024 (custom)
2019-09-19 09:40:45,667 [pool-82-thread-1] INFO  server.RaftServerConfigKeys (ConfUtils.java:logGet(43)) - raft.server.log.segment.size.max = 1048576 (custom)
2019-09-19 09:40:45,667 [pool-82-thread-1] INFO  server.RaftServerConfigKeys (ConfUtils.java:logGet(43)) - raft.server.log.preallocated.size = 16384 (custom)
2019-09-19 09:40:45,667 [pool-82-thread-1] INFO  server.RaftServerConfigKeys (ConfUtils.java:logGet(43)) - raft.server.log.write.buffer.size = 33554432 (custom)
2019-09-19 09:40:45,668 [pool-82-thread-1] INFO  server.RaftServerConfigKeys (ConfUtils.java:logGet(43)) - raft.server.log.force.sync.num = 128 (default)
2019-09-19 09:40:45,668 [pool-82-thread-1] INFO  server.RaftServerConfigKeys (ConfUtils.java:logGet(43)) - raft.server.log.statemachine.data.sync = true (default)
2019-09-19 09:40:45,668 [pool-82-thread-1] INFO  server.RaftServerConfigKeys (ConfUtils.java:logGet(43)) - raft.server.log.statemachine.data.sync.timeout = 10s (default)
2019-09-19 09:40:45,668 [pool-82-thread-1] INFO  server.RaftServerConfigKeys (ConfUtils.java:logGet(43)) - raft.server.log.statemachine.data.sync.timeout.retry = -1 (default)
2019-09-19 09:40:45,668 [pool-82-thread-1] INFO  server.RaftServerConfigKeys (ConfUtils.java:logGet(43)) - raft.server.log.statemachine.data.caching.enabled = true (custom)
2019-09-19 09:40:45,669 [pool-82-thread-1] INFO  segmented.SegmentedRaftLogWorker (SegmentedRaftLogWorker.java:lambda$new$0(132)) - 1cd79902-2a06-4a3f-8023-3eba64f51293-SegmentedRaftLogWorker:Storage Directory /workdir/hadoop-ozone/ozonefs/target/test-dir/MiniOzoneClusterImpl-21ed0f53-0413-44c7-8609-f438100532e5/datanode-5/data/ratis/a828a380-c8ed-4deb-969f-d28124931ab6: flushIndex: setUnconditionally 0 -> -1
2019-09-19 09:40:45,669 [pool-82-thread-1] INFO  server.RaftServerConfigKeys (ConfUtils.java:logGet(43)) - raft.server.snapshot.auto.trigger.enabled = true (custom)
2019-09-19 09:40:45,669 [pool-82-thread-1] INFO  server.RaftServerConfigKeys (ConfUtils.java:logGet(43)) - raft.server.snapshot.auto.trigger.threshold = 10000 (custom)
2019-09-19 09:40:45,670 [pool-82-thread-1] INFO  server.RaftServerConfigKeys (ConfUtils.java:logGet(43)) - raft.server.retrycache.expirytime = 600000ms (custom)
2019-09-19 09:40:45,670 [pool-82-thread-1] INFO  impl.RaftServerImpl (RaftServerImpl.java:start(180)) - 1cd79902-2a06-4a3f-8023-3eba64f51293: start group-D28124931AB6
2019-09-19 09:40:45,670 [pool-82-thread-1] INFO  impl.RaftServerImpl (RaftServerImpl.java:setRole(171)) - 1cd79902-2a06-4a3f-8023-3eba64f51293:group-D28124931AB6 changes role from null to FOLLOWER at term 0 for startAsFollower
2019-09-19 09:40:45,670 [pool-82-thread-1] INFO  impl.RoleInfo (RoleInfo.java:updateAndGet(143)) - 1cd79902-2a06-4a3f-8023-3eba64f51293: start FollowerState
2019-09-19 09:40:45,671 [pool-82-thread-1] INFO  util.JmxRegister (JmxRegister.java:tryRegister(44)) - Successfully registered JMX Bean with object name Ratis:service=RaftServer,group=group-D28124931AB6,id=1cd79902-2a06-4a3f-8023-3eba64f51293
2019-09-19 09:40:45,679 [RatisPipelineUtilsThread] INFO  pipeline.PipelineStateManager (PipelineStateManager.java:addPipeline(56)) - Created pipeline Pipeline[ Id: a828a380-c8ed-4deb-969f-d28124931ab6, Nodes: 1cd79902-2a06-4a3f-8023-3eba64f51293{ip: 192.168.34.5, host: pr-hdds-1569-j4bt4-3030777008, networkLocation: /default-rack, certSerialId: null}, Type:RATIS, Factor:ONE, State:OPEN]
2019-09-19 09:40:45,695 [grpc-default-executor-0] INFO  impl.RaftServerProxy (RaftServerProxy.java:addNew(89)) - 1cd79902-2a06-4a3f-8023-3eba64f51293: addNew group-FB1B83837F3D:[1cd79902-2a06-4a3f-8023-3eba64f51293:192.168.34.5:43611] returns group-FB1B83837F3D:java.util.concurrent.CompletableFuture@37026c73[Not completed]
2019-09-19 09:40:45,697 [pool-82-thread-1] INFO  impl.RaftServerImpl (RaftServerImpl.java:<init>(93)) - 1cd79902-2a06-4a3f-8023-3eba64f51293: new RaftServerImpl for group-FB1B83837F3D:[1cd79902-2a06-4a3f-8023-3eba64f51293:192.168.34.5:43611] with ContainerStateMachine:uninitialized
2019-09-19 09:40:45,698 [pool-82-thread-1] INFO  server.RaftServerConfigKeys (ConfUtils.java:logGet(43)) - raft.server.rpc.timeout.min = 5s (custom)
2019-09-19 09:40:45,698 [pool-82-thread-1] INFO  server.RaftServerConfigKeys (ConfUtils.java:logGet(43)) - raft.server.rpc.timeout.max = 5200ms (custom)
2019-09-19 09:40:45,698 [pool-82-thread-1] INFO  server.RaftServerConfigKeys (ConfUtils.java:logGet(43)) - raft.server.rpcslowness.timeout = 120s (custom)
2019-09-19 09:40:45,698 [pool-82-thread-1] INFO  server.RaftServerConfigKeys (ConfUtils.java:logGet(43)) - raft.server.sleep.deviation.threshold = 300 (default)
2019-09-19 09:40:45,699 [pool-82-thread-1] INFO  server.RaftServerConfigKeys (ConfUtils.java:logGet(43)) - raft.server.log.appender.install.snapshot.enabled = false (custom)
2019-09-19 09:40:45,699 [pool-82-thread-1] INFO  impl.RaftServerImpl (ServerState.java:<init>(105)) - 1cd79902-2a06-4a3f-8023-3eba64f51293:group-FB1B83837F3D ConfigurationManager, init=-1: [1cd79902-2a06-4a3f-8023-3eba64f51293:192.168.34.5:43611], old=null, confs=<EMPTY_MAP>
2019-09-19 09:40:45,699 [pool-82-thread-1] INFO  server.RaftServerConfigKeys (ConfUtils.java:logGet(43)) - raft.server.storage.dir = [/workdir/hadoop-ozone/ozonefs/target/test-dir/MiniOzoneClusterImpl-21ed0f53-0413-44c7-8609-f438100532e5/datanode-5/data/ratis] (custom)
2019-09-19 09:40:45,700 [pool-82-thread-1] INFO  storage.RaftStorageDirectory (RaftStorageDirectory.java:analyzeStorage(246)) - The storage directory /workdir/hadoop-ozone/ozonefs/target/test-dir/MiniOzoneClusterImpl-21ed0f53-0413-44c7-8609-f438100532e5/datanode-5/data/ratis/0122f73f-b3c5-4c79-9fc2-fb1b83837f3d does not exist. Creating ...
2019-09-19 09:40:45,712 [pool-82-thread-1] INFO  storage.RaftStorageDirectory (RaftStorageDirectory.java:tryLock(328)) - Lock on /workdir/hadoop-ozone/ozonefs/target/test-dir/MiniOzoneClusterImpl-21ed0f53-0413-44c7-8609-f438100532e5/datanode-5/data/ratis/0122f73f-b3c5-4c79-9fc2-fb1b83837f3d/in_use.lock acquired by nodename 23096@pr-hdds-1569-j4bt4-3030777008
2019-09-19 09:40:45,725 [pool-82-thread-1] INFO  storage.RaftStorage (RaftStorage.java:format(72)) - Storage directory /workdir/hadoop-ozone/ozonefs/target/test-dir/MiniOzoneClusterImpl-21ed0f53-0413-44c7-8609-f438100532e5/datanode-5/data/ratis/0122f73f-b3c5-4c79-9fc2-fb1b83837f3d has been successfully formatted.
2019-09-19 09:40:45,725 [pool-82-thread-1] INFO  ratis.ContainerStateMachine (ContainerStateMachine.java:loadSnapshot(226)) - group-FB1B83837F3D: The snapshot info is null. Setting the last applied indexto:(t:0, i:~)
2019-09-19 09:40:45,725 [pool-82-thread-1] INFO  server.RaftServerConfigKeys (ConfUtils.java:logGet(43)) - raft.server.leader.election.timeout = 120s (custom)
2019-09-19 09:40:45,725 [pool-82-thread-1] INFO  server.RaftServerConfigKeys (ConfUtils.java:logGet(43)) - raft.server.log.use.memory = false (default)
2019-09-19 09:40:45,726 [pool-82-thread-1] INFO  server.RaftServerConfigKeys (ConfUtils.java:logGet(43)) - raft.server.log.purge.gap = 1000000 (custom)
2019-09-19 09:40:45,726 [pool-82-thread-1] INFO  server.RaftServerConfigKeys (ConfUtils.java:logGet(43)) - raft.server.log.appender.buffer.byte-limit = 33554432 (custom)
2019-09-19 09:40:45,726 [pool-82-thread-1] INFO  server.RaftServerConfigKeys (ConfUtils.java:logGet(43)) - raft.server.log.segment.size.max = 1048576 (custom)
2019-09-19 09:40:45,726 [pool-82-thread-1] INFO  server.RaftServerConfigKeys (ConfUtils.java:logGet(43)) - raft.server.log.segment.cache.num.max = 2 (custom)
2019-09-19 09:40:45,726 [pool-82-thread-1] INFO  segmented.SegmentedRaftLogWorker (SegmentedRaftLogWorker.java:<init>(172)) - new 1cd79902-2a06-4a3f-8023-3eba64f51293-SegmentedRaftLogWorker:Storage Directory /workdir/hadoop-ozone/ozonefs/target/test-dir/MiniOzoneClusterImpl-21ed0f53-0413-44c7-8609-f438100532e5/datanode-5/data/ratis/0122f73f-b3c5-4c79-9fc2-fb1b83837f3d for RaftStorage:Storage Directory /workdir/hadoop-ozone/ozonefs/target/test-dir/MiniOzoneClusterImpl-21ed0f53-0413-44c7-8609-f438100532e5/datanode-5/data/ratis/0122f73f-b3c5-4c79-9fc2-fb1b83837f3d
2019-09-19 09:40:45,726 [pool-82-thread-1] INFO  server.RaftServerConfigKeys (ConfUtils.java:logGet(43)) - raft.server.log.queue.byte-limit = 2147483647 (custom)
2019-09-19 09:40:45,726 [pool-82-thread-1] INFO  server.RaftServerConfigKeys (ConfUtils.java:logGet(43)) - raft.server.log.queue.element-limit = 1024 (custom)
2019-09-19 09:40:45,727 [pool-82-thread-1] INFO  server.RaftServerConfigKeys (ConfUtils.java:logGet(43)) - raft.server.log.segment.size.max = 1048576 (custom)
2019-09-19 09:40:45,727 [pool-82-thread-1] INFO  server.RaftServerConfigKeys (ConfUtils.java:logGet(43)) - raft.server.log.preallocated.size = 16384 (custom)
2019-09-19 09:40:45,727 [pool-82-thread-1] INFO  server.RaftServerConfigKeys (ConfUtils.java:logGet(43)) - raft.server.log.write.buffer.size = 33554432 (custom)
2019-09-19 09:40:45,727 [pool-82-thread-1] INFO  server.RaftServerConfigKeys (ConfUtils.java:logGet(43)) - raft.server.log.force.sync.num = 128 (default)
2019-09-19 09:40:45,727 [pool-82-thread-1] INFO  server.RaftServerConfigKeys (ConfUtils.java:logGet(43)) - raft.server.log.statemachine.data.sync = true (default)
2019-09-19 09:40:45,727 [pool-82-thread-1] INFO  server.RaftServerConfigKeys (ConfUtils.java:logGet(43)) - raft.server.log.statemachine.data.sync.timeout = 10s (default)
2019-09-19 09:40:45,728 [pool-82-thread-1] INFO  server.RaftServerConfigKeys (ConfUtils.java:logGet(43)) - raft.server.log.statemachine.data.sync.timeout.retry = -1 (default)
2019-09-19 09:40:45,728 [pool-82-thread-1] INFO  server.RaftServerConfigKeys (ConfUtils.java:logGet(43)) - raft.server.log.statemachine.data.caching.enabled = true (custom)
2019-09-19 09:40:45,728 [pool-82-thread-1] INFO  segmented.SegmentedRaftLogWorker (SegmentedRaftLogWorker.java:lambda$new$0(132)) - 1cd79902-2a06-4a3f-8023-3eba64f51293-SegmentedRaftLogWorker:Storage Directory /workdir/hadoop-ozone/ozonefs/target/test-dir/MiniOzoneClusterImpl-21ed0f53-0413-44c7-8609-f438100532e5/datanode-5/data/ratis/0122f73f-b3c5-4c79-9fc2-fb1b83837f3d: flushIndex: setUnconditionally 0 -> -1
2019-09-19 09:40:45,728 [pool-82-thread-1] INFO  server.RaftServerConfigKeys (ConfUtils.java:logGet(43)) - raft.server.snapshot.auto.trigger.enabled = true (custom)
2019-09-19 09:40:45,729 [pool-82-thread-1] INFO  server.RaftServerConfigKeys (ConfUtils.java:logGet(43)) - raft.server.snapshot.auto.trigger.threshold = 10000 (custom)
2019-09-19 09:40:45,729 [pool-82-thread-1] INFO  server.RaftServerConfigKeys (ConfUtils.java:logGet(43)) - raft.server.retrycache.expirytime = 600000ms (custom)
2019-09-19 09:40:45,729 [pool-82-thread-1] INFO  impl.RaftServerImpl (RaftServerImpl.java:start(180)) - 1cd79902-2a06-4a3f-8023-3eba64f51293: start group-FB1B83837F3D
2019-09-19 09:40:45,729 [pool-82-thread-1] INFO  impl.RaftServerImpl (RaftServerImpl.java:setRole(171)) - 1cd79902-2a06-4a3f-8023-3eba64f51293:group-FB1B83837F3D changes role from null to FOLLOWER at term 0 for startAsFollower
2019-09-19 09:40:45,729 [pool-82-thread-1] INFO  impl.RoleInfo (RoleInfo.java:updateAndGet(143)) - 1cd79902-2a06-4a3f-8023-3eba64f51293: start FollowerState
2019-09-19 09:40:45,730 [pool-82-thread-1] INFO  util.JmxRegister (JmxRegister.java:tryRegister(44)) - Successfully registered JMX Bean with object name Ratis:service=RaftServer,group=group-FB1B83837F3D,id=1cd79902-2a06-4a3f-8023-3eba64f51293
2019-09-19 09:40:45,742 | INFO  | SCMAudit | user=jenkins1000 | ip=192.168.34.5 | op=SEND_HEARTBEAT {datanodeUUID=90577c55-fd31-444d-84bd-73a3c37bc268, command=[]} | ret=SUCCESS |  
2019-09-19 09:40:45,742 [RatisPipelineUtilsThread] INFO  pipeline.PipelineStateManager (PipelineStateManager.java:addPipeline(56)) - Created pipeline Pipeline[ Id: 0122f73f-b3c5-4c79-9fc2-fb1b83837f3d, Nodes: 1cd79902-2a06-4a3f-8023-3eba64f51293{ip: 192.168.34.5, host: pr-hdds-1569-j4bt4-3030777008, networkLocation: /default-rack, certSerialId: null}, Type:RATIS, Factor:ONE, State:OPEN]
2019-09-19 09:40:45,757 [grpc-default-executor-0] INFO  impl.RaftServerProxy (RaftServerProxy.java:addNew(89)) - 28f77823-de9e-44cc-bd18-5b415144a5bf: addNew group-40603D416199:[28f77823-de9e-44cc-bd18-5b415144a5bf:192.168.34.5:41344] returns group-40603D416199:java.util.concurrent.CompletableFuture@66cc51d4[Not completed]
2019-09-19 09:40:45,758 [pool-38-thread-1] INFO  impl.RaftServerImpl (RaftServerImpl.java:<init>(93)) - 28f77823-de9e-44cc-bd18-5b415144a5bf: new RaftServerImpl for group-40603D416199:[28f77823-de9e-44cc-bd18-5b415144a5bf:192.168.34.5:41344] with ContainerStateMachine:uninitialized
2019-09-19 09:40:45,758 [pool-38-thread-1] INFO  server.RaftServerConfigKeys (ConfUtils.java:logGet(43)) - raft.server.rpc.timeout.min = 5s (custom)
2019-09-19 09:40:45,758 [pool-38-thread-1] INFO  server.RaftServerConfigKeys (ConfUtils.java:logGet(43)) - raft.server.rpc.timeout.max = 5200ms (custom)
2019-09-19 09:40:45,759 [pool-38-thread-1] INFO  server.RaftServerConfigKeys (ConfUtils.java:logGet(43)) - raft.server.rpcslowness.timeout = 120s (custom)
2019-09-19 09:40:45,759 [pool-38-thread-1] INFO  server.RaftServerConfigKeys (ConfUtils.java:logGet(43)) - raft.server.sleep.deviation.threshold = 300 (default)
2019-09-19 09:40:45,759 [pool-38-thread-1] INFO  server.RaftServerConfigKeys (ConfUtils.java:logGet(43)) - raft.server.log.appender.install.snapshot.enabled = false (custom)
2019-09-19 09:40:45,759 [pool-38-thread-1] INFO  impl.RaftServerImpl (ServerState.java:<init>(105)) - 28f77823-de9e-44cc-bd18-5b415144a5bf:group-40603D416199 ConfigurationManager, init=-1: [28f77823-de9e-44cc-bd18-5b415144a5bf:192.168.34.5:41344], old=null, confs=<EMPTY_MAP>
2019-09-19 09:40:45,759 [pool-38-thread-1] INFO  server.RaftServerConfigKeys (ConfUtils.java:logGet(43)) - raft.server.storage.dir = [/workdir/hadoop-ozone/ozonefs/target/test-dir/MiniOzoneClusterImpl-21ed0f53-0413-44c7-8609-f438100532e5/datanode-1/data/ratis] (custom)
2019-09-19 09:40:45,759 [pool-38-thread-1] INFO  storage.RaftStorageDirectory (RaftStorageDirectory.java:analyzeStorage(246)) - The storage directory /workdir/hadoop-ozone/ozonefs/target/test-dir/MiniOzoneClusterImpl-21ed0f53-0413-44c7-8609-f438100532e5/datanode-1/data/ratis/460ae9a8-3f81-42a7-a75e-40603d416199 does not exist. Creating ...
2019-09-19 09:40:45,772 [pool-38-thread-1] INFO  storage.RaftStorageDirectory (RaftStorageDirectory.java:tryLock(328)) - Lock on /workdir/hadoop-ozone/ozonefs/target/test-dir/MiniOzoneClusterImpl-21ed0f53-0413-44c7-8609-f438100532e5/datanode-1/data/ratis/460ae9a8-3f81-42a7-a75e-40603d416199/in_use.lock acquired by nodename 23096@pr-hdds-1569-j4bt4-3030777008
2019-09-19 09:40:45,784 [pool-38-thread-1] INFO  storage.RaftStorage (RaftStorage.java:format(72)) - Storage directory /workdir/hadoop-ozone/ozonefs/target/test-dir/MiniOzoneClusterImpl-21ed0f53-0413-44c7-8609-f438100532e5/datanode-1/data/ratis/460ae9a8-3f81-42a7-a75e-40603d416199 has been successfully formatted.
2019-09-19 09:40:45,785 [pool-38-thread-1] INFO  ratis.ContainerStateMachine (ContainerStateMachine.java:loadSnapshot(226)) - group-40603D416199: The snapshot info is null. Setting the last applied indexto:(t:0, i:~)
2019-09-19 09:40:45,785 [pool-38-thread-1] INFO  server.RaftServerConfigKeys (ConfUtils.java:logGet(43)) - raft.server.leader.election.timeout = 120s (custom)
2019-09-19 09:40:45,785 [pool-38-thread-1] INFO  server.RaftServerConfigKeys (ConfUtils.java:logGet(43)) - raft.server.log.use.memory = false (default)
2019-09-19 09:40:45,785 [pool-38-thread-1] INFO  server.RaftServerConfigKeys (ConfUtils.java:logGet(43)) - raft.server.log.purge.gap = 1000000 (custom)
2019-09-19 09:40:45,785 [pool-38-thread-1] INFO  server.RaftServerConfigKeys (ConfUtils.java:logGet(43)) - raft.server.log.appender.buffer.byte-limit = 33554432 (custom)
2019-09-19 09:40:45,785 [pool-38-thread-1] INFO  server.RaftServerConfigKeys (ConfUtils.java:logGet(43)) - raft.server.log.segment.size.max = 1048576 (custom)
2019-09-19 09:40:45,785 [pool-38-thread-1] INFO  server.RaftServerConfigKeys (ConfUtils.java:logGet(43)) - raft.server.log.segment.cache.num.max = 2 (custom)
2019-09-19 09:40:45,785 [pool-38-thread-1] INFO  segmented.SegmentedRaftLogWorker (SegmentedRaftLogWorker.java:<init>(172)) - new 28f77823-de9e-44cc-bd18-5b415144a5bf-SegmentedRaftLogWorker:Storage Directory /workdir/hadoop-ozone/ozonefs/target/test-dir/MiniOzoneClusterImpl-21ed0f53-0413-44c7-8609-f438100532e5/datanode-1/data/ratis/460ae9a8-3f81-42a7-a75e-40603d416199 for RaftStorage:Storage Directory /workdir/hadoop-ozone/ozonefs/target/test-dir/MiniOzoneClusterImpl-21ed0f53-0413-44c7-8609-f438100532e5/datanode-1/data/ratis/460ae9a8-3f81-42a7-a75e-40603d416199
2019-09-19 09:40:45,786 [pool-38-thread-1] INFO  server.RaftServerConfigKeys (ConfUtils.java:logGet(43)) - raft.server.log.queue.byte-limit = 2147483647 (custom)
2019-09-19 09:40:45,786 [pool-38-thread-1] INFO  server.RaftServerConfigKeys (ConfUtils.java:logGet(43)) - raft.server.log.queue.element-limit = 1024 (custom)
2019-09-19 09:40:45,786 [pool-38-thread-1] INFO  server.RaftServerConfigKeys (ConfUtils.java:logGet(43)) - raft.server.log.segment.size.max = 1048576 (custom)
2019-09-19 09:40:45,786 [pool-38-thread-1] INFO  server.RaftServerConfigKeys (ConfUtils.java:logGet(43)) - raft.server.log.preallocated.size = 16384 (custom)
2019-09-19 09:40:45,786 [pool-38-thread-1] INFO  server.RaftServerConfigKeys (ConfUtils.java:logGet(43)) - raft.server.log.write.buffer.size = 33554432 (custom)
2019-09-19 09:40:45,786 [pool-38-thread-1] INFO  server.RaftServerConfigKeys (ConfUtils.java:logGet(43)) - raft.server.log.force.sync.num = 128 (default)
2019-09-19 09:40:45,786 [pool-38-thread-1] INFO  server.RaftServerConfigKeys (ConfUtils.java:logGet(43)) - raft.server.log.statemachine.data.sync = true (default)
2019-09-19 09:40:45,786 [pool-38-thread-1] INFO  server.RaftServerConfigKeys (ConfUtils.java:logGet(43)) - raft.server.log.statemachine.data.sync.timeout = 10s (default)
2019-09-19 09:40:45,786 [pool-38-thread-1] INFO  server.RaftServerConfigKeys (ConfUtils.java:logGet(43)) - raft.server.log.statemachine.data.sync.timeout.retry = -1 (default)
2019-09-19 09:40:45,787 [pool-38-thread-1] INFO  server.RaftServerConfigKeys (ConfUtils.java:logGet(43)) - raft.server.log.statemachine.data.caching.enabled = true (custom)
2019-09-19 09:40:45,787 [pool-38-thread-1] INFO  segmented.SegmentedRaftLogWorker (SegmentedRaftLogWorker.java:lambda$new$0(132)) - 28f77823-de9e-44cc-bd18-5b415144a5bf-SegmentedRaftLogWorker:Storage Directory /workdir/hadoop-ozone/ozonefs/target/test-dir/MiniOzoneClusterImpl-21ed0f53-0413-44c7-8609-f438100532e5/datanode-1/data/ratis/460ae9a8-3f81-42a7-a75e-40603d416199: flushIndex: setUnconditionally 0 -> -1
2019-09-19 09:40:45,787 [pool-38-thread-1] INFO  server.RaftServerConfigKeys (ConfUtils.java:logGet(43)) - raft.server.snapshot.auto.trigger.enabled = true (custom)
2019-09-19 09:40:45,787 [pool-38-thread-1] INFO  server.RaftServerConfigKeys (ConfUtils.java:logGet(43)) - raft.server.snapshot.auto.trigger.threshold = 10000 (custom)
2019-09-19 09:40:45,787 [pool-38-thread-1] INFO  server.RaftServerConfigKeys (ConfUtils.java:logGet(43)) - raft.server.retrycache.expirytime = 600000ms (custom)
2019-09-19 09:40:45,788 [pool-38-thread-1] INFO  impl.RaftServerImpl (RaftServerImpl.java:start(180)) - 28f77823-de9e-44cc-bd18-5b415144a5bf: start group-40603D416199
2019-09-19 09:40:45,788 [pool-38-thread-1] INFO  impl.RaftServerImpl (RaftServerImpl.java:setRole(171)) - 28f77823-de9e-44cc-bd18-5b415144a5bf:group-40603D416199 changes role from null to FOLLOWER at term 0 for startAsFollower
2019-09-19 09:40:45,788 [pool-38-thread-1] INFO  impl.RoleInfo (RoleInfo.java:updateAndGet(143)) - 28f77823-de9e-44cc-bd18-5b415144a5bf: start FollowerState
2019-09-19 09:40:45,788 [pool-38-thread-1] INFO  util.JmxRegister (JmxRegister.java:tryRegister(44)) - Successfully registered JMX Bean with object name Ratis:service=RaftServer,group=group-40603D416199,id=28f77823-de9e-44cc-bd18-5b415144a5bf
2019-09-19 09:40:45,795 [RatisPipelineUtilsThread] INFO  pipeline.PipelineStateManager (PipelineStateManager.java:addPipeline(56)) - Created pipeline Pipeline[ Id: 460ae9a8-3f81-42a7-a75e-40603d416199, Nodes: 28f77823-de9e-44cc-bd18-5b415144a5bf{ip: 192.168.34.5, host: pr-hdds-1569-j4bt4-3030777008, networkLocation: /default-rack, certSerialId: null}, Type:RATIS, Factor:ONE, State:OPEN]
2019-09-19 09:40:45,809 [grpc-default-executor-0] INFO  impl.RaftServerProxy (RaftServerProxy.java:addNew(89)) - 7076406d-aee0-4126-8bab-f0c87a3fcebd: addNew group-19810D115B79:[7076406d-aee0-4126-8bab-f0c87a3fcebd:192.168.34.5:33583] returns group-19810D115B79:java.util.concurrent.CompletableFuture@339cf788[Not completed]
2019-09-19 09:40:45,812 [pool-104-thread-1] INFO  impl.RaftServerImpl (RaftServerImpl.java:<init>(93)) - 7076406d-aee0-4126-8bab-f0c87a3fcebd: new RaftServerImpl for group-19810D115B79:[7076406d-aee0-4126-8bab-f0c87a3fcebd:192.168.34.5:33583] with ContainerStateMachine:uninitialized
2019-09-19 09:40:45,812 [pool-104-thread-1] INFO  server.RaftServerConfigKeys (ConfUtils.java:logGet(43)) - raft.server.rpc.timeout.min = 5s (custom)
2019-09-19 09:40:45,812 [pool-104-thread-1] INFO  server.RaftServerConfigKeys (ConfUtils.java:logGet(43)) - raft.server.rpc.timeout.max = 5200ms (custom)
2019-09-19 09:40:45,812 [pool-104-thread-1] INFO  server.RaftServerConfigKeys (ConfUtils.java:logGet(43)) - raft.server.rpcslowness.timeout = 120s (custom)
2019-09-19 09:40:45,813 [pool-104-thread-1] INFO  server.RaftServerConfigKeys (ConfUtils.java:logGet(43)) - raft.server.sleep.deviation.threshold = 300 (default)
2019-09-19 09:40:45,813 [pool-104-thread-1] INFO  server.RaftServerConfigKeys (ConfUtils.java:logGet(43)) - raft.server.log.appender.install.snapshot.enabled = false (custom)
2019-09-19 09:40:45,813 [pool-104-thread-1] INFO  impl.RaftServerImpl (ServerState.java:<init>(105)) - 7076406d-aee0-4126-8bab-f0c87a3fcebd:group-19810D115B79 ConfigurationManager, init=-1: [7076406d-aee0-4126-8bab-f0c87a3fcebd:192.168.34.5:33583], old=null, confs=<EMPTY_MAP>
2019-09-19 09:40:45,813 [pool-104-thread-1] INFO  server.RaftServerConfigKeys (ConfUtils.java:logGet(43)) - raft.server.storage.dir = [/workdir/hadoop-ozone/ozonefs/target/test-dir/MiniOzoneClusterImpl-21ed0f53-0413-44c7-8609-f438100532e5/datanode-7/data/ratis] (custom)
2019-09-19 09:40:45,814 [pool-104-thread-1] INFO  storage.RaftStorageDirectory (RaftStorageDirectory.java:analyzeStorage(246)) - The storage directory /workdir/hadoop-ozone/ozonefs/target/test-dir/MiniOzoneClusterImpl-21ed0f53-0413-44c7-8609-f438100532e5/datanode-7/data/ratis/fdc798e3-e72e-46f8-92b3-19810d115b79 does not exist. Creating ...
2019-09-19 09:40:45,826 [pool-104-thread-1] INFO  storage.RaftStorageDirectory (RaftStorageDirectory.java:tryLock(328)) - Lock on /workdir/hadoop-ozone/ozonefs/target/test-dir/MiniOzoneClusterImpl-21ed0f53-0413-44c7-8609-f438100532e5/datanode-7/data/ratis/fdc798e3-e72e-46f8-92b3-19810d115b79/in_use.lock acquired by nodename 23096@pr-hdds-1569-j4bt4-3030777008
2019-09-19 09:40:45,827 | INFO  | SCMAudit | user=jenkins1000 | ip=192.168.34.5 | op=SEND_HEARTBEAT {datanodeUUID=bb9d252a-546d-48b3-aabe-52964da86e48, command=[]} | ret=SUCCESS |  
2019-09-19 09:40:45,847 [pool-104-thread-1] INFO  storage.RaftStorage (RaftStorage.java:format(72)) - Storage directory /workdir/hadoop-ozone/ozonefs/target/test-dir/MiniOzoneClusterImpl-21ed0f53-0413-44c7-8609-f438100532e5/datanode-7/data/ratis/fdc798e3-e72e-46f8-92b3-19810d115b79 has been successfully formatted.
2019-09-19 09:40:45,847 [pool-104-thread-1] INFO  ratis.ContainerStateMachine (ContainerStateMachine.java:loadSnapshot(226)) - group-19810D115B79: The snapshot info is null. Setting the last applied indexto:(t:0, i:~)
2019-09-19 09:40:45,848 [pool-104-thread-1] INFO  server.RaftServerConfigKeys (ConfUtils.java:logGet(43)) - raft.server.leader.election.timeout = 120s (custom)
2019-09-19 09:40:45,848 [pool-104-thread-1] INFO  server.RaftServerConfigKeys (ConfUtils.java:logGet(43)) - raft.server.log.use.memory = false (default)
2019-09-19 09:40:45,848 [pool-104-thread-1] INFO  server.RaftServerConfigKeys (ConfUtils.java:logGet(43)) - raft.server.log.purge.gap = 1000000 (custom)
2019-09-19 09:40:45,848 [pool-104-thread-1] INFO  server.RaftServerConfigKeys (ConfUtils.java:logGet(43)) - raft.server.log.appender.buffer.byte-limit = 33554432 (custom)
2019-09-19 09:40:45,849 [pool-104-thread-1] INFO  server.RaftServerConfigKeys (ConfUtils.java:logGet(43)) - raft.server.log.segment.size.max = 1048576 (custom)
2019-09-19 09:40:45,849 [pool-104-thread-1] INFO  server.RaftServerConfigKeys (ConfUtils.java:logGet(43)) - raft.server.log.segment.cache.num.max = 2 (custom)
2019-09-19 09:40:45,849 [pool-104-thread-1] INFO  segmented.SegmentedRaftLogWorker (SegmentedRaftLogWorker.java:<init>(172)) - new 7076406d-aee0-4126-8bab-f0c87a3fcebd-SegmentedRaftLogWorker:Storage Directory /workdir/hadoop-ozone/ozonefs/target/test-dir/MiniOzoneClusterImpl-21ed0f53-0413-44c7-8609-f438100532e5/datanode-7/data/ratis/fdc798e3-e72e-46f8-92b3-19810d115b79 for RaftStorage:Storage Directory /workdir/hadoop-ozone/ozonefs/target/test-dir/MiniOzoneClusterImpl-21ed0f53-0413-44c7-8609-f438100532e5/datanode-7/data/ratis/fdc798e3-e72e-46f8-92b3-19810d115b79
2019-09-19 09:40:45,849 [pool-104-thread-1] INFO  server.RaftServerConfigKeys (ConfUtils.java:logGet(43)) - raft.server.log.queue.byte-limit = 2147483647 (custom)
2019-09-19 09:40:45,849 [pool-104-thread-1] INFO  server.RaftServerConfigKeys (ConfUtils.java:logGet(43)) - raft.server.log.queue.element-limit = 1024 (custom)
2019-09-19 09:40:45,850 [pool-104-thread-1] INFO  server.RaftServerConfigKeys (ConfUtils.java:logGet(43)) - raft.server.log.segment.size.max = 1048576 (custom)
2019-09-19 09:40:45,850 [pool-104-thread-1] INFO  server.RaftServerConfigKeys (ConfUtils.java:logGet(43)) - raft.server.log.preallocated.size = 16384 (custom)
2019-09-19 09:40:45,850 [pool-104-thread-1] INFO  server.RaftServerConfigKeys (ConfUtils.java:logGet(43)) - raft.server.log.write.buffer.size = 33554432 (custom)
2019-09-19 09:40:45,850 [pool-104-thread-1] INFO  server.RaftServerConfigKeys (ConfUtils.java:logGet(43)) - raft.server.log.force.sync.num = 128 (default)
2019-09-19 09:40:45,850 [pool-104-thread-1] INFO  server.RaftServerConfigKeys (ConfUtils.java:logGet(43)) - raft.server.log.statemachine.data.sync = true (default)
2019-09-19 09:40:45,851 [pool-104-thread-1] INFO  server.RaftServerConfigKeys (ConfUtils.java:logGet(43)) - raft.server.log.statemachine.data.sync.timeout = 10s (default)
2019-09-19 09:40:45,851 [pool-104-thread-1] INFO  server.RaftServerConfigKeys (ConfUtils.java:logGet(43)) - raft.server.log.statemachine.data.sync.timeout.retry = -1 (default)
2019-09-19 09:40:45,851 [pool-104-thread-1] INFO  server.RaftServerConfigKeys (ConfUtils.java:logGet(43)) - raft.server.log.statemachine.data.caching.enabled = true (custom)
2019-09-19 09:40:45,851 [pool-104-thread-1] INFO  segmented.SegmentedRaftLogWorker (SegmentedRaftLogWorker.java:lambda$new$0(132)) - 7076406d-aee0-4126-8bab-f0c87a3fcebd-SegmentedRaftLogWorker:Storage Directory /workdir/hadoop-ozone/ozonefs/target/test-dir/MiniOzoneClusterImpl-21ed0f53-0413-44c7-8609-f438100532e5/datanode-7/data/ratis/fdc798e3-e72e-46f8-92b3-19810d115b79: flushIndex: setUnconditionally 0 -> -1
2019-09-19 09:40:45,852 [pool-104-thread-1] INFO  server.RaftServerConfigKeys (ConfUtils.java:logGet(43)) - raft.server.snapshot.auto.trigger.enabled = true (custom)
2019-09-19 09:40:45,852 [pool-104-thread-1] INFO  server.RaftServerConfigKeys (ConfUtils.java:logGet(43)) - raft.server.snapshot.auto.trigger.threshold = 10000 (custom)
2019-09-19 09:40:45,852 [pool-104-thread-1] INFO  server.RaftServerConfigKeys (ConfUtils.java:logGet(43)) - raft.server.retrycache.expirytime = 600000ms (custom)
2019-09-19 09:40:45,853 [pool-104-thread-1] INFO  impl.RaftServerImpl (RaftServerImpl.java:start(180)) - 7076406d-aee0-4126-8bab-f0c87a3fcebd: start group-19810D115B79
2019-09-19 09:40:45,853 [pool-104-thread-1] INFO  impl.RaftServerImpl (RaftServerImpl.java:setRole(171)) - 7076406d-aee0-4126-8bab-f0c87a3fcebd:group-19810D115B79 changes role from null to FOLLOWER at term 0 for startAsFollower
2019-09-19 09:40:45,853 [pool-104-thread-1] INFO  impl.RoleInfo (RoleInfo.java:updateAndGet(143)) - 7076406d-aee0-4126-8bab-f0c87a3fcebd: start FollowerState
2019-09-19 09:40:45,853 [pool-104-thread-1] INFO  util.JmxRegister (JmxRegister.java:tryRegister(44)) - Successfully registered JMX Bean with object name Ratis:service=RaftServer,group=group-19810D115B79,id=7076406d-aee0-4126-8bab-f0c87a3fcebd
2019-09-19 09:40:45,860 [RatisPipelineUtilsThread] INFO  pipeline.PipelineStateManager (PipelineStateManager.java:addPipeline(56)) - Created pipeline Pipeline[ Id: fdc798e3-e72e-46f8-92b3-19810d115b79, Nodes: 7076406d-aee0-4126-8bab-f0c87a3fcebd{ip: 192.168.34.5, host: pr-hdds-1569-j4bt4-3030777008, networkLocation: /default-rack, certSerialId: null}, Type:RATIS, Factor:ONE, State:OPEN]
2019-09-19 09:40:45,875 [grpc-default-executor-0] INFO  impl.RaftServerProxy (RaftServerProxy.java:addNew(89)) - bb9d252a-546d-48b3-aabe-52964da86e48: addNew group-F4306282FA7E:[bb9d252a-546d-48b3-aabe-52964da86e48:192.168.34.5:44392] returns group-F4306282FA7E:java.util.concurrent.CompletableFuture@7dd126d1[Not completed]
2019-09-19 09:40:45,877 [pool-93-thread-1] INFO  impl.RaftServerImpl (RaftServerImpl.java:<init>(93)) - bb9d252a-546d-48b3-aabe-52964da86e48: new RaftServerImpl for group-F4306282FA7E:[bb9d252a-546d-48b3-aabe-52964da86e48:192.168.34.5:44392] with ContainerStateMachine:uninitialized
2019-09-19 09:40:45,877 [pool-93-thread-1] INFO  server.RaftServerConfigKeys (ConfUtils.java:logGet(43)) - raft.server.rpc.timeout.min = 5s (custom)
2019-09-19 09:40:45,877 [pool-93-thread-1] INFO  server.RaftServerConfigKeys (ConfUtils.java:logGet(43)) - raft.server.rpc.timeout.max = 5200ms (custom)
2019-09-19 09:40:45,877 [pool-93-thread-1] INFO  server.RaftServerConfigKeys (ConfUtils.java:logGet(43)) - raft.server.rpcslowness.timeout = 120s (custom)
2019-09-19 09:40:45,877 [pool-93-thread-1] INFO  server.RaftServerConfigKeys (ConfUtils.java:logGet(43)) - raft.server.sleep.deviation.threshold = 300 (default)
2019-09-19 09:40:45,878 [pool-93-thread-1] INFO  server.RaftServerConfigKeys (ConfUtils.java:logGet(43)) - raft.server.log.appender.install.snapshot.enabled = false (custom)
2019-09-19 09:40:45,878 [pool-93-thread-1] INFO  impl.RaftServerImpl (ServerState.java:<init>(105)) - bb9d252a-546d-48b3-aabe-52964da86e48:group-F4306282FA7E ConfigurationManager, init=-1: [bb9d252a-546d-48b3-aabe-52964da86e48:192.168.34.5:44392], old=null, confs=<EMPTY_MAP>
2019-09-19 09:40:45,878 [pool-93-thread-1] INFO  server.RaftServerConfigKeys (ConfUtils.java:logGet(43)) - raft.server.storage.dir = [/workdir/hadoop-ozone/ozonefs/target/test-dir/MiniOzoneClusterImpl-21ed0f53-0413-44c7-8609-f438100532e5/datanode-6/data/ratis] (custom)
2019-09-19 09:40:45,879 [pool-93-thread-1] INFO  storage.RaftStorageDirectory (RaftStorageDirectory.java:analyzeStorage(246)) - The storage directory /workdir/hadoop-ozone/ozonefs/target/test-dir/MiniOzoneClusterImpl-21ed0f53-0413-44c7-8609-f438100532e5/datanode-6/data/ratis/a7cc922b-d173-44a9-88cf-f4306282fa7e does not exist. Creating ...
2019-09-19 09:40:45,897 [pool-93-thread-1] INFO  storage.RaftStorageDirectory (RaftStorageDirectory.java:tryLock(328)) - Lock on /workdir/hadoop-ozone/ozonefs/target/test-dir/MiniOzoneClusterImpl-21ed0f53-0413-44c7-8609-f438100532e5/datanode-6/data/ratis/a7cc922b-d173-44a9-88cf-f4306282fa7e/in_use.lock acquired by nodename 23096@pr-hdds-1569-j4bt4-3030777008
2019-09-19 09:40:45,910 [pool-93-thread-1] INFO  storage.RaftStorage (RaftStorage.java:format(72)) - Storage directory /workdir/hadoop-ozone/ozonefs/target/test-dir/MiniOzoneClusterImpl-21ed0f53-0413-44c7-8609-f438100532e5/datanode-6/data/ratis/a7cc922b-d173-44a9-88cf-f4306282fa7e has been successfully formatted.
2019-09-19 09:40:45,911 [pool-93-thread-1] INFO  ratis.ContainerStateMachine (ContainerStateMachine.java:loadSnapshot(226)) - group-F4306282FA7E: The snapshot info is null. Setting the last applied indexto:(t:0, i:~)
2019-09-19 09:40:45,911 [pool-93-thread-1] INFO  server.RaftServerConfigKeys (ConfUtils.java:logGet(43)) - raft.server.leader.election.timeout = 120s (custom)
2019-09-19 09:40:45,911 [pool-93-thread-1] INFO  server.RaftServerConfigKeys (ConfUtils.java:logGet(43)) - raft.server.log.use.memory = false (default)
2019-09-19 09:40:45,911 [pool-93-thread-1] INFO  server.RaftServerConfigKeys (ConfUtils.java:logGet(43)) - raft.server.log.purge.gap = 1000000 (custom)
2019-09-19 09:40:45,911 [pool-93-thread-1] INFO  server.RaftServerConfigKeys (ConfUtils.java:logGet(43)) - raft.server.log.appender.buffer.byte-limit = 33554432 (custom)
2019-09-19 09:40:45,912 [pool-93-thread-1] INFO  server.RaftServerConfigKeys (ConfUtils.java:logGet(43)) - raft.server.log.segment.size.max = 1048576 (custom)
2019-09-19 09:40:45,912 [pool-93-thread-1] INFO  server.RaftServerConfigKeys (ConfUtils.java:logGet(43)) - raft.server.log.segment.cache.num.max = 2 (custom)
2019-09-19 09:40:45,912 [pool-93-thread-1] INFO  segmented.SegmentedRaftLogWorker (SegmentedRaftLogWorker.java:<init>(172)) - new bb9d252a-546d-48b3-aabe-52964da86e48-SegmentedRaftLogWorker:Storage Directory /workdir/hadoop-ozone/ozonefs/target/test-dir/MiniOzoneClusterImpl-21ed0f53-0413-44c7-8609-f438100532e5/datanode-6/data/ratis/a7cc922b-d173-44a9-88cf-f4306282fa7e for RaftStorage:Storage Directory /workdir/hadoop-ozone/ozonefs/target/test-dir/MiniOzoneClusterImpl-21ed0f53-0413-44c7-8609-f438100532e5/datanode-6/data/ratis/a7cc922b-d173-44a9-88cf-f4306282fa7e
2019-09-19 09:40:45,912 [pool-93-thread-1] INFO  server.RaftServerConfigKeys (ConfUtils.java:logGet(43)) - raft.server.log.queue.byte-limit = 2147483647 (custom)
2019-09-19 09:40:45,912 [pool-93-thread-1] INFO  server.RaftServerConfigKeys (ConfUtils.java:logGet(43)) - raft.server.log.queue.element-limit = 1024 (custom)
2019-09-19 09:40:45,912 [pool-93-thread-1] INFO  server.RaftServerConfigKeys (ConfUtils.java:logGet(43)) - raft.server.log.segment.size.max = 1048576 (custom)
2019-09-19 09:40:45,913 [pool-93-thread-1] INFO  server.RaftServerConfigKeys (ConfUtils.java:logGet(43)) - raft.server.log.preallocated.size = 16384 (custom)
2019-09-19 09:40:45,913 [pool-93-thread-1] INFO  server.RaftServerConfigKeys (ConfUtils.java:logGet(43)) - raft.server.log.write.buffer.size = 33554432 (custom)
2019-09-19 09:40:45,913 [pool-93-thread-1] INFO  server.RaftServerConfigKeys (ConfUtils.java:logGet(43)) - raft.server.log.force.sync.num = 128 (default)
2019-09-19 09:40:45,913 [pool-93-thread-1] INFO  server.RaftServerConfigKeys (ConfUtils.java:logGet(43)) - raft.server.log.statemachine.data.sync = true (default)
2019-09-19 09:40:45,913 [pool-93-thread-1] INFO  server.RaftServerConfigKeys (ConfUtils.java:logGet(43)) - raft.server.log.statemachine.data.sync.timeout = 10s (default)
2019-09-19 09:40:45,913 [pool-93-thread-1] INFO  server.RaftServerConfigKeys (ConfUtils.java:logGet(43)) - raft.server.log.statemachine.data.sync.timeout.retry = -1 (default)
2019-09-19 09:40:45,914 [pool-93-thread-1] INFO  server.RaftServerConfigKeys (ConfUtils.java:logGet(43)) - raft.server.log.statemachine.data.caching.enabled = true (custom)
2019-09-19 09:40:45,914 [pool-93-thread-1] INFO  segmented.SegmentedRaftLogWorker (SegmentedRaftLogWorker.java:lambda$new$0(132)) - bb9d252a-546d-48b3-aabe-52964da86e48-SegmentedRaftLogWorker:Storage Directory /workdir/hadoop-ozone/ozonefs/target/test-dir/MiniOzoneClusterImpl-21ed0f53-0413-44c7-8609-f438100532e5/datanode-6/data/ratis/a7cc922b-d173-44a9-88cf-f4306282fa7e: flushIndex: setUnconditionally 0 -> -1
2019-09-19 09:40:45,914 [pool-93-thread-1] INFO  server.RaftServerConfigKeys (ConfUtils.java:logGet(43)) - raft.server.snapshot.auto.trigger.enabled = true (custom)
2019-09-19 09:40:45,914 [pool-93-thread-1] INFO  server.RaftServerConfigKeys (ConfUtils.java:logGet(43)) - raft.server.snapshot.auto.trigger.threshold = 10000 (custom)
2019-09-19 09:40:45,915 [pool-93-thread-1] INFO  server.RaftServerConfigKeys (ConfUtils.java:logGet(43)) - raft.server.retrycache.expirytime = 600000ms (custom)
2019-09-19 09:40:45,915 [pool-93-thread-1] INFO  impl.RaftServerImpl (RaftServerImpl.java:start(180)) - bb9d252a-546d-48b3-aabe-52964da86e48: start group-F4306282FA7E
2019-09-19 09:40:45,915 [pool-93-thread-1] INFO  impl.RaftServerImpl (RaftServerImpl.java:setRole(171)) - bb9d252a-546d-48b3-aabe-52964da86e48:group-F4306282FA7E changes role from null to FOLLOWER at term 0 for startAsFollower
2019-09-19 09:40:45,915 [pool-93-thread-1] INFO  impl.RoleInfo (RoleInfo.java:updateAndGet(143)) - bb9d252a-546d-48b3-aabe-52964da86e48: start FollowerState
2019-09-19 09:40:45,916 [pool-93-thread-1] INFO  util.JmxRegister (JmxRegister.java:tryRegister(44)) - Successfully registered JMX Bean with object name Ratis:service=RaftServer,group=group-F4306282FA7E,id=bb9d252a-546d-48b3-aabe-52964da86e48
2019-09-19 09:40:45,923 [RatisPipelineUtilsThread] INFO  pipeline.PipelineStateManager (PipelineStateManager.java:addPipeline(56)) - Created pipeline Pipeline[ Id: a7cc922b-d173-44a9-88cf-f4306282fa7e, Nodes: bb9d252a-546d-48b3-aabe-52964da86e48{ip: 192.168.34.5, host: pr-hdds-1569-j4bt4-3030777008, networkLocation: /default-rack, certSerialId: null}, Type:RATIS, Factor:ONE, State:OPEN]
2019-09-19 09:40:45,936 [grpc-default-executor-0] INFO  impl.RaftServerProxy (RaftServerProxy.java:addNew(89)) - 1cd79902-2a06-4a3f-8023-3eba64f51293: addNew group-B898259ADE98:[1cd79902-2a06-4a3f-8023-3eba64f51293:192.168.34.5:43611] returns group-B898259ADE98:java.util.concurrent.CompletableFuture@7527b4da[Not completed]
2019-09-19 09:40:45,939 [pool-82-thread-1] INFO  impl.RaftServerImpl (RaftServerImpl.java:<init>(93)) - 1cd79902-2a06-4a3f-8023-3eba64f51293: new RaftServerImpl for group-B898259ADE98:[1cd79902-2a06-4a3f-8023-3eba64f51293:192.168.34.5:43611] with ContainerStateMachine:uninitialized
2019-09-19 09:40:45,939 [pool-82-thread-1] INFO  server.RaftServerConfigKeys (ConfUtils.java:logGet(43)) - raft.server.rpc.timeout.min = 5s (custom)
2019-09-19 09:40:45,939 [pool-82-thread-1] INFO  server.RaftServerConfigKeys (ConfUtils.java:logGet(43)) - raft.server.rpc.timeout.max = 5200ms (custom)
2019-09-19 09:40:45,940 [pool-82-thread-1] INFO  server.RaftServerConfigKeys (ConfUtils.java:logGet(43)) - raft.server.rpcslowness.timeout = 120s (custom)
2019-09-19 09:40:45,940 [pool-82-thread-1] INFO  server.RaftServerConfigKeys (ConfUtils.java:logGet(43)) - raft.server.sleep.deviation.threshold = 300 (default)
2019-09-19 09:40:45,940 [pool-82-thread-1] INFO  server.RaftServerConfigKeys (ConfUtils.java:logGet(43)) - raft.server.log.appender.install.snapshot.enabled = false (custom)
2019-09-19 09:40:45,940 [pool-82-thread-1] INFO  impl.RaftServerImpl (ServerState.java:<init>(105)) - 1cd79902-2a06-4a3f-8023-3eba64f51293:group-B898259ADE98 ConfigurationManager, init=-1: [1cd79902-2a06-4a3f-8023-3eba64f51293:192.168.34.5:43611], old=null, confs=<EMPTY_MAP>
2019-09-19 09:40:45,941 [pool-82-thread-1] INFO  server.RaftServerConfigKeys (ConfUtils.java:logGet(43)) - raft.server.storage.dir = [/workdir/hadoop-ozone/ozonefs/target/test-dir/MiniOzoneClusterImpl-21ed0f53-0413-44c7-8609-f438100532e5/datanode-5/data/ratis] (custom)
2019-09-19 09:40:45,941 [pool-82-thread-1] INFO  storage.RaftStorageDirectory (RaftStorageDirectory.java:analyzeStorage(246)) - The storage directory /workdir/hadoop-ozone/ozonefs/target/test-dir/MiniOzoneClusterImpl-21ed0f53-0413-44c7-8609-f438100532e5/datanode-5/data/ratis/5448d97a-b1ff-4d46-88e0-b898259ade98 does not exist. Creating ...
2019-09-19 09:40:45,954 [pool-82-thread-1] INFO  storage.RaftStorageDirectory (RaftStorageDirectory.java:tryLock(328)) - Lock on /workdir/hadoop-ozone/ozonefs/target/test-dir/MiniOzoneClusterImpl-21ed0f53-0413-44c7-8609-f438100532e5/datanode-5/data/ratis/5448d97a-b1ff-4d46-88e0-b898259ade98/in_use.lock acquired by nodename 23096@pr-hdds-1569-j4bt4-3030777008
2019-09-19 09:40:45,968 [pool-82-thread-1] INFO  storage.RaftStorage (RaftStorage.java:format(72)) - Storage directory /workdir/hadoop-ozone/ozonefs/target/test-dir/MiniOzoneClusterImpl-21ed0f53-0413-44c7-8609-f438100532e5/datanode-5/data/ratis/5448d97a-b1ff-4d46-88e0-b898259ade98 has been successfully formatted.
2019-09-19 09:40:45,968 [pool-82-thread-1] INFO  ratis.ContainerStateMachine (ContainerStateMachine.java:loadSnapshot(226)) - group-B898259ADE98: The snapshot info is null. Setting the last applied indexto:(t:0, i:~)
2019-09-19 09:40:45,968 [pool-82-thread-1] INFO  server.RaftServerConfigKeys (ConfUtils.java:logGet(43)) - raft.server.leader.election.timeout = 120s (custom)
2019-09-19 09:40:45,969 [pool-82-thread-1] INFO  server.RaftServerConfigKeys (ConfUtils.java:logGet(43)) - raft.server.log.use.memory = false (default)
2019-09-19 09:40:45,969 [pool-82-thread-1] INFO  server.RaftServerConfigKeys (ConfUtils.java:logGet(43)) - raft.server.log.purge.gap = 1000000 (custom)
2019-09-19 09:40:45,969 [pool-82-thread-1] INFO  server.RaftServerConfigKeys (ConfUtils.java:logGet(43)) - raft.server.log.appender.buffer.byte-limit = 33554432 (custom)
2019-09-19 09:40:45,969 [pool-82-thread-1] INFO  server.RaftServerConfigKeys (ConfUtils.java:logGet(43)) - raft.server.log.segment.size.max = 1048576 (custom)
2019-09-19 09:40:45,969 [pool-82-thread-1] INFO  server.RaftServerConfigKeys (ConfUtils.java:logGet(43)) - raft.server.log.segment.cache.num.max = 2 (custom)
2019-09-19 09:40:45,970 [pool-82-thread-1] INFO  segmented.SegmentedRaftLogWorker (SegmentedRaftLogWorker.java:<init>(172)) - new 1cd79902-2a06-4a3f-8023-3eba64f51293-SegmentedRaftLogWorker:Storage Directory /workdir/hadoop-ozone/ozonefs/target/test-dir/MiniOzoneClusterImpl-21ed0f53-0413-44c7-8609-f438100532e5/datanode-5/data/ratis/5448d97a-b1ff-4d46-88e0-b898259ade98 for RaftStorage:Storage Directory /workdir/hadoop-ozone/ozonefs/target/test-dir/MiniOzoneClusterImpl-21ed0f53-0413-44c7-8609-f438100532e5/datanode-5/data/ratis/5448d97a-b1ff-4d46-88e0-b898259ade98
2019-09-19 09:40:45,970 [pool-82-thread-1] INFO  server.RaftServerConfigKeys (ConfUtils.java:logGet(43)) - raft.server.log.queue.byte-limit = 2147483647 (custom)
2019-09-19 09:40:45,970 [pool-82-thread-1] INFO  server.RaftServerConfigKeys (ConfUtils.java:logGet(43)) - raft.server.log.queue.element-limit = 1024 (custom)
2019-09-19 09:40:45,970 [pool-82-thread-1] INFO  server.RaftServerConfigKeys (ConfUtils.java:logGet(43)) - raft.server.log.segment.size.max = 1048576 (custom)
2019-09-19 09:40:45,971 [pool-82-thread-1] INFO  server.RaftServerConfigKeys (ConfUtils.java:logGet(43)) - raft.server.log.preallocated.size = 16384 (custom)
2019-09-19 09:40:45,971 [pool-82-thread-1] INFO  server.RaftServerConfigKeys (ConfUtils.java:logGet(43)) - raft.server.log.write.buffer.size = 33554432 (custom)
2019-09-19 09:40:45,971 [pool-82-thread-1] INFO  server.RaftServerConfigKeys (ConfUtils.java:logGet(43)) - raft.server.log.force.sync.num = 128 (default)
2019-09-19 09:40:45,971 [pool-82-thread-1] INFO  server.RaftServerConfigKeys (ConfUtils.java:logGet(43)) - raft.server.log.statemachine.data.sync = true (default)
2019-09-19 09:40:45,971 [pool-82-thread-1] INFO  server.RaftServerConfigKeys (ConfUtils.java:logGet(43)) - raft.server.log.statemachine.data.sync.timeout = 10s (default)
2019-09-19 09:40:45,972 [pool-82-thread-1] INFO  server.RaftServerConfigKeys (ConfUtils.java:logGet(43)) - raft.server.log.statemachine.data.sync.timeout.retry = -1 (default)
2019-09-19 09:40:45,972 [pool-82-thread-1] INFO  server.RaftServerConfigKeys (ConfUtils.java:logGet(43)) - raft.server.log.statemachine.data.caching.enabled = true (custom)
2019-09-19 09:40:45,972 [pool-82-thread-1] INFO  segmented.SegmentedRaftLogWorker (SegmentedRaftLogWorker.java:lambda$new$0(132)) - 1cd79902-2a06-4a3f-8023-3eba64f51293-SegmentedRaftLogWorker:Storage Directory /workdir/hadoop-ozone/ozonefs/target/test-dir/MiniOzoneClusterImpl-21ed0f53-0413-44c7-8609-f438100532e5/datanode-5/data/ratis/5448d97a-b1ff-4d46-88e0-b898259ade98: flushIndex: setUnconditionally 0 -> -1
2019-09-19 09:40:45,973 [pool-82-thread-1] INFO  server.RaftServerConfigKeys (ConfUtils.java:logGet(43)) - raft.server.snapshot.auto.trigger.enabled = true (custom)
2019-09-19 09:40:45,973 [pool-82-thread-1] INFO  server.RaftServerConfigKeys (ConfUtils.java:logGet(43)) - raft.server.snapshot.auto.trigger.threshold = 10000 (custom)
2019-09-19 09:40:45,973 [pool-82-thread-1] INFO  server.RaftServerConfigKeys (ConfUtils.java:logGet(43)) - raft.server.retrycache.expirytime = 600000ms (custom)
2019-09-19 09:40:45,973 [pool-82-thread-1] INFO  impl.RaftServerImpl (RaftServerImpl.java:start(180)) - 1cd79902-2a06-4a3f-8023-3eba64f51293: start group-B898259ADE98
2019-09-19 09:40:45,974 [pool-82-thread-1] INFO  impl.RaftServerImpl (RaftServerImpl.java:setRole(171)) - 1cd79902-2a06-4a3f-8023-3eba64f51293:group-B898259ADE98 changes role from null to FOLLOWER at term 0 for startAsFollower
2019-09-19 09:40:45,974 [pool-82-thread-1] INFO  impl.RoleInfo (RoleInfo.java:updateAndGet(143)) - 1cd79902-2a06-4a3f-8023-3eba64f51293: start FollowerState
2019-09-19 09:40:45,974 [pool-82-thread-1] INFO  util.JmxRegister (JmxRegister.java:tryRegister(44)) - Successfully registered JMX Bean with object name Ratis:service=RaftServer,group=group-B898259ADE98,id=1cd79902-2a06-4a3f-8023-3eba64f51293
2019-09-19 09:40:45,983 [RatisPipelineUtilsThread] INFO  pipeline.PipelineStateManager (PipelineStateManager.java:addPipeline(56)) - Created pipeline Pipeline[ Id: 5448d97a-b1ff-4d46-88e0-b898259ade98, Nodes: 1cd79902-2a06-4a3f-8023-3eba64f51293{ip: 192.168.34.5, host: pr-hdds-1569-j4bt4-3030777008, networkLocation: /default-rack, certSerialId: null}, Type:RATIS, Factor:ONE, State:OPEN]
2019-09-19 09:40:46,001 [grpc-default-executor-0] INFO  impl.RaftServerProxy (RaftServerProxy.java:addNew(89)) - 1bcbd64b-2199-49e1-86d3-4e4b64d88b4a: addNew group-1629380170D7:[1bcbd64b-2199-49e1-86d3-4e4b64d88b4a:192.168.34.5:41194] returns group-1629380170D7:java.util.concurrent.CompletableFuture@44b00ef9[Not completed]
2019-09-19 09:40:46,003 [pool-27-thread-1] INFO  impl.RaftServerImpl (RaftServerImpl.java:<init>(93)) - 1bcbd64b-2199-49e1-86d3-4e4b64d88b4a: new RaftServerImpl for group-1629380170D7:[1bcbd64b-2199-49e1-86d3-4e4b64d88b4a:192.168.34.5:41194] with ContainerStateMachine:uninitialized
2019-09-19 09:40:46,004 [pool-27-thread-1] INFO  server.RaftServerConfigKeys (ConfUtils.java:logGet(43)) - raft.server.rpc.timeout.min = 5s (custom)
2019-09-19 09:40:46,004 [pool-27-thread-1] INFO  server.RaftServerConfigKeys (ConfUtils.java:logGet(43)) - raft.server.rpc.timeout.max = 5200ms (custom)
2019-09-19 09:40:46,004 [pool-27-thread-1] INFO  server.RaftServerConfigKeys (ConfUtils.java:logGet(43)) - raft.server.rpcslowness.timeout = 120s (custom)
2019-09-19 09:40:46,004 [pool-27-thread-1] INFO  server.RaftServerConfigKeys (ConfUtils.java:logGet(43)) - raft.server.sleep.deviation.threshold = 300 (default)
2019-09-19 09:40:46,004 [pool-27-thread-1] INFO  server.RaftServerConfigKeys (ConfUtils.java:logGet(43)) - raft.server.log.appender.install.snapshot.enabled = false (custom)
2019-09-19 09:40:46,004 [pool-27-thread-1] INFO  impl.RaftServerImpl (ServerState.java:<init>(105)) - 1bcbd64b-2199-49e1-86d3-4e4b64d88b4a:group-1629380170D7 ConfigurationManager, init=-1: [1bcbd64b-2199-49e1-86d3-4e4b64d88b4a:192.168.34.5:41194], old=null, confs=<EMPTY_MAP>
2019-09-19 09:40:46,004 [pool-27-thread-1] INFO  server.RaftServerConfigKeys (ConfUtils.java:logGet(43)) - raft.server.storage.dir = [/workdir/hadoop-ozone/ozonefs/target/test-dir/MiniOzoneClusterImpl-21ed0f53-0413-44c7-8609-f438100532e5/datanode-0/data/ratis] (custom)
2019-09-19 09:40:46,005 [pool-27-thread-1] INFO  storage.RaftStorageDirectory (RaftStorageDirectory.java:analyzeStorage(246)) - The storage directory /workdir/hadoop-ozone/ozonefs/target/test-dir/MiniOzoneClusterImpl-21ed0f53-0413-44c7-8609-f438100532e5/datanode-0/data/ratis/06814cdf-241c-493f-a145-1629380170d7 does not exist. Creating ...
2019-09-19 09:40:46,017 [pool-27-thread-1] INFO  storage.RaftStorageDirectory (RaftStorageDirectory.java:tryLock(328)) - Lock on /workdir/hadoop-ozone/ozonefs/target/test-dir/MiniOzoneClusterImpl-21ed0f53-0413-44c7-8609-f438100532e5/datanode-0/data/ratis/06814cdf-241c-493f-a145-1629380170d7/in_use.lock acquired by nodename 23096@pr-hdds-1569-j4bt4-3030777008
2019-09-19 09:40:46,030 [pool-27-thread-1] INFO  storage.RaftStorage (RaftStorage.java:format(72)) - Storage directory /workdir/hadoop-ozone/ozonefs/target/test-dir/MiniOzoneClusterImpl-21ed0f53-0413-44c7-8609-f438100532e5/datanode-0/data/ratis/06814cdf-241c-493f-a145-1629380170d7 has been successfully formatted.
2019-09-19 09:40:46,030 [pool-27-thread-1] INFO  ratis.ContainerStateMachine (ContainerStateMachine.java:loadSnapshot(226)) - group-1629380170D7: The snapshot info is null. Setting the last applied indexto:(t:0, i:~)
2019-09-19 09:40:46,030 [pool-27-thread-1] INFO  server.RaftServerConfigKeys (ConfUtils.java:logGet(43)) - raft.server.leader.election.timeout = 120s (custom)
2019-09-19 09:40:46,030 [pool-27-thread-1] INFO  server.RaftServerConfigKeys (ConfUtils.java:logGet(43)) - raft.server.log.use.memory = false (default)
2019-09-19 09:40:46,031 [pool-27-thread-1] INFO  server.RaftServerConfigKeys (ConfUtils.java:logGet(43)) - raft.server.log.purge.gap = 1000000 (custom)
2019-09-19 09:40:46,031 [pool-27-thread-1] INFO  server.RaftServerConfigKeys (ConfUtils.java:logGet(43)) - raft.server.log.appender.buffer.byte-limit = 33554432 (custom)
2019-09-19 09:40:46,031 [pool-27-thread-1] INFO  server.RaftServerConfigKeys (ConfUtils.java:logGet(43)) - raft.server.log.segment.size.max = 1048576 (custom)
2019-09-19 09:40:46,031 [pool-27-thread-1] INFO  server.RaftServerConfigKeys (ConfUtils.java:logGet(43)) - raft.server.log.segment.cache.num.max = 2 (custom)
2019-09-19 09:40:46,031 [pool-27-thread-1] INFO  segmented.SegmentedRaftLogWorker (SegmentedRaftLogWorker.java:<init>(172)) - new 1bcbd64b-2199-49e1-86d3-4e4b64d88b4a-SegmentedRaftLogWorker:Storage Directory /workdir/hadoop-ozone/ozonefs/target/test-dir/MiniOzoneClusterImpl-21ed0f53-0413-44c7-8609-f438100532e5/datanode-0/data/ratis/06814cdf-241c-493f-a145-1629380170d7 for RaftStorage:Storage Directory /workdir/hadoop-ozone/ozonefs/target/test-dir/MiniOzoneClusterImpl-21ed0f53-0413-44c7-8609-f438100532e5/datanode-0/data/ratis/06814cdf-241c-493f-a145-1629380170d7
2019-09-19 09:40:46,031 [pool-27-thread-1] INFO  server.RaftServerConfigKeys (ConfUtils.java:logGet(43)) - raft.server.log.queue.byte-limit = 2147483647 (custom)
2019-09-19 09:40:46,031 [pool-27-thread-1] INFO  server.RaftServerConfigKeys (ConfUtils.java:logGet(43)) - raft.server.log.queue.element-limit = 1024 (custom)
2019-09-19 09:40:46,031 [pool-27-thread-1] INFO  server.RaftServerConfigKeys (ConfUtils.java:logGet(43)) - raft.server.log.segment.size.max = 1048576 (custom)
2019-09-19 09:40:46,032 [pool-27-thread-1] INFO  server.RaftServerConfigKeys (ConfUtils.java:logGet(43)) - raft.server.log.preallocated.size = 16384 (custom)
2019-09-19 09:40:46,032 [pool-27-thread-1] INFO  server.RaftServerConfigKeys (ConfUtils.java:logGet(43)) - raft.server.log.write.buffer.size = 33554432 (custom)
2019-09-19 09:40:46,032 [pool-27-thread-1] INFO  server.RaftServerConfigKeys (ConfUtils.java:logGet(43)) - raft.server.log.force.sync.num = 128 (default)
2019-09-19 09:40:46,032 [pool-27-thread-1] INFO  server.RaftServerConfigKeys (ConfUtils.java:logGet(43)) - raft.server.log.statemachine.data.sync = true (default)
2019-09-19 09:40:46,032 [pool-27-thread-1] INFO  server.RaftServerConfigKeys (ConfUtils.java:logGet(43)) - raft.server.log.statemachine.data.sync.timeout = 10s (default)
2019-09-19 09:40:46,032 [pool-27-thread-1] INFO  server.RaftServerConfigKeys (ConfUtils.java:logGet(43)) - raft.server.log.statemachine.data.sync.timeout.retry = -1 (default)
2019-09-19 09:40:46,032 [pool-27-thread-1] INFO  server.RaftServerConfigKeys (ConfUtils.java:logGet(43)) - raft.server.log.statemachine.data.caching.enabled = true (custom)
2019-09-19 09:40:46,032 [pool-27-thread-1] INFO  segmented.SegmentedRaftLogWorker (SegmentedRaftLogWorker.java:lambda$new$0(132)) - 1bcbd64b-2199-49e1-86d3-4e4b64d88b4a-SegmentedRaftLogWorker:Storage Directory /workdir/hadoop-ozone/ozonefs/target/test-dir/MiniOzoneClusterImpl-21ed0f53-0413-44c7-8609-f438100532e5/datanode-0/data/ratis/06814cdf-241c-493f-a145-1629380170d7: flushIndex: setUnconditionally 0 -> -1
2019-09-19 09:40:46,033 [pool-27-thread-1] INFO  server.RaftServerConfigKeys (ConfUtils.java:logGet(43)) - raft.server.snapshot.auto.trigger.enabled = true (custom)
2019-09-19 09:40:46,033 [pool-27-thread-1] INFO  server.RaftServerConfigKeys (ConfUtils.java:logGet(43)) - raft.server.snapshot.auto.trigger.threshold = 10000 (custom)
2019-09-19 09:40:46,033 [pool-27-thread-1] INFO  server.RaftServerConfigKeys (ConfUtils.java:logGet(43)) - raft.server.retrycache.expirytime = 600000ms (custom)
2019-09-19 09:40:46,033 [pool-27-thread-1] INFO  impl.RaftServerImpl (RaftServerImpl.java:start(180)) - 1bcbd64b-2199-49e1-86d3-4e4b64d88b4a: start group-1629380170D7
2019-09-19 09:40:46,033 [pool-27-thread-1] INFO  impl.RaftServerImpl (RaftServerImpl.java:setRole(171)) - 1bcbd64b-2199-49e1-86d3-4e4b64d88b4a:group-1629380170D7 changes role from null to FOLLOWER at term 0 for startAsFollower
2019-09-19 09:40:46,033 [pool-27-thread-1] INFO  impl.RoleInfo (RoleInfo.java:updateAndGet(143)) - 1bcbd64b-2199-49e1-86d3-4e4b64d88b4a: start FollowerState
2019-09-19 09:40:46,034 [pool-27-thread-1] INFO  util.JmxRegister (JmxRegister.java:tryRegister(44)) - Successfully registered JMX Bean with object name Ratis:service=RaftServer,group=group-1629380170D7,id=1bcbd64b-2199-49e1-86d3-4e4b64d88b4a
2019-09-19 09:40:46,040 [RatisPipelineUtilsThread] INFO  pipeline.PipelineStateManager (PipelineStateManager.java:addPipeline(56)) - Created pipeline Pipeline[ Id: 06814cdf-241c-493f-a145-1629380170d7, Nodes: 1bcbd64b-2199-49e1-86d3-4e4b64d88b4a{ip: 192.168.34.5, host: pr-hdds-1569-j4bt4-3030777008, networkLocation: /default-rack, certSerialId: null}, Type:RATIS, Factor:ONE, State:OPEN]
2019-09-19 09:40:46,043 [RatisPipelineUtilsThread] ERROR pipeline.PipelinePlacementPolicy (PipelinePlacementPolicy.java:meetCriteria(91)) - Pipeline Placement: Doesn't meet the criteria to be viable node. Heaviness: 6
2019-09-19 09:40:46,055 [grpc-default-executor-0] INFO  impl.RaftServerProxy (RaftServerProxy.java:addNew(89)) - 47e0c7c0-2680-4f55-9417-80daafef46d1: addNew group-3623E50E5851:[47e0c7c0-2680-4f55-9417-80daafef46d1:192.168.34.5:40718] returns group-3623E50E5851:java.util.concurrent.CompletableFuture@34accecd[Not completed]
2019-09-19 09:40:46,056 [pool-71-thread-1] INFO  impl.RaftServerImpl (RaftServerImpl.java:<init>(93)) - 47e0c7c0-2680-4f55-9417-80daafef46d1: new RaftServerImpl for group-3623E50E5851:[47e0c7c0-2680-4f55-9417-80daafef46d1:192.168.34.5:40718] with ContainerStateMachine:uninitialized
2019-09-19 09:40:46,056 [pool-71-thread-1] INFO  server.RaftServerConfigKeys (ConfUtils.java:logGet(43)) - raft.server.rpc.timeout.min = 5s (custom)
2019-09-19 09:40:46,056 [pool-71-thread-1] INFO  server.RaftServerConfigKeys (ConfUtils.java:logGet(43)) - raft.server.rpc.timeout.max = 5200ms (custom)
2019-09-19 09:40:46,056 [pool-71-thread-1] INFO  server.RaftServerConfigKeys (ConfUtils.java:logGet(43)) - raft.server.rpcslowness.timeout = 120s (custom)
2019-09-19 09:40:46,057 [pool-71-thread-1] INFO  server.RaftServerConfigKeys (ConfUtils.java:logGet(43)) - raft.server.sleep.deviation.threshold = 300 (default)
2019-09-19 09:40:46,057 [pool-71-thread-1] INFO  server.RaftServerConfigKeys (ConfUtils.java:logGet(43)) - raft.server.log.appender.install.snapshot.enabled = false (custom)
2019-09-19 09:40:46,057 [pool-71-thread-1] INFO  impl.RaftServerImpl (ServerState.java:<init>(105)) - 47e0c7c0-2680-4f55-9417-80daafef46d1:group-3623E50E5851 ConfigurationManager, init=-1: [47e0c7c0-2680-4f55-9417-80daafef46d1:192.168.34.5:40718], old=null, confs=<EMPTY_MAP>
2019-09-19 09:40:46,057 [pool-71-thread-1] INFO  server.RaftServerConfigKeys (ConfUtils.java:logGet(43)) - raft.server.storage.dir = [/workdir/hadoop-ozone/ozonefs/target/test-dir/MiniOzoneClusterImpl-21ed0f53-0413-44c7-8609-f438100532e5/datanode-4/data/ratis] (custom)
2019-09-19 09:40:46,057 [pool-71-thread-1] INFO  storage.RaftStorageDirectory (RaftStorageDirectory.java:analyzeStorage(246)) - The storage directory /workdir/hadoop-ozone/ozonefs/target/test-dir/MiniOzoneClusterImpl-21ed0f53-0413-44c7-8609-f438100532e5/datanode-4/data/ratis/b1bc9a3d-73fc-4baf-bb1c-3623e50e5851 does not exist. Creating ...
2019-09-19 09:40:46,071 [pool-71-thread-1] INFO  storage.RaftStorageDirectory (RaftStorageDirectory.java:tryLock(328)) - Lock on /workdir/hadoop-ozone/ozonefs/target/test-dir/MiniOzoneClusterImpl-21ed0f53-0413-44c7-8609-f438100532e5/datanode-4/data/ratis/b1bc9a3d-73fc-4baf-bb1c-3623e50e5851/in_use.lock acquired by nodename 23096@pr-hdds-1569-j4bt4-3030777008
2019-09-19 09:40:46,100 [pool-71-thread-1] INFO  storage.RaftStorage (RaftStorage.java:format(72)) - Storage directory /workdir/hadoop-ozone/ozonefs/target/test-dir/MiniOzoneClusterImpl-21ed0f53-0413-44c7-8609-f438100532e5/datanode-4/data/ratis/b1bc9a3d-73fc-4baf-bb1c-3623e50e5851 has been successfully formatted.
2019-09-19 09:40:46,100 [pool-71-thread-1] INFO  ratis.ContainerStateMachine (ContainerStateMachine.java:loadSnapshot(226)) - group-3623E50E5851: The snapshot info is null. Setting the last applied indexto:(t:0, i:~)
2019-09-19 09:40:46,100 [pool-71-thread-1] INFO  server.RaftServerConfigKeys (ConfUtils.java:logGet(43)) - raft.server.leader.election.timeout = 120s (custom)
2019-09-19 09:40:46,100 [pool-71-thread-1] INFO  server.RaftServerConfigKeys (ConfUtils.java:logGet(43)) - raft.server.log.use.memory = false (default)
2019-09-19 09:40:46,100 [pool-71-thread-1] INFO  server.RaftServerConfigKeys (ConfUtils.java:logGet(43)) - raft.server.log.purge.gap = 1000000 (custom)
2019-09-19 09:40:46,101 [pool-71-thread-1] INFO  server.RaftServerConfigKeys (ConfUtils.java:logGet(43)) - raft.server.log.appender.buffer.byte-limit = 33554432 (custom)
2019-09-19 09:40:46,101 [pool-71-thread-1] INFO  server.RaftServerConfigKeys (ConfUtils.java:logGet(43)) - raft.server.log.segment.size.max = 1048576 (custom)
2019-09-19 09:40:46,101 [pool-71-thread-1] INFO  server.RaftServerConfigKeys (ConfUtils.java:logGet(43)) - raft.server.log.segment.cache.num.max = 2 (custom)
2019-09-19 09:40:46,101 [pool-71-thread-1] INFO  segmented.SegmentedRaftLogWorker (SegmentedRaftLogWorker.java:<init>(172)) - new 47e0c7c0-2680-4f55-9417-80daafef46d1-SegmentedRaftLogWorker:Storage Directory /workdir/hadoop-ozone/ozonefs/target/test-dir/MiniOzoneClusterImpl-21ed0f53-0413-44c7-8609-f438100532e5/datanode-4/data/ratis/b1bc9a3d-73fc-4baf-bb1c-3623e50e5851 for RaftStorage:Storage Directory /workdir/hadoop-ozone/ozonefs/target/test-dir/MiniOzoneClusterImpl-21ed0f53-0413-44c7-8609-f438100532e5/datanode-4/data/ratis/b1bc9a3d-73fc-4baf-bb1c-3623e50e5851
2019-09-19 09:40:46,101 [pool-71-thread-1] INFO  server.RaftServerConfigKeys (ConfUtils.java:logGet(43)) - raft.server.log.queue.byte-limit = 2147483647 (custom)
2019-09-19 09:40:46,101 [pool-71-thread-1] INFO  server.RaftServerConfigKeys (ConfUtils.java:logGet(43)) - raft.server.log.queue.element-limit = 1024 (custom)
2019-09-19 09:40:46,101 [pool-71-thread-1] INFO  server.RaftServerConfigKeys (ConfUtils.java:logGet(43)) - raft.server.log.segment.size.max = 1048576 (custom)
2019-09-19 09:40:46,102 [pool-71-thread-1] INFO  server.RaftServerConfigKeys (ConfUtils.java:logGet(43)) - raft.server.log.preallocated.size = 16384 (custom)
2019-09-19 09:40:46,102 [pool-71-thread-1] INFO  server.RaftServerConfigKeys (ConfUtils.java:logGet(43)) - raft.server.log.write.buffer.size = 33554432 (custom)
2019-09-19 09:40:46,102 [pool-71-thread-1] INFO  server.RaftServerConfigKeys (ConfUtils.java:logGet(43)) - raft.server.log.force.sync.num = 128 (default)
2019-09-19 09:40:46,102 [pool-71-thread-1] INFO  server.RaftServerConfigKeys (ConfUtils.java:logGet(43)) - raft.server.log.statemachine.data.sync = true (default)
2019-09-19 09:40:46,102 [pool-71-thread-1] INFO  server.RaftServerConfigKeys (ConfUtils.java:logGet(43)) - raft.server.log.statemachine.data.sync.timeout = 10s (default)
2019-09-19 09:40:46,102 [pool-71-thread-1] INFO  server.RaftServerConfigKeys (ConfUtils.java:logGet(43)) - raft.server.log.statemachine.data.sync.timeout.retry = -1 (default)
2019-09-19 09:40:46,103 [pool-71-thread-1] INFO  server.RaftServerConfigKeys (ConfUtils.java:logGet(43)) - raft.server.log.statemachine.data.caching.enabled = true (custom)
2019-09-19 09:40:46,103 [pool-71-thread-1] INFO  segmented.SegmentedRaftLogWorker (SegmentedRaftLogWorker.java:lambda$new$0(132)) - 47e0c7c0-2680-4f55-9417-80daafef46d1-SegmentedRaftLogWorker:Storage Directory /workdir/hadoop-ozone/ozonefs/target/test-dir/MiniOzoneClusterImpl-21ed0f53-0413-44c7-8609-f438100532e5/datanode-4/data/ratis/b1bc9a3d-73fc-4baf-bb1c-3623e50e5851: flushIndex: setUnconditionally 0 -> -1
2019-09-19 09:40:46,103 [pool-71-thread-1] INFO  server.RaftServerConfigKeys (ConfUtils.java:logGet(43)) - raft.server.snapshot.auto.trigger.enabled = true (custom)
2019-09-19 09:40:46,103 [pool-71-thread-1] INFO  server.RaftServerConfigKeys (ConfUtils.java:logGet(43)) - raft.server.snapshot.auto.trigger.threshold = 10000 (custom)
2019-09-19 09:40:46,103 [pool-71-thread-1] INFO  server.RaftServerConfigKeys (ConfUtils.java:logGet(43)) - raft.server.retrycache.expirytime = 600000ms (custom)
2019-09-19 09:40:46,104 [pool-71-thread-1] INFO  impl.RaftServerImpl (RaftServerImpl.java:start(180)) - 47e0c7c0-2680-4f55-9417-80daafef46d1: start group-3623E50E5851
2019-09-19 09:40:46,104 [pool-71-thread-1] INFO  impl.RaftServerImpl (RaftServerImpl.java:setRole(171)) - 47e0c7c0-2680-4f55-9417-80daafef46d1:group-3623E50E5851 changes role from null to FOLLOWER at term 0 for startAsFollower
2019-09-19 09:40:46,104 [pool-71-thread-1] INFO  impl.RoleInfo (RoleInfo.java:updateAndGet(143)) - 47e0c7c0-2680-4f55-9417-80daafef46d1: start FollowerState
2019-09-19 09:40:46,104 [pool-71-thread-1] INFO  util.JmxRegister (JmxRegister.java:tryRegister(44)) - Successfully registered JMX Bean with object name Ratis:service=RaftServer,group=group-3623E50E5851,id=47e0c7c0-2680-4f55-9417-80daafef46d1
2019-09-19 09:40:46,110 [RatisPipelineUtilsThread] INFO  pipeline.PipelineStateManager (PipelineStateManager.java:addPipeline(56)) - Created pipeline Pipeline[ Id: b1bc9a3d-73fc-4baf-bb1c-3623e50e5851, Nodes: 47e0c7c0-2680-4f55-9417-80daafef46d1{ip: 192.168.34.5, host: pr-hdds-1569-j4bt4-3030777008, networkLocation: /default-rack, certSerialId: null}, Type:RATIS, Factor:ONE, State:OPEN]
2019-09-19 09:40:46,116 [RatisPipelineUtilsThread] ERROR pipeline.PipelinePlacementPolicy (PipelinePlacementPolicy.java:meetCriteria(91)) - Pipeline Placement: Doesn't meet the criteria to be viable node. Heaviness: 6
2019-09-19 09:40:46,128 | INFO  | SCMAudit | user=jenkins1000 | ip=192.168.34.5 | op=SEND_HEARTBEAT {datanodeUUID=7076406d-aee0-4126-8bab-f0c87a3fcebd, command=[]} | ret=SUCCESS |  
2019-09-19 09:40:46,139 | INFO  | SCMAudit | user=jenkins1000 | ip=192.168.34.5 | op=SEND_HEARTBEAT {datanodeUUID=1bcbd64b-2199-49e1-86d3-4e4b64d88b4a, command=[]} | ret=SUCCESS |  
2019-09-19 09:40:46,142 [grpc-default-executor-0] INFO  impl.RaftServerProxy (RaftServerProxy.java:addNew(89)) - 28f77823-de9e-44cc-bd18-5b415144a5bf: addNew group-59B9115387D9:[28f77823-de9e-44cc-bd18-5b415144a5bf:192.168.34.5:41344] returns group-59B9115387D9:java.util.concurrent.CompletableFuture@5a2a3471[Not completed]
2019-09-19 09:40:46,144 [pool-38-thread-1] INFO  impl.RaftServerImpl (RaftServerImpl.java:<init>(93)) - 28f77823-de9e-44cc-bd18-5b415144a5bf: new RaftServerImpl for group-59B9115387D9:[28f77823-de9e-44cc-bd18-5b415144a5bf:192.168.34.5:41344] with ContainerStateMachine:uninitialized
2019-09-19 09:40:46,144 [pool-38-thread-1] INFO  server.RaftServerConfigKeys (ConfUtils.java:logGet(43)) - raft.server.rpc.timeout.min = 5s (custom)
2019-09-19 09:40:46,144 [pool-38-thread-1] INFO  server.RaftServerConfigKeys (ConfUtils.java:logGet(43)) - raft.server.rpc.timeout.max = 5200ms (custom)
2019-09-19 09:40:46,144 [pool-38-thread-1] INFO  server.RaftServerConfigKeys (ConfUtils.java:logGet(43)) - raft.server.rpcslowness.timeout = 120s (custom)
2019-09-19 09:40:46,144 [pool-38-thread-1] INFO  server.RaftServerConfigKeys (ConfUtils.java:logGet(43)) - raft.server.sleep.deviation.threshold = 300 (default)
2019-09-19 09:40:46,145 [pool-38-thread-1] INFO  server.RaftServerConfigKeys (ConfUtils.java:logGet(43)) - raft.server.log.appender.install.snapshot.enabled = false (custom)
2019-09-19 09:40:46,145 [pool-38-thread-1] INFO  impl.RaftServerImpl (ServerState.java:<init>(105)) - 28f77823-de9e-44cc-bd18-5b415144a5bf:group-59B9115387D9 ConfigurationManager, init=-1: [28f77823-de9e-44cc-bd18-5b415144a5bf:192.168.34.5:41344], old=null, confs=<EMPTY_MAP>
2019-09-19 09:40:46,145 [pool-38-thread-1] INFO  server.RaftServerConfigKeys (ConfUtils.java:logGet(43)) - raft.server.storage.dir = [/workdir/hadoop-ozone/ozonefs/target/test-dir/MiniOzoneClusterImpl-21ed0f53-0413-44c7-8609-f438100532e5/datanode-1/data/ratis] (custom)
2019-09-19 09:40:46,146 [pool-38-thread-1] INFO  storage.RaftStorageDirectory (RaftStorageDirectory.java:analyzeStorage(246)) - The storage directory /workdir/hadoop-ozone/ozonefs/target/test-dir/MiniOzoneClusterImpl-21ed0f53-0413-44c7-8609-f438100532e5/datanode-1/data/ratis/1c97b61e-a5bb-4ba5-ae2f-59b9115387d9 does not exist. Creating ...
2019-09-19 09:40:46,154 | INFO  | OMAudit | user=jenkins1000 | ip=127.0.0.1 | op=CREATE_VOLUME {admin=admin11508, owner=user76363, volume=volume16217, creationTime=1568886046148, quotaInBytes=1152921504606846976} | ret=SUCCESS |  
2019-09-19 09:40:46,171 [pool-38-thread-1] INFO  storage.RaftStorageDirectory (RaftStorageDirectory.java:tryLock(328)) - Lock on /workdir/hadoop-ozone/ozonefs/target/test-dir/MiniOzoneClusterImpl-21ed0f53-0413-44c7-8609-f438100532e5/datanode-1/data/ratis/1c97b61e-a5bb-4ba5-ae2f-59b9115387d9/in_use.lock acquired by nodename 23096@pr-hdds-1569-j4bt4-3030777008
2019-09-19 09:40:46,188 [pool-38-thread-1] INFO  storage.RaftStorage (RaftStorage.java:format(72)) - Storage directory /workdir/hadoop-ozone/ozonefs/target/test-dir/MiniOzoneClusterImpl-21ed0f53-0413-44c7-8609-f438100532e5/datanode-1/data/ratis/1c97b61e-a5bb-4ba5-ae2f-59b9115387d9 has been successfully formatted.
2019-09-19 09:40:46,193 [pool-38-thread-1] INFO  ratis.ContainerStateMachine (ContainerStateMachine.java:loadSnapshot(226)) - group-59B9115387D9: The snapshot info is null. Setting the last applied indexto:(t:0, i:~)
2019-09-19 09:40:46,193 [pool-38-thread-1] INFO  server.RaftServerConfigKeys (ConfUtils.java:logGet(43)) - raft.server.leader.election.timeout = 120s (custom)
2019-09-19 09:40:46,194 [pool-38-thread-1] INFO  server.RaftServerConfigKeys (ConfUtils.java:logGet(43)) - raft.server.log.use.memory = false (default)
2019-09-19 09:40:46,194 [pool-38-thread-1] INFO  server.RaftServerConfigKeys (ConfUtils.java:logGet(43)) - raft.server.log.purge.gap = 1000000 (custom)
2019-09-19 09:40:46,194 [pool-38-thread-1] INFO  server.RaftServerConfigKeys (ConfUtils.java:logGet(43)) - raft.server.log.appender.buffer.byte-limit = 33554432 (custom)
2019-09-19 09:40:46,194 [pool-38-thread-1] INFO  server.RaftServerConfigKeys (ConfUtils.java:logGet(43)) - raft.server.log.segment.size.max = 1048576 (custom)
2019-09-19 09:40:46,194 [pool-38-thread-1] INFO  server.RaftServerConfigKeys (ConfUtils.java:logGet(43)) - raft.server.log.segment.cache.num.max = 2 (custom)
2019-09-19 09:40:46,197 [pool-38-thread-1] INFO  segmented.SegmentedRaftLogWorker (SegmentedRaftLogWorker.java:<init>(172)) - new 28f77823-de9e-44cc-bd18-5b415144a5bf-SegmentedRaftLogWorker:Storage Directory /workdir/hadoop-ozone/ozonefs/target/test-dir/MiniOzoneClusterImpl-21ed0f53-0413-44c7-8609-f438100532e5/datanode-1/data/ratis/1c97b61e-a5bb-4ba5-ae2f-59b9115387d9 for RaftStorage:Storage Directory /workdir/hadoop-ozone/ozonefs/target/test-dir/MiniOzoneClusterImpl-21ed0f53-0413-44c7-8609-f438100532e5/datanode-1/data/ratis/1c97b61e-a5bb-4ba5-ae2f-59b9115387d9
2019-09-19 09:40:46,197 | INFO  | OMAudit | user=jenkins1000 | ip=127.0.0.1 | op=CREATE_BUCKET {volume=volume16217, bucket=bucket29509, acls=[], isVersionEnabled=false, storageType=DISK, creationTime=0} | ret=SUCCESS |  
2019-09-19 09:40:46,197 [pool-38-thread-1] INFO  server.RaftServerConfigKeys (ConfUtils.java:logGet(43)) - raft.server.log.queue.byte-limit = 2147483647 (custom)
2019-09-19 09:40:46,199 [pool-38-thread-1] INFO  server.RaftServerConfigKeys (ConfUtils.java:logGet(43)) - raft.server.log.queue.element-limit = 1024 (custom)
2019-09-19 09:40:46,200 [pool-38-thread-1] INFO  server.RaftServerConfigKeys (ConfUtils.java:logGet(43)) - raft.server.log.segment.size.max = 1048576 (custom)
2019-09-19 09:40:46,200 [pool-38-thread-1] INFO  server.RaftServerConfigKeys (ConfUtils.java:logGet(43)) - raft.server.log.preallocated.size = 16384 (custom)
2019-09-19 09:40:46,200 [pool-38-thread-1] INFO  server.RaftServerConfigKeys (ConfUtils.java:logGet(43)) - raft.server.log.write.buffer.size = 33554432 (custom)
2019-09-19 09:40:46,200 [pool-38-thread-1] INFO  server.RaftServerConfigKeys (ConfUtils.java:logGet(43)) - raft.server.log.force.sync.num = 128 (default)
2019-09-19 09:40:46,201 [pool-38-thread-1] INFO  server.RaftServerConfigKeys (ConfUtils.java:logGet(43)) - raft.server.log.statemachine.data.sync = true (default)
2019-09-19 09:40:46,201 [pool-38-thread-1] INFO  server.RaftServerConfigKeys (ConfUtils.java:logGet(43)) - raft.server.log.statemachine.data.sync.timeout = 10s (default)
2019-09-19 09:40:46,201 [pool-38-thread-1] INFO  server.RaftServerConfigKeys (ConfUtils.java:logGet(43)) - raft.server.log.statemachine.data.sync.timeout.retry = -1 (default)
2019-09-19 09:40:46,201 [pool-38-thread-1] INFO  server.RaftServerConfigKeys (ConfUtils.java:logGet(43)) - raft.server.log.statemachine.data.caching.enabled = true (custom)
2019-09-19 09:40:46,202 [pool-38-thread-1] INFO  segmented.SegmentedRaftLogWorker (SegmentedRaftLogWorker.java:lambda$new$0(132)) - 28f77823-de9e-44cc-bd18-5b415144a5bf-SegmentedRaftLogWorker:Storage Directory /workdir/hadoop-ozone/ozonefs/target/test-dir/MiniOzoneClusterImpl-21ed0f53-0413-44c7-8609-f438100532e5/datanode-1/data/ratis/1c97b61e-a5bb-4ba5-ae2f-59b9115387d9: flushIndex: setUnconditionally 0 -> -1
2019-09-19 09:40:46,202 [pool-38-thread-1] INFO  server.RaftServerConfigKeys (ConfUtils.java:logGet(43)) - raft.server.snapshot.auto.trigger.enabled = true (custom)
2019-09-19 09:40:46,202 [pool-38-thread-1] INFO  server.RaftServerConfigKeys (ConfUtils.java:logGet(43)) - raft.server.snapshot.auto.trigger.threshold = 10000 (custom)
2019-09-19 09:40:46,202 [pool-38-thread-1] INFO  server.RaftServerConfigKeys (ConfUtils.java:logGet(43)) - raft.server.retrycache.expirytime = 600000ms (custom)
2019-09-19 09:40:46,203 [pool-38-thread-1] INFO  impl.RaftServerImpl (RaftServerImpl.java:start(180)) - 28f77823-de9e-44cc-bd18-5b415144a5bf: start group-59B9115387D9
2019-09-19 09:40:46,203 [pool-38-thread-1] INFO  impl.RaftServerImpl (RaftServerImpl.java:setRole(171)) - 28f77823-de9e-44cc-bd18-5b415144a5bf:group-59B9115387D9 changes role from null to FOLLOWER at term 0 for startAsFollower
2019-09-19 09:40:46,203 [pool-38-thread-1] INFO  impl.RoleInfo (RoleInfo.java:updateAndGet(143)) - 28f77823-de9e-44cc-bd18-5b415144a5bf: start FollowerState
2019-09-19 09:40:46,204 [pool-38-thread-1] INFO  util.JmxRegister (JmxRegister.java:tryRegister(44)) - Successfully registered JMX Bean with object name Ratis:service=RaftServer,group=group-59B9115387D9,id=28f77823-de9e-44cc-bd18-5b415144a5bf
2019-09-19 09:40:46,209 [RatisPipelineUtilsThread] INFO  pipeline.PipelineStateManager (PipelineStateManager.java:addPipeline(56)) - Created pipeline Pipeline[ Id: 1c97b61e-a5bb-4ba5-ae2f-59b9115387d9, Nodes: 28f77823-de9e-44cc-bd18-5b415144a5bf{ip: 192.168.34.5, host: pr-hdds-1569-j4bt4-3030777008, networkLocation: /default-rack, certSerialId: null}, Type:RATIS, Factor:ONE, State:OPEN]
2019-09-19 09:40:46,213 [RatisPipelineUtilsThread] ERROR pipeline.PipelinePlacementPolicy (PipelinePlacementPolicy.java:meetCriteria(91)) - Pipeline Placement: Doesn't meet the criteria to be viable node. Heaviness: 6
2019-09-19 09:40:46,224 [grpc-default-executor-0] INFO  impl.RaftServerProxy (RaftServerProxy.java:addNew(89)) - 47e0c7c0-2680-4f55-9417-80daafef46d1: addNew group-C490142C6E40:[47e0c7c0-2680-4f55-9417-80daafef46d1:192.168.34.5:40718] returns group-C490142C6E40:java.util.concurrent.CompletableFuture@5db5dc9b[Not completed]
2019-09-19 09:40:46,226 [pool-71-thread-1] INFO  impl.RaftServerImpl (RaftServerImpl.java:<init>(93)) - 47e0c7c0-2680-4f55-9417-80daafef46d1: new RaftServerImpl for group-C490142C6E40:[47e0c7c0-2680-4f55-9417-80daafef46d1:192.168.34.5:40718] with ContainerStateMachine:uninitialized
2019-09-19 09:40:46,226 [pool-71-thread-1] INFO  server.RaftServerConfigKeys (ConfUtils.java:logGet(43)) - raft.server.rpc.timeout.min = 5s (custom)
2019-09-19 09:40:46,226 [pool-71-thread-1] INFO  server.RaftServerConfigKeys (ConfUtils.java:logGet(43)) - raft.server.rpc.timeout.max = 5200ms (custom)
2019-09-19 09:40:46,226 [pool-71-thread-1] INFO  server.RaftServerConfigKeys (ConfUtils.java:logGet(43)) - raft.server.rpcslowness.timeout = 120s (custom)
2019-09-19 09:40:46,226 [pool-71-thread-1] INFO  server.RaftServerConfigKeys (ConfUtils.java:logGet(43)) - raft.server.sleep.deviation.threshold = 300 (default)
2019-09-19 09:40:46,226 [pool-71-thread-1] INFO  server.RaftServerConfigKeys (ConfUtils.java:logGet(43)) - raft.server.log.appender.install.snapshot.enabled = false (custom)
2019-09-19 09:40:46,227 [pool-71-thread-1] INFO  impl.RaftServerImpl (ServerState.java:<init>(105)) - 47e0c7c0-2680-4f55-9417-80daafef46d1:group-C490142C6E40 ConfigurationManager, init=-1: [47e0c7c0-2680-4f55-9417-80daafef46d1:192.168.34.5:40718], old=null, confs=<EMPTY_MAP>
2019-09-19 09:40:46,227 [pool-71-thread-1] INFO  server.RaftServerConfigKeys (ConfUtils.java:logGet(43)) - raft.server.storage.dir = [/workdir/hadoop-ozone/ozonefs/target/test-dir/MiniOzoneClusterImpl-21ed0f53-0413-44c7-8609-f438100532e5/datanode-4/data/ratis] (custom)
2019-09-19 09:40:46,227 [pool-71-thread-1] INFO  storage.RaftStorageDirectory (RaftStorageDirectory.java:analyzeStorage(246)) - The storage directory /workdir/hadoop-ozone/ozonefs/target/test-dir/MiniOzoneClusterImpl-21ed0f53-0413-44c7-8609-f438100532e5/datanode-4/data/ratis/772820cd-d6db-4c0e-a794-c490142c6e40 does not exist. Creating ...
2019-09-19 09:40:46,241 [pool-71-thread-1] INFO  storage.RaftStorageDirectory (RaftStorageDirectory.java:tryLock(328)) - Lock on /workdir/hadoop-ozone/ozonefs/target/test-dir/MiniOzoneClusterImpl-21ed0f53-0413-44c7-8609-f438100532e5/datanode-4/data/ratis/772820cd-d6db-4c0e-a794-c490142c6e40/in_use.lock acquired by nodename 23096@pr-hdds-1569-j4bt4-3030777008
2019-09-19 09:40:46,254 [pool-71-thread-1] INFO  storage.RaftStorage (RaftStorage.java:format(72)) - Storage directory /workdir/hadoop-ozone/ozonefs/target/test-dir/MiniOzoneClusterImpl-21ed0f53-0413-44c7-8609-f438100532e5/datanode-4/data/ratis/772820cd-d6db-4c0e-a794-c490142c6e40 has been successfully formatted.
2019-09-19 09:40:46,255 [pool-71-thread-1] INFO  ratis.ContainerStateMachine (ContainerStateMachine.java:loadSnapshot(226)) - group-C490142C6E40: The snapshot info is null. Setting the last applied indexto:(t:0, i:~)
2019-09-19 09:40:46,255 [pool-71-thread-1] INFO  server.RaftServerConfigKeys (ConfUtils.java:logGet(43)) - raft.server.leader.election.timeout = 120s (custom)
2019-09-19 09:40:46,255 [pool-71-thread-1] INFO  server.RaftServerConfigKeys (ConfUtils.java:logGet(43)) - raft.server.log.use.memory = false (default)
2019-09-19 09:40:46,255 [pool-71-thread-1] INFO  server.RaftServerConfigKeys (ConfUtils.java:logGet(43)) - raft.server.log.purge.gap = 1000000 (custom)
2019-09-19 09:40:46,255 [pool-71-thread-1] INFO  server.RaftServerConfigKeys (ConfUtils.java:logGet(43)) - raft.server.log.appender.buffer.byte-limit = 33554432 (custom)
2019-09-19 09:40:46,255 [pool-71-thread-1] INFO  server.RaftServerConfigKeys (ConfUtils.java:logGet(43)) - raft.server.log.segment.size.max = 1048576 (custom)
2019-09-19 09:40:46,256 [pool-71-thread-1] INFO  server.RaftServerConfigKeys (ConfUtils.java:logGet(43)) - raft.server.log.segment.cache.num.max = 2 (custom)
2019-09-19 09:40:46,256 [pool-71-thread-1] INFO  segmented.SegmentedRaftLogWorker (SegmentedRaftLogWorker.java:<init>(172)) - new 47e0c7c0-2680-4f55-9417-80daafef46d1-SegmentedRaftLogWorker:Storage Directory /workdir/hadoop-ozone/ozonefs/target/test-dir/MiniOzoneClusterImpl-21ed0f53-0413-44c7-8609-f438100532e5/datanode-4/data/ratis/772820cd-d6db-4c0e-a794-c490142c6e40 for RaftStorage:Storage Directory /workdir/hadoop-ozone/ozonefs/target/test-dir/MiniOzoneClusterImpl-21ed0f53-0413-44c7-8609-f438100532e5/datanode-4/data/ratis/772820cd-d6db-4c0e-a794-c490142c6e40
2019-09-19 09:40:46,256 [pool-71-thread-1] INFO  server.RaftServerConfigKeys (ConfUtils.java:logGet(43)) - raft.server.log.queue.byte-limit = 2147483647 (custom)
2019-09-19 09:40:46,256 [pool-71-thread-1] INFO  server.RaftServerConfigKeys (ConfUtils.java:logGet(43)) - raft.server.log.queue.element-limit = 1024 (custom)
2019-09-19 09:40:46,256 [pool-71-thread-1] INFO  server.RaftServerConfigKeys (ConfUtils.java:logGet(43)) - raft.server.log.segment.size.max = 1048576 (custom)
2019-09-19 09:40:46,256 [pool-71-thread-1] INFO  server.RaftServerConfigKeys (ConfUtils.java:logGet(43)) - raft.server.log.preallocated.size = 16384 (custom)
2019-09-19 09:40:46,256 [pool-71-thread-1] INFO  server.RaftServerConfigKeys (ConfUtils.java:logGet(43)) - raft.server.log.write.buffer.size = 33554432 (custom)
2019-09-19 09:40:46,256 [pool-71-thread-1] INFO  server.RaftServerConfigKeys (ConfUtils.java:logGet(43)) - raft.server.log.force.sync.num = 128 (default)
2019-09-19 09:40:46,257 [pool-71-thread-1] INFO  server.RaftServerConfigKeys (ConfUtils.java:logGet(43)) - raft.server.log.statemachine.data.sync = true (default)
2019-09-19 09:40:46,257 [pool-71-thread-1] INFO  server.RaftServerConfigKeys (ConfUtils.java:logGet(43)) - raft.server.log.statemachine.data.sync.timeout = 10s (default)
2019-09-19 09:40:46,257 [pool-71-thread-1] INFO  server.RaftServerConfigKeys (ConfUtils.java:logGet(43)) - raft.server.log.statemachine.data.sync.timeout.retry = -1 (default)
2019-09-19 09:40:46,257 [pool-71-thread-1] INFO  server.RaftServerConfigKeys (ConfUtils.java:logGet(43)) - raft.server.log.statemachine.data.caching.enabled = true (custom)
2019-09-19 09:40:46,257 [pool-71-thread-1] INFO  segmented.SegmentedRaftLogWorker (SegmentedRaftLogWorker.java:lambda$new$0(132)) - 47e0c7c0-2680-4f55-9417-80daafef46d1-SegmentedRaftLogWorker:Storage Directory /workdir/hadoop-ozone/ozonefs/target/test-dir/MiniOzoneClusterImpl-21ed0f53-0413-44c7-8609-f438100532e5/datanode-4/data/ratis/772820cd-d6db-4c0e-a794-c490142c6e40: flushIndex: setUnconditionally 0 -> -1
2019-09-19 09:40:46,258 [pool-71-thread-1] INFO  server.RaftServerConfigKeys (ConfUtils.java:logGet(43)) - raft.server.snapshot.auto.trigger.enabled = true (custom)
2019-09-19 09:40:46,258 [pool-71-thread-1] INFO  server.RaftServerConfigKeys (ConfUtils.java:logGet(43)) - raft.server.snapshot.auto.trigger.threshold = 10000 (custom)
2019-09-19 09:40:46,258 [pool-71-thread-1] INFO  server.RaftServerConfigKeys (ConfUtils.java:logGet(43)) - raft.server.retrycache.expirytime = 600000ms (custom)
2019-09-19 09:40:46,258 [pool-71-thread-1] INFO  impl.RaftServerImpl (RaftServerImpl.java:start(180)) - 47e0c7c0-2680-4f55-9417-80daafef46d1: start group-C490142C6E40
2019-09-19 09:40:46,258 [pool-71-thread-1] INFO  impl.RaftServerImpl (RaftServerImpl.java:setRole(171)) - 47e0c7c0-2680-4f55-9417-80daafef46d1:group-C490142C6E40 changes role from null to FOLLOWER at term 0 for startAsFollower
2019-09-19 09:40:46,259 [pool-71-thread-1] INFO  impl.RoleInfo (RoleInfo.java:updateAndGet(143)) - 47e0c7c0-2680-4f55-9417-80daafef46d1: start FollowerState
2019-09-19 09:40:46,259 [pool-71-thread-1] INFO  util.JmxRegister (JmxRegister.java:tryRegister(44)) - Successfully registered JMX Bean with object name Ratis:service=RaftServer,group=group-C490142C6E40,id=47e0c7c0-2680-4f55-9417-80daafef46d1
2019-09-19 09:40:46,265 [RatisPipelineUtilsThread] INFO  pipeline.PipelineStateManager (PipelineStateManager.java:addPipeline(56)) - Created pipeline Pipeline[ Id: 772820cd-d6db-4c0e-a794-c490142c6e40, Nodes: 47e0c7c0-2680-4f55-9417-80daafef46d1{ip: 192.168.34.5, host: pr-hdds-1569-j4bt4-3030777008, networkLocation: /default-rack, certSerialId: null}, Type:RATIS, Factor:ONE, State:OPEN]
2019-09-19 09:40:46,268 [RatisPipelineUtilsThread] ERROR pipeline.PipelinePlacementPolicy (PipelinePlacementPolicy.java:meetCriteria(91)) - Pipeline Placement: Doesn't meet the criteria to be viable node. Heaviness: 6
2019-09-19 09:40:46,278 [grpc-default-executor-0] INFO  impl.RaftServerProxy (RaftServerProxy.java:addNew(89)) - d87be78c-f122-4471-b781-d01263e91835: addNew group-8CD581E27AA5:[d87be78c-f122-4471-b781-d01263e91835:192.168.34.5:39992] returns group-8CD581E27AA5:java.util.concurrent.CompletableFuture@1fd90da[Not completed]
2019-09-19 09:40:46,280 [pool-60-thread-1] INFO  impl.RaftServerImpl (RaftServerImpl.java:<init>(93)) - d87be78c-f122-4471-b781-d01263e91835: new RaftServerImpl for group-8CD581E27AA5:[d87be78c-f122-4471-b781-d01263e91835:192.168.34.5:39992] with ContainerStateMachine:uninitialized
2019-09-19 09:40:46,280 [pool-60-thread-1] INFO  server.RaftServerConfigKeys (ConfUtils.java:logGet(43)) - raft.server.rpc.timeout.min = 5s (custom)
2019-09-19 09:40:46,280 [pool-60-thread-1] INFO  server.RaftServerConfigKeys (ConfUtils.java:logGet(43)) - raft.server.rpc.timeout.max = 5200ms (custom)
2019-09-19 09:40:46,280 [pool-60-thread-1] INFO  server.RaftServerConfigKeys (ConfUtils.java:logGet(43)) - raft.server.rpcslowness.timeout = 120s (custom)
2019-09-19 09:40:46,280 [pool-60-thread-1] INFO  server.RaftServerConfigKeys (ConfUtils.java:logGet(43)) - raft.server.sleep.deviation.threshold = 300 (default)
2019-09-19 09:40:46,280 [pool-60-thread-1] INFO  server.RaftServerConfigKeys (ConfUtils.java:logGet(43)) - raft.server.log.appender.install.snapshot.enabled = false (custom)
2019-09-19 09:40:46,280 [pool-60-thread-1] INFO  impl.RaftServerImpl (ServerState.java:<init>(105)) - d87be78c-f122-4471-b781-d01263e91835:group-8CD581E27AA5 ConfigurationManager, init=-1: [d87be78c-f122-4471-b781-d01263e91835:192.168.34.5:39992], old=null, confs=<EMPTY_MAP>
2019-09-19 09:40:46,281 [pool-60-thread-1] INFO  server.RaftServerConfigKeys (ConfUtils.java:logGet(43)) - raft.server.storage.dir = [/workdir/hadoop-ozone/ozonefs/target/test-dir/MiniOzoneClusterImpl-21ed0f53-0413-44c7-8609-f438100532e5/datanode-3/data/ratis] (custom)
2019-09-19 09:40:46,281 [pool-60-thread-1] INFO  storage.RaftStorageDirectory (RaftStorageDirectory.java:analyzeStorage(246)) - The storage directory /workdir/hadoop-ozone/ozonefs/target/test-dir/MiniOzoneClusterImpl-21ed0f53-0413-44c7-8609-f438100532e5/datanode-3/data/ratis/19b9d728-466f-4454-a887-8cd581e27aa5 does not exist. Creating ...
2019-09-19 09:40:46,293 [pool-60-thread-1] INFO  storage.RaftStorageDirectory (RaftStorageDirectory.java:tryLock(328)) - Lock on /workdir/hadoop-ozone/ozonefs/target/test-dir/MiniOzoneClusterImpl-21ed0f53-0413-44c7-8609-f438100532e5/datanode-3/data/ratis/19b9d728-466f-4454-a887-8cd581e27aa5/in_use.lock acquired by nodename 23096@pr-hdds-1569-j4bt4-3030777008
2019-09-19 09:40:46,306 [pool-60-thread-1] INFO  storage.RaftStorage (RaftStorage.java:format(72)) - Storage directory /workdir/hadoop-ozone/ozonefs/target/test-dir/MiniOzoneClusterImpl-21ed0f53-0413-44c7-8609-f438100532e5/datanode-3/data/ratis/19b9d728-466f-4454-a887-8cd581e27aa5 has been successfully formatted.
2019-09-19 09:40:46,307 [pool-60-thread-1] INFO  ratis.ContainerStateMachine (ContainerStateMachine.java:loadSnapshot(226)) - group-8CD581E27AA5: The snapshot info is null. Setting the last applied indexto:(t:0, i:~)
2019-09-19 09:40:46,307 [pool-60-thread-1] INFO  server.RaftServerConfigKeys (ConfUtils.java:logGet(43)) - raft.server.leader.election.timeout = 120s (custom)
2019-09-19 09:40:46,307 [pool-60-thread-1] INFO  server.RaftServerConfigKeys (ConfUtils.java:logGet(43)) - raft.server.log.use.memory = false (default)
2019-09-19 09:40:46,307 [pool-60-thread-1] INFO  server.RaftServerConfigKeys (ConfUtils.java:logGet(43)) - raft.server.log.purge.gap = 1000000 (custom)
2019-09-19 09:40:46,307 [pool-60-thread-1] INFO  server.RaftServerConfigKeys (ConfUtils.java:logGet(43)) - raft.server.log.appender.buffer.byte-limit = 33554432 (custom)
2019-09-19 09:40:46,307 [pool-60-thread-1] INFO  server.RaftServerConfigKeys (ConfUtils.java:logGet(43)) - raft.server.log.segment.size.max = 1048576 (custom)
2019-09-19 09:40:46,308 [pool-60-thread-1] INFO  server.RaftServerConfigKeys (ConfUtils.java:logGet(43)) - raft.server.log.segment.cache.num.max = 2 (custom)
2019-09-19 09:40:46,308 [pool-60-thread-1] INFO  segmented.SegmentedRaftLogWorker (SegmentedRaftLogWorker.java:<init>(172)) - new d87be78c-f122-4471-b781-d01263e91835-SegmentedRaftLogWorker:Storage Directory /workdir/hadoop-ozone/ozonefs/target/test-dir/MiniOzoneClusterImpl-21ed0f53-0413-44c7-8609-f438100532e5/datanode-3/data/ratis/19b9d728-466f-4454-a887-8cd581e27aa5 for RaftStorage:Storage Directory /workdir/hadoop-ozone/ozonefs/target/test-dir/MiniOzoneClusterImpl-21ed0f53-0413-44c7-8609-f438100532e5/datanode-3/data/ratis/19b9d728-466f-4454-a887-8cd581e27aa5
2019-09-19 09:40:46,308 [pool-60-thread-1] INFO  server.RaftServerConfigKeys (ConfUtils.java:logGet(43)) - raft.server.log.queue.byte-limit = 2147483647 (custom)
2019-09-19 09:40:46,308 [pool-60-thread-1] INFO  server.RaftServerConfigKeys (ConfUtils.java:logGet(43)) - raft.server.log.queue.element-limit = 1024 (custom)
2019-09-19 09:40:46,308 [pool-60-thread-1] INFO  server.RaftServerConfigKeys (ConfUtils.java:logGet(43)) - raft.server.log.segment.size.max = 1048576 (custom)
2019-09-19 09:40:46,308 [pool-60-thread-1] INFO  server.RaftServerConfigKeys (ConfUtils.java:logGet(43)) - raft.server.log.preallocated.size = 16384 (custom)
2019-09-19 09:40:46,308 [pool-60-thread-1] INFO  server.RaftServerConfigKeys (ConfUtils.java:logGet(43)) - raft.server.log.write.buffer.size = 33554432 (custom)
2019-09-19 09:40:46,309 [pool-60-thread-1] INFO  server.RaftServerConfigKeys (ConfUtils.java:logGet(43)) - raft.server.log.force.sync.num = 128 (default)
2019-09-19 09:40:46,309 [pool-60-thread-1] INFO  server.RaftServerConfigKeys (ConfUtils.java:logGet(43)) - raft.server.log.statemachine.data.sync = true (default)
2019-09-19 09:40:46,309 [pool-60-thread-1] INFO  server.RaftServerConfigKeys (ConfUtils.java:logGet(43)) - raft.server.log.statemachine.data.sync.timeout = 10s (default)
2019-09-19 09:40:46,309 [pool-60-thread-1] INFO  server.RaftServerConfigKeys (ConfUtils.java:logGet(43)) - raft.server.log.statemachine.data.sync.timeout.retry = -1 (default)
2019-09-19 09:40:46,309 [pool-60-thread-1] INFO  server.RaftServerConfigKeys (ConfUtils.java:logGet(43)) - raft.server.log.statemachine.data.caching.enabled = true (custom)
2019-09-19 09:40:46,310 [pool-60-thread-1] INFO  segmented.SegmentedRaftLogWorker (SegmentedRaftLogWorker.java:lambda$new$0(132)) - d87be78c-f122-4471-b781-d01263e91835-SegmentedRaftLogWorker:Storage Directory /workdir/hadoop-ozone/ozonefs/target/test-dir/MiniOzoneClusterImpl-21ed0f53-0413-44c7-8609-f438100532e5/datanode-3/data/ratis/19b9d728-466f-4454-a887-8cd581e27aa5: flushIndex: setUnconditionally 0 -> -1
2019-09-19 09:40:46,310 [pool-60-thread-1] INFO  server.RaftServerConfigKeys (ConfUtils.java:logGet(43)) - raft.server.snapshot.auto.trigger.enabled = true (custom)
2019-09-19 09:40:46,310 [pool-60-thread-1] INFO  server.RaftServerConfigKeys (ConfUtils.java:logGet(43)) - raft.server.snapshot.auto.trigger.threshold = 10000 (custom)
2019-09-19 09:40:46,310 [pool-60-thread-1] INFO  server.RaftServerConfigKeys (ConfUtils.java:logGet(43)) - raft.server.retrycache.expirytime = 600000ms (custom)
2019-09-19 09:40:46,311 [pool-60-thread-1] INFO  impl.RaftServerImpl (RaftServerImpl.java:start(180)) - d87be78c-f122-4471-b781-d01263e91835: start group-8CD581E27AA5
2019-09-19 09:40:46,311 [pool-60-thread-1] INFO  impl.RaftServerImpl (RaftServerImpl.java:setRole(171)) - d87be78c-f122-4471-b781-d01263e91835:group-8CD581E27AA5 changes role from null to FOLLOWER at term 0 for startAsFollower
2019-09-19 09:40:46,311 [pool-60-thread-1] INFO  impl.RoleInfo (RoleInfo.java:updateAndGet(143)) - d87be78c-f122-4471-b781-d01263e91835: start FollowerState
2019-09-19 09:40:46,311 [pool-60-thread-1] INFO  util.JmxRegister (JmxRegister.java:tryRegister(44)) - Successfully registered JMX Bean with object name Ratis:service=RaftServer,group=group-8CD581E27AA5,id=d87be78c-f122-4471-b781-d01263e91835
2019-09-19 09:40:46,322 [RatisPipelineUtilsThread] INFO  pipeline.PipelineStateManager (PipelineStateManager.java:addPipeline(56)) - Created pipeline Pipeline[ Id: 19b9d728-466f-4454-a887-8cd581e27aa5, Nodes: d87be78c-f122-4471-b781-d01263e91835{ip: 192.168.34.5, host: pr-hdds-1569-j4bt4-3030777008, networkLocation: /default-rack, certSerialId: null}, Type:RATIS, Factor:ONE, State:OPEN]
2019-09-19 09:40:46,325 [RatisPipelineUtilsThread] ERROR pipeline.PipelinePlacementPolicy (PipelinePlacementPolicy.java:meetCriteria(91)) - Pipeline Placement: Doesn't meet the criteria to be viable node. Heaviness: 6
2019-09-19 09:40:46,336 [grpc-default-executor-0] INFO  impl.RaftServerProxy (RaftServerProxy.java:addNew(89)) - 47e0c7c0-2680-4f55-9417-80daafef46d1: addNew group-0243C60E6F04:[47e0c7c0-2680-4f55-9417-80daafef46d1:192.168.34.5:40718] returns group-0243C60E6F04:java.util.concurrent.CompletableFuture@10087501[Not completed]
2019-09-19 09:40:46,337 [pool-71-thread-1] INFO  impl.RaftServerImpl (RaftServerImpl.java:<init>(93)) - 47e0c7c0-2680-4f55-9417-80daafef46d1: new RaftServerImpl for group-0243C60E6F04:[47e0c7c0-2680-4f55-9417-80daafef46d1:192.168.34.5:40718] with ContainerStateMachine:uninitialized
2019-09-19 09:40:46,337 [pool-71-thread-1] INFO  server.RaftServerConfigKeys (ConfUtils.java:logGet(43)) - raft.server.rpc.timeout.min = 5s (custom)
2019-09-19 09:40:46,338 [pool-71-thread-1] INFO  server.RaftServerConfigKeys (ConfUtils.java:logGet(43)) - raft.server.rpc.timeout.max = 5200ms (custom)
2019-09-19 09:40:46,338 [pool-71-thread-1] INFO  server.RaftServerConfigKeys (ConfUtils.java:logGet(43)) - raft.server.rpcslowness.timeout = 120s (custom)
2019-09-19 09:40:46,338 [pool-71-thread-1] INFO  server.RaftServerConfigKeys (ConfUtils.java:logGet(43)) - raft.server.sleep.deviation.threshold = 300 (default)
2019-09-19 09:40:46,338 [pool-71-thread-1] INFO  server.RaftServerConfigKeys (ConfUtils.java:logGet(43)) - raft.server.log.appender.install.snapshot.enabled = false (custom)
2019-09-19 09:40:46,338 [pool-71-thread-1] INFO  impl.RaftServerImpl (ServerState.java:<init>(105)) - 47e0c7c0-2680-4f55-9417-80daafef46d1:group-0243C60E6F04 ConfigurationManager, init=-1: [47e0c7c0-2680-4f55-9417-80daafef46d1:192.168.34.5:40718], old=null, confs=<EMPTY_MAP>
2019-09-19 09:40:46,338 [pool-71-thread-1] INFO  server.RaftServerConfigKeys (ConfUtils.java:logGet(43)) - raft.server.storage.dir = [/workdir/hadoop-ozone/ozonefs/target/test-dir/MiniOzoneClusterImpl-21ed0f53-0413-44c7-8609-f438100532e5/datanode-4/data/ratis] (custom)
2019-09-19 09:40:46,338 [pool-71-thread-1] INFO  storage.RaftStorageDirectory (RaftStorageDirectory.java:analyzeStorage(246)) - The storage directory /workdir/hadoop-ozone/ozonefs/target/test-dir/MiniOzoneClusterImpl-21ed0f53-0413-44c7-8609-f438100532e5/datanode-4/data/ratis/1689beb4-f786-41b3-8768-0243c60e6f04 does not exist. Creating ...
2019-09-19 09:40:46,351 [pool-71-thread-1] INFO  storage.RaftStorageDirectory (RaftStorageDirectory.java:tryLock(328)) - Lock on /workdir/hadoop-ozone/ozonefs/target/test-dir/MiniOzoneClusterImpl-21ed0f53-0413-44c7-8609-f438100532e5/datanode-4/data/ratis/1689beb4-f786-41b3-8768-0243c60e6f04/in_use.lock acquired by nodename 23096@pr-hdds-1569-j4bt4-3030777008
2019-09-19 09:40:46,364 [pool-71-thread-1] INFO  storage.RaftStorage (RaftStorage.java:format(72)) - Storage directory /workdir/hadoop-ozone/ozonefs/target/test-dir/MiniOzoneClusterImpl-21ed0f53-0413-44c7-8609-f438100532e5/datanode-4/data/ratis/1689beb4-f786-41b3-8768-0243c60e6f04 has been successfully formatted.
2019-09-19 09:40:46,364 [pool-71-thread-1] INFO  ratis.ContainerStateMachine (ContainerStateMachine.java:loadSnapshot(226)) - group-0243C60E6F04: The snapshot info is null. Setting the last applied indexto:(t:0, i:~)
2019-09-19 09:40:46,364 [pool-71-thread-1] INFO  server.RaftServerConfigKeys (ConfUtils.java:logGet(43)) - raft.server.leader.election.timeout = 120s (custom)
2019-09-19 09:40:46,364 [pool-71-thread-1] INFO  server.RaftServerConfigKeys (ConfUtils.java:logGet(43)) - raft.server.log.use.memory = false (default)
2019-09-19 09:40:46,364 [pool-71-thread-1] INFO  server.RaftServerConfigKeys (ConfUtils.java:logGet(43)) - raft.server.log.purge.gap = 1000000 (custom)
2019-09-19 09:40:46,364 [pool-71-thread-1] INFO  server.RaftServerConfigKeys (ConfUtils.java:logGet(43)) - raft.server.log.appender.buffer.byte-limit = 33554432 (custom)
2019-09-19 09:40:46,364 [pool-71-thread-1] INFO  server.RaftServerConfigKeys (ConfUtils.java:logGet(43)) - raft.server.log.segment.size.max = 1048576 (custom)
2019-09-19 09:40:46,365 [pool-71-thread-1] INFO  server.RaftServerConfigKeys (ConfUtils.java:logGet(43)) - raft.server.log.segment.cache.num.max = 2 (custom)
2019-09-19 09:40:46,365 [pool-71-thread-1] INFO  segmented.SegmentedRaftLogWorker (SegmentedRaftLogWorker.java:<init>(172)) - new 47e0c7c0-2680-4f55-9417-80daafef46d1-SegmentedRaftLogWorker:Storage Directory /workdir/hadoop-ozone/ozonefs/target/test-dir/MiniOzoneClusterImpl-21ed0f53-0413-44c7-8609-f438100532e5/datanode-4/data/ratis/1689beb4-f786-41b3-8768-0243c60e6f04 for RaftStorage:Storage Directory /workdir/hadoop-ozone/ozonefs/target/test-dir/MiniOzoneClusterImpl-21ed0f53-0413-44c7-8609-f438100532e5/datanode-4/data/ratis/1689beb4-f786-41b3-8768-0243c60e6f04
2019-09-19 09:40:46,365 [pool-71-thread-1] INFO  server.RaftServerConfigKeys (ConfUtils.java:logGet(43)) - raft.server.log.queue.byte-limit = 2147483647 (custom)
2019-09-19 09:40:46,365 [pool-71-thread-1] INFO  server.RaftServerConfigKeys (ConfUtils.java:logGet(43)) - raft.server.log.queue.element-limit = 1024 (custom)
2019-09-19 09:40:46,365 [pool-71-thread-1] INFO  server.RaftServerConfigKeys (ConfUtils.java:logGet(43)) - raft.server.log.segment.size.max = 1048576 (custom)
2019-09-19 09:40:46,365 [pool-71-thread-1] INFO  server.RaftServerConfigKeys (ConfUtils.java:logGet(43)) - raft.server.log.preallocated.size = 16384 (custom)
2019-09-19 09:40:46,365 [pool-71-thread-1] INFO  server.RaftServerConfigKeys (ConfUtils.java:logGet(43)) - raft.server.log.write.buffer.size = 33554432 (custom)
2019-09-19 09:40:46,365 [pool-71-thread-1] INFO  server.RaftServerConfigKeys (ConfUtils.java:logGet(43)) - raft.server.log.force.sync.num = 128 (default)
2019-09-19 09:40:46,365 [pool-71-thread-1] INFO  server.RaftServerConfigKeys (ConfUtils.java:logGet(43)) - raft.server.log.statemachine.data.sync = true (default)
2019-09-19 09:40:46,365 [pool-71-thread-1] INFO  server.RaftServerConfigKeys (ConfUtils.java:logGet(43)) - raft.server.log.statemachine.data.sync.timeout = 10s (default)
2019-09-19 09:40:46,366 [pool-71-thread-1] INFO  server.RaftServerConfigKeys (ConfUtils.java:logGet(43)) - raft.server.log.statemachine.data.sync.timeout.retry = -1 (default)
2019-09-19 09:40:46,366 [pool-71-thread-1] INFO  server.RaftServerConfigKeys (ConfUtils.java:logGet(43)) - raft.server.log.statemachine.data.caching.enabled = true (custom)
2019-09-19 09:40:46,366 [pool-71-thread-1] INFO  segmented.SegmentedRaftLogWorker (SegmentedRaftLogWorker.java:lambda$new$0(132)) - 47e0c7c0-2680-4f55-9417-80daafef46d1-SegmentedRaftLogWorker:Storage Directory /workdir/hadoop-ozone/ozonefs/target/test-dir/MiniOzoneClusterImpl-21ed0f53-0413-44c7-8609-f438100532e5/datanode-4/data/ratis/1689beb4-f786-41b3-8768-0243c60e6f04: flushIndex: setUnconditionally 0 -> -1
2019-09-19 09:40:46,366 [pool-71-thread-1] INFO  server.RaftServerConfigKeys (ConfUtils.java:logGet(43)) - raft.server.snapshot.auto.trigger.enabled = true (custom)
2019-09-19 09:40:46,366 [pool-71-thread-1] INFO  server.RaftServerConfigKeys (ConfUtils.java:logGet(43)) - raft.server.snapshot.auto.trigger.threshold = 10000 (custom)
2019-09-19 09:40:46,367 [pool-71-thread-1] INFO  server.RaftServerConfigKeys (ConfUtils.java:logGet(43)) - raft.server.retrycache.expirytime = 600000ms (custom)
2019-09-19 09:40:46,367 [pool-71-thread-1] INFO  impl.RaftServerImpl (RaftServerImpl.java:start(180)) - 47e0c7c0-2680-4f55-9417-80daafef46d1: start group-0243C60E6F04
2019-09-19 09:40:46,367 [pool-71-thread-1] INFO  impl.RaftServerImpl (RaftServerImpl.java:setRole(171)) - 47e0c7c0-2680-4f55-9417-80daafef46d1:group-0243C60E6F04 changes role from null to FOLLOWER at term 0 for startAsFollower
2019-09-19 09:40:46,367 [pool-71-thread-1] INFO  impl.RoleInfo (RoleInfo.java:updateAndGet(143)) - 47e0c7c0-2680-4f55-9417-80daafef46d1: start FollowerState
2019-09-19 09:40:46,367 [pool-71-thread-1] INFO  util.JmxRegister (JmxRegister.java:tryRegister(44)) - Successfully registered JMX Bean with object name Ratis:service=RaftServer,group=group-0243C60E6F04,id=47e0c7c0-2680-4f55-9417-80daafef46d1
2019-09-19 09:40:46,373 [RatisPipelineUtilsThread] INFO  pipeline.PipelineStateManager (PipelineStateManager.java:addPipeline(56)) - Created pipeline Pipeline[ Id: 1689beb4-f786-41b3-8768-0243c60e6f04, Nodes: 47e0c7c0-2680-4f55-9417-80daafef46d1{ip: 192.168.34.5, host: pr-hdds-1569-j4bt4-3030777008, networkLocation: /default-rack, certSerialId: null}, Type:RATIS, Factor:ONE, State:OPEN]
2019-09-19 09:40:46,376 [RatisPipelineUtilsThread] ERROR pipeline.PipelinePlacementPolicy (PipelinePlacementPolicy.java:meetCriteria(91)) - Pipeline Placement: Doesn't meet the criteria to be viable node. Heaviness: 6
2019-09-19 09:40:46,377 [RatisPipelineUtilsThread] ERROR pipeline.PipelinePlacementPolicy (PipelinePlacementPolicy.java:meetCriteria(91)) - Pipeline Placement: Doesn't meet the criteria to be viable node. Heaviness: 6
2019-09-19 09:40:46,402 | INFO  | SCMAudit | user=jenkins1000 | ip=192.168.34.5 | op=SEND_HEARTBEAT {datanodeUUID=00cd5ee6-30a6-4c0a-bb6c-a5a65ddde9fb, command=[]} | ret=SUCCESS |  
2019-09-19 09:40:46,407 | INFO  | SCMAudit | user=jenkins1000 | ip=192.168.34.5 | op=SEND_HEARTBEAT {datanodeUUID=d87be78c-f122-4471-b781-d01263e91835, command=[]} | ret=SUCCESS |  
2019-09-19 09:40:46,407 | INFO  | SCMAudit | user=jenkins1000 | ip=192.168.34.5 | op=SEND_HEARTBEAT {datanodeUUID=47e0c7c0-2680-4f55-9417-80daafef46d1, command=[]} | ret=SUCCESS |  
2019-09-19 09:40:46,413 [grpc-default-executor-0] INFO  impl.RaftServerProxy (RaftServerProxy.java:addNew(89)) - 90577c55-fd31-444d-84bd-73a3c37bc268: addNew group-4E38B6D47140:[90577c55-fd31-444d-84bd-73a3c37bc268:192.168.34.5:38982] returns group-4E38B6D47140:java.util.concurrent.CompletableFuture@a3469d2[Not completed]
2019-09-19 09:40:46,415 [pool-49-thread-1] INFO  impl.RaftServerImpl (RaftServerImpl.java:<init>(93)) - 90577c55-fd31-444d-84bd-73a3c37bc268: new RaftServerImpl for group-4E38B6D47140:[90577c55-fd31-444d-84bd-73a3c37bc268:192.168.34.5:38982] with ContainerStateMachine:uninitialized
2019-09-19 09:40:46,415 [pool-49-thread-1] INFO  server.RaftServerConfigKeys (ConfUtils.java:logGet(43)) - raft.server.rpc.timeout.min = 5s (custom)
2019-09-19 09:40:46,415 [pool-49-thread-1] INFO  server.RaftServerConfigKeys (ConfUtils.java:logGet(43)) - raft.server.rpc.timeout.max = 5200ms (custom)
2019-09-19 09:40:46,415 [pool-49-thread-1] INFO  server.RaftServerConfigKeys (ConfUtils.java:logGet(43)) - raft.server.rpcslowness.timeout = 120s (custom)
2019-09-19 09:40:46,415 [pool-49-thread-1] INFO  server.RaftServerConfigKeys (ConfUtils.java:logGet(43)) - raft.server.sleep.deviation.threshold = 300 (default)
2019-09-19 09:40:46,415 [pool-49-thread-1] INFO  server.RaftServerConfigKeys (ConfUtils.java:logGet(43)) - raft.server.log.appender.install.snapshot.enabled = false (custom)
2019-09-19 09:40:46,415 [pool-49-thread-1] INFO  impl.RaftServerImpl (ServerState.java:<init>(105)) - 90577c55-fd31-444d-84bd-73a3c37bc268:group-4E38B6D47140 ConfigurationManager, init=-1: [90577c55-fd31-444d-84bd-73a3c37bc268:192.168.34.5:38982], old=null, confs=<EMPTY_MAP>
2019-09-19 09:40:46,415 [pool-49-thread-1] INFO  server.RaftServerConfigKeys (ConfUtils.java:logGet(43)) - raft.server.storage.dir = [/workdir/hadoop-ozone/ozonefs/target/test-dir/MiniOzoneClusterImpl-21ed0f53-0413-44c7-8609-f438100532e5/datanode-2/data/ratis] (custom)
2019-09-19 09:40:46,416 [pool-49-thread-1] INFO  storage.RaftStorageDirectory (RaftStorageDirectory.java:analyzeStorage(246)) - The storage directory /workdir/hadoop-ozone/ozonefs/target/test-dir/MiniOzoneClusterImpl-21ed0f53-0413-44c7-8609-f438100532e5/datanode-2/data/ratis/40375298-6712-45c6-9997-4e38b6d47140 does not exist. Creating ...
2019-09-19 09:40:46,428 [pool-49-thread-1] INFO  storage.RaftStorageDirectory (RaftStorageDirectory.java:tryLock(328)) - Lock on /workdir/hadoop-ozone/ozonefs/target/test-dir/MiniOzoneClusterImpl-21ed0f53-0413-44c7-8609-f438100532e5/datanode-2/data/ratis/40375298-6712-45c6-9997-4e38b6d47140/in_use.lock acquired by nodename 23096@pr-hdds-1569-j4bt4-3030777008
2019-09-19 09:40:46,441 [pool-49-thread-1] INFO  storage.RaftStorage (RaftStorage.java:format(72)) - Storage directory /workdir/hadoop-ozone/ozonefs/target/test-dir/MiniOzoneClusterImpl-21ed0f53-0413-44c7-8609-f438100532e5/datanode-2/data/ratis/40375298-6712-45c6-9997-4e38b6d47140 has been successfully formatted.
2019-09-19 09:40:46,441 [pool-49-thread-1] INFO  ratis.ContainerStateMachine (ContainerStateMachine.java:loadSnapshot(226)) - group-4E38B6D47140: The snapshot info is null. Setting the last applied indexto:(t:0, i:~)
2019-09-19 09:40:46,441 [pool-49-thread-1] INFO  server.RaftServerConfigKeys (ConfUtils.java:logGet(43)) - raft.server.leader.election.timeout = 120s (custom)
2019-09-19 09:40:46,441 [pool-49-thread-1] INFO  server.RaftServerConfigKeys (ConfUtils.java:logGet(43)) - raft.server.log.use.memory = false (default)
2019-09-19 09:40:46,441 [pool-49-thread-1] INFO  server.RaftServerConfigKeys (ConfUtils.java:logGet(43)) - raft.server.log.purge.gap = 1000000 (custom)
2019-09-19 09:40:46,442 [pool-49-thread-1] INFO  server.RaftServerConfigKeys (ConfUtils.java:logGet(43)) - raft.server.log.appender.buffer.byte-limit = 33554432 (custom)
2019-09-19 09:40:46,442 [pool-49-thread-1] INFO  server.RaftServerConfigKeys (ConfUtils.java:logGet(43)) - raft.server.log.segment.size.max = 1048576 (custom)
2019-09-19 09:40:46,442 [pool-49-thread-1] INFO  server.RaftServerConfigKeys (ConfUtils.java:logGet(43)) - raft.server.log.segment.cache.num.max = 2 (custom)
2019-09-19 09:40:46,442 [pool-49-thread-1] INFO  segmented.SegmentedRaftLogWorker (SegmentedRaftLogWorker.java:<init>(172)) - new 90577c55-fd31-444d-84bd-73a3c37bc268-SegmentedRaftLogWorker:Storage Directory /workdir/hadoop-ozone/ozonefs/target/test-dir/MiniOzoneClusterImpl-21ed0f53-0413-44c7-8609-f438100532e5/datanode-2/data/ratis/40375298-6712-45c6-9997-4e38b6d47140 for RaftStorage:Storage Directory /workdir/hadoop-ozone/ozonefs/target/test-dir/MiniOzoneClusterImpl-21ed0f53-0413-44c7-8609-f438100532e5/datanode-2/data/ratis/40375298-6712-45c6-9997-4e38b6d47140
2019-09-19 09:40:46,442 [pool-49-thread-1] INFO  server.RaftServerConfigKeys (ConfUtils.java:logGet(43)) - raft.server.log.queue.byte-limit = 2147483647 (custom)
2019-09-19 09:40:46,442 [pool-49-thread-1] INFO  server.RaftServerConfigKeys (ConfUtils.java:logGet(43)) - raft.server.log.queue.element-limit = 1024 (custom)
2019-09-19 09:40:46,442 [pool-49-thread-1] INFO  server.RaftServerConfigKeys (ConfUtils.java:logGet(43)) - raft.server.log.segment.size.max = 1048576 (custom)
2019-09-19 09:40:46,442 [pool-49-thread-1] INFO  server.RaftServerConfigKeys (ConfUtils.java:logGet(43)) - raft.server.log.preallocated.size = 16384 (custom)
2019-09-19 09:40:46,443 [pool-49-thread-1] INFO  server.RaftServerConfigKeys (ConfUtils.java:logGet(43)) - raft.server.log.write.buffer.size = 33554432 (custom)
2019-09-19 09:40:46,443 [pool-49-thread-1] INFO  server.RaftServerConfigKeys (ConfUtils.java:logGet(43)) - raft.server.log.force.sync.num = 128 (default)
2019-09-19 09:40:46,443 [pool-49-thread-1] INFO  server.RaftServerConfigKeys (ConfUtils.java:logGet(43)) - raft.server.log.statemachine.data.sync = true (default)
2019-09-19 09:40:46,443 [pool-49-thread-1] INFO  server.RaftServerConfigKeys (ConfUtils.java:logGet(43)) - raft.server.log.statemachine.data.sync.timeout = 10s (default)
2019-09-19 09:40:46,443 [pool-49-thread-1] INFO  server.RaftServerConfigKeys (ConfUtils.java:logGet(43)) - raft.server.log.statemachine.data.sync.timeout.retry = -1 (default)
2019-09-19 09:40:46,443 [pool-49-thread-1] INFO  server.RaftServerConfigKeys (ConfUtils.java:logGet(43)) - raft.server.log.statemachine.data.caching.enabled = true (custom)
2019-09-19 09:40:46,444 [pool-49-thread-1] INFO  segmented.SegmentedRaftLogWorker (SegmentedRaftLogWorker.java:lambda$new$0(132)) - 90577c55-fd31-444d-84bd-73a3c37bc268-SegmentedRaftLogWorker:Storage Directory /workdir/hadoop-ozone/ozonefs/target/test-dir/MiniOzoneClusterImpl-21ed0f53-0413-44c7-8609-f438100532e5/datanode-2/data/ratis/40375298-6712-45c6-9997-4e38b6d47140: flushIndex: setUnconditionally 0 -> -1
2019-09-19 09:40:46,444 [pool-49-thread-1] INFO  server.RaftServerConfigKeys (ConfUtils.java:logGet(43)) - raft.server.snapshot.auto.trigger.enabled = true (custom)
2019-09-19 09:40:46,444 [pool-49-thread-1] INFO  server.RaftServerConfigKeys (ConfUtils.java:logGet(43)) - raft.server.snapshot.auto.trigger.threshold = 10000 (custom)
2019-09-19 09:40:46,444 [pool-49-thread-1] INFO  server.RaftServerConfigKeys (ConfUtils.java:logGet(43)) - raft.server.retrycache.expirytime = 600000ms (custom)
2019-09-19 09:40:46,444 [pool-49-thread-1] INFO  impl.RaftServerImpl (RaftServerImpl.java:start(180)) - 90577c55-fd31-444d-84bd-73a3c37bc268: start group-4E38B6D47140
2019-09-19 09:40:46,445 [pool-49-thread-1] INFO  impl.RaftServerImpl (RaftServerImpl.java:setRole(171)) - 90577c55-fd31-444d-84bd-73a3c37bc268:group-4E38B6D47140 changes role from null to FOLLOWER at term 0 for startAsFollower
2019-09-19 09:40:46,445 [pool-49-thread-1] INFO  impl.RoleInfo (RoleInfo.java:updateAndGet(143)) - 90577c55-fd31-444d-84bd-73a3c37bc268: start FollowerState
2019-09-19 09:40:46,445 [pool-49-thread-1] INFO  util.JmxRegister (JmxRegister.java:tryRegister(44)) - Successfully registered JMX Bean with object name Ratis:service=RaftServer,group=group-4E38B6D47140,id=90577c55-fd31-444d-84bd-73a3c37bc268
2019-09-19 09:40:46,471 | INFO  | SCMAudit | user=jenkins1000 | ip=192.168.34.5 | op=SEND_HEARTBEAT {datanodeUUID=28f77823-de9e-44cc-bd18-5b415144a5bf, command=[]} | ret=SUCCESS |  
2019-09-19 09:40:46,471 [RatisPipelineUtilsThread] INFO  pipeline.PipelineStateManager (PipelineStateManager.java:addPipeline(56)) - Created pipeline Pipeline[ Id: 40375298-6712-45c6-9997-4e38b6d47140, Nodes: 90577c55-fd31-444d-84bd-73a3c37bc268{ip: 192.168.34.5, host: pr-hdds-1569-j4bt4-3030777008, networkLocation: /default-rack, certSerialId: null}, Type:RATIS, Factor:ONE, State:OPEN]
2019-09-19 09:40:46,474 [RatisPipelineUtilsThread] ERROR pipeline.PipelinePlacementPolicy (PipelinePlacementPolicy.java:meetCriteria(91)) - Pipeline Placement: Doesn't meet the criteria to be viable node. Heaviness: 6
2019-09-19 09:40:46,474 [RatisPipelineUtilsThread] ERROR pipeline.PipelinePlacementPolicy (PipelinePlacementPolicy.java:meetCriteria(91)) - Pipeline Placement: Doesn't meet the criteria to be viable node. Heaviness: 6
2019-09-19 09:40:46,486 [grpc-default-executor-0] INFO  impl.RaftServerProxy (RaftServerProxy.java:addNew(89)) - 1cd79902-2a06-4a3f-8023-3eba64f51293: addNew group-0CA0B019C0A5:[1cd79902-2a06-4a3f-8023-3eba64f51293:192.168.34.5:43611] returns group-0CA0B019C0A5:java.util.concurrent.CompletableFuture@6b388bfe[Not completed]
2019-09-19 09:40:46,486 | INFO  | OMAudit | user=jenkins1000 | ip=127.0.0.1 | op=READ_VOLUME {volume=volume16217} | ret=SUCCESS |  
2019-09-19 09:40:46,488 [pool-82-thread-1] INFO  impl.RaftServerImpl (RaftServerImpl.java:<init>(93)) - 1cd79902-2a06-4a3f-8023-3eba64f51293: new RaftServerImpl for group-0CA0B019C0A5:[1cd79902-2a06-4a3f-8023-3eba64f51293:192.168.34.5:43611] with ContainerStateMachine:uninitialized
2019-09-19 09:40:46,488 [pool-82-thread-1] INFO  server.RaftServerConfigKeys (ConfUtils.java:logGet(43)) - raft.server.rpc.timeout.min = 5s (custom)
2019-09-19 09:40:46,488 [pool-82-thread-1] INFO  server.RaftServerConfigKeys (ConfUtils.java:logGet(43)) - raft.server.rpc.timeout.max = 5200ms (custom)
2019-09-19 09:40:46,488 [pool-82-thread-1] INFO  server.RaftServerConfigKeys (ConfUtils.java:logGet(43)) - raft.server.rpcslowness.timeout = 120s (custom)
2019-09-19 09:40:46,489 [pool-82-thread-1] INFO  server.RaftServerConfigKeys (ConfUtils.java:logGet(43)) - raft.server.sleep.deviation.threshold = 300 (default)
2019-09-19 09:40:46,489 [pool-82-thread-1] INFO  server.RaftServerConfigKeys (ConfUtils.java:logGet(43)) - raft.server.log.appender.install.snapshot.enabled = false (custom)
2019-09-19 09:40:46,489 [pool-82-thread-1] INFO  impl.RaftServerImpl (ServerState.java:<init>(105)) - 1cd79902-2a06-4a3f-8023-3eba64f51293:group-0CA0B019C0A5 ConfigurationManager, init=-1: [1cd79902-2a06-4a3f-8023-3eba64f51293:192.168.34.5:43611], old=null, confs=<EMPTY_MAP>
2019-09-19 09:40:46,489 [pool-82-thread-1] INFO  server.RaftServerConfigKeys (ConfUtils.java:logGet(43)) - raft.server.storage.dir = [/workdir/hadoop-ozone/ozonefs/target/test-dir/MiniOzoneClusterImpl-21ed0f53-0413-44c7-8609-f438100532e5/datanode-5/data/ratis] (custom)
2019-09-19 09:40:46,490 [pool-82-thread-1] INFO  storage.RaftStorageDirectory (RaftStorageDirectory.java:analyzeStorage(246)) - The storage directory /workdir/hadoop-ozone/ozonefs/target/test-dir/MiniOzoneClusterImpl-21ed0f53-0413-44c7-8609-f438100532e5/datanode-5/data/ratis/a9d1f30e-decf-4c75-84b1-0ca0b019c0a5 does not exist. Creating ...
2019-09-19 09:40:46,494 | INFO  | OMAudit | user=jenkins1000 | ip=127.0.0.1 | op=READ_BUCKET {volume=volume16217, bucket=bucket29509} | ret=SUCCESS |  
2019-09-19 09:40:46,504 [pool-82-thread-1] INFO  storage.RaftStorageDirectory (RaftStorageDirectory.java:tryLock(328)) - Lock on /workdir/hadoop-ozone/ozonefs/target/test-dir/MiniOzoneClusterImpl-21ed0f53-0413-44c7-8609-f438100532e5/datanode-5/data/ratis/a9d1f30e-decf-4c75-84b1-0ca0b019c0a5/in_use.lock acquired by nodename 23096@pr-hdds-1569-j4bt4-3030777008
2019-09-19 09:40:46,516 [pool-82-thread-1] INFO  storage.RaftStorage (RaftStorage.java:format(72)) - Storage directory /workdir/hadoop-ozone/ozonefs/target/test-dir/MiniOzoneClusterImpl-21ed0f53-0413-44c7-8609-f438100532e5/datanode-5/data/ratis/a9d1f30e-decf-4c75-84b1-0ca0b019c0a5 has been successfully formatted.
2019-09-19 09:40:46,517 [pool-82-thread-1] INFO  ratis.ContainerStateMachine (ContainerStateMachine.java:loadSnapshot(226)) - group-0CA0B019C0A5: The snapshot info is null. Setting the last applied indexto:(t:0, i:~)
2019-09-19 09:40:46,517 [pool-82-thread-1] INFO  server.RaftServerConfigKeys (ConfUtils.java:logGet(43)) - raft.server.leader.election.timeout = 120s (custom)
2019-09-19 09:40:46,517 [pool-82-thread-1] INFO  server.RaftServerConfigKeys (ConfUtils.java:logGet(43)) - raft.server.log.use.memory = false (default)
2019-09-19 09:40:46,517 [pool-82-thread-1] INFO  server.RaftServerConfigKeys (ConfUtils.java:logGet(43)) - raft.server.log.purge.gap = 1000000 (custom)
2019-09-19 09:40:46,517 [pool-82-thread-1] INFO  server.RaftServerConfigKeys (ConfUtils.java:logGet(43)) - raft.server.log.appender.buffer.byte-limit = 33554432 (custom)
2019-09-19 09:40:46,518 [pool-82-thread-1] INFO  server.RaftServerConfigKeys (ConfUtils.java:logGet(43)) - raft.server.log.segment.size.max = 1048576 (custom)
2019-09-19 09:40:46,518 [pool-82-thread-1] INFO  server.RaftServerConfigKeys (ConfUtils.java:logGet(43)) - raft.server.log.segment.cache.num.max = 2 (custom)
2019-09-19 09:40:46,518 [pool-82-thread-1] INFO  segmented.SegmentedRaftLogWorker (SegmentedRaftLogWorker.java:<init>(172)) - new 1cd79902-2a06-4a3f-8023-3eba64f51293-SegmentedRaftLogWorker:Storage Directory /workdir/hadoop-ozone/ozonefs/target/test-dir/MiniOzoneClusterImpl-21ed0f53-0413-44c7-8609-f438100532e5/datanode-5/data/ratis/a9d1f30e-decf-4c75-84b1-0ca0b019c0a5 for RaftStorage:Storage Directory /workdir/hadoop-ozone/ozonefs/target/test-dir/MiniOzoneClusterImpl-21ed0f53-0413-44c7-8609-f438100532e5/datanode-5/data/ratis/a9d1f30e-decf-4c75-84b1-0ca0b019c0a5
2019-09-19 09:40:46,518 [pool-82-thread-1] INFO  server.RaftServerConfigKeys (ConfUtils.java:logGet(43)) - raft.server.log.queue.byte-limit = 2147483647 (custom)
2019-09-19 09:40:46,518 [pool-82-thread-1] INFO  server.RaftServerConfigKeys (ConfUtils.java:logGet(43)) - raft.server.log.queue.element-limit = 1024 (custom)
2019-09-19 09:40:46,518 [pool-82-thread-1] INFO  server.RaftServerConfigKeys (ConfUtils.java:logGet(43)) - raft.server.log.segment.size.max = 1048576 (custom)
2019-09-19 09:40:46,518 [pool-82-thread-1] INFO  server.RaftServerConfigKeys (ConfUtils.java:logGet(43)) - raft.server.log.preallocated.size = 16384 (custom)
2019-09-19 09:40:46,519 [pool-82-thread-1] INFO  server.RaftServerConfigKeys (ConfUtils.java:logGet(43)) - raft.server.log.write.buffer.size = 33554432 (custom)
2019-09-19 09:40:46,519 [pool-82-thread-1] INFO  server.RaftServerConfigKeys (ConfUtils.java:logGet(43)) - raft.server.log.force.sync.num = 128 (default)
2019-09-19 09:40:46,519 [pool-82-thread-1] INFO  server.RaftServerConfigKeys (ConfUtils.java:logGet(43)) - raft.server.log.statemachine.data.sync = true (default)
2019-09-19 09:40:46,519 [pool-82-thread-1] INFO  server.RaftServerConfigKeys (ConfUtils.java:logGet(43)) - raft.server.log.statemachine.data.sync.timeout = 10s (default)
2019-09-19 09:40:46,519 [pool-82-thread-1] INFO  server.RaftServerConfigKeys (ConfUtils.java:logGet(43)) - raft.server.log.statemachine.data.sync.timeout.retry = -1 (default)
2019-09-19 09:40:46,519 [pool-82-thread-1] INFO  server.RaftServerConfigKeys (ConfUtils.java:logGet(43)) - raft.server.log.statemachine.data.caching.enabled = true (custom)
2019-09-19 09:40:46,520 [pool-82-thread-1] INFO  segmented.SegmentedRaftLogWorker (SegmentedRaftLogWorker.java:lambda$new$0(132)) - 1cd79902-2a06-4a3f-8023-3eba64f51293-SegmentedRaftLogWorker:Storage Directory /workdir/hadoop-ozone/ozonefs/target/test-dir/MiniOzoneClusterImpl-21ed0f53-0413-44c7-8609-f438100532e5/datanode-5/data/ratis/a9d1f30e-decf-4c75-84b1-0ca0b019c0a5: flushIndex: setUnconditionally 0 -> -1
2019-09-19 09:40:46,520 [pool-82-thread-1] INFO  server.RaftServerConfigKeys (ConfUtils.java:logGet(43)) - raft.server.snapshot.auto.trigger.enabled = true (custom)
2019-09-19 09:40:46,520 [pool-82-thread-1] INFO  server.RaftServerConfigKeys (ConfUtils.java:logGet(43)) - raft.server.snapshot.auto.trigger.threshold = 10000 (custom)
2019-09-19 09:40:46,521 [pool-82-thread-1] INFO  server.RaftServerConfigKeys (ConfUtils.java:logGet(43)) - raft.server.retrycache.expirytime = 600000ms (custom)
2019-09-19 09:40:46,521 [pool-82-thread-1] INFO  impl.RaftServerImpl (RaftServerImpl.java:start(180)) - 1cd79902-2a06-4a3f-8023-3eba64f51293: start group-0CA0B019C0A5
2019-09-19 09:40:46,521 [pool-82-thread-1] INFO  impl.RaftServerImpl (RaftServerImpl.java:setRole(171)) - 1cd79902-2a06-4a3f-8023-3eba64f51293:group-0CA0B019C0A5 changes role from null to FOLLOWER at term 0 for startAsFollower
2019-09-19 09:40:46,521 [pool-82-thread-1] INFO  impl.RoleInfo (RoleInfo.java:updateAndGet(143)) - 1cd79902-2a06-4a3f-8023-3eba64f51293: start FollowerState
2019-09-19 09:40:46,522 [pool-82-thread-1] INFO  util.JmxRegister (JmxRegister.java:tryRegister(44)) - Successfully registered JMX Bean with object name Ratis:service=RaftServer,group=group-0CA0B019C0A5,id=1cd79902-2a06-4a3f-8023-3eba64f51293
2019-09-19 09:40:46,564 [RatisPipelineUtilsThread] INFO  pipeline.PipelineStateManager (PipelineStateManager.java:addPipeline(56)) - Created pipeline Pipeline[ Id: a9d1f30e-decf-4c75-84b1-0ca0b019c0a5, Nodes: 1cd79902-2a06-4a3f-8023-3eba64f51293{ip: 192.168.34.5, host: pr-hdds-1569-j4bt4-3030777008, networkLocation: /default-rack, certSerialId: null}, Type:RATIS, Factor:ONE, State:OPEN]
2019-09-19 09:40:46,567 [RatisPipelineUtilsThread] ERROR pipeline.PipelinePlacementPolicy (PipelinePlacementPolicy.java:meetCriteria(91)) - Pipeline Placement: Doesn't meet the criteria to be viable node. Heaviness: 6
2019-09-19 09:40:46,568 [RatisPipelineUtilsThread] ERROR pipeline.PipelinePlacementPolicy (PipelinePlacementPolicy.java:meetCriteria(91)) - Pipeline Placement: Doesn't meet the criteria to be viable node. Heaviness: 6
2019-09-19 09:40:46,580 [grpc-default-executor-0] INFO  impl.RaftServerProxy (RaftServerProxy.java:addNew(89)) - 28f77823-de9e-44cc-bd18-5b415144a5bf: addNew group-ED15EC0465A0:[28f77823-de9e-44cc-bd18-5b415144a5bf:192.168.34.5:41344] returns group-ED15EC0465A0:java.util.concurrent.CompletableFuture@3749eff3[Not completed]
2019-09-19 09:40:46,582 [pool-38-thread-1] INFO  impl.RaftServerImpl (RaftServerImpl.java:<init>(93)) - 28f77823-de9e-44cc-bd18-5b415144a5bf: new RaftServerImpl for group-ED15EC0465A0:[28f77823-de9e-44cc-bd18-5b415144a5bf:192.168.34.5:41344] with ContainerStateMachine:uninitialized
2019-09-19 09:40:46,582 [pool-38-thread-1] INFO  server.RaftServerConfigKeys (ConfUtils.java:logGet(43)) - raft.server.rpc.timeout.min = 5s (custom)
2019-09-19 09:40:46,582 [pool-38-thread-1] INFO  server.RaftServerConfigKeys (ConfUtils.java:logGet(43)) - raft.server.rpc.timeout.max = 5200ms (custom)
2019-09-19 09:40:46,582 [pool-38-thread-1] INFO  server.RaftServerConfigKeys (ConfUtils.java:logGet(43)) - raft.server.rpcslowness.timeout = 120s (custom)
2019-09-19 09:40:46,582 [pool-38-thread-1] INFO  server.RaftServerConfigKeys (ConfUtils.java:logGet(43)) - raft.server.sleep.deviation.threshold = 300 (default)
2019-09-19 09:40:46,582 [pool-38-thread-1] INFO  server.RaftServerConfigKeys (ConfUtils.java:logGet(43)) - raft.server.log.appender.install.snapshot.enabled = false (custom)
2019-09-19 09:40:46,583 [pool-38-thread-1] INFO  impl.RaftServerImpl (ServerState.java:<init>(105)) - 28f77823-de9e-44cc-bd18-5b415144a5bf:group-ED15EC0465A0 ConfigurationManager, init=-1: [28f77823-de9e-44cc-bd18-5b415144a5bf:192.168.34.5:41344], old=null, confs=<EMPTY_MAP>
2019-09-19 09:40:46,583 [pool-38-thread-1] INFO  server.RaftServerConfigKeys (ConfUtils.java:logGet(43)) - raft.server.storage.dir = [/workdir/hadoop-ozone/ozonefs/target/test-dir/MiniOzoneClusterImpl-21ed0f53-0413-44c7-8609-f438100532e5/datanode-1/data/ratis] (custom)
2019-09-19 09:40:46,583 [pool-38-thread-1] INFO  storage.RaftStorageDirectory (RaftStorageDirectory.java:analyzeStorage(246)) - The storage directory /workdir/hadoop-ozone/ozonefs/target/test-dir/MiniOzoneClusterImpl-21ed0f53-0413-44c7-8609-f438100532e5/datanode-1/data/ratis/78074ae0-d60e-48a5-8215-ed15ec0465a0 does not exist. Creating ...
2019-09-19 09:40:46,590 | INFO  | SCMAudit | user=jenkins1000 | ip=192.168.34.5 | op=SEND_HEARTBEAT {datanodeUUID=1cd79902-2a06-4a3f-8023-3eba64f51293, command=[]} | ret=SUCCESS |  
2019-09-19 09:40:46,596 [pool-38-thread-1] INFO  storage.RaftStorageDirectory (RaftStorageDirectory.java:tryLock(328)) - Lock on /workdir/hadoop-ozone/ozonefs/target/test-dir/MiniOzoneClusterImpl-21ed0f53-0413-44c7-8609-f438100532e5/datanode-1/data/ratis/78074ae0-d60e-48a5-8215-ed15ec0465a0/in_use.lock acquired by nodename 23096@pr-hdds-1569-j4bt4-3030777008
2019-09-19 09:40:46,606 | INFO  | SCMAudit | user=jenkins1000 | ip=192.168.34.5 | op=SEND_HEARTBEAT {datanodeUUID=caeb75b6-27c7-410d-b6eb-8f738956b5a3, command=[]} | ret=SUCCESS |  
2019-09-19 09:40:46,615 [pool-38-thread-1] INFO  storage.RaftStorage (RaftStorage.java:format(72)) - Storage directory /workdir/hadoop-ozone/ozonefs/target/test-dir/MiniOzoneClusterImpl-21ed0f53-0413-44c7-8609-f438100532e5/datanode-1/data/ratis/78074ae0-d60e-48a5-8215-ed15ec0465a0 has been successfully formatted.
2019-09-19 09:40:46,616 [pool-38-thread-1] INFO  ratis.ContainerStateMachine (ContainerStateMachine.java:loadSnapshot(226)) - group-ED15EC0465A0: The snapshot info is null. Setting the last applied indexto:(t:0, i:~)
2019-09-19 09:40:46,616 [pool-38-thread-1] INFO  server.RaftServerConfigKeys (ConfUtils.java:logGet(43)) - raft.server.leader.election.timeout = 120s (custom)
2019-09-19 09:40:46,616 [pool-38-thread-1] INFO  server.RaftServerConfigKeys (ConfUtils.java:logGet(43)) - raft.server.log.use.memory = false (default)
2019-09-19 09:40:46,616 [pool-38-thread-1] INFO  server.RaftServerConfigKeys (ConfUtils.java:logGet(43)) - raft.server.log.purge.gap = 1000000 (custom)
2019-09-19 09:40:46,616 [pool-38-thread-1] INFO  server.RaftServerConfigKeys (ConfUtils.java:logGet(43)) - raft.server.log.appender.buffer.byte-limit = 33554432 (custom)
2019-09-19 09:40:46,617 [pool-38-thread-1] INFO  server.RaftServerConfigKeys (ConfUtils.java:logGet(43)) - raft.server.log.segment.size.max = 1048576 (custom)
2019-09-19 09:40:46,617 [pool-38-thread-1] INFO  server.RaftServerConfigKeys (ConfUtils.java:logGet(43)) - raft.server.log.segment.cache.num.max = 2 (custom)
2019-09-19 09:40:46,617 [pool-38-thread-1] INFO  segmented.SegmentedRaftLogWorker (SegmentedRaftLogWorker.java:<init>(172)) - new 28f77823-de9e-44cc-bd18-5b415144a5bf-SegmentedRaftLogWorker:Storage Directory /workdir/hadoop-ozone/ozonefs/target/test-dir/MiniOzoneClusterImpl-21ed0f53-0413-44c7-8609-f438100532e5/datanode-1/data/ratis/78074ae0-d60e-48a5-8215-ed15ec0465a0 for RaftStorage:Storage Directory /workdir/hadoop-ozone/ozonefs/target/test-dir/MiniOzoneClusterImpl-21ed0f53-0413-44c7-8609-f438100532e5/datanode-1/data/ratis/78074ae0-d60e-48a5-8215-ed15ec0465a0
2019-09-19 09:40:46,617 [pool-38-thread-1] INFO  server.RaftServerConfigKeys (ConfUtils.java:logGet(43)) - raft.server.log.queue.byte-limit = 2147483647 (custom)
2019-09-19 09:40:46,617 [pool-38-thread-1] INFO  server.RaftServerConfigKeys (ConfUtils.java:logGet(43)) - raft.server.log.queue.element-limit = 1024 (custom)
2019-09-19 09:40:46,617 [pool-38-thread-1] INFO  server.RaftServerConfigKeys (ConfUtils.java:logGet(43)) - raft.server.log.segment.size.max = 1048576 (custom)
2019-09-19 09:40:46,618 [pool-38-thread-1] INFO  server.RaftServerConfigKeys (ConfUtils.java:logGet(43)) - raft.server.log.preallocated.size = 16384 (custom)
2019-09-19 09:40:46,618 [pool-38-thread-1] INFO  server.RaftServerConfigKeys (ConfUtils.java:logGet(43)) - raft.server.log.write.buffer.size = 33554432 (custom)
2019-09-19 09:40:46,618 [pool-38-thread-1] INFO  server.RaftServerConfigKeys (ConfUtils.java:logGet(43)) - raft.server.log.force.sync.num = 128 (default)
2019-09-19 09:40:46,618 [pool-38-thread-1] INFO  server.RaftServerConfigKeys (ConfUtils.java:logGet(43)) - raft.server.log.statemachine.data.sync = true (default)
2019-09-19 09:40:46,618 [pool-38-thread-1] INFO  server.RaftServerConfigKeys (ConfUtils.java:logGet(43)) - raft.server.log.statemachine.data.sync.timeout = 10s (default)
2019-09-19 09:40:46,618 [pool-38-thread-1] INFO  server.RaftServerConfigKeys (ConfUtils.java:logGet(43)) - raft.server.log.statemachine.data.sync.timeout.retry = -1 (default)
2019-09-19 09:40:46,619 [pool-38-thread-1] INFO  server.RaftServerConfigKeys (ConfUtils.java:logGet(43)) - raft.server.log.statemachine.data.caching.enabled = true (custom)
2019-09-19 09:40:46,619 [pool-38-thread-1] INFO  segmented.SegmentedRaftLogWorker (SegmentedRaftLogWorker.java:lambda$new$0(132)) - 28f77823-de9e-44cc-bd18-5b415144a5bf-SegmentedRaftLogWorker:Storage Directory /workdir/hadoop-ozone/ozonefs/target/test-dir/MiniOzoneClusterImpl-21ed0f53-0413-44c7-8609-f438100532e5/datanode-1/data/ratis/78074ae0-d60e-48a5-8215-ed15ec0465a0: flushIndex: setUnconditionally 0 -> -1
2019-09-19 09:40:46,620 [pool-38-thread-1] INFO  server.RaftServerConfigKeys (ConfUtils.java:logGet(43)) - raft.server.snapshot.auto.trigger.enabled = true (custom)
2019-09-19 09:40:46,620 [pool-38-thread-1] INFO  server.RaftServerConfigKeys (ConfUtils.java:logGet(43)) - raft.server.snapshot.auto.trigger.threshold = 10000 (custom)
2019-09-19 09:40:46,620 [pool-38-thread-1] INFO  server.RaftServerConfigKeys (ConfUtils.java:logGet(43)) - raft.server.retrycache.expirytime = 600000ms (custom)
2019-09-19 09:40:46,620 [pool-38-thread-1] INFO  impl.RaftServerImpl (RaftServerImpl.java:start(180)) - 28f77823-de9e-44cc-bd18-5b415144a5bf: start group-ED15EC0465A0
2019-09-19 09:40:46,620 [pool-38-thread-1] INFO  impl.RaftServerImpl (RaftServerImpl.java:setRole(171)) - 28f77823-de9e-44cc-bd18-5b415144a5bf:group-ED15EC0465A0 changes role from null to FOLLOWER at term 0 for startAsFollower
2019-09-19 09:40:46,621 [pool-38-thread-1] INFO  impl.RoleInfo (RoleInfo.java:updateAndGet(143)) - 28f77823-de9e-44cc-bd18-5b415144a5bf: start FollowerState
2019-09-19 09:40:46,621 [pool-38-thread-1] INFO  util.JmxRegister (JmxRegister.java:tryRegister(44)) - Successfully registered JMX Bean with object name Ratis:service=RaftServer,group=group-ED15EC0465A0,id=28f77823-de9e-44cc-bd18-5b415144a5bf
2019-09-19 09:40:46,627 [RatisPipelineUtilsThread] INFO  pipeline.PipelineStateManager (PipelineStateManager.java:addPipeline(56)) - Created pipeline Pipeline[ Id: 78074ae0-d60e-48a5-8215-ed15ec0465a0, Nodes: 28f77823-de9e-44cc-bd18-5b415144a5bf{ip: 192.168.34.5, host: pr-hdds-1569-j4bt4-3030777008, networkLocation: /default-rack, certSerialId: null}, Type:RATIS, Factor:ONE, State:OPEN]
2019-09-19 09:40:46,630 [RatisPipelineUtilsThread] ERROR pipeline.PipelinePlacementPolicy (PipelinePlacementPolicy.java:meetCriteria(91)) - Pipeline Placement: Doesn't meet the criteria to be viable node. Heaviness: 6
2019-09-19 09:40:46,630 [RatisPipelineUtilsThread] ERROR pipeline.PipelinePlacementPolicy (PipelinePlacementPolicy.java:meetCriteria(91)) - Pipeline Placement: Doesn't meet the criteria to be viable node. Heaviness: 6
2019-09-19 09:40:46,651 [grpc-default-executor-0] INFO  impl.RaftServerProxy (RaftServerProxy.java:addNew(89)) - 7076406d-aee0-4126-8bab-f0c87a3fcebd: addNew group-88CDD46A9D9A:[7076406d-aee0-4126-8bab-f0c87a3fcebd:192.168.34.5:33583] returns group-88CDD46A9D9A:java.util.concurrent.CompletableFuture@7a24b1b0[Not completed]
2019-09-19 09:40:46,653 [pool-104-thread-1] INFO  impl.RaftServerImpl (RaftServerImpl.java:<init>(93)) - 7076406d-aee0-4126-8bab-f0c87a3fcebd: new RaftServerImpl for group-88CDD46A9D9A:[7076406d-aee0-4126-8bab-f0c87a3fcebd:192.168.34.5:33583] with ContainerStateMachine:uninitialized
2019-09-19 09:40:46,653 [pool-104-thread-1] INFO  server.RaftServerConfigKeys (ConfUtils.java:logGet(43)) - raft.server.rpc.timeout.min = 5s (custom)
2019-09-19 09:40:46,653 [pool-104-thread-1] INFO  server.RaftServerConfigKeys (ConfUtils.java:logGet(43)) - raft.server.rpc.timeout.max = 5200ms (custom)
2019-09-19 09:40:46,653 [pool-104-thread-1] INFO  server.RaftServerConfigKeys (ConfUtils.java:logGet(43)) - raft.server.rpcslowness.timeout = 120s (custom)
2019-09-19 09:40:46,654 [pool-104-thread-1] INFO  server.RaftServerConfigKeys (ConfUtils.java:logGet(43)) - raft.server.sleep.deviation.threshold = 300 (default)
2019-09-19 09:40:46,654 [pool-104-thread-1] INFO  server.RaftServerConfigKeys (ConfUtils.java:logGet(43)) - raft.server.log.appender.install.snapshot.enabled = false (custom)
2019-09-19 09:40:46,654 [pool-104-thread-1] INFO  impl.RaftServerImpl (ServerState.java:<init>(105)) - 7076406d-aee0-4126-8bab-f0c87a3fcebd:group-88CDD46A9D9A ConfigurationManager, init=-1: [7076406d-aee0-4126-8bab-f0c87a3fcebd:192.168.34.5:33583], old=null, confs=<EMPTY_MAP>
2019-09-19 09:40:46,654 [pool-104-thread-1] INFO  server.RaftServerConfigKeys (ConfUtils.java:logGet(43)) - raft.server.storage.dir = [/workdir/hadoop-ozone/ozonefs/target/test-dir/MiniOzoneClusterImpl-21ed0f53-0413-44c7-8609-f438100532e5/datanode-7/data/ratis] (custom)
2019-09-19 09:40:46,655 [pool-104-thread-1] INFO  storage.RaftStorageDirectory (RaftStorageDirectory.java:analyzeStorage(246)) - The storage directory /workdir/hadoop-ozone/ozonefs/target/test-dir/MiniOzoneClusterImpl-21ed0f53-0413-44c7-8609-f438100532e5/datanode-7/data/ratis/774838a7-53d1-491d-846a-88cdd46a9d9a does not exist. Creating ...
2019-09-19 09:40:46,668 [pool-104-thread-1] INFO  storage.RaftStorageDirectory (RaftStorageDirectory.java:tryLock(328)) - Lock on /workdir/hadoop-ozone/ozonefs/target/test-dir/MiniOzoneClusterImpl-21ed0f53-0413-44c7-8609-f438100532e5/datanode-7/data/ratis/774838a7-53d1-491d-846a-88cdd46a9d9a/in_use.lock acquired by nodename 23096@pr-hdds-1569-j4bt4-3030777008
2019-09-19 09:40:46,682 [pool-104-thread-1] INFO  storage.RaftStorage (RaftStorage.java:format(72)) - Storage directory /workdir/hadoop-ozone/ozonefs/target/test-dir/MiniOzoneClusterImpl-21ed0f53-0413-44c7-8609-f438100532e5/datanode-7/data/ratis/774838a7-53d1-491d-846a-88cdd46a9d9a has been successfully formatted.
2019-09-19 09:40:46,682 [pool-104-thread-1] INFO  ratis.ContainerStateMachine (ContainerStateMachine.java:loadSnapshot(226)) - group-88CDD46A9D9A: The snapshot info is null. Setting the last applied indexto:(t:0, i:~)
2019-09-19 09:40:46,682 [pool-104-thread-1] INFO  server.RaftServerConfigKeys (ConfUtils.java:logGet(43)) - raft.server.leader.election.timeout = 120s (custom)
2019-09-19 09:40:46,682 [pool-104-thread-1] INFO  server.RaftServerConfigKeys (ConfUtils.java:logGet(43)) - raft.server.log.use.memory = false (default)
2019-09-19 09:40:46,682 [pool-104-thread-1] INFO  server.RaftServerConfigKeys (ConfUtils.java:logGet(43)) - raft.server.log.purge.gap = 1000000 (custom)
2019-09-19 09:40:46,683 [pool-104-thread-1] INFO  server.RaftServerConfigKeys (ConfUtils.java:logGet(43)) - raft.server.log.appender.buffer.byte-limit = 33554432 (custom)
2019-09-19 09:40:46,683 [pool-104-thread-1] INFO  server.RaftServerConfigKeys (ConfUtils.java:logGet(43)) - raft.server.log.segment.size.max = 1048576 (custom)
2019-09-19 09:40:46,683 [pool-104-thread-1] INFO  server.RaftServerConfigKeys (ConfUtils.java:logGet(43)) - raft.server.log.segment.cache.num.max = 2 (custom)
2019-09-19 09:40:46,683 [pool-104-thread-1] INFO  segmented.SegmentedRaftLogWorker (SegmentedRaftLogWorker.java:<init>(172)) - new 7076406d-aee0-4126-8bab-f0c87a3fcebd-SegmentedRaftLogWorker:Storage Directory /workdir/hadoop-ozone/ozonefs/target/test-dir/MiniOzoneClusterImpl-21ed0f53-0413-44c7-8609-f438100532e5/datanode-7/data/ratis/774838a7-53d1-491d-846a-88cdd46a9d9a for RaftStorage:Storage Directory /workdir/hadoop-ozone/ozonefs/target/test-dir/MiniOzoneClusterImpl-21ed0f53-0413-44c7-8609-f438100532e5/datanode-7/data/ratis/774838a7-53d1-491d-846a-88cdd46a9d9a
2019-09-19 09:40:46,683 [pool-104-thread-1] INFO  server.RaftServerConfigKeys (ConfUtils.java:logGet(43)) - raft.server.log.queue.byte-limit = 2147483647 (custom)
2019-09-19 09:40:46,683 [pool-104-thread-1] INFO  server.RaftServerConfigKeys (ConfUtils.java:logGet(43)) - raft.server.log.queue.element-limit = 1024 (custom)
2019-09-19 09:40:46,684 [pool-104-thread-1] INFO  server.RaftServerConfigKeys (ConfUtils.java:logGet(43)) - raft.server.log.segment.size.max = 1048576 (custom)
2019-09-19 09:40:46,684 [pool-104-thread-1] INFO  server.RaftServerConfigKeys (ConfUtils.java:logGet(43)) - raft.server.log.preallocated.size = 16384 (custom)
2019-09-19 09:40:46,684 [pool-104-thread-1] INFO  server.RaftServerConfigKeys (ConfUtils.java:logGet(43)) - raft.server.log.write.buffer.size = 33554432 (custom)
2019-09-19 09:40:46,684 [pool-104-thread-1] INFO  server.RaftServerConfigKeys (ConfUtils.java:logGet(43)) - raft.server.log.force.sync.num = 128 (default)
2019-09-19 09:40:46,684 [pool-104-thread-1] INFO  server.RaftServerConfigKeys (ConfUtils.java:logGet(43)) - raft.server.log.statemachine.data.sync = true (default)
2019-09-19 09:40:46,684 [pool-104-thread-1] INFO  server.RaftServerConfigKeys (ConfUtils.java:logGet(43)) - raft.server.log.statemachine.data.sync.timeout = 10s (default)
2019-09-19 09:40:46,685 [pool-104-thread-1] INFO  server.RaftServerConfigKeys (ConfUtils.java:logGet(43)) - raft.server.log.statemachine.data.sync.timeout.retry = -1 (default)
2019-09-19 09:40:46,685 [pool-104-thread-1] INFO  server.RaftServerConfigKeys (ConfUtils.java:logGet(43)) - raft.server.log.statemachine.data.caching.enabled = true (custom)
2019-09-19 09:40:46,685 [pool-104-thread-1] INFO  segmented.SegmentedRaftLogWorker (SegmentedRaftLogWorker.java:lambda$new$0(132)) - 7076406d-aee0-4126-8bab-f0c87a3fcebd-SegmentedRaftLogWorker:Storage Directory /workdir/hadoop-ozone/ozonefs/target/test-dir/MiniOzoneClusterImpl-21ed0f53-0413-44c7-8609-f438100532e5/datanode-7/data/ratis/774838a7-53d1-491d-846a-88cdd46a9d9a: flushIndex: setUnconditionally 0 -> -1
2019-09-19 09:40:46,686 [pool-104-thread-1] INFO  server.RaftServerConfigKeys (ConfUtils.java:logGet(43)) - raft.server.snapshot.auto.trigger.enabled = true (custom)
2019-09-19 09:40:46,686 [pool-104-thread-1] INFO  server.RaftServerConfigKeys (ConfUtils.java:logGet(43)) - raft.server.snapshot.auto.trigger.threshold = 10000 (custom)
2019-09-19 09:40:46,686 [pool-104-thread-1] INFO  server.RaftServerConfigKeys (ConfUtils.java:logGet(43)) - raft.server.retrycache.expirytime = 600000ms (custom)
2019-09-19 09:40:46,686 [pool-104-thread-1] INFO  impl.RaftServerImpl (RaftServerImpl.java:start(180)) - 7076406d-aee0-4126-8bab-f0c87a3fcebd: start group-88CDD46A9D9A
2019-09-19 09:40:46,686 [pool-104-thread-1] INFO  impl.RaftServerImpl (RaftServerImpl.java:setRole(171)) - 7076406d-aee0-4126-8bab-f0c87a3fcebd:group-88CDD46A9D9A changes role from null to FOLLOWER at term 0 for startAsFollower
2019-09-19 09:40:46,687 [pool-104-thread-1] INFO  impl.RoleInfo (RoleInfo.java:updateAndGet(143)) - 7076406d-aee0-4126-8bab-f0c87a3fcebd: start FollowerState
2019-09-19 09:40:46,687 [pool-104-thread-1] INFO  util.JmxRegister (JmxRegister.java:tryRegister(44)) - Successfully registered JMX Bean with object name Ratis:service=RaftServer,group=group-88CDD46A9D9A,id=7076406d-aee0-4126-8bab-f0c87a3fcebd
2019-09-19 09:40:46,694 [RatisPipelineUtilsThread] INFO  pipeline.PipelineStateManager (PipelineStateManager.java:addPipeline(56)) - Created pipeline Pipeline[ Id: 774838a7-53d1-491d-846a-88cdd46a9d9a, Nodes: 7076406d-aee0-4126-8bab-f0c87a3fcebd{ip: 192.168.34.5, host: pr-hdds-1569-j4bt4-3030777008, networkLocation: /default-rack, certSerialId: null}, Type:RATIS, Factor:ONE, State:OPEN]
2019-09-19 09:40:46,704 [RatisPipelineUtilsThread] ERROR pipeline.PipelinePlacementPolicy (PipelinePlacementPolicy.java:meetCriteria(91)) - Pipeline Placement: Doesn't meet the criteria to be viable node. Heaviness: 6
2019-09-19 09:40:46,705 [RatisPipelineUtilsThread] ERROR pipeline.PipelinePlacementPolicy (PipelinePlacementPolicy.java:meetCriteria(91)) - Pipeline Placement: Doesn't meet the criteria to be viable node. Heaviness: 6
2019-09-19 09:40:46,727 [grpc-default-executor-0] INFO  impl.RaftServerProxy (RaftServerProxy.java:addNew(89)) - 7076406d-aee0-4126-8bab-f0c87a3fcebd: addNew group-3E67F89CB185:[7076406d-aee0-4126-8bab-f0c87a3fcebd:192.168.34.5:33583] returns group-3E67F89CB185:java.util.concurrent.CompletableFuture@4fc53cad[Not completed]
2019-09-19 09:40:46,728 [pool-104-thread-1] INFO  impl.RaftServerImpl (RaftServerImpl.java:<init>(93)) - 7076406d-aee0-4126-8bab-f0c87a3fcebd: new RaftServerImpl for group-3E67F89CB185:[7076406d-aee0-4126-8bab-f0c87a3fcebd:192.168.34.5:33583] with ContainerStateMachine:uninitialized
2019-09-19 09:40:46,728 [pool-104-thread-1] INFO  server.RaftServerConfigKeys (ConfUtils.java:logGet(43)) - raft.server.rpc.timeout.min = 5s (custom)
2019-09-19 09:40:46,728 [pool-104-thread-1] INFO  server.RaftServerConfigKeys (ConfUtils.java:logGet(43)) - raft.server.rpc.timeout.max = 5200ms (custom)
2019-09-19 09:40:46,728 [pool-104-thread-1] INFO  server.RaftServerConfigKeys (ConfUtils.java:logGet(43)) - raft.server.rpcslowness.timeout = 120s (custom)
2019-09-19 09:40:46,728 [pool-104-thread-1] INFO  server.RaftServerConfigKeys (ConfUtils.java:logGet(43)) - raft.server.sleep.deviation.threshold = 300 (default)
2019-09-19 09:40:46,728 [pool-104-thread-1] INFO  server.RaftServerConfigKeys (ConfUtils.java:logGet(43)) - raft.server.log.appender.install.snapshot.enabled = false (custom)
2019-09-19 09:40:46,729 [pool-104-thread-1] INFO  impl.RaftServerImpl (ServerState.java:<init>(105)) - 7076406d-aee0-4126-8bab-f0c87a3fcebd:group-3E67F89CB185 ConfigurationManager, init=-1: [7076406d-aee0-4126-8bab-f0c87a3fcebd:192.168.34.5:33583], old=null, confs=<EMPTY_MAP>
2019-09-19 09:40:46,729 [pool-104-thread-1] INFO  server.RaftServerConfigKeys (ConfUtils.java:logGet(43)) - raft.server.storage.dir = [/workdir/hadoop-ozone/ozonefs/target/test-dir/MiniOzoneClusterImpl-21ed0f53-0413-44c7-8609-f438100532e5/datanode-7/data/ratis] (custom)
2019-09-19 09:40:46,729 [pool-104-thread-1] INFO  storage.RaftStorageDirectory (RaftStorageDirectory.java:analyzeStorage(246)) - The storage directory /workdir/hadoop-ozone/ozonefs/target/test-dir/MiniOzoneClusterImpl-21ed0f53-0413-44c7-8609-f438100532e5/datanode-7/data/ratis/c80c9d07-8cbb-462a-9cb8-3e67f89cb185 does not exist. Creating ...
2019-09-19 09:40:46,733 | INFO  | SCMAudit | user=jenkins1000 | ip=192.168.34.5 | op=SEND_HEARTBEAT {datanodeUUID=90577c55-fd31-444d-84bd-73a3c37bc268, command=[]} | ret=SUCCESS |  
2019-09-19 09:40:46,741 [pool-104-thread-1] INFO  storage.RaftStorageDirectory (RaftStorageDirectory.java:tryLock(328)) - Lock on /workdir/hadoop-ozone/ozonefs/target/test-dir/MiniOzoneClusterImpl-21ed0f53-0413-44c7-8609-f438100532e5/datanode-7/data/ratis/c80c9d07-8cbb-462a-9cb8-3e67f89cb185/in_use.lock acquired by nodename 23096@pr-hdds-1569-j4bt4-3030777008
2019-09-19 09:40:46,754 [pool-104-thread-1] INFO  storage.RaftStorage (RaftStorage.java:format(72)) - Storage directory /workdir/hadoop-ozone/ozonefs/target/test-dir/MiniOzoneClusterImpl-21ed0f53-0413-44c7-8609-f438100532e5/datanode-7/data/ratis/c80c9d07-8cbb-462a-9cb8-3e67f89cb185 has been successfully formatted.
2019-09-19 09:40:46,754 [pool-104-thread-1] INFO  ratis.ContainerStateMachine (ContainerStateMachine.java:loadSnapshot(226)) - group-3E67F89CB185: The snapshot info is null. Setting the last applied indexto:(t:0, i:~)
2019-09-19 09:40:46,755 [pool-104-thread-1] INFO  server.RaftServerConfigKeys (ConfUtils.java:logGet(43)) - raft.server.leader.election.timeout = 120s (custom)
2019-09-19 09:40:46,755 [pool-104-thread-1] INFO  server.RaftServerConfigKeys (ConfUtils.java:logGet(43)) - raft.server.log.use.memory = false (default)
2019-09-19 09:40:46,755 [pool-104-thread-1] INFO  server.RaftServerConfigKeys (ConfUtils.java:logGet(43)) - raft.server.log.purge.gap = 1000000 (custom)
2019-09-19 09:40:46,755 [pool-104-thread-1] INFO  server.RaftServerConfigKeys (ConfUtils.java:logGet(43)) - raft.server.log.appender.buffer.byte-limit = 33554432 (custom)
2019-09-19 09:40:46,755 [pool-104-thread-1] INFO  server.RaftServerConfigKeys (ConfUtils.java:logGet(43)) - raft.server.log.segment.size.max = 1048576 (custom)
2019-09-19 09:40:46,755 [pool-104-thread-1] INFO  server.RaftServerConfigKeys (ConfUtils.java:logGet(43)) - raft.server.log.segment.cache.num.max = 2 (custom)
2019-09-19 09:40:46,756 [pool-104-thread-1] INFO  segmented.SegmentedRaftLogWorker (SegmentedRaftLogWorker.java:<init>(172)) - new 7076406d-aee0-4126-8bab-f0c87a3fcebd-SegmentedRaftLogWorker:Storage Directory /workdir/hadoop-ozone/ozonefs/target/test-dir/MiniOzoneClusterImpl-21ed0f53-0413-44c7-8609-f438100532e5/datanode-7/data/ratis/c80c9d07-8cbb-462a-9cb8-3e67f89cb185 for RaftStorage:Storage Directory /workdir/hadoop-ozone/ozonefs/target/test-dir/MiniOzoneClusterImpl-21ed0f53-0413-44c7-8609-f438100532e5/datanode-7/data/ratis/c80c9d07-8cbb-462a-9cb8-3e67f89cb185
2019-09-19 09:40:46,756 [pool-104-thread-1] INFO  server.RaftServerConfigKeys (ConfUtils.java:logGet(43)) - raft.server.log.queue.byte-limit = 2147483647 (custom)
2019-09-19 09:40:46,756 [pool-104-thread-1] INFO  server.RaftServerConfigKeys (ConfUtils.java:logGet(43)) - raft.server.log.queue.element-limit = 1024 (custom)
2019-09-19 09:40:46,756 [pool-104-thread-1] INFO  server.RaftServerConfigKeys (ConfUtils.java:logGet(43)) - raft.server.log.segment.size.max = 1048576 (custom)
2019-09-19 09:40:46,756 [pool-104-thread-1] INFO  server.RaftServerConfigKeys (ConfUtils.java:logGet(43)) - raft.server.log.preallocated.size = 16384 (custom)
2019-09-19 09:40:46,756 [pool-104-thread-1] INFO  server.RaftServerConfigKeys (ConfUtils.java:logGet(43)) - raft.server.log.write.buffer.size = 33554432 (custom)
2019-09-19 09:40:46,756 [pool-104-thread-1] INFO  server.RaftServerConfigKeys (ConfUtils.java:logGet(43)) - raft.server.log.force.sync.num = 128 (default)
2019-09-19 09:40:46,757 [pool-104-thread-1] INFO  server.RaftServerConfigKeys (ConfUtils.java:logGet(43)) - raft.server.log.statemachine.data.sync = true (default)
2019-09-19 09:40:46,757 [pool-104-thread-1] INFO  server.RaftServerConfigKeys (ConfUtils.java:logGet(43)) - raft.server.log.statemachine.data.sync.timeout = 10s (default)
2019-09-19 09:40:46,757 [pool-104-thread-1] INFO  server.RaftServerConfigKeys (ConfUtils.java:logGet(43)) - raft.server.log.statemachine.data.sync.timeout.retry = -1 (default)
2019-09-19 09:40:46,757 [pool-104-thread-1] INFO  server.RaftServerConfigKeys (ConfUtils.java:logGet(43)) - raft.server.log.statemachine.data.caching.enabled = true (custom)
2019-09-19 09:40:46,757 [pool-104-thread-1] INFO  segmented.SegmentedRaftLogWorker (SegmentedRaftLogWorker.java:lambda$new$0(132)) - 7076406d-aee0-4126-8bab-f0c87a3fcebd-SegmentedRaftLogWorker:Storage Directory /workdir/hadoop-ozone/ozonefs/target/test-dir/MiniOzoneClusterImpl-21ed0f53-0413-44c7-8609-f438100532e5/datanode-7/data/ratis/c80c9d07-8cbb-462a-9cb8-3e67f89cb185: flushIndex: setUnconditionally 0 -> -1
2019-09-19 09:40:46,758 [pool-104-thread-1] INFO  server.RaftServerConfigKeys (ConfUtils.java:logGet(43)) - raft.server.snapshot.auto.trigger.enabled = true (custom)
2019-09-19 09:40:46,758 [pool-104-thread-1] INFO  server.RaftServerConfigKeys (ConfUtils.java:logGet(43)) - raft.server.snapshot.auto.trigger.threshold = 10000 (custom)
2019-09-19 09:40:46,758 [pool-104-thread-1] INFO  server.RaftServerConfigKeys (ConfUtils.java:logGet(43)) - raft.server.retrycache.expirytime = 600000ms (custom)
2019-09-19 09:40:46,758 [pool-104-thread-1] INFO  impl.RaftServerImpl (RaftServerImpl.java:start(180)) - 7076406d-aee0-4126-8bab-f0c87a3fcebd: start group-3E67F89CB185
2019-09-19 09:40:46,758 [pool-104-thread-1] INFO  impl.RaftServerImpl (RaftServerImpl.java:setRole(171)) - 7076406d-aee0-4126-8bab-f0c87a3fcebd:group-3E67F89CB185 changes role from null to FOLLOWER at term 0 for startAsFollower
2019-09-19 09:40:46,759 [pool-104-thread-1] INFO  impl.RoleInfo (RoleInfo.java:updateAndGet(143)) - 7076406d-aee0-4126-8bab-f0c87a3fcebd: start FollowerState
2019-09-19 09:40:46,766 [pool-104-thread-1] INFO  util.JmxRegister (JmxRegister.java:tryRegister(44)) - Successfully registered JMX Bean with object name Ratis:service=RaftServer,group=group-3E67F89CB185,id=7076406d-aee0-4126-8bab-f0c87a3fcebd
2019-09-19 09:40:46,783 [RatisPipelineUtilsThread] INFO  pipeline.PipelineStateManager (PipelineStateManager.java:addPipeline(56)) - Created pipeline Pipeline[ Id: c80c9d07-8cbb-462a-9cb8-3e67f89cb185, Nodes: 7076406d-aee0-4126-8bab-f0c87a3fcebd{ip: 192.168.34.5, host: pr-hdds-1569-j4bt4-3030777008, networkLocation: /default-rack, certSerialId: null}, Type:RATIS, Factor:ONE, State:OPEN]
2019-09-19 09:40:46,783 [RatisPipelineUtilsThread] ERROR pipeline.PipelinePlacementPolicy (PipelinePlacementPolicy.java:meetCriteria(91)) - Pipeline Placement: Doesn't meet the criteria to be viable node. Heaviness: 6
2019-09-19 09:40:46,783 [RatisPipelineUtilsThread] ERROR pipeline.PipelinePlacementPolicy (PipelinePlacementPolicy.java:meetCriteria(91)) - Pipeline Placement: Doesn't meet the criteria to be viable node. Heaviness: 6
2019-09-19 09:40:46,790 [grpc-default-executor-0] INFO  impl.RaftServerProxy (RaftServerProxy.java:addNew(89)) - 90577c55-fd31-444d-84bd-73a3c37bc268: addNew group-7733A115A218:[90577c55-fd31-444d-84bd-73a3c37bc268:192.168.34.5:38982] returns group-7733A115A218:java.util.concurrent.CompletableFuture@2053955f[Not completed]
2019-09-19 09:40:46,792 [pool-49-thread-1] INFO  impl.RaftServerImpl (RaftServerImpl.java:<init>(93)) - 90577c55-fd31-444d-84bd-73a3c37bc268: new RaftServerImpl for group-7733A115A218:[90577c55-fd31-444d-84bd-73a3c37bc268:192.168.34.5:38982] with ContainerStateMachine:uninitialized
2019-09-19 09:40:46,792 [pool-49-thread-1] INFO  server.RaftServerConfigKeys (ConfUtils.java:logGet(43)) - raft.server.rpc.timeout.min = 5s (custom)
2019-09-19 09:40:46,792 [pool-49-thread-1] INFO  server.RaftServerConfigKeys (ConfUtils.java:logGet(43)) - raft.server.rpc.timeout.max = 5200ms (custom)
2019-09-19 09:40:46,792 [pool-49-thread-1] INFO  server.RaftServerConfigKeys (ConfUtils.java:logGet(43)) - raft.server.rpcslowness.timeout = 120s (custom)
2019-09-19 09:40:46,792 [pool-49-thread-1] INFO  server.RaftServerConfigKeys (ConfUtils.java:logGet(43)) - raft.server.sleep.deviation.threshold = 300 (default)
2019-09-19 09:40:46,792 [pool-49-thread-1] INFO  server.RaftServerConfigKeys (ConfUtils.java:logGet(43)) - raft.server.log.appender.install.snapshot.enabled = false (custom)
2019-09-19 09:40:46,792 [pool-49-thread-1] INFO  impl.RaftServerImpl (ServerState.java:<init>(105)) - 90577c55-fd31-444d-84bd-73a3c37bc268:group-7733A115A218 ConfigurationManager, init=-1: [90577c55-fd31-444d-84bd-73a3c37bc268:192.168.34.5:38982], old=null, confs=<EMPTY_MAP>
2019-09-19 09:40:46,792 [pool-49-thread-1] INFO  server.RaftServerConfigKeys (ConfUtils.java:logGet(43)) - raft.server.storage.dir = [/workdir/hadoop-ozone/ozonefs/target/test-dir/MiniOzoneClusterImpl-21ed0f53-0413-44c7-8609-f438100532e5/datanode-2/data/ratis] (custom)
2019-09-19 09:40:46,793 [pool-49-thread-1] INFO  storage.RaftStorageDirectory (RaftStorageDirectory.java:analyzeStorage(246)) - The storage directory /workdir/hadoop-ozone/ozonefs/target/test-dir/MiniOzoneClusterImpl-21ed0f53-0413-44c7-8609-f438100532e5/datanode-2/data/ratis/71fa7db9-a382-43c4-a6df-7733a115a218 does not exist. Creating ...
2019-09-19 09:40:46,805 [pool-49-thread-1] INFO  storage.RaftStorageDirectory (RaftStorageDirectory.java:tryLock(328)) - Lock on /workdir/hadoop-ozone/ozonefs/target/test-dir/MiniOzoneClusterImpl-21ed0f53-0413-44c7-8609-f438100532e5/datanode-2/data/ratis/71fa7db9-a382-43c4-a6df-7733a115a218/in_use.lock acquired by nodename 23096@pr-hdds-1569-j4bt4-3030777008
2019-09-19 09:40:46,819 [pool-49-thread-1] INFO  storage.RaftStorage (RaftStorage.java:format(72)) - Storage directory /workdir/hadoop-ozone/ozonefs/target/test-dir/MiniOzoneClusterImpl-21ed0f53-0413-44c7-8609-f438100532e5/datanode-2/data/ratis/71fa7db9-a382-43c4-a6df-7733a115a218 has been successfully formatted.
2019-09-19 09:40:46,819 [pool-49-thread-1] INFO  ratis.ContainerStateMachine (ContainerStateMachine.java:loadSnapshot(226)) - group-7733A115A218: The snapshot info is null. Setting the last applied indexto:(t:0, i:~)
2019-09-19 09:40:46,819 [pool-49-thread-1] INFO  server.RaftServerConfigKeys (ConfUtils.java:logGet(43)) - raft.server.leader.election.timeout = 120s (custom)
2019-09-19 09:40:46,820 [pool-49-thread-1] INFO  server.RaftServerConfigKeys (ConfUtils.java:logGet(43)) - raft.server.log.use.memory = false (default)
2019-09-19 09:40:46,820 [pool-49-thread-1] INFO  server.RaftServerConfigKeys (ConfUtils.java:logGet(43)) - raft.server.log.purge.gap = 1000000 (custom)
2019-09-19 09:40:46,820 [pool-49-thread-1] INFO  server.RaftServerConfigKeys (ConfUtils.java:logGet(43)) - raft.server.log.appender.buffer.byte-limit = 33554432 (custom)
2019-09-19 09:40:46,820 [pool-49-thread-1] INFO  server.RaftServerConfigKeys (ConfUtils.java:logGet(43)) - raft.server.log.segment.size.max = 1048576 (custom)
2019-09-19 09:40:46,820 [pool-49-thread-1] INFO  server.RaftServerConfigKeys (ConfUtils.java:logGet(43)) - raft.server.log.segment.cache.num.max = 2 (custom)
2019-09-19 09:40:46,821 [pool-49-thread-1] INFO  segmented.SegmentedRaftLogWorker (SegmentedRaftLogWorker.java:<init>(172)) - new 90577c55-fd31-444d-84bd-73a3c37bc268-SegmentedRaftLogWorker:Storage Directory /workdir/hadoop-ozone/ozonefs/target/test-dir/MiniOzoneClusterImpl-21ed0f53-0413-44c7-8609-f438100532e5/datanode-2/data/ratis/71fa7db9-a382-43c4-a6df-7733a115a218 for RaftStorage:Storage Directory /workdir/hadoop-ozone/ozonefs/target/test-dir/MiniOzoneClusterImpl-21ed0f53-0413-44c7-8609-f438100532e5/datanode-2/data/ratis/71fa7db9-a382-43c4-a6df-7733a115a218
2019-09-19 09:40:46,821 [pool-49-thread-1] INFO  server.RaftServerConfigKeys (ConfUtils.java:logGet(43)) - raft.server.log.queue.byte-limit = 2147483647 (custom)
2019-09-19 09:40:46,821 [pool-49-thread-1] INFO  server.RaftServerConfigKeys (ConfUtils.java:logGet(43)) - raft.server.log.queue.element-limit = 1024 (custom)
2019-09-19 09:40:46,821 [pool-49-thread-1] INFO  server.RaftServerConfigKeys (ConfUtils.java:logGet(43)) - raft.server.log.segment.size.max = 1048576 (custom)
2019-09-19 09:40:46,821 [pool-49-thread-1] INFO  server.RaftServerConfigKeys (ConfUtils.java:logGet(43)) - raft.server.log.preallocated.size = 16384 (custom)
2019-09-19 09:40:46,821 [pool-49-thread-1] INFO  server.RaftServerConfigKeys (ConfUtils.java:logGet(43)) - raft.server.log.write.buffer.size = 33554432 (custom)
2019-09-19 09:40:46,822 [pool-49-thread-1] INFO  server.RaftServerConfigKeys (ConfUtils.java:logGet(43)) - raft.server.log.force.sync.num = 128 (default)
2019-09-19 09:40:46,822 [pool-49-thread-1] INFO  server.RaftServerConfigKeys (ConfUtils.java:logGet(43)) - raft.server.log.statemachine.data.sync = true (default)
2019-09-19 09:40:46,822 [pool-49-thread-1] INFO  server.RaftServerConfigKeys (ConfUtils.java:logGet(43)) - raft.server.log.statemachine.data.sync.timeout = 10s (default)
2019-09-19 09:40:46,822 [pool-49-thread-1] INFO  server.RaftServerConfigKeys (ConfUtils.java:logGet(43)) - raft.server.log.statemachine.data.sync.timeout.retry = -1 (default)
2019-09-19 09:40:46,822 [pool-49-thread-1] INFO  server.RaftServerConfigKeys (ConfUtils.java:logGet(43)) - raft.server.log.statemachine.data.caching.enabled = true (custom)
2019-09-19 09:40:46,823 [pool-49-thread-1] INFO  segmented.SegmentedRaftLogWorker (SegmentedRaftLogWorker.java:lambda$new$0(132)) - 90577c55-fd31-444d-84bd-73a3c37bc268-SegmentedRaftLogWorker:Storage Directory /workdir/hadoop-ozone/ozonefs/target/test-dir/MiniOzoneClusterImpl-21ed0f53-0413-44c7-8609-f438100532e5/datanode-2/data/ratis/71fa7db9-a382-43c4-a6df-7733a115a218: flushIndex: setUnconditionally 0 -> -1
2019-09-19 09:40:46,823 [pool-49-thread-1] INFO  server.RaftServerConfigKeys (ConfUtils.java:logGet(43)) - raft.server.snapshot.auto.trigger.enabled = true (custom)
2019-09-19 09:40:46,823 [pool-49-thread-1] INFO  server.RaftServerConfigKeys (ConfUtils.java:logGet(43)) - raft.server.snapshot.auto.trigger.threshold = 10000 (custom)
2019-09-19 09:40:46,823 [pool-49-thread-1] INFO  server.RaftServerConfigKeys (ConfUtils.java:logGet(43)) - raft.server.retrycache.expirytime = 600000ms (custom)
2019-09-19 09:40:46,823 [pool-49-thread-1] INFO  impl.RaftServerImpl (RaftServerImpl.java:start(180)) - 90577c55-fd31-444d-84bd-73a3c37bc268: start group-7733A115A218
2019-09-19 09:40:46,824 [pool-49-thread-1] INFO  impl.RaftServerImpl (RaftServerImpl.java:setRole(171)) - 90577c55-fd31-444d-84bd-73a3c37bc268:group-7733A115A218 changes role from null to FOLLOWER at term 0 for startAsFollower
2019-09-19 09:40:46,824 [pool-49-thread-1] INFO  impl.RoleInfo (RoleInfo.java:updateAndGet(143)) - 90577c55-fd31-444d-84bd-73a3c37bc268: start FollowerState
2019-09-19 09:40:46,824 [pool-49-thread-1] INFO  util.JmxRegister (JmxRegister.java:tryRegister(44)) - Successfully registered JMX Bean with object name Ratis:service=RaftServer,group=group-7733A115A218,id=90577c55-fd31-444d-84bd-73a3c37bc268
2019-09-19 09:40:46,825 | INFO  | SCMAudit | user=jenkins1000 | ip=192.168.34.5 | op=SEND_HEARTBEAT {datanodeUUID=bb9d252a-546d-48b3-aabe-52964da86e48, command=[]} | ret=SUCCESS |  
2019-09-19 09:40:46,827 [RatisPipelineUtilsThread] INFO  pipeline.PipelineStateManager (PipelineStateManager.java:addPipeline(56)) - Created pipeline Pipeline[ Id: 71fa7db9-a382-43c4-a6df-7733a115a218, Nodes: 90577c55-fd31-444d-84bd-73a3c37bc268{ip: 192.168.34.5, host: pr-hdds-1569-j4bt4-3030777008, networkLocation: /default-rack, certSerialId: null}, Type:RATIS, Factor:ONE, State:OPEN]
2019-09-19 09:40:46,827 [RatisPipelineUtilsThread] ERROR pipeline.PipelinePlacementPolicy (PipelinePlacementPolicy.java:meetCriteria(91)) - Pipeline Placement: Doesn't meet the criteria to be viable node. Heaviness: 6
2019-09-19 09:40:46,828 [RatisPipelineUtilsThread] ERROR pipeline.PipelinePlacementPolicy (PipelinePlacementPolicy.java:meetCriteria(91)) - Pipeline Placement: Doesn't meet the criteria to be viable node. Heaviness: 6
2019-09-19 09:40:46,828 [RatisPipelineUtilsThread] ERROR pipeline.PipelinePlacementPolicy (PipelinePlacementPolicy.java:meetCriteria(91)) - Pipeline Placement: Doesn't meet the criteria to be viable node. Heaviness: 6
2019-09-19 09:40:46,837 [grpc-default-executor-0] INFO  impl.RaftServerProxy (RaftServerProxy.java:addNew(89)) - 00cd5ee6-30a6-4c0a-bb6c-a5a65ddde9fb: addNew group-BF851F5FA283:[00cd5ee6-30a6-4c0a-bb6c-a5a65ddde9fb:192.168.34.5:39741] returns group-BF851F5FA283:java.util.concurrent.CompletableFuture@7d4f617f[Not completed]
2019-09-19 09:40:46,846 [pool-115-thread-1] INFO  impl.RaftServerImpl (RaftServerImpl.java:<init>(93)) - 00cd5ee6-30a6-4c0a-bb6c-a5a65ddde9fb: new RaftServerImpl for group-BF851F5FA283:[00cd5ee6-30a6-4c0a-bb6c-a5a65ddde9fb:192.168.34.5:39741] with ContainerStateMachine:uninitialized
2019-09-19 09:40:46,847 [pool-115-thread-1] INFO  server.RaftServerConfigKeys (ConfUtils.java:logGet(43)) - raft.server.rpc.timeout.min = 5s (custom)
2019-09-19 09:40:46,847 [pool-115-thread-1] INFO  server.RaftServerConfigKeys (ConfUtils.java:logGet(43)) - raft.server.rpc.timeout.max = 5200ms (custom)
2019-09-19 09:40:46,847 [pool-115-thread-1] INFO  server.RaftServerConfigKeys (ConfUtils.java:logGet(43)) - raft.server.rpcslowness.timeout = 120s (custom)
2019-09-19 09:40:46,847 [pool-115-thread-1] INFO  server.RaftServerConfigKeys (ConfUtils.java:logGet(43)) - raft.server.sleep.deviation.threshold = 300 (default)
2019-09-19 09:40:46,847 [pool-115-thread-1] INFO  server.RaftServerConfigKeys (ConfUtils.java:logGet(43)) - raft.server.log.appender.install.snapshot.enabled = false (custom)
2019-09-19 09:40:46,847 [pool-115-thread-1] INFO  impl.RaftServerImpl (ServerState.java:<init>(105)) - 00cd5ee6-30a6-4c0a-bb6c-a5a65ddde9fb:group-BF851F5FA283 ConfigurationManager, init=-1: [00cd5ee6-30a6-4c0a-bb6c-a5a65ddde9fb:192.168.34.5:39741], old=null, confs=<EMPTY_MAP>
2019-09-19 09:40:46,847 [pool-115-thread-1] INFO  server.RaftServerConfigKeys (ConfUtils.java:logGet(43)) - raft.server.storage.dir = [/workdir/hadoop-ozone/ozonefs/target/test-dir/MiniOzoneClusterImpl-21ed0f53-0413-44c7-8609-f438100532e5/datanode-8/data/ratis] (custom)
2019-09-19 09:40:46,848 [pool-115-thread-1] INFO  storage.RaftStorageDirectory (RaftStorageDirectory.java:analyzeStorage(246)) - The storage directory /workdir/hadoop-ozone/ozonefs/target/test-dir/MiniOzoneClusterImpl-21ed0f53-0413-44c7-8609-f438100532e5/datanode-8/data/ratis/a4d1941d-feb9-495d-bdfd-bf851f5fa283 does not exist. Creating ...
2019-09-19 09:40:46,860 [pool-115-thread-1] INFO  storage.RaftStorageDirectory (RaftStorageDirectory.java:tryLock(328)) - Lock on /workdir/hadoop-ozone/ozonefs/target/test-dir/MiniOzoneClusterImpl-21ed0f53-0413-44c7-8609-f438100532e5/datanode-8/data/ratis/a4d1941d-feb9-495d-bdfd-bf851f5fa283/in_use.lock acquired by nodename 23096@pr-hdds-1569-j4bt4-3030777008
2019-09-19 09:40:46,873 [pool-115-thread-1] INFO  storage.RaftStorage (RaftStorage.java:format(72)) - Storage directory /workdir/hadoop-ozone/ozonefs/target/test-dir/MiniOzoneClusterImpl-21ed0f53-0413-44c7-8609-f438100532e5/datanode-8/data/ratis/a4d1941d-feb9-495d-bdfd-bf851f5fa283 has been successfully formatted.
2019-09-19 09:40:46,873 [pool-115-thread-1] INFO  ratis.ContainerStateMachine (ContainerStateMachine.java:loadSnapshot(226)) - group-BF851F5FA283: The snapshot info is null. Setting the last applied indexto:(t:0, i:~)
2019-09-19 09:40:46,873 [pool-115-thread-1] INFO  server.RaftServerConfigKeys (ConfUtils.java:logGet(43)) - raft.server.leader.election.timeout = 120s (custom)
2019-09-19 09:40:46,873 [pool-115-thread-1] INFO  server.RaftServerConfigKeys (ConfUtils.java:logGet(43)) - raft.server.log.use.memory = false (default)
2019-09-19 09:40:46,873 [pool-115-thread-1] INFO  server.RaftServerConfigKeys (ConfUtils.java:logGet(43)) - raft.server.log.purge.gap = 1000000 (custom)
2019-09-19 09:40:46,873 [pool-115-thread-1] INFO  server.RaftServerConfigKeys (ConfUtils.java:logGet(43)) - raft.server.log.appender.buffer.byte-limit = 33554432 (custom)
2019-09-19 09:40:46,873 [pool-115-thread-1] INFO  server.RaftServerConfigKeys (ConfUtils.java:logGet(43)) - raft.server.log.segment.size.max = 1048576 (custom)
2019-09-19 09:40:46,874 [pool-115-thread-1] INFO  server.RaftServerConfigKeys (ConfUtils.java:logGet(43)) - raft.server.log.segment.cache.num.max = 2 (custom)
2019-09-19 09:40:46,874 [pool-115-thread-1] INFO  segmented.SegmentedRaftLogWorker (SegmentedRaftLogWorker.java:<init>(172)) - new 00cd5ee6-30a6-4c0a-bb6c-a5a65ddde9fb-SegmentedRaftLogWorker:Storage Directory /workdir/hadoop-ozone/ozonefs/target/test-dir/MiniOzoneClusterImpl-21ed0f53-0413-44c7-8609-f438100532e5/datanode-8/data/ratis/a4d1941d-feb9-495d-bdfd-bf851f5fa283 for RaftStorage:Storage Directory /workdir/hadoop-ozone/ozonefs/target/test-dir/MiniOzoneClusterImpl-21ed0f53-0413-44c7-8609-f438100532e5/datanode-8/data/ratis/a4d1941d-feb9-495d-bdfd-bf851f5fa283
2019-09-19 09:40:46,874 [pool-115-thread-1] INFO  server.RaftServerConfigKeys (ConfUtils.java:logGet(43)) - raft.server.log.queue.byte-limit = 2147483647 (custom)
2019-09-19 09:40:46,874 [pool-115-thread-1] INFO  server.RaftServerConfigKeys (ConfUtils.java:logGet(43)) - raft.server.log.queue.element-limit = 1024 (custom)
2019-09-19 09:40:46,874 [pool-115-thread-1] INFO  server.RaftServerConfigKeys (ConfUtils.java:logGet(43)) - raft.server.log.segment.size.max = 1048576 (custom)
2019-09-19 09:40:46,874 [pool-115-thread-1] INFO  server.RaftServerConfigKeys (ConfUtils.java:logGet(43)) - raft.server.log.preallocated.size = 16384 (custom)
2019-09-19 09:40:46,874 [pool-115-thread-1] INFO  server.RaftServerConfigKeys (ConfUtils.java:logGet(43)) - raft.server.log.write.buffer.size = 33554432 (custom)
2019-09-19 09:40:46,875 [pool-115-thread-1] INFO  server.RaftServerConfigKeys (ConfUtils.java:logGet(43)) - raft.server.log.force.sync.num = 128 (default)
2019-09-19 09:40:46,875 [pool-115-thread-1] INFO  server.RaftServerConfigKeys (ConfUtils.java:logGet(43)) - raft.server.log.statemachine.data.sync = true (default)
2019-09-19 09:40:46,875 [pool-115-thread-1] INFO  server.RaftServerConfigKeys (ConfUtils.java:logGet(43)) - raft.server.log.statemachine.data.sync.timeout = 10s (default)
2019-09-19 09:40:46,875 [pool-115-thread-1] INFO  server.RaftServerConfigKeys (ConfUtils.java:logGet(43)) - raft.server.log.statemachine.data.sync.timeout.retry = -1 (default)
2019-09-19 09:40:46,875 [pool-115-thread-1] INFO  server.RaftServerConfigKeys (ConfUtils.java:logGet(43)) - raft.server.log.statemachine.data.caching.enabled = true (custom)
2019-09-19 09:40:46,875 [pool-115-thread-1] INFO  segmented.SegmentedRaftLogWorker (SegmentedRaftLogWorker.java:lambda$new$0(132)) - 00cd5ee6-30a6-4c0a-bb6c-a5a65ddde9fb-SegmentedRaftLogWorker:Storage Directory /workdir/hadoop-ozone/ozonefs/target/test-dir/MiniOzoneClusterImpl-21ed0f53-0413-44c7-8609-f438100532e5/datanode-8/data/ratis/a4d1941d-feb9-495d-bdfd-bf851f5fa283: flushIndex: setUnconditionally 0 -> -1
2019-09-19 09:40:46,876 [pool-115-thread-1] INFO  server.RaftServerConfigKeys (ConfUtils.java:logGet(43)) - raft.server.snapshot.auto.trigger.enabled = true (custom)
2019-09-19 09:40:46,876 [pool-115-thread-1] INFO  server.RaftServerConfigKeys (ConfUtils.java:logGet(43)) - raft.server.snapshot.auto.trigger.threshold = 10000 (custom)
2019-09-19 09:40:46,876 [pool-115-thread-1] INFO  server.RaftServerConfigKeys (ConfUtils.java:logGet(43)) - raft.server.retrycache.expirytime = 600000ms (custom)
2019-09-19 09:40:46,876 [pool-115-thread-1] INFO  impl.RaftServerImpl (RaftServerImpl.java:start(180)) - 00cd5ee6-30a6-4c0a-bb6c-a5a65ddde9fb: start group-BF851F5FA283
2019-09-19 09:40:46,876 [pool-115-thread-1] INFO  impl.RaftServerImpl (RaftServerImpl.java:setRole(171)) - 00cd5ee6-30a6-4c0a-bb6c-a5a65ddde9fb:group-BF851F5FA283 changes role from null to FOLLOWER at term 0 for startAsFollower
2019-09-19 09:40:46,876 [pool-115-thread-1] INFO  impl.RoleInfo (RoleInfo.java:updateAndGet(143)) - 00cd5ee6-30a6-4c0a-bb6c-a5a65ddde9fb: start FollowerState
2019-09-19 09:40:46,877 [pool-115-thread-1] INFO  util.JmxRegister (JmxRegister.java:tryRegister(44)) - Successfully registered JMX Bean with object name Ratis:service=RaftServer,group=group-BF851F5FA283,id=00cd5ee6-30a6-4c0a-bb6c-a5a65ddde9fb
2019-09-19 09:40:46,880 [RatisPipelineUtilsThread] INFO  pipeline.PipelineStateManager (PipelineStateManager.java:addPipeline(56)) - Created pipeline Pipeline[ Id: a4d1941d-feb9-495d-bdfd-bf851f5fa283, Nodes: 00cd5ee6-30a6-4c0a-bb6c-a5a65ddde9fb{ip: 192.168.34.5, host: pr-hdds-1569-j4bt4-3030777008, networkLocation: /default-rack, certSerialId: null}, Type:RATIS, Factor:ONE, State:OPEN]
2019-09-19 09:40:46,880 [RatisPipelineUtilsThread] ERROR pipeline.PipelinePlacementPolicy (PipelinePlacementPolicy.java:meetCriteria(91)) - Pipeline Placement: Doesn't meet the criteria to be viable node. Heaviness: 6
2019-09-19 09:40:46,880 [RatisPipelineUtilsThread] ERROR pipeline.PipelinePlacementPolicy (PipelinePlacementPolicy.java:meetCriteria(91)) - Pipeline Placement: Doesn't meet the criteria to be viable node. Heaviness: 6
2019-09-19 09:40:46,880 [RatisPipelineUtilsThread] ERROR pipeline.PipelinePlacementPolicy (PipelinePlacementPolicy.java:meetCriteria(91)) - Pipeline Placement: Doesn't meet the criteria to be viable node. Heaviness: 6
2019-09-19 09:40:46,887 [grpc-default-executor-0] INFO  impl.RaftServerProxy (RaftServerProxy.java:addNew(89)) - 28f77823-de9e-44cc-bd18-5b415144a5bf: addNew group-9568B94661FF:[28f77823-de9e-44cc-bd18-5b415144a5bf:192.168.34.5:41344] returns group-9568B94661FF:java.util.concurrent.CompletableFuture@5e02ba2c[Not completed]
2019-09-19 09:40:46,889 [pool-38-thread-1] INFO  impl.RaftServerImpl (RaftServerImpl.java:<init>(93)) - 28f77823-de9e-44cc-bd18-5b415144a5bf: new RaftServerImpl for group-9568B94661FF:[28f77823-de9e-44cc-bd18-5b415144a5bf:192.168.34.5:41344] with ContainerStateMachine:uninitialized
2019-09-19 09:40:46,889 [pool-38-thread-1] INFO  server.RaftServerConfigKeys (ConfUtils.java:logGet(43)) - raft.server.rpc.timeout.min = 5s (custom)
2019-09-19 09:40:46,889 [pool-38-thread-1] INFO  server.RaftServerConfigKeys (ConfUtils.java:logGet(43)) - raft.server.rpc.timeout.max = 5200ms (custom)
2019-09-19 09:40:46,889 [pool-38-thread-1] INFO  server.RaftServerConfigKeys (ConfUtils.java:logGet(43)) - raft.server.rpcslowness.timeout = 120s (custom)
2019-09-19 09:40:46,889 [pool-38-thread-1] INFO  server.RaftServerConfigKeys (ConfUtils.java:logGet(43)) - raft.server.sleep.deviation.threshold = 300 (default)
2019-09-19 09:40:46,890 [pool-38-thread-1] INFO  server.RaftServerConfigKeys (ConfUtils.java:logGet(43)) - raft.server.log.appender.install.snapshot.enabled = false (custom)
2019-09-19 09:40:46,890 [pool-38-thread-1] INFO  impl.RaftServerImpl (ServerState.java:<init>(105)) - 28f77823-de9e-44cc-bd18-5b415144a5bf:group-9568B94661FF ConfigurationManager, init=-1: [28f77823-de9e-44cc-bd18-5b415144a5bf:192.168.34.5:41344], old=null, confs=<EMPTY_MAP>
2019-09-19 09:40:46,890 [pool-38-thread-1] INFO  server.RaftServerConfigKeys (ConfUtils.java:logGet(43)) - raft.server.storage.dir = [/workdir/hadoop-ozone/ozonefs/target/test-dir/MiniOzoneClusterImpl-21ed0f53-0413-44c7-8609-f438100532e5/datanode-1/data/ratis] (custom)
2019-09-19 09:40:46,891 [pool-38-thread-1] INFO  storage.RaftStorageDirectory (RaftStorageDirectory.java:analyzeStorage(246)) - The storage directory /workdir/hadoop-ozone/ozonefs/target/test-dir/MiniOzoneClusterImpl-21ed0f53-0413-44c7-8609-f438100532e5/datanode-1/data/ratis/eba8a981-55a0-4fc5-90a9-9568b94661ff does not exist. Creating ...
2019-09-19 09:40:46,913 [pool-38-thread-1] INFO  storage.RaftStorageDirectory (RaftStorageDirectory.java:tryLock(328)) - Lock on /workdir/hadoop-ozone/ozonefs/target/test-dir/MiniOzoneClusterImpl-21ed0f53-0413-44c7-8609-f438100532e5/datanode-1/data/ratis/eba8a981-55a0-4fc5-90a9-9568b94661ff/in_use.lock acquired by nodename 23096@pr-hdds-1569-j4bt4-3030777008
2019-09-19 09:40:46,944 [pool-38-thread-1] INFO  storage.RaftStorage (RaftStorage.java:format(72)) - Storage directory /workdir/hadoop-ozone/ozonefs/target/test-dir/MiniOzoneClusterImpl-21ed0f53-0413-44c7-8609-f438100532e5/datanode-1/data/ratis/eba8a981-55a0-4fc5-90a9-9568b94661ff has been successfully formatted.
2019-09-19 09:40:46,944 [pool-38-thread-1] INFO  ratis.ContainerStateMachine (ContainerStateMachine.java:loadSnapshot(226)) - group-9568B94661FF: The snapshot info is null. Setting the last applied indexto:(t:0, i:~)
2019-09-19 09:40:46,944 [pool-38-thread-1] INFO  server.RaftServerConfigKeys (ConfUtils.java:logGet(43)) - raft.server.leader.election.timeout = 120s (custom)
2019-09-19 09:40:46,944 [pool-38-thread-1] INFO  server.RaftServerConfigKeys (ConfUtils.java:logGet(43)) - raft.server.log.use.memory = false (default)
2019-09-19 09:40:46,945 [pool-38-thread-1] INFO  server.RaftServerConfigKeys (ConfUtils.java:logGet(43)) - raft.server.log.purge.gap = 1000000 (custom)
2019-09-19 09:40:46,945 [pool-38-thread-1] INFO  server.RaftServerConfigKeys (ConfUtils.java:logGet(43)) - raft.server.log.appender.buffer.byte-limit = 33554432 (custom)
2019-09-19 09:40:46,945 [pool-38-thread-1] INFO  server.RaftServerConfigKeys (ConfUtils.java:logGet(43)) - raft.server.log.segment.size.max = 1048576 (custom)
2019-09-19 09:40:46,945 [pool-38-thread-1] INFO  server.RaftServerConfigKeys (ConfUtils.java:logGet(43)) - raft.server.log.segment.cache.num.max = 2 (custom)
2019-09-19 09:40:46,945 [pool-38-thread-1] INFO  segmented.SegmentedRaftLogWorker (SegmentedRaftLogWorker.java:<init>(172)) - new 28f77823-de9e-44cc-bd18-5b415144a5bf-SegmentedRaftLogWorker:Storage Directory /workdir/hadoop-ozone/ozonefs/target/test-dir/MiniOzoneClusterImpl-21ed0f53-0413-44c7-8609-f438100532e5/datanode-1/data/ratis/eba8a981-55a0-4fc5-90a9-9568b94661ff for RaftStorage:Storage Directory /workdir/hadoop-ozone/ozonefs/target/test-dir/MiniOzoneClusterImpl-21ed0f53-0413-44c7-8609-f438100532e5/datanode-1/data/ratis/eba8a981-55a0-4fc5-90a9-9568b94661ff
2019-09-19 09:40:46,945 [pool-38-thread-1] INFO  server.RaftServerConfigKeys (ConfUtils.java:logGet(43)) - raft.server.log.queue.byte-limit = 2147483647 (custom)
2019-09-19 09:40:46,946 [pool-38-thread-1] INFO  server.RaftServerConfigKeys (ConfUtils.java:logGet(43)) - raft.server.log.queue.element-limit = 1024 (custom)
2019-09-19 09:40:46,946 [pool-38-thread-1] INFO  server.RaftServerConfigKeys (ConfUtils.java:logGet(43)) - raft.server.log.segment.size.max = 1048576 (custom)
2019-09-19 09:40:46,946 [pool-38-thread-1] INFO  server.RaftServerConfigKeys (ConfUtils.java:logGet(43)) - raft.server.log.preallocated.size = 16384 (custom)
2019-09-19 09:40:46,946 [pool-38-thread-1] INFO  server.RaftServerConfigKeys (ConfUtils.java:logGet(43)) - raft.server.log.write.buffer.size = 33554432 (custom)
2019-09-19 09:40:46,946 [pool-38-thread-1] INFO  server.RaftServerConfigKeys (ConfUtils.java:logGet(43)) - raft.server.log.force.sync.num = 128 (default)
2019-09-19 09:40:46,946 [pool-38-thread-1] INFO  server.RaftServerConfigKeys (ConfUtils.java:logGet(43)) - raft.server.log.statemachine.data.sync = true (default)
2019-09-19 09:40:46,947 [pool-38-thread-1] INFO  server.RaftServerConfigKeys (ConfUtils.java:logGet(43)) - raft.server.log.statemachine.data.sync.timeout = 10s (default)
2019-09-19 09:40:46,947 [pool-38-thread-1] INFO  server.RaftServerConfigKeys (ConfUtils.java:logGet(43)) - raft.server.log.statemachine.data.sync.timeout.retry = -1 (default)
2019-09-19 09:40:46,947 [pool-38-thread-1] INFO  server.RaftServerConfigKeys (ConfUtils.java:logGet(43)) - raft.server.log.statemachine.data.caching.enabled = true (custom)
2019-09-19 09:40:46,948 [pool-38-thread-1] INFO  segmented.SegmentedRaftLogWorker (SegmentedRaftLogWorker.java:lambda$new$0(132)) - 28f77823-de9e-44cc-bd18-5b415144a5bf-SegmentedRaftLogWorker:Storage Directory /workdir/hadoop-ozone/ozonefs/target/test-dir/MiniOzoneClusterImpl-21ed0f53-0413-44c7-8609-f438100532e5/datanode-1/data/ratis/eba8a981-55a0-4fc5-90a9-9568b94661ff: flushIndex: setUnconditionally 0 -> -1
2019-09-19 09:40:46,948 [pool-38-thread-1] INFO  server.RaftServerConfigKeys (ConfUtils.java:logGet(43)) - raft.server.snapshot.auto.trigger.enabled = true (custom)
2019-09-19 09:40:46,948 [pool-38-thread-1] INFO  server.RaftServerConfigKeys (ConfUtils.java:logGet(43)) - raft.server.snapshot.auto.trigger.threshold = 10000 (custom)
2019-09-19 09:40:46,948 [pool-38-thread-1] INFO  server.RaftServerConfigKeys (ConfUtils.java:logGet(43)) - raft.server.retrycache.expirytime = 600000ms (custom)
2019-09-19 09:40:46,949 [pool-38-thread-1] INFO  impl.RaftServerImpl (RaftServerImpl.java:start(180)) - 28f77823-de9e-44cc-bd18-5b415144a5bf: start group-9568B94661FF
2019-09-19 09:40:46,949 [pool-38-thread-1] INFO  impl.RaftServerImpl (RaftServerImpl.java:setRole(171)) - 28f77823-de9e-44cc-bd18-5b415144a5bf:group-9568B94661FF changes role from null to FOLLOWER at term 0 for startAsFollower
2019-09-19 09:40:46,949 [pool-38-thread-1] INFO  impl.RoleInfo (RoleInfo.java:updateAndGet(143)) - 28f77823-de9e-44cc-bd18-5b415144a5bf: start FollowerState
2019-09-19 09:40:46,950 [pool-38-thread-1] INFO  util.JmxRegister (JmxRegister.java:tryRegister(44)) - Successfully registered JMX Bean with object name Ratis:service=RaftServer,group=group-9568B94661FF,id=28f77823-de9e-44cc-bd18-5b415144a5bf
2019-09-19 09:40:46,954 [RatisPipelineUtilsThread] INFO  pipeline.PipelineStateManager (PipelineStateManager.java:addPipeline(56)) - Created pipeline Pipeline[ Id: eba8a981-55a0-4fc5-90a9-9568b94661ff, Nodes: 28f77823-de9e-44cc-bd18-5b415144a5bf{ip: 192.168.34.5, host: pr-hdds-1569-j4bt4-3030777008, networkLocation: /default-rack, certSerialId: null}, Type:RATIS, Factor:ONE, State:OPEN]
2019-09-19 09:40:46,954 [RatisPipelineUtilsThread] ERROR pipeline.PipelinePlacementPolicy (PipelinePlacementPolicy.java:meetCriteria(91)) - Pipeline Placement: Doesn't meet the criteria to be viable node. Heaviness: 6
2019-09-19 09:40:46,954 [RatisPipelineUtilsThread] ERROR pipeline.PipelinePlacementPolicy (PipelinePlacementPolicy.java:meetCriteria(91)) - Pipeline Placement: Doesn't meet the criteria to be viable node. Heaviness: 6
2019-09-19 09:40:46,954 [RatisPipelineUtilsThread] ERROR pipeline.PipelinePlacementPolicy (PipelinePlacementPolicy.java:meetCriteria(91)) - Pipeline Placement: Doesn't meet the criteria to be viable node. Heaviness: 6
2019-09-19 09:40:46,955 [RatisPipelineUtilsThread] ERROR pipeline.PipelinePlacementPolicy (PipelinePlacementPolicy.java:meetCriteria(91)) - Pipeline Placement: Doesn't meet the criteria to be viable node. Heaviness: 6
2019-09-19 09:40:46,962 [grpc-default-executor-0] INFO  impl.RaftServerProxy (RaftServerProxy.java:addNew(89)) - d87be78c-f122-4471-b781-d01263e91835: addNew group-ED7CD127AACE:[d87be78c-f122-4471-b781-d01263e91835:192.168.34.5:39992] returns group-ED7CD127AACE:java.util.concurrent.CompletableFuture@12b05644[Not completed]
2019-09-19 09:40:46,964 [pool-60-thread-1] INFO  impl.RaftServerImpl (RaftServerImpl.java:<init>(93)) - d87be78c-f122-4471-b781-d01263e91835: new RaftServerImpl for group-ED7CD127AACE:[d87be78c-f122-4471-b781-d01263e91835:192.168.34.5:39992] with ContainerStateMachine:uninitialized
2019-09-19 09:40:46,964 [pool-60-thread-1] INFO  server.RaftServerConfigKeys (ConfUtils.java:logGet(43)) - raft.server.rpc.timeout.min = 5s (custom)
2019-09-19 09:40:46,964 [pool-60-thread-1] INFO  server.RaftServerConfigKeys (ConfUtils.java:logGet(43)) - raft.server.rpc.timeout.max = 5200ms (custom)
2019-09-19 09:40:46,964 [pool-60-thread-1] INFO  server.RaftServerConfigKeys (ConfUtils.java:logGet(43)) - raft.server.rpcslowness.timeout = 120s (custom)
2019-09-19 09:40:46,964 [pool-60-thread-1] INFO  server.RaftServerConfigKeys (ConfUtils.java:logGet(43)) - raft.server.sleep.deviation.threshold = 300 (default)
2019-09-19 09:40:46,965 [pool-60-thread-1] INFO  server.RaftServerConfigKeys (ConfUtils.java:logGet(43)) - raft.server.log.appender.install.snapshot.enabled = false (custom)
2019-09-19 09:40:46,965 [pool-60-thread-1] INFO  impl.RaftServerImpl (ServerState.java:<init>(105)) - d87be78c-f122-4471-b781-d01263e91835:group-ED7CD127AACE ConfigurationManager, init=-1: [d87be78c-f122-4471-b781-d01263e91835:192.168.34.5:39992], old=null, confs=<EMPTY_MAP>
2019-09-19 09:40:46,965 [pool-60-thread-1] INFO  server.RaftServerConfigKeys (ConfUtils.java:logGet(43)) - raft.server.storage.dir = [/workdir/hadoop-ozone/ozonefs/target/test-dir/MiniOzoneClusterImpl-21ed0f53-0413-44c7-8609-f438100532e5/datanode-3/data/ratis] (custom)
2019-09-19 09:40:46,965 [pool-60-thread-1] INFO  storage.RaftStorageDirectory (RaftStorageDirectory.java:analyzeStorage(246)) - The storage directory /workdir/hadoop-ozone/ozonefs/target/test-dir/MiniOzoneClusterImpl-21ed0f53-0413-44c7-8609-f438100532e5/datanode-3/data/ratis/e36717d3-098a-4bae-9917-ed7cd127aace does not exist. Creating ...
2019-09-19 09:40:46,978 [pool-60-thread-1] INFO  storage.RaftStorageDirectory (RaftStorageDirectory.java:tryLock(328)) - Lock on /workdir/hadoop-ozone/ozonefs/target/test-dir/MiniOzoneClusterImpl-21ed0f53-0413-44c7-8609-f438100532e5/datanode-3/data/ratis/e36717d3-098a-4bae-9917-ed7cd127aace/in_use.lock acquired by nodename 23096@pr-hdds-1569-j4bt4-3030777008
2019-09-19 09:40:46,992 [pool-60-thread-1] INFO  storage.RaftStorage (RaftStorage.java:format(72)) - Storage directory /workdir/hadoop-ozone/ozonefs/target/test-dir/MiniOzoneClusterImpl-21ed0f53-0413-44c7-8609-f438100532e5/datanode-3/data/ratis/e36717d3-098a-4bae-9917-ed7cd127aace has been successfully formatted.
2019-09-19 09:40:46,992 [pool-60-thread-1] INFO  ratis.ContainerStateMachine (ContainerStateMachine.java:loadSnapshot(226)) - group-ED7CD127AACE: The snapshot info is null. Setting the last applied indexto:(t:0, i:~)
2019-09-19 09:40:46,992 [pool-60-thread-1] INFO  server.RaftServerConfigKeys (ConfUtils.java:logGet(43)) - raft.server.leader.election.timeout = 120s (custom)
2019-09-19 09:40:46,993 [pool-60-thread-1] INFO  server.RaftServerConfigKeys (ConfUtils.java:logGet(43)) - raft.server.log.use.memory = false (default)
2019-09-19 09:40:46,993 [pool-60-thread-1] INFO  server.RaftServerConfigKeys (ConfUtils.java:logGet(43)) - raft.server.log.purge.gap = 1000000 (custom)
2019-09-19 09:40:46,993 [pool-60-thread-1] INFO  server.RaftServerConfigKeys (ConfUtils.java:logGet(43)) - raft.server.log.appender.buffer.byte-limit = 33554432 (custom)
2019-09-19 09:40:46,993 [pool-60-thread-1] INFO  server.RaftServerConfigKeys (ConfUtils.java:logGet(43)) - raft.server.log.segment.size.max = 1048576 (custom)
2019-09-19 09:40:46,994 [pool-60-thread-1] INFO  server.RaftServerConfigKeys (ConfUtils.java:logGet(43)) - raft.server.log.segment.cache.num.max = 2 (custom)
2019-09-19 09:40:46,994 [pool-60-thread-1] INFO  segmented.SegmentedRaftLogWorker (SegmentedRaftLogWorker.java:<init>(172)) - new d87be78c-f122-4471-b781-d01263e91835-SegmentedRaftLogWorker:Storage Directory /workdir/hadoop-ozone/ozonefs/target/test-dir/MiniOzoneClusterImpl-21ed0f53-0413-44c7-8609-f438100532e5/datanode-3/data/ratis/e36717d3-098a-4bae-9917-ed7cd127aace for RaftStorage:Storage Directory /workdir/hadoop-ozone/ozonefs/target/test-dir/MiniOzoneClusterImpl-21ed0f53-0413-44c7-8609-f438100532e5/datanode-3/data/ratis/e36717d3-098a-4bae-9917-ed7cd127aace
2019-09-19 09:40:46,994 [pool-60-thread-1] INFO  server.RaftServerConfigKeys (ConfUtils.java:logGet(43)) - raft.server.log.queue.byte-limit = 2147483647 (custom)
2019-09-19 09:40:46,994 [pool-60-thread-1] INFO  server.RaftServerConfigKeys (ConfUtils.java:logGet(43)) - raft.server.log.queue.element-limit = 1024 (custom)
2019-09-19 09:40:46,995 [pool-60-thread-1] INFO  server.RaftServerConfigKeys (ConfUtils.java:logGet(43)) - raft.server.log.segment.size.max = 1048576 (custom)
2019-09-19 09:40:46,995 [pool-60-thread-1] INFO  server.RaftServerConfigKeys (ConfUtils.java:logGet(43)) - raft.server.log.preallocated.size = 16384 (custom)
2019-09-19 09:40:46,995 [pool-60-thread-1] INFO  server.RaftServerConfigKeys (ConfUtils.java:logGet(43)) - raft.server.log.write.buffer.size = 33554432 (custom)
2019-09-19 09:40:46,995 [pool-60-thread-1] INFO  server.RaftServerConfigKeys (ConfUtils.java:logGet(43)) - raft.server.log.force.sync.num = 128 (default)
2019-09-19 09:40:46,996 [pool-60-thread-1] INFO  server.RaftServerConfigKeys (ConfUtils.java:logGet(43)) - raft.server.log.statemachine.data.sync = true (default)
2019-09-19 09:40:46,996 [pool-60-thread-1] INFO  server.RaftServerConfigKeys (ConfUtils.java:logGet(43)) - raft.server.log.statemachine.data.sync.timeout = 10s (default)
2019-09-19 09:40:46,996 [pool-60-thread-1] INFO  server.RaftServerConfigKeys (ConfUtils.java:logGet(43)) - raft.server.log.statemachine.data.sync.timeout.retry = -1 (default)
2019-09-19 09:40:46,996 [pool-60-thread-1] INFO  server.RaftServerConfigKeys (ConfUtils.java:logGet(43)) - raft.server.log.statemachine.data.caching.enabled = true (custom)
2019-09-19 09:40:46,997 [pool-60-thread-1] INFO  segmented.SegmentedRaftLogWorker (SegmentedRaftLogWorker.java:lambda$new$0(132)) - d87be78c-f122-4471-b781-d01263e91835-SegmentedRaftLogWorker:Storage Directory /workdir/hadoop-ozone/ozonefs/target/test-dir/MiniOzoneClusterImpl-21ed0f53-0413-44c7-8609-f438100532e5/datanode-3/data/ratis/e36717d3-098a-4bae-9917-ed7cd127aace: flushIndex: setUnconditionally 0 -> -1
2019-09-19 09:40:46,998 [pool-60-thread-1] INFO  server.RaftServerConfigKeys (ConfUtils.java:logGet(43)) - raft.server.snapshot.auto.trigger.enabled = true (custom)
2019-09-19 09:40:46,998 [pool-60-thread-1] INFO  server.RaftServerConfigKeys (ConfUtils.java:logGet(43)) - raft.server.snapshot.auto.trigger.threshold = 10000 (custom)
2019-09-19 09:40:46,998 [pool-60-thread-1] INFO  server.RaftServerConfigKeys (ConfUtils.java:logGet(43)) - raft.server.retrycache.expirytime = 600000ms (custom)
2019-09-19 09:40:46,999 [pool-60-thread-1] INFO  impl.RaftServerImpl (RaftServerImpl.java:start(180)) - d87be78c-f122-4471-b781-d01263e91835: start group-ED7CD127AACE
2019-09-19 09:40:46,999 [pool-60-thread-1] INFO  impl.RaftServerImpl (RaftServerImpl.java:setRole(171)) - d87be78c-f122-4471-b781-d01263e91835:group-ED7CD127AACE changes role from null to FOLLOWER at term 0 for startAsFollower
2019-09-19 09:40:46,999 [pool-60-thread-1] INFO  impl.RoleInfo (RoleInfo.java:updateAndGet(143)) - d87be78c-f122-4471-b781-d01263e91835: start FollowerState
2019-09-19 09:40:47,000 [pool-60-thread-1] INFO  util.JmxRegister (JmxRegister.java:tryRegister(44)) - Successfully registered JMX Bean with object name Ratis:service=RaftServer,group=group-ED7CD127AACE,id=d87be78c-f122-4471-b781-d01263e91835
2019-09-19 09:40:47,003 [RatisPipelineUtilsThread] INFO  pipeline.PipelineStateManager (PipelineStateManager.java:addPipeline(56)) - Created pipeline Pipeline[ Id: e36717d3-098a-4bae-9917-ed7cd127aace, Nodes: d87be78c-f122-4471-b781-d01263e91835{ip: 192.168.34.5, host: pr-hdds-1569-j4bt4-3030777008, networkLocation: /default-rack, certSerialId: null}, Type:RATIS, Factor:ONE, State:OPEN]
2019-09-19 09:40:47,004 [RatisPipelineUtilsThread] ERROR pipeline.PipelinePlacementPolicy (PipelinePlacementPolicy.java:meetCriteria(91)) - Pipeline Placement: Doesn't meet the criteria to be viable node. Heaviness: 6
2019-09-19 09:40:47,004 [RatisPipelineUtilsThread] ERROR pipeline.PipelinePlacementPolicy (PipelinePlacementPolicy.java:meetCriteria(91)) - Pipeline Placement: Doesn't meet the criteria to be viable node. Heaviness: 6
2019-09-19 09:40:47,004 [RatisPipelineUtilsThread] ERROR pipeline.PipelinePlacementPolicy (PipelinePlacementPolicy.java:meetCriteria(91)) - Pipeline Placement: Doesn't meet the criteria to be viable node. Heaviness: 6
2019-09-19 09:40:47,004 [RatisPipelineUtilsThread] ERROR pipeline.PipelinePlacementPolicy (PipelinePlacementPolicy.java:meetCriteria(91)) - Pipeline Placement: Doesn't meet the criteria to be viable node. Heaviness: 6
2019-09-19 09:40:47,004 [RatisPipelineUtilsThread] ERROR pipeline.PipelinePlacementPolicy (PipelinePlacementPolicy.java:meetCriteria(91)) - Pipeline Placement: Doesn't meet the criteria to be viable node. Heaviness: 6
2019-09-19 09:40:47,011 [grpc-default-executor-0] INFO  impl.RaftServerProxy (RaftServerProxy.java:addNew(89)) - 1cd79902-2a06-4a3f-8023-3eba64f51293: addNew group-3B39ACC2B09E:[1cd79902-2a06-4a3f-8023-3eba64f51293:192.168.34.5:43611] returns group-3B39ACC2B09E:java.util.concurrent.CompletableFuture@4fe34a45[Not completed]
2019-09-19 09:40:47,013 [pool-82-thread-1] INFO  impl.RaftServerImpl (RaftServerImpl.java:<init>(93)) - 1cd79902-2a06-4a3f-8023-3eba64f51293: new RaftServerImpl for group-3B39ACC2B09E:[1cd79902-2a06-4a3f-8023-3eba64f51293:192.168.34.5:43611] with ContainerStateMachine:uninitialized
2019-09-19 09:40:47,013 [pool-82-thread-1] INFO  server.RaftServerConfigKeys (ConfUtils.java:logGet(43)) - raft.server.rpc.timeout.min = 5s (custom)
2019-09-19 09:40:47,013 [pool-82-thread-1] INFO  server.RaftServerConfigKeys (ConfUtils.java:logGet(43)) - raft.server.rpc.timeout.max = 5200ms (custom)
2019-09-19 09:40:47,013 [pool-82-thread-1] INFO  server.RaftServerConfigKeys (ConfUtils.java:logGet(43)) - raft.server.rpcslowness.timeout = 120s (custom)
2019-09-19 09:40:47,013 [pool-82-thread-1] INFO  server.RaftServerConfigKeys (ConfUtils.java:logGet(43)) - raft.server.sleep.deviation.threshold = 300 (default)
2019-09-19 09:40:47,013 [pool-82-thread-1] INFO  server.RaftServerConfigKeys (ConfUtils.java:logGet(43)) - raft.server.log.appender.install.snapshot.enabled = false (custom)
2019-09-19 09:40:47,014 [pool-82-thread-1] INFO  impl.RaftServerImpl (ServerState.java:<init>(105)) - 1cd79902-2a06-4a3f-8023-3eba64f51293:group-3B39ACC2B09E ConfigurationManager, init=-1: [1cd79902-2a06-4a3f-8023-3eba64f51293:192.168.34.5:43611], old=null, confs=<EMPTY_MAP>
2019-09-19 09:40:47,014 [pool-82-thread-1] INFO  server.RaftServerConfigKeys (ConfUtils.java:logGet(43)) - raft.server.storage.dir = [/workdir/hadoop-ozone/ozonefs/target/test-dir/MiniOzoneClusterImpl-21ed0f53-0413-44c7-8609-f438100532e5/datanode-5/data/ratis] (custom)
2019-09-19 09:40:47,014 [pool-82-thread-1] INFO  storage.RaftStorageDirectory (RaftStorageDirectory.java:analyzeStorage(246)) - The storage directory /workdir/hadoop-ozone/ozonefs/target/test-dir/MiniOzoneClusterImpl-21ed0f53-0413-44c7-8609-f438100532e5/datanode-5/data/ratis/016e4b9c-0077-4c3f-a184-3b39acc2b09e does not exist. Creating ...
2019-09-19 09:40:47,027 [pool-82-thread-1] INFO  storage.RaftStorageDirectory (RaftStorageDirectory.java:tryLock(328)) - Lock on /workdir/hadoop-ozone/ozonefs/target/test-dir/MiniOzoneClusterImpl-21ed0f53-0413-44c7-8609-f438100532e5/datanode-5/data/ratis/016e4b9c-0077-4c3f-a184-3b39acc2b09e/in_use.lock acquired by nodename 23096@pr-hdds-1569-j4bt4-3030777008
2019-09-19 09:40:47,040 [pool-82-thread-1] INFO  storage.RaftStorage (RaftStorage.java:format(72)) - Storage directory /workdir/hadoop-ozone/ozonefs/target/test-dir/MiniOzoneClusterImpl-21ed0f53-0413-44c7-8609-f438100532e5/datanode-5/data/ratis/016e4b9c-0077-4c3f-a184-3b39acc2b09e has been successfully formatted.
2019-09-19 09:40:47,040 [pool-82-thread-1] INFO  ratis.ContainerStateMachine (ContainerStateMachine.java:loadSnapshot(226)) - group-3B39ACC2B09E: The snapshot info is null. Setting the last applied indexto:(t:0, i:~)
2019-09-19 09:40:47,040 [pool-82-thread-1] INFO  server.RaftServerConfigKeys (ConfUtils.java:logGet(43)) - raft.server.leader.election.timeout = 120s (custom)
2019-09-19 09:40:47,041 [pool-82-thread-1] INFO  server.RaftServerConfigKeys (ConfUtils.java:logGet(43)) - raft.server.log.use.memory = false (default)
2019-09-19 09:40:47,041 [pool-82-thread-1] INFO  server.RaftServerConfigKeys (ConfUtils.java:logGet(43)) - raft.server.log.purge.gap = 1000000 (custom)
2019-09-19 09:40:47,041 [pool-82-thread-1] INFO  server.RaftServerConfigKeys (ConfUtils.java:logGet(43)) - raft.server.log.appender.buffer.byte-limit = 33554432 (custom)
2019-09-19 09:40:47,041 [pool-82-thread-1] INFO  server.RaftServerConfigKeys (ConfUtils.java:logGet(43)) - raft.server.log.segment.size.max = 1048576 (custom)
2019-09-19 09:40:47,042 [pool-82-thread-1] INFO  server.RaftServerConfigKeys (ConfUtils.java:logGet(43)) - raft.server.log.segment.cache.num.max = 2 (custom)
2019-09-19 09:40:47,042 [pool-82-thread-1] INFO  segmented.SegmentedRaftLogWorker (SegmentedRaftLogWorker.java:<init>(172)) - new 1cd79902-2a06-4a3f-8023-3eba64f51293-SegmentedRaftLogWorker:Storage Directory /workdir/hadoop-ozone/ozonefs/target/test-dir/MiniOzoneClusterImpl-21ed0f53-0413-44c7-8609-f438100532e5/datanode-5/data/ratis/016e4b9c-0077-4c3f-a184-3b39acc2b09e for RaftStorage:Storage Directory /workdir/hadoop-ozone/ozonefs/target/test-dir/MiniOzoneClusterImpl-21ed0f53-0413-44c7-8609-f438100532e5/datanode-5/data/ratis/016e4b9c-0077-4c3f-a184-3b39acc2b09e
2019-09-19 09:40:47,042 [pool-82-thread-1] INFO  server.RaftServerConfigKeys (ConfUtils.java:logGet(43)) - raft.server.log.queue.byte-limit = 2147483647 (custom)
2019-09-19 09:40:47,042 [pool-82-thread-1] INFO  server.RaftServerConfigKeys (ConfUtils.java:logGet(43)) - raft.server.log.queue.element-limit = 1024 (custom)
2019-09-19 09:40:47,043 [pool-82-thread-1] INFO  server.RaftServerConfigKeys (ConfUtils.java:logGet(43)) - raft.server.log.segment.size.max = 1048576 (custom)
2019-09-19 09:40:47,043 [pool-82-thread-1] INFO  server.RaftServerConfigKeys (ConfUtils.java:logGet(43)) - raft.server.log.preallocated.size = 16384 (custom)
2019-09-19 09:40:47,043 [pool-82-thread-1] INFO  server.RaftServerConfigKeys (ConfUtils.java:logGet(43)) - raft.server.log.write.buffer.size = 33554432 (custom)
2019-09-19 09:40:47,043 [pool-82-thread-1] INFO  server.RaftServerConfigKeys (ConfUtils.java:logGet(43)) - raft.server.log.force.sync.num = 128 (default)
2019-09-19 09:40:47,043 [pool-82-thread-1] INFO  server.RaftServerConfigKeys (ConfUtils.java:logGet(43)) - raft.server.log.statemachine.data.sync = true (default)
2019-09-19 09:40:47,044 [pool-82-thread-1] INFO  server.RaftServerConfigKeys (ConfUtils.java:logGet(43)) - raft.server.log.statemachine.data.sync.timeout = 10s (default)
2019-09-19 09:40:47,044 [pool-82-thread-1] INFO  server.RaftServerConfigKeys (ConfUtils.java:logGet(43)) - raft.server.log.statemachine.data.sync.timeout.retry = -1 (default)
2019-09-19 09:40:47,044 [pool-82-thread-1] INFO  server.RaftServerConfigKeys (ConfUtils.java:logGet(43)) - raft.server.log.statemachine.data.caching.enabled = true (custom)
2019-09-19 09:40:47,045 [pool-82-thread-1] INFO  segmented.SegmentedRaftLogWorker (SegmentedRaftLogWorker.java:lambda$new$0(132)) - 1cd79902-2a06-4a3f-8023-3eba64f51293-SegmentedRaftLogWorker:Storage Directory /workdir/hadoop-ozone/ozonefs/target/test-dir/MiniOzoneClusterImpl-21ed0f53-0413-44c7-8609-f438100532e5/datanode-5/data/ratis/016e4b9c-0077-4c3f-a184-3b39acc2b09e: flushIndex: setUnconditionally 0 -> -1
2019-09-19 09:40:47,045 [pool-82-thread-1] INFO  server.RaftServerConfigKeys (ConfUtils.java:logGet(43)) - raft.server.snapshot.auto.trigger.enabled = true (custom)
2019-09-19 09:40:47,045 [pool-82-thread-1] INFO  server.RaftServerConfigKeys (ConfUtils.java:logGet(43)) - raft.server.snapshot.auto.trigger.threshold = 10000 (custom)
2019-09-19 09:40:47,045 [pool-82-thread-1] INFO  server.RaftServerConfigKeys (ConfUtils.java:logGet(43)) - raft.server.retrycache.expirytime = 600000ms (custom)
2019-09-19 09:40:47,046 [pool-82-thread-1] INFO  impl.RaftServerImpl (RaftServerImpl.java:start(180)) - 1cd79902-2a06-4a3f-8023-3eba64f51293: start group-3B39ACC2B09E
2019-09-19 09:40:47,046 [pool-82-thread-1] INFO  impl.RaftServerImpl (RaftServerImpl.java:setRole(171)) - 1cd79902-2a06-4a3f-8023-3eba64f51293:group-3B39ACC2B09E changes role from null to FOLLOWER at term 0 for startAsFollower
2019-09-19 09:40:47,046 [pool-82-thread-1] INFO  impl.RoleInfo (RoleInfo.java:updateAndGet(143)) - 1cd79902-2a06-4a3f-8023-3eba64f51293: start FollowerState
2019-09-19 09:40:47,046 [pool-82-thread-1] INFO  util.JmxRegister (JmxRegister.java:tryRegister(44)) - Successfully registered JMX Bean with object name Ratis:service=RaftServer,group=group-3B39ACC2B09E,id=1cd79902-2a06-4a3f-8023-3eba64f51293
2019-09-19 09:40:47,050 [RatisPipelineUtilsThread] INFO  pipeline.PipelineStateManager (PipelineStateManager.java:addPipeline(56)) - Created pipeline Pipeline[ Id: 016e4b9c-0077-4c3f-a184-3b39acc2b09e, Nodes: 1cd79902-2a06-4a3f-8023-3eba64f51293{ip: 192.168.34.5, host: pr-hdds-1569-j4bt4-3030777008, networkLocation: /default-rack, certSerialId: null}, Type:RATIS, Factor:ONE, State:OPEN]
2019-09-19 09:40:47,050 [RatisPipelineUtilsThread] ERROR pipeline.PipelinePlacementPolicy (PipelinePlacementPolicy.java:meetCriteria(91)) - Pipeline Placement: Doesn't meet the criteria to be viable node. Heaviness: 6
2019-09-19 09:40:47,050 [RatisPipelineUtilsThread] ERROR pipeline.PipelinePlacementPolicy (PipelinePlacementPolicy.java:meetCriteria(91)) - Pipeline Placement: Doesn't meet the criteria to be viable node. Heaviness: 6
2019-09-19 09:40:47,051 [RatisPipelineUtilsThread] ERROR pipeline.PipelinePlacementPolicy (PipelinePlacementPolicy.java:meetCriteria(91)) - Pipeline Placement: Doesn't meet the criteria to be viable node. Heaviness: 6
2019-09-19 09:40:47,051 [RatisPipelineUtilsThread] ERROR pipeline.PipelinePlacementPolicy (PipelinePlacementPolicy.java:meetCriteria(91)) - Pipeline Placement: Doesn't meet the criteria to be viable node. Heaviness: 6
2019-09-19 09:40:47,051 [RatisPipelineUtilsThread] ERROR pipeline.PipelinePlacementPolicy (PipelinePlacementPolicy.java:meetCriteria(91)) - Pipeline Placement: Doesn't meet the criteria to be viable node. Heaviness: 6
2019-09-19 09:40:47,051 [RatisPipelineUtilsThread] ERROR pipeline.PipelinePlacementPolicy (PipelinePlacementPolicy.java:meetCriteria(91)) - Pipeline Placement: Doesn't meet the criteria to be viable node. Heaviness: 6
2019-09-19 09:40:47,058 [grpc-default-executor-0] INFO  impl.RaftServerProxy (RaftServerProxy.java:addNew(89)) - 7076406d-aee0-4126-8bab-f0c87a3fcebd: addNew group-A6CABADCA9FA:[7076406d-aee0-4126-8bab-f0c87a3fcebd:192.168.34.5:33583] returns group-A6CABADCA9FA:java.util.concurrent.CompletableFuture@5f4afc25[Not completed]
2019-09-19 09:40:47,059 [pool-104-thread-1] INFO  impl.RaftServerImpl (RaftServerImpl.java:<init>(93)) - 7076406d-aee0-4126-8bab-f0c87a3fcebd: new RaftServerImpl for group-A6CABADCA9FA:[7076406d-aee0-4126-8bab-f0c87a3fcebd:192.168.34.5:33583] with ContainerStateMachine:uninitialized
2019-09-19 09:40:47,060 [pool-104-thread-1] INFO  server.RaftServerConfigKeys (ConfUtils.java:logGet(43)) - raft.server.rpc.timeout.min = 5s (custom)
2019-09-19 09:40:47,060 [pool-104-thread-1] INFO  server.RaftServerConfigKeys (ConfUtils.java:logGet(43)) - raft.server.rpc.timeout.max = 5200ms (custom)
2019-09-19 09:40:47,060 [pool-104-thread-1] INFO  server.RaftServerConfigKeys (ConfUtils.java:logGet(43)) - raft.server.rpcslowness.timeout = 120s (custom)
2019-09-19 09:40:47,060 [pool-104-thread-1] INFO  server.RaftServerConfigKeys (ConfUtils.java:logGet(43)) - raft.server.sleep.deviation.threshold = 300 (default)
2019-09-19 09:40:47,060 [pool-104-thread-1] INFO  server.RaftServerConfigKeys (ConfUtils.java:logGet(43)) - raft.server.log.appender.install.snapshot.enabled = false (custom)
2019-09-19 09:40:47,060 [pool-104-thread-1] INFO  impl.RaftServerImpl (ServerState.java:<init>(105)) - 7076406d-aee0-4126-8bab-f0c87a3fcebd:group-A6CABADCA9FA ConfigurationManager, init=-1: [7076406d-aee0-4126-8bab-f0c87a3fcebd:192.168.34.5:33583], old=null, confs=<EMPTY_MAP>
2019-09-19 09:40:47,060 [pool-104-thread-1] INFO  server.RaftServerConfigKeys (ConfUtils.java:logGet(43)) - raft.server.storage.dir = [/workdir/hadoop-ozone/ozonefs/target/test-dir/MiniOzoneClusterImpl-21ed0f53-0413-44c7-8609-f438100532e5/datanode-7/data/ratis] (custom)
2019-09-19 09:40:47,061 [pool-104-thread-1] INFO  storage.RaftStorageDirectory (RaftStorageDirectory.java:analyzeStorage(246)) - The storage directory /workdir/hadoop-ozone/ozonefs/target/test-dir/MiniOzoneClusterImpl-21ed0f53-0413-44c7-8609-f438100532e5/datanode-7/data/ratis/ac0d811b-6b87-4fe7-be04-a6cabadca9fa does not exist. Creating ...
2019-09-19 09:40:47,085 [pool-104-thread-1] INFO  storage.RaftStorageDirectory (RaftStorageDirectory.java:tryLock(328)) - Lock on /workdir/hadoop-ozone/ozonefs/target/test-dir/MiniOzoneClusterImpl-21ed0f53-0413-44c7-8609-f438100532e5/datanode-7/data/ratis/ac0d811b-6b87-4fe7-be04-a6cabadca9fa/in_use.lock acquired by nodename 23096@pr-hdds-1569-j4bt4-3030777008
2019-09-19 09:40:47,100 [pool-104-thread-1] INFO  storage.RaftStorage (RaftStorage.java:format(72)) - Storage directory /workdir/hadoop-ozone/ozonefs/target/test-dir/MiniOzoneClusterImpl-21ed0f53-0413-44c7-8609-f438100532e5/datanode-7/data/ratis/ac0d811b-6b87-4fe7-be04-a6cabadca9fa has been successfully formatted.
2019-09-19 09:40:47,101 [pool-104-thread-1] INFO  ratis.ContainerStateMachine (ContainerStateMachine.java:loadSnapshot(226)) - group-A6CABADCA9FA: The snapshot info is null. Setting the last applied indexto:(t:0, i:~)
2019-09-19 09:40:47,101 [pool-104-thread-1] INFO  server.RaftServerConfigKeys (ConfUtils.java:logGet(43)) - raft.server.leader.election.timeout = 120s (custom)
2019-09-19 09:40:47,101 [pool-104-thread-1] INFO  server.RaftServerConfigKeys (ConfUtils.java:logGet(43)) - raft.server.log.use.memory = false (default)
2019-09-19 09:40:47,102 [pool-104-thread-1] INFO  server.RaftServerConfigKeys (ConfUtils.java:logGet(43)) - raft.server.log.purge.gap = 1000000 (custom)
2019-09-19 09:40:47,102 [pool-104-thread-1] INFO  server.RaftServerConfigKeys (ConfUtils.java:logGet(43)) - raft.server.log.appender.buffer.byte-limit = 33554432 (custom)
2019-09-19 09:40:47,102 [pool-104-thread-1] INFO  server.RaftServerConfigKeys (ConfUtils.java:logGet(43)) - raft.server.log.segment.size.max = 1048576 (custom)
2019-09-19 09:40:47,103 [pool-104-thread-1] INFO  server.RaftServerConfigKeys (ConfUtils.java:logGet(43)) - raft.server.log.segment.cache.num.max = 2 (custom)
2019-09-19 09:40:47,103 [pool-104-thread-1] INFO  segmented.SegmentedRaftLogWorker (SegmentedRaftLogWorker.java:<init>(172)) - new 7076406d-aee0-4126-8bab-f0c87a3fcebd-SegmentedRaftLogWorker:Storage Directory /workdir/hadoop-ozone/ozonefs/target/test-dir/MiniOzoneClusterImpl-21ed0f53-0413-44c7-8609-f438100532e5/datanode-7/data/ratis/ac0d811b-6b87-4fe7-be04-a6cabadca9fa for RaftStorage:Storage Directory /workdir/hadoop-ozone/ozonefs/target/test-dir/MiniOzoneClusterImpl-21ed0f53-0413-44c7-8609-f438100532e5/datanode-7/data/ratis/ac0d811b-6b87-4fe7-be04-a6cabadca9fa
2019-09-19 09:40:47,103 [pool-104-thread-1] INFO  server.RaftServerConfigKeys (ConfUtils.java:logGet(43)) - raft.server.log.queue.byte-limit = 2147483647 (custom)
2019-09-19 09:40:47,103 [pool-104-thread-1] INFO  server.RaftServerConfigKeys (ConfUtils.java:logGet(43)) - raft.server.log.queue.element-limit = 1024 (custom)
2019-09-19 09:40:47,104 [pool-104-thread-1] INFO  server.RaftServerConfigKeys (ConfUtils.java:logGet(43)) - raft.server.log.segment.size.max = 1048576 (custom)
2019-09-19 09:40:47,104 [pool-104-thread-1] INFO  server.RaftServerConfigKeys (ConfUtils.java:logGet(43)) - raft.server.log.preallocated.size = 16384 (custom)
2019-09-19 09:40:47,104 [pool-104-thread-1] INFO  server.RaftServerConfigKeys (ConfUtils.java:logGet(43)) - raft.server.log.write.buffer.size = 33554432 (custom)
2019-09-19 09:40:47,104 [pool-104-thread-1] INFO  server.RaftServerConfigKeys (ConfUtils.java:logGet(43)) - raft.server.log.force.sync.num = 128 (default)
2019-09-19 09:40:47,104 [pool-104-thread-1] INFO  server.RaftServerConfigKeys (ConfUtils.java:logGet(43)) - raft.server.log.statemachine.data.sync = true (default)
2019-09-19 09:40:47,105 [pool-104-thread-1] INFO  server.RaftServerConfigKeys (ConfUtils.java:logGet(43)) - raft.server.log.statemachine.data.sync.timeout = 10s (default)
2019-09-19 09:40:47,105 [pool-104-thread-1] INFO  server.RaftServerConfigKeys (ConfUtils.java:logGet(43)) - raft.server.log.statemachine.data.sync.timeout.retry = -1 (default)
2019-09-19 09:40:47,105 [pool-104-thread-1] INFO  server.RaftServerConfigKeys (ConfUtils.java:logGet(43)) - raft.server.log.statemachine.data.caching.enabled = true (custom)
2019-09-19 09:40:47,106 [pool-104-thread-1] INFO  segmented.SegmentedRaftLogWorker (SegmentedRaftLogWorker.java:lambda$new$0(132)) - 7076406d-aee0-4126-8bab-f0c87a3fcebd-SegmentedRaftLogWorker:Storage Directory /workdir/hadoop-ozone/ozonefs/target/test-dir/MiniOzoneClusterImpl-21ed0f53-0413-44c7-8609-f438100532e5/datanode-7/data/ratis/ac0d811b-6b87-4fe7-be04-a6cabadca9fa: flushIndex: setUnconditionally 0 -> -1
2019-09-19 09:40:47,106 [pool-104-thread-1] INFO  server.RaftServerConfigKeys (ConfUtils.java:logGet(43)) - raft.server.snapshot.auto.trigger.enabled = true (custom)
2019-09-19 09:40:47,107 [pool-104-thread-1] INFO  server.RaftServerConfigKeys (ConfUtils.java:logGet(43)) - raft.server.snapshot.auto.trigger.threshold = 10000 (custom)
2019-09-19 09:40:47,107 [pool-104-thread-1] INFO  server.RaftServerConfigKeys (ConfUtils.java:logGet(43)) - raft.server.retrycache.expirytime = 600000ms (custom)
2019-09-19 09:40:47,107 [pool-104-thread-1] INFO  impl.RaftServerImpl (RaftServerImpl.java:start(180)) - 7076406d-aee0-4126-8bab-f0c87a3fcebd: start group-A6CABADCA9FA
2019-09-19 09:40:47,108 [pool-104-thread-1] INFO  impl.RaftServerImpl (RaftServerImpl.java:setRole(171)) - 7076406d-aee0-4126-8bab-f0c87a3fcebd:group-A6CABADCA9FA changes role from null to FOLLOWER at term 0 for startAsFollower
2019-09-19 09:40:47,108 [pool-104-thread-1] INFO  impl.RoleInfo (RoleInfo.java:updateAndGet(143)) - 7076406d-aee0-4126-8bab-f0c87a3fcebd: start FollowerState
2019-09-19 09:40:47,108 [pool-104-thread-1] INFO  util.JmxRegister (JmxRegister.java:tryRegister(44)) - Successfully registered JMX Bean with object name Ratis:service=RaftServer,group=group-A6CABADCA9FA,id=7076406d-aee0-4126-8bab-f0c87a3fcebd
2019-09-19 09:40:47,112 | INFO  | SCMAudit | user=jenkins1000 | ip=192.168.34.5 | op=SEND_HEARTBEAT {datanodeUUID=7076406d-aee0-4126-8bab-f0c87a3fcebd, command=[]} | ret=SUCCESS |  
2019-09-19 09:40:47,112 [RatisPipelineUtilsThread] INFO  pipeline.PipelineStateManager (PipelineStateManager.java:addPipeline(56)) - Created pipeline Pipeline[ Id: ac0d811b-6b87-4fe7-be04-a6cabadca9fa, Nodes: 7076406d-aee0-4126-8bab-f0c87a3fcebd{ip: 192.168.34.5, host: pr-hdds-1569-j4bt4-3030777008, networkLocation: /default-rack, certSerialId: null}, Type:RATIS, Factor:ONE, State:OPEN]
2019-09-19 09:40:47,113 [RatisPipelineUtilsThread] ERROR pipeline.PipelinePlacementPolicy (PipelinePlacementPolicy.java:meetCriteria(91)) - Pipeline Placement: Doesn't meet the criteria to be viable node. Heaviness: 6
2019-09-19 09:40:47,113 [RatisPipelineUtilsThread] ERROR pipeline.PipelinePlacementPolicy (PipelinePlacementPolicy.java:meetCriteria(91)) - Pipeline Placement: Doesn't meet the criteria to be viable node. Heaviness: 6
2019-09-19 09:40:47,113 [RatisPipelineUtilsThread] ERROR pipeline.PipelinePlacementPolicy (PipelinePlacementPolicy.java:meetCriteria(91)) - Pipeline Placement: Doesn't meet the criteria to be viable node. Heaviness: 6
2019-09-19 09:40:47,113 [RatisPipelineUtilsThread] ERROR pipeline.PipelinePlacementPolicy (PipelinePlacementPolicy.java:meetCriteria(91)) - Pipeline Placement: Doesn't meet the criteria to be viable node. Heaviness: 6
2019-09-19 09:40:47,113 [RatisPipelineUtilsThread] ERROR pipeline.PipelinePlacementPolicy (PipelinePlacementPolicy.java:meetCriteria(91)) - Pipeline Placement: Doesn't meet the criteria to be viable node. Heaviness: 6
2019-09-19 09:40:47,113 [RatisPipelineUtilsThread] ERROR pipeline.PipelinePlacementPolicy (PipelinePlacementPolicy.java:meetCriteria(91)) - Pipeline Placement: Doesn't meet the criteria to be viable node. Heaviness: 6
2019-09-19 09:40:47,120 [grpc-default-executor-0] INFO  impl.RaftServerProxy (RaftServerProxy.java:addNew(89)) - 7076406d-aee0-4126-8bab-f0c87a3fcebd: addNew group-1119B59856B7:[7076406d-aee0-4126-8bab-f0c87a3fcebd:192.168.34.5:33583] returns group-1119B59856B7:java.util.concurrent.CompletableFuture@549275da[Not completed]
2019-09-19 09:40:47,122 [pool-104-thread-1] INFO  impl.RaftServerImpl (RaftServerImpl.java:<init>(93)) - 7076406d-aee0-4126-8bab-f0c87a3fcebd: new RaftServerImpl for group-1119B59856B7:[7076406d-aee0-4126-8bab-f0c87a3fcebd:192.168.34.5:33583] with ContainerStateMachine:uninitialized
2019-09-19 09:40:47,122 [pool-104-thread-1] INFO  server.RaftServerConfigKeys (ConfUtils.java:logGet(43)) - raft.server.rpc.timeout.min = 5s (custom)
2019-09-19 09:40:47,122 [pool-104-thread-1] INFO  server.RaftServerConfigKeys (ConfUtils.java:logGet(43)) - raft.server.rpc.timeout.max = 5200ms (custom)
2019-09-19 09:40:47,122 [pool-104-thread-1] INFO  server.RaftServerConfigKeys (ConfUtils.java:logGet(43)) - raft.server.rpcslowness.timeout = 120s (custom)
2019-09-19 09:40:47,122 [pool-104-thread-1] INFO  server.RaftServerConfigKeys (ConfUtils.java:logGet(43)) - raft.server.sleep.deviation.threshold = 300 (default)
2019-09-19 09:40:47,123 [pool-104-thread-1] INFO  server.RaftServerConfigKeys (ConfUtils.java:logGet(43)) - raft.server.log.appender.install.snapshot.enabled = false (custom)
2019-09-19 09:40:47,123 [pool-104-thread-1] INFO  impl.RaftServerImpl (ServerState.java:<init>(105)) - 7076406d-aee0-4126-8bab-f0c87a3fcebd:group-1119B59856B7 ConfigurationManager, init=-1: [7076406d-aee0-4126-8bab-f0c87a3fcebd:192.168.34.5:33583], old=null, confs=<EMPTY_MAP>
2019-09-19 09:40:47,123 [pool-104-thread-1] INFO  server.RaftServerConfigKeys (ConfUtils.java:logGet(43)) - raft.server.storage.dir = [/workdir/hadoop-ozone/ozonefs/target/test-dir/MiniOzoneClusterImpl-21ed0f53-0413-44c7-8609-f438100532e5/datanode-7/data/ratis] (custom)
2019-09-19 09:40:47,123 [pool-104-thread-1] INFO  storage.RaftStorageDirectory (RaftStorageDirectory.java:analyzeStorage(246)) - The storage directory /workdir/hadoop-ozone/ozonefs/target/test-dir/MiniOzoneClusterImpl-21ed0f53-0413-44c7-8609-f438100532e5/datanode-7/data/ratis/c5dd666e-6e47-4417-9110-1119b59856b7 does not exist. Creating ...
2019-09-19 09:40:47,137 | INFO  | SCMAudit | user=jenkins1000 | ip=192.168.34.5 | op=SEND_HEARTBEAT {datanodeUUID=1bcbd64b-2199-49e1-86d3-4e4b64d88b4a, command=[]} | ret=SUCCESS |  
2019-09-19 09:40:47,146 [pool-104-thread-1] INFO  storage.RaftStorageDirectory (RaftStorageDirectory.java:tryLock(328)) - Lock on /workdir/hadoop-ozone/ozonefs/target/test-dir/MiniOzoneClusterImpl-21ed0f53-0413-44c7-8609-f438100532e5/datanode-7/data/ratis/c5dd666e-6e47-4417-9110-1119b59856b7/in_use.lock acquired by nodename 23096@pr-hdds-1569-j4bt4-3030777008
2019-09-19 09:40:47,159 [pool-104-thread-1] INFO  storage.RaftStorage (RaftStorage.java:format(72)) - Storage directory /workdir/hadoop-ozone/ozonefs/target/test-dir/MiniOzoneClusterImpl-21ed0f53-0413-44c7-8609-f438100532e5/datanode-7/data/ratis/c5dd666e-6e47-4417-9110-1119b59856b7 has been successfully formatted.
2019-09-19 09:40:47,159 [pool-104-thread-1] INFO  ratis.ContainerStateMachine (ContainerStateMachine.java:loadSnapshot(226)) - group-1119B59856B7: The snapshot info is null. Setting the last applied indexto:(t:0, i:~)
2019-09-19 09:40:47,159 [pool-104-thread-1] INFO  server.RaftServerConfigKeys (ConfUtils.java:logGet(43)) - raft.server.leader.election.timeout = 120s (custom)
2019-09-19 09:40:47,159 [pool-104-thread-1] INFO  server.RaftServerConfigKeys (ConfUtils.java:logGet(43)) - raft.server.log.use.memory = false (default)
2019-09-19 09:40:47,160 [pool-104-thread-1] INFO  server.RaftServerConfigKeys (ConfUtils.java:logGet(43)) - raft.server.log.purge.gap = 1000000 (custom)
2019-09-19 09:40:47,160 [pool-104-thread-1] INFO  server.RaftServerConfigKeys (ConfUtils.java:logGet(43)) - raft.server.log.appender.buffer.byte-limit = 33554432 (custom)
2019-09-19 09:40:47,160 [pool-104-thread-1] INFO  server.RaftServerConfigKeys (ConfUtils.java:logGet(43)) - raft.server.log.segment.size.max = 1048576 (custom)
2019-09-19 09:40:47,160 [pool-104-thread-1] INFO  server.RaftServerConfigKeys (ConfUtils.java:logGet(43)) - raft.server.log.segment.cache.num.max = 2 (custom)
2019-09-19 09:40:47,160 [pool-104-thread-1] INFO  segmented.SegmentedRaftLogWorker (SegmentedRaftLogWorker.java:<init>(172)) - new 7076406d-aee0-4126-8bab-f0c87a3fcebd-SegmentedRaftLogWorker:Storage Directory /workdir/hadoop-ozone/ozonefs/target/test-dir/MiniOzoneClusterImpl-21ed0f53-0413-44c7-8609-f438100532e5/datanode-7/data/ratis/c5dd666e-6e47-4417-9110-1119b59856b7 for RaftStorage:Storage Directory /workdir/hadoop-ozone/ozonefs/target/test-dir/MiniOzoneClusterImpl-21ed0f53-0413-44c7-8609-f438100532e5/datanode-7/data/ratis/c5dd666e-6e47-4417-9110-1119b59856b7
2019-09-19 09:40:47,160 [pool-104-thread-1] INFO  server.RaftServerConfigKeys (ConfUtils.java:logGet(43)) - raft.server.log.queue.byte-limit = 2147483647 (custom)
2019-09-19 09:40:47,160 [pool-104-thread-1] INFO  server.RaftServerConfigKeys (ConfUtils.java:logGet(43)) - raft.server.log.queue.element-limit = 1024 (custom)
2019-09-19 09:40:47,161 [pool-104-thread-1] INFO  server.RaftServerConfigKeys (ConfUtils.java:logGet(43)) - raft.server.log.segment.size.max = 1048576 (custom)
2019-09-19 09:40:47,161 [pool-104-thread-1] INFO  server.RaftServerConfigKeys (ConfUtils.java:logGet(43)) - raft.server.log.preallocated.size = 16384 (custom)
2019-09-19 09:40:47,161 [pool-104-thread-1] INFO  server.RaftServerConfigKeys (ConfUtils.java:logGet(43)) - raft.server.log.write.buffer.size = 33554432 (custom)
2019-09-19 09:40:47,161 [pool-104-thread-1] INFO  server.RaftServerConfigKeys (ConfUtils.java:logGet(43)) - raft.server.log.force.sync.num = 128 (default)
2019-09-19 09:40:47,161 [pool-104-thread-1] INFO  server.RaftServerConfigKeys (ConfUtils.java:logGet(43)) - raft.server.log.statemachine.data.sync = true (default)
2019-09-19 09:40:47,161 [pool-104-thread-1] INFO  server.RaftServerConfigKeys (ConfUtils.java:logGet(43)) - raft.server.log.statemachine.data.sync.timeout = 10s (default)
2019-09-19 09:40:47,161 [pool-104-thread-1] INFO  server.RaftServerConfigKeys (ConfUtils.java:logGet(43)) - raft.server.log.statemachine.data.sync.timeout.retry = -1 (default)
2019-09-19 09:40:47,162 [pool-104-thread-1] INFO  server.RaftServerConfigKeys (ConfUtils.java:logGet(43)) - raft.server.log.statemachine.data.caching.enabled = true (custom)
2019-09-19 09:40:47,162 [pool-104-thread-1] INFO  segmented.SegmentedRaftLogWorker (SegmentedRaftLogWorker.java:lambda$new$0(132)) - 7076406d-aee0-4126-8bab-f0c87a3fcebd-SegmentedRaftLogWorker:Storage Directory /workdir/hadoop-ozone/ozonefs/target/test-dir/MiniOzoneClusterImpl-21ed0f53-0413-44c7-8609-f438100532e5/datanode-7/data/ratis/c5dd666e-6e47-4417-9110-1119b59856b7: flushIndex: setUnconditionally 0 -> -1
2019-09-19 09:40:47,162 [pool-104-thread-1] INFO  server.RaftServerConfigKeys (ConfUtils.java:logGet(43)) - raft.server.snapshot.auto.trigger.enabled = true (custom)
2019-09-19 09:40:47,162 [pool-104-thread-1] INFO  server.RaftServerConfigKeys (ConfUtils.java:logGet(43)) - raft.server.snapshot.auto.trigger.threshold = 10000 (custom)
2019-09-19 09:40:47,163 [pool-104-thread-1] INFO  server.RaftServerConfigKeys (ConfUtils.java:logGet(43)) - raft.server.retrycache.expirytime = 600000ms (custom)
2019-09-19 09:40:47,163 [pool-104-thread-1] INFO  impl.RaftServerImpl (RaftServerImpl.java:start(180)) - 7076406d-aee0-4126-8bab-f0c87a3fcebd: start group-1119B59856B7
2019-09-19 09:40:47,163 [pool-104-thread-1] INFO  impl.RaftServerImpl (RaftServerImpl.java:setRole(171)) - 7076406d-aee0-4126-8bab-f0c87a3fcebd:group-1119B59856B7 changes role from null to FOLLOWER at term 0 for startAsFollower
2019-09-19 09:40:47,163 [pool-104-thread-1] INFO  impl.RoleInfo (RoleInfo.java:updateAndGet(143)) - 7076406d-aee0-4126-8bab-f0c87a3fcebd: start FollowerState
2019-09-19 09:40:47,163 [pool-104-thread-1] INFO  util.JmxRegister (JmxRegister.java:tryRegister(44)) - Successfully registered JMX Bean with object name Ratis:service=RaftServer,group=group-1119B59856B7,id=7076406d-aee0-4126-8bab-f0c87a3fcebd
2019-09-19 09:40:47,166 [RatisPipelineUtilsThread] INFO  pipeline.PipelineStateManager (PipelineStateManager.java:addPipeline(56)) - Created pipeline Pipeline[ Id: c5dd666e-6e47-4417-9110-1119b59856b7, Nodes: 7076406d-aee0-4126-8bab-f0c87a3fcebd{ip: 192.168.34.5, host: pr-hdds-1569-j4bt4-3030777008, networkLocation: /default-rack, certSerialId: null}, Type:RATIS, Factor:ONE, State:OPEN]
2019-09-19 09:40:47,167 [RatisPipelineUtilsThread] ERROR pipeline.PipelinePlacementPolicy (PipelinePlacementPolicy.java:meetCriteria(91)) - Pipeline Placement: Doesn't meet the criteria to be viable node. Heaviness: 6
2019-09-19 09:40:47,167 [RatisPipelineUtilsThread] ERROR pipeline.PipelinePlacementPolicy (PipelinePlacementPolicy.java:meetCriteria(91)) - Pipeline Placement: Doesn't meet the criteria to be viable node. Heaviness: 6
2019-09-19 09:40:47,167 [RatisPipelineUtilsThread] ERROR pipeline.PipelinePlacementPolicy (PipelinePlacementPolicy.java:meetCriteria(91)) - Pipeline Placement: Doesn't meet the criteria to be viable node. Heaviness: 6
2019-09-19 09:40:47,167 [RatisPipelineUtilsThread] ERROR pipeline.PipelinePlacementPolicy (PipelinePlacementPolicy.java:meetCriteria(91)) - Pipeline Placement: Doesn't meet the criteria to be viable node. Heaviness: 6
2019-09-19 09:40:47,168 [RatisPipelineUtilsThread] ERROR pipeline.PipelinePlacementPolicy (PipelinePlacementPolicy.java:meetCriteria(91)) - Pipeline Placement: Doesn't meet the criteria to be viable node. Heaviness: 6
2019-09-19 09:40:47,168 [RatisPipelineUtilsThread] ERROR pipeline.PipelinePlacementPolicy (PipelinePlacementPolicy.java:meetCriteria(91)) - Pipeline Placement: Doesn't meet the criteria to be viable node. Heaviness: 6
2019-09-19 09:40:47,168 [RatisPipelineUtilsThread] ERROR pipeline.PipelinePlacementPolicy (PipelinePlacementPolicy.java:meetCriteria(91)) - Pipeline Placement: Doesn't meet the criteria to be viable node. Heaviness: 6
2019-09-19 09:40:47,175 [grpc-default-executor-0] INFO  impl.RaftServerProxy (RaftServerProxy.java:addNew(89)) - bb9d252a-546d-48b3-aabe-52964da86e48: addNew group-2A18D4C34C3F:[bb9d252a-546d-48b3-aabe-52964da86e48:192.168.34.5:44392] returns group-2A18D4C34C3F:java.util.concurrent.CompletableFuture@576dad5d[Not completed]
2019-09-19 09:40:47,176 [pool-93-thread-1] INFO  impl.RaftServerImpl (RaftServerImpl.java:<init>(93)) - bb9d252a-546d-48b3-aabe-52964da86e48: new RaftServerImpl for group-2A18D4C34C3F:[bb9d252a-546d-48b3-aabe-52964da86e48:192.168.34.5:44392] with ContainerStateMachine:uninitialized
2019-09-19 09:40:47,176 [pool-93-thread-1] INFO  server.RaftServerConfigKeys (ConfUtils.java:logGet(43)) - raft.server.rpc.timeout.min = 5s (custom)
2019-09-19 09:40:47,176 [pool-93-thread-1] INFO  server.RaftServerConfigKeys (ConfUtils.java:logGet(43)) - raft.server.rpc.timeout.max = 5200ms (custom)
2019-09-19 09:40:47,176 [pool-93-thread-1] INFO  server.RaftServerConfigKeys (ConfUtils.java:logGet(43)) - raft.server.rpcslowness.timeout = 120s (custom)
2019-09-19 09:40:47,177 [pool-93-thread-1] INFO  server.RaftServerConfigKeys (ConfUtils.java:logGet(43)) - raft.server.sleep.deviation.threshold = 300 (default)
2019-09-19 09:40:47,177 [pool-93-thread-1] INFO  server.RaftServerConfigKeys (ConfUtils.java:logGet(43)) - raft.server.log.appender.install.snapshot.enabled = false (custom)
2019-09-19 09:40:47,177 [pool-93-thread-1] INFO  impl.RaftServerImpl (ServerState.java:<init>(105)) - bb9d252a-546d-48b3-aabe-52964da86e48:group-2A18D4C34C3F ConfigurationManager, init=-1: [bb9d252a-546d-48b3-aabe-52964da86e48:192.168.34.5:44392], old=null, confs=<EMPTY_MAP>
2019-09-19 09:40:47,177 [pool-93-thread-1] INFO  server.RaftServerConfigKeys (ConfUtils.java:logGet(43)) - raft.server.storage.dir = [/workdir/hadoop-ozone/ozonefs/target/test-dir/MiniOzoneClusterImpl-21ed0f53-0413-44c7-8609-f438100532e5/datanode-6/data/ratis] (custom)
2019-09-19 09:40:47,177 [pool-93-thread-1] INFO  storage.RaftStorageDirectory (RaftStorageDirectory.java:analyzeStorage(246)) - The storage directory /workdir/hadoop-ozone/ozonefs/target/test-dir/MiniOzoneClusterImpl-21ed0f53-0413-44c7-8609-f438100532e5/datanode-6/data/ratis/12e76ca6-41f0-489e-9c0f-2a18d4c34c3f does not exist. Creating ...
2019-09-19 09:40:47,198 [pool-93-thread-1] INFO  storage.RaftStorageDirectory (RaftStorageDirectory.java:tryLock(328)) - Lock on /workdir/hadoop-ozone/ozonefs/target/test-dir/MiniOzoneClusterImpl-21ed0f53-0413-44c7-8609-f438100532e5/datanode-6/data/ratis/12e76ca6-41f0-489e-9c0f-2a18d4c34c3f/in_use.lock acquired by nodename 23096@pr-hdds-1569-j4bt4-3030777008
2019-09-19 09:40:47,211 [pool-93-thread-1] INFO  storage.RaftStorage (RaftStorage.java:format(72)) - Storage directory /workdir/hadoop-ozone/ozonefs/target/test-dir/MiniOzoneClusterImpl-21ed0f53-0413-44c7-8609-f438100532e5/datanode-6/data/ratis/12e76ca6-41f0-489e-9c0f-2a18d4c34c3f has been successfully formatted.
2019-09-19 09:40:47,211 [pool-93-thread-1] INFO  ratis.ContainerStateMachine (ContainerStateMachine.java:loadSnapshot(226)) - group-2A18D4C34C3F: The snapshot info is null. Setting the last applied indexto:(t:0, i:~)
2019-09-19 09:40:47,211 [pool-93-thread-1] INFO  server.RaftServerConfigKeys (ConfUtils.java:logGet(43)) - raft.server.leader.election.timeout = 120s (custom)
2019-09-19 09:40:47,211 [pool-93-thread-1] INFO  server.RaftServerConfigKeys (ConfUtils.java:logGet(43)) - raft.server.log.use.memory = false (default)
2019-09-19 09:40:47,212 [pool-93-thread-1] INFO  server.RaftServerConfigKeys (ConfUtils.java:logGet(43)) - raft.server.log.purge.gap = 1000000 (custom)
2019-09-19 09:40:47,212 [pool-93-thread-1] INFO  server.RaftServerConfigKeys (ConfUtils.java:logGet(43)) - raft.server.log.appender.buffer.byte-limit = 33554432 (custom)
2019-09-19 09:40:47,212 [pool-93-thread-1] INFO  server.RaftServerConfigKeys (ConfUtils.java:logGet(43)) - raft.server.log.segment.size.max = 1048576 (custom)
2019-09-19 09:40:47,212 [pool-93-thread-1] INFO  server.RaftServerConfigKeys (ConfUtils.java:logGet(43)) - raft.server.log.segment.cache.num.max = 2 (custom)
2019-09-19 09:40:47,212 [pool-93-thread-1] INFO  segmented.SegmentedRaftLogWorker (SegmentedRaftLogWorker.java:<init>(172)) - new bb9d252a-546d-48b3-aabe-52964da86e48-SegmentedRaftLogWorker:Storage Directory /workdir/hadoop-ozone/ozonefs/target/test-dir/MiniOzoneClusterImpl-21ed0f53-0413-44c7-8609-f438100532e5/datanode-6/data/ratis/12e76ca6-41f0-489e-9c0f-2a18d4c34c3f for RaftStorage:Storage Directory /workdir/hadoop-ozone/ozonefs/target/test-dir/MiniOzoneClusterImpl-21ed0f53-0413-44c7-8609-f438100532e5/datanode-6/data/ratis/12e76ca6-41f0-489e-9c0f-2a18d4c34c3f
2019-09-19 09:40:47,213 [pool-93-thread-1] INFO  server.RaftServerConfigKeys (ConfUtils.java:logGet(43)) - raft.server.log.queue.byte-limit = 2147483647 (custom)
2019-09-19 09:40:47,213 [pool-93-thread-1] INFO  server.RaftServerConfigKeys (ConfUtils.java:logGet(43)) - raft.server.log.queue.element-limit = 1024 (custom)
2019-09-19 09:40:47,213 [pool-93-thread-1] INFO  server.RaftServerConfigKeys (ConfUtils.java:logGet(43)) - raft.server.log.segment.size.max = 1048576 (custom)
2019-09-19 09:40:47,213 [pool-93-thread-1] INFO  server.RaftServerConfigKeys (ConfUtils.java:logGet(43)) - raft.server.log.preallocated.size = 16384 (custom)
2019-09-19 09:40:47,213 [pool-93-thread-1] INFO  server.RaftServerConfigKeys (ConfUtils.java:logGet(43)) - raft.server.log.write.buffer.size = 33554432 (custom)
2019-09-19 09:40:47,213 [pool-93-thread-1] INFO  server.RaftServerConfigKeys (ConfUtils.java:logGet(43)) - raft.server.log.force.sync.num = 128 (default)
2019-09-19 09:40:47,214 [pool-93-thread-1] INFO  server.RaftServerConfigKeys (ConfUtils.java:logGet(43)) - raft.server.log.statemachine.data.sync = true (default)
2019-09-19 09:40:47,214 [pool-93-thread-1] INFO  server.RaftServerConfigKeys (ConfUtils.java:logGet(43)) - raft.server.log.statemachine.data.sync.timeout = 10s (default)
2019-09-19 09:40:47,214 [pool-93-thread-1] INFO  server.RaftServerConfigKeys (ConfUtils.java:logGet(43)) - raft.server.log.statemachine.data.sync.timeout.retry = -1 (default)
2019-09-19 09:40:47,214 [pool-93-thread-1] INFO  server.RaftServerConfigKeys (ConfUtils.java:logGet(43)) - raft.server.log.statemachine.data.caching.enabled = true (custom)
2019-09-19 09:40:47,215 [pool-93-thread-1] INFO  segmented.SegmentedRaftLogWorker (SegmentedRaftLogWorker.java:lambda$new$0(132)) - bb9d252a-546d-48b3-aabe-52964da86e48-SegmentedRaftLogWorker:Storage Directory /workdir/hadoop-ozone/ozonefs/target/test-dir/MiniOzoneClusterImpl-21ed0f53-0413-44c7-8609-f438100532e5/datanode-6/data/ratis/12e76ca6-41f0-489e-9c0f-2a18d4c34c3f: flushIndex: setUnconditionally 0 -> -1
2019-09-19 09:40:47,215 [pool-93-thread-1] INFO  server.RaftServerConfigKeys (ConfUtils.java:logGet(43)) - raft.server.snapshot.auto.trigger.enabled = true (custom)
2019-09-19 09:40:47,215 [pool-93-thread-1] INFO  server.RaftServerConfigKeys (ConfUtils.java:logGet(43)) - raft.server.snapshot.auto.trigger.threshold = 10000 (custom)
2019-09-19 09:40:47,215 [pool-93-thread-1] INFO  server.RaftServerConfigKeys (ConfUtils.java:logGet(43)) - raft.server.retrycache.expirytime = 600000ms (custom)
2019-09-19 09:40:47,216 [pool-93-thread-1] INFO  impl.RaftServerImpl (RaftServerImpl.java:start(180)) - bb9d252a-546d-48b3-aabe-52964da86e48: start group-2A18D4C34C3F
2019-09-19 09:40:47,216 [pool-93-thread-1] INFO  impl.RaftServerImpl (RaftServerImpl.java:setRole(171)) - bb9d252a-546d-48b3-aabe-52964da86e48:group-2A18D4C34C3F changes role from null to FOLLOWER at term 0 for startAsFollower
2019-09-19 09:40:47,216 [pool-93-thread-1] INFO  impl.RoleInfo (RoleInfo.java:updateAndGet(143)) - bb9d252a-546d-48b3-aabe-52964da86e48: start FollowerState
2019-09-19 09:40:47,217 [pool-93-thread-1] INFO  util.JmxRegister (JmxRegister.java:tryRegister(44)) - Successfully registered JMX Bean with object name Ratis:service=RaftServer,group=group-2A18D4C34C3F,id=bb9d252a-546d-48b3-aabe-52964da86e48
2019-09-19 09:40:47,220 [RatisPipelineUtilsThread] INFO  pipeline.PipelineStateManager (PipelineStateManager.java:addPipeline(56)) - Created pipeline Pipeline[ Id: 12e76ca6-41f0-489e-9c0f-2a18d4c34c3f, Nodes: bb9d252a-546d-48b3-aabe-52964da86e48{ip: 192.168.34.5, host: pr-hdds-1569-j4bt4-3030777008, networkLocation: /default-rack, certSerialId: null}, Type:RATIS, Factor:ONE, State:OPEN]
2019-09-19 09:40:47,220 [RatisPipelineUtilsThread] ERROR pipeline.PipelinePlacementPolicy (PipelinePlacementPolicy.java:meetCriteria(91)) - Pipeline Placement: Doesn't meet the criteria to be viable node. Heaviness: 6
2019-09-19 09:40:47,220 [RatisPipelineUtilsThread] ERROR pipeline.PipelinePlacementPolicy (PipelinePlacementPolicy.java:meetCriteria(91)) - Pipeline Placement: Doesn't meet the criteria to be viable node. Heaviness: 6
2019-09-19 09:40:47,220 [RatisPipelineUtilsThread] ERROR pipeline.PipelinePlacementPolicy (PipelinePlacementPolicy.java:meetCriteria(91)) - Pipeline Placement: Doesn't meet the criteria to be viable node. Heaviness: 6
2019-09-19 09:40:47,221 [RatisPipelineUtilsThread] ERROR pipeline.PipelinePlacementPolicy (PipelinePlacementPolicy.java:meetCriteria(91)) - Pipeline Placement: Doesn't meet the criteria to be viable node. Heaviness: 6
2019-09-19 09:40:47,221 [RatisPipelineUtilsThread] ERROR pipeline.PipelinePlacementPolicy (PipelinePlacementPolicy.java:meetCriteria(91)) - Pipeline Placement: Doesn't meet the criteria to be viable node. Heaviness: 6
2019-09-19 09:40:47,221 [RatisPipelineUtilsThread] ERROR pipeline.PipelinePlacementPolicy (PipelinePlacementPolicy.java:meetCriteria(91)) - Pipeline Placement: Doesn't meet the criteria to be viable node. Heaviness: 6
2019-09-19 09:40:47,221 [RatisPipelineUtilsThread] ERROR pipeline.PipelinePlacementPolicy (PipelinePlacementPolicy.java:meetCriteria(91)) - Pipeline Placement: Doesn't meet the criteria to be viable node. Heaviness: 6
2019-09-19 09:40:47,228 [grpc-default-executor-0] INFO  impl.RaftServerProxy (RaftServerProxy.java:addNew(89)) - 00cd5ee6-30a6-4c0a-bb6c-a5a65ddde9fb: addNew group-4B0871050AB1:[00cd5ee6-30a6-4c0a-bb6c-a5a65ddde9fb:192.168.34.5:39741] returns group-4B0871050AB1:java.util.concurrent.CompletableFuture@24625c51[Not completed]
2019-09-19 09:40:47,230 [pool-115-thread-1] INFO  impl.RaftServerImpl (RaftServerImpl.java:<init>(93)) - 00cd5ee6-30a6-4c0a-bb6c-a5a65ddde9fb: new RaftServerImpl for group-4B0871050AB1:[00cd5ee6-30a6-4c0a-bb6c-a5a65ddde9fb:192.168.34.5:39741] with ContainerStateMachine:uninitialized
2019-09-19 09:40:47,230 [pool-115-thread-1] INFO  server.RaftServerConfigKeys (ConfUtils.java:logGet(43)) - raft.server.rpc.timeout.min = 5s (custom)
2019-09-19 09:40:47,230 [pool-115-thread-1] INFO  server.RaftServerConfigKeys (ConfUtils.java:logGet(43)) - raft.server.rpc.timeout.max = 5200ms (custom)
2019-09-19 09:40:47,230 [pool-115-thread-1] INFO  server.RaftServerConfigKeys (ConfUtils.java:logGet(43)) - raft.server.rpcslowness.timeout = 120s (custom)
2019-09-19 09:40:47,231 [pool-115-thread-1] INFO  server.RaftServerConfigKeys (ConfUtils.java:logGet(43)) - raft.server.sleep.deviation.threshold = 300 (default)
2019-09-19 09:40:47,231 [pool-115-thread-1] INFO  server.RaftServerConfigKeys (ConfUtils.java:logGet(43)) - raft.server.log.appender.install.snapshot.enabled = false (custom)
2019-09-19 09:40:47,231 [pool-115-thread-1] INFO  impl.RaftServerImpl (ServerState.java:<init>(105)) - 00cd5ee6-30a6-4c0a-bb6c-a5a65ddde9fb:group-4B0871050AB1 ConfigurationManager, init=-1: [00cd5ee6-30a6-4c0a-bb6c-a5a65ddde9fb:192.168.34.5:39741], old=null, confs=<EMPTY_MAP>
2019-09-19 09:40:47,231 [pool-115-thread-1] INFO  server.RaftServerConfigKeys (ConfUtils.java:logGet(43)) - raft.server.storage.dir = [/workdir/hadoop-ozone/ozonefs/target/test-dir/MiniOzoneClusterImpl-21ed0f53-0413-44c7-8609-f438100532e5/datanode-8/data/ratis] (custom)
2019-09-19 09:40:47,232 [pool-115-thread-1] INFO  storage.RaftStorageDirectory (RaftStorageDirectory.java:analyzeStorage(246)) - The storage directory /workdir/hadoop-ozone/ozonefs/target/test-dir/MiniOzoneClusterImpl-21ed0f53-0413-44c7-8609-f438100532e5/datanode-8/data/ratis/4f17e949-e853-40fd-8ce4-4b0871050ab1 does not exist. Creating ...
2019-09-19 09:40:47,244 [pool-115-thread-1] INFO  storage.RaftStorageDirectory (RaftStorageDirectory.java:tryLock(328)) - Lock on /workdir/hadoop-ozone/ozonefs/target/test-dir/MiniOzoneClusterImpl-21ed0f53-0413-44c7-8609-f438100532e5/datanode-8/data/ratis/4f17e949-e853-40fd-8ce4-4b0871050ab1/in_use.lock acquired by nodename 23096@pr-hdds-1569-j4bt4-3030777008
2019-09-19 09:40:47,257 [pool-115-thread-1] INFO  storage.RaftStorage (RaftStorage.java:format(72)) - Storage directory /workdir/hadoop-ozone/ozonefs/target/test-dir/MiniOzoneClusterImpl-21ed0f53-0413-44c7-8609-f438100532e5/datanode-8/data/ratis/4f17e949-e853-40fd-8ce4-4b0871050ab1 has been successfully formatted.
2019-09-19 09:40:47,257 [pool-115-thread-1] INFO  ratis.ContainerStateMachine (ContainerStateMachine.java:loadSnapshot(226)) - group-4B0871050AB1: The snapshot info is null. Setting the last applied indexto:(t:0, i:~)
2019-09-19 09:40:47,258 [pool-115-thread-1] INFO  server.RaftServerConfigKeys (ConfUtils.java:logGet(43)) - raft.server.leader.election.timeout = 120s (custom)
2019-09-19 09:40:47,258 [pool-115-thread-1] INFO  server.RaftServerConfigKeys (ConfUtils.java:logGet(43)) - raft.server.log.use.memory = false (default)
2019-09-19 09:40:47,258 [pool-115-thread-1] INFO  server.RaftServerConfigKeys (ConfUtils.java:logGet(43)) - raft.server.log.purge.gap = 1000000 (custom)
2019-09-19 09:40:47,258 [pool-115-thread-1] INFO  server.RaftServerConfigKeys (ConfUtils.java:logGet(43)) - raft.server.log.appender.buffer.byte-limit = 33554432 (custom)
2019-09-19 09:40:47,258 [pool-115-thread-1] INFO  server.RaftServerConfigKeys (ConfUtils.java:logGet(43)) - raft.server.log.segment.size.max = 1048576 (custom)
2019-09-19 09:40:47,258 [pool-115-thread-1] INFO  server.RaftServerConfigKeys (ConfUtils.java:logGet(43)) - raft.server.log.segment.cache.num.max = 2 (custom)
2019-09-19 09:40:47,259 [pool-115-thread-1] INFO  segmented.SegmentedRaftLogWorker (SegmentedRaftLogWorker.java:<init>(172)) - new 00cd5ee6-30a6-4c0a-bb6c-a5a65ddde9fb-SegmentedRaftLogWorker:Storage Directory /workdir/hadoop-ozone/ozonefs/target/test-dir/MiniOzoneClusterImpl-21ed0f53-0413-44c7-8609-f438100532e5/datanode-8/data/ratis/4f17e949-e853-40fd-8ce4-4b0871050ab1 for RaftStorage:Storage Directory /workdir/hadoop-ozone/ozonefs/target/test-dir/MiniOzoneClusterImpl-21ed0f53-0413-44c7-8609-f438100532e5/datanode-8/data/ratis/4f17e949-e853-40fd-8ce4-4b0871050ab1
2019-09-19 09:40:47,259 [pool-115-thread-1] INFO  server.RaftServerConfigKeys (ConfUtils.java:logGet(43)) - raft.server.log.queue.byte-limit = 2147483647 (custom)
2019-09-19 09:40:47,259 [pool-115-thread-1] INFO  server.RaftServerConfigKeys (ConfUtils.java:logGet(43)) - raft.server.log.queue.element-limit = 1024 (custom)
2019-09-19 09:40:47,259 [pool-115-thread-1] INFO  server.RaftServerConfigKeys (ConfUtils.java:logGet(43)) - raft.server.log.segment.size.max = 1048576 (custom)
2019-09-19 09:40:47,259 [pool-115-thread-1] INFO  server.RaftServerConfigKeys (ConfUtils.java:logGet(43)) - raft.server.log.preallocated.size = 16384 (custom)
2019-09-19 09:40:47,259 [pool-115-thread-1] INFO  server.RaftServerConfigKeys (ConfUtils.java:logGet(43)) - raft.server.log.write.buffer.size = 33554432 (custom)
2019-09-19 09:40:47,260 [pool-115-thread-1] INFO  server.RaftServerConfigKeys (ConfUtils.java:logGet(43)) - raft.server.log.force.sync.num = 128 (default)
2019-09-19 09:40:47,260 [pool-115-thread-1] INFO  server.RaftServerConfigKeys (ConfUtils.java:logGet(43)) - raft.server.log.statemachine.data.sync = true (default)
2019-09-19 09:40:47,260 [pool-115-thread-1] INFO  server.RaftServerConfigKeys (ConfUtils.java:logGet(43)) - raft.server.log.statemachine.data.sync.timeout = 10s (default)
2019-09-19 09:40:47,260 [pool-115-thread-1] INFO  server.RaftServerConfigKeys (ConfUtils.java:logGet(43)) - raft.server.log.statemachine.data.sync.timeout.retry = -1 (default)
2019-09-19 09:40:47,260 [pool-115-thread-1] INFO  server.RaftServerConfigKeys (ConfUtils.java:logGet(43)) - raft.server.log.statemachine.data.caching.enabled = true (custom)
2019-09-19 09:40:47,261 [pool-115-thread-1] INFO  segmented.SegmentedRaftLogWorker (SegmentedRaftLogWorker.java:lambda$new$0(132)) - 00cd5ee6-30a6-4c0a-bb6c-a5a65ddde9fb-SegmentedRaftLogWorker:Storage Directory /workdir/hadoop-ozone/ozonefs/target/test-dir/MiniOzoneClusterImpl-21ed0f53-0413-44c7-8609-f438100532e5/datanode-8/data/ratis/4f17e949-e853-40fd-8ce4-4b0871050ab1: flushIndex: setUnconditionally 0 -> -1
2019-09-19 09:40:47,261 [pool-115-thread-1] INFO  server.RaftServerConfigKeys (ConfUtils.java:logGet(43)) - raft.server.snapshot.auto.trigger.enabled = true (custom)
2019-09-19 09:40:47,261 [pool-115-thread-1] INFO  server.RaftServerConfigKeys (ConfUtils.java:logGet(43)) - raft.server.snapshot.auto.trigger.threshold = 10000 (custom)
2019-09-19 09:40:47,261 [pool-115-thread-1] INFO  server.RaftServerConfigKeys (ConfUtils.java:logGet(43)) - raft.server.retrycache.expirytime = 600000ms (custom)
2019-09-19 09:40:47,262 [pool-115-thread-1] INFO  impl.RaftServerImpl (RaftServerImpl.java:start(180)) - 00cd5ee6-30a6-4c0a-bb6c-a5a65ddde9fb: start group-4B0871050AB1
2019-09-19 09:40:47,262 [pool-115-thread-1] INFO  impl.RaftServerImpl (RaftServerImpl.java:setRole(171)) - 00cd5ee6-30a6-4c0a-bb6c-a5a65ddde9fb:group-4B0871050AB1 changes role from null to FOLLOWER at term 0 for startAsFollower
2019-09-19 09:40:47,262 [pool-115-thread-1] INFO  impl.RoleInfo (RoleInfo.java:updateAndGet(143)) - 00cd5ee6-30a6-4c0a-bb6c-a5a65ddde9fb: start FollowerState
2019-09-19 09:40:47,262 [pool-115-thread-1] INFO  util.JmxRegister (JmxRegister.java:tryRegister(44)) - Successfully registered JMX Bean with object name Ratis:service=RaftServer,group=group-4B0871050AB1,id=00cd5ee6-30a6-4c0a-bb6c-a5a65ddde9fb
2019-09-19 09:40:47,266 [RatisPipelineUtilsThread] INFO  pipeline.PipelineStateManager (PipelineStateManager.java:addPipeline(56)) - Created pipeline Pipeline[ Id: 4f17e949-e853-40fd-8ce4-4b0871050ab1, Nodes: 00cd5ee6-30a6-4c0a-bb6c-a5a65ddde9fb{ip: 192.168.34.5, host: pr-hdds-1569-j4bt4-3030777008, networkLocation: /default-rack, certSerialId: null}, Type:RATIS, Factor:ONE, State:OPEN]
2019-09-19 09:40:47,266 [RatisPipelineUtilsThread] ERROR pipeline.PipelinePlacementPolicy (PipelinePlacementPolicy.java:meetCriteria(91)) - Pipeline Placement: Doesn't meet the criteria to be viable node. Heaviness: 6
2019-09-19 09:40:47,266 [RatisPipelineUtilsThread] ERROR pipeline.PipelinePlacementPolicy (PipelinePlacementPolicy.java:meetCriteria(91)) - Pipeline Placement: Doesn't meet the criteria to be viable node. Heaviness: 6
2019-09-19 09:40:47,266 [RatisPipelineUtilsThread] ERROR pipeline.PipelinePlacementPolicy (PipelinePlacementPolicy.java:meetCriteria(91)) - Pipeline Placement: Doesn't meet the criteria to be viable node. Heaviness: 6
2019-09-19 09:40:47,267 [RatisPipelineUtilsThread] ERROR pipeline.PipelinePlacementPolicy (PipelinePlacementPolicy.java:meetCriteria(91)) - Pipeline Placement: Doesn't meet the criteria to be viable node. Heaviness: 6
2019-09-19 09:40:47,267 [RatisPipelineUtilsThread] ERROR pipeline.PipelinePlacementPolicy (PipelinePlacementPolicy.java:meetCriteria(91)) - Pipeline Placement: Doesn't meet the criteria to be viable node. Heaviness: 6
2019-09-19 09:40:47,267 [RatisPipelineUtilsThread] ERROR pipeline.PipelinePlacementPolicy (PipelinePlacementPolicy.java:meetCriteria(91)) - Pipeline Placement: Doesn't meet the criteria to be viable node. Heaviness: 6
2019-09-19 09:40:47,267 [RatisPipelineUtilsThread] ERROR pipeline.PipelinePlacementPolicy (PipelinePlacementPolicy.java:meetCriteria(91)) - Pipeline Placement: Doesn't meet the criteria to be viable node. Heaviness: 6
2019-09-19 09:40:47,273 [grpc-default-executor-0] INFO  impl.RaftServerProxy (RaftServerProxy.java:addNew(89)) - bb9d252a-546d-48b3-aabe-52964da86e48: addNew group-CB087BE321B1:[bb9d252a-546d-48b3-aabe-52964da86e48:192.168.34.5:44392] returns group-CB087BE321B1:java.util.concurrent.CompletableFuture@37726e48[Not completed]
2019-09-19 09:40:47,275 [pool-93-thread-1] INFO  impl.RaftServerImpl (RaftServerImpl.java:<init>(93)) - bb9d252a-546d-48b3-aabe-52964da86e48: new RaftServerImpl for group-CB087BE321B1:[bb9d252a-546d-48b3-aabe-52964da86e48:192.168.34.5:44392] with ContainerStateMachine:uninitialized
2019-09-19 09:40:47,275 [pool-93-thread-1] INFO  server.RaftServerConfigKeys (ConfUtils.java:logGet(43)) - raft.server.rpc.timeout.min = 5s (custom)
2019-09-19 09:40:47,275 [pool-93-thread-1] INFO  server.RaftServerConfigKeys (ConfUtils.java:logGet(43)) - raft.server.rpc.timeout.max = 5200ms (custom)
2019-09-19 09:40:47,275 [pool-93-thread-1] INFO  server.RaftServerConfigKeys (ConfUtils.java:logGet(43)) - raft.server.rpcslowness.timeout = 120s (custom)
2019-09-19 09:40:47,275 [pool-93-thread-1] INFO  server.RaftServerConfigKeys (ConfUtils.java:logGet(43)) - raft.server.sleep.deviation.threshold = 300 (default)
2019-09-19 09:40:47,275 [pool-93-thread-1] INFO  server.RaftServerConfigKeys (ConfUtils.java:logGet(43)) - raft.server.log.appender.install.snapshot.enabled = false (custom)
2019-09-19 09:40:47,276 [pool-93-thread-1] INFO  impl.RaftServerImpl (ServerState.java:<init>(105)) - bb9d252a-546d-48b3-aabe-52964da86e48:group-CB087BE321B1 ConfigurationManager, init=-1: [bb9d252a-546d-48b3-aabe-52964da86e48:192.168.34.5:44392], old=null, confs=<EMPTY_MAP>
2019-09-19 09:40:47,276 [pool-93-thread-1] INFO  server.RaftServerConfigKeys (ConfUtils.java:logGet(43)) - raft.server.storage.dir = [/workdir/hadoop-ozone/ozonefs/target/test-dir/MiniOzoneClusterImpl-21ed0f53-0413-44c7-8609-f438100532e5/datanode-6/data/ratis] (custom)
2019-09-19 09:40:47,276 [pool-93-thread-1] INFO  storage.RaftStorageDirectory (RaftStorageDirectory.java:analyzeStorage(246)) - The storage directory /workdir/hadoop-ozone/ozonefs/target/test-dir/MiniOzoneClusterImpl-21ed0f53-0413-44c7-8609-f438100532e5/datanode-6/data/ratis/6316edeb-7167-4d5b-b589-cb087be321b1 does not exist. Creating ...
2019-09-19 09:40:47,289 [pool-93-thread-1] INFO  storage.RaftStorageDirectory (RaftStorageDirectory.java:tryLock(328)) - Lock on /workdir/hadoop-ozone/ozonefs/target/test-dir/MiniOzoneClusterImpl-21ed0f53-0413-44c7-8609-f438100532e5/datanode-6/data/ratis/6316edeb-7167-4d5b-b589-cb087be321b1/in_use.lock acquired by nodename 23096@pr-hdds-1569-j4bt4-3030777008
2019-09-19 09:40:47,315 [pool-93-thread-1] INFO  storage.RaftStorage (RaftStorage.java:format(72)) - Storage directory /workdir/hadoop-ozone/ozonefs/target/test-dir/MiniOzoneClusterImpl-21ed0f53-0413-44c7-8609-f438100532e5/datanode-6/data/ratis/6316edeb-7167-4d5b-b589-cb087be321b1 has been successfully formatted.
2019-09-19 09:40:47,315 [pool-93-thread-1] INFO  ratis.ContainerStateMachine (ContainerStateMachine.java:loadSnapshot(226)) - group-CB087BE321B1: The snapshot info is null. Setting the last applied indexto:(t:0, i:~)
2019-09-19 09:40:47,315 [pool-93-thread-1] INFO  server.RaftServerConfigKeys (ConfUtils.java:logGet(43)) - raft.server.leader.election.timeout = 120s (custom)
2019-09-19 09:40:47,316 [pool-93-thread-1] INFO  server.RaftServerConfigKeys (ConfUtils.java:logGet(43)) - raft.server.log.use.memory = false (default)
2019-09-19 09:40:47,316 [pool-93-thread-1] INFO  server.RaftServerConfigKeys (ConfUtils.java:logGet(43)) - raft.server.log.purge.gap = 1000000 (custom)
2019-09-19 09:40:47,316 [pool-93-thread-1] INFO  server.RaftServerConfigKeys (ConfUtils.java:logGet(43)) - raft.server.log.appender.buffer.byte-limit = 33554432 (custom)
2019-09-19 09:40:47,316 [pool-93-thread-1] INFO  server.RaftServerConfigKeys (ConfUtils.java:logGet(43)) - raft.server.log.segment.size.max = 1048576 (custom)
2019-09-19 09:40:47,316 [pool-93-thread-1] INFO  server.RaftServerConfigKeys (ConfUtils.java:logGet(43)) - raft.server.log.segment.cache.num.max = 2 (custom)
2019-09-19 09:40:47,317 [pool-93-thread-1] INFO  segmented.SegmentedRaftLogWorker (SegmentedRaftLogWorker.java:<init>(172)) - new bb9d252a-546d-48b3-aabe-52964da86e48-SegmentedRaftLogWorker:Storage Directory /workdir/hadoop-ozone/ozonefs/target/test-dir/MiniOzoneClusterImpl-21ed0f53-0413-44c7-8609-f438100532e5/datanode-6/data/ratis/6316edeb-7167-4d5b-b589-cb087be321b1 for RaftStorage:Storage Directory /workdir/hadoop-ozone/ozonefs/target/test-dir/MiniOzoneClusterImpl-21ed0f53-0413-44c7-8609-f438100532e5/datanode-6/data/ratis/6316edeb-7167-4d5b-b589-cb087be321b1
2019-09-19 09:40:47,317 [pool-93-thread-1] INFO  server.RaftServerConfigKeys (ConfUtils.java:logGet(43)) - raft.server.log.queue.byte-limit = 2147483647 (custom)
2019-09-19 09:40:47,317 [pool-93-thread-1] INFO  server.RaftServerConfigKeys (ConfUtils.java:logGet(43)) - raft.server.log.queue.element-limit = 1024 (custom)
2019-09-19 09:40:47,317 [pool-93-thread-1] INFO  server.RaftServerConfigKeys (ConfUtils.java:logGet(43)) - raft.server.log.segment.size.max = 1048576 (custom)
2019-09-19 09:40:47,317 [pool-93-thread-1] INFO  server.RaftServerConfigKeys (ConfUtils.java:logGet(43)) - raft.server.log.preallocated.size = 16384 (custom)
2019-09-19 09:40:47,318 [pool-93-thread-1] INFO  server.RaftServerConfigKeys (ConfUtils.java:logGet(43)) - raft.server.log.write.buffer.size = 33554432 (custom)
2019-09-19 09:40:47,318 [pool-93-thread-1] INFO  server.RaftServerConfigKeys (ConfUtils.java:logGet(43)) - raft.server.log.force.sync.num = 128 (default)
2019-09-19 09:40:47,318 [pool-93-thread-1] INFO  server.RaftServerConfigKeys (ConfUtils.java:logGet(43)) - raft.server.log.statemachine.data.sync = true (default)
2019-09-19 09:40:47,318 [pool-93-thread-1] INFO  server.RaftServerConfigKeys (ConfUtils.java:logGet(43)) - raft.server.log.statemachine.data.sync.timeout = 10s (default)
2019-09-19 09:40:47,318 [pool-93-thread-1] INFO  server.RaftServerConfigKeys (ConfUtils.java:logGet(43)) - raft.server.log.statemachine.data.sync.timeout.retry = -1 (default)
2019-09-19 09:40:47,319 [pool-93-thread-1] INFO  server.RaftServerConfigKeys (ConfUtils.java:logGet(43)) - raft.server.log.statemachine.data.caching.enabled = true (custom)
2019-09-19 09:40:47,319 [pool-93-thread-1] INFO  segmented.SegmentedRaftLogWorker (SegmentedRaftLogWorker.java:lambda$new$0(132)) - bb9d252a-546d-48b3-aabe-52964da86e48-SegmentedRaftLogWorker:Storage Directory /workdir/hadoop-ozone/ozonefs/target/test-dir/MiniOzoneClusterImpl-21ed0f53-0413-44c7-8609-f438100532e5/datanode-6/data/ratis/6316edeb-7167-4d5b-b589-cb087be321b1: flushIndex: setUnconditionally 0 -> -1
2019-09-19 09:40:47,320 [pool-93-thread-1] INFO  server.RaftServerConfigKeys (ConfUtils.java:logGet(43)) - raft.server.snapshot.auto.trigger.enabled = true (custom)
2019-09-19 09:40:47,320 [pool-93-thread-1] INFO  server.RaftServerConfigKeys (ConfUtils.java:logGet(43)) - raft.server.snapshot.auto.trigger.threshold = 10000 (custom)
2019-09-19 09:40:47,320 [pool-93-thread-1] INFO  server.RaftServerConfigKeys (ConfUtils.java:logGet(43)) - raft.server.retrycache.expirytime = 600000ms (custom)
2019-09-19 09:40:47,320 [pool-93-thread-1] INFO  impl.RaftServerImpl (RaftServerImpl.java:start(180)) - bb9d252a-546d-48b3-aabe-52964da86e48: start group-CB087BE321B1
2019-09-19 09:40:47,320 [pool-93-thread-1] INFO  impl.RaftServerImpl (RaftServerImpl.java:setRole(171)) - bb9d252a-546d-48b3-aabe-52964da86e48:group-CB087BE321B1 changes role from null to FOLLOWER at term 0 for startAsFollower
2019-09-19 09:40:47,321 [pool-93-thread-1] INFO  impl.RoleInfo (RoleInfo.java:updateAndGet(143)) - bb9d252a-546d-48b3-aabe-52964da86e48: start FollowerState
2019-09-19 09:40:47,321 [pool-93-thread-1] INFO  util.JmxRegister (JmxRegister.java:tryRegister(44)) - Successfully registered JMX Bean with object name Ratis:service=RaftServer,group=group-CB087BE321B1,id=bb9d252a-546d-48b3-aabe-52964da86e48
2019-09-19 09:40:47,325 [RatisPipelineUtilsThread] INFO  pipeline.PipelineStateManager (PipelineStateManager.java:addPipeline(56)) - Created pipeline Pipeline[ Id: 6316edeb-7167-4d5b-b589-cb087be321b1, Nodes: bb9d252a-546d-48b3-aabe-52964da86e48{ip: 192.168.34.5, host: pr-hdds-1569-j4bt4-3030777008, networkLocation: /default-rack, certSerialId: null}, Type:RATIS, Factor:ONE, State:OPEN]
2019-09-19 09:40:47,325 [RatisPipelineUtilsThread] ERROR pipeline.PipelinePlacementPolicy (PipelinePlacementPolicy.java:meetCriteria(91)) - Pipeline Placement: Doesn't meet the criteria to be viable node. Heaviness: 6
2019-09-19 09:40:47,326 [RatisPipelineUtilsThread] ERROR pipeline.PipelinePlacementPolicy (PipelinePlacementPolicy.java:meetCriteria(91)) - Pipeline Placement: Doesn't meet the criteria to be viable node. Heaviness: 6
2019-09-19 09:40:47,326 [RatisPipelineUtilsThread] ERROR pipeline.PipelinePlacementPolicy (PipelinePlacementPolicy.java:meetCriteria(91)) - Pipeline Placement: Doesn't meet the criteria to be viable node. Heaviness: 6
2019-09-19 09:40:47,326 [RatisPipelineUtilsThread] ERROR pipeline.PipelinePlacementPolicy (PipelinePlacementPolicy.java:meetCriteria(91)) - Pipeline Placement: Doesn't meet the criteria to be viable node. Heaviness: 6
2019-09-19 09:40:47,326 [RatisPipelineUtilsThread] ERROR pipeline.PipelinePlacementPolicy (PipelinePlacementPolicy.java:meetCriteria(91)) - Pipeline Placement: Doesn't meet the criteria to be viable node. Heaviness: 6
2019-09-19 09:40:47,326 [RatisPipelineUtilsThread] ERROR pipeline.PipelinePlacementPolicy (PipelinePlacementPolicy.java:meetCriteria(91)) - Pipeline Placement: Doesn't meet the criteria to be viable node. Heaviness: 6
2019-09-19 09:40:47,326 [RatisPipelineUtilsThread] ERROR pipeline.PipelinePlacementPolicy (PipelinePlacementPolicy.java:meetCriteria(91)) - Pipeline Placement: Doesn't meet the criteria to be viable node. Heaviness: 6
2019-09-19 09:40:47,326 [RatisPipelineUtilsThread] ERROR pipeline.PipelinePlacementPolicy (PipelinePlacementPolicy.java:meetCriteria(91)) - Pipeline Placement: Doesn't meet the criteria to be viable node. Heaviness: 6
2019-09-19 09:40:47,339 [grpc-default-executor-0] INFO  impl.RaftServerProxy (RaftServerProxy.java:addNew(89)) - caeb75b6-27c7-410d-b6eb-8f738956b5a3: addNew group-F8C2D9A8383C:[caeb75b6-27c7-410d-b6eb-8f738956b5a3:192.168.34.5:40604] returns group-F8C2D9A8383C:java.util.concurrent.CompletableFuture@58ee9d85[Not completed]
2019-09-19 09:40:47,342 [pool-127-thread-1] INFO  impl.RaftServerImpl (RaftServerImpl.java:<init>(93)) - caeb75b6-27c7-410d-b6eb-8f738956b5a3: new RaftServerImpl for group-F8C2D9A8383C:[caeb75b6-27c7-410d-b6eb-8f738956b5a3:192.168.34.5:40604] with ContainerStateMachine:uninitialized
2019-09-19 09:40:47,342 [pool-127-thread-1] INFO  server.RaftServerConfigKeys (ConfUtils.java:logGet(43)) - raft.server.rpc.timeout.min = 5s (custom)
2019-09-19 09:40:47,342 [pool-127-thread-1] INFO  server.RaftServerConfigKeys (ConfUtils.java:logGet(43)) - raft.server.rpc.timeout.max = 5200ms (custom)
2019-09-19 09:40:47,343 [pool-127-thread-1] INFO  server.RaftServerConfigKeys (ConfUtils.java:logGet(43)) - raft.server.rpcslowness.timeout = 120s (custom)
2019-09-19 09:40:47,343 [pool-127-thread-1] INFO  server.RaftServerConfigKeys (ConfUtils.java:logGet(43)) - raft.server.sleep.deviation.threshold = 300 (default)
2019-09-19 09:40:47,343 [pool-127-thread-1] INFO  server.RaftServerConfigKeys (ConfUtils.java:logGet(43)) - raft.server.log.appender.install.snapshot.enabled = false (custom)
2019-09-19 09:40:47,343 [pool-127-thread-1] INFO  impl.RaftServerImpl (ServerState.java:<init>(105)) - caeb75b6-27c7-410d-b6eb-8f738956b5a3:group-F8C2D9A8383C ConfigurationManager, init=-1: [caeb75b6-27c7-410d-b6eb-8f738956b5a3:192.168.34.5:40604], old=null, confs=<EMPTY_MAP>
2019-09-19 09:40:47,344 [pool-127-thread-1] INFO  server.RaftServerConfigKeys (ConfUtils.java:logGet(43)) - raft.server.storage.dir = [/workdir/hadoop-ozone/ozonefs/target/test-dir/MiniOzoneClusterImpl-21ed0f53-0413-44c7-8609-f438100532e5/datanode-9/data/ratis] (custom)
2019-09-19 09:40:47,344 [pool-127-thread-1] INFO  storage.RaftStorageDirectory (RaftStorageDirectory.java:analyzeStorage(246)) - The storage directory /workdir/hadoop-ozone/ozonefs/target/test-dir/MiniOzoneClusterImpl-21ed0f53-0413-44c7-8609-f438100532e5/datanode-9/data/ratis/55742f56-1f6c-4cda-99ae-f8c2d9a8383c does not exist. Creating ...
2019-09-19 09:40:47,357 [pool-127-thread-1] INFO  storage.RaftStorageDirectory (RaftStorageDirectory.java:tryLock(328)) - Lock on /workdir/hadoop-ozone/ozonefs/target/test-dir/MiniOzoneClusterImpl-21ed0f53-0413-44c7-8609-f438100532e5/datanode-9/data/ratis/55742f56-1f6c-4cda-99ae-f8c2d9a8383c/in_use.lock acquired by nodename 23096@pr-hdds-1569-j4bt4-3030777008
2019-09-19 09:40:47,391 | INFO  | SCMAudit | user=jenkins1000 | ip=192.168.34.5 | op=SEND_HEARTBEAT {datanodeUUID=00cd5ee6-30a6-4c0a-bb6c-a5a65ddde9fb, command=[]} | ret=SUCCESS |  
2019-09-19 09:40:47,401 | INFO  | SCMAudit | user=jenkins1000 | ip=192.168.34.5 | op=SEND_HEARTBEAT {datanodeUUID=d87be78c-f122-4471-b781-d01263e91835, command=[]} | ret=SUCCESS |  
2019-09-19 09:40:47,401 | INFO  | SCMAudit | user=jenkins1000 | ip=192.168.34.5 | op=SEND_HEARTBEAT {datanodeUUID=47e0c7c0-2680-4f55-9417-80daafef46d1, command=[]} | ret=SUCCESS |  
2019-09-19 09:40:47,406 [pool-127-thread-1] INFO  storage.RaftStorage (RaftStorage.java:format(72)) - Storage directory /workdir/hadoop-ozone/ozonefs/target/test-dir/MiniOzoneClusterImpl-21ed0f53-0413-44c7-8609-f438100532e5/datanode-9/data/ratis/55742f56-1f6c-4cda-99ae-f8c2d9a8383c has been successfully formatted.
2019-09-19 09:40:47,406 [pool-127-thread-1] INFO  ratis.ContainerStateMachine (ContainerStateMachine.java:loadSnapshot(226)) - group-F8C2D9A8383C: The snapshot info is null. Setting the last applied indexto:(t:0, i:~)
2019-09-19 09:40:47,406 [pool-127-thread-1] INFO  server.RaftServerConfigKeys (ConfUtils.java:logGet(43)) - raft.server.leader.election.timeout = 120s (custom)
2019-09-19 09:40:47,407 [pool-127-thread-1] INFO  server.RaftServerConfigKeys (ConfUtils.java:logGet(43)) - raft.server.log.use.memory = false (default)
2019-09-19 09:40:47,407 [pool-127-thread-1] INFO  server.RaftServerConfigKeys (ConfUtils.java:logGet(43)) - raft.server.log.purge.gap = 1000000 (custom)
2019-09-19 09:40:47,407 [pool-127-thread-1] INFO  server.RaftServerConfigKeys (ConfUtils.java:logGet(43)) - raft.server.log.appender.buffer.byte-limit = 33554432 (custom)
2019-09-19 09:40:47,407 [pool-127-thread-1] INFO  server.RaftServerConfigKeys (ConfUtils.java:logGet(43)) - raft.server.log.segment.size.max = 1048576 (custom)
2019-09-19 09:40:47,407 [pool-127-thread-1] INFO  server.RaftServerConfigKeys (ConfUtils.java:logGet(43)) - raft.server.log.segment.cache.num.max = 2 (custom)
2019-09-19 09:40:47,407 [pool-127-thread-1] INFO  segmented.SegmentedRaftLogWorker (SegmentedRaftLogWorker.java:<init>(172)) - new caeb75b6-27c7-410d-b6eb-8f738956b5a3-SegmentedRaftLogWorker:Storage Directory /workdir/hadoop-ozone/ozonefs/target/test-dir/MiniOzoneClusterImpl-21ed0f53-0413-44c7-8609-f438100532e5/datanode-9/data/ratis/55742f56-1f6c-4cda-99ae-f8c2d9a8383c for RaftStorage:Storage Directory /workdir/hadoop-ozone/ozonefs/target/test-dir/MiniOzoneClusterImpl-21ed0f53-0413-44c7-8609-f438100532e5/datanode-9/data/ratis/55742f56-1f6c-4cda-99ae-f8c2d9a8383c
2019-09-19 09:40:47,408 [pool-127-thread-1] INFO  server.RaftServerConfigKeys (ConfUtils.java:logGet(43)) - raft.server.log.queue.byte-limit = 2147483647 (custom)
2019-09-19 09:40:47,408 [pool-127-thread-1] INFO  server.RaftServerConfigKeys (ConfUtils.java:logGet(43)) - raft.server.log.queue.element-limit = 1024 (custom)
2019-09-19 09:40:47,408 [pool-127-thread-1] INFO  server.RaftServerConfigKeys (ConfUtils.java:logGet(43)) - raft.server.log.segment.size.max = 1048576 (custom)
2019-09-19 09:40:47,408 [pool-127-thread-1] INFO  server.RaftServerConfigKeys (ConfUtils.java:logGet(43)) - raft.server.log.preallocated.size = 16384 (custom)
2019-09-19 09:40:47,408 [pool-127-thread-1] INFO  server.RaftServerConfigKeys (ConfUtils.java:logGet(43)) - raft.server.log.write.buffer.size = 33554432 (custom)
2019-09-19 09:40:47,409 [pool-127-thread-1] INFO  server.RaftServerConfigKeys (ConfUtils.java:logGet(43)) - raft.server.log.force.sync.num = 128 (default)
2019-09-19 09:40:47,409 [pool-127-thread-1] INFO  server.RaftServerConfigKeys (ConfUtils.java:logGet(43)) - raft.server.log.statemachine.data.sync = true (default)
2019-09-19 09:40:47,409 [pool-127-thread-1] INFO  server.RaftServerConfigKeys (ConfUtils.java:logGet(43)) - raft.server.log.statemachine.data.sync.timeout = 10s (default)
2019-09-19 09:40:47,409 [pool-127-thread-1] INFO  server.RaftServerConfigKeys (ConfUtils.java:logGet(43)) - raft.server.log.statemachine.data.sync.timeout.retry = -1 (default)
2019-09-19 09:40:47,410 [pool-127-thread-1] INFO  server.RaftServerConfigKeys (ConfUtils.java:logGet(43)) - raft.server.log.statemachine.data.caching.enabled = true (custom)
2019-09-19 09:40:47,410 [pool-127-thread-1] INFO  segmented.SegmentedRaftLogWorker (SegmentedRaftLogWorker.java:lambda$new$0(132)) - caeb75b6-27c7-410d-b6eb-8f738956b5a3-SegmentedRaftLogWorker:Storage Directory /workdir/hadoop-ozone/ozonefs/target/test-dir/MiniOzoneClusterImpl-21ed0f53-0413-44c7-8609-f438100532e5/datanode-9/data/ratis/55742f56-1f6c-4cda-99ae-f8c2d9a8383c: flushIndex: setUnconditionally 0 -> -1
2019-09-19 09:40:47,410 [pool-127-thread-1] INFO  server.RaftServerConfigKeys (ConfUtils.java:logGet(43)) - raft.server.snapshot.auto.trigger.enabled = true (custom)
2019-09-19 09:40:47,411 [pool-127-thread-1] INFO  server.RaftServerConfigKeys (ConfUtils.java:logGet(43)) - raft.server.snapshot.auto.trigger.threshold = 10000 (custom)
2019-09-19 09:40:47,411 [pool-127-thread-1] INFO  server.RaftServerConfigKeys (ConfUtils.java:logGet(43)) - raft.server.retrycache.expirytime = 600000ms (custom)
2019-09-19 09:40:47,411 [pool-127-thread-1] INFO  impl.RaftServerImpl (RaftServerImpl.java:start(180)) - caeb75b6-27c7-410d-b6eb-8f738956b5a3: start group-F8C2D9A8383C
2019-09-19 09:40:47,411 [pool-127-thread-1] INFO  impl.RaftServerImpl (RaftServerImpl.java:setRole(171)) - caeb75b6-27c7-410d-b6eb-8f738956b5a3:group-F8C2D9A8383C changes role from null to FOLLOWER at term 0 for startAsFollower
2019-09-19 09:40:47,411 [pool-127-thread-1] INFO  impl.RoleInfo (RoleInfo.java:updateAndGet(143)) - caeb75b6-27c7-410d-b6eb-8f738956b5a3: start FollowerState
2019-09-19 09:40:47,412 [pool-127-thread-1] INFO  util.JmxRegister (JmxRegister.java:tryRegister(44)) - Successfully registered JMX Bean with object name Ratis:service=RaftServer,group=group-F8C2D9A8383C,id=caeb75b6-27c7-410d-b6eb-8f738956b5a3
2019-09-19 09:40:47,415 [RatisPipelineUtilsThread] INFO  pipeline.PipelineStateManager (PipelineStateManager.java:addPipeline(56)) - Created pipeline Pipeline[ Id: 55742f56-1f6c-4cda-99ae-f8c2d9a8383c, Nodes: caeb75b6-27c7-410d-b6eb-8f738956b5a3{ip: 192.168.34.5, host: pr-hdds-1569-j4bt4-3030777008, networkLocation: /default-rack, certSerialId: null}, Type:RATIS, Factor:ONE, State:OPEN]
2019-09-19 09:40:47,415 [RatisPipelineUtilsThread] ERROR pipeline.PipelinePlacementPolicy (PipelinePlacementPolicy.java:meetCriteria(91)) - Pipeline Placement: Doesn't meet the criteria to be viable node. Heaviness: 6
2019-09-19 09:40:47,415 [RatisPipelineUtilsThread] ERROR pipeline.PipelinePlacementPolicy (PipelinePlacementPolicy.java:meetCriteria(91)) - Pipeline Placement: Doesn't meet the criteria to be viable node. Heaviness: 6
2019-09-19 09:40:47,416 [RatisPipelineUtilsThread] ERROR pipeline.PipelinePlacementPolicy (PipelinePlacementPolicy.java:meetCriteria(91)) - Pipeline Placement: Doesn't meet the criteria to be viable node. Heaviness: 6
2019-09-19 09:40:47,416 [RatisPipelineUtilsThread] ERROR pipeline.PipelinePlacementPolicy (PipelinePlacementPolicy.java:meetCriteria(91)) - Pipeline Placement: Doesn't meet the criteria to be viable node. Heaviness: 6
2019-09-19 09:40:47,416 [RatisPipelineUtilsThread] ERROR pipeline.PipelinePlacementPolicy (PipelinePlacementPolicy.java:meetCriteria(91)) - Pipeline Placement: Doesn't meet the criteria to be viable node. Heaviness: 6
2019-09-19 09:40:47,416 [RatisPipelineUtilsThread] ERROR pipeline.PipelinePlacementPolicy (PipelinePlacementPolicy.java:meetCriteria(91)) - Pipeline Placement: Doesn't meet the criteria to be viable node. Heaviness: 6
2019-09-19 09:40:47,416 [RatisPipelineUtilsThread] ERROR pipeline.PipelinePlacementPolicy (PipelinePlacementPolicy.java:meetCriteria(91)) - Pipeline Placement: Doesn't meet the criteria to be viable node. Heaviness: 6
2019-09-19 09:40:47,416 [RatisPipelineUtilsThread] ERROR pipeline.PipelinePlacementPolicy (PipelinePlacementPolicy.java:meetCriteria(91)) - Pipeline Placement: Doesn't meet the criteria to be viable node. Heaviness: 6
2019-09-19 09:40:47,423 [grpc-default-executor-0] INFO  impl.RaftServerProxy (RaftServerProxy.java:addNew(89)) - 00cd5ee6-30a6-4c0a-bb6c-a5a65ddde9fb: addNew group-F7E800AB696F:[00cd5ee6-30a6-4c0a-bb6c-a5a65ddde9fb:192.168.34.5:39741] returns group-F7E800AB696F:java.util.concurrent.CompletableFuture@66aa7e7[Not completed]
2019-09-19 09:40:47,424 [pool-115-thread-1] INFO  impl.RaftServerImpl (RaftServerImpl.java:<init>(93)) - 00cd5ee6-30a6-4c0a-bb6c-a5a65ddde9fb: new RaftServerImpl for group-F7E800AB696F:[00cd5ee6-30a6-4c0a-bb6c-a5a65ddde9fb:192.168.34.5:39741] with ContainerStateMachine:uninitialized
2019-09-19 09:40:47,424 [pool-115-thread-1] INFO  server.RaftServerConfigKeys (ConfUtils.java:logGet(43)) - raft.server.rpc.timeout.min = 5s (custom)
2019-09-19 09:40:47,425 [pool-115-thread-1] INFO  server.RaftServerConfigKeys (ConfUtils.java:logGet(43)) - raft.server.rpc.timeout.max = 5200ms (custom)
2019-09-19 09:40:47,425 [pool-115-thread-1] INFO  server.RaftServerConfigKeys (ConfUtils.java:logGet(43)) - raft.server.rpcslowness.timeout = 120s (custom)
2019-09-19 09:40:47,425 [pool-115-thread-1] INFO  server.RaftServerConfigKeys (ConfUtils.java:logGet(43)) - raft.server.sleep.deviation.threshold = 300 (default)
2019-09-19 09:40:47,425 [pool-115-thread-1] INFO  server.RaftServerConfigKeys (ConfUtils.java:logGet(43)) - raft.server.log.appender.install.snapshot.enabled = false (custom)
2019-09-19 09:40:47,425 [pool-115-thread-1] INFO  impl.RaftServerImpl (ServerState.java:<init>(105)) - 00cd5ee6-30a6-4c0a-bb6c-a5a65ddde9fb:group-F7E800AB696F ConfigurationManager, init=-1: [00cd5ee6-30a6-4c0a-bb6c-a5a65ddde9fb:192.168.34.5:39741], old=null, confs=<EMPTY_MAP>
2019-09-19 09:40:47,425 [pool-115-thread-1] INFO  server.RaftServerConfigKeys (ConfUtils.java:logGet(43)) - raft.server.storage.dir = [/workdir/hadoop-ozone/ozonefs/target/test-dir/MiniOzoneClusterImpl-21ed0f53-0413-44c7-8609-f438100532e5/datanode-8/data/ratis] (custom)
2019-09-19 09:40:47,426 [pool-115-thread-1] INFO  storage.RaftStorageDirectory (RaftStorageDirectory.java:analyzeStorage(246)) - The storage directory /workdir/hadoop-ozone/ozonefs/target/test-dir/MiniOzoneClusterImpl-21ed0f53-0413-44c7-8609-f438100532e5/datanode-8/data/ratis/344a86ac-f43a-4233-9a39-f7e800ab696f does not exist. Creating ...
2019-09-19 09:40:47,441 [pool-115-thread-1] INFO  storage.RaftStorageDirectory (RaftStorageDirectory.java:tryLock(328)) - Lock on /workdir/hadoop-ozone/ozonefs/target/test-dir/MiniOzoneClusterImpl-21ed0f53-0413-44c7-8609-f438100532e5/datanode-8/data/ratis/344a86ac-f43a-4233-9a39-f7e800ab696f/in_use.lock acquired by nodename 23096@pr-hdds-1569-j4bt4-3030777008
2019-09-19 09:40:47,451 | INFO  | SCMAudit | user=jenkins1000 | ip=192.168.34.5 | op=SEND_HEARTBEAT {datanodeUUID=28f77823-de9e-44cc-bd18-5b415144a5bf, command=[]} | ret=SUCCESS |  
2019-09-19 09:40:47,463 [pool-115-thread-1] INFO  storage.RaftStorage (RaftStorage.java:format(72)) - Storage directory /workdir/hadoop-ozone/ozonefs/target/test-dir/MiniOzoneClusterImpl-21ed0f53-0413-44c7-8609-f438100532e5/datanode-8/data/ratis/344a86ac-f43a-4233-9a39-f7e800ab696f has been successfully formatted.
2019-09-19 09:40:47,463 [pool-115-thread-1] INFO  ratis.ContainerStateMachine (ContainerStateMachine.java:loadSnapshot(226)) - group-F7E800AB696F: The snapshot info is null. Setting the last applied indexto:(t:0, i:~)
2019-09-19 09:40:47,463 [pool-115-thread-1] INFO  server.RaftServerConfigKeys (ConfUtils.java:logGet(43)) - raft.server.leader.election.timeout = 120s (custom)
2019-09-19 09:40:47,464 [pool-115-thread-1] INFO  server.RaftServerConfigKeys (ConfUtils.java:logGet(43)) - raft.server.log.use.memory = false (default)
2019-09-19 09:40:47,464 [pool-115-thread-1] INFO  server.RaftServerConfigKeys (ConfUtils.java:logGet(43)) - raft.server.log.purge.gap = 1000000 (custom)
2019-09-19 09:40:47,464 [pool-115-thread-1] INFO  server.RaftServerConfigKeys (ConfUtils.java:logGet(43)) - raft.server.log.appender.buffer.byte-limit = 33554432 (custom)
2019-09-19 09:40:47,464 [pool-115-thread-1] INFO  server.RaftServerConfigKeys (ConfUtils.java:logGet(43)) - raft.server.log.segment.size.max = 1048576 (custom)
2019-09-19 09:40:47,464 [pool-115-thread-1] INFO  server.RaftServerConfigKeys (ConfUtils.java:logGet(43)) - raft.server.log.segment.cache.num.max = 2 (custom)
2019-09-19 09:40:47,464 [pool-115-thread-1] INFO  segmented.SegmentedRaftLogWorker (SegmentedRaftLogWorker.java:<init>(172)) - new 00cd5ee6-30a6-4c0a-bb6c-a5a65ddde9fb-SegmentedRaftLogWorker:Storage Directory /workdir/hadoop-ozone/ozonefs/target/test-dir/MiniOzoneClusterImpl-21ed0f53-0413-44c7-8609-f438100532e5/datanode-8/data/ratis/344a86ac-f43a-4233-9a39-f7e800ab696f for RaftStorage:Storage Directory /workdir/hadoop-ozone/ozonefs/target/test-dir/MiniOzoneClusterImpl-21ed0f53-0413-44c7-8609-f438100532e5/datanode-8/data/ratis/344a86ac-f43a-4233-9a39-f7e800ab696f
2019-09-19 09:40:47,465 [pool-115-thread-1] INFO  server.RaftServerConfigKeys (ConfUtils.java:logGet(43)) - raft.server.log.queue.byte-limit = 2147483647 (custom)
2019-09-19 09:40:47,465 [pool-115-thread-1] INFO  server.RaftServerConfigKeys (ConfUtils.java:logGet(43)) - raft.server.log.queue.element-limit = 1024 (custom)
2019-09-19 09:40:47,465 [pool-115-thread-1] INFO  server.RaftServerConfigKeys (ConfUtils.java:logGet(43)) - raft.server.log.segment.size.max = 1048576 (custom)
2019-09-19 09:40:47,465 [pool-115-thread-1] INFO  server.RaftServerConfigKeys (ConfUtils.java:logGet(43)) - raft.server.log.preallocated.size = 16384 (custom)
2019-09-19 09:40:47,465 [pool-115-thread-1] INFO  server.RaftServerConfigKeys (ConfUtils.java:logGet(43)) - raft.server.log.write.buffer.size = 33554432 (custom)
2019-09-19 09:40:47,465 [pool-115-thread-1] INFO  server.RaftServerConfigKeys (ConfUtils.java:logGet(43)) - raft.server.log.force.sync.num = 128 (default)
2019-09-19 09:40:47,465 [pool-115-thread-1] INFO  server.RaftServerConfigKeys (ConfUtils.java:logGet(43)) - raft.server.log.statemachine.data.sync = true (default)
2019-09-19 09:40:47,466 [pool-115-thread-1] INFO  server.RaftServerConfigKeys (ConfUtils.java:logGet(43)) - raft.server.log.statemachine.data.sync.timeout = 10s (default)
2019-09-19 09:40:47,466 [pool-115-thread-1] INFO  server.RaftServerConfigKeys (ConfUtils.java:logGet(43)) - raft.server.log.statemachine.data.sync.timeout.retry = -1 (default)
2019-09-19 09:40:47,466 [pool-115-thread-1] INFO  server.RaftServerConfigKeys (ConfUtils.java:logGet(43)) - raft.server.log.statemachine.data.caching.enabled = true (custom)
2019-09-19 09:40:47,466 [pool-115-thread-1] INFO  segmented.SegmentedRaftLogWorker (SegmentedRaftLogWorker.java:lambda$new$0(132)) - 00cd5ee6-30a6-4c0a-bb6c-a5a65ddde9fb-SegmentedRaftLogWorker:Storage Directory /workdir/hadoop-ozone/ozonefs/target/test-dir/MiniOzoneClusterImpl-21ed0f53-0413-44c7-8609-f438100532e5/datanode-8/data/ratis/344a86ac-f43a-4233-9a39-f7e800ab696f: flushIndex: setUnconditionally 0 -> -1
2019-09-19 09:40:47,467 [pool-115-thread-1] INFO  server.RaftServerConfigKeys (ConfUtils.java:logGet(43)) - raft.server.snapshot.auto.trigger.enabled = true (custom)
2019-09-19 09:40:47,467 [pool-115-thread-1] INFO  server.RaftServerConfigKeys (ConfUtils.java:logGet(43)) - raft.server.snapshot.auto.trigger.threshold = 10000 (custom)
2019-09-19 09:40:47,467 [pool-115-thread-1] INFO  server.RaftServerConfigKeys (ConfUtils.java:logGet(43)) - raft.server.retrycache.expirytime = 600000ms (custom)
2019-09-19 09:40:47,467 [pool-115-thread-1] INFO  impl.RaftServerImpl (RaftServerImpl.java:start(180)) - 00cd5ee6-30a6-4c0a-bb6c-a5a65ddde9fb: start group-F7E800AB696F
2019-09-19 09:40:47,467 [pool-115-thread-1] INFO  impl.RaftServerImpl (RaftServerImpl.java:setRole(171)) - 00cd5ee6-30a6-4c0a-bb6c-a5a65ddde9fb:group-F7E800AB696F changes role from null to FOLLOWER at term 0 for startAsFollower
2019-09-19 09:40:47,468 [pool-115-thread-1] INFO  impl.RoleInfo (RoleInfo.java:updateAndGet(143)) - 00cd5ee6-30a6-4c0a-bb6c-a5a65ddde9fb: start FollowerState
2019-09-19 09:40:47,468 [pool-115-thread-1] INFO  util.JmxRegister (JmxRegister.java:tryRegister(44)) - Successfully registered JMX Bean with object name Ratis:service=RaftServer,group=group-F7E800AB696F,id=00cd5ee6-30a6-4c0a-bb6c-a5a65ddde9fb
2019-09-19 09:40:47,471 [RatisPipelineUtilsThread] INFO  pipeline.PipelineStateManager (PipelineStateManager.java:addPipeline(56)) - Created pipeline Pipeline[ Id: 344a86ac-f43a-4233-9a39-f7e800ab696f, Nodes: 00cd5ee6-30a6-4c0a-bb6c-a5a65ddde9fb{ip: 192.168.34.5, host: pr-hdds-1569-j4bt4-3030777008, networkLocation: /default-rack, certSerialId: null}, Type:RATIS, Factor:ONE, State:OPEN]
2019-09-19 09:40:47,471 [RatisPipelineUtilsThread] ERROR pipeline.PipelinePlacementPolicy (PipelinePlacementPolicy.java:meetCriteria(91)) - Pipeline Placement: Doesn't meet the criteria to be viable node. Heaviness: 6
2019-09-19 09:40:47,471 [RatisPipelineUtilsThread] ERROR pipeline.PipelinePlacementPolicy (PipelinePlacementPolicy.java:meetCriteria(91)) - Pipeline Placement: Doesn't meet the criteria to be viable node. Heaviness: 6
2019-09-19 09:40:47,471 [RatisPipelineUtilsThread] ERROR pipeline.PipelinePlacementPolicy (PipelinePlacementPolicy.java:meetCriteria(91)) - Pipeline Placement: Doesn't meet the criteria to be viable node. Heaviness: 6
2019-09-19 09:40:47,472 [RatisPipelineUtilsThread] ERROR pipeline.PipelinePlacementPolicy (PipelinePlacementPolicy.java:meetCriteria(91)) - Pipeline Placement: Doesn't meet the criteria to be viable node. Heaviness: 6
2019-09-19 09:40:47,472 [RatisPipelineUtilsThread] ERROR pipeline.PipelinePlacementPolicy (PipelinePlacementPolicy.java:meetCriteria(91)) - Pipeline Placement: Doesn't meet the criteria to be viable node. Heaviness: 6
2019-09-19 09:40:47,472 [RatisPipelineUtilsThread] ERROR pipeline.PipelinePlacementPolicy (PipelinePlacementPolicy.java:meetCriteria(91)) - Pipeline Placement: Doesn't meet the criteria to be viable node. Heaviness: 6
2019-09-19 09:40:47,472 [RatisPipelineUtilsThread] ERROR pipeline.PipelinePlacementPolicy (PipelinePlacementPolicy.java:meetCriteria(91)) - Pipeline Placement: Doesn't meet the criteria to be viable node. Heaviness: 6
2019-09-19 09:40:47,472 [RatisPipelineUtilsThread] ERROR pipeline.PipelinePlacementPolicy (PipelinePlacementPolicy.java:meetCriteria(91)) - Pipeline Placement: Doesn't meet the criteria to be viable node. Heaviness: 6
2019-09-19 09:40:47,478 [grpc-default-executor-0] INFO  impl.RaftServerProxy (RaftServerProxy.java:addNew(89)) - caeb75b6-27c7-410d-b6eb-8f738956b5a3: addNew group-1B97EED5F7E8:[caeb75b6-27c7-410d-b6eb-8f738956b5a3:192.168.34.5:40604] returns group-1B97EED5F7E8:java.util.concurrent.CompletableFuture@54e87021[Not completed]
2019-09-19 09:40:47,479 [pool-127-thread-1] INFO  impl.RaftServerImpl (RaftServerImpl.java:<init>(93)) - caeb75b6-27c7-410d-b6eb-8f738956b5a3: new RaftServerImpl for group-1B97EED5F7E8:[caeb75b6-27c7-410d-b6eb-8f738956b5a3:192.168.34.5:40604] with ContainerStateMachine:uninitialized
2019-09-19 09:40:47,479 [pool-127-thread-1] INFO  server.RaftServerConfigKeys (ConfUtils.java:logGet(43)) - raft.server.rpc.timeout.min = 5s (custom)
2019-09-19 09:40:47,480 [pool-127-thread-1] INFO  server.RaftServerConfigKeys (ConfUtils.java:logGet(43)) - raft.server.rpc.timeout.max = 5200ms (custom)
2019-09-19 09:40:47,480 [pool-127-thread-1] INFO  server.RaftServerConfigKeys (ConfUtils.java:logGet(43)) - raft.server.rpcslowness.timeout = 120s (custom)
2019-09-19 09:40:47,480 [pool-127-thread-1] INFO  server.RaftServerConfigKeys (ConfUtils.java:logGet(43)) - raft.server.sleep.deviation.threshold = 300 (default)
2019-09-19 09:40:47,480 [pool-127-thread-1] INFO  server.RaftServerConfigKeys (ConfUtils.java:logGet(43)) - raft.server.log.appender.install.snapshot.enabled = false (custom)
2019-09-19 09:40:47,480 [pool-127-thread-1] INFO  impl.RaftServerImpl (ServerState.java:<init>(105)) - caeb75b6-27c7-410d-b6eb-8f738956b5a3:group-1B97EED5F7E8 ConfigurationManager, init=-1: [caeb75b6-27c7-410d-b6eb-8f738956b5a3:192.168.34.5:40604], old=null, confs=<EMPTY_MAP>
2019-09-19 09:40:47,480 [pool-127-thread-1] INFO  server.RaftServerConfigKeys (ConfUtils.java:logGet(43)) - raft.server.storage.dir = [/workdir/hadoop-ozone/ozonefs/target/test-dir/MiniOzoneClusterImpl-21ed0f53-0413-44c7-8609-f438100532e5/datanode-9/data/ratis] (custom)
2019-09-19 09:40:47,481 [pool-127-thread-1] INFO  storage.RaftStorageDirectory (RaftStorageDirectory.java:analyzeStorage(246)) - The storage directory /workdir/hadoop-ozone/ozonefs/target/test-dir/MiniOzoneClusterImpl-21ed0f53-0413-44c7-8609-f438100532e5/datanode-9/data/ratis/f760fe87-4ea5-4849-a0a7-1b97eed5f7e8 does not exist. Creating ...
2019-09-19 09:40:47,495 [pool-127-thread-1] INFO  storage.RaftStorageDirectory (RaftStorageDirectory.java:tryLock(328)) - Lock on /workdir/hadoop-ozone/ozonefs/target/test-dir/MiniOzoneClusterImpl-21ed0f53-0413-44c7-8609-f438100532e5/datanode-9/data/ratis/f760fe87-4ea5-4849-a0a7-1b97eed5f7e8/in_use.lock acquired by nodename 23096@pr-hdds-1569-j4bt4-3030777008
2019-09-19 09:40:47,508 [pool-127-thread-1] INFO  storage.RaftStorage (RaftStorage.java:format(72)) - Storage directory /workdir/hadoop-ozone/ozonefs/target/test-dir/MiniOzoneClusterImpl-21ed0f53-0413-44c7-8609-f438100532e5/datanode-9/data/ratis/f760fe87-4ea5-4849-a0a7-1b97eed5f7e8 has been successfully formatted.
2019-09-19 09:40:47,508 [pool-127-thread-1] INFO  ratis.ContainerStateMachine (ContainerStateMachine.java:loadSnapshot(226)) - group-1B97EED5F7E8: The snapshot info is null. Setting the last applied indexto:(t:0, i:~)
2019-09-19 09:40:47,508 [pool-127-thread-1] INFO  server.RaftServerConfigKeys (ConfUtils.java:logGet(43)) - raft.server.leader.election.timeout = 120s (custom)
2019-09-19 09:40:47,509 [pool-127-thread-1] INFO  server.RaftServerConfigKeys (ConfUtils.java:logGet(43)) - raft.server.log.use.memory = false (default)
2019-09-19 09:40:47,509 [pool-127-thread-1] INFO  server.RaftServerConfigKeys (ConfUtils.java:logGet(43)) - raft.server.log.purge.gap = 1000000 (custom)
2019-09-19 09:40:47,509 [pool-127-thread-1] INFO  server.RaftServerConfigKeys (ConfUtils.java:logGet(43)) - raft.server.log.appender.buffer.byte-limit = 33554432 (custom)
2019-09-19 09:40:47,509 [pool-127-thread-1] INFO  server.RaftServerConfigKeys (ConfUtils.java:logGet(43)) - raft.server.log.segment.size.max = 1048576 (custom)
2019-09-19 09:40:47,509 [pool-127-thread-1] INFO  server.RaftServerConfigKeys (ConfUtils.java:logGet(43)) - raft.server.log.segment.cache.num.max = 2 (custom)
2019-09-19 09:40:47,509 [pool-127-thread-1] INFO  segmented.SegmentedRaftLogWorker (SegmentedRaftLogWorker.java:<init>(172)) - new caeb75b6-27c7-410d-b6eb-8f738956b5a3-SegmentedRaftLogWorker:Storage Directory /workdir/hadoop-ozone/ozonefs/target/test-dir/MiniOzoneClusterImpl-21ed0f53-0413-44c7-8609-f438100532e5/datanode-9/data/ratis/f760fe87-4ea5-4849-a0a7-1b97eed5f7e8 for RaftStorage:Storage Directory /workdir/hadoop-ozone/ozonefs/target/test-dir/MiniOzoneClusterImpl-21ed0f53-0413-44c7-8609-f438100532e5/datanode-9/data/ratis/f760fe87-4ea5-4849-a0a7-1b97eed5f7e8
2019-09-19 09:40:47,509 [pool-127-thread-1] INFO  server.RaftServerConfigKeys (ConfUtils.java:logGet(43)) - raft.server.log.queue.byte-limit = 2147483647 (custom)
2019-09-19 09:40:47,510 [pool-127-thread-1] INFO  server.RaftServerConfigKeys (ConfUtils.java:logGet(43)) - raft.server.log.queue.element-limit = 1024 (custom)
2019-09-19 09:40:47,510 [pool-127-thread-1] INFO  server.RaftServerConfigKeys (ConfUtils.java:logGet(43)) - raft.server.log.segment.size.max = 1048576 (custom)
2019-09-19 09:40:47,510 [pool-127-thread-1] INFO  server.RaftServerConfigKeys (ConfUtils.java:logGet(43)) - raft.server.log.preallocated.size = 16384 (custom)
2019-09-19 09:40:47,510 [pool-127-thread-1] INFO  server.RaftServerConfigKeys (ConfUtils.java:logGet(43)) - raft.server.log.write.buffer.size = 33554432 (custom)
2019-09-19 09:40:47,510 [pool-127-thread-1] INFO  server.RaftServerConfigKeys (ConfUtils.java:logGet(43)) - raft.server.log.force.sync.num = 128 (default)
2019-09-19 09:40:47,510 [pool-127-thread-1] INFO  server.RaftServerConfigKeys (ConfUtils.java:logGet(43)) - raft.server.log.statemachine.data.sync = true (default)
2019-09-19 09:40:47,511 [pool-127-thread-1] INFO  server.RaftServerConfigKeys (ConfUtils.java:logGet(43)) - raft.server.log.statemachine.data.sync.timeout = 10s (default)
2019-09-19 09:40:47,511 [pool-127-thread-1] INFO  server.RaftServerConfigKeys (ConfUtils.java:logGet(43)) - raft.server.log.statemachine.data.sync.timeout.retry = -1 (default)
2019-09-19 09:40:47,511 [pool-127-thread-1] INFO  server.RaftServerConfigKeys (ConfUtils.java:logGet(43)) - raft.server.log.statemachine.data.caching.enabled = true (custom)
2019-09-19 09:40:47,511 [pool-127-thread-1] INFO  segmented.SegmentedRaftLogWorker (SegmentedRaftLogWorker.java:lambda$new$0(132)) - caeb75b6-27c7-410d-b6eb-8f738956b5a3-SegmentedRaftLogWorker:Storage Directory /workdir/hadoop-ozone/ozonefs/target/test-dir/MiniOzoneClusterImpl-21ed0f53-0413-44c7-8609-f438100532e5/datanode-9/data/ratis/f760fe87-4ea5-4849-a0a7-1b97eed5f7e8: flushIndex: setUnconditionally 0 -> -1
2019-09-19 09:40:47,512 [pool-127-thread-1] INFO  server.RaftServerConfigKeys (ConfUtils.java:logGet(43)) - raft.server.snapshot.auto.trigger.enabled = true (custom)
2019-09-19 09:40:47,512 [pool-127-thread-1] INFO  server.RaftServerConfigKeys (ConfUtils.java:logGet(43)) - raft.server.snapshot.auto.trigger.threshold = 10000 (custom)
2019-09-19 09:40:47,512 [pool-127-thread-1] INFO  server.RaftServerConfigKeys (ConfUtils.java:logGet(43)) - raft.server.retrycache.expirytime = 600000ms (custom)
2019-09-19 09:40:47,512 [pool-127-thread-1] INFO  impl.RaftServerImpl (RaftServerImpl.java:start(180)) - caeb75b6-27c7-410d-b6eb-8f738956b5a3: start group-1B97EED5F7E8
2019-09-19 09:40:47,512 [pool-127-thread-1] INFO  impl.RaftServerImpl (RaftServerImpl.java:setRole(171)) - caeb75b6-27c7-410d-b6eb-8f738956b5a3:group-1B97EED5F7E8 changes role from null to FOLLOWER at term 0 for startAsFollower
2019-09-19 09:40:47,513 [pool-127-thread-1] INFO  impl.RoleInfo (RoleInfo.java:updateAndGet(143)) - caeb75b6-27c7-410d-b6eb-8f738956b5a3: start FollowerState
2019-09-19 09:40:47,513 [pool-127-thread-1] INFO  util.JmxRegister (JmxRegister.java:tryRegister(44)) - Successfully registered JMX Bean with object name Ratis:service=RaftServer,group=group-1B97EED5F7E8,id=caeb75b6-27c7-410d-b6eb-8f738956b5a3
2019-09-19 09:40:47,516 [RatisPipelineUtilsThread] INFO  pipeline.PipelineStateManager (PipelineStateManager.java:addPipeline(56)) - Created pipeline Pipeline[ Id: f760fe87-4ea5-4849-a0a7-1b97eed5f7e8, Nodes: caeb75b6-27c7-410d-b6eb-8f738956b5a3{ip: 192.168.34.5, host: pr-hdds-1569-j4bt4-3030777008, networkLocation: /default-rack, certSerialId: null}, Type:RATIS, Factor:ONE, State:OPEN]
2019-09-19 09:40:47,517 [RatisPipelineUtilsThread] ERROR pipeline.PipelinePlacementPolicy (PipelinePlacementPolicy.java:meetCriteria(91)) - Pipeline Placement: Doesn't meet the criteria to be viable node. Heaviness: 6
2019-09-19 09:40:47,517 [RatisPipelineUtilsThread] ERROR pipeline.PipelinePlacementPolicy (PipelinePlacementPolicy.java:meetCriteria(91)) - Pipeline Placement: Doesn't meet the criteria to be viable node. Heaviness: 6
2019-09-19 09:40:47,517 [RatisPipelineUtilsThread] ERROR pipeline.PipelinePlacementPolicy (PipelinePlacementPolicy.java:meetCriteria(91)) - Pipeline Placement: Doesn't meet the criteria to be viable node. Heaviness: 6
2019-09-19 09:40:47,517 [RatisPipelineUtilsThread] ERROR pipeline.PipelinePlacementPolicy (PipelinePlacementPolicy.java:meetCriteria(91)) - Pipeline Placement: Doesn't meet the criteria to be viable node. Heaviness: 6
2019-09-19 09:40:47,517 [RatisPipelineUtilsThread] ERROR pipeline.PipelinePlacementPolicy (PipelinePlacementPolicy.java:meetCriteria(91)) - Pipeline Placement: Doesn't meet the criteria to be viable node. Heaviness: 6
2019-09-19 09:40:47,517 [RatisPipelineUtilsThread] ERROR pipeline.PipelinePlacementPolicy (PipelinePlacementPolicy.java:meetCriteria(91)) - Pipeline Placement: Doesn't meet the criteria to be viable node. Heaviness: 6
2019-09-19 09:40:47,518 [RatisPipelineUtilsThread] ERROR pipeline.PipelinePlacementPolicy (PipelinePlacementPolicy.java:meetCriteria(91)) - Pipeline Placement: Doesn't meet the criteria to be viable node. Heaviness: 6
2019-09-19 09:40:47,518 [RatisPipelineUtilsThread] ERROR pipeline.PipelinePlacementPolicy (PipelinePlacementPolicy.java:meetCriteria(91)) - Pipeline Placement: Doesn't meet the criteria to be viable node. Heaviness: 6
2019-09-19 09:40:47,524 [grpc-default-executor-0] INFO  impl.RaftServerProxy (RaftServerProxy.java:addNew(89)) - 00cd5ee6-30a6-4c0a-bb6c-a5a65ddde9fb: addNew group-49D0FD28BD6F:[00cd5ee6-30a6-4c0a-bb6c-a5a65ddde9fb:192.168.34.5:39741] returns group-49D0FD28BD6F:java.util.concurrent.CompletableFuture@2e4a6acb[Not completed]
2019-09-19 09:40:47,525 [pool-115-thread-1] INFO  impl.RaftServerImpl (RaftServerImpl.java:<init>(93)) - 00cd5ee6-30a6-4c0a-bb6c-a5a65ddde9fb: new RaftServerImpl for group-49D0FD28BD6F:[00cd5ee6-30a6-4c0a-bb6c-a5a65ddde9fb:192.168.34.5:39741] with ContainerStateMachine:uninitialized
2019-09-19 09:40:47,525 [pool-115-thread-1] INFO  server.RaftServerConfigKeys (ConfUtils.java:logGet(43)) - raft.server.rpc.timeout.min = 5s (custom)
2019-09-19 09:40:47,525 [pool-115-thread-1] INFO  server.RaftServerConfigKeys (ConfUtils.java:logGet(43)) - raft.server.rpc.timeout.max = 5200ms (custom)
2019-09-19 09:40:47,525 [pool-115-thread-1] INFO  server.RaftServerConfigKeys (ConfUtils.java:logGet(43)) - raft.server.rpcslowness.timeout = 120s (custom)
2019-09-19 09:40:47,525 [pool-115-thread-1] INFO  server.RaftServerConfigKeys (ConfUtils.java:logGet(43)) - raft.server.sleep.deviation.threshold = 300 (default)
2019-09-19 09:40:47,525 [pool-115-thread-1] INFO  server.RaftServerConfigKeys (ConfUtils.java:logGet(43)) - raft.server.log.appender.install.snapshot.enabled = false (custom)
2019-09-19 09:40:47,526 [pool-115-thread-1] INFO  impl.RaftServerImpl (ServerState.java:<init>(105)) - 00cd5ee6-30a6-4c0a-bb6c-a5a65ddde9fb:group-49D0FD28BD6F ConfigurationManager, init=-1: [00cd5ee6-30a6-4c0a-bb6c-a5a65ddde9fb:192.168.34.5:39741], old=null, confs=<EMPTY_MAP>
2019-09-19 09:40:47,526 [pool-115-thread-1] INFO  server.RaftServerConfigKeys (ConfUtils.java:logGet(43)) - raft.server.storage.dir = [/workdir/hadoop-ozone/ozonefs/target/test-dir/MiniOzoneClusterImpl-21ed0f53-0413-44c7-8609-f438100532e5/datanode-8/data/ratis] (custom)
2019-09-19 09:40:47,526 [pool-115-thread-1] INFO  storage.RaftStorageDirectory (RaftStorageDirectory.java:analyzeStorage(246)) - The storage directory /workdir/hadoop-ozone/ozonefs/target/test-dir/MiniOzoneClusterImpl-21ed0f53-0413-44c7-8609-f438100532e5/datanode-8/data/ratis/d099059f-1349-4b6b-87cf-49d0fd28bd6f does not exist. Creating ...
2019-09-19 09:40:47,539 [pool-115-thread-1] INFO  storage.RaftStorageDirectory (RaftStorageDirectory.java:tryLock(328)) - Lock on /workdir/hadoop-ozone/ozonefs/target/test-dir/MiniOzoneClusterImpl-21ed0f53-0413-44c7-8609-f438100532e5/datanode-8/data/ratis/d099059f-1349-4b6b-87cf-49d0fd28bd6f/in_use.lock acquired by nodename 23096@pr-hdds-1569-j4bt4-3030777008
2019-09-19 09:40:47,551 [pool-115-thread-1] INFO  storage.RaftStorage (RaftStorage.java:format(72)) - Storage directory /workdir/hadoop-ozone/ozonefs/target/test-dir/MiniOzoneClusterImpl-21ed0f53-0413-44c7-8609-f438100532e5/datanode-8/data/ratis/d099059f-1349-4b6b-87cf-49d0fd28bd6f has been successfully formatted.
2019-09-19 09:40:47,551 [pool-115-thread-1] INFO  ratis.ContainerStateMachine (ContainerStateMachine.java:loadSnapshot(226)) - group-49D0FD28BD6F: The snapshot info is null. Setting the last applied indexto:(t:0, i:~)
2019-09-19 09:40:47,551 [pool-115-thread-1] INFO  server.RaftServerConfigKeys (ConfUtils.java:logGet(43)) - raft.server.leader.election.timeout = 120s (custom)
2019-09-19 09:40:47,552 [pool-115-thread-1] INFO  server.RaftServerConfigKeys (ConfUtils.java:logGet(43)) - raft.server.log.use.memory = false (default)
2019-09-19 09:40:47,552 [pool-115-thread-1] INFO  server.RaftServerConfigKeys (ConfUtils.java:logGet(43)) - raft.server.log.purge.gap = 1000000 (custom)
2019-09-19 09:40:47,552 [pool-115-thread-1] INFO  server.RaftServerConfigKeys (ConfUtils.java:logGet(43)) - raft.server.log.appender.buffer.byte-limit = 33554432 (custom)
2019-09-19 09:40:47,552 [pool-115-thread-1] INFO  server.RaftServerConfigKeys (ConfUtils.java:logGet(43)) - raft.server.log.segment.size.max = 1048576 (custom)
2019-09-19 09:40:47,552 [pool-115-thread-1] INFO  server.RaftServerConfigKeys (ConfUtils.java:logGet(43)) - raft.server.log.segment.cache.num.max = 2 (custom)
2019-09-19 09:40:47,552 [pool-115-thread-1] INFO  segmented.SegmentedRaftLogWorker (SegmentedRaftLogWorker.java:<init>(172)) - new 00cd5ee6-30a6-4c0a-bb6c-a5a65ddde9fb-SegmentedRaftLogWorker:Storage Directory /workdir/hadoop-ozone/ozonefs/target/test-dir/MiniOzoneClusterImpl-21ed0f53-0413-44c7-8609-f438100532e5/datanode-8/data/ratis/d099059f-1349-4b6b-87cf-49d0fd28bd6f for RaftStorage:Storage Directory /workdir/hadoop-ozone/ozonefs/target/test-dir/MiniOzoneClusterImpl-21ed0f53-0413-44c7-8609-f438100532e5/datanode-8/data/ratis/d099059f-1349-4b6b-87cf-49d0fd28bd6f
2019-09-19 09:40:47,553 [pool-115-thread-1] INFO  server.RaftServerConfigKeys (ConfUtils.java:logGet(43)) - raft.server.log.queue.byte-limit = 2147483647 (custom)
2019-09-19 09:40:47,553 [pool-115-thread-1] INFO  server.RaftServerConfigKeys (ConfUtils.java:logGet(43)) - raft.server.log.queue.element-limit = 1024 (custom)
2019-09-19 09:40:47,553 [pool-115-thread-1] INFO  server.RaftServerConfigKeys (ConfUtils.java:logGet(43)) - raft.server.log.segment.size.max = 1048576 (custom)
2019-09-19 09:40:47,553 [pool-115-thread-1] INFO  server.RaftServerConfigKeys (ConfUtils.java:logGet(43)) - raft.server.log.preallocated.size = 16384 (custom)
2019-09-19 09:40:47,553 [pool-115-thread-1] INFO  server.RaftServerConfigKeys (ConfUtils.java:logGet(43)) - raft.server.log.write.buffer.size = 33554432 (custom)
2019-09-19 09:40:47,553 [pool-115-thread-1] INFO  server.RaftServerConfigKeys (ConfUtils.java:logGet(43)) - raft.server.log.force.sync.num = 128 (default)
2019-09-19 09:40:47,554 [pool-115-thread-1] INFO  server.RaftServerConfigKeys (ConfUtils.java:logGet(43)) - raft.server.log.statemachine.data.sync = true (default)
2019-09-19 09:40:47,554 [pool-115-thread-1] INFO  server.RaftServerConfigKeys (ConfUtils.java:logGet(43)) - raft.server.log.statemachine.data.sync.timeout = 10s (default)
2019-09-19 09:40:47,554 [pool-115-thread-1] INFO  server.RaftServerConfigKeys (ConfUtils.java:logGet(43)) - raft.server.log.statemachine.data.sync.timeout.retry = -1 (default)
2019-09-19 09:40:47,554 [pool-115-thread-1] INFO  server.RaftServerConfigKeys (ConfUtils.java:logGet(43)) - raft.server.log.statemachine.data.caching.enabled = true (custom)
2019-09-19 09:40:47,554 [pool-115-thread-1] INFO  segmented.SegmentedRaftLogWorker (SegmentedRaftLogWorker.java:lambda$new$0(132)) - 00cd5ee6-30a6-4c0a-bb6c-a5a65ddde9fb-SegmentedRaftLogWorker:Storage Directory /workdir/hadoop-ozone/ozonefs/target/test-dir/MiniOzoneClusterImpl-21ed0f53-0413-44c7-8609-f438100532e5/datanode-8/data/ratis/d099059f-1349-4b6b-87cf-49d0fd28bd6f: flushIndex: setUnconditionally 0 -> -1
2019-09-19 09:40:47,555 [pool-115-thread-1] INFO  server.RaftServerConfigKeys (ConfUtils.java:logGet(43)) - raft.server.snapshot.auto.trigger.enabled = true (custom)
2019-09-19 09:40:47,555 [pool-115-thread-1] INFO  server.RaftServerConfigKeys (ConfUtils.java:logGet(43)) - raft.server.snapshot.auto.trigger.threshold = 10000 (custom)
2019-09-19 09:40:47,555 [pool-115-thread-1] INFO  server.RaftServerConfigKeys (ConfUtils.java:logGet(43)) - raft.server.retrycache.expirytime = 600000ms (custom)
2019-09-19 09:40:47,555 [pool-115-thread-1] INFO  impl.RaftServerImpl (RaftServerImpl.java:start(180)) - 00cd5ee6-30a6-4c0a-bb6c-a5a65ddde9fb: start group-49D0FD28BD6F
2019-09-19 09:40:47,555 [pool-115-thread-1] INFO  impl.RaftServerImpl (RaftServerImpl.java:setRole(171)) - 00cd5ee6-30a6-4c0a-bb6c-a5a65ddde9fb:group-49D0FD28BD6F changes role from null to FOLLOWER at term 0 for startAsFollower
2019-09-19 09:40:47,556 [pool-115-thread-1] INFO  impl.RoleInfo (RoleInfo.java:updateAndGet(143)) - 00cd5ee6-30a6-4c0a-bb6c-a5a65ddde9fb: start FollowerState
2019-09-19 09:40:47,556 [pool-115-thread-1] INFO  util.JmxRegister (JmxRegister.java:tryRegister(44)) - Successfully registered JMX Bean with object name Ratis:service=RaftServer,group=group-49D0FD28BD6F,id=00cd5ee6-30a6-4c0a-bb6c-a5a65ddde9fb
2019-09-19 09:40:47,559 [RatisPipelineUtilsThread] INFO  pipeline.PipelineStateManager (PipelineStateManager.java:addPipeline(56)) - Created pipeline Pipeline[ Id: d099059f-1349-4b6b-87cf-49d0fd28bd6f, Nodes: 00cd5ee6-30a6-4c0a-bb6c-a5a65ddde9fb{ip: 192.168.34.5, host: pr-hdds-1569-j4bt4-3030777008, networkLocation: /default-rack, certSerialId: null}, Type:RATIS, Factor:ONE, State:OPEN]
2019-09-19 09:40:47,559 [RatisPipelineUtilsThread] ERROR pipeline.PipelinePlacementPolicy (PipelinePlacementPolicy.java:meetCriteria(91)) - Pipeline Placement: Doesn't meet the criteria to be viable node. Heaviness: 6
2019-09-19 09:40:47,559 [RatisPipelineUtilsThread] ERROR pipeline.PipelinePlacementPolicy (PipelinePlacementPolicy.java:meetCriteria(91)) - Pipeline Placement: Doesn't meet the criteria to be viable node. Heaviness: 6
2019-09-19 09:40:47,560 [RatisPipelineUtilsThread] ERROR pipeline.PipelinePlacementPolicy (PipelinePlacementPolicy.java:meetCriteria(91)) - Pipeline Placement: Doesn't meet the criteria to be viable node. Heaviness: 6
2019-09-19 09:40:47,560 [RatisPipelineUtilsThread] ERROR pipeline.PipelinePlacementPolicy (PipelinePlacementPolicy.java:meetCriteria(91)) - Pipeline Placement: Doesn't meet the criteria to be viable node. Heaviness: 6
2019-09-19 09:40:47,560 [RatisPipelineUtilsThread] ERROR pipeline.PipelinePlacementPolicy (PipelinePlacementPolicy.java:meetCriteria(91)) - Pipeline Placement: Doesn't meet the criteria to be viable node. Heaviness: 6
2019-09-19 09:40:47,560 [RatisPipelineUtilsThread] ERROR pipeline.PipelinePlacementPolicy (PipelinePlacementPolicy.java:meetCriteria(91)) - Pipeline Placement: Doesn't meet the criteria to be viable node. Heaviness: 6
2019-09-19 09:40:47,560 [RatisPipelineUtilsThread] ERROR pipeline.PipelinePlacementPolicy (PipelinePlacementPolicy.java:meetCriteria(91)) - Pipeline Placement: Doesn't meet the criteria to be viable node. Heaviness: 6
2019-09-19 09:40:47,560 [RatisPipelineUtilsThread] ERROR pipeline.PipelinePlacementPolicy (PipelinePlacementPolicy.java:meetCriteria(91)) - Pipeline Placement: Doesn't meet the criteria to be viable node. Heaviness: 6
2019-09-19 09:40:47,566 [grpc-default-executor-0] INFO  impl.RaftServerProxy (RaftServerProxy.java:addNew(89)) - 00cd5ee6-30a6-4c0a-bb6c-a5a65ddde9fb: addNew group-F4AF0A7EA0C0:[00cd5ee6-30a6-4c0a-bb6c-a5a65ddde9fb:192.168.34.5:39741] returns group-F4AF0A7EA0C0:java.util.concurrent.CompletableFuture@77fc74c2[Not completed]
2019-09-19 09:40:47,567 [pool-115-thread-1] INFO  impl.RaftServerImpl (RaftServerImpl.java:<init>(93)) - 00cd5ee6-30a6-4c0a-bb6c-a5a65ddde9fb: new RaftServerImpl for group-F4AF0A7EA0C0:[00cd5ee6-30a6-4c0a-bb6c-a5a65ddde9fb:192.168.34.5:39741] with ContainerStateMachine:uninitialized
2019-09-19 09:40:47,567 [pool-115-thread-1] INFO  server.RaftServerConfigKeys (ConfUtils.java:logGet(43)) - raft.server.rpc.timeout.min = 5s (custom)
2019-09-19 09:40:47,567 [pool-115-thread-1] INFO  server.RaftServerConfigKeys (ConfUtils.java:logGet(43)) - raft.server.rpc.timeout.max = 5200ms (custom)
2019-09-19 09:40:47,567 [pool-115-thread-1] INFO  server.RaftServerConfigKeys (ConfUtils.java:logGet(43)) - raft.server.rpcslowness.timeout = 120s (custom)
2019-09-19 09:40:47,567 [pool-115-thread-1] INFO  server.RaftServerConfigKeys (ConfUtils.java:logGet(43)) - raft.server.sleep.deviation.threshold = 300 (default)
2019-09-19 09:40:47,568 [pool-115-thread-1] INFO  server.RaftServerConfigKeys (ConfUtils.java:logGet(43)) - raft.server.log.appender.install.snapshot.enabled = false (custom)
2019-09-19 09:40:47,568 [pool-115-thread-1] INFO  impl.RaftServerImpl (ServerState.java:<init>(105)) - 00cd5ee6-30a6-4c0a-bb6c-a5a65ddde9fb:group-F4AF0A7EA0C0 ConfigurationManager, init=-1: [00cd5ee6-30a6-4c0a-bb6c-a5a65ddde9fb:192.168.34.5:39741], old=null, confs=<EMPTY_MAP>
2019-09-19 09:40:47,568 [pool-115-thread-1] INFO  server.RaftServerConfigKeys (ConfUtils.java:logGet(43)) - raft.server.storage.dir = [/workdir/hadoop-ozone/ozonefs/target/test-dir/MiniOzoneClusterImpl-21ed0f53-0413-44c7-8609-f438100532e5/datanode-8/data/ratis] (custom)
2019-09-19 09:40:47,568 [pool-115-thread-1] INFO  storage.RaftStorageDirectory (RaftStorageDirectory.java:analyzeStorage(246)) - The storage directory /workdir/hadoop-ozone/ozonefs/target/test-dir/MiniOzoneClusterImpl-21ed0f53-0413-44c7-8609-f438100532e5/datanode-8/data/ratis/67e3a099-a11b-44ed-9efe-f4af0a7ea0c0 does not exist. Creating ...
2019-09-19 09:40:47,581 [pool-115-thread-1] INFO  storage.RaftStorageDirectory (RaftStorageDirectory.java:tryLock(328)) - Lock on /workdir/hadoop-ozone/ozonefs/target/test-dir/MiniOzoneClusterImpl-21ed0f53-0413-44c7-8609-f438100532e5/datanode-8/data/ratis/67e3a099-a11b-44ed-9efe-f4af0a7ea0c0/in_use.lock acquired by nodename 23096@pr-hdds-1569-j4bt4-3030777008
2019-09-19 09:40:47,590 | INFO  | SCMAudit | user=jenkins1000 | ip=192.168.34.5 | op=SEND_HEARTBEAT {datanodeUUID=1cd79902-2a06-4a3f-8023-3eba64f51293, command=[]} | ret=SUCCESS |  
2019-09-19 09:40:47,593 [pool-115-thread-1] INFO  storage.RaftStorage (RaftStorage.java:format(72)) - Storage directory /workdir/hadoop-ozone/ozonefs/target/test-dir/MiniOzoneClusterImpl-21ed0f53-0413-44c7-8609-f438100532e5/datanode-8/data/ratis/67e3a099-a11b-44ed-9efe-f4af0a7ea0c0 has been successfully formatted.
2019-09-19 09:40:47,594 [pool-115-thread-1] INFO  ratis.ContainerStateMachine (ContainerStateMachine.java:loadSnapshot(226)) - group-F4AF0A7EA0C0: The snapshot info is null. Setting the last applied indexto:(t:0, i:~)
2019-09-19 09:40:47,594 [pool-115-thread-1] INFO  server.RaftServerConfigKeys (ConfUtils.java:logGet(43)) - raft.server.leader.election.timeout = 120s (custom)
2019-09-19 09:40:47,594 [pool-115-thread-1] INFO  server.RaftServerConfigKeys (ConfUtils.java:logGet(43)) - raft.server.log.use.memory = false (default)
2019-09-19 09:40:47,594 [pool-115-thread-1] INFO  server.RaftServerConfigKeys (ConfUtils.java:logGet(43)) - raft.server.log.purge.gap = 1000000 (custom)
2019-09-19 09:40:47,594 [pool-115-thread-1] INFO  server.RaftServerConfigKeys (ConfUtils.java:logGet(43)) - raft.server.log.appender.buffer.byte-limit = 33554432 (custom)
2019-09-19 09:40:47,594 [pool-115-thread-1] INFO  server.RaftServerConfigKeys (ConfUtils.java:logGet(43)) - raft.server.log.segment.size.max = 1048576 (custom)
2019-09-19 09:40:47,594 [pool-115-thread-1] INFO  server.RaftServerConfigKeys (ConfUtils.java:logGet(43)) - raft.server.log.segment.cache.num.max = 2 (custom)
2019-09-19 09:40:47,595 [pool-115-thread-1] INFO  segmented.SegmentedRaftLogWorker (SegmentedRaftLogWorker.java:<init>(172)) - new 00cd5ee6-30a6-4c0a-bb6c-a5a65ddde9fb-SegmentedRaftLogWorker:Storage Directory /workdir/hadoop-ozone/ozonefs/target/test-dir/MiniOzoneClusterImpl-21ed0f53-0413-44c7-8609-f438100532e5/datanode-8/data/ratis/67e3a099-a11b-44ed-9efe-f4af0a7ea0c0 for RaftStorage:Storage Directory /workdir/hadoop-ozone/ozonefs/target/test-dir/MiniOzoneClusterImpl-21ed0f53-0413-44c7-8609-f438100532e5/datanode-8/data/ratis/67e3a099-a11b-44ed-9efe-f4af0a7ea0c0
2019-09-19 09:40:47,595 [pool-115-thread-1] INFO  server.RaftServerConfigKeys (ConfUtils.java:logGet(43)) - raft.server.log.queue.byte-limit = 2147483647 (custom)
2019-09-19 09:40:47,595 [pool-115-thread-1] INFO  server.RaftServerConfigKeys (ConfUtils.java:logGet(43)) - raft.server.log.queue.element-limit = 1024 (custom)
2019-09-19 09:40:47,595 [pool-115-thread-1] INFO  server.RaftServerConfigKeys (ConfUtils.java:logGet(43)) - raft.server.log.segment.size.max = 1048576 (custom)
2019-09-19 09:40:47,595 [pool-115-thread-1] INFO  server.RaftServerConfigKeys (ConfUtils.java:logGet(43)) - raft.server.log.preallocated.size = 16384 (custom)
2019-09-19 09:40:47,595 [pool-115-thread-1] INFO  server.RaftServerConfigKeys (ConfUtils.java:logGet(43)) - raft.server.log.write.buffer.size = 33554432 (custom)
2019-09-19 09:40:47,595 [pool-115-thread-1] INFO  server.RaftServerConfigKeys (ConfUtils.java:logGet(43)) - raft.server.log.force.sync.num = 128 (default)
2019-09-19 09:40:47,596 [pool-115-thread-1] INFO  server.RaftServerConfigKeys (ConfUtils.java:logGet(43)) - raft.server.log.statemachine.data.sync = true (default)
2019-09-19 09:40:47,596 [pool-115-thread-1] INFO  server.RaftServerConfigKeys (ConfUtils.java:logGet(43)) - raft.server.log.statemachine.data.sync.timeout = 10s (default)
2019-09-19 09:40:47,596 [pool-115-thread-1] INFO  server.RaftServerConfigKeys (ConfUtils.java:logGet(43)) - raft.server.log.statemachine.data.sync.timeout.retry = -1 (default)
2019-09-19 09:40:47,596 [pool-115-thread-1] INFO  server.RaftServerConfigKeys (ConfUtils.java:logGet(43)) - raft.server.log.statemachine.data.caching.enabled = true (custom)
2019-09-19 09:40:47,596 [pool-115-thread-1] INFO  segmented.SegmentedRaftLogWorker (SegmentedRaftLogWorker.java:lambda$new$0(132)) - 00cd5ee6-30a6-4c0a-bb6c-a5a65ddde9fb-SegmentedRaftLogWorker:Storage Directory /workdir/hadoop-ozone/ozonefs/target/test-dir/MiniOzoneClusterImpl-21ed0f53-0413-44c7-8609-f438100532e5/datanode-8/data/ratis/67e3a099-a11b-44ed-9efe-f4af0a7ea0c0: flushIndex: setUnconditionally 0 -> -1
2019-09-19 09:40:47,597 [pool-115-thread-1] INFO  server.RaftServerConfigKeys (ConfUtils.java:logGet(43)) - raft.server.snapshot.auto.trigger.enabled = true (custom)
2019-09-19 09:40:47,597 [pool-115-thread-1] INFO  server.RaftServerConfigKeys (ConfUtils.java:logGet(43)) - raft.server.snapshot.auto.trigger.threshold = 10000 (custom)
2019-09-19 09:40:47,597 [pool-115-thread-1] INFO  server.RaftServerConfigKeys (ConfUtils.java:logGet(43)) - raft.server.retrycache.expirytime = 600000ms (custom)
2019-09-19 09:40:47,597 [pool-115-thread-1] INFO  impl.RaftServerImpl (RaftServerImpl.java:start(180)) - 00cd5ee6-30a6-4c0a-bb6c-a5a65ddde9fb: start group-F4AF0A7EA0C0
2019-09-19 09:40:47,597 [pool-115-thread-1] INFO  impl.RaftServerImpl (RaftServerImpl.java:setRole(171)) - 00cd5ee6-30a6-4c0a-bb6c-a5a65ddde9fb:group-F4AF0A7EA0C0 changes role from null to FOLLOWER at term 0 for startAsFollower
2019-09-19 09:40:47,598 [pool-115-thread-1] INFO  impl.RoleInfo (RoleInfo.java:updateAndGet(143)) - 00cd5ee6-30a6-4c0a-bb6c-a5a65ddde9fb: start FollowerState
2019-09-19 09:40:47,598 [pool-115-thread-1] INFO  util.JmxRegister (JmxRegister.java:tryRegister(44)) - Successfully registered JMX Bean with object name Ratis:service=RaftServer,group=group-F4AF0A7EA0C0,id=00cd5ee6-30a6-4c0a-bb6c-a5a65ddde9fb
2019-09-19 09:40:47,600 [RatisPipelineUtilsThread] INFO  pipeline.PipelineStateManager (PipelineStateManager.java:addPipeline(56)) - Created pipeline Pipeline[ Id: 67e3a099-a11b-44ed-9efe-f4af0a7ea0c0, Nodes: 00cd5ee6-30a6-4c0a-bb6c-a5a65ddde9fb{ip: 192.168.34.5, host: pr-hdds-1569-j4bt4-3030777008, networkLocation: /default-rack, certSerialId: null}, Type:RATIS, Factor:ONE, State:OPEN]
2019-09-19 09:40:47,601 [RatisPipelineUtilsThread] ERROR pipeline.PipelinePlacementPolicy (PipelinePlacementPolicy.java:meetCriteria(91)) - Pipeline Placement: Doesn't meet the criteria to be viable node. Heaviness: 6
2019-09-19 09:40:47,601 [RatisPipelineUtilsThread] ERROR pipeline.PipelinePlacementPolicy (PipelinePlacementPolicy.java:meetCriteria(91)) - Pipeline Placement: Doesn't meet the criteria to be viable node. Heaviness: 6
2019-09-19 09:40:47,601 [RatisPipelineUtilsThread] ERROR pipeline.PipelinePlacementPolicy (PipelinePlacementPolicy.java:meetCriteria(91)) - Pipeline Placement: Doesn't meet the criteria to be viable node. Heaviness: 6
2019-09-19 09:40:47,601 [RatisPipelineUtilsThread] ERROR pipeline.PipelinePlacementPolicy (PipelinePlacementPolicy.java:meetCriteria(91)) - Pipeline Placement: Doesn't meet the criteria to be viable node. Heaviness: 6
2019-09-19 09:40:47,601 [RatisPipelineUtilsThread] ERROR pipeline.PipelinePlacementPolicy (PipelinePlacementPolicy.java:meetCriteria(91)) - Pipeline Placement: Doesn't meet the criteria to be viable node. Heaviness: 6
2019-09-19 09:40:47,601 [RatisPipelineUtilsThread] ERROR pipeline.PipelinePlacementPolicy (PipelinePlacementPolicy.java:meetCriteria(91)) - Pipeline Placement: Doesn't meet the criteria to be viable node. Heaviness: 6
2019-09-19 09:40:47,602 [RatisPipelineUtilsThread] ERROR pipeline.PipelinePlacementPolicy (PipelinePlacementPolicy.java:meetCriteria(91)) - Pipeline Placement: Doesn't meet the criteria to be viable node. Heaviness: 6
2019-09-19 09:40:47,602 [RatisPipelineUtilsThread] ERROR pipeline.PipelinePlacementPolicy (PipelinePlacementPolicy.java:meetCriteria(91)) - Pipeline Placement: Doesn't meet the criteria to be viable node. Heaviness: 6
2019-09-19 09:40:47,606 | INFO  | SCMAudit | user=jenkins1000 | ip=192.168.34.5 | op=SEND_HEARTBEAT {datanodeUUID=caeb75b6-27c7-410d-b6eb-8f738956b5a3, command=[]} | ret=SUCCESS |  
2019-09-19 09:40:47,607 [grpc-default-executor-0] INFO  impl.RaftServerProxy (RaftServerProxy.java:addNew(89)) - 00cd5ee6-30a6-4c0a-bb6c-a5a65ddde9fb: addNew group-DCFCDCCCEC51:[00cd5ee6-30a6-4c0a-bb6c-a5a65ddde9fb:192.168.34.5:39741] returns group-DCFCDCCCEC51:java.util.concurrent.CompletableFuture@123192cb[Not completed]
2019-09-19 09:40:47,608 [pool-115-thread-1] INFO  impl.RaftServerImpl (RaftServerImpl.java:<init>(93)) - 00cd5ee6-30a6-4c0a-bb6c-a5a65ddde9fb: new RaftServerImpl for group-DCFCDCCCEC51:[00cd5ee6-30a6-4c0a-bb6c-a5a65ddde9fb:192.168.34.5:39741] with ContainerStateMachine:uninitialized
2019-09-19 09:40:47,608 [pool-115-thread-1] INFO  server.RaftServerConfigKeys (ConfUtils.java:logGet(43)) - raft.server.rpc.timeout.min = 5s (custom)
2019-09-19 09:40:47,608 [pool-115-thread-1] INFO  server.RaftServerConfigKeys (ConfUtils.java:logGet(43)) - raft.server.rpc.timeout.max = 5200ms (custom)
2019-09-19 09:40:47,608 [pool-115-thread-1] INFO  server.RaftServerConfigKeys (ConfUtils.java:logGet(43)) - raft.server.rpcslowness.timeout = 120s (custom)
2019-09-19 09:40:47,608 [pool-115-thread-1] INFO  server.RaftServerConfigKeys (ConfUtils.java:logGet(43)) - raft.server.sleep.deviation.threshold = 300 (default)
2019-09-19 09:40:47,608 [pool-115-thread-1] INFO  server.RaftServerConfigKeys (ConfUtils.java:logGet(43)) - raft.server.log.appender.install.snapshot.enabled = false (custom)
2019-09-19 09:40:47,608 [pool-115-thread-1] INFO  impl.RaftServerImpl (ServerState.java:<init>(105)) - 00cd5ee6-30a6-4c0a-bb6c-a5a65ddde9fb:group-DCFCDCCCEC51 ConfigurationManager, init=-1: [00cd5ee6-30a6-4c0a-bb6c-a5a65ddde9fb:192.168.34.5:39741], old=null, confs=<EMPTY_MAP>
2019-09-19 09:40:47,609 [pool-115-thread-1] INFO  server.RaftServerConfigKeys (ConfUtils.java:logGet(43)) - raft.server.storage.dir = [/workdir/hadoop-ozone/ozonefs/target/test-dir/MiniOzoneClusterImpl-21ed0f53-0413-44c7-8609-f438100532e5/datanode-8/data/ratis] (custom)
2019-09-19 09:40:47,609 [pool-115-thread-1] INFO  storage.RaftStorageDirectory (RaftStorageDirectory.java:analyzeStorage(246)) - The storage directory /workdir/hadoop-ozone/ozonefs/target/test-dir/MiniOzoneClusterImpl-21ed0f53-0413-44c7-8609-f438100532e5/datanode-8/data/ratis/09939c08-29a9-4138-a498-dcfcdcccec51 does not exist. Creating ...
2019-09-19 09:40:47,621 [pool-115-thread-1] INFO  storage.RaftStorageDirectory (RaftStorageDirectory.java:tryLock(328)) - Lock on /workdir/hadoop-ozone/ozonefs/target/test-dir/MiniOzoneClusterImpl-21ed0f53-0413-44c7-8609-f438100532e5/datanode-8/data/ratis/09939c08-29a9-4138-a498-dcfcdcccec51/in_use.lock acquired by nodename 23096@pr-hdds-1569-j4bt4-3030777008
2019-09-19 09:40:47,640 [pool-115-thread-1] INFO  storage.RaftStorage (RaftStorage.java:format(72)) - Storage directory /workdir/hadoop-ozone/ozonefs/target/test-dir/MiniOzoneClusterImpl-21ed0f53-0413-44c7-8609-f438100532e5/datanode-8/data/ratis/09939c08-29a9-4138-a498-dcfcdcccec51 has been successfully formatted.
2019-09-19 09:40:47,640 [pool-115-thread-1] INFO  ratis.ContainerStateMachine (ContainerStateMachine.java:loadSnapshot(226)) - group-DCFCDCCCEC51: The snapshot info is null. Setting the last applied indexto:(t:0, i:~)
2019-09-19 09:40:47,640 [pool-115-thread-1] INFO  server.RaftServerConfigKeys (ConfUtils.java:logGet(43)) - raft.server.leader.election.timeout = 120s (custom)
2019-09-19 09:40:47,640 [pool-115-thread-1] INFO  server.RaftServerConfigKeys (ConfUtils.java:logGet(43)) - raft.server.log.use.memory = false (default)
2019-09-19 09:40:47,640 [pool-115-thread-1] INFO  server.RaftServerConfigKeys (ConfUtils.java:logGet(43)) - raft.server.log.purge.gap = 1000000 (custom)
2019-09-19 09:40:47,640 [pool-115-thread-1] INFO  server.RaftServerConfigKeys (ConfUtils.java:logGet(43)) - raft.server.log.appender.buffer.byte-limit = 33554432 (custom)
2019-09-19 09:40:47,641 [pool-115-thread-1] INFO  server.RaftServerConfigKeys (ConfUtils.java:logGet(43)) - raft.server.log.segment.size.max = 1048576 (custom)
2019-09-19 09:40:47,641 [pool-115-thread-1] INFO  server.RaftServerConfigKeys (ConfUtils.java:logGet(43)) - raft.server.log.segment.cache.num.max = 2 (custom)
2019-09-19 09:40:47,641 [pool-115-thread-1] INFO  segmented.SegmentedRaftLogWorker (SegmentedRaftLogWorker.java:<init>(172)) - new 00cd5ee6-30a6-4c0a-bb6c-a5a65ddde9fb-SegmentedRaftLogWorker:Storage Directory /workdir/hadoop-ozone/ozonefs/target/test-dir/MiniOzoneClusterImpl-21ed0f53-0413-44c7-8609-f438100532e5/datanode-8/data/ratis/09939c08-29a9-4138-a498-dcfcdcccec51 for RaftStorage:Storage Directory /workdir/hadoop-ozone/ozonefs/target/test-dir/MiniOzoneClusterImpl-21ed0f53-0413-44c7-8609-f438100532e5/datanode-8/data/ratis/09939c08-29a9-4138-a498-dcfcdcccec51
2019-09-19 09:40:47,641 [pool-115-thread-1] INFO  server.RaftServerConfigKeys (ConfUtils.java:logGet(43)) - raft.server.log.queue.byte-limit = 2147483647 (custom)
2019-09-19 09:40:47,641 [pool-115-thread-1] INFO  server.RaftServerConfigKeys (ConfUtils.java:logGet(43)) - raft.server.log.queue.element-limit = 1024 (custom)
2019-09-19 09:40:47,641 [pool-115-thread-1] INFO  server.RaftServerConfigKeys (ConfUtils.java:logGet(43)) - raft.server.log.segment.size.max = 1048576 (custom)
2019-09-19 09:40:47,641 [pool-115-thread-1] INFO  server.RaftServerConfigKeys (ConfUtils.java:logGet(43)) - raft.server.log.preallocated.size = 16384 (custom)
2019-09-19 09:40:47,642 [pool-115-thread-1] INFO  server.RaftServerConfigKeys (ConfUtils.java:logGet(43)) - raft.server.log.write.buffer.size = 33554432 (custom)
2019-09-19 09:40:47,642 [pool-115-thread-1] INFO  server.RaftServerConfigKeys (ConfUtils.java:logGet(43)) - raft.server.log.force.sync.num = 128 (default)
2019-09-19 09:40:47,642 [pool-115-thread-1] INFO  server.RaftServerConfigKeys (ConfUtils.java:logGet(43)) - raft.server.log.statemachine.data.sync = true (default)
2019-09-19 09:40:47,642 [pool-115-thread-1] INFO  server.RaftServerConfigKeys (ConfUtils.java:logGet(43)) - raft.server.log.statemachine.data.sync.timeout = 10s (default)
2019-09-19 09:40:47,642 [pool-115-thread-1] INFO  server.RaftServerConfigKeys (ConfUtils.java:logGet(43)) - raft.server.log.statemachine.data.sync.timeout.retry = -1 (default)
2019-09-19 09:40:47,642 [pool-115-thread-1] INFO  server.RaftServerConfigKeys (ConfUtils.java:logGet(43)) - raft.server.log.statemachine.data.caching.enabled = true (custom)
2019-09-19 09:40:47,643 [pool-115-thread-1] INFO  segmented.SegmentedRaftLogWorker (SegmentedRaftLogWorker.java:lambda$new$0(132)) - 00cd5ee6-30a6-4c0a-bb6c-a5a65ddde9fb-SegmentedRaftLogWorker:Storage Directory /workdir/hadoop-ozone/ozonefs/target/test-dir/MiniOzoneClusterImpl-21ed0f53-0413-44c7-8609-f438100532e5/datanode-8/data/ratis/09939c08-29a9-4138-a498-dcfcdcccec51: flushIndex: setUnconditionally 0 -> -1
2019-09-19 09:40:47,643 [pool-115-thread-1] INFO  server.RaftServerConfigKeys (ConfUtils.java:logGet(43)) - raft.server.snapshot.auto.trigger.enabled = true (custom)
2019-09-19 09:40:47,643 [pool-115-thread-1] INFO  server.RaftServerConfigKeys (ConfUtils.java:logGet(43)) - raft.server.snapshot.auto.trigger.threshold = 10000 (custom)
2019-09-19 09:40:47,643 [pool-115-thread-1] INFO  server.RaftServerConfigKeys (ConfUtils.java:logGet(43)) - raft.server.retrycache.expirytime = 600000ms (custom)
2019-09-19 09:40:47,643 [pool-115-thread-1] INFO  impl.RaftServerImpl (RaftServerImpl.java:start(180)) - 00cd5ee6-30a6-4c0a-bb6c-a5a65ddde9fb: start group-DCFCDCCCEC51
2019-09-19 09:40:47,644 [pool-115-thread-1] INFO  impl.RaftServerImpl (RaftServerImpl.java:setRole(171)) - 00cd5ee6-30a6-4c0a-bb6c-a5a65ddde9fb:group-DCFCDCCCEC51 changes role from null to FOLLOWER at term 0 for startAsFollower
2019-09-19 09:40:47,644 [pool-115-thread-1] INFO  impl.RoleInfo (RoleInfo.java:updateAndGet(143)) - 00cd5ee6-30a6-4c0a-bb6c-a5a65ddde9fb: start FollowerState
2019-09-19 09:40:47,644 [pool-115-thread-1] INFO  util.JmxRegister (JmxRegister.java:tryRegister(44)) - Successfully registered JMX Bean with object name Ratis:service=RaftServer,group=group-DCFCDCCCEC51,id=00cd5ee6-30a6-4c0a-bb6c-a5a65ddde9fb
2019-09-19 09:40:47,647 [RatisPipelineUtilsThread] INFO  pipeline.PipelineStateManager (PipelineStateManager.java:addPipeline(56)) - Created pipeline Pipeline[ Id: 09939c08-29a9-4138-a498-dcfcdcccec51, Nodes: 00cd5ee6-30a6-4c0a-bb6c-a5a65ddde9fb{ip: 192.168.34.5, host: pr-hdds-1569-j4bt4-3030777008, networkLocation: /default-rack, certSerialId: null}, Type:RATIS, Factor:ONE, State:OPEN]
2019-09-19 09:40:47,647 [RatisPipelineUtilsThread] ERROR pipeline.PipelinePlacementPolicy (PipelinePlacementPolicy.java:meetCriteria(91)) - Pipeline Placement: Doesn't meet the criteria to be viable node. Heaviness: 6
2019-09-19 09:40:47,647 [RatisPipelineUtilsThread] ERROR pipeline.PipelinePlacementPolicy (PipelinePlacementPolicy.java:meetCriteria(91)) - Pipeline Placement: Doesn't meet the criteria to be viable node. Heaviness: 6
2019-09-19 09:40:47,647 [RatisPipelineUtilsThread] ERROR pipeline.PipelinePlacementPolicy (PipelinePlacementPolicy.java:meetCriteria(91)) - Pipeline Placement: Doesn't meet the criteria to be viable node. Heaviness: 6
2019-09-19 09:40:47,647 [RatisPipelineUtilsThread] ERROR pipeline.PipelinePlacementPolicy (PipelinePlacementPolicy.java:meetCriteria(91)) - Pipeline Placement: Doesn't meet the criteria to be viable node. Heaviness: 6
2019-09-19 09:40:47,648 [RatisPipelineUtilsThread] ERROR pipeline.PipelinePlacementPolicy (PipelinePlacementPolicy.java:meetCriteria(91)) - Pipeline Placement: Doesn't meet the criteria to be viable node. Heaviness: 6
2019-09-19 09:40:47,648 [RatisPipelineUtilsThread] ERROR pipeline.PipelinePlacementPolicy (PipelinePlacementPolicy.java:meetCriteria(91)) - Pipeline Placement: Doesn't meet the criteria to be viable node. Heaviness: 6
2019-09-19 09:40:47,648 [RatisPipelineUtilsThread] ERROR pipeline.PipelinePlacementPolicy (PipelinePlacementPolicy.java:meetCriteria(91)) - Pipeline Placement: Doesn't meet the criteria to be viable node. Heaviness: 6
2019-09-19 09:40:47,648 [RatisPipelineUtilsThread] ERROR pipeline.PipelinePlacementPolicy (PipelinePlacementPolicy.java:meetCriteria(91)) - Pipeline Placement: Doesn't meet the criteria to be viable node. Heaviness: 6
2019-09-19 09:40:47,648 [RatisPipelineUtilsThread] ERROR pipeline.PipelinePlacementPolicy (PipelinePlacementPolicy.java:meetCriteria(91)) - Pipeline Placement: Doesn't meet the criteria to be viable node. Heaviness: 6
2019-09-19 09:40:47,654 [grpc-default-executor-0] INFO  impl.RaftServerProxy (RaftServerProxy.java:addNew(89)) - caeb75b6-27c7-410d-b6eb-8f738956b5a3: addNew group-1B5D3B7FF5FB:[caeb75b6-27c7-410d-b6eb-8f738956b5a3:192.168.34.5:40604] returns group-1B5D3B7FF5FB:java.util.concurrent.CompletableFuture@75425da0[Not completed]
2019-09-19 09:40:47,655 [pool-127-thread-1] INFO  impl.RaftServerImpl (RaftServerImpl.java:<init>(93)) - caeb75b6-27c7-410d-b6eb-8f738956b5a3: new RaftServerImpl for group-1B5D3B7FF5FB:[caeb75b6-27c7-410d-b6eb-8f738956b5a3:192.168.34.5:40604] with ContainerStateMachine:uninitialized
2019-09-19 09:40:47,655 [pool-127-thread-1] INFO  server.RaftServerConfigKeys (ConfUtils.java:logGet(43)) - raft.server.rpc.timeout.min = 5s (custom)
2019-09-19 09:40:47,655 [pool-127-thread-1] INFO  server.RaftServerConfigKeys (ConfUtils.java:logGet(43)) - raft.server.rpc.timeout.max = 5200ms (custom)
2019-09-19 09:40:47,655 [pool-127-thread-1] INFO  server.RaftServerConfigKeys (ConfUtils.java:logGet(43)) - raft.server.rpcslowness.timeout = 120s (custom)
2019-09-19 09:40:47,656 [pool-127-thread-1] INFO  server.RaftServerConfigKeys (ConfUtils.java:logGet(43)) - raft.server.sleep.deviation.threshold = 300 (default)
2019-09-19 09:40:47,656 [pool-127-thread-1] INFO  server.RaftServerConfigKeys (ConfUtils.java:logGet(43)) - raft.server.log.appender.install.snapshot.enabled = false (custom)
2019-09-19 09:40:47,656 [pool-127-thread-1] INFO  impl.RaftServerImpl (ServerState.java:<init>(105)) - caeb75b6-27c7-410d-b6eb-8f738956b5a3:group-1B5D3B7FF5FB ConfigurationManager, init=-1: [caeb75b6-27c7-410d-b6eb-8f738956b5a3:192.168.34.5:40604], old=null, confs=<EMPTY_MAP>
2019-09-19 09:40:47,656 [pool-127-thread-1] INFO  server.RaftServerConfigKeys (ConfUtils.java:logGet(43)) - raft.server.storage.dir = [/workdir/hadoop-ozone/ozonefs/target/test-dir/MiniOzoneClusterImpl-21ed0f53-0413-44c7-8609-f438100532e5/datanode-9/data/ratis] (custom)
2019-09-19 09:40:47,657 [pool-127-thread-1] INFO  storage.RaftStorageDirectory (RaftStorageDirectory.java:analyzeStorage(246)) - The storage directory /workdir/hadoop-ozone/ozonefs/target/test-dir/MiniOzoneClusterImpl-21ed0f53-0413-44c7-8609-f438100532e5/datanode-9/data/ratis/f09c908c-e274-4a49-a498-1b5d3b7ff5fb does not exist. Creating ...
2019-09-19 09:40:47,678 [pool-127-thread-1] INFO  storage.RaftStorageDirectory (RaftStorageDirectory.java:tryLock(328)) - Lock on /workdir/hadoop-ozone/ozonefs/target/test-dir/MiniOzoneClusterImpl-21ed0f53-0413-44c7-8609-f438100532e5/datanode-9/data/ratis/f09c908c-e274-4a49-a498-1b5d3b7ff5fb/in_use.lock acquired by nodename 23096@pr-hdds-1569-j4bt4-3030777008
2019-09-19 09:40:47,690 [pool-127-thread-1] INFO  storage.RaftStorage (RaftStorage.java:format(72)) - Storage directory /workdir/hadoop-ozone/ozonefs/target/test-dir/MiniOzoneClusterImpl-21ed0f53-0413-44c7-8609-f438100532e5/datanode-9/data/ratis/f09c908c-e274-4a49-a498-1b5d3b7ff5fb has been successfully formatted.
2019-09-19 09:40:47,691 [pool-127-thread-1] INFO  ratis.ContainerStateMachine (ContainerStateMachine.java:loadSnapshot(226)) - group-1B5D3B7FF5FB: The snapshot info is null. Setting the last applied indexto:(t:0, i:~)
2019-09-19 09:40:47,691 [pool-127-thread-1] INFO  server.RaftServerConfigKeys (ConfUtils.java:logGet(43)) - raft.server.leader.election.timeout = 120s (custom)
2019-09-19 09:40:47,691 [pool-127-thread-1] INFO  server.RaftServerConfigKeys (ConfUtils.java:logGet(43)) - raft.server.log.use.memory = false (default)
2019-09-19 09:40:47,691 [pool-127-thread-1] INFO  server.RaftServerConfigKeys (ConfUtils.java:logGet(43)) - raft.server.log.purge.gap = 1000000 (custom)
2019-09-19 09:40:47,691 [pool-127-thread-1] INFO  server.RaftServerConfigKeys (ConfUtils.java:logGet(43)) - raft.server.log.appender.buffer.byte-limit = 33554432 (custom)
2019-09-19 09:40:47,692 [pool-127-thread-1] INFO  server.RaftServerConfigKeys (ConfUtils.java:logGet(43)) - raft.server.log.segment.size.max = 1048576 (custom)
2019-09-19 09:40:47,692 [pool-127-thread-1] INFO  server.RaftServerConfigKeys (ConfUtils.java:logGet(43)) - raft.server.log.segment.cache.num.max = 2 (custom)
2019-09-19 09:40:47,692 [pool-127-thread-1] INFO  segmented.SegmentedRaftLogWorker (SegmentedRaftLogWorker.java:<init>(172)) - new caeb75b6-27c7-410d-b6eb-8f738956b5a3-SegmentedRaftLogWorker:Storage Directory /workdir/hadoop-ozone/ozonefs/target/test-dir/MiniOzoneClusterImpl-21ed0f53-0413-44c7-8609-f438100532e5/datanode-9/data/ratis/f09c908c-e274-4a49-a498-1b5d3b7ff5fb for RaftStorage:Storage Directory /workdir/hadoop-ozone/ozonefs/target/test-dir/MiniOzoneClusterImpl-21ed0f53-0413-44c7-8609-f438100532e5/datanode-9/data/ratis/f09c908c-e274-4a49-a498-1b5d3b7ff5fb
2019-09-19 09:40:47,692 [pool-127-thread-1] INFO  server.RaftServerConfigKeys (ConfUtils.java:logGet(43)) - raft.server.log.queue.byte-limit = 2147483647 (custom)
2019-09-19 09:40:47,692 [pool-127-thread-1] INFO  server.RaftServerConfigKeys (ConfUtils.java:logGet(43)) - raft.server.log.queue.element-limit = 1024 (custom)
2019-09-19 09:40:47,692 [pool-127-thread-1] INFO  server.RaftServerConfigKeys (ConfUtils.java:logGet(43)) - raft.server.log.segment.size.max = 1048576 (custom)
2019-09-19 09:40:47,692 [pool-127-thread-1] INFO  server.RaftServerConfigKeys (ConfUtils.java:logGet(43)) - raft.server.log.preallocated.size = 16384 (custom)
2019-09-19 09:40:47,693 [pool-127-thread-1] INFO  server.RaftServerConfigKeys (ConfUtils.java:logGet(43)) - raft.server.log.write.buffer.size = 33554432 (custom)
2019-09-19 09:40:47,693 [pool-127-thread-1] INFO  server.RaftServerConfigKeys (ConfUtils.java:logGet(43)) - raft.server.log.force.sync.num = 128 (default)
2019-09-19 09:40:47,693 [pool-127-thread-1] INFO  server.RaftServerConfigKeys (ConfUtils.java:logGet(43)) - raft.server.log.statemachine.data.sync = true (default)
2019-09-19 09:40:47,693 [pool-127-thread-1] INFO  server.RaftServerConfigKeys (ConfUtils.java:logGet(43)) - raft.server.log.statemachine.data.sync.timeout = 10s (default)
2019-09-19 09:40:47,693 [pool-127-thread-1] INFO  server.RaftServerConfigKeys (ConfUtils.java:logGet(43)) - raft.server.log.statemachine.data.sync.timeout.retry = -1 (default)
2019-09-19 09:40:47,693 [pool-127-thread-1] INFO  server.RaftServerConfigKeys (ConfUtils.java:logGet(43)) - raft.server.log.statemachine.data.caching.enabled = true (custom)
2019-09-19 09:40:47,694 [pool-127-thread-1] INFO  segmented.SegmentedRaftLogWorker (SegmentedRaftLogWorker.java:lambda$new$0(132)) - caeb75b6-27c7-410d-b6eb-8f738956b5a3-SegmentedRaftLogWorker:Storage Directory /workdir/hadoop-ozone/ozonefs/target/test-dir/MiniOzoneClusterImpl-21ed0f53-0413-44c7-8609-f438100532e5/datanode-9/data/ratis/f09c908c-e274-4a49-a498-1b5d3b7ff5fb: flushIndex: setUnconditionally 0 -> -1
2019-09-19 09:40:47,694 [pool-127-thread-1] INFO  server.RaftServerConfigKeys (ConfUtils.java:logGet(43)) - raft.server.snapshot.auto.trigger.enabled = true (custom)
2019-09-19 09:40:47,694 [pool-127-thread-1] INFO  server.RaftServerConfigKeys (ConfUtils.java:logGet(43)) - raft.server.snapshot.auto.trigger.threshold = 10000 (custom)
2019-09-19 09:40:47,694 [pool-127-thread-1] INFO  server.RaftServerConfigKeys (ConfUtils.java:logGet(43)) - raft.server.retrycache.expirytime = 600000ms (custom)
2019-09-19 09:40:47,695 [pool-127-thread-1] INFO  impl.RaftServerImpl (RaftServerImpl.java:start(180)) - caeb75b6-27c7-410d-b6eb-8f738956b5a3: start group-1B5D3B7FF5FB
2019-09-19 09:40:47,695 [pool-127-thread-1] INFO  impl.RaftServerImpl (RaftServerImpl.java:setRole(171)) - caeb75b6-27c7-410d-b6eb-8f738956b5a3:group-1B5D3B7FF5FB changes role from null to FOLLOWER at term 0 for startAsFollower
2019-09-19 09:40:47,695 [pool-127-thread-1] INFO  impl.RoleInfo (RoleInfo.java:updateAndGet(143)) - caeb75b6-27c7-410d-b6eb-8f738956b5a3: start FollowerState
2019-09-19 09:40:47,695 [pool-127-thread-1] INFO  util.JmxRegister (JmxRegister.java:tryRegister(44)) - Successfully registered JMX Bean with object name Ratis:service=RaftServer,group=group-1B5D3B7FF5FB,id=caeb75b6-27c7-410d-b6eb-8f738956b5a3
2019-09-19 09:40:47,698 [RatisPipelineUtilsThread] INFO  pipeline.PipelineStateManager (PipelineStateManager.java:addPipeline(56)) - Created pipeline Pipeline[ Id: f09c908c-e274-4a49-a498-1b5d3b7ff5fb, Nodes: caeb75b6-27c7-410d-b6eb-8f738956b5a3{ip: 192.168.34.5, host: pr-hdds-1569-j4bt4-3030777008, networkLocation: /default-rack, certSerialId: null}, Type:RATIS, Factor:ONE, State:OPEN]
2019-09-19 09:40:47,699 [RatisPipelineUtilsThread] ERROR pipeline.PipelinePlacementPolicy (PipelinePlacementPolicy.java:meetCriteria(91)) - Pipeline Placement: Doesn't meet the criteria to be viable node. Heaviness: 6
2019-09-19 09:40:47,699 [RatisPipelineUtilsThread] ERROR pipeline.PipelinePlacementPolicy (PipelinePlacementPolicy.java:meetCriteria(91)) - Pipeline Placement: Doesn't meet the criteria to be viable node. Heaviness: 6
2019-09-19 09:40:47,699 [RatisPipelineUtilsThread] ERROR pipeline.PipelinePlacementPolicy (PipelinePlacementPolicy.java:meetCriteria(91)) - Pipeline Placement: Doesn't meet the criteria to be viable node. Heaviness: 6
2019-09-19 09:40:47,699 [RatisPipelineUtilsThread] ERROR pipeline.PipelinePlacementPolicy (PipelinePlacementPolicy.java:meetCriteria(91)) - Pipeline Placement: Doesn't meet the criteria to be viable node. Heaviness: 6
2019-09-19 09:40:47,699 [RatisPipelineUtilsThread] ERROR pipeline.PipelinePlacementPolicy (PipelinePlacementPolicy.java:meetCriteria(91)) - Pipeline Placement: Doesn't meet the criteria to be viable node. Heaviness: 6
2019-09-19 09:40:47,699 [RatisPipelineUtilsThread] ERROR pipeline.PipelinePlacementPolicy (PipelinePlacementPolicy.java:meetCriteria(91)) - Pipeline Placement: Doesn't meet the criteria to be viable node. Heaviness: 6
2019-09-19 09:40:47,700 [RatisPipelineUtilsThread] ERROR pipeline.PipelinePlacementPolicy (PipelinePlacementPolicy.java:meetCriteria(91)) - Pipeline Placement: Doesn't meet the criteria to be viable node. Heaviness: 6
2019-09-19 09:40:47,700 [RatisPipelineUtilsThread] ERROR pipeline.PipelinePlacementPolicy (PipelinePlacementPolicy.java:meetCriteria(91)) - Pipeline Placement: Doesn't meet the criteria to be viable node. Heaviness: 6
2019-09-19 09:40:47,700 [RatisPipelineUtilsThread] ERROR pipeline.PipelinePlacementPolicy (PipelinePlacementPolicy.java:meetCriteria(91)) - Pipeline Placement: Doesn't meet the criteria to be viable node. Heaviness: 6
2019-09-19 09:40:47,706 [grpc-default-executor-0] INFO  impl.RaftServerProxy (RaftServerProxy.java:addNew(89)) - caeb75b6-27c7-410d-b6eb-8f738956b5a3: addNew group-C78AE491854D:[caeb75b6-27c7-410d-b6eb-8f738956b5a3:192.168.34.5:40604] returns group-C78AE491854D:java.util.concurrent.CompletableFuture@1cf025e[Not completed]
2019-09-19 09:40:47,707 [pool-127-thread-1] INFO  impl.RaftServerImpl (RaftServerImpl.java:<init>(93)) - caeb75b6-27c7-410d-b6eb-8f738956b5a3: new RaftServerImpl for group-C78AE491854D:[caeb75b6-27c7-410d-b6eb-8f738956b5a3:192.168.34.5:40604] with ContainerStateMachine:uninitialized
2019-09-19 09:40:47,707 [pool-127-thread-1] INFO  server.RaftServerConfigKeys (ConfUtils.java:logGet(43)) - raft.server.rpc.timeout.min = 5s (custom)
2019-09-19 09:40:47,707 [pool-127-thread-1] INFO  server.RaftServerConfigKeys (ConfUtils.java:logGet(43)) - raft.server.rpc.timeout.max = 5200ms (custom)
2019-09-19 09:40:47,707 [pool-127-thread-1] INFO  server.RaftServerConfigKeys (ConfUtils.java:logGet(43)) - raft.server.rpcslowness.timeout = 120s (custom)
2019-09-19 09:40:47,708 [pool-127-thread-1] INFO  server.RaftServerConfigKeys (ConfUtils.java:logGet(43)) - raft.server.sleep.deviation.threshold = 300 (default)
2019-09-19 09:40:47,708 [pool-127-thread-1] INFO  server.RaftServerConfigKeys (ConfUtils.java:logGet(43)) - raft.server.log.appender.install.snapshot.enabled = false (custom)
2019-09-19 09:40:47,708 [pool-127-thread-1] INFO  impl.RaftServerImpl (ServerState.java:<init>(105)) - caeb75b6-27c7-410d-b6eb-8f738956b5a3:group-C78AE491854D ConfigurationManager, init=-1: [caeb75b6-27c7-410d-b6eb-8f738956b5a3:192.168.34.5:40604], old=null, confs=<EMPTY_MAP>
2019-09-19 09:40:47,708 [pool-127-thread-1] INFO  server.RaftServerConfigKeys (ConfUtils.java:logGet(43)) - raft.server.storage.dir = [/workdir/hadoop-ozone/ozonefs/target/test-dir/MiniOzoneClusterImpl-21ed0f53-0413-44c7-8609-f438100532e5/datanode-9/data/ratis] (custom)
2019-09-19 09:40:47,708 [pool-127-thread-1] INFO  storage.RaftStorageDirectory (RaftStorageDirectory.java:analyzeStorage(246)) - The storage directory /workdir/hadoop-ozone/ozonefs/target/test-dir/MiniOzoneClusterImpl-21ed0f53-0413-44c7-8609-f438100532e5/datanode-9/data/ratis/ee6fa8f9-580f-45da-9c5e-c78ae491854d does not exist. Creating ...
2019-09-19 09:40:47,729 [pool-127-thread-1] INFO  storage.RaftStorageDirectory (RaftStorageDirectory.java:tryLock(328)) - Lock on /workdir/hadoop-ozone/ozonefs/target/test-dir/MiniOzoneClusterImpl-21ed0f53-0413-44c7-8609-f438100532e5/datanode-9/data/ratis/ee6fa8f9-580f-45da-9c5e-c78ae491854d/in_use.lock acquired by nodename 23096@pr-hdds-1569-j4bt4-3030777008
2019-09-19 09:40:47,733 | INFO  | SCMAudit | user=jenkins1000 | ip=192.168.34.5 | op=SEND_HEARTBEAT {datanodeUUID=90577c55-fd31-444d-84bd-73a3c37bc268, command=[]} | ret=SUCCESS |  
2019-09-19 09:40:47,742 [pool-127-thread-1] INFO  storage.RaftStorage (RaftStorage.java:format(72)) - Storage directory /workdir/hadoop-ozone/ozonefs/target/test-dir/MiniOzoneClusterImpl-21ed0f53-0413-44c7-8609-f438100532e5/datanode-9/data/ratis/ee6fa8f9-580f-45da-9c5e-c78ae491854d has been successfully formatted.
2019-09-19 09:40:47,742 [pool-127-thread-1] INFO  ratis.ContainerStateMachine (ContainerStateMachine.java:loadSnapshot(226)) - group-C78AE491854D: The snapshot info is null. Setting the last applied indexto:(t:0, i:~)
2019-09-19 09:40:47,742 [pool-127-thread-1] INFO  server.RaftServerConfigKeys (ConfUtils.java:logGet(43)) - raft.server.leader.election.timeout = 120s (custom)
2019-09-19 09:40:47,742 [pool-127-thread-1] INFO  server.RaftServerConfigKeys (ConfUtils.java:logGet(43)) - raft.server.log.use.memory = false (default)
2019-09-19 09:40:47,742 [pool-127-thread-1] INFO  server.RaftServerConfigKeys (ConfUtils.java:logGet(43)) - raft.server.log.purge.gap = 1000000 (custom)
2019-09-19 09:40:47,743 [pool-127-thread-1] INFO  server.RaftServerConfigKeys (ConfUtils.java:logGet(43)) - raft.server.log.appender.buffer.byte-limit = 33554432 (custom)
2019-09-19 09:40:47,743 [pool-127-thread-1] INFO  server.RaftServerConfigKeys (ConfUtils.java:logGet(43)) - raft.server.log.segment.size.max = 1048576 (custom)
2019-09-19 09:40:47,743 [pool-127-thread-1] INFO  server.RaftServerConfigKeys (ConfUtils.java:logGet(43)) - raft.server.log.segment.cache.num.max = 2 (custom)
2019-09-19 09:40:47,743 [pool-127-thread-1] INFO  segmented.SegmentedRaftLogWorker (SegmentedRaftLogWorker.java:<init>(172)) - new caeb75b6-27c7-410d-b6eb-8f738956b5a3-SegmentedRaftLogWorker:Storage Directory /workdir/hadoop-ozone/ozonefs/target/test-dir/MiniOzoneClusterImpl-21ed0f53-0413-44c7-8609-f438100532e5/datanode-9/data/ratis/ee6fa8f9-580f-45da-9c5e-c78ae491854d for RaftStorage:Storage Directory /workdir/hadoop-ozone/ozonefs/target/test-dir/MiniOzoneClusterImpl-21ed0f53-0413-44c7-8609-f438100532e5/datanode-9/data/ratis/ee6fa8f9-580f-45da-9c5e-c78ae491854d
2019-09-19 09:40:47,743 [pool-127-thread-1] INFO  server.RaftServerConfigKeys (ConfUtils.java:logGet(43)) - raft.server.log.queue.byte-limit = 2147483647 (custom)
2019-09-19 09:40:47,744 [pool-127-thread-1] INFO  server.RaftServerConfigKeys (ConfUtils.java:logGet(43)) - raft.server.log.queue.element-limit = 1024 (custom)
2019-09-19 09:40:47,744 [pool-127-thread-1] INFO  server.RaftServerConfigKeys (ConfUtils.java:logGet(43)) - raft.server.log.segment.size.max = 1048576 (custom)
2019-09-19 09:40:47,744 [pool-127-thread-1] INFO  server.RaftServerConfigKeys (ConfUtils.java:logGet(43)) - raft.server.log.preallocated.size = 16384 (custom)
2019-09-19 09:40:47,744 [pool-127-thread-1] INFO  server.RaftServerConfigKeys (ConfUtils.java:logGet(43)) - raft.server.log.write.buffer.size = 33554432 (custom)
2019-09-19 09:40:47,744 [pool-127-thread-1] INFO  server.RaftServerConfigKeys (ConfUtils.java:logGet(43)) - raft.server.log.force.sync.num = 128 (default)
2019-09-19 09:40:47,744 [pool-127-thread-1] INFO  server.RaftServerConfigKeys (ConfUtils.java:logGet(43)) - raft.server.log.statemachine.data.sync = true (default)
2019-09-19 09:40:47,745 [pool-127-thread-1] INFO  server.RaftServerConfigKeys (ConfUtils.java:logGet(43)) - raft.server.log.statemachine.data.sync.timeout = 10s (default)
2019-09-19 09:40:47,745 [pool-127-thread-1] INFO  server.RaftServerConfigKeys (ConfUtils.java:logGet(43)) - raft.server.log.statemachine.data.sync.timeout.retry = -1 (default)
2019-09-19 09:40:47,745 [pool-127-thread-1] INFO  server.RaftServerConfigKeys (ConfUtils.java:logGet(43)) - raft.server.log.statemachine.data.caching.enabled = true (custom)
2019-09-19 09:40:47,745 [pool-127-thread-1] INFO  segmented.SegmentedRaftLogWorker (SegmentedRaftLogWorker.java:lambda$new$0(132)) - caeb75b6-27c7-410d-b6eb-8f738956b5a3-SegmentedRaftLogWorker:Storage Directory /workdir/hadoop-ozone/ozonefs/target/test-dir/MiniOzoneClusterImpl-21ed0f53-0413-44c7-8609-f438100532e5/datanode-9/data/ratis/ee6fa8f9-580f-45da-9c5e-c78ae491854d: flushIndex: setUnconditionally 0 -> -1
2019-09-19 09:40:47,746 [pool-127-thread-1] INFO  server.RaftServerConfigKeys (ConfUtils.java:logGet(43)) - raft.server.snapshot.auto.trigger.enabled = true (custom)
2019-09-19 09:40:47,746 [pool-127-thread-1] INFO  server.RaftServerConfigKeys (ConfUtils.java:logGet(43)) - raft.server.snapshot.auto.trigger.threshold = 10000 (custom)
2019-09-19 09:40:47,746 [pool-127-thread-1] INFO  server.RaftServerConfigKeys (ConfUtils.java:logGet(43)) - raft.server.retrycache.expirytime = 600000ms (custom)
2019-09-19 09:40:47,746 [pool-127-thread-1] INFO  impl.RaftServerImpl (RaftServerImpl.java:start(180)) - caeb75b6-27c7-410d-b6eb-8f738956b5a3: start group-C78AE491854D
2019-09-19 09:40:47,746 [pool-127-thread-1] INFO  impl.RaftServerImpl (RaftServerImpl.java:setRole(171)) - caeb75b6-27c7-410d-b6eb-8f738956b5a3:group-C78AE491854D changes role from null to FOLLOWER at term 0 for startAsFollower
2019-09-19 09:40:47,747 [pool-127-thread-1] INFO  impl.RoleInfo (RoleInfo.java:updateAndGet(143)) - caeb75b6-27c7-410d-b6eb-8f738956b5a3: start FollowerState
2019-09-19 09:40:47,747 [pool-127-thread-1] INFO  util.JmxRegister (JmxRegister.java:tryRegister(44)) - Successfully registered JMX Bean with object name Ratis:service=RaftServer,group=group-C78AE491854D,id=caeb75b6-27c7-410d-b6eb-8f738956b5a3
2019-09-19 09:40:47,750 [RatisPipelineUtilsThread] INFO  pipeline.PipelineStateManager (PipelineStateManager.java:addPipeline(56)) - Created pipeline Pipeline[ Id: ee6fa8f9-580f-45da-9c5e-c78ae491854d, Nodes: caeb75b6-27c7-410d-b6eb-8f738956b5a3{ip: 192.168.34.5, host: pr-hdds-1569-j4bt4-3030777008, networkLocation: /default-rack, certSerialId: null}, Type:RATIS, Factor:ONE, State:OPEN]
2019-09-19 09:40:47,750 [RatisPipelineUtilsThread] ERROR pipeline.PipelinePlacementPolicy (PipelinePlacementPolicy.java:meetCriteria(91)) - Pipeline Placement: Doesn't meet the criteria to be viable node. Heaviness: 6
2019-09-19 09:40:47,750 [RatisPipelineUtilsThread] ERROR pipeline.PipelinePlacementPolicy (PipelinePlacementPolicy.java:meetCriteria(91)) - Pipeline Placement: Doesn't meet the criteria to be viable node. Heaviness: 6
2019-09-19 09:40:47,750 [RatisPipelineUtilsThread] ERROR pipeline.PipelinePlacementPolicy (PipelinePlacementPolicy.java:meetCriteria(91)) - Pipeline Placement: Doesn't meet the criteria to be viable node. Heaviness: 6
2019-09-19 09:40:47,751 [RatisPipelineUtilsThread] ERROR pipeline.PipelinePlacementPolicy (PipelinePlacementPolicy.java:meetCriteria(91)) - Pipeline Placement: Doesn't meet the criteria to be viable node. Heaviness: 6
2019-09-19 09:40:47,751 [RatisPipelineUtilsThread] ERROR pipeline.PipelinePlacementPolicy (PipelinePlacementPolicy.java:meetCriteria(91)) - Pipeline Placement: Doesn't meet the criteria to be viable node. Heaviness: 6
2019-09-19 09:40:47,751 [RatisPipelineUtilsThread] ERROR pipeline.PipelinePlacementPolicy (PipelinePlacementPolicy.java:meetCriteria(91)) - Pipeline Placement: Doesn't meet the criteria to be viable node. Heaviness: 6
2019-09-19 09:40:47,751 [RatisPipelineUtilsThread] ERROR pipeline.PipelinePlacementPolicy (PipelinePlacementPolicy.java:meetCriteria(91)) - Pipeline Placement: Doesn't meet the criteria to be viable node. Heaviness: 6
2019-09-19 09:40:47,751 [RatisPipelineUtilsThread] ERROR pipeline.PipelinePlacementPolicy (PipelinePlacementPolicy.java:meetCriteria(91)) - Pipeline Placement: Doesn't meet the criteria to be viable node. Heaviness: 6
2019-09-19 09:40:47,751 [RatisPipelineUtilsThread] ERROR pipeline.PipelinePlacementPolicy (PipelinePlacementPolicy.java:meetCriteria(91)) - Pipeline Placement: Doesn't meet the criteria to be viable node. Heaviness: 6
2019-09-19 09:40:47,757 [grpc-default-executor-0] INFO  impl.RaftServerProxy (RaftServerProxy.java:addNew(89)) - caeb75b6-27c7-410d-b6eb-8f738956b5a3: addNew group-E6C16562FA14:[caeb75b6-27c7-410d-b6eb-8f738956b5a3:192.168.34.5:40604] returns group-E6C16562FA14:java.util.concurrent.CompletableFuture@64f0520d[Not completed]
2019-09-19 09:40:47,758 [pool-127-thread-1] INFO  impl.RaftServerImpl (RaftServerImpl.java:<init>(93)) - caeb75b6-27c7-410d-b6eb-8f738956b5a3: new RaftServerImpl for group-E6C16562FA14:[caeb75b6-27c7-410d-b6eb-8f738956b5a3:192.168.34.5:40604] with ContainerStateMachine:uninitialized
2019-09-19 09:40:47,758 [pool-127-thread-1] INFO  server.RaftServerConfigKeys (ConfUtils.java:logGet(43)) - raft.server.rpc.timeout.min = 5s (custom)
2019-09-19 09:40:47,758 [pool-127-thread-1] INFO  server.RaftServerConfigKeys (ConfUtils.java:logGet(43)) - raft.server.rpc.timeout.max = 5200ms (custom)
2019-09-19 09:40:47,758 [pool-127-thread-1] INFO  server.RaftServerConfigKeys (ConfUtils.java:logGet(43)) - raft.server.rpcslowness.timeout = 120s (custom)
2019-09-19 09:40:47,759 [pool-127-thread-1] INFO  server.RaftServerConfigKeys (ConfUtils.java:logGet(43)) - raft.server.sleep.deviation.threshold = 300 (default)
2019-09-19 09:40:47,759 [pool-127-thread-1] INFO  server.RaftServerConfigKeys (ConfUtils.java:logGet(43)) - raft.server.log.appender.install.snapshot.enabled = false (custom)
2019-09-19 09:40:47,759 [pool-127-thread-1] INFO  impl.RaftServerImpl (ServerState.java:<init>(105)) - caeb75b6-27c7-410d-b6eb-8f738956b5a3:group-E6C16562FA14 ConfigurationManager, init=-1: [caeb75b6-27c7-410d-b6eb-8f738956b5a3:192.168.34.5:40604], old=null, confs=<EMPTY_MAP>
2019-09-19 09:40:47,759 [pool-127-thread-1] INFO  server.RaftServerConfigKeys (ConfUtils.java:logGet(43)) - raft.server.storage.dir = [/workdir/hadoop-ozone/ozonefs/target/test-dir/MiniOzoneClusterImpl-21ed0f53-0413-44c7-8609-f438100532e5/datanode-9/data/ratis] (custom)
2019-09-19 09:40:47,759 [pool-127-thread-1] INFO  storage.RaftStorageDirectory (RaftStorageDirectory.java:analyzeStorage(246)) - The storage directory /workdir/hadoop-ozone/ozonefs/target/test-dir/MiniOzoneClusterImpl-21ed0f53-0413-44c7-8609-f438100532e5/datanode-9/data/ratis/a5560317-bf3a-4360-89c7-e6c16562fa14 does not exist. Creating ...
2019-09-19 09:40:47,778 [pool-127-thread-1] INFO  storage.RaftStorageDirectory (RaftStorageDirectory.java:tryLock(328)) - Lock on /workdir/hadoop-ozone/ozonefs/target/test-dir/MiniOzoneClusterImpl-21ed0f53-0413-44c7-8609-f438100532e5/datanode-9/data/ratis/a5560317-bf3a-4360-89c7-e6c16562fa14/in_use.lock acquired by nodename 23096@pr-hdds-1569-j4bt4-3030777008
2019-09-19 09:40:47,791 [pool-127-thread-1] INFO  storage.RaftStorage (RaftStorage.java:format(72)) - Storage directory /workdir/hadoop-ozone/ozonefs/target/test-dir/MiniOzoneClusterImpl-21ed0f53-0413-44c7-8609-f438100532e5/datanode-9/data/ratis/a5560317-bf3a-4360-89c7-e6c16562fa14 has been successfully formatted.
2019-09-19 09:40:47,791 [pool-127-thread-1] INFO  ratis.ContainerStateMachine (ContainerStateMachine.java:loadSnapshot(226)) - group-E6C16562FA14: The snapshot info is null. Setting the last applied indexto:(t:0, i:~)
2019-09-19 09:40:47,792 [pool-127-thread-1] INFO  server.RaftServerConfigKeys (ConfUtils.java:logGet(43)) - raft.server.leader.election.timeout = 120s (custom)
2019-09-19 09:40:47,792 [pool-127-thread-1] INFO  server.RaftServerConfigKeys (ConfUtils.java:logGet(43)) - raft.server.log.use.memory = false (default)
2019-09-19 09:40:47,792 [pool-127-thread-1] INFO  server.RaftServerConfigKeys (ConfUtils.java:logGet(43)) - raft.server.log.purge.gap = 1000000 (custom)
2019-09-19 09:40:47,792 [pool-127-thread-1] INFO  server.RaftServerConfigKeys (ConfUtils.java:logGet(43)) - raft.server.log.appender.buffer.byte-limit = 33554432 (custom)
2019-09-19 09:40:47,792 [pool-127-thread-1] INFO  server.RaftServerConfigKeys (ConfUtils.java:logGet(43)) - raft.server.log.segment.size.max = 1048576 (custom)
2019-09-19 09:40:47,792 [pool-127-thread-1] INFO  server.RaftServerConfigKeys (ConfUtils.java:logGet(43)) - raft.server.log.segment.cache.num.max = 2 (custom)
2019-09-19 09:40:47,793 [pool-127-thread-1] INFO  segmented.SegmentedRaftLogWorker (SegmentedRaftLogWorker.java:<init>(172)) - new caeb75b6-27c7-410d-b6eb-8f738956b5a3-SegmentedRaftLogWorker:Storage Directory /workdir/hadoop-ozone/ozonefs/target/test-dir/MiniOzoneClusterImpl-21ed0f53-0413-44c7-8609-f438100532e5/datanode-9/data/ratis/a5560317-bf3a-4360-89c7-e6c16562fa14 for RaftStorage:Storage Directory /workdir/hadoop-ozone/ozonefs/target/test-dir/MiniOzoneClusterImpl-21ed0f53-0413-44c7-8609-f438100532e5/datanode-9/data/ratis/a5560317-bf3a-4360-89c7-e6c16562fa14
2019-09-19 09:40:47,793 [pool-127-thread-1] INFO  server.RaftServerConfigKeys (ConfUtils.java:logGet(43)) - raft.server.log.queue.byte-limit = 2147483647 (custom)
2019-09-19 09:40:47,793 [pool-127-thread-1] INFO  server.RaftServerConfigKeys (ConfUtils.java:logGet(43)) - raft.server.log.queue.element-limit = 1024 (custom)
2019-09-19 09:40:47,793 [pool-127-thread-1] INFO  server.RaftServerConfigKeys (ConfUtils.java:logGet(43)) - raft.server.log.segment.size.max = 1048576 (custom)
2019-09-19 09:40:47,793 [pool-127-thread-1] INFO  server.RaftServerConfigKeys (ConfUtils.java:logGet(43)) - raft.server.log.preallocated.size = 16384 (custom)
2019-09-19 09:40:47,793 [pool-127-thread-1] INFO  server.RaftServerConfigKeys (ConfUtils.java:logGet(43)) - raft.server.log.write.buffer.size = 33554432 (custom)
2019-09-19 09:40:47,793 [pool-127-thread-1] INFO  server.RaftServerConfigKeys (ConfUtils.java:logGet(43)) - raft.server.log.force.sync.num = 128 (default)
2019-09-19 09:40:47,794 [pool-127-thread-1] INFO  server.RaftServerConfigKeys (ConfUtils.java:logGet(43)) - raft.server.log.statemachine.data.sync = true (default)
2019-09-19 09:40:47,794 [pool-127-thread-1] INFO  server.RaftServerConfigKeys (ConfUtils.java:logGet(43)) - raft.server.log.statemachine.data.sync.timeout = 10s (default)
2019-09-19 09:40:47,794 [pool-127-thread-1] INFO  server.RaftServerConfigKeys (ConfUtils.java:logGet(43)) - raft.server.log.statemachine.data.sync.timeout.retry = -1 (default)
2019-09-19 09:40:47,794 [pool-127-thread-1] INFO  server.RaftServerConfigKeys (ConfUtils.java:logGet(43)) - raft.server.log.statemachine.data.caching.enabled = true (custom)
2019-09-19 09:40:47,794 [pool-127-thread-1] INFO  segmented.SegmentedRaftLogWorker (SegmentedRaftLogWorker.java:lambda$new$0(132)) - caeb75b6-27c7-410d-b6eb-8f738956b5a3-SegmentedRaftLogWorker:Storage Directory /workdir/hadoop-ozone/ozonefs/target/test-dir/MiniOzoneClusterImpl-21ed0f53-0413-44c7-8609-f438100532e5/datanode-9/data/ratis/a5560317-bf3a-4360-89c7-e6c16562fa14: flushIndex: setUnconditionally 0 -> -1
2019-09-19 09:40:47,795 [pool-127-thread-1] INFO  server.RaftServerConfigKeys (ConfUtils.java:logGet(43)) - raft.server.snapshot.auto.trigger.enabled = true (custom)
2019-09-19 09:40:47,795 [pool-127-thread-1] INFO  server.RaftServerConfigKeys (ConfUtils.java:logGet(43)) - raft.server.snapshot.auto.trigger.threshold = 10000 (custom)
2019-09-19 09:40:47,795 [pool-127-thread-1] INFO  server.RaftServerConfigKeys (ConfUtils.java:logGet(43)) - raft.server.retrycache.expirytime = 600000ms (custom)
2019-09-19 09:40:47,795 [pool-127-thread-1] INFO  impl.RaftServerImpl (RaftServerImpl.java:start(180)) - caeb75b6-27c7-410d-b6eb-8f738956b5a3: start group-E6C16562FA14
2019-09-19 09:40:47,796 [pool-127-thread-1] INFO  impl.RaftServerImpl (RaftServerImpl.java:setRole(171)) - caeb75b6-27c7-410d-b6eb-8f738956b5a3:group-E6C16562FA14 changes role from null to FOLLOWER at term 0 for startAsFollower
2019-09-19 09:40:47,796 [pool-127-thread-1] INFO  impl.RoleInfo (RoleInfo.java:updateAndGet(143)) - caeb75b6-27c7-410d-b6eb-8f738956b5a3: start FollowerState
2019-09-19 09:40:47,796 [pool-127-thread-1] INFO  util.JmxRegister (JmxRegister.java:tryRegister(44)) - Successfully registered JMX Bean with object name Ratis:service=RaftServer,group=group-E6C16562FA14,id=caeb75b6-27c7-410d-b6eb-8f738956b5a3
2019-09-19 09:40:47,799 [RatisPipelineUtilsThread] INFO  pipeline.PipelineStateManager (PipelineStateManager.java:addPipeline(56)) - Created pipeline Pipeline[ Id: a5560317-bf3a-4360-89c7-e6c16562fa14, Nodes: caeb75b6-27c7-410d-b6eb-8f738956b5a3{ip: 192.168.34.5, host: pr-hdds-1569-j4bt4-3030777008, networkLocation: /default-rack, certSerialId: null}, Type:RATIS, Factor:ONE, State:OPEN]
2019-09-19 09:40:47,799 [RatisPipelineUtilsThread] ERROR pipeline.PipelinePlacementPolicy (PipelinePlacementPolicy.java:meetCriteria(91)) - Pipeline Placement: Doesn't meet the criteria to be viable node. Heaviness: 6
2019-09-19 09:40:47,799 [RatisPipelineUtilsThread] ERROR pipeline.PipelinePlacementPolicy (PipelinePlacementPolicy.java:meetCriteria(91)) - Pipeline Placement: Doesn't meet the criteria to be viable node. Heaviness: 6
2019-09-19 09:40:47,800 [RatisPipelineUtilsThread] ERROR pipeline.PipelinePlacementPolicy (PipelinePlacementPolicy.java:meetCriteria(91)) - Pipeline Placement: Doesn't meet the criteria to be viable node. Heaviness: 6
2019-09-19 09:40:47,800 [RatisPipelineUtilsThread] ERROR pipeline.PipelinePlacementPolicy (PipelinePlacementPolicy.java:meetCriteria(91)) - Pipeline Placement: Doesn't meet the criteria to be viable node. Heaviness: 6
2019-09-19 09:40:47,800 [RatisPipelineUtilsThread] ERROR pipeline.PipelinePlacementPolicy (PipelinePlacementPolicy.java:meetCriteria(91)) - Pipeline Placement: Doesn't meet the criteria to be viable node. Heaviness: 6
2019-09-19 09:40:47,800 [RatisPipelineUtilsThread] ERROR pipeline.PipelinePlacementPolicy (PipelinePlacementPolicy.java:meetCriteria(91)) - Pipeline Placement: Doesn't meet the criteria to be viable node. Heaviness: 6
2019-09-19 09:40:47,800 [RatisPipelineUtilsThread] ERROR pipeline.PipelinePlacementPolicy (PipelinePlacementPolicy.java:meetCriteria(91)) - Pipeline Placement: Doesn't meet the criteria to be viable node. Heaviness: 6
2019-09-19 09:40:47,800 [RatisPipelineUtilsThread] ERROR pipeline.PipelinePlacementPolicy (PipelinePlacementPolicy.java:meetCriteria(91)) - Pipeline Placement: Doesn't meet the criteria to be viable node. Heaviness: 6
2019-09-19 09:40:47,800 [RatisPipelineUtilsThread] ERROR pipeline.PipelinePlacementPolicy (PipelinePlacementPolicy.java:meetCriteria(91)) - Pipeline Placement: Doesn't meet the criteria to be viable node. Heaviness: 6
2019-09-19 09:40:47,805 [grpc-default-executor-0] INFO  impl.RaftServerProxy (RaftServerProxy.java:addNew(89)) - caeb75b6-27c7-410d-b6eb-8f738956b5a3: addNew group-4E632D8CD741:[caeb75b6-27c7-410d-b6eb-8f738956b5a3:192.168.34.5:40604] returns group-4E632D8CD741:java.util.concurrent.CompletableFuture@31eb9f63[Not completed]
2019-09-19 09:40:47,806 [pool-127-thread-1] INFO  impl.RaftServerImpl (RaftServerImpl.java:<init>(93)) - caeb75b6-27c7-410d-b6eb-8f738956b5a3: new RaftServerImpl for group-4E632D8CD741:[caeb75b6-27c7-410d-b6eb-8f738956b5a3:192.168.34.5:40604] with ContainerStateMachine:uninitialized
2019-09-19 09:40:47,807 [pool-127-thread-1] INFO  server.RaftServerConfigKeys (ConfUtils.java:logGet(43)) - raft.server.rpc.timeout.min = 5s (custom)
2019-09-19 09:40:47,807 [pool-127-thread-1] INFO  server.RaftServerConfigKeys (ConfUtils.java:logGet(43)) - raft.server.rpc.timeout.max = 5200ms (custom)
2019-09-19 09:40:47,807 [pool-127-thread-1] INFO  server.RaftServerConfigKeys (ConfUtils.java:logGet(43)) - raft.server.rpcslowness.timeout = 120s (custom)
2019-09-19 09:40:47,807 [pool-127-thread-1] INFO  server.RaftServerConfigKeys (ConfUtils.java:logGet(43)) - raft.server.sleep.deviation.threshold = 300 (default)
2019-09-19 09:40:47,807 [pool-127-thread-1] INFO  server.RaftServerConfigKeys (ConfUtils.java:logGet(43)) - raft.server.log.appender.install.snapshot.enabled = false (custom)
2019-09-19 09:40:47,807 [pool-127-thread-1] INFO  impl.RaftServerImpl (ServerState.java:<init>(105)) - caeb75b6-27c7-410d-b6eb-8f738956b5a3:group-4E632D8CD741 ConfigurationManager, init=-1: [caeb75b6-27c7-410d-b6eb-8f738956b5a3:192.168.34.5:40604], old=null, confs=<EMPTY_MAP>
2019-09-19 09:40:47,807 [pool-127-thread-1] INFO  server.RaftServerConfigKeys (ConfUtils.java:logGet(43)) - raft.server.storage.dir = [/workdir/hadoop-ozone/ozonefs/target/test-dir/MiniOzoneClusterImpl-21ed0f53-0413-44c7-8609-f438100532e5/datanode-9/data/ratis] (custom)
2019-09-19 09:40:47,808 [pool-127-thread-1] INFO  storage.RaftStorageDirectory (RaftStorageDirectory.java:analyzeStorage(246)) - The storage directory /workdir/hadoop-ozone/ozonefs/target/test-dir/MiniOzoneClusterImpl-21ed0f53-0413-44c7-8609-f438100532e5/datanode-9/data/ratis/5cde4831-1c22-46df-a550-4e632d8cd741 does not exist. Creating ...
2019-09-19 09:40:47,821 [pool-127-thread-1] INFO  storage.RaftStorageDirectory (RaftStorageDirectory.java:tryLock(328)) - Lock on /workdir/hadoop-ozone/ozonefs/target/test-dir/MiniOzoneClusterImpl-21ed0f53-0413-44c7-8609-f438100532e5/datanode-9/data/ratis/5cde4831-1c22-46df-a550-4e632d8cd741/in_use.lock acquired by nodename 23096@pr-hdds-1569-j4bt4-3030777008
2019-09-19 09:40:47,825 | INFO  | SCMAudit | user=jenkins1000 | ip=192.168.34.5 | op=SEND_HEARTBEAT {datanodeUUID=bb9d252a-546d-48b3-aabe-52964da86e48, command=[]} | ret=SUCCESS |  
2019-09-19 09:40:47,834 [pool-127-thread-1] INFO  storage.RaftStorage (RaftStorage.java:format(72)) - Storage directory /workdir/hadoop-ozone/ozonefs/target/test-dir/MiniOzoneClusterImpl-21ed0f53-0413-44c7-8609-f438100532e5/datanode-9/data/ratis/5cde4831-1c22-46df-a550-4e632d8cd741 has been successfully formatted.
2019-09-19 09:40:47,834 [pool-127-thread-1] INFO  ratis.ContainerStateMachine (ContainerStateMachine.java:loadSnapshot(226)) - group-4E632D8CD741: The snapshot info is null. Setting the last applied indexto:(t:0, i:~)
2019-09-19 09:40:47,834 [pool-127-thread-1] INFO  server.RaftServerConfigKeys (ConfUtils.java:logGet(43)) - raft.server.leader.election.timeout = 120s (custom)
2019-09-19 09:40:47,834 [pool-127-thread-1] INFO  server.RaftServerConfigKeys (ConfUtils.java:logGet(43)) - raft.server.log.use.memory = false (default)
2019-09-19 09:40:47,834 [pool-127-thread-1] INFO  server.RaftServerConfigKeys (ConfUtils.java:logGet(43)) - raft.server.log.purge.gap = 1000000 (custom)
2019-09-19 09:40:47,835 [pool-127-thread-1] INFO  server.RaftServerConfigKeys (ConfUtils.java:logGet(43)) - raft.server.log.appender.buffer.byte-limit = 33554432 (custom)
2019-09-19 09:40:47,835 [pool-127-thread-1] INFO  server.RaftServerConfigKeys (ConfUtils.java:logGet(43)) - raft.server.log.segment.size.max = 1048576 (custom)
2019-09-19 09:40:47,835 [pool-127-thread-1] INFO  server.RaftServerConfigKeys (ConfUtils.java:logGet(43)) - raft.server.log.segment.cache.num.max = 2 (custom)
2019-09-19 09:40:47,835 [pool-127-thread-1] INFO  segmented.SegmentedRaftLogWorker (SegmentedRaftLogWorker.java:<init>(172)) - new caeb75b6-27c7-410d-b6eb-8f738956b5a3-SegmentedRaftLogWorker:Storage Directory /workdir/hadoop-ozone/ozonefs/target/test-dir/MiniOzoneClusterImpl-21ed0f53-0413-44c7-8609-f438100532e5/datanode-9/data/ratis/5cde4831-1c22-46df-a550-4e632d8cd741 for RaftStorage:Storage Directory /workdir/hadoop-ozone/ozonefs/target/test-dir/MiniOzoneClusterImpl-21ed0f53-0413-44c7-8609-f438100532e5/datanode-9/data/ratis/5cde4831-1c22-46df-a550-4e632d8cd741
2019-09-19 09:40:47,835 [pool-127-thread-1] INFO  server.RaftServerConfigKeys (ConfUtils.java:logGet(43)) - raft.server.log.queue.byte-limit = 2147483647 (custom)
2019-09-19 09:40:47,835 [pool-127-thread-1] INFO  server.RaftServerConfigKeys (ConfUtils.java:logGet(43)) - raft.server.log.queue.element-limit = 1024 (custom)
2019-09-19 09:40:47,835 [pool-127-thread-1] INFO  server.RaftServerConfigKeys (ConfUtils.java:logGet(43)) - raft.server.log.segment.size.max = 1048576 (custom)
2019-09-19 09:40:47,836 [pool-127-thread-1] INFO  server.RaftServerConfigKeys (ConfUtils.java:logGet(43)) - raft.server.log.preallocated.size = 16384 (custom)
2019-09-19 09:40:47,836 [pool-127-thread-1] INFO  server.RaftServerConfigKeys (ConfUtils.java:logGet(43)) - raft.server.log.write.buffer.size = 33554432 (custom)
2019-09-19 09:40:47,836 [pool-127-thread-1] INFO  server.RaftServerConfigKeys (ConfUtils.java:logGet(43)) - raft.server.log.force.sync.num = 128 (default)
2019-09-19 09:40:47,836 [pool-127-thread-1] INFO  server.RaftServerConfigKeys (ConfUtils.java:logGet(43)) - raft.server.log.statemachine.data.sync = true (default)
2019-09-19 09:40:47,836 [pool-127-thread-1] INFO  server.RaftServerConfigKeys (ConfUtils.java:logGet(43)) - raft.server.log.statemachine.data.sync.timeout = 10s (default)
2019-09-19 09:40:47,836 [pool-127-thread-1] INFO  server.RaftServerConfigKeys (ConfUtils.java:logGet(43)) - raft.server.log.statemachine.data.sync.timeout.retry = -1 (default)
2019-09-19 09:40:47,837 [pool-127-thread-1] INFO  server.RaftServerConfigKeys (ConfUtils.java:logGet(43)) - raft.server.log.statemachine.data.caching.enabled = true (custom)
2019-09-19 09:40:47,837 [pool-127-thread-1] INFO  segmented.SegmentedRaftLogWorker (SegmentedRaftLogWorker.java:lambda$new$0(132)) - caeb75b6-27c7-410d-b6eb-8f738956b5a3-SegmentedRaftLogWorker:Storage Directory /workdir/hadoop-ozone/ozonefs/target/test-dir/MiniOzoneClusterImpl-21ed0f53-0413-44c7-8609-f438100532e5/datanode-9/data/ratis/5cde4831-1c22-46df-a550-4e632d8cd741: flushIndex: setUnconditionally 0 -> -1
2019-09-19 09:40:47,837 [pool-127-thread-1] INFO  server.RaftServerConfigKeys (ConfUtils.java:logGet(43)) - raft.server.snapshot.auto.trigger.enabled = true (custom)
2019-09-19 09:40:47,837 [pool-127-thread-1] INFO  server.RaftServerConfigKeys (ConfUtils.java:logGet(43)) - raft.server.snapshot.auto.trigger.threshold = 10000 (custom)
2019-09-19 09:40:47,837 [pool-127-thread-1] INFO  server.RaftServerConfigKeys (ConfUtils.java:logGet(43)) - raft.server.retrycache.expirytime = 600000ms (custom)
2019-09-19 09:40:47,838 [pool-127-thread-1] INFO  impl.RaftServerImpl (RaftServerImpl.java:start(180)) - caeb75b6-27c7-410d-b6eb-8f738956b5a3: start group-4E632D8CD741
2019-09-19 09:40:47,838 [pool-127-thread-1] INFO  impl.RaftServerImpl (RaftServerImpl.java:setRole(171)) - caeb75b6-27c7-410d-b6eb-8f738956b5a3:group-4E632D8CD741 changes role from null to FOLLOWER at term 0 for startAsFollower
2019-09-19 09:40:47,838 [pool-127-thread-1] INFO  impl.RoleInfo (RoleInfo.java:updateAndGet(143)) - caeb75b6-27c7-410d-b6eb-8f738956b5a3: start FollowerState
2019-09-19 09:40:47,838 [pool-127-thread-1] INFO  util.JmxRegister (JmxRegister.java:tryRegister(44)) - Successfully registered JMX Bean with object name Ratis:service=RaftServer,group=group-4E632D8CD741,id=caeb75b6-27c7-410d-b6eb-8f738956b5a3
2019-09-19 09:40:47,841 [RatisPipelineUtilsThread] INFO  pipeline.PipelineStateManager (PipelineStateManager.java:addPipeline(56)) - Created pipeline Pipeline[ Id: 5cde4831-1c22-46df-a550-4e632d8cd741, Nodes: caeb75b6-27c7-410d-b6eb-8f738956b5a3{ip: 192.168.34.5, host: pr-hdds-1569-j4bt4-3030777008, networkLocation: /default-rack, certSerialId: null}, Type:RATIS, Factor:ONE, State:OPEN]
2019-09-19 09:40:47,841 [RatisPipelineUtilsThread] ERROR pipeline.PipelinePlacementPolicy (PipelinePlacementPolicy.java:meetCriteria(91)) - Pipeline Placement: Doesn't meet the criteria to be viable node. Heaviness: 6
2019-09-19 09:40:47,841 [RatisPipelineUtilsThread] ERROR pipeline.PipelinePlacementPolicy (PipelinePlacementPolicy.java:meetCriteria(91)) - Pipeline Placement: Doesn't meet the criteria to be viable node. Heaviness: 6
2019-09-19 09:40:47,841 [RatisPipelineUtilsThread] ERROR pipeline.PipelinePlacementPolicy (PipelinePlacementPolicy.java:meetCriteria(91)) - Pipeline Placement: Doesn't meet the criteria to be viable node. Heaviness: 6
2019-09-19 09:40:47,841 [RatisPipelineUtilsThread] ERROR pipeline.PipelinePlacementPolicy (PipelinePlacementPolicy.java:meetCriteria(91)) - Pipeline Placement: Doesn't meet the criteria to be viable node. Heaviness: 6
2019-09-19 09:40:47,842 [RatisPipelineUtilsThread] ERROR pipeline.PipelinePlacementPolicy (PipelinePlacementPolicy.java:meetCriteria(91)) - Pipeline Placement: Doesn't meet the criteria to be viable node. Heaviness: 6
2019-09-19 09:40:47,842 [RatisPipelineUtilsThread] ERROR pipeline.PipelinePlacementPolicy (PipelinePlacementPolicy.java:meetCriteria(91)) - Pipeline Placement: Doesn't meet the criteria to be viable node. Heaviness: 6
2019-09-19 09:40:47,842 [RatisPipelineUtilsThread] ERROR pipeline.PipelinePlacementPolicy (PipelinePlacementPolicy.java:meetCriteria(91)) - Pipeline Placement: Doesn't meet the criteria to be viable node. Heaviness: 6
2019-09-19 09:40:47,842 [RatisPipelineUtilsThread] ERROR pipeline.PipelinePlacementPolicy (PipelinePlacementPolicy.java:meetCriteria(91)) - Pipeline Placement: Doesn't meet the criteria to be viable node. Heaviness: 6
2019-09-19 09:40:47,842 [RatisPipelineUtilsThread] ERROR pipeline.PipelinePlacementPolicy (PipelinePlacementPolicy.java:meetCriteria(91)) - Pipeline Placement: Doesn't meet the criteria to be viable node. Heaviness: 6
2019-09-19 09:40:47,842 [RatisPipelineUtilsThread] ERROR pipeline.PipelinePlacementPolicy (PipelinePlacementPolicy.java:meetCriteria(91)) - Pipeline Placement: Doesn't meet the criteria to be viable node. Heaviness: 6
2019-09-19 09:40:47,843 [RatisPipelineUtilsThread] ERROR pipeline.PipelinePlacementPolicy (PipelinePlacementPolicy.java:filterViableNodes(146)) - Unable to find enough nodes that meet the criteria that cannot engage in more than 5 pipelines. Nodes required: 1 Found: 0, healthy nodes count inNodeManager: 10.
2019-09-19 09:40:47,844 [RatisPipelineUtilsThread] ERROR pipeline.SCMPipelineManager (SCMPipelineManager.java:createPipeline(161)) - Pipeline creation failed due to exception: Unable to find enough nodes that meet the criteria that cannot engage in more than 5 pipelines. Nodes required: 1 Found: 0, healthy nodes count inNodeManager: 10.
2019-09-19 09:40:47,844 [RatisPipelineUtilsThread] ERROR pipeline.PipelinePlacementPolicy (PipelinePlacementPolicy.java:meetCriteria(91)) - Pipeline Placement: Doesn't meet the criteria to be viable node. Heaviness: 6
2019-09-19 09:40:47,845 [RatisPipelineUtilsThread] ERROR pipeline.PipelinePlacementPolicy (PipelinePlacementPolicy.java:meetCriteria(91)) - Pipeline Placement: Doesn't meet the criteria to be viable node. Heaviness: 6
2019-09-19 09:40:47,845 [RatisPipelineUtilsThread] ERROR pipeline.PipelinePlacementPolicy (PipelinePlacementPolicy.java:meetCriteria(91)) - Pipeline Placement: Doesn't meet the criteria to be viable node. Heaviness: 6
2019-09-19 09:40:47,845 [RatisPipelineUtilsThread] ERROR pipeline.PipelinePlacementPolicy (PipelinePlacementPolicy.java:meetCriteria(91)) - Pipeline Placement: Doesn't meet the criteria to be viable node. Heaviness: 6
2019-09-19 09:40:47,845 [RatisPipelineUtilsThread] ERROR pipeline.PipelinePlacementPolicy (PipelinePlacementPolicy.java:meetCriteria(91)) - Pipeline Placement: Doesn't meet the criteria to be viable node. Heaviness: 6
2019-09-19 09:40:47,845 [RatisPipelineUtilsThread] ERROR pipeline.PipelinePlacementPolicy (PipelinePlacementPolicy.java:meetCriteria(91)) - Pipeline Placement: Doesn't meet the criteria to be viable node. Heaviness: 6
2019-09-19 09:40:47,845 [RatisPipelineUtilsThread] ERROR pipeline.PipelinePlacementPolicy (PipelinePlacementPolicy.java:meetCriteria(91)) - Pipeline Placement: Doesn't meet the criteria to be viable node. Heaviness: 6
2019-09-19 09:40:47,845 [RatisPipelineUtilsThread] ERROR pipeline.PipelinePlacementPolicy (PipelinePlacementPolicy.java:meetCriteria(91)) - Pipeline Placement: Doesn't meet the criteria to be viable node. Heaviness: 6
2019-09-19 09:40:47,845 [RatisPipelineUtilsThread] ERROR pipeline.PipelinePlacementPolicy (PipelinePlacementPolicy.java:meetCriteria(91)) - Pipeline Placement: Doesn't meet the criteria to be viable node. Heaviness: 6
2019-09-19 09:40:47,846 [RatisPipelineUtilsThread] ERROR pipeline.PipelinePlacementPolicy (PipelinePlacementPolicy.java:meetCriteria(91)) - Pipeline Placement: Doesn't meet the criteria to be viable node. Heaviness: 6
2019-09-19 09:40:47,846 [RatisPipelineUtilsThread] ERROR pipeline.PipelinePlacementPolicy (PipelinePlacementPolicy.java:filterViableNodes(146)) - Unable to find enough nodes that meet the criteria that cannot engage in more than 5 pipelines. Nodes required: 3 Found: 0, healthy nodes count inNodeManager: 10.
2019-09-19 09:40:47,846 [RatisPipelineUtilsThread] ERROR pipeline.SCMPipelineManager (SCMPipelineManager.java:createPipeline(161)) - Pipeline creation failed due to exception: Unable to find enough nodes that meet the criteria that cannot engage in more than 5 pipelines. Nodes required: 3 Found: 0, healthy nodes count inNodeManager: 10.
2019-09-19 09:40:47,846 [RatisPipelineUtilsThread] ERROR pipeline.PipelinePlacementPolicy (PipelinePlacementPolicy.java:meetCriteria(91)) - Pipeline Placement: Doesn't meet the criteria to be viable node. Heaviness: 6
2019-09-19 09:40:47,846 [RatisPipelineUtilsThread] ERROR pipeline.PipelinePlacementPolicy (PipelinePlacementPolicy.java:meetCriteria(91)) - Pipeline Placement: Doesn't meet the criteria to be viable node. Heaviness: 6
2019-09-19 09:40:47,847 [RatisPipelineUtilsThread] ERROR pipeline.PipelinePlacementPolicy (PipelinePlacementPolicy.java:meetCriteria(91)) - Pipeline Placement: Doesn't meet the criteria to be viable node. Heaviness: 6
2019-09-19 09:40:47,847 [RatisPipelineUtilsThread] ERROR pipeline.PipelinePlacementPolicy (PipelinePlacementPolicy.java:meetCriteria(91)) - Pipeline Placement: Doesn't meet the criteria to be viable node. Heaviness: 6
2019-09-19 09:40:47,847 [RatisPipelineUtilsThread] ERROR pipeline.PipelinePlacementPolicy (PipelinePlacementPolicy.java:meetCriteria(91)) - Pipeline Placement: Doesn't meet the criteria to be viable node. Heaviness: 6
2019-09-19 09:40:47,847 [RatisPipelineUtilsThread] ERROR pipeline.PipelinePlacementPolicy (PipelinePlacementPolicy.java:meetCriteria(91)) - Pipeline Placement: Doesn't meet the criteria to be viable node. Heaviness: 6
2019-09-19 09:40:47,847 [RatisPipelineUtilsThread] ERROR pipeline.PipelinePlacementPolicy (PipelinePlacementPolicy.java:meetCriteria(91)) - Pipeline Placement: Doesn't meet the criteria to be viable node. Heaviness: 6
2019-09-19 09:40:47,847 [RatisPipelineUtilsThread] ERROR pipeline.PipelinePlacementPolicy (PipelinePlacementPolicy.java:meetCriteria(91)) - Pipeline Placement: Doesn't meet the criteria to be viable node. Heaviness: 6
2019-09-19 09:40:47,847 [RatisPipelineUtilsThread] ERROR pipeline.PipelinePlacementPolicy (PipelinePlacementPolicy.java:meetCriteria(91)) - Pipeline Placement: Doesn't meet the criteria to be viable node. Heaviness: 6
2019-09-19 09:40:47,847 [RatisPipelineUtilsThread] ERROR pipeline.PipelinePlacementPolicy (PipelinePlacementPolicy.java:meetCriteria(91)) - Pipeline Placement: Doesn't meet the criteria to be viable node. Heaviness: 6
2019-09-19 09:40:47,848 [RatisPipelineUtilsThread] ERROR pipeline.PipelinePlacementPolicy (PipelinePlacementPolicy.java:filterViableNodes(146)) - Unable to find enough nodes that meet the criteria that cannot engage in more than 5 pipelines. Nodes required: 1 Found: 0, healthy nodes count inNodeManager: 10.
2019-09-19 09:40:47,848 [RatisPipelineUtilsThread] ERROR pipeline.SCMPipelineManager (SCMPipelineManager.java:createPipeline(161)) - Pipeline creation failed due to exception: Unable to find enough nodes that meet the criteria that cannot engage in more than 5 pipelines. Nodes required: 1 Found: 0, healthy nodes count inNodeManager: 10.
2019-09-19 09:40:47,848 [RatisPipelineUtilsThread] ERROR pipeline.PipelinePlacementPolicy (PipelinePlacementPolicy.java:meetCriteria(91)) - Pipeline Placement: Doesn't meet the criteria to be viable node. Heaviness: 6
2019-09-19 09:40:47,848 [RatisPipelineUtilsThread] ERROR pipeline.PipelinePlacementPolicy (PipelinePlacementPolicy.java:meetCriteria(91)) - Pipeline Placement: Doesn't meet the criteria to be viable node. Heaviness: 6
2019-09-19 09:40:47,848 [RatisPipelineUtilsThread] ERROR pipeline.PipelinePlacementPolicy (PipelinePlacementPolicy.java:meetCriteria(91)) - Pipeline Placement: Doesn't meet the criteria to be viable node. Heaviness: 6
2019-09-19 09:40:47,848 [RatisPipelineUtilsThread] ERROR pipeline.PipelinePlacementPolicy (PipelinePlacementPolicy.java:meetCriteria(91)) - Pipeline Placement: Doesn't meet the criteria to be viable node. Heaviness: 6
2019-09-19 09:40:47,849 [RatisPipelineUtilsThread] ERROR pipeline.PipelinePlacementPolicy (PipelinePlacementPolicy.java:meetCriteria(91)) - Pipeline Placement: Doesn't meet the criteria to be viable node. Heaviness: 6
2019-09-19 09:40:47,849 [RatisPipelineUtilsThread] ERROR pipeline.PipelinePlacementPolicy (PipelinePlacementPolicy.java:meetCriteria(91)) - Pipeline Placement: Doesn't meet the criteria to be viable node. Heaviness: 6
2019-09-19 09:40:47,849 [RatisPipelineUtilsThread] ERROR pipeline.PipelinePlacementPolicy (PipelinePlacementPolicy.java:meetCriteria(91)) - Pipeline Placement: Doesn't meet the criteria to be viable node. Heaviness: 6
2019-09-19 09:40:47,849 [RatisPipelineUtilsThread] ERROR pipeline.PipelinePlacementPolicy (PipelinePlacementPolicy.java:meetCriteria(91)) - Pipeline Placement: Doesn't meet the criteria to be viable node. Heaviness: 6
2019-09-19 09:40:47,849 [RatisPipelineUtilsThread] ERROR pipeline.PipelinePlacementPolicy (PipelinePlacementPolicy.java:meetCriteria(91)) - Pipeline Placement: Doesn't meet the criteria to be viable node. Heaviness: 6
2019-09-19 09:40:47,849 [RatisPipelineUtilsThread] ERROR pipeline.PipelinePlacementPolicy (PipelinePlacementPolicy.java:meetCriteria(91)) - Pipeline Placement: Doesn't meet the criteria to be viable node. Heaviness: 6
2019-09-19 09:40:47,849 [RatisPipelineUtilsThread] ERROR pipeline.PipelinePlacementPolicy (PipelinePlacementPolicy.java:filterViableNodes(146)) - Unable to find enough nodes that meet the criteria that cannot engage in more than 5 pipelines. Nodes required: 3 Found: 0, healthy nodes count inNodeManager: 10.
2019-09-19 09:40:47,850 [RatisPipelineUtilsThread] ERROR pipeline.SCMPipelineManager (SCMPipelineManager.java:createPipeline(161)) - Pipeline creation failed due to exception: Unable to find enough nodes that meet the criteria that cannot engage in more than 5 pipelines. Nodes required: 3 Found: 0, healthy nodes count inNodeManager: 10.
2019-09-19 09:40:48,113 | INFO  | SCMAudit | user=jenkins1000 | ip=192.168.34.5 | op=SEND_HEARTBEAT {datanodeUUID=7076406d-aee0-4126-8bab-f0c87a3fcebd, command=[]} | ret=SUCCESS |  
2019-09-19 09:40:48,137 | INFO  | SCMAudit | user=jenkins1000 | ip=192.168.34.5 | op=SEND_HEARTBEAT {datanodeUUID=1bcbd64b-2199-49e1-86d3-4e4b64d88b4a, command=[]} | ret=SUCCESS |  
2019-09-19 09:40:48,391 | INFO  | SCMAudit | user=jenkins1000 | ip=192.168.34.5 | op=SEND_HEARTBEAT {datanodeUUID=00cd5ee6-30a6-4c0a-bb6c-a5a65ddde9fb, command=[]} | ret=SUCCESS |  
2019-09-19 09:40:48,401 | INFO  | SCMAudit | user=jenkins1000 | ip=192.168.34.5 | op=SEND_HEARTBEAT {datanodeUUID=d87be78c-f122-4471-b781-d01263e91835, command=[]} | ret=SUCCESS |  
2019-09-19 09:40:48,401 | INFO  | SCMAudit | user=jenkins1000 | ip=192.168.34.5 | op=SEND_HEARTBEAT {datanodeUUID=47e0c7c0-2680-4f55-9417-80daafef46d1, command=[]} | ret=SUCCESS |  
2019-09-19 09:40:48,450 | INFO  | SCMAudit | user=jenkins1000 | ip=192.168.34.5 | op=SEND_HEARTBEAT {datanodeUUID=28f77823-de9e-44cc-bd18-5b415144a5bf, command=[]} | ret=SUCCESS |  
2019-09-19 09:40:48,590 | INFO  | SCMAudit | user=jenkins1000 | ip=192.168.34.5 | op=SEND_HEARTBEAT {datanodeUUID=1cd79902-2a06-4a3f-8023-3eba64f51293, command=[]} | ret=SUCCESS |  
2019-09-19 09:40:48,606 | INFO  | SCMAudit | user=jenkins1000 | ip=192.168.34.5 | op=SEND_HEARTBEAT {datanodeUUID=caeb75b6-27c7-410d-b6eb-8f738956b5a3, command=[]} | ret=SUCCESS |  
2019-09-19 09:40:48,734 | INFO  | SCMAudit | user=jenkins1000 | ip=192.168.34.5 | op=SEND_HEARTBEAT {datanodeUUID=90577c55-fd31-444d-84bd-73a3c37bc268, command=[]} | ret=SUCCESS |  
2019-09-19 09:40:48,825 | INFO  | SCMAudit | user=jenkins1000 | ip=192.168.34.5 | op=SEND_HEARTBEAT {datanodeUUID=bb9d252a-546d-48b3-aabe-52964da86e48, command=[]} | ret=SUCCESS |  
2019-09-19 09:40:48,886 [Thread-284] INFO  impl.FollowerState (FollowerState.java:run(106)) - 1bcbd64b-2199-49e1-86d3-4e4b64d88b4a:group-FF56B660160A changes to CANDIDATE, lastRpcTime:5159, electionTimeout:5158ms
2019-09-19 09:40:48,886 [Thread-284] INFO  impl.RoleInfo (RoleInfo.java:shutdownFollowerState(121)) - 1bcbd64b-2199-49e1-86d3-4e4b64d88b4a: shutdown FollowerState
2019-09-19 09:40:48,886 [Thread-284] INFO  impl.RaftServerImpl (RaftServerImpl.java:setRole(171)) - 1bcbd64b-2199-49e1-86d3-4e4b64d88b4a:group-FF56B660160A changes role from FOLLOWER to CANDIDATE at term 0 for changeToCandidate
2019-09-19 09:40:48,889 [Thread-284] INFO  impl.RoleInfo (RoleInfo.java:updateAndGet(143)) - 1bcbd64b-2199-49e1-86d3-4e4b64d88b4a: start LeaderElection
2019-09-19 09:40:48,912 [1bcbd64b-2199-49e1-86d3-4e4b64d88b4a:group-FF56B660160A:LeaderElection1] INFO  impl.LeaderElection (LeaderElection.java:askForVotes(181)) - 1bcbd64b-2199-49e1-86d3-4e4b64d88b4a:group-FF56B660160A:LeaderElection1: begin an election at term 1 for -1: [1bcbd64b-2199-49e1-86d3-4e4b64d88b4a:192.168.34.5:41194], old=null
2019-09-19 09:40:48,915 [1bcbd64b-2199-49e1-86d3-4e4b64d88b4a:group-FF56B660160A:LeaderElection1] INFO  impl.RoleInfo (RoleInfo.java:shutdownLeaderElection(134)) - 1bcbd64b-2199-49e1-86d3-4e4b64d88b4a: shutdown LeaderElection
2019-09-19 09:40:48,916 [1bcbd64b-2199-49e1-86d3-4e4b64d88b4a:group-FF56B660160A:LeaderElection1] INFO  impl.RaftServerImpl (RaftServerImpl.java:setRole(171)) - 1bcbd64b-2199-49e1-86d3-4e4b64d88b4a:group-FF56B660160A changes role from CANDIDATE to LEADER at term 1 for changeToLeader
2019-09-19 09:40:48,916 [1bcbd64b-2199-49e1-86d3-4e4b64d88b4a:group-FF56B660160A:LeaderElection1] INFO  impl.RaftServerImpl (ServerState.java:setLeader(263)) - 1bcbd64b-2199-49e1-86d3-4e4b64d88b4a:group-FF56B660160A change Leader from null to 1bcbd64b-2199-49e1-86d3-4e4b64d88b4a at term 1 for becomeLeader, leader elected after 5296ms
2019-09-19 09:40:48,925 [1bcbd64b-2199-49e1-86d3-4e4b64d88b4a:group-FF56B660160A:LeaderElection1] INFO  server.RaftServerConfigKeys (ConfUtils.java:logGet(43)) - raft.server.staging.catchup.gap = 1000 (default)
2019-09-19 09:40:48,925 [1bcbd64b-2199-49e1-86d3-4e4b64d88b4a:group-FF56B660160A:LeaderElection1] INFO  server.RaftServerConfigKeys (ConfUtils.java:logGet(43)) - raft.server.rpc.sleep.time = 25ms (default)
2019-09-19 09:40:48,929 [1bcbd64b-2199-49e1-86d3-4e4b64d88b4a:group-FF56B660160A:LeaderElection1] INFO  server.RaftServerConfigKeys (ConfUtils.java:logGet(43)) - raft.server.write.element-limit = 4096 (default)
2019-09-19 09:40:48,933 [1bcbd64b-2199-49e1-86d3-4e4b64d88b4a:group-FF56B660160A:LeaderElection1] INFO  server.RaftServerConfigKeys (ConfUtils.java:logGet(43)) - raft.server.watch.timeout = 10s (default)
2019-09-19 09:40:48,933 [1bcbd64b-2199-49e1-86d3-4e4b64d88b4a:group-FF56B660160A:LeaderElection1] INFO  server.RaftServerConfigKeys (ConfUtils.java:logGet(43)) - raft.server.watch.timeout.denomination = 1s (default)
2019-09-19 09:40:48,934 [1bcbd64b-2199-49e1-86d3-4e4b64d88b4a:group-FF56B660160A:LeaderElection1] INFO  server.RaftServerConfigKeys (ConfUtils.java:logGet(43)) - raft.server.watch.element-limit = 65536 (default)
2019-09-19 09:40:48,945 [1bcbd64b-2199-49e1-86d3-4e4b64d88b4a:group-FF56B660160A:LeaderElection1] INFO  impl.RoleInfo (RoleInfo.java:updateAndGet(143)) - 1bcbd64b-2199-49e1-86d3-4e4b64d88b4a: start LeaderState
2019-09-19 09:40:48,972 [1bcbd64b-2199-49e1-86d3-4e4b64d88b4a:group-FF56B660160A:LeaderElection1] INFO  segmented.SegmentedRaftLogWorker (SegmentedRaftLogWorker.java:startLogSegment(380)) - 1bcbd64b-2199-49e1-86d3-4e4b64d88b4a-SegmentedRaftLogWorker:Storage Directory /workdir/hadoop-ozone/ozonefs/target/test-dir/MiniOzoneClusterImpl-21ed0f53-0413-44c7-8609-f438100532e5/datanode-0/data/ratis/71a11c05-bfb0-4640-acae-ff56b660160a: Starting segment from index:0
2019-09-19 09:40:48,981 [1bcbd64b-2199-49e1-86d3-4e4b64d88b4a:group-FF56B660160A:LeaderElection1] INFO  impl.RaftServerImpl (ServerState.java:setRaftConf(361)) - 1bcbd64b-2199-49e1-86d3-4e4b64d88b4a:group-FF56B660160A set configuration 0: [1bcbd64b-2199-49e1-86d3-4e4b64d88b4a:192.168.34.5:41194], old=null at 0
2019-09-19 09:40:48,988 [Thread-287] INFO  impl.FollowerState (FollowerState.java:run(106)) - 1bcbd64b-2199-49e1-86d3-4e4b64d88b4a:group-B2AEABBA37D7 changes to CANDIDATE, lastRpcTime:5121, electionTimeout:5121ms
2019-09-19 09:40:48,991 [Thread-287] INFO  impl.RoleInfo (RoleInfo.java:shutdownFollowerState(121)) - 1bcbd64b-2199-49e1-86d3-4e4b64d88b4a: shutdown FollowerState
2019-09-19 09:40:48,991 [Thread-287] INFO  impl.RaftServerImpl (RaftServerImpl.java:setRole(171)) - 1bcbd64b-2199-49e1-86d3-4e4b64d88b4a:group-B2AEABBA37D7 changes role from FOLLOWER to CANDIDATE at term 0 for changeToCandidate
2019-09-19 09:40:48,991 [Thread-287] INFO  impl.RoleInfo (RoleInfo.java:updateAndGet(143)) - 1bcbd64b-2199-49e1-86d3-4e4b64d88b4a: start LeaderElection
2019-09-19 09:40:49,013 [1bcbd64b-2199-49e1-86d3-4e4b64d88b4a:group-B2AEABBA37D7:LeaderElection2] INFO  impl.LeaderElection (LeaderElection.java:askForVotes(181)) - 1bcbd64b-2199-49e1-86d3-4e4b64d88b4a:group-B2AEABBA37D7:LeaderElection2: begin an election at term 1 for -1: [1bcbd64b-2199-49e1-86d3-4e4b64d88b4a:192.168.34.5:41194], old=null
2019-09-19 09:40:49,013 [1bcbd64b-2199-49e1-86d3-4e4b64d88b4a:group-B2AEABBA37D7:LeaderElection2] INFO  impl.RoleInfo (RoleInfo.java:shutdownLeaderElection(134)) - 1bcbd64b-2199-49e1-86d3-4e4b64d88b4a: shutdown LeaderElection
2019-09-19 09:40:49,013 [1bcbd64b-2199-49e1-86d3-4e4b64d88b4a:group-B2AEABBA37D7:LeaderElection2] INFO  impl.RaftServerImpl (RaftServerImpl.java:setRole(171)) - 1bcbd64b-2199-49e1-86d3-4e4b64d88b4a:group-B2AEABBA37D7 changes role from CANDIDATE to LEADER at term 1 for changeToLeader
2019-09-19 09:40:49,013 [1bcbd64b-2199-49e1-86d3-4e4b64d88b4a:group-B2AEABBA37D7:LeaderElection2] INFO  impl.RaftServerImpl (ServerState.java:setLeader(263)) - 1bcbd64b-2199-49e1-86d3-4e4b64d88b4a:group-B2AEABBA37D7 change Leader from null to 1bcbd64b-2199-49e1-86d3-4e4b64d88b4a at term 1 for becomeLeader, leader elected after 5152ms
2019-09-19 09:40:49,013 [1bcbd64b-2199-49e1-86d3-4e4b64d88b4a:group-B2AEABBA37D7:LeaderElection2] INFO  server.RaftServerConfigKeys (ConfUtils.java:logGet(43)) - raft.server.staging.catchup.gap = 1000 (default)
2019-09-19 09:40:49,013 [1bcbd64b-2199-49e1-86d3-4e4b64d88b4a:group-B2AEABBA37D7:LeaderElection2] INFO  server.RaftServerConfigKeys (ConfUtils.java:logGet(43)) - raft.server.rpc.sleep.time = 25ms (default)
2019-09-19 09:40:49,014 [1bcbd64b-2199-49e1-86d3-4e4b64d88b4a:group-B2AEABBA37D7:LeaderElection2] INFO  server.RaftServerConfigKeys (ConfUtils.java:logGet(43)) - raft.server.write.element-limit = 4096 (default)
2019-09-19 09:40:49,014 [1bcbd64b-2199-49e1-86d3-4e4b64d88b4a:group-B2AEABBA37D7:LeaderElection2] INFO  server.RaftServerConfigKeys (ConfUtils.java:logGet(43)) - raft.server.watch.timeout = 10s (default)
2019-09-19 09:40:49,014 [1bcbd64b-2199-49e1-86d3-4e4b64d88b4a:group-B2AEABBA37D7:LeaderElection2] INFO  server.RaftServerConfigKeys (ConfUtils.java:logGet(43)) - raft.server.watch.timeout.denomination = 1s (default)
2019-09-19 09:40:49,014 [1bcbd64b-2199-49e1-86d3-4e4b64d88b4a:group-B2AEABBA37D7:LeaderElection2] INFO  server.RaftServerConfigKeys (ConfUtils.java:logGet(43)) - raft.server.watch.element-limit = 65536 (default)
2019-09-19 09:40:49,015 [1bcbd64b-2199-49e1-86d3-4e4b64d88b4a:group-B2AEABBA37D7:LeaderElection2] INFO  impl.RoleInfo (RoleInfo.java:updateAndGet(143)) - 1bcbd64b-2199-49e1-86d3-4e4b64d88b4a: start LeaderState
2019-09-19 09:40:49,015 [1bcbd64b-2199-49e1-86d3-4e4b64d88b4a:group-B2AEABBA37D7:LeaderElection2] INFO  segmented.SegmentedRaftLogWorker (SegmentedRaftLogWorker.java:startLogSegment(380)) - 1bcbd64b-2199-49e1-86d3-4e4b64d88b4a-SegmentedRaftLogWorker:Storage Directory /workdir/hadoop-ozone/ozonefs/target/test-dir/MiniOzoneClusterImpl-21ed0f53-0413-44c7-8609-f438100532e5/datanode-0/data/ratis/58387d22-5940-4f91-b953-b2aeabba37d7: Starting segment from index:0
2019-09-19 09:40:49,015 [1bcbd64b-2199-49e1-86d3-4e4b64d88b4a:group-B2AEABBA37D7:LeaderElection2] INFO  impl.RaftServerImpl (ServerState.java:setRaftConf(361)) - 1bcbd64b-2199-49e1-86d3-4e4b64d88b4a:group-B2AEABBA37D7 set configuration 0: [1bcbd64b-2199-49e1-86d3-4e4b64d88b4a:192.168.34.5:41194], old=null at 0
2019-09-19 09:40:49,112 | INFO  | SCMAudit | user=jenkins1000 | ip=192.168.34.5 | op=SEND_HEARTBEAT {datanodeUUID=7076406d-aee0-4126-8bab-f0c87a3fcebd, command=[]} | ret=SUCCESS |  
2019-09-19 09:40:49,137 | INFO  | SCMAudit | user=jenkins1000 | ip=192.168.34.5 | op=SEND_HEARTBEAT {datanodeUUID=1bcbd64b-2199-49e1-86d3-4e4b64d88b4a, command=[]} | ret=SUCCESS |  
2019-09-19 09:40:49,218 [Thread-296] INFO  impl.FollowerState (FollowerState.java:run(106)) - 47e0c7c0-2680-4f55-9417-80daafef46d1:group-D57C1399643A changes to CANDIDATE, lastRpcTime:5001, electionTimeout:5001ms
2019-09-19 09:40:49,218 [Thread-296] INFO  impl.RoleInfo (RoleInfo.java:shutdownFollowerState(121)) - 47e0c7c0-2680-4f55-9417-80daafef46d1: shutdown FollowerState
2019-09-19 09:40:49,218 [Thread-296] INFO  impl.RaftServerImpl (RaftServerImpl.java:setRole(171)) - 47e0c7c0-2680-4f55-9417-80daafef46d1:group-D57C1399643A changes role from FOLLOWER to CANDIDATE at term 0 for changeToCandidate
2019-09-19 09:40:49,218 [Thread-296] INFO  impl.RoleInfo (RoleInfo.java:updateAndGet(143)) - 47e0c7c0-2680-4f55-9417-80daafef46d1: start LeaderElection
2019-09-19 09:40:49,225 [1bcbd64b-2199-49e1-86d3-4e4b64d88b4a-SegmentedRaftLogWorker:Storage Directory /workdir/hadoop-ozone/ozonefs/target/test-dir/MiniOzoneClusterImpl-21ed0f53-0413-44c7-8609-f438100532e5/datanode-0/data/ratis/71a11c05-bfb0-4640-acae-ff56b660160a] INFO  segmented.SegmentedRaftLogWorker (SegmentedRaftLogWorker.java:execute(569)) - 1bcbd64b-2199-49e1-86d3-4e4b64d88b4a-SegmentedRaftLogWorker:Storage Directory /workdir/hadoop-ozone/ozonefs/target/test-dir/MiniOzoneClusterImpl-21ed0f53-0413-44c7-8609-f438100532e5/datanode-0/data/ratis/71a11c05-bfb0-4640-acae-ff56b660160a: created new log segment /workdir/hadoop-ozone/ozonefs/target/test-dir/MiniOzoneClusterImpl-21ed0f53-0413-44c7-8609-f438100532e5/datanode-0/data/ratis/71a11c05-bfb0-4640-acae-ff56b660160a/current/log_inprogress_0
2019-09-19 09:40:49,229 [Thread-290] INFO  impl.FollowerState (FollowerState.java:run(106)) - d87be78c-f122-4471-b781-d01263e91835:group-A6EC82A7C9AC changes to CANDIDATE, lastRpcTime:5193, electionTimeout:5189ms
2019-09-19 09:40:49,225 [1bcbd64b-2199-49e1-86d3-4e4b64d88b4a-SegmentedRaftLogWorker:Storage Directory /workdir/hadoop-ozone/ozonefs/target/test-dir/MiniOzoneClusterImpl-21ed0f53-0413-44c7-8609-f438100532e5/datanode-0/data/ratis/58387d22-5940-4f91-b953-b2aeabba37d7] INFO  segmented.SegmentedRaftLogWorker (SegmentedRaftLogWorker.java:execute(569)) - 1bcbd64b-2199-49e1-86d3-4e4b64d88b4a-SegmentedRaftLogWorker:Storage Directory /workdir/hadoop-ozone/ozonefs/target/test-dir/MiniOzoneClusterImpl-21ed0f53-0413-44c7-8609-f438100532e5/datanode-0/data/ratis/58387d22-5940-4f91-b953-b2aeabba37d7: created new log segment /workdir/hadoop-ozone/ozonefs/target/test-dir/MiniOzoneClusterImpl-21ed0f53-0413-44c7-8609-f438100532e5/datanode-0/data/ratis/58387d22-5940-4f91-b953-b2aeabba37d7/current/log_inprogress_0
2019-09-19 09:40:49,245 [Thread-290] INFO  impl.RoleInfo (RoleInfo.java:shutdownFollowerState(121)) - d87be78c-f122-4471-b781-d01263e91835: shutdown FollowerState
2019-09-19 09:40:49,246 [Thread-290] INFO  impl.RaftServerImpl (RaftServerImpl.java:setRole(171)) - d87be78c-f122-4471-b781-d01263e91835:group-A6EC82A7C9AC changes role from FOLLOWER to CANDIDATE at term 0 for changeToCandidate
2019-09-19 09:40:49,246 [Thread-290] INFO  impl.RoleInfo (RoleInfo.java:updateAndGet(143)) - d87be78c-f122-4471-b781-d01263e91835: start LeaderElection
2019-09-19 09:40:49,259 [47e0c7c0-2680-4f55-9417-80daafef46d1:group-D57C1399643A:LeaderElection3] INFO  impl.LeaderElection (LeaderElection.java:askForVotes(181)) - 47e0c7c0-2680-4f55-9417-80daafef46d1:group-D57C1399643A:LeaderElection3: begin an election at term 1 for -1: [47e0c7c0-2680-4f55-9417-80daafef46d1:192.168.34.5:40718], old=null
2019-09-19 09:40:49,261 [d87be78c-f122-4471-b781-d01263e91835:group-A6EC82A7C9AC:LeaderElection4] INFO  impl.LeaderElection (LeaderElection.java:askForVotes(181)) - d87be78c-f122-4471-b781-d01263e91835:group-A6EC82A7C9AC:LeaderElection4: begin an election at term 1 for -1: [d87be78c-f122-4471-b781-d01263e91835:192.168.34.5:39992], old=null
2019-09-19 09:40:49,261 [47e0c7c0-2680-4f55-9417-80daafef46d1:group-D57C1399643A:LeaderElection3] INFO  impl.RoleInfo (RoleInfo.java:shutdownLeaderElection(134)) - 47e0c7c0-2680-4f55-9417-80daafef46d1: shutdown LeaderElection
2019-09-19 09:40:49,261 [d87be78c-f122-4471-b781-d01263e91835:group-A6EC82A7C9AC:LeaderElection4] INFO  impl.RoleInfo (RoleInfo.java:shutdownLeaderElection(134)) - d87be78c-f122-4471-b781-d01263e91835: shutdown LeaderElection
2019-09-19 09:40:49,261 [47e0c7c0-2680-4f55-9417-80daafef46d1:group-D57C1399643A:LeaderElection3] INFO  impl.RaftServerImpl (RaftServerImpl.java:setRole(171)) - 47e0c7c0-2680-4f55-9417-80daafef46d1:group-D57C1399643A changes role from CANDIDATE to LEADER at term 1 for changeToLeader
2019-09-19 09:40:49,261 [d87be78c-f122-4471-b781-d01263e91835:group-A6EC82A7C9AC:LeaderElection4] INFO  impl.RaftServerImpl (RaftServerImpl.java:setRole(171)) - d87be78c-f122-4471-b781-d01263e91835:group-A6EC82A7C9AC changes role from CANDIDATE to LEADER at term 1 for changeToLeader
2019-09-19 09:40:49,261 [47e0c7c0-2680-4f55-9417-80daafef46d1:group-D57C1399643A:LeaderElection3] INFO  impl.RaftServerImpl (ServerState.java:setLeader(263)) - 47e0c7c0-2680-4f55-9417-80daafef46d1:group-D57C1399643A change Leader from null to 47e0c7c0-2680-4f55-9417-80daafef46d1 at term 1 for becomeLeader, leader elected after 5049ms
2019-09-19 09:40:49,262 [d87be78c-f122-4471-b781-d01263e91835:group-A6EC82A7C9AC:LeaderElection4] INFO  impl.RaftServerImpl (ServerState.java:setLeader(263)) - d87be78c-f122-4471-b781-d01263e91835:group-A6EC82A7C9AC change Leader from null to d87be78c-f122-4471-b781-d01263e91835 at term 1 for becomeLeader, leader elected after 5231ms
2019-09-19 09:40:49,262 [47e0c7c0-2680-4f55-9417-80daafef46d1:group-D57C1399643A:LeaderElection3] INFO  server.RaftServerConfigKeys (ConfUtils.java:logGet(43)) - raft.server.staging.catchup.gap = 1000 (default)
2019-09-19 09:40:49,262 [d87be78c-f122-4471-b781-d01263e91835:group-A6EC82A7C9AC:LeaderElection4] INFO  server.RaftServerConfigKeys (ConfUtils.java:logGet(43)) - raft.server.staging.catchup.gap = 1000 (default)
2019-09-19 09:40:49,262 [47e0c7c0-2680-4f55-9417-80daafef46d1:group-D57C1399643A:LeaderElection3] INFO  server.RaftServerConfigKeys (ConfUtils.java:logGet(43)) - raft.server.rpc.sleep.time = 25ms (default)
2019-09-19 09:40:49,262 [d87be78c-f122-4471-b781-d01263e91835:group-A6EC82A7C9AC:LeaderElection4] INFO  server.RaftServerConfigKeys (ConfUtils.java:logGet(43)) - raft.server.rpc.sleep.time = 25ms (default)
2019-09-19 09:40:49,262 [47e0c7c0-2680-4f55-9417-80daafef46d1:group-D57C1399643A:LeaderElection3] INFO  server.RaftServerConfigKeys (ConfUtils.java:logGet(43)) - raft.server.write.element-limit = 4096 (default)
2019-09-19 09:40:49,262 [d87be78c-f122-4471-b781-d01263e91835:group-A6EC82A7C9AC:LeaderElection4] INFO  server.RaftServerConfigKeys (ConfUtils.java:logGet(43)) - raft.server.write.element-limit = 4096 (default)
2019-09-19 09:40:49,262 [47e0c7c0-2680-4f55-9417-80daafef46d1:group-D57C1399643A:LeaderElection3] INFO  server.RaftServerConfigKeys (ConfUtils.java:logGet(43)) - raft.server.watch.timeout = 10s (default)
2019-09-19 09:40:49,263 [d87be78c-f122-4471-b781-d01263e91835:group-A6EC82A7C9AC:LeaderElection4] INFO  server.RaftServerConfigKeys (ConfUtils.java:logGet(43)) - raft.server.watch.timeout = 10s (default)
2019-09-19 09:40:49,263 [47e0c7c0-2680-4f55-9417-80daafef46d1:group-D57C1399643A:LeaderElection3] INFO  server.RaftServerConfigKeys (ConfUtils.java:logGet(43)) - raft.server.watch.timeout.denomination = 1s (default)
2019-09-19 09:40:49,263 [d87be78c-f122-4471-b781-d01263e91835:group-A6EC82A7C9AC:LeaderElection4] INFO  server.RaftServerConfigKeys (ConfUtils.java:logGet(43)) - raft.server.watch.timeout.denomination = 1s (default)
2019-09-19 09:40:49,263 [47e0c7c0-2680-4f55-9417-80daafef46d1:group-D57C1399643A:LeaderElection3] INFO  server.RaftServerConfigKeys (ConfUtils.java:logGet(43)) - raft.server.watch.element-limit = 65536 (default)
2019-09-19 09:40:49,263 [d87be78c-f122-4471-b781-d01263e91835:group-A6EC82A7C9AC:LeaderElection4] INFO  server.RaftServerConfigKeys (ConfUtils.java:logGet(43)) - raft.server.watch.element-limit = 65536 (default)
2019-09-19 09:40:49,263 [47e0c7c0-2680-4f55-9417-80daafef46d1:group-D57C1399643A:LeaderElection3] INFO  impl.RoleInfo (RoleInfo.java:updateAndGet(143)) - 47e0c7c0-2680-4f55-9417-80daafef46d1: start LeaderState
2019-09-19 09:40:49,263 [d87be78c-f122-4471-b781-d01263e91835:group-A6EC82A7C9AC:LeaderElection4] INFO  impl.RoleInfo (RoleInfo.java:updateAndGet(143)) - d87be78c-f122-4471-b781-d01263e91835: start LeaderState
2019-09-19 09:40:49,264 [47e0c7c0-2680-4f55-9417-80daafef46d1:group-D57C1399643A:LeaderElection3] INFO  segmented.SegmentedRaftLogWorker (SegmentedRaftLogWorker.java:startLogSegment(380)) - 47e0c7c0-2680-4f55-9417-80daafef46d1-SegmentedRaftLogWorker:Storage Directory /workdir/hadoop-ozone/ozonefs/target/test-dir/MiniOzoneClusterImpl-21ed0f53-0413-44c7-8609-f438100532e5/datanode-4/data/ratis/2b77a72e-6ded-4c6a-82ec-d57c1399643a: Starting segment from index:0
2019-09-19 09:40:49,264 [d87be78c-f122-4471-b781-d01263e91835:group-A6EC82A7C9AC:LeaderElection4] INFO  segmented.SegmentedRaftLogWorker (SegmentedRaftLogWorker.java:startLogSegment(380)) - d87be78c-f122-4471-b781-d01263e91835-SegmentedRaftLogWorker:Storage Directory /workdir/hadoop-ozone/ozonefs/target/test-dir/MiniOzoneClusterImpl-21ed0f53-0413-44c7-8609-f438100532e5/datanode-3/data/ratis/a45a9c8c-69d3-4af1-bbc8-a6ec82a7c9ac: Starting segment from index:0
2019-09-19 09:40:49,264 [47e0c7c0-2680-4f55-9417-80daafef46d1:group-D57C1399643A:LeaderElection3] INFO  impl.RaftServerImpl (ServerState.java:setRaftConf(361)) - 47e0c7c0-2680-4f55-9417-80daafef46d1:group-D57C1399643A set configuration 0: [47e0c7c0-2680-4f55-9417-80daafef46d1:192.168.34.5:40718], old=null at 0
2019-09-19 09:40:49,264 [d87be78c-f122-4471-b781-d01263e91835:group-A6EC82A7C9AC:LeaderElection4] INFO  impl.RaftServerImpl (ServerState.java:setRaftConf(361)) - d87be78c-f122-4471-b781-d01263e91835:group-A6EC82A7C9AC set configuration 0: [d87be78c-f122-4471-b781-d01263e91835:192.168.34.5:39992], old=null at 0
2019-09-19 09:40:49,305 [Thread-299] INFO  impl.FollowerState (FollowerState.java:run(106)) - 1bcbd64b-2199-49e1-86d3-4e4b64d88b4a:group-48E08087280D changes to CANDIDATE, lastRpcTime:5022, electionTimeout:5011ms
2019-09-19 09:40:49,309 [Thread-299] INFO  impl.RoleInfo (RoleInfo.java:shutdownFollowerState(121)) - 1bcbd64b-2199-49e1-86d3-4e4b64d88b4a: shutdown FollowerState
2019-09-19 09:40:49,309 [Thread-299] INFO  impl.RaftServerImpl (RaftServerImpl.java:setRole(171)) - 1bcbd64b-2199-49e1-86d3-4e4b64d88b4a:group-48E08087280D changes role from FOLLOWER to CANDIDATE at term 0 for changeToCandidate
2019-09-19 09:40:49,309 [Thread-299] INFO  impl.RoleInfo (RoleInfo.java:updateAndGet(143)) - 1bcbd64b-2199-49e1-86d3-4e4b64d88b4a: start LeaderElection
2019-09-19 09:40:49,312 [Thread-293] INFO  impl.FollowerState (FollowerState.java:run(106)) - 47e0c7c0-2680-4f55-9417-80daafef46d1:group-C25C84AFB432 changes to CANDIDATE, lastRpcTime:5172, electionTimeout:5170ms
2019-09-19 09:40:49,312 [Thread-293] INFO  impl.RoleInfo (RoleInfo.java:shutdownFollowerState(121)) - 47e0c7c0-2680-4f55-9417-80daafef46d1: shutdown FollowerState
2019-09-19 09:40:49,318 [Thread-293] INFO  impl.RaftServerImpl (RaftServerImpl.java:setRole(171)) - 47e0c7c0-2680-4f55-9417-80daafef46d1:group-C25C84AFB432 changes role from FOLLOWER to CANDIDATE at term 0 for changeToCandidate
2019-09-19 09:40:49,318 [Thread-293] INFO  impl.RoleInfo (RoleInfo.java:updateAndGet(143)) - 47e0c7c0-2680-4f55-9417-80daafef46d1: start LeaderElection
2019-09-19 09:40:49,321 [47e0c7c0-2680-4f55-9417-80daafef46d1-SegmentedRaftLogWorker:Storage Directory /workdir/hadoop-ozone/ozonefs/target/test-dir/MiniOzoneClusterImpl-21ed0f53-0413-44c7-8609-f438100532e5/datanode-4/data/ratis/2b77a72e-6ded-4c6a-82ec-d57c1399643a] INFO  segmented.SegmentedRaftLogWorker (SegmentedRaftLogWorker.java:execute(569)) - 47e0c7c0-2680-4f55-9417-80daafef46d1-SegmentedRaftLogWorker:Storage Directory /workdir/hadoop-ozone/ozonefs/target/test-dir/MiniOzoneClusterImpl-21ed0f53-0413-44c7-8609-f438100532e5/datanode-4/data/ratis/2b77a72e-6ded-4c6a-82ec-d57c1399643a: created new log segment /workdir/hadoop-ozone/ozonefs/target/test-dir/MiniOzoneClusterImpl-21ed0f53-0413-44c7-8609-f438100532e5/datanode-4/data/ratis/2b77a72e-6ded-4c6a-82ec-d57c1399643a/current/log_inprogress_0
2019-09-19 09:40:49,321 [d87be78c-f122-4471-b781-d01263e91835-SegmentedRaftLogWorker:Storage Directory /workdir/hadoop-ozone/ozonefs/target/test-dir/MiniOzoneClusterImpl-21ed0f53-0413-44c7-8609-f438100532e5/datanode-3/data/ratis/a45a9c8c-69d3-4af1-bbc8-a6ec82a7c9ac] INFO  segmented.SegmentedRaftLogWorker (SegmentedRaftLogWorker.java:execute(569)) - d87be78c-f122-4471-b781-d01263e91835-SegmentedRaftLogWorker:Storage Directory /workdir/hadoop-ozone/ozonefs/target/test-dir/MiniOzoneClusterImpl-21ed0f53-0413-44c7-8609-f438100532e5/datanode-3/data/ratis/a45a9c8c-69d3-4af1-bbc8-a6ec82a7c9ac: created new log segment /workdir/hadoop-ozone/ozonefs/target/test-dir/MiniOzoneClusterImpl-21ed0f53-0413-44c7-8609-f438100532e5/datanode-3/data/ratis/a45a9c8c-69d3-4af1-bbc8-a6ec82a7c9ac/current/log_inprogress_0
2019-09-19 09:40:49,340 [47e0c7c0-2680-4f55-9417-80daafef46d1:group-C25C84AFB432:LeaderElection6] INFO  impl.LeaderElection (LeaderElection.java:askForVotes(181)) - 47e0c7c0-2680-4f55-9417-80daafef46d1:group-C25C84AFB432:LeaderElection6: begin an election at term 1 for -1: [47e0c7c0-2680-4f55-9417-80daafef46d1:192.168.34.5:40718], old=null
2019-09-19 09:40:49,340 [1bcbd64b-2199-49e1-86d3-4e4b64d88b4a:group-48E08087280D:LeaderElection5] INFO  impl.LeaderElection (LeaderElection.java:askForVotes(181)) - 1bcbd64b-2199-49e1-86d3-4e4b64d88b4a:group-48E08087280D:LeaderElection5: begin an election at term 1 for -1: [1bcbd64b-2199-49e1-86d3-4e4b64d88b4a:192.168.34.5:41194], old=null
2019-09-19 09:40:49,340 [47e0c7c0-2680-4f55-9417-80daafef46d1:group-C25C84AFB432:LeaderElection6] INFO  impl.RoleInfo (RoleInfo.java:shutdownLeaderElection(134)) - 47e0c7c0-2680-4f55-9417-80daafef46d1: shutdown LeaderElection
2019-09-19 09:40:49,340 [1bcbd64b-2199-49e1-86d3-4e4b64d88b4a:group-48E08087280D:LeaderElection5] INFO  impl.RoleInfo (RoleInfo.java:shutdownLeaderElection(134)) - 1bcbd64b-2199-49e1-86d3-4e4b64d88b4a: shutdown LeaderElection
2019-09-19 09:40:49,340 [47e0c7c0-2680-4f55-9417-80daafef46d1:group-C25C84AFB432:LeaderElection6] INFO  impl.RaftServerImpl (RaftServerImpl.java:setRole(171)) - 47e0c7c0-2680-4f55-9417-80daafef46d1:group-C25C84AFB432 changes role from CANDIDATE to LEADER at term 1 for changeToLeader
2019-09-19 09:40:49,340 [1bcbd64b-2199-49e1-86d3-4e4b64d88b4a:group-48E08087280D:LeaderElection5] INFO  impl.RaftServerImpl (RaftServerImpl.java:setRole(171)) - 1bcbd64b-2199-49e1-86d3-4e4b64d88b4a:group-48E08087280D changes role from CANDIDATE to LEADER at term 1 for changeToLeader
2019-09-19 09:40:49,340 [47e0c7c0-2680-4f55-9417-80daafef46d1:group-C25C84AFB432:LeaderElection6] INFO  impl.RaftServerImpl (ServerState.java:setLeader(263)) - 47e0c7c0-2680-4f55-9417-80daafef46d1:group-C25C84AFB432 change Leader from null to 47e0c7c0-2680-4f55-9417-80daafef46d1 at term 1 for becomeLeader, leader elected after 5206ms
2019-09-19 09:40:49,340 [1bcbd64b-2199-49e1-86d3-4e4b64d88b4a:group-48E08087280D:LeaderElection5] INFO  impl.RaftServerImpl (ServerState.java:setLeader(263)) - 1bcbd64b-2199-49e1-86d3-4e4b64d88b4a:group-48E08087280D change Leader from null to 1bcbd64b-2199-49e1-86d3-4e4b64d88b4a at term 1 for becomeLeader, leader elected after 5062ms
2019-09-19 09:40:49,341 [47e0c7c0-2680-4f55-9417-80daafef46d1:group-C25C84AFB432:LeaderElection6] INFO  server.RaftServerConfigKeys (ConfUtils.java:logGet(43)) - raft.server.staging.catchup.gap = 1000 (default)
2019-09-19 09:40:49,341 [1bcbd64b-2199-49e1-86d3-4e4b64d88b4a:group-48E08087280D:LeaderElection5] INFO  server.RaftServerConfigKeys (ConfUtils.java:logGet(43)) - raft.server.staging.catchup.gap = 1000 (default)
2019-09-19 09:40:49,341 [47e0c7c0-2680-4f55-9417-80daafef46d1:group-C25C84AFB432:LeaderElection6] INFO  server.RaftServerConfigKeys (ConfUtils.java:logGet(43)) - raft.server.rpc.sleep.time = 25ms (default)
2019-09-19 09:40:49,341 [1bcbd64b-2199-49e1-86d3-4e4b64d88b4a:group-48E08087280D:LeaderElection5] INFO  server.RaftServerConfigKeys (ConfUtils.java:logGet(43)) - raft.server.rpc.sleep.time = 25ms (default)
2019-09-19 09:40:49,341 [47e0c7c0-2680-4f55-9417-80daafef46d1:group-C25C84AFB432:LeaderElection6] INFO  server.RaftServerConfigKeys (ConfUtils.java:logGet(43)) - raft.server.write.element-limit = 4096 (default)
2019-09-19 09:40:49,341 [1bcbd64b-2199-49e1-86d3-4e4b64d88b4a:group-48E08087280D:LeaderElection5] INFO  server.RaftServerConfigKeys (ConfUtils.java:logGet(43)) - raft.server.write.element-limit = 4096 (default)
2019-09-19 09:40:49,341 [47e0c7c0-2680-4f55-9417-80daafef46d1:group-C25C84AFB432:LeaderElection6] INFO  server.RaftServerConfigKeys (ConfUtils.java:logGet(43)) - raft.server.watch.timeout = 10s (default)
2019-09-19 09:40:49,342 [1bcbd64b-2199-49e1-86d3-4e4b64d88b4a:group-48E08087280D:LeaderElection5] INFO  server.RaftServerConfigKeys (ConfUtils.java:logGet(43)) - raft.server.watch.timeout = 10s (default)
2019-09-19 09:40:49,342 [47e0c7c0-2680-4f55-9417-80daafef46d1:group-C25C84AFB432:LeaderElection6] INFO  server.RaftServerConfigKeys (ConfUtils.java:logGet(43)) - raft.server.watch.timeout.denomination = 1s (default)
2019-09-19 09:40:49,342 [1bcbd64b-2199-49e1-86d3-4e4b64d88b4a:group-48E08087280D:LeaderElection5] INFO  server.RaftServerConfigKeys (ConfUtils.java:logGet(43)) - raft.server.watch.timeout.denomination = 1s (default)
2019-09-19 09:40:49,342 [47e0c7c0-2680-4f55-9417-80daafef46d1:group-C25C84AFB432:LeaderElection6] INFO  server.RaftServerConfigKeys (ConfUtils.java:logGet(43)) - raft.server.watch.element-limit = 65536 (default)
2019-09-19 09:40:49,342 [1bcbd64b-2199-49e1-86d3-4e4b64d88b4a:group-48E08087280D:LeaderElection5] INFO  server.RaftServerConfigKeys (ConfUtils.java:logGet(43)) - raft.server.watch.element-limit = 65536 (default)
2019-09-19 09:40:49,342 [47e0c7c0-2680-4f55-9417-80daafef46d1:group-C25C84AFB432:LeaderElection6] INFO  impl.RoleInfo (RoleInfo.java:updateAndGet(143)) - 47e0c7c0-2680-4f55-9417-80daafef46d1: start LeaderState
2019-09-19 09:40:49,342 [1bcbd64b-2199-49e1-86d3-4e4b64d88b4a:group-48E08087280D:LeaderElection5] INFO  impl.RoleInfo (RoleInfo.java:updateAndGet(143)) - 1bcbd64b-2199-49e1-86d3-4e4b64d88b4a: start LeaderState
2019-09-19 09:40:49,343 [47e0c7c0-2680-4f55-9417-80daafef46d1:group-C25C84AFB432:LeaderElection6] INFO  segmented.SegmentedRaftLogWorker (SegmentedRaftLogWorker.java:startLogSegment(380)) - 47e0c7c0-2680-4f55-9417-80daafef46d1-SegmentedRaftLogWorker:Storage Directory /workdir/hadoop-ozone/ozonefs/target/test-dir/MiniOzoneClusterImpl-21ed0f53-0413-44c7-8609-f438100532e5/datanode-4/data/ratis/d96b1a94-ad3f-41f3-9353-c25c84afb432: Starting segment from index:0
2019-09-19 09:40:49,343 [1bcbd64b-2199-49e1-86d3-4e4b64d88b4a:group-48E08087280D:LeaderElection5] INFO  segmented.SegmentedRaftLogWorker (SegmentedRaftLogWorker.java:startLogSegment(380)) - 1bcbd64b-2199-49e1-86d3-4e4b64d88b4a-SegmentedRaftLogWorker:Storage Directory /workdir/hadoop-ozone/ozonefs/target/test-dir/MiniOzoneClusterImpl-21ed0f53-0413-44c7-8609-f438100532e5/datanode-0/data/ratis/9f65c5be-09de-410b-8c06-48e08087280d: Starting segment from index:0
2019-09-19 09:40:49,343 [47e0c7c0-2680-4f55-9417-80daafef46d1:group-C25C84AFB432:LeaderElection6] INFO  impl.RaftServerImpl (ServerState.java:setRaftConf(361)) - 47e0c7c0-2680-4f55-9417-80daafef46d1:group-C25C84AFB432 set configuration 0: [47e0c7c0-2680-4f55-9417-80daafef46d1:192.168.34.5:40718], old=null at 0
2019-09-19 09:40:49,386 [Thread-302] INFO  impl.FollowerState (FollowerState.java:run(106)) - 90577c55-fd31-444d-84bd-73a3c37bc268:group-90CE98ACF0C2 changes to CANDIDATE, lastRpcTime:5018, electionTimeout:5011ms
2019-09-19 09:40:49,386 [1bcbd64b-2199-49e1-86d3-4e4b64d88b4a:group-48E08087280D:LeaderElection5] INFO  impl.RaftServerImpl (ServerState.java:setRaftConf(361)) - 1bcbd64b-2199-49e1-86d3-4e4b64d88b4a:group-48E08087280D set configuration 0: [1bcbd64b-2199-49e1-86d3-4e4b64d88b4a:192.168.34.5:41194], old=null at 0
2019-09-19 09:40:49,386 [Thread-302] INFO  impl.RoleInfo (RoleInfo.java:shutdownFollowerState(121)) - 90577c55-fd31-444d-84bd-73a3c37bc268: shutdown FollowerState
2019-09-19 09:40:49,389 [Thread-302] INFO  impl.RaftServerImpl (RaftServerImpl.java:setRole(171)) - 90577c55-fd31-444d-84bd-73a3c37bc268:group-90CE98ACF0C2 changes role from FOLLOWER to CANDIDATE at term 0 for changeToCandidate
2019-09-19 09:40:49,390 [Thread-302] INFO  impl.RoleInfo (RoleInfo.java:updateAndGet(143)) - 90577c55-fd31-444d-84bd-73a3c37bc268: start LeaderElection
2019-09-19 09:40:49,399 [1bcbd64b-2199-49e1-86d3-4e4b64d88b4a-SegmentedRaftLogWorker:Storage Directory /workdir/hadoop-ozone/ozonefs/target/test-dir/MiniOzoneClusterImpl-21ed0f53-0413-44c7-8609-f438100532e5/datanode-0/data/ratis/9f65c5be-09de-410b-8c06-48e08087280d] INFO  segmented.SegmentedRaftLogWorker (SegmentedRaftLogWorker.java:execute(569)) - 1bcbd64b-2199-49e1-86d3-4e4b64d88b4a-SegmentedRaftLogWorker:Storage Directory /workdir/hadoop-ozone/ozonefs/target/test-dir/MiniOzoneClusterImpl-21ed0f53-0413-44c7-8609-f438100532e5/datanode-0/data/ratis/9f65c5be-09de-410b-8c06-48e08087280d: created new log segment /workdir/hadoop-ozone/ozonefs/target/test-dir/MiniOzoneClusterImpl-21ed0f53-0413-44c7-8609-f438100532e5/datanode-0/data/ratis/9f65c5be-09de-410b-8c06-48e08087280d/current/log_inprogress_0
2019-09-19 09:40:49,399 [47e0c7c0-2680-4f55-9417-80daafef46d1-SegmentedRaftLogWorker:Storage Directory /workdir/hadoop-ozone/ozonefs/target/test-dir/MiniOzoneClusterImpl-21ed0f53-0413-44c7-8609-f438100532e5/datanode-4/data/ratis/d96b1a94-ad3f-41f3-9353-c25c84afb432] INFO  segmented.SegmentedRaftLogWorker (SegmentedRaftLogWorker.java:execute(569)) - 47e0c7c0-2680-4f55-9417-80daafef46d1-SegmentedRaftLogWorker:Storage Directory /workdir/hadoop-ozone/ozonefs/target/test-dir/MiniOzoneClusterImpl-21ed0f53-0413-44c7-8609-f438100532e5/datanode-4/data/ratis/d96b1a94-ad3f-41f3-9353-c25c84afb432: created new log segment /workdir/hadoop-ozone/ozonefs/target/test-dir/MiniOzoneClusterImpl-21ed0f53-0413-44c7-8609-f438100532e5/datanode-4/data/ratis/d96b1a94-ad3f-41f3-9353-c25c84afb432/current/log_inprogress_0
2019-09-19 09:40:49,400 | INFO  | SCMAudit | user=jenkins1000 | ip=192.168.34.5 | op=SEND_HEARTBEAT {datanodeUUID=00cd5ee6-30a6-4c0a-bb6c-a5a65ddde9fb, command=[]} | ret=SUCCESS |  
2019-09-19 09:40:49,400 | INFO  | SCMAudit | user=jenkins1000 | ip=192.168.34.5 | op=SEND_HEARTBEAT {datanodeUUID=d87be78c-f122-4471-b781-d01263e91835, command=[]} | ret=SUCCESS |  
2019-09-19 09:40:49,400 | INFO  | SCMAudit | user=jenkins1000 | ip=192.168.34.5 | op=SEND_HEARTBEAT {datanodeUUID=47e0c7c0-2680-4f55-9417-80daafef46d1, command=[]} | ret=SUCCESS |  
2019-09-19 09:40:49,413 [90577c55-fd31-444d-84bd-73a3c37bc268:group-90CE98ACF0C2:LeaderElection7] INFO  impl.LeaderElection (LeaderElection.java:askForVotes(181)) - 90577c55-fd31-444d-84bd-73a3c37bc268:group-90CE98ACF0C2:LeaderElection7: begin an election at term 1 for -1: [90577c55-fd31-444d-84bd-73a3c37bc268:192.168.34.5:38982], old=null
2019-09-19 09:40:49,413 [90577c55-fd31-444d-84bd-73a3c37bc268:group-90CE98ACF0C2:LeaderElection7] INFO  impl.RoleInfo (RoleInfo.java:shutdownLeaderElection(134)) - 90577c55-fd31-444d-84bd-73a3c37bc268: shutdown LeaderElection
2019-09-19 09:40:49,413 [90577c55-fd31-444d-84bd-73a3c37bc268:group-90CE98ACF0C2:LeaderElection7] INFO  impl.RaftServerImpl (RaftServerImpl.java:setRole(171)) - 90577c55-fd31-444d-84bd-73a3c37bc268:group-90CE98ACF0C2 changes role from CANDIDATE to LEADER at term 1 for changeToLeader
2019-09-19 09:40:49,413 [90577c55-fd31-444d-84bd-73a3c37bc268:group-90CE98ACF0C2:LeaderElection7] INFO  impl.RaftServerImpl (ServerState.java:setLeader(263)) - 90577c55-fd31-444d-84bd-73a3c37bc268:group-90CE98ACF0C2 change Leader from null to 90577c55-fd31-444d-84bd-73a3c37bc268 at term 1 for becomeLeader, leader elected after 5051ms
2019-09-19 09:40:49,414 [90577c55-fd31-444d-84bd-73a3c37bc268:group-90CE98ACF0C2:LeaderElection7] INFO  server.RaftServerConfigKeys (ConfUtils.java:logGet(43)) - raft.server.staging.catchup.gap = 1000 (default)
2019-09-19 09:40:49,414 [90577c55-fd31-444d-84bd-73a3c37bc268:group-90CE98ACF0C2:LeaderElection7] INFO  server.RaftServerConfigKeys (ConfUtils.java:logGet(43)) - raft.server.rpc.sleep.time = 25ms (default)
2019-09-19 09:40:49,414 [90577c55-fd31-444d-84bd-73a3c37bc268:group-90CE98ACF0C2:LeaderElection7] INFO  server.RaftServerConfigKeys (ConfUtils.java:logGet(43)) - raft.server.write.element-limit = 4096 (default)
2019-09-19 09:40:49,414 [90577c55-fd31-444d-84bd-73a3c37bc268:group-90CE98ACF0C2:LeaderElection7] INFO  server.RaftServerConfigKeys (ConfUtils.java:logGet(43)) - raft.server.watch.timeout = 10s (default)
2019-09-19 09:40:49,414 [90577c55-fd31-444d-84bd-73a3c37bc268:group-90CE98ACF0C2:LeaderElection7] INFO  server.RaftServerConfigKeys (ConfUtils.java:logGet(43)) - raft.server.watch.timeout.denomination = 1s (default)
2019-09-19 09:40:49,414 [90577c55-fd31-444d-84bd-73a3c37bc268:group-90CE98ACF0C2:LeaderElection7] INFO  server.RaftServerConfigKeys (ConfUtils.java:logGet(43)) - raft.server.watch.element-limit = 65536 (default)
2019-09-19 09:40:49,414 [90577c55-fd31-444d-84bd-73a3c37bc268:group-90CE98ACF0C2:LeaderElection7] INFO  impl.RoleInfo (RoleInfo.java:updateAndGet(143)) - 90577c55-fd31-444d-84bd-73a3c37bc268: start LeaderState
2019-09-19 09:40:49,415 [90577c55-fd31-444d-84bd-73a3c37bc268:group-90CE98ACF0C2:LeaderElection7] INFO  segmented.SegmentedRaftLogWorker (SegmentedRaftLogWorker.java:startLogSegment(380)) - 90577c55-fd31-444d-84bd-73a3c37bc268-SegmentedRaftLogWorker:Storage Directory /workdir/hadoop-ozone/ozonefs/target/test-dir/MiniOzoneClusterImpl-21ed0f53-0413-44c7-8609-f438100532e5/datanode-2/data/ratis/5f3d32d7-968a-4a52-9d9c-90ce98acf0c2: Starting segment from index:0
2019-09-19 09:40:49,415 [90577c55-fd31-444d-84bd-73a3c37bc268:group-90CE98ACF0C2:LeaderElection7] INFO  impl.RaftServerImpl (ServerState.java:setRaftConf(361)) - 90577c55-fd31-444d-84bd-73a3c37bc268:group-90CE98ACF0C2 set configuration 0: [90577c55-fd31-444d-84bd-73a3c37bc268:192.168.34.5:38982], old=null at 0
2019-09-19 09:40:49,451 | INFO  | SCMAudit | user=jenkins1000 | ip=192.168.34.5 | op=SEND_HEARTBEAT {datanodeUUID=28f77823-de9e-44cc-bd18-5b415144a5bf, command=[]} | ret=SUCCESS |  
2019-09-19 09:40:49,455 [90577c55-fd31-444d-84bd-73a3c37bc268-SegmentedRaftLogWorker:Storage Directory /workdir/hadoop-ozone/ozonefs/target/test-dir/MiniOzoneClusterImpl-21ed0f53-0413-44c7-8609-f438100532e5/datanode-2/data/ratis/5f3d32d7-968a-4a52-9d9c-90ce98acf0c2] INFO  segmented.SegmentedRaftLogWorker (SegmentedRaftLogWorker.java:execute(569)) - 90577c55-fd31-444d-84bd-73a3c37bc268-SegmentedRaftLogWorker:Storage Directory /workdir/hadoop-ozone/ozonefs/target/test-dir/MiniOzoneClusterImpl-21ed0f53-0413-44c7-8609-f438100532e5/datanode-2/data/ratis/5f3d32d7-968a-4a52-9d9c-90ce98acf0c2: created new log segment /workdir/hadoop-ozone/ozonefs/target/test-dir/MiniOzoneClusterImpl-21ed0f53-0413-44c7-8609-f438100532e5/datanode-2/data/ratis/5f3d32d7-968a-4a52-9d9c-90ce98acf0c2/current/log_inprogress_0
2019-09-19 09:40:49,556 [Thread-305] INFO  impl.FollowerState (FollowerState.java:run(106)) - bb9d252a-546d-48b3-aabe-52964da86e48:group-17F5CFD46B11 changes to CANDIDATE, lastRpcTime:5084, electionTimeout:5084ms
2019-09-19 09:40:49,556 [Thread-305] INFO  impl.RoleInfo (RoleInfo.java:shutdownFollowerState(121)) - bb9d252a-546d-48b3-aabe-52964da86e48: shutdown FollowerState
2019-09-19 09:40:49,556 [Thread-305] INFO  impl.RaftServerImpl (RaftServerImpl.java:setRole(171)) - bb9d252a-546d-48b3-aabe-52964da86e48:group-17F5CFD46B11 changes role from FOLLOWER to CANDIDATE at term 0 for changeToCandidate
2019-09-19 09:40:49,556 [Thread-305] INFO  impl.RoleInfo (RoleInfo.java:updateAndGet(143)) - bb9d252a-546d-48b3-aabe-52964da86e48: start LeaderElection
2019-09-19 09:40:49,579 [bb9d252a-546d-48b3-aabe-52964da86e48:group-17F5CFD46B11:LeaderElection8] INFO  impl.LeaderElection (LeaderElection.java:askForVotes(181)) - bb9d252a-546d-48b3-aabe-52964da86e48:group-17F5CFD46B11:LeaderElection8: begin an election at term 1 for -1: [bb9d252a-546d-48b3-aabe-52964da86e48:192.168.34.5:44392], old=null
2019-09-19 09:40:49,580 [bb9d252a-546d-48b3-aabe-52964da86e48:group-17F5CFD46B11:LeaderElection8] INFO  impl.RoleInfo (RoleInfo.java:shutdownLeaderElection(134)) - bb9d252a-546d-48b3-aabe-52964da86e48: shutdown LeaderElection
2019-09-19 09:40:49,580 [bb9d252a-546d-48b3-aabe-52964da86e48:group-17F5CFD46B11:LeaderElection8] INFO  impl.RaftServerImpl (RaftServerImpl.java:setRole(171)) - bb9d252a-546d-48b3-aabe-52964da86e48:group-17F5CFD46B11 changes role from CANDIDATE to LEADER at term 1 for changeToLeader
2019-09-19 09:40:49,580 [bb9d252a-546d-48b3-aabe-52964da86e48:group-17F5CFD46B11:LeaderElection8] INFO  impl.RaftServerImpl (ServerState.java:setLeader(263)) - bb9d252a-546d-48b3-aabe-52964da86e48:group-17F5CFD46B11 change Leader from null to bb9d252a-546d-48b3-aabe-52964da86e48 at term 1 for becomeLeader, leader elected after 5113ms
2019-09-19 09:40:49,580 [bb9d252a-546d-48b3-aabe-52964da86e48:group-17F5CFD46B11:LeaderElection8] INFO  server.RaftServerConfigKeys (ConfUtils.java:logGet(43)) - raft.server.staging.catchup.gap = 1000 (default)
2019-09-19 09:40:49,580 [bb9d252a-546d-48b3-aabe-52964da86e48:group-17F5CFD46B11:LeaderElection8] INFO  server.RaftServerConfigKeys (ConfUtils.java:logGet(43)) - raft.server.rpc.sleep.time = 25ms (default)
2019-09-19 09:40:49,581 [bb9d252a-546d-48b3-aabe-52964da86e48:group-17F5CFD46B11:LeaderElection8] INFO  server.RaftServerConfigKeys (ConfUtils.java:logGet(43)) - raft.server.write.element-limit = 4096 (default)
2019-09-19 09:40:49,581 [bb9d252a-546d-48b3-aabe-52964da86e48:group-17F5CFD46B11:LeaderElection8] INFO  server.RaftServerConfigKeys (ConfUtils.java:logGet(43)) - raft.server.watch.timeout = 10s (default)
2019-09-19 09:40:49,581 [bb9d252a-546d-48b3-aabe-52964da86e48:group-17F5CFD46B11:LeaderElection8] INFO  server.RaftServerConfigKeys (ConfUtils.java:logGet(43)) - raft.server.watch.timeout.denomination = 1s (default)
2019-09-19 09:40:49,581 [bb9d252a-546d-48b3-aabe-52964da86e48:group-17F5CFD46B11:LeaderElection8] INFO  server.RaftServerConfigKeys (ConfUtils.java:logGet(43)) - raft.server.watch.element-limit = 65536 (default)
2019-09-19 09:40:49,582 [bb9d252a-546d-48b3-aabe-52964da86e48:group-17F5CFD46B11:LeaderElection8] INFO  impl.RoleInfo (RoleInfo.java:updateAndGet(143)) - bb9d252a-546d-48b3-aabe-52964da86e48: start LeaderState
2019-09-19 09:40:49,582 [bb9d252a-546d-48b3-aabe-52964da86e48:group-17F5CFD46B11:LeaderElection8] INFO  segmented.SegmentedRaftLogWorker (SegmentedRaftLogWorker.java:startLogSegment(380)) - bb9d252a-546d-48b3-aabe-52964da86e48-SegmentedRaftLogWorker:Storage Directory /workdir/hadoop-ozone/ozonefs/target/test-dir/MiniOzoneClusterImpl-21ed0f53-0413-44c7-8609-f438100532e5/datanode-6/data/ratis/83e37f9a-9a8d-4d8b-94f5-17f5cfd46b11: Starting segment from index:0
2019-09-19 09:40:49,583 [bb9d252a-546d-48b3-aabe-52964da86e48:group-17F5CFD46B11:LeaderElection8] INFO  impl.RaftServerImpl (ServerState.java:setRaftConf(361)) - bb9d252a-546d-48b3-aabe-52964da86e48:group-17F5CFD46B11 set configuration 0: [bb9d252a-546d-48b3-aabe-52964da86e48:192.168.34.5:44392], old=null at 0
2019-09-19 09:40:49,619 [Thread-308] INFO  impl.FollowerState (FollowerState.java:run(106)) - 28f77823-de9e-44cc-bd18-5b415144a5bf:group-D1E3E853F284 changes to CANDIDATE, lastRpcTime:5071, electionTimeout:5039ms
2019-09-19 09:40:49,619 [Thread-308] INFO  impl.RoleInfo (RoleInfo.java:shutdownFollowerState(121)) - 28f77823-de9e-44cc-bd18-5b415144a5bf: shutdown FollowerState
2019-09-19 09:40:49,619 [Thread-308] INFO  impl.RaftServerImpl (RaftServerImpl.java:setRole(171)) - 28f77823-de9e-44cc-bd18-5b415144a5bf:group-D1E3E853F284 changes role from FOLLOWER to CANDIDATE at term 0 for changeToCandidate
2019-09-19 09:40:49,619 [Thread-308] INFO  impl.RoleInfo (RoleInfo.java:updateAndGet(143)) - 28f77823-de9e-44cc-bd18-5b415144a5bf: start LeaderElection
2019-09-19 09:40:49,628 | INFO  | SCMAudit | user=jenkins1000 | ip=192.168.34.5 | op=SEND_HEARTBEAT {datanodeUUID=1cd79902-2a06-4a3f-8023-3eba64f51293, command=[]} | ret=SUCCESS |  
2019-09-19 09:40:49,628 | INFO  | SCMAudit | user=jenkins1000 | ip=192.168.34.5 | op=SEND_HEARTBEAT {datanodeUUID=caeb75b6-27c7-410d-b6eb-8f738956b5a3, command=[]} | ret=SUCCESS |  
2019-09-19 09:40:49,631 [bb9d252a-546d-48b3-aabe-52964da86e48-SegmentedRaftLogWorker:Storage Directory /workdir/hadoop-ozone/ozonefs/target/test-dir/MiniOzoneClusterImpl-21ed0f53-0413-44c7-8609-f438100532e5/datanode-6/data/ratis/83e37f9a-9a8d-4d8b-94f5-17f5cfd46b11] INFO  segmented.SegmentedRaftLogWorker (SegmentedRaftLogWorker.java:execute(569)) - bb9d252a-546d-48b3-aabe-52964da86e48-SegmentedRaftLogWorker:Storage Directory /workdir/hadoop-ozone/ozonefs/target/test-dir/MiniOzoneClusterImpl-21ed0f53-0413-44c7-8609-f438100532e5/datanode-6/data/ratis/83e37f9a-9a8d-4d8b-94f5-17f5cfd46b11: created new log segment /workdir/hadoop-ozone/ozonefs/target/test-dir/MiniOzoneClusterImpl-21ed0f53-0413-44c7-8609-f438100532e5/datanode-6/data/ratis/83e37f9a-9a8d-4d8b-94f5-17f5cfd46b11/current/log_inprogress_0
2019-09-19 09:40:49,631 [28f77823-de9e-44cc-bd18-5b415144a5bf:group-D1E3E853F284:LeaderElection9] INFO  impl.LeaderElection (LeaderElection.java:askForVotes(181)) - 28f77823-de9e-44cc-bd18-5b415144a5bf:group-D1E3E853F284:LeaderElection9: begin an election at term 1 for -1: [28f77823-de9e-44cc-bd18-5b415144a5bf:192.168.34.5:41344], old=null
2019-09-19 09:40:49,631 [28f77823-de9e-44cc-bd18-5b415144a5bf:group-D1E3E853F284:LeaderElection9] INFO  impl.RoleInfo (RoleInfo.java:shutdownLeaderElection(134)) - 28f77823-de9e-44cc-bd18-5b415144a5bf: shutdown LeaderElection
2019-09-19 09:40:49,632 [28f77823-de9e-44cc-bd18-5b415144a5bf:group-D1E3E853F284:LeaderElection9] INFO  impl.RaftServerImpl (RaftServerImpl.java:setRole(171)) - 28f77823-de9e-44cc-bd18-5b415144a5bf:group-D1E3E853F284 changes role from CANDIDATE to LEADER at term 1 for changeToLeader
2019-09-19 09:40:49,632 [28f77823-de9e-44cc-bd18-5b415144a5bf:group-D1E3E853F284:LeaderElection9] INFO  impl.RaftServerImpl (ServerState.java:setLeader(263)) - 28f77823-de9e-44cc-bd18-5b415144a5bf:group-D1E3E853F284 change Leader from null to 28f77823-de9e-44cc-bd18-5b415144a5bf at term 1 for becomeLeader, leader elected after 5089ms
2019-09-19 09:40:49,632 [28f77823-de9e-44cc-bd18-5b415144a5bf:group-D1E3E853F284:LeaderElection9] INFO  server.RaftServerConfigKeys (ConfUtils.java:logGet(43)) - raft.server.staging.catchup.gap = 1000 (default)
2019-09-19 09:40:49,632 [28f77823-de9e-44cc-bd18-5b415144a5bf:group-D1E3E853F284:LeaderElection9] INFO  server.RaftServerConfigKeys (ConfUtils.java:logGet(43)) - raft.server.rpc.sleep.time = 25ms (default)
2019-09-19 09:40:49,632 [28f77823-de9e-44cc-bd18-5b415144a5bf:group-D1E3E853F284:LeaderElection9] INFO  server.RaftServerConfigKeys (ConfUtils.java:logGet(43)) - raft.server.write.element-limit = 4096 (default)
2019-09-19 09:40:49,632 [28f77823-de9e-44cc-bd18-5b415144a5bf:group-D1E3E853F284:LeaderElection9] INFO  server.RaftServerConfigKeys (ConfUtils.java:logGet(43)) - raft.server.watch.timeout = 10s (default)
2019-09-19 09:40:49,632 [28f77823-de9e-44cc-bd18-5b415144a5bf:group-D1E3E853F284:LeaderElection9] INFO  server.RaftServerConfigKeys (ConfUtils.java:logGet(43)) - raft.server.watch.timeout.denomination = 1s (default)
2019-09-19 09:40:49,633 [28f77823-de9e-44cc-bd18-5b415144a5bf:group-D1E3E853F284:LeaderElection9] INFO  server.RaftServerConfigKeys (ConfUtils.java:logGet(43)) - raft.server.watch.element-limit = 65536 (default)
2019-09-19 09:40:49,633 [28f77823-de9e-44cc-bd18-5b415144a5bf:group-D1E3E853F284:LeaderElection9] INFO  impl.RoleInfo (RoleInfo.java:updateAndGet(143)) - 28f77823-de9e-44cc-bd18-5b415144a5bf: start LeaderState
2019-09-19 09:40:49,633 [28f77823-de9e-44cc-bd18-5b415144a5bf:group-D1E3E853F284:LeaderElection9] INFO  segmented.SegmentedRaftLogWorker (SegmentedRaftLogWorker.java:startLogSegment(380)) - 28f77823-de9e-44cc-bd18-5b415144a5bf-SegmentedRaftLogWorker:Storage Directory /workdir/hadoop-ozone/ozonefs/target/test-dir/MiniOzoneClusterImpl-21ed0f53-0413-44c7-8609-f438100532e5/datanode-1/data/ratis/e70026a8-9102-47f1-8c03-d1e3e853f284: Starting segment from index:0
2019-09-19 09:40:49,634 [28f77823-de9e-44cc-bd18-5b415144a5bf:group-D1E3E853F284:LeaderElection9] INFO  impl.RaftServerImpl (ServerState.java:setRaftConf(361)) - 28f77823-de9e-44cc-bd18-5b415144a5bf:group-D1E3E853F284 set configuration 0: [28f77823-de9e-44cc-bd18-5b415144a5bf:192.168.34.5:41344], old=null at 0
2019-09-19 09:40:49,683 [28f77823-de9e-44cc-bd18-5b415144a5bf-SegmentedRaftLogWorker:Storage Directory /workdir/hadoop-ozone/ozonefs/target/test-dir/MiniOzoneClusterImpl-21ed0f53-0413-44c7-8609-f438100532e5/datanode-1/data/ratis/e70026a8-9102-47f1-8c03-d1e3e853f284] INFO  segmented.SegmentedRaftLogWorker (SegmentedRaftLogWorker.java:execute(569)) - 28f77823-de9e-44cc-bd18-5b415144a5bf-SegmentedRaftLogWorker:Storage Directory /workdir/hadoop-ozone/ozonefs/target/test-dir/MiniOzoneClusterImpl-21ed0f53-0413-44c7-8609-f438100532e5/datanode-1/data/ratis/e70026a8-9102-47f1-8c03-d1e3e853f284: created new log segment /workdir/hadoop-ozone/ozonefs/target/test-dir/MiniOzoneClusterImpl-21ed0f53-0413-44c7-8609-f438100532e5/datanode-1/data/ratis/e70026a8-9102-47f1-8c03-d1e3e853f284/current/log_inprogress_0
2019-09-19 09:40:49,723 [Thread-314] INFO  impl.FollowerState (FollowerState.java:run(106)) - 1bcbd64b-2199-49e1-86d3-4e4b64d88b4a:group-CE7D92D06AE0 changes to CANDIDATE, lastRpcTime:5033, electionTimeout:5033ms
2019-09-19 09:40:49,723 [Thread-314] INFO  impl.RoleInfo (RoleInfo.java:shutdownFollowerState(121)) - 1bcbd64b-2199-49e1-86d3-4e4b64d88b4a: shutdown FollowerState
2019-09-19 09:40:49,723 [Thread-314] INFO  impl.RaftServerImpl (RaftServerImpl.java:setRole(171)) - 1bcbd64b-2199-49e1-86d3-4e4b64d88b4a:group-CE7D92D06AE0 changes role from FOLLOWER to CANDIDATE at term 0 for changeToCandidate
2019-09-19 09:40:49,724 [Thread-314] INFO  impl.RoleInfo (RoleInfo.java:updateAndGet(143)) - 1bcbd64b-2199-49e1-86d3-4e4b64d88b4a: start LeaderElection
2019-09-19 09:40:49,734 | INFO  | SCMAudit | user=jenkins1000 | ip=192.168.34.5 | op=SEND_HEARTBEAT {datanodeUUID=90577c55-fd31-444d-84bd-73a3c37bc268, command=[]} | ret=SUCCESS |  
2019-09-19 09:40:49,746 [1bcbd64b-2199-49e1-86d3-4e4b64d88b4a:group-CE7D92D06AE0:LeaderElection10] INFO  impl.LeaderElection (LeaderElection.java:askForVotes(181)) - 1bcbd64b-2199-49e1-86d3-4e4b64d88b4a:group-CE7D92D06AE0:LeaderElection10: begin an election at term 1 for -1: [1bcbd64b-2199-49e1-86d3-4e4b64d88b4a:192.168.34.5:41194], old=null
2019-09-19 09:40:49,746 [1bcbd64b-2199-49e1-86d3-4e4b64d88b4a:group-CE7D92D06AE0:LeaderElection10] INFO  impl.RoleInfo (RoleInfo.java:shutdownLeaderElection(134)) - 1bcbd64b-2199-49e1-86d3-4e4b64d88b4a: shutdown LeaderElection
2019-09-19 09:40:49,746 [1bcbd64b-2199-49e1-86d3-4e4b64d88b4a:group-CE7D92D06AE0:LeaderElection10] INFO  impl.RaftServerImpl (RaftServerImpl.java:setRole(171)) - 1bcbd64b-2199-49e1-86d3-4e4b64d88b4a:group-CE7D92D06AE0 changes role from CANDIDATE to LEADER at term 1 for changeToLeader
2019-09-19 09:40:49,747 [1bcbd64b-2199-49e1-86d3-4e4b64d88b4a:group-CE7D92D06AE0:LeaderElection10] INFO  impl.RaftServerImpl (ServerState.java:setLeader(263)) - 1bcbd64b-2199-49e1-86d3-4e4b64d88b4a:group-CE7D92D06AE0 change Leader from null to 1bcbd64b-2199-49e1-86d3-4e4b64d88b4a at term 1 for becomeLeader, leader elected after 5061ms
2019-09-19 09:40:49,747 [1bcbd64b-2199-49e1-86d3-4e4b64d88b4a:group-CE7D92D06AE0:LeaderElection10] INFO  server.RaftServerConfigKeys (ConfUtils.java:logGet(43)) - raft.server.staging.catchup.gap = 1000 (default)
2019-09-19 09:40:49,747 [1bcbd64b-2199-49e1-86d3-4e4b64d88b4a:group-CE7D92D06AE0:LeaderElection10] INFO  server.RaftServerConfigKeys (ConfUtils.java:logGet(43)) - raft.server.rpc.sleep.time = 25ms (default)
2019-09-19 09:40:49,747 [1bcbd64b-2199-49e1-86d3-4e4b64d88b4a:group-CE7D92D06AE0:LeaderElection10] INFO  server.RaftServerConfigKeys (ConfUtils.java:logGet(43)) - raft.server.write.element-limit = 4096 (default)
2019-09-19 09:40:49,748 [1bcbd64b-2199-49e1-86d3-4e4b64d88b4a:group-CE7D92D06AE0:LeaderElection10] INFO  server.RaftServerConfigKeys (ConfUtils.java:logGet(43)) - raft.server.watch.timeout = 10s (default)
2019-09-19 09:40:49,748 [1bcbd64b-2199-49e1-86d3-4e4b64d88b4a:group-CE7D92D06AE0:LeaderElection10] INFO  server.RaftServerConfigKeys (ConfUtils.java:logGet(43)) - raft.server.watch.timeout.denomination = 1s (default)
2019-09-19 09:40:49,748 [1bcbd64b-2199-49e1-86d3-4e4b64d88b4a:group-CE7D92D06AE0:LeaderElection10] INFO  server.RaftServerConfigKeys (ConfUtils.java:logGet(43)) - raft.server.watch.element-limit = 65536 (default)
2019-09-19 09:40:49,748 [1bcbd64b-2199-49e1-86d3-4e4b64d88b4a:group-CE7D92D06AE0:LeaderElection10] INFO  impl.RoleInfo (RoleInfo.java:updateAndGet(143)) - 1bcbd64b-2199-49e1-86d3-4e4b64d88b4a: start LeaderState
2019-09-19 09:40:49,749 [1bcbd64b-2199-49e1-86d3-4e4b64d88b4a:group-CE7D92D06AE0:LeaderElection10] INFO  segmented.SegmentedRaftLogWorker (SegmentedRaftLogWorker.java:startLogSegment(380)) - 1bcbd64b-2199-49e1-86d3-4e4b64d88b4a-SegmentedRaftLogWorker:Storage Directory /workdir/hadoop-ozone/ozonefs/target/test-dir/MiniOzoneClusterImpl-21ed0f53-0413-44c7-8609-f438100532e5/datanode-0/data/ratis/9cacf216-ad3f-4c62-bb5b-ce7d92d06ae0: Starting segment from index:0
2019-09-19 09:40:49,749 [1bcbd64b-2199-49e1-86d3-4e4b64d88b4a:group-CE7D92D06AE0:LeaderElection10] INFO  impl.RaftServerImpl (ServerState.java:setRaftConf(361)) - 1bcbd64b-2199-49e1-86d3-4e4b64d88b4a:group-CE7D92D06AE0 set configuration 0: [1bcbd64b-2199-49e1-86d3-4e4b64d88b4a:192.168.34.5:41194], old=null at 0
2019-09-19 09:40:49,778 [Thread-311] INFO  impl.FollowerState (FollowerState.java:run(106)) - d87be78c-f122-4471-b781-d01263e91835:group-B78F84C17D6F changes to CANDIDATE, lastRpcTime:5151, electionTimeout:5145ms
2019-09-19 09:40:49,778 [Thread-311] INFO  impl.RoleInfo (RoleInfo.java:shutdownFollowerState(121)) - d87be78c-f122-4471-b781-d01263e91835: shutdown FollowerState
2019-09-19 09:40:49,778 [Thread-311] INFO  impl.RaftServerImpl (RaftServerImpl.java:setRole(171)) - d87be78c-f122-4471-b781-d01263e91835:group-B78F84C17D6F changes role from FOLLOWER to CANDIDATE at term 0 for changeToCandidate
2019-09-19 09:40:49,778 [Thread-311] INFO  impl.RoleInfo (RoleInfo.java:updateAndGet(143)) - d87be78c-f122-4471-b781-d01263e91835: start LeaderElection
2019-09-19 09:40:49,791 [1bcbd64b-2199-49e1-86d3-4e4b64d88b4a-SegmentedRaftLogWorker:Storage Directory /workdir/hadoop-ozone/ozonefs/target/test-dir/MiniOzoneClusterImpl-21ed0f53-0413-44c7-8609-f438100532e5/datanode-0/data/ratis/9cacf216-ad3f-4c62-bb5b-ce7d92d06ae0] INFO  segmented.SegmentedRaftLogWorker (SegmentedRaftLogWorker.java:execute(569)) - 1bcbd64b-2199-49e1-86d3-4e4b64d88b4a-SegmentedRaftLogWorker:Storage Directory /workdir/hadoop-ozone/ozonefs/target/test-dir/MiniOzoneClusterImpl-21ed0f53-0413-44c7-8609-f438100532e5/datanode-0/data/ratis/9cacf216-ad3f-4c62-bb5b-ce7d92d06ae0: created new log segment /workdir/hadoop-ozone/ozonefs/target/test-dir/MiniOzoneClusterImpl-21ed0f53-0413-44c7-8609-f438100532e5/datanode-0/data/ratis/9cacf216-ad3f-4c62-bb5b-ce7d92d06ae0/current/log_inprogress_0
2019-09-19 09:40:49,793 [d87be78c-f122-4471-b781-d01263e91835:group-B78F84C17D6F:LeaderElection11] INFO  impl.LeaderElection (LeaderElection.java:askForVotes(181)) - d87be78c-f122-4471-b781-d01263e91835:group-B78F84C17D6F:LeaderElection11: begin an election at term 1 for -1: [d87be78c-f122-4471-b781-d01263e91835:192.168.34.5:39992], old=null
2019-09-19 09:40:49,793 [d87be78c-f122-4471-b781-d01263e91835:group-B78F84C17D6F:LeaderElection11] INFO  impl.RoleInfo (RoleInfo.java:shutdownLeaderElection(134)) - d87be78c-f122-4471-b781-d01263e91835: shutdown LeaderElection
2019-09-19 09:40:49,794 [d87be78c-f122-4471-b781-d01263e91835:group-B78F84C17D6F:LeaderElection11] INFO  impl.RaftServerImpl (RaftServerImpl.java:setRole(171)) - d87be78c-f122-4471-b781-d01263e91835:group-B78F84C17D6F changes role from CANDIDATE to LEADER at term 1 for changeToLeader
2019-09-19 09:40:49,794 [d87be78c-f122-4471-b781-d01263e91835:group-B78F84C17D6F:LeaderElection11] INFO  impl.RaftServerImpl (ServerState.java:setLeader(263)) - d87be78c-f122-4471-b781-d01263e91835:group-B78F84C17D6F change Leader from null to d87be78c-f122-4471-b781-d01263e91835 at term 1 for becomeLeader, leader elected after 5172ms
2019-09-19 09:40:49,794 [d87be78c-f122-4471-b781-d01263e91835:group-B78F84C17D6F:LeaderElection11] INFO  server.RaftServerConfigKeys (ConfUtils.java:logGet(43)) - raft.server.staging.catchup.gap = 1000 (default)
2019-09-19 09:40:49,794 [d87be78c-f122-4471-b781-d01263e91835:group-B78F84C17D6F:LeaderElection11] INFO  server.RaftServerConfigKeys (ConfUtils.java:logGet(43)) - raft.server.rpc.sleep.time = 25ms (default)
2019-09-19 09:40:49,795 [d87be78c-f122-4471-b781-d01263e91835:group-B78F84C17D6F:LeaderElection11] INFO  server.RaftServerConfigKeys (ConfUtils.java:logGet(43)) - raft.server.write.element-limit = 4096 (default)
2019-09-19 09:40:49,795 [d87be78c-f122-4471-b781-d01263e91835:group-B78F84C17D6F:LeaderElection11] INFO  server.RaftServerConfigKeys (ConfUtils.java:logGet(43)) - raft.server.watch.timeout = 10s (default)
2019-09-19 09:40:49,795 [d87be78c-f122-4471-b781-d01263e91835:group-B78F84C17D6F:LeaderElection11] INFO  server.RaftServerConfigKeys (ConfUtils.java:logGet(43)) - raft.server.watch.timeout.denomination = 1s (default)
2019-09-19 09:40:49,795 [d87be78c-f122-4471-b781-d01263e91835:group-B78F84C17D6F:LeaderElection11] INFO  server.RaftServerConfigKeys (ConfUtils.java:logGet(43)) - raft.server.watch.element-limit = 65536 (default)
2019-09-19 09:40:49,795 [d87be78c-f122-4471-b781-d01263e91835:group-B78F84C17D6F:LeaderElection11] INFO  impl.RoleInfo (RoleInfo.java:updateAndGet(143)) - d87be78c-f122-4471-b781-d01263e91835: start LeaderState
2019-09-19 09:40:49,796 [d87be78c-f122-4471-b781-d01263e91835:group-B78F84C17D6F:LeaderElection11] INFO  segmented.SegmentedRaftLogWorker (SegmentedRaftLogWorker.java:startLogSegment(380)) - d87be78c-f122-4471-b781-d01263e91835-SegmentedRaftLogWorker:Storage Directory /workdir/hadoop-ozone/ozonefs/target/test-dir/MiniOzoneClusterImpl-21ed0f53-0413-44c7-8609-f438100532e5/datanode-3/data/ratis/bcdea4f1-1e36-4820-94ce-b78f84c17d6f: Starting segment from index:0
2019-09-19 09:40:49,796 [d87be78c-f122-4471-b781-d01263e91835:group-B78F84C17D6F:LeaderElection11] INFO  impl.RaftServerImpl (ServerState.java:setRaftConf(361)) - d87be78c-f122-4471-b781-d01263e91835:group-B78F84C17D6F set configuration 0: [d87be78c-f122-4471-b781-d01263e91835:192.168.34.5:39992], old=null at 0
2019-09-19 09:40:49,834 [Thread-317] INFO  impl.FollowerState (FollowerState.java:run(106)) - 1cd79902-2a06-4a3f-8023-3eba64f51293:group-324EBC65A8E4 changes to CANDIDATE, lastRpcTime:5029, electionTimeout:5013ms
2019-09-19 09:40:49,836 [Thread-317] INFO  impl.RoleInfo (RoleInfo.java:shutdownFollowerState(121)) - 1cd79902-2a06-4a3f-8023-3eba64f51293: shutdown FollowerState
2019-09-19 09:40:49,836 [Thread-317] INFO  impl.RaftServerImpl (RaftServerImpl.java:setRole(171)) - 1cd79902-2a06-4a3f-8023-3eba64f51293:group-324EBC65A8E4 changes role from FOLLOWER to CANDIDATE at term 0 for changeToCandidate
2019-09-19 09:40:49,838 [Thread-317] INFO  impl.RoleInfo (RoleInfo.java:updateAndGet(143)) - 1cd79902-2a06-4a3f-8023-3eba64f51293: start LeaderElection
2019-09-19 09:40:49,844 | INFO  | SCMAudit | user=jenkins1000 | ip=192.168.34.5 | op=SEND_HEARTBEAT {datanodeUUID=bb9d252a-546d-48b3-aabe-52964da86e48, command=[]} | ret=SUCCESS |  
2019-09-19 09:40:49,846 [d87be78c-f122-4471-b781-d01263e91835-SegmentedRaftLogWorker:Storage Directory /workdir/hadoop-ozone/ozonefs/target/test-dir/MiniOzoneClusterImpl-21ed0f53-0413-44c7-8609-f438100532e5/datanode-3/data/ratis/bcdea4f1-1e36-4820-94ce-b78f84c17d6f] INFO  segmented.SegmentedRaftLogWorker (SegmentedRaftLogWorker.java:execute(569)) - d87be78c-f122-4471-b781-d01263e91835-SegmentedRaftLogWorker:Storage Directory /workdir/hadoop-ozone/ozonefs/target/test-dir/MiniOzoneClusterImpl-21ed0f53-0413-44c7-8609-f438100532e5/datanode-3/data/ratis/bcdea4f1-1e36-4820-94ce-b78f84c17d6f: created new log segment /workdir/hadoop-ozone/ozonefs/target/test-dir/MiniOzoneClusterImpl-21ed0f53-0413-44c7-8609-f438100532e5/datanode-3/data/ratis/bcdea4f1-1e36-4820-94ce-b78f84c17d6f/current/log_inprogress_0
2019-09-19 09:40:49,848 [1cd79902-2a06-4a3f-8023-3eba64f51293:group-324EBC65A8E4:LeaderElection12] INFO  impl.LeaderElection (LeaderElection.java:askForVotes(181)) - 1cd79902-2a06-4a3f-8023-3eba64f51293:group-324EBC65A8E4:LeaderElection12: begin an election at term 1 for -1: [1cd79902-2a06-4a3f-8023-3eba64f51293:192.168.34.5:43611], old=null
2019-09-19 09:40:49,849 [1cd79902-2a06-4a3f-8023-3eba64f51293:group-324EBC65A8E4:LeaderElection12] INFO  impl.RoleInfo (RoleInfo.java:shutdownLeaderElection(134)) - 1cd79902-2a06-4a3f-8023-3eba64f51293: shutdown LeaderElection
2019-09-19 09:40:49,849 [1cd79902-2a06-4a3f-8023-3eba64f51293:group-324EBC65A8E4:LeaderElection12] INFO  impl.RaftServerImpl (RaftServerImpl.java:setRole(171)) - 1cd79902-2a06-4a3f-8023-3eba64f51293:group-324EBC65A8E4 changes role from CANDIDATE to LEADER at term 1 for changeToLeader
2019-09-19 09:40:49,849 [1cd79902-2a06-4a3f-8023-3eba64f51293:group-324EBC65A8E4:LeaderElection12] INFO  impl.RaftServerImpl (ServerState.java:setLeader(263)) - 1cd79902-2a06-4a3f-8023-3eba64f51293:group-324EBC65A8E4 change Leader from null to 1cd79902-2a06-4a3f-8023-3eba64f51293 at term 1 for becomeLeader, leader elected after 5050ms
2019-09-19 09:40:49,849 [1cd79902-2a06-4a3f-8023-3eba64f51293:group-324EBC65A8E4:LeaderElection12] INFO  server.RaftServerConfigKeys (ConfUtils.java:logGet(43)) - raft.server.staging.catchup.gap = 1000 (default)
2019-09-19 09:40:49,849 [1cd79902-2a06-4a3f-8023-3eba64f51293:group-324EBC65A8E4:LeaderElection12] INFO  server.RaftServerConfigKeys (ConfUtils.java:logGet(43)) - raft.server.rpc.sleep.time = 25ms (default)
2019-09-19 09:40:49,850 [1cd79902-2a06-4a3f-8023-3eba64f51293:group-324EBC65A8E4:LeaderElection12] INFO  server.RaftServerConfigKeys (ConfUtils.java:logGet(43)) - raft.server.write.element-limit = 4096 (default)
2019-09-19 09:40:49,850 [1cd79902-2a06-4a3f-8023-3eba64f51293:group-324EBC65A8E4:LeaderElection12] INFO  server.RaftServerConfigKeys (ConfUtils.java:logGet(43)) - raft.server.watch.timeout = 10s (default)
2019-09-19 09:40:49,850 [1cd79902-2a06-4a3f-8023-3eba64f51293:group-324EBC65A8E4:LeaderElection12] INFO  server.RaftServerConfigKeys (ConfUtils.java:logGet(43)) - raft.server.watch.timeout.denomination = 1s (default)
2019-09-19 09:40:49,850 [1cd79902-2a06-4a3f-8023-3eba64f51293:group-324EBC65A8E4:LeaderElection12] INFO  server.RaftServerConfigKeys (ConfUtils.java:logGet(43)) - raft.server.watch.element-limit = 65536 (default)
2019-09-19 09:40:49,851 [1cd79902-2a06-4a3f-8023-3eba64f51293:group-324EBC65A8E4:LeaderElection12] INFO  impl.RoleInfo (RoleInfo.java:updateAndGet(143)) - 1cd79902-2a06-4a3f-8023-3eba64f51293: start LeaderState
2019-09-19 09:40:49,851 [1cd79902-2a06-4a3f-8023-3eba64f51293:group-324EBC65A8E4:LeaderElection12] INFO  segmented.SegmentedRaftLogWorker (SegmentedRaftLogWorker.java:startLogSegment(380)) - 1cd79902-2a06-4a3f-8023-3eba64f51293-SegmentedRaftLogWorker:Storage Directory /workdir/hadoop-ozone/ozonefs/target/test-dir/MiniOzoneClusterImpl-21ed0f53-0413-44c7-8609-f438100532e5/datanode-5/data/ratis/27dcb5a6-ff35-4e6d-99d5-324ebc65a8e4: Starting segment from index:0
2019-09-19 09:40:49,851 [1cd79902-2a06-4a3f-8023-3eba64f51293:group-324EBC65A8E4:LeaderElection12] INFO  impl.RaftServerImpl (ServerState.java:setRaftConf(361)) - 1cd79902-2a06-4a3f-8023-3eba64f51293:group-324EBC65A8E4 set configuration 0: [1cd79902-2a06-4a3f-8023-3eba64f51293:192.168.34.5:43611], old=null at 0
2019-09-19 09:40:49,903 [1cd79902-2a06-4a3f-8023-3eba64f51293-SegmentedRaftLogWorker:Storage Directory /workdir/hadoop-ozone/ozonefs/target/test-dir/MiniOzoneClusterImpl-21ed0f53-0413-44c7-8609-f438100532e5/datanode-5/data/ratis/27dcb5a6-ff35-4e6d-99d5-324ebc65a8e4] INFO  segmented.SegmentedRaftLogWorker (SegmentedRaftLogWorker.java:execute(569)) - 1cd79902-2a06-4a3f-8023-3eba64f51293-SegmentedRaftLogWorker:Storage Directory /workdir/hadoop-ozone/ozonefs/target/test-dir/MiniOzoneClusterImpl-21ed0f53-0413-44c7-8609-f438100532e5/datanode-5/data/ratis/27dcb5a6-ff35-4e6d-99d5-324ebc65a8e4: created new log segment /workdir/hadoop-ozone/ozonefs/target/test-dir/MiniOzoneClusterImpl-21ed0f53-0413-44c7-8609-f438100532e5/datanode-5/data/ratis/27dcb5a6-ff35-4e6d-99d5-324ebc65a8e4/current/log_inprogress_0
2019-09-19 09:40:49,919 [Thread-320] INFO  impl.FollowerState (FollowerState.java:run(106)) - d87be78c-f122-4471-b781-d01263e91835:group-0D981815D9BB changes to CANDIDATE, lastRpcTime:5045, electionTimeout:5045ms
2019-09-19 09:40:49,919 [Thread-320] INFO  impl.RoleInfo (RoleInfo.java:shutdownFollowerState(121)) - d87be78c-f122-4471-b781-d01263e91835: shutdown FollowerState
2019-09-19 09:40:49,919 [Thread-320] INFO  impl.RaftServerImpl (RaftServerImpl.java:setRole(171)) - d87be78c-f122-4471-b781-d01263e91835:group-0D981815D9BB changes role from FOLLOWER to CANDIDATE at term 0 for changeToCandidate
2019-09-19 09:40:49,919 [Thread-320] INFO  impl.RoleInfo (RoleInfo.java:updateAndGet(143)) - d87be78c-f122-4471-b781-d01263e91835: start LeaderElection
2019-09-19 09:40:49,942 [d87be78c-f122-4471-b781-d01263e91835:group-0D981815D9BB:LeaderElection13] INFO  impl.LeaderElection (LeaderElection.java:askForVotes(181)) - d87be78c-f122-4471-b781-d01263e91835:group-0D981815D9BB:LeaderElection13: begin an election at term 1 for -1: [d87be78c-f122-4471-b781-d01263e91835:192.168.34.5:39992], old=null
2019-09-19 09:40:49,942 [d87be78c-f122-4471-b781-d01263e91835:group-0D981815D9BB:LeaderElection13] INFO  impl.RoleInfo (RoleInfo.java:shutdownLeaderElection(134)) - d87be78c-f122-4471-b781-d01263e91835: shutdown LeaderElection
2019-09-19 09:40:49,942 [d87be78c-f122-4471-b781-d01263e91835:group-0D981815D9BB:LeaderElection13] INFO  impl.RaftServerImpl (RaftServerImpl.java:setRole(171)) - d87be78c-f122-4471-b781-d01263e91835:group-0D981815D9BB changes role from CANDIDATE to LEADER at term 1 for changeToLeader
2019-09-19 09:40:49,942 [d87be78c-f122-4471-b781-d01263e91835:group-0D981815D9BB:LeaderElection13] INFO  impl.RaftServerImpl (ServerState.java:setLeader(263)) - d87be78c-f122-4471-b781-d01263e91835:group-0D981815D9BB change Leader from null to d87be78c-f122-4471-b781-d01263e91835 at term 1 for becomeLeader, leader elected after 5073ms
2019-09-19 09:40:49,943 [d87be78c-f122-4471-b781-d01263e91835:group-0D981815D9BB:LeaderElection13] INFO  server.RaftServerConfigKeys (ConfUtils.java:logGet(43)) - raft.server.staging.catchup.gap = 1000 (default)
2019-09-19 09:40:49,943 [d87be78c-f122-4471-b781-d01263e91835:group-0D981815D9BB:LeaderElection13] INFO  server.RaftServerConfigKeys (ConfUtils.java:logGet(43)) - raft.server.rpc.sleep.time = 25ms (default)
2019-09-19 09:40:49,943 [d87be78c-f122-4471-b781-d01263e91835:group-0D981815D9BB:LeaderElection13] INFO  server.RaftServerConfigKeys (ConfUtils.java:logGet(43)) - raft.server.write.element-limit = 4096 (default)
2019-09-19 09:40:49,943 [d87be78c-f122-4471-b781-d01263e91835:group-0D981815D9BB:LeaderElection13] INFO  server.RaftServerConfigKeys (ConfUtils.java:logGet(43)) - raft.server.watch.timeout = 10s (default)
2019-09-19 09:40:49,943 [d87be78c-f122-4471-b781-d01263e91835:group-0D981815D9BB:LeaderElection13] INFO  server.RaftServerConfigKeys (ConfUtils.java:logGet(43)) - raft.server.watch.timeout.denomination = 1s (default)
2019-09-19 09:40:49,944 [d87be78c-f122-4471-b781-d01263e91835:group-0D981815D9BB:LeaderElection13] INFO  server.RaftServerConfigKeys (ConfUtils.java:logGet(43)) - raft.server.watch.element-limit = 65536 (default)
2019-09-19 09:40:49,944 [d87be78c-f122-4471-b781-d01263e91835:group-0D981815D9BB:LeaderElection13] INFO  impl.RoleInfo (RoleInfo.java:updateAndGet(143)) - d87be78c-f122-4471-b781-d01263e91835: start LeaderState
2019-09-19 09:40:49,944 [d87be78c-f122-4471-b781-d01263e91835:group-0D981815D9BB:LeaderElection13] INFO  segmented.SegmentedRaftLogWorker (SegmentedRaftLogWorker.java:startLogSegment(380)) - d87be78c-f122-4471-b781-d01263e91835-SegmentedRaftLogWorker:Storage Directory /workdir/hadoop-ozone/ozonefs/target/test-dir/MiniOzoneClusterImpl-21ed0f53-0413-44c7-8609-f438100532e5/datanode-3/data/ratis/67a32314-86bb-4acd-9b90-0d981815d9bb: Starting segment from index:0
2019-09-19 09:40:49,945 [d87be78c-f122-4471-b781-d01263e91835:group-0D981815D9BB:LeaderElection13] INFO  impl.RaftServerImpl (ServerState.java:setRaftConf(361)) - d87be78c-f122-4471-b781-d01263e91835:group-0D981815D9BB set configuration 0: [d87be78c-f122-4471-b781-d01263e91835:192.168.34.5:39992], old=null at 0
2019-09-19 09:40:49,997 [d87be78c-f122-4471-b781-d01263e91835-SegmentedRaftLogWorker:Storage Directory /workdir/hadoop-ozone/ozonefs/target/test-dir/MiniOzoneClusterImpl-21ed0f53-0413-44c7-8609-f438100532e5/datanode-3/data/ratis/67a32314-86bb-4acd-9b90-0d981815d9bb] INFO  segmented.SegmentedRaftLogWorker (SegmentedRaftLogWorker.java:execute(569)) - d87be78c-f122-4471-b781-d01263e91835-SegmentedRaftLogWorker:Storage Directory /workdir/hadoop-ozone/ozonefs/target/test-dir/MiniOzoneClusterImpl-21ed0f53-0413-44c7-8609-f438100532e5/datanode-3/data/ratis/67a32314-86bb-4acd-9b90-0d981815d9bb: created new log segment /workdir/hadoop-ozone/ozonefs/target/test-dir/MiniOzoneClusterImpl-21ed0f53-0413-44c7-8609-f438100532e5/datanode-3/data/ratis/67a32314-86bb-4acd-9b90-0d981815d9bb/current/log_inprogress_0
2019-09-19 09:40:50,002 [Thread-323] INFO  impl.FollowerState (FollowerState.java:run(106)) - 90577c55-fd31-444d-84bd-73a3c37bc268:group-F6D7BEA2190B changes to CANDIDATE, lastRpcTime:5063, electionTimeout:5063ms
2019-09-19 09:40:50,003 [Thread-323] INFO  impl.RoleInfo (RoleInfo.java:shutdownFollowerState(121)) - 90577c55-fd31-444d-84bd-73a3c37bc268: shutdown FollowerState
2019-09-19 09:40:50,003 [Thread-323] INFO  impl.RaftServerImpl (RaftServerImpl.java:setRole(171)) - 90577c55-fd31-444d-84bd-73a3c37bc268:group-F6D7BEA2190B changes role from FOLLOWER to CANDIDATE at term 0 for changeToCandidate
2019-09-19 09:40:50,003 [Thread-323] INFO  impl.RoleInfo (RoleInfo.java:updateAndGet(143)) - 90577c55-fd31-444d-84bd-73a3c37bc268: start LeaderElection
2019-09-19 09:40:50,023 [90577c55-fd31-444d-84bd-73a3c37bc268:group-F6D7BEA2190B:LeaderElection14] INFO  impl.LeaderElection (LeaderElection.java:askForVotes(181)) - 90577c55-fd31-444d-84bd-73a3c37bc268:group-F6D7BEA2190B:LeaderElection14: begin an election at term 1 for -1: [90577c55-fd31-444d-84bd-73a3c37bc268:192.168.34.5:38982], old=null
2019-09-19 09:40:50,024 [90577c55-fd31-444d-84bd-73a3c37bc268:group-F6D7BEA2190B:LeaderElection14] INFO  impl.RoleInfo (RoleInfo.java:shutdownLeaderElection(134)) - 90577c55-fd31-444d-84bd-73a3c37bc268: shutdown LeaderElection
2019-09-19 09:40:50,024 [90577c55-fd31-444d-84bd-73a3c37bc268:group-F6D7BEA2190B:LeaderElection14] INFO  impl.RaftServerImpl (RaftServerImpl.java:setRole(171)) - 90577c55-fd31-444d-84bd-73a3c37bc268:group-F6D7BEA2190B changes role from CANDIDATE to LEADER at term 1 for changeToLeader
2019-09-19 09:40:50,024 [90577c55-fd31-444d-84bd-73a3c37bc268:group-F6D7BEA2190B:LeaderElection14] INFO  impl.RaftServerImpl (ServerState.java:setLeader(263)) - 90577c55-fd31-444d-84bd-73a3c37bc268:group-F6D7BEA2190B change Leader from null to 90577c55-fd31-444d-84bd-73a3c37bc268 at term 1 for becomeLeader, leader elected after 5090ms
2019-09-19 09:40:50,024 [90577c55-fd31-444d-84bd-73a3c37bc268:group-F6D7BEA2190B:LeaderElection14] INFO  server.RaftServerConfigKeys (ConfUtils.java:logGet(43)) - raft.server.staging.catchup.gap = 1000 (default)
2019-09-19 09:40:50,024 [90577c55-fd31-444d-84bd-73a3c37bc268:group-F6D7BEA2190B:LeaderElection14] INFO  server.RaftServerConfigKeys (ConfUtils.java:logGet(43)) - raft.server.rpc.sleep.time = 25ms (default)
2019-09-19 09:40:50,025 [90577c55-fd31-444d-84bd-73a3c37bc268:group-F6D7BEA2190B:LeaderElection14] INFO  server.RaftServerConfigKeys (ConfUtils.java:logGet(43)) - raft.server.write.element-limit = 4096 (default)
2019-09-19 09:40:50,025 [90577c55-fd31-444d-84bd-73a3c37bc268:group-F6D7BEA2190B:LeaderElection14] INFO  server.RaftServerConfigKeys (ConfUtils.java:logGet(43)) - raft.server.watch.timeout = 10s (default)
2019-09-19 09:40:50,025 [90577c55-fd31-444d-84bd-73a3c37bc268:group-F6D7BEA2190B:LeaderElection14] INFO  server.RaftServerConfigKeys (ConfUtils.java:logGet(43)) - raft.server.watch.timeout.denomination = 1s (default)
2019-09-19 09:40:50,025 [90577c55-fd31-444d-84bd-73a3c37bc268:group-F6D7BEA2190B:LeaderElection14] INFO  server.RaftServerConfigKeys (ConfUtils.java:logGet(43)) - raft.server.watch.element-limit = 65536 (default)
2019-09-19 09:40:50,025 [90577c55-fd31-444d-84bd-73a3c37bc268:group-F6D7BEA2190B:LeaderElection14] INFO  impl.RoleInfo (RoleInfo.java:updateAndGet(143)) - 90577c55-fd31-444d-84bd-73a3c37bc268: start LeaderState
2019-09-19 09:40:50,026 [90577c55-fd31-444d-84bd-73a3c37bc268:group-F6D7BEA2190B:LeaderElection14] INFO  segmented.SegmentedRaftLogWorker (SegmentedRaftLogWorker.java:startLogSegment(380)) - 90577c55-fd31-444d-84bd-73a3c37bc268-SegmentedRaftLogWorker:Storage Directory /workdir/hadoop-ozone/ozonefs/target/test-dir/MiniOzoneClusterImpl-21ed0f53-0413-44c7-8609-f438100532e5/datanode-2/data/ratis/b4e90fdf-52a3-4b3e-9b7e-f6d7bea2190b: Starting segment from index:0
2019-09-19 09:40:50,026 [90577c55-fd31-444d-84bd-73a3c37bc268:group-F6D7BEA2190B:LeaderElection14] INFO  impl.RaftServerImpl (ServerState.java:setRaftConf(361)) - 90577c55-fd31-444d-84bd-73a3c37bc268:group-F6D7BEA2190B set configuration 0: [90577c55-fd31-444d-84bd-73a3c37bc268:192.168.34.5:38982], old=null at 0
2019-09-19 09:40:50,078 [90577c55-fd31-444d-84bd-73a3c37bc268-SegmentedRaftLogWorker:Storage Directory /workdir/hadoop-ozone/ozonefs/target/test-dir/MiniOzoneClusterImpl-21ed0f53-0413-44c7-8609-f438100532e5/datanode-2/data/ratis/b4e90fdf-52a3-4b3e-9b7e-f6d7bea2190b] INFO  segmented.SegmentedRaftLogWorker (SegmentedRaftLogWorker.java:execute(569)) - 90577c55-fd31-444d-84bd-73a3c37bc268-SegmentedRaftLogWorker:Storage Directory /workdir/hadoop-ozone/ozonefs/target/test-dir/MiniOzoneClusterImpl-21ed0f53-0413-44c7-8609-f438100532e5/datanode-2/data/ratis/b4e90fdf-52a3-4b3e-9b7e-f6d7bea2190b: created new log segment /workdir/hadoop-ozone/ozonefs/target/test-dir/MiniOzoneClusterImpl-21ed0f53-0413-44c7-8609-f438100532e5/datanode-2/data/ratis/b4e90fdf-52a3-4b3e-9b7e-f6d7bea2190b/current/log_inprogress_0
2019-09-19 09:40:50,113 | INFO  | SCMAudit | user=jenkins1000 | ip=192.168.34.5 | op=SEND_HEARTBEAT {datanodeUUID=7076406d-aee0-4126-8bab-f0c87a3fcebd, command=[]} | ret=SUCCESS |  
2019-09-19 09:40:50,115 [Thread-326] INFO  impl.FollowerState (FollowerState.java:run(106)) - 47e0c7c0-2680-4f55-9417-80daafef46d1:group-33C0BEDFBE94 changes to CANDIDATE, lastRpcTime:5105, electionTimeout:5105ms
2019-09-19 09:40:50,115 [Thread-326] INFO  impl.RoleInfo (RoleInfo.java:shutdownFollowerState(121)) - 47e0c7c0-2680-4f55-9417-80daafef46d1: shutdown FollowerState
2019-09-19 09:40:50,115 [Thread-326] INFO  impl.RaftServerImpl (RaftServerImpl.java:setRole(171)) - 47e0c7c0-2680-4f55-9417-80daafef46d1:group-33C0BEDFBE94 changes role from FOLLOWER to CANDIDATE at term 0 for changeToCandidate
2019-09-19 09:40:50,116 [Thread-326] INFO  impl.RoleInfo (RoleInfo.java:updateAndGet(143)) - 47e0c7c0-2680-4f55-9417-80daafef46d1: start LeaderElection
2019-09-19 09:40:50,137 | INFO  | SCMAudit | user=jenkins1000 | ip=192.168.34.5 | op=SEND_HEARTBEAT {datanodeUUID=1bcbd64b-2199-49e1-86d3-4e4b64d88b4a, command=[]} | ret=SUCCESS |  
2019-09-19 09:40:50,139 [47e0c7c0-2680-4f55-9417-80daafef46d1:group-33C0BEDFBE94:LeaderElection15] INFO  impl.LeaderElection (LeaderElection.java:askForVotes(181)) - 47e0c7c0-2680-4f55-9417-80daafef46d1:group-33C0BEDFBE94:LeaderElection15: begin an election at term 1 for -1: [47e0c7c0-2680-4f55-9417-80daafef46d1:192.168.34.5:40718], old=null
2019-09-19 09:40:50,139 [47e0c7c0-2680-4f55-9417-80daafef46d1:group-33C0BEDFBE94:LeaderElection15] INFO  impl.RoleInfo (RoleInfo.java:shutdownLeaderElection(134)) - 47e0c7c0-2680-4f55-9417-80daafef46d1: shutdown LeaderElection
2019-09-19 09:40:50,139 [47e0c7c0-2680-4f55-9417-80daafef46d1:group-33C0BEDFBE94:LeaderElection15] INFO  impl.RaftServerImpl (RaftServerImpl.java:setRole(171)) - 47e0c7c0-2680-4f55-9417-80daafef46d1:group-33C0BEDFBE94 changes role from CANDIDATE to LEADER at term 1 for changeToLeader
2019-09-19 09:40:50,139 [47e0c7c0-2680-4f55-9417-80daafef46d1:group-33C0BEDFBE94:LeaderElection15] INFO  impl.RaftServerImpl (ServerState.java:setLeader(263)) - 47e0c7c0-2680-4f55-9417-80daafef46d1:group-33C0BEDFBE94 change Leader from null to 47e0c7c0-2680-4f55-9417-80daafef46d1 at term 1 for becomeLeader, leader elected after 5134ms
2019-09-19 09:40:50,139 [47e0c7c0-2680-4f55-9417-80daafef46d1:group-33C0BEDFBE94:LeaderElection15] INFO  server.RaftServerConfigKeys (ConfUtils.java:logGet(43)) - raft.server.staging.catchup.gap = 1000 (default)
2019-09-19 09:40:50,140 [47e0c7c0-2680-4f55-9417-80daafef46d1:group-33C0BEDFBE94:LeaderElection15] INFO  server.RaftServerConfigKeys (ConfUtils.java:logGet(43)) - raft.server.rpc.sleep.time = 25ms (default)
2019-09-19 09:40:50,140 [47e0c7c0-2680-4f55-9417-80daafef46d1:group-33C0BEDFBE94:LeaderElection15] INFO  server.RaftServerConfigKeys (ConfUtils.java:logGet(43)) - raft.server.write.element-limit = 4096 (default)
2019-09-19 09:40:50,140 [47e0c7c0-2680-4f55-9417-80daafef46d1:group-33C0BEDFBE94:LeaderElection15] INFO  server.RaftServerConfigKeys (ConfUtils.java:logGet(43)) - raft.server.watch.timeout = 10s (default)
2019-09-19 09:40:50,140 [47e0c7c0-2680-4f55-9417-80daafef46d1:group-33C0BEDFBE94:LeaderElection15] INFO  server.RaftServerConfigKeys (ConfUtils.java:logGet(43)) - raft.server.watch.timeout.denomination = 1s (default)
2019-09-19 09:40:50,140 [47e0c7c0-2680-4f55-9417-80daafef46d1:group-33C0BEDFBE94:LeaderElection15] INFO  server.RaftServerConfigKeys (ConfUtils.java:logGet(43)) - raft.server.watch.element-limit = 65536 (default)
2019-09-19 09:40:50,141 [47e0c7c0-2680-4f55-9417-80daafef46d1:group-33C0BEDFBE94:LeaderElection15] INFO  impl.RoleInfo (RoleInfo.java:updateAndGet(143)) - 47e0c7c0-2680-4f55-9417-80daafef46d1: start LeaderState
2019-09-19 09:40:50,141 [47e0c7c0-2680-4f55-9417-80daafef46d1:group-33C0BEDFBE94:LeaderElection15] INFO  segmented.SegmentedRaftLogWorker (SegmentedRaftLogWorker.java:startLogSegment(380)) - 47e0c7c0-2680-4f55-9417-80daafef46d1-SegmentedRaftLogWorker:Storage Directory /workdir/hadoop-ozone/ozonefs/target/test-dir/MiniOzoneClusterImpl-21ed0f53-0413-44c7-8609-f438100532e5/datanode-4/data/ratis/5c20da90-949d-413a-a912-33c0bedfbe94: Starting segment from index:0
2019-09-19 09:40:50,142 [47e0c7c0-2680-4f55-9417-80daafef46d1:group-33C0BEDFBE94:LeaderElection15] INFO  impl.RaftServerImpl (ServerState.java:setRaftConf(361)) - 47e0c7c0-2680-4f55-9417-80daafef46d1:group-33C0BEDFBE94 set configuration 0: [47e0c7c0-2680-4f55-9417-80daafef46d1:192.168.34.5:40718], old=null at 0
2019-09-19 09:40:50,195 [47e0c7c0-2680-4f55-9417-80daafef46d1-SegmentedRaftLogWorker:Storage Directory /workdir/hadoop-ozone/ozonefs/target/test-dir/MiniOzoneClusterImpl-21ed0f53-0413-44c7-8609-f438100532e5/datanode-4/data/ratis/5c20da90-949d-413a-a912-33c0bedfbe94] INFO  segmented.SegmentedRaftLogWorker (SegmentedRaftLogWorker.java:execute(569)) - 47e0c7c0-2680-4f55-9417-80daafef46d1-SegmentedRaftLogWorker:Storage Directory /workdir/hadoop-ozone/ozonefs/target/test-dir/MiniOzoneClusterImpl-21ed0f53-0413-44c7-8609-f438100532e5/datanode-4/data/ratis/5c20da90-949d-413a-a912-33c0bedfbe94: created new log segment /workdir/hadoop-ozone/ozonefs/target/test-dir/MiniOzoneClusterImpl-21ed0f53-0413-44c7-8609-f438100532e5/datanode-4/data/ratis/5c20da90-949d-413a-a912-33c0bedfbe94/current/log_inprogress_0
2019-09-19 09:40:50,208 [Thread-329] INFO  impl.FollowerState (FollowerState.java:run(106)) - d87be78c-f122-4471-b781-d01263e91835:group-2314903E95F1 changes to CANDIDATE, lastRpcTime:5119, electionTimeout:5119ms
2019-09-19 09:40:50,208 [Thread-329] INFO  impl.RoleInfo (RoleInfo.java:shutdownFollowerState(121)) - d87be78c-f122-4471-b781-d01263e91835: shutdown FollowerState
2019-09-19 09:40:50,208 [Thread-329] INFO  impl.RaftServerImpl (RaftServerImpl.java:setRole(171)) - d87be78c-f122-4471-b781-d01263e91835:group-2314903E95F1 changes role from FOLLOWER to CANDIDATE at term 0 for changeToCandidate
2019-09-19 09:40:50,209 [Thread-329] INFO  impl.RoleInfo (RoleInfo.java:updateAndGet(143)) - d87be78c-f122-4471-b781-d01263e91835: start LeaderElection
2019-09-19 09:40:50,232 [d87be78c-f122-4471-b781-d01263e91835:group-2314903E95F1:LeaderElection16] INFO  impl.LeaderElection (LeaderElection.java:askForVotes(181)) - d87be78c-f122-4471-b781-d01263e91835:group-2314903E95F1:LeaderElection16: begin an election at term 1 for -1: [d87be78c-f122-4471-b781-d01263e91835:192.168.34.5:39992], old=null
2019-09-19 09:40:50,232 [d87be78c-f122-4471-b781-d01263e91835:group-2314903E95F1:LeaderElection16] INFO  impl.RoleInfo (RoleInfo.java:shutdownLeaderElection(134)) - d87be78c-f122-4471-b781-d01263e91835: shutdown LeaderElection
2019-09-19 09:40:50,232 [d87be78c-f122-4471-b781-d01263e91835:group-2314903E95F1:LeaderElection16] INFO  impl.RaftServerImpl (RaftServerImpl.java:setRole(171)) - d87be78c-f122-4471-b781-d01263e91835:group-2314903E95F1 changes role from CANDIDATE to LEADER at term 1 for changeToLeader
2019-09-19 09:40:50,232 [d87be78c-f122-4471-b781-d01263e91835:group-2314903E95F1:LeaderElection16] INFO  impl.RaftServerImpl (ServerState.java:setLeader(263)) - d87be78c-f122-4471-b781-d01263e91835:group-2314903E95F1 change Leader from null to d87be78c-f122-4471-b781-d01263e91835 at term 1 for becomeLeader, leader elected after 5149ms
2019-09-19 09:40:50,233 [d87be78c-f122-4471-b781-d01263e91835:group-2314903E95F1:LeaderElection16] INFO  server.RaftServerConfigKeys (ConfUtils.java:logGet(43)) - raft.server.staging.catchup.gap = 1000 (default)
2019-09-19 09:40:50,233 [d87be78c-f122-4471-b781-d01263e91835:group-2314903E95F1:LeaderElection16] INFO  server.RaftServerConfigKeys (ConfUtils.java:logGet(43)) - raft.server.rpc.sleep.time = 25ms (default)
2019-09-19 09:40:50,233 [d87be78c-f122-4471-b781-d01263e91835:group-2314903E95F1:LeaderElection16] INFO  server.RaftServerConfigKeys (ConfUtils.java:logGet(43)) - raft.server.write.element-limit = 4096 (default)
2019-09-19 09:40:50,233 [d87be78c-f122-4471-b781-d01263e91835:group-2314903E95F1:LeaderElection16] INFO  server.RaftServerConfigKeys (ConfUtils.java:logGet(43)) - raft.server.watch.timeout = 10s (default)
2019-09-19 09:40:50,233 [d87be78c-f122-4471-b781-d01263e91835:group-2314903E95F1:LeaderElection16] INFO  server.RaftServerConfigKeys (ConfUtils.java:logGet(43)) - raft.server.watch.timeout.denomination = 1s (default)
2019-09-19 09:40:50,234 [d87be78c-f122-4471-b781-d01263e91835:group-2314903E95F1:LeaderElection16] INFO  server.RaftServerConfigKeys (ConfUtils.java:logGet(43)) - raft.server.watch.element-limit = 65536 (default)
2019-09-19 09:40:50,234 [d87be78c-f122-4471-b781-d01263e91835:group-2314903E95F1:LeaderElection16] INFO  impl.RoleInfo (RoleInfo.java:updateAndGet(143)) - d87be78c-f122-4471-b781-d01263e91835: start LeaderState
2019-09-19 09:40:50,234 [d87be78c-f122-4471-b781-d01263e91835:group-2314903E95F1:LeaderElection16] INFO  segmented.SegmentedRaftLogWorker (SegmentedRaftLogWorker.java:startLogSegment(380)) - d87be78c-f122-4471-b781-d01263e91835-SegmentedRaftLogWorker:Storage Directory /workdir/hadoop-ozone/ozonefs/target/test-dir/MiniOzoneClusterImpl-21ed0f53-0413-44c7-8609-f438100532e5/datanode-3/data/ratis/b3fd8dd6-5e83-4efa-8485-2314903e95f1: Starting segment from index:0
2019-09-19 09:40:50,235 [d87be78c-f122-4471-b781-d01263e91835:group-2314903E95F1:LeaderElection16] INFO  impl.RaftServerImpl (ServerState.java:setRaftConf(361)) - d87be78c-f122-4471-b781-d01263e91835:group-2314903E95F1 set configuration 0: [d87be78c-f122-4471-b781-d01263e91835:192.168.34.5:39992], old=null at 0
2019-09-19 09:40:50,291 [d87be78c-f122-4471-b781-d01263e91835-SegmentedRaftLogWorker:Storage Directory /workdir/hadoop-ozone/ozonefs/target/test-dir/MiniOzoneClusterImpl-21ed0f53-0413-44c7-8609-f438100532e5/datanode-3/data/ratis/b3fd8dd6-5e83-4efa-8485-2314903e95f1] INFO  segmented.SegmentedRaftLogWorker (SegmentedRaftLogWorker.java:execute(569)) - d87be78c-f122-4471-b781-d01263e91835-SegmentedRaftLogWorker:Storage Directory /workdir/hadoop-ozone/ozonefs/target/test-dir/MiniOzoneClusterImpl-21ed0f53-0413-44c7-8609-f438100532e5/datanode-3/data/ratis/b3fd8dd6-5e83-4efa-8485-2314903e95f1: created new log segment /workdir/hadoop-ozone/ozonefs/target/test-dir/MiniOzoneClusterImpl-21ed0f53-0413-44c7-8609-f438100532e5/datanode-3/data/ratis/b3fd8dd6-5e83-4efa-8485-2314903e95f1/current/log_inprogress_0
2019-09-19 09:40:50,292 [Thread-339] INFO  impl.FollowerState (FollowerState.java:run(106)) - bb9d252a-546d-48b3-aabe-52964da86e48:group-A6DD6D7EECF5 changes to CANDIDATE, lastRpcTime:5001, electionTimeout:5001ms
2019-09-19 09:40:50,292 [Thread-339] INFO  impl.RoleInfo (RoleInfo.java:shutdownFollowerState(121)) - bb9d252a-546d-48b3-aabe-52964da86e48: shutdown FollowerState
2019-09-19 09:40:50,293 [Thread-339] INFO  impl.RaftServerImpl (RaftServerImpl.java:setRole(171)) - bb9d252a-546d-48b3-aabe-52964da86e48:group-A6DD6D7EECF5 changes role from FOLLOWER to CANDIDATE at term 0 for changeToCandidate
2019-09-19 09:40:50,293 [Thread-339] INFO  impl.RoleInfo (RoleInfo.java:updateAndGet(143)) - bb9d252a-546d-48b3-aabe-52964da86e48: start LeaderElection
2019-09-19 09:40:50,315 [Thread-332] INFO  impl.FollowerState (FollowerState.java:run(106)) - 90577c55-fd31-444d-84bd-73a3c37bc268:group-212F0D0CC4A4 changes to CANDIDATE, lastRpcTime:5141, electionTimeout:5141ms
2019-09-19 09:40:50,315 [Thread-332] INFO  impl.RoleInfo (RoleInfo.java:shutdownFollowerState(121)) - 90577c55-fd31-444d-84bd-73a3c37bc268: shutdown FollowerState
2019-09-19 09:40:50,315 [Thread-332] INFO  impl.RaftServerImpl (RaftServerImpl.java:setRole(171)) - 90577c55-fd31-444d-84bd-73a3c37bc268:group-212F0D0CC4A4 changes role from FOLLOWER to CANDIDATE at term 0 for changeToCandidate
2019-09-19 09:40:50,316 [bb9d252a-546d-48b3-aabe-52964da86e48:group-A6DD6D7EECF5:LeaderElection17] INFO  impl.LeaderElection (LeaderElection.java:askForVotes(181)) - bb9d252a-546d-48b3-aabe-52964da86e48:group-A6DD6D7EECF5:LeaderElection17: begin an election at term 1 for -1: [bb9d252a-546d-48b3-aabe-52964da86e48:192.168.34.5:44392], old=null
2019-09-19 09:40:50,316 [Thread-332] INFO  impl.RoleInfo (RoleInfo.java:updateAndGet(143)) - 90577c55-fd31-444d-84bd-73a3c37bc268: start LeaderElection
2019-09-19 09:40:50,316 [bb9d252a-546d-48b3-aabe-52964da86e48:group-A6DD6D7EECF5:LeaderElection17] INFO  impl.RoleInfo (RoleInfo.java:shutdownLeaderElection(134)) - bb9d252a-546d-48b3-aabe-52964da86e48: shutdown LeaderElection
2019-09-19 09:40:50,316 [bb9d252a-546d-48b3-aabe-52964da86e48:group-A6DD6D7EECF5:LeaderElection17] INFO  impl.RaftServerImpl (RaftServerImpl.java:setRole(171)) - bb9d252a-546d-48b3-aabe-52964da86e48:group-A6DD6D7EECF5 changes role from CANDIDATE to LEADER at term 1 for changeToLeader
2019-09-19 09:40:50,324 [bb9d252a-546d-48b3-aabe-52964da86e48:group-A6DD6D7EECF5:LeaderElection17] INFO  impl.RaftServerImpl (ServerState.java:setLeader(263)) - bb9d252a-546d-48b3-aabe-52964da86e48:group-A6DD6D7EECF5 change Leader from null to bb9d252a-546d-48b3-aabe-52964da86e48 at term 1 for becomeLeader, leader elected after 5038ms
2019-09-19 09:40:50,325 [bb9d252a-546d-48b3-aabe-52964da86e48:group-A6DD6D7EECF5:LeaderElection17] INFO  server.RaftServerConfigKeys (ConfUtils.java:logGet(43)) - raft.server.staging.catchup.gap = 1000 (default)
2019-09-19 09:40:50,325 [bb9d252a-546d-48b3-aabe-52964da86e48:group-A6DD6D7EECF5:LeaderElection17] INFO  server.RaftServerConfigKeys (ConfUtils.java:logGet(43)) - raft.server.rpc.sleep.time = 25ms (default)
2019-09-19 09:40:50,325 [bb9d252a-546d-48b3-aabe-52964da86e48:group-A6DD6D7EECF5:LeaderElection17] INFO  server.RaftServerConfigKeys (ConfUtils.java:logGet(43)) - raft.server.write.element-limit = 4096 (default)
2019-09-19 09:40:50,325 [bb9d252a-546d-48b3-aabe-52964da86e48:group-A6DD6D7EECF5:LeaderElection17] INFO  server.RaftServerConfigKeys (ConfUtils.java:logGet(43)) - raft.server.watch.timeout = 10s (default)
2019-09-19 09:40:50,325 [bb9d252a-546d-48b3-aabe-52964da86e48:group-A6DD6D7EECF5:LeaderElection17] INFO  server.RaftServerConfigKeys (ConfUtils.java:logGet(43)) - raft.server.watch.timeout.denomination = 1s (default)
2019-09-19 09:40:50,326 [bb9d252a-546d-48b3-aabe-52964da86e48:group-A6DD6D7EECF5:LeaderElection17] INFO  server.RaftServerConfigKeys (ConfUtils.java:logGet(43)) - raft.server.watch.element-limit = 65536 (default)
2019-09-19 09:40:50,326 [bb9d252a-546d-48b3-aabe-52964da86e48:group-A6DD6D7EECF5:LeaderElection17] INFO  impl.RoleInfo (RoleInfo.java:updateAndGet(143)) - bb9d252a-546d-48b3-aabe-52964da86e48: start LeaderState
2019-09-19 09:40:50,326 [bb9d252a-546d-48b3-aabe-52964da86e48:group-A6DD6D7EECF5:LeaderElection17] INFO  segmented.SegmentedRaftLogWorker (SegmentedRaftLogWorker.java:startLogSegment(380)) - bb9d252a-546d-48b3-aabe-52964da86e48-SegmentedRaftLogWorker:Storage Directory /workdir/hadoop-ozone/ozonefs/target/test-dir/MiniOzoneClusterImpl-21ed0f53-0413-44c7-8609-f438100532e5/datanode-6/data/ratis/ef52bfeb-8f22-4388-81df-a6dd6d7eecf5: Starting segment from index:0
2019-09-19 09:40:50,327 [bb9d252a-546d-48b3-aabe-52964da86e48:group-A6DD6D7EECF5:LeaderElection17] INFO  impl.RaftServerImpl (ServerState.java:setRaftConf(361)) - bb9d252a-546d-48b3-aabe-52964da86e48:group-A6DD6D7EECF5 set configuration 0: [bb9d252a-546d-48b3-aabe-52964da86e48:192.168.34.5:44392], old=null at 0
2019-09-19 09:40:50,367 [Thread-336] INFO  impl.FollowerState (FollowerState.java:run(106)) - 28f77823-de9e-44cc-bd18-5b415144a5bf:group-0B1A863E1733 changes to CANDIDATE, lastRpcTime:5130, electionTimeout:5127ms
2019-09-19 09:40:50,367 [90577c55-fd31-444d-84bd-73a3c37bc268:group-212F0D0CC4A4:LeaderElection18] INFO  impl.LeaderElection (LeaderElection.java:askForVotes(181)) - 90577c55-fd31-444d-84bd-73a3c37bc268:group-212F0D0CC4A4:LeaderElection18: begin an election at term 1 for -1: [90577c55-fd31-444d-84bd-73a3c37bc268:192.168.34.5:38982], old=null
2019-09-19 09:40:50,367 [Thread-336] INFO  impl.RoleInfo (RoleInfo.java:shutdownFollowerState(121)) - 28f77823-de9e-44cc-bd18-5b415144a5bf: shutdown FollowerState
2019-09-19 09:40:50,368 [90577c55-fd31-444d-84bd-73a3c37bc268:group-212F0D0CC4A4:LeaderElection18] INFO  impl.RoleInfo (RoleInfo.java:shutdownLeaderElection(134)) - 90577c55-fd31-444d-84bd-73a3c37bc268: shutdown LeaderElection
2019-09-19 09:40:50,368 [Thread-336] INFO  impl.RaftServerImpl (RaftServerImpl.java:setRole(171)) - 28f77823-de9e-44cc-bd18-5b415144a5bf:group-0B1A863E1733 changes role from FOLLOWER to CANDIDATE at term 0 for changeToCandidate
2019-09-19 09:40:50,368 [90577c55-fd31-444d-84bd-73a3c37bc268:group-212F0D0CC4A4:LeaderElection18] INFO  impl.RaftServerImpl (RaftServerImpl.java:setRole(171)) - 90577c55-fd31-444d-84bd-73a3c37bc268:group-212F0D0CC4A4 changes role from CANDIDATE to LEADER at term 1 for changeToLeader
2019-09-19 09:40:50,368 [90577c55-fd31-444d-84bd-73a3c37bc268:group-212F0D0CC4A4:LeaderElection18] INFO  impl.RaftServerImpl (ServerState.java:setLeader(263)) - 90577c55-fd31-444d-84bd-73a3c37bc268:group-212F0D0CC4A4 change Leader from null to 90577c55-fd31-444d-84bd-73a3c37bc268 at term 1 for becomeLeader, leader elected after 5199ms
2019-09-19 09:40:50,368 [Thread-336] INFO  impl.RoleInfo (RoleInfo.java:updateAndGet(143)) - 28f77823-de9e-44cc-bd18-5b415144a5bf: start LeaderElection
2019-09-19 09:40:50,368 [90577c55-fd31-444d-84bd-73a3c37bc268:group-212F0D0CC4A4:LeaderElection18] INFO  server.RaftServerConfigKeys (ConfUtils.java:logGet(43)) - raft.server.staging.catchup.gap = 1000 (default)
2019-09-19 09:40:50,369 [90577c55-fd31-444d-84bd-73a3c37bc268:group-212F0D0CC4A4:LeaderElection18] INFO  server.RaftServerConfigKeys (ConfUtils.java:logGet(43)) - raft.server.rpc.sleep.time = 25ms (default)
2019-09-19 09:40:50,371 [90577c55-fd31-444d-84bd-73a3c37bc268:group-212F0D0CC4A4:LeaderElection18] INFO  server.RaftServerConfigKeys (ConfUtils.java:logGet(43)) - raft.server.write.element-limit = 4096 (default)
2019-09-19 09:40:50,375 [90577c55-fd31-444d-84bd-73a3c37bc268:group-212F0D0CC4A4:LeaderElection18] INFO  server.RaftServerConfigKeys (ConfUtils.java:logGet(43)) - raft.server.watch.timeout = 10s (default)
2019-09-19 09:40:50,375 [90577c55-fd31-444d-84bd-73a3c37bc268:group-212F0D0CC4A4:LeaderElection18] INFO  server.RaftServerConfigKeys (ConfUtils.java:logGet(43)) - raft.server.watch.timeout.denomination = 1s (default)
2019-09-19 09:40:50,375 [90577c55-fd31-444d-84bd-73a3c37bc268:group-212F0D0CC4A4:LeaderElection18] INFO  server.RaftServerConfigKeys (ConfUtils.java:logGet(43)) - raft.server.watch.element-limit = 65536 (default)
2019-09-19 09:40:50,376 [90577c55-fd31-444d-84bd-73a3c37bc268:group-212F0D0CC4A4:LeaderElection18] INFO  impl.RoleInfo (RoleInfo.java:updateAndGet(143)) - 90577c55-fd31-444d-84bd-73a3c37bc268: start LeaderState
2019-09-19 09:40:50,376 [90577c55-fd31-444d-84bd-73a3c37bc268:group-212F0D0CC4A4:LeaderElection18] INFO  segmented.SegmentedRaftLogWorker (SegmentedRaftLogWorker.java:startLogSegment(380)) - 90577c55-fd31-444d-84bd-73a3c37bc268-SegmentedRaftLogWorker:Storage Directory /workdir/hadoop-ozone/ozonefs/target/test-dir/MiniOzoneClusterImpl-21ed0f53-0413-44c7-8609-f438100532e5/datanode-2/data/ratis/4508457b-a267-4bd4-8153-212f0d0cc4a4: Starting segment from index:0
2019-09-19 09:40:50,376 [90577c55-fd31-444d-84bd-73a3c37bc268:group-212F0D0CC4A4:LeaderElection18] INFO  impl.RaftServerImpl (ServerState.java:setRaftConf(361)) - 90577c55-fd31-444d-84bd-73a3c37bc268:group-212F0D0CC4A4 set configuration 0: [90577c55-fd31-444d-84bd-73a3c37bc268:192.168.34.5:38982], old=null at 0
2019-09-19 09:40:50,406 [Thread-342] INFO  impl.FollowerState (FollowerState.java:run(106)) - 7076406d-aee0-4126-8bab-f0c87a3fcebd:group-293144019123 changes to CANDIDATE, lastRpcTime:5021, electionTimeout:5000ms
2019-09-19 09:40:50,406 [28f77823-de9e-44cc-bd18-5b415144a5bf:group-0B1A863E1733:LeaderElection19] INFO  impl.LeaderElection (LeaderElection.java:askForVotes(181)) - 28f77823-de9e-44cc-bd18-5b415144a5bf:group-0B1A863E1733:LeaderElection19: begin an election at term 1 for -1: [28f77823-de9e-44cc-bd18-5b415144a5bf:192.168.34.5:41344], old=null
2019-09-19 09:40:50,406 [bb9d252a-546d-48b3-aabe-52964da86e48-SegmentedRaftLogWorker:Storage Directory /workdir/hadoop-ozone/ozonefs/target/test-dir/MiniOzoneClusterImpl-21ed0f53-0413-44c7-8609-f438100532e5/datanode-6/data/ratis/ef52bfeb-8f22-4388-81df-a6dd6d7eecf5] INFO  segmented.SegmentedRaftLogWorker (SegmentedRaftLogWorker.java:execute(569)) - bb9d252a-546d-48b3-aabe-52964da86e48-SegmentedRaftLogWorker:Storage Directory /workdir/hadoop-ozone/ozonefs/target/test-dir/MiniOzoneClusterImpl-21ed0f53-0413-44c7-8609-f438100532e5/datanode-6/data/ratis/ef52bfeb-8f22-4388-81df-a6dd6d7eecf5: created new log segment /workdir/hadoop-ozone/ozonefs/target/test-dir/MiniOzoneClusterImpl-21ed0f53-0413-44c7-8609-f438100532e5/datanode-6/data/ratis/ef52bfeb-8f22-4388-81df-a6dd6d7eecf5/current/log_inprogress_0
2019-09-19 09:40:50,406 [28f77823-de9e-44cc-bd18-5b415144a5bf:group-0B1A863E1733:LeaderElection19] INFO  impl.RoleInfo (RoleInfo.java:shutdownLeaderElection(134)) - 28f77823-de9e-44cc-bd18-5b415144a5bf: shutdown LeaderElection
2019-09-19 09:40:50,406 | INFO  | SCMAudit | user=jenkins1000 | ip=192.168.34.5 | op=SEND_HEARTBEAT {datanodeUUID=d87be78c-f122-4471-b781-d01263e91835, command=[]} | ret=SUCCESS |  
2019-09-19 09:40:50,406 [Thread-342] INFO  impl.RoleInfo (RoleInfo.java:shutdownFollowerState(121)) - 7076406d-aee0-4126-8bab-f0c87a3fcebd: shutdown FollowerState
2019-09-19 09:40:50,406 | INFO  | SCMAudit | user=jenkins1000 | ip=192.168.34.5 | op=SEND_HEARTBEAT {datanodeUUID=47e0c7c0-2680-4f55-9417-80daafef46d1, command=[]} | ret=SUCCESS |  
2019-09-19 09:40:50,406 [28f77823-de9e-44cc-bd18-5b415144a5bf:group-0B1A863E1733:LeaderElection19] INFO  impl.RaftServerImpl (RaftServerImpl.java:setRole(171)) - 28f77823-de9e-44cc-bd18-5b415144a5bf:group-0B1A863E1733 changes role from CANDIDATE to LEADER at term 1 for changeToLeader
2019-09-19 09:40:50,407 [Thread-342] INFO  impl.RaftServerImpl (RaftServerImpl.java:setRole(171)) - 7076406d-aee0-4126-8bab-f0c87a3fcebd:group-293144019123 changes role from FOLLOWER to CANDIDATE at term 0 for changeToCandidate
2019-09-19 09:40:50,407 | INFO  | SCMAudit | user=jenkins1000 | ip=192.168.34.5 | op=SEND_HEARTBEAT {datanodeUUID=00cd5ee6-30a6-4c0a-bb6c-a5a65ddde9fb, command=[]} | ret=SUCCESS |  
2019-09-19 09:40:50,407 [28f77823-de9e-44cc-bd18-5b415144a5bf:group-0B1A863E1733:LeaderElection19] INFO  impl.RaftServerImpl (ServerState.java:setLeader(263)) - 28f77823-de9e-44cc-bd18-5b415144a5bf:group-0B1A863E1733 change Leader from null to 28f77823-de9e-44cc-bd18-5b415144a5bf at term 1 for becomeLeader, leader elected after 5175ms
2019-09-19 09:40:50,407 [Thread-342] INFO  impl.RoleInfo (RoleInfo.java:updateAndGet(143)) - 7076406d-aee0-4126-8bab-f0c87a3fcebd: start LeaderElection
2019-09-19 09:40:50,407 [28f77823-de9e-44cc-bd18-5b415144a5bf:group-0B1A863E1733:LeaderElection19] INFO  server.RaftServerConfigKeys (ConfUtils.java:logGet(43)) - raft.server.staging.catchup.gap = 1000 (default)
2019-09-19 09:40:50,430 [90577c55-fd31-444d-84bd-73a3c37bc268-SegmentedRaftLogWorker:Storage Directory /workdir/hadoop-ozone/ozonefs/target/test-dir/MiniOzoneClusterImpl-21ed0f53-0413-44c7-8609-f438100532e5/datanode-2/data/ratis/4508457b-a267-4bd4-8153-212f0d0cc4a4] INFO  segmented.SegmentedRaftLogWorker (SegmentedRaftLogWorker.java:execute(569)) - 90577c55-fd31-444d-84bd-73a3c37bc268-SegmentedRaftLogWorker:Storage Directory /workdir/hadoop-ozone/ozonefs/target/test-dir/MiniOzoneClusterImpl-21ed0f53-0413-44c7-8609-f438100532e5/datanode-2/data/ratis/4508457b-a267-4bd4-8153-212f0d0cc4a4: created new log segment /workdir/hadoop-ozone/ozonefs/target/test-dir/MiniOzoneClusterImpl-21ed0f53-0413-44c7-8609-f438100532e5/datanode-2/data/ratis/4508457b-a267-4bd4-8153-212f0d0cc4a4/current/log_inprogress_0
2019-09-19 09:40:50,431 [28f77823-de9e-44cc-bd18-5b415144a5bf:group-0B1A863E1733:LeaderElection19] INFO  server.RaftServerConfigKeys (ConfUtils.java:logGet(43)) - raft.server.rpc.sleep.time = 25ms (default)
2019-09-19 09:40:50,453 [28f77823-de9e-44cc-bd18-5b415144a5bf:group-0B1A863E1733:LeaderElection19] INFO  server.RaftServerConfigKeys (ConfUtils.java:logGet(43)) - raft.server.write.element-limit = 4096 (default)
2019-09-19 09:40:50,454 [28f77823-de9e-44cc-bd18-5b415144a5bf:group-0B1A863E1733:LeaderElection19] INFO  server.RaftServerConfigKeys (ConfUtils.java:logGet(43)) - raft.server.watch.timeout = 10s (default)
2019-09-19 09:40:50,454 [28f77823-de9e-44cc-bd18-5b415144a5bf:group-0B1A863E1733:LeaderElection19] INFO  server.RaftServerConfigKeys (ConfUtils.java:logGet(43)) - raft.server.watch.timeout.denomination = 1s (default)
2019-09-19 09:40:50,454 [28f77823-de9e-44cc-bd18-5b415144a5bf:group-0B1A863E1733:LeaderElection19] INFO  server.RaftServerConfigKeys (ConfUtils.java:logGet(43)) - raft.server.watch.element-limit = 65536 (default)
2019-09-19 09:40:50,454 [28f77823-de9e-44cc-bd18-5b415144a5bf:group-0B1A863E1733:LeaderElection19] INFO  impl.RoleInfo (RoleInfo.java:updateAndGet(143)) - 28f77823-de9e-44cc-bd18-5b415144a5bf: start LeaderState
2019-09-19 09:40:50,454 [28f77823-de9e-44cc-bd18-5b415144a5bf:group-0B1A863E1733:LeaderElection19] INFO  segmented.SegmentedRaftLogWorker (SegmentedRaftLogWorker.java:startLogSegment(380)) - 28f77823-de9e-44cc-bd18-5b415144a5bf-SegmentedRaftLogWorker:Storage Directory /workdir/hadoop-ozone/ozonefs/target/test-dir/MiniOzoneClusterImpl-21ed0f53-0413-44c7-8609-f438100532e5/datanode-1/data/ratis/655e11f5-6c46-44f5-9cc2-0b1a863e1733: Starting segment from index:0
2019-09-19 09:40:50,455 | INFO  | SCMAudit | user=jenkins1000 | ip=192.168.34.5 | op=SEND_HEARTBEAT {datanodeUUID=28f77823-de9e-44cc-bd18-5b415144a5bf, command=[]} | ret=SUCCESS |  
2019-09-19 09:40:50,455 [28f77823-de9e-44cc-bd18-5b415144a5bf:group-0B1A863E1733:LeaderElection19] INFO  impl.RaftServerImpl (ServerState.java:setRaftConf(361)) - 28f77823-de9e-44cc-bd18-5b415144a5bf:group-0B1A863E1733 set configuration 0: [28f77823-de9e-44cc-bd18-5b415144a5bf:192.168.34.5:41344], old=null at 0
2019-09-19 09:40:50,488 [7076406d-aee0-4126-8bab-f0c87a3fcebd:group-293144019123:LeaderElection20] INFO  impl.LeaderElection (LeaderElection.java:askForVotes(181)) - 7076406d-aee0-4126-8bab-f0c87a3fcebd:group-293144019123:LeaderElection20: begin an election at term 1 for -1: [7076406d-aee0-4126-8bab-f0c87a3fcebd:192.168.34.5:33583], old=null
2019-09-19 09:40:50,488 [7076406d-aee0-4126-8bab-f0c87a3fcebd:group-293144019123:LeaderElection20] INFO  impl.RoleInfo (RoleInfo.java:shutdownLeaderElection(134)) - 7076406d-aee0-4126-8bab-f0c87a3fcebd: shutdown LeaderElection
2019-09-19 09:40:50,489 [7076406d-aee0-4126-8bab-f0c87a3fcebd:group-293144019123:LeaderElection20] INFO  impl.RaftServerImpl (RaftServerImpl.java:setRole(171)) - 7076406d-aee0-4126-8bab-f0c87a3fcebd:group-293144019123 changes role from CANDIDATE to LEADER at term 1 for changeToLeader
2019-09-19 09:40:50,489 [7076406d-aee0-4126-8bab-f0c87a3fcebd:group-293144019123:LeaderElection20] INFO  impl.RaftServerImpl (ServerState.java:setLeader(263)) - 7076406d-aee0-4126-8bab-f0c87a3fcebd:group-293144019123 change Leader from null to 7076406d-aee0-4126-8bab-f0c87a3fcebd at term 1 for becomeLeader, leader elected after 5110ms
2019-09-19 09:40:50,489 [7076406d-aee0-4126-8bab-f0c87a3fcebd:group-293144019123:LeaderElection20] INFO  server.RaftServerConfigKeys (ConfUtils.java:logGet(43)) - raft.server.staging.catchup.gap = 1000 (default)
2019-09-19 09:40:50,489 [7076406d-aee0-4126-8bab-f0c87a3fcebd:group-293144019123:LeaderElection20] INFO  server.RaftServerConfigKeys (ConfUtils.java:logGet(43)) - raft.server.rpc.sleep.time = 25ms (default)
2019-09-19 09:40:50,490 [7076406d-aee0-4126-8bab-f0c87a3fcebd:group-293144019123:LeaderElection20] INFO  server.RaftServerConfigKeys (ConfUtils.java:logGet(43)) - raft.server.write.element-limit = 4096 (default)
2019-09-19 09:40:50,490 [7076406d-aee0-4126-8bab-f0c87a3fcebd:group-293144019123:LeaderElection20] INFO  server.RaftServerConfigKeys (ConfUtils.java:logGet(43)) - raft.server.watch.timeout = 10s (default)
2019-09-19 09:40:50,490 [7076406d-aee0-4126-8bab-f0c87a3fcebd:group-293144019123:LeaderElection20] INFO  server.RaftServerConfigKeys (ConfUtils.java:logGet(43)) - raft.server.watch.timeout.denomination = 1s (default)
2019-09-19 09:40:50,490 [7076406d-aee0-4126-8bab-f0c87a3fcebd:group-293144019123:LeaderElection20] INFO  server.RaftServerConfigKeys (ConfUtils.java:logGet(43)) - raft.server.watch.element-limit = 65536 (default)
2019-09-19 09:40:50,491 [7076406d-aee0-4126-8bab-f0c87a3fcebd:group-293144019123:LeaderElection20] INFO  impl.RoleInfo (RoleInfo.java:updateAndGet(143)) - 7076406d-aee0-4126-8bab-f0c87a3fcebd: start LeaderState
2019-09-19 09:40:50,491 [7076406d-aee0-4126-8bab-f0c87a3fcebd:group-293144019123:LeaderElection20] INFO  segmented.SegmentedRaftLogWorker (SegmentedRaftLogWorker.java:startLogSegment(380)) - 7076406d-aee0-4126-8bab-f0c87a3fcebd-SegmentedRaftLogWorker:Storage Directory /workdir/hadoop-ozone/ozonefs/target/test-dir/MiniOzoneClusterImpl-21ed0f53-0413-44c7-8609-f438100532e5/datanode-7/data/ratis/5b327425-b643-4ca6-8ce0-293144019123: Starting segment from index:0
2019-09-19 09:40:50,492 [7076406d-aee0-4126-8bab-f0c87a3fcebd:group-293144019123:LeaderElection20] INFO  impl.RaftServerImpl (ServerState.java:setRaftConf(361)) - 7076406d-aee0-4126-8bab-f0c87a3fcebd:group-293144019123 set configuration 0: [7076406d-aee0-4126-8bab-f0c87a3fcebd:192.168.34.5:33583], old=null at 0
2019-09-19 09:40:50,526 [28f77823-de9e-44cc-bd18-5b415144a5bf-SegmentedRaftLogWorker:Storage Directory /workdir/hadoop-ozone/ozonefs/target/test-dir/MiniOzoneClusterImpl-21ed0f53-0413-44c7-8609-f438100532e5/datanode-1/data/ratis/655e11f5-6c46-44f5-9cc2-0b1a863e1733] INFO  segmented.SegmentedRaftLogWorker (SegmentedRaftLogWorker.java:execute(569)) - 28f77823-de9e-44cc-bd18-5b415144a5bf-SegmentedRaftLogWorker:Storage Directory /workdir/hadoop-ozone/ozonefs/target/test-dir/MiniOzoneClusterImpl-21ed0f53-0413-44c7-8609-f438100532e5/datanode-1/data/ratis/655e11f5-6c46-44f5-9cc2-0b1a863e1733: created new log segment /workdir/hadoop-ozone/ozonefs/target/test-dir/MiniOzoneClusterImpl-21ed0f53-0413-44c7-8609-f438100532e5/datanode-1/data/ratis/655e11f5-6c46-44f5-9cc2-0b1a863e1733/current/log_inprogress_0
2019-09-19 09:40:50,538 [7076406d-aee0-4126-8bab-f0c87a3fcebd-SegmentedRaftLogWorker:Storage Directory /workdir/hadoop-ozone/ozonefs/target/test-dir/MiniOzoneClusterImpl-21ed0f53-0413-44c7-8609-f438100532e5/datanode-7/data/ratis/5b327425-b643-4ca6-8ce0-293144019123] INFO  segmented.SegmentedRaftLogWorker (SegmentedRaftLogWorker.java:execute(569)) - 7076406d-aee0-4126-8bab-f0c87a3fcebd-SegmentedRaftLogWorker:Storage Directory /workdir/hadoop-ozone/ozonefs/target/test-dir/MiniOzoneClusterImpl-21ed0f53-0413-44c7-8609-f438100532e5/datanode-7/data/ratis/5b327425-b643-4ca6-8ce0-293144019123: created new log segment /workdir/hadoop-ozone/ozonefs/target/test-dir/MiniOzoneClusterImpl-21ed0f53-0413-44c7-8609-f438100532e5/datanode-7/data/ratis/5b327425-b643-4ca6-8ce0-293144019123/current/log_inprogress_0
2019-09-19 09:40:50,620 | INFO  | SCMAudit | user=jenkins1000 | ip=192.168.34.5 | op=SEND_HEARTBEAT {datanodeUUID=1cd79902-2a06-4a3f-8023-3eba64f51293, command=[]} | ret=SUCCESS |  
2019-09-19 09:40:50,621 | INFO  | SCMAudit | user=jenkins1000 | ip=192.168.34.5 | op=SEND_HEARTBEAT {datanodeUUID=caeb75b6-27c7-410d-b6eb-8f738956b5a3, command=[]} | ret=SUCCESS |  
2019-09-19 09:40:50,623 [Thread-351] INFO  impl.FollowerState (FollowerState.java:run(106)) - 1bcbd64b-2199-49e1-86d3-4e4b64d88b4a:group-FFF2FFD1E556 changes to CANDIDATE, lastRpcTime:5010, electionTimeout:5010ms
2019-09-19 09:40:50,623 [Thread-351] INFO  impl.RoleInfo (RoleInfo.java:shutdownFollowerState(121)) - 1bcbd64b-2199-49e1-86d3-4e4b64d88b4a: shutdown FollowerState
2019-09-19 09:40:50,623 [Thread-351] INFO  impl.RaftServerImpl (RaftServerImpl.java:setRole(171)) - 1bcbd64b-2199-49e1-86d3-4e4b64d88b4a:group-FFF2FFD1E556 changes role from FOLLOWER to CANDIDATE at term 0 for changeToCandidate
2019-09-19 09:40:50,623 [Thread-351] INFO  impl.RoleInfo (RoleInfo.java:updateAndGet(143)) - 1bcbd64b-2199-49e1-86d3-4e4b64d88b4a: start LeaderElection
2019-09-19 09:40:50,642 [1bcbd64b-2199-49e1-86d3-4e4b64d88b4a:group-FFF2FFD1E556:LeaderElection21] INFO  impl.LeaderElection (LeaderElection.java:askForVotes(181)) - 1bcbd64b-2199-49e1-86d3-4e4b64d88b4a:group-FFF2FFD1E556:LeaderElection21: begin an election at term 1 for -1: [1bcbd64b-2199-49e1-86d3-4e4b64d88b4a:192.168.34.5:41194], old=null
2019-09-19 09:40:50,642 [1bcbd64b-2199-49e1-86d3-4e4b64d88b4a:group-FFF2FFD1E556:LeaderElection21] INFO  impl.RoleInfo (RoleInfo.java:shutdownLeaderElection(134)) - 1bcbd64b-2199-49e1-86d3-4e4b64d88b4a: shutdown LeaderElection
2019-09-19 09:40:50,642 [1bcbd64b-2199-49e1-86d3-4e4b64d88b4a:group-FFF2FFD1E556:LeaderElection21] INFO  impl.RaftServerImpl (RaftServerImpl.java:setRole(171)) - 1bcbd64b-2199-49e1-86d3-4e4b64d88b4a:group-FFF2FFD1E556 changes role from CANDIDATE to LEADER at term 1 for changeToLeader
2019-09-19 09:40:50,642 [1bcbd64b-2199-49e1-86d3-4e4b64d88b4a:group-FFF2FFD1E556:LeaderElection21] INFO  impl.RaftServerImpl (ServerState.java:setLeader(263)) - 1bcbd64b-2199-49e1-86d3-4e4b64d88b4a:group-FFF2FFD1E556 change Leader from null to 1bcbd64b-2199-49e1-86d3-4e4b64d88b4a at term 1 for becomeLeader, leader elected after 5035ms
2019-09-19 09:40:50,643 [1bcbd64b-2199-49e1-86d3-4e4b64d88b4a:group-FFF2FFD1E556:LeaderElection21] INFO  server.RaftServerConfigKeys (ConfUtils.java:logGet(43)) - raft.server.staging.catchup.gap = 1000 (default)
2019-09-19 09:40:50,643 [1bcbd64b-2199-49e1-86d3-4e4b64d88b4a:group-FFF2FFD1E556:LeaderElection21] INFO  server.RaftServerConfigKeys (ConfUtils.java:logGet(43)) - raft.server.rpc.sleep.time = 25ms (default)
2019-09-19 09:40:50,643 [1bcbd64b-2199-49e1-86d3-4e4b64d88b4a:group-FFF2FFD1E556:LeaderElection21] INFO  server.RaftServerConfigKeys (ConfUtils.java:logGet(43)) - raft.server.write.element-limit = 4096 (default)
2019-09-19 09:40:50,643 [1bcbd64b-2199-49e1-86d3-4e4b64d88b4a:group-FFF2FFD1E556:LeaderElection21] INFO  server.RaftServerConfigKeys (ConfUtils.java:logGet(43)) - raft.server.watch.timeout = 10s (default)
2019-09-19 09:40:50,644 [1bcbd64b-2199-49e1-86d3-4e4b64d88b4a:group-FFF2FFD1E556:LeaderElection21] INFO  server.RaftServerConfigKeys (ConfUtils.java:logGet(43)) - raft.server.watch.timeout.denomination = 1s (default)
2019-09-19 09:40:50,644 [1bcbd64b-2199-49e1-86d3-4e4b64d88b4a:group-FFF2FFD1E556:LeaderElection21] INFO  server.RaftServerConfigKeys (ConfUtils.java:logGet(43)) - raft.server.watch.element-limit = 65536 (default)
2019-09-19 09:40:50,644 [1bcbd64b-2199-49e1-86d3-4e4b64d88b4a:group-FFF2FFD1E556:LeaderElection21] INFO  impl.RoleInfo (RoleInfo.java:updateAndGet(143)) - 1bcbd64b-2199-49e1-86d3-4e4b64d88b4a: start LeaderState
2019-09-19 09:40:50,645 [1bcbd64b-2199-49e1-86d3-4e4b64d88b4a:group-FFF2FFD1E556:LeaderElection21] INFO  segmented.SegmentedRaftLogWorker (SegmentedRaftLogWorker.java:startLogSegment(380)) - 1bcbd64b-2199-49e1-86d3-4e4b64d88b4a-SegmentedRaftLogWorker:Storage Directory /workdir/hadoop-ozone/ozonefs/target/test-dir/MiniOzoneClusterImpl-21ed0f53-0413-44c7-8609-f438100532e5/datanode-0/data/ratis/419de2fe-f9d7-44d2-8452-fff2ffd1e556: Starting segment from index:0
2019-09-19 09:40:50,645 [1bcbd64b-2199-49e1-86d3-4e4b64d88b4a:group-FFF2FFD1E556:LeaderElection21] INFO  impl.RaftServerImpl (ServerState.java:setRaftConf(361)) - 1bcbd64b-2199-49e1-86d3-4e4b64d88b4a:group-FFF2FFD1E556 set configuration 0: [1bcbd64b-2199-49e1-86d3-4e4b64d88b4a:192.168.34.5:41194], old=null at 0
2019-09-19 09:40:50,685 [Thread-345] INFO  impl.FollowerState (FollowerState.java:run(106)) - 90577c55-fd31-444d-84bd-73a3c37bc268:group-76C05438BA26 changes to CANDIDATE, lastRpcTime:5196, electionTimeout:5164ms
2019-09-19 09:40:50,686 [Thread-345] INFO  impl.RoleInfo (RoleInfo.java:shutdownFollowerState(121)) - 90577c55-fd31-444d-84bd-73a3c37bc268: shutdown FollowerState
2019-09-19 09:40:50,686 [Thread-345] INFO  impl.RaftServerImpl (RaftServerImpl.java:setRole(171)) - 90577c55-fd31-444d-84bd-73a3c37bc268:group-76C05438BA26 changes role from FOLLOWER to CANDIDATE at term 0 for changeToCandidate
2019-09-19 09:40:50,686 [Thread-345] INFO  impl.RoleInfo (RoleInfo.java:updateAndGet(143)) - 90577c55-fd31-444d-84bd-73a3c37bc268: start LeaderElection
2019-09-19 09:40:50,698 [1bcbd64b-2199-49e1-86d3-4e4b64d88b4a-SegmentedRaftLogWorker:Storage Directory /workdir/hadoop-ozone/ozonefs/target/test-dir/MiniOzoneClusterImpl-21ed0f53-0413-44c7-8609-f438100532e5/datanode-0/data/ratis/419de2fe-f9d7-44d2-8452-fff2ffd1e556] INFO  segmented.SegmentedRaftLogWorker (SegmentedRaftLogWorker.java:execute(569)) - 1bcbd64b-2199-49e1-86d3-4e4b64d88b4a-SegmentedRaftLogWorker:Storage Directory /workdir/hadoop-ozone/ozonefs/target/test-dir/MiniOzoneClusterImpl-21ed0f53-0413-44c7-8609-f438100532e5/datanode-0/data/ratis/419de2fe-f9d7-44d2-8452-fff2ffd1e556: created new log segment /workdir/hadoop-ozone/ozonefs/target/test-dir/MiniOzoneClusterImpl-21ed0f53-0413-44c7-8609-f438100532e5/datanode-0/data/ratis/419de2fe-f9d7-44d2-8452-fff2ffd1e556/current/log_inprogress_0
2019-09-19 09:40:50,698 [90577c55-fd31-444d-84bd-73a3c37bc268:group-76C05438BA26:LeaderElection22] INFO  impl.LeaderElection (LeaderElection.java:askForVotes(181)) - 90577c55-fd31-444d-84bd-73a3c37bc268:group-76C05438BA26:LeaderElection22: begin an election at term 1 for -1: [90577c55-fd31-444d-84bd-73a3c37bc268:192.168.34.5:38982], old=null
2019-09-19 09:40:50,699 [90577c55-fd31-444d-84bd-73a3c37bc268:group-76C05438BA26:LeaderElection22] INFO  impl.RoleInfo (RoleInfo.java:shutdownLeaderElection(134)) - 90577c55-fd31-444d-84bd-73a3c37bc268: shutdown LeaderElection
2019-09-19 09:40:50,699 [90577c55-fd31-444d-84bd-73a3c37bc268:group-76C05438BA26:LeaderElection22] INFO  impl.RaftServerImpl (RaftServerImpl.java:setRole(171)) - 90577c55-fd31-444d-84bd-73a3c37bc268:group-76C05438BA26 changes role from CANDIDATE to LEADER at term 1 for changeToLeader
2019-09-19 09:40:50,699 [90577c55-fd31-444d-84bd-73a3c37bc268:group-76C05438BA26:LeaderElection22] INFO  impl.RaftServerImpl (ServerState.java:setLeader(263)) - 90577c55-fd31-444d-84bd-73a3c37bc268:group-76C05438BA26 change Leader from null to 90577c55-fd31-444d-84bd-73a3c37bc268 at term 1 for becomeLeader, leader elected after 5214ms
2019-09-19 09:40:50,699 [90577c55-fd31-444d-84bd-73a3c37bc268:group-76C05438BA26:LeaderElection22] INFO  server.RaftServerConfigKeys (ConfUtils.java:logGet(43)) - raft.server.staging.catchup.gap = 1000 (default)
2019-09-19 09:40:50,699 [90577c55-fd31-444d-84bd-73a3c37bc268:group-76C05438BA26:LeaderElection22] INFO  server.RaftServerConfigKeys (ConfUtils.java:logGet(43)) - raft.server.rpc.sleep.time = 25ms (default)
2019-09-19 09:40:50,700 [90577c55-fd31-444d-84bd-73a3c37bc268:group-76C05438BA26:LeaderElection22] INFO  server.RaftServerConfigKeys (ConfUtils.java:logGet(43)) - raft.server.write.element-limit = 4096 (default)
2019-09-19 09:40:50,700 [90577c55-fd31-444d-84bd-73a3c37bc268:group-76C05438BA26:LeaderElection22] INFO  server.RaftServerConfigKeys (ConfUtils.java:logGet(43)) - raft.server.watch.timeout = 10s (default)
2019-09-19 09:40:50,700 [90577c55-fd31-444d-84bd-73a3c37bc268:group-76C05438BA26:LeaderElection22] INFO  server.RaftServerConfigKeys (ConfUtils.java:logGet(43)) - raft.server.watch.timeout.denomination = 1s (default)
2019-09-19 09:40:50,700 [90577c55-fd31-444d-84bd-73a3c37bc268:group-76C05438BA26:LeaderElection22] INFO  server.RaftServerConfigKeys (ConfUtils.java:logGet(43)) - raft.server.watch.element-limit = 65536 (default)
2019-09-19 09:40:50,701 [90577c55-fd31-444d-84bd-73a3c37bc268:group-76C05438BA26:LeaderElection22] INFO  impl.RoleInfo (RoleInfo.java:updateAndGet(143)) - 90577c55-fd31-444d-84bd-73a3c37bc268: start LeaderState
2019-09-19 09:40:50,701 [90577c55-fd31-444d-84bd-73a3c37bc268:group-76C05438BA26:LeaderElection22] INFO  segmented.SegmentedRaftLogWorker (SegmentedRaftLogWorker.java:startLogSegment(380)) - 90577c55-fd31-444d-84bd-73a3c37bc268-SegmentedRaftLogWorker:Storage Directory /workdir/hadoop-ozone/ozonefs/target/test-dir/MiniOzoneClusterImpl-21ed0f53-0413-44c7-8609-f438100532e5/datanode-2/data/ratis/a5bc8428-d7e0-40e3-965b-76c05438ba26: Starting segment from index:0
2019-09-19 09:40:50,702 [90577c55-fd31-444d-84bd-73a3c37bc268:group-76C05438BA26:LeaderElection22] INFO  impl.RaftServerImpl (ServerState.java:setRaftConf(361)) - 90577c55-fd31-444d-84bd-73a3c37bc268:group-76C05438BA26 set configuration 0: [90577c55-fd31-444d-84bd-73a3c37bc268:192.168.34.5:38982], old=null at 0
2019-09-19 09:40:50,742 [Thread-348] INFO  impl.FollowerState (FollowerState.java:run(106)) - bb9d252a-546d-48b3-aabe-52964da86e48:group-7EFF5719F1D4 changes to CANDIDATE, lastRpcTime:5192, electionTimeout:5187ms
2019-09-19 09:40:50,743 [Thread-348] INFO  impl.RoleInfo (RoleInfo.java:shutdownFollowerState(121)) - bb9d252a-546d-48b3-aabe-52964da86e48: shutdown FollowerState
2019-09-19 09:40:50,743 [Thread-348] INFO  impl.RaftServerImpl (RaftServerImpl.java:setRole(171)) - bb9d252a-546d-48b3-aabe-52964da86e48:group-7EFF5719F1D4 changes role from FOLLOWER to CANDIDATE at term 0 for changeToCandidate
2019-09-19 09:40:50,743 [Thread-348] INFO  impl.RoleInfo (RoleInfo.java:updateAndGet(143)) - bb9d252a-546d-48b3-aabe-52964da86e48: start LeaderElection
2019-09-19 09:40:50,747 | INFO  | SCMAudit | user=jenkins1000 | ip=192.168.34.5 | op=SEND_HEARTBEAT {datanodeUUID=90577c55-fd31-444d-84bd-73a3c37bc268, command=[]} | ret=SUCCESS |  
2019-09-19 09:40:50,755 [90577c55-fd31-444d-84bd-73a3c37bc268-SegmentedRaftLogWorker:Storage Directory /workdir/hadoop-ozone/ozonefs/target/test-dir/MiniOzoneClusterImpl-21ed0f53-0413-44c7-8609-f438100532e5/datanode-2/data/ratis/a5bc8428-d7e0-40e3-965b-76c05438ba26] INFO  segmented.SegmentedRaftLogWorker (SegmentedRaftLogWorker.java:execute(569)) - 90577c55-fd31-444d-84bd-73a3c37bc268-SegmentedRaftLogWorker:Storage Directory /workdir/hadoop-ozone/ozonefs/target/test-dir/MiniOzoneClusterImpl-21ed0f53-0413-44c7-8609-f438100532e5/datanode-2/data/ratis/a5bc8428-d7e0-40e3-965b-76c05438ba26: created new log segment /workdir/hadoop-ozone/ozonefs/target/test-dir/MiniOzoneClusterImpl-21ed0f53-0413-44c7-8609-f438100532e5/datanode-2/data/ratis/a5bc8428-d7e0-40e3-965b-76c05438ba26/current/log_inprogress_0
2019-09-19 09:40:50,756 [bb9d252a-546d-48b3-aabe-52964da86e48:group-7EFF5719F1D4:LeaderElection23] INFO  impl.LeaderElection (LeaderElection.java:askForVotes(181)) - bb9d252a-546d-48b3-aabe-52964da86e48:group-7EFF5719F1D4:LeaderElection23: begin an election at term 1 for -1: [bb9d252a-546d-48b3-aabe-52964da86e48:192.168.34.5:44392], old=null
2019-09-19 09:40:50,756 [bb9d252a-546d-48b3-aabe-52964da86e48:group-7EFF5719F1D4:LeaderElection23] INFO  impl.RoleInfo (RoleInfo.java:shutdownLeaderElection(134)) - bb9d252a-546d-48b3-aabe-52964da86e48: shutdown LeaderElection
2019-09-19 09:40:50,756 [bb9d252a-546d-48b3-aabe-52964da86e48:group-7EFF5719F1D4:LeaderElection23] INFO  impl.RaftServerImpl (RaftServerImpl.java:setRole(171)) - bb9d252a-546d-48b3-aabe-52964da86e48:group-7EFF5719F1D4 changes role from CANDIDATE to LEADER at term 1 for changeToLeader
2019-09-19 09:40:50,756 [bb9d252a-546d-48b3-aabe-52964da86e48:group-7EFF5719F1D4:LeaderElection23] INFO  impl.RaftServerImpl (ServerState.java:setLeader(263)) - bb9d252a-546d-48b3-aabe-52964da86e48:group-7EFF5719F1D4 change Leader from null to bb9d252a-546d-48b3-aabe-52964da86e48 at term 1 for becomeLeader, leader elected after 5211ms
2019-09-19 09:40:50,756 [bb9d252a-546d-48b3-aabe-52964da86e48:group-7EFF5719F1D4:LeaderElection23] INFO  server.RaftServerConfigKeys (ConfUtils.java:logGet(43)) - raft.server.staging.catchup.gap = 1000 (default)
2019-09-19 09:40:50,757 [bb9d252a-546d-48b3-aabe-52964da86e48:group-7EFF5719F1D4:LeaderElection23] INFO  server.RaftServerConfigKeys (ConfUtils.java:logGet(43)) - raft.server.rpc.sleep.time = 25ms (default)
2019-09-19 09:40:50,757 [bb9d252a-546d-48b3-aabe-52964da86e48:group-7EFF5719F1D4:LeaderElection23] INFO  server.RaftServerConfigKeys (ConfUtils.java:logGet(43)) - raft.server.write.element-limit = 4096 (default)
2019-09-19 09:40:50,757 [bb9d252a-546d-48b3-aabe-52964da86e48:group-7EFF5719F1D4:LeaderElection23] INFO  server.RaftServerConfigKeys (ConfUtils.java:logGet(43)) - raft.server.watch.timeout = 10s (default)
2019-09-19 09:40:50,757 [bb9d252a-546d-48b3-aabe-52964da86e48:group-7EFF5719F1D4:LeaderElection23] INFO  server.RaftServerConfigKeys (ConfUtils.java:logGet(43)) - raft.server.watch.timeout.denomination = 1s (default)
2019-09-19 09:40:50,758 [bb9d252a-546d-48b3-aabe-52964da86e48:group-7EFF5719F1D4:LeaderElection23] INFO  server.RaftServerConfigKeys (ConfUtils.java:logGet(43)) - raft.server.watch.element-limit = 65536 (default)
2019-09-19 09:40:50,758 [bb9d252a-546d-48b3-aabe-52964da86e48:group-7EFF5719F1D4:LeaderElection23] INFO  impl.RoleInfo (RoleInfo.java:updateAndGet(143)) - bb9d252a-546d-48b3-aabe-52964da86e48: start LeaderState
2019-09-19 09:40:50,758 [bb9d252a-546d-48b3-aabe-52964da86e48:group-7EFF5719F1D4:LeaderElection23] INFO  segmented.SegmentedRaftLogWorker (SegmentedRaftLogWorker.java:startLogSegment(380)) - bb9d252a-546d-48b3-aabe-52964da86e48-SegmentedRaftLogWorker:Storage Directory /workdir/hadoop-ozone/ozonefs/target/test-dir/MiniOzoneClusterImpl-21ed0f53-0413-44c7-8609-f438100532e5/datanode-6/data/ratis/ec798276-680e-427a-9baa-7eff5719f1d4: Starting segment from index:0
2019-09-19 09:40:50,759 [bb9d252a-546d-48b3-aabe-52964da86e48:group-7EFF5719F1D4:LeaderElection23] INFO  impl.RaftServerImpl (ServerState.java:setRaftConf(361)) - bb9d252a-546d-48b3-aabe-52964da86e48:group-7EFF5719F1D4 set configuration 0: [bb9d252a-546d-48b3-aabe-52964da86e48:192.168.34.5:44392], old=null at 0
2019-09-19 09:40:50,803 [Thread-354] INFO  impl.FollowerState (FollowerState.java:run(106)) - 1cd79902-2a06-4a3f-8023-3eba64f51293:group-D28124931AB6 changes to CANDIDATE, lastRpcTime:5132, electionTimeout:5132ms
2019-09-19 09:40:50,803 [Thread-354] INFO  impl.RoleInfo (RoleInfo.java:shutdownFollowerState(121)) - 1cd79902-2a06-4a3f-8023-3eba64f51293: shutdown FollowerState
2019-09-19 09:40:50,803 [Thread-354] INFO  impl.RaftServerImpl (RaftServerImpl.java:setRole(171)) - 1cd79902-2a06-4a3f-8023-3eba64f51293:group-D28124931AB6 changes role from FOLLOWER to CANDIDATE at term 0 for changeToCandidate
2019-09-19 09:40:50,804 [Thread-354] INFO  impl.RoleInfo (RoleInfo.java:updateAndGet(143)) - 1cd79902-2a06-4a3f-8023-3eba64f51293: start LeaderElection
2019-09-19 09:40:50,807 [bb9d252a-546d-48b3-aabe-52964da86e48-SegmentedRaftLogWorker:Storage Directory /workdir/hadoop-ozone/ozonefs/target/test-dir/MiniOzoneClusterImpl-21ed0f53-0413-44c7-8609-f438100532e5/datanode-6/data/ratis/ec798276-680e-427a-9baa-7eff5719f1d4] INFO  segmented.SegmentedRaftLogWorker (SegmentedRaftLogWorker.java:execute(569)) - bb9d252a-546d-48b3-aabe-52964da86e48-SegmentedRaftLogWorker:Storage Directory /workdir/hadoop-ozone/ozonefs/target/test-dir/MiniOzoneClusterImpl-21ed0f53-0413-44c7-8609-f438100532e5/datanode-6/data/ratis/ec798276-680e-427a-9baa-7eff5719f1d4: created new log segment /workdir/hadoop-ozone/ozonefs/target/test-dir/MiniOzoneClusterImpl-21ed0f53-0413-44c7-8609-f438100532e5/datanode-6/data/ratis/ec798276-680e-427a-9baa-7eff5719f1d4/current/log_inprogress_0
2019-09-19 09:40:50,821 [1cd79902-2a06-4a3f-8023-3eba64f51293:group-D28124931AB6:LeaderElection24] INFO  impl.LeaderElection (LeaderElection.java:askForVotes(181)) - 1cd79902-2a06-4a3f-8023-3eba64f51293:group-D28124931AB6:LeaderElection24: begin an election at term 1 for -1: [1cd79902-2a06-4a3f-8023-3eba64f51293:192.168.34.5:43611], old=null
2019-09-19 09:40:50,821 [1cd79902-2a06-4a3f-8023-3eba64f51293:group-D28124931AB6:LeaderElection24] INFO  impl.RoleInfo (RoleInfo.java:shutdownLeaderElection(134)) - 1cd79902-2a06-4a3f-8023-3eba64f51293: shutdown LeaderElection
2019-09-19 09:40:50,821 [1cd79902-2a06-4a3f-8023-3eba64f51293:group-D28124931AB6:LeaderElection24] INFO  impl.RaftServerImpl (RaftServerImpl.java:setRole(171)) - 1cd79902-2a06-4a3f-8023-3eba64f51293:group-D28124931AB6 changes role from CANDIDATE to LEADER at term 1 for changeToLeader
2019-09-19 09:40:50,821 [1cd79902-2a06-4a3f-8023-3eba64f51293:group-D28124931AB6:LeaderElection24] INFO  impl.RaftServerImpl (ServerState.java:setLeader(263)) - 1cd79902-2a06-4a3f-8023-3eba64f51293:group-D28124931AB6 change Leader from null to 1cd79902-2a06-4a3f-8023-3eba64f51293 at term 1 for becomeLeader, leader elected after 5156ms
2019-09-19 09:40:50,822 [1cd79902-2a06-4a3f-8023-3eba64f51293:group-D28124931AB6:LeaderElection24] INFO  server.RaftServerConfigKeys (ConfUtils.java:logGet(43)) - raft.server.staging.catchup.gap = 1000 (default)
2019-09-19 09:40:50,822 [1cd79902-2a06-4a3f-8023-3eba64f51293:group-D28124931AB6:LeaderElection24] INFO  server.RaftServerConfigKeys (ConfUtils.java:logGet(43)) - raft.server.rpc.sleep.time = 25ms (default)
2019-09-19 09:40:50,822 [1cd79902-2a06-4a3f-8023-3eba64f51293:group-D28124931AB6:LeaderElection24] INFO  server.RaftServerConfigKeys (ConfUtils.java:logGet(43)) - raft.server.write.element-limit = 4096 (default)
2019-09-19 09:40:50,822 [1cd79902-2a06-4a3f-8023-3eba64f51293:group-D28124931AB6:LeaderElection24] INFO  server.RaftServerConfigKeys (ConfUtils.java:logGet(43)) - raft.server.watch.timeout = 10s (default)
2019-09-19 09:40:50,822 [1cd79902-2a06-4a3f-8023-3eba64f51293:group-D28124931AB6:LeaderElection24] INFO  server.RaftServerConfigKeys (ConfUtils.java:logGet(43)) - raft.server.watch.timeout.denomination = 1s (default)
2019-09-19 09:40:50,823 [1cd79902-2a06-4a3f-8023-3eba64f51293:group-D28124931AB6:LeaderElection24] INFO  server.RaftServerConfigKeys (ConfUtils.java:logGet(43)) - raft.server.watch.element-limit = 65536 (default)
2019-09-19 09:40:50,823 [1cd79902-2a06-4a3f-8023-3eba64f51293:group-D28124931AB6:LeaderElection24] INFO  impl.RoleInfo (RoleInfo.java:updateAndGet(143)) - 1cd79902-2a06-4a3f-8023-3eba64f51293: start LeaderState
2019-09-19 09:40:50,823 [1cd79902-2a06-4a3f-8023-3eba64f51293:group-D28124931AB6:LeaderElection24] INFO  segmented.SegmentedRaftLogWorker (SegmentedRaftLogWorker.java:startLogSegment(380)) - 1cd79902-2a06-4a3f-8023-3eba64f51293-SegmentedRaftLogWorker:Storage Directory /workdir/hadoop-ozone/ozonefs/target/test-dir/MiniOzoneClusterImpl-21ed0f53-0413-44c7-8609-f438100532e5/datanode-5/data/ratis/a828a380-c8ed-4deb-969f-d28124931ab6: Starting segment from index:0
2019-09-19 09:40:50,824 [1cd79902-2a06-4a3f-8023-3eba64f51293:group-D28124931AB6:LeaderElection24] INFO  impl.RaftServerImpl (ServerState.java:setRaftConf(361)) - 1cd79902-2a06-4a3f-8023-3eba64f51293:group-D28124931AB6 set configuration 0: [1cd79902-2a06-4a3f-8023-3eba64f51293:192.168.34.5:43611], old=null at 0
2019-09-19 09:40:50,863 [Thread-360] INFO  impl.FollowerState (FollowerState.java:run(106)) - 28f77823-de9e-44cc-bd18-5b415144a5bf:group-40603D416199 changes to CANDIDATE, lastRpcTime:5074, electionTimeout:5043ms
2019-09-19 09:40:50,863 [Thread-360] INFO  impl.RoleInfo (RoleInfo.java:shutdownFollowerState(121)) - 28f77823-de9e-44cc-bd18-5b415144a5bf: shutdown FollowerState
2019-09-19 09:40:50,863 [Thread-360] INFO  impl.RaftServerImpl (RaftServerImpl.java:setRole(171)) - 28f77823-de9e-44cc-bd18-5b415144a5bf:group-40603D416199 changes role from FOLLOWER to CANDIDATE at term 0 for changeToCandidate
2019-09-19 09:40:50,864 [Thread-360] INFO  impl.RoleInfo (RoleInfo.java:updateAndGet(143)) - 28f77823-de9e-44cc-bd18-5b415144a5bf: start LeaderElection
2019-09-19 09:40:50,867 | INFO  | SCMAudit | user=jenkins1000 | ip=192.168.34.5 | op=SEND_HEARTBEAT {datanodeUUID=bb9d252a-546d-48b3-aabe-52964da86e48, command=[]} | ret=SUCCESS |  
2019-09-19 09:40:50,878 [Thread-357] INFO  impl.FollowerState (FollowerState.java:run(106)) - 1cd79902-2a06-4a3f-8023-3eba64f51293:group-FB1B83837F3D changes to CANDIDATE, lastRpcTime:5148, electionTimeout:5147ms
2019-09-19 09:40:50,878 [Thread-357] INFO  impl.RoleInfo (RoleInfo.java:shutdownFollowerState(121)) - 1cd79902-2a06-4a3f-8023-3eba64f51293: shutdown FollowerState
2019-09-19 09:40:50,878 [1cd79902-2a06-4a3f-8023-3eba64f51293-SegmentedRaftLogWorker:Storage Directory /workdir/hadoop-ozone/ozonefs/target/test-dir/MiniOzoneClusterImpl-21ed0f53-0413-44c7-8609-f438100532e5/datanode-5/data/ratis/a828a380-c8ed-4deb-969f-d28124931ab6] INFO  segmented.SegmentedRaftLogWorker (SegmentedRaftLogWorker.java:execute(569)) - 1cd79902-2a06-4a3f-8023-3eba64f51293-SegmentedRaftLogWorker:Storage Directory /workdir/hadoop-ozone/ozonefs/target/test-dir/MiniOzoneClusterImpl-21ed0f53-0413-44c7-8609-f438100532e5/datanode-5/data/ratis/a828a380-c8ed-4deb-969f-d28124931ab6: created new log segment /workdir/hadoop-ozone/ozonefs/target/test-dir/MiniOzoneClusterImpl-21ed0f53-0413-44c7-8609-f438100532e5/datanode-5/data/ratis/a828a380-c8ed-4deb-969f-d28124931ab6/current/log_inprogress_0
2019-09-19 09:40:50,878 [Thread-357] INFO  impl.RaftServerImpl (RaftServerImpl.java:setRole(171)) - 1cd79902-2a06-4a3f-8023-3eba64f51293:group-FB1B83837F3D changes role from FOLLOWER to CANDIDATE at term 0 for changeToCandidate
2019-09-19 09:40:50,878 [28f77823-de9e-44cc-bd18-5b415144a5bf:group-40603D416199:LeaderElection25] INFO  impl.LeaderElection (LeaderElection.java:askForVotes(181)) - 28f77823-de9e-44cc-bd18-5b415144a5bf:group-40603D416199:LeaderElection25: begin an election at term 1 for -1: [28f77823-de9e-44cc-bd18-5b415144a5bf:192.168.34.5:41344], old=null
2019-09-19 09:40:50,879 [Thread-357] INFO  impl.RoleInfo (RoleInfo.java:updateAndGet(143)) - 1cd79902-2a06-4a3f-8023-3eba64f51293: start LeaderElection
2019-09-19 09:40:50,879 [28f77823-de9e-44cc-bd18-5b415144a5bf:group-40603D416199:LeaderElection25] INFO  impl.RoleInfo (RoleInfo.java:shutdownLeaderElection(134)) - 28f77823-de9e-44cc-bd18-5b415144a5bf: shutdown LeaderElection
2019-09-19 09:40:50,879 [28f77823-de9e-44cc-bd18-5b415144a5bf:group-40603D416199:LeaderElection25] INFO  impl.RaftServerImpl (RaftServerImpl.java:setRole(171)) - 28f77823-de9e-44cc-bd18-5b415144a5bf:group-40603D416199 changes role from CANDIDATE to LEADER at term 1 for changeToLeader
2019-09-19 09:40:50,879 [28f77823-de9e-44cc-bd18-5b415144a5bf:group-40603D416199:LeaderElection25] INFO  impl.RaftServerImpl (ServerState.java:setLeader(263)) - 28f77823-de9e-44cc-bd18-5b415144a5bf:group-40603D416199 change Leader from null to 28f77823-de9e-44cc-bd18-5b415144a5bf at term 1 for becomeLeader, leader elected after 5094ms
2019-09-19 09:40:50,882 [Thread-363] INFO  impl.FollowerState (FollowerState.java:run(106)) - 7076406d-aee0-4126-8bab-f0c87a3fcebd:group-19810D115B79 changes to CANDIDATE, lastRpcTime:5029, electionTimeout:5028ms
2019-09-19 09:40:50,882 [28f77823-de9e-44cc-bd18-5b415144a5bf:group-40603D416199:LeaderElection25] INFO  server.RaftServerConfigKeys (ConfUtils.java:logGet(43)) - raft.server.staging.catchup.gap = 1000 (default)
2019-09-19 09:40:50,882 [Thread-363] INFO  impl.RoleInfo (RoleInfo.java:shutdownFollowerState(121)) - 7076406d-aee0-4126-8bab-f0c87a3fcebd: shutdown FollowerState
2019-09-19 09:40:50,882 [28f77823-de9e-44cc-bd18-5b415144a5bf:group-40603D416199:LeaderElection25] INFO  server.RaftServerConfigKeys (ConfUtils.java:logGet(43)) - raft.server.rpc.sleep.time = 25ms (default)
2019-09-19 09:40:50,883 [Thread-363] INFO  impl.RaftServerImpl (RaftServerImpl.java:setRole(171)) - 7076406d-aee0-4126-8bab-f0c87a3fcebd:group-19810D115B79 changes role from FOLLOWER to CANDIDATE at term 0 for changeToCandidate
2019-09-19 09:40:50,883 [28f77823-de9e-44cc-bd18-5b415144a5bf:group-40603D416199:LeaderElection25] INFO  server.RaftServerConfigKeys (ConfUtils.java:logGet(43)) - raft.server.write.element-limit = 4096 (default)
2019-09-19 09:40:50,883 [Thread-363] INFO  impl.RoleInfo (RoleInfo.java:updateAndGet(143)) - 7076406d-aee0-4126-8bab-f0c87a3fcebd: start LeaderElection
2019-09-19 09:40:50,883 [28f77823-de9e-44cc-bd18-5b415144a5bf:group-40603D416199:LeaderElection25] INFO  server.RaftServerConfigKeys (ConfUtils.java:logGet(43)) - raft.server.watch.timeout = 10s (default)
2019-09-19 09:40:50,883 [28f77823-de9e-44cc-bd18-5b415144a5bf:group-40603D416199:LeaderElection25] INFO  server.RaftServerConfigKeys (ConfUtils.java:logGet(43)) - raft.server.watch.timeout.denomination = 1s (default)
2019-09-19 09:40:50,884 [28f77823-de9e-44cc-bd18-5b415144a5bf:group-40603D416199:LeaderElection25] INFO  server.RaftServerConfigKeys (ConfUtils.java:logGet(43)) - raft.server.watch.element-limit = 65536 (default)
2019-09-19 09:40:50,886 [28f77823-de9e-44cc-bd18-5b415144a5bf:group-40603D416199:LeaderElection25] INFO  impl.RoleInfo (RoleInfo.java:updateAndGet(143)) - 28f77823-de9e-44cc-bd18-5b415144a5bf: start LeaderState
2019-09-19 09:40:50,887 [28f77823-de9e-44cc-bd18-5b415144a5bf:group-40603D416199:LeaderElection25] INFO  segmented.SegmentedRaftLogWorker (SegmentedRaftLogWorker.java:startLogSegment(380)) - 28f77823-de9e-44cc-bd18-5b415144a5bf-SegmentedRaftLogWorker:Storage Directory /workdir/hadoop-ozone/ozonefs/target/test-dir/MiniOzoneClusterImpl-21ed0f53-0413-44c7-8609-f438100532e5/datanode-1/data/ratis/460ae9a8-3f81-42a7-a75e-40603d416199: Starting segment from index:0
2019-09-19 09:40:50,887 [28f77823-de9e-44cc-bd18-5b415144a5bf:group-40603D416199:LeaderElection25] INFO  impl.RaftServerImpl (ServerState.java:setRaftConf(361)) - 28f77823-de9e-44cc-bd18-5b415144a5bf:group-40603D416199 set configuration 0: [28f77823-de9e-44cc-bd18-5b415144a5bf:192.168.34.5:41344], old=null at 0
2019-09-19 09:40:50,968 [28f77823-de9e-44cc-bd18-5b415144a5bf-SegmentedRaftLogWorker:Storage Directory /workdir/hadoop-ozone/ozonefs/target/test-dir/MiniOzoneClusterImpl-21ed0f53-0413-44c7-8609-f438100532e5/datanode-1/data/ratis/460ae9a8-3f81-42a7-a75e-40603d416199] INFO  segmented.SegmentedRaftLogWorker (SegmentedRaftLogWorker.java:execute(569)) - 28f77823-de9e-44cc-bd18-5b415144a5bf-SegmentedRaftLogWorker:Storage Directory /workdir/hadoop-ozone/ozonefs/target/test-dir/MiniOzoneClusterImpl-21ed0f53-0413-44c7-8609-f438100532e5/datanode-1/data/ratis/460ae9a8-3f81-42a7-a75e-40603d416199: created new log segment /workdir/hadoop-ozone/ozonefs/target/test-dir/MiniOzoneClusterImpl-21ed0f53-0413-44c7-8609-f438100532e5/datanode-1/data/ratis/460ae9a8-3f81-42a7-a75e-40603d416199/current/log_inprogress_0
2019-09-19 09:40:50,968 [1cd79902-2a06-4a3f-8023-3eba64f51293:group-FB1B83837F3D:LeaderElection26] INFO  impl.LeaderElection (LeaderElection.java:askForVotes(181)) - 1cd79902-2a06-4a3f-8023-3eba64f51293:group-FB1B83837F3D:LeaderElection26: begin an election at term 1 for -1: [1cd79902-2a06-4a3f-8023-3eba64f51293:192.168.34.5:43611], old=null
2019-09-19 09:40:50,968 [1cd79902-2a06-4a3f-8023-3eba64f51293:group-FB1B83837F3D:LeaderElection26] INFO  impl.RoleInfo (RoleInfo.java:shutdownLeaderElection(134)) - 1cd79902-2a06-4a3f-8023-3eba64f51293: shutdown LeaderElection
2019-09-19 09:40:50,968 [1cd79902-2a06-4a3f-8023-3eba64f51293:group-FB1B83837F3D:LeaderElection26] INFO  impl.RaftServerImpl (RaftServerImpl.java:setRole(171)) - 1cd79902-2a06-4a3f-8023-3eba64f51293:group-FB1B83837F3D changes role from CANDIDATE to LEADER at term 1 for changeToLeader
2019-09-19 09:40:50,969 [1cd79902-2a06-4a3f-8023-3eba64f51293:group-FB1B83837F3D:LeaderElection26] INFO  impl.RaftServerImpl (ServerState.java:setLeader(263)) - 1cd79902-2a06-4a3f-8023-3eba64f51293:group-FB1B83837F3D change Leader from null to 1cd79902-2a06-4a3f-8023-3eba64f51293 at term 1 for becomeLeader, leader elected after 5243ms
2019-09-19 09:40:50,969 [1cd79902-2a06-4a3f-8023-3eba64f51293:group-FB1B83837F3D:LeaderElection26] INFO  server.RaftServerConfigKeys (ConfUtils.java:logGet(43)) - raft.server.staging.catchup.gap = 1000 (default)
2019-09-19 09:40:50,969 [1cd79902-2a06-4a3f-8023-3eba64f51293:group-FB1B83837F3D:LeaderElection26] INFO  server.RaftServerConfigKeys (ConfUtils.java:logGet(43)) - raft.server.rpc.sleep.time = 25ms (default)
2019-09-19 09:40:50,969 [1cd79902-2a06-4a3f-8023-3eba64f51293:group-FB1B83837F3D:LeaderElection26] INFO  server.RaftServerConfigKeys (ConfUtils.java:logGet(43)) - raft.server.write.element-limit = 4096 (default)
2019-09-19 09:40:50,970 [1cd79902-2a06-4a3f-8023-3eba64f51293:group-FB1B83837F3D:LeaderElection26] INFO  server.RaftServerConfigKeys (ConfUtils.java:logGet(43)) - raft.server.watch.timeout = 10s (default)
2019-09-19 09:40:50,970 [1cd79902-2a06-4a3f-8023-3eba64f51293:group-FB1B83837F3D:LeaderElection26] INFO  server.RaftServerConfigKeys (ConfUtils.java:logGet(43)) - raft.server.watch.timeout.denomination = 1s (default)
2019-09-19 09:40:50,970 [1cd79902-2a06-4a3f-8023-3eba64f51293:group-FB1B83837F3D:LeaderElection26] INFO  server.RaftServerConfigKeys (ConfUtils.java:logGet(43)) - raft.server.watch.element-limit = 65536 (default)
2019-09-19 09:40:50,970 [1cd79902-2a06-4a3f-8023-3eba64f51293:group-FB1B83837F3D:LeaderElection26] INFO  impl.RoleInfo (RoleInfo.java:updateAndGet(143)) - 1cd79902-2a06-4a3f-8023-3eba64f51293: start LeaderState
2019-09-19 09:40:50,971 [1cd79902-2a06-4a3f-8023-3eba64f51293:group-FB1B83837F3D:LeaderElection26] INFO  segmented.SegmentedRaftLogWorker (SegmentedRaftLogWorker.java:startLogSegment(380)) - 1cd79902-2a06-4a3f-8023-3eba64f51293-SegmentedRaftLogWorker:Storage Directory /workdir/hadoop-ozone/ozonefs/target/test-dir/MiniOzoneClusterImpl-21ed0f53-0413-44c7-8609-f438100532e5/datanode-5/data/ratis/0122f73f-b3c5-4c79-9fc2-fb1b83837f3d: Starting segment from index:0
2019-09-19 09:40:50,971 [1cd79902-2a06-4a3f-8023-3eba64f51293:group-FB1B83837F3D:LeaderElection26] INFO  impl.RaftServerImpl (ServerState.java:setRaftConf(361)) - 1cd79902-2a06-4a3f-8023-3eba64f51293:group-FB1B83837F3D set configuration 0: [1cd79902-2a06-4a3f-8023-3eba64f51293:192.168.34.5:43611], old=null at 0
2019-09-19 09:40:50,977 [7076406d-aee0-4126-8bab-f0c87a3fcebd:group-19810D115B79:LeaderElection27] INFO  impl.LeaderElection (LeaderElection.java:askForVotes(181)) - 7076406d-aee0-4126-8bab-f0c87a3fcebd:group-19810D115B79:LeaderElection27: begin an election at term 1 for -1: [7076406d-aee0-4126-8bab-f0c87a3fcebd:192.168.34.5:33583], old=null
2019-09-19 09:40:50,977 [7076406d-aee0-4126-8bab-f0c87a3fcebd:group-19810D115B79:LeaderElection27] INFO  impl.RoleInfo (RoleInfo.java:shutdownLeaderElection(134)) - 7076406d-aee0-4126-8bab-f0c87a3fcebd: shutdown LeaderElection
2019-09-19 09:40:50,977 [7076406d-aee0-4126-8bab-f0c87a3fcebd:group-19810D115B79:LeaderElection27] INFO  impl.RaftServerImpl (RaftServerImpl.java:setRole(171)) - 7076406d-aee0-4126-8bab-f0c87a3fcebd:group-19810D115B79 changes role from CANDIDATE to LEADER at term 1 for changeToLeader
2019-09-19 09:40:50,978 [7076406d-aee0-4126-8bab-f0c87a3fcebd:group-19810D115B79:LeaderElection27] INFO  impl.RaftServerImpl (ServerState.java:setLeader(263)) - 7076406d-aee0-4126-8bab-f0c87a3fcebd:group-19810D115B79 change Leader from null to 7076406d-aee0-4126-8bab-f0c87a3fcebd at term 1 for becomeLeader, leader elected after 5129ms
2019-09-19 09:40:50,978 [7076406d-aee0-4126-8bab-f0c87a3fcebd:group-19810D115B79:LeaderElection27] INFO  server.RaftServerConfigKeys (ConfUtils.java:logGet(43)) - raft.server.staging.catchup.gap = 1000 (default)
2019-09-19 09:40:50,978 [7076406d-aee0-4126-8bab-f0c87a3fcebd:group-19810D115B79:LeaderElection27] INFO  server.RaftServerConfigKeys (ConfUtils.java:logGet(43)) - raft.server.rpc.sleep.time = 25ms (default)
2019-09-19 09:40:50,979 [7076406d-aee0-4126-8bab-f0c87a3fcebd:group-19810D115B79:LeaderElection27] INFO  server.RaftServerConfigKeys (ConfUtils.java:logGet(43)) - raft.server.write.element-limit = 4096 (default)
2019-09-19 09:40:50,979 [7076406d-aee0-4126-8bab-f0c87a3fcebd:group-19810D115B79:LeaderElection27] INFO  server.RaftServerConfigKeys (ConfUtils.java:logGet(43)) - raft.server.watch.timeout = 10s (default)
2019-09-19 09:40:50,979 [7076406d-aee0-4126-8bab-f0c87a3fcebd:group-19810D115B79:LeaderElection27] INFO  server.RaftServerConfigKeys (ConfUtils.java:logGet(43)) - raft.server.watch.timeout.denomination = 1s (default)
2019-09-19 09:40:50,979 [7076406d-aee0-4126-8bab-f0c87a3fcebd:group-19810D115B79:LeaderElection27] INFO  server.RaftServerConfigKeys (ConfUtils.java:logGet(43)) - raft.server.watch.element-limit = 65536 (default)
2019-09-19 09:40:50,980 [7076406d-aee0-4126-8bab-f0c87a3fcebd:group-19810D115B79:LeaderElection27] INFO  impl.RoleInfo (RoleInfo.java:updateAndGet(143)) - 7076406d-aee0-4126-8bab-f0c87a3fcebd: start LeaderState
2019-09-19 09:40:50,980 [7076406d-aee0-4126-8bab-f0c87a3fcebd:group-19810D115B79:LeaderElection27] INFO  segmented.SegmentedRaftLogWorker (SegmentedRaftLogWorker.java:startLogSegment(380)) - 7076406d-aee0-4126-8bab-f0c87a3fcebd-SegmentedRaftLogWorker:Storage Directory /workdir/hadoop-ozone/ozonefs/target/test-dir/MiniOzoneClusterImpl-21ed0f53-0413-44c7-8609-f438100532e5/datanode-7/data/ratis/fdc798e3-e72e-46f8-92b3-19810d115b79: Starting segment from index:0
2019-09-19 09:40:50,981 [7076406d-aee0-4126-8bab-f0c87a3fcebd:group-19810D115B79:LeaderElection27] INFO  impl.RaftServerImpl (ServerState.java:setRaftConf(361)) - 7076406d-aee0-4126-8bab-f0c87a3fcebd:group-19810D115B79 set configuration 0: [7076406d-aee0-4126-8bab-f0c87a3fcebd:192.168.34.5:33583], old=null at 0
2019-09-19 09:40:51,024 [Thread-367] INFO  impl.FollowerState (FollowerState.java:run(106)) - bb9d252a-546d-48b3-aabe-52964da86e48:group-F4306282FA7E changes to CANDIDATE, lastRpcTime:5108, electionTimeout:5095ms
2019-09-19 09:40:51,024 [Thread-367] INFO  impl.RoleInfo (RoleInfo.java:shutdownFollowerState(121)) - bb9d252a-546d-48b3-aabe-52964da86e48: shutdown FollowerState
2019-09-19 09:40:51,024 [Thread-367] INFO  impl.RaftServerImpl (RaftServerImpl.java:setRole(171)) - bb9d252a-546d-48b3-aabe-52964da86e48:group-F4306282FA7E changes role from FOLLOWER to CANDIDATE at term 0 for changeToCandidate
2019-09-19 09:40:51,025 [Thread-367] INFO  impl.RoleInfo (RoleInfo.java:updateAndGet(143)) - bb9d252a-546d-48b3-aabe-52964da86e48: start LeaderElection
2019-09-19 09:40:51,029 [Thread-370] INFO  impl.FollowerState (FollowerState.java:run(106)) - 1cd79902-2a06-4a3f-8023-3eba64f51293:group-B898259ADE98 changes to CANDIDATE, lastRpcTime:5054, electionTimeout:5052ms
2019-09-19 09:40:51,029 [Thread-370] INFO  impl.RoleInfo (RoleInfo.java:shutdownFollowerState(121)) - 1cd79902-2a06-4a3f-8023-3eba64f51293: shutdown FollowerState
2019-09-19 09:40:51,029 [Thread-370] INFO  impl.RaftServerImpl (RaftServerImpl.java:setRole(171)) - 1cd79902-2a06-4a3f-8023-3eba64f51293:group-B898259ADE98 changes role from FOLLOWER to CANDIDATE at term 0 for changeToCandidate
2019-09-19 09:40:51,029 [Thread-370] INFO  impl.RoleInfo (RoleInfo.java:updateAndGet(143)) - 1cd79902-2a06-4a3f-8023-3eba64f51293: start LeaderElection
2019-09-19 09:40:51,041 [7076406d-aee0-4126-8bab-f0c87a3fcebd-SegmentedRaftLogWorker:Storage Directory /workdir/hadoop-ozone/ozonefs/target/test-dir/MiniOzoneClusterImpl-21ed0f53-0413-44c7-8609-f438100532e5/datanode-7/data/ratis/fdc798e3-e72e-46f8-92b3-19810d115b79] INFO  segmented.SegmentedRaftLogWorker (SegmentedRaftLogWorker.java:execute(569)) - 7076406d-aee0-4126-8bab-f0c87a3fcebd-SegmentedRaftLogWorker:Storage Directory /workdir/hadoop-ozone/ozonefs/target/test-dir/MiniOzoneClusterImpl-21ed0f53-0413-44c7-8609-f438100532e5/datanode-7/data/ratis/fdc798e3-e72e-46f8-92b3-19810d115b79: created new log segment /workdir/hadoop-ozone/ozonefs/target/test-dir/MiniOzoneClusterImpl-21ed0f53-0413-44c7-8609-f438100532e5/datanode-7/data/ratis/fdc798e3-e72e-46f8-92b3-19810d115b79/current/log_inprogress_0
2019-09-19 09:40:51,042 [bb9d252a-546d-48b3-aabe-52964da86e48:group-F4306282FA7E:LeaderElection28] INFO  impl.LeaderElection (LeaderElection.java:askForVotes(181)) - bb9d252a-546d-48b3-aabe-52964da86e48:group-F4306282FA7E:LeaderElection28: begin an election at term 1 for -1: [bb9d252a-546d-48b3-aabe-52964da86e48:192.168.34.5:44392], old=null
2019-09-19 09:40:51,042 [1cd79902-2a06-4a3f-8023-3eba64f51293:group-B898259ADE98:LeaderElection29] INFO  impl.LeaderElection (LeaderElection.java:askForVotes(181)) - 1cd79902-2a06-4a3f-8023-3eba64f51293:group-B898259ADE98:LeaderElection29: begin an election at term 1 for -1: [1cd79902-2a06-4a3f-8023-3eba64f51293:192.168.34.5:43611], old=null
2019-09-19 09:40:51,041 [1cd79902-2a06-4a3f-8023-3eba64f51293-SegmentedRaftLogWorker:Storage Directory /workdir/hadoop-ozone/ozonefs/target/test-dir/MiniOzoneClusterImpl-21ed0f53-0413-44c7-8609-f438100532e5/datanode-5/data/ratis/0122f73f-b3c5-4c79-9fc2-fb1b83837f3d] INFO  segmented.SegmentedRaftLogWorker (SegmentedRaftLogWorker.java:execute(569)) - 1cd79902-2a06-4a3f-8023-3eba64f51293-SegmentedRaftLogWorker:Storage Directory /workdir/hadoop-ozone/ozonefs/target/test-dir/MiniOzoneClusterImpl-21ed0f53-0413-44c7-8609-f438100532e5/datanode-5/data/ratis/0122f73f-b3c5-4c79-9fc2-fb1b83837f3d: created new log segment /workdir/hadoop-ozone/ozonefs/target/test-dir/MiniOzoneClusterImpl-21ed0f53-0413-44c7-8609-f438100532e5/datanode-5/data/ratis/0122f73f-b3c5-4c79-9fc2-fb1b83837f3d/current/log_inprogress_0
2019-09-19 09:40:51,042 [1cd79902-2a06-4a3f-8023-3eba64f51293:group-B898259ADE98:LeaderElection29] INFO  impl.RoleInfo (RoleInfo.java:shutdownLeaderElection(134)) - 1cd79902-2a06-4a3f-8023-3eba64f51293: shutdown LeaderElection
2019-09-19 09:40:51,042 [bb9d252a-546d-48b3-aabe-52964da86e48:group-F4306282FA7E:LeaderElection28] INFO  impl.RoleInfo (RoleInfo.java:shutdownLeaderElection(134)) - bb9d252a-546d-48b3-aabe-52964da86e48: shutdown LeaderElection
2019-09-19 09:40:51,042 [1cd79902-2a06-4a3f-8023-3eba64f51293:group-B898259ADE98:LeaderElection29] INFO  impl.RaftServerImpl (RaftServerImpl.java:setRole(171)) - 1cd79902-2a06-4a3f-8023-3eba64f51293:group-B898259ADE98 changes role from CANDIDATE to LEADER at term 1 for changeToLeader
2019-09-19 09:40:51,043 [bb9d252a-546d-48b3-aabe-52964da86e48:group-F4306282FA7E:LeaderElection28] INFO  impl.RaftServerImpl (RaftServerImpl.java:setRole(171)) - bb9d252a-546d-48b3-aabe-52964da86e48:group-F4306282FA7E changes role from CANDIDATE to LEADER at term 1 for changeToLeader
2019-09-19 09:40:51,043 [1cd79902-2a06-4a3f-8023-3eba64f51293:group-B898259ADE98:LeaderElection29] INFO  impl.RaftServerImpl (ServerState.java:setLeader(263)) - 1cd79902-2a06-4a3f-8023-3eba64f51293:group-B898259ADE98 change Leader from null to 1cd79902-2a06-4a3f-8023-3eba64f51293 at term 1 for becomeLeader, leader elected after 5074ms
2019-09-19 09:40:51,043 [bb9d252a-546d-48b3-aabe-52964da86e48:group-F4306282FA7E:LeaderElection28] INFO  impl.RaftServerImpl (ServerState.java:setLeader(263)) - bb9d252a-546d-48b3-aabe-52964da86e48:group-F4306282FA7E change Leader from null to bb9d252a-546d-48b3-aabe-52964da86e48 at term 1 for becomeLeader, leader elected after 5132ms
2019-09-19 09:40:51,043 [1cd79902-2a06-4a3f-8023-3eba64f51293:group-B898259ADE98:LeaderElection29] INFO  server.RaftServerConfigKeys (ConfUtils.java:logGet(43)) - raft.server.staging.catchup.gap = 1000 (default)
2019-09-19 09:40:51,043 [bb9d252a-546d-48b3-aabe-52964da86e48:group-F4306282FA7E:LeaderElection28] INFO  server.RaftServerConfigKeys (ConfUtils.java:logGet(43)) - raft.server.staging.catchup.gap = 1000 (default)
2019-09-19 09:40:51,043 [1cd79902-2a06-4a3f-8023-3eba64f51293:group-B898259ADE98:LeaderElection29] INFO  server.RaftServerConfigKeys (ConfUtils.java:logGet(43)) - raft.server.rpc.sleep.time = 25ms (default)
2019-09-19 09:40:51,044 [bb9d252a-546d-48b3-aabe-52964da86e48:group-F4306282FA7E:LeaderElection28] INFO  server.RaftServerConfigKeys (ConfUtils.java:logGet(43)) - raft.server.rpc.sleep.time = 25ms (default)
2019-09-19 09:40:51,044 [1cd79902-2a06-4a3f-8023-3eba64f51293:group-B898259ADE98:LeaderElection29] INFO  server.RaftServerConfigKeys (ConfUtils.java:logGet(43)) - raft.server.write.element-limit = 4096 (default)
2019-09-19 09:40:51,044 [bb9d252a-546d-48b3-aabe-52964da86e48:group-F4306282FA7E:LeaderElection28] INFO  server.RaftServerConfigKeys (ConfUtils.java:logGet(43)) - raft.server.write.element-limit = 4096 (default)
2019-09-19 09:40:51,044 [1cd79902-2a06-4a3f-8023-3eba64f51293:group-B898259ADE98:LeaderElection29] INFO  server.RaftServerConfigKeys (ConfUtils.java:logGet(43)) - raft.server.watch.timeout = 10s (default)
2019-09-19 09:40:51,044 [bb9d252a-546d-48b3-aabe-52964da86e48:group-F4306282FA7E:LeaderElection28] INFO  server.RaftServerConfigKeys (ConfUtils.java:logGet(43)) - raft.server.watch.timeout = 10s (default)
2019-09-19 09:40:51,044 [1cd79902-2a06-4a3f-8023-3eba64f51293:group-B898259ADE98:LeaderElection29] INFO  server.RaftServerConfigKeys (ConfUtils.java:logGet(43)) - raft.server.watch.timeout.denomination = 1s (default)
2019-09-19 09:40:51,044 [bb9d252a-546d-48b3-aabe-52964da86e48:group-F4306282FA7E:LeaderElection28] INFO  server.RaftServerConfigKeys (ConfUtils.java:logGet(43)) - raft.server.watch.timeout.denomination = 1s (default)
2019-09-19 09:40:51,045 [1cd79902-2a06-4a3f-8023-3eba64f51293:group-B898259ADE98:LeaderElection29] INFO  server.RaftServerConfigKeys (ConfUtils.java:logGet(43)) - raft.server.watch.element-limit = 65536 (default)
2019-09-19 09:40:51,045 [bb9d252a-546d-48b3-aabe-52964da86e48:group-F4306282FA7E:LeaderElection28] INFO  server.RaftServerConfigKeys (ConfUtils.java:logGet(43)) - raft.server.watch.element-limit = 65536 (default)
2019-09-19 09:40:51,045 [1cd79902-2a06-4a3f-8023-3eba64f51293:group-B898259ADE98:LeaderElection29] INFO  impl.RoleInfo (RoleInfo.java:updateAndGet(143)) - 1cd79902-2a06-4a3f-8023-3eba64f51293: start LeaderState
2019-09-19 09:40:51,045 [bb9d252a-546d-48b3-aabe-52964da86e48:group-F4306282FA7E:LeaderElection28] INFO  impl.RoleInfo (RoleInfo.java:updateAndGet(143)) - bb9d252a-546d-48b3-aabe-52964da86e48: start LeaderState
2019-09-19 09:40:51,045 [1cd79902-2a06-4a3f-8023-3eba64f51293:group-B898259ADE98:LeaderElection29] INFO  segmented.SegmentedRaftLogWorker (SegmentedRaftLogWorker.java:startLogSegment(380)) - 1cd79902-2a06-4a3f-8023-3eba64f51293-SegmentedRaftLogWorker:Storage Directory /workdir/hadoop-ozone/ozonefs/target/test-dir/MiniOzoneClusterImpl-21ed0f53-0413-44c7-8609-f438100532e5/datanode-5/data/ratis/5448d97a-b1ff-4d46-88e0-b898259ade98: Starting segment from index:0
2019-09-19 09:40:51,045 [bb9d252a-546d-48b3-aabe-52964da86e48:group-F4306282FA7E:LeaderElection28] INFO  segmented.SegmentedRaftLogWorker (SegmentedRaftLogWorker.java:startLogSegment(380)) - bb9d252a-546d-48b3-aabe-52964da86e48-SegmentedRaftLogWorker:Storage Directory /workdir/hadoop-ozone/ozonefs/target/test-dir/MiniOzoneClusterImpl-21ed0f53-0413-44c7-8609-f438100532e5/datanode-6/data/ratis/a7cc922b-d173-44a9-88cf-f4306282fa7e: Starting segment from index:0
2019-09-19 09:40:51,046 [1cd79902-2a06-4a3f-8023-3eba64f51293:group-B898259ADE98:LeaderElection29] INFO  impl.RaftServerImpl (ServerState.java:setRaftConf(361)) - 1cd79902-2a06-4a3f-8023-3eba64f51293:group-B898259ADE98 set configuration 0: [1cd79902-2a06-4a3f-8023-3eba64f51293:192.168.34.5:43611], old=null at 0
2019-09-19 09:40:51,046 [bb9d252a-546d-48b3-aabe-52964da86e48:group-F4306282FA7E:LeaderElection28] INFO  impl.RaftServerImpl (ServerState.java:setRaftConf(361)) - bb9d252a-546d-48b3-aabe-52964da86e48:group-F4306282FA7E set configuration 0: [bb9d252a-546d-48b3-aabe-52964da86e48:192.168.34.5:44392], old=null at 0
2019-09-19 09:40:51,096 [bb9d252a-546d-48b3-aabe-52964da86e48-SegmentedRaftLogWorker:Storage Directory /workdir/hadoop-ozone/ozonefs/target/test-dir/MiniOzoneClusterImpl-21ed0f53-0413-44c7-8609-f438100532e5/datanode-6/data/ratis/a7cc922b-d173-44a9-88cf-f4306282fa7e] INFO  segmented.SegmentedRaftLogWorker (SegmentedRaftLogWorker.java:execute(569)) - bb9d252a-546d-48b3-aabe-52964da86e48-SegmentedRaftLogWorker:Storage Directory /workdir/hadoop-ozone/ozonefs/target/test-dir/MiniOzoneClusterImpl-21ed0f53-0413-44c7-8609-f438100532e5/datanode-6/data/ratis/a7cc922b-d173-44a9-88cf-f4306282fa7e: created new log segment /workdir/hadoop-ozone/ozonefs/target/test-dir/MiniOzoneClusterImpl-21ed0f53-0413-44c7-8609-f438100532e5/datanode-6/data/ratis/a7cc922b-d173-44a9-88cf-f4306282fa7e/current/log_inprogress_0
2019-09-19 09:40:51,096 [1cd79902-2a06-4a3f-8023-3eba64f51293-SegmentedRaftLogWorker:Storage Directory /workdir/hadoop-ozone/ozonefs/target/test-dir/MiniOzoneClusterImpl-21ed0f53-0413-44c7-8609-f438100532e5/datanode-5/data/ratis/5448d97a-b1ff-4d46-88e0-b898259ade98] INFO  segmented.SegmentedRaftLogWorker (SegmentedRaftLogWorker.java:execute(569)) - 1cd79902-2a06-4a3f-8023-3eba64f51293-SegmentedRaftLogWorker:Storage Directory /workdir/hadoop-ozone/ozonefs/target/test-dir/MiniOzoneClusterImpl-21ed0f53-0413-44c7-8609-f438100532e5/datanode-5/data/ratis/5448d97a-b1ff-4d46-88e0-b898259ade98: created new log segment /workdir/hadoop-ozone/ozonefs/target/test-dir/MiniOzoneClusterImpl-21ed0f53-0413-44c7-8609-f438100532e5/datanode-5/data/ratis/5448d97a-b1ff-4d46-88e0-b898259ade98/current/log_inprogress_0
2019-09-19 09:40:51,112 | INFO  | SCMAudit | user=jenkins1000 | ip=192.168.34.5 | op=SEND_HEARTBEAT {datanodeUUID=7076406d-aee0-4126-8bab-f0c87a3fcebd, command=[]} | ret=SUCCESS |  
2019-09-19 09:40:51,140 | INFO  | SCMAudit | user=jenkins1000 | ip=192.168.34.5 | op=SEND_HEARTBEAT {datanodeUUID=1bcbd64b-2199-49e1-86d3-4e4b64d88b4a, command=[]} | ret=SUCCESS |  
2019-09-19 09:40:51,212 [Thread-373] INFO  impl.FollowerState (FollowerState.java:run(106)) - 1bcbd64b-2199-49e1-86d3-4e4b64d88b4a:group-1629380170D7 changes to CANDIDATE, lastRpcTime:5178, electionTimeout:5178ms
2019-09-19 09:40:51,212 [Thread-373] INFO  impl.RoleInfo (RoleInfo.java:shutdownFollowerState(121)) - 1bcbd64b-2199-49e1-86d3-4e4b64d88b4a: shutdown FollowerState
2019-09-19 09:40:51,212 [Thread-373] INFO  impl.RaftServerImpl (RaftServerImpl.java:setRole(171)) - 1bcbd64b-2199-49e1-86d3-4e4b64d88b4a:group-1629380170D7 changes role from FOLLOWER to CANDIDATE at term 0 for changeToCandidate
2019-09-19 09:40:51,213 [Thread-373] INFO  impl.RoleInfo (RoleInfo.java:updateAndGet(143)) - 1bcbd64b-2199-49e1-86d3-4e4b64d88b4a: start LeaderElection
2019-09-19 09:40:51,227 [1bcbd64b-2199-49e1-86d3-4e4b64d88b4a:group-1629380170D7:LeaderElection30] INFO  impl.LeaderElection (LeaderElection.java:askForVotes(181)) - 1bcbd64b-2199-49e1-86d3-4e4b64d88b4a:group-1629380170D7:LeaderElection30: begin an election at term 1 for -1: [1bcbd64b-2199-49e1-86d3-4e4b64d88b4a:192.168.34.5:41194], old=null
2019-09-19 09:40:51,227 [1bcbd64b-2199-49e1-86d3-4e4b64d88b4a:group-1629380170D7:LeaderElection30] INFO  impl.RoleInfo (RoleInfo.java:shutdownLeaderElection(134)) - 1bcbd64b-2199-49e1-86d3-4e4b64d88b4a: shutdown LeaderElection
2019-09-19 09:40:51,227 [1bcbd64b-2199-49e1-86d3-4e4b64d88b4a:group-1629380170D7:LeaderElection30] INFO  impl.RaftServerImpl (RaftServerImpl.java:setRole(171)) - 1bcbd64b-2199-49e1-86d3-4e4b64d88b4a:group-1629380170D7 changes role from CANDIDATE to LEADER at term 1 for changeToLeader
2019-09-19 09:40:51,228 [1bcbd64b-2199-49e1-86d3-4e4b64d88b4a:group-1629380170D7:LeaderElection30] INFO  impl.RaftServerImpl (ServerState.java:setLeader(263)) - 1bcbd64b-2199-49e1-86d3-4e4b64d88b4a:group-1629380170D7 change Leader from null to 1bcbd64b-2199-49e1-86d3-4e4b64d88b4a at term 1 for becomeLeader, leader elected after 5197ms
2019-09-19 09:40:51,228 [1bcbd64b-2199-49e1-86d3-4e4b64d88b4a:group-1629380170D7:LeaderElection30] INFO  server.RaftServerConfigKeys (ConfUtils.java:logGet(43)) - raft.server.staging.catchup.gap = 1000 (default)
2019-09-19 09:40:51,228 [1bcbd64b-2199-49e1-86d3-4e4b64d88b4a:group-1629380170D7:LeaderElection30] INFO  server.RaftServerConfigKeys (ConfUtils.java:logGet(43)) - raft.server.rpc.sleep.time = 25ms (default)
2019-09-19 09:40:51,228 [1bcbd64b-2199-49e1-86d3-4e4b64d88b4a:group-1629380170D7:LeaderElection30] INFO  server.RaftServerConfigKeys (ConfUtils.java:logGet(43)) - raft.server.write.element-limit = 4096 (default)
2019-09-19 09:40:51,228 [1bcbd64b-2199-49e1-86d3-4e4b64d88b4a:group-1629380170D7:LeaderElection30] INFO  server.RaftServerConfigKeys (ConfUtils.java:logGet(43)) - raft.server.watch.timeout = 10s (default)
2019-09-19 09:40:51,228 [1bcbd64b-2199-49e1-86d3-4e4b64d88b4a:group-1629380170D7:LeaderElection30] INFO  server.RaftServerConfigKeys (ConfUtils.java:logGet(43)) - raft.server.watch.timeout.denomination = 1s (default)
2019-09-19 09:40:51,228 [1bcbd64b-2199-49e1-86d3-4e4b64d88b4a:group-1629380170D7:LeaderElection30] INFO  server.RaftServerConfigKeys (ConfUtils.java:logGet(43)) - raft.server.watch.element-limit = 65536 (default)
2019-09-19 09:40:51,229 [1bcbd64b-2199-49e1-86d3-4e4b64d88b4a:group-1629380170D7:LeaderElection30] INFO  impl.RoleInfo (RoleInfo.java:updateAndGet(143)) - 1bcbd64b-2199-49e1-86d3-4e4b64d88b4a: start LeaderState
2019-09-19 09:40:51,229 [1bcbd64b-2199-49e1-86d3-4e4b64d88b4a:group-1629380170D7:LeaderElection30] INFO  segmented.SegmentedRaftLogWorker (SegmentedRaftLogWorker.java:startLogSegment(380)) - 1bcbd64b-2199-49e1-86d3-4e4b64d88b4a-SegmentedRaftLogWorker:Storage Directory /workdir/hadoop-ozone/ozonefs/target/test-dir/MiniOzoneClusterImpl-21ed0f53-0413-44c7-8609-f438100532e5/datanode-0/data/ratis/06814cdf-241c-493f-a145-1629380170d7: Starting segment from index:0
2019-09-19 09:40:51,229 [1bcbd64b-2199-49e1-86d3-4e4b64d88b4a:group-1629380170D7:LeaderElection30] INFO  impl.RaftServerImpl (ServerState.java:setRaftConf(361)) - 1bcbd64b-2199-49e1-86d3-4e4b64d88b4a:group-1629380170D7 set configuration 0: [1bcbd64b-2199-49e1-86d3-4e4b64d88b4a:192.168.34.5:41194], old=null at 0
2019-09-19 09:40:51,260 [Thread-376] INFO  impl.FollowerState (FollowerState.java:run(106)) - 47e0c7c0-2680-4f55-9417-80daafef46d1:group-3623E50E5851 changes to CANDIDATE, lastRpcTime:5156, electionTimeout:5134ms
2019-09-19 09:40:51,260 [Thread-376] INFO  impl.RoleInfo (RoleInfo.java:shutdownFollowerState(121)) - 47e0c7c0-2680-4f55-9417-80daafef46d1: shutdown FollowerState
2019-09-19 09:40:51,261 [Thread-376] INFO  impl.RaftServerImpl (RaftServerImpl.java:setRole(171)) - 47e0c7c0-2680-4f55-9417-80daafef46d1:group-3623E50E5851 changes role from FOLLOWER to CANDIDATE at term 0 for changeToCandidate
2019-09-19 09:40:51,261 [Thread-376] INFO  impl.RoleInfo (RoleInfo.java:updateAndGet(143)) - 47e0c7c0-2680-4f55-9417-80daafef46d1: start LeaderElection
2019-09-19 09:40:51,274 [1bcbd64b-2199-49e1-86d3-4e4b64d88b4a-SegmentedRaftLogWorker:Storage Directory /workdir/hadoop-ozone/ozonefs/target/test-dir/MiniOzoneClusterImpl-21ed0f53-0413-44c7-8609-f438100532e5/datanode-0/data/ratis/06814cdf-241c-493f-a145-1629380170d7] INFO  segmented.SegmentedRaftLogWorker (SegmentedRaftLogWorker.java:execute(569)) - 1bcbd64b-2199-49e1-86d3-4e4b64d88b4a-SegmentedRaftLogWorker:Storage Directory /workdir/hadoop-ozone/ozonefs/target/test-dir/MiniOzoneClusterImpl-21ed0f53-0413-44c7-8609-f438100532e5/datanode-0/data/ratis/06814cdf-241c-493f-a145-1629380170d7: created new log segment /workdir/hadoop-ozone/ozonefs/target/test-dir/MiniOzoneClusterImpl-21ed0f53-0413-44c7-8609-f438100532e5/datanode-0/data/ratis/06814cdf-241c-493f-a145-1629380170d7/current/log_inprogress_0
2019-09-19 09:40:51,274 [47e0c7c0-2680-4f55-9417-80daafef46d1:group-3623E50E5851:LeaderElection31] INFO  impl.LeaderElection (LeaderElection.java:askForVotes(181)) - 47e0c7c0-2680-4f55-9417-80daafef46d1:group-3623E50E5851:LeaderElection31: begin an election at term 1 for -1: [47e0c7c0-2680-4f55-9417-80daafef46d1:192.168.34.5:40718], old=null
2019-09-19 09:40:51,274 [47e0c7c0-2680-4f55-9417-80daafef46d1:group-3623E50E5851:LeaderElection31] INFO  impl.RoleInfo (RoleInfo.java:shutdownLeaderElection(134)) - 47e0c7c0-2680-4f55-9417-80daafef46d1: shutdown LeaderElection
2019-09-19 09:40:51,274 [47e0c7c0-2680-4f55-9417-80daafef46d1:group-3623E50E5851:LeaderElection31] INFO  impl.RaftServerImpl (RaftServerImpl.java:setRole(171)) - 47e0c7c0-2680-4f55-9417-80daafef46d1:group-3623E50E5851 changes role from CANDIDATE to LEADER at term 1 for changeToLeader
2019-09-19 09:40:51,274 [47e0c7c0-2680-4f55-9417-80daafef46d1:group-3623E50E5851:LeaderElection31] INFO  impl.RaftServerImpl (ServerState.java:setLeader(263)) - 47e0c7c0-2680-4f55-9417-80daafef46d1:group-3623E50E5851 change Leader from null to 47e0c7c0-2680-4f55-9417-80daafef46d1 at term 1 for becomeLeader, leader elected after 5174ms
2019-09-19 09:40:51,275 [47e0c7c0-2680-4f55-9417-80daafef46d1:group-3623E50E5851:LeaderElection31] INFO  server.RaftServerConfigKeys (ConfUtils.java:logGet(43)) - raft.server.staging.catchup.gap = 1000 (default)
2019-09-19 09:40:51,275 [47e0c7c0-2680-4f55-9417-80daafef46d1:group-3623E50E5851:LeaderElection31] INFO  server.RaftServerConfigKeys (ConfUtils.java:logGet(43)) - raft.server.rpc.sleep.time = 25ms (default)
2019-09-19 09:40:51,275 [47e0c7c0-2680-4f55-9417-80daafef46d1:group-3623E50E5851:LeaderElection31] INFO  server.RaftServerConfigKeys (ConfUtils.java:logGet(43)) - raft.server.write.element-limit = 4096 (default)
2019-09-19 09:40:51,275 [47e0c7c0-2680-4f55-9417-80daafef46d1:group-3623E50E5851:LeaderElection31] INFO  server.RaftServerConfigKeys (ConfUtils.java:logGet(43)) - raft.server.watch.timeout = 10s (default)
2019-09-19 09:40:51,275 [47e0c7c0-2680-4f55-9417-80daafef46d1:group-3623E50E5851:LeaderElection31] INFO  server.RaftServerConfigKeys (ConfUtils.java:logGet(43)) - raft.server.watch.timeout.denomination = 1s (default)
2019-09-19 09:40:51,276 [47e0c7c0-2680-4f55-9417-80daafef46d1:group-3623E50E5851:LeaderElection31] INFO  server.RaftServerConfigKeys (ConfUtils.java:logGet(43)) - raft.server.watch.element-limit = 65536 (default)
2019-09-19 09:40:51,276 [47e0c7c0-2680-4f55-9417-80daafef46d1:group-3623E50E5851:LeaderElection31] INFO  impl.RoleInfo (RoleInfo.java:updateAndGet(143)) - 47e0c7c0-2680-4f55-9417-80daafef46d1: start LeaderState
2019-09-19 09:40:51,276 [47e0c7c0-2680-4f55-9417-80daafef46d1:group-3623E50E5851:LeaderElection31] INFO  segmented.SegmentedRaftLogWorker (SegmentedRaftLogWorker.java:startLogSegment(380)) - 47e0c7c0-2680-4f55-9417-80daafef46d1-SegmentedRaftLogWorker:Storage Directory /workdir/hadoop-ozone/ozonefs/target/test-dir/MiniOzoneClusterImpl-21ed0f53-0413-44c7-8609-f438100532e5/datanode-4/data/ratis/b1bc9a3d-73fc-4baf-bb1c-3623e50e5851: Starting segment from index:0
2019-09-19 09:40:51,277 [47e0c7c0-2680-4f55-9417-80daafef46d1:group-3623E50E5851:LeaderElection31] INFO  impl.RaftServerImpl (ServerState.java:setRaftConf(361)) - 47e0c7c0-2680-4f55-9417-80daafef46d1:group-3623E50E5851 set configuration 0: [47e0c7c0-2680-4f55-9417-80daafef46d1:192.168.34.5:40718], old=null at 0
2019-09-19 09:40:51,329 [47e0c7c0-2680-4f55-9417-80daafef46d1-SegmentedRaftLogWorker:Storage Directory /workdir/hadoop-ozone/ozonefs/target/test-dir/MiniOzoneClusterImpl-21ed0f53-0413-44c7-8609-f438100532e5/datanode-4/data/ratis/b1bc9a3d-73fc-4baf-bb1c-3623e50e5851] INFO  segmented.SegmentedRaftLogWorker (SegmentedRaftLogWorker.java:execute(569)) - 47e0c7c0-2680-4f55-9417-80daafef46d1-SegmentedRaftLogWorker:Storage Directory /workdir/hadoop-ozone/ozonefs/target/test-dir/MiniOzoneClusterImpl-21ed0f53-0413-44c7-8609-f438100532e5/datanode-4/data/ratis/b1bc9a3d-73fc-4baf-bb1c-3623e50e5851: created new log segment /workdir/hadoop-ozone/ozonefs/target/test-dir/MiniOzoneClusterImpl-21ed0f53-0413-44c7-8609-f438100532e5/datanode-4/data/ratis/b1bc9a3d-73fc-4baf-bb1c-3623e50e5851/current/log_inprogress_0
2019-09-19 09:40:51,340 [Thread-379] INFO  impl.FollowerState (FollowerState.java:run(106)) - 28f77823-de9e-44cc-bd18-5b415144a5bf:group-59B9115387D9 changes to CANDIDATE, lastRpcTime:5136, electionTimeout:5136ms
2019-09-19 09:40:51,340 [Thread-379] INFO  impl.RoleInfo (RoleInfo.java:shutdownFollowerState(121)) - 28f77823-de9e-44cc-bd18-5b415144a5bf: shutdown FollowerState
2019-09-19 09:40:51,340 [Thread-379] INFO  impl.RaftServerImpl (RaftServerImpl.java:setRole(171)) - 28f77823-de9e-44cc-bd18-5b415144a5bf:group-59B9115387D9 changes role from FOLLOWER to CANDIDATE at term 0 for changeToCandidate
2019-09-19 09:40:51,340 [Thread-379] INFO  impl.RoleInfo (RoleInfo.java:updateAndGet(143)) - 28f77823-de9e-44cc-bd18-5b415144a5bf: start LeaderElection
2019-09-19 09:40:51,358 [28f77823-de9e-44cc-bd18-5b415144a5bf:group-59B9115387D9:LeaderElection32] INFO  impl.LeaderElection (LeaderElection.java:askForVotes(181)) - 28f77823-de9e-44cc-bd18-5b415144a5bf:group-59B9115387D9:LeaderElection32: begin an election at term 1 for -1: [28f77823-de9e-44cc-bd18-5b415144a5bf:192.168.34.5:41344], old=null
2019-09-19 09:40:51,358 [28f77823-de9e-44cc-bd18-5b415144a5bf:group-59B9115387D9:LeaderElection32] INFO  impl.RoleInfo (RoleInfo.java:shutdownLeaderElection(134)) - 28f77823-de9e-44cc-bd18-5b415144a5bf: shutdown LeaderElection
2019-09-19 09:40:51,358 [28f77823-de9e-44cc-bd18-5b415144a5bf:group-59B9115387D9:LeaderElection32] INFO  impl.RaftServerImpl (RaftServerImpl.java:setRole(171)) - 28f77823-de9e-44cc-bd18-5b415144a5bf:group-59B9115387D9 changes role from CANDIDATE to LEADER at term 1 for changeToLeader
2019-09-19 09:40:51,358 [28f77823-de9e-44cc-bd18-5b415144a5bf:group-59B9115387D9:LeaderElection32] INFO  impl.RaftServerImpl (ServerState.java:setLeader(263)) - 28f77823-de9e-44cc-bd18-5b415144a5bf:group-59B9115387D9 change Leader from null to 28f77823-de9e-44cc-bd18-5b415144a5bf at term 1 for becomeLeader, leader elected after 5164ms
2019-09-19 09:40:51,359 [28f77823-de9e-44cc-bd18-5b415144a5bf:group-59B9115387D9:LeaderElection32] INFO  server.RaftServerConfigKeys (ConfUtils.java:logGet(43)) - raft.server.staging.catchup.gap = 1000 (default)
2019-09-19 09:40:51,359 [28f77823-de9e-44cc-bd18-5b415144a5bf:group-59B9115387D9:LeaderElection32] INFO  server.RaftServerConfigKeys (ConfUtils.java:logGet(43)) - raft.server.rpc.sleep.time = 25ms (default)
2019-09-19 09:40:51,359 [28f77823-de9e-44cc-bd18-5b415144a5bf:group-59B9115387D9:LeaderElection32] INFO  server.RaftServerConfigKeys (ConfUtils.java:logGet(43)) - raft.server.write.element-limit = 4096 (default)
2019-09-19 09:40:51,359 [28f77823-de9e-44cc-bd18-5b415144a5bf:group-59B9115387D9:LeaderElection32] INFO  server.RaftServerConfigKeys (ConfUtils.java:logGet(43)) - raft.server.watch.timeout = 10s (default)
2019-09-19 09:40:51,360 [28f77823-de9e-44cc-bd18-5b415144a5bf:group-59B9115387D9:LeaderElection32] INFO  server.RaftServerConfigKeys (ConfUtils.java:logGet(43)) - raft.server.watch.timeout.denomination = 1s (default)
2019-09-19 09:40:51,360 [28f77823-de9e-44cc-bd18-5b415144a5bf:group-59B9115387D9:LeaderElection32] INFO  server.RaftServerConfigKeys (ConfUtils.java:logGet(43)) - raft.server.watch.element-limit = 65536 (default)
2019-09-19 09:40:51,360 [28f77823-de9e-44cc-bd18-5b415144a5bf:group-59B9115387D9:LeaderElection32] INFO  impl.RoleInfo (RoleInfo.java:updateAndGet(143)) - 28f77823-de9e-44cc-bd18-5b415144a5bf: start LeaderState
2019-09-19 09:40:51,360 [28f77823-de9e-44cc-bd18-5b415144a5bf:group-59B9115387D9:LeaderElection32] INFO  segmented.SegmentedRaftLogWorker (SegmentedRaftLogWorker.java:startLogSegment(380)) - 28f77823-de9e-44cc-bd18-5b415144a5bf-SegmentedRaftLogWorker:Storage Directory /workdir/hadoop-ozone/ozonefs/target/test-dir/MiniOzoneClusterImpl-21ed0f53-0413-44c7-8609-f438100532e5/datanode-1/data/ratis/1c97b61e-a5bb-4ba5-ae2f-59b9115387d9: Starting segment from index:0
2019-09-19 09:40:51,361 [28f77823-de9e-44cc-bd18-5b415144a5bf:group-59B9115387D9:LeaderElection32] INFO  impl.RaftServerImpl (ServerState.java:setRaftConf(361)) - 28f77823-de9e-44cc-bd18-5b415144a5bf:group-59B9115387D9 set configuration 0: [28f77823-de9e-44cc-bd18-5b415144a5bf:192.168.34.5:41344], old=null at 0
2019-09-19 09:40:51,405 [Thread-382] INFO  impl.FollowerState (FollowerState.java:run(106)) - 47e0c7c0-2680-4f55-9417-80daafef46d1:group-C490142C6E40 changes to CANDIDATE, lastRpcTime:5146, electionTimeout:5112ms
2019-09-19 09:40:51,405 [Thread-382] INFO  impl.RoleInfo (RoleInfo.java:shutdownFollowerState(121)) - 47e0c7c0-2680-4f55-9417-80daafef46d1: shutdown FollowerState
2019-09-19 09:40:51,405 [Thread-382] INFO  impl.RaftServerImpl (RaftServerImpl.java:setRole(171)) - 47e0c7c0-2680-4f55-9417-80daafef46d1:group-C490142C6E40 changes role from FOLLOWER to CANDIDATE at term 0 for changeToCandidate
2019-09-19 09:40:51,406 [Thread-382] INFO  impl.RoleInfo (RoleInfo.java:updateAndGet(143)) - 47e0c7c0-2680-4f55-9417-80daafef46d1: start LeaderElection
2019-09-19 09:40:51,410 | INFO  | SCMAudit | user=jenkins1000 | ip=192.168.34.5 | op=SEND_HEARTBEAT {datanodeUUID=d87be78c-f122-4471-b781-d01263e91835, command=[]} | ret=SUCCESS |  
2019-09-19 09:40:51,410 | INFO  | SCMAudit | user=jenkins1000 | ip=192.168.34.5 | op=SEND_HEARTBEAT {datanodeUUID=00cd5ee6-30a6-4c0a-bb6c-a5a65ddde9fb, command=[]} | ret=SUCCESS |  
2019-09-19 09:40:51,410 | INFO  | SCMAudit | user=jenkins1000 | ip=192.168.34.5 | op=SEND_HEARTBEAT {datanodeUUID=47e0c7c0-2680-4f55-9417-80daafef46d1, command=[]} | ret=SUCCESS |  
2019-09-19 09:40:51,418 [28f77823-de9e-44cc-bd18-5b415144a5bf-SegmentedRaftLogWorker:Storage Directory /workdir/hadoop-ozone/ozonefs/target/test-dir/MiniOzoneClusterImpl-21ed0f53-0413-44c7-8609-f438100532e5/datanode-1/data/ratis/1c97b61e-a5bb-4ba5-ae2f-59b9115387d9] INFO  segmented.SegmentedRaftLogWorker (SegmentedRaftLogWorker.java:execute(569)) - 28f77823-de9e-44cc-bd18-5b415144a5bf-SegmentedRaftLogWorker:Storage Directory /workdir/hadoop-ozone/ozonefs/target/test-dir/MiniOzoneClusterImpl-21ed0f53-0413-44c7-8609-f438100532e5/datanode-1/data/ratis/1c97b61e-a5bb-4ba5-ae2f-59b9115387d9: created new log segment /workdir/hadoop-ozone/ozonefs/target/test-dir/MiniOzoneClusterImpl-21ed0f53-0413-44c7-8609-f438100532e5/datanode-1/data/ratis/1c97b61e-a5bb-4ba5-ae2f-59b9115387d9/current/log_inprogress_0
2019-09-19 09:40:51,419 [47e0c7c0-2680-4f55-9417-80daafef46d1:group-C490142C6E40:LeaderElection33] INFO  impl.LeaderElection (LeaderElection.java:askForVotes(181)) - 47e0c7c0-2680-4f55-9417-80daafef46d1:group-C490142C6E40:LeaderElection33: begin an election at term 1 for -1: [47e0c7c0-2680-4f55-9417-80daafef46d1:192.168.34.5:40718], old=null
2019-09-19 09:40:51,419 [47e0c7c0-2680-4f55-9417-80daafef46d1:group-C490142C6E40:LeaderElection33] INFO  impl.RoleInfo (RoleInfo.java:shutdownLeaderElection(134)) - 47e0c7c0-2680-4f55-9417-80daafef46d1: shutdown LeaderElection
2019-09-19 09:40:51,419 [47e0c7c0-2680-4f55-9417-80daafef46d1:group-C490142C6E40:LeaderElection33] INFO  impl.RaftServerImpl (RaftServerImpl.java:setRole(171)) - 47e0c7c0-2680-4f55-9417-80daafef46d1:group-C490142C6E40 changes role from CANDIDATE to LEADER at term 1 for changeToLeader
2019-09-19 09:40:51,419 [47e0c7c0-2680-4f55-9417-80daafef46d1:group-C490142C6E40:LeaderElection33] INFO  impl.RaftServerImpl (ServerState.java:setLeader(263)) - 47e0c7c0-2680-4f55-9417-80daafef46d1:group-C490142C6E40 change Leader from null to 47e0c7c0-2680-4f55-9417-80daafef46d1 at term 1 for becomeLeader, leader elected after 5164ms
2019-09-19 09:40:51,419 [47e0c7c0-2680-4f55-9417-80daafef46d1:group-C490142C6E40:LeaderElection33] INFO  server.RaftServerConfigKeys (ConfUtils.java:logGet(43)) - raft.server.staging.catchup.gap = 1000 (default)
2019-09-19 09:40:51,420 [47e0c7c0-2680-4f55-9417-80daafef46d1:group-C490142C6E40:LeaderElection33] INFO  server.RaftServerConfigKeys (ConfUtils.java:logGet(43)) - raft.server.rpc.sleep.time = 25ms (default)
2019-09-19 09:40:51,420 [47e0c7c0-2680-4f55-9417-80daafef46d1:group-C490142C6E40:LeaderElection33] INFO  server.RaftServerConfigKeys (ConfUtils.java:logGet(43)) - raft.server.write.element-limit = 4096 (default)
2019-09-19 09:40:51,420 [47e0c7c0-2680-4f55-9417-80daafef46d1:group-C490142C6E40:LeaderElection33] INFO  server.RaftServerConfigKeys (ConfUtils.java:logGet(43)) - raft.server.watch.timeout = 10s (default)
2019-09-19 09:40:51,420 [47e0c7c0-2680-4f55-9417-80daafef46d1:group-C490142C6E40:LeaderElection33] INFO  server.RaftServerConfigKeys (ConfUtils.java:logGet(43)) - raft.server.watch.timeout.denomination = 1s (default)
2019-09-19 09:40:51,420 [47e0c7c0-2680-4f55-9417-80daafef46d1:group-C490142C6E40:LeaderElection33] INFO  server.RaftServerConfigKeys (ConfUtils.java:logGet(43)) - raft.server.watch.element-limit = 65536 (default)
2019-09-19 09:40:51,421 [47e0c7c0-2680-4f55-9417-80daafef46d1:group-C490142C6E40:LeaderElection33] INFO  impl.RoleInfo (RoleInfo.java:updateAndGet(143)) - 47e0c7c0-2680-4f55-9417-80daafef46d1: start LeaderState
2019-09-19 09:40:51,421 [47e0c7c0-2680-4f55-9417-80daafef46d1:group-C490142C6E40:LeaderElection33] INFO  segmented.SegmentedRaftLogWorker (SegmentedRaftLogWorker.java:startLogSegment(380)) - 47e0c7c0-2680-4f55-9417-80daafef46d1-SegmentedRaftLogWorker:Storage Directory /workdir/hadoop-ozone/ozonefs/target/test-dir/MiniOzoneClusterImpl-21ed0f53-0413-44c7-8609-f438100532e5/datanode-4/data/ratis/772820cd-d6db-4c0e-a794-c490142c6e40: Starting segment from index:0
2019-09-19 09:40:51,422 [47e0c7c0-2680-4f55-9417-80daafef46d1:group-C490142C6E40:LeaderElection33] INFO  impl.RaftServerImpl (ServerState.java:setRaftConf(361)) - 47e0c7c0-2680-4f55-9417-80daafef46d1:group-C490142C6E40 set configuration 0: [47e0c7c0-2680-4f55-9417-80daafef46d1:192.168.34.5:40718], old=null at 0
2019-09-19 09:40:51,465 | INFO  | SCMAudit | user=jenkins1000 | ip=192.168.34.5 | op=SEND_HEARTBEAT {datanodeUUID=28f77823-de9e-44cc-bd18-5b415144a5bf, command=[]} | ret=SUCCESS |  
2019-09-19 09:40:51,475 [47e0c7c0-2680-4f55-9417-80daafef46d1-SegmentedRaftLogWorker:Storage Directory /workdir/hadoop-ozone/ozonefs/target/test-dir/MiniOzoneClusterImpl-21ed0f53-0413-44c7-8609-f438100532e5/datanode-4/data/ratis/772820cd-d6db-4c0e-a794-c490142c6e40] INFO  segmented.SegmentedRaftLogWorker (SegmentedRaftLogWorker.java:execute(569)) - 47e0c7c0-2680-4f55-9417-80daafef46d1-SegmentedRaftLogWorker:Storage Directory /workdir/hadoop-ozone/ozonefs/target/test-dir/MiniOzoneClusterImpl-21ed0f53-0413-44c7-8609-f438100532e5/datanode-4/data/ratis/772820cd-d6db-4c0e-a794-c490142c6e40: created new log segment /workdir/hadoop-ozone/ozonefs/target/test-dir/MiniOzoneClusterImpl-21ed0f53-0413-44c7-8609-f438100532e5/datanode-4/data/ratis/772820cd-d6db-4c0e-a794-c490142c6e40/current/log_inprogress_0
2019-09-19 09:40:51,496 [Thread-386] INFO  impl.FollowerState (FollowerState.java:run(106)) - d87be78c-f122-4471-b781-d01263e91835:group-8CD581E27AA5 changes to CANDIDATE, lastRpcTime:5185, electionTimeout:5185ms
2019-09-19 09:40:51,497 [Thread-386] INFO  impl.RoleInfo (RoleInfo.java:shutdownFollowerState(121)) - d87be78c-f122-4471-b781-d01263e91835: shutdown FollowerState
2019-09-19 09:40:51,497 [Thread-386] INFO  impl.RaftServerImpl (RaftServerImpl.java:setRole(171)) - d87be78c-f122-4471-b781-d01263e91835:group-8CD581E27AA5 changes role from FOLLOWER to CANDIDATE at term 0 for changeToCandidate
2019-09-19 09:40:51,497 [Thread-386] INFO  impl.RoleInfo (RoleInfo.java:updateAndGet(143)) - d87be78c-f122-4471-b781-d01263e91835: start LeaderElection
2019-09-19 09:40:51,501 [Thread-389] INFO  impl.FollowerState (FollowerState.java:run(106)) - 47e0c7c0-2680-4f55-9417-80daafef46d1:group-0243C60E6F04 changes to CANDIDATE, lastRpcTime:5133, electionTimeout:5132ms
2019-09-19 09:40:51,501 [Thread-389] INFO  impl.RoleInfo (RoleInfo.java:shutdownFollowerState(121)) - 47e0c7c0-2680-4f55-9417-80daafef46d1: shutdown FollowerState
2019-09-19 09:40:51,501 [Thread-389] INFO  impl.RaftServerImpl (RaftServerImpl.java:setRole(171)) - 47e0c7c0-2680-4f55-9417-80daafef46d1:group-0243C60E6F04 changes role from FOLLOWER to CANDIDATE at term 0 for changeToCandidate
2019-09-19 09:40:51,501 [Thread-389] INFO  impl.RoleInfo (RoleInfo.java:updateAndGet(143)) - 47e0c7c0-2680-4f55-9417-80daafef46d1: start LeaderElection
2019-09-19 09:40:51,515 [d87be78c-f122-4471-b781-d01263e91835:group-8CD581E27AA5:LeaderElection34] INFO  impl.LeaderElection (LeaderElection.java:askForVotes(181)) - d87be78c-f122-4471-b781-d01263e91835:group-8CD581E27AA5:LeaderElection34: begin an election at term 1 for -1: [d87be78c-f122-4471-b781-d01263e91835:192.168.34.5:39992], old=null
2019-09-19 09:40:51,515 [47e0c7c0-2680-4f55-9417-80daafef46d1:group-0243C60E6F04:LeaderElection35] INFO  impl.LeaderElection (LeaderElection.java:askForVotes(181)) - 47e0c7c0-2680-4f55-9417-80daafef46d1:group-0243C60E6F04:LeaderElection35: begin an election at term 1 for -1: [47e0c7c0-2680-4f55-9417-80daafef46d1:192.168.34.5:40718], old=null
2019-09-19 09:40:51,515 [d87be78c-f122-4471-b781-d01263e91835:group-8CD581E27AA5:LeaderElection34] INFO  impl.RoleInfo (RoleInfo.java:shutdownLeaderElection(134)) - d87be78c-f122-4471-b781-d01263e91835: shutdown LeaderElection
2019-09-19 09:40:51,516 [47e0c7c0-2680-4f55-9417-80daafef46d1:group-0243C60E6F04:LeaderElection35] INFO  impl.RoleInfo (RoleInfo.java:shutdownLeaderElection(134)) - 47e0c7c0-2680-4f55-9417-80daafef46d1: shutdown LeaderElection
2019-09-19 09:40:51,516 [d87be78c-f122-4471-b781-d01263e91835:group-8CD581E27AA5:LeaderElection34] INFO  impl.RaftServerImpl (RaftServerImpl.java:setRole(171)) - d87be78c-f122-4471-b781-d01263e91835:group-8CD581E27AA5 changes role from CANDIDATE to LEADER at term 1 for changeToLeader
2019-09-19 09:40:51,516 [47e0c7c0-2680-4f55-9417-80daafef46d1:group-0243C60E6F04:LeaderElection35] INFO  impl.RaftServerImpl (RaftServerImpl.java:setRole(171)) - 47e0c7c0-2680-4f55-9417-80daafef46d1:group-0243C60E6F04 changes role from CANDIDATE to LEADER at term 1 for changeToLeader
2019-09-19 09:40:51,516 [d87be78c-f122-4471-b781-d01263e91835:group-8CD581E27AA5:LeaderElection34] INFO  impl.RaftServerImpl (ServerState.java:setLeader(263)) - d87be78c-f122-4471-b781-d01263e91835:group-8CD581E27AA5 change Leader from null to d87be78c-f122-4471-b781-d01263e91835 at term 1 for becomeLeader, leader elected after 5209ms
2019-09-19 09:40:51,516 [47e0c7c0-2680-4f55-9417-80daafef46d1:group-0243C60E6F04:LeaderElection35] INFO  impl.RaftServerImpl (ServerState.java:setLeader(263)) - 47e0c7c0-2680-4f55-9417-80daafef46d1:group-0243C60E6F04 change Leader from null to 47e0c7c0-2680-4f55-9417-80daafef46d1 at term 1 for becomeLeader, leader elected after 5152ms
2019-09-19 09:40:51,516 [d87be78c-f122-4471-b781-d01263e91835:group-8CD581E27AA5:LeaderElection34] INFO  server.RaftServerConfigKeys (ConfUtils.java:logGet(43)) - raft.server.staging.catchup.gap = 1000 (default)
2019-09-19 09:40:51,517 [47e0c7c0-2680-4f55-9417-80daafef46d1:group-0243C60E6F04:LeaderElection35] INFO  server.RaftServerConfigKeys (ConfUtils.java:logGet(43)) - raft.server.staging.catchup.gap = 1000 (default)
2019-09-19 09:40:51,517 [d87be78c-f122-4471-b781-d01263e91835:group-8CD581E27AA5:LeaderElection34] INFO  server.RaftServerConfigKeys (ConfUtils.java:logGet(43)) - raft.server.rpc.sleep.time = 25ms (default)
2019-09-19 09:40:51,517 [47e0c7c0-2680-4f55-9417-80daafef46d1:group-0243C60E6F04:LeaderElection35] INFO  server.RaftServerConfigKeys (ConfUtils.java:logGet(43)) - raft.server.rpc.sleep.time = 25ms (default)
2019-09-19 09:40:51,517 [d87be78c-f122-4471-b781-d01263e91835:group-8CD581E27AA5:LeaderElection34] INFO  server.RaftServerConfigKeys (ConfUtils.java:logGet(43)) - raft.server.write.element-limit = 4096 (default)
2019-09-19 09:40:51,517 [47e0c7c0-2680-4f55-9417-80daafef46d1:group-0243C60E6F04:LeaderElection35] INFO  server.RaftServerConfigKeys (ConfUtils.java:logGet(43)) - raft.server.write.element-limit = 4096 (default)
2019-09-19 09:40:51,517 [d87be78c-f122-4471-b781-d01263e91835:group-8CD581E27AA5:LeaderElection34] INFO  server.RaftServerConfigKeys (ConfUtils.java:logGet(43)) - raft.server.watch.timeout = 10s (default)
2019-09-19 09:40:51,518 [47e0c7c0-2680-4f55-9417-80daafef46d1:group-0243C60E6F04:LeaderElection35] INFO  server.RaftServerConfigKeys (ConfUtils.java:logGet(43)) - raft.server.watch.timeout = 10s (default)
2019-09-19 09:40:51,518 [d87be78c-f122-4471-b781-d01263e91835:group-8CD581E27AA5:LeaderElection34] INFO  server.RaftServerConfigKeys (ConfUtils.java:logGet(43)) - raft.server.watch.timeout.denomination = 1s (default)
2019-09-19 09:40:51,518 [47e0c7c0-2680-4f55-9417-80daafef46d1:group-0243C60E6F04:LeaderElection35] INFO  server.RaftServerConfigKeys (ConfUtils.java:logGet(43)) - raft.server.watch.timeout.denomination = 1s (default)
2019-09-19 09:40:51,518 [d87be78c-f122-4471-b781-d01263e91835:group-8CD581E27AA5:LeaderElection34] INFO  server.RaftServerConfigKeys (ConfUtils.java:logGet(43)) - raft.server.watch.element-limit = 65536 (default)
2019-09-19 09:40:51,518 [47e0c7c0-2680-4f55-9417-80daafef46d1:group-0243C60E6F04:LeaderElection35] INFO  server.RaftServerConfigKeys (ConfUtils.java:logGet(43)) - raft.server.watch.element-limit = 65536 (default)
2019-09-19 09:40:51,519 [d87be78c-f122-4471-b781-d01263e91835:group-8CD581E27AA5:LeaderElection34] INFO  impl.RoleInfo (RoleInfo.java:updateAndGet(143)) - d87be78c-f122-4471-b781-d01263e91835: start LeaderState
2019-09-19 09:40:51,519 [47e0c7c0-2680-4f55-9417-80daafef46d1:group-0243C60E6F04:LeaderElection35] INFO  impl.RoleInfo (RoleInfo.java:updateAndGet(143)) - 47e0c7c0-2680-4f55-9417-80daafef46d1: start LeaderState
2019-09-19 09:40:51,519 [d87be78c-f122-4471-b781-d01263e91835:group-8CD581E27AA5:LeaderElection34] INFO  segmented.SegmentedRaftLogWorker (SegmentedRaftLogWorker.java:startLogSegment(380)) - d87be78c-f122-4471-b781-d01263e91835-SegmentedRaftLogWorker:Storage Directory /workdir/hadoop-ozone/ozonefs/target/test-dir/MiniOzoneClusterImpl-21ed0f53-0413-44c7-8609-f438100532e5/datanode-3/data/ratis/19b9d728-466f-4454-a887-8cd581e27aa5: Starting segment from index:0
2019-09-19 09:40:51,519 [47e0c7c0-2680-4f55-9417-80daafef46d1:group-0243C60E6F04:LeaderElection35] INFO  segmented.SegmentedRaftLogWorker (SegmentedRaftLogWorker.java:startLogSegment(380)) - 47e0c7c0-2680-4f55-9417-80daafef46d1-SegmentedRaftLogWorker:Storage Directory /workdir/hadoop-ozone/ozonefs/target/test-dir/MiniOzoneClusterImpl-21ed0f53-0413-44c7-8609-f438100532e5/datanode-4/data/ratis/1689beb4-f786-41b3-8768-0243c60e6f04: Starting segment from index:0
2019-09-19 09:40:51,520 [d87be78c-f122-4471-b781-d01263e91835:group-8CD581E27AA5:LeaderElection34] INFO  impl.RaftServerImpl (ServerState.java:setRaftConf(361)) - d87be78c-f122-4471-b781-d01263e91835:group-8CD581E27AA5 set configuration 0: [d87be78c-f122-4471-b781-d01263e91835:192.168.34.5:39992], old=null at 0
2019-09-19 09:40:51,564 [47e0c7c0-2680-4f55-9417-80daafef46d1:group-0243C60E6F04:LeaderElection35] INFO  impl.RaftServerImpl (ServerState.java:setRaftConf(361)) - 47e0c7c0-2680-4f55-9417-80daafef46d1:group-0243C60E6F04 set configuration 0: [47e0c7c0-2680-4f55-9417-80daafef46d1:192.168.34.5:40718], old=null at 0
2019-09-19 09:40:51,605 [d87be78c-f122-4471-b781-d01263e91835-SegmentedRaftLogWorker:Storage Directory /workdir/hadoop-ozone/ozonefs/target/test-dir/MiniOzoneClusterImpl-21ed0f53-0413-44c7-8609-f438100532e5/datanode-3/data/ratis/19b9d728-466f-4454-a887-8cd581e27aa5] INFO  segmented.SegmentedRaftLogWorker (SegmentedRaftLogWorker.java:execute(569)) - d87be78c-f122-4471-b781-d01263e91835-SegmentedRaftLogWorker:Storage Directory /workdir/hadoop-ozone/ozonefs/target/test-dir/MiniOzoneClusterImpl-21ed0f53-0413-44c7-8609-f438100532e5/datanode-3/data/ratis/19b9d728-466f-4454-a887-8cd581e27aa5: created new log segment /workdir/hadoop-ozone/ozonefs/target/test-dir/MiniOzoneClusterImpl-21ed0f53-0413-44c7-8609-f438100532e5/datanode-3/data/ratis/19b9d728-466f-4454-a887-8cd581e27aa5/current/log_inprogress_0
2019-09-19 09:40:51,618 [47e0c7c0-2680-4f55-9417-80daafef46d1-SegmentedRaftLogWorker:Storage Directory /workdir/hadoop-ozone/ozonefs/target/test-dir/MiniOzoneClusterImpl-21ed0f53-0413-44c7-8609-f438100532e5/datanode-4/data/ratis/1689beb4-f786-41b3-8768-0243c60e6f04] INFO  segmented.SegmentedRaftLogWorker (SegmentedRaftLogWorker.java:execute(569)) - 47e0c7c0-2680-4f55-9417-80daafef46d1-SegmentedRaftLogWorker:Storage Directory /workdir/hadoop-ozone/ozonefs/target/test-dir/MiniOzoneClusterImpl-21ed0f53-0413-44c7-8609-f438100532e5/datanode-4/data/ratis/1689beb4-f786-41b3-8768-0243c60e6f04: created new log segment /workdir/hadoop-ozone/ozonefs/target/test-dir/MiniOzoneClusterImpl-21ed0f53-0413-44c7-8609-f438100532e5/datanode-4/data/ratis/1689beb4-f786-41b3-8768-0243c60e6f04/current/log_inprogress_0
2019-09-19 09:40:51,620 | INFO  | SCMAudit | user=jenkins1000 | ip=192.168.34.5 | op=SEND_HEARTBEAT {datanodeUUID=1cd79902-2a06-4a3f-8023-3eba64f51293, command=[]} | ret=SUCCESS |  
2019-09-19 09:40:51,620 | INFO  | SCMAudit | user=jenkins1000 | ip=192.168.34.5 | op=SEND_HEARTBEAT {datanodeUUID=caeb75b6-27c7-410d-b6eb-8f738956b5a3, command=[]} | ret=SUCCESS |  
2019-09-19 09:40:51,623 [Thread-399] INFO  impl.FollowerState (FollowerState.java:run(106)) - 28f77823-de9e-44cc-bd18-5b415144a5bf:group-ED15EC0465A0 changes to CANDIDATE, lastRpcTime:5002, electionTimeout:5002ms
2019-09-19 09:40:51,623 [Thread-399] INFO  impl.RoleInfo (RoleInfo.java:shutdownFollowerState(121)) - 28f77823-de9e-44cc-bd18-5b415144a5bf: shutdown FollowerState
2019-09-19 09:40:51,624 [Thread-399] INFO  impl.RaftServerImpl (RaftServerImpl.java:setRole(171)) - 28f77823-de9e-44cc-bd18-5b415144a5bf:group-ED15EC0465A0 changes role from FOLLOWER to CANDIDATE at term 0 for changeToCandidate
2019-09-19 09:40:51,624 [Thread-399] INFO  impl.RoleInfo (RoleInfo.java:updateAndGet(143)) - 28f77823-de9e-44cc-bd18-5b415144a5bf: start LeaderElection
2019-09-19 09:40:51,628 [Thread-393] INFO  impl.FollowerState (FollowerState.java:run(106)) - 90577c55-fd31-444d-84bd-73a3c37bc268:group-4E38B6D47140 changes to CANDIDATE, lastRpcTime:5183, electionTimeout:5183ms
2019-09-19 09:40:51,628 [Thread-393] INFO  impl.RoleInfo (RoleInfo.java:shutdownFollowerState(121)) - 90577c55-fd31-444d-84bd-73a3c37bc268: shutdown FollowerState
2019-09-19 09:40:51,628 [Thread-393] INFO  impl.RaftServerImpl (RaftServerImpl.java:setRole(171)) - 90577c55-fd31-444d-84bd-73a3c37bc268:group-4E38B6D47140 changes role from FOLLOWER to CANDIDATE at term 0 for changeToCandidate
2019-09-19 09:40:51,629 [Thread-393] INFO  impl.RoleInfo (RoleInfo.java:updateAndGet(143)) - 90577c55-fd31-444d-84bd-73a3c37bc268: start LeaderElection
2019-09-19 09:40:51,632 [28f77823-de9e-44cc-bd18-5b415144a5bf:group-ED15EC0465A0:LeaderElection36] INFO  impl.LeaderElection (LeaderElection.java:askForVotes(181)) - 28f77823-de9e-44cc-bd18-5b415144a5bf:group-ED15EC0465A0:LeaderElection36: begin an election at term 1 for -1: [28f77823-de9e-44cc-bd18-5b415144a5bf:192.168.34.5:41344], old=null
2019-09-19 09:40:51,632 [28f77823-de9e-44cc-bd18-5b415144a5bf:group-ED15EC0465A0:LeaderElection36] INFO  impl.RoleInfo (RoleInfo.java:shutdownLeaderElection(134)) - 28f77823-de9e-44cc-bd18-5b415144a5bf: shutdown LeaderElection
2019-09-19 09:40:51,633 [28f77823-de9e-44cc-bd18-5b415144a5bf:group-ED15EC0465A0:LeaderElection36] INFO  impl.RaftServerImpl (RaftServerImpl.java:setRole(171)) - 28f77823-de9e-44cc-bd18-5b415144a5bf:group-ED15EC0465A0 changes role from CANDIDATE to LEADER at term 1 for changeToLeader
2019-09-19 09:40:51,633 [28f77823-de9e-44cc-bd18-5b415144a5bf:group-ED15EC0465A0:LeaderElection36] INFO  impl.RaftServerImpl (ServerState.java:setLeader(263)) - 28f77823-de9e-44cc-bd18-5b415144a5bf:group-ED15EC0465A0 change Leader from null to 28f77823-de9e-44cc-bd18-5b415144a5bf at term 1 for becomeLeader, leader elected after 5016ms
2019-09-19 09:40:51,633 [28f77823-de9e-44cc-bd18-5b415144a5bf:group-ED15EC0465A0:LeaderElection36] INFO  server.RaftServerConfigKeys (ConfUtils.java:logGet(43)) - raft.server.staging.catchup.gap = 1000 (default)
2019-09-19 09:40:51,633 [28f77823-de9e-44cc-bd18-5b415144a5bf:group-ED15EC0465A0:LeaderElection36] INFO  server.RaftServerConfigKeys (ConfUtils.java:logGet(43)) - raft.server.rpc.sleep.time = 25ms (default)
2019-09-19 09:40:51,633 [28f77823-de9e-44cc-bd18-5b415144a5bf:group-ED15EC0465A0:LeaderElection36] INFO  server.RaftServerConfigKeys (ConfUtils.java:logGet(43)) - raft.server.write.element-limit = 4096 (default)
2019-09-19 09:40:51,634 [28f77823-de9e-44cc-bd18-5b415144a5bf:group-ED15EC0465A0:LeaderElection36] INFO  server.RaftServerConfigKeys (ConfUtils.java:logGet(43)) - raft.server.watch.timeout = 10s (default)
2019-09-19 09:40:51,634 [28f77823-de9e-44cc-bd18-5b415144a5bf:group-ED15EC0465A0:LeaderElection36] INFO  server.RaftServerConfigKeys (ConfUtils.java:logGet(43)) - raft.server.watch.timeout.denomination = 1s (default)
2019-09-19 09:40:51,634 [28f77823-de9e-44cc-bd18-5b415144a5bf:group-ED15EC0465A0:LeaderElection36] INFO  server.RaftServerConfigKeys (ConfUtils.java:logGet(43)) - raft.server.watch.element-limit = 65536 (default)
2019-09-19 09:40:51,634 [28f77823-de9e-44cc-bd18-5b415144a5bf:group-ED15EC0465A0:LeaderElection36] INFO  impl.RoleInfo (RoleInfo.java:updateAndGet(143)) - 28f77823-de9e-44cc-bd18-5b415144a5bf: start LeaderState
2019-09-19 09:40:51,635 [28f77823-de9e-44cc-bd18-5b415144a5bf:group-ED15EC0465A0:LeaderElection36] INFO  segmented.SegmentedRaftLogWorker (SegmentedRaftLogWorker.java:startLogSegment(380)) - 28f77823-de9e-44cc-bd18-5b415144a5bf-SegmentedRaftLogWorker:Storage Directory /workdir/hadoop-ozone/ozonefs/target/test-dir/MiniOzoneClusterImpl-21ed0f53-0413-44c7-8609-f438100532e5/datanode-1/data/ratis/78074ae0-d60e-48a5-8215-ed15ec0465a0: Starting segment from index:0
2019-09-19 09:40:51,635 [28f77823-de9e-44cc-bd18-5b415144a5bf:group-ED15EC0465A0:LeaderElection36] INFO  impl.RaftServerImpl (ServerState.java:setRaftConf(361)) - 28f77823-de9e-44cc-bd18-5b415144a5bf:group-ED15EC0465A0 set configuration 0: [28f77823-de9e-44cc-bd18-5b415144a5bf:192.168.34.5:41344], old=null at 0
2019-09-19 09:40:51,672 [90577c55-fd31-444d-84bd-73a3c37bc268:group-4E38B6D47140:LeaderElection37] INFO  impl.LeaderElection (LeaderElection.java:askForVotes(181)) - 90577c55-fd31-444d-84bd-73a3c37bc268:group-4E38B6D47140:LeaderElection37: begin an election at term 1 for -1: [90577c55-fd31-444d-84bd-73a3c37bc268:192.168.34.5:38982], old=null
2019-09-19 09:40:51,673 [90577c55-fd31-444d-84bd-73a3c37bc268:group-4E38B6D47140:LeaderElection37] INFO  impl.RoleInfo (RoleInfo.java:shutdownLeaderElection(134)) - 90577c55-fd31-444d-84bd-73a3c37bc268: shutdown LeaderElection
2019-09-19 09:40:51,673 [90577c55-fd31-444d-84bd-73a3c37bc268:group-4E38B6D47140:LeaderElection37] INFO  impl.RaftServerImpl (RaftServerImpl.java:setRole(171)) - 90577c55-fd31-444d-84bd-73a3c37bc268:group-4E38B6D47140 changes role from CANDIDATE to LEADER at term 1 for changeToLeader
2019-09-19 09:40:51,673 [90577c55-fd31-444d-84bd-73a3c37bc268:group-4E38B6D47140:LeaderElection37] INFO  impl.RaftServerImpl (ServerState.java:setLeader(263)) - 90577c55-fd31-444d-84bd-73a3c37bc268:group-4E38B6D47140 change Leader from null to 90577c55-fd31-444d-84bd-73a3c37bc268 at term 1 for becomeLeader, leader elected after 5231ms
2019-09-19 09:40:51,673 [90577c55-fd31-444d-84bd-73a3c37bc268:group-4E38B6D47140:LeaderElection37] INFO  server.RaftServerConfigKeys (ConfUtils.java:logGet(43)) - raft.server.staging.catchup.gap = 1000 (default)
2019-09-19 09:40:51,673 [90577c55-fd31-444d-84bd-73a3c37bc268:group-4E38B6D47140:LeaderElection37] INFO  server.RaftServerConfigKeys (ConfUtils.java:logGet(43)) - raft.server.rpc.sleep.time = 25ms (default)
2019-09-19 09:40:51,673 [90577c55-fd31-444d-84bd-73a3c37bc268:group-4E38B6D47140:LeaderElection37] INFO  server.RaftServerConfigKeys (ConfUtils.java:logGet(43)) - raft.server.write.element-limit = 4096 (default)
2019-09-19 09:40:51,674 [90577c55-fd31-444d-84bd-73a3c37bc268:group-4E38B6D47140:LeaderElection37] INFO  server.RaftServerConfigKeys (ConfUtils.java:logGet(43)) - raft.server.watch.timeout = 10s (default)
2019-09-19 09:40:51,674 [90577c55-fd31-444d-84bd-73a3c37bc268:group-4E38B6D47140:LeaderElection37] INFO  server.RaftServerConfigKeys (ConfUtils.java:logGet(43)) - raft.server.watch.timeout.denomination = 1s (default)
2019-09-19 09:40:51,674 [90577c55-fd31-444d-84bd-73a3c37bc268:group-4E38B6D47140:LeaderElection37] INFO  server.RaftServerConfigKeys (ConfUtils.java:logGet(43)) - raft.server.watch.element-limit = 65536 (default)
2019-09-19 09:40:51,674 [90577c55-fd31-444d-84bd-73a3c37bc268:group-4E38B6D47140:LeaderElection37] INFO  impl.RoleInfo (RoleInfo.java:updateAndGet(143)) - 90577c55-fd31-444d-84bd-73a3c37bc268: start LeaderState
2019-09-19 09:40:51,675 [90577c55-fd31-444d-84bd-73a3c37bc268:group-4E38B6D47140:LeaderElection37] INFO  segmented.SegmentedRaftLogWorker (SegmentedRaftLogWorker.java:startLogSegment(380)) - 90577c55-fd31-444d-84bd-73a3c37bc268-SegmentedRaftLogWorker:Storage Directory /workdir/hadoop-ozone/ozonefs/target/test-dir/MiniOzoneClusterImpl-21ed0f53-0413-44c7-8609-f438100532e5/datanode-2/data/ratis/40375298-6712-45c6-9997-4e38b6d47140: Starting segment from index:0
2019-09-19 09:40:51,675 [90577c55-fd31-444d-84bd-73a3c37bc268:group-4E38B6D47140:LeaderElection37] INFO  impl.RaftServerImpl (ServerState.java:setRaftConf(361)) - 90577c55-fd31-444d-84bd-73a3c37bc268:group-4E38B6D47140 set configuration 0: [90577c55-fd31-444d-84bd-73a3c37bc268:192.168.34.5:38982], old=null at 0
2019-09-19 09:40:51,706 [28f77823-de9e-44cc-bd18-5b415144a5bf-SegmentedRaftLogWorker:Storage Directory /workdir/hadoop-ozone/ozonefs/target/test-dir/MiniOzoneClusterImpl-21ed0f53-0413-44c7-8609-f438100532e5/datanode-1/data/ratis/78074ae0-d60e-48a5-8215-ed15ec0465a0] INFO  segmented.SegmentedRaftLogWorker (SegmentedRaftLogWorker.java:execute(569)) - 28f77823-de9e-44cc-bd18-5b415144a5bf-SegmentedRaftLogWorker:Storage Directory /workdir/hadoop-ozone/ozonefs/target/test-dir/MiniOzoneClusterImpl-21ed0f53-0413-44c7-8609-f438100532e5/datanode-1/data/ratis/78074ae0-d60e-48a5-8215-ed15ec0465a0: created new log segment /workdir/hadoop-ozone/ozonefs/target/test-dir/MiniOzoneClusterImpl-21ed0f53-0413-44c7-8609-f438100532e5/datanode-1/data/ratis/78074ae0-d60e-48a5-8215-ed15ec0465a0/current/log_inprogress_0
2019-09-19 09:40:51,719 [90577c55-fd31-444d-84bd-73a3c37bc268-SegmentedRaftLogWorker:Storage Directory /workdir/hadoop-ozone/ozonefs/target/test-dir/MiniOzoneClusterImpl-21ed0f53-0413-44c7-8609-f438100532e5/datanode-2/data/ratis/40375298-6712-45c6-9997-4e38b6d47140] INFO  segmented.SegmentedRaftLogWorker (SegmentedRaftLogWorker.java:execute(569)) - 90577c55-fd31-444d-84bd-73a3c37bc268-SegmentedRaftLogWorker:Storage Directory /workdir/hadoop-ozone/ozonefs/target/test-dir/MiniOzoneClusterImpl-21ed0f53-0413-44c7-8609-f438100532e5/datanode-2/data/ratis/40375298-6712-45c6-9997-4e38b6d47140: created new log segment /workdir/hadoop-ozone/ozonefs/target/test-dir/MiniOzoneClusterImpl-21ed0f53-0413-44c7-8609-f438100532e5/datanode-2/data/ratis/40375298-6712-45c6-9997-4e38b6d47140/current/log_inprogress_0
2019-09-19 09:40:51,720 [Thread-396] INFO  impl.FollowerState (FollowerState.java:run(106)) - 1cd79902-2a06-4a3f-8023-3eba64f51293:group-0CA0B019C0A5 changes to CANDIDATE, lastRpcTime:5198, electionTimeout:5198ms
2019-09-19 09:40:51,720 [Thread-396] INFO  impl.RoleInfo (RoleInfo.java:shutdownFollowerState(121)) - 1cd79902-2a06-4a3f-8023-3eba64f51293: shutdown FollowerState
2019-09-19 09:40:51,720 [Thread-396] INFO  impl.RaftServerImpl (RaftServerImpl.java:setRole(171)) - 1cd79902-2a06-4a3f-8023-3eba64f51293:group-0CA0B019C0A5 changes role from FOLLOWER to CANDIDATE at term 0 for changeToCandidate
2019-09-19 09:40:51,720 [Thread-396] INFO  impl.RoleInfo (RoleInfo.java:updateAndGet(143)) - 1cd79902-2a06-4a3f-8023-3eba64f51293: start LeaderElection
2019-09-19 09:40:51,738 [1cd79902-2a06-4a3f-8023-3eba64f51293:group-0CA0B019C0A5:LeaderElection38] INFO  impl.LeaderElection (LeaderElection.java:askForVotes(181)) - 1cd79902-2a06-4a3f-8023-3eba64f51293:group-0CA0B019C0A5:LeaderElection38: begin an election at term 1 for -1: [1cd79902-2a06-4a3f-8023-3eba64f51293:192.168.34.5:43611], old=null
2019-09-19 09:40:51,738 [1cd79902-2a06-4a3f-8023-3eba64f51293:group-0CA0B019C0A5:LeaderElection38] INFO  impl.RoleInfo (RoleInfo.java:shutdownLeaderElection(134)) - 1cd79902-2a06-4a3f-8023-3eba64f51293: shutdown LeaderElection
2019-09-19 09:40:51,738 [1cd79902-2a06-4a3f-8023-3eba64f51293:group-0CA0B019C0A5:LeaderElection38] INFO  impl.RaftServerImpl (RaftServerImpl.java:setRole(171)) - 1cd79902-2a06-4a3f-8023-3eba64f51293:group-0CA0B019C0A5 changes role from CANDIDATE to LEADER at term 1 for changeToLeader
2019-09-19 09:40:51,739 [1cd79902-2a06-4a3f-8023-3eba64f51293:group-0CA0B019C0A5:LeaderElection38] INFO  impl.RaftServerImpl (ServerState.java:setLeader(263)) - 1cd79902-2a06-4a3f-8023-3eba64f51293:group-0CA0B019C0A5 change Leader from null to 1cd79902-2a06-4a3f-8023-3eba64f51293 at term 1 for becomeLeader, leader elected after 5221ms
2019-09-19 09:40:51,739 [1cd79902-2a06-4a3f-8023-3eba64f51293:group-0CA0B019C0A5:LeaderElection38] INFO  server.RaftServerConfigKeys (ConfUtils.java:logGet(43)) - raft.server.staging.catchup.gap = 1000 (default)
2019-09-19 09:40:51,739 [1cd79902-2a06-4a3f-8023-3eba64f51293:group-0CA0B019C0A5:LeaderElection38] INFO  server.RaftServerConfigKeys (ConfUtils.java:logGet(43)) - raft.server.rpc.sleep.time = 25ms (default)
2019-09-19 09:40:51,739 [1cd79902-2a06-4a3f-8023-3eba64f51293:group-0CA0B019C0A5:LeaderElection38] INFO  server.RaftServerConfigKeys (ConfUtils.java:logGet(43)) - raft.server.write.element-limit = 4096 (default)
2019-09-19 09:40:51,740 [1cd79902-2a06-4a3f-8023-3eba64f51293:group-0CA0B019C0A5:LeaderElection38] INFO  server.RaftServerConfigKeys (ConfUtils.java:logGet(43)) - raft.server.watch.timeout = 10s (default)
2019-09-19 09:40:51,740 [1cd79902-2a06-4a3f-8023-3eba64f51293:group-0CA0B019C0A5:LeaderElection38] INFO  server.RaftServerConfigKeys (ConfUtils.java:logGet(43)) - raft.server.watch.timeout.denomination = 1s (default)
2019-09-19 09:40:51,740 [1cd79902-2a06-4a3f-8023-3eba64f51293:group-0CA0B019C0A5:LeaderElection38] INFO  server.RaftServerConfigKeys (ConfUtils.java:logGet(43)) - raft.server.watch.element-limit = 65536 (default)
2019-09-19 09:40:51,740 [1cd79902-2a06-4a3f-8023-3eba64f51293:group-0CA0B019C0A5:LeaderElection38] INFO  impl.RoleInfo (RoleInfo.java:updateAndGet(143)) - 1cd79902-2a06-4a3f-8023-3eba64f51293: start LeaderState
2019-09-19 09:40:51,741 [1cd79902-2a06-4a3f-8023-3eba64f51293:group-0CA0B019C0A5:LeaderElection38] INFO  segmented.SegmentedRaftLogWorker (SegmentedRaftLogWorker.java:startLogSegment(380)) - 1cd79902-2a06-4a3f-8023-3eba64f51293-SegmentedRaftLogWorker:Storage Directory /workdir/hadoop-ozone/ozonefs/target/test-dir/MiniOzoneClusterImpl-21ed0f53-0413-44c7-8609-f438100532e5/datanode-5/data/ratis/a9d1f30e-decf-4c75-84b1-0ca0b019c0a5: Starting segment from index:0
2019-09-19 09:40:51,741 [1cd79902-2a06-4a3f-8023-3eba64f51293:group-0CA0B019C0A5:LeaderElection38] INFO  impl.RaftServerImpl (ServerState.java:setRaftConf(361)) - 1cd79902-2a06-4a3f-8023-3eba64f51293:group-0CA0B019C0A5 set configuration 0: [1cd79902-2a06-4a3f-8023-3eba64f51293:192.168.34.5:43611], old=null at 0
2019-09-19 09:40:51,783 | INFO  | SCMAudit | user=jenkins1000 | ip=192.168.34.5 | op=SEND_HEARTBEAT {datanodeUUID=90577c55-fd31-444d-84bd-73a3c37bc268, command=[]} | ret=SUCCESS |  
2019-09-19 09:40:51,794 [1cd79902-2a06-4a3f-8023-3eba64f51293-SegmentedRaftLogWorker:Storage Directory /workdir/hadoop-ozone/ozonefs/target/test-dir/MiniOzoneClusterImpl-21ed0f53-0413-44c7-8609-f438100532e5/datanode-5/data/ratis/a9d1f30e-decf-4c75-84b1-0ca0b019c0a5] INFO  segmented.SegmentedRaftLogWorker (SegmentedRaftLogWorker.java:execute(569)) - 1cd79902-2a06-4a3f-8023-3eba64f51293-SegmentedRaftLogWorker:Storage Directory /workdir/hadoop-ozone/ozonefs/target/test-dir/MiniOzoneClusterImpl-21ed0f53-0413-44c7-8609-f438100532e5/datanode-5/data/ratis/a9d1f30e-decf-4c75-84b1-0ca0b019c0a5: created new log segment /workdir/hadoop-ozone/ozonefs/target/test-dir/MiniOzoneClusterImpl-21ed0f53-0413-44c7-8609-f438100532e5/datanode-5/data/ratis/a9d1f30e-decf-4c75-84b1-0ca0b019c0a5/current/log_inprogress_0
2019-09-19 09:40:51,801 [Thread-402] INFO  impl.FollowerState (FollowerState.java:run(106)) - 7076406d-aee0-4126-8bab-f0c87a3fcebd:group-88CDD46A9D9A changes to CANDIDATE, lastRpcTime:5114, electionTimeout:5114ms
2019-09-19 09:40:51,801 [Thread-402] INFO  impl.RoleInfo (RoleInfo.java:shutdownFollowerState(121)) - 7076406d-aee0-4126-8bab-f0c87a3fcebd: shutdown FollowerState
2019-09-19 09:40:51,801 [Thread-402] INFO  impl.RaftServerImpl (RaftServerImpl.java:setRole(171)) - 7076406d-aee0-4126-8bab-f0c87a3fcebd:group-88CDD46A9D9A changes role from FOLLOWER to CANDIDATE at term 0 for changeToCandidate
2019-09-19 09:40:51,802 [Thread-402] INFO  impl.RoleInfo (RoleInfo.java:updateAndGet(143)) - 7076406d-aee0-4126-8bab-f0c87a3fcebd: start LeaderElection
2019-09-19 09:40:51,833 [7076406d-aee0-4126-8bab-f0c87a3fcebd:group-88CDD46A9D9A:LeaderElection39] INFO  impl.LeaderElection (LeaderElection.java:askForVotes(181)) - 7076406d-aee0-4126-8bab-f0c87a3fcebd:group-88CDD46A9D9A:LeaderElection39: begin an election at term 1 for -1: [7076406d-aee0-4126-8bab-f0c87a3fcebd:192.168.34.5:33583], old=null
2019-09-19 09:40:51,834 [7076406d-aee0-4126-8bab-f0c87a3fcebd:group-88CDD46A9D9A:LeaderElection39] INFO  impl.RoleInfo (RoleInfo.java:shutdownLeaderElection(134)) - 7076406d-aee0-4126-8bab-f0c87a3fcebd: shutdown LeaderElection
2019-09-19 09:40:51,834 [7076406d-aee0-4126-8bab-f0c87a3fcebd:group-88CDD46A9D9A:LeaderElection39] INFO  impl.RaftServerImpl (RaftServerImpl.java:setRole(171)) - 7076406d-aee0-4126-8bab-f0c87a3fcebd:group-88CDD46A9D9A changes role from CANDIDATE to LEADER at term 1 for changeToLeader
2019-09-19 09:40:51,834 [7076406d-aee0-4126-8bab-f0c87a3fcebd:group-88CDD46A9D9A:LeaderElection39] INFO  impl.RaftServerImpl (ServerState.java:setLeader(263)) - 7076406d-aee0-4126-8bab-f0c87a3fcebd:group-88CDD46A9D9A change Leader from null to 7076406d-aee0-4126-8bab-f0c87a3fcebd at term 1 for becomeLeader, leader elected after 5151ms
2019-09-19 09:40:51,834 [7076406d-aee0-4126-8bab-f0c87a3fcebd:group-88CDD46A9D9A:LeaderElection39] INFO  server.RaftServerConfigKeys (ConfUtils.java:logGet(43)) - raft.server.staging.catchup.gap = 1000 (default)
2019-09-19 09:40:51,834 [7076406d-aee0-4126-8bab-f0c87a3fcebd:group-88CDD46A9D9A:LeaderElection39] INFO  server.RaftServerConfigKeys (ConfUtils.java:logGet(43)) - raft.server.rpc.sleep.time = 25ms (default)
2019-09-19 09:40:51,835 [7076406d-aee0-4126-8bab-f0c87a3fcebd:group-88CDD46A9D9A:LeaderElection39] INFO  server.RaftServerConfigKeys (ConfUtils.java:logGet(43)) - raft.server.write.element-limit = 4096 (default)
2019-09-19 09:40:51,835 [7076406d-aee0-4126-8bab-f0c87a3fcebd:group-88CDD46A9D9A:LeaderElection39] INFO  server.RaftServerConfigKeys (ConfUtils.java:logGet(43)) - raft.server.watch.timeout = 10s (default)
2019-09-19 09:40:51,835 [7076406d-aee0-4126-8bab-f0c87a3fcebd:group-88CDD46A9D9A:LeaderElection39] INFO  server.RaftServerConfigKeys (ConfUtils.java:logGet(43)) - raft.server.watch.timeout.denomination = 1s (default)
2019-09-19 09:40:51,835 [7076406d-aee0-4126-8bab-f0c87a3fcebd:group-88CDD46A9D9A:LeaderElection39] INFO  server.RaftServerConfigKeys (ConfUtils.java:logGet(43)) - raft.server.watch.element-limit = 65536 (default)
2019-09-19 09:40:51,835 [7076406d-aee0-4126-8bab-f0c87a3fcebd:group-88CDD46A9D9A:LeaderElection39] INFO  impl.RoleInfo (RoleInfo.java:updateAndGet(143)) - 7076406d-aee0-4126-8bab-f0c87a3fcebd: start LeaderState
2019-09-19 09:40:51,836 [7076406d-aee0-4126-8bab-f0c87a3fcebd:group-88CDD46A9D9A:LeaderElection39] INFO  segmented.SegmentedRaftLogWorker (SegmentedRaftLogWorker.java:startLogSegment(380)) - 7076406d-aee0-4126-8bab-f0c87a3fcebd-SegmentedRaftLogWorker:Storage Directory /workdir/hadoop-ozone/ozonefs/target/test-dir/MiniOzoneClusterImpl-21ed0f53-0413-44c7-8609-f438100532e5/datanode-7/data/ratis/774838a7-53d1-491d-846a-88cdd46a9d9a: Starting segment from index:0
2019-09-19 09:40:51,838 [7076406d-aee0-4126-8bab-f0c87a3fcebd:group-88CDD46A9D9A:LeaderElection39] INFO  impl.RaftServerImpl (ServerState.java:setRaftConf(361)) - 7076406d-aee0-4126-8bab-f0c87a3fcebd:group-88CDD46A9D9A set configuration 0: [7076406d-aee0-4126-8bab-f0c87a3fcebd:192.168.34.5:33583], old=null at 0
2019-09-19 09:40:51,891 | INFO  | SCMAudit | user=jenkins1000 | ip=192.168.34.5 | op=SEND_HEARTBEAT {datanodeUUID=bb9d252a-546d-48b3-aabe-52964da86e48, command=[]} | ret=SUCCESS |  
2019-09-19 09:40:51,905 [7076406d-aee0-4126-8bab-f0c87a3fcebd-SegmentedRaftLogWorker:Storage Directory /workdir/hadoop-ozone/ozonefs/target/test-dir/MiniOzoneClusterImpl-21ed0f53-0413-44c7-8609-f438100532e5/datanode-7/data/ratis/774838a7-53d1-491d-846a-88cdd46a9d9a] INFO  segmented.SegmentedRaftLogWorker (SegmentedRaftLogWorker.java:execute(569)) - 7076406d-aee0-4126-8bab-f0c87a3fcebd-SegmentedRaftLogWorker:Storage Directory /workdir/hadoop-ozone/ozonefs/target/test-dir/MiniOzoneClusterImpl-21ed0f53-0413-44c7-8609-f438100532e5/datanode-7/data/ratis/774838a7-53d1-491d-846a-88cdd46a9d9a: created new log segment /workdir/hadoop-ozone/ozonefs/target/test-dir/MiniOzoneClusterImpl-21ed0f53-0413-44c7-8609-f438100532e5/datanode-7/data/ratis/774838a7-53d1-491d-846a-88cdd46a9d9a/current/log_inprogress_0
2019-09-19 09:40:51,907 [Thread-408] INFO  impl.FollowerState (FollowerState.java:run(106)) - 90577c55-fd31-444d-84bd-73a3c37bc268:group-7733A115A218 changes to CANDIDATE, lastRpcTime:5083, electionTimeout:5078ms
2019-09-19 09:40:51,908 [Thread-408] INFO  impl.RoleInfo (RoleInfo.java:shutdownFollowerState(121)) - 90577c55-fd31-444d-84bd-73a3c37bc268: shutdown FollowerState
2019-09-19 09:40:51,908 [Thread-408] INFO  impl.RaftServerImpl (RaftServerImpl.java:setRole(171)) - 90577c55-fd31-444d-84bd-73a3c37bc268:group-7733A115A218 changes role from FOLLOWER to CANDIDATE at term 0 for changeToCandidate
2019-09-19 09:40:51,908 [Thread-408] INFO  impl.RoleInfo (RoleInfo.java:updateAndGet(143)) - 90577c55-fd31-444d-84bd-73a3c37bc268: start LeaderElection
2019-09-19 09:40:51,921 [90577c55-fd31-444d-84bd-73a3c37bc268:group-7733A115A218:LeaderElection40] INFO  impl.LeaderElection (LeaderElection.java:askForVotes(181)) - 90577c55-fd31-444d-84bd-73a3c37bc268:group-7733A115A218:LeaderElection40: begin an election at term 1 for -1: [90577c55-fd31-444d-84bd-73a3c37bc268:192.168.34.5:38982], old=null
2019-09-19 09:40:51,922 [90577c55-fd31-444d-84bd-73a3c37bc268:group-7733A115A218:LeaderElection40] INFO  impl.RoleInfo (RoleInfo.java:shutdownLeaderElection(134)) - 90577c55-fd31-444d-84bd-73a3c37bc268: shutdown LeaderElection
2019-09-19 09:40:51,922 [90577c55-fd31-444d-84bd-73a3c37bc268:group-7733A115A218:LeaderElection40] INFO  impl.RaftServerImpl (RaftServerImpl.java:setRole(171)) - 90577c55-fd31-444d-84bd-73a3c37bc268:group-7733A115A218 changes role from CANDIDATE to LEADER at term 1 for changeToLeader
2019-09-19 09:40:51,922 [90577c55-fd31-444d-84bd-73a3c37bc268:group-7733A115A218:LeaderElection40] INFO  impl.RaftServerImpl (ServerState.java:setLeader(263)) - 90577c55-fd31-444d-84bd-73a3c37bc268:group-7733A115A218 change Leader from null to 90577c55-fd31-444d-84bd-73a3c37bc268 at term 1 for becomeLeader, leader elected after 5102ms
2019-09-19 09:40:51,922 [90577c55-fd31-444d-84bd-73a3c37bc268:group-7733A115A218:LeaderElection40] INFO  server.RaftServerConfigKeys (ConfUtils.java:logGet(43)) - raft.server.staging.catchup.gap = 1000 (default)
2019-09-19 09:40:51,922 [90577c55-fd31-444d-84bd-73a3c37bc268:group-7733A115A218:LeaderElection40] INFO  server.RaftServerConfigKeys (ConfUtils.java:logGet(43)) - raft.server.rpc.sleep.time = 25ms (default)
2019-09-19 09:40:51,923 [90577c55-fd31-444d-84bd-73a3c37bc268:group-7733A115A218:LeaderElection40] INFO  server.RaftServerConfigKeys (ConfUtils.java:logGet(43)) - raft.server.write.element-limit = 4096 (default)
2019-09-19 09:40:51,923 [90577c55-fd31-444d-84bd-73a3c37bc268:group-7733A115A218:LeaderElection40] INFO  server.RaftServerConfigKeys (ConfUtils.java:logGet(43)) - raft.server.watch.timeout = 10s (default)
2019-09-19 09:40:51,923 [90577c55-fd31-444d-84bd-73a3c37bc268:group-7733A115A218:LeaderElection40] INFO  server.RaftServerConfigKeys (ConfUtils.java:logGet(43)) - raft.server.watch.timeout.denomination = 1s (default)
2019-09-19 09:40:51,923 [90577c55-fd31-444d-84bd-73a3c37bc268:group-7733A115A218:LeaderElection40] INFO  server.RaftServerConfigKeys (ConfUtils.java:logGet(43)) - raft.server.watch.element-limit = 65536 (default)
2019-09-19 09:40:51,924 [90577c55-fd31-444d-84bd-73a3c37bc268:group-7733A115A218:LeaderElection40] INFO  impl.RoleInfo (RoleInfo.java:updateAndGet(143)) - 90577c55-fd31-444d-84bd-73a3c37bc268: start LeaderState
2019-09-19 09:40:51,924 [90577c55-fd31-444d-84bd-73a3c37bc268:group-7733A115A218:LeaderElection40] INFO  segmented.SegmentedRaftLogWorker (SegmentedRaftLogWorker.java:startLogSegment(380)) - 90577c55-fd31-444d-84bd-73a3c37bc268-SegmentedRaftLogWorker:Storage Directory /workdir/hadoop-ozone/ozonefs/target/test-dir/MiniOzoneClusterImpl-21ed0f53-0413-44c7-8609-f438100532e5/datanode-2/data/ratis/71fa7db9-a382-43c4-a6df-7733a115a218: Starting segment from index:0
2019-09-19 09:40:51,924 [90577c55-fd31-444d-84bd-73a3c37bc268:group-7733A115A218:LeaderElection40] INFO  impl.RaftServerImpl (ServerState.java:setRaftConf(361)) - 90577c55-fd31-444d-84bd-73a3c37bc268:group-7733A115A218 set configuration 0: [90577c55-fd31-444d-84bd-73a3c37bc268:192.168.34.5:38982], old=null at 0
2019-09-19 09:40:51,977 [Thread-405] INFO  impl.FollowerState (FollowerState.java:run(106)) - 7076406d-aee0-4126-8bab-f0c87a3fcebd:group-3E67F89CB185 changes to CANDIDATE, lastRpcTime:5218, electionTimeout:5192ms
2019-09-19 09:40:51,977 [Thread-405] INFO  impl.RoleInfo (RoleInfo.java:shutdownFollowerState(121)) - 7076406d-aee0-4126-8bab-f0c87a3fcebd: shutdown FollowerState
2019-09-19 09:40:51,977 [Thread-405] INFO  impl.RaftServerImpl (RaftServerImpl.java:setRole(171)) - 7076406d-aee0-4126-8bab-f0c87a3fcebd:group-3E67F89CB185 changes role from FOLLOWER to CANDIDATE at term 0 for changeToCandidate
2019-09-19 09:40:51,978 [Thread-405] INFO  impl.RoleInfo (RoleInfo.java:updateAndGet(143)) - 7076406d-aee0-4126-8bab-f0c87a3fcebd: start LeaderElection
2019-09-19 09:40:51,990 [90577c55-fd31-444d-84bd-73a3c37bc268-SegmentedRaftLogWorker:Storage Directory /workdir/hadoop-ozone/ozonefs/target/test-dir/MiniOzoneClusterImpl-21ed0f53-0413-44c7-8609-f438100532e5/datanode-2/data/ratis/71fa7db9-a382-43c4-a6df-7733a115a218] INFO  segmented.SegmentedRaftLogWorker (SegmentedRaftLogWorker.java:execute(569)) - 90577c55-fd31-444d-84bd-73a3c37bc268-SegmentedRaftLogWorker:Storage Directory /workdir/hadoop-ozone/ozonefs/target/test-dir/MiniOzoneClusterImpl-21ed0f53-0413-44c7-8609-f438100532e5/datanode-2/data/ratis/71fa7db9-a382-43c4-a6df-7733a115a218: created new log segment /workdir/hadoop-ozone/ozonefs/target/test-dir/MiniOzoneClusterImpl-21ed0f53-0413-44c7-8609-f438100532e5/datanode-2/data/ratis/71fa7db9-a382-43c4-a6df-7733a115a218/current/log_inprogress_0
2019-09-19 09:40:51,990 [7076406d-aee0-4126-8bab-f0c87a3fcebd:group-3E67F89CB185:LeaderElection41] INFO  impl.LeaderElection (LeaderElection.java:askForVotes(181)) - 7076406d-aee0-4126-8bab-f0c87a3fcebd:group-3E67F89CB185:LeaderElection41: begin an election at term 1 for -1: [7076406d-aee0-4126-8bab-f0c87a3fcebd:192.168.34.5:33583], old=null
2019-09-19 09:40:51,990 [7076406d-aee0-4126-8bab-f0c87a3fcebd:group-3E67F89CB185:LeaderElection41] INFO  impl.RoleInfo (RoleInfo.java:shutdownLeaderElection(134)) - 7076406d-aee0-4126-8bab-f0c87a3fcebd: shutdown LeaderElection
2019-09-19 09:40:51,990 [7076406d-aee0-4126-8bab-f0c87a3fcebd:group-3E67F89CB185:LeaderElection41] INFO  impl.RaftServerImpl (RaftServerImpl.java:setRole(171)) - 7076406d-aee0-4126-8bab-f0c87a3fcebd:group-3E67F89CB185 changes role from CANDIDATE to LEADER at term 1 for changeToLeader
2019-09-19 09:40:51,990 [7076406d-aee0-4126-8bab-f0c87a3fcebd:group-3E67F89CB185:LeaderElection41] INFO  impl.RaftServerImpl (ServerState.java:setLeader(263)) - 7076406d-aee0-4126-8bab-f0c87a3fcebd:group-3E67F89CB185 change Leader from null to 7076406d-aee0-4126-8bab-f0c87a3fcebd at term 1 for becomeLeader, leader elected after 5235ms
2019-09-19 09:40:51,991 [7076406d-aee0-4126-8bab-f0c87a3fcebd:group-3E67F89CB185:LeaderElection41] INFO  server.RaftServerConfigKeys (ConfUtils.java:logGet(43)) - raft.server.staging.catchup.gap = 1000 (default)
2019-09-19 09:40:51,991 [7076406d-aee0-4126-8bab-f0c87a3fcebd:group-3E67F89CB185:LeaderElection41] INFO  server.RaftServerConfigKeys (ConfUtils.java:logGet(43)) - raft.server.rpc.sleep.time = 25ms (default)
2019-09-19 09:40:51,991 [7076406d-aee0-4126-8bab-f0c87a3fcebd:group-3E67F89CB185:LeaderElection41] INFO  server.RaftServerConfigKeys (ConfUtils.java:logGet(43)) - raft.server.write.element-limit = 4096 (default)
2019-09-19 09:40:51,991 [7076406d-aee0-4126-8bab-f0c87a3fcebd:group-3E67F89CB185:LeaderElection41] INFO  server.RaftServerConfigKeys (ConfUtils.java:logGet(43)) - raft.server.watch.timeout = 10s (default)
2019-09-19 09:40:51,992 [7076406d-aee0-4126-8bab-f0c87a3fcebd:group-3E67F89CB185:LeaderElection41] INFO  server.RaftServerConfigKeys (ConfUtils.java:logGet(43)) - raft.server.watch.timeout.denomination = 1s (default)
2019-09-19 09:40:51,992 [7076406d-aee0-4126-8bab-f0c87a3fcebd:group-3E67F89CB185:LeaderElection41] INFO  server.RaftServerConfigKeys (ConfUtils.java:logGet(43)) - raft.server.watch.element-limit = 65536 (default)
2019-09-19 09:40:51,992 [7076406d-aee0-4126-8bab-f0c87a3fcebd:group-3E67F89CB185:LeaderElection41] INFO  impl.RoleInfo (RoleInfo.java:updateAndGet(143)) - 7076406d-aee0-4126-8bab-f0c87a3fcebd: start LeaderState
2019-09-19 09:40:51,993 [7076406d-aee0-4126-8bab-f0c87a3fcebd:group-3E67F89CB185:LeaderElection41] INFO  segmented.SegmentedRaftLogWorker (SegmentedRaftLogWorker.java:startLogSegment(380)) - 7076406d-aee0-4126-8bab-f0c87a3fcebd-SegmentedRaftLogWorker:Storage Directory /workdir/hadoop-ozone/ozonefs/target/test-dir/MiniOzoneClusterImpl-21ed0f53-0413-44c7-8609-f438100532e5/datanode-7/data/ratis/c80c9d07-8cbb-462a-9cb8-3e67f89cb185: Starting segment from index:0
2019-09-19 09:40:51,993 [7076406d-aee0-4126-8bab-f0c87a3fcebd:group-3E67F89CB185:LeaderElection41] INFO  impl.RaftServerImpl (ServerState.java:setRaftConf(361)) - 7076406d-aee0-4126-8bab-f0c87a3fcebd:group-3E67F89CB185 set configuration 0: [7076406d-aee0-4126-8bab-f0c87a3fcebd:192.168.34.5:33583], old=null at 0
2019-09-19 09:40:52,041 [7076406d-aee0-4126-8bab-f0c87a3fcebd-SegmentedRaftLogWorker:Storage Directory /workdir/hadoop-ozone/ozonefs/target/test-dir/MiniOzoneClusterImpl-21ed0f53-0413-44c7-8609-f438100532e5/datanode-7/data/ratis/c80c9d07-8cbb-462a-9cb8-3e67f89cb185] INFO  segmented.SegmentedRaftLogWorker (SegmentedRaftLogWorker.java:execute(569)) - 7076406d-aee0-4126-8bab-f0c87a3fcebd-SegmentedRaftLogWorker:Storage Directory /workdir/hadoop-ozone/ozonefs/target/test-dir/MiniOzoneClusterImpl-21ed0f53-0413-44c7-8609-f438100532e5/datanode-7/data/ratis/c80c9d07-8cbb-462a-9cb8-3e67f89cb185: created new log segment /workdir/hadoop-ozone/ozonefs/target/test-dir/MiniOzoneClusterImpl-21ed0f53-0413-44c7-8609-f438100532e5/datanode-7/data/ratis/c80c9d07-8cbb-462a-9cb8-3e67f89cb185/current/log_inprogress_0
2019-09-19 09:40:52,045 [Thread-414] INFO  impl.FollowerState (FollowerState.java:run(106)) - 28f77823-de9e-44cc-bd18-5b415144a5bf:group-9568B94661FF changes to CANDIDATE, lastRpcTime:5095, electionTimeout:5095ms
2019-09-19 09:40:52,045 [Thread-414] INFO  impl.RoleInfo (RoleInfo.java:shutdownFollowerState(121)) - 28f77823-de9e-44cc-bd18-5b415144a5bf: shutdown FollowerState
2019-09-19 09:40:52,045 [Thread-414] INFO  impl.RaftServerImpl (RaftServerImpl.java:setRole(171)) - 28f77823-de9e-44cc-bd18-5b415144a5bf:group-9568B94661FF changes role from FOLLOWER to CANDIDATE at term 0 for changeToCandidate
2019-09-19 09:40:52,045 [Thread-414] INFO  impl.RoleInfo (RoleInfo.java:updateAndGet(143)) - 28f77823-de9e-44cc-bd18-5b415144a5bf: start LeaderElection
2019-09-19 09:40:52,054 [28f77823-de9e-44cc-bd18-5b415144a5bf:group-9568B94661FF:LeaderElection42] INFO  impl.LeaderElection (LeaderElection.java:askForVotes(181)) - 28f77823-de9e-44cc-bd18-5b415144a5bf:group-9568B94661FF:LeaderElection42: begin an election at term 1 for -1: [28f77823-de9e-44cc-bd18-5b415144a5bf:192.168.34.5:41344], old=null
2019-09-19 09:40:52,055 [28f77823-de9e-44cc-bd18-5b415144a5bf:group-9568B94661FF:LeaderElection42] INFO  impl.RoleInfo (RoleInfo.java:shutdownLeaderElection(134)) - 28f77823-de9e-44cc-bd18-5b415144a5bf: shutdown LeaderElection
2019-09-19 09:40:52,055 [28f77823-de9e-44cc-bd18-5b415144a5bf:group-9568B94661FF:LeaderElection42] INFO  impl.RaftServerImpl (RaftServerImpl.java:setRole(171)) - 28f77823-de9e-44cc-bd18-5b415144a5bf:group-9568B94661FF changes role from CANDIDATE to LEADER at term 1 for changeToLeader
2019-09-19 09:40:52,055 [28f77823-de9e-44cc-bd18-5b415144a5bf:group-9568B94661FF:LeaderElection42] INFO  impl.RaftServerImpl (ServerState.java:setLeader(263)) - 28f77823-de9e-44cc-bd18-5b415144a5bf:group-9568B94661FF change Leader from null to 28f77823-de9e-44cc-bd18-5b415144a5bf at term 1 for becomeLeader, leader elected after 5110ms
2019-09-19 09:40:52,055 [28f77823-de9e-44cc-bd18-5b415144a5bf:group-9568B94661FF:LeaderElection42] INFO  server.RaftServerConfigKeys (ConfUtils.java:logGet(43)) - raft.server.staging.catchup.gap = 1000 (default)
2019-09-19 09:40:52,055 [28f77823-de9e-44cc-bd18-5b415144a5bf:group-9568B94661FF:LeaderElection42] INFO  server.RaftServerConfigKeys (ConfUtils.java:logGet(43)) - raft.server.rpc.sleep.time = 25ms (default)
2019-09-19 09:40:52,056 [28f77823-de9e-44cc-bd18-5b415144a5bf:group-9568B94661FF:LeaderElection42] INFO  server.RaftServerConfigKeys (ConfUtils.java:logGet(43)) - raft.server.write.element-limit = 4096 (default)
2019-09-19 09:40:52,056 [28f77823-de9e-44cc-bd18-5b415144a5bf:group-9568B94661FF:LeaderElection42] INFO  server.RaftServerConfigKeys (ConfUtils.java:logGet(43)) - raft.server.watch.timeout = 10s (default)
2019-09-19 09:40:52,056 [Thread-411] INFO  impl.FollowerState (FollowerState.java:run(106)) - 00cd5ee6-30a6-4c0a-bb6c-a5a65ddde9fb:group-BF851F5FA283 changes to CANDIDATE, lastRpcTime:5179, electionTimeout:5179ms
2019-09-19 09:40:52,056 [28f77823-de9e-44cc-bd18-5b415144a5bf:group-9568B94661FF:LeaderElection42] INFO  server.RaftServerConfigKeys (ConfUtils.java:logGet(43)) - raft.server.watch.timeout.denomination = 1s (default)
2019-09-19 09:40:52,056 [Thread-411] INFO  impl.RoleInfo (RoleInfo.java:shutdownFollowerState(121)) - 00cd5ee6-30a6-4c0a-bb6c-a5a65ddde9fb: shutdown FollowerState
2019-09-19 09:40:52,056 [28f77823-de9e-44cc-bd18-5b415144a5bf:group-9568B94661FF:LeaderElection42] INFO  server.RaftServerConfigKeys (ConfUtils.java:logGet(43)) - raft.server.watch.element-limit = 65536 (default)
2019-09-19 09:40:52,056 [Thread-411] INFO  impl.RaftServerImpl (RaftServerImpl.java:setRole(171)) - 00cd5ee6-30a6-4c0a-bb6c-a5a65ddde9fb:group-BF851F5FA283 changes role from FOLLOWER to CANDIDATE at term 0 for changeToCandidate
2019-09-19 09:40:52,057 [28f77823-de9e-44cc-bd18-5b415144a5bf:group-9568B94661FF:LeaderElection42] INFO  impl.RoleInfo (RoleInfo.java:updateAndGet(143)) - 28f77823-de9e-44cc-bd18-5b415144a5bf: start LeaderState
2019-09-19 09:40:52,057 [Thread-411] INFO  impl.RoleInfo (RoleInfo.java:updateAndGet(143)) - 00cd5ee6-30a6-4c0a-bb6c-a5a65ddde9fb: start LeaderElection
2019-09-19 09:40:52,057 [28f77823-de9e-44cc-bd18-5b415144a5bf:group-9568B94661FF:LeaderElection42] INFO  segmented.SegmentedRaftLogWorker (SegmentedRaftLogWorker.java:startLogSegment(380)) - 28f77823-de9e-44cc-bd18-5b415144a5bf-SegmentedRaftLogWorker:Storage Directory /workdir/hadoop-ozone/ozonefs/target/test-dir/MiniOzoneClusterImpl-21ed0f53-0413-44c7-8609-f438100532e5/datanode-1/data/ratis/eba8a981-55a0-4fc5-90a9-9568b94661ff: Starting segment from index:0
2019-09-19 09:40:52,058 [28f77823-de9e-44cc-bd18-5b415144a5bf:group-9568B94661FF:LeaderElection42] INFO  impl.RaftServerImpl (ServerState.java:setRaftConf(361)) - 28f77823-de9e-44cc-bd18-5b415144a5bf:group-9568B94661FF set configuration 0: [28f77823-de9e-44cc-bd18-5b415144a5bf:192.168.34.5:41344], old=null at 0
2019-09-19 09:40:52,061 [Thread-420] INFO  impl.FollowerState (FollowerState.java:run(106)) - 1cd79902-2a06-4a3f-8023-3eba64f51293:group-3B39ACC2B09E changes to CANDIDATE, lastRpcTime:5014, electionTimeout:5014ms
2019-09-19 09:40:52,061 [Thread-420] INFO  impl.RoleInfo (RoleInfo.java:shutdownFollowerState(121)) - 1cd79902-2a06-4a3f-8023-3eba64f51293: shutdown FollowerState
2019-09-19 09:40:52,061 [Thread-420] INFO  impl.RaftServerImpl (RaftServerImpl.java:setRole(171)) - 1cd79902-2a06-4a3f-8023-3eba64f51293:group-3B39ACC2B09E changes role from FOLLOWER to CANDIDATE at term 0 for changeToCandidate
2019-09-19 09:40:52,061 [Thread-420] INFO  impl.RoleInfo (RoleInfo.java:updateAndGet(143)) - 1cd79902-2a06-4a3f-8023-3eba64f51293: start LeaderElection
2019-09-19 09:40:52,071 [1cd79902-2a06-4a3f-8023-3eba64f51293:group-3B39ACC2B09E:LeaderElection44] INFO  impl.LeaderElection (LeaderElection.java:askForVotes(181)) - 1cd79902-2a06-4a3f-8023-3eba64f51293:group-3B39ACC2B09E:LeaderElection44: begin an election at term 1 for -1: [1cd79902-2a06-4a3f-8023-3eba64f51293:192.168.34.5:43611], old=null
2019-09-19 09:40:52,071 [00cd5ee6-30a6-4c0a-bb6c-a5a65ddde9fb:group-BF851F5FA283:LeaderElection43] INFO  impl.LeaderElection (LeaderElection.java:askForVotes(181)) - 00cd5ee6-30a6-4c0a-bb6c-a5a65ddde9fb:group-BF851F5FA283:LeaderElection43: begin an election at term 1 for -1: [00cd5ee6-30a6-4c0a-bb6c-a5a65ddde9fb:192.168.34.5:39741], old=null
2019-09-19 09:40:52,071 [1cd79902-2a06-4a3f-8023-3eba64f51293:group-3B39ACC2B09E:LeaderElection44] INFO  impl.RoleInfo (RoleInfo.java:shutdownLeaderElection(134)) - 1cd79902-2a06-4a3f-8023-3eba64f51293: shutdown LeaderElection
2019-09-19 09:40:52,071 [00cd5ee6-30a6-4c0a-bb6c-a5a65ddde9fb:group-BF851F5FA283:LeaderElection43] INFO  impl.RoleInfo (RoleInfo.java:shutdownLeaderElection(134)) - 00cd5ee6-30a6-4c0a-bb6c-a5a65ddde9fb: shutdown LeaderElection
2019-09-19 09:40:52,071 [1cd79902-2a06-4a3f-8023-3eba64f51293:group-3B39ACC2B09E:LeaderElection44] INFO  impl.RaftServerImpl (RaftServerImpl.java:setRole(171)) - 1cd79902-2a06-4a3f-8023-3eba64f51293:group-3B39ACC2B09E changes role from CANDIDATE to LEADER at term 1 for changeToLeader
2019-09-19 09:40:52,072 [00cd5ee6-30a6-4c0a-bb6c-a5a65ddde9fb:group-BF851F5FA283:LeaderElection43] INFO  impl.RaftServerImpl (RaftServerImpl.java:setRole(171)) - 00cd5ee6-30a6-4c0a-bb6c-a5a65ddde9fb:group-BF851F5FA283 changes role from CANDIDATE to LEADER at term 1 for changeToLeader
2019-09-19 09:40:52,072 [1cd79902-2a06-4a3f-8023-3eba64f51293:group-3B39ACC2B09E:LeaderElection44] INFO  impl.RaftServerImpl (ServerState.java:setLeader(263)) - 1cd79902-2a06-4a3f-8023-3eba64f51293:group-3B39ACC2B09E change Leader from null to 1cd79902-2a06-4a3f-8023-3eba64f51293 at term 1 for becomeLeader, leader elected after 5031ms
2019-09-19 09:40:52,072 [00cd5ee6-30a6-4c0a-bb6c-a5a65ddde9fb:group-BF851F5FA283:LeaderElection43] INFO  impl.RaftServerImpl (ServerState.java:setLeader(263)) - 00cd5ee6-30a6-4c0a-bb6c-a5a65ddde9fb:group-BF851F5FA283 change Leader from null to 00cd5ee6-30a6-4c0a-bb6c-a5a65ddde9fb at term 1 for becomeLeader, leader elected after 5198ms
2019-09-19 09:40:52,072 [1cd79902-2a06-4a3f-8023-3eba64f51293:group-3B39ACC2B09E:LeaderElection44] INFO  server.RaftServerConfigKeys (ConfUtils.java:logGet(43)) - raft.server.staging.catchup.gap = 1000 (default)
2019-09-19 09:40:52,072 [00cd5ee6-30a6-4c0a-bb6c-a5a65ddde9fb:group-BF851F5FA283:LeaderElection43] INFO  server.RaftServerConfigKeys (ConfUtils.java:logGet(43)) - raft.server.staging.catchup.gap = 1000 (default)
2019-09-19 09:40:52,072 [1cd79902-2a06-4a3f-8023-3eba64f51293:group-3B39ACC2B09E:LeaderElection44] INFO  server.RaftServerConfigKeys (ConfUtils.java:logGet(43)) - raft.server.rpc.sleep.time = 25ms (default)
2019-09-19 09:40:52,072 [00cd5ee6-30a6-4c0a-bb6c-a5a65ddde9fb:group-BF851F5FA283:LeaderElection43] INFO  server.RaftServerConfigKeys (ConfUtils.java:logGet(43)) - raft.server.rpc.sleep.time = 25ms (default)
2019-09-19 09:40:52,073 [1cd79902-2a06-4a3f-8023-3eba64f51293:group-3B39ACC2B09E:LeaderElection44] INFO  server.RaftServerConfigKeys (ConfUtils.java:logGet(43)) - raft.server.write.element-limit = 4096 (default)
2019-09-19 09:40:52,073 [00cd5ee6-30a6-4c0a-bb6c-a5a65ddde9fb:group-BF851F5FA283:LeaderElection43] INFO  server.RaftServerConfigKeys (ConfUtils.java:logGet(43)) - raft.server.write.element-limit = 4096 (default)
2019-09-19 09:40:52,073 [1cd79902-2a06-4a3f-8023-3eba64f51293:group-3B39ACC2B09E:LeaderElection44] INFO  server.RaftServerConfigKeys (ConfUtils.java:logGet(43)) - raft.server.watch.timeout = 10s (default)
2019-09-19 09:40:52,073 [00cd5ee6-30a6-4c0a-bb6c-a5a65ddde9fb:group-BF851F5FA283:LeaderElection43] INFO  server.RaftServerConfigKeys (ConfUtils.java:logGet(43)) - raft.server.watch.timeout = 10s (default)
2019-09-19 09:40:52,073 [1cd79902-2a06-4a3f-8023-3eba64f51293:group-3B39ACC2B09E:LeaderElection44] INFO  server.RaftServerConfigKeys (ConfUtils.java:logGet(43)) - raft.server.watch.timeout.denomination = 1s (default)
2019-09-19 09:40:52,073 [00cd5ee6-30a6-4c0a-bb6c-a5a65ddde9fb:group-BF851F5FA283:LeaderElection43] INFO  server.RaftServerConfigKeys (ConfUtils.java:logGet(43)) - raft.server.watch.timeout.denomination = 1s (default)
2019-09-19 09:40:52,074 [1cd79902-2a06-4a3f-8023-3eba64f51293:group-3B39ACC2B09E:LeaderElection44] INFO  server.RaftServerConfigKeys (ConfUtils.java:logGet(43)) - raft.server.watch.element-limit = 65536 (default)
2019-09-19 09:40:52,074 [00cd5ee6-30a6-4c0a-bb6c-a5a65ddde9fb:group-BF851F5FA283:LeaderElection43] INFO  server.RaftServerConfigKeys (ConfUtils.java:logGet(43)) - raft.server.watch.element-limit = 65536 (default)
2019-09-19 09:40:52,074 [1cd79902-2a06-4a3f-8023-3eba64f51293:group-3B39ACC2B09E:LeaderElection44] INFO  impl.RoleInfo (RoleInfo.java:updateAndGet(143)) - 1cd79902-2a06-4a3f-8023-3eba64f51293: start LeaderState
2019-09-19 09:40:52,074 [00cd5ee6-30a6-4c0a-bb6c-a5a65ddde9fb:group-BF851F5FA283:LeaderElection43] INFO  impl.RoleInfo (RoleInfo.java:updateAndGet(143)) - 00cd5ee6-30a6-4c0a-bb6c-a5a65ddde9fb: start LeaderState
2019-09-19 09:40:52,074 [1cd79902-2a06-4a3f-8023-3eba64f51293:group-3B39ACC2B09E:LeaderElection44] INFO  segmented.SegmentedRaftLogWorker (SegmentedRaftLogWorker.java:startLogSegment(380)) - 1cd79902-2a06-4a3f-8023-3eba64f51293-SegmentedRaftLogWorker:Storage Directory /workdir/hadoop-ozone/ozonefs/target/test-dir/MiniOzoneClusterImpl-21ed0f53-0413-44c7-8609-f438100532e5/datanode-5/data/ratis/016e4b9c-0077-4c3f-a184-3b39acc2b09e: Starting segment from index:0
2019-09-19 09:40:52,074 [00cd5ee6-30a6-4c0a-bb6c-a5a65ddde9fb:group-BF851F5FA283:LeaderElection43] INFO  segmented.SegmentedRaftLogWorker (SegmentedRaftLogWorker.java:startLogSegment(380)) - 00cd5ee6-30a6-4c0a-bb6c-a5a65ddde9fb-SegmentedRaftLogWorker:Storage Directory /workdir/hadoop-ozone/ozonefs/target/test-dir/MiniOzoneClusterImpl-21ed0f53-0413-44c7-8609-f438100532e5/datanode-8/data/ratis/a4d1941d-feb9-495d-bdfd-bf851f5fa283: Starting segment from index:0
2019-09-19 09:40:52,075 [1cd79902-2a06-4a3f-8023-3eba64f51293:group-3B39ACC2B09E:LeaderElection44] INFO  impl.RaftServerImpl (ServerState.java:setRaftConf(361)) - 1cd79902-2a06-4a3f-8023-3eba64f51293:group-3B39ACC2B09E set configuration 0: [1cd79902-2a06-4a3f-8023-3eba64f51293:192.168.34.5:43611], old=null at 0
2019-09-19 09:40:52,075 [00cd5ee6-30a6-4c0a-bb6c-a5a65ddde9fb:group-BF851F5FA283:LeaderElection43] INFO  impl.RaftServerImpl (ServerState.java:setRaftConf(361)) - 00cd5ee6-30a6-4c0a-bb6c-a5a65ddde9fb:group-BF851F5FA283 set configuration 0: [00cd5ee6-30a6-4c0a-bb6c-a5a65ddde9fb:192.168.34.5:39741], old=null at 0
2019-09-19 09:40:52,076 [Thread-417] INFO  impl.FollowerState (FollowerState.java:run(106)) - d87be78c-f122-4471-b781-d01263e91835:group-ED7CD127AACE changes to CANDIDATE, lastRpcTime:5076, electionTimeout:5076ms
2019-09-19 09:40:52,076 [Thread-417] INFO  impl.RoleInfo (RoleInfo.java:shutdownFollowerState(121)) - d87be78c-f122-4471-b781-d01263e91835: shutdown FollowerState
2019-09-19 09:40:52,076 [Thread-417] INFO  impl.RaftServerImpl (RaftServerImpl.java:setRole(171)) - d87be78c-f122-4471-b781-d01263e91835:group-ED7CD127AACE changes role from FOLLOWER to CANDIDATE at term 0 for changeToCandidate
2019-09-19 09:40:52,076 [Thread-417] INFO  impl.RoleInfo (RoleInfo.java:updateAndGet(143)) - d87be78c-f122-4471-b781-d01263e91835: start LeaderElection
2019-09-19 09:40:52,090 [d87be78c-f122-4471-b781-d01263e91835:group-ED7CD127AACE:LeaderElection45] INFO  impl.LeaderElection (LeaderElection.java:askForVotes(181)) - d87be78c-f122-4471-b781-d01263e91835:group-ED7CD127AACE:LeaderElection45: begin an election at term 1 for -1: [d87be78c-f122-4471-b781-d01263e91835:192.168.34.5:39992], old=null
2019-09-19 09:40:52,091 [d87be78c-f122-4471-b781-d01263e91835:group-ED7CD127AACE:LeaderElection45] INFO  impl.RoleInfo (RoleInfo.java:shutdownLeaderElection(134)) - d87be78c-f122-4471-b781-d01263e91835: shutdown LeaderElection
2019-09-19 09:40:52,091 [d87be78c-f122-4471-b781-d01263e91835:group-ED7CD127AACE:LeaderElection45] INFO  impl.RaftServerImpl (RaftServerImpl.java:setRole(171)) - d87be78c-f122-4471-b781-d01263e91835:group-ED7CD127AACE changes role from CANDIDATE to LEADER at term 1 for changeToLeader
2019-09-19 09:40:52,091 [d87be78c-f122-4471-b781-d01263e91835:group-ED7CD127AACE:LeaderElection45] INFO  impl.RaftServerImpl (ServerState.java:setLeader(263)) - d87be78c-f122-4471-b781-d01263e91835:group-ED7CD127AACE change Leader from null to d87be78c-f122-4471-b781-d01263e91835 at term 1 for becomeLeader, leader elected after 5098ms
2019-09-19 09:40:52,091 [d87be78c-f122-4471-b781-d01263e91835:group-ED7CD127AACE:LeaderElection45] INFO  server.RaftServerConfigKeys (ConfUtils.java:logGet(43)) - raft.server.staging.catchup.gap = 1000 (default)
2019-09-19 09:40:52,091 [d87be78c-f122-4471-b781-d01263e91835:group-ED7CD127AACE:LeaderElection45] INFO  server.RaftServerConfigKeys (ConfUtils.java:logGet(43)) - raft.server.rpc.sleep.time = 25ms (default)
2019-09-19 09:40:52,092 [d87be78c-f122-4471-b781-d01263e91835:group-ED7CD127AACE:LeaderElection45] INFO  server.RaftServerConfigKeys (ConfUtils.java:logGet(43)) - raft.server.write.element-limit = 4096 (default)
2019-09-19 09:40:52,092 [d87be78c-f122-4471-b781-d01263e91835:group-ED7CD127AACE:LeaderElection45] INFO  server.RaftServerConfigKeys (ConfUtils.java:logGet(43)) - raft.server.watch.timeout = 10s (default)
2019-09-19 09:40:52,092 [d87be78c-f122-4471-b781-d01263e91835:group-ED7CD127AACE:LeaderElection45] INFO  server.RaftServerConfigKeys (ConfUtils.java:logGet(43)) - raft.server.watch.timeout.denomination = 1s (default)
2019-09-19 09:40:52,092 [d87be78c-f122-4471-b781-d01263e91835:group-ED7CD127AACE:LeaderElection45] INFO  server.RaftServerConfigKeys (ConfUtils.java:logGet(43)) - raft.server.watch.element-limit = 65536 (default)
2019-09-19 09:40:52,092 [d87be78c-f122-4471-b781-d01263e91835:group-ED7CD127AACE:LeaderElection45] INFO  impl.RoleInfo (RoleInfo.java:updateAndGet(143)) - d87be78c-f122-4471-b781-d01263e91835: start LeaderState
2019-09-19 09:40:52,093 [d87be78c-f122-4471-b781-d01263e91835:group-ED7CD127AACE:LeaderElection45] INFO  segmented.SegmentedRaftLogWorker (SegmentedRaftLogWorker.java:startLogSegment(380)) - d87be78c-f122-4471-b781-d01263e91835-SegmentedRaftLogWorker:Storage Directory /workdir/hadoop-ozone/ozonefs/target/test-dir/MiniOzoneClusterImpl-21ed0f53-0413-44c7-8609-f438100532e5/datanode-3/data/ratis/e36717d3-098a-4bae-9917-ed7cd127aace: Starting segment from index:0
2019-09-19 09:40:52,093 [d87be78c-f122-4471-b781-d01263e91835:group-ED7CD127AACE:LeaderElection45] INFO  impl.RaftServerImpl (ServerState.java:setRaftConf(361)) - d87be78c-f122-4471-b781-d01263e91835:group-ED7CD127AACE set configuration 0: [d87be78c-f122-4471-b781-d01263e91835:192.168.34.5:39992], old=null at 0
2019-09-19 09:40:52,112 | INFO  | SCMAudit | user=jenkins1000 | ip=192.168.34.5 | op=SEND_HEARTBEAT {datanodeUUID=7076406d-aee0-4126-8bab-f0c87a3fcebd, command=[]} | ret=SUCCESS |  
2019-09-19 09:40:52,117 [1cd79902-2a06-4a3f-8023-3eba64f51293-SegmentedRaftLogWorker:Storage Directory /workdir/hadoop-ozone/ozonefs/target/test-dir/MiniOzoneClusterImpl-21ed0f53-0413-44c7-8609-f438100532e5/datanode-5/data/ratis/016e4b9c-0077-4c3f-a184-3b39acc2b09e] INFO  segmented.SegmentedRaftLogWorker (SegmentedRaftLogWorker.java:execute(569)) - 1cd79902-2a06-4a3f-8023-3eba64f51293-SegmentedRaftLogWorker:Storage Directory /workdir/hadoop-ozone/ozonefs/target/test-dir/MiniOzoneClusterImpl-21ed0f53-0413-44c7-8609-f438100532e5/datanode-5/data/ratis/016e4b9c-0077-4c3f-a184-3b39acc2b09e: created new log segment /workdir/hadoop-ozone/ozonefs/target/test-dir/MiniOzoneClusterImpl-21ed0f53-0413-44c7-8609-f438100532e5/datanode-5/data/ratis/016e4b9c-0077-4c3f-a184-3b39acc2b09e/current/log_inprogress_0
2019-09-19 09:40:52,117 [28f77823-de9e-44cc-bd18-5b415144a5bf-SegmentedRaftLogWorker:Storage Directory /workdir/hadoop-ozone/ozonefs/target/test-dir/MiniOzoneClusterImpl-21ed0f53-0413-44c7-8609-f438100532e5/datanode-1/data/ratis/eba8a981-55a0-4fc5-90a9-9568b94661ff] INFO  segmented.SegmentedRaftLogWorker (SegmentedRaftLogWorker.java:execute(569)) - 28f77823-de9e-44cc-bd18-5b415144a5bf-SegmentedRaftLogWorker:Storage Directory /workdir/hadoop-ozone/ozonefs/target/test-dir/MiniOzoneClusterImpl-21ed0f53-0413-44c7-8609-f438100532e5/datanode-1/data/ratis/eba8a981-55a0-4fc5-90a9-9568b94661ff: created new log segment /workdir/hadoop-ozone/ozonefs/target/test-dir/MiniOzoneClusterImpl-21ed0f53-0413-44c7-8609-f438100532e5/datanode-1/data/ratis/eba8a981-55a0-4fc5-90a9-9568b94661ff/current/log_inprogress_0
2019-09-19 09:40:52,117 [00cd5ee6-30a6-4c0a-bb6c-a5a65ddde9fb-SegmentedRaftLogWorker:Storage Directory /workdir/hadoop-ozone/ozonefs/target/test-dir/MiniOzoneClusterImpl-21ed0f53-0413-44c7-8609-f438100532e5/datanode-8/data/ratis/a4d1941d-feb9-495d-bdfd-bf851f5fa283] INFO  segmented.SegmentedRaftLogWorker (SegmentedRaftLogWorker.java:execute(569)) - 00cd5ee6-30a6-4c0a-bb6c-a5a65ddde9fb-SegmentedRaftLogWorker:Storage Directory /workdir/hadoop-ozone/ozonefs/target/test-dir/MiniOzoneClusterImpl-21ed0f53-0413-44c7-8609-f438100532e5/datanode-8/data/ratis/a4d1941d-feb9-495d-bdfd-bf851f5fa283: created new log segment /workdir/hadoop-ozone/ozonefs/target/test-dir/MiniOzoneClusterImpl-21ed0f53-0413-44c7-8609-f438100532e5/datanode-8/data/ratis/a4d1941d-feb9-495d-bdfd-bf851f5fa283/current/log_inprogress_0
2019-09-19 09:40:52,125 [Thread-423] INFO  impl.FollowerState (FollowerState.java:run(106)) - 7076406d-aee0-4126-8bab-f0c87a3fcebd:group-A6CABADCA9FA changes to CANDIDATE, lastRpcTime:5016, electionTimeout:5016ms
2019-09-19 09:40:52,125 [Thread-423] INFO  impl.RoleInfo (RoleInfo.java:shutdownFollowerState(121)) - 7076406d-aee0-4126-8bab-f0c87a3fcebd: shutdown FollowerState
2019-09-19 09:40:52,125 [Thread-423] INFO  impl.RaftServerImpl (RaftServerImpl.java:setRole(171)) - 7076406d-aee0-4126-8bab-f0c87a3fcebd:group-A6CABADCA9FA changes role from FOLLOWER to CANDIDATE at term 0 for changeToCandidate
2019-09-19 09:40:52,125 [Thread-423] INFO  impl.RoleInfo (RoleInfo.java:updateAndGet(143)) - 7076406d-aee0-4126-8bab-f0c87a3fcebd: start LeaderElection
2019-09-19 09:40:52,131 [d87be78c-f122-4471-b781-d01263e91835-SegmentedRaftLogWorker:Storage Directory /workdir/hadoop-ozone/ozonefs/target/test-dir/MiniOzoneClusterImpl-21ed0f53-0413-44c7-8609-f438100532e5/datanode-3/data/ratis/e36717d3-098a-4bae-9917-ed7cd127aace] INFO  segmented.SegmentedRaftLogWorker (SegmentedRaftLogWorker.java:execute(569)) - d87be78c-f122-4471-b781-d01263e91835-SegmentedRaftLogWorker:Storage Directory /workdir/hadoop-ozone/ozonefs/target/test-dir/MiniOzoneClusterImpl-21ed0f53-0413-44c7-8609-f438100532e5/datanode-3/data/ratis/e36717d3-098a-4bae-9917-ed7cd127aace: created new log segment /workdir/hadoop-ozone/ozonefs/target/test-dir/MiniOzoneClusterImpl-21ed0f53-0413-44c7-8609-f438100532e5/datanode-3/data/ratis/e36717d3-098a-4bae-9917-ed7cd127aace/current/log_inprogress_0
2019-09-19 09:40:52,131 [7076406d-aee0-4126-8bab-f0c87a3fcebd:group-A6CABADCA9FA:LeaderElection46] INFO  impl.LeaderElection (LeaderElection.java:askForVotes(181)) - 7076406d-aee0-4126-8bab-f0c87a3fcebd:group-A6CABADCA9FA:LeaderElection46: begin an election at term 1 for -1: [7076406d-aee0-4126-8bab-f0c87a3fcebd:192.168.34.5:33583], old=null
2019-09-19 09:40:52,131 [7076406d-aee0-4126-8bab-f0c87a3fcebd:group-A6CABADCA9FA:LeaderElection46] INFO  impl.RoleInfo (RoleInfo.java:shutdownLeaderElection(134)) - 7076406d-aee0-4126-8bab-f0c87a3fcebd: shutdown LeaderElection
2019-09-19 09:40:52,131 [7076406d-aee0-4126-8bab-f0c87a3fcebd:group-A6CABADCA9FA:LeaderElection46] INFO  impl.RaftServerImpl (RaftServerImpl.java:setRole(171)) - 7076406d-aee0-4126-8bab-f0c87a3fcebd:group-A6CABADCA9FA changes role from CANDIDATE to LEADER at term 1 for changeToLeader
2019-09-19 09:40:52,131 [7076406d-aee0-4126-8bab-f0c87a3fcebd:group-A6CABADCA9FA:LeaderElection46] INFO  impl.RaftServerImpl (ServerState.java:setLeader(263)) - 7076406d-aee0-4126-8bab-f0c87a3fcebd:group-A6CABADCA9FA change Leader from null to 7076406d-aee0-4126-8bab-f0c87a3fcebd at term 1 for becomeLeader, leader elected after 5029ms
2019-09-19 09:40:52,131 [7076406d-aee0-4126-8bab-f0c87a3fcebd:group-A6CABADCA9FA:LeaderElection46] INFO  server.RaftServerConfigKeys (ConfUtils.java:logGet(43)) - raft.server.staging.catchup.gap = 1000 (default)
2019-09-19 09:40:52,131 [7076406d-aee0-4126-8bab-f0c87a3fcebd:group-A6CABADCA9FA:LeaderElection46] INFO  server.RaftServerConfigKeys (ConfUtils.java:logGet(43)) - raft.server.rpc.sleep.time = 25ms (default)
2019-09-19 09:40:52,132 [7076406d-aee0-4126-8bab-f0c87a3fcebd:group-A6CABADCA9FA:LeaderElection46] INFO  server.RaftServerConfigKeys (ConfUtils.java:logGet(43)) - raft.server.write.element-limit = 4096 (default)
2019-09-19 09:40:52,132 [7076406d-aee0-4126-8bab-f0c87a3fcebd:group-A6CABADCA9FA:LeaderElection46] INFO  server.RaftServerConfigKeys (ConfUtils.java:logGet(43)) - raft.server.watch.timeout = 10s (default)
2019-09-19 09:40:52,132 [7076406d-aee0-4126-8bab-f0c87a3fcebd:group-A6CABADCA9FA:LeaderElection46] INFO  server.RaftServerConfigKeys (ConfUtils.java:logGet(43)) - raft.server.watch.timeout.denomination = 1s (default)
2019-09-19 09:40:52,132 [7076406d-aee0-4126-8bab-f0c87a3fcebd:group-A6CABADCA9FA:LeaderElection46] INFO  server.RaftServerConfigKeys (ConfUtils.java:logGet(43)) - raft.server.watch.element-limit = 65536 (default)
2019-09-19 09:40:52,132 [7076406d-aee0-4126-8bab-f0c87a3fcebd:group-A6CABADCA9FA:LeaderElection46] INFO  impl.RoleInfo (RoleInfo.java:updateAndGet(143)) - 7076406d-aee0-4126-8bab-f0c87a3fcebd: start LeaderState
2019-09-19 09:40:52,132 [7076406d-aee0-4126-8bab-f0c87a3fcebd:group-A6CABADCA9FA:LeaderElection46] INFO  segmented.SegmentedRaftLogWorker (SegmentedRaftLogWorker.java:startLogSegment(380)) - 7076406d-aee0-4126-8bab-f0c87a3fcebd-SegmentedRaftLogWorker:Storage Directory /workdir/hadoop-ozone/ozonefs/target/test-dir/MiniOzoneClusterImpl-21ed0f53-0413-44c7-8609-f438100532e5/datanode-7/data/ratis/ac0d811b-6b87-4fe7-be04-a6cabadca9fa: Starting segment from index:0
2019-09-19 09:40:52,133 [7076406d-aee0-4126-8bab-f0c87a3fcebd:group-A6CABADCA9FA:LeaderElection46] INFO  impl.RaftServerImpl (ServerState.java:setRaftConf(361)) - 7076406d-aee0-4126-8bab-f0c87a3fcebd:group-A6CABADCA9FA set configuration 0: [7076406d-aee0-4126-8bab-f0c87a3fcebd:192.168.34.5:33583], old=null at 0
2019-09-19 09:40:52,137 | INFO  | SCMAudit | user=jenkins1000 | ip=192.168.34.5 | op=SEND_HEARTBEAT {datanodeUUID=1bcbd64b-2199-49e1-86d3-4e4b64d88b4a, command=[]} | ret=SUCCESS |  
2019-09-19 09:40:52,180 [7076406d-aee0-4126-8bab-f0c87a3fcebd-SegmentedRaftLogWorker:Storage Directory /workdir/hadoop-ozone/ozonefs/target/test-dir/MiniOzoneClusterImpl-21ed0f53-0413-44c7-8609-f438100532e5/datanode-7/data/ratis/ac0d811b-6b87-4fe7-be04-a6cabadca9fa] INFO  segmented.SegmentedRaftLogWorker (SegmentedRaftLogWorker.java:execute(569)) - 7076406d-aee0-4126-8bab-f0c87a3fcebd-SegmentedRaftLogWorker:Storage Directory /workdir/hadoop-ozone/ozonefs/target/test-dir/MiniOzoneClusterImpl-21ed0f53-0413-44c7-8609-f438100532e5/datanode-7/data/ratis/ac0d811b-6b87-4fe7-be04-a6cabadca9fa: created new log segment /workdir/hadoop-ozone/ozonefs/target/test-dir/MiniOzoneClusterImpl-21ed0f53-0413-44c7-8609-f438100532e5/datanode-7/data/ratis/ac0d811b-6b87-4fe7-be04-a6cabadca9fa/current/log_inprogress_0
2019-09-19 09:40:52,182 [Thread-426] INFO  impl.FollowerState (FollowerState.java:run(106)) - 7076406d-aee0-4126-8bab-f0c87a3fcebd:group-1119B59856B7 changes to CANDIDATE, lastRpcTime:5018, electionTimeout:5018ms
2019-09-19 09:40:52,182 [Thread-426] INFO  impl.RoleInfo (RoleInfo.java:shutdownFollowerState(121)) - 7076406d-aee0-4126-8bab-f0c87a3fcebd: shutdown FollowerState
2019-09-19 09:40:52,182 [Thread-426] INFO  impl.RaftServerImpl (RaftServerImpl.java:setRole(171)) - 7076406d-aee0-4126-8bab-f0c87a3fcebd:group-1119B59856B7 changes role from FOLLOWER to CANDIDATE at term 0 for changeToCandidate
2019-09-19 09:40:52,182 [Thread-426] INFO  impl.RoleInfo (RoleInfo.java:updateAndGet(143)) - 7076406d-aee0-4126-8bab-f0c87a3fcebd: start LeaderElection
2019-09-19 09:40:52,194 [7076406d-aee0-4126-8bab-f0c87a3fcebd:group-1119B59856B7:LeaderElection47] INFO  impl.LeaderElection (LeaderElection.java:askForVotes(181)) - 7076406d-aee0-4126-8bab-f0c87a3fcebd:group-1119B59856B7:LeaderElection47: begin an election at term 1 for -1: [7076406d-aee0-4126-8bab-f0c87a3fcebd:192.168.34.5:33583], old=null
2019-09-19 09:40:52,194 [7076406d-aee0-4126-8bab-f0c87a3fcebd:group-1119B59856B7:LeaderElection47] INFO  impl.RoleInfo (RoleInfo.java:shutdownLeaderElection(134)) - 7076406d-aee0-4126-8bab-f0c87a3fcebd: shutdown LeaderElection
2019-09-19 09:40:52,194 [7076406d-aee0-4126-8bab-f0c87a3fcebd:group-1119B59856B7:LeaderElection47] INFO  impl.RaftServerImpl (RaftServerImpl.java:setRole(171)) - 7076406d-aee0-4126-8bab-f0c87a3fcebd:group-1119B59856B7 changes role from CANDIDATE to LEADER at term 1 for changeToLeader
2019-09-19 09:40:52,194 [7076406d-aee0-4126-8bab-f0c87a3fcebd:group-1119B59856B7:LeaderElection47] INFO  impl.RaftServerImpl (ServerState.java:setLeader(263)) - 7076406d-aee0-4126-8bab-f0c87a3fcebd:group-1119B59856B7 change Leader from null to 7076406d-aee0-4126-8bab-f0c87a3fcebd at term 1 for becomeLeader, leader elected after 5035ms
2019-09-19 09:40:52,195 [7076406d-aee0-4126-8bab-f0c87a3fcebd:group-1119B59856B7:LeaderElection47] INFO  server.RaftServerConfigKeys (ConfUtils.java:logGet(43)) - raft.server.staging.catchup.gap = 1000 (default)
2019-09-19 09:40:52,195 [7076406d-aee0-4126-8bab-f0c87a3fcebd:group-1119B59856B7:LeaderElection47] INFO  server.RaftServerConfigKeys (ConfUtils.java:logGet(43)) - raft.server.rpc.sleep.time = 25ms (default)
2019-09-19 09:40:52,195 [7076406d-aee0-4126-8bab-f0c87a3fcebd:group-1119B59856B7:LeaderElection47] INFO  server.RaftServerConfigKeys (ConfUtils.java:logGet(43)) - raft.server.write.element-limit = 4096 (default)
2019-09-19 09:40:52,195 [7076406d-aee0-4126-8bab-f0c87a3fcebd:group-1119B59856B7:LeaderElection47] INFO  server.RaftServerConfigKeys (ConfUtils.java:logGet(43)) - raft.server.watch.timeout = 10s (default)
2019-09-19 09:40:52,195 [7076406d-aee0-4126-8bab-f0c87a3fcebd:group-1119B59856B7:LeaderElection47] INFO  server.RaftServerConfigKeys (ConfUtils.java:logGet(43)) - raft.server.watch.timeout.denomination = 1s (default)
2019-09-19 09:40:52,195 [7076406d-aee0-4126-8bab-f0c87a3fcebd:group-1119B59856B7:LeaderElection47] INFO  server.RaftServerConfigKeys (ConfUtils.java:logGet(43)) - raft.server.watch.element-limit = 65536 (default)
2019-09-19 09:40:52,195 [7076406d-aee0-4126-8bab-f0c87a3fcebd:group-1119B59856B7:LeaderElection47] INFO  impl.RoleInfo (RoleInfo.java:updateAndGet(143)) - 7076406d-aee0-4126-8bab-f0c87a3fcebd: start LeaderState
2019-09-19 09:40:52,196 [7076406d-aee0-4126-8bab-f0c87a3fcebd:group-1119B59856B7:LeaderElection47] INFO  segmented.SegmentedRaftLogWorker (SegmentedRaftLogWorker.java:startLogSegment(380)) - 7076406d-aee0-4126-8bab-f0c87a3fcebd-SegmentedRaftLogWorker:Storage Directory /workdir/hadoop-ozone/ozonefs/target/test-dir/MiniOzoneClusterImpl-21ed0f53-0413-44c7-8609-f438100532e5/datanode-7/data/ratis/c5dd666e-6e47-4417-9110-1119b59856b7: Starting segment from index:0
2019-09-19 09:40:52,196 [7076406d-aee0-4126-8bab-f0c87a3fcebd:group-1119B59856B7:LeaderElection47] INFO  impl.RaftServerImpl (ServerState.java:setRaftConf(361)) - 7076406d-aee0-4126-8bab-f0c87a3fcebd:group-1119B59856B7 set configuration 0: [7076406d-aee0-4126-8bab-f0c87a3fcebd:192.168.34.5:33583], old=null at 0
2019-09-19 09:40:52,235 [7076406d-aee0-4126-8bab-f0c87a3fcebd-SegmentedRaftLogWorker:Storage Directory /workdir/hadoop-ozone/ozonefs/target/test-dir/MiniOzoneClusterImpl-21ed0f53-0413-44c7-8609-f438100532e5/datanode-7/data/ratis/c5dd666e-6e47-4417-9110-1119b59856b7] INFO  segmented.SegmentedRaftLogWorker (SegmentedRaftLogWorker.java:execute(569)) - 7076406d-aee0-4126-8bab-f0c87a3fcebd-SegmentedRaftLogWorker:Storage Directory /workdir/hadoop-ozone/ozonefs/target/test-dir/MiniOzoneClusterImpl-21ed0f53-0413-44c7-8609-f438100532e5/datanode-7/data/ratis/c5dd666e-6e47-4417-9110-1119b59856b7: created new log segment /workdir/hadoop-ozone/ozonefs/target/test-dir/MiniOzoneClusterImpl-21ed0f53-0413-44c7-8609-f438100532e5/datanode-7/data/ratis/c5dd666e-6e47-4417-9110-1119b59856b7/current/log_inprogress_0
2019-09-19 09:40:52,301 [Thread-429] INFO  impl.FollowerState (FollowerState.java:run(106)) - bb9d252a-546d-48b3-aabe-52964da86e48:group-2A18D4C34C3F changes to CANDIDATE, lastRpcTime:5084, electionTimeout:5084ms
2019-09-19 09:40:52,301 [Thread-429] INFO  impl.RoleInfo (RoleInfo.java:shutdownFollowerState(121)) - bb9d252a-546d-48b3-aabe-52964da86e48: shutdown FollowerState
2019-09-19 09:40:52,301 [Thread-429] INFO  impl.RaftServerImpl (RaftServerImpl.java:setRole(171)) - bb9d252a-546d-48b3-aabe-52964da86e48:group-2A18D4C34C3F changes role from FOLLOWER to CANDIDATE at term 0 for changeToCandidate
2019-09-19 09:40:52,301 [Thread-429] INFO  impl.RoleInfo (RoleInfo.java:updateAndGet(143)) - bb9d252a-546d-48b3-aabe-52964da86e48: start LeaderElection
2019-09-19 09:40:52,316 [bb9d252a-546d-48b3-aabe-52964da86e48:group-2A18D4C34C3F:LeaderElection48] INFO  impl.LeaderElection (LeaderElection.java:askForVotes(181)) - bb9d252a-546d-48b3-aabe-52964da86e48:group-2A18D4C34C3F:LeaderElection48: begin an election at term 1 for -1: [bb9d252a-546d-48b3-aabe-52964da86e48:192.168.34.5:44392], old=null
2019-09-19 09:40:52,316 [bb9d252a-546d-48b3-aabe-52964da86e48:group-2A18D4C34C3F:LeaderElection48] INFO  impl.RoleInfo (RoleInfo.java:shutdownLeaderElection(134)) - bb9d252a-546d-48b3-aabe-52964da86e48: shutdown LeaderElection
2019-09-19 09:40:52,316 [bb9d252a-546d-48b3-aabe-52964da86e48:group-2A18D4C34C3F:LeaderElection48] INFO  impl.RaftServerImpl (RaftServerImpl.java:setRole(171)) - bb9d252a-546d-48b3-aabe-52964da86e48:group-2A18D4C34C3F changes role from CANDIDATE to LEADER at term 1 for changeToLeader
2019-09-19 09:40:52,316 [bb9d252a-546d-48b3-aabe-52964da86e48:group-2A18D4C34C3F:LeaderElection48] INFO  impl.RaftServerImpl (ServerState.java:setLeader(263)) - bb9d252a-546d-48b3-aabe-52964da86e48:group-2A18D4C34C3F change Leader from null to bb9d252a-546d-48b3-aabe-52964da86e48 at term 1 for becomeLeader, leader elected after 5105ms
2019-09-19 09:40:52,317 [bb9d252a-546d-48b3-aabe-52964da86e48:group-2A18D4C34C3F:LeaderElection48] INFO  server.RaftServerConfigKeys (ConfUtils.java:logGet(43)) - raft.server.staging.catchup.gap = 1000 (default)
2019-09-19 09:40:52,317 [bb9d252a-546d-48b3-aabe-52964da86e48:group-2A18D4C34C3F:LeaderElection48] INFO  server.RaftServerConfigKeys (ConfUtils.java:logGet(43)) - raft.server.rpc.sleep.time = 25ms (default)
2019-09-19 09:40:52,317 [bb9d252a-546d-48b3-aabe-52964da86e48:group-2A18D4C34C3F:LeaderElection48] INFO  server.RaftServerConfigKeys (ConfUtils.java:logGet(43)) - raft.server.write.element-limit = 4096 (default)
2019-09-19 09:40:52,317 [bb9d252a-546d-48b3-aabe-52964da86e48:group-2A18D4C34C3F:LeaderElection48] INFO  server.RaftServerConfigKeys (ConfUtils.java:logGet(43)) - raft.server.watch.timeout = 10s (default)
2019-09-19 09:40:52,317 [bb9d252a-546d-48b3-aabe-52964da86e48:group-2A18D4C34C3F:LeaderElection48] INFO  server.RaftServerConfigKeys (ConfUtils.java:logGet(43)) - raft.server.watch.timeout.denomination = 1s (default)
2019-09-19 09:40:52,318 [bb9d252a-546d-48b3-aabe-52964da86e48:group-2A18D4C34C3F:LeaderElection48] INFO  server.RaftServerConfigKeys (ConfUtils.java:logGet(43)) - raft.server.watch.element-limit = 65536 (default)
2019-09-19 09:40:52,318 [bb9d252a-546d-48b3-aabe-52964da86e48:group-2A18D4C34C3F:LeaderElection48] INFO  impl.RoleInfo (RoleInfo.java:updateAndGet(143)) - bb9d252a-546d-48b3-aabe-52964da86e48: start LeaderState
2019-09-19 09:40:52,318 [bb9d252a-546d-48b3-aabe-52964da86e48:group-2A18D4C34C3F:LeaderElection48] INFO  segmented.SegmentedRaftLogWorker (SegmentedRaftLogWorker.java:startLogSegment(380)) - bb9d252a-546d-48b3-aabe-52964da86e48-SegmentedRaftLogWorker:Storage Directory /workdir/hadoop-ozone/ozonefs/target/test-dir/MiniOzoneClusterImpl-21ed0f53-0413-44c7-8609-f438100532e5/datanode-6/data/ratis/12e76ca6-41f0-489e-9c0f-2a18d4c34c3f: Starting segment from index:0
2019-09-19 09:40:52,319 [bb9d252a-546d-48b3-aabe-52964da86e48:group-2A18D4C34C3F:LeaderElection48] INFO  impl.RaftServerImpl (ServerState.java:setRaftConf(361)) - bb9d252a-546d-48b3-aabe-52964da86e48:group-2A18D4C34C3F set configuration 0: [bb9d252a-546d-48b3-aabe-52964da86e48:192.168.34.5:44392], old=null at 0
2019-09-19 09:40:52,323 [Thread-432] INFO  impl.FollowerState (FollowerState.java:run(106)) - 00cd5ee6-30a6-4c0a-bb6c-a5a65ddde9fb:group-4B0871050AB1 changes to CANDIDATE, lastRpcTime:5060, electionTimeout:5060ms
2019-09-19 09:40:52,323 [Thread-432] INFO  impl.RoleInfo (RoleInfo.java:shutdownFollowerState(121)) - 00cd5ee6-30a6-4c0a-bb6c-a5a65ddde9fb: shutdown FollowerState
2019-09-19 09:40:52,323 [Thread-432] INFO  impl.RaftServerImpl (RaftServerImpl.java:setRole(171)) - 00cd5ee6-30a6-4c0a-bb6c-a5a65ddde9fb:group-4B0871050AB1 changes role from FOLLOWER to CANDIDATE at term 0 for changeToCandidate
2019-09-19 09:40:52,323 [Thread-432] INFO  impl.RoleInfo (RoleInfo.java:updateAndGet(143)) - 00cd5ee6-30a6-4c0a-bb6c-a5a65ddde9fb: start LeaderElection
2019-09-19 09:40:52,338 [00cd5ee6-30a6-4c0a-bb6c-a5a65ddde9fb:group-4B0871050AB1:LeaderElection49] INFO  impl.LeaderElection (LeaderElection.java:askForVotes(181)) - 00cd5ee6-30a6-4c0a-bb6c-a5a65ddde9fb:group-4B0871050AB1:LeaderElection49: begin an election at term 1 for -1: [00cd5ee6-30a6-4c0a-bb6c-a5a65ddde9fb:192.168.34.5:39741], old=null
2019-09-19 09:40:52,338 [00cd5ee6-30a6-4c0a-bb6c-a5a65ddde9fb:group-4B0871050AB1:LeaderElection49] INFO  impl.RoleInfo (RoleInfo.java:shutdownLeaderElection(134)) - 00cd5ee6-30a6-4c0a-bb6c-a5a65ddde9fb: shutdown LeaderElection
2019-09-19 09:40:52,338 [00cd5ee6-30a6-4c0a-bb6c-a5a65ddde9fb:group-4B0871050AB1:LeaderElection49] INFO  impl.RaftServerImpl (RaftServerImpl.java:setRole(171)) - 00cd5ee6-30a6-4c0a-bb6c-a5a65ddde9fb:group-4B0871050AB1 changes role from CANDIDATE to LEADER at term 1 for changeToLeader
2019-09-19 09:40:52,338 [00cd5ee6-30a6-4c0a-bb6c-a5a65ddde9fb:group-4B0871050AB1:LeaderElection49] INFO  impl.RaftServerImpl (ServerState.java:setLeader(263)) - 00cd5ee6-30a6-4c0a-bb6c-a5a65ddde9fb:group-4B0871050AB1 change Leader from null to 00cd5ee6-30a6-4c0a-bb6c-a5a65ddde9fb at term 1 for becomeLeader, leader elected after 5080ms
2019-09-19 09:40:52,338 [00cd5ee6-30a6-4c0a-bb6c-a5a65ddde9fb:group-4B0871050AB1:LeaderElection49] INFO  server.RaftServerConfigKeys (ConfUtils.java:logGet(43)) - raft.server.staging.catchup.gap = 1000 (default)
2019-09-19 09:40:52,338 [00cd5ee6-30a6-4c0a-bb6c-a5a65ddde9fb:group-4B0871050AB1:LeaderElection49] INFO  server.RaftServerConfigKeys (ConfUtils.java:logGet(43)) - raft.server.rpc.sleep.time = 25ms (default)
2019-09-19 09:40:52,339 [00cd5ee6-30a6-4c0a-bb6c-a5a65ddde9fb:group-4B0871050AB1:LeaderElection49] INFO  server.RaftServerConfigKeys (ConfUtils.java:logGet(43)) - raft.server.write.element-limit = 4096 (default)
2019-09-19 09:40:52,339 [00cd5ee6-30a6-4c0a-bb6c-a5a65ddde9fb:group-4B0871050AB1:LeaderElection49] INFO  server.RaftServerConfigKeys (ConfUtils.java:logGet(43)) - raft.server.watch.timeout = 10s (default)
2019-09-19 09:40:52,339 [00cd5ee6-30a6-4c0a-bb6c-a5a65ddde9fb:group-4B0871050AB1:LeaderElection49] INFO  server.RaftServerConfigKeys (ConfUtils.java:logGet(43)) - raft.server.watch.timeout.denomination = 1s (default)
2019-09-19 09:40:52,339 [00cd5ee6-30a6-4c0a-bb6c-a5a65ddde9fb:group-4B0871050AB1:LeaderElection49] INFO  server.RaftServerConfigKeys (ConfUtils.java:logGet(43)) - raft.server.watch.element-limit = 65536 (default)
2019-09-19 09:40:52,339 [00cd5ee6-30a6-4c0a-bb6c-a5a65ddde9fb:group-4B0871050AB1:LeaderElection49] INFO  impl.RoleInfo (RoleInfo.java:updateAndGet(143)) - 00cd5ee6-30a6-4c0a-bb6c-a5a65ddde9fb: start LeaderState
2019-09-19 09:40:52,340 [00cd5ee6-30a6-4c0a-bb6c-a5a65ddde9fb:group-4B0871050AB1:LeaderElection49] INFO  segmented.SegmentedRaftLogWorker (SegmentedRaftLogWorker.java:startLogSegment(380)) - 00cd5ee6-30a6-4c0a-bb6c-a5a65ddde9fb-SegmentedRaftLogWorker:Storage Directory /workdir/hadoop-ozone/ozonefs/target/test-dir/MiniOzoneClusterImpl-21ed0f53-0413-44c7-8609-f438100532e5/datanode-8/data/ratis/4f17e949-e853-40fd-8ce4-4b0871050ab1: Starting segment from index:0
2019-09-19 09:40:52,340 [00cd5ee6-30a6-4c0a-bb6c-a5a65ddde9fb:group-4B0871050AB1:LeaderElection49] INFO  impl.RaftServerImpl (ServerState.java:setRaftConf(361)) - 00cd5ee6-30a6-4c0a-bb6c-a5a65ddde9fb:group-4B0871050AB1 set configuration 0: [00cd5ee6-30a6-4c0a-bb6c-a5a65ddde9fb:192.168.34.5:39741], old=null at 0
2019-09-19 09:40:52,355 [Thread-435] INFO  impl.FollowerState (FollowerState.java:run(106)) - bb9d252a-546d-48b3-aabe-52964da86e48:group-CB087BE321B1 changes to CANDIDATE, lastRpcTime:5034, electionTimeout:5034ms
2019-09-19 09:40:52,356 [Thread-435] INFO  impl.RoleInfo (RoleInfo.java:shutdownFollowerState(121)) - bb9d252a-546d-48b3-aabe-52964da86e48: shutdown FollowerState
2019-09-19 09:40:52,356 [Thread-435] INFO  impl.RaftServerImpl (RaftServerImpl.java:setRole(171)) - bb9d252a-546d-48b3-aabe-52964da86e48:group-CB087BE321B1 changes role from FOLLOWER to CANDIDATE at term 0 for changeToCandidate
2019-09-19 09:40:52,356 [Thread-435] INFO  impl.RoleInfo (RoleInfo.java:updateAndGet(143)) - bb9d252a-546d-48b3-aabe-52964da86e48: start LeaderElection
2019-09-19 09:40:52,365 [bb9d252a-546d-48b3-aabe-52964da86e48-SegmentedRaftLogWorker:Storage Directory /workdir/hadoop-ozone/ozonefs/target/test-dir/MiniOzoneClusterImpl-21ed0f53-0413-44c7-8609-f438100532e5/datanode-6/data/ratis/12e76ca6-41f0-489e-9c0f-2a18d4c34c3f] INFO  segmented.SegmentedRaftLogWorker (SegmentedRaftLogWorker.java:execute(569)) - bb9d252a-546d-48b3-aabe-52964da86e48-SegmentedRaftLogWorker:Storage Directory /workdir/hadoop-ozone/ozonefs/target/test-dir/MiniOzoneClusterImpl-21ed0f53-0413-44c7-8609-f438100532e5/datanode-6/data/ratis/12e76ca6-41f0-489e-9c0f-2a18d4c34c3f: created new log segment /workdir/hadoop-ozone/ozonefs/target/test-dir/MiniOzoneClusterImpl-21ed0f53-0413-44c7-8609-f438100532e5/datanode-6/data/ratis/12e76ca6-41f0-489e-9c0f-2a18d4c34c3f/current/log_inprogress_0
2019-09-19 09:40:52,365 [bb9d252a-546d-48b3-aabe-52964da86e48:group-CB087BE321B1:LeaderElection50] INFO  impl.LeaderElection (LeaderElection.java:askForVotes(181)) - bb9d252a-546d-48b3-aabe-52964da86e48:group-CB087BE321B1:LeaderElection50: begin an election at term 1 for -1: [bb9d252a-546d-48b3-aabe-52964da86e48:192.168.34.5:44392], old=null
2019-09-19 09:40:52,365 [bb9d252a-546d-48b3-aabe-52964da86e48:group-CB087BE321B1:LeaderElection50] INFO  impl.RoleInfo (RoleInfo.java:shutdownLeaderElection(134)) - bb9d252a-546d-48b3-aabe-52964da86e48: shutdown LeaderElection
2019-09-19 09:40:52,365 [bb9d252a-546d-48b3-aabe-52964da86e48:group-CB087BE321B1:LeaderElection50] INFO  impl.RaftServerImpl (RaftServerImpl.java:setRole(171)) - bb9d252a-546d-48b3-aabe-52964da86e48:group-CB087BE321B1 changes role from CANDIDATE to LEADER at term 1 for changeToLeader
2019-09-19 09:40:52,365 [bb9d252a-546d-48b3-aabe-52964da86e48:group-CB087BE321B1:LeaderElection50] INFO  impl.RaftServerImpl (ServerState.java:setLeader(263)) - bb9d252a-546d-48b3-aabe-52964da86e48:group-CB087BE321B1 change Leader from null to bb9d252a-546d-48b3-aabe-52964da86e48 at term 1 for becomeLeader, leader elected after 5049ms
2019-09-19 09:40:52,365 [bb9d252a-546d-48b3-aabe-52964da86e48:group-CB087BE321B1:LeaderElection50] INFO  server.RaftServerConfigKeys (ConfUtils.java:logGet(43)) - raft.server.staging.catchup.gap = 1000 (default)
2019-09-19 09:40:52,366 [bb9d252a-546d-48b3-aabe-52964da86e48:group-CB087BE321B1:LeaderElection50] INFO  server.RaftServerConfigKeys (ConfUtils.java:logGet(43)) - raft.server.rpc.sleep.time = 25ms (default)
2019-09-19 09:40:52,366 [bb9d252a-546d-48b3-aabe-52964da86e48:group-CB087BE321B1:LeaderElection50] INFO  server.RaftServerConfigKeys (ConfUtils.java:logGet(43)) - raft.server.write.element-limit = 4096 (default)
2019-09-19 09:40:52,366 [bb9d252a-546d-48b3-aabe-52964da86e48:group-CB087BE321B1:LeaderElection50] INFO  server.RaftServerConfigKeys (ConfUtils.java:logGet(43)) - raft.server.watch.timeout = 10s (default)
2019-09-19 09:40:52,366 [bb9d252a-546d-48b3-aabe-52964da86e48:group-CB087BE321B1:LeaderElection50] INFO  server.RaftServerConfigKeys (ConfUtils.java:logGet(43)) - raft.server.watch.timeout.denomination = 1s (default)
2019-09-19 09:40:52,366 [bb9d252a-546d-48b3-aabe-52964da86e48:group-CB087BE321B1:LeaderElection50] INFO  server.RaftServerConfigKeys (ConfUtils.java:logGet(43)) - raft.server.watch.element-limit = 65536 (default)
2019-09-19 09:40:52,366 [bb9d252a-546d-48b3-aabe-52964da86e48:group-CB087BE321B1:LeaderElection50] INFO  impl.RoleInfo (RoleInfo.java:updateAndGet(143)) - bb9d252a-546d-48b3-aabe-52964da86e48: start LeaderState
2019-09-19 09:40:52,367 [bb9d252a-546d-48b3-aabe-52964da86e48:group-CB087BE321B1:LeaderElection50] INFO  segmented.SegmentedRaftLogWorker (SegmentedRaftLogWorker.java:startLogSegment(380)) - bb9d252a-546d-48b3-aabe-52964da86e48-SegmentedRaftLogWorker:Storage Directory /workdir/hadoop-ozone/ozonefs/target/test-dir/MiniOzoneClusterImpl-21ed0f53-0413-44c7-8609-f438100532e5/datanode-6/data/ratis/6316edeb-7167-4d5b-b589-cb087be321b1: Starting segment from index:0
2019-09-19 09:40:52,367 [bb9d252a-546d-48b3-aabe-52964da86e48:group-CB087BE321B1:LeaderElection50] INFO  impl.RaftServerImpl (ServerState.java:setRaftConf(361)) - bb9d252a-546d-48b3-aabe-52964da86e48:group-CB087BE321B1 set configuration 0: [bb9d252a-546d-48b3-aabe-52964da86e48:192.168.34.5:44392], old=null at 0
2019-09-19 09:40:52,389 [00cd5ee6-30a6-4c0a-bb6c-a5a65ddde9fb-SegmentedRaftLogWorker:Storage Directory /workdir/hadoop-ozone/ozonefs/target/test-dir/MiniOzoneClusterImpl-21ed0f53-0413-44c7-8609-f438100532e5/datanode-8/data/ratis/4f17e949-e853-40fd-8ce4-4b0871050ab1] INFO  segmented.SegmentedRaftLogWorker (SegmentedRaftLogWorker.java:execute(569)) - 00cd5ee6-30a6-4c0a-bb6c-a5a65ddde9fb-SegmentedRaftLogWorker:Storage Directory /workdir/hadoop-ozone/ozonefs/target/test-dir/MiniOzoneClusterImpl-21ed0f53-0413-44c7-8609-f438100532e5/datanode-8/data/ratis/4f17e949-e853-40fd-8ce4-4b0871050ab1: created new log segment /workdir/hadoop-ozone/ozonefs/target/test-dir/MiniOzoneClusterImpl-21ed0f53-0413-44c7-8609-f438100532e5/datanode-8/data/ratis/4f17e949-e853-40fd-8ce4-4b0871050ab1/current/log_inprogress_0
2019-09-19 09:40:52,402 [bb9d252a-546d-48b3-aabe-52964da86e48-SegmentedRaftLogWorker:Storage Directory /workdir/hadoop-ozone/ozonefs/target/test-dir/MiniOzoneClusterImpl-21ed0f53-0413-44c7-8609-f438100532e5/datanode-6/data/ratis/6316edeb-7167-4d5b-b589-cb087be321b1] INFO  segmented.SegmentedRaftLogWorker (SegmentedRaftLogWorker.java:execute(569)) - bb9d252a-546d-48b3-aabe-52964da86e48-SegmentedRaftLogWorker:Storage Directory /workdir/hadoop-ozone/ozonefs/target/test-dir/MiniOzoneClusterImpl-21ed0f53-0413-44c7-8609-f438100532e5/datanode-6/data/ratis/6316edeb-7167-4d5b-b589-cb087be321b1: created new log segment /workdir/hadoop-ozone/ozonefs/target/test-dir/MiniOzoneClusterImpl-21ed0f53-0413-44c7-8609-f438100532e5/datanode-6/data/ratis/6316edeb-7167-4d5b-b589-cb087be321b1/current/log_inprogress_0
2019-09-19 09:40:52,406 | INFO  | SCMAudit | user=jenkins1000 | ip=192.168.34.5 | op=SEND_HEARTBEAT {datanodeUUID=d87be78c-f122-4471-b781-d01263e91835, command=[]} | ret=SUCCESS |  
2019-09-19 09:40:52,407 | INFO  | SCMAudit | user=jenkins1000 | ip=192.168.34.5 | op=SEND_HEARTBEAT {datanodeUUID=47e0c7c0-2680-4f55-9417-80daafef46d1, command=[]} | ret=SUCCESS |  
2019-09-19 09:40:52,407 | INFO  | SCMAudit | user=jenkins1000 | ip=192.168.34.5 | op=SEND_HEARTBEAT {datanodeUUID=00cd5ee6-30a6-4c0a-bb6c-a5a65ddde9fb, command=[]} | ret=SUCCESS |  
2019-09-19 09:40:52,465 | INFO  | SCMAudit | user=jenkins1000 | ip=192.168.34.5 | op=SEND_HEARTBEAT {datanodeUUID=28f77823-de9e-44cc-bd18-5b415144a5bf, command=[]} | ret=SUCCESS |  
2019-09-19 09:40:52,512 [Thread-438] INFO  impl.FollowerState (FollowerState.java:run(106)) - caeb75b6-27c7-410d-b6eb-8f738956b5a3:group-F8C2D9A8383C changes to CANDIDATE, lastRpcTime:5100, electionTimeout:5100ms
2019-09-19 09:40:52,512 [Thread-438] INFO  impl.RoleInfo (RoleInfo.java:shutdownFollowerState(121)) - caeb75b6-27c7-410d-b6eb-8f738956b5a3: shutdown FollowerState
2019-09-19 09:40:52,512 [Thread-438] INFO  impl.RaftServerImpl (RaftServerImpl.java:setRole(171)) - caeb75b6-27c7-410d-b6eb-8f738956b5a3:group-F8C2D9A8383C changes role from FOLLOWER to CANDIDATE at term 0 for changeToCandidate
2019-09-19 09:40:52,513 [Thread-438] INFO  impl.RoleInfo (RoleInfo.java:updateAndGet(143)) - caeb75b6-27c7-410d-b6eb-8f738956b5a3: start LeaderElection
2019-09-19 09:40:52,524 [Thread-441] INFO  impl.FollowerState (FollowerState.java:run(106)) - 00cd5ee6-30a6-4c0a-bb6c-a5a65ddde9fb:group-F7E800AB696F changes to CANDIDATE, lastRpcTime:5056, electionTimeout:5056ms
2019-09-19 09:40:52,524 [Thread-441] INFO  impl.RoleInfo (RoleInfo.java:shutdownFollowerState(121)) - 00cd5ee6-30a6-4c0a-bb6c-a5a65ddde9fb: shutdown FollowerState
2019-09-19 09:40:52,525 [Thread-441] INFO  impl.RaftServerImpl (RaftServerImpl.java:setRole(171)) - 00cd5ee6-30a6-4c0a-bb6c-a5a65ddde9fb:group-F7E800AB696F changes role from FOLLOWER to CANDIDATE at term 0 for changeToCandidate
2019-09-19 09:40:52,525 [Thread-441] INFO  impl.RoleInfo (RoleInfo.java:updateAndGet(143)) - 00cd5ee6-30a6-4c0a-bb6c-a5a65ddde9fb: start LeaderElection
2019-09-19 09:40:52,526 [caeb75b6-27c7-410d-b6eb-8f738956b5a3:group-F8C2D9A8383C:LeaderElection51] INFO  impl.LeaderElection (LeaderElection.java:askForVotes(181)) - caeb75b6-27c7-410d-b6eb-8f738956b5a3:group-F8C2D9A8383C:LeaderElection51: begin an election at term 1 for -1: [caeb75b6-27c7-410d-b6eb-8f738956b5a3:192.168.34.5:40604], old=null
2019-09-19 09:40:52,526 [caeb75b6-27c7-410d-b6eb-8f738956b5a3:group-F8C2D9A8383C:LeaderElection51] INFO  impl.RoleInfo (RoleInfo.java:shutdownLeaderElection(134)) - caeb75b6-27c7-410d-b6eb-8f738956b5a3: shutdown LeaderElection
2019-09-19 09:40:52,527 [caeb75b6-27c7-410d-b6eb-8f738956b5a3:group-F8C2D9A8383C:LeaderElection51] INFO  impl.RaftServerImpl (RaftServerImpl.java:setRole(171)) - caeb75b6-27c7-410d-b6eb-8f738956b5a3:group-F8C2D9A8383C changes role from CANDIDATE to LEADER at term 1 for changeToLeader
2019-09-19 09:40:52,527 [caeb75b6-27c7-410d-b6eb-8f738956b5a3:group-F8C2D9A8383C:LeaderElection51] INFO  impl.RaftServerImpl (ServerState.java:setLeader(263)) - caeb75b6-27c7-410d-b6eb-8f738956b5a3:group-F8C2D9A8383C change Leader from null to caeb75b6-27c7-410d-b6eb-8f738956b5a3 at term 1 for becomeLeader, leader elected after 5120ms
2019-09-19 09:40:52,527 [caeb75b6-27c7-410d-b6eb-8f738956b5a3:group-F8C2D9A8383C:LeaderElection51] INFO  server.RaftServerConfigKeys (ConfUtils.java:logGet(43)) - raft.server.staging.catchup.gap = 1000 (default)
2019-09-19 09:40:52,527 [caeb75b6-27c7-410d-b6eb-8f738956b5a3:group-F8C2D9A8383C:LeaderElection51] INFO  server.RaftServerConfigKeys (ConfUtils.java:logGet(43)) - raft.server.rpc.sleep.time = 25ms (default)
2019-09-19 09:40:52,527 [caeb75b6-27c7-410d-b6eb-8f738956b5a3:group-F8C2D9A8383C:LeaderElection51] INFO  server.RaftServerConfigKeys (ConfUtils.java:logGet(43)) - raft.server.write.element-limit = 4096 (default)
2019-09-19 09:40:52,527 [caeb75b6-27c7-410d-b6eb-8f738956b5a3:group-F8C2D9A8383C:LeaderElection51] INFO  server.RaftServerConfigKeys (ConfUtils.java:logGet(43)) - raft.server.watch.timeout = 10s (default)
2019-09-19 09:40:52,528 [caeb75b6-27c7-410d-b6eb-8f738956b5a3:group-F8C2D9A8383C:LeaderElection51] INFO  server.RaftServerConfigKeys (ConfUtils.java:logGet(43)) - raft.server.watch.timeout.denomination = 1s (default)
2019-09-19 09:40:52,528 [caeb75b6-27c7-410d-b6eb-8f738956b5a3:group-F8C2D9A8383C:LeaderElection51] INFO  server.RaftServerConfigKeys (ConfUtils.java:logGet(43)) - raft.server.watch.element-limit = 65536 (default)
2019-09-19 09:40:52,528 [caeb75b6-27c7-410d-b6eb-8f738956b5a3:group-F8C2D9A8383C:LeaderElection51] INFO  impl.RoleInfo (RoleInfo.java:updateAndGet(143)) - caeb75b6-27c7-410d-b6eb-8f738956b5a3: start LeaderState
2019-09-19 09:40:52,528 [caeb75b6-27c7-410d-b6eb-8f738956b5a3:group-F8C2D9A8383C:LeaderElection51] INFO  segmented.SegmentedRaftLogWorker (SegmentedRaftLogWorker.java:startLogSegment(380)) - caeb75b6-27c7-410d-b6eb-8f738956b5a3-SegmentedRaftLogWorker:Storage Directory /workdir/hadoop-ozone/ozonefs/target/test-dir/MiniOzoneClusterImpl-21ed0f53-0413-44c7-8609-f438100532e5/datanode-9/data/ratis/55742f56-1f6c-4cda-99ae-f8c2d9a8383c: Starting segment from index:0
2019-09-19 09:40:52,528 [00cd5ee6-30a6-4c0a-bb6c-a5a65ddde9fb:group-F7E800AB696F:LeaderElection52] INFO  impl.LeaderElection (LeaderElection.java:askForVotes(181)) - 00cd5ee6-30a6-4c0a-bb6c-a5a65ddde9fb:group-F7E800AB696F:LeaderElection52: begin an election at term 1 for -1: [00cd5ee6-30a6-4c0a-bb6c-a5a65ddde9fb:192.168.34.5:39741], old=null
2019-09-19 09:40:52,529 [00cd5ee6-30a6-4c0a-bb6c-a5a65ddde9fb:group-F7E800AB696F:LeaderElection52] INFO  impl.RoleInfo (RoleInfo.java:shutdownLeaderElection(134)) - 00cd5ee6-30a6-4c0a-bb6c-a5a65ddde9fb: shutdown LeaderElection
2019-09-19 09:40:52,529 [caeb75b6-27c7-410d-b6eb-8f738956b5a3:group-F8C2D9A8383C:LeaderElection51] INFO  impl.RaftServerImpl (ServerState.java:setRaftConf(361)) - caeb75b6-27c7-410d-b6eb-8f738956b5a3:group-F8C2D9A8383C set configuration 0: [caeb75b6-27c7-410d-b6eb-8f738956b5a3:192.168.34.5:40604], old=null at 0
2019-09-19 09:40:52,529 [00cd5ee6-30a6-4c0a-bb6c-a5a65ddde9fb:group-F7E800AB696F:LeaderElection52] INFO  impl.RaftServerImpl (RaftServerImpl.java:setRole(171)) - 00cd5ee6-30a6-4c0a-bb6c-a5a65ddde9fb:group-F7E800AB696F changes role from CANDIDATE to LEADER at term 1 for changeToLeader
2019-09-19 09:40:52,529 [00cd5ee6-30a6-4c0a-bb6c-a5a65ddde9fb:group-F7E800AB696F:LeaderElection52] INFO  impl.RaftServerImpl (ServerState.java:setLeader(263)) - 00cd5ee6-30a6-4c0a-bb6c-a5a65ddde9fb:group-F7E800AB696F change Leader from null to 00cd5ee6-30a6-4c0a-bb6c-a5a65ddde9fb at term 1 for becomeLeader, leader elected after 5065ms
2019-09-19 09:40:52,530 [00cd5ee6-30a6-4c0a-bb6c-a5a65ddde9fb:group-F7E800AB696F:LeaderElection52] INFO  server.RaftServerConfigKeys (ConfUtils.java:logGet(43)) - raft.server.staging.catchup.gap = 1000 (default)
2019-09-19 09:40:52,530 [00cd5ee6-30a6-4c0a-bb6c-a5a65ddde9fb:group-F7E800AB696F:LeaderElection52] INFO  server.RaftServerConfigKeys (ConfUtils.java:logGet(43)) - raft.server.rpc.sleep.time = 25ms (default)
2019-09-19 09:40:52,530 [00cd5ee6-30a6-4c0a-bb6c-a5a65ddde9fb:group-F7E800AB696F:LeaderElection52] INFO  server.RaftServerConfigKeys (ConfUtils.java:logGet(43)) - raft.server.write.element-limit = 4096 (default)
2019-09-19 09:40:52,530 [00cd5ee6-30a6-4c0a-bb6c-a5a65ddde9fb:group-F7E800AB696F:LeaderElection52] INFO  server.RaftServerConfigKeys (ConfUtils.java:logGet(43)) - raft.server.watch.timeout = 10s (default)
2019-09-19 09:40:52,530 [00cd5ee6-30a6-4c0a-bb6c-a5a65ddde9fb:group-F7E800AB696F:LeaderElection52] INFO  server.RaftServerConfigKeys (ConfUtils.java:logGet(43)) - raft.server.watch.timeout.denomination = 1s (default)
2019-09-19 09:40:52,531 [00cd5ee6-30a6-4c0a-bb6c-a5a65ddde9fb:group-F7E800AB696F:LeaderElection52] INFO  server.RaftServerConfigKeys (ConfUtils.java:logGet(43)) - raft.server.watch.element-limit = 65536 (default)
2019-09-19 09:40:52,531 [00cd5ee6-30a6-4c0a-bb6c-a5a65ddde9fb:group-F7E800AB696F:LeaderElection52] INFO  impl.RoleInfo (RoleInfo.java:updateAndGet(143)) - 00cd5ee6-30a6-4c0a-bb6c-a5a65ddde9fb: start LeaderState
2019-09-19 09:40:52,531 [00cd5ee6-30a6-4c0a-bb6c-a5a65ddde9fb:group-F7E800AB696F:LeaderElection52] INFO  segmented.SegmentedRaftLogWorker (SegmentedRaftLogWorker.java:startLogSegment(380)) - 00cd5ee6-30a6-4c0a-bb6c-a5a65ddde9fb-SegmentedRaftLogWorker:Storage Directory /workdir/hadoop-ozone/ozonefs/target/test-dir/MiniOzoneClusterImpl-21ed0f53-0413-44c7-8609-f438100532e5/datanode-8/data/ratis/344a86ac-f43a-4233-9a39-f7e800ab696f: Starting segment from index:0
2019-09-19 09:40:52,532 [00cd5ee6-30a6-4c0a-bb6c-a5a65ddde9fb:group-F7E800AB696F:LeaderElection52] INFO  impl.RaftServerImpl (ServerState.java:setRaftConf(361)) - 00cd5ee6-30a6-4c0a-bb6c-a5a65ddde9fb:group-F7E800AB696F set configuration 0: [00cd5ee6-30a6-4c0a-bb6c-a5a65ddde9fb:192.168.34.5:39741], old=null at 0
2019-09-19 09:40:52,545 [Thread-444] INFO  impl.FollowerState (FollowerState.java:run(106)) - caeb75b6-27c7-410d-b6eb-8f738956b5a3:group-1B97EED5F7E8 changes to CANDIDATE, lastRpcTime:5032, electionTimeout:5032ms
2019-09-19 09:40:52,545 [Thread-444] INFO  impl.RoleInfo (RoleInfo.java:shutdownFollowerState(121)) - caeb75b6-27c7-410d-b6eb-8f738956b5a3: shutdown FollowerState
2019-09-19 09:40:52,546 [Thread-444] INFO  impl.RaftServerImpl (RaftServerImpl.java:setRole(171)) - caeb75b6-27c7-410d-b6eb-8f738956b5a3:group-1B97EED5F7E8 changes role from FOLLOWER to CANDIDATE at term 0 for changeToCandidate
2019-09-19 09:40:52,546 [Thread-444] INFO  impl.RoleInfo (RoleInfo.java:updateAndGet(143)) - caeb75b6-27c7-410d-b6eb-8f738956b5a3: start LeaderElection
2019-09-19 09:40:52,560 [caeb75b6-27c7-410d-b6eb-8f738956b5a3:group-1B97EED5F7E8:LeaderElection53] INFO  impl.LeaderElection (LeaderElection.java:askForVotes(181)) - caeb75b6-27c7-410d-b6eb-8f738956b5a3:group-1B97EED5F7E8:LeaderElection53: begin an election at term 1 for -1: [caeb75b6-27c7-410d-b6eb-8f738956b5a3:192.168.34.5:40604], old=null
2019-09-19 09:40:52,560 [caeb75b6-27c7-410d-b6eb-8f738956b5a3:group-1B97EED5F7E8:LeaderElection53] INFO  impl.RoleInfo (RoleInfo.java:shutdownLeaderElection(134)) - caeb75b6-27c7-410d-b6eb-8f738956b5a3: shutdown LeaderElection
2019-09-19 09:40:52,560 [caeb75b6-27c7-410d-b6eb-8f738956b5a3:group-1B97EED5F7E8:LeaderElection53] INFO  impl.RaftServerImpl (RaftServerImpl.java:setRole(171)) - caeb75b6-27c7-410d-b6eb-8f738956b5a3:group-1B97EED5F7E8 changes role from CANDIDATE to LEADER at term 1 for changeToLeader
2019-09-19 09:40:52,560 [caeb75b6-27c7-410d-b6eb-8f738956b5a3:group-1B97EED5F7E8:LeaderElection53] INFO  impl.RaftServerImpl (ServerState.java:setLeader(263)) - caeb75b6-27c7-410d-b6eb-8f738956b5a3:group-1B97EED5F7E8 change Leader from null to caeb75b6-27c7-410d-b6eb-8f738956b5a3 at term 1 for becomeLeader, leader elected after 5051ms
2019-09-19 09:40:52,560 [caeb75b6-27c7-410d-b6eb-8f738956b5a3:group-1B97EED5F7E8:LeaderElection53] INFO  server.RaftServerConfigKeys (ConfUtils.java:logGet(43)) - raft.server.staging.catchup.gap = 1000 (default)
2019-09-19 09:40:52,561 [caeb75b6-27c7-410d-b6eb-8f738956b5a3:group-1B97EED5F7E8:LeaderElection53] INFO  server.RaftServerConfigKeys (ConfUtils.java:logGet(43)) - raft.server.rpc.sleep.time = 25ms (default)
2019-09-19 09:40:52,561 [caeb75b6-27c7-410d-b6eb-8f738956b5a3:group-1B97EED5F7E8:LeaderElection53] INFO  server.RaftServerConfigKeys (ConfUtils.java:logGet(43)) - raft.server.write.element-limit = 4096 (default)
2019-09-19 09:40:52,561 [caeb75b6-27c7-410d-b6eb-8f738956b5a3:group-1B97EED5F7E8:LeaderElection53] INFO  server.RaftServerConfigKeys (ConfUtils.java:logGet(43)) - raft.server.watch.timeout = 10s (default)
2019-09-19 09:40:52,561 [caeb75b6-27c7-410d-b6eb-8f738956b5a3:group-1B97EED5F7E8:LeaderElection53] INFO  server.RaftServerConfigKeys (ConfUtils.java:logGet(43)) - raft.server.watch.timeout.denomination = 1s (default)
2019-09-19 09:40:52,561 [caeb75b6-27c7-410d-b6eb-8f738956b5a3:group-1B97EED5F7E8:LeaderElection53] INFO  server.RaftServerConfigKeys (ConfUtils.java:logGet(43)) - raft.server.watch.element-limit = 65536 (default)
2019-09-19 09:40:52,561 [caeb75b6-27c7-410d-b6eb-8f738956b5a3:group-1B97EED5F7E8:LeaderElection53] INFO  impl.RoleInfo (RoleInfo.java:updateAndGet(143)) - caeb75b6-27c7-410d-b6eb-8f738956b5a3: start LeaderState
2019-09-19 09:40:52,562 [caeb75b6-27c7-410d-b6eb-8f738956b5a3-SegmentedRaftLogWorker:Storage Directory /workdir/hadoop-ozone/ozonefs/target/test-dir/MiniOzoneClusterImpl-21ed0f53-0413-44c7-8609-f438100532e5/datanode-9/data/ratis/55742f56-1f6c-4cda-99ae-f8c2d9a8383c] INFO  segmented.SegmentedRaftLogWorker (SegmentedRaftLogWorker.java:execute(569)) - caeb75b6-27c7-410d-b6eb-8f738956b5a3-SegmentedRaftLogWorker:Storage Directory /workdir/hadoop-ozone/ozonefs/target/test-dir/MiniOzoneClusterImpl-21ed0f53-0413-44c7-8609-f438100532e5/datanode-9/data/ratis/55742f56-1f6c-4cda-99ae-f8c2d9a8383c: created new log segment /workdir/hadoop-ozone/ozonefs/target/test-dir/MiniOzoneClusterImpl-21ed0f53-0413-44c7-8609-f438100532e5/datanode-9/data/ratis/55742f56-1f6c-4cda-99ae-f8c2d9a8383c/current/log_inprogress_0
2019-09-19 09:40:52,562 [caeb75b6-27c7-410d-b6eb-8f738956b5a3:group-1B97EED5F7E8:LeaderElection53] INFO  segmented.SegmentedRaftLogWorker (SegmentedRaftLogWorker.java:startLogSegment(380)) - caeb75b6-27c7-410d-b6eb-8f738956b5a3-SegmentedRaftLogWorker:Storage Directory /workdir/hadoop-ozone/ozonefs/target/test-dir/MiniOzoneClusterImpl-21ed0f53-0413-44c7-8609-f438100532e5/datanode-9/data/ratis/f760fe87-4ea5-4849-a0a7-1b97eed5f7e8: Starting segment from index:0
2019-09-19 09:40:52,562 [caeb75b6-27c7-410d-b6eb-8f738956b5a3:group-1B97EED5F7E8:LeaderElection53] INFO  impl.RaftServerImpl (ServerState.java:setRaftConf(361)) - caeb75b6-27c7-410d-b6eb-8f738956b5a3:group-1B97EED5F7E8 set configuration 0: [caeb75b6-27c7-410d-b6eb-8f738956b5a3:192.168.34.5:40604], old=null at 0
2019-09-19 09:40:52,565 [00cd5ee6-30a6-4c0a-bb6c-a5a65ddde9fb-SegmentedRaftLogWorker:Storage Directory /workdir/hadoop-ozone/ozonefs/target/test-dir/MiniOzoneClusterImpl-21ed0f53-0413-44c7-8609-f438100532e5/datanode-8/data/ratis/344a86ac-f43a-4233-9a39-f7e800ab696f] INFO  segmented.SegmentedRaftLogWorker (SegmentedRaftLogWorker.java:execute(569)) - 00cd5ee6-30a6-4c0a-bb6c-a5a65ddde9fb-SegmentedRaftLogWorker:Storage Directory /workdir/hadoop-ozone/ozonefs/target/test-dir/MiniOzoneClusterImpl-21ed0f53-0413-44c7-8609-f438100532e5/datanode-8/data/ratis/344a86ac-f43a-4233-9a39-f7e800ab696f: created new log segment /workdir/hadoop-ozone/ozonefs/target/test-dir/MiniOzoneClusterImpl-21ed0f53-0413-44c7-8609-f438100532e5/datanode-8/data/ratis/344a86ac-f43a-4233-9a39-f7e800ab696f/current/log_inprogress_0
2019-09-19 09:40:52,608 [caeb75b6-27c7-410d-b6eb-8f738956b5a3-SegmentedRaftLogWorker:Storage Directory /workdir/hadoop-ozone/ozonefs/target/test-dir/MiniOzoneClusterImpl-21ed0f53-0413-44c7-8609-f438100532e5/datanode-9/data/ratis/f760fe87-4ea5-4849-a0a7-1b97eed5f7e8] INFO  segmented.SegmentedRaftLogWorker (SegmentedRaftLogWorker.java:execute(569)) - caeb75b6-27c7-410d-b6eb-8f738956b5a3-SegmentedRaftLogWorker:Storage Directory /workdir/hadoop-ozone/ozonefs/target/test-dir/MiniOzoneClusterImpl-21ed0f53-0413-44c7-8609-f438100532e5/datanode-9/data/ratis/f760fe87-4ea5-4849-a0a7-1b97eed5f7e8: created new log segment /workdir/hadoop-ozone/ozonefs/target/test-dir/MiniOzoneClusterImpl-21ed0f53-0413-44c7-8609-f438100532e5/datanode-9/data/ratis/f760fe87-4ea5-4849-a0a7-1b97eed5f7e8/current/log_inprogress_0
2019-09-19 09:40:52,620 | INFO  | SCMAudit | user=jenkins1000 | ip=192.168.34.5 | op=SEND_HEARTBEAT {datanodeUUID=caeb75b6-27c7-410d-b6eb-8f738956b5a3, command=[]} | ret=SUCCESS |  
2019-09-19 09:40:52,620 | INFO  | SCMAudit | user=jenkins1000 | ip=192.168.34.5 | op=SEND_HEARTBEAT {datanodeUUID=1cd79902-2a06-4a3f-8023-3eba64f51293, command=[]} | ret=SUCCESS |  
2019-09-19 09:40:52,657 [Thread-447] INFO  impl.FollowerState (FollowerState.java:run(106)) - 00cd5ee6-30a6-4c0a-bb6c-a5a65ddde9fb:group-49D0FD28BD6F changes to CANDIDATE, lastRpcTime:5101, electionTimeout:5101ms
2019-09-19 09:40:52,657 [Thread-447] INFO  impl.RoleInfo (RoleInfo.java:shutdownFollowerState(121)) - 00cd5ee6-30a6-4c0a-bb6c-a5a65ddde9fb: shutdown FollowerState
2019-09-19 09:40:52,657 [Thread-447] INFO  impl.RaftServerImpl (RaftServerImpl.java:setRole(171)) - 00cd5ee6-30a6-4c0a-bb6c-a5a65ddde9fb:group-49D0FD28BD6F changes role from FOLLOWER to CANDIDATE at term 0 for changeToCandidate
2019-09-19 09:40:52,658 [Thread-447] INFO  impl.RoleInfo (RoleInfo.java:updateAndGet(143)) - 00cd5ee6-30a6-4c0a-bb6c-a5a65ddde9fb: start LeaderElection
2019-09-19 09:40:52,671 [Thread-450] INFO  impl.FollowerState (FollowerState.java:run(106)) - 00cd5ee6-30a6-4c0a-bb6c-a5a65ddde9fb:group-F4AF0A7EA0C0 changes to CANDIDATE, lastRpcTime:5073, electionTimeout:5073ms
2019-09-19 09:40:52,671 [Thread-450] INFO  impl.RoleInfo (RoleInfo.java:shutdownFollowerState(121)) - 00cd5ee6-30a6-4c0a-bb6c-a5a65ddde9fb: shutdown FollowerState
2019-09-19 09:40:52,671 [Thread-450] INFO  impl.RaftServerImpl (RaftServerImpl.java:setRole(171)) - 00cd5ee6-30a6-4c0a-bb6c-a5a65ddde9fb:group-F4AF0A7EA0C0 changes role from FOLLOWER to CANDIDATE at term 0 for changeToCandidate
2019-09-19 09:40:52,672 [Thread-450] INFO  impl.RoleInfo (RoleInfo.java:updateAndGet(143)) - 00cd5ee6-30a6-4c0a-bb6c-a5a65ddde9fb: start LeaderElection
2019-09-19 09:40:52,672 [00cd5ee6-30a6-4c0a-bb6c-a5a65ddde9fb:group-49D0FD28BD6F:LeaderElection54] INFO  impl.LeaderElection (LeaderElection.java:askForVotes(181)) - 00cd5ee6-30a6-4c0a-bb6c-a5a65ddde9fb:group-49D0FD28BD6F:LeaderElection54: begin an election at term 1 for -1: [00cd5ee6-30a6-4c0a-bb6c-a5a65ddde9fb:192.168.34.5:39741], old=null
2019-09-19 09:40:52,672 [00cd5ee6-30a6-4c0a-bb6c-a5a65ddde9fb:group-49D0FD28BD6F:LeaderElection54] INFO  impl.RoleInfo (RoleInfo.java:shutdownLeaderElection(134)) - 00cd5ee6-30a6-4c0a-bb6c-a5a65ddde9fb: shutdown LeaderElection
2019-09-19 09:40:52,672 [00cd5ee6-30a6-4c0a-bb6c-a5a65ddde9fb:group-49D0FD28BD6F:LeaderElection54] INFO  impl.RaftServerImpl (RaftServerImpl.java:setRole(171)) - 00cd5ee6-30a6-4c0a-bb6c-a5a65ddde9fb:group-49D0FD28BD6F changes role from CANDIDATE to LEADER at term 1 for changeToLeader
2019-09-19 09:40:52,673 [00cd5ee6-30a6-4c0a-bb6c-a5a65ddde9fb:group-49D0FD28BD6F:LeaderElection54] INFO  impl.RaftServerImpl (ServerState.java:setLeader(263)) - 00cd5ee6-30a6-4c0a-bb6c-a5a65ddde9fb:group-49D0FD28BD6F change Leader from null to 00cd5ee6-30a6-4c0a-bb6c-a5a65ddde9fb at term 1 for becomeLeader, leader elected after 5121ms
2019-09-19 09:40:52,673 [00cd5ee6-30a6-4c0a-bb6c-a5a65ddde9fb:group-49D0FD28BD6F:LeaderElection54] INFO  server.RaftServerConfigKeys (ConfUtils.java:logGet(43)) - raft.server.staging.catchup.gap = 1000 (default)
2019-09-19 09:40:52,673 [00cd5ee6-30a6-4c0a-bb6c-a5a65ddde9fb:group-49D0FD28BD6F:LeaderElection54] INFO  server.RaftServerConfigKeys (ConfUtils.java:logGet(43)) - raft.server.rpc.sleep.time = 25ms (default)
2019-09-19 09:40:52,673 [00cd5ee6-30a6-4c0a-bb6c-a5a65ddde9fb:group-49D0FD28BD6F:LeaderElection54] INFO  server.RaftServerConfigKeys (ConfUtils.java:logGet(43)) - raft.server.write.element-limit = 4096 (default)
2019-09-19 09:40:52,674 [00cd5ee6-30a6-4c0a-bb6c-a5a65ddde9fb:group-49D0FD28BD6F:LeaderElection54] INFO  server.RaftServerConfigKeys (ConfUtils.java:logGet(43)) - raft.server.watch.timeout = 10s (default)
2019-09-19 09:40:52,674 [00cd5ee6-30a6-4c0a-bb6c-a5a65ddde9fb:group-49D0FD28BD6F:LeaderElection54] INFO  server.RaftServerConfigKeys (ConfUtils.java:logGet(43)) - raft.server.watch.timeout.denomination = 1s (default)
2019-09-19 09:40:52,674 [00cd5ee6-30a6-4c0a-bb6c-a5a65ddde9fb:group-49D0FD28BD6F:LeaderElection54] INFO  server.RaftServerConfigKeys (ConfUtils.java:logGet(43)) - raft.server.watch.element-limit = 65536 (default)
2019-09-19 09:40:52,674 [00cd5ee6-30a6-4c0a-bb6c-a5a65ddde9fb:group-49D0FD28BD6F:LeaderElection54] INFO  impl.RoleInfo (RoleInfo.java:updateAndGet(143)) - 00cd5ee6-30a6-4c0a-bb6c-a5a65ddde9fb: start LeaderState
2019-09-19 09:40:52,675 [00cd5ee6-30a6-4c0a-bb6c-a5a65ddde9fb:group-49D0FD28BD6F:LeaderElection54] INFO  segmented.SegmentedRaftLogWorker (SegmentedRaftLogWorker.java:startLogSegment(380)) - 00cd5ee6-30a6-4c0a-bb6c-a5a65ddde9fb-SegmentedRaftLogWorker:Storage Directory /workdir/hadoop-ozone/ozonefs/target/test-dir/MiniOzoneClusterImpl-21ed0f53-0413-44c7-8609-f438100532e5/datanode-8/data/ratis/d099059f-1349-4b6b-87cf-49d0fd28bd6f: Starting segment from index:0
2019-09-19 09:40:52,675 [00cd5ee6-30a6-4c0a-bb6c-a5a65ddde9fb:group-49D0FD28BD6F:LeaderElection54] INFO  impl.RaftServerImpl (ServerState.java:setRaftConf(361)) - 00cd5ee6-30a6-4c0a-bb6c-a5a65ddde9fb:group-49D0FD28BD6F set configuration 0: [00cd5ee6-30a6-4c0a-bb6c-a5a65ddde9fb:192.168.34.5:39741], old=null at 0
2019-09-19 09:40:52,686 [00cd5ee6-30a6-4c0a-bb6c-a5a65ddde9fb:group-F4AF0A7EA0C0:LeaderElection55] INFO  impl.LeaderElection (LeaderElection.java:askForVotes(181)) - 00cd5ee6-30a6-4c0a-bb6c-a5a65ddde9fb:group-F4AF0A7EA0C0:LeaderElection55: begin an election at term 1 for -1: [00cd5ee6-30a6-4c0a-bb6c-a5a65ddde9fb:192.168.34.5:39741], old=null
2019-09-19 09:40:52,686 [00cd5ee6-30a6-4c0a-bb6c-a5a65ddde9fb:group-F4AF0A7EA0C0:LeaderElection55] INFO  impl.RoleInfo (RoleInfo.java:shutdownLeaderElection(134)) - 00cd5ee6-30a6-4c0a-bb6c-a5a65ddde9fb: shutdown LeaderElection
2019-09-19 09:40:52,686 [00cd5ee6-30a6-4c0a-bb6c-a5a65ddde9fb:group-F4AF0A7EA0C0:LeaderElection55] INFO  impl.RaftServerImpl (RaftServerImpl.java:setRole(171)) - 00cd5ee6-30a6-4c0a-bb6c-a5a65ddde9fb:group-F4AF0A7EA0C0 changes role from CANDIDATE to LEADER at term 1 for changeToLeader
2019-09-19 09:40:52,686 [00cd5ee6-30a6-4c0a-bb6c-a5a65ddde9fb:group-F4AF0A7EA0C0:LeaderElection55] INFO  impl.RaftServerImpl (ServerState.java:setLeader(263)) - 00cd5ee6-30a6-4c0a-bb6c-a5a65ddde9fb:group-F4AF0A7EA0C0 change Leader from null to 00cd5ee6-30a6-4c0a-bb6c-a5a65ddde9fb at term 1 for becomeLeader, leader elected after 5092ms
2019-09-19 09:40:52,686 [00cd5ee6-30a6-4c0a-bb6c-a5a65ddde9fb:group-F4AF0A7EA0C0:LeaderElection55] INFO  server.RaftServerConfigKeys (ConfUtils.java:logGet(43)) - raft.server.staging.catchup.gap = 1000 (default)
2019-09-19 09:40:52,687 [00cd5ee6-30a6-4c0a-bb6c-a5a65ddde9fb:group-F4AF0A7EA0C0:LeaderElection55] INFO  server.RaftServerConfigKeys (ConfUtils.java:logGet(43)) - raft.server.rpc.sleep.time = 25ms (default)
2019-09-19 09:40:52,687 [00cd5ee6-30a6-4c0a-bb6c-a5a65ddde9fb:group-F4AF0A7EA0C0:LeaderElection55] INFO  server.RaftServerConfigKeys (ConfUtils.java:logGet(43)) - raft.server.write.element-limit = 4096 (default)
2019-09-19 09:40:52,687 [00cd5ee6-30a6-4c0a-bb6c-a5a65ddde9fb:group-F4AF0A7EA0C0:LeaderElection55] INFO  server.RaftServerConfigKeys (ConfUtils.java:logGet(43)) - raft.server.watch.timeout = 10s (default)
2019-09-19 09:40:52,687 [00cd5ee6-30a6-4c0a-bb6c-a5a65ddde9fb:group-F4AF0A7EA0C0:LeaderElection55] INFO  server.RaftServerConfigKeys (ConfUtils.java:logGet(43)) - raft.server.watch.timeout.denomination = 1s (default)
2019-09-19 09:40:52,687 [00cd5ee6-30a6-4c0a-bb6c-a5a65ddde9fb:group-F4AF0A7EA0C0:LeaderElection55] INFO  server.RaftServerConfigKeys (ConfUtils.java:logGet(43)) - raft.server.watch.element-limit = 65536 (default)
2019-09-19 09:40:52,688 [00cd5ee6-30a6-4c0a-bb6c-a5a65ddde9fb:group-F4AF0A7EA0C0:LeaderElection55] INFO  impl.RoleInfo (RoleInfo.java:updateAndGet(143)) - 00cd5ee6-30a6-4c0a-bb6c-a5a65ddde9fb: start LeaderState
2019-09-19 09:40:52,688 [00cd5ee6-30a6-4c0a-bb6c-a5a65ddde9fb:group-F4AF0A7EA0C0:LeaderElection55] INFO  segmented.SegmentedRaftLogWorker (SegmentedRaftLogWorker.java:startLogSegment(380)) - 00cd5ee6-30a6-4c0a-bb6c-a5a65ddde9fb-SegmentedRaftLogWorker:Storage Directory /workdir/hadoop-ozone/ozonefs/target/test-dir/MiniOzoneClusterImpl-21ed0f53-0413-44c7-8609-f438100532e5/datanode-8/data/ratis/67e3a099-a11b-44ed-9efe-f4af0a7ea0c0: Starting segment from index:0
2019-09-19 09:40:52,689 [00cd5ee6-30a6-4c0a-bb6c-a5a65ddde9fb:group-F4AF0A7EA0C0:LeaderElection55] INFO  impl.RaftServerImpl (ServerState.java:setRaftConf(361)) - 00cd5ee6-30a6-4c0a-bb6c-a5a65ddde9fb:group-F4AF0A7EA0C0 set configuration 0: [00cd5ee6-30a6-4c0a-bb6c-a5a65ddde9fb:192.168.34.5:39741], old=null at 0
2019-09-19 09:40:52,712 [00cd5ee6-30a6-4c0a-bb6c-a5a65ddde9fb-SegmentedRaftLogWorker:Storage Directory /workdir/hadoop-ozone/ozonefs/target/test-dir/MiniOzoneClusterImpl-21ed0f53-0413-44c7-8609-f438100532e5/datanode-8/data/ratis/d099059f-1349-4b6b-87cf-49d0fd28bd6f] INFO  segmented.SegmentedRaftLogWorker (SegmentedRaftLogWorker.java:execute(569)) - 00cd5ee6-30a6-4c0a-bb6c-a5a65ddde9fb-SegmentedRaftLogWorker:Storage Directory /workdir/hadoop-ozone/ozonefs/target/test-dir/MiniOzoneClusterImpl-21ed0f53-0413-44c7-8609-f438100532e5/datanode-8/data/ratis/d099059f-1349-4b6b-87cf-49d0fd28bd6f: created new log segment /workdir/hadoop-ozone/ozonefs/target/test-dir/MiniOzoneClusterImpl-21ed0f53-0413-44c7-8609-f438100532e5/datanode-8/data/ratis/d099059f-1349-4b6b-87cf-49d0fd28bd6f/current/log_inprogress_0
2019-09-19 09:40:52,726 [00cd5ee6-30a6-4c0a-bb6c-a5a65ddde9fb-SegmentedRaftLogWorker:Storage Directory /workdir/hadoop-ozone/ozonefs/target/test-dir/MiniOzoneClusterImpl-21ed0f53-0413-44c7-8609-f438100532e5/datanode-8/data/ratis/67e3a099-a11b-44ed-9efe-f4af0a7ea0c0] INFO  segmented.SegmentedRaftLogWorker (SegmentedRaftLogWorker.java:execute(569)) - 00cd5ee6-30a6-4c0a-bb6c-a5a65ddde9fb-SegmentedRaftLogWorker:Storage Directory /workdir/hadoop-ozone/ozonefs/target/test-dir/MiniOzoneClusterImpl-21ed0f53-0413-44c7-8609-f438100532e5/datanode-8/data/ratis/67e3a099-a11b-44ed-9efe-f4af0a7ea0c0: created new log segment /workdir/hadoop-ozone/ozonefs/target/test-dir/MiniOzoneClusterImpl-21ed0f53-0413-44c7-8609-f438100532e5/datanode-8/data/ratis/67e3a099-a11b-44ed-9efe-f4af0a7ea0c0/current/log_inprogress_0
2019-09-19 09:40:52,770 [Thread-456] INFO  impl.FollowerState (FollowerState.java:run(106)) - caeb75b6-27c7-410d-b6eb-8f738956b5a3:group-1B5D3B7FF5FB changes to CANDIDATE, lastRpcTime:5074, electionTimeout:5074ms
2019-09-19 09:40:52,770 [Thread-456] INFO  impl.RoleInfo (RoleInfo.java:shutdownFollowerState(121)) - caeb75b6-27c7-410d-b6eb-8f738956b5a3: shutdown FollowerState
2019-09-19 09:40:52,770 [Thread-456] INFO  impl.RaftServerImpl (RaftServerImpl.java:setRole(171)) - caeb75b6-27c7-410d-b6eb-8f738956b5a3:group-1B5D3B7FF5FB changes role from FOLLOWER to CANDIDATE at term 0 for changeToCandidate
2019-09-19 09:40:52,770 [Thread-456] INFO  impl.RoleInfo (RoleInfo.java:updateAndGet(143)) - caeb75b6-27c7-410d-b6eb-8f738956b5a3: start LeaderElection
2019-09-19 09:40:52,779 [Thread-453] INFO  impl.FollowerState (FollowerState.java:run(106)) - 00cd5ee6-30a6-4c0a-bb6c-a5a65ddde9fb:group-DCFCDCCCEC51 changes to CANDIDATE, lastRpcTime:5135, electionTimeout:5135ms
2019-09-19 09:40:52,779 [Thread-453] INFO  impl.RoleInfo (RoleInfo.java:shutdownFollowerState(121)) - 00cd5ee6-30a6-4c0a-bb6c-a5a65ddde9fb: shutdown FollowerState
2019-09-19 09:40:52,780 [Thread-453] INFO  impl.RaftServerImpl (RaftServerImpl.java:setRole(171)) - 00cd5ee6-30a6-4c0a-bb6c-a5a65ddde9fb:group-DCFCDCCCEC51 changes role from FOLLOWER to CANDIDATE at term 0 for changeToCandidate
2019-09-19 09:40:52,780 [Thread-453] INFO  impl.RoleInfo (RoleInfo.java:updateAndGet(143)) - 00cd5ee6-30a6-4c0a-bb6c-a5a65ddde9fb: start LeaderElection
2019-09-19 09:40:52,782 | INFO  | SCMAudit | user=jenkins1000 | ip=192.168.34.5 | op=SEND_HEARTBEAT {datanodeUUID=90577c55-fd31-444d-84bd-73a3c37bc268, command=[]} | ret=SUCCESS |  
2019-09-19 09:40:52,784 [00cd5ee6-30a6-4c0a-bb6c-a5a65ddde9fb:group-DCFCDCCCEC51:LeaderElection57] INFO  impl.LeaderElection (LeaderElection.java:askForVotes(181)) - 00cd5ee6-30a6-4c0a-bb6c-a5a65ddde9fb:group-DCFCDCCCEC51:LeaderElection57: begin an election at term 1 for -1: [00cd5ee6-30a6-4c0a-bb6c-a5a65ddde9fb:192.168.34.5:39741], old=null
2019-09-19 09:40:52,784 [caeb75b6-27c7-410d-b6eb-8f738956b5a3:group-1B5D3B7FF5FB:LeaderElection56] INFO  impl.LeaderElection (LeaderElection.java:askForVotes(181)) - caeb75b6-27c7-410d-b6eb-8f738956b5a3:group-1B5D3B7FF5FB:LeaderElection56: begin an election at term 1 for -1: [caeb75b6-27c7-410d-b6eb-8f738956b5a3:192.168.34.5:40604], old=null
2019-09-19 09:40:52,784 [00cd5ee6-30a6-4c0a-bb6c-a5a65ddde9fb:group-DCFCDCCCEC51:LeaderElection57] INFO  impl.RoleInfo (RoleInfo.java:shutdownLeaderElection(134)) - 00cd5ee6-30a6-4c0a-bb6c-a5a65ddde9fb: shutdown LeaderElection
2019-09-19 09:40:52,785 [caeb75b6-27c7-410d-b6eb-8f738956b5a3:group-1B5D3B7FF5FB:LeaderElection56] INFO  impl.RoleInfo (RoleInfo.java:shutdownLeaderElection(134)) - caeb75b6-27c7-410d-b6eb-8f738956b5a3: shutdown LeaderElection
2019-09-19 09:40:52,785 [00cd5ee6-30a6-4c0a-bb6c-a5a65ddde9fb:group-DCFCDCCCEC51:LeaderElection57] INFO  impl.RaftServerImpl (RaftServerImpl.java:setRole(171)) - 00cd5ee6-30a6-4c0a-bb6c-a5a65ddde9fb:group-DCFCDCCCEC51 changes role from CANDIDATE to LEADER at term 1 for changeToLeader
2019-09-19 09:40:52,785 [caeb75b6-27c7-410d-b6eb-8f738956b5a3:group-1B5D3B7FF5FB:LeaderElection56] INFO  impl.RaftServerImpl (RaftServerImpl.java:setRole(171)) - caeb75b6-27c7-410d-b6eb-8f738956b5a3:group-1B5D3B7FF5FB changes role from CANDIDATE to LEADER at term 1 for changeToLeader
2019-09-19 09:40:52,785 [00cd5ee6-30a6-4c0a-bb6c-a5a65ddde9fb:group-DCFCDCCCEC51:LeaderElection57] INFO  impl.RaftServerImpl (ServerState.java:setLeader(263)) - 00cd5ee6-30a6-4c0a-bb6c-a5a65ddde9fb:group-DCFCDCCCEC51 change Leader from null to 00cd5ee6-30a6-4c0a-bb6c-a5a65ddde9fb at term 1 for becomeLeader, leader elected after 5144ms
2019-09-19 09:40:52,785 [caeb75b6-27c7-410d-b6eb-8f738956b5a3:group-1B5D3B7FF5FB:LeaderElection56] INFO  impl.RaftServerImpl (ServerState.java:setLeader(263)) - caeb75b6-27c7-410d-b6eb-8f738956b5a3:group-1B5D3B7FF5FB change Leader from null to caeb75b6-27c7-410d-b6eb-8f738956b5a3 at term 1 for becomeLeader, leader elected after 5094ms
2019-09-19 09:40:52,785 [00cd5ee6-30a6-4c0a-bb6c-a5a65ddde9fb:group-DCFCDCCCEC51:LeaderElection57] INFO  server.RaftServerConfigKeys (ConfUtils.java:logGet(43)) - raft.server.staging.catchup.gap = 1000 (default)
2019-09-19 09:40:52,785 [caeb75b6-27c7-410d-b6eb-8f738956b5a3:group-1B5D3B7FF5FB:LeaderElection56] INFO  server.RaftServerConfigKeys (ConfUtils.java:logGet(43)) - raft.server.staging.catchup.gap = 1000 (default)
2019-09-19 09:40:52,786 [00cd5ee6-30a6-4c0a-bb6c-a5a65ddde9fb:group-DCFCDCCCEC51:LeaderElection57] INFO  server.RaftServerConfigKeys (ConfUtils.java:logGet(43)) - raft.server.rpc.sleep.time = 25ms (default)
2019-09-19 09:40:52,786 [caeb75b6-27c7-410d-b6eb-8f738956b5a3:group-1B5D3B7FF5FB:LeaderElection56] INFO  server.RaftServerConfigKeys (ConfUtils.java:logGet(43)) - raft.server.rpc.sleep.time = 25ms (default)
2019-09-19 09:40:52,786 [00cd5ee6-30a6-4c0a-bb6c-a5a65ddde9fb:group-DCFCDCCCEC51:LeaderElection57] INFO  server.RaftServerConfigKeys (ConfUtils.java:logGet(43)) - raft.server.write.element-limit = 4096 (default)
2019-09-19 09:40:52,786 [caeb75b6-27c7-410d-b6eb-8f738956b5a3:group-1B5D3B7FF5FB:LeaderElection56] INFO  server.RaftServerConfigKeys (ConfUtils.java:logGet(43)) - raft.server.write.element-limit = 4096 (default)
2019-09-19 09:40:52,786 [00cd5ee6-30a6-4c0a-bb6c-a5a65ddde9fb:group-DCFCDCCCEC51:LeaderElection57] INFO  server.RaftServerConfigKeys (ConfUtils.java:logGet(43)) - raft.server.watch.timeout = 10s (default)
2019-09-19 09:40:52,786 [caeb75b6-27c7-410d-b6eb-8f738956b5a3:group-1B5D3B7FF5FB:LeaderElection56] INFO  server.RaftServerConfigKeys (ConfUtils.java:logGet(43)) - raft.server.watch.timeout = 10s (default)
2019-09-19 09:40:52,787 [00cd5ee6-30a6-4c0a-bb6c-a5a65ddde9fb:group-DCFCDCCCEC51:LeaderElection57] INFO  server.RaftServerConfigKeys (ConfUtils.java:logGet(43)) - raft.server.watch.timeout.denomination = 1s (default)
2019-09-19 09:40:52,787 [caeb75b6-27c7-410d-b6eb-8f738956b5a3:group-1B5D3B7FF5FB:LeaderElection56] INFO  server.RaftServerConfigKeys (ConfUtils.java:logGet(43)) - raft.server.watch.timeout.denomination = 1s (default)
2019-09-19 09:40:52,787 [00cd5ee6-30a6-4c0a-bb6c-a5a65ddde9fb:group-DCFCDCCCEC51:LeaderElection57] INFO  server.RaftServerConfigKeys (ConfUtils.java:logGet(43)) - raft.server.watch.element-limit = 65536 (default)
2019-09-19 09:40:52,787 [caeb75b6-27c7-410d-b6eb-8f738956b5a3:group-1B5D3B7FF5FB:LeaderElection56] INFO  server.RaftServerConfigKeys (ConfUtils.java:logGet(43)) - raft.server.watch.element-limit = 65536 (default)
2019-09-19 09:40:52,787 [00cd5ee6-30a6-4c0a-bb6c-a5a65ddde9fb:group-DCFCDCCCEC51:LeaderElection57] INFO  impl.RoleInfo (RoleInfo.java:updateAndGet(143)) - 00cd5ee6-30a6-4c0a-bb6c-a5a65ddde9fb: start LeaderState
2019-09-19 09:40:52,787 [caeb75b6-27c7-410d-b6eb-8f738956b5a3:group-1B5D3B7FF5FB:LeaderElection56] INFO  impl.RoleInfo (RoleInfo.java:updateAndGet(143)) - caeb75b6-27c7-410d-b6eb-8f738956b5a3: start LeaderState
2019-09-19 09:40:52,788 [00cd5ee6-30a6-4c0a-bb6c-a5a65ddde9fb:group-DCFCDCCCEC51:LeaderElection57] INFO  segmented.SegmentedRaftLogWorker (SegmentedRaftLogWorker.java:startLogSegment(380)) - 00cd5ee6-30a6-4c0a-bb6c-a5a65ddde9fb-SegmentedRaftLogWorker:Storage Directory /workdir/hadoop-ozone/ozonefs/target/test-dir/MiniOzoneClusterImpl-21ed0f53-0413-44c7-8609-f438100532e5/datanode-8/data/ratis/09939c08-29a9-4138-a498-dcfcdcccec51: Starting segment from index:0
2019-09-19 09:40:52,788 [caeb75b6-27c7-410d-b6eb-8f738956b5a3:group-1B5D3B7FF5FB:LeaderElection56] INFO  segmented.SegmentedRaftLogWorker (SegmentedRaftLogWorker.java:startLogSegment(380)) - caeb75b6-27c7-410d-b6eb-8f738956b5a3-SegmentedRaftLogWorker:Storage Directory /workdir/hadoop-ozone/ozonefs/target/test-dir/MiniOzoneClusterImpl-21ed0f53-0413-44c7-8609-f438100532e5/datanode-9/data/ratis/f09c908c-e274-4a49-a498-1b5d3b7ff5fb: Starting segment from index:0
2019-09-19 09:40:52,788 [00cd5ee6-30a6-4c0a-bb6c-a5a65ddde9fb:group-DCFCDCCCEC51:LeaderElection57] INFO  impl.RaftServerImpl (ServerState.java:setRaftConf(361)) - 00cd5ee6-30a6-4c0a-bb6c-a5a65ddde9fb:group-DCFCDCCCEC51 set configuration 0: [00cd5ee6-30a6-4c0a-bb6c-a5a65ddde9fb:192.168.34.5:39741], old=null at 0
2019-09-19 09:40:52,789 [caeb75b6-27c7-410d-b6eb-8f738956b5a3:group-1B5D3B7FF5FB:LeaderElection56] INFO  impl.RaftServerImpl (ServerState.java:setRaftConf(361)) - caeb75b6-27c7-410d-b6eb-8f738956b5a3:group-1B5D3B7FF5FB set configuration 0: [caeb75b6-27c7-410d-b6eb-8f738956b5a3:192.168.34.5:40604], old=null at 0
2019-09-19 09:40:52,836 [Thread-459] INFO  impl.FollowerState (FollowerState.java:run(106)) - caeb75b6-27c7-410d-b6eb-8f738956b5a3:group-C78AE491854D changes to CANDIDATE, lastRpcTime:5088, electionTimeout:5088ms
2019-09-19 09:40:52,836 [Thread-459] INFO  impl.RoleInfo (RoleInfo.java:shutdownFollowerState(121)) - caeb75b6-27c7-410d-b6eb-8f738956b5a3: shutdown FollowerState
2019-09-19 09:40:52,836 [Thread-459] INFO  impl.RaftServerImpl (RaftServerImpl.java:setRole(171)) - caeb75b6-27c7-410d-b6eb-8f738956b5a3:group-C78AE491854D changes role from FOLLOWER to CANDIDATE at term 0 for changeToCandidate
2019-09-19 09:40:52,836 [Thread-459] INFO  impl.RoleInfo (RoleInfo.java:updateAndGet(143)) - caeb75b6-27c7-410d-b6eb-8f738956b5a3: start LeaderElection
2019-09-19 09:40:52,837 [00cd5ee6-30a6-4c0a-bb6c-a5a65ddde9fb-SegmentedRaftLogWorker:Storage Directory /workdir/hadoop-ozone/ozonefs/target/test-dir/MiniOzoneClusterImpl-21ed0f53-0413-44c7-8609-f438100532e5/datanode-8/data/ratis/09939c08-29a9-4138-a498-dcfcdcccec51] INFO  segmented.SegmentedRaftLogWorker (SegmentedRaftLogWorker.java:execute(569)) - 00cd5ee6-30a6-4c0a-bb6c-a5a65ddde9fb-SegmentedRaftLogWorker:Storage Directory /workdir/hadoop-ozone/ozonefs/target/test-dir/MiniOzoneClusterImpl-21ed0f53-0413-44c7-8609-f438100532e5/datanode-8/data/ratis/09939c08-29a9-4138-a498-dcfcdcccec51: created new log segment /workdir/hadoop-ozone/ozonefs/target/test-dir/MiniOzoneClusterImpl-21ed0f53-0413-44c7-8609-f438100532e5/datanode-8/data/ratis/09939c08-29a9-4138-a498-dcfcdcccec51/current/log_inprogress_0
2019-09-19 09:40:52,837 [caeb75b6-27c7-410d-b6eb-8f738956b5a3-SegmentedRaftLogWorker:Storage Directory /workdir/hadoop-ozone/ozonefs/target/test-dir/MiniOzoneClusterImpl-21ed0f53-0413-44c7-8609-f438100532e5/datanode-9/data/ratis/f09c908c-e274-4a49-a498-1b5d3b7ff5fb] INFO  segmented.SegmentedRaftLogWorker (SegmentedRaftLogWorker.java:execute(569)) - caeb75b6-27c7-410d-b6eb-8f738956b5a3-SegmentedRaftLogWorker:Storage Directory /workdir/hadoop-ozone/ozonefs/target/test-dir/MiniOzoneClusterImpl-21ed0f53-0413-44c7-8609-f438100532e5/datanode-9/data/ratis/f09c908c-e274-4a49-a498-1b5d3b7ff5fb: created new log segment /workdir/hadoop-ozone/ozonefs/target/test-dir/MiniOzoneClusterImpl-21ed0f53-0413-44c7-8609-f438100532e5/datanode-9/data/ratis/f09c908c-e274-4a49-a498-1b5d3b7ff5fb/current/log_inprogress_0
2019-09-19 09:40:52,840 [caeb75b6-27c7-410d-b6eb-8f738956b5a3:group-C78AE491854D:LeaderElection58] INFO  impl.LeaderElection (LeaderElection.java:askForVotes(181)) - caeb75b6-27c7-410d-b6eb-8f738956b5a3:group-C78AE491854D:LeaderElection58: begin an election at term 1 for -1: [caeb75b6-27c7-410d-b6eb-8f738956b5a3:192.168.34.5:40604], old=null
2019-09-19 09:40:52,840 [caeb75b6-27c7-410d-b6eb-8f738956b5a3:group-C78AE491854D:LeaderElection58] INFO  impl.RoleInfo (RoleInfo.java:shutdownLeaderElection(134)) - caeb75b6-27c7-410d-b6eb-8f738956b5a3: shutdown LeaderElection
2019-09-19 09:40:52,841 [caeb75b6-27c7-410d-b6eb-8f738956b5a3:group-C78AE491854D:LeaderElection58] INFO  impl.RaftServerImpl (RaftServerImpl.java:setRole(171)) - caeb75b6-27c7-410d-b6eb-8f738956b5a3:group-C78AE491854D changes role from CANDIDATE to LEADER at term 1 for changeToLeader
2019-09-19 09:40:52,841 [caeb75b6-27c7-410d-b6eb-8f738956b5a3:group-C78AE491854D:LeaderElection58] INFO  impl.RaftServerImpl (ServerState.java:setLeader(263)) - caeb75b6-27c7-410d-b6eb-8f738956b5a3:group-C78AE491854D change Leader from null to caeb75b6-27c7-410d-b6eb-8f738956b5a3 at term 1 for becomeLeader, leader elected after 5098ms
2019-09-19 09:40:52,841 [caeb75b6-27c7-410d-b6eb-8f738956b5a3:group-C78AE491854D:LeaderElection58] INFO  server.RaftServerConfigKeys (ConfUtils.java:logGet(43)) - raft.server.staging.catchup.gap = 1000 (default)
2019-09-19 09:40:52,841 [caeb75b6-27c7-410d-b6eb-8f738956b5a3:group-C78AE491854D:LeaderElection58] INFO  server.RaftServerConfigKeys (ConfUtils.java:logGet(43)) - raft.server.rpc.sleep.time = 25ms (default)
2019-09-19 09:40:52,841 [caeb75b6-27c7-410d-b6eb-8f738956b5a3:group-C78AE491854D:LeaderElection58] INFO  server.RaftServerConfigKeys (ConfUtils.java:logGet(43)) - raft.server.write.element-limit = 4096 (default)
2019-09-19 09:40:52,842 [caeb75b6-27c7-410d-b6eb-8f738956b5a3:group-C78AE491854D:LeaderElection58] INFO  server.RaftServerConfigKeys (ConfUtils.java:logGet(43)) - raft.server.watch.timeout = 10s (default)
2019-09-19 09:40:52,842 [caeb75b6-27c7-410d-b6eb-8f738956b5a3:group-C78AE491854D:LeaderElection58] INFO  server.RaftServerConfigKeys (ConfUtils.java:logGet(43)) - raft.server.watch.timeout.denomination = 1s (default)
2019-09-19 09:40:52,842 [caeb75b6-27c7-410d-b6eb-8f738956b5a3:group-C78AE491854D:LeaderElection58] INFO  server.RaftServerConfigKeys (ConfUtils.java:logGet(43)) - raft.server.watch.element-limit = 65536 (default)
2019-09-19 09:40:52,842 [caeb75b6-27c7-410d-b6eb-8f738956b5a3:group-C78AE491854D:LeaderElection58] INFO  impl.RoleInfo (RoleInfo.java:updateAndGet(143)) - caeb75b6-27c7-410d-b6eb-8f738956b5a3: start LeaderState
2019-09-19 09:40:52,843 [caeb75b6-27c7-410d-b6eb-8f738956b5a3:group-C78AE491854D:LeaderElection58] INFO  segmented.SegmentedRaftLogWorker (SegmentedRaftLogWorker.java:startLogSegment(380)) - caeb75b6-27c7-410d-b6eb-8f738956b5a3-SegmentedRaftLogWorker:Storage Directory /workdir/hadoop-ozone/ozonefs/target/test-dir/MiniOzoneClusterImpl-21ed0f53-0413-44c7-8609-f438100532e5/datanode-9/data/ratis/ee6fa8f9-580f-45da-9c5e-c78ae491854d: Starting segment from index:0
2019-09-19 09:40:52,843 [caeb75b6-27c7-410d-b6eb-8f738956b5a3:group-C78AE491854D:LeaderElection58] INFO  impl.RaftServerImpl (ServerState.java:setRaftConf(361)) - caeb75b6-27c7-410d-b6eb-8f738956b5a3:group-C78AE491854D set configuration 0: [caeb75b6-27c7-410d-b6eb-8f738956b5a3:192.168.34.5:40604], old=null at 0
2019-09-19 09:40:52,890 [caeb75b6-27c7-410d-b6eb-8f738956b5a3-SegmentedRaftLogWorker:Storage Directory /workdir/hadoop-ozone/ozonefs/target/test-dir/MiniOzoneClusterImpl-21ed0f53-0413-44c7-8609-f438100532e5/datanode-9/data/ratis/ee6fa8f9-580f-45da-9c5e-c78ae491854d] INFO  segmented.SegmentedRaftLogWorker (SegmentedRaftLogWorker.java:execute(569)) - caeb75b6-27c7-410d-b6eb-8f738956b5a3-SegmentedRaftLogWorker:Storage Directory /workdir/hadoop-ozone/ozonefs/target/test-dir/MiniOzoneClusterImpl-21ed0f53-0413-44c7-8609-f438100532e5/datanode-9/data/ratis/ee6fa8f9-580f-45da-9c5e-c78ae491854d: created new log segment /workdir/hadoop-ozone/ozonefs/target/test-dir/MiniOzoneClusterImpl-21ed0f53-0413-44c7-8609-f438100532e5/datanode-9/data/ratis/ee6fa8f9-580f-45da-9c5e-c78ae491854d/current/log_inprogress_0
2019-09-19 09:40:52,890 | INFO  | SCMAudit | user=jenkins1000 | ip=192.168.34.5 | op=SEND_HEARTBEAT {datanodeUUID=bb9d252a-546d-48b3-aabe-52964da86e48, command=[]} | ret=SUCCESS |  
2019-09-19 09:40:52,924 [Thread-465] INFO  impl.FollowerState (FollowerState.java:run(106)) - caeb75b6-27c7-410d-b6eb-8f738956b5a3:group-4E632D8CD741 changes to CANDIDATE, lastRpcTime:5085, electionTimeout:5085ms
2019-09-19 09:40:52,924 [Thread-465] INFO  impl.RoleInfo (RoleInfo.java:shutdownFollowerState(121)) - caeb75b6-27c7-410d-b6eb-8f738956b5a3: shutdown FollowerState
2019-09-19 09:40:52,924 [Thread-465] INFO  impl.RaftServerImpl (RaftServerImpl.java:setRole(171)) - caeb75b6-27c7-410d-b6eb-8f738956b5a3:group-4E632D8CD741 changes role from FOLLOWER to CANDIDATE at term 0 for changeToCandidate
2019-09-19 09:40:52,924 [Thread-465] INFO  impl.RoleInfo (RoleInfo.java:updateAndGet(143)) - caeb75b6-27c7-410d-b6eb-8f738956b5a3: start LeaderElection
2019-09-19 09:40:52,925 [Thread-462] INFO  impl.FollowerState (FollowerState.java:run(106)) - caeb75b6-27c7-410d-b6eb-8f738956b5a3:group-E6C16562FA14 changes to CANDIDATE, lastRpcTime:5129, electionTimeout:5129ms
2019-09-19 09:40:52,926 [Thread-462] INFO  impl.RoleInfo (RoleInfo.java:shutdownFollowerState(121)) - caeb75b6-27c7-410d-b6eb-8f738956b5a3: shutdown FollowerState
2019-09-19 09:40:52,926 [Thread-462] INFO  impl.RaftServerImpl (RaftServerImpl.java:setRole(171)) - caeb75b6-27c7-410d-b6eb-8f738956b5a3:group-E6C16562FA14 changes role from FOLLOWER to CANDIDATE at term 0 for changeToCandidate
2019-09-19 09:40:52,926 [Thread-462] INFO  impl.RoleInfo (RoleInfo.java:updateAndGet(143)) - caeb75b6-27c7-410d-b6eb-8f738956b5a3: start LeaderElection
2019-09-19 09:40:52,939 [caeb75b6-27c7-410d-b6eb-8f738956b5a3:group-E6C16562FA14:LeaderElection60] INFO  impl.LeaderElection (LeaderElection.java:askForVotes(181)) - caeb75b6-27c7-410d-b6eb-8f738956b5a3:group-E6C16562FA14:LeaderElection60: begin an election at term 1 for -1: [caeb75b6-27c7-410d-b6eb-8f738956b5a3:192.168.34.5:40604], old=null
2019-09-19 09:40:52,939 [caeb75b6-27c7-410d-b6eb-8f738956b5a3:group-4E632D8CD741:LeaderElection59] INFO  impl.LeaderElection (LeaderElection.java:askForVotes(181)) - caeb75b6-27c7-410d-b6eb-8f738956b5a3:group-4E632D8CD741:LeaderElection59: begin an election at term 1 for -1: [caeb75b6-27c7-410d-b6eb-8f738956b5a3:192.168.34.5:40604], old=null
2019-09-19 09:40:52,939 [caeb75b6-27c7-410d-b6eb-8f738956b5a3:group-E6C16562FA14:LeaderElection60] INFO  impl.RoleInfo (RoleInfo.java:shutdownLeaderElection(134)) - caeb75b6-27c7-410d-b6eb-8f738956b5a3: shutdown LeaderElection
2019-09-19 09:40:52,939 [caeb75b6-27c7-410d-b6eb-8f738956b5a3:group-4E632D8CD741:LeaderElection59] INFO  impl.RoleInfo (RoleInfo.java:shutdownLeaderElection(134)) - caeb75b6-27c7-410d-b6eb-8f738956b5a3: shutdown LeaderElection
2019-09-19 09:40:52,939 [caeb75b6-27c7-410d-b6eb-8f738956b5a3:group-E6C16562FA14:LeaderElection60] INFO  impl.RaftServerImpl (RaftServerImpl.java:setRole(171)) - caeb75b6-27c7-410d-b6eb-8f738956b5a3:group-E6C16562FA14 changes role from CANDIDATE to LEADER at term 1 for changeToLeader
2019-09-19 09:40:52,939 [caeb75b6-27c7-410d-b6eb-8f738956b5a3:group-4E632D8CD741:LeaderElection59] INFO  impl.RaftServerImpl (RaftServerImpl.java:setRole(171)) - caeb75b6-27c7-410d-b6eb-8f738956b5a3:group-4E632D8CD741 changes role from CANDIDATE to LEADER at term 1 for changeToLeader
2019-09-19 09:40:52,939 [caeb75b6-27c7-410d-b6eb-8f738956b5a3:group-E6C16562FA14:LeaderElection60] INFO  impl.RaftServerImpl (ServerState.java:setLeader(263)) - caeb75b6-27c7-410d-b6eb-8f738956b5a3:group-E6C16562FA14 change Leader from null to caeb75b6-27c7-410d-b6eb-8f738956b5a3 at term 1 for becomeLeader, leader elected after 5147ms
2019-09-19 09:40:52,940 [caeb75b6-27c7-410d-b6eb-8f738956b5a3:group-4E632D8CD741:LeaderElection59] INFO  impl.RaftServerImpl (ServerState.java:setLeader(263)) - caeb75b6-27c7-410d-b6eb-8f738956b5a3:group-4E632D8CD741 change Leader from null to caeb75b6-27c7-410d-b6eb-8f738956b5a3 at term 1 for becomeLeader, leader elected after 5105ms
2019-09-19 09:40:52,940 [caeb75b6-27c7-410d-b6eb-8f738956b5a3:group-E6C16562FA14:LeaderElection60] INFO  server.RaftServerConfigKeys (ConfUtils.java:logGet(43)) - raft.server.staging.catchup.gap = 1000 (default)
2019-09-19 09:40:52,940 [caeb75b6-27c7-410d-b6eb-8f738956b5a3:group-4E632D8CD741:LeaderElection59] INFO  server.RaftServerConfigKeys (ConfUtils.java:logGet(43)) - raft.server.staging.catchup.gap = 1000 (default)
2019-09-19 09:40:52,940 [caeb75b6-27c7-410d-b6eb-8f738956b5a3:group-E6C16562FA14:LeaderElection60] INFO  server.RaftServerConfigKeys (ConfUtils.java:logGet(43)) - raft.server.rpc.sleep.time = 25ms (default)
2019-09-19 09:40:52,940 [caeb75b6-27c7-410d-b6eb-8f738956b5a3:group-4E632D8CD741:LeaderElection59] INFO  server.RaftServerConfigKeys (ConfUtils.java:logGet(43)) - raft.server.rpc.sleep.time = 25ms (default)
2019-09-19 09:40:52,940 [caeb75b6-27c7-410d-b6eb-8f738956b5a3:group-E6C16562FA14:LeaderElection60] INFO  server.RaftServerConfigKeys (ConfUtils.java:logGet(43)) - raft.server.write.element-limit = 4096 (default)
2019-09-19 09:40:52,941 [caeb75b6-27c7-410d-b6eb-8f738956b5a3:group-4E632D8CD741:LeaderElection59] INFO  server.RaftServerConfigKeys (ConfUtils.java:logGet(43)) - raft.server.write.element-limit = 4096 (default)
2019-09-19 09:40:52,941 [caeb75b6-27c7-410d-b6eb-8f738956b5a3:group-E6C16562FA14:LeaderElection60] INFO  server.RaftServerConfigKeys (ConfUtils.java:logGet(43)) - raft.server.watch.timeout = 10s (default)
2019-09-19 09:40:52,941 [caeb75b6-27c7-410d-b6eb-8f738956b5a3:group-4E632D8CD741:LeaderElection59] INFO  server.RaftServerConfigKeys (ConfUtils.java:logGet(43)) - raft.server.watch.timeout = 10s (default)
2019-09-19 09:40:52,941 [caeb75b6-27c7-410d-b6eb-8f738956b5a3:group-E6C16562FA14:LeaderElection60] INFO  server.RaftServerConfigKeys (ConfUtils.java:logGet(43)) - raft.server.watch.timeout.denomination = 1s (default)
2019-09-19 09:40:52,941 [caeb75b6-27c7-410d-b6eb-8f738956b5a3:group-4E632D8CD741:LeaderElection59] INFO  server.RaftServerConfigKeys (ConfUtils.java:logGet(43)) - raft.server.watch.timeout.denomination = 1s (default)
2019-09-19 09:40:52,941 [caeb75b6-27c7-410d-b6eb-8f738956b5a3:group-E6C16562FA14:LeaderElection60] INFO  server.RaftServerConfigKeys (ConfUtils.java:logGet(43)) - raft.server.watch.element-limit = 65536 (default)
2019-09-19 09:40:52,941 [caeb75b6-27c7-410d-b6eb-8f738956b5a3:group-4E632D8CD741:LeaderElection59] INFO  server.RaftServerConfigKeys (ConfUtils.java:logGet(43)) - raft.server.watch.element-limit = 65536 (default)
2019-09-19 09:40:52,942 [caeb75b6-27c7-410d-b6eb-8f738956b5a3:group-E6C16562FA14:LeaderElection60] INFO  impl.RoleInfo (RoleInfo.java:updateAndGet(143)) - caeb75b6-27c7-410d-b6eb-8f738956b5a3: start LeaderState
2019-09-19 09:40:52,942 [caeb75b6-27c7-410d-b6eb-8f738956b5a3:group-4E632D8CD741:LeaderElection59] INFO  impl.RoleInfo (RoleInfo.java:updateAndGet(143)) - caeb75b6-27c7-410d-b6eb-8f738956b5a3: start LeaderState
2019-09-19 09:40:52,942 [caeb75b6-27c7-410d-b6eb-8f738956b5a3:group-E6C16562FA14:LeaderElection60] INFO  segmented.SegmentedRaftLogWorker (SegmentedRaftLogWorker.java:startLogSegment(380)) - caeb75b6-27c7-410d-b6eb-8f738956b5a3-SegmentedRaftLogWorker:Storage Directory /workdir/hadoop-ozone/ozonefs/target/test-dir/MiniOzoneClusterImpl-21ed0f53-0413-44c7-8609-f438100532e5/datanode-9/data/ratis/a5560317-bf3a-4360-89c7-e6c16562fa14: Starting segment from index:0
2019-09-19 09:40:52,942 [caeb75b6-27c7-410d-b6eb-8f738956b5a3:group-4E632D8CD741:LeaderElection59] INFO  segmented.SegmentedRaftLogWorker (SegmentedRaftLogWorker.java:startLogSegment(380)) - caeb75b6-27c7-410d-b6eb-8f738956b5a3-SegmentedRaftLogWorker:Storage Directory /workdir/hadoop-ozone/ozonefs/target/test-dir/MiniOzoneClusterImpl-21ed0f53-0413-44c7-8609-f438100532e5/datanode-9/data/ratis/5cde4831-1c22-46df-a550-4e632d8cd741: Starting segment from index:0
2019-09-19 09:40:52,943 [caeb75b6-27c7-410d-b6eb-8f738956b5a3:group-E6C16562FA14:LeaderElection60] INFO  impl.RaftServerImpl (ServerState.java:setRaftConf(361)) - caeb75b6-27c7-410d-b6eb-8f738956b5a3:group-E6C16562FA14 set configuration 0: [caeb75b6-27c7-410d-b6eb-8f738956b5a3:192.168.34.5:40604], old=null at 0
2019-09-19 09:40:52,943 [caeb75b6-27c7-410d-b6eb-8f738956b5a3:group-4E632D8CD741:LeaderElection59] INFO  impl.RaftServerImpl (ServerState.java:setRaftConf(361)) - caeb75b6-27c7-410d-b6eb-8f738956b5a3:group-4E632D8CD741 set configuration 0: [caeb75b6-27c7-410d-b6eb-8f738956b5a3:192.168.34.5:40604], old=null at 0
2019-09-19 09:40:52,991 [caeb75b6-27c7-410d-b6eb-8f738956b5a3-SegmentedRaftLogWorker:Storage Directory /workdir/hadoop-ozone/ozonefs/target/test-dir/MiniOzoneClusterImpl-21ed0f53-0413-44c7-8609-f438100532e5/datanode-9/data/ratis/5cde4831-1c22-46df-a550-4e632d8cd741] INFO  segmented.SegmentedRaftLogWorker (SegmentedRaftLogWorker.java:execute(569)) - caeb75b6-27c7-410d-b6eb-8f738956b5a3-SegmentedRaftLogWorker:Storage Directory /workdir/hadoop-ozone/ozonefs/target/test-dir/MiniOzoneClusterImpl-21ed0f53-0413-44c7-8609-f438100532e5/datanode-9/data/ratis/5cde4831-1c22-46df-a550-4e632d8cd741: created new log segment /workdir/hadoop-ozone/ozonefs/target/test-dir/MiniOzoneClusterImpl-21ed0f53-0413-44c7-8609-f438100532e5/datanode-9/data/ratis/5cde4831-1c22-46df-a550-4e632d8cd741/current/log_inprogress_0
2019-09-19 09:40:52,991 [caeb75b6-27c7-410d-b6eb-8f738956b5a3-SegmentedRaftLogWorker:Storage Directory /workdir/hadoop-ozone/ozonefs/target/test-dir/MiniOzoneClusterImpl-21ed0f53-0413-44c7-8609-f438100532e5/datanode-9/data/ratis/a5560317-bf3a-4360-89c7-e6c16562fa14] INFO  segmented.SegmentedRaftLogWorker (SegmentedRaftLogWorker.java:execute(569)) - caeb75b6-27c7-410d-b6eb-8f738956b5a3-SegmentedRaftLogWorker:Storage Directory /workdir/hadoop-ozone/ozonefs/target/test-dir/MiniOzoneClusterImpl-21ed0f53-0413-44c7-8609-f438100532e5/datanode-9/data/ratis/a5560317-bf3a-4360-89c7-e6c16562fa14: created new log segment /workdir/hadoop-ozone/ozonefs/target/test-dir/MiniOzoneClusterImpl-21ed0f53-0413-44c7-8609-f438100532e5/datanode-9/data/ratis/a5560317-bf3a-4360-89c7-e6c16562fa14/current/log_inprogress_0
2019-09-19 09:40:53,112 | INFO  | SCMAudit | user=jenkins1000 | ip=192.168.34.5 | op=SEND_HEARTBEAT {datanodeUUID=7076406d-aee0-4126-8bab-f0c87a3fcebd, command=[]} | ret=SUCCESS |  
2019-09-19 09:40:53,137 | INFO  | SCMAudit | user=jenkins1000 | ip=192.168.34.5 | op=SEND_HEARTBEAT {datanodeUUID=1bcbd64b-2199-49e1-86d3-4e4b64d88b4a, command=[]} | ret=SUCCESS |  
2019-09-19 09:40:53,625 | INFO  | SCMAudit | user=jenkins1000 | ip=192.168.34.5 | op=SEND_HEARTBEAT {datanodeUUID=1cd79902-2a06-4a3f-8023-3eba64f51293, command=[]} | ret=SUCCESS |  
2019-09-19 09:40:53,625 | INFO  | SCMAudit | user=jenkins1000 | ip=192.168.34.5 | op=SEND_HEARTBEAT {datanodeUUID=caeb75b6-27c7-410d-b6eb-8f738956b5a3, command=[]} | ret=SUCCESS |  
2019-09-19 09:40:53,625 | INFO  | SCMAudit | user=jenkins1000 | ip=192.168.34.5 | op=SEND_HEARTBEAT {datanodeUUID=28f77823-de9e-44cc-bd18-5b415144a5bf, command=[]} | ret=SUCCESS |  
2019-09-19 09:40:53,625 | INFO  | SCMAudit | user=jenkins1000 | ip=192.168.34.5 | op=SEND_HEARTBEAT {datanodeUUID=47e0c7c0-2680-4f55-9417-80daafef46d1, command=[]} | ret=SUCCESS |  
2019-09-19 09:40:53,625 | INFO  | SCMAudit | user=jenkins1000 | ip=192.168.34.5 | op=SEND_HEARTBEAT {datanodeUUID=00cd5ee6-30a6-4c0a-bb6c-a5a65ddde9fb, command=[]} | ret=SUCCESS |  
2019-09-19 09:40:53,626 | INFO  | SCMAudit | user=jenkins1000 | ip=192.168.34.5 | op=SEND_HEARTBEAT {datanodeUUID=d87be78c-f122-4471-b781-d01263e91835, command=[]} | ret=SUCCESS |  
2019-09-19 09:40:54,303 | INFO  | SCMAudit | user=jenkins1000 | ip=192.168.34.5 | op=SEND_HEARTBEAT {datanodeUUID=7076406d-aee0-4126-8bab-f0c87a3fcebd, command=[]} | ret=SUCCESS |  
2019-09-19 09:40:54,303 | INFO  | SCMAudit | user=jenkins1000 | ip=192.168.34.5 | op=SEND_HEARTBEAT {datanodeUUID=1bcbd64b-2199-49e1-86d3-4e4b64d88b4a, command=[]} | ret=SUCCESS |  
2019-09-19 09:40:54,396 | INFO  | SCMAudit | user=jenkins1000 | ip=192.168.34.5 | op=SEND_HEARTBEAT {datanodeUUID=bb9d252a-546d-48b3-aabe-52964da86e48, command=[]} | ret=SUCCESS |  
2019-09-19 09:40:54,397 | INFO  | SCMAudit | user=jenkins1000 | ip=192.168.34.5 | op=SEND_HEARTBEAT {datanodeUUID=90577c55-fd31-444d-84bd-73a3c37bc268, command=[]} | ret=SUCCESS |  
2019-09-19 09:40:54,498 [IPC Server handler 8 on 35505] ERROR pipeline.PipelinePlacementPolicy (PipelinePlacementPolicy.java:meetCriteria(91)) - Pipeline Placement: Doesn't meet the criteria to be viable node. Heaviness: 6
2019-09-19 09:40:54,499 [IPC Server handler 8 on 35505] ERROR pipeline.PipelinePlacementPolicy (PipelinePlacementPolicy.java:meetCriteria(91)) - Pipeline Placement: Doesn't meet the criteria to be viable node. Heaviness: 6
2019-09-19 09:40:54,499 [IPC Server handler 8 on 35505] ERROR pipeline.PipelinePlacementPolicy (PipelinePlacementPolicy.java:meetCriteria(91)) - Pipeline Placement: Doesn't meet the criteria to be viable node. Heaviness: 6
2019-09-19 09:40:54,499 [IPC Server handler 8 on 35505] ERROR pipeline.PipelinePlacementPolicy (PipelinePlacementPolicy.java:meetCriteria(91)) - Pipeline Placement: Doesn't meet the criteria to be viable node. Heaviness: 6
2019-09-19 09:40:54,499 [IPC Server handler 8 on 35505] ERROR pipeline.PipelinePlacementPolicy (PipelinePlacementPolicy.java:meetCriteria(91)) - Pipeline Placement: Doesn't meet the criteria to be viable node. Heaviness: 6
2019-09-19 09:40:54,499 [IPC Server handler 8 on 35505] ERROR pipeline.PipelinePlacementPolicy (PipelinePlacementPolicy.java:meetCriteria(91)) - Pipeline Placement: Doesn't meet the criteria to be viable node. Heaviness: 6
2019-09-19 09:40:54,499 [IPC Server handler 8 on 35505] ERROR pipeline.PipelinePlacementPolicy (PipelinePlacementPolicy.java:meetCriteria(91)) - Pipeline Placement: Doesn't meet the criteria to be viable node. Heaviness: 6
2019-09-19 09:40:54,499 [IPC Server handler 8 on 35505] ERROR pipeline.PipelinePlacementPolicy (PipelinePlacementPolicy.java:meetCriteria(91)) - Pipeline Placement: Doesn't meet the criteria to be viable node. Heaviness: 6
2019-09-19 09:40:54,500 [IPC Server handler 8 on 35505] ERROR pipeline.PipelinePlacementPolicy (PipelinePlacementPolicy.java:meetCriteria(91)) - Pipeline Placement: Doesn't meet the criteria to be viable node. Heaviness: 6
2019-09-19 09:40:54,500 [IPC Server handler 8 on 35505] ERROR pipeline.PipelinePlacementPolicy (PipelinePlacementPolicy.java:meetCriteria(91)) - Pipeline Placement: Doesn't meet the criteria to be viable node. Heaviness: 6
2019-09-19 09:40:54,500 [IPC Server handler 8 on 35505] ERROR pipeline.PipelinePlacementPolicy (PipelinePlacementPolicy.java:filterViableNodes(146)) - Unable to find enough nodes that meet the criteria that cannot engage in more than 5 pipelines. Nodes required: 3 Found: 0, healthy nodes count inNodeManager: 10.
2019-09-19 09:40:54,500 [IPC Server handler 8 on 35505] ERROR pipeline.SCMPipelineManager (SCMPipelineManager.java:createPipeline(161)) - Pipeline creation failed due to exception: Unable to find enough nodes that meet the criteria that cannot engage in more than 5 pipelines. Nodes required: 3 Found: 0, healthy nodes count inNodeManager: 10.
2019-09-19 09:40:54,501 [IPC Server handler 8 on 35505] WARN  block.BlockManagerImpl (BlockManagerImpl.java:allocateBlock(192)) - Pipeline creation failed for type:RATIS factor:THREE. Retrying get pipelines call once.
org.apache.hadoop.hdds.scm.exceptions.SCMException: Unable to find enough nodes that meet the criteria that cannot engage in more than 5 pipelines. Nodes required: 3 Found: 0, healthy nodes count inNodeManager: 10.
	at org.apache.hadoop.hdds.scm.pipeline.PipelinePlacementPolicy.filterViableNodes(PipelinePlacementPolicy.java:147)
	at org.apache.hadoop.hdds.scm.pipeline.PipelinePlacementPolicy.chooseDatanodes(PipelinePlacementPolicy.java:170)
	at org.apache.hadoop.hdds.scm.pipeline.RatisPipelineProvider.create(RatisPipelineProvider.java:92)
	at org.apache.hadoop.hdds.scm.pipeline.PipelineFactory.create(PipelineFactory.java:57)
	at org.apache.hadoop.hdds.scm.pipeline.SCMPipelineManager.createPipeline(SCMPipelineManager.java:149)
	at org.apache.hadoop.hdds.scm.block.BlockManagerImpl.allocateBlock(BlockManagerImpl.java:190)
	at org.apache.hadoop.hdds.scm.server.SCMBlockProtocolServer.allocateBlock(SCMBlockProtocolServer.java:175)
	at org.apache.hadoop.ozone.protocolPB.ScmBlockLocationProtocolServerSideTranslatorPB.allocateScmBlock(ScmBlockLocationProtocolServerSideTranslatorPB.java:153)
	at org.apache.hadoop.ozone.protocolPB.ScmBlockLocationProtocolServerSideTranslatorPB.send(ScmBlockLocationProtocolServerSideTranslatorPB.java:112)
	at org.apache.hadoop.hdds.protocol.proto.ScmBlockLocationProtocolProtos$ScmBlockLocationProtocolService$2.callBlockingMethod(ScmBlockLocationProtocolProtos.java:13157)
	at org.apache.hadoop.ipc.ProtobufRpcEngine$Server$ProtoBufRpcInvoker.call(ProtobufRpcEngine.java:524)
	at org.apache.hadoop.ipc.RPC$Server.call(RPC.java:1025)
	at org.apache.hadoop.ipc.Server$RpcCall.run(Server.java:876)
	at org.apache.hadoop.ipc.Server$RpcCall.run(Server.java:822)
	at java.security.AccessController.doPrivileged(Native Method)
	at javax.security.auth.Subject.doAs(Subject.java:422)
	at org.apache.hadoop.security.UserGroupInformation.doAs(UserGroupInformation.java:1730)
	at org.apache.hadoop.ipc.Server$Handler.run(Server.java:2682)
2019-09-19 09:40:54,502 [IPC Server handler 8 on 35505] INFO  block.BlockManagerImpl (BlockManagerImpl.java:allocateBlock(198)) - Could not find available pipeline of type:RATIS and factor:THREE even after retrying
2019-09-19 09:40:54,502 [IPC Server handler 8 on 35505] ERROR block.BlockManagerImpl (BlockManagerImpl.java:allocateBlock(222)) - Unable to allocate a block for the size: 4194304, type: RATIS, factor: THREE
2019-09-19 09:40:54,503 | INFO  | SCMAudit | user=jenkins1000 | ip=192.168.34.5 | op=ALLOCATE_BLOCK {owner=7ec36a22-5289-48fa-a548-4ad91eff37e7, size=4194304, type=RATIS, factor=THREE} | ret=SUCCESS |  
2019-09-19 09:40:54,507 | ERROR | OMAudit | user=jenkins1000 | ip=127.0.0.1 | op=CREATE_FILE {volume=volume16217, bucket=bucket29509, key=DFrab, dataSize=0, replicationType=RATIS, replicationFactor=THREE, keyLocationInfo=null} | ret=FAILURE | org.apache.hadoop.hdds.scm.exceptions.SCMException: Allocated 0 blocks. Requested 1 blocks
	at org.apache.hadoop.hdds.scm.protocolPB.ScmBlockLocationProtocolClientSideTranslatorPB.handleError(ScmBlockLocationProtocolClientSideTranslatorPB.java:118)
	at org.apache.hadoop.hdds.scm.protocolPB.ScmBlockLocationProtocolClientSideTranslatorPB.allocateBlock(ScmBlockLocationProtocolClientSideTranslatorPB.java:156) 
2019-09-19 09:40:54,512 [main] INFO  ozone.MiniOzoneClusterImpl (MiniOzoneClusterImpl.java:shutdown(321)) - Shutting down the Mini Ozone Cluster
2019-09-19 09:40:54,512 | INFO  | SCMAudit | user=null | ip=null | op=GET_SCM_INFO null | ret=SUCCESS |  
2019-09-19 09:40:54,513 [main] INFO  ozone.MiniOzoneClusterImpl (MiniOzoneClusterImpl.java:stop(336)) - Stopping the Mini Ozone Cluster
2019-09-19 09:40:54,513 [main] INFO  ozone.MiniOzoneClusterImpl (MiniOzoneClusterImpl.java:stop(338)) - Stopping the OzoneManager
2019-09-19 09:40:54,513 [main] INFO  ipc.Server (Server.java:stop(3082)) - Stopping server on 43122
2019-09-19 09:40:54,531 [IPC Server listener on 43122] INFO  ipc.Server (Server.java:run(1185)) - Stopping IPC Server listener on 43122
2019-09-19 09:40:54,534 [main] INFO  ratis.OzoneManagerDoubleBuffer (OzoneManagerDoubleBuffer.java:stop(248)) - Stopping OMDoubleBuffer flush thread
2019-09-19 09:40:54,534 [IPC Server Responder] INFO  ipc.Server (Server.java:run(1319)) - Stopping IPC Server Responder
2019-09-19 09:40:54,538 [OMDoubleBufferFlushThread] INFO  ratis.OzoneManagerDoubleBuffer (OzoneManagerDoubleBuffer.java:flushTransactions(191)) - OMDoubleBuffer flush thread OMDoubleBufferFlushThread is interrupted and will exit. OMDoubleBufferFlushThread
2019-09-19 09:40:54,550 [main] INFO  utils.BackgroundService (BackgroundService.java:shutdown(148)) - Shutting down service KeyDeletingService
2019-09-19 09:40:54,554 [main] INFO  handler.ContextHandler (ContextHandler.java:doStop(910)) - Stopped o.e.j.w.WebAppContext@2098d37d{/,null,UNAVAILABLE}{/ozoneManager}
2019-09-19 09:40:54,559 [main] INFO  server.AbstractConnector (AbstractConnector.java:doStop(318)) - Stopped ServerConnector@77b9d0c7{HTTP/1.1,[http/1.1]}{0.0.0.0:0}
2019-09-19 09:40:54,560 [main] INFO  handler.ContextHandler (ContextHandler.java:doStop(910)) - Stopped o.e.j.s.ServletContextHandler@e4d2696{/static,jar:file:/home/user/.m2/repository/org/apache/hadoop/hadoop-ozone-ozone-manager/0.5.0-SNAPSHOT/hadoop-ozone-ozone-manager-0.5.0-SNAPSHOT.jar!/webapps/static,UNAVAILABLE}
2019-09-19 09:40:54,560 [main] INFO  handler.ContextHandler (ContextHandler.java:doStop(910)) - Stopped o.e.j.s.ServletContextHandler@109d724c{/logs,file:///workdir/hadoop-ozone/ozonefs/target/log,UNAVAILABLE}
2019-09-19 09:40:54,565 [main] INFO  ozone.MiniOzoneClusterImpl (MiniOzoneClusterImpl.java:stop(344)) - Shutting the HddsDatanodes
2019-09-19 09:40:54,566 [main] INFO  datanode.ObjectStoreHandler (ObjectStoreHandler.java:close(155)) - Closing ObjectStoreHandler.
2019-09-19 09:40:54,566 [ForkJoinPool.commonPool-worker-1] INFO  datanode.ObjectStoreHandler (ObjectStoreHandler.java:close(155)) - Closing ObjectStoreHandler.
2019-09-19 09:40:54,569 [main] INFO  ozone.HddsDatanodeService (HddsDatanodeService.java:stop(451)) - Stopped plug-in org.apache.hadoop.ozone.web.OzoneHddsDatanodeService@1d283d1
2019-09-19 09:40:54,569 [ForkJoinPool.commonPool-worker-1] INFO  ozone.HddsDatanodeService (HddsDatanodeService.java:stop(451)) - Stopped plug-in org.apache.hadoop.ozone.web.OzoneHddsDatanodeService@3a3f96ab
2019-09-19 09:40:54,623 [Datanode State Machine Thread - 0] INFO  statemachine.DatanodeStateMachine (DatanodeStateMachine.java:lambda$startDaemon$0(350)) - Ozone container server started.
2019-09-19 09:40:54,624 | INFO  | SCMAudit | user=jenkins1000 | ip=192.168.34.5 | op=SEND_HEARTBEAT {datanodeUUID=caeb75b6-27c7-410d-b6eb-8f738956b5a3, command=[]} | ret=SUCCESS |  
2019-09-19 09:40:54,625 | INFO  | SCMAudit | user=jenkins1000 | ip=192.168.34.5 | op=SEND_HEARTBEAT {datanodeUUID=28f77823-de9e-44cc-bd18-5b415144a5bf, command=[]} | ret=SUCCESS |  
2019-09-19 09:40:54,625 | INFO  | SCMAudit | user=jenkins1000 | ip=192.168.34.5 | op=SEND_HEARTBEAT {datanodeUUID=d87be78c-f122-4471-b781-d01263e91835, command=[]} | ret=SUCCESS |  
2019-09-19 09:40:54,626 | INFO  | SCMAudit | user=jenkins1000 | ip=192.168.34.5 | op=SEND_HEARTBEAT {datanodeUUID=00cd5ee6-30a6-4c0a-bb6c-a5a65ddde9fb, command=[]} | ret=SUCCESS |  
2019-09-19 09:40:54,626 | INFO  | SCMAudit | user=jenkins1000 | ip=192.168.34.5 | op=SEND_HEARTBEAT {datanodeUUID=47e0c7c0-2680-4f55-9417-80daafef46d1, command=[]} | ret=SUCCESS |  
2019-09-19 09:40:55,303 | INFO  | SCMAudit | user=jenkins1000 | ip=192.168.34.5 | op=SEND_HEARTBEAT {datanodeUUID=1bcbd64b-2199-49e1-86d3-4e4b64d88b4a, command=[]} | ret=SUCCESS |  
2019-09-19 09:40:55,304 | INFO  | SCMAudit | user=jenkins1000 | ip=192.168.34.5 | op=SEND_HEARTBEAT {datanodeUUID=bb9d252a-546d-48b3-aabe-52964da86e48, command=[]} | ret=SUCCESS |  
2019-09-19 09:40:55,304 | INFO  | SCMAudit | user=jenkins1000 | ip=192.168.34.5 | op=SEND_HEARTBEAT {datanodeUUID=7076406d-aee0-4126-8bab-f0c87a3fcebd, command=[]} | ret=SUCCESS |  
2019-09-19 09:40:55,395 [Datanode State Machine Thread - 0] INFO  statemachine.DatanodeStateMachine (DatanodeStateMachine.java:lambda$startDaemon$0(350)) - Ozone container server started.
2019-09-19 09:40:55,624 | INFO  | SCMAudit | user=jenkins1000 | ip=192.168.34.5 | op=SEND_HEARTBEAT {datanodeUUID=caeb75b6-27c7-410d-b6eb-8f738956b5a3, command=[]} | ret=SUCCESS |  
2019-09-19 09:40:55,625 | INFO  | SCMAudit | user=jenkins1000 | ip=192.168.34.5 | op=SEND_HEARTBEAT {datanodeUUID=28f77823-de9e-44cc-bd18-5b415144a5bf, command=[]} | ret=SUCCESS |  
2019-09-19 09:40:55,625 | INFO  | SCMAudit | user=jenkins1000 | ip=192.168.34.5 | op=SEND_HEARTBEAT {datanodeUUID=47e0c7c0-2680-4f55-9417-80daafef46d1, command=[]} | ret=SUCCESS |  
2019-09-19 09:40:55,626 | INFO  | SCMAudit | user=jenkins1000 | ip=192.168.34.5 | op=SEND_HEARTBEAT {datanodeUUID=d87be78c-f122-4471-b781-d01263e91835, command=[]} | ret=SUCCESS |  
2019-09-19 09:40:55,627 | INFO  | SCMAudit | user=jenkins1000 | ip=192.168.34.5 | op=SEND_HEARTBEAT {datanodeUUID=00cd5ee6-30a6-4c0a-bb6c-a5a65ddde9fb, command=[]} | ret=SUCCESS |  
2019-09-19 09:40:56,303 | INFO  | SCMAudit | user=jenkins1000 | ip=192.168.34.5 | op=SEND_HEARTBEAT {datanodeUUID=7076406d-aee0-4126-8bab-f0c87a3fcebd, command=[]} | ret=SUCCESS |  
2019-09-19 09:40:56,303 | INFO  | SCMAudit | user=jenkins1000 | ip=192.168.34.5 | op=SEND_HEARTBEAT {datanodeUUID=1bcbd64b-2199-49e1-86d3-4e4b64d88b4a, command=[]} | ret=SUCCESS |  
2019-09-19 09:40:56,304 | INFO  | SCMAudit | user=jenkins1000 | ip=192.168.34.5 | op=SEND_HEARTBEAT {datanodeUUID=bb9d252a-546d-48b3-aabe-52964da86e48, command=[]} | ret=SUCCESS |  
2019-09-19 09:40:56,625 | INFO  | SCMAudit | user=jenkins1000 | ip=192.168.34.5 | op=SEND_HEARTBEAT {datanodeUUID=caeb75b6-27c7-410d-b6eb-8f738956b5a3, command=[]} | ret=SUCCESS |  
2019-09-19 09:40:56,625 | INFO  | SCMAudit | user=jenkins1000 | ip=192.168.34.5 | op=SEND_HEARTBEAT {datanodeUUID=28f77823-de9e-44cc-bd18-5b415144a5bf, command=[]} | ret=SUCCESS |  
2019-09-19 09:40:56,626 | INFO  | SCMAudit | user=jenkins1000 | ip=192.168.34.5 | op=SEND_HEARTBEAT {datanodeUUID=d87be78c-f122-4471-b781-d01263e91835, command=[]} | ret=SUCCESS |  
2019-09-19 09:40:56,626 | INFO  | SCMAudit | user=jenkins1000 | ip=192.168.34.5 | op=SEND_HEARTBEAT {datanodeUUID=47e0c7c0-2680-4f55-9417-80daafef46d1, command=[]} | ret=SUCCESS |  
2019-09-19 09:40:56,628 | INFO  | SCMAudit | user=jenkins1000 | ip=192.168.34.5 | op=SEND_HEARTBEAT {datanodeUUID=00cd5ee6-30a6-4c0a-bb6c-a5a65ddde9fb, command=[]} | ret=SUCCESS |  
2019-09-19 09:40:57,304 | INFO  | SCMAudit | user=jenkins1000 | ip=192.168.34.5 | op=SEND_HEARTBEAT {datanodeUUID=1bcbd64b-2199-49e1-86d3-4e4b64d88b4a, command=[]} | ret=SUCCESS |  
2019-09-19 09:40:57,304 | INFO  | SCMAudit | user=jenkins1000 | ip=192.168.34.5 | op=SEND_HEARTBEAT {datanodeUUID=7076406d-aee0-4126-8bab-f0c87a3fcebd, command=[]} | ret=SUCCESS |  
2019-09-19 09:40:57,304 | INFO  | SCMAudit | user=jenkins1000 | ip=192.168.34.5 | op=SEND_HEARTBEAT {datanodeUUID=bb9d252a-546d-48b3-aabe-52964da86e48, command=[]} | ret=SUCCESS |  
2019-09-19 09:40:57,624 | INFO  | SCMAudit | user=jenkins1000 | ip=192.168.34.5 | op=SEND_HEARTBEAT {datanodeUUID=caeb75b6-27c7-410d-b6eb-8f738956b5a3, command=[]} | ret=SUCCESS |  
2019-09-19 09:40:57,625 | INFO  | SCMAudit | user=jenkins1000 | ip=192.168.34.5 | op=SEND_HEARTBEAT {datanodeUUID=28f77823-de9e-44cc-bd18-5b415144a5bf, command=[]} | ret=SUCCESS |  
2019-09-19 09:40:57,626 | INFO  | SCMAudit | user=jenkins1000 | ip=192.168.34.5 | op=SEND_HEARTBEAT {datanodeUUID=47e0c7c0-2680-4f55-9417-80daafef46d1, command=[]} | ret=SUCCESS |  
2019-09-19 09:40:57,626 | INFO  | SCMAudit | user=jenkins1000 | ip=192.168.34.5 | op=SEND_HEARTBEAT {datanodeUUID=d87be78c-f122-4471-b781-d01263e91835, command=[]} | ret=SUCCESS |  
2019-09-19 09:40:57,628 | INFO  | SCMAudit | user=jenkins1000 | ip=192.168.34.5 | op=SEND_HEARTBEAT {datanodeUUID=00cd5ee6-30a6-4c0a-bb6c-a5a65ddde9fb, command=[]} | ret=SUCCESS |  
2019-09-19 09:40:58,302 | INFO  | SCMAudit | user=jenkins1000 | ip=192.168.34.5 | op=SEND_HEARTBEAT {datanodeUUID=1bcbd64b-2199-49e1-86d3-4e4b64d88b4a, command=[]} | ret=SUCCESS |  
2019-09-19 09:40:58,303 | INFO  | SCMAudit | user=jenkins1000 | ip=192.168.34.5 | op=SEND_HEARTBEAT {datanodeUUID=7076406d-aee0-4126-8bab-f0c87a3fcebd, command=[]} | ret=SUCCESS |  
2019-09-19 09:40:58,303 | INFO  | SCMAudit | user=jenkins1000 | ip=192.168.34.5 | op=SEND_HEARTBEAT {datanodeUUID=bb9d252a-546d-48b3-aabe-52964da86e48, command=[]} | ret=SUCCESS |  
2019-09-19 09:40:58,624 | INFO  | SCMAudit | user=jenkins1000 | ip=192.168.34.5 | op=SEND_HEARTBEAT {datanodeUUID=caeb75b6-27c7-410d-b6eb-8f738956b5a3, command=[]} | ret=SUCCESS |  
2019-09-19 09:40:58,625 | INFO  | SCMAudit | user=jenkins1000 | ip=192.168.34.5 | op=SEND_HEARTBEAT {datanodeUUID=28f77823-de9e-44cc-bd18-5b415144a5bf, command=[]} | ret=SUCCESS |  
2019-09-19 09:40:58,625 | INFO  | SCMAudit | user=jenkins1000 | ip=192.168.34.5 | op=SEND_HEARTBEAT {datanodeUUID=d87be78c-f122-4471-b781-d01263e91835, command=[]} | ret=SUCCESS |  
2019-09-19 09:40:58,626 | INFO  | SCMAudit | user=jenkins1000 | ip=192.168.34.5 | op=SEND_HEARTBEAT {datanodeUUID=47e0c7c0-2680-4f55-9417-80daafef46d1, command=[]} | ret=SUCCESS |  
2019-09-19 09:40:58,627 | INFO  | SCMAudit | user=jenkins1000 | ip=192.168.34.5 | op=SEND_HEARTBEAT {datanodeUUID=00cd5ee6-30a6-4c0a-bb6c-a5a65ddde9fb, command=[]} | ret=SUCCESS |  
2019-09-19 09:40:59,304 | INFO  | SCMAudit | user=jenkins1000 | ip=192.168.34.5 | op=SEND_HEARTBEAT {datanodeUUID=1bcbd64b-2199-49e1-86d3-4e4b64d88b4a, command=[]} | ret=SUCCESS |  
2019-09-19 09:40:59,304 | INFO  | SCMAudit | user=jenkins1000 | ip=192.168.34.5 | op=SEND_HEARTBEAT {datanodeUUID=bb9d252a-546d-48b3-aabe-52964da86e48, command=[]} | ret=SUCCESS |  
2019-09-19 09:40:59,304 | INFO  | SCMAudit | user=jenkins1000 | ip=192.168.34.5 | op=SEND_HEARTBEAT {datanodeUUID=7076406d-aee0-4126-8bab-f0c87a3fcebd, command=[]} | ret=SUCCESS |  
2019-09-19 09:40:59,573 [ForkJoinPool.commonPool-worker-1] INFO  ozoneimpl.OzoneContainer (OzoneContainer.java:stop(199)) - Attempting to stop container services.
2019-09-19 09:40:59,573 [main] INFO  ozoneimpl.OzoneContainer (OzoneContainer.java:stop(199)) - Attempting to stop container services.
2019-09-19 09:40:59,575 [ForkJoinPool.commonPool-worker-1] INFO  impl.RaftServerProxy (RaftServerProxy.java:lambda$close$4(314)) - 90577c55-fd31-444d-84bd-73a3c37bc268: close
2019-09-19 09:40:59,575 [main] INFO  impl.RaftServerProxy (RaftServerProxy.java:lambda$close$4(314)) - 1cd79902-2a06-4a3f-8023-3eba64f51293: close
2019-09-19 09:40:59,578 [ForkJoinPool.commonPool-worker-1] INFO  impl.RaftServerImpl (RaftServerImpl.java:lambda$shutdown$3(245)) - 90577c55-fd31-444d-84bd-73a3c37bc268: shutdown group-212F0D0CC4A4
2019-09-19 09:40:59,578 [main] INFO  impl.RaftServerImpl (RaftServerImpl.java:lambda$shutdown$3(245)) - 1cd79902-2a06-4a3f-8023-3eba64f51293: shutdown group-D28124931AB6
2019-09-19 09:40:59,578 [ForkJoinPool.commonPool-worker-1] INFO  util.JmxRegister (JmxRegister.java:unregister(73)) - Successfully un-registered JMX Bean with object name Ratis:service=RaftServer,group=group-212F0D0CC4A4,id=90577c55-fd31-444d-84bd-73a3c37bc268
2019-09-19 09:40:59,579 [main] INFO  util.JmxRegister (JmxRegister.java:unregister(73)) - Successfully un-registered JMX Bean with object name Ratis:service=RaftServer,group=group-D28124931AB6,id=1cd79902-2a06-4a3f-8023-3eba64f51293
2019-09-19 09:40:59,579 [main] INFO  impl.RoleInfo (RoleInfo.java:shutdownLeaderState(104)) - 1cd79902-2a06-4a3f-8023-3eba64f51293: shutdown LeaderState
2019-09-19 09:40:59,579 [ForkJoinPool.commonPool-worker-1] INFO  impl.RoleInfo (RoleInfo.java:shutdownLeaderState(104)) - 90577c55-fd31-444d-84bd-73a3c37bc268: shutdown LeaderState
2019-09-19 09:40:59,581 [ForkJoinPool.commonPool-worker-1] INFO  impl.PendingRequests (PendingRequests.java:sendNotLeaderResponses(202)) - 90577c55-fd31-444d-84bd-73a3c37bc268-PendingRequests: sendNotLeaderResponses
2019-09-19 09:40:59,581 [main] INFO  impl.PendingRequests (PendingRequests.java:sendNotLeaderResponses(202)) - 1cd79902-2a06-4a3f-8023-3eba64f51293-PendingRequests: sendNotLeaderResponses
2019-09-19 09:40:59,587 [ForkJoinPool.commonPool-worker-1] INFO  impl.StateMachineUpdater (StateMachineUpdater.java:stopAndJoin(115)) - StateMachineUpdater:90577c55-fd31-444d-84bd-73a3c37bc268:group-212F0D0CC4A4: set stopIndex = 0
2019-09-19 09:40:59,587 [main] INFO  impl.StateMachineUpdater (StateMachineUpdater.java:stopAndJoin(115)) - StateMachineUpdater:1cd79902-2a06-4a3f-8023-3eba64f51293:group-D28124931AB6: set stopIndex = 0
2019-09-19 09:40:59,591 [ForkJoinPool.commonPool-worker-1] INFO  impl.RaftServerImpl (ServerState.java:close(394)) - 90577c55-fd31-444d-84bd-73a3c37bc268:group-212F0D0CC4A4 closes. The last applied log index is 0
2019-09-19 09:40:59,591 [main] INFO  impl.RaftServerImpl (ServerState.java:close(394)) - 1cd79902-2a06-4a3f-8023-3eba64f51293:group-D28124931AB6 closes. The last applied log index is 0
2019-09-19 09:40:59,593 [90577c55-fd31-444d-84bd-73a3c37bc268-SegmentedRaftLogWorker:Storage Directory /workdir/hadoop-ozone/ozonefs/target/test-dir/MiniOzoneClusterImpl-21ed0f53-0413-44c7-8609-f438100532e5/datanode-2/data/ratis/4508457b-a267-4bd4-8153-212f0d0cc4a4] INFO  segmented.SegmentedRaftLogWorker (SegmentedRaftLogWorker.java:run(313)) - 90577c55-fd31-444d-84bd-73a3c37bc268-SegmentedRaftLogWorker:Storage Directory /workdir/hadoop-ozone/ozonefs/target/test-dir/MiniOzoneClusterImpl-21ed0f53-0413-44c7-8609-f438100532e5/datanode-2/data/ratis/4508457b-a267-4bd4-8153-212f0d0cc4a4 was interrupted, exiting. There are 0 tasks remaining in the queue.
2019-09-19 09:40:59,593 [1cd79902-2a06-4a3f-8023-3eba64f51293-SegmentedRaftLogWorker:Storage Directory /workdir/hadoop-ozone/ozonefs/target/test-dir/MiniOzoneClusterImpl-21ed0f53-0413-44c7-8609-f438100532e5/datanode-5/data/ratis/a828a380-c8ed-4deb-969f-d28124931ab6] INFO  segmented.SegmentedRaftLogWorker (SegmentedRaftLogWorker.java:run(313)) - 1cd79902-2a06-4a3f-8023-3eba64f51293-SegmentedRaftLogWorker:Storage Directory /workdir/hadoop-ozone/ozonefs/target/test-dir/MiniOzoneClusterImpl-21ed0f53-0413-44c7-8609-f438100532e5/datanode-5/data/ratis/a828a380-c8ed-4deb-969f-d28124931ab6 was interrupted, exiting. There are 0 tasks remaining in the queue.
2019-09-19 09:40:59,601 [ForkJoinPool.commonPool-worker-1] INFO  segmented.SegmentedRaftLogWorker (SegmentedRaftLogWorker.java:close(228)) - 90577c55-fd31-444d-84bd-73a3c37bc268-SegmentedRaftLogWorker:Storage Directory /workdir/hadoop-ozone/ozonefs/target/test-dir/MiniOzoneClusterImpl-21ed0f53-0413-44c7-8609-f438100532e5/datanode-2/data/ratis/4508457b-a267-4bd4-8153-212f0d0cc4a4 close()
2019-09-19 09:40:59,601 [main] INFO  segmented.SegmentedRaftLogWorker (SegmentedRaftLogWorker.java:close(228)) - 1cd79902-2a06-4a3f-8023-3eba64f51293-SegmentedRaftLogWorker:Storage Directory /workdir/hadoop-ozone/ozonefs/target/test-dir/MiniOzoneClusterImpl-21ed0f53-0413-44c7-8609-f438100532e5/datanode-5/data/ratis/a828a380-c8ed-4deb-969f-d28124931ab6 close()
2019-09-19 09:40:59,607 [ForkJoinPool.commonPool-worker-1] INFO  impl.RaftServerImpl (RaftServerImpl.java:lambda$shutdown$3(245)) - 90577c55-fd31-444d-84bd-73a3c37bc268: shutdown group-7733A115A218
2019-09-19 09:40:59,613 [main] INFO  impl.RaftServerImpl (RaftServerImpl.java:lambda$shutdown$3(245)) - 1cd79902-2a06-4a3f-8023-3eba64f51293: shutdown group-FB1B83837F3D
2019-09-19 09:40:59,613 [ForkJoinPool.commonPool-worker-1] INFO  util.JmxRegister (JmxRegister.java:unregister(73)) - Successfully un-registered JMX Bean with object name Ratis:service=RaftServer,group=group-7733A115A218,id=90577c55-fd31-444d-84bd-73a3c37bc268
2019-09-19 09:40:59,614 [main] INFO  util.JmxRegister (JmxRegister.java:unregister(73)) - Successfully un-registered JMX Bean with object name Ratis:service=RaftServer,group=group-FB1B83837F3D,id=1cd79902-2a06-4a3f-8023-3eba64f51293
2019-09-19 09:40:59,614 [ForkJoinPool.commonPool-worker-1] INFO  impl.RoleInfo (RoleInfo.java:shutdownLeaderState(104)) - 90577c55-fd31-444d-84bd-73a3c37bc268: shutdown LeaderState
2019-09-19 09:40:59,614 [main] INFO  impl.RoleInfo (RoleInfo.java:shutdownLeaderState(104)) - 1cd79902-2a06-4a3f-8023-3eba64f51293: shutdown LeaderState
2019-09-19 09:40:59,615 [ForkJoinPool.commonPool-worker-1] INFO  impl.PendingRequests (PendingRequests.java:sendNotLeaderResponses(202)) - 90577c55-fd31-444d-84bd-73a3c37bc268-PendingRequests: sendNotLeaderResponses
2019-09-19 09:40:59,615 [main] INFO  impl.PendingRequests (PendingRequests.java:sendNotLeaderResponses(202)) - 1cd79902-2a06-4a3f-8023-3eba64f51293-PendingRequests: sendNotLeaderResponses
2019-09-19 09:40:59,615 [ForkJoinPool.commonPool-worker-1] INFO  impl.StateMachineUpdater (StateMachineUpdater.java:stopAndJoin(115)) - StateMachineUpdater:90577c55-fd31-444d-84bd-73a3c37bc268:group-7733A115A218: set stopIndex = 0
2019-09-19 09:40:59,616 [main] INFO  impl.StateMachineUpdater (StateMachineUpdater.java:stopAndJoin(115)) - StateMachineUpdater:1cd79902-2a06-4a3f-8023-3eba64f51293:group-FB1B83837F3D: set stopIndex = 0
2019-09-19 09:40:59,616 [ForkJoinPool.commonPool-worker-1] INFO  impl.RaftServerImpl (ServerState.java:close(394)) - 90577c55-fd31-444d-84bd-73a3c37bc268:group-7733A115A218 closes. The last applied log index is 0
2019-09-19 09:40:59,616 [main] INFO  impl.RaftServerImpl (ServerState.java:close(394)) - 1cd79902-2a06-4a3f-8023-3eba64f51293:group-FB1B83837F3D closes. The last applied log index is 0
2019-09-19 09:40:59,617 [90577c55-fd31-444d-84bd-73a3c37bc268-SegmentedRaftLogWorker:Storage Directory /workdir/hadoop-ozone/ozonefs/target/test-dir/MiniOzoneClusterImpl-21ed0f53-0413-44c7-8609-f438100532e5/datanode-2/data/ratis/71fa7db9-a382-43c4-a6df-7733a115a218] INFO  segmented.SegmentedRaftLogWorker (SegmentedRaftLogWorker.java:run(313)) - 90577c55-fd31-444d-84bd-73a3c37bc268-SegmentedRaftLogWorker:Storage Directory /workdir/hadoop-ozone/ozonefs/target/test-dir/MiniOzoneClusterImpl-21ed0f53-0413-44c7-8609-f438100532e5/datanode-2/data/ratis/71fa7db9-a382-43c4-a6df-7733a115a218 was interrupted, exiting. There are 0 tasks remaining in the queue.
2019-09-19 09:40:59,617 [1cd79902-2a06-4a3f-8023-3eba64f51293-SegmentedRaftLogWorker:Storage Directory /workdir/hadoop-ozone/ozonefs/target/test-dir/MiniOzoneClusterImpl-21ed0f53-0413-44c7-8609-f438100532e5/datanode-5/data/ratis/0122f73f-b3c5-4c79-9fc2-fb1b83837f3d] INFO  segmented.SegmentedRaftLogWorker (SegmentedRaftLogWorker.java:run(313)) - 1cd79902-2a06-4a3f-8023-3eba64f51293-SegmentedRaftLogWorker:Storage Directory /workdir/hadoop-ozone/ozonefs/target/test-dir/MiniOzoneClusterImpl-21ed0f53-0413-44c7-8609-f438100532e5/datanode-5/data/ratis/0122f73f-b3c5-4c79-9fc2-fb1b83837f3d was interrupted, exiting. There are 0 tasks remaining in the queue.
2019-09-19 09:40:59,620 [ForkJoinPool.commonPool-worker-1] INFO  segmented.SegmentedRaftLogWorker (SegmentedRaftLogWorker.java:close(228)) - 90577c55-fd31-444d-84bd-73a3c37bc268-SegmentedRaftLogWorker:Storage Directory /workdir/hadoop-ozone/ozonefs/target/test-dir/MiniOzoneClusterImpl-21ed0f53-0413-44c7-8609-f438100532e5/datanode-2/data/ratis/71fa7db9-a382-43c4-a6df-7733a115a218 close()
2019-09-19 09:40:59,623 [main] INFO  segmented.SegmentedRaftLogWorker (SegmentedRaftLogWorker.java:close(228)) - 1cd79902-2a06-4a3f-8023-3eba64f51293-SegmentedRaftLogWorker:Storage Directory /workdir/hadoop-ozone/ozonefs/target/test-dir/MiniOzoneClusterImpl-21ed0f53-0413-44c7-8609-f438100532e5/datanode-5/data/ratis/0122f73f-b3c5-4c79-9fc2-fb1b83837f3d close()
2019-09-19 09:40:59,628 [ForkJoinPool.commonPool-worker-1] INFO  impl.RaftServerImpl (RaftServerImpl.java:lambda$shutdown$3(245)) - 90577c55-fd31-444d-84bd-73a3c37bc268: shutdown group-4E38B6D47140
2019-09-19 09:40:59,636 [main] INFO  impl.RaftServerImpl (RaftServerImpl.java:lambda$shutdown$3(245)) - 1cd79902-2a06-4a3f-8023-3eba64f51293: shutdown group-B898259ADE98
2019-09-19 09:40:59,636 | INFO  | SCMAudit | user=jenkins1000 | ip=192.168.34.5 | op=SEND_HEARTBEAT {datanodeUUID=d87be78c-f122-4471-b781-d01263e91835, command=[]} | ret=SUCCESS |  
2019-09-19 09:40:59,637 | INFO  | SCMAudit | user=jenkins1000 | ip=192.168.34.5 | op=SEND_HEARTBEAT {datanodeUUID=47e0c7c0-2680-4f55-9417-80daafef46d1, command=[]} | ret=SUCCESS |  
2019-09-19 09:40:59,636 | INFO  | SCMAudit | user=jenkins1000 | ip=192.168.34.5 | op=SEND_HEARTBEAT {datanodeUUID=caeb75b6-27c7-410d-b6eb-8f738956b5a3, command=[]} | ret=SUCCESS |  
2019-09-19 09:40:59,636 [main] INFO  util.JmxRegister (JmxRegister.java:unregister(73)) - Successfully un-registered JMX Bean with object name Ratis:service=RaftServer,group=group-B898259ADE98,id=1cd79902-2a06-4a3f-8023-3eba64f51293
2019-09-19 09:40:59,637 | INFO  | SCMAudit | user=jenkins1000 | ip=192.168.34.5 | op=SEND_HEARTBEAT {datanodeUUID=28f77823-de9e-44cc-bd18-5b415144a5bf, command=[]} | ret=SUCCESS |  
2019-09-19 09:40:59,637 | INFO  | SCMAudit | user=jenkins1000 | ip=192.168.34.5 | op=SEND_HEARTBEAT {datanodeUUID=00cd5ee6-30a6-4c0a-bb6c-a5a65ddde9fb, command=[]} | ret=SUCCESS |  
2019-09-19 09:40:59,636 [ForkJoinPool.commonPool-worker-1] INFO  util.JmxRegister (JmxRegister.java:unregister(73)) - Successfully un-registered JMX Bean with object name Ratis:service=RaftServer,group=group-4E38B6D47140,id=90577c55-fd31-444d-84bd-73a3c37bc268
2019-09-19 09:40:59,637 [main] INFO  impl.RoleInfo (RoleInfo.java:shutdownLeaderState(104)) - 1cd79902-2a06-4a3f-8023-3eba64f51293: shutdown LeaderState
2019-09-19 09:40:59,637 [ForkJoinPool.commonPool-worker-1] INFO  impl.RoleInfo (RoleInfo.java:shutdownLeaderState(104)) - 90577c55-fd31-444d-84bd-73a3c37bc268: shutdown LeaderState
2019-09-19 09:40:59,638 [main] INFO  impl.PendingRequests (PendingRequests.java:sendNotLeaderResponses(202)) - 1cd79902-2a06-4a3f-8023-3eba64f51293-PendingRequests: sendNotLeaderResponses
2019-09-19 09:40:59,638 [ForkJoinPool.commonPool-worker-1] INFO  impl.PendingRequests (PendingRequests.java:sendNotLeaderResponses(202)) - 90577c55-fd31-444d-84bd-73a3c37bc268-PendingRequests: sendNotLeaderResponses
2019-09-19 09:40:59,638 [main] INFO  impl.StateMachineUpdater (StateMachineUpdater.java:stopAndJoin(115)) - StateMachineUpdater:1cd79902-2a06-4a3f-8023-3eba64f51293:group-B898259ADE98: set stopIndex = 0
2019-09-19 09:40:59,639 [ForkJoinPool.commonPool-worker-1] INFO  impl.StateMachineUpdater (StateMachineUpdater.java:stopAndJoin(115)) - StateMachineUpdater:90577c55-fd31-444d-84bd-73a3c37bc268:group-4E38B6D47140: set stopIndex = 0
2019-09-19 09:40:59,639 [main] INFO  impl.RaftServerImpl (ServerState.java:close(394)) - 1cd79902-2a06-4a3f-8023-3eba64f51293:group-B898259ADE98 closes. The last applied log index is 0
2019-09-19 09:40:59,639 [ForkJoinPool.commonPool-worker-1] INFO  impl.RaftServerImpl (ServerState.java:close(394)) - 90577c55-fd31-444d-84bd-73a3c37bc268:group-4E38B6D47140 closes. The last applied log index is 0
2019-09-19 09:40:59,640 [1cd79902-2a06-4a3f-8023-3eba64f51293-SegmentedRaftLogWorker:Storage Directory /workdir/hadoop-ozone/ozonefs/target/test-dir/MiniOzoneClusterImpl-21ed0f53-0413-44c7-8609-f438100532e5/datanode-5/data/ratis/5448d97a-b1ff-4d46-88e0-b898259ade98] INFO  segmented.SegmentedRaftLogWorker (SegmentedRaftLogWorker.java:run(313)) - 1cd79902-2a06-4a3f-8023-3eba64f51293-SegmentedRaftLogWorker:Storage Directory /workdir/hadoop-ozone/ozonefs/target/test-dir/MiniOzoneClusterImpl-21ed0f53-0413-44c7-8609-f438100532e5/datanode-5/data/ratis/5448d97a-b1ff-4d46-88e0-b898259ade98 was interrupted, exiting. There are 0 tasks remaining in the queue.
2019-09-19 09:40:59,640 [90577c55-fd31-444d-84bd-73a3c37bc268-SegmentedRaftLogWorker:Storage Directory /workdir/hadoop-ozone/ozonefs/target/test-dir/MiniOzoneClusterImpl-21ed0f53-0413-44c7-8609-f438100532e5/datanode-2/data/ratis/40375298-6712-45c6-9997-4e38b6d47140] INFO  segmented.SegmentedRaftLogWorker (SegmentedRaftLogWorker.java:run(313)) - 90577c55-fd31-444d-84bd-73a3c37bc268-SegmentedRaftLogWorker:Storage Directory /workdir/hadoop-ozone/ozonefs/target/test-dir/MiniOzoneClusterImpl-21ed0f53-0413-44c7-8609-f438100532e5/datanode-2/data/ratis/40375298-6712-45c6-9997-4e38b6d47140 was interrupted, exiting. There are 0 tasks remaining in the queue.
2019-09-19 09:40:59,643 [main] INFO  segmented.SegmentedRaftLogWorker (SegmentedRaftLogWorker.java:close(228)) - 1cd79902-2a06-4a3f-8023-3eba64f51293-SegmentedRaftLogWorker:Storage Directory /workdir/hadoop-ozone/ozonefs/target/test-dir/MiniOzoneClusterImpl-21ed0f53-0413-44c7-8609-f438100532e5/datanode-5/data/ratis/5448d97a-b1ff-4d46-88e0-b898259ade98 close()
2019-09-19 09:40:59,645 [ForkJoinPool.commonPool-worker-1] INFO  segmented.SegmentedRaftLogWorker (SegmentedRaftLogWorker.java:close(228)) - 90577c55-fd31-444d-84bd-73a3c37bc268-SegmentedRaftLogWorker:Storage Directory /workdir/hadoop-ozone/ozonefs/target/test-dir/MiniOzoneClusterImpl-21ed0f53-0413-44c7-8609-f438100532e5/datanode-2/data/ratis/40375298-6712-45c6-9997-4e38b6d47140 close()
2019-09-19 09:40:59,650 [main] INFO  impl.RaftServerImpl (RaftServerImpl.java:lambda$shutdown$3(245)) - 1cd79902-2a06-4a3f-8023-3eba64f51293: shutdown group-324EBC65A8E4
2019-09-19 09:40:59,655 [ForkJoinPool.commonPool-worker-1] INFO  impl.RaftServerImpl (RaftServerImpl.java:lambda$shutdown$3(245)) - 90577c55-fd31-444d-84bd-73a3c37bc268: shutdown group-76C05438BA26
2019-09-19 09:40:59,655 [main] INFO  util.JmxRegister (JmxRegister.java:unregister(73)) - Successfully un-registered JMX Bean with object name Ratis:service=RaftServer,group=group-324EBC65A8E4,id=1cd79902-2a06-4a3f-8023-3eba64f51293
2019-09-19 09:40:59,656 [ForkJoinPool.commonPool-worker-1] INFO  util.JmxRegister (JmxRegister.java:unregister(73)) - Successfully un-registered JMX Bean with object name Ratis:service=RaftServer,group=group-76C05438BA26,id=90577c55-fd31-444d-84bd-73a3c37bc268
2019-09-19 09:40:59,656 [main] INFO  impl.RoleInfo (RoleInfo.java:shutdownLeaderState(104)) - 1cd79902-2a06-4a3f-8023-3eba64f51293: shutdown LeaderState
2019-09-19 09:40:59,656 [ForkJoinPool.commonPool-worker-1] INFO  impl.RoleInfo (RoleInfo.java:shutdownLeaderState(104)) - 90577c55-fd31-444d-84bd-73a3c37bc268: shutdown LeaderState
2019-09-19 09:40:59,656 [main] INFO  impl.PendingRequests (PendingRequests.java:sendNotLeaderResponses(202)) - 1cd79902-2a06-4a3f-8023-3eba64f51293-PendingRequests: sendNotLeaderResponses
2019-09-19 09:40:59,657 [ForkJoinPool.commonPool-worker-1] INFO  impl.PendingRequests (PendingRequests.java:sendNotLeaderResponses(202)) - 90577c55-fd31-444d-84bd-73a3c37bc268-PendingRequests: sendNotLeaderResponses
2019-09-19 09:40:59,657 [main] INFO  impl.StateMachineUpdater (StateMachineUpdater.java:stopAndJoin(115)) - StateMachineUpdater:1cd79902-2a06-4a3f-8023-3eba64f51293:group-324EBC65A8E4: set stopIndex = 0
2019-09-19 09:40:59,657 [ForkJoinPool.commonPool-worker-1] INFO  impl.StateMachineUpdater (StateMachineUpdater.java:stopAndJoin(115)) - StateMachineUpdater:90577c55-fd31-444d-84bd-73a3c37bc268:group-76C05438BA26: set stopIndex = 0
2019-09-19 09:40:59,658 [main] INFO  impl.RaftServerImpl (ServerState.java:close(394)) - 1cd79902-2a06-4a3f-8023-3eba64f51293:group-324EBC65A8E4 closes. The last applied log index is 0
2019-09-19 09:40:59,658 [ForkJoinPool.commonPool-worker-1] INFO  impl.RaftServerImpl (ServerState.java:close(394)) - 90577c55-fd31-444d-84bd-73a3c37bc268:group-76C05438BA26 closes. The last applied log index is 0
2019-09-19 09:40:59,658 [1cd79902-2a06-4a3f-8023-3eba64f51293-SegmentedRaftLogWorker:Storage Directory /workdir/hadoop-ozone/ozonefs/target/test-dir/MiniOzoneClusterImpl-21ed0f53-0413-44c7-8609-f438100532e5/datanode-5/data/ratis/27dcb5a6-ff35-4e6d-99d5-324ebc65a8e4] INFO  segmented.SegmentedRaftLogWorker (SegmentedRaftLogWorker.java:run(313)) - 1cd79902-2a06-4a3f-8023-3eba64f51293-SegmentedRaftLogWorker:Storage Directory /workdir/hadoop-ozone/ozonefs/target/test-dir/MiniOzoneClusterImpl-21ed0f53-0413-44c7-8609-f438100532e5/datanode-5/data/ratis/27dcb5a6-ff35-4e6d-99d5-324ebc65a8e4 was interrupted, exiting. There are 0 tasks remaining in the queue.
2019-09-19 09:40:59,659 [90577c55-fd31-444d-84bd-73a3c37bc268-SegmentedRaftLogWorker:Storage Directory /workdir/hadoop-ozone/ozonefs/target/test-dir/MiniOzoneClusterImpl-21ed0f53-0413-44c7-8609-f438100532e5/datanode-2/data/ratis/a5bc8428-d7e0-40e3-965b-76c05438ba26] INFO  segmented.SegmentedRaftLogWorker (SegmentedRaftLogWorker.java:run(313)) - 90577c55-fd31-444d-84bd-73a3c37bc268-SegmentedRaftLogWorker:Storage Directory /workdir/hadoop-ozone/ozonefs/target/test-dir/MiniOzoneClusterImpl-21ed0f53-0413-44c7-8609-f438100532e5/datanode-2/data/ratis/a5bc8428-d7e0-40e3-965b-76c05438ba26 was interrupted, exiting. There are 0 tasks remaining in the queue.
2019-09-19 09:40:59,661 [main] INFO  segmented.SegmentedRaftLogWorker (SegmentedRaftLogWorker.java:close(228)) - 1cd79902-2a06-4a3f-8023-3eba64f51293-SegmentedRaftLogWorker:Storage Directory /workdir/hadoop-ozone/ozonefs/target/test-dir/MiniOzoneClusterImpl-21ed0f53-0413-44c7-8609-f438100532e5/datanode-5/data/ratis/27dcb5a6-ff35-4e6d-99d5-324ebc65a8e4 close()
2019-09-19 09:40:59,663 [ForkJoinPool.commonPool-worker-1] INFO  segmented.SegmentedRaftLogWorker (SegmentedRaftLogWorker.java:close(228)) - 90577c55-fd31-444d-84bd-73a3c37bc268-SegmentedRaftLogWorker:Storage Directory /workdir/hadoop-ozone/ozonefs/target/test-dir/MiniOzoneClusterImpl-21ed0f53-0413-44c7-8609-f438100532e5/datanode-2/data/ratis/a5bc8428-d7e0-40e3-965b-76c05438ba26 close()
2019-09-19 09:40:59,668 [main] INFO  impl.RaftServerImpl (RaftServerImpl.java:lambda$shutdown$3(245)) - 1cd79902-2a06-4a3f-8023-3eba64f51293: shutdown group-0CA0B019C0A5
2019-09-19 09:40:59,672 [ForkJoinPool.commonPool-worker-1] INFO  impl.RaftServerImpl (RaftServerImpl.java:lambda$shutdown$3(245)) - 90577c55-fd31-444d-84bd-73a3c37bc268: shutdown group-F6D7BEA2190B
2019-09-19 09:40:59,672 [main] INFO  util.JmxRegister (JmxRegister.java:unregister(73)) - Successfully un-registered JMX Bean with object name Ratis:service=RaftServer,group=group-0CA0B019C0A5,id=1cd79902-2a06-4a3f-8023-3eba64f51293
2019-09-19 09:40:59,672 [ForkJoinPool.commonPool-worker-1] INFO  util.JmxRegister (JmxRegister.java:unregister(73)) - Successfully un-registered JMX Bean with object name Ratis:service=RaftServer,group=group-F6D7BEA2190B,id=90577c55-fd31-444d-84bd-73a3c37bc268
2019-09-19 09:40:59,673 [main] INFO  impl.RoleInfo (RoleInfo.java:shutdownLeaderState(104)) - 1cd79902-2a06-4a3f-8023-3eba64f51293: shutdown LeaderState
2019-09-19 09:40:59,673 [ForkJoinPool.commonPool-worker-1] INFO  impl.RoleInfo (RoleInfo.java:shutdownLeaderState(104)) - 90577c55-fd31-444d-84bd-73a3c37bc268: shutdown LeaderState
2019-09-19 09:40:59,673 [main] INFO  impl.PendingRequests (PendingRequests.java:sendNotLeaderResponses(202)) - 1cd79902-2a06-4a3f-8023-3eba64f51293-PendingRequests: sendNotLeaderResponses
2019-09-19 09:40:59,673 [ForkJoinPool.commonPool-worker-1] INFO  impl.PendingRequests (PendingRequests.java:sendNotLeaderResponses(202)) - 90577c55-fd31-444d-84bd-73a3c37bc268-PendingRequests: sendNotLeaderResponses
2019-09-19 09:40:59,674 [main] INFO  impl.StateMachineUpdater (StateMachineUpdater.java:stopAndJoin(115)) - StateMachineUpdater:1cd79902-2a06-4a3f-8023-3eba64f51293:group-0CA0B019C0A5: set stopIndex = 0
2019-09-19 09:40:59,674 [ForkJoinPool.commonPool-worker-1] INFO  impl.StateMachineUpdater (StateMachineUpdater.java:stopAndJoin(115)) - StateMachineUpdater:90577c55-fd31-444d-84bd-73a3c37bc268:group-F6D7BEA2190B: set stopIndex = 0
2019-09-19 09:40:59,674 [main] INFO  impl.RaftServerImpl (ServerState.java:close(394)) - 1cd79902-2a06-4a3f-8023-3eba64f51293:group-0CA0B019C0A5 closes. The last applied log index is 0
2019-09-19 09:40:59,675 [ForkJoinPool.commonPool-worker-1] INFO  impl.RaftServerImpl (ServerState.java:close(394)) - 90577c55-fd31-444d-84bd-73a3c37bc268:group-F6D7BEA2190B closes. The last applied log index is 0
2019-09-19 09:40:59,675 [1cd79902-2a06-4a3f-8023-3eba64f51293-SegmentedRaftLogWorker:Storage Directory /workdir/hadoop-ozone/ozonefs/target/test-dir/MiniOzoneClusterImpl-21ed0f53-0413-44c7-8609-f438100532e5/datanode-5/data/ratis/a9d1f30e-decf-4c75-84b1-0ca0b019c0a5] INFO  segmented.SegmentedRaftLogWorker (SegmentedRaftLogWorker.java:run(313)) - 1cd79902-2a06-4a3f-8023-3eba64f51293-SegmentedRaftLogWorker:Storage Directory /workdir/hadoop-ozone/ozonefs/target/test-dir/MiniOzoneClusterImpl-21ed0f53-0413-44c7-8609-f438100532e5/datanode-5/data/ratis/a9d1f30e-decf-4c75-84b1-0ca0b019c0a5 was interrupted, exiting. There are 0 tasks remaining in the queue.
2019-09-19 09:40:59,675 [90577c55-fd31-444d-84bd-73a3c37bc268-SegmentedRaftLogWorker:Storage Directory /workdir/hadoop-ozone/ozonefs/target/test-dir/MiniOzoneClusterImpl-21ed0f53-0413-44c7-8609-f438100532e5/datanode-2/data/ratis/b4e90fdf-52a3-4b3e-9b7e-f6d7bea2190b] INFO  segmented.SegmentedRaftLogWorker (SegmentedRaftLogWorker.java:run(313)) - 90577c55-fd31-444d-84bd-73a3c37bc268-SegmentedRaftLogWorker:Storage Directory /workdir/hadoop-ozone/ozonefs/target/test-dir/MiniOzoneClusterImpl-21ed0f53-0413-44c7-8609-f438100532e5/datanode-2/data/ratis/b4e90fdf-52a3-4b3e-9b7e-f6d7bea2190b was interrupted, exiting. There are 0 tasks remaining in the queue.
2019-09-19 09:40:59,677 [main] INFO  segmented.SegmentedRaftLogWorker (SegmentedRaftLogWorker.java:close(228)) - 1cd79902-2a06-4a3f-8023-3eba64f51293-SegmentedRaftLogWorker:Storage Directory /workdir/hadoop-ozone/ozonefs/target/test-dir/MiniOzoneClusterImpl-21ed0f53-0413-44c7-8609-f438100532e5/datanode-5/data/ratis/a9d1f30e-decf-4c75-84b1-0ca0b019c0a5 close()
2019-09-19 09:40:59,680 [ForkJoinPool.commonPool-worker-1] INFO  segmented.SegmentedRaftLogWorker (SegmentedRaftLogWorker.java:close(228)) - 90577c55-fd31-444d-84bd-73a3c37bc268-SegmentedRaftLogWorker:Storage Directory /workdir/hadoop-ozone/ozonefs/target/test-dir/MiniOzoneClusterImpl-21ed0f53-0413-44c7-8609-f438100532e5/datanode-2/data/ratis/b4e90fdf-52a3-4b3e-9b7e-f6d7bea2190b close()
2019-09-19 09:40:59,684 [main] INFO  impl.RaftServerImpl (RaftServerImpl.java:lambda$shutdown$3(245)) - 1cd79902-2a06-4a3f-8023-3eba64f51293: shutdown group-3B39ACC2B09E
2019-09-19 09:40:59,698 [ForkJoinPool.commonPool-worker-1] INFO  impl.RaftServerImpl (RaftServerImpl.java:lambda$shutdown$3(245)) - 90577c55-fd31-444d-84bd-73a3c37bc268: shutdown group-90CE98ACF0C2
2019-09-19 09:40:59,698 [main] INFO  util.JmxRegister (JmxRegister.java:unregister(73)) - Successfully un-registered JMX Bean with object name Ratis:service=RaftServer,group=group-3B39ACC2B09E,id=1cd79902-2a06-4a3f-8023-3eba64f51293
2019-09-19 09:40:59,699 [ForkJoinPool.commonPool-worker-1] INFO  util.JmxRegister (JmxRegister.java:unregister(73)) - Successfully un-registered JMX Bean with object name Ratis:service=RaftServer,group=group-90CE98ACF0C2,id=90577c55-fd31-444d-84bd-73a3c37bc268
2019-09-19 09:40:59,699 [main] INFO  impl.RoleInfo (RoleInfo.java:shutdownLeaderState(104)) - 1cd79902-2a06-4a3f-8023-3eba64f51293: shutdown LeaderState
2019-09-19 09:40:59,699 [ForkJoinPool.commonPool-worker-1] INFO  impl.RoleInfo (RoleInfo.java:shutdownLeaderState(104)) - 90577c55-fd31-444d-84bd-73a3c37bc268: shutdown LeaderState
2019-09-19 09:40:59,699 [main] INFO  impl.PendingRequests (PendingRequests.java:sendNotLeaderResponses(202)) - 1cd79902-2a06-4a3f-8023-3eba64f51293-PendingRequests: sendNotLeaderResponses
2019-09-19 09:40:59,700 [ForkJoinPool.commonPool-worker-1] INFO  impl.PendingRequests (PendingRequests.java:sendNotLeaderResponses(202)) - 90577c55-fd31-444d-84bd-73a3c37bc268-PendingRequests: sendNotLeaderResponses
2019-09-19 09:40:59,700 [main] INFO  impl.StateMachineUpdater (StateMachineUpdater.java:stopAndJoin(115)) - StateMachineUpdater:1cd79902-2a06-4a3f-8023-3eba64f51293:group-3B39ACC2B09E: set stopIndex = 0
2019-09-19 09:40:59,700 [ForkJoinPool.commonPool-worker-1] INFO  impl.StateMachineUpdater (StateMachineUpdater.java:stopAndJoin(115)) - StateMachineUpdater:90577c55-fd31-444d-84bd-73a3c37bc268:group-90CE98ACF0C2: set stopIndex = 0
2019-09-19 09:40:59,701 [main] INFO  impl.RaftServerImpl (ServerState.java:close(394)) - 1cd79902-2a06-4a3f-8023-3eba64f51293:group-3B39ACC2B09E closes. The last applied log index is 0
2019-09-19 09:40:59,701 [ForkJoinPool.commonPool-worker-1] INFO  impl.RaftServerImpl (ServerState.java:close(394)) - 90577c55-fd31-444d-84bd-73a3c37bc268:group-90CE98ACF0C2 closes. The last applied log index is 0
2019-09-19 09:40:59,701 [90577c55-fd31-444d-84bd-73a3c37bc268-SegmentedRaftLogWorker:Storage Directory /workdir/hadoop-ozone/ozonefs/target/test-dir/MiniOzoneClusterImpl-21ed0f53-0413-44c7-8609-f438100532e5/datanode-2/data/ratis/5f3d32d7-968a-4a52-9d9c-90ce98acf0c2] INFO  segmented.SegmentedRaftLogWorker (SegmentedRaftLogWorker.java:run(313)) - 90577c55-fd31-444d-84bd-73a3c37bc268-SegmentedRaftLogWorker:Storage Directory /workdir/hadoop-ozone/ozonefs/target/test-dir/MiniOzoneClusterImpl-21ed0f53-0413-44c7-8609-f438100532e5/datanode-2/data/ratis/5f3d32d7-968a-4a52-9d9c-90ce98acf0c2 was interrupted, exiting. There are 0 tasks remaining in the queue.
2019-09-19 09:40:59,701 [1cd79902-2a06-4a3f-8023-3eba64f51293-SegmentedRaftLogWorker:Storage Directory /workdir/hadoop-ozone/ozonefs/target/test-dir/MiniOzoneClusterImpl-21ed0f53-0413-44c7-8609-f438100532e5/datanode-5/data/ratis/016e4b9c-0077-4c3f-a184-3b39acc2b09e] INFO  segmented.SegmentedRaftLogWorker (SegmentedRaftLogWorker.java:run(313)) - 1cd79902-2a06-4a3f-8023-3eba64f51293-SegmentedRaftLogWorker:Storage Directory /workdir/hadoop-ozone/ozonefs/target/test-dir/MiniOzoneClusterImpl-21ed0f53-0413-44c7-8609-f438100532e5/datanode-5/data/ratis/016e4b9c-0077-4c3f-a184-3b39acc2b09e was interrupted, exiting. There are 0 tasks remaining in the queue.
2019-09-19 09:40:59,702 [ForkJoinPool.commonPool-worker-1] INFO  segmented.SegmentedRaftLogWorker (SegmentedRaftLogWorker.java:close(228)) - 90577c55-fd31-444d-84bd-73a3c37bc268-SegmentedRaftLogWorker:Storage Directory /workdir/hadoop-ozone/ozonefs/target/test-dir/MiniOzoneClusterImpl-21ed0f53-0413-44c7-8609-f438100532e5/datanode-2/data/ratis/5f3d32d7-968a-4a52-9d9c-90ce98acf0c2 close()
2019-09-19 09:40:59,702 [main] INFO  segmented.SegmentedRaftLogWorker (SegmentedRaftLogWorker.java:close(228)) - 1cd79902-2a06-4a3f-8023-3eba64f51293-SegmentedRaftLogWorker:Storage Directory /workdir/hadoop-ozone/ozonefs/target/test-dir/MiniOzoneClusterImpl-21ed0f53-0413-44c7-8609-f438100532e5/datanode-5/data/ratis/016e4b9c-0077-4c3f-a184-3b39acc2b09e close()
2019-09-19 09:40:59,706 [ForkJoinPool.commonPool-worker-1] INFO  server.GrpcService (GrpcService.java:closeImpl(155)) - 90577c55-fd31-444d-84bd-73a3c37bc268: shutdown server with port 38982 now
2019-09-19 09:40:59,706 [main] INFO  server.GrpcService (GrpcService.java:closeImpl(155)) - 1cd79902-2a06-4a3f-8023-3eba64f51293: shutdown server with port 43611 now
2019-09-19 09:40:59,710 [main] INFO  server.GrpcService (GrpcService.java:closeImpl(163)) - 1cd79902-2a06-4a3f-8023-3eba64f51293: shutdown server with port 43611 successfully
2019-09-19 09:40:59,712 [ForkJoinPool.commonPool-worker-1] INFO  server.GrpcService (GrpcService.java:closeImpl(163)) - 90577c55-fd31-444d-84bd-73a3c37bc268: shutdown server with port 38982 successfully
2019-09-19 09:40:59,714 [main] INFO  utils.BackgroundService (BackgroundService.java:shutdown(148)) - Shutting down service BlockDeletingService
2019-09-19 09:40:59,714 [ForkJoinPool.commonPool-worker-1] INFO  utils.BackgroundService (BackgroundService.java:shutdown(148)) - Shutting down service BlockDeletingService
2019-09-19 09:40:59,716 [refreshUsed-/workdir/hadoop-ozone/ozonefs/target/test-dir/MiniOzoneClusterImpl-21ed0f53-0413-44c7-8609-f438100532e5/datanode-5/data/containers] WARN  fs.CachingGetSpaceUsed (CachingGetSpaceUsed.java:run(183)) - Thread Interrupted waiting to refresh disk information: sleep interrupted
2019-09-19 09:40:59,716 [refreshUsed-/workdir/hadoop-ozone/ozonefs/target/test-dir/MiniOzoneClusterImpl-21ed0f53-0413-44c7-8609-f438100532e5/datanode-2/data/containers] WARN  fs.CachingGetSpaceUsed (CachingGetSpaceUsed.java:run(183)) - Thread Interrupted waiting to refresh disk information: sleep interrupted
2019-09-19 09:40:59,751 [ForkJoinPool.commonPool-worker-1] INFO  statemachine.DatanodeStateMachine (DatanodeStateMachine.java:stopDaemon(395)) - Ozone container server stopped.
2019-09-19 09:40:59,755 [main] INFO  statemachine.DatanodeStateMachine (DatanodeStateMachine.java:stopDaemon(395)) - Ozone container server stopped.
2019-09-19 09:40:59,762 [main] INFO  handler.ContextHandler (ContextHandler.java:doStop(910)) - Stopped o.e.j.w.WebAppContext@550c973e{/,null,UNAVAILABLE}{/hddsDatanode}
2019-09-19 09:40:59,762 [ForkJoinPool.commonPool-worker-1] INFO  handler.ContextHandler (ContextHandler.java:doStop(910)) - Stopped o.e.j.w.WebAppContext@7c950b3b{/,null,UNAVAILABLE}{/hddsDatanode}
2019-09-19 09:40:59,763 [main] INFO  server.AbstractConnector (AbstractConnector.java:doStop(318)) - Stopped ServerConnector@161d95c6{HTTP/1.1,[http/1.1]}{0.0.0.0:0}
2019-09-19 09:40:59,763 [ForkJoinPool.commonPool-worker-1] INFO  server.AbstractConnector (AbstractConnector.java:doStop(318)) - Stopped ServerConnector@3af10d0b{HTTP/1.1,[http/1.1]}{0.0.0.0:0}
2019-09-19 09:40:59,763 [main] INFO  handler.ContextHandler (ContextHandler.java:doStop(910)) - Stopped o.e.j.s.ServletContextHandler@7cc2c551{/static,jar:file:/home/user/.m2/repository/org/apache/hadoop/hadoop-hdds-container-service/0.5.0-SNAPSHOT/hadoop-hdds-container-service-0.5.0-SNAPSHOT.jar!/webapps/static,UNAVAILABLE}
2019-09-19 09:40:59,766 [ForkJoinPool.commonPool-worker-1] INFO  handler.ContextHandler (ContextHandler.java:doStop(910)) - Stopped o.e.j.s.ServletContextHandler@2c1d57bc{/static,jar:file:/home/user/.m2/repository/org/apache/hadoop/hadoop-hdds-container-service/0.5.0-SNAPSHOT/hadoop-hdds-container-service-0.5.0-SNAPSHOT.jar!/webapps/static,UNAVAILABLE}
2019-09-19 09:40:59,766 [main] INFO  handler.ContextHandler (ContextHandler.java:doStop(910)) - Stopped o.e.j.s.ServletContextHandler@ac4915e{/logs,file:///workdir/hadoop-ozone/ozonefs/target/log,UNAVAILABLE}
2019-09-19 09:40:59,768 [ForkJoinPool.commonPool-worker-1] INFO  handler.ContextHandler (ContextHandler.java:doStop(910)) - Stopped o.e.j.s.ServletContextHandler@7ddcb0dc{/logs,file:///workdir/hadoop-ozone/ozonefs/target/log,UNAVAILABLE}
2019-09-19 09:40:59,769 [main] INFO  datanode.ObjectStoreHandler (ObjectStoreHandler.java:close(155)) - Closing ObjectStoreHandler.
2019-09-19 09:40:59,770 [ForkJoinPool.commonPool-worker-1] INFO  datanode.ObjectStoreHandler (ObjectStoreHandler.java:close(155)) - Closing ObjectStoreHandler.
2019-09-19 09:40:59,770 [main] INFO  ozone.HddsDatanodeService (HddsDatanodeService.java:stop(451)) - Stopped plug-in org.apache.hadoop.ozone.web.OzoneHddsDatanodeService@e154848
2019-09-19 09:40:59,770 [ForkJoinPool.commonPool-worker-1] INFO  ozone.HddsDatanodeService (HddsDatanodeService.java:stop(451)) - Stopped plug-in org.apache.hadoop.ozone.web.OzoneHddsDatanodeService@25ce435
2019-09-19 09:41:00,303 [Datanode State Machine Thread - 0] INFO  statemachine.DatanodeStateMachine (DatanodeStateMachine.java:lambda$startDaemon$0(350)) - Ozone container server started.
2019-09-19 09:41:00,304 | INFO  | SCMAudit | user=jenkins1000 | ip=192.168.34.5 | op=SEND_HEARTBEAT {datanodeUUID=1bcbd64b-2199-49e1-86d3-4e4b64d88b4a, command=[]} | ret=SUCCESS |  
2019-09-19 09:41:00,304 | INFO  | SCMAudit | user=jenkins1000 | ip=192.168.34.5 | op=SEND_HEARTBEAT {datanodeUUID=7076406d-aee0-4126-8bab-f0c87a3fcebd, command=[]} | ret=SUCCESS |  
2019-09-19 09:41:00,624 | INFO  | SCMAudit | user=jenkins1000 | ip=192.168.34.5 | op=SEND_HEARTBEAT {datanodeUUID=caeb75b6-27c7-410d-b6eb-8f738956b5a3, command=[]} | ret=SUCCESS |  
2019-09-19 09:41:00,629 [Datanode State Machine Thread - 0] INFO  statemachine.DatanodeStateMachine (DatanodeStateMachine.java:lambda$startDaemon$0(350)) - Ozone container server started.
2019-09-19 09:41:00,629 | INFO  | SCMAudit | user=jenkins1000 | ip=192.168.34.5 | op=SEND_HEARTBEAT {datanodeUUID=47e0c7c0-2680-4f55-9417-80daafef46d1, command=[]} | ret=SUCCESS |  
2019-09-19 09:41:00,630 | INFO  | SCMAudit | user=jenkins1000 | ip=192.168.34.5 | op=SEND_HEARTBEAT {datanodeUUID=00cd5ee6-30a6-4c0a-bb6c-a5a65ddde9fb, command=[]} | ret=SUCCESS |  
2019-09-19 09:41:00,630 | INFO  | SCMAudit | user=jenkins1000 | ip=192.168.34.5 | op=SEND_HEARTBEAT {datanodeUUID=28f77823-de9e-44cc-bd18-5b415144a5bf, command=[]} | ret=SUCCESS |  
2019-09-19 09:41:01,303 | INFO  | SCMAudit | user=jenkins1000 | ip=192.168.34.5 | op=SEND_HEARTBEAT {datanodeUUID=1bcbd64b-2199-49e1-86d3-4e4b64d88b4a, command=[]} | ret=SUCCESS |  
2019-09-19 09:41:01,303 | INFO  | SCMAudit | user=jenkins1000 | ip=192.168.34.5 | op=SEND_HEARTBEAT {datanodeUUID=7076406d-aee0-4126-8bab-f0c87a3fcebd, command=[]} | ret=SUCCESS |  
2019-09-19 09:41:01,624 | INFO  | SCMAudit | user=jenkins1000 | ip=192.168.34.5 | op=SEND_HEARTBEAT {datanodeUUID=caeb75b6-27c7-410d-b6eb-8f738956b5a3, command=[]} | ret=SUCCESS |  
2019-09-19 09:41:01,629 | INFO  | SCMAudit | user=jenkins1000 | ip=192.168.34.5 | op=SEND_HEARTBEAT {datanodeUUID=47e0c7c0-2680-4f55-9417-80daafef46d1, command=[]} | ret=SUCCESS |  
2019-09-19 09:41:01,631 | INFO  | SCMAudit | user=jenkins1000 | ip=192.168.34.5 | op=SEND_HEARTBEAT {datanodeUUID=28f77823-de9e-44cc-bd18-5b415144a5bf, command=[]} | ret=SUCCESS |  
2019-09-19 09:41:01,631 | INFO  | SCMAudit | user=jenkins1000 | ip=192.168.34.5 | op=SEND_HEARTBEAT {datanodeUUID=00cd5ee6-30a6-4c0a-bb6c-a5a65ddde9fb, command=[]} | ret=SUCCESS |  
2019-09-19 09:41:02,303 | INFO  | SCMAudit | user=jenkins1000 | ip=192.168.34.5 | op=SEND_HEARTBEAT {datanodeUUID=1bcbd64b-2199-49e1-86d3-4e4b64d88b4a, command=[]} | ret=SUCCESS |  
2019-09-19 09:41:02,304 | INFO  | SCMAudit | user=jenkins1000 | ip=192.168.34.5 | op=SEND_HEARTBEAT {datanodeUUID=7076406d-aee0-4126-8bab-f0c87a3fcebd, command=[]} | ret=SUCCESS |  
2019-09-19 09:41:02,624 | INFO  | SCMAudit | user=jenkins1000 | ip=192.168.34.5 | op=SEND_HEARTBEAT {datanodeUUID=caeb75b6-27c7-410d-b6eb-8f738956b5a3, command=[]} | ret=SUCCESS |  
2019-09-19 09:41:02,629 | INFO  | SCMAudit | user=jenkins1000 | ip=192.168.34.5 | op=SEND_HEARTBEAT {datanodeUUID=47e0c7c0-2680-4f55-9417-80daafef46d1, command=[]} | ret=SUCCESS |  
2019-09-19 09:41:02,630 | INFO  | SCMAudit | user=jenkins1000 | ip=192.168.34.5 | op=SEND_HEARTBEAT {datanodeUUID=28f77823-de9e-44cc-bd18-5b415144a5bf, command=[]} | ret=SUCCESS |  
2019-09-19 09:41:02,631 | INFO  | SCMAudit | user=jenkins1000 | ip=192.168.34.5 | op=SEND_HEARTBEAT {datanodeUUID=00cd5ee6-30a6-4c0a-bb6c-a5a65ddde9fb, command=[]} | ret=SUCCESS |  
2019-09-19 09:41:03,303 | INFO  | SCMAudit | user=jenkins1000 | ip=192.168.34.5 | op=SEND_HEARTBEAT {datanodeUUID=1bcbd64b-2199-49e1-86d3-4e4b64d88b4a, command=[]} | ret=SUCCESS |  
2019-09-19 09:41:03,304 | INFO  | SCMAudit | user=jenkins1000 | ip=192.168.34.5 | op=SEND_HEARTBEAT {datanodeUUID=7076406d-aee0-4126-8bab-f0c87a3fcebd, command=[]} | ret=SUCCESS |  
2019-09-19 09:41:03,624 | INFO  | SCMAudit | user=jenkins1000 | ip=192.168.34.5 | op=SEND_HEARTBEAT {datanodeUUID=caeb75b6-27c7-410d-b6eb-8f738956b5a3, command=[]} | ret=SUCCESS |  
2019-09-19 09:41:03,630 | INFO  | SCMAudit | user=jenkins1000 | ip=192.168.34.5 | op=SEND_HEARTBEAT {datanodeUUID=47e0c7c0-2680-4f55-9417-80daafef46d1, command=[]} | ret=SUCCESS |  
2019-09-19 09:41:03,631 | INFO  | SCMAudit | user=jenkins1000 | ip=192.168.34.5 | op=SEND_HEARTBEAT {datanodeUUID=28f77823-de9e-44cc-bd18-5b415144a5bf, command=[]} | ret=SUCCESS |  
2019-09-19 09:41:03,631 | INFO  | SCMAudit | user=jenkins1000 | ip=192.168.34.5 | op=SEND_HEARTBEAT {datanodeUUID=00cd5ee6-30a6-4c0a-bb6c-a5a65ddde9fb, command=[]} | ret=SUCCESS |  
2019-09-19 09:41:04,304 | INFO  | SCMAudit | user=jenkins1000 | ip=192.168.34.5 | op=SEND_HEARTBEAT {datanodeUUID=7076406d-aee0-4126-8bab-f0c87a3fcebd, command=[]} | ret=SUCCESS |  
2019-09-19 09:41:04,304 | INFO  | SCMAudit | user=jenkins1000 | ip=192.168.34.5 | op=SEND_HEARTBEAT {datanodeUUID=1bcbd64b-2199-49e1-86d3-4e4b64d88b4a, command=[]} | ret=SUCCESS |  
2019-09-19 09:41:04,625 | INFO  | SCMAudit | user=jenkins1000 | ip=192.168.34.5 | op=SEND_HEARTBEAT {datanodeUUID=caeb75b6-27c7-410d-b6eb-8f738956b5a3, command=[]} | ret=SUCCESS |  
2019-09-19 09:41:04,629 | INFO  | SCMAudit | user=jenkins1000 | ip=192.168.34.5 | op=SEND_HEARTBEAT {datanodeUUID=47e0c7c0-2680-4f55-9417-80daafef46d1, command=[]} | ret=SUCCESS |  
2019-09-19 09:41:04,630 | INFO  | SCMAudit | user=jenkins1000 | ip=192.168.34.5 | op=SEND_HEARTBEAT {datanodeUUID=28f77823-de9e-44cc-bd18-5b415144a5bf, command=[]} | ret=SUCCESS |  
2019-09-19 09:41:04,631 | INFO  | SCMAudit | user=jenkins1000 | ip=192.168.34.5 | op=SEND_HEARTBEAT {datanodeUUID=00cd5ee6-30a6-4c0a-bb6c-a5a65ddde9fb, command=[]} | ret=SUCCESS |  
2019-09-19 09:41:04,771 [ForkJoinPool.commonPool-worker-1] INFO  ozoneimpl.OzoneContainer (OzoneContainer.java:stop(199)) - Attempting to stop container services.
2019-09-19 09:41:04,771 [main] INFO  ozoneimpl.OzoneContainer (OzoneContainer.java:stop(199)) - Attempting to stop container services.
2019-09-19 09:41:04,771 [ForkJoinPool.commonPool-worker-1] INFO  impl.RaftServerProxy (RaftServerProxy.java:lambda$close$4(314)) - d87be78c-f122-4471-b781-d01263e91835: close
2019-09-19 09:41:04,772 [main] INFO  impl.RaftServerProxy (RaftServerProxy.java:lambda$close$4(314)) - bb9d252a-546d-48b3-aabe-52964da86e48: close
2019-09-19 09:41:04,772 [ForkJoinPool.commonPool-worker-1] INFO  impl.RaftServerImpl (RaftServerImpl.java:lambda$shutdown$3(245)) - d87be78c-f122-4471-b781-d01263e91835: shutdown group-B78F84C17D6F
2019-09-19 09:41:04,773 [main] INFO  impl.RaftServerImpl (RaftServerImpl.java:lambda$shutdown$3(245)) - bb9d252a-546d-48b3-aabe-52964da86e48: shutdown group-2A18D4C34C3F
2019-09-19 09:41:04,773 [ForkJoinPool.commonPool-worker-1] INFO  util.JmxRegister (JmxRegister.java:unregister(73)) - Successfully un-registered JMX Bean with object name Ratis:service=RaftServer,group=group-B78F84C17D6F,id=d87be78c-f122-4471-b781-d01263e91835
2019-09-19 09:41:04,773 [main] INFO  util.JmxRegister (JmxRegister.java:unregister(73)) - Successfully un-registered JMX Bean with object name Ratis:service=RaftServer,group=group-2A18D4C34C3F,id=bb9d252a-546d-48b3-aabe-52964da86e48
2019-09-19 09:41:04,774 [main] INFO  impl.RoleInfo (RoleInfo.java:shutdownLeaderState(104)) - bb9d252a-546d-48b3-aabe-52964da86e48: shutdown LeaderState
2019-09-19 09:41:04,773 [ForkJoinPool.commonPool-worker-1] INFO  impl.RoleInfo (RoleInfo.java:shutdownLeaderState(104)) - d87be78c-f122-4471-b781-d01263e91835: shutdown LeaderState
2019-09-19 09:41:04,774 [main] INFO  impl.PendingRequests (PendingRequests.java:sendNotLeaderResponses(202)) - bb9d252a-546d-48b3-aabe-52964da86e48-PendingRequests: sendNotLeaderResponses
2019-09-19 09:41:04,775 [ForkJoinPool.commonPool-worker-1] INFO  impl.PendingRequests (PendingRequests.java:sendNotLeaderResponses(202)) - d87be78c-f122-4471-b781-d01263e91835-PendingRequests: sendNotLeaderResponses
2019-09-19 09:41:04,775 [main] INFO  impl.StateMachineUpdater (StateMachineUpdater.java:stopAndJoin(115)) - StateMachineUpdater:bb9d252a-546d-48b3-aabe-52964da86e48:group-2A18D4C34C3F: set stopIndex = 0
2019-09-19 09:41:04,775 [ForkJoinPool.commonPool-worker-1] INFO  impl.StateMachineUpdater (StateMachineUpdater.java:stopAndJoin(115)) - StateMachineUpdater:d87be78c-f122-4471-b781-d01263e91835:group-B78F84C17D6F: set stopIndex = 0
2019-09-19 09:41:04,776 [main] INFO  impl.RaftServerImpl (ServerState.java:close(394)) - bb9d252a-546d-48b3-aabe-52964da86e48:group-2A18D4C34C3F closes. The last applied log index is 0
2019-09-19 09:41:04,776 [ForkJoinPool.commonPool-worker-1] INFO  impl.RaftServerImpl (ServerState.java:close(394)) - d87be78c-f122-4471-b781-d01263e91835:group-B78F84C17D6F closes. The last applied log index is 0
2019-09-19 09:41:04,777 [bb9d252a-546d-48b3-aabe-52964da86e48-SegmentedRaftLogWorker:Storage Directory /workdir/hadoop-ozone/ozonefs/target/test-dir/MiniOzoneClusterImpl-21ed0f53-0413-44c7-8609-f438100532e5/datanode-6/data/ratis/12e76ca6-41f0-489e-9c0f-2a18d4c34c3f] INFO  segmented.SegmentedRaftLogWorker (SegmentedRaftLogWorker.java:run(313)) - bb9d252a-546d-48b3-aabe-52964da86e48-SegmentedRaftLogWorker:Storage Directory /workdir/hadoop-ozone/ozonefs/target/test-dir/MiniOzoneClusterImpl-21ed0f53-0413-44c7-8609-f438100532e5/datanode-6/data/ratis/12e76ca6-41f0-489e-9c0f-2a18d4c34c3f was interrupted, exiting. There are 0 tasks remaining in the queue.
2019-09-19 09:41:04,777 [d87be78c-f122-4471-b781-d01263e91835-SegmentedRaftLogWorker:Storage Directory /workdir/hadoop-ozone/ozonefs/target/test-dir/MiniOzoneClusterImpl-21ed0f53-0413-44c7-8609-f438100532e5/datanode-3/data/ratis/bcdea4f1-1e36-4820-94ce-b78f84c17d6f] INFO  segmented.SegmentedRaftLogWorker (SegmentedRaftLogWorker.java:run(313)) - d87be78c-f122-4471-b781-d01263e91835-SegmentedRaftLogWorker:Storage Directory /workdir/hadoop-ozone/ozonefs/target/test-dir/MiniOzoneClusterImpl-21ed0f53-0413-44c7-8609-f438100532e5/datanode-3/data/ratis/bcdea4f1-1e36-4820-94ce-b78f84c17d6f was interrupted, exiting. There are 0 tasks remaining in the queue.
2019-09-19 09:41:04,777 [main] INFO  segmented.SegmentedRaftLogWorker (SegmentedRaftLogWorker.java:close(228)) - bb9d252a-546d-48b3-aabe-52964da86e48-SegmentedRaftLogWorker:Storage Directory /workdir/hadoop-ozone/ozonefs/target/test-dir/MiniOzoneClusterImpl-21ed0f53-0413-44c7-8609-f438100532e5/datanode-6/data/ratis/12e76ca6-41f0-489e-9c0f-2a18d4c34c3f close()
2019-09-19 09:41:04,777 [ForkJoinPool.commonPool-worker-1] INFO  segmented.SegmentedRaftLogWorker (SegmentedRaftLogWorker.java:close(228)) - d87be78c-f122-4471-b781-d01263e91835-SegmentedRaftLogWorker:Storage Directory /workdir/hadoop-ozone/ozonefs/target/test-dir/MiniOzoneClusterImpl-21ed0f53-0413-44c7-8609-f438100532e5/datanode-3/data/ratis/bcdea4f1-1e36-4820-94ce-b78f84c17d6f close()
2019-09-19 09:41:04,781 [main] INFO  impl.RaftServerImpl (RaftServerImpl.java:lambda$shutdown$3(245)) - bb9d252a-546d-48b3-aabe-52964da86e48: shutdown group-CB087BE321B1
2019-09-19 09:41:04,784 [ForkJoinPool.commonPool-worker-1] INFO  impl.RaftServerImpl (RaftServerImpl.java:lambda$shutdown$3(245)) - d87be78c-f122-4471-b781-d01263e91835: shutdown group-0D981815D9BB
2019-09-19 09:41:04,784 [main] INFO  util.JmxRegister (JmxRegister.java:unregister(73)) - Successfully un-registered JMX Bean with object name Ratis:service=RaftServer,group=group-CB087BE321B1,id=bb9d252a-546d-48b3-aabe-52964da86e48
2019-09-19 09:41:04,785 [ForkJoinPool.commonPool-worker-1] INFO  util.JmxRegister (JmxRegister.java:unregister(73)) - Successfully un-registered JMX Bean with object name Ratis:service=RaftServer,group=group-0D981815D9BB,id=d87be78c-f122-4471-b781-d01263e91835
2019-09-19 09:41:04,785 [main] INFO  impl.RoleInfo (RoleInfo.java:shutdownLeaderState(104)) - bb9d252a-546d-48b3-aabe-52964da86e48: shutdown LeaderState
2019-09-19 09:41:04,785 [ForkJoinPool.commonPool-worker-1] INFO  impl.RoleInfo (RoleInfo.java:shutdownLeaderState(104)) - d87be78c-f122-4471-b781-d01263e91835: shutdown LeaderState
2019-09-19 09:41:04,786 [main] INFO  impl.PendingRequests (PendingRequests.java:sendNotLeaderResponses(202)) - bb9d252a-546d-48b3-aabe-52964da86e48-PendingRequests: sendNotLeaderResponses
2019-09-19 09:41:04,786 [ForkJoinPool.commonPool-worker-1] INFO  impl.PendingRequests (PendingRequests.java:sendNotLeaderResponses(202)) - d87be78c-f122-4471-b781-d01263e91835-PendingRequests: sendNotLeaderResponses
2019-09-19 09:41:04,787 [main] INFO  impl.StateMachineUpdater (StateMachineUpdater.java:stopAndJoin(115)) - StateMachineUpdater:bb9d252a-546d-48b3-aabe-52964da86e48:group-CB087BE321B1: set stopIndex = 0
2019-09-19 09:41:04,787 [ForkJoinPool.commonPool-worker-1] INFO  impl.StateMachineUpdater (StateMachineUpdater.java:stopAndJoin(115)) - StateMachineUpdater:d87be78c-f122-4471-b781-d01263e91835:group-0D981815D9BB: set stopIndex = 0
2019-09-19 09:41:04,787 [main] INFO  impl.RaftServerImpl (ServerState.java:close(394)) - bb9d252a-546d-48b3-aabe-52964da86e48:group-CB087BE321B1 closes. The last applied log index is 0
2019-09-19 09:41:04,788 [ForkJoinPool.commonPool-worker-1] INFO  impl.RaftServerImpl (ServerState.java:close(394)) - d87be78c-f122-4471-b781-d01263e91835:group-0D981815D9BB closes. The last applied log index is 0
2019-09-19 09:41:04,788 [bb9d252a-546d-48b3-aabe-52964da86e48-SegmentedRaftLogWorker:Storage Directory /workdir/hadoop-ozone/ozonefs/target/test-dir/MiniOzoneClusterImpl-21ed0f53-0413-44c7-8609-f438100532e5/datanode-6/data/ratis/6316edeb-7167-4d5b-b589-cb087be321b1] INFO  segmented.SegmentedRaftLogWorker (SegmentedRaftLogWorker.java:run(313)) - bb9d252a-546d-48b3-aabe-52964da86e48-SegmentedRaftLogWorker:Storage Directory /workdir/hadoop-ozone/ozonefs/target/test-dir/MiniOzoneClusterImpl-21ed0f53-0413-44c7-8609-f438100532e5/datanode-6/data/ratis/6316edeb-7167-4d5b-b589-cb087be321b1 was interrupted, exiting. There are 0 tasks remaining in the queue.
2019-09-19 09:41:04,788 [d87be78c-f122-4471-b781-d01263e91835-SegmentedRaftLogWorker:Storage Directory /workdir/hadoop-ozone/ozonefs/target/test-dir/MiniOzoneClusterImpl-21ed0f53-0413-44c7-8609-f438100532e5/datanode-3/data/ratis/67a32314-86bb-4acd-9b90-0d981815d9bb] INFO  segmented.SegmentedRaftLogWorker (SegmentedRaftLogWorker.java:run(313)) - d87be78c-f122-4471-b781-d01263e91835-SegmentedRaftLogWorker:Storage Directory /workdir/hadoop-ozone/ozonefs/target/test-dir/MiniOzoneClusterImpl-21ed0f53-0413-44c7-8609-f438100532e5/datanode-3/data/ratis/67a32314-86bb-4acd-9b90-0d981815d9bb was interrupted, exiting. There are 0 tasks remaining in the queue.
2019-09-19 09:41:04,789 [main] INFO  segmented.SegmentedRaftLogWorker (SegmentedRaftLogWorker.java:close(228)) - bb9d252a-546d-48b3-aabe-52964da86e48-SegmentedRaftLogWorker:Storage Directory /workdir/hadoop-ozone/ozonefs/target/test-dir/MiniOzoneClusterImpl-21ed0f53-0413-44c7-8609-f438100532e5/datanode-6/data/ratis/6316edeb-7167-4d5b-b589-cb087be321b1 close()
2019-09-19 09:41:04,791 [main] INFO  impl.RaftServerImpl (RaftServerImpl.java:lambda$shutdown$3(245)) - bb9d252a-546d-48b3-aabe-52964da86e48: shutdown group-7EFF5719F1D4
2019-09-19 09:41:04,792 [main] INFO  util.JmxRegister (JmxRegister.java:unregister(73)) - Successfully un-registered JMX Bean with object name Ratis:service=RaftServer,group=group-7EFF5719F1D4,id=bb9d252a-546d-48b3-aabe-52964da86e48
2019-09-19 09:41:04,792 [main] INFO  impl.RoleInfo (RoleInfo.java:shutdownLeaderState(104)) - bb9d252a-546d-48b3-aabe-52964da86e48: shutdown LeaderState
2019-09-19 09:41:04,793 [main] INFO  impl.PendingRequests (PendingRequests.java:sendNotLeaderResponses(202)) - bb9d252a-546d-48b3-aabe-52964da86e48-PendingRequests: sendNotLeaderResponses
2019-09-19 09:41:04,793 [main] INFO  impl.StateMachineUpdater (StateMachineUpdater.java:stopAndJoin(115)) - StateMachineUpdater:bb9d252a-546d-48b3-aabe-52964da86e48:group-7EFF5719F1D4: set stopIndex = 0
2019-09-19 09:41:04,794 [main] INFO  impl.RaftServerImpl (ServerState.java:close(394)) - bb9d252a-546d-48b3-aabe-52964da86e48:group-7EFF5719F1D4 closes. The last applied log index is 0
2019-09-19 09:41:04,794 [bb9d252a-546d-48b3-aabe-52964da86e48-SegmentedRaftLogWorker:Storage Directory /workdir/hadoop-ozone/ozonefs/target/test-dir/MiniOzoneClusterImpl-21ed0f53-0413-44c7-8609-f438100532e5/datanode-6/data/ratis/ec798276-680e-427a-9baa-7eff5719f1d4] INFO  segmented.SegmentedRaftLogWorker (SegmentedRaftLogWorker.java:run(313)) - bb9d252a-546d-48b3-aabe-52964da86e48-SegmentedRaftLogWorker:Storage Directory /workdir/hadoop-ozone/ozonefs/target/test-dir/MiniOzoneClusterImpl-21ed0f53-0413-44c7-8609-f438100532e5/datanode-6/data/ratis/ec798276-680e-427a-9baa-7eff5719f1d4 was interrupted, exiting. There are 0 tasks remaining in the queue.
2019-09-19 09:41:04,805 [main] INFO  segmented.SegmentedRaftLogWorker (SegmentedRaftLogWorker.java:close(228)) - bb9d252a-546d-48b3-aabe-52964da86e48-SegmentedRaftLogWorker:Storage Directory /workdir/hadoop-ozone/ozonefs/target/test-dir/MiniOzoneClusterImpl-21ed0f53-0413-44c7-8609-f438100532e5/datanode-6/data/ratis/ec798276-680e-427a-9baa-7eff5719f1d4 close()
2019-09-19 09:41:04,805 [ForkJoinPool.commonPool-worker-1] INFO  segmented.SegmentedRaftLogWorker (SegmentedRaftLogWorker.java:close(228)) - d87be78c-f122-4471-b781-d01263e91835-SegmentedRaftLogWorker:Storage Directory /workdir/hadoop-ozone/ozonefs/target/test-dir/MiniOzoneClusterImpl-21ed0f53-0413-44c7-8609-f438100532e5/datanode-3/data/ratis/67a32314-86bb-4acd-9b90-0d981815d9bb close()
2019-09-19 09:41:04,808 [main] INFO  impl.RaftServerImpl (RaftServerImpl.java:lambda$shutdown$3(245)) - bb9d252a-546d-48b3-aabe-52964da86e48: shutdown group-17F5CFD46B11
2019-09-19 09:41:04,811 [ForkJoinPool.commonPool-worker-1] INFO  impl.RaftServerImpl (RaftServerImpl.java:lambda$shutdown$3(245)) - d87be78c-f122-4471-b781-d01263e91835: shutdown group-ED7CD127AACE
2019-09-19 09:41:04,811 [main] INFO  util.JmxRegister (JmxRegister.java:unregister(73)) - Successfully un-registered JMX Bean with object name Ratis:service=RaftServer,group=group-17F5CFD46B11,id=bb9d252a-546d-48b3-aabe-52964da86e48
2019-09-19 09:41:04,811 [ForkJoinPool.commonPool-worker-1] INFO  util.JmxRegister (JmxRegister.java:unregister(73)) - Successfully un-registered JMX Bean with object name Ratis:service=RaftServer,group=group-ED7CD127AACE,id=d87be78c-f122-4471-b781-d01263e91835
2019-09-19 09:41:04,812 [main] INFO  impl.RoleInfo (RoleInfo.java:shutdownLeaderState(104)) - bb9d252a-546d-48b3-aabe-52964da86e48: shutdown LeaderState
2019-09-19 09:41:04,812 [ForkJoinPool.commonPool-worker-1] INFO  impl.RoleInfo (RoleInfo.java:shutdownLeaderState(104)) - d87be78c-f122-4471-b781-d01263e91835: shutdown LeaderState
2019-09-19 09:41:04,813 [main] INFO  impl.PendingRequests (PendingRequests.java:sendNotLeaderResponses(202)) - bb9d252a-546d-48b3-aabe-52964da86e48-PendingRequests: sendNotLeaderResponses
2019-09-19 09:41:04,813 [ForkJoinPool.commonPool-worker-1] INFO  impl.PendingRequests (PendingRequests.java:sendNotLeaderResponses(202)) - d87be78c-f122-4471-b781-d01263e91835-PendingRequests: sendNotLeaderResponses
2019-09-19 09:41:04,813 [main] INFO  impl.StateMachineUpdater (StateMachineUpdater.java:stopAndJoin(115)) - StateMachineUpdater:bb9d252a-546d-48b3-aabe-52964da86e48:group-17F5CFD46B11: set stopIndex = 0
2019-09-19 09:41:04,814 [main] INFO  impl.RaftServerImpl (ServerState.java:close(394)) - bb9d252a-546d-48b3-aabe-52964da86e48:group-17F5CFD46B11 closes. The last applied log index is 0
2019-09-19 09:41:04,814 [ForkJoinPool.commonPool-worker-1] INFO  impl.StateMachineUpdater (StateMachineUpdater.java:stopAndJoin(115)) - StateMachineUpdater:d87be78c-f122-4471-b781-d01263e91835:group-ED7CD127AACE: set stopIndex = 0
2019-09-19 09:41:04,814 [bb9d252a-546d-48b3-aabe-52964da86e48-SegmentedRaftLogWorker:Storage Directory /workdir/hadoop-ozone/ozonefs/target/test-dir/MiniOzoneClusterImpl-21ed0f53-0413-44c7-8609-f438100532e5/datanode-6/data/ratis/83e37f9a-9a8d-4d8b-94f5-17f5cfd46b11] INFO  segmented.SegmentedRaftLogWorker (SegmentedRaftLogWorker.java:run(313)) - bb9d252a-546d-48b3-aabe-52964da86e48-SegmentedRaftLogWorker:Storage Directory /workdir/hadoop-ozone/ozonefs/target/test-dir/MiniOzoneClusterImpl-21ed0f53-0413-44c7-8609-f438100532e5/datanode-6/data/ratis/83e37f9a-9a8d-4d8b-94f5-17f5cfd46b11 was interrupted, exiting. There are 0 tasks remaining in the queue.
2019-09-19 09:41:04,815 [ForkJoinPool.commonPool-worker-1] INFO  impl.RaftServerImpl (ServerState.java:close(394)) - d87be78c-f122-4471-b781-d01263e91835:group-ED7CD127AACE closes. The last applied log index is 0
2019-09-19 09:41:04,815 [main] INFO  segmented.SegmentedRaftLogWorker (SegmentedRaftLogWorker.java:close(228)) - bb9d252a-546d-48b3-aabe-52964da86e48-SegmentedRaftLogWorker:Storage Directory /workdir/hadoop-ozone/ozonefs/target/test-dir/MiniOzoneClusterImpl-21ed0f53-0413-44c7-8609-f438100532e5/datanode-6/data/ratis/83e37f9a-9a8d-4d8b-94f5-17f5cfd46b11 close()
2019-09-19 09:41:04,815 [d87be78c-f122-4471-b781-d01263e91835-SegmentedRaftLogWorker:Storage Directory /workdir/hadoop-ozone/ozonefs/target/test-dir/MiniOzoneClusterImpl-21ed0f53-0413-44c7-8609-f438100532e5/datanode-3/data/ratis/e36717d3-098a-4bae-9917-ed7cd127aace] INFO  segmented.SegmentedRaftLogWorker (SegmentedRaftLogWorker.java:run(313)) - d87be78c-f122-4471-b781-d01263e91835-SegmentedRaftLogWorker:Storage Directory /workdir/hadoop-ozone/ozonefs/target/test-dir/MiniOzoneClusterImpl-21ed0f53-0413-44c7-8609-f438100532e5/datanode-3/data/ratis/e36717d3-098a-4bae-9917-ed7cd127aace was interrupted, exiting. There are 0 tasks remaining in the queue.
2019-09-19 09:41:04,818 [main] INFO  impl.RaftServerImpl (RaftServerImpl.java:lambda$shutdown$3(245)) - bb9d252a-546d-48b3-aabe-52964da86e48: shutdown group-A6DD6D7EECF5
2019-09-19 09:41:04,818 [ForkJoinPool.commonPool-worker-1] INFO  segmented.SegmentedRaftLogWorker (SegmentedRaftLogWorker.java:close(228)) - d87be78c-f122-4471-b781-d01263e91835-SegmentedRaftLogWorker:Storage Directory /workdir/hadoop-ozone/ozonefs/target/test-dir/MiniOzoneClusterImpl-21ed0f53-0413-44c7-8609-f438100532e5/datanode-3/data/ratis/e36717d3-098a-4bae-9917-ed7cd127aace close()
2019-09-19 09:41:04,818 [main] INFO  util.JmxRegister (JmxRegister.java:unregister(73)) - Successfully un-registered JMX Bean with object name Ratis:service=RaftServer,group=group-A6DD6D7EECF5,id=bb9d252a-546d-48b3-aabe-52964da86e48
2019-09-19 09:41:04,821 [main] INFO  impl.RoleInfo (RoleInfo.java:shutdownLeaderState(104)) - bb9d252a-546d-48b3-aabe-52964da86e48: shutdown LeaderState
2019-09-19 09:41:04,821 [ForkJoinPool.commonPool-worker-1] INFO  impl.RaftServerImpl (RaftServerImpl.java:lambda$shutdown$3(245)) - d87be78c-f122-4471-b781-d01263e91835: shutdown group-A6EC82A7C9AC
2019-09-19 09:41:04,822 [main] INFO  impl.PendingRequests (PendingRequests.java:sendNotLeaderResponses(202)) - bb9d252a-546d-48b3-aabe-52964da86e48-PendingRequests: sendNotLeaderResponses
2019-09-19 09:41:04,822 [ForkJoinPool.commonPool-worker-1] INFO  util.JmxRegister (JmxRegister.java:unregister(73)) - Successfully un-registered JMX Bean with object name Ratis:service=RaftServer,group=group-A6EC82A7C9AC,id=d87be78c-f122-4471-b781-d01263e91835
2019-09-19 09:41:04,823 [main] INFO  impl.StateMachineUpdater (StateMachineUpdater.java:stopAndJoin(115)) - StateMachineUpdater:bb9d252a-546d-48b3-aabe-52964da86e48:group-A6DD6D7EECF5: set stopIndex = 0
2019-09-19 09:41:04,823 [ForkJoinPool.commonPool-worker-1] INFO  impl.RoleInfo (RoleInfo.java:shutdownLeaderState(104)) - d87be78c-f122-4471-b781-d01263e91835: shutdown LeaderState
2019-09-19 09:41:04,823 [main] INFO  impl.RaftServerImpl (ServerState.java:close(394)) - bb9d252a-546d-48b3-aabe-52964da86e48:group-A6DD6D7EECF5 closes. The last applied log index is 0
2019-09-19 09:41:04,824 [ForkJoinPool.commonPool-worker-1] INFO  impl.PendingRequests (PendingRequests.java:sendNotLeaderResponses(202)) - d87be78c-f122-4471-b781-d01263e91835-PendingRequests: sendNotLeaderResponses
2019-09-19 09:41:04,824 [bb9d252a-546d-48b3-aabe-52964da86e48-SegmentedRaftLogWorker:Storage Directory /workdir/hadoop-ozone/ozonefs/target/test-dir/MiniOzoneClusterImpl-21ed0f53-0413-44c7-8609-f438100532e5/datanode-6/data/ratis/ef52bfeb-8f22-4388-81df-a6dd6d7eecf5] INFO  segmented.SegmentedRaftLogWorker (SegmentedRaftLogWorker.java:run(313)) - bb9d252a-546d-48b3-aabe-52964da86e48-SegmentedRaftLogWorker:Storage Directory /workdir/hadoop-ozone/ozonefs/target/test-dir/MiniOzoneClusterImpl-21ed0f53-0413-44c7-8609-f438100532e5/datanode-6/data/ratis/ef52bfeb-8f22-4388-81df-a6dd6d7eecf5 was interrupted, exiting. There are 0 tasks remaining in the queue.
2019-09-19 09:41:04,824 [ForkJoinPool.commonPool-worker-1] INFO  impl.StateMachineUpdater (StateMachineUpdater.java:stopAndJoin(115)) - StateMachineUpdater:d87be78c-f122-4471-b781-d01263e91835:group-A6EC82A7C9AC: set stopIndex = 0
2019-09-19 09:41:04,825 [main] INFO  segmented.SegmentedRaftLogWorker (SegmentedRaftLogWorker.java:close(228)) - bb9d252a-546d-48b3-aabe-52964da86e48-SegmentedRaftLogWorker:Storage Directory /workdir/hadoop-ozone/ozonefs/target/test-dir/MiniOzoneClusterImpl-21ed0f53-0413-44c7-8609-f438100532e5/datanode-6/data/ratis/ef52bfeb-8f22-4388-81df-a6dd6d7eecf5 close()
2019-09-19 09:41:04,825 [ForkJoinPool.commonPool-worker-1] INFO  impl.RaftServerImpl (ServerState.java:close(394)) - d87be78c-f122-4471-b781-d01263e91835:group-A6EC82A7C9AC closes. The last applied log index is 0
2019-09-19 09:41:04,835 [main] INFO  impl.RaftServerImpl (RaftServerImpl.java:lambda$shutdown$3(245)) - bb9d252a-546d-48b3-aabe-52964da86e48: shutdown group-F4306282FA7E
2019-09-19 09:41:04,835 [d87be78c-f122-4471-b781-d01263e91835-SegmentedRaftLogWorker:Storage Directory /workdir/hadoop-ozone/ozonefs/target/test-dir/MiniOzoneClusterImpl-21ed0f53-0413-44c7-8609-f438100532e5/datanode-3/data/ratis/a45a9c8c-69d3-4af1-bbc8-a6ec82a7c9ac] INFO  segmented.SegmentedRaftLogWorker (SegmentedRaftLogWorker.java:run(313)) - d87be78c-f122-4471-b781-d01263e91835-SegmentedRaftLogWorker:Storage Directory /workdir/hadoop-ozone/ozonefs/target/test-dir/MiniOzoneClusterImpl-21ed0f53-0413-44c7-8609-f438100532e5/datanode-3/data/ratis/a45a9c8c-69d3-4af1-bbc8-a6ec82a7c9ac was interrupted, exiting. There are 0 tasks remaining in the queue.
2019-09-19 09:41:04,836 [main] INFO  util.JmxRegister (JmxRegister.java:unregister(73)) - Successfully un-registered JMX Bean with object name Ratis:service=RaftServer,group=group-F4306282FA7E,id=bb9d252a-546d-48b3-aabe-52964da86e48
2019-09-19 09:41:04,836 [ForkJoinPool.commonPool-worker-1] INFO  segmented.SegmentedRaftLogWorker (SegmentedRaftLogWorker.java:close(228)) - d87be78c-f122-4471-b781-d01263e91835-SegmentedRaftLogWorker:Storage Directory /workdir/hadoop-ozone/ozonefs/target/test-dir/MiniOzoneClusterImpl-21ed0f53-0413-44c7-8609-f438100532e5/datanode-3/data/ratis/a45a9c8c-69d3-4af1-bbc8-a6ec82a7c9ac close()
2019-09-19 09:41:04,836 [main] INFO  impl.RoleInfo (RoleInfo.java:shutdownLeaderState(104)) - bb9d252a-546d-48b3-aabe-52964da86e48: shutdown LeaderState
2019-09-19 09:41:04,837 [ForkJoinPool.commonPool-worker-1] INFO  impl.RaftServerImpl (RaftServerImpl.java:lambda$shutdown$3(245)) - d87be78c-f122-4471-b781-d01263e91835: shutdown group-2314903E95F1
2019-09-19 09:41:04,837 [main] INFO  impl.PendingRequests (PendingRequests.java:sendNotLeaderResponses(202)) - bb9d252a-546d-48b3-aabe-52964da86e48-PendingRequests: sendNotLeaderResponses
2019-09-19 09:41:04,837 [ForkJoinPool.commonPool-worker-1] INFO  util.JmxRegister (JmxRegister.java:unregister(73)) - Successfully un-registered JMX Bean with object name Ratis:service=RaftServer,group=group-2314903E95F1,id=d87be78c-f122-4471-b781-d01263e91835
2019-09-19 09:41:04,838 [main] INFO  impl.StateMachineUpdater (StateMachineUpdater.java:stopAndJoin(115)) - StateMachineUpdater:bb9d252a-546d-48b3-aabe-52964da86e48:group-F4306282FA7E: set stopIndex = 0
2019-09-19 09:41:04,838 [main] INFO  impl.RaftServerImpl (ServerState.java:close(394)) - bb9d252a-546d-48b3-aabe-52964da86e48:group-F4306282FA7E closes. The last applied log index is 0
2019-09-19 09:41:04,838 [ForkJoinPool.commonPool-worker-1] INFO  impl.RoleInfo (RoleInfo.java:shutdownLeaderState(104)) - d87be78c-f122-4471-b781-d01263e91835: shutdown LeaderState
2019-09-19 09:41:04,839 [bb9d252a-546d-48b3-aabe-52964da86e48-SegmentedRaftLogWorker:Storage Directory /workdir/hadoop-ozone/ozonefs/target/test-dir/MiniOzoneClusterImpl-21ed0f53-0413-44c7-8609-f438100532e5/datanode-6/data/ratis/a7cc922b-d173-44a9-88cf-f4306282fa7e] INFO  segmented.SegmentedRaftLogWorker (SegmentedRaftLogWorker.java:run(313)) - bb9d252a-546d-48b3-aabe-52964da86e48-SegmentedRaftLogWorker:Storage Directory /workdir/hadoop-ozone/ozonefs/target/test-dir/MiniOzoneClusterImpl-21ed0f53-0413-44c7-8609-f438100532e5/datanode-6/data/ratis/a7cc922b-d173-44a9-88cf-f4306282fa7e was interrupted, exiting. There are 0 tasks remaining in the queue.
2019-09-19 09:41:04,839 [ForkJoinPool.commonPool-worker-1] INFO  impl.PendingRequests (PendingRequests.java:sendNotLeaderResponses(202)) - d87be78c-f122-4471-b781-d01263e91835-PendingRequests: sendNotLeaderResponses
2019-09-19 09:41:04,839 [main] INFO  segmented.SegmentedRaftLogWorker (SegmentedRaftLogWorker.java:close(228)) - bb9d252a-546d-48b3-aabe-52964da86e48-SegmentedRaftLogWorker:Storage Directory /workdir/hadoop-ozone/ozonefs/target/test-dir/MiniOzoneClusterImpl-21ed0f53-0413-44c7-8609-f438100532e5/datanode-6/data/ratis/a7cc922b-d173-44a9-88cf-f4306282fa7e close()
2019-09-19 09:41:04,840 [ForkJoinPool.commonPool-worker-1] INFO  impl.StateMachineUpdater (StateMachineUpdater.java:stopAndJoin(115)) - StateMachineUpdater:d87be78c-f122-4471-b781-d01263e91835:group-2314903E95F1: set stopIndex = 0
2019-09-19 09:41:04,840 [main] INFO  server.GrpcService (GrpcService.java:closeImpl(155)) - bb9d252a-546d-48b3-aabe-52964da86e48: shutdown server with port 44392 now
2019-09-19 09:41:04,840 [ForkJoinPool.commonPool-worker-1] INFO  impl.RaftServerImpl (ServerState.java:close(394)) - d87be78c-f122-4471-b781-d01263e91835:group-2314903E95F1 closes. The last applied log index is 0
2019-09-19 09:41:04,843 [d87be78c-f122-4471-b781-d01263e91835-SegmentedRaftLogWorker:Storage Directory /workdir/hadoop-ozone/ozonefs/target/test-dir/MiniOzoneClusterImpl-21ed0f53-0413-44c7-8609-f438100532e5/datanode-3/data/ratis/b3fd8dd6-5e83-4efa-8485-2314903e95f1] INFO  segmented.SegmentedRaftLogWorker (SegmentedRaftLogWorker.java:run(313)) - d87be78c-f122-4471-b781-d01263e91835-SegmentedRaftLogWorker:Storage Directory /workdir/hadoop-ozone/ozonefs/target/test-dir/MiniOzoneClusterImpl-21ed0f53-0413-44c7-8609-f438100532e5/datanode-3/data/ratis/b3fd8dd6-5e83-4efa-8485-2314903e95f1 was interrupted, exiting. There are 0 tasks remaining in the queue.
2019-09-19 09:41:04,843 [main] INFO  server.GrpcService (GrpcService.java:closeImpl(163)) - bb9d252a-546d-48b3-aabe-52964da86e48: shutdown server with port 44392 successfully
2019-09-19 09:41:04,843 [ForkJoinPool.commonPool-worker-1] INFO  segmented.SegmentedRaftLogWorker (SegmentedRaftLogWorker.java:close(228)) - d87be78c-f122-4471-b781-d01263e91835-SegmentedRaftLogWorker:Storage Directory /workdir/hadoop-ozone/ozonefs/target/test-dir/MiniOzoneClusterImpl-21ed0f53-0413-44c7-8609-f438100532e5/datanode-3/data/ratis/b3fd8dd6-5e83-4efa-8485-2314903e95f1 close()
2019-09-19 09:41:04,844 [ForkJoinPool.commonPool-worker-1] INFO  impl.RaftServerImpl (RaftServerImpl.java:lambda$shutdown$3(245)) - d87be78c-f122-4471-b781-d01263e91835: shutdown group-8CD581E27AA5
2019-09-19 09:41:04,844 [ForkJoinPool.commonPool-worker-1] INFO  util.JmxRegister (JmxRegister.java:unregister(73)) - Successfully un-registered JMX Bean with object name Ratis:service=RaftServer,group=group-8CD581E27AA5,id=d87be78c-f122-4471-b781-d01263e91835
2019-09-19 09:41:04,845 [main] INFO  utils.BackgroundService (BackgroundService.java:shutdown(148)) - Shutting down service BlockDeletingService
2019-09-19 09:41:04,845 [ForkJoinPool.commonPool-worker-1] INFO  impl.RoleInfo (RoleInfo.java:shutdownLeaderState(104)) - d87be78c-f122-4471-b781-d01263e91835: shutdown LeaderState
2019-09-19 09:41:04,845 [ForkJoinPool.commonPool-worker-1] INFO  impl.PendingRequests (PendingRequests.java:sendNotLeaderResponses(202)) - d87be78c-f122-4471-b781-d01263e91835-PendingRequests: sendNotLeaderResponses
2019-09-19 09:41:04,846 [ForkJoinPool.commonPool-worker-1] INFO  impl.StateMachineUpdater (StateMachineUpdater.java:stopAndJoin(115)) - StateMachineUpdater:d87be78c-f122-4471-b781-d01263e91835:group-8CD581E27AA5: set stopIndex = 0
2019-09-19 09:41:04,846 [refreshUsed-/workdir/hadoop-ozone/ozonefs/target/test-dir/MiniOzoneClusterImpl-21ed0f53-0413-44c7-8609-f438100532e5/datanode-6/data/containers] WARN  fs.CachingGetSpaceUsed (CachingGetSpaceUsed.java:run(183)) - Thread Interrupted waiting to refresh disk information: sleep interrupted
2019-09-19 09:41:04,846 [ForkJoinPool.commonPool-worker-1] INFO  impl.RaftServerImpl (ServerState.java:close(394)) - d87be78c-f122-4471-b781-d01263e91835:group-8CD581E27AA5 closes. The last applied log index is 0
2019-09-19 09:41:04,847 [d87be78c-f122-4471-b781-d01263e91835-SegmentedRaftLogWorker:Storage Directory /workdir/hadoop-ozone/ozonefs/target/test-dir/MiniOzoneClusterImpl-21ed0f53-0413-44c7-8609-f438100532e5/datanode-3/data/ratis/19b9d728-466f-4454-a887-8cd581e27aa5] INFO  segmented.SegmentedRaftLogWorker (SegmentedRaftLogWorker.java:run(313)) - d87be78c-f122-4471-b781-d01263e91835-SegmentedRaftLogWorker:Storage Directory /workdir/hadoop-ozone/ozonefs/target/test-dir/MiniOzoneClusterImpl-21ed0f53-0413-44c7-8609-f438100532e5/datanode-3/data/ratis/19b9d728-466f-4454-a887-8cd581e27aa5 was interrupted, exiting. There are 0 tasks remaining in the queue.
2019-09-19 09:41:04,847 [ForkJoinPool.commonPool-worker-1] INFO  segmented.SegmentedRaftLogWorker (SegmentedRaftLogWorker.java:close(228)) - d87be78c-f122-4471-b781-d01263e91835-SegmentedRaftLogWorker:Storage Directory /workdir/hadoop-ozone/ozonefs/target/test-dir/MiniOzoneClusterImpl-21ed0f53-0413-44c7-8609-f438100532e5/datanode-3/data/ratis/19b9d728-466f-4454-a887-8cd581e27aa5 close()
2019-09-19 09:41:04,847 [ForkJoinPool.commonPool-worker-1] INFO  server.GrpcService (GrpcService.java:closeImpl(155)) - d87be78c-f122-4471-b781-d01263e91835: shutdown server with port 39992 now
2019-09-19 09:41:04,850 [ForkJoinPool.commonPool-worker-1] INFO  server.GrpcService (GrpcService.java:closeImpl(163)) - d87be78c-f122-4471-b781-d01263e91835: shutdown server with port 39992 successfully
2019-09-19 09:41:04,857 [ForkJoinPool.commonPool-worker-1] INFO  utils.BackgroundService (BackgroundService.java:shutdown(148)) - Shutting down service BlockDeletingService
2019-09-19 09:41:04,860 [refreshUsed-/workdir/hadoop-ozone/ozonefs/target/test-dir/MiniOzoneClusterImpl-21ed0f53-0413-44c7-8609-f438100532e5/datanode-3/data/containers] WARN  fs.CachingGetSpaceUsed (CachingGetSpaceUsed.java:run(183)) - Thread Interrupted waiting to refresh disk information: sleep interrupted
2019-09-19 09:41:04,883 [main] INFO  statemachine.DatanodeStateMachine (DatanodeStateMachine.java:stopDaemon(395)) - Ozone container server stopped.
2019-09-19 09:41:04,884 [main] INFO  handler.ContextHandler (ContextHandler.java:doStop(910)) - Stopped o.e.j.w.WebAppContext@4c56644f{/,null,UNAVAILABLE}{/hddsDatanode}
2019-09-19 09:41:04,885 [main] INFO  server.AbstractConnector (AbstractConnector.java:doStop(318)) - Stopped ServerConnector@589dfa6f{HTTP/1.1,[http/1.1]}{0.0.0.0:0}
2019-09-19 09:41:04,885 [main] INFO  handler.ContextHandler (ContextHandler.java:doStop(910)) - Stopped o.e.j.s.ServletContextHandler@3f3c8b60{/static,jar:file:/home/user/.m2/repository/org/apache/hadoop/hadoop-hdds-container-service/0.5.0-SNAPSHOT/hadoop-hdds-container-service-0.5.0-SNAPSHOT.jar!/webapps/static,UNAVAILABLE}
2019-09-19 09:41:04,886 [main] INFO  handler.ContextHandler (ContextHandler.java:doStop(910)) - Stopped o.e.j.s.ServletContextHandler@743bb39a{/logs,file:///workdir/hadoop-ozone/ozonefs/target/log,UNAVAILABLE}
2019-09-19 09:41:04,887 [main] INFO  datanode.ObjectStoreHandler (ObjectStoreHandler.java:close(155)) - Closing ObjectStoreHandler.
2019-09-19 09:41:04,887 [main] INFO  ozone.HddsDatanodeService (HddsDatanodeService.java:stop(451)) - Stopped plug-in org.apache.hadoop.ozone.web.OzoneHddsDatanodeService@1aeff8ca
2019-09-19 09:41:04,897 [ForkJoinPool.commonPool-worker-1] INFO  statemachine.DatanodeStateMachine (DatanodeStateMachine.java:stopDaemon(395)) - Ozone container server stopped.
2019-09-19 09:41:04,904 [ForkJoinPool.commonPool-worker-1] INFO  handler.ContextHandler (ContextHandler.java:doStop(910)) - Stopped o.e.j.w.WebAppContext@238291d4{/,null,UNAVAILABLE}{/hddsDatanode}
2019-09-19 09:41:04,904 [ForkJoinPool.commonPool-worker-1] INFO  server.AbstractConnector (AbstractConnector.java:doStop(318)) - Stopped ServerConnector@34edd065{HTTP/1.1,[http/1.1]}{0.0.0.0:0}
2019-09-19 09:41:04,907 [ForkJoinPool.commonPool-worker-1] INFO  handler.ContextHandler (ContextHandler.java:doStop(910)) - Stopped o.e.j.s.ServletContextHandler@5dbab232{/static,jar:file:/home/user/.m2/repository/org/apache/hadoop/hadoop-hdds-container-service/0.5.0-SNAPSHOT/hadoop-hdds-container-service-0.5.0-SNAPSHOT.jar!/webapps/static,UNAVAILABLE}
2019-09-19 09:41:04,909 [ForkJoinPool.commonPool-worker-1] INFO  handler.ContextHandler (ContextHandler.java:doStop(910)) - Stopped o.e.j.s.ServletContextHandler@3dec3f87{/logs,file:///workdir/hadoop-ozone/ozonefs/target/log,UNAVAILABLE}
2019-09-19 09:41:04,910 [ForkJoinPool.commonPool-worker-1] INFO  datanode.ObjectStoreHandler (ObjectStoreHandler.java:close(155)) - Closing ObjectStoreHandler.
2019-09-19 09:41:04,910 [ForkJoinPool.commonPool-worker-1] INFO  ozone.HddsDatanodeService (HddsDatanodeService.java:stop(451)) - Stopped plug-in org.apache.hadoop.ozone.web.OzoneHddsDatanodeService@5da6b13d
2019-09-19 09:41:05,303 | INFO  | SCMAudit | user=jenkins1000 | ip=192.168.34.5 | op=SEND_HEARTBEAT {datanodeUUID=1bcbd64b-2199-49e1-86d3-4e4b64d88b4a, command=[]} | ret=SUCCESS |  
2019-09-19 09:41:05,304 | INFO  | SCMAudit | user=jenkins1000 | ip=192.168.34.5 | op=SEND_HEARTBEAT {datanodeUUID=7076406d-aee0-4126-8bab-f0c87a3fcebd, command=[]} | ret=SUCCESS |  
2019-09-19 09:41:05,627 | INFO  | SCMAudit | user=jenkins1000 | ip=192.168.34.5 | op=SEND_HEARTBEAT {datanodeUUID=caeb75b6-27c7-410d-b6eb-8f738956b5a3, command=[]} | ret=SUCCESS |  
2019-09-19 09:41:05,628 [Datanode State Machine Thread - 0] INFO  statemachine.DatanodeStateMachine (DatanodeStateMachine.java:lambda$startDaemon$0(350)) - Ozone container server started.
2019-09-19 09:41:05,631 [Datanode State Machine Thread - 0] INFO  statemachine.DatanodeStateMachine (DatanodeStateMachine.java:lambda$startDaemon$0(350)) - Ozone container server started.
2019-09-19 09:41:05,631 | INFO  | SCMAudit | user=jenkins1000 | ip=192.168.34.5 | op=SEND_HEARTBEAT {datanodeUUID=28f77823-de9e-44cc-bd18-5b415144a5bf, command=[]} | ret=SUCCESS |  
2019-09-19 09:41:06,303 | INFO  | SCMAudit | user=jenkins1000 | ip=192.168.34.5 | op=SEND_HEARTBEAT {datanodeUUID=1bcbd64b-2199-49e1-86d3-4e4b64d88b4a, command=[]} | ret=SUCCESS |  
2019-09-19 09:41:06,303 | INFO  | SCMAudit | user=jenkins1000 | ip=192.168.34.5 | op=SEND_HEARTBEAT {datanodeUUID=7076406d-aee0-4126-8bab-f0c87a3fcebd, command=[]} | ret=SUCCESS |  
2019-09-19 09:41:06,626 | INFO  | SCMAudit | user=jenkins1000 | ip=192.168.34.5 | op=SEND_HEARTBEAT {datanodeUUID=caeb75b6-27c7-410d-b6eb-8f738956b5a3, command=[]} | ret=SUCCESS |  
2019-09-19 09:41:06,631 | INFO  | SCMAudit | user=jenkins1000 | ip=192.168.34.5 | op=SEND_HEARTBEAT {datanodeUUID=28f77823-de9e-44cc-bd18-5b415144a5bf, command=[]} | ret=SUCCESS |  
2019-09-19 09:41:07,303 | INFO  | SCMAudit | user=jenkins1000 | ip=192.168.34.5 | op=SEND_HEARTBEAT {datanodeUUID=1bcbd64b-2199-49e1-86d3-4e4b64d88b4a, command=[]} | ret=SUCCESS |  
2019-09-19 09:41:07,304 | INFO  | SCMAudit | user=jenkins1000 | ip=192.168.34.5 | op=SEND_HEARTBEAT {datanodeUUID=7076406d-aee0-4126-8bab-f0c87a3fcebd, command=[]} | ret=SUCCESS |  
2019-09-19 09:41:07,628 | INFO  | SCMAudit | user=jenkins1000 | ip=192.168.34.5 | op=SEND_HEARTBEAT {datanodeUUID=caeb75b6-27c7-410d-b6eb-8f738956b5a3, command=[]} | ret=SUCCESS |  
2019-09-19 09:41:07,632 | INFO  | SCMAudit | user=jenkins1000 | ip=192.168.34.5 | op=SEND_HEARTBEAT {datanodeUUID=28f77823-de9e-44cc-bd18-5b415144a5bf, command=[]} | ret=SUCCESS |  
2019-09-19 09:41:08,303 | INFO  | SCMAudit | user=jenkins1000 | ip=192.168.34.5 | op=SEND_HEARTBEAT {datanodeUUID=1bcbd64b-2199-49e1-86d3-4e4b64d88b4a, command=[]} | ret=SUCCESS |  
2019-09-19 09:41:08,304 | INFO  | SCMAudit | user=jenkins1000 | ip=192.168.34.5 | op=SEND_HEARTBEAT {datanodeUUID=7076406d-aee0-4126-8bab-f0c87a3fcebd, command=[]} | ret=SUCCESS |  
2019-09-19 09:41:08,627 | INFO  | SCMAudit | user=jenkins1000 | ip=192.168.34.5 | op=SEND_HEARTBEAT {datanodeUUID=caeb75b6-27c7-410d-b6eb-8f738956b5a3, command=[]} | ret=SUCCESS |  
2019-09-19 09:41:08,632 | INFO  | SCMAudit | user=jenkins1000 | ip=192.168.34.5 | op=SEND_HEARTBEAT {datanodeUUID=28f77823-de9e-44cc-bd18-5b415144a5bf, command=[]} | ret=SUCCESS |  
2019-09-19 09:41:09,303 | INFO  | SCMAudit | user=jenkins1000 | ip=192.168.34.5 | op=SEND_HEARTBEAT {datanodeUUID=1bcbd64b-2199-49e1-86d3-4e4b64d88b4a, command=[]} | ret=SUCCESS |  
2019-09-19 09:41:09,303 | INFO  | SCMAudit | user=jenkins1000 | ip=192.168.34.5 | op=SEND_HEARTBEAT {datanodeUUID=7076406d-aee0-4126-8bab-f0c87a3fcebd, command=[]} | ret=SUCCESS |  
2019-09-19 09:41:09,627 | INFO  | SCMAudit | user=jenkins1000 | ip=192.168.34.5 | op=SEND_HEARTBEAT {datanodeUUID=caeb75b6-27c7-410d-b6eb-8f738956b5a3, command=[]} | ret=SUCCESS |  
2019-09-19 09:41:09,631 | INFO  | SCMAudit | user=jenkins1000 | ip=192.168.34.5 | op=SEND_HEARTBEAT {datanodeUUID=28f77823-de9e-44cc-bd18-5b415144a5bf, command=[]} | ret=SUCCESS |  
2019-09-19 09:41:09,888 [main] INFO  ozoneimpl.OzoneContainer (OzoneContainer.java:stop(199)) - Attempting to stop container services.
2019-09-19 09:41:09,889 [main] INFO  impl.RaftServerProxy (RaftServerProxy.java:lambda$close$4(314)) - 00cd5ee6-30a6-4c0a-bb6c-a5a65ddde9fb: close
2019-09-19 09:41:09,890 [main] INFO  impl.RaftServerImpl (RaftServerImpl.java:lambda$shutdown$3(245)) - 00cd5ee6-30a6-4c0a-bb6c-a5a65ddde9fb: shutdown group-F4AF0A7EA0C0
2019-09-19 09:41:09,890 [main] INFO  util.JmxRegister (JmxRegister.java:unregister(73)) - Successfully un-registered JMX Bean with object name Ratis:service=RaftServer,group=group-F4AF0A7EA0C0,id=00cd5ee6-30a6-4c0a-bb6c-a5a65ddde9fb
2019-09-19 09:41:09,890 [main] INFO  impl.RoleInfo (RoleInfo.java:shutdownLeaderState(104)) - 00cd5ee6-30a6-4c0a-bb6c-a5a65ddde9fb: shutdown LeaderState
2019-09-19 09:41:09,891 [main] INFO  impl.PendingRequests (PendingRequests.java:sendNotLeaderResponses(202)) - 00cd5ee6-30a6-4c0a-bb6c-a5a65ddde9fb-PendingRequests: sendNotLeaderResponses
2019-09-19 09:41:09,892 [main] INFO  impl.StateMachineUpdater (StateMachineUpdater.java:stopAndJoin(115)) - StateMachineUpdater:00cd5ee6-30a6-4c0a-bb6c-a5a65ddde9fb:group-F4AF0A7EA0C0: set stopIndex = 0
2019-09-19 09:41:09,892 [main] INFO  impl.RaftServerImpl (ServerState.java:close(394)) - 00cd5ee6-30a6-4c0a-bb6c-a5a65ddde9fb:group-F4AF0A7EA0C0 closes. The last applied log index is 0
2019-09-19 09:41:09,893 [00cd5ee6-30a6-4c0a-bb6c-a5a65ddde9fb-SegmentedRaftLogWorker:Storage Directory /workdir/hadoop-ozone/ozonefs/target/test-dir/MiniOzoneClusterImpl-21ed0f53-0413-44c7-8609-f438100532e5/datanode-8/data/ratis/67e3a099-a11b-44ed-9efe-f4af0a7ea0c0] INFO  segmented.SegmentedRaftLogWorker (SegmentedRaftLogWorker.java:run(313)) - 00cd5ee6-30a6-4c0a-bb6c-a5a65ddde9fb-SegmentedRaftLogWorker:Storage Directory /workdir/hadoop-ozone/ozonefs/target/test-dir/MiniOzoneClusterImpl-21ed0f53-0413-44c7-8609-f438100532e5/datanode-8/data/ratis/67e3a099-a11b-44ed-9efe-f4af0a7ea0c0 was interrupted, exiting. There are 0 tasks remaining in the queue.
2019-09-19 09:41:09,894 [main] INFO  segmented.SegmentedRaftLogWorker (SegmentedRaftLogWorker.java:close(228)) - 00cd5ee6-30a6-4c0a-bb6c-a5a65ddde9fb-SegmentedRaftLogWorker:Storage Directory /workdir/hadoop-ozone/ozonefs/target/test-dir/MiniOzoneClusterImpl-21ed0f53-0413-44c7-8609-f438100532e5/datanode-8/data/ratis/67e3a099-a11b-44ed-9efe-f4af0a7ea0c0 close()
2019-09-19 09:41:09,894 [main] INFO  impl.RaftServerImpl (RaftServerImpl.java:lambda$shutdown$3(245)) - 00cd5ee6-30a6-4c0a-bb6c-a5a65ddde9fb: shutdown group-DCFCDCCCEC51
2019-09-19 09:41:09,895 [main] INFO  util.JmxRegister (JmxRegister.java:unregister(73)) - Successfully un-registered JMX Bean with object name Ratis:service=RaftServer,group=group-DCFCDCCCEC51,id=00cd5ee6-30a6-4c0a-bb6c-a5a65ddde9fb
2019-09-19 09:41:09,895 [main] INFO  impl.RoleInfo (RoleInfo.java:shutdownLeaderState(104)) - 00cd5ee6-30a6-4c0a-bb6c-a5a65ddde9fb: shutdown LeaderState
2019-09-19 09:41:09,896 [main] INFO  impl.PendingRequests (PendingRequests.java:sendNotLeaderResponses(202)) - 00cd5ee6-30a6-4c0a-bb6c-a5a65ddde9fb-PendingRequests: sendNotLeaderResponses
2019-09-19 09:41:09,896 [main] INFO  impl.StateMachineUpdater (StateMachineUpdater.java:stopAndJoin(115)) - StateMachineUpdater:00cd5ee6-30a6-4c0a-bb6c-a5a65ddde9fb:group-DCFCDCCCEC51: set stopIndex = 0
2019-09-19 09:41:09,896 [main] INFO  impl.RaftServerImpl (ServerState.java:close(394)) - 00cd5ee6-30a6-4c0a-bb6c-a5a65ddde9fb:group-DCFCDCCCEC51 closes. The last applied log index is 0
2019-09-19 09:41:09,897 [00cd5ee6-30a6-4c0a-bb6c-a5a65ddde9fb-SegmentedRaftLogWorker:Storage Directory /workdir/hadoop-ozone/ozonefs/target/test-dir/MiniOzoneClusterImpl-21ed0f53-0413-44c7-8609-f438100532e5/datanode-8/data/ratis/09939c08-29a9-4138-a498-dcfcdcccec51] INFO  segmented.SegmentedRaftLogWorker (SegmentedRaftLogWorker.java:run(313)) - 00cd5ee6-30a6-4c0a-bb6c-a5a65ddde9fb-SegmentedRaftLogWorker:Storage Directory /workdir/hadoop-ozone/ozonefs/target/test-dir/MiniOzoneClusterImpl-21ed0f53-0413-44c7-8609-f438100532e5/datanode-8/data/ratis/09939c08-29a9-4138-a498-dcfcdcccec51 was interrupted, exiting. There are 0 tasks remaining in the queue.
2019-09-19 09:41:09,906 [main] INFO  segmented.SegmentedRaftLogWorker (SegmentedRaftLogWorker.java:close(228)) - 00cd5ee6-30a6-4c0a-bb6c-a5a65ddde9fb-SegmentedRaftLogWorker:Storage Directory /workdir/hadoop-ozone/ozonefs/target/test-dir/MiniOzoneClusterImpl-21ed0f53-0413-44c7-8609-f438100532e5/datanode-8/data/ratis/09939c08-29a9-4138-a498-dcfcdcccec51 close()
2019-09-19 09:41:09,906 [main] INFO  impl.RaftServerImpl (RaftServerImpl.java:lambda$shutdown$3(245)) - 00cd5ee6-30a6-4c0a-bb6c-a5a65ddde9fb: shutdown group-4B0871050AB1
2019-09-19 09:41:09,907 [main] INFO  util.JmxRegister (JmxRegister.java:unregister(73)) - Successfully un-registered JMX Bean with object name Ratis:service=RaftServer,group=group-4B0871050AB1,id=00cd5ee6-30a6-4c0a-bb6c-a5a65ddde9fb
2019-09-19 09:41:09,907 [main] INFO  impl.RoleInfo (RoleInfo.java:shutdownLeaderState(104)) - 00cd5ee6-30a6-4c0a-bb6c-a5a65ddde9fb: shutdown LeaderState
2019-09-19 09:41:09,907 [main] INFO  impl.PendingRequests (PendingRequests.java:sendNotLeaderResponses(202)) - 00cd5ee6-30a6-4c0a-bb6c-a5a65ddde9fb-PendingRequests: sendNotLeaderResponses
2019-09-19 09:41:09,908 [main] INFO  impl.StateMachineUpdater (StateMachineUpdater.java:stopAndJoin(115)) - StateMachineUpdater:00cd5ee6-30a6-4c0a-bb6c-a5a65ddde9fb:group-4B0871050AB1: set stopIndex = 0
2019-09-19 09:41:09,908 [main] INFO  impl.RaftServerImpl (ServerState.java:close(394)) - 00cd5ee6-30a6-4c0a-bb6c-a5a65ddde9fb:group-4B0871050AB1 closes. The last applied log index is 0
2019-09-19 09:41:09,909 [00cd5ee6-30a6-4c0a-bb6c-a5a65ddde9fb-SegmentedRaftLogWorker:Storage Directory /workdir/hadoop-ozone/ozonefs/target/test-dir/MiniOzoneClusterImpl-21ed0f53-0413-44c7-8609-f438100532e5/datanode-8/data/ratis/4f17e949-e853-40fd-8ce4-4b0871050ab1] INFO  segmented.SegmentedRaftLogWorker (SegmentedRaftLogWorker.java:run(313)) - 00cd5ee6-30a6-4c0a-bb6c-a5a65ddde9fb-SegmentedRaftLogWorker:Storage Directory /workdir/hadoop-ozone/ozonefs/target/test-dir/MiniOzoneClusterImpl-21ed0f53-0413-44c7-8609-f438100532e5/datanode-8/data/ratis/4f17e949-e853-40fd-8ce4-4b0871050ab1 was interrupted, exiting. There are 0 tasks remaining in the queue.
2019-09-19 09:41:09,909 [main] INFO  segmented.SegmentedRaftLogWorker (SegmentedRaftLogWorker.java:close(228)) - 00cd5ee6-30a6-4c0a-bb6c-a5a65ddde9fb-SegmentedRaftLogWorker:Storage Directory /workdir/hadoop-ozone/ozonefs/target/test-dir/MiniOzoneClusterImpl-21ed0f53-0413-44c7-8609-f438100532e5/datanode-8/data/ratis/4f17e949-e853-40fd-8ce4-4b0871050ab1 close()
2019-09-19 09:41:09,910 [main] INFO  impl.RaftServerImpl (RaftServerImpl.java:lambda$shutdown$3(245)) - 00cd5ee6-30a6-4c0a-bb6c-a5a65ddde9fb: shutdown group-F7E800AB696F
2019-09-19 09:41:09,910 [main] INFO  util.JmxRegister (JmxRegister.java:unregister(73)) - Successfully un-registered JMX Bean with object name Ratis:service=RaftServer,group=group-F7E800AB696F,id=00cd5ee6-30a6-4c0a-bb6c-a5a65ddde9fb
2019-09-19 09:41:09,910 [main] INFO  impl.RoleInfo (RoleInfo.java:shutdownLeaderState(104)) - 00cd5ee6-30a6-4c0a-bb6c-a5a65ddde9fb: shutdown LeaderState
2019-09-19 09:41:09,911 [main] INFO  impl.PendingRequests (PendingRequests.java:sendNotLeaderResponses(202)) - 00cd5ee6-30a6-4c0a-bb6c-a5a65ddde9fb-PendingRequests: sendNotLeaderResponses
2019-09-19 09:41:09,911 [ForkJoinPool.commonPool-worker-1] INFO  ozoneimpl.OzoneContainer (OzoneContainer.java:stop(199)) - Attempting to stop container services.
2019-09-19 09:41:09,911 [main] INFO  impl.StateMachineUpdater (StateMachineUpdater.java:stopAndJoin(115)) - StateMachineUpdater:00cd5ee6-30a6-4c0a-bb6c-a5a65ddde9fb:group-F7E800AB696F: set stopIndex = 0
2019-09-19 09:41:09,912 [ForkJoinPool.commonPool-worker-1] INFO  impl.RaftServerProxy (RaftServerProxy.java:lambda$close$4(314)) - 47e0c7c0-2680-4f55-9417-80daafef46d1: close
2019-09-19 09:41:09,912 [main] INFO  impl.RaftServerImpl (ServerState.java:close(394)) - 00cd5ee6-30a6-4c0a-bb6c-a5a65ddde9fb:group-F7E800AB696F closes. The last applied log index is 0
2019-09-19 09:41:09,912 [ForkJoinPool.commonPool-worker-1] INFO  impl.RaftServerImpl (RaftServerImpl.java:lambda$shutdown$3(245)) - 47e0c7c0-2680-4f55-9417-80daafef46d1: shutdown group-C25C84AFB432
2019-09-19 09:41:09,913 [00cd5ee6-30a6-4c0a-bb6c-a5a65ddde9fb-SegmentedRaftLogWorker:Storage Directory /workdir/hadoop-ozone/ozonefs/target/test-dir/MiniOzoneClusterImpl-21ed0f53-0413-44c7-8609-f438100532e5/datanode-8/data/ratis/344a86ac-f43a-4233-9a39-f7e800ab696f] INFO  segmented.SegmentedRaftLogWorker (SegmentedRaftLogWorker.java:run(313)) - 00cd5ee6-30a6-4c0a-bb6c-a5a65ddde9fb-SegmentedRaftLogWorker:Storage Directory /workdir/hadoop-ozone/ozonefs/target/test-dir/MiniOzoneClusterImpl-21ed0f53-0413-44c7-8609-f438100532e5/datanode-8/data/ratis/344a86ac-f43a-4233-9a39-f7e800ab696f was interrupted, exiting. There are 0 tasks remaining in the queue.
2019-09-19 09:41:09,913 [ForkJoinPool.commonPool-worker-1] INFO  util.JmxRegister (JmxRegister.java:unregister(73)) - Successfully un-registered JMX Bean with object name Ratis:service=RaftServer,group=group-C25C84AFB432,id=47e0c7c0-2680-4f55-9417-80daafef46d1
2019-09-19 09:41:09,913 [main] INFO  segmented.SegmentedRaftLogWorker (SegmentedRaftLogWorker.java:close(228)) - 00cd5ee6-30a6-4c0a-bb6c-a5a65ddde9fb-SegmentedRaftLogWorker:Storage Directory /workdir/hadoop-ozone/ozonefs/target/test-dir/MiniOzoneClusterImpl-21ed0f53-0413-44c7-8609-f438100532e5/datanode-8/data/ratis/344a86ac-f43a-4233-9a39-f7e800ab696f close()
2019-09-19 09:41:09,914 [ForkJoinPool.commonPool-worker-1] INFO  impl.RoleInfo (RoleInfo.java:shutdownLeaderState(104)) - 47e0c7c0-2680-4f55-9417-80daafef46d1: shutdown LeaderState
2019-09-19 09:41:09,914 [main] INFO  impl.RaftServerImpl (RaftServerImpl.java:lambda$shutdown$3(245)) - 00cd5ee6-30a6-4c0a-bb6c-a5a65ddde9fb: shutdown group-BF851F5FA283
2019-09-19 09:41:09,915 [ForkJoinPool.commonPool-worker-1] INFO  impl.PendingRequests (PendingRequests.java:sendNotLeaderResponses(202)) - 47e0c7c0-2680-4f55-9417-80daafef46d1-PendingRequests: sendNotLeaderResponses
2019-09-19 09:41:09,915 [main] INFO  util.JmxRegister (JmxRegister.java:unregister(73)) - Successfully un-registered JMX Bean with object name Ratis:service=RaftServer,group=group-BF851F5FA283,id=00cd5ee6-30a6-4c0a-bb6c-a5a65ddde9fb
2019-09-19 09:41:09,916 [main] INFO  impl.RoleInfo (RoleInfo.java:shutdownLeaderState(104)) - 00cd5ee6-30a6-4c0a-bb6c-a5a65ddde9fb: shutdown LeaderState
2019-09-19 09:41:09,916 [ForkJoinPool.commonPool-worker-1] INFO  impl.StateMachineUpdater (StateMachineUpdater.java:stopAndJoin(115)) - StateMachineUpdater:47e0c7c0-2680-4f55-9417-80daafef46d1:group-C25C84AFB432: set stopIndex = 0
2019-09-19 09:41:09,917 [main] INFO  impl.PendingRequests (PendingRequests.java:sendNotLeaderResponses(202)) - 00cd5ee6-30a6-4c0a-bb6c-a5a65ddde9fb-PendingRequests: sendNotLeaderResponses
2019-09-19 09:41:09,917 [ForkJoinPool.commonPool-worker-1] INFO  impl.RaftServerImpl (ServerState.java:close(394)) - 47e0c7c0-2680-4f55-9417-80daafef46d1:group-C25C84AFB432 closes. The last applied log index is 0
2019-09-19 09:41:09,918 [main] INFO  impl.StateMachineUpdater (StateMachineUpdater.java:stopAndJoin(115)) - StateMachineUpdater:00cd5ee6-30a6-4c0a-bb6c-a5a65ddde9fb:group-BF851F5FA283: set stopIndex = 0
2019-09-19 09:41:09,918 [47e0c7c0-2680-4f55-9417-80daafef46d1-SegmentedRaftLogWorker:Storage Directory /workdir/hadoop-ozone/ozonefs/target/test-dir/MiniOzoneClusterImpl-21ed0f53-0413-44c7-8609-f438100532e5/datanode-4/data/ratis/d96b1a94-ad3f-41f3-9353-c25c84afb432] INFO  segmented.SegmentedRaftLogWorker (SegmentedRaftLogWorker.java:run(313)) - 47e0c7c0-2680-4f55-9417-80daafef46d1-SegmentedRaftLogWorker:Storage Directory /workdir/hadoop-ozone/ozonefs/target/test-dir/MiniOzoneClusterImpl-21ed0f53-0413-44c7-8609-f438100532e5/datanode-4/data/ratis/d96b1a94-ad3f-41f3-9353-c25c84afb432 was interrupted, exiting. There are 0 tasks remaining in the queue.
2019-09-19 09:41:09,918 [main] INFO  impl.RaftServerImpl (ServerState.java:close(394)) - 00cd5ee6-30a6-4c0a-bb6c-a5a65ddde9fb:group-BF851F5FA283 closes. The last applied log index is 0
2019-09-19 09:41:09,919 [ForkJoinPool.commonPool-worker-1] INFO  segmented.SegmentedRaftLogWorker (SegmentedRaftLogWorker.java:close(228)) - 47e0c7c0-2680-4f55-9417-80daafef46d1-SegmentedRaftLogWorker:Storage Directory /workdir/hadoop-ozone/ozonefs/target/test-dir/MiniOzoneClusterImpl-21ed0f53-0413-44c7-8609-f438100532e5/datanode-4/data/ratis/d96b1a94-ad3f-41f3-9353-c25c84afb432 close()
2019-09-19 09:41:09,919 [00cd5ee6-30a6-4c0a-bb6c-a5a65ddde9fb-SegmentedRaftLogWorker:Storage Directory /workdir/hadoop-ozone/ozonefs/target/test-dir/MiniOzoneClusterImpl-21ed0f53-0413-44c7-8609-f438100532e5/datanode-8/data/ratis/a4d1941d-feb9-495d-bdfd-bf851f5fa283] INFO  segmented.SegmentedRaftLogWorker (SegmentedRaftLogWorker.java:run(313)) - 00cd5ee6-30a6-4c0a-bb6c-a5a65ddde9fb-SegmentedRaftLogWorker:Storage Directory /workdir/hadoop-ozone/ozonefs/target/test-dir/MiniOzoneClusterImpl-21ed0f53-0413-44c7-8609-f438100532e5/datanode-8/data/ratis/a4d1941d-feb9-495d-bdfd-bf851f5fa283 was interrupted, exiting. There are 0 tasks remaining in the queue.
2019-09-19 09:41:09,919 [ForkJoinPool.commonPool-worker-1] INFO  impl.RaftServerImpl (RaftServerImpl.java:lambda$shutdown$3(245)) - 47e0c7c0-2680-4f55-9417-80daafef46d1: shutdown group-3623E50E5851
2019-09-19 09:41:09,920 [main] INFO  segmented.SegmentedRaftLogWorker (SegmentedRaftLogWorker.java:close(228)) - 00cd5ee6-30a6-4c0a-bb6c-a5a65ddde9fb-SegmentedRaftLogWorker:Storage Directory /workdir/hadoop-ozone/ozonefs/target/test-dir/MiniOzoneClusterImpl-21ed0f53-0413-44c7-8609-f438100532e5/datanode-8/data/ratis/a4d1941d-feb9-495d-bdfd-bf851f5fa283 close()
2019-09-19 09:41:09,920 [ForkJoinPool.commonPool-worker-1] INFO  util.JmxRegister (JmxRegister.java:unregister(73)) - Successfully un-registered JMX Bean with object name Ratis:service=RaftServer,group=group-3623E50E5851,id=47e0c7c0-2680-4f55-9417-80daafef46d1
2019-09-19 09:41:09,920 [main] INFO  impl.RaftServerImpl (RaftServerImpl.java:lambda$shutdown$3(245)) - 00cd5ee6-30a6-4c0a-bb6c-a5a65ddde9fb: shutdown group-49D0FD28BD6F
2019-09-19 09:41:09,921 [ForkJoinPool.commonPool-worker-1] INFO  impl.RoleInfo (RoleInfo.java:shutdownLeaderState(104)) - 47e0c7c0-2680-4f55-9417-80daafef46d1: shutdown LeaderState
2019-09-19 09:41:09,921 [main] INFO  util.JmxRegister (JmxRegister.java:unregister(73)) - Successfully un-registered JMX Bean with object name Ratis:service=RaftServer,group=group-49D0FD28BD6F,id=00cd5ee6-30a6-4c0a-bb6c-a5a65ddde9fb
2019-09-19 09:41:09,922 [ForkJoinPool.commonPool-worker-1] INFO  impl.PendingRequests (PendingRequests.java:sendNotLeaderResponses(202)) - 47e0c7c0-2680-4f55-9417-80daafef46d1-PendingRequests: sendNotLeaderResponses
2019-09-19 09:41:09,923 [main] INFO  impl.RoleInfo (RoleInfo.java:shutdownLeaderState(104)) - 00cd5ee6-30a6-4c0a-bb6c-a5a65ddde9fb: shutdown LeaderState
2019-09-19 09:41:09,923 [ForkJoinPool.commonPool-worker-1] INFO  impl.StateMachineUpdater (StateMachineUpdater.java:stopAndJoin(115)) - StateMachineUpdater:47e0c7c0-2680-4f55-9417-80daafef46d1:group-3623E50E5851: set stopIndex = 0
2019-09-19 09:41:09,923 [main] INFO  impl.PendingRequests (PendingRequests.java:sendNotLeaderResponses(202)) - 00cd5ee6-30a6-4c0a-bb6c-a5a65ddde9fb-PendingRequests: sendNotLeaderResponses
2019-09-19 09:41:09,924 [ForkJoinPool.commonPool-worker-1] INFO  impl.RaftServerImpl (ServerState.java:close(394)) - 47e0c7c0-2680-4f55-9417-80daafef46d1:group-3623E50E5851 closes. The last applied log index is 0
2019-09-19 09:41:09,924 [main] INFO  impl.StateMachineUpdater (StateMachineUpdater.java:stopAndJoin(115)) - StateMachineUpdater:00cd5ee6-30a6-4c0a-bb6c-a5a65ddde9fb:group-49D0FD28BD6F: set stopIndex = 0
2019-09-19 09:41:09,925 [47e0c7c0-2680-4f55-9417-80daafef46d1-SegmentedRaftLogWorker:Storage Directory /workdir/hadoop-ozone/ozonefs/target/test-dir/MiniOzoneClusterImpl-21ed0f53-0413-44c7-8609-f438100532e5/datanode-4/data/ratis/b1bc9a3d-73fc-4baf-bb1c-3623e50e5851] INFO  segmented.SegmentedRaftLogWorker (SegmentedRaftLogWorker.java:run(313)) - 47e0c7c0-2680-4f55-9417-80daafef46d1-SegmentedRaftLogWorker:Storage Directory /workdir/hadoop-ozone/ozonefs/target/test-dir/MiniOzoneClusterImpl-21ed0f53-0413-44c7-8609-f438100532e5/datanode-4/data/ratis/b1bc9a3d-73fc-4baf-bb1c-3623e50e5851 was interrupted, exiting. There are 0 tasks remaining in the queue.
2019-09-19 09:41:09,925 [main] INFO  impl.RaftServerImpl (ServerState.java:close(394)) - 00cd5ee6-30a6-4c0a-bb6c-a5a65ddde9fb:group-49D0FD28BD6F closes. The last applied log index is 0
2019-09-19 09:41:09,925 [ForkJoinPool.commonPool-worker-1] INFO  segmented.SegmentedRaftLogWorker (SegmentedRaftLogWorker.java:close(228)) - 47e0c7c0-2680-4f55-9417-80daafef46d1-SegmentedRaftLogWorker:Storage Directory /workdir/hadoop-ozone/ozonefs/target/test-dir/MiniOzoneClusterImpl-21ed0f53-0413-44c7-8609-f438100532e5/datanode-4/data/ratis/b1bc9a3d-73fc-4baf-bb1c-3623e50e5851 close()
2019-09-19 09:41:09,926 [00cd5ee6-30a6-4c0a-bb6c-a5a65ddde9fb-SegmentedRaftLogWorker:Storage Directory /workdir/hadoop-ozone/ozonefs/target/test-dir/MiniOzoneClusterImpl-21ed0f53-0413-44c7-8609-f438100532e5/datanode-8/data/ratis/d099059f-1349-4b6b-87cf-49d0fd28bd6f] INFO  segmented.SegmentedRaftLogWorker (SegmentedRaftLogWorker.java:run(313)) - 00cd5ee6-30a6-4c0a-bb6c-a5a65ddde9fb-SegmentedRaftLogWorker:Storage Directory /workdir/hadoop-ozone/ozonefs/target/test-dir/MiniOzoneClusterImpl-21ed0f53-0413-44c7-8609-f438100532e5/datanode-8/data/ratis/d099059f-1349-4b6b-87cf-49d0fd28bd6f was interrupted, exiting. There are 0 tasks remaining in the queue.
2019-09-19 09:41:09,926 [ForkJoinPool.commonPool-worker-1] INFO  impl.RaftServerImpl (RaftServerImpl.java:lambda$shutdown$3(245)) - 47e0c7c0-2680-4f55-9417-80daafef46d1: shutdown group-C490142C6E40
2019-09-19 09:41:09,926 [main] INFO  segmented.SegmentedRaftLogWorker (SegmentedRaftLogWorker.java:close(228)) - 00cd5ee6-30a6-4c0a-bb6c-a5a65ddde9fb-SegmentedRaftLogWorker:Storage Directory /workdir/hadoop-ozone/ozonefs/target/test-dir/MiniOzoneClusterImpl-21ed0f53-0413-44c7-8609-f438100532e5/datanode-8/data/ratis/d099059f-1349-4b6b-87cf-49d0fd28bd6f close()
2019-09-19 09:41:09,926 [ForkJoinPool.commonPool-worker-1] INFO  util.JmxRegister (JmxRegister.java:unregister(73)) - Successfully un-registered JMX Bean with object name Ratis:service=RaftServer,group=group-C490142C6E40,id=47e0c7c0-2680-4f55-9417-80daafef46d1
2019-09-19 09:41:09,927 [main] INFO  server.GrpcService (GrpcService.java:closeImpl(155)) - 00cd5ee6-30a6-4c0a-bb6c-a5a65ddde9fb: shutdown server with port 39741 now
2019-09-19 09:41:09,927 [ForkJoinPool.commonPool-worker-1] INFO  impl.RoleInfo (RoleInfo.java:shutdownLeaderState(104)) - 47e0c7c0-2680-4f55-9417-80daafef46d1: shutdown LeaderState
2019-09-19 09:41:09,927 [ForkJoinPool.commonPool-worker-1] INFO  impl.PendingRequests (PendingRequests.java:sendNotLeaderResponses(202)) - 47e0c7c0-2680-4f55-9417-80daafef46d1-PendingRequests: sendNotLeaderResponses
2019-09-19 09:41:09,934 [ForkJoinPool.commonPool-worker-1] INFO  impl.StateMachineUpdater (StateMachineUpdater.java:stopAndJoin(115)) - StateMachineUpdater:47e0c7c0-2680-4f55-9417-80daafef46d1:group-C490142C6E40: set stopIndex = 0
2019-09-19 09:41:09,934 [main] INFO  server.GrpcService (GrpcService.java:closeImpl(163)) - 00cd5ee6-30a6-4c0a-bb6c-a5a65ddde9fb: shutdown server with port 39741 successfully
2019-09-19 09:41:09,934 [ForkJoinPool.commonPool-worker-1] INFO  impl.RaftServerImpl (ServerState.java:close(394)) - 47e0c7c0-2680-4f55-9417-80daafef46d1:group-C490142C6E40 closes. The last applied log index is 0
2019-09-19 09:41:09,935 [47e0c7c0-2680-4f55-9417-80daafef46d1-SegmentedRaftLogWorker:Storage Directory /workdir/hadoop-ozone/ozonefs/target/test-dir/MiniOzoneClusterImpl-21ed0f53-0413-44c7-8609-f438100532e5/datanode-4/data/ratis/772820cd-d6db-4c0e-a794-c490142c6e40] INFO  segmented.SegmentedRaftLogWorker (SegmentedRaftLogWorker.java:run(313)) - 47e0c7c0-2680-4f55-9417-80daafef46d1-SegmentedRaftLogWorker:Storage Directory /workdir/hadoop-ozone/ozonefs/target/test-dir/MiniOzoneClusterImpl-21ed0f53-0413-44c7-8609-f438100532e5/datanode-4/data/ratis/772820cd-d6db-4c0e-a794-c490142c6e40 was interrupted, exiting. There are 0 tasks remaining in the queue.
2019-09-19 09:41:09,935 [ForkJoinPool.commonPool-worker-1] INFO  segmented.SegmentedRaftLogWorker (SegmentedRaftLogWorker.java:close(228)) - 47e0c7c0-2680-4f55-9417-80daafef46d1-SegmentedRaftLogWorker:Storage Directory /workdir/hadoop-ozone/ozonefs/target/test-dir/MiniOzoneClusterImpl-21ed0f53-0413-44c7-8609-f438100532e5/datanode-4/data/ratis/772820cd-d6db-4c0e-a794-c490142c6e40 close()
2019-09-19 09:41:09,936 [ForkJoinPool.commonPool-worker-1] INFO  impl.RaftServerImpl (RaftServerImpl.java:lambda$shutdown$3(245)) - 47e0c7c0-2680-4f55-9417-80daafef46d1: shutdown group-0243C60E6F04
2019-09-19 09:41:09,936 [ForkJoinPool.commonPool-worker-1] INFO  util.JmxRegister (JmxRegister.java:unregister(73)) - Successfully un-registered JMX Bean with object name Ratis:service=RaftServer,group=group-0243C60E6F04,id=47e0c7c0-2680-4f55-9417-80daafef46d1
2019-09-19 09:41:09,936 [ForkJoinPool.commonPool-worker-1] INFO  impl.RoleInfo (RoleInfo.java:shutdownLeaderState(104)) - 47e0c7c0-2680-4f55-9417-80daafef46d1: shutdown LeaderState
2019-09-19 09:41:09,937 [ForkJoinPool.commonPool-worker-1] INFO  impl.PendingRequests (PendingRequests.java:sendNotLeaderResponses(202)) - 47e0c7c0-2680-4f55-9417-80daafef46d1-PendingRequests: sendNotLeaderResponses
2019-09-19 09:41:09,937 [ForkJoinPool.commonPool-worker-1] INFO  impl.StateMachineUpdater (StateMachineUpdater.java:stopAndJoin(115)) - StateMachineUpdater:47e0c7c0-2680-4f55-9417-80daafef46d1:group-0243C60E6F04: set stopIndex = 0
2019-09-19 09:41:09,938 [main] INFO  utils.BackgroundService (BackgroundService.java:shutdown(148)) - Shutting down service BlockDeletingService
2019-09-19 09:41:09,938 [ForkJoinPool.commonPool-worker-1] INFO  impl.RaftServerImpl (ServerState.java:close(394)) - 47e0c7c0-2680-4f55-9417-80daafef46d1:group-0243C60E6F04 closes. The last applied log index is 0
2019-09-19 09:41:09,938 [refreshUsed-/workdir/hadoop-ozone/ozonefs/target/test-dir/MiniOzoneClusterImpl-21ed0f53-0413-44c7-8609-f438100532e5/datanode-8/data/containers] WARN  fs.CachingGetSpaceUsed (CachingGetSpaceUsed.java:run(183)) - Thread Interrupted waiting to refresh disk information: sleep interrupted
2019-09-19 09:41:09,939 [47e0c7c0-2680-4f55-9417-80daafef46d1-SegmentedRaftLogWorker:Storage Directory /workdir/hadoop-ozone/ozonefs/target/test-dir/MiniOzoneClusterImpl-21ed0f53-0413-44c7-8609-f438100532e5/datanode-4/data/ratis/1689beb4-f786-41b3-8768-0243c60e6f04] INFO  segmented.SegmentedRaftLogWorker (SegmentedRaftLogWorker.java:run(313)) - 47e0c7c0-2680-4f55-9417-80daafef46d1-SegmentedRaftLogWorker:Storage Directory /workdir/hadoop-ozone/ozonefs/target/test-dir/MiniOzoneClusterImpl-21ed0f53-0413-44c7-8609-f438100532e5/datanode-4/data/ratis/1689beb4-f786-41b3-8768-0243c60e6f04 was interrupted, exiting. There are 0 tasks remaining in the queue.
2019-09-19 09:41:09,940 [ForkJoinPool.commonPool-worker-1] INFO  segmented.SegmentedRaftLogWorker (SegmentedRaftLogWorker.java:close(228)) - 47e0c7c0-2680-4f55-9417-80daafef46d1-SegmentedRaftLogWorker:Storage Directory /workdir/hadoop-ozone/ozonefs/target/test-dir/MiniOzoneClusterImpl-21ed0f53-0413-44c7-8609-f438100532e5/datanode-4/data/ratis/1689beb4-f786-41b3-8768-0243c60e6f04 close()
2019-09-19 09:41:09,940 [ForkJoinPool.commonPool-worker-1] INFO  impl.RaftServerImpl (RaftServerImpl.java:lambda$shutdown$3(245)) - 47e0c7c0-2680-4f55-9417-80daafef46d1: shutdown group-D57C1399643A
2019-09-19 09:41:09,941 [ForkJoinPool.commonPool-worker-1] INFO  util.JmxRegister (JmxRegister.java:unregister(73)) - Successfully un-registered JMX Bean with object name Ratis:service=RaftServer,group=group-D57C1399643A,id=47e0c7c0-2680-4f55-9417-80daafef46d1
2019-09-19 09:41:09,941 [ForkJoinPool.commonPool-worker-1] INFO  impl.RoleInfo (RoleInfo.java:shutdownLeaderState(104)) - 47e0c7c0-2680-4f55-9417-80daafef46d1: shutdown LeaderState
2019-09-19 09:41:09,941 [ForkJoinPool.commonPool-worker-1] INFO  impl.PendingRequests (PendingRequests.java:sendNotLeaderResponses(202)) - 47e0c7c0-2680-4f55-9417-80daafef46d1-PendingRequests: sendNotLeaderResponses
2019-09-19 09:41:09,942 [ForkJoinPool.commonPool-worker-1] INFO  impl.StateMachineUpdater (StateMachineUpdater.java:stopAndJoin(115)) - StateMachineUpdater:47e0c7c0-2680-4f55-9417-80daafef46d1:group-D57C1399643A: set stopIndex = 0
2019-09-19 09:41:09,944 [ForkJoinPool.commonPool-worker-1] INFO  impl.RaftServerImpl (ServerState.java:close(394)) - 47e0c7c0-2680-4f55-9417-80daafef46d1:group-D57C1399643A closes. The last applied log index is 0
2019-09-19 09:41:09,944 [47e0c7c0-2680-4f55-9417-80daafef46d1-SegmentedRaftLogWorker:Storage Directory /workdir/hadoop-ozone/ozonefs/target/test-dir/MiniOzoneClusterImpl-21ed0f53-0413-44c7-8609-f438100532e5/datanode-4/data/ratis/2b77a72e-6ded-4c6a-82ec-d57c1399643a] INFO  segmented.SegmentedRaftLogWorker (SegmentedRaftLogWorker.java:run(313)) - 47e0c7c0-2680-4f55-9417-80daafef46d1-SegmentedRaftLogWorker:Storage Directory /workdir/hadoop-ozone/ozonefs/target/test-dir/MiniOzoneClusterImpl-21ed0f53-0413-44c7-8609-f438100532e5/datanode-4/data/ratis/2b77a72e-6ded-4c6a-82ec-d57c1399643a was interrupted, exiting. There are 0 tasks remaining in the queue.
2019-09-19 09:41:09,944 [ForkJoinPool.commonPool-worker-1] INFO  segmented.SegmentedRaftLogWorker (SegmentedRaftLogWorker.java:close(228)) - 47e0c7c0-2680-4f55-9417-80daafef46d1-SegmentedRaftLogWorker:Storage Directory /workdir/hadoop-ozone/ozonefs/target/test-dir/MiniOzoneClusterImpl-21ed0f53-0413-44c7-8609-f438100532e5/datanode-4/data/ratis/2b77a72e-6ded-4c6a-82ec-d57c1399643a close()
2019-09-19 09:41:09,945 [ForkJoinPool.commonPool-worker-1] INFO  impl.RaftServerImpl (RaftServerImpl.java:lambda$shutdown$3(245)) - 47e0c7c0-2680-4f55-9417-80daafef46d1: shutdown group-33C0BEDFBE94
2019-09-19 09:41:09,945 [ForkJoinPool.commonPool-worker-1] INFO  util.JmxRegister (JmxRegister.java:unregister(73)) - Successfully un-registered JMX Bean with object name Ratis:service=RaftServer,group=group-33C0BEDFBE94,id=47e0c7c0-2680-4f55-9417-80daafef46d1
2019-09-19 09:41:09,945 [ForkJoinPool.commonPool-worker-1] INFO  impl.RoleInfo (RoleInfo.java:shutdownLeaderState(104)) - 47e0c7c0-2680-4f55-9417-80daafef46d1: shutdown LeaderState
2019-09-19 09:41:09,946 [ForkJoinPool.commonPool-worker-1] INFO  impl.PendingRequests (PendingRequests.java:sendNotLeaderResponses(202)) - 47e0c7c0-2680-4f55-9417-80daafef46d1-PendingRequests: sendNotLeaderResponses
2019-09-19 09:41:09,946 [ForkJoinPool.commonPool-worker-1] INFO  impl.StateMachineUpdater (StateMachineUpdater.java:stopAndJoin(115)) - StateMachineUpdater:47e0c7c0-2680-4f55-9417-80daafef46d1:group-33C0BEDFBE94: set stopIndex = 0
2019-09-19 09:41:09,946 [ForkJoinPool.commonPool-worker-1] INFO  impl.RaftServerImpl (ServerState.java:close(394)) - 47e0c7c0-2680-4f55-9417-80daafef46d1:group-33C0BEDFBE94 closes. The last applied log index is 0
2019-09-19 09:41:09,947 [47e0c7c0-2680-4f55-9417-80daafef46d1-SegmentedRaftLogWorker:Storage Directory /workdir/hadoop-ozone/ozonefs/target/test-dir/MiniOzoneClusterImpl-21ed0f53-0413-44c7-8609-f438100532e5/datanode-4/data/ratis/5c20da90-949d-413a-a912-33c0bedfbe94] INFO  segmented.SegmentedRaftLogWorker (SegmentedRaftLogWorker.java:run(313)) - 47e0c7c0-2680-4f55-9417-80daafef46d1-SegmentedRaftLogWorker:Storage Directory /workdir/hadoop-ozone/ozonefs/target/test-dir/MiniOzoneClusterImpl-21ed0f53-0413-44c7-8609-f438100532e5/datanode-4/data/ratis/5c20da90-949d-413a-a912-33c0bedfbe94 was interrupted, exiting. There are 0 tasks remaining in the queue.
2019-09-19 09:41:09,947 [ForkJoinPool.commonPool-worker-1] INFO  segmented.SegmentedRaftLogWorker (SegmentedRaftLogWorker.java:close(228)) - 47e0c7c0-2680-4f55-9417-80daafef46d1-SegmentedRaftLogWorker:Storage Directory /workdir/hadoop-ozone/ozonefs/target/test-dir/MiniOzoneClusterImpl-21ed0f53-0413-44c7-8609-f438100532e5/datanode-4/data/ratis/5c20da90-949d-413a-a912-33c0bedfbe94 close()
2019-09-19 09:41:09,947 [ForkJoinPool.commonPool-worker-1] INFO  server.GrpcService (GrpcService.java:closeImpl(155)) - 47e0c7c0-2680-4f55-9417-80daafef46d1: shutdown server with port 40718 now
2019-09-19 09:41:09,950 [ForkJoinPool.commonPool-worker-1] INFO  server.GrpcService (GrpcService.java:closeImpl(163)) - 47e0c7c0-2680-4f55-9417-80daafef46d1: shutdown server with port 40718 successfully
2019-09-19 09:41:09,952 [ForkJoinPool.commonPool-worker-1] INFO  utils.BackgroundService (BackgroundService.java:shutdown(148)) - Shutting down service BlockDeletingService
2019-09-19 09:41:09,953 [refreshUsed-/workdir/hadoop-ozone/ozonefs/target/test-dir/MiniOzoneClusterImpl-21ed0f53-0413-44c7-8609-f438100532e5/datanode-4/data/containers] WARN  fs.CachingGetSpaceUsed (CachingGetSpaceUsed.java:run(183)) - Thread Interrupted waiting to refresh disk information: sleep interrupted
2019-09-19 09:41:09,972 [main] INFO  statemachine.DatanodeStateMachine (DatanodeStateMachine.java:stopDaemon(395)) - Ozone container server stopped.
2019-09-19 09:41:09,973 [main] INFO  handler.ContextHandler (ContextHandler.java:doStop(910)) - Stopped o.e.j.w.WebAppContext@7198ab9a{/,null,UNAVAILABLE}{/hddsDatanode}
2019-09-19 09:41:09,974 [main] INFO  server.AbstractConnector (AbstractConnector.java:doStop(318)) - Stopped ServerConnector@67d5ac2f{HTTP/1.1,[http/1.1]}{0.0.0.0:0}
2019-09-19 09:41:09,975 [main] INFO  handler.ContextHandler (ContextHandler.java:doStop(910)) - Stopped o.e.j.s.ServletContextHandler@2c77344f{/static,jar:file:/home/user/.m2/repository/org/apache/hadoop/hadoop-hdds-container-service/0.5.0-SNAPSHOT/hadoop-hdds-container-service-0.5.0-SNAPSHOT.jar!/webapps/static,UNAVAILABLE}
2019-09-19 09:41:09,975 [main] INFO  handler.ContextHandler (ContextHandler.java:doStop(910)) - Stopped o.e.j.s.ServletContextHandler@40cf6254{/logs,file:///workdir/hadoop-ozone/ozonefs/target/log,UNAVAILABLE}
2019-09-19 09:41:09,976 [main] INFO  datanode.ObjectStoreHandler (ObjectStoreHandler.java:close(155)) - Closing ObjectStoreHandler.
2019-09-19 09:41:09,978 [main] INFO  ozone.HddsDatanodeService (HddsDatanodeService.java:stop(451)) - Stopped plug-in org.apache.hadoop.ozone.web.OzoneHddsDatanodeService@7bce9ce4
2019-09-19 09:41:09,987 [ForkJoinPool.commonPool-worker-1] INFO  statemachine.DatanodeStateMachine (DatanodeStateMachine.java:stopDaemon(395)) - Ozone container server stopped.
2019-09-19 09:41:09,993 [ForkJoinPool.commonPool-worker-1] INFO  handler.ContextHandler (ContextHandler.java:doStop(910)) - Stopped o.e.j.w.WebAppContext@7ac058a0{/,null,UNAVAILABLE}{/hddsDatanode}
2019-09-19 09:41:09,993 [ForkJoinPool.commonPool-worker-1] INFO  server.AbstractConnector (AbstractConnector.java:doStop(318)) - Stopped ServerConnector@736b21ee{HTTP/1.1,[http/1.1]}{0.0.0.0:0}
2019-09-19 09:41:09,995 [ForkJoinPool.commonPool-worker-1] INFO  handler.ContextHandler (ContextHandler.java:doStop(910)) - Stopped o.e.j.s.ServletContextHandler@5fb5ad40{/static,jar:file:/home/user/.m2/repository/org/apache/hadoop/hadoop-hdds-container-service/0.5.0-SNAPSHOT/hadoop-hdds-container-service-0.5.0-SNAPSHOT.jar!/webapps/static,UNAVAILABLE}
2019-09-19 09:41:09,997 [ForkJoinPool.commonPool-worker-1] INFO  handler.ContextHandler (ContextHandler.java:doStop(910)) - Stopped o.e.j.s.ServletContextHandler@7a3f08b6{/logs,file:///workdir/hadoop-ozone/ozonefs/target/log,UNAVAILABLE}
2019-09-19 09:41:09,998 [ForkJoinPool.commonPool-worker-1] INFO  datanode.ObjectStoreHandler (ObjectStoreHandler.java:close(155)) - Closing ObjectStoreHandler.
2019-09-19 09:41:09,999 [ForkJoinPool.commonPool-worker-1] INFO  ozone.HddsDatanodeService (HddsDatanodeService.java:stop(451)) - Stopped plug-in org.apache.hadoop.ozone.web.OzoneHddsDatanodeService@1c297897
2019-09-19 09:41:10,302 [Datanode State Machine Thread - 0] INFO  statemachine.DatanodeStateMachine (DatanodeStateMachine.java:lambda$startDaemon$0(350)) - Ozone container server started.
2019-09-19 09:41:10,305 | INFO  | SCMAudit | user=jenkins1000 | ip=192.168.34.5 | op=SEND_HEARTBEAT {datanodeUUID=7076406d-aee0-4126-8bab-f0c87a3fcebd, command=[]} | ret=SUCCESS |  
2019-09-19 09:41:10,626 [Datanode State Machine Thread - 0] INFO  statemachine.DatanodeStateMachine (DatanodeStateMachine.java:lambda$startDaemon$0(350)) - Ozone container server started.
2019-09-19 09:41:10,632 | INFO  | SCMAudit | user=jenkins1000 | ip=192.168.34.5 | op=SEND_HEARTBEAT {datanodeUUID=28f77823-de9e-44cc-bd18-5b415144a5bf, command=[]} | ret=SUCCESS |  
2019-09-19 09:41:11,304 | INFO  | SCMAudit | user=jenkins1000 | ip=192.168.34.5 | op=SEND_HEARTBEAT {datanodeUUID=7076406d-aee0-4126-8bab-f0c87a3fcebd, command=[]} | ret=SUCCESS |  
2019-09-19 09:41:11,632 | INFO  | SCMAudit | user=jenkins1000 | ip=192.168.34.5 | op=SEND_HEARTBEAT {datanodeUUID=28f77823-de9e-44cc-bd18-5b415144a5bf, command=[]} | ret=SUCCESS |  
2019-09-19 09:41:12,304 | INFO  | SCMAudit | user=jenkins1000 | ip=192.168.34.5 | op=SEND_HEARTBEAT {datanodeUUID=7076406d-aee0-4126-8bab-f0c87a3fcebd, command=[]} | ret=SUCCESS |  
2019-09-19 09:41:12,632 | INFO  | SCMAudit | user=jenkins1000 | ip=192.168.34.5 | op=SEND_HEARTBEAT {datanodeUUID=28f77823-de9e-44cc-bd18-5b415144a5bf, command=[]} | ret=SUCCESS |  
2019-09-19 09:41:13,304 | INFO  | SCMAudit | user=jenkins1000 | ip=192.168.34.5 | op=SEND_HEARTBEAT {datanodeUUID=7076406d-aee0-4126-8bab-f0c87a3fcebd, command=[]} | ret=SUCCESS |  
2019-09-19 09:41:13,636 | INFO  | SCMAudit | user=jenkins1000 | ip=192.168.34.5 | op=SEND_HEARTBEAT {datanodeUUID=28f77823-de9e-44cc-bd18-5b415144a5bf, command=[]} | ret=SUCCESS |  
2019-09-19 09:41:14,304 | INFO  | SCMAudit | user=jenkins1000 | ip=192.168.34.5 | op=SEND_HEARTBEAT {datanodeUUID=7076406d-aee0-4126-8bab-f0c87a3fcebd, command=[]} | ret=SUCCESS |  
2019-09-19 09:41:14,633 | INFO  | SCMAudit | user=jenkins1000 | ip=192.168.34.5 | op=SEND_HEARTBEAT {datanodeUUID=28f77823-de9e-44cc-bd18-5b415144a5bf, command=[]} | ret=SUCCESS |  
2019-09-19 09:41:14,979 [main] INFO  ozoneimpl.OzoneContainer (OzoneContainer.java:stop(199)) - Attempting to stop container services.
2019-09-19 09:41:14,981 [main] INFO  impl.RaftServerProxy (RaftServerProxy.java:lambda$close$4(314)) - caeb75b6-27c7-410d-b6eb-8f738956b5a3: close
2019-09-19 09:41:14,981 [main] INFO  impl.RaftServerImpl (RaftServerImpl.java:lambda$shutdown$3(245)) - caeb75b6-27c7-410d-b6eb-8f738956b5a3: shutdown group-1B97EED5F7E8
2019-09-19 09:41:14,982 [main] INFO  util.JmxRegister (JmxRegister.java:unregister(73)) - Successfully un-registered JMX Bean with object name Ratis:service=RaftServer,group=group-1B97EED5F7E8,id=caeb75b6-27c7-410d-b6eb-8f738956b5a3
2019-09-19 09:41:14,982 [main] INFO  impl.RoleInfo (RoleInfo.java:shutdownLeaderState(104)) - caeb75b6-27c7-410d-b6eb-8f738956b5a3: shutdown LeaderState
2019-09-19 09:41:14,983 [main] INFO  impl.PendingRequests (PendingRequests.java:sendNotLeaderResponses(202)) - caeb75b6-27c7-410d-b6eb-8f738956b5a3-PendingRequests: sendNotLeaderResponses
2019-09-19 09:41:14,984 [main] INFO  impl.StateMachineUpdater (StateMachineUpdater.java:stopAndJoin(115)) - StateMachineUpdater:caeb75b6-27c7-410d-b6eb-8f738956b5a3:group-1B97EED5F7E8: set stopIndex = 0
2019-09-19 09:41:14,985 [main] INFO  impl.RaftServerImpl (ServerState.java:close(394)) - caeb75b6-27c7-410d-b6eb-8f738956b5a3:group-1B97EED5F7E8 closes. The last applied log index is 0
2019-09-19 09:41:14,985 [caeb75b6-27c7-410d-b6eb-8f738956b5a3-SegmentedRaftLogWorker:Storage Directory /workdir/hadoop-ozone/ozonefs/target/test-dir/MiniOzoneClusterImpl-21ed0f53-0413-44c7-8609-f438100532e5/datanode-9/data/ratis/f760fe87-4ea5-4849-a0a7-1b97eed5f7e8] INFO  segmented.SegmentedRaftLogWorker (SegmentedRaftLogWorker.java:run(313)) - caeb75b6-27c7-410d-b6eb-8f738956b5a3-SegmentedRaftLogWorker:Storage Directory /workdir/hadoop-ozone/ozonefs/target/test-dir/MiniOzoneClusterImpl-21ed0f53-0413-44c7-8609-f438100532e5/datanode-9/data/ratis/f760fe87-4ea5-4849-a0a7-1b97eed5f7e8 was interrupted, exiting. There are 0 tasks remaining in the queue.
2019-09-19 09:41:14,986 [main] INFO  segmented.SegmentedRaftLogWorker (SegmentedRaftLogWorker.java:close(228)) - caeb75b6-27c7-410d-b6eb-8f738956b5a3-SegmentedRaftLogWorker:Storage Directory /workdir/hadoop-ozone/ozonefs/target/test-dir/MiniOzoneClusterImpl-21ed0f53-0413-44c7-8609-f438100532e5/datanode-9/data/ratis/f760fe87-4ea5-4849-a0a7-1b97eed5f7e8 close()
2019-09-19 09:41:14,987 [main] INFO  impl.RaftServerImpl (RaftServerImpl.java:lambda$shutdown$3(245)) - caeb75b6-27c7-410d-b6eb-8f738956b5a3: shutdown group-C78AE491854D
2019-09-19 09:41:14,987 [main] INFO  util.JmxRegister (JmxRegister.java:unregister(73)) - Successfully un-registered JMX Bean with object name Ratis:service=RaftServer,group=group-C78AE491854D,id=caeb75b6-27c7-410d-b6eb-8f738956b5a3
2019-09-19 09:41:14,988 [main] INFO  impl.RoleInfo (RoleInfo.java:shutdownLeaderState(104)) - caeb75b6-27c7-410d-b6eb-8f738956b5a3: shutdown LeaderState
2019-09-19 09:41:14,988 [main] INFO  impl.PendingRequests (PendingRequests.java:sendNotLeaderResponses(202)) - caeb75b6-27c7-410d-b6eb-8f738956b5a3-PendingRequests: sendNotLeaderResponses
2019-09-19 09:41:14,988 [main] INFO  impl.StateMachineUpdater (StateMachineUpdater.java:stopAndJoin(115)) - StateMachineUpdater:caeb75b6-27c7-410d-b6eb-8f738956b5a3:group-C78AE491854D: set stopIndex = 0
2019-09-19 09:41:14,989 [main] INFO  impl.RaftServerImpl (ServerState.java:close(394)) - caeb75b6-27c7-410d-b6eb-8f738956b5a3:group-C78AE491854D closes. The last applied log index is 0
2019-09-19 09:41:14,989 [caeb75b6-27c7-410d-b6eb-8f738956b5a3-SegmentedRaftLogWorker:Storage Directory /workdir/hadoop-ozone/ozonefs/target/test-dir/MiniOzoneClusterImpl-21ed0f53-0413-44c7-8609-f438100532e5/datanode-9/data/ratis/ee6fa8f9-580f-45da-9c5e-c78ae491854d] INFO  segmented.SegmentedRaftLogWorker (SegmentedRaftLogWorker.java:run(313)) - caeb75b6-27c7-410d-b6eb-8f738956b5a3-SegmentedRaftLogWorker:Storage Directory /workdir/hadoop-ozone/ozonefs/target/test-dir/MiniOzoneClusterImpl-21ed0f53-0413-44c7-8609-f438100532e5/datanode-9/data/ratis/ee6fa8f9-580f-45da-9c5e-c78ae491854d was interrupted, exiting. There are 0 tasks remaining in the queue.
2019-09-19 09:41:14,998 [main] INFO  segmented.SegmentedRaftLogWorker (SegmentedRaftLogWorker.java:close(228)) - caeb75b6-27c7-410d-b6eb-8f738956b5a3-SegmentedRaftLogWorker:Storage Directory /workdir/hadoop-ozone/ozonefs/target/test-dir/MiniOzoneClusterImpl-21ed0f53-0413-44c7-8609-f438100532e5/datanode-9/data/ratis/ee6fa8f9-580f-45da-9c5e-c78ae491854d close()
2019-09-19 09:41:14,999 [main] INFO  impl.RaftServerImpl (RaftServerImpl.java:lambda$shutdown$3(245)) - caeb75b6-27c7-410d-b6eb-8f738956b5a3: shutdown group-E6C16562FA14
2019-09-19 09:41:14,999 [main] INFO  util.JmxRegister (JmxRegister.java:unregister(73)) - Successfully un-registered JMX Bean with object name Ratis:service=RaftServer,group=group-E6C16562FA14,id=caeb75b6-27c7-410d-b6eb-8f738956b5a3
2019-09-19 09:41:15,000 [main] INFO  impl.RoleInfo (RoleInfo.java:shutdownLeaderState(104)) - caeb75b6-27c7-410d-b6eb-8f738956b5a3: shutdown LeaderState
2019-09-19 09:41:15,000 [ForkJoinPool.commonPool-worker-1] INFO  ozoneimpl.OzoneContainer (OzoneContainer.java:stop(199)) - Attempting to stop container services.
2019-09-19 09:41:15,000 [main] INFO  impl.PendingRequests (PendingRequests.java:sendNotLeaderResponses(202)) - caeb75b6-27c7-410d-b6eb-8f738956b5a3-PendingRequests: sendNotLeaderResponses
2019-09-19 09:41:15,000 [ForkJoinPool.commonPool-worker-1] INFO  impl.RaftServerProxy (RaftServerProxy.java:lambda$close$4(314)) - 1bcbd64b-2199-49e1-86d3-4e4b64d88b4a: close
2019-09-19 09:41:15,000 [main] INFO  impl.StateMachineUpdater (StateMachineUpdater.java:stopAndJoin(115)) - StateMachineUpdater:caeb75b6-27c7-410d-b6eb-8f738956b5a3:group-E6C16562FA14: set stopIndex = 0
2019-09-19 09:41:15,001 [ForkJoinPool.commonPool-worker-1] INFO  impl.RaftServerImpl (RaftServerImpl.java:lambda$shutdown$3(245)) - 1bcbd64b-2199-49e1-86d3-4e4b64d88b4a: shutdown group-FF56B660160A
2019-09-19 09:41:15,001 [main] INFO  impl.RaftServerImpl (ServerState.java:close(394)) - caeb75b6-27c7-410d-b6eb-8f738956b5a3:group-E6C16562FA14 closes. The last applied log index is 0
2019-09-19 09:41:15,001 [ForkJoinPool.commonPool-worker-1] INFO  util.JmxRegister (JmxRegister.java:unregister(73)) - Successfully un-registered JMX Bean with object name Ratis:service=RaftServer,group=group-FF56B660160A,id=1bcbd64b-2199-49e1-86d3-4e4b64d88b4a
2019-09-19 09:41:15,002 [ForkJoinPool.commonPool-worker-1] INFO  impl.RoleInfo (RoleInfo.java:shutdownLeaderState(104)) - 1bcbd64b-2199-49e1-86d3-4e4b64d88b4a: shutdown LeaderState
2019-09-19 09:41:15,002 [caeb75b6-27c7-410d-b6eb-8f738956b5a3-SegmentedRaftLogWorker:Storage Directory /workdir/hadoop-ozone/ozonefs/target/test-dir/MiniOzoneClusterImpl-21ed0f53-0413-44c7-8609-f438100532e5/datanode-9/data/ratis/a5560317-bf3a-4360-89c7-e6c16562fa14] INFO  segmented.SegmentedRaftLogWorker (SegmentedRaftLogWorker.java:run(313)) - caeb75b6-27c7-410d-b6eb-8f738956b5a3-SegmentedRaftLogWorker:Storage Directory /workdir/hadoop-ozone/ozonefs/target/test-dir/MiniOzoneClusterImpl-21ed0f53-0413-44c7-8609-f438100532e5/datanode-9/data/ratis/a5560317-bf3a-4360-89c7-e6c16562fa14 was interrupted, exiting. There are 0 tasks remaining in the queue.
2019-09-19 09:41:15,002 [ForkJoinPool.commonPool-worker-1] INFO  impl.PendingRequests (PendingRequests.java:sendNotLeaderResponses(202)) - 1bcbd64b-2199-49e1-86d3-4e4b64d88b4a-PendingRequests: sendNotLeaderResponses
2019-09-19 09:41:15,002 [main] INFO  segmented.SegmentedRaftLogWorker (SegmentedRaftLogWorker.java:close(228)) - caeb75b6-27c7-410d-b6eb-8f738956b5a3-SegmentedRaftLogWorker:Storage Directory /workdir/hadoop-ozone/ozonefs/target/test-dir/MiniOzoneClusterImpl-21ed0f53-0413-44c7-8609-f438100532e5/datanode-9/data/ratis/a5560317-bf3a-4360-89c7-e6c16562fa14 close()
2019-09-19 09:41:15,003 [ForkJoinPool.commonPool-worker-1] INFO  impl.StateMachineUpdater (StateMachineUpdater.java:stopAndJoin(115)) - StateMachineUpdater:1bcbd64b-2199-49e1-86d3-4e4b64d88b4a:group-FF56B660160A: set stopIndex = 0
2019-09-19 09:41:15,003 [main] INFO  impl.RaftServerImpl (RaftServerImpl.java:lambda$shutdown$3(245)) - caeb75b6-27c7-410d-b6eb-8f738956b5a3: shutdown group-F8C2D9A8383C
2019-09-19 09:41:15,003 [ForkJoinPool.commonPool-worker-1] INFO  impl.RaftServerImpl (ServerState.java:close(394)) - 1bcbd64b-2199-49e1-86d3-4e4b64d88b4a:group-FF56B660160A closes. The last applied log index is 0
2019-09-19 09:41:15,003 [main] INFO  util.JmxRegister (JmxRegister.java:unregister(73)) - Successfully un-registered JMX Bean with object name Ratis:service=RaftServer,group=group-F8C2D9A8383C,id=caeb75b6-27c7-410d-b6eb-8f738956b5a3
2019-09-19 09:41:15,004 [1bcbd64b-2199-49e1-86d3-4e4b64d88b4a-SegmentedRaftLogWorker:Storage Directory /workdir/hadoop-ozone/ozonefs/target/test-dir/MiniOzoneClusterImpl-21ed0f53-0413-44c7-8609-f438100532e5/datanode-0/data/ratis/71a11c05-bfb0-4640-acae-ff56b660160a] INFO  segmented.SegmentedRaftLogWorker (SegmentedRaftLogWorker.java:run(313)) - 1bcbd64b-2199-49e1-86d3-4e4b64d88b4a-SegmentedRaftLogWorker:Storage Directory /workdir/hadoop-ozone/ozonefs/target/test-dir/MiniOzoneClusterImpl-21ed0f53-0413-44c7-8609-f438100532e5/datanode-0/data/ratis/71a11c05-bfb0-4640-acae-ff56b660160a was interrupted, exiting. There are 0 tasks remaining in the queue.
2019-09-19 09:41:15,004 [main] INFO  impl.RoleInfo (RoleInfo.java:shutdownLeaderState(104)) - caeb75b6-27c7-410d-b6eb-8f738956b5a3: shutdown LeaderState
2019-09-19 09:41:15,004 [ForkJoinPool.commonPool-worker-1] INFO  segmented.SegmentedRaftLogWorker (SegmentedRaftLogWorker.java:close(228)) - 1bcbd64b-2199-49e1-86d3-4e4b64d88b4a-SegmentedRaftLogWorker:Storage Directory /workdir/hadoop-ozone/ozonefs/target/test-dir/MiniOzoneClusterImpl-21ed0f53-0413-44c7-8609-f438100532e5/datanode-0/data/ratis/71a11c05-bfb0-4640-acae-ff56b660160a close()
2019-09-19 09:41:15,004 [main] INFO  impl.PendingRequests (PendingRequests.java:sendNotLeaderResponses(202)) - caeb75b6-27c7-410d-b6eb-8f738956b5a3-PendingRequests: sendNotLeaderResponses
2019-09-19 09:41:15,004 [ForkJoinPool.commonPool-worker-1] INFO  impl.RaftServerImpl (RaftServerImpl.java:lambda$shutdown$3(245)) - 1bcbd64b-2199-49e1-86d3-4e4b64d88b4a: shutdown group-1629380170D7
2019-09-19 09:41:15,005 [main] INFO  impl.StateMachineUpdater (StateMachineUpdater.java:stopAndJoin(115)) - StateMachineUpdater:caeb75b6-27c7-410d-b6eb-8f738956b5a3:group-F8C2D9A8383C: set stopIndex = 0
2019-09-19 09:41:15,005 [ForkJoinPool.commonPool-worker-1] INFO  util.JmxRegister (JmxRegister.java:unregister(73)) - Successfully un-registered JMX Bean with object name Ratis:service=RaftServer,group=group-1629380170D7,id=1bcbd64b-2199-49e1-86d3-4e4b64d88b4a
2019-09-19 09:41:15,005 [main] INFO  impl.RaftServerImpl (ServerState.java:close(394)) - caeb75b6-27c7-410d-b6eb-8f738956b5a3:group-F8C2D9A8383C closes. The last applied log index is 0
2019-09-19 09:41:15,005 [ForkJoinPool.commonPool-worker-1] INFO  impl.RoleInfo (RoleInfo.java:shutdownLeaderState(104)) - 1bcbd64b-2199-49e1-86d3-4e4b64d88b4a: shutdown LeaderState
2019-09-19 09:41:15,006 [caeb75b6-27c7-410d-b6eb-8f738956b5a3-SegmentedRaftLogWorker:Storage Directory /workdir/hadoop-ozone/ozonefs/target/test-dir/MiniOzoneClusterImpl-21ed0f53-0413-44c7-8609-f438100532e5/datanode-9/data/ratis/55742f56-1f6c-4cda-99ae-f8c2d9a8383c] INFO  segmented.SegmentedRaftLogWorker (SegmentedRaftLogWorker.java:run(313)) - caeb75b6-27c7-410d-b6eb-8f738956b5a3-SegmentedRaftLogWorker:Storage Directory /workdir/hadoop-ozone/ozonefs/target/test-dir/MiniOzoneClusterImpl-21ed0f53-0413-44c7-8609-f438100532e5/datanode-9/data/ratis/55742f56-1f6c-4cda-99ae-f8c2d9a8383c was interrupted, exiting. There are 0 tasks remaining in the queue.
2019-09-19 09:41:15,006 [ForkJoinPool.commonPool-worker-1] INFO  impl.PendingRequests (PendingRequests.java:sendNotLeaderResponses(202)) - 1bcbd64b-2199-49e1-86d3-4e4b64d88b4a-PendingRequests: sendNotLeaderResponses
2019-09-19 09:41:15,006 [main] INFO  segmented.SegmentedRaftLogWorker (SegmentedRaftLogWorker.java:close(228)) - caeb75b6-27c7-410d-b6eb-8f738956b5a3-SegmentedRaftLogWorker:Storage Directory /workdir/hadoop-ozone/ozonefs/target/test-dir/MiniOzoneClusterImpl-21ed0f53-0413-44c7-8609-f438100532e5/datanode-9/data/ratis/55742f56-1f6c-4cda-99ae-f8c2d9a8383c close()
2019-09-19 09:41:15,006 [ForkJoinPool.commonPool-worker-1] INFO  impl.StateMachineUpdater (StateMachineUpdater.java:stopAndJoin(115)) - StateMachineUpdater:1bcbd64b-2199-49e1-86d3-4e4b64d88b4a:group-1629380170D7: set stopIndex = 0
2019-09-19 09:41:15,007 [main] INFO  impl.RaftServerImpl (RaftServerImpl.java:lambda$shutdown$3(245)) - caeb75b6-27c7-410d-b6eb-8f738956b5a3: shutdown group-1B5D3B7FF5FB
2019-09-19 09:41:15,007 [ForkJoinPool.commonPool-worker-1] INFO  impl.RaftServerImpl (ServerState.java:close(394)) - 1bcbd64b-2199-49e1-86d3-4e4b64d88b4a:group-1629380170D7 closes. The last applied log index is 0
2019-09-19 09:41:15,008 [main] INFO  util.JmxRegister (JmxRegister.java:unregister(73)) - Successfully un-registered JMX Bean with object name Ratis:service=RaftServer,group=group-1B5D3B7FF5FB,id=caeb75b6-27c7-410d-b6eb-8f738956b5a3
2019-09-19 09:41:15,010 [1bcbd64b-2199-49e1-86d3-4e4b64d88b4a-SegmentedRaftLogWorker:Storage Directory /workdir/hadoop-ozone/ozonefs/target/test-dir/MiniOzoneClusterImpl-21ed0f53-0413-44c7-8609-f438100532e5/datanode-0/data/ratis/06814cdf-241c-493f-a145-1629380170d7] INFO  segmented.SegmentedRaftLogWorker (SegmentedRaftLogWorker.java:run(313)) - 1bcbd64b-2199-49e1-86d3-4e4b64d88b4a-SegmentedRaftLogWorker:Storage Directory /workdir/hadoop-ozone/ozonefs/target/test-dir/MiniOzoneClusterImpl-21ed0f53-0413-44c7-8609-f438100532e5/datanode-0/data/ratis/06814cdf-241c-493f-a145-1629380170d7 was interrupted, exiting. There are 0 tasks remaining in the queue.
2019-09-19 09:41:15,011 [main] INFO  impl.RoleInfo (RoleInfo.java:shutdownLeaderState(104)) - caeb75b6-27c7-410d-b6eb-8f738956b5a3: shutdown LeaderState
2019-09-19 09:41:15,011 [ForkJoinPool.commonPool-worker-1] INFO  segmented.SegmentedRaftLogWorker (SegmentedRaftLogWorker.java:close(228)) - 1bcbd64b-2199-49e1-86d3-4e4b64d88b4a-SegmentedRaftLogWorker:Storage Directory /workdir/hadoop-ozone/ozonefs/target/test-dir/MiniOzoneClusterImpl-21ed0f53-0413-44c7-8609-f438100532e5/datanode-0/data/ratis/06814cdf-241c-493f-a145-1629380170d7 close()
2019-09-19 09:41:15,011 [main] INFO  impl.PendingRequests (PendingRequests.java:sendNotLeaderResponses(202)) - caeb75b6-27c7-410d-b6eb-8f738956b5a3-PendingRequests: sendNotLeaderResponses
2019-09-19 09:41:15,012 [ForkJoinPool.commonPool-worker-1] INFO  impl.RaftServerImpl (RaftServerImpl.java:lambda$shutdown$3(245)) - 1bcbd64b-2199-49e1-86d3-4e4b64d88b4a: shutdown group-CE7D92D06AE0
2019-09-19 09:41:15,012 [main] INFO  impl.StateMachineUpdater (StateMachineUpdater.java:stopAndJoin(115)) - StateMachineUpdater:caeb75b6-27c7-410d-b6eb-8f738956b5a3:group-1B5D3B7FF5FB: set stopIndex = 0
2019-09-19 09:41:15,012 [ForkJoinPool.commonPool-worker-1] INFO  util.JmxRegister (JmxRegister.java:unregister(73)) - Successfully un-registered JMX Bean with object name Ratis:service=RaftServer,group=group-CE7D92D06AE0,id=1bcbd64b-2199-49e1-86d3-4e4b64d88b4a
2019-09-19 09:41:15,013 [main] INFO  impl.RaftServerImpl (ServerState.java:close(394)) - caeb75b6-27c7-410d-b6eb-8f738956b5a3:group-1B5D3B7FF5FB closes. The last applied log index is 0
2019-09-19 09:41:15,013 [ForkJoinPool.commonPool-worker-1] INFO  impl.RoleInfo (RoleInfo.java:shutdownLeaderState(104)) - 1bcbd64b-2199-49e1-86d3-4e4b64d88b4a: shutdown LeaderState
2019-09-19 09:41:15,013 [caeb75b6-27c7-410d-b6eb-8f738956b5a3-SegmentedRaftLogWorker:Storage Directory /workdir/hadoop-ozone/ozonefs/target/test-dir/MiniOzoneClusterImpl-21ed0f53-0413-44c7-8609-f438100532e5/datanode-9/data/ratis/f09c908c-e274-4a49-a498-1b5d3b7ff5fb] INFO  segmented.SegmentedRaftLogWorker (SegmentedRaftLogWorker.java:run(313)) - caeb75b6-27c7-410d-b6eb-8f738956b5a3-SegmentedRaftLogWorker:Storage Directory /workdir/hadoop-ozone/ozonefs/target/test-dir/MiniOzoneClusterImpl-21ed0f53-0413-44c7-8609-f438100532e5/datanode-9/data/ratis/f09c908c-e274-4a49-a498-1b5d3b7ff5fb was interrupted, exiting. There are 0 tasks remaining in the queue.
2019-09-19 09:41:15,013 [ForkJoinPool.commonPool-worker-1] INFO  impl.PendingRequests (PendingRequests.java:sendNotLeaderResponses(202)) - 1bcbd64b-2199-49e1-86d3-4e4b64d88b4a-PendingRequests: sendNotLeaderResponses
2019-09-19 09:41:15,014 [main] INFO  segmented.SegmentedRaftLogWorker (SegmentedRaftLogWorker.java:close(228)) - caeb75b6-27c7-410d-b6eb-8f738956b5a3-SegmentedRaftLogWorker:Storage Directory /workdir/hadoop-ozone/ozonefs/target/test-dir/MiniOzoneClusterImpl-21ed0f53-0413-44c7-8609-f438100532e5/datanode-9/data/ratis/f09c908c-e274-4a49-a498-1b5d3b7ff5fb close()
2019-09-19 09:41:15,014 [ForkJoinPool.commonPool-worker-1] INFO  impl.StateMachineUpdater (StateMachineUpdater.java:stopAndJoin(115)) - StateMachineUpdater:1bcbd64b-2199-49e1-86d3-4e4b64d88b4a:group-CE7D92D06AE0: set stopIndex = 0
2019-09-19 09:41:15,014 [main] INFO  impl.RaftServerImpl (RaftServerImpl.java:lambda$shutdown$3(245)) - caeb75b6-27c7-410d-b6eb-8f738956b5a3: shutdown group-4E632D8CD741
2019-09-19 09:41:15,014 [ForkJoinPool.commonPool-worker-1] INFO  impl.RaftServerImpl (ServerState.java:close(394)) - 1bcbd64b-2199-49e1-86d3-4e4b64d88b4a:group-CE7D92D06AE0 closes. The last applied log index is 0
2019-09-19 09:41:15,015 [main] INFO  util.JmxRegister (JmxRegister.java:unregister(73)) - Successfully un-registered JMX Bean with object name Ratis:service=RaftServer,group=group-4E632D8CD741,id=caeb75b6-27c7-410d-b6eb-8f738956b5a3
2019-09-19 09:41:15,015 [1bcbd64b-2199-49e1-86d3-4e4b64d88b4a-SegmentedRaftLogWorker:Storage Directory /workdir/hadoop-ozone/ozonefs/target/test-dir/MiniOzoneClusterImpl-21ed0f53-0413-44c7-8609-f438100532e5/datanode-0/data/ratis/9cacf216-ad3f-4c62-bb5b-ce7d92d06ae0] INFO  segmented.SegmentedRaftLogWorker (SegmentedRaftLogWorker.java:run(313)) - 1bcbd64b-2199-49e1-86d3-4e4b64d88b4a-SegmentedRaftLogWorker:Storage Directory /workdir/hadoop-ozone/ozonefs/target/test-dir/MiniOzoneClusterImpl-21ed0f53-0413-44c7-8609-f438100532e5/datanode-0/data/ratis/9cacf216-ad3f-4c62-bb5b-ce7d92d06ae0 was interrupted, exiting. There are 0 tasks remaining in the queue.
2019-09-19 09:41:15,015 [main] INFO  impl.RoleInfo (RoleInfo.java:shutdownLeaderState(104)) - caeb75b6-27c7-410d-b6eb-8f738956b5a3: shutdown LeaderState
2019-09-19 09:41:15,016 [ForkJoinPool.commonPool-worker-1] INFO  segmented.SegmentedRaftLogWorker (SegmentedRaftLogWorker.java:close(228)) - 1bcbd64b-2199-49e1-86d3-4e4b64d88b4a-SegmentedRaftLogWorker:Storage Directory /workdir/hadoop-ozone/ozonefs/target/test-dir/MiniOzoneClusterImpl-21ed0f53-0413-44c7-8609-f438100532e5/datanode-0/data/ratis/9cacf216-ad3f-4c62-bb5b-ce7d92d06ae0 close()
2019-09-19 09:41:15,016 [main] INFO  impl.PendingRequests (PendingRequests.java:sendNotLeaderResponses(202)) - caeb75b6-27c7-410d-b6eb-8f738956b5a3-PendingRequests: sendNotLeaderResponses
2019-09-19 09:41:15,016 [ForkJoinPool.commonPool-worker-1] INFO  impl.RaftServerImpl (RaftServerImpl.java:lambda$shutdown$3(245)) - 1bcbd64b-2199-49e1-86d3-4e4b64d88b4a: shutdown group-FFF2FFD1E556
2019-09-19 09:41:15,017 [main] INFO  impl.StateMachineUpdater (StateMachineUpdater.java:stopAndJoin(115)) - StateMachineUpdater:caeb75b6-27c7-410d-b6eb-8f738956b5a3:group-4E632D8CD741: set stopIndex = 0
2019-09-19 09:41:15,017 [main] INFO  impl.RaftServerImpl (ServerState.java:close(394)) - caeb75b6-27c7-410d-b6eb-8f738956b5a3:group-4E632D8CD741 closes. The last applied log index is 0
2019-09-19 09:41:15,017 [ForkJoinPool.commonPool-worker-1] INFO  util.JmxRegister (JmxRegister.java:unregister(73)) - Successfully un-registered JMX Bean with object name Ratis:service=RaftServer,group=group-FFF2FFD1E556,id=1bcbd64b-2199-49e1-86d3-4e4b64d88b4a
2019-09-19 09:41:15,018 [caeb75b6-27c7-410d-b6eb-8f738956b5a3-SegmentedRaftLogWorker:Storage Directory /workdir/hadoop-ozone/ozonefs/target/test-dir/MiniOzoneClusterImpl-21ed0f53-0413-44c7-8609-f438100532e5/datanode-9/data/ratis/5cde4831-1c22-46df-a550-4e632d8cd741] INFO  segmented.SegmentedRaftLogWorker (SegmentedRaftLogWorker.java:run(313)) - caeb75b6-27c7-410d-b6eb-8f738956b5a3-SegmentedRaftLogWorker:Storage Directory /workdir/hadoop-ozone/ozonefs/target/test-dir/MiniOzoneClusterImpl-21ed0f53-0413-44c7-8609-f438100532e5/datanode-9/data/ratis/5cde4831-1c22-46df-a550-4e632d8cd741 was interrupted, exiting. There are 0 tasks remaining in the queue.
2019-09-19 09:41:15,018 [ForkJoinPool.commonPool-worker-1] INFO  impl.RoleInfo (RoleInfo.java:shutdownLeaderState(104)) - 1bcbd64b-2199-49e1-86d3-4e4b64d88b4a: shutdown LeaderState
2019-09-19 09:41:15,018 [main] INFO  segmented.SegmentedRaftLogWorker (SegmentedRaftLogWorker.java:close(228)) - caeb75b6-27c7-410d-b6eb-8f738956b5a3-SegmentedRaftLogWorker:Storage Directory /workdir/hadoop-ozone/ozonefs/target/test-dir/MiniOzoneClusterImpl-21ed0f53-0413-44c7-8609-f438100532e5/datanode-9/data/ratis/5cde4831-1c22-46df-a550-4e632d8cd741 close()
2019-09-19 09:41:15,018 [ForkJoinPool.commonPool-worker-1] INFO  impl.PendingRequests (PendingRequests.java:sendNotLeaderResponses(202)) - 1bcbd64b-2199-49e1-86d3-4e4b64d88b4a-PendingRequests: sendNotLeaderResponses
2019-09-19 09:41:15,019 [main] INFO  server.GrpcService (GrpcService.java:closeImpl(155)) - caeb75b6-27c7-410d-b6eb-8f738956b5a3: shutdown server with port 40604 now
2019-09-19 09:41:15,019 [ForkJoinPool.commonPool-worker-1] INFO  impl.StateMachineUpdater (StateMachineUpdater.java:stopAndJoin(115)) - StateMachineUpdater:1bcbd64b-2199-49e1-86d3-4e4b64d88b4a:group-FFF2FFD1E556: set stopIndex = 0
2019-09-19 09:41:15,020 [ForkJoinPool.commonPool-worker-1] INFO  impl.RaftServerImpl (ServerState.java:close(394)) - 1bcbd64b-2199-49e1-86d3-4e4b64d88b4a:group-FFF2FFD1E556 closes. The last applied log index is 0
2019-09-19 09:41:15,020 [1bcbd64b-2199-49e1-86d3-4e4b64d88b4a-SegmentedRaftLogWorker:Storage Directory /workdir/hadoop-ozone/ozonefs/target/test-dir/MiniOzoneClusterImpl-21ed0f53-0413-44c7-8609-f438100532e5/datanode-0/data/ratis/419de2fe-f9d7-44d2-8452-fff2ffd1e556] INFO  segmented.SegmentedRaftLogWorker (SegmentedRaftLogWorker.java:run(313)) - 1bcbd64b-2199-49e1-86d3-4e4b64d88b4a-SegmentedRaftLogWorker:Storage Directory /workdir/hadoop-ozone/ozonefs/target/test-dir/MiniOzoneClusterImpl-21ed0f53-0413-44c7-8609-f438100532e5/datanode-0/data/ratis/419de2fe-f9d7-44d2-8452-fff2ffd1e556 was interrupted, exiting. There are 0 tasks remaining in the queue.
2019-09-19 09:41:15,022 [main] INFO  server.GrpcService (GrpcService.java:closeImpl(163)) - caeb75b6-27c7-410d-b6eb-8f738956b5a3: shutdown server with port 40604 successfully
2019-09-19 09:41:15,022 [ForkJoinPool.commonPool-worker-1] INFO  segmented.SegmentedRaftLogWorker (SegmentedRaftLogWorker.java:close(228)) - 1bcbd64b-2199-49e1-86d3-4e4b64d88b4a-SegmentedRaftLogWorker:Storage Directory /workdir/hadoop-ozone/ozonefs/target/test-dir/MiniOzoneClusterImpl-21ed0f53-0413-44c7-8609-f438100532e5/datanode-0/data/ratis/419de2fe-f9d7-44d2-8452-fff2ffd1e556 close()
2019-09-19 09:41:15,022 [ForkJoinPool.commonPool-worker-1] INFO  impl.RaftServerImpl (RaftServerImpl.java:lambda$shutdown$3(245)) - 1bcbd64b-2199-49e1-86d3-4e4b64d88b4a: shutdown group-48E08087280D
2019-09-19 09:41:15,023 [ForkJoinPool.commonPool-worker-1] INFO  util.JmxRegister (JmxRegister.java:unregister(73)) - Successfully un-registered JMX Bean with object name Ratis:service=RaftServer,group=group-48E08087280D,id=1bcbd64b-2199-49e1-86d3-4e4b64d88b4a
2019-09-19 09:41:15,023 [ForkJoinPool.commonPool-worker-1] INFO  impl.RoleInfo (RoleInfo.java:shutdownLeaderState(104)) - 1bcbd64b-2199-49e1-86d3-4e4b64d88b4a: shutdown LeaderState
2019-09-19 09:41:15,023 [main] INFO  utils.BackgroundService (BackgroundService.java:shutdown(148)) - Shutting down service BlockDeletingService
2019-09-19 09:41:15,023 [ForkJoinPool.commonPool-worker-1] INFO  impl.PendingRequests (PendingRequests.java:sendNotLeaderResponses(202)) - 1bcbd64b-2199-49e1-86d3-4e4b64d88b4a-PendingRequests: sendNotLeaderResponses
2019-09-19 09:41:15,024 [ForkJoinPool.commonPool-worker-1] INFO  impl.StateMachineUpdater (StateMachineUpdater.java:stopAndJoin(115)) - StateMachineUpdater:1bcbd64b-2199-49e1-86d3-4e4b64d88b4a:group-48E08087280D: set stopIndex = 0
2019-09-19 09:41:15,025 [ForkJoinPool.commonPool-worker-1] INFO  impl.RaftServerImpl (ServerState.java:close(394)) - 1bcbd64b-2199-49e1-86d3-4e4b64d88b4a:group-48E08087280D closes. The last applied log index is 0
2019-09-19 09:41:15,025 [1bcbd64b-2199-49e1-86d3-4e4b64d88b4a-SegmentedRaftLogWorker:Storage Directory /workdir/hadoop-ozone/ozonefs/target/test-dir/MiniOzoneClusterImpl-21ed0f53-0413-44c7-8609-f438100532e5/datanode-0/data/ratis/9f65c5be-09de-410b-8c06-48e08087280d] INFO  segmented.SegmentedRaftLogWorker (SegmentedRaftLogWorker.java:run(313)) - 1bcbd64b-2199-49e1-86d3-4e4b64d88b4a-SegmentedRaftLogWorker:Storage Directory /workdir/hadoop-ozone/ozonefs/target/test-dir/MiniOzoneClusterImpl-21ed0f53-0413-44c7-8609-f438100532e5/datanode-0/data/ratis/9f65c5be-09de-410b-8c06-48e08087280d was interrupted, exiting. There are 0 tasks remaining in the queue.
2019-09-19 09:41:15,026 [ForkJoinPool.commonPool-worker-1] INFO  segmented.SegmentedRaftLogWorker (SegmentedRaftLogWorker.java:close(228)) - 1bcbd64b-2199-49e1-86d3-4e4b64d88b4a-SegmentedRaftLogWorker:Storage Directory /workdir/hadoop-ozone/ozonefs/target/test-dir/MiniOzoneClusterImpl-21ed0f53-0413-44c7-8609-f438100532e5/datanode-0/data/ratis/9f65c5be-09de-410b-8c06-48e08087280d close()
2019-09-19 09:41:15,026 [ForkJoinPool.commonPool-worker-1] INFO  impl.RaftServerImpl (RaftServerImpl.java:lambda$shutdown$3(245)) - 1bcbd64b-2199-49e1-86d3-4e4b64d88b4a: shutdown group-B2AEABBA37D7
2019-09-19 09:41:15,026 [ForkJoinPool.commonPool-worker-1] INFO  util.JmxRegister (JmxRegister.java:unregister(73)) - Successfully un-registered JMX Bean with object name Ratis:service=RaftServer,group=group-B2AEABBA37D7,id=1bcbd64b-2199-49e1-86d3-4e4b64d88b4a
2019-09-19 09:41:15,027 [ForkJoinPool.commonPool-worker-1] INFO  impl.RoleInfo (RoleInfo.java:shutdownLeaderState(104)) - 1bcbd64b-2199-49e1-86d3-4e4b64d88b4a: shutdown LeaderState
2019-09-19 09:41:15,027 [ForkJoinPool.commonPool-worker-1] INFO  impl.PendingRequests (PendingRequests.java:sendNotLeaderResponses(202)) - 1bcbd64b-2199-49e1-86d3-4e4b64d88b4a-PendingRequests: sendNotLeaderResponses
2019-09-19 09:41:15,027 [ForkJoinPool.commonPool-worker-1] INFO  impl.StateMachineUpdater (StateMachineUpdater.java:stopAndJoin(115)) - StateMachineUpdater:1bcbd64b-2199-49e1-86d3-4e4b64d88b4a:group-B2AEABBA37D7: set stopIndex = 0
2019-09-19 09:41:15,028 [refreshUsed-/workdir/hadoop-ozone/ozonefs/target/test-dir/MiniOzoneClusterImpl-21ed0f53-0413-44c7-8609-f438100532e5/datanode-9/data/containers] WARN  fs.CachingGetSpaceUsed (CachingGetSpaceUsed.java:run(183)) - Thread Interrupted waiting to refresh disk information: sleep interrupted
2019-09-19 09:41:15,028 [ForkJoinPool.commonPool-worker-1] INFO  impl.RaftServerImpl (ServerState.java:close(394)) - 1bcbd64b-2199-49e1-86d3-4e4b64d88b4a:group-B2AEABBA37D7 closes. The last applied log index is 0
2019-09-19 09:41:15,028 [1bcbd64b-2199-49e1-86d3-4e4b64d88b4a-SegmentedRaftLogWorker:Storage Directory /workdir/hadoop-ozone/ozonefs/target/test-dir/MiniOzoneClusterImpl-21ed0f53-0413-44c7-8609-f438100532e5/datanode-0/data/ratis/58387d22-5940-4f91-b953-b2aeabba37d7] INFO  segmented.SegmentedRaftLogWorker (SegmentedRaftLogWorker.java:run(313)) - 1bcbd64b-2199-49e1-86d3-4e4b64d88b4a-SegmentedRaftLogWorker:Storage Directory /workdir/hadoop-ozone/ozonefs/target/test-dir/MiniOzoneClusterImpl-21ed0f53-0413-44c7-8609-f438100532e5/datanode-0/data/ratis/58387d22-5940-4f91-b953-b2aeabba37d7 was interrupted, exiting. There are 0 tasks remaining in the queue.
2019-09-19 09:41:15,029 [ForkJoinPool.commonPool-worker-1] INFO  segmented.SegmentedRaftLogWorker (SegmentedRaftLogWorker.java:close(228)) - 1bcbd64b-2199-49e1-86d3-4e4b64d88b4a-SegmentedRaftLogWorker:Storage Directory /workdir/hadoop-ozone/ozonefs/target/test-dir/MiniOzoneClusterImpl-21ed0f53-0413-44c7-8609-f438100532e5/datanode-0/data/ratis/58387d22-5940-4f91-b953-b2aeabba37d7 close()
2019-09-19 09:41:15,029 [ForkJoinPool.commonPool-worker-1] INFO  server.GrpcService (GrpcService.java:closeImpl(155)) - 1bcbd64b-2199-49e1-86d3-4e4b64d88b4a: shutdown server with port 41194 now
2019-09-19 09:41:15,031 [ForkJoinPool.commonPool-worker-1] INFO  server.GrpcService (GrpcService.java:closeImpl(163)) - 1bcbd64b-2199-49e1-86d3-4e4b64d88b4a: shutdown server with port 41194 successfully
2019-09-19 09:41:15,032 [ForkJoinPool.commonPool-worker-1] INFO  utils.BackgroundService (BackgroundService.java:shutdown(148)) - Shutting down service BlockDeletingService
2019-09-19 09:41:15,033 [refreshUsed-/workdir/hadoop-ozone/ozonefs/target/test-dir/MiniOzoneClusterImpl-21ed0f53-0413-44c7-8609-f438100532e5/datanode-0/data/containers] WARN  fs.CachingGetSpaceUsed (CachingGetSpaceUsed.java:run(183)) - Thread Interrupted waiting to refresh disk information: sleep interrupted
2019-09-19 09:41:15,062 [main] INFO  statemachine.DatanodeStateMachine (DatanodeStateMachine.java:stopDaemon(395)) - Ozone container server stopped.
2019-09-19 09:41:15,066 [ForkJoinPool.commonPool-worker-1] INFO  statemachine.DatanodeStateMachine (DatanodeStateMachine.java:stopDaemon(395)) - Ozone container server stopped.
2019-09-19 09:41:15,068 [main] INFO  handler.ContextHandler (ContextHandler.java:doStop(910)) - Stopped o.e.j.w.WebAppContext@2c2a903f{/,null,UNAVAILABLE}{/hddsDatanode}
2019-09-19 09:41:15,068 [ForkJoinPool.commonPool-worker-1] INFO  handler.ContextHandler (ContextHandler.java:doStop(910)) - Stopped o.e.j.w.WebAppContext@19a64eae{/,null,UNAVAILABLE}{/hddsDatanode}
2019-09-19 09:41:15,069 [main] INFO  server.AbstractConnector (AbstractConnector.java:doStop(318)) - Stopped ServerConnector@7d537616{HTTP/1.1,[http/1.1]}{0.0.0.0:0}
2019-09-19 09:41:15,069 [ForkJoinPool.commonPool-worker-1] INFO  server.AbstractConnector (AbstractConnector.java:doStop(318)) - Stopped ServerConnector@29a98d9f{HTTP/1.1,[http/1.1]}{0.0.0.0:0}
2019-09-19 09:41:15,070 [main] INFO  handler.ContextHandler (ContextHandler.java:doStop(910)) - Stopped o.e.j.s.ServletContextHandler@6a1d1467{/static,jar:file:/home/user/.m2/repository/org/apache/hadoop/hadoop-hdds-container-service/0.5.0-SNAPSHOT/hadoop-hdds-container-service-0.5.0-SNAPSHOT.jar!/webapps/static,UNAVAILABLE}
2019-09-19 09:41:15,071 [ForkJoinPool.commonPool-worker-1] INFO  handler.ContextHandler (ContextHandler.java:doStop(910)) - Stopped o.e.j.s.ServletContextHandler@3b27b497{/static,jar:file:/home/user/.m2/repository/org/apache/hadoop/hadoop-hdds-container-service/0.5.0-SNAPSHOT/hadoop-hdds-container-service-0.5.0-SNAPSHOT.jar!/webapps/static,UNAVAILABLE}
2019-09-19 09:41:15,071 [main] INFO  handler.ContextHandler (ContextHandler.java:doStop(910)) - Stopped o.e.j.s.ServletContextHandler@5f6a8efe{/logs,file:///workdir/hadoop-ozone/ozonefs/target/log,UNAVAILABLE}
2019-09-19 09:41:15,072 [ForkJoinPool.commonPool-worker-1] INFO  handler.ContextHandler (ContextHandler.java:doStop(910)) - Stopped o.e.j.s.ServletContextHandler@5c5d6175{/logs,file:///workdir/hadoop-ozone/ozonefs/target/log,UNAVAILABLE}
2019-09-19 09:41:15,074 [main] INFO  datanode.ObjectStoreHandler (ObjectStoreHandler.java:close(155)) - Closing ObjectStoreHandler.
2019-09-19 09:41:15,074 [ForkJoinPool.commonPool-worker-1] INFO  datanode.ObjectStoreHandler (ObjectStoreHandler.java:close(155)) - Closing ObjectStoreHandler.
2019-09-19 09:41:15,075 [ForkJoinPool.commonPool-worker-1] INFO  ozone.HddsDatanodeService (HddsDatanodeService.java:stop(451)) - Stopped plug-in org.apache.hadoop.ozone.web.OzoneHddsDatanodeService@46394f65
2019-09-19 09:41:15,075 [main] INFO  ozone.HddsDatanodeService (HddsDatanodeService.java:stop(451)) - Stopped plug-in org.apache.hadoop.ozone.web.OzoneHddsDatanodeService@4e6cbdf1
2019-09-19 09:41:15,303 [Datanode State Machine Thread - 0] INFO  statemachine.DatanodeStateMachine (DatanodeStateMachine.java:lambda$startDaemon$0(350)) - Ozone container server started.
2019-09-19 09:41:15,632 [Datanode State Machine Thread - 0] INFO  statemachine.DatanodeStateMachine (DatanodeStateMachine.java:lambda$startDaemon$0(350)) - Ozone container server started.
2019-09-19 09:41:20,077 [ForkJoinPool.commonPool-worker-1] INFO  ozoneimpl.OzoneContainer (OzoneContainer.java:stop(199)) - Attempting to stop container services.
2019-09-19 09:41:20,077 [main] INFO  ozoneimpl.OzoneContainer (OzoneContainer.java:stop(199)) - Attempting to stop container services.
2019-09-19 09:41:20,078 [ForkJoinPool.commonPool-worker-1] INFO  impl.RaftServerProxy (RaftServerProxy.java:lambda$close$4(314)) - 28f77823-de9e-44cc-bd18-5b415144a5bf: close
2019-09-19 09:41:20,078 [ForkJoinPool.commonPool-worker-1] INFO  impl.RaftServerImpl (RaftServerImpl.java:lambda$shutdown$3(245)) - 28f77823-de9e-44cc-bd18-5b415144a5bf: shutdown group-9568B94661FF
2019-09-19 09:41:20,078 [main] INFO  impl.RaftServerProxy (RaftServerProxy.java:lambda$close$4(314)) - 7076406d-aee0-4126-8bab-f0c87a3fcebd: close
2019-09-19 09:41:20,079 [ForkJoinPool.commonPool-worker-1] INFO  util.JmxRegister (JmxRegister.java:unregister(73)) - Successfully un-registered JMX Bean with object name Ratis:service=RaftServer,group=group-9568B94661FF,id=28f77823-de9e-44cc-bd18-5b415144a5bf
2019-09-19 09:41:20,079 [main] INFO  impl.RaftServerImpl (RaftServerImpl.java:lambda$shutdown$3(245)) - 7076406d-aee0-4126-8bab-f0c87a3fcebd: shutdown group-88CDD46A9D9A
2019-09-19 09:41:20,079 [ForkJoinPool.commonPool-worker-1] INFO  impl.RoleInfo (RoleInfo.java:shutdownLeaderState(104)) - 28f77823-de9e-44cc-bd18-5b415144a5bf: shutdown LeaderState
2019-09-19 09:41:20,080 [main] INFO  util.JmxRegister (JmxRegister.java:unregister(73)) - Successfully un-registered JMX Bean with object name Ratis:service=RaftServer,group=group-88CDD46A9D9A,id=7076406d-aee0-4126-8bab-f0c87a3fcebd
2019-09-19 09:41:20,080 [ForkJoinPool.commonPool-worker-1] INFO  impl.PendingRequests (PendingRequests.java:sendNotLeaderResponses(202)) - 28f77823-de9e-44cc-bd18-5b415144a5bf-PendingRequests: sendNotLeaderResponses
2019-09-19 09:41:20,080 [main] INFO  impl.RoleInfo (RoleInfo.java:shutdownLeaderState(104)) - 7076406d-aee0-4126-8bab-f0c87a3fcebd: shutdown LeaderState
2019-09-19 09:41:20,081 [ForkJoinPool.commonPool-worker-1] INFO  impl.StateMachineUpdater (StateMachineUpdater.java:stopAndJoin(115)) - StateMachineUpdater:28f77823-de9e-44cc-bd18-5b415144a5bf:group-9568B94661FF: set stopIndex = 0
2019-09-19 09:41:20,081 [main] INFO  impl.PendingRequests (PendingRequests.java:sendNotLeaderResponses(202)) - 7076406d-aee0-4126-8bab-f0c87a3fcebd-PendingRequests: sendNotLeaderResponses
2019-09-19 09:41:20,081 [ForkJoinPool.commonPool-worker-1] INFO  impl.RaftServerImpl (ServerState.java:close(394)) - 28f77823-de9e-44cc-bd18-5b415144a5bf:group-9568B94661FF closes. The last applied log index is 0
2019-09-19 09:41:20,082 [main] INFO  impl.StateMachineUpdater (StateMachineUpdater.java:stopAndJoin(115)) - StateMachineUpdater:7076406d-aee0-4126-8bab-f0c87a3fcebd:group-88CDD46A9D9A: set stopIndex = 0
2019-09-19 09:41:20,082 [28f77823-de9e-44cc-bd18-5b415144a5bf-SegmentedRaftLogWorker:Storage Directory /workdir/hadoop-ozone/ozonefs/target/test-dir/MiniOzoneClusterImpl-21ed0f53-0413-44c7-8609-f438100532e5/datanode-1/data/ratis/eba8a981-55a0-4fc5-90a9-9568b94661ff] INFO  segmented.SegmentedRaftLogWorker (SegmentedRaftLogWorker.java:run(313)) - 28f77823-de9e-44cc-bd18-5b415144a5bf-SegmentedRaftLogWorker:Storage Directory /workdir/hadoop-ozone/ozonefs/target/test-dir/MiniOzoneClusterImpl-21ed0f53-0413-44c7-8609-f438100532e5/datanode-1/data/ratis/eba8a981-55a0-4fc5-90a9-9568b94661ff was interrupted, exiting. There are 0 tasks remaining in the queue.
2019-09-19 09:41:20,082 [main] INFO  impl.RaftServerImpl (ServerState.java:close(394)) - 7076406d-aee0-4126-8bab-f0c87a3fcebd:group-88CDD46A9D9A closes. The last applied log index is 0
2019-09-19 09:41:20,083 [ForkJoinPool.commonPool-worker-1] INFO  segmented.SegmentedRaftLogWorker (SegmentedRaftLogWorker.java:close(228)) - 28f77823-de9e-44cc-bd18-5b415144a5bf-SegmentedRaftLogWorker:Storage Directory /workdir/hadoop-ozone/ozonefs/target/test-dir/MiniOzoneClusterImpl-21ed0f53-0413-44c7-8609-f438100532e5/datanode-1/data/ratis/eba8a981-55a0-4fc5-90a9-9568b94661ff close()
2019-09-19 09:41:20,083 [7076406d-aee0-4126-8bab-f0c87a3fcebd-SegmentedRaftLogWorker:Storage Directory /workdir/hadoop-ozone/ozonefs/target/test-dir/MiniOzoneClusterImpl-21ed0f53-0413-44c7-8609-f438100532e5/datanode-7/data/ratis/774838a7-53d1-491d-846a-88cdd46a9d9a] INFO  segmented.SegmentedRaftLogWorker (SegmentedRaftLogWorker.java:run(313)) - 7076406d-aee0-4126-8bab-f0c87a3fcebd-SegmentedRaftLogWorker:Storage Directory /workdir/hadoop-ozone/ozonefs/target/test-dir/MiniOzoneClusterImpl-21ed0f53-0413-44c7-8609-f438100532e5/datanode-7/data/ratis/774838a7-53d1-491d-846a-88cdd46a9d9a was interrupted, exiting. There are 0 tasks remaining in the queue.
2019-09-19 09:41:20,084 [ForkJoinPool.commonPool-worker-1] INFO  impl.RaftServerImpl (RaftServerImpl.java:lambda$shutdown$3(245)) - 28f77823-de9e-44cc-bd18-5b415144a5bf: shutdown group-40603D416199
2019-09-19 09:41:20,084 [main] INFO  segmented.SegmentedRaftLogWorker (SegmentedRaftLogWorker.java:close(228)) - 7076406d-aee0-4126-8bab-f0c87a3fcebd-SegmentedRaftLogWorker:Storage Directory /workdir/hadoop-ozone/ozonefs/target/test-dir/MiniOzoneClusterImpl-21ed0f53-0413-44c7-8609-f438100532e5/datanode-7/data/ratis/774838a7-53d1-491d-846a-88cdd46a9d9a close()
2019-09-19 09:41:20,084 [ForkJoinPool.commonPool-worker-1] INFO  util.JmxRegister (JmxRegister.java:unregister(73)) - Successfully un-registered JMX Bean with object name Ratis:service=RaftServer,group=group-40603D416199,id=28f77823-de9e-44cc-bd18-5b415144a5bf
2019-09-19 09:41:20,084 [main] INFO  impl.RaftServerImpl (RaftServerImpl.java:lambda$shutdown$3(245)) - 7076406d-aee0-4126-8bab-f0c87a3fcebd: shutdown group-1119B59856B7
2019-09-19 09:41:20,085 [ForkJoinPool.commonPool-worker-1] INFO  impl.RoleInfo (RoleInfo.java:shutdownLeaderState(104)) - 28f77823-de9e-44cc-bd18-5b415144a5bf: shutdown LeaderState
2019-09-19 09:41:20,085 [main] INFO  util.JmxRegister (JmxRegister.java:unregister(73)) - Successfully un-registered JMX Bean with object name Ratis:service=RaftServer,group=group-1119B59856B7,id=7076406d-aee0-4126-8bab-f0c87a3fcebd
2019-09-19 09:41:20,085 [ForkJoinPool.commonPool-worker-1] INFO  impl.PendingRequests (PendingRequests.java:sendNotLeaderResponses(202)) - 28f77823-de9e-44cc-bd18-5b415144a5bf-PendingRequests: sendNotLeaderResponses
2019-09-19 09:41:20,086 [main] INFO  impl.RoleInfo (RoleInfo.java:shutdownLeaderState(104)) - 7076406d-aee0-4126-8bab-f0c87a3fcebd: shutdown LeaderState
2019-09-19 09:41:20,086 [ForkJoinPool.commonPool-worker-1] INFO  impl.StateMachineUpdater (StateMachineUpdater.java:stopAndJoin(115)) - StateMachineUpdater:28f77823-de9e-44cc-bd18-5b415144a5bf:group-40603D416199: set stopIndex = 0
2019-09-19 09:41:20,086 [main] INFO  impl.PendingRequests (PendingRequests.java:sendNotLeaderResponses(202)) - 7076406d-aee0-4126-8bab-f0c87a3fcebd-PendingRequests: sendNotLeaderResponses
2019-09-19 09:41:20,087 [ForkJoinPool.commonPool-worker-1] INFO  impl.RaftServerImpl (ServerState.java:close(394)) - 28f77823-de9e-44cc-bd18-5b415144a5bf:group-40603D416199 closes. The last applied log index is 0
2019-09-19 09:41:20,087 [main] INFO  impl.StateMachineUpdater (StateMachineUpdater.java:stopAndJoin(115)) - StateMachineUpdater:7076406d-aee0-4126-8bab-f0c87a3fcebd:group-1119B59856B7: set stopIndex = 0
2019-09-19 09:41:20,088 [main] INFO  impl.RaftServerImpl (ServerState.java:close(394)) - 7076406d-aee0-4126-8bab-f0c87a3fcebd:group-1119B59856B7 closes. The last applied log index is 0
2019-09-19 09:41:20,087 [28f77823-de9e-44cc-bd18-5b415144a5bf-SegmentedRaftLogWorker:Storage Directory /workdir/hadoop-ozone/ozonefs/target/test-dir/MiniOzoneClusterImpl-21ed0f53-0413-44c7-8609-f438100532e5/datanode-1/data/ratis/460ae9a8-3f81-42a7-a75e-40603d416199] INFO  segmented.SegmentedRaftLogWorker (SegmentedRaftLogWorker.java:run(313)) - 28f77823-de9e-44cc-bd18-5b415144a5bf-SegmentedRaftLogWorker:Storage Directory /workdir/hadoop-ozone/ozonefs/target/test-dir/MiniOzoneClusterImpl-21ed0f53-0413-44c7-8609-f438100532e5/datanode-1/data/ratis/460ae9a8-3f81-42a7-a75e-40603d416199 was interrupted, exiting. There are 0 tasks remaining in the queue.
2019-09-19 09:41:20,089 [7076406d-aee0-4126-8bab-f0c87a3fcebd-SegmentedRaftLogWorker:Storage Directory /workdir/hadoop-ozone/ozonefs/target/test-dir/MiniOzoneClusterImpl-21ed0f53-0413-44c7-8609-f438100532e5/datanode-7/data/ratis/c5dd666e-6e47-4417-9110-1119b59856b7] INFO  segmented.SegmentedRaftLogWorker (SegmentedRaftLogWorker.java:run(313)) - 7076406d-aee0-4126-8bab-f0c87a3fcebd-SegmentedRaftLogWorker:Storage Directory /workdir/hadoop-ozone/ozonefs/target/test-dir/MiniOzoneClusterImpl-21ed0f53-0413-44c7-8609-f438100532e5/datanode-7/data/ratis/c5dd666e-6e47-4417-9110-1119b59856b7 was interrupted, exiting. There are 0 tasks remaining in the queue.
2019-09-19 09:41:20,095 [main] INFO  segmented.SegmentedRaftLogWorker (SegmentedRaftLogWorker.java:close(228)) - 7076406d-aee0-4126-8bab-f0c87a3fcebd-SegmentedRaftLogWorker:Storage Directory /workdir/hadoop-ozone/ozonefs/target/test-dir/MiniOzoneClusterImpl-21ed0f53-0413-44c7-8609-f438100532e5/datanode-7/data/ratis/c5dd666e-6e47-4417-9110-1119b59856b7 close()
2019-09-19 09:41:20,095 [ForkJoinPool.commonPool-worker-1] INFO  segmented.SegmentedRaftLogWorker (SegmentedRaftLogWorker.java:close(228)) - 28f77823-de9e-44cc-bd18-5b415144a5bf-SegmentedRaftLogWorker:Storage Directory /workdir/hadoop-ozone/ozonefs/target/test-dir/MiniOzoneClusterImpl-21ed0f53-0413-44c7-8609-f438100532e5/datanode-1/data/ratis/460ae9a8-3f81-42a7-a75e-40603d416199 close()
2019-09-19 09:41:20,095 [main] INFO  impl.RaftServerImpl (RaftServerImpl.java:lambda$shutdown$3(245)) - 7076406d-aee0-4126-8bab-f0c87a3fcebd: shutdown group-293144019123
2019-09-19 09:41:20,095 [ForkJoinPool.commonPool-worker-1] INFO  impl.RaftServerImpl (RaftServerImpl.java:lambda$shutdown$3(245)) - 28f77823-de9e-44cc-bd18-5b415144a5bf: shutdown group-ED15EC0465A0
2019-09-19 09:41:20,096 [main] INFO  util.JmxRegister (JmxRegister.java:unregister(73)) - Successfully un-registered JMX Bean with object name Ratis:service=RaftServer,group=group-293144019123,id=7076406d-aee0-4126-8bab-f0c87a3fcebd
2019-09-19 09:41:20,096 [ForkJoinPool.commonPool-worker-1] INFO  util.JmxRegister (JmxRegister.java:unregister(73)) - Successfully un-registered JMX Bean with object name Ratis:service=RaftServer,group=group-ED15EC0465A0,id=28f77823-de9e-44cc-bd18-5b415144a5bf
2019-09-19 09:41:20,096 [main] INFO  impl.RoleInfo (RoleInfo.java:shutdownLeaderState(104)) - 7076406d-aee0-4126-8bab-f0c87a3fcebd: shutdown LeaderState
2019-09-19 09:41:20,097 [ForkJoinPool.commonPool-worker-1] INFO  impl.RoleInfo (RoleInfo.java:shutdownLeaderState(104)) - 28f77823-de9e-44cc-bd18-5b415144a5bf: shutdown LeaderState
2019-09-19 09:41:20,097 [main] INFO  impl.PendingRequests (PendingRequests.java:sendNotLeaderResponses(202)) - 7076406d-aee0-4126-8bab-f0c87a3fcebd-PendingRequests: sendNotLeaderResponses
2019-09-19 09:41:20,097 [ForkJoinPool.commonPool-worker-1] INFO  impl.PendingRequests (PendingRequests.java:sendNotLeaderResponses(202)) - 28f77823-de9e-44cc-bd18-5b415144a5bf-PendingRequests: sendNotLeaderResponses
2019-09-19 09:41:20,098 [main] INFO  impl.StateMachineUpdater (StateMachineUpdater.java:stopAndJoin(115)) - StateMachineUpdater:7076406d-aee0-4126-8bab-f0c87a3fcebd:group-293144019123: set stopIndex = 0
2019-09-19 09:41:20,098 [ForkJoinPool.commonPool-worker-1] INFO  impl.StateMachineUpdater (StateMachineUpdater.java:stopAndJoin(115)) - StateMachineUpdater:28f77823-de9e-44cc-bd18-5b415144a5bf:group-ED15EC0465A0: set stopIndex = 0
2019-09-19 09:41:20,098 [main] INFO  impl.RaftServerImpl (ServerState.java:close(394)) - 7076406d-aee0-4126-8bab-f0c87a3fcebd:group-293144019123 closes. The last applied log index is 0
2019-09-19 09:41:20,099 [ForkJoinPool.commonPool-worker-1] INFO  impl.RaftServerImpl (ServerState.java:close(394)) - 28f77823-de9e-44cc-bd18-5b415144a5bf:group-ED15EC0465A0 closes. The last applied log index is 0
2019-09-19 09:41:20,099 [7076406d-aee0-4126-8bab-f0c87a3fcebd-SegmentedRaftLogWorker:Storage Directory /workdir/hadoop-ozone/ozonefs/target/test-dir/MiniOzoneClusterImpl-21ed0f53-0413-44c7-8609-f438100532e5/datanode-7/data/ratis/5b327425-b643-4ca6-8ce0-293144019123] INFO  segmented.SegmentedRaftLogWorker (SegmentedRaftLogWorker.java:run(313)) - 7076406d-aee0-4126-8bab-f0c87a3fcebd-SegmentedRaftLogWorker:Storage Directory /workdir/hadoop-ozone/ozonefs/target/test-dir/MiniOzoneClusterImpl-21ed0f53-0413-44c7-8609-f438100532e5/datanode-7/data/ratis/5b327425-b643-4ca6-8ce0-293144019123 was interrupted, exiting. There are 0 tasks remaining in the queue.
2019-09-19 09:41:20,099 [main] INFO  segmented.SegmentedRaftLogWorker (SegmentedRaftLogWorker.java:close(228)) - 7076406d-aee0-4126-8bab-f0c87a3fcebd-SegmentedRaftLogWorker:Storage Directory /workdir/hadoop-ozone/ozonefs/target/test-dir/MiniOzoneClusterImpl-21ed0f53-0413-44c7-8609-f438100532e5/datanode-7/data/ratis/5b327425-b643-4ca6-8ce0-293144019123 close()
2019-09-19 09:41:20,099 [28f77823-de9e-44cc-bd18-5b415144a5bf-SegmentedRaftLogWorker:Storage Directory /workdir/hadoop-ozone/ozonefs/target/test-dir/MiniOzoneClusterImpl-21ed0f53-0413-44c7-8609-f438100532e5/datanode-1/data/ratis/78074ae0-d60e-48a5-8215-ed15ec0465a0] INFO  segmented.SegmentedRaftLogWorker (SegmentedRaftLogWorker.java:run(313)) - 28f77823-de9e-44cc-bd18-5b415144a5bf-SegmentedRaftLogWorker:Storage Directory /workdir/hadoop-ozone/ozonefs/target/test-dir/MiniOzoneClusterImpl-21ed0f53-0413-44c7-8609-f438100532e5/datanode-1/data/ratis/78074ae0-d60e-48a5-8215-ed15ec0465a0 was interrupted, exiting. There are 0 tasks remaining in the queue.
2019-09-19 09:41:20,100 [main] INFO  impl.RaftServerImpl (RaftServerImpl.java:lambda$shutdown$3(245)) - 7076406d-aee0-4126-8bab-f0c87a3fcebd: shutdown group-19810D115B79
2019-09-19 09:41:20,100 [ForkJoinPool.commonPool-worker-1] INFO  segmented.SegmentedRaftLogWorker (SegmentedRaftLogWorker.java:close(228)) - 28f77823-de9e-44cc-bd18-5b415144a5bf-SegmentedRaftLogWorker:Storage Directory /workdir/hadoop-ozone/ozonefs/target/test-dir/MiniOzoneClusterImpl-21ed0f53-0413-44c7-8609-f438100532e5/datanode-1/data/ratis/78074ae0-d60e-48a5-8215-ed15ec0465a0 close()
2019-09-19 09:41:20,100 [main] INFO  util.JmxRegister (JmxRegister.java:unregister(73)) - Successfully un-registered JMX Bean with object name Ratis:service=RaftServer,group=group-19810D115B79,id=7076406d-aee0-4126-8bab-f0c87a3fcebd
2019-09-19 09:41:20,101 [ForkJoinPool.commonPool-worker-1] INFO  impl.RaftServerImpl (RaftServerImpl.java:lambda$shutdown$3(245)) - 28f77823-de9e-44cc-bd18-5b415144a5bf: shutdown group-59B9115387D9
2019-09-19 09:41:20,101 [main] INFO  impl.RoleInfo (RoleInfo.java:shutdownLeaderState(104)) - 7076406d-aee0-4126-8bab-f0c87a3fcebd: shutdown LeaderState
2019-09-19 09:41:20,101 [ForkJoinPool.commonPool-worker-1] INFO  util.JmxRegister (JmxRegister.java:unregister(73)) - Successfully un-registered JMX Bean with object name Ratis:service=RaftServer,group=group-59B9115387D9,id=28f77823-de9e-44cc-bd18-5b415144a5bf
2019-09-19 09:41:20,102 [main] INFO  impl.PendingRequests (PendingRequests.java:sendNotLeaderResponses(202)) - 7076406d-aee0-4126-8bab-f0c87a3fcebd-PendingRequests: sendNotLeaderResponses
2019-09-19 09:41:20,102 [ForkJoinPool.commonPool-worker-1] INFO  impl.RoleInfo (RoleInfo.java:shutdownLeaderState(104)) - 28f77823-de9e-44cc-bd18-5b415144a5bf: shutdown LeaderState
2019-09-19 09:41:20,102 [main] INFO  impl.StateMachineUpdater (StateMachineUpdater.java:stopAndJoin(115)) - StateMachineUpdater:7076406d-aee0-4126-8bab-f0c87a3fcebd:group-19810D115B79: set stopIndex = 0
2019-09-19 09:41:20,103 [ForkJoinPool.commonPool-worker-1] INFO  impl.PendingRequests (PendingRequests.java:sendNotLeaderResponses(202)) - 28f77823-de9e-44cc-bd18-5b415144a5bf-PendingRequests: sendNotLeaderResponses
2019-09-19 09:41:20,103 [main] INFO  impl.RaftServerImpl (ServerState.java:close(394)) - 7076406d-aee0-4126-8bab-f0c87a3fcebd:group-19810D115B79 closes. The last applied log index is 0
2019-09-19 09:41:20,103 [ForkJoinPool.commonPool-worker-1] INFO  impl.StateMachineUpdater (StateMachineUpdater.java:stopAndJoin(115)) - StateMachineUpdater:28f77823-de9e-44cc-bd18-5b415144a5bf:group-59B9115387D9: set stopIndex = 0
2019-09-19 09:41:20,104 [7076406d-aee0-4126-8bab-f0c87a3fcebd-SegmentedRaftLogWorker:Storage Directory /workdir/hadoop-ozone/ozonefs/target/test-dir/MiniOzoneClusterImpl-21ed0f53-0413-44c7-8609-f438100532e5/datanode-7/data/ratis/fdc798e3-e72e-46f8-92b3-19810d115b79] INFO  segmented.SegmentedRaftLogWorker (SegmentedRaftLogWorker.java:run(313)) - 7076406d-aee0-4126-8bab-f0c87a3fcebd-SegmentedRaftLogWorker:Storage Directory /workdir/hadoop-ozone/ozonefs/target/test-dir/MiniOzoneClusterImpl-21ed0f53-0413-44c7-8609-f438100532e5/datanode-7/data/ratis/fdc798e3-e72e-46f8-92b3-19810d115b79 was interrupted, exiting. There are 0 tasks remaining in the queue.
2019-09-19 09:41:20,104 [ForkJoinPool.commonPool-worker-1] INFO  impl.RaftServerImpl (ServerState.java:close(394)) - 28f77823-de9e-44cc-bd18-5b415144a5bf:group-59B9115387D9 closes. The last applied log index is 0
2019-09-19 09:41:20,105 [main] INFO  segmented.SegmentedRaftLogWorker (SegmentedRaftLogWorker.java:close(228)) - 7076406d-aee0-4126-8bab-f0c87a3fcebd-SegmentedRaftLogWorker:Storage Directory /workdir/hadoop-ozone/ozonefs/target/test-dir/MiniOzoneClusterImpl-21ed0f53-0413-44c7-8609-f438100532e5/datanode-7/data/ratis/fdc798e3-e72e-46f8-92b3-19810d115b79 close()
2019-09-19 09:41:20,105 [28f77823-de9e-44cc-bd18-5b415144a5bf-SegmentedRaftLogWorker:Storage Directory /workdir/hadoop-ozone/ozonefs/target/test-dir/MiniOzoneClusterImpl-21ed0f53-0413-44c7-8609-f438100532e5/datanode-1/data/ratis/1c97b61e-a5bb-4ba5-ae2f-59b9115387d9] INFO  segmented.SegmentedRaftLogWorker (SegmentedRaftLogWorker.java:run(313)) - 28f77823-de9e-44cc-bd18-5b415144a5bf-SegmentedRaftLogWorker:Storage Directory /workdir/hadoop-ozone/ozonefs/target/test-dir/MiniOzoneClusterImpl-21ed0f53-0413-44c7-8609-f438100532e5/datanode-1/data/ratis/1c97b61e-a5bb-4ba5-ae2f-59b9115387d9 was interrupted, exiting. There are 0 tasks remaining in the queue.
2019-09-19 09:41:20,105 [main] INFO  impl.RaftServerImpl (RaftServerImpl.java:lambda$shutdown$3(245)) - 7076406d-aee0-4126-8bab-f0c87a3fcebd: shutdown group-3E67F89CB185
2019-09-19 09:41:20,106 [ForkJoinPool.commonPool-worker-1] INFO  segmented.SegmentedRaftLogWorker (SegmentedRaftLogWorker.java:close(228)) - 28f77823-de9e-44cc-bd18-5b415144a5bf-SegmentedRaftLogWorker:Storage Directory /workdir/hadoop-ozone/ozonefs/target/test-dir/MiniOzoneClusterImpl-21ed0f53-0413-44c7-8609-f438100532e5/datanode-1/data/ratis/1c97b61e-a5bb-4ba5-ae2f-59b9115387d9 close()
2019-09-19 09:41:20,106 [main] INFO  util.JmxRegister (JmxRegister.java:unregister(73)) - Successfully un-registered JMX Bean with object name Ratis:service=RaftServer,group=group-3E67F89CB185,id=7076406d-aee0-4126-8bab-f0c87a3fcebd
2019-09-19 09:41:20,106 [ForkJoinPool.commonPool-worker-1] INFO  impl.RaftServerImpl (RaftServerImpl.java:lambda$shutdown$3(245)) - 28f77823-de9e-44cc-bd18-5b415144a5bf: shutdown group-D1E3E853F284
2019-09-19 09:41:20,107 [main] INFO  impl.RoleInfo (RoleInfo.java:shutdownLeaderState(104)) - 7076406d-aee0-4126-8bab-f0c87a3fcebd: shutdown LeaderState
2019-09-19 09:41:20,107 [ForkJoinPool.commonPool-worker-1] INFO  util.JmxRegister (JmxRegister.java:unregister(73)) - Successfully un-registered JMX Bean with object name Ratis:service=RaftServer,group=group-D1E3E853F284,id=28f77823-de9e-44cc-bd18-5b415144a5bf
2019-09-19 09:41:20,107 [main] INFO  impl.PendingRequests (PendingRequests.java:sendNotLeaderResponses(202)) - 7076406d-aee0-4126-8bab-f0c87a3fcebd-PendingRequests: sendNotLeaderResponses
2019-09-19 09:41:20,107 [ForkJoinPool.commonPool-worker-1] INFO  impl.RoleInfo (RoleInfo.java:shutdownLeaderState(104)) - 28f77823-de9e-44cc-bd18-5b415144a5bf: shutdown LeaderState
2019-09-19 09:41:20,108 [main] INFO  impl.StateMachineUpdater (StateMachineUpdater.java:stopAndJoin(115)) - StateMachineUpdater:7076406d-aee0-4126-8bab-f0c87a3fcebd:group-3E67F89CB185: set stopIndex = 0
2019-09-19 09:41:20,108 [ForkJoinPool.commonPool-worker-1] INFO  impl.PendingRequests (PendingRequests.java:sendNotLeaderResponses(202)) - 28f77823-de9e-44cc-bd18-5b415144a5bf-PendingRequests: sendNotLeaderResponses
2019-09-19 09:41:20,108 [main] INFO  impl.RaftServerImpl (ServerState.java:close(394)) - 7076406d-aee0-4126-8bab-f0c87a3fcebd:group-3E67F89CB185 closes. The last applied log index is 0
2019-09-19 09:41:20,109 [ForkJoinPool.commonPool-worker-1] INFO  impl.StateMachineUpdater (StateMachineUpdater.java:stopAndJoin(115)) - StateMachineUpdater:28f77823-de9e-44cc-bd18-5b415144a5bf:group-D1E3E853F284: set stopIndex = 0
2019-09-19 09:41:20,109 [7076406d-aee0-4126-8bab-f0c87a3fcebd-SegmentedRaftLogWorker:Storage Directory /workdir/hadoop-ozone/ozonefs/target/test-dir/MiniOzoneClusterImpl-21ed0f53-0413-44c7-8609-f438100532e5/datanode-7/data/ratis/c80c9d07-8cbb-462a-9cb8-3e67f89cb185] INFO  segmented.SegmentedRaftLogWorker (SegmentedRaftLogWorker.java:run(313)) - 7076406d-aee0-4126-8bab-f0c87a3fcebd-SegmentedRaftLogWorker:Storage Directory /workdir/hadoop-ozone/ozonefs/target/test-dir/MiniOzoneClusterImpl-21ed0f53-0413-44c7-8609-f438100532e5/datanode-7/data/ratis/c80c9d07-8cbb-462a-9cb8-3e67f89cb185 was interrupted, exiting. There are 0 tasks remaining in the queue.
2019-09-19 09:41:20,109 [ForkJoinPool.commonPool-worker-1] INFO  impl.RaftServerImpl (ServerState.java:close(394)) - 28f77823-de9e-44cc-bd18-5b415144a5bf:group-D1E3E853F284 closes. The last applied log index is 0
2019-09-19 09:41:20,110 [main] INFO  segmented.SegmentedRaftLogWorker (SegmentedRaftLogWorker.java:close(228)) - 7076406d-aee0-4126-8bab-f0c87a3fcebd-SegmentedRaftLogWorker:Storage Directory /workdir/hadoop-ozone/ozonefs/target/test-dir/MiniOzoneClusterImpl-21ed0f53-0413-44c7-8609-f438100532e5/datanode-7/data/ratis/c80c9d07-8cbb-462a-9cb8-3e67f89cb185 close()
2019-09-19 09:41:20,110 [28f77823-de9e-44cc-bd18-5b415144a5bf-SegmentedRaftLogWorker:Storage Directory /workdir/hadoop-ozone/ozonefs/target/test-dir/MiniOzoneClusterImpl-21ed0f53-0413-44c7-8609-f438100532e5/datanode-1/data/ratis/e70026a8-9102-47f1-8c03-d1e3e853f284] INFO  segmented.SegmentedRaftLogWorker (SegmentedRaftLogWorker.java:run(313)) - 28f77823-de9e-44cc-bd18-5b415144a5bf-SegmentedRaftLogWorker:Storage Directory /workdir/hadoop-ozone/ozonefs/target/test-dir/MiniOzoneClusterImpl-21ed0f53-0413-44c7-8609-f438100532e5/datanode-1/data/ratis/e70026a8-9102-47f1-8c03-d1e3e853f284 was interrupted, exiting. There are 0 tasks remaining in the queue.
2019-09-19 09:41:20,110 [main] INFO  impl.RaftServerImpl (RaftServerImpl.java:lambda$shutdown$3(245)) - 7076406d-aee0-4126-8bab-f0c87a3fcebd: shutdown group-A6CABADCA9FA
2019-09-19 09:41:20,110 [ForkJoinPool.commonPool-worker-1] INFO  segmented.SegmentedRaftLogWorker (SegmentedRaftLogWorker.java:close(228)) - 28f77823-de9e-44cc-bd18-5b415144a5bf-SegmentedRaftLogWorker:Storage Directory /workdir/hadoop-ozone/ozonefs/target/test-dir/MiniOzoneClusterImpl-21ed0f53-0413-44c7-8609-f438100532e5/datanode-1/data/ratis/e70026a8-9102-47f1-8c03-d1e3e853f284 close()
2019-09-19 09:41:20,111 [main] INFO  util.JmxRegister (JmxRegister.java:unregister(73)) - Successfully un-registered JMX Bean with object name Ratis:service=RaftServer,group=group-A6CABADCA9FA,id=7076406d-aee0-4126-8bab-f0c87a3fcebd
2019-09-19 09:41:20,111 [ForkJoinPool.commonPool-worker-1] INFO  impl.RaftServerImpl (RaftServerImpl.java:lambda$shutdown$3(245)) - 28f77823-de9e-44cc-bd18-5b415144a5bf: shutdown group-0B1A863E1733
2019-09-19 09:41:20,111 [main] INFO  impl.RoleInfo (RoleInfo.java:shutdownLeaderState(104)) - 7076406d-aee0-4126-8bab-f0c87a3fcebd: shutdown LeaderState
2019-09-19 09:41:20,111 [ForkJoinPool.commonPool-worker-1] INFO  util.JmxRegister (JmxRegister.java:unregister(73)) - Successfully un-registered JMX Bean with object name Ratis:service=RaftServer,group=group-0B1A863E1733,id=28f77823-de9e-44cc-bd18-5b415144a5bf
2019-09-19 09:41:20,112 [main] INFO  impl.PendingRequests (PendingRequests.java:sendNotLeaderResponses(202)) - 7076406d-aee0-4126-8bab-f0c87a3fcebd-PendingRequests: sendNotLeaderResponses
2019-09-19 09:41:20,112 [ForkJoinPool.commonPool-worker-1] INFO  impl.RoleInfo (RoleInfo.java:shutdownLeaderState(104)) - 28f77823-de9e-44cc-bd18-5b415144a5bf: shutdown LeaderState
2019-09-19 09:41:20,112 [main] INFO  impl.StateMachineUpdater (StateMachineUpdater.java:stopAndJoin(115)) - StateMachineUpdater:7076406d-aee0-4126-8bab-f0c87a3fcebd:group-A6CABADCA9FA: set stopIndex = 0
2019-09-19 09:41:20,113 [ForkJoinPool.commonPool-worker-1] INFO  impl.PendingRequests (PendingRequests.java:sendNotLeaderResponses(202)) - 28f77823-de9e-44cc-bd18-5b415144a5bf-PendingRequests: sendNotLeaderResponses
2019-09-19 09:41:20,113 [main] INFO  impl.RaftServerImpl (ServerState.java:close(394)) - 7076406d-aee0-4126-8bab-f0c87a3fcebd:group-A6CABADCA9FA closes. The last applied log index is 0
2019-09-19 09:41:20,113 [ForkJoinPool.commonPool-worker-1] INFO  impl.StateMachineUpdater (StateMachineUpdater.java:stopAndJoin(115)) - StateMachineUpdater:28f77823-de9e-44cc-bd18-5b415144a5bf:group-0B1A863E1733: set stopIndex = 0
2019-09-19 09:41:20,114 [7076406d-aee0-4126-8bab-f0c87a3fcebd-SegmentedRaftLogWorker:Storage Directory /workdir/hadoop-ozone/ozonefs/target/test-dir/MiniOzoneClusterImpl-21ed0f53-0413-44c7-8609-f438100532e5/datanode-7/data/ratis/ac0d811b-6b87-4fe7-be04-a6cabadca9fa] INFO  segmented.SegmentedRaftLogWorker (SegmentedRaftLogWorker.java:run(313)) - 7076406d-aee0-4126-8bab-f0c87a3fcebd-SegmentedRaftLogWorker:Storage Directory /workdir/hadoop-ozone/ozonefs/target/test-dir/MiniOzoneClusterImpl-21ed0f53-0413-44c7-8609-f438100532e5/datanode-7/data/ratis/ac0d811b-6b87-4fe7-be04-a6cabadca9fa was interrupted, exiting. There are 0 tasks remaining in the queue.
2019-09-19 09:41:20,114 [ForkJoinPool.commonPool-worker-1] INFO  impl.RaftServerImpl (ServerState.java:close(394)) - 28f77823-de9e-44cc-bd18-5b415144a5bf:group-0B1A863E1733 closes. The last applied log index is 0
2019-09-19 09:41:20,114 [main] INFO  segmented.SegmentedRaftLogWorker (SegmentedRaftLogWorker.java:close(228)) - 7076406d-aee0-4126-8bab-f0c87a3fcebd-SegmentedRaftLogWorker:Storage Directory /workdir/hadoop-ozone/ozonefs/target/test-dir/MiniOzoneClusterImpl-21ed0f53-0413-44c7-8609-f438100532e5/datanode-7/data/ratis/ac0d811b-6b87-4fe7-be04-a6cabadca9fa close()
2019-09-19 09:41:20,114 [28f77823-de9e-44cc-bd18-5b415144a5bf-SegmentedRaftLogWorker:Storage Directory /workdir/hadoop-ozone/ozonefs/target/test-dir/MiniOzoneClusterImpl-21ed0f53-0413-44c7-8609-f438100532e5/datanode-1/data/ratis/655e11f5-6c46-44f5-9cc2-0b1a863e1733] INFO  segmented.SegmentedRaftLogWorker (SegmentedRaftLogWorker.java:run(313)) - 28f77823-de9e-44cc-bd18-5b415144a5bf-SegmentedRaftLogWorker:Storage Directory /workdir/hadoop-ozone/ozonefs/target/test-dir/MiniOzoneClusterImpl-21ed0f53-0413-44c7-8609-f438100532e5/datanode-1/data/ratis/655e11f5-6c46-44f5-9cc2-0b1a863e1733 was interrupted, exiting. There are 0 tasks remaining in the queue.
2019-09-19 09:41:20,115 [main] INFO  server.GrpcService (GrpcService.java:closeImpl(155)) - 7076406d-aee0-4126-8bab-f0c87a3fcebd: shutdown server with port 33583 now
2019-09-19 09:41:20,115 [ForkJoinPool.commonPool-worker-1] INFO  segmented.SegmentedRaftLogWorker (SegmentedRaftLogWorker.java:close(228)) - 28f77823-de9e-44cc-bd18-5b415144a5bf-SegmentedRaftLogWorker:Storage Directory /workdir/hadoop-ozone/ozonefs/target/test-dir/MiniOzoneClusterImpl-21ed0f53-0413-44c7-8609-f438100532e5/datanode-1/data/ratis/655e11f5-6c46-44f5-9cc2-0b1a863e1733 close()
2019-09-19 09:41:20,116 [main] INFO  server.GrpcService (GrpcService.java:closeImpl(163)) - 7076406d-aee0-4126-8bab-f0c87a3fcebd: shutdown server with port 33583 successfully
2019-09-19 09:41:20,116 [ForkJoinPool.commonPool-worker-1] INFO  server.GrpcService (GrpcService.java:closeImpl(155)) - 28f77823-de9e-44cc-bd18-5b415144a5bf: shutdown server with port 41344 now
2019-09-19 09:41:20,118 [ForkJoinPool.commonPool-worker-1] INFO  server.GrpcService (GrpcService.java:closeImpl(163)) - 28f77823-de9e-44cc-bd18-5b415144a5bf: shutdown server with port 41344 successfully
2019-09-19 09:41:20,119 [main] INFO  utils.BackgroundService (BackgroundService.java:shutdown(148)) - Shutting down service BlockDeletingService
2019-09-19 09:41:20,120 [refreshUsed-/workdir/hadoop-ozone/ozonefs/target/test-dir/MiniOzoneClusterImpl-21ed0f53-0413-44c7-8609-f438100532e5/datanode-7/data/containers] WARN  fs.CachingGetSpaceUsed (CachingGetSpaceUsed.java:run(183)) - Thread Interrupted waiting to refresh disk information: sleep interrupted
2019-09-19 09:41:20,124 [ForkJoinPool.commonPool-worker-1] INFO  utils.BackgroundService (BackgroundService.java:shutdown(148)) - Shutting down service BlockDeletingService
2019-09-19 09:41:20,127 [refreshUsed-/workdir/hadoop-ozone/ozonefs/target/test-dir/MiniOzoneClusterImpl-21ed0f53-0413-44c7-8609-f438100532e5/datanode-1/data/containers] WARN  fs.CachingGetSpaceUsed (CachingGetSpaceUsed.java:run(183)) - Thread Interrupted waiting to refresh disk information: sleep interrupted
2019-09-19 09:41:20,145 [main] INFO  statemachine.DatanodeStateMachine (DatanodeStateMachine.java:stopDaemon(395)) - Ozone container server stopped.
2019-09-19 09:41:20,146 [main] INFO  handler.ContextHandler (ContextHandler.java:doStop(910)) - Stopped o.e.j.w.WebAppContext@1b475663{/,null,UNAVAILABLE}{/hddsDatanode}
2019-09-19 09:41:20,147 [main] INFO  server.AbstractConnector (AbstractConnector.java:doStop(318)) - Stopped ServerConnector@1669931a{HTTP/1.1,[http/1.1]}{0.0.0.0:0}
2019-09-19 09:41:20,147 [main] INFO  handler.ContextHandler (ContextHandler.java:doStop(910)) - Stopped o.e.j.s.ServletContextHandler@67a8bcbb{/static,jar:file:/home/user/.m2/repository/org/apache/hadoop/hadoop-hdds-container-service/0.5.0-SNAPSHOT/hadoop-hdds-container-service-0.5.0-SNAPSHOT.jar!/webapps/static,UNAVAILABLE}
2019-09-19 09:41:20,148 [main] INFO  handler.ContextHandler (ContextHandler.java:doStop(910)) - Stopped o.e.j.s.ServletContextHandler@6f0a4e30{/logs,file:///workdir/hadoop-ozone/ozonefs/target/log,UNAVAILABLE}
2019-09-19 09:41:20,153 [ForkJoinPool.commonPool-worker-1] INFO  statemachine.DatanodeStateMachine (DatanodeStateMachine.java:stopDaemon(395)) - Ozone container server stopped.
2019-09-19 09:41:20,156 [ForkJoinPool.commonPool-worker-1] INFO  handler.ContextHandler (ContextHandler.java:doStop(910)) - Stopped o.e.j.w.WebAppContext@66e827a8{/,null,UNAVAILABLE}{/hddsDatanode}
2019-09-19 09:41:20,157 [ForkJoinPool.commonPool-worker-1] INFO  server.AbstractConnector (AbstractConnector.java:doStop(318)) - Stopped ServerConnector@5bb911c1{HTTP/1.1,[http/1.1]}{0.0.0.0:0}
2019-09-19 09:41:20,158 [ForkJoinPool.commonPool-worker-1] INFO  handler.ContextHandler (ContextHandler.java:doStop(910)) - Stopped o.e.j.s.ServletContextHandler@372461a9{/static,jar:file:/home/user/.m2/repository/org/apache/hadoop/hadoop-hdds-container-service/0.5.0-SNAPSHOT/hadoop-hdds-container-service-0.5.0-SNAPSHOT.jar!/webapps/static,UNAVAILABLE}
2019-09-19 09:41:20,159 [ForkJoinPool.commonPool-worker-1] INFO  handler.ContextHandler (ContextHandler.java:doStop(910)) - Stopped o.e.j.s.ServletContextHandler@457a5b2d{/logs,file:///workdir/hadoop-ozone/ozonefs/target/log,UNAVAILABLE}
2019-09-19 09:41:20,160 [main] INFO  ozone.MiniOzoneClusterImpl (MiniOzoneClusterImpl.java:stop(353)) - Stopping the StorageContainerManager
2019-09-19 09:41:20,160 [main] INFO  server.StorageContainerManager (StorageContainerManager.java:stop(797)) - Stopping Replication Manager Service.
2019-09-19 09:41:20,160 [main] INFO  container.ReplicationManager (ReplicationManager.java:stop(192)) - Stopping Replication Monitor Thread.
2019-09-19 09:41:20,161 [main] INFO  server.StorageContainerManager (StorageContainerManager.java:stop(804)) - Stopping Lease Manager of the command watchers
2019-09-19 09:41:20,161 [main] INFO  server.StorageContainerManager (StorageContainerManager.java:stop(811)) - Stopping datanode service RPC server
2019-09-19 09:41:20,161 [main] INFO  server.SCMDatanodeProtocolServer (SCMDatanodeProtocolServer.java:stop(367)) - Stopping the RPC server for DataNodes
2019-09-19 09:41:20,161 [main] INFO  ipc.Server (Server.java:stop(3082)) - Stopping server on 45258
2019-09-19 09:41:20,163 [IPC Server listener on 45258] INFO  ipc.Server (Server.java:run(1185)) - Stopping IPC Server listener on 45258
2019-09-19 09:41:20,163 [IPC Server Responder] INFO  ipc.Server (Server.java:run(1319)) - Stopping IPC Server Responder
2019-09-19 09:41:20,184 [SCM Heartbeat Processing Thread - 0] WARN  node.NodeStateManager (NodeStateManager.java:scheduleNextHealthCheck(655)) - Current Thread is interrupted, shutting down HB processing thread for Node Manager.
2019-09-19 09:41:20,184 [main] INFO  server.StorageContainerManager (StorageContainerManager.java:stop(819)) - Stopping block service RPC server
2019-09-19 09:41:20,184 [main] INFO  server.SCMBlockProtocolServer (SCMBlockProtocolServer.java:stop(148)) - Stopping the RPC server for Block Protocol
2019-09-19 09:41:20,184 [main] INFO  ipc.Server (Server.java:stop(3082)) - Stopping server on 35505
2019-09-19 09:41:20,186 [IPC Server listener on 35505] INFO  ipc.Server (Server.java:run(1185)) - Stopping IPC Server listener on 35505
2019-09-19 09:41:20,186 [main] INFO  server.StorageContainerManager (StorageContainerManager.java:stop(826)) - Stopping the StorageContainerLocationProtocol RPC server
2019-09-19 09:41:20,186 [IPC Server Responder] INFO  ipc.Server (Server.java:run(1319)) - Stopping IPC Server Responder
2019-09-19 09:41:20,187 [main] INFO  server.SCMClientProtocolServer (SCMClientProtocolServer.java:stop(159)) - Stopping the RPC server for Client Protocol
2019-09-19 09:41:20,187 [main] INFO  ipc.Server (Server.java:stop(3082)) - Stopping server on 37229
2019-09-19 09:41:20,189 [IPC Server listener on 37229] INFO  ipc.Server (Server.java:run(1185)) - Stopping IPC Server listener on 37229
2019-09-19 09:41:20,189 [main] INFO  server.StorageContainerManager (StorageContainerManager.java:stop(833)) - Stopping Storage Container Manager HTTP server.
2019-09-19 09:41:20,189 [IPC Server Responder] INFO  ipc.Server (Server.java:run(1319)) - Stopping IPC Server Responder
2019-09-19 09:41:20,190 [main] INFO  handler.ContextHandler (ContextHandler.java:doStop(910)) - Stopped o.e.j.w.WebAppContext@433ffad1{/,null,UNAVAILABLE}{/scm}
2019-09-19 09:41:20,190 [main] INFO  server.AbstractConnector (AbstractConnector.java:doStop(318)) - Stopped ServerConnector@46cf05f7{HTTP/1.1,[http/1.1]}{0.0.0.0:0}
2019-09-19 09:41:20,191 [main] INFO  handler.ContextHandler (ContextHandler.java:doStop(910)) - Stopped o.e.j.s.ServletContextHandler@25b2cfcb{/static,jar:file:/home/user/.m2/repository/org/apache/hadoop/hadoop-hdds-server-scm/0.5.0-SNAPSHOT/hadoop-hdds-server-scm-0.5.0-SNAPSHOT.jar!/webapps/static,UNAVAILABLE}
2019-09-19 09:41:20,191 [main] INFO  handler.ContextHandler (ContextHandler.java:doStop(910)) - Stopped o.e.j.s.ServletContextHandler@6aecbb8d{/logs,file:///workdir/hadoop-ozone/ozonefs/target/log,UNAVAILABLE}
2019-09-19 09:41:20,192 [main] INFO  server.StorageContainerManager (StorageContainerManager.java:stop(844)) - Stopping Block Manager Service.
2019-09-19 09:41:20,192 [main] INFO  utils.BackgroundService (BackgroundService.java:shutdown(148)) - Shutting down service SCMBlockDeletingService
2019-09-19 09:41:20,193 [main] INFO  utils.BackgroundService (BackgroundService.java:shutdown(148)) - Shutting down service SCMBlockDeletingService
2019-09-19 09:41:20,193 [main] INFO  server.StorageContainerManager (StorageContainerManager.java:stop(866)) - Stopping SCM Event Queue.
2019-09-19 09:41:20,199 [main] INFO  impl.MetricsSystemImpl (MetricsSystemImpl.java:stop(210)) - Stopping HddsDatanode metrics system...
2019-09-19 09:41:20,209 [main] INFO  impl.MetricsSystemImpl (MetricsSystemImpl.java:stop(216)) - HddsDatanode metrics system stopped.
]]></system-out>
    <system-err><![CDATA[Sep 19, 2019 9:40:37 AM com.sun.jersey.server.impl.application.WebApplicationImpl _initiate
INFO: Initiating Jersey application, version 'Jersey: 1.19 02/11/2015 03:25 AM'
Sep 19, 2019 9:40:38 AM com.sun.jersey.server.impl.application.WebApplicationImpl _initiate
INFO: Initiating Jersey application, version 'Jersey: 1.19 02/11/2015 03:25 AM'
Sep 19, 2019 9:40:38 AM com.sun.jersey.server.impl.application.WebApplicationImpl _initiate
INFO: Initiating Jersey application, version 'Jersey: 1.19 02/11/2015 03:25 AM'
Sep 19, 2019 9:40:38 AM com.sun.jersey.server.impl.application.WebApplicationImpl _initiate
INFO: Initiating Jersey application, version 'Jersey: 1.19 02/11/2015 03:25 AM'
Sep 19, 2019 9:40:39 AM com.sun.jersey.server.impl.application.WebApplicationImpl _initiate
INFO: Initiating Jersey application, version 'Jersey: 1.19 02/11/2015 03:25 AM'
Sep 19, 2019 9:40:39 AM com.sun.jersey.server.impl.application.WebApplicationImpl _initiate
INFO: Initiating Jersey application, version 'Jersey: 1.19 02/11/2015 03:25 AM'
Sep 19, 2019 9:40:39 AM com.sun.jersey.server.impl.application.WebApplicationImpl _initiate
INFO: Initiating Jersey application, version 'Jersey: 1.19 02/11/2015 03:25 AM'
Sep 19, 2019 9:40:39 AM com.sun.jersey.server.impl.application.WebApplicationImpl _initiate
INFO: Initiating Jersey application, version 'Jersey: 1.19 02/11/2015 03:25 AM'
Sep 19, 2019 9:40:40 AM com.sun.jersey.server.impl.application.WebApplicationImpl _initiate
INFO: Initiating Jersey application, version 'Jersey: 1.19 02/11/2015 03:25 AM'
Sep 19, 2019 9:40:40 AM com.sun.jersey.server.impl.application.WebApplicationImpl _initiate
INFO: Initiating Jersey application, version 'Jersey: 1.19 02/11/2015 03:25 AM'
Sep 19, 2019 9:40:45 AM com.sun.jersey.server.impl.application.WebApplicationImpl _initiate
INFO: Initiating Jersey application, version 'Jersey: 1.19 02/11/2015 03:25 AM'
]]></system-err>
  </testcase>
</testsuite>