<?xml version="1.0" encoding="UTF-8"?>
<testsuite xmlns:xsi="http://www.w3.org/2001/XMLSchema-instance" xsi:noNamespaceSchemaLocation="https://maven.apache.org/surefire/maven-surefire-plugin/xsd/surefire-test-report.xsd" name="org.apache.hadoop.fs.ozone.TestOzoneFileSystem" time="133.961" tests="7" errors="4" skipped="0" failures="0">
  <properties>
    <property name="awt.toolkit" value="sun.awt.X11.XToolkit"/>
    <property name="file.encoding.pkg" value="sun.io"/>
    <property name="java.specification.version" value="1.8"/>
    <property name="sun.cpu.isalist" value=""/>
    <property name="sun.jnu.encoding" value="UTF-8"/>
    <property name="java.class.path" value="/workdir/hadoop-ozone/ozonefs/target/test-classes:/workdir/hadoop-ozone/ozonefs/target/classes:/home/user/.m2/repository/org/apache/hadoop/hadoop-common/3.2.0/hadoop-common-3.2.0.jar:/home/user/.m2/repository/org/apache/hadoop/hadoop-annotations/3.2.0/hadoop-annotations-3.2.0.jar:/usr/lib/jvm/java-1.8-openjdk/jre/../lib/tools.jar:/home/user/.m2/repository/com/google/guava/guava/11.0.2/guava-11.0.2.jar:/home/user/.m2/repository/commons-cli/commons-cli/1.2/commons-cli-1.2.jar:/home/user/.m2/repository/org/apache/commons/commons-math3/3.1.1/commons-math3-3.1.1.jar:/home/user/.m2/repository/org/apache/httpcomponents/httpclient/4.5.2/httpclient-4.5.2.jar:/home/user/.m2/repository/org/apache/httpcomponents/httpcore/4.4.4/httpcore-4.4.4.jar:/home/user/.m2/repository/commons-codec/commons-codec/1.11/commons-codec-1.11.jar:/home/user/.m2/repository/commons-io/commons-io/2.5/commons-io-2.5.jar:/home/user/.m2/repository/commons-net/commons-net/3.6/commons-net-3.6.jar:/home/user/.m2/repository/commons-collections/commons-collections/3.2.2/commons-collections-3.2.2.jar:/home/user/.m2/repository/javax/servlet/javax.servlet-api/3.1.0/javax.servlet-api-3.1.0.jar:/home/user/.m2/repository/org/eclipse/jetty/jetty-server/9.3.24.v20180605/jetty-server-9.3.24.v20180605.jar:/home/user/.m2/repository/org/eclipse/jetty/jetty-http/9.3.24.v20180605/jetty-http-9.3.24.v20180605.jar:/home/user/.m2/repository/org/eclipse/jetty/jetty-io/9.3.24.v20180605/jetty-io-9.3.24.v20180605.jar:/home/user/.m2/repository/org/eclipse/jetty/jetty-util/9.3.24.v20180605/jetty-util-9.3.24.v20180605.jar:/home/user/.m2/repository/org/eclipse/jetty/jetty-servlet/9.3.24.v20180605/jetty-servlet-9.3.24.v20180605.jar:/home/user/.m2/repository/org/eclipse/jetty/jetty-security/9.3.24.v20180605/jetty-security-9.3.24.v20180605.jar:/home/user/.m2/repository/org/eclipse/jetty/jetty-webapp/9.3.24.v20180605/jetty-webapp-9.3.24.v20180605.jar:/home/user/.m2/repository/org/eclipse/jetty/jetty-xml/9.3.24.v20180605/jetty-xml-9.3.24.v20180605.jar:/home/user/.m2/repository/javax/servlet/jsp/jsp-api/2.1/jsp-api-2.1.jar:/home/user/.m2/repository/com/sun/jersey/jersey-core/1.19/jersey-core-1.19.jar:/home/user/.m2/repository/javax/ws/rs/jsr311-api/1.1.1/jsr311-api-1.1.1.jar:/home/user/.m2/repository/com/sun/jersey/jersey-servlet/1.19/jersey-servlet-1.19.jar:/home/user/.m2/repository/com/sun/jersey/jersey-json/1.19/jersey-json-1.19.jar:/home/user/.m2/repository/org/codehaus/jettison/jettison/1.1/jettison-1.1.jar:/home/user/.m2/repository/com/sun/xml/bind/jaxb-impl/2.3.0.1/jaxb-impl-2.3.0.1.jar:/home/user/.m2/repository/org/codehaus/jackson/jackson-core-asl/1.9.13/jackson-core-asl-1.9.13.jar:/home/user/.m2/repository/org/codehaus/jackson/jackson-mapper-asl/1.9.13/jackson-mapper-asl-1.9.13.jar:/home/user/.m2/repository/org/codehaus/jackson/jackson-jaxrs/1.9.13/jackson-jaxrs-1.9.13.jar:/home/user/.m2/repository/org/codehaus/jackson/jackson-xc/1.9.13/jackson-xc-1.9.13.jar:/home/user/.m2/repository/com/sun/jersey/jersey-server/1.19/jersey-server-1.19.jar:/home/user/.m2/repository/commons-logging/commons-logging/1.1.3/commons-logging-1.1.3.jar:/home/user/.m2/repository/log4j/log4j/1.2.17/log4j-1.2.17.jar:/home/user/.m2/repository/commons-beanutils/commons-beanutils/1.9.3/commons-beanutils-1.9.3.jar:/home/user/.m2/repository/org/apache/commons/commons-configuration2/2.1.1/commons-configuration2-2.1.1.jar:/home/user/.m2/repository/org/apache/commons/commons-lang3/3.7/commons-lang3-3.7.jar:/home/user/.m2/repository/org/apache/commons/commons-text/1.4/commons-text-1.4.jar:/home/user/.m2/repository/org/slf4j/slf4j-api/1.7.25/slf4j-api-1.7.25.jar:/home/user/.m2/repository/org/slf4j/slf4j-log4j12/1.7.25/slf4j-log4j12-1.7.25.jar:/home/user/.m2/repository/org/apache/avro/avro/1.7.7/avro-1.7.7.jar:/home/user/.m2/repository/com/thoughtworks/paranamer/paranamer/2.3/paranamer-2.3.jar:/home/user/.m2/repository/org/xerial/snappy/snappy-java/1.0.5/snappy-java-1.0.5.jar:/home/user/.m2/repository/com/google/re2j/re2j/1.1/re2j-1.1.jar:/home/user/.m2/repository/com/google/protobuf/protobuf-java/2.5.0/protobuf-java-2.5.0.jar:/home/user/.m2/repository/com/google/code/gson/gson/2.2.4/gson-2.2.4.jar:/home/user/.m2/repository/org/apache/hadoop/hadoop-auth/3.2.0/hadoop-auth-3.2.0.jar:/home/user/.m2/repository/com/nimbusds/nimbus-jose-jwt/4.41.1/nimbus-jose-jwt-4.41.1.jar:/home/user/.m2/repository/com/github/stephenc/jcip/jcip-annotations/1.0-1/jcip-annotations-1.0-1.jar:/home/user/.m2/repository/net/minidev/json-smart/2.3/json-smart-2.3.jar:/home/user/.m2/repository/net/minidev/accessors-smart/1.2/accessors-smart-1.2.jar:/home/user/.m2/repository/org/apache/curator/curator-framework/2.12.0/curator-framework-2.12.0.jar:/home/user/.m2/repository/com/jcraft/jsch/0.1.54/jsch-0.1.54.jar:/home/user/.m2/repository/org/apache/curator/curator-client/2.12.0/curator-client-2.12.0.jar:/home/user/.m2/repository/org/apache/curator/curator-recipes/2.12.0/curator-recipes-2.12.0.jar:/home/user/.m2/repository/com/google/code/findbugs/jsr305/3.0.0/jsr305-3.0.0.jar:/home/user/.m2/repository/org/apache/htrace/htrace-core4/4.1.0-incubating/htrace-core4-4.1.0-incubating.jar:/home/user/.m2/repository/org/apache/zookeeper/zookeeper/3.4.13/zookeeper-3.4.13.jar:/home/user/.m2/repository/org/apache/yetus/audience-annotations/0.5.0/audience-annotations-0.5.0.jar:/home/user/.m2/repository/org/apache/commons/commons-compress/1.4.1/commons-compress-1.4.1.jar:/home/user/.m2/repository/org/tukaani/xz/1.0/xz-1.0.jar:/home/user/.m2/repository/org/apache/kerby/kerb-simplekdc/1.0.1/kerb-simplekdc-1.0.1.jar:/home/user/.m2/repository/org/apache/kerby/kerb-client/1.0.1/kerb-client-1.0.1.jar:/home/user/.m2/repository/org/apache/kerby/kerby-config/1.0.1/kerby-config-1.0.1.jar:/home/user/.m2/repository/org/apache/kerby/kerb-core/1.0.1/kerb-core-1.0.1.jar:/home/user/.m2/repository/org/apache/kerby/kerby-pkix/1.0.1/kerby-pkix-1.0.1.jar:/home/user/.m2/repository/org/apache/kerby/kerby-asn1/1.0.1/kerby-asn1-1.0.1.jar:/home/user/.m2/repository/org/apache/kerby/kerby-util/1.0.1/kerby-util-1.0.1.jar:/home/user/.m2/repository/org/apache/kerby/kerb-common/1.0.1/kerb-common-1.0.1.jar:/home/user/.m2/repository/org/apache/kerby/kerb-crypto/1.0.1/kerb-crypto-1.0.1.jar:/home/user/.m2/repository/org/apache/kerby/kerb-util/1.0.1/kerb-util-1.0.1.jar:/home/user/.m2/repository/org/apache/kerby/token-provider/1.0.1/token-provider-1.0.1.jar:/home/user/.m2/repository/org/apache/kerby/kerb-admin/1.0.1/kerb-admin-1.0.1.jar:/home/user/.m2/repository/org/apache/kerby/kerb-server/1.0.1/kerb-server-1.0.1.jar:/home/user/.m2/repository/org/apache/kerby/kerb-identity/1.0.1/kerb-identity-1.0.1.jar:/home/user/.m2/repository/org/apache/kerby/kerby-xdr/1.0.1/kerby-xdr-1.0.1.jar:/home/user/.m2/repository/com/fasterxml/jackson/core/jackson-databind/2.9.5/jackson-databind-2.9.5.jar:/home/user/.m2/repository/com/fasterxml/jackson/core/jackson-annotations/2.9.5/jackson-annotations-2.9.5.jar:/home/user/.m2/repository/com/fasterxml/jackson/core/jackson-core/2.9.5/jackson-core-2.9.5.jar:/home/user/.m2/repository/org/codehaus/woodstox/stax2-api/3.1.4/stax2-api-3.1.4.jar:/home/user/.m2/repository/com/fasterxml/woodstox/woodstox-core/5.0.3/woodstox-core-5.0.3.jar:/home/user/.m2/repository/dnsjava/dnsjava/2.1.7/dnsjava-2.1.7.jar:/home/user/.m2/repository/org/apache/hadoop/hadoop-hdfs/3.2.0/hadoop-hdfs-3.2.0.jar:/home/user/.m2/repository/org/eclipse/jetty/jetty-util-ajax/9.3.24.v20180605/jetty-util-ajax-9.3.24.v20180605.jar:/home/user/.m2/repository/commons-daemon/commons-daemon/1.0.13/commons-daemon-1.0.13.jar:/home/user/.m2/repository/io/netty/netty/3.10.5.Final/netty-3.10.5.Final.jar:/home/user/.m2/repository/io/netty/netty-all/4.0.52.Final/netty-all-4.0.52.Final.jar:/home/user/.m2/repository/org/fusesource/leveldbjni/leveldbjni-all/1.8/leveldbjni-all-1.8.jar:/home/user/.m2/repository/org/apache/hadoop/hadoop-hdds-common/0.5.0-SNAPSHOT/hadoop-hdds-common-0.5.0-SNAPSHOT.jar:/home/user/.m2/repository/org/apache/hadoop/hadoop-hdds-config/0.5.0-SNAPSHOT/hadoop-hdds-config-0.5.0-SNAPSHOT.jar:/home/user/.m2/repository/javax/annotation/javax.annotation-api/1.2/javax.annotation-api-1.2.jar:/home/user/.m2/repository/org/apache/ratis/ratis-server/0.4.0-2337318-SNAPSHOT/ratis-server-0.4.0-2337318-SNAPSHOT.jar:/home/user/.m2/repository/org/apache/ratis/ratis-thirdparty-misc/0.2.0/ratis-thirdparty-misc-0.2.0.jar:/home/user/.m2/repository/org/apache/ratis/ratis-proto/0.4.0-2337318-SNAPSHOT/ratis-proto-0.4.0-2337318-SNAPSHOT.jar:/home/user/.m2/repository/org/apache/ratis/ratis-common/0.4.0-2337318-SNAPSHOT/ratis-common-0.4.0-2337318-SNAPSHOT.jar:/home/user/.m2/repository/org/apache/ratis/ratis-client/0.4.0-2337318-SNAPSHOT/ratis-client-0.4.0-2337318-SNAPSHOT.jar:/home/user/.m2/repository/org/apache/ratis/ratis-metrics/0.4.0-2337318-SNAPSHOT/ratis-metrics-0.4.0-2337318-SNAPSHOT.jar:/home/user/.m2/repository/org/apache/ratis/ratis-netty/0.4.0-2337318-SNAPSHOT/ratis-netty-0.4.0-2337318-SNAPSHOT.jar:/home/user/.m2/repository/org/apache/ratis/ratis-grpc/0.4.0-2337318-SNAPSHOT/ratis-grpc-0.4.0-2337318-SNAPSHOT.jar:/home/user/.m2/repository/org/rocksdb/rocksdbjni/6.0.1/rocksdbjni-6.0.1.jar:/home/user/.m2/repository/org/apache/logging/log4j/log4j-api/2.11.0/log4j-api-2.11.0.jar:/home/user/.m2/repository/org/apache/logging/log4j/log4j-core/2.11.0/log4j-core-2.11.0.jar:/home/user/.m2/repository/com/lmax/disruptor/3.4.2/disruptor-3.4.2.jar:/home/user/.m2/repository/org/apache/commons/commons-pool2/2.6.0/commons-pool2-2.6.0.jar:/home/user/.m2/repository/org/bouncycastle/bcpkix-jdk15on/1.60/bcpkix-jdk15on-1.60.jar:/home/user/.m2/repository/commons-validator/commons-validator/1.6/commons-validator-1.6.jar:/home/user/.m2/repository/commons-digester/commons-digester/1.8.1/commons-digester-1.8.1.jar:/home/user/.m2/repository/io/jaegertracing/jaeger-client/0.33.1/jaeger-client-0.33.1.jar:/home/user/.m2/repository/io/jaegertracing/jaeger-thrift/0.33.1/jaeger-thrift-0.33.1.jar:/home/user/.m2/repository/org/apache/thrift/libthrift/0.11.0/libthrift-0.11.0.jar:/home/user/.m2/repository/com/squareup/okhttp3/okhttp/3.9.0/okhttp-3.9.0.jar:/home/user/.m2/repository/com/squareup/okio/okio/1.13.0/okio-1.13.0.jar:/home/user/.m2/repository/io/jaegertracing/jaeger-core/0.33.1/jaeger-core-0.33.1.jar:/home/user/.m2/repository/io/jaegertracing/jaeger-tracerresolver/0.33.1/jaeger-tracerresolver-0.33.1.jar:/home/user/.m2/repository/io/opentracing/contrib/opentracing-tracerresolver/0.1.5/opentracing-tracerresolver-0.1.5.jar:/home/user/.m2/repository/io/opentracing/opentracing-util/0.31.0/opentracing-util-0.31.0.jar:/home/user/.m2/repository/io/opentracing/opentracing-api/0.31.0/opentracing-api-0.31.0.jar:/home/user/.m2/repository/io/opentracing/opentracing-noop/0.31.0/opentracing-noop-0.31.0.jar:/home/user/.m2/repository/org/yaml/snakeyaml/1.16/snakeyaml-1.16.jar:/home/user/.m2/repository/org/apache/hadoop/hadoop-hdfs-client/3.2.0/hadoop-hdfs-client-3.2.0.jar:/home/user/.m2/repository/info/picocli/picocli/3.9.6/picocli-3.9.6.jar:/home/user/.m2/repository/org/apache/hadoop/hadoop-hdds-server-scm/0.5.0-SNAPSHOT/hadoop-hdds-server-scm-0.5.0-SNAPSHOT.jar:/home/user/.m2/repository/org/apache/hadoop/hadoop-hdds-docs/0.5.0-SNAPSHOT/hadoop-hdds-docs-0.5.0-SNAPSHOT.jar:/home/user/.m2/repository/io/dropwizard/metrics/metrics-core/3.2.4/metrics-core-3.2.4.jar:/home/user/.m2/repository/org/hamcrest/hamcrest-all/1.3/hamcrest-all-1.3.jar:/home/user/.m2/repository/org/bouncycastle/bcprov-jdk15on/1.60/bcprov-jdk15on-1.60.jar:/home/user/.m2/repository/org/apache/hadoop/hadoop-hdds-server-framework/0.5.0-SNAPSHOT/hadoop-hdds-server-framework-0.5.0-SNAPSHOT.jar:/home/user/.m2/repository/org/apache/hadoop/hadoop-ozone-ozone-manager/0.5.0-SNAPSHOT/hadoop-ozone-ozone-manager-0.5.0-SNAPSHOT.jar:/home/user/.m2/repository/org/apache/hadoop/hadoop-hdds-container-service/0.5.0-SNAPSHOT/hadoop-hdds-container-service-0.5.0-SNAPSHOT.jar:/home/user/.m2/repository/org/apache/hadoop/hadoop-hdds-client/0.5.0-SNAPSHOT/hadoop-hdds-client-0.5.0-SNAPSHOT.jar:/home/user/.m2/repository/org/apache/hadoop/hadoop-ozone-common/0.5.0-SNAPSHOT/hadoop-ozone-common-0.5.0-SNAPSHOT.jar:/home/user/.m2/repository/org/apache/hadoop/hadoop-hdds-tools/0.5.0-SNAPSHOT/hadoop-hdds-tools-0.5.0-SNAPSHOT.jar:/home/user/.m2/repository/org/xerial/sqlite-jdbc/3.25.2/sqlite-jdbc-3.25.2.jar:/home/user/.m2/repository/org/apache/hadoop/hadoop-ozone-objectstore-service/0.5.0-SNAPSHOT/hadoop-ozone-objectstore-service-0.5.0-SNAPSHOT.jar:/home/user/.m2/repository/com/google/code/findbugs/findbugs/3.0.1/findbugs-3.0.1.jar:/home/user/.m2/repository/net/jcip/jcip-annotations/1.0/jcip-annotations-1.0.jar:/home/user/.m2/repository/com/google/code/findbugs/bcel-findbugs/6.0/bcel-findbugs-6.0.jar:/home/user/.m2/repository/com/google/code/findbugs/jFormatString/2.0.1/jFormatString-2.0.1.jar:/home/user/.m2/repository/dom4j/dom4j/1.6.1/dom4j-1.6.1.jar:/home/user/.m2/repository/xml-apis/xml-apis/1.0.b2/xml-apis-1.0.b2.jar:/home/user/.m2/repository/org/ow2/asm/asm-debug-all/5.0.2/asm-debug-all-5.0.2.jar:/home/user/.m2/repository/org/ow2/asm/asm-commons/5.0.2/asm-commons-5.0.2.jar:/home/user/.m2/repository/org/ow2/asm/asm-tree/5.0.2/asm-tree-5.0.2.jar:/home/user/.m2/repository/org/ow2/asm/asm/5.0.4/asm-5.0.4.jar:/home/user/.m2/repository/commons-lang/commons-lang/2.6/commons-lang-2.6.jar:/home/user/.m2/repository/com/apple/AppleJavaExtensions/1.4/AppleJavaExtensions-1.4.jar:/home/user/.m2/repository/jaxen/jaxen/1.1.6/jaxen-1.1.6.jar:/home/user/.m2/repository/org/apache/hadoop/hadoop-common/3.2.0/hadoop-common-3.2.0-tests.jar:/home/user/.m2/repository/org/apache/hadoop/hadoop-ozone-client/0.5.0-SNAPSHOT/hadoop-ozone-client-0.5.0-SNAPSHOT.jar:/home/user/.m2/repository/org/apache/hadoop/hadoop-hdfs/3.2.0/hadoop-hdfs-3.2.0-tests.jar:/workdir/hadoop-ozone/integration-test/target/test-classes:/home/user/.m2/repository/org/apache/hadoop/hadoop-ozone-s3gateway/0.5.0-SNAPSHOT/hadoop-ozone-s3gateway-0.5.0-SNAPSHOT.jar:/home/user/.m2/repository/org/jboss/weld/servlet/weld-servlet/2.4.7.Final/weld-servlet-2.4.7.Final.jar:/home/user/.m2/repository/org/glassfish/jersey/containers/jersey-container-servlet-core/2.27/jersey-container-servlet-core-2.27.jar:/home/user/.m2/repository/org/glassfish/hk2/external/javax.inject/2.5.0-b42/javax.inject-2.5.0-b42.jar:/home/user/.m2/repository/org/glassfish/jersey/core/jersey-common/2.27/jersey-common-2.27.jar:/home/user/.m2/repository/org/glassfish/hk2/osgi-resource-locator/1.0.1/osgi-resource-locator-1.0.1.jar:/home/user/.m2/repository/javax/ws/rs/javax.ws.rs-api/2.1/javax.ws.rs-api-2.1.jar:/home/user/.m2/repository/org/glassfish/jersey/ext/cdi/jersey-cdi1x/2.27/jersey-cdi1x-2.27.jar:/home/user/.m2/repository/org/glassfish/jersey/inject/jersey-hk2/2.27/jersey-hk2-2.27.jar:/home/user/.m2/repository/org/glassfish/hk2/hk2-locator/2.5.0-b42/hk2-locator-2.5.0-b42.jar:/home/user/.m2/repository/org/javassist/javassist/3.22.0-CR2/javassist-3.22.0-CR2.jar:/home/user/.m2/repository/org/glassfish/hk2/hk2-api/2.5.0/hk2-api-2.5.0.jar:/home/user/.m2/repository/org/glassfish/hk2/external/jakarta.inject/2.5.0/jakarta.inject-2.5.0.jar:/home/user/.m2/repository/org/glassfish/hk2/hk2-utils/2.5.0/hk2-utils-2.5.0.jar:/home/user/.m2/repository/jakarta/annotation/jakarta.annotation-api/1.3.4/jakarta.annotation-api-1.3.4.jar:/home/user/.m2/repository/org/glassfish/hk2/external/aopalliance-repackaged/2.5.0/aopalliance-repackaged-2.5.0.jar:/home/user/.m2/repository/com/fasterxml/jackson/dataformat/jackson-dataformat-xml/2.9.0/jackson-dataformat-xml-2.9.0.jar:/home/user/.m2/repository/com/fasterxml/jackson/module/jackson-module-jaxb-annotations/2.9.5/jackson-module-jaxb-annotations-2.9.5.jar:/home/user/.m2/repository/javax/enterprise/cdi-api/1.2/cdi-api-1.2.jar:/home/user/.m2/repository/javax/el/javax.el-api/3.0.0/javax.el-api-3.0.0.jar:/home/user/.m2/repository/javax/interceptor/javax.interceptor-api/1.2/javax.interceptor-api-1.2.jar:/home/user/.m2/repository/javax/inject/javax.inject/1/javax.inject-1.jar:/home/user/.m2/repository/com/sun/xml/bind/jaxb-core/2.3.0.1/jaxb-core-2.3.0.1.jar:/home/user/.m2/repository/javax/xml/bind/jaxb-api/2.3.0/jaxb-api-2.3.0.jar:/home/user/.m2/repository/javax/activation/activation/1.1.1/activation-1.1.1.jar:/home/user/.m2/repository/org/apache/hadoop/hadoop-ozone-csi/0.5.0-SNAPSHOT/hadoop-ozone-csi-0.5.0-SNAPSHOT.jar:/home/user/.m2/repository/com/google/protobuf/protobuf-java-util/3.5.1/protobuf-java-util-3.5.1.jar:/home/user/.m2/repository/io/grpc/grpc-netty/1.17.1/grpc-netty-1.17.1.jar:/home/user/.m2/repository/io/grpc/grpc-core/1.17.1/grpc-core-1.17.1.jar:/home/user/.m2/repository/io/grpc/grpc-context/1.17.1/grpc-context-1.17.1.jar:/home/user/.m2/repository/com/google/errorprone/error_prone_annotations/2.2.0/error_prone_annotations-2.2.0.jar:/home/user/.m2/repository/org/codehaus/mojo/animal-sniffer-annotations/1.17/animal-sniffer-annotations-1.17.jar:/home/user/.m2/repository/io/opencensus/opencensus-api/0.17.0/opencensus-api-0.17.0.jar:/home/user/.m2/repository/io/opencensus/opencensus-contrib-grpc-metrics/0.17.0/opencensus-contrib-grpc-metrics-0.17.0.jar:/home/user/.m2/repository/io/netty/netty-codec-http2/4.1.30.Final/netty-codec-http2-4.1.30.Final.jar:/home/user/.m2/repository/io/netty/netty-codec-http/4.1.30.Final/netty-codec-http-4.1.30.Final.jar:/home/user/.m2/repository/io/netty/netty-codec/4.1.30.Final/netty-codec-4.1.30.Final.jar:/home/user/.m2/repository/io/netty/netty-handler/4.1.30.Final/netty-handler-4.1.30.Final.jar:/home/user/.m2/repository/io/netty/netty-handler-proxy/4.1.30.Final/netty-handler-proxy-4.1.30.Final.jar:/home/user/.m2/repository/io/netty/netty-codec-socks/4.1.30.Final/netty-codec-socks-4.1.30.Final.jar:/home/user/.m2/repository/io/netty/netty-transport-native-epoll/4.1.30.Final/netty-transport-native-epoll-4.1.30.Final.jar:/home/user/.m2/repository/io/netty/netty-common/4.1.30.Final/netty-common-4.1.30.Final.jar:/home/user/.m2/repository/io/netty/netty-buffer/4.1.30.Final/netty-buffer-4.1.30.Final.jar:/home/user/.m2/repository/io/netty/netty-transport/4.1.30.Final/netty-transport-4.1.30.Final.jar:/home/user/.m2/repository/io/netty/netty-resolver/4.1.30.Final/netty-resolver-4.1.30.Final.jar:/home/user/.m2/repository/io/netty/netty-transport-native-unix-common/4.1.30.Final/netty-transport-native-unix-common-4.1.30.Final.jar:/home/user/.m2/repository/io/grpc/grpc-protobuf/1.17.1/grpc-protobuf-1.17.1.jar:/home/user/.m2/repository/com/google/api/grpc/proto-google-common-protos/1.0.0/proto-google-common-protos-1.0.0.jar:/home/user/.m2/repository/io/grpc/grpc-protobuf-lite/1.17.1/grpc-protobuf-lite-1.17.1.jar:/home/user/.m2/repository/io/grpc/grpc-stub/1.17.1/grpc-stub-1.17.1.jar:/home/user/.m2/repository/org/apache/hadoop/hadoop-ozone-recon/0.5.0-SNAPSHOT/hadoop-ozone-recon-0.5.0-SNAPSHOT.jar:/home/user/.m2/repository/org/apache/hadoop/hadoop-ozone-reconcodegen/0.5.0-SNAPSHOT/hadoop-ozone-reconcodegen-0.5.0-SNAPSHOT.jar:/home/user/.m2/repository/com/google/inject/extensions/guice-multibindings/4.0/guice-multibindings-4.0.jar:/home/user/.m2/repository/com/google/inject/guice/4.0/guice-4.0.jar:/home/user/.m2/repository/aopalliance/aopalliance/1.0/aopalliance-1.0.jar:/home/user/.m2/repository/org/glassfish/jersey/containers/jersey-container-servlet/2.27/jersey-container-servlet-2.27.jar:/home/user/.m2/repository/org/glassfish/hk2/guice-bridge/2.5.0/guice-bridge-2.5.0.jar:/home/user/.m2/repository/org/glassfish/jersey/core/jersey-server/2.27/jersey-server-2.27.jar:/home/user/.m2/repository/org/glassfish/jersey/core/jersey-client/2.27/jersey-client-2.27.jar:/home/user/.m2/repository/org/glassfish/jersey/media/jersey-media-jaxb/2.27/jersey-media-jaxb-2.27.jar:/home/user/.m2/repository/javax/validation/validation-api/1.1.0.Final/validation-api-1.1.0.Final.jar:/home/user/.m2/repository/org/glassfish/jersey/media/jersey-media-json-jackson/2.27/jersey-media-json-jackson-2.27.jar:/home/user/.m2/repository/org/glassfish/jersey/ext/jersey-entity-filtering/2.27/jersey-entity-filtering-2.27.jar:/home/user/.m2/repository/com/google/inject/extensions/guice-assistedinject/4.0/guice-assistedinject-4.0.jar:/home/user/.m2/repository/org/jooq/jooq/3.11.10/jooq-3.11.10.jar:/home/user/.m2/repository/org/jooq/jooq-meta/3.11.10/jooq-meta-3.11.10.jar:/home/user/.m2/repository/org/jooq/jooq-codegen/3.11.10/jooq-codegen-3.11.10.jar:/home/user/.m2/repository/com/jolbox/bonecp/0.8.0.RELEASE/bonecp-0.8.0.RELEASE.jar:/home/user/.m2/repository/org/springframework/spring-jdbc/5.1.3.RELEASE/spring-jdbc-5.1.3.RELEASE.jar:/home/user/.m2/repository/org/springframework/spring-beans/5.1.3.RELEASE/spring-beans-5.1.3.RELEASE.jar:/home/user/.m2/repository/org/springframework/spring-core/5.1.3.RELEASE/spring-core-5.1.3.RELEASE.jar:/home/user/.m2/repository/org/springframework/spring-jcl/5.1.3.RELEASE/spring-jcl-5.1.3.RELEASE.jar:/home/user/.m2/repository/org/springframework/spring-tx/5.1.3.RELEASE/spring-tx-5.1.3.RELEASE.jar:/home/user/.m2/repository/org/mockito/mockito-all/1.10.19/mockito-all-1.10.19.jar:/home/user/.m2/repository/junit/junit/4.11/junit-4.11.jar:/home/user/.m2/repository/org/hamcrest/hamcrest-core/1.3/hamcrest-core-1.3.jar:/home/user/.m2/repository/org/apache/hadoop/hadoop-distcp/3.2.0/hadoop-distcp-3.2.0.jar:/home/user/.m2/repository/org/apache/hadoop/hadoop-distcp/3.2.0/hadoop-distcp-3.2.0-tests.jar:/home/user/.m2/repository/org/apache/hadoop/hadoop-mapreduce-client-jobclient/3.2.0/hadoop-mapreduce-client-jobclient-3.2.0.jar:/home/user/.m2/repository/org/apache/hadoop/hadoop-mapreduce-client-common/3.2.0/hadoop-mapreduce-client-common-3.2.0.jar:/home/user/.m2/repository/org/apache/hadoop/hadoop-yarn-common/3.2.0/hadoop-yarn-common-3.2.0.jar:/home/user/.m2/repository/org/apache/hadoop/hadoop-yarn-api/3.2.0/hadoop-yarn-api-3.2.0.jar:/home/user/.m2/repository/com/sun/jersey/jersey-client/1.19/jersey-client-1.19.jar:/home/user/.m2/repository/com/sun/jersey/contribs/jersey-guice/1.19/jersey-guice-1.19.jar:/home/user/.m2/repository/com/fasterxml/jackson/jaxrs/jackson-jaxrs-json-provider/2.9.5/jackson-jaxrs-json-provider-2.9.5.jar:/home/user/.m2/repository/com/fasterxml/jackson/jaxrs/jackson-jaxrs-base/2.9.5/jackson-jaxrs-base-2.9.5.jar:/home/user/.m2/repository/org/apache/hadoop/hadoop-yarn-client/3.2.0/hadoop-yarn-client-3.2.0.jar:/home/user/.m2/repository/org/apache/hadoop/hadoop-mapreduce-client-core/3.2.0/hadoop-mapreduce-client-core-3.2.0.jar:/home/user/.m2/repository/com/google/inject/extensions/guice-servlet/4.0/guice-servlet-4.0.jar:/home/user/.m2/repository/org/powermock/powermock-module-junit4/1.6.5/powermock-module-junit4-1.6.5.jar:/home/user/.m2/repository/org/powermock/powermock-module-junit4-common/1.6.5/powermock-module-junit4-common-1.6.5.jar:/home/user/.m2/repository/org/powermock/powermock-core/1.6.5/powermock-core-1.6.5.jar:/home/user/.m2/repository/org/powermock/powermock-reflect/1.6.5/powermock-reflect-1.6.5.jar:/home/user/.m2/repository/org/powermock/powermock-api-mockito/1.6.5/powermock-api-mockito-1.6.5.jar:/home/user/.m2/repository/org/mockito/mockito-core/1.10.19/mockito-core-1.10.19.jar:/home/user/.m2/repository/org/objenesis/objenesis/1.0/objenesis-1.0.jar:/home/user/.m2/repository/org/powermock/powermock-api-mockito-common/1.6.5/powermock-api-mockito-common-1.6.5.jar:/home/user/.m2/repository/org/powermock/powermock-api-support/1.6.5/powermock-api-support-1.6.5.jar:"/>
    <property name="java.vm.vendor" value="IcedTea"/>
    <property name="sun.arch.data.model" value="64"/>
    <property name="test.build.dir" value="/workdir/hadoop-ozone/ozonefs/target/test-dir"/>
    <property name="test.cache.data" value=""/>
    <property name="java.vendor.url" value="https://icedtea.classpath.org"/>
    <property name="user.timezone" value=""/>
    <property name="java.vm.specification.version" value="1.8"/>
    <property name="os.name" value="Linux"/>
    <property name="test.build.data" value="/workdir/hadoop-ozone/ozonefs/target/test-dir"/>
    <property name="user.country" value="US"/>
    <property name="sun.java.launcher" value="SUN_STANDARD"/>
    <property name="sun.boot.library.path" value="/usr/lib/jvm/java-1.8-openjdk/jre/lib/amd64"/>
    <property name="sun.java.command" value="/workdir/hadoop-ozone/ozonefs/target/surefire/surefirebooter5322303919308566886.jar /workdir/hadoop-ozone/ozonefs/target/surefire 2019-09-20T03-36-44_923-jvmRun1 surefire2650255788833100990tmp surefire_1145649545812860528520tmp"/>
    <property name="test" value="!TestMiniChaosOzoneCluster"/>
    <property name="surefire.test.class.path" value="/workdir/hadoop-ozone/ozonefs/target/test-classes:/workdir/hadoop-ozone/ozonefs/target/classes:/home/user/.m2/repository/org/apache/hadoop/hadoop-common/3.2.0/hadoop-common-3.2.0.jar:/home/user/.m2/repository/org/apache/hadoop/hadoop-annotations/3.2.0/hadoop-annotations-3.2.0.jar:/usr/lib/jvm/java-1.8-openjdk/jre/../lib/tools.jar:/home/user/.m2/repository/com/google/guava/guava/11.0.2/guava-11.0.2.jar:/home/user/.m2/repository/commons-cli/commons-cli/1.2/commons-cli-1.2.jar:/home/user/.m2/repository/org/apache/commons/commons-math3/3.1.1/commons-math3-3.1.1.jar:/home/user/.m2/repository/org/apache/httpcomponents/httpclient/4.5.2/httpclient-4.5.2.jar:/home/user/.m2/repository/org/apache/httpcomponents/httpcore/4.4.4/httpcore-4.4.4.jar:/home/user/.m2/repository/commons-codec/commons-codec/1.11/commons-codec-1.11.jar:/home/user/.m2/repository/commons-io/commons-io/2.5/commons-io-2.5.jar:/home/user/.m2/repository/commons-net/commons-net/3.6/commons-net-3.6.jar:/home/user/.m2/repository/commons-collections/commons-collections/3.2.2/commons-collections-3.2.2.jar:/home/user/.m2/repository/javax/servlet/javax.servlet-api/3.1.0/javax.servlet-api-3.1.0.jar:/home/user/.m2/repository/org/eclipse/jetty/jetty-server/9.3.24.v20180605/jetty-server-9.3.24.v20180605.jar:/home/user/.m2/repository/org/eclipse/jetty/jetty-http/9.3.24.v20180605/jetty-http-9.3.24.v20180605.jar:/home/user/.m2/repository/org/eclipse/jetty/jetty-io/9.3.24.v20180605/jetty-io-9.3.24.v20180605.jar:/home/user/.m2/repository/org/eclipse/jetty/jetty-util/9.3.24.v20180605/jetty-util-9.3.24.v20180605.jar:/home/user/.m2/repository/org/eclipse/jetty/jetty-servlet/9.3.24.v20180605/jetty-servlet-9.3.24.v20180605.jar:/home/user/.m2/repository/org/eclipse/jetty/jetty-security/9.3.24.v20180605/jetty-security-9.3.24.v20180605.jar:/home/user/.m2/repository/org/eclipse/jetty/jetty-webapp/9.3.24.v20180605/jetty-webapp-9.3.24.v20180605.jar:/home/user/.m2/repository/org/eclipse/jetty/jetty-xml/9.3.24.v20180605/jetty-xml-9.3.24.v20180605.jar:/home/user/.m2/repository/javax/servlet/jsp/jsp-api/2.1/jsp-api-2.1.jar:/home/user/.m2/repository/com/sun/jersey/jersey-core/1.19/jersey-core-1.19.jar:/home/user/.m2/repository/javax/ws/rs/jsr311-api/1.1.1/jsr311-api-1.1.1.jar:/home/user/.m2/repository/com/sun/jersey/jersey-servlet/1.19/jersey-servlet-1.19.jar:/home/user/.m2/repository/com/sun/jersey/jersey-json/1.19/jersey-json-1.19.jar:/home/user/.m2/repository/org/codehaus/jettison/jettison/1.1/jettison-1.1.jar:/home/user/.m2/repository/com/sun/xml/bind/jaxb-impl/2.3.0.1/jaxb-impl-2.3.0.1.jar:/home/user/.m2/repository/org/codehaus/jackson/jackson-core-asl/1.9.13/jackson-core-asl-1.9.13.jar:/home/user/.m2/repository/org/codehaus/jackson/jackson-mapper-asl/1.9.13/jackson-mapper-asl-1.9.13.jar:/home/user/.m2/repository/org/codehaus/jackson/jackson-jaxrs/1.9.13/jackson-jaxrs-1.9.13.jar:/home/user/.m2/repository/org/codehaus/jackson/jackson-xc/1.9.13/jackson-xc-1.9.13.jar:/home/user/.m2/repository/com/sun/jersey/jersey-server/1.19/jersey-server-1.19.jar:/home/user/.m2/repository/commons-logging/commons-logging/1.1.3/commons-logging-1.1.3.jar:/home/user/.m2/repository/log4j/log4j/1.2.17/log4j-1.2.17.jar:/home/user/.m2/repository/commons-beanutils/commons-beanutils/1.9.3/commons-beanutils-1.9.3.jar:/home/user/.m2/repository/org/apache/commons/commons-configuration2/2.1.1/commons-configuration2-2.1.1.jar:/home/user/.m2/repository/org/apache/commons/commons-lang3/3.7/commons-lang3-3.7.jar:/home/user/.m2/repository/org/apache/commons/commons-text/1.4/commons-text-1.4.jar:/home/user/.m2/repository/org/slf4j/slf4j-api/1.7.25/slf4j-api-1.7.25.jar:/home/user/.m2/repository/org/slf4j/slf4j-log4j12/1.7.25/slf4j-log4j12-1.7.25.jar:/home/user/.m2/repository/org/apache/avro/avro/1.7.7/avro-1.7.7.jar:/home/user/.m2/repository/com/thoughtworks/paranamer/paranamer/2.3/paranamer-2.3.jar:/home/user/.m2/repository/org/xerial/snappy/snappy-java/1.0.5/snappy-java-1.0.5.jar:/home/user/.m2/repository/com/google/re2j/re2j/1.1/re2j-1.1.jar:/home/user/.m2/repository/com/google/protobuf/protobuf-java/2.5.0/protobuf-java-2.5.0.jar:/home/user/.m2/repository/com/google/code/gson/gson/2.2.4/gson-2.2.4.jar:/home/user/.m2/repository/org/apache/hadoop/hadoop-auth/3.2.0/hadoop-auth-3.2.0.jar:/home/user/.m2/repository/com/nimbusds/nimbus-jose-jwt/4.41.1/nimbus-jose-jwt-4.41.1.jar:/home/user/.m2/repository/com/github/stephenc/jcip/jcip-annotations/1.0-1/jcip-annotations-1.0-1.jar:/home/user/.m2/repository/net/minidev/json-smart/2.3/json-smart-2.3.jar:/home/user/.m2/repository/net/minidev/accessors-smart/1.2/accessors-smart-1.2.jar:/home/user/.m2/repository/org/apache/curator/curator-framework/2.12.0/curator-framework-2.12.0.jar:/home/user/.m2/repository/com/jcraft/jsch/0.1.54/jsch-0.1.54.jar:/home/user/.m2/repository/org/apache/curator/curator-client/2.12.0/curator-client-2.12.0.jar:/home/user/.m2/repository/org/apache/curator/curator-recipes/2.12.0/curator-recipes-2.12.0.jar:/home/user/.m2/repository/com/google/code/findbugs/jsr305/3.0.0/jsr305-3.0.0.jar:/home/user/.m2/repository/org/apache/htrace/htrace-core4/4.1.0-incubating/htrace-core4-4.1.0-incubating.jar:/home/user/.m2/repository/org/apache/zookeeper/zookeeper/3.4.13/zookeeper-3.4.13.jar:/home/user/.m2/repository/org/apache/yetus/audience-annotations/0.5.0/audience-annotations-0.5.0.jar:/home/user/.m2/repository/org/apache/commons/commons-compress/1.4.1/commons-compress-1.4.1.jar:/home/user/.m2/repository/org/tukaani/xz/1.0/xz-1.0.jar:/home/user/.m2/repository/org/apache/kerby/kerb-simplekdc/1.0.1/kerb-simplekdc-1.0.1.jar:/home/user/.m2/repository/org/apache/kerby/kerb-client/1.0.1/kerb-client-1.0.1.jar:/home/user/.m2/repository/org/apache/kerby/kerby-config/1.0.1/kerby-config-1.0.1.jar:/home/user/.m2/repository/org/apache/kerby/kerb-core/1.0.1/kerb-core-1.0.1.jar:/home/user/.m2/repository/org/apache/kerby/kerby-pkix/1.0.1/kerby-pkix-1.0.1.jar:/home/user/.m2/repository/org/apache/kerby/kerby-asn1/1.0.1/kerby-asn1-1.0.1.jar:/home/user/.m2/repository/org/apache/kerby/kerby-util/1.0.1/kerby-util-1.0.1.jar:/home/user/.m2/repository/org/apache/kerby/kerb-common/1.0.1/kerb-common-1.0.1.jar:/home/user/.m2/repository/org/apache/kerby/kerb-crypto/1.0.1/kerb-crypto-1.0.1.jar:/home/user/.m2/repository/org/apache/kerby/kerb-util/1.0.1/kerb-util-1.0.1.jar:/home/user/.m2/repository/org/apache/kerby/token-provider/1.0.1/token-provider-1.0.1.jar:/home/user/.m2/repository/org/apache/kerby/kerb-admin/1.0.1/kerb-admin-1.0.1.jar:/home/user/.m2/repository/org/apache/kerby/kerb-server/1.0.1/kerb-server-1.0.1.jar:/home/user/.m2/repository/org/apache/kerby/kerb-identity/1.0.1/kerb-identity-1.0.1.jar:/home/user/.m2/repository/org/apache/kerby/kerby-xdr/1.0.1/kerby-xdr-1.0.1.jar:/home/user/.m2/repository/com/fasterxml/jackson/core/jackson-databind/2.9.5/jackson-databind-2.9.5.jar:/home/user/.m2/repository/com/fasterxml/jackson/core/jackson-annotations/2.9.5/jackson-annotations-2.9.5.jar:/home/user/.m2/repository/com/fasterxml/jackson/core/jackson-core/2.9.5/jackson-core-2.9.5.jar:/home/user/.m2/repository/org/codehaus/woodstox/stax2-api/3.1.4/stax2-api-3.1.4.jar:/home/user/.m2/repository/com/fasterxml/woodstox/woodstox-core/5.0.3/woodstox-core-5.0.3.jar:/home/user/.m2/repository/dnsjava/dnsjava/2.1.7/dnsjava-2.1.7.jar:/home/user/.m2/repository/org/apache/hadoop/hadoop-hdfs/3.2.0/hadoop-hdfs-3.2.0.jar:/home/user/.m2/repository/org/eclipse/jetty/jetty-util-ajax/9.3.24.v20180605/jetty-util-ajax-9.3.24.v20180605.jar:/home/user/.m2/repository/commons-daemon/commons-daemon/1.0.13/commons-daemon-1.0.13.jar:/home/user/.m2/repository/io/netty/netty/3.10.5.Final/netty-3.10.5.Final.jar:/home/user/.m2/repository/io/netty/netty-all/4.0.52.Final/netty-all-4.0.52.Final.jar:/home/user/.m2/repository/org/fusesource/leveldbjni/leveldbjni-all/1.8/leveldbjni-all-1.8.jar:/home/user/.m2/repository/org/apache/hadoop/hadoop-hdds-common/0.5.0-SNAPSHOT/hadoop-hdds-common-0.5.0-SNAPSHOT.jar:/home/user/.m2/repository/org/apache/hadoop/hadoop-hdds-config/0.5.0-SNAPSHOT/hadoop-hdds-config-0.5.0-SNAPSHOT.jar:/home/user/.m2/repository/javax/annotation/javax.annotation-api/1.2/javax.annotation-api-1.2.jar:/home/user/.m2/repository/org/apache/ratis/ratis-server/0.4.0-2337318-SNAPSHOT/ratis-server-0.4.0-2337318-SNAPSHOT.jar:/home/user/.m2/repository/org/apache/ratis/ratis-thirdparty-misc/0.2.0/ratis-thirdparty-misc-0.2.0.jar:/home/user/.m2/repository/org/apache/ratis/ratis-proto/0.4.0-2337318-SNAPSHOT/ratis-proto-0.4.0-2337318-SNAPSHOT.jar:/home/user/.m2/repository/org/apache/ratis/ratis-common/0.4.0-2337318-SNAPSHOT/ratis-common-0.4.0-2337318-SNAPSHOT.jar:/home/user/.m2/repository/org/apache/ratis/ratis-client/0.4.0-2337318-SNAPSHOT/ratis-client-0.4.0-2337318-SNAPSHOT.jar:/home/user/.m2/repository/org/apache/ratis/ratis-metrics/0.4.0-2337318-SNAPSHOT/ratis-metrics-0.4.0-2337318-SNAPSHOT.jar:/home/user/.m2/repository/org/apache/ratis/ratis-netty/0.4.0-2337318-SNAPSHOT/ratis-netty-0.4.0-2337318-SNAPSHOT.jar:/home/user/.m2/repository/org/apache/ratis/ratis-grpc/0.4.0-2337318-SNAPSHOT/ratis-grpc-0.4.0-2337318-SNAPSHOT.jar:/home/user/.m2/repository/org/rocksdb/rocksdbjni/6.0.1/rocksdbjni-6.0.1.jar:/home/user/.m2/repository/org/apache/logging/log4j/log4j-api/2.11.0/log4j-api-2.11.0.jar:/home/user/.m2/repository/org/apache/logging/log4j/log4j-core/2.11.0/log4j-core-2.11.0.jar:/home/user/.m2/repository/com/lmax/disruptor/3.4.2/disruptor-3.4.2.jar:/home/user/.m2/repository/org/apache/commons/commons-pool2/2.6.0/commons-pool2-2.6.0.jar:/home/user/.m2/repository/org/bouncycastle/bcpkix-jdk15on/1.60/bcpkix-jdk15on-1.60.jar:/home/user/.m2/repository/commons-validator/commons-validator/1.6/commons-validator-1.6.jar:/home/user/.m2/repository/commons-digester/commons-digester/1.8.1/commons-digester-1.8.1.jar:/home/user/.m2/repository/io/jaegertracing/jaeger-client/0.33.1/jaeger-client-0.33.1.jar:/home/user/.m2/repository/io/jaegertracing/jaeger-thrift/0.33.1/jaeger-thrift-0.33.1.jar:/home/user/.m2/repository/org/apache/thrift/libthrift/0.11.0/libthrift-0.11.0.jar:/home/user/.m2/repository/com/squareup/okhttp3/okhttp/3.9.0/okhttp-3.9.0.jar:/home/user/.m2/repository/com/squareup/okio/okio/1.13.0/okio-1.13.0.jar:/home/user/.m2/repository/io/jaegertracing/jaeger-core/0.33.1/jaeger-core-0.33.1.jar:/home/user/.m2/repository/io/jaegertracing/jaeger-tracerresolver/0.33.1/jaeger-tracerresolver-0.33.1.jar:/home/user/.m2/repository/io/opentracing/contrib/opentracing-tracerresolver/0.1.5/opentracing-tracerresolver-0.1.5.jar:/home/user/.m2/repository/io/opentracing/opentracing-util/0.31.0/opentracing-util-0.31.0.jar:/home/user/.m2/repository/io/opentracing/opentracing-api/0.31.0/opentracing-api-0.31.0.jar:/home/user/.m2/repository/io/opentracing/opentracing-noop/0.31.0/opentracing-noop-0.31.0.jar:/home/user/.m2/repository/org/yaml/snakeyaml/1.16/snakeyaml-1.16.jar:/home/user/.m2/repository/org/apache/hadoop/hadoop-hdfs-client/3.2.0/hadoop-hdfs-client-3.2.0.jar:/home/user/.m2/repository/info/picocli/picocli/3.9.6/picocli-3.9.6.jar:/home/user/.m2/repository/org/apache/hadoop/hadoop-hdds-server-scm/0.5.0-SNAPSHOT/hadoop-hdds-server-scm-0.5.0-SNAPSHOT.jar:/home/user/.m2/repository/org/apache/hadoop/hadoop-hdds-docs/0.5.0-SNAPSHOT/hadoop-hdds-docs-0.5.0-SNAPSHOT.jar:/home/user/.m2/repository/io/dropwizard/metrics/metrics-core/3.2.4/metrics-core-3.2.4.jar:/home/user/.m2/repository/org/hamcrest/hamcrest-all/1.3/hamcrest-all-1.3.jar:/home/user/.m2/repository/org/bouncycastle/bcprov-jdk15on/1.60/bcprov-jdk15on-1.60.jar:/home/user/.m2/repository/org/apache/hadoop/hadoop-hdds-server-framework/0.5.0-SNAPSHOT/hadoop-hdds-server-framework-0.5.0-SNAPSHOT.jar:/home/user/.m2/repository/org/apache/hadoop/hadoop-ozone-ozone-manager/0.5.0-SNAPSHOT/hadoop-ozone-ozone-manager-0.5.0-SNAPSHOT.jar:/home/user/.m2/repository/org/apache/hadoop/hadoop-hdds-container-service/0.5.0-SNAPSHOT/hadoop-hdds-container-service-0.5.0-SNAPSHOT.jar:/home/user/.m2/repository/org/apache/hadoop/hadoop-hdds-client/0.5.0-SNAPSHOT/hadoop-hdds-client-0.5.0-SNAPSHOT.jar:/home/user/.m2/repository/org/apache/hadoop/hadoop-ozone-common/0.5.0-SNAPSHOT/hadoop-ozone-common-0.5.0-SNAPSHOT.jar:/home/user/.m2/repository/org/apache/hadoop/hadoop-hdds-tools/0.5.0-SNAPSHOT/hadoop-hdds-tools-0.5.0-SNAPSHOT.jar:/home/user/.m2/repository/org/xerial/sqlite-jdbc/3.25.2/sqlite-jdbc-3.25.2.jar:/home/user/.m2/repository/org/apache/hadoop/hadoop-ozone-objectstore-service/0.5.0-SNAPSHOT/hadoop-ozone-objectstore-service-0.5.0-SNAPSHOT.jar:/home/user/.m2/repository/com/google/code/findbugs/findbugs/3.0.1/findbugs-3.0.1.jar:/home/user/.m2/repository/net/jcip/jcip-annotations/1.0/jcip-annotations-1.0.jar:/home/user/.m2/repository/com/google/code/findbugs/bcel-findbugs/6.0/bcel-findbugs-6.0.jar:/home/user/.m2/repository/com/google/code/findbugs/jFormatString/2.0.1/jFormatString-2.0.1.jar:/home/user/.m2/repository/dom4j/dom4j/1.6.1/dom4j-1.6.1.jar:/home/user/.m2/repository/xml-apis/xml-apis/1.0.b2/xml-apis-1.0.b2.jar:/home/user/.m2/repository/org/ow2/asm/asm-debug-all/5.0.2/asm-debug-all-5.0.2.jar:/home/user/.m2/repository/org/ow2/asm/asm-commons/5.0.2/asm-commons-5.0.2.jar:/home/user/.m2/repository/org/ow2/asm/asm-tree/5.0.2/asm-tree-5.0.2.jar:/home/user/.m2/repository/org/ow2/asm/asm/5.0.4/asm-5.0.4.jar:/home/user/.m2/repository/commons-lang/commons-lang/2.6/commons-lang-2.6.jar:/home/user/.m2/repository/com/apple/AppleJavaExtensions/1.4/AppleJavaExtensions-1.4.jar:/home/user/.m2/repository/jaxen/jaxen/1.1.6/jaxen-1.1.6.jar:/home/user/.m2/repository/org/apache/hadoop/hadoop-common/3.2.0/hadoop-common-3.2.0-tests.jar:/home/user/.m2/repository/org/apache/hadoop/hadoop-ozone-client/0.5.0-SNAPSHOT/hadoop-ozone-client-0.5.0-SNAPSHOT.jar:/home/user/.m2/repository/org/apache/hadoop/hadoop-hdfs/3.2.0/hadoop-hdfs-3.2.0-tests.jar:/workdir/hadoop-ozone/integration-test/target/test-classes:/home/user/.m2/repository/org/apache/hadoop/hadoop-ozone-s3gateway/0.5.0-SNAPSHOT/hadoop-ozone-s3gateway-0.5.0-SNAPSHOT.jar:/home/user/.m2/repository/org/jboss/weld/servlet/weld-servlet/2.4.7.Final/weld-servlet-2.4.7.Final.jar:/home/user/.m2/repository/org/glassfish/jersey/containers/jersey-container-servlet-core/2.27/jersey-container-servlet-core-2.27.jar:/home/user/.m2/repository/org/glassfish/hk2/external/javax.inject/2.5.0-b42/javax.inject-2.5.0-b42.jar:/home/user/.m2/repository/org/glassfish/jersey/core/jersey-common/2.27/jersey-common-2.27.jar:/home/user/.m2/repository/org/glassfish/hk2/osgi-resource-locator/1.0.1/osgi-resource-locator-1.0.1.jar:/home/user/.m2/repository/javax/ws/rs/javax.ws.rs-api/2.1/javax.ws.rs-api-2.1.jar:/home/user/.m2/repository/org/glassfish/jersey/ext/cdi/jersey-cdi1x/2.27/jersey-cdi1x-2.27.jar:/home/user/.m2/repository/org/glassfish/jersey/inject/jersey-hk2/2.27/jersey-hk2-2.27.jar:/home/user/.m2/repository/org/glassfish/hk2/hk2-locator/2.5.0-b42/hk2-locator-2.5.0-b42.jar:/home/user/.m2/repository/org/javassist/javassist/3.22.0-CR2/javassist-3.22.0-CR2.jar:/home/user/.m2/repository/org/glassfish/hk2/hk2-api/2.5.0/hk2-api-2.5.0.jar:/home/user/.m2/repository/org/glassfish/hk2/external/jakarta.inject/2.5.0/jakarta.inject-2.5.0.jar:/home/user/.m2/repository/org/glassfish/hk2/hk2-utils/2.5.0/hk2-utils-2.5.0.jar:/home/user/.m2/repository/jakarta/annotation/jakarta.annotation-api/1.3.4/jakarta.annotation-api-1.3.4.jar:/home/user/.m2/repository/org/glassfish/hk2/external/aopalliance-repackaged/2.5.0/aopalliance-repackaged-2.5.0.jar:/home/user/.m2/repository/com/fasterxml/jackson/dataformat/jackson-dataformat-xml/2.9.0/jackson-dataformat-xml-2.9.0.jar:/home/user/.m2/repository/com/fasterxml/jackson/module/jackson-module-jaxb-annotations/2.9.5/jackson-module-jaxb-annotations-2.9.5.jar:/home/user/.m2/repository/javax/enterprise/cdi-api/1.2/cdi-api-1.2.jar:/home/user/.m2/repository/javax/el/javax.el-api/3.0.0/javax.el-api-3.0.0.jar:/home/user/.m2/repository/javax/interceptor/javax.interceptor-api/1.2/javax.interceptor-api-1.2.jar:/home/user/.m2/repository/javax/inject/javax.inject/1/javax.inject-1.jar:/home/user/.m2/repository/com/sun/xml/bind/jaxb-core/2.3.0.1/jaxb-core-2.3.0.1.jar:/home/user/.m2/repository/javax/xml/bind/jaxb-api/2.3.0/jaxb-api-2.3.0.jar:/home/user/.m2/repository/javax/activation/activation/1.1.1/activation-1.1.1.jar:/home/user/.m2/repository/org/apache/hadoop/hadoop-ozone-csi/0.5.0-SNAPSHOT/hadoop-ozone-csi-0.5.0-SNAPSHOT.jar:/home/user/.m2/repository/com/google/protobuf/protobuf-java-util/3.5.1/protobuf-java-util-3.5.1.jar:/home/user/.m2/repository/io/grpc/grpc-netty/1.17.1/grpc-netty-1.17.1.jar:/home/user/.m2/repository/io/grpc/grpc-core/1.17.1/grpc-core-1.17.1.jar:/home/user/.m2/repository/io/grpc/grpc-context/1.17.1/grpc-context-1.17.1.jar:/home/user/.m2/repository/com/google/errorprone/error_prone_annotations/2.2.0/error_prone_annotations-2.2.0.jar:/home/user/.m2/repository/org/codehaus/mojo/animal-sniffer-annotations/1.17/animal-sniffer-annotations-1.17.jar:/home/user/.m2/repository/io/opencensus/opencensus-api/0.17.0/opencensus-api-0.17.0.jar:/home/user/.m2/repository/io/opencensus/opencensus-contrib-grpc-metrics/0.17.0/opencensus-contrib-grpc-metrics-0.17.0.jar:/home/user/.m2/repository/io/netty/netty-codec-http2/4.1.30.Final/netty-codec-http2-4.1.30.Final.jar:/home/user/.m2/repository/io/netty/netty-codec-http/4.1.30.Final/netty-codec-http-4.1.30.Final.jar:/home/user/.m2/repository/io/netty/netty-codec/4.1.30.Final/netty-codec-4.1.30.Final.jar:/home/user/.m2/repository/io/netty/netty-handler/4.1.30.Final/netty-handler-4.1.30.Final.jar:/home/user/.m2/repository/io/netty/netty-handler-proxy/4.1.30.Final/netty-handler-proxy-4.1.30.Final.jar:/home/user/.m2/repository/io/netty/netty-codec-socks/4.1.30.Final/netty-codec-socks-4.1.30.Final.jar:/home/user/.m2/repository/io/netty/netty-transport-native-epoll/4.1.30.Final/netty-transport-native-epoll-4.1.30.Final.jar:/home/user/.m2/repository/io/netty/netty-common/4.1.30.Final/netty-common-4.1.30.Final.jar:/home/user/.m2/repository/io/netty/netty-buffer/4.1.30.Final/netty-buffer-4.1.30.Final.jar:/home/user/.m2/repository/io/netty/netty-transport/4.1.30.Final/netty-transport-4.1.30.Final.jar:/home/user/.m2/repository/io/netty/netty-resolver/4.1.30.Final/netty-resolver-4.1.30.Final.jar:/home/user/.m2/repository/io/netty/netty-transport-native-unix-common/4.1.30.Final/netty-transport-native-unix-common-4.1.30.Final.jar:/home/user/.m2/repository/io/grpc/grpc-protobuf/1.17.1/grpc-protobuf-1.17.1.jar:/home/user/.m2/repository/com/google/api/grpc/proto-google-common-protos/1.0.0/proto-google-common-protos-1.0.0.jar:/home/user/.m2/repository/io/grpc/grpc-protobuf-lite/1.17.1/grpc-protobuf-lite-1.17.1.jar:/home/user/.m2/repository/io/grpc/grpc-stub/1.17.1/grpc-stub-1.17.1.jar:/home/user/.m2/repository/org/apache/hadoop/hadoop-ozone-recon/0.5.0-SNAPSHOT/hadoop-ozone-recon-0.5.0-SNAPSHOT.jar:/home/user/.m2/repository/org/apache/hadoop/hadoop-ozone-reconcodegen/0.5.0-SNAPSHOT/hadoop-ozone-reconcodegen-0.5.0-SNAPSHOT.jar:/home/user/.m2/repository/com/google/inject/extensions/guice-multibindings/4.0/guice-multibindings-4.0.jar:/home/user/.m2/repository/com/google/inject/guice/4.0/guice-4.0.jar:/home/user/.m2/repository/aopalliance/aopalliance/1.0/aopalliance-1.0.jar:/home/user/.m2/repository/org/glassfish/jersey/containers/jersey-container-servlet/2.27/jersey-container-servlet-2.27.jar:/home/user/.m2/repository/org/glassfish/hk2/guice-bridge/2.5.0/guice-bridge-2.5.0.jar:/home/user/.m2/repository/org/glassfish/jersey/core/jersey-server/2.27/jersey-server-2.27.jar:/home/user/.m2/repository/org/glassfish/jersey/core/jersey-client/2.27/jersey-client-2.27.jar:/home/user/.m2/repository/org/glassfish/jersey/media/jersey-media-jaxb/2.27/jersey-media-jaxb-2.27.jar:/home/user/.m2/repository/javax/validation/validation-api/1.1.0.Final/validation-api-1.1.0.Final.jar:/home/user/.m2/repository/org/glassfish/jersey/media/jersey-media-json-jackson/2.27/jersey-media-json-jackson-2.27.jar:/home/user/.m2/repository/org/glassfish/jersey/ext/jersey-entity-filtering/2.27/jersey-entity-filtering-2.27.jar:/home/user/.m2/repository/com/google/inject/extensions/guice-assistedinject/4.0/guice-assistedinject-4.0.jar:/home/user/.m2/repository/org/jooq/jooq/3.11.10/jooq-3.11.10.jar:/home/user/.m2/repository/org/jooq/jooq-meta/3.11.10/jooq-meta-3.11.10.jar:/home/user/.m2/repository/org/jooq/jooq-codegen/3.11.10/jooq-codegen-3.11.10.jar:/home/user/.m2/repository/com/jolbox/bonecp/0.8.0.RELEASE/bonecp-0.8.0.RELEASE.jar:/home/user/.m2/repository/org/springframework/spring-jdbc/5.1.3.RELEASE/spring-jdbc-5.1.3.RELEASE.jar:/home/user/.m2/repository/org/springframework/spring-beans/5.1.3.RELEASE/spring-beans-5.1.3.RELEASE.jar:/home/user/.m2/repository/org/springframework/spring-core/5.1.3.RELEASE/spring-core-5.1.3.RELEASE.jar:/home/user/.m2/repository/org/springframework/spring-jcl/5.1.3.RELEASE/spring-jcl-5.1.3.RELEASE.jar:/home/user/.m2/repository/org/springframework/spring-tx/5.1.3.RELEASE/spring-tx-5.1.3.RELEASE.jar:/home/user/.m2/repository/org/mockito/mockito-all/1.10.19/mockito-all-1.10.19.jar:/home/user/.m2/repository/junit/junit/4.11/junit-4.11.jar:/home/user/.m2/repository/org/hamcrest/hamcrest-core/1.3/hamcrest-core-1.3.jar:/home/user/.m2/repository/org/apache/hadoop/hadoop-distcp/3.2.0/hadoop-distcp-3.2.0.jar:/home/user/.m2/repository/org/apache/hadoop/hadoop-distcp/3.2.0/hadoop-distcp-3.2.0-tests.jar:/home/user/.m2/repository/org/apache/hadoop/hadoop-mapreduce-client-jobclient/3.2.0/hadoop-mapreduce-client-jobclient-3.2.0.jar:/home/user/.m2/repository/org/apache/hadoop/hadoop-mapreduce-client-common/3.2.0/hadoop-mapreduce-client-common-3.2.0.jar:/home/user/.m2/repository/org/apache/hadoop/hadoop-yarn-common/3.2.0/hadoop-yarn-common-3.2.0.jar:/home/user/.m2/repository/org/apache/hadoop/hadoop-yarn-api/3.2.0/hadoop-yarn-api-3.2.0.jar:/home/user/.m2/repository/com/sun/jersey/jersey-client/1.19/jersey-client-1.19.jar:/home/user/.m2/repository/com/sun/jersey/contribs/jersey-guice/1.19/jersey-guice-1.19.jar:/home/user/.m2/repository/com/fasterxml/jackson/jaxrs/jackson-jaxrs-json-provider/2.9.5/jackson-jaxrs-json-provider-2.9.5.jar:/home/user/.m2/repository/com/fasterxml/jackson/jaxrs/jackson-jaxrs-base/2.9.5/jackson-jaxrs-base-2.9.5.jar:/home/user/.m2/repository/org/apache/hadoop/hadoop-yarn-client/3.2.0/hadoop-yarn-client-3.2.0.jar:/home/user/.m2/repository/org/apache/hadoop/hadoop-mapreduce-client-core/3.2.0/hadoop-mapreduce-client-core-3.2.0.jar:/home/user/.m2/repository/com/google/inject/extensions/guice-servlet/4.0/guice-servlet-4.0.jar:/home/user/.m2/repository/org/powermock/powermock-module-junit4/1.6.5/powermock-module-junit4-1.6.5.jar:/home/user/.m2/repository/org/powermock/powermock-module-junit4-common/1.6.5/powermock-module-junit4-common-1.6.5.jar:/home/user/.m2/repository/org/powermock/powermock-core/1.6.5/powermock-core-1.6.5.jar:/home/user/.m2/repository/org/powermock/powermock-reflect/1.6.5/powermock-reflect-1.6.5.jar:/home/user/.m2/repository/org/powermock/powermock-api-mockito/1.6.5/powermock-api-mockito-1.6.5.jar:/home/user/.m2/repository/org/mockito/mockito-core/1.10.19/mockito-core-1.10.19.jar:/home/user/.m2/repository/org/objenesis/objenesis/1.0/objenesis-1.0.jar:/home/user/.m2/repository/org/powermock/powermock-api-mockito-common/1.6.5/powermock-api-mockito-common-1.6.5.jar:/home/user/.m2/repository/org/powermock/powermock-api-support/1.6.5/powermock-api-support-1.6.5.jar:"/>
    <property name="sun.cpu.endian" value="little"/>
    <property name="user.home" value="/home/user"/>
    <property name="user.language" value="en"/>
    <property name="java.specification.vendor" value="Oracle Corporation"/>
    <property name="java.home" value="/usr/lib/jvm/java-1.8-openjdk/jre"/>
    <property name="java.security.krb5.conf" value="/workdir/hadoop-ozone/ozonefs/target/test-classes/krb5.conf"/>
    <property name="basedir" value="/workdir/hadoop-ozone/ozonefs"/>
    <property name="file.separator" value="/"/>
    <property name="line.separator" value="&#10;"/>
    <property name="java.vm.specification.vendor" value="Oracle Corporation"/>
    <property name="java.specification.name" value="Java Platform API Specification"/>
    <property name="java.awt.graphicsenv" value="sun.awt.X11GraphicsEnvironment"/>
    <property name="surefire.real.class.path" value="/workdir/hadoop-ozone/ozonefs/target/surefire/surefirebooter5322303919308566886.jar"/>
    <property name="hadoop.log.dir" value="/workdir/hadoop-ozone/ozonefs/target/log"/>
    <property name="sun.boot.class.path" value="/usr/lib/jvm/java-1.8-openjdk/jre/lib/resources.jar:/usr/lib/jvm/java-1.8-openjdk/jre/lib/rt.jar:/usr/lib/jvm/java-1.8-openjdk/jre/lib/sunrsasign.jar:/usr/lib/jvm/java-1.8-openjdk/jre/lib/jsse.jar:/usr/lib/jvm/java-1.8-openjdk/jre/lib/jce.jar:/usr/lib/jvm/java-1.8-openjdk/jre/lib/charsets.jar:/usr/lib/jvm/java-1.8-openjdk/jre/lib/jfr.jar:/usr/lib/jvm/java-1.8-openjdk/jre/classes"/>
    <property name="sun.management.compiler" value="HotSpot 64-Bit Tiered Compilers"/>
    <property name="java.runtime.version" value="1.8.0_212-b04"/>
    <property name="java.net.preferIPv4Stack" value="true"/>
    <property name="user.name" value="jenkins1000"/>
    <property name="path.separator" value=":"/>
    <property name="java.security.egd" value="file:///dev/urandom"/>
    <property name="os.version" value="3.10.0-957.12.2.el7.x86_64"/>
    <property name="java.endorsed.dirs" value="/usr/lib/jvm/java-1.8-openjdk/jre/lib/endorsed"/>
    <property name="java.runtime.name" value="OpenJDK Runtime Environment"/>
    <property name="file.encoding" value="UTF-8"/>
    <property name="java.vm.name" value="OpenJDK 64-Bit Server VM"/>
    <property name="test.build.webapps" value=""/>
    <property name="localRepository" value="/home/user/.m2/repository"/>
    <property name="java.vendor.url.bug" value="https://icedtea.classpath.org/bugzilla"/>
    <property name="java.io.tmpdir" value="/tmp"/>
    <property name="require.test.libhadoop" value=""/>
    <property name="java.version" value="1.8.0_212"/>
    <property name="user.dir" value="/workdir/hadoop-ozone/ozonefs"/>
    <property name="os.arch" value="amd64"/>
    <property name="java.vm.specification.name" value="Java Virtual Machine Specification"/>
    <property name="test.build.classes" value="/workdir/hadoop-ozone/ozonefs/target/test-classes"/>
    <property name="java.awt.printerjob" value="sun.print.PSPrinterJob"/>
    <property name="sun.os.patch.level" value="unknown"/>
    <property name="hadoop.tmp.dir" value="/workdir/hadoop-ozone/ozonefs/target/tmp"/>
    <property name="java.library.path" value="/usr/lib/jvm/java-1.8-openjdk/jre/lib/amd64/server:/usr/lib/jvm/java-1.8-openjdk/jre/lib/amd64:/usr/lib/jvm/java-1.8-openjdk/jre/../lib/amd64:/workdir/hadoop-ozone/ozonefs/target/native/target/usr/local/lib:/workdir/hadoop-ozone/ozonefs/../../hadoop-common-project/hadoop-common/target/native/target/usr/local/lib:/usr/java/packages/lib/amd64:/usr/lib64:/lib64:/lib:/usr/lib"/>
    <property name="java.vm.info" value="mixed mode"/>
    <property name="java.vendor" value="IcedTea"/>
    <property name="java.vm.version" value="25.212-b04"/>
    <property name="java.ext.dirs" value="/usr/lib/jvm/java-1.8-openjdk/jre/lib/ext:/usr/java/packages/lib/ext"/>
    <property name="sun.io.unicode.encoding" value="UnicodeLittle"/>
    <property name="java.class.version" value="52.0"/>
  </properties>
  <testcase name="testOzoneFsServiceLoader" classname="org.apache.hadoop.fs.ozone.TestOzoneFileSystem" time="23.974"/>
  <testcase name="testListStatusOnRoot" classname="org.apache.hadoop.fs.ozone.TestOzoneFileSystem" time="17.689"/>
  <testcase name="testListStatusOnSubDirs" classname="org.apache.hadoop.fs.ozone.TestOzoneFileSystem" time="17.687">
    <error message="Allocated 0 blocks. Requested 1 blocks" type="INTERNAL_ERROR org.apache.hadoop.ozone.om.exceptions.OMException">INTERNAL_ERROR org.apache.hadoop.ozone.om.exceptions.OMException: Allocated 0 blocks. Requested 1 blocks
	at org.apache.hadoop.ozone.om.protocolPB.OzoneManagerProtocolClientSideTranslatorPB.handleError(OzoneManagerProtocolClientSideTranslatorPB.java:725)
	at org.apache.hadoop.ozone.om.protocolPB.OzoneManagerProtocolClientSideTranslatorPB.createFile(OzoneManagerProtocolClientSideTranslatorPB.java:1474)
	at org.apache.hadoop.ozone.client.rpc.RpcClient.createFile(RpcClient.java:984)
	at org.apache.hadoop.ozone.client.OzoneBucket.createFile(OzoneBucket.java:535)
	at org.apache.hadoop.fs.ozone.BasicOzoneClientAdapterImpl.createFile(BasicOzoneClientAdapterImpl.java:181)
	at org.apache.hadoop.fs.ozone.BasicOzoneFileSystem.createOutputStream(BasicOzoneFileSystem.java:249)
	at org.apache.hadoop.fs.ozone.BasicOzoneFileSystem.create(BasicOzoneFileSystem.java:230)
	at org.apache.hadoop.fs.FileSystem.create(FileSystem.java:1118)
	at org.apache.hadoop.fs.FileSystem.create(FileSystem.java:1098)
	at org.apache.hadoop.fs.FileSystem.create(FileSystem.java:987)
	at org.apache.hadoop.fs.contract.ContractTestUtils.createFile(ContractTestUtils.java:633)
	at org.apache.hadoop.fs.contract.ContractTestUtils.touch(ContractTestUtils.java:669)
	at org.apache.hadoop.fs.ozone.TestOzoneFileSystem.testListStatusOnSubDirs(TestOzoneFileSystem.java:271)
	at sun.reflect.NativeMethodAccessorImpl.invoke0(Native Method)
	at sun.reflect.NativeMethodAccessorImpl.invoke(NativeMethodAccessorImpl.java:62)
	at sun.reflect.DelegatingMethodAccessorImpl.invoke(DelegatingMethodAccessorImpl.java:43)
	at java.lang.reflect.Method.invoke(Method.java:498)
	at org.junit.runners.model.FrameworkMethod$1.runReflectiveCall(FrameworkMethod.java:47)
	at org.junit.internal.runners.model.ReflectiveCallable.run(ReflectiveCallable.java:12)
	at org.junit.runners.model.FrameworkMethod.invokeExplosively(FrameworkMethod.java:44)
	at org.junit.internal.runners.statements.InvokeMethod.evaluate(InvokeMethod.java:17)
	at org.junit.internal.runners.statements.RunBefores.evaluate(RunBefores.java:26)
	at org.junit.internal.runners.statements.RunAfters.evaluate(RunAfters.java:27)
	at org.junit.internal.runners.statements.FailOnTimeout$StatementThread.run(FailOnTimeout.java:74)
</error>
    <system-out><![CDATA[2019-09-20 08:25:58,311 [Thread-538] WARN  server.ServerUtils (ServerUtils.java:getScmDbDir(145)) - ozone.scm.db.dirs is not configured. We recommend adding this setting. Falling back to ozone.metadata.dirs instead.
2019-09-20 08:25:58,351 [Thread-538] WARN  server.ServerUtils (ServerUtils.java:getScmDbDir(145)) - ozone.scm.db.dirs is not configured. We recommend adding this setting. Falling back to ozone.metadata.dirs instead.
2019-09-20 08:25:58,352 [Thread-538] WARN  server.ServerUtils (ServerUtils.java:getScmDbDir(145)) - ozone.scm.db.dirs is not configured. We recommend adding this setting. Falling back to ozone.metadata.dirs instead.
2019-09-20 08:25:58,353 [Thread-538] INFO  db.DBStoreBuilder (DBStoreBuilder.java:addTable(110)) - using custom profile for table: deletedBlocks
2019-09-20 08:25:58,353 [Thread-538] INFO  db.DBStoreBuilder (DBStoreBuilder.java:processTables(161)) - Using default column profile:DBProfile.DISK for Table:deletedBlocks
2019-09-20 08:25:58,353 [Thread-538] INFO  db.DBStoreBuilder (DBStoreBuilder.java:addTable(110)) - using custom profile for table: validCerts
2019-09-20 08:25:58,353 [Thread-538] INFO  db.DBStoreBuilder (DBStoreBuilder.java:processTables(161)) - Using default column profile:DBProfile.DISK for Table:validCerts
2019-09-20 08:25:58,354 [Thread-538] INFO  db.DBStoreBuilder (DBStoreBuilder.java:addTable(110)) - using custom profile for table: revokedCerts
2019-09-20 08:25:58,354 [Thread-538] INFO  db.DBStoreBuilder (DBStoreBuilder.java:processTables(161)) - Using default column profile:DBProfile.DISK for Table:revokedCerts
2019-09-20 08:25:58,354 [Thread-538] INFO  db.DBStoreBuilder (DBStoreBuilder.java:addTable(110)) - using custom profile for table: default
2019-09-20 08:25:58,354 [Thread-538] INFO  db.DBStoreBuilder (DBStoreBuilder.java:processTables(167)) - Using default column profile:DBProfile.DISK for Table:default
2019-09-20 08:25:58,355 [Thread-538] INFO  db.DBStoreBuilder (DBStoreBuilder.java:getDbProfile(198)) - Using default options. DBProfile.DISK
2019-09-20 08:25:58,542 [Thread-538] INFO  net.NodeSchemaLoader (NodeSchemaLoader.java:loadSchemaFromFile(125)) - Loading file from sun.misc.CompoundEnumeration@169babe9
2019-09-20 08:25:58,542 [Thread-538] INFO  net.NodeSchemaLoader (NodeSchemaLoader.java:loadSchema(171)) - Loading network topology layer schema file
2019-09-20 08:25:58,548 [Thread-538] WARN  server.ServerUtils (ServerUtils.java:sanitizeUserArgs(70)) - ozone.scm.stale.node.interval value = 300000 is larger than max = 100000 based on the key value of ozone.scm.heartbeat.thread.interval, reset to the max value 100000.
2019-09-20 08:25:58,549 [Thread-538] WARN  server.ServerUtils (ServerUtils.java:sanitizeUserArgs(70)) - ozone.scm.stale.node.interval value = 300000 is larger than max = 100000 based on the key value of ozone.scm.heartbeat.thread.interval, reset to the max value 100000.
2019-09-20 08:25:58,549 [Thread-538] INFO  node.SCMNodeManager (SCMNodeManager.java:<init>(121)) - Entering startup safe mode.
2019-09-20 08:25:58,550 [Thread-538] INFO  algorithms.ContainerPlacementPolicyFactory (ContainerPlacementPolicyFactory.java:getPolicy(56)) - Create container placement policy of type org.apache.hadoop.hdds.scm.container.placement.algorithms.SCMContainerPlacementRandom
2019-09-20 08:25:58,550 [Thread-538] WARN  server.ServerUtils (ServerUtils.java:getScmDbDir(145)) - ozone.scm.db.dirs is not configured. We recommend adding this setting. Falling back to ozone.metadata.dirs instead.
2019-09-20 08:25:58,609 [Thread-538] INFO  pipeline.SCMPipelineManager (SCMPipelineManager.java:initializePipelineState(126)) - No pipeline exists in current db
2019-09-20 08:25:58,609 [Thread-538] WARN  server.ServerUtils (ServerUtils.java:getScmDbDir(145)) - ozone.scm.db.dirs is not configured. We recommend adding this setting. Falling back to ozone.metadata.dirs instead.
2019-09-20 08:25:58,662 [Thread-538] WARN  events.EventQueue (EventQueue.java:fireEvent(175)) - No event handler registered for event TypedEvent{payloadType=SafeModeStatus, name='SafeModeStatus'}
2019-09-20 08:25:58,663 [Thread-538] INFO  ipc.CallQueueManager (CallQueueManager.java:<init>(84)) - Using callQueue: class java.util.concurrent.LinkedBlockingQueue, queueCapacity: 2000, scheduler: class org.apache.hadoop.ipc.DefaultRpcScheduler, ipcBackoff: false.
2019-09-20 08:25:58,664 [Socket Reader #1 for port 39316] INFO  ipc.Server (Server.java:run(1074)) - Starting Socket Reader #1 for port 39316
2019-09-20 08:25:58,666 [Thread-538] INFO  ipc.CallQueueManager (CallQueueManager.java:<init>(84)) - Using callQueue: class java.util.concurrent.LinkedBlockingQueue, queueCapacity: 2000, scheduler: class org.apache.hadoop.ipc.DefaultRpcScheduler, ipcBackoff: false.
2019-09-20 08:25:58,667 [Socket Reader #1 for port 44541] INFO  ipc.Server (Server.java:run(1074)) - Starting Socket Reader #1 for port 44541
2019-09-20 08:25:58,668 [Thread-538] INFO  ipc.CallQueueManager (CallQueueManager.java:<init>(84)) - Using callQueue: class java.util.concurrent.LinkedBlockingQueue, queueCapacity: 2000, scheduler: class org.apache.hadoop.ipc.DefaultRpcScheduler, ipcBackoff: false.
2019-09-20 08:25:58,669 [Socket Reader #1 for port 44112] INFO  ipc.Server (Server.java:run(1074)) - Starting Socket Reader #1 for port 44112
2019-09-20 08:25:58,671 [Thread-538] INFO  hdfs.DFSUtil (DFSUtil.java:httpServerTemplateForNNAndJN(1641)) - Starting Web-server for scm at: http://0.0.0.0:0
2019-09-20 08:25:58,674 [Thread-538] INFO  server.AuthenticationFilter (AuthenticationFilter.java:constructSecretProvider(240)) - Unable to initialize FileSignerSecretProvider, falling back to use random secrets.
2019-09-20 08:25:58,675 [Thread-538] WARN  http.HttpRequestLog (HttpRequestLog.java:getRequestLog(97)) - Jetty request log can only be enabled using Log4j
2019-09-20 08:25:58,678 [Thread-538] INFO  http.HttpServer2 (HttpServer2.java:addGlobalFilter(975)) - Added global filter 'safety' (class=org.apache.hadoop.http.HttpServer2$QuotingInputFilter)
2019-09-20 08:25:58,679 [Thread-538] INFO  http.HttpServer2 (HttpServer2.java:addFilter(948)) - Added filter static_user_filter (class=org.apache.hadoop.http.lib.StaticUserWebFilter$StaticUserFilter) to context scm
2019-09-20 08:25:58,679 [Thread-538] INFO  http.HttpServer2 (HttpServer2.java:addFilter(958)) - Added filter static_user_filter (class=org.apache.hadoop.http.lib.StaticUserWebFilter$StaticUserFilter) to context static
2019-09-20 08:25:58,679 [Thread-538] INFO  http.HttpServer2 (HttpServer2.java:addFilter(958)) - Added filter static_user_filter (class=org.apache.hadoop.http.lib.StaticUserWebFilter$StaticUserFilter) to context logs
2019-09-20 08:25:58,682 [Thread-538] INFO  server.StorageContainerManager (StorageContainerManager.java:start(759)) - StorageContainerLocationProtocol RPC server is listening at /0.0.0.0:44112
2019-09-20 08:25:58,685 [Thread-538] WARN  impl.MetricsConfig (MetricsConfig.java:loadFirst(134)) - Cannot locate configuration: tried hadoop-metrics2-storagecontainermanager.properties,hadoop-metrics2.properties
2019-09-20 08:25:58,686 [Thread-538] INFO  impl.MetricsSystemImpl (MetricsSystemImpl.java:startTimer(374)) - Scheduled Metric snapshot period at 10 second(s).
2019-09-20 08:25:58,686 [Thread-538] INFO  impl.MetricsSystemImpl (MetricsSystemImpl.java:start(191)) - StorageContainerManager metrics system started
2019-09-20 08:25:58,749 [Thread-538] INFO  server.SCMClientProtocolServer (SCMClientProtocolServer.java:start(151)) - RPC server for Client  is listening at /0.0.0.0:44112
2019-09-20 08:25:58,750 [IPC Server listener on 44112] INFO  ipc.Server (Server.java:run(1153)) - IPC Server listener on 44112: starting
2019-09-20 08:25:58,750 [IPC Server Responder] INFO  ipc.Server (Server.java:run(1314)) - IPC Server Responder: starting
2019-09-20 08:25:58,754 [Thread-538] INFO  server.StorageContainerManager (StorageContainerManager.java:start(769)) - ScmBlockLocationProtocol RPC server is listening at /0.0.0.0:44541
2019-09-20 08:25:58,754 [Thread-538] INFO  server.SCMBlockProtocolServer (SCMBlockProtocolServer.java:start(140)) - RPC server for Block Protocol is listening at /0.0.0.0:44541
2019-09-20 08:25:58,754 [IPC Server Responder] INFO  ipc.Server (Server.java:run(1314)) - IPC Server Responder: starting
2019-09-20 08:25:58,755 [IPC Server listener on 44541] INFO  ipc.Server (Server.java:run(1153)) - IPC Server listener on 44541: starting
2019-09-20 08:25:58,758 [Thread-538] INFO  server.StorageContainerManager (StorageContainerManager.java:start(773)) - ScmDatanodeProtocl RPC server is listening at /0.0.0.0:39316
2019-09-20 08:25:58,758 [Thread-538] INFO  server.SCMDatanodeProtocolServer (SCMDatanodeProtocolServer.java:start(191)) - RPC server for DataNodes is listening at /0.0.0.0:39316
2019-09-20 08:25:58,759 [IPC Server Responder] INFO  ipc.Server (Server.java:run(1314)) - IPC Server Responder: starting
2019-09-20 08:25:58,759 [IPC Server listener on 39316] INFO  ipc.Server (Server.java:run(1153)) - IPC Server listener on 39316: starting
2019-09-20 08:25:58,763 [Thread-538] INFO  http.HttpServer2 (HttpServer2.java:bindListener(1191)) - Jetty bound to port 37654
2019-09-20 08:25:58,763 [Thread-538] INFO  server.Server (Server.java:doStart(351)) - jetty-9.3.24.v20180605, build timestamp: 2018-06-05T17:11:56Z, git hash: 84205aa28f11a4f31f2a3b86d1bba2cc8ab69827
2019-09-20 08:25:58,765 [Thread-538] INFO  handler.ContextHandler (ContextHandler.java:doStart(781)) - Started o.e.j.s.ServletContextHandler@5d39e9a1{/logs,file:///workdir/hadoop-ozone/ozonefs/target/log,AVAILABLE}
2019-09-20 08:25:58,766 [Thread-538] INFO  handler.ContextHandler (ContextHandler.java:doStart(781)) - Started o.e.j.s.ServletContextHandler@1d3d1ebb{/static,jar:file:/home/user/.m2/repository/org/apache/hadoop/hadoop-hdds-server-scm/0.5.0-SNAPSHOT/hadoop-hdds-server-scm-0.5.0-SNAPSHOT.jar!/webapps/static,AVAILABLE}
2019-09-20 08:25:58,815 [Thread-538] INFO  handler.ContextHandler (ContextHandler.java:doStart(781)) - Started o.e.j.w.WebAppContext@3c8579f2{/,file:///tmp/jetty-0.0.0.0-37654-scm-_-any-541304677114567060.dir/webapp/,AVAILABLE}{/scm}
2019-09-20 08:25:58,816 [Thread-538] INFO  server.AbstractConnector (AbstractConnector.java:doStart(278)) - Started ServerConnector@216e9d95{HTTP/1.1,[http/1.1]}{0.0.0.0:37654}
2019-09-20 08:25:58,817 [Thread-538] INFO  server.Server (Server.java:doStart(419)) - Started @42882ms
2019-09-20 08:25:58,818 [Thread-538] INFO  server.BaseHttpServer (BaseHttpServer.java:updateConnectorAddress(213)) - HTTP server of SCM is listening at http://0.0.0.0:37654
2019-09-20 08:25:58,818 [Thread-538] WARN  server.ServerUtils (ServerUtils.java:getDBPath(222)) - ozone.om.db.dirs is not configured. We recommend adding this setting. Falling back to ozone.metadata.dirs instead.
2019-09-20 08:25:58,819 [org.apache.hadoop.util.JvmPauseMonitor$Monitor@5b38f19e] INFO  util.JvmPauseMonitor (JvmPauseMonitor.java:run(188)) - Starting JVM pause monitor
2019-09-20 08:25:58,832 [Thread-538] WARN  server.ServerUtils (ServerUtils.java:getDBPath(222)) - ozone.om.db.dirs is not configured. We recommend adding this setting. Falling back to ozone.metadata.dirs instead.
2019-09-20 08:25:58,832 [Thread-538] WARN  server.ServerUtils (ServerUtils.java:getDBPath(222)) - ozone.om.db.dirs is not configured. We recommend adding this setting. Falling back to ozone.metadata.dirs instead.
2019-09-20 08:25:58,832 [Thread-538] INFO  om.OzoneManager (OzoneManager.java:setOMNodeDetails(645)) - OM Service ID is not set. Setting it to the default ID: omServiceIdDefault
2019-09-20 08:25:58,832 [Thread-538] INFO  om.OzoneManager (OzoneManager.java:setOMNodeDetails(651)) - OM Node ID is not set. Setting it to the OmStorage's OmID: d4d41162-c02a-4f51-a77a-6db1c557c317
2019-09-20 08:25:58,833 [Thread-538] INFO  om.OzoneManager (OzoneManager.java:loadOMHAConfigs(602)) - Found matching OM address with OMServiceId: null, OMNodeId: null, RPC Address: localhost:0 and Ratis port: 9872
2019-09-20 08:25:58,837 | INFO  | SCMAudit | user=jenkins1000 | ip=192.168.34.27 | op=GET_SCM_INFO null | ret=SUCCESS |  
2019-09-20 08:25:58,839 [Thread-538] WARN  server.ServerUtils (ServerUtils.java:getDBPath(222)) - ozone.om.db.dirs is not configured. We recommend adding this setting. Falling back to ozone.metadata.dirs instead.
2019-09-20 08:25:58,839 [Thread-538] INFO  db.DBStoreBuilder (DBStoreBuilder.java:addTable(110)) - using custom profile for table: userTable
2019-09-20 08:25:58,840 [Thread-538] INFO  db.DBStoreBuilder (DBStoreBuilder.java:processTables(161)) - Using default column profile:DBProfile.DISK for Table:userTable
2019-09-20 08:25:58,840 [Thread-538] INFO  db.DBStoreBuilder (DBStoreBuilder.java:addTable(110)) - using custom profile for table: volumeTable
2019-09-20 08:25:58,840 [Thread-538] INFO  db.DBStoreBuilder (DBStoreBuilder.java:processTables(161)) - Using default column profile:DBProfile.DISK for Table:volumeTable
2019-09-20 08:25:58,840 [Thread-538] INFO  db.DBStoreBuilder (DBStoreBuilder.java:addTable(110)) - using custom profile for table: bucketTable
2019-09-20 08:25:58,840 [Thread-538] INFO  db.DBStoreBuilder (DBStoreBuilder.java:processTables(161)) - Using default column profile:DBProfile.DISK for Table:bucketTable
2019-09-20 08:25:58,840 [Thread-538] INFO  db.DBStoreBuilder (DBStoreBuilder.java:addTable(110)) - using custom profile for table: keyTable
2019-09-20 08:25:58,841 [Thread-538] INFO  db.DBStoreBuilder (DBStoreBuilder.java:processTables(161)) - Using default column profile:DBProfile.DISK for Table:keyTable
2019-09-20 08:25:58,841 [Thread-538] INFO  db.DBStoreBuilder (DBStoreBuilder.java:addTable(110)) - using custom profile for table: deletedTable
2019-09-20 08:25:58,841 [Thread-538] INFO  db.DBStoreBuilder (DBStoreBuilder.java:processTables(161)) - Using default column profile:DBProfile.DISK for Table:deletedTable
2019-09-20 08:25:58,841 [Thread-538] INFO  db.DBStoreBuilder (DBStoreBuilder.java:addTable(110)) - using custom profile for table: openKeyTable
2019-09-20 08:25:58,841 [Thread-538] INFO  db.DBStoreBuilder (DBStoreBuilder.java:processTables(161)) - Using default column profile:DBProfile.DISK for Table:openKeyTable
2019-09-20 08:25:58,841 [Thread-538] INFO  db.DBStoreBuilder (DBStoreBuilder.java:addTable(110)) - using custom profile for table: s3Table
2019-09-20 08:25:58,841 [Thread-538] INFO  db.DBStoreBuilder (DBStoreBuilder.java:processTables(161)) - Using default column profile:DBProfile.DISK for Table:s3Table
2019-09-20 08:25:58,842 [Thread-538] INFO  db.DBStoreBuilder (DBStoreBuilder.java:addTable(110)) - using custom profile for table: multipartInfoTable
2019-09-20 08:25:58,842 [Thread-538] INFO  db.DBStoreBuilder (DBStoreBuilder.java:processTables(161)) - Using default column profile:DBProfile.DISK for Table:multipartInfoTable
2019-09-20 08:25:58,842 [Thread-538] INFO  db.DBStoreBuilder (DBStoreBuilder.java:addTable(110)) - using custom profile for table: dTokenTable
2019-09-20 08:25:58,842 [Thread-538] INFO  db.DBStoreBuilder (DBStoreBuilder.java:processTables(161)) - Using default column profile:DBProfile.DISK for Table:dTokenTable
2019-09-20 08:25:58,842 [Thread-538] INFO  db.DBStoreBuilder (DBStoreBuilder.java:addTable(110)) - using custom profile for table: s3SecretTable
2019-09-20 08:25:58,842 [Thread-538] INFO  db.DBStoreBuilder (DBStoreBuilder.java:processTables(161)) - Using default column profile:DBProfile.DISK for Table:s3SecretTable
2019-09-20 08:25:58,842 [Thread-538] INFO  db.DBStoreBuilder (DBStoreBuilder.java:addTable(110)) - using custom profile for table: prefixTable
2019-09-20 08:25:58,842 [Thread-538] INFO  db.DBStoreBuilder (DBStoreBuilder.java:processTables(161)) - Using default column profile:DBProfile.DISK for Table:prefixTable
2019-09-20 08:25:58,843 [Thread-538] INFO  db.DBStoreBuilder (DBStoreBuilder.java:addTable(110)) - using custom profile for table: default
2019-09-20 08:25:58,843 [Thread-538] INFO  db.DBStoreBuilder (DBStoreBuilder.java:processTables(167)) - Using default column profile:DBProfile.DISK for Table:default
2019-09-20 08:25:58,843 [Thread-538] INFO  db.DBStoreBuilder (DBStoreBuilder.java:getDbProfile(198)) - Using default options. DBProfile.DISK
2019-09-20 08:25:59,406 [Thread-538] INFO  ipc.CallQueueManager (CallQueueManager.java:<init>(84)) - Using callQueue: class java.util.concurrent.LinkedBlockingQueue, queueCapacity: 2000, scheduler: class org.apache.hadoop.ipc.DefaultRpcScheduler, ipcBackoff: false.
2019-09-20 08:25:59,408 [Socket Reader #1 for port 33344] INFO  ipc.Server (Server.java:run(1074)) - Starting Socket Reader #1 for port 33344
2019-09-20 08:25:59,431 [Thread-538] INFO  om.OzoneManager (OzoneManager.java:start(1256)) - OzoneManager RPC server is listening at localhost/127.0.0.1:33344
2019-09-20 08:25:59,431 [Thread-538] INFO  impl.MetricsSystemImpl (MetricsSystemImpl.java:init(158)) - OzoneManager metrics system started (again)
2019-09-20 08:25:59,432 [IPC Server listener on 33344] INFO  ipc.Server (Server.java:run(1153)) - IPC Server listener on 33344: starting
2019-09-20 08:25:59,432 [IPC Server Responder] INFO  ipc.Server (Server.java:run(1314)) - IPC Server Responder: starting
2019-09-20 08:25:59,437 [Thread-538] INFO  hdfs.DFSUtil (DFSUtil.java:httpServerTemplateForNNAndJN(1641)) - Starting Web-server for ozoneManager at: http://0.0.0.0:0
2019-09-20 08:25:59,440 [Thread-538] INFO  server.AuthenticationFilter (AuthenticationFilter.java:constructSecretProvider(240)) - Unable to initialize FileSignerSecretProvider, falling back to use random secrets.
2019-09-20 08:25:59,440 [Thread-538] WARN  http.HttpRequestLog (HttpRequestLog.java:getRequestLog(97)) - Jetty request log can only be enabled using Log4j
2019-09-20 08:25:59,443 [Thread-538] INFO  http.HttpServer2 (HttpServer2.java:addGlobalFilter(975)) - Added global filter 'safety' (class=org.apache.hadoop.http.HttpServer2$QuotingInputFilter)
2019-09-20 08:25:59,445 [Thread-538] INFO  http.HttpServer2 (HttpServer2.java:addFilter(948)) - Added filter static_user_filter (class=org.apache.hadoop.http.lib.StaticUserWebFilter$StaticUserFilter) to context ozoneManager
2019-09-20 08:25:59,445 [Thread-538] INFO  http.HttpServer2 (HttpServer2.java:addFilter(958)) - Added filter static_user_filter (class=org.apache.hadoop.http.lib.StaticUserWebFilter$StaticUserFilter) to context static
2019-09-20 08:25:59,445 [Thread-538] INFO  http.HttpServer2 (HttpServer2.java:addFilter(958)) - Added filter static_user_filter (class=org.apache.hadoop.http.lib.StaticUserWebFilter$StaticUserFilter) to context logs
2019-09-20 08:25:59,446 [Thread-538] INFO  http.HttpServer2 (HttpServer2.java:bindListener(1191)) - Jetty bound to port 38236
2019-09-20 08:25:59,446 [Thread-538] INFO  server.Server (Server.java:doStart(351)) - jetty-9.3.24.v20180605, build timestamp: 2018-06-05T17:11:56Z, git hash: 84205aa28f11a4f31f2a3b86d1bba2cc8ab69827
2019-09-20 08:25:59,449 [Thread-538] INFO  handler.ContextHandler (ContextHandler.java:doStart(781)) - Started o.e.j.s.ServletContextHandler@224708cd{/logs,file:///workdir/hadoop-ozone/ozonefs/target/log,AVAILABLE}
2019-09-20 08:25:59,450 [Thread-538] INFO  handler.ContextHandler (ContextHandler.java:doStart(781)) - Started o.e.j.s.ServletContextHandler@2bf0a7f7{/static,jar:file:/home/user/.m2/repository/org/apache/hadoop/hadoop-ozone-ozone-manager/0.5.0-SNAPSHOT/hadoop-ozone-ozone-manager-0.5.0-SNAPSHOT.jar!/webapps/static,AVAILABLE}
2019-09-20 08:25:59,531 [Thread-538] INFO  handler.ContextHandler (ContextHandler.java:doStart(781)) - Started o.e.j.w.WebAppContext@272c1ac7{/,file:///tmp/jetty-0.0.0.0-38236-ozoneManager-_-any-8148756964272919550.dir/webapp/,AVAILABLE}{/ozoneManager}
2019-09-20 08:25:59,532 [Thread-538] INFO  server.AbstractConnector (AbstractConnector.java:doStart(278)) - Started ServerConnector@559362c5{HTTP/1.1,[http/1.1]}{0.0.0.0:38236}
2019-09-20 08:25:59,533 [Thread-538] INFO  server.Server (Server.java:doStart(419)) - Started @43599ms
2019-09-20 08:25:59,534 [Thread-538] INFO  server.BaseHttpServer (BaseHttpServer.java:updateConnectorAddress(213)) - HTTP server of OZONEMANAGER is listening at http://0.0.0.0:38236
2019-09-20 08:25:59,563 [Thread-538] INFO  impl.MetricsSystemImpl (MetricsSystemImpl.java:init(158)) - HddsDatanode metrics system started (again)
2019-09-20 08:25:59,566 [Thread-538] INFO  ozone.HddsDatanodeService (HddsDatanodeService.java:start(184)) - HddsDatanodeService host:pr-hdds-1569-6tbh6-3362816358 ip:192.168.34.27
2019-09-20 08:25:59,574 [Thread-538] INFO  volume.HddsVolume (HddsVolume.java:<init>(176)) - Creating Volume: /workdir/hadoop-ozone/ozonefs/target/test-dir/MiniOzoneClusterImpl-a40249e3-ad88-49f0-907e-ff9d9448a317/datanode-0/data/containers/hdds of  storage type : DISK and capacity : 1482555576320
2019-09-20 08:25:59,575 [Thread-538] INFO  volume.VolumeSet (VolumeSet.java:initializeVolumeSet(170)) - Added Volume : /workdir/hadoop-ozone/ozonefs/target/test-dir/MiniOzoneClusterImpl-a40249e3-ad88-49f0-907e-ff9d9448a317/datanode-0/data/containers/hdds to VolumeSet
2019-09-20 08:25:59,576 [Thread-538] INFO  volume.ThrottledAsyncChecker (ThrottledAsyncChecker.java:schedule(140)) - Scheduling a check for org.apache.hadoop.ozone.container.common.volume.HddsVolume@23785191
2019-09-20 08:25:59,577 [Thread-538] INFO  volume.HddsVolumeChecker (HddsVolumeChecker.java:checkAllVolumes(203)) - Scheduled health check for volume org.apache.hadoop.ozone.container.common.volume.HddsVolume@23785191
2019-09-20 08:25:59,607 [Thread-538] INFO  impl.RaftServerProxy (ConfUtils.java:logGet(43)) - raft.rpc.type = GRPC (default)
2019-09-20 08:25:59,607 [Thread-538] INFO  grpc.GrpcFactory (GrpcFactory.java:checkPooledByteBufAllocatorUseCacheForAllThreads(45)) - PERFORMANCE WARNING: useCacheForAllThreads is true that may cause Netty to create a lot garbage objects and, as a result, trigger GC.
	It is recommended to disable useCacheForAllThreads by setting -Dorg.apache.ratis.thirdparty.io.netty.allocator.useCacheForAllThreads=false in command line.
2019-09-20 08:25:59,608 [Thread-538] INFO  grpc.GrpcConfigKeys$Server (ConfUtils.java:logGet(43)) - raft.grpc.server.port = 0 (default)
2019-09-20 08:25:59,609 [Thread-538] INFO  server.GrpcService (ConfUtils.java:logGet(43)) - raft.grpc.message.size.max = 33570816 (custom)
2019-09-20 08:25:59,609 [Thread-538] INFO  server.RaftServerConfigKeys (ConfUtils.java:logGet(43)) - raft.server.log.appender.buffer.byte-limit = 33554432 (custom)
2019-09-20 08:25:59,609 [Thread-538] INFO  server.GrpcService (ConfUtils.java:logGet(43)) - raft.grpc.flow.control.window = 1MB (=1048576) (default)
2019-09-20 08:25:59,609 [Thread-538] INFO  server.RaftServerConfigKeys (ConfUtils.java:logGet(43)) - raft.server.rpc.request.timeout = 3000ms (default)
2019-09-20 08:25:59,610 [Thread-538] INFO  server.RaftServerConfigKeys (ConfUtils.java:logGet(43)) - raft.server.storage.dir = [/workdir/hadoop-ozone/ozonefs/target/test-dir/MiniOzoneClusterImpl-a40249e3-ad88-49f0-907e-ff9d9448a317/datanode-0/data/ratis] (custom)
2019-09-20 08:25:59,611 [Thread-538] INFO  replication.SimpleContainerDownloader (SimpleContainerDownloader.java:<init>(72)) - Starting container downloader service to copy containers to replicate.
2019-09-20 08:25:59,613 [Thread-538] INFO  hdfs.DFSUtil (DFSUtil.java:httpServerTemplateForNNAndJN(1641)) - Starting Web-server for hddsDatanode at: http://0.0.0.0:0
2019-09-20 08:25:59,616 [Thread-538] INFO  server.AuthenticationFilter (AuthenticationFilter.java:constructSecretProvider(240)) - Unable to initialize FileSignerSecretProvider, falling back to use random secrets.
2019-09-20 08:25:59,616 [Thread-538] WARN  http.HttpRequestLog (HttpRequestLog.java:getRequestLog(97)) - Jetty request log can only be enabled using Log4j
2019-09-20 08:25:59,619 [Thread-538] INFO  http.HttpServer2 (HttpServer2.java:addGlobalFilter(975)) - Added global filter 'safety' (class=org.apache.hadoop.http.HttpServer2$QuotingInputFilter)
2019-09-20 08:25:59,621 [Thread-538] INFO  http.HttpServer2 (HttpServer2.java:addFilter(948)) - Added filter static_user_filter (class=org.apache.hadoop.http.lib.StaticUserWebFilter$StaticUserFilter) to context hddsDatanode
2019-09-20 08:25:59,621 [Thread-538] INFO  http.HttpServer2 (HttpServer2.java:addFilter(958)) - Added filter static_user_filter (class=org.apache.hadoop.http.lib.StaticUserWebFilter$StaticUserFilter) to context static
2019-09-20 08:25:59,621 [Thread-538] INFO  http.HttpServer2 (HttpServer2.java:addFilter(958)) - Added filter static_user_filter (class=org.apache.hadoop.http.lib.StaticUserWebFilter$StaticUserFilter) to context logs
2019-09-20 08:25:59,622 [Thread-538] INFO  http.HttpServer2 (HttpServer2.java:bindListener(1191)) - Jetty bound to port 39615
2019-09-20 08:25:59,622 [Thread-538] INFO  server.Server (Server.java:doStart(351)) - jetty-9.3.24.v20180605, build timestamp: 2018-06-05T17:11:56Z, git hash: 84205aa28f11a4f31f2a3b86d1bba2cc8ab69827
2019-09-20 08:25:59,624 [Thread-538] INFO  handler.ContextHandler (ContextHandler.java:doStart(781)) - Started o.e.j.s.ServletContextHandler@579ecb60{/logs,file:///workdir/hadoop-ozone/ozonefs/target/log,AVAILABLE}
2019-09-20 08:25:59,625 [Thread-538] INFO  handler.ContextHandler (ContextHandler.java:doStart(781)) - Started o.e.j.s.ServletContextHandler@1a2136fd{/static,jar:file:/home/user/.m2/repository/org/apache/hadoop/hadoop-hdds-container-service/0.5.0-SNAPSHOT/hadoop-hdds-container-service-0.5.0-SNAPSHOT.jar!/webapps/static,AVAILABLE}
2019-09-20 08:25:59,664 [Thread-538] INFO  handler.ContextHandler (ContextHandler.java:doStart(781)) - Started o.e.j.w.WebAppContext@b556e40{/,file:///tmp/jetty-0.0.0.0-39615-hddsDatanode-_-any-6454391587971872588.dir/webapp/,AVAILABLE}{/hddsDatanode}
2019-09-20 08:25:59,665 [Thread-538] INFO  server.AbstractConnector (AbstractConnector.java:doStart(278)) - Started ServerConnector@77fc81e6{HTTP/1.1,[http/1.1]}{0.0.0.0:39615}
2019-09-20 08:25:59,666 [Thread-538] INFO  server.Server (Server.java:doStart(419)) - Started @43731ms
2019-09-20 08:25:59,667 [Thread-538] INFO  server.BaseHttpServer (BaseHttpServer.java:updateConnectorAddress(213)) - HTTP server of HDDSDATANODE is listening at http://0.0.0.0:39615
2019-09-20 08:25:59,791 | INFO  | ObjectStoreRestHttpServer | Listening HDDS REST traffic on /0.0.0.0:34183 |  
2019-09-20 08:25:59,791 [Thread-538] INFO  ozone.HddsDatanodeService (HddsDatanodeService.java:startPlugins(395)) - Started plug-in org.apache.hadoop.ozone.web.OzoneHddsDatanodeService@28fae9fc
2019-09-20 08:25:59,792 [Thread-538] INFO  impl.MetricsSystemImpl (MetricsSystemImpl.java:init(158)) - HddsDatanode metrics system started (again)
2019-09-20 08:25:59,795 [Thread-538] INFO  ozone.HddsDatanodeService (HddsDatanodeService.java:start(184)) - HddsDatanodeService host:pr-hdds-1569-6tbh6-3362816358 ip:192.168.34.27
2019-09-20 08:25:59,795 [org.apache.hadoop.util.JvmPauseMonitor$Monitor@3c2d38b4] INFO  util.JvmPauseMonitor (JvmPauseMonitor.java:run(188)) - Starting JVM pause monitor
2019-09-20 08:25:59,798 [Datanode State Machine Thread - 0] INFO  datanode.InitDatanodeState (InitDatanodeState.java:persistContainerDatanodeDetails(140)) - DatanodeDetails is persisted to /workdir/hadoop-ozone/ozonefs/target/test-dir/MiniOzoneClusterImpl-a40249e3-ad88-49f0-907e-ff9d9448a317/datanode-0/meta/datanode.id
2019-09-20 08:25:59,802 [Thread-538] INFO  volume.HddsVolume (HddsVolume.java:<init>(176)) - Creating Volume: /workdir/hadoop-ozone/ozonefs/target/test-dir/MiniOzoneClusterImpl-a40249e3-ad88-49f0-907e-ff9d9448a317/datanode-1/data/containers/hdds of  storage type : DISK and capacity : 1482555576320
2019-09-20 08:25:59,802 [Thread-538] INFO  volume.VolumeSet (VolumeSet.java:initializeVolumeSet(170)) - Added Volume : /workdir/hadoop-ozone/ozonefs/target/test-dir/MiniOzoneClusterImpl-a40249e3-ad88-49f0-907e-ff9d9448a317/datanode-1/data/containers/hdds to VolumeSet
2019-09-20 08:25:59,803 [Thread-538] INFO  volume.ThrottledAsyncChecker (ThrottledAsyncChecker.java:schedule(140)) - Scheduling a check for org.apache.hadoop.ozone.container.common.volume.HddsVolume@3d47b364
2019-09-20 08:25:59,803 [Thread-538] INFO  volume.HddsVolumeChecker (HddsVolumeChecker.java:checkAllVolumes(203)) - Scheduled health check for volume org.apache.hadoop.ozone.container.common.volume.HddsVolume@3d47b364
2019-09-20 08:25:59,822 [Thread-538] INFO  impl.RaftServerProxy (ConfUtils.java:logGet(43)) - raft.rpc.type = GRPC (default)
2019-09-20 08:25:59,822 [Thread-538] INFO  grpc.GrpcFactory (GrpcFactory.java:checkPooledByteBufAllocatorUseCacheForAllThreads(45)) - PERFORMANCE WARNING: useCacheForAllThreads is true that may cause Netty to create a lot garbage objects and, as a result, trigger GC.
	It is recommended to disable useCacheForAllThreads by setting -Dorg.apache.ratis.thirdparty.io.netty.allocator.useCacheForAllThreads=false in command line.
2019-09-20 08:25:59,822 [Thread-538] INFO  grpc.GrpcConfigKeys$Server (ConfUtils.java:logGet(43)) - raft.grpc.server.port = 0 (default)
2019-09-20 08:25:59,822 [Thread-538] INFO  server.GrpcService (ConfUtils.java:logGet(43)) - raft.grpc.message.size.max = 33570816 (custom)
2019-09-20 08:25:59,822 [Thread-538] INFO  server.RaftServerConfigKeys (ConfUtils.java:logGet(43)) - raft.server.log.appender.buffer.byte-limit = 33554432 (custom)
2019-09-20 08:25:59,822 [Thread-538] INFO  server.GrpcService (ConfUtils.java:logGet(43)) - raft.grpc.flow.control.window = 1MB (=1048576) (default)
2019-09-20 08:25:59,823 [Thread-538] INFO  server.RaftServerConfigKeys (ConfUtils.java:logGet(43)) - raft.server.rpc.request.timeout = 3000ms (default)
2019-09-20 08:25:59,823 [Thread-538] INFO  server.RaftServerConfigKeys (ConfUtils.java:logGet(43)) - raft.server.storage.dir = [/workdir/hadoop-ozone/ozonefs/target/test-dir/MiniOzoneClusterImpl-a40249e3-ad88-49f0-907e-ff9d9448a317/datanode-1/data/ratis] (custom)
2019-09-20 08:25:59,823 [Thread-538] INFO  replication.SimpleContainerDownloader (SimpleContainerDownloader.java:<init>(72)) - Starting container downloader service to copy containers to replicate.
2019-09-20 08:25:59,824 [Thread-538] INFO  hdfs.DFSUtil (DFSUtil.java:httpServerTemplateForNNAndJN(1641)) - Starting Web-server for hddsDatanode at: http://0.0.0.0:0
2019-09-20 08:25:59,826 [Thread-538] INFO  server.AuthenticationFilter (AuthenticationFilter.java:constructSecretProvider(240)) - Unable to initialize FileSignerSecretProvider, falling back to use random secrets.
2019-09-20 08:25:59,826 [Thread-538] WARN  http.HttpRequestLog (HttpRequestLog.java:getRequestLog(97)) - Jetty request log can only be enabled using Log4j
2019-09-20 08:25:59,827 [Thread-538] INFO  http.HttpServer2 (HttpServer2.java:addGlobalFilter(975)) - Added global filter 'safety' (class=org.apache.hadoop.http.HttpServer2$QuotingInputFilter)
2019-09-20 08:25:59,828 [Thread-538] INFO  http.HttpServer2 (HttpServer2.java:addFilter(948)) - Added filter static_user_filter (class=org.apache.hadoop.http.lib.StaticUserWebFilter$StaticUserFilter) to context hddsDatanode
2019-09-20 08:25:59,828 [Thread-538] INFO  http.HttpServer2 (HttpServer2.java:addFilter(958)) - Added filter static_user_filter (class=org.apache.hadoop.http.lib.StaticUserWebFilter$StaticUserFilter) to context logs
2019-09-20 08:25:59,828 [Thread-538] INFO  http.HttpServer2 (HttpServer2.java:addFilter(958)) - Added filter static_user_filter (class=org.apache.hadoop.http.lib.StaticUserWebFilter$StaticUserFilter) to context static
2019-09-20 08:25:59,829 [Thread-538] INFO  http.HttpServer2 (HttpServer2.java:bindListener(1191)) - Jetty bound to port 39003
2019-09-20 08:25:59,829 [Thread-538] INFO  server.Server (Server.java:doStart(351)) - jetty-9.3.24.v20180605, build timestamp: 2018-06-05T17:11:56Z, git hash: 84205aa28f11a4f31f2a3b86d1bba2cc8ab69827
2019-09-20 08:25:59,830 [Thread-538] INFO  handler.ContextHandler (ContextHandler.java:doStart(781)) - Started o.e.j.s.ServletContextHandler@172f6b79{/logs,file:///workdir/hadoop-ozone/ozonefs/target/log,AVAILABLE}
2019-09-20 08:25:59,831 [Thread-538] INFO  handler.ContextHandler (ContextHandler.java:doStart(781)) - Started o.e.j.s.ServletContextHandler@3546fd8c{/static,jar:file:/home/user/.m2/repository/org/apache/hadoop/hadoop-hdds-container-service/0.5.0-SNAPSHOT/hadoop-hdds-container-service-0.5.0-SNAPSHOT.jar!/webapps/static,AVAILABLE}
2019-09-20 08:25:59,857 [Thread-538] INFO  handler.ContextHandler (ContextHandler.java:doStart(781)) - Started o.e.j.w.WebAppContext@53ff4b04{/,file:///tmp/jetty-0.0.0.0-39003-hddsDatanode-_-any-7837287583871277297.dir/webapp/,AVAILABLE}{/hddsDatanode}
2019-09-20 08:25:59,858 [Thread-538] INFO  server.AbstractConnector (AbstractConnector.java:doStart(278)) - Started ServerConnector@11714a45{HTTP/1.1,[http/1.1]}{0.0.0.0:39003}
2019-09-20 08:25:59,859 [Thread-538] INFO  server.Server (Server.java:doStart(419)) - Started @43923ms
2019-09-20 08:25:59,859 [Thread-538] INFO  server.BaseHttpServer (BaseHttpServer.java:updateConnectorAddress(213)) - HTTP server of HDDSDATANODE is listening at http://0.0.0.0:39003
2019-09-20 08:25:59,973 | INFO  | ObjectStoreRestHttpServer | Listening HDDS REST traffic on /0.0.0.0:44422 |  
2019-09-20 08:25:59,973 [Thread-538] INFO  ozone.HddsDatanodeService (HddsDatanodeService.java:startPlugins(395)) - Started plug-in org.apache.hadoop.ozone.web.OzoneHddsDatanodeService@75f70a43
2019-09-20 08:25:59,973 [Thread-538] INFO  impl.MetricsSystemImpl (MetricsSystemImpl.java:init(158)) - HddsDatanode metrics system started (again)
2019-09-20 08:25:59,979 [Thread-538] INFO  ozone.HddsDatanodeService (HddsDatanodeService.java:start(184)) - HddsDatanodeService host:pr-hdds-1569-6tbh6-3362816358 ip:192.168.34.27
2019-09-20 08:25:59,979 [org.apache.hadoop.util.JvmPauseMonitor$Monitor@735ead8b] INFO  util.JvmPauseMonitor (JvmPauseMonitor.java:run(188)) - Starting JVM pause monitor
2019-09-20 08:25:59,982 [Datanode State Machine Thread - 0] INFO  datanode.InitDatanodeState (InitDatanodeState.java:persistContainerDatanodeDetails(140)) - DatanodeDetails is persisted to /workdir/hadoop-ozone/ozonefs/target/test-dir/MiniOzoneClusterImpl-a40249e3-ad88-49f0-907e-ff9d9448a317/datanode-1/meta/datanode.id
2019-09-20 08:25:59,986 [Thread-538] INFO  volume.HddsVolume (HddsVolume.java:<init>(176)) - Creating Volume: /workdir/hadoop-ozone/ozonefs/target/test-dir/MiniOzoneClusterImpl-a40249e3-ad88-49f0-907e-ff9d9448a317/datanode-2/data/containers/hdds of  storage type : DISK and capacity : 1482555576320
2019-09-20 08:25:59,987 [Thread-538] INFO  volume.VolumeSet (VolumeSet.java:initializeVolumeSet(170)) - Added Volume : /workdir/hadoop-ozone/ozonefs/target/test-dir/MiniOzoneClusterImpl-a40249e3-ad88-49f0-907e-ff9d9448a317/datanode-2/data/containers/hdds to VolumeSet
2019-09-20 08:25:59,987 [Thread-538] INFO  volume.ThrottledAsyncChecker (ThrottledAsyncChecker.java:schedule(140)) - Scheduling a check for org.apache.hadoop.ozone.container.common.volume.HddsVolume@5d49cfb
2019-09-20 08:25:59,987 [Thread-538] INFO  volume.HddsVolumeChecker (HddsVolumeChecker.java:checkAllVolumes(203)) - Scheduled health check for volume org.apache.hadoop.ozone.container.common.volume.HddsVolume@5d49cfb
2019-09-20 08:26:00,007 [Thread-538] INFO  impl.RaftServerProxy (ConfUtils.java:logGet(43)) - raft.rpc.type = GRPC (default)
2019-09-20 08:26:00,007 [Thread-538] INFO  grpc.GrpcFactory (GrpcFactory.java:checkPooledByteBufAllocatorUseCacheForAllThreads(45)) - PERFORMANCE WARNING: useCacheForAllThreads is true that may cause Netty to create a lot garbage objects and, as a result, trigger GC.
	It is recommended to disable useCacheForAllThreads by setting -Dorg.apache.ratis.thirdparty.io.netty.allocator.useCacheForAllThreads=false in command line.
2019-09-20 08:26:00,007 [Thread-538] INFO  grpc.GrpcConfigKeys$Server (ConfUtils.java:logGet(43)) - raft.grpc.server.port = 0 (default)
2019-09-20 08:26:00,007 [Thread-538] INFO  server.GrpcService (ConfUtils.java:logGet(43)) - raft.grpc.message.size.max = 33570816 (custom)
2019-09-20 08:26:00,007 [Thread-538] INFO  server.RaftServerConfigKeys (ConfUtils.java:logGet(43)) - raft.server.log.appender.buffer.byte-limit = 33554432 (custom)
2019-09-20 08:26:00,008 [Thread-538] INFO  server.GrpcService (ConfUtils.java:logGet(43)) - raft.grpc.flow.control.window = 1MB (=1048576) (default)
2019-09-20 08:26:00,008 [Thread-538] INFO  server.RaftServerConfigKeys (ConfUtils.java:logGet(43)) - raft.server.rpc.request.timeout = 3000ms (default)
2019-09-20 08:26:00,008 [Thread-538] INFO  server.RaftServerConfigKeys (ConfUtils.java:logGet(43)) - raft.server.storage.dir = [/workdir/hadoop-ozone/ozonefs/target/test-dir/MiniOzoneClusterImpl-a40249e3-ad88-49f0-907e-ff9d9448a317/datanode-2/data/ratis] (custom)
2019-09-20 08:26:00,009 [Thread-538] INFO  replication.SimpleContainerDownloader (SimpleContainerDownloader.java:<init>(72)) - Starting container downloader service to copy containers to replicate.
2019-09-20 08:26:00,010 [Thread-538] INFO  hdfs.DFSUtil (DFSUtil.java:httpServerTemplateForNNAndJN(1641)) - Starting Web-server for hddsDatanode at: http://0.0.0.0:0
2019-09-20 08:26:00,011 [Thread-538] INFO  server.AuthenticationFilter (AuthenticationFilter.java:constructSecretProvider(240)) - Unable to initialize FileSignerSecretProvider, falling back to use random secrets.
2019-09-20 08:26:00,012 [Thread-538] WARN  http.HttpRequestLog (HttpRequestLog.java:getRequestLog(97)) - Jetty request log can only be enabled using Log4j
2019-09-20 08:26:00,013 [Thread-538] INFO  http.HttpServer2 (HttpServer2.java:addGlobalFilter(975)) - Added global filter 'safety' (class=org.apache.hadoop.http.HttpServer2$QuotingInputFilter)
2019-09-20 08:26:00,014 [Thread-538] INFO  http.HttpServer2 (HttpServer2.java:addFilter(948)) - Added filter static_user_filter (class=org.apache.hadoop.http.lib.StaticUserWebFilter$StaticUserFilter) to context hddsDatanode
2019-09-20 08:26:00,014 [Thread-538] INFO  http.HttpServer2 (HttpServer2.java:addFilter(958)) - Added filter static_user_filter (class=org.apache.hadoop.http.lib.StaticUserWebFilter$StaticUserFilter) to context logs
2019-09-20 08:26:00,014 [Thread-538] INFO  http.HttpServer2 (HttpServer2.java:addFilter(958)) - Added filter static_user_filter (class=org.apache.hadoop.http.lib.StaticUserWebFilter$StaticUserFilter) to context static
2019-09-20 08:26:00,015 [Thread-538] INFO  http.HttpServer2 (HttpServer2.java:bindListener(1191)) - Jetty bound to port 40462
2019-09-20 08:26:00,015 [Thread-538] INFO  server.Server (Server.java:doStart(351)) - jetty-9.3.24.v20180605, build timestamp: 2018-06-05T17:11:56Z, git hash: 84205aa28f11a4f31f2a3b86d1bba2cc8ab69827
2019-09-20 08:26:00,016 [Thread-538] INFO  handler.ContextHandler (ContextHandler.java:doStart(781)) - Started o.e.j.s.ServletContextHandler@6408a0b1{/logs,file:///workdir/hadoop-ozone/ozonefs/target/log,AVAILABLE}
2019-09-20 08:26:00,017 [Thread-538] INFO  handler.ContextHandler (ContextHandler.java:doStart(781)) - Started o.e.j.s.ServletContextHandler@1a73759e{/static,jar:file:/home/user/.m2/repository/org/apache/hadoop/hadoop-hdds-container-service/0.5.0-SNAPSHOT/hadoop-hdds-container-service-0.5.0-SNAPSHOT.jar!/webapps/static,AVAILABLE}
2019-09-20 08:26:00,043 [Thread-538] INFO  handler.ContextHandler (ContextHandler.java:doStart(781)) - Started o.e.j.w.WebAppContext@7c965d15{/,file:///tmp/jetty-0.0.0.0-40462-hddsDatanode-_-any-5827115239012659106.dir/webapp/,AVAILABLE}{/hddsDatanode}
2019-09-20 08:26:00,043 [Thread-538] INFO  server.AbstractConnector (AbstractConnector.java:doStart(278)) - Started ServerConnector@5e6ca60a{HTTP/1.1,[http/1.1]}{0.0.0.0:40462}
2019-09-20 08:26:00,045 [Thread-538] INFO  server.Server (Server.java:doStart(419)) - Started @44110ms
2019-09-20 08:26:00,045 [Thread-538] INFO  server.BaseHttpServer (BaseHttpServer.java:updateConnectorAddress(213)) - HTTP server of HDDSDATANODE is listening at http://0.0.0.0:40462
2019-09-20 08:26:00,159 | INFO  | ObjectStoreRestHttpServer | Listening HDDS REST traffic on /0.0.0.0:42188 |  
2019-09-20 08:26:00,159 [Thread-538] INFO  ozone.HddsDatanodeService (HddsDatanodeService.java:startPlugins(395)) - Started plug-in org.apache.hadoop.ozone.web.OzoneHddsDatanodeService@1dbc36fb
2019-09-20 08:26:00,160 [Thread-538] INFO  ozone.MiniOzoneClusterImpl (MiniOzoneClusterImpl.java:lambda$waitForClusterToBeReady$0(142)) - Waiting for cluster to be ready. Got 0 of 3 DN Heartbeats.
2019-09-20 08:26:00,161 [org.apache.hadoop.util.JvmPauseMonitor$Monitor@5cb43203] INFO  util.JvmPauseMonitor (JvmPauseMonitor.java:run(188)) - Starting JVM pause monitor
2019-09-20 08:26:00,164 [Datanode State Machine Thread - 0] INFO  datanode.InitDatanodeState (InitDatanodeState.java:persistContainerDatanodeDetails(140)) - DatanodeDetails is persisted to /workdir/hadoop-ozone/ozonefs/target/test-dir/MiniOzoneClusterImpl-a40249e3-ad88-49f0-907e-ff9d9448a317/datanode-2/meta/datanode.id
2019-09-20 08:26:01,160 [Thread-538] INFO  ozone.MiniOzoneClusterImpl (MiniOzoneClusterImpl.java:lambda$waitForClusterToBeReady$0(142)) - Waiting for cluster to be ready. Got 0 of 3 DN Heartbeats.
2019-09-20 08:26:01,799 | INFO  | SCMAudit | user=jenkins1000 | ip=192.168.34.27 | op=GET_VERSION null | ret=SUCCESS |  
2019-09-20 08:26:01,815 [Datanode State Machine Thread - 0] INFO  ozoneimpl.OzoneContainer (OzoneContainer.java:start(186)) - Attempting to start container services.
2019-09-20 08:26:01,815 [Datanode State Machine Thread - 0] INFO  ozoneimpl.OzoneContainer (OzoneContainer.java:startContainerScrub(160)) - Background container scrubber has been disabled by hdds.containerscrub.enabled
2019-09-20 08:26:01,815 [Datanode State Machine Thread - 0] INFO  ratis.XceiverServerRatis (XceiverServerRatis.java:start(404)) - Starting XceiverServerRatis ff26e422-1088-4b2b-acda-93f40e9fa7a5 at port 0
2019-09-20 08:26:01,822 [Datanode State Machine Thread - 0] INFO  impl.RaftServerProxy (RaftServerProxy.java:lambda$start$3(299)) - ff26e422-1088-4b2b-acda-93f40e9fa7a5: start RPC server
2019-09-20 08:26:01,824 [Datanode State Machine Thread - 0] INFO  server.GrpcService (GrpcService.java:startImpl(149)) - ff26e422-1088-4b2b-acda-93f40e9fa7a5: GrpcService started, listening on 0.0.0.0/0.0.0.0:34433
2019-09-20 08:26:01,825 [Datanode State Machine Thread - 0] INFO  ratis.XceiverServerRatis (XceiverServerRatis.java:start(414)) - XceiverServerRatis ff26e422-1088-4b2b-acda-93f40e9fa7a5 is started using port 34433
2019-09-20 08:26:01,825 [Datanode State Machine Thread - 0] INFO  server.XceiverServerGrpc (XceiverServerGrpc.java:start(163)) - XceiverServerGrpc ff26e422-1088-4b2b-acda-93f40e9fa7a5 is started using port 35950
2019-09-20 08:26:01,980 | INFO  | SCMAudit | user=jenkins1000 | ip=192.168.34.27 | op=GET_VERSION null | ret=SUCCESS |  
2019-09-20 08:26:02,005 [Datanode State Machine Thread - 0] INFO  ozoneimpl.OzoneContainer (OzoneContainer.java:start(186)) - Attempting to start container services.
2019-09-20 08:26:02,005 [Datanode State Machine Thread - 0] INFO  ozoneimpl.OzoneContainer (OzoneContainer.java:startContainerScrub(160)) - Background container scrubber has been disabled by hdds.containerscrub.enabled
2019-09-20 08:26:02,005 [Datanode State Machine Thread - 0] INFO  ratis.XceiverServerRatis (XceiverServerRatis.java:start(404)) - Starting XceiverServerRatis 988fcea2-3b3e-440a-b8e7-e4388109ae8d at port 0
2019-09-20 08:26:02,012 [Datanode State Machine Thread - 0] INFO  impl.RaftServerProxy (RaftServerProxy.java:lambda$start$3(299)) - 988fcea2-3b3e-440a-b8e7-e4388109ae8d: start RPC server
2019-09-20 08:26:02,013 [Datanode State Machine Thread - 0] INFO  server.GrpcService (GrpcService.java:startImpl(149)) - 988fcea2-3b3e-440a-b8e7-e4388109ae8d: GrpcService started, listening on 0.0.0.0/0.0.0.0:45013
2019-09-20 08:26:02,013 [Datanode State Machine Thread - 0] INFO  ratis.XceiverServerRatis (XceiverServerRatis.java:start(414)) - XceiverServerRatis 988fcea2-3b3e-440a-b8e7-e4388109ae8d is started using port 45013
2019-09-20 08:26:02,016 [Datanode State Machine Thread - 0] INFO  server.XceiverServerGrpc (XceiverServerGrpc.java:start(163)) - XceiverServerGrpc 988fcea2-3b3e-440a-b8e7-e4388109ae8d is started using port 44542
2019-09-20 08:26:02,160 [Thread-538] INFO  ozone.MiniOzoneClusterImpl (MiniOzoneClusterImpl.java:lambda$waitForClusterToBeReady$0(142)) - Waiting for cluster to be ready. Got 0 of 3 DN Heartbeats.
2019-09-20 08:26:02,162 | INFO  | SCMAudit | user=jenkins1000 | ip=192.168.34.27 | op=GET_VERSION null | ret=SUCCESS |  
2019-09-20 08:26:02,177 [Datanode State Machine Thread - 0] INFO  ozoneimpl.OzoneContainer (OzoneContainer.java:start(186)) - Attempting to start container services.
2019-09-20 08:26:02,178 [Datanode State Machine Thread - 0] INFO  ozoneimpl.OzoneContainer (OzoneContainer.java:startContainerScrub(160)) - Background container scrubber has been disabled by hdds.containerscrub.enabled
2019-09-20 08:26:02,178 [Datanode State Machine Thread - 0] INFO  ratis.XceiverServerRatis (XceiverServerRatis.java:start(404)) - Starting XceiverServerRatis 0028b382-670b-4338-9596-da2561481baf at port 0
2019-09-20 08:26:02,184 [Datanode State Machine Thread - 0] INFO  impl.RaftServerProxy (RaftServerProxy.java:lambda$start$3(299)) - 0028b382-670b-4338-9596-da2561481baf: start RPC server
2019-09-20 08:26:02,185 [Datanode State Machine Thread - 0] INFO  server.GrpcService (GrpcService.java:startImpl(149)) - 0028b382-670b-4338-9596-da2561481baf: GrpcService started, listening on 0.0.0.0/0.0.0.0:36025
2019-09-20 08:26:02,185 [Datanode State Machine Thread - 0] INFO  ratis.XceiverServerRatis (XceiverServerRatis.java:start(414)) - XceiverServerRatis 0028b382-670b-4338-9596-da2561481baf is started using port 36025
2019-09-20 08:26:02,191 [Datanode State Machine Thread - 0] INFO  server.XceiverServerGrpc (XceiverServerGrpc.java:start(163)) - XceiverServerGrpc 0028b382-670b-4338-9596-da2561481baf is started using port 37067
2019-09-20 08:26:03,161 [Thread-538] INFO  ozone.MiniOzoneClusterImpl (MiniOzoneClusterImpl.java:lambda$waitForClusterToBeReady$0(142)) - Waiting for cluster to be ready. Got 0 of 3 DN Heartbeats.
2019-09-20 08:26:03,800 [IPC Server handler 1 on 39316] INFO  net.NetworkTopology (NetworkTopologyImpl.java:add(110)) - Added a new node: /default-rack/ff26e422-1088-4b2b-acda-93f40e9fa7a5
2019-09-20 08:26:03,801 [IPC Server handler 1 on 39316] INFO  node.SCMNodeManager (SCMNodeManager.java:register(273)) - Registered Data node : ff26e422-1088-4b2b-acda-93f40e9fa7a5{ip: 192.168.34.27, host: pr-hdds-1569-6tbh6-3362816358, networkLocation: /default-rack, certSerialId: null}
2019-09-20 08:26:03,803 [EventQueue-NodeRegistrationContainerReportForDataNodeSafeModeRule] INFO  safemode.SCMSafeModeManager (DataNodeSafeModeRule.java:process(71)) - SCM in safe mode. 1 DataNodes registered, 1 required.
2019-09-20 08:26:03,804 [EventQueue-NodeRegistrationContainerReportForDataNodeSafeModeRule] INFO  safemode.SCMSafeModeManager (SCMSafeModeManager.java:validateSafeModeExitRules(177)) - ScmSafeModeManager, all rules are successfully validated
2019-09-20 08:26:03,803 | INFO  | SCMAudit | user=jenkins1000 | ip=192.168.34.27 | op=REGISTER {datanodeDetails=ff26e422-1088-4b2b-acda-93f40e9fa7a5{ip: 192.168.34.27, host: pr-hdds-1569-6tbh6-3362816358, networkLocation: /default-rack, certSerialId: null}} | ret=SUCCESS |  
2019-09-20 08:26:03,804 [EventQueue-NodeRegistrationContainerReportForDataNodeSafeModeRule] INFO  safemode.SCMSafeModeManager (SCMSafeModeManager.java:exitSafeMode(193)) - SCM exiting safe mode.
2019-09-20 08:26:03,824 [grpc-default-executor-0] INFO  impl.RaftServerProxy (RaftServerProxy.java:addNew(89)) - ff26e422-1088-4b2b-acda-93f40e9fa7a5: addNew group-856DA330B7DB:[ff26e422-1088-4b2b-acda-93f40e9fa7a5:192.168.34.27:34433] returns group-856DA330B7DB:java.util.concurrent.CompletableFuture@3684859f[Not completed]
2019-09-20 08:26:03,825 [pool-133-thread-1] INFO  impl.RaftServerImpl (RaftServerImpl.java:<init>(93)) - ff26e422-1088-4b2b-acda-93f40e9fa7a5: new RaftServerImpl for group-856DA330B7DB:[ff26e422-1088-4b2b-acda-93f40e9fa7a5:192.168.34.27:34433] with ContainerStateMachine:uninitialized
2019-09-20 08:26:03,825 [pool-133-thread-1] INFO  server.RaftServerConfigKeys (ConfUtils.java:logGet(43)) - raft.server.rpc.timeout.min = 5s (custom)
2019-09-20 08:26:03,825 [pool-133-thread-1] INFO  server.RaftServerConfigKeys (ConfUtils.java:logGet(43)) - raft.server.rpc.timeout.max = 5200ms (custom)
2019-09-20 08:26:03,826 [pool-133-thread-1] INFO  server.RaftServerConfigKeys (ConfUtils.java:logGet(43)) - raft.server.rpcslowness.timeout = 120s (custom)
2019-09-20 08:26:03,826 [pool-133-thread-1] INFO  server.RaftServerConfigKeys (ConfUtils.java:logGet(43)) - raft.server.sleep.deviation.threshold = 300 (default)
2019-09-20 08:26:03,826 [pool-133-thread-1] INFO  server.RaftServerConfigKeys (ConfUtils.java:logGet(43)) - raft.server.log.appender.install.snapshot.enabled = false (custom)
2019-09-20 08:26:03,826 [pool-133-thread-1] INFO  impl.RaftServerImpl (ServerState.java:<init>(105)) - ff26e422-1088-4b2b-acda-93f40e9fa7a5:group-856DA330B7DB ConfigurationManager, init=-1: [ff26e422-1088-4b2b-acda-93f40e9fa7a5:192.168.34.27:34433], old=null, confs=<EMPTY_MAP>
2019-09-20 08:26:03,826 [pool-133-thread-1] INFO  server.RaftServerConfigKeys (ConfUtils.java:logGet(43)) - raft.server.storage.dir = [/workdir/hadoop-ozone/ozonefs/target/test-dir/MiniOzoneClusterImpl-a40249e3-ad88-49f0-907e-ff9d9448a317/datanode-0/data/ratis] (custom)
2019-09-20 08:26:03,827 [pool-133-thread-1] INFO  storage.RaftStorageDirectory (RaftStorageDirectory.java:analyzeStorage(246)) - The storage directory /workdir/hadoop-ozone/ozonefs/target/test-dir/MiniOzoneClusterImpl-a40249e3-ad88-49f0-907e-ff9d9448a317/datanode-0/data/ratis/adb76a94-bbde-4760-97df-856da330b7db does not exist. Creating ...
2019-09-20 08:26:03,840 [pool-133-thread-1] INFO  storage.RaftStorageDirectory (RaftStorageDirectory.java:tryLock(328)) - Lock on /workdir/hadoop-ozone/ozonefs/target/test-dir/MiniOzoneClusterImpl-a40249e3-ad88-49f0-907e-ff9d9448a317/datanode-0/data/ratis/adb76a94-bbde-4760-97df-856da330b7db/in_use.lock acquired by nodename 28782@pr-hdds-1569-6tbh6-3362816358
2019-09-20 08:26:03,853 [pool-133-thread-1] INFO  storage.RaftStorage (RaftStorage.java:format(72)) - Storage directory /workdir/hadoop-ozone/ozonefs/target/test-dir/MiniOzoneClusterImpl-a40249e3-ad88-49f0-907e-ff9d9448a317/datanode-0/data/ratis/adb76a94-bbde-4760-97df-856da330b7db has been successfully formatted.
2019-09-20 08:26:03,853 [pool-133-thread-1] INFO  ratis.ContainerStateMachine (ContainerStateMachine.java:loadSnapshot(226)) - group-856DA330B7DB: The snapshot info is null. Setting the last applied indexto:(t:0, i:~)
2019-09-20 08:26:03,854 [pool-133-thread-1] INFO  server.RaftServerConfigKeys (ConfUtils.java:logGet(43)) - raft.server.leader.election.timeout = 120s (custom)
2019-09-20 08:26:03,854 [pool-133-thread-1] INFO  server.RaftServerConfigKeys (ConfUtils.java:logGet(43)) - raft.server.log.use.memory = false (default)
2019-09-20 08:26:03,854 [pool-133-thread-1] INFO  server.RaftServerConfigKeys (ConfUtils.java:logGet(43)) - raft.server.log.purge.gap = 1000000 (custom)
2019-09-20 08:26:03,854 [pool-133-thread-1] INFO  server.RaftServerConfigKeys (ConfUtils.java:logGet(43)) - raft.server.log.appender.buffer.byte-limit = 33554432 (custom)
2019-09-20 08:26:03,854 [pool-133-thread-1] INFO  server.RaftServerConfigKeys (ConfUtils.java:logGet(43)) - raft.server.log.segment.size.max = 1048576 (custom)
2019-09-20 08:26:03,854 [pool-133-thread-1] INFO  server.RaftServerConfigKeys (ConfUtils.java:logGet(43)) - raft.server.log.segment.cache.num.max = 2 (custom)
2019-09-20 08:26:03,854 [pool-133-thread-1] INFO  segmented.SegmentedRaftLogWorker (SegmentedRaftLogWorker.java:<init>(172)) - new ff26e422-1088-4b2b-acda-93f40e9fa7a5-SegmentedRaftLogWorker:Storage Directory /workdir/hadoop-ozone/ozonefs/target/test-dir/MiniOzoneClusterImpl-a40249e3-ad88-49f0-907e-ff9d9448a317/datanode-0/data/ratis/adb76a94-bbde-4760-97df-856da330b7db for RaftStorage:Storage Directory /workdir/hadoop-ozone/ozonefs/target/test-dir/MiniOzoneClusterImpl-a40249e3-ad88-49f0-907e-ff9d9448a317/datanode-0/data/ratis/adb76a94-bbde-4760-97df-856da330b7db
2019-09-20 08:26:03,855 [pool-133-thread-1] INFO  server.RaftServerConfigKeys (ConfUtils.java:logGet(43)) - raft.server.log.queue.byte-limit = 2147483647 (custom)
2019-09-20 08:26:03,855 [pool-133-thread-1] INFO  server.RaftServerConfigKeys (ConfUtils.java:logGet(43)) - raft.server.log.queue.element-limit = 1024 (custom)
2019-09-20 08:26:03,855 [pool-133-thread-1] INFO  server.RaftServerConfigKeys (ConfUtils.java:logGet(43)) - raft.server.log.segment.size.max = 1048576 (custom)
2019-09-20 08:26:03,855 [pool-133-thread-1] INFO  server.RaftServerConfigKeys (ConfUtils.java:logGet(43)) - raft.server.log.preallocated.size = 16384 (custom)
2019-09-20 08:26:03,855 [pool-133-thread-1] INFO  server.RaftServerConfigKeys (ConfUtils.java:logGet(43)) - raft.server.log.write.buffer.size = 33554432 (custom)
2019-09-20 08:26:03,856 [pool-133-thread-1] INFO  server.RaftServerConfigKeys (ConfUtils.java:logGet(43)) - raft.server.log.force.sync.num = 128 (default)
2019-09-20 08:26:03,856 [pool-133-thread-1] INFO  server.RaftServerConfigKeys (ConfUtils.java:logGet(43)) - raft.server.log.statemachine.data.sync = true (default)
2019-09-20 08:26:03,856 [pool-133-thread-1] INFO  server.RaftServerConfigKeys (ConfUtils.java:logGet(43)) - raft.server.log.statemachine.data.sync.timeout = 10s (default)
2019-09-20 08:26:03,856 [pool-133-thread-1] INFO  server.RaftServerConfigKeys (ConfUtils.java:logGet(43)) - raft.server.log.statemachine.data.sync.timeout.retry = -1 (default)
2019-09-20 08:26:03,856 [pool-133-thread-1] INFO  server.RaftServerConfigKeys (ConfUtils.java:logGet(43)) - raft.server.log.statemachine.data.caching.enabled = true (custom)
2019-09-20 08:26:03,857 [pool-133-thread-1] INFO  segmented.SegmentedRaftLogWorker (SegmentedRaftLogWorker.java:lambda$new$0(132)) - ff26e422-1088-4b2b-acda-93f40e9fa7a5-SegmentedRaftLogWorker:Storage Directory /workdir/hadoop-ozone/ozonefs/target/test-dir/MiniOzoneClusterImpl-a40249e3-ad88-49f0-907e-ff9d9448a317/datanode-0/data/ratis/adb76a94-bbde-4760-97df-856da330b7db: flushIndex: setUnconditionally 0 -> -1
2019-09-20 08:26:03,857 [pool-133-thread-1] INFO  server.RaftServerConfigKeys (ConfUtils.java:logGet(43)) - raft.server.snapshot.auto.trigger.enabled = true (custom)
2019-09-20 08:26:03,857 [pool-133-thread-1] INFO  server.RaftServerConfigKeys (ConfUtils.java:logGet(43)) - raft.server.snapshot.auto.trigger.threshold = 10000 (custom)
2019-09-20 08:26:03,857 [pool-133-thread-1] INFO  server.RaftServerConfigKeys (ConfUtils.java:logGet(43)) - raft.server.retrycache.expirytime = 600000ms (custom)
2019-09-20 08:26:03,858 [pool-133-thread-1] INFO  impl.RaftServerImpl (RaftServerImpl.java:start(180)) - ff26e422-1088-4b2b-acda-93f40e9fa7a5: start group-856DA330B7DB
2019-09-20 08:26:03,858 [pool-133-thread-1] INFO  impl.RaftServerImpl (RaftServerImpl.java:setRole(171)) - ff26e422-1088-4b2b-acda-93f40e9fa7a5:group-856DA330B7DB changes role from null to FOLLOWER at term 0 for startAsFollower
2019-09-20 08:26:03,858 [pool-133-thread-1] INFO  impl.RoleInfo (RoleInfo.java:updateAndGet(143)) - ff26e422-1088-4b2b-acda-93f40e9fa7a5: start FollowerState
2019-09-20 08:26:03,859 [pool-133-thread-1] INFO  util.JmxRegister (JmxRegister.java:tryRegister(44)) - Successfully registered JMX Bean with object name Ratis:service=RaftServer,group=group-856DA330B7DB,id=ff26e422-1088-4b2b-acda-93f40e9fa7a5
2019-09-20 08:26:03,864 [RatisPipelineUtilsThread] INFO  pipeline.PipelineStateManager (PipelineStateManager.java:addPipeline(56)) - Created pipeline Pipeline[ Id: adb76a94-bbde-4760-97df-856da330b7db, Nodes: ff26e422-1088-4b2b-acda-93f40e9fa7a5{ip: 192.168.34.27, host: pr-hdds-1569-6tbh6-3362816358, networkLocation: /default-rack, certSerialId: null}, Type:RATIS, Factor:ONE, State:OPEN]
2019-09-20 08:26:03,874 [grpc-default-executor-0] INFO  impl.RaftServerProxy (RaftServerProxy.java:addNew(89)) - ff26e422-1088-4b2b-acda-93f40e9fa7a5: addNew group-29A0C25A5769:[ff26e422-1088-4b2b-acda-93f40e9fa7a5:192.168.34.27:34433] returns group-29A0C25A5769:java.util.concurrent.CompletableFuture@7f85099[Not completed]
2019-09-20 08:26:03,875 [pool-133-thread-1] INFO  impl.RaftServerImpl (RaftServerImpl.java:<init>(93)) - ff26e422-1088-4b2b-acda-93f40e9fa7a5: new RaftServerImpl for group-29A0C25A5769:[ff26e422-1088-4b2b-acda-93f40e9fa7a5:192.168.34.27:34433] with ContainerStateMachine:uninitialized
2019-09-20 08:26:03,875 [pool-133-thread-1] INFO  server.RaftServerConfigKeys (ConfUtils.java:logGet(43)) - raft.server.rpc.timeout.min = 5s (custom)
2019-09-20 08:26:03,876 [pool-133-thread-1] INFO  server.RaftServerConfigKeys (ConfUtils.java:logGet(43)) - raft.server.rpc.timeout.max = 5200ms (custom)
2019-09-20 08:26:03,876 [pool-133-thread-1] INFO  server.RaftServerConfigKeys (ConfUtils.java:logGet(43)) - raft.server.rpcslowness.timeout = 120s (custom)
2019-09-20 08:26:03,876 [pool-133-thread-1] INFO  server.RaftServerConfigKeys (ConfUtils.java:logGet(43)) - raft.server.sleep.deviation.threshold = 300 (default)
2019-09-20 08:26:03,876 [pool-133-thread-1] INFO  server.RaftServerConfigKeys (ConfUtils.java:logGet(43)) - raft.server.log.appender.install.snapshot.enabled = false (custom)
2019-09-20 08:26:03,876 [pool-133-thread-1] INFO  impl.RaftServerImpl (ServerState.java:<init>(105)) - ff26e422-1088-4b2b-acda-93f40e9fa7a5:group-29A0C25A5769 ConfigurationManager, init=-1: [ff26e422-1088-4b2b-acda-93f40e9fa7a5:192.168.34.27:34433], old=null, confs=<EMPTY_MAP>
2019-09-20 08:26:03,876 [pool-133-thread-1] INFO  server.RaftServerConfigKeys (ConfUtils.java:logGet(43)) - raft.server.storage.dir = [/workdir/hadoop-ozone/ozonefs/target/test-dir/MiniOzoneClusterImpl-a40249e3-ad88-49f0-907e-ff9d9448a317/datanode-0/data/ratis] (custom)
2019-09-20 08:26:03,877 [pool-133-thread-1] INFO  storage.RaftStorageDirectory (RaftStorageDirectory.java:analyzeStorage(246)) - The storage directory /workdir/hadoop-ozone/ozonefs/target/test-dir/MiniOzoneClusterImpl-a40249e3-ad88-49f0-907e-ff9d9448a317/datanode-0/data/ratis/653df1b1-56c6-4166-98ac-29a0c25a5769 does not exist. Creating ...
2019-09-20 08:26:03,899 [pool-133-thread-1] INFO  storage.RaftStorageDirectory (RaftStorageDirectory.java:tryLock(328)) - Lock on /workdir/hadoop-ozone/ozonefs/target/test-dir/MiniOzoneClusterImpl-a40249e3-ad88-49f0-907e-ff9d9448a317/datanode-0/data/ratis/653df1b1-56c6-4166-98ac-29a0c25a5769/in_use.lock acquired by nodename 28782@pr-hdds-1569-6tbh6-3362816358
2019-09-20 08:26:03,912 [pool-133-thread-1] INFO  storage.RaftStorage (RaftStorage.java:format(72)) - Storage directory /workdir/hadoop-ozone/ozonefs/target/test-dir/MiniOzoneClusterImpl-a40249e3-ad88-49f0-907e-ff9d9448a317/datanode-0/data/ratis/653df1b1-56c6-4166-98ac-29a0c25a5769 has been successfully formatted.
2019-09-20 08:26:03,912 [pool-133-thread-1] INFO  ratis.ContainerStateMachine (ContainerStateMachine.java:loadSnapshot(226)) - group-29A0C25A5769: The snapshot info is null. Setting the last applied indexto:(t:0, i:~)
2019-09-20 08:26:03,912 [pool-133-thread-1] INFO  server.RaftServerConfigKeys (ConfUtils.java:logGet(43)) - raft.server.leader.election.timeout = 120s (custom)
2019-09-20 08:26:03,912 [pool-133-thread-1] INFO  server.RaftServerConfigKeys (ConfUtils.java:logGet(43)) - raft.server.log.use.memory = false (default)
2019-09-20 08:26:03,913 [pool-133-thread-1] INFO  server.RaftServerConfigKeys (ConfUtils.java:logGet(43)) - raft.server.log.purge.gap = 1000000 (custom)
2019-09-20 08:26:03,913 [pool-133-thread-1] INFO  server.RaftServerConfigKeys (ConfUtils.java:logGet(43)) - raft.server.log.appender.buffer.byte-limit = 33554432 (custom)
2019-09-20 08:26:03,913 [pool-133-thread-1] INFO  server.RaftServerConfigKeys (ConfUtils.java:logGet(43)) - raft.server.log.segment.size.max = 1048576 (custom)
2019-09-20 08:26:03,913 [pool-133-thread-1] INFO  server.RaftServerConfigKeys (ConfUtils.java:logGet(43)) - raft.server.log.segment.cache.num.max = 2 (custom)
2019-09-20 08:26:03,913 [pool-133-thread-1] INFO  segmented.SegmentedRaftLogWorker (SegmentedRaftLogWorker.java:<init>(172)) - new ff26e422-1088-4b2b-acda-93f40e9fa7a5-SegmentedRaftLogWorker:Storage Directory /workdir/hadoop-ozone/ozonefs/target/test-dir/MiniOzoneClusterImpl-a40249e3-ad88-49f0-907e-ff9d9448a317/datanode-0/data/ratis/653df1b1-56c6-4166-98ac-29a0c25a5769 for RaftStorage:Storage Directory /workdir/hadoop-ozone/ozonefs/target/test-dir/MiniOzoneClusterImpl-a40249e3-ad88-49f0-907e-ff9d9448a317/datanode-0/data/ratis/653df1b1-56c6-4166-98ac-29a0c25a5769
2019-09-20 08:26:03,914 [pool-133-thread-1] INFO  server.RaftServerConfigKeys (ConfUtils.java:logGet(43)) - raft.server.log.queue.byte-limit = 2147483647 (custom)
2019-09-20 08:26:03,914 [pool-133-thread-1] INFO  server.RaftServerConfigKeys (ConfUtils.java:logGet(43)) - raft.server.log.queue.element-limit = 1024 (custom)
2019-09-20 08:26:03,914 [pool-133-thread-1] INFO  server.RaftServerConfigKeys (ConfUtils.java:logGet(43)) - raft.server.log.segment.size.max = 1048576 (custom)
2019-09-20 08:26:03,914 [pool-133-thread-1] INFO  server.RaftServerConfigKeys (ConfUtils.java:logGet(43)) - raft.server.log.preallocated.size = 16384 (custom)
2019-09-20 08:26:03,914 [pool-133-thread-1] INFO  server.RaftServerConfigKeys (ConfUtils.java:logGet(43)) - raft.server.log.write.buffer.size = 33554432 (custom)
2019-09-20 08:26:03,915 [pool-133-thread-1] INFO  server.RaftServerConfigKeys (ConfUtils.java:logGet(43)) - raft.server.log.force.sync.num = 128 (default)
2019-09-20 08:26:03,915 [pool-133-thread-1] INFO  server.RaftServerConfigKeys (ConfUtils.java:logGet(43)) - raft.server.log.statemachine.data.sync = true (default)
2019-09-20 08:26:03,915 [pool-133-thread-1] INFO  server.RaftServerConfigKeys (ConfUtils.java:logGet(43)) - raft.server.log.statemachine.data.sync.timeout = 10s (default)
2019-09-20 08:26:03,915 [pool-133-thread-1] INFO  server.RaftServerConfigKeys (ConfUtils.java:logGet(43)) - raft.server.log.statemachine.data.sync.timeout.retry = -1 (default)
2019-09-20 08:26:03,915 [pool-133-thread-1] INFO  server.RaftServerConfigKeys (ConfUtils.java:logGet(43)) - raft.server.log.statemachine.data.caching.enabled = true (custom)
2019-09-20 08:26:03,916 [pool-133-thread-1] INFO  segmented.SegmentedRaftLogWorker (SegmentedRaftLogWorker.java:lambda$new$0(132)) - ff26e422-1088-4b2b-acda-93f40e9fa7a5-SegmentedRaftLogWorker:Storage Directory /workdir/hadoop-ozone/ozonefs/target/test-dir/MiniOzoneClusterImpl-a40249e3-ad88-49f0-907e-ff9d9448a317/datanode-0/data/ratis/653df1b1-56c6-4166-98ac-29a0c25a5769: flushIndex: setUnconditionally 0 -> -1
2019-09-20 08:26:03,916 [pool-133-thread-1] INFO  server.RaftServerConfigKeys (ConfUtils.java:logGet(43)) - raft.server.snapshot.auto.trigger.enabled = true (custom)
2019-09-20 08:26:03,916 [pool-133-thread-1] INFO  server.RaftServerConfigKeys (ConfUtils.java:logGet(43)) - raft.server.snapshot.auto.trigger.threshold = 10000 (custom)
2019-09-20 08:26:03,917 [pool-133-thread-1] INFO  server.RaftServerConfigKeys (ConfUtils.java:logGet(43)) - raft.server.retrycache.expirytime = 600000ms (custom)
2019-09-20 08:26:03,917 [pool-133-thread-1] INFO  impl.RaftServerImpl (RaftServerImpl.java:start(180)) - ff26e422-1088-4b2b-acda-93f40e9fa7a5: start group-29A0C25A5769
2019-09-20 08:26:03,917 [pool-133-thread-1] INFO  impl.RaftServerImpl (RaftServerImpl.java:setRole(171)) - ff26e422-1088-4b2b-acda-93f40e9fa7a5:group-29A0C25A5769 changes role from null to FOLLOWER at term 0 for startAsFollower
2019-09-20 08:26:03,917 [pool-133-thread-1] INFO  impl.RoleInfo (RoleInfo.java:updateAndGet(143)) - ff26e422-1088-4b2b-acda-93f40e9fa7a5: start FollowerState
2019-09-20 08:26:03,918 [pool-133-thread-1] INFO  util.JmxRegister (JmxRegister.java:tryRegister(44)) - Successfully registered JMX Bean with object name Ratis:service=RaftServer,group=group-29A0C25A5769,id=ff26e422-1088-4b2b-acda-93f40e9fa7a5
2019-09-20 08:26:03,923 [RatisPipelineUtilsThread] INFO  pipeline.PipelineStateManager (PipelineStateManager.java:addPipeline(56)) - Created pipeline Pipeline[ Id: 653df1b1-56c6-4166-98ac-29a0c25a5769, Nodes: ff26e422-1088-4b2b-acda-93f40e9fa7a5{ip: 192.168.34.27, host: pr-hdds-1569-6tbh6-3362816358, networkLocation: /default-rack, certSerialId: null}, Type:RATIS, Factor:ONE, State:OPEN]
2019-09-20 08:26:03,937 [grpc-default-executor-0] INFO  impl.RaftServerProxy (RaftServerProxy.java:addNew(89)) - ff26e422-1088-4b2b-acda-93f40e9fa7a5: addNew group-048CF4570A72:[ff26e422-1088-4b2b-acda-93f40e9fa7a5:192.168.34.27:34433] returns group-048CF4570A72:java.util.concurrent.CompletableFuture@56ab7ad0[Not completed]
2019-09-20 08:26:03,938 [pool-133-thread-1] INFO  impl.RaftServerImpl (RaftServerImpl.java:<init>(93)) - ff26e422-1088-4b2b-acda-93f40e9fa7a5: new RaftServerImpl for group-048CF4570A72:[ff26e422-1088-4b2b-acda-93f40e9fa7a5:192.168.34.27:34433] with ContainerStateMachine:uninitialized
2019-09-20 08:26:03,938 [pool-133-thread-1] INFO  server.RaftServerConfigKeys (ConfUtils.java:logGet(43)) - raft.server.rpc.timeout.min = 5s (custom)
2019-09-20 08:26:03,939 [pool-133-thread-1] INFO  server.RaftServerConfigKeys (ConfUtils.java:logGet(43)) - raft.server.rpc.timeout.max = 5200ms (custom)
2019-09-20 08:26:03,939 [pool-133-thread-1] INFO  server.RaftServerConfigKeys (ConfUtils.java:logGet(43)) - raft.server.rpcslowness.timeout = 120s (custom)
2019-09-20 08:26:03,939 [pool-133-thread-1] INFO  server.RaftServerConfigKeys (ConfUtils.java:logGet(43)) - raft.server.sleep.deviation.threshold = 300 (default)
2019-09-20 08:26:03,939 [pool-133-thread-1] INFO  server.RaftServerConfigKeys (ConfUtils.java:logGet(43)) - raft.server.log.appender.install.snapshot.enabled = false (custom)
2019-09-20 08:26:03,939 [pool-133-thread-1] INFO  impl.RaftServerImpl (ServerState.java:<init>(105)) - ff26e422-1088-4b2b-acda-93f40e9fa7a5:group-048CF4570A72 ConfigurationManager, init=-1: [ff26e422-1088-4b2b-acda-93f40e9fa7a5:192.168.34.27:34433], old=null, confs=<EMPTY_MAP>
2019-09-20 08:26:03,939 [pool-133-thread-1] INFO  server.RaftServerConfigKeys (ConfUtils.java:logGet(43)) - raft.server.storage.dir = [/workdir/hadoop-ozone/ozonefs/target/test-dir/MiniOzoneClusterImpl-a40249e3-ad88-49f0-907e-ff9d9448a317/datanode-0/data/ratis] (custom)
2019-09-20 08:26:03,940 [pool-133-thread-1] INFO  storage.RaftStorageDirectory (RaftStorageDirectory.java:analyzeStorage(246)) - The storage directory /workdir/hadoop-ozone/ozonefs/target/test-dir/MiniOzoneClusterImpl-a40249e3-ad88-49f0-907e-ff9d9448a317/datanode-0/data/ratis/8e1083a4-b5de-4de1-8637-048cf4570a72 does not exist. Creating ...
2019-09-20 08:26:03,952 [pool-133-thread-1] INFO  storage.RaftStorageDirectory (RaftStorageDirectory.java:tryLock(328)) - Lock on /workdir/hadoop-ozone/ozonefs/target/test-dir/MiniOzoneClusterImpl-a40249e3-ad88-49f0-907e-ff9d9448a317/datanode-0/data/ratis/8e1083a4-b5de-4de1-8637-048cf4570a72/in_use.lock acquired by nodename 28782@pr-hdds-1569-6tbh6-3362816358
2019-09-20 08:26:03,965 [pool-133-thread-1] INFO  storage.RaftStorage (RaftStorage.java:format(72)) - Storage directory /workdir/hadoop-ozone/ozonefs/target/test-dir/MiniOzoneClusterImpl-a40249e3-ad88-49f0-907e-ff9d9448a317/datanode-0/data/ratis/8e1083a4-b5de-4de1-8637-048cf4570a72 has been successfully formatted.
2019-09-20 08:26:03,965 [pool-133-thread-1] INFO  ratis.ContainerStateMachine (ContainerStateMachine.java:loadSnapshot(226)) - group-048CF4570A72: The snapshot info is null. Setting the last applied indexto:(t:0, i:~)
2019-09-20 08:26:03,965 [pool-133-thread-1] INFO  server.RaftServerConfigKeys (ConfUtils.java:logGet(43)) - raft.server.leader.election.timeout = 120s (custom)
2019-09-20 08:26:03,965 [pool-133-thread-1] INFO  server.RaftServerConfigKeys (ConfUtils.java:logGet(43)) - raft.server.log.use.memory = false (default)
2019-09-20 08:26:03,966 [pool-133-thread-1] INFO  server.RaftServerConfigKeys (ConfUtils.java:logGet(43)) - raft.server.log.purge.gap = 1000000 (custom)
2019-09-20 08:26:03,966 [pool-133-thread-1] INFO  server.RaftServerConfigKeys (ConfUtils.java:logGet(43)) - raft.server.log.appender.buffer.byte-limit = 33554432 (custom)
2019-09-20 08:26:03,966 [pool-133-thread-1] INFO  server.RaftServerConfigKeys (ConfUtils.java:logGet(43)) - raft.server.log.segment.size.max = 1048576 (custom)
2019-09-20 08:26:03,966 [pool-133-thread-1] INFO  server.RaftServerConfigKeys (ConfUtils.java:logGet(43)) - raft.server.log.segment.cache.num.max = 2 (custom)
2019-09-20 08:26:03,966 [pool-133-thread-1] INFO  segmented.SegmentedRaftLogWorker (SegmentedRaftLogWorker.java:<init>(172)) - new ff26e422-1088-4b2b-acda-93f40e9fa7a5-SegmentedRaftLogWorker:Storage Directory /workdir/hadoop-ozone/ozonefs/target/test-dir/MiniOzoneClusterImpl-a40249e3-ad88-49f0-907e-ff9d9448a317/datanode-0/data/ratis/8e1083a4-b5de-4de1-8637-048cf4570a72 for RaftStorage:Storage Directory /workdir/hadoop-ozone/ozonefs/target/test-dir/MiniOzoneClusterImpl-a40249e3-ad88-49f0-907e-ff9d9448a317/datanode-0/data/ratis/8e1083a4-b5de-4de1-8637-048cf4570a72
2019-09-20 08:26:03,966 [pool-133-thread-1] INFO  server.RaftServerConfigKeys (ConfUtils.java:logGet(43)) - raft.server.log.queue.byte-limit = 2147483647 (custom)
2019-09-20 08:26:03,966 [pool-133-thread-1] INFO  server.RaftServerConfigKeys (ConfUtils.java:logGet(43)) - raft.server.log.queue.element-limit = 1024 (custom)
2019-09-20 08:26:03,967 [pool-133-thread-1] INFO  server.RaftServerConfigKeys (ConfUtils.java:logGet(43)) - raft.server.log.segment.size.max = 1048576 (custom)
2019-09-20 08:26:03,967 [pool-133-thread-1] INFO  server.RaftServerConfigKeys (ConfUtils.java:logGet(43)) - raft.server.log.preallocated.size = 16384 (custom)
2019-09-20 08:26:03,967 [pool-133-thread-1] INFO  server.RaftServerConfigKeys (ConfUtils.java:logGet(43)) - raft.server.log.write.buffer.size = 33554432 (custom)
2019-09-20 08:26:03,967 [pool-133-thread-1] INFO  server.RaftServerConfigKeys (ConfUtils.java:logGet(43)) - raft.server.log.force.sync.num = 128 (default)
2019-09-20 08:26:03,967 [pool-133-thread-1] INFO  server.RaftServerConfigKeys (ConfUtils.java:logGet(43)) - raft.server.log.statemachine.data.sync = true (default)
2019-09-20 08:26:03,967 [pool-133-thread-1] INFO  server.RaftServerConfigKeys (ConfUtils.java:logGet(43)) - raft.server.log.statemachine.data.sync.timeout = 10s (default)
2019-09-20 08:26:03,968 [pool-133-thread-1] INFO  server.RaftServerConfigKeys (ConfUtils.java:logGet(43)) - raft.server.log.statemachine.data.sync.timeout.retry = -1 (default)
2019-09-20 08:26:03,968 [pool-133-thread-1] INFO  server.RaftServerConfigKeys (ConfUtils.java:logGet(43)) - raft.server.log.statemachine.data.caching.enabled = true (custom)
2019-09-20 08:26:03,968 [pool-133-thread-1] INFO  segmented.SegmentedRaftLogWorker (SegmentedRaftLogWorker.java:lambda$new$0(132)) - ff26e422-1088-4b2b-acda-93f40e9fa7a5-SegmentedRaftLogWorker:Storage Directory /workdir/hadoop-ozone/ozonefs/target/test-dir/MiniOzoneClusterImpl-a40249e3-ad88-49f0-907e-ff9d9448a317/datanode-0/data/ratis/8e1083a4-b5de-4de1-8637-048cf4570a72: flushIndex: setUnconditionally 0 -> -1
2019-09-20 08:26:03,968 [pool-133-thread-1] INFO  server.RaftServerConfigKeys (ConfUtils.java:logGet(43)) - raft.server.snapshot.auto.trigger.enabled = true (custom)
2019-09-20 08:26:03,968 [pool-133-thread-1] INFO  server.RaftServerConfigKeys (ConfUtils.java:logGet(43)) - raft.server.snapshot.auto.trigger.threshold = 10000 (custom)
2019-09-20 08:26:03,969 [pool-133-thread-1] INFO  server.RaftServerConfigKeys (ConfUtils.java:logGet(43)) - raft.server.retrycache.expirytime = 600000ms (custom)
2019-09-20 08:26:03,969 [pool-133-thread-1] INFO  impl.RaftServerImpl (RaftServerImpl.java:start(180)) - ff26e422-1088-4b2b-acda-93f40e9fa7a5: start group-048CF4570A72
2019-09-20 08:26:03,969 [pool-133-thread-1] INFO  impl.RaftServerImpl (RaftServerImpl.java:setRole(171)) - ff26e422-1088-4b2b-acda-93f40e9fa7a5:group-048CF4570A72 changes role from null to FOLLOWER at term 0 for startAsFollower
2019-09-20 08:26:03,969 [pool-133-thread-1] INFO  impl.RoleInfo (RoleInfo.java:updateAndGet(143)) - ff26e422-1088-4b2b-acda-93f40e9fa7a5: start FollowerState
2019-09-20 08:26:03,970 [pool-133-thread-1] INFO  util.JmxRegister (JmxRegister.java:tryRegister(44)) - Successfully registered JMX Bean with object name Ratis:service=RaftServer,group=group-048CF4570A72,id=ff26e422-1088-4b2b-acda-93f40e9fa7a5
2019-09-20 08:26:03,975 [RatisPipelineUtilsThread] INFO  pipeline.PipelineStateManager (PipelineStateManager.java:addPipeline(56)) - Created pipeline Pipeline[ Id: 8e1083a4-b5de-4de1-8637-048cf4570a72, Nodes: ff26e422-1088-4b2b-acda-93f40e9fa7a5{ip: 192.168.34.27, host: pr-hdds-1569-6tbh6-3362816358, networkLocation: /default-rack, certSerialId: null}, Type:RATIS, Factor:ONE, State:OPEN]
2019-09-20 08:26:03,983 [IPC Server handler 0 on 39316] INFO  net.NetworkTopology (NetworkTopologyImpl.java:add(110)) - Added a new node: /default-rack/988fcea2-3b3e-440a-b8e7-e4388109ae8d
2019-09-20 08:26:03,983 [IPC Server handler 0 on 39316] INFO  node.SCMNodeManager (SCMNodeManager.java:register(273)) - Registered Data node : 988fcea2-3b3e-440a-b8e7-e4388109ae8d{ip: 192.168.34.27, host: pr-hdds-1569-6tbh6-3362816358, networkLocation: /default-rack, certSerialId: null}
2019-09-20 08:26:03,983 | INFO  | SCMAudit | user=jenkins1000 | ip=192.168.34.27 | op=REGISTER {datanodeDetails=988fcea2-3b3e-440a-b8e7-e4388109ae8d{ip: 192.168.34.27, host: pr-hdds-1569-6tbh6-3362816358, networkLocation: /default-rack, certSerialId: null}} | ret=SUCCESS |  
2019-09-20 08:26:03,992 [grpc-default-executor-0] INFO  impl.RaftServerProxy (RaftServerProxy.java:addNew(89)) - ff26e422-1088-4b2b-acda-93f40e9fa7a5: addNew group-358405ACC6EE:[ff26e422-1088-4b2b-acda-93f40e9fa7a5:192.168.34.27:34433] returns group-358405ACC6EE:java.util.concurrent.CompletableFuture@16f0d553[Not completed]
2019-09-20 08:26:03,993 [pool-133-thread-1] INFO  impl.RaftServerImpl (RaftServerImpl.java:<init>(93)) - ff26e422-1088-4b2b-acda-93f40e9fa7a5: new RaftServerImpl for group-358405ACC6EE:[ff26e422-1088-4b2b-acda-93f40e9fa7a5:192.168.34.27:34433] with ContainerStateMachine:uninitialized
2019-09-20 08:26:03,993 [pool-133-thread-1] INFO  server.RaftServerConfigKeys (ConfUtils.java:logGet(43)) - raft.server.rpc.timeout.min = 5s (custom)
2019-09-20 08:26:03,993 [pool-133-thread-1] INFO  server.RaftServerConfigKeys (ConfUtils.java:logGet(43)) - raft.server.rpc.timeout.max = 5200ms (custom)
2019-09-20 08:26:03,993 [pool-133-thread-1] INFO  server.RaftServerConfigKeys (ConfUtils.java:logGet(43)) - raft.server.rpcslowness.timeout = 120s (custom)
2019-09-20 08:26:03,994 [pool-133-thread-1] INFO  server.RaftServerConfigKeys (ConfUtils.java:logGet(43)) - raft.server.sleep.deviation.threshold = 300 (default)
2019-09-20 08:26:03,994 [pool-133-thread-1] INFO  server.RaftServerConfigKeys (ConfUtils.java:logGet(43)) - raft.server.log.appender.install.snapshot.enabled = false (custom)
2019-09-20 08:26:03,994 [pool-133-thread-1] INFO  impl.RaftServerImpl (ServerState.java:<init>(105)) - ff26e422-1088-4b2b-acda-93f40e9fa7a5:group-358405ACC6EE ConfigurationManager, init=-1: [ff26e422-1088-4b2b-acda-93f40e9fa7a5:192.168.34.27:34433], old=null, confs=<EMPTY_MAP>
2019-09-20 08:26:03,994 [pool-133-thread-1] INFO  server.RaftServerConfigKeys (ConfUtils.java:logGet(43)) - raft.server.storage.dir = [/workdir/hadoop-ozone/ozonefs/target/test-dir/MiniOzoneClusterImpl-a40249e3-ad88-49f0-907e-ff9d9448a317/datanode-0/data/ratis] (custom)
2019-09-20 08:26:03,994 [pool-133-thread-1] INFO  storage.RaftStorageDirectory (RaftStorageDirectory.java:analyzeStorage(246)) - The storage directory /workdir/hadoop-ozone/ozonefs/target/test-dir/MiniOzoneClusterImpl-a40249e3-ad88-49f0-907e-ff9d9448a317/datanode-0/data/ratis/95ecfbd0-f7ba-4562-929c-358405acc6ee does not exist. Creating ...
2019-09-20 08:26:04,007 [pool-133-thread-1] INFO  storage.RaftStorageDirectory (RaftStorageDirectory.java:tryLock(328)) - Lock on /workdir/hadoop-ozone/ozonefs/target/test-dir/MiniOzoneClusterImpl-a40249e3-ad88-49f0-907e-ff9d9448a317/datanode-0/data/ratis/95ecfbd0-f7ba-4562-929c-358405acc6ee/in_use.lock acquired by nodename 28782@pr-hdds-1569-6tbh6-3362816358
2019-09-20 08:26:04,020 [pool-133-thread-1] INFO  storage.RaftStorage (RaftStorage.java:format(72)) - Storage directory /workdir/hadoop-ozone/ozonefs/target/test-dir/MiniOzoneClusterImpl-a40249e3-ad88-49f0-907e-ff9d9448a317/datanode-0/data/ratis/95ecfbd0-f7ba-4562-929c-358405acc6ee has been successfully formatted.
2019-09-20 08:26:04,020 [pool-133-thread-1] INFO  ratis.ContainerStateMachine (ContainerStateMachine.java:loadSnapshot(226)) - group-358405ACC6EE: The snapshot info is null. Setting the last applied indexto:(t:0, i:~)
2019-09-20 08:26:04,020 [pool-133-thread-1] INFO  server.RaftServerConfigKeys (ConfUtils.java:logGet(43)) - raft.server.leader.election.timeout = 120s (custom)
2019-09-20 08:26:04,020 [pool-133-thread-1] INFO  server.RaftServerConfigKeys (ConfUtils.java:logGet(43)) - raft.server.log.use.memory = false (default)
2019-09-20 08:26:04,020 [pool-133-thread-1] INFO  server.RaftServerConfigKeys (ConfUtils.java:logGet(43)) - raft.server.log.purge.gap = 1000000 (custom)
2019-09-20 08:26:04,020 [pool-133-thread-1] INFO  server.RaftServerConfigKeys (ConfUtils.java:logGet(43)) - raft.server.log.appender.buffer.byte-limit = 33554432 (custom)
2019-09-20 08:26:04,020 [pool-133-thread-1] INFO  server.RaftServerConfigKeys (ConfUtils.java:logGet(43)) - raft.server.log.segment.size.max = 1048576 (custom)
2019-09-20 08:26:04,020 [pool-133-thread-1] INFO  server.RaftServerConfigKeys (ConfUtils.java:logGet(43)) - raft.server.log.segment.cache.num.max = 2 (custom)
2019-09-20 08:26:04,021 [pool-133-thread-1] INFO  segmented.SegmentedRaftLogWorker (SegmentedRaftLogWorker.java:<init>(172)) - new ff26e422-1088-4b2b-acda-93f40e9fa7a5-SegmentedRaftLogWorker:Storage Directory /workdir/hadoop-ozone/ozonefs/target/test-dir/MiniOzoneClusterImpl-a40249e3-ad88-49f0-907e-ff9d9448a317/datanode-0/data/ratis/95ecfbd0-f7ba-4562-929c-358405acc6ee for RaftStorage:Storage Directory /workdir/hadoop-ozone/ozonefs/target/test-dir/MiniOzoneClusterImpl-a40249e3-ad88-49f0-907e-ff9d9448a317/datanode-0/data/ratis/95ecfbd0-f7ba-4562-929c-358405acc6ee
2019-09-20 08:26:04,021 [pool-133-thread-1] INFO  server.RaftServerConfigKeys (ConfUtils.java:logGet(43)) - raft.server.log.queue.byte-limit = 2147483647 (custom)
2019-09-20 08:26:04,021 [pool-133-thread-1] INFO  server.RaftServerConfigKeys (ConfUtils.java:logGet(43)) - raft.server.log.queue.element-limit = 1024 (custom)
2019-09-20 08:26:04,021 [pool-133-thread-1] INFO  server.RaftServerConfigKeys (ConfUtils.java:logGet(43)) - raft.server.log.segment.size.max = 1048576 (custom)
2019-09-20 08:26:04,021 [pool-133-thread-1] INFO  server.RaftServerConfigKeys (ConfUtils.java:logGet(43)) - raft.server.log.preallocated.size = 16384 (custom)
2019-09-20 08:26:04,021 [pool-133-thread-1] INFO  server.RaftServerConfigKeys (ConfUtils.java:logGet(43)) - raft.server.log.write.buffer.size = 33554432 (custom)
2019-09-20 08:26:04,021 [pool-133-thread-1] INFO  server.RaftServerConfigKeys (ConfUtils.java:logGet(43)) - raft.server.log.force.sync.num = 128 (default)
2019-09-20 08:26:04,021 [pool-133-thread-1] INFO  server.RaftServerConfigKeys (ConfUtils.java:logGet(43)) - raft.server.log.statemachine.data.sync = true (default)
2019-09-20 08:26:04,022 [pool-133-thread-1] INFO  server.RaftServerConfigKeys (ConfUtils.java:logGet(43)) - raft.server.log.statemachine.data.sync.timeout = 10s (default)
2019-09-20 08:26:04,022 [pool-133-thread-1] INFO  server.RaftServerConfigKeys (ConfUtils.java:logGet(43)) - raft.server.log.statemachine.data.sync.timeout.retry = -1 (default)
2019-09-20 08:26:04,022 [pool-133-thread-1] INFO  server.RaftServerConfigKeys (ConfUtils.java:logGet(43)) - raft.server.log.statemachine.data.caching.enabled = true (custom)
2019-09-20 08:26:04,022 [pool-133-thread-1] INFO  segmented.SegmentedRaftLogWorker (SegmentedRaftLogWorker.java:lambda$new$0(132)) - ff26e422-1088-4b2b-acda-93f40e9fa7a5-SegmentedRaftLogWorker:Storage Directory /workdir/hadoop-ozone/ozonefs/target/test-dir/MiniOzoneClusterImpl-a40249e3-ad88-49f0-907e-ff9d9448a317/datanode-0/data/ratis/95ecfbd0-f7ba-4562-929c-358405acc6ee: flushIndex: setUnconditionally 0 -> -1
2019-09-20 08:26:04,022 [pool-133-thread-1] INFO  server.RaftServerConfigKeys (ConfUtils.java:logGet(43)) - raft.server.snapshot.auto.trigger.enabled = true (custom)
2019-09-20 08:26:04,022 [pool-133-thread-1] INFO  server.RaftServerConfigKeys (ConfUtils.java:logGet(43)) - raft.server.snapshot.auto.trigger.threshold = 10000 (custom)
2019-09-20 08:26:04,023 [pool-133-thread-1] INFO  server.RaftServerConfigKeys (ConfUtils.java:logGet(43)) - raft.server.retrycache.expirytime = 600000ms (custom)
2019-09-20 08:26:04,023 [pool-133-thread-1] INFO  impl.RaftServerImpl (RaftServerImpl.java:start(180)) - ff26e422-1088-4b2b-acda-93f40e9fa7a5: start group-358405ACC6EE
2019-09-20 08:26:04,023 [pool-133-thread-1] INFO  impl.RaftServerImpl (RaftServerImpl.java:setRole(171)) - ff26e422-1088-4b2b-acda-93f40e9fa7a5:group-358405ACC6EE changes role from null to FOLLOWER at term 0 for startAsFollower
2019-09-20 08:26:04,023 [pool-133-thread-1] INFO  impl.RoleInfo (RoleInfo.java:updateAndGet(143)) - ff26e422-1088-4b2b-acda-93f40e9fa7a5: start FollowerState
2019-09-20 08:26:04,030 [pool-133-thread-1] INFO  util.JmxRegister (JmxRegister.java:tryRegister(44)) - Successfully registered JMX Bean with object name Ratis:service=RaftServer,group=group-358405ACC6EE,id=ff26e422-1088-4b2b-acda-93f40e9fa7a5
2019-09-20 08:26:04,042 [RatisPipelineUtilsThread] INFO  pipeline.PipelineStateManager (PipelineStateManager.java:addPipeline(56)) - Created pipeline Pipeline[ Id: 95ecfbd0-f7ba-4562-929c-358405acc6ee, Nodes: ff26e422-1088-4b2b-acda-93f40e9fa7a5{ip: 192.168.34.27, host: pr-hdds-1569-6tbh6-3362816358, networkLocation: /default-rack, certSerialId: null}, Type:RATIS, Factor:ONE, State:OPEN]
2019-09-20 08:26:04,048 [grpc-default-executor-0] INFO  impl.RaftServerProxy (RaftServerProxy.java:addNew(89)) - ff26e422-1088-4b2b-acda-93f40e9fa7a5: addNew group-CB7119FA5B7F:[ff26e422-1088-4b2b-acda-93f40e9fa7a5:192.168.34.27:34433] returns group-CB7119FA5B7F:java.util.concurrent.CompletableFuture@52e5c0c2[Not completed]
2019-09-20 08:26:04,049 [pool-133-thread-1] INFO  impl.RaftServerImpl (RaftServerImpl.java:<init>(93)) - ff26e422-1088-4b2b-acda-93f40e9fa7a5: new RaftServerImpl for group-CB7119FA5B7F:[ff26e422-1088-4b2b-acda-93f40e9fa7a5:192.168.34.27:34433] with ContainerStateMachine:uninitialized
2019-09-20 08:26:04,049 [pool-133-thread-1] INFO  server.RaftServerConfigKeys (ConfUtils.java:logGet(43)) - raft.server.rpc.timeout.min = 5s (custom)
2019-09-20 08:26:04,049 [pool-133-thread-1] INFO  server.RaftServerConfigKeys (ConfUtils.java:logGet(43)) - raft.server.rpc.timeout.max = 5200ms (custom)
2019-09-20 08:26:04,049 [pool-133-thread-1] INFO  server.RaftServerConfigKeys (ConfUtils.java:logGet(43)) - raft.server.rpcslowness.timeout = 120s (custom)
2019-09-20 08:26:04,049 [pool-133-thread-1] INFO  server.RaftServerConfigKeys (ConfUtils.java:logGet(43)) - raft.server.sleep.deviation.threshold = 300 (default)
2019-09-20 08:26:04,049 [pool-133-thread-1] INFO  server.RaftServerConfigKeys (ConfUtils.java:logGet(43)) - raft.server.log.appender.install.snapshot.enabled = false (custom)
2019-09-20 08:26:04,049 [pool-133-thread-1] INFO  impl.RaftServerImpl (ServerState.java:<init>(105)) - ff26e422-1088-4b2b-acda-93f40e9fa7a5:group-CB7119FA5B7F ConfigurationManager, init=-1: [ff26e422-1088-4b2b-acda-93f40e9fa7a5:192.168.34.27:34433], old=null, confs=<EMPTY_MAP>
2019-09-20 08:26:04,049 [pool-133-thread-1] INFO  server.RaftServerConfigKeys (ConfUtils.java:logGet(43)) - raft.server.storage.dir = [/workdir/hadoop-ozone/ozonefs/target/test-dir/MiniOzoneClusterImpl-a40249e3-ad88-49f0-907e-ff9d9448a317/datanode-0/data/ratis] (custom)
2019-09-20 08:26:04,050 [pool-133-thread-1] INFO  storage.RaftStorageDirectory (RaftStorageDirectory.java:analyzeStorage(246)) - The storage directory /workdir/hadoop-ozone/ozonefs/target/test-dir/MiniOzoneClusterImpl-a40249e3-ad88-49f0-907e-ff9d9448a317/datanode-0/data/ratis/c95d8bad-28e8-4f01-ad1e-cb7119fa5b7f does not exist. Creating ...
2019-09-20 08:26:04,062 [pool-133-thread-1] INFO  storage.RaftStorageDirectory (RaftStorageDirectory.java:tryLock(328)) - Lock on /workdir/hadoop-ozone/ozonefs/target/test-dir/MiniOzoneClusterImpl-a40249e3-ad88-49f0-907e-ff9d9448a317/datanode-0/data/ratis/c95d8bad-28e8-4f01-ad1e-cb7119fa5b7f/in_use.lock acquired by nodename 28782@pr-hdds-1569-6tbh6-3362816358
2019-09-20 08:26:04,075 [pool-133-thread-1] INFO  storage.RaftStorage (RaftStorage.java:format(72)) - Storage directory /workdir/hadoop-ozone/ozonefs/target/test-dir/MiniOzoneClusterImpl-a40249e3-ad88-49f0-907e-ff9d9448a317/datanode-0/data/ratis/c95d8bad-28e8-4f01-ad1e-cb7119fa5b7f has been successfully formatted.
2019-09-20 08:26:04,075 [pool-133-thread-1] INFO  ratis.ContainerStateMachine (ContainerStateMachine.java:loadSnapshot(226)) - group-CB7119FA5B7F: The snapshot info is null. Setting the last applied indexto:(t:0, i:~)
2019-09-20 08:26:04,075 [pool-133-thread-1] INFO  server.RaftServerConfigKeys (ConfUtils.java:logGet(43)) - raft.server.leader.election.timeout = 120s (custom)
2019-09-20 08:26:04,076 [pool-133-thread-1] INFO  server.RaftServerConfigKeys (ConfUtils.java:logGet(43)) - raft.server.log.use.memory = false (default)
2019-09-20 08:26:04,076 [pool-133-thread-1] INFO  server.RaftServerConfigKeys (ConfUtils.java:logGet(43)) - raft.server.log.purge.gap = 1000000 (custom)
2019-09-20 08:26:04,076 [pool-133-thread-1] INFO  server.RaftServerConfigKeys (ConfUtils.java:logGet(43)) - raft.server.log.appender.buffer.byte-limit = 33554432 (custom)
2019-09-20 08:26:04,076 [pool-133-thread-1] INFO  server.RaftServerConfigKeys (ConfUtils.java:logGet(43)) - raft.server.log.segment.size.max = 1048576 (custom)
2019-09-20 08:26:04,076 [pool-133-thread-1] INFO  server.RaftServerConfigKeys (ConfUtils.java:logGet(43)) - raft.server.log.segment.cache.num.max = 2 (custom)
2019-09-20 08:26:04,076 [pool-133-thread-1] INFO  segmented.SegmentedRaftLogWorker (SegmentedRaftLogWorker.java:<init>(172)) - new ff26e422-1088-4b2b-acda-93f40e9fa7a5-SegmentedRaftLogWorker:Storage Directory /workdir/hadoop-ozone/ozonefs/target/test-dir/MiniOzoneClusterImpl-a40249e3-ad88-49f0-907e-ff9d9448a317/datanode-0/data/ratis/c95d8bad-28e8-4f01-ad1e-cb7119fa5b7f for RaftStorage:Storage Directory /workdir/hadoop-ozone/ozonefs/target/test-dir/MiniOzoneClusterImpl-a40249e3-ad88-49f0-907e-ff9d9448a317/datanode-0/data/ratis/c95d8bad-28e8-4f01-ad1e-cb7119fa5b7f
2019-09-20 08:26:04,076 [pool-133-thread-1] INFO  server.RaftServerConfigKeys (ConfUtils.java:logGet(43)) - raft.server.log.queue.byte-limit = 2147483647 (custom)
2019-09-20 08:26:04,076 [pool-133-thread-1] INFO  server.RaftServerConfigKeys (ConfUtils.java:logGet(43)) - raft.server.log.queue.element-limit = 1024 (custom)
2019-09-20 08:26:04,077 [pool-133-thread-1] INFO  server.RaftServerConfigKeys (ConfUtils.java:logGet(43)) - raft.server.log.segment.size.max = 1048576 (custom)
2019-09-20 08:26:04,077 [pool-133-thread-1] INFO  server.RaftServerConfigKeys (ConfUtils.java:logGet(43)) - raft.server.log.preallocated.size = 16384 (custom)
2019-09-20 08:26:04,077 [pool-133-thread-1] INFO  server.RaftServerConfigKeys (ConfUtils.java:logGet(43)) - raft.server.log.write.buffer.size = 33554432 (custom)
2019-09-20 08:26:04,077 [pool-133-thread-1] INFO  server.RaftServerConfigKeys (ConfUtils.java:logGet(43)) - raft.server.log.force.sync.num = 128 (default)
2019-09-20 08:26:04,077 [pool-133-thread-1] INFO  server.RaftServerConfigKeys (ConfUtils.java:logGet(43)) - raft.server.log.statemachine.data.sync = true (default)
2019-09-20 08:26:04,077 [pool-133-thread-1] INFO  server.RaftServerConfigKeys (ConfUtils.java:logGet(43)) - raft.server.log.statemachine.data.sync.timeout = 10s (default)
2019-09-20 08:26:04,077 [pool-133-thread-1] INFO  server.RaftServerConfigKeys (ConfUtils.java:logGet(43)) - raft.server.log.statemachine.data.sync.timeout.retry = -1 (default)
2019-09-20 08:26:04,077 [pool-133-thread-1] INFO  server.RaftServerConfigKeys (ConfUtils.java:logGet(43)) - raft.server.log.statemachine.data.caching.enabled = true (custom)
2019-09-20 08:26:04,078 [pool-133-thread-1] INFO  segmented.SegmentedRaftLogWorker (SegmentedRaftLogWorker.java:lambda$new$0(132)) - ff26e422-1088-4b2b-acda-93f40e9fa7a5-SegmentedRaftLogWorker:Storage Directory /workdir/hadoop-ozone/ozonefs/target/test-dir/MiniOzoneClusterImpl-a40249e3-ad88-49f0-907e-ff9d9448a317/datanode-0/data/ratis/c95d8bad-28e8-4f01-ad1e-cb7119fa5b7f: flushIndex: setUnconditionally 0 -> -1
2019-09-20 08:26:04,078 [pool-133-thread-1] INFO  server.RaftServerConfigKeys (ConfUtils.java:logGet(43)) - raft.server.snapshot.auto.trigger.enabled = true (custom)
2019-09-20 08:26:04,078 [pool-133-thread-1] INFO  server.RaftServerConfigKeys (ConfUtils.java:logGet(43)) - raft.server.snapshot.auto.trigger.threshold = 10000 (custom)
2019-09-20 08:26:04,078 [pool-133-thread-1] INFO  server.RaftServerConfigKeys (ConfUtils.java:logGet(43)) - raft.server.retrycache.expirytime = 600000ms (custom)
2019-09-20 08:26:04,078 [pool-133-thread-1] INFO  impl.RaftServerImpl (RaftServerImpl.java:start(180)) - ff26e422-1088-4b2b-acda-93f40e9fa7a5: start group-CB7119FA5B7F
2019-09-20 08:26:04,078 [pool-133-thread-1] INFO  impl.RaftServerImpl (RaftServerImpl.java:setRole(171)) - ff26e422-1088-4b2b-acda-93f40e9fa7a5:group-CB7119FA5B7F changes role from null to FOLLOWER at term 0 for startAsFollower
2019-09-20 08:26:04,079 [pool-133-thread-1] INFO  impl.RoleInfo (RoleInfo.java:updateAndGet(143)) - ff26e422-1088-4b2b-acda-93f40e9fa7a5: start FollowerState
2019-09-20 08:26:04,079 [pool-133-thread-1] INFO  util.JmxRegister (JmxRegister.java:tryRegister(44)) - Successfully registered JMX Bean with object name Ratis:service=RaftServer,group=group-CB7119FA5B7F,id=ff26e422-1088-4b2b-acda-93f40e9fa7a5
2019-09-20 08:26:04,082 [RatisPipelineUtilsThread] INFO  pipeline.PipelineStateManager (PipelineStateManager.java:addPipeline(56)) - Created pipeline Pipeline[ Id: c95d8bad-28e8-4f01-ad1e-cb7119fa5b7f, Nodes: ff26e422-1088-4b2b-acda-93f40e9fa7a5{ip: 192.168.34.27, host: pr-hdds-1569-6tbh6-3362816358, networkLocation: /default-rack, certSerialId: null}, Type:RATIS, Factor:ONE, State:OPEN]
2019-09-20 08:26:04,091 [grpc-default-executor-0] INFO  impl.RaftServerProxy (RaftServerProxy.java:addNew(89)) - 988fcea2-3b3e-440a-b8e7-e4388109ae8d: addNew group-D2137E0B3B8B:[988fcea2-3b3e-440a-b8e7-e4388109ae8d:192.168.34.27:45013] returns group-D2137E0B3B8B:java.util.concurrent.CompletableFuture@2d25c5d7[Not completed]
2019-09-20 08:26:04,092 [pool-144-thread-1] INFO  impl.RaftServerImpl (RaftServerImpl.java:<init>(93)) - 988fcea2-3b3e-440a-b8e7-e4388109ae8d: new RaftServerImpl for group-D2137E0B3B8B:[988fcea2-3b3e-440a-b8e7-e4388109ae8d:192.168.34.27:45013] with ContainerStateMachine:uninitialized
2019-09-20 08:26:04,092 [pool-144-thread-1] INFO  server.RaftServerConfigKeys (ConfUtils.java:logGet(43)) - raft.server.rpc.timeout.min = 5s (custom)
2019-09-20 08:26:04,092 [pool-144-thread-1] INFO  server.RaftServerConfigKeys (ConfUtils.java:logGet(43)) - raft.server.rpc.timeout.max = 5200ms (custom)
2019-09-20 08:26:04,092 [pool-144-thread-1] INFO  server.RaftServerConfigKeys (ConfUtils.java:logGet(43)) - raft.server.rpcslowness.timeout = 120s (custom)
2019-09-20 08:26:04,092 [pool-144-thread-1] INFO  server.RaftServerConfigKeys (ConfUtils.java:logGet(43)) - raft.server.sleep.deviation.threshold = 300 (default)
2019-09-20 08:26:04,092 [pool-144-thread-1] INFO  server.RaftServerConfigKeys (ConfUtils.java:logGet(43)) - raft.server.log.appender.install.snapshot.enabled = false (custom)
2019-09-20 08:26:04,092 [pool-144-thread-1] INFO  impl.RaftServerImpl (ServerState.java:<init>(105)) - 988fcea2-3b3e-440a-b8e7-e4388109ae8d:group-D2137E0B3B8B ConfigurationManager, init=-1: [988fcea2-3b3e-440a-b8e7-e4388109ae8d:192.168.34.27:45013], old=null, confs=<EMPTY_MAP>
2019-09-20 08:26:04,093 [pool-144-thread-1] INFO  server.RaftServerConfigKeys (ConfUtils.java:logGet(43)) - raft.server.storage.dir = [/workdir/hadoop-ozone/ozonefs/target/test-dir/MiniOzoneClusterImpl-a40249e3-ad88-49f0-907e-ff9d9448a317/datanode-1/data/ratis] (custom)
2019-09-20 08:26:04,093 [pool-144-thread-1] INFO  storage.RaftStorageDirectory (RaftStorageDirectory.java:analyzeStorage(246)) - The storage directory /workdir/hadoop-ozone/ozonefs/target/test-dir/MiniOzoneClusterImpl-a40249e3-ad88-49f0-907e-ff9d9448a317/datanode-1/data/ratis/73c0724e-4008-444c-a1d0-d2137e0b3b8b does not exist. Creating ...
2019-09-20 08:26:04,096 [pool-144-thread-1] INFO  storage.RaftStorageDirectory (RaftStorageDirectory.java:tryLock(328)) - Lock on /workdir/hadoop-ozone/ozonefs/target/test-dir/MiniOzoneClusterImpl-a40249e3-ad88-49f0-907e-ff9d9448a317/datanode-1/data/ratis/73c0724e-4008-444c-a1d0-d2137e0b3b8b/in_use.lock acquired by nodename 28782@pr-hdds-1569-6tbh6-3362816358
2019-09-20 08:26:04,099 [pool-144-thread-1] INFO  storage.RaftStorage (RaftStorage.java:format(72)) - Storage directory /workdir/hadoop-ozone/ozonefs/target/test-dir/MiniOzoneClusterImpl-a40249e3-ad88-49f0-907e-ff9d9448a317/datanode-1/data/ratis/73c0724e-4008-444c-a1d0-d2137e0b3b8b has been successfully formatted.
2019-09-20 08:26:04,099 [pool-144-thread-1] INFO  ratis.ContainerStateMachine (ContainerStateMachine.java:loadSnapshot(226)) - group-D2137E0B3B8B: The snapshot info is null. Setting the last applied indexto:(t:0, i:~)
2019-09-20 08:26:04,099 [pool-144-thread-1] INFO  server.RaftServerConfigKeys (ConfUtils.java:logGet(43)) - raft.server.leader.election.timeout = 120s (custom)
2019-09-20 08:26:04,100 [pool-144-thread-1] INFO  server.RaftServerConfigKeys (ConfUtils.java:logGet(43)) - raft.server.log.use.memory = false (default)
2019-09-20 08:26:04,100 [pool-144-thread-1] INFO  server.RaftServerConfigKeys (ConfUtils.java:logGet(43)) - raft.server.log.purge.gap = 1000000 (custom)
2019-09-20 08:26:04,100 [pool-144-thread-1] INFO  server.RaftServerConfigKeys (ConfUtils.java:logGet(43)) - raft.server.log.appender.buffer.byte-limit = 33554432 (custom)
2019-09-20 08:26:04,100 [pool-144-thread-1] INFO  server.RaftServerConfigKeys (ConfUtils.java:logGet(43)) - raft.server.log.segment.size.max = 1048576 (custom)
2019-09-20 08:26:04,100 [pool-144-thread-1] INFO  server.RaftServerConfigKeys (ConfUtils.java:logGet(43)) - raft.server.log.segment.cache.num.max = 2 (custom)
2019-09-20 08:26:04,100 [pool-144-thread-1] INFO  segmented.SegmentedRaftLogWorker (SegmentedRaftLogWorker.java:<init>(172)) - new 988fcea2-3b3e-440a-b8e7-e4388109ae8d-SegmentedRaftLogWorker:Storage Directory /workdir/hadoop-ozone/ozonefs/target/test-dir/MiniOzoneClusterImpl-a40249e3-ad88-49f0-907e-ff9d9448a317/datanode-1/data/ratis/73c0724e-4008-444c-a1d0-d2137e0b3b8b for RaftStorage:Storage Directory /workdir/hadoop-ozone/ozonefs/target/test-dir/MiniOzoneClusterImpl-a40249e3-ad88-49f0-907e-ff9d9448a317/datanode-1/data/ratis/73c0724e-4008-444c-a1d0-d2137e0b3b8b
2019-09-20 08:26:04,100 [pool-144-thread-1] INFO  server.RaftServerConfigKeys (ConfUtils.java:logGet(43)) - raft.server.log.queue.byte-limit = 2147483647 (custom)
2019-09-20 08:26:04,100 [pool-144-thread-1] INFO  server.RaftServerConfigKeys (ConfUtils.java:logGet(43)) - raft.server.log.queue.element-limit = 1024 (custom)
2019-09-20 08:26:04,101 [pool-144-thread-1] INFO  server.RaftServerConfigKeys (ConfUtils.java:logGet(43)) - raft.server.log.segment.size.max = 1048576 (custom)
2019-09-20 08:26:04,101 [pool-144-thread-1] INFO  server.RaftServerConfigKeys (ConfUtils.java:logGet(43)) - raft.server.log.preallocated.size = 16384 (custom)
2019-09-20 08:26:04,101 [pool-144-thread-1] INFO  server.RaftServerConfigKeys (ConfUtils.java:logGet(43)) - raft.server.log.write.buffer.size = 33554432 (custom)
2019-09-20 08:26:04,101 [pool-144-thread-1] INFO  server.RaftServerConfigKeys (ConfUtils.java:logGet(43)) - raft.server.log.force.sync.num = 128 (default)
2019-09-20 08:26:04,101 [pool-144-thread-1] INFO  server.RaftServerConfigKeys (ConfUtils.java:logGet(43)) - raft.server.log.statemachine.data.sync = true (default)
2019-09-20 08:26:04,101 [pool-144-thread-1] INFO  server.RaftServerConfigKeys (ConfUtils.java:logGet(43)) - raft.server.log.statemachine.data.sync.timeout = 10s (default)
2019-09-20 08:26:04,101 [pool-144-thread-1] INFO  server.RaftServerConfigKeys (ConfUtils.java:logGet(43)) - raft.server.log.statemachine.data.sync.timeout.retry = -1 (default)
2019-09-20 08:26:04,101 [pool-144-thread-1] INFO  server.RaftServerConfigKeys (ConfUtils.java:logGet(43)) - raft.server.log.statemachine.data.caching.enabled = true (custom)
2019-09-20 08:26:04,102 [pool-144-thread-1] INFO  segmented.SegmentedRaftLogWorker (SegmentedRaftLogWorker.java:lambda$new$0(132)) - 988fcea2-3b3e-440a-b8e7-e4388109ae8d-SegmentedRaftLogWorker:Storage Directory /workdir/hadoop-ozone/ozonefs/target/test-dir/MiniOzoneClusterImpl-a40249e3-ad88-49f0-907e-ff9d9448a317/datanode-1/data/ratis/73c0724e-4008-444c-a1d0-d2137e0b3b8b: flushIndex: setUnconditionally 0 -> -1
2019-09-20 08:26:04,102 [pool-144-thread-1] INFO  server.RaftServerConfigKeys (ConfUtils.java:logGet(43)) - raft.server.snapshot.auto.trigger.enabled = true (custom)
2019-09-20 08:26:04,102 [pool-144-thread-1] INFO  server.RaftServerConfigKeys (ConfUtils.java:logGet(43)) - raft.server.snapshot.auto.trigger.threshold = 10000 (custom)
2019-09-20 08:26:04,102 [pool-144-thread-1] INFO  server.RaftServerConfigKeys (ConfUtils.java:logGet(43)) - raft.server.retrycache.expirytime = 600000ms (custom)
2019-09-20 08:26:04,102 [pool-144-thread-1] INFO  impl.RaftServerImpl (RaftServerImpl.java:start(180)) - 988fcea2-3b3e-440a-b8e7-e4388109ae8d: start group-D2137E0B3B8B
2019-09-20 08:26:04,102 [pool-144-thread-1] INFO  impl.RaftServerImpl (RaftServerImpl.java:setRole(171)) - 988fcea2-3b3e-440a-b8e7-e4388109ae8d:group-D2137E0B3B8B changes role from null to FOLLOWER at term 0 for startAsFollower
2019-09-20 08:26:04,103 [pool-144-thread-1] INFO  impl.RoleInfo (RoleInfo.java:updateAndGet(143)) - 988fcea2-3b3e-440a-b8e7-e4388109ae8d: start FollowerState
2019-09-20 08:26:04,103 [pool-144-thread-1] INFO  util.JmxRegister (JmxRegister.java:tryRegister(44)) - Successfully registered JMX Bean with object name Ratis:service=RaftServer,group=group-D2137E0B3B8B,id=988fcea2-3b3e-440a-b8e7-e4388109ae8d
2019-09-20 08:26:04,105 [RatisPipelineUtilsThread] INFO  pipeline.PipelineStateManager (PipelineStateManager.java:addPipeline(56)) - Created pipeline Pipeline[ Id: 73c0724e-4008-444c-a1d0-d2137e0b3b8b, Nodes: 988fcea2-3b3e-440a-b8e7-e4388109ae8d{ip: 192.168.34.27, host: pr-hdds-1569-6tbh6-3362816358, networkLocation: /default-rack, certSerialId: null}, Type:RATIS, Factor:ONE, State:OPEN]
2019-09-20 08:26:04,110 [grpc-default-executor-0] INFO  impl.RaftServerProxy (RaftServerProxy.java:addNew(89)) - 988fcea2-3b3e-440a-b8e7-e4388109ae8d: addNew group-9ACF12D80CDD:[988fcea2-3b3e-440a-b8e7-e4388109ae8d:192.168.34.27:45013] returns group-9ACF12D80CDD:java.util.concurrent.CompletableFuture@60aa4189[Not completed]
2019-09-20 08:26:04,111 [pool-144-thread-1] INFO  impl.RaftServerImpl (RaftServerImpl.java:<init>(93)) - 988fcea2-3b3e-440a-b8e7-e4388109ae8d: new RaftServerImpl for group-9ACF12D80CDD:[988fcea2-3b3e-440a-b8e7-e4388109ae8d:192.168.34.27:45013] with ContainerStateMachine:uninitialized
2019-09-20 08:26:04,111 [pool-144-thread-1] INFO  server.RaftServerConfigKeys (ConfUtils.java:logGet(43)) - raft.server.rpc.timeout.min = 5s (custom)
2019-09-20 08:26:04,111 [pool-144-thread-1] INFO  server.RaftServerConfigKeys (ConfUtils.java:logGet(43)) - raft.server.rpc.timeout.max = 5200ms (custom)
2019-09-20 08:26:04,111 [pool-144-thread-1] INFO  server.RaftServerConfigKeys (ConfUtils.java:logGet(43)) - raft.server.rpcslowness.timeout = 120s (custom)
2019-09-20 08:26:04,112 [pool-144-thread-1] INFO  server.RaftServerConfigKeys (ConfUtils.java:logGet(43)) - raft.server.sleep.deviation.threshold = 300 (default)
2019-09-20 08:26:04,112 [pool-144-thread-1] INFO  server.RaftServerConfigKeys (ConfUtils.java:logGet(43)) - raft.server.log.appender.install.snapshot.enabled = false (custom)
2019-09-20 08:26:04,112 [pool-144-thread-1] INFO  impl.RaftServerImpl (ServerState.java:<init>(105)) - 988fcea2-3b3e-440a-b8e7-e4388109ae8d:group-9ACF12D80CDD ConfigurationManager, init=-1: [988fcea2-3b3e-440a-b8e7-e4388109ae8d:192.168.34.27:45013], old=null, confs=<EMPTY_MAP>
2019-09-20 08:26:04,112 [pool-144-thread-1] INFO  server.RaftServerConfigKeys (ConfUtils.java:logGet(43)) - raft.server.storage.dir = [/workdir/hadoop-ozone/ozonefs/target/test-dir/MiniOzoneClusterImpl-a40249e3-ad88-49f0-907e-ff9d9448a317/datanode-1/data/ratis] (custom)
2019-09-20 08:26:04,112 [pool-144-thread-1] INFO  storage.RaftStorageDirectory (RaftStorageDirectory.java:analyzeStorage(246)) - The storage directory /workdir/hadoop-ozone/ozonefs/target/test-dir/MiniOzoneClusterImpl-a40249e3-ad88-49f0-907e-ff9d9448a317/datanode-1/data/ratis/a8842622-3803-4e1e-8f52-9acf12d80cdd does not exist. Creating ...
2019-09-20 08:26:04,119 [pool-144-thread-1] INFO  storage.RaftStorageDirectory (RaftStorageDirectory.java:tryLock(328)) - Lock on /workdir/hadoop-ozone/ozonefs/target/test-dir/MiniOzoneClusterImpl-a40249e3-ad88-49f0-907e-ff9d9448a317/datanode-1/data/ratis/a8842622-3803-4e1e-8f52-9acf12d80cdd/in_use.lock acquired by nodename 28782@pr-hdds-1569-6tbh6-3362816358
2019-09-20 08:26:04,132 [pool-144-thread-1] INFO  storage.RaftStorage (RaftStorage.java:format(72)) - Storage directory /workdir/hadoop-ozone/ozonefs/target/test-dir/MiniOzoneClusterImpl-a40249e3-ad88-49f0-907e-ff9d9448a317/datanode-1/data/ratis/a8842622-3803-4e1e-8f52-9acf12d80cdd has been successfully formatted.
2019-09-20 08:26:04,132 [pool-144-thread-1] INFO  ratis.ContainerStateMachine (ContainerStateMachine.java:loadSnapshot(226)) - group-9ACF12D80CDD: The snapshot info is null. Setting the last applied indexto:(t:0, i:~)
2019-09-20 08:26:04,132 [pool-144-thread-1] INFO  server.RaftServerConfigKeys (ConfUtils.java:logGet(43)) - raft.server.leader.election.timeout = 120s (custom)
2019-09-20 08:26:04,132 [pool-144-thread-1] INFO  server.RaftServerConfigKeys (ConfUtils.java:logGet(43)) - raft.server.log.use.memory = false (default)
2019-09-20 08:26:04,132 [pool-144-thread-1] INFO  server.RaftServerConfigKeys (ConfUtils.java:logGet(43)) - raft.server.log.purge.gap = 1000000 (custom)
2019-09-20 08:26:04,133 [pool-144-thread-1] INFO  server.RaftServerConfigKeys (ConfUtils.java:logGet(43)) - raft.server.log.appender.buffer.byte-limit = 33554432 (custom)
2019-09-20 08:26:04,133 [pool-144-thread-1] INFO  server.RaftServerConfigKeys (ConfUtils.java:logGet(43)) - raft.server.log.segment.size.max = 1048576 (custom)
2019-09-20 08:26:04,133 [pool-144-thread-1] INFO  server.RaftServerConfigKeys (ConfUtils.java:logGet(43)) - raft.server.log.segment.cache.num.max = 2 (custom)
2019-09-20 08:26:04,133 [pool-144-thread-1] INFO  segmented.SegmentedRaftLogWorker (SegmentedRaftLogWorker.java:<init>(172)) - new 988fcea2-3b3e-440a-b8e7-e4388109ae8d-SegmentedRaftLogWorker:Storage Directory /workdir/hadoop-ozone/ozonefs/target/test-dir/MiniOzoneClusterImpl-a40249e3-ad88-49f0-907e-ff9d9448a317/datanode-1/data/ratis/a8842622-3803-4e1e-8f52-9acf12d80cdd for RaftStorage:Storage Directory /workdir/hadoop-ozone/ozonefs/target/test-dir/MiniOzoneClusterImpl-a40249e3-ad88-49f0-907e-ff9d9448a317/datanode-1/data/ratis/a8842622-3803-4e1e-8f52-9acf12d80cdd
2019-09-20 08:26:04,133 [pool-144-thread-1] INFO  server.RaftServerConfigKeys (ConfUtils.java:logGet(43)) - raft.server.log.queue.byte-limit = 2147483647 (custom)
2019-09-20 08:26:04,133 [pool-144-thread-1] INFO  server.RaftServerConfigKeys (ConfUtils.java:logGet(43)) - raft.server.log.queue.element-limit = 1024 (custom)
2019-09-20 08:26:04,133 [pool-144-thread-1] INFO  server.RaftServerConfigKeys (ConfUtils.java:logGet(43)) - raft.server.log.segment.size.max = 1048576 (custom)
2019-09-20 08:26:04,133 [pool-144-thread-1] INFO  server.RaftServerConfigKeys (ConfUtils.java:logGet(43)) - raft.server.log.preallocated.size = 16384 (custom)
2019-09-20 08:26:04,133 [pool-144-thread-1] INFO  server.RaftServerConfigKeys (ConfUtils.java:logGet(43)) - raft.server.log.write.buffer.size = 33554432 (custom)
2019-09-20 08:26:04,133 [pool-144-thread-1] INFO  server.RaftServerConfigKeys (ConfUtils.java:logGet(43)) - raft.server.log.force.sync.num = 128 (default)
2019-09-20 08:26:04,134 [pool-144-thread-1] INFO  server.RaftServerConfigKeys (ConfUtils.java:logGet(43)) - raft.server.log.statemachine.data.sync = true (default)
2019-09-20 08:26:04,134 [pool-144-thread-1] INFO  server.RaftServerConfigKeys (ConfUtils.java:logGet(43)) - raft.server.log.statemachine.data.sync.timeout = 10s (default)
2019-09-20 08:26:04,134 [pool-144-thread-1] INFO  server.RaftServerConfigKeys (ConfUtils.java:logGet(43)) - raft.server.log.statemachine.data.sync.timeout.retry = -1 (default)
2019-09-20 08:26:04,134 [pool-144-thread-1] INFO  server.RaftServerConfigKeys (ConfUtils.java:logGet(43)) - raft.server.log.statemachine.data.caching.enabled = true (custom)
2019-09-20 08:26:04,134 [pool-144-thread-1] INFO  segmented.SegmentedRaftLogWorker (SegmentedRaftLogWorker.java:lambda$new$0(132)) - 988fcea2-3b3e-440a-b8e7-e4388109ae8d-SegmentedRaftLogWorker:Storage Directory /workdir/hadoop-ozone/ozonefs/target/test-dir/MiniOzoneClusterImpl-a40249e3-ad88-49f0-907e-ff9d9448a317/datanode-1/data/ratis/a8842622-3803-4e1e-8f52-9acf12d80cdd: flushIndex: setUnconditionally 0 -> -1
2019-09-20 08:26:04,134 [pool-144-thread-1] INFO  server.RaftServerConfigKeys (ConfUtils.java:logGet(43)) - raft.server.snapshot.auto.trigger.enabled = true (custom)
2019-09-20 08:26:04,134 [pool-144-thread-1] INFO  server.RaftServerConfigKeys (ConfUtils.java:logGet(43)) - raft.server.snapshot.auto.trigger.threshold = 10000 (custom)
2019-09-20 08:26:04,134 [pool-144-thread-1] INFO  server.RaftServerConfigKeys (ConfUtils.java:logGet(43)) - raft.server.retrycache.expirytime = 600000ms (custom)
2019-09-20 08:26:04,135 [pool-144-thread-1] INFO  impl.RaftServerImpl (RaftServerImpl.java:start(180)) - 988fcea2-3b3e-440a-b8e7-e4388109ae8d: start group-9ACF12D80CDD
2019-09-20 08:26:04,135 [pool-144-thread-1] INFO  impl.RaftServerImpl (RaftServerImpl.java:setRole(171)) - 988fcea2-3b3e-440a-b8e7-e4388109ae8d:group-9ACF12D80CDD changes role from null to FOLLOWER at term 0 for startAsFollower
2019-09-20 08:26:04,135 [pool-144-thread-1] INFO  impl.RoleInfo (RoleInfo.java:updateAndGet(143)) - 988fcea2-3b3e-440a-b8e7-e4388109ae8d: start FollowerState
2019-09-20 08:26:04,135 [pool-144-thread-1] INFO  util.JmxRegister (JmxRegister.java:tryRegister(44)) - Successfully registered JMX Bean with object name Ratis:service=RaftServer,group=group-9ACF12D80CDD,id=988fcea2-3b3e-440a-b8e7-e4388109ae8d
2019-09-20 08:26:04,137 [RatisPipelineUtilsThread] INFO  pipeline.PipelineStateManager (PipelineStateManager.java:addPipeline(56)) - Created pipeline Pipeline[ Id: a8842622-3803-4e1e-8f52-9acf12d80cdd, Nodes: 988fcea2-3b3e-440a-b8e7-e4388109ae8d{ip: 192.168.34.27, host: pr-hdds-1569-6tbh6-3362816358, networkLocation: /default-rack, certSerialId: null}, Type:RATIS, Factor:ONE, State:OPEN]
2019-09-20 08:26:04,142 [grpc-default-executor-0] INFO  impl.RaftServerProxy (RaftServerProxy.java:addNew(89)) - ff26e422-1088-4b2b-acda-93f40e9fa7a5: addNew group-54865B4708C6:[ff26e422-1088-4b2b-acda-93f40e9fa7a5:192.168.34.27:34433] returns group-54865B4708C6:java.util.concurrent.CompletableFuture@1248bdc4[Not completed]
2019-09-20 08:26:04,143 [pool-133-thread-1] INFO  impl.RaftServerImpl (RaftServerImpl.java:<init>(93)) - ff26e422-1088-4b2b-acda-93f40e9fa7a5: new RaftServerImpl for group-54865B4708C6:[ff26e422-1088-4b2b-acda-93f40e9fa7a5:192.168.34.27:34433] with ContainerStateMachine:uninitialized
2019-09-20 08:26:04,143 [pool-133-thread-1] INFO  server.RaftServerConfigKeys (ConfUtils.java:logGet(43)) - raft.server.rpc.timeout.min = 5s (custom)
2019-09-20 08:26:04,143 [pool-133-thread-1] INFO  server.RaftServerConfigKeys (ConfUtils.java:logGet(43)) - raft.server.rpc.timeout.max = 5200ms (custom)
2019-09-20 08:26:04,143 [pool-133-thread-1] INFO  server.RaftServerConfigKeys (ConfUtils.java:logGet(43)) - raft.server.rpcslowness.timeout = 120s (custom)
2019-09-20 08:26:04,144 [pool-133-thread-1] INFO  server.RaftServerConfigKeys (ConfUtils.java:logGet(43)) - raft.server.sleep.deviation.threshold = 300 (default)
2019-09-20 08:26:04,144 [pool-133-thread-1] INFO  server.RaftServerConfigKeys (ConfUtils.java:logGet(43)) - raft.server.log.appender.install.snapshot.enabled = false (custom)
2019-09-20 08:26:04,144 [pool-133-thread-1] INFO  impl.RaftServerImpl (ServerState.java:<init>(105)) - ff26e422-1088-4b2b-acda-93f40e9fa7a5:group-54865B4708C6 ConfigurationManager, init=-1: [ff26e422-1088-4b2b-acda-93f40e9fa7a5:192.168.34.27:34433], old=null, confs=<EMPTY_MAP>
2019-09-20 08:26:04,144 [pool-133-thread-1] INFO  server.RaftServerConfigKeys (ConfUtils.java:logGet(43)) - raft.server.storage.dir = [/workdir/hadoop-ozone/ozonefs/target/test-dir/MiniOzoneClusterImpl-a40249e3-ad88-49f0-907e-ff9d9448a317/datanode-0/data/ratis] (custom)
2019-09-20 08:26:04,144 [pool-133-thread-1] INFO  storage.RaftStorageDirectory (RaftStorageDirectory.java:analyzeStorage(246)) - The storage directory /workdir/hadoop-ozone/ozonefs/target/test-dir/MiniOzoneClusterImpl-a40249e3-ad88-49f0-907e-ff9d9448a317/datanode-0/data/ratis/8c190ab0-ad72-48a5-9b97-54865b4708c6 does not exist. Creating ...
2019-09-20 08:26:04,157 [pool-133-thread-1] INFO  storage.RaftStorageDirectory (RaftStorageDirectory.java:tryLock(328)) - Lock on /workdir/hadoop-ozone/ozonefs/target/test-dir/MiniOzoneClusterImpl-a40249e3-ad88-49f0-907e-ff9d9448a317/datanode-0/data/ratis/8c190ab0-ad72-48a5-9b97-54865b4708c6/in_use.lock acquired by nodename 28782@pr-hdds-1569-6tbh6-3362816358
2019-09-20 08:26:04,161 [Thread-538] INFO  ozone.MiniOzoneClusterImpl (MiniOzoneClusterImpl.java:lambda$waitForClusterToBeReady$0(142)) - Waiting for cluster to be ready. Got 2 of 3 DN Heartbeats.
2019-09-20 08:26:04,162 [IPC Server handler 2 on 39316] INFO  net.NetworkTopology (NetworkTopologyImpl.java:add(110)) - Added a new node: /default-rack/0028b382-670b-4338-9596-da2561481baf
2019-09-20 08:26:04,162 [IPC Server handler 2 on 39316] INFO  node.SCMNodeManager (SCMNodeManager.java:register(273)) - Registered Data node : 0028b382-670b-4338-9596-da2561481baf{ip: 192.168.34.27, host: pr-hdds-1569-6tbh6-3362816358, networkLocation: /default-rack, certSerialId: null}
2019-09-20 08:26:04,163 | INFO  | SCMAudit | user=jenkins1000 | ip=192.168.34.27 | op=REGISTER {datanodeDetails=0028b382-670b-4338-9596-da2561481baf{ip: 192.168.34.27, host: pr-hdds-1569-6tbh6-3362816358, networkLocation: /default-rack, certSerialId: null}} | ret=SUCCESS |  
2019-09-20 08:26:04,169 [pool-133-thread-1] INFO  storage.RaftStorage (RaftStorage.java:format(72)) - Storage directory /workdir/hadoop-ozone/ozonefs/target/test-dir/MiniOzoneClusterImpl-a40249e3-ad88-49f0-907e-ff9d9448a317/datanode-0/data/ratis/8c190ab0-ad72-48a5-9b97-54865b4708c6 has been successfully formatted.
2019-09-20 08:26:04,169 [pool-133-thread-1] INFO  ratis.ContainerStateMachine (ContainerStateMachine.java:loadSnapshot(226)) - group-54865B4708C6: The snapshot info is null. Setting the last applied indexto:(t:0, i:~)
2019-09-20 08:26:04,169 [pool-133-thread-1] INFO  server.RaftServerConfigKeys (ConfUtils.java:logGet(43)) - raft.server.leader.election.timeout = 120s (custom)
2019-09-20 08:26:04,169 [pool-133-thread-1] INFO  server.RaftServerConfigKeys (ConfUtils.java:logGet(43)) - raft.server.log.use.memory = false (default)
2019-09-20 08:26:04,170 [pool-133-thread-1] INFO  server.RaftServerConfigKeys (ConfUtils.java:logGet(43)) - raft.server.log.purge.gap = 1000000 (custom)
2019-09-20 08:26:04,170 [pool-133-thread-1] INFO  server.RaftServerConfigKeys (ConfUtils.java:logGet(43)) - raft.server.log.appender.buffer.byte-limit = 33554432 (custom)
2019-09-20 08:26:04,170 [pool-133-thread-1] INFO  server.RaftServerConfigKeys (ConfUtils.java:logGet(43)) - raft.server.log.segment.size.max = 1048576 (custom)
2019-09-20 08:26:04,170 [pool-133-thread-1] INFO  server.RaftServerConfigKeys (ConfUtils.java:logGet(43)) - raft.server.log.segment.cache.num.max = 2 (custom)
2019-09-20 08:26:04,170 [pool-133-thread-1] INFO  segmented.SegmentedRaftLogWorker (SegmentedRaftLogWorker.java:<init>(172)) - new ff26e422-1088-4b2b-acda-93f40e9fa7a5-SegmentedRaftLogWorker:Storage Directory /workdir/hadoop-ozone/ozonefs/target/test-dir/MiniOzoneClusterImpl-a40249e3-ad88-49f0-907e-ff9d9448a317/datanode-0/data/ratis/8c190ab0-ad72-48a5-9b97-54865b4708c6 for RaftStorage:Storage Directory /workdir/hadoop-ozone/ozonefs/target/test-dir/MiniOzoneClusterImpl-a40249e3-ad88-49f0-907e-ff9d9448a317/datanode-0/data/ratis/8c190ab0-ad72-48a5-9b97-54865b4708c6
2019-09-20 08:26:04,170 [pool-133-thread-1] INFO  server.RaftServerConfigKeys (ConfUtils.java:logGet(43)) - raft.server.log.queue.byte-limit = 2147483647 (custom)
2019-09-20 08:26:04,170 [pool-133-thread-1] INFO  server.RaftServerConfigKeys (ConfUtils.java:logGet(43)) - raft.server.log.queue.element-limit = 1024 (custom)
2019-09-20 08:26:04,170 [pool-133-thread-1] INFO  server.RaftServerConfigKeys (ConfUtils.java:logGet(43)) - raft.server.log.segment.size.max = 1048576 (custom)
2019-09-20 08:26:04,170 [pool-133-thread-1] INFO  server.RaftServerConfigKeys (ConfUtils.java:logGet(43)) - raft.server.log.preallocated.size = 16384 (custom)
2019-09-20 08:26:04,170 [pool-133-thread-1] INFO  server.RaftServerConfigKeys (ConfUtils.java:logGet(43)) - raft.server.log.write.buffer.size = 33554432 (custom)
2019-09-20 08:26:04,171 [pool-133-thread-1] INFO  server.RaftServerConfigKeys (ConfUtils.java:logGet(43)) - raft.server.log.force.sync.num = 128 (default)
2019-09-20 08:26:04,171 [pool-133-thread-1] INFO  server.RaftServerConfigKeys (ConfUtils.java:logGet(43)) - raft.server.log.statemachine.data.sync = true (default)
2019-09-20 08:26:04,171 [pool-133-thread-1] INFO  server.RaftServerConfigKeys (ConfUtils.java:logGet(43)) - raft.server.log.statemachine.data.sync.timeout = 10s (default)
2019-09-20 08:26:04,171 [pool-133-thread-1] INFO  server.RaftServerConfigKeys (ConfUtils.java:logGet(43)) - raft.server.log.statemachine.data.sync.timeout.retry = -1 (default)
2019-09-20 08:26:04,171 [pool-133-thread-1] INFO  server.RaftServerConfigKeys (ConfUtils.java:logGet(43)) - raft.server.log.statemachine.data.caching.enabled = true (custom)
2019-09-20 08:26:04,171 [pool-133-thread-1] INFO  segmented.SegmentedRaftLogWorker (SegmentedRaftLogWorker.java:lambda$new$0(132)) - ff26e422-1088-4b2b-acda-93f40e9fa7a5-SegmentedRaftLogWorker:Storage Directory /workdir/hadoop-ozone/ozonefs/target/test-dir/MiniOzoneClusterImpl-a40249e3-ad88-49f0-907e-ff9d9448a317/datanode-0/data/ratis/8c190ab0-ad72-48a5-9b97-54865b4708c6: flushIndex: setUnconditionally 0 -> -1
2019-09-20 08:26:04,172 [pool-133-thread-1] INFO  server.RaftServerConfigKeys (ConfUtils.java:logGet(43)) - raft.server.snapshot.auto.trigger.enabled = true (custom)
2019-09-20 08:26:04,172 [pool-133-thread-1] INFO  server.RaftServerConfigKeys (ConfUtils.java:logGet(43)) - raft.server.snapshot.auto.trigger.threshold = 10000 (custom)
2019-09-20 08:26:04,172 [pool-133-thread-1] INFO  server.RaftServerConfigKeys (ConfUtils.java:logGet(43)) - raft.server.retrycache.expirytime = 600000ms (custom)
2019-09-20 08:26:04,172 [pool-133-thread-1] INFO  impl.RaftServerImpl (RaftServerImpl.java:start(180)) - ff26e422-1088-4b2b-acda-93f40e9fa7a5: start group-54865B4708C6
2019-09-20 08:26:04,172 [pool-133-thread-1] INFO  impl.RaftServerImpl (RaftServerImpl.java:setRole(171)) - ff26e422-1088-4b2b-acda-93f40e9fa7a5:group-54865B4708C6 changes role from null to FOLLOWER at term 0 for startAsFollower
2019-09-20 08:26:04,172 [pool-133-thread-1] INFO  impl.RoleInfo (RoleInfo.java:updateAndGet(143)) - ff26e422-1088-4b2b-acda-93f40e9fa7a5: start FollowerState
2019-09-20 08:26:04,172 [pool-133-thread-1] INFO  util.JmxRegister (JmxRegister.java:tryRegister(44)) - Successfully registered JMX Bean with object name Ratis:service=RaftServer,group=group-54865B4708C6,id=ff26e422-1088-4b2b-acda-93f40e9fa7a5
2019-09-20 08:26:04,175 [RatisPipelineUtilsThread] INFO  pipeline.PipelineStateManager (PipelineStateManager.java:addPipeline(56)) - Created pipeline Pipeline[ Id: 8c190ab0-ad72-48a5-9b97-54865b4708c6, Nodes: ff26e422-1088-4b2b-acda-93f40e9fa7a5{ip: 192.168.34.27, host: pr-hdds-1569-6tbh6-3362816358, networkLocation: /default-rack, certSerialId: null}, Type:RATIS, Factor:ONE, State:OPEN]
2019-09-20 08:26:04,175 [RatisPipelineUtilsThread] INFO  pipeline.PipelinePlacementPolicy (PipelinePlacementPolicy.java:meetCriteria(91)) - Pipeline Placement: Doesn't meet the criteria to be viable node： ff26e422-1088-4b2b-acda-93f40e9fa7a5 Heaviness: 6 limit: 5
2019-09-20 08:26:04,180 [grpc-default-executor-0] INFO  impl.RaftServerProxy (RaftServerProxy.java:addNew(89)) - 988fcea2-3b3e-440a-b8e7-e4388109ae8d: addNew group-E94C3D550E56:[988fcea2-3b3e-440a-b8e7-e4388109ae8d:192.168.34.27:45013] returns group-E94C3D550E56:java.util.concurrent.CompletableFuture@267b581a[Not completed]
2019-09-20 08:26:04,181 [pool-144-thread-1] INFO  impl.RaftServerImpl (RaftServerImpl.java:<init>(93)) - 988fcea2-3b3e-440a-b8e7-e4388109ae8d: new RaftServerImpl for group-E94C3D550E56:[988fcea2-3b3e-440a-b8e7-e4388109ae8d:192.168.34.27:45013] with ContainerStateMachine:uninitialized
2019-09-20 08:26:04,181 [pool-144-thread-1] INFO  server.RaftServerConfigKeys (ConfUtils.java:logGet(43)) - raft.server.rpc.timeout.min = 5s (custom)
2019-09-20 08:26:04,181 [pool-144-thread-1] INFO  server.RaftServerConfigKeys (ConfUtils.java:logGet(43)) - raft.server.rpc.timeout.max = 5200ms (custom)
2019-09-20 08:26:04,181 [pool-144-thread-1] INFO  server.RaftServerConfigKeys (ConfUtils.java:logGet(43)) - raft.server.rpcslowness.timeout = 120s (custom)
2019-09-20 08:26:04,181 [pool-144-thread-1] INFO  server.RaftServerConfigKeys (ConfUtils.java:logGet(43)) - raft.server.sleep.deviation.threshold = 300 (default)
2019-09-20 08:26:04,181 [pool-144-thread-1] INFO  server.RaftServerConfigKeys (ConfUtils.java:logGet(43)) - raft.server.log.appender.install.snapshot.enabled = false (custom)
2019-09-20 08:26:04,181 [pool-144-thread-1] INFO  impl.RaftServerImpl (ServerState.java:<init>(105)) - 988fcea2-3b3e-440a-b8e7-e4388109ae8d:group-E94C3D550E56 ConfigurationManager, init=-1: [988fcea2-3b3e-440a-b8e7-e4388109ae8d:192.168.34.27:45013], old=null, confs=<EMPTY_MAP>
2019-09-20 08:26:04,182 [pool-144-thread-1] INFO  server.RaftServerConfigKeys (ConfUtils.java:logGet(43)) - raft.server.storage.dir = [/workdir/hadoop-ozone/ozonefs/target/test-dir/MiniOzoneClusterImpl-a40249e3-ad88-49f0-907e-ff9d9448a317/datanode-1/data/ratis] (custom)
2019-09-20 08:26:04,182 [pool-144-thread-1] INFO  storage.RaftStorageDirectory (RaftStorageDirectory.java:analyzeStorage(246)) - The storage directory /workdir/hadoop-ozone/ozonefs/target/test-dir/MiniOzoneClusterImpl-a40249e3-ad88-49f0-907e-ff9d9448a317/datanode-1/data/ratis/615db830-1f76-4d8c-91fd-e94c3d550e56 does not exist. Creating ...
2019-09-20 08:26:04,194 [pool-144-thread-1] INFO  storage.RaftStorageDirectory (RaftStorageDirectory.java:tryLock(328)) - Lock on /workdir/hadoop-ozone/ozonefs/target/test-dir/MiniOzoneClusterImpl-a40249e3-ad88-49f0-907e-ff9d9448a317/datanode-1/data/ratis/615db830-1f76-4d8c-91fd-e94c3d550e56/in_use.lock acquired by nodename 28782@pr-hdds-1569-6tbh6-3362816358
2019-09-20 08:26:04,207 [pool-144-thread-1] INFO  storage.RaftStorage (RaftStorage.java:format(72)) - Storage directory /workdir/hadoop-ozone/ozonefs/target/test-dir/MiniOzoneClusterImpl-a40249e3-ad88-49f0-907e-ff9d9448a317/datanode-1/data/ratis/615db830-1f76-4d8c-91fd-e94c3d550e56 has been successfully formatted.
2019-09-20 08:26:04,207 [pool-144-thread-1] INFO  ratis.ContainerStateMachine (ContainerStateMachine.java:loadSnapshot(226)) - group-E94C3D550E56: The snapshot info is null. Setting the last applied indexto:(t:0, i:~)
2019-09-20 08:26:04,207 [pool-144-thread-1] INFO  server.RaftServerConfigKeys (ConfUtils.java:logGet(43)) - raft.server.leader.election.timeout = 120s (custom)
2019-09-20 08:26:04,207 [pool-144-thread-1] INFO  server.RaftServerConfigKeys (ConfUtils.java:logGet(43)) - raft.server.log.use.memory = false (default)
2019-09-20 08:26:04,207 [pool-144-thread-1] INFO  server.RaftServerConfigKeys (ConfUtils.java:logGet(43)) - raft.server.log.purge.gap = 1000000 (custom)
2019-09-20 08:26:04,207 [pool-144-thread-1] INFO  server.RaftServerConfigKeys (ConfUtils.java:logGet(43)) - raft.server.log.appender.buffer.byte-limit = 33554432 (custom)
2019-09-20 08:26:04,208 [pool-144-thread-1] INFO  server.RaftServerConfigKeys (ConfUtils.java:logGet(43)) - raft.server.log.segment.size.max = 1048576 (custom)
2019-09-20 08:26:04,208 [pool-144-thread-1] INFO  server.RaftServerConfigKeys (ConfUtils.java:logGet(43)) - raft.server.log.segment.cache.num.max = 2 (custom)
2019-09-20 08:26:04,208 [pool-144-thread-1] INFO  segmented.SegmentedRaftLogWorker (SegmentedRaftLogWorker.java:<init>(172)) - new 988fcea2-3b3e-440a-b8e7-e4388109ae8d-SegmentedRaftLogWorker:Storage Directory /workdir/hadoop-ozone/ozonefs/target/test-dir/MiniOzoneClusterImpl-a40249e3-ad88-49f0-907e-ff9d9448a317/datanode-1/data/ratis/615db830-1f76-4d8c-91fd-e94c3d550e56 for RaftStorage:Storage Directory /workdir/hadoop-ozone/ozonefs/target/test-dir/MiniOzoneClusterImpl-a40249e3-ad88-49f0-907e-ff9d9448a317/datanode-1/data/ratis/615db830-1f76-4d8c-91fd-e94c3d550e56
2019-09-20 08:26:04,208 [pool-144-thread-1] INFO  server.RaftServerConfigKeys (ConfUtils.java:logGet(43)) - raft.server.log.queue.byte-limit = 2147483647 (custom)
2019-09-20 08:26:04,208 [pool-144-thread-1] INFO  server.RaftServerConfigKeys (ConfUtils.java:logGet(43)) - raft.server.log.queue.element-limit = 1024 (custom)
2019-09-20 08:26:04,208 [pool-144-thread-1] INFO  server.RaftServerConfigKeys (ConfUtils.java:logGet(43)) - raft.server.log.segment.size.max = 1048576 (custom)
2019-09-20 08:26:04,209 [pool-144-thread-1] INFO  server.RaftServerConfigKeys (ConfUtils.java:logGet(43)) - raft.server.log.preallocated.size = 16384 (custom)
2019-09-20 08:26:04,209 [pool-144-thread-1] INFO  server.RaftServerConfigKeys (ConfUtils.java:logGet(43)) - raft.server.log.write.buffer.size = 33554432 (custom)
2019-09-20 08:26:04,209 [pool-144-thread-1] INFO  server.RaftServerConfigKeys (ConfUtils.java:logGet(43)) - raft.server.log.force.sync.num = 128 (default)
2019-09-20 08:26:04,209 [pool-144-thread-1] INFO  server.RaftServerConfigKeys (ConfUtils.java:logGet(43)) - raft.server.log.statemachine.data.sync = true (default)
2019-09-20 08:26:04,209 [pool-144-thread-1] INFO  server.RaftServerConfigKeys (ConfUtils.java:logGet(43)) - raft.server.log.statemachine.data.sync.timeout = 10s (default)
2019-09-20 08:26:04,209 [pool-144-thread-1] INFO  server.RaftServerConfigKeys (ConfUtils.java:logGet(43)) - raft.server.log.statemachine.data.sync.timeout.retry = -1 (default)
2019-09-20 08:26:04,209 [pool-144-thread-1] INFO  server.RaftServerConfigKeys (ConfUtils.java:logGet(43)) - raft.server.log.statemachine.data.caching.enabled = true (custom)
2019-09-20 08:26:04,210 [pool-144-thread-1] INFO  segmented.SegmentedRaftLogWorker (SegmentedRaftLogWorker.java:lambda$new$0(132)) - 988fcea2-3b3e-440a-b8e7-e4388109ae8d-SegmentedRaftLogWorker:Storage Directory /workdir/hadoop-ozone/ozonefs/target/test-dir/MiniOzoneClusterImpl-a40249e3-ad88-49f0-907e-ff9d9448a317/datanode-1/data/ratis/615db830-1f76-4d8c-91fd-e94c3d550e56: flushIndex: setUnconditionally 0 -> -1
2019-09-20 08:26:04,210 [pool-144-thread-1] INFO  server.RaftServerConfigKeys (ConfUtils.java:logGet(43)) - raft.server.snapshot.auto.trigger.enabled = true (custom)
2019-09-20 08:26:04,210 [pool-144-thread-1] INFO  server.RaftServerConfigKeys (ConfUtils.java:logGet(43)) - raft.server.snapshot.auto.trigger.threshold = 10000 (custom)
2019-09-20 08:26:04,210 [pool-144-thread-1] INFO  server.RaftServerConfigKeys (ConfUtils.java:logGet(43)) - raft.server.retrycache.expirytime = 600000ms (custom)
2019-09-20 08:26:04,211 [pool-144-thread-1] INFO  impl.RaftServerImpl (RaftServerImpl.java:start(180)) - 988fcea2-3b3e-440a-b8e7-e4388109ae8d: start group-E94C3D550E56
2019-09-20 08:26:04,211 [pool-144-thread-1] INFO  impl.RaftServerImpl (RaftServerImpl.java:setRole(171)) - 988fcea2-3b3e-440a-b8e7-e4388109ae8d:group-E94C3D550E56 changes role from null to FOLLOWER at term 0 for startAsFollower
2019-09-20 08:26:04,211 [pool-144-thread-1] INFO  impl.RoleInfo (RoleInfo.java:updateAndGet(143)) - 988fcea2-3b3e-440a-b8e7-e4388109ae8d: start FollowerState
2019-09-20 08:26:04,211 [pool-144-thread-1] INFO  util.JmxRegister (JmxRegister.java:tryRegister(44)) - Successfully registered JMX Bean with object name Ratis:service=RaftServer,group=group-E94C3D550E56,id=988fcea2-3b3e-440a-b8e7-e4388109ae8d
2019-09-20 08:26:04,214 [RatisPipelineUtilsThread] INFO  pipeline.PipelineStateManager (PipelineStateManager.java:addPipeline(56)) - Created pipeline Pipeline[ Id: 615db830-1f76-4d8c-91fd-e94c3d550e56, Nodes: 988fcea2-3b3e-440a-b8e7-e4388109ae8d{ip: 192.168.34.27, host: pr-hdds-1569-6tbh6-3362816358, networkLocation: /default-rack, certSerialId: null}, Type:RATIS, Factor:ONE, State:OPEN]
2019-09-20 08:26:04,214 [RatisPipelineUtilsThread] INFO  pipeline.PipelinePlacementPolicy (PipelinePlacementPolicy.java:meetCriteria(91)) - Pipeline Placement: Doesn't meet the criteria to be viable node： ff26e422-1088-4b2b-acda-93f40e9fa7a5 Heaviness: 6 limit: 5
2019-09-20 08:26:04,220 [grpc-default-executor-0] INFO  impl.RaftServerProxy (RaftServerProxy.java:addNew(89)) - 988fcea2-3b3e-440a-b8e7-e4388109ae8d: addNew group-C445A43CF9A7:[988fcea2-3b3e-440a-b8e7-e4388109ae8d:192.168.34.27:45013] returns group-C445A43CF9A7:java.util.concurrent.CompletableFuture@6617128f[Not completed]
2019-09-20 08:26:04,220 [pool-144-thread-1] INFO  impl.RaftServerImpl (RaftServerImpl.java:<init>(93)) - 988fcea2-3b3e-440a-b8e7-e4388109ae8d: new RaftServerImpl for group-C445A43CF9A7:[988fcea2-3b3e-440a-b8e7-e4388109ae8d:192.168.34.27:45013] with ContainerStateMachine:uninitialized
2019-09-20 08:26:04,220 [pool-144-thread-1] INFO  server.RaftServerConfigKeys (ConfUtils.java:logGet(43)) - raft.server.rpc.timeout.min = 5s (custom)
2019-09-20 08:26:04,220 [pool-144-thread-1] INFO  server.RaftServerConfigKeys (ConfUtils.java:logGet(43)) - raft.server.rpc.timeout.max = 5200ms (custom)
2019-09-20 08:26:04,221 [pool-144-thread-1] INFO  server.RaftServerConfigKeys (ConfUtils.java:logGet(43)) - raft.server.rpcslowness.timeout = 120s (custom)
2019-09-20 08:26:04,221 [pool-144-thread-1] INFO  server.RaftServerConfigKeys (ConfUtils.java:logGet(43)) - raft.server.sleep.deviation.threshold = 300 (default)
2019-09-20 08:26:04,221 [pool-144-thread-1] INFO  server.RaftServerConfigKeys (ConfUtils.java:logGet(43)) - raft.server.log.appender.install.snapshot.enabled = false (custom)
2019-09-20 08:26:04,221 [pool-144-thread-1] INFO  impl.RaftServerImpl (ServerState.java:<init>(105)) - 988fcea2-3b3e-440a-b8e7-e4388109ae8d:group-C445A43CF9A7 ConfigurationManager, init=-1: [988fcea2-3b3e-440a-b8e7-e4388109ae8d:192.168.34.27:45013], old=null, confs=<EMPTY_MAP>
2019-09-20 08:26:04,221 [pool-144-thread-1] INFO  server.RaftServerConfigKeys (ConfUtils.java:logGet(43)) - raft.server.storage.dir = [/workdir/hadoop-ozone/ozonefs/target/test-dir/MiniOzoneClusterImpl-a40249e3-ad88-49f0-907e-ff9d9448a317/datanode-1/data/ratis] (custom)
2019-09-20 08:26:04,221 [pool-144-thread-1] INFO  storage.RaftStorageDirectory (RaftStorageDirectory.java:analyzeStorage(246)) - The storage directory /workdir/hadoop-ozone/ozonefs/target/test-dir/MiniOzoneClusterImpl-a40249e3-ad88-49f0-907e-ff9d9448a317/datanode-1/data/ratis/82ffaf1d-2163-4dff-90b6-c445a43cf9a7 does not exist. Creating ...
2019-09-20 08:26:04,235 [pool-144-thread-1] INFO  storage.RaftStorageDirectory (RaftStorageDirectory.java:tryLock(328)) - Lock on /workdir/hadoop-ozone/ozonefs/target/test-dir/MiniOzoneClusterImpl-a40249e3-ad88-49f0-907e-ff9d9448a317/datanode-1/data/ratis/82ffaf1d-2163-4dff-90b6-c445a43cf9a7/in_use.lock acquired by nodename 28782@pr-hdds-1569-6tbh6-3362816358
2019-09-20 08:26:04,248 [pool-144-thread-1] INFO  storage.RaftStorage (RaftStorage.java:format(72)) - Storage directory /workdir/hadoop-ozone/ozonefs/target/test-dir/MiniOzoneClusterImpl-a40249e3-ad88-49f0-907e-ff9d9448a317/datanode-1/data/ratis/82ffaf1d-2163-4dff-90b6-c445a43cf9a7 has been successfully formatted.
2019-09-20 08:26:04,248 [pool-144-thread-1] INFO  ratis.ContainerStateMachine (ContainerStateMachine.java:loadSnapshot(226)) - group-C445A43CF9A7: The snapshot info is null. Setting the last applied indexto:(t:0, i:~)
2019-09-20 08:26:04,248 [pool-144-thread-1] INFO  server.RaftServerConfigKeys (ConfUtils.java:logGet(43)) - raft.server.leader.election.timeout = 120s (custom)
2019-09-20 08:26:04,248 [pool-144-thread-1] INFO  server.RaftServerConfigKeys (ConfUtils.java:logGet(43)) - raft.server.log.use.memory = false (default)
2019-09-20 08:26:04,248 [pool-144-thread-1] INFO  server.RaftServerConfigKeys (ConfUtils.java:logGet(43)) - raft.server.log.purge.gap = 1000000 (custom)
2019-09-20 08:26:04,248 [pool-144-thread-1] INFO  server.RaftServerConfigKeys (ConfUtils.java:logGet(43)) - raft.server.log.appender.buffer.byte-limit = 33554432 (custom)
2019-09-20 08:26:04,249 [pool-144-thread-1] INFO  server.RaftServerConfigKeys (ConfUtils.java:logGet(43)) - raft.server.log.segment.size.max = 1048576 (custom)
2019-09-20 08:26:04,249 [pool-144-thread-1] INFO  server.RaftServerConfigKeys (ConfUtils.java:logGet(43)) - raft.server.log.segment.cache.num.max = 2 (custom)
2019-09-20 08:26:04,249 [pool-144-thread-1] INFO  segmented.SegmentedRaftLogWorker (SegmentedRaftLogWorker.java:<init>(172)) - new 988fcea2-3b3e-440a-b8e7-e4388109ae8d-SegmentedRaftLogWorker:Storage Directory /workdir/hadoop-ozone/ozonefs/target/test-dir/MiniOzoneClusterImpl-a40249e3-ad88-49f0-907e-ff9d9448a317/datanode-1/data/ratis/82ffaf1d-2163-4dff-90b6-c445a43cf9a7 for RaftStorage:Storage Directory /workdir/hadoop-ozone/ozonefs/target/test-dir/MiniOzoneClusterImpl-a40249e3-ad88-49f0-907e-ff9d9448a317/datanode-1/data/ratis/82ffaf1d-2163-4dff-90b6-c445a43cf9a7
2019-09-20 08:26:04,249 [pool-144-thread-1] INFO  server.RaftServerConfigKeys (ConfUtils.java:logGet(43)) - raft.server.log.queue.byte-limit = 2147483647 (custom)
2019-09-20 08:26:04,249 [pool-144-thread-1] INFO  server.RaftServerConfigKeys (ConfUtils.java:logGet(43)) - raft.server.log.queue.element-limit = 1024 (custom)
2019-09-20 08:26:04,249 [pool-144-thread-1] INFO  server.RaftServerConfigKeys (ConfUtils.java:logGet(43)) - raft.server.log.segment.size.max = 1048576 (custom)
2019-09-20 08:26:04,249 [pool-144-thread-1] INFO  server.RaftServerConfigKeys (ConfUtils.java:logGet(43)) - raft.server.log.preallocated.size = 16384 (custom)
2019-09-20 08:26:04,249 [pool-144-thread-1] INFO  server.RaftServerConfigKeys (ConfUtils.java:logGet(43)) - raft.server.log.write.buffer.size = 33554432 (custom)
2019-09-20 08:26:04,249 [pool-144-thread-1] INFO  server.RaftServerConfigKeys (ConfUtils.java:logGet(43)) - raft.server.log.force.sync.num = 128 (default)
2019-09-20 08:26:04,250 [pool-144-thread-1] INFO  server.RaftServerConfigKeys (ConfUtils.java:logGet(43)) - raft.server.log.statemachine.data.sync = true (default)
2019-09-20 08:26:04,250 [pool-144-thread-1] INFO  server.RaftServerConfigKeys (ConfUtils.java:logGet(43)) - raft.server.log.statemachine.data.sync.timeout = 10s (default)
2019-09-20 08:26:04,250 [pool-144-thread-1] INFO  server.RaftServerConfigKeys (ConfUtils.java:logGet(43)) - raft.server.log.statemachine.data.sync.timeout.retry = -1 (default)
2019-09-20 08:26:04,250 [pool-144-thread-1] INFO  server.RaftServerConfigKeys (ConfUtils.java:logGet(43)) - raft.server.log.statemachine.data.caching.enabled = true (custom)
2019-09-20 08:26:04,250 [pool-144-thread-1] INFO  segmented.SegmentedRaftLogWorker (SegmentedRaftLogWorker.java:lambda$new$0(132)) - 988fcea2-3b3e-440a-b8e7-e4388109ae8d-SegmentedRaftLogWorker:Storage Directory /workdir/hadoop-ozone/ozonefs/target/test-dir/MiniOzoneClusterImpl-a40249e3-ad88-49f0-907e-ff9d9448a317/datanode-1/data/ratis/82ffaf1d-2163-4dff-90b6-c445a43cf9a7: flushIndex: setUnconditionally 0 -> -1
2019-09-20 08:26:04,250 [pool-144-thread-1] INFO  server.RaftServerConfigKeys (ConfUtils.java:logGet(43)) - raft.server.snapshot.auto.trigger.enabled = true (custom)
2019-09-20 08:26:04,251 [pool-144-thread-1] INFO  server.RaftServerConfigKeys (ConfUtils.java:logGet(43)) - raft.server.snapshot.auto.trigger.threshold = 10000 (custom)
2019-09-20 08:26:04,251 [pool-144-thread-1] INFO  server.RaftServerConfigKeys (ConfUtils.java:logGet(43)) - raft.server.retrycache.expirytime = 600000ms (custom)
2019-09-20 08:26:04,251 [pool-144-thread-1] INFO  impl.RaftServerImpl (RaftServerImpl.java:start(180)) - 988fcea2-3b3e-440a-b8e7-e4388109ae8d: start group-C445A43CF9A7
2019-09-20 08:26:04,251 [pool-144-thread-1] INFO  impl.RaftServerImpl (RaftServerImpl.java:setRole(171)) - 988fcea2-3b3e-440a-b8e7-e4388109ae8d:group-C445A43CF9A7 changes role from null to FOLLOWER at term 0 for startAsFollower
2019-09-20 08:26:04,251 [pool-144-thread-1] INFO  impl.RoleInfo (RoleInfo.java:updateAndGet(143)) - 988fcea2-3b3e-440a-b8e7-e4388109ae8d: start FollowerState
2019-09-20 08:26:04,251 [pool-144-thread-1] INFO  util.JmxRegister (JmxRegister.java:tryRegister(44)) - Successfully registered JMX Bean with object name Ratis:service=RaftServer,group=group-C445A43CF9A7,id=988fcea2-3b3e-440a-b8e7-e4388109ae8d
2019-09-20 08:26:04,254 [RatisPipelineUtilsThread] INFO  pipeline.PipelineStateManager (PipelineStateManager.java:addPipeline(56)) - Created pipeline Pipeline[ Id: 82ffaf1d-2163-4dff-90b6-c445a43cf9a7, Nodes: 988fcea2-3b3e-440a-b8e7-e4388109ae8d{ip: 192.168.34.27, host: pr-hdds-1569-6tbh6-3362816358, networkLocation: /default-rack, certSerialId: null}, Type:RATIS, Factor:ONE, State:OPEN]
2019-09-20 08:26:04,254 [RatisPipelineUtilsThread] INFO  pipeline.PipelinePlacementPolicy (PipelinePlacementPolicy.java:meetCriteria(91)) - Pipeline Placement: Doesn't meet the criteria to be viable node： ff26e422-1088-4b2b-acda-93f40e9fa7a5 Heaviness: 6 limit: 5
2019-09-20 08:26:04,260 [grpc-default-executor-0] INFO  impl.RaftServerProxy (RaftServerProxy.java:addNew(89)) - 988fcea2-3b3e-440a-b8e7-e4388109ae8d: addNew group-4F8EB952127E:[988fcea2-3b3e-440a-b8e7-e4388109ae8d:192.168.34.27:45013] returns group-4F8EB952127E:java.util.concurrent.CompletableFuture@717ca6b2[Not completed]
2019-09-20 08:26:04,260 [pool-144-thread-1] INFO  impl.RaftServerImpl (RaftServerImpl.java:<init>(93)) - 988fcea2-3b3e-440a-b8e7-e4388109ae8d: new RaftServerImpl for group-4F8EB952127E:[988fcea2-3b3e-440a-b8e7-e4388109ae8d:192.168.34.27:45013] with ContainerStateMachine:uninitialized
2019-09-20 08:26:04,261 [pool-144-thread-1] INFO  server.RaftServerConfigKeys (ConfUtils.java:logGet(43)) - raft.server.rpc.timeout.min = 5s (custom)
2019-09-20 08:26:04,261 [pool-144-thread-1] INFO  server.RaftServerConfigKeys (ConfUtils.java:logGet(43)) - raft.server.rpc.timeout.max = 5200ms (custom)
2019-09-20 08:26:04,261 [pool-144-thread-1] INFO  server.RaftServerConfigKeys (ConfUtils.java:logGet(43)) - raft.server.rpcslowness.timeout = 120s (custom)
2019-09-20 08:26:04,261 [pool-144-thread-1] INFO  server.RaftServerConfigKeys (ConfUtils.java:logGet(43)) - raft.server.sleep.deviation.threshold = 300 (default)
2019-09-20 08:26:04,261 [pool-144-thread-1] INFO  server.RaftServerConfigKeys (ConfUtils.java:logGet(43)) - raft.server.log.appender.install.snapshot.enabled = false (custom)
2019-09-20 08:26:04,261 [pool-144-thread-1] INFO  impl.RaftServerImpl (ServerState.java:<init>(105)) - 988fcea2-3b3e-440a-b8e7-e4388109ae8d:group-4F8EB952127E ConfigurationManager, init=-1: [988fcea2-3b3e-440a-b8e7-e4388109ae8d:192.168.34.27:45013], old=null, confs=<EMPTY_MAP>
2019-09-20 08:26:04,261 [pool-144-thread-1] INFO  server.RaftServerConfigKeys (ConfUtils.java:logGet(43)) - raft.server.storage.dir = [/workdir/hadoop-ozone/ozonefs/target/test-dir/MiniOzoneClusterImpl-a40249e3-ad88-49f0-907e-ff9d9448a317/datanode-1/data/ratis] (custom)
2019-09-20 08:26:04,262 [pool-144-thread-1] INFO  storage.RaftStorageDirectory (RaftStorageDirectory.java:analyzeStorage(246)) - The storage directory /workdir/hadoop-ozone/ozonefs/target/test-dir/MiniOzoneClusterImpl-a40249e3-ad88-49f0-907e-ff9d9448a317/datanode-1/data/ratis/d4833178-a7a0-48f3-ba54-4f8eb952127e does not exist. Creating ...
2019-09-20 08:26:04,274 [pool-144-thread-1] INFO  storage.RaftStorageDirectory (RaftStorageDirectory.java:tryLock(328)) - Lock on /workdir/hadoop-ozone/ozonefs/target/test-dir/MiniOzoneClusterImpl-a40249e3-ad88-49f0-907e-ff9d9448a317/datanode-1/data/ratis/d4833178-a7a0-48f3-ba54-4f8eb952127e/in_use.lock acquired by nodename 28782@pr-hdds-1569-6tbh6-3362816358
2019-09-20 08:26:04,287 [pool-144-thread-1] INFO  storage.RaftStorage (RaftStorage.java:format(72)) - Storage directory /workdir/hadoop-ozone/ozonefs/target/test-dir/MiniOzoneClusterImpl-a40249e3-ad88-49f0-907e-ff9d9448a317/datanode-1/data/ratis/d4833178-a7a0-48f3-ba54-4f8eb952127e has been successfully formatted.
2019-09-20 08:26:04,287 [pool-144-thread-1] INFO  ratis.ContainerStateMachine (ContainerStateMachine.java:loadSnapshot(226)) - group-4F8EB952127E: The snapshot info is null. Setting the last applied indexto:(t:0, i:~)
2019-09-20 08:26:04,287 [pool-144-thread-1] INFO  server.RaftServerConfigKeys (ConfUtils.java:logGet(43)) - raft.server.leader.election.timeout = 120s (custom)
2019-09-20 08:26:04,287 [pool-144-thread-1] INFO  server.RaftServerConfigKeys (ConfUtils.java:logGet(43)) - raft.server.log.use.memory = false (default)
2019-09-20 08:26:04,288 [pool-144-thread-1] INFO  server.RaftServerConfigKeys (ConfUtils.java:logGet(43)) - raft.server.log.purge.gap = 1000000 (custom)
2019-09-20 08:26:04,288 [pool-144-thread-1] INFO  server.RaftServerConfigKeys (ConfUtils.java:logGet(43)) - raft.server.log.appender.buffer.byte-limit = 33554432 (custom)
2019-09-20 08:26:04,288 [pool-144-thread-1] INFO  server.RaftServerConfigKeys (ConfUtils.java:logGet(43)) - raft.server.log.segment.size.max = 1048576 (custom)
2019-09-20 08:26:04,288 [pool-144-thread-1] INFO  server.RaftServerConfigKeys (ConfUtils.java:logGet(43)) - raft.server.log.segment.cache.num.max = 2 (custom)
2019-09-20 08:26:04,288 [pool-144-thread-1] INFO  segmented.SegmentedRaftLogWorker (SegmentedRaftLogWorker.java:<init>(172)) - new 988fcea2-3b3e-440a-b8e7-e4388109ae8d-SegmentedRaftLogWorker:Storage Directory /workdir/hadoop-ozone/ozonefs/target/test-dir/MiniOzoneClusterImpl-a40249e3-ad88-49f0-907e-ff9d9448a317/datanode-1/data/ratis/d4833178-a7a0-48f3-ba54-4f8eb952127e for RaftStorage:Storage Directory /workdir/hadoop-ozone/ozonefs/target/test-dir/MiniOzoneClusterImpl-a40249e3-ad88-49f0-907e-ff9d9448a317/datanode-1/data/ratis/d4833178-a7a0-48f3-ba54-4f8eb952127e
2019-09-20 08:26:04,288 [pool-144-thread-1] INFO  server.RaftServerConfigKeys (ConfUtils.java:logGet(43)) - raft.server.log.queue.byte-limit = 2147483647 (custom)
2019-09-20 08:26:04,288 [pool-144-thread-1] INFO  server.RaftServerConfigKeys (ConfUtils.java:logGet(43)) - raft.server.log.queue.element-limit = 1024 (custom)
2019-09-20 08:26:04,288 [pool-144-thread-1] INFO  server.RaftServerConfigKeys (ConfUtils.java:logGet(43)) - raft.server.log.segment.size.max = 1048576 (custom)
2019-09-20 08:26:04,289 [pool-144-thread-1] INFO  server.RaftServerConfigKeys (ConfUtils.java:logGet(43)) - raft.server.log.preallocated.size = 16384 (custom)
2019-09-20 08:26:04,289 [pool-144-thread-1] INFO  server.RaftServerConfigKeys (ConfUtils.java:logGet(43)) - raft.server.log.write.buffer.size = 33554432 (custom)
2019-09-20 08:26:04,289 [pool-144-thread-1] INFO  server.RaftServerConfigKeys (ConfUtils.java:logGet(43)) - raft.server.log.force.sync.num = 128 (default)
2019-09-20 08:26:04,289 [pool-144-thread-1] INFO  server.RaftServerConfigKeys (ConfUtils.java:logGet(43)) - raft.server.log.statemachine.data.sync = true (default)
2019-09-20 08:26:04,289 [pool-144-thread-1] INFO  server.RaftServerConfigKeys (ConfUtils.java:logGet(43)) - raft.server.log.statemachine.data.sync.timeout = 10s (default)
2019-09-20 08:26:04,289 [pool-144-thread-1] INFO  server.RaftServerConfigKeys (ConfUtils.java:logGet(43)) - raft.server.log.statemachine.data.sync.timeout.retry = -1 (default)
2019-09-20 08:26:04,289 [pool-144-thread-1] INFO  server.RaftServerConfigKeys (ConfUtils.java:logGet(43)) - raft.server.log.statemachine.data.caching.enabled = true (custom)
2019-09-20 08:26:04,290 [pool-144-thread-1] INFO  segmented.SegmentedRaftLogWorker (SegmentedRaftLogWorker.java:lambda$new$0(132)) - 988fcea2-3b3e-440a-b8e7-e4388109ae8d-SegmentedRaftLogWorker:Storage Directory /workdir/hadoop-ozone/ozonefs/target/test-dir/MiniOzoneClusterImpl-a40249e3-ad88-49f0-907e-ff9d9448a317/datanode-1/data/ratis/d4833178-a7a0-48f3-ba54-4f8eb952127e: flushIndex: setUnconditionally 0 -> -1
2019-09-20 08:26:04,290 [pool-144-thread-1] INFO  server.RaftServerConfigKeys (ConfUtils.java:logGet(43)) - raft.server.snapshot.auto.trigger.enabled = true (custom)
2019-09-20 08:26:04,290 [pool-144-thread-1] INFO  server.RaftServerConfigKeys (ConfUtils.java:logGet(43)) - raft.server.snapshot.auto.trigger.threshold = 10000 (custom)
2019-09-20 08:26:04,290 [pool-144-thread-1] INFO  server.RaftServerConfigKeys (ConfUtils.java:logGet(43)) - raft.server.retrycache.expirytime = 600000ms (custom)
2019-09-20 08:26:04,290 [pool-144-thread-1] INFO  impl.RaftServerImpl (RaftServerImpl.java:start(180)) - 988fcea2-3b3e-440a-b8e7-e4388109ae8d: start group-4F8EB952127E
2019-09-20 08:26:04,291 [pool-144-thread-1] INFO  impl.RaftServerImpl (RaftServerImpl.java:setRole(171)) - 988fcea2-3b3e-440a-b8e7-e4388109ae8d:group-4F8EB952127E changes role from null to FOLLOWER at term 0 for startAsFollower
2019-09-20 08:26:04,291 [pool-144-thread-1] INFO  impl.RoleInfo (RoleInfo.java:updateAndGet(143)) - 988fcea2-3b3e-440a-b8e7-e4388109ae8d: start FollowerState
2019-09-20 08:26:04,291 [pool-144-thread-1] INFO  util.JmxRegister (JmxRegister.java:tryRegister(44)) - Successfully registered JMX Bean with object name Ratis:service=RaftServer,group=group-4F8EB952127E,id=988fcea2-3b3e-440a-b8e7-e4388109ae8d
2019-09-20 08:26:04,294 [RatisPipelineUtilsThread] INFO  pipeline.PipelineStateManager (PipelineStateManager.java:addPipeline(56)) - Created pipeline Pipeline[ Id: d4833178-a7a0-48f3-ba54-4f8eb952127e, Nodes: 988fcea2-3b3e-440a-b8e7-e4388109ae8d{ip: 192.168.34.27, host: pr-hdds-1569-6tbh6-3362816358, networkLocation: /default-rack, certSerialId: null}, Type:RATIS, Factor:ONE, State:OPEN]
2019-09-20 08:26:04,294 [RatisPipelineUtilsThread] INFO  pipeline.PipelinePlacementPolicy (PipelinePlacementPolicy.java:meetCriteria(91)) - Pipeline Placement: Doesn't meet the criteria to be viable node： ff26e422-1088-4b2b-acda-93f40e9fa7a5 Heaviness: 6 limit: 5
2019-09-20 08:26:04,300 [grpc-default-executor-0] INFO  impl.RaftServerProxy (RaftServerProxy.java:addNew(89)) - 988fcea2-3b3e-440a-b8e7-e4388109ae8d: addNew group-5D229384B633:[988fcea2-3b3e-440a-b8e7-e4388109ae8d:192.168.34.27:45013] returns group-5D229384B633:java.util.concurrent.CompletableFuture@2f3829c1[Not completed]
2019-09-20 08:26:04,300 [pool-144-thread-1] INFO  impl.RaftServerImpl (RaftServerImpl.java:<init>(93)) - 988fcea2-3b3e-440a-b8e7-e4388109ae8d: new RaftServerImpl for group-5D229384B633:[988fcea2-3b3e-440a-b8e7-e4388109ae8d:192.168.34.27:45013] with ContainerStateMachine:uninitialized
2019-09-20 08:26:04,300 [pool-144-thread-1] INFO  server.RaftServerConfigKeys (ConfUtils.java:logGet(43)) - raft.server.rpc.timeout.min = 5s (custom)
2019-09-20 08:26:04,301 [pool-144-thread-1] INFO  server.RaftServerConfigKeys (ConfUtils.java:logGet(43)) - raft.server.rpc.timeout.max = 5200ms (custom)
2019-09-20 08:26:04,301 [pool-144-thread-1] INFO  server.RaftServerConfigKeys (ConfUtils.java:logGet(43)) - raft.server.rpcslowness.timeout = 120s (custom)
2019-09-20 08:26:04,301 [pool-144-thread-1] INFO  server.RaftServerConfigKeys (ConfUtils.java:logGet(43)) - raft.server.sleep.deviation.threshold = 300 (default)
2019-09-20 08:26:04,301 [pool-144-thread-1] INFO  server.RaftServerConfigKeys (ConfUtils.java:logGet(43)) - raft.server.log.appender.install.snapshot.enabled = false (custom)
2019-09-20 08:26:04,301 [pool-144-thread-1] INFO  impl.RaftServerImpl (ServerState.java:<init>(105)) - 988fcea2-3b3e-440a-b8e7-e4388109ae8d:group-5D229384B633 ConfigurationManager, init=-1: [988fcea2-3b3e-440a-b8e7-e4388109ae8d:192.168.34.27:45013], old=null, confs=<EMPTY_MAP>
2019-09-20 08:26:04,301 [pool-144-thread-1] INFO  server.RaftServerConfigKeys (ConfUtils.java:logGet(43)) - raft.server.storage.dir = [/workdir/hadoop-ozone/ozonefs/target/test-dir/MiniOzoneClusterImpl-a40249e3-ad88-49f0-907e-ff9d9448a317/datanode-1/data/ratis] (custom)
2019-09-20 08:26:04,301 [pool-144-thread-1] INFO  storage.RaftStorageDirectory (RaftStorageDirectory.java:analyzeStorage(246)) - The storage directory /workdir/hadoop-ozone/ozonefs/target/test-dir/MiniOzoneClusterImpl-a40249e3-ad88-49f0-907e-ff9d9448a317/datanode-1/data/ratis/aacd2559-5ffd-4a6d-a0ac-5d229384b633 does not exist. Creating ...
2019-09-20 08:26:04,314 [pool-144-thread-1] INFO  storage.RaftStorageDirectory (RaftStorageDirectory.java:tryLock(328)) - Lock on /workdir/hadoop-ozone/ozonefs/target/test-dir/MiniOzoneClusterImpl-a40249e3-ad88-49f0-907e-ff9d9448a317/datanode-1/data/ratis/aacd2559-5ffd-4a6d-a0ac-5d229384b633/in_use.lock acquired by nodename 28782@pr-hdds-1569-6tbh6-3362816358
2019-09-20 08:26:04,327 [pool-144-thread-1] INFO  storage.RaftStorage (RaftStorage.java:format(72)) - Storage directory /workdir/hadoop-ozone/ozonefs/target/test-dir/MiniOzoneClusterImpl-a40249e3-ad88-49f0-907e-ff9d9448a317/datanode-1/data/ratis/aacd2559-5ffd-4a6d-a0ac-5d229384b633 has been successfully formatted.
2019-09-20 08:26:04,327 [pool-144-thread-1] INFO  ratis.ContainerStateMachine (ContainerStateMachine.java:loadSnapshot(226)) - group-5D229384B633: The snapshot info is null. Setting the last applied indexto:(t:0, i:~)
2019-09-20 08:26:04,327 [pool-144-thread-1] INFO  server.RaftServerConfigKeys (ConfUtils.java:logGet(43)) - raft.server.leader.election.timeout = 120s (custom)
2019-09-20 08:26:04,327 [pool-144-thread-1] INFO  server.RaftServerConfigKeys (ConfUtils.java:logGet(43)) - raft.server.log.use.memory = false (default)
2019-09-20 08:26:04,327 [pool-144-thread-1] INFO  server.RaftServerConfigKeys (ConfUtils.java:logGet(43)) - raft.server.log.purge.gap = 1000000 (custom)
2019-09-20 08:26:04,327 [pool-144-thread-1] INFO  server.RaftServerConfigKeys (ConfUtils.java:logGet(43)) - raft.server.log.appender.buffer.byte-limit = 33554432 (custom)
2019-09-20 08:26:04,327 [pool-144-thread-1] INFO  server.RaftServerConfigKeys (ConfUtils.java:logGet(43)) - raft.server.log.segment.size.max = 1048576 (custom)
2019-09-20 08:26:04,327 [pool-144-thread-1] INFO  server.RaftServerConfigKeys (ConfUtils.java:logGet(43)) - raft.server.log.segment.cache.num.max = 2 (custom)
2019-09-20 08:26:04,328 [pool-144-thread-1] INFO  segmented.SegmentedRaftLogWorker (SegmentedRaftLogWorker.java:<init>(172)) - new 988fcea2-3b3e-440a-b8e7-e4388109ae8d-SegmentedRaftLogWorker:Storage Directory /workdir/hadoop-ozone/ozonefs/target/test-dir/MiniOzoneClusterImpl-a40249e3-ad88-49f0-907e-ff9d9448a317/datanode-1/data/ratis/aacd2559-5ffd-4a6d-a0ac-5d229384b633 for RaftStorage:Storage Directory /workdir/hadoop-ozone/ozonefs/target/test-dir/MiniOzoneClusterImpl-a40249e3-ad88-49f0-907e-ff9d9448a317/datanode-1/data/ratis/aacd2559-5ffd-4a6d-a0ac-5d229384b633
2019-09-20 08:26:04,328 [pool-144-thread-1] INFO  server.RaftServerConfigKeys (ConfUtils.java:logGet(43)) - raft.server.log.queue.byte-limit = 2147483647 (custom)
2019-09-20 08:26:04,328 [pool-144-thread-1] INFO  server.RaftServerConfigKeys (ConfUtils.java:logGet(43)) - raft.server.log.queue.element-limit = 1024 (custom)
2019-09-20 08:26:04,328 [pool-144-thread-1] INFO  server.RaftServerConfigKeys (ConfUtils.java:logGet(43)) - raft.server.log.segment.size.max = 1048576 (custom)
2019-09-20 08:26:04,328 [pool-144-thread-1] INFO  server.RaftServerConfigKeys (ConfUtils.java:logGet(43)) - raft.server.log.preallocated.size = 16384 (custom)
2019-09-20 08:26:04,328 [pool-144-thread-1] INFO  server.RaftServerConfigKeys (ConfUtils.java:logGet(43)) - raft.server.log.write.buffer.size = 33554432 (custom)
2019-09-20 08:26:04,328 [pool-144-thread-1] INFO  server.RaftServerConfigKeys (ConfUtils.java:logGet(43)) - raft.server.log.force.sync.num = 128 (default)
2019-09-20 08:26:04,328 [pool-144-thread-1] INFO  server.RaftServerConfigKeys (ConfUtils.java:logGet(43)) - raft.server.log.statemachine.data.sync = true (default)
2019-09-20 08:26:04,328 [pool-144-thread-1] INFO  server.RaftServerConfigKeys (ConfUtils.java:logGet(43)) - raft.server.log.statemachine.data.sync.timeout = 10s (default)
2019-09-20 08:26:04,329 [pool-144-thread-1] INFO  server.RaftServerConfigKeys (ConfUtils.java:logGet(43)) - raft.server.log.statemachine.data.sync.timeout.retry = -1 (default)
2019-09-20 08:26:04,329 [pool-144-thread-1] INFO  server.RaftServerConfigKeys (ConfUtils.java:logGet(43)) - raft.server.log.statemachine.data.caching.enabled = true (custom)
2019-09-20 08:26:04,329 [pool-144-thread-1] INFO  segmented.SegmentedRaftLogWorker (SegmentedRaftLogWorker.java:lambda$new$0(132)) - 988fcea2-3b3e-440a-b8e7-e4388109ae8d-SegmentedRaftLogWorker:Storage Directory /workdir/hadoop-ozone/ozonefs/target/test-dir/MiniOzoneClusterImpl-a40249e3-ad88-49f0-907e-ff9d9448a317/datanode-1/data/ratis/aacd2559-5ffd-4a6d-a0ac-5d229384b633: flushIndex: setUnconditionally 0 -> -1
2019-09-20 08:26:04,329 [pool-144-thread-1] INFO  server.RaftServerConfigKeys (ConfUtils.java:logGet(43)) - raft.server.snapshot.auto.trigger.enabled = true (custom)
2019-09-20 08:26:04,329 [pool-144-thread-1] INFO  server.RaftServerConfigKeys (ConfUtils.java:logGet(43)) - raft.server.snapshot.auto.trigger.threshold = 10000 (custom)
2019-09-20 08:26:04,329 [pool-144-thread-1] INFO  server.RaftServerConfigKeys (ConfUtils.java:logGet(43)) - raft.server.retrycache.expirytime = 600000ms (custom)
2019-09-20 08:26:04,330 [pool-144-thread-1] INFO  impl.RaftServerImpl (RaftServerImpl.java:start(180)) - 988fcea2-3b3e-440a-b8e7-e4388109ae8d: start group-5D229384B633
2019-09-20 08:26:04,330 [pool-144-thread-1] INFO  impl.RaftServerImpl (RaftServerImpl.java:setRole(171)) - 988fcea2-3b3e-440a-b8e7-e4388109ae8d:group-5D229384B633 changes role from null to FOLLOWER at term 0 for startAsFollower
2019-09-20 08:26:04,330 [pool-144-thread-1] INFO  impl.RoleInfo (RoleInfo.java:updateAndGet(143)) - 988fcea2-3b3e-440a-b8e7-e4388109ae8d: start FollowerState
2019-09-20 08:26:04,330 [pool-144-thread-1] INFO  util.JmxRegister (JmxRegister.java:tryRegister(44)) - Successfully registered JMX Bean with object name Ratis:service=RaftServer,group=group-5D229384B633,id=988fcea2-3b3e-440a-b8e7-e4388109ae8d
2019-09-20 08:26:04,335 [RatisPipelineUtilsThread] INFO  pipeline.PipelineStateManager (PipelineStateManager.java:addPipeline(56)) - Created pipeline Pipeline[ Id: aacd2559-5ffd-4a6d-a0ac-5d229384b633, Nodes: 988fcea2-3b3e-440a-b8e7-e4388109ae8d{ip: 192.168.34.27, host: pr-hdds-1569-6tbh6-3362816358, networkLocation: /default-rack, certSerialId: null}, Type:RATIS, Factor:ONE, State:OPEN]
2019-09-20 08:26:04,335 [RatisPipelineUtilsThread] INFO  pipeline.PipelinePlacementPolicy (PipelinePlacementPolicy.java:meetCriteria(91)) - Pipeline Placement: Doesn't meet the criteria to be viable node： 988fcea2-3b3e-440a-b8e7-e4388109ae8d Heaviness: 6 limit: 5
2019-09-20 08:26:04,335 [RatisPipelineUtilsThread] INFO  pipeline.PipelinePlacementPolicy (PipelinePlacementPolicy.java:meetCriteria(91)) - Pipeline Placement: Doesn't meet the criteria to be viable node： ff26e422-1088-4b2b-acda-93f40e9fa7a5 Heaviness: 6 limit: 5
2019-09-20 08:26:04,343 [grpc-default-executor-0] INFO  impl.RaftServerProxy (RaftServerProxy.java:addNew(89)) - 0028b382-670b-4338-9596-da2561481baf: addNew group-22E67C31D110:[0028b382-670b-4338-9596-da2561481baf:192.168.34.27:36025] returns group-22E67C31D110:java.util.concurrent.CompletableFuture@3561f904[Not completed]
2019-09-20 08:26:04,344 [pool-155-thread-1] INFO  impl.RaftServerImpl (RaftServerImpl.java:<init>(93)) - 0028b382-670b-4338-9596-da2561481baf: new RaftServerImpl for group-22E67C31D110:[0028b382-670b-4338-9596-da2561481baf:192.168.34.27:36025] with ContainerStateMachine:uninitialized
2019-09-20 08:26:04,344 [pool-155-thread-1] INFO  server.RaftServerConfigKeys (ConfUtils.java:logGet(43)) - raft.server.rpc.timeout.min = 5s (custom)
2019-09-20 08:26:04,345 [pool-155-thread-1] INFO  server.RaftServerConfigKeys (ConfUtils.java:logGet(43)) - raft.server.rpc.timeout.max = 5200ms (custom)
2019-09-20 08:26:04,345 [pool-155-thread-1] INFO  server.RaftServerConfigKeys (ConfUtils.java:logGet(43)) - raft.server.rpcslowness.timeout = 120s (custom)
2019-09-20 08:26:04,345 [pool-155-thread-1] INFO  server.RaftServerConfigKeys (ConfUtils.java:logGet(43)) - raft.server.sleep.deviation.threshold = 300 (default)
2019-09-20 08:26:04,345 [pool-155-thread-1] INFO  server.RaftServerConfigKeys (ConfUtils.java:logGet(43)) - raft.server.log.appender.install.snapshot.enabled = false (custom)
2019-09-20 08:26:04,345 [pool-155-thread-1] INFO  impl.RaftServerImpl (ServerState.java:<init>(105)) - 0028b382-670b-4338-9596-da2561481baf:group-22E67C31D110 ConfigurationManager, init=-1: [0028b382-670b-4338-9596-da2561481baf:192.168.34.27:36025], old=null, confs=<EMPTY_MAP>
2019-09-20 08:26:04,345 [pool-155-thread-1] INFO  server.RaftServerConfigKeys (ConfUtils.java:logGet(43)) - raft.server.storage.dir = [/workdir/hadoop-ozone/ozonefs/target/test-dir/MiniOzoneClusterImpl-a40249e3-ad88-49f0-907e-ff9d9448a317/datanode-2/data/ratis] (custom)
2019-09-20 08:26:04,346 [pool-155-thread-1] INFO  storage.RaftStorageDirectory (RaftStorageDirectory.java:analyzeStorage(246)) - The storage directory /workdir/hadoop-ozone/ozonefs/target/test-dir/MiniOzoneClusterImpl-a40249e3-ad88-49f0-907e-ff9d9448a317/datanode-2/data/ratis/6481ec41-3ed4-4f19-a186-22e67c31d110 does not exist. Creating ...
2019-09-20 08:26:04,358 [pool-155-thread-1] INFO  storage.RaftStorageDirectory (RaftStorageDirectory.java:tryLock(328)) - Lock on /workdir/hadoop-ozone/ozonefs/target/test-dir/MiniOzoneClusterImpl-a40249e3-ad88-49f0-907e-ff9d9448a317/datanode-2/data/ratis/6481ec41-3ed4-4f19-a186-22e67c31d110/in_use.lock acquired by nodename 28782@pr-hdds-1569-6tbh6-3362816358
2019-09-20 08:26:04,379 [pool-155-thread-1] INFO  storage.RaftStorage (RaftStorage.java:format(72)) - Storage directory /workdir/hadoop-ozone/ozonefs/target/test-dir/MiniOzoneClusterImpl-a40249e3-ad88-49f0-907e-ff9d9448a317/datanode-2/data/ratis/6481ec41-3ed4-4f19-a186-22e67c31d110 has been successfully formatted.
2019-09-20 08:26:04,379 [pool-155-thread-1] INFO  ratis.ContainerStateMachine (ContainerStateMachine.java:loadSnapshot(226)) - group-22E67C31D110: The snapshot info is null. Setting the last applied indexto:(t:0, i:~)
2019-09-20 08:26:04,379 [pool-155-thread-1] INFO  server.RaftServerConfigKeys (ConfUtils.java:logGet(43)) - raft.server.leader.election.timeout = 120s (custom)
2019-09-20 08:26:04,379 [pool-155-thread-1] INFO  server.RaftServerConfigKeys (ConfUtils.java:logGet(43)) - raft.server.log.use.memory = false (default)
2019-09-20 08:26:04,380 [pool-155-thread-1] INFO  server.RaftServerConfigKeys (ConfUtils.java:logGet(43)) - raft.server.log.purge.gap = 1000000 (custom)
2019-09-20 08:26:04,380 [pool-155-thread-1] INFO  server.RaftServerConfigKeys (ConfUtils.java:logGet(43)) - raft.server.log.appender.buffer.byte-limit = 33554432 (custom)
2019-09-20 08:26:04,380 [pool-155-thread-1] INFO  server.RaftServerConfigKeys (ConfUtils.java:logGet(43)) - raft.server.log.segment.size.max = 1048576 (custom)
2019-09-20 08:26:04,380 [pool-155-thread-1] INFO  server.RaftServerConfigKeys (ConfUtils.java:logGet(43)) - raft.server.log.segment.cache.num.max = 2 (custom)
2019-09-20 08:26:04,380 [pool-155-thread-1] INFO  segmented.SegmentedRaftLogWorker (SegmentedRaftLogWorker.java:<init>(172)) - new 0028b382-670b-4338-9596-da2561481baf-SegmentedRaftLogWorker:Storage Directory /workdir/hadoop-ozone/ozonefs/target/test-dir/MiniOzoneClusterImpl-a40249e3-ad88-49f0-907e-ff9d9448a317/datanode-2/data/ratis/6481ec41-3ed4-4f19-a186-22e67c31d110 for RaftStorage:Storage Directory /workdir/hadoop-ozone/ozonefs/target/test-dir/MiniOzoneClusterImpl-a40249e3-ad88-49f0-907e-ff9d9448a317/datanode-2/data/ratis/6481ec41-3ed4-4f19-a186-22e67c31d110
2019-09-20 08:26:04,380 [pool-155-thread-1] INFO  server.RaftServerConfigKeys (ConfUtils.java:logGet(43)) - raft.server.log.queue.byte-limit = 2147483647 (custom)
2019-09-20 08:26:04,381 [pool-155-thread-1] INFO  server.RaftServerConfigKeys (ConfUtils.java:logGet(43)) - raft.server.log.queue.element-limit = 1024 (custom)
2019-09-20 08:26:04,381 [pool-155-thread-1] INFO  server.RaftServerConfigKeys (ConfUtils.java:logGet(43)) - raft.server.log.segment.size.max = 1048576 (custom)
2019-09-20 08:26:04,381 [pool-155-thread-1] INFO  server.RaftServerConfigKeys (ConfUtils.java:logGet(43)) - raft.server.log.preallocated.size = 16384 (custom)
2019-09-20 08:26:04,381 [pool-155-thread-1] INFO  server.RaftServerConfigKeys (ConfUtils.java:logGet(43)) - raft.server.log.write.buffer.size = 33554432 (custom)
2019-09-20 08:26:04,381 [pool-155-thread-1] INFO  server.RaftServerConfigKeys (ConfUtils.java:logGet(43)) - raft.server.log.force.sync.num = 128 (default)
2019-09-20 08:26:04,382 [pool-155-thread-1] INFO  server.RaftServerConfigKeys (ConfUtils.java:logGet(43)) - raft.server.log.statemachine.data.sync = true (default)
2019-09-20 08:26:04,382 [pool-155-thread-1] INFO  server.RaftServerConfigKeys (ConfUtils.java:logGet(43)) - raft.server.log.statemachine.data.sync.timeout = 10s (default)
2019-09-20 08:26:04,382 [pool-155-thread-1] INFO  server.RaftServerConfigKeys (ConfUtils.java:logGet(43)) - raft.server.log.statemachine.data.sync.timeout.retry = -1 (default)
2019-09-20 08:26:04,382 [pool-155-thread-1] INFO  server.RaftServerConfigKeys (ConfUtils.java:logGet(43)) - raft.server.log.statemachine.data.caching.enabled = true (custom)
2019-09-20 08:26:04,382 [pool-155-thread-1] INFO  segmented.SegmentedRaftLogWorker (SegmentedRaftLogWorker.java:lambda$new$0(132)) - 0028b382-670b-4338-9596-da2561481baf-SegmentedRaftLogWorker:Storage Directory /workdir/hadoop-ozone/ozonefs/target/test-dir/MiniOzoneClusterImpl-a40249e3-ad88-49f0-907e-ff9d9448a317/datanode-2/data/ratis/6481ec41-3ed4-4f19-a186-22e67c31d110: flushIndex: setUnconditionally 0 -> -1
2019-09-20 08:26:04,383 [pool-155-thread-1] INFO  server.RaftServerConfigKeys (ConfUtils.java:logGet(43)) - raft.server.snapshot.auto.trigger.enabled = true (custom)
2019-09-20 08:26:04,383 [pool-155-thread-1] INFO  server.RaftServerConfigKeys (ConfUtils.java:logGet(43)) - raft.server.snapshot.auto.trigger.threshold = 10000 (custom)
2019-09-20 08:26:04,383 [pool-155-thread-1] INFO  server.RaftServerConfigKeys (ConfUtils.java:logGet(43)) - raft.server.retrycache.expirytime = 600000ms (custom)
2019-09-20 08:26:04,383 [pool-155-thread-1] INFO  impl.RaftServerImpl (RaftServerImpl.java:start(180)) - 0028b382-670b-4338-9596-da2561481baf: start group-22E67C31D110
2019-09-20 08:26:04,383 [pool-155-thread-1] INFO  impl.RaftServerImpl (RaftServerImpl.java:setRole(171)) - 0028b382-670b-4338-9596-da2561481baf:group-22E67C31D110 changes role from null to FOLLOWER at term 0 for startAsFollower
2019-09-20 08:26:04,384 [pool-155-thread-1] INFO  impl.RoleInfo (RoleInfo.java:updateAndGet(143)) - 0028b382-670b-4338-9596-da2561481baf: start FollowerState
2019-09-20 08:26:04,384 [pool-155-thread-1] INFO  util.JmxRegister (JmxRegister.java:tryRegister(44)) - Successfully registered JMX Bean with object name Ratis:service=RaftServer,group=group-22E67C31D110,id=0028b382-670b-4338-9596-da2561481baf
2019-09-20 08:26:04,387 [RatisPipelineUtilsThread] INFO  pipeline.PipelineStateManager (PipelineStateManager.java:addPipeline(56)) - Created pipeline Pipeline[ Id: 6481ec41-3ed4-4f19-a186-22e67c31d110, Nodes: 0028b382-670b-4338-9596-da2561481baf{ip: 192.168.34.27, host: pr-hdds-1569-6tbh6-3362816358, networkLocation: /default-rack, certSerialId: null}, Type:RATIS, Factor:ONE, State:OPEN]
2019-09-20 08:26:04,387 [RatisPipelineUtilsThread] INFO  pipeline.PipelinePlacementPolicy (PipelinePlacementPolicy.java:meetCriteria(91)) - Pipeline Placement: Doesn't meet the criteria to be viable node： 988fcea2-3b3e-440a-b8e7-e4388109ae8d Heaviness: 6 limit: 5
2019-09-20 08:26:04,387 [RatisPipelineUtilsThread] INFO  pipeline.PipelinePlacementPolicy (PipelinePlacementPolicy.java:meetCriteria(91)) - Pipeline Placement: Doesn't meet the criteria to be viable node： ff26e422-1088-4b2b-acda-93f40e9fa7a5 Heaviness: 6 limit: 5
2019-09-20 08:26:04,393 [grpc-default-executor-0] INFO  impl.RaftServerProxy (RaftServerProxy.java:addNew(89)) - 0028b382-670b-4338-9596-da2561481baf: addNew group-E921A27F5595:[0028b382-670b-4338-9596-da2561481baf:192.168.34.27:36025] returns group-E921A27F5595:java.util.concurrent.CompletableFuture@11bd5a4d[Not completed]
2019-09-20 08:26:04,394 [pool-155-thread-1] INFO  impl.RaftServerImpl (RaftServerImpl.java:<init>(93)) - 0028b382-670b-4338-9596-da2561481baf: new RaftServerImpl for group-E921A27F5595:[0028b382-670b-4338-9596-da2561481baf:192.168.34.27:36025] with ContainerStateMachine:uninitialized
2019-09-20 08:26:04,394 [pool-155-thread-1] INFO  server.RaftServerConfigKeys (ConfUtils.java:logGet(43)) - raft.server.rpc.timeout.min = 5s (custom)
2019-09-20 08:26:04,394 [pool-155-thread-1] INFO  server.RaftServerConfigKeys (ConfUtils.java:logGet(43)) - raft.server.rpc.timeout.max = 5200ms (custom)
2019-09-20 08:26:04,394 [pool-155-thread-1] INFO  server.RaftServerConfigKeys (ConfUtils.java:logGet(43)) - raft.server.rpcslowness.timeout = 120s (custom)
2019-09-20 08:26:04,395 [pool-155-thread-1] INFO  server.RaftServerConfigKeys (ConfUtils.java:logGet(43)) - raft.server.sleep.deviation.threshold = 300 (default)
2019-09-20 08:26:04,395 [pool-155-thread-1] INFO  server.RaftServerConfigKeys (ConfUtils.java:logGet(43)) - raft.server.log.appender.install.snapshot.enabled = false (custom)
2019-09-20 08:26:04,395 [pool-155-thread-1] INFO  impl.RaftServerImpl (ServerState.java:<init>(105)) - 0028b382-670b-4338-9596-da2561481baf:group-E921A27F5595 ConfigurationManager, init=-1: [0028b382-670b-4338-9596-da2561481baf:192.168.34.27:36025], old=null, confs=<EMPTY_MAP>
2019-09-20 08:26:04,395 [pool-155-thread-1] INFO  server.RaftServerConfigKeys (ConfUtils.java:logGet(43)) - raft.server.storage.dir = [/workdir/hadoop-ozone/ozonefs/target/test-dir/MiniOzoneClusterImpl-a40249e3-ad88-49f0-907e-ff9d9448a317/datanode-2/data/ratis] (custom)
2019-09-20 08:26:04,395 [pool-155-thread-1] INFO  storage.RaftStorageDirectory (RaftStorageDirectory.java:analyzeStorage(246)) - The storage directory /workdir/hadoop-ozone/ozonefs/target/test-dir/MiniOzoneClusterImpl-a40249e3-ad88-49f0-907e-ff9d9448a317/datanode-2/data/ratis/e4bab278-0da8-46f4-9caa-e921a27f5595 does not exist. Creating ...
2019-09-20 08:26:04,408 [pool-155-thread-1] INFO  storage.RaftStorageDirectory (RaftStorageDirectory.java:tryLock(328)) - Lock on /workdir/hadoop-ozone/ozonefs/target/test-dir/MiniOzoneClusterImpl-a40249e3-ad88-49f0-907e-ff9d9448a317/datanode-2/data/ratis/e4bab278-0da8-46f4-9caa-e921a27f5595/in_use.lock acquired by nodename 28782@pr-hdds-1569-6tbh6-3362816358
2019-09-20 08:26:04,422 [pool-155-thread-1] INFO  storage.RaftStorage (RaftStorage.java:format(72)) - Storage directory /workdir/hadoop-ozone/ozonefs/target/test-dir/MiniOzoneClusterImpl-a40249e3-ad88-49f0-907e-ff9d9448a317/datanode-2/data/ratis/e4bab278-0da8-46f4-9caa-e921a27f5595 has been successfully formatted.
2019-09-20 08:26:04,423 [pool-155-thread-1] INFO  ratis.ContainerStateMachine (ContainerStateMachine.java:loadSnapshot(226)) - group-E921A27F5595: The snapshot info is null. Setting the last applied indexto:(t:0, i:~)
2019-09-20 08:26:04,423 [pool-155-thread-1] INFO  server.RaftServerConfigKeys (ConfUtils.java:logGet(43)) - raft.server.leader.election.timeout = 120s (custom)
2019-09-20 08:26:04,423 [pool-155-thread-1] INFO  server.RaftServerConfigKeys (ConfUtils.java:logGet(43)) - raft.server.log.use.memory = false (default)
2019-09-20 08:26:04,423 [pool-155-thread-1] INFO  server.RaftServerConfigKeys (ConfUtils.java:logGet(43)) - raft.server.log.purge.gap = 1000000 (custom)
2019-09-20 08:26:04,423 [pool-155-thread-1] INFO  server.RaftServerConfigKeys (ConfUtils.java:logGet(43)) - raft.server.log.appender.buffer.byte-limit = 33554432 (custom)
2019-09-20 08:26:04,423 [pool-155-thread-1] INFO  server.RaftServerConfigKeys (ConfUtils.java:logGet(43)) - raft.server.log.segment.size.max = 1048576 (custom)
2019-09-20 08:26:04,423 [pool-155-thread-1] INFO  server.RaftServerConfigKeys (ConfUtils.java:logGet(43)) - raft.server.log.segment.cache.num.max = 2 (custom)
2019-09-20 08:26:04,424 [pool-155-thread-1] INFO  segmented.SegmentedRaftLogWorker (SegmentedRaftLogWorker.java:<init>(172)) - new 0028b382-670b-4338-9596-da2561481baf-SegmentedRaftLogWorker:Storage Directory /workdir/hadoop-ozone/ozonefs/target/test-dir/MiniOzoneClusterImpl-a40249e3-ad88-49f0-907e-ff9d9448a317/datanode-2/data/ratis/e4bab278-0da8-46f4-9caa-e921a27f5595 for RaftStorage:Storage Directory /workdir/hadoop-ozone/ozonefs/target/test-dir/MiniOzoneClusterImpl-a40249e3-ad88-49f0-907e-ff9d9448a317/datanode-2/data/ratis/e4bab278-0da8-46f4-9caa-e921a27f5595
2019-09-20 08:26:04,424 [pool-155-thread-1] INFO  server.RaftServerConfigKeys (ConfUtils.java:logGet(43)) - raft.server.log.queue.byte-limit = 2147483647 (custom)
2019-09-20 08:26:04,424 [pool-155-thread-1] INFO  server.RaftServerConfigKeys (ConfUtils.java:logGet(43)) - raft.server.log.queue.element-limit = 1024 (custom)
2019-09-20 08:26:04,424 [pool-155-thread-1] INFO  server.RaftServerConfigKeys (ConfUtils.java:logGet(43)) - raft.server.log.segment.size.max = 1048576 (custom)
2019-09-20 08:26:04,424 [pool-155-thread-1] INFO  server.RaftServerConfigKeys (ConfUtils.java:logGet(43)) - raft.server.log.preallocated.size = 16384 (custom)
2019-09-20 08:26:04,424 [pool-155-thread-1] INFO  server.RaftServerConfigKeys (ConfUtils.java:logGet(43)) - raft.server.log.write.buffer.size = 33554432 (custom)
2019-09-20 08:26:04,424 [pool-155-thread-1] INFO  server.RaftServerConfigKeys (ConfUtils.java:logGet(43)) - raft.server.log.force.sync.num = 128 (default)
2019-09-20 08:26:04,424 [pool-155-thread-1] INFO  server.RaftServerConfigKeys (ConfUtils.java:logGet(43)) - raft.server.log.statemachine.data.sync = true (default)
2019-09-20 08:26:04,425 [pool-155-thread-1] INFO  server.RaftServerConfigKeys (ConfUtils.java:logGet(43)) - raft.server.log.statemachine.data.sync.timeout = 10s (default)
2019-09-20 08:26:04,425 [pool-155-thread-1] INFO  server.RaftServerConfigKeys (ConfUtils.java:logGet(43)) - raft.server.log.statemachine.data.sync.timeout.retry = -1 (default)
2019-09-20 08:26:04,425 [pool-155-thread-1] INFO  server.RaftServerConfigKeys (ConfUtils.java:logGet(43)) - raft.server.log.statemachine.data.caching.enabled = true (custom)
2019-09-20 08:26:04,425 [pool-155-thread-1] INFO  segmented.SegmentedRaftLogWorker (SegmentedRaftLogWorker.java:lambda$new$0(132)) - 0028b382-670b-4338-9596-da2561481baf-SegmentedRaftLogWorker:Storage Directory /workdir/hadoop-ozone/ozonefs/target/test-dir/MiniOzoneClusterImpl-a40249e3-ad88-49f0-907e-ff9d9448a317/datanode-2/data/ratis/e4bab278-0da8-46f4-9caa-e921a27f5595: flushIndex: setUnconditionally 0 -> -1
2019-09-20 08:26:04,425 [pool-155-thread-1] INFO  server.RaftServerConfigKeys (ConfUtils.java:logGet(43)) - raft.server.snapshot.auto.trigger.enabled = true (custom)
2019-09-20 08:26:04,426 [pool-155-thread-1] INFO  server.RaftServerConfigKeys (ConfUtils.java:logGet(43)) - raft.server.snapshot.auto.trigger.threshold = 10000 (custom)
2019-09-20 08:26:04,426 [pool-155-thread-1] INFO  server.RaftServerConfigKeys (ConfUtils.java:logGet(43)) - raft.server.retrycache.expirytime = 600000ms (custom)
2019-09-20 08:26:04,426 [pool-155-thread-1] INFO  impl.RaftServerImpl (RaftServerImpl.java:start(180)) - 0028b382-670b-4338-9596-da2561481baf: start group-E921A27F5595
2019-09-20 08:26:04,426 [pool-155-thread-1] INFO  impl.RaftServerImpl (RaftServerImpl.java:setRole(171)) - 0028b382-670b-4338-9596-da2561481baf:group-E921A27F5595 changes role from null to FOLLOWER at term 0 for startAsFollower
2019-09-20 08:26:04,426 [pool-155-thread-1] INFO  impl.RoleInfo (RoleInfo.java:updateAndGet(143)) - 0028b382-670b-4338-9596-da2561481baf: start FollowerState
2019-09-20 08:26:04,427 [pool-155-thread-1] INFO  util.JmxRegister (JmxRegister.java:tryRegister(44)) - Successfully registered JMX Bean with object name Ratis:service=RaftServer,group=group-E921A27F5595,id=0028b382-670b-4338-9596-da2561481baf
2019-09-20 08:26:04,429 [RatisPipelineUtilsThread] INFO  pipeline.PipelineStateManager (PipelineStateManager.java:addPipeline(56)) - Created pipeline Pipeline[ Id: e4bab278-0da8-46f4-9caa-e921a27f5595, Nodes: 0028b382-670b-4338-9596-da2561481baf{ip: 192.168.34.27, host: pr-hdds-1569-6tbh6-3362816358, networkLocation: /default-rack, certSerialId: null}, Type:RATIS, Factor:ONE, State:OPEN]
2019-09-20 08:26:04,430 [RatisPipelineUtilsThread] INFO  pipeline.PipelinePlacementPolicy (PipelinePlacementPolicy.java:meetCriteria(91)) - Pipeline Placement: Doesn't meet the criteria to be viable node： 988fcea2-3b3e-440a-b8e7-e4388109ae8d Heaviness: 6 limit: 5
2019-09-20 08:26:04,430 [RatisPipelineUtilsThread] INFO  pipeline.PipelinePlacementPolicy (PipelinePlacementPolicy.java:meetCriteria(91)) - Pipeline Placement: Doesn't meet the criteria to be viable node： ff26e422-1088-4b2b-acda-93f40e9fa7a5 Heaviness: 6 limit: 5
2019-09-20 08:26:04,436 [grpc-default-executor-0] INFO  impl.RaftServerProxy (RaftServerProxy.java:addNew(89)) - 0028b382-670b-4338-9596-da2561481baf: addNew group-6F006A073F4E:[0028b382-670b-4338-9596-da2561481baf:192.168.34.27:36025] returns group-6F006A073F4E:java.util.concurrent.CompletableFuture@1eca3a2c[Not completed]
2019-09-20 08:26:04,437 [pool-155-thread-1] INFO  impl.RaftServerImpl (RaftServerImpl.java:<init>(93)) - 0028b382-670b-4338-9596-da2561481baf: new RaftServerImpl for group-6F006A073F4E:[0028b382-670b-4338-9596-da2561481baf:192.168.34.27:36025] with ContainerStateMachine:uninitialized
2019-09-20 08:26:04,437 [pool-155-thread-1] INFO  server.RaftServerConfigKeys (ConfUtils.java:logGet(43)) - raft.server.rpc.timeout.min = 5s (custom)
2019-09-20 08:26:04,437 [pool-155-thread-1] INFO  server.RaftServerConfigKeys (ConfUtils.java:logGet(43)) - raft.server.rpc.timeout.max = 5200ms (custom)
2019-09-20 08:26:04,437 [pool-155-thread-1] INFO  server.RaftServerConfigKeys (ConfUtils.java:logGet(43)) - raft.server.rpcslowness.timeout = 120s (custom)
2019-09-20 08:26:04,437 [pool-155-thread-1] INFO  server.RaftServerConfigKeys (ConfUtils.java:logGet(43)) - raft.server.sleep.deviation.threshold = 300 (default)
2019-09-20 08:26:04,437 [pool-155-thread-1] INFO  server.RaftServerConfigKeys (ConfUtils.java:logGet(43)) - raft.server.log.appender.install.snapshot.enabled = false (custom)
2019-09-20 08:26:04,438 [pool-155-thread-1] INFO  impl.RaftServerImpl (ServerState.java:<init>(105)) - 0028b382-670b-4338-9596-da2561481baf:group-6F006A073F4E ConfigurationManager, init=-1: [0028b382-670b-4338-9596-da2561481baf:192.168.34.27:36025], old=null, confs=<EMPTY_MAP>
2019-09-20 08:26:04,438 [pool-155-thread-1] INFO  server.RaftServerConfigKeys (ConfUtils.java:logGet(43)) - raft.server.storage.dir = [/workdir/hadoop-ozone/ozonefs/target/test-dir/MiniOzoneClusterImpl-a40249e3-ad88-49f0-907e-ff9d9448a317/datanode-2/data/ratis] (custom)
2019-09-20 08:26:04,438 [pool-155-thread-1] INFO  storage.RaftStorageDirectory (RaftStorageDirectory.java:analyzeStorage(246)) - The storage directory /workdir/hadoop-ozone/ozonefs/target/test-dir/MiniOzoneClusterImpl-a40249e3-ad88-49f0-907e-ff9d9448a317/datanode-2/data/ratis/65573feb-5c81-4961-bd52-6f006a073f4e does not exist. Creating ...
2019-09-20 08:26:04,453 [pool-155-thread-1] INFO  storage.RaftStorageDirectory (RaftStorageDirectory.java:tryLock(328)) - Lock on /workdir/hadoop-ozone/ozonefs/target/test-dir/MiniOzoneClusterImpl-a40249e3-ad88-49f0-907e-ff9d9448a317/datanode-2/data/ratis/65573feb-5c81-4961-bd52-6f006a073f4e/in_use.lock acquired by nodename 28782@pr-hdds-1569-6tbh6-3362816358
2019-09-20 08:26:04,465 [pool-155-thread-1] INFO  storage.RaftStorage (RaftStorage.java:format(72)) - Storage directory /workdir/hadoop-ozone/ozonefs/target/test-dir/MiniOzoneClusterImpl-a40249e3-ad88-49f0-907e-ff9d9448a317/datanode-2/data/ratis/65573feb-5c81-4961-bd52-6f006a073f4e has been successfully formatted.
2019-09-20 08:26:04,466 [pool-155-thread-1] INFO  ratis.ContainerStateMachine (ContainerStateMachine.java:loadSnapshot(226)) - group-6F006A073F4E: The snapshot info is null. Setting the last applied indexto:(t:0, i:~)
2019-09-20 08:26:04,466 [pool-155-thread-1] INFO  server.RaftServerConfigKeys (ConfUtils.java:logGet(43)) - raft.server.leader.election.timeout = 120s (custom)
2019-09-20 08:26:04,466 [pool-155-thread-1] INFO  server.RaftServerConfigKeys (ConfUtils.java:logGet(43)) - raft.server.log.use.memory = false (default)
2019-09-20 08:26:04,466 [pool-155-thread-1] INFO  server.RaftServerConfigKeys (ConfUtils.java:logGet(43)) - raft.server.log.purge.gap = 1000000 (custom)
2019-09-20 08:26:04,466 [pool-155-thread-1] INFO  server.RaftServerConfigKeys (ConfUtils.java:logGet(43)) - raft.server.log.appender.buffer.byte-limit = 33554432 (custom)
2019-09-20 08:26:04,466 [pool-155-thread-1] INFO  server.RaftServerConfigKeys (ConfUtils.java:logGet(43)) - raft.server.log.segment.size.max = 1048576 (custom)
2019-09-20 08:26:04,466 [pool-155-thread-1] INFO  server.RaftServerConfigKeys (ConfUtils.java:logGet(43)) - raft.server.log.segment.cache.num.max = 2 (custom)
2019-09-20 08:26:04,467 [pool-155-thread-1] INFO  segmented.SegmentedRaftLogWorker (SegmentedRaftLogWorker.java:<init>(172)) - new 0028b382-670b-4338-9596-da2561481baf-SegmentedRaftLogWorker:Storage Directory /workdir/hadoop-ozone/ozonefs/target/test-dir/MiniOzoneClusterImpl-a40249e3-ad88-49f0-907e-ff9d9448a317/datanode-2/data/ratis/65573feb-5c81-4961-bd52-6f006a073f4e for RaftStorage:Storage Directory /workdir/hadoop-ozone/ozonefs/target/test-dir/MiniOzoneClusterImpl-a40249e3-ad88-49f0-907e-ff9d9448a317/datanode-2/data/ratis/65573feb-5c81-4961-bd52-6f006a073f4e
2019-09-20 08:26:04,467 [pool-155-thread-1] INFO  server.RaftServerConfigKeys (ConfUtils.java:logGet(43)) - raft.server.log.queue.byte-limit = 2147483647 (custom)
2019-09-20 08:26:04,467 [pool-155-thread-1] INFO  server.RaftServerConfigKeys (ConfUtils.java:logGet(43)) - raft.server.log.queue.element-limit = 1024 (custom)
2019-09-20 08:26:04,467 [pool-155-thread-1] INFO  server.RaftServerConfigKeys (ConfUtils.java:logGet(43)) - raft.server.log.segment.size.max = 1048576 (custom)
2019-09-20 08:26:04,467 [pool-155-thread-1] INFO  server.RaftServerConfigKeys (ConfUtils.java:logGet(43)) - raft.server.log.preallocated.size = 16384 (custom)
2019-09-20 08:26:04,467 [pool-155-thread-1] INFO  server.RaftServerConfigKeys (ConfUtils.java:logGet(43)) - raft.server.log.write.buffer.size = 33554432 (custom)
2019-09-20 08:26:04,467 [pool-155-thread-1] INFO  server.RaftServerConfigKeys (ConfUtils.java:logGet(43)) - raft.server.log.force.sync.num = 128 (default)
2019-09-20 08:26:04,467 [pool-155-thread-1] INFO  server.RaftServerConfigKeys (ConfUtils.java:logGet(43)) - raft.server.log.statemachine.data.sync = true (default)
2019-09-20 08:26:04,468 [pool-155-thread-1] INFO  server.RaftServerConfigKeys (ConfUtils.java:logGet(43)) - raft.server.log.statemachine.data.sync.timeout = 10s (default)
2019-09-20 08:26:04,468 [pool-155-thread-1] INFO  server.RaftServerConfigKeys (ConfUtils.java:logGet(43)) - raft.server.log.statemachine.data.sync.timeout.retry = -1 (default)
2019-09-20 08:26:04,468 [pool-155-thread-1] INFO  server.RaftServerConfigKeys (ConfUtils.java:logGet(43)) - raft.server.log.statemachine.data.caching.enabled = true (custom)
2019-09-20 08:26:04,468 [pool-155-thread-1] INFO  segmented.SegmentedRaftLogWorker (SegmentedRaftLogWorker.java:lambda$new$0(132)) - 0028b382-670b-4338-9596-da2561481baf-SegmentedRaftLogWorker:Storage Directory /workdir/hadoop-ozone/ozonefs/target/test-dir/MiniOzoneClusterImpl-a40249e3-ad88-49f0-907e-ff9d9448a317/datanode-2/data/ratis/65573feb-5c81-4961-bd52-6f006a073f4e: flushIndex: setUnconditionally 0 -> -1
2019-09-20 08:26:04,470 [pool-155-thread-1] INFO  server.RaftServerConfigKeys (ConfUtils.java:logGet(43)) - raft.server.snapshot.auto.trigger.enabled = true (custom)
2019-09-20 08:26:04,470 [pool-155-thread-1] INFO  server.RaftServerConfigKeys (ConfUtils.java:logGet(43)) - raft.server.snapshot.auto.trigger.threshold = 10000 (custom)
2019-09-20 08:26:04,471 [pool-155-thread-1] INFO  server.RaftServerConfigKeys (ConfUtils.java:logGet(43)) - raft.server.retrycache.expirytime = 600000ms (custom)
2019-09-20 08:26:04,471 [pool-155-thread-1] INFO  impl.RaftServerImpl (RaftServerImpl.java:start(180)) - 0028b382-670b-4338-9596-da2561481baf: start group-6F006A073F4E
2019-09-20 08:26:04,471 [pool-155-thread-1] INFO  impl.RaftServerImpl (RaftServerImpl.java:setRole(171)) - 0028b382-670b-4338-9596-da2561481baf:group-6F006A073F4E changes role from null to FOLLOWER at term 0 for startAsFollower
2019-09-20 08:26:04,471 [pool-155-thread-1] INFO  impl.RoleInfo (RoleInfo.java:updateAndGet(143)) - 0028b382-670b-4338-9596-da2561481baf: start FollowerState
2019-09-20 08:26:04,471 [pool-155-thread-1] INFO  util.JmxRegister (JmxRegister.java:tryRegister(44)) - Successfully registered JMX Bean with object name Ratis:service=RaftServer,group=group-6F006A073F4E,id=0028b382-670b-4338-9596-da2561481baf
2019-09-20 08:26:04,475 [RatisPipelineUtilsThread] INFO  pipeline.PipelineStateManager (PipelineStateManager.java:addPipeline(56)) - Created pipeline Pipeline[ Id: 65573feb-5c81-4961-bd52-6f006a073f4e, Nodes: 0028b382-670b-4338-9596-da2561481baf{ip: 192.168.34.27, host: pr-hdds-1569-6tbh6-3362816358, networkLocation: /default-rack, certSerialId: null}, Type:RATIS, Factor:ONE, State:OPEN]
2019-09-20 08:26:04,475 [RatisPipelineUtilsThread] INFO  pipeline.PipelinePlacementPolicy (PipelinePlacementPolicy.java:meetCriteria(91)) - Pipeline Placement: Doesn't meet the criteria to be viable node： 988fcea2-3b3e-440a-b8e7-e4388109ae8d Heaviness: 6 limit: 5
2019-09-20 08:26:04,475 [RatisPipelineUtilsThread] INFO  pipeline.PipelinePlacementPolicy (PipelinePlacementPolicy.java:meetCriteria(91)) - Pipeline Placement: Doesn't meet the criteria to be viable node： ff26e422-1088-4b2b-acda-93f40e9fa7a5 Heaviness: 6 limit: 5
2019-09-20 08:26:04,482 [grpc-default-executor-0] INFO  impl.RaftServerProxy (RaftServerProxy.java:addNew(89)) - 0028b382-670b-4338-9596-da2561481baf: addNew group-DDE18A4D3FFC:[0028b382-670b-4338-9596-da2561481baf:192.168.34.27:36025] returns group-DDE18A4D3FFC:java.util.concurrent.CompletableFuture@73732636[Not completed]
2019-09-20 08:26:04,483 [pool-155-thread-1] INFO  impl.RaftServerImpl (RaftServerImpl.java:<init>(93)) - 0028b382-670b-4338-9596-da2561481baf: new RaftServerImpl for group-DDE18A4D3FFC:[0028b382-670b-4338-9596-da2561481baf:192.168.34.27:36025] with ContainerStateMachine:uninitialized
2019-09-20 08:26:04,483 [pool-155-thread-1] INFO  server.RaftServerConfigKeys (ConfUtils.java:logGet(43)) - raft.server.rpc.timeout.min = 5s (custom)
2019-09-20 08:26:04,483 [pool-155-thread-1] INFO  server.RaftServerConfigKeys (ConfUtils.java:logGet(43)) - raft.server.rpc.timeout.max = 5200ms (custom)
2019-09-20 08:26:04,483 [pool-155-thread-1] INFO  server.RaftServerConfigKeys (ConfUtils.java:logGet(43)) - raft.server.rpcslowness.timeout = 120s (custom)
2019-09-20 08:26:04,483 [pool-155-thread-1] INFO  server.RaftServerConfigKeys (ConfUtils.java:logGet(43)) - raft.server.sleep.deviation.threshold = 300 (default)
2019-09-20 08:26:04,484 [pool-155-thread-1] INFO  server.RaftServerConfigKeys (ConfUtils.java:logGet(43)) - raft.server.log.appender.install.snapshot.enabled = false (custom)
2019-09-20 08:26:04,484 [pool-155-thread-1] INFO  impl.RaftServerImpl (ServerState.java:<init>(105)) - 0028b382-670b-4338-9596-da2561481baf:group-DDE18A4D3FFC ConfigurationManager, init=-1: [0028b382-670b-4338-9596-da2561481baf:192.168.34.27:36025], old=null, confs=<EMPTY_MAP>
2019-09-20 08:26:04,484 [pool-155-thread-1] INFO  server.RaftServerConfigKeys (ConfUtils.java:logGet(43)) - raft.server.storage.dir = [/workdir/hadoop-ozone/ozonefs/target/test-dir/MiniOzoneClusterImpl-a40249e3-ad88-49f0-907e-ff9d9448a317/datanode-2/data/ratis] (custom)
2019-09-20 08:26:04,484 [pool-155-thread-1] INFO  storage.RaftStorageDirectory (RaftStorageDirectory.java:analyzeStorage(246)) - The storage directory /workdir/hadoop-ozone/ozonefs/target/test-dir/MiniOzoneClusterImpl-a40249e3-ad88-49f0-907e-ff9d9448a317/datanode-2/data/ratis/97d90155-186a-4c58-9dd8-dde18a4d3ffc does not exist. Creating ...
2019-09-20 08:26:04,498 [pool-155-thread-1] INFO  storage.RaftStorageDirectory (RaftStorageDirectory.java:tryLock(328)) - Lock on /workdir/hadoop-ozone/ozonefs/target/test-dir/MiniOzoneClusterImpl-a40249e3-ad88-49f0-907e-ff9d9448a317/datanode-2/data/ratis/97d90155-186a-4c58-9dd8-dde18a4d3ffc/in_use.lock acquired by nodename 28782@pr-hdds-1569-6tbh6-3362816358
2019-09-20 08:26:04,510 [pool-155-thread-1] INFO  storage.RaftStorage (RaftStorage.java:format(72)) - Storage directory /workdir/hadoop-ozone/ozonefs/target/test-dir/MiniOzoneClusterImpl-a40249e3-ad88-49f0-907e-ff9d9448a317/datanode-2/data/ratis/97d90155-186a-4c58-9dd8-dde18a4d3ffc has been successfully formatted.
2019-09-20 08:26:04,511 [pool-155-thread-1] INFO  ratis.ContainerStateMachine (ContainerStateMachine.java:loadSnapshot(226)) - group-DDE18A4D3FFC: The snapshot info is null. Setting the last applied indexto:(t:0, i:~)
2019-09-20 08:26:04,511 [pool-155-thread-1] INFO  server.RaftServerConfigKeys (ConfUtils.java:logGet(43)) - raft.server.leader.election.timeout = 120s (custom)
2019-09-20 08:26:04,511 [pool-155-thread-1] INFO  server.RaftServerConfigKeys (ConfUtils.java:logGet(43)) - raft.server.log.use.memory = false (default)
2019-09-20 08:26:04,511 [pool-155-thread-1] INFO  server.RaftServerConfigKeys (ConfUtils.java:logGet(43)) - raft.server.log.purge.gap = 1000000 (custom)
2019-09-20 08:26:04,511 [pool-155-thread-1] INFO  server.RaftServerConfigKeys (ConfUtils.java:logGet(43)) - raft.server.log.appender.buffer.byte-limit = 33554432 (custom)
2019-09-20 08:26:04,511 [pool-155-thread-1] INFO  server.RaftServerConfigKeys (ConfUtils.java:logGet(43)) - raft.server.log.segment.size.max = 1048576 (custom)
2019-09-20 08:26:04,512 [pool-155-thread-1] INFO  server.RaftServerConfigKeys (ConfUtils.java:logGet(43)) - raft.server.log.segment.cache.num.max = 2 (custom)
2019-09-20 08:26:04,512 [pool-155-thread-1] INFO  segmented.SegmentedRaftLogWorker (SegmentedRaftLogWorker.java:<init>(172)) - new 0028b382-670b-4338-9596-da2561481baf-SegmentedRaftLogWorker:Storage Directory /workdir/hadoop-ozone/ozonefs/target/test-dir/MiniOzoneClusterImpl-a40249e3-ad88-49f0-907e-ff9d9448a317/datanode-2/data/ratis/97d90155-186a-4c58-9dd8-dde18a4d3ffc for RaftStorage:Storage Directory /workdir/hadoop-ozone/ozonefs/target/test-dir/MiniOzoneClusterImpl-a40249e3-ad88-49f0-907e-ff9d9448a317/datanode-2/data/ratis/97d90155-186a-4c58-9dd8-dde18a4d3ffc
2019-09-20 08:26:04,512 [pool-155-thread-1] INFO  server.RaftServerConfigKeys (ConfUtils.java:logGet(43)) - raft.server.log.queue.byte-limit = 2147483647 (custom)
2019-09-20 08:26:04,512 [pool-155-thread-1] INFO  server.RaftServerConfigKeys (ConfUtils.java:logGet(43)) - raft.server.log.queue.element-limit = 1024 (custom)
2019-09-20 08:26:04,512 [pool-155-thread-1] INFO  server.RaftServerConfigKeys (ConfUtils.java:logGet(43)) - raft.server.log.segment.size.max = 1048576 (custom)
2019-09-20 08:26:04,512 [pool-155-thread-1] INFO  server.RaftServerConfigKeys (ConfUtils.java:logGet(43)) - raft.server.log.preallocated.size = 16384 (custom)
2019-09-20 08:26:04,512 [pool-155-thread-1] INFO  server.RaftServerConfigKeys (ConfUtils.java:logGet(43)) - raft.server.log.write.buffer.size = 33554432 (custom)
2019-09-20 08:26:04,512 [pool-155-thread-1] INFO  server.RaftServerConfigKeys (ConfUtils.java:logGet(43)) - raft.server.log.force.sync.num = 128 (default)
2019-09-20 08:26:04,513 [pool-155-thread-1] INFO  server.RaftServerConfigKeys (ConfUtils.java:logGet(43)) - raft.server.log.statemachine.data.sync = true (default)
2019-09-20 08:26:04,513 [pool-155-thread-1] INFO  server.RaftServerConfigKeys (ConfUtils.java:logGet(43)) - raft.server.log.statemachine.data.sync.timeout = 10s (default)
2019-09-20 08:26:04,513 [pool-155-thread-1] INFO  server.RaftServerConfigKeys (ConfUtils.java:logGet(43)) - raft.server.log.statemachine.data.sync.timeout.retry = -1 (default)
2019-09-20 08:26:04,513 [pool-155-thread-1] INFO  server.RaftServerConfigKeys (ConfUtils.java:logGet(43)) - raft.server.log.statemachine.data.caching.enabled = true (custom)
2019-09-20 08:26:04,513 [pool-155-thread-1] INFO  segmented.SegmentedRaftLogWorker (SegmentedRaftLogWorker.java:lambda$new$0(132)) - 0028b382-670b-4338-9596-da2561481baf-SegmentedRaftLogWorker:Storage Directory /workdir/hadoop-ozone/ozonefs/target/test-dir/MiniOzoneClusterImpl-a40249e3-ad88-49f0-907e-ff9d9448a317/datanode-2/data/ratis/97d90155-186a-4c58-9dd8-dde18a4d3ffc: flushIndex: setUnconditionally 0 -> -1
2019-09-20 08:26:04,514 [pool-155-thread-1] INFO  server.RaftServerConfigKeys (ConfUtils.java:logGet(43)) - raft.server.snapshot.auto.trigger.enabled = true (custom)
2019-09-20 08:26:04,514 [pool-155-thread-1] INFO  server.RaftServerConfigKeys (ConfUtils.java:logGet(43)) - raft.server.snapshot.auto.trigger.threshold = 10000 (custom)
2019-09-20 08:26:04,514 [pool-155-thread-1] INFO  server.RaftServerConfigKeys (ConfUtils.java:logGet(43)) - raft.server.retrycache.expirytime = 600000ms (custom)
2019-09-20 08:26:04,514 [pool-155-thread-1] INFO  impl.RaftServerImpl (RaftServerImpl.java:start(180)) - 0028b382-670b-4338-9596-da2561481baf: start group-DDE18A4D3FFC
2019-09-20 08:26:04,514 [pool-155-thread-1] INFO  impl.RaftServerImpl (RaftServerImpl.java:setRole(171)) - 0028b382-670b-4338-9596-da2561481baf:group-DDE18A4D3FFC changes role from null to FOLLOWER at term 0 for startAsFollower
2019-09-20 08:26:04,514 [pool-155-thread-1] INFO  impl.RoleInfo (RoleInfo.java:updateAndGet(143)) - 0028b382-670b-4338-9596-da2561481baf: start FollowerState
2019-09-20 08:26:04,515 [pool-155-thread-1] INFO  util.JmxRegister (JmxRegister.java:tryRegister(44)) - Successfully registered JMX Bean with object name Ratis:service=RaftServer,group=group-DDE18A4D3FFC,id=0028b382-670b-4338-9596-da2561481baf
2019-09-20 08:26:04,518 [RatisPipelineUtilsThread] INFO  pipeline.PipelineStateManager (PipelineStateManager.java:addPipeline(56)) - Created pipeline Pipeline[ Id: 97d90155-186a-4c58-9dd8-dde18a4d3ffc, Nodes: 0028b382-670b-4338-9596-da2561481baf{ip: 192.168.34.27, host: pr-hdds-1569-6tbh6-3362816358, networkLocation: /default-rack, certSerialId: null}, Type:RATIS, Factor:ONE, State:OPEN]
2019-09-20 08:26:04,518 [RatisPipelineUtilsThread] INFO  pipeline.PipelinePlacementPolicy (PipelinePlacementPolicy.java:meetCriteria(91)) - Pipeline Placement: Doesn't meet the criteria to be viable node： 988fcea2-3b3e-440a-b8e7-e4388109ae8d Heaviness: 6 limit: 5
2019-09-20 08:26:04,519 [RatisPipelineUtilsThread] INFO  pipeline.PipelinePlacementPolicy (PipelinePlacementPolicy.java:meetCriteria(91)) - Pipeline Placement: Doesn't meet the criteria to be viable node： ff26e422-1088-4b2b-acda-93f40e9fa7a5 Heaviness: 6 limit: 5
2019-09-20 08:26:04,525 [grpc-default-executor-0] INFO  impl.RaftServerProxy (RaftServerProxy.java:addNew(89)) - 0028b382-670b-4338-9596-da2561481baf: addNew group-F3969472D291:[0028b382-670b-4338-9596-da2561481baf:192.168.34.27:36025] returns group-F3969472D291:java.util.concurrent.CompletableFuture@52634eec[Not completed]
2019-09-20 08:26:04,526 [pool-155-thread-1] INFO  impl.RaftServerImpl (RaftServerImpl.java:<init>(93)) - 0028b382-670b-4338-9596-da2561481baf: new RaftServerImpl for group-F3969472D291:[0028b382-670b-4338-9596-da2561481baf:192.168.34.27:36025] with ContainerStateMachine:uninitialized
2019-09-20 08:26:04,526 [pool-155-thread-1] INFO  server.RaftServerConfigKeys (ConfUtils.java:logGet(43)) - raft.server.rpc.timeout.min = 5s (custom)
2019-09-20 08:26:04,526 [pool-155-thread-1] INFO  server.RaftServerConfigKeys (ConfUtils.java:logGet(43)) - raft.server.rpc.timeout.max = 5200ms (custom)
2019-09-20 08:26:04,526 [pool-155-thread-1] INFO  server.RaftServerConfigKeys (ConfUtils.java:logGet(43)) - raft.server.rpcslowness.timeout = 120s (custom)
2019-09-20 08:26:04,527 [pool-155-thread-1] INFO  server.RaftServerConfigKeys (ConfUtils.java:logGet(43)) - raft.server.sleep.deviation.threshold = 300 (default)
2019-09-20 08:26:04,527 [pool-155-thread-1] INFO  server.RaftServerConfigKeys (ConfUtils.java:logGet(43)) - raft.server.log.appender.install.snapshot.enabled = false (custom)
2019-09-20 08:26:04,527 [pool-155-thread-1] INFO  impl.RaftServerImpl (ServerState.java:<init>(105)) - 0028b382-670b-4338-9596-da2561481baf:group-F3969472D291 ConfigurationManager, init=-1: [0028b382-670b-4338-9596-da2561481baf:192.168.34.27:36025], old=null, confs=<EMPTY_MAP>
2019-09-20 08:26:04,527 [pool-155-thread-1] INFO  server.RaftServerConfigKeys (ConfUtils.java:logGet(43)) - raft.server.storage.dir = [/workdir/hadoop-ozone/ozonefs/target/test-dir/MiniOzoneClusterImpl-a40249e3-ad88-49f0-907e-ff9d9448a317/datanode-2/data/ratis] (custom)
2019-09-20 08:26:04,527 [pool-155-thread-1] INFO  storage.RaftStorageDirectory (RaftStorageDirectory.java:analyzeStorage(246)) - The storage directory /workdir/hadoop-ozone/ozonefs/target/test-dir/MiniOzoneClusterImpl-a40249e3-ad88-49f0-907e-ff9d9448a317/datanode-2/data/ratis/ba2cb653-28b8-4532-886a-f3969472d291 does not exist. Creating ...
2019-09-20 08:26:04,541 [pool-155-thread-1] INFO  storage.RaftStorageDirectory (RaftStorageDirectory.java:tryLock(328)) - Lock on /workdir/hadoop-ozone/ozonefs/target/test-dir/MiniOzoneClusterImpl-a40249e3-ad88-49f0-907e-ff9d9448a317/datanode-2/data/ratis/ba2cb653-28b8-4532-886a-f3969472d291/in_use.lock acquired by nodename 28782@pr-hdds-1569-6tbh6-3362816358
2019-09-20 08:26:04,566 [pool-155-thread-1] INFO  storage.RaftStorage (RaftStorage.java:format(72)) - Storage directory /workdir/hadoop-ozone/ozonefs/target/test-dir/MiniOzoneClusterImpl-a40249e3-ad88-49f0-907e-ff9d9448a317/datanode-2/data/ratis/ba2cb653-28b8-4532-886a-f3969472d291 has been successfully formatted.
2019-09-20 08:26:04,566 [pool-155-thread-1] INFO  ratis.ContainerStateMachine (ContainerStateMachine.java:loadSnapshot(226)) - group-F3969472D291: The snapshot info is null. Setting the last applied indexto:(t:0, i:~)
2019-09-20 08:26:04,566 [pool-155-thread-1] INFO  server.RaftServerConfigKeys (ConfUtils.java:logGet(43)) - raft.server.leader.election.timeout = 120s (custom)
2019-09-20 08:26:04,566 [pool-155-thread-1] INFO  server.RaftServerConfigKeys (ConfUtils.java:logGet(43)) - raft.server.log.use.memory = false (default)
2019-09-20 08:26:04,566 [pool-155-thread-1] INFO  server.RaftServerConfigKeys (ConfUtils.java:logGet(43)) - raft.server.log.purge.gap = 1000000 (custom)
2019-09-20 08:26:04,566 [pool-155-thread-1] INFO  server.RaftServerConfigKeys (ConfUtils.java:logGet(43)) - raft.server.log.appender.buffer.byte-limit = 33554432 (custom)
2019-09-20 08:26:04,567 [pool-155-thread-1] INFO  server.RaftServerConfigKeys (ConfUtils.java:logGet(43)) - raft.server.log.segment.size.max = 1048576 (custom)
2019-09-20 08:26:04,567 [pool-155-thread-1] INFO  server.RaftServerConfigKeys (ConfUtils.java:logGet(43)) - raft.server.log.segment.cache.num.max = 2 (custom)
2019-09-20 08:26:04,567 [pool-155-thread-1] INFO  segmented.SegmentedRaftLogWorker (SegmentedRaftLogWorker.java:<init>(172)) - new 0028b382-670b-4338-9596-da2561481baf-SegmentedRaftLogWorker:Storage Directory /workdir/hadoop-ozone/ozonefs/target/test-dir/MiniOzoneClusterImpl-a40249e3-ad88-49f0-907e-ff9d9448a317/datanode-2/data/ratis/ba2cb653-28b8-4532-886a-f3969472d291 for RaftStorage:Storage Directory /workdir/hadoop-ozone/ozonefs/target/test-dir/MiniOzoneClusterImpl-a40249e3-ad88-49f0-907e-ff9d9448a317/datanode-2/data/ratis/ba2cb653-28b8-4532-886a-f3969472d291
2019-09-20 08:26:04,567 [pool-155-thread-1] INFO  server.RaftServerConfigKeys (ConfUtils.java:logGet(43)) - raft.server.log.queue.byte-limit = 2147483647 (custom)
2019-09-20 08:26:04,567 [pool-155-thread-1] INFO  server.RaftServerConfigKeys (ConfUtils.java:logGet(43)) - raft.server.log.queue.element-limit = 1024 (custom)
2019-09-20 08:26:04,567 [pool-155-thread-1] INFO  server.RaftServerConfigKeys (ConfUtils.java:logGet(43)) - raft.server.log.segment.size.max = 1048576 (custom)
2019-09-20 08:26:04,567 [pool-155-thread-1] INFO  server.RaftServerConfigKeys (ConfUtils.java:logGet(43)) - raft.server.log.preallocated.size = 16384 (custom)
2019-09-20 08:26:04,567 [pool-155-thread-1] INFO  server.RaftServerConfigKeys (ConfUtils.java:logGet(43)) - raft.server.log.write.buffer.size = 33554432 (custom)
2019-09-20 08:26:04,567 [pool-155-thread-1] INFO  server.RaftServerConfigKeys (ConfUtils.java:logGet(43)) - raft.server.log.force.sync.num = 128 (default)
2019-09-20 08:26:04,568 [pool-155-thread-1] INFO  server.RaftServerConfigKeys (ConfUtils.java:logGet(43)) - raft.server.log.statemachine.data.sync = true (default)
2019-09-20 08:26:04,568 [pool-155-thread-1] INFO  server.RaftServerConfigKeys (ConfUtils.java:logGet(43)) - raft.server.log.statemachine.data.sync.timeout = 10s (default)
2019-09-20 08:26:04,568 [pool-155-thread-1] INFO  server.RaftServerConfigKeys (ConfUtils.java:logGet(43)) - raft.server.log.statemachine.data.sync.timeout.retry = -1 (default)
2019-09-20 08:26:04,568 [pool-155-thread-1] INFO  server.RaftServerConfigKeys (ConfUtils.java:logGet(43)) - raft.server.log.statemachine.data.caching.enabled = true (custom)
2019-09-20 08:26:04,568 [pool-155-thread-1] INFO  segmented.SegmentedRaftLogWorker (SegmentedRaftLogWorker.java:lambda$new$0(132)) - 0028b382-670b-4338-9596-da2561481baf-SegmentedRaftLogWorker:Storage Directory /workdir/hadoop-ozone/ozonefs/target/test-dir/MiniOzoneClusterImpl-a40249e3-ad88-49f0-907e-ff9d9448a317/datanode-2/data/ratis/ba2cb653-28b8-4532-886a-f3969472d291: flushIndex: setUnconditionally 0 -> -1
2019-09-20 08:26:04,568 [pool-155-thread-1] INFO  server.RaftServerConfigKeys (ConfUtils.java:logGet(43)) - raft.server.snapshot.auto.trigger.enabled = true (custom)
2019-09-20 08:26:04,569 [pool-155-thread-1] INFO  server.RaftServerConfigKeys (ConfUtils.java:logGet(43)) - raft.server.snapshot.auto.trigger.threshold = 10000 (custom)
2019-09-20 08:26:04,569 [pool-155-thread-1] INFO  server.RaftServerConfigKeys (ConfUtils.java:logGet(43)) - raft.server.retrycache.expirytime = 600000ms (custom)
2019-09-20 08:26:04,569 [pool-155-thread-1] INFO  impl.RaftServerImpl (RaftServerImpl.java:start(180)) - 0028b382-670b-4338-9596-da2561481baf: start group-F3969472D291
2019-09-20 08:26:04,569 [pool-155-thread-1] INFO  impl.RaftServerImpl (RaftServerImpl.java:setRole(171)) - 0028b382-670b-4338-9596-da2561481baf:group-F3969472D291 changes role from null to FOLLOWER at term 0 for startAsFollower
2019-09-20 08:26:04,569 [pool-155-thread-1] INFO  impl.RoleInfo (RoleInfo.java:updateAndGet(143)) - 0028b382-670b-4338-9596-da2561481baf: start FollowerState
2019-09-20 08:26:04,569 [pool-155-thread-1] INFO  util.JmxRegister (JmxRegister.java:tryRegister(44)) - Successfully registered JMX Bean with object name Ratis:service=RaftServer,group=group-F3969472D291,id=0028b382-670b-4338-9596-da2561481baf
2019-09-20 08:26:04,572 [RatisPipelineUtilsThread] INFO  pipeline.PipelineStateManager (PipelineStateManager.java:addPipeline(56)) - Created pipeline Pipeline[ Id: ba2cb653-28b8-4532-886a-f3969472d291, Nodes: 0028b382-670b-4338-9596-da2561481baf{ip: 192.168.34.27, host: pr-hdds-1569-6tbh6-3362816358, networkLocation: /default-rack, certSerialId: null}, Type:RATIS, Factor:ONE, State:OPEN]
2019-09-20 08:26:04,572 [RatisPipelineUtilsThread] INFO  pipeline.PipelinePlacementPolicy (PipelinePlacementPolicy.java:meetCriteria(91)) - Pipeline Placement: Doesn't meet the criteria to be viable node： 988fcea2-3b3e-440a-b8e7-e4388109ae8d Heaviness: 6 limit: 5
2019-09-20 08:26:04,573 [RatisPipelineUtilsThread] INFO  pipeline.PipelinePlacementPolicy (PipelinePlacementPolicy.java:meetCriteria(91)) - Pipeline Placement: Doesn't meet the criteria to be viable node： ff26e422-1088-4b2b-acda-93f40e9fa7a5 Heaviness: 6 limit: 5
2019-09-20 08:26:04,579 [grpc-default-executor-0] INFO  impl.RaftServerProxy (RaftServerProxy.java:addNew(89)) - 0028b382-670b-4338-9596-da2561481baf: addNew group-EC6238C3F691:[0028b382-670b-4338-9596-da2561481baf:192.168.34.27:36025] returns group-EC6238C3F691:java.util.concurrent.CompletableFuture@b4d7b2b[Not completed]
2019-09-20 08:26:04,579 [pool-155-thread-1] INFO  impl.RaftServerImpl (RaftServerImpl.java:<init>(93)) - 0028b382-670b-4338-9596-da2561481baf: new RaftServerImpl for group-EC6238C3F691:[0028b382-670b-4338-9596-da2561481baf:192.168.34.27:36025] with ContainerStateMachine:uninitialized
2019-09-20 08:26:04,580 [pool-155-thread-1] INFO  server.RaftServerConfigKeys (ConfUtils.java:logGet(43)) - raft.server.rpc.timeout.min = 5s (custom)
2019-09-20 08:26:04,580 [pool-155-thread-1] INFO  server.RaftServerConfigKeys (ConfUtils.java:logGet(43)) - raft.server.rpc.timeout.max = 5200ms (custom)
2019-09-20 08:26:04,580 [pool-155-thread-1] INFO  server.RaftServerConfigKeys (ConfUtils.java:logGet(43)) - raft.server.rpcslowness.timeout = 120s (custom)
2019-09-20 08:26:04,580 [pool-155-thread-1] INFO  server.RaftServerConfigKeys (ConfUtils.java:logGet(43)) - raft.server.sleep.deviation.threshold = 300 (default)
2019-09-20 08:26:04,580 [pool-155-thread-1] INFO  server.RaftServerConfigKeys (ConfUtils.java:logGet(43)) - raft.server.log.appender.install.snapshot.enabled = false (custom)
2019-09-20 08:26:04,580 [pool-155-thread-1] INFO  impl.RaftServerImpl (ServerState.java:<init>(105)) - 0028b382-670b-4338-9596-da2561481baf:group-EC6238C3F691 ConfigurationManager, init=-1: [0028b382-670b-4338-9596-da2561481baf:192.168.34.27:36025], old=null, confs=<EMPTY_MAP>
2019-09-20 08:26:04,580 [pool-155-thread-1] INFO  server.RaftServerConfigKeys (ConfUtils.java:logGet(43)) - raft.server.storage.dir = [/workdir/hadoop-ozone/ozonefs/target/test-dir/MiniOzoneClusterImpl-a40249e3-ad88-49f0-907e-ff9d9448a317/datanode-2/data/ratis] (custom)
2019-09-20 08:26:04,580 [pool-155-thread-1] INFO  storage.RaftStorageDirectory (RaftStorageDirectory.java:analyzeStorage(246)) - The storage directory /workdir/hadoop-ozone/ozonefs/target/test-dir/MiniOzoneClusterImpl-a40249e3-ad88-49f0-907e-ff9d9448a317/datanode-2/data/ratis/bf0f574e-b52d-413e-880b-ec6238c3f691 does not exist. Creating ...
2019-09-20 08:26:04,593 [pool-155-thread-1] INFO  storage.RaftStorageDirectory (RaftStorageDirectory.java:tryLock(328)) - Lock on /workdir/hadoop-ozone/ozonefs/target/test-dir/MiniOzoneClusterImpl-a40249e3-ad88-49f0-907e-ff9d9448a317/datanode-2/data/ratis/bf0f574e-b52d-413e-880b-ec6238c3f691/in_use.lock acquired by nodename 28782@pr-hdds-1569-6tbh6-3362816358
2019-09-20 08:26:04,605 [pool-155-thread-1] INFO  storage.RaftStorage (RaftStorage.java:format(72)) - Storage directory /workdir/hadoop-ozone/ozonefs/target/test-dir/MiniOzoneClusterImpl-a40249e3-ad88-49f0-907e-ff9d9448a317/datanode-2/data/ratis/bf0f574e-b52d-413e-880b-ec6238c3f691 has been successfully formatted.
2019-09-20 08:26:04,605 [pool-155-thread-1] INFO  ratis.ContainerStateMachine (ContainerStateMachine.java:loadSnapshot(226)) - group-EC6238C3F691: The snapshot info is null. Setting the last applied indexto:(t:0, i:~)
2019-09-20 08:26:04,606 [pool-155-thread-1] INFO  server.RaftServerConfigKeys (ConfUtils.java:logGet(43)) - raft.server.leader.election.timeout = 120s (custom)
2019-09-20 08:26:04,606 [pool-155-thread-1] INFO  server.RaftServerConfigKeys (ConfUtils.java:logGet(43)) - raft.server.log.use.memory = false (default)
2019-09-20 08:26:04,606 [pool-155-thread-1] INFO  server.RaftServerConfigKeys (ConfUtils.java:logGet(43)) - raft.server.log.purge.gap = 1000000 (custom)
2019-09-20 08:26:04,606 [pool-155-thread-1] INFO  server.RaftServerConfigKeys (ConfUtils.java:logGet(43)) - raft.server.log.appender.buffer.byte-limit = 33554432 (custom)
2019-09-20 08:26:04,606 [pool-155-thread-1] INFO  server.RaftServerConfigKeys (ConfUtils.java:logGet(43)) - raft.server.log.segment.size.max = 1048576 (custom)
2019-09-20 08:26:04,606 [pool-155-thread-1] INFO  server.RaftServerConfigKeys (ConfUtils.java:logGet(43)) - raft.server.log.segment.cache.num.max = 2 (custom)
2019-09-20 08:26:04,606 [pool-155-thread-1] INFO  segmented.SegmentedRaftLogWorker (SegmentedRaftLogWorker.java:<init>(172)) - new 0028b382-670b-4338-9596-da2561481baf-SegmentedRaftLogWorker:Storage Directory /workdir/hadoop-ozone/ozonefs/target/test-dir/MiniOzoneClusterImpl-a40249e3-ad88-49f0-907e-ff9d9448a317/datanode-2/data/ratis/bf0f574e-b52d-413e-880b-ec6238c3f691 for RaftStorage:Storage Directory /workdir/hadoop-ozone/ozonefs/target/test-dir/MiniOzoneClusterImpl-a40249e3-ad88-49f0-907e-ff9d9448a317/datanode-2/data/ratis/bf0f574e-b52d-413e-880b-ec6238c3f691
2019-09-20 08:26:04,606 [pool-155-thread-1] INFO  server.RaftServerConfigKeys (ConfUtils.java:logGet(43)) - raft.server.log.queue.byte-limit = 2147483647 (custom)
2019-09-20 08:26:04,607 [pool-155-thread-1] INFO  server.RaftServerConfigKeys (ConfUtils.java:logGet(43)) - raft.server.log.queue.element-limit = 1024 (custom)
2019-09-20 08:26:04,607 [pool-155-thread-1] INFO  server.RaftServerConfigKeys (ConfUtils.java:logGet(43)) - raft.server.log.segment.size.max = 1048576 (custom)
2019-09-20 08:26:04,607 [pool-155-thread-1] INFO  server.RaftServerConfigKeys (ConfUtils.java:logGet(43)) - raft.server.log.preallocated.size = 16384 (custom)
2019-09-20 08:26:04,607 [pool-155-thread-1] INFO  server.RaftServerConfigKeys (ConfUtils.java:logGet(43)) - raft.server.log.write.buffer.size = 33554432 (custom)
2019-09-20 08:26:04,607 [pool-155-thread-1] INFO  server.RaftServerConfigKeys (ConfUtils.java:logGet(43)) - raft.server.log.force.sync.num = 128 (default)
2019-09-20 08:26:04,607 [pool-155-thread-1] INFO  server.RaftServerConfigKeys (ConfUtils.java:logGet(43)) - raft.server.log.statemachine.data.sync = true (default)
2019-09-20 08:26:04,607 [pool-155-thread-1] INFO  server.RaftServerConfigKeys (ConfUtils.java:logGet(43)) - raft.server.log.statemachine.data.sync.timeout = 10s (default)
2019-09-20 08:26:04,607 [pool-155-thread-1] INFO  server.RaftServerConfigKeys (ConfUtils.java:logGet(43)) - raft.server.log.statemachine.data.sync.timeout.retry = -1 (default)
2019-09-20 08:26:04,607 [pool-155-thread-1] INFO  server.RaftServerConfigKeys (ConfUtils.java:logGet(43)) - raft.server.log.statemachine.data.caching.enabled = true (custom)
2019-09-20 08:26:04,608 [pool-155-thread-1] INFO  segmented.SegmentedRaftLogWorker (SegmentedRaftLogWorker.java:lambda$new$0(132)) - 0028b382-670b-4338-9596-da2561481baf-SegmentedRaftLogWorker:Storage Directory /workdir/hadoop-ozone/ozonefs/target/test-dir/MiniOzoneClusterImpl-a40249e3-ad88-49f0-907e-ff9d9448a317/datanode-2/data/ratis/bf0f574e-b52d-413e-880b-ec6238c3f691: flushIndex: setUnconditionally 0 -> -1
2019-09-20 08:26:04,608 [pool-155-thread-1] INFO  server.RaftServerConfigKeys (ConfUtils.java:logGet(43)) - raft.server.snapshot.auto.trigger.enabled = true (custom)
2019-09-20 08:26:04,608 [pool-155-thread-1] INFO  server.RaftServerConfigKeys (ConfUtils.java:logGet(43)) - raft.server.snapshot.auto.trigger.threshold = 10000 (custom)
2019-09-20 08:26:04,608 [pool-155-thread-1] INFO  server.RaftServerConfigKeys (ConfUtils.java:logGet(43)) - raft.server.retrycache.expirytime = 600000ms (custom)
2019-09-20 08:26:04,608 [pool-155-thread-1] INFO  impl.RaftServerImpl (RaftServerImpl.java:start(180)) - 0028b382-670b-4338-9596-da2561481baf: start group-EC6238C3F691
2019-09-20 08:26:04,608 [pool-155-thread-1] INFO  impl.RaftServerImpl (RaftServerImpl.java:setRole(171)) - 0028b382-670b-4338-9596-da2561481baf:group-EC6238C3F691 changes role from null to FOLLOWER at term 0 for startAsFollower
2019-09-20 08:26:04,609 [pool-155-thread-1] INFO  impl.RoleInfo (RoleInfo.java:updateAndGet(143)) - 0028b382-670b-4338-9596-da2561481baf: start FollowerState
2019-09-20 08:26:04,609 [pool-155-thread-1] INFO  util.JmxRegister (JmxRegister.java:tryRegister(44)) - Successfully registered JMX Bean with object name Ratis:service=RaftServer,group=group-EC6238C3F691,id=0028b382-670b-4338-9596-da2561481baf
2019-09-20 08:26:04,612 [RatisPipelineUtilsThread] INFO  pipeline.PipelineStateManager (PipelineStateManager.java:addPipeline(56)) - Created pipeline Pipeline[ Id: bf0f574e-b52d-413e-880b-ec6238c3f691, Nodes: 0028b382-670b-4338-9596-da2561481baf{ip: 192.168.34.27, host: pr-hdds-1569-6tbh6-3362816358, networkLocation: /default-rack, certSerialId: null}, Type:RATIS, Factor:ONE, State:OPEN]
2019-09-20 08:26:04,612 [RatisPipelineUtilsThread] INFO  pipeline.PipelinePlacementPolicy (PipelinePlacementPolicy.java:meetCriteria(91)) - Pipeline Placement: Doesn't meet the criteria to be viable node： 988fcea2-3b3e-440a-b8e7-e4388109ae8d Heaviness: 6 limit: 5
2019-09-20 08:26:04,612 [RatisPipelineUtilsThread] INFO  pipeline.PipelinePlacementPolicy (PipelinePlacementPolicy.java:meetCriteria(91)) - Pipeline Placement: Doesn't meet the criteria to be viable node： ff26e422-1088-4b2b-acda-93f40e9fa7a5 Heaviness: 6 limit: 5
2019-09-20 08:26:04,613 [RatisPipelineUtilsThread] INFO  pipeline.PipelinePlacementPolicy (PipelinePlacementPolicy.java:meetCriteria(91)) - Pipeline Placement: Doesn't meet the criteria to be viable node： 0028b382-670b-4338-9596-da2561481baf Heaviness: 6 limit: 5
2019-09-20 08:26:04,613 [RatisPipelineUtilsThread] ERROR pipeline.PipelinePlacementPolicy (PipelinePlacementPolicy.java:filterViableNodes(148)) - Unable to find enough nodes that meet the criteria that cannot engage in more than 5 pipelines. Nodes required: 1 Found: 0, healthy nodes count inNodeManager: 3.
2019-09-20 08:26:04,613 [RatisPipelineUtilsThread] ERROR pipeline.SCMPipelineManager (SCMPipelineManager.java:createPipeline(161)) - Pipeline creation failed due to exception: Unable to find enough nodes that meet the criteria that cannot engage in more than 5 pipelines. Nodes required: 1 Found: 0, healthy nodes count inNodeManager: 3.
2019-09-20 08:26:04,613 [RatisPipelineUtilsThread] INFO  pipeline.PipelinePlacementPolicy (PipelinePlacementPolicy.java:meetCriteria(91)) - Pipeline Placement: Doesn't meet the criteria to be viable node： 988fcea2-3b3e-440a-b8e7-e4388109ae8d Heaviness: 6 limit: 5
2019-09-20 08:26:04,613 [RatisPipelineUtilsThread] INFO  pipeline.PipelinePlacementPolicy (PipelinePlacementPolicy.java:meetCriteria(91)) - Pipeline Placement: Doesn't meet the criteria to be viable node： ff26e422-1088-4b2b-acda-93f40e9fa7a5 Heaviness: 6 limit: 5
2019-09-20 08:26:04,614 [RatisPipelineUtilsThread] INFO  pipeline.PipelinePlacementPolicy (PipelinePlacementPolicy.java:meetCriteria(91)) - Pipeline Placement: Doesn't meet the criteria to be viable node： 0028b382-670b-4338-9596-da2561481baf Heaviness: 6 limit: 5
2019-09-20 08:26:04,614 [RatisPipelineUtilsThread] ERROR pipeline.PipelinePlacementPolicy (PipelinePlacementPolicy.java:filterViableNodes(148)) - Unable to find enough nodes that meet the criteria that cannot engage in more than 5 pipelines. Nodes required: 3 Found: 0, healthy nodes count inNodeManager: 3.
2019-09-20 08:26:04,614 [RatisPipelineUtilsThread] ERROR pipeline.SCMPipelineManager (SCMPipelineManager.java:createPipeline(161)) - Pipeline creation failed due to exception: Unable to find enough nodes that meet the criteria that cannot engage in more than 5 pipelines. Nodes required: 3 Found: 0, healthy nodes count inNodeManager: 3.
2019-09-20 08:26:04,614 [RatisPipelineUtilsThread] INFO  pipeline.PipelinePlacementPolicy (PipelinePlacementPolicy.java:meetCriteria(91)) - Pipeline Placement: Doesn't meet the criteria to be viable node： 988fcea2-3b3e-440a-b8e7-e4388109ae8d Heaviness: 6 limit: 5
2019-09-20 08:26:04,615 [RatisPipelineUtilsThread] INFO  pipeline.PipelinePlacementPolicy (PipelinePlacementPolicy.java:meetCriteria(91)) - Pipeline Placement: Doesn't meet the criteria to be viable node： ff26e422-1088-4b2b-acda-93f40e9fa7a5 Heaviness: 6 limit: 5
2019-09-20 08:26:04,615 [RatisPipelineUtilsThread] INFO  pipeline.PipelinePlacementPolicy (PipelinePlacementPolicy.java:meetCriteria(91)) - Pipeline Placement: Doesn't meet the criteria to be viable node： 0028b382-670b-4338-9596-da2561481baf Heaviness: 6 limit: 5
2019-09-20 08:26:04,615 [RatisPipelineUtilsThread] ERROR pipeline.PipelinePlacementPolicy (PipelinePlacementPolicy.java:filterViableNodes(148)) - Unable to find enough nodes that meet the criteria that cannot engage in more than 5 pipelines. Nodes required: 1 Found: 0, healthy nodes count inNodeManager: 3.
2019-09-20 08:26:04,615 [RatisPipelineUtilsThread] ERROR pipeline.SCMPipelineManager (SCMPipelineManager.java:createPipeline(161)) - Pipeline creation failed due to exception: Unable to find enough nodes that meet the criteria that cannot engage in more than 5 pipelines. Nodes required: 1 Found: 0, healthy nodes count inNodeManager: 3.
2019-09-20 08:26:04,615 [RatisPipelineUtilsThread] INFO  pipeline.PipelinePlacementPolicy (PipelinePlacementPolicy.java:meetCriteria(91)) - Pipeline Placement: Doesn't meet the criteria to be viable node： 988fcea2-3b3e-440a-b8e7-e4388109ae8d Heaviness: 6 limit: 5
2019-09-20 08:26:04,615 [RatisPipelineUtilsThread] INFO  pipeline.PipelinePlacementPolicy (PipelinePlacementPolicy.java:meetCriteria(91)) - Pipeline Placement: Doesn't meet the criteria to be viable node： ff26e422-1088-4b2b-acda-93f40e9fa7a5 Heaviness: 6 limit: 5
2019-09-20 08:26:04,616 [RatisPipelineUtilsThread] INFO  pipeline.PipelinePlacementPolicy (PipelinePlacementPolicy.java:meetCriteria(91)) - Pipeline Placement: Doesn't meet the criteria to be viable node： 0028b382-670b-4338-9596-da2561481baf Heaviness: 6 limit: 5
2019-09-20 08:26:04,616 [RatisPipelineUtilsThread] ERROR pipeline.PipelinePlacementPolicy (PipelinePlacementPolicy.java:filterViableNodes(148)) - Unable to find enough nodes that meet the criteria that cannot engage in more than 5 pipelines. Nodes required: 3 Found: 0, healthy nodes count inNodeManager: 3.
2019-09-20 08:26:04,616 [RatisPipelineUtilsThread] ERROR pipeline.SCMPipelineManager (SCMPipelineManager.java:createPipeline(161)) - Pipeline creation failed due to exception: Unable to find enough nodes that meet the criteria that cannot engage in more than 5 pipelines. Nodes required: 3 Found: 0, healthy nodes count inNodeManager: 3.
2019-09-20 08:26:05,162 [Thread-538] INFO  ozone.MiniOzoneClusterImpl (MiniOzoneClusterImpl.java:lambda$waitForClusterToBeReady$0(142)) - Cluster is ready. Got 3 of 3 DN Heartbeats.
2019-09-20 08:26:05,311 | INFO  | OMAudit | user=jenkins1000 | ip=127.0.0.1 | op=CREATE_VOLUME {admin=admin53486, owner=user51248, volume=volume57147, creationTime=1568967965310, quotaInBytes=1152921504606846976} | ret=SUCCESS |  
2019-09-20 08:26:05,319 | INFO  | OMAudit | user=jenkins1000 | ip=127.0.0.1 | op=CREATE_BUCKET {volume=volume57147, bucket=bucket37563, acls=[], isVersionEnabled=false, storageType=DISK, creationTime=0} | ret=SUCCESS |  
2019-09-20 08:26:05,339 | INFO  | OMAudit | user=jenkins1000 | ip=127.0.0.1 | op=READ_VOLUME {volume=volume57147} | ret=SUCCESS |  
2019-09-20 08:26:05,342 | INFO  | OMAudit | user=jenkins1000 | ip=127.0.0.1 | op=READ_BUCKET {volume=volume57147, bucket=bucket37563} | ret=SUCCESS |  
2019-09-20 08:26:05,369 | INFO  | OMAudit | user=jenkins1000 | ip=127.0.0.1 | op=CREATE_DIRECTORY {volume=volume57147, bucket=bucket37563, key=dir1/dir11/dir111, dataSize=0, replicationType=null, replicationFactor=null, keyLocationInfo=null} | ret=SUCCESS |  
2019-09-20 08:26:05,372 | INFO  | OMAudit | user=jenkins1000 | ip=127.0.0.1 | op=CREATE_DIRECTORY {volume=volume57147, bucket=bucket37563, key=dir1/dir12, dataSize=0, replicationType=null, replicationFactor=null, keyLocationInfo=null} | ret=SUCCESS |  
2019-09-20 08:26:05,400 [IPC Server handler 2 on 44541] INFO  pipeline.PipelinePlacementPolicy (PipelinePlacementPolicy.java:meetCriteria(91)) - Pipeline Placement: Doesn't meet the criteria to be viable node： 988fcea2-3b3e-440a-b8e7-e4388109ae8d Heaviness: 6 limit: 5
2019-09-20 08:26:05,400 [IPC Server handler 2 on 44541] INFO  pipeline.PipelinePlacementPolicy (PipelinePlacementPolicy.java:meetCriteria(91)) - Pipeline Placement: Doesn't meet the criteria to be viable node： ff26e422-1088-4b2b-acda-93f40e9fa7a5 Heaviness: 6 limit: 5
2019-09-20 08:26:05,400 [IPC Server handler 2 on 44541] INFO  pipeline.PipelinePlacementPolicy (PipelinePlacementPolicy.java:meetCriteria(91)) - Pipeline Placement: Doesn't meet the criteria to be viable node： 0028b382-670b-4338-9596-da2561481baf Heaviness: 6 limit: 5
2019-09-20 08:26:05,401 [IPC Server handler 2 on 44541] ERROR pipeline.PipelinePlacementPolicy (PipelinePlacementPolicy.java:filterViableNodes(148)) - Unable to find enough nodes that meet the criteria that cannot engage in more than 5 pipelines. Nodes required: 3 Found: 0, healthy nodes count inNodeManager: 3.
2019-09-20 08:26:05,401 [IPC Server handler 2 on 44541] ERROR pipeline.SCMPipelineManager (SCMPipelineManager.java:createPipeline(161)) - Pipeline creation failed due to exception: Unable to find enough nodes that meet the criteria that cannot engage in more than 5 pipelines. Nodes required: 3 Found: 0, healthy nodes count inNodeManager: 3.
2019-09-20 08:26:05,402 [IPC Server handler 2 on 44541] WARN  block.BlockManagerImpl (BlockManagerImpl.java:allocateBlock(192)) - Pipeline creation failed for type:RATIS factor:THREE. Retrying get pipelines call once.
org.apache.hadoop.hdds.scm.exceptions.SCMException: Unable to find enough nodes that meet the criteria that cannot engage in more than 5 pipelines. Nodes required: 3 Found: 0, healthy nodes count inNodeManager: 3.
	at org.apache.hadoop.hdds.scm.pipeline.PipelinePlacementPolicy.filterViableNodes(PipelinePlacementPolicy.java:149)
	at org.apache.hadoop.hdds.scm.pipeline.PipelinePlacementPolicy.chooseDatanodes(PipelinePlacementPolicy.java:172)
	at org.apache.hadoop.hdds.scm.pipeline.RatisPipelineProvider.create(RatisPipelineProvider.java:92)
	at org.apache.hadoop.hdds.scm.pipeline.PipelineFactory.create(PipelineFactory.java:57)
	at org.apache.hadoop.hdds.scm.pipeline.SCMPipelineManager.createPipeline(SCMPipelineManager.java:149)
	at org.apache.hadoop.hdds.scm.block.BlockManagerImpl.allocateBlock(BlockManagerImpl.java:190)
	at org.apache.hadoop.hdds.scm.server.SCMBlockProtocolServer.allocateBlock(SCMBlockProtocolServer.java:175)
	at org.apache.hadoop.ozone.protocolPB.ScmBlockLocationProtocolServerSideTranslatorPB.allocateScmBlock(ScmBlockLocationProtocolServerSideTranslatorPB.java:153)
	at org.apache.hadoop.ozone.protocolPB.ScmBlockLocationProtocolServerSideTranslatorPB.send(ScmBlockLocationProtocolServerSideTranslatorPB.java:112)
	at org.apache.hadoop.hdds.protocol.proto.ScmBlockLocationProtocolProtos$ScmBlockLocationProtocolService$2.callBlockingMethod(ScmBlockLocationProtocolProtos.java:13157)
	at org.apache.hadoop.ipc.ProtobufRpcEngine$Server$ProtoBufRpcInvoker.call(ProtobufRpcEngine.java:524)
	at org.apache.hadoop.ipc.RPC$Server.call(RPC.java:1025)
	at org.apache.hadoop.ipc.Server$RpcCall.run(Server.java:876)
	at org.apache.hadoop.ipc.Server$RpcCall.run(Server.java:822)
	at java.security.AccessController.doPrivileged(Native Method)
	at javax.security.auth.Subject.doAs(Subject.java:422)
	at org.apache.hadoop.security.UserGroupInformation.doAs(UserGroupInformation.java:1730)
	at org.apache.hadoop.ipc.Server$Handler.run(Server.java:2682)
2019-09-20 08:26:05,404 [IPC Server handler 2 on 44541] INFO  block.BlockManagerImpl (BlockManagerImpl.java:allocateBlock(198)) - Could not find available pipeline of type:RATIS and factor:THREE even after retrying
2019-09-20 08:26:05,404 [IPC Server handler 2 on 44541] ERROR block.BlockManagerImpl (BlockManagerImpl.java:allocateBlock(222)) - Unable to allocate a block for the size: 4194304, type: RATIS, factor: THREE
2019-09-20 08:26:05,404 | INFO  | SCMAudit | user=jenkins1000 | ip=192.168.34.27 | op=ALLOCATE_BLOCK {owner=d4d41162-c02a-4f51-a77a-6db1c557c317, size=4194304, type=RATIS, factor=THREE} | ret=SUCCESS |  
2019-09-20 08:26:05,412 | ERROR | OMAudit | user=jenkins1000 | ip=127.0.0.1 | op=CREATE_FILE {volume=volume57147, bucket=bucket37563, key=dir1/dir12/file121, dataSize=0, replicationType=RATIS, replicationFactor=THREE, keyLocationInfo=null} | ret=FAILURE | org.apache.hadoop.hdds.scm.exceptions.SCMException: Allocated 0 blocks. Requested 1 blocks
	at org.apache.hadoop.hdds.scm.protocolPB.ScmBlockLocationProtocolClientSideTranslatorPB.handleError(ScmBlockLocationProtocolClientSideTranslatorPB.java:118)
	at org.apache.hadoop.hdds.scm.protocolPB.ScmBlockLocationProtocolClientSideTranslatorPB.allocateBlock(ScmBlockLocationProtocolClientSideTranslatorPB.java:156) 
2019-09-20 08:26:05,415 [Thread-538] INFO  ozone.MiniOzoneClusterImpl (MiniOzoneClusterImpl.java:shutdown(321)) - Shutting down the Mini Ozone Cluster
2019-09-20 08:26:05,415 | INFO  | SCMAudit | user=null | ip=null | op=GET_SCM_INFO null | ret=SUCCESS |  
2019-09-20 08:26:05,415 [Thread-538] INFO  ozone.MiniOzoneClusterImpl (MiniOzoneClusterImpl.java:stop(336)) - Stopping the Mini Ozone Cluster
2019-09-20 08:26:05,416 [Thread-538] INFO  ozone.MiniOzoneClusterImpl (MiniOzoneClusterImpl.java:stop(338)) - Stopping the OzoneManager
2019-09-20 08:26:05,416 [Thread-538] INFO  ipc.Server (Server.java:stop(3082)) - Stopping server on 33344
2019-09-20 08:26:05,419 [IPC Server listener on 33344] INFO  ipc.Server (Server.java:run(1185)) - Stopping IPC Server listener on 33344
2019-09-20 08:26:05,419 [Thread-538] INFO  ratis.OzoneManagerDoubleBuffer (OzoneManagerDoubleBuffer.java:stop(248)) - Stopping OMDoubleBuffer flush thread
2019-09-20 08:26:05,419 [IPC Server Responder] INFO  ipc.Server (Server.java:run(1319)) - Stopping IPC Server Responder
2019-09-20 08:26:05,421 [OMDoubleBufferFlushThread] INFO  ratis.OzoneManagerDoubleBuffer (OzoneManagerDoubleBuffer.java:flushTransactions(191)) - OMDoubleBuffer flush thread OMDoubleBufferFlushThread is interrupted and will exit. OMDoubleBufferFlushThread
2019-09-20 08:26:05,422 [Thread-538] INFO  utils.BackgroundService (BackgroundService.java:shutdown(148)) - Shutting down service KeyDeletingService
2019-09-20 08:26:05,424 [Thread-538] INFO  handler.ContextHandler (ContextHandler.java:doStop(910)) - Stopped o.e.j.w.WebAppContext@272c1ac7{/,null,UNAVAILABLE}{/ozoneManager}
2019-09-20 08:26:05,425 [Thread-538] INFO  server.AbstractConnector (AbstractConnector.java:doStop(318)) - Stopped ServerConnector@559362c5{HTTP/1.1,[http/1.1]}{0.0.0.0:0}
2019-09-20 08:26:05,425 [Thread-538] INFO  handler.ContextHandler (ContextHandler.java:doStop(910)) - Stopped o.e.j.s.ServletContextHandler@2bf0a7f7{/static,jar:file:/home/user/.m2/repository/org/apache/hadoop/hadoop-ozone-ozone-manager/0.5.0-SNAPSHOT/hadoop-ozone-ozone-manager-0.5.0-SNAPSHOT.jar!/webapps/static,UNAVAILABLE}
2019-09-20 08:26:05,426 [Thread-538] INFO  handler.ContextHandler (ContextHandler.java:doStop(910)) - Stopped o.e.j.s.ServletContextHandler@224708cd{/logs,file:///workdir/hadoop-ozone/ozonefs/target/log,UNAVAILABLE}
2019-09-20 08:26:05,428 [Thread-538] INFO  ozone.MiniOzoneClusterImpl (MiniOzoneClusterImpl.java:stop(344)) - Shutting the HddsDatanodes
2019-09-20 08:26:05,429 [Thread-538] INFO  datanode.ObjectStoreHandler (ObjectStoreHandler.java:close(155)) - Closing ObjectStoreHandler.
2019-09-20 08:26:05,429 [ForkJoinPool.commonPool-worker-1] INFO  datanode.ObjectStoreHandler (ObjectStoreHandler.java:close(155)) - Closing ObjectStoreHandler.
2019-09-20 08:26:05,430 [ForkJoinPool.commonPool-worker-1] INFO  ozone.HddsDatanodeService (HddsDatanodeService.java:stop(451)) - Stopped plug-in org.apache.hadoop.ozone.web.OzoneHddsDatanodeService@28fae9fc
2019-09-20 08:26:05,430 [Thread-538] INFO  ozone.HddsDatanodeService (HddsDatanodeService.java:stop(451)) - Stopped plug-in org.apache.hadoop.ozone.web.OzoneHddsDatanodeService@75f70a43
2019-09-20 08:26:05,795 [Datanode State Machine Thread - 0] INFO  statemachine.DatanodeStateMachine (DatanodeStateMachine.java:lambda$startDaemon$0(350)) - Ozone container server started.
2019-09-20 08:26:05,981 [Datanode State Machine Thread - 0] INFO  statemachine.DatanodeStateMachine (DatanodeStateMachine.java:lambda$startDaemon$0(350)) - Ozone container server started.
2019-09-20 08:26:06,163 | INFO  | SCMAudit | user=jenkins1000 | ip=192.168.34.27 | op=SEND_HEARTBEAT {datanodeUUID=0028b382-670b-4338-9596-da2561481baf, command=[]} | ret=SUCCESS |  
2019-09-20 08:26:06,806 [Thread-710] INFO  container.ReplicationManager (ReplicationManager.java:start(151)) - Starting Replication Monitor Thread.
2019-09-20 08:26:06,808 [ReplicationMonitor] INFO  container.ReplicationManager (ReplicationManager.java:run(214)) - Replication Monitor Thread took 1 milliseconds for processing 0 containers.
2019-09-20 08:26:07,163 | INFO  | SCMAudit | user=jenkins1000 | ip=192.168.34.27 | op=SEND_HEARTBEAT {datanodeUUID=0028b382-670b-4338-9596-da2561481baf, command=[]} | ret=SUCCESS |  
2019-09-20 08:26:08,162 | INFO  | SCMAudit | user=jenkins1000 | ip=192.168.34.27 | op=SEND_HEARTBEAT {datanodeUUID=0028b382-670b-4338-9596-da2561481baf, command=[]} | ret=SUCCESS |  
2019-09-20 08:26:09,016 [Thread-712] INFO  impl.FollowerState (FollowerState.java:run(106)) - ff26e422-1088-4b2b-acda-93f40e9fa7a5:group-856DA330B7DB changes to CANDIDATE, lastRpcTime:5157, electionTimeout:5157ms
2019-09-20 08:26:09,016 [Thread-712] INFO  impl.RoleInfo (RoleInfo.java:shutdownFollowerState(121)) - ff26e422-1088-4b2b-acda-93f40e9fa7a5: shutdown FollowerState
2019-09-20 08:26:09,016 [Thread-712] INFO  impl.RaftServerImpl (RaftServerImpl.java:setRole(171)) - ff26e422-1088-4b2b-acda-93f40e9fa7a5:group-856DA330B7DB changes role from FOLLOWER to CANDIDATE at term 0 for changeToCandidate
2019-09-20 08:26:09,016 [Thread-712] INFO  impl.RoleInfo (RoleInfo.java:updateAndGet(143)) - ff26e422-1088-4b2b-acda-93f40e9fa7a5: start LeaderElection
2019-09-20 08:26:09,041 [Thread-715] INFO  impl.FollowerState (FollowerState.java:run(106)) - ff26e422-1088-4b2b-acda-93f40e9fa7a5:group-29A0C25A5769 changes to CANDIDATE, lastRpcTime:5123, electionTimeout:5123ms
2019-09-20 08:26:09,041 [Thread-715] INFO  impl.RoleInfo (RoleInfo.java:shutdownFollowerState(121)) - ff26e422-1088-4b2b-acda-93f40e9fa7a5: shutdown FollowerState
2019-09-20 08:26:09,041 [Thread-715] INFO  impl.RaftServerImpl (RaftServerImpl.java:setRole(171)) - ff26e422-1088-4b2b-acda-93f40e9fa7a5:group-29A0C25A5769 changes role from FOLLOWER to CANDIDATE at term 0 for changeToCandidate
2019-09-20 08:26:09,041 [Thread-715] INFO  impl.RoleInfo (RoleInfo.java:updateAndGet(143)) - ff26e422-1088-4b2b-acda-93f40e9fa7a5: start LeaderElection
2019-09-20 08:26:09,047 [ff26e422-1088-4b2b-acda-93f40e9fa7a5:group-856DA330B7DB:LeaderElection36] INFO  impl.LeaderElection (LeaderElection.java:askForVotes(181)) - ff26e422-1088-4b2b-acda-93f40e9fa7a5:group-856DA330B7DB:LeaderElection36: begin an election at term 1 for -1: [ff26e422-1088-4b2b-acda-93f40e9fa7a5:192.168.34.27:34433], old=null
2019-09-20 08:26:09,047 [ff26e422-1088-4b2b-acda-93f40e9fa7a5:group-856DA330B7DB:LeaderElection36] INFO  impl.RoleInfo (RoleInfo.java:shutdownLeaderElection(134)) - ff26e422-1088-4b2b-acda-93f40e9fa7a5: shutdown LeaderElection
2019-09-20 08:26:09,047 [ff26e422-1088-4b2b-acda-93f40e9fa7a5:group-856DA330B7DB:LeaderElection36] INFO  impl.RaftServerImpl (RaftServerImpl.java:setRole(171)) - ff26e422-1088-4b2b-acda-93f40e9fa7a5:group-856DA330B7DB changes role from CANDIDATE to LEADER at term 1 for changeToLeader
2019-09-20 08:26:09,047 [ff26e422-1088-4b2b-acda-93f40e9fa7a5:group-856DA330B7DB:LeaderElection36] INFO  impl.RaftServerImpl (ServerState.java:setLeader(263)) - ff26e422-1088-4b2b-acda-93f40e9fa7a5:group-856DA330B7DB change Leader from null to ff26e422-1088-4b2b-acda-93f40e9fa7a5 at term 1 for becomeLeader, leader elected after 5193ms
2019-09-20 08:26:09,047 [ff26e422-1088-4b2b-acda-93f40e9fa7a5:group-856DA330B7DB:LeaderElection36] INFO  server.RaftServerConfigKeys (ConfUtils.java:logGet(43)) - raft.server.staging.catchup.gap = 1000 (default)
2019-09-20 08:26:09,048 [ff26e422-1088-4b2b-acda-93f40e9fa7a5:group-856DA330B7DB:LeaderElection36] INFO  server.RaftServerConfigKeys (ConfUtils.java:logGet(43)) - raft.server.rpc.sleep.time = 25ms (default)
2019-09-20 08:26:09,048 [ff26e422-1088-4b2b-acda-93f40e9fa7a5:group-856DA330B7DB:LeaderElection36] INFO  server.RaftServerConfigKeys (ConfUtils.java:logGet(43)) - raft.server.write.element-limit = 4096 (default)
2019-09-20 08:26:09,048 [ff26e422-1088-4b2b-acda-93f40e9fa7a5:group-856DA330B7DB:LeaderElection36] INFO  server.RaftServerConfigKeys (ConfUtils.java:logGet(43)) - raft.server.watch.timeout = 10s (default)
2019-09-20 08:26:09,048 [ff26e422-1088-4b2b-acda-93f40e9fa7a5:group-856DA330B7DB:LeaderElection36] INFO  server.RaftServerConfigKeys (ConfUtils.java:logGet(43)) - raft.server.watch.timeout.denomination = 1s (default)
2019-09-20 08:26:09,048 [ff26e422-1088-4b2b-acda-93f40e9fa7a5:group-29A0C25A5769:LeaderElection37] INFO  impl.LeaderElection (LeaderElection.java:askForVotes(181)) - ff26e422-1088-4b2b-acda-93f40e9fa7a5:group-29A0C25A5769:LeaderElection37: begin an election at term 1 for -1: [ff26e422-1088-4b2b-acda-93f40e9fa7a5:192.168.34.27:34433], old=null
2019-09-20 08:26:09,048 [ff26e422-1088-4b2b-acda-93f40e9fa7a5:group-856DA330B7DB:LeaderElection36] INFO  server.RaftServerConfigKeys (ConfUtils.java:logGet(43)) - raft.server.watch.element-limit = 65536 (default)
2019-09-20 08:26:09,049 [ff26e422-1088-4b2b-acda-93f40e9fa7a5:group-29A0C25A5769:LeaderElection37] INFO  impl.RoleInfo (RoleInfo.java:shutdownLeaderElection(134)) - ff26e422-1088-4b2b-acda-93f40e9fa7a5: shutdown LeaderElection
2019-09-20 08:26:09,049 [ff26e422-1088-4b2b-acda-93f40e9fa7a5:group-856DA330B7DB:LeaderElection36] INFO  impl.RoleInfo (RoleInfo.java:updateAndGet(143)) - ff26e422-1088-4b2b-acda-93f40e9fa7a5: start LeaderState
2019-09-20 08:26:09,049 [ff26e422-1088-4b2b-acda-93f40e9fa7a5:group-29A0C25A5769:LeaderElection37] INFO  impl.RaftServerImpl (RaftServerImpl.java:setRole(171)) - ff26e422-1088-4b2b-acda-93f40e9fa7a5:group-29A0C25A5769 changes role from CANDIDATE to LEADER at term 1 for changeToLeader
2019-09-20 08:26:09,049 [ff26e422-1088-4b2b-acda-93f40e9fa7a5:group-29A0C25A5769:LeaderElection37] INFO  impl.RaftServerImpl (ServerState.java:setLeader(263)) - ff26e422-1088-4b2b-acda-93f40e9fa7a5:group-29A0C25A5769 change Leader from null to ff26e422-1088-4b2b-acda-93f40e9fa7a5 at term 1 for becomeLeader, leader elected after 5137ms
2019-09-20 08:26:09,049 [ff26e422-1088-4b2b-acda-93f40e9fa7a5:group-856DA330B7DB:LeaderElection36] INFO  segmented.SegmentedRaftLogWorker (SegmentedRaftLogWorker.java:startLogSegment(380)) - ff26e422-1088-4b2b-acda-93f40e9fa7a5-SegmentedRaftLogWorker:Storage Directory /workdir/hadoop-ozone/ozonefs/target/test-dir/MiniOzoneClusterImpl-a40249e3-ad88-49f0-907e-ff9d9448a317/datanode-0/data/ratis/adb76a94-bbde-4760-97df-856da330b7db: Starting segment from index:0
2019-09-20 08:26:09,049 [ff26e422-1088-4b2b-acda-93f40e9fa7a5:group-29A0C25A5769:LeaderElection37] INFO  server.RaftServerConfigKeys (ConfUtils.java:logGet(43)) - raft.server.staging.catchup.gap = 1000 (default)
2019-09-20 08:26:09,050 [ff26e422-1088-4b2b-acda-93f40e9fa7a5:group-29A0C25A5769:LeaderElection37] INFO  server.RaftServerConfigKeys (ConfUtils.java:logGet(43)) - raft.server.rpc.sleep.time = 25ms (default)
2019-09-20 08:26:09,050 [ff26e422-1088-4b2b-acda-93f40e9fa7a5:group-29A0C25A5769:LeaderElection37] INFO  server.RaftServerConfigKeys (ConfUtils.java:logGet(43)) - raft.server.write.element-limit = 4096 (default)
2019-09-20 08:26:09,050 [ff26e422-1088-4b2b-acda-93f40e9fa7a5:group-856DA330B7DB:LeaderElection36] INFO  impl.RaftServerImpl (ServerState.java:setRaftConf(361)) - ff26e422-1088-4b2b-acda-93f40e9fa7a5:group-856DA330B7DB set configuration 0: [ff26e422-1088-4b2b-acda-93f40e9fa7a5:192.168.34.27:34433], old=null at 0
2019-09-20 08:26:09,050 [ff26e422-1088-4b2b-acda-93f40e9fa7a5:group-29A0C25A5769:LeaderElection37] INFO  server.RaftServerConfigKeys (ConfUtils.java:logGet(43)) - raft.server.watch.timeout = 10s (default)
2019-09-20 08:26:09,050 [ff26e422-1088-4b2b-acda-93f40e9fa7a5:group-29A0C25A5769:LeaderElection37] INFO  server.RaftServerConfigKeys (ConfUtils.java:logGet(43)) - raft.server.watch.timeout.denomination = 1s (default)
2019-09-20 08:26:09,051 [ff26e422-1088-4b2b-acda-93f40e9fa7a5:group-29A0C25A5769:LeaderElection37] INFO  server.RaftServerConfigKeys (ConfUtils.java:logGet(43)) - raft.server.watch.element-limit = 65536 (default)
2019-09-20 08:26:09,051 [ff26e422-1088-4b2b-acda-93f40e9fa7a5:group-29A0C25A5769:LeaderElection37] INFO  impl.RoleInfo (RoleInfo.java:updateAndGet(143)) - ff26e422-1088-4b2b-acda-93f40e9fa7a5: start LeaderState
2019-09-20 08:26:09,051 [ff26e422-1088-4b2b-acda-93f40e9fa7a5:group-29A0C25A5769:LeaderElection37] INFO  segmented.SegmentedRaftLogWorker (SegmentedRaftLogWorker.java:startLogSegment(380)) - ff26e422-1088-4b2b-acda-93f40e9fa7a5-SegmentedRaftLogWorker:Storage Directory /workdir/hadoop-ozone/ozonefs/target/test-dir/MiniOzoneClusterImpl-a40249e3-ad88-49f0-907e-ff9d9448a317/datanode-0/data/ratis/653df1b1-56c6-4166-98ac-29a0c25a5769: Starting segment from index:0
2019-09-20 08:26:09,052 [ff26e422-1088-4b2b-acda-93f40e9fa7a5:group-29A0C25A5769:LeaderElection37] INFO  impl.RaftServerImpl (ServerState.java:setRaftConf(361)) - ff26e422-1088-4b2b-acda-93f40e9fa7a5:group-29A0C25A5769 set configuration 0: [ff26e422-1088-4b2b-acda-93f40e9fa7a5:192.168.34.27:34433], old=null at 0
2019-09-20 08:26:09,075 [Thread-721] INFO  impl.FollowerState (FollowerState.java:run(106)) - ff26e422-1088-4b2b-acda-93f40e9fa7a5:group-358405ACC6EE changes to CANDIDATE, lastRpcTime:5051, electionTimeout:5051ms
2019-09-20 08:26:09,075 [Thread-721] INFO  impl.RoleInfo (RoleInfo.java:shutdownFollowerState(121)) - ff26e422-1088-4b2b-acda-93f40e9fa7a5: shutdown FollowerState
2019-09-20 08:26:09,075 [Thread-721] INFO  impl.RaftServerImpl (RaftServerImpl.java:setRole(171)) - ff26e422-1088-4b2b-acda-93f40e9fa7a5:group-358405ACC6EE changes role from FOLLOWER to CANDIDATE at term 0 for changeToCandidate
2019-09-20 08:26:09,075 [Thread-721] INFO  impl.RoleInfo (RoleInfo.java:updateAndGet(143)) - ff26e422-1088-4b2b-acda-93f40e9fa7a5: start LeaderElection
2019-09-20 08:26:09,107 [ff26e422-1088-4b2b-acda-93f40e9fa7a5-SegmentedRaftLogWorker:Storage Directory /workdir/hadoop-ozone/ozonefs/target/test-dir/MiniOzoneClusterImpl-a40249e3-ad88-49f0-907e-ff9d9448a317/datanode-0/data/ratis/653df1b1-56c6-4166-98ac-29a0c25a5769] INFO  segmented.SegmentedRaftLogWorker (SegmentedRaftLogWorker.java:execute(569)) - ff26e422-1088-4b2b-acda-93f40e9fa7a5-SegmentedRaftLogWorker:Storage Directory /workdir/hadoop-ozone/ozonefs/target/test-dir/MiniOzoneClusterImpl-a40249e3-ad88-49f0-907e-ff9d9448a317/datanode-0/data/ratis/653df1b1-56c6-4166-98ac-29a0c25a5769: created new log segment /workdir/hadoop-ozone/ozonefs/target/test-dir/MiniOzoneClusterImpl-a40249e3-ad88-49f0-907e-ff9d9448a317/datanode-0/data/ratis/653df1b1-56c6-4166-98ac-29a0c25a5769/current/log_inprogress_0
2019-09-20 08:26:09,107 [ff26e422-1088-4b2b-acda-93f40e9fa7a5:group-358405ACC6EE:LeaderElection38] INFO  impl.LeaderElection (LeaderElection.java:askForVotes(181)) - ff26e422-1088-4b2b-acda-93f40e9fa7a5:group-358405ACC6EE:LeaderElection38: begin an election at term 1 for -1: [ff26e422-1088-4b2b-acda-93f40e9fa7a5:192.168.34.27:34433], old=null
2019-09-20 08:26:09,107 [ff26e422-1088-4b2b-acda-93f40e9fa7a5-SegmentedRaftLogWorker:Storage Directory /workdir/hadoop-ozone/ozonefs/target/test-dir/MiniOzoneClusterImpl-a40249e3-ad88-49f0-907e-ff9d9448a317/datanode-0/data/ratis/adb76a94-bbde-4760-97df-856da330b7db] INFO  segmented.SegmentedRaftLogWorker (SegmentedRaftLogWorker.java:execute(569)) - ff26e422-1088-4b2b-acda-93f40e9fa7a5-SegmentedRaftLogWorker:Storage Directory /workdir/hadoop-ozone/ozonefs/target/test-dir/MiniOzoneClusterImpl-a40249e3-ad88-49f0-907e-ff9d9448a317/datanode-0/data/ratis/adb76a94-bbde-4760-97df-856da330b7db: created new log segment /workdir/hadoop-ozone/ozonefs/target/test-dir/MiniOzoneClusterImpl-a40249e3-ad88-49f0-907e-ff9d9448a317/datanode-0/data/ratis/adb76a94-bbde-4760-97df-856da330b7db/current/log_inprogress_0
2019-09-20 08:26:09,107 [ff26e422-1088-4b2b-acda-93f40e9fa7a5:group-358405ACC6EE:LeaderElection38] INFO  impl.RoleInfo (RoleInfo.java:shutdownLeaderElection(134)) - ff26e422-1088-4b2b-acda-93f40e9fa7a5: shutdown LeaderElection
2019-09-20 08:26:09,107 [ff26e422-1088-4b2b-acda-93f40e9fa7a5:group-358405ACC6EE:LeaderElection38] INFO  impl.RaftServerImpl (RaftServerImpl.java:setRole(171)) - ff26e422-1088-4b2b-acda-93f40e9fa7a5:group-358405ACC6EE changes role from CANDIDATE to LEADER at term 1 for changeToLeader
2019-09-20 08:26:09,107 [ff26e422-1088-4b2b-acda-93f40e9fa7a5:group-358405ACC6EE:LeaderElection38] INFO  impl.RaftServerImpl (ServerState.java:setLeader(263)) - ff26e422-1088-4b2b-acda-93f40e9fa7a5:group-358405ACC6EE change Leader from null to ff26e422-1088-4b2b-acda-93f40e9fa7a5 at term 1 for becomeLeader, leader elected after 5087ms
2019-09-20 08:26:09,108 [ff26e422-1088-4b2b-acda-93f40e9fa7a5:group-358405ACC6EE:LeaderElection38] INFO  server.RaftServerConfigKeys (ConfUtils.java:logGet(43)) - raft.server.staging.catchup.gap = 1000 (default)
2019-09-20 08:26:09,108 [ff26e422-1088-4b2b-acda-93f40e9fa7a5:group-358405ACC6EE:LeaderElection38] INFO  server.RaftServerConfigKeys (ConfUtils.java:logGet(43)) - raft.server.rpc.sleep.time = 25ms (default)
2019-09-20 08:26:09,108 [ff26e422-1088-4b2b-acda-93f40e9fa7a5:group-358405ACC6EE:LeaderElection38] INFO  server.RaftServerConfigKeys (ConfUtils.java:logGet(43)) - raft.server.write.element-limit = 4096 (default)
2019-09-20 08:26:09,108 [ff26e422-1088-4b2b-acda-93f40e9fa7a5:group-358405ACC6EE:LeaderElection38] INFO  server.RaftServerConfigKeys (ConfUtils.java:logGet(43)) - raft.server.watch.timeout = 10s (default)
2019-09-20 08:26:09,108 [ff26e422-1088-4b2b-acda-93f40e9fa7a5:group-358405ACC6EE:LeaderElection38] INFO  server.RaftServerConfigKeys (ConfUtils.java:logGet(43)) - raft.server.watch.timeout.denomination = 1s (default)
2019-09-20 08:26:09,108 [ff26e422-1088-4b2b-acda-93f40e9fa7a5:group-358405ACC6EE:LeaderElection38] INFO  server.RaftServerConfigKeys (ConfUtils.java:logGet(43)) - raft.server.watch.element-limit = 65536 (default)
2019-09-20 08:26:09,108 [ff26e422-1088-4b2b-acda-93f40e9fa7a5:group-358405ACC6EE:LeaderElection38] INFO  impl.RoleInfo (RoleInfo.java:updateAndGet(143)) - ff26e422-1088-4b2b-acda-93f40e9fa7a5: start LeaderState
2019-09-20 08:26:09,109 [ff26e422-1088-4b2b-acda-93f40e9fa7a5:group-358405ACC6EE:LeaderElection38] INFO  segmented.SegmentedRaftLogWorker (SegmentedRaftLogWorker.java:startLogSegment(380)) - ff26e422-1088-4b2b-acda-93f40e9fa7a5-SegmentedRaftLogWorker:Storage Directory /workdir/hadoop-ozone/ozonefs/target/test-dir/MiniOzoneClusterImpl-a40249e3-ad88-49f0-907e-ff9d9448a317/datanode-0/data/ratis/95ecfbd0-f7ba-4562-929c-358405acc6ee: Starting segment from index:0
2019-09-20 08:26:09,109 [ff26e422-1088-4b2b-acda-93f40e9fa7a5:group-358405ACC6EE:LeaderElection38] INFO  impl.RaftServerImpl (ServerState.java:setRaftConf(361)) - ff26e422-1088-4b2b-acda-93f40e9fa7a5:group-358405ACC6EE set configuration 0: [ff26e422-1088-4b2b-acda-93f40e9fa7a5:192.168.34.27:34433], old=null at 0
2019-09-20 08:26:09,111 [Thread-718] INFO  impl.FollowerState (FollowerState.java:run(106)) - ff26e422-1088-4b2b-acda-93f40e9fa7a5:group-048CF4570A72 changes to CANDIDATE, lastRpcTime:5141, electionTimeout:5141ms
2019-09-20 08:26:09,111 [Thread-718] INFO  impl.RoleInfo (RoleInfo.java:shutdownFollowerState(121)) - ff26e422-1088-4b2b-acda-93f40e9fa7a5: shutdown FollowerState
2019-09-20 08:26:09,111 [Thread-718] INFO  impl.RaftServerImpl (RaftServerImpl.java:setRole(171)) - ff26e422-1088-4b2b-acda-93f40e9fa7a5:group-048CF4570A72 changes role from FOLLOWER to CANDIDATE at term 0 for changeToCandidate
2019-09-20 08:26:09,111 [Thread-718] INFO  impl.RoleInfo (RoleInfo.java:updateAndGet(143)) - ff26e422-1088-4b2b-acda-93f40e9fa7a5: start LeaderElection
2019-09-20 08:26:09,136 [Thread-727] INFO  impl.FollowerState (FollowerState.java:run(106)) - 988fcea2-3b3e-440a-b8e7-e4388109ae8d:group-D2137E0B3B8B changes to CANDIDATE, lastRpcTime:5033, electionTimeout:5030ms
2019-09-20 08:26:09,144 [Thread-727] INFO  impl.RoleInfo (RoleInfo.java:shutdownFollowerState(121)) - 988fcea2-3b3e-440a-b8e7-e4388109ae8d: shutdown FollowerState
2019-09-20 08:26:09,144 [ff26e422-1088-4b2b-acda-93f40e9fa7a5-SegmentedRaftLogWorker:Storage Directory /workdir/hadoop-ozone/ozonefs/target/test-dir/MiniOzoneClusterImpl-a40249e3-ad88-49f0-907e-ff9d9448a317/datanode-0/data/ratis/95ecfbd0-f7ba-4562-929c-358405acc6ee] INFO  segmented.SegmentedRaftLogWorker (SegmentedRaftLogWorker.java:execute(569)) - ff26e422-1088-4b2b-acda-93f40e9fa7a5-SegmentedRaftLogWorker:Storage Directory /workdir/hadoop-ozone/ozonefs/target/test-dir/MiniOzoneClusterImpl-a40249e3-ad88-49f0-907e-ff9d9448a317/datanode-0/data/ratis/95ecfbd0-f7ba-4562-929c-358405acc6ee: created new log segment /workdir/hadoop-ozone/ozonefs/target/test-dir/MiniOzoneClusterImpl-a40249e3-ad88-49f0-907e-ff9d9448a317/datanode-0/data/ratis/95ecfbd0-f7ba-4562-929c-358405acc6ee/current/log_inprogress_0
2019-09-20 08:26:09,144 [Thread-727] INFO  impl.RaftServerImpl (RaftServerImpl.java:setRole(171)) - 988fcea2-3b3e-440a-b8e7-e4388109ae8d:group-D2137E0B3B8B changes role from FOLLOWER to CANDIDATE at term 0 for changeToCandidate
2019-09-20 08:26:09,145 [Thread-727] INFO  impl.RoleInfo (RoleInfo.java:updateAndGet(143)) - 988fcea2-3b3e-440a-b8e7-e4388109ae8d: start LeaderElection
2019-09-20 08:26:09,148 [ff26e422-1088-4b2b-acda-93f40e9fa7a5:group-048CF4570A72:LeaderElection39] INFO  impl.LeaderElection (LeaderElection.java:askForVotes(181)) - ff26e422-1088-4b2b-acda-93f40e9fa7a5:group-048CF4570A72:LeaderElection39: begin an election at term 1 for -1: [ff26e422-1088-4b2b-acda-93f40e9fa7a5:192.168.34.27:34433], old=null
2019-09-20 08:26:09,148 [ff26e422-1088-4b2b-acda-93f40e9fa7a5:group-048CF4570A72:LeaderElection39] INFO  impl.RoleInfo (RoleInfo.java:shutdownLeaderElection(134)) - ff26e422-1088-4b2b-acda-93f40e9fa7a5: shutdown LeaderElection
2019-09-20 08:26:09,148 [ff26e422-1088-4b2b-acda-93f40e9fa7a5:group-048CF4570A72:LeaderElection39] INFO  impl.RaftServerImpl (RaftServerImpl.java:setRole(171)) - ff26e422-1088-4b2b-acda-93f40e9fa7a5:group-048CF4570A72 changes role from CANDIDATE to LEADER at term 1 for changeToLeader
2019-09-20 08:26:09,148 [ff26e422-1088-4b2b-acda-93f40e9fa7a5:group-048CF4570A72:LeaderElection39] INFO  impl.RaftServerImpl (ServerState.java:setLeader(263)) - ff26e422-1088-4b2b-acda-93f40e9fa7a5:group-048CF4570A72 change Leader from null to ff26e422-1088-4b2b-acda-93f40e9fa7a5 at term 1 for becomeLeader, leader elected after 5183ms
2019-09-20 08:26:09,149 [ff26e422-1088-4b2b-acda-93f40e9fa7a5:group-048CF4570A72:LeaderElection39] INFO  server.RaftServerConfigKeys (ConfUtils.java:logGet(43)) - raft.server.staging.catchup.gap = 1000 (default)
2019-09-20 08:26:09,149 [ff26e422-1088-4b2b-acda-93f40e9fa7a5:group-048CF4570A72:LeaderElection39] INFO  server.RaftServerConfigKeys (ConfUtils.java:logGet(43)) - raft.server.rpc.sleep.time = 25ms (default)
2019-09-20 08:26:09,149 [ff26e422-1088-4b2b-acda-93f40e9fa7a5:group-048CF4570A72:LeaderElection39] INFO  server.RaftServerConfigKeys (ConfUtils.java:logGet(43)) - raft.server.write.element-limit = 4096 (default)
2019-09-20 08:26:09,149 [ff26e422-1088-4b2b-acda-93f40e9fa7a5:group-048CF4570A72:LeaderElection39] INFO  server.RaftServerConfigKeys (ConfUtils.java:logGet(43)) - raft.server.watch.timeout = 10s (default)
2019-09-20 08:26:09,149 [ff26e422-1088-4b2b-acda-93f40e9fa7a5:group-048CF4570A72:LeaderElection39] INFO  server.RaftServerConfigKeys (ConfUtils.java:logGet(43)) - raft.server.watch.timeout.denomination = 1s (default)
2019-09-20 08:26:09,149 [ff26e422-1088-4b2b-acda-93f40e9fa7a5:group-048CF4570A72:LeaderElection39] INFO  server.RaftServerConfigKeys (ConfUtils.java:logGet(43)) - raft.server.watch.element-limit = 65536 (default)
2019-09-20 08:26:09,149 [ff26e422-1088-4b2b-acda-93f40e9fa7a5:group-048CF4570A72:LeaderElection39] INFO  impl.RoleInfo (RoleInfo.java:updateAndGet(143)) - ff26e422-1088-4b2b-acda-93f40e9fa7a5: start LeaderState
2019-09-20 08:26:09,150 [ff26e422-1088-4b2b-acda-93f40e9fa7a5:group-048CF4570A72:LeaderElection39] INFO  segmented.SegmentedRaftLogWorker (SegmentedRaftLogWorker.java:startLogSegment(380)) - ff26e422-1088-4b2b-acda-93f40e9fa7a5-SegmentedRaftLogWorker:Storage Directory /workdir/hadoop-ozone/ozonefs/target/test-dir/MiniOzoneClusterImpl-a40249e3-ad88-49f0-907e-ff9d9448a317/datanode-0/data/ratis/8e1083a4-b5de-4de1-8637-048cf4570a72: Starting segment from index:0
2019-09-20 08:26:09,150 [ff26e422-1088-4b2b-acda-93f40e9fa7a5:group-048CF4570A72:LeaderElection39] INFO  impl.RaftServerImpl (ServerState.java:setRaftConf(361)) - ff26e422-1088-4b2b-acda-93f40e9fa7a5:group-048CF4570A72 set configuration 0: [ff26e422-1088-4b2b-acda-93f40e9fa7a5:192.168.34.27:34433], old=null at 0
2019-09-20 08:26:09,153 [988fcea2-3b3e-440a-b8e7-e4388109ae8d:group-D2137E0B3B8B:LeaderElection40] INFO  impl.LeaderElection (LeaderElection.java:askForVotes(181)) - 988fcea2-3b3e-440a-b8e7-e4388109ae8d:group-D2137E0B3B8B:LeaderElection40: begin an election at term 1 for -1: [988fcea2-3b3e-440a-b8e7-e4388109ae8d:192.168.34.27:45013], old=null
2019-09-20 08:26:09,153 [988fcea2-3b3e-440a-b8e7-e4388109ae8d:group-D2137E0B3B8B:LeaderElection40] INFO  impl.RoleInfo (RoleInfo.java:shutdownLeaderElection(134)) - 988fcea2-3b3e-440a-b8e7-e4388109ae8d: shutdown LeaderElection
2019-09-20 08:26:09,154 [988fcea2-3b3e-440a-b8e7-e4388109ae8d:group-D2137E0B3B8B:LeaderElection40] INFO  impl.RaftServerImpl (RaftServerImpl.java:setRole(171)) - 988fcea2-3b3e-440a-b8e7-e4388109ae8d:group-D2137E0B3B8B changes role from CANDIDATE to LEADER at term 1 for changeToLeader
2019-09-20 08:26:09,154 [988fcea2-3b3e-440a-b8e7-e4388109ae8d:group-D2137E0B3B8B:LeaderElection40] INFO  impl.RaftServerImpl (ServerState.java:setLeader(263)) - 988fcea2-3b3e-440a-b8e7-e4388109ae8d:group-D2137E0B3B8B change Leader from null to 988fcea2-3b3e-440a-b8e7-e4388109ae8d at term 1 for becomeLeader, leader elected after 5054ms
2019-09-20 08:26:09,154 [988fcea2-3b3e-440a-b8e7-e4388109ae8d:group-D2137E0B3B8B:LeaderElection40] INFO  server.RaftServerConfigKeys (ConfUtils.java:logGet(43)) - raft.server.staging.catchup.gap = 1000 (default)
2019-09-20 08:26:09,154 [988fcea2-3b3e-440a-b8e7-e4388109ae8d:group-D2137E0B3B8B:LeaderElection40] INFO  server.RaftServerConfigKeys (ConfUtils.java:logGet(43)) - raft.server.rpc.sleep.time = 25ms (default)
2019-09-20 08:26:09,154 [988fcea2-3b3e-440a-b8e7-e4388109ae8d:group-D2137E0B3B8B:LeaderElection40] INFO  server.RaftServerConfigKeys (ConfUtils.java:logGet(43)) - raft.server.write.element-limit = 4096 (default)
2019-09-20 08:26:09,155 [988fcea2-3b3e-440a-b8e7-e4388109ae8d:group-D2137E0B3B8B:LeaderElection40] INFO  server.RaftServerConfigKeys (ConfUtils.java:logGet(43)) - raft.server.watch.timeout = 10s (default)
2019-09-20 08:26:09,155 [988fcea2-3b3e-440a-b8e7-e4388109ae8d:group-D2137E0B3B8B:LeaderElection40] INFO  server.RaftServerConfigKeys (ConfUtils.java:logGet(43)) - raft.server.watch.timeout.denomination = 1s (default)
2019-09-20 08:26:09,155 [988fcea2-3b3e-440a-b8e7-e4388109ae8d:group-D2137E0B3B8B:LeaderElection40] INFO  server.RaftServerConfigKeys (ConfUtils.java:logGet(43)) - raft.server.watch.element-limit = 65536 (default)
2019-09-20 08:26:09,155 [988fcea2-3b3e-440a-b8e7-e4388109ae8d:group-D2137E0B3B8B:LeaderElection40] INFO  impl.RoleInfo (RoleInfo.java:updateAndGet(143)) - 988fcea2-3b3e-440a-b8e7-e4388109ae8d: start LeaderState
2019-09-20 08:26:09,156 [988fcea2-3b3e-440a-b8e7-e4388109ae8d:group-D2137E0B3B8B:LeaderElection40] INFO  segmented.SegmentedRaftLogWorker (SegmentedRaftLogWorker.java:startLogSegment(380)) - 988fcea2-3b3e-440a-b8e7-e4388109ae8d-SegmentedRaftLogWorker:Storage Directory /workdir/hadoop-ozone/ozonefs/target/test-dir/MiniOzoneClusterImpl-a40249e3-ad88-49f0-907e-ff9d9448a317/datanode-1/data/ratis/73c0724e-4008-444c-a1d0-d2137e0b3b8b: Starting segment from index:0
2019-09-20 08:26:09,156 [988fcea2-3b3e-440a-b8e7-e4388109ae8d:group-D2137E0B3B8B:LeaderElection40] INFO  impl.RaftServerImpl (ServerState.java:setRaftConf(361)) - 988fcea2-3b3e-440a-b8e7-e4388109ae8d:group-D2137E0B3B8B set configuration 0: [988fcea2-3b3e-440a-b8e7-e4388109ae8d:192.168.34.27:45013], old=null at 0
2019-09-20 08:26:09,163 | INFO  | SCMAudit | user=jenkins1000 | ip=192.168.34.27 | op=SEND_HEARTBEAT {datanodeUUID=0028b382-670b-4338-9596-da2561481baf, command=[]} | ret=SUCCESS |  
2019-09-20 08:26:09,175 [Thread-724] INFO  impl.FollowerState (FollowerState.java:run(106)) - ff26e422-1088-4b2b-acda-93f40e9fa7a5:group-CB7119FA5B7F changes to CANDIDATE, lastRpcTime:5096, electionTimeout:5096ms
2019-09-20 08:26:09,175 [Thread-724] INFO  impl.RoleInfo (RoleInfo.java:shutdownFollowerState(121)) - ff26e422-1088-4b2b-acda-93f40e9fa7a5: shutdown FollowerState
2019-09-20 08:26:09,175 [Thread-724] INFO  impl.RaftServerImpl (RaftServerImpl.java:setRole(171)) - ff26e422-1088-4b2b-acda-93f40e9fa7a5:group-CB7119FA5B7F changes role from FOLLOWER to CANDIDATE at term 0 for changeToCandidate
2019-09-20 08:26:09,176 [Thread-724] INFO  impl.RoleInfo (RoleInfo.java:updateAndGet(143)) - ff26e422-1088-4b2b-acda-93f40e9fa7a5: start LeaderElection
2019-09-20 08:26:09,205 [ff26e422-1088-4b2b-acda-93f40e9fa7a5-SegmentedRaftLogWorker:Storage Directory /workdir/hadoop-ozone/ozonefs/target/test-dir/MiniOzoneClusterImpl-a40249e3-ad88-49f0-907e-ff9d9448a317/datanode-0/data/ratis/8e1083a4-b5de-4de1-8637-048cf4570a72] INFO  segmented.SegmentedRaftLogWorker (SegmentedRaftLogWorker.java:execute(569)) - ff26e422-1088-4b2b-acda-93f40e9fa7a5-SegmentedRaftLogWorker:Storage Directory /workdir/hadoop-ozone/ozonefs/target/test-dir/MiniOzoneClusterImpl-a40249e3-ad88-49f0-907e-ff9d9448a317/datanode-0/data/ratis/8e1083a4-b5de-4de1-8637-048cf4570a72: created new log segment /workdir/hadoop-ozone/ozonefs/target/test-dir/MiniOzoneClusterImpl-a40249e3-ad88-49f0-907e-ff9d9448a317/datanode-0/data/ratis/8e1083a4-b5de-4de1-8637-048cf4570a72/current/log_inprogress_0
2019-09-20 08:26:09,205 [ff26e422-1088-4b2b-acda-93f40e9fa7a5:group-CB7119FA5B7F:LeaderElection41] INFO  impl.LeaderElection (LeaderElection.java:askForVotes(181)) - ff26e422-1088-4b2b-acda-93f40e9fa7a5:group-CB7119FA5B7F:LeaderElection41: begin an election at term 1 for -1: [ff26e422-1088-4b2b-acda-93f40e9fa7a5:192.168.34.27:34433], old=null
2019-09-20 08:26:09,205 [988fcea2-3b3e-440a-b8e7-e4388109ae8d-SegmentedRaftLogWorker:Storage Directory /workdir/hadoop-ozone/ozonefs/target/test-dir/MiniOzoneClusterImpl-a40249e3-ad88-49f0-907e-ff9d9448a317/datanode-1/data/ratis/73c0724e-4008-444c-a1d0-d2137e0b3b8b] INFO  segmented.SegmentedRaftLogWorker (SegmentedRaftLogWorker.java:execute(569)) - 988fcea2-3b3e-440a-b8e7-e4388109ae8d-SegmentedRaftLogWorker:Storage Directory /workdir/hadoop-ozone/ozonefs/target/test-dir/MiniOzoneClusterImpl-a40249e3-ad88-49f0-907e-ff9d9448a317/datanode-1/data/ratis/73c0724e-4008-444c-a1d0-d2137e0b3b8b: created new log segment /workdir/hadoop-ozone/ozonefs/target/test-dir/MiniOzoneClusterImpl-a40249e3-ad88-49f0-907e-ff9d9448a317/datanode-1/data/ratis/73c0724e-4008-444c-a1d0-d2137e0b3b8b/current/log_inprogress_0
2019-09-20 08:26:09,206 [ff26e422-1088-4b2b-acda-93f40e9fa7a5:group-CB7119FA5B7F:LeaderElection41] INFO  impl.RoleInfo (RoleInfo.java:shutdownLeaderElection(134)) - ff26e422-1088-4b2b-acda-93f40e9fa7a5: shutdown LeaderElection
2019-09-20 08:26:09,206 [ff26e422-1088-4b2b-acda-93f40e9fa7a5:group-CB7119FA5B7F:LeaderElection41] INFO  impl.RaftServerImpl (RaftServerImpl.java:setRole(171)) - ff26e422-1088-4b2b-acda-93f40e9fa7a5:group-CB7119FA5B7F changes role from CANDIDATE to LEADER at term 1 for changeToLeader
2019-09-20 08:26:09,206 [ff26e422-1088-4b2b-acda-93f40e9fa7a5:group-CB7119FA5B7F:LeaderElection41] INFO  impl.RaftServerImpl (ServerState.java:setLeader(263)) - ff26e422-1088-4b2b-acda-93f40e9fa7a5:group-CB7119FA5B7F change Leader from null to ff26e422-1088-4b2b-acda-93f40e9fa7a5 at term 1 for becomeLeader, leader elected after 5130ms
2019-09-20 08:26:09,207 [ff26e422-1088-4b2b-acda-93f40e9fa7a5:group-CB7119FA5B7F:LeaderElection41] INFO  server.RaftServerConfigKeys (ConfUtils.java:logGet(43)) - raft.server.staging.catchup.gap = 1000 (default)
2019-09-20 08:26:09,207 [ff26e422-1088-4b2b-acda-93f40e9fa7a5:group-CB7119FA5B7F:LeaderElection41] INFO  server.RaftServerConfigKeys (ConfUtils.java:logGet(43)) - raft.server.rpc.sleep.time = 25ms (default)
2019-09-20 08:26:09,207 [ff26e422-1088-4b2b-acda-93f40e9fa7a5:group-CB7119FA5B7F:LeaderElection41] INFO  server.RaftServerConfigKeys (ConfUtils.java:logGet(43)) - raft.server.write.element-limit = 4096 (default)
2019-09-20 08:26:09,207 [ff26e422-1088-4b2b-acda-93f40e9fa7a5:group-CB7119FA5B7F:LeaderElection41] INFO  server.RaftServerConfigKeys (ConfUtils.java:logGet(43)) - raft.server.watch.timeout = 10s (default)
2019-09-20 08:26:09,207 [ff26e422-1088-4b2b-acda-93f40e9fa7a5:group-CB7119FA5B7F:LeaderElection41] INFO  server.RaftServerConfigKeys (ConfUtils.java:logGet(43)) - raft.server.watch.timeout.denomination = 1s (default)
2019-09-20 08:26:09,208 [ff26e422-1088-4b2b-acda-93f40e9fa7a5:group-CB7119FA5B7F:LeaderElection41] INFO  server.RaftServerConfigKeys (ConfUtils.java:logGet(43)) - raft.server.watch.element-limit = 65536 (default)
2019-09-20 08:26:09,208 [ff26e422-1088-4b2b-acda-93f40e9fa7a5:group-CB7119FA5B7F:LeaderElection41] INFO  impl.RoleInfo (RoleInfo.java:updateAndGet(143)) - ff26e422-1088-4b2b-acda-93f40e9fa7a5: start LeaderState
2019-09-20 08:26:09,208 [ff26e422-1088-4b2b-acda-93f40e9fa7a5:group-CB7119FA5B7F:LeaderElection41] INFO  segmented.SegmentedRaftLogWorker (SegmentedRaftLogWorker.java:startLogSegment(380)) - ff26e422-1088-4b2b-acda-93f40e9fa7a5-SegmentedRaftLogWorker:Storage Directory /workdir/hadoop-ozone/ozonefs/target/test-dir/MiniOzoneClusterImpl-a40249e3-ad88-49f0-907e-ff9d9448a317/datanode-0/data/ratis/c95d8bad-28e8-4f01-ad1e-cb7119fa5b7f: Starting segment from index:0
2019-09-20 08:26:09,209 [ff26e422-1088-4b2b-acda-93f40e9fa7a5:group-CB7119FA5B7F:LeaderElection41] INFO  impl.RaftServerImpl (ServerState.java:setRaftConf(361)) - ff26e422-1088-4b2b-acda-93f40e9fa7a5:group-CB7119FA5B7F set configuration 0: [ff26e422-1088-4b2b-acda-93f40e9fa7a5:192.168.34.27:34433], old=null at 0
2019-09-20 08:26:09,245 [ff26e422-1088-4b2b-acda-93f40e9fa7a5-SegmentedRaftLogWorker:Storage Directory /workdir/hadoop-ozone/ozonefs/target/test-dir/MiniOzoneClusterImpl-a40249e3-ad88-49f0-907e-ff9d9448a317/datanode-0/data/ratis/c95d8bad-28e8-4f01-ad1e-cb7119fa5b7f] INFO  segmented.SegmentedRaftLogWorker (SegmentedRaftLogWorker.java:execute(569)) - ff26e422-1088-4b2b-acda-93f40e9fa7a5-SegmentedRaftLogWorker:Storage Directory /workdir/hadoop-ozone/ozonefs/target/test-dir/MiniOzoneClusterImpl-a40249e3-ad88-49f0-907e-ff9d9448a317/datanode-0/data/ratis/c95d8bad-28e8-4f01-ad1e-cb7119fa5b7f: created new log segment /workdir/hadoop-ozone/ozonefs/target/test-dir/MiniOzoneClusterImpl-a40249e3-ad88-49f0-907e-ff9d9448a317/datanode-0/data/ratis/c95d8bad-28e8-4f01-ad1e-cb7119fa5b7f/current/log_inprogress_0
2019-09-20 08:26:09,275 [Thread-730] INFO  impl.FollowerState (FollowerState.java:run(106)) - 988fcea2-3b3e-440a-b8e7-e4388109ae8d:group-9ACF12D80CDD changes to CANDIDATE, lastRpcTime:5140, electionTimeout:5139ms
2019-09-20 08:26:09,275 [Thread-730] INFO  impl.RoleInfo (RoleInfo.java:shutdownFollowerState(121)) - 988fcea2-3b3e-440a-b8e7-e4388109ae8d: shutdown FollowerState
2019-09-20 08:26:09,276 [Thread-730] INFO  impl.RaftServerImpl (RaftServerImpl.java:setRole(171)) - 988fcea2-3b3e-440a-b8e7-e4388109ae8d:group-9ACF12D80CDD changes role from FOLLOWER to CANDIDATE at term 0 for changeToCandidate
2019-09-20 08:26:09,276 [Thread-730] INFO  impl.RoleInfo (RoleInfo.java:updateAndGet(143)) - 988fcea2-3b3e-440a-b8e7-e4388109ae8d: start LeaderElection
2019-09-20 08:26:09,283 [988fcea2-3b3e-440a-b8e7-e4388109ae8d:group-9ACF12D80CDD:LeaderElection42] INFO  impl.LeaderElection (LeaderElection.java:askForVotes(181)) - 988fcea2-3b3e-440a-b8e7-e4388109ae8d:group-9ACF12D80CDD:LeaderElection42: begin an election at term 1 for -1: [988fcea2-3b3e-440a-b8e7-e4388109ae8d:192.168.34.27:45013], old=null
2019-09-20 08:26:09,283 [988fcea2-3b3e-440a-b8e7-e4388109ae8d:group-9ACF12D80CDD:LeaderElection42] INFO  impl.RoleInfo (RoleInfo.java:shutdownLeaderElection(134)) - 988fcea2-3b3e-440a-b8e7-e4388109ae8d: shutdown LeaderElection
2019-09-20 08:26:09,283 [988fcea2-3b3e-440a-b8e7-e4388109ae8d:group-9ACF12D80CDD:LeaderElection42] INFO  impl.RaftServerImpl (RaftServerImpl.java:setRole(171)) - 988fcea2-3b3e-440a-b8e7-e4388109ae8d:group-9ACF12D80CDD changes role from CANDIDATE to LEADER at term 1 for changeToLeader
2019-09-20 08:26:09,283 [988fcea2-3b3e-440a-b8e7-e4388109ae8d:group-9ACF12D80CDD:LeaderElection42] INFO  impl.RaftServerImpl (ServerState.java:setLeader(263)) - 988fcea2-3b3e-440a-b8e7-e4388109ae8d:group-9ACF12D80CDD change Leader from null to 988fcea2-3b3e-440a-b8e7-e4388109ae8d at term 1 for becomeLeader, leader elected after 5151ms
2019-09-20 08:26:09,283 [988fcea2-3b3e-440a-b8e7-e4388109ae8d:group-9ACF12D80CDD:LeaderElection42] INFO  server.RaftServerConfigKeys (ConfUtils.java:logGet(43)) - raft.server.staging.catchup.gap = 1000 (default)
2019-09-20 08:26:09,284 [988fcea2-3b3e-440a-b8e7-e4388109ae8d:group-9ACF12D80CDD:LeaderElection42] INFO  server.RaftServerConfigKeys (ConfUtils.java:logGet(43)) - raft.server.rpc.sleep.time = 25ms (default)
2019-09-20 08:26:09,284 [988fcea2-3b3e-440a-b8e7-e4388109ae8d:group-9ACF12D80CDD:LeaderElection42] INFO  server.RaftServerConfigKeys (ConfUtils.java:logGet(43)) - raft.server.write.element-limit = 4096 (default)
2019-09-20 08:26:09,284 [988fcea2-3b3e-440a-b8e7-e4388109ae8d:group-9ACF12D80CDD:LeaderElection42] INFO  server.RaftServerConfigKeys (ConfUtils.java:logGet(43)) - raft.server.watch.timeout = 10s (default)
2019-09-20 08:26:09,284 [988fcea2-3b3e-440a-b8e7-e4388109ae8d:group-9ACF12D80CDD:LeaderElection42] INFO  server.RaftServerConfigKeys (ConfUtils.java:logGet(43)) - raft.server.watch.timeout.denomination = 1s (default)
2019-09-20 08:26:09,285 [988fcea2-3b3e-440a-b8e7-e4388109ae8d:group-9ACF12D80CDD:LeaderElection42] INFO  server.RaftServerConfigKeys (ConfUtils.java:logGet(43)) - raft.server.watch.element-limit = 65536 (default)
2019-09-20 08:26:09,285 [988fcea2-3b3e-440a-b8e7-e4388109ae8d:group-9ACF12D80CDD:LeaderElection42] INFO  impl.RoleInfo (RoleInfo.java:updateAndGet(143)) - 988fcea2-3b3e-440a-b8e7-e4388109ae8d: start LeaderState
2019-09-20 08:26:09,285 [988fcea2-3b3e-440a-b8e7-e4388109ae8d:group-9ACF12D80CDD:LeaderElection42] INFO  segmented.SegmentedRaftLogWorker (SegmentedRaftLogWorker.java:startLogSegment(380)) - 988fcea2-3b3e-440a-b8e7-e4388109ae8d-SegmentedRaftLogWorker:Storage Directory /workdir/hadoop-ozone/ozonefs/target/test-dir/MiniOzoneClusterImpl-a40249e3-ad88-49f0-907e-ff9d9448a317/datanode-1/data/ratis/a8842622-3803-4e1e-8f52-9acf12d80cdd: Starting segment from index:0
2019-09-20 08:26:09,286 [988fcea2-3b3e-440a-b8e7-e4388109ae8d:group-9ACF12D80CDD:LeaderElection42] INFO  impl.RaftServerImpl (ServerState.java:setRaftConf(361)) - 988fcea2-3b3e-440a-b8e7-e4388109ae8d:group-9ACF12D80CDD set configuration 0: [988fcea2-3b3e-440a-b8e7-e4388109ae8d:192.168.34.27:45013], old=null at 0
2019-09-20 08:26:09,313 [Thread-742] INFO  impl.FollowerState (FollowerState.java:run(106)) - 988fcea2-3b3e-440a-b8e7-e4388109ae8d:group-4F8EB952127E changes to CANDIDATE, lastRpcTime:5022, electionTimeout:5022ms
2019-09-20 08:26:09,314 [Thread-742] INFO  impl.RoleInfo (RoleInfo.java:shutdownFollowerState(121)) - 988fcea2-3b3e-440a-b8e7-e4388109ae8d: shutdown FollowerState
2019-09-20 08:26:09,314 [Thread-742] INFO  impl.RaftServerImpl (RaftServerImpl.java:setRole(171)) - 988fcea2-3b3e-440a-b8e7-e4388109ae8d:group-4F8EB952127E changes role from FOLLOWER to CANDIDATE at term 0 for changeToCandidate
2019-09-20 08:26:09,314 [Thread-742] INFO  impl.RoleInfo (RoleInfo.java:updateAndGet(143)) - 988fcea2-3b3e-440a-b8e7-e4388109ae8d: start LeaderElection
2019-09-20 08:26:09,322 [Thread-733] INFO  impl.FollowerState (FollowerState.java:run(106)) - ff26e422-1088-4b2b-acda-93f40e9fa7a5:group-54865B4708C6 changes to CANDIDATE, lastRpcTime:5150, electionTimeout:5148ms
2019-09-20 08:26:09,323 [Thread-733] INFO  impl.RoleInfo (RoleInfo.java:shutdownFollowerState(121)) - ff26e422-1088-4b2b-acda-93f40e9fa7a5: shutdown FollowerState
2019-09-20 08:26:09,323 [Thread-733] INFO  impl.RaftServerImpl (RaftServerImpl.java:setRole(171)) - ff26e422-1088-4b2b-acda-93f40e9fa7a5:group-54865B4708C6 changes role from FOLLOWER to CANDIDATE at term 0 for changeToCandidate
2019-09-20 08:26:09,323 [Thread-733] INFO  impl.RoleInfo (RoleInfo.java:updateAndGet(143)) - ff26e422-1088-4b2b-acda-93f40e9fa7a5: start LeaderElection
2019-09-20 08:26:09,339 [988fcea2-3b3e-440a-b8e7-e4388109ae8d-SegmentedRaftLogWorker:Storage Directory /workdir/hadoop-ozone/ozonefs/target/test-dir/MiniOzoneClusterImpl-a40249e3-ad88-49f0-907e-ff9d9448a317/datanode-1/data/ratis/a8842622-3803-4e1e-8f52-9acf12d80cdd] INFO  segmented.SegmentedRaftLogWorker (SegmentedRaftLogWorker.java:execute(569)) - 988fcea2-3b3e-440a-b8e7-e4388109ae8d-SegmentedRaftLogWorker:Storage Directory /workdir/hadoop-ozone/ozonefs/target/test-dir/MiniOzoneClusterImpl-a40249e3-ad88-49f0-907e-ff9d9448a317/datanode-1/data/ratis/a8842622-3803-4e1e-8f52-9acf12d80cdd: created new log segment /workdir/hadoop-ozone/ozonefs/target/test-dir/MiniOzoneClusterImpl-a40249e3-ad88-49f0-907e-ff9d9448a317/datanode-1/data/ratis/a8842622-3803-4e1e-8f52-9acf12d80cdd/current/log_inprogress_0
2019-09-20 08:26:09,339 [988fcea2-3b3e-440a-b8e7-e4388109ae8d:group-4F8EB952127E:LeaderElection43] INFO  impl.LeaderElection (LeaderElection.java:askForVotes(181)) - 988fcea2-3b3e-440a-b8e7-e4388109ae8d:group-4F8EB952127E:LeaderElection43: begin an election at term 1 for -1: [988fcea2-3b3e-440a-b8e7-e4388109ae8d:192.168.34.27:45013], old=null
2019-09-20 08:26:09,339 [ff26e422-1088-4b2b-acda-93f40e9fa7a5:group-54865B4708C6:LeaderElection44] INFO  impl.LeaderElection (LeaderElection.java:askForVotes(181)) - ff26e422-1088-4b2b-acda-93f40e9fa7a5:group-54865B4708C6:LeaderElection44: begin an election at term 1 for -1: [ff26e422-1088-4b2b-acda-93f40e9fa7a5:192.168.34.27:34433], old=null
2019-09-20 08:26:09,340 [988fcea2-3b3e-440a-b8e7-e4388109ae8d:group-4F8EB952127E:LeaderElection43] INFO  impl.RoleInfo (RoleInfo.java:shutdownLeaderElection(134)) - 988fcea2-3b3e-440a-b8e7-e4388109ae8d: shutdown LeaderElection
2019-09-20 08:26:09,340 [ff26e422-1088-4b2b-acda-93f40e9fa7a5:group-54865B4708C6:LeaderElection44] INFO  impl.RoleInfo (RoleInfo.java:shutdownLeaderElection(134)) - ff26e422-1088-4b2b-acda-93f40e9fa7a5: shutdown LeaderElection
2019-09-20 08:26:09,340 [988fcea2-3b3e-440a-b8e7-e4388109ae8d:group-4F8EB952127E:LeaderElection43] INFO  impl.RaftServerImpl (RaftServerImpl.java:setRole(171)) - 988fcea2-3b3e-440a-b8e7-e4388109ae8d:group-4F8EB952127E changes role from CANDIDATE to LEADER at term 1 for changeToLeader
2019-09-20 08:26:09,340 [ff26e422-1088-4b2b-acda-93f40e9fa7a5:group-54865B4708C6:LeaderElection44] INFO  impl.RaftServerImpl (RaftServerImpl.java:setRole(171)) - ff26e422-1088-4b2b-acda-93f40e9fa7a5:group-54865B4708C6 changes role from CANDIDATE to LEADER at term 1 for changeToLeader
2019-09-20 08:26:09,340 [988fcea2-3b3e-440a-b8e7-e4388109ae8d:group-4F8EB952127E:LeaderElection43] INFO  impl.RaftServerImpl (ServerState.java:setLeader(263)) - 988fcea2-3b3e-440a-b8e7-e4388109ae8d:group-4F8EB952127E change Leader from null to 988fcea2-3b3e-440a-b8e7-e4388109ae8d at term 1 for becomeLeader, leader elected after 5052ms
2019-09-20 08:26:09,340 [ff26e422-1088-4b2b-acda-93f40e9fa7a5:group-54865B4708C6:LeaderElection44] INFO  impl.RaftServerImpl (ServerState.java:setLeader(263)) - ff26e422-1088-4b2b-acda-93f40e9fa7a5:group-54865B4708C6 change Leader from null to ff26e422-1088-4b2b-acda-93f40e9fa7a5 at term 1 for becomeLeader, leader elected after 5170ms
2019-09-20 08:26:09,340 [988fcea2-3b3e-440a-b8e7-e4388109ae8d:group-4F8EB952127E:LeaderElection43] INFO  server.RaftServerConfigKeys (ConfUtils.java:logGet(43)) - raft.server.staging.catchup.gap = 1000 (default)
2019-09-20 08:26:09,340 [ff26e422-1088-4b2b-acda-93f40e9fa7a5:group-54865B4708C6:LeaderElection44] INFO  server.RaftServerConfigKeys (ConfUtils.java:logGet(43)) - raft.server.staging.catchup.gap = 1000 (default)
2019-09-20 08:26:09,341 [988fcea2-3b3e-440a-b8e7-e4388109ae8d:group-4F8EB952127E:LeaderElection43] INFO  server.RaftServerConfigKeys (ConfUtils.java:logGet(43)) - raft.server.rpc.sleep.time = 25ms (default)
2019-09-20 08:26:09,341 [ff26e422-1088-4b2b-acda-93f40e9fa7a5:group-54865B4708C6:LeaderElection44] INFO  server.RaftServerConfigKeys (ConfUtils.java:logGet(43)) - raft.server.rpc.sleep.time = 25ms (default)
2019-09-20 08:26:09,341 [988fcea2-3b3e-440a-b8e7-e4388109ae8d:group-4F8EB952127E:LeaderElection43] INFO  server.RaftServerConfigKeys (ConfUtils.java:logGet(43)) - raft.server.write.element-limit = 4096 (default)
2019-09-20 08:26:09,341 [ff26e422-1088-4b2b-acda-93f40e9fa7a5:group-54865B4708C6:LeaderElection44] INFO  server.RaftServerConfigKeys (ConfUtils.java:logGet(43)) - raft.server.write.element-limit = 4096 (default)
2019-09-20 08:26:09,341 [988fcea2-3b3e-440a-b8e7-e4388109ae8d:group-4F8EB952127E:LeaderElection43] INFO  server.RaftServerConfigKeys (ConfUtils.java:logGet(43)) - raft.server.watch.timeout = 10s (default)
2019-09-20 08:26:09,341 [ff26e422-1088-4b2b-acda-93f40e9fa7a5:group-54865B4708C6:LeaderElection44] INFO  server.RaftServerConfigKeys (ConfUtils.java:logGet(43)) - raft.server.watch.timeout = 10s (default)
2019-09-20 08:26:09,341 [988fcea2-3b3e-440a-b8e7-e4388109ae8d:group-4F8EB952127E:LeaderElection43] INFO  server.RaftServerConfigKeys (ConfUtils.java:logGet(43)) - raft.server.watch.timeout.denomination = 1s (default)
2019-09-20 08:26:09,341 [ff26e422-1088-4b2b-acda-93f40e9fa7a5:group-54865B4708C6:LeaderElection44] INFO  server.RaftServerConfigKeys (ConfUtils.java:logGet(43)) - raft.server.watch.timeout.denomination = 1s (default)
2019-09-20 08:26:09,342 [988fcea2-3b3e-440a-b8e7-e4388109ae8d:group-4F8EB952127E:LeaderElection43] INFO  server.RaftServerConfigKeys (ConfUtils.java:logGet(43)) - raft.server.watch.element-limit = 65536 (default)
2019-09-20 08:26:09,342 [ff26e422-1088-4b2b-acda-93f40e9fa7a5:group-54865B4708C6:LeaderElection44] INFO  server.RaftServerConfigKeys (ConfUtils.java:logGet(43)) - raft.server.watch.element-limit = 65536 (default)
2019-09-20 08:26:09,342 [988fcea2-3b3e-440a-b8e7-e4388109ae8d:group-4F8EB952127E:LeaderElection43] INFO  impl.RoleInfo (RoleInfo.java:updateAndGet(143)) - 988fcea2-3b3e-440a-b8e7-e4388109ae8d: start LeaderState
2019-09-20 08:26:09,342 [ff26e422-1088-4b2b-acda-93f40e9fa7a5:group-54865B4708C6:LeaderElection44] INFO  impl.RoleInfo (RoleInfo.java:updateAndGet(143)) - ff26e422-1088-4b2b-acda-93f40e9fa7a5: start LeaderState
2019-09-20 08:26:09,342 [988fcea2-3b3e-440a-b8e7-e4388109ae8d:group-4F8EB952127E:LeaderElection43] INFO  segmented.SegmentedRaftLogWorker (SegmentedRaftLogWorker.java:startLogSegment(380)) - 988fcea2-3b3e-440a-b8e7-e4388109ae8d-SegmentedRaftLogWorker:Storage Directory /workdir/hadoop-ozone/ozonefs/target/test-dir/MiniOzoneClusterImpl-a40249e3-ad88-49f0-907e-ff9d9448a317/datanode-1/data/ratis/d4833178-a7a0-48f3-ba54-4f8eb952127e: Starting segment from index:0
2019-09-20 08:26:09,342 [ff26e422-1088-4b2b-acda-93f40e9fa7a5:group-54865B4708C6:LeaderElection44] INFO  segmented.SegmentedRaftLogWorker (SegmentedRaftLogWorker.java:startLogSegment(380)) - ff26e422-1088-4b2b-acda-93f40e9fa7a5-SegmentedRaftLogWorker:Storage Directory /workdir/hadoop-ozone/ozonefs/target/test-dir/MiniOzoneClusterImpl-a40249e3-ad88-49f0-907e-ff9d9448a317/datanode-0/data/ratis/8c190ab0-ad72-48a5-9b97-54865b4708c6: Starting segment from index:0
2019-09-20 08:26:09,343 [988fcea2-3b3e-440a-b8e7-e4388109ae8d:group-4F8EB952127E:LeaderElection43] INFO  impl.RaftServerImpl (ServerState.java:setRaftConf(361)) - 988fcea2-3b3e-440a-b8e7-e4388109ae8d:group-4F8EB952127E set configuration 0: [988fcea2-3b3e-440a-b8e7-e4388109ae8d:192.168.34.27:45013], old=null at 0
2019-09-20 08:26:09,343 [ff26e422-1088-4b2b-acda-93f40e9fa7a5:group-54865B4708C6:LeaderElection44] INFO  impl.RaftServerImpl (ServerState.java:setRaftConf(361)) - ff26e422-1088-4b2b-acda-93f40e9fa7a5:group-54865B4708C6 set configuration 0: [ff26e422-1088-4b2b-acda-93f40e9fa7a5:192.168.34.27:34433], old=null at 0
2019-09-20 08:26:09,377 [Thread-736] INFO  impl.FollowerState (FollowerState.java:run(106)) - 988fcea2-3b3e-440a-b8e7-e4388109ae8d:group-E94C3D550E56 changes to CANDIDATE, lastRpcTime:5166, electionTimeout:5166ms
2019-09-20 08:26:09,378 [Thread-736] INFO  impl.RoleInfo (RoleInfo.java:shutdownFollowerState(121)) - 988fcea2-3b3e-440a-b8e7-e4388109ae8d: shutdown FollowerState
2019-09-20 08:26:09,378 [Thread-736] INFO  impl.RaftServerImpl (RaftServerImpl.java:setRole(171)) - 988fcea2-3b3e-440a-b8e7-e4388109ae8d:group-E94C3D550E56 changes role from FOLLOWER to CANDIDATE at term 0 for changeToCandidate
2019-09-20 08:26:09,378 [Thread-736] INFO  impl.RoleInfo (RoleInfo.java:updateAndGet(143)) - 988fcea2-3b3e-440a-b8e7-e4388109ae8d: start LeaderElection
2019-09-20 08:26:09,382 [Thread-739] INFO  impl.FollowerState (FollowerState.java:run(106)) - 988fcea2-3b3e-440a-b8e7-e4388109ae8d:group-C445A43CF9A7 changes to CANDIDATE, lastRpcTime:5130, electionTimeout:5127ms
2019-09-20 08:26:09,382 [Thread-739] INFO  impl.RoleInfo (RoleInfo.java:shutdownFollowerState(121)) - 988fcea2-3b3e-440a-b8e7-e4388109ae8d: shutdown FollowerState
2019-09-20 08:26:09,382 [Thread-739] INFO  impl.RaftServerImpl (RaftServerImpl.java:setRole(171)) - 988fcea2-3b3e-440a-b8e7-e4388109ae8d:group-C445A43CF9A7 changes role from FOLLOWER to CANDIDATE at term 0 for changeToCandidate
2019-09-20 08:26:09,382 [Thread-739] INFO  impl.RoleInfo (RoleInfo.java:updateAndGet(143)) - 988fcea2-3b3e-440a-b8e7-e4388109ae8d: start LeaderElection
2019-09-20 08:26:09,384 [ff26e422-1088-4b2b-acda-93f40e9fa7a5-SegmentedRaftLogWorker:Storage Directory /workdir/hadoop-ozone/ozonefs/target/test-dir/MiniOzoneClusterImpl-a40249e3-ad88-49f0-907e-ff9d9448a317/datanode-0/data/ratis/8c190ab0-ad72-48a5-9b97-54865b4708c6] INFO  segmented.SegmentedRaftLogWorker (SegmentedRaftLogWorker.java:execute(569)) - ff26e422-1088-4b2b-acda-93f40e9fa7a5-SegmentedRaftLogWorker:Storage Directory /workdir/hadoop-ozone/ozonefs/target/test-dir/MiniOzoneClusterImpl-a40249e3-ad88-49f0-907e-ff9d9448a317/datanode-0/data/ratis/8c190ab0-ad72-48a5-9b97-54865b4708c6: created new log segment /workdir/hadoop-ozone/ozonefs/target/test-dir/MiniOzoneClusterImpl-a40249e3-ad88-49f0-907e-ff9d9448a317/datanode-0/data/ratis/8c190ab0-ad72-48a5-9b97-54865b4708c6/current/log_inprogress_0
2019-09-20 08:26:09,385 [Thread-745] INFO  impl.FollowerState (FollowerState.java:run(106)) - 988fcea2-3b3e-440a-b8e7-e4388109ae8d:group-5D229384B633 changes to CANDIDATE, lastRpcTime:5055, electionTimeout:5055ms
2019-09-20 08:26:09,385 [Thread-745] INFO  impl.RoleInfo (RoleInfo.java:shutdownFollowerState(121)) - 988fcea2-3b3e-440a-b8e7-e4388109ae8d: shutdown FollowerState
2019-09-20 08:26:09,385 [Thread-745] INFO  impl.RaftServerImpl (RaftServerImpl.java:setRole(171)) - 988fcea2-3b3e-440a-b8e7-e4388109ae8d:group-5D229384B633 changes role from FOLLOWER to CANDIDATE at term 0 for changeToCandidate
2019-09-20 08:26:09,386 [Thread-745] INFO  impl.RoleInfo (RoleInfo.java:updateAndGet(143)) - 988fcea2-3b3e-440a-b8e7-e4388109ae8d: start LeaderElection
2019-09-20 08:26:09,397 [988fcea2-3b3e-440a-b8e7-e4388109ae8d-SegmentedRaftLogWorker:Storage Directory /workdir/hadoop-ozone/ozonefs/target/test-dir/MiniOzoneClusterImpl-a40249e3-ad88-49f0-907e-ff9d9448a317/datanode-1/data/ratis/d4833178-a7a0-48f3-ba54-4f8eb952127e] INFO  segmented.SegmentedRaftLogWorker (SegmentedRaftLogWorker.java:execute(569)) - 988fcea2-3b3e-440a-b8e7-e4388109ae8d-SegmentedRaftLogWorker:Storage Directory /workdir/hadoop-ozone/ozonefs/target/test-dir/MiniOzoneClusterImpl-a40249e3-ad88-49f0-907e-ff9d9448a317/datanode-1/data/ratis/d4833178-a7a0-48f3-ba54-4f8eb952127e: created new log segment /workdir/hadoop-ozone/ozonefs/target/test-dir/MiniOzoneClusterImpl-a40249e3-ad88-49f0-907e-ff9d9448a317/datanode-1/data/ratis/d4833178-a7a0-48f3-ba54-4f8eb952127e/current/log_inprogress_0
2019-09-20 08:26:09,397 [988fcea2-3b3e-440a-b8e7-e4388109ae8d:group-E94C3D550E56:LeaderElection45] INFO  impl.LeaderElection (LeaderElection.java:askForVotes(181)) - 988fcea2-3b3e-440a-b8e7-e4388109ae8d:group-E94C3D550E56:LeaderElection45: begin an election at term 1 for -1: [988fcea2-3b3e-440a-b8e7-e4388109ae8d:192.168.34.27:45013], old=null
2019-09-20 08:26:09,397 [988fcea2-3b3e-440a-b8e7-e4388109ae8d:group-C445A43CF9A7:LeaderElection46] INFO  impl.LeaderElection (LeaderElection.java:askForVotes(181)) - 988fcea2-3b3e-440a-b8e7-e4388109ae8d:group-C445A43CF9A7:LeaderElection46: begin an election at term 1 for -1: [988fcea2-3b3e-440a-b8e7-e4388109ae8d:192.168.34.27:45013], old=null
2019-09-20 08:26:09,397 [988fcea2-3b3e-440a-b8e7-e4388109ae8d:group-5D229384B633:LeaderElection47] INFO  impl.LeaderElection (LeaderElection.java:askForVotes(181)) - 988fcea2-3b3e-440a-b8e7-e4388109ae8d:group-5D229384B633:LeaderElection47: begin an election at term 1 for -1: [988fcea2-3b3e-440a-b8e7-e4388109ae8d:192.168.34.27:45013], old=null
2019-09-20 08:26:09,397 [988fcea2-3b3e-440a-b8e7-e4388109ae8d:group-C445A43CF9A7:LeaderElection46] INFO  impl.RoleInfo (RoleInfo.java:shutdownLeaderElection(134)) - 988fcea2-3b3e-440a-b8e7-e4388109ae8d: shutdown LeaderElection
2019-09-20 08:26:09,397 [988fcea2-3b3e-440a-b8e7-e4388109ae8d:group-C445A43CF9A7:LeaderElection46] INFO  impl.RaftServerImpl (RaftServerImpl.java:setRole(171)) - 988fcea2-3b3e-440a-b8e7-e4388109ae8d:group-C445A43CF9A7 changes role from CANDIDATE to LEADER at term 1 for changeToLeader
2019-09-20 08:26:09,397 [988fcea2-3b3e-440a-b8e7-e4388109ae8d:group-E94C3D550E56:LeaderElection45] INFO  impl.RoleInfo (RoleInfo.java:shutdownLeaderElection(134)) - 988fcea2-3b3e-440a-b8e7-e4388109ae8d: shutdown LeaderElection
2019-09-20 08:26:09,398 [988fcea2-3b3e-440a-b8e7-e4388109ae8d:group-C445A43CF9A7:LeaderElection46] INFO  impl.RaftServerImpl (ServerState.java:setLeader(263)) - 988fcea2-3b3e-440a-b8e7-e4388109ae8d:group-C445A43CF9A7 change Leader from null to 988fcea2-3b3e-440a-b8e7-e4388109ae8d at term 1 for becomeLeader, leader elected after 5149ms
2019-09-20 08:26:09,397 [988fcea2-3b3e-440a-b8e7-e4388109ae8d:group-5D229384B633:LeaderElection47] INFO  impl.RoleInfo (RoleInfo.java:shutdownLeaderElection(134)) - 988fcea2-3b3e-440a-b8e7-e4388109ae8d: shutdown LeaderElection
2019-09-20 08:26:09,398 [988fcea2-3b3e-440a-b8e7-e4388109ae8d:group-C445A43CF9A7:LeaderElection46] INFO  server.RaftServerConfigKeys (ConfUtils.java:logGet(43)) - raft.server.staging.catchup.gap = 1000 (default)
2019-09-20 08:26:09,398 [988fcea2-3b3e-440a-b8e7-e4388109ae8d:group-E94C3D550E56:LeaderElection45] INFO  impl.RaftServerImpl (RaftServerImpl.java:setRole(171)) - 988fcea2-3b3e-440a-b8e7-e4388109ae8d:group-E94C3D550E56 changes role from CANDIDATE to LEADER at term 1 for changeToLeader
2019-09-20 08:26:09,398 [988fcea2-3b3e-440a-b8e7-e4388109ae8d:group-C445A43CF9A7:LeaderElection46] INFO  server.RaftServerConfigKeys (ConfUtils.java:logGet(43)) - raft.server.rpc.sleep.time = 25ms (default)
2019-09-20 08:26:09,398 [988fcea2-3b3e-440a-b8e7-e4388109ae8d:group-5D229384B633:LeaderElection47] INFO  impl.RaftServerImpl (RaftServerImpl.java:setRole(171)) - 988fcea2-3b3e-440a-b8e7-e4388109ae8d:group-5D229384B633 changes role from CANDIDATE to LEADER at term 1 for changeToLeader
2019-09-20 08:26:09,398 [988fcea2-3b3e-440a-b8e7-e4388109ae8d:group-C445A43CF9A7:LeaderElection46] INFO  server.RaftServerConfigKeys (ConfUtils.java:logGet(43)) - raft.server.write.element-limit = 4096 (default)
2019-09-20 08:26:09,398 [988fcea2-3b3e-440a-b8e7-e4388109ae8d:group-E94C3D550E56:LeaderElection45] INFO  impl.RaftServerImpl (ServerState.java:setLeader(263)) - 988fcea2-3b3e-440a-b8e7-e4388109ae8d:group-E94C3D550E56 change Leader from null to 988fcea2-3b3e-440a-b8e7-e4388109ae8d at term 1 for becomeLeader, leader elected after 5191ms
2019-09-20 08:26:09,399 [988fcea2-3b3e-440a-b8e7-e4388109ae8d:group-C445A43CF9A7:LeaderElection46] INFO  server.RaftServerConfigKeys (ConfUtils.java:logGet(43)) - raft.server.watch.timeout = 10s (default)
2019-09-20 08:26:09,399 [988fcea2-3b3e-440a-b8e7-e4388109ae8d:group-E94C3D550E56:LeaderElection45] INFO  server.RaftServerConfigKeys (ConfUtils.java:logGet(43)) - raft.server.staging.catchup.gap = 1000 (default)
2019-09-20 08:26:09,399 [988fcea2-3b3e-440a-b8e7-e4388109ae8d:group-5D229384B633:LeaderElection47] INFO  impl.RaftServerImpl (ServerState.java:setLeader(263)) - 988fcea2-3b3e-440a-b8e7-e4388109ae8d:group-5D229384B633 change Leader from null to 988fcea2-3b3e-440a-b8e7-e4388109ae8d at term 1 for becomeLeader, leader elected after 5071ms
2019-09-20 08:26:09,399 [988fcea2-3b3e-440a-b8e7-e4388109ae8d:group-E94C3D550E56:LeaderElection45] INFO  server.RaftServerConfigKeys (ConfUtils.java:logGet(43)) - raft.server.rpc.sleep.time = 25ms (default)
2019-09-20 08:26:09,399 [988fcea2-3b3e-440a-b8e7-e4388109ae8d:group-C445A43CF9A7:LeaderElection46] INFO  server.RaftServerConfigKeys (ConfUtils.java:logGet(43)) - raft.server.watch.timeout.denomination = 1s (default)
2019-09-20 08:26:09,400 [988fcea2-3b3e-440a-b8e7-e4388109ae8d:group-E94C3D550E56:LeaderElection45] INFO  server.RaftServerConfigKeys (ConfUtils.java:logGet(43)) - raft.server.write.element-limit = 4096 (default)
2019-09-20 08:26:09,399 [988fcea2-3b3e-440a-b8e7-e4388109ae8d:group-5D229384B633:LeaderElection47] INFO  server.RaftServerConfigKeys (ConfUtils.java:logGet(43)) - raft.server.staging.catchup.gap = 1000 (default)
2019-09-20 08:26:09,400 [988fcea2-3b3e-440a-b8e7-e4388109ae8d:group-E94C3D550E56:LeaderElection45] INFO  server.RaftServerConfigKeys (ConfUtils.java:logGet(43)) - raft.server.watch.timeout = 10s (default)
2019-09-20 08:26:09,400 [988fcea2-3b3e-440a-b8e7-e4388109ae8d:group-C445A43CF9A7:LeaderElection46] INFO  server.RaftServerConfigKeys (ConfUtils.java:logGet(43)) - raft.server.watch.element-limit = 65536 (default)
2019-09-20 08:26:09,400 [988fcea2-3b3e-440a-b8e7-e4388109ae8d:group-E94C3D550E56:LeaderElection45] INFO  server.RaftServerConfigKeys (ConfUtils.java:logGet(43)) - raft.server.watch.timeout.denomination = 1s (default)
2019-09-20 08:26:09,400 [988fcea2-3b3e-440a-b8e7-e4388109ae8d:group-5D229384B633:LeaderElection47] INFO  server.RaftServerConfigKeys (ConfUtils.java:logGet(43)) - raft.server.rpc.sleep.time = 25ms (default)
2019-09-20 08:26:09,400 [988fcea2-3b3e-440a-b8e7-e4388109ae8d:group-E94C3D550E56:LeaderElection45] INFO  server.RaftServerConfigKeys (ConfUtils.java:logGet(43)) - raft.server.watch.element-limit = 65536 (default)
2019-09-20 08:26:09,400 [988fcea2-3b3e-440a-b8e7-e4388109ae8d:group-C445A43CF9A7:LeaderElection46] INFO  impl.RoleInfo (RoleInfo.java:updateAndGet(143)) - 988fcea2-3b3e-440a-b8e7-e4388109ae8d: start LeaderState
2019-09-20 08:26:09,401 [988fcea2-3b3e-440a-b8e7-e4388109ae8d:group-5D229384B633:LeaderElection47] INFO  server.RaftServerConfigKeys (ConfUtils.java:logGet(43)) - raft.server.write.element-limit = 4096 (default)
2019-09-20 08:26:09,401 [988fcea2-3b3e-440a-b8e7-e4388109ae8d:group-E94C3D550E56:LeaderElection45] INFO  impl.RoleInfo (RoleInfo.java:updateAndGet(143)) - 988fcea2-3b3e-440a-b8e7-e4388109ae8d: start LeaderState
2019-09-20 08:26:09,401 [988fcea2-3b3e-440a-b8e7-e4388109ae8d:group-5D229384B633:LeaderElection47] INFO  server.RaftServerConfigKeys (ConfUtils.java:logGet(43)) - raft.server.watch.timeout = 10s (default)
2019-09-20 08:26:09,401 [988fcea2-3b3e-440a-b8e7-e4388109ae8d:group-C445A43CF9A7:LeaderElection46] INFO  segmented.SegmentedRaftLogWorker (SegmentedRaftLogWorker.java:startLogSegment(380)) - 988fcea2-3b3e-440a-b8e7-e4388109ae8d-SegmentedRaftLogWorker:Storage Directory /workdir/hadoop-ozone/ozonefs/target/test-dir/MiniOzoneClusterImpl-a40249e3-ad88-49f0-907e-ff9d9448a317/datanode-1/data/ratis/82ffaf1d-2163-4dff-90b6-c445a43cf9a7: Starting segment from index:0
2019-09-20 08:26:09,401 [988fcea2-3b3e-440a-b8e7-e4388109ae8d:group-E94C3D550E56:LeaderElection45] INFO  segmented.SegmentedRaftLogWorker (SegmentedRaftLogWorker.java:startLogSegment(380)) - 988fcea2-3b3e-440a-b8e7-e4388109ae8d-SegmentedRaftLogWorker:Storage Directory /workdir/hadoop-ozone/ozonefs/target/test-dir/MiniOzoneClusterImpl-a40249e3-ad88-49f0-907e-ff9d9448a317/datanode-1/data/ratis/615db830-1f76-4d8c-91fd-e94c3d550e56: Starting segment from index:0
2019-09-20 08:26:09,401 [988fcea2-3b3e-440a-b8e7-e4388109ae8d:group-5D229384B633:LeaderElection47] INFO  server.RaftServerConfigKeys (ConfUtils.java:logGet(43)) - raft.server.watch.timeout.denomination = 1s (default)
2019-09-20 08:26:09,402 [988fcea2-3b3e-440a-b8e7-e4388109ae8d:group-C445A43CF9A7:LeaderElection46] INFO  impl.RaftServerImpl (ServerState.java:setRaftConf(361)) - 988fcea2-3b3e-440a-b8e7-e4388109ae8d:group-C445A43CF9A7 set configuration 0: [988fcea2-3b3e-440a-b8e7-e4388109ae8d:192.168.34.27:45013], old=null at 0
2019-09-20 08:26:09,402 [988fcea2-3b3e-440a-b8e7-e4388109ae8d:group-5D229384B633:LeaderElection47] INFO  server.RaftServerConfigKeys (ConfUtils.java:logGet(43)) - raft.server.watch.element-limit = 65536 (default)
2019-09-20 08:26:09,402 [988fcea2-3b3e-440a-b8e7-e4388109ae8d:group-E94C3D550E56:LeaderElection45] INFO  impl.RaftServerImpl (ServerState.java:setRaftConf(361)) - 988fcea2-3b3e-440a-b8e7-e4388109ae8d:group-E94C3D550E56 set configuration 0: [988fcea2-3b3e-440a-b8e7-e4388109ae8d:192.168.34.27:45013], old=null at 0
2019-09-20 08:26:09,402 [988fcea2-3b3e-440a-b8e7-e4388109ae8d:group-5D229384B633:LeaderElection47] INFO  impl.RoleInfo (RoleInfo.java:updateAndGet(143)) - 988fcea2-3b3e-440a-b8e7-e4388109ae8d: start LeaderState
2019-09-20 08:26:09,403 [988fcea2-3b3e-440a-b8e7-e4388109ae8d:group-5D229384B633:LeaderElection47] INFO  segmented.SegmentedRaftLogWorker (SegmentedRaftLogWorker.java:startLogSegment(380)) - 988fcea2-3b3e-440a-b8e7-e4388109ae8d-SegmentedRaftLogWorker:Storage Directory /workdir/hadoop-ozone/ozonefs/target/test-dir/MiniOzoneClusterImpl-a40249e3-ad88-49f0-907e-ff9d9448a317/datanode-1/data/ratis/aacd2559-5ffd-4a6d-a0ac-5d229384b633: Starting segment from index:0
2019-09-20 08:26:09,403 [988fcea2-3b3e-440a-b8e7-e4388109ae8d:group-5D229384B633:LeaderElection47] INFO  impl.RaftServerImpl (ServerState.java:setRaftConf(361)) - 988fcea2-3b3e-440a-b8e7-e4388109ae8d:group-5D229384B633 set configuration 0: [988fcea2-3b3e-440a-b8e7-e4388109ae8d:192.168.34.27:45013], old=null at 0
2019-09-20 08:26:09,450 [988fcea2-3b3e-440a-b8e7-e4388109ae8d-SegmentedRaftLogWorker:Storage Directory /workdir/hadoop-ozone/ozonefs/target/test-dir/MiniOzoneClusterImpl-a40249e3-ad88-49f0-907e-ff9d9448a317/datanode-1/data/ratis/aacd2559-5ffd-4a6d-a0ac-5d229384b633] INFO  segmented.SegmentedRaftLogWorker (SegmentedRaftLogWorker.java:execute(569)) - 988fcea2-3b3e-440a-b8e7-e4388109ae8d-SegmentedRaftLogWorker:Storage Directory /workdir/hadoop-ozone/ozonefs/target/test-dir/MiniOzoneClusterImpl-a40249e3-ad88-49f0-907e-ff9d9448a317/datanode-1/data/ratis/aacd2559-5ffd-4a6d-a0ac-5d229384b633: created new log segment /workdir/hadoop-ozone/ozonefs/target/test-dir/MiniOzoneClusterImpl-a40249e3-ad88-49f0-907e-ff9d9448a317/datanode-1/data/ratis/aacd2559-5ffd-4a6d-a0ac-5d229384b633/current/log_inprogress_0
2019-09-20 08:26:09,450 [988fcea2-3b3e-440a-b8e7-e4388109ae8d-SegmentedRaftLogWorker:Storage Directory /workdir/hadoop-ozone/ozonefs/target/test-dir/MiniOzoneClusterImpl-a40249e3-ad88-49f0-907e-ff9d9448a317/datanode-1/data/ratis/615db830-1f76-4d8c-91fd-e94c3d550e56] INFO  segmented.SegmentedRaftLogWorker (SegmentedRaftLogWorker.java:execute(569)) - 988fcea2-3b3e-440a-b8e7-e4388109ae8d-SegmentedRaftLogWorker:Storage Directory /workdir/hadoop-ozone/ozonefs/target/test-dir/MiniOzoneClusterImpl-a40249e3-ad88-49f0-907e-ff9d9448a317/datanode-1/data/ratis/615db830-1f76-4d8c-91fd-e94c3d550e56: created new log segment /workdir/hadoop-ozone/ozonefs/target/test-dir/MiniOzoneClusterImpl-a40249e3-ad88-49f0-907e-ff9d9448a317/datanode-1/data/ratis/615db830-1f76-4d8c-91fd-e94c3d550e56/current/log_inprogress_0
2019-09-20 08:26:09,450 [988fcea2-3b3e-440a-b8e7-e4388109ae8d-SegmentedRaftLogWorker:Storage Directory /workdir/hadoop-ozone/ozonefs/target/test-dir/MiniOzoneClusterImpl-a40249e3-ad88-49f0-907e-ff9d9448a317/datanode-1/data/ratis/82ffaf1d-2163-4dff-90b6-c445a43cf9a7] INFO  segmented.SegmentedRaftLogWorker (SegmentedRaftLogWorker.java:execute(569)) - 988fcea2-3b3e-440a-b8e7-e4388109ae8d-SegmentedRaftLogWorker:Storage Directory /workdir/hadoop-ozone/ozonefs/target/test-dir/MiniOzoneClusterImpl-a40249e3-ad88-49f0-907e-ff9d9448a317/datanode-1/data/ratis/82ffaf1d-2163-4dff-90b6-c445a43cf9a7: created new log segment /workdir/hadoop-ozone/ozonefs/target/test-dir/MiniOzoneClusterImpl-a40249e3-ad88-49f0-907e-ff9d9448a317/datanode-1/data/ratis/82ffaf1d-2163-4dff-90b6-c445a43cf9a7/current/log_inprogress_0
2019-09-20 08:26:09,531 [Thread-751] INFO  impl.FollowerState (FollowerState.java:run(106)) - 0028b382-670b-4338-9596-da2561481baf:group-E921A27F5595 changes to CANDIDATE, lastRpcTime:5104, electionTimeout:5104ms
2019-09-20 08:26:09,531 [Thread-751] INFO  impl.RoleInfo (RoleInfo.java:shutdownFollowerState(121)) - 0028b382-670b-4338-9596-da2561481baf: shutdown FollowerState
2019-09-20 08:26:09,531 [Thread-751] INFO  impl.RaftServerImpl (RaftServerImpl.java:setRole(171)) - 0028b382-670b-4338-9596-da2561481baf:group-E921A27F5595 changes role from FOLLOWER to CANDIDATE at term 0 for changeToCandidate
2019-09-20 08:26:09,531 [Thread-751] INFO  impl.RoleInfo (RoleInfo.java:updateAndGet(143)) - 0028b382-670b-4338-9596-da2561481baf: start LeaderElection
2019-09-20 08:26:09,547 [0028b382-670b-4338-9596-da2561481baf:group-E921A27F5595:LeaderElection48] INFO  impl.LeaderElection (LeaderElection.java:askForVotes(181)) - 0028b382-670b-4338-9596-da2561481baf:group-E921A27F5595:LeaderElection48: begin an election at term 1 for -1: [0028b382-670b-4338-9596-da2561481baf:192.168.34.27:36025], old=null
2019-09-20 08:26:09,547 [0028b382-670b-4338-9596-da2561481baf:group-E921A27F5595:LeaderElection48] INFO  impl.RoleInfo (RoleInfo.java:shutdownLeaderElection(134)) - 0028b382-670b-4338-9596-da2561481baf: shutdown LeaderElection
2019-09-20 08:26:09,548 [0028b382-670b-4338-9596-da2561481baf:group-E921A27F5595:LeaderElection48] INFO  impl.RaftServerImpl (RaftServerImpl.java:setRole(171)) - 0028b382-670b-4338-9596-da2561481baf:group-E921A27F5595 changes role from CANDIDATE to LEADER at term 1 for changeToLeader
2019-09-20 08:26:09,548 [0028b382-670b-4338-9596-da2561481baf:group-E921A27F5595:LeaderElection48] INFO  impl.RaftServerImpl (ServerState.java:setLeader(263)) - 0028b382-670b-4338-9596-da2561481baf:group-E921A27F5595 change Leader from null to 0028b382-670b-4338-9596-da2561481baf at term 1 for becomeLeader, leader elected after 5125ms
2019-09-20 08:26:09,548 [0028b382-670b-4338-9596-da2561481baf:group-E921A27F5595:LeaderElection48] INFO  server.RaftServerConfigKeys (ConfUtils.java:logGet(43)) - raft.server.staging.catchup.gap = 1000 (default)
2019-09-20 08:26:09,548 [0028b382-670b-4338-9596-da2561481baf:group-E921A27F5595:LeaderElection48] INFO  server.RaftServerConfigKeys (ConfUtils.java:logGet(43)) - raft.server.rpc.sleep.time = 25ms (default)
2019-09-20 08:26:09,548 [0028b382-670b-4338-9596-da2561481baf:group-E921A27F5595:LeaderElection48] INFO  server.RaftServerConfigKeys (ConfUtils.java:logGet(43)) - raft.server.write.element-limit = 4096 (default)
2019-09-20 08:26:09,549 [0028b382-670b-4338-9596-da2561481baf:group-E921A27F5595:LeaderElection48] INFO  server.RaftServerConfigKeys (ConfUtils.java:logGet(43)) - raft.server.watch.timeout = 10s (default)
2019-09-20 08:26:09,549 [0028b382-670b-4338-9596-da2561481baf:group-E921A27F5595:LeaderElection48] INFO  server.RaftServerConfigKeys (ConfUtils.java:logGet(43)) - raft.server.watch.timeout.denomination = 1s (default)
2019-09-20 08:26:09,549 [0028b382-670b-4338-9596-da2561481baf:group-E921A27F5595:LeaderElection48] INFO  server.RaftServerConfigKeys (ConfUtils.java:logGet(43)) - raft.server.watch.element-limit = 65536 (default)
2019-09-20 08:26:09,549 [0028b382-670b-4338-9596-da2561481baf:group-E921A27F5595:LeaderElection48] INFO  impl.RoleInfo (RoleInfo.java:updateAndGet(143)) - 0028b382-670b-4338-9596-da2561481baf: start LeaderState
2019-09-20 08:26:09,550 [0028b382-670b-4338-9596-da2561481baf:group-E921A27F5595:LeaderElection48] INFO  segmented.SegmentedRaftLogWorker (SegmentedRaftLogWorker.java:startLogSegment(380)) - 0028b382-670b-4338-9596-da2561481baf-SegmentedRaftLogWorker:Storage Directory /workdir/hadoop-ozone/ozonefs/target/test-dir/MiniOzoneClusterImpl-a40249e3-ad88-49f0-907e-ff9d9448a317/datanode-2/data/ratis/e4bab278-0da8-46f4-9caa-e921a27f5595: Starting segment from index:0
2019-09-20 08:26:09,551 [0028b382-670b-4338-9596-da2561481baf:group-E921A27F5595:LeaderElection48] INFO  impl.RaftServerImpl (ServerState.java:setRaftConf(361)) - 0028b382-670b-4338-9596-da2561481baf:group-E921A27F5595 set configuration 0: [0028b382-670b-4338-9596-da2561481baf:192.168.34.27:36025], old=null at 0
2019-09-20 08:26:09,569 [Thread-748] INFO  impl.FollowerState (FollowerState.java:run(106)) - 0028b382-670b-4338-9596-da2561481baf:group-22E67C31D110 changes to CANDIDATE, lastRpcTime:5185, electionTimeout:5185ms
2019-09-20 08:26:09,569 [Thread-748] INFO  impl.RoleInfo (RoleInfo.java:shutdownFollowerState(121)) - 0028b382-670b-4338-9596-da2561481baf: shutdown FollowerState
2019-09-20 08:26:09,569 [Thread-748] INFO  impl.RaftServerImpl (RaftServerImpl.java:setRole(171)) - 0028b382-670b-4338-9596-da2561481baf:group-22E67C31D110 changes role from FOLLOWER to CANDIDATE at term 0 for changeToCandidate
2019-09-20 08:26:09,570 [Thread-748] INFO  impl.RoleInfo (RoleInfo.java:updateAndGet(143)) - 0028b382-670b-4338-9596-da2561481baf: start LeaderElection
2019-09-20 08:26:09,593 [Thread-760] INFO  impl.FollowerState (FollowerState.java:run(106)) - 0028b382-670b-4338-9596-da2561481baf:group-F3969472D291 changes to CANDIDATE, lastRpcTime:5023, electionTimeout:5004ms
2019-09-20 08:26:09,593 [Thread-760] INFO  impl.RoleInfo (RoleInfo.java:shutdownFollowerState(121)) - 0028b382-670b-4338-9596-da2561481baf: shutdown FollowerState
2019-09-20 08:26:09,593 [Thread-760] INFO  impl.RaftServerImpl (RaftServerImpl.java:setRole(171)) - 0028b382-670b-4338-9596-da2561481baf:group-F3969472D291 changes role from FOLLOWER to CANDIDATE at term 0 for changeToCandidate
2019-09-20 08:26:09,593 [Thread-760] INFO  impl.RoleInfo (RoleInfo.java:updateAndGet(143)) - 0028b382-670b-4338-9596-da2561481baf: start LeaderElection
2019-09-20 08:26:09,607 [0028b382-670b-4338-9596-da2561481baf-SegmentedRaftLogWorker:Storage Directory /workdir/hadoop-ozone/ozonefs/target/test-dir/MiniOzoneClusterImpl-a40249e3-ad88-49f0-907e-ff9d9448a317/datanode-2/data/ratis/e4bab278-0da8-46f4-9caa-e921a27f5595] INFO  segmented.SegmentedRaftLogWorker (SegmentedRaftLogWorker.java:execute(569)) - 0028b382-670b-4338-9596-da2561481baf-SegmentedRaftLogWorker:Storage Directory /workdir/hadoop-ozone/ozonefs/target/test-dir/MiniOzoneClusterImpl-a40249e3-ad88-49f0-907e-ff9d9448a317/datanode-2/data/ratis/e4bab278-0da8-46f4-9caa-e921a27f5595: created new log segment /workdir/hadoop-ozone/ozonefs/target/test-dir/MiniOzoneClusterImpl-a40249e3-ad88-49f0-907e-ff9d9448a317/datanode-2/data/ratis/e4bab278-0da8-46f4-9caa-e921a27f5595/current/log_inprogress_0
2019-09-20 08:26:09,607 [0028b382-670b-4338-9596-da2561481baf:group-22E67C31D110:LeaderElection49] INFO  impl.LeaderElection (LeaderElection.java:askForVotes(181)) - 0028b382-670b-4338-9596-da2561481baf:group-22E67C31D110:LeaderElection49: begin an election at term 1 for -1: [0028b382-670b-4338-9596-da2561481baf:192.168.34.27:36025], old=null
2019-09-20 08:26:09,607 [0028b382-670b-4338-9596-da2561481baf:group-F3969472D291:LeaderElection50] INFO  impl.LeaderElection (LeaderElection.java:askForVotes(181)) - 0028b382-670b-4338-9596-da2561481baf:group-F3969472D291:LeaderElection50: begin an election at term 1 for -1: [0028b382-670b-4338-9596-da2561481baf:192.168.34.27:36025], old=null
2019-09-20 08:26:09,607 [0028b382-670b-4338-9596-da2561481baf:group-22E67C31D110:LeaderElection49] INFO  impl.RoleInfo (RoleInfo.java:shutdownLeaderElection(134)) - 0028b382-670b-4338-9596-da2561481baf: shutdown LeaderElection
2019-09-20 08:26:09,608 [0028b382-670b-4338-9596-da2561481baf:group-F3969472D291:LeaderElection50] INFO  impl.RoleInfo (RoleInfo.java:shutdownLeaderElection(134)) - 0028b382-670b-4338-9596-da2561481baf: shutdown LeaderElection
2019-09-20 08:26:09,608 [0028b382-670b-4338-9596-da2561481baf:group-22E67C31D110:LeaderElection49] INFO  impl.RaftServerImpl (RaftServerImpl.java:setRole(171)) - 0028b382-670b-4338-9596-da2561481baf:group-22E67C31D110 changes role from CANDIDATE to LEADER at term 1 for changeToLeader
2019-09-20 08:26:09,608 [0028b382-670b-4338-9596-da2561481baf:group-F3969472D291:LeaderElection50] INFO  impl.RaftServerImpl (RaftServerImpl.java:setRole(171)) - 0028b382-670b-4338-9596-da2561481baf:group-F3969472D291 changes role from CANDIDATE to LEADER at term 1 for changeToLeader
2019-09-20 08:26:09,608 [0028b382-670b-4338-9596-da2561481baf:group-22E67C31D110:LeaderElection49] INFO  impl.RaftServerImpl (ServerState.java:setLeader(263)) - 0028b382-670b-4338-9596-da2561481baf:group-22E67C31D110 change Leader from null to 0028b382-670b-4338-9596-da2561481baf at term 1 for becomeLeader, leader elected after 5228ms
2019-09-20 08:26:09,608 [0028b382-670b-4338-9596-da2561481baf:group-F3969472D291:LeaderElection50] INFO  impl.RaftServerImpl (ServerState.java:setLeader(263)) - 0028b382-670b-4338-9596-da2561481baf:group-F3969472D291 change Leader from null to 0028b382-670b-4338-9596-da2561481baf at term 1 for becomeLeader, leader elected after 5042ms
2019-09-20 08:26:09,609 [0028b382-670b-4338-9596-da2561481baf:group-22E67C31D110:LeaderElection49] INFO  server.RaftServerConfigKeys (ConfUtils.java:logGet(43)) - raft.server.staging.catchup.gap = 1000 (default)
2019-09-20 08:26:09,609 [0028b382-670b-4338-9596-da2561481baf:group-F3969472D291:LeaderElection50] INFO  server.RaftServerConfigKeys (ConfUtils.java:logGet(43)) - raft.server.staging.catchup.gap = 1000 (default)
2019-09-20 08:26:09,609 [0028b382-670b-4338-9596-da2561481baf:group-22E67C31D110:LeaderElection49] INFO  server.RaftServerConfigKeys (ConfUtils.java:logGet(43)) - raft.server.rpc.sleep.time = 25ms (default)
2019-09-20 08:26:09,609 [0028b382-670b-4338-9596-da2561481baf:group-F3969472D291:LeaderElection50] INFO  server.RaftServerConfigKeys (ConfUtils.java:logGet(43)) - raft.server.rpc.sleep.time = 25ms (default)
2019-09-20 08:26:09,609 [0028b382-670b-4338-9596-da2561481baf:group-22E67C31D110:LeaderElection49] INFO  server.RaftServerConfigKeys (ConfUtils.java:logGet(43)) - raft.server.write.element-limit = 4096 (default)
2019-09-20 08:26:09,609 [0028b382-670b-4338-9596-da2561481baf:group-F3969472D291:LeaderElection50] INFO  server.RaftServerConfigKeys (ConfUtils.java:logGet(43)) - raft.server.write.element-limit = 4096 (default)
2019-09-20 08:26:09,610 [0028b382-670b-4338-9596-da2561481baf:group-22E67C31D110:LeaderElection49] INFO  server.RaftServerConfigKeys (ConfUtils.java:logGet(43)) - raft.server.watch.timeout = 10s (default)
2019-09-20 08:26:09,610 [0028b382-670b-4338-9596-da2561481baf:group-F3969472D291:LeaderElection50] INFO  server.RaftServerConfigKeys (ConfUtils.java:logGet(43)) - raft.server.watch.timeout = 10s (default)
2019-09-20 08:26:09,610 [0028b382-670b-4338-9596-da2561481baf:group-22E67C31D110:LeaderElection49] INFO  server.RaftServerConfigKeys (ConfUtils.java:logGet(43)) - raft.server.watch.timeout.denomination = 1s (default)
2019-09-20 08:26:09,610 [0028b382-670b-4338-9596-da2561481baf:group-F3969472D291:LeaderElection50] INFO  server.RaftServerConfigKeys (ConfUtils.java:logGet(43)) - raft.server.watch.timeout.denomination = 1s (default)
2019-09-20 08:26:09,610 [0028b382-670b-4338-9596-da2561481baf:group-22E67C31D110:LeaderElection49] INFO  server.RaftServerConfigKeys (ConfUtils.java:logGet(43)) - raft.server.watch.element-limit = 65536 (default)
2019-09-20 08:26:09,610 [0028b382-670b-4338-9596-da2561481baf:group-F3969472D291:LeaderElection50] INFO  server.RaftServerConfigKeys (ConfUtils.java:logGet(43)) - raft.server.watch.element-limit = 65536 (default)
2019-09-20 08:26:09,611 [0028b382-670b-4338-9596-da2561481baf:group-22E67C31D110:LeaderElection49] INFO  impl.RoleInfo (RoleInfo.java:updateAndGet(143)) - 0028b382-670b-4338-9596-da2561481baf: start LeaderState
2019-09-20 08:26:09,611 [0028b382-670b-4338-9596-da2561481baf:group-F3969472D291:LeaderElection50] INFO  impl.RoleInfo (RoleInfo.java:updateAndGet(143)) - 0028b382-670b-4338-9596-da2561481baf: start LeaderState
2019-09-20 08:26:09,611 [0028b382-670b-4338-9596-da2561481baf:group-22E67C31D110:LeaderElection49] INFO  segmented.SegmentedRaftLogWorker (SegmentedRaftLogWorker.java:startLogSegment(380)) - 0028b382-670b-4338-9596-da2561481baf-SegmentedRaftLogWorker:Storage Directory /workdir/hadoop-ozone/ozonefs/target/test-dir/MiniOzoneClusterImpl-a40249e3-ad88-49f0-907e-ff9d9448a317/datanode-2/data/ratis/6481ec41-3ed4-4f19-a186-22e67c31d110: Starting segment from index:0
2019-09-20 08:26:09,611 [0028b382-670b-4338-9596-da2561481baf:group-F3969472D291:LeaderElection50] INFO  segmented.SegmentedRaftLogWorker (SegmentedRaftLogWorker.java:startLogSegment(380)) - 0028b382-670b-4338-9596-da2561481baf-SegmentedRaftLogWorker:Storage Directory /workdir/hadoop-ozone/ozonefs/target/test-dir/MiniOzoneClusterImpl-a40249e3-ad88-49f0-907e-ff9d9448a317/datanode-2/data/ratis/ba2cb653-28b8-4532-886a-f3969472d291: Starting segment from index:0
2019-09-20 08:26:09,612 [0028b382-670b-4338-9596-da2561481baf:group-22E67C31D110:LeaderElection49] INFO  impl.RaftServerImpl (ServerState.java:setRaftConf(361)) - 0028b382-670b-4338-9596-da2561481baf:group-22E67C31D110 set configuration 0: [0028b382-670b-4338-9596-da2561481baf:192.168.34.27:36025], old=null at 0
2019-09-20 08:26:09,612 [0028b382-670b-4338-9596-da2561481baf:group-F3969472D291:LeaderElection50] INFO  impl.RaftServerImpl (ServerState.java:setRaftConf(361)) - 0028b382-670b-4338-9596-da2561481baf:group-F3969472D291 set configuration 0: [0028b382-670b-4338-9596-da2561481baf:192.168.34.27:36025], old=null at 0
2019-09-20 08:26:09,631 [Thread-754] INFO  impl.FollowerState (FollowerState.java:run(106)) - 0028b382-670b-4338-9596-da2561481baf:group-6F006A073F4E changes to CANDIDATE, lastRpcTime:5159, electionTimeout:5159ms
2019-09-20 08:26:09,631 [Thread-754] INFO  impl.RoleInfo (RoleInfo.java:shutdownFollowerState(121)) - 0028b382-670b-4338-9596-da2561481baf: shutdown FollowerState
2019-09-20 08:26:09,631 [Thread-754] INFO  impl.RaftServerImpl (RaftServerImpl.java:setRole(171)) - 0028b382-670b-4338-9596-da2561481baf:group-6F006A073F4E changes role from FOLLOWER to CANDIDATE at term 0 for changeToCandidate
2019-09-20 08:26:09,631 [Thread-754] INFO  impl.RoleInfo (RoleInfo.java:updateAndGet(143)) - 0028b382-670b-4338-9596-da2561481baf: start LeaderElection
2019-09-20 08:26:09,658 [Thread-763] INFO  impl.FollowerState (FollowerState.java:run(106)) - 0028b382-670b-4338-9596-da2561481baf:group-EC6238C3F691 changes to CANDIDATE, lastRpcTime:5049, electionTimeout:5047ms
2019-09-20 08:26:09,658 [Thread-757] INFO  impl.FollowerState (FollowerState.java:run(106)) - 0028b382-670b-4338-9596-da2561481baf:group-DDE18A4D3FFC changes to CANDIDATE, lastRpcTime:5144, electionTimeout:5130ms
2019-09-20 08:26:09,659 [Thread-763] INFO  impl.RoleInfo (RoleInfo.java:shutdownFollowerState(121)) - 0028b382-670b-4338-9596-da2561481baf: shutdown FollowerState
2019-09-20 08:26:09,659 [Thread-757] INFO  impl.RoleInfo (RoleInfo.java:shutdownFollowerState(121)) - 0028b382-670b-4338-9596-da2561481baf: shutdown FollowerState
2019-09-20 08:26:09,659 [Thread-763] INFO  impl.RaftServerImpl (RaftServerImpl.java:setRole(171)) - 0028b382-670b-4338-9596-da2561481baf:group-EC6238C3F691 changes role from FOLLOWER to CANDIDATE at term 0 for changeToCandidate
2019-09-20 08:26:09,659 [Thread-757] INFO  impl.RaftServerImpl (RaftServerImpl.java:setRole(171)) - 0028b382-670b-4338-9596-da2561481baf:group-DDE18A4D3FFC changes role from FOLLOWER to CANDIDATE at term 0 for changeToCandidate
2019-09-20 08:26:09,660 [Thread-763] INFO  impl.RoleInfo (RoleInfo.java:updateAndGet(143)) - 0028b382-670b-4338-9596-da2561481baf: start LeaderElection
2019-09-20 08:26:09,660 [Thread-757] INFO  impl.RoleInfo (RoleInfo.java:updateAndGet(143)) - 0028b382-670b-4338-9596-da2561481baf: start LeaderElection
2019-09-20 08:26:09,673 [0028b382-670b-4338-9596-da2561481baf-SegmentedRaftLogWorker:Storage Directory /workdir/hadoop-ozone/ozonefs/target/test-dir/MiniOzoneClusterImpl-a40249e3-ad88-49f0-907e-ff9d9448a317/datanode-2/data/ratis/6481ec41-3ed4-4f19-a186-22e67c31d110] INFO  segmented.SegmentedRaftLogWorker (SegmentedRaftLogWorker.java:execute(569)) - 0028b382-670b-4338-9596-da2561481baf-SegmentedRaftLogWorker:Storage Directory /workdir/hadoop-ozone/ozonefs/target/test-dir/MiniOzoneClusterImpl-a40249e3-ad88-49f0-907e-ff9d9448a317/datanode-2/data/ratis/6481ec41-3ed4-4f19-a186-22e67c31d110: created new log segment /workdir/hadoop-ozone/ozonefs/target/test-dir/MiniOzoneClusterImpl-a40249e3-ad88-49f0-907e-ff9d9448a317/datanode-2/data/ratis/6481ec41-3ed4-4f19-a186-22e67c31d110/current/log_inprogress_0
2019-09-20 08:26:09,673 [0028b382-670b-4338-9596-da2561481baf:group-6F006A073F4E:LeaderElection51] INFO  impl.LeaderElection (LeaderElection.java:askForVotes(181)) - 0028b382-670b-4338-9596-da2561481baf:group-6F006A073F4E:LeaderElection51: begin an election at term 1 for -1: [0028b382-670b-4338-9596-da2561481baf:192.168.34.27:36025], old=null
2019-09-20 08:26:09,673 [0028b382-670b-4338-9596-da2561481baf:group-DDE18A4D3FFC:LeaderElection53] INFO  impl.LeaderElection (LeaderElection.java:askForVotes(181)) - 0028b382-670b-4338-9596-da2561481baf:group-DDE18A4D3FFC:LeaderElection53: begin an election at term 1 for -1: [0028b382-670b-4338-9596-da2561481baf:192.168.34.27:36025], old=null
2019-09-20 08:26:09,673 [0028b382-670b-4338-9596-da2561481baf-SegmentedRaftLogWorker:Storage Directory /workdir/hadoop-ozone/ozonefs/target/test-dir/MiniOzoneClusterImpl-a40249e3-ad88-49f0-907e-ff9d9448a317/datanode-2/data/ratis/ba2cb653-28b8-4532-886a-f3969472d291] INFO  segmented.SegmentedRaftLogWorker (SegmentedRaftLogWorker.java:execute(569)) - 0028b382-670b-4338-9596-da2561481baf-SegmentedRaftLogWorker:Storage Directory /workdir/hadoop-ozone/ozonefs/target/test-dir/MiniOzoneClusterImpl-a40249e3-ad88-49f0-907e-ff9d9448a317/datanode-2/data/ratis/ba2cb653-28b8-4532-886a-f3969472d291: created new log segment /workdir/hadoop-ozone/ozonefs/target/test-dir/MiniOzoneClusterImpl-a40249e3-ad88-49f0-907e-ff9d9448a317/datanode-2/data/ratis/ba2cb653-28b8-4532-886a-f3969472d291/current/log_inprogress_0
2019-09-20 08:26:09,674 [0028b382-670b-4338-9596-da2561481baf:group-DDE18A4D3FFC:LeaderElection53] INFO  impl.RoleInfo (RoleInfo.java:shutdownLeaderElection(134)) - 0028b382-670b-4338-9596-da2561481baf: shutdown LeaderElection
2019-09-20 08:26:09,674 [0028b382-670b-4338-9596-da2561481baf:group-EC6238C3F691:LeaderElection52] INFO  impl.LeaderElection (LeaderElection.java:askForVotes(181)) - 0028b382-670b-4338-9596-da2561481baf:group-EC6238C3F691:LeaderElection52: begin an election at term 1 for -1: [0028b382-670b-4338-9596-da2561481baf:192.168.34.27:36025], old=null
2019-09-20 08:26:09,673 [0028b382-670b-4338-9596-da2561481baf:group-6F006A073F4E:LeaderElection51] INFO  impl.RoleInfo (RoleInfo.java:shutdownLeaderElection(134)) - 0028b382-670b-4338-9596-da2561481baf: shutdown LeaderElection
2019-09-20 08:26:09,674 [0028b382-670b-4338-9596-da2561481baf:group-EC6238C3F691:LeaderElection52] INFO  impl.RoleInfo (RoleInfo.java:shutdownLeaderElection(134)) - 0028b382-670b-4338-9596-da2561481baf: shutdown LeaderElection
2019-09-20 08:26:09,674 [0028b382-670b-4338-9596-da2561481baf:group-DDE18A4D3FFC:LeaderElection53] INFO  impl.RaftServerImpl (RaftServerImpl.java:setRole(171)) - 0028b382-670b-4338-9596-da2561481baf:group-DDE18A4D3FFC changes role from CANDIDATE to LEADER at term 1 for changeToLeader
2019-09-20 08:26:09,675 [0028b382-670b-4338-9596-da2561481baf:group-EC6238C3F691:LeaderElection52] INFO  impl.RaftServerImpl (RaftServerImpl.java:setRole(171)) - 0028b382-670b-4338-9596-da2561481baf:group-EC6238C3F691 changes role from CANDIDATE to LEADER at term 1 for changeToLeader
2019-09-20 08:26:09,675 [0028b382-670b-4338-9596-da2561481baf:group-6F006A073F4E:LeaderElection51] INFO  impl.RaftServerImpl (RaftServerImpl.java:setRole(171)) - 0028b382-670b-4338-9596-da2561481baf:group-6F006A073F4E changes role from CANDIDATE to LEADER at term 1 for changeToLeader
2019-09-20 08:26:09,675 [0028b382-670b-4338-9596-da2561481baf:group-EC6238C3F691:LeaderElection52] INFO  impl.RaftServerImpl (ServerState.java:setLeader(263)) - 0028b382-670b-4338-9596-da2561481baf:group-EC6238C3F691 change Leader from null to 0028b382-670b-4338-9596-da2561481baf at term 1 for becomeLeader, leader elected after 5069ms
2019-09-20 08:26:09,675 [0028b382-670b-4338-9596-da2561481baf:group-DDE18A4D3FFC:LeaderElection53] INFO  impl.RaftServerImpl (ServerState.java:setLeader(263)) - 0028b382-670b-4338-9596-da2561481baf:group-DDE18A4D3FFC change Leader from null to 0028b382-670b-4338-9596-da2561481baf at term 1 for becomeLeader, leader elected after 5164ms
2019-09-20 08:26:09,676 [0028b382-670b-4338-9596-da2561481baf:group-EC6238C3F691:LeaderElection52] INFO  server.RaftServerConfigKeys (ConfUtils.java:logGet(43)) - raft.server.staging.catchup.gap = 1000 (default)
2019-09-20 08:26:09,675 [0028b382-670b-4338-9596-da2561481baf:group-6F006A073F4E:LeaderElection51] INFO  impl.RaftServerImpl (ServerState.java:setLeader(263)) - 0028b382-670b-4338-9596-da2561481baf:group-6F006A073F4E change Leader from null to 0028b382-670b-4338-9596-da2561481baf at term 1 for becomeLeader, leader elected after 5209ms
2019-09-20 08:26:09,676 [0028b382-670b-4338-9596-da2561481baf:group-EC6238C3F691:LeaderElection52] INFO  server.RaftServerConfigKeys (ConfUtils.java:logGet(43)) - raft.server.rpc.sleep.time = 25ms (default)
2019-09-20 08:26:09,676 [0028b382-670b-4338-9596-da2561481baf:group-DDE18A4D3FFC:LeaderElection53] INFO  server.RaftServerConfigKeys (ConfUtils.java:logGet(43)) - raft.server.staging.catchup.gap = 1000 (default)
2019-09-20 08:26:09,676 [0028b382-670b-4338-9596-da2561481baf:group-EC6238C3F691:LeaderElection52] INFO  server.RaftServerConfigKeys (ConfUtils.java:logGet(43)) - raft.server.write.element-limit = 4096 (default)
2019-09-20 08:26:09,676 [0028b382-670b-4338-9596-da2561481baf:group-6F006A073F4E:LeaderElection51] INFO  server.RaftServerConfigKeys (ConfUtils.java:logGet(43)) - raft.server.staging.catchup.gap = 1000 (default)
2019-09-20 08:26:09,677 [0028b382-670b-4338-9596-da2561481baf:group-EC6238C3F691:LeaderElection52] INFO  server.RaftServerConfigKeys (ConfUtils.java:logGet(43)) - raft.server.watch.timeout = 10s (default)
2019-09-20 08:26:09,677 [0028b382-670b-4338-9596-da2561481baf:group-DDE18A4D3FFC:LeaderElection53] INFO  server.RaftServerConfigKeys (ConfUtils.java:logGet(43)) - raft.server.rpc.sleep.time = 25ms (default)
2019-09-20 08:26:09,677 [0028b382-670b-4338-9596-da2561481baf:group-EC6238C3F691:LeaderElection52] INFO  server.RaftServerConfigKeys (ConfUtils.java:logGet(43)) - raft.server.watch.timeout.denomination = 1s (default)
2019-09-20 08:26:09,677 [0028b382-670b-4338-9596-da2561481baf:group-6F006A073F4E:LeaderElection51] INFO  server.RaftServerConfigKeys (ConfUtils.java:logGet(43)) - raft.server.rpc.sleep.time = 25ms (default)
2019-09-20 08:26:09,678 [0028b382-670b-4338-9596-da2561481baf:group-EC6238C3F691:LeaderElection52] INFO  server.RaftServerConfigKeys (ConfUtils.java:logGet(43)) - raft.server.watch.element-limit = 65536 (default)
2019-09-20 08:26:09,678 [0028b382-670b-4338-9596-da2561481baf:group-DDE18A4D3FFC:LeaderElection53] INFO  server.RaftServerConfigKeys (ConfUtils.java:logGet(43)) - raft.server.write.element-limit = 4096 (default)
2019-09-20 08:26:09,678 [0028b382-670b-4338-9596-da2561481baf:group-EC6238C3F691:LeaderElection52] INFO  impl.RoleInfo (RoleInfo.java:updateAndGet(143)) - 0028b382-670b-4338-9596-da2561481baf: start LeaderState
2019-09-20 08:26:09,678 [0028b382-670b-4338-9596-da2561481baf:group-6F006A073F4E:LeaderElection51] INFO  server.RaftServerConfigKeys (ConfUtils.java:logGet(43)) - raft.server.write.element-limit = 4096 (default)
2019-09-20 08:26:09,678 [0028b382-670b-4338-9596-da2561481baf:group-DDE18A4D3FFC:LeaderElection53] INFO  server.RaftServerConfigKeys (ConfUtils.java:logGet(43)) - raft.server.watch.timeout = 10s (default)
2019-09-20 08:26:09,679 [0028b382-670b-4338-9596-da2561481baf:group-6F006A073F4E:LeaderElection51] INFO  server.RaftServerConfigKeys (ConfUtils.java:logGet(43)) - raft.server.watch.timeout = 10s (default)
2019-09-20 08:26:09,679 [0028b382-670b-4338-9596-da2561481baf:group-EC6238C3F691:LeaderElection52] INFO  segmented.SegmentedRaftLogWorker (SegmentedRaftLogWorker.java:startLogSegment(380)) - 0028b382-670b-4338-9596-da2561481baf-SegmentedRaftLogWorker:Storage Directory /workdir/hadoop-ozone/ozonefs/target/test-dir/MiniOzoneClusterImpl-a40249e3-ad88-49f0-907e-ff9d9448a317/datanode-2/data/ratis/bf0f574e-b52d-413e-880b-ec6238c3f691: Starting segment from index:0
2019-09-20 08:26:09,679 [0028b382-670b-4338-9596-da2561481baf:group-6F006A073F4E:LeaderElection51] INFO  server.RaftServerConfigKeys (ConfUtils.java:logGet(43)) - raft.server.watch.timeout.denomination = 1s (default)
2019-09-20 08:26:09,679 [0028b382-670b-4338-9596-da2561481baf:group-DDE18A4D3FFC:LeaderElection53] INFO  server.RaftServerConfigKeys (ConfUtils.java:logGet(43)) - raft.server.watch.timeout.denomination = 1s (default)
2019-09-20 08:26:09,685 [0028b382-670b-4338-9596-da2561481baf:group-DDE18A4D3FFC:LeaderElection53] INFO  server.RaftServerConfigKeys (ConfUtils.java:logGet(43)) - raft.server.watch.element-limit = 65536 (default)
2019-09-20 08:26:09,685 [0028b382-670b-4338-9596-da2561481baf:group-6F006A073F4E:LeaderElection51] INFO  server.RaftServerConfigKeys (ConfUtils.java:logGet(43)) - raft.server.watch.element-limit = 65536 (default)
2019-09-20 08:26:09,680 [0028b382-670b-4338-9596-da2561481baf:group-EC6238C3F691:LeaderElection52] INFO  impl.RaftServerImpl (ServerState.java:setRaftConf(361)) - 0028b382-670b-4338-9596-da2561481baf:group-EC6238C3F691 set configuration 0: [0028b382-670b-4338-9596-da2561481baf:192.168.34.27:36025], old=null at 0
2019-09-20 08:26:09,685 [0028b382-670b-4338-9596-da2561481baf:group-DDE18A4D3FFC:LeaderElection53] INFO  impl.RoleInfo (RoleInfo.java:updateAndGet(143)) - 0028b382-670b-4338-9596-da2561481baf: start LeaderState
2019-09-20 08:26:09,686 [0028b382-670b-4338-9596-da2561481baf:group-6F006A073F4E:LeaderElection51] INFO  impl.RoleInfo (RoleInfo.java:updateAndGet(143)) - 0028b382-670b-4338-9596-da2561481baf: start LeaderState
2019-09-20 08:26:09,686 [0028b382-670b-4338-9596-da2561481baf:group-DDE18A4D3FFC:LeaderElection53] INFO  segmented.SegmentedRaftLogWorker (SegmentedRaftLogWorker.java:startLogSegment(380)) - 0028b382-670b-4338-9596-da2561481baf-SegmentedRaftLogWorker:Storage Directory /workdir/hadoop-ozone/ozonefs/target/test-dir/MiniOzoneClusterImpl-a40249e3-ad88-49f0-907e-ff9d9448a317/datanode-2/data/ratis/97d90155-186a-4c58-9dd8-dde18a4d3ffc: Starting segment from index:0
2019-09-20 08:26:09,686 [0028b382-670b-4338-9596-da2561481baf:group-6F006A073F4E:LeaderElection51] INFO  segmented.SegmentedRaftLogWorker (SegmentedRaftLogWorker.java:startLogSegment(380)) - 0028b382-670b-4338-9596-da2561481baf-SegmentedRaftLogWorker:Storage Directory /workdir/hadoop-ozone/ozonefs/target/test-dir/MiniOzoneClusterImpl-a40249e3-ad88-49f0-907e-ff9d9448a317/datanode-2/data/ratis/65573feb-5c81-4961-bd52-6f006a073f4e: Starting segment from index:0
2019-09-20 08:26:09,687 [0028b382-670b-4338-9596-da2561481baf:group-DDE18A4D3FFC:LeaderElection53] INFO  impl.RaftServerImpl (ServerState.java:setRaftConf(361)) - 0028b382-670b-4338-9596-da2561481baf:group-DDE18A4D3FFC set configuration 0: [0028b382-670b-4338-9596-da2561481baf:192.168.34.27:36025], old=null at 0
2019-09-20 08:26:09,687 [0028b382-670b-4338-9596-da2561481baf:group-6F006A073F4E:LeaderElection51] INFO  impl.RaftServerImpl (ServerState.java:setRaftConf(361)) - 0028b382-670b-4338-9596-da2561481baf:group-6F006A073F4E set configuration 0: [0028b382-670b-4338-9596-da2561481baf:192.168.34.27:36025], old=null at 0
2019-09-20 08:26:09,733 [0028b382-670b-4338-9596-da2561481baf-SegmentedRaftLogWorker:Storage Directory /workdir/hadoop-ozone/ozonefs/target/test-dir/MiniOzoneClusterImpl-a40249e3-ad88-49f0-907e-ff9d9448a317/datanode-2/data/ratis/bf0f574e-b52d-413e-880b-ec6238c3f691] INFO  segmented.SegmentedRaftLogWorker (SegmentedRaftLogWorker.java:execute(569)) - 0028b382-670b-4338-9596-da2561481baf-SegmentedRaftLogWorker:Storage Directory /workdir/hadoop-ozone/ozonefs/target/test-dir/MiniOzoneClusterImpl-a40249e3-ad88-49f0-907e-ff9d9448a317/datanode-2/data/ratis/bf0f574e-b52d-413e-880b-ec6238c3f691: created new log segment /workdir/hadoop-ozone/ozonefs/target/test-dir/MiniOzoneClusterImpl-a40249e3-ad88-49f0-907e-ff9d9448a317/datanode-2/data/ratis/bf0f574e-b52d-413e-880b-ec6238c3f691/current/log_inprogress_0
2019-09-20 08:26:09,746 [0028b382-670b-4338-9596-da2561481baf-SegmentedRaftLogWorker:Storage Directory /workdir/hadoop-ozone/ozonefs/target/test-dir/MiniOzoneClusterImpl-a40249e3-ad88-49f0-907e-ff9d9448a317/datanode-2/data/ratis/65573feb-5c81-4961-bd52-6f006a073f4e] INFO  segmented.SegmentedRaftLogWorker (SegmentedRaftLogWorker.java:execute(569)) - 0028b382-670b-4338-9596-da2561481baf-SegmentedRaftLogWorker:Storage Directory /workdir/hadoop-ozone/ozonefs/target/test-dir/MiniOzoneClusterImpl-a40249e3-ad88-49f0-907e-ff9d9448a317/datanode-2/data/ratis/65573feb-5c81-4961-bd52-6f006a073f4e: created new log segment /workdir/hadoop-ozone/ozonefs/target/test-dir/MiniOzoneClusterImpl-a40249e3-ad88-49f0-907e-ff9d9448a317/datanode-2/data/ratis/65573feb-5c81-4961-bd52-6f006a073f4e/current/log_inprogress_0
2019-09-20 08:26:09,746 [0028b382-670b-4338-9596-da2561481baf-SegmentedRaftLogWorker:Storage Directory /workdir/hadoop-ozone/ozonefs/target/test-dir/MiniOzoneClusterImpl-a40249e3-ad88-49f0-907e-ff9d9448a317/datanode-2/data/ratis/97d90155-186a-4c58-9dd8-dde18a4d3ffc] INFO  segmented.SegmentedRaftLogWorker (SegmentedRaftLogWorker.java:execute(569)) - 0028b382-670b-4338-9596-da2561481baf-SegmentedRaftLogWorker:Storage Directory /workdir/hadoop-ozone/ozonefs/target/test-dir/MiniOzoneClusterImpl-a40249e3-ad88-49f0-907e-ff9d9448a317/datanode-2/data/ratis/97d90155-186a-4c58-9dd8-dde18a4d3ffc: created new log segment /workdir/hadoop-ozone/ozonefs/target/test-dir/MiniOzoneClusterImpl-a40249e3-ad88-49f0-907e-ff9d9448a317/datanode-2/data/ratis/97d90155-186a-4c58-9dd8-dde18a4d3ffc/current/log_inprogress_0
2019-09-20 08:26:10,163 | INFO  | SCMAudit | user=jenkins1000 | ip=192.168.34.27 | op=SEND_HEARTBEAT {datanodeUUID=0028b382-670b-4338-9596-da2561481baf, command=[]} | ret=SUCCESS |  
2019-09-20 08:26:10,431 [ForkJoinPool.commonPool-worker-1] INFO  ozoneimpl.OzoneContainer (OzoneContainer.java:stop(199)) - Attempting to stop container services.
2019-09-20 08:26:10,431 [Thread-538] INFO  ozoneimpl.OzoneContainer (OzoneContainer.java:stop(199)) - Attempting to stop container services.
2019-09-20 08:26:10,431 [ForkJoinPool.commonPool-worker-1] INFO  impl.RaftServerProxy (RaftServerProxy.java:lambda$close$4(314)) - ff26e422-1088-4b2b-acda-93f40e9fa7a5: close
2019-09-20 08:26:10,432 [Thread-538] INFO  impl.RaftServerProxy (RaftServerProxy.java:lambda$close$4(314)) - 988fcea2-3b3e-440a-b8e7-e4388109ae8d: close
2019-09-20 08:26:10,432 [ForkJoinPool.commonPool-worker-1] INFO  impl.RaftServerImpl (RaftServerImpl.java:lambda$shutdown$3(245)) - ff26e422-1088-4b2b-acda-93f40e9fa7a5: shutdown group-856DA330B7DB
2019-09-20 08:26:10,432 [Thread-538] INFO  impl.RaftServerImpl (RaftServerImpl.java:lambda$shutdown$3(245)) - 988fcea2-3b3e-440a-b8e7-e4388109ae8d: shutdown group-E94C3D550E56
2019-09-20 08:26:10,432 [ForkJoinPool.commonPool-worker-1] INFO  util.JmxRegister (JmxRegister.java:unregister(73)) - Successfully un-registered JMX Bean with object name Ratis:service=RaftServer,group=group-856DA330B7DB,id=ff26e422-1088-4b2b-acda-93f40e9fa7a5
2019-09-20 08:26:10,433 [Thread-538] INFO  util.JmxRegister (JmxRegister.java:unregister(73)) - Successfully un-registered JMX Bean with object name Ratis:service=RaftServer,group=group-E94C3D550E56,id=988fcea2-3b3e-440a-b8e7-e4388109ae8d
2019-09-20 08:26:10,433 [ForkJoinPool.commonPool-worker-1] INFO  impl.RoleInfo (RoleInfo.java:shutdownLeaderState(104)) - ff26e422-1088-4b2b-acda-93f40e9fa7a5: shutdown LeaderState
2019-09-20 08:26:10,433 [Thread-538] INFO  impl.RoleInfo (RoleInfo.java:shutdownLeaderState(104)) - 988fcea2-3b3e-440a-b8e7-e4388109ae8d: shutdown LeaderState
2019-09-20 08:26:10,433 [ForkJoinPool.commonPool-worker-1] INFO  impl.PendingRequests (PendingRequests.java:sendNotLeaderResponses(202)) - ff26e422-1088-4b2b-acda-93f40e9fa7a5-PendingRequests: sendNotLeaderResponses
2019-09-20 08:26:10,434 [Thread-538] INFO  impl.PendingRequests (PendingRequests.java:sendNotLeaderResponses(202)) - 988fcea2-3b3e-440a-b8e7-e4388109ae8d-PendingRequests: sendNotLeaderResponses
2019-09-20 08:26:10,434 [ForkJoinPool.commonPool-worker-1] INFO  impl.StateMachineUpdater (StateMachineUpdater.java:stopAndJoin(115)) - StateMachineUpdater:ff26e422-1088-4b2b-acda-93f40e9fa7a5:group-856DA330B7DB: set stopIndex = 0
2019-09-20 08:26:10,434 [Thread-538] INFO  impl.StateMachineUpdater (StateMachineUpdater.java:stopAndJoin(115)) - StateMachineUpdater:988fcea2-3b3e-440a-b8e7-e4388109ae8d:group-E94C3D550E56: set stopIndex = 0
2019-09-20 08:26:10,434 [ForkJoinPool.commonPool-worker-1] INFO  impl.RaftServerImpl (ServerState.java:close(394)) - ff26e422-1088-4b2b-acda-93f40e9fa7a5:group-856DA330B7DB closes. The last applied log index is 0
2019-09-20 08:26:10,435 [Thread-538] INFO  impl.RaftServerImpl (ServerState.java:close(394)) - 988fcea2-3b3e-440a-b8e7-e4388109ae8d:group-E94C3D550E56 closes. The last applied log index is 0
2019-09-20 08:26:10,435 [ff26e422-1088-4b2b-acda-93f40e9fa7a5-SegmentedRaftLogWorker:Storage Directory /workdir/hadoop-ozone/ozonefs/target/test-dir/MiniOzoneClusterImpl-a40249e3-ad88-49f0-907e-ff9d9448a317/datanode-0/data/ratis/adb76a94-bbde-4760-97df-856da330b7db] INFO  segmented.SegmentedRaftLogWorker (SegmentedRaftLogWorker.java:run(313)) - ff26e422-1088-4b2b-acda-93f40e9fa7a5-SegmentedRaftLogWorker:Storage Directory /workdir/hadoop-ozone/ozonefs/target/test-dir/MiniOzoneClusterImpl-a40249e3-ad88-49f0-907e-ff9d9448a317/datanode-0/data/ratis/adb76a94-bbde-4760-97df-856da330b7db was interrupted, exiting. There are 0 tasks remaining in the queue.
2019-09-20 08:26:10,435 [988fcea2-3b3e-440a-b8e7-e4388109ae8d-SegmentedRaftLogWorker:Storage Directory /workdir/hadoop-ozone/ozonefs/target/test-dir/MiniOzoneClusterImpl-a40249e3-ad88-49f0-907e-ff9d9448a317/datanode-1/data/ratis/615db830-1f76-4d8c-91fd-e94c3d550e56] INFO  segmented.SegmentedRaftLogWorker (SegmentedRaftLogWorker.java:run(313)) - 988fcea2-3b3e-440a-b8e7-e4388109ae8d-SegmentedRaftLogWorker:Storage Directory /workdir/hadoop-ozone/ozonefs/target/test-dir/MiniOzoneClusterImpl-a40249e3-ad88-49f0-907e-ff9d9448a317/datanode-1/data/ratis/615db830-1f76-4d8c-91fd-e94c3d550e56 was interrupted, exiting. There are 0 tasks remaining in the queue.
2019-09-20 08:26:10,436 [ForkJoinPool.commonPool-worker-1] INFO  segmented.SegmentedRaftLogWorker (SegmentedRaftLogWorker.java:close(228)) - ff26e422-1088-4b2b-acda-93f40e9fa7a5-SegmentedRaftLogWorker:Storage Directory /workdir/hadoop-ozone/ozonefs/target/test-dir/MiniOzoneClusterImpl-a40249e3-ad88-49f0-907e-ff9d9448a317/datanode-0/data/ratis/adb76a94-bbde-4760-97df-856da330b7db close()
2019-09-20 08:26:10,436 [Thread-538] INFO  segmented.SegmentedRaftLogWorker (SegmentedRaftLogWorker.java:close(228)) - 988fcea2-3b3e-440a-b8e7-e4388109ae8d-SegmentedRaftLogWorker:Storage Directory /workdir/hadoop-ozone/ozonefs/target/test-dir/MiniOzoneClusterImpl-a40249e3-ad88-49f0-907e-ff9d9448a317/datanode-1/data/ratis/615db830-1f76-4d8c-91fd-e94c3d550e56 close()
2019-09-20 08:26:10,438 [ForkJoinPool.commonPool-worker-1] INFO  impl.RaftServerImpl (RaftServerImpl.java:lambda$shutdown$3(245)) - ff26e422-1088-4b2b-acda-93f40e9fa7a5: shutdown group-048CF4570A72
2019-09-20 08:26:10,440 [Thread-538] INFO  impl.RaftServerImpl (RaftServerImpl.java:lambda$shutdown$3(245)) - 988fcea2-3b3e-440a-b8e7-e4388109ae8d: shutdown group-C445A43CF9A7
2019-09-20 08:26:10,440 [ForkJoinPool.commonPool-worker-1] INFO  util.JmxRegister (JmxRegister.java:unregister(73)) - Successfully un-registered JMX Bean with object name Ratis:service=RaftServer,group=group-048CF4570A72,id=ff26e422-1088-4b2b-acda-93f40e9fa7a5
2019-09-20 08:26:10,440 [Thread-538] INFO  util.JmxRegister (JmxRegister.java:unregister(73)) - Successfully un-registered JMX Bean with object name Ratis:service=RaftServer,group=group-C445A43CF9A7,id=988fcea2-3b3e-440a-b8e7-e4388109ae8d
2019-09-20 08:26:10,440 [ForkJoinPool.commonPool-worker-1] INFO  impl.RoleInfo (RoleInfo.java:shutdownLeaderState(104)) - ff26e422-1088-4b2b-acda-93f40e9fa7a5: shutdown LeaderState
2019-09-20 08:26:10,441 [Thread-538] INFO  impl.RoleInfo (RoleInfo.java:shutdownLeaderState(104)) - 988fcea2-3b3e-440a-b8e7-e4388109ae8d: shutdown LeaderState
2019-09-20 08:26:10,441 [ForkJoinPool.commonPool-worker-1] INFO  impl.PendingRequests (PendingRequests.java:sendNotLeaderResponses(202)) - ff26e422-1088-4b2b-acda-93f40e9fa7a5-PendingRequests: sendNotLeaderResponses
2019-09-20 08:26:10,441 [Thread-538] INFO  impl.PendingRequests (PendingRequests.java:sendNotLeaderResponses(202)) - 988fcea2-3b3e-440a-b8e7-e4388109ae8d-PendingRequests: sendNotLeaderResponses
2019-09-20 08:26:10,442 [ForkJoinPool.commonPool-worker-1] INFO  impl.StateMachineUpdater (StateMachineUpdater.java:stopAndJoin(115)) - StateMachineUpdater:ff26e422-1088-4b2b-acda-93f40e9fa7a5:group-048CF4570A72: set stopIndex = 0
2019-09-20 08:26:10,442 [ForkJoinPool.commonPool-worker-1] INFO  impl.RaftServerImpl (ServerState.java:close(394)) - ff26e422-1088-4b2b-acda-93f40e9fa7a5:group-048CF4570A72 closes. The last applied log index is 0
2019-09-20 08:26:10,442 [Thread-538] INFO  impl.StateMachineUpdater (StateMachineUpdater.java:stopAndJoin(115)) - StateMachineUpdater:988fcea2-3b3e-440a-b8e7-e4388109ae8d:group-C445A43CF9A7: set stopIndex = 0
2019-09-20 08:26:10,442 [ff26e422-1088-4b2b-acda-93f40e9fa7a5-SegmentedRaftLogWorker:Storage Directory /workdir/hadoop-ozone/ozonefs/target/test-dir/MiniOzoneClusterImpl-a40249e3-ad88-49f0-907e-ff9d9448a317/datanode-0/data/ratis/8e1083a4-b5de-4de1-8637-048cf4570a72] INFO  segmented.SegmentedRaftLogWorker (SegmentedRaftLogWorker.java:run(313)) - ff26e422-1088-4b2b-acda-93f40e9fa7a5-SegmentedRaftLogWorker:Storage Directory /workdir/hadoop-ozone/ozonefs/target/test-dir/MiniOzoneClusterImpl-a40249e3-ad88-49f0-907e-ff9d9448a317/datanode-0/data/ratis/8e1083a4-b5de-4de1-8637-048cf4570a72 was interrupted, exiting. There are 0 tasks remaining in the queue.
2019-09-20 08:26:10,443 [Thread-538] INFO  impl.RaftServerImpl (ServerState.java:close(394)) - 988fcea2-3b3e-440a-b8e7-e4388109ae8d:group-C445A43CF9A7 closes. The last applied log index is 0
2019-09-20 08:26:10,443 [ForkJoinPool.commonPool-worker-1] INFO  segmented.SegmentedRaftLogWorker (SegmentedRaftLogWorker.java:close(228)) - ff26e422-1088-4b2b-acda-93f40e9fa7a5-SegmentedRaftLogWorker:Storage Directory /workdir/hadoop-ozone/ozonefs/target/test-dir/MiniOzoneClusterImpl-a40249e3-ad88-49f0-907e-ff9d9448a317/datanode-0/data/ratis/8e1083a4-b5de-4de1-8637-048cf4570a72 close()
2019-09-20 08:26:10,443 [988fcea2-3b3e-440a-b8e7-e4388109ae8d-SegmentedRaftLogWorker:Storage Directory /workdir/hadoop-ozone/ozonefs/target/test-dir/MiniOzoneClusterImpl-a40249e3-ad88-49f0-907e-ff9d9448a317/datanode-1/data/ratis/82ffaf1d-2163-4dff-90b6-c445a43cf9a7] INFO  segmented.SegmentedRaftLogWorker (SegmentedRaftLogWorker.java:run(313)) - 988fcea2-3b3e-440a-b8e7-e4388109ae8d-SegmentedRaftLogWorker:Storage Directory /workdir/hadoop-ozone/ozonefs/target/test-dir/MiniOzoneClusterImpl-a40249e3-ad88-49f0-907e-ff9d9448a317/datanode-1/data/ratis/82ffaf1d-2163-4dff-90b6-c445a43cf9a7 was interrupted, exiting. There are 0 tasks remaining in the queue.
2019-09-20 08:26:10,445 [ForkJoinPool.commonPool-worker-1] INFO  impl.RaftServerImpl (RaftServerImpl.java:lambda$shutdown$3(245)) - ff26e422-1088-4b2b-acda-93f40e9fa7a5: shutdown group-29A0C25A5769
2019-09-20 08:26:10,445 [Thread-538] INFO  segmented.SegmentedRaftLogWorker (SegmentedRaftLogWorker.java:close(228)) - 988fcea2-3b3e-440a-b8e7-e4388109ae8d-SegmentedRaftLogWorker:Storage Directory /workdir/hadoop-ozone/ozonefs/target/test-dir/MiniOzoneClusterImpl-a40249e3-ad88-49f0-907e-ff9d9448a317/datanode-1/data/ratis/82ffaf1d-2163-4dff-90b6-c445a43cf9a7 close()
2019-09-20 08:26:10,445 [ForkJoinPool.commonPool-worker-1] INFO  util.JmxRegister (JmxRegister.java:unregister(73)) - Successfully un-registered JMX Bean with object name Ratis:service=RaftServer,group=group-29A0C25A5769,id=ff26e422-1088-4b2b-acda-93f40e9fa7a5
2019-09-20 08:26:10,447 [Thread-538] INFO  impl.RaftServerImpl (RaftServerImpl.java:lambda$shutdown$3(245)) - 988fcea2-3b3e-440a-b8e7-e4388109ae8d: shutdown group-9ACF12D80CDD
2019-09-20 08:26:10,447 [ForkJoinPool.commonPool-worker-1] INFO  impl.RoleInfo (RoleInfo.java:shutdownLeaderState(104)) - ff26e422-1088-4b2b-acda-93f40e9fa7a5: shutdown LeaderState
2019-09-20 08:26:10,447 [Thread-538] INFO  util.JmxRegister (JmxRegister.java:unregister(73)) - Successfully un-registered JMX Bean with object name Ratis:service=RaftServer,group=group-9ACF12D80CDD,id=988fcea2-3b3e-440a-b8e7-e4388109ae8d
2019-09-20 08:26:10,447 [ForkJoinPool.commonPool-worker-1] INFO  impl.PendingRequests (PendingRequests.java:sendNotLeaderResponses(202)) - ff26e422-1088-4b2b-acda-93f40e9fa7a5-PendingRequests: sendNotLeaderResponses
2019-09-20 08:26:10,448 [Thread-538] INFO  impl.RoleInfo (RoleInfo.java:shutdownLeaderState(104)) - 988fcea2-3b3e-440a-b8e7-e4388109ae8d: shutdown LeaderState
2019-09-20 08:26:10,448 [ForkJoinPool.commonPool-worker-1] INFO  impl.StateMachineUpdater (StateMachineUpdater.java:stopAndJoin(115)) - StateMachineUpdater:ff26e422-1088-4b2b-acda-93f40e9fa7a5:group-29A0C25A5769: set stopIndex = 0
2019-09-20 08:26:10,448 [Thread-538] INFO  impl.PendingRequests (PendingRequests.java:sendNotLeaderResponses(202)) - 988fcea2-3b3e-440a-b8e7-e4388109ae8d-PendingRequests: sendNotLeaderResponses
2019-09-20 08:26:10,448 [ForkJoinPool.commonPool-worker-1] INFO  impl.RaftServerImpl (ServerState.java:close(394)) - ff26e422-1088-4b2b-acda-93f40e9fa7a5:group-29A0C25A5769 closes. The last applied log index is 0
2019-09-20 08:26:10,449 [Thread-538] INFO  impl.StateMachineUpdater (StateMachineUpdater.java:stopAndJoin(115)) - StateMachineUpdater:988fcea2-3b3e-440a-b8e7-e4388109ae8d:group-9ACF12D80CDD: set stopIndex = 0
2019-09-20 08:26:10,449 [ff26e422-1088-4b2b-acda-93f40e9fa7a5-SegmentedRaftLogWorker:Storage Directory /workdir/hadoop-ozone/ozonefs/target/test-dir/MiniOzoneClusterImpl-a40249e3-ad88-49f0-907e-ff9d9448a317/datanode-0/data/ratis/653df1b1-56c6-4166-98ac-29a0c25a5769] INFO  segmented.SegmentedRaftLogWorker (SegmentedRaftLogWorker.java:run(313)) - ff26e422-1088-4b2b-acda-93f40e9fa7a5-SegmentedRaftLogWorker:Storage Directory /workdir/hadoop-ozone/ozonefs/target/test-dir/MiniOzoneClusterImpl-a40249e3-ad88-49f0-907e-ff9d9448a317/datanode-0/data/ratis/653df1b1-56c6-4166-98ac-29a0c25a5769 was interrupted, exiting. There are 0 tasks remaining in the queue.
2019-09-20 08:26:10,449 [Thread-538] INFO  impl.RaftServerImpl (ServerState.java:close(394)) - 988fcea2-3b3e-440a-b8e7-e4388109ae8d:group-9ACF12D80CDD closes. The last applied log index is 0
2019-09-20 08:26:10,450 [ForkJoinPool.commonPool-worker-1] INFO  segmented.SegmentedRaftLogWorker (SegmentedRaftLogWorker.java:close(228)) - ff26e422-1088-4b2b-acda-93f40e9fa7a5-SegmentedRaftLogWorker:Storage Directory /workdir/hadoop-ozone/ozonefs/target/test-dir/MiniOzoneClusterImpl-a40249e3-ad88-49f0-907e-ff9d9448a317/datanode-0/data/ratis/653df1b1-56c6-4166-98ac-29a0c25a5769 close()
2019-09-20 08:26:10,450 [988fcea2-3b3e-440a-b8e7-e4388109ae8d-SegmentedRaftLogWorker:Storage Directory /workdir/hadoop-ozone/ozonefs/target/test-dir/MiniOzoneClusterImpl-a40249e3-ad88-49f0-907e-ff9d9448a317/datanode-1/data/ratis/a8842622-3803-4e1e-8f52-9acf12d80cdd] INFO  segmented.SegmentedRaftLogWorker (SegmentedRaftLogWorker.java:run(313)) - 988fcea2-3b3e-440a-b8e7-e4388109ae8d-SegmentedRaftLogWorker:Storage Directory /workdir/hadoop-ozone/ozonefs/target/test-dir/MiniOzoneClusterImpl-a40249e3-ad88-49f0-907e-ff9d9448a317/datanode-1/data/ratis/a8842622-3803-4e1e-8f52-9acf12d80cdd was interrupted, exiting. There are 0 tasks remaining in the queue.
2019-09-20 08:26:10,451 [ForkJoinPool.commonPool-worker-1] INFO  impl.RaftServerImpl (RaftServerImpl.java:lambda$shutdown$3(245)) - ff26e422-1088-4b2b-acda-93f40e9fa7a5: shutdown group-CB7119FA5B7F
2019-09-20 08:26:10,451 [Thread-538] INFO  segmented.SegmentedRaftLogWorker (SegmentedRaftLogWorker.java:close(228)) - 988fcea2-3b3e-440a-b8e7-e4388109ae8d-SegmentedRaftLogWorker:Storage Directory /workdir/hadoop-ozone/ozonefs/target/test-dir/MiniOzoneClusterImpl-a40249e3-ad88-49f0-907e-ff9d9448a317/datanode-1/data/ratis/a8842622-3803-4e1e-8f52-9acf12d80cdd close()
2019-09-20 08:26:10,452 [ForkJoinPool.commonPool-worker-1] INFO  util.JmxRegister (JmxRegister.java:unregister(73)) - Successfully un-registered JMX Bean with object name Ratis:service=RaftServer,group=group-CB7119FA5B7F,id=ff26e422-1088-4b2b-acda-93f40e9fa7a5
2019-09-20 08:26:10,453 [Thread-538] INFO  impl.RaftServerImpl (RaftServerImpl.java:lambda$shutdown$3(245)) - 988fcea2-3b3e-440a-b8e7-e4388109ae8d: shutdown group-D2137E0B3B8B
2019-09-20 08:26:10,453 [ForkJoinPool.commonPool-worker-1] INFO  impl.RoleInfo (RoleInfo.java:shutdownLeaderState(104)) - ff26e422-1088-4b2b-acda-93f40e9fa7a5: shutdown LeaderState
2019-09-20 08:26:10,454 [Thread-538] INFO  util.JmxRegister (JmxRegister.java:unregister(73)) - Successfully un-registered JMX Bean with object name Ratis:service=RaftServer,group=group-D2137E0B3B8B,id=988fcea2-3b3e-440a-b8e7-e4388109ae8d
2019-09-20 08:26:10,454 [ForkJoinPool.commonPool-worker-1] INFO  impl.PendingRequests (PendingRequests.java:sendNotLeaderResponses(202)) - ff26e422-1088-4b2b-acda-93f40e9fa7a5-PendingRequests: sendNotLeaderResponses
2019-09-20 08:26:10,454 [Thread-538] INFO  impl.RoleInfo (RoleInfo.java:shutdownLeaderState(104)) - 988fcea2-3b3e-440a-b8e7-e4388109ae8d: shutdown LeaderState
2019-09-20 08:26:10,454 [ForkJoinPool.commonPool-worker-1] INFO  impl.StateMachineUpdater (StateMachineUpdater.java:stopAndJoin(115)) - StateMachineUpdater:ff26e422-1088-4b2b-acda-93f40e9fa7a5:group-CB7119FA5B7F: set stopIndex = 0
2019-09-20 08:26:10,455 [Thread-538] INFO  impl.PendingRequests (PendingRequests.java:sendNotLeaderResponses(202)) - 988fcea2-3b3e-440a-b8e7-e4388109ae8d-PendingRequests: sendNotLeaderResponses
2019-09-20 08:26:10,455 [ForkJoinPool.commonPool-worker-1] INFO  impl.RaftServerImpl (ServerState.java:close(394)) - ff26e422-1088-4b2b-acda-93f40e9fa7a5:group-CB7119FA5B7F closes. The last applied log index is 0
2019-09-20 08:26:10,455 [Thread-538] INFO  impl.StateMachineUpdater (StateMachineUpdater.java:stopAndJoin(115)) - StateMachineUpdater:988fcea2-3b3e-440a-b8e7-e4388109ae8d:group-D2137E0B3B8B: set stopIndex = 0
2019-09-20 08:26:10,456 [Thread-538] INFO  impl.RaftServerImpl (ServerState.java:close(394)) - 988fcea2-3b3e-440a-b8e7-e4388109ae8d:group-D2137E0B3B8B closes. The last applied log index is 0
2019-09-20 08:26:10,456 [ff26e422-1088-4b2b-acda-93f40e9fa7a5-SegmentedRaftLogWorker:Storage Directory /workdir/hadoop-ozone/ozonefs/target/test-dir/MiniOzoneClusterImpl-a40249e3-ad88-49f0-907e-ff9d9448a317/datanode-0/data/ratis/c95d8bad-28e8-4f01-ad1e-cb7119fa5b7f] INFO  segmented.SegmentedRaftLogWorker (SegmentedRaftLogWorker.java:run(313)) - ff26e422-1088-4b2b-acda-93f40e9fa7a5-SegmentedRaftLogWorker:Storage Directory /workdir/hadoop-ozone/ozonefs/target/test-dir/MiniOzoneClusterImpl-a40249e3-ad88-49f0-907e-ff9d9448a317/datanode-0/data/ratis/c95d8bad-28e8-4f01-ad1e-cb7119fa5b7f was interrupted, exiting. There are 0 tasks remaining in the queue.
2019-09-20 08:26:10,456 [988fcea2-3b3e-440a-b8e7-e4388109ae8d-SegmentedRaftLogWorker:Storage Directory /workdir/hadoop-ozone/ozonefs/target/test-dir/MiniOzoneClusterImpl-a40249e3-ad88-49f0-907e-ff9d9448a317/datanode-1/data/ratis/73c0724e-4008-444c-a1d0-d2137e0b3b8b] INFO  segmented.SegmentedRaftLogWorker (SegmentedRaftLogWorker.java:run(313)) - 988fcea2-3b3e-440a-b8e7-e4388109ae8d-SegmentedRaftLogWorker:Storage Directory /workdir/hadoop-ozone/ozonefs/target/test-dir/MiniOzoneClusterImpl-a40249e3-ad88-49f0-907e-ff9d9448a317/datanode-1/data/ratis/73c0724e-4008-444c-a1d0-d2137e0b3b8b was interrupted, exiting. There are 0 tasks remaining in the queue.
2019-09-20 08:26:10,456 [ForkJoinPool.commonPool-worker-1] INFO  segmented.SegmentedRaftLogWorker (SegmentedRaftLogWorker.java:close(228)) - ff26e422-1088-4b2b-acda-93f40e9fa7a5-SegmentedRaftLogWorker:Storage Directory /workdir/hadoop-ozone/ozonefs/target/test-dir/MiniOzoneClusterImpl-a40249e3-ad88-49f0-907e-ff9d9448a317/datanode-0/data/ratis/c95d8bad-28e8-4f01-ad1e-cb7119fa5b7f close()
2019-09-20 08:26:10,457 [Thread-538] INFO  segmented.SegmentedRaftLogWorker (SegmentedRaftLogWorker.java:close(228)) - 988fcea2-3b3e-440a-b8e7-e4388109ae8d-SegmentedRaftLogWorker:Storage Directory /workdir/hadoop-ozone/ozonefs/target/test-dir/MiniOzoneClusterImpl-a40249e3-ad88-49f0-907e-ff9d9448a317/datanode-1/data/ratis/73c0724e-4008-444c-a1d0-d2137e0b3b8b close()
2019-09-20 08:26:10,458 [ForkJoinPool.commonPool-worker-1] INFO  impl.RaftServerImpl (RaftServerImpl.java:lambda$shutdown$3(245)) - ff26e422-1088-4b2b-acda-93f40e9fa7a5: shutdown group-358405ACC6EE
2019-09-20 08:26:10,460 [Thread-538] INFO  impl.RaftServerImpl (RaftServerImpl.java:lambda$shutdown$3(245)) - 988fcea2-3b3e-440a-b8e7-e4388109ae8d: shutdown group-5D229384B633
2019-09-20 08:26:10,460 [ForkJoinPool.commonPool-worker-1] INFO  util.JmxRegister (JmxRegister.java:unregister(73)) - Successfully un-registered JMX Bean with object name Ratis:service=RaftServer,group=group-358405ACC6EE,id=ff26e422-1088-4b2b-acda-93f40e9fa7a5
2019-09-20 08:26:10,460 [Thread-538] INFO  util.JmxRegister (JmxRegister.java:unregister(73)) - Successfully un-registered JMX Bean with object name Ratis:service=RaftServer,group=group-5D229384B633,id=988fcea2-3b3e-440a-b8e7-e4388109ae8d
2019-09-20 08:26:10,461 [Thread-538] INFO  impl.RoleInfo (RoleInfo.java:shutdownLeaderState(104)) - 988fcea2-3b3e-440a-b8e7-e4388109ae8d: shutdown LeaderState
2019-09-20 08:26:10,461 [ForkJoinPool.commonPool-worker-1] INFO  impl.RoleInfo (RoleInfo.java:shutdownLeaderState(104)) - ff26e422-1088-4b2b-acda-93f40e9fa7a5: shutdown LeaderState
2019-09-20 08:26:10,461 [Thread-538] INFO  impl.PendingRequests (PendingRequests.java:sendNotLeaderResponses(202)) - 988fcea2-3b3e-440a-b8e7-e4388109ae8d-PendingRequests: sendNotLeaderResponses
2019-09-20 08:26:10,462 [ForkJoinPool.commonPool-worker-1] INFO  impl.PendingRequests (PendingRequests.java:sendNotLeaderResponses(202)) - ff26e422-1088-4b2b-acda-93f40e9fa7a5-PendingRequests: sendNotLeaderResponses
2019-09-20 08:26:10,462 [Thread-538] INFO  impl.StateMachineUpdater (StateMachineUpdater.java:stopAndJoin(115)) - StateMachineUpdater:988fcea2-3b3e-440a-b8e7-e4388109ae8d:group-5D229384B633: set stopIndex = 0
2019-09-20 08:26:10,462 [ForkJoinPool.commonPool-worker-1] INFO  impl.StateMachineUpdater (StateMachineUpdater.java:stopAndJoin(115)) - StateMachineUpdater:ff26e422-1088-4b2b-acda-93f40e9fa7a5:group-358405ACC6EE: set stopIndex = 0
2019-09-20 08:26:10,463 [ForkJoinPool.commonPool-worker-1] INFO  impl.RaftServerImpl (ServerState.java:close(394)) - ff26e422-1088-4b2b-acda-93f40e9fa7a5:group-358405ACC6EE closes. The last applied log index is 0
2019-09-20 08:26:10,463 [Thread-538] INFO  impl.RaftServerImpl (ServerState.java:close(394)) - 988fcea2-3b3e-440a-b8e7-e4388109ae8d:group-5D229384B633 closes. The last applied log index is 0
2019-09-20 08:26:10,463 [ff26e422-1088-4b2b-acda-93f40e9fa7a5-SegmentedRaftLogWorker:Storage Directory /workdir/hadoop-ozone/ozonefs/target/test-dir/MiniOzoneClusterImpl-a40249e3-ad88-49f0-907e-ff9d9448a317/datanode-0/data/ratis/95ecfbd0-f7ba-4562-929c-358405acc6ee] INFO  segmented.SegmentedRaftLogWorker (SegmentedRaftLogWorker.java:run(313)) - ff26e422-1088-4b2b-acda-93f40e9fa7a5-SegmentedRaftLogWorker:Storage Directory /workdir/hadoop-ozone/ozonefs/target/test-dir/MiniOzoneClusterImpl-a40249e3-ad88-49f0-907e-ff9d9448a317/datanode-0/data/ratis/95ecfbd0-f7ba-4562-929c-358405acc6ee was interrupted, exiting. There are 0 tasks remaining in the queue.
2019-09-20 08:26:10,464 [988fcea2-3b3e-440a-b8e7-e4388109ae8d-SegmentedRaftLogWorker:Storage Directory /workdir/hadoop-ozone/ozonefs/target/test-dir/MiniOzoneClusterImpl-a40249e3-ad88-49f0-907e-ff9d9448a317/datanode-1/data/ratis/aacd2559-5ffd-4a6d-a0ac-5d229384b633] INFO  segmented.SegmentedRaftLogWorker (SegmentedRaftLogWorker.java:run(313)) - 988fcea2-3b3e-440a-b8e7-e4388109ae8d-SegmentedRaftLogWorker:Storage Directory /workdir/hadoop-ozone/ozonefs/target/test-dir/MiniOzoneClusterImpl-a40249e3-ad88-49f0-907e-ff9d9448a317/datanode-1/data/ratis/aacd2559-5ffd-4a6d-a0ac-5d229384b633 was interrupted, exiting. There are 0 tasks remaining in the queue.
2019-09-20 08:26:10,464 [ForkJoinPool.commonPool-worker-1] INFO  segmented.SegmentedRaftLogWorker (SegmentedRaftLogWorker.java:close(228)) - ff26e422-1088-4b2b-acda-93f40e9fa7a5-SegmentedRaftLogWorker:Storage Directory /workdir/hadoop-ozone/ozonefs/target/test-dir/MiniOzoneClusterImpl-a40249e3-ad88-49f0-907e-ff9d9448a317/datanode-0/data/ratis/95ecfbd0-f7ba-4562-929c-358405acc6ee close()
2019-09-20 08:26:10,464 [Thread-538] INFO  segmented.SegmentedRaftLogWorker (SegmentedRaftLogWorker.java:close(228)) - 988fcea2-3b3e-440a-b8e7-e4388109ae8d-SegmentedRaftLogWorker:Storage Directory /workdir/hadoop-ozone/ozonefs/target/test-dir/MiniOzoneClusterImpl-a40249e3-ad88-49f0-907e-ff9d9448a317/datanode-1/data/ratis/aacd2559-5ffd-4a6d-a0ac-5d229384b633 close()
2019-09-20 08:26:10,465 [ForkJoinPool.commonPool-worker-1] INFO  impl.RaftServerImpl (RaftServerImpl.java:lambda$shutdown$3(245)) - ff26e422-1088-4b2b-acda-93f40e9fa7a5: shutdown group-54865B4708C6
2019-09-20 08:26:10,467 [Thread-538] INFO  impl.RaftServerImpl (RaftServerImpl.java:lambda$shutdown$3(245)) - 988fcea2-3b3e-440a-b8e7-e4388109ae8d: shutdown group-4F8EB952127E
2019-09-20 08:26:10,467 [ForkJoinPool.commonPool-worker-1] INFO  util.JmxRegister (JmxRegister.java:unregister(73)) - Successfully un-registered JMX Bean with object name Ratis:service=RaftServer,group=group-54865B4708C6,id=ff26e422-1088-4b2b-acda-93f40e9fa7a5
2019-09-20 08:26:10,467 [Thread-538] INFO  util.JmxRegister (JmxRegister.java:unregister(73)) - Successfully un-registered JMX Bean with object name Ratis:service=RaftServer,group=group-4F8EB952127E,id=988fcea2-3b3e-440a-b8e7-e4388109ae8d
2019-09-20 08:26:10,468 [Thread-538] INFO  impl.RoleInfo (RoleInfo.java:shutdownLeaderState(104)) - 988fcea2-3b3e-440a-b8e7-e4388109ae8d: shutdown LeaderState
2019-09-20 08:26:10,467 [ForkJoinPool.commonPool-worker-1] INFO  impl.RoleInfo (RoleInfo.java:shutdownLeaderState(104)) - ff26e422-1088-4b2b-acda-93f40e9fa7a5: shutdown LeaderState
2019-09-20 08:26:10,468 [Thread-538] INFO  impl.PendingRequests (PendingRequests.java:sendNotLeaderResponses(202)) - 988fcea2-3b3e-440a-b8e7-e4388109ae8d-PendingRequests: sendNotLeaderResponses
2019-09-20 08:26:10,468 [ForkJoinPool.commonPool-worker-1] INFO  impl.PendingRequests (PendingRequests.java:sendNotLeaderResponses(202)) - ff26e422-1088-4b2b-acda-93f40e9fa7a5-PendingRequests: sendNotLeaderResponses
2019-09-20 08:26:10,469 [Thread-538] INFO  impl.StateMachineUpdater (StateMachineUpdater.java:stopAndJoin(115)) - StateMachineUpdater:988fcea2-3b3e-440a-b8e7-e4388109ae8d:group-4F8EB952127E: set stopIndex = 0
2019-09-20 08:26:10,469 [Thread-538] INFO  impl.RaftServerImpl (ServerState.java:close(394)) - 988fcea2-3b3e-440a-b8e7-e4388109ae8d:group-4F8EB952127E closes. The last applied log index is 0
2019-09-20 08:26:10,469 [ForkJoinPool.commonPool-worker-1] INFO  impl.StateMachineUpdater (StateMachineUpdater.java:stopAndJoin(115)) - StateMachineUpdater:ff26e422-1088-4b2b-acda-93f40e9fa7a5:group-54865B4708C6: set stopIndex = 0
2019-09-20 08:26:10,470 [988fcea2-3b3e-440a-b8e7-e4388109ae8d-SegmentedRaftLogWorker:Storage Directory /workdir/hadoop-ozone/ozonefs/target/test-dir/MiniOzoneClusterImpl-a40249e3-ad88-49f0-907e-ff9d9448a317/datanode-1/data/ratis/d4833178-a7a0-48f3-ba54-4f8eb952127e] INFO  segmented.SegmentedRaftLogWorker (SegmentedRaftLogWorker.java:run(313)) - 988fcea2-3b3e-440a-b8e7-e4388109ae8d-SegmentedRaftLogWorker:Storage Directory /workdir/hadoop-ozone/ozonefs/target/test-dir/MiniOzoneClusterImpl-a40249e3-ad88-49f0-907e-ff9d9448a317/datanode-1/data/ratis/d4833178-a7a0-48f3-ba54-4f8eb952127e was interrupted, exiting. There are 0 tasks remaining in the queue.
2019-09-20 08:26:10,470 [ForkJoinPool.commonPool-worker-1] INFO  impl.RaftServerImpl (ServerState.java:close(394)) - ff26e422-1088-4b2b-acda-93f40e9fa7a5:group-54865B4708C6 closes. The last applied log index is 0
2019-09-20 08:26:10,470 [Thread-538] INFO  segmented.SegmentedRaftLogWorker (SegmentedRaftLogWorker.java:close(228)) - 988fcea2-3b3e-440a-b8e7-e4388109ae8d-SegmentedRaftLogWorker:Storage Directory /workdir/hadoop-ozone/ozonefs/target/test-dir/MiniOzoneClusterImpl-a40249e3-ad88-49f0-907e-ff9d9448a317/datanode-1/data/ratis/d4833178-a7a0-48f3-ba54-4f8eb952127e close()
2019-09-20 08:26:10,471 [ff26e422-1088-4b2b-acda-93f40e9fa7a5-SegmentedRaftLogWorker:Storage Directory /workdir/hadoop-ozone/ozonefs/target/test-dir/MiniOzoneClusterImpl-a40249e3-ad88-49f0-907e-ff9d9448a317/datanode-0/data/ratis/8c190ab0-ad72-48a5-9b97-54865b4708c6] INFO  segmented.SegmentedRaftLogWorker (SegmentedRaftLogWorker.java:run(313)) - ff26e422-1088-4b2b-acda-93f40e9fa7a5-SegmentedRaftLogWorker:Storage Directory /workdir/hadoop-ozone/ozonefs/target/test-dir/MiniOzoneClusterImpl-a40249e3-ad88-49f0-907e-ff9d9448a317/datanode-0/data/ratis/8c190ab0-ad72-48a5-9b97-54865b4708c6 was interrupted, exiting. There are 0 tasks remaining in the queue.
2019-09-20 08:26:10,476 [Thread-538] INFO  server.GrpcService (GrpcService.java:closeImpl(155)) - 988fcea2-3b3e-440a-b8e7-e4388109ae8d: shutdown server with port 45013 now
2019-09-20 08:26:10,476 [ForkJoinPool.commonPool-worker-1] INFO  segmented.SegmentedRaftLogWorker (SegmentedRaftLogWorker.java:close(228)) - ff26e422-1088-4b2b-acda-93f40e9fa7a5-SegmentedRaftLogWorker:Storage Directory /workdir/hadoop-ozone/ozonefs/target/test-dir/MiniOzoneClusterImpl-a40249e3-ad88-49f0-907e-ff9d9448a317/datanode-0/data/ratis/8c190ab0-ad72-48a5-9b97-54865b4708c6 close()
2019-09-20 08:26:10,479 [Thread-538] INFO  server.GrpcService (GrpcService.java:closeImpl(163)) - 988fcea2-3b3e-440a-b8e7-e4388109ae8d: shutdown server with port 45013 successfully
2019-09-20 08:26:10,479 [ForkJoinPool.commonPool-worker-1] INFO  server.GrpcService (GrpcService.java:closeImpl(155)) - ff26e422-1088-4b2b-acda-93f40e9fa7a5: shutdown server with port 34433 now
2019-09-20 08:26:10,481 [ForkJoinPool.commonPool-worker-1] INFO  server.GrpcService (GrpcService.java:closeImpl(163)) - ff26e422-1088-4b2b-acda-93f40e9fa7a5: shutdown server with port 34433 successfully
2019-09-20 08:26:10,488 [Thread-538] INFO  utils.BackgroundService (BackgroundService.java:shutdown(148)) - Shutting down service BlockDeletingService
2019-09-20 08:26:10,488 [ForkJoinPool.commonPool-worker-1] INFO  utils.BackgroundService (BackgroundService.java:shutdown(148)) - Shutting down service BlockDeletingService
2019-09-20 08:26:10,489 [refreshUsed-/workdir/hadoop-ozone/ozonefs/target/test-dir/MiniOzoneClusterImpl-a40249e3-ad88-49f0-907e-ff9d9448a317/datanode-1/data/containers] WARN  fs.CachingGetSpaceUsed (CachingGetSpaceUsed.java:run(183)) - Thread Interrupted waiting to refresh disk information: sleep interrupted
2019-09-20 08:26:10,490 [refreshUsed-/workdir/hadoop-ozone/ozonefs/target/test-dir/MiniOzoneClusterImpl-a40249e3-ad88-49f0-907e-ff9d9448a317/datanode-0/data/containers] WARN  fs.CachingGetSpaceUsed (CachingGetSpaceUsed.java:run(183)) - Thread Interrupted waiting to refresh disk information: sleep interrupted
2019-09-20 08:26:10,514 [Thread-538] INFO  statemachine.DatanodeStateMachine (DatanodeStateMachine.java:stopDaemon(395)) - Ozone container server stopped.
2019-09-20 08:26:10,515 [Thread-538] INFO  handler.ContextHandler (ContextHandler.java:doStop(910)) - Stopped o.e.j.w.WebAppContext@53ff4b04{/,null,UNAVAILABLE}{/hddsDatanode}
2019-09-20 08:26:10,515 [Thread-538] INFO  server.AbstractConnector (AbstractConnector.java:doStop(318)) - Stopped ServerConnector@11714a45{HTTP/1.1,[http/1.1]}{0.0.0.0:0}
2019-09-20 08:26:10,516 [Thread-538] INFO  handler.ContextHandler (ContextHandler.java:doStop(910)) - Stopped o.e.j.s.ServletContextHandler@3546fd8c{/static,jar:file:/home/user/.m2/repository/org/apache/hadoop/hadoop-hdds-container-service/0.5.0-SNAPSHOT/hadoop-hdds-container-service-0.5.0-SNAPSHOT.jar!/webapps/static,UNAVAILABLE}
2019-09-20 08:26:10,516 [Thread-538] INFO  handler.ContextHandler (ContextHandler.java:doStop(910)) - Stopped o.e.j.s.ServletContextHandler@172f6b79{/logs,file:///workdir/hadoop-ozone/ozonefs/target/log,UNAVAILABLE}
2019-09-20 08:26:10,517 [Thread-538] INFO  datanode.ObjectStoreHandler (ObjectStoreHandler.java:close(155)) - Closing ObjectStoreHandler.
2019-09-20 08:26:10,520 [ForkJoinPool.commonPool-worker-1] INFO  statemachine.DatanodeStateMachine (DatanodeStateMachine.java:stopDaemon(395)) - Ozone container server stopped.
2019-09-20 08:26:10,520 [Thread-538] INFO  ozone.HddsDatanodeService (HddsDatanodeService.java:stop(451)) - Stopped plug-in org.apache.hadoop.ozone.web.OzoneHddsDatanodeService@1dbc36fb
2019-09-20 08:26:10,523 [ForkJoinPool.commonPool-worker-1] INFO  handler.ContextHandler (ContextHandler.java:doStop(910)) - Stopped o.e.j.w.WebAppContext@b556e40{/,null,UNAVAILABLE}{/hddsDatanode}
2019-09-20 08:26:10,524 [ForkJoinPool.commonPool-worker-1] INFO  server.AbstractConnector (AbstractConnector.java:doStop(318)) - Stopped ServerConnector@77fc81e6{HTTP/1.1,[http/1.1]}{0.0.0.0:0}
2019-09-20 08:26:10,525 [ForkJoinPool.commonPool-worker-1] INFO  handler.ContextHandler (ContextHandler.java:doStop(910)) - Stopped o.e.j.s.ServletContextHandler@1a2136fd{/static,jar:file:/home/user/.m2/repository/org/apache/hadoop/hadoop-hdds-container-service/0.5.0-SNAPSHOT/hadoop-hdds-container-service-0.5.0-SNAPSHOT.jar!/webapps/static,UNAVAILABLE}
2019-09-20 08:26:10,526 [ForkJoinPool.commonPool-worker-1] INFO  handler.ContextHandler (ContextHandler.java:doStop(910)) - Stopped o.e.j.s.ServletContextHandler@579ecb60{/logs,file:///workdir/hadoop-ozone/ozonefs/target/log,UNAVAILABLE}
2019-09-20 08:26:11,162 [Datanode State Machine Thread - 0] INFO  statemachine.DatanodeStateMachine (DatanodeStateMachine.java:lambda$startDaemon$0(350)) - Ozone container server started.
2019-09-20 08:26:15,522 [Thread-538] INFO  ozoneimpl.OzoneContainer (OzoneContainer.java:stop(199)) - Attempting to stop container services.
2019-09-20 08:26:15,523 [Thread-538] INFO  impl.RaftServerProxy (RaftServerProxy.java:lambda$close$4(314)) - 0028b382-670b-4338-9596-da2561481baf: close
2019-09-20 08:26:15,524 [Thread-538] INFO  impl.RaftServerImpl (RaftServerImpl.java:lambda$shutdown$3(245)) - 0028b382-670b-4338-9596-da2561481baf: shutdown group-DDE18A4D3FFC
2019-09-20 08:26:15,524 [ForkJoinPool.commonPool-worker-0] INFO  impl.RaftServerImpl (RaftServerImpl.java:lambda$shutdown$3(245)) - 0028b382-670b-4338-9596-da2561481baf: shutdown group-EC6238C3F691
2019-09-20 08:26:15,524 [Thread-538] INFO  util.JmxRegister (JmxRegister.java:unregister(73)) - Successfully un-registered JMX Bean with object name Ratis:service=RaftServer,group=group-DDE18A4D3FFC,id=0028b382-670b-4338-9596-da2561481baf
2019-09-20 08:26:15,525 [ForkJoinPool.commonPool-worker-0] INFO  util.JmxRegister (JmxRegister.java:unregister(73)) - Successfully un-registered JMX Bean with object name Ratis:service=RaftServer,group=group-EC6238C3F691,id=0028b382-670b-4338-9596-da2561481baf
2019-09-20 08:26:15,525 [Thread-538] INFO  impl.RoleInfo (RoleInfo.java:shutdownLeaderState(104)) - 0028b382-670b-4338-9596-da2561481baf: shutdown LeaderState
2019-09-20 08:26:15,525 [ForkJoinPool.commonPool-worker-0] INFO  impl.RoleInfo (RoleInfo.java:shutdownLeaderState(104)) - 0028b382-670b-4338-9596-da2561481baf: shutdown LeaderState
2019-09-20 08:26:15,526 [Thread-538] INFO  impl.PendingRequests (PendingRequests.java:sendNotLeaderResponses(202)) - 0028b382-670b-4338-9596-da2561481baf-PendingRequests: sendNotLeaderResponses
2019-09-20 08:26:15,526 [ForkJoinPool.commonPool-worker-0] INFO  impl.PendingRequests (PendingRequests.java:sendNotLeaderResponses(202)) - 0028b382-670b-4338-9596-da2561481baf-PendingRequests: sendNotLeaderResponses
2019-09-20 08:26:15,526 [Thread-538] INFO  impl.StateMachineUpdater (StateMachineUpdater.java:stopAndJoin(115)) - StateMachineUpdater:0028b382-670b-4338-9596-da2561481baf:group-DDE18A4D3FFC: set stopIndex = 0
2019-09-20 08:26:15,527 [ForkJoinPool.commonPool-worker-0] INFO  impl.StateMachineUpdater (StateMachineUpdater.java:stopAndJoin(115)) - StateMachineUpdater:0028b382-670b-4338-9596-da2561481baf:group-EC6238C3F691: set stopIndex = 0
2019-09-20 08:26:15,527 [Thread-538] INFO  impl.RaftServerImpl (ServerState.java:close(394)) - 0028b382-670b-4338-9596-da2561481baf:group-DDE18A4D3FFC closes. The last applied log index is 0
2019-09-20 08:26:15,527 [ForkJoinPool.commonPool-worker-0] INFO  impl.RaftServerImpl (ServerState.java:close(394)) - 0028b382-670b-4338-9596-da2561481baf:group-EC6238C3F691 closes. The last applied log index is 0
2019-09-20 08:26:15,528 [0028b382-670b-4338-9596-da2561481baf-SegmentedRaftLogWorker:Storage Directory /workdir/hadoop-ozone/ozonefs/target/test-dir/MiniOzoneClusterImpl-a40249e3-ad88-49f0-907e-ff9d9448a317/datanode-2/data/ratis/97d90155-186a-4c58-9dd8-dde18a4d3ffc] INFO  segmented.SegmentedRaftLogWorker (SegmentedRaftLogWorker.java:run(313)) - 0028b382-670b-4338-9596-da2561481baf-SegmentedRaftLogWorker:Storage Directory /workdir/hadoop-ozone/ozonefs/target/test-dir/MiniOzoneClusterImpl-a40249e3-ad88-49f0-907e-ff9d9448a317/datanode-2/data/ratis/97d90155-186a-4c58-9dd8-dde18a4d3ffc was interrupted, exiting. There are 0 tasks remaining in the queue.
2019-09-20 08:26:15,528 [0028b382-670b-4338-9596-da2561481baf-SegmentedRaftLogWorker:Storage Directory /workdir/hadoop-ozone/ozonefs/target/test-dir/MiniOzoneClusterImpl-a40249e3-ad88-49f0-907e-ff9d9448a317/datanode-2/data/ratis/bf0f574e-b52d-413e-880b-ec6238c3f691] INFO  segmented.SegmentedRaftLogWorker (SegmentedRaftLogWorker.java:run(313)) - 0028b382-670b-4338-9596-da2561481baf-SegmentedRaftLogWorker:Storage Directory /workdir/hadoop-ozone/ozonefs/target/test-dir/MiniOzoneClusterImpl-a40249e3-ad88-49f0-907e-ff9d9448a317/datanode-2/data/ratis/bf0f574e-b52d-413e-880b-ec6238c3f691 was interrupted, exiting. There are 0 tasks remaining in the queue.
2019-09-20 08:26:15,528 [Thread-538] INFO  segmented.SegmentedRaftLogWorker (SegmentedRaftLogWorker.java:close(228)) - 0028b382-670b-4338-9596-da2561481baf-SegmentedRaftLogWorker:Storage Directory /workdir/hadoop-ozone/ozonefs/target/test-dir/MiniOzoneClusterImpl-a40249e3-ad88-49f0-907e-ff9d9448a317/datanode-2/data/ratis/97d90155-186a-4c58-9dd8-dde18a4d3ffc close()
2019-09-20 08:26:15,528 [ForkJoinPool.commonPool-worker-0] INFO  segmented.SegmentedRaftLogWorker (SegmentedRaftLogWorker.java:close(228)) - 0028b382-670b-4338-9596-da2561481baf-SegmentedRaftLogWorker:Storage Directory /workdir/hadoop-ozone/ozonefs/target/test-dir/MiniOzoneClusterImpl-a40249e3-ad88-49f0-907e-ff9d9448a317/datanode-2/data/ratis/bf0f574e-b52d-413e-880b-ec6238c3f691 close()
2019-09-20 08:26:15,532 [Thread-538] INFO  impl.RaftServerImpl (RaftServerImpl.java:lambda$shutdown$3(245)) - 0028b382-670b-4338-9596-da2561481baf: shutdown group-6F006A073F4E
2019-09-20 08:26:15,533 [ForkJoinPool.commonPool-worker-0] INFO  impl.RaftServerImpl (RaftServerImpl.java:lambda$shutdown$3(245)) - 0028b382-670b-4338-9596-da2561481baf: shutdown group-F3969472D291
2019-09-20 08:26:15,533 [Thread-538] INFO  util.JmxRegister (JmxRegister.java:unregister(73)) - Successfully un-registered JMX Bean with object name Ratis:service=RaftServer,group=group-6F006A073F4E,id=0028b382-670b-4338-9596-da2561481baf
2019-09-20 08:26:15,533 [ForkJoinPool.commonPool-worker-0] INFO  util.JmxRegister (JmxRegister.java:unregister(73)) - Successfully un-registered JMX Bean with object name Ratis:service=RaftServer,group=group-F3969472D291,id=0028b382-670b-4338-9596-da2561481baf
2019-09-20 08:26:15,534 [Thread-538] INFO  impl.RoleInfo (RoleInfo.java:shutdownLeaderState(104)) - 0028b382-670b-4338-9596-da2561481baf: shutdown LeaderState
2019-09-20 08:26:15,534 [ForkJoinPool.commonPool-worker-0] INFO  impl.RoleInfo (RoleInfo.java:shutdownLeaderState(104)) - 0028b382-670b-4338-9596-da2561481baf: shutdown LeaderState
2019-09-20 08:26:15,534 [Thread-538] INFO  impl.PendingRequests (PendingRequests.java:sendNotLeaderResponses(202)) - 0028b382-670b-4338-9596-da2561481baf-PendingRequests: sendNotLeaderResponses
2019-09-20 08:26:15,534 [ForkJoinPool.commonPool-worker-0] INFO  impl.PendingRequests (PendingRequests.java:sendNotLeaderResponses(202)) - 0028b382-670b-4338-9596-da2561481baf-PendingRequests: sendNotLeaderResponses
2019-09-20 08:26:15,535 [Thread-538] INFO  impl.StateMachineUpdater (StateMachineUpdater.java:stopAndJoin(115)) - StateMachineUpdater:0028b382-670b-4338-9596-da2561481baf:group-6F006A073F4E: set stopIndex = 0
2019-09-20 08:26:15,535 [ForkJoinPool.commonPool-worker-0] INFO  impl.StateMachineUpdater (StateMachineUpdater.java:stopAndJoin(115)) - StateMachineUpdater:0028b382-670b-4338-9596-da2561481baf:group-F3969472D291: set stopIndex = 0
2019-09-20 08:26:15,535 [Thread-538] INFO  impl.RaftServerImpl (ServerState.java:close(394)) - 0028b382-670b-4338-9596-da2561481baf:group-6F006A073F4E closes. The last applied log index is 0
2019-09-20 08:26:15,536 [ForkJoinPool.commonPool-worker-0] INFO  impl.RaftServerImpl (ServerState.java:close(394)) - 0028b382-670b-4338-9596-da2561481baf:group-F3969472D291 closes. The last applied log index is 0
2019-09-20 08:26:15,536 [0028b382-670b-4338-9596-da2561481baf-SegmentedRaftLogWorker:Storage Directory /workdir/hadoop-ozone/ozonefs/target/test-dir/MiniOzoneClusterImpl-a40249e3-ad88-49f0-907e-ff9d9448a317/datanode-2/data/ratis/65573feb-5c81-4961-bd52-6f006a073f4e] INFO  segmented.SegmentedRaftLogWorker (SegmentedRaftLogWorker.java:run(313)) - 0028b382-670b-4338-9596-da2561481baf-SegmentedRaftLogWorker:Storage Directory /workdir/hadoop-ozone/ozonefs/target/test-dir/MiniOzoneClusterImpl-a40249e3-ad88-49f0-907e-ff9d9448a317/datanode-2/data/ratis/65573feb-5c81-4961-bd52-6f006a073f4e was interrupted, exiting. There are 0 tasks remaining in the queue.
2019-09-20 08:26:15,536 [0028b382-670b-4338-9596-da2561481baf-SegmentedRaftLogWorker:Storage Directory /workdir/hadoop-ozone/ozonefs/target/test-dir/MiniOzoneClusterImpl-a40249e3-ad88-49f0-907e-ff9d9448a317/datanode-2/data/ratis/ba2cb653-28b8-4532-886a-f3969472d291] INFO  segmented.SegmentedRaftLogWorker (SegmentedRaftLogWorker.java:run(313)) - 0028b382-670b-4338-9596-da2561481baf-SegmentedRaftLogWorker:Storage Directory /workdir/hadoop-ozone/ozonefs/target/test-dir/MiniOzoneClusterImpl-a40249e3-ad88-49f0-907e-ff9d9448a317/datanode-2/data/ratis/ba2cb653-28b8-4532-886a-f3969472d291 was interrupted, exiting. There are 0 tasks remaining in the queue.
2019-09-20 08:26:15,536 [Thread-538] INFO  segmented.SegmentedRaftLogWorker (SegmentedRaftLogWorker.java:close(228)) - 0028b382-670b-4338-9596-da2561481baf-SegmentedRaftLogWorker:Storage Directory /workdir/hadoop-ozone/ozonefs/target/test-dir/MiniOzoneClusterImpl-a40249e3-ad88-49f0-907e-ff9d9448a317/datanode-2/data/ratis/65573feb-5c81-4961-bd52-6f006a073f4e close()
2019-09-20 08:26:15,537 [ForkJoinPool.commonPool-worker-0] INFO  segmented.SegmentedRaftLogWorker (SegmentedRaftLogWorker.java:close(228)) - 0028b382-670b-4338-9596-da2561481baf-SegmentedRaftLogWorker:Storage Directory /workdir/hadoop-ozone/ozonefs/target/test-dir/MiniOzoneClusterImpl-a40249e3-ad88-49f0-907e-ff9d9448a317/datanode-2/data/ratis/ba2cb653-28b8-4532-886a-f3969472d291 close()
2019-09-20 08:26:15,538 [Thread-538] INFO  impl.RaftServerImpl (RaftServerImpl.java:lambda$shutdown$3(245)) - 0028b382-670b-4338-9596-da2561481baf: shutdown group-22E67C31D110
2019-09-20 08:26:15,539 [Thread-538] INFO  util.JmxRegister (JmxRegister.java:unregister(73)) - Successfully un-registered JMX Bean with object name Ratis:service=RaftServer,group=group-22E67C31D110,id=0028b382-670b-4338-9596-da2561481baf
2019-09-20 08:26:15,539 [Thread-538] INFO  impl.RoleInfo (RoleInfo.java:shutdownLeaderState(104)) - 0028b382-670b-4338-9596-da2561481baf: shutdown LeaderState
2019-09-20 08:26:15,540 [Thread-538] INFO  impl.PendingRequests (PendingRequests.java:sendNotLeaderResponses(202)) - 0028b382-670b-4338-9596-da2561481baf-PendingRequests: sendNotLeaderResponses
2019-09-20 08:26:15,540 [Thread-538] INFO  impl.StateMachineUpdater (StateMachineUpdater.java:stopAndJoin(115)) - StateMachineUpdater:0028b382-670b-4338-9596-da2561481baf:group-22E67C31D110: set stopIndex = 0
2019-09-20 08:26:15,541 [Thread-538] INFO  impl.RaftServerImpl (ServerState.java:close(394)) - 0028b382-670b-4338-9596-da2561481baf:group-22E67C31D110 closes. The last applied log index is 0
2019-09-20 08:26:15,541 [0028b382-670b-4338-9596-da2561481baf-SegmentedRaftLogWorker:Storage Directory /workdir/hadoop-ozone/ozonefs/target/test-dir/MiniOzoneClusterImpl-a40249e3-ad88-49f0-907e-ff9d9448a317/datanode-2/data/ratis/6481ec41-3ed4-4f19-a186-22e67c31d110] INFO  segmented.SegmentedRaftLogWorker (SegmentedRaftLogWorker.java:run(313)) - 0028b382-670b-4338-9596-da2561481baf-SegmentedRaftLogWorker:Storage Directory /workdir/hadoop-ozone/ozonefs/target/test-dir/MiniOzoneClusterImpl-a40249e3-ad88-49f0-907e-ff9d9448a317/datanode-2/data/ratis/6481ec41-3ed4-4f19-a186-22e67c31d110 was interrupted, exiting. There are 0 tasks remaining in the queue.
2019-09-20 08:26:15,541 [Thread-538] INFO  segmented.SegmentedRaftLogWorker (SegmentedRaftLogWorker.java:close(228)) - 0028b382-670b-4338-9596-da2561481baf-SegmentedRaftLogWorker:Storage Directory /workdir/hadoop-ozone/ozonefs/target/test-dir/MiniOzoneClusterImpl-a40249e3-ad88-49f0-907e-ff9d9448a317/datanode-2/data/ratis/6481ec41-3ed4-4f19-a186-22e67c31d110 close()
2019-09-20 08:26:15,543 [Thread-538] INFO  impl.RaftServerImpl (RaftServerImpl.java:lambda$shutdown$3(245)) - 0028b382-670b-4338-9596-da2561481baf: shutdown group-E921A27F5595
2019-09-20 08:26:15,543 [Thread-538] INFO  util.JmxRegister (JmxRegister.java:unregister(73)) - Successfully un-registered JMX Bean with object name Ratis:service=RaftServer,group=group-E921A27F5595,id=0028b382-670b-4338-9596-da2561481baf
2019-09-20 08:26:15,543 [Thread-538] INFO  impl.RoleInfo (RoleInfo.java:shutdownLeaderState(104)) - 0028b382-670b-4338-9596-da2561481baf: shutdown LeaderState
2019-09-20 08:26:15,544 [Thread-538] INFO  impl.PendingRequests (PendingRequests.java:sendNotLeaderResponses(202)) - 0028b382-670b-4338-9596-da2561481baf-PendingRequests: sendNotLeaderResponses
2019-09-20 08:26:15,544 [Thread-538] INFO  impl.StateMachineUpdater (StateMachineUpdater.java:stopAndJoin(115)) - StateMachineUpdater:0028b382-670b-4338-9596-da2561481baf:group-E921A27F5595: set stopIndex = 0
2019-09-20 08:26:15,545 [Thread-538] INFO  impl.RaftServerImpl (ServerState.java:close(394)) - 0028b382-670b-4338-9596-da2561481baf:group-E921A27F5595 closes. The last applied log index is 0
2019-09-20 08:26:15,545 [0028b382-670b-4338-9596-da2561481baf-SegmentedRaftLogWorker:Storage Directory /workdir/hadoop-ozone/ozonefs/target/test-dir/MiniOzoneClusterImpl-a40249e3-ad88-49f0-907e-ff9d9448a317/datanode-2/data/ratis/e4bab278-0da8-46f4-9caa-e921a27f5595] INFO  segmented.SegmentedRaftLogWorker (SegmentedRaftLogWorker.java:run(313)) - 0028b382-670b-4338-9596-da2561481baf-SegmentedRaftLogWorker:Storage Directory /workdir/hadoop-ozone/ozonefs/target/test-dir/MiniOzoneClusterImpl-a40249e3-ad88-49f0-907e-ff9d9448a317/datanode-2/data/ratis/e4bab278-0da8-46f4-9caa-e921a27f5595 was interrupted, exiting. There are 0 tasks remaining in the queue.
2019-09-20 08:26:15,545 [Thread-538] INFO  segmented.SegmentedRaftLogWorker (SegmentedRaftLogWorker.java:close(228)) - 0028b382-670b-4338-9596-da2561481baf-SegmentedRaftLogWorker:Storage Directory /workdir/hadoop-ozone/ozonefs/target/test-dir/MiniOzoneClusterImpl-a40249e3-ad88-49f0-907e-ff9d9448a317/datanode-2/data/ratis/e4bab278-0da8-46f4-9caa-e921a27f5595 close()
2019-09-20 08:26:15,547 [Thread-538] INFO  server.GrpcService (GrpcService.java:closeImpl(155)) - 0028b382-670b-4338-9596-da2561481baf: shutdown server with port 36025 now
2019-09-20 08:26:15,548 [Thread-538] INFO  server.GrpcService (GrpcService.java:closeImpl(163)) - 0028b382-670b-4338-9596-da2561481baf: shutdown server with port 36025 successfully
2019-09-20 08:26:15,550 [Thread-538] INFO  utils.BackgroundService (BackgroundService.java:shutdown(148)) - Shutting down service BlockDeletingService
2019-09-20 08:26:15,552 [refreshUsed-/workdir/hadoop-ozone/ozonefs/target/test-dir/MiniOzoneClusterImpl-a40249e3-ad88-49f0-907e-ff9d9448a317/datanode-2/data/containers] WARN  fs.CachingGetSpaceUsed (CachingGetSpaceUsed.java:run(183)) - Thread Interrupted waiting to refresh disk information: sleep interrupted
2019-09-20 08:26:15,582 [Thread-538] INFO  statemachine.DatanodeStateMachine (DatanodeStateMachine.java:stopDaemon(395)) - Ozone container server stopped.
2019-09-20 08:26:15,584 [Thread-538] INFO  handler.ContextHandler (ContextHandler.java:doStop(910)) - Stopped o.e.j.w.WebAppContext@7c965d15{/,null,UNAVAILABLE}{/hddsDatanode}
2019-09-20 08:26:15,585 [Thread-538] INFO  server.AbstractConnector (AbstractConnector.java:doStop(318)) - Stopped ServerConnector@5e6ca60a{HTTP/1.1,[http/1.1]}{0.0.0.0:0}
2019-09-20 08:26:15,585 [Thread-538] INFO  handler.ContextHandler (ContextHandler.java:doStop(910)) - Stopped o.e.j.s.ServletContextHandler@1a73759e{/static,jar:file:/home/user/.m2/repository/org/apache/hadoop/hadoop-hdds-container-service/0.5.0-SNAPSHOT/hadoop-hdds-container-service-0.5.0-SNAPSHOT.jar!/webapps/static,UNAVAILABLE}
2019-09-20 08:26:15,586 [Thread-538] INFO  handler.ContextHandler (ContextHandler.java:doStop(910)) - Stopped o.e.j.s.ServletContextHandler@6408a0b1{/logs,file:///workdir/hadoop-ozone/ozonefs/target/log,UNAVAILABLE}
2019-09-20 08:26:15,587 [Thread-538] INFO  ozone.MiniOzoneClusterImpl (MiniOzoneClusterImpl.java:stop(353)) - Stopping the StorageContainerManager
2019-09-20 08:26:15,587 [Thread-538] INFO  server.StorageContainerManager (StorageContainerManager.java:stop(797)) - Stopping Replication Manager Service.
2019-09-20 08:26:15,587 [Thread-538] INFO  container.ReplicationManager (ReplicationManager.java:stop(192)) - Stopping Replication Monitor Thread.
2019-09-20 08:26:15,588 [Thread-538] INFO  server.StorageContainerManager (StorageContainerManager.java:stop(804)) - Stopping Lease Manager of the command watchers
2019-09-20 08:26:15,588 [Thread-538] INFO  server.StorageContainerManager (StorageContainerManager.java:stop(811)) - Stopping datanode service RPC server
2019-09-20 08:26:15,588 [Thread-538] INFO  server.SCMDatanodeProtocolServer (SCMDatanodeProtocolServer.java:stop(367)) - Stopping the RPC server for DataNodes
2019-09-20 08:26:15,588 [Thread-538] INFO  ipc.Server (Server.java:stop(3082)) - Stopping server on 39316
2019-09-20 08:26:15,591 [IPC Server listener on 39316] INFO  ipc.Server (Server.java:run(1185)) - Stopping IPC Server listener on 39316
2019-09-20 08:26:15,591 [IPC Server Responder] INFO  ipc.Server (Server.java:run(1319)) - Stopping IPC Server Responder
2019-09-20 08:26:15,677 [SCM Heartbeat Processing Thread - 0] WARN  node.NodeStateManager (NodeStateManager.java:scheduleNextHealthCheck(655)) - Current Thread is interrupted, shutting down HB processing thread for Node Manager.
2019-09-20 08:26:15,678 [Thread-538] INFO  server.StorageContainerManager (StorageContainerManager.java:stop(819)) - Stopping block service RPC server
2019-09-20 08:26:15,678 [Thread-538] INFO  server.SCMBlockProtocolServer (SCMBlockProtocolServer.java:stop(148)) - Stopping the RPC server for Block Protocol
2019-09-20 08:26:15,678 [Thread-538] INFO  ipc.Server (Server.java:stop(3082)) - Stopping server on 44541
2019-09-20 08:26:15,680 [IPC Server listener on 44541] INFO  ipc.Server (Server.java:run(1185)) - Stopping IPC Server listener on 44541
2019-09-20 08:26:15,680 [Thread-538] INFO  server.StorageContainerManager (StorageContainerManager.java:stop(826)) - Stopping the StorageContainerLocationProtocol RPC server
2019-09-20 08:26:15,680 [IPC Server Responder] INFO  ipc.Server (Server.java:run(1319)) - Stopping IPC Server Responder
2019-09-20 08:26:15,681 [Thread-538] INFO  server.SCMClientProtocolServer (SCMClientProtocolServer.java:stop(159)) - Stopping the RPC server for Client Protocol
2019-09-20 08:26:15,682 [Thread-538] INFO  ipc.Server (Server.java:stop(3082)) - Stopping server on 44112
2019-09-20 08:26:15,684 [IPC Server listener on 44112] INFO  ipc.Server (Server.java:run(1185)) - Stopping IPC Server listener on 44112
2019-09-20 08:26:15,684 [IPC Server Responder] INFO  ipc.Server (Server.java:run(1319)) - Stopping IPC Server Responder
2019-09-20 08:26:15,684 [Thread-538] INFO  server.StorageContainerManager (StorageContainerManager.java:stop(833)) - Stopping Storage Container Manager HTTP server.
2019-09-20 08:26:15,687 [Thread-538] INFO  handler.ContextHandler (ContextHandler.java:doStop(910)) - Stopped o.e.j.w.WebAppContext@3c8579f2{/,null,UNAVAILABLE}{/scm}
2019-09-20 08:26:15,688 [Thread-538] INFO  server.AbstractConnector (AbstractConnector.java:doStop(318)) - Stopped ServerConnector@216e9d95{HTTP/1.1,[http/1.1]}{0.0.0.0:0}
2019-09-20 08:26:15,688 [Thread-538] INFO  handler.ContextHandler (ContextHandler.java:doStop(910)) - Stopped o.e.j.s.ServletContextHandler@1d3d1ebb{/static,jar:file:/home/user/.m2/repository/org/apache/hadoop/hadoop-hdds-server-scm/0.5.0-SNAPSHOT/hadoop-hdds-server-scm-0.5.0-SNAPSHOT.jar!/webapps/static,UNAVAILABLE}
2019-09-20 08:26:15,688 [Thread-538] INFO  handler.ContextHandler (ContextHandler.java:doStop(910)) - Stopped o.e.j.s.ServletContextHandler@5d39e9a1{/logs,file:///workdir/hadoop-ozone/ozonefs/target/log,UNAVAILABLE}
2019-09-20 08:26:15,689 [Thread-538] INFO  server.StorageContainerManager (StorageContainerManager.java:stop(844)) - Stopping Block Manager Service.
2019-09-20 08:26:15,690 [Thread-538] INFO  utils.BackgroundService (BackgroundService.java:shutdown(148)) - Shutting down service SCMBlockDeletingService
2019-09-20 08:26:15,690 [Thread-538] INFO  utils.BackgroundService (BackgroundService.java:shutdown(148)) - Shutting down service SCMBlockDeletingService
2019-09-20 08:26:15,690 [Thread-538] INFO  server.StorageContainerManager (StorageContainerManager.java:stop(866)) - Stopping SCM Event Queue.
2019-09-20 08:26:15,694 [Thread-538] INFO  impl.MetricsSystemImpl (MetricsSystemImpl.java:stop(210)) - Stopping HddsDatanode metrics system...
2019-09-20 08:26:15,709 [Thread-538] INFO  impl.MetricsSystemImpl (MetricsSystemImpl.java:stop(216)) - HddsDatanode metrics system stopped.
]]></system-out>
    <system-err><![CDATA[Sep 20, 2019 8:25:59 AM com.sun.jersey.server.impl.application.WebApplicationImpl _initiate
INFO: Initiating Jersey application, version 'Jersey: 1.19 02/11/2015 03:25 AM'
Sep 20, 2019 8:25:59 AM com.sun.jersey.server.impl.application.WebApplicationImpl _initiate
INFO: Initiating Jersey application, version 'Jersey: 1.19 02/11/2015 03:25 AM'
Sep 20, 2019 8:26:00 AM com.sun.jersey.server.impl.application.WebApplicationImpl _initiate
INFO: Initiating Jersey application, version 'Jersey: 1.19 02/11/2015 03:25 AM'
Sep 20, 2019 8:26:05 AM com.sun.jersey.server.impl.application.WebApplicationImpl _initiate
INFO: Initiating Jersey application, version 'Jersey: 1.19 02/11/2015 03:25 AM'
]]></system-err>
  </testcase>
  <testcase name="testListStatus" classname="org.apache.hadoop.fs.ozone.TestOzoneFileSystem" time="17.622">
    <error message="Allocated 0 blocks. Requested 1 blocks" type="INTERNAL_ERROR org.apache.hadoop.ozone.om.exceptions.OMException">INTERNAL_ERROR org.apache.hadoop.ozone.om.exceptions.OMException: Allocated 0 blocks. Requested 1 blocks
	at org.apache.hadoop.ozone.om.protocolPB.OzoneManagerProtocolClientSideTranslatorPB.handleError(OzoneManagerProtocolClientSideTranslatorPB.java:725)
	at org.apache.hadoop.ozone.om.protocolPB.OzoneManagerProtocolClientSideTranslatorPB.createFile(OzoneManagerProtocolClientSideTranslatorPB.java:1474)
	at org.apache.hadoop.ozone.client.rpc.RpcClient.createFile(RpcClient.java:984)
	at org.apache.hadoop.ozone.client.OzoneBucket.createFile(OzoneBucket.java:535)
	at org.apache.hadoop.fs.ozone.BasicOzoneClientAdapterImpl.createFile(BasicOzoneClientAdapterImpl.java:181)
	at org.apache.hadoop.fs.ozone.BasicOzoneFileSystem.createOutputStream(BasicOzoneFileSystem.java:249)
	at org.apache.hadoop.fs.ozone.BasicOzoneFileSystem.create(BasicOzoneFileSystem.java:230)
	at org.apache.hadoop.fs.FileSystem.create(FileSystem.java:1118)
	at org.apache.hadoop.fs.FileSystem.create(FileSystem.java:1098)
	at org.apache.hadoop.fs.FileSystem.create(FileSystem.java:987)
	at org.apache.hadoop.fs.contract.ContractTestUtils.createFile(ContractTestUtils.java:633)
	at org.apache.hadoop.fs.contract.ContractTestUtils.touch(ContractTestUtils.java:669)
	at org.apache.hadoop.fs.ozone.TestOzoneFileSystem.testListStatus(TestOzoneFileSystem.java:179)
	at sun.reflect.NativeMethodAccessorImpl.invoke0(Native Method)
	at sun.reflect.NativeMethodAccessorImpl.invoke(NativeMethodAccessorImpl.java:62)
	at sun.reflect.DelegatingMethodAccessorImpl.invoke(DelegatingMethodAccessorImpl.java:43)
	at java.lang.reflect.Method.invoke(Method.java:498)
	at org.junit.runners.model.FrameworkMethod$1.runReflectiveCall(FrameworkMethod.java:47)
	at org.junit.internal.runners.model.ReflectiveCallable.run(ReflectiveCallable.java:12)
	at org.junit.runners.model.FrameworkMethod.invokeExplosively(FrameworkMethod.java:44)
	at org.junit.internal.runners.statements.InvokeMethod.evaluate(InvokeMethod.java:17)
	at org.junit.internal.runners.statements.RunBefores.evaluate(RunBefores.java:26)
	at org.junit.internal.runners.statements.RunAfters.evaluate(RunAfters.java:27)
	at org.junit.internal.runners.statements.FailOnTimeout$StatementThread.run(FailOnTimeout.java:74)
</error>
    <system-out><![CDATA[2019-09-20 08:26:15,786 [Thread-804] WARN  server.ServerUtils (ServerUtils.java:getScmDbDir(145)) - ozone.scm.db.dirs is not configured. We recommend adding this setting. Falling back to ozone.metadata.dirs instead.
2019-09-20 08:26:15,802 [Thread-804] WARN  server.ServerUtils (ServerUtils.java:getScmDbDir(145)) - ozone.scm.db.dirs is not configured. We recommend adding this setting. Falling back to ozone.metadata.dirs instead.
2019-09-20 08:26:15,802 [Thread-804] WARN  server.ServerUtils (ServerUtils.java:getScmDbDir(145)) - ozone.scm.db.dirs is not configured. We recommend adding this setting. Falling back to ozone.metadata.dirs instead.
2019-09-20 08:26:15,803 [Thread-804] INFO  db.DBStoreBuilder (DBStoreBuilder.java:addTable(110)) - using custom profile for table: deletedBlocks
2019-09-20 08:26:15,803 [Thread-804] INFO  db.DBStoreBuilder (DBStoreBuilder.java:processTables(161)) - Using default column profile:DBProfile.DISK for Table:deletedBlocks
2019-09-20 08:26:15,803 [Thread-804] INFO  db.DBStoreBuilder (DBStoreBuilder.java:addTable(110)) - using custom profile for table: validCerts
2019-09-20 08:26:15,803 [Thread-804] INFO  db.DBStoreBuilder (DBStoreBuilder.java:processTables(161)) - Using default column profile:DBProfile.DISK for Table:validCerts
2019-09-20 08:26:15,804 [Thread-804] INFO  db.DBStoreBuilder (DBStoreBuilder.java:addTable(110)) - using custom profile for table: revokedCerts
2019-09-20 08:26:15,804 [Thread-804] INFO  db.DBStoreBuilder (DBStoreBuilder.java:processTables(161)) - Using default column profile:DBProfile.DISK for Table:revokedCerts
2019-09-20 08:26:15,804 [Thread-804] INFO  db.DBStoreBuilder (DBStoreBuilder.java:addTable(110)) - using custom profile for table: default
2019-09-20 08:26:15,804 [Thread-804] INFO  db.DBStoreBuilder (DBStoreBuilder.java:processTables(167)) - Using default column profile:DBProfile.DISK for Table:default
2019-09-20 08:26:15,805 [Thread-804] INFO  db.DBStoreBuilder (DBStoreBuilder.java:getDbProfile(198)) - Using default options. DBProfile.DISK
2019-09-20 08:26:15,982 [Thread-804] INFO  net.NodeSchemaLoader (NodeSchemaLoader.java:loadSchemaFromFile(125)) - Loading file from sun.misc.CompoundEnumeration@1de42d50
2019-09-20 08:26:15,983 [Thread-804] INFO  net.NodeSchemaLoader (NodeSchemaLoader.java:loadSchema(171)) - Loading network topology layer schema file
2019-09-20 08:26:15,987 [Thread-804] WARN  server.ServerUtils (ServerUtils.java:sanitizeUserArgs(70)) - ozone.scm.stale.node.interval value = 300000 is larger than max = 100000 based on the key value of ozone.scm.heartbeat.thread.interval, reset to the max value 100000.
2019-09-20 08:26:15,987 [Thread-804] WARN  server.ServerUtils (ServerUtils.java:sanitizeUserArgs(70)) - ozone.scm.stale.node.interval value = 300000 is larger than max = 100000 based on the key value of ozone.scm.heartbeat.thread.interval, reset to the max value 100000.
2019-09-20 08:26:15,988 [Thread-804] INFO  node.SCMNodeManager (SCMNodeManager.java:<init>(121)) - Entering startup safe mode.
2019-09-20 08:26:15,988 [Thread-804] INFO  algorithms.ContainerPlacementPolicyFactory (ContainerPlacementPolicyFactory.java:getPolicy(56)) - Create container placement policy of type org.apache.hadoop.hdds.scm.container.placement.algorithms.SCMContainerPlacementRandom
2019-09-20 08:26:15,989 [Thread-804] WARN  server.ServerUtils (ServerUtils.java:getScmDbDir(145)) - ozone.scm.db.dirs is not configured. We recommend adding this setting. Falling back to ozone.metadata.dirs instead.
2019-09-20 08:26:16,045 [Thread-804] INFO  pipeline.SCMPipelineManager (SCMPipelineManager.java:initializePipelineState(126)) - No pipeline exists in current db
2019-09-20 08:26:16,046 [Thread-804] WARN  server.ServerUtils (ServerUtils.java:getScmDbDir(145)) - ozone.scm.db.dirs is not configured. We recommend adding this setting. Falling back to ozone.metadata.dirs instead.
2019-09-20 08:26:16,099 [Thread-804] WARN  events.EventQueue (EventQueue.java:fireEvent(175)) - No event handler registered for event TypedEvent{payloadType=SafeModeStatus, name='SafeModeStatus'}
2019-09-20 08:26:16,100 [Thread-804] INFO  ipc.CallQueueManager (CallQueueManager.java:<init>(84)) - Using callQueue: class java.util.concurrent.LinkedBlockingQueue, queueCapacity: 2000, scheduler: class org.apache.hadoop.ipc.DefaultRpcScheduler, ipcBackoff: false.
2019-09-20 08:26:16,101 [Socket Reader #1 for port 36024] INFO  ipc.Server (Server.java:run(1074)) - Starting Socket Reader #1 for port 36024
2019-09-20 08:26:16,103 [Thread-804] INFO  ipc.CallQueueManager (CallQueueManager.java:<init>(84)) - Using callQueue: class java.util.concurrent.LinkedBlockingQueue, queueCapacity: 2000, scheduler: class org.apache.hadoop.ipc.DefaultRpcScheduler, ipcBackoff: false.
2019-09-20 08:26:16,104 [Socket Reader #1 for port 43823] INFO  ipc.Server (Server.java:run(1074)) - Starting Socket Reader #1 for port 43823
2019-09-20 08:26:16,105 [Thread-804] INFO  ipc.CallQueueManager (CallQueueManager.java:<init>(84)) - Using callQueue: class java.util.concurrent.LinkedBlockingQueue, queueCapacity: 2000, scheduler: class org.apache.hadoop.ipc.DefaultRpcScheduler, ipcBackoff: false.
2019-09-20 08:26:16,106 [Socket Reader #1 for port 33754] INFO  ipc.Server (Server.java:run(1074)) - Starting Socket Reader #1 for port 33754
2019-09-20 08:26:16,109 [Thread-804] INFO  hdfs.DFSUtil (DFSUtil.java:httpServerTemplateForNNAndJN(1641)) - Starting Web-server for scm at: http://0.0.0.0:0
2019-09-20 08:26:16,112 [Thread-804] INFO  server.AuthenticationFilter (AuthenticationFilter.java:constructSecretProvider(240)) - Unable to initialize FileSignerSecretProvider, falling back to use random secrets.
2019-09-20 08:26:16,113 [Thread-804] WARN  http.HttpRequestLog (HttpRequestLog.java:getRequestLog(97)) - Jetty request log can only be enabled using Log4j
2019-09-20 08:26:16,115 [Thread-804] INFO  http.HttpServer2 (HttpServer2.java:addGlobalFilter(975)) - Added global filter 'safety' (class=org.apache.hadoop.http.HttpServer2$QuotingInputFilter)
2019-09-20 08:26:16,117 [Thread-804] INFO  http.HttpServer2 (HttpServer2.java:addFilter(948)) - Added filter static_user_filter (class=org.apache.hadoop.http.lib.StaticUserWebFilter$StaticUserFilter) to context scm
2019-09-20 08:26:16,117 [Thread-804] INFO  http.HttpServer2 (HttpServer2.java:addFilter(958)) - Added filter static_user_filter (class=org.apache.hadoop.http.lib.StaticUserWebFilter$StaticUserFilter) to context logs
2019-09-20 08:26:16,117 [Thread-804] INFO  http.HttpServer2 (HttpServer2.java:addFilter(958)) - Added filter static_user_filter (class=org.apache.hadoop.http.lib.StaticUserWebFilter$StaticUserFilter) to context static
2019-09-20 08:26:16,120 [Thread-804] INFO  server.StorageContainerManager (StorageContainerManager.java:start(759)) - StorageContainerLocationProtocol RPC server is listening at /0.0.0.0:33754
2019-09-20 08:26:16,122 [Thread-804] WARN  impl.MetricsConfig (MetricsConfig.java:loadFirst(134)) - Cannot locate configuration: tried hadoop-metrics2-storagecontainermanager.properties,hadoop-metrics2.properties
2019-09-20 08:26:16,126 [Thread-804] INFO  impl.MetricsSystemImpl (MetricsSystemImpl.java:startTimer(374)) - Scheduled Metric snapshot period at 10 second(s).
2019-09-20 08:26:16,127 [Thread-804] INFO  impl.MetricsSystemImpl (MetricsSystemImpl.java:start(191)) - StorageContainerManager metrics system started
2019-09-20 08:26:16,175 [Thread-804] INFO  server.SCMClientProtocolServer (SCMClientProtocolServer.java:start(151)) - RPC server for Client  is listening at /0.0.0.0:33754
2019-09-20 08:26:16,175 [IPC Server Responder] INFO  ipc.Server (Server.java:run(1314)) - IPC Server Responder: starting
2019-09-20 08:26:16,176 [IPC Server listener on 33754] INFO  ipc.Server (Server.java:run(1153)) - IPC Server listener on 33754: starting
2019-09-20 08:26:16,180 [Thread-804] INFO  server.StorageContainerManager (StorageContainerManager.java:start(769)) - ScmBlockLocationProtocol RPC server is listening at /0.0.0.0:43823
2019-09-20 08:26:16,180 [Thread-804] INFO  server.SCMBlockProtocolServer (SCMBlockProtocolServer.java:start(140)) - RPC server for Block Protocol is listening at /0.0.0.0:43823
2019-09-20 08:26:16,180 [IPC Server Responder] INFO  ipc.Server (Server.java:run(1314)) - IPC Server Responder: starting
2019-09-20 08:26:16,180 [IPC Server listener on 43823] INFO  ipc.Server (Server.java:run(1153)) - IPC Server listener on 43823: starting
2019-09-20 08:26:16,184 [Thread-804] INFO  server.StorageContainerManager (StorageContainerManager.java:start(773)) - ScmDatanodeProtocl RPC server is listening at /0.0.0.0:36024
2019-09-20 08:26:16,184 [Thread-804] INFO  server.SCMDatanodeProtocolServer (SCMDatanodeProtocolServer.java:start(191)) - RPC server for DataNodes is listening at /0.0.0.0:36024
2019-09-20 08:26:16,185 [IPC Server Responder] INFO  ipc.Server (Server.java:run(1314)) - IPC Server Responder: starting
2019-09-20 08:26:16,185 [IPC Server listener on 36024] INFO  ipc.Server (Server.java:run(1153)) - IPC Server listener on 36024: starting
2019-09-20 08:26:16,189 [Thread-804] INFO  http.HttpServer2 (HttpServer2.java:bindListener(1191)) - Jetty bound to port 34039
2019-09-20 08:26:16,189 [Thread-804] INFO  server.Server (Server.java:doStart(351)) - jetty-9.3.24.v20180605, build timestamp: 2018-06-05T17:11:56Z, git hash: 84205aa28f11a4f31f2a3b86d1bba2cc8ab69827
2019-09-20 08:26:16,191 [Thread-804] INFO  handler.ContextHandler (ContextHandler.java:doStart(781)) - Started o.e.j.s.ServletContextHandler@aafce4e{/logs,file:///workdir/hadoop-ozone/ozonefs/target/log,AVAILABLE}
2019-09-20 08:26:16,192 [Thread-804] INFO  handler.ContextHandler (ContextHandler.java:doStart(781)) - Started o.e.j.s.ServletContextHandler@21f720d5{/static,jar:file:/home/user/.m2/repository/org/apache/hadoop/hadoop-hdds-server-scm/0.5.0-SNAPSHOT/hadoop-hdds-server-scm-0.5.0-SNAPSHOT.jar!/webapps/static,AVAILABLE}
2019-09-20 08:26:16,232 [Thread-804] INFO  handler.ContextHandler (ContextHandler.java:doStart(781)) - Started o.e.j.w.WebAppContext@4e074c4f{/,file:///tmp/jetty-0.0.0.0-34039-scm-_-any-2732702756326026968.dir/webapp/,AVAILABLE}{/scm}
2019-09-20 08:26:16,233 [Thread-804] INFO  server.AbstractConnector (AbstractConnector.java:doStart(278)) - Started ServerConnector@33f280a9{HTTP/1.1,[http/1.1]}{0.0.0.0:34039}
2019-09-20 08:26:16,234 [Thread-804] INFO  server.Server (Server.java:doStart(419)) - Started @60299ms
2019-09-20 08:26:16,234 [Thread-804] INFO  server.BaseHttpServer (BaseHttpServer.java:updateConnectorAddress(213)) - HTTP server of SCM is listening at http://0.0.0.0:34039
2019-09-20 08:26:16,235 [Thread-804] WARN  server.ServerUtils (ServerUtils.java:getDBPath(222)) - ozone.om.db.dirs is not configured. We recommend adding this setting. Falling back to ozone.metadata.dirs instead.
2019-09-20 08:26:16,236 [org.apache.hadoop.util.JvmPauseMonitor$Monitor@2d125541] INFO  util.JvmPauseMonitor (JvmPauseMonitor.java:run(188)) - Starting JVM pause monitor
2019-09-20 08:26:16,248 [Thread-804] WARN  server.ServerUtils (ServerUtils.java:getDBPath(222)) - ozone.om.db.dirs is not configured. We recommend adding this setting. Falling back to ozone.metadata.dirs instead.
2019-09-20 08:26:16,248 [Thread-804] WARN  server.ServerUtils (ServerUtils.java:getDBPath(222)) - ozone.om.db.dirs is not configured. We recommend adding this setting. Falling back to ozone.metadata.dirs instead.
2019-09-20 08:26:16,249 [Thread-804] INFO  om.OzoneManager (OzoneManager.java:setOMNodeDetails(645)) - OM Service ID is not set. Setting it to the default ID: omServiceIdDefault
2019-09-20 08:26:16,249 [Thread-804] INFO  om.OzoneManager (OzoneManager.java:setOMNodeDetails(651)) - OM Node ID is not set. Setting it to the OmStorage's OmID: a3eff2e5-c422-45f4-8a81-02cb497c2cd1
2019-09-20 08:26:16,249 [Thread-804] INFO  om.OzoneManager (OzoneManager.java:loadOMHAConfigs(602)) - Found matching OM address with OMServiceId: null, OMNodeId: null, RPC Address: localhost:0 and Ratis port: 9872
2019-09-20 08:26:16,253 | INFO  | SCMAudit | user=jenkins1000 | ip=192.168.34.27 | op=GET_SCM_INFO null | ret=SUCCESS |  
2019-09-20 08:26:16,255 [Thread-804] WARN  server.ServerUtils (ServerUtils.java:getDBPath(222)) - ozone.om.db.dirs is not configured. We recommend adding this setting. Falling back to ozone.metadata.dirs instead.
2019-09-20 08:26:16,256 [Thread-804] INFO  db.DBStoreBuilder (DBStoreBuilder.java:addTable(110)) - using custom profile for table: userTable
2019-09-20 08:26:16,256 [Thread-804] INFO  db.DBStoreBuilder (DBStoreBuilder.java:processTables(161)) - Using default column profile:DBProfile.DISK for Table:userTable
2019-09-20 08:26:16,256 [Thread-804] INFO  db.DBStoreBuilder (DBStoreBuilder.java:addTable(110)) - using custom profile for table: volumeTable
2019-09-20 08:26:16,256 [Thread-804] INFO  db.DBStoreBuilder (DBStoreBuilder.java:processTables(161)) - Using default column profile:DBProfile.DISK for Table:volumeTable
2019-09-20 08:26:16,256 [Thread-804] INFO  db.DBStoreBuilder (DBStoreBuilder.java:addTable(110)) - using custom profile for table: bucketTable
2019-09-20 08:26:16,256 [Thread-804] INFO  db.DBStoreBuilder (DBStoreBuilder.java:processTables(161)) - Using default column profile:DBProfile.DISK for Table:bucketTable
2019-09-20 08:26:16,257 [Thread-804] INFO  db.DBStoreBuilder (DBStoreBuilder.java:addTable(110)) - using custom profile for table: keyTable
2019-09-20 08:26:16,257 [Thread-804] INFO  db.DBStoreBuilder (DBStoreBuilder.java:processTables(161)) - Using default column profile:DBProfile.DISK for Table:keyTable
2019-09-20 08:26:16,257 [Thread-804] INFO  db.DBStoreBuilder (DBStoreBuilder.java:addTable(110)) - using custom profile for table: deletedTable
2019-09-20 08:26:16,257 [Thread-804] INFO  db.DBStoreBuilder (DBStoreBuilder.java:processTables(161)) - Using default column profile:DBProfile.DISK for Table:deletedTable
2019-09-20 08:26:16,257 [Thread-804] INFO  db.DBStoreBuilder (DBStoreBuilder.java:addTable(110)) - using custom profile for table: openKeyTable
2019-09-20 08:26:16,257 [Thread-804] INFO  db.DBStoreBuilder (DBStoreBuilder.java:processTables(161)) - Using default column profile:DBProfile.DISK for Table:openKeyTable
2019-09-20 08:26:16,257 [Thread-804] INFO  db.DBStoreBuilder (DBStoreBuilder.java:addTable(110)) - using custom profile for table: s3Table
2019-09-20 08:26:16,258 [Thread-804] INFO  db.DBStoreBuilder (DBStoreBuilder.java:processTables(161)) - Using default column profile:DBProfile.DISK for Table:s3Table
2019-09-20 08:26:16,258 [Thread-804] INFO  db.DBStoreBuilder (DBStoreBuilder.java:addTable(110)) - using custom profile for table: multipartInfoTable
2019-09-20 08:26:16,258 [Thread-804] INFO  db.DBStoreBuilder (DBStoreBuilder.java:processTables(161)) - Using default column profile:DBProfile.DISK for Table:multipartInfoTable
2019-09-20 08:26:16,258 [Thread-804] INFO  db.DBStoreBuilder (DBStoreBuilder.java:addTable(110)) - using custom profile for table: dTokenTable
2019-09-20 08:26:16,258 [Thread-804] INFO  db.DBStoreBuilder (DBStoreBuilder.java:processTables(161)) - Using default column profile:DBProfile.DISK for Table:dTokenTable
2019-09-20 08:26:16,258 [Thread-804] INFO  db.DBStoreBuilder (DBStoreBuilder.java:addTable(110)) - using custom profile for table: s3SecretTable
2019-09-20 08:26:16,258 [Thread-804] INFO  db.DBStoreBuilder (DBStoreBuilder.java:processTables(161)) - Using default column profile:DBProfile.DISK for Table:s3SecretTable
2019-09-20 08:26:16,259 [Thread-804] INFO  db.DBStoreBuilder (DBStoreBuilder.java:addTable(110)) - using custom profile for table: prefixTable
2019-09-20 08:26:16,259 [Thread-804] INFO  db.DBStoreBuilder (DBStoreBuilder.java:processTables(161)) - Using default column profile:DBProfile.DISK for Table:prefixTable
2019-09-20 08:26:16,259 [Thread-804] INFO  db.DBStoreBuilder (DBStoreBuilder.java:addTable(110)) - using custom profile for table: default
2019-09-20 08:26:16,259 [Thread-804] INFO  db.DBStoreBuilder (DBStoreBuilder.java:processTables(167)) - Using default column profile:DBProfile.DISK for Table:default
2019-09-20 08:26:16,259 [Thread-804] INFO  db.DBStoreBuilder (DBStoreBuilder.java:getDbProfile(198)) - Using default options. DBProfile.DISK
2019-09-20 08:26:16,804 [Thread-804] INFO  ipc.CallQueueManager (CallQueueManager.java:<init>(84)) - Using callQueue: class java.util.concurrent.LinkedBlockingQueue, queueCapacity: 2000, scheduler: class org.apache.hadoop.ipc.DefaultRpcScheduler, ipcBackoff: false.
2019-09-20 08:26:16,805 [Socket Reader #1 for port 34114] INFO  ipc.Server (Server.java:run(1074)) - Starting Socket Reader #1 for port 34114
2019-09-20 08:26:16,827 [Thread-804] INFO  om.OzoneManager (OzoneManager.java:start(1256)) - OzoneManager RPC server is listening at localhost/127.0.0.1:34114
2019-09-20 08:26:16,828 [Thread-804] INFO  impl.MetricsSystemImpl (MetricsSystemImpl.java:init(158)) - OzoneManager metrics system started (again)
2019-09-20 08:26:16,828 [IPC Server Responder] INFO  ipc.Server (Server.java:run(1314)) - IPC Server Responder: starting
2019-09-20 08:26:16,829 [IPC Server listener on 34114] INFO  ipc.Server (Server.java:run(1153)) - IPC Server listener on 34114: starting
2019-09-20 08:26:16,834 [Thread-804] INFO  hdfs.DFSUtil (DFSUtil.java:httpServerTemplateForNNAndJN(1641)) - Starting Web-server for ozoneManager at: http://0.0.0.0:0
2019-09-20 08:26:16,838 [Thread-804] INFO  server.AuthenticationFilter (AuthenticationFilter.java:constructSecretProvider(240)) - Unable to initialize FileSignerSecretProvider, falling back to use random secrets.
2019-09-20 08:26:16,838 [Thread-804] WARN  http.HttpRequestLog (HttpRequestLog.java:getRequestLog(97)) - Jetty request log can only be enabled using Log4j
2019-09-20 08:26:16,841 [Thread-804] INFO  http.HttpServer2 (HttpServer2.java:addGlobalFilter(975)) - Added global filter 'safety' (class=org.apache.hadoop.http.HttpServer2$QuotingInputFilter)
2019-09-20 08:26:16,842 [Thread-804] INFO  http.HttpServer2 (HttpServer2.java:addFilter(948)) - Added filter static_user_filter (class=org.apache.hadoop.http.lib.StaticUserWebFilter$StaticUserFilter) to context ozoneManager
2019-09-20 08:26:16,842 [Thread-804] INFO  http.HttpServer2 (HttpServer2.java:addFilter(958)) - Added filter static_user_filter (class=org.apache.hadoop.http.lib.StaticUserWebFilter$StaticUserFilter) to context logs
2019-09-20 08:26:16,842 [Thread-804] INFO  http.HttpServer2 (HttpServer2.java:addFilter(958)) - Added filter static_user_filter (class=org.apache.hadoop.http.lib.StaticUserWebFilter$StaticUserFilter) to context static
2019-09-20 08:26:16,843 [Thread-804] INFO  http.HttpServer2 (HttpServer2.java:bindListener(1191)) - Jetty bound to port 40874
2019-09-20 08:26:16,843 [Thread-804] INFO  server.Server (Server.java:doStart(351)) - jetty-9.3.24.v20180605, build timestamp: 2018-06-05T17:11:56Z, git hash: 84205aa28f11a4f31f2a3b86d1bba2cc8ab69827
2019-09-20 08:26:16,846 [Thread-804] INFO  handler.ContextHandler (ContextHandler.java:doStart(781)) - Started o.e.j.s.ServletContextHandler@5b7c926f{/logs,file:///workdir/hadoop-ozone/ozonefs/target/log,AVAILABLE}
2019-09-20 08:26:16,846 [Thread-804] INFO  handler.ContextHandler (ContextHandler.java:doStart(781)) - Started o.e.j.s.ServletContextHandler@28b5e380{/static,jar:file:/home/user/.m2/repository/org/apache/hadoop/hadoop-ozone-ozone-manager/0.5.0-SNAPSHOT/hadoop-ozone-ozone-manager-0.5.0-SNAPSHOT.jar!/webapps/static,AVAILABLE}
2019-09-20 08:26:16,908 [Thread-804] INFO  handler.ContextHandler (ContextHandler.java:doStart(781)) - Started o.e.j.w.WebAppContext@1fdb9a0f{/,file:///tmp/jetty-0.0.0.0-40874-ozoneManager-_-any-461686416345443330.dir/webapp/,AVAILABLE}{/ozoneManager}
2019-09-20 08:26:16,909 [Thread-804] INFO  server.AbstractConnector (AbstractConnector.java:doStart(278)) - Started ServerConnector@2bc7fc20{HTTP/1.1,[http/1.1]}{0.0.0.0:40874}
2019-09-20 08:26:16,910 [Thread-804] INFO  server.Server (Server.java:doStart(419)) - Started @60975ms
2019-09-20 08:26:16,911 [Thread-804] INFO  server.BaseHttpServer (BaseHttpServer.java:updateConnectorAddress(213)) - HTTP server of OZONEMANAGER is listening at http://0.0.0.0:40874
2019-09-20 08:26:16,919 [Thread-804] INFO  impl.MetricsSystemImpl (MetricsSystemImpl.java:init(158)) - HddsDatanode metrics system started (again)
2019-09-20 08:26:16,921 [Thread-804] INFO  ozone.HddsDatanodeService (HddsDatanodeService.java:start(184)) - HddsDatanodeService host:pr-hdds-1569-6tbh6-3362816358 ip:192.168.34.27
2019-09-20 08:26:16,929 [Thread-804] INFO  volume.HddsVolume (HddsVolume.java:<init>(176)) - Creating Volume: /workdir/hadoop-ozone/ozonefs/target/test-dir/MiniOzoneClusterImpl-4da4ca98-8075-486b-8359-c950a16dd890/datanode-0/data/containers/hdds of  storage type : DISK and capacity : 1482555576320
2019-09-20 08:26:16,930 [Thread-804] INFO  volume.VolumeSet (VolumeSet.java:initializeVolumeSet(170)) - Added Volume : /workdir/hadoop-ozone/ozonefs/target/test-dir/MiniOzoneClusterImpl-4da4ca98-8075-486b-8359-c950a16dd890/datanode-0/data/containers/hdds to VolumeSet
2019-09-20 08:26:16,930 [Thread-804] INFO  volume.ThrottledAsyncChecker (ThrottledAsyncChecker.java:schedule(140)) - Scheduling a check for org.apache.hadoop.ozone.container.common.volume.HddsVolume@65a89652
2019-09-20 08:26:16,930 [Thread-804] INFO  volume.HddsVolumeChecker (HddsVolumeChecker.java:checkAllVolumes(203)) - Scheduled health check for volume org.apache.hadoop.ozone.container.common.volume.HddsVolume@65a89652
2019-09-20 08:26:16,959 [Thread-804] INFO  impl.RaftServerProxy (ConfUtils.java:logGet(43)) - raft.rpc.type = GRPC (default)
2019-09-20 08:26:16,960 [Thread-804] INFO  grpc.GrpcFactory (GrpcFactory.java:checkPooledByteBufAllocatorUseCacheForAllThreads(45)) - PERFORMANCE WARNING: useCacheForAllThreads is true that may cause Netty to create a lot garbage objects and, as a result, trigger GC.
	It is recommended to disable useCacheForAllThreads by setting -Dorg.apache.ratis.thirdparty.io.netty.allocator.useCacheForAllThreads=false in command line.
2019-09-20 08:26:16,960 [Thread-804] INFO  grpc.GrpcConfigKeys$Server (ConfUtils.java:logGet(43)) - raft.grpc.server.port = 0 (default)
2019-09-20 08:26:16,960 [Thread-804] INFO  server.GrpcService (ConfUtils.java:logGet(43)) - raft.grpc.message.size.max = 33570816 (custom)
2019-09-20 08:26:16,960 [Thread-804] INFO  server.RaftServerConfigKeys (ConfUtils.java:logGet(43)) - raft.server.log.appender.buffer.byte-limit = 33554432 (custom)
2019-09-20 08:26:16,961 [Thread-804] INFO  server.GrpcService (ConfUtils.java:logGet(43)) - raft.grpc.flow.control.window = 1MB (=1048576) (default)
2019-09-20 08:26:16,961 [Thread-804] INFO  server.RaftServerConfigKeys (ConfUtils.java:logGet(43)) - raft.server.rpc.request.timeout = 3000ms (default)
2019-09-20 08:26:16,962 [Thread-804] INFO  server.RaftServerConfigKeys (ConfUtils.java:logGet(43)) - raft.server.storage.dir = [/workdir/hadoop-ozone/ozonefs/target/test-dir/MiniOzoneClusterImpl-4da4ca98-8075-486b-8359-c950a16dd890/datanode-0/data/ratis] (custom)
2019-09-20 08:26:16,962 [Thread-804] INFO  replication.SimpleContainerDownloader (SimpleContainerDownloader.java:<init>(72)) - Starting container downloader service to copy containers to replicate.
2019-09-20 08:26:16,964 [Thread-804] INFO  hdfs.DFSUtil (DFSUtil.java:httpServerTemplateForNNAndJN(1641)) - Starting Web-server for hddsDatanode at: http://0.0.0.0:0
2019-09-20 08:26:16,966 [Thread-804] INFO  server.AuthenticationFilter (AuthenticationFilter.java:constructSecretProvider(240)) - Unable to initialize FileSignerSecretProvider, falling back to use random secrets.
2019-09-20 08:26:16,967 [Thread-804] WARN  http.HttpRequestLog (HttpRequestLog.java:getRequestLog(97)) - Jetty request log can only be enabled using Log4j
2019-09-20 08:26:16,969 [Thread-804] INFO  http.HttpServer2 (HttpServer2.java:addGlobalFilter(975)) - Added global filter 'safety' (class=org.apache.hadoop.http.HttpServer2$QuotingInputFilter)
2019-09-20 08:26:16,970 [Thread-804] INFO  http.HttpServer2 (HttpServer2.java:addFilter(948)) - Added filter static_user_filter (class=org.apache.hadoop.http.lib.StaticUserWebFilter$StaticUserFilter) to context hddsDatanode
2019-09-20 08:26:16,970 [Thread-804] INFO  http.HttpServer2 (HttpServer2.java:addFilter(958)) - Added filter static_user_filter (class=org.apache.hadoop.http.lib.StaticUserWebFilter$StaticUserFilter) to context logs
2019-09-20 08:26:16,970 [Thread-804] INFO  http.HttpServer2 (HttpServer2.java:addFilter(958)) - Added filter static_user_filter (class=org.apache.hadoop.http.lib.StaticUserWebFilter$StaticUserFilter) to context static
2019-09-20 08:26:16,971 [Thread-804] INFO  http.HttpServer2 (HttpServer2.java:bindListener(1191)) - Jetty bound to port 44771
2019-09-20 08:26:16,971 [Thread-804] INFO  server.Server (Server.java:doStart(351)) - jetty-9.3.24.v20180605, build timestamp: 2018-06-05T17:11:56Z, git hash: 84205aa28f11a4f31f2a3b86d1bba2cc8ab69827
2019-09-20 08:26:16,973 [Thread-804] INFO  handler.ContextHandler (ContextHandler.java:doStart(781)) - Started o.e.j.s.ServletContextHandler@70cb106{/logs,file:///workdir/hadoop-ozone/ozonefs/target/log,AVAILABLE}
2019-09-20 08:26:16,974 [Thread-804] INFO  handler.ContextHandler (ContextHandler.java:doStart(781)) - Started o.e.j.s.ServletContextHandler@4aa57d4e{/static,jar:file:/home/user/.m2/repository/org/apache/hadoop/hadoop-hdds-container-service/0.5.0-SNAPSHOT/hadoop-hdds-container-service-0.5.0-SNAPSHOT.jar!/webapps/static,AVAILABLE}
2019-09-20 08:26:17,012 [Thread-804] INFO  handler.ContextHandler (ContextHandler.java:doStart(781)) - Started o.e.j.w.WebAppContext@274cd6a9{/,file:///tmp/jetty-0.0.0.0-44771-hddsDatanode-_-any-1723495456815380178.dir/webapp/,AVAILABLE}{/hddsDatanode}
2019-09-20 08:26:17,014 [Thread-804] INFO  server.AbstractConnector (AbstractConnector.java:doStart(278)) - Started ServerConnector@693d7e46{HTTP/1.1,[http/1.1]}{0.0.0.0:44771}
2019-09-20 08:26:17,015 [Thread-804] INFO  server.Server (Server.java:doStart(419)) - Started @61080ms
2019-09-20 08:26:17,016 [Thread-804] INFO  server.BaseHttpServer (BaseHttpServer.java:updateConnectorAddress(213)) - HTTP server of HDDSDATANODE is listening at http://0.0.0.0:44771
2019-09-20 08:26:17,177 | INFO  | ObjectStoreRestHttpServer | Listening HDDS REST traffic on /0.0.0.0:33824 |  
2019-09-20 08:26:17,178 [Thread-804] INFO  ozone.HddsDatanodeService (HddsDatanodeService.java:startPlugins(395)) - Started plug-in org.apache.hadoop.ozone.web.OzoneHddsDatanodeService@6c4f05a7
2019-09-20 08:26:17,178 [Thread-804] INFO  impl.MetricsSystemImpl (MetricsSystemImpl.java:init(158)) - HddsDatanode metrics system started (again)
2019-09-20 08:26:17,181 [Thread-804] INFO  ozone.HddsDatanodeService (HddsDatanodeService.java:start(184)) - HddsDatanodeService host:pr-hdds-1569-6tbh6-3362816358 ip:192.168.34.27
2019-09-20 08:26:17,181 [org.apache.hadoop.util.JvmPauseMonitor$Monitor@795c07b5] INFO  util.JvmPauseMonitor (JvmPauseMonitor.java:run(188)) - Starting JVM pause monitor
2019-09-20 08:26:17,184 [Datanode State Machine Thread - 0] INFO  datanode.InitDatanodeState (InitDatanodeState.java:persistContainerDatanodeDetails(140)) - DatanodeDetails is persisted to /workdir/hadoop-ozone/ozonefs/target/test-dir/MiniOzoneClusterImpl-4da4ca98-8075-486b-8359-c950a16dd890/datanode-0/meta/datanode.id
2019-09-20 08:26:17,188 [Thread-804] INFO  volume.HddsVolume (HddsVolume.java:<init>(176)) - Creating Volume: /workdir/hadoop-ozone/ozonefs/target/test-dir/MiniOzoneClusterImpl-4da4ca98-8075-486b-8359-c950a16dd890/datanode-1/data/containers/hdds of  storage type : DISK and capacity : 1482555576320
2019-09-20 08:26:17,189 [Thread-804] INFO  volume.VolumeSet (VolumeSet.java:initializeVolumeSet(170)) - Added Volume : /workdir/hadoop-ozone/ozonefs/target/test-dir/MiniOzoneClusterImpl-4da4ca98-8075-486b-8359-c950a16dd890/datanode-1/data/containers/hdds to VolumeSet
2019-09-20 08:26:17,189 [Thread-804] INFO  volume.ThrottledAsyncChecker (ThrottledAsyncChecker.java:schedule(140)) - Scheduling a check for org.apache.hadoop.ozone.container.common.volume.HddsVolume@63095df4
2019-09-20 08:26:17,190 [Thread-804] INFO  volume.HddsVolumeChecker (HddsVolumeChecker.java:checkAllVolumes(203)) - Scheduled health check for volume org.apache.hadoop.ozone.container.common.volume.HddsVolume@63095df4
2019-09-20 08:26:17,221 [Thread-804] INFO  impl.RaftServerProxy (ConfUtils.java:logGet(43)) - raft.rpc.type = GRPC (default)
2019-09-20 08:26:17,222 [Thread-804] INFO  grpc.GrpcFactory (GrpcFactory.java:checkPooledByteBufAllocatorUseCacheForAllThreads(45)) - PERFORMANCE WARNING: useCacheForAllThreads is true that may cause Netty to create a lot garbage objects and, as a result, trigger GC.
	It is recommended to disable useCacheForAllThreads by setting -Dorg.apache.ratis.thirdparty.io.netty.allocator.useCacheForAllThreads=false in command line.
2019-09-20 08:26:17,222 [Thread-804] INFO  grpc.GrpcConfigKeys$Server (ConfUtils.java:logGet(43)) - raft.grpc.server.port = 0 (default)
2019-09-20 08:26:17,222 [Thread-804] INFO  server.GrpcService (ConfUtils.java:logGet(43)) - raft.grpc.message.size.max = 33570816 (custom)
2019-09-20 08:26:17,222 [Thread-804] INFO  server.RaftServerConfigKeys (ConfUtils.java:logGet(43)) - raft.server.log.appender.buffer.byte-limit = 33554432 (custom)
2019-09-20 08:26:17,222 [Thread-804] INFO  server.GrpcService (ConfUtils.java:logGet(43)) - raft.grpc.flow.control.window = 1MB (=1048576) (default)
2019-09-20 08:26:17,223 [Thread-804] INFO  server.RaftServerConfigKeys (ConfUtils.java:logGet(43)) - raft.server.rpc.request.timeout = 3000ms (default)
2019-09-20 08:26:17,223 [Thread-804] INFO  server.RaftServerConfigKeys (ConfUtils.java:logGet(43)) - raft.server.storage.dir = [/workdir/hadoop-ozone/ozonefs/target/test-dir/MiniOzoneClusterImpl-4da4ca98-8075-486b-8359-c950a16dd890/datanode-1/data/ratis] (custom)
2019-09-20 08:26:17,224 [Thread-804] INFO  replication.SimpleContainerDownloader (SimpleContainerDownloader.java:<init>(72)) - Starting container downloader service to copy containers to replicate.
2019-09-20 08:26:17,225 [Thread-804] INFO  hdfs.DFSUtil (DFSUtil.java:httpServerTemplateForNNAndJN(1641)) - Starting Web-server for hddsDatanode at: http://0.0.0.0:0
2019-09-20 08:26:17,228 [Thread-804] INFO  server.AuthenticationFilter (AuthenticationFilter.java:constructSecretProvider(240)) - Unable to initialize FileSignerSecretProvider, falling back to use random secrets.
2019-09-20 08:26:17,228 [Thread-804] WARN  http.HttpRequestLog (HttpRequestLog.java:getRequestLog(97)) - Jetty request log can only be enabled using Log4j
2019-09-20 08:26:17,231 [Thread-804] INFO  http.HttpServer2 (HttpServer2.java:addGlobalFilter(975)) - Added global filter 'safety' (class=org.apache.hadoop.http.HttpServer2$QuotingInputFilter)
2019-09-20 08:26:17,232 [Thread-804] INFO  http.HttpServer2 (HttpServer2.java:addFilter(948)) - Added filter static_user_filter (class=org.apache.hadoop.http.lib.StaticUserWebFilter$StaticUserFilter) to context hddsDatanode
2019-09-20 08:26:17,232 [Thread-804] INFO  http.HttpServer2 (HttpServer2.java:addFilter(958)) - Added filter static_user_filter (class=org.apache.hadoop.http.lib.StaticUserWebFilter$StaticUserFilter) to context static
2019-09-20 08:26:17,233 [Thread-804] INFO  http.HttpServer2 (HttpServer2.java:addFilter(958)) - Added filter static_user_filter (class=org.apache.hadoop.http.lib.StaticUserWebFilter$StaticUserFilter) to context logs
2019-09-20 08:26:17,234 [Thread-804] INFO  http.HttpServer2 (HttpServer2.java:bindListener(1191)) - Jetty bound to port 35860
2019-09-20 08:26:17,234 [Thread-804] INFO  server.Server (Server.java:doStart(351)) - jetty-9.3.24.v20180605, build timestamp: 2018-06-05T17:11:56Z, git hash: 84205aa28f11a4f31f2a3b86d1bba2cc8ab69827
2019-09-20 08:26:17,236 [Thread-804] INFO  handler.ContextHandler (ContextHandler.java:doStart(781)) - Started o.e.j.s.ServletContextHandler@6633a47a{/logs,file:///workdir/hadoop-ozone/ozonefs/target/log,AVAILABLE}
2019-09-20 08:26:17,237 [Thread-804] INFO  handler.ContextHandler (ContextHandler.java:doStart(781)) - Started o.e.j.s.ServletContextHandler@30598f5e{/static,jar:file:/home/user/.m2/repository/org/apache/hadoop/hadoop-hdds-container-service/0.5.0-SNAPSHOT/hadoop-hdds-container-service-0.5.0-SNAPSHOT.jar!/webapps/static,AVAILABLE}
2019-09-20 08:26:17,278 [Thread-804] INFO  handler.ContextHandler (ContextHandler.java:doStart(781)) - Started o.e.j.w.WebAppContext@4de44562{/,file:///tmp/jetty-0.0.0.0-35860-hddsDatanode-_-any-5934358230920079509.dir/webapp/,AVAILABLE}{/hddsDatanode}
2019-09-20 08:26:17,279 [Thread-804] INFO  server.AbstractConnector (AbstractConnector.java:doStart(278)) - Started ServerConnector@24e50145{HTTP/1.1,[http/1.1]}{0.0.0.0:35860}
2019-09-20 08:26:17,280 [Thread-804] INFO  server.Server (Server.java:doStart(419)) - Started @61346ms
2019-09-20 08:26:17,281 [Thread-804] INFO  server.BaseHttpServer (BaseHttpServer.java:updateConnectorAddress(213)) - HTTP server of HDDSDATANODE is listening at http://0.0.0.0:35860
2019-09-20 08:26:17,409 | INFO  | ObjectStoreRestHttpServer | Listening HDDS REST traffic on /0.0.0.0:43243 |  
2019-09-20 08:26:17,409 [Thread-804] INFO  ozone.HddsDatanodeService (HddsDatanodeService.java:startPlugins(395)) - Started plug-in org.apache.hadoop.ozone.web.OzoneHddsDatanodeService@3240bf3e
2019-09-20 08:26:17,409 [Thread-804] INFO  impl.MetricsSystemImpl (MetricsSystemImpl.java:init(158)) - HddsDatanode metrics system started (again)
2019-09-20 08:26:17,412 [org.apache.hadoop.util.JvmPauseMonitor$Monitor@56a5769b] INFO  util.JvmPauseMonitor (JvmPauseMonitor.java:run(188)) - Starting JVM pause monitor
2019-09-20 08:26:17,412 [Thread-804] INFO  ozone.HddsDatanodeService (HddsDatanodeService.java:start(184)) - HddsDatanodeService host:pr-hdds-1569-6tbh6-3362816358 ip:192.168.34.27
2019-09-20 08:26:17,414 [Datanode State Machine Thread - 0] INFO  datanode.InitDatanodeState (InitDatanodeState.java:persistContainerDatanodeDetails(140)) - DatanodeDetails is persisted to /workdir/hadoop-ozone/ozonefs/target/test-dir/MiniOzoneClusterImpl-4da4ca98-8075-486b-8359-c950a16dd890/datanode-1/meta/datanode.id
2019-09-20 08:26:17,419 [Thread-804] INFO  volume.HddsVolume (HddsVolume.java:<init>(176)) - Creating Volume: /workdir/hadoop-ozone/ozonefs/target/test-dir/MiniOzoneClusterImpl-4da4ca98-8075-486b-8359-c950a16dd890/datanode-2/data/containers/hdds of  storage type : DISK and capacity : 1482555576320
2019-09-20 08:26:17,420 [Thread-804] INFO  volume.VolumeSet (VolumeSet.java:initializeVolumeSet(170)) - Added Volume : /workdir/hadoop-ozone/ozonefs/target/test-dir/MiniOzoneClusterImpl-4da4ca98-8075-486b-8359-c950a16dd890/datanode-2/data/containers/hdds to VolumeSet
2019-09-20 08:26:17,420 [Thread-804] INFO  volume.ThrottledAsyncChecker (ThrottledAsyncChecker.java:schedule(140)) - Scheduling a check for org.apache.hadoop.ozone.container.common.volume.HddsVolume@6aed4c21
2019-09-20 08:26:17,420 [Thread-804] INFO  volume.HddsVolumeChecker (HddsVolumeChecker.java:checkAllVolumes(203)) - Scheduled health check for volume org.apache.hadoop.ozone.container.common.volume.HddsVolume@6aed4c21
2019-09-20 08:26:17,440 [Thread-804] INFO  impl.RaftServerProxy (ConfUtils.java:logGet(43)) - raft.rpc.type = GRPC (default)
2019-09-20 08:26:17,440 [Thread-804] INFO  grpc.GrpcFactory (GrpcFactory.java:checkPooledByteBufAllocatorUseCacheForAllThreads(45)) - PERFORMANCE WARNING: useCacheForAllThreads is true that may cause Netty to create a lot garbage objects and, as a result, trigger GC.
	It is recommended to disable useCacheForAllThreads by setting -Dorg.apache.ratis.thirdparty.io.netty.allocator.useCacheForAllThreads=false in command line.
2019-09-20 08:26:17,440 [Thread-804] INFO  grpc.GrpcConfigKeys$Server (ConfUtils.java:logGet(43)) - raft.grpc.server.port = 0 (default)
2019-09-20 08:26:17,441 [Thread-804] INFO  server.GrpcService (ConfUtils.java:logGet(43)) - raft.grpc.message.size.max = 33570816 (custom)
2019-09-20 08:26:17,441 [Thread-804] INFO  server.RaftServerConfigKeys (ConfUtils.java:logGet(43)) - raft.server.log.appender.buffer.byte-limit = 33554432 (custom)
2019-09-20 08:26:17,441 [Thread-804] INFO  server.GrpcService (ConfUtils.java:logGet(43)) - raft.grpc.flow.control.window = 1MB (=1048576) (default)
2019-09-20 08:26:17,441 [Thread-804] INFO  server.RaftServerConfigKeys (ConfUtils.java:logGet(43)) - raft.server.rpc.request.timeout = 3000ms (default)
2019-09-20 08:26:17,442 [Thread-804] INFO  server.RaftServerConfigKeys (ConfUtils.java:logGet(43)) - raft.server.storage.dir = [/workdir/hadoop-ozone/ozonefs/target/test-dir/MiniOzoneClusterImpl-4da4ca98-8075-486b-8359-c950a16dd890/datanode-2/data/ratis] (custom)
2019-09-20 08:26:17,442 [Thread-804] INFO  replication.SimpleContainerDownloader (SimpleContainerDownloader.java:<init>(72)) - Starting container downloader service to copy containers to replicate.
2019-09-20 08:26:17,443 [Thread-804] INFO  hdfs.DFSUtil (DFSUtil.java:httpServerTemplateForNNAndJN(1641)) - Starting Web-server for hddsDatanode at: http://0.0.0.0:0
2019-09-20 08:26:17,444 [Thread-804] INFO  server.AuthenticationFilter (AuthenticationFilter.java:constructSecretProvider(240)) - Unable to initialize FileSignerSecretProvider, falling back to use random secrets.
2019-09-20 08:26:17,445 [Thread-804] WARN  http.HttpRequestLog (HttpRequestLog.java:getRequestLog(97)) - Jetty request log can only be enabled using Log4j
2019-09-20 08:26:17,446 [Thread-804] INFO  http.HttpServer2 (HttpServer2.java:addGlobalFilter(975)) - Added global filter 'safety' (class=org.apache.hadoop.http.HttpServer2$QuotingInputFilter)
2019-09-20 08:26:17,447 [Thread-804] INFO  http.HttpServer2 (HttpServer2.java:addFilter(948)) - Added filter static_user_filter (class=org.apache.hadoop.http.lib.StaticUserWebFilter$StaticUserFilter) to context hddsDatanode
2019-09-20 08:26:17,447 [Thread-804] INFO  http.HttpServer2 (HttpServer2.java:addFilter(958)) - Added filter static_user_filter (class=org.apache.hadoop.http.lib.StaticUserWebFilter$StaticUserFilter) to context static
2019-09-20 08:26:17,447 [Thread-804] INFO  http.HttpServer2 (HttpServer2.java:addFilter(958)) - Added filter static_user_filter (class=org.apache.hadoop.http.lib.StaticUserWebFilter$StaticUserFilter) to context logs
2019-09-20 08:26:17,448 [Thread-804] INFO  http.HttpServer2 (HttpServer2.java:bindListener(1191)) - Jetty bound to port 43611
2019-09-20 08:26:17,448 [Thread-804] INFO  server.Server (Server.java:doStart(351)) - jetty-9.3.24.v20180605, build timestamp: 2018-06-05T17:11:56Z, git hash: 84205aa28f11a4f31f2a3b86d1bba2cc8ab69827
2019-09-20 08:26:17,450 [Thread-804] INFO  handler.ContextHandler (ContextHandler.java:doStart(781)) - Started o.e.j.s.ServletContextHandler@2fbce921{/logs,file:///workdir/hadoop-ozone/ozonefs/target/log,AVAILABLE}
2019-09-20 08:26:17,450 [Thread-804] INFO  handler.ContextHandler (ContextHandler.java:doStart(781)) - Started o.e.j.s.ServletContextHandler@1518fcb2{/static,jar:file:/home/user/.m2/repository/org/apache/hadoop/hadoop-hdds-container-service/0.5.0-SNAPSHOT/hadoop-hdds-container-service-0.5.0-SNAPSHOT.jar!/webapps/static,AVAILABLE}
2019-09-20 08:26:17,477 [Thread-804] INFO  handler.ContextHandler (ContextHandler.java:doStart(781)) - Started o.e.j.w.WebAppContext@78988968{/,file:///tmp/jetty-0.0.0.0-43611-hddsDatanode-_-any-7276906193020755521.dir/webapp/,AVAILABLE}{/hddsDatanode}
2019-09-20 08:26:17,477 [Thread-804] INFO  server.AbstractConnector (AbstractConnector.java:doStart(278)) - Started ServerConnector@54ab53ba{HTTP/1.1,[http/1.1]}{0.0.0.0:43611}
2019-09-20 08:26:17,478 [Thread-804] INFO  server.Server (Server.java:doStart(419)) - Started @61543ms
2019-09-20 08:26:17,479 [Thread-804] INFO  server.BaseHttpServer (BaseHttpServer.java:updateConnectorAddress(213)) - HTTP server of HDDSDATANODE is listening at http://0.0.0.0:43611
2019-09-20 08:26:17,601 | INFO  | ObjectStoreRestHttpServer | Listening HDDS REST traffic on /0.0.0.0:41127 |  
2019-09-20 08:26:17,601 [Thread-804] INFO  ozone.HddsDatanodeService (HddsDatanodeService.java:startPlugins(395)) - Started plug-in org.apache.hadoop.ozone.web.OzoneHddsDatanodeService@28ac9173
2019-09-20 08:26:17,601 [Thread-804] INFO  ozone.MiniOzoneClusterImpl (MiniOzoneClusterImpl.java:lambda$waitForClusterToBeReady$0(142)) - Waiting for cluster to be ready. Got 0 of 3 DN Heartbeats.
2019-09-20 08:26:17,603 [org.apache.hadoop.util.JvmPauseMonitor$Monitor@60b8c600] INFO  util.JvmPauseMonitor (JvmPauseMonitor.java:run(188)) - Starting JVM pause monitor
2019-09-20 08:26:17,605 [Datanode State Machine Thread - 0] INFO  datanode.InitDatanodeState (InitDatanodeState.java:persistContainerDatanodeDetails(140)) - DatanodeDetails is persisted to /workdir/hadoop-ozone/ozonefs/target/test-dir/MiniOzoneClusterImpl-4da4ca98-8075-486b-8359-c950a16dd890/datanode-2/meta/datanode.id
2019-09-20 08:26:18,602 [Thread-804] INFO  ozone.MiniOzoneClusterImpl (MiniOzoneClusterImpl.java:lambda$waitForClusterToBeReady$0(142)) - Waiting for cluster to be ready. Got 0 of 3 DN Heartbeats.
2019-09-20 08:26:19,187 | INFO  | SCMAudit | user=jenkins1000 | ip=192.168.34.27 | op=GET_VERSION null | ret=SUCCESS |  
2019-09-20 08:26:19,203 [Datanode State Machine Thread - 0] INFO  ozoneimpl.OzoneContainer (OzoneContainer.java:start(186)) - Attempting to start container services.
2019-09-20 08:26:19,203 [Datanode State Machine Thread - 0] INFO  ozoneimpl.OzoneContainer (OzoneContainer.java:startContainerScrub(160)) - Background container scrubber has been disabled by hdds.containerscrub.enabled
2019-09-20 08:26:19,204 [Datanode State Machine Thread - 0] INFO  ratis.XceiverServerRatis (XceiverServerRatis.java:start(404)) - Starting XceiverServerRatis e6b1165a-2e40-428d-b2f2-7ef8f5104c17 at port 0
2019-09-20 08:26:19,210 [Datanode State Machine Thread - 0] INFO  impl.RaftServerProxy (RaftServerProxy.java:lambda$start$3(299)) - e6b1165a-2e40-428d-b2f2-7ef8f5104c17: start RPC server
2019-09-20 08:26:19,213 [Datanode State Machine Thread - 0] INFO  server.GrpcService (GrpcService.java:startImpl(149)) - e6b1165a-2e40-428d-b2f2-7ef8f5104c17: GrpcService started, listening on 0.0.0.0/0.0.0.0:36204
2019-09-20 08:26:19,213 [Datanode State Machine Thread - 0] INFO  ratis.XceiverServerRatis (XceiverServerRatis.java:start(414)) - XceiverServerRatis e6b1165a-2e40-428d-b2f2-7ef8f5104c17 is started using port 36204
2019-09-20 08:26:19,217 [Datanode State Machine Thread - 0] INFO  server.XceiverServerGrpc (XceiverServerGrpc.java:start(163)) - XceiverServerGrpc e6b1165a-2e40-428d-b2f2-7ef8f5104c17 is started using port 33285
2019-09-20 08:26:19,413 | INFO  | SCMAudit | user=jenkins1000 | ip=192.168.34.27 | op=GET_VERSION null | ret=SUCCESS |  
2019-09-20 08:26:19,433 [Datanode State Machine Thread - 0] INFO  ozoneimpl.OzoneContainer (OzoneContainer.java:start(186)) - Attempting to start container services.
2019-09-20 08:26:19,433 [Datanode State Machine Thread - 0] INFO  ozoneimpl.OzoneContainer (OzoneContainer.java:startContainerScrub(160)) - Background container scrubber has been disabled by hdds.containerscrub.enabled
2019-09-20 08:26:19,433 [Datanode State Machine Thread - 0] INFO  ratis.XceiverServerRatis (XceiverServerRatis.java:start(404)) - Starting XceiverServerRatis de37e2fb-a650-4b9c-bc67-7b250b0aee85 at port 0
2019-09-20 08:26:19,440 [Datanode State Machine Thread - 0] INFO  impl.RaftServerProxy (RaftServerProxy.java:lambda$start$3(299)) - de37e2fb-a650-4b9c-bc67-7b250b0aee85: start RPC server
2019-09-20 08:26:19,441 [Datanode State Machine Thread - 0] INFO  server.GrpcService (GrpcService.java:startImpl(149)) - de37e2fb-a650-4b9c-bc67-7b250b0aee85: GrpcService started, listening on 0.0.0.0/0.0.0.0:46843
2019-09-20 08:26:19,441 [Datanode State Machine Thread - 0] INFO  ratis.XceiverServerRatis (XceiverServerRatis.java:start(414)) - XceiverServerRatis de37e2fb-a650-4b9c-bc67-7b250b0aee85 is started using port 46843
2019-09-20 08:26:19,442 [Datanode State Machine Thread - 0] INFO  server.XceiverServerGrpc (XceiverServerGrpc.java:start(163)) - XceiverServerGrpc de37e2fb-a650-4b9c-bc67-7b250b0aee85 is started using port 44437
2019-09-20 08:26:19,602 [Thread-804] INFO  ozone.MiniOzoneClusterImpl (MiniOzoneClusterImpl.java:lambda$waitForClusterToBeReady$0(142)) - Waiting for cluster to be ready. Got 0 of 3 DN Heartbeats.
2019-09-20 08:26:19,604 | INFO  | SCMAudit | user=jenkins1000 | ip=192.168.34.27 | op=GET_VERSION null | ret=SUCCESS |  
2019-09-20 08:26:19,631 [Datanode State Machine Thread - 0] INFO  ozoneimpl.OzoneContainer (OzoneContainer.java:start(186)) - Attempting to start container services.
2019-09-20 08:26:19,631 [Datanode State Machine Thread - 0] INFO  ozoneimpl.OzoneContainer (OzoneContainer.java:startContainerScrub(160)) - Background container scrubber has been disabled by hdds.containerscrub.enabled
2019-09-20 08:26:19,631 [Datanode State Machine Thread - 0] INFO  ratis.XceiverServerRatis (XceiverServerRatis.java:start(404)) - Starting XceiverServerRatis aa98e893-95a3-4426-8c3d-7852b9d4d01a at port 0
2019-09-20 08:26:19,639 [Datanode State Machine Thread - 0] INFO  impl.RaftServerProxy (RaftServerProxy.java:lambda$start$3(299)) - aa98e893-95a3-4426-8c3d-7852b9d4d01a: start RPC server
2019-09-20 08:26:19,640 [Datanode State Machine Thread - 0] INFO  server.GrpcService (GrpcService.java:startImpl(149)) - aa98e893-95a3-4426-8c3d-7852b9d4d01a: GrpcService started, listening on 0.0.0.0/0.0.0.0:44381
2019-09-20 08:26:19,640 [Datanode State Machine Thread - 0] INFO  ratis.XceiverServerRatis (XceiverServerRatis.java:start(414)) - XceiverServerRatis aa98e893-95a3-4426-8c3d-7852b9d4d01a is started using port 44381
2019-09-20 08:26:19,642 [Datanode State Machine Thread - 0] INFO  server.XceiverServerGrpc (XceiverServerGrpc.java:start(163)) - XceiverServerGrpc aa98e893-95a3-4426-8c3d-7852b9d4d01a is started using port 35076
2019-09-20 08:26:20,603 [Thread-804] INFO  ozone.MiniOzoneClusterImpl (MiniOzoneClusterImpl.java:lambda$waitForClusterToBeReady$0(142)) - Waiting for cluster to be ready. Got 0 of 3 DN Heartbeats.
2019-09-20 08:26:21,185 [IPC Server handler 2 on 36024] INFO  net.NetworkTopology (NetworkTopologyImpl.java:add(110)) - Added a new node: /default-rack/e6b1165a-2e40-428d-b2f2-7ef8f5104c17
2019-09-20 08:26:21,187 [IPC Server handler 2 on 36024] INFO  node.SCMNodeManager (SCMNodeManager.java:register(273)) - Registered Data node : e6b1165a-2e40-428d-b2f2-7ef8f5104c17{ip: 192.168.34.27, host: pr-hdds-1569-6tbh6-3362816358, networkLocation: /default-rack, certSerialId: null}
2019-09-20 08:26:21,188 [EventQueue-NodeRegistrationContainerReportForDataNodeSafeModeRule] INFO  safemode.SCMSafeModeManager (DataNodeSafeModeRule.java:process(71)) - SCM in safe mode. 1 DataNodes registered, 1 required.
2019-09-20 08:26:21,189 [EventQueue-NodeRegistrationContainerReportForDataNodeSafeModeRule] INFO  safemode.SCMSafeModeManager (SCMSafeModeManager.java:validateSafeModeExitRules(177)) - ScmSafeModeManager, all rules are successfully validated
2019-09-20 08:26:21,190 [EventQueue-NodeRegistrationContainerReportForDataNodeSafeModeRule] INFO  safemode.SCMSafeModeManager (SCMSafeModeManager.java:exitSafeMode(193)) - SCM exiting safe mode.
2019-09-20 08:26:21,190 | INFO  | SCMAudit | user=jenkins1000 | ip=192.168.34.27 | op=REGISTER {datanodeDetails=e6b1165a-2e40-428d-b2f2-7ef8f5104c17{ip: 192.168.34.27, host: pr-hdds-1569-6tbh6-3362816358, networkLocation: /default-rack, certSerialId: null}} | ret=SUCCESS |  
2019-09-20 08:26:21,201 [grpc-default-executor-0] INFO  impl.RaftServerProxy (RaftServerProxy.java:addNew(89)) - e6b1165a-2e40-428d-b2f2-7ef8f5104c17: addNew group-4EE5638B0302:[e6b1165a-2e40-428d-b2f2-7ef8f5104c17:192.168.34.27:36204] returns group-4EE5638B0302:java.util.concurrent.CompletableFuture@42848198[Not completed]
2019-09-20 08:26:21,203 [pool-186-thread-1] INFO  impl.RaftServerImpl (RaftServerImpl.java:<init>(93)) - e6b1165a-2e40-428d-b2f2-7ef8f5104c17: new RaftServerImpl for group-4EE5638B0302:[e6b1165a-2e40-428d-b2f2-7ef8f5104c17:192.168.34.27:36204] with ContainerStateMachine:uninitialized
2019-09-20 08:26:21,203 [pool-186-thread-1] INFO  server.RaftServerConfigKeys (ConfUtils.java:logGet(43)) - raft.server.rpc.timeout.min = 5s (custom)
2019-09-20 08:26:21,203 [pool-186-thread-1] INFO  server.RaftServerConfigKeys (ConfUtils.java:logGet(43)) - raft.server.rpc.timeout.max = 5200ms (custom)
2019-09-20 08:26:21,203 [pool-186-thread-1] INFO  server.RaftServerConfigKeys (ConfUtils.java:logGet(43)) - raft.server.rpcslowness.timeout = 120s (custom)
2019-09-20 08:26:21,203 [pool-186-thread-1] INFO  server.RaftServerConfigKeys (ConfUtils.java:logGet(43)) - raft.server.sleep.deviation.threshold = 300 (default)
2019-09-20 08:26:21,203 [pool-186-thread-1] INFO  server.RaftServerConfigKeys (ConfUtils.java:logGet(43)) - raft.server.log.appender.install.snapshot.enabled = false (custom)
2019-09-20 08:26:21,204 [pool-186-thread-1] INFO  impl.RaftServerImpl (ServerState.java:<init>(105)) - e6b1165a-2e40-428d-b2f2-7ef8f5104c17:group-4EE5638B0302 ConfigurationManager, init=-1: [e6b1165a-2e40-428d-b2f2-7ef8f5104c17:192.168.34.27:36204], old=null, confs=<EMPTY_MAP>
2019-09-20 08:26:21,204 [pool-186-thread-1] INFO  server.RaftServerConfigKeys (ConfUtils.java:logGet(43)) - raft.server.storage.dir = [/workdir/hadoop-ozone/ozonefs/target/test-dir/MiniOzoneClusterImpl-4da4ca98-8075-486b-8359-c950a16dd890/datanode-0/data/ratis] (custom)
2019-09-20 08:26:21,204 [pool-186-thread-1] INFO  storage.RaftStorageDirectory (RaftStorageDirectory.java:analyzeStorage(246)) - The storage directory /workdir/hadoop-ozone/ozonefs/target/test-dir/MiniOzoneClusterImpl-4da4ca98-8075-486b-8359-c950a16dd890/datanode-0/data/ratis/3a37e041-22be-4e5c-8b5b-4ee5638b0302 does not exist. Creating ...
2019-09-20 08:26:21,229 [pool-186-thread-1] INFO  storage.RaftStorageDirectory (RaftStorageDirectory.java:tryLock(328)) - Lock on /workdir/hadoop-ozone/ozonefs/target/test-dir/MiniOzoneClusterImpl-4da4ca98-8075-486b-8359-c950a16dd890/datanode-0/data/ratis/3a37e041-22be-4e5c-8b5b-4ee5638b0302/in_use.lock acquired by nodename 28782@pr-hdds-1569-6tbh6-3362816358
2019-09-20 08:26:21,242 [pool-186-thread-1] INFO  storage.RaftStorage (RaftStorage.java:format(72)) - Storage directory /workdir/hadoop-ozone/ozonefs/target/test-dir/MiniOzoneClusterImpl-4da4ca98-8075-486b-8359-c950a16dd890/datanode-0/data/ratis/3a37e041-22be-4e5c-8b5b-4ee5638b0302 has been successfully formatted.
2019-09-20 08:26:21,242 [pool-186-thread-1] INFO  ratis.ContainerStateMachine (ContainerStateMachine.java:loadSnapshot(226)) - group-4EE5638B0302: The snapshot info is null. Setting the last applied indexto:(t:0, i:~)
2019-09-20 08:26:21,243 [pool-186-thread-1] INFO  server.RaftServerConfigKeys (ConfUtils.java:logGet(43)) - raft.server.leader.election.timeout = 120s (custom)
2019-09-20 08:26:21,243 [pool-186-thread-1] INFO  server.RaftServerConfigKeys (ConfUtils.java:logGet(43)) - raft.server.log.use.memory = false (default)
2019-09-20 08:26:21,243 [pool-186-thread-1] INFO  server.RaftServerConfigKeys (ConfUtils.java:logGet(43)) - raft.server.log.purge.gap = 1000000 (custom)
2019-09-20 08:26:21,243 [pool-186-thread-1] INFO  server.RaftServerConfigKeys (ConfUtils.java:logGet(43)) - raft.server.log.appender.buffer.byte-limit = 33554432 (custom)
2019-09-20 08:26:21,243 [pool-186-thread-1] INFO  server.RaftServerConfigKeys (ConfUtils.java:logGet(43)) - raft.server.log.segment.size.max = 1048576 (custom)
2019-09-20 08:26:21,243 [pool-186-thread-1] INFO  server.RaftServerConfigKeys (ConfUtils.java:logGet(43)) - raft.server.log.segment.cache.num.max = 2 (custom)
2019-09-20 08:26:21,243 [pool-186-thread-1] INFO  segmented.SegmentedRaftLogWorker (SegmentedRaftLogWorker.java:<init>(172)) - new e6b1165a-2e40-428d-b2f2-7ef8f5104c17-SegmentedRaftLogWorker:Storage Directory /workdir/hadoop-ozone/ozonefs/target/test-dir/MiniOzoneClusterImpl-4da4ca98-8075-486b-8359-c950a16dd890/datanode-0/data/ratis/3a37e041-22be-4e5c-8b5b-4ee5638b0302 for RaftStorage:Storage Directory /workdir/hadoop-ozone/ozonefs/target/test-dir/MiniOzoneClusterImpl-4da4ca98-8075-486b-8359-c950a16dd890/datanode-0/data/ratis/3a37e041-22be-4e5c-8b5b-4ee5638b0302
2019-09-20 08:26:21,244 [pool-186-thread-1] INFO  server.RaftServerConfigKeys (ConfUtils.java:logGet(43)) - raft.server.log.queue.byte-limit = 2147483647 (custom)
2019-09-20 08:26:21,244 [pool-186-thread-1] INFO  server.RaftServerConfigKeys (ConfUtils.java:logGet(43)) - raft.server.log.queue.element-limit = 1024 (custom)
2019-09-20 08:26:21,244 [pool-186-thread-1] INFO  server.RaftServerConfigKeys (ConfUtils.java:logGet(43)) - raft.server.log.segment.size.max = 1048576 (custom)
2019-09-20 08:26:21,244 [pool-186-thread-1] INFO  server.RaftServerConfigKeys (ConfUtils.java:logGet(43)) - raft.server.log.preallocated.size = 16384 (custom)
2019-09-20 08:26:21,244 [pool-186-thread-1] INFO  server.RaftServerConfigKeys (ConfUtils.java:logGet(43)) - raft.server.log.write.buffer.size = 33554432 (custom)
2019-09-20 08:26:21,244 [pool-186-thread-1] INFO  server.RaftServerConfigKeys (ConfUtils.java:logGet(43)) - raft.server.log.force.sync.num = 128 (default)
2019-09-20 08:26:21,244 [pool-186-thread-1] INFO  server.RaftServerConfigKeys (ConfUtils.java:logGet(43)) - raft.server.log.statemachine.data.sync = true (default)
2019-09-20 08:26:21,244 [pool-186-thread-1] INFO  server.RaftServerConfigKeys (ConfUtils.java:logGet(43)) - raft.server.log.statemachine.data.sync.timeout = 10s (default)
2019-09-20 08:26:21,245 [pool-186-thread-1] INFO  server.RaftServerConfigKeys (ConfUtils.java:logGet(43)) - raft.server.log.statemachine.data.sync.timeout.retry = -1 (default)
2019-09-20 08:26:21,245 [pool-186-thread-1] INFO  server.RaftServerConfigKeys (ConfUtils.java:logGet(43)) - raft.server.log.statemachine.data.caching.enabled = true (custom)
2019-09-20 08:26:21,245 [pool-186-thread-1] INFO  segmented.SegmentedRaftLogWorker (SegmentedRaftLogWorker.java:lambda$new$0(132)) - e6b1165a-2e40-428d-b2f2-7ef8f5104c17-SegmentedRaftLogWorker:Storage Directory /workdir/hadoop-ozone/ozonefs/target/test-dir/MiniOzoneClusterImpl-4da4ca98-8075-486b-8359-c950a16dd890/datanode-0/data/ratis/3a37e041-22be-4e5c-8b5b-4ee5638b0302: flushIndex: setUnconditionally 0 -> -1
2019-09-20 08:26:21,245 [pool-186-thread-1] INFO  server.RaftServerConfigKeys (ConfUtils.java:logGet(43)) - raft.server.snapshot.auto.trigger.enabled = true (custom)
2019-09-20 08:26:21,245 [pool-186-thread-1] INFO  server.RaftServerConfigKeys (ConfUtils.java:logGet(43)) - raft.server.snapshot.auto.trigger.threshold = 10000 (custom)
2019-09-20 08:26:21,246 [pool-186-thread-1] INFO  server.RaftServerConfigKeys (ConfUtils.java:logGet(43)) - raft.server.retrycache.expirytime = 600000ms (custom)
2019-09-20 08:26:21,246 [pool-186-thread-1] INFO  impl.RaftServerImpl (RaftServerImpl.java:start(180)) - e6b1165a-2e40-428d-b2f2-7ef8f5104c17: start group-4EE5638B0302
2019-09-20 08:26:21,246 [pool-186-thread-1] INFO  impl.RaftServerImpl (RaftServerImpl.java:setRole(171)) - e6b1165a-2e40-428d-b2f2-7ef8f5104c17:group-4EE5638B0302 changes role from null to FOLLOWER at term 0 for startAsFollower
2019-09-20 08:26:21,246 [pool-186-thread-1] INFO  impl.RoleInfo (RoleInfo.java:updateAndGet(143)) - e6b1165a-2e40-428d-b2f2-7ef8f5104c17: start FollowerState
2019-09-20 08:26:21,246 [pool-186-thread-1] INFO  util.JmxRegister (JmxRegister.java:tryRegister(44)) - Successfully registered JMX Bean with object name Ratis:service=RaftServer,group=group-4EE5638B0302,id=e6b1165a-2e40-428d-b2f2-7ef8f5104c17
2019-09-20 08:26:21,265 [RatisPipelineUtilsThread] INFO  pipeline.PipelineStateManager (PipelineStateManager.java:addPipeline(56)) - Created pipeline Pipeline[ Id: 3a37e041-22be-4e5c-8b5b-4ee5638b0302, Nodes: e6b1165a-2e40-428d-b2f2-7ef8f5104c17{ip: 192.168.34.27, host: pr-hdds-1569-6tbh6-3362816358, networkLocation: /default-rack, certSerialId: null}, Type:RATIS, Factor:ONE, State:OPEN]
2019-09-20 08:26:21,272 [grpc-default-executor-0] INFO  impl.RaftServerProxy (RaftServerProxy.java:addNew(89)) - e6b1165a-2e40-428d-b2f2-7ef8f5104c17: addNew group-74C4AC80E2A6:[e6b1165a-2e40-428d-b2f2-7ef8f5104c17:192.168.34.27:36204] returns group-74C4AC80E2A6:java.util.concurrent.CompletableFuture@738c2094[Not completed]
2019-09-20 08:26:21,273 [pool-186-thread-1] INFO  impl.RaftServerImpl (RaftServerImpl.java:<init>(93)) - e6b1165a-2e40-428d-b2f2-7ef8f5104c17: new RaftServerImpl for group-74C4AC80E2A6:[e6b1165a-2e40-428d-b2f2-7ef8f5104c17:192.168.34.27:36204] with ContainerStateMachine:uninitialized
2019-09-20 08:26:21,274 [pool-186-thread-1] INFO  server.RaftServerConfigKeys (ConfUtils.java:logGet(43)) - raft.server.rpc.timeout.min = 5s (custom)
2019-09-20 08:26:21,274 [pool-186-thread-1] INFO  server.RaftServerConfigKeys (ConfUtils.java:logGet(43)) - raft.server.rpc.timeout.max = 5200ms (custom)
2019-09-20 08:26:21,274 [pool-186-thread-1] INFO  server.RaftServerConfigKeys (ConfUtils.java:logGet(43)) - raft.server.rpcslowness.timeout = 120s (custom)
2019-09-20 08:26:21,274 [pool-186-thread-1] INFO  server.RaftServerConfigKeys (ConfUtils.java:logGet(43)) - raft.server.sleep.deviation.threshold = 300 (default)
2019-09-20 08:26:21,274 [pool-186-thread-1] INFO  server.RaftServerConfigKeys (ConfUtils.java:logGet(43)) - raft.server.log.appender.install.snapshot.enabled = false (custom)
2019-09-20 08:26:21,274 [pool-186-thread-1] INFO  impl.RaftServerImpl (ServerState.java:<init>(105)) - e6b1165a-2e40-428d-b2f2-7ef8f5104c17:group-74C4AC80E2A6 ConfigurationManager, init=-1: [e6b1165a-2e40-428d-b2f2-7ef8f5104c17:192.168.34.27:36204], old=null, confs=<EMPTY_MAP>
2019-09-20 08:26:21,274 [pool-186-thread-1] INFO  server.RaftServerConfigKeys (ConfUtils.java:logGet(43)) - raft.server.storage.dir = [/workdir/hadoop-ozone/ozonefs/target/test-dir/MiniOzoneClusterImpl-4da4ca98-8075-486b-8359-c950a16dd890/datanode-0/data/ratis] (custom)
2019-09-20 08:26:21,274 [pool-186-thread-1] INFO  storage.RaftStorageDirectory (RaftStorageDirectory.java:analyzeStorage(246)) - The storage directory /workdir/hadoop-ozone/ozonefs/target/test-dir/MiniOzoneClusterImpl-4da4ca98-8075-486b-8359-c950a16dd890/datanode-0/data/ratis/842231cd-7715-4915-8813-74c4ac80e2a6 does not exist. Creating ...
2019-09-20 08:26:21,299 [pool-186-thread-1] INFO  storage.RaftStorageDirectory (RaftStorageDirectory.java:tryLock(328)) - Lock on /workdir/hadoop-ozone/ozonefs/target/test-dir/MiniOzoneClusterImpl-4da4ca98-8075-486b-8359-c950a16dd890/datanode-0/data/ratis/842231cd-7715-4915-8813-74c4ac80e2a6/in_use.lock acquired by nodename 28782@pr-hdds-1569-6tbh6-3362816358
2019-09-20 08:26:21,312 [pool-186-thread-1] INFO  storage.RaftStorage (RaftStorage.java:format(72)) - Storage directory /workdir/hadoop-ozone/ozonefs/target/test-dir/MiniOzoneClusterImpl-4da4ca98-8075-486b-8359-c950a16dd890/datanode-0/data/ratis/842231cd-7715-4915-8813-74c4ac80e2a6 has been successfully formatted.
2019-09-20 08:26:21,312 [pool-186-thread-1] INFO  ratis.ContainerStateMachine (ContainerStateMachine.java:loadSnapshot(226)) - group-74C4AC80E2A6: The snapshot info is null. Setting the last applied indexto:(t:0, i:~)
2019-09-20 08:26:21,312 [pool-186-thread-1] INFO  server.RaftServerConfigKeys (ConfUtils.java:logGet(43)) - raft.server.leader.election.timeout = 120s (custom)
2019-09-20 08:26:21,312 [pool-186-thread-1] INFO  server.RaftServerConfigKeys (ConfUtils.java:logGet(43)) - raft.server.log.use.memory = false (default)
2019-09-20 08:26:21,313 [pool-186-thread-1] INFO  server.RaftServerConfigKeys (ConfUtils.java:logGet(43)) - raft.server.log.purge.gap = 1000000 (custom)
2019-09-20 08:26:21,313 [pool-186-thread-1] INFO  server.RaftServerConfigKeys (ConfUtils.java:logGet(43)) - raft.server.log.appender.buffer.byte-limit = 33554432 (custom)
2019-09-20 08:26:21,313 [pool-186-thread-1] INFO  server.RaftServerConfigKeys (ConfUtils.java:logGet(43)) - raft.server.log.segment.size.max = 1048576 (custom)
2019-09-20 08:26:21,313 [pool-186-thread-1] INFO  server.RaftServerConfigKeys (ConfUtils.java:logGet(43)) - raft.server.log.segment.cache.num.max = 2 (custom)
2019-09-20 08:26:21,313 [pool-186-thread-1] INFO  segmented.SegmentedRaftLogWorker (SegmentedRaftLogWorker.java:<init>(172)) - new e6b1165a-2e40-428d-b2f2-7ef8f5104c17-SegmentedRaftLogWorker:Storage Directory /workdir/hadoop-ozone/ozonefs/target/test-dir/MiniOzoneClusterImpl-4da4ca98-8075-486b-8359-c950a16dd890/datanode-0/data/ratis/842231cd-7715-4915-8813-74c4ac80e2a6 for RaftStorage:Storage Directory /workdir/hadoop-ozone/ozonefs/target/test-dir/MiniOzoneClusterImpl-4da4ca98-8075-486b-8359-c950a16dd890/datanode-0/data/ratis/842231cd-7715-4915-8813-74c4ac80e2a6
2019-09-20 08:26:21,313 [pool-186-thread-1] INFO  server.RaftServerConfigKeys (ConfUtils.java:logGet(43)) - raft.server.log.queue.byte-limit = 2147483647 (custom)
2019-09-20 08:26:21,314 [pool-186-thread-1] INFO  server.RaftServerConfigKeys (ConfUtils.java:logGet(43)) - raft.server.log.queue.element-limit = 1024 (custom)
2019-09-20 08:26:21,314 [pool-186-thread-1] INFO  server.RaftServerConfigKeys (ConfUtils.java:logGet(43)) - raft.server.log.segment.size.max = 1048576 (custom)
2019-09-20 08:26:21,314 [pool-186-thread-1] INFO  server.RaftServerConfigKeys (ConfUtils.java:logGet(43)) - raft.server.log.preallocated.size = 16384 (custom)
2019-09-20 08:26:21,314 [pool-186-thread-1] INFO  server.RaftServerConfigKeys (ConfUtils.java:logGet(43)) - raft.server.log.write.buffer.size = 33554432 (custom)
2019-09-20 08:26:21,314 [pool-186-thread-1] INFO  server.RaftServerConfigKeys (ConfUtils.java:logGet(43)) - raft.server.log.force.sync.num = 128 (default)
2019-09-20 08:26:21,314 [pool-186-thread-1] INFO  server.RaftServerConfigKeys (ConfUtils.java:logGet(43)) - raft.server.log.statemachine.data.sync = true (default)
2019-09-20 08:26:21,315 [pool-186-thread-1] INFO  server.RaftServerConfigKeys (ConfUtils.java:logGet(43)) - raft.server.log.statemachine.data.sync.timeout = 10s (default)
2019-09-20 08:26:21,315 [pool-186-thread-1] INFO  server.RaftServerConfigKeys (ConfUtils.java:logGet(43)) - raft.server.log.statemachine.data.sync.timeout.retry = -1 (default)
2019-09-20 08:26:21,315 [pool-186-thread-1] INFO  server.RaftServerConfigKeys (ConfUtils.java:logGet(43)) - raft.server.log.statemachine.data.caching.enabled = true (custom)
2019-09-20 08:26:21,315 [pool-186-thread-1] INFO  segmented.SegmentedRaftLogWorker (SegmentedRaftLogWorker.java:lambda$new$0(132)) - e6b1165a-2e40-428d-b2f2-7ef8f5104c17-SegmentedRaftLogWorker:Storage Directory /workdir/hadoop-ozone/ozonefs/target/test-dir/MiniOzoneClusterImpl-4da4ca98-8075-486b-8359-c950a16dd890/datanode-0/data/ratis/842231cd-7715-4915-8813-74c4ac80e2a6: flushIndex: setUnconditionally 0 -> -1
2019-09-20 08:26:21,316 [pool-186-thread-1] INFO  server.RaftServerConfigKeys (ConfUtils.java:logGet(43)) - raft.server.snapshot.auto.trigger.enabled = true (custom)
2019-09-20 08:26:21,316 [pool-186-thread-1] INFO  server.RaftServerConfigKeys (ConfUtils.java:logGet(43)) - raft.server.snapshot.auto.trigger.threshold = 10000 (custom)
2019-09-20 08:26:21,316 [pool-186-thread-1] INFO  server.RaftServerConfigKeys (ConfUtils.java:logGet(43)) - raft.server.retrycache.expirytime = 600000ms (custom)
2019-09-20 08:26:21,316 [pool-186-thread-1] INFO  impl.RaftServerImpl (RaftServerImpl.java:start(180)) - e6b1165a-2e40-428d-b2f2-7ef8f5104c17: start group-74C4AC80E2A6
2019-09-20 08:26:21,316 [pool-186-thread-1] INFO  impl.RaftServerImpl (RaftServerImpl.java:setRole(171)) - e6b1165a-2e40-428d-b2f2-7ef8f5104c17:group-74C4AC80E2A6 changes role from null to FOLLOWER at term 0 for startAsFollower
2019-09-20 08:26:21,317 [pool-186-thread-1] INFO  impl.RoleInfo (RoleInfo.java:updateAndGet(143)) - e6b1165a-2e40-428d-b2f2-7ef8f5104c17: start FollowerState
2019-09-20 08:26:21,317 [pool-186-thread-1] INFO  util.JmxRegister (JmxRegister.java:tryRegister(44)) - Successfully registered JMX Bean with object name Ratis:service=RaftServer,group=group-74C4AC80E2A6,id=e6b1165a-2e40-428d-b2f2-7ef8f5104c17
2019-09-20 08:26:21,320 [RatisPipelineUtilsThread] INFO  pipeline.PipelineStateManager (PipelineStateManager.java:addPipeline(56)) - Created pipeline Pipeline[ Id: 842231cd-7715-4915-8813-74c4ac80e2a6, Nodes: e6b1165a-2e40-428d-b2f2-7ef8f5104c17{ip: 192.168.34.27, host: pr-hdds-1569-6tbh6-3362816358, networkLocation: /default-rack, certSerialId: null}, Type:RATIS, Factor:ONE, State:OPEN]
2019-09-20 08:26:21,326 [grpc-default-executor-0] INFO  impl.RaftServerProxy (RaftServerProxy.java:addNew(89)) - e6b1165a-2e40-428d-b2f2-7ef8f5104c17: addNew group-1628F8532DF5:[e6b1165a-2e40-428d-b2f2-7ef8f5104c17:192.168.34.27:36204] returns group-1628F8532DF5:java.util.concurrent.CompletableFuture@22ab7ed7[Not completed]
2019-09-20 08:26:21,327 [pool-186-thread-1] INFO  impl.RaftServerImpl (RaftServerImpl.java:<init>(93)) - e6b1165a-2e40-428d-b2f2-7ef8f5104c17: new RaftServerImpl for group-1628F8532DF5:[e6b1165a-2e40-428d-b2f2-7ef8f5104c17:192.168.34.27:36204] with ContainerStateMachine:uninitialized
2019-09-20 08:26:21,327 [pool-186-thread-1] INFO  server.RaftServerConfigKeys (ConfUtils.java:logGet(43)) - raft.server.rpc.timeout.min = 5s (custom)
2019-09-20 08:26:21,328 [pool-186-thread-1] INFO  server.RaftServerConfigKeys (ConfUtils.java:logGet(43)) - raft.server.rpc.timeout.max = 5200ms (custom)
2019-09-20 08:26:21,328 [pool-186-thread-1] INFO  server.RaftServerConfigKeys (ConfUtils.java:logGet(43)) - raft.server.rpcslowness.timeout = 120s (custom)
2019-09-20 08:26:21,328 [pool-186-thread-1] INFO  server.RaftServerConfigKeys (ConfUtils.java:logGet(43)) - raft.server.sleep.deviation.threshold = 300 (default)
2019-09-20 08:26:21,328 [pool-186-thread-1] INFO  server.RaftServerConfigKeys (ConfUtils.java:logGet(43)) - raft.server.log.appender.install.snapshot.enabled = false (custom)
2019-09-20 08:26:21,328 [pool-186-thread-1] INFO  impl.RaftServerImpl (ServerState.java:<init>(105)) - e6b1165a-2e40-428d-b2f2-7ef8f5104c17:group-1628F8532DF5 ConfigurationManager, init=-1: [e6b1165a-2e40-428d-b2f2-7ef8f5104c17:192.168.34.27:36204], old=null, confs=<EMPTY_MAP>
2019-09-20 08:26:21,328 [pool-186-thread-1] INFO  server.RaftServerConfigKeys (ConfUtils.java:logGet(43)) - raft.server.storage.dir = [/workdir/hadoop-ozone/ozonefs/target/test-dir/MiniOzoneClusterImpl-4da4ca98-8075-486b-8359-c950a16dd890/datanode-0/data/ratis] (custom)
2019-09-20 08:26:21,329 [pool-186-thread-1] INFO  storage.RaftStorageDirectory (RaftStorageDirectory.java:analyzeStorage(246)) - The storage directory /workdir/hadoop-ozone/ozonefs/target/test-dir/MiniOzoneClusterImpl-4da4ca98-8075-486b-8359-c950a16dd890/datanode-0/data/ratis/7519783a-092d-44f1-866a-1628f8532df5 does not exist. Creating ...
2019-09-20 08:26:21,353 [pool-186-thread-1] INFO  storage.RaftStorageDirectory (RaftStorageDirectory.java:tryLock(328)) - Lock on /workdir/hadoop-ozone/ozonefs/target/test-dir/MiniOzoneClusterImpl-4da4ca98-8075-486b-8359-c950a16dd890/datanode-0/data/ratis/7519783a-092d-44f1-866a-1628f8532df5/in_use.lock acquired by nodename 28782@pr-hdds-1569-6tbh6-3362816358
2019-09-20 08:26:21,366 [pool-186-thread-1] INFO  storage.RaftStorage (RaftStorage.java:format(72)) - Storage directory /workdir/hadoop-ozone/ozonefs/target/test-dir/MiniOzoneClusterImpl-4da4ca98-8075-486b-8359-c950a16dd890/datanode-0/data/ratis/7519783a-092d-44f1-866a-1628f8532df5 has been successfully formatted.
2019-09-20 08:26:21,367 [pool-186-thread-1] INFO  ratis.ContainerStateMachine (ContainerStateMachine.java:loadSnapshot(226)) - group-1628F8532DF5: The snapshot info is null. Setting the last applied indexto:(t:0, i:~)
2019-09-20 08:26:21,367 [pool-186-thread-1] INFO  server.RaftServerConfigKeys (ConfUtils.java:logGet(43)) - raft.server.leader.election.timeout = 120s (custom)
2019-09-20 08:26:21,367 [pool-186-thread-1] INFO  server.RaftServerConfigKeys (ConfUtils.java:logGet(43)) - raft.server.log.use.memory = false (default)
2019-09-20 08:26:21,367 [pool-186-thread-1] INFO  server.RaftServerConfigKeys (ConfUtils.java:logGet(43)) - raft.server.log.purge.gap = 1000000 (custom)
2019-09-20 08:26:21,367 [pool-186-thread-1] INFO  server.RaftServerConfigKeys (ConfUtils.java:logGet(43)) - raft.server.log.appender.buffer.byte-limit = 33554432 (custom)
2019-09-20 08:26:21,368 [pool-186-thread-1] INFO  server.RaftServerConfigKeys (ConfUtils.java:logGet(43)) - raft.server.log.segment.size.max = 1048576 (custom)
2019-09-20 08:26:21,368 [pool-186-thread-1] INFO  server.RaftServerConfigKeys (ConfUtils.java:logGet(43)) - raft.server.log.segment.cache.num.max = 2 (custom)
2019-09-20 08:26:21,368 [pool-186-thread-1] INFO  segmented.SegmentedRaftLogWorker (SegmentedRaftLogWorker.java:<init>(172)) - new e6b1165a-2e40-428d-b2f2-7ef8f5104c17-SegmentedRaftLogWorker:Storage Directory /workdir/hadoop-ozone/ozonefs/target/test-dir/MiniOzoneClusterImpl-4da4ca98-8075-486b-8359-c950a16dd890/datanode-0/data/ratis/7519783a-092d-44f1-866a-1628f8532df5 for RaftStorage:Storage Directory /workdir/hadoop-ozone/ozonefs/target/test-dir/MiniOzoneClusterImpl-4da4ca98-8075-486b-8359-c950a16dd890/datanode-0/data/ratis/7519783a-092d-44f1-866a-1628f8532df5
2019-09-20 08:26:21,368 [pool-186-thread-1] INFO  server.RaftServerConfigKeys (ConfUtils.java:logGet(43)) - raft.server.log.queue.byte-limit = 2147483647 (custom)
2019-09-20 08:26:21,368 [pool-186-thread-1] INFO  server.RaftServerConfigKeys (ConfUtils.java:logGet(43)) - raft.server.log.queue.element-limit = 1024 (custom)
2019-09-20 08:26:21,369 [pool-186-thread-1] INFO  server.RaftServerConfigKeys (ConfUtils.java:logGet(43)) - raft.server.log.segment.size.max = 1048576 (custom)
2019-09-20 08:26:21,369 [pool-186-thread-1] INFO  server.RaftServerConfigKeys (ConfUtils.java:logGet(43)) - raft.server.log.preallocated.size = 16384 (custom)
2019-09-20 08:26:21,369 [pool-186-thread-1] INFO  server.RaftServerConfigKeys (ConfUtils.java:logGet(43)) - raft.server.log.write.buffer.size = 33554432 (custom)
2019-09-20 08:26:21,369 [pool-186-thread-1] INFO  server.RaftServerConfigKeys (ConfUtils.java:logGet(43)) - raft.server.log.force.sync.num = 128 (default)
2019-09-20 08:26:21,369 [pool-186-thread-1] INFO  server.RaftServerConfigKeys (ConfUtils.java:logGet(43)) - raft.server.log.statemachine.data.sync = true (default)
2019-09-20 08:26:21,369 [pool-186-thread-1] INFO  server.RaftServerConfigKeys (ConfUtils.java:logGet(43)) - raft.server.log.statemachine.data.sync.timeout = 10s (default)
2019-09-20 08:26:21,370 [pool-186-thread-1] INFO  server.RaftServerConfigKeys (ConfUtils.java:logGet(43)) - raft.server.log.statemachine.data.sync.timeout.retry = -1 (default)
2019-09-20 08:26:21,370 [pool-186-thread-1] INFO  server.RaftServerConfigKeys (ConfUtils.java:logGet(43)) - raft.server.log.statemachine.data.caching.enabled = true (custom)
2019-09-20 08:26:21,371 [pool-186-thread-1] INFO  segmented.SegmentedRaftLogWorker (SegmentedRaftLogWorker.java:lambda$new$0(132)) - e6b1165a-2e40-428d-b2f2-7ef8f5104c17-SegmentedRaftLogWorker:Storage Directory /workdir/hadoop-ozone/ozonefs/target/test-dir/MiniOzoneClusterImpl-4da4ca98-8075-486b-8359-c950a16dd890/datanode-0/data/ratis/7519783a-092d-44f1-866a-1628f8532df5: flushIndex: setUnconditionally 0 -> -1
2019-09-20 08:26:21,371 [pool-186-thread-1] INFO  server.RaftServerConfigKeys (ConfUtils.java:logGet(43)) - raft.server.snapshot.auto.trigger.enabled = true (custom)
2019-09-20 08:26:21,372 [pool-186-thread-1] INFO  server.RaftServerConfigKeys (ConfUtils.java:logGet(43)) - raft.server.snapshot.auto.trigger.threshold = 10000 (custom)
2019-09-20 08:26:21,372 [pool-186-thread-1] INFO  server.RaftServerConfigKeys (ConfUtils.java:logGet(43)) - raft.server.retrycache.expirytime = 600000ms (custom)
2019-09-20 08:26:21,372 [pool-186-thread-1] INFO  impl.RaftServerImpl (RaftServerImpl.java:start(180)) - e6b1165a-2e40-428d-b2f2-7ef8f5104c17: start group-1628F8532DF5
2019-09-20 08:26:21,373 [pool-186-thread-1] INFO  impl.RaftServerImpl (RaftServerImpl.java:setRole(171)) - e6b1165a-2e40-428d-b2f2-7ef8f5104c17:group-1628F8532DF5 changes role from null to FOLLOWER at term 0 for startAsFollower
2019-09-20 08:26:21,373 [pool-186-thread-1] INFO  impl.RoleInfo (RoleInfo.java:updateAndGet(143)) - e6b1165a-2e40-428d-b2f2-7ef8f5104c17: start FollowerState
2019-09-20 08:26:21,374 [pool-186-thread-1] INFO  util.JmxRegister (JmxRegister.java:tryRegister(44)) - Successfully registered JMX Bean with object name Ratis:service=RaftServer,group=group-1628F8532DF5,id=e6b1165a-2e40-428d-b2f2-7ef8f5104c17
2019-09-20 08:26:21,378 [RatisPipelineUtilsThread] INFO  pipeline.PipelineStateManager (PipelineStateManager.java:addPipeline(56)) - Created pipeline Pipeline[ Id: 7519783a-092d-44f1-866a-1628f8532df5, Nodes: e6b1165a-2e40-428d-b2f2-7ef8f5104c17{ip: 192.168.34.27, host: pr-hdds-1569-6tbh6-3362816358, networkLocation: /default-rack, certSerialId: null}, Type:RATIS, Factor:ONE, State:OPEN]
2019-09-20 08:26:21,388 [grpc-default-executor-0] INFO  impl.RaftServerProxy (RaftServerProxy.java:addNew(89)) - e6b1165a-2e40-428d-b2f2-7ef8f5104c17: addNew group-1658805228FC:[e6b1165a-2e40-428d-b2f2-7ef8f5104c17:192.168.34.27:36204] returns group-1658805228FC:java.util.concurrent.CompletableFuture@369180e7[Not completed]
2019-09-20 08:26:21,390 [pool-186-thread-1] INFO  impl.RaftServerImpl (RaftServerImpl.java:<init>(93)) - e6b1165a-2e40-428d-b2f2-7ef8f5104c17: new RaftServerImpl for group-1658805228FC:[e6b1165a-2e40-428d-b2f2-7ef8f5104c17:192.168.34.27:36204] with ContainerStateMachine:uninitialized
2019-09-20 08:26:21,390 [pool-186-thread-1] INFO  server.RaftServerConfigKeys (ConfUtils.java:logGet(43)) - raft.server.rpc.timeout.min = 5s (custom)
2019-09-20 08:26:21,390 [pool-186-thread-1] INFO  server.RaftServerConfigKeys (ConfUtils.java:logGet(43)) - raft.server.rpc.timeout.max = 5200ms (custom)
2019-09-20 08:26:21,390 [pool-186-thread-1] INFO  server.RaftServerConfigKeys (ConfUtils.java:logGet(43)) - raft.server.rpcslowness.timeout = 120s (custom)
2019-09-20 08:26:21,391 [pool-186-thread-1] INFO  server.RaftServerConfigKeys (ConfUtils.java:logGet(43)) - raft.server.sleep.deviation.threshold = 300 (default)
2019-09-20 08:26:21,391 [pool-186-thread-1] INFO  server.RaftServerConfigKeys (ConfUtils.java:logGet(43)) - raft.server.log.appender.install.snapshot.enabled = false (custom)
2019-09-20 08:26:21,391 [pool-186-thread-1] INFO  impl.RaftServerImpl (ServerState.java:<init>(105)) - e6b1165a-2e40-428d-b2f2-7ef8f5104c17:group-1658805228FC ConfigurationManager, init=-1: [e6b1165a-2e40-428d-b2f2-7ef8f5104c17:192.168.34.27:36204], old=null, confs=<EMPTY_MAP>
2019-09-20 08:26:21,391 [pool-186-thread-1] INFO  server.RaftServerConfigKeys (ConfUtils.java:logGet(43)) - raft.server.storage.dir = [/workdir/hadoop-ozone/ozonefs/target/test-dir/MiniOzoneClusterImpl-4da4ca98-8075-486b-8359-c950a16dd890/datanode-0/data/ratis] (custom)
2019-09-20 08:26:21,392 [pool-186-thread-1] INFO  storage.RaftStorageDirectory (RaftStorageDirectory.java:analyzeStorage(246)) - The storage directory /workdir/hadoop-ozone/ozonefs/target/test-dir/MiniOzoneClusterImpl-4da4ca98-8075-486b-8359-c950a16dd890/datanode-0/data/ratis/22b52a6b-1c1d-4cc4-897a-1658805228fc does not exist. Creating ...
2019-09-20 08:26:21,405 [pool-186-thread-1] INFO  storage.RaftStorageDirectory (RaftStorageDirectory.java:tryLock(328)) - Lock on /workdir/hadoop-ozone/ozonefs/target/test-dir/MiniOzoneClusterImpl-4da4ca98-8075-486b-8359-c950a16dd890/datanode-0/data/ratis/22b52a6b-1c1d-4cc4-897a-1658805228fc/in_use.lock acquired by nodename 28782@pr-hdds-1569-6tbh6-3362816358
2019-09-20 08:26:21,414 [IPC Server handler 0 on 36024] INFO  net.NetworkTopology (NetworkTopologyImpl.java:add(110)) - Added a new node: /default-rack/de37e2fb-a650-4b9c-bc67-7b250b0aee85
2019-09-20 08:26:21,414 [IPC Server handler 0 on 36024] INFO  node.SCMNodeManager (SCMNodeManager.java:register(273)) - Registered Data node : de37e2fb-a650-4b9c-bc67-7b250b0aee85{ip: 192.168.34.27, host: pr-hdds-1569-6tbh6-3362816358, networkLocation: /default-rack, certSerialId: null}
2019-09-20 08:26:21,415 | INFO  | SCMAudit | user=jenkins1000 | ip=192.168.34.27 | op=REGISTER {datanodeDetails=de37e2fb-a650-4b9c-bc67-7b250b0aee85{ip: 192.168.34.27, host: pr-hdds-1569-6tbh6-3362816358, networkLocation: /default-rack, certSerialId: null}} | ret=SUCCESS |  
2019-09-20 08:26:21,418 [pool-186-thread-1] INFO  storage.RaftStorage (RaftStorage.java:format(72)) - Storage directory /workdir/hadoop-ozone/ozonefs/target/test-dir/MiniOzoneClusterImpl-4da4ca98-8075-486b-8359-c950a16dd890/datanode-0/data/ratis/22b52a6b-1c1d-4cc4-897a-1658805228fc has been successfully formatted.
2019-09-20 08:26:21,418 [pool-186-thread-1] INFO  ratis.ContainerStateMachine (ContainerStateMachine.java:loadSnapshot(226)) - group-1658805228FC: The snapshot info is null. Setting the last applied indexto:(t:0, i:~)
2019-09-20 08:26:21,418 [pool-186-thread-1] INFO  server.RaftServerConfigKeys (ConfUtils.java:logGet(43)) - raft.server.leader.election.timeout = 120s (custom)
2019-09-20 08:26:21,418 [pool-186-thread-1] INFO  server.RaftServerConfigKeys (ConfUtils.java:logGet(43)) - raft.server.log.use.memory = false (default)
2019-09-20 08:26:21,419 [pool-186-thread-1] INFO  server.RaftServerConfigKeys (ConfUtils.java:logGet(43)) - raft.server.log.purge.gap = 1000000 (custom)
2019-09-20 08:26:21,419 [pool-186-thread-1] INFO  server.RaftServerConfigKeys (ConfUtils.java:logGet(43)) - raft.server.log.appender.buffer.byte-limit = 33554432 (custom)
2019-09-20 08:26:21,419 [pool-186-thread-1] INFO  server.RaftServerConfigKeys (ConfUtils.java:logGet(43)) - raft.server.log.segment.size.max = 1048576 (custom)
2019-09-20 08:26:21,419 [pool-186-thread-1] INFO  server.RaftServerConfigKeys (ConfUtils.java:logGet(43)) - raft.server.log.segment.cache.num.max = 2 (custom)
2019-09-20 08:26:21,419 [pool-186-thread-1] INFO  segmented.SegmentedRaftLogWorker (SegmentedRaftLogWorker.java:<init>(172)) - new e6b1165a-2e40-428d-b2f2-7ef8f5104c17-SegmentedRaftLogWorker:Storage Directory /workdir/hadoop-ozone/ozonefs/target/test-dir/MiniOzoneClusterImpl-4da4ca98-8075-486b-8359-c950a16dd890/datanode-0/data/ratis/22b52a6b-1c1d-4cc4-897a-1658805228fc for RaftStorage:Storage Directory /workdir/hadoop-ozone/ozonefs/target/test-dir/MiniOzoneClusterImpl-4da4ca98-8075-486b-8359-c950a16dd890/datanode-0/data/ratis/22b52a6b-1c1d-4cc4-897a-1658805228fc
2019-09-20 08:26:21,419 [pool-186-thread-1] INFO  server.RaftServerConfigKeys (ConfUtils.java:logGet(43)) - raft.server.log.queue.byte-limit = 2147483647 (custom)
2019-09-20 08:26:21,420 [pool-186-thread-1] INFO  server.RaftServerConfigKeys (ConfUtils.java:logGet(43)) - raft.server.log.queue.element-limit = 1024 (custom)
2019-09-20 08:26:21,420 [pool-186-thread-1] INFO  server.RaftServerConfigKeys (ConfUtils.java:logGet(43)) - raft.server.log.segment.size.max = 1048576 (custom)
2019-09-20 08:26:21,420 [pool-186-thread-1] INFO  server.RaftServerConfigKeys (ConfUtils.java:logGet(43)) - raft.server.log.preallocated.size = 16384 (custom)
2019-09-20 08:26:21,420 [pool-186-thread-1] INFO  server.RaftServerConfigKeys (ConfUtils.java:logGet(43)) - raft.server.log.write.buffer.size = 33554432 (custom)
2019-09-20 08:26:21,420 [pool-186-thread-1] INFO  server.RaftServerConfigKeys (ConfUtils.java:logGet(43)) - raft.server.log.force.sync.num = 128 (default)
2019-09-20 08:26:21,420 [pool-186-thread-1] INFO  server.RaftServerConfigKeys (ConfUtils.java:logGet(43)) - raft.server.log.statemachine.data.sync = true (default)
2019-09-20 08:26:21,421 [pool-186-thread-1] INFO  server.RaftServerConfigKeys (ConfUtils.java:logGet(43)) - raft.server.log.statemachine.data.sync.timeout = 10s (default)
2019-09-20 08:26:21,421 [pool-186-thread-1] INFO  server.RaftServerConfigKeys (ConfUtils.java:logGet(43)) - raft.server.log.statemachine.data.sync.timeout.retry = -1 (default)
2019-09-20 08:26:21,421 [pool-186-thread-1] INFO  server.RaftServerConfigKeys (ConfUtils.java:logGet(43)) - raft.server.log.statemachine.data.caching.enabled = true (custom)
2019-09-20 08:26:21,421 [pool-186-thread-1] INFO  segmented.SegmentedRaftLogWorker (SegmentedRaftLogWorker.java:lambda$new$0(132)) - e6b1165a-2e40-428d-b2f2-7ef8f5104c17-SegmentedRaftLogWorker:Storage Directory /workdir/hadoop-ozone/ozonefs/target/test-dir/MiniOzoneClusterImpl-4da4ca98-8075-486b-8359-c950a16dd890/datanode-0/data/ratis/22b52a6b-1c1d-4cc4-897a-1658805228fc: flushIndex: setUnconditionally 0 -> -1
2019-09-20 08:26:21,422 [pool-186-thread-1] INFO  server.RaftServerConfigKeys (ConfUtils.java:logGet(43)) - raft.server.snapshot.auto.trigger.enabled = true (custom)
2019-09-20 08:26:21,422 [pool-186-thread-1] INFO  server.RaftServerConfigKeys (ConfUtils.java:logGet(43)) - raft.server.snapshot.auto.trigger.threshold = 10000 (custom)
2019-09-20 08:26:21,422 [pool-186-thread-1] INFO  server.RaftServerConfigKeys (ConfUtils.java:logGet(43)) - raft.server.retrycache.expirytime = 600000ms (custom)
2019-09-20 08:26:21,422 [pool-186-thread-1] INFO  impl.RaftServerImpl (RaftServerImpl.java:start(180)) - e6b1165a-2e40-428d-b2f2-7ef8f5104c17: start group-1658805228FC
2019-09-20 08:26:21,423 [pool-186-thread-1] INFO  impl.RaftServerImpl (RaftServerImpl.java:setRole(171)) - e6b1165a-2e40-428d-b2f2-7ef8f5104c17:group-1658805228FC changes role from null to FOLLOWER at term 0 for startAsFollower
2019-09-20 08:26:21,423 [pool-186-thread-1] INFO  impl.RoleInfo (RoleInfo.java:updateAndGet(143)) - e6b1165a-2e40-428d-b2f2-7ef8f5104c17: start FollowerState
2019-09-20 08:26:21,423 [pool-186-thread-1] INFO  util.JmxRegister (JmxRegister.java:tryRegister(44)) - Successfully registered JMX Bean with object name Ratis:service=RaftServer,group=group-1658805228FC,id=e6b1165a-2e40-428d-b2f2-7ef8f5104c17
2019-09-20 08:26:21,427 [RatisPipelineUtilsThread] INFO  pipeline.PipelineStateManager (PipelineStateManager.java:addPipeline(56)) - Created pipeline Pipeline[ Id: 22b52a6b-1c1d-4cc4-897a-1658805228fc, Nodes: e6b1165a-2e40-428d-b2f2-7ef8f5104c17{ip: 192.168.34.27, host: pr-hdds-1569-6tbh6-3362816358, networkLocation: /default-rack, certSerialId: null}, Type:RATIS, Factor:ONE, State:OPEN]
2019-09-20 08:26:21,433 [grpc-default-executor-0] INFO  impl.RaftServerProxy (RaftServerProxy.java:addNew(89)) - e6b1165a-2e40-428d-b2f2-7ef8f5104c17: addNew group-2A6B1893380B:[e6b1165a-2e40-428d-b2f2-7ef8f5104c17:192.168.34.27:36204] returns group-2A6B1893380B:java.util.concurrent.CompletableFuture@26e5a0d5[Not completed]
2019-09-20 08:26:21,436 [pool-186-thread-1] INFO  impl.RaftServerImpl (RaftServerImpl.java:<init>(93)) - e6b1165a-2e40-428d-b2f2-7ef8f5104c17: new RaftServerImpl for group-2A6B1893380B:[e6b1165a-2e40-428d-b2f2-7ef8f5104c17:192.168.34.27:36204] with ContainerStateMachine:uninitialized
2019-09-20 08:26:21,436 [pool-186-thread-1] INFO  server.RaftServerConfigKeys (ConfUtils.java:logGet(43)) - raft.server.rpc.timeout.min = 5s (custom)
2019-09-20 08:26:21,436 [pool-186-thread-1] INFO  server.RaftServerConfigKeys (ConfUtils.java:logGet(43)) - raft.server.rpc.timeout.max = 5200ms (custom)
2019-09-20 08:26:21,436 [pool-186-thread-1] INFO  server.RaftServerConfigKeys (ConfUtils.java:logGet(43)) - raft.server.rpcslowness.timeout = 120s (custom)
2019-09-20 08:26:21,436 [pool-186-thread-1] INFO  server.RaftServerConfigKeys (ConfUtils.java:logGet(43)) - raft.server.sleep.deviation.threshold = 300 (default)
2019-09-20 08:26:21,436 [pool-186-thread-1] INFO  server.RaftServerConfigKeys (ConfUtils.java:logGet(43)) - raft.server.log.appender.install.snapshot.enabled = false (custom)
2019-09-20 08:26:21,437 [pool-186-thread-1] INFO  impl.RaftServerImpl (ServerState.java:<init>(105)) - e6b1165a-2e40-428d-b2f2-7ef8f5104c17:group-2A6B1893380B ConfigurationManager, init=-1: [e6b1165a-2e40-428d-b2f2-7ef8f5104c17:192.168.34.27:36204], old=null, confs=<EMPTY_MAP>
2019-09-20 08:26:21,437 [pool-186-thread-1] INFO  server.RaftServerConfigKeys (ConfUtils.java:logGet(43)) - raft.server.storage.dir = [/workdir/hadoop-ozone/ozonefs/target/test-dir/MiniOzoneClusterImpl-4da4ca98-8075-486b-8359-c950a16dd890/datanode-0/data/ratis] (custom)
2019-09-20 08:26:21,437 [pool-186-thread-1] INFO  storage.RaftStorageDirectory (RaftStorageDirectory.java:analyzeStorage(246)) - The storage directory /workdir/hadoop-ozone/ozonefs/target/test-dir/MiniOzoneClusterImpl-4da4ca98-8075-486b-8359-c950a16dd890/datanode-0/data/ratis/18f26269-f8cf-4347-bb9a-2a6b1893380b does not exist. Creating ...
2019-09-20 08:26:21,450 [pool-186-thread-1] INFO  storage.RaftStorageDirectory (RaftStorageDirectory.java:tryLock(328)) - Lock on /workdir/hadoop-ozone/ozonefs/target/test-dir/MiniOzoneClusterImpl-4da4ca98-8075-486b-8359-c950a16dd890/datanode-0/data/ratis/18f26269-f8cf-4347-bb9a-2a6b1893380b/in_use.lock acquired by nodename 28782@pr-hdds-1569-6tbh6-3362816358
2019-09-20 08:26:21,463 [pool-186-thread-1] INFO  storage.RaftStorage (RaftStorage.java:format(72)) - Storage directory /workdir/hadoop-ozone/ozonefs/target/test-dir/MiniOzoneClusterImpl-4da4ca98-8075-486b-8359-c950a16dd890/datanode-0/data/ratis/18f26269-f8cf-4347-bb9a-2a6b1893380b has been successfully formatted.
2019-09-20 08:26:21,463 [pool-186-thread-1] INFO  ratis.ContainerStateMachine (ContainerStateMachine.java:loadSnapshot(226)) - group-2A6B1893380B: The snapshot info is null. Setting the last applied indexto:(t:0, i:~)
2019-09-20 08:26:21,464 [pool-186-thread-1] INFO  server.RaftServerConfigKeys (ConfUtils.java:logGet(43)) - raft.server.leader.election.timeout = 120s (custom)
2019-09-20 08:26:21,464 [pool-186-thread-1] INFO  server.RaftServerConfigKeys (ConfUtils.java:logGet(43)) - raft.server.log.use.memory = false (default)
2019-09-20 08:26:21,464 [pool-186-thread-1] INFO  server.RaftServerConfigKeys (ConfUtils.java:logGet(43)) - raft.server.log.purge.gap = 1000000 (custom)
2019-09-20 08:26:21,464 [pool-186-thread-1] INFO  server.RaftServerConfigKeys (ConfUtils.java:logGet(43)) - raft.server.log.appender.buffer.byte-limit = 33554432 (custom)
2019-09-20 08:26:21,464 [pool-186-thread-1] INFO  server.RaftServerConfigKeys (ConfUtils.java:logGet(43)) - raft.server.log.segment.size.max = 1048576 (custom)
2019-09-20 08:26:21,464 [pool-186-thread-1] INFO  server.RaftServerConfigKeys (ConfUtils.java:logGet(43)) - raft.server.log.segment.cache.num.max = 2 (custom)
2019-09-20 08:26:21,464 [pool-186-thread-1] INFO  segmented.SegmentedRaftLogWorker (SegmentedRaftLogWorker.java:<init>(172)) - new e6b1165a-2e40-428d-b2f2-7ef8f5104c17-SegmentedRaftLogWorker:Storage Directory /workdir/hadoop-ozone/ozonefs/target/test-dir/MiniOzoneClusterImpl-4da4ca98-8075-486b-8359-c950a16dd890/datanode-0/data/ratis/18f26269-f8cf-4347-bb9a-2a6b1893380b for RaftStorage:Storage Directory /workdir/hadoop-ozone/ozonefs/target/test-dir/MiniOzoneClusterImpl-4da4ca98-8075-486b-8359-c950a16dd890/datanode-0/data/ratis/18f26269-f8cf-4347-bb9a-2a6b1893380b
2019-09-20 08:26:21,465 [pool-186-thread-1] INFO  server.RaftServerConfigKeys (ConfUtils.java:logGet(43)) - raft.server.log.queue.byte-limit = 2147483647 (custom)
2019-09-20 08:26:21,465 [pool-186-thread-1] INFO  server.RaftServerConfigKeys (ConfUtils.java:logGet(43)) - raft.server.log.queue.element-limit = 1024 (custom)
2019-09-20 08:26:21,465 [pool-186-thread-1] INFO  server.RaftServerConfigKeys (ConfUtils.java:logGet(43)) - raft.server.log.segment.size.max = 1048576 (custom)
2019-09-20 08:26:21,465 [pool-186-thread-1] INFO  server.RaftServerConfigKeys (ConfUtils.java:logGet(43)) - raft.server.log.preallocated.size = 16384 (custom)
2019-09-20 08:26:21,465 [pool-186-thread-1] INFO  server.RaftServerConfigKeys (ConfUtils.java:logGet(43)) - raft.server.log.write.buffer.size = 33554432 (custom)
2019-09-20 08:26:21,465 [pool-186-thread-1] INFO  server.RaftServerConfigKeys (ConfUtils.java:logGet(43)) - raft.server.log.force.sync.num = 128 (default)
2019-09-20 08:26:21,466 [pool-186-thread-1] INFO  server.RaftServerConfigKeys (ConfUtils.java:logGet(43)) - raft.server.log.statemachine.data.sync = true (default)
2019-09-20 08:26:21,466 [pool-186-thread-1] INFO  server.RaftServerConfigKeys (ConfUtils.java:logGet(43)) - raft.server.log.statemachine.data.sync.timeout = 10s (default)
2019-09-20 08:26:21,466 [pool-186-thread-1] INFO  server.RaftServerConfigKeys (ConfUtils.java:logGet(43)) - raft.server.log.statemachine.data.sync.timeout.retry = -1 (default)
2019-09-20 08:26:21,466 [pool-186-thread-1] INFO  server.RaftServerConfigKeys (ConfUtils.java:logGet(43)) - raft.server.log.statemachine.data.caching.enabled = true (custom)
2019-09-20 08:26:21,466 [pool-186-thread-1] INFO  segmented.SegmentedRaftLogWorker (SegmentedRaftLogWorker.java:lambda$new$0(132)) - e6b1165a-2e40-428d-b2f2-7ef8f5104c17-SegmentedRaftLogWorker:Storage Directory /workdir/hadoop-ozone/ozonefs/target/test-dir/MiniOzoneClusterImpl-4da4ca98-8075-486b-8359-c950a16dd890/datanode-0/data/ratis/18f26269-f8cf-4347-bb9a-2a6b1893380b: flushIndex: setUnconditionally 0 -> -1
2019-09-20 08:26:21,467 [pool-186-thread-1] INFO  server.RaftServerConfigKeys (ConfUtils.java:logGet(43)) - raft.server.snapshot.auto.trigger.enabled = true (custom)
2019-09-20 08:26:21,467 [pool-186-thread-1] INFO  server.RaftServerConfigKeys (ConfUtils.java:logGet(43)) - raft.server.snapshot.auto.trigger.threshold = 10000 (custom)
2019-09-20 08:26:21,467 [pool-186-thread-1] INFO  server.RaftServerConfigKeys (ConfUtils.java:logGet(43)) - raft.server.retrycache.expirytime = 600000ms (custom)
2019-09-20 08:26:21,467 [pool-186-thread-1] INFO  impl.RaftServerImpl (RaftServerImpl.java:start(180)) - e6b1165a-2e40-428d-b2f2-7ef8f5104c17: start group-2A6B1893380B
2019-09-20 08:26:21,467 [pool-186-thread-1] INFO  impl.RaftServerImpl (RaftServerImpl.java:setRole(171)) - e6b1165a-2e40-428d-b2f2-7ef8f5104c17:group-2A6B1893380B changes role from null to FOLLOWER at term 0 for startAsFollower
2019-09-20 08:26:21,468 [pool-186-thread-1] INFO  impl.RoleInfo (RoleInfo.java:updateAndGet(143)) - e6b1165a-2e40-428d-b2f2-7ef8f5104c17: start FollowerState
2019-09-20 08:26:21,468 [pool-186-thread-1] INFO  util.JmxRegister (JmxRegister.java:tryRegister(44)) - Successfully registered JMX Bean with object name Ratis:service=RaftServer,group=group-2A6B1893380B,id=e6b1165a-2e40-428d-b2f2-7ef8f5104c17
2019-09-20 08:26:21,471 [RatisPipelineUtilsThread] INFO  pipeline.PipelineStateManager (PipelineStateManager.java:addPipeline(56)) - Created pipeline Pipeline[ Id: 18f26269-f8cf-4347-bb9a-2a6b1893380b, Nodes: e6b1165a-2e40-428d-b2f2-7ef8f5104c17{ip: 192.168.34.27, host: pr-hdds-1569-6tbh6-3362816358, networkLocation: /default-rack, certSerialId: null}, Type:RATIS, Factor:ONE, State:OPEN]
2019-09-20 08:26:21,478 [grpc-default-executor-0] INFO  impl.RaftServerProxy (RaftServerProxy.java:addNew(89)) - e6b1165a-2e40-428d-b2f2-7ef8f5104c17: addNew group-5C436460470C:[e6b1165a-2e40-428d-b2f2-7ef8f5104c17:192.168.34.27:36204] returns group-5C436460470C:java.util.concurrent.CompletableFuture@64597576[Not completed]
2019-09-20 08:26:21,479 [pool-186-thread-1] INFO  impl.RaftServerImpl (RaftServerImpl.java:<init>(93)) - e6b1165a-2e40-428d-b2f2-7ef8f5104c17: new RaftServerImpl for group-5C436460470C:[e6b1165a-2e40-428d-b2f2-7ef8f5104c17:192.168.34.27:36204] with ContainerStateMachine:uninitialized
2019-09-20 08:26:21,479 [pool-186-thread-1] INFO  server.RaftServerConfigKeys (ConfUtils.java:logGet(43)) - raft.server.rpc.timeout.min = 5s (custom)
2019-09-20 08:26:21,480 [pool-186-thread-1] INFO  server.RaftServerConfigKeys (ConfUtils.java:logGet(43)) - raft.server.rpc.timeout.max = 5200ms (custom)
2019-09-20 08:26:21,480 [pool-186-thread-1] INFO  server.RaftServerConfigKeys (ConfUtils.java:logGet(43)) - raft.server.rpcslowness.timeout = 120s (custom)
2019-09-20 08:26:21,480 [pool-186-thread-1] INFO  server.RaftServerConfigKeys (ConfUtils.java:logGet(43)) - raft.server.sleep.deviation.threshold = 300 (default)
2019-09-20 08:26:21,480 [pool-186-thread-1] INFO  server.RaftServerConfigKeys (ConfUtils.java:logGet(43)) - raft.server.log.appender.install.snapshot.enabled = false (custom)
2019-09-20 08:26:21,480 [pool-186-thread-1] INFO  impl.RaftServerImpl (ServerState.java:<init>(105)) - e6b1165a-2e40-428d-b2f2-7ef8f5104c17:group-5C436460470C ConfigurationManager, init=-1: [e6b1165a-2e40-428d-b2f2-7ef8f5104c17:192.168.34.27:36204], old=null, confs=<EMPTY_MAP>
2019-09-20 08:26:21,480 [pool-186-thread-1] INFO  server.RaftServerConfigKeys (ConfUtils.java:logGet(43)) - raft.server.storage.dir = [/workdir/hadoop-ozone/ozonefs/target/test-dir/MiniOzoneClusterImpl-4da4ca98-8075-486b-8359-c950a16dd890/datanode-0/data/ratis] (custom)
2019-09-20 08:26:21,481 [pool-186-thread-1] INFO  storage.RaftStorageDirectory (RaftStorageDirectory.java:analyzeStorage(246)) - The storage directory /workdir/hadoop-ozone/ozonefs/target/test-dir/MiniOzoneClusterImpl-4da4ca98-8075-486b-8359-c950a16dd890/datanode-0/data/ratis/27b971e1-6e42-40a8-b42f-5c436460470c does not exist. Creating ...
2019-09-20 08:26:21,493 [pool-186-thread-1] INFO  storage.RaftStorageDirectory (RaftStorageDirectory.java:tryLock(328)) - Lock on /workdir/hadoop-ozone/ozonefs/target/test-dir/MiniOzoneClusterImpl-4da4ca98-8075-486b-8359-c950a16dd890/datanode-0/data/ratis/27b971e1-6e42-40a8-b42f-5c436460470c/in_use.lock acquired by nodename 28782@pr-hdds-1569-6tbh6-3362816358
2019-09-20 08:26:21,513 [pool-186-thread-1] INFO  storage.RaftStorage (RaftStorage.java:format(72)) - Storage directory /workdir/hadoop-ozone/ozonefs/target/test-dir/MiniOzoneClusterImpl-4da4ca98-8075-486b-8359-c950a16dd890/datanode-0/data/ratis/27b971e1-6e42-40a8-b42f-5c436460470c has been successfully formatted.
2019-09-20 08:26:21,513 [pool-186-thread-1] INFO  ratis.ContainerStateMachine (ContainerStateMachine.java:loadSnapshot(226)) - group-5C436460470C: The snapshot info is null. Setting the last applied indexto:(t:0, i:~)
2019-09-20 08:26:21,513 [pool-186-thread-1] INFO  server.RaftServerConfigKeys (ConfUtils.java:logGet(43)) - raft.server.leader.election.timeout = 120s (custom)
2019-09-20 08:26:21,514 [pool-186-thread-1] INFO  server.RaftServerConfigKeys (ConfUtils.java:logGet(43)) - raft.server.log.use.memory = false (default)
2019-09-20 08:26:21,514 [pool-186-thread-1] INFO  server.RaftServerConfigKeys (ConfUtils.java:logGet(43)) - raft.server.log.purge.gap = 1000000 (custom)
2019-09-20 08:26:21,514 [pool-186-thread-1] INFO  server.RaftServerConfigKeys (ConfUtils.java:logGet(43)) - raft.server.log.appender.buffer.byte-limit = 33554432 (custom)
2019-09-20 08:26:21,514 [pool-186-thread-1] INFO  server.RaftServerConfigKeys (ConfUtils.java:logGet(43)) - raft.server.log.segment.size.max = 1048576 (custom)
2019-09-20 08:26:21,514 [pool-186-thread-1] INFO  server.RaftServerConfigKeys (ConfUtils.java:logGet(43)) - raft.server.log.segment.cache.num.max = 2 (custom)
2019-09-20 08:26:21,514 [pool-186-thread-1] INFO  segmented.SegmentedRaftLogWorker (SegmentedRaftLogWorker.java:<init>(172)) - new e6b1165a-2e40-428d-b2f2-7ef8f5104c17-SegmentedRaftLogWorker:Storage Directory /workdir/hadoop-ozone/ozonefs/target/test-dir/MiniOzoneClusterImpl-4da4ca98-8075-486b-8359-c950a16dd890/datanode-0/data/ratis/27b971e1-6e42-40a8-b42f-5c436460470c for RaftStorage:Storage Directory /workdir/hadoop-ozone/ozonefs/target/test-dir/MiniOzoneClusterImpl-4da4ca98-8075-486b-8359-c950a16dd890/datanode-0/data/ratis/27b971e1-6e42-40a8-b42f-5c436460470c
2019-09-20 08:26:21,514 [pool-186-thread-1] INFO  server.RaftServerConfigKeys (ConfUtils.java:logGet(43)) - raft.server.log.queue.byte-limit = 2147483647 (custom)
2019-09-20 08:26:21,514 [pool-186-thread-1] INFO  server.RaftServerConfigKeys (ConfUtils.java:logGet(43)) - raft.server.log.queue.element-limit = 1024 (custom)
2019-09-20 08:26:21,515 [pool-186-thread-1] INFO  server.RaftServerConfigKeys (ConfUtils.java:logGet(43)) - raft.server.log.segment.size.max = 1048576 (custom)
2019-09-20 08:26:21,515 [pool-186-thread-1] INFO  server.RaftServerConfigKeys (ConfUtils.java:logGet(43)) - raft.server.log.preallocated.size = 16384 (custom)
2019-09-20 08:26:21,515 [pool-186-thread-1] INFO  server.RaftServerConfigKeys (ConfUtils.java:logGet(43)) - raft.server.log.write.buffer.size = 33554432 (custom)
2019-09-20 08:26:21,515 [pool-186-thread-1] INFO  server.RaftServerConfigKeys (ConfUtils.java:logGet(43)) - raft.server.log.force.sync.num = 128 (default)
2019-09-20 08:26:21,515 [pool-186-thread-1] INFO  server.RaftServerConfigKeys (ConfUtils.java:logGet(43)) - raft.server.log.statemachine.data.sync = true (default)
2019-09-20 08:26:21,515 [pool-186-thread-1] INFO  server.RaftServerConfigKeys (ConfUtils.java:logGet(43)) - raft.server.log.statemachine.data.sync.timeout = 10s (default)
2019-09-20 08:26:21,515 [pool-186-thread-1] INFO  server.RaftServerConfigKeys (ConfUtils.java:logGet(43)) - raft.server.log.statemachine.data.sync.timeout.retry = -1 (default)
2019-09-20 08:26:21,515 [pool-186-thread-1] INFO  server.RaftServerConfigKeys (ConfUtils.java:logGet(43)) - raft.server.log.statemachine.data.caching.enabled = true (custom)
2019-09-20 08:26:21,516 [pool-186-thread-1] INFO  segmented.SegmentedRaftLogWorker (SegmentedRaftLogWorker.java:lambda$new$0(132)) - e6b1165a-2e40-428d-b2f2-7ef8f5104c17-SegmentedRaftLogWorker:Storage Directory /workdir/hadoop-ozone/ozonefs/target/test-dir/MiniOzoneClusterImpl-4da4ca98-8075-486b-8359-c950a16dd890/datanode-0/data/ratis/27b971e1-6e42-40a8-b42f-5c436460470c: flushIndex: setUnconditionally 0 -> -1
2019-09-20 08:26:21,516 [pool-186-thread-1] INFO  server.RaftServerConfigKeys (ConfUtils.java:logGet(43)) - raft.server.snapshot.auto.trigger.enabled = true (custom)
2019-09-20 08:26:21,516 [pool-186-thread-1] INFO  server.RaftServerConfigKeys (ConfUtils.java:logGet(43)) - raft.server.snapshot.auto.trigger.threshold = 10000 (custom)
2019-09-20 08:26:21,516 [pool-186-thread-1] INFO  server.RaftServerConfigKeys (ConfUtils.java:logGet(43)) - raft.server.retrycache.expirytime = 600000ms (custom)
2019-09-20 08:26:21,516 [pool-186-thread-1] INFO  impl.RaftServerImpl (RaftServerImpl.java:start(180)) - e6b1165a-2e40-428d-b2f2-7ef8f5104c17: start group-5C436460470C
2019-09-20 08:26:21,517 [pool-186-thread-1] INFO  impl.RaftServerImpl (RaftServerImpl.java:setRole(171)) - e6b1165a-2e40-428d-b2f2-7ef8f5104c17:group-5C436460470C changes role from null to FOLLOWER at term 0 for startAsFollower
2019-09-20 08:26:21,517 [pool-186-thread-1] INFO  impl.RoleInfo (RoleInfo.java:updateAndGet(143)) - e6b1165a-2e40-428d-b2f2-7ef8f5104c17: start FollowerState
2019-09-20 08:26:21,517 [pool-186-thread-1] INFO  util.JmxRegister (JmxRegister.java:tryRegister(44)) - Successfully registered JMX Bean with object name Ratis:service=RaftServer,group=group-5C436460470C,id=e6b1165a-2e40-428d-b2f2-7ef8f5104c17
2019-09-20 08:26:21,520 [RatisPipelineUtilsThread] INFO  pipeline.PipelineStateManager (PipelineStateManager.java:addPipeline(56)) - Created pipeline Pipeline[ Id: 27b971e1-6e42-40a8-b42f-5c436460470c, Nodes: e6b1165a-2e40-428d-b2f2-7ef8f5104c17{ip: 192.168.34.27, host: pr-hdds-1569-6tbh6-3362816358, networkLocation: /default-rack, certSerialId: null}, Type:RATIS, Factor:ONE, State:OPEN]
2019-09-20 08:26:21,520 [RatisPipelineUtilsThread] INFO  pipeline.PipelinePlacementPolicy (PipelinePlacementPolicy.java:meetCriteria(91)) - Pipeline Placement: Doesn't meet the criteria to be viable node： e6b1165a-2e40-428d-b2f2-7ef8f5104c17 Heaviness: 6 limit: 5
2019-09-20 08:26:21,527 [grpc-default-executor-0] INFO  impl.RaftServerProxy (RaftServerProxy.java:addNew(89)) - de37e2fb-a650-4b9c-bc67-7b250b0aee85: addNew group-097D4DA304DF:[de37e2fb-a650-4b9c-bc67-7b250b0aee85:192.168.34.27:46843] returns group-097D4DA304DF:java.util.concurrent.CompletableFuture@4d2199ae[Not completed]
2019-09-20 08:26:21,529 [pool-197-thread-1] INFO  impl.RaftServerImpl (RaftServerImpl.java:<init>(93)) - de37e2fb-a650-4b9c-bc67-7b250b0aee85: new RaftServerImpl for group-097D4DA304DF:[de37e2fb-a650-4b9c-bc67-7b250b0aee85:192.168.34.27:46843] with ContainerStateMachine:uninitialized
2019-09-20 08:26:21,529 [pool-197-thread-1] INFO  server.RaftServerConfigKeys (ConfUtils.java:logGet(43)) - raft.server.rpc.timeout.min = 5s (custom)
2019-09-20 08:26:21,529 [pool-197-thread-1] INFO  server.RaftServerConfigKeys (ConfUtils.java:logGet(43)) - raft.server.rpc.timeout.max = 5200ms (custom)
2019-09-20 08:26:21,529 [pool-197-thread-1] INFO  server.RaftServerConfigKeys (ConfUtils.java:logGet(43)) - raft.server.rpcslowness.timeout = 120s (custom)
2019-09-20 08:26:21,529 [pool-197-thread-1] INFO  server.RaftServerConfigKeys (ConfUtils.java:logGet(43)) - raft.server.sleep.deviation.threshold = 300 (default)
2019-09-20 08:26:21,529 [pool-197-thread-1] INFO  server.RaftServerConfigKeys (ConfUtils.java:logGet(43)) - raft.server.log.appender.install.snapshot.enabled = false (custom)
2019-09-20 08:26:21,530 [pool-197-thread-1] INFO  impl.RaftServerImpl (ServerState.java:<init>(105)) - de37e2fb-a650-4b9c-bc67-7b250b0aee85:group-097D4DA304DF ConfigurationManager, init=-1: [de37e2fb-a650-4b9c-bc67-7b250b0aee85:192.168.34.27:46843], old=null, confs=<EMPTY_MAP>
2019-09-20 08:26:21,530 [pool-197-thread-1] INFO  server.RaftServerConfigKeys (ConfUtils.java:logGet(43)) - raft.server.storage.dir = [/workdir/hadoop-ozone/ozonefs/target/test-dir/MiniOzoneClusterImpl-4da4ca98-8075-486b-8359-c950a16dd890/datanode-1/data/ratis] (custom)
2019-09-20 08:26:21,530 [pool-197-thread-1] INFO  storage.RaftStorageDirectory (RaftStorageDirectory.java:analyzeStorage(246)) - The storage directory /workdir/hadoop-ozone/ozonefs/target/test-dir/MiniOzoneClusterImpl-4da4ca98-8075-486b-8359-c950a16dd890/datanode-1/data/ratis/c5afaa43-006f-4516-ad2a-097d4da304df does not exist. Creating ...
2019-09-20 08:26:21,563 [pool-197-thread-1] INFO  storage.RaftStorageDirectory (RaftStorageDirectory.java:tryLock(328)) - Lock on /workdir/hadoop-ozone/ozonefs/target/test-dir/MiniOzoneClusterImpl-4da4ca98-8075-486b-8359-c950a16dd890/datanode-1/data/ratis/c5afaa43-006f-4516-ad2a-097d4da304df/in_use.lock acquired by nodename 28782@pr-hdds-1569-6tbh6-3362816358
2019-09-20 08:26:21,601 [pool-197-thread-1] INFO  storage.RaftStorage (RaftStorage.java:format(72)) - Storage directory /workdir/hadoop-ozone/ozonefs/target/test-dir/MiniOzoneClusterImpl-4da4ca98-8075-486b-8359-c950a16dd890/datanode-1/data/ratis/c5afaa43-006f-4516-ad2a-097d4da304df has been successfully formatted.
2019-09-20 08:26:21,602 [pool-197-thread-1] INFO  ratis.ContainerStateMachine (ContainerStateMachine.java:loadSnapshot(226)) - group-097D4DA304DF: The snapshot info is null. Setting the last applied indexto:(t:0, i:~)
2019-09-20 08:26:21,602 [pool-197-thread-1] INFO  server.RaftServerConfigKeys (ConfUtils.java:logGet(43)) - raft.server.leader.election.timeout = 120s (custom)
2019-09-20 08:26:21,602 [pool-197-thread-1] INFO  server.RaftServerConfigKeys (ConfUtils.java:logGet(43)) - raft.server.log.use.memory = false (default)
2019-09-20 08:26:21,602 [pool-197-thread-1] INFO  server.RaftServerConfigKeys (ConfUtils.java:logGet(43)) - raft.server.log.purge.gap = 1000000 (custom)
2019-09-20 08:26:21,602 [pool-197-thread-1] INFO  server.RaftServerConfigKeys (ConfUtils.java:logGet(43)) - raft.server.log.appender.buffer.byte-limit = 33554432 (custom)
2019-09-20 08:26:21,602 [pool-197-thread-1] INFO  server.RaftServerConfigKeys (ConfUtils.java:logGet(43)) - raft.server.log.segment.size.max = 1048576 (custom)
2019-09-20 08:26:21,603 [pool-197-thread-1] INFO  server.RaftServerConfigKeys (ConfUtils.java:logGet(43)) - raft.server.log.segment.cache.num.max = 2 (custom)
2019-09-20 08:26:21,603 [pool-197-thread-1] INFO  segmented.SegmentedRaftLogWorker (SegmentedRaftLogWorker.java:<init>(172)) - new de37e2fb-a650-4b9c-bc67-7b250b0aee85-SegmentedRaftLogWorker:Storage Directory /workdir/hadoop-ozone/ozonefs/target/test-dir/MiniOzoneClusterImpl-4da4ca98-8075-486b-8359-c950a16dd890/datanode-1/data/ratis/c5afaa43-006f-4516-ad2a-097d4da304df for RaftStorage:Storage Directory /workdir/hadoop-ozone/ozonefs/target/test-dir/MiniOzoneClusterImpl-4da4ca98-8075-486b-8359-c950a16dd890/datanode-1/data/ratis/c5afaa43-006f-4516-ad2a-097d4da304df
2019-09-20 08:26:21,603 [pool-197-thread-1] INFO  server.RaftServerConfigKeys (ConfUtils.java:logGet(43)) - raft.server.log.queue.byte-limit = 2147483647 (custom)
2019-09-20 08:26:21,603 [Thread-804] INFO  ozone.MiniOzoneClusterImpl (MiniOzoneClusterImpl.java:lambda$waitForClusterToBeReady$0(142)) - Waiting for cluster to be ready. Got 2 of 3 DN Heartbeats.
2019-09-20 08:26:21,603 [pool-197-thread-1] INFO  server.RaftServerConfigKeys (ConfUtils.java:logGet(43)) - raft.server.log.queue.element-limit = 1024 (custom)
2019-09-20 08:26:21,604 [pool-197-thread-1] INFO  server.RaftServerConfigKeys (ConfUtils.java:logGet(43)) - raft.server.log.segment.size.max = 1048576 (custom)
2019-09-20 08:26:21,604 [pool-197-thread-1] INFO  server.RaftServerConfigKeys (ConfUtils.java:logGet(43)) - raft.server.log.preallocated.size = 16384 (custom)
2019-09-20 08:26:21,604 [IPC Server handler 1 on 36024] INFO  net.NetworkTopology (NetworkTopologyImpl.java:add(110)) - Added a new node: /default-rack/aa98e893-95a3-4426-8c3d-7852b9d4d01a
2019-09-20 08:26:21,605 [pool-197-thread-1] INFO  server.RaftServerConfigKeys (ConfUtils.java:logGet(43)) - raft.server.log.write.buffer.size = 33554432 (custom)
2019-09-20 08:26:21,605 [IPC Server handler 1 on 36024] INFO  node.SCMNodeManager (SCMNodeManager.java:register(273)) - Registered Data node : aa98e893-95a3-4426-8c3d-7852b9d4d01a{ip: 192.168.34.27, host: pr-hdds-1569-6tbh6-3362816358, networkLocation: /default-rack, certSerialId: null}
2019-09-20 08:26:21,605 [pool-197-thread-1] INFO  server.RaftServerConfigKeys (ConfUtils.java:logGet(43)) - raft.server.log.force.sync.num = 128 (default)
2019-09-20 08:26:21,605 [pool-197-thread-1] INFO  server.RaftServerConfigKeys (ConfUtils.java:logGet(43)) - raft.server.log.statemachine.data.sync = true (default)
2019-09-20 08:26:21,605 | INFO  | SCMAudit | user=jenkins1000 | ip=192.168.34.27 | op=REGISTER {datanodeDetails=aa98e893-95a3-4426-8c3d-7852b9d4d01a{ip: 192.168.34.27, host: pr-hdds-1569-6tbh6-3362816358, networkLocation: /default-rack, certSerialId: null}} | ret=SUCCESS |  
2019-09-20 08:26:21,605 [pool-197-thread-1] INFO  server.RaftServerConfigKeys (ConfUtils.java:logGet(43)) - raft.server.log.statemachine.data.sync.timeout = 10s (default)
2019-09-20 08:26:21,606 [pool-197-thread-1] INFO  server.RaftServerConfigKeys (ConfUtils.java:logGet(43)) - raft.server.log.statemachine.data.sync.timeout.retry = -1 (default)
2019-09-20 08:26:21,606 [pool-197-thread-1] INFO  server.RaftServerConfigKeys (ConfUtils.java:logGet(43)) - raft.server.log.statemachine.data.caching.enabled = true (custom)
2019-09-20 08:26:21,606 [pool-197-thread-1] INFO  segmented.SegmentedRaftLogWorker (SegmentedRaftLogWorker.java:lambda$new$0(132)) - de37e2fb-a650-4b9c-bc67-7b250b0aee85-SegmentedRaftLogWorker:Storage Directory /workdir/hadoop-ozone/ozonefs/target/test-dir/MiniOzoneClusterImpl-4da4ca98-8075-486b-8359-c950a16dd890/datanode-1/data/ratis/c5afaa43-006f-4516-ad2a-097d4da304df: flushIndex: setUnconditionally 0 -> -1
2019-09-20 08:26:21,607 [pool-197-thread-1] INFO  server.RaftServerConfigKeys (ConfUtils.java:logGet(43)) - raft.server.snapshot.auto.trigger.enabled = true (custom)
2019-09-20 08:26:21,607 [pool-197-thread-1] INFO  server.RaftServerConfigKeys (ConfUtils.java:logGet(43)) - raft.server.snapshot.auto.trigger.threshold = 10000 (custom)
2019-09-20 08:26:21,607 [pool-197-thread-1] INFO  server.RaftServerConfigKeys (ConfUtils.java:logGet(43)) - raft.server.retrycache.expirytime = 600000ms (custom)
2019-09-20 08:26:21,608 [pool-197-thread-1] INFO  impl.RaftServerImpl (RaftServerImpl.java:start(180)) - de37e2fb-a650-4b9c-bc67-7b250b0aee85: start group-097D4DA304DF
2019-09-20 08:26:21,608 [pool-197-thread-1] INFO  impl.RaftServerImpl (RaftServerImpl.java:setRole(171)) - de37e2fb-a650-4b9c-bc67-7b250b0aee85:group-097D4DA304DF changes role from null to FOLLOWER at term 0 for startAsFollower
2019-09-20 08:26:21,608 [pool-197-thread-1] INFO  impl.RoleInfo (RoleInfo.java:updateAndGet(143)) - de37e2fb-a650-4b9c-bc67-7b250b0aee85: start FollowerState
2019-09-20 08:26:21,608 [pool-197-thread-1] INFO  util.JmxRegister (JmxRegister.java:tryRegister(44)) - Successfully registered JMX Bean with object name Ratis:service=RaftServer,group=group-097D4DA304DF,id=de37e2fb-a650-4b9c-bc67-7b250b0aee85
2019-09-20 08:26:21,611 [RatisPipelineUtilsThread] INFO  pipeline.PipelineStateManager (PipelineStateManager.java:addPipeline(56)) - Created pipeline Pipeline[ Id: c5afaa43-006f-4516-ad2a-097d4da304df, Nodes: de37e2fb-a650-4b9c-bc67-7b250b0aee85{ip: 192.168.34.27, host: pr-hdds-1569-6tbh6-3362816358, networkLocation: /default-rack, certSerialId: null}, Type:RATIS, Factor:ONE, State:OPEN]
2019-09-20 08:26:21,612 [RatisPipelineUtilsThread] INFO  pipeline.PipelinePlacementPolicy (PipelinePlacementPolicy.java:meetCriteria(91)) - Pipeline Placement: Doesn't meet the criteria to be viable node： e6b1165a-2e40-428d-b2f2-7ef8f5104c17 Heaviness: 6 limit: 5
2019-09-20 08:26:21,620 [grpc-default-executor-0] INFO  impl.RaftServerProxy (RaftServerProxy.java:addNew(89)) - aa98e893-95a3-4426-8c3d-7852b9d4d01a: addNew group-357C73EC9F25:[aa98e893-95a3-4426-8c3d-7852b9d4d01a:192.168.34.27:44381] returns group-357C73EC9F25:java.util.concurrent.CompletableFuture@2e3477d9[Not completed]
2019-09-20 08:26:21,622 [pool-208-thread-1] INFO  impl.RaftServerImpl (RaftServerImpl.java:<init>(93)) - aa98e893-95a3-4426-8c3d-7852b9d4d01a: new RaftServerImpl for group-357C73EC9F25:[aa98e893-95a3-4426-8c3d-7852b9d4d01a:192.168.34.27:44381] with ContainerStateMachine:uninitialized
2019-09-20 08:26:21,622 [pool-208-thread-1] INFO  server.RaftServerConfigKeys (ConfUtils.java:logGet(43)) - raft.server.rpc.timeout.min = 5s (custom)
2019-09-20 08:26:21,622 [pool-208-thread-1] INFO  server.RaftServerConfigKeys (ConfUtils.java:logGet(43)) - raft.server.rpc.timeout.max = 5200ms (custom)
2019-09-20 08:26:21,622 [pool-208-thread-1] INFO  server.RaftServerConfigKeys (ConfUtils.java:logGet(43)) - raft.server.rpcslowness.timeout = 120s (custom)
2019-09-20 08:26:21,622 [pool-208-thread-1] INFO  server.RaftServerConfigKeys (ConfUtils.java:logGet(43)) - raft.server.sleep.deviation.threshold = 300 (default)
2019-09-20 08:26:21,623 [pool-208-thread-1] INFO  server.RaftServerConfigKeys (ConfUtils.java:logGet(43)) - raft.server.log.appender.install.snapshot.enabled = false (custom)
2019-09-20 08:26:21,623 [pool-208-thread-1] INFO  impl.RaftServerImpl (ServerState.java:<init>(105)) - aa98e893-95a3-4426-8c3d-7852b9d4d01a:group-357C73EC9F25 ConfigurationManager, init=-1: [aa98e893-95a3-4426-8c3d-7852b9d4d01a:192.168.34.27:44381], old=null, confs=<EMPTY_MAP>
2019-09-20 08:26:21,623 [pool-208-thread-1] INFO  server.RaftServerConfigKeys (ConfUtils.java:logGet(43)) - raft.server.storage.dir = [/workdir/hadoop-ozone/ozonefs/target/test-dir/MiniOzoneClusterImpl-4da4ca98-8075-486b-8359-c950a16dd890/datanode-2/data/ratis] (custom)
2019-09-20 08:26:21,623 [pool-208-thread-1] INFO  storage.RaftStorageDirectory (RaftStorageDirectory.java:analyzeStorage(246)) - The storage directory /workdir/hadoop-ozone/ozonefs/target/test-dir/MiniOzoneClusterImpl-4da4ca98-8075-486b-8359-c950a16dd890/datanode-2/data/ratis/4b19e006-7a59-4294-af6b-357c73ec9f25 does not exist. Creating ...
2019-09-20 08:26:21,631 [pool-208-thread-1] INFO  storage.RaftStorageDirectory (RaftStorageDirectory.java:tryLock(328)) - Lock on /workdir/hadoop-ozone/ozonefs/target/test-dir/MiniOzoneClusterImpl-4da4ca98-8075-486b-8359-c950a16dd890/datanode-2/data/ratis/4b19e006-7a59-4294-af6b-357c73ec9f25/in_use.lock acquired by nodename 28782@pr-hdds-1569-6tbh6-3362816358
2019-09-20 08:26:21,640 [pool-208-thread-1] INFO  storage.RaftStorage (RaftStorage.java:format(72)) - Storage directory /workdir/hadoop-ozone/ozonefs/target/test-dir/MiniOzoneClusterImpl-4da4ca98-8075-486b-8359-c950a16dd890/datanode-2/data/ratis/4b19e006-7a59-4294-af6b-357c73ec9f25 has been successfully formatted.
2019-09-20 08:26:21,640 [pool-208-thread-1] INFO  ratis.ContainerStateMachine (ContainerStateMachine.java:loadSnapshot(226)) - group-357C73EC9F25: The snapshot info is null. Setting the last applied indexto:(t:0, i:~)
2019-09-20 08:26:21,640 [pool-208-thread-1] INFO  server.RaftServerConfigKeys (ConfUtils.java:logGet(43)) - raft.server.leader.election.timeout = 120s (custom)
2019-09-20 08:26:21,641 [pool-208-thread-1] INFO  server.RaftServerConfigKeys (ConfUtils.java:logGet(43)) - raft.server.log.use.memory = false (default)
2019-09-20 08:26:21,641 [pool-208-thread-1] INFO  server.RaftServerConfigKeys (ConfUtils.java:logGet(43)) - raft.server.log.purge.gap = 1000000 (custom)
2019-09-20 08:26:21,641 [pool-208-thread-1] INFO  server.RaftServerConfigKeys (ConfUtils.java:logGet(43)) - raft.server.log.appender.buffer.byte-limit = 33554432 (custom)
2019-09-20 08:26:21,641 [pool-208-thread-1] INFO  server.RaftServerConfigKeys (ConfUtils.java:logGet(43)) - raft.server.log.segment.size.max = 1048576 (custom)
2019-09-20 08:26:21,641 [pool-208-thread-1] INFO  server.RaftServerConfigKeys (ConfUtils.java:logGet(43)) - raft.server.log.segment.cache.num.max = 2 (custom)
2019-09-20 08:26:21,642 [pool-208-thread-1] INFO  segmented.SegmentedRaftLogWorker (SegmentedRaftLogWorker.java:<init>(172)) - new aa98e893-95a3-4426-8c3d-7852b9d4d01a-SegmentedRaftLogWorker:Storage Directory /workdir/hadoop-ozone/ozonefs/target/test-dir/MiniOzoneClusterImpl-4da4ca98-8075-486b-8359-c950a16dd890/datanode-2/data/ratis/4b19e006-7a59-4294-af6b-357c73ec9f25 for RaftStorage:Storage Directory /workdir/hadoop-ozone/ozonefs/target/test-dir/MiniOzoneClusterImpl-4da4ca98-8075-486b-8359-c950a16dd890/datanode-2/data/ratis/4b19e006-7a59-4294-af6b-357c73ec9f25
2019-09-20 08:26:21,642 [pool-208-thread-1] INFO  server.RaftServerConfigKeys (ConfUtils.java:logGet(43)) - raft.server.log.queue.byte-limit = 2147483647 (custom)
2019-09-20 08:26:21,642 [pool-208-thread-1] INFO  server.RaftServerConfigKeys (ConfUtils.java:logGet(43)) - raft.server.log.queue.element-limit = 1024 (custom)
2019-09-20 08:26:21,642 [pool-208-thread-1] INFO  server.RaftServerConfigKeys (ConfUtils.java:logGet(43)) - raft.server.log.segment.size.max = 1048576 (custom)
2019-09-20 08:26:21,642 [pool-208-thread-1] INFO  server.RaftServerConfigKeys (ConfUtils.java:logGet(43)) - raft.server.log.preallocated.size = 16384 (custom)
2019-09-20 08:26:21,643 [pool-208-thread-1] INFO  server.RaftServerConfigKeys (ConfUtils.java:logGet(43)) - raft.server.log.write.buffer.size = 33554432 (custom)
2019-09-20 08:26:21,643 [pool-208-thread-1] INFO  server.RaftServerConfigKeys (ConfUtils.java:logGet(43)) - raft.server.log.force.sync.num = 128 (default)
2019-09-20 08:26:21,643 [pool-208-thread-1] INFO  server.RaftServerConfigKeys (ConfUtils.java:logGet(43)) - raft.server.log.statemachine.data.sync = true (default)
2019-09-20 08:26:21,643 [pool-208-thread-1] INFO  server.RaftServerConfigKeys (ConfUtils.java:logGet(43)) - raft.server.log.statemachine.data.sync.timeout = 10s (default)
2019-09-20 08:26:21,643 [pool-208-thread-1] INFO  server.RaftServerConfigKeys (ConfUtils.java:logGet(43)) - raft.server.log.statemachine.data.sync.timeout.retry = -1 (default)
2019-09-20 08:26:21,644 [pool-208-thread-1] INFO  server.RaftServerConfigKeys (ConfUtils.java:logGet(43)) - raft.server.log.statemachine.data.caching.enabled = true (custom)
2019-09-20 08:26:21,644 [pool-208-thread-1] INFO  segmented.SegmentedRaftLogWorker (SegmentedRaftLogWorker.java:lambda$new$0(132)) - aa98e893-95a3-4426-8c3d-7852b9d4d01a-SegmentedRaftLogWorker:Storage Directory /workdir/hadoop-ozone/ozonefs/target/test-dir/MiniOzoneClusterImpl-4da4ca98-8075-486b-8359-c950a16dd890/datanode-2/data/ratis/4b19e006-7a59-4294-af6b-357c73ec9f25: flushIndex: setUnconditionally 0 -> -1
2019-09-20 08:26:21,644 [pool-208-thread-1] INFO  server.RaftServerConfigKeys (ConfUtils.java:logGet(43)) - raft.server.snapshot.auto.trigger.enabled = true (custom)
2019-09-20 08:26:21,645 [pool-208-thread-1] INFO  server.RaftServerConfigKeys (ConfUtils.java:logGet(43)) - raft.server.snapshot.auto.trigger.threshold = 10000 (custom)
2019-09-20 08:26:21,645 [pool-208-thread-1] INFO  server.RaftServerConfigKeys (ConfUtils.java:logGet(43)) - raft.server.retrycache.expirytime = 600000ms (custom)
2019-09-20 08:26:21,645 [pool-208-thread-1] INFO  impl.RaftServerImpl (RaftServerImpl.java:start(180)) - aa98e893-95a3-4426-8c3d-7852b9d4d01a: start group-357C73EC9F25
2019-09-20 08:26:21,645 [pool-208-thread-1] INFO  impl.RaftServerImpl (RaftServerImpl.java:setRole(171)) - aa98e893-95a3-4426-8c3d-7852b9d4d01a:group-357C73EC9F25 changes role from null to FOLLOWER at term 0 for startAsFollower
2019-09-20 08:26:21,645 [pool-208-thread-1] INFO  impl.RoleInfo (RoleInfo.java:updateAndGet(143)) - aa98e893-95a3-4426-8c3d-7852b9d4d01a: start FollowerState
2019-09-20 08:26:21,646 [pool-208-thread-1] INFO  util.JmxRegister (JmxRegister.java:tryRegister(44)) - Successfully registered JMX Bean with object name Ratis:service=RaftServer,group=group-357C73EC9F25,id=aa98e893-95a3-4426-8c3d-7852b9d4d01a
2019-09-20 08:26:21,648 [RatisPipelineUtilsThread] INFO  pipeline.PipelineStateManager (PipelineStateManager.java:addPipeline(56)) - Created pipeline Pipeline[ Id: 4b19e006-7a59-4294-af6b-357c73ec9f25, Nodes: aa98e893-95a3-4426-8c3d-7852b9d4d01a{ip: 192.168.34.27, host: pr-hdds-1569-6tbh6-3362816358, networkLocation: /default-rack, certSerialId: null}, Type:RATIS, Factor:ONE, State:OPEN]
2019-09-20 08:26:21,649 [RatisPipelineUtilsThread] INFO  pipeline.PipelinePlacementPolicy (PipelinePlacementPolicy.java:meetCriteria(91)) - Pipeline Placement: Doesn't meet the criteria to be viable node： e6b1165a-2e40-428d-b2f2-7ef8f5104c17 Heaviness: 6 limit: 5
2019-09-20 08:26:21,654 [grpc-default-executor-0] INFO  impl.RaftServerProxy (RaftServerProxy.java:addNew(89)) - de37e2fb-a650-4b9c-bc67-7b250b0aee85: addNew group-99F1E332C2BF:[de37e2fb-a650-4b9c-bc67-7b250b0aee85:192.168.34.27:46843] returns group-99F1E332C2BF:java.util.concurrent.CompletableFuture@685fd47d[Not completed]
2019-09-20 08:26:21,656 [pool-197-thread-1] INFO  impl.RaftServerImpl (RaftServerImpl.java:<init>(93)) - de37e2fb-a650-4b9c-bc67-7b250b0aee85: new RaftServerImpl for group-99F1E332C2BF:[de37e2fb-a650-4b9c-bc67-7b250b0aee85:192.168.34.27:46843] with ContainerStateMachine:uninitialized
2019-09-20 08:26:21,656 [pool-197-thread-1] INFO  server.RaftServerConfigKeys (ConfUtils.java:logGet(43)) - raft.server.rpc.timeout.min = 5s (custom)
2019-09-20 08:26:21,656 [pool-197-thread-1] INFO  server.RaftServerConfigKeys (ConfUtils.java:logGet(43)) - raft.server.rpc.timeout.max = 5200ms (custom)
2019-09-20 08:26:21,656 [pool-197-thread-1] INFO  server.RaftServerConfigKeys (ConfUtils.java:logGet(43)) - raft.server.rpcslowness.timeout = 120s (custom)
2019-09-20 08:26:21,656 [pool-197-thread-1] INFO  server.RaftServerConfigKeys (ConfUtils.java:logGet(43)) - raft.server.sleep.deviation.threshold = 300 (default)
2019-09-20 08:26:21,656 [pool-197-thread-1] INFO  server.RaftServerConfigKeys (ConfUtils.java:logGet(43)) - raft.server.log.appender.install.snapshot.enabled = false (custom)
2019-09-20 08:26:21,657 [pool-197-thread-1] INFO  impl.RaftServerImpl (ServerState.java:<init>(105)) - de37e2fb-a650-4b9c-bc67-7b250b0aee85:group-99F1E332C2BF ConfigurationManager, init=-1: [de37e2fb-a650-4b9c-bc67-7b250b0aee85:192.168.34.27:46843], old=null, confs=<EMPTY_MAP>
2019-09-20 08:26:21,657 [pool-197-thread-1] INFO  server.RaftServerConfigKeys (ConfUtils.java:logGet(43)) - raft.server.storage.dir = [/workdir/hadoop-ozone/ozonefs/target/test-dir/MiniOzoneClusterImpl-4da4ca98-8075-486b-8359-c950a16dd890/datanode-1/data/ratis] (custom)
2019-09-20 08:26:21,657 [pool-197-thread-1] INFO  storage.RaftStorageDirectory (RaftStorageDirectory.java:analyzeStorage(246)) - The storage directory /workdir/hadoop-ozone/ozonefs/target/test-dir/MiniOzoneClusterImpl-4da4ca98-8075-486b-8359-c950a16dd890/datanode-1/data/ratis/9d3b8a71-df30-4f2c-9c82-99f1e332c2bf does not exist. Creating ...
2019-09-20 08:26:21,669 [pool-197-thread-1] INFO  storage.RaftStorageDirectory (RaftStorageDirectory.java:tryLock(328)) - Lock on /workdir/hadoop-ozone/ozonefs/target/test-dir/MiniOzoneClusterImpl-4da4ca98-8075-486b-8359-c950a16dd890/datanode-1/data/ratis/9d3b8a71-df30-4f2c-9c82-99f1e332c2bf/in_use.lock acquired by nodename 28782@pr-hdds-1569-6tbh6-3362816358
2019-09-20 08:26:21,684 [pool-197-thread-1] INFO  storage.RaftStorage (RaftStorage.java:format(72)) - Storage directory /workdir/hadoop-ozone/ozonefs/target/test-dir/MiniOzoneClusterImpl-4da4ca98-8075-486b-8359-c950a16dd890/datanode-1/data/ratis/9d3b8a71-df30-4f2c-9c82-99f1e332c2bf has been successfully formatted.
2019-09-20 08:26:21,684 [pool-197-thread-1] INFO  ratis.ContainerStateMachine (ContainerStateMachine.java:loadSnapshot(226)) - group-99F1E332C2BF: The snapshot info is null. Setting the last applied indexto:(t:0, i:~)
2019-09-20 08:26:21,684 [pool-197-thread-1] INFO  server.RaftServerConfigKeys (ConfUtils.java:logGet(43)) - raft.server.leader.election.timeout = 120s (custom)
2019-09-20 08:26:21,684 [pool-197-thread-1] INFO  server.RaftServerConfigKeys (ConfUtils.java:logGet(43)) - raft.server.log.use.memory = false (default)
2019-09-20 08:26:21,684 [pool-197-thread-1] INFO  server.RaftServerConfigKeys (ConfUtils.java:logGet(43)) - raft.server.log.purge.gap = 1000000 (custom)
2019-09-20 08:26:21,685 [pool-197-thread-1] INFO  server.RaftServerConfigKeys (ConfUtils.java:logGet(43)) - raft.server.log.appender.buffer.byte-limit = 33554432 (custom)
2019-09-20 08:26:21,685 [pool-197-thread-1] INFO  server.RaftServerConfigKeys (ConfUtils.java:logGet(43)) - raft.server.log.segment.size.max = 1048576 (custom)
2019-09-20 08:26:21,685 [pool-197-thread-1] INFO  server.RaftServerConfigKeys (ConfUtils.java:logGet(43)) - raft.server.log.segment.cache.num.max = 2 (custom)
2019-09-20 08:26:21,685 [pool-197-thread-1] INFO  segmented.SegmentedRaftLogWorker (SegmentedRaftLogWorker.java:<init>(172)) - new de37e2fb-a650-4b9c-bc67-7b250b0aee85-SegmentedRaftLogWorker:Storage Directory /workdir/hadoop-ozone/ozonefs/target/test-dir/MiniOzoneClusterImpl-4da4ca98-8075-486b-8359-c950a16dd890/datanode-1/data/ratis/9d3b8a71-df30-4f2c-9c82-99f1e332c2bf for RaftStorage:Storage Directory /workdir/hadoop-ozone/ozonefs/target/test-dir/MiniOzoneClusterImpl-4da4ca98-8075-486b-8359-c950a16dd890/datanode-1/data/ratis/9d3b8a71-df30-4f2c-9c82-99f1e332c2bf
2019-09-20 08:26:21,685 [pool-197-thread-1] INFO  server.RaftServerConfigKeys (ConfUtils.java:logGet(43)) - raft.server.log.queue.byte-limit = 2147483647 (custom)
2019-09-20 08:26:21,685 [pool-197-thread-1] INFO  server.RaftServerConfigKeys (ConfUtils.java:logGet(43)) - raft.server.log.queue.element-limit = 1024 (custom)
2019-09-20 08:26:21,686 [pool-197-thread-1] INFO  server.RaftServerConfigKeys (ConfUtils.java:logGet(43)) - raft.server.log.segment.size.max = 1048576 (custom)
2019-09-20 08:26:21,686 [pool-197-thread-1] INFO  server.RaftServerConfigKeys (ConfUtils.java:logGet(43)) - raft.server.log.preallocated.size = 16384 (custom)
2019-09-20 08:26:21,686 [pool-197-thread-1] INFO  server.RaftServerConfigKeys (ConfUtils.java:logGet(43)) - raft.server.log.write.buffer.size = 33554432 (custom)
2019-09-20 08:26:21,686 [pool-197-thread-1] INFO  server.RaftServerConfigKeys (ConfUtils.java:logGet(43)) - raft.server.log.force.sync.num = 128 (default)
2019-09-20 08:26:21,686 [pool-197-thread-1] INFO  server.RaftServerConfigKeys (ConfUtils.java:logGet(43)) - raft.server.log.statemachine.data.sync = true (default)
2019-09-20 08:26:21,686 [pool-197-thread-1] INFO  server.RaftServerConfigKeys (ConfUtils.java:logGet(43)) - raft.server.log.statemachine.data.sync.timeout = 10s (default)
2019-09-20 08:26:21,687 [pool-197-thread-1] INFO  server.RaftServerConfigKeys (ConfUtils.java:logGet(43)) - raft.server.log.statemachine.data.sync.timeout.retry = -1 (default)
2019-09-20 08:26:21,687 [pool-197-thread-1] INFO  server.RaftServerConfigKeys (ConfUtils.java:logGet(43)) - raft.server.log.statemachine.data.caching.enabled = true (custom)
2019-09-20 08:26:21,687 [pool-197-thread-1] INFO  segmented.SegmentedRaftLogWorker (SegmentedRaftLogWorker.java:lambda$new$0(132)) - de37e2fb-a650-4b9c-bc67-7b250b0aee85-SegmentedRaftLogWorker:Storage Directory /workdir/hadoop-ozone/ozonefs/target/test-dir/MiniOzoneClusterImpl-4da4ca98-8075-486b-8359-c950a16dd890/datanode-1/data/ratis/9d3b8a71-df30-4f2c-9c82-99f1e332c2bf: flushIndex: setUnconditionally 0 -> -1
2019-09-20 08:26:21,688 [pool-197-thread-1] INFO  server.RaftServerConfigKeys (ConfUtils.java:logGet(43)) - raft.server.snapshot.auto.trigger.enabled = true (custom)
2019-09-20 08:26:21,688 [pool-197-thread-1] INFO  server.RaftServerConfigKeys (ConfUtils.java:logGet(43)) - raft.server.snapshot.auto.trigger.threshold = 10000 (custom)
2019-09-20 08:26:21,688 [pool-197-thread-1] INFO  server.RaftServerConfigKeys (ConfUtils.java:logGet(43)) - raft.server.retrycache.expirytime = 600000ms (custom)
2019-09-20 08:26:21,688 [pool-197-thread-1] INFO  impl.RaftServerImpl (RaftServerImpl.java:start(180)) - de37e2fb-a650-4b9c-bc67-7b250b0aee85: start group-99F1E332C2BF
2019-09-20 08:26:21,688 [pool-197-thread-1] INFO  impl.RaftServerImpl (RaftServerImpl.java:setRole(171)) - de37e2fb-a650-4b9c-bc67-7b250b0aee85:group-99F1E332C2BF changes role from null to FOLLOWER at term 0 for startAsFollower
2019-09-20 08:26:21,688 [pool-197-thread-1] INFO  impl.RoleInfo (RoleInfo.java:updateAndGet(143)) - de37e2fb-a650-4b9c-bc67-7b250b0aee85: start FollowerState
2019-09-20 08:26:21,689 [pool-197-thread-1] INFO  util.JmxRegister (JmxRegister.java:tryRegister(44)) - Successfully registered JMX Bean with object name Ratis:service=RaftServer,group=group-99F1E332C2BF,id=de37e2fb-a650-4b9c-bc67-7b250b0aee85
2019-09-20 08:26:21,692 [RatisPipelineUtilsThread] INFO  pipeline.PipelineStateManager (PipelineStateManager.java:addPipeline(56)) - Created pipeline Pipeline[ Id: 9d3b8a71-df30-4f2c-9c82-99f1e332c2bf, Nodes: de37e2fb-a650-4b9c-bc67-7b250b0aee85{ip: 192.168.34.27, host: pr-hdds-1569-6tbh6-3362816358, networkLocation: /default-rack, certSerialId: null}, Type:RATIS, Factor:ONE, State:OPEN]
2019-09-20 08:26:21,692 [RatisPipelineUtilsThread] INFO  pipeline.PipelinePlacementPolicy (PipelinePlacementPolicy.java:meetCriteria(91)) - Pipeline Placement: Doesn't meet the criteria to be viable node： e6b1165a-2e40-428d-b2f2-7ef8f5104c17 Heaviness: 6 limit: 5
2019-09-20 08:26:21,698 [grpc-default-executor-0] INFO  impl.RaftServerProxy (RaftServerProxy.java:addNew(89)) - de37e2fb-a650-4b9c-bc67-7b250b0aee85: addNew group-5650BE74F93C:[de37e2fb-a650-4b9c-bc67-7b250b0aee85:192.168.34.27:46843] returns group-5650BE74F93C:java.util.concurrent.CompletableFuture@7cbbe148[Not completed]
2019-09-20 08:26:21,700 [pool-197-thread-1] INFO  impl.RaftServerImpl (RaftServerImpl.java:<init>(93)) - de37e2fb-a650-4b9c-bc67-7b250b0aee85: new RaftServerImpl for group-5650BE74F93C:[de37e2fb-a650-4b9c-bc67-7b250b0aee85:192.168.34.27:46843] with ContainerStateMachine:uninitialized
2019-09-20 08:26:21,700 [pool-197-thread-1] INFO  server.RaftServerConfigKeys (ConfUtils.java:logGet(43)) - raft.server.rpc.timeout.min = 5s (custom)
2019-09-20 08:26:21,700 [pool-197-thread-1] INFO  server.RaftServerConfigKeys (ConfUtils.java:logGet(43)) - raft.server.rpc.timeout.max = 5200ms (custom)
2019-09-20 08:26:21,700 [pool-197-thread-1] INFO  server.RaftServerConfigKeys (ConfUtils.java:logGet(43)) - raft.server.rpcslowness.timeout = 120s (custom)
2019-09-20 08:26:21,700 [pool-197-thread-1] INFO  server.RaftServerConfigKeys (ConfUtils.java:logGet(43)) - raft.server.sleep.deviation.threshold = 300 (default)
2019-09-20 08:26:21,700 [pool-197-thread-1] INFO  server.RaftServerConfigKeys (ConfUtils.java:logGet(43)) - raft.server.log.appender.install.snapshot.enabled = false (custom)
2019-09-20 08:26:21,701 [pool-197-thread-1] INFO  impl.RaftServerImpl (ServerState.java:<init>(105)) - de37e2fb-a650-4b9c-bc67-7b250b0aee85:group-5650BE74F93C ConfigurationManager, init=-1: [de37e2fb-a650-4b9c-bc67-7b250b0aee85:192.168.34.27:46843], old=null, confs=<EMPTY_MAP>
2019-09-20 08:26:21,701 [pool-197-thread-1] INFO  server.RaftServerConfigKeys (ConfUtils.java:logGet(43)) - raft.server.storage.dir = [/workdir/hadoop-ozone/ozonefs/target/test-dir/MiniOzoneClusterImpl-4da4ca98-8075-486b-8359-c950a16dd890/datanode-1/data/ratis] (custom)
2019-09-20 08:26:21,701 [pool-197-thread-1] INFO  storage.RaftStorageDirectory (RaftStorageDirectory.java:analyzeStorage(246)) - The storage directory /workdir/hadoop-ozone/ozonefs/target/test-dir/MiniOzoneClusterImpl-4da4ca98-8075-486b-8359-c950a16dd890/datanode-1/data/ratis/fe8a0d9f-c827-4ecb-864b-5650be74f93c does not exist. Creating ...
2019-09-20 08:26:21,707 [pool-197-thread-1] INFO  storage.RaftStorageDirectory (RaftStorageDirectory.java:tryLock(328)) - Lock on /workdir/hadoop-ozone/ozonefs/target/test-dir/MiniOzoneClusterImpl-4da4ca98-8075-486b-8359-c950a16dd890/datanode-1/data/ratis/fe8a0d9f-c827-4ecb-864b-5650be74f93c/in_use.lock acquired by nodename 28782@pr-hdds-1569-6tbh6-3362816358
2019-09-20 08:26:21,720 [pool-197-thread-1] INFO  storage.RaftStorage (RaftStorage.java:format(72)) - Storage directory /workdir/hadoop-ozone/ozonefs/target/test-dir/MiniOzoneClusterImpl-4da4ca98-8075-486b-8359-c950a16dd890/datanode-1/data/ratis/fe8a0d9f-c827-4ecb-864b-5650be74f93c has been successfully formatted.
2019-09-20 08:26:21,720 [pool-197-thread-1] INFO  ratis.ContainerStateMachine (ContainerStateMachine.java:loadSnapshot(226)) - group-5650BE74F93C: The snapshot info is null. Setting the last applied indexto:(t:0, i:~)
2019-09-20 08:26:21,720 [pool-197-thread-1] INFO  server.RaftServerConfigKeys (ConfUtils.java:logGet(43)) - raft.server.leader.election.timeout = 120s (custom)
2019-09-20 08:26:21,721 [pool-197-thread-1] INFO  server.RaftServerConfigKeys (ConfUtils.java:logGet(43)) - raft.server.log.use.memory = false (default)
2019-09-20 08:26:21,721 [pool-197-thread-1] INFO  server.RaftServerConfigKeys (ConfUtils.java:logGet(43)) - raft.server.log.purge.gap = 1000000 (custom)
2019-09-20 08:26:21,721 [pool-197-thread-1] INFO  server.RaftServerConfigKeys (ConfUtils.java:logGet(43)) - raft.server.log.appender.buffer.byte-limit = 33554432 (custom)
2019-09-20 08:26:21,721 [pool-197-thread-1] INFO  server.RaftServerConfigKeys (ConfUtils.java:logGet(43)) - raft.server.log.segment.size.max = 1048576 (custom)
2019-09-20 08:26:21,721 [pool-197-thread-1] INFO  server.RaftServerConfigKeys (ConfUtils.java:logGet(43)) - raft.server.log.segment.cache.num.max = 2 (custom)
2019-09-20 08:26:21,721 [pool-197-thread-1] INFO  segmented.SegmentedRaftLogWorker (SegmentedRaftLogWorker.java:<init>(172)) - new de37e2fb-a650-4b9c-bc67-7b250b0aee85-SegmentedRaftLogWorker:Storage Directory /workdir/hadoop-ozone/ozonefs/target/test-dir/MiniOzoneClusterImpl-4da4ca98-8075-486b-8359-c950a16dd890/datanode-1/data/ratis/fe8a0d9f-c827-4ecb-864b-5650be74f93c for RaftStorage:Storage Directory /workdir/hadoop-ozone/ozonefs/target/test-dir/MiniOzoneClusterImpl-4da4ca98-8075-486b-8359-c950a16dd890/datanode-1/data/ratis/fe8a0d9f-c827-4ecb-864b-5650be74f93c
2019-09-20 08:26:21,721 [pool-197-thread-1] INFO  server.RaftServerConfigKeys (ConfUtils.java:logGet(43)) - raft.server.log.queue.byte-limit = 2147483647 (custom)
2019-09-20 08:26:21,722 [pool-197-thread-1] INFO  server.RaftServerConfigKeys (ConfUtils.java:logGet(43)) - raft.server.log.queue.element-limit = 1024 (custom)
2019-09-20 08:26:21,722 [pool-197-thread-1] INFO  server.RaftServerConfigKeys (ConfUtils.java:logGet(43)) - raft.server.log.segment.size.max = 1048576 (custom)
2019-09-20 08:26:21,722 [pool-197-thread-1] INFO  server.RaftServerConfigKeys (ConfUtils.java:logGet(43)) - raft.server.log.preallocated.size = 16384 (custom)
2019-09-20 08:26:21,722 [pool-197-thread-1] INFO  server.RaftServerConfigKeys (ConfUtils.java:logGet(43)) - raft.server.log.write.buffer.size = 33554432 (custom)
2019-09-20 08:26:21,722 [pool-197-thread-1] INFO  server.RaftServerConfigKeys (ConfUtils.java:logGet(43)) - raft.server.log.force.sync.num = 128 (default)
2019-09-20 08:26:21,722 [pool-197-thread-1] INFO  server.RaftServerConfigKeys (ConfUtils.java:logGet(43)) - raft.server.log.statemachine.data.sync = true (default)
2019-09-20 08:26:21,723 [pool-197-thread-1] INFO  server.RaftServerConfigKeys (ConfUtils.java:logGet(43)) - raft.server.log.statemachine.data.sync.timeout = 10s (default)
2019-09-20 08:26:21,723 [pool-197-thread-1] INFO  server.RaftServerConfigKeys (ConfUtils.java:logGet(43)) - raft.server.log.statemachine.data.sync.timeout.retry = -1 (default)
2019-09-20 08:26:21,723 [pool-197-thread-1] INFO  server.RaftServerConfigKeys (ConfUtils.java:logGet(43)) - raft.server.log.statemachine.data.caching.enabled = true (custom)
2019-09-20 08:26:21,723 [pool-197-thread-1] INFO  segmented.SegmentedRaftLogWorker (SegmentedRaftLogWorker.java:lambda$new$0(132)) - de37e2fb-a650-4b9c-bc67-7b250b0aee85-SegmentedRaftLogWorker:Storage Directory /workdir/hadoop-ozone/ozonefs/target/test-dir/MiniOzoneClusterImpl-4da4ca98-8075-486b-8359-c950a16dd890/datanode-1/data/ratis/fe8a0d9f-c827-4ecb-864b-5650be74f93c: flushIndex: setUnconditionally 0 -> -1
2019-09-20 08:26:21,724 [pool-197-thread-1] INFO  server.RaftServerConfigKeys (ConfUtils.java:logGet(43)) - raft.server.snapshot.auto.trigger.enabled = true (custom)
2019-09-20 08:26:21,724 [pool-197-thread-1] INFO  server.RaftServerConfigKeys (ConfUtils.java:logGet(43)) - raft.server.snapshot.auto.trigger.threshold = 10000 (custom)
2019-09-20 08:26:21,724 [pool-197-thread-1] INFO  server.RaftServerConfigKeys (ConfUtils.java:logGet(43)) - raft.server.retrycache.expirytime = 600000ms (custom)
2019-09-20 08:26:21,724 [pool-197-thread-1] INFO  impl.RaftServerImpl (RaftServerImpl.java:start(180)) - de37e2fb-a650-4b9c-bc67-7b250b0aee85: start group-5650BE74F93C
2019-09-20 08:26:21,724 [pool-197-thread-1] INFO  impl.RaftServerImpl (RaftServerImpl.java:setRole(171)) - de37e2fb-a650-4b9c-bc67-7b250b0aee85:group-5650BE74F93C changes role from null to FOLLOWER at term 0 for startAsFollower
2019-09-20 08:26:21,725 [pool-197-thread-1] INFO  impl.RoleInfo (RoleInfo.java:updateAndGet(143)) - de37e2fb-a650-4b9c-bc67-7b250b0aee85: start FollowerState
2019-09-20 08:26:21,725 [pool-197-thread-1] INFO  util.JmxRegister (JmxRegister.java:tryRegister(44)) - Successfully registered JMX Bean with object name Ratis:service=RaftServer,group=group-5650BE74F93C,id=de37e2fb-a650-4b9c-bc67-7b250b0aee85
2019-09-20 08:26:21,728 [RatisPipelineUtilsThread] INFO  pipeline.PipelineStateManager (PipelineStateManager.java:addPipeline(56)) - Created pipeline Pipeline[ Id: fe8a0d9f-c827-4ecb-864b-5650be74f93c, Nodes: de37e2fb-a650-4b9c-bc67-7b250b0aee85{ip: 192.168.34.27, host: pr-hdds-1569-6tbh6-3362816358, networkLocation: /default-rack, certSerialId: null}, Type:RATIS, Factor:ONE, State:OPEN]
2019-09-20 08:26:21,729 [RatisPipelineUtilsThread] INFO  pipeline.PipelinePlacementPolicy (PipelinePlacementPolicy.java:meetCriteria(91)) - Pipeline Placement: Doesn't meet the criteria to be viable node： e6b1165a-2e40-428d-b2f2-7ef8f5104c17 Heaviness: 6 limit: 5
2019-09-20 08:26:21,734 [grpc-default-executor-0] INFO  impl.RaftServerProxy (RaftServerProxy.java:addNew(89)) - de37e2fb-a650-4b9c-bc67-7b250b0aee85: addNew group-C823A8A1F10C:[de37e2fb-a650-4b9c-bc67-7b250b0aee85:192.168.34.27:46843] returns group-C823A8A1F10C:java.util.concurrent.CompletableFuture@4e563176[Not completed]
2019-09-20 08:26:21,735 [pool-197-thread-1] INFO  impl.RaftServerImpl (RaftServerImpl.java:<init>(93)) - de37e2fb-a650-4b9c-bc67-7b250b0aee85: new RaftServerImpl for group-C823A8A1F10C:[de37e2fb-a650-4b9c-bc67-7b250b0aee85:192.168.34.27:46843] with ContainerStateMachine:uninitialized
2019-09-20 08:26:21,735 [pool-197-thread-1] INFO  server.RaftServerConfigKeys (ConfUtils.java:logGet(43)) - raft.server.rpc.timeout.min = 5s (custom)
2019-09-20 08:26:21,735 [pool-197-thread-1] INFO  server.RaftServerConfigKeys (ConfUtils.java:logGet(43)) - raft.server.rpc.timeout.max = 5200ms (custom)
2019-09-20 08:26:21,736 [pool-197-thread-1] INFO  server.RaftServerConfigKeys (ConfUtils.java:logGet(43)) - raft.server.rpcslowness.timeout = 120s (custom)
2019-09-20 08:26:21,736 [pool-197-thread-1] INFO  server.RaftServerConfigKeys (ConfUtils.java:logGet(43)) - raft.server.sleep.deviation.threshold = 300 (default)
2019-09-20 08:26:21,736 [pool-197-thread-1] INFO  server.RaftServerConfigKeys (ConfUtils.java:logGet(43)) - raft.server.log.appender.install.snapshot.enabled = false (custom)
2019-09-20 08:26:21,736 [pool-197-thread-1] INFO  impl.RaftServerImpl (ServerState.java:<init>(105)) - de37e2fb-a650-4b9c-bc67-7b250b0aee85:group-C823A8A1F10C ConfigurationManager, init=-1: [de37e2fb-a650-4b9c-bc67-7b250b0aee85:192.168.34.27:46843], old=null, confs=<EMPTY_MAP>
2019-09-20 08:26:21,736 [pool-197-thread-1] INFO  server.RaftServerConfigKeys (ConfUtils.java:logGet(43)) - raft.server.storage.dir = [/workdir/hadoop-ozone/ozonefs/target/test-dir/MiniOzoneClusterImpl-4da4ca98-8075-486b-8359-c950a16dd890/datanode-1/data/ratis] (custom)
2019-09-20 08:26:21,736 [pool-197-thread-1] INFO  storage.RaftStorageDirectory (RaftStorageDirectory.java:analyzeStorage(246)) - The storage directory /workdir/hadoop-ozone/ozonefs/target/test-dir/MiniOzoneClusterImpl-4da4ca98-8075-486b-8359-c950a16dd890/datanode-1/data/ratis/ec1c5a31-a936-4596-8d62-c823a8a1f10c does not exist. Creating ...
2019-09-20 08:26:21,749 [pool-197-thread-1] INFO  storage.RaftStorageDirectory (RaftStorageDirectory.java:tryLock(328)) - Lock on /workdir/hadoop-ozone/ozonefs/target/test-dir/MiniOzoneClusterImpl-4da4ca98-8075-486b-8359-c950a16dd890/datanode-1/data/ratis/ec1c5a31-a936-4596-8d62-c823a8a1f10c/in_use.lock acquired by nodename 28782@pr-hdds-1569-6tbh6-3362816358
2019-09-20 08:26:21,763 [pool-197-thread-1] INFO  storage.RaftStorage (RaftStorage.java:format(72)) - Storage directory /workdir/hadoop-ozone/ozonefs/target/test-dir/MiniOzoneClusterImpl-4da4ca98-8075-486b-8359-c950a16dd890/datanode-1/data/ratis/ec1c5a31-a936-4596-8d62-c823a8a1f10c has been successfully formatted.
2019-09-20 08:26:21,764 [pool-197-thread-1] INFO  ratis.ContainerStateMachine (ContainerStateMachine.java:loadSnapshot(226)) - group-C823A8A1F10C: The snapshot info is null. Setting the last applied indexto:(t:0, i:~)
2019-09-20 08:26:21,764 [pool-197-thread-1] INFO  server.RaftServerConfigKeys (ConfUtils.java:logGet(43)) - raft.server.leader.election.timeout = 120s (custom)
2019-09-20 08:26:21,764 [pool-197-thread-1] INFO  server.RaftServerConfigKeys (ConfUtils.java:logGet(43)) - raft.server.log.use.memory = false (default)
2019-09-20 08:26:21,764 [pool-197-thread-1] INFO  server.RaftServerConfigKeys (ConfUtils.java:logGet(43)) - raft.server.log.purge.gap = 1000000 (custom)
2019-09-20 08:26:21,764 [pool-197-thread-1] INFO  server.RaftServerConfigKeys (ConfUtils.java:logGet(43)) - raft.server.log.appender.buffer.byte-limit = 33554432 (custom)
2019-09-20 08:26:21,764 [pool-197-thread-1] INFO  server.RaftServerConfigKeys (ConfUtils.java:logGet(43)) - raft.server.log.segment.size.max = 1048576 (custom)
2019-09-20 08:26:21,765 [pool-197-thread-1] INFO  server.RaftServerConfigKeys (ConfUtils.java:logGet(43)) - raft.server.log.segment.cache.num.max = 2 (custom)
2019-09-20 08:26:21,765 [pool-197-thread-1] INFO  segmented.SegmentedRaftLogWorker (SegmentedRaftLogWorker.java:<init>(172)) - new de37e2fb-a650-4b9c-bc67-7b250b0aee85-SegmentedRaftLogWorker:Storage Directory /workdir/hadoop-ozone/ozonefs/target/test-dir/MiniOzoneClusterImpl-4da4ca98-8075-486b-8359-c950a16dd890/datanode-1/data/ratis/ec1c5a31-a936-4596-8d62-c823a8a1f10c for RaftStorage:Storage Directory /workdir/hadoop-ozone/ozonefs/target/test-dir/MiniOzoneClusterImpl-4da4ca98-8075-486b-8359-c950a16dd890/datanode-1/data/ratis/ec1c5a31-a936-4596-8d62-c823a8a1f10c
2019-09-20 08:26:21,765 [pool-197-thread-1] INFO  server.RaftServerConfigKeys (ConfUtils.java:logGet(43)) - raft.server.log.queue.byte-limit = 2147483647 (custom)
2019-09-20 08:26:21,765 [pool-197-thread-1] INFO  server.RaftServerConfigKeys (ConfUtils.java:logGet(43)) - raft.server.log.queue.element-limit = 1024 (custom)
2019-09-20 08:26:21,765 [pool-197-thread-1] INFO  server.RaftServerConfigKeys (ConfUtils.java:logGet(43)) - raft.server.log.segment.size.max = 1048576 (custom)
2019-09-20 08:26:21,765 [pool-197-thread-1] INFO  server.RaftServerConfigKeys (ConfUtils.java:logGet(43)) - raft.server.log.preallocated.size = 16384 (custom)
2019-09-20 08:26:21,765 [pool-197-thread-1] INFO  server.RaftServerConfigKeys (ConfUtils.java:logGet(43)) - raft.server.log.write.buffer.size = 33554432 (custom)
2019-09-20 08:26:21,766 [pool-197-thread-1] INFO  server.RaftServerConfigKeys (ConfUtils.java:logGet(43)) - raft.server.log.force.sync.num = 128 (default)
2019-09-20 08:26:21,766 [pool-197-thread-1] INFO  server.RaftServerConfigKeys (ConfUtils.java:logGet(43)) - raft.server.log.statemachine.data.sync = true (default)
2019-09-20 08:26:21,766 [pool-197-thread-1] INFO  server.RaftServerConfigKeys (ConfUtils.java:logGet(43)) - raft.server.log.statemachine.data.sync.timeout = 10s (default)
2019-09-20 08:26:21,766 [pool-197-thread-1] INFO  server.RaftServerConfigKeys (ConfUtils.java:logGet(43)) - raft.server.log.statemachine.data.sync.timeout.retry = -1 (default)
2019-09-20 08:26:21,766 [pool-197-thread-1] INFO  server.RaftServerConfigKeys (ConfUtils.java:logGet(43)) - raft.server.log.statemachine.data.caching.enabled = true (custom)
2019-09-20 08:26:21,766 [pool-197-thread-1] INFO  segmented.SegmentedRaftLogWorker (SegmentedRaftLogWorker.java:lambda$new$0(132)) - de37e2fb-a650-4b9c-bc67-7b250b0aee85-SegmentedRaftLogWorker:Storage Directory /workdir/hadoop-ozone/ozonefs/target/test-dir/MiniOzoneClusterImpl-4da4ca98-8075-486b-8359-c950a16dd890/datanode-1/data/ratis/ec1c5a31-a936-4596-8d62-c823a8a1f10c: flushIndex: setUnconditionally 0 -> -1
2019-09-20 08:26:21,767 [pool-197-thread-1] INFO  server.RaftServerConfigKeys (ConfUtils.java:logGet(43)) - raft.server.snapshot.auto.trigger.enabled = true (custom)
2019-09-20 08:26:21,767 [pool-197-thread-1] INFO  server.RaftServerConfigKeys (ConfUtils.java:logGet(43)) - raft.server.snapshot.auto.trigger.threshold = 10000 (custom)
2019-09-20 08:26:21,767 [pool-197-thread-1] INFO  server.RaftServerConfigKeys (ConfUtils.java:logGet(43)) - raft.server.retrycache.expirytime = 600000ms (custom)
2019-09-20 08:26:21,767 [pool-197-thread-1] INFO  impl.RaftServerImpl (RaftServerImpl.java:start(180)) - de37e2fb-a650-4b9c-bc67-7b250b0aee85: start group-C823A8A1F10C
2019-09-20 08:26:21,767 [pool-197-thread-1] INFO  impl.RaftServerImpl (RaftServerImpl.java:setRole(171)) - de37e2fb-a650-4b9c-bc67-7b250b0aee85:group-C823A8A1F10C changes role from null to FOLLOWER at term 0 for startAsFollower
2019-09-20 08:26:21,768 [pool-197-thread-1] INFO  impl.RoleInfo (RoleInfo.java:updateAndGet(143)) - de37e2fb-a650-4b9c-bc67-7b250b0aee85: start FollowerState
2019-09-20 08:26:21,768 [pool-197-thread-1] INFO  util.JmxRegister (JmxRegister.java:tryRegister(44)) - Successfully registered JMX Bean with object name Ratis:service=RaftServer,group=group-C823A8A1F10C,id=de37e2fb-a650-4b9c-bc67-7b250b0aee85
2019-09-20 08:26:21,771 [RatisPipelineUtilsThread] INFO  pipeline.PipelineStateManager (PipelineStateManager.java:addPipeline(56)) - Created pipeline Pipeline[ Id: ec1c5a31-a936-4596-8d62-c823a8a1f10c, Nodes: de37e2fb-a650-4b9c-bc67-7b250b0aee85{ip: 192.168.34.27, host: pr-hdds-1569-6tbh6-3362816358, networkLocation: /default-rack, certSerialId: null}, Type:RATIS, Factor:ONE, State:OPEN]
2019-09-20 08:26:21,771 [RatisPipelineUtilsThread] INFO  pipeline.PipelinePlacementPolicy (PipelinePlacementPolicy.java:meetCriteria(91)) - Pipeline Placement: Doesn't meet the criteria to be viable node： e6b1165a-2e40-428d-b2f2-7ef8f5104c17 Heaviness: 6 limit: 5
2019-09-20 08:26:21,776 [grpc-default-executor-0] INFO  impl.RaftServerProxy (RaftServerProxy.java:addNew(89)) - de37e2fb-a650-4b9c-bc67-7b250b0aee85: addNew group-E39E6BA3B5A0:[de37e2fb-a650-4b9c-bc67-7b250b0aee85:192.168.34.27:46843] returns group-E39E6BA3B5A0:java.util.concurrent.CompletableFuture@7a3f4d6b[Not completed]
2019-09-20 08:26:21,777 [pool-197-thread-1] INFO  impl.RaftServerImpl (RaftServerImpl.java:<init>(93)) - de37e2fb-a650-4b9c-bc67-7b250b0aee85: new RaftServerImpl for group-E39E6BA3B5A0:[de37e2fb-a650-4b9c-bc67-7b250b0aee85:192.168.34.27:46843] with ContainerStateMachine:uninitialized
2019-09-20 08:26:21,777 [pool-197-thread-1] INFO  server.RaftServerConfigKeys (ConfUtils.java:logGet(43)) - raft.server.rpc.timeout.min = 5s (custom)
2019-09-20 08:26:21,777 [pool-197-thread-1] INFO  server.RaftServerConfigKeys (ConfUtils.java:logGet(43)) - raft.server.rpc.timeout.max = 5200ms (custom)
2019-09-20 08:26:21,777 [pool-197-thread-1] INFO  server.RaftServerConfigKeys (ConfUtils.java:logGet(43)) - raft.server.rpcslowness.timeout = 120s (custom)
2019-09-20 08:26:21,778 [pool-197-thread-1] INFO  server.RaftServerConfigKeys (ConfUtils.java:logGet(43)) - raft.server.sleep.deviation.threshold = 300 (default)
2019-09-20 08:26:21,778 [pool-197-thread-1] INFO  server.RaftServerConfigKeys (ConfUtils.java:logGet(43)) - raft.server.log.appender.install.snapshot.enabled = false (custom)
2019-09-20 08:26:21,778 [pool-197-thread-1] INFO  impl.RaftServerImpl (ServerState.java:<init>(105)) - de37e2fb-a650-4b9c-bc67-7b250b0aee85:group-E39E6BA3B5A0 ConfigurationManager, init=-1: [de37e2fb-a650-4b9c-bc67-7b250b0aee85:192.168.34.27:46843], old=null, confs=<EMPTY_MAP>
2019-09-20 08:26:21,778 [pool-197-thread-1] INFO  server.RaftServerConfigKeys (ConfUtils.java:logGet(43)) - raft.server.storage.dir = [/workdir/hadoop-ozone/ozonefs/target/test-dir/MiniOzoneClusterImpl-4da4ca98-8075-486b-8359-c950a16dd890/datanode-1/data/ratis] (custom)
2019-09-20 08:26:21,778 [pool-197-thread-1] INFO  storage.RaftStorageDirectory (RaftStorageDirectory.java:analyzeStorage(246)) - The storage directory /workdir/hadoop-ozone/ozonefs/target/test-dir/MiniOzoneClusterImpl-4da4ca98-8075-486b-8359-c950a16dd890/datanode-1/data/ratis/0b3c003d-8bc1-4c75-a039-e39e6ba3b5a0 does not exist. Creating ...
2019-09-20 08:26:21,791 [pool-197-thread-1] INFO  storage.RaftStorageDirectory (RaftStorageDirectory.java:tryLock(328)) - Lock on /workdir/hadoop-ozone/ozonefs/target/test-dir/MiniOzoneClusterImpl-4da4ca98-8075-486b-8359-c950a16dd890/datanode-1/data/ratis/0b3c003d-8bc1-4c75-a039-e39e6ba3b5a0/in_use.lock acquired by nodename 28782@pr-hdds-1569-6tbh6-3362816358
2019-09-20 08:26:21,803 [pool-197-thread-1] INFO  storage.RaftStorage (RaftStorage.java:format(72)) - Storage directory /workdir/hadoop-ozone/ozonefs/target/test-dir/MiniOzoneClusterImpl-4da4ca98-8075-486b-8359-c950a16dd890/datanode-1/data/ratis/0b3c003d-8bc1-4c75-a039-e39e6ba3b5a0 has been successfully formatted.
2019-09-20 08:26:21,804 [pool-197-thread-1] INFO  ratis.ContainerStateMachine (ContainerStateMachine.java:loadSnapshot(226)) - group-E39E6BA3B5A0: The snapshot info is null. Setting the last applied indexto:(t:0, i:~)
2019-09-20 08:26:21,804 [pool-197-thread-1] INFO  server.RaftServerConfigKeys (ConfUtils.java:logGet(43)) - raft.server.leader.election.timeout = 120s (custom)
2019-09-20 08:26:21,804 [pool-197-thread-1] INFO  server.RaftServerConfigKeys (ConfUtils.java:logGet(43)) - raft.server.log.use.memory = false (default)
2019-09-20 08:26:21,804 [pool-197-thread-1] INFO  server.RaftServerConfigKeys (ConfUtils.java:logGet(43)) - raft.server.log.purge.gap = 1000000 (custom)
2019-09-20 08:26:21,804 [pool-197-thread-1] INFO  server.RaftServerConfigKeys (ConfUtils.java:logGet(43)) - raft.server.log.appender.buffer.byte-limit = 33554432 (custom)
2019-09-20 08:26:21,804 [pool-197-thread-1] INFO  server.RaftServerConfigKeys (ConfUtils.java:logGet(43)) - raft.server.log.segment.size.max = 1048576 (custom)
2019-09-20 08:26:21,805 [pool-197-thread-1] INFO  server.RaftServerConfigKeys (ConfUtils.java:logGet(43)) - raft.server.log.segment.cache.num.max = 2 (custom)
2019-09-20 08:26:21,805 [pool-197-thread-1] INFO  segmented.SegmentedRaftLogWorker (SegmentedRaftLogWorker.java:<init>(172)) - new de37e2fb-a650-4b9c-bc67-7b250b0aee85-SegmentedRaftLogWorker:Storage Directory /workdir/hadoop-ozone/ozonefs/target/test-dir/MiniOzoneClusterImpl-4da4ca98-8075-486b-8359-c950a16dd890/datanode-1/data/ratis/0b3c003d-8bc1-4c75-a039-e39e6ba3b5a0 for RaftStorage:Storage Directory /workdir/hadoop-ozone/ozonefs/target/test-dir/MiniOzoneClusterImpl-4da4ca98-8075-486b-8359-c950a16dd890/datanode-1/data/ratis/0b3c003d-8bc1-4c75-a039-e39e6ba3b5a0
2019-09-20 08:26:21,805 [pool-197-thread-1] INFO  server.RaftServerConfigKeys (ConfUtils.java:logGet(43)) - raft.server.log.queue.byte-limit = 2147483647 (custom)
2019-09-20 08:26:21,805 [pool-197-thread-1] INFO  server.RaftServerConfigKeys (ConfUtils.java:logGet(43)) - raft.server.log.queue.element-limit = 1024 (custom)
2019-09-20 08:26:21,805 [pool-197-thread-1] INFO  server.RaftServerConfigKeys (ConfUtils.java:logGet(43)) - raft.server.log.segment.size.max = 1048576 (custom)
2019-09-20 08:26:21,805 [pool-197-thread-1] INFO  server.RaftServerConfigKeys (ConfUtils.java:logGet(43)) - raft.server.log.preallocated.size = 16384 (custom)
2019-09-20 08:26:21,805 [pool-197-thread-1] INFO  server.RaftServerConfigKeys (ConfUtils.java:logGet(43)) - raft.server.log.write.buffer.size = 33554432 (custom)
2019-09-20 08:26:21,806 [pool-197-thread-1] INFO  server.RaftServerConfigKeys (ConfUtils.java:logGet(43)) - raft.server.log.force.sync.num = 128 (default)
2019-09-20 08:26:21,806 [pool-197-thread-1] INFO  server.RaftServerConfigKeys (ConfUtils.java:logGet(43)) - raft.server.log.statemachine.data.sync = true (default)
2019-09-20 08:26:21,806 [pool-197-thread-1] INFO  server.RaftServerConfigKeys (ConfUtils.java:logGet(43)) - raft.server.log.statemachine.data.sync.timeout = 10s (default)
2019-09-20 08:26:21,806 [pool-197-thread-1] INFO  server.RaftServerConfigKeys (ConfUtils.java:logGet(43)) - raft.server.log.statemachine.data.sync.timeout.retry = -1 (default)
2019-09-20 08:26:21,806 [pool-197-thread-1] INFO  server.RaftServerConfigKeys (ConfUtils.java:logGet(43)) - raft.server.log.statemachine.data.caching.enabled = true (custom)
2019-09-20 08:26:21,806 [pool-197-thread-1] INFO  segmented.SegmentedRaftLogWorker (SegmentedRaftLogWorker.java:lambda$new$0(132)) - de37e2fb-a650-4b9c-bc67-7b250b0aee85-SegmentedRaftLogWorker:Storage Directory /workdir/hadoop-ozone/ozonefs/target/test-dir/MiniOzoneClusterImpl-4da4ca98-8075-486b-8359-c950a16dd890/datanode-1/data/ratis/0b3c003d-8bc1-4c75-a039-e39e6ba3b5a0: flushIndex: setUnconditionally 0 -> -1
2019-09-20 08:26:21,807 [pool-197-thread-1] INFO  server.RaftServerConfigKeys (ConfUtils.java:logGet(43)) - raft.server.snapshot.auto.trigger.enabled = true (custom)
2019-09-20 08:26:21,807 [pool-197-thread-1] INFO  server.RaftServerConfigKeys (ConfUtils.java:logGet(43)) - raft.server.snapshot.auto.trigger.threshold = 10000 (custom)
2019-09-20 08:26:21,807 [pool-197-thread-1] INFO  server.RaftServerConfigKeys (ConfUtils.java:logGet(43)) - raft.server.retrycache.expirytime = 600000ms (custom)
2019-09-20 08:26:21,807 [pool-197-thread-1] INFO  impl.RaftServerImpl (RaftServerImpl.java:start(180)) - de37e2fb-a650-4b9c-bc67-7b250b0aee85: start group-E39E6BA3B5A0
2019-09-20 08:26:21,807 [pool-197-thread-1] INFO  impl.RaftServerImpl (RaftServerImpl.java:setRole(171)) - de37e2fb-a650-4b9c-bc67-7b250b0aee85:group-E39E6BA3B5A0 changes role from null to FOLLOWER at term 0 for startAsFollower
2019-09-20 08:26:21,808 [pool-197-thread-1] INFO  impl.RoleInfo (RoleInfo.java:updateAndGet(143)) - de37e2fb-a650-4b9c-bc67-7b250b0aee85: start FollowerState
2019-09-20 08:26:21,808 [pool-197-thread-1] INFO  util.JmxRegister (JmxRegister.java:tryRegister(44)) - Successfully registered JMX Bean with object name Ratis:service=RaftServer,group=group-E39E6BA3B5A0,id=de37e2fb-a650-4b9c-bc67-7b250b0aee85
2019-09-20 08:26:21,810 [RatisPipelineUtilsThread] INFO  pipeline.PipelineStateManager (PipelineStateManager.java:addPipeline(56)) - Created pipeline Pipeline[ Id: 0b3c003d-8bc1-4c75-a039-e39e6ba3b5a0, Nodes: de37e2fb-a650-4b9c-bc67-7b250b0aee85{ip: 192.168.34.27, host: pr-hdds-1569-6tbh6-3362816358, networkLocation: /default-rack, certSerialId: null}, Type:RATIS, Factor:ONE, State:OPEN]
2019-09-20 08:26:21,811 [RatisPipelineUtilsThread] INFO  pipeline.PipelinePlacementPolicy (PipelinePlacementPolicy.java:meetCriteria(91)) - Pipeline Placement: Doesn't meet the criteria to be viable node： e6b1165a-2e40-428d-b2f2-7ef8f5104c17 Heaviness: 6 limit: 5
2019-09-20 08:26:21,816 [grpc-default-executor-0] INFO  impl.RaftServerProxy (RaftServerProxy.java:addNew(89)) - de37e2fb-a650-4b9c-bc67-7b250b0aee85: addNew group-997C523A0A07:[de37e2fb-a650-4b9c-bc67-7b250b0aee85:192.168.34.27:46843] returns group-997C523A0A07:java.util.concurrent.CompletableFuture@3a4f112c[Not completed]
2019-09-20 08:26:21,817 [pool-197-thread-1] INFO  impl.RaftServerImpl (RaftServerImpl.java:<init>(93)) - de37e2fb-a650-4b9c-bc67-7b250b0aee85: new RaftServerImpl for group-997C523A0A07:[de37e2fb-a650-4b9c-bc67-7b250b0aee85:192.168.34.27:46843] with ContainerStateMachine:uninitialized
2019-09-20 08:26:21,817 [pool-197-thread-1] INFO  server.RaftServerConfigKeys (ConfUtils.java:logGet(43)) - raft.server.rpc.timeout.min = 5s (custom)
2019-09-20 08:26:21,817 [pool-197-thread-1] INFO  server.RaftServerConfigKeys (ConfUtils.java:logGet(43)) - raft.server.rpc.timeout.max = 5200ms (custom)
2019-09-20 08:26:21,817 [pool-197-thread-1] INFO  server.RaftServerConfigKeys (ConfUtils.java:logGet(43)) - raft.server.rpcslowness.timeout = 120s (custom)
2019-09-20 08:26:21,817 [pool-197-thread-1] INFO  server.RaftServerConfigKeys (ConfUtils.java:logGet(43)) - raft.server.sleep.deviation.threshold = 300 (default)
2019-09-20 08:26:21,817 [pool-197-thread-1] INFO  server.RaftServerConfigKeys (ConfUtils.java:logGet(43)) - raft.server.log.appender.install.snapshot.enabled = false (custom)
2019-09-20 08:26:21,817 [pool-197-thread-1] INFO  impl.RaftServerImpl (ServerState.java:<init>(105)) - de37e2fb-a650-4b9c-bc67-7b250b0aee85:group-997C523A0A07 ConfigurationManager, init=-1: [de37e2fb-a650-4b9c-bc67-7b250b0aee85:192.168.34.27:46843], old=null, confs=<EMPTY_MAP>
2019-09-20 08:26:21,818 [pool-197-thread-1] INFO  server.RaftServerConfigKeys (ConfUtils.java:logGet(43)) - raft.server.storage.dir = [/workdir/hadoop-ozone/ozonefs/target/test-dir/MiniOzoneClusterImpl-4da4ca98-8075-486b-8359-c950a16dd890/datanode-1/data/ratis] (custom)
2019-09-20 08:26:21,818 [pool-197-thread-1] INFO  storage.RaftStorageDirectory (RaftStorageDirectory.java:analyzeStorage(246)) - The storage directory /workdir/hadoop-ozone/ozonefs/target/test-dir/MiniOzoneClusterImpl-4da4ca98-8075-486b-8359-c950a16dd890/datanode-1/data/ratis/21f86ada-f0b9-458f-97bb-997c523a0a07 does not exist. Creating ...
2019-09-20 08:26:21,871 [pool-197-thread-1] INFO  storage.RaftStorageDirectory (RaftStorageDirectory.java:tryLock(328)) - Lock on /workdir/hadoop-ozone/ozonefs/target/test-dir/MiniOzoneClusterImpl-4da4ca98-8075-486b-8359-c950a16dd890/datanode-1/data/ratis/21f86ada-f0b9-458f-97bb-997c523a0a07/in_use.lock acquired by nodename 28782@pr-hdds-1569-6tbh6-3362816358
2019-09-20 08:26:21,885 [pool-197-thread-1] INFO  storage.RaftStorage (RaftStorage.java:format(72)) - Storage directory /workdir/hadoop-ozone/ozonefs/target/test-dir/MiniOzoneClusterImpl-4da4ca98-8075-486b-8359-c950a16dd890/datanode-1/data/ratis/21f86ada-f0b9-458f-97bb-997c523a0a07 has been successfully formatted.
2019-09-20 08:26:21,885 [pool-197-thread-1] INFO  ratis.ContainerStateMachine (ContainerStateMachine.java:loadSnapshot(226)) - group-997C523A0A07: The snapshot info is null. Setting the last applied indexto:(t:0, i:~)
2019-09-20 08:26:21,885 [pool-197-thread-1] INFO  server.RaftServerConfigKeys (ConfUtils.java:logGet(43)) - raft.server.leader.election.timeout = 120s (custom)
2019-09-20 08:26:21,885 [pool-197-thread-1] INFO  server.RaftServerConfigKeys (ConfUtils.java:logGet(43)) - raft.server.log.use.memory = false (default)
2019-09-20 08:26:21,886 [pool-197-thread-1] INFO  server.RaftServerConfigKeys (ConfUtils.java:logGet(43)) - raft.server.log.purge.gap = 1000000 (custom)
2019-09-20 08:26:21,886 [pool-197-thread-1] INFO  server.RaftServerConfigKeys (ConfUtils.java:logGet(43)) - raft.server.log.appender.buffer.byte-limit = 33554432 (custom)
2019-09-20 08:26:21,886 [pool-197-thread-1] INFO  server.RaftServerConfigKeys (ConfUtils.java:logGet(43)) - raft.server.log.segment.size.max = 1048576 (custom)
2019-09-20 08:26:21,886 [pool-197-thread-1] INFO  server.RaftServerConfigKeys (ConfUtils.java:logGet(43)) - raft.server.log.segment.cache.num.max = 2 (custom)
2019-09-20 08:26:21,886 [pool-197-thread-1] INFO  segmented.SegmentedRaftLogWorker (SegmentedRaftLogWorker.java:<init>(172)) - new de37e2fb-a650-4b9c-bc67-7b250b0aee85-SegmentedRaftLogWorker:Storage Directory /workdir/hadoop-ozone/ozonefs/target/test-dir/MiniOzoneClusterImpl-4da4ca98-8075-486b-8359-c950a16dd890/datanode-1/data/ratis/21f86ada-f0b9-458f-97bb-997c523a0a07 for RaftStorage:Storage Directory /workdir/hadoop-ozone/ozonefs/target/test-dir/MiniOzoneClusterImpl-4da4ca98-8075-486b-8359-c950a16dd890/datanode-1/data/ratis/21f86ada-f0b9-458f-97bb-997c523a0a07
2019-09-20 08:26:21,886 [pool-197-thread-1] INFO  server.RaftServerConfigKeys (ConfUtils.java:logGet(43)) - raft.server.log.queue.byte-limit = 2147483647 (custom)
2019-09-20 08:26:21,887 [pool-197-thread-1] INFO  server.RaftServerConfigKeys (ConfUtils.java:logGet(43)) - raft.server.log.queue.element-limit = 1024 (custom)
2019-09-20 08:26:21,887 [pool-197-thread-1] INFO  server.RaftServerConfigKeys (ConfUtils.java:logGet(43)) - raft.server.log.segment.size.max = 1048576 (custom)
2019-09-20 08:26:21,887 [pool-197-thread-1] INFO  server.RaftServerConfigKeys (ConfUtils.java:logGet(43)) - raft.server.log.preallocated.size = 16384 (custom)
2019-09-20 08:26:21,887 [pool-197-thread-1] INFO  server.RaftServerConfigKeys (ConfUtils.java:logGet(43)) - raft.server.log.write.buffer.size = 33554432 (custom)
2019-09-20 08:26:21,887 [pool-197-thread-1] INFO  server.RaftServerConfigKeys (ConfUtils.java:logGet(43)) - raft.server.log.force.sync.num = 128 (default)
2019-09-20 08:26:21,887 [pool-197-thread-1] INFO  server.RaftServerConfigKeys (ConfUtils.java:logGet(43)) - raft.server.log.statemachine.data.sync = true (default)
2019-09-20 08:26:21,888 [pool-197-thread-1] INFO  server.RaftServerConfigKeys (ConfUtils.java:logGet(43)) - raft.server.log.statemachine.data.sync.timeout = 10s (default)
2019-09-20 08:26:21,888 [pool-197-thread-1] INFO  server.RaftServerConfigKeys (ConfUtils.java:logGet(43)) - raft.server.log.statemachine.data.sync.timeout.retry = -1 (default)
2019-09-20 08:26:21,888 [pool-197-thread-1] INFO  server.RaftServerConfigKeys (ConfUtils.java:logGet(43)) - raft.server.log.statemachine.data.caching.enabled = true (custom)
2019-09-20 08:26:21,888 [pool-197-thread-1] INFO  segmented.SegmentedRaftLogWorker (SegmentedRaftLogWorker.java:lambda$new$0(132)) - de37e2fb-a650-4b9c-bc67-7b250b0aee85-SegmentedRaftLogWorker:Storage Directory /workdir/hadoop-ozone/ozonefs/target/test-dir/MiniOzoneClusterImpl-4da4ca98-8075-486b-8359-c950a16dd890/datanode-1/data/ratis/21f86ada-f0b9-458f-97bb-997c523a0a07: flushIndex: setUnconditionally 0 -> -1
2019-09-20 08:26:21,889 [pool-197-thread-1] INFO  server.RaftServerConfigKeys (ConfUtils.java:logGet(43)) - raft.server.snapshot.auto.trigger.enabled = true (custom)
2019-09-20 08:26:21,889 [pool-197-thread-1] INFO  server.RaftServerConfigKeys (ConfUtils.java:logGet(43)) - raft.server.snapshot.auto.trigger.threshold = 10000 (custom)
2019-09-20 08:26:21,889 [pool-197-thread-1] INFO  server.RaftServerConfigKeys (ConfUtils.java:logGet(43)) - raft.server.retrycache.expirytime = 600000ms (custom)
2019-09-20 08:26:21,889 [pool-197-thread-1] INFO  impl.RaftServerImpl (RaftServerImpl.java:start(180)) - de37e2fb-a650-4b9c-bc67-7b250b0aee85: start group-997C523A0A07
2019-09-20 08:26:21,889 [pool-197-thread-1] INFO  impl.RaftServerImpl (RaftServerImpl.java:setRole(171)) - de37e2fb-a650-4b9c-bc67-7b250b0aee85:group-997C523A0A07 changes role from null to FOLLOWER at term 0 for startAsFollower
2019-09-20 08:26:21,890 [pool-197-thread-1] INFO  impl.RoleInfo (RoleInfo.java:updateAndGet(143)) - de37e2fb-a650-4b9c-bc67-7b250b0aee85: start FollowerState
2019-09-20 08:26:21,890 [pool-197-thread-1] INFO  util.JmxRegister (JmxRegister.java:tryRegister(44)) - Successfully registered JMX Bean with object name Ratis:service=RaftServer,group=group-997C523A0A07,id=de37e2fb-a650-4b9c-bc67-7b250b0aee85
2019-09-20 08:26:21,893 [RatisPipelineUtilsThread] INFO  pipeline.PipelineStateManager (PipelineStateManager.java:addPipeline(56)) - Created pipeline Pipeline[ Id: 21f86ada-f0b9-458f-97bb-997c523a0a07, Nodes: de37e2fb-a650-4b9c-bc67-7b250b0aee85{ip: 192.168.34.27, host: pr-hdds-1569-6tbh6-3362816358, networkLocation: /default-rack, certSerialId: null}, Type:RATIS, Factor:ONE, State:OPEN]
2019-09-20 08:26:21,893 [RatisPipelineUtilsThread] INFO  pipeline.PipelinePlacementPolicy (PipelinePlacementPolicy.java:meetCriteria(91)) - Pipeline Placement: Doesn't meet the criteria to be viable node： e6b1165a-2e40-428d-b2f2-7ef8f5104c17 Heaviness: 6 limit: 5
2019-09-20 08:26:21,893 [RatisPipelineUtilsThread] INFO  pipeline.PipelinePlacementPolicy (PipelinePlacementPolicy.java:meetCriteria(91)) - Pipeline Placement: Doesn't meet the criteria to be viable node： de37e2fb-a650-4b9c-bc67-7b250b0aee85 Heaviness: 6 limit: 5
2019-09-20 08:26:21,899 [grpc-default-executor-0] INFO  impl.RaftServerProxy (RaftServerProxy.java:addNew(89)) - aa98e893-95a3-4426-8c3d-7852b9d4d01a: addNew group-72A85B5D7097:[aa98e893-95a3-4426-8c3d-7852b9d4d01a:192.168.34.27:44381] returns group-72A85B5D7097:java.util.concurrent.CompletableFuture@930207e[Not completed]
2019-09-20 08:26:21,901 [pool-208-thread-1] INFO  impl.RaftServerImpl (RaftServerImpl.java:<init>(93)) - aa98e893-95a3-4426-8c3d-7852b9d4d01a: new RaftServerImpl for group-72A85B5D7097:[aa98e893-95a3-4426-8c3d-7852b9d4d01a:192.168.34.27:44381] with ContainerStateMachine:uninitialized
2019-09-20 08:26:21,901 [pool-208-thread-1] INFO  server.RaftServerConfigKeys (ConfUtils.java:logGet(43)) - raft.server.rpc.timeout.min = 5s (custom)
2019-09-20 08:26:21,901 [pool-208-thread-1] INFO  server.RaftServerConfigKeys (ConfUtils.java:logGet(43)) - raft.server.rpc.timeout.max = 5200ms (custom)
2019-09-20 08:26:21,901 [pool-208-thread-1] INFO  server.RaftServerConfigKeys (ConfUtils.java:logGet(43)) - raft.server.rpcslowness.timeout = 120s (custom)
2019-09-20 08:26:21,901 [pool-208-thread-1] INFO  server.RaftServerConfigKeys (ConfUtils.java:logGet(43)) - raft.server.sleep.deviation.threshold = 300 (default)
2019-09-20 08:26:21,902 [pool-208-thread-1] INFO  server.RaftServerConfigKeys (ConfUtils.java:logGet(43)) - raft.server.log.appender.install.snapshot.enabled = false (custom)
2019-09-20 08:26:21,902 [pool-208-thread-1] INFO  impl.RaftServerImpl (ServerState.java:<init>(105)) - aa98e893-95a3-4426-8c3d-7852b9d4d01a:group-72A85B5D7097 ConfigurationManager, init=-1: [aa98e893-95a3-4426-8c3d-7852b9d4d01a:192.168.34.27:44381], old=null, confs=<EMPTY_MAP>
2019-09-20 08:26:21,902 [pool-208-thread-1] INFO  server.RaftServerConfigKeys (ConfUtils.java:logGet(43)) - raft.server.storage.dir = [/workdir/hadoop-ozone/ozonefs/target/test-dir/MiniOzoneClusterImpl-4da4ca98-8075-486b-8359-c950a16dd890/datanode-2/data/ratis] (custom)
2019-09-20 08:26:21,902 [pool-208-thread-1] INFO  storage.RaftStorageDirectory (RaftStorageDirectory.java:analyzeStorage(246)) - The storage directory /workdir/hadoop-ozone/ozonefs/target/test-dir/MiniOzoneClusterImpl-4da4ca98-8075-486b-8359-c950a16dd890/datanode-2/data/ratis/ed53ee11-8ccc-44f8-b0bb-72a85b5d7097 does not exist. Creating ...
2019-09-20 08:26:21,907 [pool-208-thread-1] INFO  storage.RaftStorageDirectory (RaftStorageDirectory.java:tryLock(328)) - Lock on /workdir/hadoop-ozone/ozonefs/target/test-dir/MiniOzoneClusterImpl-4da4ca98-8075-486b-8359-c950a16dd890/datanode-2/data/ratis/ed53ee11-8ccc-44f8-b0bb-72a85b5d7097/in_use.lock acquired by nodename 28782@pr-hdds-1569-6tbh6-3362816358
2019-09-20 08:26:21,920 [pool-208-thread-1] INFO  storage.RaftStorage (RaftStorage.java:format(72)) - Storage directory /workdir/hadoop-ozone/ozonefs/target/test-dir/MiniOzoneClusterImpl-4da4ca98-8075-486b-8359-c950a16dd890/datanode-2/data/ratis/ed53ee11-8ccc-44f8-b0bb-72a85b5d7097 has been successfully formatted.
2019-09-20 08:26:21,921 [pool-208-thread-1] INFO  ratis.ContainerStateMachine (ContainerStateMachine.java:loadSnapshot(226)) - group-72A85B5D7097: The snapshot info is null. Setting the last applied indexto:(t:0, i:~)
2019-09-20 08:26:21,921 [pool-208-thread-1] INFO  server.RaftServerConfigKeys (ConfUtils.java:logGet(43)) - raft.server.leader.election.timeout = 120s (custom)
2019-09-20 08:26:21,921 [pool-208-thread-1] INFO  server.RaftServerConfigKeys (ConfUtils.java:logGet(43)) - raft.server.log.use.memory = false (default)
2019-09-20 08:26:21,921 [pool-208-thread-1] INFO  server.RaftServerConfigKeys (ConfUtils.java:logGet(43)) - raft.server.log.purge.gap = 1000000 (custom)
2019-09-20 08:26:21,921 [pool-208-thread-1] INFO  server.RaftServerConfigKeys (ConfUtils.java:logGet(43)) - raft.server.log.appender.buffer.byte-limit = 33554432 (custom)
2019-09-20 08:26:21,921 [pool-208-thread-1] INFO  server.RaftServerConfigKeys (ConfUtils.java:logGet(43)) - raft.server.log.segment.size.max = 1048576 (custom)
2019-09-20 08:26:21,921 [pool-208-thread-1] INFO  server.RaftServerConfigKeys (ConfUtils.java:logGet(43)) - raft.server.log.segment.cache.num.max = 2 (custom)
2019-09-20 08:26:21,922 [pool-208-thread-1] INFO  segmented.SegmentedRaftLogWorker (SegmentedRaftLogWorker.java:<init>(172)) - new aa98e893-95a3-4426-8c3d-7852b9d4d01a-SegmentedRaftLogWorker:Storage Directory /workdir/hadoop-ozone/ozonefs/target/test-dir/MiniOzoneClusterImpl-4da4ca98-8075-486b-8359-c950a16dd890/datanode-2/data/ratis/ed53ee11-8ccc-44f8-b0bb-72a85b5d7097 for RaftStorage:Storage Directory /workdir/hadoop-ozone/ozonefs/target/test-dir/MiniOzoneClusterImpl-4da4ca98-8075-486b-8359-c950a16dd890/datanode-2/data/ratis/ed53ee11-8ccc-44f8-b0bb-72a85b5d7097
2019-09-20 08:26:21,922 [pool-208-thread-1] INFO  server.RaftServerConfigKeys (ConfUtils.java:logGet(43)) - raft.server.log.queue.byte-limit = 2147483647 (custom)
2019-09-20 08:26:21,922 [pool-208-thread-1] INFO  server.RaftServerConfigKeys (ConfUtils.java:logGet(43)) - raft.server.log.queue.element-limit = 1024 (custom)
2019-09-20 08:26:21,922 [pool-208-thread-1] INFO  server.RaftServerConfigKeys (ConfUtils.java:logGet(43)) - raft.server.log.segment.size.max = 1048576 (custom)
2019-09-20 08:26:21,922 [pool-208-thread-1] INFO  server.RaftServerConfigKeys (ConfUtils.java:logGet(43)) - raft.server.log.preallocated.size = 16384 (custom)
2019-09-20 08:26:21,922 [pool-208-thread-1] INFO  server.RaftServerConfigKeys (ConfUtils.java:logGet(43)) - raft.server.log.write.buffer.size = 33554432 (custom)
2019-09-20 08:26:21,922 [pool-208-thread-1] INFO  server.RaftServerConfigKeys (ConfUtils.java:logGet(43)) - raft.server.log.force.sync.num = 128 (default)
2019-09-20 08:26:21,923 [pool-208-thread-1] INFO  server.RaftServerConfigKeys (ConfUtils.java:logGet(43)) - raft.server.log.statemachine.data.sync = true (default)
2019-09-20 08:26:21,923 [pool-208-thread-1] INFO  server.RaftServerConfigKeys (ConfUtils.java:logGet(43)) - raft.server.log.statemachine.data.sync.timeout = 10s (default)
2019-09-20 08:26:21,923 [pool-208-thread-1] INFO  server.RaftServerConfigKeys (ConfUtils.java:logGet(43)) - raft.server.log.statemachine.data.sync.timeout.retry = -1 (default)
2019-09-20 08:26:21,923 [pool-208-thread-1] INFO  server.RaftServerConfigKeys (ConfUtils.java:logGet(43)) - raft.server.log.statemachine.data.caching.enabled = true (custom)
2019-09-20 08:26:21,923 [pool-208-thread-1] INFO  segmented.SegmentedRaftLogWorker (SegmentedRaftLogWorker.java:lambda$new$0(132)) - aa98e893-95a3-4426-8c3d-7852b9d4d01a-SegmentedRaftLogWorker:Storage Directory /workdir/hadoop-ozone/ozonefs/target/test-dir/MiniOzoneClusterImpl-4da4ca98-8075-486b-8359-c950a16dd890/datanode-2/data/ratis/ed53ee11-8ccc-44f8-b0bb-72a85b5d7097: flushIndex: setUnconditionally 0 -> -1
2019-09-20 08:26:21,925 [pool-208-thread-1] INFO  server.RaftServerConfigKeys (ConfUtils.java:logGet(43)) - raft.server.snapshot.auto.trigger.enabled = true (custom)
2019-09-20 08:26:21,925 [pool-208-thread-1] INFO  server.RaftServerConfigKeys (ConfUtils.java:logGet(43)) - raft.server.snapshot.auto.trigger.threshold = 10000 (custom)
2019-09-20 08:26:21,926 [pool-208-thread-1] INFO  server.RaftServerConfigKeys (ConfUtils.java:logGet(43)) - raft.server.retrycache.expirytime = 600000ms (custom)
2019-09-20 08:26:21,926 [pool-208-thread-1] INFO  impl.RaftServerImpl (RaftServerImpl.java:start(180)) - aa98e893-95a3-4426-8c3d-7852b9d4d01a: start group-72A85B5D7097
2019-09-20 08:26:21,926 [pool-208-thread-1] INFO  impl.RaftServerImpl (RaftServerImpl.java:setRole(171)) - aa98e893-95a3-4426-8c3d-7852b9d4d01a:group-72A85B5D7097 changes role from null to FOLLOWER at term 0 for startAsFollower
2019-09-20 08:26:21,926 [pool-208-thread-1] INFO  impl.RoleInfo (RoleInfo.java:updateAndGet(143)) - aa98e893-95a3-4426-8c3d-7852b9d4d01a: start FollowerState
2019-09-20 08:26:21,926 [pool-208-thread-1] INFO  util.JmxRegister (JmxRegister.java:tryRegister(44)) - Successfully registered JMX Bean with object name Ratis:service=RaftServer,group=group-72A85B5D7097,id=aa98e893-95a3-4426-8c3d-7852b9d4d01a
2019-09-20 08:26:21,929 [RatisPipelineUtilsThread] INFO  pipeline.PipelineStateManager (PipelineStateManager.java:addPipeline(56)) - Created pipeline Pipeline[ Id: ed53ee11-8ccc-44f8-b0bb-72a85b5d7097, Nodes: aa98e893-95a3-4426-8c3d-7852b9d4d01a{ip: 192.168.34.27, host: pr-hdds-1569-6tbh6-3362816358, networkLocation: /default-rack, certSerialId: null}, Type:RATIS, Factor:ONE, State:OPEN]
2019-09-20 08:26:21,930 [RatisPipelineUtilsThread] INFO  pipeline.PipelinePlacementPolicy (PipelinePlacementPolicy.java:meetCriteria(91)) - Pipeline Placement: Doesn't meet the criteria to be viable node： e6b1165a-2e40-428d-b2f2-7ef8f5104c17 Heaviness: 6 limit: 5
2019-09-20 08:26:21,930 [RatisPipelineUtilsThread] INFO  pipeline.PipelinePlacementPolicy (PipelinePlacementPolicy.java:meetCriteria(91)) - Pipeline Placement: Doesn't meet the criteria to be viable node： de37e2fb-a650-4b9c-bc67-7b250b0aee85 Heaviness: 6 limit: 5
2019-09-20 08:26:21,935 [grpc-default-executor-0] INFO  impl.RaftServerProxy (RaftServerProxy.java:addNew(89)) - aa98e893-95a3-4426-8c3d-7852b9d4d01a: addNew group-245A2066EB8F:[aa98e893-95a3-4426-8c3d-7852b9d4d01a:192.168.34.27:44381] returns group-245A2066EB8F:java.util.concurrent.CompletableFuture@64dda15d[Not completed]
2019-09-20 08:26:21,936 [pool-208-thread-1] INFO  impl.RaftServerImpl (RaftServerImpl.java:<init>(93)) - aa98e893-95a3-4426-8c3d-7852b9d4d01a: new RaftServerImpl for group-245A2066EB8F:[aa98e893-95a3-4426-8c3d-7852b9d4d01a:192.168.34.27:44381] with ContainerStateMachine:uninitialized
2019-09-20 08:26:21,937 [pool-208-thread-1] INFO  server.RaftServerConfigKeys (ConfUtils.java:logGet(43)) - raft.server.rpc.timeout.min = 5s (custom)
2019-09-20 08:26:21,937 [pool-208-thread-1] INFO  server.RaftServerConfigKeys (ConfUtils.java:logGet(43)) - raft.server.rpc.timeout.max = 5200ms (custom)
2019-09-20 08:26:21,937 [pool-208-thread-1] INFO  server.RaftServerConfigKeys (ConfUtils.java:logGet(43)) - raft.server.rpcslowness.timeout = 120s (custom)
2019-09-20 08:26:21,937 [pool-208-thread-1] INFO  server.RaftServerConfigKeys (ConfUtils.java:logGet(43)) - raft.server.sleep.deviation.threshold = 300 (default)
2019-09-20 08:26:21,937 [pool-208-thread-1] INFO  server.RaftServerConfigKeys (ConfUtils.java:logGet(43)) - raft.server.log.appender.install.snapshot.enabled = false (custom)
2019-09-20 08:26:21,937 [pool-208-thread-1] INFO  impl.RaftServerImpl (ServerState.java:<init>(105)) - aa98e893-95a3-4426-8c3d-7852b9d4d01a:group-245A2066EB8F ConfigurationManager, init=-1: [aa98e893-95a3-4426-8c3d-7852b9d4d01a:192.168.34.27:44381], old=null, confs=<EMPTY_MAP>
2019-09-20 08:26:21,937 [pool-208-thread-1] INFO  server.RaftServerConfigKeys (ConfUtils.java:logGet(43)) - raft.server.storage.dir = [/workdir/hadoop-ozone/ozonefs/target/test-dir/MiniOzoneClusterImpl-4da4ca98-8075-486b-8359-c950a16dd890/datanode-2/data/ratis] (custom)
2019-09-20 08:26:21,938 [pool-208-thread-1] INFO  storage.RaftStorageDirectory (RaftStorageDirectory.java:analyzeStorage(246)) - The storage directory /workdir/hadoop-ozone/ozonefs/target/test-dir/MiniOzoneClusterImpl-4da4ca98-8075-486b-8359-c950a16dd890/datanode-2/data/ratis/e9c8913e-57be-4627-91df-245a2066eb8f does not exist. Creating ...
2019-09-20 08:26:21,951 [pool-208-thread-1] INFO  storage.RaftStorageDirectory (RaftStorageDirectory.java:tryLock(328)) - Lock on /workdir/hadoop-ozone/ozonefs/target/test-dir/MiniOzoneClusterImpl-4da4ca98-8075-486b-8359-c950a16dd890/datanode-2/data/ratis/e9c8913e-57be-4627-91df-245a2066eb8f/in_use.lock acquired by nodename 28782@pr-hdds-1569-6tbh6-3362816358
2019-09-20 08:26:21,964 [pool-208-thread-1] INFO  storage.RaftStorage (RaftStorage.java:format(72)) - Storage directory /workdir/hadoop-ozone/ozonefs/target/test-dir/MiniOzoneClusterImpl-4da4ca98-8075-486b-8359-c950a16dd890/datanode-2/data/ratis/e9c8913e-57be-4627-91df-245a2066eb8f has been successfully formatted.
2019-09-20 08:26:21,964 [pool-208-thread-1] INFO  ratis.ContainerStateMachine (ContainerStateMachine.java:loadSnapshot(226)) - group-245A2066EB8F: The snapshot info is null. Setting the last applied indexto:(t:0, i:~)
2019-09-20 08:26:21,965 [pool-208-thread-1] INFO  server.RaftServerConfigKeys (ConfUtils.java:logGet(43)) - raft.server.leader.election.timeout = 120s (custom)
2019-09-20 08:26:21,965 [pool-208-thread-1] INFO  server.RaftServerConfigKeys (ConfUtils.java:logGet(43)) - raft.server.log.use.memory = false (default)
2019-09-20 08:26:21,965 [pool-208-thread-1] INFO  server.RaftServerConfigKeys (ConfUtils.java:logGet(43)) - raft.server.log.purge.gap = 1000000 (custom)
2019-09-20 08:26:21,965 [pool-208-thread-1] INFO  server.RaftServerConfigKeys (ConfUtils.java:logGet(43)) - raft.server.log.appender.buffer.byte-limit = 33554432 (custom)
2019-09-20 08:26:21,965 [pool-208-thread-1] INFO  server.RaftServerConfigKeys (ConfUtils.java:logGet(43)) - raft.server.log.segment.size.max = 1048576 (custom)
2019-09-20 08:26:21,966 [pool-208-thread-1] INFO  server.RaftServerConfigKeys (ConfUtils.java:logGet(43)) - raft.server.log.segment.cache.num.max = 2 (custom)
2019-09-20 08:26:21,966 [pool-208-thread-1] INFO  segmented.SegmentedRaftLogWorker (SegmentedRaftLogWorker.java:<init>(172)) - new aa98e893-95a3-4426-8c3d-7852b9d4d01a-SegmentedRaftLogWorker:Storage Directory /workdir/hadoop-ozone/ozonefs/target/test-dir/MiniOzoneClusterImpl-4da4ca98-8075-486b-8359-c950a16dd890/datanode-2/data/ratis/e9c8913e-57be-4627-91df-245a2066eb8f for RaftStorage:Storage Directory /workdir/hadoop-ozone/ozonefs/target/test-dir/MiniOzoneClusterImpl-4da4ca98-8075-486b-8359-c950a16dd890/datanode-2/data/ratis/e9c8913e-57be-4627-91df-245a2066eb8f
2019-09-20 08:26:21,966 [pool-208-thread-1] INFO  server.RaftServerConfigKeys (ConfUtils.java:logGet(43)) - raft.server.log.queue.byte-limit = 2147483647 (custom)
2019-09-20 08:26:21,966 [pool-208-thread-1] INFO  server.RaftServerConfigKeys (ConfUtils.java:logGet(43)) - raft.server.log.queue.element-limit = 1024 (custom)
2019-09-20 08:26:21,966 [pool-208-thread-1] INFO  server.RaftServerConfigKeys (ConfUtils.java:logGet(43)) - raft.server.log.segment.size.max = 1048576 (custom)
2019-09-20 08:26:21,967 [pool-208-thread-1] INFO  server.RaftServerConfigKeys (ConfUtils.java:logGet(43)) - raft.server.log.preallocated.size = 16384 (custom)
2019-09-20 08:26:21,967 [pool-208-thread-1] INFO  server.RaftServerConfigKeys (ConfUtils.java:logGet(43)) - raft.server.log.write.buffer.size = 33554432 (custom)
2019-09-20 08:26:21,967 [pool-208-thread-1] INFO  server.RaftServerConfigKeys (ConfUtils.java:logGet(43)) - raft.server.log.force.sync.num = 128 (default)
2019-09-20 08:26:21,967 [pool-208-thread-1] INFO  server.RaftServerConfigKeys (ConfUtils.java:logGet(43)) - raft.server.log.statemachine.data.sync = true (default)
2019-09-20 08:26:21,967 [pool-208-thread-1] INFO  server.RaftServerConfigKeys (ConfUtils.java:logGet(43)) - raft.server.log.statemachine.data.sync.timeout = 10s (default)
2019-09-20 08:26:21,967 [pool-208-thread-1] INFO  server.RaftServerConfigKeys (ConfUtils.java:logGet(43)) - raft.server.log.statemachine.data.sync.timeout.retry = -1 (default)
2019-09-20 08:26:21,968 [pool-208-thread-1] INFO  server.RaftServerConfigKeys (ConfUtils.java:logGet(43)) - raft.server.log.statemachine.data.caching.enabled = true (custom)
2019-09-20 08:26:21,968 [pool-208-thread-1] INFO  segmented.SegmentedRaftLogWorker (SegmentedRaftLogWorker.java:lambda$new$0(132)) - aa98e893-95a3-4426-8c3d-7852b9d4d01a-SegmentedRaftLogWorker:Storage Directory /workdir/hadoop-ozone/ozonefs/target/test-dir/MiniOzoneClusterImpl-4da4ca98-8075-486b-8359-c950a16dd890/datanode-2/data/ratis/e9c8913e-57be-4627-91df-245a2066eb8f: flushIndex: setUnconditionally 0 -> -1
2019-09-20 08:26:21,968 [pool-208-thread-1] INFO  server.RaftServerConfigKeys (ConfUtils.java:logGet(43)) - raft.server.snapshot.auto.trigger.enabled = true (custom)
2019-09-20 08:26:21,969 [pool-208-thread-1] INFO  server.RaftServerConfigKeys (ConfUtils.java:logGet(43)) - raft.server.snapshot.auto.trigger.threshold = 10000 (custom)
2019-09-20 08:26:21,969 [pool-208-thread-1] INFO  server.RaftServerConfigKeys (ConfUtils.java:logGet(43)) - raft.server.retrycache.expirytime = 600000ms (custom)
2019-09-20 08:26:21,969 [pool-208-thread-1] INFO  impl.RaftServerImpl (RaftServerImpl.java:start(180)) - aa98e893-95a3-4426-8c3d-7852b9d4d01a: start group-245A2066EB8F
2019-09-20 08:26:21,969 [pool-208-thread-1] INFO  impl.RaftServerImpl (RaftServerImpl.java:setRole(171)) - aa98e893-95a3-4426-8c3d-7852b9d4d01a:group-245A2066EB8F changes role from null to FOLLOWER at term 0 for startAsFollower
2019-09-20 08:26:21,969 [pool-208-thread-1] INFO  impl.RoleInfo (RoleInfo.java:updateAndGet(143)) - aa98e893-95a3-4426-8c3d-7852b9d4d01a: start FollowerState
2019-09-20 08:26:21,970 [pool-208-thread-1] INFO  util.JmxRegister (JmxRegister.java:tryRegister(44)) - Successfully registered JMX Bean with object name Ratis:service=RaftServer,group=group-245A2066EB8F,id=aa98e893-95a3-4426-8c3d-7852b9d4d01a
2019-09-20 08:26:21,973 [RatisPipelineUtilsThread] INFO  pipeline.PipelineStateManager (PipelineStateManager.java:addPipeline(56)) - Created pipeline Pipeline[ Id: e9c8913e-57be-4627-91df-245a2066eb8f, Nodes: aa98e893-95a3-4426-8c3d-7852b9d4d01a{ip: 192.168.34.27, host: pr-hdds-1569-6tbh6-3362816358, networkLocation: /default-rack, certSerialId: null}, Type:RATIS, Factor:ONE, State:OPEN]
2019-09-20 08:26:21,973 [RatisPipelineUtilsThread] INFO  pipeline.PipelinePlacementPolicy (PipelinePlacementPolicy.java:meetCriteria(91)) - Pipeline Placement: Doesn't meet the criteria to be viable node： e6b1165a-2e40-428d-b2f2-7ef8f5104c17 Heaviness: 6 limit: 5
2019-09-20 08:26:21,973 [RatisPipelineUtilsThread] INFO  pipeline.PipelinePlacementPolicy (PipelinePlacementPolicy.java:meetCriteria(91)) - Pipeline Placement: Doesn't meet the criteria to be viable node： de37e2fb-a650-4b9c-bc67-7b250b0aee85 Heaviness: 6 limit: 5
2019-09-20 08:26:21,978 [grpc-default-executor-0] INFO  impl.RaftServerProxy (RaftServerProxy.java:addNew(89)) - aa98e893-95a3-4426-8c3d-7852b9d4d01a: addNew group-ADB2A305A5CD:[aa98e893-95a3-4426-8c3d-7852b9d4d01a:192.168.34.27:44381] returns group-ADB2A305A5CD:java.util.concurrent.CompletableFuture@46a9a286[Not completed]
2019-09-20 08:26:21,980 [pool-208-thread-1] INFO  impl.RaftServerImpl (RaftServerImpl.java:<init>(93)) - aa98e893-95a3-4426-8c3d-7852b9d4d01a: new RaftServerImpl for group-ADB2A305A5CD:[aa98e893-95a3-4426-8c3d-7852b9d4d01a:192.168.34.27:44381] with ContainerStateMachine:uninitialized
2019-09-20 08:26:21,980 [pool-208-thread-1] INFO  server.RaftServerConfigKeys (ConfUtils.java:logGet(43)) - raft.server.rpc.timeout.min = 5s (custom)
2019-09-20 08:26:21,980 [pool-208-thread-1] INFO  server.RaftServerConfigKeys (ConfUtils.java:logGet(43)) - raft.server.rpc.timeout.max = 5200ms (custom)
2019-09-20 08:26:21,980 [pool-208-thread-1] INFO  server.RaftServerConfigKeys (ConfUtils.java:logGet(43)) - raft.server.rpcslowness.timeout = 120s (custom)
2019-09-20 08:26:21,980 [pool-208-thread-1] INFO  server.RaftServerConfigKeys (ConfUtils.java:logGet(43)) - raft.server.sleep.deviation.threshold = 300 (default)
2019-09-20 08:26:21,981 [pool-208-thread-1] INFO  server.RaftServerConfigKeys (ConfUtils.java:logGet(43)) - raft.server.log.appender.install.snapshot.enabled = false (custom)
2019-09-20 08:26:21,981 [pool-208-thread-1] INFO  impl.RaftServerImpl (ServerState.java:<init>(105)) - aa98e893-95a3-4426-8c3d-7852b9d4d01a:group-ADB2A305A5CD ConfigurationManager, init=-1: [aa98e893-95a3-4426-8c3d-7852b9d4d01a:192.168.34.27:44381], old=null, confs=<EMPTY_MAP>
2019-09-20 08:26:21,981 [pool-208-thread-1] INFO  server.RaftServerConfigKeys (ConfUtils.java:logGet(43)) - raft.server.storage.dir = [/workdir/hadoop-ozone/ozonefs/target/test-dir/MiniOzoneClusterImpl-4da4ca98-8075-486b-8359-c950a16dd890/datanode-2/data/ratis] (custom)
2019-09-20 08:26:21,981 [pool-208-thread-1] INFO  storage.RaftStorageDirectory (RaftStorageDirectory.java:analyzeStorage(246)) - The storage directory /workdir/hadoop-ozone/ozonefs/target/test-dir/MiniOzoneClusterImpl-4da4ca98-8075-486b-8359-c950a16dd890/datanode-2/data/ratis/4b51557a-9292-4b91-968c-adb2a305a5cd does not exist. Creating ...
2019-09-20 08:26:21,994 [pool-208-thread-1] INFO  storage.RaftStorageDirectory (RaftStorageDirectory.java:tryLock(328)) - Lock on /workdir/hadoop-ozone/ozonefs/target/test-dir/MiniOzoneClusterImpl-4da4ca98-8075-486b-8359-c950a16dd890/datanode-2/data/ratis/4b51557a-9292-4b91-968c-adb2a305a5cd/in_use.lock acquired by nodename 28782@pr-hdds-1569-6tbh6-3362816358
2019-09-20 08:26:22,007 [pool-208-thread-1] INFO  storage.RaftStorage (RaftStorage.java:format(72)) - Storage directory /workdir/hadoop-ozone/ozonefs/target/test-dir/MiniOzoneClusterImpl-4da4ca98-8075-486b-8359-c950a16dd890/datanode-2/data/ratis/4b51557a-9292-4b91-968c-adb2a305a5cd has been successfully formatted.
2019-09-20 08:26:22,008 [pool-208-thread-1] INFO  ratis.ContainerStateMachine (ContainerStateMachine.java:loadSnapshot(226)) - group-ADB2A305A5CD: The snapshot info is null. Setting the last applied indexto:(t:0, i:~)
2019-09-20 08:26:22,008 [pool-208-thread-1] INFO  server.RaftServerConfigKeys (ConfUtils.java:logGet(43)) - raft.server.leader.election.timeout = 120s (custom)
2019-09-20 08:26:22,009 [pool-208-thread-1] INFO  server.RaftServerConfigKeys (ConfUtils.java:logGet(43)) - raft.server.log.use.memory = false (default)
2019-09-20 08:26:22,009 [pool-208-thread-1] INFO  server.RaftServerConfigKeys (ConfUtils.java:logGet(43)) - raft.server.log.purge.gap = 1000000 (custom)
2019-09-20 08:26:22,009 [pool-208-thread-1] INFO  server.RaftServerConfigKeys (ConfUtils.java:logGet(43)) - raft.server.log.appender.buffer.byte-limit = 33554432 (custom)
2019-09-20 08:26:22,009 [pool-208-thread-1] INFO  server.RaftServerConfigKeys (ConfUtils.java:logGet(43)) - raft.server.log.segment.size.max = 1048576 (custom)
2019-09-20 08:26:22,009 [pool-208-thread-1] INFO  server.RaftServerConfigKeys (ConfUtils.java:logGet(43)) - raft.server.log.segment.cache.num.max = 2 (custom)
2019-09-20 08:26:22,010 [pool-208-thread-1] INFO  segmented.SegmentedRaftLogWorker (SegmentedRaftLogWorker.java:<init>(172)) - new aa98e893-95a3-4426-8c3d-7852b9d4d01a-SegmentedRaftLogWorker:Storage Directory /workdir/hadoop-ozone/ozonefs/target/test-dir/MiniOzoneClusterImpl-4da4ca98-8075-486b-8359-c950a16dd890/datanode-2/data/ratis/4b51557a-9292-4b91-968c-adb2a305a5cd for RaftStorage:Storage Directory /workdir/hadoop-ozone/ozonefs/target/test-dir/MiniOzoneClusterImpl-4da4ca98-8075-486b-8359-c950a16dd890/datanode-2/data/ratis/4b51557a-9292-4b91-968c-adb2a305a5cd
2019-09-20 08:26:22,010 [pool-208-thread-1] INFO  server.RaftServerConfigKeys (ConfUtils.java:logGet(43)) - raft.server.log.queue.byte-limit = 2147483647 (custom)
2019-09-20 08:26:22,010 [pool-208-thread-1] INFO  server.RaftServerConfigKeys (ConfUtils.java:logGet(43)) - raft.server.log.queue.element-limit = 1024 (custom)
2019-09-20 08:26:22,010 [pool-208-thread-1] INFO  server.RaftServerConfigKeys (ConfUtils.java:logGet(43)) - raft.server.log.segment.size.max = 1048576 (custom)
2019-09-20 08:26:22,011 [pool-208-thread-1] INFO  server.RaftServerConfigKeys (ConfUtils.java:logGet(43)) - raft.server.log.preallocated.size = 16384 (custom)
2019-09-20 08:26:22,011 [pool-208-thread-1] INFO  server.RaftServerConfigKeys (ConfUtils.java:logGet(43)) - raft.server.log.write.buffer.size = 33554432 (custom)
2019-09-20 08:26:22,011 [pool-208-thread-1] INFO  server.RaftServerConfigKeys (ConfUtils.java:logGet(43)) - raft.server.log.force.sync.num = 128 (default)
2019-09-20 08:26:22,011 [pool-208-thread-1] INFO  server.RaftServerConfigKeys (ConfUtils.java:logGet(43)) - raft.server.log.statemachine.data.sync = true (default)
2019-09-20 08:26:22,011 [pool-208-thread-1] INFO  server.RaftServerConfigKeys (ConfUtils.java:logGet(43)) - raft.server.log.statemachine.data.sync.timeout = 10s (default)
2019-09-20 08:26:22,012 [pool-208-thread-1] INFO  server.RaftServerConfigKeys (ConfUtils.java:logGet(43)) - raft.server.log.statemachine.data.sync.timeout.retry = -1 (default)
2019-09-20 08:26:22,012 [pool-208-thread-1] INFO  server.RaftServerConfigKeys (ConfUtils.java:logGet(43)) - raft.server.log.statemachine.data.caching.enabled = true (custom)
2019-09-20 08:26:22,013 [pool-208-thread-1] INFO  segmented.SegmentedRaftLogWorker (SegmentedRaftLogWorker.java:lambda$new$0(132)) - aa98e893-95a3-4426-8c3d-7852b9d4d01a-SegmentedRaftLogWorker:Storage Directory /workdir/hadoop-ozone/ozonefs/target/test-dir/MiniOzoneClusterImpl-4da4ca98-8075-486b-8359-c950a16dd890/datanode-2/data/ratis/4b51557a-9292-4b91-968c-adb2a305a5cd: flushIndex: setUnconditionally 0 -> -1
2019-09-20 08:26:22,013 [pool-208-thread-1] INFO  server.RaftServerConfigKeys (ConfUtils.java:logGet(43)) - raft.server.snapshot.auto.trigger.enabled = true (custom)
2019-09-20 08:26:22,013 [pool-208-thread-1] INFO  server.RaftServerConfigKeys (ConfUtils.java:logGet(43)) - raft.server.snapshot.auto.trigger.threshold = 10000 (custom)
2019-09-20 08:26:22,014 [pool-208-thread-1] INFO  server.RaftServerConfigKeys (ConfUtils.java:logGet(43)) - raft.server.retrycache.expirytime = 600000ms (custom)
2019-09-20 08:26:22,014 [pool-208-thread-1] INFO  impl.RaftServerImpl (RaftServerImpl.java:start(180)) - aa98e893-95a3-4426-8c3d-7852b9d4d01a: start group-ADB2A305A5CD
2019-09-20 08:26:22,014 [pool-208-thread-1] INFO  impl.RaftServerImpl (RaftServerImpl.java:setRole(171)) - aa98e893-95a3-4426-8c3d-7852b9d4d01a:group-ADB2A305A5CD changes role from null to FOLLOWER at term 0 for startAsFollower
2019-09-20 08:26:22,014 [pool-208-thread-1] INFO  impl.RoleInfo (RoleInfo.java:updateAndGet(143)) - aa98e893-95a3-4426-8c3d-7852b9d4d01a: start FollowerState
2019-09-20 08:26:22,015 [pool-208-thread-1] INFO  util.JmxRegister (JmxRegister.java:tryRegister(44)) - Successfully registered JMX Bean with object name Ratis:service=RaftServer,group=group-ADB2A305A5CD,id=aa98e893-95a3-4426-8c3d-7852b9d4d01a
2019-09-20 08:26:22,019 [RatisPipelineUtilsThread] INFO  pipeline.PipelineStateManager (PipelineStateManager.java:addPipeline(56)) - Created pipeline Pipeline[ Id: 4b51557a-9292-4b91-968c-adb2a305a5cd, Nodes: aa98e893-95a3-4426-8c3d-7852b9d4d01a{ip: 192.168.34.27, host: pr-hdds-1569-6tbh6-3362816358, networkLocation: /default-rack, certSerialId: null}, Type:RATIS, Factor:ONE, State:OPEN]
2019-09-20 08:26:22,019 [RatisPipelineUtilsThread] INFO  pipeline.PipelinePlacementPolicy (PipelinePlacementPolicy.java:meetCriteria(91)) - Pipeline Placement: Doesn't meet the criteria to be viable node： e6b1165a-2e40-428d-b2f2-7ef8f5104c17 Heaviness: 6 limit: 5
2019-09-20 08:26:22,019 [RatisPipelineUtilsThread] INFO  pipeline.PipelinePlacementPolicy (PipelinePlacementPolicy.java:meetCriteria(91)) - Pipeline Placement: Doesn't meet the criteria to be viable node： de37e2fb-a650-4b9c-bc67-7b250b0aee85 Heaviness: 6 limit: 5
2019-09-20 08:26:22,025 [grpc-default-executor-0] INFO  impl.RaftServerProxy (RaftServerProxy.java:addNew(89)) - aa98e893-95a3-4426-8c3d-7852b9d4d01a: addNew group-480464CABA80:[aa98e893-95a3-4426-8c3d-7852b9d4d01a:192.168.34.27:44381] returns group-480464CABA80:java.util.concurrent.CompletableFuture@21d6a4d7[Not completed]
2019-09-20 08:26:22,026 [pool-208-thread-1] INFO  impl.RaftServerImpl (RaftServerImpl.java:<init>(93)) - aa98e893-95a3-4426-8c3d-7852b9d4d01a: new RaftServerImpl for group-480464CABA80:[aa98e893-95a3-4426-8c3d-7852b9d4d01a:192.168.34.27:44381] with ContainerStateMachine:uninitialized
2019-09-20 08:26:22,026 [pool-208-thread-1] INFO  server.RaftServerConfigKeys (ConfUtils.java:logGet(43)) - raft.server.rpc.timeout.min = 5s (custom)
2019-09-20 08:26:22,026 [pool-208-thread-1] INFO  server.RaftServerConfigKeys (ConfUtils.java:logGet(43)) - raft.server.rpc.timeout.max = 5200ms (custom)
2019-09-20 08:26:22,026 [pool-208-thread-1] INFO  server.RaftServerConfigKeys (ConfUtils.java:logGet(43)) - raft.server.rpcslowness.timeout = 120s (custom)
2019-09-20 08:26:22,026 [pool-208-thread-1] INFO  server.RaftServerConfigKeys (ConfUtils.java:logGet(43)) - raft.server.sleep.deviation.threshold = 300 (default)
2019-09-20 08:26:22,026 [pool-208-thread-1] INFO  server.RaftServerConfigKeys (ConfUtils.java:logGet(43)) - raft.server.log.appender.install.snapshot.enabled = false (custom)
2019-09-20 08:26:22,027 [pool-208-thread-1] INFO  impl.RaftServerImpl (ServerState.java:<init>(105)) - aa98e893-95a3-4426-8c3d-7852b9d4d01a:group-480464CABA80 ConfigurationManager, init=-1: [aa98e893-95a3-4426-8c3d-7852b9d4d01a:192.168.34.27:44381], old=null, confs=<EMPTY_MAP>
2019-09-20 08:26:22,027 [pool-208-thread-1] INFO  server.RaftServerConfigKeys (ConfUtils.java:logGet(43)) - raft.server.storage.dir = [/workdir/hadoop-ozone/ozonefs/target/test-dir/MiniOzoneClusterImpl-4da4ca98-8075-486b-8359-c950a16dd890/datanode-2/data/ratis] (custom)
2019-09-20 08:26:22,027 [pool-208-thread-1] INFO  storage.RaftStorageDirectory (RaftStorageDirectory.java:analyzeStorage(246)) - The storage directory /workdir/hadoop-ozone/ozonefs/target/test-dir/MiniOzoneClusterImpl-4da4ca98-8075-486b-8359-c950a16dd890/datanode-2/data/ratis/a6dcd5f2-8aab-4a16-bbf6-480464caba80 does not exist. Creating ...
2019-09-20 08:26:22,040 [pool-208-thread-1] INFO  storage.RaftStorageDirectory (RaftStorageDirectory.java:tryLock(328)) - Lock on /workdir/hadoop-ozone/ozonefs/target/test-dir/MiniOzoneClusterImpl-4da4ca98-8075-486b-8359-c950a16dd890/datanode-2/data/ratis/a6dcd5f2-8aab-4a16-bbf6-480464caba80/in_use.lock acquired by nodename 28782@pr-hdds-1569-6tbh6-3362816358
2019-09-20 08:26:22,052 [pool-208-thread-1] INFO  storage.RaftStorage (RaftStorage.java:format(72)) - Storage directory /workdir/hadoop-ozone/ozonefs/target/test-dir/MiniOzoneClusterImpl-4da4ca98-8075-486b-8359-c950a16dd890/datanode-2/data/ratis/a6dcd5f2-8aab-4a16-bbf6-480464caba80 has been successfully formatted.
2019-09-20 08:26:22,053 [pool-208-thread-1] INFO  ratis.ContainerStateMachine (ContainerStateMachine.java:loadSnapshot(226)) - group-480464CABA80: The snapshot info is null. Setting the last applied indexto:(t:0, i:~)
2019-09-20 08:26:22,053 [pool-208-thread-1] INFO  server.RaftServerConfigKeys (ConfUtils.java:logGet(43)) - raft.server.leader.election.timeout = 120s (custom)
2019-09-20 08:26:22,053 [pool-208-thread-1] INFO  server.RaftServerConfigKeys (ConfUtils.java:logGet(43)) - raft.server.log.use.memory = false (default)
2019-09-20 08:26:22,053 [pool-208-thread-1] INFO  server.RaftServerConfigKeys (ConfUtils.java:logGet(43)) - raft.server.log.purge.gap = 1000000 (custom)
2019-09-20 08:26:22,053 [pool-208-thread-1] INFO  server.RaftServerConfigKeys (ConfUtils.java:logGet(43)) - raft.server.log.appender.buffer.byte-limit = 33554432 (custom)
2019-09-20 08:26:22,053 [pool-208-thread-1] INFO  server.RaftServerConfigKeys (ConfUtils.java:logGet(43)) - raft.server.log.segment.size.max = 1048576 (custom)
2019-09-20 08:26:22,053 [pool-208-thread-1] INFO  server.RaftServerConfigKeys (ConfUtils.java:logGet(43)) - raft.server.log.segment.cache.num.max = 2 (custom)
2019-09-20 08:26:22,054 [pool-208-thread-1] INFO  segmented.SegmentedRaftLogWorker (SegmentedRaftLogWorker.java:<init>(172)) - new aa98e893-95a3-4426-8c3d-7852b9d4d01a-SegmentedRaftLogWorker:Storage Directory /workdir/hadoop-ozone/ozonefs/target/test-dir/MiniOzoneClusterImpl-4da4ca98-8075-486b-8359-c950a16dd890/datanode-2/data/ratis/a6dcd5f2-8aab-4a16-bbf6-480464caba80 for RaftStorage:Storage Directory /workdir/hadoop-ozone/ozonefs/target/test-dir/MiniOzoneClusterImpl-4da4ca98-8075-486b-8359-c950a16dd890/datanode-2/data/ratis/a6dcd5f2-8aab-4a16-bbf6-480464caba80
2019-09-20 08:26:22,054 [pool-208-thread-1] INFO  server.RaftServerConfigKeys (ConfUtils.java:logGet(43)) - raft.server.log.queue.byte-limit = 2147483647 (custom)
2019-09-20 08:26:22,054 [pool-208-thread-1] INFO  server.RaftServerConfigKeys (ConfUtils.java:logGet(43)) - raft.server.log.queue.element-limit = 1024 (custom)
2019-09-20 08:26:22,054 [pool-208-thread-1] INFO  server.RaftServerConfigKeys (ConfUtils.java:logGet(43)) - raft.server.log.segment.size.max = 1048576 (custom)
2019-09-20 08:26:22,054 [pool-208-thread-1] INFO  server.RaftServerConfigKeys (ConfUtils.java:logGet(43)) - raft.server.log.preallocated.size = 16384 (custom)
2019-09-20 08:26:22,054 [pool-208-thread-1] INFO  server.RaftServerConfigKeys (ConfUtils.java:logGet(43)) - raft.server.log.write.buffer.size = 33554432 (custom)
2019-09-20 08:26:22,054 [pool-208-thread-1] INFO  server.RaftServerConfigKeys (ConfUtils.java:logGet(43)) - raft.server.log.force.sync.num = 128 (default)
2019-09-20 08:26:22,054 [pool-208-thread-1] INFO  server.RaftServerConfigKeys (ConfUtils.java:logGet(43)) - raft.server.log.statemachine.data.sync = true (default)
2019-09-20 08:26:22,055 [pool-208-thread-1] INFO  server.RaftServerConfigKeys (ConfUtils.java:logGet(43)) - raft.server.log.statemachine.data.sync.timeout = 10s (default)
2019-09-20 08:26:22,055 [pool-208-thread-1] INFO  server.RaftServerConfigKeys (ConfUtils.java:logGet(43)) - raft.server.log.statemachine.data.sync.timeout.retry = -1 (default)
2019-09-20 08:26:22,055 [pool-208-thread-1] INFO  server.RaftServerConfigKeys (ConfUtils.java:logGet(43)) - raft.server.log.statemachine.data.caching.enabled = true (custom)
2019-09-20 08:26:22,055 [pool-208-thread-1] INFO  segmented.SegmentedRaftLogWorker (SegmentedRaftLogWorker.java:lambda$new$0(132)) - aa98e893-95a3-4426-8c3d-7852b9d4d01a-SegmentedRaftLogWorker:Storage Directory /workdir/hadoop-ozone/ozonefs/target/test-dir/MiniOzoneClusterImpl-4da4ca98-8075-486b-8359-c950a16dd890/datanode-2/data/ratis/a6dcd5f2-8aab-4a16-bbf6-480464caba80: flushIndex: setUnconditionally 0 -> -1
2019-09-20 08:26:22,055 [pool-208-thread-1] INFO  server.RaftServerConfigKeys (ConfUtils.java:logGet(43)) - raft.server.snapshot.auto.trigger.enabled = true (custom)
2019-09-20 08:26:22,056 [pool-208-thread-1] INFO  server.RaftServerConfigKeys (ConfUtils.java:logGet(43)) - raft.server.snapshot.auto.trigger.threshold = 10000 (custom)
2019-09-20 08:26:22,056 [pool-208-thread-1] INFO  server.RaftServerConfigKeys (ConfUtils.java:logGet(43)) - raft.server.retrycache.expirytime = 600000ms (custom)
2019-09-20 08:26:22,056 [pool-208-thread-1] INFO  impl.RaftServerImpl (RaftServerImpl.java:start(180)) - aa98e893-95a3-4426-8c3d-7852b9d4d01a: start group-480464CABA80
2019-09-20 08:26:22,056 [pool-208-thread-1] INFO  impl.RaftServerImpl (RaftServerImpl.java:setRole(171)) - aa98e893-95a3-4426-8c3d-7852b9d4d01a:group-480464CABA80 changes role from null to FOLLOWER at term 0 for startAsFollower
2019-09-20 08:26:22,056 [pool-208-thread-1] INFO  impl.RoleInfo (RoleInfo.java:updateAndGet(143)) - aa98e893-95a3-4426-8c3d-7852b9d4d01a: start FollowerState
2019-09-20 08:26:22,056 [pool-208-thread-1] INFO  util.JmxRegister (JmxRegister.java:tryRegister(44)) - Successfully registered JMX Bean with object name Ratis:service=RaftServer,group=group-480464CABA80,id=aa98e893-95a3-4426-8c3d-7852b9d4d01a
2019-09-20 08:26:22,059 [RatisPipelineUtilsThread] INFO  pipeline.PipelineStateManager (PipelineStateManager.java:addPipeline(56)) - Created pipeline Pipeline[ Id: a6dcd5f2-8aab-4a16-bbf6-480464caba80, Nodes: aa98e893-95a3-4426-8c3d-7852b9d4d01a{ip: 192.168.34.27, host: pr-hdds-1569-6tbh6-3362816358, networkLocation: /default-rack, certSerialId: null}, Type:RATIS, Factor:ONE, State:OPEN]
2019-09-20 08:26:22,059 [RatisPipelineUtilsThread] INFO  pipeline.PipelinePlacementPolicy (PipelinePlacementPolicy.java:meetCriteria(91)) - Pipeline Placement: Doesn't meet the criteria to be viable node： e6b1165a-2e40-428d-b2f2-7ef8f5104c17 Heaviness: 6 limit: 5
2019-09-20 08:26:22,060 [RatisPipelineUtilsThread] INFO  pipeline.PipelinePlacementPolicy (PipelinePlacementPolicy.java:meetCriteria(91)) - Pipeline Placement: Doesn't meet the criteria to be viable node： de37e2fb-a650-4b9c-bc67-7b250b0aee85 Heaviness: 6 limit: 5
2019-09-20 08:26:22,065 [grpc-default-executor-0] INFO  impl.RaftServerProxy (RaftServerProxy.java:addNew(89)) - aa98e893-95a3-4426-8c3d-7852b9d4d01a: addNew group-ACC62D78E5FD:[aa98e893-95a3-4426-8c3d-7852b9d4d01a:192.168.34.27:44381] returns group-ACC62D78E5FD:java.util.concurrent.CompletableFuture@76e95d30[Not completed]
2019-09-20 08:26:22,066 [pool-208-thread-1] INFO  impl.RaftServerImpl (RaftServerImpl.java:<init>(93)) - aa98e893-95a3-4426-8c3d-7852b9d4d01a: new RaftServerImpl for group-ACC62D78E5FD:[aa98e893-95a3-4426-8c3d-7852b9d4d01a:192.168.34.27:44381] with ContainerStateMachine:uninitialized
2019-09-20 08:26:22,066 [pool-208-thread-1] INFO  server.RaftServerConfigKeys (ConfUtils.java:logGet(43)) - raft.server.rpc.timeout.min = 5s (custom)
2019-09-20 08:26:22,066 [pool-208-thread-1] INFO  server.RaftServerConfigKeys (ConfUtils.java:logGet(43)) - raft.server.rpc.timeout.max = 5200ms (custom)
2019-09-20 08:26:22,066 [pool-208-thread-1] INFO  server.RaftServerConfigKeys (ConfUtils.java:logGet(43)) - raft.server.rpcslowness.timeout = 120s (custom)
2019-09-20 08:26:22,066 [pool-208-thread-1] INFO  server.RaftServerConfigKeys (ConfUtils.java:logGet(43)) - raft.server.sleep.deviation.threshold = 300 (default)
2019-09-20 08:26:22,066 [pool-208-thread-1] INFO  server.RaftServerConfigKeys (ConfUtils.java:logGet(43)) - raft.server.log.appender.install.snapshot.enabled = false (custom)
2019-09-20 08:26:22,066 [pool-208-thread-1] INFO  impl.RaftServerImpl (ServerState.java:<init>(105)) - aa98e893-95a3-4426-8c3d-7852b9d4d01a:group-ACC62D78E5FD ConfigurationManager, init=-1: [aa98e893-95a3-4426-8c3d-7852b9d4d01a:192.168.34.27:44381], old=null, confs=<EMPTY_MAP>
2019-09-20 08:26:22,066 [pool-208-thread-1] INFO  server.RaftServerConfigKeys (ConfUtils.java:logGet(43)) - raft.server.storage.dir = [/workdir/hadoop-ozone/ozonefs/target/test-dir/MiniOzoneClusterImpl-4da4ca98-8075-486b-8359-c950a16dd890/datanode-2/data/ratis] (custom)
2019-09-20 08:26:22,067 [pool-208-thread-1] INFO  storage.RaftStorageDirectory (RaftStorageDirectory.java:analyzeStorage(246)) - The storage directory /workdir/hadoop-ozone/ozonefs/target/test-dir/MiniOzoneClusterImpl-4da4ca98-8075-486b-8359-c950a16dd890/datanode-2/data/ratis/6bf6d4e8-3433-4186-9848-acc62d78e5fd does not exist. Creating ...
2019-09-20 08:26:22,079 [pool-208-thread-1] INFO  storage.RaftStorageDirectory (RaftStorageDirectory.java:tryLock(328)) - Lock on /workdir/hadoop-ozone/ozonefs/target/test-dir/MiniOzoneClusterImpl-4da4ca98-8075-486b-8359-c950a16dd890/datanode-2/data/ratis/6bf6d4e8-3433-4186-9848-acc62d78e5fd/in_use.lock acquired by nodename 28782@pr-hdds-1569-6tbh6-3362816358
2019-09-20 08:26:22,082 [pool-208-thread-1] INFO  storage.RaftStorage (RaftStorage.java:format(72)) - Storage directory /workdir/hadoop-ozone/ozonefs/target/test-dir/MiniOzoneClusterImpl-4da4ca98-8075-486b-8359-c950a16dd890/datanode-2/data/ratis/6bf6d4e8-3433-4186-9848-acc62d78e5fd has been successfully formatted.
2019-09-20 08:26:22,083 [pool-208-thread-1] INFO  ratis.ContainerStateMachine (ContainerStateMachine.java:loadSnapshot(226)) - group-ACC62D78E5FD: The snapshot info is null. Setting the last applied indexto:(t:0, i:~)
2019-09-20 08:26:22,083 [pool-208-thread-1] INFO  server.RaftServerConfigKeys (ConfUtils.java:logGet(43)) - raft.server.leader.election.timeout = 120s (custom)
2019-09-20 08:26:22,083 [pool-208-thread-1] INFO  server.RaftServerConfigKeys (ConfUtils.java:logGet(43)) - raft.server.log.use.memory = false (default)
2019-09-20 08:26:22,083 [pool-208-thread-1] INFO  server.RaftServerConfigKeys (ConfUtils.java:logGet(43)) - raft.server.log.purge.gap = 1000000 (custom)
2019-09-20 08:26:22,083 [pool-208-thread-1] INFO  server.RaftServerConfigKeys (ConfUtils.java:logGet(43)) - raft.server.log.appender.buffer.byte-limit = 33554432 (custom)
2019-09-20 08:26:22,083 [pool-208-thread-1] INFO  server.RaftServerConfigKeys (ConfUtils.java:logGet(43)) - raft.server.log.segment.size.max = 1048576 (custom)
2019-09-20 08:26:22,083 [pool-208-thread-1] INFO  server.RaftServerConfigKeys (ConfUtils.java:logGet(43)) - raft.server.log.segment.cache.num.max = 2 (custom)
2019-09-20 08:26:22,084 [pool-208-thread-1] INFO  segmented.SegmentedRaftLogWorker (SegmentedRaftLogWorker.java:<init>(172)) - new aa98e893-95a3-4426-8c3d-7852b9d4d01a-SegmentedRaftLogWorker:Storage Directory /workdir/hadoop-ozone/ozonefs/target/test-dir/MiniOzoneClusterImpl-4da4ca98-8075-486b-8359-c950a16dd890/datanode-2/data/ratis/6bf6d4e8-3433-4186-9848-acc62d78e5fd for RaftStorage:Storage Directory /workdir/hadoop-ozone/ozonefs/target/test-dir/MiniOzoneClusterImpl-4da4ca98-8075-486b-8359-c950a16dd890/datanode-2/data/ratis/6bf6d4e8-3433-4186-9848-acc62d78e5fd
2019-09-20 08:26:22,084 [pool-208-thread-1] INFO  server.RaftServerConfigKeys (ConfUtils.java:logGet(43)) - raft.server.log.queue.byte-limit = 2147483647 (custom)
2019-09-20 08:26:22,084 [pool-208-thread-1] INFO  server.RaftServerConfigKeys (ConfUtils.java:logGet(43)) - raft.server.log.queue.element-limit = 1024 (custom)
2019-09-20 08:26:22,084 [pool-208-thread-1] INFO  server.RaftServerConfigKeys (ConfUtils.java:logGet(43)) - raft.server.log.segment.size.max = 1048576 (custom)
2019-09-20 08:26:22,084 [pool-208-thread-1] INFO  server.RaftServerConfigKeys (ConfUtils.java:logGet(43)) - raft.server.log.preallocated.size = 16384 (custom)
2019-09-20 08:26:22,084 [pool-208-thread-1] INFO  server.RaftServerConfigKeys (ConfUtils.java:logGet(43)) - raft.server.log.write.buffer.size = 33554432 (custom)
2019-09-20 08:26:22,084 [pool-208-thread-1] INFO  server.RaftServerConfigKeys (ConfUtils.java:logGet(43)) - raft.server.log.force.sync.num = 128 (default)
2019-09-20 08:26:22,084 [pool-208-thread-1] INFO  server.RaftServerConfigKeys (ConfUtils.java:logGet(43)) - raft.server.log.statemachine.data.sync = true (default)
2019-09-20 08:26:22,084 [pool-208-thread-1] INFO  server.RaftServerConfigKeys (ConfUtils.java:logGet(43)) - raft.server.log.statemachine.data.sync.timeout = 10s (default)
2019-09-20 08:26:22,085 [pool-208-thread-1] INFO  server.RaftServerConfigKeys (ConfUtils.java:logGet(43)) - raft.server.log.statemachine.data.sync.timeout.retry = -1 (default)
2019-09-20 08:26:22,085 [pool-208-thread-1] INFO  server.RaftServerConfigKeys (ConfUtils.java:logGet(43)) - raft.server.log.statemachine.data.caching.enabled = true (custom)
2019-09-20 08:26:22,085 [pool-208-thread-1] INFO  segmented.SegmentedRaftLogWorker (SegmentedRaftLogWorker.java:lambda$new$0(132)) - aa98e893-95a3-4426-8c3d-7852b9d4d01a-SegmentedRaftLogWorker:Storage Directory /workdir/hadoop-ozone/ozonefs/target/test-dir/MiniOzoneClusterImpl-4da4ca98-8075-486b-8359-c950a16dd890/datanode-2/data/ratis/6bf6d4e8-3433-4186-9848-acc62d78e5fd: flushIndex: setUnconditionally 0 -> -1
2019-09-20 08:26:22,085 [pool-208-thread-1] INFO  server.RaftServerConfigKeys (ConfUtils.java:logGet(43)) - raft.server.snapshot.auto.trigger.enabled = true (custom)
2019-09-20 08:26:22,085 [pool-208-thread-1] INFO  server.RaftServerConfigKeys (ConfUtils.java:logGet(43)) - raft.server.snapshot.auto.trigger.threshold = 10000 (custom)
2019-09-20 08:26:22,085 [pool-208-thread-1] INFO  server.RaftServerConfigKeys (ConfUtils.java:logGet(43)) - raft.server.retrycache.expirytime = 600000ms (custom)
2019-09-20 08:26:22,086 [pool-208-thread-1] INFO  impl.RaftServerImpl (RaftServerImpl.java:start(180)) - aa98e893-95a3-4426-8c3d-7852b9d4d01a: start group-ACC62D78E5FD
2019-09-20 08:26:22,086 [pool-208-thread-1] INFO  impl.RaftServerImpl (RaftServerImpl.java:setRole(171)) - aa98e893-95a3-4426-8c3d-7852b9d4d01a:group-ACC62D78E5FD changes role from null to FOLLOWER at term 0 for startAsFollower
2019-09-20 08:26:22,086 [pool-208-thread-1] INFO  impl.RoleInfo (RoleInfo.java:updateAndGet(143)) - aa98e893-95a3-4426-8c3d-7852b9d4d01a: start FollowerState
2019-09-20 08:26:22,086 [pool-208-thread-1] INFO  util.JmxRegister (JmxRegister.java:tryRegister(44)) - Successfully registered JMX Bean with object name Ratis:service=RaftServer,group=group-ACC62D78E5FD,id=aa98e893-95a3-4426-8c3d-7852b9d4d01a
2019-09-20 08:26:22,088 [RatisPipelineUtilsThread] INFO  pipeline.PipelineStateManager (PipelineStateManager.java:addPipeline(56)) - Created pipeline Pipeline[ Id: 6bf6d4e8-3433-4186-9848-acc62d78e5fd, Nodes: aa98e893-95a3-4426-8c3d-7852b9d4d01a{ip: 192.168.34.27, host: pr-hdds-1569-6tbh6-3362816358, networkLocation: /default-rack, certSerialId: null}, Type:RATIS, Factor:ONE, State:OPEN]
2019-09-20 08:26:22,089 [RatisPipelineUtilsThread] INFO  pipeline.PipelinePlacementPolicy (PipelinePlacementPolicy.java:meetCriteria(91)) - Pipeline Placement: Doesn't meet the criteria to be viable node： e6b1165a-2e40-428d-b2f2-7ef8f5104c17 Heaviness: 6 limit: 5
2019-09-20 08:26:22,089 [RatisPipelineUtilsThread] INFO  pipeline.PipelinePlacementPolicy (PipelinePlacementPolicy.java:meetCriteria(91)) - Pipeline Placement: Doesn't meet the criteria to be viable node： de37e2fb-a650-4b9c-bc67-7b250b0aee85 Heaviness: 6 limit: 5
2019-09-20 08:26:22,089 [RatisPipelineUtilsThread] INFO  pipeline.PipelinePlacementPolicy (PipelinePlacementPolicy.java:meetCriteria(91)) - Pipeline Placement: Doesn't meet the criteria to be viable node： aa98e893-95a3-4426-8c3d-7852b9d4d01a Heaviness: 6 limit: 5
2019-09-20 08:26:22,089 [RatisPipelineUtilsThread] ERROR pipeline.PipelinePlacementPolicy (PipelinePlacementPolicy.java:filterViableNodes(148)) - Unable to find enough nodes that meet the criteria that cannot engage in more than 5 pipelines. Nodes required: 1 Found: 0, healthy nodes count inNodeManager: 3.
2019-09-20 08:26:22,089 [RatisPipelineUtilsThread] ERROR pipeline.SCMPipelineManager (SCMPipelineManager.java:createPipeline(161)) - Pipeline creation failed due to exception: Unable to find enough nodes that meet the criteria that cannot engage in more than 5 pipelines. Nodes required: 1 Found: 0, healthy nodes count inNodeManager: 3.
2019-09-20 08:26:22,089 [RatisPipelineUtilsThread] INFO  pipeline.PipelinePlacementPolicy (PipelinePlacementPolicy.java:meetCriteria(91)) - Pipeline Placement: Doesn't meet the criteria to be viable node： e6b1165a-2e40-428d-b2f2-7ef8f5104c17 Heaviness: 6 limit: 5
2019-09-20 08:26:22,089 [RatisPipelineUtilsThread] INFO  pipeline.PipelinePlacementPolicy (PipelinePlacementPolicy.java:meetCriteria(91)) - Pipeline Placement: Doesn't meet the criteria to be viable node： de37e2fb-a650-4b9c-bc67-7b250b0aee85 Heaviness: 6 limit: 5
2019-09-20 08:26:22,090 [RatisPipelineUtilsThread] INFO  pipeline.PipelinePlacementPolicy (PipelinePlacementPolicy.java:meetCriteria(91)) - Pipeline Placement: Doesn't meet the criteria to be viable node： aa98e893-95a3-4426-8c3d-7852b9d4d01a Heaviness: 6 limit: 5
2019-09-20 08:26:22,090 [RatisPipelineUtilsThread] ERROR pipeline.PipelinePlacementPolicy (PipelinePlacementPolicy.java:filterViableNodes(148)) - Unable to find enough nodes that meet the criteria that cannot engage in more than 5 pipelines. Nodes required: 3 Found: 0, healthy nodes count inNodeManager: 3.
2019-09-20 08:26:22,090 [RatisPipelineUtilsThread] ERROR pipeline.SCMPipelineManager (SCMPipelineManager.java:createPipeline(161)) - Pipeline creation failed due to exception: Unable to find enough nodes that meet the criteria that cannot engage in more than 5 pipelines. Nodes required: 3 Found: 0, healthy nodes count inNodeManager: 3.
2019-09-20 08:26:22,090 [RatisPipelineUtilsThread] INFO  pipeline.PipelinePlacementPolicy (PipelinePlacementPolicy.java:meetCriteria(91)) - Pipeline Placement: Doesn't meet the criteria to be viable node： e6b1165a-2e40-428d-b2f2-7ef8f5104c17 Heaviness: 6 limit: 5
2019-09-20 08:26:22,090 [RatisPipelineUtilsThread] INFO  pipeline.PipelinePlacementPolicy (PipelinePlacementPolicy.java:meetCriteria(91)) - Pipeline Placement: Doesn't meet the criteria to be viable node： de37e2fb-a650-4b9c-bc67-7b250b0aee85 Heaviness: 6 limit: 5
2019-09-20 08:26:22,090 [RatisPipelineUtilsThread] INFO  pipeline.PipelinePlacementPolicy (PipelinePlacementPolicy.java:meetCriteria(91)) - Pipeline Placement: Doesn't meet the criteria to be viable node： aa98e893-95a3-4426-8c3d-7852b9d4d01a Heaviness: 6 limit: 5
2019-09-20 08:26:22,090 [RatisPipelineUtilsThread] ERROR pipeline.PipelinePlacementPolicy (PipelinePlacementPolicy.java:filterViableNodes(148)) - Unable to find enough nodes that meet the criteria that cannot engage in more than 5 pipelines. Nodes required: 1 Found: 0, healthy nodes count inNodeManager: 3.
2019-09-20 08:26:22,091 [RatisPipelineUtilsThread] ERROR pipeline.SCMPipelineManager (SCMPipelineManager.java:createPipeline(161)) - Pipeline creation failed due to exception: Unable to find enough nodes that meet the criteria that cannot engage in more than 5 pipelines. Nodes required: 1 Found: 0, healthy nodes count inNodeManager: 3.
2019-09-20 08:26:22,091 [RatisPipelineUtilsThread] INFO  pipeline.PipelinePlacementPolicy (PipelinePlacementPolicy.java:meetCriteria(91)) - Pipeline Placement: Doesn't meet the criteria to be viable node： e6b1165a-2e40-428d-b2f2-7ef8f5104c17 Heaviness: 6 limit: 5
2019-09-20 08:26:22,091 [RatisPipelineUtilsThread] INFO  pipeline.PipelinePlacementPolicy (PipelinePlacementPolicy.java:meetCriteria(91)) - Pipeline Placement: Doesn't meet the criteria to be viable node： de37e2fb-a650-4b9c-bc67-7b250b0aee85 Heaviness: 6 limit: 5
2019-09-20 08:26:22,091 [RatisPipelineUtilsThread] INFO  pipeline.PipelinePlacementPolicy (PipelinePlacementPolicy.java:meetCriteria(91)) - Pipeline Placement: Doesn't meet the criteria to be viable node： aa98e893-95a3-4426-8c3d-7852b9d4d01a Heaviness: 6 limit: 5
2019-09-20 08:26:22,091 [RatisPipelineUtilsThread] ERROR pipeline.PipelinePlacementPolicy (PipelinePlacementPolicy.java:filterViableNodes(148)) - Unable to find enough nodes that meet the criteria that cannot engage in more than 5 pipelines. Nodes required: 3 Found: 0, healthy nodes count inNodeManager: 3.
2019-09-20 08:26:22,091 [RatisPipelineUtilsThread] ERROR pipeline.SCMPipelineManager (SCMPipelineManager.java:createPipeline(161)) - Pipeline creation failed due to exception: Unable to find enough nodes that meet the criteria that cannot engage in more than 5 pipelines. Nodes required: 3 Found: 0, healthy nodes count inNodeManager: 3.
2019-09-20 08:26:22,604 [Thread-804] INFO  ozone.MiniOzoneClusterImpl (MiniOzoneClusterImpl.java:lambda$waitForClusterToBeReady$0(142)) - Cluster is ready. Got 3 of 3 DN Heartbeats.
2019-09-20 08:26:22,788 | INFO  | OMAudit | user=jenkins1000 | ip=127.0.0.1 | op=CREATE_VOLUME {admin=admin45298, owner=user88947, volume=volume64643, creationTime=1568967982787, quotaInBytes=1152921504606846976} | ret=SUCCESS |  
2019-09-20 08:26:22,795 | INFO  | OMAudit | user=jenkins1000 | ip=127.0.0.1 | op=CREATE_BUCKET {volume=volume64643, bucket=bucket65347, acls=[], isVersionEnabled=false, storageType=DISK, creationTime=0} | ret=SUCCESS |  
2019-09-20 08:26:22,813 | INFO  | OMAudit | user=jenkins1000 | ip=127.0.0.1 | op=READ_VOLUME {volume=volume64643} | ret=SUCCESS |  
2019-09-20 08:26:22,815 | INFO  | OMAudit | user=jenkins1000 | ip=127.0.0.1 | op=READ_BUCKET {volume=volume64643, bucket=bucket65347} | ret=SUCCESS |  
2019-09-20 08:26:22,837 [IPC Server handler 1 on 43823] INFO  pipeline.PipelinePlacementPolicy (PipelinePlacementPolicy.java:meetCriteria(91)) - Pipeline Placement: Doesn't meet the criteria to be viable node： e6b1165a-2e40-428d-b2f2-7ef8f5104c17 Heaviness: 6 limit: 5
2019-09-20 08:26:22,838 [IPC Server handler 1 on 43823] INFO  pipeline.PipelinePlacementPolicy (PipelinePlacementPolicy.java:meetCriteria(91)) - Pipeline Placement: Doesn't meet the criteria to be viable node： de37e2fb-a650-4b9c-bc67-7b250b0aee85 Heaviness: 6 limit: 5
2019-09-20 08:26:22,838 [IPC Server handler 1 on 43823] INFO  pipeline.PipelinePlacementPolicy (PipelinePlacementPolicy.java:meetCriteria(91)) - Pipeline Placement: Doesn't meet the criteria to be viable node： aa98e893-95a3-4426-8c3d-7852b9d4d01a Heaviness: 6 limit: 5
2019-09-20 08:26:22,838 [IPC Server handler 1 on 43823] ERROR pipeline.PipelinePlacementPolicy (PipelinePlacementPolicy.java:filterViableNodes(148)) - Unable to find enough nodes that meet the criteria that cannot engage in more than 5 pipelines. Nodes required: 3 Found: 0, healthy nodes count inNodeManager: 3.
2019-09-20 08:26:22,839 [IPC Server handler 1 on 43823] ERROR pipeline.SCMPipelineManager (SCMPipelineManager.java:createPipeline(161)) - Pipeline creation failed due to exception: Unable to find enough nodes that meet the criteria that cannot engage in more than 5 pipelines. Nodes required: 3 Found: 0, healthy nodes count inNodeManager: 3.
2019-09-20 08:26:22,839 [IPC Server handler 1 on 43823] WARN  block.BlockManagerImpl (BlockManagerImpl.java:allocateBlock(192)) - Pipeline creation failed for type:RATIS factor:THREE. Retrying get pipelines call once.
org.apache.hadoop.hdds.scm.exceptions.SCMException: Unable to find enough nodes that meet the criteria that cannot engage in more than 5 pipelines. Nodes required: 3 Found: 0, healthy nodes count inNodeManager: 3.
	at org.apache.hadoop.hdds.scm.pipeline.PipelinePlacementPolicy.filterViableNodes(PipelinePlacementPolicy.java:149)
	at org.apache.hadoop.hdds.scm.pipeline.PipelinePlacementPolicy.chooseDatanodes(PipelinePlacementPolicy.java:172)
	at org.apache.hadoop.hdds.scm.pipeline.RatisPipelineProvider.create(RatisPipelineProvider.java:92)
	at org.apache.hadoop.hdds.scm.pipeline.PipelineFactory.create(PipelineFactory.java:57)
	at org.apache.hadoop.hdds.scm.pipeline.SCMPipelineManager.createPipeline(SCMPipelineManager.java:149)
	at org.apache.hadoop.hdds.scm.block.BlockManagerImpl.allocateBlock(BlockManagerImpl.java:190)
	at org.apache.hadoop.hdds.scm.server.SCMBlockProtocolServer.allocateBlock(SCMBlockProtocolServer.java:175)
	at org.apache.hadoop.ozone.protocolPB.ScmBlockLocationProtocolServerSideTranslatorPB.allocateScmBlock(ScmBlockLocationProtocolServerSideTranslatorPB.java:153)
	at org.apache.hadoop.ozone.protocolPB.ScmBlockLocationProtocolServerSideTranslatorPB.send(ScmBlockLocationProtocolServerSideTranslatorPB.java:112)
	at org.apache.hadoop.hdds.protocol.proto.ScmBlockLocationProtocolProtos$ScmBlockLocationProtocolService$2.callBlockingMethod(ScmBlockLocationProtocolProtos.java:13157)
	at org.apache.hadoop.ipc.ProtobufRpcEngine$Server$ProtoBufRpcInvoker.call(ProtobufRpcEngine.java:524)
	at org.apache.hadoop.ipc.RPC$Server.call(RPC.java:1025)
	at org.apache.hadoop.ipc.Server$RpcCall.run(Server.java:876)
	at org.apache.hadoop.ipc.Server$RpcCall.run(Server.java:822)
	at java.security.AccessController.doPrivileged(Native Method)
	at javax.security.auth.Subject.doAs(Subject.java:422)
	at org.apache.hadoop.security.UserGroupInformation.doAs(UserGroupInformation.java:1730)
	at org.apache.hadoop.ipc.Server$Handler.run(Server.java:2682)
2019-09-20 08:26:22,840 [IPC Server handler 1 on 43823] INFO  block.BlockManagerImpl (BlockManagerImpl.java:allocateBlock(198)) - Could not find available pipeline of type:RATIS and factor:THREE even after retrying
2019-09-20 08:26:22,840 [IPC Server handler 1 on 43823] ERROR block.BlockManagerImpl (BlockManagerImpl.java:allocateBlock(222)) - Unable to allocate a block for the size: 4194304, type: RATIS, factor: THREE
2019-09-20 08:26:22,840 | INFO  | SCMAudit | user=jenkins1000 | ip=192.168.34.27 | op=ALLOCATE_BLOCK {owner=a3eff2e5-c422-45f4-8a81-02cb497c2cd1, size=4194304, type=RATIS, factor=THREE} | ret=SUCCESS |  
2019-09-20 08:26:22,841 | ERROR | OMAudit | user=jenkins1000 | ip=127.0.0.1 | op=CREATE_FILE {volume=volume64643, bucket=bucket65347, key=testListStatus/key1, dataSize=0, replicationType=RATIS, replicationFactor=THREE, keyLocationInfo=null} | ret=FAILURE | org.apache.hadoop.hdds.scm.exceptions.SCMException: Allocated 0 blocks. Requested 1 blocks
	at org.apache.hadoop.hdds.scm.protocolPB.ScmBlockLocationProtocolClientSideTranslatorPB.handleError(ScmBlockLocationProtocolClientSideTranslatorPB.java:118)
	at org.apache.hadoop.hdds.scm.protocolPB.ScmBlockLocationProtocolClientSideTranslatorPB.allocateBlock(ScmBlockLocationProtocolClientSideTranslatorPB.java:156) 
2019-09-20 08:26:22,842 [Thread-804] INFO  ozone.MiniOzoneClusterImpl (MiniOzoneClusterImpl.java:shutdown(321)) - Shutting down the Mini Ozone Cluster
2019-09-20 08:26:22,842 | INFO  | SCMAudit | user=null | ip=null | op=GET_SCM_INFO null | ret=SUCCESS |  
2019-09-20 08:26:22,842 [Thread-804] INFO  ozone.MiniOzoneClusterImpl (MiniOzoneClusterImpl.java:stop(336)) - Stopping the Mini Ozone Cluster
2019-09-20 08:26:22,842 [Thread-804] INFO  ozone.MiniOzoneClusterImpl (MiniOzoneClusterImpl.java:stop(338)) - Stopping the OzoneManager
2019-09-20 08:26:22,843 [Thread-804] INFO  ipc.Server (Server.java:stop(3082)) - Stopping server on 34114
2019-09-20 08:26:22,845 [Thread-804] INFO  ratis.OzoneManagerDoubleBuffer (OzoneManagerDoubleBuffer.java:stop(248)) - Stopping OMDoubleBuffer flush thread
2019-09-20 08:26:22,845 [IPC Server Responder] INFO  ipc.Server (Server.java:run(1319)) - Stopping IPC Server Responder
2019-09-20 08:26:22,845 [IPC Server listener on 34114] INFO  ipc.Server (Server.java:run(1185)) - Stopping IPC Server listener on 34114
2019-09-20 08:26:22,845 [OMDoubleBufferFlushThread] INFO  ratis.OzoneManagerDoubleBuffer (OzoneManagerDoubleBuffer.java:flushTransactions(191)) - OMDoubleBuffer flush thread OMDoubleBufferFlushThread is interrupted and will exit. OMDoubleBufferFlushThread
2019-09-20 08:26:22,848 [Thread-804] INFO  utils.BackgroundService (BackgroundService.java:shutdown(148)) - Shutting down service KeyDeletingService
2019-09-20 08:26:22,849 [Thread-804] INFO  handler.ContextHandler (ContextHandler.java:doStop(910)) - Stopped o.e.j.w.WebAppContext@1fdb9a0f{/,null,UNAVAILABLE}{/ozoneManager}
2019-09-20 08:26:22,849 [Thread-804] INFO  server.AbstractConnector (AbstractConnector.java:doStop(318)) - Stopped ServerConnector@2bc7fc20{HTTP/1.1,[http/1.1]}{0.0.0.0:0}
2019-09-20 08:26:22,850 [Thread-804] INFO  handler.ContextHandler (ContextHandler.java:doStop(910)) - Stopped o.e.j.s.ServletContextHandler@28b5e380{/static,jar:file:/home/user/.m2/repository/org/apache/hadoop/hadoop-ozone-ozone-manager/0.5.0-SNAPSHOT/hadoop-ozone-ozone-manager-0.5.0-SNAPSHOT.jar!/webapps/static,UNAVAILABLE}
2019-09-20 08:26:22,850 [Thread-804] INFO  handler.ContextHandler (ContextHandler.java:doStop(910)) - Stopped o.e.j.s.ServletContextHandler@5b7c926f{/logs,file:///workdir/hadoop-ozone/ozonefs/target/log,UNAVAILABLE}
2019-09-20 08:26:22,852 [Thread-804] INFO  ozone.MiniOzoneClusterImpl (MiniOzoneClusterImpl.java:stop(344)) - Shutting the HddsDatanodes
2019-09-20 08:26:22,852 [Thread-804] INFO  datanode.ObjectStoreHandler (ObjectStoreHandler.java:close(155)) - Closing ObjectStoreHandler.
2019-09-20 08:26:22,852 [ForkJoinPool.commonPool-worker-1] INFO  datanode.ObjectStoreHandler (ObjectStoreHandler.java:close(155)) - Closing ObjectStoreHandler.
2019-09-20 08:26:22,853 [Thread-804] INFO  ozone.HddsDatanodeService (HddsDatanodeService.java:stop(451)) - Stopped plug-in org.apache.hadoop.ozone.web.OzoneHddsDatanodeService@3240bf3e
2019-09-20 08:26:22,853 [ForkJoinPool.commonPool-worker-1] INFO  ozone.HddsDatanodeService (HddsDatanodeService.java:stop(451)) - Stopped plug-in org.apache.hadoop.ozone.web.OzoneHddsDatanodeService@6c4f05a7
2019-09-20 08:26:23,181 [Datanode State Machine Thread - 0] INFO  statemachine.DatanodeStateMachine (DatanodeStateMachine.java:lambda$startDaemon$0(350)) - Ozone container server started.
2019-09-20 08:26:23,412 [Datanode State Machine Thread - 0] INFO  statemachine.DatanodeStateMachine (DatanodeStateMachine.java:lambda$startDaemon$0(350)) - Ozone container server started.
2019-09-20 08:26:23,604 | INFO  | SCMAudit | user=jenkins1000 | ip=192.168.34.27 | op=SEND_HEARTBEAT {datanodeUUID=aa98e893-95a3-4426-8c3d-7852b9d4d01a, command=[]} | ret=SUCCESS |  
2019-09-20 08:26:24,191 [Thread-976] INFO  container.ReplicationManager (ReplicationManager.java:start(151)) - Starting Replication Monitor Thread.
2019-09-20 08:26:24,193 [ReplicationMonitor] INFO  container.ReplicationManager (ReplicationManager.java:run(214)) - Replication Monitor Thread took 0 milliseconds for processing 0 containers.
2019-09-20 08:26:24,604 | INFO  | SCMAudit | user=jenkins1000 | ip=192.168.34.27 | op=SEND_HEARTBEAT {datanodeUUID=aa98e893-95a3-4426-8c3d-7852b9d4d01a, command=[]} | ret=SUCCESS |  
2019-09-20 08:26:25,604 | INFO  | SCMAudit | user=jenkins1000 | ip=192.168.34.27 | op=SEND_HEARTBEAT {datanodeUUID=aa98e893-95a3-4426-8c3d-7852b9d4d01a, command=[]} | ret=SUCCESS |  
2019-09-20 08:26:26,380 [Thread-981] INFO  impl.FollowerState (FollowerState.java:run(106)) - e6b1165a-2e40-428d-b2f2-7ef8f5104c17:group-74C4AC80E2A6 changes to CANDIDATE, lastRpcTime:5063, electionTimeout:5063ms
2019-09-20 08:26:26,380 [Thread-981] INFO  impl.RoleInfo (RoleInfo.java:shutdownFollowerState(121)) - e6b1165a-2e40-428d-b2f2-7ef8f5104c17: shutdown FollowerState
2019-09-20 08:26:26,381 [Thread-981] INFO  impl.RaftServerImpl (RaftServerImpl.java:setRole(171)) - e6b1165a-2e40-428d-b2f2-7ef8f5104c17:group-74C4AC80E2A6 changes role from FOLLOWER to CANDIDATE at term 0 for changeToCandidate
2019-09-20 08:26:26,381 [Thread-981] INFO  impl.RoleInfo (RoleInfo.java:updateAndGet(143)) - e6b1165a-2e40-428d-b2f2-7ef8f5104c17: start LeaderElection
2019-09-20 08:26:26,408 [e6b1165a-2e40-428d-b2f2-7ef8f5104c17:group-74C4AC80E2A6:LeaderElection54] INFO  impl.LeaderElection (LeaderElection.java:askForVotes(181)) - e6b1165a-2e40-428d-b2f2-7ef8f5104c17:group-74C4AC80E2A6:LeaderElection54: begin an election at term 1 for -1: [e6b1165a-2e40-428d-b2f2-7ef8f5104c17:192.168.34.27:36204], old=null
2019-09-20 08:26:26,409 [e6b1165a-2e40-428d-b2f2-7ef8f5104c17:group-74C4AC80E2A6:LeaderElection54] INFO  impl.RoleInfo (RoleInfo.java:shutdownLeaderElection(134)) - e6b1165a-2e40-428d-b2f2-7ef8f5104c17: shutdown LeaderElection
2019-09-20 08:26:26,409 [e6b1165a-2e40-428d-b2f2-7ef8f5104c17:group-74C4AC80E2A6:LeaderElection54] INFO  impl.RaftServerImpl (RaftServerImpl.java:setRole(171)) - e6b1165a-2e40-428d-b2f2-7ef8f5104c17:group-74C4AC80E2A6 changes role from CANDIDATE to LEADER at term 1 for changeToLeader
2019-09-20 08:26:26,409 [e6b1165a-2e40-428d-b2f2-7ef8f5104c17:group-74C4AC80E2A6:LeaderElection54] INFO  impl.RaftServerImpl (ServerState.java:setLeader(263)) - e6b1165a-2e40-428d-b2f2-7ef8f5104c17:group-74C4AC80E2A6 change Leader from null to e6b1165a-2e40-428d-b2f2-7ef8f5104c17 at term 1 for becomeLeader, leader elected after 5096ms
2019-09-20 08:26:26,409 [e6b1165a-2e40-428d-b2f2-7ef8f5104c17:group-74C4AC80E2A6:LeaderElection54] INFO  server.RaftServerConfigKeys (ConfUtils.java:logGet(43)) - raft.server.staging.catchup.gap = 1000 (default)
2019-09-20 08:26:26,409 [e6b1165a-2e40-428d-b2f2-7ef8f5104c17:group-74C4AC80E2A6:LeaderElection54] INFO  server.RaftServerConfigKeys (ConfUtils.java:logGet(43)) - raft.server.rpc.sleep.time = 25ms (default)
2019-09-20 08:26:26,409 [e6b1165a-2e40-428d-b2f2-7ef8f5104c17:group-74C4AC80E2A6:LeaderElection54] INFO  server.RaftServerConfigKeys (ConfUtils.java:logGet(43)) - raft.server.write.element-limit = 4096 (default)
2019-09-20 08:26:26,410 [e6b1165a-2e40-428d-b2f2-7ef8f5104c17:group-74C4AC80E2A6:LeaderElection54] INFO  server.RaftServerConfigKeys (ConfUtils.java:logGet(43)) - raft.server.watch.timeout = 10s (default)
2019-09-20 08:26:26,410 [e6b1165a-2e40-428d-b2f2-7ef8f5104c17:group-74C4AC80E2A6:LeaderElection54] INFO  server.RaftServerConfigKeys (ConfUtils.java:logGet(43)) - raft.server.watch.timeout.denomination = 1s (default)
2019-09-20 08:26:26,410 [e6b1165a-2e40-428d-b2f2-7ef8f5104c17:group-74C4AC80E2A6:LeaderElection54] INFO  server.RaftServerConfigKeys (ConfUtils.java:logGet(43)) - raft.server.watch.element-limit = 65536 (default)
2019-09-20 08:26:26,410 [e6b1165a-2e40-428d-b2f2-7ef8f5104c17:group-74C4AC80E2A6:LeaderElection54] INFO  impl.RoleInfo (RoleInfo.java:updateAndGet(143)) - e6b1165a-2e40-428d-b2f2-7ef8f5104c17: start LeaderState
2019-09-20 08:26:26,411 [e6b1165a-2e40-428d-b2f2-7ef8f5104c17:group-74C4AC80E2A6:LeaderElection54] INFO  segmented.SegmentedRaftLogWorker (SegmentedRaftLogWorker.java:startLogSegment(380)) - e6b1165a-2e40-428d-b2f2-7ef8f5104c17-SegmentedRaftLogWorker:Storage Directory /workdir/hadoop-ozone/ozonefs/target/test-dir/MiniOzoneClusterImpl-4da4ca98-8075-486b-8359-c950a16dd890/datanode-0/data/ratis/842231cd-7715-4915-8813-74c4ac80e2a6: Starting segment from index:0
2019-09-20 08:26:26,411 [e6b1165a-2e40-428d-b2f2-7ef8f5104c17:group-74C4AC80E2A6:LeaderElection54] INFO  impl.RaftServerImpl (ServerState.java:setRaftConf(361)) - e6b1165a-2e40-428d-b2f2-7ef8f5104c17:group-74C4AC80E2A6 set configuration 0: [e6b1165a-2e40-428d-b2f2-7ef8f5104c17:192.168.34.27:36204], old=null at 0
2019-09-20 08:26:26,427 [Thread-984] INFO  impl.FollowerState (FollowerState.java:run(106)) - e6b1165a-2e40-428d-b2f2-7ef8f5104c17:group-1628F8532DF5 changes to CANDIDATE, lastRpcTime:5053, electionTimeout:5053ms
2019-09-20 08:26:26,427 [Thread-984] INFO  impl.RoleInfo (RoleInfo.java:shutdownFollowerState(121)) - e6b1165a-2e40-428d-b2f2-7ef8f5104c17: shutdown FollowerState
2019-09-20 08:26:26,427 [Thread-984] INFO  impl.RaftServerImpl (RaftServerImpl.java:setRole(171)) - e6b1165a-2e40-428d-b2f2-7ef8f5104c17:group-1628F8532DF5 changes role from FOLLOWER to CANDIDATE at term 0 for changeToCandidate
2019-09-20 08:26:26,427 [Thread-984] INFO  impl.RoleInfo (RoleInfo.java:updateAndGet(143)) - e6b1165a-2e40-428d-b2f2-7ef8f5104c17: start LeaderElection
2019-09-20 08:26:26,449 [Thread-978] INFO  impl.FollowerState (FollowerState.java:run(106)) - e6b1165a-2e40-428d-b2f2-7ef8f5104c17:group-4EE5638B0302 changes to CANDIDATE, lastRpcTime:5202, electionTimeout:5181ms
2019-09-20 08:26:26,449 [Thread-978] INFO  impl.RoleInfo (RoleInfo.java:shutdownFollowerState(121)) - e6b1165a-2e40-428d-b2f2-7ef8f5104c17: shutdown FollowerState
2019-09-20 08:26:26,449 [Thread-978] INFO  impl.RaftServerImpl (RaftServerImpl.java:setRole(171)) - e6b1165a-2e40-428d-b2f2-7ef8f5104c17:group-4EE5638B0302 changes role from FOLLOWER to CANDIDATE at term 0 for changeToCandidate
2019-09-20 08:26:26,449 [Thread-978] INFO  impl.RoleInfo (RoleInfo.java:updateAndGet(143)) - e6b1165a-2e40-428d-b2f2-7ef8f5104c17: start LeaderElection
2019-09-20 08:26:26,463 [e6b1165a-2e40-428d-b2f2-7ef8f5104c17-SegmentedRaftLogWorker:Storage Directory /workdir/hadoop-ozone/ozonefs/target/test-dir/MiniOzoneClusterImpl-4da4ca98-8075-486b-8359-c950a16dd890/datanode-0/data/ratis/842231cd-7715-4915-8813-74c4ac80e2a6] INFO  segmented.SegmentedRaftLogWorker (SegmentedRaftLogWorker.java:execute(569)) - e6b1165a-2e40-428d-b2f2-7ef8f5104c17-SegmentedRaftLogWorker:Storage Directory /workdir/hadoop-ozone/ozonefs/target/test-dir/MiniOzoneClusterImpl-4da4ca98-8075-486b-8359-c950a16dd890/datanode-0/data/ratis/842231cd-7715-4915-8813-74c4ac80e2a6: created new log segment /workdir/hadoop-ozone/ozonefs/target/test-dir/MiniOzoneClusterImpl-4da4ca98-8075-486b-8359-c950a16dd890/datanode-0/data/ratis/842231cd-7715-4915-8813-74c4ac80e2a6/current/log_inprogress_0
2019-09-20 08:26:26,463 [e6b1165a-2e40-428d-b2f2-7ef8f5104c17:group-4EE5638B0302:LeaderElection56] INFO  impl.LeaderElection (LeaderElection.java:askForVotes(181)) - e6b1165a-2e40-428d-b2f2-7ef8f5104c17:group-4EE5638B0302:LeaderElection56: begin an election at term 1 for -1: [e6b1165a-2e40-428d-b2f2-7ef8f5104c17:192.168.34.27:36204], old=null
2019-09-20 08:26:26,463 [e6b1165a-2e40-428d-b2f2-7ef8f5104c17:group-1628F8532DF5:LeaderElection55] INFO  impl.LeaderElection (LeaderElection.java:askForVotes(181)) - e6b1165a-2e40-428d-b2f2-7ef8f5104c17:group-1628F8532DF5:LeaderElection55: begin an election at term 1 for -1: [e6b1165a-2e40-428d-b2f2-7ef8f5104c17:192.168.34.27:36204], old=null
2019-09-20 08:26:26,463 [e6b1165a-2e40-428d-b2f2-7ef8f5104c17:group-4EE5638B0302:LeaderElection56] INFO  impl.RoleInfo (RoleInfo.java:shutdownLeaderElection(134)) - e6b1165a-2e40-428d-b2f2-7ef8f5104c17: shutdown LeaderElection
2019-09-20 08:26:26,464 [e6b1165a-2e40-428d-b2f2-7ef8f5104c17:group-1628F8532DF5:LeaderElection55] INFO  impl.RoleInfo (RoleInfo.java:shutdownLeaderElection(134)) - e6b1165a-2e40-428d-b2f2-7ef8f5104c17: shutdown LeaderElection
2019-09-20 08:26:26,464 [e6b1165a-2e40-428d-b2f2-7ef8f5104c17:group-4EE5638B0302:LeaderElection56] INFO  impl.RaftServerImpl (RaftServerImpl.java:setRole(171)) - e6b1165a-2e40-428d-b2f2-7ef8f5104c17:group-4EE5638B0302 changes role from CANDIDATE to LEADER at term 1 for changeToLeader
2019-09-20 08:26:26,464 [e6b1165a-2e40-428d-b2f2-7ef8f5104c17:group-1628F8532DF5:LeaderElection55] INFO  impl.RaftServerImpl (RaftServerImpl.java:setRole(171)) - e6b1165a-2e40-428d-b2f2-7ef8f5104c17:group-1628F8532DF5 changes role from CANDIDATE to LEADER at term 1 for changeToLeader
2019-09-20 08:26:26,464 [e6b1165a-2e40-428d-b2f2-7ef8f5104c17:group-4EE5638B0302:LeaderElection56] INFO  impl.RaftServerImpl (ServerState.java:setLeader(263)) - e6b1165a-2e40-428d-b2f2-7ef8f5104c17:group-4EE5638B0302 change Leader from null to e6b1165a-2e40-428d-b2f2-7ef8f5104c17 at term 1 for becomeLeader, leader elected after 5221ms
2019-09-20 08:26:26,464 [e6b1165a-2e40-428d-b2f2-7ef8f5104c17:group-1628F8532DF5:LeaderElection55] INFO  impl.RaftServerImpl (ServerState.java:setLeader(263)) - e6b1165a-2e40-428d-b2f2-7ef8f5104c17:group-1628F8532DF5 change Leader from null to e6b1165a-2e40-428d-b2f2-7ef8f5104c17 at term 1 for becomeLeader, leader elected after 5097ms
2019-09-20 08:26:26,464 [e6b1165a-2e40-428d-b2f2-7ef8f5104c17:group-4EE5638B0302:LeaderElection56] INFO  server.RaftServerConfigKeys (ConfUtils.java:logGet(43)) - raft.server.staging.catchup.gap = 1000 (default)
2019-09-20 08:26:26,464 [e6b1165a-2e40-428d-b2f2-7ef8f5104c17:group-1628F8532DF5:LeaderElection55] INFO  server.RaftServerConfigKeys (ConfUtils.java:logGet(43)) - raft.server.staging.catchup.gap = 1000 (default)
2019-09-20 08:26:26,464 [e6b1165a-2e40-428d-b2f2-7ef8f5104c17:group-4EE5638B0302:LeaderElection56] INFO  server.RaftServerConfigKeys (ConfUtils.java:logGet(43)) - raft.server.rpc.sleep.time = 25ms (default)
2019-09-20 08:26:26,465 [e6b1165a-2e40-428d-b2f2-7ef8f5104c17:group-1628F8532DF5:LeaderElection55] INFO  server.RaftServerConfigKeys (ConfUtils.java:logGet(43)) - raft.server.rpc.sleep.time = 25ms (default)
2019-09-20 08:26:26,465 [e6b1165a-2e40-428d-b2f2-7ef8f5104c17:group-4EE5638B0302:LeaderElection56] INFO  server.RaftServerConfigKeys (ConfUtils.java:logGet(43)) - raft.server.write.element-limit = 4096 (default)
2019-09-20 08:26:26,465 [e6b1165a-2e40-428d-b2f2-7ef8f5104c17:group-1628F8532DF5:LeaderElection55] INFO  server.RaftServerConfigKeys (ConfUtils.java:logGet(43)) - raft.server.write.element-limit = 4096 (default)
2019-09-20 08:26:26,465 [e6b1165a-2e40-428d-b2f2-7ef8f5104c17:group-4EE5638B0302:LeaderElection56] INFO  server.RaftServerConfigKeys (ConfUtils.java:logGet(43)) - raft.server.watch.timeout = 10s (default)
2019-09-20 08:26:26,465 [e6b1165a-2e40-428d-b2f2-7ef8f5104c17:group-1628F8532DF5:LeaderElection55] INFO  server.RaftServerConfigKeys (ConfUtils.java:logGet(43)) - raft.server.watch.timeout = 10s (default)
2019-09-20 08:26:26,465 [e6b1165a-2e40-428d-b2f2-7ef8f5104c17:group-4EE5638B0302:LeaderElection56] INFO  server.RaftServerConfigKeys (ConfUtils.java:logGet(43)) - raft.server.watch.timeout.denomination = 1s (default)
2019-09-20 08:26:26,465 [e6b1165a-2e40-428d-b2f2-7ef8f5104c17:group-1628F8532DF5:LeaderElection55] INFO  server.RaftServerConfigKeys (ConfUtils.java:logGet(43)) - raft.server.watch.timeout.denomination = 1s (default)
2019-09-20 08:26:26,465 [e6b1165a-2e40-428d-b2f2-7ef8f5104c17:group-4EE5638B0302:LeaderElection56] INFO  server.RaftServerConfigKeys (ConfUtils.java:logGet(43)) - raft.server.watch.element-limit = 65536 (default)
2019-09-20 08:26:26,466 [e6b1165a-2e40-428d-b2f2-7ef8f5104c17:group-1628F8532DF5:LeaderElection55] INFO  server.RaftServerConfigKeys (ConfUtils.java:logGet(43)) - raft.server.watch.element-limit = 65536 (default)
2019-09-20 08:26:26,466 [e6b1165a-2e40-428d-b2f2-7ef8f5104c17:group-4EE5638B0302:LeaderElection56] INFO  impl.RoleInfo (RoleInfo.java:updateAndGet(143)) - e6b1165a-2e40-428d-b2f2-7ef8f5104c17: start LeaderState
2019-09-20 08:26:26,466 [e6b1165a-2e40-428d-b2f2-7ef8f5104c17:group-1628F8532DF5:LeaderElection55] INFO  impl.RoleInfo (RoleInfo.java:updateAndGet(143)) - e6b1165a-2e40-428d-b2f2-7ef8f5104c17: start LeaderState
2019-09-20 08:26:26,466 [e6b1165a-2e40-428d-b2f2-7ef8f5104c17:group-4EE5638B0302:LeaderElection56] INFO  segmented.SegmentedRaftLogWorker (SegmentedRaftLogWorker.java:startLogSegment(380)) - e6b1165a-2e40-428d-b2f2-7ef8f5104c17-SegmentedRaftLogWorker:Storage Directory /workdir/hadoop-ozone/ozonefs/target/test-dir/MiniOzoneClusterImpl-4da4ca98-8075-486b-8359-c950a16dd890/datanode-0/data/ratis/3a37e041-22be-4e5c-8b5b-4ee5638b0302: Starting segment from index:0
2019-09-20 08:26:26,466 [e6b1165a-2e40-428d-b2f2-7ef8f5104c17:group-1628F8532DF5:LeaderElection55] INFO  segmented.SegmentedRaftLogWorker (SegmentedRaftLogWorker.java:startLogSegment(380)) - e6b1165a-2e40-428d-b2f2-7ef8f5104c17-SegmentedRaftLogWorker:Storage Directory /workdir/hadoop-ozone/ozonefs/target/test-dir/MiniOzoneClusterImpl-4da4ca98-8075-486b-8359-c950a16dd890/datanode-0/data/ratis/7519783a-092d-44f1-866a-1628f8532df5: Starting segment from index:0
2019-09-20 08:26:26,467 [e6b1165a-2e40-428d-b2f2-7ef8f5104c17:group-4EE5638B0302:LeaderElection56] INFO  impl.RaftServerImpl (ServerState.java:setRaftConf(361)) - e6b1165a-2e40-428d-b2f2-7ef8f5104c17:group-4EE5638B0302 set configuration 0: [e6b1165a-2e40-428d-b2f2-7ef8f5104c17:192.168.34.27:36204], old=null at 0
2019-09-20 08:26:26,467 [e6b1165a-2e40-428d-b2f2-7ef8f5104c17:group-1628F8532DF5:LeaderElection55] INFO  impl.RaftServerImpl (ServerState.java:setRaftConf(361)) - e6b1165a-2e40-428d-b2f2-7ef8f5104c17:group-1628F8532DF5 set configuration 0: [e6b1165a-2e40-428d-b2f2-7ef8f5104c17:192.168.34.27:36204], old=null at 0
2019-09-20 08:26:26,493 [Thread-987] INFO  impl.FollowerState (FollowerState.java:run(106)) - e6b1165a-2e40-428d-b2f2-7ef8f5104c17:group-1658805228FC changes to CANDIDATE, lastRpcTime:5070, electionTimeout:5070ms
2019-09-20 08:26:26,494 [Thread-987] INFO  impl.RoleInfo (RoleInfo.java:shutdownFollowerState(121)) - e6b1165a-2e40-428d-b2f2-7ef8f5104c17: shutdown FollowerState
2019-09-20 08:26:26,494 [Thread-987] INFO  impl.RaftServerImpl (RaftServerImpl.java:setRole(171)) - e6b1165a-2e40-428d-b2f2-7ef8f5104c17:group-1658805228FC changes role from FOLLOWER to CANDIDATE at term 0 for changeToCandidate
2019-09-20 08:26:26,494 [Thread-987] INFO  impl.RoleInfo (RoleInfo.java:updateAndGet(143)) - e6b1165a-2e40-428d-b2f2-7ef8f5104c17: start LeaderElection
2019-09-20 08:26:26,519 [e6b1165a-2e40-428d-b2f2-7ef8f5104c17-SegmentedRaftLogWorker:Storage Directory /workdir/hadoop-ozone/ozonefs/target/test-dir/MiniOzoneClusterImpl-4da4ca98-8075-486b-8359-c950a16dd890/datanode-0/data/ratis/3a37e041-22be-4e5c-8b5b-4ee5638b0302] INFO  segmented.SegmentedRaftLogWorker (SegmentedRaftLogWorker.java:execute(569)) - e6b1165a-2e40-428d-b2f2-7ef8f5104c17-SegmentedRaftLogWorker:Storage Directory /workdir/hadoop-ozone/ozonefs/target/test-dir/MiniOzoneClusterImpl-4da4ca98-8075-486b-8359-c950a16dd890/datanode-0/data/ratis/3a37e041-22be-4e5c-8b5b-4ee5638b0302: created new log segment /workdir/hadoop-ozone/ozonefs/target/test-dir/MiniOzoneClusterImpl-4da4ca98-8075-486b-8359-c950a16dd890/datanode-0/data/ratis/3a37e041-22be-4e5c-8b5b-4ee5638b0302/current/log_inprogress_0
2019-09-20 08:26:26,519 [e6b1165a-2e40-428d-b2f2-7ef8f5104c17-SegmentedRaftLogWorker:Storage Directory /workdir/hadoop-ozone/ozonefs/target/test-dir/MiniOzoneClusterImpl-4da4ca98-8075-486b-8359-c950a16dd890/datanode-0/data/ratis/7519783a-092d-44f1-866a-1628f8532df5] INFO  segmented.SegmentedRaftLogWorker (SegmentedRaftLogWorker.java:execute(569)) - e6b1165a-2e40-428d-b2f2-7ef8f5104c17-SegmentedRaftLogWorker:Storage Directory /workdir/hadoop-ozone/ozonefs/target/test-dir/MiniOzoneClusterImpl-4da4ca98-8075-486b-8359-c950a16dd890/datanode-0/data/ratis/7519783a-092d-44f1-866a-1628f8532df5: created new log segment /workdir/hadoop-ozone/ozonefs/target/test-dir/MiniOzoneClusterImpl-4da4ca98-8075-486b-8359-c950a16dd890/datanode-0/data/ratis/7519783a-092d-44f1-866a-1628f8532df5/current/log_inprogress_0
2019-09-20 08:26:26,519 [e6b1165a-2e40-428d-b2f2-7ef8f5104c17:group-1658805228FC:LeaderElection57] INFO  impl.LeaderElection (LeaderElection.java:askForVotes(181)) - e6b1165a-2e40-428d-b2f2-7ef8f5104c17:group-1658805228FC:LeaderElection57: begin an election at term 1 for -1: [e6b1165a-2e40-428d-b2f2-7ef8f5104c17:192.168.34.27:36204], old=null
2019-09-20 08:26:26,519 [e6b1165a-2e40-428d-b2f2-7ef8f5104c17:group-1658805228FC:LeaderElection57] INFO  impl.RoleInfo (RoleInfo.java:shutdownLeaderElection(134)) - e6b1165a-2e40-428d-b2f2-7ef8f5104c17: shutdown LeaderElection
2019-09-20 08:26:26,520 [e6b1165a-2e40-428d-b2f2-7ef8f5104c17:group-1658805228FC:LeaderElection57] INFO  impl.RaftServerImpl (RaftServerImpl.java:setRole(171)) - e6b1165a-2e40-428d-b2f2-7ef8f5104c17:group-1658805228FC changes role from CANDIDATE to LEADER at term 1 for changeToLeader
2019-09-20 08:26:26,520 [e6b1165a-2e40-428d-b2f2-7ef8f5104c17:group-1658805228FC:LeaderElection57] INFO  impl.RaftServerImpl (ServerState.java:setLeader(263)) - e6b1165a-2e40-428d-b2f2-7ef8f5104c17:group-1658805228FC change Leader from null to e6b1165a-2e40-428d-b2f2-7ef8f5104c17 at term 1 for becomeLeader, leader elected after 5101ms
2019-09-20 08:26:26,520 [e6b1165a-2e40-428d-b2f2-7ef8f5104c17:group-1658805228FC:LeaderElection57] INFO  server.RaftServerConfigKeys (ConfUtils.java:logGet(43)) - raft.server.staging.catchup.gap = 1000 (default)
2019-09-20 08:26:26,520 [e6b1165a-2e40-428d-b2f2-7ef8f5104c17:group-1658805228FC:LeaderElection57] INFO  server.RaftServerConfigKeys (ConfUtils.java:logGet(43)) - raft.server.rpc.sleep.time = 25ms (default)
2019-09-20 08:26:26,520 [e6b1165a-2e40-428d-b2f2-7ef8f5104c17:group-1658805228FC:LeaderElection57] INFO  server.RaftServerConfigKeys (ConfUtils.java:logGet(43)) - raft.server.write.element-limit = 4096 (default)
2019-09-20 08:26:26,521 [e6b1165a-2e40-428d-b2f2-7ef8f5104c17:group-1658805228FC:LeaderElection57] INFO  server.RaftServerConfigKeys (ConfUtils.java:logGet(43)) - raft.server.watch.timeout = 10s (default)
2019-09-20 08:26:26,521 [e6b1165a-2e40-428d-b2f2-7ef8f5104c17:group-1658805228FC:LeaderElection57] INFO  server.RaftServerConfigKeys (ConfUtils.java:logGet(43)) - raft.server.watch.timeout.denomination = 1s (default)
2019-09-20 08:26:26,521 [e6b1165a-2e40-428d-b2f2-7ef8f5104c17:group-1658805228FC:LeaderElection57] INFO  server.RaftServerConfigKeys (ConfUtils.java:logGet(43)) - raft.server.watch.element-limit = 65536 (default)
2019-09-20 08:26:26,521 [e6b1165a-2e40-428d-b2f2-7ef8f5104c17:group-1658805228FC:LeaderElection57] INFO  impl.RoleInfo (RoleInfo.java:updateAndGet(143)) - e6b1165a-2e40-428d-b2f2-7ef8f5104c17: start LeaderState
2019-09-20 08:26:26,521 [e6b1165a-2e40-428d-b2f2-7ef8f5104c17:group-1658805228FC:LeaderElection57] INFO  segmented.SegmentedRaftLogWorker (SegmentedRaftLogWorker.java:startLogSegment(380)) - e6b1165a-2e40-428d-b2f2-7ef8f5104c17-SegmentedRaftLogWorker:Storage Directory /workdir/hadoop-ozone/ozonefs/target/test-dir/MiniOzoneClusterImpl-4da4ca98-8075-486b-8359-c950a16dd890/datanode-0/data/ratis/22b52a6b-1c1d-4cc4-897a-1658805228fc: Starting segment from index:0
2019-09-20 08:26:26,522 [e6b1165a-2e40-428d-b2f2-7ef8f5104c17:group-1658805228FC:LeaderElection57] INFO  impl.RaftServerImpl (ServerState.java:setRaftConf(361)) - e6b1165a-2e40-428d-b2f2-7ef8f5104c17:group-1658805228FC set configuration 0: [e6b1165a-2e40-428d-b2f2-7ef8f5104c17:192.168.34.27:36204], old=null at 0
2019-09-20 08:26:26,559 [e6b1165a-2e40-428d-b2f2-7ef8f5104c17-SegmentedRaftLogWorker:Storage Directory /workdir/hadoop-ozone/ozonefs/target/test-dir/MiniOzoneClusterImpl-4da4ca98-8075-486b-8359-c950a16dd890/datanode-0/data/ratis/22b52a6b-1c1d-4cc4-897a-1658805228fc] INFO  segmented.SegmentedRaftLogWorker (SegmentedRaftLogWorker.java:execute(569)) - e6b1165a-2e40-428d-b2f2-7ef8f5104c17-SegmentedRaftLogWorker:Storage Directory /workdir/hadoop-ozone/ozonefs/target/test-dir/MiniOzoneClusterImpl-4da4ca98-8075-486b-8359-c950a16dd890/datanode-0/data/ratis/22b52a6b-1c1d-4cc4-897a-1658805228fc: created new log segment /workdir/hadoop-ozone/ozonefs/target/test-dir/MiniOzoneClusterImpl-4da4ca98-8075-486b-8359-c950a16dd890/datanode-0/data/ratis/22b52a6b-1c1d-4cc4-897a-1658805228fc/current/log_inprogress_0
2019-09-20 08:26:26,578 [Thread-990] INFO  impl.FollowerState (FollowerState.java:run(106)) - e6b1165a-2e40-428d-b2f2-7ef8f5104c17:group-2A6B1893380B changes to CANDIDATE, lastRpcTime:5110, electionTimeout:5110ms
2019-09-20 08:26:26,578 [Thread-990] INFO  impl.RoleInfo (RoleInfo.java:shutdownFollowerState(121)) - e6b1165a-2e40-428d-b2f2-7ef8f5104c17: shutdown FollowerState
2019-09-20 08:26:26,578 [Thread-990] INFO  impl.RaftServerImpl (RaftServerImpl.java:setRole(171)) - e6b1165a-2e40-428d-b2f2-7ef8f5104c17:group-2A6B1893380B changes role from FOLLOWER to CANDIDATE at term 0 for changeToCandidate
2019-09-20 08:26:26,578 [Thread-990] INFO  impl.RoleInfo (RoleInfo.java:updateAndGet(143)) - e6b1165a-2e40-428d-b2f2-7ef8f5104c17: start LeaderElection
2019-09-20 08:26:26,594 [e6b1165a-2e40-428d-b2f2-7ef8f5104c17:group-2A6B1893380B:LeaderElection58] INFO  impl.LeaderElection (LeaderElection.java:askForVotes(181)) - e6b1165a-2e40-428d-b2f2-7ef8f5104c17:group-2A6B1893380B:LeaderElection58: begin an election at term 1 for -1: [e6b1165a-2e40-428d-b2f2-7ef8f5104c17:192.168.34.27:36204], old=null
2019-09-20 08:26:26,594 [e6b1165a-2e40-428d-b2f2-7ef8f5104c17:group-2A6B1893380B:LeaderElection58] INFO  impl.RoleInfo (RoleInfo.java:shutdownLeaderElection(134)) - e6b1165a-2e40-428d-b2f2-7ef8f5104c17: shutdown LeaderElection
2019-09-20 08:26:26,594 [e6b1165a-2e40-428d-b2f2-7ef8f5104c17:group-2A6B1893380B:LeaderElection58] INFO  impl.RaftServerImpl (RaftServerImpl.java:setRole(171)) - e6b1165a-2e40-428d-b2f2-7ef8f5104c17:group-2A6B1893380B changes role from CANDIDATE to LEADER at term 1 for changeToLeader
2019-09-20 08:26:26,594 [e6b1165a-2e40-428d-b2f2-7ef8f5104c17:group-2A6B1893380B:LeaderElection58] INFO  impl.RaftServerImpl (ServerState.java:setLeader(263)) - e6b1165a-2e40-428d-b2f2-7ef8f5104c17:group-2A6B1893380B change Leader from null to e6b1165a-2e40-428d-b2f2-7ef8f5104c17 at term 1 for becomeLeader, leader elected after 5130ms
2019-09-20 08:26:26,594 [e6b1165a-2e40-428d-b2f2-7ef8f5104c17:group-2A6B1893380B:LeaderElection58] INFO  server.RaftServerConfigKeys (ConfUtils.java:logGet(43)) - raft.server.staging.catchup.gap = 1000 (default)
2019-09-20 08:26:26,594 [e6b1165a-2e40-428d-b2f2-7ef8f5104c17:group-2A6B1893380B:LeaderElection58] INFO  server.RaftServerConfigKeys (ConfUtils.java:logGet(43)) - raft.server.rpc.sleep.time = 25ms (default)
2019-09-20 08:26:26,594 [e6b1165a-2e40-428d-b2f2-7ef8f5104c17:group-2A6B1893380B:LeaderElection58] INFO  server.RaftServerConfigKeys (ConfUtils.java:logGet(43)) - raft.server.write.element-limit = 4096 (default)
2019-09-20 08:26:26,594 [e6b1165a-2e40-428d-b2f2-7ef8f5104c17:group-2A6B1893380B:LeaderElection58] INFO  server.RaftServerConfigKeys (ConfUtils.java:logGet(43)) - raft.server.watch.timeout = 10s (default)
2019-09-20 08:26:26,595 [e6b1165a-2e40-428d-b2f2-7ef8f5104c17:group-2A6B1893380B:LeaderElection58] INFO  server.RaftServerConfigKeys (ConfUtils.java:logGet(43)) - raft.server.watch.timeout.denomination = 1s (default)
2019-09-20 08:26:26,595 [e6b1165a-2e40-428d-b2f2-7ef8f5104c17:group-2A6B1893380B:LeaderElection58] INFO  server.RaftServerConfigKeys (ConfUtils.java:logGet(43)) - raft.server.watch.element-limit = 65536 (default)
2019-09-20 08:26:26,595 [e6b1165a-2e40-428d-b2f2-7ef8f5104c17:group-2A6B1893380B:LeaderElection58] INFO  impl.RoleInfo (RoleInfo.java:updateAndGet(143)) - e6b1165a-2e40-428d-b2f2-7ef8f5104c17: start LeaderState
2019-09-20 08:26:26,595 [e6b1165a-2e40-428d-b2f2-7ef8f5104c17:group-2A6B1893380B:LeaderElection58] INFO  segmented.SegmentedRaftLogWorker (SegmentedRaftLogWorker.java:startLogSegment(380)) - e6b1165a-2e40-428d-b2f2-7ef8f5104c17-SegmentedRaftLogWorker:Storage Directory /workdir/hadoop-ozone/ozonefs/target/test-dir/MiniOzoneClusterImpl-4da4ca98-8075-486b-8359-c950a16dd890/datanode-0/data/ratis/18f26269-f8cf-4347-bb9a-2a6b1893380b: Starting segment from index:0
2019-09-20 08:26:26,595 [Thread-993] INFO  impl.FollowerState (FollowerState.java:run(106)) - e6b1165a-2e40-428d-b2f2-7ef8f5104c17:group-5C436460470C changes to CANDIDATE, lastRpcTime:5078, electionTimeout:5078ms
2019-09-20 08:26:26,595 [Thread-993] INFO  impl.RoleInfo (RoleInfo.java:shutdownFollowerState(121)) - e6b1165a-2e40-428d-b2f2-7ef8f5104c17: shutdown FollowerState
2019-09-20 08:26:26,595 [Thread-993] INFO  impl.RaftServerImpl (RaftServerImpl.java:setRole(171)) - e6b1165a-2e40-428d-b2f2-7ef8f5104c17:group-5C436460470C changes role from FOLLOWER to CANDIDATE at term 0 for changeToCandidate
2019-09-20 08:26:26,596 [e6b1165a-2e40-428d-b2f2-7ef8f5104c17:group-2A6B1893380B:LeaderElection58] INFO  impl.RaftServerImpl (ServerState.java:setRaftConf(361)) - e6b1165a-2e40-428d-b2f2-7ef8f5104c17:group-2A6B1893380B set configuration 0: [e6b1165a-2e40-428d-b2f2-7ef8f5104c17:192.168.34.27:36204], old=null at 0
2019-09-20 08:26:26,596 [Thread-993] INFO  impl.RoleInfo (RoleInfo.java:updateAndGet(143)) - e6b1165a-2e40-428d-b2f2-7ef8f5104c17: start LeaderElection
2019-09-20 08:26:26,632 [Thread-996] INFO  impl.FollowerState (FollowerState.java:run(106)) - de37e2fb-a650-4b9c-bc67-7b250b0aee85:group-097D4DA304DF changes to CANDIDATE, lastRpcTime:5024, electionTimeout:5017ms
2019-09-20 08:26:26,633 [Thread-996] INFO  impl.RoleInfo (RoleInfo.java:shutdownFollowerState(121)) - de37e2fb-a650-4b9c-bc67-7b250b0aee85: shutdown FollowerState
2019-09-20 08:26:26,633 [Thread-996] INFO  impl.RaftServerImpl (RaftServerImpl.java:setRole(171)) - de37e2fb-a650-4b9c-bc67-7b250b0aee85:group-097D4DA304DF changes role from FOLLOWER to CANDIDATE at term 0 for changeToCandidate
2019-09-20 08:26:26,633 [Thread-996] INFO  impl.RoleInfo (RoleInfo.java:updateAndGet(143)) - de37e2fb-a650-4b9c-bc67-7b250b0aee85: start LeaderElection
2019-09-20 08:26:26,636 | INFO  | SCMAudit | user=jenkins1000 | ip=192.168.34.27 | op=SEND_HEARTBEAT {datanodeUUID=aa98e893-95a3-4426-8c3d-7852b9d4d01a, command=[]} | ret=SUCCESS |  
2019-09-20 08:26:26,638 [e6b1165a-2e40-428d-b2f2-7ef8f5104c17-SegmentedRaftLogWorker:Storage Directory /workdir/hadoop-ozone/ozonefs/target/test-dir/MiniOzoneClusterImpl-4da4ca98-8075-486b-8359-c950a16dd890/datanode-0/data/ratis/18f26269-f8cf-4347-bb9a-2a6b1893380b] INFO  segmented.SegmentedRaftLogWorker (SegmentedRaftLogWorker.java:execute(569)) - e6b1165a-2e40-428d-b2f2-7ef8f5104c17-SegmentedRaftLogWorker:Storage Directory /workdir/hadoop-ozone/ozonefs/target/test-dir/MiniOzoneClusterImpl-4da4ca98-8075-486b-8359-c950a16dd890/datanode-0/data/ratis/18f26269-f8cf-4347-bb9a-2a6b1893380b: created new log segment /workdir/hadoop-ozone/ozonefs/target/test-dir/MiniOzoneClusterImpl-4da4ca98-8075-486b-8359-c950a16dd890/datanode-0/data/ratis/18f26269-f8cf-4347-bb9a-2a6b1893380b/current/log_inprogress_0
2019-09-20 08:26:26,638 [e6b1165a-2e40-428d-b2f2-7ef8f5104c17:group-5C436460470C:LeaderElection59] INFO  impl.LeaderElection (LeaderElection.java:askForVotes(181)) - e6b1165a-2e40-428d-b2f2-7ef8f5104c17:group-5C436460470C:LeaderElection59: begin an election at term 1 for -1: [e6b1165a-2e40-428d-b2f2-7ef8f5104c17:192.168.34.27:36204], old=null
2019-09-20 08:26:26,638 [e6b1165a-2e40-428d-b2f2-7ef8f5104c17:group-5C436460470C:LeaderElection59] INFO  impl.RoleInfo (RoleInfo.java:shutdownLeaderElection(134)) - e6b1165a-2e40-428d-b2f2-7ef8f5104c17: shutdown LeaderElection
2019-09-20 08:26:26,638 [e6b1165a-2e40-428d-b2f2-7ef8f5104c17:group-5C436460470C:LeaderElection59] INFO  impl.RaftServerImpl (RaftServerImpl.java:setRole(171)) - e6b1165a-2e40-428d-b2f2-7ef8f5104c17:group-5C436460470C changes role from CANDIDATE to LEADER at term 1 for changeToLeader
2019-09-20 08:26:26,638 [e6b1165a-2e40-428d-b2f2-7ef8f5104c17:group-5C436460470C:LeaderElection59] INFO  impl.RaftServerImpl (ServerState.java:setLeader(263)) - e6b1165a-2e40-428d-b2f2-7ef8f5104c17:group-5C436460470C change Leader from null to e6b1165a-2e40-428d-b2f2-7ef8f5104c17 at term 1 for becomeLeader, leader elected after 5125ms
2019-09-20 08:26:26,639 [e6b1165a-2e40-428d-b2f2-7ef8f5104c17:group-5C436460470C:LeaderElection59] INFO  server.RaftServerConfigKeys (ConfUtils.java:logGet(43)) - raft.server.staging.catchup.gap = 1000 (default)
2019-09-20 08:26:26,639 [e6b1165a-2e40-428d-b2f2-7ef8f5104c17:group-5C436460470C:LeaderElection59] INFO  server.RaftServerConfigKeys (ConfUtils.java:logGet(43)) - raft.server.rpc.sleep.time = 25ms (default)
2019-09-20 08:26:26,639 [e6b1165a-2e40-428d-b2f2-7ef8f5104c17:group-5C436460470C:LeaderElection59] INFO  server.RaftServerConfigKeys (ConfUtils.java:logGet(43)) - raft.server.write.element-limit = 4096 (default)
2019-09-20 08:26:26,639 [e6b1165a-2e40-428d-b2f2-7ef8f5104c17:group-5C436460470C:LeaderElection59] INFO  server.RaftServerConfigKeys (ConfUtils.java:logGet(43)) - raft.server.watch.timeout = 10s (default)
2019-09-20 08:26:26,640 [e6b1165a-2e40-428d-b2f2-7ef8f5104c17:group-5C436460470C:LeaderElection59] INFO  server.RaftServerConfigKeys (ConfUtils.java:logGet(43)) - raft.server.watch.timeout.denomination = 1s (default)
2019-09-20 08:26:26,640 [e6b1165a-2e40-428d-b2f2-7ef8f5104c17:group-5C436460470C:LeaderElection59] INFO  server.RaftServerConfigKeys (ConfUtils.java:logGet(43)) - raft.server.watch.element-limit = 65536 (default)
2019-09-20 08:26:26,640 [e6b1165a-2e40-428d-b2f2-7ef8f5104c17:group-5C436460470C:LeaderElection59] INFO  impl.RoleInfo (RoleInfo.java:updateAndGet(143)) - e6b1165a-2e40-428d-b2f2-7ef8f5104c17: start LeaderState
2019-09-20 08:26:26,640 [e6b1165a-2e40-428d-b2f2-7ef8f5104c17:group-5C436460470C:LeaderElection59] INFO  segmented.SegmentedRaftLogWorker (SegmentedRaftLogWorker.java:startLogSegment(380)) - e6b1165a-2e40-428d-b2f2-7ef8f5104c17-SegmentedRaftLogWorker:Storage Directory /workdir/hadoop-ozone/ozonefs/target/test-dir/MiniOzoneClusterImpl-4da4ca98-8075-486b-8359-c950a16dd890/datanode-0/data/ratis/27b971e1-6e42-40a8-b42f-5c436460470c: Starting segment from index:0
2019-09-20 08:26:26,640 [de37e2fb-a650-4b9c-bc67-7b250b0aee85:group-097D4DA304DF:LeaderElection60] INFO  impl.LeaderElection (LeaderElection.java:askForVotes(181)) - de37e2fb-a650-4b9c-bc67-7b250b0aee85:group-097D4DA304DF:LeaderElection60: begin an election at term 1 for -1: [de37e2fb-a650-4b9c-bc67-7b250b0aee85:192.168.34.27:46843], old=null
2019-09-20 08:26:26,641 [de37e2fb-a650-4b9c-bc67-7b250b0aee85:group-097D4DA304DF:LeaderElection60] INFO  impl.RoleInfo (RoleInfo.java:shutdownLeaderElection(134)) - de37e2fb-a650-4b9c-bc67-7b250b0aee85: shutdown LeaderElection
2019-09-20 08:26:26,641 [de37e2fb-a650-4b9c-bc67-7b250b0aee85:group-097D4DA304DF:LeaderElection60] INFO  impl.RaftServerImpl (RaftServerImpl.java:setRole(171)) - de37e2fb-a650-4b9c-bc67-7b250b0aee85:group-097D4DA304DF changes role from CANDIDATE to LEADER at term 1 for changeToLeader
2019-09-20 08:26:26,641 [e6b1165a-2e40-428d-b2f2-7ef8f5104c17:group-5C436460470C:LeaderElection59] INFO  impl.RaftServerImpl (ServerState.java:setRaftConf(361)) - e6b1165a-2e40-428d-b2f2-7ef8f5104c17:group-5C436460470C set configuration 0: [e6b1165a-2e40-428d-b2f2-7ef8f5104c17:192.168.34.27:36204], old=null at 0
2019-09-20 08:26:26,641 [de37e2fb-a650-4b9c-bc67-7b250b0aee85:group-097D4DA304DF:LeaderElection60] INFO  impl.RaftServerImpl (ServerState.java:setLeader(263)) - de37e2fb-a650-4b9c-bc67-7b250b0aee85:group-097D4DA304DF change Leader from null to de37e2fb-a650-4b9c-bc67-7b250b0aee85 at term 1 for becomeLeader, leader elected after 5039ms
2019-09-20 08:26:26,642 [de37e2fb-a650-4b9c-bc67-7b250b0aee85:group-097D4DA304DF:LeaderElection60] INFO  server.RaftServerConfigKeys (ConfUtils.java:logGet(43)) - raft.server.staging.catchup.gap = 1000 (default)
2019-09-20 08:26:26,642 [de37e2fb-a650-4b9c-bc67-7b250b0aee85:group-097D4DA304DF:LeaderElection60] INFO  server.RaftServerConfigKeys (ConfUtils.java:logGet(43)) - raft.server.rpc.sleep.time = 25ms (default)
2019-09-20 08:26:26,642 [de37e2fb-a650-4b9c-bc67-7b250b0aee85:group-097D4DA304DF:LeaderElection60] INFO  server.RaftServerConfigKeys (ConfUtils.java:logGet(43)) - raft.server.write.element-limit = 4096 (default)
2019-09-20 08:26:26,642 [de37e2fb-a650-4b9c-bc67-7b250b0aee85:group-097D4DA304DF:LeaderElection60] INFO  server.RaftServerConfigKeys (ConfUtils.java:logGet(43)) - raft.server.watch.timeout = 10s (default)
2019-09-20 08:26:26,642 [de37e2fb-a650-4b9c-bc67-7b250b0aee85:group-097D4DA304DF:LeaderElection60] INFO  server.RaftServerConfigKeys (ConfUtils.java:logGet(43)) - raft.server.watch.timeout.denomination = 1s (default)
2019-09-20 08:26:26,642 [de37e2fb-a650-4b9c-bc67-7b250b0aee85:group-097D4DA304DF:LeaderElection60] INFO  server.RaftServerConfigKeys (ConfUtils.java:logGet(43)) - raft.server.watch.element-limit = 65536 (default)
2019-09-20 08:26:26,643 [de37e2fb-a650-4b9c-bc67-7b250b0aee85:group-097D4DA304DF:LeaderElection60] INFO  impl.RoleInfo (RoleInfo.java:updateAndGet(143)) - de37e2fb-a650-4b9c-bc67-7b250b0aee85: start LeaderState
2019-09-20 08:26:26,643 [de37e2fb-a650-4b9c-bc67-7b250b0aee85:group-097D4DA304DF:LeaderElection60] INFO  segmented.SegmentedRaftLogWorker (SegmentedRaftLogWorker.java:startLogSegment(380)) - de37e2fb-a650-4b9c-bc67-7b250b0aee85-SegmentedRaftLogWorker:Storage Directory /workdir/hadoop-ozone/ozonefs/target/test-dir/MiniOzoneClusterImpl-4da4ca98-8075-486b-8359-c950a16dd890/datanode-1/data/ratis/c5afaa43-006f-4516-ad2a-097d4da304df: Starting segment from index:0
2019-09-20 08:26:26,643 [de37e2fb-a650-4b9c-bc67-7b250b0aee85:group-097D4DA304DF:LeaderElection60] INFO  impl.RaftServerImpl (ServerState.java:setRaftConf(361)) - de37e2fb-a650-4b9c-bc67-7b250b0aee85:group-097D4DA304DF set configuration 0: [de37e2fb-a650-4b9c-bc67-7b250b0aee85:192.168.34.27:46843], old=null at 0
2019-09-20 08:26:26,698 [e6b1165a-2e40-428d-b2f2-7ef8f5104c17-SegmentedRaftLogWorker:Storage Directory /workdir/hadoop-ozone/ozonefs/target/test-dir/MiniOzoneClusterImpl-4da4ca98-8075-486b-8359-c950a16dd890/datanode-0/data/ratis/27b971e1-6e42-40a8-b42f-5c436460470c] INFO  segmented.SegmentedRaftLogWorker (SegmentedRaftLogWorker.java:execute(569)) - e6b1165a-2e40-428d-b2f2-7ef8f5104c17-SegmentedRaftLogWorker:Storage Directory /workdir/hadoop-ozone/ozonefs/target/test-dir/MiniOzoneClusterImpl-4da4ca98-8075-486b-8359-c950a16dd890/datanode-0/data/ratis/27b971e1-6e42-40a8-b42f-5c436460470c: created new log segment /workdir/hadoop-ozone/ozonefs/target/test-dir/MiniOzoneClusterImpl-4da4ca98-8075-486b-8359-c950a16dd890/datanode-0/data/ratis/27b971e1-6e42-40a8-b42f-5c436460470c/current/log_inprogress_0
2019-09-20 08:26:26,698 [de37e2fb-a650-4b9c-bc67-7b250b0aee85-SegmentedRaftLogWorker:Storage Directory /workdir/hadoop-ozone/ozonefs/target/test-dir/MiniOzoneClusterImpl-4da4ca98-8075-486b-8359-c950a16dd890/datanode-1/data/ratis/c5afaa43-006f-4516-ad2a-097d4da304df] INFO  segmented.SegmentedRaftLogWorker (SegmentedRaftLogWorker.java:execute(569)) - de37e2fb-a650-4b9c-bc67-7b250b0aee85-SegmentedRaftLogWorker:Storage Directory /workdir/hadoop-ozone/ozonefs/target/test-dir/MiniOzoneClusterImpl-4da4ca98-8075-486b-8359-c950a16dd890/datanode-1/data/ratis/c5afaa43-006f-4516-ad2a-097d4da304df: created new log segment /workdir/hadoop-ozone/ozonefs/target/test-dir/MiniOzoneClusterImpl-4da4ca98-8075-486b-8359-c950a16dd890/datanode-1/data/ratis/c5afaa43-006f-4516-ad2a-097d4da304df/current/log_inprogress_0
2019-09-20 08:26:26,750 [Thread-999] INFO  impl.FollowerState (FollowerState.java:run(106)) - aa98e893-95a3-4426-8c3d-7852b9d4d01a:group-357C73EC9F25 changes to CANDIDATE, lastRpcTime:5104, electionTimeout:5104ms
2019-09-20 08:26:26,750 [Thread-999] INFO  impl.RoleInfo (RoleInfo.java:shutdownFollowerState(121)) - aa98e893-95a3-4426-8c3d-7852b9d4d01a: shutdown FollowerState
2019-09-20 08:26:26,750 [Thread-999] INFO  impl.RaftServerImpl (RaftServerImpl.java:setRole(171)) - aa98e893-95a3-4426-8c3d-7852b9d4d01a:group-357C73EC9F25 changes role from FOLLOWER to CANDIDATE at term 0 for changeToCandidate
2019-09-20 08:26:26,750 [Thread-999] INFO  impl.RoleInfo (RoleInfo.java:updateAndGet(143)) - aa98e893-95a3-4426-8c3d-7852b9d4d01a: start LeaderElection
2019-09-20 08:26:26,766 [aa98e893-95a3-4426-8c3d-7852b9d4d01a:group-357C73EC9F25:LeaderElection61] INFO  impl.LeaderElection (LeaderElection.java:askForVotes(181)) - aa98e893-95a3-4426-8c3d-7852b9d4d01a:group-357C73EC9F25:LeaderElection61: begin an election at term 1 for -1: [aa98e893-95a3-4426-8c3d-7852b9d4d01a:192.168.34.27:44381], old=null
2019-09-20 08:26:26,766 [aa98e893-95a3-4426-8c3d-7852b9d4d01a:group-357C73EC9F25:LeaderElection61] INFO  impl.RoleInfo (RoleInfo.java:shutdownLeaderElection(134)) - aa98e893-95a3-4426-8c3d-7852b9d4d01a: shutdown LeaderElection
2019-09-20 08:26:26,766 [aa98e893-95a3-4426-8c3d-7852b9d4d01a:group-357C73EC9F25:LeaderElection61] INFO  impl.RaftServerImpl (RaftServerImpl.java:setRole(171)) - aa98e893-95a3-4426-8c3d-7852b9d4d01a:group-357C73EC9F25 changes role from CANDIDATE to LEADER at term 1 for changeToLeader
2019-09-20 08:26:26,766 [aa98e893-95a3-4426-8c3d-7852b9d4d01a:group-357C73EC9F25:LeaderElection61] INFO  impl.RaftServerImpl (ServerState.java:setLeader(263)) - aa98e893-95a3-4426-8c3d-7852b9d4d01a:group-357C73EC9F25 change Leader from null to aa98e893-95a3-4426-8c3d-7852b9d4d01a at term 1 for becomeLeader, leader elected after 5126ms
2019-09-20 08:26:26,767 [aa98e893-95a3-4426-8c3d-7852b9d4d01a:group-357C73EC9F25:LeaderElection61] INFO  server.RaftServerConfigKeys (ConfUtils.java:logGet(43)) - raft.server.staging.catchup.gap = 1000 (default)
2019-09-20 08:26:26,767 [aa98e893-95a3-4426-8c3d-7852b9d4d01a:group-357C73EC9F25:LeaderElection61] INFO  server.RaftServerConfigKeys (ConfUtils.java:logGet(43)) - raft.server.rpc.sleep.time = 25ms (default)
2019-09-20 08:26:26,767 [aa98e893-95a3-4426-8c3d-7852b9d4d01a:group-357C73EC9F25:LeaderElection61] INFO  server.RaftServerConfigKeys (ConfUtils.java:logGet(43)) - raft.server.write.element-limit = 4096 (default)
2019-09-20 08:26:26,767 [aa98e893-95a3-4426-8c3d-7852b9d4d01a:group-357C73EC9F25:LeaderElection61] INFO  server.RaftServerConfigKeys (ConfUtils.java:logGet(43)) - raft.server.watch.timeout = 10s (default)
2019-09-20 08:26:26,767 [aa98e893-95a3-4426-8c3d-7852b9d4d01a:group-357C73EC9F25:LeaderElection61] INFO  server.RaftServerConfigKeys (ConfUtils.java:logGet(43)) - raft.server.watch.timeout.denomination = 1s (default)
2019-09-20 08:26:26,767 [aa98e893-95a3-4426-8c3d-7852b9d4d01a:group-357C73EC9F25:LeaderElection61] INFO  server.RaftServerConfigKeys (ConfUtils.java:logGet(43)) - raft.server.watch.element-limit = 65536 (default)
2019-09-20 08:26:26,768 [aa98e893-95a3-4426-8c3d-7852b9d4d01a:group-357C73EC9F25:LeaderElection61] INFO  impl.RoleInfo (RoleInfo.java:updateAndGet(143)) - aa98e893-95a3-4426-8c3d-7852b9d4d01a: start LeaderState
2019-09-20 08:26:26,768 [aa98e893-95a3-4426-8c3d-7852b9d4d01a:group-357C73EC9F25:LeaderElection61] INFO  segmented.SegmentedRaftLogWorker (SegmentedRaftLogWorker.java:startLogSegment(380)) - aa98e893-95a3-4426-8c3d-7852b9d4d01a-SegmentedRaftLogWorker:Storage Directory /workdir/hadoop-ozone/ozonefs/target/test-dir/MiniOzoneClusterImpl-4da4ca98-8075-486b-8359-c950a16dd890/datanode-2/data/ratis/4b19e006-7a59-4294-af6b-357c73ec9f25: Starting segment from index:0
2019-09-20 08:26:26,769 [aa98e893-95a3-4426-8c3d-7852b9d4d01a:group-357C73EC9F25:LeaderElection61] INFO  impl.RaftServerImpl (ServerState.java:setRaftConf(361)) - aa98e893-95a3-4426-8c3d-7852b9d4d01a:group-357C73EC9F25 set configuration 0: [aa98e893-95a3-4426-8c3d-7852b9d4d01a:192.168.34.27:44381], old=null at 0
2019-09-20 08:26:26,770 [Thread-1008] INFO  impl.FollowerState (FollowerState.java:run(106)) - de37e2fb-a650-4b9c-bc67-7b250b0aee85:group-C823A8A1F10C changes to CANDIDATE, lastRpcTime:5002, electionTimeout:5002ms
2019-09-20 08:26:26,770 [Thread-1008] INFO  impl.RoleInfo (RoleInfo.java:shutdownFollowerState(121)) - de37e2fb-a650-4b9c-bc67-7b250b0aee85: shutdown FollowerState
2019-09-20 08:26:26,770 [Thread-1008] INFO  impl.RaftServerImpl (RaftServerImpl.java:setRole(171)) - de37e2fb-a650-4b9c-bc67-7b250b0aee85:group-C823A8A1F10C changes role from FOLLOWER to CANDIDATE at term 0 for changeToCandidate
2019-09-20 08:26:26,770 [Thread-1008] INFO  impl.RoleInfo (RoleInfo.java:updateAndGet(143)) - de37e2fb-a650-4b9c-bc67-7b250b0aee85: start LeaderElection
2019-09-20 08:26:26,825 [Thread-1011] INFO  impl.FollowerState (FollowerState.java:run(106)) - de37e2fb-a650-4b9c-bc67-7b250b0aee85:group-E39E6BA3B5A0 changes to CANDIDATE, lastRpcTime:5017, electionTimeout:5017ms
2019-09-20 08:26:26,825 [Thread-1011] INFO  impl.RoleInfo (RoleInfo.java:shutdownFollowerState(121)) - de37e2fb-a650-4b9c-bc67-7b250b0aee85: shutdown FollowerState
2019-09-20 08:26:26,825 [Thread-1011] INFO  impl.RaftServerImpl (RaftServerImpl.java:setRole(171)) - de37e2fb-a650-4b9c-bc67-7b250b0aee85:group-E39E6BA3B5A0 changes role from FOLLOWER to CANDIDATE at term 0 for changeToCandidate
2019-09-20 08:26:26,826 [Thread-1011] INFO  impl.RoleInfo (RoleInfo.java:updateAndGet(143)) - de37e2fb-a650-4b9c-bc67-7b250b0aee85: start LeaderElection
2019-09-20 08:26:26,830 [aa98e893-95a3-4426-8c3d-7852b9d4d01a-SegmentedRaftLogWorker:Storage Directory /workdir/hadoop-ozone/ozonefs/target/test-dir/MiniOzoneClusterImpl-4da4ca98-8075-486b-8359-c950a16dd890/datanode-2/data/ratis/4b19e006-7a59-4294-af6b-357c73ec9f25] INFO  segmented.SegmentedRaftLogWorker (SegmentedRaftLogWorker.java:execute(569)) - aa98e893-95a3-4426-8c3d-7852b9d4d01a-SegmentedRaftLogWorker:Storage Directory /workdir/hadoop-ozone/ozonefs/target/test-dir/MiniOzoneClusterImpl-4da4ca98-8075-486b-8359-c950a16dd890/datanode-2/data/ratis/4b19e006-7a59-4294-af6b-357c73ec9f25: created new log segment /workdir/hadoop-ozone/ozonefs/target/test-dir/MiniOzoneClusterImpl-4da4ca98-8075-486b-8359-c950a16dd890/datanode-2/data/ratis/4b19e006-7a59-4294-af6b-357c73ec9f25/current/log_inprogress_0
2019-09-20 08:26:26,831 [de37e2fb-a650-4b9c-bc67-7b250b0aee85:group-C823A8A1F10C:LeaderElection62] INFO  impl.LeaderElection (LeaderElection.java:askForVotes(181)) - de37e2fb-a650-4b9c-bc67-7b250b0aee85:group-C823A8A1F10C:LeaderElection62: begin an election at term 1 for -1: [de37e2fb-a650-4b9c-bc67-7b250b0aee85:192.168.34.27:46843], old=null
2019-09-20 08:26:26,831 [de37e2fb-a650-4b9c-bc67-7b250b0aee85:group-C823A8A1F10C:LeaderElection62] INFO  impl.RoleInfo (RoleInfo.java:shutdownLeaderElection(134)) - de37e2fb-a650-4b9c-bc67-7b250b0aee85: shutdown LeaderElection
2019-09-20 08:26:26,831 [de37e2fb-a650-4b9c-bc67-7b250b0aee85:group-C823A8A1F10C:LeaderElection62] INFO  impl.RaftServerImpl (RaftServerImpl.java:setRole(171)) - de37e2fb-a650-4b9c-bc67-7b250b0aee85:group-C823A8A1F10C changes role from CANDIDATE to LEADER at term 1 for changeToLeader
2019-09-20 08:26:26,831 [de37e2fb-a650-4b9c-bc67-7b250b0aee85:group-C823A8A1F10C:LeaderElection62] INFO  impl.RaftServerImpl (ServerState.java:setLeader(263)) - de37e2fb-a650-4b9c-bc67-7b250b0aee85:group-C823A8A1F10C change Leader from null to de37e2fb-a650-4b9c-bc67-7b250b0aee85 at term 1 for becomeLeader, leader elected after 5067ms
2019-09-20 08:26:26,831 [de37e2fb-a650-4b9c-bc67-7b250b0aee85:group-C823A8A1F10C:LeaderElection62] INFO  server.RaftServerConfigKeys (ConfUtils.java:logGet(43)) - raft.server.staging.catchup.gap = 1000 (default)
2019-09-20 08:26:26,831 [de37e2fb-a650-4b9c-bc67-7b250b0aee85:group-C823A8A1F10C:LeaderElection62] INFO  server.RaftServerConfigKeys (ConfUtils.java:logGet(43)) - raft.server.rpc.sleep.time = 25ms (default)
2019-09-20 08:26:26,832 [de37e2fb-a650-4b9c-bc67-7b250b0aee85:group-C823A8A1F10C:LeaderElection62] INFO  server.RaftServerConfigKeys (ConfUtils.java:logGet(43)) - raft.server.write.element-limit = 4096 (default)
2019-09-20 08:26:26,832 [de37e2fb-a650-4b9c-bc67-7b250b0aee85:group-C823A8A1F10C:LeaderElection62] INFO  server.RaftServerConfigKeys (ConfUtils.java:logGet(43)) - raft.server.watch.timeout = 10s (default)
2019-09-20 08:26:26,832 [de37e2fb-a650-4b9c-bc67-7b250b0aee85:group-C823A8A1F10C:LeaderElection62] INFO  server.RaftServerConfigKeys (ConfUtils.java:logGet(43)) - raft.server.watch.timeout.denomination = 1s (default)
2019-09-20 08:26:26,832 [de37e2fb-a650-4b9c-bc67-7b250b0aee85:group-C823A8A1F10C:LeaderElection62] INFO  server.RaftServerConfigKeys (ConfUtils.java:logGet(43)) - raft.server.watch.element-limit = 65536 (default)
2019-09-20 08:26:26,832 [de37e2fb-a650-4b9c-bc67-7b250b0aee85:group-C823A8A1F10C:LeaderElection62] INFO  impl.RoleInfo (RoleInfo.java:updateAndGet(143)) - de37e2fb-a650-4b9c-bc67-7b250b0aee85: start LeaderState
2019-09-20 08:26:26,833 [de37e2fb-a650-4b9c-bc67-7b250b0aee85:group-C823A8A1F10C:LeaderElection62] INFO  segmented.SegmentedRaftLogWorker (SegmentedRaftLogWorker.java:startLogSegment(380)) - de37e2fb-a650-4b9c-bc67-7b250b0aee85-SegmentedRaftLogWorker:Storage Directory /workdir/hadoop-ozone/ozonefs/target/test-dir/MiniOzoneClusterImpl-4da4ca98-8075-486b-8359-c950a16dd890/datanode-1/data/ratis/ec1c5a31-a936-4596-8d62-c823a8a1f10c: Starting segment from index:0
2019-09-20 08:26:26,833 [de37e2fb-a650-4b9c-bc67-7b250b0aee85:group-E39E6BA3B5A0:LeaderElection63] INFO  impl.LeaderElection (LeaderElection.java:askForVotes(181)) - de37e2fb-a650-4b9c-bc67-7b250b0aee85:group-E39E6BA3B5A0:LeaderElection63: begin an election at term 1 for -1: [de37e2fb-a650-4b9c-bc67-7b250b0aee85:192.168.34.27:46843], old=null
2019-09-20 08:26:26,833 [de37e2fb-a650-4b9c-bc67-7b250b0aee85:group-E39E6BA3B5A0:LeaderElection63] INFO  impl.RoleInfo (RoleInfo.java:shutdownLeaderElection(134)) - de37e2fb-a650-4b9c-bc67-7b250b0aee85: shutdown LeaderElection
2019-09-20 08:26:26,833 [de37e2fb-a650-4b9c-bc67-7b250b0aee85:group-E39E6BA3B5A0:LeaderElection63] INFO  impl.RaftServerImpl (RaftServerImpl.java:setRole(171)) - de37e2fb-a650-4b9c-bc67-7b250b0aee85:group-E39E6BA3B5A0 changes role from CANDIDATE to LEADER at term 1 for changeToLeader
2019-09-20 08:26:26,833 [de37e2fb-a650-4b9c-bc67-7b250b0aee85:group-C823A8A1F10C:LeaderElection62] INFO  impl.RaftServerImpl (ServerState.java:setRaftConf(361)) - de37e2fb-a650-4b9c-bc67-7b250b0aee85:group-C823A8A1F10C set configuration 0: [de37e2fb-a650-4b9c-bc67-7b250b0aee85:192.168.34.27:46843], old=null at 0
2019-09-20 08:26:26,833 [de37e2fb-a650-4b9c-bc67-7b250b0aee85:group-E39E6BA3B5A0:LeaderElection63] INFO  impl.RaftServerImpl (ServerState.java:setLeader(263)) - de37e2fb-a650-4b9c-bc67-7b250b0aee85:group-E39E6BA3B5A0 change Leader from null to de37e2fb-a650-4b9c-bc67-7b250b0aee85 at term 1 for becomeLeader, leader elected after 5029ms
2019-09-20 08:26:26,834 [de37e2fb-a650-4b9c-bc67-7b250b0aee85:group-E39E6BA3B5A0:LeaderElection63] INFO  server.RaftServerConfigKeys (ConfUtils.java:logGet(43)) - raft.server.staging.catchup.gap = 1000 (default)
2019-09-20 08:26:26,834 [de37e2fb-a650-4b9c-bc67-7b250b0aee85:group-E39E6BA3B5A0:LeaderElection63] INFO  server.RaftServerConfigKeys (ConfUtils.java:logGet(43)) - raft.server.rpc.sleep.time = 25ms (default)
2019-09-20 08:26:26,834 [de37e2fb-a650-4b9c-bc67-7b250b0aee85:group-E39E6BA3B5A0:LeaderElection63] INFO  server.RaftServerConfigKeys (ConfUtils.java:logGet(43)) - raft.server.write.element-limit = 4096 (default)
2019-09-20 08:26:26,834 [de37e2fb-a650-4b9c-bc67-7b250b0aee85:group-E39E6BA3B5A0:LeaderElection63] INFO  server.RaftServerConfigKeys (ConfUtils.java:logGet(43)) - raft.server.watch.timeout = 10s (default)
2019-09-20 08:26:26,834 [de37e2fb-a650-4b9c-bc67-7b250b0aee85:group-E39E6BA3B5A0:LeaderElection63] INFO  server.RaftServerConfigKeys (ConfUtils.java:logGet(43)) - raft.server.watch.timeout.denomination = 1s (default)
2019-09-20 08:26:26,834 [de37e2fb-a650-4b9c-bc67-7b250b0aee85:group-E39E6BA3B5A0:LeaderElection63] INFO  server.RaftServerConfigKeys (ConfUtils.java:logGet(43)) - raft.server.watch.element-limit = 65536 (default)
2019-09-20 08:26:26,835 [de37e2fb-a650-4b9c-bc67-7b250b0aee85:group-E39E6BA3B5A0:LeaderElection63] INFO  impl.RoleInfo (RoleInfo.java:updateAndGet(143)) - de37e2fb-a650-4b9c-bc67-7b250b0aee85: start LeaderState
2019-09-20 08:26:26,835 [de37e2fb-a650-4b9c-bc67-7b250b0aee85:group-E39E6BA3B5A0:LeaderElection63] INFO  segmented.SegmentedRaftLogWorker (SegmentedRaftLogWorker.java:startLogSegment(380)) - de37e2fb-a650-4b9c-bc67-7b250b0aee85-SegmentedRaftLogWorker:Storage Directory /workdir/hadoop-ozone/ozonefs/target/test-dir/MiniOzoneClusterImpl-4da4ca98-8075-486b-8359-c950a16dd890/datanode-1/data/ratis/0b3c003d-8bc1-4c75-a039-e39e6ba3b5a0: Starting segment from index:0
2019-09-20 08:26:26,835 [de37e2fb-a650-4b9c-bc67-7b250b0aee85:group-E39E6BA3B5A0:LeaderElection63] INFO  impl.RaftServerImpl (ServerState.java:setRaftConf(361)) - de37e2fb-a650-4b9c-bc67-7b250b0aee85:group-E39E6BA3B5A0 set configuration 0: [de37e2fb-a650-4b9c-bc67-7b250b0aee85:192.168.34.27:46843], old=null at 0
2019-09-20 08:26:26,857 [Thread-1002] INFO  impl.FollowerState (FollowerState.java:run(106)) - de37e2fb-a650-4b9c-bc67-7b250b0aee85:group-99F1E332C2BF changes to CANDIDATE, lastRpcTime:5168, electionTimeout:5168ms
2019-09-20 08:26:26,857 [Thread-1002] INFO  impl.RoleInfo (RoleInfo.java:shutdownFollowerState(121)) - de37e2fb-a650-4b9c-bc67-7b250b0aee85: shutdown FollowerState
2019-09-20 08:26:26,857 [Thread-1002] INFO  impl.RaftServerImpl (RaftServerImpl.java:setRole(171)) - de37e2fb-a650-4b9c-bc67-7b250b0aee85:group-99F1E332C2BF changes role from FOLLOWER to CANDIDATE at term 0 for changeToCandidate
2019-09-20 08:26:26,858 [Thread-1002] INFO  impl.RoleInfo (RoleInfo.java:updateAndGet(143)) - de37e2fb-a650-4b9c-bc67-7b250b0aee85: start LeaderElection
2019-09-20 08:26:26,872 [Thread-1005] INFO  impl.FollowerState (FollowerState.java:run(106)) - de37e2fb-a650-4b9c-bc67-7b250b0aee85:group-5650BE74F93C changes to CANDIDATE, lastRpcTime:5147, electionTimeout:5133ms
2019-09-20 08:26:26,872 [Thread-1005] INFO  impl.RoleInfo (RoleInfo.java:shutdownFollowerState(121)) - de37e2fb-a650-4b9c-bc67-7b250b0aee85: shutdown FollowerState
2019-09-20 08:26:26,872 [Thread-1005] INFO  impl.RaftServerImpl (RaftServerImpl.java:setRole(171)) - de37e2fb-a650-4b9c-bc67-7b250b0aee85:group-5650BE74F93C changes role from FOLLOWER to CANDIDATE at term 0 for changeToCandidate
2019-09-20 08:26:26,873 [Thread-1005] INFO  impl.RoleInfo (RoleInfo.java:updateAndGet(143)) - de37e2fb-a650-4b9c-bc67-7b250b0aee85: start LeaderElection
2019-09-20 08:26:26,885 [de37e2fb-a650-4b9c-bc67-7b250b0aee85-SegmentedRaftLogWorker:Storage Directory /workdir/hadoop-ozone/ozonefs/target/test-dir/MiniOzoneClusterImpl-4da4ca98-8075-486b-8359-c950a16dd890/datanode-1/data/ratis/ec1c5a31-a936-4596-8d62-c823a8a1f10c] INFO  segmented.SegmentedRaftLogWorker (SegmentedRaftLogWorker.java:execute(569)) - de37e2fb-a650-4b9c-bc67-7b250b0aee85-SegmentedRaftLogWorker:Storage Directory /workdir/hadoop-ozone/ozonefs/target/test-dir/MiniOzoneClusterImpl-4da4ca98-8075-486b-8359-c950a16dd890/datanode-1/data/ratis/ec1c5a31-a936-4596-8d62-c823a8a1f10c: created new log segment /workdir/hadoop-ozone/ozonefs/target/test-dir/MiniOzoneClusterImpl-4da4ca98-8075-486b-8359-c950a16dd890/datanode-1/data/ratis/ec1c5a31-a936-4596-8d62-c823a8a1f10c/current/log_inprogress_0
2019-09-20 08:26:26,885 [de37e2fb-a650-4b9c-bc67-7b250b0aee85:group-5650BE74F93C:LeaderElection65] INFO  impl.LeaderElection (LeaderElection.java:askForVotes(181)) - de37e2fb-a650-4b9c-bc67-7b250b0aee85:group-5650BE74F93C:LeaderElection65: begin an election at term 1 for -1: [de37e2fb-a650-4b9c-bc67-7b250b0aee85:192.168.34.27:46843], old=null
2019-09-20 08:26:26,885 [de37e2fb-a650-4b9c-bc67-7b250b0aee85:group-99F1E332C2BF:LeaderElection64] INFO  impl.LeaderElection (LeaderElection.java:askForVotes(181)) - de37e2fb-a650-4b9c-bc67-7b250b0aee85:group-99F1E332C2BF:LeaderElection64: begin an election at term 1 for -1: [de37e2fb-a650-4b9c-bc67-7b250b0aee85:192.168.34.27:46843], old=null
2019-09-20 08:26:26,885 [de37e2fb-a650-4b9c-bc67-7b250b0aee85-SegmentedRaftLogWorker:Storage Directory /workdir/hadoop-ozone/ozonefs/target/test-dir/MiniOzoneClusterImpl-4da4ca98-8075-486b-8359-c950a16dd890/datanode-1/data/ratis/0b3c003d-8bc1-4c75-a039-e39e6ba3b5a0] INFO  segmented.SegmentedRaftLogWorker (SegmentedRaftLogWorker.java:execute(569)) - de37e2fb-a650-4b9c-bc67-7b250b0aee85-SegmentedRaftLogWorker:Storage Directory /workdir/hadoop-ozone/ozonefs/target/test-dir/MiniOzoneClusterImpl-4da4ca98-8075-486b-8359-c950a16dd890/datanode-1/data/ratis/0b3c003d-8bc1-4c75-a039-e39e6ba3b5a0: created new log segment /workdir/hadoop-ozone/ozonefs/target/test-dir/MiniOzoneClusterImpl-4da4ca98-8075-486b-8359-c950a16dd890/datanode-1/data/ratis/0b3c003d-8bc1-4c75-a039-e39e6ba3b5a0/current/log_inprogress_0
2019-09-20 08:26:26,885 [de37e2fb-a650-4b9c-bc67-7b250b0aee85:group-99F1E332C2BF:LeaderElection64] INFO  impl.RoleInfo (RoleInfo.java:shutdownLeaderElection(134)) - de37e2fb-a650-4b9c-bc67-7b250b0aee85: shutdown LeaderElection
2019-09-20 08:26:26,885 [de37e2fb-a650-4b9c-bc67-7b250b0aee85:group-5650BE74F93C:LeaderElection65] INFO  impl.RoleInfo (RoleInfo.java:shutdownLeaderElection(134)) - de37e2fb-a650-4b9c-bc67-7b250b0aee85: shutdown LeaderElection
2019-09-20 08:26:26,886 [de37e2fb-a650-4b9c-bc67-7b250b0aee85:group-99F1E332C2BF:LeaderElection64] INFO  impl.RaftServerImpl (RaftServerImpl.java:setRole(171)) - de37e2fb-a650-4b9c-bc67-7b250b0aee85:group-99F1E332C2BF changes role from CANDIDATE to LEADER at term 1 for changeToLeader
2019-09-20 08:26:26,886 [de37e2fb-a650-4b9c-bc67-7b250b0aee85:group-5650BE74F93C:LeaderElection65] INFO  impl.RaftServerImpl (RaftServerImpl.java:setRole(171)) - de37e2fb-a650-4b9c-bc67-7b250b0aee85:group-5650BE74F93C changes role from CANDIDATE to LEADER at term 1 for changeToLeader
2019-09-20 08:26:26,886 [de37e2fb-a650-4b9c-bc67-7b250b0aee85:group-99F1E332C2BF:LeaderElection64] INFO  impl.RaftServerImpl (ServerState.java:setLeader(263)) - de37e2fb-a650-4b9c-bc67-7b250b0aee85:group-99F1E332C2BF change Leader from null to de37e2fb-a650-4b9c-bc67-7b250b0aee85 at term 1 for becomeLeader, leader elected after 5201ms
2019-09-20 08:26:26,886 [de37e2fb-a650-4b9c-bc67-7b250b0aee85:group-5650BE74F93C:LeaderElection65] INFO  impl.RaftServerImpl (ServerState.java:setLeader(263)) - de37e2fb-a650-4b9c-bc67-7b250b0aee85:group-5650BE74F93C change Leader from null to de37e2fb-a650-4b9c-bc67-7b250b0aee85 at term 1 for becomeLeader, leader elected after 5165ms
2019-09-20 08:26:26,886 [de37e2fb-a650-4b9c-bc67-7b250b0aee85:group-99F1E332C2BF:LeaderElection64] INFO  server.RaftServerConfigKeys (ConfUtils.java:logGet(43)) - raft.server.staging.catchup.gap = 1000 (default)
2019-09-20 08:26:26,887 [de37e2fb-a650-4b9c-bc67-7b250b0aee85:group-5650BE74F93C:LeaderElection65] INFO  server.RaftServerConfigKeys (ConfUtils.java:logGet(43)) - raft.server.staging.catchup.gap = 1000 (default)
2019-09-20 08:26:26,887 [de37e2fb-a650-4b9c-bc67-7b250b0aee85:group-99F1E332C2BF:LeaderElection64] INFO  server.RaftServerConfigKeys (ConfUtils.java:logGet(43)) - raft.server.rpc.sleep.time = 25ms (default)
2019-09-20 08:26:26,887 [de37e2fb-a650-4b9c-bc67-7b250b0aee85:group-5650BE74F93C:LeaderElection65] INFO  server.RaftServerConfigKeys (ConfUtils.java:logGet(43)) - raft.server.rpc.sleep.time = 25ms (default)
2019-09-20 08:26:26,887 [de37e2fb-a650-4b9c-bc67-7b250b0aee85:group-99F1E332C2BF:LeaderElection64] INFO  server.RaftServerConfigKeys (ConfUtils.java:logGet(43)) - raft.server.write.element-limit = 4096 (default)
2019-09-20 08:26:26,887 [de37e2fb-a650-4b9c-bc67-7b250b0aee85:group-5650BE74F93C:LeaderElection65] INFO  server.RaftServerConfigKeys (ConfUtils.java:logGet(43)) - raft.server.write.element-limit = 4096 (default)
2019-09-20 08:26:26,888 [de37e2fb-a650-4b9c-bc67-7b250b0aee85:group-99F1E332C2BF:LeaderElection64] INFO  server.RaftServerConfigKeys (ConfUtils.java:logGet(43)) - raft.server.watch.timeout = 10s (default)
2019-09-20 08:26:26,888 [de37e2fb-a650-4b9c-bc67-7b250b0aee85:group-5650BE74F93C:LeaderElection65] INFO  server.RaftServerConfigKeys (ConfUtils.java:logGet(43)) - raft.server.watch.timeout = 10s (default)
2019-09-20 08:26:26,888 [de37e2fb-a650-4b9c-bc67-7b250b0aee85:group-99F1E332C2BF:LeaderElection64] INFO  server.RaftServerConfigKeys (ConfUtils.java:logGet(43)) - raft.server.watch.timeout.denomination = 1s (default)
2019-09-20 08:26:26,888 [de37e2fb-a650-4b9c-bc67-7b250b0aee85:group-5650BE74F93C:LeaderElection65] INFO  server.RaftServerConfigKeys (ConfUtils.java:logGet(43)) - raft.server.watch.timeout.denomination = 1s (default)
2019-09-20 08:26:26,888 [de37e2fb-a650-4b9c-bc67-7b250b0aee85:group-99F1E332C2BF:LeaderElection64] INFO  server.RaftServerConfigKeys (ConfUtils.java:logGet(43)) - raft.server.watch.element-limit = 65536 (default)
2019-09-20 08:26:26,889 [de37e2fb-a650-4b9c-bc67-7b250b0aee85:group-5650BE74F93C:LeaderElection65] INFO  server.RaftServerConfigKeys (ConfUtils.java:logGet(43)) - raft.server.watch.element-limit = 65536 (default)
2019-09-20 08:26:26,889 [de37e2fb-a650-4b9c-bc67-7b250b0aee85:group-99F1E332C2BF:LeaderElection64] INFO  impl.RoleInfo (RoleInfo.java:updateAndGet(143)) - de37e2fb-a650-4b9c-bc67-7b250b0aee85: start LeaderState
2019-09-20 08:26:26,889 [de37e2fb-a650-4b9c-bc67-7b250b0aee85:group-5650BE74F93C:LeaderElection65] INFO  impl.RoleInfo (RoleInfo.java:updateAndGet(143)) - de37e2fb-a650-4b9c-bc67-7b250b0aee85: start LeaderState
2019-09-20 08:26:26,889 [de37e2fb-a650-4b9c-bc67-7b250b0aee85:group-99F1E332C2BF:LeaderElection64] INFO  segmented.SegmentedRaftLogWorker (SegmentedRaftLogWorker.java:startLogSegment(380)) - de37e2fb-a650-4b9c-bc67-7b250b0aee85-SegmentedRaftLogWorker:Storage Directory /workdir/hadoop-ozone/ozonefs/target/test-dir/MiniOzoneClusterImpl-4da4ca98-8075-486b-8359-c950a16dd890/datanode-1/data/ratis/9d3b8a71-df30-4f2c-9c82-99f1e332c2bf: Starting segment from index:0
2019-09-20 08:26:26,890 [de37e2fb-a650-4b9c-bc67-7b250b0aee85:group-5650BE74F93C:LeaderElection65] INFO  segmented.SegmentedRaftLogWorker (SegmentedRaftLogWorker.java:startLogSegment(380)) - de37e2fb-a650-4b9c-bc67-7b250b0aee85-SegmentedRaftLogWorker:Storage Directory /workdir/hadoop-ozone/ozonefs/target/test-dir/MiniOzoneClusterImpl-4da4ca98-8075-486b-8359-c950a16dd890/datanode-1/data/ratis/fe8a0d9f-c827-4ecb-864b-5650be74f93c: Starting segment from index:0
2019-09-20 08:26:26,890 [de37e2fb-a650-4b9c-bc67-7b250b0aee85:group-99F1E332C2BF:LeaderElection64] INFO  impl.RaftServerImpl (ServerState.java:setRaftConf(361)) - de37e2fb-a650-4b9c-bc67-7b250b0aee85:group-99F1E332C2BF set configuration 0: [de37e2fb-a650-4b9c-bc67-7b250b0aee85:192.168.34.27:46843], old=null at 0
2019-09-20 08:26:26,891 [de37e2fb-a650-4b9c-bc67-7b250b0aee85:group-5650BE74F93C:LeaderElection65] INFO  impl.RaftServerImpl (ServerState.java:setRaftConf(361)) - de37e2fb-a650-4b9c-bc67-7b250b0aee85:group-5650BE74F93C set configuration 0: [de37e2fb-a650-4b9c-bc67-7b250b0aee85:192.168.34.27:46843], old=null at 0
2019-09-20 08:26:26,938 [de37e2fb-a650-4b9c-bc67-7b250b0aee85-SegmentedRaftLogWorker:Storage Directory /workdir/hadoop-ozone/ozonefs/target/test-dir/MiniOzoneClusterImpl-4da4ca98-8075-486b-8359-c950a16dd890/datanode-1/data/ratis/fe8a0d9f-c827-4ecb-864b-5650be74f93c] INFO  segmented.SegmentedRaftLogWorker (SegmentedRaftLogWorker.java:execute(569)) - de37e2fb-a650-4b9c-bc67-7b250b0aee85-SegmentedRaftLogWorker:Storage Directory /workdir/hadoop-ozone/ozonefs/target/test-dir/MiniOzoneClusterImpl-4da4ca98-8075-486b-8359-c950a16dd890/datanode-1/data/ratis/fe8a0d9f-c827-4ecb-864b-5650be74f93c: created new log segment /workdir/hadoop-ozone/ozonefs/target/test-dir/MiniOzoneClusterImpl-4da4ca98-8075-486b-8359-c950a16dd890/datanode-1/data/ratis/fe8a0d9f-c827-4ecb-864b-5650be74f93c/current/log_inprogress_0
2019-09-20 08:26:26,938 [de37e2fb-a650-4b9c-bc67-7b250b0aee85-SegmentedRaftLogWorker:Storage Directory /workdir/hadoop-ozone/ozonefs/target/test-dir/MiniOzoneClusterImpl-4da4ca98-8075-486b-8359-c950a16dd890/datanode-1/data/ratis/9d3b8a71-df30-4f2c-9c82-99f1e332c2bf] INFO  segmented.SegmentedRaftLogWorker (SegmentedRaftLogWorker.java:execute(569)) - de37e2fb-a650-4b9c-bc67-7b250b0aee85-SegmentedRaftLogWorker:Storage Directory /workdir/hadoop-ozone/ozonefs/target/test-dir/MiniOzoneClusterImpl-4da4ca98-8075-486b-8359-c950a16dd890/datanode-1/data/ratis/9d3b8a71-df30-4f2c-9c82-99f1e332c2bf: created new log segment /workdir/hadoop-ozone/ozonefs/target/test-dir/MiniOzoneClusterImpl-4da4ca98-8075-486b-8359-c950a16dd890/datanode-1/data/ratis/9d3b8a71-df30-4f2c-9c82-99f1e332c2bf/current/log_inprogress_0
2019-09-20 08:26:26,967 [Thread-1017] INFO  impl.FollowerState (FollowerState.java:run(106)) - aa98e893-95a3-4426-8c3d-7852b9d4d01a:group-72A85B5D7097 changes to CANDIDATE, lastRpcTime:5040, electionTimeout:5040ms
2019-09-20 08:26:26,967 [Thread-1017] INFO  impl.RoleInfo (RoleInfo.java:shutdownFollowerState(121)) - aa98e893-95a3-4426-8c3d-7852b9d4d01a: shutdown FollowerState
2019-09-20 08:26:26,967 [Thread-1017] INFO  impl.RaftServerImpl (RaftServerImpl.java:setRole(171)) - aa98e893-95a3-4426-8c3d-7852b9d4d01a:group-72A85B5D7097 changes role from FOLLOWER to CANDIDATE at term 0 for changeToCandidate
2019-09-20 08:26:26,967 [Thread-1017] INFO  impl.RoleInfo (RoleInfo.java:updateAndGet(143)) - aa98e893-95a3-4426-8c3d-7852b9d4d01a: start LeaderElection
2019-09-20 08:26:26,985 [aa98e893-95a3-4426-8c3d-7852b9d4d01a:group-72A85B5D7097:LeaderElection66] INFO  impl.LeaderElection (LeaderElection.java:askForVotes(181)) - aa98e893-95a3-4426-8c3d-7852b9d4d01a:group-72A85B5D7097:LeaderElection66: begin an election at term 1 for -1: [aa98e893-95a3-4426-8c3d-7852b9d4d01a:192.168.34.27:44381], old=null
2019-09-20 08:26:26,985 [aa98e893-95a3-4426-8c3d-7852b9d4d01a:group-72A85B5D7097:LeaderElection66] INFO  impl.RoleInfo (RoleInfo.java:shutdownLeaderElection(134)) - aa98e893-95a3-4426-8c3d-7852b9d4d01a: shutdown LeaderElection
2019-09-20 08:26:26,985 [aa98e893-95a3-4426-8c3d-7852b9d4d01a:group-72A85B5D7097:LeaderElection66] INFO  impl.RaftServerImpl (RaftServerImpl.java:setRole(171)) - aa98e893-95a3-4426-8c3d-7852b9d4d01a:group-72A85B5D7097 changes role from CANDIDATE to LEADER at term 1 for changeToLeader
2019-09-20 08:26:26,985 [aa98e893-95a3-4426-8c3d-7852b9d4d01a:group-72A85B5D7097:LeaderElection66] INFO  impl.RaftServerImpl (ServerState.java:setLeader(263)) - aa98e893-95a3-4426-8c3d-7852b9d4d01a:group-72A85B5D7097 change Leader from null to aa98e893-95a3-4426-8c3d-7852b9d4d01a at term 1 for becomeLeader, leader elected after 5064ms
2019-09-20 08:26:26,985 [aa98e893-95a3-4426-8c3d-7852b9d4d01a:group-72A85B5D7097:LeaderElection66] INFO  server.RaftServerConfigKeys (ConfUtils.java:logGet(43)) - raft.server.staging.catchup.gap = 1000 (default)
2019-09-20 08:26:26,986 [aa98e893-95a3-4426-8c3d-7852b9d4d01a:group-72A85B5D7097:LeaderElection66] INFO  server.RaftServerConfigKeys (ConfUtils.java:logGet(43)) - raft.server.rpc.sleep.time = 25ms (default)
2019-09-20 08:26:26,986 [aa98e893-95a3-4426-8c3d-7852b9d4d01a:group-72A85B5D7097:LeaderElection66] INFO  server.RaftServerConfigKeys (ConfUtils.java:logGet(43)) - raft.server.write.element-limit = 4096 (default)
2019-09-20 08:26:26,986 [aa98e893-95a3-4426-8c3d-7852b9d4d01a:group-72A85B5D7097:LeaderElection66] INFO  server.RaftServerConfigKeys (ConfUtils.java:logGet(43)) - raft.server.watch.timeout = 10s (default)
2019-09-20 08:26:26,986 [aa98e893-95a3-4426-8c3d-7852b9d4d01a:group-72A85B5D7097:LeaderElection66] INFO  server.RaftServerConfigKeys (ConfUtils.java:logGet(43)) - raft.server.watch.timeout.denomination = 1s (default)
2019-09-20 08:26:26,987 [aa98e893-95a3-4426-8c3d-7852b9d4d01a:group-72A85B5D7097:LeaderElection66] INFO  server.RaftServerConfigKeys (ConfUtils.java:logGet(43)) - raft.server.watch.element-limit = 65536 (default)
2019-09-20 08:26:26,987 [aa98e893-95a3-4426-8c3d-7852b9d4d01a:group-72A85B5D7097:LeaderElection66] INFO  impl.RoleInfo (RoleInfo.java:updateAndGet(143)) - aa98e893-95a3-4426-8c3d-7852b9d4d01a: start LeaderState
2019-09-20 08:26:26,987 [aa98e893-95a3-4426-8c3d-7852b9d4d01a:group-72A85B5D7097:LeaderElection66] INFO  segmented.SegmentedRaftLogWorker (SegmentedRaftLogWorker.java:startLogSegment(380)) - aa98e893-95a3-4426-8c3d-7852b9d4d01a-SegmentedRaftLogWorker:Storage Directory /workdir/hadoop-ozone/ozonefs/target/test-dir/MiniOzoneClusterImpl-4da4ca98-8075-486b-8359-c950a16dd890/datanode-2/data/ratis/ed53ee11-8ccc-44f8-b0bb-72a85b5d7097: Starting segment from index:0
2019-09-20 08:26:26,988 [aa98e893-95a3-4426-8c3d-7852b9d4d01a:group-72A85B5D7097:LeaderElection66] INFO  impl.RaftServerImpl (ServerState.java:setRaftConf(361)) - aa98e893-95a3-4426-8c3d-7852b9d4d01a:group-72A85B5D7097 set configuration 0: [aa98e893-95a3-4426-8c3d-7852b9d4d01a:192.168.34.27:44381], old=null at 0
2019-09-20 08:26:27,019 [Thread-1020] INFO  impl.FollowerState (FollowerState.java:run(106)) - aa98e893-95a3-4426-8c3d-7852b9d4d01a:group-245A2066EB8F changes to CANDIDATE, lastRpcTime:5049, electionTimeout:5049ms
2019-09-20 08:26:27,019 [Thread-1020] INFO  impl.RoleInfo (RoleInfo.java:shutdownFollowerState(121)) - aa98e893-95a3-4426-8c3d-7852b9d4d01a: shutdown FollowerState
2019-09-20 08:26:27,019 [Thread-1020] INFO  impl.RaftServerImpl (RaftServerImpl.java:setRole(171)) - aa98e893-95a3-4426-8c3d-7852b9d4d01a:group-245A2066EB8F changes role from FOLLOWER to CANDIDATE at term 0 for changeToCandidate
2019-09-20 08:26:27,020 [Thread-1020] INFO  impl.RoleInfo (RoleInfo.java:updateAndGet(143)) - aa98e893-95a3-4426-8c3d-7852b9d4d01a: start LeaderElection
2019-09-20 08:26:27,035 [Thread-1014] INFO  impl.FollowerState (FollowerState.java:run(106)) - de37e2fb-a650-4b9c-bc67-7b250b0aee85:group-997C523A0A07 changes to CANDIDATE, lastRpcTime:5145, electionTimeout:5145ms
2019-09-20 08:26:27,035 [Thread-1014] INFO  impl.RoleInfo (RoleInfo.java:shutdownFollowerState(121)) - de37e2fb-a650-4b9c-bc67-7b250b0aee85: shutdown FollowerState
2019-09-20 08:26:27,035 [Thread-1014] INFO  impl.RaftServerImpl (RaftServerImpl.java:setRole(171)) - de37e2fb-a650-4b9c-bc67-7b250b0aee85:group-997C523A0A07 changes role from FOLLOWER to CANDIDATE at term 0 for changeToCandidate
2019-09-20 08:26:27,035 [Thread-1014] INFO  impl.RoleInfo (RoleInfo.java:updateAndGet(143)) - de37e2fb-a650-4b9c-bc67-7b250b0aee85: start LeaderElection
2019-09-20 08:26:27,037 [aa98e893-95a3-4426-8c3d-7852b9d4d01a-SegmentedRaftLogWorker:Storage Directory /workdir/hadoop-ozone/ozonefs/target/test-dir/MiniOzoneClusterImpl-4da4ca98-8075-486b-8359-c950a16dd890/datanode-2/data/ratis/ed53ee11-8ccc-44f8-b0bb-72a85b5d7097] INFO  segmented.SegmentedRaftLogWorker (SegmentedRaftLogWorker.java:execute(569)) - aa98e893-95a3-4426-8c3d-7852b9d4d01a-SegmentedRaftLogWorker:Storage Directory /workdir/hadoop-ozone/ozonefs/target/test-dir/MiniOzoneClusterImpl-4da4ca98-8075-486b-8359-c950a16dd890/datanode-2/data/ratis/ed53ee11-8ccc-44f8-b0bb-72a85b5d7097: created new log segment /workdir/hadoop-ozone/ozonefs/target/test-dir/MiniOzoneClusterImpl-4da4ca98-8075-486b-8359-c950a16dd890/datanode-2/data/ratis/ed53ee11-8ccc-44f8-b0bb-72a85b5d7097/current/log_inprogress_0
2019-09-20 08:26:27,037 [aa98e893-95a3-4426-8c3d-7852b9d4d01a:group-245A2066EB8F:LeaderElection67] INFO  impl.LeaderElection (LeaderElection.java:askForVotes(181)) - aa98e893-95a3-4426-8c3d-7852b9d4d01a:group-245A2066EB8F:LeaderElection67: begin an election at term 1 for -1: [aa98e893-95a3-4426-8c3d-7852b9d4d01a:192.168.34.27:44381], old=null
2019-09-20 08:26:27,038 [aa98e893-95a3-4426-8c3d-7852b9d4d01a:group-245A2066EB8F:LeaderElection67] INFO  impl.RoleInfo (RoleInfo.java:shutdownLeaderElection(134)) - aa98e893-95a3-4426-8c3d-7852b9d4d01a: shutdown LeaderElection
2019-09-20 08:26:27,038 [aa98e893-95a3-4426-8c3d-7852b9d4d01a:group-245A2066EB8F:LeaderElection67] INFO  impl.RaftServerImpl (RaftServerImpl.java:setRole(171)) - aa98e893-95a3-4426-8c3d-7852b9d4d01a:group-245A2066EB8F changes role from CANDIDATE to LEADER at term 1 for changeToLeader
2019-09-20 08:26:27,038 [aa98e893-95a3-4426-8c3d-7852b9d4d01a:group-245A2066EB8F:LeaderElection67] INFO  impl.RaftServerImpl (ServerState.java:setLeader(263)) - aa98e893-95a3-4426-8c3d-7852b9d4d01a:group-245A2066EB8F change Leader from null to aa98e893-95a3-4426-8c3d-7852b9d4d01a at term 1 for becomeLeader, leader elected after 5073ms
2019-09-20 08:26:27,038 [aa98e893-95a3-4426-8c3d-7852b9d4d01a:group-245A2066EB8F:LeaderElection67] INFO  server.RaftServerConfigKeys (ConfUtils.java:logGet(43)) - raft.server.staging.catchup.gap = 1000 (default)
2019-09-20 08:26:27,038 [aa98e893-95a3-4426-8c3d-7852b9d4d01a:group-245A2066EB8F:LeaderElection67] INFO  server.RaftServerConfigKeys (ConfUtils.java:logGet(43)) - raft.server.rpc.sleep.time = 25ms (default)
2019-09-20 08:26:27,038 [aa98e893-95a3-4426-8c3d-7852b9d4d01a:group-245A2066EB8F:LeaderElection67] INFO  server.RaftServerConfigKeys (ConfUtils.java:logGet(43)) - raft.server.write.element-limit = 4096 (default)
2019-09-20 08:26:27,038 [aa98e893-95a3-4426-8c3d-7852b9d4d01a:group-245A2066EB8F:LeaderElection67] INFO  server.RaftServerConfigKeys (ConfUtils.java:logGet(43)) - raft.server.watch.timeout = 10s (default)
2019-09-20 08:26:27,038 [aa98e893-95a3-4426-8c3d-7852b9d4d01a:group-245A2066EB8F:LeaderElection67] INFO  server.RaftServerConfigKeys (ConfUtils.java:logGet(43)) - raft.server.watch.timeout.denomination = 1s (default)
2019-09-20 08:26:27,039 [aa98e893-95a3-4426-8c3d-7852b9d4d01a:group-245A2066EB8F:LeaderElection67] INFO  server.RaftServerConfigKeys (ConfUtils.java:logGet(43)) - raft.server.watch.element-limit = 65536 (default)
2019-09-20 08:26:27,039 [aa98e893-95a3-4426-8c3d-7852b9d4d01a:group-245A2066EB8F:LeaderElection67] INFO  impl.RoleInfo (RoleInfo.java:updateAndGet(143)) - aa98e893-95a3-4426-8c3d-7852b9d4d01a: start LeaderState
2019-09-20 08:26:27,039 [aa98e893-95a3-4426-8c3d-7852b9d4d01a:group-245A2066EB8F:LeaderElection67] INFO  segmented.SegmentedRaftLogWorker (SegmentedRaftLogWorker.java:startLogSegment(380)) - aa98e893-95a3-4426-8c3d-7852b9d4d01a-SegmentedRaftLogWorker:Storage Directory /workdir/hadoop-ozone/ozonefs/target/test-dir/MiniOzoneClusterImpl-4da4ca98-8075-486b-8359-c950a16dd890/datanode-2/data/ratis/e9c8913e-57be-4627-91df-245a2066eb8f: Starting segment from index:0
2019-09-20 08:26:27,039 [aa98e893-95a3-4426-8c3d-7852b9d4d01a:group-245A2066EB8F:LeaderElection67] INFO  impl.RaftServerImpl (ServerState.java:setRaftConf(361)) - aa98e893-95a3-4426-8c3d-7852b9d4d01a:group-245A2066EB8F set configuration 0: [aa98e893-95a3-4426-8c3d-7852b9d4d01a:192.168.34.27:44381], old=null at 0
2019-09-20 08:26:27,050 [de37e2fb-a650-4b9c-bc67-7b250b0aee85:group-997C523A0A07:LeaderElection68] INFO  impl.LeaderElection (LeaderElection.java:askForVotes(181)) - de37e2fb-a650-4b9c-bc67-7b250b0aee85:group-997C523A0A07:LeaderElection68: begin an election at term 1 for -1: [de37e2fb-a650-4b9c-bc67-7b250b0aee85:192.168.34.27:46843], old=null
2019-09-20 08:26:27,050 [de37e2fb-a650-4b9c-bc67-7b250b0aee85:group-997C523A0A07:LeaderElection68] INFO  impl.RoleInfo (RoleInfo.java:shutdownLeaderElection(134)) - de37e2fb-a650-4b9c-bc67-7b250b0aee85: shutdown LeaderElection
2019-09-20 08:26:27,050 [de37e2fb-a650-4b9c-bc67-7b250b0aee85:group-997C523A0A07:LeaderElection68] INFO  impl.RaftServerImpl (RaftServerImpl.java:setRole(171)) - de37e2fb-a650-4b9c-bc67-7b250b0aee85:group-997C523A0A07 changes role from CANDIDATE to LEADER at term 1 for changeToLeader
2019-09-20 08:26:27,051 [de37e2fb-a650-4b9c-bc67-7b250b0aee85:group-997C523A0A07:LeaderElection68] INFO  impl.RaftServerImpl (ServerState.java:setLeader(263)) - de37e2fb-a650-4b9c-bc67-7b250b0aee85:group-997C523A0A07 change Leader from null to de37e2fb-a650-4b9c-bc67-7b250b0aee85 at term 1 for becomeLeader, leader elected after 5165ms
2019-09-20 08:26:27,051 [de37e2fb-a650-4b9c-bc67-7b250b0aee85:group-997C523A0A07:LeaderElection68] INFO  server.RaftServerConfigKeys (ConfUtils.java:logGet(43)) - raft.server.staging.catchup.gap = 1000 (default)
2019-09-20 08:26:27,051 [de37e2fb-a650-4b9c-bc67-7b250b0aee85:group-997C523A0A07:LeaderElection68] INFO  server.RaftServerConfigKeys (ConfUtils.java:logGet(43)) - raft.server.rpc.sleep.time = 25ms (default)
2019-09-20 08:26:27,051 [de37e2fb-a650-4b9c-bc67-7b250b0aee85:group-997C523A0A07:LeaderElection68] INFO  server.RaftServerConfigKeys (ConfUtils.java:logGet(43)) - raft.server.write.element-limit = 4096 (default)
2019-09-20 08:26:27,051 [de37e2fb-a650-4b9c-bc67-7b250b0aee85:group-997C523A0A07:LeaderElection68] INFO  server.RaftServerConfigKeys (ConfUtils.java:logGet(43)) - raft.server.watch.timeout = 10s (default)
2019-09-20 08:26:27,051 [de37e2fb-a650-4b9c-bc67-7b250b0aee85:group-997C523A0A07:LeaderElection68] INFO  server.RaftServerConfigKeys (ConfUtils.java:logGet(43)) - raft.server.watch.timeout.denomination = 1s (default)
2019-09-20 08:26:27,051 [de37e2fb-a650-4b9c-bc67-7b250b0aee85:group-997C523A0A07:LeaderElection68] INFO  server.RaftServerConfigKeys (ConfUtils.java:logGet(43)) - raft.server.watch.element-limit = 65536 (default)
2019-09-20 08:26:27,051 [de37e2fb-a650-4b9c-bc67-7b250b0aee85:group-997C523A0A07:LeaderElection68] INFO  impl.RoleInfo (RoleInfo.java:updateAndGet(143)) - de37e2fb-a650-4b9c-bc67-7b250b0aee85: start LeaderState
2019-09-20 08:26:27,052 [de37e2fb-a650-4b9c-bc67-7b250b0aee85:group-997C523A0A07:LeaderElection68] INFO  segmented.SegmentedRaftLogWorker (SegmentedRaftLogWorker.java:startLogSegment(380)) - de37e2fb-a650-4b9c-bc67-7b250b0aee85-SegmentedRaftLogWorker:Storage Directory /workdir/hadoop-ozone/ozonefs/target/test-dir/MiniOzoneClusterImpl-4da4ca98-8075-486b-8359-c950a16dd890/datanode-1/data/ratis/21f86ada-f0b9-458f-97bb-997c523a0a07: Starting segment from index:0
2019-09-20 08:26:27,052 [de37e2fb-a650-4b9c-bc67-7b250b0aee85:group-997C523A0A07:LeaderElection68] INFO  impl.RaftServerImpl (ServerState.java:setRaftConf(361)) - de37e2fb-a650-4b9c-bc67-7b250b0aee85:group-997C523A0A07 set configuration 0: [de37e2fb-a650-4b9c-bc67-7b250b0aee85:192.168.34.27:46843], old=null at 0
2019-09-20 08:26:27,088 [aa98e893-95a3-4426-8c3d-7852b9d4d01a-SegmentedRaftLogWorker:Storage Directory /workdir/hadoop-ozone/ozonefs/target/test-dir/MiniOzoneClusterImpl-4da4ca98-8075-486b-8359-c950a16dd890/datanode-2/data/ratis/e9c8913e-57be-4627-91df-245a2066eb8f] INFO  segmented.SegmentedRaftLogWorker (SegmentedRaftLogWorker.java:execute(569)) - aa98e893-95a3-4426-8c3d-7852b9d4d01a-SegmentedRaftLogWorker:Storage Directory /workdir/hadoop-ozone/ozonefs/target/test-dir/MiniOzoneClusterImpl-4da4ca98-8075-486b-8359-c950a16dd890/datanode-2/data/ratis/e9c8913e-57be-4627-91df-245a2066eb8f: created new log segment /workdir/hadoop-ozone/ozonefs/target/test-dir/MiniOzoneClusterImpl-4da4ca98-8075-486b-8359-c950a16dd890/datanode-2/data/ratis/e9c8913e-57be-4627-91df-245a2066eb8f/current/log_inprogress_0
2019-09-20 08:26:27,088 [de37e2fb-a650-4b9c-bc67-7b250b0aee85-SegmentedRaftLogWorker:Storage Directory /workdir/hadoop-ozone/ozonefs/target/test-dir/MiniOzoneClusterImpl-4da4ca98-8075-486b-8359-c950a16dd890/datanode-1/data/ratis/21f86ada-f0b9-458f-97bb-997c523a0a07] INFO  segmented.SegmentedRaftLogWorker (SegmentedRaftLogWorker.java:execute(569)) - de37e2fb-a650-4b9c-bc67-7b250b0aee85-SegmentedRaftLogWorker:Storage Directory /workdir/hadoop-ozone/ozonefs/target/test-dir/MiniOzoneClusterImpl-4da4ca98-8075-486b-8359-c950a16dd890/datanode-1/data/ratis/21f86ada-f0b9-458f-97bb-997c523a0a07: created new log segment /workdir/hadoop-ozone/ozonefs/target/test-dir/MiniOzoneClusterImpl-4da4ca98-8075-486b-8359-c950a16dd890/datanode-1/data/ratis/21f86ada-f0b9-458f-97bb-997c523a0a07/current/log_inprogress_0
2019-09-20 08:26:27,093 [Thread-1026] INFO  impl.FollowerState (FollowerState.java:run(106)) - aa98e893-95a3-4426-8c3d-7852b9d4d01a:group-480464CABA80 changes to CANDIDATE, lastRpcTime:5036, electionTimeout:5036ms
2019-09-20 08:26:27,093 [Thread-1026] INFO  impl.RoleInfo (RoleInfo.java:shutdownFollowerState(121)) - aa98e893-95a3-4426-8c3d-7852b9d4d01a: shutdown FollowerState
2019-09-20 08:26:27,093 [Thread-1026] INFO  impl.RaftServerImpl (RaftServerImpl.java:setRole(171)) - aa98e893-95a3-4426-8c3d-7852b9d4d01a:group-480464CABA80 changes role from FOLLOWER to CANDIDATE at term 0 for changeToCandidate
2019-09-20 08:26:27,093 [Thread-1026] INFO  impl.RoleInfo (RoleInfo.java:updateAndGet(143)) - aa98e893-95a3-4426-8c3d-7852b9d4d01a: start LeaderElection
2019-09-20 08:26:27,102 [Thread-1029] INFO  impl.FollowerState (FollowerState.java:run(106)) - aa98e893-95a3-4426-8c3d-7852b9d4d01a:group-ACC62D78E5FD changes to CANDIDATE, lastRpcTime:5016, electionTimeout:5016ms
2019-09-20 08:26:27,102 [Thread-1029] INFO  impl.RoleInfo (RoleInfo.java:shutdownFollowerState(121)) - aa98e893-95a3-4426-8c3d-7852b9d4d01a: shutdown FollowerState
2019-09-20 08:26:27,103 [Thread-1029] INFO  impl.RaftServerImpl (RaftServerImpl.java:setRole(171)) - aa98e893-95a3-4426-8c3d-7852b9d4d01a:group-ACC62D78E5FD changes role from FOLLOWER to CANDIDATE at term 0 for changeToCandidate
2019-09-20 08:26:27,103 [Thread-1029] INFO  impl.RoleInfo (RoleInfo.java:updateAndGet(143)) - aa98e893-95a3-4426-8c3d-7852b9d4d01a: start LeaderElection
2019-09-20 08:26:27,112 [aa98e893-95a3-4426-8c3d-7852b9d4d01a:group-480464CABA80:LeaderElection69] INFO  impl.LeaderElection (LeaderElection.java:askForVotes(181)) - aa98e893-95a3-4426-8c3d-7852b9d4d01a:group-480464CABA80:LeaderElection69: begin an election at term 1 for -1: [aa98e893-95a3-4426-8c3d-7852b9d4d01a:192.168.34.27:44381], old=null
2019-09-20 08:26:27,112 [aa98e893-95a3-4426-8c3d-7852b9d4d01a:group-480464CABA80:LeaderElection69] INFO  impl.RoleInfo (RoleInfo.java:shutdownLeaderElection(134)) - aa98e893-95a3-4426-8c3d-7852b9d4d01a: shutdown LeaderElection
2019-09-20 08:26:27,112 [aa98e893-95a3-4426-8c3d-7852b9d4d01a:group-480464CABA80:LeaderElection69] INFO  impl.RaftServerImpl (RaftServerImpl.java:setRole(171)) - aa98e893-95a3-4426-8c3d-7852b9d4d01a:group-480464CABA80 changes role from CANDIDATE to LEADER at term 1 for changeToLeader
2019-09-20 08:26:27,113 [aa98e893-95a3-4426-8c3d-7852b9d4d01a:group-480464CABA80:LeaderElection69] INFO  impl.RaftServerImpl (ServerState.java:setLeader(263)) - aa98e893-95a3-4426-8c3d-7852b9d4d01a:group-480464CABA80 change Leader from null to aa98e893-95a3-4426-8c3d-7852b9d4d01a at term 1 for becomeLeader, leader elected after 5059ms
2019-09-20 08:26:27,113 [aa98e893-95a3-4426-8c3d-7852b9d4d01a:group-480464CABA80:LeaderElection69] INFO  server.RaftServerConfigKeys (ConfUtils.java:logGet(43)) - raft.server.staging.catchup.gap = 1000 (default)
2019-09-20 08:26:27,113 [aa98e893-95a3-4426-8c3d-7852b9d4d01a:group-480464CABA80:LeaderElection69] INFO  server.RaftServerConfigKeys (ConfUtils.java:logGet(43)) - raft.server.rpc.sleep.time = 25ms (default)
2019-09-20 08:26:27,113 [aa98e893-95a3-4426-8c3d-7852b9d4d01a:group-480464CABA80:LeaderElection69] INFO  server.RaftServerConfigKeys (ConfUtils.java:logGet(43)) - raft.server.write.element-limit = 4096 (default)
2019-09-20 08:26:27,113 [aa98e893-95a3-4426-8c3d-7852b9d4d01a:group-480464CABA80:LeaderElection69] INFO  server.RaftServerConfigKeys (ConfUtils.java:logGet(43)) - raft.server.watch.timeout = 10s (default)
2019-09-20 08:26:27,113 [aa98e893-95a3-4426-8c3d-7852b9d4d01a:group-480464CABA80:LeaderElection69] INFO  server.RaftServerConfigKeys (ConfUtils.java:logGet(43)) - raft.server.watch.timeout.denomination = 1s (default)
2019-09-20 08:26:27,113 [aa98e893-95a3-4426-8c3d-7852b9d4d01a:group-480464CABA80:LeaderElection69] INFO  server.RaftServerConfigKeys (ConfUtils.java:logGet(43)) - raft.server.watch.element-limit = 65536 (default)
2019-09-20 08:26:27,113 [aa98e893-95a3-4426-8c3d-7852b9d4d01a:group-480464CABA80:LeaderElection69] INFO  impl.RoleInfo (RoleInfo.java:updateAndGet(143)) - aa98e893-95a3-4426-8c3d-7852b9d4d01a: start LeaderState
2019-09-20 08:26:27,114 [aa98e893-95a3-4426-8c3d-7852b9d4d01a:group-480464CABA80:LeaderElection69] INFO  segmented.SegmentedRaftLogWorker (SegmentedRaftLogWorker.java:startLogSegment(380)) - aa98e893-95a3-4426-8c3d-7852b9d4d01a-SegmentedRaftLogWorker:Storage Directory /workdir/hadoop-ozone/ozonefs/target/test-dir/MiniOzoneClusterImpl-4da4ca98-8075-486b-8359-c950a16dd890/datanode-2/data/ratis/a6dcd5f2-8aab-4a16-bbf6-480464caba80: Starting segment from index:0
2019-09-20 08:26:27,114 [aa98e893-95a3-4426-8c3d-7852b9d4d01a:group-480464CABA80:LeaderElection69] INFO  impl.RaftServerImpl (ServerState.java:setRaftConf(361)) - aa98e893-95a3-4426-8c3d-7852b9d4d01a:group-480464CABA80 set configuration 0: [aa98e893-95a3-4426-8c3d-7852b9d4d01a:192.168.34.27:44381], old=null at 0
2019-09-20 08:26:27,114 [aa98e893-95a3-4426-8c3d-7852b9d4d01a:group-ACC62D78E5FD:LeaderElection70] INFO  impl.LeaderElection (LeaderElection.java:askForVotes(181)) - aa98e893-95a3-4426-8c3d-7852b9d4d01a:group-ACC62D78E5FD:LeaderElection70: begin an election at term 1 for -1: [aa98e893-95a3-4426-8c3d-7852b9d4d01a:192.168.34.27:44381], old=null
2019-09-20 08:26:27,115 [aa98e893-95a3-4426-8c3d-7852b9d4d01a:group-ACC62D78E5FD:LeaderElection70] INFO  impl.RoleInfo (RoleInfo.java:shutdownLeaderElection(134)) - aa98e893-95a3-4426-8c3d-7852b9d4d01a: shutdown LeaderElection
2019-09-20 08:26:27,115 [aa98e893-95a3-4426-8c3d-7852b9d4d01a:group-ACC62D78E5FD:LeaderElection70] INFO  impl.RaftServerImpl (RaftServerImpl.java:setRole(171)) - aa98e893-95a3-4426-8c3d-7852b9d4d01a:group-ACC62D78E5FD changes role from CANDIDATE to LEADER at term 1 for changeToLeader
2019-09-20 08:26:27,115 [aa98e893-95a3-4426-8c3d-7852b9d4d01a:group-ACC62D78E5FD:LeaderElection70] INFO  impl.RaftServerImpl (ServerState.java:setLeader(263)) - aa98e893-95a3-4426-8c3d-7852b9d4d01a:group-ACC62D78E5FD change Leader from null to aa98e893-95a3-4426-8c3d-7852b9d4d01a at term 1 for becomeLeader, leader elected after 5032ms
2019-09-20 08:26:27,115 [aa98e893-95a3-4426-8c3d-7852b9d4d01a:group-ACC62D78E5FD:LeaderElection70] INFO  server.RaftServerConfigKeys (ConfUtils.java:logGet(43)) - raft.server.staging.catchup.gap = 1000 (default)
2019-09-20 08:26:27,115 [aa98e893-95a3-4426-8c3d-7852b9d4d01a:group-ACC62D78E5FD:LeaderElection70] INFO  server.RaftServerConfigKeys (ConfUtils.java:logGet(43)) - raft.server.rpc.sleep.time = 25ms (default)
2019-09-20 08:26:27,115 [aa98e893-95a3-4426-8c3d-7852b9d4d01a:group-ACC62D78E5FD:LeaderElection70] INFO  server.RaftServerConfigKeys (ConfUtils.java:logGet(43)) - raft.server.write.element-limit = 4096 (default)
2019-09-20 08:26:27,116 [aa98e893-95a3-4426-8c3d-7852b9d4d01a:group-ACC62D78E5FD:LeaderElection70] INFO  server.RaftServerConfigKeys (ConfUtils.java:logGet(43)) - raft.server.watch.timeout = 10s (default)
2019-09-20 08:26:27,116 [aa98e893-95a3-4426-8c3d-7852b9d4d01a:group-ACC62D78E5FD:LeaderElection70] INFO  server.RaftServerConfigKeys (ConfUtils.java:logGet(43)) - raft.server.watch.timeout.denomination = 1s (default)
2019-09-20 08:26:27,116 [aa98e893-95a3-4426-8c3d-7852b9d4d01a:group-ACC62D78E5FD:LeaderElection70] INFO  server.RaftServerConfigKeys (ConfUtils.java:logGet(43)) - raft.server.watch.element-limit = 65536 (default)
2019-09-20 08:26:27,116 [aa98e893-95a3-4426-8c3d-7852b9d4d01a:group-ACC62D78E5FD:LeaderElection70] INFO  impl.RoleInfo (RoleInfo.java:updateAndGet(143)) - aa98e893-95a3-4426-8c3d-7852b9d4d01a: start LeaderState
2019-09-20 08:26:27,116 [aa98e893-95a3-4426-8c3d-7852b9d4d01a:group-ACC62D78E5FD:LeaderElection70] INFO  segmented.SegmentedRaftLogWorker (SegmentedRaftLogWorker.java:startLogSegment(380)) - aa98e893-95a3-4426-8c3d-7852b9d4d01a-SegmentedRaftLogWorker:Storage Directory /workdir/hadoop-ozone/ozonefs/target/test-dir/MiniOzoneClusterImpl-4da4ca98-8075-486b-8359-c950a16dd890/datanode-2/data/ratis/6bf6d4e8-3433-4186-9848-acc62d78e5fd: Starting segment from index:0
2019-09-20 08:26:27,117 [Thread-1023] INFO  impl.FollowerState (FollowerState.java:run(106)) - aa98e893-95a3-4426-8c3d-7852b9d4d01a:group-ADB2A305A5CD changes to CANDIDATE, lastRpcTime:5102, electionTimeout:5102ms
2019-09-20 08:26:27,117 [aa98e893-95a3-4426-8c3d-7852b9d4d01a:group-ACC62D78E5FD:LeaderElection70] INFO  impl.RaftServerImpl (ServerState.java:setRaftConf(361)) - aa98e893-95a3-4426-8c3d-7852b9d4d01a:group-ACC62D78E5FD set configuration 0: [aa98e893-95a3-4426-8c3d-7852b9d4d01a:192.168.34.27:44381], old=null at 0
2019-09-20 08:26:27,117 [Thread-1023] INFO  impl.RoleInfo (RoleInfo.java:shutdownFollowerState(121)) - aa98e893-95a3-4426-8c3d-7852b9d4d01a: shutdown FollowerState
2019-09-20 08:26:27,117 [Thread-1023] INFO  impl.RaftServerImpl (RaftServerImpl.java:setRole(171)) - aa98e893-95a3-4426-8c3d-7852b9d4d01a:group-ADB2A305A5CD changes role from FOLLOWER to CANDIDATE at term 0 for changeToCandidate
2019-09-20 08:26:27,117 [Thread-1023] INFO  impl.RoleInfo (RoleInfo.java:updateAndGet(143)) - aa98e893-95a3-4426-8c3d-7852b9d4d01a: start LeaderElection
2019-09-20 08:26:27,186 [aa98e893-95a3-4426-8c3d-7852b9d4d01a-SegmentedRaftLogWorker:Storage Directory /workdir/hadoop-ozone/ozonefs/target/test-dir/MiniOzoneClusterImpl-4da4ca98-8075-486b-8359-c950a16dd890/datanode-2/data/ratis/a6dcd5f2-8aab-4a16-bbf6-480464caba80] INFO  segmented.SegmentedRaftLogWorker (SegmentedRaftLogWorker.java:execute(569)) - aa98e893-95a3-4426-8c3d-7852b9d4d01a-SegmentedRaftLogWorker:Storage Directory /workdir/hadoop-ozone/ozonefs/target/test-dir/MiniOzoneClusterImpl-4da4ca98-8075-486b-8359-c950a16dd890/datanode-2/data/ratis/a6dcd5f2-8aab-4a16-bbf6-480464caba80: created new log segment /workdir/hadoop-ozone/ozonefs/target/test-dir/MiniOzoneClusterImpl-4da4ca98-8075-486b-8359-c950a16dd890/datanode-2/data/ratis/a6dcd5f2-8aab-4a16-bbf6-480464caba80/current/log_inprogress_0
2019-09-20 08:26:27,186 [aa98e893-95a3-4426-8c3d-7852b9d4d01a-SegmentedRaftLogWorker:Storage Directory /workdir/hadoop-ozone/ozonefs/target/test-dir/MiniOzoneClusterImpl-4da4ca98-8075-486b-8359-c950a16dd890/datanode-2/data/ratis/6bf6d4e8-3433-4186-9848-acc62d78e5fd] INFO  segmented.SegmentedRaftLogWorker (SegmentedRaftLogWorker.java:execute(569)) - aa98e893-95a3-4426-8c3d-7852b9d4d01a-SegmentedRaftLogWorker:Storage Directory /workdir/hadoop-ozone/ozonefs/target/test-dir/MiniOzoneClusterImpl-4da4ca98-8075-486b-8359-c950a16dd890/datanode-2/data/ratis/6bf6d4e8-3433-4186-9848-acc62d78e5fd: created new log segment /workdir/hadoop-ozone/ozonefs/target/test-dir/MiniOzoneClusterImpl-4da4ca98-8075-486b-8359-c950a16dd890/datanode-2/data/ratis/6bf6d4e8-3433-4186-9848-acc62d78e5fd/current/log_inprogress_0
2019-09-20 08:26:27,186 [aa98e893-95a3-4426-8c3d-7852b9d4d01a:group-ADB2A305A5CD:LeaderElection71] INFO  impl.LeaderElection (LeaderElection.java:askForVotes(181)) - aa98e893-95a3-4426-8c3d-7852b9d4d01a:group-ADB2A305A5CD:LeaderElection71: begin an election at term 1 for -1: [aa98e893-95a3-4426-8c3d-7852b9d4d01a:192.168.34.27:44381], old=null
2019-09-20 08:26:27,187 [aa98e893-95a3-4426-8c3d-7852b9d4d01a:group-ADB2A305A5CD:LeaderElection71] INFO  impl.RoleInfo (RoleInfo.java:shutdownLeaderElection(134)) - aa98e893-95a3-4426-8c3d-7852b9d4d01a: shutdown LeaderElection
2019-09-20 08:26:27,187 [aa98e893-95a3-4426-8c3d-7852b9d4d01a:group-ADB2A305A5CD:LeaderElection71] INFO  impl.RaftServerImpl (RaftServerImpl.java:setRole(171)) - aa98e893-95a3-4426-8c3d-7852b9d4d01a:group-ADB2A305A5CD changes role from CANDIDATE to LEADER at term 1 for changeToLeader
2019-09-20 08:26:27,187 [aa98e893-95a3-4426-8c3d-7852b9d4d01a:group-ADB2A305A5CD:LeaderElection71] INFO  impl.RaftServerImpl (ServerState.java:setLeader(263)) - aa98e893-95a3-4426-8c3d-7852b9d4d01a:group-ADB2A305A5CD change Leader from null to aa98e893-95a3-4426-8c3d-7852b9d4d01a at term 1 for becomeLeader, leader elected after 5178ms
2019-09-20 08:26:27,187 [aa98e893-95a3-4426-8c3d-7852b9d4d01a:group-ADB2A305A5CD:LeaderElection71] INFO  server.RaftServerConfigKeys (ConfUtils.java:logGet(43)) - raft.server.staging.catchup.gap = 1000 (default)
2019-09-20 08:26:27,187 [aa98e893-95a3-4426-8c3d-7852b9d4d01a:group-ADB2A305A5CD:LeaderElection71] INFO  server.RaftServerConfigKeys (ConfUtils.java:logGet(43)) - raft.server.rpc.sleep.time = 25ms (default)
2019-09-20 08:26:27,187 [aa98e893-95a3-4426-8c3d-7852b9d4d01a:group-ADB2A305A5CD:LeaderElection71] INFO  server.RaftServerConfigKeys (ConfUtils.java:logGet(43)) - raft.server.write.element-limit = 4096 (default)
2019-09-20 08:26:27,188 [aa98e893-95a3-4426-8c3d-7852b9d4d01a:group-ADB2A305A5CD:LeaderElection71] INFO  server.RaftServerConfigKeys (ConfUtils.java:logGet(43)) - raft.server.watch.timeout = 10s (default)
2019-09-20 08:26:27,188 [aa98e893-95a3-4426-8c3d-7852b9d4d01a:group-ADB2A305A5CD:LeaderElection71] INFO  server.RaftServerConfigKeys (ConfUtils.java:logGet(43)) - raft.server.watch.timeout.denomination = 1s (default)
2019-09-20 08:26:27,188 [aa98e893-95a3-4426-8c3d-7852b9d4d01a:group-ADB2A305A5CD:LeaderElection71] INFO  server.RaftServerConfigKeys (ConfUtils.java:logGet(43)) - raft.server.watch.element-limit = 65536 (default)
2019-09-20 08:26:27,188 [aa98e893-95a3-4426-8c3d-7852b9d4d01a:group-ADB2A305A5CD:LeaderElection71] INFO  impl.RoleInfo (RoleInfo.java:updateAndGet(143)) - aa98e893-95a3-4426-8c3d-7852b9d4d01a: start LeaderState
2019-09-20 08:26:27,188 [aa98e893-95a3-4426-8c3d-7852b9d4d01a:group-ADB2A305A5CD:LeaderElection71] INFO  segmented.SegmentedRaftLogWorker (SegmentedRaftLogWorker.java:startLogSegment(380)) - aa98e893-95a3-4426-8c3d-7852b9d4d01a-SegmentedRaftLogWorker:Storage Directory /workdir/hadoop-ozone/ozonefs/target/test-dir/MiniOzoneClusterImpl-4da4ca98-8075-486b-8359-c950a16dd890/datanode-2/data/ratis/4b51557a-9292-4b91-968c-adb2a305a5cd: Starting segment from index:0
2019-09-20 08:26:27,189 [aa98e893-95a3-4426-8c3d-7852b9d4d01a:group-ADB2A305A5CD:LeaderElection71] INFO  impl.RaftServerImpl (ServerState.java:setRaftConf(361)) - aa98e893-95a3-4426-8c3d-7852b9d4d01a:group-ADB2A305A5CD set configuration 0: [aa98e893-95a3-4426-8c3d-7852b9d4d01a:192.168.34.27:44381], old=null at 0
2019-09-20 08:26:27,219 [aa98e893-95a3-4426-8c3d-7852b9d4d01a-SegmentedRaftLogWorker:Storage Directory /workdir/hadoop-ozone/ozonefs/target/test-dir/MiniOzoneClusterImpl-4da4ca98-8075-486b-8359-c950a16dd890/datanode-2/data/ratis/4b51557a-9292-4b91-968c-adb2a305a5cd] INFO  segmented.SegmentedRaftLogWorker (SegmentedRaftLogWorker.java:execute(569)) - aa98e893-95a3-4426-8c3d-7852b9d4d01a-SegmentedRaftLogWorker:Storage Directory /workdir/hadoop-ozone/ozonefs/target/test-dir/MiniOzoneClusterImpl-4da4ca98-8075-486b-8359-c950a16dd890/datanode-2/data/ratis/4b51557a-9292-4b91-968c-adb2a305a5cd: created new log segment /workdir/hadoop-ozone/ozonefs/target/test-dir/MiniOzoneClusterImpl-4da4ca98-8075-486b-8359-c950a16dd890/datanode-2/data/ratis/4b51557a-9292-4b91-968c-adb2a305a5cd/current/log_inprogress_0
2019-09-20 08:26:27,634 | INFO  | SCMAudit | user=jenkins1000 | ip=192.168.34.27 | op=SEND_HEARTBEAT {datanodeUUID=aa98e893-95a3-4426-8c3d-7852b9d4d01a, command=[]} | ret=SUCCESS |  
2019-09-20 08:26:27,853 [Thread-804] INFO  ozoneimpl.OzoneContainer (OzoneContainer.java:stop(199)) - Attempting to stop container services.
2019-09-20 08:26:27,854 [ForkJoinPool.commonPool-worker-1] INFO  ozoneimpl.OzoneContainer (OzoneContainer.java:stop(199)) - Attempting to stop container services.
2019-09-20 08:26:27,854 [Thread-804] INFO  impl.RaftServerProxy (RaftServerProxy.java:lambda$close$4(314)) - de37e2fb-a650-4b9c-bc67-7b250b0aee85: close
2019-09-20 08:26:27,854 [ForkJoinPool.commonPool-worker-1] INFO  impl.RaftServerProxy (RaftServerProxy.java:lambda$close$4(314)) - e6b1165a-2e40-428d-b2f2-7ef8f5104c17: close
2019-09-20 08:26:27,855 [Thread-804] INFO  impl.RaftServerImpl (RaftServerImpl.java:lambda$shutdown$3(245)) - de37e2fb-a650-4b9c-bc67-7b250b0aee85: shutdown group-C823A8A1F10C
2019-09-20 08:26:27,855 [ForkJoinPool.commonPool-worker-1] INFO  impl.RaftServerImpl (RaftServerImpl.java:lambda$shutdown$3(245)) - e6b1165a-2e40-428d-b2f2-7ef8f5104c17: shutdown group-5C436460470C
2019-09-20 08:26:27,855 [Thread-804] INFO  util.JmxRegister (JmxRegister.java:unregister(73)) - Successfully un-registered JMX Bean with object name Ratis:service=RaftServer,group=group-C823A8A1F10C,id=de37e2fb-a650-4b9c-bc67-7b250b0aee85
2019-09-20 08:26:27,855 [ForkJoinPool.commonPool-worker-1] INFO  util.JmxRegister (JmxRegister.java:unregister(73)) - Successfully un-registered JMX Bean with object name Ratis:service=RaftServer,group=group-5C436460470C,id=e6b1165a-2e40-428d-b2f2-7ef8f5104c17
2019-09-20 08:26:27,856 [Thread-804] INFO  impl.RoleInfo (RoleInfo.java:shutdownLeaderState(104)) - de37e2fb-a650-4b9c-bc67-7b250b0aee85: shutdown LeaderState
2019-09-20 08:26:27,856 [ForkJoinPool.commonPool-worker-1] INFO  impl.RoleInfo (RoleInfo.java:shutdownLeaderState(104)) - e6b1165a-2e40-428d-b2f2-7ef8f5104c17: shutdown LeaderState
2019-09-20 08:26:27,857 [Thread-804] INFO  impl.PendingRequests (PendingRequests.java:sendNotLeaderResponses(202)) - de37e2fb-a650-4b9c-bc67-7b250b0aee85-PendingRequests: sendNotLeaderResponses
2019-09-20 08:26:27,857 [ForkJoinPool.commonPool-worker-1] INFO  impl.PendingRequests (PendingRequests.java:sendNotLeaderResponses(202)) - e6b1165a-2e40-428d-b2f2-7ef8f5104c17-PendingRequests: sendNotLeaderResponses
2019-09-20 08:26:27,857 [Thread-804] INFO  impl.StateMachineUpdater (StateMachineUpdater.java:stopAndJoin(115)) - StateMachineUpdater:de37e2fb-a650-4b9c-bc67-7b250b0aee85:group-C823A8A1F10C: set stopIndex = 0
2019-09-20 08:26:27,858 [Thread-804] INFO  impl.RaftServerImpl (ServerState.java:close(394)) - de37e2fb-a650-4b9c-bc67-7b250b0aee85:group-C823A8A1F10C closes. The last applied log index is 0
2019-09-20 08:26:27,858 [ForkJoinPool.commonPool-worker-1] INFO  impl.StateMachineUpdater (StateMachineUpdater.java:stopAndJoin(115)) - StateMachineUpdater:e6b1165a-2e40-428d-b2f2-7ef8f5104c17:group-5C436460470C: set stopIndex = 0
2019-09-20 08:26:27,859 [de37e2fb-a650-4b9c-bc67-7b250b0aee85-SegmentedRaftLogWorker:Storage Directory /workdir/hadoop-ozone/ozonefs/target/test-dir/MiniOzoneClusterImpl-4da4ca98-8075-486b-8359-c950a16dd890/datanode-1/data/ratis/ec1c5a31-a936-4596-8d62-c823a8a1f10c] INFO  segmented.SegmentedRaftLogWorker (SegmentedRaftLogWorker.java:run(313)) - de37e2fb-a650-4b9c-bc67-7b250b0aee85-SegmentedRaftLogWorker:Storage Directory /workdir/hadoop-ozone/ozonefs/target/test-dir/MiniOzoneClusterImpl-4da4ca98-8075-486b-8359-c950a16dd890/datanode-1/data/ratis/ec1c5a31-a936-4596-8d62-c823a8a1f10c was interrupted, exiting. There are 0 tasks remaining in the queue.
2019-09-20 08:26:27,859 [ForkJoinPool.commonPool-worker-1] INFO  impl.RaftServerImpl (ServerState.java:close(394)) - e6b1165a-2e40-428d-b2f2-7ef8f5104c17:group-5C436460470C closes. The last applied log index is 0
2019-09-20 08:26:27,859 [Thread-804] INFO  segmented.SegmentedRaftLogWorker (SegmentedRaftLogWorker.java:close(228)) - de37e2fb-a650-4b9c-bc67-7b250b0aee85-SegmentedRaftLogWorker:Storage Directory /workdir/hadoop-ozone/ozonefs/target/test-dir/MiniOzoneClusterImpl-4da4ca98-8075-486b-8359-c950a16dd890/datanode-1/data/ratis/ec1c5a31-a936-4596-8d62-c823a8a1f10c close()
2019-09-20 08:26:27,859 [e6b1165a-2e40-428d-b2f2-7ef8f5104c17-SegmentedRaftLogWorker:Storage Directory /workdir/hadoop-ozone/ozonefs/target/test-dir/MiniOzoneClusterImpl-4da4ca98-8075-486b-8359-c950a16dd890/datanode-0/data/ratis/27b971e1-6e42-40a8-b42f-5c436460470c] INFO  segmented.SegmentedRaftLogWorker (SegmentedRaftLogWorker.java:run(313)) - e6b1165a-2e40-428d-b2f2-7ef8f5104c17-SegmentedRaftLogWorker:Storage Directory /workdir/hadoop-ozone/ozonefs/target/test-dir/MiniOzoneClusterImpl-4da4ca98-8075-486b-8359-c950a16dd890/datanode-0/data/ratis/27b971e1-6e42-40a8-b42f-5c436460470c was interrupted, exiting. There are 0 tasks remaining in the queue.
2019-09-20 08:26:27,861 [Thread-804] INFO  impl.RaftServerImpl (RaftServerImpl.java:lambda$shutdown$3(245)) - de37e2fb-a650-4b9c-bc67-7b250b0aee85: shutdown group-E39E6BA3B5A0
2019-09-20 08:26:27,862 [ForkJoinPool.commonPool-worker-1] INFO  segmented.SegmentedRaftLogWorker (SegmentedRaftLogWorker.java:close(228)) - e6b1165a-2e40-428d-b2f2-7ef8f5104c17-SegmentedRaftLogWorker:Storage Directory /workdir/hadoop-ozone/ozonefs/target/test-dir/MiniOzoneClusterImpl-4da4ca98-8075-486b-8359-c950a16dd890/datanode-0/data/ratis/27b971e1-6e42-40a8-b42f-5c436460470c close()
2019-09-20 08:26:27,862 [Thread-804] INFO  util.JmxRegister (JmxRegister.java:unregister(73)) - Successfully un-registered JMX Bean with object name Ratis:service=RaftServer,group=group-E39E6BA3B5A0,id=de37e2fb-a650-4b9c-bc67-7b250b0aee85
2019-09-20 08:26:27,863 [ForkJoinPool.commonPool-worker-1] INFO  impl.RaftServerImpl (RaftServerImpl.java:lambda$shutdown$3(245)) - e6b1165a-2e40-428d-b2f2-7ef8f5104c17: shutdown group-4EE5638B0302
2019-09-20 08:26:27,864 [Thread-804] INFO  impl.RoleInfo (RoleInfo.java:shutdownLeaderState(104)) - de37e2fb-a650-4b9c-bc67-7b250b0aee85: shutdown LeaderState
2019-09-20 08:26:27,864 [ForkJoinPool.commonPool-worker-1] INFO  util.JmxRegister (JmxRegister.java:unregister(73)) - Successfully un-registered JMX Bean with object name Ratis:service=RaftServer,group=group-4EE5638B0302,id=e6b1165a-2e40-428d-b2f2-7ef8f5104c17
2019-09-20 08:26:27,865 [Thread-804] INFO  impl.PendingRequests (PendingRequests.java:sendNotLeaderResponses(202)) - de37e2fb-a650-4b9c-bc67-7b250b0aee85-PendingRequests: sendNotLeaderResponses
2019-09-20 08:26:27,865 [ForkJoinPool.commonPool-worker-1] INFO  impl.RoleInfo (RoleInfo.java:shutdownLeaderState(104)) - e6b1165a-2e40-428d-b2f2-7ef8f5104c17: shutdown LeaderState
2019-09-20 08:26:27,865 [Thread-804] INFO  impl.StateMachineUpdater (StateMachineUpdater.java:stopAndJoin(115)) - StateMachineUpdater:de37e2fb-a650-4b9c-bc67-7b250b0aee85:group-E39E6BA3B5A0: set stopIndex = 0
2019-09-20 08:26:27,866 [ForkJoinPool.commonPool-worker-1] INFO  impl.PendingRequests (PendingRequests.java:sendNotLeaderResponses(202)) - e6b1165a-2e40-428d-b2f2-7ef8f5104c17-PendingRequests: sendNotLeaderResponses
2019-09-20 08:26:27,866 [Thread-804] INFO  impl.RaftServerImpl (ServerState.java:close(394)) - de37e2fb-a650-4b9c-bc67-7b250b0aee85:group-E39E6BA3B5A0 closes. The last applied log index is 0
2019-09-20 08:26:27,866 [ForkJoinPool.commonPool-worker-1] INFO  impl.StateMachineUpdater (StateMachineUpdater.java:stopAndJoin(115)) - StateMachineUpdater:e6b1165a-2e40-428d-b2f2-7ef8f5104c17:group-4EE5638B0302: set stopIndex = 0
2019-09-20 08:26:27,867 [de37e2fb-a650-4b9c-bc67-7b250b0aee85-SegmentedRaftLogWorker:Storage Directory /workdir/hadoop-ozone/ozonefs/target/test-dir/MiniOzoneClusterImpl-4da4ca98-8075-486b-8359-c950a16dd890/datanode-1/data/ratis/0b3c003d-8bc1-4c75-a039-e39e6ba3b5a0] INFO  segmented.SegmentedRaftLogWorker (SegmentedRaftLogWorker.java:run(313)) - de37e2fb-a650-4b9c-bc67-7b250b0aee85-SegmentedRaftLogWorker:Storage Directory /workdir/hadoop-ozone/ozonefs/target/test-dir/MiniOzoneClusterImpl-4da4ca98-8075-486b-8359-c950a16dd890/datanode-1/data/ratis/0b3c003d-8bc1-4c75-a039-e39e6ba3b5a0 was interrupted, exiting. There are 0 tasks remaining in the queue.
2019-09-20 08:26:27,867 [ForkJoinPool.commonPool-worker-1] INFO  impl.RaftServerImpl (ServerState.java:close(394)) - e6b1165a-2e40-428d-b2f2-7ef8f5104c17:group-4EE5638B0302 closes. The last applied log index is 0
2019-09-20 08:26:27,867 [Thread-804] INFO  segmented.SegmentedRaftLogWorker (SegmentedRaftLogWorker.java:close(228)) - de37e2fb-a650-4b9c-bc67-7b250b0aee85-SegmentedRaftLogWorker:Storage Directory /workdir/hadoop-ozone/ozonefs/target/test-dir/MiniOzoneClusterImpl-4da4ca98-8075-486b-8359-c950a16dd890/datanode-1/data/ratis/0b3c003d-8bc1-4c75-a039-e39e6ba3b5a0 close()
2019-09-20 08:26:27,867 [e6b1165a-2e40-428d-b2f2-7ef8f5104c17-SegmentedRaftLogWorker:Storage Directory /workdir/hadoop-ozone/ozonefs/target/test-dir/MiniOzoneClusterImpl-4da4ca98-8075-486b-8359-c950a16dd890/datanode-0/data/ratis/3a37e041-22be-4e5c-8b5b-4ee5638b0302] INFO  segmented.SegmentedRaftLogWorker (SegmentedRaftLogWorker.java:run(313)) - e6b1165a-2e40-428d-b2f2-7ef8f5104c17-SegmentedRaftLogWorker:Storage Directory /workdir/hadoop-ozone/ozonefs/target/test-dir/MiniOzoneClusterImpl-4da4ca98-8075-486b-8359-c950a16dd890/datanode-0/data/ratis/3a37e041-22be-4e5c-8b5b-4ee5638b0302 was interrupted, exiting. There are 0 tasks remaining in the queue.
2019-09-20 08:26:27,869 [Thread-804] INFO  impl.RaftServerImpl (RaftServerImpl.java:lambda$shutdown$3(245)) - de37e2fb-a650-4b9c-bc67-7b250b0aee85: shutdown group-99F1E332C2BF
2019-09-20 08:26:27,869 [ForkJoinPool.commonPool-worker-1] INFO  segmented.SegmentedRaftLogWorker (SegmentedRaftLogWorker.java:close(228)) - e6b1165a-2e40-428d-b2f2-7ef8f5104c17-SegmentedRaftLogWorker:Storage Directory /workdir/hadoop-ozone/ozonefs/target/test-dir/MiniOzoneClusterImpl-4da4ca98-8075-486b-8359-c950a16dd890/datanode-0/data/ratis/3a37e041-22be-4e5c-8b5b-4ee5638b0302 close()
2019-09-20 08:26:27,870 [Thread-804] INFO  util.JmxRegister (JmxRegister.java:unregister(73)) - Successfully un-registered JMX Bean with object name Ratis:service=RaftServer,group=group-99F1E332C2BF,id=de37e2fb-a650-4b9c-bc67-7b250b0aee85
2019-09-20 08:26:27,871 [ForkJoinPool.commonPool-worker-1] INFO  impl.RaftServerImpl (RaftServerImpl.java:lambda$shutdown$3(245)) - e6b1165a-2e40-428d-b2f2-7ef8f5104c17: shutdown group-2A6B1893380B
2019-09-20 08:26:27,871 [Thread-804] INFO  impl.RoleInfo (RoleInfo.java:shutdownLeaderState(104)) - de37e2fb-a650-4b9c-bc67-7b250b0aee85: shutdown LeaderState
2019-09-20 08:26:27,872 [ForkJoinPool.commonPool-worker-1] INFO  util.JmxRegister (JmxRegister.java:unregister(73)) - Successfully un-registered JMX Bean with object name Ratis:service=RaftServer,group=group-2A6B1893380B,id=e6b1165a-2e40-428d-b2f2-7ef8f5104c17
2019-09-20 08:26:27,872 [Thread-804] INFO  impl.PendingRequests (PendingRequests.java:sendNotLeaderResponses(202)) - de37e2fb-a650-4b9c-bc67-7b250b0aee85-PendingRequests: sendNotLeaderResponses
2019-09-20 08:26:27,872 [ForkJoinPool.commonPool-worker-1] INFO  impl.RoleInfo (RoleInfo.java:shutdownLeaderState(104)) - e6b1165a-2e40-428d-b2f2-7ef8f5104c17: shutdown LeaderState
2019-09-20 08:26:27,873 [Thread-804] INFO  impl.StateMachineUpdater (StateMachineUpdater.java:stopAndJoin(115)) - StateMachineUpdater:de37e2fb-a650-4b9c-bc67-7b250b0aee85:group-99F1E332C2BF: set stopIndex = 0
2019-09-20 08:26:27,873 [Thread-804] INFO  impl.RaftServerImpl (ServerState.java:close(394)) - de37e2fb-a650-4b9c-bc67-7b250b0aee85:group-99F1E332C2BF closes. The last applied log index is 0
2019-09-20 08:26:27,873 [ForkJoinPool.commonPool-worker-1] INFO  impl.PendingRequests (PendingRequests.java:sendNotLeaderResponses(202)) - e6b1165a-2e40-428d-b2f2-7ef8f5104c17-PendingRequests: sendNotLeaderResponses
2019-09-20 08:26:27,874 [de37e2fb-a650-4b9c-bc67-7b250b0aee85-SegmentedRaftLogWorker:Storage Directory /workdir/hadoop-ozone/ozonefs/target/test-dir/MiniOzoneClusterImpl-4da4ca98-8075-486b-8359-c950a16dd890/datanode-1/data/ratis/9d3b8a71-df30-4f2c-9c82-99f1e332c2bf] INFO  segmented.SegmentedRaftLogWorker (SegmentedRaftLogWorker.java:run(313)) - de37e2fb-a650-4b9c-bc67-7b250b0aee85-SegmentedRaftLogWorker:Storage Directory /workdir/hadoop-ozone/ozonefs/target/test-dir/MiniOzoneClusterImpl-4da4ca98-8075-486b-8359-c950a16dd890/datanode-1/data/ratis/9d3b8a71-df30-4f2c-9c82-99f1e332c2bf was interrupted, exiting. There are 0 tasks remaining in the queue.
2019-09-20 08:26:27,874 [ForkJoinPool.commonPool-worker-1] INFO  impl.StateMachineUpdater (StateMachineUpdater.java:stopAndJoin(115)) - StateMachineUpdater:e6b1165a-2e40-428d-b2f2-7ef8f5104c17:group-2A6B1893380B: set stopIndex = 0
2019-09-20 08:26:27,874 [Thread-804] INFO  segmented.SegmentedRaftLogWorker (SegmentedRaftLogWorker.java:close(228)) - de37e2fb-a650-4b9c-bc67-7b250b0aee85-SegmentedRaftLogWorker:Storage Directory /workdir/hadoop-ozone/ozonefs/target/test-dir/MiniOzoneClusterImpl-4da4ca98-8075-486b-8359-c950a16dd890/datanode-1/data/ratis/9d3b8a71-df30-4f2c-9c82-99f1e332c2bf close()
2019-09-20 08:26:27,874 [ForkJoinPool.commonPool-worker-1] INFO  impl.RaftServerImpl (ServerState.java:close(394)) - e6b1165a-2e40-428d-b2f2-7ef8f5104c17:group-2A6B1893380B closes. The last applied log index is 0
2019-09-20 08:26:27,876 [Thread-804] INFO  impl.RaftServerImpl (RaftServerImpl.java:lambda$shutdown$3(245)) - de37e2fb-a650-4b9c-bc67-7b250b0aee85: shutdown group-5650BE74F93C
2019-09-20 08:26:27,876 [e6b1165a-2e40-428d-b2f2-7ef8f5104c17-SegmentedRaftLogWorker:Storage Directory /workdir/hadoop-ozone/ozonefs/target/test-dir/MiniOzoneClusterImpl-4da4ca98-8075-486b-8359-c950a16dd890/datanode-0/data/ratis/18f26269-f8cf-4347-bb9a-2a6b1893380b] INFO  segmented.SegmentedRaftLogWorker (SegmentedRaftLogWorker.java:run(313)) - e6b1165a-2e40-428d-b2f2-7ef8f5104c17-SegmentedRaftLogWorker:Storage Directory /workdir/hadoop-ozone/ozonefs/target/test-dir/MiniOzoneClusterImpl-4da4ca98-8075-486b-8359-c950a16dd890/datanode-0/data/ratis/18f26269-f8cf-4347-bb9a-2a6b1893380b was interrupted, exiting. There are 0 tasks remaining in the queue.
2019-09-20 08:26:27,877 [Thread-804] INFO  util.JmxRegister (JmxRegister.java:unregister(73)) - Successfully un-registered JMX Bean with object name Ratis:service=RaftServer,group=group-5650BE74F93C,id=de37e2fb-a650-4b9c-bc67-7b250b0aee85
2019-09-20 08:26:27,877 [ForkJoinPool.commonPool-worker-1] INFO  segmented.SegmentedRaftLogWorker (SegmentedRaftLogWorker.java:close(228)) - e6b1165a-2e40-428d-b2f2-7ef8f5104c17-SegmentedRaftLogWorker:Storage Directory /workdir/hadoop-ozone/ozonefs/target/test-dir/MiniOzoneClusterImpl-4da4ca98-8075-486b-8359-c950a16dd890/datanode-0/data/ratis/18f26269-f8cf-4347-bb9a-2a6b1893380b close()
2019-09-20 08:26:27,877 [Thread-804] INFO  impl.RoleInfo (RoleInfo.java:shutdownLeaderState(104)) - de37e2fb-a650-4b9c-bc67-7b250b0aee85: shutdown LeaderState
2019-09-20 08:26:27,879 [ForkJoinPool.commonPool-worker-1] INFO  impl.RaftServerImpl (RaftServerImpl.java:lambda$shutdown$3(245)) - e6b1165a-2e40-428d-b2f2-7ef8f5104c17: shutdown group-1628F8532DF5
2019-09-20 08:26:27,879 [Thread-804] INFO  impl.PendingRequests (PendingRequests.java:sendNotLeaderResponses(202)) - de37e2fb-a650-4b9c-bc67-7b250b0aee85-PendingRequests: sendNotLeaderResponses
2019-09-20 08:26:27,879 [ForkJoinPool.commonPool-worker-1] INFO  util.JmxRegister (JmxRegister.java:unregister(73)) - Successfully un-registered JMX Bean with object name Ratis:service=RaftServer,group=group-1628F8532DF5,id=e6b1165a-2e40-428d-b2f2-7ef8f5104c17
2019-09-20 08:26:27,880 [Thread-804] INFO  impl.StateMachineUpdater (StateMachineUpdater.java:stopAndJoin(115)) - StateMachineUpdater:de37e2fb-a650-4b9c-bc67-7b250b0aee85:group-5650BE74F93C: set stopIndex = 0
2019-09-20 08:26:27,880 [ForkJoinPool.commonPool-worker-1] INFO  impl.RoleInfo (RoleInfo.java:shutdownLeaderState(104)) - e6b1165a-2e40-428d-b2f2-7ef8f5104c17: shutdown LeaderState
2019-09-20 08:26:27,880 [Thread-804] INFO  impl.RaftServerImpl (ServerState.java:close(394)) - de37e2fb-a650-4b9c-bc67-7b250b0aee85:group-5650BE74F93C closes. The last applied log index is 0
2019-09-20 08:26:27,881 [ForkJoinPool.commonPool-worker-1] INFO  impl.PendingRequests (PendingRequests.java:sendNotLeaderResponses(202)) - e6b1165a-2e40-428d-b2f2-7ef8f5104c17-PendingRequests: sendNotLeaderResponses
2019-09-20 08:26:27,881 [de37e2fb-a650-4b9c-bc67-7b250b0aee85-SegmentedRaftLogWorker:Storage Directory /workdir/hadoop-ozone/ozonefs/target/test-dir/MiniOzoneClusterImpl-4da4ca98-8075-486b-8359-c950a16dd890/datanode-1/data/ratis/fe8a0d9f-c827-4ecb-864b-5650be74f93c] INFO  segmented.SegmentedRaftLogWorker (SegmentedRaftLogWorker.java:run(313)) - de37e2fb-a650-4b9c-bc67-7b250b0aee85-SegmentedRaftLogWorker:Storage Directory /workdir/hadoop-ozone/ozonefs/target/test-dir/MiniOzoneClusterImpl-4da4ca98-8075-486b-8359-c950a16dd890/datanode-1/data/ratis/fe8a0d9f-c827-4ecb-864b-5650be74f93c was interrupted, exiting. There are 0 tasks remaining in the queue.
2019-09-20 08:26:27,881 [ForkJoinPool.commonPool-worker-1] INFO  impl.StateMachineUpdater (StateMachineUpdater.java:stopAndJoin(115)) - StateMachineUpdater:e6b1165a-2e40-428d-b2f2-7ef8f5104c17:group-1628F8532DF5: set stopIndex = 0
2019-09-20 08:26:27,881 [Thread-804] INFO  segmented.SegmentedRaftLogWorker (SegmentedRaftLogWorker.java:close(228)) - de37e2fb-a650-4b9c-bc67-7b250b0aee85-SegmentedRaftLogWorker:Storage Directory /workdir/hadoop-ozone/ozonefs/target/test-dir/MiniOzoneClusterImpl-4da4ca98-8075-486b-8359-c950a16dd890/datanode-1/data/ratis/fe8a0d9f-c827-4ecb-864b-5650be74f93c close()
2019-09-20 08:26:27,882 [ForkJoinPool.commonPool-worker-1] INFO  impl.RaftServerImpl (ServerState.java:close(394)) - e6b1165a-2e40-428d-b2f2-7ef8f5104c17:group-1628F8532DF5 closes. The last applied log index is 0
2019-09-20 08:26:27,883 [Thread-804] INFO  impl.RaftServerImpl (RaftServerImpl.java:lambda$shutdown$3(245)) - de37e2fb-a650-4b9c-bc67-7b250b0aee85: shutdown group-097D4DA304DF
2019-09-20 08:26:27,884 [e6b1165a-2e40-428d-b2f2-7ef8f5104c17-SegmentedRaftLogWorker:Storage Directory /workdir/hadoop-ozone/ozonefs/target/test-dir/MiniOzoneClusterImpl-4da4ca98-8075-486b-8359-c950a16dd890/datanode-0/data/ratis/7519783a-092d-44f1-866a-1628f8532df5] INFO  segmented.SegmentedRaftLogWorker (SegmentedRaftLogWorker.java:run(313)) - e6b1165a-2e40-428d-b2f2-7ef8f5104c17-SegmentedRaftLogWorker:Storage Directory /workdir/hadoop-ozone/ozonefs/target/test-dir/MiniOzoneClusterImpl-4da4ca98-8075-486b-8359-c950a16dd890/datanode-0/data/ratis/7519783a-092d-44f1-866a-1628f8532df5 was interrupted, exiting. There are 0 tasks remaining in the queue.
2019-09-20 08:26:27,884 [Thread-804] INFO  util.JmxRegister (JmxRegister.java:unregister(73)) - Successfully un-registered JMX Bean with object name Ratis:service=RaftServer,group=group-097D4DA304DF,id=de37e2fb-a650-4b9c-bc67-7b250b0aee85
2019-09-20 08:26:27,884 [ForkJoinPool.commonPool-worker-1] INFO  segmented.SegmentedRaftLogWorker (SegmentedRaftLogWorker.java:close(228)) - e6b1165a-2e40-428d-b2f2-7ef8f5104c17-SegmentedRaftLogWorker:Storage Directory /workdir/hadoop-ozone/ozonefs/target/test-dir/MiniOzoneClusterImpl-4da4ca98-8075-486b-8359-c950a16dd890/datanode-0/data/ratis/7519783a-092d-44f1-866a-1628f8532df5 close()
2019-09-20 08:26:27,884 [Thread-804] INFO  impl.RoleInfo (RoleInfo.java:shutdownLeaderState(104)) - de37e2fb-a650-4b9c-bc67-7b250b0aee85: shutdown LeaderState
2019-09-20 08:26:27,886 [ForkJoinPool.commonPool-worker-1] INFO  impl.RaftServerImpl (RaftServerImpl.java:lambda$shutdown$3(245)) - e6b1165a-2e40-428d-b2f2-7ef8f5104c17: shutdown group-1658805228FC
2019-09-20 08:26:27,886 [Thread-804] INFO  impl.PendingRequests (PendingRequests.java:sendNotLeaderResponses(202)) - de37e2fb-a650-4b9c-bc67-7b250b0aee85-PendingRequests: sendNotLeaderResponses
2019-09-20 08:26:27,886 [ForkJoinPool.commonPool-worker-1] INFO  util.JmxRegister (JmxRegister.java:unregister(73)) - Successfully un-registered JMX Bean with object name Ratis:service=RaftServer,group=group-1658805228FC,id=e6b1165a-2e40-428d-b2f2-7ef8f5104c17
2019-09-20 08:26:27,887 [Thread-804] INFO  impl.StateMachineUpdater (StateMachineUpdater.java:stopAndJoin(115)) - StateMachineUpdater:de37e2fb-a650-4b9c-bc67-7b250b0aee85:group-097D4DA304DF: set stopIndex = 0
2019-09-20 08:26:27,887 [ForkJoinPool.commonPool-worker-1] INFO  impl.RoleInfo (RoleInfo.java:shutdownLeaderState(104)) - e6b1165a-2e40-428d-b2f2-7ef8f5104c17: shutdown LeaderState
2019-09-20 08:26:27,887 [Thread-804] INFO  impl.RaftServerImpl (ServerState.java:close(394)) - de37e2fb-a650-4b9c-bc67-7b250b0aee85:group-097D4DA304DF closes. The last applied log index is 0
2019-09-20 08:26:27,888 [ForkJoinPool.commonPool-worker-1] INFO  impl.PendingRequests (PendingRequests.java:sendNotLeaderResponses(202)) - e6b1165a-2e40-428d-b2f2-7ef8f5104c17-PendingRequests: sendNotLeaderResponses
2019-09-20 08:26:27,888 [de37e2fb-a650-4b9c-bc67-7b250b0aee85-SegmentedRaftLogWorker:Storage Directory /workdir/hadoop-ozone/ozonefs/target/test-dir/MiniOzoneClusterImpl-4da4ca98-8075-486b-8359-c950a16dd890/datanode-1/data/ratis/c5afaa43-006f-4516-ad2a-097d4da304df] INFO  segmented.SegmentedRaftLogWorker (SegmentedRaftLogWorker.java:run(313)) - de37e2fb-a650-4b9c-bc67-7b250b0aee85-SegmentedRaftLogWorker:Storage Directory /workdir/hadoop-ozone/ozonefs/target/test-dir/MiniOzoneClusterImpl-4da4ca98-8075-486b-8359-c950a16dd890/datanode-1/data/ratis/c5afaa43-006f-4516-ad2a-097d4da304df was interrupted, exiting. There are 0 tasks remaining in the queue.
2019-09-20 08:26:27,888 [ForkJoinPool.commonPool-worker-1] INFO  impl.StateMachineUpdater (StateMachineUpdater.java:stopAndJoin(115)) - StateMachineUpdater:e6b1165a-2e40-428d-b2f2-7ef8f5104c17:group-1658805228FC: set stopIndex = 0
2019-09-20 08:26:27,889 [Thread-804] INFO  segmented.SegmentedRaftLogWorker (SegmentedRaftLogWorker.java:close(228)) - de37e2fb-a650-4b9c-bc67-7b250b0aee85-SegmentedRaftLogWorker:Storage Directory /workdir/hadoop-ozone/ozonefs/target/test-dir/MiniOzoneClusterImpl-4da4ca98-8075-486b-8359-c950a16dd890/datanode-1/data/ratis/c5afaa43-006f-4516-ad2a-097d4da304df close()
2019-09-20 08:26:27,889 [ForkJoinPool.commonPool-worker-1] INFO  impl.RaftServerImpl (ServerState.java:close(394)) - e6b1165a-2e40-428d-b2f2-7ef8f5104c17:group-1658805228FC closes. The last applied log index is 0
2019-09-20 08:26:27,890 [Thread-804] INFO  impl.RaftServerImpl (RaftServerImpl.java:lambda$shutdown$3(245)) - de37e2fb-a650-4b9c-bc67-7b250b0aee85: shutdown group-997C523A0A07
2019-09-20 08:26:27,891 [e6b1165a-2e40-428d-b2f2-7ef8f5104c17-SegmentedRaftLogWorker:Storage Directory /workdir/hadoop-ozone/ozonefs/target/test-dir/MiniOzoneClusterImpl-4da4ca98-8075-486b-8359-c950a16dd890/datanode-0/data/ratis/22b52a6b-1c1d-4cc4-897a-1658805228fc] INFO  segmented.SegmentedRaftLogWorker (SegmentedRaftLogWorker.java:run(313)) - e6b1165a-2e40-428d-b2f2-7ef8f5104c17-SegmentedRaftLogWorker:Storage Directory /workdir/hadoop-ozone/ozonefs/target/test-dir/MiniOzoneClusterImpl-4da4ca98-8075-486b-8359-c950a16dd890/datanode-0/data/ratis/22b52a6b-1c1d-4cc4-897a-1658805228fc was interrupted, exiting. There are 0 tasks remaining in the queue.
2019-09-20 08:26:27,891 [Thread-804] INFO  util.JmxRegister (JmxRegister.java:unregister(73)) - Successfully un-registered JMX Bean with object name Ratis:service=RaftServer,group=group-997C523A0A07,id=de37e2fb-a650-4b9c-bc67-7b250b0aee85
2019-09-20 08:26:27,891 [ForkJoinPool.commonPool-worker-1] INFO  segmented.SegmentedRaftLogWorker (SegmentedRaftLogWorker.java:close(228)) - e6b1165a-2e40-428d-b2f2-7ef8f5104c17-SegmentedRaftLogWorker:Storage Directory /workdir/hadoop-ozone/ozonefs/target/test-dir/MiniOzoneClusterImpl-4da4ca98-8075-486b-8359-c950a16dd890/datanode-0/data/ratis/22b52a6b-1c1d-4cc4-897a-1658805228fc close()
2019-09-20 08:26:27,891 [Thread-804] INFO  impl.RoleInfo (RoleInfo.java:shutdownLeaderState(104)) - de37e2fb-a650-4b9c-bc67-7b250b0aee85: shutdown LeaderState
2019-09-20 08:26:27,893 [ForkJoinPool.commonPool-worker-1] INFO  impl.RaftServerImpl (RaftServerImpl.java:lambda$shutdown$3(245)) - e6b1165a-2e40-428d-b2f2-7ef8f5104c17: shutdown group-74C4AC80E2A6
2019-09-20 08:26:27,893 [Thread-804] INFO  impl.PendingRequests (PendingRequests.java:sendNotLeaderResponses(202)) - de37e2fb-a650-4b9c-bc67-7b250b0aee85-PendingRequests: sendNotLeaderResponses
2019-09-20 08:26:27,894 [ForkJoinPool.commonPool-worker-1] INFO  util.JmxRegister (JmxRegister.java:unregister(73)) - Successfully un-registered JMX Bean with object name Ratis:service=RaftServer,group=group-74C4AC80E2A6,id=e6b1165a-2e40-428d-b2f2-7ef8f5104c17
2019-09-20 08:26:27,894 [Thread-804] INFO  impl.StateMachineUpdater (StateMachineUpdater.java:stopAndJoin(115)) - StateMachineUpdater:de37e2fb-a650-4b9c-bc67-7b250b0aee85:group-997C523A0A07: set stopIndex = 0
2019-09-20 08:26:27,894 [ForkJoinPool.commonPool-worker-1] INFO  impl.RoleInfo (RoleInfo.java:shutdownLeaderState(104)) - e6b1165a-2e40-428d-b2f2-7ef8f5104c17: shutdown LeaderState
2019-09-20 08:26:27,895 [Thread-804] INFO  impl.RaftServerImpl (ServerState.java:close(394)) - de37e2fb-a650-4b9c-bc67-7b250b0aee85:group-997C523A0A07 closes. The last applied log index is 0
2019-09-20 08:26:27,895 [ForkJoinPool.commonPool-worker-1] INFO  impl.PendingRequests (PendingRequests.java:sendNotLeaderResponses(202)) - e6b1165a-2e40-428d-b2f2-7ef8f5104c17-PendingRequests: sendNotLeaderResponses
2019-09-20 08:26:27,895 [de37e2fb-a650-4b9c-bc67-7b250b0aee85-SegmentedRaftLogWorker:Storage Directory /workdir/hadoop-ozone/ozonefs/target/test-dir/MiniOzoneClusterImpl-4da4ca98-8075-486b-8359-c950a16dd890/datanode-1/data/ratis/21f86ada-f0b9-458f-97bb-997c523a0a07] INFO  segmented.SegmentedRaftLogWorker (SegmentedRaftLogWorker.java:run(313)) - de37e2fb-a650-4b9c-bc67-7b250b0aee85-SegmentedRaftLogWorker:Storage Directory /workdir/hadoop-ozone/ozonefs/target/test-dir/MiniOzoneClusterImpl-4da4ca98-8075-486b-8359-c950a16dd890/datanode-1/data/ratis/21f86ada-f0b9-458f-97bb-997c523a0a07 was interrupted, exiting. There are 0 tasks remaining in the queue.
2019-09-20 08:26:27,895 [ForkJoinPool.commonPool-worker-1] INFO  impl.StateMachineUpdater (StateMachineUpdater.java:stopAndJoin(115)) - StateMachineUpdater:e6b1165a-2e40-428d-b2f2-7ef8f5104c17:group-74C4AC80E2A6: set stopIndex = 0
2019-09-20 08:26:27,896 [Thread-804] INFO  segmented.SegmentedRaftLogWorker (SegmentedRaftLogWorker.java:close(228)) - de37e2fb-a650-4b9c-bc67-7b250b0aee85-SegmentedRaftLogWorker:Storage Directory /workdir/hadoop-ozone/ozonefs/target/test-dir/MiniOzoneClusterImpl-4da4ca98-8075-486b-8359-c950a16dd890/datanode-1/data/ratis/21f86ada-f0b9-458f-97bb-997c523a0a07 close()
2019-09-20 08:26:27,896 [ForkJoinPool.commonPool-worker-1] INFO  impl.RaftServerImpl (ServerState.java:close(394)) - e6b1165a-2e40-428d-b2f2-7ef8f5104c17:group-74C4AC80E2A6 closes. The last applied log index is 0
2019-09-20 08:26:27,897 [Thread-804] INFO  server.GrpcService (GrpcService.java:closeImpl(155)) - de37e2fb-a650-4b9c-bc67-7b250b0aee85: shutdown server with port 46843 now
2019-09-20 08:26:27,898 [e6b1165a-2e40-428d-b2f2-7ef8f5104c17-SegmentedRaftLogWorker:Storage Directory /workdir/hadoop-ozone/ozonefs/target/test-dir/MiniOzoneClusterImpl-4da4ca98-8075-486b-8359-c950a16dd890/datanode-0/data/ratis/842231cd-7715-4915-8813-74c4ac80e2a6] INFO  segmented.SegmentedRaftLogWorker (SegmentedRaftLogWorker.java:run(313)) - e6b1165a-2e40-428d-b2f2-7ef8f5104c17-SegmentedRaftLogWorker:Storage Directory /workdir/hadoop-ozone/ozonefs/target/test-dir/MiniOzoneClusterImpl-4da4ca98-8075-486b-8359-c950a16dd890/datanode-0/data/ratis/842231cd-7715-4915-8813-74c4ac80e2a6 was interrupted, exiting. There are 0 tasks remaining in the queue.
2019-09-20 08:26:27,899 [ForkJoinPool.commonPool-worker-1] INFO  segmented.SegmentedRaftLogWorker (SegmentedRaftLogWorker.java:close(228)) - e6b1165a-2e40-428d-b2f2-7ef8f5104c17-SegmentedRaftLogWorker:Storage Directory /workdir/hadoop-ozone/ozonefs/target/test-dir/MiniOzoneClusterImpl-4da4ca98-8075-486b-8359-c950a16dd890/datanode-0/data/ratis/842231cd-7715-4915-8813-74c4ac80e2a6 close()
2019-09-20 08:26:27,899 [Thread-804] INFO  server.GrpcService (GrpcService.java:closeImpl(163)) - de37e2fb-a650-4b9c-bc67-7b250b0aee85: shutdown server with port 46843 successfully
2019-09-20 08:26:27,901 [ForkJoinPool.commonPool-worker-1] INFO  server.GrpcService (GrpcService.java:closeImpl(155)) - e6b1165a-2e40-428d-b2f2-7ef8f5104c17: shutdown server with port 36204 now
2019-09-20 08:26:27,903 [ForkJoinPool.commonPool-worker-1] INFO  server.GrpcService (GrpcService.java:closeImpl(163)) - e6b1165a-2e40-428d-b2f2-7ef8f5104c17: shutdown server with port 36204 successfully
2019-09-20 08:26:27,903 [Thread-804] INFO  utils.BackgroundService (BackgroundService.java:shutdown(148)) - Shutting down service BlockDeletingService
2019-09-20 08:26:27,904 [ForkJoinPool.commonPool-worker-1] INFO  utils.BackgroundService (BackgroundService.java:shutdown(148)) - Shutting down service BlockDeletingService
2019-09-20 08:26:27,905 [refreshUsed-/workdir/hadoop-ozone/ozonefs/target/test-dir/MiniOzoneClusterImpl-4da4ca98-8075-486b-8359-c950a16dd890/datanode-1/data/containers] WARN  fs.CachingGetSpaceUsed (CachingGetSpaceUsed.java:run(183)) - Thread Interrupted waiting to refresh disk information: sleep interrupted
2019-09-20 08:26:27,906 [refreshUsed-/workdir/hadoop-ozone/ozonefs/target/test-dir/MiniOzoneClusterImpl-4da4ca98-8075-486b-8359-c950a16dd890/datanode-0/data/containers] WARN  fs.CachingGetSpaceUsed (CachingGetSpaceUsed.java:run(183)) - Thread Interrupted waiting to refresh disk information: sleep interrupted
2019-09-20 08:26:28,241 [Thread-804] INFO  statemachine.DatanodeStateMachine (DatanodeStateMachine.java:stopDaemon(395)) - Ozone container server stopped.
2019-09-20 08:26:28,245 [ForkJoinPool.commonPool-worker-1] INFO  statemachine.DatanodeStateMachine (DatanodeStateMachine.java:stopDaemon(395)) - Ozone container server stopped.
2019-09-20 08:26:28,247 [Thread-804] INFO  handler.ContextHandler (ContextHandler.java:doStop(910)) - Stopped o.e.j.w.WebAppContext@4de44562{/,null,UNAVAILABLE}{/hddsDatanode}
2019-09-20 08:26:28,248 [ForkJoinPool.commonPool-worker-1] INFO  handler.ContextHandler (ContextHandler.java:doStop(910)) - Stopped o.e.j.w.WebAppContext@274cd6a9{/,null,UNAVAILABLE}{/hddsDatanode}
2019-09-20 08:26:28,249 [Thread-804] INFO  server.AbstractConnector (AbstractConnector.java:doStop(318)) - Stopped ServerConnector@24e50145{HTTP/1.1,[http/1.1]}{0.0.0.0:0}
2019-09-20 08:26:28,249 [ForkJoinPool.commonPool-worker-1] INFO  server.AbstractConnector (AbstractConnector.java:doStop(318)) - Stopped ServerConnector@693d7e46{HTTP/1.1,[http/1.1]}{0.0.0.0:0}
2019-09-20 08:26:28,249 [Thread-804] INFO  handler.ContextHandler (ContextHandler.java:doStop(910)) - Stopped o.e.j.s.ServletContextHandler@30598f5e{/static,jar:file:/home/user/.m2/repository/org/apache/hadoop/hadoop-hdds-container-service/0.5.0-SNAPSHOT/hadoop-hdds-container-service-0.5.0-SNAPSHOT.jar!/webapps/static,UNAVAILABLE}
2019-09-20 08:26:28,250 [ForkJoinPool.commonPool-worker-1] INFO  handler.ContextHandler (ContextHandler.java:doStop(910)) - Stopped o.e.j.s.ServletContextHandler@4aa57d4e{/static,jar:file:/home/user/.m2/repository/org/apache/hadoop/hadoop-hdds-container-service/0.5.0-SNAPSHOT/hadoop-hdds-container-service-0.5.0-SNAPSHOT.jar!/webapps/static,UNAVAILABLE}
2019-09-20 08:26:28,251 [Thread-804] INFO  handler.ContextHandler (ContextHandler.java:doStop(910)) - Stopped o.e.j.s.ServletContextHandler@6633a47a{/logs,file:///workdir/hadoop-ozone/ozonefs/target/log,UNAVAILABLE}
2019-09-20 08:26:28,252 [ForkJoinPool.commonPool-worker-1] INFO  handler.ContextHandler (ContextHandler.java:doStop(910)) - Stopped o.e.j.s.ServletContextHandler@70cb106{/logs,file:///workdir/hadoop-ozone/ozonefs/target/log,UNAVAILABLE}
2019-09-20 08:26:28,252 [Thread-804] INFO  datanode.ObjectStoreHandler (ObjectStoreHandler.java:close(155)) - Closing ObjectStoreHandler.
2019-09-20 08:26:28,253 [Thread-804] INFO  ozone.HddsDatanodeService (HddsDatanodeService.java:stop(451)) - Stopped plug-in org.apache.hadoop.ozone.web.OzoneHddsDatanodeService@28ac9173
2019-09-20 08:26:28,633 [Datanode State Machine Thread - 0] INFO  statemachine.DatanodeStateMachine (DatanodeStateMachine.java:lambda$startDaemon$0(350)) - Ozone container server started.
2019-09-20 08:26:33,254 [Thread-804] INFO  ozoneimpl.OzoneContainer (OzoneContainer.java:stop(199)) - Attempting to stop container services.
2019-09-20 08:26:33,255 [Thread-804] INFO  impl.RaftServerProxy (RaftServerProxy.java:lambda$close$4(314)) - aa98e893-95a3-4426-8c3d-7852b9d4d01a: close
2019-09-20 08:26:33,256 [Thread-804] INFO  impl.RaftServerImpl (RaftServerImpl.java:lambda$shutdown$3(245)) - aa98e893-95a3-4426-8c3d-7852b9d4d01a: shutdown group-ACC62D78E5FD
2019-09-20 08:26:33,256 [ForkJoinPool.commonPool-worker-0] INFO  impl.RaftServerImpl (RaftServerImpl.java:lambda$shutdown$3(245)) - aa98e893-95a3-4426-8c3d-7852b9d4d01a: shutdown group-480464CABA80
2019-09-20 08:26:33,256 [Thread-804] INFO  util.JmxRegister (JmxRegister.java:unregister(73)) - Successfully un-registered JMX Bean with object name Ratis:service=RaftServer,group=group-ACC62D78E5FD,id=aa98e893-95a3-4426-8c3d-7852b9d4d01a
2019-09-20 08:26:33,257 [Thread-804] INFO  impl.RoleInfo (RoleInfo.java:shutdownLeaderState(104)) - aa98e893-95a3-4426-8c3d-7852b9d4d01a: shutdown LeaderState
2019-09-20 08:26:33,256 [ForkJoinPool.commonPool-worker-0] INFO  util.JmxRegister (JmxRegister.java:unregister(73)) - Successfully un-registered JMX Bean with object name Ratis:service=RaftServer,group=group-480464CABA80,id=aa98e893-95a3-4426-8c3d-7852b9d4d01a
2019-09-20 08:26:33,257 [Thread-804] INFO  impl.PendingRequests (PendingRequests.java:sendNotLeaderResponses(202)) - aa98e893-95a3-4426-8c3d-7852b9d4d01a-PendingRequests: sendNotLeaderResponses
2019-09-20 08:26:33,257 [ForkJoinPool.commonPool-worker-0] INFO  impl.RoleInfo (RoleInfo.java:shutdownLeaderState(104)) - aa98e893-95a3-4426-8c3d-7852b9d4d01a: shutdown LeaderState
2019-09-20 08:26:33,258 [Thread-804] INFO  impl.StateMachineUpdater (StateMachineUpdater.java:stopAndJoin(115)) - StateMachineUpdater:aa98e893-95a3-4426-8c3d-7852b9d4d01a:group-ACC62D78E5FD: set stopIndex = 0
2019-09-20 08:26:33,258 [ForkJoinPool.commonPool-worker-0] INFO  impl.PendingRequests (PendingRequests.java:sendNotLeaderResponses(202)) - aa98e893-95a3-4426-8c3d-7852b9d4d01a-PendingRequests: sendNotLeaderResponses
2019-09-20 08:26:33,258 [Thread-804] INFO  impl.RaftServerImpl (ServerState.java:close(394)) - aa98e893-95a3-4426-8c3d-7852b9d4d01a:group-ACC62D78E5FD closes. The last applied log index is 0
2019-09-20 08:26:33,259 [ForkJoinPool.commonPool-worker-0] INFO  impl.StateMachineUpdater (StateMachineUpdater.java:stopAndJoin(115)) - StateMachineUpdater:aa98e893-95a3-4426-8c3d-7852b9d4d01a:group-480464CABA80: set stopIndex = 0
2019-09-20 08:26:33,259 [aa98e893-95a3-4426-8c3d-7852b9d4d01a-SegmentedRaftLogWorker:Storage Directory /workdir/hadoop-ozone/ozonefs/target/test-dir/MiniOzoneClusterImpl-4da4ca98-8075-486b-8359-c950a16dd890/datanode-2/data/ratis/6bf6d4e8-3433-4186-9848-acc62d78e5fd] INFO  segmented.SegmentedRaftLogWorker (SegmentedRaftLogWorker.java:run(313)) - aa98e893-95a3-4426-8c3d-7852b9d4d01a-SegmentedRaftLogWorker:Storage Directory /workdir/hadoop-ozone/ozonefs/target/test-dir/MiniOzoneClusterImpl-4da4ca98-8075-486b-8359-c950a16dd890/datanode-2/data/ratis/6bf6d4e8-3433-4186-9848-acc62d78e5fd was interrupted, exiting. There are 0 tasks remaining in the queue.
2019-09-20 08:26:33,259 [ForkJoinPool.commonPool-worker-0] INFO  impl.RaftServerImpl (ServerState.java:close(394)) - aa98e893-95a3-4426-8c3d-7852b9d4d01a:group-480464CABA80 closes. The last applied log index is 0
2019-09-20 08:26:33,259 [Thread-804] INFO  segmented.SegmentedRaftLogWorker (SegmentedRaftLogWorker.java:close(228)) - aa98e893-95a3-4426-8c3d-7852b9d4d01a-SegmentedRaftLogWorker:Storage Directory /workdir/hadoop-ozone/ozonefs/target/test-dir/MiniOzoneClusterImpl-4da4ca98-8075-486b-8359-c950a16dd890/datanode-2/data/ratis/6bf6d4e8-3433-4186-9848-acc62d78e5fd close()
2019-09-20 08:26:33,260 [aa98e893-95a3-4426-8c3d-7852b9d4d01a-SegmentedRaftLogWorker:Storage Directory /workdir/hadoop-ozone/ozonefs/target/test-dir/MiniOzoneClusterImpl-4da4ca98-8075-486b-8359-c950a16dd890/datanode-2/data/ratis/a6dcd5f2-8aab-4a16-bbf6-480464caba80] INFO  segmented.SegmentedRaftLogWorker (SegmentedRaftLogWorker.java:run(313)) - aa98e893-95a3-4426-8c3d-7852b9d4d01a-SegmentedRaftLogWorker:Storage Directory /workdir/hadoop-ozone/ozonefs/target/test-dir/MiniOzoneClusterImpl-4da4ca98-8075-486b-8359-c950a16dd890/datanode-2/data/ratis/a6dcd5f2-8aab-4a16-bbf6-480464caba80 was interrupted, exiting. There are 0 tasks remaining in the queue.
2019-09-20 08:26:33,261 [Thread-804] INFO  impl.RaftServerImpl (RaftServerImpl.java:lambda$shutdown$3(245)) - aa98e893-95a3-4426-8c3d-7852b9d4d01a: shutdown group-245A2066EB8F
2019-09-20 08:26:33,261 [ForkJoinPool.commonPool-worker-0] INFO  segmented.SegmentedRaftLogWorker (SegmentedRaftLogWorker.java:close(228)) - aa98e893-95a3-4426-8c3d-7852b9d4d01a-SegmentedRaftLogWorker:Storage Directory /workdir/hadoop-ozone/ozonefs/target/test-dir/MiniOzoneClusterImpl-4da4ca98-8075-486b-8359-c950a16dd890/datanode-2/data/ratis/a6dcd5f2-8aab-4a16-bbf6-480464caba80 close()
2019-09-20 08:26:33,261 [Thread-804] INFO  util.JmxRegister (JmxRegister.java:unregister(73)) - Successfully un-registered JMX Bean with object name Ratis:service=RaftServer,group=group-245A2066EB8F,id=aa98e893-95a3-4426-8c3d-7852b9d4d01a
2019-09-20 08:26:33,263 [ForkJoinPool.commonPool-worker-0] INFO  impl.RaftServerImpl (RaftServerImpl.java:lambda$shutdown$3(245)) - aa98e893-95a3-4426-8c3d-7852b9d4d01a: shutdown group-357C73EC9F25
2019-09-20 08:26:33,263 [Thread-804] INFO  impl.RoleInfo (RoleInfo.java:shutdownLeaderState(104)) - aa98e893-95a3-4426-8c3d-7852b9d4d01a: shutdown LeaderState
2019-09-20 08:26:33,263 [ForkJoinPool.commonPool-worker-0] INFO  util.JmxRegister (JmxRegister.java:unregister(73)) - Successfully un-registered JMX Bean with object name Ratis:service=RaftServer,group=group-357C73EC9F25,id=aa98e893-95a3-4426-8c3d-7852b9d4d01a
2019-09-20 08:26:33,264 [Thread-804] INFO  impl.PendingRequests (PendingRequests.java:sendNotLeaderResponses(202)) - aa98e893-95a3-4426-8c3d-7852b9d4d01a-PendingRequests: sendNotLeaderResponses
2019-09-20 08:26:33,264 [ForkJoinPool.commonPool-worker-0] INFO  impl.RoleInfo (RoleInfo.java:shutdownLeaderState(104)) - aa98e893-95a3-4426-8c3d-7852b9d4d01a: shutdown LeaderState
2019-09-20 08:26:33,264 [Thread-804] INFO  impl.StateMachineUpdater (StateMachineUpdater.java:stopAndJoin(115)) - StateMachineUpdater:aa98e893-95a3-4426-8c3d-7852b9d4d01a:group-245A2066EB8F: set stopIndex = 0
2019-09-20 08:26:33,264 [ForkJoinPool.commonPool-worker-0] INFO  impl.PendingRequests (PendingRequests.java:sendNotLeaderResponses(202)) - aa98e893-95a3-4426-8c3d-7852b9d4d01a-PendingRequests: sendNotLeaderResponses
2019-09-20 08:26:33,265 [Thread-804] INFO  impl.RaftServerImpl (ServerState.java:close(394)) - aa98e893-95a3-4426-8c3d-7852b9d4d01a:group-245A2066EB8F closes. The last applied log index is 0
2019-09-20 08:26:33,265 [ForkJoinPool.commonPool-worker-0] INFO  impl.StateMachineUpdater (StateMachineUpdater.java:stopAndJoin(115)) - StateMachineUpdater:aa98e893-95a3-4426-8c3d-7852b9d4d01a:group-357C73EC9F25: set stopIndex = 0
2019-09-20 08:26:33,265 [aa98e893-95a3-4426-8c3d-7852b9d4d01a-SegmentedRaftLogWorker:Storage Directory /workdir/hadoop-ozone/ozonefs/target/test-dir/MiniOzoneClusterImpl-4da4ca98-8075-486b-8359-c950a16dd890/datanode-2/data/ratis/e9c8913e-57be-4627-91df-245a2066eb8f] INFO  segmented.SegmentedRaftLogWorker (SegmentedRaftLogWorker.java:run(313)) - aa98e893-95a3-4426-8c3d-7852b9d4d01a-SegmentedRaftLogWorker:Storage Directory /workdir/hadoop-ozone/ozonefs/target/test-dir/MiniOzoneClusterImpl-4da4ca98-8075-486b-8359-c950a16dd890/datanode-2/data/ratis/e9c8913e-57be-4627-91df-245a2066eb8f was interrupted, exiting. There are 0 tasks remaining in the queue.
2019-09-20 08:26:33,265 [ForkJoinPool.commonPool-worker-0] INFO  impl.RaftServerImpl (ServerState.java:close(394)) - aa98e893-95a3-4426-8c3d-7852b9d4d01a:group-357C73EC9F25 closes. The last applied log index is 0
2019-09-20 08:26:33,266 [Thread-804] INFO  segmented.SegmentedRaftLogWorker (SegmentedRaftLogWorker.java:close(228)) - aa98e893-95a3-4426-8c3d-7852b9d4d01a-SegmentedRaftLogWorker:Storage Directory /workdir/hadoop-ozone/ozonefs/target/test-dir/MiniOzoneClusterImpl-4da4ca98-8075-486b-8359-c950a16dd890/datanode-2/data/ratis/e9c8913e-57be-4627-91df-245a2066eb8f close()
2019-09-20 08:26:33,266 [aa98e893-95a3-4426-8c3d-7852b9d4d01a-SegmentedRaftLogWorker:Storage Directory /workdir/hadoop-ozone/ozonefs/target/test-dir/MiniOzoneClusterImpl-4da4ca98-8075-486b-8359-c950a16dd890/datanode-2/data/ratis/4b19e006-7a59-4294-af6b-357c73ec9f25] INFO  segmented.SegmentedRaftLogWorker (SegmentedRaftLogWorker.java:run(313)) - aa98e893-95a3-4426-8c3d-7852b9d4d01a-SegmentedRaftLogWorker:Storage Directory /workdir/hadoop-ozone/ozonefs/target/test-dir/MiniOzoneClusterImpl-4da4ca98-8075-486b-8359-c950a16dd890/datanode-2/data/ratis/4b19e006-7a59-4294-af6b-357c73ec9f25 was interrupted, exiting. There are 0 tasks remaining in the queue.
2019-09-20 08:26:33,267 [ForkJoinPool.commonPool-worker-0] INFO  segmented.SegmentedRaftLogWorker (SegmentedRaftLogWorker.java:close(228)) - aa98e893-95a3-4426-8c3d-7852b9d4d01a-SegmentedRaftLogWorker:Storage Directory /workdir/hadoop-ozone/ozonefs/target/test-dir/MiniOzoneClusterImpl-4da4ca98-8075-486b-8359-c950a16dd890/datanode-2/data/ratis/4b19e006-7a59-4294-af6b-357c73ec9f25 close()
2019-09-20 08:26:33,268 [ForkJoinPool.commonPool-worker-0] INFO  impl.RaftServerImpl (RaftServerImpl.java:lambda$shutdown$3(245)) - aa98e893-95a3-4426-8c3d-7852b9d4d01a: shutdown group-ADB2A305A5CD
2019-09-20 08:26:33,268 [ForkJoinPool.commonPool-worker-0] INFO  util.JmxRegister (JmxRegister.java:unregister(73)) - Successfully un-registered JMX Bean with object name Ratis:service=RaftServer,group=group-ADB2A305A5CD,id=aa98e893-95a3-4426-8c3d-7852b9d4d01a
2019-09-20 08:26:33,269 [ForkJoinPool.commonPool-worker-0] INFO  impl.RoleInfo (RoleInfo.java:shutdownLeaderState(104)) - aa98e893-95a3-4426-8c3d-7852b9d4d01a: shutdown LeaderState
2019-09-20 08:26:33,269 [ForkJoinPool.commonPool-worker-0] INFO  impl.PendingRequests (PendingRequests.java:sendNotLeaderResponses(202)) - aa98e893-95a3-4426-8c3d-7852b9d4d01a-PendingRequests: sendNotLeaderResponses
2019-09-20 08:26:33,269 [ForkJoinPool.commonPool-worker-0] INFO  impl.StateMachineUpdater (StateMachineUpdater.java:stopAndJoin(115)) - StateMachineUpdater:aa98e893-95a3-4426-8c3d-7852b9d4d01a:group-ADB2A305A5CD: set stopIndex = 0
2019-09-20 08:26:33,269 [ForkJoinPool.commonPool-worker-0] INFO  impl.RaftServerImpl (ServerState.java:close(394)) - aa98e893-95a3-4426-8c3d-7852b9d4d01a:group-ADB2A305A5CD closes. The last applied log index is 0
2019-09-20 08:26:33,269 [aa98e893-95a3-4426-8c3d-7852b9d4d01a-SegmentedRaftLogWorker:Storage Directory /workdir/hadoop-ozone/ozonefs/target/test-dir/MiniOzoneClusterImpl-4da4ca98-8075-486b-8359-c950a16dd890/datanode-2/data/ratis/4b51557a-9292-4b91-968c-adb2a305a5cd] INFO  segmented.SegmentedRaftLogWorker (SegmentedRaftLogWorker.java:run(313)) - aa98e893-95a3-4426-8c3d-7852b9d4d01a-SegmentedRaftLogWorker:Storage Directory /workdir/hadoop-ozone/ozonefs/target/test-dir/MiniOzoneClusterImpl-4da4ca98-8075-486b-8359-c950a16dd890/datanode-2/data/ratis/4b51557a-9292-4b91-968c-adb2a305a5cd was interrupted, exiting. There are 0 tasks remaining in the queue.
2019-09-20 08:26:33,270 [ForkJoinPool.commonPool-worker-0] INFO  segmented.SegmentedRaftLogWorker (SegmentedRaftLogWorker.java:close(228)) - aa98e893-95a3-4426-8c3d-7852b9d4d01a-SegmentedRaftLogWorker:Storage Directory /workdir/hadoop-ozone/ozonefs/target/test-dir/MiniOzoneClusterImpl-4da4ca98-8075-486b-8359-c950a16dd890/datanode-2/data/ratis/4b51557a-9292-4b91-968c-adb2a305a5cd close()
2019-09-20 08:26:33,271 [ForkJoinPool.commonPool-worker-0] INFO  impl.RaftServerImpl (RaftServerImpl.java:lambda$shutdown$3(245)) - aa98e893-95a3-4426-8c3d-7852b9d4d01a: shutdown group-72A85B5D7097
2019-09-20 08:26:33,271 [ForkJoinPool.commonPool-worker-0] INFO  util.JmxRegister (JmxRegister.java:unregister(73)) - Successfully un-registered JMX Bean with object name Ratis:service=RaftServer,group=group-72A85B5D7097,id=aa98e893-95a3-4426-8c3d-7852b9d4d01a
2019-09-20 08:26:33,271 [ForkJoinPool.commonPool-worker-0] INFO  impl.RoleInfo (RoleInfo.java:shutdownLeaderState(104)) - aa98e893-95a3-4426-8c3d-7852b9d4d01a: shutdown LeaderState
2019-09-20 08:26:33,271 [ForkJoinPool.commonPool-worker-0] INFO  impl.PendingRequests (PendingRequests.java:sendNotLeaderResponses(202)) - aa98e893-95a3-4426-8c3d-7852b9d4d01a-PendingRequests: sendNotLeaderResponses
2019-09-20 08:26:33,272 [ForkJoinPool.commonPool-worker-0] INFO  impl.StateMachineUpdater (StateMachineUpdater.java:stopAndJoin(115)) - StateMachineUpdater:aa98e893-95a3-4426-8c3d-7852b9d4d01a:group-72A85B5D7097: set stopIndex = 0
2019-09-20 08:26:33,272 [ForkJoinPool.commonPool-worker-0] INFO  impl.RaftServerImpl (ServerState.java:close(394)) - aa98e893-95a3-4426-8c3d-7852b9d4d01a:group-72A85B5D7097 closes. The last applied log index is 0
2019-09-20 08:26:33,272 [aa98e893-95a3-4426-8c3d-7852b9d4d01a-SegmentedRaftLogWorker:Storage Directory /workdir/hadoop-ozone/ozonefs/target/test-dir/MiniOzoneClusterImpl-4da4ca98-8075-486b-8359-c950a16dd890/datanode-2/data/ratis/ed53ee11-8ccc-44f8-b0bb-72a85b5d7097] INFO  segmented.SegmentedRaftLogWorker (SegmentedRaftLogWorker.java:run(313)) - aa98e893-95a3-4426-8c3d-7852b9d4d01a-SegmentedRaftLogWorker:Storage Directory /workdir/hadoop-ozone/ozonefs/target/test-dir/MiniOzoneClusterImpl-4da4ca98-8075-486b-8359-c950a16dd890/datanode-2/data/ratis/ed53ee11-8ccc-44f8-b0bb-72a85b5d7097 was interrupted, exiting. There are 0 tasks remaining in the queue.
2019-09-20 08:26:33,272 [ForkJoinPool.commonPool-worker-0] INFO  segmented.SegmentedRaftLogWorker (SegmentedRaftLogWorker.java:close(228)) - aa98e893-95a3-4426-8c3d-7852b9d4d01a-SegmentedRaftLogWorker:Storage Directory /workdir/hadoop-ozone/ozonefs/target/test-dir/MiniOzoneClusterImpl-4da4ca98-8075-486b-8359-c950a16dd890/datanode-2/data/ratis/ed53ee11-8ccc-44f8-b0bb-72a85b5d7097 close()
2019-09-20 08:26:33,273 [Thread-804] INFO  server.GrpcService (GrpcService.java:closeImpl(155)) - aa98e893-95a3-4426-8c3d-7852b9d4d01a: shutdown server with port 44381 now
2019-09-20 08:26:33,275 [Thread-804] INFO  server.GrpcService (GrpcService.java:closeImpl(163)) - aa98e893-95a3-4426-8c3d-7852b9d4d01a: shutdown server with port 44381 successfully
2019-09-20 08:26:33,276 [Thread-804] INFO  utils.BackgroundService (BackgroundService.java:shutdown(148)) - Shutting down service BlockDeletingService
2019-09-20 08:26:33,277 [refreshUsed-/workdir/hadoop-ozone/ozonefs/target/test-dir/MiniOzoneClusterImpl-4da4ca98-8075-486b-8359-c950a16dd890/datanode-2/data/containers] WARN  fs.CachingGetSpaceUsed (CachingGetSpaceUsed.java:run(183)) - Thread Interrupted waiting to refresh disk information: sleep interrupted
2019-09-20 08:26:33,306 [Thread-804] INFO  statemachine.DatanodeStateMachine (DatanodeStateMachine.java:stopDaemon(395)) - Ozone container server stopped.
2019-09-20 08:26:33,307 [Thread-804] INFO  handler.ContextHandler (ContextHandler.java:doStop(910)) - Stopped o.e.j.w.WebAppContext@78988968{/,null,UNAVAILABLE}{/hddsDatanode}
2019-09-20 08:26:33,308 [Thread-804] INFO  server.AbstractConnector (AbstractConnector.java:doStop(318)) - Stopped ServerConnector@54ab53ba{HTTP/1.1,[http/1.1]}{0.0.0.0:0}
2019-09-20 08:26:33,308 [Thread-804] INFO  handler.ContextHandler (ContextHandler.java:doStop(910)) - Stopped o.e.j.s.ServletContextHandler@1518fcb2{/static,jar:file:/home/user/.m2/repository/org/apache/hadoop/hadoop-hdds-container-service/0.5.0-SNAPSHOT/hadoop-hdds-container-service-0.5.0-SNAPSHOT.jar!/webapps/static,UNAVAILABLE}
2019-09-20 08:26:33,309 [Thread-804] INFO  handler.ContextHandler (ContextHandler.java:doStop(910)) - Stopped o.e.j.s.ServletContextHandler@2fbce921{/logs,file:///workdir/hadoop-ozone/ozonefs/target/log,UNAVAILABLE}
2019-09-20 08:26:33,310 [Thread-804] INFO  ozone.MiniOzoneClusterImpl (MiniOzoneClusterImpl.java:stop(353)) - Stopping the StorageContainerManager
2019-09-20 08:26:33,310 [Thread-804] INFO  server.StorageContainerManager (StorageContainerManager.java:stop(797)) - Stopping Replication Manager Service.
2019-09-20 08:26:33,310 [Thread-804] INFO  container.ReplicationManager (ReplicationManager.java:stop(192)) - Stopping Replication Monitor Thread.
2019-09-20 08:26:33,310 [Thread-804] INFO  server.StorageContainerManager (StorageContainerManager.java:stop(804)) - Stopping Lease Manager of the command watchers
2019-09-20 08:26:33,310 [Thread-804] INFO  server.StorageContainerManager (StorageContainerManager.java:stop(811)) - Stopping datanode service RPC server
2019-09-20 08:26:33,310 [Thread-804] INFO  server.SCMDatanodeProtocolServer (SCMDatanodeProtocolServer.java:stop(367)) - Stopping the RPC server for DataNodes
2019-09-20 08:26:33,311 [Thread-804] INFO  ipc.Server (Server.java:stop(3082)) - Stopping server on 36024
2019-09-20 08:26:33,312 [IPC Server listener on 36024] INFO  ipc.Server (Server.java:run(1185)) - Stopping IPC Server listener on 36024
2019-09-20 08:26:33,314 [IPC Server Responder] INFO  ipc.Server (Server.java:run(1319)) - Stopping IPC Server Responder
2019-09-20 08:26:33,332 [SCM Heartbeat Processing Thread - 0] WARN  node.NodeStateManager (NodeStateManager.java:scheduleNextHealthCheck(655)) - Current Thread is interrupted, shutting down HB processing thread for Node Manager.
2019-09-20 08:26:33,333 [Thread-804] INFO  server.StorageContainerManager (StorageContainerManager.java:stop(819)) - Stopping block service RPC server
2019-09-20 08:26:33,333 [Thread-804] INFO  server.SCMBlockProtocolServer (SCMBlockProtocolServer.java:stop(148)) - Stopping the RPC server for Block Protocol
2019-09-20 08:26:33,333 [Thread-804] INFO  ipc.Server (Server.java:stop(3082)) - Stopping server on 43823
2019-09-20 08:26:33,334 [Thread-804] INFO  server.StorageContainerManager (StorageContainerManager.java:stop(826)) - Stopping the StorageContainerLocationProtocol RPC server
2019-09-20 08:26:33,335 [Thread-804] INFO  server.SCMClientProtocolServer (SCMClientProtocolServer.java:stop(159)) - Stopping the RPC server for Client Protocol
2019-09-20 08:26:33,335 [IPC Server listener on 43823] INFO  ipc.Server (Server.java:run(1185)) - Stopping IPC Server listener on 43823
2019-09-20 08:26:33,335 [Thread-804] INFO  ipc.Server (Server.java:stop(3082)) - Stopping server on 33754
2019-09-20 08:26:33,335 [IPC Server Responder] INFO  ipc.Server (Server.java:run(1319)) - Stopping IPC Server Responder
2019-09-20 08:26:33,338 [IPC Server listener on 33754] INFO  ipc.Server (Server.java:run(1185)) - Stopping IPC Server listener on 33754
2019-09-20 08:26:33,338 [IPC Server Responder] INFO  ipc.Server (Server.java:run(1319)) - Stopping IPC Server Responder
2019-09-20 08:26:33,338 [Thread-804] INFO  server.StorageContainerManager (StorageContainerManager.java:stop(833)) - Stopping Storage Container Manager HTTP server.
2019-09-20 08:26:33,340 [Thread-804] INFO  handler.ContextHandler (ContextHandler.java:doStop(910)) - Stopped o.e.j.w.WebAppContext@4e074c4f{/,null,UNAVAILABLE}{/scm}
2019-09-20 08:26:33,341 [Thread-804] INFO  server.AbstractConnector (AbstractConnector.java:doStop(318)) - Stopped ServerConnector@33f280a9{HTTP/1.1,[http/1.1]}{0.0.0.0:0}
2019-09-20 08:26:33,341 [Thread-804] INFO  handler.ContextHandler (ContextHandler.java:doStop(910)) - Stopped o.e.j.s.ServletContextHandler@21f720d5{/static,jar:file:/home/user/.m2/repository/org/apache/hadoop/hadoop-hdds-server-scm/0.5.0-SNAPSHOT/hadoop-hdds-server-scm-0.5.0-SNAPSHOT.jar!/webapps/static,UNAVAILABLE}
2019-09-20 08:26:33,342 [Thread-804] INFO  handler.ContextHandler (ContextHandler.java:doStop(910)) - Stopped o.e.j.s.ServletContextHandler@aafce4e{/logs,file:///workdir/hadoop-ozone/ozonefs/target/log,UNAVAILABLE}
2019-09-20 08:26:33,343 [Thread-804] INFO  server.StorageContainerManager (StorageContainerManager.java:stop(844)) - Stopping Block Manager Service.
2019-09-20 08:26:33,343 [Thread-804] INFO  utils.BackgroundService (BackgroundService.java:shutdown(148)) - Shutting down service SCMBlockDeletingService
2019-09-20 08:26:33,343 [Thread-804] INFO  utils.BackgroundService (BackgroundService.java:shutdown(148)) - Shutting down service SCMBlockDeletingService
2019-09-20 08:26:33,344 [Thread-804] INFO  server.StorageContainerManager (StorageContainerManager.java:stop(866)) - Stopping SCM Event Queue.
2019-09-20 08:26:33,347 [Thread-804] INFO  impl.MetricsSystemImpl (MetricsSystemImpl.java:stop(210)) - Stopping HddsDatanode metrics system...
2019-09-20 08:26:33,356 [Thread-804] INFO  impl.MetricsSystemImpl (MetricsSystemImpl.java:stop(216)) - HddsDatanode metrics system stopped.
]]></system-out>
    <system-err><![CDATA[Sep 20, 2019 8:26:17 AM com.sun.jersey.server.impl.application.WebApplicationImpl _initiate
INFO: Initiating Jersey application, version 'Jersey: 1.19 02/11/2015 03:25 AM'
Sep 20, 2019 8:26:17 AM com.sun.jersey.server.impl.application.WebApplicationImpl _initiate
INFO: Initiating Jersey application, version 'Jersey: 1.19 02/11/2015 03:25 AM'
Sep 20, 2019 8:26:17 AM com.sun.jersey.server.impl.application.WebApplicationImpl _initiate
INFO: Initiating Jersey application, version 'Jersey: 1.19 02/11/2015 03:25 AM'
Sep 20, 2019 8:26:22 AM com.sun.jersey.server.impl.application.WebApplicationImpl _initiate
INFO: Initiating Jersey application, version 'Jersey: 1.19 02/11/2015 03:25 AM'
]]></system-err>
  </testcase>
  <testcase name="testCreateDoesNotAddParentDirKeys" classname="org.apache.hadoop.fs.ozone.TestOzoneFileSystem" time="17.31">
    <error message="Allocated 0 blocks. Requested 1 blocks" type="INTERNAL_ERROR org.apache.hadoop.ozone.om.exceptions.OMException">INTERNAL_ERROR org.apache.hadoop.ozone.om.exceptions.OMException: Allocated 0 blocks. Requested 1 blocks
	at org.apache.hadoop.ozone.om.protocolPB.OzoneManagerProtocolClientSideTranslatorPB.handleError(OzoneManagerProtocolClientSideTranslatorPB.java:725)
	at org.apache.hadoop.ozone.om.protocolPB.OzoneManagerProtocolClientSideTranslatorPB.createFile(OzoneManagerProtocolClientSideTranslatorPB.java:1474)
	at org.apache.hadoop.ozone.client.rpc.RpcClient.createFile(RpcClient.java:984)
	at org.apache.hadoop.ozone.client.OzoneBucket.createFile(OzoneBucket.java:535)
	at org.apache.hadoop.fs.ozone.BasicOzoneClientAdapterImpl.createFile(BasicOzoneClientAdapterImpl.java:181)
	at org.apache.hadoop.fs.ozone.BasicOzoneFileSystem.createOutputStream(BasicOzoneFileSystem.java:249)
	at org.apache.hadoop.fs.ozone.BasicOzoneFileSystem.create(BasicOzoneFileSystem.java:230)
	at org.apache.hadoop.fs.FileSystem.create(FileSystem.java:1118)
	at org.apache.hadoop.fs.FileSystem.create(FileSystem.java:1098)
	at org.apache.hadoop.fs.FileSystem.create(FileSystem.java:987)
	at org.apache.hadoop.fs.contract.ContractTestUtils.createFile(ContractTestUtils.java:633)
	at org.apache.hadoop.fs.contract.ContractTestUtils.touch(ContractTestUtils.java:669)
	at org.apache.hadoop.fs.ozone.TestOzoneFileSystem.testCreateDoesNotAddParentDirKeys(TestOzoneFileSystem.java:130)
	at sun.reflect.NativeMethodAccessorImpl.invoke0(Native Method)
	at sun.reflect.NativeMethodAccessorImpl.invoke(NativeMethodAccessorImpl.java:62)
	at sun.reflect.DelegatingMethodAccessorImpl.invoke(DelegatingMethodAccessorImpl.java:43)
	at java.lang.reflect.Method.invoke(Method.java:498)
	at org.junit.runners.model.FrameworkMethod$1.runReflectiveCall(FrameworkMethod.java:47)
	at org.junit.internal.runners.model.ReflectiveCallable.run(ReflectiveCallable.java:12)
	at org.junit.runners.model.FrameworkMethod.invokeExplosively(FrameworkMethod.java:44)
	at org.junit.internal.runners.statements.InvokeMethod.evaluate(InvokeMethod.java:17)
	at org.junit.internal.runners.statements.RunBefores.evaluate(RunBefores.java:26)
	at org.junit.internal.runners.statements.RunAfters.evaluate(RunAfters.java:27)
	at org.junit.internal.runners.statements.FailOnTimeout$StatementThread.run(FailOnTimeout.java:74)
</error>
    <system-out><![CDATA[2019-09-20 08:26:33,410 [Thread-1070] WARN  server.ServerUtils (ServerUtils.java:getScmDbDir(145)) - ozone.scm.db.dirs is not configured. We recommend adding this setting. Falling back to ozone.metadata.dirs instead.
2019-09-20 08:26:33,436 [Thread-1070] WARN  server.ServerUtils (ServerUtils.java:getScmDbDir(145)) - ozone.scm.db.dirs is not configured. We recommend adding this setting. Falling back to ozone.metadata.dirs instead.
2019-09-20 08:26:33,437 [Thread-1070] WARN  server.ServerUtils (ServerUtils.java:getScmDbDir(145)) - ozone.scm.db.dirs is not configured. We recommend adding this setting. Falling back to ozone.metadata.dirs instead.
2019-09-20 08:26:33,437 [Thread-1070] INFO  db.DBStoreBuilder (DBStoreBuilder.java:addTable(110)) - using custom profile for table: deletedBlocks
2019-09-20 08:26:33,438 [Thread-1070] INFO  db.DBStoreBuilder (DBStoreBuilder.java:processTables(161)) - Using default column profile:DBProfile.DISK for Table:deletedBlocks
2019-09-20 08:26:33,438 [Thread-1070] INFO  db.DBStoreBuilder (DBStoreBuilder.java:addTable(110)) - using custom profile for table: validCerts
2019-09-20 08:26:33,438 [Thread-1070] INFO  db.DBStoreBuilder (DBStoreBuilder.java:processTables(161)) - Using default column profile:DBProfile.DISK for Table:validCerts
2019-09-20 08:26:33,438 [Thread-1070] INFO  db.DBStoreBuilder (DBStoreBuilder.java:addTable(110)) - using custom profile for table: revokedCerts
2019-09-20 08:26:33,438 [Thread-1070] INFO  db.DBStoreBuilder (DBStoreBuilder.java:processTables(161)) - Using default column profile:DBProfile.DISK for Table:revokedCerts
2019-09-20 08:26:33,439 [Thread-1070] INFO  db.DBStoreBuilder (DBStoreBuilder.java:addTable(110)) - using custom profile for table: default
2019-09-20 08:26:33,439 [Thread-1070] INFO  db.DBStoreBuilder (DBStoreBuilder.java:processTables(167)) - Using default column profile:DBProfile.DISK for Table:default
2019-09-20 08:26:33,439 [Thread-1070] INFO  db.DBStoreBuilder (DBStoreBuilder.java:getDbProfile(198)) - Using default options. DBProfile.DISK
2019-09-20 08:26:33,608 [Thread-1070] INFO  net.NodeSchemaLoader (NodeSchemaLoader.java:loadSchemaFromFile(125)) - Loading file from sun.misc.CompoundEnumeration@71a66a3d
2019-09-20 08:26:33,608 [Thread-1070] INFO  net.NodeSchemaLoader (NodeSchemaLoader.java:loadSchema(171)) - Loading network topology layer schema file
2019-09-20 08:26:33,614 [Thread-1070] WARN  server.ServerUtils (ServerUtils.java:sanitizeUserArgs(70)) - ozone.scm.stale.node.interval value = 300000 is larger than max = 100000 based on the key value of ozone.scm.heartbeat.thread.interval, reset to the max value 100000.
2019-09-20 08:26:33,614 [Thread-1070] WARN  server.ServerUtils (ServerUtils.java:sanitizeUserArgs(70)) - ozone.scm.stale.node.interval value = 300000 is larger than max = 100000 based on the key value of ozone.scm.heartbeat.thread.interval, reset to the max value 100000.
2019-09-20 08:26:33,615 [Thread-1070] INFO  node.SCMNodeManager (SCMNodeManager.java:<init>(121)) - Entering startup safe mode.
2019-09-20 08:26:33,616 [Thread-1070] INFO  algorithms.ContainerPlacementPolicyFactory (ContainerPlacementPolicyFactory.java:getPolicy(56)) - Create container placement policy of type org.apache.hadoop.hdds.scm.container.placement.algorithms.SCMContainerPlacementRandom
2019-09-20 08:26:33,616 [Thread-1070] WARN  server.ServerUtils (ServerUtils.java:getScmDbDir(145)) - ozone.scm.db.dirs is not configured. We recommend adding this setting. Falling back to ozone.metadata.dirs instead.
2019-09-20 08:26:33,666 [Thread-1070] INFO  pipeline.SCMPipelineManager (SCMPipelineManager.java:initializePipelineState(126)) - No pipeline exists in current db
2019-09-20 08:26:33,666 [Thread-1070] WARN  server.ServerUtils (ServerUtils.java:getScmDbDir(145)) - ozone.scm.db.dirs is not configured. We recommend adding this setting. Falling back to ozone.metadata.dirs instead.
2019-09-20 08:26:33,775 [Thread-1070] WARN  events.EventQueue (EventQueue.java:fireEvent(175)) - No event handler registered for event TypedEvent{payloadType=SafeModeStatus, name='SafeModeStatus'}
2019-09-20 08:26:33,777 [Thread-1070] INFO  ipc.CallQueueManager (CallQueueManager.java:<init>(84)) - Using callQueue: class java.util.concurrent.LinkedBlockingQueue, queueCapacity: 2000, scheduler: class org.apache.hadoop.ipc.DefaultRpcScheduler, ipcBackoff: false.
2019-09-20 08:26:33,778 [Socket Reader #1 for port 45694] INFO  ipc.Server (Server.java:run(1074)) - Starting Socket Reader #1 for port 45694
2019-09-20 08:26:33,780 [Thread-1070] INFO  ipc.CallQueueManager (CallQueueManager.java:<init>(84)) - Using callQueue: class java.util.concurrent.LinkedBlockingQueue, queueCapacity: 2000, scheduler: class org.apache.hadoop.ipc.DefaultRpcScheduler, ipcBackoff: false.
2019-09-20 08:26:33,781 [Socket Reader #1 for port 37174] INFO  ipc.Server (Server.java:run(1074)) - Starting Socket Reader #1 for port 37174
2019-09-20 08:26:33,782 [Thread-1070] INFO  ipc.CallQueueManager (CallQueueManager.java:<init>(84)) - Using callQueue: class java.util.concurrent.LinkedBlockingQueue, queueCapacity: 2000, scheduler: class org.apache.hadoop.ipc.DefaultRpcScheduler, ipcBackoff: false.
2019-09-20 08:26:33,783 [Socket Reader #1 for port 37074] INFO  ipc.Server (Server.java:run(1074)) - Starting Socket Reader #1 for port 37074
2019-09-20 08:26:33,785 [Thread-1070] INFO  hdfs.DFSUtil (DFSUtil.java:httpServerTemplateForNNAndJN(1641)) - Starting Web-server for scm at: http://0.0.0.0:0
2019-09-20 08:26:33,790 [Thread-1070] INFO  server.AuthenticationFilter (AuthenticationFilter.java:constructSecretProvider(240)) - Unable to initialize FileSignerSecretProvider, falling back to use random secrets.
2019-09-20 08:26:33,791 [Thread-1070] WARN  http.HttpRequestLog (HttpRequestLog.java:getRequestLog(97)) - Jetty request log can only be enabled using Log4j
2019-09-20 08:26:33,794 [Thread-1070] INFO  http.HttpServer2 (HttpServer2.java:addGlobalFilter(975)) - Added global filter 'safety' (class=org.apache.hadoop.http.HttpServer2$QuotingInputFilter)
2019-09-20 08:26:33,795 [Thread-1070] INFO  http.HttpServer2 (HttpServer2.java:addFilter(948)) - Added filter static_user_filter (class=org.apache.hadoop.http.lib.StaticUserWebFilter$StaticUserFilter) to context scm
2019-09-20 08:26:33,795 [Thread-1070] INFO  http.HttpServer2 (HttpServer2.java:addFilter(958)) - Added filter static_user_filter (class=org.apache.hadoop.http.lib.StaticUserWebFilter$StaticUserFilter) to context logs
2019-09-20 08:26:33,795 [Thread-1070] INFO  http.HttpServer2 (HttpServer2.java:addFilter(958)) - Added filter static_user_filter (class=org.apache.hadoop.http.lib.StaticUserWebFilter$StaticUserFilter) to context static
2019-09-20 08:26:33,798 [Thread-1070] INFO  server.StorageContainerManager (StorageContainerManager.java:start(759)) - StorageContainerLocationProtocol RPC server is listening at /0.0.0.0:37074
2019-09-20 08:26:33,801 [Thread-1070] WARN  impl.MetricsConfig (MetricsConfig.java:loadFirst(134)) - Cannot locate configuration: tried hadoop-metrics2-storagecontainermanager.properties,hadoop-metrics2.properties
2019-09-20 08:26:33,802 [Thread-1070] INFO  impl.MetricsSystemImpl (MetricsSystemImpl.java:startTimer(374)) - Scheduled Metric snapshot period at 10 second(s).
2019-09-20 08:26:33,802 [Thread-1070] INFO  impl.MetricsSystemImpl (MetricsSystemImpl.java:start(191)) - StorageContainerManager metrics system started
2019-09-20 08:26:33,861 [Thread-1070] INFO  server.SCMClientProtocolServer (SCMClientProtocolServer.java:start(151)) - RPC server for Client  is listening at /0.0.0.0:37074
2019-09-20 08:26:33,862 [IPC Server Responder] INFO  ipc.Server (Server.java:run(1314)) - IPC Server Responder: starting
2019-09-20 08:26:33,862 [IPC Server listener on 37074] INFO  ipc.Server (Server.java:run(1153)) - IPC Server listener on 37074: starting
2019-09-20 08:26:33,866 [Thread-1070] INFO  server.StorageContainerManager (StorageContainerManager.java:start(769)) - ScmBlockLocationProtocol RPC server is listening at /0.0.0.0:37174
2019-09-20 08:26:33,866 [Thread-1070] INFO  server.SCMBlockProtocolServer (SCMBlockProtocolServer.java:start(140)) - RPC server for Block Protocol is listening at /0.0.0.0:37174
2019-09-20 08:26:33,866 [IPC Server Responder] INFO  ipc.Server (Server.java:run(1314)) - IPC Server Responder: starting
2019-09-20 08:26:33,867 [IPC Server listener on 37174] INFO  ipc.Server (Server.java:run(1153)) - IPC Server listener on 37174: starting
2019-09-20 08:26:33,871 [Thread-1070] INFO  server.StorageContainerManager (StorageContainerManager.java:start(773)) - ScmDatanodeProtocl RPC server is listening at /0.0.0.0:45694
2019-09-20 08:26:33,871 [Thread-1070] INFO  server.SCMDatanodeProtocolServer (SCMDatanodeProtocolServer.java:start(191)) - RPC server for DataNodes is listening at /0.0.0.0:45694
2019-09-20 08:26:33,871 [IPC Server Responder] INFO  ipc.Server (Server.java:run(1314)) - IPC Server Responder: starting
2019-09-20 08:26:33,871 [IPC Server listener on 45694] INFO  ipc.Server (Server.java:run(1153)) - IPC Server listener on 45694: starting
2019-09-20 08:26:33,875 [Thread-1070] INFO  http.HttpServer2 (HttpServer2.java:bindListener(1191)) - Jetty bound to port 46334
2019-09-20 08:26:33,875 [Thread-1070] INFO  server.Server (Server.java:doStart(351)) - jetty-9.3.24.v20180605, build timestamp: 2018-06-05T17:11:56Z, git hash: 84205aa28f11a4f31f2a3b86d1bba2cc8ab69827
2019-09-20 08:26:33,877 [Thread-1070] INFO  handler.ContextHandler (ContextHandler.java:doStart(781)) - Started o.e.j.s.ServletContextHandler@194dc048{/logs,file:///workdir/hadoop-ozone/ozonefs/target/log,AVAILABLE}
2019-09-20 08:26:33,877 [Thread-1070] INFO  handler.ContextHandler (ContextHandler.java:doStart(781)) - Started o.e.j.s.ServletContextHandler@3a1a3a97{/static,jar:file:/home/user/.m2/repository/org/apache/hadoop/hadoop-hdds-server-scm/0.5.0-SNAPSHOT/hadoop-hdds-server-scm-0.5.0-SNAPSHOT.jar!/webapps/static,AVAILABLE}
2019-09-20 08:26:33,921 [Thread-1070] INFO  handler.ContextHandler (ContextHandler.java:doStart(781)) - Started o.e.j.w.WebAppContext@508d9e8c{/,file:///tmp/jetty-0.0.0.0-46334-scm-_-any-1192096332784828891.dir/webapp/,AVAILABLE}{/scm}
2019-09-20 08:26:33,922 [Thread-1070] INFO  server.AbstractConnector (AbstractConnector.java:doStart(278)) - Started ServerConnector@303bdfc2{HTTP/1.1,[http/1.1]}{0.0.0.0:46334}
2019-09-20 08:26:33,924 [Thread-1070] INFO  server.Server (Server.java:doStart(419)) - Started @77989ms
2019-09-20 08:26:33,925 [Thread-1070] INFO  server.BaseHttpServer (BaseHttpServer.java:updateConnectorAddress(213)) - HTTP server of SCM is listening at http://0.0.0.0:46334
2019-09-20 08:26:33,927 [Thread-1070] WARN  server.ServerUtils (ServerUtils.java:getDBPath(222)) - ozone.om.db.dirs is not configured. We recommend adding this setting. Falling back to ozone.metadata.dirs instead.
2019-09-20 08:26:33,927 [org.apache.hadoop.util.JvmPauseMonitor$Monitor@30bc687d] INFO  util.JvmPauseMonitor (JvmPauseMonitor.java:run(188)) - Starting JVM pause monitor
2019-09-20 08:26:33,952 [Thread-1070] WARN  server.ServerUtils (ServerUtils.java:getDBPath(222)) - ozone.om.db.dirs is not configured. We recommend adding this setting. Falling back to ozone.metadata.dirs instead.
2019-09-20 08:26:33,952 [Thread-1070] WARN  server.ServerUtils (ServerUtils.java:getDBPath(222)) - ozone.om.db.dirs is not configured. We recommend adding this setting. Falling back to ozone.metadata.dirs instead.
2019-09-20 08:26:33,953 [Thread-1070] INFO  om.OzoneManager (OzoneManager.java:setOMNodeDetails(645)) - OM Service ID is not set. Setting it to the default ID: omServiceIdDefault
2019-09-20 08:26:33,953 [Thread-1070] INFO  om.OzoneManager (OzoneManager.java:setOMNodeDetails(651)) - OM Node ID is not set. Setting it to the OmStorage's OmID: f3d89bcf-3079-45b6-870d-4a9d629bde37
2019-09-20 08:26:33,953 [Thread-1070] INFO  om.OzoneManager (OzoneManager.java:loadOMHAConfigs(602)) - Found matching OM address with OMServiceId: null, OMNodeId: null, RPC Address: localhost:0 and Ratis port: 9872
2019-09-20 08:26:33,958 | INFO  | SCMAudit | user=jenkins1000 | ip=192.168.34.27 | op=GET_SCM_INFO null | ret=SUCCESS |  
2019-09-20 08:26:33,960 [Thread-1070] WARN  server.ServerUtils (ServerUtils.java:getDBPath(222)) - ozone.om.db.dirs is not configured. We recommend adding this setting. Falling back to ozone.metadata.dirs instead.
2019-09-20 08:26:33,960 [Thread-1070] INFO  db.DBStoreBuilder (DBStoreBuilder.java:addTable(110)) - using custom profile for table: userTable
2019-09-20 08:26:33,960 [Thread-1070] INFO  db.DBStoreBuilder (DBStoreBuilder.java:processTables(161)) - Using default column profile:DBProfile.DISK for Table:userTable
2019-09-20 08:26:33,960 [Thread-1070] INFO  db.DBStoreBuilder (DBStoreBuilder.java:addTable(110)) - using custom profile for table: volumeTable
2019-09-20 08:26:33,961 [Thread-1070] INFO  db.DBStoreBuilder (DBStoreBuilder.java:processTables(161)) - Using default column profile:DBProfile.DISK for Table:volumeTable
2019-09-20 08:26:33,961 [Thread-1070] INFO  db.DBStoreBuilder (DBStoreBuilder.java:addTable(110)) - using custom profile for table: bucketTable
2019-09-20 08:26:33,961 [Thread-1070] INFO  db.DBStoreBuilder (DBStoreBuilder.java:processTables(161)) - Using default column profile:DBProfile.DISK for Table:bucketTable
2019-09-20 08:26:33,961 [Thread-1070] INFO  db.DBStoreBuilder (DBStoreBuilder.java:addTable(110)) - using custom profile for table: keyTable
2019-09-20 08:26:33,961 [Thread-1070] INFO  db.DBStoreBuilder (DBStoreBuilder.java:processTables(161)) - Using default column profile:DBProfile.DISK for Table:keyTable
2019-09-20 08:26:33,962 [Thread-1070] INFO  db.DBStoreBuilder (DBStoreBuilder.java:addTable(110)) - using custom profile for table: deletedTable
2019-09-20 08:26:33,962 [Thread-1070] INFO  db.DBStoreBuilder (DBStoreBuilder.java:processTables(161)) - Using default column profile:DBProfile.DISK for Table:deletedTable
2019-09-20 08:26:33,962 [Thread-1070] INFO  db.DBStoreBuilder (DBStoreBuilder.java:addTable(110)) - using custom profile for table: openKeyTable
2019-09-20 08:26:33,962 [Thread-1070] INFO  db.DBStoreBuilder (DBStoreBuilder.java:processTables(161)) - Using default column profile:DBProfile.DISK for Table:openKeyTable
2019-09-20 08:26:33,962 [Thread-1070] INFO  db.DBStoreBuilder (DBStoreBuilder.java:addTable(110)) - using custom profile for table: s3Table
2019-09-20 08:26:33,962 [Thread-1070] INFO  db.DBStoreBuilder (DBStoreBuilder.java:processTables(161)) - Using default column profile:DBProfile.DISK for Table:s3Table
2019-09-20 08:26:33,963 [Thread-1070] INFO  db.DBStoreBuilder (DBStoreBuilder.java:addTable(110)) - using custom profile for table: multipartInfoTable
2019-09-20 08:26:33,963 [Thread-1070] INFO  db.DBStoreBuilder (DBStoreBuilder.java:processTables(161)) - Using default column profile:DBProfile.DISK for Table:multipartInfoTable
2019-09-20 08:26:33,963 [Thread-1070] INFO  db.DBStoreBuilder (DBStoreBuilder.java:addTable(110)) - using custom profile for table: dTokenTable
2019-09-20 08:26:33,963 [Thread-1070] INFO  db.DBStoreBuilder (DBStoreBuilder.java:processTables(161)) - Using default column profile:DBProfile.DISK for Table:dTokenTable
2019-09-20 08:26:33,963 [Thread-1070] INFO  db.DBStoreBuilder (DBStoreBuilder.java:addTable(110)) - using custom profile for table: s3SecretTable
2019-09-20 08:26:33,963 [Thread-1070] INFO  db.DBStoreBuilder (DBStoreBuilder.java:processTables(161)) - Using default column profile:DBProfile.DISK for Table:s3SecretTable
2019-09-20 08:26:33,964 [Thread-1070] INFO  db.DBStoreBuilder (DBStoreBuilder.java:addTable(110)) - using custom profile for table: prefixTable
2019-09-20 08:26:33,964 [Thread-1070] INFO  db.DBStoreBuilder (DBStoreBuilder.java:processTables(161)) - Using default column profile:DBProfile.DISK for Table:prefixTable
2019-09-20 08:26:33,964 [Thread-1070] INFO  db.DBStoreBuilder (DBStoreBuilder.java:addTable(110)) - using custom profile for table: default
2019-09-20 08:26:33,964 [Thread-1070] INFO  db.DBStoreBuilder (DBStoreBuilder.java:processTables(167)) - Using default column profile:DBProfile.DISK for Table:default
2019-09-20 08:26:33,964 [Thread-1070] INFO  db.DBStoreBuilder (DBStoreBuilder.java:getDbProfile(198)) - Using default options. DBProfile.DISK
2019-09-20 08:26:34,470 [Thread-1070] INFO  ipc.CallQueueManager (CallQueueManager.java:<init>(84)) - Using callQueue: class java.util.concurrent.LinkedBlockingQueue, queueCapacity: 2000, scheduler: class org.apache.hadoop.ipc.DefaultRpcScheduler, ipcBackoff: false.
2019-09-20 08:26:34,471 [Socket Reader #1 for port 43217] INFO  ipc.Server (Server.java:run(1074)) - Starting Socket Reader #1 for port 43217
2019-09-20 08:26:34,492 [Thread-1070] INFO  om.OzoneManager (OzoneManager.java:start(1256)) - OzoneManager RPC server is listening at localhost/127.0.0.1:43217
2019-09-20 08:26:34,492 [Thread-1070] INFO  impl.MetricsSystemImpl (MetricsSystemImpl.java:init(158)) - OzoneManager metrics system started (again)
2019-09-20 08:26:34,493 [IPC Server Responder] INFO  ipc.Server (Server.java:run(1314)) - IPC Server Responder: starting
2019-09-20 08:26:34,493 [IPC Server listener on 43217] INFO  ipc.Server (Server.java:run(1153)) - IPC Server listener on 43217: starting
2019-09-20 08:26:34,498 [Thread-1070] INFO  hdfs.DFSUtil (DFSUtil.java:httpServerTemplateForNNAndJN(1641)) - Starting Web-server for ozoneManager at: http://0.0.0.0:0
2019-09-20 08:26:34,501 [Thread-1070] INFO  server.AuthenticationFilter (AuthenticationFilter.java:constructSecretProvider(240)) - Unable to initialize FileSignerSecretProvider, falling back to use random secrets.
2019-09-20 08:26:34,501 [Thread-1070] WARN  http.HttpRequestLog (HttpRequestLog.java:getRequestLog(97)) - Jetty request log can only be enabled using Log4j
2019-09-20 08:26:34,504 [Thread-1070] INFO  http.HttpServer2 (HttpServer2.java:addGlobalFilter(975)) - Added global filter 'safety' (class=org.apache.hadoop.http.HttpServer2$QuotingInputFilter)
2019-09-20 08:26:34,505 [Thread-1070] INFO  http.HttpServer2 (HttpServer2.java:addFilter(948)) - Added filter static_user_filter (class=org.apache.hadoop.http.lib.StaticUserWebFilter$StaticUserFilter) to context ozoneManager
2019-09-20 08:26:34,505 [Thread-1070] INFO  http.HttpServer2 (HttpServer2.java:addFilter(958)) - Added filter static_user_filter (class=org.apache.hadoop.http.lib.StaticUserWebFilter$StaticUserFilter) to context static
2019-09-20 08:26:34,505 [Thread-1070] INFO  http.HttpServer2 (HttpServer2.java:addFilter(958)) - Added filter static_user_filter (class=org.apache.hadoop.http.lib.StaticUserWebFilter$StaticUserFilter) to context logs
2019-09-20 08:26:34,506 [Thread-1070] INFO  http.HttpServer2 (HttpServer2.java:bindListener(1191)) - Jetty bound to port 45227
2019-09-20 08:26:34,506 [Thread-1070] INFO  server.Server (Server.java:doStart(351)) - jetty-9.3.24.v20180605, build timestamp: 2018-06-05T17:11:56Z, git hash: 84205aa28f11a4f31f2a3b86d1bba2cc8ab69827
2019-09-20 08:26:34,508 [Thread-1070] INFO  handler.ContextHandler (ContextHandler.java:doStart(781)) - Started o.e.j.s.ServletContextHandler@1ad4d20c{/logs,file:///workdir/hadoop-ozone/ozonefs/target/log,AVAILABLE}
2019-09-20 08:26:34,509 [Thread-1070] INFO  handler.ContextHandler (ContextHandler.java:doStart(781)) - Started o.e.j.s.ServletContextHandler@453a89af{/static,jar:file:/home/user/.m2/repository/org/apache/hadoop/hadoop-ozone-ozone-manager/0.5.0-SNAPSHOT/hadoop-ozone-ozone-manager-0.5.0-SNAPSHOT.jar!/webapps/static,AVAILABLE}
2019-09-20 08:26:34,572 [Thread-1070] INFO  handler.ContextHandler (ContextHandler.java:doStart(781)) - Started o.e.j.w.WebAppContext@541b5af6{/,file:///tmp/jetty-0.0.0.0-45227-ozoneManager-_-any-7292474342787199980.dir/webapp/,AVAILABLE}{/ozoneManager}
2019-09-20 08:26:34,573 [Thread-1070] INFO  server.AbstractConnector (AbstractConnector.java:doStart(278)) - Started ServerConnector@594ed620{HTTP/1.1,[http/1.1]}{0.0.0.0:45227}
2019-09-20 08:26:34,573 [Thread-1070] INFO  server.Server (Server.java:doStart(419)) - Started @78639ms
2019-09-20 08:26:34,574 [Thread-1070] INFO  server.BaseHttpServer (BaseHttpServer.java:updateConnectorAddress(213)) - HTTP server of OZONEMANAGER is listening at http://0.0.0.0:45227
2019-09-20 08:26:34,581 [Thread-1070] INFO  impl.MetricsSystemImpl (MetricsSystemImpl.java:init(158)) - HddsDatanode metrics system started (again)
2019-09-20 08:26:34,583 [Thread-1070] INFO  ozone.HddsDatanodeService (HddsDatanodeService.java:start(184)) - HddsDatanodeService host:pr-hdds-1569-6tbh6-3362816358 ip:192.168.34.27
2019-09-20 08:26:34,591 [Thread-1070] INFO  volume.HddsVolume (HddsVolume.java:<init>(176)) - Creating Volume: /workdir/hadoop-ozone/ozonefs/target/test-dir/MiniOzoneClusterImpl-083ee7b7-6048-484a-8bff-e922192676bf/datanode-0/data/containers/hdds of  storage type : DISK and capacity : 1482555576320
2019-09-20 08:26:34,591 [Thread-1070] INFO  volume.VolumeSet (VolumeSet.java:initializeVolumeSet(170)) - Added Volume : /workdir/hadoop-ozone/ozonefs/target/test-dir/MiniOzoneClusterImpl-083ee7b7-6048-484a-8bff-e922192676bf/datanode-0/data/containers/hdds to VolumeSet
2019-09-20 08:26:34,591 [Thread-1070] INFO  volume.ThrottledAsyncChecker (ThrottledAsyncChecker.java:schedule(140)) - Scheduling a check for org.apache.hadoop.ozone.container.common.volume.HddsVolume@5db2b2b4
2019-09-20 08:26:34,592 [Thread-1070] INFO  volume.HddsVolumeChecker (HddsVolumeChecker.java:checkAllVolumes(203)) - Scheduled health check for volume org.apache.hadoop.ozone.container.common.volume.HddsVolume@5db2b2b4
2019-09-20 08:26:34,611 [Thread-1070] INFO  impl.RaftServerProxy (ConfUtils.java:logGet(43)) - raft.rpc.type = GRPC (default)
2019-09-20 08:26:34,612 [Thread-1070] INFO  grpc.GrpcFactory (GrpcFactory.java:checkPooledByteBufAllocatorUseCacheForAllThreads(45)) - PERFORMANCE WARNING: useCacheForAllThreads is true that may cause Netty to create a lot garbage objects and, as a result, trigger GC.
	It is recommended to disable useCacheForAllThreads by setting -Dorg.apache.ratis.thirdparty.io.netty.allocator.useCacheForAllThreads=false in command line.
2019-09-20 08:26:34,612 [Thread-1070] INFO  grpc.GrpcConfigKeys$Server (ConfUtils.java:logGet(43)) - raft.grpc.server.port = 0 (default)
2019-09-20 08:26:34,612 [Thread-1070] INFO  server.GrpcService (ConfUtils.java:logGet(43)) - raft.grpc.message.size.max = 33570816 (custom)
2019-09-20 08:26:34,612 [Thread-1070] INFO  server.RaftServerConfigKeys (ConfUtils.java:logGet(43)) - raft.server.log.appender.buffer.byte-limit = 33554432 (custom)
2019-09-20 08:26:34,612 [Thread-1070] INFO  server.GrpcService (ConfUtils.java:logGet(43)) - raft.grpc.flow.control.window = 1MB (=1048576) (default)
2019-09-20 08:26:34,612 [Thread-1070] INFO  server.RaftServerConfigKeys (ConfUtils.java:logGet(43)) - raft.server.rpc.request.timeout = 3000ms (default)
2019-09-20 08:26:34,613 [Thread-1070] INFO  server.RaftServerConfigKeys (ConfUtils.java:logGet(43)) - raft.server.storage.dir = [/workdir/hadoop-ozone/ozonefs/target/test-dir/MiniOzoneClusterImpl-083ee7b7-6048-484a-8bff-e922192676bf/datanode-0/data/ratis] (custom)
2019-09-20 08:26:34,613 [Thread-1070] INFO  replication.SimpleContainerDownloader (SimpleContainerDownloader.java:<init>(72)) - Starting container downloader service to copy containers to replicate.
2019-09-20 08:26:34,614 [Thread-1070] INFO  hdfs.DFSUtil (DFSUtil.java:httpServerTemplateForNNAndJN(1641)) - Starting Web-server for hddsDatanode at: http://0.0.0.0:0
2019-09-20 08:26:34,615 [Thread-1070] INFO  server.AuthenticationFilter (AuthenticationFilter.java:constructSecretProvider(240)) - Unable to initialize FileSignerSecretProvider, falling back to use random secrets.
2019-09-20 08:26:34,616 [Thread-1070] WARN  http.HttpRequestLog (HttpRequestLog.java:getRequestLog(97)) - Jetty request log can only be enabled using Log4j
2019-09-20 08:26:34,617 [Thread-1070] INFO  http.HttpServer2 (HttpServer2.java:addGlobalFilter(975)) - Added global filter 'safety' (class=org.apache.hadoop.http.HttpServer2$QuotingInputFilter)
2019-09-20 08:26:34,618 [Thread-1070] INFO  http.HttpServer2 (HttpServer2.java:addFilter(948)) - Added filter static_user_filter (class=org.apache.hadoop.http.lib.StaticUserWebFilter$StaticUserFilter) to context hddsDatanode
2019-09-20 08:26:34,618 [Thread-1070] INFO  http.HttpServer2 (HttpServer2.java:addFilter(958)) - Added filter static_user_filter (class=org.apache.hadoop.http.lib.StaticUserWebFilter$StaticUserFilter) to context logs
2019-09-20 08:26:34,618 [Thread-1070] INFO  http.HttpServer2 (HttpServer2.java:addFilter(958)) - Added filter static_user_filter (class=org.apache.hadoop.http.lib.StaticUserWebFilter$StaticUserFilter) to context static
2019-09-20 08:26:34,619 [Thread-1070] INFO  http.HttpServer2 (HttpServer2.java:bindListener(1191)) - Jetty bound to port 42317
2019-09-20 08:26:34,619 [Thread-1070] INFO  server.Server (Server.java:doStart(351)) - jetty-9.3.24.v20180605, build timestamp: 2018-06-05T17:11:56Z, git hash: 84205aa28f11a4f31f2a3b86d1bba2cc8ab69827
2019-09-20 08:26:34,621 [Thread-1070] INFO  handler.ContextHandler (ContextHandler.java:doStart(781)) - Started o.e.j.s.ServletContextHandler@410905cb{/logs,file:///workdir/hadoop-ozone/ozonefs/target/log,AVAILABLE}
2019-09-20 08:26:34,621 [Thread-1070] INFO  handler.ContextHandler (ContextHandler.java:doStart(781)) - Started o.e.j.s.ServletContextHandler@5ad677ea{/static,jar:file:/home/user/.m2/repository/org/apache/hadoop/hadoop-hdds-container-service/0.5.0-SNAPSHOT/hadoop-hdds-container-service-0.5.0-SNAPSHOT.jar!/webapps/static,AVAILABLE}
2019-09-20 08:26:34,648 [Thread-1070] INFO  handler.ContextHandler (ContextHandler.java:doStart(781)) - Started o.e.j.w.WebAppContext@50b73f53{/,file:///tmp/jetty-0.0.0.0-42317-hddsDatanode-_-any-1730618727454843389.dir/webapp/,AVAILABLE}{/hddsDatanode}
2019-09-20 08:26:34,648 [Thread-1070] INFO  server.AbstractConnector (AbstractConnector.java:doStart(278)) - Started ServerConnector@5a467217{HTTP/1.1,[http/1.1]}{0.0.0.0:42317}
2019-09-20 08:26:34,649 [Thread-1070] INFO  server.Server (Server.java:doStart(419)) - Started @78714ms
2019-09-20 08:26:34,650 [Thread-1070] INFO  server.BaseHttpServer (BaseHttpServer.java:updateConnectorAddress(213)) - HTTP server of HDDSDATANODE is listening at http://0.0.0.0:42317
2019-09-20 08:26:34,767 | INFO  | ObjectStoreRestHttpServer | Listening HDDS REST traffic on /0.0.0.0:37850 |  
2019-09-20 08:26:34,767 [Thread-1070] INFO  ozone.HddsDatanodeService (HddsDatanodeService.java:startPlugins(395)) - Started plug-in org.apache.hadoop.ozone.web.OzoneHddsDatanodeService@459b63fd
2019-09-20 08:26:34,768 [Thread-1070] INFO  impl.MetricsSystemImpl (MetricsSystemImpl.java:init(158)) - HddsDatanode metrics system started (again)
2019-09-20 08:26:34,770 [Thread-1070] INFO  ozone.HddsDatanodeService (HddsDatanodeService.java:start(184)) - HddsDatanodeService host:pr-hdds-1569-6tbh6-3362816358 ip:192.168.34.27
2019-09-20 08:26:34,770 [org.apache.hadoop.util.JvmPauseMonitor$Monitor@2073b1a5] INFO  util.JvmPauseMonitor (JvmPauseMonitor.java:run(188)) - Starting JVM pause monitor
2019-09-20 08:26:34,772 [Datanode State Machine Thread - 0] INFO  datanode.InitDatanodeState (InitDatanodeState.java:persistContainerDatanodeDetails(140)) - DatanodeDetails is persisted to /workdir/hadoop-ozone/ozonefs/target/test-dir/MiniOzoneClusterImpl-083ee7b7-6048-484a-8bff-e922192676bf/datanode-0/meta/datanode.id
2019-09-20 08:26:34,778 [Thread-1070] INFO  volume.HddsVolume (HddsVolume.java:<init>(176)) - Creating Volume: /workdir/hadoop-ozone/ozonefs/target/test-dir/MiniOzoneClusterImpl-083ee7b7-6048-484a-8bff-e922192676bf/datanode-1/data/containers/hdds of  storage type : DISK and capacity : 1482555576320
2019-09-20 08:26:34,778 [Thread-1070] INFO  volume.VolumeSet (VolumeSet.java:initializeVolumeSet(170)) - Added Volume : /workdir/hadoop-ozone/ozonefs/target/test-dir/MiniOzoneClusterImpl-083ee7b7-6048-484a-8bff-e922192676bf/datanode-1/data/containers/hdds to VolumeSet
2019-09-20 08:26:34,778 [Thread-1070] INFO  volume.ThrottledAsyncChecker (ThrottledAsyncChecker.java:schedule(140)) - Scheduling a check for org.apache.hadoop.ozone.container.common.volume.HddsVolume@7d422a98
2019-09-20 08:26:34,779 [Thread-1070] INFO  volume.HddsVolumeChecker (HddsVolumeChecker.java:checkAllVolumes(203)) - Scheduled health check for volume org.apache.hadoop.ozone.container.common.volume.HddsVolume@7d422a98
2019-09-20 08:26:34,799 [Thread-1070] INFO  impl.RaftServerProxy (ConfUtils.java:logGet(43)) - raft.rpc.type = GRPC (default)
2019-09-20 08:26:34,799 [Thread-1070] INFO  grpc.GrpcFactory (GrpcFactory.java:checkPooledByteBufAllocatorUseCacheForAllThreads(45)) - PERFORMANCE WARNING: useCacheForAllThreads is true that may cause Netty to create a lot garbage objects and, as a result, trigger GC.
	It is recommended to disable useCacheForAllThreads by setting -Dorg.apache.ratis.thirdparty.io.netty.allocator.useCacheForAllThreads=false in command line.
2019-09-20 08:26:34,799 [Thread-1070] INFO  grpc.GrpcConfigKeys$Server (ConfUtils.java:logGet(43)) - raft.grpc.server.port = 0 (default)
2019-09-20 08:26:34,800 [Thread-1070] INFO  server.GrpcService (ConfUtils.java:logGet(43)) - raft.grpc.message.size.max = 33570816 (custom)
2019-09-20 08:26:34,800 [Thread-1070] INFO  server.RaftServerConfigKeys (ConfUtils.java:logGet(43)) - raft.server.log.appender.buffer.byte-limit = 33554432 (custom)
2019-09-20 08:26:34,800 [Thread-1070] INFO  server.GrpcService (ConfUtils.java:logGet(43)) - raft.grpc.flow.control.window = 1MB (=1048576) (default)
2019-09-20 08:26:34,800 [Thread-1070] INFO  server.RaftServerConfigKeys (ConfUtils.java:logGet(43)) - raft.server.rpc.request.timeout = 3000ms (default)
2019-09-20 08:26:34,800 [Thread-1070] INFO  server.RaftServerConfigKeys (ConfUtils.java:logGet(43)) - raft.server.storage.dir = [/workdir/hadoop-ozone/ozonefs/target/test-dir/MiniOzoneClusterImpl-083ee7b7-6048-484a-8bff-e922192676bf/datanode-1/data/ratis] (custom)
2019-09-20 08:26:34,801 [Thread-1070] INFO  replication.SimpleContainerDownloader (SimpleContainerDownloader.java:<init>(72)) - Starting container downloader service to copy containers to replicate.
2019-09-20 08:26:34,802 [Thread-1070] INFO  hdfs.DFSUtil (DFSUtil.java:httpServerTemplateForNNAndJN(1641)) - Starting Web-server for hddsDatanode at: http://0.0.0.0:0
2019-09-20 08:26:34,803 [Thread-1070] INFO  server.AuthenticationFilter (AuthenticationFilter.java:constructSecretProvider(240)) - Unable to initialize FileSignerSecretProvider, falling back to use random secrets.
2019-09-20 08:26:34,804 [Thread-1070] WARN  http.HttpRequestLog (HttpRequestLog.java:getRequestLog(97)) - Jetty request log can only be enabled using Log4j
2019-09-20 08:26:34,805 [Thread-1070] INFO  http.HttpServer2 (HttpServer2.java:addGlobalFilter(975)) - Added global filter 'safety' (class=org.apache.hadoop.http.HttpServer2$QuotingInputFilter)
2019-09-20 08:26:34,806 [Thread-1070] INFO  http.HttpServer2 (HttpServer2.java:addFilter(948)) - Added filter static_user_filter (class=org.apache.hadoop.http.lib.StaticUserWebFilter$StaticUserFilter) to context hddsDatanode
2019-09-20 08:26:34,806 [Thread-1070] INFO  http.HttpServer2 (HttpServer2.java:addFilter(958)) - Added filter static_user_filter (class=org.apache.hadoop.http.lib.StaticUserWebFilter$StaticUserFilter) to context logs
2019-09-20 08:26:34,806 [Thread-1070] INFO  http.HttpServer2 (HttpServer2.java:addFilter(958)) - Added filter static_user_filter (class=org.apache.hadoop.http.lib.StaticUserWebFilter$StaticUserFilter) to context static
2019-09-20 08:26:34,807 [Thread-1070] INFO  http.HttpServer2 (HttpServer2.java:bindListener(1191)) - Jetty bound to port 33865
2019-09-20 08:26:34,807 [Thread-1070] INFO  server.Server (Server.java:doStart(351)) - jetty-9.3.24.v20180605, build timestamp: 2018-06-05T17:11:56Z, git hash: 84205aa28f11a4f31f2a3b86d1bba2cc8ab69827
2019-09-20 08:26:34,809 [Thread-1070] INFO  handler.ContextHandler (ContextHandler.java:doStart(781)) - Started o.e.j.s.ServletContextHandler@579c2084{/logs,file:///workdir/hadoop-ozone/ozonefs/target/log,AVAILABLE}
2019-09-20 08:26:34,809 [Thread-1070] INFO  handler.ContextHandler (ContextHandler.java:doStart(781)) - Started o.e.j.s.ServletContextHandler@2eaf5de7{/static,jar:file:/home/user/.m2/repository/org/apache/hadoop/hadoop-hdds-container-service/0.5.0-SNAPSHOT/hadoop-hdds-container-service-0.5.0-SNAPSHOT.jar!/webapps/static,AVAILABLE}
2019-09-20 08:26:34,835 [Thread-1070] INFO  handler.ContextHandler (ContextHandler.java:doStart(781)) - Started o.e.j.w.WebAppContext@63e30cbb{/,file:///tmp/jetty-0.0.0.0-33865-hddsDatanode-_-any-7450274588373884926.dir/webapp/,AVAILABLE}{/hddsDatanode}
2019-09-20 08:26:34,835 [Thread-1070] INFO  server.AbstractConnector (AbstractConnector.java:doStart(278)) - Started ServerConnector@7bf0854a{HTTP/1.1,[http/1.1]}{0.0.0.0:33865}
2019-09-20 08:26:34,837 [Thread-1070] INFO  server.Server (Server.java:doStart(419)) - Started @78902ms
2019-09-20 08:26:34,837 [Thread-1070] INFO  server.BaseHttpServer (BaseHttpServer.java:updateConnectorAddress(213)) - HTTP server of HDDSDATANODE is listening at http://0.0.0.0:33865
2019-09-20 08:26:34,952 | INFO  | ObjectStoreRestHttpServer | Listening HDDS REST traffic on /0.0.0.0:36272 |  
2019-09-20 08:26:34,952 [Thread-1070] INFO  ozone.HddsDatanodeService (HddsDatanodeService.java:startPlugins(395)) - Started plug-in org.apache.hadoop.ozone.web.OzoneHddsDatanodeService@4fa2a0a9
2019-09-20 08:26:34,952 [Thread-1070] INFO  impl.MetricsSystemImpl (MetricsSystemImpl.java:init(158)) - HddsDatanode metrics system started (again)
2019-09-20 08:26:34,955 [org.apache.hadoop.util.JvmPauseMonitor$Monitor@56fb0f6e] INFO  util.JvmPauseMonitor (JvmPauseMonitor.java:run(188)) - Starting JVM pause monitor
2019-09-20 08:26:34,955 [Thread-1070] INFO  ozone.HddsDatanodeService (HddsDatanodeService.java:start(184)) - HddsDatanodeService host:pr-hdds-1569-6tbh6-3362816358 ip:192.168.34.27
2019-09-20 08:26:34,957 [Datanode State Machine Thread - 0] INFO  datanode.InitDatanodeState (InitDatanodeState.java:persistContainerDatanodeDetails(140)) - DatanodeDetails is persisted to /workdir/hadoop-ozone/ozonefs/target/test-dir/MiniOzoneClusterImpl-083ee7b7-6048-484a-8bff-e922192676bf/datanode-1/meta/datanode.id
2019-09-20 08:26:34,963 [Thread-1070] INFO  volume.HddsVolume (HddsVolume.java:<init>(176)) - Creating Volume: /workdir/hadoop-ozone/ozonefs/target/test-dir/MiniOzoneClusterImpl-083ee7b7-6048-484a-8bff-e922192676bf/datanode-2/data/containers/hdds of  storage type : DISK and capacity : 1482555576320
2019-09-20 08:26:34,964 [Thread-1070] INFO  volume.VolumeSet (VolumeSet.java:initializeVolumeSet(170)) - Added Volume : /workdir/hadoop-ozone/ozonefs/target/test-dir/MiniOzoneClusterImpl-083ee7b7-6048-484a-8bff-e922192676bf/datanode-2/data/containers/hdds to VolumeSet
2019-09-20 08:26:34,964 [Thread-1070] INFO  volume.ThrottledAsyncChecker (ThrottledAsyncChecker.java:schedule(140)) - Scheduling a check for org.apache.hadoop.ozone.container.common.volume.HddsVolume@1a40c4ca
2019-09-20 08:26:34,964 [Thread-1070] INFO  volume.HddsVolumeChecker (HddsVolumeChecker.java:checkAllVolumes(203)) - Scheduled health check for volume org.apache.hadoop.ozone.container.common.volume.HddsVolume@1a40c4ca
2019-09-20 08:26:34,984 [Thread-1070] INFO  impl.RaftServerProxy (ConfUtils.java:logGet(43)) - raft.rpc.type = GRPC (default)
2019-09-20 08:26:34,984 [Thread-1070] INFO  grpc.GrpcFactory (GrpcFactory.java:checkPooledByteBufAllocatorUseCacheForAllThreads(45)) - PERFORMANCE WARNING: useCacheForAllThreads is true that may cause Netty to create a lot garbage objects and, as a result, trigger GC.
	It is recommended to disable useCacheForAllThreads by setting -Dorg.apache.ratis.thirdparty.io.netty.allocator.useCacheForAllThreads=false in command line.
2019-09-20 08:26:34,984 [Thread-1070] INFO  grpc.GrpcConfigKeys$Server (ConfUtils.java:logGet(43)) - raft.grpc.server.port = 0 (default)
2019-09-20 08:26:34,984 [Thread-1070] INFO  server.GrpcService (ConfUtils.java:logGet(43)) - raft.grpc.message.size.max = 33570816 (custom)
2019-09-20 08:26:34,984 [Thread-1070] INFO  server.RaftServerConfigKeys (ConfUtils.java:logGet(43)) - raft.server.log.appender.buffer.byte-limit = 33554432 (custom)
2019-09-20 08:26:34,985 [Thread-1070] INFO  server.GrpcService (ConfUtils.java:logGet(43)) - raft.grpc.flow.control.window = 1MB (=1048576) (default)
2019-09-20 08:26:34,985 [Thread-1070] INFO  server.RaftServerConfigKeys (ConfUtils.java:logGet(43)) - raft.server.rpc.request.timeout = 3000ms (default)
2019-09-20 08:26:34,985 [Thread-1070] INFO  server.RaftServerConfigKeys (ConfUtils.java:logGet(43)) - raft.server.storage.dir = [/workdir/hadoop-ozone/ozonefs/target/test-dir/MiniOzoneClusterImpl-083ee7b7-6048-484a-8bff-e922192676bf/datanode-2/data/ratis] (custom)
2019-09-20 08:26:34,986 [Thread-1070] INFO  replication.SimpleContainerDownloader (SimpleContainerDownloader.java:<init>(72)) - Starting container downloader service to copy containers to replicate.
2019-09-20 08:26:34,987 [Thread-1070] INFO  hdfs.DFSUtil (DFSUtil.java:httpServerTemplateForNNAndJN(1641)) - Starting Web-server for hddsDatanode at: http://0.0.0.0:0
2019-09-20 08:26:34,988 [Thread-1070] INFO  server.AuthenticationFilter (AuthenticationFilter.java:constructSecretProvider(240)) - Unable to initialize FileSignerSecretProvider, falling back to use random secrets.
2019-09-20 08:26:34,988 [Thread-1070] WARN  http.HttpRequestLog (HttpRequestLog.java:getRequestLog(97)) - Jetty request log can only be enabled using Log4j
2019-09-20 08:26:34,990 [Thread-1070] INFO  http.HttpServer2 (HttpServer2.java:addGlobalFilter(975)) - Added global filter 'safety' (class=org.apache.hadoop.http.HttpServer2$QuotingInputFilter)
2019-09-20 08:26:34,991 [Thread-1070] INFO  http.HttpServer2 (HttpServer2.java:addFilter(948)) - Added filter static_user_filter (class=org.apache.hadoop.http.lib.StaticUserWebFilter$StaticUserFilter) to context hddsDatanode
2019-09-20 08:26:34,991 [Thread-1070] INFO  http.HttpServer2 (HttpServer2.java:addFilter(958)) - Added filter static_user_filter (class=org.apache.hadoop.http.lib.StaticUserWebFilter$StaticUserFilter) to context static
2019-09-20 08:26:34,991 [Thread-1070] INFO  http.HttpServer2 (HttpServer2.java:addFilter(958)) - Added filter static_user_filter (class=org.apache.hadoop.http.lib.StaticUserWebFilter$StaticUserFilter) to context logs
2019-09-20 08:26:34,991 [Thread-1070] INFO  http.HttpServer2 (HttpServer2.java:bindListener(1191)) - Jetty bound to port 41907
2019-09-20 08:26:34,991 [Thread-1070] INFO  server.Server (Server.java:doStart(351)) - jetty-9.3.24.v20180605, build timestamp: 2018-06-05T17:11:56Z, git hash: 84205aa28f11a4f31f2a3b86d1bba2cc8ab69827
2019-09-20 08:26:34,993 [Thread-1070] INFO  handler.ContextHandler (ContextHandler.java:doStart(781)) - Started o.e.j.s.ServletContextHandler@64b43358{/logs,file:///workdir/hadoop-ozone/ozonefs/target/log,AVAILABLE}
2019-09-20 08:26:34,994 [Thread-1070] INFO  handler.ContextHandler (ContextHandler.java:doStart(781)) - Started o.e.j.s.ServletContextHandler@cad9308{/static,jar:file:/home/user/.m2/repository/org/apache/hadoop/hadoop-hdds-container-service/0.5.0-SNAPSHOT/hadoop-hdds-container-service-0.5.0-SNAPSHOT.jar!/webapps/static,AVAILABLE}
2019-09-20 08:26:35,020 [Thread-1070] INFO  handler.ContextHandler (ContextHandler.java:doStart(781)) - Started o.e.j.w.WebAppContext@4a008276{/,file:///tmp/jetty-0.0.0.0-41907-hddsDatanode-_-any-8839348268679077683.dir/webapp/,AVAILABLE}{/hddsDatanode}
2019-09-20 08:26:35,021 [Thread-1070] INFO  server.AbstractConnector (AbstractConnector.java:doStart(278)) - Started ServerConnector@ca0dda9{HTTP/1.1,[http/1.1]}{0.0.0.0:41907}
2019-09-20 08:26:35,022 [Thread-1070] INFO  server.Server (Server.java:doStart(419)) - Started @79087ms
2019-09-20 08:26:35,022 [Thread-1070] INFO  server.BaseHttpServer (BaseHttpServer.java:updateConnectorAddress(213)) - HTTP server of HDDSDATANODE is listening at http://0.0.0.0:41907
2019-09-20 08:26:35,140 | INFO  | ObjectStoreRestHttpServer | Listening HDDS REST traffic on /0.0.0.0:34800 |  
2019-09-20 08:26:35,140 [Thread-1070] INFO  ozone.HddsDatanodeService (HddsDatanodeService.java:startPlugins(395)) - Started plug-in org.apache.hadoop.ozone.web.OzoneHddsDatanodeService@197bee97
2019-09-20 08:26:35,140 [Thread-1070] INFO  ozone.MiniOzoneClusterImpl (MiniOzoneClusterImpl.java:lambda$waitForClusterToBeReady$0(142)) - Waiting for cluster to be ready. Got 0 of 3 DN Heartbeats.
2019-09-20 08:26:35,142 [org.apache.hadoop.util.JvmPauseMonitor$Monitor@4697df81] INFO  util.JvmPauseMonitor (JvmPauseMonitor.java:run(188)) - Starting JVM pause monitor
2019-09-20 08:26:35,143 [Datanode State Machine Thread - 0] INFO  datanode.InitDatanodeState (InitDatanodeState.java:persistContainerDatanodeDetails(140)) - DatanodeDetails is persisted to /workdir/hadoop-ozone/ozonefs/target/test-dir/MiniOzoneClusterImpl-083ee7b7-6048-484a-8bff-e922192676bf/datanode-2/meta/datanode.id
2019-09-20 08:26:36,141 [Thread-1070] INFO  ozone.MiniOzoneClusterImpl (MiniOzoneClusterImpl.java:lambda$waitForClusterToBeReady$0(142)) - Waiting for cluster to be ready. Got 0 of 3 DN Heartbeats.
2019-09-20 08:26:36,775 | INFO  | SCMAudit | user=jenkins1000 | ip=192.168.34.27 | op=GET_VERSION null | ret=SUCCESS |  
2019-09-20 08:26:36,792 [Datanode State Machine Thread - 0] INFO  ozoneimpl.OzoneContainer (OzoneContainer.java:start(186)) - Attempting to start container services.
2019-09-20 08:26:36,792 [Datanode State Machine Thread - 0] INFO  ozoneimpl.OzoneContainer (OzoneContainer.java:startContainerScrub(160)) - Background container scrubber has been disabled by hdds.containerscrub.enabled
2019-09-20 08:26:36,792 [Datanode State Machine Thread - 0] INFO  ratis.XceiverServerRatis (XceiverServerRatis.java:start(404)) - Starting XceiverServerRatis b15ba93f-acd0-4121-9586-decea32bb3dc at port 0
2019-09-20 08:26:36,800 [Datanode State Machine Thread - 0] INFO  impl.RaftServerProxy (RaftServerProxy.java:lambda$start$3(299)) - b15ba93f-acd0-4121-9586-decea32bb3dc: start RPC server
2019-09-20 08:26:36,802 [Datanode State Machine Thread - 0] INFO  server.GrpcService (GrpcService.java:startImpl(149)) - b15ba93f-acd0-4121-9586-decea32bb3dc: GrpcService started, listening on 0.0.0.0/0.0.0.0:39913
2019-09-20 08:26:36,802 [Datanode State Machine Thread - 0] INFO  ratis.XceiverServerRatis (XceiverServerRatis.java:start(414)) - XceiverServerRatis b15ba93f-acd0-4121-9586-decea32bb3dc is started using port 39913
2019-09-20 08:26:36,804 [Datanode State Machine Thread - 0] INFO  server.XceiverServerGrpc (XceiverServerGrpc.java:start(163)) - XceiverServerGrpc b15ba93f-acd0-4121-9586-decea32bb3dc is started using port 40949
2019-09-20 08:26:36,956 | INFO  | SCMAudit | user=jenkins1000 | ip=192.168.34.27 | op=GET_VERSION null | ret=SUCCESS |  
2019-09-20 08:26:36,970 [Datanode State Machine Thread - 0] INFO  ozoneimpl.OzoneContainer (OzoneContainer.java:start(186)) - Attempting to start container services.
2019-09-20 08:26:36,970 [Datanode State Machine Thread - 0] INFO  ozoneimpl.OzoneContainer (OzoneContainer.java:startContainerScrub(160)) - Background container scrubber has been disabled by hdds.containerscrub.enabled
2019-09-20 08:26:36,971 [Datanode State Machine Thread - 0] INFO  ratis.XceiverServerRatis (XceiverServerRatis.java:start(404)) - Starting XceiverServerRatis 450b4a05-ccf1-4a74-b0e9-8f60a565bcdf at port 0
2019-09-20 08:26:36,977 [Datanode State Machine Thread - 0] INFO  impl.RaftServerProxy (RaftServerProxy.java:lambda$start$3(299)) - 450b4a05-ccf1-4a74-b0e9-8f60a565bcdf: start RPC server
2019-09-20 08:26:36,978 [Datanode State Machine Thread - 0] INFO  server.GrpcService (GrpcService.java:startImpl(149)) - 450b4a05-ccf1-4a74-b0e9-8f60a565bcdf: GrpcService started, listening on 0.0.0.0/0.0.0.0:32870
2019-09-20 08:26:36,978 [Datanode State Machine Thread - 0] INFO  ratis.XceiverServerRatis (XceiverServerRatis.java:start(414)) - XceiverServerRatis 450b4a05-ccf1-4a74-b0e9-8f60a565bcdf is started using port 32870
2019-09-20 08:26:36,978 [Datanode State Machine Thread - 0] INFO  server.XceiverServerGrpc (XceiverServerGrpc.java:start(163)) - XceiverServerGrpc 450b4a05-ccf1-4a74-b0e9-8f60a565bcdf is started using port 45977
2019-09-20 08:26:37,141 [Thread-1070] INFO  ozone.MiniOzoneClusterImpl (MiniOzoneClusterImpl.java:lambda$waitForClusterToBeReady$0(142)) - Waiting for cluster to be ready. Got 0 of 3 DN Heartbeats.
2019-09-20 08:26:37,143 | INFO  | SCMAudit | user=jenkins1000 | ip=192.168.34.27 | op=GET_VERSION null | ret=SUCCESS |  
2019-09-20 08:26:37,159 [Datanode State Machine Thread - 0] INFO  ozoneimpl.OzoneContainer (OzoneContainer.java:start(186)) - Attempting to start container services.
2019-09-20 08:26:37,159 [Datanode State Machine Thread - 0] INFO  ozoneimpl.OzoneContainer (OzoneContainer.java:startContainerScrub(160)) - Background container scrubber has been disabled by hdds.containerscrub.enabled
2019-09-20 08:26:37,159 [Datanode State Machine Thread - 0] INFO  ratis.XceiverServerRatis (XceiverServerRatis.java:start(404)) - Starting XceiverServerRatis fb5436b4-0441-4af7-ac3c-617f70818dc1 at port 0
2019-09-20 08:26:37,164 [Datanode State Machine Thread - 0] INFO  impl.RaftServerProxy (RaftServerProxy.java:lambda$start$3(299)) - fb5436b4-0441-4af7-ac3c-617f70818dc1: start RPC server
2019-09-20 08:26:37,167 [Datanode State Machine Thread - 0] INFO  server.GrpcService (GrpcService.java:startImpl(149)) - fb5436b4-0441-4af7-ac3c-617f70818dc1: GrpcService started, listening on 0.0.0.0/0.0.0.0:33412
2019-09-20 08:26:37,167 [Datanode State Machine Thread - 0] INFO  ratis.XceiverServerRatis (XceiverServerRatis.java:start(414)) - XceiverServerRatis fb5436b4-0441-4af7-ac3c-617f70818dc1 is started using port 33412
2019-09-20 08:26:37,167 [Datanode State Machine Thread - 0] INFO  server.XceiverServerGrpc (XceiverServerGrpc.java:start(163)) - XceiverServerGrpc fb5436b4-0441-4af7-ac3c-617f70818dc1 is started using port 34399
2019-09-20 08:26:38,142 [Thread-1070] INFO  ozone.MiniOzoneClusterImpl (MiniOzoneClusterImpl.java:lambda$waitForClusterToBeReady$0(142)) - Waiting for cluster to be ready. Got 0 of 3 DN Heartbeats.
2019-09-20 08:26:38,774 [IPC Server handler 2 on 45694] INFO  net.NetworkTopology (NetworkTopologyImpl.java:add(110)) - Added a new node: /default-rack/b15ba93f-acd0-4121-9586-decea32bb3dc
2019-09-20 08:26:38,776 [IPC Server handler 2 on 45694] INFO  node.SCMNodeManager (SCMNodeManager.java:register(273)) - Registered Data node : b15ba93f-acd0-4121-9586-decea32bb3dc{ip: 192.168.34.27, host: pr-hdds-1569-6tbh6-3362816358, networkLocation: /default-rack, certSerialId: null}
2019-09-20 08:26:38,777 [EventQueue-NodeRegistrationContainerReportForDataNodeSafeModeRule] INFO  safemode.SCMSafeModeManager (DataNodeSafeModeRule.java:process(71)) - SCM in safe mode. 1 DataNodes registered, 1 required.
2019-09-20 08:26:38,777 | INFO  | SCMAudit | user=jenkins1000 | ip=192.168.34.27 | op=REGISTER {datanodeDetails=b15ba93f-acd0-4121-9586-decea32bb3dc{ip: 192.168.34.27, host: pr-hdds-1569-6tbh6-3362816358, networkLocation: /default-rack, certSerialId: null}} | ret=SUCCESS |  
2019-09-20 08:26:38,779 [EventQueue-NodeRegistrationContainerReportForDataNodeSafeModeRule] INFO  safemode.SCMSafeModeManager (SCMSafeModeManager.java:validateSafeModeExitRules(177)) - ScmSafeModeManager, all rules are successfully validated
2019-09-20 08:26:38,779 [EventQueue-NodeRegistrationContainerReportForDataNodeSafeModeRule] INFO  safemode.SCMSafeModeManager (SCMSafeModeManager.java:exitSafeMode(193)) - SCM exiting safe mode.
2019-09-20 08:26:38,789 [grpc-default-executor-0] INFO  impl.RaftServerProxy (RaftServerProxy.java:addNew(89)) - b15ba93f-acd0-4121-9586-decea32bb3dc: addNew group-1F1198F5923C:[b15ba93f-acd0-4121-9586-decea32bb3dc:192.168.34.27:39913] returns group-1F1198F5923C:java.util.concurrent.CompletableFuture@b9c73ba[Not completed]
2019-09-20 08:26:38,791 [pool-239-thread-1] INFO  impl.RaftServerImpl (RaftServerImpl.java:<init>(93)) - b15ba93f-acd0-4121-9586-decea32bb3dc: new RaftServerImpl for group-1F1198F5923C:[b15ba93f-acd0-4121-9586-decea32bb3dc:192.168.34.27:39913] with ContainerStateMachine:uninitialized
2019-09-20 08:26:38,791 [pool-239-thread-1] INFO  server.RaftServerConfigKeys (ConfUtils.java:logGet(43)) - raft.server.rpc.timeout.min = 5s (custom)
2019-09-20 08:26:38,791 [pool-239-thread-1] INFO  server.RaftServerConfigKeys (ConfUtils.java:logGet(43)) - raft.server.rpc.timeout.max = 5200ms (custom)
2019-09-20 08:26:38,791 [pool-239-thread-1] INFO  server.RaftServerConfigKeys (ConfUtils.java:logGet(43)) - raft.server.rpcslowness.timeout = 120s (custom)
2019-09-20 08:26:38,791 [pool-239-thread-1] INFO  server.RaftServerConfigKeys (ConfUtils.java:logGet(43)) - raft.server.sleep.deviation.threshold = 300 (default)
2019-09-20 08:26:38,791 [pool-239-thread-1] INFO  server.RaftServerConfigKeys (ConfUtils.java:logGet(43)) - raft.server.log.appender.install.snapshot.enabled = false (custom)
2019-09-20 08:26:38,792 [pool-239-thread-1] INFO  impl.RaftServerImpl (ServerState.java:<init>(105)) - b15ba93f-acd0-4121-9586-decea32bb3dc:group-1F1198F5923C ConfigurationManager, init=-1: [b15ba93f-acd0-4121-9586-decea32bb3dc:192.168.34.27:39913], old=null, confs=<EMPTY_MAP>
2019-09-20 08:26:38,792 [pool-239-thread-1] INFO  server.RaftServerConfigKeys (ConfUtils.java:logGet(43)) - raft.server.storage.dir = [/workdir/hadoop-ozone/ozonefs/target/test-dir/MiniOzoneClusterImpl-083ee7b7-6048-484a-8bff-e922192676bf/datanode-0/data/ratis] (custom)
2019-09-20 08:26:38,792 [pool-239-thread-1] INFO  storage.RaftStorageDirectory (RaftStorageDirectory.java:analyzeStorage(246)) - The storage directory /workdir/hadoop-ozone/ozonefs/target/test-dir/MiniOzoneClusterImpl-083ee7b7-6048-484a-8bff-e922192676bf/datanode-0/data/ratis/f0871c0d-66c0-4825-a716-1f1198f5923c does not exist. Creating ...
2019-09-20 08:26:38,806 [pool-239-thread-1] INFO  storage.RaftStorageDirectory (RaftStorageDirectory.java:tryLock(328)) - Lock on /workdir/hadoop-ozone/ozonefs/target/test-dir/MiniOzoneClusterImpl-083ee7b7-6048-484a-8bff-e922192676bf/datanode-0/data/ratis/f0871c0d-66c0-4825-a716-1f1198f5923c/in_use.lock acquired by nodename 28782@pr-hdds-1569-6tbh6-3362816358
2019-09-20 08:26:38,819 [pool-239-thread-1] INFO  storage.RaftStorage (RaftStorage.java:format(72)) - Storage directory /workdir/hadoop-ozone/ozonefs/target/test-dir/MiniOzoneClusterImpl-083ee7b7-6048-484a-8bff-e922192676bf/datanode-0/data/ratis/f0871c0d-66c0-4825-a716-1f1198f5923c has been successfully formatted.
2019-09-20 08:26:38,819 [pool-239-thread-1] INFO  ratis.ContainerStateMachine (ContainerStateMachine.java:loadSnapshot(226)) - group-1F1198F5923C: The snapshot info is null. Setting the last applied indexto:(t:0, i:~)
2019-09-20 08:26:38,820 [pool-239-thread-1] INFO  server.RaftServerConfigKeys (ConfUtils.java:logGet(43)) - raft.server.leader.election.timeout = 120s (custom)
2019-09-20 08:26:38,820 [pool-239-thread-1] INFO  server.RaftServerConfigKeys (ConfUtils.java:logGet(43)) - raft.server.log.use.memory = false (default)
2019-09-20 08:26:38,820 [pool-239-thread-1] INFO  server.RaftServerConfigKeys (ConfUtils.java:logGet(43)) - raft.server.log.purge.gap = 1000000 (custom)
2019-09-20 08:26:38,820 [pool-239-thread-1] INFO  server.RaftServerConfigKeys (ConfUtils.java:logGet(43)) - raft.server.log.appender.buffer.byte-limit = 33554432 (custom)
2019-09-20 08:26:38,820 [pool-239-thread-1] INFO  server.RaftServerConfigKeys (ConfUtils.java:logGet(43)) - raft.server.log.segment.size.max = 1048576 (custom)
2019-09-20 08:26:38,820 [pool-239-thread-1] INFO  server.RaftServerConfigKeys (ConfUtils.java:logGet(43)) - raft.server.log.segment.cache.num.max = 2 (custom)
2019-09-20 08:26:38,821 [pool-239-thread-1] INFO  segmented.SegmentedRaftLogWorker (SegmentedRaftLogWorker.java:<init>(172)) - new b15ba93f-acd0-4121-9586-decea32bb3dc-SegmentedRaftLogWorker:Storage Directory /workdir/hadoop-ozone/ozonefs/target/test-dir/MiniOzoneClusterImpl-083ee7b7-6048-484a-8bff-e922192676bf/datanode-0/data/ratis/f0871c0d-66c0-4825-a716-1f1198f5923c for RaftStorage:Storage Directory /workdir/hadoop-ozone/ozonefs/target/test-dir/MiniOzoneClusterImpl-083ee7b7-6048-484a-8bff-e922192676bf/datanode-0/data/ratis/f0871c0d-66c0-4825-a716-1f1198f5923c
2019-09-20 08:26:38,821 [pool-239-thread-1] INFO  server.RaftServerConfigKeys (ConfUtils.java:logGet(43)) - raft.server.log.queue.byte-limit = 2147483647 (custom)
2019-09-20 08:26:38,821 [pool-239-thread-1] INFO  server.RaftServerConfigKeys (ConfUtils.java:logGet(43)) - raft.server.log.queue.element-limit = 1024 (custom)
2019-09-20 08:26:38,821 [pool-239-thread-1] INFO  server.RaftServerConfigKeys (ConfUtils.java:logGet(43)) - raft.server.log.segment.size.max = 1048576 (custom)
2019-09-20 08:26:38,821 [pool-239-thread-1] INFO  server.RaftServerConfigKeys (ConfUtils.java:logGet(43)) - raft.server.log.preallocated.size = 16384 (custom)
2019-09-20 08:26:38,821 [pool-239-thread-1] INFO  server.RaftServerConfigKeys (ConfUtils.java:logGet(43)) - raft.server.log.write.buffer.size = 33554432 (custom)
2019-09-20 08:26:38,822 [pool-239-thread-1] INFO  server.RaftServerConfigKeys (ConfUtils.java:logGet(43)) - raft.server.log.force.sync.num = 128 (default)
2019-09-20 08:26:38,822 [pool-239-thread-1] INFO  server.RaftServerConfigKeys (ConfUtils.java:logGet(43)) - raft.server.log.statemachine.data.sync = true (default)
2019-09-20 08:26:38,822 [pool-239-thread-1] INFO  server.RaftServerConfigKeys (ConfUtils.java:logGet(43)) - raft.server.log.statemachine.data.sync.timeout = 10s (default)
2019-09-20 08:26:38,822 [pool-239-thread-1] INFO  server.RaftServerConfigKeys (ConfUtils.java:logGet(43)) - raft.server.log.statemachine.data.sync.timeout.retry = -1 (default)
2019-09-20 08:26:38,822 [pool-239-thread-1] INFO  server.RaftServerConfigKeys (ConfUtils.java:logGet(43)) - raft.server.log.statemachine.data.caching.enabled = true (custom)
2019-09-20 08:26:38,823 [pool-239-thread-1] INFO  segmented.SegmentedRaftLogWorker (SegmentedRaftLogWorker.java:lambda$new$0(132)) - b15ba93f-acd0-4121-9586-decea32bb3dc-SegmentedRaftLogWorker:Storage Directory /workdir/hadoop-ozone/ozonefs/target/test-dir/MiniOzoneClusterImpl-083ee7b7-6048-484a-8bff-e922192676bf/datanode-0/data/ratis/f0871c0d-66c0-4825-a716-1f1198f5923c: flushIndex: setUnconditionally 0 -> -1
2019-09-20 08:26:38,823 [pool-239-thread-1] INFO  server.RaftServerConfigKeys (ConfUtils.java:logGet(43)) - raft.server.snapshot.auto.trigger.enabled = true (custom)
2019-09-20 08:26:38,823 [pool-239-thread-1] INFO  server.RaftServerConfigKeys (ConfUtils.java:logGet(43)) - raft.server.snapshot.auto.trigger.threshold = 10000 (custom)
2019-09-20 08:26:38,823 [pool-239-thread-1] INFO  server.RaftServerConfigKeys (ConfUtils.java:logGet(43)) - raft.server.retrycache.expirytime = 600000ms (custom)
2019-09-20 08:26:38,824 [pool-239-thread-1] INFO  impl.RaftServerImpl (RaftServerImpl.java:start(180)) - b15ba93f-acd0-4121-9586-decea32bb3dc: start group-1F1198F5923C
2019-09-20 08:26:38,824 [pool-239-thread-1] INFO  impl.RaftServerImpl (RaftServerImpl.java:setRole(171)) - b15ba93f-acd0-4121-9586-decea32bb3dc:group-1F1198F5923C changes role from null to FOLLOWER at term 0 for startAsFollower
2019-09-20 08:26:38,824 [pool-239-thread-1] INFO  impl.RoleInfo (RoleInfo.java:updateAndGet(143)) - b15ba93f-acd0-4121-9586-decea32bb3dc: start FollowerState
2019-09-20 08:26:38,824 [pool-239-thread-1] INFO  util.JmxRegister (JmxRegister.java:tryRegister(44)) - Successfully registered JMX Bean with object name Ratis:service=RaftServer,group=group-1F1198F5923C,id=b15ba93f-acd0-4121-9586-decea32bb3dc
2019-09-20 08:26:38,828 [RatisPipelineUtilsThread] INFO  pipeline.PipelineStateManager (PipelineStateManager.java:addPipeline(56)) - Created pipeline Pipeline[ Id: f0871c0d-66c0-4825-a716-1f1198f5923c, Nodes: b15ba93f-acd0-4121-9586-decea32bb3dc{ip: 192.168.34.27, host: pr-hdds-1569-6tbh6-3362816358, networkLocation: /default-rack, certSerialId: null}, Type:RATIS, Factor:ONE, State:OPEN]
2019-09-20 08:26:38,834 [grpc-default-executor-0] INFO  impl.RaftServerProxy (RaftServerProxy.java:addNew(89)) - b15ba93f-acd0-4121-9586-decea32bb3dc: addNew group-11ACAE9044CD:[b15ba93f-acd0-4121-9586-decea32bb3dc:192.168.34.27:39913] returns group-11ACAE9044CD:java.util.concurrent.CompletableFuture@3add9b4d[Not completed]
2019-09-20 08:26:38,835 [pool-239-thread-1] INFO  impl.RaftServerImpl (RaftServerImpl.java:<init>(93)) - b15ba93f-acd0-4121-9586-decea32bb3dc: new RaftServerImpl for group-11ACAE9044CD:[b15ba93f-acd0-4121-9586-decea32bb3dc:192.168.34.27:39913] with ContainerStateMachine:uninitialized
2019-09-20 08:26:38,835 [pool-239-thread-1] INFO  server.RaftServerConfigKeys (ConfUtils.java:logGet(43)) - raft.server.rpc.timeout.min = 5s (custom)
2019-09-20 08:26:38,836 [pool-239-thread-1] INFO  server.RaftServerConfigKeys (ConfUtils.java:logGet(43)) - raft.server.rpc.timeout.max = 5200ms (custom)
2019-09-20 08:26:38,836 [pool-239-thread-1] INFO  server.RaftServerConfigKeys (ConfUtils.java:logGet(43)) - raft.server.rpcslowness.timeout = 120s (custom)
2019-09-20 08:26:38,836 [pool-239-thread-1] INFO  server.RaftServerConfigKeys (ConfUtils.java:logGet(43)) - raft.server.sleep.deviation.threshold = 300 (default)
2019-09-20 08:26:38,836 [pool-239-thread-1] INFO  server.RaftServerConfigKeys (ConfUtils.java:logGet(43)) - raft.server.log.appender.install.snapshot.enabled = false (custom)
2019-09-20 08:26:38,836 [pool-239-thread-1] INFO  impl.RaftServerImpl (ServerState.java:<init>(105)) - b15ba93f-acd0-4121-9586-decea32bb3dc:group-11ACAE9044CD ConfigurationManager, init=-1: [b15ba93f-acd0-4121-9586-decea32bb3dc:192.168.34.27:39913], old=null, confs=<EMPTY_MAP>
2019-09-20 08:26:38,836 [pool-239-thread-1] INFO  server.RaftServerConfigKeys (ConfUtils.java:logGet(43)) - raft.server.storage.dir = [/workdir/hadoop-ozone/ozonefs/target/test-dir/MiniOzoneClusterImpl-083ee7b7-6048-484a-8bff-e922192676bf/datanode-0/data/ratis] (custom)
2019-09-20 08:26:38,836 [pool-239-thread-1] INFO  storage.RaftStorageDirectory (RaftStorageDirectory.java:analyzeStorage(246)) - The storage directory /workdir/hadoop-ozone/ozonefs/target/test-dir/MiniOzoneClusterImpl-083ee7b7-6048-484a-8bff-e922192676bf/datanode-0/data/ratis/77b42eb3-7863-4e1b-a593-11acae9044cd does not exist. Creating ...
2019-09-20 08:26:38,849 [pool-239-thread-1] INFO  storage.RaftStorageDirectory (RaftStorageDirectory.java:tryLock(328)) - Lock on /workdir/hadoop-ozone/ozonefs/target/test-dir/MiniOzoneClusterImpl-083ee7b7-6048-484a-8bff-e922192676bf/datanode-0/data/ratis/77b42eb3-7863-4e1b-a593-11acae9044cd/in_use.lock acquired by nodename 28782@pr-hdds-1569-6tbh6-3362816358
2019-09-20 08:26:38,862 [pool-239-thread-1] INFO  storage.RaftStorage (RaftStorage.java:format(72)) - Storage directory /workdir/hadoop-ozone/ozonefs/target/test-dir/MiniOzoneClusterImpl-083ee7b7-6048-484a-8bff-e922192676bf/datanode-0/data/ratis/77b42eb3-7863-4e1b-a593-11acae9044cd has been successfully formatted.
2019-09-20 08:26:38,863 [pool-239-thread-1] INFO  ratis.ContainerStateMachine (ContainerStateMachine.java:loadSnapshot(226)) - group-11ACAE9044CD: The snapshot info is null. Setting the last applied indexto:(t:0, i:~)
2019-09-20 08:26:38,863 [pool-239-thread-1] INFO  server.RaftServerConfigKeys (ConfUtils.java:logGet(43)) - raft.server.leader.election.timeout = 120s (custom)
2019-09-20 08:26:38,863 [pool-239-thread-1] INFO  server.RaftServerConfigKeys (ConfUtils.java:logGet(43)) - raft.server.log.use.memory = false (default)
2019-09-20 08:26:38,863 [pool-239-thread-1] INFO  server.RaftServerConfigKeys (ConfUtils.java:logGet(43)) - raft.server.log.purge.gap = 1000000 (custom)
2019-09-20 08:26:38,863 [pool-239-thread-1] INFO  server.RaftServerConfigKeys (ConfUtils.java:logGet(43)) - raft.server.log.appender.buffer.byte-limit = 33554432 (custom)
2019-09-20 08:26:38,863 [pool-239-thread-1] INFO  server.RaftServerConfigKeys (ConfUtils.java:logGet(43)) - raft.server.log.segment.size.max = 1048576 (custom)
2019-09-20 08:26:38,863 [pool-239-thread-1] INFO  server.RaftServerConfigKeys (ConfUtils.java:logGet(43)) - raft.server.log.segment.cache.num.max = 2 (custom)
2019-09-20 08:26:38,864 [pool-239-thread-1] INFO  segmented.SegmentedRaftLogWorker (SegmentedRaftLogWorker.java:<init>(172)) - new b15ba93f-acd0-4121-9586-decea32bb3dc-SegmentedRaftLogWorker:Storage Directory /workdir/hadoop-ozone/ozonefs/target/test-dir/MiniOzoneClusterImpl-083ee7b7-6048-484a-8bff-e922192676bf/datanode-0/data/ratis/77b42eb3-7863-4e1b-a593-11acae9044cd for RaftStorage:Storage Directory /workdir/hadoop-ozone/ozonefs/target/test-dir/MiniOzoneClusterImpl-083ee7b7-6048-484a-8bff-e922192676bf/datanode-0/data/ratis/77b42eb3-7863-4e1b-a593-11acae9044cd
2019-09-20 08:26:38,864 [pool-239-thread-1] INFO  server.RaftServerConfigKeys (ConfUtils.java:logGet(43)) - raft.server.log.queue.byte-limit = 2147483647 (custom)
2019-09-20 08:26:38,864 [pool-239-thread-1] INFO  server.RaftServerConfigKeys (ConfUtils.java:logGet(43)) - raft.server.log.queue.element-limit = 1024 (custom)
2019-09-20 08:26:38,864 [pool-239-thread-1] INFO  server.RaftServerConfigKeys (ConfUtils.java:logGet(43)) - raft.server.log.segment.size.max = 1048576 (custom)
2019-09-20 08:26:38,864 [pool-239-thread-1] INFO  server.RaftServerConfigKeys (ConfUtils.java:logGet(43)) - raft.server.log.preallocated.size = 16384 (custom)
2019-09-20 08:26:38,864 [pool-239-thread-1] INFO  server.RaftServerConfigKeys (ConfUtils.java:logGet(43)) - raft.server.log.write.buffer.size = 33554432 (custom)
2019-09-20 08:26:38,864 [pool-239-thread-1] INFO  server.RaftServerConfigKeys (ConfUtils.java:logGet(43)) - raft.server.log.force.sync.num = 128 (default)
2019-09-20 08:26:38,864 [pool-239-thread-1] INFO  server.RaftServerConfigKeys (ConfUtils.java:logGet(43)) - raft.server.log.statemachine.data.sync = true (default)
2019-09-20 08:26:38,865 [pool-239-thread-1] INFO  server.RaftServerConfigKeys (ConfUtils.java:logGet(43)) - raft.server.log.statemachine.data.sync.timeout = 10s (default)
2019-09-20 08:26:38,865 [pool-239-thread-1] INFO  server.RaftServerConfigKeys (ConfUtils.java:logGet(43)) - raft.server.log.statemachine.data.sync.timeout.retry = -1 (default)
2019-09-20 08:26:38,865 [pool-239-thread-1] INFO  server.RaftServerConfigKeys (ConfUtils.java:logGet(43)) - raft.server.log.statemachine.data.caching.enabled = true (custom)
2019-09-20 08:26:38,865 [pool-239-thread-1] INFO  segmented.SegmentedRaftLogWorker (SegmentedRaftLogWorker.java:lambda$new$0(132)) - b15ba93f-acd0-4121-9586-decea32bb3dc-SegmentedRaftLogWorker:Storage Directory /workdir/hadoop-ozone/ozonefs/target/test-dir/MiniOzoneClusterImpl-083ee7b7-6048-484a-8bff-e922192676bf/datanode-0/data/ratis/77b42eb3-7863-4e1b-a593-11acae9044cd: flushIndex: setUnconditionally 0 -> -1
2019-09-20 08:26:38,865 [pool-239-thread-1] INFO  server.RaftServerConfigKeys (ConfUtils.java:logGet(43)) - raft.server.snapshot.auto.trigger.enabled = true (custom)
2019-09-20 08:26:38,866 [pool-239-thread-1] INFO  server.RaftServerConfigKeys (ConfUtils.java:logGet(43)) - raft.server.snapshot.auto.trigger.threshold = 10000 (custom)
2019-09-20 08:26:38,866 [pool-239-thread-1] INFO  server.RaftServerConfigKeys (ConfUtils.java:logGet(43)) - raft.server.retrycache.expirytime = 600000ms (custom)
2019-09-20 08:26:38,866 [pool-239-thread-1] INFO  impl.RaftServerImpl (RaftServerImpl.java:start(180)) - b15ba93f-acd0-4121-9586-decea32bb3dc: start group-11ACAE9044CD
2019-09-20 08:26:38,866 [pool-239-thread-1] INFO  impl.RaftServerImpl (RaftServerImpl.java:setRole(171)) - b15ba93f-acd0-4121-9586-decea32bb3dc:group-11ACAE9044CD changes role from null to FOLLOWER at term 0 for startAsFollower
2019-09-20 08:26:38,866 [pool-239-thread-1] INFO  impl.RoleInfo (RoleInfo.java:updateAndGet(143)) - b15ba93f-acd0-4121-9586-decea32bb3dc: start FollowerState
2019-09-20 08:26:38,866 [pool-239-thread-1] INFO  util.JmxRegister (JmxRegister.java:tryRegister(44)) - Successfully registered JMX Bean with object name Ratis:service=RaftServer,group=group-11ACAE9044CD,id=b15ba93f-acd0-4121-9586-decea32bb3dc
2019-09-20 08:26:38,870 [RatisPipelineUtilsThread] INFO  pipeline.PipelineStateManager (PipelineStateManager.java:addPipeline(56)) - Created pipeline Pipeline[ Id: 77b42eb3-7863-4e1b-a593-11acae9044cd, Nodes: b15ba93f-acd0-4121-9586-decea32bb3dc{ip: 192.168.34.27, host: pr-hdds-1569-6tbh6-3362816358, networkLocation: /default-rack, certSerialId: null}, Type:RATIS, Factor:ONE, State:OPEN]
2019-09-20 08:26:38,877 [grpc-default-executor-0] INFO  impl.RaftServerProxy (RaftServerProxy.java:addNew(89)) - b15ba93f-acd0-4121-9586-decea32bb3dc: addNew group-3D5707E83EE3:[b15ba93f-acd0-4121-9586-decea32bb3dc:192.168.34.27:39913] returns group-3D5707E83EE3:java.util.concurrent.CompletableFuture@6bb38cf5[Not completed]
2019-09-20 08:26:38,878 [pool-239-thread-1] INFO  impl.RaftServerImpl (RaftServerImpl.java:<init>(93)) - b15ba93f-acd0-4121-9586-decea32bb3dc: new RaftServerImpl for group-3D5707E83EE3:[b15ba93f-acd0-4121-9586-decea32bb3dc:192.168.34.27:39913] with ContainerStateMachine:uninitialized
2019-09-20 08:26:38,878 [pool-239-thread-1] INFO  server.RaftServerConfigKeys (ConfUtils.java:logGet(43)) - raft.server.rpc.timeout.min = 5s (custom)
2019-09-20 08:26:38,878 [pool-239-thread-1] INFO  server.RaftServerConfigKeys (ConfUtils.java:logGet(43)) - raft.server.rpc.timeout.max = 5200ms (custom)
2019-09-20 08:26:38,878 [pool-239-thread-1] INFO  server.RaftServerConfigKeys (ConfUtils.java:logGet(43)) - raft.server.rpcslowness.timeout = 120s (custom)
2019-09-20 08:26:38,878 [pool-239-thread-1] INFO  server.RaftServerConfigKeys (ConfUtils.java:logGet(43)) - raft.server.sleep.deviation.threshold = 300 (default)
2019-09-20 08:26:38,878 [pool-239-thread-1] INFO  server.RaftServerConfigKeys (ConfUtils.java:logGet(43)) - raft.server.log.appender.install.snapshot.enabled = false (custom)
2019-09-20 08:26:38,878 [pool-239-thread-1] INFO  impl.RaftServerImpl (ServerState.java:<init>(105)) - b15ba93f-acd0-4121-9586-decea32bb3dc:group-3D5707E83EE3 ConfigurationManager, init=-1: [b15ba93f-acd0-4121-9586-decea32bb3dc:192.168.34.27:39913], old=null, confs=<EMPTY_MAP>
2019-09-20 08:26:38,879 [pool-239-thread-1] INFO  server.RaftServerConfigKeys (ConfUtils.java:logGet(43)) - raft.server.storage.dir = [/workdir/hadoop-ozone/ozonefs/target/test-dir/MiniOzoneClusterImpl-083ee7b7-6048-484a-8bff-e922192676bf/datanode-0/data/ratis] (custom)
2019-09-20 08:26:38,880 [pool-239-thread-1] INFO  storage.RaftStorageDirectory (RaftStorageDirectory.java:analyzeStorage(246)) - The storage directory /workdir/hadoop-ozone/ozonefs/target/test-dir/MiniOzoneClusterImpl-083ee7b7-6048-484a-8bff-e922192676bf/datanode-0/data/ratis/c39bef66-0445-4d57-8a7b-3d5707e83ee3 does not exist. Creating ...
2019-09-20 08:26:38,893 [pool-239-thread-1] INFO  storage.RaftStorageDirectory (RaftStorageDirectory.java:tryLock(328)) - Lock on /workdir/hadoop-ozone/ozonefs/target/test-dir/MiniOzoneClusterImpl-083ee7b7-6048-484a-8bff-e922192676bf/datanode-0/data/ratis/c39bef66-0445-4d57-8a7b-3d5707e83ee3/in_use.lock acquired by nodename 28782@pr-hdds-1569-6tbh6-3362816358
2019-09-20 08:26:38,896 [pool-239-thread-1] INFO  storage.RaftStorage (RaftStorage.java:format(72)) - Storage directory /workdir/hadoop-ozone/ozonefs/target/test-dir/MiniOzoneClusterImpl-083ee7b7-6048-484a-8bff-e922192676bf/datanode-0/data/ratis/c39bef66-0445-4d57-8a7b-3d5707e83ee3 has been successfully formatted.
2019-09-20 08:26:38,896 [pool-239-thread-1] INFO  ratis.ContainerStateMachine (ContainerStateMachine.java:loadSnapshot(226)) - group-3D5707E83EE3: The snapshot info is null. Setting the last applied indexto:(t:0, i:~)
2019-09-20 08:26:38,896 [pool-239-thread-1] INFO  server.RaftServerConfigKeys (ConfUtils.java:logGet(43)) - raft.server.leader.election.timeout = 120s (custom)
2019-09-20 08:26:38,896 [pool-239-thread-1] INFO  server.RaftServerConfigKeys (ConfUtils.java:logGet(43)) - raft.server.log.use.memory = false (default)
2019-09-20 08:26:38,897 [pool-239-thread-1] INFO  server.RaftServerConfigKeys (ConfUtils.java:logGet(43)) - raft.server.log.purge.gap = 1000000 (custom)
2019-09-20 08:26:38,897 [pool-239-thread-1] INFO  server.RaftServerConfigKeys (ConfUtils.java:logGet(43)) - raft.server.log.appender.buffer.byte-limit = 33554432 (custom)
2019-09-20 08:26:38,897 [pool-239-thread-1] INFO  server.RaftServerConfigKeys (ConfUtils.java:logGet(43)) - raft.server.log.segment.size.max = 1048576 (custom)
2019-09-20 08:26:38,897 [pool-239-thread-1] INFO  server.RaftServerConfigKeys (ConfUtils.java:logGet(43)) - raft.server.log.segment.cache.num.max = 2 (custom)
2019-09-20 08:26:38,897 [pool-239-thread-1] INFO  segmented.SegmentedRaftLogWorker (SegmentedRaftLogWorker.java:<init>(172)) - new b15ba93f-acd0-4121-9586-decea32bb3dc-SegmentedRaftLogWorker:Storage Directory /workdir/hadoop-ozone/ozonefs/target/test-dir/MiniOzoneClusterImpl-083ee7b7-6048-484a-8bff-e922192676bf/datanode-0/data/ratis/c39bef66-0445-4d57-8a7b-3d5707e83ee3 for RaftStorage:Storage Directory /workdir/hadoop-ozone/ozonefs/target/test-dir/MiniOzoneClusterImpl-083ee7b7-6048-484a-8bff-e922192676bf/datanode-0/data/ratis/c39bef66-0445-4d57-8a7b-3d5707e83ee3
2019-09-20 08:26:38,897 [pool-239-thread-1] INFO  server.RaftServerConfigKeys (ConfUtils.java:logGet(43)) - raft.server.log.queue.byte-limit = 2147483647 (custom)
2019-09-20 08:26:38,897 [pool-239-thread-1] INFO  server.RaftServerConfigKeys (ConfUtils.java:logGet(43)) - raft.server.log.queue.element-limit = 1024 (custom)
2019-09-20 08:26:38,897 [pool-239-thread-1] INFO  server.RaftServerConfigKeys (ConfUtils.java:logGet(43)) - raft.server.log.segment.size.max = 1048576 (custom)
2019-09-20 08:26:38,898 [pool-239-thread-1] INFO  server.RaftServerConfigKeys (ConfUtils.java:logGet(43)) - raft.server.log.preallocated.size = 16384 (custom)
2019-09-20 08:26:38,898 [pool-239-thread-1] INFO  server.RaftServerConfigKeys (ConfUtils.java:logGet(43)) - raft.server.log.write.buffer.size = 33554432 (custom)
2019-09-20 08:26:38,898 [pool-239-thread-1] INFO  server.RaftServerConfigKeys (ConfUtils.java:logGet(43)) - raft.server.log.force.sync.num = 128 (default)
2019-09-20 08:26:38,898 [pool-239-thread-1] INFO  server.RaftServerConfigKeys (ConfUtils.java:logGet(43)) - raft.server.log.statemachine.data.sync = true (default)
2019-09-20 08:26:38,898 [pool-239-thread-1] INFO  server.RaftServerConfigKeys (ConfUtils.java:logGet(43)) - raft.server.log.statemachine.data.sync.timeout = 10s (default)
2019-09-20 08:26:38,898 [pool-239-thread-1] INFO  server.RaftServerConfigKeys (ConfUtils.java:logGet(43)) - raft.server.log.statemachine.data.sync.timeout.retry = -1 (default)
2019-09-20 08:26:38,898 [pool-239-thread-1] INFO  server.RaftServerConfigKeys (ConfUtils.java:logGet(43)) - raft.server.log.statemachine.data.caching.enabled = true (custom)
2019-09-20 08:26:38,899 [pool-239-thread-1] INFO  segmented.SegmentedRaftLogWorker (SegmentedRaftLogWorker.java:lambda$new$0(132)) - b15ba93f-acd0-4121-9586-decea32bb3dc-SegmentedRaftLogWorker:Storage Directory /workdir/hadoop-ozone/ozonefs/target/test-dir/MiniOzoneClusterImpl-083ee7b7-6048-484a-8bff-e922192676bf/datanode-0/data/ratis/c39bef66-0445-4d57-8a7b-3d5707e83ee3: flushIndex: setUnconditionally 0 -> -1
2019-09-20 08:26:38,899 [pool-239-thread-1] INFO  server.RaftServerConfigKeys (ConfUtils.java:logGet(43)) - raft.server.snapshot.auto.trigger.enabled = true (custom)
2019-09-20 08:26:38,899 [pool-239-thread-1] INFO  server.RaftServerConfigKeys (ConfUtils.java:logGet(43)) - raft.server.snapshot.auto.trigger.threshold = 10000 (custom)
2019-09-20 08:26:38,899 [pool-239-thread-1] INFO  server.RaftServerConfigKeys (ConfUtils.java:logGet(43)) - raft.server.retrycache.expirytime = 600000ms (custom)
2019-09-20 08:26:38,899 [pool-239-thread-1] INFO  impl.RaftServerImpl (RaftServerImpl.java:start(180)) - b15ba93f-acd0-4121-9586-decea32bb3dc: start group-3D5707E83EE3
2019-09-20 08:26:38,900 [pool-239-thread-1] INFO  impl.RaftServerImpl (RaftServerImpl.java:setRole(171)) - b15ba93f-acd0-4121-9586-decea32bb3dc:group-3D5707E83EE3 changes role from null to FOLLOWER at term 0 for startAsFollower
2019-09-20 08:26:38,900 [pool-239-thread-1] INFO  impl.RoleInfo (RoleInfo.java:updateAndGet(143)) - b15ba93f-acd0-4121-9586-decea32bb3dc: start FollowerState
2019-09-20 08:26:38,900 [pool-239-thread-1] INFO  util.JmxRegister (JmxRegister.java:tryRegister(44)) - Successfully registered JMX Bean with object name Ratis:service=RaftServer,group=group-3D5707E83EE3,id=b15ba93f-acd0-4121-9586-decea32bb3dc
2019-09-20 08:26:38,903 [RatisPipelineUtilsThread] INFO  pipeline.PipelineStateManager (PipelineStateManager.java:addPipeline(56)) - Created pipeline Pipeline[ Id: c39bef66-0445-4d57-8a7b-3d5707e83ee3, Nodes: b15ba93f-acd0-4121-9586-decea32bb3dc{ip: 192.168.34.27, host: pr-hdds-1569-6tbh6-3362816358, networkLocation: /default-rack, certSerialId: null}, Type:RATIS, Factor:ONE, State:OPEN]
2019-09-20 08:26:38,909 [grpc-default-executor-0] INFO  impl.RaftServerProxy (RaftServerProxy.java:addNew(89)) - b15ba93f-acd0-4121-9586-decea32bb3dc: addNew group-7F5E78A68E3D:[b15ba93f-acd0-4121-9586-decea32bb3dc:192.168.34.27:39913] returns group-7F5E78A68E3D:java.util.concurrent.CompletableFuture@4aa2c1e0[Not completed]
2019-09-20 08:26:38,909 [pool-239-thread-1] INFO  impl.RaftServerImpl (RaftServerImpl.java:<init>(93)) - b15ba93f-acd0-4121-9586-decea32bb3dc: new RaftServerImpl for group-7F5E78A68E3D:[b15ba93f-acd0-4121-9586-decea32bb3dc:192.168.34.27:39913] with ContainerStateMachine:uninitialized
2019-09-20 08:26:38,910 [pool-239-thread-1] INFO  server.RaftServerConfigKeys (ConfUtils.java:logGet(43)) - raft.server.rpc.timeout.min = 5s (custom)
2019-09-20 08:26:38,910 [pool-239-thread-1] INFO  server.RaftServerConfigKeys (ConfUtils.java:logGet(43)) - raft.server.rpc.timeout.max = 5200ms (custom)
2019-09-20 08:26:38,910 [pool-239-thread-1] INFO  server.RaftServerConfigKeys (ConfUtils.java:logGet(43)) - raft.server.rpcslowness.timeout = 120s (custom)
2019-09-20 08:26:38,910 [pool-239-thread-1] INFO  server.RaftServerConfigKeys (ConfUtils.java:logGet(43)) - raft.server.sleep.deviation.threshold = 300 (default)
2019-09-20 08:26:38,910 [pool-239-thread-1] INFO  server.RaftServerConfigKeys (ConfUtils.java:logGet(43)) - raft.server.log.appender.install.snapshot.enabled = false (custom)
2019-09-20 08:26:38,910 [pool-239-thread-1] INFO  impl.RaftServerImpl (ServerState.java:<init>(105)) - b15ba93f-acd0-4121-9586-decea32bb3dc:group-7F5E78A68E3D ConfigurationManager, init=-1: [b15ba93f-acd0-4121-9586-decea32bb3dc:192.168.34.27:39913], old=null, confs=<EMPTY_MAP>
2019-09-20 08:26:38,910 [pool-239-thread-1] INFO  server.RaftServerConfigKeys (ConfUtils.java:logGet(43)) - raft.server.storage.dir = [/workdir/hadoop-ozone/ozonefs/target/test-dir/MiniOzoneClusterImpl-083ee7b7-6048-484a-8bff-e922192676bf/datanode-0/data/ratis] (custom)
2019-09-20 08:26:38,911 [pool-239-thread-1] INFO  storage.RaftStorageDirectory (RaftStorageDirectory.java:analyzeStorage(246)) - The storage directory /workdir/hadoop-ozone/ozonefs/target/test-dir/MiniOzoneClusterImpl-083ee7b7-6048-484a-8bff-e922192676bf/datanode-0/data/ratis/5d208329-4735-4664-8687-7f5e78a68e3d does not exist. Creating ...
2019-09-20 08:26:38,914 [pool-239-thread-1] INFO  storage.RaftStorageDirectory (RaftStorageDirectory.java:tryLock(328)) - Lock on /workdir/hadoop-ozone/ozonefs/target/test-dir/MiniOzoneClusterImpl-083ee7b7-6048-484a-8bff-e922192676bf/datanode-0/data/ratis/5d208329-4735-4664-8687-7f5e78a68e3d/in_use.lock acquired by nodename 28782@pr-hdds-1569-6tbh6-3362816358
2019-09-20 08:26:38,917 [pool-239-thread-1] INFO  storage.RaftStorage (RaftStorage.java:format(72)) - Storage directory /workdir/hadoop-ozone/ozonefs/target/test-dir/MiniOzoneClusterImpl-083ee7b7-6048-484a-8bff-e922192676bf/datanode-0/data/ratis/5d208329-4735-4664-8687-7f5e78a68e3d has been successfully formatted.
2019-09-20 08:26:38,917 [pool-239-thread-1] INFO  ratis.ContainerStateMachine (ContainerStateMachine.java:loadSnapshot(226)) - group-7F5E78A68E3D: The snapshot info is null. Setting the last applied indexto:(t:0, i:~)
2019-09-20 08:26:38,917 [pool-239-thread-1] INFO  server.RaftServerConfigKeys (ConfUtils.java:logGet(43)) - raft.server.leader.election.timeout = 120s (custom)
2019-09-20 08:26:38,917 [pool-239-thread-1] INFO  server.RaftServerConfigKeys (ConfUtils.java:logGet(43)) - raft.server.log.use.memory = false (default)
2019-09-20 08:26:38,917 [pool-239-thread-1] INFO  server.RaftServerConfigKeys (ConfUtils.java:logGet(43)) - raft.server.log.purge.gap = 1000000 (custom)
2019-09-20 08:26:38,917 [pool-239-thread-1] INFO  server.RaftServerConfigKeys (ConfUtils.java:logGet(43)) - raft.server.log.appender.buffer.byte-limit = 33554432 (custom)
2019-09-20 08:26:38,917 [pool-239-thread-1] INFO  server.RaftServerConfigKeys (ConfUtils.java:logGet(43)) - raft.server.log.segment.size.max = 1048576 (custom)
2019-09-20 08:26:38,918 [pool-239-thread-1] INFO  server.RaftServerConfigKeys (ConfUtils.java:logGet(43)) - raft.server.log.segment.cache.num.max = 2 (custom)
2019-09-20 08:26:38,918 [pool-239-thread-1] INFO  segmented.SegmentedRaftLogWorker (SegmentedRaftLogWorker.java:<init>(172)) - new b15ba93f-acd0-4121-9586-decea32bb3dc-SegmentedRaftLogWorker:Storage Directory /workdir/hadoop-ozone/ozonefs/target/test-dir/MiniOzoneClusterImpl-083ee7b7-6048-484a-8bff-e922192676bf/datanode-0/data/ratis/5d208329-4735-4664-8687-7f5e78a68e3d for RaftStorage:Storage Directory /workdir/hadoop-ozone/ozonefs/target/test-dir/MiniOzoneClusterImpl-083ee7b7-6048-484a-8bff-e922192676bf/datanode-0/data/ratis/5d208329-4735-4664-8687-7f5e78a68e3d
2019-09-20 08:26:38,918 [pool-239-thread-1] INFO  server.RaftServerConfigKeys (ConfUtils.java:logGet(43)) - raft.server.log.queue.byte-limit = 2147483647 (custom)
2019-09-20 08:26:38,918 [pool-239-thread-1] INFO  server.RaftServerConfigKeys (ConfUtils.java:logGet(43)) - raft.server.log.queue.element-limit = 1024 (custom)
2019-09-20 08:26:38,918 [pool-239-thread-1] INFO  server.RaftServerConfigKeys (ConfUtils.java:logGet(43)) - raft.server.log.segment.size.max = 1048576 (custom)
2019-09-20 08:26:38,918 [pool-239-thread-1] INFO  server.RaftServerConfigKeys (ConfUtils.java:logGet(43)) - raft.server.log.preallocated.size = 16384 (custom)
2019-09-20 08:26:38,918 [pool-239-thread-1] INFO  server.RaftServerConfigKeys (ConfUtils.java:logGet(43)) - raft.server.log.write.buffer.size = 33554432 (custom)
2019-09-20 08:26:38,918 [pool-239-thread-1] INFO  server.RaftServerConfigKeys (ConfUtils.java:logGet(43)) - raft.server.log.force.sync.num = 128 (default)
2019-09-20 08:26:38,918 [pool-239-thread-1] INFO  server.RaftServerConfigKeys (ConfUtils.java:logGet(43)) - raft.server.log.statemachine.data.sync = true (default)
2019-09-20 08:26:38,918 [pool-239-thread-1] INFO  server.RaftServerConfigKeys (ConfUtils.java:logGet(43)) - raft.server.log.statemachine.data.sync.timeout = 10s (default)
2019-09-20 08:26:38,919 [pool-239-thread-1] INFO  server.RaftServerConfigKeys (ConfUtils.java:logGet(43)) - raft.server.log.statemachine.data.sync.timeout.retry = -1 (default)
2019-09-20 08:26:38,919 [pool-239-thread-1] INFO  server.RaftServerConfigKeys (ConfUtils.java:logGet(43)) - raft.server.log.statemachine.data.caching.enabled = true (custom)
2019-09-20 08:26:38,919 [pool-239-thread-1] INFO  segmented.SegmentedRaftLogWorker (SegmentedRaftLogWorker.java:lambda$new$0(132)) - b15ba93f-acd0-4121-9586-decea32bb3dc-SegmentedRaftLogWorker:Storage Directory /workdir/hadoop-ozone/ozonefs/target/test-dir/MiniOzoneClusterImpl-083ee7b7-6048-484a-8bff-e922192676bf/datanode-0/data/ratis/5d208329-4735-4664-8687-7f5e78a68e3d: flushIndex: setUnconditionally 0 -> -1
2019-09-20 08:26:38,919 [pool-239-thread-1] INFO  server.RaftServerConfigKeys (ConfUtils.java:logGet(43)) - raft.server.snapshot.auto.trigger.enabled = true (custom)
2019-09-20 08:26:38,919 [pool-239-thread-1] INFO  server.RaftServerConfigKeys (ConfUtils.java:logGet(43)) - raft.server.snapshot.auto.trigger.threshold = 10000 (custom)
2019-09-20 08:26:38,919 [pool-239-thread-1] INFO  server.RaftServerConfigKeys (ConfUtils.java:logGet(43)) - raft.server.retrycache.expirytime = 600000ms (custom)
2019-09-20 08:26:38,920 [pool-239-thread-1] INFO  impl.RaftServerImpl (RaftServerImpl.java:start(180)) - b15ba93f-acd0-4121-9586-decea32bb3dc: start group-7F5E78A68E3D
2019-09-20 08:26:38,920 [pool-239-thread-1] INFO  impl.RaftServerImpl (RaftServerImpl.java:setRole(171)) - b15ba93f-acd0-4121-9586-decea32bb3dc:group-7F5E78A68E3D changes role from null to FOLLOWER at term 0 for startAsFollower
2019-09-20 08:26:38,920 [pool-239-thread-1] INFO  impl.RoleInfo (RoleInfo.java:updateAndGet(143)) - b15ba93f-acd0-4121-9586-decea32bb3dc: start FollowerState
2019-09-20 08:26:38,920 [pool-239-thread-1] INFO  util.JmxRegister (JmxRegister.java:tryRegister(44)) - Successfully registered JMX Bean with object name Ratis:service=RaftServer,group=group-7F5E78A68E3D,id=b15ba93f-acd0-4121-9586-decea32bb3dc
2019-09-20 08:26:38,922 [RatisPipelineUtilsThread] INFO  pipeline.PipelineStateManager (PipelineStateManager.java:addPipeline(56)) - Created pipeline Pipeline[ Id: 5d208329-4735-4664-8687-7f5e78a68e3d, Nodes: b15ba93f-acd0-4121-9586-decea32bb3dc{ip: 192.168.34.27, host: pr-hdds-1569-6tbh6-3362816358, networkLocation: /default-rack, certSerialId: null}, Type:RATIS, Factor:ONE, State:OPEN]
2019-09-20 08:26:38,927 [grpc-default-executor-0] INFO  impl.RaftServerProxy (RaftServerProxy.java:addNew(89)) - b15ba93f-acd0-4121-9586-decea32bb3dc: addNew group-F54023A364D2:[b15ba93f-acd0-4121-9586-decea32bb3dc:192.168.34.27:39913] returns group-F54023A364D2:java.util.concurrent.CompletableFuture@6ffd13ff[Not completed]
2019-09-20 08:26:38,928 [pool-239-thread-1] INFO  impl.RaftServerImpl (RaftServerImpl.java:<init>(93)) - b15ba93f-acd0-4121-9586-decea32bb3dc: new RaftServerImpl for group-F54023A364D2:[b15ba93f-acd0-4121-9586-decea32bb3dc:192.168.34.27:39913] with ContainerStateMachine:uninitialized
2019-09-20 08:26:38,928 [pool-239-thread-1] INFO  server.RaftServerConfigKeys (ConfUtils.java:logGet(43)) - raft.server.rpc.timeout.min = 5s (custom)
2019-09-20 08:26:38,929 [pool-239-thread-1] INFO  server.RaftServerConfigKeys (ConfUtils.java:logGet(43)) - raft.server.rpc.timeout.max = 5200ms (custom)
2019-09-20 08:26:38,929 [pool-239-thread-1] INFO  server.RaftServerConfigKeys (ConfUtils.java:logGet(43)) - raft.server.rpcslowness.timeout = 120s (custom)
2019-09-20 08:26:38,929 [pool-239-thread-1] INFO  server.RaftServerConfigKeys (ConfUtils.java:logGet(43)) - raft.server.sleep.deviation.threshold = 300 (default)
2019-09-20 08:26:38,929 [pool-239-thread-1] INFO  server.RaftServerConfigKeys (ConfUtils.java:logGet(43)) - raft.server.log.appender.install.snapshot.enabled = false (custom)
2019-09-20 08:26:38,929 [pool-239-thread-1] INFO  impl.RaftServerImpl (ServerState.java:<init>(105)) - b15ba93f-acd0-4121-9586-decea32bb3dc:group-F54023A364D2 ConfigurationManager, init=-1: [b15ba93f-acd0-4121-9586-decea32bb3dc:192.168.34.27:39913], old=null, confs=<EMPTY_MAP>
2019-09-20 08:26:38,929 [pool-239-thread-1] INFO  server.RaftServerConfigKeys (ConfUtils.java:logGet(43)) - raft.server.storage.dir = [/workdir/hadoop-ozone/ozonefs/target/test-dir/MiniOzoneClusterImpl-083ee7b7-6048-484a-8bff-e922192676bf/datanode-0/data/ratis] (custom)
2019-09-20 08:26:38,930 [pool-239-thread-1] INFO  storage.RaftStorageDirectory (RaftStorageDirectory.java:analyzeStorage(246)) - The storage directory /workdir/hadoop-ozone/ozonefs/target/test-dir/MiniOzoneClusterImpl-083ee7b7-6048-484a-8bff-e922192676bf/datanode-0/data/ratis/49a5c226-f95c-4a18-b459-f54023a364d2 does not exist. Creating ...
2019-09-20 08:26:38,932 [pool-239-thread-1] INFO  storage.RaftStorageDirectory (RaftStorageDirectory.java:tryLock(328)) - Lock on /workdir/hadoop-ozone/ozonefs/target/test-dir/MiniOzoneClusterImpl-083ee7b7-6048-484a-8bff-e922192676bf/datanode-0/data/ratis/49a5c226-f95c-4a18-b459-f54023a364d2/in_use.lock acquired by nodename 28782@pr-hdds-1569-6tbh6-3362816358
2019-09-20 08:26:38,937 [pool-239-thread-1] INFO  storage.RaftStorage (RaftStorage.java:format(72)) - Storage directory /workdir/hadoop-ozone/ozonefs/target/test-dir/MiniOzoneClusterImpl-083ee7b7-6048-484a-8bff-e922192676bf/datanode-0/data/ratis/49a5c226-f95c-4a18-b459-f54023a364d2 has been successfully formatted.
2019-09-20 08:26:38,937 [pool-239-thread-1] INFO  ratis.ContainerStateMachine (ContainerStateMachine.java:loadSnapshot(226)) - group-F54023A364D2: The snapshot info is null. Setting the last applied indexto:(t:0, i:~)
2019-09-20 08:26:38,937 [pool-239-thread-1] INFO  server.RaftServerConfigKeys (ConfUtils.java:logGet(43)) - raft.server.leader.election.timeout = 120s (custom)
2019-09-20 08:26:38,937 [pool-239-thread-1] INFO  server.RaftServerConfigKeys (ConfUtils.java:logGet(43)) - raft.server.log.use.memory = false (default)
2019-09-20 08:26:38,937 [pool-239-thread-1] INFO  server.RaftServerConfigKeys (ConfUtils.java:logGet(43)) - raft.server.log.purge.gap = 1000000 (custom)
2019-09-20 08:26:38,938 [pool-239-thread-1] INFO  server.RaftServerConfigKeys (ConfUtils.java:logGet(43)) - raft.server.log.appender.buffer.byte-limit = 33554432 (custom)
2019-09-20 08:26:38,938 [pool-239-thread-1] INFO  server.RaftServerConfigKeys (ConfUtils.java:logGet(43)) - raft.server.log.segment.size.max = 1048576 (custom)
2019-09-20 08:26:38,938 [pool-239-thread-1] INFO  server.RaftServerConfigKeys (ConfUtils.java:logGet(43)) - raft.server.log.segment.cache.num.max = 2 (custom)
2019-09-20 08:26:38,938 [pool-239-thread-1] INFO  segmented.SegmentedRaftLogWorker (SegmentedRaftLogWorker.java:<init>(172)) - new b15ba93f-acd0-4121-9586-decea32bb3dc-SegmentedRaftLogWorker:Storage Directory /workdir/hadoop-ozone/ozonefs/target/test-dir/MiniOzoneClusterImpl-083ee7b7-6048-484a-8bff-e922192676bf/datanode-0/data/ratis/49a5c226-f95c-4a18-b459-f54023a364d2 for RaftStorage:Storage Directory /workdir/hadoop-ozone/ozonefs/target/test-dir/MiniOzoneClusterImpl-083ee7b7-6048-484a-8bff-e922192676bf/datanode-0/data/ratis/49a5c226-f95c-4a18-b459-f54023a364d2
2019-09-20 08:26:38,938 [pool-239-thread-1] INFO  server.RaftServerConfigKeys (ConfUtils.java:logGet(43)) - raft.server.log.queue.byte-limit = 2147483647 (custom)
2019-09-20 08:26:38,938 [pool-239-thread-1] INFO  server.RaftServerConfigKeys (ConfUtils.java:logGet(43)) - raft.server.log.queue.element-limit = 1024 (custom)
2019-09-20 08:26:38,938 [pool-239-thread-1] INFO  server.RaftServerConfigKeys (ConfUtils.java:logGet(43)) - raft.server.log.segment.size.max = 1048576 (custom)
2019-09-20 08:26:38,938 [pool-239-thread-1] INFO  server.RaftServerConfigKeys (ConfUtils.java:logGet(43)) - raft.server.log.preallocated.size = 16384 (custom)
2019-09-20 08:26:38,938 [pool-239-thread-1] INFO  server.RaftServerConfigKeys (ConfUtils.java:logGet(43)) - raft.server.log.write.buffer.size = 33554432 (custom)
2019-09-20 08:26:38,939 [pool-239-thread-1] INFO  server.RaftServerConfigKeys (ConfUtils.java:logGet(43)) - raft.server.log.force.sync.num = 128 (default)
2019-09-20 08:26:38,939 [pool-239-thread-1] INFO  server.RaftServerConfigKeys (ConfUtils.java:logGet(43)) - raft.server.log.statemachine.data.sync = true (default)
2019-09-20 08:26:38,939 [pool-239-thread-1] INFO  server.RaftServerConfigKeys (ConfUtils.java:logGet(43)) - raft.server.log.statemachine.data.sync.timeout = 10s (default)
2019-09-20 08:26:38,939 [pool-239-thread-1] INFO  server.RaftServerConfigKeys (ConfUtils.java:logGet(43)) - raft.server.log.statemachine.data.sync.timeout.retry = -1 (default)
2019-09-20 08:26:38,939 [pool-239-thread-1] INFO  server.RaftServerConfigKeys (ConfUtils.java:logGet(43)) - raft.server.log.statemachine.data.caching.enabled = true (custom)
2019-09-20 08:26:38,939 [pool-239-thread-1] INFO  segmented.SegmentedRaftLogWorker (SegmentedRaftLogWorker.java:lambda$new$0(132)) - b15ba93f-acd0-4121-9586-decea32bb3dc-SegmentedRaftLogWorker:Storage Directory /workdir/hadoop-ozone/ozonefs/target/test-dir/MiniOzoneClusterImpl-083ee7b7-6048-484a-8bff-e922192676bf/datanode-0/data/ratis/49a5c226-f95c-4a18-b459-f54023a364d2: flushIndex: setUnconditionally 0 -> -1
2019-09-20 08:26:38,939 [pool-239-thread-1] INFO  server.RaftServerConfigKeys (ConfUtils.java:logGet(43)) - raft.server.snapshot.auto.trigger.enabled = true (custom)
2019-09-20 08:26:38,940 [pool-239-thread-1] INFO  server.RaftServerConfigKeys (ConfUtils.java:logGet(43)) - raft.server.snapshot.auto.trigger.threshold = 10000 (custom)
2019-09-20 08:26:38,940 [pool-239-thread-1] INFO  server.RaftServerConfigKeys (ConfUtils.java:logGet(43)) - raft.server.retrycache.expirytime = 600000ms (custom)
2019-09-20 08:26:38,940 [pool-239-thread-1] INFO  impl.RaftServerImpl (RaftServerImpl.java:start(180)) - b15ba93f-acd0-4121-9586-decea32bb3dc: start group-F54023A364D2
2019-09-20 08:26:38,940 [pool-239-thread-1] INFO  impl.RaftServerImpl (RaftServerImpl.java:setRole(171)) - b15ba93f-acd0-4121-9586-decea32bb3dc:group-F54023A364D2 changes role from null to FOLLOWER at term 0 for startAsFollower
2019-09-20 08:26:38,940 [pool-239-thread-1] INFO  impl.RoleInfo (RoleInfo.java:updateAndGet(143)) - b15ba93f-acd0-4121-9586-decea32bb3dc: start FollowerState
2019-09-20 08:26:38,940 [pool-239-thread-1] INFO  util.JmxRegister (JmxRegister.java:tryRegister(44)) - Successfully registered JMX Bean with object name Ratis:service=RaftServer,group=group-F54023A364D2,id=b15ba93f-acd0-4121-9586-decea32bb3dc
2019-09-20 08:26:38,943 [RatisPipelineUtilsThread] INFO  pipeline.PipelineStateManager (PipelineStateManager.java:addPipeline(56)) - Created pipeline Pipeline[ Id: 49a5c226-f95c-4a18-b459-f54023a364d2, Nodes: b15ba93f-acd0-4121-9586-decea32bb3dc{ip: 192.168.34.27, host: pr-hdds-1569-6tbh6-3362816358, networkLocation: /default-rack, certSerialId: null}, Type:RATIS, Factor:ONE, State:OPEN]
2019-09-20 08:26:38,948 [grpc-default-executor-0] INFO  impl.RaftServerProxy (RaftServerProxy.java:addNew(89)) - b15ba93f-acd0-4121-9586-decea32bb3dc: addNew group-9C5407BA5540:[b15ba93f-acd0-4121-9586-decea32bb3dc:192.168.34.27:39913] returns group-9C5407BA5540:java.util.concurrent.CompletableFuture@364c9c80[Not completed]
2019-09-20 08:26:38,948 [pool-239-thread-1] INFO  impl.RaftServerImpl (RaftServerImpl.java:<init>(93)) - b15ba93f-acd0-4121-9586-decea32bb3dc: new RaftServerImpl for group-9C5407BA5540:[b15ba93f-acd0-4121-9586-decea32bb3dc:192.168.34.27:39913] with ContainerStateMachine:uninitialized
2019-09-20 08:26:38,949 [pool-239-thread-1] INFO  server.RaftServerConfigKeys (ConfUtils.java:logGet(43)) - raft.server.rpc.timeout.min = 5s (custom)
2019-09-20 08:26:38,949 [pool-239-thread-1] INFO  server.RaftServerConfigKeys (ConfUtils.java:logGet(43)) - raft.server.rpc.timeout.max = 5200ms (custom)
2019-09-20 08:26:38,949 [pool-239-thread-1] INFO  server.RaftServerConfigKeys (ConfUtils.java:logGet(43)) - raft.server.rpcslowness.timeout = 120s (custom)
2019-09-20 08:26:38,949 [pool-239-thread-1] INFO  server.RaftServerConfigKeys (ConfUtils.java:logGet(43)) - raft.server.sleep.deviation.threshold = 300 (default)
2019-09-20 08:26:38,949 [pool-239-thread-1] INFO  server.RaftServerConfigKeys (ConfUtils.java:logGet(43)) - raft.server.log.appender.install.snapshot.enabled = false (custom)
2019-09-20 08:26:38,949 [pool-239-thread-1] INFO  impl.RaftServerImpl (ServerState.java:<init>(105)) - b15ba93f-acd0-4121-9586-decea32bb3dc:group-9C5407BA5540 ConfigurationManager, init=-1: [b15ba93f-acd0-4121-9586-decea32bb3dc:192.168.34.27:39913], old=null, confs=<EMPTY_MAP>
2019-09-20 08:26:38,949 [pool-239-thread-1] INFO  server.RaftServerConfigKeys (ConfUtils.java:logGet(43)) - raft.server.storage.dir = [/workdir/hadoop-ozone/ozonefs/target/test-dir/MiniOzoneClusterImpl-083ee7b7-6048-484a-8bff-e922192676bf/datanode-0/data/ratis] (custom)
2019-09-20 08:26:38,950 [pool-239-thread-1] INFO  storage.RaftStorageDirectory (RaftStorageDirectory.java:analyzeStorage(246)) - The storage directory /workdir/hadoop-ozone/ozonefs/target/test-dir/MiniOzoneClusterImpl-083ee7b7-6048-484a-8bff-e922192676bf/datanode-0/data/ratis/892a5eb4-cb99-4a6e-ac8b-9c5407ba5540 does not exist. Creating ...
2019-09-20 08:26:38,952 [pool-239-thread-1] INFO  storage.RaftStorageDirectory (RaftStorageDirectory.java:tryLock(328)) - Lock on /workdir/hadoop-ozone/ozonefs/target/test-dir/MiniOzoneClusterImpl-083ee7b7-6048-484a-8bff-e922192676bf/datanode-0/data/ratis/892a5eb4-cb99-4a6e-ac8b-9c5407ba5540/in_use.lock acquired by nodename 28782@pr-hdds-1569-6tbh6-3362816358
2019-09-20 08:26:38,955 [pool-239-thread-1] INFO  storage.RaftStorage (RaftStorage.java:format(72)) - Storage directory /workdir/hadoop-ozone/ozonefs/target/test-dir/MiniOzoneClusterImpl-083ee7b7-6048-484a-8bff-e922192676bf/datanode-0/data/ratis/892a5eb4-cb99-4a6e-ac8b-9c5407ba5540 has been successfully formatted.
2019-09-20 08:26:38,956 [pool-239-thread-1] INFO  ratis.ContainerStateMachine (ContainerStateMachine.java:loadSnapshot(226)) - group-9C5407BA5540: The snapshot info is null. Setting the last applied indexto:(t:0, i:~)
2019-09-20 08:26:38,956 [pool-239-thread-1] INFO  server.RaftServerConfigKeys (ConfUtils.java:logGet(43)) - raft.server.leader.election.timeout = 120s (custom)
2019-09-20 08:26:38,956 [pool-239-thread-1] INFO  server.RaftServerConfigKeys (ConfUtils.java:logGet(43)) - raft.server.log.use.memory = false (default)
2019-09-20 08:26:38,956 [pool-239-thread-1] INFO  server.RaftServerConfigKeys (ConfUtils.java:logGet(43)) - raft.server.log.purge.gap = 1000000 (custom)
2019-09-20 08:26:38,956 [pool-239-thread-1] INFO  server.RaftServerConfigKeys (ConfUtils.java:logGet(43)) - raft.server.log.appender.buffer.byte-limit = 33554432 (custom)
2019-09-20 08:26:38,956 [IPC Server handler 0 on 45694] INFO  net.NetworkTopology (NetworkTopologyImpl.java:add(110)) - Added a new node: /default-rack/450b4a05-ccf1-4a74-b0e9-8f60a565bcdf
2019-09-20 08:26:38,956 [pool-239-thread-1] INFO  server.RaftServerConfigKeys (ConfUtils.java:logGet(43)) - raft.server.log.segment.size.max = 1048576 (custom)
2019-09-20 08:26:38,957 [IPC Server handler 0 on 45694] INFO  node.SCMNodeManager (SCMNodeManager.java:register(273)) - Registered Data node : 450b4a05-ccf1-4a74-b0e9-8f60a565bcdf{ip: 192.168.34.27, host: pr-hdds-1569-6tbh6-3362816358, networkLocation: /default-rack, certSerialId: null}
2019-09-20 08:26:38,957 [pool-239-thread-1] INFO  server.RaftServerConfigKeys (ConfUtils.java:logGet(43)) - raft.server.log.segment.cache.num.max = 2 (custom)
2019-09-20 08:26:38,957 [pool-239-thread-1] INFO  segmented.SegmentedRaftLogWorker (SegmentedRaftLogWorker.java:<init>(172)) - new b15ba93f-acd0-4121-9586-decea32bb3dc-SegmentedRaftLogWorker:Storage Directory /workdir/hadoop-ozone/ozonefs/target/test-dir/MiniOzoneClusterImpl-083ee7b7-6048-484a-8bff-e922192676bf/datanode-0/data/ratis/892a5eb4-cb99-4a6e-ac8b-9c5407ba5540 for RaftStorage:Storage Directory /workdir/hadoop-ozone/ozonefs/target/test-dir/MiniOzoneClusterImpl-083ee7b7-6048-484a-8bff-e922192676bf/datanode-0/data/ratis/892a5eb4-cb99-4a6e-ac8b-9c5407ba5540
2019-09-20 08:26:38,957 [pool-239-thread-1] INFO  server.RaftServerConfigKeys (ConfUtils.java:logGet(43)) - raft.server.log.queue.byte-limit = 2147483647 (custom)
2019-09-20 08:26:38,957 | INFO  | SCMAudit | user=jenkins1000 | ip=192.168.34.27 | op=REGISTER {datanodeDetails=450b4a05-ccf1-4a74-b0e9-8f60a565bcdf{ip: 192.168.34.27, host: pr-hdds-1569-6tbh6-3362816358, networkLocation: /default-rack, certSerialId: null}} | ret=SUCCESS |  
2019-09-20 08:26:38,957 [pool-239-thread-1] INFO  server.RaftServerConfigKeys (ConfUtils.java:logGet(43)) - raft.server.log.queue.element-limit = 1024 (custom)
2019-09-20 08:26:38,957 [pool-239-thread-1] INFO  server.RaftServerConfigKeys (ConfUtils.java:logGet(43)) - raft.server.log.segment.size.max = 1048576 (custom)
2019-09-20 08:26:38,957 [pool-239-thread-1] INFO  server.RaftServerConfigKeys (ConfUtils.java:logGet(43)) - raft.server.log.preallocated.size = 16384 (custom)
2019-09-20 08:26:38,957 [pool-239-thread-1] INFO  server.RaftServerConfigKeys (ConfUtils.java:logGet(43)) - raft.server.log.write.buffer.size = 33554432 (custom)
2019-09-20 08:26:38,958 [pool-239-thread-1] INFO  server.RaftServerConfigKeys (ConfUtils.java:logGet(43)) - raft.server.log.force.sync.num = 128 (default)
2019-09-20 08:26:38,958 [pool-239-thread-1] INFO  server.RaftServerConfigKeys (ConfUtils.java:logGet(43)) - raft.server.log.statemachine.data.sync = true (default)
2019-09-20 08:26:38,958 [pool-239-thread-1] INFO  server.RaftServerConfigKeys (ConfUtils.java:logGet(43)) - raft.server.log.statemachine.data.sync.timeout = 10s (default)
2019-09-20 08:26:38,958 [pool-239-thread-1] INFO  server.RaftServerConfigKeys (ConfUtils.java:logGet(43)) - raft.server.log.statemachine.data.sync.timeout.retry = -1 (default)
2019-09-20 08:26:38,958 [pool-239-thread-1] INFO  server.RaftServerConfigKeys (ConfUtils.java:logGet(43)) - raft.server.log.statemachine.data.caching.enabled = true (custom)
2019-09-20 08:26:38,958 [pool-239-thread-1] INFO  segmented.SegmentedRaftLogWorker (SegmentedRaftLogWorker.java:lambda$new$0(132)) - b15ba93f-acd0-4121-9586-decea32bb3dc-SegmentedRaftLogWorker:Storage Directory /workdir/hadoop-ozone/ozonefs/target/test-dir/MiniOzoneClusterImpl-083ee7b7-6048-484a-8bff-e922192676bf/datanode-0/data/ratis/892a5eb4-cb99-4a6e-ac8b-9c5407ba5540: flushIndex: setUnconditionally 0 -> -1
2019-09-20 08:26:38,958 [pool-239-thread-1] INFO  server.RaftServerConfigKeys (ConfUtils.java:logGet(43)) - raft.server.snapshot.auto.trigger.enabled = true (custom)
2019-09-20 08:26:38,958 [pool-239-thread-1] INFO  server.RaftServerConfigKeys (ConfUtils.java:logGet(43)) - raft.server.snapshot.auto.trigger.threshold = 10000 (custom)
2019-09-20 08:26:38,959 [pool-239-thread-1] INFO  server.RaftServerConfigKeys (ConfUtils.java:logGet(43)) - raft.server.retrycache.expirytime = 600000ms (custom)
2019-09-20 08:26:38,959 [pool-239-thread-1] INFO  impl.RaftServerImpl (RaftServerImpl.java:start(180)) - b15ba93f-acd0-4121-9586-decea32bb3dc: start group-9C5407BA5540
2019-09-20 08:26:38,959 [pool-239-thread-1] INFO  impl.RaftServerImpl (RaftServerImpl.java:setRole(171)) - b15ba93f-acd0-4121-9586-decea32bb3dc:group-9C5407BA5540 changes role from null to FOLLOWER at term 0 for startAsFollower
2019-09-20 08:26:38,959 [pool-239-thread-1] INFO  impl.RoleInfo (RoleInfo.java:updateAndGet(143)) - b15ba93f-acd0-4121-9586-decea32bb3dc: start FollowerState
2019-09-20 08:26:38,959 [pool-239-thread-1] INFO  util.JmxRegister (JmxRegister.java:tryRegister(44)) - Successfully registered JMX Bean with object name Ratis:service=RaftServer,group=group-9C5407BA5540,id=b15ba93f-acd0-4121-9586-decea32bb3dc
2019-09-20 08:26:38,961 [RatisPipelineUtilsThread] INFO  pipeline.PipelineStateManager (PipelineStateManager.java:addPipeline(56)) - Created pipeline Pipeline[ Id: 892a5eb4-cb99-4a6e-ac8b-9c5407ba5540, Nodes: b15ba93f-acd0-4121-9586-decea32bb3dc{ip: 192.168.34.27, host: pr-hdds-1569-6tbh6-3362816358, networkLocation: /default-rack, certSerialId: null}, Type:RATIS, Factor:ONE, State:OPEN]
2019-09-20 08:26:38,962 [RatisPipelineUtilsThread] INFO  pipeline.PipelinePlacementPolicy (PipelinePlacementPolicy.java:meetCriteria(91)) - Pipeline Placement: Doesn't meet the criteria to be viable node： b15ba93f-acd0-4121-9586-decea32bb3dc Heaviness: 6 limit: 5
2019-09-20 08:26:38,968 [grpc-default-executor-0] INFO  impl.RaftServerProxy (RaftServerProxy.java:addNew(89)) - 450b4a05-ccf1-4a74-b0e9-8f60a565bcdf: addNew group-5779A9D8903C:[450b4a05-ccf1-4a74-b0e9-8f60a565bcdf:192.168.34.27:32870] returns group-5779A9D8903C:java.util.concurrent.CompletableFuture@5b4e9b67[Not completed]
2019-09-20 08:26:38,970 [pool-250-thread-1] INFO  impl.RaftServerImpl (RaftServerImpl.java:<init>(93)) - 450b4a05-ccf1-4a74-b0e9-8f60a565bcdf: new RaftServerImpl for group-5779A9D8903C:[450b4a05-ccf1-4a74-b0e9-8f60a565bcdf:192.168.34.27:32870] with ContainerStateMachine:uninitialized
2019-09-20 08:26:38,970 [pool-250-thread-1] INFO  server.RaftServerConfigKeys (ConfUtils.java:logGet(43)) - raft.server.rpc.timeout.min = 5s (custom)
2019-09-20 08:26:38,970 [pool-250-thread-1] INFO  server.RaftServerConfigKeys (ConfUtils.java:logGet(43)) - raft.server.rpc.timeout.max = 5200ms (custom)
2019-09-20 08:26:38,970 [pool-250-thread-1] INFO  server.RaftServerConfigKeys (ConfUtils.java:logGet(43)) - raft.server.rpcslowness.timeout = 120s (custom)
2019-09-20 08:26:38,970 [pool-250-thread-1] INFO  server.RaftServerConfigKeys (ConfUtils.java:logGet(43)) - raft.server.sleep.deviation.threshold = 300 (default)
2019-09-20 08:26:38,970 [pool-250-thread-1] INFO  server.RaftServerConfigKeys (ConfUtils.java:logGet(43)) - raft.server.log.appender.install.snapshot.enabled = false (custom)
2019-09-20 08:26:38,970 [pool-250-thread-1] INFO  impl.RaftServerImpl (ServerState.java:<init>(105)) - 450b4a05-ccf1-4a74-b0e9-8f60a565bcdf:group-5779A9D8903C ConfigurationManager, init=-1: [450b4a05-ccf1-4a74-b0e9-8f60a565bcdf:192.168.34.27:32870], old=null, confs=<EMPTY_MAP>
2019-09-20 08:26:38,971 [pool-250-thread-1] INFO  server.RaftServerConfigKeys (ConfUtils.java:logGet(43)) - raft.server.storage.dir = [/workdir/hadoop-ozone/ozonefs/target/test-dir/MiniOzoneClusterImpl-083ee7b7-6048-484a-8bff-e922192676bf/datanode-1/data/ratis] (custom)
2019-09-20 08:26:38,971 [pool-250-thread-1] INFO  storage.RaftStorageDirectory (RaftStorageDirectory.java:analyzeStorage(246)) - The storage directory /workdir/hadoop-ozone/ozonefs/target/test-dir/MiniOzoneClusterImpl-083ee7b7-6048-484a-8bff-e922192676bf/datanode-1/data/ratis/2ab3539e-f2db-4f01-b450-5779a9d8903c does not exist. Creating ...
2019-09-20 08:26:38,974 [pool-250-thread-1] INFO  storage.RaftStorageDirectory (RaftStorageDirectory.java:tryLock(328)) - Lock on /workdir/hadoop-ozone/ozonefs/target/test-dir/MiniOzoneClusterImpl-083ee7b7-6048-484a-8bff-e922192676bf/datanode-1/data/ratis/2ab3539e-f2db-4f01-b450-5779a9d8903c/in_use.lock acquired by nodename 28782@pr-hdds-1569-6tbh6-3362816358
2019-09-20 08:26:38,977 [pool-250-thread-1] INFO  storage.RaftStorage (RaftStorage.java:format(72)) - Storage directory /workdir/hadoop-ozone/ozonefs/target/test-dir/MiniOzoneClusterImpl-083ee7b7-6048-484a-8bff-e922192676bf/datanode-1/data/ratis/2ab3539e-f2db-4f01-b450-5779a9d8903c has been successfully formatted.
2019-09-20 08:26:38,977 [pool-250-thread-1] INFO  ratis.ContainerStateMachine (ContainerStateMachine.java:loadSnapshot(226)) - group-5779A9D8903C: The snapshot info is null. Setting the last applied indexto:(t:0, i:~)
2019-09-20 08:26:38,977 [pool-250-thread-1] INFO  server.RaftServerConfigKeys (ConfUtils.java:logGet(43)) - raft.server.leader.election.timeout = 120s (custom)
2019-09-20 08:26:38,978 [pool-250-thread-1] INFO  server.RaftServerConfigKeys (ConfUtils.java:logGet(43)) - raft.server.log.use.memory = false (default)
2019-09-20 08:26:38,978 [pool-250-thread-1] INFO  server.RaftServerConfigKeys (ConfUtils.java:logGet(43)) - raft.server.log.purge.gap = 1000000 (custom)
2019-09-20 08:26:38,978 [pool-250-thread-1] INFO  server.RaftServerConfigKeys (ConfUtils.java:logGet(43)) - raft.server.log.appender.buffer.byte-limit = 33554432 (custom)
2019-09-20 08:26:38,978 [pool-250-thread-1] INFO  server.RaftServerConfigKeys (ConfUtils.java:logGet(43)) - raft.server.log.segment.size.max = 1048576 (custom)
2019-09-20 08:26:38,978 [pool-250-thread-1] INFO  server.RaftServerConfigKeys (ConfUtils.java:logGet(43)) - raft.server.log.segment.cache.num.max = 2 (custom)
2019-09-20 08:26:38,978 [pool-250-thread-1] INFO  segmented.SegmentedRaftLogWorker (SegmentedRaftLogWorker.java:<init>(172)) - new 450b4a05-ccf1-4a74-b0e9-8f60a565bcdf-SegmentedRaftLogWorker:Storage Directory /workdir/hadoop-ozone/ozonefs/target/test-dir/MiniOzoneClusterImpl-083ee7b7-6048-484a-8bff-e922192676bf/datanode-1/data/ratis/2ab3539e-f2db-4f01-b450-5779a9d8903c for RaftStorage:Storage Directory /workdir/hadoop-ozone/ozonefs/target/test-dir/MiniOzoneClusterImpl-083ee7b7-6048-484a-8bff-e922192676bf/datanode-1/data/ratis/2ab3539e-f2db-4f01-b450-5779a9d8903c
2019-09-20 08:26:38,978 [pool-250-thread-1] INFO  server.RaftServerConfigKeys (ConfUtils.java:logGet(43)) - raft.server.log.queue.byte-limit = 2147483647 (custom)
2019-09-20 08:26:38,978 [pool-250-thread-1] INFO  server.RaftServerConfigKeys (ConfUtils.java:logGet(43)) - raft.server.log.queue.element-limit = 1024 (custom)
2019-09-20 08:26:38,979 [pool-250-thread-1] INFO  server.RaftServerConfigKeys (ConfUtils.java:logGet(43)) - raft.server.log.segment.size.max = 1048576 (custom)
2019-09-20 08:26:38,979 [pool-250-thread-1] INFO  server.RaftServerConfigKeys (ConfUtils.java:logGet(43)) - raft.server.log.preallocated.size = 16384 (custom)
2019-09-20 08:26:38,979 [pool-250-thread-1] INFO  server.RaftServerConfigKeys (ConfUtils.java:logGet(43)) - raft.server.log.write.buffer.size = 33554432 (custom)
2019-09-20 08:26:38,979 [pool-250-thread-1] INFO  server.RaftServerConfigKeys (ConfUtils.java:logGet(43)) - raft.server.log.force.sync.num = 128 (default)
2019-09-20 08:26:38,979 [pool-250-thread-1] INFO  server.RaftServerConfigKeys (ConfUtils.java:logGet(43)) - raft.server.log.statemachine.data.sync = true (default)
2019-09-20 08:26:38,979 [pool-250-thread-1] INFO  server.RaftServerConfigKeys (ConfUtils.java:logGet(43)) - raft.server.log.statemachine.data.sync.timeout = 10s (default)
2019-09-20 08:26:38,979 [pool-250-thread-1] INFO  server.RaftServerConfigKeys (ConfUtils.java:logGet(43)) - raft.server.log.statemachine.data.sync.timeout.retry = -1 (default)
2019-09-20 08:26:38,979 [pool-250-thread-1] INFO  server.RaftServerConfigKeys (ConfUtils.java:logGet(43)) - raft.server.log.statemachine.data.caching.enabled = true (custom)
2019-09-20 08:26:38,980 [pool-250-thread-1] INFO  segmented.SegmentedRaftLogWorker (SegmentedRaftLogWorker.java:lambda$new$0(132)) - 450b4a05-ccf1-4a74-b0e9-8f60a565bcdf-SegmentedRaftLogWorker:Storage Directory /workdir/hadoop-ozone/ozonefs/target/test-dir/MiniOzoneClusterImpl-083ee7b7-6048-484a-8bff-e922192676bf/datanode-1/data/ratis/2ab3539e-f2db-4f01-b450-5779a9d8903c: flushIndex: setUnconditionally 0 -> -1
2019-09-20 08:26:38,980 [pool-250-thread-1] INFO  server.RaftServerConfigKeys (ConfUtils.java:logGet(43)) - raft.server.snapshot.auto.trigger.enabled = true (custom)
2019-09-20 08:26:38,980 [pool-250-thread-1] INFO  server.RaftServerConfigKeys (ConfUtils.java:logGet(43)) - raft.server.snapshot.auto.trigger.threshold = 10000 (custom)
2019-09-20 08:26:38,980 [pool-250-thread-1] INFO  server.RaftServerConfigKeys (ConfUtils.java:logGet(43)) - raft.server.retrycache.expirytime = 600000ms (custom)
2019-09-20 08:26:38,980 [pool-250-thread-1] INFO  impl.RaftServerImpl (RaftServerImpl.java:start(180)) - 450b4a05-ccf1-4a74-b0e9-8f60a565bcdf: start group-5779A9D8903C
2019-09-20 08:26:38,980 [pool-250-thread-1] INFO  impl.RaftServerImpl (RaftServerImpl.java:setRole(171)) - 450b4a05-ccf1-4a74-b0e9-8f60a565bcdf:group-5779A9D8903C changes role from null to FOLLOWER at term 0 for startAsFollower
2019-09-20 08:26:38,980 [pool-250-thread-1] INFO  impl.RoleInfo (RoleInfo.java:updateAndGet(143)) - 450b4a05-ccf1-4a74-b0e9-8f60a565bcdf: start FollowerState
2019-09-20 08:26:38,981 [pool-250-thread-1] INFO  util.JmxRegister (JmxRegister.java:tryRegister(44)) - Successfully registered JMX Bean with object name Ratis:service=RaftServer,group=group-5779A9D8903C,id=450b4a05-ccf1-4a74-b0e9-8f60a565bcdf
2019-09-20 08:26:38,983 [RatisPipelineUtilsThread] INFO  pipeline.PipelineStateManager (PipelineStateManager.java:addPipeline(56)) - Created pipeline Pipeline[ Id: 2ab3539e-f2db-4f01-b450-5779a9d8903c, Nodes: 450b4a05-ccf1-4a74-b0e9-8f60a565bcdf{ip: 192.168.34.27, host: pr-hdds-1569-6tbh6-3362816358, networkLocation: /default-rack, certSerialId: null}, Type:RATIS, Factor:ONE, State:OPEN]
2019-09-20 08:26:38,984 [RatisPipelineUtilsThread] INFO  pipeline.PipelinePlacementPolicy (PipelinePlacementPolicy.java:meetCriteria(91)) - Pipeline Placement: Doesn't meet the criteria to be viable node： b15ba93f-acd0-4121-9586-decea32bb3dc Heaviness: 6 limit: 5
2019-09-20 08:26:38,989 [grpc-default-executor-0] INFO  impl.RaftServerProxy (RaftServerProxy.java:addNew(89)) - 450b4a05-ccf1-4a74-b0e9-8f60a565bcdf: addNew group-D8FF86FC734D:[450b4a05-ccf1-4a74-b0e9-8f60a565bcdf:192.168.34.27:32870] returns group-D8FF86FC734D:java.util.concurrent.CompletableFuture@309c99ad[Not completed]
2019-09-20 08:26:38,990 [pool-250-thread-1] INFO  impl.RaftServerImpl (RaftServerImpl.java:<init>(93)) - 450b4a05-ccf1-4a74-b0e9-8f60a565bcdf: new RaftServerImpl for group-D8FF86FC734D:[450b4a05-ccf1-4a74-b0e9-8f60a565bcdf:192.168.34.27:32870] with ContainerStateMachine:uninitialized
2019-09-20 08:26:38,990 [pool-250-thread-1] INFO  server.RaftServerConfigKeys (ConfUtils.java:logGet(43)) - raft.server.rpc.timeout.min = 5s (custom)
2019-09-20 08:26:38,990 [pool-250-thread-1] INFO  server.RaftServerConfigKeys (ConfUtils.java:logGet(43)) - raft.server.rpc.timeout.max = 5200ms (custom)
2019-09-20 08:26:38,990 [pool-250-thread-1] INFO  server.RaftServerConfigKeys (ConfUtils.java:logGet(43)) - raft.server.rpcslowness.timeout = 120s (custom)
2019-09-20 08:26:38,990 [pool-250-thread-1] INFO  server.RaftServerConfigKeys (ConfUtils.java:logGet(43)) - raft.server.sleep.deviation.threshold = 300 (default)
2019-09-20 08:26:38,990 [pool-250-thread-1] INFO  server.RaftServerConfigKeys (ConfUtils.java:logGet(43)) - raft.server.log.appender.install.snapshot.enabled = false (custom)
2019-09-20 08:26:38,991 [pool-250-thread-1] INFO  impl.RaftServerImpl (ServerState.java:<init>(105)) - 450b4a05-ccf1-4a74-b0e9-8f60a565bcdf:group-D8FF86FC734D ConfigurationManager, init=-1: [450b4a05-ccf1-4a74-b0e9-8f60a565bcdf:192.168.34.27:32870], old=null, confs=<EMPTY_MAP>
2019-09-20 08:26:38,991 [pool-250-thread-1] INFO  server.RaftServerConfigKeys (ConfUtils.java:logGet(43)) - raft.server.storage.dir = [/workdir/hadoop-ozone/ozonefs/target/test-dir/MiniOzoneClusterImpl-083ee7b7-6048-484a-8bff-e922192676bf/datanode-1/data/ratis] (custom)
2019-09-20 08:26:38,991 [pool-250-thread-1] INFO  storage.RaftStorageDirectory (RaftStorageDirectory.java:analyzeStorage(246)) - The storage directory /workdir/hadoop-ozone/ozonefs/target/test-dir/MiniOzoneClusterImpl-083ee7b7-6048-484a-8bff-e922192676bf/datanode-1/data/ratis/e249553a-6bc5-41c9-bc25-d8ff86fc734d does not exist. Creating ...
2019-09-20 08:26:38,994 [pool-250-thread-1] INFO  storage.RaftStorageDirectory (RaftStorageDirectory.java:tryLock(328)) - Lock on /workdir/hadoop-ozone/ozonefs/target/test-dir/MiniOzoneClusterImpl-083ee7b7-6048-484a-8bff-e922192676bf/datanode-1/data/ratis/e249553a-6bc5-41c9-bc25-d8ff86fc734d/in_use.lock acquired by nodename 28782@pr-hdds-1569-6tbh6-3362816358
2019-09-20 08:26:38,998 [pool-250-thread-1] INFO  storage.RaftStorage (RaftStorage.java:format(72)) - Storage directory /workdir/hadoop-ozone/ozonefs/target/test-dir/MiniOzoneClusterImpl-083ee7b7-6048-484a-8bff-e922192676bf/datanode-1/data/ratis/e249553a-6bc5-41c9-bc25-d8ff86fc734d has been successfully formatted.
2019-09-20 08:26:38,998 [pool-250-thread-1] INFO  ratis.ContainerStateMachine (ContainerStateMachine.java:loadSnapshot(226)) - group-D8FF86FC734D: The snapshot info is null. Setting the last applied indexto:(t:0, i:~)
2019-09-20 08:26:38,998 [pool-250-thread-1] INFO  server.RaftServerConfigKeys (ConfUtils.java:logGet(43)) - raft.server.leader.election.timeout = 120s (custom)
2019-09-20 08:26:38,998 [pool-250-thread-1] INFO  server.RaftServerConfigKeys (ConfUtils.java:logGet(43)) - raft.server.log.use.memory = false (default)
2019-09-20 08:26:38,998 [pool-250-thread-1] INFO  server.RaftServerConfigKeys (ConfUtils.java:logGet(43)) - raft.server.log.purge.gap = 1000000 (custom)
2019-09-20 08:26:38,998 [pool-250-thread-1] INFO  server.RaftServerConfigKeys (ConfUtils.java:logGet(43)) - raft.server.log.appender.buffer.byte-limit = 33554432 (custom)
2019-09-20 08:26:38,998 [pool-250-thread-1] INFO  server.RaftServerConfigKeys (ConfUtils.java:logGet(43)) - raft.server.log.segment.size.max = 1048576 (custom)
2019-09-20 08:26:38,998 [pool-250-thread-1] INFO  server.RaftServerConfigKeys (ConfUtils.java:logGet(43)) - raft.server.log.segment.cache.num.max = 2 (custom)
2019-09-20 08:26:38,999 [pool-250-thread-1] INFO  segmented.SegmentedRaftLogWorker (SegmentedRaftLogWorker.java:<init>(172)) - new 450b4a05-ccf1-4a74-b0e9-8f60a565bcdf-SegmentedRaftLogWorker:Storage Directory /workdir/hadoop-ozone/ozonefs/target/test-dir/MiniOzoneClusterImpl-083ee7b7-6048-484a-8bff-e922192676bf/datanode-1/data/ratis/e249553a-6bc5-41c9-bc25-d8ff86fc734d for RaftStorage:Storage Directory /workdir/hadoop-ozone/ozonefs/target/test-dir/MiniOzoneClusterImpl-083ee7b7-6048-484a-8bff-e922192676bf/datanode-1/data/ratis/e249553a-6bc5-41c9-bc25-d8ff86fc734d
2019-09-20 08:26:38,999 [pool-250-thread-1] INFO  server.RaftServerConfigKeys (ConfUtils.java:logGet(43)) - raft.server.log.queue.byte-limit = 2147483647 (custom)
2019-09-20 08:26:38,999 [pool-250-thread-1] INFO  server.RaftServerConfigKeys (ConfUtils.java:logGet(43)) - raft.server.log.queue.element-limit = 1024 (custom)
2019-09-20 08:26:38,999 [pool-250-thread-1] INFO  server.RaftServerConfigKeys (ConfUtils.java:logGet(43)) - raft.server.log.segment.size.max = 1048576 (custom)
2019-09-20 08:26:38,999 [pool-250-thread-1] INFO  server.RaftServerConfigKeys (ConfUtils.java:logGet(43)) - raft.server.log.preallocated.size = 16384 (custom)
2019-09-20 08:26:38,999 [pool-250-thread-1] INFO  server.RaftServerConfigKeys (ConfUtils.java:logGet(43)) - raft.server.log.write.buffer.size = 33554432 (custom)
2019-09-20 08:26:38,999 [pool-250-thread-1] INFO  server.RaftServerConfigKeys (ConfUtils.java:logGet(43)) - raft.server.log.force.sync.num = 128 (default)
2019-09-20 08:26:38,999 [pool-250-thread-1] INFO  server.RaftServerConfigKeys (ConfUtils.java:logGet(43)) - raft.server.log.statemachine.data.sync = true (default)
2019-09-20 08:26:38,999 [pool-250-thread-1] INFO  server.RaftServerConfigKeys (ConfUtils.java:logGet(43)) - raft.server.log.statemachine.data.sync.timeout = 10s (default)
2019-09-20 08:26:39,000 [pool-250-thread-1] INFO  server.RaftServerConfigKeys (ConfUtils.java:logGet(43)) - raft.server.log.statemachine.data.sync.timeout.retry = -1 (default)
2019-09-20 08:26:39,000 [pool-250-thread-1] INFO  server.RaftServerConfigKeys (ConfUtils.java:logGet(43)) - raft.server.log.statemachine.data.caching.enabled = true (custom)
2019-09-20 08:26:39,000 [pool-250-thread-1] INFO  segmented.SegmentedRaftLogWorker (SegmentedRaftLogWorker.java:lambda$new$0(132)) - 450b4a05-ccf1-4a74-b0e9-8f60a565bcdf-SegmentedRaftLogWorker:Storage Directory /workdir/hadoop-ozone/ozonefs/target/test-dir/MiniOzoneClusterImpl-083ee7b7-6048-484a-8bff-e922192676bf/datanode-1/data/ratis/e249553a-6bc5-41c9-bc25-d8ff86fc734d: flushIndex: setUnconditionally 0 -> -1
2019-09-20 08:26:39,000 [pool-250-thread-1] INFO  server.RaftServerConfigKeys (ConfUtils.java:logGet(43)) - raft.server.snapshot.auto.trigger.enabled = true (custom)
2019-09-20 08:26:39,000 [pool-250-thread-1] INFO  server.RaftServerConfigKeys (ConfUtils.java:logGet(43)) - raft.server.snapshot.auto.trigger.threshold = 10000 (custom)
2019-09-20 08:26:39,000 [pool-250-thread-1] INFO  server.RaftServerConfigKeys (ConfUtils.java:logGet(43)) - raft.server.retrycache.expirytime = 600000ms (custom)
2019-09-20 08:26:39,000 [pool-250-thread-1] INFO  impl.RaftServerImpl (RaftServerImpl.java:start(180)) - 450b4a05-ccf1-4a74-b0e9-8f60a565bcdf: start group-D8FF86FC734D
2019-09-20 08:26:39,001 [pool-250-thread-1] INFO  impl.RaftServerImpl (RaftServerImpl.java:setRole(171)) - 450b4a05-ccf1-4a74-b0e9-8f60a565bcdf:group-D8FF86FC734D changes role from null to FOLLOWER at term 0 for startAsFollower
2019-09-20 08:26:39,001 [pool-250-thread-1] INFO  impl.RoleInfo (RoleInfo.java:updateAndGet(143)) - 450b4a05-ccf1-4a74-b0e9-8f60a565bcdf: start FollowerState
2019-09-20 08:26:39,001 [pool-250-thread-1] INFO  util.JmxRegister (JmxRegister.java:tryRegister(44)) - Successfully registered JMX Bean with object name Ratis:service=RaftServer,group=group-D8FF86FC734D,id=450b4a05-ccf1-4a74-b0e9-8f60a565bcdf
2019-09-20 08:26:39,003 [RatisPipelineUtilsThread] INFO  pipeline.PipelineStateManager (PipelineStateManager.java:addPipeline(56)) - Created pipeline Pipeline[ Id: e249553a-6bc5-41c9-bc25-d8ff86fc734d, Nodes: 450b4a05-ccf1-4a74-b0e9-8f60a565bcdf{ip: 192.168.34.27, host: pr-hdds-1569-6tbh6-3362816358, networkLocation: /default-rack, certSerialId: null}, Type:RATIS, Factor:ONE, State:OPEN]
2019-09-20 08:26:39,003 [RatisPipelineUtilsThread] INFO  pipeline.PipelinePlacementPolicy (PipelinePlacementPolicy.java:meetCriteria(91)) - Pipeline Placement: Doesn't meet the criteria to be viable node： b15ba93f-acd0-4121-9586-decea32bb3dc Heaviness: 6 limit: 5
2019-09-20 08:26:39,008 [grpc-default-executor-0] INFO  impl.RaftServerProxy (RaftServerProxy.java:addNew(89)) - 450b4a05-ccf1-4a74-b0e9-8f60a565bcdf: addNew group-EF9A9D5D0A8F:[450b4a05-ccf1-4a74-b0e9-8f60a565bcdf:192.168.34.27:32870] returns group-EF9A9D5D0A8F:java.util.concurrent.CompletableFuture@dd1af5f[Not completed]
2019-09-20 08:26:39,009 [pool-250-thread-1] INFO  impl.RaftServerImpl (RaftServerImpl.java:<init>(93)) - 450b4a05-ccf1-4a74-b0e9-8f60a565bcdf: new RaftServerImpl for group-EF9A9D5D0A8F:[450b4a05-ccf1-4a74-b0e9-8f60a565bcdf:192.168.34.27:32870] with ContainerStateMachine:uninitialized
2019-09-20 08:26:39,009 [pool-250-thread-1] INFO  server.RaftServerConfigKeys (ConfUtils.java:logGet(43)) - raft.server.rpc.timeout.min = 5s (custom)
2019-09-20 08:26:39,010 [pool-250-thread-1] INFO  server.RaftServerConfigKeys (ConfUtils.java:logGet(43)) - raft.server.rpc.timeout.max = 5200ms (custom)
2019-09-20 08:26:39,010 [pool-250-thread-1] INFO  server.RaftServerConfigKeys (ConfUtils.java:logGet(43)) - raft.server.rpcslowness.timeout = 120s (custom)
2019-09-20 08:26:39,010 [pool-250-thread-1] INFO  server.RaftServerConfigKeys (ConfUtils.java:logGet(43)) - raft.server.sleep.deviation.threshold = 300 (default)
2019-09-20 08:26:39,010 [pool-250-thread-1] INFO  server.RaftServerConfigKeys (ConfUtils.java:logGet(43)) - raft.server.log.appender.install.snapshot.enabled = false (custom)
2019-09-20 08:26:39,010 [pool-250-thread-1] INFO  impl.RaftServerImpl (ServerState.java:<init>(105)) - 450b4a05-ccf1-4a74-b0e9-8f60a565bcdf:group-EF9A9D5D0A8F ConfigurationManager, init=-1: [450b4a05-ccf1-4a74-b0e9-8f60a565bcdf:192.168.34.27:32870], old=null, confs=<EMPTY_MAP>
2019-09-20 08:26:39,010 [pool-250-thread-1] INFO  server.RaftServerConfigKeys (ConfUtils.java:logGet(43)) - raft.server.storage.dir = [/workdir/hadoop-ozone/ozonefs/target/test-dir/MiniOzoneClusterImpl-083ee7b7-6048-484a-8bff-e922192676bf/datanode-1/data/ratis] (custom)
2019-09-20 08:26:39,010 [pool-250-thread-1] INFO  storage.RaftStorageDirectory (RaftStorageDirectory.java:analyzeStorage(246)) - The storage directory /workdir/hadoop-ozone/ozonefs/target/test-dir/MiniOzoneClusterImpl-083ee7b7-6048-484a-8bff-e922192676bf/datanode-1/data/ratis/dc74f215-8c66-4965-b9b4-ef9a9d5d0a8f does not exist. Creating ...
2019-09-20 08:26:39,013 [pool-250-thread-1] INFO  storage.RaftStorageDirectory (RaftStorageDirectory.java:tryLock(328)) - Lock on /workdir/hadoop-ozone/ozonefs/target/test-dir/MiniOzoneClusterImpl-083ee7b7-6048-484a-8bff-e922192676bf/datanode-1/data/ratis/dc74f215-8c66-4965-b9b4-ef9a9d5d0a8f/in_use.lock acquired by nodename 28782@pr-hdds-1569-6tbh6-3362816358
2019-09-20 08:26:39,016 [pool-250-thread-1] INFO  storage.RaftStorage (RaftStorage.java:format(72)) - Storage directory /workdir/hadoop-ozone/ozonefs/target/test-dir/MiniOzoneClusterImpl-083ee7b7-6048-484a-8bff-e922192676bf/datanode-1/data/ratis/dc74f215-8c66-4965-b9b4-ef9a9d5d0a8f has been successfully formatted.
2019-09-20 08:26:39,016 [pool-250-thread-1] INFO  ratis.ContainerStateMachine (ContainerStateMachine.java:loadSnapshot(226)) - group-EF9A9D5D0A8F: The snapshot info is null. Setting the last applied indexto:(t:0, i:~)
2019-09-20 08:26:39,016 [pool-250-thread-1] INFO  server.RaftServerConfigKeys (ConfUtils.java:logGet(43)) - raft.server.leader.election.timeout = 120s (custom)
2019-09-20 08:26:39,016 [pool-250-thread-1] INFO  server.RaftServerConfigKeys (ConfUtils.java:logGet(43)) - raft.server.log.use.memory = false (default)
2019-09-20 08:26:39,017 [pool-250-thread-1] INFO  server.RaftServerConfigKeys (ConfUtils.java:logGet(43)) - raft.server.log.purge.gap = 1000000 (custom)
2019-09-20 08:26:39,017 [pool-250-thread-1] INFO  server.RaftServerConfigKeys (ConfUtils.java:logGet(43)) - raft.server.log.appender.buffer.byte-limit = 33554432 (custom)
2019-09-20 08:26:39,017 [pool-250-thread-1] INFO  server.RaftServerConfigKeys (ConfUtils.java:logGet(43)) - raft.server.log.segment.size.max = 1048576 (custom)
2019-09-20 08:26:39,017 [pool-250-thread-1] INFO  server.RaftServerConfigKeys (ConfUtils.java:logGet(43)) - raft.server.log.segment.cache.num.max = 2 (custom)
2019-09-20 08:26:39,017 [pool-250-thread-1] INFO  segmented.SegmentedRaftLogWorker (SegmentedRaftLogWorker.java:<init>(172)) - new 450b4a05-ccf1-4a74-b0e9-8f60a565bcdf-SegmentedRaftLogWorker:Storage Directory /workdir/hadoop-ozone/ozonefs/target/test-dir/MiniOzoneClusterImpl-083ee7b7-6048-484a-8bff-e922192676bf/datanode-1/data/ratis/dc74f215-8c66-4965-b9b4-ef9a9d5d0a8f for RaftStorage:Storage Directory /workdir/hadoop-ozone/ozonefs/target/test-dir/MiniOzoneClusterImpl-083ee7b7-6048-484a-8bff-e922192676bf/datanode-1/data/ratis/dc74f215-8c66-4965-b9b4-ef9a9d5d0a8f
2019-09-20 08:26:39,017 [pool-250-thread-1] INFO  server.RaftServerConfigKeys (ConfUtils.java:logGet(43)) - raft.server.log.queue.byte-limit = 2147483647 (custom)
2019-09-20 08:26:39,017 [pool-250-thread-1] INFO  server.RaftServerConfigKeys (ConfUtils.java:logGet(43)) - raft.server.log.queue.element-limit = 1024 (custom)
2019-09-20 08:26:39,017 [pool-250-thread-1] INFO  server.RaftServerConfigKeys (ConfUtils.java:logGet(43)) - raft.server.log.segment.size.max = 1048576 (custom)
2019-09-20 08:26:39,017 [pool-250-thread-1] INFO  server.RaftServerConfigKeys (ConfUtils.java:logGet(43)) - raft.server.log.preallocated.size = 16384 (custom)
2019-09-20 08:26:39,018 [pool-250-thread-1] INFO  server.RaftServerConfigKeys (ConfUtils.java:logGet(43)) - raft.server.log.write.buffer.size = 33554432 (custom)
2019-09-20 08:26:39,018 [pool-250-thread-1] INFO  server.RaftServerConfigKeys (ConfUtils.java:logGet(43)) - raft.server.log.force.sync.num = 128 (default)
2019-09-20 08:26:39,018 [pool-250-thread-1] INFO  server.RaftServerConfigKeys (ConfUtils.java:logGet(43)) - raft.server.log.statemachine.data.sync = true (default)
2019-09-20 08:26:39,018 [pool-250-thread-1] INFO  server.RaftServerConfigKeys (ConfUtils.java:logGet(43)) - raft.server.log.statemachine.data.sync.timeout = 10s (default)
2019-09-20 08:26:39,018 [pool-250-thread-1] INFO  server.RaftServerConfigKeys (ConfUtils.java:logGet(43)) - raft.server.log.statemachine.data.sync.timeout.retry = -1 (default)
2019-09-20 08:26:39,018 [pool-250-thread-1] INFO  server.RaftServerConfigKeys (ConfUtils.java:logGet(43)) - raft.server.log.statemachine.data.caching.enabled = true (custom)
2019-09-20 08:26:39,018 [pool-250-thread-1] INFO  segmented.SegmentedRaftLogWorker (SegmentedRaftLogWorker.java:lambda$new$0(132)) - 450b4a05-ccf1-4a74-b0e9-8f60a565bcdf-SegmentedRaftLogWorker:Storage Directory /workdir/hadoop-ozone/ozonefs/target/test-dir/MiniOzoneClusterImpl-083ee7b7-6048-484a-8bff-e922192676bf/datanode-1/data/ratis/dc74f215-8c66-4965-b9b4-ef9a9d5d0a8f: flushIndex: setUnconditionally 0 -> -1
2019-09-20 08:26:39,018 [pool-250-thread-1] INFO  server.RaftServerConfigKeys (ConfUtils.java:logGet(43)) - raft.server.snapshot.auto.trigger.enabled = true (custom)
2019-09-20 08:26:39,019 [pool-250-thread-1] INFO  server.RaftServerConfigKeys (ConfUtils.java:logGet(43)) - raft.server.snapshot.auto.trigger.threshold = 10000 (custom)
2019-09-20 08:26:39,019 [pool-250-thread-1] INFO  server.RaftServerConfigKeys (ConfUtils.java:logGet(43)) - raft.server.retrycache.expirytime = 600000ms (custom)
2019-09-20 08:26:39,019 [pool-250-thread-1] INFO  impl.RaftServerImpl (RaftServerImpl.java:start(180)) - 450b4a05-ccf1-4a74-b0e9-8f60a565bcdf: start group-EF9A9D5D0A8F
2019-09-20 08:26:39,019 [pool-250-thread-1] INFO  impl.RaftServerImpl (RaftServerImpl.java:setRole(171)) - 450b4a05-ccf1-4a74-b0e9-8f60a565bcdf:group-EF9A9D5D0A8F changes role from null to FOLLOWER at term 0 for startAsFollower
2019-09-20 08:26:39,019 [pool-250-thread-1] INFO  impl.RoleInfo (RoleInfo.java:updateAndGet(143)) - 450b4a05-ccf1-4a74-b0e9-8f60a565bcdf: start FollowerState
2019-09-20 08:26:39,019 [pool-250-thread-1] INFO  util.JmxRegister (JmxRegister.java:tryRegister(44)) - Successfully registered JMX Bean with object name Ratis:service=RaftServer,group=group-EF9A9D5D0A8F,id=450b4a05-ccf1-4a74-b0e9-8f60a565bcdf
2019-09-20 08:26:39,021 [RatisPipelineUtilsThread] INFO  pipeline.PipelineStateManager (PipelineStateManager.java:addPipeline(56)) - Created pipeline Pipeline[ Id: dc74f215-8c66-4965-b9b4-ef9a9d5d0a8f, Nodes: 450b4a05-ccf1-4a74-b0e9-8f60a565bcdf{ip: 192.168.34.27, host: pr-hdds-1569-6tbh6-3362816358, networkLocation: /default-rack, certSerialId: null}, Type:RATIS, Factor:ONE, State:OPEN]
2019-09-20 08:26:39,021 [RatisPipelineUtilsThread] INFO  pipeline.PipelinePlacementPolicy (PipelinePlacementPolicy.java:meetCriteria(91)) - Pipeline Placement: Doesn't meet the criteria to be viable node： b15ba93f-acd0-4121-9586-decea32bb3dc Heaviness: 6 limit: 5
2019-09-20 08:26:39,026 [grpc-default-executor-0] INFO  impl.RaftServerProxy (RaftServerProxy.java:addNew(89)) - 450b4a05-ccf1-4a74-b0e9-8f60a565bcdf: addNew group-EFA316AEC1B3:[450b4a05-ccf1-4a74-b0e9-8f60a565bcdf:192.168.34.27:32870] returns group-EFA316AEC1B3:java.util.concurrent.CompletableFuture@756c2aa2[Not completed]
2019-09-20 08:26:39,027 [pool-250-thread-1] INFO  impl.RaftServerImpl (RaftServerImpl.java:<init>(93)) - 450b4a05-ccf1-4a74-b0e9-8f60a565bcdf: new RaftServerImpl for group-EFA316AEC1B3:[450b4a05-ccf1-4a74-b0e9-8f60a565bcdf:192.168.34.27:32870] with ContainerStateMachine:uninitialized
2019-09-20 08:26:39,027 [pool-250-thread-1] INFO  server.RaftServerConfigKeys (ConfUtils.java:logGet(43)) - raft.server.rpc.timeout.min = 5s (custom)
2019-09-20 08:26:39,027 [pool-250-thread-1] INFO  server.RaftServerConfigKeys (ConfUtils.java:logGet(43)) - raft.server.rpc.timeout.max = 5200ms (custom)
2019-09-20 08:26:39,027 [pool-250-thread-1] INFO  server.RaftServerConfigKeys (ConfUtils.java:logGet(43)) - raft.server.rpcslowness.timeout = 120s (custom)
2019-09-20 08:26:39,027 [pool-250-thread-1] INFO  server.RaftServerConfigKeys (ConfUtils.java:logGet(43)) - raft.server.sleep.deviation.threshold = 300 (default)
2019-09-20 08:26:39,027 [pool-250-thread-1] INFO  server.RaftServerConfigKeys (ConfUtils.java:logGet(43)) - raft.server.log.appender.install.snapshot.enabled = false (custom)
2019-09-20 08:26:39,027 [pool-250-thread-1] INFO  impl.RaftServerImpl (ServerState.java:<init>(105)) - 450b4a05-ccf1-4a74-b0e9-8f60a565bcdf:group-EFA316AEC1B3 ConfigurationManager, init=-1: [450b4a05-ccf1-4a74-b0e9-8f60a565bcdf:192.168.34.27:32870], old=null, confs=<EMPTY_MAP>
2019-09-20 08:26:39,027 [pool-250-thread-1] INFO  server.RaftServerConfigKeys (ConfUtils.java:logGet(43)) - raft.server.storage.dir = [/workdir/hadoop-ozone/ozonefs/target/test-dir/MiniOzoneClusterImpl-083ee7b7-6048-484a-8bff-e922192676bf/datanode-1/data/ratis] (custom)
2019-09-20 08:26:39,028 [pool-250-thread-1] INFO  storage.RaftStorageDirectory (RaftStorageDirectory.java:analyzeStorage(246)) - The storage directory /workdir/hadoop-ozone/ozonefs/target/test-dir/MiniOzoneClusterImpl-083ee7b7-6048-484a-8bff-e922192676bf/datanode-1/data/ratis/09a70f47-4f1f-4f8a-bf5e-efa316aec1b3 does not exist. Creating ...
2019-09-20 08:26:39,031 [pool-250-thread-1] INFO  storage.RaftStorageDirectory (RaftStorageDirectory.java:tryLock(328)) - Lock on /workdir/hadoop-ozone/ozonefs/target/test-dir/MiniOzoneClusterImpl-083ee7b7-6048-484a-8bff-e922192676bf/datanode-1/data/ratis/09a70f47-4f1f-4f8a-bf5e-efa316aec1b3/in_use.lock acquired by nodename 28782@pr-hdds-1569-6tbh6-3362816358
2019-09-20 08:26:39,036 [pool-250-thread-1] INFO  storage.RaftStorage (RaftStorage.java:format(72)) - Storage directory /workdir/hadoop-ozone/ozonefs/target/test-dir/MiniOzoneClusterImpl-083ee7b7-6048-484a-8bff-e922192676bf/datanode-1/data/ratis/09a70f47-4f1f-4f8a-bf5e-efa316aec1b3 has been successfully formatted.
2019-09-20 08:26:39,036 [pool-250-thread-1] INFO  ratis.ContainerStateMachine (ContainerStateMachine.java:loadSnapshot(226)) - group-EFA316AEC1B3: The snapshot info is null. Setting the last applied indexto:(t:0, i:~)
2019-09-20 08:26:39,036 [pool-250-thread-1] INFO  server.RaftServerConfigKeys (ConfUtils.java:logGet(43)) - raft.server.leader.election.timeout = 120s (custom)
2019-09-20 08:26:39,036 [pool-250-thread-1] INFO  server.RaftServerConfigKeys (ConfUtils.java:logGet(43)) - raft.server.log.use.memory = false (default)
2019-09-20 08:26:39,037 [pool-250-thread-1] INFO  server.RaftServerConfigKeys (ConfUtils.java:logGet(43)) - raft.server.log.purge.gap = 1000000 (custom)
2019-09-20 08:26:39,037 [pool-250-thread-1] INFO  server.RaftServerConfigKeys (ConfUtils.java:logGet(43)) - raft.server.log.appender.buffer.byte-limit = 33554432 (custom)
2019-09-20 08:26:39,037 [pool-250-thread-1] INFO  server.RaftServerConfigKeys (ConfUtils.java:logGet(43)) - raft.server.log.segment.size.max = 1048576 (custom)
2019-09-20 08:26:39,037 [pool-250-thread-1] INFO  server.RaftServerConfigKeys (ConfUtils.java:logGet(43)) - raft.server.log.segment.cache.num.max = 2 (custom)
2019-09-20 08:26:39,037 [pool-250-thread-1] INFO  segmented.SegmentedRaftLogWorker (SegmentedRaftLogWorker.java:<init>(172)) - new 450b4a05-ccf1-4a74-b0e9-8f60a565bcdf-SegmentedRaftLogWorker:Storage Directory /workdir/hadoop-ozone/ozonefs/target/test-dir/MiniOzoneClusterImpl-083ee7b7-6048-484a-8bff-e922192676bf/datanode-1/data/ratis/09a70f47-4f1f-4f8a-bf5e-efa316aec1b3 for RaftStorage:Storage Directory /workdir/hadoop-ozone/ozonefs/target/test-dir/MiniOzoneClusterImpl-083ee7b7-6048-484a-8bff-e922192676bf/datanode-1/data/ratis/09a70f47-4f1f-4f8a-bf5e-efa316aec1b3
2019-09-20 08:26:39,037 [pool-250-thread-1] INFO  server.RaftServerConfigKeys (ConfUtils.java:logGet(43)) - raft.server.log.queue.byte-limit = 2147483647 (custom)
2019-09-20 08:26:39,037 [pool-250-thread-1] INFO  server.RaftServerConfigKeys (ConfUtils.java:logGet(43)) - raft.server.log.queue.element-limit = 1024 (custom)
2019-09-20 08:26:39,037 [pool-250-thread-1] INFO  server.RaftServerConfigKeys (ConfUtils.java:logGet(43)) - raft.server.log.segment.size.max = 1048576 (custom)
2019-09-20 08:26:39,037 [pool-250-thread-1] INFO  server.RaftServerConfigKeys (ConfUtils.java:logGet(43)) - raft.server.log.preallocated.size = 16384 (custom)
2019-09-20 08:26:39,037 [pool-250-thread-1] INFO  server.RaftServerConfigKeys (ConfUtils.java:logGet(43)) - raft.server.log.write.buffer.size = 33554432 (custom)
2019-09-20 08:26:39,038 [pool-250-thread-1] INFO  server.RaftServerConfigKeys (ConfUtils.java:logGet(43)) - raft.server.log.force.sync.num = 128 (default)
2019-09-20 08:26:39,038 [pool-250-thread-1] INFO  server.RaftServerConfigKeys (ConfUtils.java:logGet(43)) - raft.server.log.statemachine.data.sync = true (default)
2019-09-20 08:26:39,038 [pool-250-thread-1] INFO  server.RaftServerConfigKeys (ConfUtils.java:logGet(43)) - raft.server.log.statemachine.data.sync.timeout = 10s (default)
2019-09-20 08:26:39,038 [pool-250-thread-1] INFO  server.RaftServerConfigKeys (ConfUtils.java:logGet(43)) - raft.server.log.statemachine.data.sync.timeout.retry = -1 (default)
2019-09-20 08:26:39,038 [pool-250-thread-1] INFO  server.RaftServerConfigKeys (ConfUtils.java:logGet(43)) - raft.server.log.statemachine.data.caching.enabled = true (custom)
2019-09-20 08:26:39,038 [pool-250-thread-1] INFO  segmented.SegmentedRaftLogWorker (SegmentedRaftLogWorker.java:lambda$new$0(132)) - 450b4a05-ccf1-4a74-b0e9-8f60a565bcdf-SegmentedRaftLogWorker:Storage Directory /workdir/hadoop-ozone/ozonefs/target/test-dir/MiniOzoneClusterImpl-083ee7b7-6048-484a-8bff-e922192676bf/datanode-1/data/ratis/09a70f47-4f1f-4f8a-bf5e-efa316aec1b3: flushIndex: setUnconditionally 0 -> -1
2019-09-20 08:26:39,038 [pool-250-thread-1] INFO  server.RaftServerConfigKeys (ConfUtils.java:logGet(43)) - raft.server.snapshot.auto.trigger.enabled = true (custom)
2019-09-20 08:26:39,039 [pool-250-thread-1] INFO  server.RaftServerConfigKeys (ConfUtils.java:logGet(43)) - raft.server.snapshot.auto.trigger.threshold = 10000 (custom)
2019-09-20 08:26:39,039 [pool-250-thread-1] INFO  server.RaftServerConfigKeys (ConfUtils.java:logGet(43)) - raft.server.retrycache.expirytime = 600000ms (custom)
2019-09-20 08:26:39,039 [pool-250-thread-1] INFO  impl.RaftServerImpl (RaftServerImpl.java:start(180)) - 450b4a05-ccf1-4a74-b0e9-8f60a565bcdf: start group-EFA316AEC1B3
2019-09-20 08:26:39,039 [pool-250-thread-1] INFO  impl.RaftServerImpl (RaftServerImpl.java:setRole(171)) - 450b4a05-ccf1-4a74-b0e9-8f60a565bcdf:group-EFA316AEC1B3 changes role from null to FOLLOWER at term 0 for startAsFollower
2019-09-20 08:26:39,039 [pool-250-thread-1] INFO  impl.RoleInfo (RoleInfo.java:updateAndGet(143)) - 450b4a05-ccf1-4a74-b0e9-8f60a565bcdf: start FollowerState
2019-09-20 08:26:39,039 [pool-250-thread-1] INFO  util.JmxRegister (JmxRegister.java:tryRegister(44)) - Successfully registered JMX Bean with object name Ratis:service=RaftServer,group=group-EFA316AEC1B3,id=450b4a05-ccf1-4a74-b0e9-8f60a565bcdf
2019-09-20 08:26:39,041 [RatisPipelineUtilsThread] INFO  pipeline.PipelineStateManager (PipelineStateManager.java:addPipeline(56)) - Created pipeline Pipeline[ Id: 09a70f47-4f1f-4f8a-bf5e-efa316aec1b3, Nodes: 450b4a05-ccf1-4a74-b0e9-8f60a565bcdf{ip: 192.168.34.27, host: pr-hdds-1569-6tbh6-3362816358, networkLocation: /default-rack, certSerialId: null}, Type:RATIS, Factor:ONE, State:OPEN]
2019-09-20 08:26:39,041 [RatisPipelineUtilsThread] INFO  pipeline.PipelinePlacementPolicy (PipelinePlacementPolicy.java:meetCriteria(91)) - Pipeline Placement: Doesn't meet the criteria to be viable node： b15ba93f-acd0-4121-9586-decea32bb3dc Heaviness: 6 limit: 5
2019-09-20 08:26:39,046 [grpc-default-executor-0] INFO  impl.RaftServerProxy (RaftServerProxy.java:addNew(89)) - 450b4a05-ccf1-4a74-b0e9-8f60a565bcdf: addNew group-0B15C756D3DC:[450b4a05-ccf1-4a74-b0e9-8f60a565bcdf:192.168.34.27:32870] returns group-0B15C756D3DC:java.util.concurrent.CompletableFuture@bbc718e[Not completed]
2019-09-20 08:26:39,047 [pool-250-thread-1] INFO  impl.RaftServerImpl (RaftServerImpl.java:<init>(93)) - 450b4a05-ccf1-4a74-b0e9-8f60a565bcdf: new RaftServerImpl for group-0B15C756D3DC:[450b4a05-ccf1-4a74-b0e9-8f60a565bcdf:192.168.34.27:32870] with ContainerStateMachine:uninitialized
2019-09-20 08:26:39,047 [pool-250-thread-1] INFO  server.RaftServerConfigKeys (ConfUtils.java:logGet(43)) - raft.server.rpc.timeout.min = 5s (custom)
2019-09-20 08:26:39,047 [pool-250-thread-1] INFO  server.RaftServerConfigKeys (ConfUtils.java:logGet(43)) - raft.server.rpc.timeout.max = 5200ms (custom)
2019-09-20 08:26:39,047 [pool-250-thread-1] INFO  server.RaftServerConfigKeys (ConfUtils.java:logGet(43)) - raft.server.rpcslowness.timeout = 120s (custom)
2019-09-20 08:26:39,047 [pool-250-thread-1] INFO  server.RaftServerConfigKeys (ConfUtils.java:logGet(43)) - raft.server.sleep.deviation.threshold = 300 (default)
2019-09-20 08:26:39,047 [pool-250-thread-1] INFO  server.RaftServerConfigKeys (ConfUtils.java:logGet(43)) - raft.server.log.appender.install.snapshot.enabled = false (custom)
2019-09-20 08:26:39,047 [pool-250-thread-1] INFO  impl.RaftServerImpl (ServerState.java:<init>(105)) - 450b4a05-ccf1-4a74-b0e9-8f60a565bcdf:group-0B15C756D3DC ConfigurationManager, init=-1: [450b4a05-ccf1-4a74-b0e9-8f60a565bcdf:192.168.34.27:32870], old=null, confs=<EMPTY_MAP>
2019-09-20 08:26:39,047 [pool-250-thread-1] INFO  server.RaftServerConfigKeys (ConfUtils.java:logGet(43)) - raft.server.storage.dir = [/workdir/hadoop-ozone/ozonefs/target/test-dir/MiniOzoneClusterImpl-083ee7b7-6048-484a-8bff-e922192676bf/datanode-1/data/ratis] (custom)
2019-09-20 08:26:39,047 [pool-250-thread-1] INFO  storage.RaftStorageDirectory (RaftStorageDirectory.java:analyzeStorage(246)) - The storage directory /workdir/hadoop-ozone/ozonefs/target/test-dir/MiniOzoneClusterImpl-083ee7b7-6048-484a-8bff-e922192676bf/datanode-1/data/ratis/93263cbb-0bea-454d-aef6-0b15c756d3dc does not exist. Creating ...
2019-09-20 08:26:39,050 [pool-250-thread-1] INFO  storage.RaftStorageDirectory (RaftStorageDirectory.java:tryLock(328)) - Lock on /workdir/hadoop-ozone/ozonefs/target/test-dir/MiniOzoneClusterImpl-083ee7b7-6048-484a-8bff-e922192676bf/datanode-1/data/ratis/93263cbb-0bea-454d-aef6-0b15c756d3dc/in_use.lock acquired by nodename 28782@pr-hdds-1569-6tbh6-3362816358
2019-09-20 08:26:39,054 [pool-250-thread-1] INFO  storage.RaftStorage (RaftStorage.java:format(72)) - Storage directory /workdir/hadoop-ozone/ozonefs/target/test-dir/MiniOzoneClusterImpl-083ee7b7-6048-484a-8bff-e922192676bf/datanode-1/data/ratis/93263cbb-0bea-454d-aef6-0b15c756d3dc has been successfully formatted.
2019-09-20 08:26:39,054 [pool-250-thread-1] INFO  ratis.ContainerStateMachine (ContainerStateMachine.java:loadSnapshot(226)) - group-0B15C756D3DC: The snapshot info is null. Setting the last applied indexto:(t:0, i:~)
2019-09-20 08:26:39,054 [pool-250-thread-1] INFO  server.RaftServerConfigKeys (ConfUtils.java:logGet(43)) - raft.server.leader.election.timeout = 120s (custom)
2019-09-20 08:26:39,054 [pool-250-thread-1] INFO  server.RaftServerConfigKeys (ConfUtils.java:logGet(43)) - raft.server.log.use.memory = false (default)
2019-09-20 08:26:39,054 [pool-250-thread-1] INFO  server.RaftServerConfigKeys (ConfUtils.java:logGet(43)) - raft.server.log.purge.gap = 1000000 (custom)
2019-09-20 08:26:39,055 [pool-250-thread-1] INFO  server.RaftServerConfigKeys (ConfUtils.java:logGet(43)) - raft.server.log.appender.buffer.byte-limit = 33554432 (custom)
2019-09-20 08:26:39,055 [pool-250-thread-1] INFO  server.RaftServerConfigKeys (ConfUtils.java:logGet(43)) - raft.server.log.segment.size.max = 1048576 (custom)
2019-09-20 08:26:39,055 [pool-250-thread-1] INFO  server.RaftServerConfigKeys (ConfUtils.java:logGet(43)) - raft.server.log.segment.cache.num.max = 2 (custom)
2019-09-20 08:26:39,055 [pool-250-thread-1] INFO  segmented.SegmentedRaftLogWorker (SegmentedRaftLogWorker.java:<init>(172)) - new 450b4a05-ccf1-4a74-b0e9-8f60a565bcdf-SegmentedRaftLogWorker:Storage Directory /workdir/hadoop-ozone/ozonefs/target/test-dir/MiniOzoneClusterImpl-083ee7b7-6048-484a-8bff-e922192676bf/datanode-1/data/ratis/93263cbb-0bea-454d-aef6-0b15c756d3dc for RaftStorage:Storage Directory /workdir/hadoop-ozone/ozonefs/target/test-dir/MiniOzoneClusterImpl-083ee7b7-6048-484a-8bff-e922192676bf/datanode-1/data/ratis/93263cbb-0bea-454d-aef6-0b15c756d3dc
2019-09-20 08:26:39,055 [pool-250-thread-1] INFO  server.RaftServerConfigKeys (ConfUtils.java:logGet(43)) - raft.server.log.queue.byte-limit = 2147483647 (custom)
2019-09-20 08:26:39,055 [pool-250-thread-1] INFO  server.RaftServerConfigKeys (ConfUtils.java:logGet(43)) - raft.server.log.queue.element-limit = 1024 (custom)
2019-09-20 08:26:39,055 [pool-250-thread-1] INFO  server.RaftServerConfigKeys (ConfUtils.java:logGet(43)) - raft.server.log.segment.size.max = 1048576 (custom)
2019-09-20 08:26:39,055 [pool-250-thread-1] INFO  server.RaftServerConfigKeys (ConfUtils.java:logGet(43)) - raft.server.log.preallocated.size = 16384 (custom)
2019-09-20 08:26:39,055 [pool-250-thread-1] INFO  server.RaftServerConfigKeys (ConfUtils.java:logGet(43)) - raft.server.log.write.buffer.size = 33554432 (custom)
2019-09-20 08:26:39,055 [pool-250-thread-1] INFO  server.RaftServerConfigKeys (ConfUtils.java:logGet(43)) - raft.server.log.force.sync.num = 128 (default)
2019-09-20 08:26:39,056 [pool-250-thread-1] INFO  server.RaftServerConfigKeys (ConfUtils.java:logGet(43)) - raft.server.log.statemachine.data.sync = true (default)
2019-09-20 08:26:39,056 [pool-250-thread-1] INFO  server.RaftServerConfigKeys (ConfUtils.java:logGet(43)) - raft.server.log.statemachine.data.sync.timeout = 10s (default)
2019-09-20 08:26:39,056 [pool-250-thread-1] INFO  server.RaftServerConfigKeys (ConfUtils.java:logGet(43)) - raft.server.log.statemachine.data.sync.timeout.retry = -1 (default)
2019-09-20 08:26:39,056 [pool-250-thread-1] INFO  server.RaftServerConfigKeys (ConfUtils.java:logGet(43)) - raft.server.log.statemachine.data.caching.enabled = true (custom)
2019-09-20 08:26:39,056 [pool-250-thread-1] INFO  segmented.SegmentedRaftLogWorker (SegmentedRaftLogWorker.java:lambda$new$0(132)) - 450b4a05-ccf1-4a74-b0e9-8f60a565bcdf-SegmentedRaftLogWorker:Storage Directory /workdir/hadoop-ozone/ozonefs/target/test-dir/MiniOzoneClusterImpl-083ee7b7-6048-484a-8bff-e922192676bf/datanode-1/data/ratis/93263cbb-0bea-454d-aef6-0b15c756d3dc: flushIndex: setUnconditionally 0 -> -1
2019-09-20 08:26:39,056 [pool-250-thread-1] INFO  server.RaftServerConfigKeys (ConfUtils.java:logGet(43)) - raft.server.snapshot.auto.trigger.enabled = true (custom)
2019-09-20 08:26:39,057 [pool-250-thread-1] INFO  server.RaftServerConfigKeys (ConfUtils.java:logGet(43)) - raft.server.snapshot.auto.trigger.threshold = 10000 (custom)
2019-09-20 08:26:39,057 [pool-250-thread-1] INFO  server.RaftServerConfigKeys (ConfUtils.java:logGet(43)) - raft.server.retrycache.expirytime = 600000ms (custom)
2019-09-20 08:26:39,057 [pool-250-thread-1] INFO  impl.RaftServerImpl (RaftServerImpl.java:start(180)) - 450b4a05-ccf1-4a74-b0e9-8f60a565bcdf: start group-0B15C756D3DC
2019-09-20 08:26:39,057 [pool-250-thread-1] INFO  impl.RaftServerImpl (RaftServerImpl.java:setRole(171)) - 450b4a05-ccf1-4a74-b0e9-8f60a565bcdf:group-0B15C756D3DC changes role from null to FOLLOWER at term 0 for startAsFollower
2019-09-20 08:26:39,057 [pool-250-thread-1] INFO  impl.RoleInfo (RoleInfo.java:updateAndGet(143)) - 450b4a05-ccf1-4a74-b0e9-8f60a565bcdf: start FollowerState
2019-09-20 08:26:39,058 [pool-250-thread-1] INFO  util.JmxRegister (JmxRegister.java:tryRegister(44)) - Successfully registered JMX Bean with object name Ratis:service=RaftServer,group=group-0B15C756D3DC,id=450b4a05-ccf1-4a74-b0e9-8f60a565bcdf
2019-09-20 08:26:39,060 [RatisPipelineUtilsThread] INFO  pipeline.PipelineStateManager (PipelineStateManager.java:addPipeline(56)) - Created pipeline Pipeline[ Id: 93263cbb-0bea-454d-aef6-0b15c756d3dc, Nodes: 450b4a05-ccf1-4a74-b0e9-8f60a565bcdf{ip: 192.168.34.27, host: pr-hdds-1569-6tbh6-3362816358, networkLocation: /default-rack, certSerialId: null}, Type:RATIS, Factor:ONE, State:OPEN]
2019-09-20 08:26:39,061 [RatisPipelineUtilsThread] INFO  pipeline.PipelinePlacementPolicy (PipelinePlacementPolicy.java:meetCriteria(91)) - Pipeline Placement: Doesn't meet the criteria to be viable node： b15ba93f-acd0-4121-9586-decea32bb3dc Heaviness: 6 limit: 5
2019-09-20 08:26:39,066 [grpc-default-executor-0] INFO  impl.RaftServerProxy (RaftServerProxy.java:addNew(89)) - 450b4a05-ccf1-4a74-b0e9-8f60a565bcdf: addNew group-745834E80712:[450b4a05-ccf1-4a74-b0e9-8f60a565bcdf:192.168.34.27:32870] returns group-745834E80712:java.util.concurrent.CompletableFuture@72e376fd[Not completed]
2019-09-20 08:26:39,067 [pool-250-thread-1] INFO  impl.RaftServerImpl (RaftServerImpl.java:<init>(93)) - 450b4a05-ccf1-4a74-b0e9-8f60a565bcdf: new RaftServerImpl for group-745834E80712:[450b4a05-ccf1-4a74-b0e9-8f60a565bcdf:192.168.34.27:32870] with ContainerStateMachine:uninitialized
2019-09-20 08:26:39,067 [pool-250-thread-1] INFO  server.RaftServerConfigKeys (ConfUtils.java:logGet(43)) - raft.server.rpc.timeout.min = 5s (custom)
2019-09-20 08:26:39,067 [pool-250-thread-1] INFO  server.RaftServerConfigKeys (ConfUtils.java:logGet(43)) - raft.server.rpc.timeout.max = 5200ms (custom)
2019-09-20 08:26:39,067 [pool-250-thread-1] INFO  server.RaftServerConfigKeys (ConfUtils.java:logGet(43)) - raft.server.rpcslowness.timeout = 120s (custom)
2019-09-20 08:26:39,067 [pool-250-thread-1] INFO  server.RaftServerConfigKeys (ConfUtils.java:logGet(43)) - raft.server.sleep.deviation.threshold = 300 (default)
2019-09-20 08:26:39,067 [pool-250-thread-1] INFO  server.RaftServerConfigKeys (ConfUtils.java:logGet(43)) - raft.server.log.appender.install.snapshot.enabled = false (custom)
2019-09-20 08:26:39,067 [pool-250-thread-1] INFO  impl.RaftServerImpl (ServerState.java:<init>(105)) - 450b4a05-ccf1-4a74-b0e9-8f60a565bcdf:group-745834E80712 ConfigurationManager, init=-1: [450b4a05-ccf1-4a74-b0e9-8f60a565bcdf:192.168.34.27:32870], old=null, confs=<EMPTY_MAP>
2019-09-20 08:26:39,067 [pool-250-thread-1] INFO  server.RaftServerConfigKeys (ConfUtils.java:logGet(43)) - raft.server.storage.dir = [/workdir/hadoop-ozone/ozonefs/target/test-dir/MiniOzoneClusterImpl-083ee7b7-6048-484a-8bff-e922192676bf/datanode-1/data/ratis] (custom)
2019-09-20 08:26:39,068 [pool-250-thread-1] INFO  storage.RaftStorageDirectory (RaftStorageDirectory.java:analyzeStorage(246)) - The storage directory /workdir/hadoop-ozone/ozonefs/target/test-dir/MiniOzoneClusterImpl-083ee7b7-6048-484a-8bff-e922192676bf/datanode-1/data/ratis/82783891-57d6-4439-bebb-745834e80712 does not exist. Creating ...
2019-09-20 08:26:39,073 [pool-250-thread-1] INFO  storage.RaftStorageDirectory (RaftStorageDirectory.java:tryLock(328)) - Lock on /workdir/hadoop-ozone/ozonefs/target/test-dir/MiniOzoneClusterImpl-083ee7b7-6048-484a-8bff-e922192676bf/datanode-1/data/ratis/82783891-57d6-4439-bebb-745834e80712/in_use.lock acquired by nodename 28782@pr-hdds-1569-6tbh6-3362816358
2019-09-20 08:26:39,102 [pool-250-thread-1] INFO  storage.RaftStorage (RaftStorage.java:format(72)) - Storage directory /workdir/hadoop-ozone/ozonefs/target/test-dir/MiniOzoneClusterImpl-083ee7b7-6048-484a-8bff-e922192676bf/datanode-1/data/ratis/82783891-57d6-4439-bebb-745834e80712 has been successfully formatted.
2019-09-20 08:26:39,102 [pool-250-thread-1] INFO  ratis.ContainerStateMachine (ContainerStateMachine.java:loadSnapshot(226)) - group-745834E80712: The snapshot info is null. Setting the last applied indexto:(t:0, i:~)
2019-09-20 08:26:39,102 [pool-250-thread-1] INFO  server.RaftServerConfigKeys (ConfUtils.java:logGet(43)) - raft.server.leader.election.timeout = 120s (custom)
2019-09-20 08:26:39,102 [pool-250-thread-1] INFO  server.RaftServerConfigKeys (ConfUtils.java:logGet(43)) - raft.server.log.use.memory = false (default)
2019-09-20 08:26:39,102 [pool-250-thread-1] INFO  server.RaftServerConfigKeys (ConfUtils.java:logGet(43)) - raft.server.log.purge.gap = 1000000 (custom)
2019-09-20 08:26:39,102 [pool-250-thread-1] INFO  server.RaftServerConfigKeys (ConfUtils.java:logGet(43)) - raft.server.log.appender.buffer.byte-limit = 33554432 (custom)
2019-09-20 08:26:39,103 [pool-250-thread-1] INFO  server.RaftServerConfigKeys (ConfUtils.java:logGet(43)) - raft.server.log.segment.size.max = 1048576 (custom)
2019-09-20 08:26:39,103 [pool-250-thread-1] INFO  server.RaftServerConfigKeys (ConfUtils.java:logGet(43)) - raft.server.log.segment.cache.num.max = 2 (custom)
2019-09-20 08:26:39,103 [pool-250-thread-1] INFO  segmented.SegmentedRaftLogWorker (SegmentedRaftLogWorker.java:<init>(172)) - new 450b4a05-ccf1-4a74-b0e9-8f60a565bcdf-SegmentedRaftLogWorker:Storage Directory /workdir/hadoop-ozone/ozonefs/target/test-dir/MiniOzoneClusterImpl-083ee7b7-6048-484a-8bff-e922192676bf/datanode-1/data/ratis/82783891-57d6-4439-bebb-745834e80712 for RaftStorage:Storage Directory /workdir/hadoop-ozone/ozonefs/target/test-dir/MiniOzoneClusterImpl-083ee7b7-6048-484a-8bff-e922192676bf/datanode-1/data/ratis/82783891-57d6-4439-bebb-745834e80712
2019-09-20 08:26:39,103 [pool-250-thread-1] INFO  server.RaftServerConfigKeys (ConfUtils.java:logGet(43)) - raft.server.log.queue.byte-limit = 2147483647 (custom)
2019-09-20 08:26:39,103 [pool-250-thread-1] INFO  server.RaftServerConfigKeys (ConfUtils.java:logGet(43)) - raft.server.log.queue.element-limit = 1024 (custom)
2019-09-20 08:26:39,103 [pool-250-thread-1] INFO  server.RaftServerConfigKeys (ConfUtils.java:logGet(43)) - raft.server.log.segment.size.max = 1048576 (custom)
2019-09-20 08:26:39,103 [pool-250-thread-1] INFO  server.RaftServerConfigKeys (ConfUtils.java:logGet(43)) - raft.server.log.preallocated.size = 16384 (custom)
2019-09-20 08:26:39,103 [pool-250-thread-1] INFO  server.RaftServerConfigKeys (ConfUtils.java:logGet(43)) - raft.server.log.write.buffer.size = 33554432 (custom)
2019-09-20 08:26:39,103 [pool-250-thread-1] INFO  server.RaftServerConfigKeys (ConfUtils.java:logGet(43)) - raft.server.log.force.sync.num = 128 (default)
2019-09-20 08:26:39,103 [pool-250-thread-1] INFO  server.RaftServerConfigKeys (ConfUtils.java:logGet(43)) - raft.server.log.statemachine.data.sync = true (default)
2019-09-20 08:26:39,103 [pool-250-thread-1] INFO  server.RaftServerConfigKeys (ConfUtils.java:logGet(43)) - raft.server.log.statemachine.data.sync.timeout = 10s (default)
2019-09-20 08:26:39,104 [pool-250-thread-1] INFO  server.RaftServerConfigKeys (ConfUtils.java:logGet(43)) - raft.server.log.statemachine.data.sync.timeout.retry = -1 (default)
2019-09-20 08:26:39,104 [pool-250-thread-1] INFO  server.RaftServerConfigKeys (ConfUtils.java:logGet(43)) - raft.server.log.statemachine.data.caching.enabled = true (custom)
2019-09-20 08:26:39,104 [pool-250-thread-1] INFO  segmented.SegmentedRaftLogWorker (SegmentedRaftLogWorker.java:lambda$new$0(132)) - 450b4a05-ccf1-4a74-b0e9-8f60a565bcdf-SegmentedRaftLogWorker:Storage Directory /workdir/hadoop-ozone/ozonefs/target/test-dir/MiniOzoneClusterImpl-083ee7b7-6048-484a-8bff-e922192676bf/datanode-1/data/ratis/82783891-57d6-4439-bebb-745834e80712: flushIndex: setUnconditionally 0 -> -1
2019-09-20 08:26:39,104 [pool-250-thread-1] INFO  server.RaftServerConfigKeys (ConfUtils.java:logGet(43)) - raft.server.snapshot.auto.trigger.enabled = true (custom)
2019-09-20 08:26:39,104 [pool-250-thread-1] INFO  server.RaftServerConfigKeys (ConfUtils.java:logGet(43)) - raft.server.snapshot.auto.trigger.threshold = 10000 (custom)
2019-09-20 08:26:39,104 [pool-250-thread-1] INFO  server.RaftServerConfigKeys (ConfUtils.java:logGet(43)) - raft.server.retrycache.expirytime = 600000ms (custom)
2019-09-20 08:26:39,104 [pool-250-thread-1] INFO  impl.RaftServerImpl (RaftServerImpl.java:start(180)) - 450b4a05-ccf1-4a74-b0e9-8f60a565bcdf: start group-745834E80712
2019-09-20 08:26:39,105 [pool-250-thread-1] INFO  impl.RaftServerImpl (RaftServerImpl.java:setRole(171)) - 450b4a05-ccf1-4a74-b0e9-8f60a565bcdf:group-745834E80712 changes role from null to FOLLOWER at term 0 for startAsFollower
2019-09-20 08:26:39,105 [pool-250-thread-1] INFO  impl.RoleInfo (RoleInfo.java:updateAndGet(143)) - 450b4a05-ccf1-4a74-b0e9-8f60a565bcdf: start FollowerState
2019-09-20 08:26:39,105 [pool-250-thread-1] INFO  util.JmxRegister (JmxRegister.java:tryRegister(44)) - Successfully registered JMX Bean with object name Ratis:service=RaftServer,group=group-745834E80712,id=450b4a05-ccf1-4a74-b0e9-8f60a565bcdf
2019-09-20 08:26:39,107 [RatisPipelineUtilsThread] INFO  pipeline.PipelineStateManager (PipelineStateManager.java:addPipeline(56)) - Created pipeline Pipeline[ Id: 82783891-57d6-4439-bebb-745834e80712, Nodes: 450b4a05-ccf1-4a74-b0e9-8f60a565bcdf{ip: 192.168.34.27, host: pr-hdds-1569-6tbh6-3362816358, networkLocation: /default-rack, certSerialId: null}, Type:RATIS, Factor:ONE, State:OPEN]
2019-09-20 08:26:39,107 [RatisPipelineUtilsThread] INFO  pipeline.PipelinePlacementPolicy (PipelinePlacementPolicy.java:meetCriteria(91)) - Pipeline Placement: Doesn't meet the criteria to be viable node： 450b4a05-ccf1-4a74-b0e9-8f60a565bcdf Heaviness: 6 limit: 5
2019-09-20 08:26:39,107 [RatisPipelineUtilsThread] INFO  pipeline.PipelinePlacementPolicy (PipelinePlacementPolicy.java:meetCriteria(91)) - Pipeline Placement: Doesn't meet the criteria to be viable node： b15ba93f-acd0-4121-9586-decea32bb3dc Heaviness: 6 limit: 5
2019-09-20 08:26:39,108 [RatisPipelineUtilsThread] ERROR pipeline.PipelinePlacementPolicy (PipelinePlacementPolicy.java:filterViableNodes(148)) - Unable to find enough nodes that meet the criteria that cannot engage in more than 5 pipelines. Nodes required: 1 Found: 0, healthy nodes count inNodeManager: 2.
2019-09-20 08:26:39,108 [RatisPipelineUtilsThread] ERROR pipeline.SCMPipelineManager (SCMPipelineManager.java:createPipeline(161)) - Pipeline creation failed due to exception: Unable to find enough nodes that meet the criteria that cannot engage in more than 5 pipelines. Nodes required: 1 Found: 0, healthy nodes count inNodeManager: 2.
2019-09-20 08:26:39,108 [RatisPipelineUtilsThread] ERROR pipeline.PipelinePlacementPolicy (PipelinePlacementPolicy.java:filterViableNodes(131)) - Not enough healthy nodes to allocate pipeline. 3  datanodes required. Found 2
2019-09-20 08:26:39,108 [RatisPipelineUtilsThread] ERROR pipeline.SCMPipelineManager (SCMPipelineManager.java:createPipeline(161)) - Pipeline creation failed due to exception: Not enough healthy nodes to allocate pipeline. 3  datanodes required. Found 2
2019-09-20 08:26:39,108 [RatisPipelineUtilsThread] INFO  pipeline.PipelinePlacementPolicy (PipelinePlacementPolicy.java:meetCriteria(91)) - Pipeline Placement: Doesn't meet the criteria to be viable node： 450b4a05-ccf1-4a74-b0e9-8f60a565bcdf Heaviness: 6 limit: 5
2019-09-20 08:26:39,108 [RatisPipelineUtilsThread] INFO  pipeline.PipelinePlacementPolicy (PipelinePlacementPolicy.java:meetCriteria(91)) - Pipeline Placement: Doesn't meet the criteria to be viable node： b15ba93f-acd0-4121-9586-decea32bb3dc Heaviness: 6 limit: 5
2019-09-20 08:26:39,108 [RatisPipelineUtilsThread] ERROR pipeline.PipelinePlacementPolicy (PipelinePlacementPolicy.java:filterViableNodes(148)) - Unable to find enough nodes that meet the criteria that cannot engage in more than 5 pipelines. Nodes required: 1 Found: 0, healthy nodes count inNodeManager: 2.
2019-09-20 08:26:39,108 [RatisPipelineUtilsThread] ERROR pipeline.SCMPipelineManager (SCMPipelineManager.java:createPipeline(161)) - Pipeline creation failed due to exception: Unable to find enough nodes that meet the criteria that cannot engage in more than 5 pipelines. Nodes required: 1 Found: 0, healthy nodes count inNodeManager: 2.
2019-09-20 08:26:39,108 [RatisPipelineUtilsThread] ERROR pipeline.PipelinePlacementPolicy (PipelinePlacementPolicy.java:filterViableNodes(131)) - Not enough healthy nodes to allocate pipeline. 3  datanodes required. Found 2
2019-09-20 08:26:39,108 [RatisPipelineUtilsThread] ERROR pipeline.SCMPipelineManager (SCMPipelineManager.java:createPipeline(161)) - Pipeline creation failed due to exception: Not enough healthy nodes to allocate pipeline. 3  datanodes required. Found 2
2019-09-20 08:26:39,142 [Thread-1070] INFO  ozone.MiniOzoneClusterImpl (MiniOzoneClusterImpl.java:lambda$waitForClusterToBeReady$0(142)) - Waiting for cluster to be ready. Got 2 of 3 DN Heartbeats.
2019-09-20 08:26:39,144 [IPC Server handler 1 on 45694] INFO  net.NetworkTopology (NetworkTopologyImpl.java:add(110)) - Added a new node: /default-rack/fb5436b4-0441-4af7-ac3c-617f70818dc1
2019-09-20 08:26:39,144 [IPC Server handler 1 on 45694] INFO  node.SCMNodeManager (SCMNodeManager.java:register(273)) - Registered Data node : fb5436b4-0441-4af7-ac3c-617f70818dc1{ip: 192.168.34.27, host: pr-hdds-1569-6tbh6-3362816358, networkLocation: /default-rack, certSerialId: null}
2019-09-20 08:26:39,144 [RatisPipelineUtilsThread] INFO  pipeline.PipelinePlacementPolicy (PipelinePlacementPolicy.java:meetCriteria(91)) - Pipeline Placement: Doesn't meet the criteria to be viable node： 450b4a05-ccf1-4a74-b0e9-8f60a565bcdf Heaviness: 6 limit: 5
2019-09-20 08:26:39,145 [RatisPipelineUtilsThread] INFO  pipeline.PipelinePlacementPolicy (PipelinePlacementPolicy.java:meetCriteria(91)) - Pipeline Placement: Doesn't meet the criteria to be viable node： b15ba93f-acd0-4121-9586-decea32bb3dc Heaviness: 6 limit: 5
2019-09-20 08:26:39,145 | INFO  | SCMAudit | user=jenkins1000 | ip=192.168.34.27 | op=REGISTER {datanodeDetails=fb5436b4-0441-4af7-ac3c-617f70818dc1{ip: 192.168.34.27, host: pr-hdds-1569-6tbh6-3362816358, networkLocation: /default-rack, certSerialId: null}} | ret=SUCCESS |  
2019-09-20 08:26:39,153 [grpc-default-executor-0] INFO  impl.RaftServerProxy (RaftServerProxy.java:addNew(89)) - fb5436b4-0441-4af7-ac3c-617f70818dc1: addNew group-6841D10CC3FB:[fb5436b4-0441-4af7-ac3c-617f70818dc1:192.168.34.27:33412] returns group-6841D10CC3FB:java.util.concurrent.CompletableFuture@38ea9248[Not completed]
2019-09-20 08:26:39,154 [pool-261-thread-1] INFO  impl.RaftServerImpl (RaftServerImpl.java:<init>(93)) - fb5436b4-0441-4af7-ac3c-617f70818dc1: new RaftServerImpl for group-6841D10CC3FB:[fb5436b4-0441-4af7-ac3c-617f70818dc1:192.168.34.27:33412] with ContainerStateMachine:uninitialized
2019-09-20 08:26:39,154 [pool-261-thread-1] INFO  server.RaftServerConfigKeys (ConfUtils.java:logGet(43)) - raft.server.rpc.timeout.min = 5s (custom)
2019-09-20 08:26:39,154 [pool-261-thread-1] INFO  server.RaftServerConfigKeys (ConfUtils.java:logGet(43)) - raft.server.rpc.timeout.max = 5200ms (custom)
2019-09-20 08:26:39,154 [pool-261-thread-1] INFO  server.RaftServerConfigKeys (ConfUtils.java:logGet(43)) - raft.server.rpcslowness.timeout = 120s (custom)
2019-09-20 08:26:39,154 [pool-261-thread-1] INFO  server.RaftServerConfigKeys (ConfUtils.java:logGet(43)) - raft.server.sleep.deviation.threshold = 300 (default)
2019-09-20 08:26:39,154 [pool-261-thread-1] INFO  server.RaftServerConfigKeys (ConfUtils.java:logGet(43)) - raft.server.log.appender.install.snapshot.enabled = false (custom)
2019-09-20 08:26:39,155 [pool-261-thread-1] INFO  impl.RaftServerImpl (ServerState.java:<init>(105)) - fb5436b4-0441-4af7-ac3c-617f70818dc1:group-6841D10CC3FB ConfigurationManager, init=-1: [fb5436b4-0441-4af7-ac3c-617f70818dc1:192.168.34.27:33412], old=null, confs=<EMPTY_MAP>
2019-09-20 08:26:39,155 [pool-261-thread-1] INFO  server.RaftServerConfigKeys (ConfUtils.java:logGet(43)) - raft.server.storage.dir = [/workdir/hadoop-ozone/ozonefs/target/test-dir/MiniOzoneClusterImpl-083ee7b7-6048-484a-8bff-e922192676bf/datanode-2/data/ratis] (custom)
2019-09-20 08:26:39,155 [pool-261-thread-1] INFO  storage.RaftStorageDirectory (RaftStorageDirectory.java:analyzeStorage(246)) - The storage directory /workdir/hadoop-ozone/ozonefs/target/test-dir/MiniOzoneClusterImpl-083ee7b7-6048-484a-8bff-e922192676bf/datanode-2/data/ratis/95fb04d0-ae68-4f01-9b7d-6841d10cc3fb does not exist. Creating ...
2019-09-20 08:26:39,169 [pool-261-thread-1] INFO  storage.RaftStorageDirectory (RaftStorageDirectory.java:tryLock(328)) - Lock on /workdir/hadoop-ozone/ozonefs/target/test-dir/MiniOzoneClusterImpl-083ee7b7-6048-484a-8bff-e922192676bf/datanode-2/data/ratis/95fb04d0-ae68-4f01-9b7d-6841d10cc3fb/in_use.lock acquired by nodename 28782@pr-hdds-1569-6tbh6-3362816358
2019-09-20 08:26:39,183 [pool-261-thread-1] INFO  storage.RaftStorage (RaftStorage.java:format(72)) - Storage directory /workdir/hadoop-ozone/ozonefs/target/test-dir/MiniOzoneClusterImpl-083ee7b7-6048-484a-8bff-e922192676bf/datanode-2/data/ratis/95fb04d0-ae68-4f01-9b7d-6841d10cc3fb has been successfully formatted.
2019-09-20 08:26:39,184 [pool-261-thread-1] INFO  ratis.ContainerStateMachine (ContainerStateMachine.java:loadSnapshot(226)) - group-6841D10CC3FB: The snapshot info is null. Setting the last applied indexto:(t:0, i:~)
2019-09-20 08:26:39,184 [pool-261-thread-1] INFO  server.RaftServerConfigKeys (ConfUtils.java:logGet(43)) - raft.server.leader.election.timeout = 120s (custom)
2019-09-20 08:26:39,184 [pool-261-thread-1] INFO  server.RaftServerConfigKeys (ConfUtils.java:logGet(43)) - raft.server.log.use.memory = false (default)
2019-09-20 08:26:39,184 [pool-261-thread-1] INFO  server.RaftServerConfigKeys (ConfUtils.java:logGet(43)) - raft.server.log.purge.gap = 1000000 (custom)
2019-09-20 08:26:39,184 [pool-261-thread-1] INFO  server.RaftServerConfigKeys (ConfUtils.java:logGet(43)) - raft.server.log.appender.buffer.byte-limit = 33554432 (custom)
2019-09-20 08:26:39,184 [pool-261-thread-1] INFO  server.RaftServerConfigKeys (ConfUtils.java:logGet(43)) - raft.server.log.segment.size.max = 1048576 (custom)
2019-09-20 08:26:39,184 [pool-261-thread-1] INFO  server.RaftServerConfigKeys (ConfUtils.java:logGet(43)) - raft.server.log.segment.cache.num.max = 2 (custom)
2019-09-20 08:26:39,184 [pool-261-thread-1] INFO  segmented.SegmentedRaftLogWorker (SegmentedRaftLogWorker.java:<init>(172)) - new fb5436b4-0441-4af7-ac3c-617f70818dc1-SegmentedRaftLogWorker:Storage Directory /workdir/hadoop-ozone/ozonefs/target/test-dir/MiniOzoneClusterImpl-083ee7b7-6048-484a-8bff-e922192676bf/datanode-2/data/ratis/95fb04d0-ae68-4f01-9b7d-6841d10cc3fb for RaftStorage:Storage Directory /workdir/hadoop-ozone/ozonefs/target/test-dir/MiniOzoneClusterImpl-083ee7b7-6048-484a-8bff-e922192676bf/datanode-2/data/ratis/95fb04d0-ae68-4f01-9b7d-6841d10cc3fb
2019-09-20 08:26:39,185 [pool-261-thread-1] INFO  server.RaftServerConfigKeys (ConfUtils.java:logGet(43)) - raft.server.log.queue.byte-limit = 2147483647 (custom)
2019-09-20 08:26:39,185 [pool-261-thread-1] INFO  server.RaftServerConfigKeys (ConfUtils.java:logGet(43)) - raft.server.log.queue.element-limit = 1024 (custom)
2019-09-20 08:26:39,185 [pool-261-thread-1] INFO  server.RaftServerConfigKeys (ConfUtils.java:logGet(43)) - raft.server.log.segment.size.max = 1048576 (custom)
2019-09-20 08:26:39,185 [pool-261-thread-1] INFO  server.RaftServerConfigKeys (ConfUtils.java:logGet(43)) - raft.server.log.preallocated.size = 16384 (custom)
2019-09-20 08:26:39,185 [pool-261-thread-1] INFO  server.RaftServerConfigKeys (ConfUtils.java:logGet(43)) - raft.server.log.write.buffer.size = 33554432 (custom)
2019-09-20 08:26:39,185 [pool-261-thread-1] INFO  server.RaftServerConfigKeys (ConfUtils.java:logGet(43)) - raft.server.log.force.sync.num = 128 (default)
2019-09-20 08:26:39,185 [pool-261-thread-1] INFO  server.RaftServerConfigKeys (ConfUtils.java:logGet(43)) - raft.server.log.statemachine.data.sync = true (default)
2019-09-20 08:26:39,185 [pool-261-thread-1] INFO  server.RaftServerConfigKeys (ConfUtils.java:logGet(43)) - raft.server.log.statemachine.data.sync.timeout = 10s (default)
2019-09-20 08:26:39,185 [pool-261-thread-1] INFO  server.RaftServerConfigKeys (ConfUtils.java:logGet(43)) - raft.server.log.statemachine.data.sync.timeout.retry = -1 (default)
2019-09-20 08:26:39,186 [pool-261-thread-1] INFO  server.RaftServerConfigKeys (ConfUtils.java:logGet(43)) - raft.server.log.statemachine.data.caching.enabled = true (custom)
2019-09-20 08:26:39,186 [pool-261-thread-1] INFO  segmented.SegmentedRaftLogWorker (SegmentedRaftLogWorker.java:lambda$new$0(132)) - fb5436b4-0441-4af7-ac3c-617f70818dc1-SegmentedRaftLogWorker:Storage Directory /workdir/hadoop-ozone/ozonefs/target/test-dir/MiniOzoneClusterImpl-083ee7b7-6048-484a-8bff-e922192676bf/datanode-2/data/ratis/95fb04d0-ae68-4f01-9b7d-6841d10cc3fb: flushIndex: setUnconditionally 0 -> -1
2019-09-20 08:26:39,186 [pool-261-thread-1] INFO  server.RaftServerConfigKeys (ConfUtils.java:logGet(43)) - raft.server.snapshot.auto.trigger.enabled = true (custom)
2019-09-20 08:26:39,186 [pool-261-thread-1] INFO  server.RaftServerConfigKeys (ConfUtils.java:logGet(43)) - raft.server.snapshot.auto.trigger.threshold = 10000 (custom)
2019-09-20 08:26:39,187 [pool-261-thread-1] INFO  server.RaftServerConfigKeys (ConfUtils.java:logGet(43)) - raft.server.retrycache.expirytime = 600000ms (custom)
2019-09-20 08:26:39,187 [pool-261-thread-1] INFO  impl.RaftServerImpl (RaftServerImpl.java:start(180)) - fb5436b4-0441-4af7-ac3c-617f70818dc1: start group-6841D10CC3FB
2019-09-20 08:26:39,187 [pool-261-thread-1] INFO  impl.RaftServerImpl (RaftServerImpl.java:setRole(171)) - fb5436b4-0441-4af7-ac3c-617f70818dc1:group-6841D10CC3FB changes role from null to FOLLOWER at term 0 for startAsFollower
2019-09-20 08:26:39,187 [pool-261-thread-1] INFO  impl.RoleInfo (RoleInfo.java:updateAndGet(143)) - fb5436b4-0441-4af7-ac3c-617f70818dc1: start FollowerState
2019-09-20 08:26:39,187 [pool-261-thread-1] INFO  util.JmxRegister (JmxRegister.java:tryRegister(44)) - Successfully registered JMX Bean with object name Ratis:service=RaftServer,group=group-6841D10CC3FB,id=fb5436b4-0441-4af7-ac3c-617f70818dc1
2019-09-20 08:26:39,190 [RatisPipelineUtilsThread] INFO  pipeline.PipelineStateManager (PipelineStateManager.java:addPipeline(56)) - Created pipeline Pipeline[ Id: 95fb04d0-ae68-4f01-9b7d-6841d10cc3fb, Nodes: fb5436b4-0441-4af7-ac3c-617f70818dc1{ip: 192.168.34.27, host: pr-hdds-1569-6tbh6-3362816358, networkLocation: /default-rack, certSerialId: null}, Type:RATIS, Factor:ONE, State:OPEN]
2019-09-20 08:26:39,190 [RatisPipelineUtilsThread] INFO  pipeline.PipelinePlacementPolicy (PipelinePlacementPolicy.java:meetCriteria(91)) - Pipeline Placement: Doesn't meet the criteria to be viable node： 450b4a05-ccf1-4a74-b0e9-8f60a565bcdf Heaviness: 6 limit: 5
2019-09-20 08:26:39,190 [RatisPipelineUtilsThread] INFO  pipeline.PipelinePlacementPolicy (PipelinePlacementPolicy.java:meetCriteria(91)) - Pipeline Placement: Doesn't meet the criteria to be viable node： b15ba93f-acd0-4121-9586-decea32bb3dc Heaviness: 6 limit: 5
2019-09-20 08:26:39,196 [grpc-default-executor-0] INFO  impl.RaftServerProxy (RaftServerProxy.java:addNew(89)) - fb5436b4-0441-4af7-ac3c-617f70818dc1: addNew group-B6BA8ECE013B:[fb5436b4-0441-4af7-ac3c-617f70818dc1:192.168.34.27:33412] returns group-B6BA8ECE013B:java.util.concurrent.CompletableFuture@3534ae19[Not completed]
2019-09-20 08:26:39,197 [pool-261-thread-1] INFO  impl.RaftServerImpl (RaftServerImpl.java:<init>(93)) - fb5436b4-0441-4af7-ac3c-617f70818dc1: new RaftServerImpl for group-B6BA8ECE013B:[fb5436b4-0441-4af7-ac3c-617f70818dc1:192.168.34.27:33412] with ContainerStateMachine:uninitialized
2019-09-20 08:26:39,197 [pool-261-thread-1] INFO  server.RaftServerConfigKeys (ConfUtils.java:logGet(43)) - raft.server.rpc.timeout.min = 5s (custom)
2019-09-20 08:26:39,197 [pool-261-thread-1] INFO  server.RaftServerConfigKeys (ConfUtils.java:logGet(43)) - raft.server.rpc.timeout.max = 5200ms (custom)
2019-09-20 08:26:39,197 [pool-261-thread-1] INFO  server.RaftServerConfigKeys (ConfUtils.java:logGet(43)) - raft.server.rpcslowness.timeout = 120s (custom)
2019-09-20 08:26:39,197 [pool-261-thread-1] INFO  server.RaftServerConfigKeys (ConfUtils.java:logGet(43)) - raft.server.sleep.deviation.threshold = 300 (default)
2019-09-20 08:26:39,197 [pool-261-thread-1] INFO  server.RaftServerConfigKeys (ConfUtils.java:logGet(43)) - raft.server.log.appender.install.snapshot.enabled = false (custom)
2019-09-20 08:26:39,198 [pool-261-thread-1] INFO  impl.RaftServerImpl (ServerState.java:<init>(105)) - fb5436b4-0441-4af7-ac3c-617f70818dc1:group-B6BA8ECE013B ConfigurationManager, init=-1: [fb5436b4-0441-4af7-ac3c-617f70818dc1:192.168.34.27:33412], old=null, confs=<EMPTY_MAP>
2019-09-20 08:26:39,198 [pool-261-thread-1] INFO  server.RaftServerConfigKeys (ConfUtils.java:logGet(43)) - raft.server.storage.dir = [/workdir/hadoop-ozone/ozonefs/target/test-dir/MiniOzoneClusterImpl-083ee7b7-6048-484a-8bff-e922192676bf/datanode-2/data/ratis] (custom)
2019-09-20 08:26:39,198 [pool-261-thread-1] INFO  storage.RaftStorageDirectory (RaftStorageDirectory.java:analyzeStorage(246)) - The storage directory /workdir/hadoop-ozone/ozonefs/target/test-dir/MiniOzoneClusterImpl-083ee7b7-6048-484a-8bff-e922192676bf/datanode-2/data/ratis/bd0fc82a-2951-4f3b-b1f6-b6ba8ece013b does not exist. Creating ...
2019-09-20 08:26:39,212 [pool-261-thread-1] INFO  storage.RaftStorageDirectory (RaftStorageDirectory.java:tryLock(328)) - Lock on /workdir/hadoop-ozone/ozonefs/target/test-dir/MiniOzoneClusterImpl-083ee7b7-6048-484a-8bff-e922192676bf/datanode-2/data/ratis/bd0fc82a-2951-4f3b-b1f6-b6ba8ece013b/in_use.lock acquired by nodename 28782@pr-hdds-1569-6tbh6-3362816358
2019-09-20 08:26:39,225 [pool-261-thread-1] INFO  storage.RaftStorage (RaftStorage.java:format(72)) - Storage directory /workdir/hadoop-ozone/ozonefs/target/test-dir/MiniOzoneClusterImpl-083ee7b7-6048-484a-8bff-e922192676bf/datanode-2/data/ratis/bd0fc82a-2951-4f3b-b1f6-b6ba8ece013b has been successfully formatted.
2019-09-20 08:26:39,226 [pool-261-thread-1] INFO  ratis.ContainerStateMachine (ContainerStateMachine.java:loadSnapshot(226)) - group-B6BA8ECE013B: The snapshot info is null. Setting the last applied indexto:(t:0, i:~)
2019-09-20 08:26:39,226 [pool-261-thread-1] INFO  server.RaftServerConfigKeys (ConfUtils.java:logGet(43)) - raft.server.leader.election.timeout = 120s (custom)
2019-09-20 08:26:39,226 [pool-261-thread-1] INFO  server.RaftServerConfigKeys (ConfUtils.java:logGet(43)) - raft.server.log.use.memory = false (default)
2019-09-20 08:26:39,226 [pool-261-thread-1] INFO  server.RaftServerConfigKeys (ConfUtils.java:logGet(43)) - raft.server.log.purge.gap = 1000000 (custom)
2019-09-20 08:26:39,226 [pool-261-thread-1] INFO  server.RaftServerConfigKeys (ConfUtils.java:logGet(43)) - raft.server.log.appender.buffer.byte-limit = 33554432 (custom)
2019-09-20 08:26:39,226 [pool-261-thread-1] INFO  server.RaftServerConfigKeys (ConfUtils.java:logGet(43)) - raft.server.log.segment.size.max = 1048576 (custom)
2019-09-20 08:26:39,226 [pool-261-thread-1] INFO  server.RaftServerConfigKeys (ConfUtils.java:logGet(43)) - raft.server.log.segment.cache.num.max = 2 (custom)
2019-09-20 08:26:39,227 [pool-261-thread-1] INFO  segmented.SegmentedRaftLogWorker (SegmentedRaftLogWorker.java:<init>(172)) - new fb5436b4-0441-4af7-ac3c-617f70818dc1-SegmentedRaftLogWorker:Storage Directory /workdir/hadoop-ozone/ozonefs/target/test-dir/MiniOzoneClusterImpl-083ee7b7-6048-484a-8bff-e922192676bf/datanode-2/data/ratis/bd0fc82a-2951-4f3b-b1f6-b6ba8ece013b for RaftStorage:Storage Directory /workdir/hadoop-ozone/ozonefs/target/test-dir/MiniOzoneClusterImpl-083ee7b7-6048-484a-8bff-e922192676bf/datanode-2/data/ratis/bd0fc82a-2951-4f3b-b1f6-b6ba8ece013b
2019-09-20 08:26:39,227 [pool-261-thread-1] INFO  server.RaftServerConfigKeys (ConfUtils.java:logGet(43)) - raft.server.log.queue.byte-limit = 2147483647 (custom)
2019-09-20 08:26:39,227 [pool-261-thread-1] INFO  server.RaftServerConfigKeys (ConfUtils.java:logGet(43)) - raft.server.log.queue.element-limit = 1024 (custom)
2019-09-20 08:26:39,227 [pool-261-thread-1] INFO  server.RaftServerConfigKeys (ConfUtils.java:logGet(43)) - raft.server.log.segment.size.max = 1048576 (custom)
2019-09-20 08:26:39,227 [pool-261-thread-1] INFO  server.RaftServerConfigKeys (ConfUtils.java:logGet(43)) - raft.server.log.preallocated.size = 16384 (custom)
2019-09-20 08:26:39,227 [pool-261-thread-1] INFO  server.RaftServerConfigKeys (ConfUtils.java:logGet(43)) - raft.server.log.write.buffer.size = 33554432 (custom)
2019-09-20 08:26:39,227 [pool-261-thread-1] INFO  server.RaftServerConfigKeys (ConfUtils.java:logGet(43)) - raft.server.log.force.sync.num = 128 (default)
2019-09-20 08:26:39,227 [pool-261-thread-1] INFO  server.RaftServerConfigKeys (ConfUtils.java:logGet(43)) - raft.server.log.statemachine.data.sync = true (default)
2019-09-20 08:26:39,227 [pool-261-thread-1] INFO  server.RaftServerConfigKeys (ConfUtils.java:logGet(43)) - raft.server.log.statemachine.data.sync.timeout = 10s (default)
2019-09-20 08:26:39,227 [pool-261-thread-1] INFO  server.RaftServerConfigKeys (ConfUtils.java:logGet(43)) - raft.server.log.statemachine.data.sync.timeout.retry = -1 (default)
2019-09-20 08:26:39,228 [pool-261-thread-1] INFO  server.RaftServerConfigKeys (ConfUtils.java:logGet(43)) - raft.server.log.statemachine.data.caching.enabled = true (custom)
2019-09-20 08:26:39,228 [pool-261-thread-1] INFO  segmented.SegmentedRaftLogWorker (SegmentedRaftLogWorker.java:lambda$new$0(132)) - fb5436b4-0441-4af7-ac3c-617f70818dc1-SegmentedRaftLogWorker:Storage Directory /workdir/hadoop-ozone/ozonefs/target/test-dir/MiniOzoneClusterImpl-083ee7b7-6048-484a-8bff-e922192676bf/datanode-2/data/ratis/bd0fc82a-2951-4f3b-b1f6-b6ba8ece013b: flushIndex: setUnconditionally 0 -> -1
2019-09-20 08:26:39,228 [pool-261-thread-1] INFO  server.RaftServerConfigKeys (ConfUtils.java:logGet(43)) - raft.server.snapshot.auto.trigger.enabled = true (custom)
2019-09-20 08:26:39,228 [pool-261-thread-1] INFO  server.RaftServerConfigKeys (ConfUtils.java:logGet(43)) - raft.server.snapshot.auto.trigger.threshold = 10000 (custom)
2019-09-20 08:26:39,229 [pool-261-thread-1] INFO  server.RaftServerConfigKeys (ConfUtils.java:logGet(43)) - raft.server.retrycache.expirytime = 600000ms (custom)
2019-09-20 08:26:39,229 [pool-261-thread-1] INFO  impl.RaftServerImpl (RaftServerImpl.java:start(180)) - fb5436b4-0441-4af7-ac3c-617f70818dc1: start group-B6BA8ECE013B
2019-09-20 08:26:39,229 [pool-261-thread-1] INFO  impl.RaftServerImpl (RaftServerImpl.java:setRole(171)) - fb5436b4-0441-4af7-ac3c-617f70818dc1:group-B6BA8ECE013B changes role from null to FOLLOWER at term 0 for startAsFollower
2019-09-20 08:26:39,229 [pool-261-thread-1] INFO  impl.RoleInfo (RoleInfo.java:updateAndGet(143)) - fb5436b4-0441-4af7-ac3c-617f70818dc1: start FollowerState
2019-09-20 08:26:39,229 [pool-261-thread-1] INFO  util.JmxRegister (JmxRegister.java:tryRegister(44)) - Successfully registered JMX Bean with object name Ratis:service=RaftServer,group=group-B6BA8ECE013B,id=fb5436b4-0441-4af7-ac3c-617f70818dc1
2019-09-20 08:26:39,232 [RatisPipelineUtilsThread] INFO  pipeline.PipelineStateManager (PipelineStateManager.java:addPipeline(56)) - Created pipeline Pipeline[ Id: bd0fc82a-2951-4f3b-b1f6-b6ba8ece013b, Nodes: fb5436b4-0441-4af7-ac3c-617f70818dc1{ip: 192.168.34.27, host: pr-hdds-1569-6tbh6-3362816358, networkLocation: /default-rack, certSerialId: null}, Type:RATIS, Factor:ONE, State:OPEN]
2019-09-20 08:26:39,232 [RatisPipelineUtilsThread] INFO  pipeline.PipelinePlacementPolicy (PipelinePlacementPolicy.java:meetCriteria(91)) - Pipeline Placement: Doesn't meet the criteria to be viable node： 450b4a05-ccf1-4a74-b0e9-8f60a565bcdf Heaviness: 6 limit: 5
2019-09-20 08:26:39,233 [RatisPipelineUtilsThread] INFO  pipeline.PipelinePlacementPolicy (PipelinePlacementPolicy.java:meetCriteria(91)) - Pipeline Placement: Doesn't meet the criteria to be viable node： b15ba93f-acd0-4121-9586-decea32bb3dc Heaviness: 6 limit: 5
2019-09-20 08:26:39,237 [grpc-default-executor-0] INFO  impl.RaftServerProxy (RaftServerProxy.java:addNew(89)) - fb5436b4-0441-4af7-ac3c-617f70818dc1: addNew group-F94A9DFE8882:[fb5436b4-0441-4af7-ac3c-617f70818dc1:192.168.34.27:33412] returns group-F94A9DFE8882:java.util.concurrent.CompletableFuture@14fb96f7[Not completed]
2019-09-20 08:26:39,238 [pool-261-thread-1] INFO  impl.RaftServerImpl (RaftServerImpl.java:<init>(93)) - fb5436b4-0441-4af7-ac3c-617f70818dc1: new RaftServerImpl for group-F94A9DFE8882:[fb5436b4-0441-4af7-ac3c-617f70818dc1:192.168.34.27:33412] with ContainerStateMachine:uninitialized
2019-09-20 08:26:39,238 [pool-261-thread-1] INFO  server.RaftServerConfigKeys (ConfUtils.java:logGet(43)) - raft.server.rpc.timeout.min = 5s (custom)
2019-09-20 08:26:39,238 [pool-261-thread-1] INFO  server.RaftServerConfigKeys (ConfUtils.java:logGet(43)) - raft.server.rpc.timeout.max = 5200ms (custom)
2019-09-20 08:26:39,238 [pool-261-thread-1] INFO  server.RaftServerConfigKeys (ConfUtils.java:logGet(43)) - raft.server.rpcslowness.timeout = 120s (custom)
2019-09-20 08:26:39,238 [pool-261-thread-1] INFO  server.RaftServerConfigKeys (ConfUtils.java:logGet(43)) - raft.server.sleep.deviation.threshold = 300 (default)
2019-09-20 08:26:39,239 [pool-261-thread-1] INFO  server.RaftServerConfigKeys (ConfUtils.java:logGet(43)) - raft.server.log.appender.install.snapshot.enabled = false (custom)
2019-09-20 08:26:39,239 [pool-261-thread-1] INFO  impl.RaftServerImpl (ServerState.java:<init>(105)) - fb5436b4-0441-4af7-ac3c-617f70818dc1:group-F94A9DFE8882 ConfigurationManager, init=-1: [fb5436b4-0441-4af7-ac3c-617f70818dc1:192.168.34.27:33412], old=null, confs=<EMPTY_MAP>
2019-09-20 08:26:39,239 [pool-261-thread-1] INFO  server.RaftServerConfigKeys (ConfUtils.java:logGet(43)) - raft.server.storage.dir = [/workdir/hadoop-ozone/ozonefs/target/test-dir/MiniOzoneClusterImpl-083ee7b7-6048-484a-8bff-e922192676bf/datanode-2/data/ratis] (custom)
2019-09-20 08:26:39,239 [pool-261-thread-1] INFO  storage.RaftStorageDirectory (RaftStorageDirectory.java:analyzeStorage(246)) - The storage directory /workdir/hadoop-ozone/ozonefs/target/test-dir/MiniOzoneClusterImpl-083ee7b7-6048-484a-8bff-e922192676bf/datanode-2/data/ratis/da324648-aaa4-4ade-a683-f94a9dfe8882 does not exist. Creating ...
2019-09-20 08:26:39,251 [pool-261-thread-1] INFO  storage.RaftStorageDirectory (RaftStorageDirectory.java:tryLock(328)) - Lock on /workdir/hadoop-ozone/ozonefs/target/test-dir/MiniOzoneClusterImpl-083ee7b7-6048-484a-8bff-e922192676bf/datanode-2/data/ratis/da324648-aaa4-4ade-a683-f94a9dfe8882/in_use.lock acquired by nodename 28782@pr-hdds-1569-6tbh6-3362816358
2019-09-20 08:26:39,264 [pool-261-thread-1] INFO  storage.RaftStorage (RaftStorage.java:format(72)) - Storage directory /workdir/hadoop-ozone/ozonefs/target/test-dir/MiniOzoneClusterImpl-083ee7b7-6048-484a-8bff-e922192676bf/datanode-2/data/ratis/da324648-aaa4-4ade-a683-f94a9dfe8882 has been successfully formatted.
2019-09-20 08:26:39,264 [pool-261-thread-1] INFO  ratis.ContainerStateMachine (ContainerStateMachine.java:loadSnapshot(226)) - group-F94A9DFE8882: The snapshot info is null. Setting the last applied indexto:(t:0, i:~)
2019-09-20 08:26:39,264 [pool-261-thread-1] INFO  server.RaftServerConfigKeys (ConfUtils.java:logGet(43)) - raft.server.leader.election.timeout = 120s (custom)
2019-09-20 08:26:39,264 [pool-261-thread-1] INFO  server.RaftServerConfigKeys (ConfUtils.java:logGet(43)) - raft.server.log.use.memory = false (default)
2019-09-20 08:26:39,264 [pool-261-thread-1] INFO  server.RaftServerConfigKeys (ConfUtils.java:logGet(43)) - raft.server.log.purge.gap = 1000000 (custom)
2019-09-20 08:26:39,264 [pool-261-thread-1] INFO  server.RaftServerConfigKeys (ConfUtils.java:logGet(43)) - raft.server.log.appender.buffer.byte-limit = 33554432 (custom)
2019-09-20 08:26:39,264 [pool-261-thread-1] INFO  server.RaftServerConfigKeys (ConfUtils.java:logGet(43)) - raft.server.log.segment.size.max = 1048576 (custom)
2019-09-20 08:26:39,265 [pool-261-thread-1] INFO  server.RaftServerConfigKeys (ConfUtils.java:logGet(43)) - raft.server.log.segment.cache.num.max = 2 (custom)
2019-09-20 08:26:39,265 [pool-261-thread-1] INFO  segmented.SegmentedRaftLogWorker (SegmentedRaftLogWorker.java:<init>(172)) - new fb5436b4-0441-4af7-ac3c-617f70818dc1-SegmentedRaftLogWorker:Storage Directory /workdir/hadoop-ozone/ozonefs/target/test-dir/MiniOzoneClusterImpl-083ee7b7-6048-484a-8bff-e922192676bf/datanode-2/data/ratis/da324648-aaa4-4ade-a683-f94a9dfe8882 for RaftStorage:Storage Directory /workdir/hadoop-ozone/ozonefs/target/test-dir/MiniOzoneClusterImpl-083ee7b7-6048-484a-8bff-e922192676bf/datanode-2/data/ratis/da324648-aaa4-4ade-a683-f94a9dfe8882
2019-09-20 08:26:39,265 [pool-261-thread-1] INFO  server.RaftServerConfigKeys (ConfUtils.java:logGet(43)) - raft.server.log.queue.byte-limit = 2147483647 (custom)
2019-09-20 08:26:39,265 [pool-261-thread-1] INFO  server.RaftServerConfigKeys (ConfUtils.java:logGet(43)) - raft.server.log.queue.element-limit = 1024 (custom)
2019-09-20 08:26:39,265 [pool-261-thread-1] INFO  server.RaftServerConfigKeys (ConfUtils.java:logGet(43)) - raft.server.log.segment.size.max = 1048576 (custom)
2019-09-20 08:26:39,265 [pool-261-thread-1] INFO  server.RaftServerConfigKeys (ConfUtils.java:logGet(43)) - raft.server.log.preallocated.size = 16384 (custom)
2019-09-20 08:26:39,265 [pool-261-thread-1] INFO  server.RaftServerConfigKeys (ConfUtils.java:logGet(43)) - raft.server.log.write.buffer.size = 33554432 (custom)
2019-09-20 08:26:39,265 [pool-261-thread-1] INFO  server.RaftServerConfigKeys (ConfUtils.java:logGet(43)) - raft.server.log.force.sync.num = 128 (default)
2019-09-20 08:26:39,265 [pool-261-thread-1] INFO  server.RaftServerConfigKeys (ConfUtils.java:logGet(43)) - raft.server.log.statemachine.data.sync = true (default)
2019-09-20 08:26:39,265 [pool-261-thread-1] INFO  server.RaftServerConfigKeys (ConfUtils.java:logGet(43)) - raft.server.log.statemachine.data.sync.timeout = 10s (default)
2019-09-20 08:26:39,265 [pool-261-thread-1] INFO  server.RaftServerConfigKeys (ConfUtils.java:logGet(43)) - raft.server.log.statemachine.data.sync.timeout.retry = -1 (default)
2019-09-20 08:26:39,266 [pool-261-thread-1] INFO  server.RaftServerConfigKeys (ConfUtils.java:logGet(43)) - raft.server.log.statemachine.data.caching.enabled = true (custom)
2019-09-20 08:26:39,266 [pool-261-thread-1] INFO  segmented.SegmentedRaftLogWorker (SegmentedRaftLogWorker.java:lambda$new$0(132)) - fb5436b4-0441-4af7-ac3c-617f70818dc1-SegmentedRaftLogWorker:Storage Directory /workdir/hadoop-ozone/ozonefs/target/test-dir/MiniOzoneClusterImpl-083ee7b7-6048-484a-8bff-e922192676bf/datanode-2/data/ratis/da324648-aaa4-4ade-a683-f94a9dfe8882: flushIndex: setUnconditionally 0 -> -1
2019-09-20 08:26:39,266 [pool-261-thread-1] INFO  server.RaftServerConfigKeys (ConfUtils.java:logGet(43)) - raft.server.snapshot.auto.trigger.enabled = true (custom)
2019-09-20 08:26:39,266 [pool-261-thread-1] INFO  server.RaftServerConfigKeys (ConfUtils.java:logGet(43)) - raft.server.snapshot.auto.trigger.threshold = 10000 (custom)
2019-09-20 08:26:39,266 [pool-261-thread-1] INFO  server.RaftServerConfigKeys (ConfUtils.java:logGet(43)) - raft.server.retrycache.expirytime = 600000ms (custom)
2019-09-20 08:26:39,266 [pool-261-thread-1] INFO  impl.RaftServerImpl (RaftServerImpl.java:start(180)) - fb5436b4-0441-4af7-ac3c-617f70818dc1: start group-F94A9DFE8882
2019-09-20 08:26:39,266 [pool-261-thread-1] INFO  impl.RaftServerImpl (RaftServerImpl.java:setRole(171)) - fb5436b4-0441-4af7-ac3c-617f70818dc1:group-F94A9DFE8882 changes role from null to FOLLOWER at term 0 for startAsFollower
2019-09-20 08:26:39,267 [pool-261-thread-1] INFO  impl.RoleInfo (RoleInfo.java:updateAndGet(143)) - fb5436b4-0441-4af7-ac3c-617f70818dc1: start FollowerState
2019-09-20 08:26:39,267 [pool-261-thread-1] INFO  util.JmxRegister (JmxRegister.java:tryRegister(44)) - Successfully registered JMX Bean with object name Ratis:service=RaftServer,group=group-F94A9DFE8882,id=fb5436b4-0441-4af7-ac3c-617f70818dc1
2019-09-20 08:26:39,269 [RatisPipelineUtilsThread] INFO  pipeline.PipelineStateManager (PipelineStateManager.java:addPipeline(56)) - Created pipeline Pipeline[ Id: da324648-aaa4-4ade-a683-f94a9dfe8882, Nodes: fb5436b4-0441-4af7-ac3c-617f70818dc1{ip: 192.168.34.27, host: pr-hdds-1569-6tbh6-3362816358, networkLocation: /default-rack, certSerialId: null}, Type:RATIS, Factor:ONE, State:OPEN]
2019-09-20 08:26:39,269 [RatisPipelineUtilsThread] INFO  pipeline.PipelinePlacementPolicy (PipelinePlacementPolicy.java:meetCriteria(91)) - Pipeline Placement: Doesn't meet the criteria to be viable node： 450b4a05-ccf1-4a74-b0e9-8f60a565bcdf Heaviness: 6 limit: 5
2019-09-20 08:26:39,270 [RatisPipelineUtilsThread] INFO  pipeline.PipelinePlacementPolicy (PipelinePlacementPolicy.java:meetCriteria(91)) - Pipeline Placement: Doesn't meet the criteria to be viable node： b15ba93f-acd0-4121-9586-decea32bb3dc Heaviness: 6 limit: 5
2019-09-20 08:26:39,274 [grpc-default-executor-0] INFO  impl.RaftServerProxy (RaftServerProxy.java:addNew(89)) - fb5436b4-0441-4af7-ac3c-617f70818dc1: addNew group-610902384B9F:[fb5436b4-0441-4af7-ac3c-617f70818dc1:192.168.34.27:33412] returns group-610902384B9F:java.util.concurrent.CompletableFuture@6feaf829[Not completed]
2019-09-20 08:26:39,276 [pool-261-thread-1] INFO  impl.RaftServerImpl (RaftServerImpl.java:<init>(93)) - fb5436b4-0441-4af7-ac3c-617f70818dc1: new RaftServerImpl for group-610902384B9F:[fb5436b4-0441-4af7-ac3c-617f70818dc1:192.168.34.27:33412] with ContainerStateMachine:uninitialized
2019-09-20 08:26:39,276 [pool-261-thread-1] INFO  server.RaftServerConfigKeys (ConfUtils.java:logGet(43)) - raft.server.rpc.timeout.min = 5s (custom)
2019-09-20 08:26:39,276 [pool-261-thread-1] INFO  server.RaftServerConfigKeys (ConfUtils.java:logGet(43)) - raft.server.rpc.timeout.max = 5200ms (custom)
2019-09-20 08:26:39,276 [pool-261-thread-1] INFO  server.RaftServerConfigKeys (ConfUtils.java:logGet(43)) - raft.server.rpcslowness.timeout = 120s (custom)
2019-09-20 08:26:39,276 [pool-261-thread-1] INFO  server.RaftServerConfigKeys (ConfUtils.java:logGet(43)) - raft.server.sleep.deviation.threshold = 300 (default)
2019-09-20 08:26:39,276 [pool-261-thread-1] INFO  server.RaftServerConfigKeys (ConfUtils.java:logGet(43)) - raft.server.log.appender.install.snapshot.enabled = false (custom)
2019-09-20 08:26:39,276 [pool-261-thread-1] INFO  impl.RaftServerImpl (ServerState.java:<init>(105)) - fb5436b4-0441-4af7-ac3c-617f70818dc1:group-610902384B9F ConfigurationManager, init=-1: [fb5436b4-0441-4af7-ac3c-617f70818dc1:192.168.34.27:33412], old=null, confs=<EMPTY_MAP>
2019-09-20 08:26:39,277 [pool-261-thread-1] INFO  server.RaftServerConfigKeys (ConfUtils.java:logGet(43)) - raft.server.storage.dir = [/workdir/hadoop-ozone/ozonefs/target/test-dir/MiniOzoneClusterImpl-083ee7b7-6048-484a-8bff-e922192676bf/datanode-2/data/ratis] (custom)
2019-09-20 08:26:39,277 [pool-261-thread-1] INFO  storage.RaftStorageDirectory (RaftStorageDirectory.java:analyzeStorage(246)) - The storage directory /workdir/hadoop-ozone/ozonefs/target/test-dir/MiniOzoneClusterImpl-083ee7b7-6048-484a-8bff-e922192676bf/datanode-2/data/ratis/76e28202-9903-4580-ba0d-610902384b9f does not exist. Creating ...
2019-09-20 08:26:39,289 [pool-261-thread-1] INFO  storage.RaftStorageDirectory (RaftStorageDirectory.java:tryLock(328)) - Lock on /workdir/hadoop-ozone/ozonefs/target/test-dir/MiniOzoneClusterImpl-083ee7b7-6048-484a-8bff-e922192676bf/datanode-2/data/ratis/76e28202-9903-4580-ba0d-610902384b9f/in_use.lock acquired by nodename 28782@pr-hdds-1569-6tbh6-3362816358
2019-09-20 08:26:39,302 [pool-261-thread-1] INFO  storage.RaftStorage (RaftStorage.java:format(72)) - Storage directory /workdir/hadoop-ozone/ozonefs/target/test-dir/MiniOzoneClusterImpl-083ee7b7-6048-484a-8bff-e922192676bf/datanode-2/data/ratis/76e28202-9903-4580-ba0d-610902384b9f has been successfully formatted.
2019-09-20 08:26:39,302 [pool-261-thread-1] INFO  ratis.ContainerStateMachine (ContainerStateMachine.java:loadSnapshot(226)) - group-610902384B9F: The snapshot info is null. Setting the last applied indexto:(t:0, i:~)
2019-09-20 08:26:39,302 [pool-261-thread-1] INFO  server.RaftServerConfigKeys (ConfUtils.java:logGet(43)) - raft.server.leader.election.timeout = 120s (custom)
2019-09-20 08:26:39,302 [pool-261-thread-1] INFO  server.RaftServerConfigKeys (ConfUtils.java:logGet(43)) - raft.server.log.use.memory = false (default)
2019-09-20 08:26:39,302 [pool-261-thread-1] INFO  server.RaftServerConfigKeys (ConfUtils.java:logGet(43)) - raft.server.log.purge.gap = 1000000 (custom)
2019-09-20 08:26:39,302 [pool-261-thread-1] INFO  server.RaftServerConfigKeys (ConfUtils.java:logGet(43)) - raft.server.log.appender.buffer.byte-limit = 33554432 (custom)
2019-09-20 08:26:39,303 [pool-261-thread-1] INFO  server.RaftServerConfigKeys (ConfUtils.java:logGet(43)) - raft.server.log.segment.size.max = 1048576 (custom)
2019-09-20 08:26:39,303 [pool-261-thread-1] INFO  server.RaftServerConfigKeys (ConfUtils.java:logGet(43)) - raft.server.log.segment.cache.num.max = 2 (custom)
2019-09-20 08:26:39,303 [pool-261-thread-1] INFO  segmented.SegmentedRaftLogWorker (SegmentedRaftLogWorker.java:<init>(172)) - new fb5436b4-0441-4af7-ac3c-617f70818dc1-SegmentedRaftLogWorker:Storage Directory /workdir/hadoop-ozone/ozonefs/target/test-dir/MiniOzoneClusterImpl-083ee7b7-6048-484a-8bff-e922192676bf/datanode-2/data/ratis/76e28202-9903-4580-ba0d-610902384b9f for RaftStorage:Storage Directory /workdir/hadoop-ozone/ozonefs/target/test-dir/MiniOzoneClusterImpl-083ee7b7-6048-484a-8bff-e922192676bf/datanode-2/data/ratis/76e28202-9903-4580-ba0d-610902384b9f
2019-09-20 08:26:39,303 [pool-261-thread-1] INFO  server.RaftServerConfigKeys (ConfUtils.java:logGet(43)) - raft.server.log.queue.byte-limit = 2147483647 (custom)
2019-09-20 08:26:39,303 [pool-261-thread-1] INFO  server.RaftServerConfigKeys (ConfUtils.java:logGet(43)) - raft.server.log.queue.element-limit = 1024 (custom)
2019-09-20 08:26:39,303 [pool-261-thread-1] INFO  server.RaftServerConfigKeys (ConfUtils.java:logGet(43)) - raft.server.log.segment.size.max = 1048576 (custom)
2019-09-20 08:26:39,303 [pool-261-thread-1] INFO  server.RaftServerConfigKeys (ConfUtils.java:logGet(43)) - raft.server.log.preallocated.size = 16384 (custom)
2019-09-20 08:26:39,303 [pool-261-thread-1] INFO  server.RaftServerConfigKeys (ConfUtils.java:logGet(43)) - raft.server.log.write.buffer.size = 33554432 (custom)
2019-09-20 08:26:39,303 [pool-261-thread-1] INFO  server.RaftServerConfigKeys (ConfUtils.java:logGet(43)) - raft.server.log.force.sync.num = 128 (default)
2019-09-20 08:26:39,303 [pool-261-thread-1] INFO  server.RaftServerConfigKeys (ConfUtils.java:logGet(43)) - raft.server.log.statemachine.data.sync = true (default)
2019-09-20 08:26:39,303 [pool-261-thread-1] INFO  server.RaftServerConfigKeys (ConfUtils.java:logGet(43)) - raft.server.log.statemachine.data.sync.timeout = 10s (default)
2019-09-20 08:26:39,304 [pool-261-thread-1] INFO  server.RaftServerConfigKeys (ConfUtils.java:logGet(43)) - raft.server.log.statemachine.data.sync.timeout.retry = -1 (default)
2019-09-20 08:26:39,304 [pool-261-thread-1] INFO  server.RaftServerConfigKeys (ConfUtils.java:logGet(43)) - raft.server.log.statemachine.data.caching.enabled = true (custom)
2019-09-20 08:26:39,304 [pool-261-thread-1] INFO  segmented.SegmentedRaftLogWorker (SegmentedRaftLogWorker.java:lambda$new$0(132)) - fb5436b4-0441-4af7-ac3c-617f70818dc1-SegmentedRaftLogWorker:Storage Directory /workdir/hadoop-ozone/ozonefs/target/test-dir/MiniOzoneClusterImpl-083ee7b7-6048-484a-8bff-e922192676bf/datanode-2/data/ratis/76e28202-9903-4580-ba0d-610902384b9f: flushIndex: setUnconditionally 0 -> -1
2019-09-20 08:26:39,304 [pool-261-thread-1] INFO  server.RaftServerConfigKeys (ConfUtils.java:logGet(43)) - raft.server.snapshot.auto.trigger.enabled = true (custom)
2019-09-20 08:26:39,304 [pool-261-thread-1] INFO  server.RaftServerConfigKeys (ConfUtils.java:logGet(43)) - raft.server.snapshot.auto.trigger.threshold = 10000 (custom)
2019-09-20 08:26:39,304 [pool-261-thread-1] INFO  server.RaftServerConfigKeys (ConfUtils.java:logGet(43)) - raft.server.retrycache.expirytime = 600000ms (custom)
2019-09-20 08:26:39,304 [pool-261-thread-1] INFO  impl.RaftServerImpl (RaftServerImpl.java:start(180)) - fb5436b4-0441-4af7-ac3c-617f70818dc1: start group-610902384B9F
2019-09-20 08:26:39,304 [pool-261-thread-1] INFO  impl.RaftServerImpl (RaftServerImpl.java:setRole(171)) - fb5436b4-0441-4af7-ac3c-617f70818dc1:group-610902384B9F changes role from null to FOLLOWER at term 0 for startAsFollower
2019-09-20 08:26:39,305 [pool-261-thread-1] INFO  impl.RoleInfo (RoleInfo.java:updateAndGet(143)) - fb5436b4-0441-4af7-ac3c-617f70818dc1: start FollowerState
2019-09-20 08:26:39,305 [pool-261-thread-1] INFO  util.JmxRegister (JmxRegister.java:tryRegister(44)) - Successfully registered JMX Bean with object name Ratis:service=RaftServer,group=group-610902384B9F,id=fb5436b4-0441-4af7-ac3c-617f70818dc1
2019-09-20 08:26:39,307 [RatisPipelineUtilsThread] INFO  pipeline.PipelineStateManager (PipelineStateManager.java:addPipeline(56)) - Created pipeline Pipeline[ Id: 76e28202-9903-4580-ba0d-610902384b9f, Nodes: fb5436b4-0441-4af7-ac3c-617f70818dc1{ip: 192.168.34.27, host: pr-hdds-1569-6tbh6-3362816358, networkLocation: /default-rack, certSerialId: null}, Type:RATIS, Factor:ONE, State:OPEN]
2019-09-20 08:26:39,308 [RatisPipelineUtilsThread] INFO  pipeline.PipelinePlacementPolicy (PipelinePlacementPolicy.java:meetCriteria(91)) - Pipeline Placement: Doesn't meet the criteria to be viable node： 450b4a05-ccf1-4a74-b0e9-8f60a565bcdf Heaviness: 6 limit: 5
2019-09-20 08:26:39,308 [RatisPipelineUtilsThread] INFO  pipeline.PipelinePlacementPolicy (PipelinePlacementPolicy.java:meetCriteria(91)) - Pipeline Placement: Doesn't meet the criteria to be viable node： b15ba93f-acd0-4121-9586-decea32bb3dc Heaviness: 6 limit: 5
2019-09-20 08:26:39,313 [grpc-default-executor-0] INFO  impl.RaftServerProxy (RaftServerProxy.java:addNew(89)) - fb5436b4-0441-4af7-ac3c-617f70818dc1: addNew group-81F1B0918D73:[fb5436b4-0441-4af7-ac3c-617f70818dc1:192.168.34.27:33412] returns group-81F1B0918D73:java.util.concurrent.CompletableFuture@269bdd0d[Not completed]
2019-09-20 08:26:39,314 [pool-261-thread-1] INFO  impl.RaftServerImpl (RaftServerImpl.java:<init>(93)) - fb5436b4-0441-4af7-ac3c-617f70818dc1: new RaftServerImpl for group-81F1B0918D73:[fb5436b4-0441-4af7-ac3c-617f70818dc1:192.168.34.27:33412] with ContainerStateMachine:uninitialized
2019-09-20 08:26:39,314 [pool-261-thread-1] INFO  server.RaftServerConfigKeys (ConfUtils.java:logGet(43)) - raft.server.rpc.timeout.min = 5s (custom)
2019-09-20 08:26:39,314 [pool-261-thread-1] INFO  server.RaftServerConfigKeys (ConfUtils.java:logGet(43)) - raft.server.rpc.timeout.max = 5200ms (custom)
2019-09-20 08:26:39,314 [pool-261-thread-1] INFO  server.RaftServerConfigKeys (ConfUtils.java:logGet(43)) - raft.server.rpcslowness.timeout = 120s (custom)
2019-09-20 08:26:39,314 [pool-261-thread-1] INFO  server.RaftServerConfigKeys (ConfUtils.java:logGet(43)) - raft.server.sleep.deviation.threshold = 300 (default)
2019-09-20 08:26:39,314 [pool-261-thread-1] INFO  server.RaftServerConfigKeys (ConfUtils.java:logGet(43)) - raft.server.log.appender.install.snapshot.enabled = false (custom)
2019-09-20 08:26:39,315 [pool-261-thread-1] INFO  impl.RaftServerImpl (ServerState.java:<init>(105)) - fb5436b4-0441-4af7-ac3c-617f70818dc1:group-81F1B0918D73 ConfigurationManager, init=-1: [fb5436b4-0441-4af7-ac3c-617f70818dc1:192.168.34.27:33412], old=null, confs=<EMPTY_MAP>
2019-09-20 08:26:39,315 [pool-261-thread-1] INFO  server.RaftServerConfigKeys (ConfUtils.java:logGet(43)) - raft.server.storage.dir = [/workdir/hadoop-ozone/ozonefs/target/test-dir/MiniOzoneClusterImpl-083ee7b7-6048-484a-8bff-e922192676bf/datanode-2/data/ratis] (custom)
2019-09-20 08:26:39,315 [pool-261-thread-1] INFO  storage.RaftStorageDirectory (RaftStorageDirectory.java:analyzeStorage(246)) - The storage directory /workdir/hadoop-ozone/ozonefs/target/test-dir/MiniOzoneClusterImpl-083ee7b7-6048-484a-8bff-e922192676bf/datanode-2/data/ratis/670247c9-6ff6-4e0d-af59-81f1b0918d73 does not exist. Creating ...
2019-09-20 08:26:39,327 [pool-261-thread-1] INFO  storage.RaftStorageDirectory (RaftStorageDirectory.java:tryLock(328)) - Lock on /workdir/hadoop-ozone/ozonefs/target/test-dir/MiniOzoneClusterImpl-083ee7b7-6048-484a-8bff-e922192676bf/datanode-2/data/ratis/670247c9-6ff6-4e0d-af59-81f1b0918d73/in_use.lock acquired by nodename 28782@pr-hdds-1569-6tbh6-3362816358
2019-09-20 08:26:39,340 [pool-261-thread-1] INFO  storage.RaftStorage (RaftStorage.java:format(72)) - Storage directory /workdir/hadoop-ozone/ozonefs/target/test-dir/MiniOzoneClusterImpl-083ee7b7-6048-484a-8bff-e922192676bf/datanode-2/data/ratis/670247c9-6ff6-4e0d-af59-81f1b0918d73 has been successfully formatted.
2019-09-20 08:26:39,340 [pool-261-thread-1] INFO  ratis.ContainerStateMachine (ContainerStateMachine.java:loadSnapshot(226)) - group-81F1B0918D73: The snapshot info is null. Setting the last applied indexto:(t:0, i:~)
2019-09-20 08:26:39,340 [pool-261-thread-1] INFO  server.RaftServerConfigKeys (ConfUtils.java:logGet(43)) - raft.server.leader.election.timeout = 120s (custom)
2019-09-20 08:26:39,340 [pool-261-thread-1] INFO  server.RaftServerConfigKeys (ConfUtils.java:logGet(43)) - raft.server.log.use.memory = false (default)
2019-09-20 08:26:39,340 [pool-261-thread-1] INFO  server.RaftServerConfigKeys (ConfUtils.java:logGet(43)) - raft.server.log.purge.gap = 1000000 (custom)
2019-09-20 08:26:39,340 [pool-261-thread-1] INFO  server.RaftServerConfigKeys (ConfUtils.java:logGet(43)) - raft.server.log.appender.buffer.byte-limit = 33554432 (custom)
2019-09-20 08:26:39,340 [pool-261-thread-1] INFO  server.RaftServerConfigKeys (ConfUtils.java:logGet(43)) - raft.server.log.segment.size.max = 1048576 (custom)
2019-09-20 08:26:39,340 [pool-261-thread-1] INFO  server.RaftServerConfigKeys (ConfUtils.java:logGet(43)) - raft.server.log.segment.cache.num.max = 2 (custom)
2019-09-20 08:26:39,340 [pool-261-thread-1] INFO  segmented.SegmentedRaftLogWorker (SegmentedRaftLogWorker.java:<init>(172)) - new fb5436b4-0441-4af7-ac3c-617f70818dc1-SegmentedRaftLogWorker:Storage Directory /workdir/hadoop-ozone/ozonefs/target/test-dir/MiniOzoneClusterImpl-083ee7b7-6048-484a-8bff-e922192676bf/datanode-2/data/ratis/670247c9-6ff6-4e0d-af59-81f1b0918d73 for RaftStorage:Storage Directory /workdir/hadoop-ozone/ozonefs/target/test-dir/MiniOzoneClusterImpl-083ee7b7-6048-484a-8bff-e922192676bf/datanode-2/data/ratis/670247c9-6ff6-4e0d-af59-81f1b0918d73
2019-09-20 08:26:39,341 [pool-261-thread-1] INFO  server.RaftServerConfigKeys (ConfUtils.java:logGet(43)) - raft.server.log.queue.byte-limit = 2147483647 (custom)
2019-09-20 08:26:39,341 [pool-261-thread-1] INFO  server.RaftServerConfigKeys (ConfUtils.java:logGet(43)) - raft.server.log.queue.element-limit = 1024 (custom)
2019-09-20 08:26:39,341 [pool-261-thread-1] INFO  server.RaftServerConfigKeys (ConfUtils.java:logGet(43)) - raft.server.log.segment.size.max = 1048576 (custom)
2019-09-20 08:26:39,341 [pool-261-thread-1] INFO  server.RaftServerConfigKeys (ConfUtils.java:logGet(43)) - raft.server.log.preallocated.size = 16384 (custom)
2019-09-20 08:26:39,341 [pool-261-thread-1] INFO  server.RaftServerConfigKeys (ConfUtils.java:logGet(43)) - raft.server.log.write.buffer.size = 33554432 (custom)
2019-09-20 08:26:39,341 [pool-261-thread-1] INFO  server.RaftServerConfigKeys (ConfUtils.java:logGet(43)) - raft.server.log.force.sync.num = 128 (default)
2019-09-20 08:26:39,341 [pool-261-thread-1] INFO  server.RaftServerConfigKeys (ConfUtils.java:logGet(43)) - raft.server.log.statemachine.data.sync = true (default)
2019-09-20 08:26:39,341 [pool-261-thread-1] INFO  server.RaftServerConfigKeys (ConfUtils.java:logGet(43)) - raft.server.log.statemachine.data.sync.timeout = 10s (default)
2019-09-20 08:26:39,341 [pool-261-thread-1] INFO  server.RaftServerConfigKeys (ConfUtils.java:logGet(43)) - raft.server.log.statemachine.data.sync.timeout.retry = -1 (default)
2019-09-20 08:26:39,341 [pool-261-thread-1] INFO  server.RaftServerConfigKeys (ConfUtils.java:logGet(43)) - raft.server.log.statemachine.data.caching.enabled = true (custom)
2019-09-20 08:26:39,342 [pool-261-thread-1] INFO  segmented.SegmentedRaftLogWorker (SegmentedRaftLogWorker.java:lambda$new$0(132)) - fb5436b4-0441-4af7-ac3c-617f70818dc1-SegmentedRaftLogWorker:Storage Directory /workdir/hadoop-ozone/ozonefs/target/test-dir/MiniOzoneClusterImpl-083ee7b7-6048-484a-8bff-e922192676bf/datanode-2/data/ratis/670247c9-6ff6-4e0d-af59-81f1b0918d73: flushIndex: setUnconditionally 0 -> -1
2019-09-20 08:26:39,342 [pool-261-thread-1] INFO  server.RaftServerConfigKeys (ConfUtils.java:logGet(43)) - raft.server.snapshot.auto.trigger.enabled = true (custom)
2019-09-20 08:26:39,342 [pool-261-thread-1] INFO  server.RaftServerConfigKeys (ConfUtils.java:logGet(43)) - raft.server.snapshot.auto.trigger.threshold = 10000 (custom)
2019-09-20 08:26:39,342 [pool-261-thread-1] INFO  server.RaftServerConfigKeys (ConfUtils.java:logGet(43)) - raft.server.retrycache.expirytime = 600000ms (custom)
2019-09-20 08:26:39,342 [pool-261-thread-1] INFO  impl.RaftServerImpl (RaftServerImpl.java:start(180)) - fb5436b4-0441-4af7-ac3c-617f70818dc1: start group-81F1B0918D73
2019-09-20 08:26:39,342 [pool-261-thread-1] INFO  impl.RaftServerImpl (RaftServerImpl.java:setRole(171)) - fb5436b4-0441-4af7-ac3c-617f70818dc1:group-81F1B0918D73 changes role from null to FOLLOWER at term 0 for startAsFollower
2019-09-20 08:26:39,342 [pool-261-thread-1] INFO  impl.RoleInfo (RoleInfo.java:updateAndGet(143)) - fb5436b4-0441-4af7-ac3c-617f70818dc1: start FollowerState
2019-09-20 08:26:39,343 [pool-261-thread-1] INFO  util.JmxRegister (JmxRegister.java:tryRegister(44)) - Successfully registered JMX Bean with object name Ratis:service=RaftServer,group=group-81F1B0918D73,id=fb5436b4-0441-4af7-ac3c-617f70818dc1
2019-09-20 08:26:39,345 [RatisPipelineUtilsThread] INFO  pipeline.PipelineStateManager (PipelineStateManager.java:addPipeline(56)) - Created pipeline Pipeline[ Id: 670247c9-6ff6-4e0d-af59-81f1b0918d73, Nodes: fb5436b4-0441-4af7-ac3c-617f70818dc1{ip: 192.168.34.27, host: pr-hdds-1569-6tbh6-3362816358, networkLocation: /default-rack, certSerialId: null}, Type:RATIS, Factor:ONE, State:OPEN]
2019-09-20 08:26:39,345 [RatisPipelineUtilsThread] INFO  pipeline.PipelinePlacementPolicy (PipelinePlacementPolicy.java:meetCriteria(91)) - Pipeline Placement: Doesn't meet the criteria to be viable node： 450b4a05-ccf1-4a74-b0e9-8f60a565bcdf Heaviness: 6 limit: 5
2019-09-20 08:26:39,345 [RatisPipelineUtilsThread] INFO  pipeline.PipelinePlacementPolicy (PipelinePlacementPolicy.java:meetCriteria(91)) - Pipeline Placement: Doesn't meet the criteria to be viable node： b15ba93f-acd0-4121-9586-decea32bb3dc Heaviness: 6 limit: 5
2019-09-20 08:26:39,350 [grpc-default-executor-0] INFO  impl.RaftServerProxy (RaftServerProxy.java:addNew(89)) - fb5436b4-0441-4af7-ac3c-617f70818dc1: addNew group-CEB221C48600:[fb5436b4-0441-4af7-ac3c-617f70818dc1:192.168.34.27:33412] returns group-CEB221C48600:java.util.concurrent.CompletableFuture@1792194b[Not completed]
2019-09-20 08:26:39,351 [pool-261-thread-1] INFO  impl.RaftServerImpl (RaftServerImpl.java:<init>(93)) - fb5436b4-0441-4af7-ac3c-617f70818dc1: new RaftServerImpl for group-CEB221C48600:[fb5436b4-0441-4af7-ac3c-617f70818dc1:192.168.34.27:33412] with ContainerStateMachine:uninitialized
2019-09-20 08:26:39,351 [pool-261-thread-1] INFO  server.RaftServerConfigKeys (ConfUtils.java:logGet(43)) - raft.server.rpc.timeout.min = 5s (custom)
2019-09-20 08:26:39,351 [pool-261-thread-1] INFO  server.RaftServerConfigKeys (ConfUtils.java:logGet(43)) - raft.server.rpc.timeout.max = 5200ms (custom)
2019-09-20 08:26:39,351 [pool-261-thread-1] INFO  server.RaftServerConfigKeys (ConfUtils.java:logGet(43)) - raft.server.rpcslowness.timeout = 120s (custom)
2019-09-20 08:26:39,351 [pool-261-thread-1] INFO  server.RaftServerConfigKeys (ConfUtils.java:logGet(43)) - raft.server.sleep.deviation.threshold = 300 (default)
2019-09-20 08:26:39,351 [pool-261-thread-1] INFO  server.RaftServerConfigKeys (ConfUtils.java:logGet(43)) - raft.server.log.appender.install.snapshot.enabled = false (custom)
2019-09-20 08:26:39,351 [pool-261-thread-1] INFO  impl.RaftServerImpl (ServerState.java:<init>(105)) - fb5436b4-0441-4af7-ac3c-617f70818dc1:group-CEB221C48600 ConfigurationManager, init=-1: [fb5436b4-0441-4af7-ac3c-617f70818dc1:192.168.34.27:33412], old=null, confs=<EMPTY_MAP>
2019-09-20 08:26:39,352 [pool-261-thread-1] INFO  server.RaftServerConfigKeys (ConfUtils.java:logGet(43)) - raft.server.storage.dir = [/workdir/hadoop-ozone/ozonefs/target/test-dir/MiniOzoneClusterImpl-083ee7b7-6048-484a-8bff-e922192676bf/datanode-2/data/ratis] (custom)
2019-09-20 08:26:39,352 [pool-261-thread-1] INFO  storage.RaftStorageDirectory (RaftStorageDirectory.java:analyzeStorage(246)) - The storage directory /workdir/hadoop-ozone/ozonefs/target/test-dir/MiniOzoneClusterImpl-083ee7b7-6048-484a-8bff-e922192676bf/datanode-2/data/ratis/6e5716e8-e73e-4193-8ddf-ceb221c48600 does not exist. Creating ...
2019-09-20 08:26:39,361 [pool-261-thread-1] INFO  storage.RaftStorageDirectory (RaftStorageDirectory.java:tryLock(328)) - Lock on /workdir/hadoop-ozone/ozonefs/target/test-dir/MiniOzoneClusterImpl-083ee7b7-6048-484a-8bff-e922192676bf/datanode-2/data/ratis/6e5716e8-e73e-4193-8ddf-ceb221c48600/in_use.lock acquired by nodename 28782@pr-hdds-1569-6tbh6-3362816358
2019-09-20 08:26:39,374 [pool-261-thread-1] INFO  storage.RaftStorage (RaftStorage.java:format(72)) - Storage directory /workdir/hadoop-ozone/ozonefs/target/test-dir/MiniOzoneClusterImpl-083ee7b7-6048-484a-8bff-e922192676bf/datanode-2/data/ratis/6e5716e8-e73e-4193-8ddf-ceb221c48600 has been successfully formatted.
2019-09-20 08:26:39,374 [pool-261-thread-1] INFO  ratis.ContainerStateMachine (ContainerStateMachine.java:loadSnapshot(226)) - group-CEB221C48600: The snapshot info is null. Setting the last applied indexto:(t:0, i:~)
2019-09-20 08:26:39,375 [pool-261-thread-1] INFO  server.RaftServerConfigKeys (ConfUtils.java:logGet(43)) - raft.server.leader.election.timeout = 120s (custom)
2019-09-20 08:26:39,375 [pool-261-thread-1] INFO  server.RaftServerConfigKeys (ConfUtils.java:logGet(43)) - raft.server.log.use.memory = false (default)
2019-09-20 08:26:39,375 [pool-261-thread-1] INFO  server.RaftServerConfigKeys (ConfUtils.java:logGet(43)) - raft.server.log.purge.gap = 1000000 (custom)
2019-09-20 08:26:39,375 [pool-261-thread-1] INFO  server.RaftServerConfigKeys (ConfUtils.java:logGet(43)) - raft.server.log.appender.buffer.byte-limit = 33554432 (custom)
2019-09-20 08:26:39,375 [pool-261-thread-1] INFO  server.RaftServerConfigKeys (ConfUtils.java:logGet(43)) - raft.server.log.segment.size.max = 1048576 (custom)
2019-09-20 08:26:39,375 [pool-261-thread-1] INFO  server.RaftServerConfigKeys (ConfUtils.java:logGet(43)) - raft.server.log.segment.cache.num.max = 2 (custom)
2019-09-20 08:26:39,375 [pool-261-thread-1] INFO  segmented.SegmentedRaftLogWorker (SegmentedRaftLogWorker.java:<init>(172)) - new fb5436b4-0441-4af7-ac3c-617f70818dc1-SegmentedRaftLogWorker:Storage Directory /workdir/hadoop-ozone/ozonefs/target/test-dir/MiniOzoneClusterImpl-083ee7b7-6048-484a-8bff-e922192676bf/datanode-2/data/ratis/6e5716e8-e73e-4193-8ddf-ceb221c48600 for RaftStorage:Storage Directory /workdir/hadoop-ozone/ozonefs/target/test-dir/MiniOzoneClusterImpl-083ee7b7-6048-484a-8bff-e922192676bf/datanode-2/data/ratis/6e5716e8-e73e-4193-8ddf-ceb221c48600
2019-09-20 08:26:39,376 [pool-261-thread-1] INFO  server.RaftServerConfigKeys (ConfUtils.java:logGet(43)) - raft.server.log.queue.byte-limit = 2147483647 (custom)
2019-09-20 08:26:39,376 [pool-261-thread-1] INFO  server.RaftServerConfigKeys (ConfUtils.java:logGet(43)) - raft.server.log.queue.element-limit = 1024 (custom)
2019-09-20 08:26:39,376 [pool-261-thread-1] INFO  server.RaftServerConfigKeys (ConfUtils.java:logGet(43)) - raft.server.log.segment.size.max = 1048576 (custom)
2019-09-20 08:26:39,376 [pool-261-thread-1] INFO  server.RaftServerConfigKeys (ConfUtils.java:logGet(43)) - raft.server.log.preallocated.size = 16384 (custom)
2019-09-20 08:26:39,376 [pool-261-thread-1] INFO  server.RaftServerConfigKeys (ConfUtils.java:logGet(43)) - raft.server.log.write.buffer.size = 33554432 (custom)
2019-09-20 08:26:39,376 [pool-261-thread-1] INFO  server.RaftServerConfigKeys (ConfUtils.java:logGet(43)) - raft.server.log.force.sync.num = 128 (default)
2019-09-20 08:26:39,376 [pool-261-thread-1] INFO  server.RaftServerConfigKeys (ConfUtils.java:logGet(43)) - raft.server.log.statemachine.data.sync = true (default)
2019-09-20 08:26:39,376 [pool-261-thread-1] INFO  server.RaftServerConfigKeys (ConfUtils.java:logGet(43)) - raft.server.log.statemachine.data.sync.timeout = 10s (default)
2019-09-20 08:26:39,377 [pool-261-thread-1] INFO  server.RaftServerConfigKeys (ConfUtils.java:logGet(43)) - raft.server.log.statemachine.data.sync.timeout.retry = -1 (default)
2019-09-20 08:26:39,377 [pool-261-thread-1] INFO  server.RaftServerConfigKeys (ConfUtils.java:logGet(43)) - raft.server.log.statemachine.data.caching.enabled = true (custom)
2019-09-20 08:26:39,377 [pool-261-thread-1] INFO  segmented.SegmentedRaftLogWorker (SegmentedRaftLogWorker.java:lambda$new$0(132)) - fb5436b4-0441-4af7-ac3c-617f70818dc1-SegmentedRaftLogWorker:Storage Directory /workdir/hadoop-ozone/ozonefs/target/test-dir/MiniOzoneClusterImpl-083ee7b7-6048-484a-8bff-e922192676bf/datanode-2/data/ratis/6e5716e8-e73e-4193-8ddf-ceb221c48600: flushIndex: setUnconditionally 0 -> -1
2019-09-20 08:26:39,378 [pool-261-thread-1] INFO  server.RaftServerConfigKeys (ConfUtils.java:logGet(43)) - raft.server.snapshot.auto.trigger.enabled = true (custom)
2019-09-20 08:26:39,378 [pool-261-thread-1] INFO  server.RaftServerConfigKeys (ConfUtils.java:logGet(43)) - raft.server.snapshot.auto.trigger.threshold = 10000 (custom)
2019-09-20 08:26:39,378 [pool-261-thread-1] INFO  server.RaftServerConfigKeys (ConfUtils.java:logGet(43)) - raft.server.retrycache.expirytime = 600000ms (custom)
2019-09-20 08:26:39,378 [pool-261-thread-1] INFO  impl.RaftServerImpl (RaftServerImpl.java:start(180)) - fb5436b4-0441-4af7-ac3c-617f70818dc1: start group-CEB221C48600
2019-09-20 08:26:39,378 [pool-261-thread-1] INFO  impl.RaftServerImpl (RaftServerImpl.java:setRole(171)) - fb5436b4-0441-4af7-ac3c-617f70818dc1:group-CEB221C48600 changes role from null to FOLLOWER at term 0 for startAsFollower
2019-09-20 08:26:39,378 [pool-261-thread-1] INFO  impl.RoleInfo (RoleInfo.java:updateAndGet(143)) - fb5436b4-0441-4af7-ac3c-617f70818dc1: start FollowerState
2019-09-20 08:26:39,379 [pool-261-thread-1] INFO  util.JmxRegister (JmxRegister.java:tryRegister(44)) - Successfully registered JMX Bean with object name Ratis:service=RaftServer,group=group-CEB221C48600,id=fb5436b4-0441-4af7-ac3c-617f70818dc1
2019-09-20 08:26:39,382 [RatisPipelineUtilsThread] INFO  pipeline.PipelineStateManager (PipelineStateManager.java:addPipeline(56)) - Created pipeline Pipeline[ Id: 6e5716e8-e73e-4193-8ddf-ceb221c48600, Nodes: fb5436b4-0441-4af7-ac3c-617f70818dc1{ip: 192.168.34.27, host: pr-hdds-1569-6tbh6-3362816358, networkLocation: /default-rack, certSerialId: null}, Type:RATIS, Factor:ONE, State:OPEN]
2019-09-20 08:26:39,383 [RatisPipelineUtilsThread] INFO  pipeline.PipelinePlacementPolicy (PipelinePlacementPolicy.java:meetCriteria(91)) - Pipeline Placement: Doesn't meet the criteria to be viable node： fb5436b4-0441-4af7-ac3c-617f70818dc1 Heaviness: 6 limit: 5
2019-09-20 08:26:39,383 [RatisPipelineUtilsThread] INFO  pipeline.PipelinePlacementPolicy (PipelinePlacementPolicy.java:meetCriteria(91)) - Pipeline Placement: Doesn't meet the criteria to be viable node： 450b4a05-ccf1-4a74-b0e9-8f60a565bcdf Heaviness: 6 limit: 5
2019-09-20 08:26:39,383 [RatisPipelineUtilsThread] INFO  pipeline.PipelinePlacementPolicy (PipelinePlacementPolicy.java:meetCriteria(91)) - Pipeline Placement: Doesn't meet the criteria to be viable node： b15ba93f-acd0-4121-9586-decea32bb3dc Heaviness: 6 limit: 5
2019-09-20 08:26:39,383 [RatisPipelineUtilsThread] ERROR pipeline.PipelinePlacementPolicy (PipelinePlacementPolicy.java:filterViableNodes(148)) - Unable to find enough nodes that meet the criteria that cannot engage in more than 5 pipelines. Nodes required: 1 Found: 0, healthy nodes count inNodeManager: 3.
2019-09-20 08:26:39,383 [RatisPipelineUtilsThread] ERROR pipeline.SCMPipelineManager (SCMPipelineManager.java:createPipeline(161)) - Pipeline creation failed due to exception: Unable to find enough nodes that meet the criteria that cannot engage in more than 5 pipelines. Nodes required: 1 Found: 0, healthy nodes count inNodeManager: 3.
2019-09-20 08:26:39,384 [RatisPipelineUtilsThread] INFO  pipeline.PipelinePlacementPolicy (PipelinePlacementPolicy.java:meetCriteria(91)) - Pipeline Placement: Doesn't meet the criteria to be viable node： fb5436b4-0441-4af7-ac3c-617f70818dc1 Heaviness: 6 limit: 5
2019-09-20 08:26:39,384 [RatisPipelineUtilsThread] INFO  pipeline.PipelinePlacementPolicy (PipelinePlacementPolicy.java:meetCriteria(91)) - Pipeline Placement: Doesn't meet the criteria to be viable node： 450b4a05-ccf1-4a74-b0e9-8f60a565bcdf Heaviness: 6 limit: 5
2019-09-20 08:26:39,384 [RatisPipelineUtilsThread] INFO  pipeline.PipelinePlacementPolicy (PipelinePlacementPolicy.java:meetCriteria(91)) - Pipeline Placement: Doesn't meet the criteria to be viable node： b15ba93f-acd0-4121-9586-decea32bb3dc Heaviness: 6 limit: 5
2019-09-20 08:26:39,384 [RatisPipelineUtilsThread] ERROR pipeline.PipelinePlacementPolicy (PipelinePlacementPolicy.java:filterViableNodes(148)) - Unable to find enough nodes that meet the criteria that cannot engage in more than 5 pipelines. Nodes required: 3 Found: 0, healthy nodes count inNodeManager: 3.
2019-09-20 08:26:39,384 [RatisPipelineUtilsThread] ERROR pipeline.SCMPipelineManager (SCMPipelineManager.java:createPipeline(161)) - Pipeline creation failed due to exception: Unable to find enough nodes that meet the criteria that cannot engage in more than 5 pipelines. Nodes required: 3 Found: 0, healthy nodes count inNodeManager: 3.
2019-09-20 08:26:40,143 [Thread-1070] INFO  ozone.MiniOzoneClusterImpl (MiniOzoneClusterImpl.java:lambda$waitForClusterToBeReady$0(142)) - Cluster is ready. Got 3 of 3 DN Heartbeats.
2019-09-20 08:26:40,300 | INFO  | OMAudit | user=jenkins1000 | ip=127.0.0.1 | op=CREATE_VOLUME {admin=admin61696, owner=user22440, volume=volume07011, creationTime=1568968000297, quotaInBytes=1152921504606846976} | ret=SUCCESS |  
2019-09-20 08:26:40,311 | INFO  | OMAudit | user=jenkins1000 | ip=127.0.0.1 | op=CREATE_BUCKET {volume=volume07011, bucket=bucket38763, acls=[], isVersionEnabled=false, storageType=DISK, creationTime=0} | ret=SUCCESS |  
2019-09-20 08:26:40,335 | INFO  | OMAudit | user=jenkins1000 | ip=127.0.0.1 | op=READ_VOLUME {volume=volume07011} | ret=SUCCESS |  
2019-09-20 08:26:40,337 | INFO  | OMAudit | user=jenkins1000 | ip=127.0.0.1 | op=READ_BUCKET {volume=volume07011, bucket=bucket38763} | ret=SUCCESS |  
2019-09-20 08:26:40,369 [IPC Server handler 0 on 37174] INFO  pipeline.PipelinePlacementPolicy (PipelinePlacementPolicy.java:meetCriteria(91)) - Pipeline Placement: Doesn't meet the criteria to be viable node： fb5436b4-0441-4af7-ac3c-617f70818dc1 Heaviness: 6 limit: 5
2019-09-20 08:26:40,369 [IPC Server handler 0 on 37174] INFO  pipeline.PipelinePlacementPolicy (PipelinePlacementPolicy.java:meetCriteria(91)) - Pipeline Placement: Doesn't meet the criteria to be viable node： 450b4a05-ccf1-4a74-b0e9-8f60a565bcdf Heaviness: 6 limit: 5
2019-09-20 08:26:40,369 [IPC Server handler 0 on 37174] INFO  pipeline.PipelinePlacementPolicy (PipelinePlacementPolicy.java:meetCriteria(91)) - Pipeline Placement: Doesn't meet the criteria to be viable node： b15ba93f-acd0-4121-9586-decea32bb3dc Heaviness: 6 limit: 5
2019-09-20 08:26:40,370 [IPC Server handler 0 on 37174] ERROR pipeline.PipelinePlacementPolicy (PipelinePlacementPolicy.java:filterViableNodes(148)) - Unable to find enough nodes that meet the criteria that cannot engage in more than 5 pipelines. Nodes required: 3 Found: 0, healthy nodes count inNodeManager: 3.
2019-09-20 08:26:40,370 [IPC Server handler 0 on 37174] ERROR pipeline.SCMPipelineManager (SCMPipelineManager.java:createPipeline(161)) - Pipeline creation failed due to exception: Unable to find enough nodes that meet the criteria that cannot engage in more than 5 pipelines. Nodes required: 3 Found: 0, healthy nodes count inNodeManager: 3.
2019-09-20 08:26:40,370 [IPC Server handler 0 on 37174] WARN  block.BlockManagerImpl (BlockManagerImpl.java:allocateBlock(192)) - Pipeline creation failed for type:RATIS factor:THREE. Retrying get pipelines call once.
org.apache.hadoop.hdds.scm.exceptions.SCMException: Unable to find enough nodes that meet the criteria that cannot engage in more than 5 pipelines. Nodes required: 3 Found: 0, healthy nodes count inNodeManager: 3.
	at org.apache.hadoop.hdds.scm.pipeline.PipelinePlacementPolicy.filterViableNodes(PipelinePlacementPolicy.java:149)
	at org.apache.hadoop.hdds.scm.pipeline.PipelinePlacementPolicy.chooseDatanodes(PipelinePlacementPolicy.java:172)
	at org.apache.hadoop.hdds.scm.pipeline.RatisPipelineProvider.create(RatisPipelineProvider.java:92)
	at org.apache.hadoop.hdds.scm.pipeline.PipelineFactory.create(PipelineFactory.java:57)
	at org.apache.hadoop.hdds.scm.pipeline.SCMPipelineManager.createPipeline(SCMPipelineManager.java:149)
	at org.apache.hadoop.hdds.scm.block.BlockManagerImpl.allocateBlock(BlockManagerImpl.java:190)
	at org.apache.hadoop.hdds.scm.server.SCMBlockProtocolServer.allocateBlock(SCMBlockProtocolServer.java:175)
	at org.apache.hadoop.ozone.protocolPB.ScmBlockLocationProtocolServerSideTranslatorPB.allocateScmBlock(ScmBlockLocationProtocolServerSideTranslatorPB.java:153)
	at org.apache.hadoop.ozone.protocolPB.ScmBlockLocationProtocolServerSideTranslatorPB.send(ScmBlockLocationProtocolServerSideTranslatorPB.java:112)
	at org.apache.hadoop.hdds.protocol.proto.ScmBlockLocationProtocolProtos$ScmBlockLocationProtocolService$2.callBlockingMethod(ScmBlockLocationProtocolProtos.java:13157)
	at org.apache.hadoop.ipc.ProtobufRpcEngine$Server$ProtoBufRpcInvoker.call(ProtobufRpcEngine.java:524)
	at org.apache.hadoop.ipc.RPC$Server.call(RPC.java:1025)
	at org.apache.hadoop.ipc.Server$RpcCall.run(Server.java:876)
	at org.apache.hadoop.ipc.Server$RpcCall.run(Server.java:822)
	at java.security.AccessController.doPrivileged(Native Method)
	at javax.security.auth.Subject.doAs(Subject.java:422)
	at org.apache.hadoop.security.UserGroupInformation.doAs(UserGroupInformation.java:1730)
	at org.apache.hadoop.ipc.Server$Handler.run(Server.java:2682)
2019-09-20 08:26:40,371 [IPC Server handler 0 on 37174] INFO  block.BlockManagerImpl (BlockManagerImpl.java:allocateBlock(198)) - Could not find available pipeline of type:RATIS and factor:THREE even after retrying
2019-09-20 08:26:40,371 [IPC Server handler 0 on 37174] ERROR block.BlockManagerImpl (BlockManagerImpl.java:allocateBlock(222)) - Unable to allocate a block for the size: 4194304, type: RATIS, factor: THREE
2019-09-20 08:26:40,371 | INFO  | SCMAudit | user=jenkins1000 | ip=192.168.34.27 | op=ALLOCATE_BLOCK {owner=f3d89bcf-3079-45b6-870d-4a9d629bde37, size=4194304, type=RATIS, factor=THREE} | ret=SUCCESS |  
2019-09-20 08:26:40,375 | ERROR | OMAudit | user=jenkins1000 | ip=127.0.0.1 | op=CREATE_FILE {volume=volume07011, bucket=bucket38763, key=testCreateDoesNotAddParentDirKeys/parent/child, dataSize=0, replicationType=RATIS, replicationFactor=THREE, keyLocationInfo=null} | ret=FAILURE | org.apache.hadoop.hdds.scm.exceptions.SCMException: Allocated 0 blocks. Requested 1 blocks
	at org.apache.hadoop.hdds.scm.protocolPB.ScmBlockLocationProtocolClientSideTranslatorPB.handleError(ScmBlockLocationProtocolClientSideTranslatorPB.java:118)
	at org.apache.hadoop.hdds.scm.protocolPB.ScmBlockLocationProtocolClientSideTranslatorPB.allocateBlock(ScmBlockLocationProtocolClientSideTranslatorPB.java:156) 
2019-09-20 08:26:40,378 [Thread-1070] INFO  ozone.MiniOzoneClusterImpl (MiniOzoneClusterImpl.java:shutdown(321)) - Shutting down the Mini Ozone Cluster
2019-09-20 08:26:40,378 | INFO  | SCMAudit | user=null | ip=null | op=GET_SCM_INFO null | ret=SUCCESS |  
2019-09-20 08:26:40,378 [Thread-1070] INFO  ozone.MiniOzoneClusterImpl (MiniOzoneClusterImpl.java:stop(336)) - Stopping the Mini Ozone Cluster
2019-09-20 08:26:40,378 [Thread-1070] INFO  ozone.MiniOzoneClusterImpl (MiniOzoneClusterImpl.java:stop(338)) - Stopping the OzoneManager
2019-09-20 08:26:40,378 [Thread-1070] INFO  ipc.Server (Server.java:stop(3082)) - Stopping server on 43217
2019-09-20 08:26:40,382 [IPC Server listener on 43217] INFO  ipc.Server (Server.java:run(1185)) - Stopping IPC Server listener on 43217
2019-09-20 08:26:40,384 [Thread-1070] INFO  ratis.OzoneManagerDoubleBuffer (OzoneManagerDoubleBuffer.java:stop(248)) - Stopping OMDoubleBuffer flush thread
2019-09-20 08:26:40,384 [IPC Server Responder] INFO  ipc.Server (Server.java:run(1319)) - Stopping IPC Server Responder
2019-09-20 08:26:40,390 [OMDoubleBufferFlushThread] INFO  ratis.OzoneManagerDoubleBuffer (OzoneManagerDoubleBuffer.java:flushTransactions(191)) - OMDoubleBuffer flush thread OMDoubleBufferFlushThread is interrupted and will exit. OMDoubleBufferFlushThread
2019-09-20 08:26:40,390 [Thread-1070] INFO  utils.BackgroundService (BackgroundService.java:shutdown(148)) - Shutting down service KeyDeletingService
2019-09-20 08:26:40,392 [Thread-1070] INFO  handler.ContextHandler (ContextHandler.java:doStop(910)) - Stopped o.e.j.w.WebAppContext@541b5af6{/,null,UNAVAILABLE}{/ozoneManager}
2019-09-20 08:26:40,392 [Thread-1070] INFO  server.AbstractConnector (AbstractConnector.java:doStop(318)) - Stopped ServerConnector@594ed620{HTTP/1.1,[http/1.1]}{0.0.0.0:0}
2019-09-20 08:26:40,393 [Thread-1070] INFO  handler.ContextHandler (ContextHandler.java:doStop(910)) - Stopped o.e.j.s.ServletContextHandler@453a89af{/static,jar:file:/home/user/.m2/repository/org/apache/hadoop/hadoop-ozone-ozone-manager/0.5.0-SNAPSHOT/hadoop-ozone-ozone-manager-0.5.0-SNAPSHOT.jar!/webapps/static,UNAVAILABLE}
2019-09-20 08:26:40,393 [Thread-1070] INFO  handler.ContextHandler (ContextHandler.java:doStop(910)) - Stopped o.e.j.s.ServletContextHandler@1ad4d20c{/logs,file:///workdir/hadoop-ozone/ozonefs/target/log,UNAVAILABLE}
2019-09-20 08:26:40,395 [Thread-1070] INFO  ozone.MiniOzoneClusterImpl (MiniOzoneClusterImpl.java:stop(344)) - Shutting the HddsDatanodes
2019-09-20 08:26:40,395 [Thread-1070] INFO  datanode.ObjectStoreHandler (ObjectStoreHandler.java:close(155)) - Closing ObjectStoreHandler.
2019-09-20 08:26:40,396 [ForkJoinPool.commonPool-worker-1] INFO  datanode.ObjectStoreHandler (ObjectStoreHandler.java:close(155)) - Closing ObjectStoreHandler.
2019-09-20 08:26:40,396 [Thread-1070] INFO  ozone.HddsDatanodeService (HddsDatanodeService.java:stop(451)) - Stopped plug-in org.apache.hadoop.ozone.web.OzoneHddsDatanodeService@4fa2a0a9
2019-09-20 08:26:40,396 [ForkJoinPool.commonPool-worker-1] INFO  ozone.HddsDatanodeService (HddsDatanodeService.java:stop(451)) - Stopped plug-in org.apache.hadoop.ozone.web.OzoneHddsDatanodeService@459b63fd
2019-09-20 08:26:40,771 [Datanode State Machine Thread - 0] INFO  statemachine.DatanodeStateMachine (DatanodeStateMachine.java:lambda$startDaemon$0(350)) - Ozone container server started.
2019-09-20 08:26:40,955 [Datanode State Machine Thread - 0] INFO  statemachine.DatanodeStateMachine (DatanodeStateMachine.java:lambda$startDaemon$0(350)) - Ozone container server started.
2019-09-20 08:26:41,143 | INFO  | SCMAudit | user=jenkins1000 | ip=192.168.34.27 | op=SEND_HEARTBEAT {datanodeUUID=fb5436b4-0441-4af7-ac3c-617f70818dc1, command=[]} | ret=SUCCESS |  
2019-09-20 08:26:41,780 [Thread-1242] INFO  container.ReplicationManager (ReplicationManager.java:start(151)) - Starting Replication Monitor Thread.
2019-09-20 08:26:41,782 [ReplicationMonitor] INFO  container.ReplicationManager (ReplicationManager.java:run(214)) - Replication Monitor Thread took 0 milliseconds for processing 0 containers.
2019-09-20 08:26:42,143 | INFO  | SCMAudit | user=jenkins1000 | ip=192.168.34.27 | op=SEND_HEARTBEAT {datanodeUUID=fb5436b4-0441-4af7-ac3c-617f70818dc1, command=[]} | ret=SUCCESS |  
2019-09-20 08:26:43,143 | INFO  | SCMAudit | user=jenkins1000 | ip=192.168.34.27 | op=SEND_HEARTBEAT {datanodeUUID=fb5436b4-0441-4af7-ac3c-617f70818dc1, command=[]} | ret=SUCCESS |  
2019-09-20 08:26:43,970 [Thread-1256] INFO  impl.FollowerState (FollowerState.java:run(106)) - b15ba93f-acd0-4121-9586-decea32bb3dc:group-F54023A364D2 changes to CANDIDATE, lastRpcTime:5030, electionTimeout:5030ms
2019-09-20 08:26:43,971 [Thread-1256] INFO  impl.RoleInfo (RoleInfo.java:shutdownFollowerState(121)) - b15ba93f-acd0-4121-9586-decea32bb3dc: shutdown FollowerState
2019-09-20 08:26:43,971 [Thread-1256] INFO  impl.RaftServerImpl (RaftServerImpl.java:setRole(171)) - b15ba93f-acd0-4121-9586-decea32bb3dc:group-F54023A364D2 changes role from FOLLOWER to CANDIDATE at term 0 for changeToCandidate
2019-09-20 08:26:43,971 [Thread-1256] INFO  impl.RoleInfo (RoleInfo.java:updateAndGet(143)) - b15ba93f-acd0-4121-9586-decea32bb3dc: start LeaderElection
2019-09-20 08:26:43,987 [b15ba93f-acd0-4121-9586-decea32bb3dc:group-F54023A364D2:LeaderElection72] INFO  impl.LeaderElection (LeaderElection.java:askForVotes(181)) - b15ba93f-acd0-4121-9586-decea32bb3dc:group-F54023A364D2:LeaderElection72: begin an election at term 1 for -1: [b15ba93f-acd0-4121-9586-decea32bb3dc:192.168.34.27:39913], old=null
2019-09-20 08:26:43,987 [b15ba93f-acd0-4121-9586-decea32bb3dc:group-F54023A364D2:LeaderElection72] INFO  impl.RoleInfo (RoleInfo.java:shutdownLeaderElection(134)) - b15ba93f-acd0-4121-9586-decea32bb3dc: shutdown LeaderElection
2019-09-20 08:26:43,988 [b15ba93f-acd0-4121-9586-decea32bb3dc:group-F54023A364D2:LeaderElection72] INFO  impl.RaftServerImpl (RaftServerImpl.java:setRole(171)) - b15ba93f-acd0-4121-9586-decea32bb3dc:group-F54023A364D2 changes role from CANDIDATE to LEADER at term 1 for changeToLeader
2019-09-20 08:26:43,988 [b15ba93f-acd0-4121-9586-decea32bb3dc:group-F54023A364D2:LeaderElection72] INFO  impl.RaftServerImpl (ServerState.java:setLeader(263)) - b15ba93f-acd0-4121-9586-decea32bb3dc:group-F54023A364D2 change Leader from null to b15ba93f-acd0-4121-9586-decea32bb3dc at term 1 for becomeLeader, leader elected after 5050ms
2019-09-20 08:26:43,988 [b15ba93f-acd0-4121-9586-decea32bb3dc:group-F54023A364D2:LeaderElection72] INFO  server.RaftServerConfigKeys (ConfUtils.java:logGet(43)) - raft.server.staging.catchup.gap = 1000 (default)
2019-09-20 08:26:43,988 [b15ba93f-acd0-4121-9586-decea32bb3dc:group-F54023A364D2:LeaderElection72] INFO  server.RaftServerConfigKeys (ConfUtils.java:logGet(43)) - raft.server.rpc.sleep.time = 25ms (default)
2019-09-20 08:26:43,988 [b15ba93f-acd0-4121-9586-decea32bb3dc:group-F54023A364D2:LeaderElection72] INFO  server.RaftServerConfigKeys (ConfUtils.java:logGet(43)) - raft.server.write.element-limit = 4096 (default)
2019-09-20 08:26:43,988 [b15ba93f-acd0-4121-9586-decea32bb3dc:group-F54023A364D2:LeaderElection72] INFO  server.RaftServerConfigKeys (ConfUtils.java:logGet(43)) - raft.server.watch.timeout = 10s (default)
2019-09-20 08:26:43,988 [b15ba93f-acd0-4121-9586-decea32bb3dc:group-F54023A364D2:LeaderElection72] INFO  server.RaftServerConfigKeys (ConfUtils.java:logGet(43)) - raft.server.watch.timeout.denomination = 1s (default)
2019-09-20 08:26:43,988 [b15ba93f-acd0-4121-9586-decea32bb3dc:group-F54023A364D2:LeaderElection72] INFO  server.RaftServerConfigKeys (ConfUtils.java:logGet(43)) - raft.server.watch.element-limit = 65536 (default)
2019-09-20 08:26:43,989 [b15ba93f-acd0-4121-9586-decea32bb3dc:group-F54023A364D2:LeaderElection72] INFO  impl.RoleInfo (RoleInfo.java:updateAndGet(143)) - b15ba93f-acd0-4121-9586-decea32bb3dc: start LeaderState
2019-09-20 08:26:43,989 [b15ba93f-acd0-4121-9586-decea32bb3dc:group-F54023A364D2:LeaderElection72] INFO  segmented.SegmentedRaftLogWorker (SegmentedRaftLogWorker.java:startLogSegment(380)) - b15ba93f-acd0-4121-9586-decea32bb3dc-SegmentedRaftLogWorker:Storage Directory /workdir/hadoop-ozone/ozonefs/target/test-dir/MiniOzoneClusterImpl-083ee7b7-6048-484a-8bff-e922192676bf/datanode-0/data/ratis/49a5c226-f95c-4a18-b459-f54023a364d2: Starting segment from index:0
2019-09-20 08:26:43,989 [b15ba93f-acd0-4121-9586-decea32bb3dc:group-F54023A364D2:LeaderElection72] INFO  impl.RaftServerImpl (ServerState.java:setRaftConf(361)) - b15ba93f-acd0-4121-9586-decea32bb3dc:group-F54023A364D2 set configuration 0: [b15ba93f-acd0-4121-9586-decea32bb3dc:192.168.34.27:39913], old=null at 0
2019-09-20 08:26:44,003 [Thread-1244] INFO  impl.FollowerState (FollowerState.java:run(106)) - b15ba93f-acd0-4121-9586-decea32bb3dc:group-1F1198F5923C changes to CANDIDATE, lastRpcTime:5179, electionTimeout:5179ms
2019-09-20 08:26:44,004 [Thread-1244] INFO  impl.RoleInfo (RoleInfo.java:shutdownFollowerState(121)) - b15ba93f-acd0-4121-9586-decea32bb3dc: shutdown FollowerState
2019-09-20 08:26:44,004 [Thread-1244] INFO  impl.RaftServerImpl (RaftServerImpl.java:setRole(171)) - b15ba93f-acd0-4121-9586-decea32bb3dc:group-1F1198F5923C changes role from FOLLOWER to CANDIDATE at term 0 for changeToCandidate
2019-09-20 08:26:44,004 [Thread-1244] INFO  impl.RoleInfo (RoleInfo.java:updateAndGet(143)) - b15ba93f-acd0-4121-9586-decea32bb3dc: start LeaderElection
2019-09-20 08:26:44,031 [Thread-1250] INFO  impl.FollowerState (FollowerState.java:run(106)) - b15ba93f-acd0-4121-9586-decea32bb3dc:group-3D5707E83EE3 changes to CANDIDATE, lastRpcTime:5131, electionTimeout:5131ms
2019-09-20 08:26:44,031 [Thread-1250] INFO  impl.RoleInfo (RoleInfo.java:shutdownFollowerState(121)) - b15ba93f-acd0-4121-9586-decea32bb3dc: shutdown FollowerState
2019-09-20 08:26:44,031 [Thread-1250] INFO  impl.RaftServerImpl (RaftServerImpl.java:setRole(171)) - b15ba93f-acd0-4121-9586-decea32bb3dc:group-3D5707E83EE3 changes role from FOLLOWER to CANDIDATE at term 0 for changeToCandidate
2019-09-20 08:26:44,032 [Thread-1250] INFO  impl.RoleInfo (RoleInfo.java:updateAndGet(143)) - b15ba93f-acd0-4121-9586-decea32bb3dc: start LeaderElection
2019-09-20 08:26:44,037 [Thread-1265] INFO  impl.FollowerState (FollowerState.java:run(106)) - 450b4a05-ccf1-4a74-b0e9-8f60a565bcdf:group-D8FF86FC734D changes to CANDIDATE, lastRpcTime:5036, electionTimeout:5036ms
2019-09-20 08:26:44,037 [Thread-1265] INFO  impl.RoleInfo (RoleInfo.java:shutdownFollowerState(121)) - 450b4a05-ccf1-4a74-b0e9-8f60a565bcdf: shutdown FollowerState
2019-09-20 08:26:44,037 [Thread-1265] INFO  impl.RaftServerImpl (RaftServerImpl.java:setRole(171)) - 450b4a05-ccf1-4a74-b0e9-8f60a565bcdf:group-D8FF86FC734D changes role from FOLLOWER to CANDIDATE at term 0 for changeToCandidate
2019-09-20 08:26:44,037 [Thread-1265] INFO  impl.RoleInfo (RoleInfo.java:updateAndGet(143)) - 450b4a05-ccf1-4a74-b0e9-8f60a565bcdf: start LeaderElection
2019-09-20 08:26:44,041 [b15ba93f-acd0-4121-9586-decea32bb3dc-SegmentedRaftLogWorker:Storage Directory /workdir/hadoop-ozone/ozonefs/target/test-dir/MiniOzoneClusterImpl-083ee7b7-6048-484a-8bff-e922192676bf/datanode-0/data/ratis/49a5c226-f95c-4a18-b459-f54023a364d2] INFO  segmented.SegmentedRaftLogWorker (SegmentedRaftLogWorker.java:execute(569)) - b15ba93f-acd0-4121-9586-decea32bb3dc-SegmentedRaftLogWorker:Storage Directory /workdir/hadoop-ozone/ozonefs/target/test-dir/MiniOzoneClusterImpl-083ee7b7-6048-484a-8bff-e922192676bf/datanode-0/data/ratis/49a5c226-f95c-4a18-b459-f54023a364d2: created new log segment /workdir/hadoop-ozone/ozonefs/target/test-dir/MiniOzoneClusterImpl-083ee7b7-6048-484a-8bff-e922192676bf/datanode-0/data/ratis/49a5c226-f95c-4a18-b459-f54023a364d2/current/log_inprogress_0
2019-09-20 08:26:44,041 [b15ba93f-acd0-4121-9586-decea32bb3dc:group-1F1198F5923C:LeaderElection73] INFO  impl.LeaderElection (LeaderElection.java:askForVotes(181)) - b15ba93f-acd0-4121-9586-decea32bb3dc:group-1F1198F5923C:LeaderElection73: begin an election at term 1 for -1: [b15ba93f-acd0-4121-9586-decea32bb3dc:192.168.34.27:39913], old=null
2019-09-20 08:26:44,041 [450b4a05-ccf1-4a74-b0e9-8f60a565bcdf:group-D8FF86FC734D:LeaderElection75] INFO  impl.LeaderElection (LeaderElection.java:askForVotes(181)) - 450b4a05-ccf1-4a74-b0e9-8f60a565bcdf:group-D8FF86FC734D:LeaderElection75: begin an election at term 1 for -1: [450b4a05-ccf1-4a74-b0e9-8f60a565bcdf:192.168.34.27:32870], old=null
2019-09-20 08:26:44,041 [b15ba93f-acd0-4121-9586-decea32bb3dc:group-3D5707E83EE3:LeaderElection74] INFO  impl.LeaderElection (LeaderElection.java:askForVotes(181)) - b15ba93f-acd0-4121-9586-decea32bb3dc:group-3D5707E83EE3:LeaderElection74: begin an election at term 1 for -1: [b15ba93f-acd0-4121-9586-decea32bb3dc:192.168.34.27:39913], old=null
2019-09-20 08:26:44,041 [450b4a05-ccf1-4a74-b0e9-8f60a565bcdf:group-D8FF86FC734D:LeaderElection75] INFO  impl.RoleInfo (RoleInfo.java:shutdownLeaderElection(134)) - 450b4a05-ccf1-4a74-b0e9-8f60a565bcdf: shutdown LeaderElection
2019-09-20 08:26:44,041 [b15ba93f-acd0-4121-9586-decea32bb3dc:group-1F1198F5923C:LeaderElection73] INFO  impl.RoleInfo (RoleInfo.java:shutdownLeaderElection(134)) - b15ba93f-acd0-4121-9586-decea32bb3dc: shutdown LeaderElection
2019-09-20 08:26:44,041 [450b4a05-ccf1-4a74-b0e9-8f60a565bcdf:group-D8FF86FC734D:LeaderElection75] INFO  impl.RaftServerImpl (RaftServerImpl.java:setRole(171)) - 450b4a05-ccf1-4a74-b0e9-8f60a565bcdf:group-D8FF86FC734D changes role from CANDIDATE to LEADER at term 1 for changeToLeader
2019-09-20 08:26:44,041 [b15ba93f-acd0-4121-9586-decea32bb3dc:group-3D5707E83EE3:LeaderElection74] INFO  impl.RoleInfo (RoleInfo.java:shutdownLeaderElection(134)) - b15ba93f-acd0-4121-9586-decea32bb3dc: shutdown LeaderElection
2019-09-20 08:26:44,042 [450b4a05-ccf1-4a74-b0e9-8f60a565bcdf:group-D8FF86FC734D:LeaderElection75] INFO  impl.RaftServerImpl (ServerState.java:setLeader(263)) - 450b4a05-ccf1-4a74-b0e9-8f60a565bcdf:group-D8FF86FC734D change Leader from null to 450b4a05-ccf1-4a74-b0e9-8f60a565bcdf at term 1 for becomeLeader, leader elected after 5043ms
2019-09-20 08:26:44,042 [b15ba93f-acd0-4121-9586-decea32bb3dc:group-1F1198F5923C:LeaderElection73] INFO  impl.RaftServerImpl (RaftServerImpl.java:setRole(171)) - b15ba93f-acd0-4121-9586-decea32bb3dc:group-1F1198F5923C changes role from CANDIDATE to LEADER at term 1 for changeToLeader
2019-09-20 08:26:44,042 [450b4a05-ccf1-4a74-b0e9-8f60a565bcdf:group-D8FF86FC734D:LeaderElection75] INFO  server.RaftServerConfigKeys (ConfUtils.java:logGet(43)) - raft.server.staging.catchup.gap = 1000 (default)
2019-09-20 08:26:44,042 [b15ba93f-acd0-4121-9586-decea32bb3dc:group-3D5707E83EE3:LeaderElection74] INFO  impl.RaftServerImpl (RaftServerImpl.java:setRole(171)) - b15ba93f-acd0-4121-9586-decea32bb3dc:group-3D5707E83EE3 changes role from CANDIDATE to LEADER at term 1 for changeToLeader
2019-09-20 08:26:44,042 [450b4a05-ccf1-4a74-b0e9-8f60a565bcdf:group-D8FF86FC734D:LeaderElection75] INFO  server.RaftServerConfigKeys (ConfUtils.java:logGet(43)) - raft.server.rpc.sleep.time = 25ms (default)
2019-09-20 08:26:44,042 [b15ba93f-acd0-4121-9586-decea32bb3dc:group-1F1198F5923C:LeaderElection73] INFO  impl.RaftServerImpl (ServerState.java:setLeader(263)) - b15ba93f-acd0-4121-9586-decea32bb3dc:group-1F1198F5923C change Leader from null to b15ba93f-acd0-4121-9586-decea32bb3dc at term 1 for becomeLeader, leader elected after 5222ms
2019-09-20 08:26:44,042 [450b4a05-ccf1-4a74-b0e9-8f60a565bcdf:group-D8FF86FC734D:LeaderElection75] INFO  server.RaftServerConfigKeys (ConfUtils.java:logGet(43)) - raft.server.write.element-limit = 4096 (default)
2019-09-20 08:26:44,042 [b15ba93f-acd0-4121-9586-decea32bb3dc:group-3D5707E83EE3:LeaderElection74] INFO  impl.RaftServerImpl (ServerState.java:setLeader(263)) - b15ba93f-acd0-4121-9586-decea32bb3dc:group-3D5707E83EE3 change Leader from null to b15ba93f-acd0-4121-9586-decea32bb3dc at term 1 for becomeLeader, leader elected after 5145ms
2019-09-20 08:26:44,043 [450b4a05-ccf1-4a74-b0e9-8f60a565bcdf:group-D8FF86FC734D:LeaderElection75] INFO  server.RaftServerConfigKeys (ConfUtils.java:logGet(43)) - raft.server.watch.timeout = 10s (default)
2019-09-20 08:26:44,042 [b15ba93f-acd0-4121-9586-decea32bb3dc:group-1F1198F5923C:LeaderElection73] INFO  server.RaftServerConfigKeys (ConfUtils.java:logGet(43)) - raft.server.staging.catchup.gap = 1000 (default)
2019-09-20 08:26:44,043 [450b4a05-ccf1-4a74-b0e9-8f60a565bcdf:group-D8FF86FC734D:LeaderElection75] INFO  server.RaftServerConfigKeys (ConfUtils.java:logGet(43)) - raft.server.watch.timeout.denomination = 1s (default)
2019-09-20 08:26:44,043 [b15ba93f-acd0-4121-9586-decea32bb3dc:group-3D5707E83EE3:LeaderElection74] INFO  server.RaftServerConfigKeys (ConfUtils.java:logGet(43)) - raft.server.staging.catchup.gap = 1000 (default)
2019-09-20 08:26:44,043 [450b4a05-ccf1-4a74-b0e9-8f60a565bcdf:group-D8FF86FC734D:LeaderElection75] INFO  server.RaftServerConfigKeys (ConfUtils.java:logGet(43)) - raft.server.watch.element-limit = 65536 (default)
2019-09-20 08:26:44,043 [b15ba93f-acd0-4121-9586-decea32bb3dc:group-1F1198F5923C:LeaderElection73] INFO  server.RaftServerConfigKeys (ConfUtils.java:logGet(43)) - raft.server.rpc.sleep.time = 25ms (default)
2019-09-20 08:26:44,043 [b15ba93f-acd0-4121-9586-decea32bb3dc:group-3D5707E83EE3:LeaderElection74] INFO  server.RaftServerConfigKeys (ConfUtils.java:logGet(43)) - raft.server.rpc.sleep.time = 25ms (default)
2019-09-20 08:26:44,043 [450b4a05-ccf1-4a74-b0e9-8f60a565bcdf:group-D8FF86FC734D:LeaderElection75] INFO  impl.RoleInfo (RoleInfo.java:updateAndGet(143)) - 450b4a05-ccf1-4a74-b0e9-8f60a565bcdf: start LeaderState
2019-09-20 08:26:44,043 [b15ba93f-acd0-4121-9586-decea32bb3dc:group-1F1198F5923C:LeaderElection73] INFO  server.RaftServerConfigKeys (ConfUtils.java:logGet(43)) - raft.server.write.element-limit = 4096 (default)
2019-09-20 08:26:44,044 [b15ba93f-acd0-4121-9586-decea32bb3dc:group-3D5707E83EE3:LeaderElection74] INFO  server.RaftServerConfigKeys (ConfUtils.java:logGet(43)) - raft.server.write.element-limit = 4096 (default)
2019-09-20 08:26:44,044 [450b4a05-ccf1-4a74-b0e9-8f60a565bcdf:group-D8FF86FC734D:LeaderElection75] INFO  segmented.SegmentedRaftLogWorker (SegmentedRaftLogWorker.java:startLogSegment(380)) - 450b4a05-ccf1-4a74-b0e9-8f60a565bcdf-SegmentedRaftLogWorker:Storage Directory /workdir/hadoop-ozone/ozonefs/target/test-dir/MiniOzoneClusterImpl-083ee7b7-6048-484a-8bff-e922192676bf/datanode-1/data/ratis/e249553a-6bc5-41c9-bc25-d8ff86fc734d: Starting segment from index:0
2019-09-20 08:26:44,044 [b15ba93f-acd0-4121-9586-decea32bb3dc:group-1F1198F5923C:LeaderElection73] INFO  server.RaftServerConfigKeys (ConfUtils.java:logGet(43)) - raft.server.watch.timeout = 10s (default)
2019-09-20 08:26:44,044 [b15ba93f-acd0-4121-9586-decea32bb3dc:group-3D5707E83EE3:LeaderElection74] INFO  server.RaftServerConfigKeys (ConfUtils.java:logGet(43)) - raft.server.watch.timeout = 10s (default)
2019-09-20 08:26:44,044 [b15ba93f-acd0-4121-9586-decea32bb3dc:group-1F1198F5923C:LeaderElection73] INFO  server.RaftServerConfigKeys (ConfUtils.java:logGet(43)) - raft.server.watch.timeout.denomination = 1s (default)
2019-09-20 08:26:44,044 [b15ba93f-acd0-4121-9586-decea32bb3dc:group-3D5707E83EE3:LeaderElection74] INFO  server.RaftServerConfigKeys (ConfUtils.java:logGet(43)) - raft.server.watch.timeout.denomination = 1s (default)
2019-09-20 08:26:44,045 [450b4a05-ccf1-4a74-b0e9-8f60a565bcdf:group-D8FF86FC734D:LeaderElection75] INFO  impl.RaftServerImpl (ServerState.java:setRaftConf(361)) - 450b4a05-ccf1-4a74-b0e9-8f60a565bcdf:group-D8FF86FC734D set configuration 0: [450b4a05-ccf1-4a74-b0e9-8f60a565bcdf:192.168.34.27:32870], old=null at 0
2019-09-20 08:26:44,044 [b15ba93f-acd0-4121-9586-decea32bb3dc:group-1F1198F5923C:LeaderElection73] INFO  server.RaftServerConfigKeys (ConfUtils.java:logGet(43)) - raft.server.watch.element-limit = 65536 (default)
2019-09-20 08:26:44,045 [b15ba93f-acd0-4121-9586-decea32bb3dc:group-3D5707E83EE3:LeaderElection74] INFO  server.RaftServerConfigKeys (ConfUtils.java:logGet(43)) - raft.server.watch.element-limit = 65536 (default)
2019-09-20 08:26:44,045 [b15ba93f-acd0-4121-9586-decea32bb3dc:group-1F1198F5923C:LeaderElection73] INFO  impl.RoleInfo (RoleInfo.java:updateAndGet(143)) - b15ba93f-acd0-4121-9586-decea32bb3dc: start LeaderState
2019-09-20 08:26:44,045 [b15ba93f-acd0-4121-9586-decea32bb3dc:group-3D5707E83EE3:LeaderElection74] INFO  impl.RoleInfo (RoleInfo.java:updateAndGet(143)) - b15ba93f-acd0-4121-9586-decea32bb3dc: start LeaderState
2019-09-20 08:26:44,045 [b15ba93f-acd0-4121-9586-decea32bb3dc:group-1F1198F5923C:LeaderElection73] INFO  segmented.SegmentedRaftLogWorker (SegmentedRaftLogWorker.java:startLogSegment(380)) - b15ba93f-acd0-4121-9586-decea32bb3dc-SegmentedRaftLogWorker:Storage Directory /workdir/hadoop-ozone/ozonefs/target/test-dir/MiniOzoneClusterImpl-083ee7b7-6048-484a-8bff-e922192676bf/datanode-0/data/ratis/f0871c0d-66c0-4825-a716-1f1198f5923c: Starting segment from index:0
2019-09-20 08:26:44,045 [b15ba93f-acd0-4121-9586-decea32bb3dc:group-3D5707E83EE3:LeaderElection74] INFO  segmented.SegmentedRaftLogWorker (SegmentedRaftLogWorker.java:startLogSegment(380)) - b15ba93f-acd0-4121-9586-decea32bb3dc-SegmentedRaftLogWorker:Storage Directory /workdir/hadoop-ozone/ozonefs/target/test-dir/MiniOzoneClusterImpl-083ee7b7-6048-484a-8bff-e922192676bf/datanode-0/data/ratis/c39bef66-0445-4d57-8a7b-3d5707e83ee3: Starting segment from index:0
2019-09-20 08:26:44,046 [b15ba93f-acd0-4121-9586-decea32bb3dc:group-1F1198F5923C:LeaderElection73] INFO  impl.RaftServerImpl (ServerState.java:setRaftConf(361)) - b15ba93f-acd0-4121-9586-decea32bb3dc:group-1F1198F5923C set configuration 0: [b15ba93f-acd0-4121-9586-decea32bb3dc:192.168.34.27:39913], old=null at 0
2019-09-20 08:26:44,046 [b15ba93f-acd0-4121-9586-decea32bb3dc:group-3D5707E83EE3:LeaderElection74] INFO  impl.RaftServerImpl (ServerState.java:setRaftConf(361)) - b15ba93f-acd0-4121-9586-decea32bb3dc:group-3D5707E83EE3 set configuration 0: [b15ba93f-acd0-4121-9586-decea32bb3dc:192.168.34.27:39913], old=null at 0
2019-09-20 08:26:44,052 [Thread-1259] INFO  impl.FollowerState (FollowerState.java:run(106)) - b15ba93f-acd0-4121-9586-decea32bb3dc:group-9C5407BA5540 changes to CANDIDATE, lastRpcTime:5093, electionTimeout:5093ms
2019-09-20 08:26:44,052 [Thread-1259] INFO  impl.RoleInfo (RoleInfo.java:shutdownFollowerState(121)) - b15ba93f-acd0-4121-9586-decea32bb3dc: shutdown FollowerState
2019-09-20 08:26:44,052 [Thread-1259] INFO  impl.RaftServerImpl (RaftServerImpl.java:setRole(171)) - b15ba93f-acd0-4121-9586-decea32bb3dc:group-9C5407BA5540 changes role from FOLLOWER to CANDIDATE at term 0 for changeToCandidate
2019-09-20 08:26:44,053 [Thread-1259] INFO  impl.RoleInfo (RoleInfo.java:updateAndGet(143)) - b15ba93f-acd0-4121-9586-decea32bb3dc: start LeaderElection
2019-09-20 08:26:44,064 [Thread-1247] INFO  impl.FollowerState (FollowerState.java:run(106)) - b15ba93f-acd0-4121-9586-decea32bb3dc:group-11ACAE9044CD changes to CANDIDATE, lastRpcTime:5197, electionTimeout:5197ms
2019-09-20 08:26:44,064 [Thread-1247] INFO  impl.RoleInfo (RoleInfo.java:shutdownFollowerState(121)) - b15ba93f-acd0-4121-9586-decea32bb3dc: shutdown FollowerState
2019-09-20 08:26:44,064 [Thread-1247] INFO  impl.RaftServerImpl (RaftServerImpl.java:setRole(171)) - b15ba93f-acd0-4121-9586-decea32bb3dc:group-11ACAE9044CD changes role from FOLLOWER to CANDIDATE at term 0 for changeToCandidate
2019-09-20 08:26:44,064 [Thread-1247] INFO  impl.RoleInfo (RoleInfo.java:updateAndGet(143)) - b15ba93f-acd0-4121-9586-decea32bb3dc: start LeaderElection
2019-09-20 08:26:44,066 [b15ba93f-acd0-4121-9586-decea32bb3dc:group-9C5407BA5540:LeaderElection76] INFO  impl.LeaderElection (LeaderElection.java:askForVotes(181)) - b15ba93f-acd0-4121-9586-decea32bb3dc:group-9C5407BA5540:LeaderElection76: begin an election at term 1 for -1: [b15ba93f-acd0-4121-9586-decea32bb3dc:192.168.34.27:39913], old=null
2019-09-20 08:26:44,067 [b15ba93f-acd0-4121-9586-decea32bb3dc:group-9C5407BA5540:LeaderElection76] INFO  impl.RoleInfo (RoleInfo.java:shutdownLeaderElection(134)) - b15ba93f-acd0-4121-9586-decea32bb3dc: shutdown LeaderElection
2019-09-20 08:26:44,067 [b15ba93f-acd0-4121-9586-decea32bb3dc:group-9C5407BA5540:LeaderElection76] INFO  impl.RaftServerImpl (RaftServerImpl.java:setRole(171)) - b15ba93f-acd0-4121-9586-decea32bb3dc:group-9C5407BA5540 changes role from CANDIDATE to LEADER at term 1 for changeToLeader
2019-09-20 08:26:44,067 [b15ba93f-acd0-4121-9586-decea32bb3dc:group-9C5407BA5540:LeaderElection76] INFO  impl.RaftServerImpl (ServerState.java:setLeader(263)) - b15ba93f-acd0-4121-9586-decea32bb3dc:group-9C5407BA5540 change Leader from null to b15ba93f-acd0-4121-9586-decea32bb3dc at term 1 for becomeLeader, leader elected after 5110ms
2019-09-20 08:26:44,067 [b15ba93f-acd0-4121-9586-decea32bb3dc:group-9C5407BA5540:LeaderElection76] INFO  server.RaftServerConfigKeys (ConfUtils.java:logGet(43)) - raft.server.staging.catchup.gap = 1000 (default)
2019-09-20 08:26:44,067 [b15ba93f-acd0-4121-9586-decea32bb3dc:group-9C5407BA5540:LeaderElection76] INFO  server.RaftServerConfigKeys (ConfUtils.java:logGet(43)) - raft.server.rpc.sleep.time = 25ms (default)
2019-09-20 08:26:44,067 [b15ba93f-acd0-4121-9586-decea32bb3dc:group-9C5407BA5540:LeaderElection76] INFO  server.RaftServerConfigKeys (ConfUtils.java:logGet(43)) - raft.server.write.element-limit = 4096 (default)
2019-09-20 08:26:44,067 [b15ba93f-acd0-4121-9586-decea32bb3dc:group-9C5407BA5540:LeaderElection76] INFO  server.RaftServerConfigKeys (ConfUtils.java:logGet(43)) - raft.server.watch.timeout = 10s (default)
2019-09-20 08:26:44,068 [b15ba93f-acd0-4121-9586-decea32bb3dc:group-9C5407BA5540:LeaderElection76] INFO  server.RaftServerConfigKeys (ConfUtils.java:logGet(43)) - raft.server.watch.timeout.denomination = 1s (default)
2019-09-20 08:26:44,068 [b15ba93f-acd0-4121-9586-decea32bb3dc:group-9C5407BA5540:LeaderElection76] INFO  server.RaftServerConfigKeys (ConfUtils.java:logGet(43)) - raft.server.watch.element-limit = 65536 (default)
2019-09-20 08:26:44,068 [b15ba93f-acd0-4121-9586-decea32bb3dc:group-9C5407BA5540:LeaderElection76] INFO  impl.RoleInfo (RoleInfo.java:updateAndGet(143)) - b15ba93f-acd0-4121-9586-decea32bb3dc: start LeaderState
2019-09-20 08:26:44,069 [b15ba93f-acd0-4121-9586-decea32bb3dc:group-9C5407BA5540:LeaderElection76] INFO  segmented.SegmentedRaftLogWorker (SegmentedRaftLogWorker.java:startLogSegment(380)) - b15ba93f-acd0-4121-9586-decea32bb3dc-SegmentedRaftLogWorker:Storage Directory /workdir/hadoop-ozone/ozonefs/target/test-dir/MiniOzoneClusterImpl-083ee7b7-6048-484a-8bff-e922192676bf/datanode-0/data/ratis/892a5eb4-cb99-4a6e-ac8b-9c5407ba5540: Starting segment from index:0
2019-09-20 08:26:44,069 [b15ba93f-acd0-4121-9586-decea32bb3dc:group-9C5407BA5540:LeaderElection76] INFO  impl.RaftServerImpl (ServerState.java:setRaftConf(361)) - b15ba93f-acd0-4121-9586-decea32bb3dc:group-9C5407BA5540 set configuration 0: [b15ba93f-acd0-4121-9586-decea32bb3dc:192.168.34.27:39913], old=null at 0
2019-09-20 08:26:44,073 [Thread-1253] INFO  impl.FollowerState (FollowerState.java:run(106)) - b15ba93f-acd0-4121-9586-decea32bb3dc:group-7F5E78A68E3D changes to CANDIDATE, lastRpcTime:5153, electionTimeout:5153ms
2019-09-20 08:26:44,073 [Thread-1253] INFO  impl.RoleInfo (RoleInfo.java:shutdownFollowerState(121)) - b15ba93f-acd0-4121-9586-decea32bb3dc: shutdown FollowerState
2019-09-20 08:26:44,073 [Thread-1253] INFO  impl.RaftServerImpl (RaftServerImpl.java:setRole(171)) - b15ba93f-acd0-4121-9586-decea32bb3dc:group-7F5E78A68E3D changes role from FOLLOWER to CANDIDATE at term 0 for changeToCandidate
2019-09-20 08:26:44,074 [Thread-1253] INFO  impl.RoleInfo (RoleInfo.java:updateAndGet(143)) - b15ba93f-acd0-4121-9586-decea32bb3dc: start LeaderElection
2019-09-20 08:26:44,094 [b15ba93f-acd0-4121-9586-decea32bb3dc:group-11ACAE9044CD:LeaderElection77] INFO  impl.LeaderElection (LeaderElection.java:askForVotes(181)) - b15ba93f-acd0-4121-9586-decea32bb3dc:group-11ACAE9044CD:LeaderElection77: begin an election at term 1 for -1: [b15ba93f-acd0-4121-9586-decea32bb3dc:192.168.34.27:39913], old=null
2019-09-20 08:26:44,094 [b15ba93f-acd0-4121-9586-decea32bb3dc:group-11ACAE9044CD:LeaderElection77] INFO  impl.RoleInfo (RoleInfo.java:shutdownLeaderElection(134)) - b15ba93f-acd0-4121-9586-decea32bb3dc: shutdown LeaderElection
2019-09-20 08:26:44,094 [b15ba93f-acd0-4121-9586-decea32bb3dc:group-11ACAE9044CD:LeaderElection77] INFO  impl.RaftServerImpl (RaftServerImpl.java:setRole(171)) - b15ba93f-acd0-4121-9586-decea32bb3dc:group-11ACAE9044CD changes role from CANDIDATE to LEADER at term 1 for changeToLeader
2019-09-20 08:26:44,094 [b15ba93f-acd0-4121-9586-decea32bb3dc:group-11ACAE9044CD:LeaderElection77] INFO  impl.RaftServerImpl (ServerState.java:setLeader(263)) - b15ba93f-acd0-4121-9586-decea32bb3dc:group-11ACAE9044CD change Leader from null to b15ba93f-acd0-4121-9586-decea32bb3dc at term 1 for becomeLeader, leader elected after 5231ms
2019-09-20 08:26:44,094 [b15ba93f-acd0-4121-9586-decea32bb3dc-SegmentedRaftLogWorker:Storage Directory /workdir/hadoop-ozone/ozonefs/target/test-dir/MiniOzoneClusterImpl-083ee7b7-6048-484a-8bff-e922192676bf/datanode-0/data/ratis/f0871c0d-66c0-4825-a716-1f1198f5923c] INFO  segmented.SegmentedRaftLogWorker (SegmentedRaftLogWorker.java:execute(569)) - b15ba93f-acd0-4121-9586-decea32bb3dc-SegmentedRaftLogWorker:Storage Directory /workdir/hadoop-ozone/ozonefs/target/test-dir/MiniOzoneClusterImpl-083ee7b7-6048-484a-8bff-e922192676bf/datanode-0/data/ratis/f0871c0d-66c0-4825-a716-1f1198f5923c: created new log segment /workdir/hadoop-ozone/ozonefs/target/test-dir/MiniOzoneClusterImpl-083ee7b7-6048-484a-8bff-e922192676bf/datanode-0/data/ratis/f0871c0d-66c0-4825-a716-1f1198f5923c/current/log_inprogress_0
2019-09-20 08:26:44,094 [b15ba93f-acd0-4121-9586-decea32bb3dc:group-11ACAE9044CD:LeaderElection77] INFO  server.RaftServerConfigKeys (ConfUtils.java:logGet(43)) - raft.server.staging.catchup.gap = 1000 (default)
2019-09-20 08:26:44,094 [450b4a05-ccf1-4a74-b0e9-8f60a565bcdf-SegmentedRaftLogWorker:Storage Directory /workdir/hadoop-ozone/ozonefs/target/test-dir/MiniOzoneClusterImpl-083ee7b7-6048-484a-8bff-e922192676bf/datanode-1/data/ratis/e249553a-6bc5-41c9-bc25-d8ff86fc734d] INFO  segmented.SegmentedRaftLogWorker (SegmentedRaftLogWorker.java:execute(569)) - 450b4a05-ccf1-4a74-b0e9-8f60a565bcdf-SegmentedRaftLogWorker:Storage Directory /workdir/hadoop-ozone/ozonefs/target/test-dir/MiniOzoneClusterImpl-083ee7b7-6048-484a-8bff-e922192676bf/datanode-1/data/ratis/e249553a-6bc5-41c9-bc25-d8ff86fc734d: created new log segment /workdir/hadoop-ozone/ozonefs/target/test-dir/MiniOzoneClusterImpl-083ee7b7-6048-484a-8bff-e922192676bf/datanode-1/data/ratis/e249553a-6bc5-41c9-bc25-d8ff86fc734d/current/log_inprogress_0
2019-09-20 08:26:44,094 [b15ba93f-acd0-4121-9586-decea32bb3dc-SegmentedRaftLogWorker:Storage Directory /workdir/hadoop-ozone/ozonefs/target/test-dir/MiniOzoneClusterImpl-083ee7b7-6048-484a-8bff-e922192676bf/datanode-0/data/ratis/c39bef66-0445-4d57-8a7b-3d5707e83ee3] INFO  segmented.SegmentedRaftLogWorker (SegmentedRaftLogWorker.java:execute(569)) - b15ba93f-acd0-4121-9586-decea32bb3dc-SegmentedRaftLogWorker:Storage Directory /workdir/hadoop-ozone/ozonefs/target/test-dir/MiniOzoneClusterImpl-083ee7b7-6048-484a-8bff-e922192676bf/datanode-0/data/ratis/c39bef66-0445-4d57-8a7b-3d5707e83ee3: created new log segment /workdir/hadoop-ozone/ozonefs/target/test-dir/MiniOzoneClusterImpl-083ee7b7-6048-484a-8bff-e922192676bf/datanode-0/data/ratis/c39bef66-0445-4d57-8a7b-3d5707e83ee3/current/log_inprogress_0
2019-09-20 08:26:44,095 [b15ba93f-acd0-4121-9586-decea32bb3dc:group-11ACAE9044CD:LeaderElection77] INFO  server.RaftServerConfigKeys (ConfUtils.java:logGet(43)) - raft.server.rpc.sleep.time = 25ms (default)
2019-09-20 08:26:44,094 [b15ba93f-acd0-4121-9586-decea32bb3dc:group-7F5E78A68E3D:LeaderElection78] INFO  impl.LeaderElection (LeaderElection.java:askForVotes(181)) - b15ba93f-acd0-4121-9586-decea32bb3dc:group-7F5E78A68E3D:LeaderElection78: begin an election at term 1 for -1: [b15ba93f-acd0-4121-9586-decea32bb3dc:192.168.34.27:39913], old=null
2019-09-20 08:26:44,095 [b15ba93f-acd0-4121-9586-decea32bb3dc:group-11ACAE9044CD:LeaderElection77] INFO  server.RaftServerConfigKeys (ConfUtils.java:logGet(43)) - raft.server.write.element-limit = 4096 (default)
2019-09-20 08:26:44,095 [b15ba93f-acd0-4121-9586-decea32bb3dc:group-7F5E78A68E3D:LeaderElection78] INFO  impl.RoleInfo (RoleInfo.java:shutdownLeaderElection(134)) - b15ba93f-acd0-4121-9586-decea32bb3dc: shutdown LeaderElection
2019-09-20 08:26:44,095 [b15ba93f-acd0-4121-9586-decea32bb3dc:group-11ACAE9044CD:LeaderElection77] INFO  server.RaftServerConfigKeys (ConfUtils.java:logGet(43)) - raft.server.watch.timeout = 10s (default)
2019-09-20 08:26:44,095 [b15ba93f-acd0-4121-9586-decea32bb3dc:group-7F5E78A68E3D:LeaderElection78] INFO  impl.RaftServerImpl (RaftServerImpl.java:setRole(171)) - b15ba93f-acd0-4121-9586-decea32bb3dc:group-7F5E78A68E3D changes role from CANDIDATE to LEADER at term 1 for changeToLeader
2019-09-20 08:26:44,095 [b15ba93f-acd0-4121-9586-decea32bb3dc:group-11ACAE9044CD:LeaderElection77] INFO  server.RaftServerConfigKeys (ConfUtils.java:logGet(43)) - raft.server.watch.timeout.denomination = 1s (default)
2019-09-20 08:26:44,096 [b15ba93f-acd0-4121-9586-decea32bb3dc:group-11ACAE9044CD:LeaderElection77] INFO  server.RaftServerConfigKeys (ConfUtils.java:logGet(43)) - raft.server.watch.element-limit = 65536 (default)
2019-09-20 08:26:44,096 [b15ba93f-acd0-4121-9586-decea32bb3dc:group-7F5E78A68E3D:LeaderElection78] INFO  impl.RaftServerImpl (ServerState.java:setLeader(263)) - b15ba93f-acd0-4121-9586-decea32bb3dc:group-7F5E78A68E3D change Leader from null to b15ba93f-acd0-4121-9586-decea32bb3dc at term 1 for becomeLeader, leader elected after 5178ms
2019-09-20 08:26:44,096 [b15ba93f-acd0-4121-9586-decea32bb3dc:group-11ACAE9044CD:LeaderElection77] INFO  impl.RoleInfo (RoleInfo.java:updateAndGet(143)) - b15ba93f-acd0-4121-9586-decea32bb3dc: start LeaderState
2019-09-20 08:26:44,096 [b15ba93f-acd0-4121-9586-decea32bb3dc:group-7F5E78A68E3D:LeaderElection78] INFO  server.RaftServerConfigKeys (ConfUtils.java:logGet(43)) - raft.server.staging.catchup.gap = 1000 (default)
2019-09-20 08:26:44,096 [b15ba93f-acd0-4121-9586-decea32bb3dc:group-7F5E78A68E3D:LeaderElection78] INFO  server.RaftServerConfigKeys (ConfUtils.java:logGet(43)) - raft.server.rpc.sleep.time = 25ms (default)
2019-09-20 08:26:44,096 [b15ba93f-acd0-4121-9586-decea32bb3dc:group-11ACAE9044CD:LeaderElection77] INFO  segmented.SegmentedRaftLogWorker (SegmentedRaftLogWorker.java:startLogSegment(380)) - b15ba93f-acd0-4121-9586-decea32bb3dc-SegmentedRaftLogWorker:Storage Directory /workdir/hadoop-ozone/ozonefs/target/test-dir/MiniOzoneClusterImpl-083ee7b7-6048-484a-8bff-e922192676bf/datanode-0/data/ratis/77b42eb3-7863-4e1b-a593-11acae9044cd: Starting segment from index:0
2019-09-20 08:26:44,096 [b15ba93f-acd0-4121-9586-decea32bb3dc:group-7F5E78A68E3D:LeaderElection78] INFO  server.RaftServerConfigKeys (ConfUtils.java:logGet(43)) - raft.server.write.element-limit = 4096 (default)
2019-09-20 08:26:44,097 [b15ba93f-acd0-4121-9586-decea32bb3dc:group-7F5E78A68E3D:LeaderElection78] INFO  server.RaftServerConfigKeys (ConfUtils.java:logGet(43)) - raft.server.watch.timeout = 10s (default)
2019-09-20 08:26:44,097 [b15ba93f-acd0-4121-9586-decea32bb3dc:group-7F5E78A68E3D:LeaderElection78] INFO  server.RaftServerConfigKeys (ConfUtils.java:logGet(43)) - raft.server.watch.timeout.denomination = 1s (default)
2019-09-20 08:26:44,097 [b15ba93f-acd0-4121-9586-decea32bb3dc:group-7F5E78A68E3D:LeaderElection78] INFO  server.RaftServerConfigKeys (ConfUtils.java:logGet(43)) - raft.server.watch.element-limit = 65536 (default)
2019-09-20 08:26:44,097 [b15ba93f-acd0-4121-9586-decea32bb3dc:group-11ACAE9044CD:LeaderElection77] INFO  impl.RaftServerImpl (ServerState.java:setRaftConf(361)) - b15ba93f-acd0-4121-9586-decea32bb3dc:group-11ACAE9044CD set configuration 0: [b15ba93f-acd0-4121-9586-decea32bb3dc:192.168.34.27:39913], old=null at 0
2019-09-20 08:26:44,097 [b15ba93f-acd0-4121-9586-decea32bb3dc:group-7F5E78A68E3D:LeaderElection78] INFO  impl.RoleInfo (RoleInfo.java:updateAndGet(143)) - b15ba93f-acd0-4121-9586-decea32bb3dc: start LeaderState
2019-09-20 08:26:44,097 [b15ba93f-acd0-4121-9586-decea32bb3dc:group-7F5E78A68E3D:LeaderElection78] INFO  segmented.SegmentedRaftLogWorker (SegmentedRaftLogWorker.java:startLogSegment(380)) - b15ba93f-acd0-4121-9586-decea32bb3dc-SegmentedRaftLogWorker:Storage Directory /workdir/hadoop-ozone/ozonefs/target/test-dir/MiniOzoneClusterImpl-083ee7b7-6048-484a-8bff-e922192676bf/datanode-0/data/ratis/5d208329-4735-4664-8687-7f5e78a68e3d: Starting segment from index:0
2019-09-20 08:26:44,098 [b15ba93f-acd0-4121-9586-decea32bb3dc:group-7F5E78A68E3D:LeaderElection78] INFO  impl.RaftServerImpl (ServerState.java:setRaftConf(361)) - b15ba93f-acd0-4121-9586-decea32bb3dc:group-7F5E78A68E3D set configuration 0: [b15ba93f-acd0-4121-9586-decea32bb3dc:192.168.34.27:39913], old=null at 0
2019-09-20 08:26:44,121 [b15ba93f-acd0-4121-9586-decea32bb3dc-SegmentedRaftLogWorker:Storage Directory /workdir/hadoop-ozone/ozonefs/target/test-dir/MiniOzoneClusterImpl-083ee7b7-6048-484a-8bff-e922192676bf/datanode-0/data/ratis/892a5eb4-cb99-4a6e-ac8b-9c5407ba5540] INFO  segmented.SegmentedRaftLogWorker (SegmentedRaftLogWorker.java:execute(569)) - b15ba93f-acd0-4121-9586-decea32bb3dc-SegmentedRaftLogWorker:Storage Directory /workdir/hadoop-ozone/ozonefs/target/test-dir/MiniOzoneClusterImpl-083ee7b7-6048-484a-8bff-e922192676bf/datanode-0/data/ratis/892a5eb4-cb99-4a6e-ac8b-9c5407ba5540: created new log segment /workdir/hadoop-ozone/ozonefs/target/test-dir/MiniOzoneClusterImpl-083ee7b7-6048-484a-8bff-e922192676bf/datanode-0/data/ratis/892a5eb4-cb99-4a6e-ac8b-9c5407ba5540/current/log_inprogress_0
2019-09-20 08:26:44,134 [b15ba93f-acd0-4121-9586-decea32bb3dc-SegmentedRaftLogWorker:Storage Directory /workdir/hadoop-ozone/ozonefs/target/test-dir/MiniOzoneClusterImpl-083ee7b7-6048-484a-8bff-e922192676bf/datanode-0/data/ratis/5d208329-4735-4664-8687-7f5e78a68e3d] INFO  segmented.SegmentedRaftLogWorker (SegmentedRaftLogWorker.java:execute(569)) - b15ba93f-acd0-4121-9586-decea32bb3dc-SegmentedRaftLogWorker:Storage Directory /workdir/hadoop-ozone/ozonefs/target/test-dir/MiniOzoneClusterImpl-083ee7b7-6048-484a-8bff-e922192676bf/datanode-0/data/ratis/5d208329-4735-4664-8687-7f5e78a68e3d: created new log segment /workdir/hadoop-ozone/ozonefs/target/test-dir/MiniOzoneClusterImpl-083ee7b7-6048-484a-8bff-e922192676bf/datanode-0/data/ratis/5d208329-4735-4664-8687-7f5e78a68e3d/current/log_inprogress_0
2019-09-20 08:26:44,137 [b15ba93f-acd0-4121-9586-decea32bb3dc-SegmentedRaftLogWorker:Storage Directory /workdir/hadoop-ozone/ozonefs/target/test-dir/MiniOzoneClusterImpl-083ee7b7-6048-484a-8bff-e922192676bf/datanode-0/data/ratis/77b42eb3-7863-4e1b-a593-11acae9044cd] INFO  segmented.SegmentedRaftLogWorker (SegmentedRaftLogWorker.java:execute(569)) - b15ba93f-acd0-4121-9586-decea32bb3dc-SegmentedRaftLogWorker:Storage Directory /workdir/hadoop-ozone/ozonefs/target/test-dir/MiniOzoneClusterImpl-083ee7b7-6048-484a-8bff-e922192676bf/datanode-0/data/ratis/77b42eb3-7863-4e1b-a593-11acae9044cd: created new log segment /workdir/hadoop-ozone/ozonefs/target/test-dir/MiniOzoneClusterImpl-083ee7b7-6048-484a-8bff-e922192676bf/datanode-0/data/ratis/77b42eb3-7863-4e1b-a593-11acae9044cd/current/log_inprogress_0
2019-09-20 08:26:44,143 | INFO  | SCMAudit | user=jenkins1000 | ip=192.168.34.27 | op=SEND_HEARTBEAT {datanodeUUID=fb5436b4-0441-4af7-ac3c-617f70818dc1, command=[]} | ret=SUCCESS |  
2019-09-20 08:26:44,144 [Thread-1268] INFO  impl.FollowerState (FollowerState.java:run(106)) - 450b4a05-ccf1-4a74-b0e9-8f60a565bcdf:group-EF9A9D5D0A8F changes to CANDIDATE, lastRpcTime:5125, electionTimeout:5125ms
2019-09-20 08:26:44,144 [Thread-1268] INFO  impl.RoleInfo (RoleInfo.java:shutdownFollowerState(121)) - 450b4a05-ccf1-4a74-b0e9-8f60a565bcdf: shutdown FollowerState
2019-09-20 08:26:44,145 [Thread-1268] INFO  impl.RaftServerImpl (RaftServerImpl.java:setRole(171)) - 450b4a05-ccf1-4a74-b0e9-8f60a565bcdf:group-EF9A9D5D0A8F changes role from FOLLOWER to CANDIDATE at term 0 for changeToCandidate
2019-09-20 08:26:44,145 [Thread-1268] INFO  impl.RoleInfo (RoleInfo.java:updateAndGet(143)) - 450b4a05-ccf1-4a74-b0e9-8f60a565bcdf: start LeaderElection
2019-09-20 08:26:44,148 [450b4a05-ccf1-4a74-b0e9-8f60a565bcdf:group-EF9A9D5D0A8F:LeaderElection79] INFO  impl.LeaderElection (LeaderElection.java:askForVotes(181)) - 450b4a05-ccf1-4a74-b0e9-8f60a565bcdf:group-EF9A9D5D0A8F:LeaderElection79: begin an election at term 1 for -1: [450b4a05-ccf1-4a74-b0e9-8f60a565bcdf:192.168.34.27:32870], old=null
2019-09-20 08:26:44,148 [450b4a05-ccf1-4a74-b0e9-8f60a565bcdf:group-EF9A9D5D0A8F:LeaderElection79] INFO  impl.RoleInfo (RoleInfo.java:shutdownLeaderElection(134)) - 450b4a05-ccf1-4a74-b0e9-8f60a565bcdf: shutdown LeaderElection
2019-09-20 08:26:44,148 [450b4a05-ccf1-4a74-b0e9-8f60a565bcdf:group-EF9A9D5D0A8F:LeaderElection79] INFO  impl.RaftServerImpl (RaftServerImpl.java:setRole(171)) - 450b4a05-ccf1-4a74-b0e9-8f60a565bcdf:group-EF9A9D5D0A8F changes role from CANDIDATE to LEADER at term 1 for changeToLeader
2019-09-20 08:26:44,148 [450b4a05-ccf1-4a74-b0e9-8f60a565bcdf:group-EF9A9D5D0A8F:LeaderElection79] INFO  impl.RaftServerImpl (ServerState.java:setLeader(263)) - 450b4a05-ccf1-4a74-b0e9-8f60a565bcdf:group-EF9A9D5D0A8F change Leader from null to 450b4a05-ccf1-4a74-b0e9-8f60a565bcdf at term 1 for becomeLeader, leader elected after 5132ms
2019-09-20 08:26:44,149 [450b4a05-ccf1-4a74-b0e9-8f60a565bcdf:group-EF9A9D5D0A8F:LeaderElection79] INFO  server.RaftServerConfigKeys (ConfUtils.java:logGet(43)) - raft.server.staging.catchup.gap = 1000 (default)
2019-09-20 08:26:44,149 [450b4a05-ccf1-4a74-b0e9-8f60a565bcdf:group-EF9A9D5D0A8F:LeaderElection79] INFO  server.RaftServerConfigKeys (ConfUtils.java:logGet(43)) - raft.server.rpc.sleep.time = 25ms (default)
2019-09-20 08:26:44,149 [450b4a05-ccf1-4a74-b0e9-8f60a565bcdf:group-EF9A9D5D0A8F:LeaderElection79] INFO  server.RaftServerConfigKeys (ConfUtils.java:logGet(43)) - raft.server.write.element-limit = 4096 (default)
2019-09-20 08:26:44,149 [450b4a05-ccf1-4a74-b0e9-8f60a565bcdf:group-EF9A9D5D0A8F:LeaderElection79] INFO  server.RaftServerConfigKeys (ConfUtils.java:logGet(43)) - raft.server.watch.timeout = 10s (default)
2019-09-20 08:26:44,149 [450b4a05-ccf1-4a74-b0e9-8f60a565bcdf:group-EF9A9D5D0A8F:LeaderElection79] INFO  server.RaftServerConfigKeys (ConfUtils.java:logGet(43)) - raft.server.watch.timeout.denomination = 1s (default)
2019-09-20 08:26:44,149 [450b4a05-ccf1-4a74-b0e9-8f60a565bcdf:group-EF9A9D5D0A8F:LeaderElection79] INFO  server.RaftServerConfigKeys (ConfUtils.java:logGet(43)) - raft.server.watch.element-limit = 65536 (default)
2019-09-20 08:26:44,149 [450b4a05-ccf1-4a74-b0e9-8f60a565bcdf:group-EF9A9D5D0A8F:LeaderElection79] INFO  impl.RoleInfo (RoleInfo.java:updateAndGet(143)) - 450b4a05-ccf1-4a74-b0e9-8f60a565bcdf: start LeaderState
2019-09-20 08:26:44,150 [450b4a05-ccf1-4a74-b0e9-8f60a565bcdf:group-EF9A9D5D0A8F:LeaderElection79] INFO  segmented.SegmentedRaftLogWorker (SegmentedRaftLogWorker.java:startLogSegment(380)) - 450b4a05-ccf1-4a74-b0e9-8f60a565bcdf-SegmentedRaftLogWorker:Storage Directory /workdir/hadoop-ozone/ozonefs/target/test-dir/MiniOzoneClusterImpl-083ee7b7-6048-484a-8bff-e922192676bf/datanode-1/data/ratis/dc74f215-8c66-4965-b9b4-ef9a9d5d0a8f: Starting segment from index:0
2019-09-20 08:26:44,150 [450b4a05-ccf1-4a74-b0e9-8f60a565bcdf:group-EF9A9D5D0A8F:LeaderElection79] INFO  impl.RaftServerImpl (ServerState.java:setRaftConf(361)) - 450b4a05-ccf1-4a74-b0e9-8f60a565bcdf:group-EF9A9D5D0A8F set configuration 0: [450b4a05-ccf1-4a74-b0e9-8f60a565bcdf:192.168.34.27:32870], old=null at 0
2019-09-20 08:26:44,160 [Thread-1262] INFO  impl.FollowerState (FollowerState.java:run(106)) - 450b4a05-ccf1-4a74-b0e9-8f60a565bcdf:group-5779A9D8903C changes to CANDIDATE, lastRpcTime:5179, electionTimeout:5179ms
2019-09-20 08:26:44,160 [Thread-1262] INFO  impl.RoleInfo (RoleInfo.java:shutdownFollowerState(121)) - 450b4a05-ccf1-4a74-b0e9-8f60a565bcdf: shutdown FollowerState
2019-09-20 08:26:44,160 [Thread-1262] INFO  impl.RaftServerImpl (RaftServerImpl.java:setRole(171)) - 450b4a05-ccf1-4a74-b0e9-8f60a565bcdf:group-5779A9D8903C changes role from FOLLOWER to CANDIDATE at term 0 for changeToCandidate
2019-09-20 08:26:44,160 [Thread-1262] INFO  impl.RoleInfo (RoleInfo.java:updateAndGet(143)) - 450b4a05-ccf1-4a74-b0e9-8f60a565bcdf: start LeaderElection
2019-09-20 08:26:44,164 [450b4a05-ccf1-4a74-b0e9-8f60a565bcdf:group-5779A9D8903C:LeaderElection80] INFO  impl.LeaderElection (LeaderElection.java:askForVotes(181)) - 450b4a05-ccf1-4a74-b0e9-8f60a565bcdf:group-5779A9D8903C:LeaderElection80: begin an election at term 1 for -1: [450b4a05-ccf1-4a74-b0e9-8f60a565bcdf:192.168.34.27:32870], old=null
2019-09-20 08:26:44,164 [450b4a05-ccf1-4a74-b0e9-8f60a565bcdf:group-5779A9D8903C:LeaderElection80] INFO  impl.RoleInfo (RoleInfo.java:shutdownLeaderElection(134)) - 450b4a05-ccf1-4a74-b0e9-8f60a565bcdf: shutdown LeaderElection
2019-09-20 08:26:44,164 [450b4a05-ccf1-4a74-b0e9-8f60a565bcdf:group-5779A9D8903C:LeaderElection80] INFO  impl.RaftServerImpl (RaftServerImpl.java:setRole(171)) - 450b4a05-ccf1-4a74-b0e9-8f60a565bcdf:group-5779A9D8903C changes role from CANDIDATE to LEADER at term 1 for changeToLeader
2019-09-20 08:26:44,164 [450b4a05-ccf1-4a74-b0e9-8f60a565bcdf:group-5779A9D8903C:LeaderElection80] INFO  impl.RaftServerImpl (ServerState.java:setLeader(263)) - 450b4a05-ccf1-4a74-b0e9-8f60a565bcdf:group-5779A9D8903C change Leader from null to 450b4a05-ccf1-4a74-b0e9-8f60a565bcdf at term 1 for becomeLeader, leader elected after 5186ms
2019-09-20 08:26:44,164 [450b4a05-ccf1-4a74-b0e9-8f60a565bcdf:group-5779A9D8903C:LeaderElection80] INFO  server.RaftServerConfigKeys (ConfUtils.java:logGet(43)) - raft.server.staging.catchup.gap = 1000 (default)
2019-09-20 08:26:44,164 [450b4a05-ccf1-4a74-b0e9-8f60a565bcdf:group-5779A9D8903C:LeaderElection80] INFO  server.RaftServerConfigKeys (ConfUtils.java:logGet(43)) - raft.server.rpc.sleep.time = 25ms (default)
2019-09-20 08:26:44,165 [450b4a05-ccf1-4a74-b0e9-8f60a565bcdf:group-5779A9D8903C:LeaderElection80] INFO  server.RaftServerConfigKeys (ConfUtils.java:logGet(43)) - raft.server.write.element-limit = 4096 (default)
2019-09-20 08:26:44,165 [450b4a05-ccf1-4a74-b0e9-8f60a565bcdf:group-5779A9D8903C:LeaderElection80] INFO  server.RaftServerConfigKeys (ConfUtils.java:logGet(43)) - raft.server.watch.timeout = 10s (default)
2019-09-20 08:26:44,165 [450b4a05-ccf1-4a74-b0e9-8f60a565bcdf:group-5779A9D8903C:LeaderElection80] INFO  server.RaftServerConfigKeys (ConfUtils.java:logGet(43)) - raft.server.watch.timeout.denomination = 1s (default)
2019-09-20 08:26:44,165 [450b4a05-ccf1-4a74-b0e9-8f60a565bcdf:group-5779A9D8903C:LeaderElection80] INFO  server.RaftServerConfigKeys (ConfUtils.java:logGet(43)) - raft.server.watch.element-limit = 65536 (default)
2019-09-20 08:26:44,165 [450b4a05-ccf1-4a74-b0e9-8f60a565bcdf:group-5779A9D8903C:LeaderElection80] INFO  impl.RoleInfo (RoleInfo.java:updateAndGet(143)) - 450b4a05-ccf1-4a74-b0e9-8f60a565bcdf: start LeaderState
2019-09-20 08:26:44,165 [450b4a05-ccf1-4a74-b0e9-8f60a565bcdf:group-5779A9D8903C:LeaderElection80] INFO  segmented.SegmentedRaftLogWorker (SegmentedRaftLogWorker.java:startLogSegment(380)) - 450b4a05-ccf1-4a74-b0e9-8f60a565bcdf-SegmentedRaftLogWorker:Storage Directory /workdir/hadoop-ozone/ozonefs/target/test-dir/MiniOzoneClusterImpl-083ee7b7-6048-484a-8bff-e922192676bf/datanode-1/data/ratis/2ab3539e-f2db-4f01-b450-5779a9d8903c: Starting segment from index:0
2019-09-20 08:26:44,166 [450b4a05-ccf1-4a74-b0e9-8f60a565bcdf:group-5779A9D8903C:LeaderElection80] INFO  impl.RaftServerImpl (ServerState.java:setRaftConf(361)) - 450b4a05-ccf1-4a74-b0e9-8f60a565bcdf:group-5779A9D8903C set configuration 0: [450b4a05-ccf1-4a74-b0e9-8f60a565bcdf:192.168.34.27:32870], old=null at 0
2019-09-20 08:26:44,174 [Thread-1277] INFO  impl.FollowerState (FollowerState.java:run(106)) - 450b4a05-ccf1-4a74-b0e9-8f60a565bcdf:group-745834E80712 changes to CANDIDATE, lastRpcTime:5069, electionTimeout:5069ms
2019-09-20 08:26:44,174 [Thread-1277] INFO  impl.RoleInfo (RoleInfo.java:shutdownFollowerState(121)) - 450b4a05-ccf1-4a74-b0e9-8f60a565bcdf: shutdown FollowerState
2019-09-20 08:26:44,174 [Thread-1277] INFO  impl.RaftServerImpl (RaftServerImpl.java:setRole(171)) - 450b4a05-ccf1-4a74-b0e9-8f60a565bcdf:group-745834E80712 changes role from FOLLOWER to CANDIDATE at term 0 for changeToCandidate
2019-09-20 08:26:44,174 [Thread-1277] INFO  impl.RoleInfo (RoleInfo.java:updateAndGet(143)) - 450b4a05-ccf1-4a74-b0e9-8f60a565bcdf: start LeaderElection
2019-09-20 08:26:44,175 [Thread-1274] INFO  impl.FollowerState (FollowerState.java:run(106)) - 450b4a05-ccf1-4a74-b0e9-8f60a565bcdf:group-0B15C756D3DC changes to CANDIDATE, lastRpcTime:5118, electionTimeout:5118ms
2019-09-20 08:26:44,176 [Thread-1274] INFO  impl.RoleInfo (RoleInfo.java:shutdownFollowerState(121)) - 450b4a05-ccf1-4a74-b0e9-8f60a565bcdf: shutdown FollowerState
2019-09-20 08:26:44,176 [Thread-1274] INFO  impl.RaftServerImpl (RaftServerImpl.java:setRole(171)) - 450b4a05-ccf1-4a74-b0e9-8f60a565bcdf:group-0B15C756D3DC changes role from FOLLOWER to CANDIDATE at term 0 for changeToCandidate
2019-09-20 08:26:44,176 [Thread-1274] INFO  impl.RoleInfo (RoleInfo.java:updateAndGet(143)) - 450b4a05-ccf1-4a74-b0e9-8f60a565bcdf: start LeaderElection
2019-09-20 08:26:44,181 [450b4a05-ccf1-4a74-b0e9-8f60a565bcdf:group-745834E80712:LeaderElection81] INFO  impl.LeaderElection (LeaderElection.java:askForVotes(181)) - 450b4a05-ccf1-4a74-b0e9-8f60a565bcdf:group-745834E80712:LeaderElection81: begin an election at term 1 for -1: [450b4a05-ccf1-4a74-b0e9-8f60a565bcdf:192.168.34.27:32870], old=null
2019-09-20 08:26:44,181 [450b4a05-ccf1-4a74-b0e9-8f60a565bcdf:group-0B15C756D3DC:LeaderElection82] INFO  impl.LeaderElection (LeaderElection.java:askForVotes(181)) - 450b4a05-ccf1-4a74-b0e9-8f60a565bcdf:group-0B15C756D3DC:LeaderElection82: begin an election at term 1 for -1: [450b4a05-ccf1-4a74-b0e9-8f60a565bcdf:192.168.34.27:32870], old=null
2019-09-20 08:26:44,182 [450b4a05-ccf1-4a74-b0e9-8f60a565bcdf:group-745834E80712:LeaderElection81] INFO  impl.RoleInfo (RoleInfo.java:shutdownLeaderElection(134)) - 450b4a05-ccf1-4a74-b0e9-8f60a565bcdf: shutdown LeaderElection
2019-09-20 08:26:44,182 [450b4a05-ccf1-4a74-b0e9-8f60a565bcdf:group-0B15C756D3DC:LeaderElection82] INFO  impl.RoleInfo (RoleInfo.java:shutdownLeaderElection(134)) - 450b4a05-ccf1-4a74-b0e9-8f60a565bcdf: shutdown LeaderElection
2019-09-20 08:26:44,182 [450b4a05-ccf1-4a74-b0e9-8f60a565bcdf:group-745834E80712:LeaderElection81] INFO  impl.RaftServerImpl (RaftServerImpl.java:setRole(171)) - 450b4a05-ccf1-4a74-b0e9-8f60a565bcdf:group-745834E80712 changes role from CANDIDATE to LEADER at term 1 for changeToLeader
2019-09-20 08:26:44,182 [450b4a05-ccf1-4a74-b0e9-8f60a565bcdf:group-0B15C756D3DC:LeaderElection82] INFO  impl.RaftServerImpl (RaftServerImpl.java:setRole(171)) - 450b4a05-ccf1-4a74-b0e9-8f60a565bcdf:group-0B15C756D3DC changes role from CANDIDATE to LEADER at term 1 for changeToLeader
2019-09-20 08:26:44,182 [450b4a05-ccf1-4a74-b0e9-8f60a565bcdf:group-745834E80712:LeaderElection81] INFO  impl.RaftServerImpl (ServerState.java:setLeader(263)) - 450b4a05-ccf1-4a74-b0e9-8f60a565bcdf:group-745834E80712 change Leader from null to 450b4a05-ccf1-4a74-b0e9-8f60a565bcdf at term 1 for becomeLeader, leader elected after 5079ms
2019-09-20 08:26:44,182 [450b4a05-ccf1-4a74-b0e9-8f60a565bcdf:group-0B15C756D3DC:LeaderElection82] INFO  impl.RaftServerImpl (ServerState.java:setLeader(263)) - 450b4a05-ccf1-4a74-b0e9-8f60a565bcdf:group-0B15C756D3DC change Leader from null to 450b4a05-ccf1-4a74-b0e9-8f60a565bcdf at term 1 for becomeLeader, leader elected after 5127ms
2019-09-20 08:26:44,182 [450b4a05-ccf1-4a74-b0e9-8f60a565bcdf:group-745834E80712:LeaderElection81] INFO  server.RaftServerConfigKeys (ConfUtils.java:logGet(43)) - raft.server.staging.catchup.gap = 1000 (default)
2019-09-20 08:26:44,182 [450b4a05-ccf1-4a74-b0e9-8f60a565bcdf:group-0B15C756D3DC:LeaderElection82] INFO  server.RaftServerConfigKeys (ConfUtils.java:logGet(43)) - raft.server.staging.catchup.gap = 1000 (default)
2019-09-20 08:26:44,182 [450b4a05-ccf1-4a74-b0e9-8f60a565bcdf:group-745834E80712:LeaderElection81] INFO  server.RaftServerConfigKeys (ConfUtils.java:logGet(43)) - raft.server.rpc.sleep.time = 25ms (default)
2019-09-20 08:26:44,183 [450b4a05-ccf1-4a74-b0e9-8f60a565bcdf:group-0B15C756D3DC:LeaderElection82] INFO  server.RaftServerConfigKeys (ConfUtils.java:logGet(43)) - raft.server.rpc.sleep.time = 25ms (default)
2019-09-20 08:26:44,183 [450b4a05-ccf1-4a74-b0e9-8f60a565bcdf:group-745834E80712:LeaderElection81] INFO  server.RaftServerConfigKeys (ConfUtils.java:logGet(43)) - raft.server.write.element-limit = 4096 (default)
2019-09-20 08:26:44,183 [450b4a05-ccf1-4a74-b0e9-8f60a565bcdf:group-0B15C756D3DC:LeaderElection82] INFO  server.RaftServerConfigKeys (ConfUtils.java:logGet(43)) - raft.server.write.element-limit = 4096 (default)
2019-09-20 08:26:44,183 [450b4a05-ccf1-4a74-b0e9-8f60a565bcdf:group-745834E80712:LeaderElection81] INFO  server.RaftServerConfigKeys (ConfUtils.java:logGet(43)) - raft.server.watch.timeout = 10s (default)
2019-09-20 08:26:44,183 [450b4a05-ccf1-4a74-b0e9-8f60a565bcdf:group-0B15C756D3DC:LeaderElection82] INFO  server.RaftServerConfigKeys (ConfUtils.java:logGet(43)) - raft.server.watch.timeout = 10s (default)
2019-09-20 08:26:44,183 [450b4a05-ccf1-4a74-b0e9-8f60a565bcdf:group-745834E80712:LeaderElection81] INFO  server.RaftServerConfigKeys (ConfUtils.java:logGet(43)) - raft.server.watch.timeout.denomination = 1s (default)
2019-09-20 08:26:44,183 [450b4a05-ccf1-4a74-b0e9-8f60a565bcdf:group-0B15C756D3DC:LeaderElection82] INFO  server.RaftServerConfigKeys (ConfUtils.java:logGet(43)) - raft.server.watch.timeout.denomination = 1s (default)
2019-09-20 08:26:44,183 [450b4a05-ccf1-4a74-b0e9-8f60a565bcdf:group-745834E80712:LeaderElection81] INFO  server.RaftServerConfigKeys (ConfUtils.java:logGet(43)) - raft.server.watch.element-limit = 65536 (default)
2019-09-20 08:26:44,183 [450b4a05-ccf1-4a74-b0e9-8f60a565bcdf:group-0B15C756D3DC:LeaderElection82] INFO  server.RaftServerConfigKeys (ConfUtils.java:logGet(43)) - raft.server.watch.element-limit = 65536 (default)
2019-09-20 08:26:44,184 [450b4a05-ccf1-4a74-b0e9-8f60a565bcdf:group-745834E80712:LeaderElection81] INFO  impl.RoleInfo (RoleInfo.java:updateAndGet(143)) - 450b4a05-ccf1-4a74-b0e9-8f60a565bcdf: start LeaderState
2019-09-20 08:26:44,184 [450b4a05-ccf1-4a74-b0e9-8f60a565bcdf:group-0B15C756D3DC:LeaderElection82] INFO  impl.RoleInfo (RoleInfo.java:updateAndGet(143)) - 450b4a05-ccf1-4a74-b0e9-8f60a565bcdf: start LeaderState
2019-09-20 08:26:44,184 [450b4a05-ccf1-4a74-b0e9-8f60a565bcdf:group-745834E80712:LeaderElection81] INFO  segmented.SegmentedRaftLogWorker (SegmentedRaftLogWorker.java:startLogSegment(380)) - 450b4a05-ccf1-4a74-b0e9-8f60a565bcdf-SegmentedRaftLogWorker:Storage Directory /workdir/hadoop-ozone/ozonefs/target/test-dir/MiniOzoneClusterImpl-083ee7b7-6048-484a-8bff-e922192676bf/datanode-1/data/ratis/82783891-57d6-4439-bebb-745834e80712: Starting segment from index:0
2019-09-20 08:26:44,184 [450b4a05-ccf1-4a74-b0e9-8f60a565bcdf:group-0B15C756D3DC:LeaderElection82] INFO  segmented.SegmentedRaftLogWorker (SegmentedRaftLogWorker.java:startLogSegment(380)) - 450b4a05-ccf1-4a74-b0e9-8f60a565bcdf-SegmentedRaftLogWorker:Storage Directory /workdir/hadoop-ozone/ozonefs/target/test-dir/MiniOzoneClusterImpl-083ee7b7-6048-484a-8bff-e922192676bf/datanode-1/data/ratis/93263cbb-0bea-454d-aef6-0b15c756d3dc: Starting segment from index:0
2019-09-20 08:26:44,184 [450b4a05-ccf1-4a74-b0e9-8f60a565bcdf-SegmentedRaftLogWorker:Storage Directory /workdir/hadoop-ozone/ozonefs/target/test-dir/MiniOzoneClusterImpl-083ee7b7-6048-484a-8bff-e922192676bf/datanode-1/data/ratis/dc74f215-8c66-4965-b9b4-ef9a9d5d0a8f] INFO  segmented.SegmentedRaftLogWorker (SegmentedRaftLogWorker.java:execute(569)) - 450b4a05-ccf1-4a74-b0e9-8f60a565bcdf-SegmentedRaftLogWorker:Storage Directory /workdir/hadoop-ozone/ozonefs/target/test-dir/MiniOzoneClusterImpl-083ee7b7-6048-484a-8bff-e922192676bf/datanode-1/data/ratis/dc74f215-8c66-4965-b9b4-ef9a9d5d0a8f: created new log segment /workdir/hadoop-ozone/ozonefs/target/test-dir/MiniOzoneClusterImpl-083ee7b7-6048-484a-8bff-e922192676bf/datanode-1/data/ratis/dc74f215-8c66-4965-b9b4-ef9a9d5d0a8f/current/log_inprogress_0
2019-09-20 08:26:44,184 [450b4a05-ccf1-4a74-b0e9-8f60a565bcdf:group-745834E80712:LeaderElection81] INFO  impl.RaftServerImpl (ServerState.java:setRaftConf(361)) - 450b4a05-ccf1-4a74-b0e9-8f60a565bcdf:group-745834E80712 set configuration 0: [450b4a05-ccf1-4a74-b0e9-8f60a565bcdf:192.168.34.27:32870], old=null at 0
2019-09-20 08:26:44,185 [450b4a05-ccf1-4a74-b0e9-8f60a565bcdf:group-0B15C756D3DC:LeaderElection82] INFO  impl.RaftServerImpl (ServerState.java:setRaftConf(361)) - 450b4a05-ccf1-4a74-b0e9-8f60a565bcdf:group-0B15C756D3DC set configuration 0: [450b4a05-ccf1-4a74-b0e9-8f60a565bcdf:192.168.34.27:32870], old=null at 0
2019-09-20 08:26:44,199 [450b4a05-ccf1-4a74-b0e9-8f60a565bcdf-SegmentedRaftLogWorker:Storage Directory /workdir/hadoop-ozone/ozonefs/target/test-dir/MiniOzoneClusterImpl-083ee7b7-6048-484a-8bff-e922192676bf/datanode-1/data/ratis/2ab3539e-f2db-4f01-b450-5779a9d8903c] INFO  segmented.SegmentedRaftLogWorker (SegmentedRaftLogWorker.java:execute(569)) - 450b4a05-ccf1-4a74-b0e9-8f60a565bcdf-SegmentedRaftLogWorker:Storage Directory /workdir/hadoop-ozone/ozonefs/target/test-dir/MiniOzoneClusterImpl-083ee7b7-6048-484a-8bff-e922192676bf/datanode-1/data/ratis/2ab3539e-f2db-4f01-b450-5779a9d8903c: created new log segment /workdir/hadoop-ozone/ozonefs/target/test-dir/MiniOzoneClusterImpl-083ee7b7-6048-484a-8bff-e922192676bf/datanode-1/data/ratis/2ab3539e-f2db-4f01-b450-5779a9d8903c/current/log_inprogress_0
2019-09-20 08:26:44,215 [450b4a05-ccf1-4a74-b0e9-8f60a565bcdf-SegmentedRaftLogWorker:Storage Directory /workdir/hadoop-ozone/ozonefs/target/test-dir/MiniOzoneClusterImpl-083ee7b7-6048-484a-8bff-e922192676bf/datanode-1/data/ratis/82783891-57d6-4439-bebb-745834e80712] INFO  segmented.SegmentedRaftLogWorker (SegmentedRaftLogWorker.java:execute(569)) - 450b4a05-ccf1-4a74-b0e9-8f60a565bcdf-SegmentedRaftLogWorker:Storage Directory /workdir/hadoop-ozone/ozonefs/target/test-dir/MiniOzoneClusterImpl-083ee7b7-6048-484a-8bff-e922192676bf/datanode-1/data/ratis/82783891-57d6-4439-bebb-745834e80712: created new log segment /workdir/hadoop-ozone/ozonefs/target/test-dir/MiniOzoneClusterImpl-083ee7b7-6048-484a-8bff-e922192676bf/datanode-1/data/ratis/82783891-57d6-4439-bebb-745834e80712/current/log_inprogress_0
2019-09-20 08:26:44,220 [450b4a05-ccf1-4a74-b0e9-8f60a565bcdf-SegmentedRaftLogWorker:Storage Directory /workdir/hadoop-ozone/ozonefs/target/test-dir/MiniOzoneClusterImpl-083ee7b7-6048-484a-8bff-e922192676bf/datanode-1/data/ratis/93263cbb-0bea-454d-aef6-0b15c756d3dc] INFO  segmented.SegmentedRaftLogWorker (SegmentedRaftLogWorker.java:execute(569)) - 450b4a05-ccf1-4a74-b0e9-8f60a565bcdf-SegmentedRaftLogWorker:Storage Directory /workdir/hadoop-ozone/ozonefs/target/test-dir/MiniOzoneClusterImpl-083ee7b7-6048-484a-8bff-e922192676bf/datanode-1/data/ratis/93263cbb-0bea-454d-aef6-0b15c756d3dc: created new log segment /workdir/hadoop-ozone/ozonefs/target/test-dir/MiniOzoneClusterImpl-083ee7b7-6048-484a-8bff-e922192676bf/datanode-1/data/ratis/93263cbb-0bea-454d-aef6-0b15c756d3dc/current/log_inprogress_0
2019-09-20 08:26:44,230 [Thread-1271] INFO  impl.FollowerState (FollowerState.java:run(106)) - 450b4a05-ccf1-4a74-b0e9-8f60a565bcdf:group-EFA316AEC1B3 changes to CANDIDATE, lastRpcTime:5191, electionTimeout:5191ms
2019-09-20 08:26:44,230 [Thread-1271] INFO  impl.RoleInfo (RoleInfo.java:shutdownFollowerState(121)) - 450b4a05-ccf1-4a74-b0e9-8f60a565bcdf: shutdown FollowerState
2019-09-20 08:26:44,231 [Thread-1271] INFO  impl.RaftServerImpl (RaftServerImpl.java:setRole(171)) - 450b4a05-ccf1-4a74-b0e9-8f60a565bcdf:group-EFA316AEC1B3 changes role from FOLLOWER to CANDIDATE at term 0 for changeToCandidate
2019-09-20 08:26:44,231 [Thread-1271] INFO  impl.RoleInfo (RoleInfo.java:updateAndGet(143)) - 450b4a05-ccf1-4a74-b0e9-8f60a565bcdf: start LeaderElection
2019-09-20 08:26:44,235 [450b4a05-ccf1-4a74-b0e9-8f60a565bcdf:group-EFA316AEC1B3:LeaderElection83] INFO  impl.LeaderElection (LeaderElection.java:askForVotes(181)) - 450b4a05-ccf1-4a74-b0e9-8f60a565bcdf:group-EFA316AEC1B3:LeaderElection83: begin an election at term 1 for -1: [450b4a05-ccf1-4a74-b0e9-8f60a565bcdf:192.168.34.27:32870], old=null
2019-09-20 08:26:44,235 [450b4a05-ccf1-4a74-b0e9-8f60a565bcdf:group-EFA316AEC1B3:LeaderElection83] INFO  impl.RoleInfo (RoleInfo.java:shutdownLeaderElection(134)) - 450b4a05-ccf1-4a74-b0e9-8f60a565bcdf: shutdown LeaderElection
2019-09-20 08:26:44,235 [450b4a05-ccf1-4a74-b0e9-8f60a565bcdf:group-EFA316AEC1B3:LeaderElection83] INFO  impl.RaftServerImpl (RaftServerImpl.java:setRole(171)) - 450b4a05-ccf1-4a74-b0e9-8f60a565bcdf:group-EFA316AEC1B3 changes role from CANDIDATE to LEADER at term 1 for changeToLeader
2019-09-20 08:26:44,235 [450b4a05-ccf1-4a74-b0e9-8f60a565bcdf:group-EFA316AEC1B3:LeaderElection83] INFO  impl.RaftServerImpl (ServerState.java:setLeader(263)) - 450b4a05-ccf1-4a74-b0e9-8f60a565bcdf:group-EFA316AEC1B3 change Leader from null to 450b4a05-ccf1-4a74-b0e9-8f60a565bcdf at term 1 for becomeLeader, leader elected after 5198ms
2019-09-20 08:26:44,235 [450b4a05-ccf1-4a74-b0e9-8f60a565bcdf:group-EFA316AEC1B3:LeaderElection83] INFO  server.RaftServerConfigKeys (ConfUtils.java:logGet(43)) - raft.server.staging.catchup.gap = 1000 (default)
2019-09-20 08:26:44,235 [450b4a05-ccf1-4a74-b0e9-8f60a565bcdf:group-EFA316AEC1B3:LeaderElection83] INFO  server.RaftServerConfigKeys (ConfUtils.java:logGet(43)) - raft.server.rpc.sleep.time = 25ms (default)
2019-09-20 08:26:44,235 [450b4a05-ccf1-4a74-b0e9-8f60a565bcdf:group-EFA316AEC1B3:LeaderElection83] INFO  server.RaftServerConfigKeys (ConfUtils.java:logGet(43)) - raft.server.write.element-limit = 4096 (default)
2019-09-20 08:26:44,235 [450b4a05-ccf1-4a74-b0e9-8f60a565bcdf:group-EFA316AEC1B3:LeaderElection83] INFO  server.RaftServerConfigKeys (ConfUtils.java:logGet(43)) - raft.server.watch.timeout = 10s (default)
2019-09-20 08:26:44,236 [450b4a05-ccf1-4a74-b0e9-8f60a565bcdf:group-EFA316AEC1B3:LeaderElection83] INFO  server.RaftServerConfigKeys (ConfUtils.java:logGet(43)) - raft.server.watch.timeout.denomination = 1s (default)
2019-09-20 08:26:44,236 [450b4a05-ccf1-4a74-b0e9-8f60a565bcdf:group-EFA316AEC1B3:LeaderElection83] INFO  server.RaftServerConfigKeys (ConfUtils.java:logGet(43)) - raft.server.watch.element-limit = 65536 (default)
2019-09-20 08:26:44,236 [450b4a05-ccf1-4a74-b0e9-8f60a565bcdf:group-EFA316AEC1B3:LeaderElection83] INFO  impl.RoleInfo (RoleInfo.java:updateAndGet(143)) - 450b4a05-ccf1-4a74-b0e9-8f60a565bcdf: start LeaderState
2019-09-20 08:26:44,236 [450b4a05-ccf1-4a74-b0e9-8f60a565bcdf:group-EFA316AEC1B3:LeaderElection83] INFO  segmented.SegmentedRaftLogWorker (SegmentedRaftLogWorker.java:startLogSegment(380)) - 450b4a05-ccf1-4a74-b0e9-8f60a565bcdf-SegmentedRaftLogWorker:Storage Directory /workdir/hadoop-ozone/ozonefs/target/test-dir/MiniOzoneClusterImpl-083ee7b7-6048-484a-8bff-e922192676bf/datanode-1/data/ratis/09a70f47-4f1f-4f8a-bf5e-efa316aec1b3: Starting segment from index:0
2019-09-20 08:26:44,236 [450b4a05-ccf1-4a74-b0e9-8f60a565bcdf:group-EFA316AEC1B3:LeaderElection83] INFO  impl.RaftServerImpl (ServerState.java:setRaftConf(361)) - 450b4a05-ccf1-4a74-b0e9-8f60a565bcdf:group-EFA316AEC1B3 set configuration 0: [450b4a05-ccf1-4a74-b0e9-8f60a565bcdf:192.168.34.27:32870], old=null at 0
2019-09-20 08:26:44,287 [450b4a05-ccf1-4a74-b0e9-8f60a565bcdf-SegmentedRaftLogWorker:Storage Directory /workdir/hadoop-ozone/ozonefs/target/test-dir/MiniOzoneClusterImpl-083ee7b7-6048-484a-8bff-e922192676bf/datanode-1/data/ratis/09a70f47-4f1f-4f8a-bf5e-efa316aec1b3] INFO  segmented.SegmentedRaftLogWorker (SegmentedRaftLogWorker.java:execute(569)) - 450b4a05-ccf1-4a74-b0e9-8f60a565bcdf-SegmentedRaftLogWorker:Storage Directory /workdir/hadoop-ozone/ozonefs/target/test-dir/MiniOzoneClusterImpl-083ee7b7-6048-484a-8bff-e922192676bf/datanode-1/data/ratis/09a70f47-4f1f-4f8a-bf5e-efa316aec1b3: created new log segment /workdir/hadoop-ozone/ozonefs/target/test-dir/MiniOzoneClusterImpl-083ee7b7-6048-484a-8bff-e922192676bf/datanode-1/data/ratis/09a70f47-4f1f-4f8a-bf5e-efa316aec1b3/current/log_inprogress_0
2019-09-20 08:26:44,351 [Thread-1280] INFO  impl.FollowerState (FollowerState.java:run(106)) - fb5436b4-0441-4af7-ac3c-617f70818dc1:group-6841D10CC3FB changes to CANDIDATE, lastRpcTime:5164, electionTimeout:5164ms
2019-09-20 08:26:44,352 [Thread-1280] INFO  impl.RoleInfo (RoleInfo.java:shutdownFollowerState(121)) - fb5436b4-0441-4af7-ac3c-617f70818dc1: shutdown FollowerState
2019-09-20 08:26:44,352 [Thread-1280] INFO  impl.RaftServerImpl (RaftServerImpl.java:setRole(171)) - fb5436b4-0441-4af7-ac3c-617f70818dc1:group-6841D10CC3FB changes role from FOLLOWER to CANDIDATE at term 0 for changeToCandidate
2019-09-20 08:26:44,352 [Thread-1280] INFO  impl.RoleInfo (RoleInfo.java:updateAndGet(143)) - fb5436b4-0441-4af7-ac3c-617f70818dc1: start LeaderElection
2019-09-20 08:26:44,366 [fb5436b4-0441-4af7-ac3c-617f70818dc1:group-6841D10CC3FB:LeaderElection84] INFO  impl.LeaderElection (LeaderElection.java:askForVotes(181)) - fb5436b4-0441-4af7-ac3c-617f70818dc1:group-6841D10CC3FB:LeaderElection84: begin an election at term 1 for -1: [fb5436b4-0441-4af7-ac3c-617f70818dc1:192.168.34.27:33412], old=null
2019-09-20 08:26:44,366 [fb5436b4-0441-4af7-ac3c-617f70818dc1:group-6841D10CC3FB:LeaderElection84] INFO  impl.RoleInfo (RoleInfo.java:shutdownLeaderElection(134)) - fb5436b4-0441-4af7-ac3c-617f70818dc1: shutdown LeaderElection
2019-09-20 08:26:44,366 [fb5436b4-0441-4af7-ac3c-617f70818dc1:group-6841D10CC3FB:LeaderElection84] INFO  impl.RaftServerImpl (RaftServerImpl.java:setRole(171)) - fb5436b4-0441-4af7-ac3c-617f70818dc1:group-6841D10CC3FB changes role from CANDIDATE to LEADER at term 1 for changeToLeader
2019-09-20 08:26:44,366 [fb5436b4-0441-4af7-ac3c-617f70818dc1:group-6841D10CC3FB:LeaderElection84] INFO  impl.RaftServerImpl (ServerState.java:setLeader(263)) - fb5436b4-0441-4af7-ac3c-617f70818dc1:group-6841D10CC3FB change Leader from null to fb5436b4-0441-4af7-ac3c-617f70818dc1 at term 1 for becomeLeader, leader elected after 5182ms
2019-09-20 08:26:44,366 [fb5436b4-0441-4af7-ac3c-617f70818dc1:group-6841D10CC3FB:LeaderElection84] INFO  server.RaftServerConfigKeys (ConfUtils.java:logGet(43)) - raft.server.staging.catchup.gap = 1000 (default)
2019-09-20 08:26:44,367 [fb5436b4-0441-4af7-ac3c-617f70818dc1:group-6841D10CC3FB:LeaderElection84] INFO  server.RaftServerConfigKeys (ConfUtils.java:logGet(43)) - raft.server.rpc.sleep.time = 25ms (default)
2019-09-20 08:26:44,367 [fb5436b4-0441-4af7-ac3c-617f70818dc1:group-6841D10CC3FB:LeaderElection84] INFO  server.RaftServerConfigKeys (ConfUtils.java:logGet(43)) - raft.server.write.element-limit = 4096 (default)
2019-09-20 08:26:44,367 [fb5436b4-0441-4af7-ac3c-617f70818dc1:group-6841D10CC3FB:LeaderElection84] INFO  server.RaftServerConfigKeys (ConfUtils.java:logGet(43)) - raft.server.watch.timeout = 10s (default)
2019-09-20 08:26:44,367 [fb5436b4-0441-4af7-ac3c-617f70818dc1:group-6841D10CC3FB:LeaderElection84] INFO  server.RaftServerConfigKeys (ConfUtils.java:logGet(43)) - raft.server.watch.timeout.denomination = 1s (default)
2019-09-20 08:26:44,367 [fb5436b4-0441-4af7-ac3c-617f70818dc1:group-6841D10CC3FB:LeaderElection84] INFO  server.RaftServerConfigKeys (ConfUtils.java:logGet(43)) - raft.server.watch.element-limit = 65536 (default)
2019-09-20 08:26:44,367 [fb5436b4-0441-4af7-ac3c-617f70818dc1:group-6841D10CC3FB:LeaderElection84] INFO  impl.RoleInfo (RoleInfo.java:updateAndGet(143)) - fb5436b4-0441-4af7-ac3c-617f70818dc1: start LeaderState
2019-09-20 08:26:44,368 [fb5436b4-0441-4af7-ac3c-617f70818dc1:group-6841D10CC3FB:LeaderElection84] INFO  segmented.SegmentedRaftLogWorker (SegmentedRaftLogWorker.java:startLogSegment(380)) - fb5436b4-0441-4af7-ac3c-617f70818dc1-SegmentedRaftLogWorker:Storage Directory /workdir/hadoop-ozone/ozonefs/target/test-dir/MiniOzoneClusterImpl-083ee7b7-6048-484a-8bff-e922192676bf/datanode-2/data/ratis/95fb04d0-ae68-4f01-9b7d-6841d10cc3fb: Starting segment from index:0
2019-09-20 08:26:44,368 [fb5436b4-0441-4af7-ac3c-617f70818dc1:group-6841D10CC3FB:LeaderElection84] INFO  impl.RaftServerImpl (ServerState.java:setRaftConf(361)) - fb5436b4-0441-4af7-ac3c-617f70818dc1:group-6841D10CC3FB set configuration 0: [fb5436b4-0441-4af7-ac3c-617f70818dc1:192.168.34.27:33412], old=null at 0
2019-09-20 08:26:44,415 [Thread-1292] INFO  impl.FollowerState (FollowerState.java:run(106)) - fb5436b4-0441-4af7-ac3c-617f70818dc1:group-81F1B0918D73 changes to CANDIDATE, lastRpcTime:5072, electionTimeout:5072ms
2019-09-20 08:26:44,415 [Thread-1292] INFO  impl.RoleInfo (RoleInfo.java:shutdownFollowerState(121)) - fb5436b4-0441-4af7-ac3c-617f70818dc1: shutdown FollowerState
2019-09-20 08:26:44,415 [Thread-1292] INFO  impl.RaftServerImpl (RaftServerImpl.java:setRole(171)) - fb5436b4-0441-4af7-ac3c-617f70818dc1:group-81F1B0918D73 changes role from FOLLOWER to CANDIDATE at term 0 for changeToCandidate
2019-09-20 08:26:44,415 [fb5436b4-0441-4af7-ac3c-617f70818dc1-SegmentedRaftLogWorker:Storage Directory /workdir/hadoop-ozone/ozonefs/target/test-dir/MiniOzoneClusterImpl-083ee7b7-6048-484a-8bff-e922192676bf/datanode-2/data/ratis/95fb04d0-ae68-4f01-9b7d-6841d10cc3fb] INFO  segmented.SegmentedRaftLogWorker (SegmentedRaftLogWorker.java:execute(569)) - fb5436b4-0441-4af7-ac3c-617f70818dc1-SegmentedRaftLogWorker:Storage Directory /workdir/hadoop-ozone/ozonefs/target/test-dir/MiniOzoneClusterImpl-083ee7b7-6048-484a-8bff-e922192676bf/datanode-2/data/ratis/95fb04d0-ae68-4f01-9b7d-6841d10cc3fb: created new log segment /workdir/hadoop-ozone/ozonefs/target/test-dir/MiniOzoneClusterImpl-083ee7b7-6048-484a-8bff-e922192676bf/datanode-2/data/ratis/95fb04d0-ae68-4f01-9b7d-6841d10cc3fb/current/log_inprogress_0
2019-09-20 08:26:44,415 [Thread-1292] INFO  impl.RoleInfo (RoleInfo.java:updateAndGet(143)) - fb5436b4-0441-4af7-ac3c-617f70818dc1: start LeaderElection
2019-09-20 08:26:44,428 [fb5436b4-0441-4af7-ac3c-617f70818dc1:group-81F1B0918D73:LeaderElection85] INFO  impl.LeaderElection (LeaderElection.java:askForVotes(181)) - fb5436b4-0441-4af7-ac3c-617f70818dc1:group-81F1B0918D73:LeaderElection85: begin an election at term 1 for -1: [fb5436b4-0441-4af7-ac3c-617f70818dc1:192.168.34.27:33412], old=null
2019-09-20 08:26:44,428 [fb5436b4-0441-4af7-ac3c-617f70818dc1:group-81F1B0918D73:LeaderElection85] INFO  impl.RoleInfo (RoleInfo.java:shutdownLeaderElection(134)) - fb5436b4-0441-4af7-ac3c-617f70818dc1: shutdown LeaderElection
2019-09-20 08:26:44,428 [fb5436b4-0441-4af7-ac3c-617f70818dc1:group-81F1B0918D73:LeaderElection85] INFO  impl.RaftServerImpl (RaftServerImpl.java:setRole(171)) - fb5436b4-0441-4af7-ac3c-617f70818dc1:group-81F1B0918D73 changes role from CANDIDATE to LEADER at term 1 for changeToLeader
2019-09-20 08:26:44,428 [fb5436b4-0441-4af7-ac3c-617f70818dc1:group-81F1B0918D73:LeaderElection85] INFO  impl.RaftServerImpl (ServerState.java:setLeader(263)) - fb5436b4-0441-4af7-ac3c-617f70818dc1:group-81F1B0918D73 change Leader from null to fb5436b4-0441-4af7-ac3c-617f70818dc1 at term 1 for becomeLeader, leader elected after 5088ms
2019-09-20 08:26:44,428 [Thread-1283] INFO  impl.FollowerState (FollowerState.java:run(106)) - fb5436b4-0441-4af7-ac3c-617f70818dc1:group-B6BA8ECE013B changes to CANDIDATE, lastRpcTime:5199, electionTimeout:5199ms
2019-09-20 08:26:44,429 [Thread-1283] INFO  impl.RoleInfo (RoleInfo.java:shutdownFollowerState(121)) - fb5436b4-0441-4af7-ac3c-617f70818dc1: shutdown FollowerState
2019-09-20 08:26:44,429 [fb5436b4-0441-4af7-ac3c-617f70818dc1:group-81F1B0918D73:LeaderElection85] INFO  server.RaftServerConfigKeys (ConfUtils.java:logGet(43)) - raft.server.staging.catchup.gap = 1000 (default)
2019-09-20 08:26:44,429 [Thread-1283] INFO  impl.RaftServerImpl (RaftServerImpl.java:setRole(171)) - fb5436b4-0441-4af7-ac3c-617f70818dc1:group-B6BA8ECE013B changes role from FOLLOWER to CANDIDATE at term 0 for changeToCandidate
2019-09-20 08:26:44,429 [fb5436b4-0441-4af7-ac3c-617f70818dc1:group-81F1B0918D73:LeaderElection85] INFO  server.RaftServerConfigKeys (ConfUtils.java:logGet(43)) - raft.server.rpc.sleep.time = 25ms (default)
2019-09-20 08:26:44,429 [Thread-1283] INFO  impl.RoleInfo (RoleInfo.java:updateAndGet(143)) - fb5436b4-0441-4af7-ac3c-617f70818dc1: start LeaderElection
2019-09-20 08:26:44,429 [fb5436b4-0441-4af7-ac3c-617f70818dc1:group-81F1B0918D73:LeaderElection85] INFO  server.RaftServerConfigKeys (ConfUtils.java:logGet(43)) - raft.server.write.element-limit = 4096 (default)
2019-09-20 08:26:44,430 [fb5436b4-0441-4af7-ac3c-617f70818dc1:group-81F1B0918D73:LeaderElection85] INFO  server.RaftServerConfigKeys (ConfUtils.java:logGet(43)) - raft.server.watch.timeout = 10s (default)
2019-09-20 08:26:44,430 [fb5436b4-0441-4af7-ac3c-617f70818dc1:group-81F1B0918D73:LeaderElection85] INFO  server.RaftServerConfigKeys (ConfUtils.java:logGet(43)) - raft.server.watch.timeout.denomination = 1s (default)
2019-09-20 08:26:44,430 [fb5436b4-0441-4af7-ac3c-617f70818dc1:group-81F1B0918D73:LeaderElection85] INFO  server.RaftServerConfigKeys (ConfUtils.java:logGet(43)) - raft.server.watch.element-limit = 65536 (default)
2019-09-20 08:26:44,430 [fb5436b4-0441-4af7-ac3c-617f70818dc1:group-81F1B0918D73:LeaderElection85] INFO  impl.RoleInfo (RoleInfo.java:updateAndGet(143)) - fb5436b4-0441-4af7-ac3c-617f70818dc1: start LeaderState
2019-09-20 08:26:44,430 [fb5436b4-0441-4af7-ac3c-617f70818dc1:group-81F1B0918D73:LeaderElection85] INFO  segmented.SegmentedRaftLogWorker (SegmentedRaftLogWorker.java:startLogSegment(380)) - fb5436b4-0441-4af7-ac3c-617f70818dc1-SegmentedRaftLogWorker:Storage Directory /workdir/hadoop-ozone/ozonefs/target/test-dir/MiniOzoneClusterImpl-083ee7b7-6048-484a-8bff-e922192676bf/datanode-2/data/ratis/670247c9-6ff6-4e0d-af59-81f1b0918d73: Starting segment from index:0
2019-09-20 08:26:44,431 [fb5436b4-0441-4af7-ac3c-617f70818dc1:group-81F1B0918D73:LeaderElection85] INFO  impl.RaftServerImpl (ServerState.java:setRaftConf(361)) - fb5436b4-0441-4af7-ac3c-617f70818dc1:group-81F1B0918D73 set configuration 0: [fb5436b4-0441-4af7-ac3c-617f70818dc1:192.168.34.27:33412], old=null at 0
2019-09-20 08:26:44,437 [Thread-1289] INFO  impl.FollowerState (FollowerState.java:run(106)) - fb5436b4-0441-4af7-ac3c-617f70818dc1:group-610902384B9F changes to CANDIDATE, lastRpcTime:5132, electionTimeout:5132ms
2019-09-20 08:26:44,437 [Thread-1289] INFO  impl.RoleInfo (RoleInfo.java:shutdownFollowerState(121)) - fb5436b4-0441-4af7-ac3c-617f70818dc1: shutdown FollowerState
2019-09-20 08:26:44,437 [Thread-1289] INFO  impl.RaftServerImpl (RaftServerImpl.java:setRole(171)) - fb5436b4-0441-4af7-ac3c-617f70818dc1:group-610902384B9F changes role from FOLLOWER to CANDIDATE at term 0 for changeToCandidate
2019-09-20 08:26:44,437 [Thread-1289] INFO  impl.RoleInfo (RoleInfo.java:updateAndGet(143)) - fb5436b4-0441-4af7-ac3c-617f70818dc1: start LeaderElection
2019-09-20 08:26:44,444 [fb5436b4-0441-4af7-ac3c-617f70818dc1:group-B6BA8ECE013B:LeaderElection86] INFO  impl.LeaderElection (LeaderElection.java:askForVotes(181)) - fb5436b4-0441-4af7-ac3c-617f70818dc1:group-B6BA8ECE013B:LeaderElection86: begin an election at term 1 for -1: [fb5436b4-0441-4af7-ac3c-617f70818dc1:192.168.34.27:33412], old=null
2019-09-20 08:26:44,444 [fb5436b4-0441-4af7-ac3c-617f70818dc1:group-610902384B9F:LeaderElection87] INFO  impl.LeaderElection (LeaderElection.java:askForVotes(181)) - fb5436b4-0441-4af7-ac3c-617f70818dc1:group-610902384B9F:LeaderElection87: begin an election at term 1 for -1: [fb5436b4-0441-4af7-ac3c-617f70818dc1:192.168.34.27:33412], old=null
2019-09-20 08:26:44,444 [fb5436b4-0441-4af7-ac3c-617f70818dc1:group-B6BA8ECE013B:LeaderElection86] INFO  impl.RoleInfo (RoleInfo.java:shutdownLeaderElection(134)) - fb5436b4-0441-4af7-ac3c-617f70818dc1: shutdown LeaderElection
2019-09-20 08:26:44,444 [fb5436b4-0441-4af7-ac3c-617f70818dc1:group-610902384B9F:LeaderElection87] INFO  impl.RoleInfo (RoleInfo.java:shutdownLeaderElection(134)) - fb5436b4-0441-4af7-ac3c-617f70818dc1: shutdown LeaderElection
2019-09-20 08:26:44,444 [fb5436b4-0441-4af7-ac3c-617f70818dc1:group-B6BA8ECE013B:LeaderElection86] INFO  impl.RaftServerImpl (RaftServerImpl.java:setRole(171)) - fb5436b4-0441-4af7-ac3c-617f70818dc1:group-B6BA8ECE013B changes role from CANDIDATE to LEADER at term 1 for changeToLeader
2019-09-20 08:26:44,444 [fb5436b4-0441-4af7-ac3c-617f70818dc1:group-610902384B9F:LeaderElection87] INFO  impl.RaftServerImpl (RaftServerImpl.java:setRole(171)) - fb5436b4-0441-4af7-ac3c-617f70818dc1:group-610902384B9F changes role from CANDIDATE to LEADER at term 1 for changeToLeader
2019-09-20 08:26:44,444 [fb5436b4-0441-4af7-ac3c-617f70818dc1:group-B6BA8ECE013B:LeaderElection86] INFO  impl.RaftServerImpl (ServerState.java:setLeader(263)) - fb5436b4-0441-4af7-ac3c-617f70818dc1:group-B6BA8ECE013B change Leader from null to fb5436b4-0441-4af7-ac3c-617f70818dc1 at term 1 for becomeLeader, leader elected after 5218ms
2019-09-20 08:26:44,444 [fb5436b4-0441-4af7-ac3c-617f70818dc1:group-610902384B9F:LeaderElection87] INFO  impl.RaftServerImpl (ServerState.java:setLeader(263)) - fb5436b4-0441-4af7-ac3c-617f70818dc1:group-610902384B9F change Leader from null to fb5436b4-0441-4af7-ac3c-617f70818dc1 at term 1 for becomeLeader, leader elected after 5142ms
2019-09-20 08:26:44,445 [fb5436b4-0441-4af7-ac3c-617f70818dc1:group-B6BA8ECE013B:LeaderElection86] INFO  server.RaftServerConfigKeys (ConfUtils.java:logGet(43)) - raft.server.staging.catchup.gap = 1000 (default)
2019-09-20 08:26:44,445 [fb5436b4-0441-4af7-ac3c-617f70818dc1:group-610902384B9F:LeaderElection87] INFO  server.RaftServerConfigKeys (ConfUtils.java:logGet(43)) - raft.server.staging.catchup.gap = 1000 (default)
2019-09-20 08:26:44,445 [fb5436b4-0441-4af7-ac3c-617f70818dc1:group-B6BA8ECE013B:LeaderElection86] INFO  server.RaftServerConfigKeys (ConfUtils.java:logGet(43)) - raft.server.rpc.sleep.time = 25ms (default)
2019-09-20 08:26:44,445 [fb5436b4-0441-4af7-ac3c-617f70818dc1:group-610902384B9F:LeaderElection87] INFO  server.RaftServerConfigKeys (ConfUtils.java:logGet(43)) - raft.server.rpc.sleep.time = 25ms (default)
2019-09-20 08:26:44,445 [fb5436b4-0441-4af7-ac3c-617f70818dc1:group-B6BA8ECE013B:LeaderElection86] INFO  server.RaftServerConfigKeys (ConfUtils.java:logGet(43)) - raft.server.write.element-limit = 4096 (default)
2019-09-20 08:26:44,445 [fb5436b4-0441-4af7-ac3c-617f70818dc1:group-610902384B9F:LeaderElection87] INFO  server.RaftServerConfigKeys (ConfUtils.java:logGet(43)) - raft.server.write.element-limit = 4096 (default)
2019-09-20 08:26:44,445 [fb5436b4-0441-4af7-ac3c-617f70818dc1:group-B6BA8ECE013B:LeaderElection86] INFO  server.RaftServerConfigKeys (ConfUtils.java:logGet(43)) - raft.server.watch.timeout = 10s (default)
2019-09-20 08:26:44,446 [fb5436b4-0441-4af7-ac3c-617f70818dc1:group-610902384B9F:LeaderElection87] INFO  server.RaftServerConfigKeys (ConfUtils.java:logGet(43)) - raft.server.watch.timeout = 10s (default)
2019-09-20 08:26:44,446 [fb5436b4-0441-4af7-ac3c-617f70818dc1:group-B6BA8ECE013B:LeaderElection86] INFO  server.RaftServerConfigKeys (ConfUtils.java:logGet(43)) - raft.server.watch.timeout.denomination = 1s (default)
2019-09-20 08:26:44,446 [fb5436b4-0441-4af7-ac3c-617f70818dc1:group-610902384B9F:LeaderElection87] INFO  server.RaftServerConfigKeys (ConfUtils.java:logGet(43)) - raft.server.watch.timeout.denomination = 1s (default)
2019-09-20 08:26:44,446 [fb5436b4-0441-4af7-ac3c-617f70818dc1:group-B6BA8ECE013B:LeaderElection86] INFO  server.RaftServerConfigKeys (ConfUtils.java:logGet(43)) - raft.server.watch.element-limit = 65536 (default)
2019-09-20 08:26:44,446 [fb5436b4-0441-4af7-ac3c-617f70818dc1:group-610902384B9F:LeaderElection87] INFO  server.RaftServerConfigKeys (ConfUtils.java:logGet(43)) - raft.server.watch.element-limit = 65536 (default)
2019-09-20 08:26:44,446 [fb5436b4-0441-4af7-ac3c-617f70818dc1:group-B6BA8ECE013B:LeaderElection86] INFO  impl.RoleInfo (RoleInfo.java:updateAndGet(143)) - fb5436b4-0441-4af7-ac3c-617f70818dc1: start LeaderState
2019-09-20 08:26:44,446 [fb5436b4-0441-4af7-ac3c-617f70818dc1:group-610902384B9F:LeaderElection87] INFO  impl.RoleInfo (RoleInfo.java:updateAndGet(143)) - fb5436b4-0441-4af7-ac3c-617f70818dc1: start LeaderState
2019-09-20 08:26:44,447 [fb5436b4-0441-4af7-ac3c-617f70818dc1:group-B6BA8ECE013B:LeaderElection86] INFO  segmented.SegmentedRaftLogWorker (SegmentedRaftLogWorker.java:startLogSegment(380)) - fb5436b4-0441-4af7-ac3c-617f70818dc1-SegmentedRaftLogWorker:Storage Directory /workdir/hadoop-ozone/ozonefs/target/test-dir/MiniOzoneClusterImpl-083ee7b7-6048-484a-8bff-e922192676bf/datanode-2/data/ratis/bd0fc82a-2951-4f3b-b1f6-b6ba8ece013b: Starting segment from index:0
2019-09-20 08:26:44,447 [fb5436b4-0441-4af7-ac3c-617f70818dc1:group-610902384B9F:LeaderElection87] INFO  segmented.SegmentedRaftLogWorker (SegmentedRaftLogWorker.java:startLogSegment(380)) - fb5436b4-0441-4af7-ac3c-617f70818dc1-SegmentedRaftLogWorker:Storage Directory /workdir/hadoop-ozone/ozonefs/target/test-dir/MiniOzoneClusterImpl-083ee7b7-6048-484a-8bff-e922192676bf/datanode-2/data/ratis/76e28202-9903-4580-ba0d-610902384b9f: Starting segment from index:0
2019-09-20 08:26:44,447 [fb5436b4-0441-4af7-ac3c-617f70818dc1:group-B6BA8ECE013B:LeaderElection86] INFO  impl.RaftServerImpl (ServerState.java:setRaftConf(361)) - fb5436b4-0441-4af7-ac3c-617f70818dc1:group-B6BA8ECE013B set configuration 0: [fb5436b4-0441-4af7-ac3c-617f70818dc1:192.168.34.27:33412], old=null at 0
2019-09-20 08:26:44,448 [fb5436b4-0441-4af7-ac3c-617f70818dc1:group-610902384B9F:LeaderElection87] INFO  impl.RaftServerImpl (ServerState.java:setRaftConf(361)) - fb5436b4-0441-4af7-ac3c-617f70818dc1:group-610902384B9F set configuration 0: [fb5436b4-0441-4af7-ac3c-617f70818dc1:192.168.34.27:33412], old=null at 0
2019-09-20 08:26:44,453 [Thread-1286] INFO  impl.FollowerState (FollowerState.java:run(106)) - fb5436b4-0441-4af7-ac3c-617f70818dc1:group-F94A9DFE8882 changes to CANDIDATE, lastRpcTime:5186, electionTimeout:5186ms
2019-09-20 08:26:44,453 [Thread-1286] INFO  impl.RoleInfo (RoleInfo.java:shutdownFollowerState(121)) - fb5436b4-0441-4af7-ac3c-617f70818dc1: shutdown FollowerState
2019-09-20 08:26:44,453 [Thread-1286] INFO  impl.RaftServerImpl (RaftServerImpl.java:setRole(171)) - fb5436b4-0441-4af7-ac3c-617f70818dc1:group-F94A9DFE8882 changes role from FOLLOWER to CANDIDATE at term 0 for changeToCandidate
2019-09-20 08:26:44,453 [Thread-1286] INFO  impl.RoleInfo (RoleInfo.java:updateAndGet(143)) - fb5436b4-0441-4af7-ac3c-617f70818dc1: start LeaderElection
2019-09-20 08:26:44,467 [fb5436b4-0441-4af7-ac3c-617f70818dc1-SegmentedRaftLogWorker:Storage Directory /workdir/hadoop-ozone/ozonefs/target/test-dir/MiniOzoneClusterImpl-083ee7b7-6048-484a-8bff-e922192676bf/datanode-2/data/ratis/670247c9-6ff6-4e0d-af59-81f1b0918d73] INFO  segmented.SegmentedRaftLogWorker (SegmentedRaftLogWorker.java:execute(569)) - fb5436b4-0441-4af7-ac3c-617f70818dc1-SegmentedRaftLogWorker:Storage Directory /workdir/hadoop-ozone/ozonefs/target/test-dir/MiniOzoneClusterImpl-083ee7b7-6048-484a-8bff-e922192676bf/datanode-2/data/ratis/670247c9-6ff6-4e0d-af59-81f1b0918d73: created new log segment /workdir/hadoop-ozone/ozonefs/target/test-dir/MiniOzoneClusterImpl-083ee7b7-6048-484a-8bff-e922192676bf/datanode-2/data/ratis/670247c9-6ff6-4e0d-af59-81f1b0918d73/current/log_inprogress_0
2019-09-20 08:26:44,467 [fb5436b4-0441-4af7-ac3c-617f70818dc1:group-F94A9DFE8882:LeaderElection88] INFO  impl.LeaderElection (LeaderElection.java:askForVotes(181)) - fb5436b4-0441-4af7-ac3c-617f70818dc1:group-F94A9DFE8882:LeaderElection88: begin an election at term 1 for -1: [fb5436b4-0441-4af7-ac3c-617f70818dc1:192.168.34.27:33412], old=null
2019-09-20 08:26:44,468 [fb5436b4-0441-4af7-ac3c-617f70818dc1:group-F94A9DFE8882:LeaderElection88] INFO  impl.RoleInfo (RoleInfo.java:shutdownLeaderElection(134)) - fb5436b4-0441-4af7-ac3c-617f70818dc1: shutdown LeaderElection
2019-09-20 08:26:44,468 [fb5436b4-0441-4af7-ac3c-617f70818dc1:group-F94A9DFE8882:LeaderElection88] INFO  impl.RaftServerImpl (RaftServerImpl.java:setRole(171)) - fb5436b4-0441-4af7-ac3c-617f70818dc1:group-F94A9DFE8882 changes role from CANDIDATE to LEADER at term 1 for changeToLeader
2019-09-20 08:26:44,468 [fb5436b4-0441-4af7-ac3c-617f70818dc1:group-F94A9DFE8882:LeaderElection88] INFO  impl.RaftServerImpl (ServerState.java:setLeader(263)) - fb5436b4-0441-4af7-ac3c-617f70818dc1:group-F94A9DFE8882 change Leader from null to fb5436b4-0441-4af7-ac3c-617f70818dc1 at term 1 for becomeLeader, leader elected after 5203ms
2019-09-20 08:26:44,468 [fb5436b4-0441-4af7-ac3c-617f70818dc1:group-F94A9DFE8882:LeaderElection88] INFO  server.RaftServerConfigKeys (ConfUtils.java:logGet(43)) - raft.server.staging.catchup.gap = 1000 (default)
2019-09-20 08:26:44,468 [fb5436b4-0441-4af7-ac3c-617f70818dc1:group-F94A9DFE8882:LeaderElection88] INFO  server.RaftServerConfigKeys (ConfUtils.java:logGet(43)) - raft.server.rpc.sleep.time = 25ms (default)
2019-09-20 08:26:44,468 [fb5436b4-0441-4af7-ac3c-617f70818dc1:group-F94A9DFE8882:LeaderElection88] INFO  server.RaftServerConfigKeys (ConfUtils.java:logGet(43)) - raft.server.write.element-limit = 4096 (default)
2019-09-20 08:26:44,468 [fb5436b4-0441-4af7-ac3c-617f70818dc1:group-F94A9DFE8882:LeaderElection88] INFO  server.RaftServerConfigKeys (ConfUtils.java:logGet(43)) - raft.server.watch.timeout = 10s (default)
2019-09-20 08:26:44,468 [fb5436b4-0441-4af7-ac3c-617f70818dc1:group-F94A9DFE8882:LeaderElection88] INFO  server.RaftServerConfigKeys (ConfUtils.java:logGet(43)) - raft.server.watch.timeout.denomination = 1s (default)
2019-09-20 08:26:44,469 [fb5436b4-0441-4af7-ac3c-617f70818dc1:group-F94A9DFE8882:LeaderElection88] INFO  server.RaftServerConfigKeys (ConfUtils.java:logGet(43)) - raft.server.watch.element-limit = 65536 (default)
2019-09-20 08:26:44,469 [fb5436b4-0441-4af7-ac3c-617f70818dc1:group-F94A9DFE8882:LeaderElection88] INFO  impl.RoleInfo (RoleInfo.java:updateAndGet(143)) - fb5436b4-0441-4af7-ac3c-617f70818dc1: start LeaderState
2019-09-20 08:26:44,469 [fb5436b4-0441-4af7-ac3c-617f70818dc1:group-F94A9DFE8882:LeaderElection88] INFO  segmented.SegmentedRaftLogWorker (SegmentedRaftLogWorker.java:startLogSegment(380)) - fb5436b4-0441-4af7-ac3c-617f70818dc1-SegmentedRaftLogWorker:Storage Directory /workdir/hadoop-ozone/ozonefs/target/test-dir/MiniOzoneClusterImpl-083ee7b7-6048-484a-8bff-e922192676bf/datanode-2/data/ratis/da324648-aaa4-4ade-a683-f94a9dfe8882: Starting segment from index:0
2019-09-20 08:26:44,470 [fb5436b4-0441-4af7-ac3c-617f70818dc1:group-F94A9DFE8882:LeaderElection88] INFO  impl.RaftServerImpl (ServerState.java:setRaftConf(361)) - fb5436b4-0441-4af7-ac3c-617f70818dc1:group-F94A9DFE8882 set configuration 0: [fb5436b4-0441-4af7-ac3c-617f70818dc1:192.168.34.27:33412], old=null at 0
2019-09-20 08:26:44,501 [Thread-1295] INFO  impl.FollowerState (FollowerState.java:run(106)) - fb5436b4-0441-4af7-ac3c-617f70818dc1:group-CEB221C48600 changes to CANDIDATE, lastRpcTime:5122, electionTimeout:5121ms
2019-09-20 08:26:44,501 [Thread-1295] INFO  impl.RoleInfo (RoleInfo.java:shutdownFollowerState(121)) - fb5436b4-0441-4af7-ac3c-617f70818dc1: shutdown FollowerState
2019-09-20 08:26:44,501 [Thread-1295] INFO  impl.RaftServerImpl (RaftServerImpl.java:setRole(171)) - fb5436b4-0441-4af7-ac3c-617f70818dc1:group-CEB221C48600 changes role from FOLLOWER to CANDIDATE at term 0 for changeToCandidate
2019-09-20 08:26:44,501 [Thread-1295] INFO  impl.RoleInfo (RoleInfo.java:updateAndGet(143)) - fb5436b4-0441-4af7-ac3c-617f70818dc1: start LeaderElection
2019-09-20 08:26:44,502 [fb5436b4-0441-4af7-ac3c-617f70818dc1-SegmentedRaftLogWorker:Storage Directory /workdir/hadoop-ozone/ozonefs/target/test-dir/MiniOzoneClusterImpl-083ee7b7-6048-484a-8bff-e922192676bf/datanode-2/data/ratis/76e28202-9903-4580-ba0d-610902384b9f] INFO  segmented.SegmentedRaftLogWorker (SegmentedRaftLogWorker.java:execute(569)) - fb5436b4-0441-4af7-ac3c-617f70818dc1-SegmentedRaftLogWorker:Storage Directory /workdir/hadoop-ozone/ozonefs/target/test-dir/MiniOzoneClusterImpl-083ee7b7-6048-484a-8bff-e922192676bf/datanode-2/data/ratis/76e28202-9903-4580-ba0d-610902384b9f: created new log segment /workdir/hadoop-ozone/ozonefs/target/test-dir/MiniOzoneClusterImpl-083ee7b7-6048-484a-8bff-e922192676bf/datanode-2/data/ratis/76e28202-9903-4580-ba0d-610902384b9f/current/log_inprogress_0
2019-09-20 08:26:44,502 [fb5436b4-0441-4af7-ac3c-617f70818dc1-SegmentedRaftLogWorker:Storage Directory /workdir/hadoop-ozone/ozonefs/target/test-dir/MiniOzoneClusterImpl-083ee7b7-6048-484a-8bff-e922192676bf/datanode-2/data/ratis/bd0fc82a-2951-4f3b-b1f6-b6ba8ece013b] INFO  segmented.SegmentedRaftLogWorker (SegmentedRaftLogWorker.java:execute(569)) - fb5436b4-0441-4af7-ac3c-617f70818dc1-SegmentedRaftLogWorker:Storage Directory /workdir/hadoop-ozone/ozonefs/target/test-dir/MiniOzoneClusterImpl-083ee7b7-6048-484a-8bff-e922192676bf/datanode-2/data/ratis/bd0fc82a-2951-4f3b-b1f6-b6ba8ece013b: created new log segment /workdir/hadoop-ozone/ozonefs/target/test-dir/MiniOzoneClusterImpl-083ee7b7-6048-484a-8bff-e922192676bf/datanode-2/data/ratis/bd0fc82a-2951-4f3b-b1f6-b6ba8ece013b/current/log_inprogress_0
2019-09-20 08:26:44,517 [fb5436b4-0441-4af7-ac3c-617f70818dc1:group-CEB221C48600:LeaderElection89] INFO  impl.LeaderElection (LeaderElection.java:askForVotes(181)) - fb5436b4-0441-4af7-ac3c-617f70818dc1:group-CEB221C48600:LeaderElection89: begin an election at term 1 for -1: [fb5436b4-0441-4af7-ac3c-617f70818dc1:192.168.34.27:33412], old=null
2019-09-20 08:26:44,517 [fb5436b4-0441-4af7-ac3c-617f70818dc1:group-CEB221C48600:LeaderElection89] INFO  impl.RoleInfo (RoleInfo.java:shutdownLeaderElection(134)) - fb5436b4-0441-4af7-ac3c-617f70818dc1: shutdown LeaderElection
2019-09-20 08:26:44,517 [fb5436b4-0441-4af7-ac3c-617f70818dc1:group-CEB221C48600:LeaderElection89] INFO  impl.RaftServerImpl (RaftServerImpl.java:setRole(171)) - fb5436b4-0441-4af7-ac3c-617f70818dc1:group-CEB221C48600 changes role from CANDIDATE to LEADER at term 1 for changeToLeader
2019-09-20 08:26:44,517 [fb5436b4-0441-4af7-ac3c-617f70818dc1:group-CEB221C48600:LeaderElection89] INFO  impl.RaftServerImpl (ServerState.java:setLeader(263)) - fb5436b4-0441-4af7-ac3c-617f70818dc1:group-CEB221C48600 change Leader from null to fb5436b4-0441-4af7-ac3c-617f70818dc1 at term 1 for becomeLeader, leader elected after 5142ms
2019-09-20 08:26:44,518 [fb5436b4-0441-4af7-ac3c-617f70818dc1:group-CEB221C48600:LeaderElection89] INFO  server.RaftServerConfigKeys (ConfUtils.java:logGet(43)) - raft.server.staging.catchup.gap = 1000 (default)
2019-09-20 08:26:44,518 [fb5436b4-0441-4af7-ac3c-617f70818dc1:group-CEB221C48600:LeaderElection89] INFO  server.RaftServerConfigKeys (ConfUtils.java:logGet(43)) - raft.server.rpc.sleep.time = 25ms (default)
2019-09-20 08:26:44,518 [fb5436b4-0441-4af7-ac3c-617f70818dc1:group-CEB221C48600:LeaderElection89] INFO  server.RaftServerConfigKeys (ConfUtils.java:logGet(43)) - raft.server.write.element-limit = 4096 (default)
2019-09-20 08:26:44,518 [fb5436b4-0441-4af7-ac3c-617f70818dc1:group-CEB221C48600:LeaderElection89] INFO  server.RaftServerConfigKeys (ConfUtils.java:logGet(43)) - raft.server.watch.timeout = 10s (default)
2019-09-20 08:26:44,518 [fb5436b4-0441-4af7-ac3c-617f70818dc1:group-CEB221C48600:LeaderElection89] INFO  server.RaftServerConfigKeys (ConfUtils.java:logGet(43)) - raft.server.watch.timeout.denomination = 1s (default)
2019-09-20 08:26:44,518 [fb5436b4-0441-4af7-ac3c-617f70818dc1:group-CEB221C48600:LeaderElection89] INFO  server.RaftServerConfigKeys (ConfUtils.java:logGet(43)) - raft.server.watch.element-limit = 65536 (default)
2019-09-20 08:26:44,519 [fb5436b4-0441-4af7-ac3c-617f70818dc1:group-CEB221C48600:LeaderElection89] INFO  impl.RoleInfo (RoleInfo.java:updateAndGet(143)) - fb5436b4-0441-4af7-ac3c-617f70818dc1: start LeaderState
2019-09-20 08:26:44,519 [fb5436b4-0441-4af7-ac3c-617f70818dc1:group-CEB221C48600:LeaderElection89] INFO  segmented.SegmentedRaftLogWorker (SegmentedRaftLogWorker.java:startLogSegment(380)) - fb5436b4-0441-4af7-ac3c-617f70818dc1-SegmentedRaftLogWorker:Storage Directory /workdir/hadoop-ozone/ozonefs/target/test-dir/MiniOzoneClusterImpl-083ee7b7-6048-484a-8bff-e922192676bf/datanode-2/data/ratis/6e5716e8-e73e-4193-8ddf-ceb221c48600: Starting segment from index:0
2019-09-20 08:26:44,519 [fb5436b4-0441-4af7-ac3c-617f70818dc1-SegmentedRaftLogWorker:Storage Directory /workdir/hadoop-ozone/ozonefs/target/test-dir/MiniOzoneClusterImpl-083ee7b7-6048-484a-8bff-e922192676bf/datanode-2/data/ratis/da324648-aaa4-4ade-a683-f94a9dfe8882] INFO  segmented.SegmentedRaftLogWorker (SegmentedRaftLogWorker.java:execute(569)) - fb5436b4-0441-4af7-ac3c-617f70818dc1-SegmentedRaftLogWorker:Storage Directory /workdir/hadoop-ozone/ozonefs/target/test-dir/MiniOzoneClusterImpl-083ee7b7-6048-484a-8bff-e922192676bf/datanode-2/data/ratis/da324648-aaa4-4ade-a683-f94a9dfe8882: created new log segment /workdir/hadoop-ozone/ozonefs/target/test-dir/MiniOzoneClusterImpl-083ee7b7-6048-484a-8bff-e922192676bf/datanode-2/data/ratis/da324648-aaa4-4ade-a683-f94a9dfe8882/current/log_inprogress_0
2019-09-20 08:26:44,520 [fb5436b4-0441-4af7-ac3c-617f70818dc1:group-CEB221C48600:LeaderElection89] INFO  impl.RaftServerImpl (ServerState.java:setRaftConf(361)) - fb5436b4-0441-4af7-ac3c-617f70818dc1:group-CEB221C48600 set configuration 0: [fb5436b4-0441-4af7-ac3c-617f70818dc1:192.168.34.27:33412], old=null at 0
2019-09-20 08:26:44,568 [fb5436b4-0441-4af7-ac3c-617f70818dc1-SegmentedRaftLogWorker:Storage Directory /workdir/hadoop-ozone/ozonefs/target/test-dir/MiniOzoneClusterImpl-083ee7b7-6048-484a-8bff-e922192676bf/datanode-2/data/ratis/6e5716e8-e73e-4193-8ddf-ceb221c48600] INFO  segmented.SegmentedRaftLogWorker (SegmentedRaftLogWorker.java:execute(569)) - fb5436b4-0441-4af7-ac3c-617f70818dc1-SegmentedRaftLogWorker:Storage Directory /workdir/hadoop-ozone/ozonefs/target/test-dir/MiniOzoneClusterImpl-083ee7b7-6048-484a-8bff-e922192676bf/datanode-2/data/ratis/6e5716e8-e73e-4193-8ddf-ceb221c48600: created new log segment /workdir/hadoop-ozone/ozonefs/target/test-dir/MiniOzoneClusterImpl-083ee7b7-6048-484a-8bff-e922192676bf/datanode-2/data/ratis/6e5716e8-e73e-4193-8ddf-ceb221c48600/current/log_inprogress_0
2019-09-20 08:26:45,143 | INFO  | SCMAudit | user=jenkins1000 | ip=192.168.34.27 | op=SEND_HEARTBEAT {datanodeUUID=fb5436b4-0441-4af7-ac3c-617f70818dc1, command=[]} | ret=SUCCESS |  
2019-09-20 08:26:45,397 [Thread-1070] INFO  ozoneimpl.OzoneContainer (OzoneContainer.java:stop(199)) - Attempting to stop container services.
2019-09-20 08:26:45,397 [ForkJoinPool.commonPool-worker-1] INFO  ozoneimpl.OzoneContainer (OzoneContainer.java:stop(199)) - Attempting to stop container services.
2019-09-20 08:26:45,397 [Thread-1070] INFO  impl.RaftServerProxy (RaftServerProxy.java:lambda$close$4(314)) - 450b4a05-ccf1-4a74-b0e9-8f60a565bcdf: close
2019-09-20 08:26:45,397 [ForkJoinPool.commonPool-worker-1] INFO  impl.RaftServerProxy (RaftServerProxy.java:lambda$close$4(314)) - b15ba93f-acd0-4121-9586-decea32bb3dc: close
2019-09-20 08:26:45,398 [Thread-1070] INFO  impl.RaftServerImpl (RaftServerImpl.java:lambda$shutdown$3(245)) - 450b4a05-ccf1-4a74-b0e9-8f60a565bcdf: shutdown group-D8FF86FC734D
2019-09-20 08:26:45,398 [ForkJoinPool.commonPool-worker-1] INFO  impl.RaftServerImpl (RaftServerImpl.java:lambda$shutdown$3(245)) - b15ba93f-acd0-4121-9586-decea32bb3dc: shutdown group-1F1198F5923C
2019-09-20 08:26:45,398 [Thread-1070] INFO  util.JmxRegister (JmxRegister.java:unregister(73)) - Successfully un-registered JMX Bean with object name Ratis:service=RaftServer,group=group-D8FF86FC734D,id=450b4a05-ccf1-4a74-b0e9-8f60a565bcdf
2019-09-20 08:26:45,399 [ForkJoinPool.commonPool-worker-1] INFO  util.JmxRegister (JmxRegister.java:unregister(73)) - Successfully un-registered JMX Bean with object name Ratis:service=RaftServer,group=group-1F1198F5923C,id=b15ba93f-acd0-4121-9586-decea32bb3dc
2019-09-20 08:26:45,399 [Thread-1070] INFO  impl.RoleInfo (RoleInfo.java:shutdownLeaderState(104)) - 450b4a05-ccf1-4a74-b0e9-8f60a565bcdf: shutdown LeaderState
2019-09-20 08:26:45,399 [ForkJoinPool.commonPool-worker-1] INFO  impl.RoleInfo (RoleInfo.java:shutdownLeaderState(104)) - b15ba93f-acd0-4121-9586-decea32bb3dc: shutdown LeaderState
2019-09-20 08:26:45,400 [Thread-1070] INFO  impl.PendingRequests (PendingRequests.java:sendNotLeaderResponses(202)) - 450b4a05-ccf1-4a74-b0e9-8f60a565bcdf-PendingRequests: sendNotLeaderResponses
2019-09-20 08:26:45,400 [ForkJoinPool.commonPool-worker-1] INFO  impl.PendingRequests (PendingRequests.java:sendNotLeaderResponses(202)) - b15ba93f-acd0-4121-9586-decea32bb3dc-PendingRequests: sendNotLeaderResponses
2019-09-20 08:26:45,401 [ForkJoinPool.commonPool-worker-1] INFO  impl.StateMachineUpdater (StateMachineUpdater.java:stopAndJoin(115)) - StateMachineUpdater:b15ba93f-acd0-4121-9586-decea32bb3dc:group-1F1198F5923C: set stopIndex = 0
2019-09-20 08:26:45,405 [Thread-1070] INFO  impl.StateMachineUpdater (StateMachineUpdater.java:stopAndJoin(115)) - StateMachineUpdater:450b4a05-ccf1-4a74-b0e9-8f60a565bcdf:group-D8FF86FC734D: set stopIndex = 0
2019-09-20 08:26:45,406 [ForkJoinPool.commonPool-worker-1] INFO  impl.RaftServerImpl (ServerState.java:close(394)) - b15ba93f-acd0-4121-9586-decea32bb3dc:group-1F1198F5923C closes. The last applied log index is 0
2019-09-20 08:26:45,407 [Thread-1070] INFO  impl.RaftServerImpl (ServerState.java:close(394)) - 450b4a05-ccf1-4a74-b0e9-8f60a565bcdf:group-D8FF86FC734D closes. The last applied log index is 0
2019-09-20 08:26:45,407 [b15ba93f-acd0-4121-9586-decea32bb3dc-SegmentedRaftLogWorker:Storage Directory /workdir/hadoop-ozone/ozonefs/target/test-dir/MiniOzoneClusterImpl-083ee7b7-6048-484a-8bff-e922192676bf/datanode-0/data/ratis/f0871c0d-66c0-4825-a716-1f1198f5923c] INFO  segmented.SegmentedRaftLogWorker (SegmentedRaftLogWorker.java:run(313)) - b15ba93f-acd0-4121-9586-decea32bb3dc-SegmentedRaftLogWorker:Storage Directory /workdir/hadoop-ozone/ozonefs/target/test-dir/MiniOzoneClusterImpl-083ee7b7-6048-484a-8bff-e922192676bf/datanode-0/data/ratis/f0871c0d-66c0-4825-a716-1f1198f5923c was interrupted, exiting. There are 0 tasks remaining in the queue.
2019-09-20 08:26:45,408 [450b4a05-ccf1-4a74-b0e9-8f60a565bcdf-SegmentedRaftLogWorker:Storage Directory /workdir/hadoop-ozone/ozonefs/target/test-dir/MiniOzoneClusterImpl-083ee7b7-6048-484a-8bff-e922192676bf/datanode-1/data/ratis/e249553a-6bc5-41c9-bc25-d8ff86fc734d] INFO  segmented.SegmentedRaftLogWorker (SegmentedRaftLogWorker.java:run(313)) - 450b4a05-ccf1-4a74-b0e9-8f60a565bcdf-SegmentedRaftLogWorker:Storage Directory /workdir/hadoop-ozone/ozonefs/target/test-dir/MiniOzoneClusterImpl-083ee7b7-6048-484a-8bff-e922192676bf/datanode-1/data/ratis/e249553a-6bc5-41c9-bc25-d8ff86fc734d was interrupted, exiting. There are 0 tasks remaining in the queue.
2019-09-20 08:26:45,408 [ForkJoinPool.commonPool-worker-1] INFO  segmented.SegmentedRaftLogWorker (SegmentedRaftLogWorker.java:close(228)) - b15ba93f-acd0-4121-9586-decea32bb3dc-SegmentedRaftLogWorker:Storage Directory /workdir/hadoop-ozone/ozonefs/target/test-dir/MiniOzoneClusterImpl-083ee7b7-6048-484a-8bff-e922192676bf/datanode-0/data/ratis/f0871c0d-66c0-4825-a716-1f1198f5923c close()
2019-09-20 08:26:45,408 [Thread-1070] INFO  segmented.SegmentedRaftLogWorker (SegmentedRaftLogWorker.java:close(228)) - 450b4a05-ccf1-4a74-b0e9-8f60a565bcdf-SegmentedRaftLogWorker:Storage Directory /workdir/hadoop-ozone/ozonefs/target/test-dir/MiniOzoneClusterImpl-083ee7b7-6048-484a-8bff-e922192676bf/datanode-1/data/ratis/e249553a-6bc5-41c9-bc25-d8ff86fc734d close()
2019-09-20 08:26:45,412 [ForkJoinPool.commonPool-worker-1] INFO  impl.RaftServerImpl (RaftServerImpl.java:lambda$shutdown$3(245)) - b15ba93f-acd0-4121-9586-decea32bb3dc: shutdown group-3D5707E83EE3
2019-09-20 08:26:45,426 [Thread-1070] INFO  impl.RaftServerImpl (RaftServerImpl.java:lambda$shutdown$3(245)) - 450b4a05-ccf1-4a74-b0e9-8f60a565bcdf: shutdown group-EFA316AEC1B3
2019-09-20 08:26:45,426 [ForkJoinPool.commonPool-worker-1] INFO  util.JmxRegister (JmxRegister.java:unregister(73)) - Successfully un-registered JMX Bean with object name Ratis:service=RaftServer,group=group-3D5707E83EE3,id=b15ba93f-acd0-4121-9586-decea32bb3dc
2019-09-20 08:26:45,427 [Thread-1070] INFO  util.JmxRegister (JmxRegister.java:unregister(73)) - Successfully un-registered JMX Bean with object name Ratis:service=RaftServer,group=group-EFA316AEC1B3,id=450b4a05-ccf1-4a74-b0e9-8f60a565bcdf
2019-09-20 08:26:45,427 [ForkJoinPool.commonPool-worker-1] INFO  impl.RoleInfo (RoleInfo.java:shutdownLeaderState(104)) - b15ba93f-acd0-4121-9586-decea32bb3dc: shutdown LeaderState
2019-09-20 08:26:45,428 [Thread-1070] INFO  impl.RoleInfo (RoleInfo.java:shutdownLeaderState(104)) - 450b4a05-ccf1-4a74-b0e9-8f60a565bcdf: shutdown LeaderState
2019-09-20 08:26:45,428 [ForkJoinPool.commonPool-worker-1] INFO  impl.PendingRequests (PendingRequests.java:sendNotLeaderResponses(202)) - b15ba93f-acd0-4121-9586-decea32bb3dc-PendingRequests: sendNotLeaderResponses
2019-09-20 08:26:45,429 [Thread-1070] INFO  impl.PendingRequests (PendingRequests.java:sendNotLeaderResponses(202)) - 450b4a05-ccf1-4a74-b0e9-8f60a565bcdf-PendingRequests: sendNotLeaderResponses
2019-09-20 08:26:45,429 [ForkJoinPool.commonPool-worker-1] INFO  impl.StateMachineUpdater (StateMachineUpdater.java:stopAndJoin(115)) - StateMachineUpdater:b15ba93f-acd0-4121-9586-decea32bb3dc:group-3D5707E83EE3: set stopIndex = 0
2019-09-20 08:26:45,430 [Thread-1070] INFO  impl.StateMachineUpdater (StateMachineUpdater.java:stopAndJoin(115)) - StateMachineUpdater:450b4a05-ccf1-4a74-b0e9-8f60a565bcdf:group-EFA316AEC1B3: set stopIndex = 0
2019-09-20 08:26:45,430 [ForkJoinPool.commonPool-worker-1] INFO  impl.RaftServerImpl (ServerState.java:close(394)) - b15ba93f-acd0-4121-9586-decea32bb3dc:group-3D5707E83EE3 closes. The last applied log index is 0
2019-09-20 08:26:45,430 [Thread-1070] INFO  impl.RaftServerImpl (ServerState.java:close(394)) - 450b4a05-ccf1-4a74-b0e9-8f60a565bcdf:group-EFA316AEC1B3 closes. The last applied log index is 0
2019-09-20 08:26:45,431 [b15ba93f-acd0-4121-9586-decea32bb3dc-SegmentedRaftLogWorker:Storage Directory /workdir/hadoop-ozone/ozonefs/target/test-dir/MiniOzoneClusterImpl-083ee7b7-6048-484a-8bff-e922192676bf/datanode-0/data/ratis/c39bef66-0445-4d57-8a7b-3d5707e83ee3] INFO  segmented.SegmentedRaftLogWorker (SegmentedRaftLogWorker.java:run(313)) - b15ba93f-acd0-4121-9586-decea32bb3dc-SegmentedRaftLogWorker:Storage Directory /workdir/hadoop-ozone/ozonefs/target/test-dir/MiniOzoneClusterImpl-083ee7b7-6048-484a-8bff-e922192676bf/datanode-0/data/ratis/c39bef66-0445-4d57-8a7b-3d5707e83ee3 was interrupted, exiting. There are 0 tasks remaining in the queue.
2019-09-20 08:26:45,431 [450b4a05-ccf1-4a74-b0e9-8f60a565bcdf-SegmentedRaftLogWorker:Storage Directory /workdir/hadoop-ozone/ozonefs/target/test-dir/MiniOzoneClusterImpl-083ee7b7-6048-484a-8bff-e922192676bf/datanode-1/data/ratis/09a70f47-4f1f-4f8a-bf5e-efa316aec1b3] INFO  segmented.SegmentedRaftLogWorker (SegmentedRaftLogWorker.java:run(313)) - 450b4a05-ccf1-4a74-b0e9-8f60a565bcdf-SegmentedRaftLogWorker:Storage Directory /workdir/hadoop-ozone/ozonefs/target/test-dir/MiniOzoneClusterImpl-083ee7b7-6048-484a-8bff-e922192676bf/datanode-1/data/ratis/09a70f47-4f1f-4f8a-bf5e-efa316aec1b3 was interrupted, exiting. There are 0 tasks remaining in the queue.
2019-09-20 08:26:45,431 [ForkJoinPool.commonPool-worker-1] INFO  segmented.SegmentedRaftLogWorker (SegmentedRaftLogWorker.java:close(228)) - b15ba93f-acd0-4121-9586-decea32bb3dc-SegmentedRaftLogWorker:Storage Directory /workdir/hadoop-ozone/ozonefs/target/test-dir/MiniOzoneClusterImpl-083ee7b7-6048-484a-8bff-e922192676bf/datanode-0/data/ratis/c39bef66-0445-4d57-8a7b-3d5707e83ee3 close()
2019-09-20 08:26:45,432 [Thread-1070] INFO  segmented.SegmentedRaftLogWorker (SegmentedRaftLogWorker.java:close(228)) - 450b4a05-ccf1-4a74-b0e9-8f60a565bcdf-SegmentedRaftLogWorker:Storage Directory /workdir/hadoop-ozone/ozonefs/target/test-dir/MiniOzoneClusterImpl-083ee7b7-6048-484a-8bff-e922192676bf/datanode-1/data/ratis/09a70f47-4f1f-4f8a-bf5e-efa316aec1b3 close()
2019-09-20 08:26:45,432 [ForkJoinPool.commonPool-worker-1] INFO  impl.RaftServerImpl (RaftServerImpl.java:lambda$shutdown$3(245)) - b15ba93f-acd0-4121-9586-decea32bb3dc: shutdown group-7F5E78A68E3D
2019-09-20 08:26:45,432 [Thread-1070] INFO  impl.RaftServerImpl (RaftServerImpl.java:lambda$shutdown$3(245)) - 450b4a05-ccf1-4a74-b0e9-8f60a565bcdf: shutdown group-0B15C756D3DC
2019-09-20 08:26:45,432 [ForkJoinPool.commonPool-worker-1] INFO  util.JmxRegister (JmxRegister.java:unregister(73)) - Successfully un-registered JMX Bean with object name Ratis:service=RaftServer,group=group-7F5E78A68E3D,id=b15ba93f-acd0-4121-9586-decea32bb3dc
2019-09-20 08:26:45,433 [Thread-1070] INFO  util.JmxRegister (JmxRegister.java:unregister(73)) - Successfully un-registered JMX Bean with object name Ratis:service=RaftServer,group=group-0B15C756D3DC,id=450b4a05-ccf1-4a74-b0e9-8f60a565bcdf
2019-09-20 08:26:45,433 [ForkJoinPool.commonPool-worker-1] INFO  impl.RoleInfo (RoleInfo.java:shutdownLeaderState(104)) - b15ba93f-acd0-4121-9586-decea32bb3dc: shutdown LeaderState
2019-09-20 08:26:45,433 [Thread-1070] INFO  impl.RoleInfo (RoleInfo.java:shutdownLeaderState(104)) - 450b4a05-ccf1-4a74-b0e9-8f60a565bcdf: shutdown LeaderState
2019-09-20 08:26:45,434 [ForkJoinPool.commonPool-worker-1] INFO  impl.PendingRequests (PendingRequests.java:sendNotLeaderResponses(202)) - b15ba93f-acd0-4121-9586-decea32bb3dc-PendingRequests: sendNotLeaderResponses
2019-09-20 08:26:45,434 [Thread-1070] INFO  impl.PendingRequests (PendingRequests.java:sendNotLeaderResponses(202)) - 450b4a05-ccf1-4a74-b0e9-8f60a565bcdf-PendingRequests: sendNotLeaderResponses
2019-09-20 08:26:45,434 [ForkJoinPool.commonPool-worker-1] INFO  impl.StateMachineUpdater (StateMachineUpdater.java:stopAndJoin(115)) - StateMachineUpdater:b15ba93f-acd0-4121-9586-decea32bb3dc:group-7F5E78A68E3D: set stopIndex = 0
2019-09-20 08:26:45,435 [ForkJoinPool.commonPool-worker-1] INFO  impl.RaftServerImpl (ServerState.java:close(394)) - b15ba93f-acd0-4121-9586-decea32bb3dc:group-7F5E78A68E3D closes. The last applied log index is 0
2019-09-20 08:26:45,435 [Thread-1070] INFO  impl.StateMachineUpdater (StateMachineUpdater.java:stopAndJoin(115)) - StateMachineUpdater:450b4a05-ccf1-4a74-b0e9-8f60a565bcdf:group-0B15C756D3DC: set stopIndex = 0
2019-09-20 08:26:45,435 [Thread-1070] INFO  impl.RaftServerImpl (ServerState.java:close(394)) - 450b4a05-ccf1-4a74-b0e9-8f60a565bcdf:group-0B15C756D3DC closes. The last applied log index is 0
2019-09-20 08:26:45,435 [b15ba93f-acd0-4121-9586-decea32bb3dc-SegmentedRaftLogWorker:Storage Directory /workdir/hadoop-ozone/ozonefs/target/test-dir/MiniOzoneClusterImpl-083ee7b7-6048-484a-8bff-e922192676bf/datanode-0/data/ratis/5d208329-4735-4664-8687-7f5e78a68e3d] INFO  segmented.SegmentedRaftLogWorker (SegmentedRaftLogWorker.java:run(313)) - b15ba93f-acd0-4121-9586-decea32bb3dc-SegmentedRaftLogWorker:Storage Directory /workdir/hadoop-ozone/ozonefs/target/test-dir/MiniOzoneClusterImpl-083ee7b7-6048-484a-8bff-e922192676bf/datanode-0/data/ratis/5d208329-4735-4664-8687-7f5e78a68e3d was interrupted, exiting. There are 0 tasks remaining in the queue.
2019-09-20 08:26:45,436 [450b4a05-ccf1-4a74-b0e9-8f60a565bcdf-SegmentedRaftLogWorker:Storage Directory /workdir/hadoop-ozone/ozonefs/target/test-dir/MiniOzoneClusterImpl-083ee7b7-6048-484a-8bff-e922192676bf/datanode-1/data/ratis/93263cbb-0bea-454d-aef6-0b15c756d3dc] INFO  segmented.SegmentedRaftLogWorker (SegmentedRaftLogWorker.java:run(313)) - 450b4a05-ccf1-4a74-b0e9-8f60a565bcdf-SegmentedRaftLogWorker:Storage Directory /workdir/hadoop-ozone/ozonefs/target/test-dir/MiniOzoneClusterImpl-083ee7b7-6048-484a-8bff-e922192676bf/datanode-1/data/ratis/93263cbb-0bea-454d-aef6-0b15c756d3dc was interrupted, exiting. There are 0 tasks remaining in the queue.
2019-09-20 08:26:45,436 [ForkJoinPool.commonPool-worker-1] INFO  segmented.SegmentedRaftLogWorker (SegmentedRaftLogWorker.java:close(228)) - b15ba93f-acd0-4121-9586-decea32bb3dc-SegmentedRaftLogWorker:Storage Directory /workdir/hadoop-ozone/ozonefs/target/test-dir/MiniOzoneClusterImpl-083ee7b7-6048-484a-8bff-e922192676bf/datanode-0/data/ratis/5d208329-4735-4664-8687-7f5e78a68e3d close()
2019-09-20 08:26:45,436 [Thread-1070] INFO  segmented.SegmentedRaftLogWorker (SegmentedRaftLogWorker.java:close(228)) - 450b4a05-ccf1-4a74-b0e9-8f60a565bcdf-SegmentedRaftLogWorker:Storage Directory /workdir/hadoop-ozone/ozonefs/target/test-dir/MiniOzoneClusterImpl-083ee7b7-6048-484a-8bff-e922192676bf/datanode-1/data/ratis/93263cbb-0bea-454d-aef6-0b15c756d3dc close()
2019-09-20 08:26:45,436 [ForkJoinPool.commonPool-worker-1] INFO  impl.RaftServerImpl (RaftServerImpl.java:lambda$shutdown$3(245)) - b15ba93f-acd0-4121-9586-decea32bb3dc: shutdown group-9C5407BA5540
2019-09-20 08:26:45,437 [Thread-1070] INFO  impl.RaftServerImpl (RaftServerImpl.java:lambda$shutdown$3(245)) - 450b4a05-ccf1-4a74-b0e9-8f60a565bcdf: shutdown group-5779A9D8903C
2019-09-20 08:26:45,437 [ForkJoinPool.commonPool-worker-1] INFO  util.JmxRegister (JmxRegister.java:unregister(73)) - Successfully un-registered JMX Bean with object name Ratis:service=RaftServer,group=group-9C5407BA5540,id=b15ba93f-acd0-4121-9586-decea32bb3dc
2019-09-20 08:26:45,437 [Thread-1070] INFO  util.JmxRegister (JmxRegister.java:unregister(73)) - Successfully un-registered JMX Bean with object name Ratis:service=RaftServer,group=group-5779A9D8903C,id=450b4a05-ccf1-4a74-b0e9-8f60a565bcdf
2019-09-20 08:26:45,438 [ForkJoinPool.commonPool-worker-1] INFO  impl.RoleInfo (RoleInfo.java:shutdownLeaderState(104)) - b15ba93f-acd0-4121-9586-decea32bb3dc: shutdown LeaderState
2019-09-20 08:26:45,438 [Thread-1070] INFO  impl.RoleInfo (RoleInfo.java:shutdownLeaderState(104)) - 450b4a05-ccf1-4a74-b0e9-8f60a565bcdf: shutdown LeaderState
2019-09-20 08:26:45,438 [ForkJoinPool.commonPool-worker-1] INFO  impl.PendingRequests (PendingRequests.java:sendNotLeaderResponses(202)) - b15ba93f-acd0-4121-9586-decea32bb3dc-PendingRequests: sendNotLeaderResponses
2019-09-20 08:26:45,439 [Thread-1070] INFO  impl.PendingRequests (PendingRequests.java:sendNotLeaderResponses(202)) - 450b4a05-ccf1-4a74-b0e9-8f60a565bcdf-PendingRequests: sendNotLeaderResponses
2019-09-20 08:26:45,439 [ForkJoinPool.commonPool-worker-1] INFO  impl.StateMachineUpdater (StateMachineUpdater.java:stopAndJoin(115)) - StateMachineUpdater:b15ba93f-acd0-4121-9586-decea32bb3dc:group-9C5407BA5540: set stopIndex = 0
2019-09-20 08:26:45,439 [Thread-1070] INFO  impl.StateMachineUpdater (StateMachineUpdater.java:stopAndJoin(115)) - StateMachineUpdater:450b4a05-ccf1-4a74-b0e9-8f60a565bcdf:group-5779A9D8903C: set stopIndex = 0
2019-09-20 08:26:45,439 [ForkJoinPool.commonPool-worker-1] INFO  impl.RaftServerImpl (ServerState.java:close(394)) - b15ba93f-acd0-4121-9586-decea32bb3dc:group-9C5407BA5540 closes. The last applied log index is 0
2019-09-20 08:26:45,440 [Thread-1070] INFO  impl.RaftServerImpl (ServerState.java:close(394)) - 450b4a05-ccf1-4a74-b0e9-8f60a565bcdf:group-5779A9D8903C closes. The last applied log index is 0
2019-09-20 08:26:45,440 [b15ba93f-acd0-4121-9586-decea32bb3dc-SegmentedRaftLogWorker:Storage Directory /workdir/hadoop-ozone/ozonefs/target/test-dir/MiniOzoneClusterImpl-083ee7b7-6048-484a-8bff-e922192676bf/datanode-0/data/ratis/892a5eb4-cb99-4a6e-ac8b-9c5407ba5540] INFO  segmented.SegmentedRaftLogWorker (SegmentedRaftLogWorker.java:run(313)) - b15ba93f-acd0-4121-9586-decea32bb3dc-SegmentedRaftLogWorker:Storage Directory /workdir/hadoop-ozone/ozonefs/target/test-dir/MiniOzoneClusterImpl-083ee7b7-6048-484a-8bff-e922192676bf/datanode-0/data/ratis/892a5eb4-cb99-4a6e-ac8b-9c5407ba5540 was interrupted, exiting. There are 0 tasks remaining in the queue.
2019-09-20 08:26:45,440 [450b4a05-ccf1-4a74-b0e9-8f60a565bcdf-SegmentedRaftLogWorker:Storage Directory /workdir/hadoop-ozone/ozonefs/target/test-dir/MiniOzoneClusterImpl-083ee7b7-6048-484a-8bff-e922192676bf/datanode-1/data/ratis/2ab3539e-f2db-4f01-b450-5779a9d8903c] INFO  segmented.SegmentedRaftLogWorker (SegmentedRaftLogWorker.java:run(313)) - 450b4a05-ccf1-4a74-b0e9-8f60a565bcdf-SegmentedRaftLogWorker:Storage Directory /workdir/hadoop-ozone/ozonefs/target/test-dir/MiniOzoneClusterImpl-083ee7b7-6048-484a-8bff-e922192676bf/datanode-1/data/ratis/2ab3539e-f2db-4f01-b450-5779a9d8903c was interrupted, exiting. There are 0 tasks remaining in the queue.
2019-09-20 08:26:45,440 [ForkJoinPool.commonPool-worker-1] INFO  segmented.SegmentedRaftLogWorker (SegmentedRaftLogWorker.java:close(228)) - b15ba93f-acd0-4121-9586-decea32bb3dc-SegmentedRaftLogWorker:Storage Directory /workdir/hadoop-ozone/ozonefs/target/test-dir/MiniOzoneClusterImpl-083ee7b7-6048-484a-8bff-e922192676bf/datanode-0/data/ratis/892a5eb4-cb99-4a6e-ac8b-9c5407ba5540 close()
2019-09-20 08:26:45,440 [Thread-1070] INFO  segmented.SegmentedRaftLogWorker (SegmentedRaftLogWorker.java:close(228)) - 450b4a05-ccf1-4a74-b0e9-8f60a565bcdf-SegmentedRaftLogWorker:Storage Directory /workdir/hadoop-ozone/ozonefs/target/test-dir/MiniOzoneClusterImpl-083ee7b7-6048-484a-8bff-e922192676bf/datanode-1/data/ratis/2ab3539e-f2db-4f01-b450-5779a9d8903c close()
2019-09-20 08:26:45,441 [ForkJoinPool.commonPool-worker-1] INFO  impl.RaftServerImpl (RaftServerImpl.java:lambda$shutdown$3(245)) - b15ba93f-acd0-4121-9586-decea32bb3dc: shutdown group-11ACAE9044CD
2019-09-20 08:26:45,441 [Thread-1070] INFO  impl.RaftServerImpl (RaftServerImpl.java:lambda$shutdown$3(245)) - 450b4a05-ccf1-4a74-b0e9-8f60a565bcdf: shutdown group-EF9A9D5D0A8F
2019-09-20 08:26:45,441 [ForkJoinPool.commonPool-worker-1] INFO  util.JmxRegister (JmxRegister.java:unregister(73)) - Successfully un-registered JMX Bean with object name Ratis:service=RaftServer,group=group-11ACAE9044CD,id=b15ba93f-acd0-4121-9586-decea32bb3dc
2019-09-20 08:26:45,441 [Thread-1070] INFO  util.JmxRegister (JmxRegister.java:unregister(73)) - Successfully un-registered JMX Bean with object name Ratis:service=RaftServer,group=group-EF9A9D5D0A8F,id=450b4a05-ccf1-4a74-b0e9-8f60a565bcdf
2019-09-20 08:26:45,441 [ForkJoinPool.commonPool-worker-1] INFO  impl.RoleInfo (RoleInfo.java:shutdownLeaderState(104)) - b15ba93f-acd0-4121-9586-decea32bb3dc: shutdown LeaderState
2019-09-20 08:26:45,442 [Thread-1070] INFO  impl.RoleInfo (RoleInfo.java:shutdownLeaderState(104)) - 450b4a05-ccf1-4a74-b0e9-8f60a565bcdf: shutdown LeaderState
2019-09-20 08:26:45,442 [ForkJoinPool.commonPool-worker-1] INFO  impl.PendingRequests (PendingRequests.java:sendNotLeaderResponses(202)) - b15ba93f-acd0-4121-9586-decea32bb3dc-PendingRequests: sendNotLeaderResponses
2019-09-20 08:26:45,442 [Thread-1070] INFO  impl.PendingRequests (PendingRequests.java:sendNotLeaderResponses(202)) - 450b4a05-ccf1-4a74-b0e9-8f60a565bcdf-PendingRequests: sendNotLeaderResponses
2019-09-20 08:26:45,442 [ForkJoinPool.commonPool-worker-1] INFO  impl.StateMachineUpdater (StateMachineUpdater.java:stopAndJoin(115)) - StateMachineUpdater:b15ba93f-acd0-4121-9586-decea32bb3dc:group-11ACAE9044CD: set stopIndex = 0
2019-09-20 08:26:45,443 [Thread-1070] INFO  impl.StateMachineUpdater (StateMachineUpdater.java:stopAndJoin(115)) - StateMachineUpdater:450b4a05-ccf1-4a74-b0e9-8f60a565bcdf:group-EF9A9D5D0A8F: set stopIndex = 0
2019-09-20 08:26:45,443 [ForkJoinPool.commonPool-worker-1] INFO  impl.RaftServerImpl (ServerState.java:close(394)) - b15ba93f-acd0-4121-9586-decea32bb3dc:group-11ACAE9044CD closes. The last applied log index is 0
2019-09-20 08:26:45,443 [Thread-1070] INFO  impl.RaftServerImpl (ServerState.java:close(394)) - 450b4a05-ccf1-4a74-b0e9-8f60a565bcdf:group-EF9A9D5D0A8F closes. The last applied log index is 0
2019-09-20 08:26:45,444 [b15ba93f-acd0-4121-9586-decea32bb3dc-SegmentedRaftLogWorker:Storage Directory /workdir/hadoop-ozone/ozonefs/target/test-dir/MiniOzoneClusterImpl-083ee7b7-6048-484a-8bff-e922192676bf/datanode-0/data/ratis/77b42eb3-7863-4e1b-a593-11acae9044cd] INFO  segmented.SegmentedRaftLogWorker (SegmentedRaftLogWorker.java:run(313)) - b15ba93f-acd0-4121-9586-decea32bb3dc-SegmentedRaftLogWorker:Storage Directory /workdir/hadoop-ozone/ozonefs/target/test-dir/MiniOzoneClusterImpl-083ee7b7-6048-484a-8bff-e922192676bf/datanode-0/data/ratis/77b42eb3-7863-4e1b-a593-11acae9044cd was interrupted, exiting. There are 0 tasks remaining in the queue.
2019-09-20 08:26:45,444 [450b4a05-ccf1-4a74-b0e9-8f60a565bcdf-SegmentedRaftLogWorker:Storage Directory /workdir/hadoop-ozone/ozonefs/target/test-dir/MiniOzoneClusterImpl-083ee7b7-6048-484a-8bff-e922192676bf/datanode-1/data/ratis/dc74f215-8c66-4965-b9b4-ef9a9d5d0a8f] INFO  segmented.SegmentedRaftLogWorker (SegmentedRaftLogWorker.java:run(313)) - 450b4a05-ccf1-4a74-b0e9-8f60a565bcdf-SegmentedRaftLogWorker:Storage Directory /workdir/hadoop-ozone/ozonefs/target/test-dir/MiniOzoneClusterImpl-083ee7b7-6048-484a-8bff-e922192676bf/datanode-1/data/ratis/dc74f215-8c66-4965-b9b4-ef9a9d5d0a8f was interrupted, exiting. There are 0 tasks remaining in the queue.
2019-09-20 08:26:45,444 [ForkJoinPool.commonPool-worker-1] INFO  segmented.SegmentedRaftLogWorker (SegmentedRaftLogWorker.java:close(228)) - b15ba93f-acd0-4121-9586-decea32bb3dc-SegmentedRaftLogWorker:Storage Directory /workdir/hadoop-ozone/ozonefs/target/test-dir/MiniOzoneClusterImpl-083ee7b7-6048-484a-8bff-e922192676bf/datanode-0/data/ratis/77b42eb3-7863-4e1b-a593-11acae9044cd close()
2019-09-20 08:26:45,444 [Thread-1070] INFO  segmented.SegmentedRaftLogWorker (SegmentedRaftLogWorker.java:close(228)) - 450b4a05-ccf1-4a74-b0e9-8f60a565bcdf-SegmentedRaftLogWorker:Storage Directory /workdir/hadoop-ozone/ozonefs/target/test-dir/MiniOzoneClusterImpl-083ee7b7-6048-484a-8bff-e922192676bf/datanode-1/data/ratis/dc74f215-8c66-4965-b9b4-ef9a9d5d0a8f close()
2019-09-20 08:26:45,444 [ForkJoinPool.commonPool-worker-1] INFO  impl.RaftServerImpl (RaftServerImpl.java:lambda$shutdown$3(245)) - b15ba93f-acd0-4121-9586-decea32bb3dc: shutdown group-F54023A364D2
2019-09-20 08:26:45,445 [Thread-1070] INFO  impl.RaftServerImpl (RaftServerImpl.java:lambda$shutdown$3(245)) - 450b4a05-ccf1-4a74-b0e9-8f60a565bcdf: shutdown group-745834E80712
2019-09-20 08:26:45,445 [ForkJoinPool.commonPool-worker-1] INFO  util.JmxRegister (JmxRegister.java:unregister(73)) - Successfully un-registered JMX Bean with object name Ratis:service=RaftServer,group=group-F54023A364D2,id=b15ba93f-acd0-4121-9586-decea32bb3dc
2019-09-20 08:26:45,445 [Thread-1070] INFO  util.JmxRegister (JmxRegister.java:unregister(73)) - Successfully un-registered JMX Bean with object name Ratis:service=RaftServer,group=group-745834E80712,id=450b4a05-ccf1-4a74-b0e9-8f60a565bcdf
2019-09-20 08:26:45,445 [ForkJoinPool.commonPool-worker-1] INFO  impl.RoleInfo (RoleInfo.java:shutdownLeaderState(104)) - b15ba93f-acd0-4121-9586-decea32bb3dc: shutdown LeaderState
2019-09-20 08:26:45,445 [Thread-1070] INFO  impl.RoleInfo (RoleInfo.java:shutdownLeaderState(104)) - 450b4a05-ccf1-4a74-b0e9-8f60a565bcdf: shutdown LeaderState
2019-09-20 08:26:45,446 [ForkJoinPool.commonPool-worker-1] INFO  impl.PendingRequests (PendingRequests.java:sendNotLeaderResponses(202)) - b15ba93f-acd0-4121-9586-decea32bb3dc-PendingRequests: sendNotLeaderResponses
2019-09-20 08:26:45,446 [Thread-1070] INFO  impl.PendingRequests (PendingRequests.java:sendNotLeaderResponses(202)) - 450b4a05-ccf1-4a74-b0e9-8f60a565bcdf-PendingRequests: sendNotLeaderResponses
2019-09-20 08:26:45,446 [ForkJoinPool.commonPool-worker-1] INFO  impl.StateMachineUpdater (StateMachineUpdater.java:stopAndJoin(115)) - StateMachineUpdater:b15ba93f-acd0-4121-9586-decea32bb3dc:group-F54023A364D2: set stopIndex = 0
2019-09-20 08:26:45,447 [Thread-1070] INFO  impl.StateMachineUpdater (StateMachineUpdater.java:stopAndJoin(115)) - StateMachineUpdater:450b4a05-ccf1-4a74-b0e9-8f60a565bcdf:group-745834E80712: set stopIndex = 0
2019-09-20 08:26:45,447 [ForkJoinPool.commonPool-worker-1] INFO  impl.RaftServerImpl (ServerState.java:close(394)) - b15ba93f-acd0-4121-9586-decea32bb3dc:group-F54023A364D2 closes. The last applied log index is 0
2019-09-20 08:26:45,447 [Thread-1070] INFO  impl.RaftServerImpl (ServerState.java:close(394)) - 450b4a05-ccf1-4a74-b0e9-8f60a565bcdf:group-745834E80712 closes. The last applied log index is 0
2019-09-20 08:26:45,448 [b15ba93f-acd0-4121-9586-decea32bb3dc-SegmentedRaftLogWorker:Storage Directory /workdir/hadoop-ozone/ozonefs/target/test-dir/MiniOzoneClusterImpl-083ee7b7-6048-484a-8bff-e922192676bf/datanode-0/data/ratis/49a5c226-f95c-4a18-b459-f54023a364d2] INFO  segmented.SegmentedRaftLogWorker (SegmentedRaftLogWorker.java:run(313)) - b15ba93f-acd0-4121-9586-decea32bb3dc-SegmentedRaftLogWorker:Storage Directory /workdir/hadoop-ozone/ozonefs/target/test-dir/MiniOzoneClusterImpl-083ee7b7-6048-484a-8bff-e922192676bf/datanode-0/data/ratis/49a5c226-f95c-4a18-b459-f54023a364d2 was interrupted, exiting. There are 0 tasks remaining in the queue.
2019-09-20 08:26:45,448 [450b4a05-ccf1-4a74-b0e9-8f60a565bcdf-SegmentedRaftLogWorker:Storage Directory /workdir/hadoop-ozone/ozonefs/target/test-dir/MiniOzoneClusterImpl-083ee7b7-6048-484a-8bff-e922192676bf/datanode-1/data/ratis/82783891-57d6-4439-bebb-745834e80712] INFO  segmented.SegmentedRaftLogWorker (SegmentedRaftLogWorker.java:run(313)) - 450b4a05-ccf1-4a74-b0e9-8f60a565bcdf-SegmentedRaftLogWorker:Storage Directory /workdir/hadoop-ozone/ozonefs/target/test-dir/MiniOzoneClusterImpl-083ee7b7-6048-484a-8bff-e922192676bf/datanode-1/data/ratis/82783891-57d6-4439-bebb-745834e80712 was interrupted, exiting. There are 0 tasks remaining in the queue.
2019-09-20 08:26:45,448 [ForkJoinPool.commonPool-worker-1] INFO  segmented.SegmentedRaftLogWorker (SegmentedRaftLogWorker.java:close(228)) - b15ba93f-acd0-4121-9586-decea32bb3dc-SegmentedRaftLogWorker:Storage Directory /workdir/hadoop-ozone/ozonefs/target/test-dir/MiniOzoneClusterImpl-083ee7b7-6048-484a-8bff-e922192676bf/datanode-0/data/ratis/49a5c226-f95c-4a18-b459-f54023a364d2 close()
2019-09-20 08:26:45,448 [Thread-1070] INFO  segmented.SegmentedRaftLogWorker (SegmentedRaftLogWorker.java:close(228)) - 450b4a05-ccf1-4a74-b0e9-8f60a565bcdf-SegmentedRaftLogWorker:Storage Directory /workdir/hadoop-ozone/ozonefs/target/test-dir/MiniOzoneClusterImpl-083ee7b7-6048-484a-8bff-e922192676bf/datanode-1/data/ratis/82783891-57d6-4439-bebb-745834e80712 close()
2019-09-20 08:26:45,448 [ForkJoinPool.commonPool-worker-1] INFO  server.GrpcService (GrpcService.java:closeImpl(155)) - b15ba93f-acd0-4121-9586-decea32bb3dc: shutdown server with port 39913 now
2019-09-20 08:26:45,449 [Thread-1070] INFO  server.GrpcService (GrpcService.java:closeImpl(155)) - 450b4a05-ccf1-4a74-b0e9-8f60a565bcdf: shutdown server with port 32870 now
2019-09-20 08:26:45,451 [ForkJoinPool.commonPool-worker-1] INFO  server.GrpcService (GrpcService.java:closeImpl(163)) - b15ba93f-acd0-4121-9586-decea32bb3dc: shutdown server with port 39913 successfully
2019-09-20 08:26:45,452 [Thread-1070] INFO  server.GrpcService (GrpcService.java:closeImpl(163)) - 450b4a05-ccf1-4a74-b0e9-8f60a565bcdf: shutdown server with port 32870 successfully
2019-09-20 08:26:45,454 [ForkJoinPool.commonPool-worker-1] INFO  utils.BackgroundService (BackgroundService.java:shutdown(148)) - Shutting down service BlockDeletingService
2019-09-20 08:26:45,454 [Thread-1070] INFO  utils.BackgroundService (BackgroundService.java:shutdown(148)) - Shutting down service BlockDeletingService
2019-09-20 08:26:45,456 [refreshUsed-/workdir/hadoop-ozone/ozonefs/target/test-dir/MiniOzoneClusterImpl-083ee7b7-6048-484a-8bff-e922192676bf/datanode-0/data/containers] WARN  fs.CachingGetSpaceUsed (CachingGetSpaceUsed.java:run(183)) - Thread Interrupted waiting to refresh disk information: sleep interrupted
2019-09-20 08:26:45,456 [refreshUsed-/workdir/hadoop-ozone/ozonefs/target/test-dir/MiniOzoneClusterImpl-083ee7b7-6048-484a-8bff-e922192676bf/datanode-1/data/containers] WARN  fs.CachingGetSpaceUsed (CachingGetSpaceUsed.java:run(183)) - Thread Interrupted waiting to refresh disk information: sleep interrupted
2019-09-20 08:26:45,479 [ForkJoinPool.commonPool-worker-1] INFO  statemachine.DatanodeStateMachine (DatanodeStateMachine.java:stopDaemon(395)) - Ozone container server stopped.
2019-09-20 08:26:45,482 [ForkJoinPool.commonPool-worker-1] INFO  handler.ContextHandler (ContextHandler.java:doStop(910)) - Stopped o.e.j.w.WebAppContext@50b73f53{/,null,UNAVAILABLE}{/hddsDatanode}
2019-09-20 08:26:45,483 [ForkJoinPool.commonPool-worker-1] INFO  server.AbstractConnector (AbstractConnector.java:doStop(318)) - Stopped ServerConnector@5a467217{HTTP/1.1,[http/1.1]}{0.0.0.0:0}
2019-09-20 08:26:45,484 [ForkJoinPool.commonPool-worker-1] INFO  handler.ContextHandler (ContextHandler.java:doStop(910)) - Stopped o.e.j.s.ServletContextHandler@5ad677ea{/static,jar:file:/home/user/.m2/repository/org/apache/hadoop/hadoop-hdds-container-service/0.5.0-SNAPSHOT/hadoop-hdds-container-service-0.5.0-SNAPSHOT.jar!/webapps/static,UNAVAILABLE}
2019-09-20 08:26:45,485 [ForkJoinPool.commonPool-worker-1] INFO  handler.ContextHandler (ContextHandler.java:doStop(910)) - Stopped o.e.j.s.ServletContextHandler@410905cb{/logs,file:///workdir/hadoop-ozone/ozonefs/target/log,UNAVAILABLE}
2019-09-20 08:26:45,486 [ForkJoinPool.commonPool-worker-1] INFO  datanode.ObjectStoreHandler (ObjectStoreHandler.java:close(155)) - Closing ObjectStoreHandler.
2019-09-20 08:26:45,487 [ForkJoinPool.commonPool-worker-1] INFO  ozone.HddsDatanodeService (HddsDatanodeService.java:stop(451)) - Stopped plug-in org.apache.hadoop.ozone.web.OzoneHddsDatanodeService@197bee97
2019-09-20 08:26:45,489 [Thread-1070] INFO  statemachine.DatanodeStateMachine (DatanodeStateMachine.java:stopDaemon(395)) - Ozone container server stopped.
2019-09-20 08:26:45,490 [Thread-1070] INFO  handler.ContextHandler (ContextHandler.java:doStop(910)) - Stopped o.e.j.w.WebAppContext@63e30cbb{/,null,UNAVAILABLE}{/hddsDatanode}
2019-09-20 08:26:45,490 [Thread-1070] INFO  server.AbstractConnector (AbstractConnector.java:doStop(318)) - Stopped ServerConnector@7bf0854a{HTTP/1.1,[http/1.1]}{0.0.0.0:0}
2019-09-20 08:26:45,491 [Thread-1070] INFO  handler.ContextHandler (ContextHandler.java:doStop(910)) - Stopped o.e.j.s.ServletContextHandler@2eaf5de7{/static,jar:file:/home/user/.m2/repository/org/apache/hadoop/hadoop-hdds-container-service/0.5.0-SNAPSHOT/hadoop-hdds-container-service-0.5.0-SNAPSHOT.jar!/webapps/static,UNAVAILABLE}
2019-09-20 08:26:45,491 [Thread-1070] INFO  handler.ContextHandler (ContextHandler.java:doStop(910)) - Stopped o.e.j.s.ServletContextHandler@579c2084{/logs,file:///workdir/hadoop-ozone/ozonefs/target/log,UNAVAILABLE}
2019-09-20 08:26:46,142 [Datanode State Machine Thread - 0] INFO  statemachine.DatanodeStateMachine (DatanodeStateMachine.java:lambda$startDaemon$0(350)) - Ozone container server started.
2019-09-20 08:26:50,488 [ForkJoinPool.commonPool-worker-1] INFO  ozoneimpl.OzoneContainer (OzoneContainer.java:stop(199)) - Attempting to stop container services.
2019-09-20 08:26:50,488 [ForkJoinPool.commonPool-worker-1] INFO  impl.RaftServerProxy (RaftServerProxy.java:lambda$close$4(314)) - fb5436b4-0441-4af7-ac3c-617f70818dc1: close
2019-09-20 08:26:50,489 [ForkJoinPool.commonPool-worker-1] INFO  impl.RaftServerImpl (RaftServerImpl.java:lambda$shutdown$3(245)) - fb5436b4-0441-4af7-ac3c-617f70818dc1: shutdown group-F94A9DFE8882
2019-09-20 08:26:50,489 [ForkJoinPool.commonPool-worker-1] INFO  util.JmxRegister (JmxRegister.java:unregister(73)) - Successfully un-registered JMX Bean with object name Ratis:service=RaftServer,group=group-F94A9DFE8882,id=fb5436b4-0441-4af7-ac3c-617f70818dc1
2019-09-20 08:26:50,489 [ForkJoinPool.commonPool-worker-1] INFO  impl.RoleInfo (RoleInfo.java:shutdownLeaderState(104)) - fb5436b4-0441-4af7-ac3c-617f70818dc1: shutdown LeaderState
2019-09-20 08:26:50,490 [ForkJoinPool.commonPool-worker-1] INFO  impl.PendingRequests (PendingRequests.java:sendNotLeaderResponses(202)) - fb5436b4-0441-4af7-ac3c-617f70818dc1-PendingRequests: sendNotLeaderResponses
2019-09-20 08:26:50,490 [ForkJoinPool.commonPool-worker-1] INFO  impl.StateMachineUpdater (StateMachineUpdater.java:stopAndJoin(115)) - StateMachineUpdater:fb5436b4-0441-4af7-ac3c-617f70818dc1:group-F94A9DFE8882: set stopIndex = 0
2019-09-20 08:26:50,490 [ForkJoinPool.commonPool-worker-1] INFO  impl.RaftServerImpl (ServerState.java:close(394)) - fb5436b4-0441-4af7-ac3c-617f70818dc1:group-F94A9DFE8882 closes. The last applied log index is 0
2019-09-20 08:26:50,491 [fb5436b4-0441-4af7-ac3c-617f70818dc1-SegmentedRaftLogWorker:Storage Directory /workdir/hadoop-ozone/ozonefs/target/test-dir/MiniOzoneClusterImpl-083ee7b7-6048-484a-8bff-e922192676bf/datanode-2/data/ratis/da324648-aaa4-4ade-a683-f94a9dfe8882] INFO  segmented.SegmentedRaftLogWorker (SegmentedRaftLogWorker.java:run(313)) - fb5436b4-0441-4af7-ac3c-617f70818dc1-SegmentedRaftLogWorker:Storage Directory /workdir/hadoop-ozone/ozonefs/target/test-dir/MiniOzoneClusterImpl-083ee7b7-6048-484a-8bff-e922192676bf/datanode-2/data/ratis/da324648-aaa4-4ade-a683-f94a9dfe8882 was interrupted, exiting. There are 0 tasks remaining in the queue.
2019-09-20 08:26:50,491 [ForkJoinPool.commonPool-worker-1] INFO  segmented.SegmentedRaftLogWorker (SegmentedRaftLogWorker.java:close(228)) - fb5436b4-0441-4af7-ac3c-617f70818dc1-SegmentedRaftLogWorker:Storage Directory /workdir/hadoop-ozone/ozonefs/target/test-dir/MiniOzoneClusterImpl-083ee7b7-6048-484a-8bff-e922192676bf/datanode-2/data/ratis/da324648-aaa4-4ade-a683-f94a9dfe8882 close()
2019-09-20 08:26:50,492 [ForkJoinPool.commonPool-worker-1] INFO  impl.RaftServerImpl (RaftServerImpl.java:lambda$shutdown$3(245)) - fb5436b4-0441-4af7-ac3c-617f70818dc1: shutdown group-B6BA8ECE013B
2019-09-20 08:26:50,492 [ForkJoinPool.commonPool-worker-1] INFO  util.JmxRegister (JmxRegister.java:unregister(73)) - Successfully un-registered JMX Bean with object name Ratis:service=RaftServer,group=group-B6BA8ECE013B,id=fb5436b4-0441-4af7-ac3c-617f70818dc1
2019-09-20 08:26:50,492 [ForkJoinPool.commonPool-worker-1] INFO  impl.RoleInfo (RoleInfo.java:shutdownLeaderState(104)) - fb5436b4-0441-4af7-ac3c-617f70818dc1: shutdown LeaderState
2019-09-20 08:26:50,493 [ForkJoinPool.commonPool-worker-1] INFO  impl.PendingRequests (PendingRequests.java:sendNotLeaderResponses(202)) - fb5436b4-0441-4af7-ac3c-617f70818dc1-PendingRequests: sendNotLeaderResponses
2019-09-20 08:26:50,493 [ForkJoinPool.commonPool-worker-1] INFO  impl.StateMachineUpdater (StateMachineUpdater.java:stopAndJoin(115)) - StateMachineUpdater:fb5436b4-0441-4af7-ac3c-617f70818dc1:group-B6BA8ECE013B: set stopIndex = 0
2019-09-20 08:26:50,493 [ForkJoinPool.commonPool-worker-1] INFO  impl.RaftServerImpl (ServerState.java:close(394)) - fb5436b4-0441-4af7-ac3c-617f70818dc1:group-B6BA8ECE013B closes. The last applied log index is 0
2019-09-20 08:26:50,494 [fb5436b4-0441-4af7-ac3c-617f70818dc1-SegmentedRaftLogWorker:Storage Directory /workdir/hadoop-ozone/ozonefs/target/test-dir/MiniOzoneClusterImpl-083ee7b7-6048-484a-8bff-e922192676bf/datanode-2/data/ratis/bd0fc82a-2951-4f3b-b1f6-b6ba8ece013b] INFO  segmented.SegmentedRaftLogWorker (SegmentedRaftLogWorker.java:run(313)) - fb5436b4-0441-4af7-ac3c-617f70818dc1-SegmentedRaftLogWorker:Storage Directory /workdir/hadoop-ozone/ozonefs/target/test-dir/MiniOzoneClusterImpl-083ee7b7-6048-484a-8bff-e922192676bf/datanode-2/data/ratis/bd0fc82a-2951-4f3b-b1f6-b6ba8ece013b was interrupted, exiting. There are 0 tasks remaining in the queue.
2019-09-20 08:26:50,494 [ForkJoinPool.commonPool-worker-1] INFO  segmented.SegmentedRaftLogWorker (SegmentedRaftLogWorker.java:close(228)) - fb5436b4-0441-4af7-ac3c-617f70818dc1-SegmentedRaftLogWorker:Storage Directory /workdir/hadoop-ozone/ozonefs/target/test-dir/MiniOzoneClusterImpl-083ee7b7-6048-484a-8bff-e922192676bf/datanode-2/data/ratis/bd0fc82a-2951-4f3b-b1f6-b6ba8ece013b close()
2019-09-20 08:26:50,494 [ForkJoinPool.commonPool-worker-1] INFO  impl.RaftServerImpl (RaftServerImpl.java:lambda$shutdown$3(245)) - fb5436b4-0441-4af7-ac3c-617f70818dc1: shutdown group-610902384B9F
2019-09-20 08:26:50,495 [ForkJoinPool.commonPool-worker-1] INFO  util.JmxRegister (JmxRegister.java:unregister(73)) - Successfully un-registered JMX Bean with object name Ratis:service=RaftServer,group=group-610902384B9F,id=fb5436b4-0441-4af7-ac3c-617f70818dc1
2019-09-20 08:26:50,495 [ForkJoinPool.commonPool-worker-1] INFO  impl.RoleInfo (RoleInfo.java:shutdownLeaderState(104)) - fb5436b4-0441-4af7-ac3c-617f70818dc1: shutdown LeaderState
2019-09-20 08:26:50,495 [ForkJoinPool.commonPool-worker-1] INFO  impl.PendingRequests (PendingRequests.java:sendNotLeaderResponses(202)) - fb5436b4-0441-4af7-ac3c-617f70818dc1-PendingRequests: sendNotLeaderResponses
2019-09-20 08:26:50,496 [ForkJoinPool.commonPool-worker-1] INFO  impl.StateMachineUpdater (StateMachineUpdater.java:stopAndJoin(115)) - StateMachineUpdater:fb5436b4-0441-4af7-ac3c-617f70818dc1:group-610902384B9F: set stopIndex = 0
2019-09-20 08:26:50,496 [ForkJoinPool.commonPool-worker-1] INFO  impl.RaftServerImpl (ServerState.java:close(394)) - fb5436b4-0441-4af7-ac3c-617f70818dc1:group-610902384B9F closes. The last applied log index is 0
2019-09-20 08:26:50,496 [fb5436b4-0441-4af7-ac3c-617f70818dc1-SegmentedRaftLogWorker:Storage Directory /workdir/hadoop-ozone/ozonefs/target/test-dir/MiniOzoneClusterImpl-083ee7b7-6048-484a-8bff-e922192676bf/datanode-2/data/ratis/76e28202-9903-4580-ba0d-610902384b9f] INFO  segmented.SegmentedRaftLogWorker (SegmentedRaftLogWorker.java:run(313)) - fb5436b4-0441-4af7-ac3c-617f70818dc1-SegmentedRaftLogWorker:Storage Directory /workdir/hadoop-ozone/ozonefs/target/test-dir/MiniOzoneClusterImpl-083ee7b7-6048-484a-8bff-e922192676bf/datanode-2/data/ratis/76e28202-9903-4580-ba0d-610902384b9f was interrupted, exiting. There are 0 tasks remaining in the queue.
2019-09-20 08:26:50,497 [ForkJoinPool.commonPool-worker-1] INFO  segmented.SegmentedRaftLogWorker (SegmentedRaftLogWorker.java:close(228)) - fb5436b4-0441-4af7-ac3c-617f70818dc1-SegmentedRaftLogWorker:Storage Directory /workdir/hadoop-ozone/ozonefs/target/test-dir/MiniOzoneClusterImpl-083ee7b7-6048-484a-8bff-e922192676bf/datanode-2/data/ratis/76e28202-9903-4580-ba0d-610902384b9f close()
2019-09-20 08:26:50,497 [ForkJoinPool.commonPool-worker-1] INFO  impl.RaftServerImpl (RaftServerImpl.java:lambda$shutdown$3(245)) - fb5436b4-0441-4af7-ac3c-617f70818dc1: shutdown group-6841D10CC3FB
2019-09-20 08:26:50,497 [ForkJoinPool.commonPool-worker-1] INFO  util.JmxRegister (JmxRegister.java:unregister(73)) - Successfully un-registered JMX Bean with object name Ratis:service=RaftServer,group=group-6841D10CC3FB,id=fb5436b4-0441-4af7-ac3c-617f70818dc1
2019-09-20 08:26:50,498 [ForkJoinPool.commonPool-worker-1] INFO  impl.RoleInfo (RoleInfo.java:shutdownLeaderState(104)) - fb5436b4-0441-4af7-ac3c-617f70818dc1: shutdown LeaderState
2019-09-20 08:26:50,498 [ForkJoinPool.commonPool-worker-1] INFO  impl.PendingRequests (PendingRequests.java:sendNotLeaderResponses(202)) - fb5436b4-0441-4af7-ac3c-617f70818dc1-PendingRequests: sendNotLeaderResponses
2019-09-20 08:26:50,498 [ForkJoinPool.commonPool-worker-1] INFO  impl.StateMachineUpdater (StateMachineUpdater.java:stopAndJoin(115)) - StateMachineUpdater:fb5436b4-0441-4af7-ac3c-617f70818dc1:group-6841D10CC3FB: set stopIndex = 0
2019-09-20 08:26:50,499 [ForkJoinPool.commonPool-worker-1] INFO  impl.RaftServerImpl (ServerState.java:close(394)) - fb5436b4-0441-4af7-ac3c-617f70818dc1:group-6841D10CC3FB closes. The last applied log index is 0
2019-09-20 08:26:50,499 [fb5436b4-0441-4af7-ac3c-617f70818dc1-SegmentedRaftLogWorker:Storage Directory /workdir/hadoop-ozone/ozonefs/target/test-dir/MiniOzoneClusterImpl-083ee7b7-6048-484a-8bff-e922192676bf/datanode-2/data/ratis/95fb04d0-ae68-4f01-9b7d-6841d10cc3fb] INFO  segmented.SegmentedRaftLogWorker (SegmentedRaftLogWorker.java:run(313)) - fb5436b4-0441-4af7-ac3c-617f70818dc1-SegmentedRaftLogWorker:Storage Directory /workdir/hadoop-ozone/ozonefs/target/test-dir/MiniOzoneClusterImpl-083ee7b7-6048-484a-8bff-e922192676bf/datanode-2/data/ratis/95fb04d0-ae68-4f01-9b7d-6841d10cc3fb was interrupted, exiting. There are 0 tasks remaining in the queue.
2019-09-20 08:26:50,499 [ForkJoinPool.commonPool-worker-1] INFO  segmented.SegmentedRaftLogWorker (SegmentedRaftLogWorker.java:close(228)) - fb5436b4-0441-4af7-ac3c-617f70818dc1-SegmentedRaftLogWorker:Storage Directory /workdir/hadoop-ozone/ozonefs/target/test-dir/MiniOzoneClusterImpl-083ee7b7-6048-484a-8bff-e922192676bf/datanode-2/data/ratis/95fb04d0-ae68-4f01-9b7d-6841d10cc3fb close()
2019-09-20 08:26:50,500 [ForkJoinPool.commonPool-worker-1] INFO  impl.RaftServerImpl (RaftServerImpl.java:lambda$shutdown$3(245)) - fb5436b4-0441-4af7-ac3c-617f70818dc1: shutdown group-81F1B0918D73
2019-09-20 08:26:50,500 [ForkJoinPool.commonPool-worker-1] INFO  util.JmxRegister (JmxRegister.java:unregister(73)) - Successfully un-registered JMX Bean with object name Ratis:service=RaftServer,group=group-81F1B0918D73,id=fb5436b4-0441-4af7-ac3c-617f70818dc1
2019-09-20 08:26:50,500 [ForkJoinPool.commonPool-worker-1] INFO  impl.RoleInfo (RoleInfo.java:shutdownLeaderState(104)) - fb5436b4-0441-4af7-ac3c-617f70818dc1: shutdown LeaderState
2019-09-20 08:26:50,501 [ForkJoinPool.commonPool-worker-1] INFO  impl.PendingRequests (PendingRequests.java:sendNotLeaderResponses(202)) - fb5436b4-0441-4af7-ac3c-617f70818dc1-PendingRequests: sendNotLeaderResponses
2019-09-20 08:26:50,501 [ForkJoinPool.commonPool-worker-1] INFO  impl.StateMachineUpdater (StateMachineUpdater.java:stopAndJoin(115)) - StateMachineUpdater:fb5436b4-0441-4af7-ac3c-617f70818dc1:group-81F1B0918D73: set stopIndex = 0
2019-09-20 08:26:50,501 [ForkJoinPool.commonPool-worker-1] INFO  impl.RaftServerImpl (ServerState.java:close(394)) - fb5436b4-0441-4af7-ac3c-617f70818dc1:group-81F1B0918D73 closes. The last applied log index is 0
2019-09-20 08:26:50,502 [fb5436b4-0441-4af7-ac3c-617f70818dc1-SegmentedRaftLogWorker:Storage Directory /workdir/hadoop-ozone/ozonefs/target/test-dir/MiniOzoneClusterImpl-083ee7b7-6048-484a-8bff-e922192676bf/datanode-2/data/ratis/670247c9-6ff6-4e0d-af59-81f1b0918d73] INFO  segmented.SegmentedRaftLogWorker (SegmentedRaftLogWorker.java:run(313)) - fb5436b4-0441-4af7-ac3c-617f70818dc1-SegmentedRaftLogWorker:Storage Directory /workdir/hadoop-ozone/ozonefs/target/test-dir/MiniOzoneClusterImpl-083ee7b7-6048-484a-8bff-e922192676bf/datanode-2/data/ratis/670247c9-6ff6-4e0d-af59-81f1b0918d73 was interrupted, exiting. There are 0 tasks remaining in the queue.
2019-09-20 08:26:50,502 [ForkJoinPool.commonPool-worker-1] INFO  segmented.SegmentedRaftLogWorker (SegmentedRaftLogWorker.java:close(228)) - fb5436b4-0441-4af7-ac3c-617f70818dc1-SegmentedRaftLogWorker:Storage Directory /workdir/hadoop-ozone/ozonefs/target/test-dir/MiniOzoneClusterImpl-083ee7b7-6048-484a-8bff-e922192676bf/datanode-2/data/ratis/670247c9-6ff6-4e0d-af59-81f1b0918d73 close()
2019-09-20 08:26:50,503 [ForkJoinPool.commonPool-worker-1] INFO  impl.RaftServerImpl (RaftServerImpl.java:lambda$shutdown$3(245)) - fb5436b4-0441-4af7-ac3c-617f70818dc1: shutdown group-CEB221C48600
2019-09-20 08:26:50,503 [ForkJoinPool.commonPool-worker-1] INFO  util.JmxRegister (JmxRegister.java:unregister(73)) - Successfully un-registered JMX Bean with object name Ratis:service=RaftServer,group=group-CEB221C48600,id=fb5436b4-0441-4af7-ac3c-617f70818dc1
2019-09-20 08:26:50,503 [ForkJoinPool.commonPool-worker-1] INFO  impl.RoleInfo (RoleInfo.java:shutdownLeaderState(104)) - fb5436b4-0441-4af7-ac3c-617f70818dc1: shutdown LeaderState
2019-09-20 08:26:50,503 [ForkJoinPool.commonPool-worker-1] INFO  impl.PendingRequests (PendingRequests.java:sendNotLeaderResponses(202)) - fb5436b4-0441-4af7-ac3c-617f70818dc1-PendingRequests: sendNotLeaderResponses
2019-09-20 08:26:50,504 [ForkJoinPool.commonPool-worker-1] INFO  impl.StateMachineUpdater (StateMachineUpdater.java:stopAndJoin(115)) - StateMachineUpdater:fb5436b4-0441-4af7-ac3c-617f70818dc1:group-CEB221C48600: set stopIndex = 0
2019-09-20 08:26:50,504 [ForkJoinPool.commonPool-worker-1] INFO  impl.RaftServerImpl (ServerState.java:close(394)) - fb5436b4-0441-4af7-ac3c-617f70818dc1:group-CEB221C48600 closes. The last applied log index is 0
2019-09-20 08:26:50,504 [fb5436b4-0441-4af7-ac3c-617f70818dc1-SegmentedRaftLogWorker:Storage Directory /workdir/hadoop-ozone/ozonefs/target/test-dir/MiniOzoneClusterImpl-083ee7b7-6048-484a-8bff-e922192676bf/datanode-2/data/ratis/6e5716e8-e73e-4193-8ddf-ceb221c48600] INFO  segmented.SegmentedRaftLogWorker (SegmentedRaftLogWorker.java:run(313)) - fb5436b4-0441-4af7-ac3c-617f70818dc1-SegmentedRaftLogWorker:Storage Directory /workdir/hadoop-ozone/ozonefs/target/test-dir/MiniOzoneClusterImpl-083ee7b7-6048-484a-8bff-e922192676bf/datanode-2/data/ratis/6e5716e8-e73e-4193-8ddf-ceb221c48600 was interrupted, exiting. There are 0 tasks remaining in the queue.
2019-09-20 08:26:50,505 [ForkJoinPool.commonPool-worker-1] INFO  segmented.SegmentedRaftLogWorker (SegmentedRaftLogWorker.java:close(228)) - fb5436b4-0441-4af7-ac3c-617f70818dc1-SegmentedRaftLogWorker:Storage Directory /workdir/hadoop-ozone/ozonefs/target/test-dir/MiniOzoneClusterImpl-083ee7b7-6048-484a-8bff-e922192676bf/datanode-2/data/ratis/6e5716e8-e73e-4193-8ddf-ceb221c48600 close()
2019-09-20 08:26:50,505 [ForkJoinPool.commonPool-worker-1] INFO  server.GrpcService (GrpcService.java:closeImpl(155)) - fb5436b4-0441-4af7-ac3c-617f70818dc1: shutdown server with port 33412 now
2019-09-20 08:26:50,507 [ForkJoinPool.commonPool-worker-1] INFO  server.GrpcService (GrpcService.java:closeImpl(163)) - fb5436b4-0441-4af7-ac3c-617f70818dc1: shutdown server with port 33412 successfully
2019-09-20 08:26:50,509 [ForkJoinPool.commonPool-worker-1] INFO  utils.BackgroundService (BackgroundService.java:shutdown(148)) - Shutting down service BlockDeletingService
2019-09-20 08:26:50,510 [refreshUsed-/workdir/hadoop-ozone/ozonefs/target/test-dir/MiniOzoneClusterImpl-083ee7b7-6048-484a-8bff-e922192676bf/datanode-2/data/containers] WARN  fs.CachingGetSpaceUsed (CachingGetSpaceUsed.java:run(183)) - Thread Interrupted waiting to refresh disk information: sleep interrupted
2019-09-20 08:26:50,542 [ForkJoinPool.commonPool-worker-1] INFO  statemachine.DatanodeStateMachine (DatanodeStateMachine.java:stopDaemon(395)) - Ozone container server stopped.
2019-09-20 08:26:50,546 [ForkJoinPool.commonPool-worker-1] INFO  handler.ContextHandler (ContextHandler.java:doStop(910)) - Stopped o.e.j.w.WebAppContext@4a008276{/,null,UNAVAILABLE}{/hddsDatanode}
2019-09-20 08:26:50,547 [ForkJoinPool.commonPool-worker-1] INFO  server.AbstractConnector (AbstractConnector.java:doStop(318)) - Stopped ServerConnector@ca0dda9{HTTP/1.1,[http/1.1]}{0.0.0.0:0}
2019-09-20 08:26:50,548 [ForkJoinPool.commonPool-worker-1] INFO  handler.ContextHandler (ContextHandler.java:doStop(910)) - Stopped o.e.j.s.ServletContextHandler@cad9308{/static,jar:file:/home/user/.m2/repository/org/apache/hadoop/hadoop-hdds-container-service/0.5.0-SNAPSHOT/hadoop-hdds-container-service-0.5.0-SNAPSHOT.jar!/webapps/static,UNAVAILABLE}
2019-09-20 08:26:50,549 [ForkJoinPool.commonPool-worker-1] INFO  handler.ContextHandler (ContextHandler.java:doStop(910)) - Stopped o.e.j.s.ServletContextHandler@64b43358{/logs,file:///workdir/hadoop-ozone/ozonefs/target/log,UNAVAILABLE}
2019-09-20 08:26:50,550 [Thread-1070] INFO  ozone.MiniOzoneClusterImpl (MiniOzoneClusterImpl.java:stop(353)) - Stopping the StorageContainerManager
2019-09-20 08:26:50,550 [Thread-1070] INFO  server.StorageContainerManager (StorageContainerManager.java:stop(797)) - Stopping Replication Manager Service.
2019-09-20 08:26:50,550 [Thread-1070] INFO  container.ReplicationManager (ReplicationManager.java:stop(192)) - Stopping Replication Monitor Thread.
2019-09-20 08:26:50,551 [Thread-1070] INFO  server.StorageContainerManager (StorageContainerManager.java:stop(804)) - Stopping Lease Manager of the command watchers
2019-09-20 08:26:50,551 [Thread-1070] INFO  server.StorageContainerManager (StorageContainerManager.java:stop(811)) - Stopping datanode service RPC server
2019-09-20 08:26:50,551 [Thread-1070] INFO  server.SCMDatanodeProtocolServer (SCMDatanodeProtocolServer.java:stop(367)) - Stopping the RPC server for DataNodes
2019-09-20 08:26:50,551 [Thread-1070] INFO  ipc.Server (Server.java:stop(3082)) - Stopping server on 45694
2019-09-20 08:26:50,555 [IPC Server listener on 45694] INFO  ipc.Server (Server.java:run(1185)) - Stopping IPC Server listener on 45694
2019-09-20 08:26:50,555 [IPC Server Responder] INFO  ipc.Server (Server.java:run(1319)) - Stopping IPC Server Responder
2019-09-20 08:26:50,642 [SCM Heartbeat Processing Thread - 0] WARN  node.NodeStateManager (NodeStateManager.java:scheduleNextHealthCheck(655)) - Current Thread is interrupted, shutting down HB processing thread for Node Manager.
2019-09-20 08:26:50,642 [Thread-1070] INFO  server.StorageContainerManager (StorageContainerManager.java:stop(819)) - Stopping block service RPC server
2019-09-20 08:26:50,642 [Thread-1070] INFO  server.SCMBlockProtocolServer (SCMBlockProtocolServer.java:stop(148)) - Stopping the RPC server for Block Protocol
2019-09-20 08:26:50,642 [Thread-1070] INFO  ipc.Server (Server.java:stop(3082)) - Stopping server on 37174
2019-09-20 08:26:50,644 [IPC Server listener on 37174] INFO  ipc.Server (Server.java:run(1185)) - Stopping IPC Server listener on 37174
2019-09-20 08:26:50,645 [IPC Server Responder] INFO  ipc.Server (Server.java:run(1319)) - Stopping IPC Server Responder
2019-09-20 08:26:50,644 [Thread-1070] INFO  server.StorageContainerManager (StorageContainerManager.java:stop(826)) - Stopping the StorageContainerLocationProtocol RPC server
2019-09-20 08:26:50,645 [Thread-1070] INFO  server.SCMClientProtocolServer (SCMClientProtocolServer.java:stop(159)) - Stopping the RPC server for Client Protocol
2019-09-20 08:26:50,647 [Thread-1070] INFO  ipc.Server (Server.java:stop(3082)) - Stopping server on 37074
2019-09-20 08:26:50,648 [IPC Server listener on 37074] INFO  ipc.Server (Server.java:run(1185)) - Stopping IPC Server listener on 37074
2019-09-20 08:26:50,648 [Thread-1070] INFO  server.StorageContainerManager (StorageContainerManager.java:stop(833)) - Stopping Storage Container Manager HTTP server.
2019-09-20 08:26:50,649 [IPC Server Responder] INFO  ipc.Server (Server.java:run(1319)) - Stopping IPC Server Responder
2019-09-20 08:26:50,651 [Thread-1070] INFO  handler.ContextHandler (ContextHandler.java:doStop(910)) - Stopped o.e.j.w.WebAppContext@508d9e8c{/,null,UNAVAILABLE}{/scm}
2019-09-20 08:26:50,653 [Thread-1070] INFO  server.AbstractConnector (AbstractConnector.java:doStop(318)) - Stopped ServerConnector@303bdfc2{HTTP/1.1,[http/1.1]}{0.0.0.0:0}
2019-09-20 08:26:50,653 [Thread-1070] INFO  handler.ContextHandler (ContextHandler.java:doStop(910)) - Stopped o.e.j.s.ServletContextHandler@3a1a3a97{/static,jar:file:/home/user/.m2/repository/org/apache/hadoop/hadoop-hdds-server-scm/0.5.0-SNAPSHOT/hadoop-hdds-server-scm-0.5.0-SNAPSHOT.jar!/webapps/static,UNAVAILABLE}
2019-09-20 08:26:50,653 [Thread-1070] INFO  handler.ContextHandler (ContextHandler.java:doStop(910)) - Stopped o.e.j.s.ServletContextHandler@194dc048{/logs,file:///workdir/hadoop-ozone/ozonefs/target/log,UNAVAILABLE}
2019-09-20 08:26:50,654 [Thread-1070] INFO  server.StorageContainerManager (StorageContainerManager.java:stop(844)) - Stopping Block Manager Service.
2019-09-20 08:26:50,655 [Thread-1070] INFO  utils.BackgroundService (BackgroundService.java:shutdown(148)) - Shutting down service SCMBlockDeletingService
2019-09-20 08:26:50,656 [Thread-1070] INFO  utils.BackgroundService (BackgroundService.java:shutdown(148)) - Shutting down service SCMBlockDeletingService
2019-09-20 08:26:50,656 [Thread-1070] INFO  server.StorageContainerManager (StorageContainerManager.java:stop(866)) - Stopping SCM Event Queue.
2019-09-20 08:26:50,660 [Thread-1070] INFO  impl.MetricsSystemImpl (MetricsSystemImpl.java:stop(210)) - Stopping HddsDatanode metrics system...
2019-09-20 08:26:50,666 [Thread-1070] INFO  impl.MetricsSystemImpl (MetricsSystemImpl.java:stop(216)) - HddsDatanode metrics system stopped.
]]></system-out>
    <system-err><![CDATA[Sep 20, 2019 8:26:34 AM com.sun.jersey.server.impl.application.WebApplicationImpl _initiate
INFO: Initiating Jersey application, version 'Jersey: 1.19 02/11/2015 03:25 AM'
Sep 20, 2019 8:26:34 AM com.sun.jersey.server.impl.application.WebApplicationImpl _initiate
INFO: Initiating Jersey application, version 'Jersey: 1.19 02/11/2015 03:25 AM'
Sep 20, 2019 8:26:35 AM com.sun.jersey.server.impl.application.WebApplicationImpl _initiate
INFO: Initiating Jersey application, version 'Jersey: 1.19 02/11/2015 03:25 AM'
Sep 20, 2019 8:26:40 AM com.sun.jersey.server.impl.application.WebApplicationImpl _initiate
INFO: Initiating Jersey application, version 'Jersey: 1.19 02/11/2015 03:25 AM'
]]></system-err>
  </testcase>
  <testcase name="testDeleteCreatesFakeParentDir" classname="org.apache.hadoop.fs.ozone.TestOzoneFileSystem" time="17.366">
    <error message="Allocated 0 blocks. Requested 1 blocks" type="INTERNAL_ERROR org.apache.hadoop.ozone.om.exceptions.OMException">INTERNAL_ERROR org.apache.hadoop.ozone.om.exceptions.OMException: Allocated 0 blocks. Requested 1 blocks
	at org.apache.hadoop.ozone.om.protocolPB.OzoneManagerProtocolClientSideTranslatorPB.handleError(OzoneManagerProtocolClientSideTranslatorPB.java:725)
	at org.apache.hadoop.ozone.om.protocolPB.OzoneManagerProtocolClientSideTranslatorPB.createFile(OzoneManagerProtocolClientSideTranslatorPB.java:1474)
	at org.apache.hadoop.ozone.client.rpc.RpcClient.createFile(RpcClient.java:984)
	at org.apache.hadoop.ozone.client.OzoneBucket.createFile(OzoneBucket.java:535)
	at org.apache.hadoop.fs.ozone.BasicOzoneClientAdapterImpl.createFile(BasicOzoneClientAdapterImpl.java:181)
	at org.apache.hadoop.fs.ozone.BasicOzoneFileSystem.createOutputStream(BasicOzoneFileSystem.java:249)
	at org.apache.hadoop.fs.ozone.BasicOzoneFileSystem.create(BasicOzoneFileSystem.java:230)
	at org.apache.hadoop.fs.FileSystem.create(FileSystem.java:1118)
	at org.apache.hadoop.fs.FileSystem.create(FileSystem.java:1098)
	at org.apache.hadoop.fs.FileSystem.create(FileSystem.java:987)
	at org.apache.hadoop.fs.contract.ContractTestUtils.createFile(ContractTestUtils.java:633)
	at org.apache.hadoop.fs.contract.ContractTestUtils.touch(ContractTestUtils.java:669)
	at org.apache.hadoop.fs.ozone.TestOzoneFileSystem.testDeleteCreatesFakeParentDir(TestOzoneFileSystem.java:154)
	at sun.reflect.NativeMethodAccessorImpl.invoke0(Native Method)
	at sun.reflect.NativeMethodAccessorImpl.invoke(NativeMethodAccessorImpl.java:62)
	at sun.reflect.DelegatingMethodAccessorImpl.invoke(DelegatingMethodAccessorImpl.java:43)
	at java.lang.reflect.Method.invoke(Method.java:498)
	at org.junit.runners.model.FrameworkMethod$1.runReflectiveCall(FrameworkMethod.java:47)
	at org.junit.internal.runners.model.ReflectiveCallable.run(ReflectiveCallable.java:12)
	at org.junit.runners.model.FrameworkMethod.invokeExplosively(FrameworkMethod.java:44)
	at org.junit.internal.runners.statements.InvokeMethod.evaluate(InvokeMethod.java:17)
	at org.junit.internal.runners.statements.RunBefores.evaluate(RunBefores.java:26)
	at org.junit.internal.runners.statements.RunAfters.evaluate(RunAfters.java:27)
	at org.junit.internal.runners.statements.FailOnTimeout$StatementThread.run(FailOnTimeout.java:74)
</error>
    <system-out><![CDATA[2019-09-20 08:26:50,721 [Thread-1336] WARN  server.ServerUtils (ServerUtils.java:getScmDbDir(145)) - ozone.scm.db.dirs is not configured. We recommend adding this setting. Falling back to ozone.metadata.dirs instead.
2019-09-20 08:26:50,746 [Thread-1336] WARN  server.ServerUtils (ServerUtils.java:getScmDbDir(145)) - ozone.scm.db.dirs is not configured. We recommend adding this setting. Falling back to ozone.metadata.dirs instead.
2019-09-20 08:26:50,747 [Thread-1336] WARN  server.ServerUtils (ServerUtils.java:getScmDbDir(145)) - ozone.scm.db.dirs is not configured. We recommend adding this setting. Falling back to ozone.metadata.dirs instead.
2019-09-20 08:26:50,747 [Thread-1336] INFO  db.DBStoreBuilder (DBStoreBuilder.java:addTable(110)) - using custom profile for table: deletedBlocks
2019-09-20 08:26:50,748 [Thread-1336] INFO  db.DBStoreBuilder (DBStoreBuilder.java:processTables(161)) - Using default column profile:DBProfile.DISK for Table:deletedBlocks
2019-09-20 08:26:50,748 [Thread-1336] INFO  db.DBStoreBuilder (DBStoreBuilder.java:addTable(110)) - using custom profile for table: validCerts
2019-09-20 08:26:50,748 [Thread-1336] INFO  db.DBStoreBuilder (DBStoreBuilder.java:processTables(161)) - Using default column profile:DBProfile.DISK for Table:validCerts
2019-09-20 08:26:50,748 [Thread-1336] INFO  db.DBStoreBuilder (DBStoreBuilder.java:addTable(110)) - using custom profile for table: revokedCerts
2019-09-20 08:26:50,749 [Thread-1336] INFO  db.DBStoreBuilder (DBStoreBuilder.java:processTables(161)) - Using default column profile:DBProfile.DISK for Table:revokedCerts
2019-09-20 08:26:50,749 [Thread-1336] INFO  db.DBStoreBuilder (DBStoreBuilder.java:addTable(110)) - using custom profile for table: default
2019-09-20 08:26:50,749 [Thread-1336] INFO  db.DBStoreBuilder (DBStoreBuilder.java:processTables(167)) - Using default column profile:DBProfile.DISK for Table:default
2019-09-20 08:26:50,749 [Thread-1336] INFO  db.DBStoreBuilder (DBStoreBuilder.java:getDbProfile(198)) - Using default options. DBProfile.DISK
2019-09-20 08:26:50,923 [Thread-1336] INFO  net.NodeSchemaLoader (NodeSchemaLoader.java:loadSchemaFromFile(125)) - Loading file from sun.misc.CompoundEnumeration@c4ca5b5
2019-09-20 08:26:50,923 [Thread-1336] INFO  net.NodeSchemaLoader (NodeSchemaLoader.java:loadSchema(171)) - Loading network topology layer schema file
2019-09-20 08:26:50,929 [Thread-1336] WARN  server.ServerUtils (ServerUtils.java:sanitizeUserArgs(70)) - ozone.scm.stale.node.interval value = 300000 is larger than max = 100000 based on the key value of ozone.scm.heartbeat.thread.interval, reset to the max value 100000.
2019-09-20 08:26:50,929 [Thread-1336] WARN  server.ServerUtils (ServerUtils.java:sanitizeUserArgs(70)) - ozone.scm.stale.node.interval value = 300000 is larger than max = 100000 based on the key value of ozone.scm.heartbeat.thread.interval, reset to the max value 100000.
2019-09-20 08:26:50,930 [Thread-1336] INFO  node.SCMNodeManager (SCMNodeManager.java:<init>(121)) - Entering startup safe mode.
2019-09-20 08:26:50,930 [Thread-1336] INFO  algorithms.ContainerPlacementPolicyFactory (ContainerPlacementPolicyFactory.java:getPolicy(56)) - Create container placement policy of type org.apache.hadoop.hdds.scm.container.placement.algorithms.SCMContainerPlacementRandom
2019-09-20 08:26:50,931 [Thread-1336] WARN  server.ServerUtils (ServerUtils.java:getScmDbDir(145)) - ozone.scm.db.dirs is not configured. We recommend adding this setting. Falling back to ozone.metadata.dirs instead.
2019-09-20 08:26:50,974 [Thread-1336] INFO  pipeline.SCMPipelineManager (SCMPipelineManager.java:initializePipelineState(126)) - No pipeline exists in current db
2019-09-20 08:26:50,975 [Thread-1336] WARN  server.ServerUtils (ServerUtils.java:getScmDbDir(145)) - ozone.scm.db.dirs is not configured. We recommend adding this setting. Falling back to ozone.metadata.dirs instead.
2019-09-20 08:26:51,059 [Thread-1336] WARN  events.EventQueue (EventQueue.java:fireEvent(175)) - No event handler registered for event TypedEvent{payloadType=SafeModeStatus, name='SafeModeStatus'}
2019-09-20 08:26:51,060 [Thread-1336] INFO  ipc.CallQueueManager (CallQueueManager.java:<init>(84)) - Using callQueue: class java.util.concurrent.LinkedBlockingQueue, queueCapacity: 2000, scheduler: class org.apache.hadoop.ipc.DefaultRpcScheduler, ipcBackoff: false.
2019-09-20 08:26:51,061 [Socket Reader #1 for port 45342] INFO  ipc.Server (Server.java:run(1074)) - Starting Socket Reader #1 for port 45342
2019-09-20 08:26:51,062 [Thread-1336] INFO  ipc.CallQueueManager (CallQueueManager.java:<init>(84)) - Using callQueue: class java.util.concurrent.LinkedBlockingQueue, queueCapacity: 2000, scheduler: class org.apache.hadoop.ipc.DefaultRpcScheduler, ipcBackoff: false.
2019-09-20 08:26:51,063 [Socket Reader #1 for port 38387] INFO  ipc.Server (Server.java:run(1074)) - Starting Socket Reader #1 for port 38387
2019-09-20 08:26:51,064 [Thread-1336] INFO  ipc.CallQueueManager (CallQueueManager.java:<init>(84)) - Using callQueue: class java.util.concurrent.LinkedBlockingQueue, queueCapacity: 2000, scheduler: class org.apache.hadoop.ipc.DefaultRpcScheduler, ipcBackoff: false.
2019-09-20 08:26:51,065 [Socket Reader #1 for port 34774] INFO  ipc.Server (Server.java:run(1074)) - Starting Socket Reader #1 for port 34774
2019-09-20 08:26:51,068 [Thread-1336] INFO  hdfs.DFSUtil (DFSUtil.java:httpServerTemplateForNNAndJN(1641)) - Starting Web-server for scm at: http://0.0.0.0:0
2019-09-20 08:26:51,071 [Thread-1336] INFO  server.AuthenticationFilter (AuthenticationFilter.java:constructSecretProvider(240)) - Unable to initialize FileSignerSecretProvider, falling back to use random secrets.
2019-09-20 08:26:51,071 [Thread-1336] WARN  http.HttpRequestLog (HttpRequestLog.java:getRequestLog(97)) - Jetty request log can only be enabled using Log4j
2019-09-20 08:26:51,074 [Thread-1336] INFO  http.HttpServer2 (HttpServer2.java:addGlobalFilter(975)) - Added global filter 'safety' (class=org.apache.hadoop.http.HttpServer2$QuotingInputFilter)
2019-09-20 08:26:51,074 [Thread-1336] INFO  http.HttpServer2 (HttpServer2.java:addFilter(948)) - Added filter static_user_filter (class=org.apache.hadoop.http.lib.StaticUserWebFilter$StaticUserFilter) to context scm
2019-09-20 08:26:51,075 [Thread-1336] INFO  http.HttpServer2 (HttpServer2.java:addFilter(958)) - Added filter static_user_filter (class=org.apache.hadoop.http.lib.StaticUserWebFilter$StaticUserFilter) to context static
2019-09-20 08:26:51,075 [Thread-1336] INFO  http.HttpServer2 (HttpServer2.java:addFilter(958)) - Added filter static_user_filter (class=org.apache.hadoop.http.lib.StaticUserWebFilter$StaticUserFilter) to context logs
2019-09-20 08:26:51,076 [Thread-1336] INFO  server.StorageContainerManager (StorageContainerManager.java:start(759)) - StorageContainerLocationProtocol RPC server is listening at /0.0.0.0:34774
2019-09-20 08:26:51,079 [Thread-1336] WARN  impl.MetricsConfig (MetricsConfig.java:loadFirst(134)) - Cannot locate configuration: tried hadoop-metrics2-storagecontainermanager.properties,hadoop-metrics2.properties
2019-09-20 08:26:51,079 [Thread-1336] INFO  impl.MetricsSystemImpl (MetricsSystemImpl.java:startTimer(374)) - Scheduled Metric snapshot period at 10 second(s).
2019-09-20 08:26:51,079 [Thread-1336] INFO  impl.MetricsSystemImpl (MetricsSystemImpl.java:start(191)) - StorageContainerManager metrics system started
2019-09-20 08:26:51,144 [Thread-1336] INFO  server.SCMClientProtocolServer (SCMClientProtocolServer.java:start(151)) - RPC server for Client  is listening at /0.0.0.0:34774
2019-09-20 08:26:51,144 [IPC Server Responder] INFO  ipc.Server (Server.java:run(1314)) - IPC Server Responder: starting
2019-09-20 08:26:51,144 [IPC Server listener on 34774] INFO  ipc.Server (Server.java:run(1153)) - IPC Server listener on 34774: starting
2019-09-20 08:26:51,147 [Thread-1336] INFO  server.StorageContainerManager (StorageContainerManager.java:start(769)) - ScmBlockLocationProtocol RPC server is listening at /0.0.0.0:38387
2019-09-20 08:26:51,147 [Thread-1336] INFO  server.SCMBlockProtocolServer (SCMBlockProtocolServer.java:start(140)) - RPC server for Block Protocol is listening at /0.0.0.0:38387
2019-09-20 08:26:51,148 [IPC Server listener on 38387] INFO  ipc.Server (Server.java:run(1153)) - IPC Server listener on 38387: starting
2019-09-20 08:26:51,148 [IPC Server Responder] INFO  ipc.Server (Server.java:run(1314)) - IPC Server Responder: starting
2019-09-20 08:26:51,152 [Thread-1336] INFO  server.StorageContainerManager (StorageContainerManager.java:start(773)) - ScmDatanodeProtocl RPC server is listening at /0.0.0.0:45342
2019-09-20 08:26:51,152 [Thread-1336] INFO  server.SCMDatanodeProtocolServer (SCMDatanodeProtocolServer.java:start(191)) - RPC server for DataNodes is listening at /0.0.0.0:45342
2019-09-20 08:26:51,153 [IPC Server listener on 45342] INFO  ipc.Server (Server.java:run(1153)) - IPC Server listener on 45342: starting
2019-09-20 08:26:51,158 [IPC Server Responder] INFO  ipc.Server (Server.java:run(1314)) - IPC Server Responder: starting
2019-09-20 08:26:51,164 [Thread-1336] INFO  http.HttpServer2 (HttpServer2.java:bindListener(1191)) - Jetty bound to port 43427
2019-09-20 08:26:51,164 [Thread-1336] INFO  server.Server (Server.java:doStart(351)) - jetty-9.3.24.v20180605, build timestamp: 2018-06-05T17:11:56Z, git hash: 84205aa28f11a4f31f2a3b86d1bba2cc8ab69827
2019-09-20 08:26:51,174 [Thread-1336] INFO  handler.ContextHandler (ContextHandler.java:doStart(781)) - Started o.e.j.s.ServletContextHandler@731da39{/logs,file:///workdir/hadoop-ozone/ozonefs/target/log,AVAILABLE}
2019-09-20 08:26:51,175 [Thread-1336] INFO  handler.ContextHandler (ContextHandler.java:doStart(781)) - Started o.e.j.s.ServletContextHandler@56c761f6{/static,jar:file:/home/user/.m2/repository/org/apache/hadoop/hadoop-hdds-server-scm/0.5.0-SNAPSHOT/hadoop-hdds-server-scm-0.5.0-SNAPSHOT.jar!/webapps/static,AVAILABLE}
2019-09-20 08:26:51,216 [Thread-1336] INFO  handler.ContextHandler (ContextHandler.java:doStart(781)) - Started o.e.j.w.WebAppContext@1364fa2b{/,file:///tmp/jetty-0.0.0.0-43427-scm-_-any-3854261513823670477.dir/webapp/,AVAILABLE}{/scm}
2019-09-20 08:26:51,216 [Thread-1336] INFO  server.AbstractConnector (AbstractConnector.java:doStart(278)) - Started ServerConnector@ca44e69{HTTP/1.1,[http/1.1]}{0.0.0.0:43427}
2019-09-20 08:26:51,217 [Thread-1336] INFO  server.Server (Server.java:doStart(419)) - Started @95283ms
2019-09-20 08:26:51,218 [Thread-1336] INFO  server.BaseHttpServer (BaseHttpServer.java:updateConnectorAddress(213)) - HTTP server of SCM is listening at http://0.0.0.0:43427
2019-09-20 08:26:51,219 [Thread-1336] WARN  server.ServerUtils (ServerUtils.java:getDBPath(222)) - ozone.om.db.dirs is not configured. We recommend adding this setting. Falling back to ozone.metadata.dirs instead.
2019-09-20 08:26:51,219 [org.apache.hadoop.util.JvmPauseMonitor$Monitor@3bcf155d] INFO  util.JvmPauseMonitor (JvmPauseMonitor.java:run(188)) - Starting JVM pause monitor
2019-09-20 08:26:51,233 [Thread-1336] WARN  server.ServerUtils (ServerUtils.java:getDBPath(222)) - ozone.om.db.dirs is not configured. We recommend adding this setting. Falling back to ozone.metadata.dirs instead.
2019-09-20 08:26:51,234 [Thread-1336] WARN  server.ServerUtils (ServerUtils.java:getDBPath(222)) - ozone.om.db.dirs is not configured. We recommend adding this setting. Falling back to ozone.metadata.dirs instead.
2019-09-20 08:26:51,234 [Thread-1336] INFO  om.OzoneManager (OzoneManager.java:setOMNodeDetails(645)) - OM Service ID is not set. Setting it to the default ID: omServiceIdDefault
2019-09-20 08:26:51,234 [Thread-1336] INFO  om.OzoneManager (OzoneManager.java:setOMNodeDetails(651)) - OM Node ID is not set. Setting it to the OmStorage's OmID: 2b8f8f26-38f9-41fd-99d5-c72c9b9114a0
2019-09-20 08:26:51,235 [Thread-1336] INFO  om.OzoneManager (OzoneManager.java:loadOMHAConfigs(602)) - Found matching OM address with OMServiceId: null, OMNodeId: null, RPC Address: localhost:0 and Ratis port: 9872
2019-09-20 08:26:51,244 | INFO  | SCMAudit | user=jenkins1000 | ip=192.168.34.27 | op=GET_SCM_INFO null | ret=SUCCESS |  
2019-09-20 08:26:51,246 [Thread-1336] WARN  server.ServerUtils (ServerUtils.java:getDBPath(222)) - ozone.om.db.dirs is not configured. We recommend adding this setting. Falling back to ozone.metadata.dirs instead.
2019-09-20 08:26:51,246 [Thread-1336] INFO  db.DBStoreBuilder (DBStoreBuilder.java:addTable(110)) - using custom profile for table: userTable
2019-09-20 08:26:51,246 [Thread-1336] INFO  db.DBStoreBuilder (DBStoreBuilder.java:processTables(161)) - Using default column profile:DBProfile.DISK for Table:userTable
2019-09-20 08:26:51,247 [Thread-1336] INFO  db.DBStoreBuilder (DBStoreBuilder.java:addTable(110)) - using custom profile for table: volumeTable
2019-09-20 08:26:51,247 [Thread-1336] INFO  db.DBStoreBuilder (DBStoreBuilder.java:processTables(161)) - Using default column profile:DBProfile.DISK for Table:volumeTable
2019-09-20 08:26:51,247 [Thread-1336] INFO  db.DBStoreBuilder (DBStoreBuilder.java:addTable(110)) - using custom profile for table: bucketTable
2019-09-20 08:26:51,247 [Thread-1336] INFO  db.DBStoreBuilder (DBStoreBuilder.java:processTables(161)) - Using default column profile:DBProfile.DISK for Table:bucketTable
2019-09-20 08:26:51,247 [Thread-1336] INFO  db.DBStoreBuilder (DBStoreBuilder.java:addTable(110)) - using custom profile for table: keyTable
2019-09-20 08:26:51,247 [Thread-1336] INFO  db.DBStoreBuilder (DBStoreBuilder.java:processTables(161)) - Using default column profile:DBProfile.DISK for Table:keyTable
2019-09-20 08:26:51,248 [Thread-1336] INFO  db.DBStoreBuilder (DBStoreBuilder.java:addTable(110)) - using custom profile for table: deletedTable
2019-09-20 08:26:51,248 [Thread-1336] INFO  db.DBStoreBuilder (DBStoreBuilder.java:processTables(161)) - Using default column profile:DBProfile.DISK for Table:deletedTable
2019-09-20 08:26:51,248 [Thread-1336] INFO  db.DBStoreBuilder (DBStoreBuilder.java:addTable(110)) - using custom profile for table: openKeyTable
2019-09-20 08:26:51,248 [Thread-1336] INFO  db.DBStoreBuilder (DBStoreBuilder.java:processTables(161)) - Using default column profile:DBProfile.DISK for Table:openKeyTable
2019-09-20 08:26:51,248 [Thread-1336] INFO  db.DBStoreBuilder (DBStoreBuilder.java:addTable(110)) - using custom profile for table: s3Table
2019-09-20 08:26:51,248 [Thread-1336] INFO  db.DBStoreBuilder (DBStoreBuilder.java:processTables(161)) - Using default column profile:DBProfile.DISK for Table:s3Table
2019-09-20 08:26:51,249 [Thread-1336] INFO  db.DBStoreBuilder (DBStoreBuilder.java:addTable(110)) - using custom profile for table: multipartInfoTable
2019-09-20 08:26:51,249 [Thread-1336] INFO  db.DBStoreBuilder (DBStoreBuilder.java:processTables(161)) - Using default column profile:DBProfile.DISK for Table:multipartInfoTable
2019-09-20 08:26:51,249 [Thread-1336] INFO  db.DBStoreBuilder (DBStoreBuilder.java:addTable(110)) - using custom profile for table: dTokenTable
2019-09-20 08:26:51,249 [Thread-1336] INFO  db.DBStoreBuilder (DBStoreBuilder.java:processTables(161)) - Using default column profile:DBProfile.DISK for Table:dTokenTable
2019-09-20 08:26:51,249 [Thread-1336] INFO  db.DBStoreBuilder (DBStoreBuilder.java:addTable(110)) - using custom profile for table: s3SecretTable
2019-09-20 08:26:51,249 [Thread-1336] INFO  db.DBStoreBuilder (DBStoreBuilder.java:processTables(161)) - Using default column profile:DBProfile.DISK for Table:s3SecretTable
2019-09-20 08:26:51,250 [Thread-1336] INFO  db.DBStoreBuilder (DBStoreBuilder.java:addTable(110)) - using custom profile for table: prefixTable
2019-09-20 08:26:51,250 [Thread-1336] INFO  db.DBStoreBuilder (DBStoreBuilder.java:processTables(161)) - Using default column profile:DBProfile.DISK for Table:prefixTable
2019-09-20 08:26:51,250 [Thread-1336] INFO  db.DBStoreBuilder (DBStoreBuilder.java:addTable(110)) - using custom profile for table: default
2019-09-20 08:26:51,250 [Thread-1336] INFO  db.DBStoreBuilder (DBStoreBuilder.java:processTables(167)) - Using default column profile:DBProfile.DISK for Table:default
2019-09-20 08:26:51,250 [Thread-1336] INFO  db.DBStoreBuilder (DBStoreBuilder.java:getDbProfile(198)) - Using default options. DBProfile.DISK
2019-09-20 08:26:51,760 [Thread-1336] INFO  ipc.CallQueueManager (CallQueueManager.java:<init>(84)) - Using callQueue: class java.util.concurrent.LinkedBlockingQueue, queueCapacity: 2000, scheduler: class org.apache.hadoop.ipc.DefaultRpcScheduler, ipcBackoff: false.
2019-09-20 08:26:51,761 [Socket Reader #1 for port 38479] INFO  ipc.Server (Server.java:run(1074)) - Starting Socket Reader #1 for port 38479
2019-09-20 08:26:51,780 [Thread-1336] INFO  om.OzoneManager (OzoneManager.java:start(1256)) - OzoneManager RPC server is listening at localhost/127.0.0.1:38479
2019-09-20 08:26:51,780 [Thread-1336] INFO  impl.MetricsSystemImpl (MetricsSystemImpl.java:init(158)) - OzoneManager metrics system started (again)
2019-09-20 08:26:51,781 [IPC Server Responder] INFO  ipc.Server (Server.java:run(1314)) - IPC Server Responder: starting
2019-09-20 08:26:51,782 [IPC Server listener on 38479] INFO  ipc.Server (Server.java:run(1153)) - IPC Server listener on 38479: starting
2019-09-20 08:26:51,786 [Thread-1336] INFO  hdfs.DFSUtil (DFSUtil.java:httpServerTemplateForNNAndJN(1641)) - Starting Web-server for ozoneManager at: http://0.0.0.0:0
2019-09-20 08:26:51,789 [Thread-1336] INFO  server.AuthenticationFilter (AuthenticationFilter.java:constructSecretProvider(240)) - Unable to initialize FileSignerSecretProvider, falling back to use random secrets.
2019-09-20 08:26:51,789 [Thread-1336] WARN  http.HttpRequestLog (HttpRequestLog.java:getRequestLog(97)) - Jetty request log can only be enabled using Log4j
2019-09-20 08:26:51,792 [Thread-1336] INFO  http.HttpServer2 (HttpServer2.java:addGlobalFilter(975)) - Added global filter 'safety' (class=org.apache.hadoop.http.HttpServer2$QuotingInputFilter)
2019-09-20 08:26:51,793 [Thread-1336] INFO  http.HttpServer2 (HttpServer2.java:addFilter(948)) - Added filter static_user_filter (class=org.apache.hadoop.http.lib.StaticUserWebFilter$StaticUserFilter) to context ozoneManager
2019-09-20 08:26:51,793 [Thread-1336] INFO  http.HttpServer2 (HttpServer2.java:addFilter(958)) - Added filter static_user_filter (class=org.apache.hadoop.http.lib.StaticUserWebFilter$StaticUserFilter) to context static
2019-09-20 08:26:51,793 [Thread-1336] INFO  http.HttpServer2 (HttpServer2.java:addFilter(958)) - Added filter static_user_filter (class=org.apache.hadoop.http.lib.StaticUserWebFilter$StaticUserFilter) to context logs
2019-09-20 08:26:51,794 [Thread-1336] INFO  http.HttpServer2 (HttpServer2.java:bindListener(1191)) - Jetty bound to port 35818
2019-09-20 08:26:51,794 [Thread-1336] INFO  server.Server (Server.java:doStart(351)) - jetty-9.3.24.v20180605, build timestamp: 2018-06-05T17:11:56Z, git hash: 84205aa28f11a4f31f2a3b86d1bba2cc8ab69827
2019-09-20 08:26:51,796 [Thread-1336] INFO  handler.ContextHandler (ContextHandler.java:doStart(781)) - Started o.e.j.s.ServletContextHandler@31bb22d6{/logs,file:///workdir/hadoop-ozone/ozonefs/target/log,AVAILABLE}
2019-09-20 08:26:51,797 [Thread-1336] INFO  handler.ContextHandler (ContextHandler.java:doStart(781)) - Started o.e.j.s.ServletContextHandler@5e46c115{/static,jar:file:/home/user/.m2/repository/org/apache/hadoop/hadoop-ozone-ozone-manager/0.5.0-SNAPSHOT/hadoop-ozone-ozone-manager-0.5.0-SNAPSHOT.jar!/webapps/static,AVAILABLE}
2019-09-20 08:26:51,860 [Thread-1336] INFO  handler.ContextHandler (ContextHandler.java:doStart(781)) - Started o.e.j.w.WebAppContext@328770f4{/,file:///tmp/jetty-0.0.0.0-35818-ozoneManager-_-any-4014064895939561983.dir/webapp/,AVAILABLE}{/ozoneManager}
2019-09-20 08:26:51,860 [Thread-1336] INFO  server.AbstractConnector (AbstractConnector.java:doStart(278)) - Started ServerConnector@206963a2{HTTP/1.1,[http/1.1]}{0.0.0.0:35818}
2019-09-20 08:26:51,861 [Thread-1336] INFO  server.Server (Server.java:doStart(419)) - Started @95926ms
2019-09-20 08:26:51,862 [Thread-1336] INFO  server.BaseHttpServer (BaseHttpServer.java:updateConnectorAddress(213)) - HTTP server of OZONEMANAGER is listening at http://0.0.0.0:35818
2019-09-20 08:26:51,869 [Thread-1336] INFO  impl.MetricsSystemImpl (MetricsSystemImpl.java:init(158)) - HddsDatanode metrics system started (again)
2019-09-20 08:26:51,871 [Thread-1336] INFO  ozone.HddsDatanodeService (HddsDatanodeService.java:start(184)) - HddsDatanodeService host:pr-hdds-1569-6tbh6-3362816358 ip:192.168.34.27
2019-09-20 08:26:51,879 [Thread-1336] INFO  volume.HddsVolume (HddsVolume.java:<init>(176)) - Creating Volume: /workdir/hadoop-ozone/ozonefs/target/test-dir/MiniOzoneClusterImpl-57a912aa-d50f-4842-9d1d-666c9a8a8226/datanode-0/data/containers/hdds of  storage type : DISK and capacity : 1482555576320
2019-09-20 08:26:51,879 [Thread-1336] INFO  volume.VolumeSet (VolumeSet.java:initializeVolumeSet(170)) - Added Volume : /workdir/hadoop-ozone/ozonefs/target/test-dir/MiniOzoneClusterImpl-57a912aa-d50f-4842-9d1d-666c9a8a8226/datanode-0/data/containers/hdds to VolumeSet
2019-09-20 08:26:51,879 [Thread-1336] INFO  volume.ThrottledAsyncChecker (ThrottledAsyncChecker.java:schedule(140)) - Scheduling a check for org.apache.hadoop.ozone.container.common.volume.HddsVolume@4beb3e5f
2019-09-20 08:26:51,880 [Thread-1336] INFO  volume.HddsVolumeChecker (HddsVolumeChecker.java:checkAllVolumes(203)) - Scheduled health check for volume org.apache.hadoop.ozone.container.common.volume.HddsVolume@4beb3e5f
2019-09-20 08:26:51,900 [Thread-1336] INFO  impl.RaftServerProxy (ConfUtils.java:logGet(43)) - raft.rpc.type = GRPC (default)
2019-09-20 08:26:51,900 [Thread-1336] INFO  grpc.GrpcFactory (GrpcFactory.java:checkPooledByteBufAllocatorUseCacheForAllThreads(45)) - PERFORMANCE WARNING: useCacheForAllThreads is true that may cause Netty to create a lot garbage objects and, as a result, trigger GC.
	It is recommended to disable useCacheForAllThreads by setting -Dorg.apache.ratis.thirdparty.io.netty.allocator.useCacheForAllThreads=false in command line.
2019-09-20 08:26:51,900 [Thread-1336] INFO  grpc.GrpcConfigKeys$Server (ConfUtils.java:logGet(43)) - raft.grpc.server.port = 0 (default)
2019-09-20 08:26:51,900 [Thread-1336] INFO  server.GrpcService (ConfUtils.java:logGet(43)) - raft.grpc.message.size.max = 33570816 (custom)
2019-09-20 08:26:51,900 [Thread-1336] INFO  server.RaftServerConfigKeys (ConfUtils.java:logGet(43)) - raft.server.log.appender.buffer.byte-limit = 33554432 (custom)
2019-09-20 08:26:51,900 [Thread-1336] INFO  server.GrpcService (ConfUtils.java:logGet(43)) - raft.grpc.flow.control.window = 1MB (=1048576) (default)
2019-09-20 08:26:51,901 [Thread-1336] INFO  server.RaftServerConfigKeys (ConfUtils.java:logGet(43)) - raft.server.rpc.request.timeout = 3000ms (default)
2019-09-20 08:26:51,901 [Thread-1336] INFO  server.RaftServerConfigKeys (ConfUtils.java:logGet(43)) - raft.server.storage.dir = [/workdir/hadoop-ozone/ozonefs/target/test-dir/MiniOzoneClusterImpl-57a912aa-d50f-4842-9d1d-666c9a8a8226/datanode-0/data/ratis] (custom)
2019-09-20 08:26:51,901 [Thread-1336] INFO  replication.SimpleContainerDownloader (SimpleContainerDownloader.java:<init>(72)) - Starting container downloader service to copy containers to replicate.
2019-09-20 08:26:51,903 [Thread-1336] INFO  hdfs.DFSUtil (DFSUtil.java:httpServerTemplateForNNAndJN(1641)) - Starting Web-server for hddsDatanode at: http://0.0.0.0:0
2019-09-20 08:26:51,904 [Thread-1336] INFO  server.AuthenticationFilter (AuthenticationFilter.java:constructSecretProvider(240)) - Unable to initialize FileSignerSecretProvider, falling back to use random secrets.
2019-09-20 08:26:51,904 [Thread-1336] WARN  http.HttpRequestLog (HttpRequestLog.java:getRequestLog(97)) - Jetty request log can only be enabled using Log4j
2019-09-20 08:26:51,906 [Thread-1336] INFO  http.HttpServer2 (HttpServer2.java:addGlobalFilter(975)) - Added global filter 'safety' (class=org.apache.hadoop.http.HttpServer2$QuotingInputFilter)
2019-09-20 08:26:51,906 [Thread-1336] INFO  http.HttpServer2 (HttpServer2.java:addFilter(948)) - Added filter static_user_filter (class=org.apache.hadoop.http.lib.StaticUserWebFilter$StaticUserFilter) to context hddsDatanode
2019-09-20 08:26:51,906 [Thread-1336] INFO  http.HttpServer2 (HttpServer2.java:addFilter(958)) - Added filter static_user_filter (class=org.apache.hadoop.http.lib.StaticUserWebFilter$StaticUserFilter) to context logs
2019-09-20 08:26:51,907 [Thread-1336] INFO  http.HttpServer2 (HttpServer2.java:addFilter(958)) - Added filter static_user_filter (class=org.apache.hadoop.http.lib.StaticUserWebFilter$StaticUserFilter) to context static
2019-09-20 08:26:51,907 [Thread-1336] INFO  http.HttpServer2 (HttpServer2.java:bindListener(1191)) - Jetty bound to port 36330
2019-09-20 08:26:51,907 [Thread-1336] INFO  server.Server (Server.java:doStart(351)) - jetty-9.3.24.v20180605, build timestamp: 2018-06-05T17:11:56Z, git hash: 84205aa28f11a4f31f2a3b86d1bba2cc8ab69827
2019-09-20 08:26:51,909 [Thread-1336] INFO  handler.ContextHandler (ContextHandler.java:doStart(781)) - Started o.e.j.s.ServletContextHandler@37000cca{/logs,file:///workdir/hadoop-ozone/ozonefs/target/log,AVAILABLE}
2019-09-20 08:26:51,909 [Thread-1336] INFO  handler.ContextHandler (ContextHandler.java:doStart(781)) - Started o.e.j.s.ServletContextHandler@657be9c6{/static,jar:file:/home/user/.m2/repository/org/apache/hadoop/hadoop-hdds-container-service/0.5.0-SNAPSHOT/hadoop-hdds-container-service-0.5.0-SNAPSHOT.jar!/webapps/static,AVAILABLE}
2019-09-20 08:26:51,940 [Thread-1336] INFO  handler.ContextHandler (ContextHandler.java:doStart(781)) - Started o.e.j.w.WebAppContext@56b0cca4{/,file:///tmp/jetty-0.0.0.0-36330-hddsDatanode-_-any-5579954804814672981.dir/webapp/,AVAILABLE}{/hddsDatanode}
2019-09-20 08:26:51,941 [Thread-1336] INFO  server.AbstractConnector (AbstractConnector.java:doStart(278)) - Started ServerConnector@543f1a6a{HTTP/1.1,[http/1.1]}{0.0.0.0:36330}
2019-09-20 08:26:51,942 [Thread-1336] INFO  server.Server (Server.java:doStart(419)) - Started @96008ms
2019-09-20 08:26:51,943 [Thread-1336] INFO  server.BaseHttpServer (BaseHttpServer.java:updateConnectorAddress(213)) - HTTP server of HDDSDATANODE is listening at http://0.0.0.0:36330
2019-09-20 08:26:52,073 | INFO  | ObjectStoreRestHttpServer | Listening HDDS REST traffic on /0.0.0.0:40640 |  
2019-09-20 08:26:52,073 [Thread-1336] INFO  ozone.HddsDatanodeService (HddsDatanodeService.java:startPlugins(395)) - Started plug-in org.apache.hadoop.ozone.web.OzoneHddsDatanodeService@7bdf2b19
2019-09-20 08:26:52,073 [Thread-1336] INFO  impl.MetricsSystemImpl (MetricsSystemImpl.java:init(158)) - HddsDatanode metrics system started (again)
2019-09-20 08:26:52,076 [Thread-1336] INFO  ozone.HddsDatanodeService (HddsDatanodeService.java:start(184)) - HddsDatanodeService host:pr-hdds-1569-6tbh6-3362816358 ip:192.168.34.27
2019-09-20 08:26:52,076 [org.apache.hadoop.util.JvmPauseMonitor$Monitor@5afe0ab6] INFO  util.JvmPauseMonitor (JvmPauseMonitor.java:run(188)) - Starting JVM pause monitor
2019-09-20 08:26:52,080 [Datanode State Machine Thread - 0] INFO  datanode.InitDatanodeState (InitDatanodeState.java:persistContainerDatanodeDetails(140)) - DatanodeDetails is persisted to /workdir/hadoop-ozone/ozonefs/target/test-dir/MiniOzoneClusterImpl-57a912aa-d50f-4842-9d1d-666c9a8a8226/datanode-0/meta/datanode.id
2019-09-20 08:26:52,084 [Thread-1336] INFO  volume.HddsVolume (HddsVolume.java:<init>(176)) - Creating Volume: /workdir/hadoop-ozone/ozonefs/target/test-dir/MiniOzoneClusterImpl-57a912aa-d50f-4842-9d1d-666c9a8a8226/datanode-1/data/containers/hdds of  storage type : DISK and capacity : 1482555576320
2019-09-20 08:26:52,084 [Thread-1336] INFO  volume.VolumeSet (VolumeSet.java:initializeVolumeSet(170)) - Added Volume : /workdir/hadoop-ozone/ozonefs/target/test-dir/MiniOzoneClusterImpl-57a912aa-d50f-4842-9d1d-666c9a8a8226/datanode-1/data/containers/hdds to VolumeSet
2019-09-20 08:26:52,084 [Thread-1336] INFO  volume.ThrottledAsyncChecker (ThrottledAsyncChecker.java:schedule(140)) - Scheduling a check for org.apache.hadoop.ozone.container.common.volume.HddsVolume@1720aeae
2019-09-20 08:26:52,085 [Thread-1336] INFO  volume.HddsVolumeChecker (HddsVolumeChecker.java:checkAllVolumes(203)) - Scheduled health check for volume org.apache.hadoop.ozone.container.common.volume.HddsVolume@1720aeae
2019-09-20 08:26:52,104 [Thread-1336] INFO  impl.RaftServerProxy (ConfUtils.java:logGet(43)) - raft.rpc.type = GRPC (default)
2019-09-20 08:26:52,105 [Thread-1336] INFO  grpc.GrpcFactory (GrpcFactory.java:checkPooledByteBufAllocatorUseCacheForAllThreads(45)) - PERFORMANCE WARNING: useCacheForAllThreads is true that may cause Netty to create a lot garbage objects and, as a result, trigger GC.
	It is recommended to disable useCacheForAllThreads by setting -Dorg.apache.ratis.thirdparty.io.netty.allocator.useCacheForAllThreads=false in command line.
2019-09-20 08:26:52,105 [Thread-1336] INFO  grpc.GrpcConfigKeys$Server (ConfUtils.java:logGet(43)) - raft.grpc.server.port = 0 (default)
2019-09-20 08:26:52,105 [Thread-1336] INFO  server.GrpcService (ConfUtils.java:logGet(43)) - raft.grpc.message.size.max = 33570816 (custom)
2019-09-20 08:26:52,105 [Thread-1336] INFO  server.RaftServerConfigKeys (ConfUtils.java:logGet(43)) - raft.server.log.appender.buffer.byte-limit = 33554432 (custom)
2019-09-20 08:26:52,105 [Thread-1336] INFO  server.GrpcService (ConfUtils.java:logGet(43)) - raft.grpc.flow.control.window = 1MB (=1048576) (default)
2019-09-20 08:26:52,105 [Thread-1336] INFO  server.RaftServerConfigKeys (ConfUtils.java:logGet(43)) - raft.server.rpc.request.timeout = 3000ms (default)
2019-09-20 08:26:52,106 [Thread-1336] INFO  server.RaftServerConfigKeys (ConfUtils.java:logGet(43)) - raft.server.storage.dir = [/workdir/hadoop-ozone/ozonefs/target/test-dir/MiniOzoneClusterImpl-57a912aa-d50f-4842-9d1d-666c9a8a8226/datanode-1/data/ratis] (custom)
2019-09-20 08:26:52,106 [Thread-1336] INFO  replication.SimpleContainerDownloader (SimpleContainerDownloader.java:<init>(72)) - Starting container downloader service to copy containers to replicate.
2019-09-20 08:26:52,107 [Thread-1336] INFO  hdfs.DFSUtil (DFSUtil.java:httpServerTemplateForNNAndJN(1641)) - Starting Web-server for hddsDatanode at: http://0.0.0.0:0
2019-09-20 08:26:52,109 [Thread-1336] INFO  server.AuthenticationFilter (AuthenticationFilter.java:constructSecretProvider(240)) - Unable to initialize FileSignerSecretProvider, falling back to use random secrets.
2019-09-20 08:26:52,109 [Thread-1336] WARN  http.HttpRequestLog (HttpRequestLog.java:getRequestLog(97)) - Jetty request log can only be enabled using Log4j
2019-09-20 08:26:52,110 [Thread-1336] INFO  http.HttpServer2 (HttpServer2.java:addGlobalFilter(975)) - Added global filter 'safety' (class=org.apache.hadoop.http.HttpServer2$QuotingInputFilter)
2019-09-20 08:26:52,111 [Thread-1336] INFO  http.HttpServer2 (HttpServer2.java:addFilter(948)) - Added filter static_user_filter (class=org.apache.hadoop.http.lib.StaticUserWebFilter$StaticUserFilter) to context hddsDatanode
2019-09-20 08:26:52,111 [Thread-1336] INFO  http.HttpServer2 (HttpServer2.java:addFilter(958)) - Added filter static_user_filter (class=org.apache.hadoop.http.lib.StaticUserWebFilter$StaticUserFilter) to context logs
2019-09-20 08:26:52,111 [Thread-1336] INFO  http.HttpServer2 (HttpServer2.java:addFilter(958)) - Added filter static_user_filter (class=org.apache.hadoop.http.lib.StaticUserWebFilter$StaticUserFilter) to context static
2019-09-20 08:26:52,112 [Thread-1336] INFO  http.HttpServer2 (HttpServer2.java:bindListener(1191)) - Jetty bound to port 42147
2019-09-20 08:26:52,112 [Thread-1336] INFO  server.Server (Server.java:doStart(351)) - jetty-9.3.24.v20180605, build timestamp: 2018-06-05T17:11:56Z, git hash: 84205aa28f11a4f31f2a3b86d1bba2cc8ab69827
2019-09-20 08:26:52,113 [Thread-1336] INFO  handler.ContextHandler (ContextHandler.java:doStart(781)) - Started o.e.j.s.ServletContextHandler@6fcae17b{/logs,file:///workdir/hadoop-ozone/ozonefs/target/log,AVAILABLE}
2019-09-20 08:26:52,114 [Thread-1336] INFO  handler.ContextHandler (ContextHandler.java:doStart(781)) - Started o.e.j.s.ServletContextHandler@55e53e4f{/static,jar:file:/home/user/.m2/repository/org/apache/hadoop/hadoop-hdds-container-service/0.5.0-SNAPSHOT/hadoop-hdds-container-service-0.5.0-SNAPSHOT.jar!/webapps/static,AVAILABLE}
2019-09-20 08:26:52,153 [Thread-1336] INFO  handler.ContextHandler (ContextHandler.java:doStart(781)) - Started o.e.j.w.WebAppContext@4e093a91{/,file:///tmp/jetty-0.0.0.0-42147-hddsDatanode-_-any-2605122890563930896.dir/webapp/,AVAILABLE}{/hddsDatanode}
2019-09-20 08:26:52,154 [Thread-1336] INFO  server.AbstractConnector (AbstractConnector.java:doStart(278)) - Started ServerConnector@278b83c1{HTTP/1.1,[http/1.1]}{0.0.0.0:42147}
2019-09-20 08:26:52,155 [Thread-1336] INFO  server.Server (Server.java:doStart(419)) - Started @96221ms
2019-09-20 08:26:52,156 [Thread-1336] INFO  server.BaseHttpServer (BaseHttpServer.java:updateConnectorAddress(213)) - HTTP server of HDDSDATANODE is listening at http://0.0.0.0:42147
2019-09-20 08:26:52,303 | INFO  | ObjectStoreRestHttpServer | Listening HDDS REST traffic on /0.0.0.0:38090 |  
2019-09-20 08:26:52,303 [Thread-1336] INFO  ozone.HddsDatanodeService (HddsDatanodeService.java:startPlugins(395)) - Started plug-in org.apache.hadoop.ozone.web.OzoneHddsDatanodeService@7d6d62cc
2019-09-20 08:26:52,304 [Thread-1336] INFO  impl.MetricsSystemImpl (MetricsSystemImpl.java:init(158)) - HddsDatanode metrics system started (again)
2019-09-20 08:26:52,306 [Thread-1336] INFO  ozone.HddsDatanodeService (HddsDatanodeService.java:start(184)) - HddsDatanodeService host:pr-hdds-1569-6tbh6-3362816358 ip:192.168.34.27
2019-09-20 08:26:52,306 [org.apache.hadoop.util.JvmPauseMonitor$Monitor@14da384e] INFO  util.JvmPauseMonitor (JvmPauseMonitor.java:run(188)) - Starting JVM pause monitor
2019-09-20 08:26:52,309 [Datanode State Machine Thread - 0] INFO  datanode.InitDatanodeState (InitDatanodeState.java:persistContainerDatanodeDetails(140)) - DatanodeDetails is persisted to /workdir/hadoop-ozone/ozonefs/target/test-dir/MiniOzoneClusterImpl-57a912aa-d50f-4842-9d1d-666c9a8a8226/datanode-1/meta/datanode.id
2019-09-20 08:26:52,319 [Thread-1336] INFO  volume.HddsVolume (HddsVolume.java:<init>(176)) - Creating Volume: /workdir/hadoop-ozone/ozonefs/target/test-dir/MiniOzoneClusterImpl-57a912aa-d50f-4842-9d1d-666c9a8a8226/datanode-2/data/containers/hdds of  storage type : DISK and capacity : 1482555576320
2019-09-20 08:26:52,319 [Thread-1336] INFO  volume.VolumeSet (VolumeSet.java:initializeVolumeSet(170)) - Added Volume : /workdir/hadoop-ozone/ozonefs/target/test-dir/MiniOzoneClusterImpl-57a912aa-d50f-4842-9d1d-666c9a8a8226/datanode-2/data/containers/hdds to VolumeSet
2019-09-20 08:26:52,319 [Thread-1336] INFO  volume.ThrottledAsyncChecker (ThrottledAsyncChecker.java:schedule(140)) - Scheduling a check for org.apache.hadoop.ozone.container.common.volume.HddsVolume@2097f4d0
2019-09-20 08:26:52,320 [Thread-1336] INFO  volume.HddsVolumeChecker (HddsVolumeChecker.java:checkAllVolumes(203)) - Scheduled health check for volume org.apache.hadoop.ozone.container.common.volume.HddsVolume@2097f4d0
2019-09-20 08:26:52,339 [Thread-1336] INFO  impl.RaftServerProxy (ConfUtils.java:logGet(43)) - raft.rpc.type = GRPC (default)
2019-09-20 08:26:52,340 [Thread-1336] INFO  grpc.GrpcFactory (GrpcFactory.java:checkPooledByteBufAllocatorUseCacheForAllThreads(45)) - PERFORMANCE WARNING: useCacheForAllThreads is true that may cause Netty to create a lot garbage objects and, as a result, trigger GC.
	It is recommended to disable useCacheForAllThreads by setting -Dorg.apache.ratis.thirdparty.io.netty.allocator.useCacheForAllThreads=false in command line.
2019-09-20 08:26:52,340 [Thread-1336] INFO  grpc.GrpcConfigKeys$Server (ConfUtils.java:logGet(43)) - raft.grpc.server.port = 0 (default)
2019-09-20 08:26:52,340 [Thread-1336] INFO  server.GrpcService (ConfUtils.java:logGet(43)) - raft.grpc.message.size.max = 33570816 (custom)
2019-09-20 08:26:52,340 [Thread-1336] INFO  server.RaftServerConfigKeys (ConfUtils.java:logGet(43)) - raft.server.log.appender.buffer.byte-limit = 33554432 (custom)
2019-09-20 08:26:52,340 [Thread-1336] INFO  server.GrpcService (ConfUtils.java:logGet(43)) - raft.grpc.flow.control.window = 1MB (=1048576) (default)
2019-09-20 08:26:52,340 [Thread-1336] INFO  server.RaftServerConfigKeys (ConfUtils.java:logGet(43)) - raft.server.rpc.request.timeout = 3000ms (default)
2019-09-20 08:26:52,341 [Thread-1336] INFO  server.RaftServerConfigKeys (ConfUtils.java:logGet(43)) - raft.server.storage.dir = [/workdir/hadoop-ozone/ozonefs/target/test-dir/MiniOzoneClusterImpl-57a912aa-d50f-4842-9d1d-666c9a8a8226/datanode-2/data/ratis] (custom)
2019-09-20 08:26:52,341 [Thread-1336] INFO  replication.SimpleContainerDownloader (SimpleContainerDownloader.java:<init>(72)) - Starting container downloader service to copy containers to replicate.
2019-09-20 08:26:52,342 [Thread-1336] INFO  hdfs.DFSUtil (DFSUtil.java:httpServerTemplateForNNAndJN(1641)) - Starting Web-server for hddsDatanode at: http://0.0.0.0:0
2019-09-20 08:26:52,345 [Thread-1336] INFO  server.AuthenticationFilter (AuthenticationFilter.java:constructSecretProvider(240)) - Unable to initialize FileSignerSecretProvider, falling back to use random secrets.
2019-09-20 08:26:52,346 [Thread-1336] WARN  http.HttpRequestLog (HttpRequestLog.java:getRequestLog(97)) - Jetty request log can only be enabled using Log4j
2019-09-20 08:26:52,348 [Thread-1336] INFO  http.HttpServer2 (HttpServer2.java:addGlobalFilter(975)) - Added global filter 'safety' (class=org.apache.hadoop.http.HttpServer2$QuotingInputFilter)
2019-09-20 08:26:52,349 [Thread-1336] INFO  http.HttpServer2 (HttpServer2.java:addFilter(948)) - Added filter static_user_filter (class=org.apache.hadoop.http.lib.StaticUserWebFilter$StaticUserFilter) to context hddsDatanode
2019-09-20 08:26:52,350 [Thread-1336] INFO  http.HttpServer2 (HttpServer2.java:addFilter(958)) - Added filter static_user_filter (class=org.apache.hadoop.http.lib.StaticUserWebFilter$StaticUserFilter) to context logs
2019-09-20 08:26:52,350 [Thread-1336] INFO  http.HttpServer2 (HttpServer2.java:addFilter(958)) - Added filter static_user_filter (class=org.apache.hadoop.http.lib.StaticUserWebFilter$StaticUserFilter) to context static
2019-09-20 08:26:52,351 [Thread-1336] INFO  http.HttpServer2 (HttpServer2.java:bindListener(1191)) - Jetty bound to port 41040
2019-09-20 08:26:52,351 [Thread-1336] INFO  server.Server (Server.java:doStart(351)) - jetty-9.3.24.v20180605, build timestamp: 2018-06-05T17:11:56Z, git hash: 84205aa28f11a4f31f2a3b86d1bba2cc8ab69827
2019-09-20 08:26:52,353 [Thread-1336] INFO  handler.ContextHandler (ContextHandler.java:doStart(781)) - Started o.e.j.s.ServletContextHandler@13955c16{/logs,file:///workdir/hadoop-ozone/ozonefs/target/log,AVAILABLE}
2019-09-20 08:26:52,354 [Thread-1336] INFO  handler.ContextHandler (ContextHandler.java:doStart(781)) - Started o.e.j.s.ServletContextHandler@4ceb782d{/static,jar:file:/home/user/.m2/repository/org/apache/hadoop/hadoop-hdds-container-service/0.5.0-SNAPSHOT/hadoop-hdds-container-service-0.5.0-SNAPSHOT.jar!/webapps/static,AVAILABLE}
2019-09-20 08:26:52,402 [Thread-1336] INFO  handler.ContextHandler (ContextHandler.java:doStart(781)) - Started o.e.j.w.WebAppContext@551e0022{/,file:///tmp/jetty-0.0.0.0-41040-hddsDatanode-_-any-2215572961418842301.dir/webapp/,AVAILABLE}{/hddsDatanode}
2019-09-20 08:26:52,403 [Thread-1336] INFO  server.AbstractConnector (AbstractConnector.java:doStart(278)) - Started ServerConnector@1523469d{HTTP/1.1,[http/1.1]}{0.0.0.0:41040}
2019-09-20 08:26:52,405 [Thread-1336] INFO  server.Server (Server.java:doStart(419)) - Started @96471ms
2019-09-20 08:26:52,406 [Thread-1336] INFO  server.BaseHttpServer (BaseHttpServer.java:updateConnectorAddress(213)) - HTTP server of HDDSDATANODE is listening at http://0.0.0.0:41040
2019-09-20 08:26:52,563 | INFO  | ObjectStoreRestHttpServer | Listening HDDS REST traffic on /0.0.0.0:42847 |  
2019-09-20 08:26:52,564 [Thread-1336] INFO  ozone.HddsDatanodeService (HddsDatanodeService.java:startPlugins(395)) - Started plug-in org.apache.hadoop.ozone.web.OzoneHddsDatanodeService@42b72998
2019-09-20 08:26:52,565 [Thread-1336] INFO  ozone.MiniOzoneClusterImpl (MiniOzoneClusterImpl.java:lambda$waitForClusterToBeReady$0(142)) - Waiting for cluster to be ready. Got 0 of 3 DN Heartbeats.
2019-09-20 08:26:52,567 [org.apache.hadoop.util.JvmPauseMonitor$Monitor@63d4fc0a] INFO  util.JvmPauseMonitor (JvmPauseMonitor.java:run(188)) - Starting JVM pause monitor
2019-09-20 08:26:52,570 [Datanode State Machine Thread - 0] INFO  datanode.InitDatanodeState (InitDatanodeState.java:persistContainerDatanodeDetails(140)) - DatanodeDetails is persisted to /workdir/hadoop-ozone/ozonefs/target/test-dir/MiniOzoneClusterImpl-57a912aa-d50f-4842-9d1d-666c9a8a8226/datanode-2/meta/datanode.id
2019-09-20 08:26:53,565 [Thread-1336] INFO  ozone.MiniOzoneClusterImpl (MiniOzoneClusterImpl.java:lambda$waitForClusterToBeReady$0(142)) - Waiting for cluster to be ready. Got 0 of 3 DN Heartbeats.
2019-09-20 08:26:54,082 | INFO  | SCMAudit | user=jenkins1000 | ip=192.168.34.27 | op=GET_VERSION null | ret=SUCCESS |  
2019-09-20 08:26:54,099 [Datanode State Machine Thread - 0] INFO  ozoneimpl.OzoneContainer (OzoneContainer.java:start(186)) - Attempting to start container services.
2019-09-20 08:26:54,099 [Datanode State Machine Thread - 0] INFO  ozoneimpl.OzoneContainer (OzoneContainer.java:startContainerScrub(160)) - Background container scrubber has been disabled by hdds.containerscrub.enabled
2019-09-20 08:26:54,100 [Datanode State Machine Thread - 0] INFO  ratis.XceiverServerRatis (XceiverServerRatis.java:start(404)) - Starting XceiverServerRatis 86045968-2694-4a13-a31d-9b0ae4a485fe at port 0
2019-09-20 08:26:54,109 [Datanode State Machine Thread - 0] INFO  impl.RaftServerProxy (RaftServerProxy.java:lambda$start$3(299)) - 86045968-2694-4a13-a31d-9b0ae4a485fe: start RPC server
2019-09-20 08:26:54,114 [Datanode State Machine Thread - 0] INFO  server.GrpcService (GrpcService.java:startImpl(149)) - 86045968-2694-4a13-a31d-9b0ae4a485fe: GrpcService started, listening on 0.0.0.0/0.0.0.0:37734
2019-09-20 08:26:54,114 [Datanode State Machine Thread - 0] INFO  ratis.XceiverServerRatis (XceiverServerRatis.java:start(414)) - XceiverServerRatis 86045968-2694-4a13-a31d-9b0ae4a485fe is started using port 37734
2019-09-20 08:26:54,115 [Datanode State Machine Thread - 0] INFO  server.XceiverServerGrpc (XceiverServerGrpc.java:start(163)) - XceiverServerGrpc 86045968-2694-4a13-a31d-9b0ae4a485fe is started using port 46605
2019-09-20 08:26:54,308 | INFO  | SCMAudit | user=jenkins1000 | ip=192.168.34.27 | op=GET_VERSION null | ret=SUCCESS |  
2019-09-20 08:26:54,329 [Datanode State Machine Thread - 0] INFO  ozoneimpl.OzoneContainer (OzoneContainer.java:start(186)) - Attempting to start container services.
2019-09-20 08:26:54,330 [Datanode State Machine Thread - 0] INFO  ozoneimpl.OzoneContainer (OzoneContainer.java:startContainerScrub(160)) - Background container scrubber has been disabled by hdds.containerscrub.enabled
2019-09-20 08:26:54,330 [Datanode State Machine Thread - 0] INFO  ratis.XceiverServerRatis (XceiverServerRatis.java:start(404)) - Starting XceiverServerRatis 5e7c8f57-a8b0-4b60-89af-5f0214f88e99 at port 0
2019-09-20 08:26:54,336 [Datanode State Machine Thread - 0] INFO  impl.RaftServerProxy (RaftServerProxy.java:lambda$start$3(299)) - 5e7c8f57-a8b0-4b60-89af-5f0214f88e99: start RPC server
2019-09-20 08:26:54,339 [Datanode State Machine Thread - 0] INFO  server.GrpcService (GrpcService.java:startImpl(149)) - 5e7c8f57-a8b0-4b60-89af-5f0214f88e99: GrpcService started, listening on 0.0.0.0/0.0.0.0:45865
2019-09-20 08:26:54,339 [Datanode State Machine Thread - 0] INFO  ratis.XceiverServerRatis (XceiverServerRatis.java:start(414)) - XceiverServerRatis 5e7c8f57-a8b0-4b60-89af-5f0214f88e99 is started using port 45865
2019-09-20 08:26:54,340 [Datanode State Machine Thread - 0] INFO  server.XceiverServerGrpc (XceiverServerGrpc.java:start(163)) - XceiverServerGrpc 5e7c8f57-a8b0-4b60-89af-5f0214f88e99 is started using port 44232
2019-09-20 08:26:54,566 [Thread-1336] INFO  ozone.MiniOzoneClusterImpl (MiniOzoneClusterImpl.java:lambda$waitForClusterToBeReady$0(142)) - Waiting for cluster to be ready. Got 0 of 3 DN Heartbeats.
2019-09-20 08:26:54,568 | INFO  | SCMAudit | user=jenkins1000 | ip=192.168.34.27 | op=GET_VERSION null | ret=SUCCESS |  
2019-09-20 08:26:54,583 [Datanode State Machine Thread - 0] INFO  ozoneimpl.OzoneContainer (OzoneContainer.java:start(186)) - Attempting to start container services.
2019-09-20 08:26:54,583 [Datanode State Machine Thread - 0] INFO  ozoneimpl.OzoneContainer (OzoneContainer.java:startContainerScrub(160)) - Background container scrubber has been disabled by hdds.containerscrub.enabled
2019-09-20 08:26:54,583 [Datanode State Machine Thread - 0] INFO  ratis.XceiverServerRatis (XceiverServerRatis.java:start(404)) - Starting XceiverServerRatis 1472a92e-7a5d-4f8d-b736-5dc5de02f163 at port 0
2019-09-20 08:26:54,589 [Datanode State Machine Thread - 0] INFO  impl.RaftServerProxy (RaftServerProxy.java:lambda$start$3(299)) - 1472a92e-7a5d-4f8d-b736-5dc5de02f163: start RPC server
2019-09-20 08:26:54,591 [Datanode State Machine Thread - 0] INFO  server.GrpcService (GrpcService.java:startImpl(149)) - 1472a92e-7a5d-4f8d-b736-5dc5de02f163: GrpcService started, listening on 0.0.0.0/0.0.0.0:33744
2019-09-20 08:26:54,591 [Datanode State Machine Thread - 0] INFO  ratis.XceiverServerRatis (XceiverServerRatis.java:start(414)) - XceiverServerRatis 1472a92e-7a5d-4f8d-b736-5dc5de02f163 is started using port 33744
2019-09-20 08:26:54,593 [Datanode State Machine Thread - 0] INFO  server.XceiverServerGrpc (XceiverServerGrpc.java:start(163)) - XceiverServerGrpc 1472a92e-7a5d-4f8d-b736-5dc5de02f163 is started using port 43796
2019-09-20 08:26:55,566 [Thread-1336] INFO  ozone.MiniOzoneClusterImpl (MiniOzoneClusterImpl.java:lambda$waitForClusterToBeReady$0(142)) - Waiting for cluster to be ready. Got 0 of 3 DN Heartbeats.
2019-09-20 08:26:56,081 [IPC Server handler 2 on 45342] INFO  net.NetworkTopology (NetworkTopologyImpl.java:add(110)) - Added a new node: /default-rack/86045968-2694-4a13-a31d-9b0ae4a485fe
2019-09-20 08:26:56,083 [IPC Server handler 2 on 45342] INFO  node.SCMNodeManager (SCMNodeManager.java:register(273)) - Registered Data node : 86045968-2694-4a13-a31d-9b0ae4a485fe{ip: 192.168.34.27, host: pr-hdds-1569-6tbh6-3362816358, networkLocation: /default-rack, certSerialId: null}
2019-09-20 08:26:56,084 [EventQueue-NodeRegistrationContainerReportForDataNodeSafeModeRule] INFO  safemode.SCMSafeModeManager (DataNodeSafeModeRule.java:process(71)) - SCM in safe mode. 1 DataNodes registered, 1 required.
2019-09-20 08:26:56,086 [EventQueue-NodeRegistrationContainerReportForDataNodeSafeModeRule] INFO  safemode.SCMSafeModeManager (SCMSafeModeManager.java:validateSafeModeExitRules(177)) - ScmSafeModeManager, all rules are successfully validated
2019-09-20 08:26:56,085 | INFO  | SCMAudit | user=jenkins1000 | ip=192.168.34.27 | op=REGISTER {datanodeDetails=86045968-2694-4a13-a31d-9b0ae4a485fe{ip: 192.168.34.27, host: pr-hdds-1569-6tbh6-3362816358, networkLocation: /default-rack, certSerialId: null}} | ret=SUCCESS |  
2019-09-20 08:26:56,086 [EventQueue-NodeRegistrationContainerReportForDataNodeSafeModeRule] INFO  safemode.SCMSafeModeManager (SCMSafeModeManager.java:exitSafeMode(193)) - SCM exiting safe mode.
2019-09-20 08:26:56,105 [grpc-default-executor-0] INFO  impl.RaftServerProxy (RaftServerProxy.java:addNew(89)) - 86045968-2694-4a13-a31d-9b0ae4a485fe: addNew group-79CD00DEA025:[86045968-2694-4a13-a31d-9b0ae4a485fe:192.168.34.27:37734] returns group-79CD00DEA025:java.util.concurrent.CompletableFuture@439cff08[Not completed]
2019-09-20 08:26:56,107 [pool-292-thread-1] INFO  impl.RaftServerImpl (RaftServerImpl.java:<init>(93)) - 86045968-2694-4a13-a31d-9b0ae4a485fe: new RaftServerImpl for group-79CD00DEA025:[86045968-2694-4a13-a31d-9b0ae4a485fe:192.168.34.27:37734] with ContainerStateMachine:uninitialized
2019-09-20 08:26:56,107 [pool-292-thread-1] INFO  server.RaftServerConfigKeys (ConfUtils.java:logGet(43)) - raft.server.rpc.timeout.min = 5s (custom)
2019-09-20 08:26:56,107 [pool-292-thread-1] INFO  server.RaftServerConfigKeys (ConfUtils.java:logGet(43)) - raft.server.rpc.timeout.max = 5200ms (custom)
2019-09-20 08:26:56,108 [pool-292-thread-1] INFO  server.RaftServerConfigKeys (ConfUtils.java:logGet(43)) - raft.server.rpcslowness.timeout = 120s (custom)
2019-09-20 08:26:56,108 [pool-292-thread-1] INFO  server.RaftServerConfigKeys (ConfUtils.java:logGet(43)) - raft.server.sleep.deviation.threshold = 300 (default)
2019-09-20 08:26:56,108 [pool-292-thread-1] INFO  server.RaftServerConfigKeys (ConfUtils.java:logGet(43)) - raft.server.log.appender.install.snapshot.enabled = false (custom)
2019-09-20 08:26:56,108 [pool-292-thread-1] INFO  impl.RaftServerImpl (ServerState.java:<init>(105)) - 86045968-2694-4a13-a31d-9b0ae4a485fe:group-79CD00DEA025 ConfigurationManager, init=-1: [86045968-2694-4a13-a31d-9b0ae4a485fe:192.168.34.27:37734], old=null, confs=<EMPTY_MAP>
2019-09-20 08:26:56,108 [pool-292-thread-1] INFO  server.RaftServerConfigKeys (ConfUtils.java:logGet(43)) - raft.server.storage.dir = [/workdir/hadoop-ozone/ozonefs/target/test-dir/MiniOzoneClusterImpl-57a912aa-d50f-4842-9d1d-666c9a8a8226/datanode-0/data/ratis] (custom)
2019-09-20 08:26:56,109 [pool-292-thread-1] INFO  storage.RaftStorageDirectory (RaftStorageDirectory.java:analyzeStorage(246)) - The storage directory /workdir/hadoop-ozone/ozonefs/target/test-dir/MiniOzoneClusterImpl-57a912aa-d50f-4842-9d1d-666c9a8a8226/datanode-0/data/ratis/2a5a0eb0-2dc8-4d2d-aa51-79cd00dea025 does not exist. Creating ...
2019-09-20 08:26:56,122 [pool-292-thread-1] INFO  storage.RaftStorageDirectory (RaftStorageDirectory.java:tryLock(328)) - Lock on /workdir/hadoop-ozone/ozonefs/target/test-dir/MiniOzoneClusterImpl-57a912aa-d50f-4842-9d1d-666c9a8a8226/datanode-0/data/ratis/2a5a0eb0-2dc8-4d2d-aa51-79cd00dea025/in_use.lock acquired by nodename 28782@pr-hdds-1569-6tbh6-3362816358
2019-09-20 08:26:56,135 [pool-292-thread-1] INFO  storage.RaftStorage (RaftStorage.java:format(72)) - Storage directory /workdir/hadoop-ozone/ozonefs/target/test-dir/MiniOzoneClusterImpl-57a912aa-d50f-4842-9d1d-666c9a8a8226/datanode-0/data/ratis/2a5a0eb0-2dc8-4d2d-aa51-79cd00dea025 has been successfully formatted.
2019-09-20 08:26:56,135 [pool-292-thread-1] INFO  ratis.ContainerStateMachine (ContainerStateMachine.java:loadSnapshot(226)) - group-79CD00DEA025: The snapshot info is null. Setting the last applied indexto:(t:0, i:~)
2019-09-20 08:26:56,135 [pool-292-thread-1] INFO  server.RaftServerConfigKeys (ConfUtils.java:logGet(43)) - raft.server.leader.election.timeout = 120s (custom)
2019-09-20 08:26:56,135 [pool-292-thread-1] INFO  server.RaftServerConfigKeys (ConfUtils.java:logGet(43)) - raft.server.log.use.memory = false (default)
2019-09-20 08:26:56,135 [pool-292-thread-1] INFO  server.RaftServerConfigKeys (ConfUtils.java:logGet(43)) - raft.server.log.purge.gap = 1000000 (custom)
2019-09-20 08:26:56,136 [pool-292-thread-1] INFO  server.RaftServerConfigKeys (ConfUtils.java:logGet(43)) - raft.server.log.appender.buffer.byte-limit = 33554432 (custom)
2019-09-20 08:26:56,136 [pool-292-thread-1] INFO  server.RaftServerConfigKeys (ConfUtils.java:logGet(43)) - raft.server.log.segment.size.max = 1048576 (custom)
2019-09-20 08:26:56,136 [pool-292-thread-1] INFO  server.RaftServerConfigKeys (ConfUtils.java:logGet(43)) - raft.server.log.segment.cache.num.max = 2 (custom)
2019-09-20 08:26:56,136 [pool-292-thread-1] INFO  segmented.SegmentedRaftLogWorker (SegmentedRaftLogWorker.java:<init>(172)) - new 86045968-2694-4a13-a31d-9b0ae4a485fe-SegmentedRaftLogWorker:Storage Directory /workdir/hadoop-ozone/ozonefs/target/test-dir/MiniOzoneClusterImpl-57a912aa-d50f-4842-9d1d-666c9a8a8226/datanode-0/data/ratis/2a5a0eb0-2dc8-4d2d-aa51-79cd00dea025 for RaftStorage:Storage Directory /workdir/hadoop-ozone/ozonefs/target/test-dir/MiniOzoneClusterImpl-57a912aa-d50f-4842-9d1d-666c9a8a8226/datanode-0/data/ratis/2a5a0eb0-2dc8-4d2d-aa51-79cd00dea025
2019-09-20 08:26:56,136 [pool-292-thread-1] INFO  server.RaftServerConfigKeys (ConfUtils.java:logGet(43)) - raft.server.log.queue.byte-limit = 2147483647 (custom)
2019-09-20 08:26:56,136 [pool-292-thread-1] INFO  server.RaftServerConfigKeys (ConfUtils.java:logGet(43)) - raft.server.log.queue.element-limit = 1024 (custom)
2019-09-20 08:26:56,137 [pool-292-thread-1] INFO  server.RaftServerConfigKeys (ConfUtils.java:logGet(43)) - raft.server.log.segment.size.max = 1048576 (custom)
2019-09-20 08:26:56,137 [pool-292-thread-1] INFO  server.RaftServerConfigKeys (ConfUtils.java:logGet(43)) - raft.server.log.preallocated.size = 16384 (custom)
2019-09-20 08:26:56,137 [pool-292-thread-1] INFO  server.RaftServerConfigKeys (ConfUtils.java:logGet(43)) - raft.server.log.write.buffer.size = 33554432 (custom)
2019-09-20 08:26:56,137 [pool-292-thread-1] INFO  server.RaftServerConfigKeys (ConfUtils.java:logGet(43)) - raft.server.log.force.sync.num = 128 (default)
2019-09-20 08:26:56,137 [pool-292-thread-1] INFO  server.RaftServerConfigKeys (ConfUtils.java:logGet(43)) - raft.server.log.statemachine.data.sync = true (default)
2019-09-20 08:26:56,138 [pool-292-thread-1] INFO  server.RaftServerConfigKeys (ConfUtils.java:logGet(43)) - raft.server.log.statemachine.data.sync.timeout = 10s (default)
2019-09-20 08:26:56,138 [pool-292-thread-1] INFO  server.RaftServerConfigKeys (ConfUtils.java:logGet(43)) - raft.server.log.statemachine.data.sync.timeout.retry = -1 (default)
2019-09-20 08:26:56,138 [pool-292-thread-1] INFO  server.RaftServerConfigKeys (ConfUtils.java:logGet(43)) - raft.server.log.statemachine.data.caching.enabled = true (custom)
2019-09-20 08:26:56,138 [pool-292-thread-1] INFO  segmented.SegmentedRaftLogWorker (SegmentedRaftLogWorker.java:lambda$new$0(132)) - 86045968-2694-4a13-a31d-9b0ae4a485fe-SegmentedRaftLogWorker:Storage Directory /workdir/hadoop-ozone/ozonefs/target/test-dir/MiniOzoneClusterImpl-57a912aa-d50f-4842-9d1d-666c9a8a8226/datanode-0/data/ratis/2a5a0eb0-2dc8-4d2d-aa51-79cd00dea025: flushIndex: setUnconditionally 0 -> -1
2019-09-20 08:26:56,139 [pool-292-thread-1] INFO  server.RaftServerConfigKeys (ConfUtils.java:logGet(43)) - raft.server.snapshot.auto.trigger.enabled = true (custom)
2019-09-20 08:26:56,139 [pool-292-thread-1] INFO  server.RaftServerConfigKeys (ConfUtils.java:logGet(43)) - raft.server.snapshot.auto.trigger.threshold = 10000 (custom)
2019-09-20 08:26:56,139 [pool-292-thread-1] INFO  server.RaftServerConfigKeys (ConfUtils.java:logGet(43)) - raft.server.retrycache.expirytime = 600000ms (custom)
2019-09-20 08:26:56,139 [pool-292-thread-1] INFO  impl.RaftServerImpl (RaftServerImpl.java:start(180)) - 86045968-2694-4a13-a31d-9b0ae4a485fe: start group-79CD00DEA025
2019-09-20 08:26:56,139 [pool-292-thread-1] INFO  impl.RaftServerImpl (RaftServerImpl.java:setRole(171)) - 86045968-2694-4a13-a31d-9b0ae4a485fe:group-79CD00DEA025 changes role from null to FOLLOWER at term 0 for startAsFollower
2019-09-20 08:26:56,139 [pool-292-thread-1] INFO  impl.RoleInfo (RoleInfo.java:updateAndGet(143)) - 86045968-2694-4a13-a31d-9b0ae4a485fe: start FollowerState
2019-09-20 08:26:56,140 [pool-292-thread-1] INFO  util.JmxRegister (JmxRegister.java:tryRegister(44)) - Successfully registered JMX Bean with object name Ratis:service=RaftServer,group=group-79CD00DEA025,id=86045968-2694-4a13-a31d-9b0ae4a485fe
2019-09-20 08:26:56,144 [RatisPipelineUtilsThread] INFO  pipeline.PipelineStateManager (PipelineStateManager.java:addPipeline(56)) - Created pipeline Pipeline[ Id: 2a5a0eb0-2dc8-4d2d-aa51-79cd00dea025, Nodes: 86045968-2694-4a13-a31d-9b0ae4a485fe{ip: 192.168.34.27, host: pr-hdds-1569-6tbh6-3362816358, networkLocation: /default-rack, certSerialId: null}, Type:RATIS, Factor:ONE, State:OPEN]
2019-09-20 08:26:56,150 [grpc-default-executor-0] INFO  impl.RaftServerProxy (RaftServerProxy.java:addNew(89)) - 86045968-2694-4a13-a31d-9b0ae4a485fe: addNew group-CF7CC638C667:[86045968-2694-4a13-a31d-9b0ae4a485fe:192.168.34.27:37734] returns group-CF7CC638C667:java.util.concurrent.CompletableFuture@72955f7a[Not completed]
2019-09-20 08:26:56,151 [pool-292-thread-1] INFO  impl.RaftServerImpl (RaftServerImpl.java:<init>(93)) - 86045968-2694-4a13-a31d-9b0ae4a485fe: new RaftServerImpl for group-CF7CC638C667:[86045968-2694-4a13-a31d-9b0ae4a485fe:192.168.34.27:37734] with ContainerStateMachine:uninitialized
2019-09-20 08:26:56,151 [pool-292-thread-1] INFO  server.RaftServerConfigKeys (ConfUtils.java:logGet(43)) - raft.server.rpc.timeout.min = 5s (custom)
2019-09-20 08:26:56,151 [pool-292-thread-1] INFO  server.RaftServerConfigKeys (ConfUtils.java:logGet(43)) - raft.server.rpc.timeout.max = 5200ms (custom)
2019-09-20 08:26:56,151 [pool-292-thread-1] INFO  server.RaftServerConfigKeys (ConfUtils.java:logGet(43)) - raft.server.rpcslowness.timeout = 120s (custom)
2019-09-20 08:26:56,151 [pool-292-thread-1] INFO  server.RaftServerConfigKeys (ConfUtils.java:logGet(43)) - raft.server.sleep.deviation.threshold = 300 (default)
2019-09-20 08:26:56,151 [pool-292-thread-1] INFO  server.RaftServerConfigKeys (ConfUtils.java:logGet(43)) - raft.server.log.appender.install.snapshot.enabled = false (custom)
2019-09-20 08:26:56,151 [pool-292-thread-1] INFO  impl.RaftServerImpl (ServerState.java:<init>(105)) - 86045968-2694-4a13-a31d-9b0ae4a485fe:group-CF7CC638C667 ConfigurationManager, init=-1: [86045968-2694-4a13-a31d-9b0ae4a485fe:192.168.34.27:37734], old=null, confs=<EMPTY_MAP>
2019-09-20 08:26:56,151 [pool-292-thread-1] INFO  server.RaftServerConfigKeys (ConfUtils.java:logGet(43)) - raft.server.storage.dir = [/workdir/hadoop-ozone/ozonefs/target/test-dir/MiniOzoneClusterImpl-57a912aa-d50f-4842-9d1d-666c9a8a8226/datanode-0/data/ratis] (custom)
2019-09-20 08:26:56,152 [pool-292-thread-1] INFO  storage.RaftStorageDirectory (RaftStorageDirectory.java:analyzeStorage(246)) - The storage directory /workdir/hadoop-ozone/ozonefs/target/test-dir/MiniOzoneClusterImpl-57a912aa-d50f-4842-9d1d-666c9a8a8226/datanode-0/data/ratis/69903cd1-61c7-47c9-b99b-cf7cc638c667 does not exist. Creating ...
2019-09-20 08:26:56,164 [pool-292-thread-1] INFO  storage.RaftStorageDirectory (RaftStorageDirectory.java:tryLock(328)) - Lock on /workdir/hadoop-ozone/ozonefs/target/test-dir/MiniOzoneClusterImpl-57a912aa-d50f-4842-9d1d-666c9a8a8226/datanode-0/data/ratis/69903cd1-61c7-47c9-b99b-cf7cc638c667/in_use.lock acquired by nodename 28782@pr-hdds-1569-6tbh6-3362816358
2019-09-20 08:26:56,177 [pool-292-thread-1] INFO  storage.RaftStorage (RaftStorage.java:format(72)) - Storage directory /workdir/hadoop-ozone/ozonefs/target/test-dir/MiniOzoneClusterImpl-57a912aa-d50f-4842-9d1d-666c9a8a8226/datanode-0/data/ratis/69903cd1-61c7-47c9-b99b-cf7cc638c667 has been successfully formatted.
2019-09-20 08:26:56,177 [pool-292-thread-1] INFO  ratis.ContainerStateMachine (ContainerStateMachine.java:loadSnapshot(226)) - group-CF7CC638C667: The snapshot info is null. Setting the last applied indexto:(t:0, i:~)
2019-09-20 08:26:56,177 [pool-292-thread-1] INFO  server.RaftServerConfigKeys (ConfUtils.java:logGet(43)) - raft.server.leader.election.timeout = 120s (custom)
2019-09-20 08:26:56,178 [pool-292-thread-1] INFO  server.RaftServerConfigKeys (ConfUtils.java:logGet(43)) - raft.server.log.use.memory = false (default)
2019-09-20 08:26:56,178 [pool-292-thread-1] INFO  server.RaftServerConfigKeys (ConfUtils.java:logGet(43)) - raft.server.log.purge.gap = 1000000 (custom)
2019-09-20 08:26:56,178 [pool-292-thread-1] INFO  server.RaftServerConfigKeys (ConfUtils.java:logGet(43)) - raft.server.log.appender.buffer.byte-limit = 33554432 (custom)
2019-09-20 08:26:56,178 [pool-292-thread-1] INFO  server.RaftServerConfigKeys (ConfUtils.java:logGet(43)) - raft.server.log.segment.size.max = 1048576 (custom)
2019-09-20 08:26:56,178 [pool-292-thread-1] INFO  server.RaftServerConfigKeys (ConfUtils.java:logGet(43)) - raft.server.log.segment.cache.num.max = 2 (custom)
2019-09-20 08:26:56,178 [pool-292-thread-1] INFO  segmented.SegmentedRaftLogWorker (SegmentedRaftLogWorker.java:<init>(172)) - new 86045968-2694-4a13-a31d-9b0ae4a485fe-SegmentedRaftLogWorker:Storage Directory /workdir/hadoop-ozone/ozonefs/target/test-dir/MiniOzoneClusterImpl-57a912aa-d50f-4842-9d1d-666c9a8a8226/datanode-0/data/ratis/69903cd1-61c7-47c9-b99b-cf7cc638c667 for RaftStorage:Storage Directory /workdir/hadoop-ozone/ozonefs/target/test-dir/MiniOzoneClusterImpl-57a912aa-d50f-4842-9d1d-666c9a8a8226/datanode-0/data/ratis/69903cd1-61c7-47c9-b99b-cf7cc638c667
2019-09-20 08:26:56,178 [pool-292-thread-1] INFO  server.RaftServerConfigKeys (ConfUtils.java:logGet(43)) - raft.server.log.queue.byte-limit = 2147483647 (custom)
2019-09-20 08:26:56,178 [pool-292-thread-1] INFO  server.RaftServerConfigKeys (ConfUtils.java:logGet(43)) - raft.server.log.queue.element-limit = 1024 (custom)
2019-09-20 08:26:56,179 [pool-292-thread-1] INFO  server.RaftServerConfigKeys (ConfUtils.java:logGet(43)) - raft.server.log.segment.size.max = 1048576 (custom)
2019-09-20 08:26:56,179 [pool-292-thread-1] INFO  server.RaftServerConfigKeys (ConfUtils.java:logGet(43)) - raft.server.log.preallocated.size = 16384 (custom)
2019-09-20 08:26:56,179 [pool-292-thread-1] INFO  server.RaftServerConfigKeys (ConfUtils.java:logGet(43)) - raft.server.log.write.buffer.size = 33554432 (custom)
2019-09-20 08:26:56,179 [pool-292-thread-1] INFO  server.RaftServerConfigKeys (ConfUtils.java:logGet(43)) - raft.server.log.force.sync.num = 128 (default)
2019-09-20 08:26:56,179 [pool-292-thread-1] INFO  server.RaftServerConfigKeys (ConfUtils.java:logGet(43)) - raft.server.log.statemachine.data.sync = true (default)
2019-09-20 08:26:56,179 [pool-292-thread-1] INFO  server.RaftServerConfigKeys (ConfUtils.java:logGet(43)) - raft.server.log.statemachine.data.sync.timeout = 10s (default)
2019-09-20 08:26:56,179 [pool-292-thread-1] INFO  server.RaftServerConfigKeys (ConfUtils.java:logGet(43)) - raft.server.log.statemachine.data.sync.timeout.retry = -1 (default)
2019-09-20 08:26:56,179 [pool-292-thread-1] INFO  server.RaftServerConfigKeys (ConfUtils.java:logGet(43)) - raft.server.log.statemachine.data.caching.enabled = true (custom)
2019-09-20 08:26:56,180 [pool-292-thread-1] INFO  segmented.SegmentedRaftLogWorker (SegmentedRaftLogWorker.java:lambda$new$0(132)) - 86045968-2694-4a13-a31d-9b0ae4a485fe-SegmentedRaftLogWorker:Storage Directory /workdir/hadoop-ozone/ozonefs/target/test-dir/MiniOzoneClusterImpl-57a912aa-d50f-4842-9d1d-666c9a8a8226/datanode-0/data/ratis/69903cd1-61c7-47c9-b99b-cf7cc638c667: flushIndex: setUnconditionally 0 -> -1
2019-09-20 08:26:56,180 [pool-292-thread-1] INFO  server.RaftServerConfigKeys (ConfUtils.java:logGet(43)) - raft.server.snapshot.auto.trigger.enabled = true (custom)
2019-09-20 08:26:56,180 [pool-292-thread-1] INFO  server.RaftServerConfigKeys (ConfUtils.java:logGet(43)) - raft.server.snapshot.auto.trigger.threshold = 10000 (custom)
2019-09-20 08:26:56,180 [pool-292-thread-1] INFO  server.RaftServerConfigKeys (ConfUtils.java:logGet(43)) - raft.server.retrycache.expirytime = 600000ms (custom)
2019-09-20 08:26:56,180 [pool-292-thread-1] INFO  impl.RaftServerImpl (RaftServerImpl.java:start(180)) - 86045968-2694-4a13-a31d-9b0ae4a485fe: start group-CF7CC638C667
2019-09-20 08:26:56,180 [pool-292-thread-1] INFO  impl.RaftServerImpl (RaftServerImpl.java:setRole(171)) - 86045968-2694-4a13-a31d-9b0ae4a485fe:group-CF7CC638C667 changes role from null to FOLLOWER at term 0 for startAsFollower
2019-09-20 08:26:56,180 [pool-292-thread-1] INFO  impl.RoleInfo (RoleInfo.java:updateAndGet(143)) - 86045968-2694-4a13-a31d-9b0ae4a485fe: start FollowerState
2019-09-20 08:26:56,181 [pool-292-thread-1] INFO  util.JmxRegister (JmxRegister.java:tryRegister(44)) - Successfully registered JMX Bean with object name Ratis:service=RaftServer,group=group-CF7CC638C667,id=86045968-2694-4a13-a31d-9b0ae4a485fe
2019-09-20 08:26:56,184 [RatisPipelineUtilsThread] INFO  pipeline.PipelineStateManager (PipelineStateManager.java:addPipeline(56)) - Created pipeline Pipeline[ Id: 69903cd1-61c7-47c9-b99b-cf7cc638c667, Nodes: 86045968-2694-4a13-a31d-9b0ae4a485fe{ip: 192.168.34.27, host: pr-hdds-1569-6tbh6-3362816358, networkLocation: /default-rack, certSerialId: null}, Type:RATIS, Factor:ONE, State:OPEN]
2019-09-20 08:26:56,189 [grpc-default-executor-0] INFO  impl.RaftServerProxy (RaftServerProxy.java:addNew(89)) - 86045968-2694-4a13-a31d-9b0ae4a485fe: addNew group-B6F89D8D281C:[86045968-2694-4a13-a31d-9b0ae4a485fe:192.168.34.27:37734] returns group-B6F89D8D281C:java.util.concurrent.CompletableFuture@23b30047[Not completed]
2019-09-20 08:26:56,190 [pool-292-thread-1] INFO  impl.RaftServerImpl (RaftServerImpl.java:<init>(93)) - 86045968-2694-4a13-a31d-9b0ae4a485fe: new RaftServerImpl for group-B6F89D8D281C:[86045968-2694-4a13-a31d-9b0ae4a485fe:192.168.34.27:37734] with ContainerStateMachine:uninitialized
2019-09-20 08:26:56,190 [pool-292-thread-1] INFO  server.RaftServerConfigKeys (ConfUtils.java:logGet(43)) - raft.server.rpc.timeout.min = 5s (custom)
2019-09-20 08:26:56,190 [pool-292-thread-1] INFO  server.RaftServerConfigKeys (ConfUtils.java:logGet(43)) - raft.server.rpc.timeout.max = 5200ms (custom)
2019-09-20 08:26:56,190 [pool-292-thread-1] INFO  server.RaftServerConfigKeys (ConfUtils.java:logGet(43)) - raft.server.rpcslowness.timeout = 120s (custom)
2019-09-20 08:26:56,190 [pool-292-thread-1] INFO  server.RaftServerConfigKeys (ConfUtils.java:logGet(43)) - raft.server.sleep.deviation.threshold = 300 (default)
2019-09-20 08:26:56,190 [pool-292-thread-1] INFO  server.RaftServerConfigKeys (ConfUtils.java:logGet(43)) - raft.server.log.appender.install.snapshot.enabled = false (custom)
2019-09-20 08:26:56,190 [pool-292-thread-1] INFO  impl.RaftServerImpl (ServerState.java:<init>(105)) - 86045968-2694-4a13-a31d-9b0ae4a485fe:group-B6F89D8D281C ConfigurationManager, init=-1: [86045968-2694-4a13-a31d-9b0ae4a485fe:192.168.34.27:37734], old=null, confs=<EMPTY_MAP>
2019-09-20 08:26:56,191 [pool-292-thread-1] INFO  server.RaftServerConfigKeys (ConfUtils.java:logGet(43)) - raft.server.storage.dir = [/workdir/hadoop-ozone/ozonefs/target/test-dir/MiniOzoneClusterImpl-57a912aa-d50f-4842-9d1d-666c9a8a8226/datanode-0/data/ratis] (custom)
2019-09-20 08:26:56,191 [pool-292-thread-1] INFO  storage.RaftStorageDirectory (RaftStorageDirectory.java:analyzeStorage(246)) - The storage directory /workdir/hadoop-ozone/ozonefs/target/test-dir/MiniOzoneClusterImpl-57a912aa-d50f-4842-9d1d-666c9a8a8226/datanode-0/data/ratis/22ea5c4e-823b-4449-acfb-b6f89d8d281c does not exist. Creating ...
2019-09-20 08:26:56,203 [pool-292-thread-1] INFO  storage.RaftStorageDirectory (RaftStorageDirectory.java:tryLock(328)) - Lock on /workdir/hadoop-ozone/ozonefs/target/test-dir/MiniOzoneClusterImpl-57a912aa-d50f-4842-9d1d-666c9a8a8226/datanode-0/data/ratis/22ea5c4e-823b-4449-acfb-b6f89d8d281c/in_use.lock acquired by nodename 28782@pr-hdds-1569-6tbh6-3362816358
2019-09-20 08:26:56,216 [pool-292-thread-1] INFO  storage.RaftStorage (RaftStorage.java:format(72)) - Storage directory /workdir/hadoop-ozone/ozonefs/target/test-dir/MiniOzoneClusterImpl-57a912aa-d50f-4842-9d1d-666c9a8a8226/datanode-0/data/ratis/22ea5c4e-823b-4449-acfb-b6f89d8d281c has been successfully formatted.
2019-09-20 08:26:56,216 [pool-292-thread-1] INFO  ratis.ContainerStateMachine (ContainerStateMachine.java:loadSnapshot(226)) - group-B6F89D8D281C: The snapshot info is null. Setting the last applied indexto:(t:0, i:~)
2019-09-20 08:26:56,217 [pool-292-thread-1] INFO  server.RaftServerConfigKeys (ConfUtils.java:logGet(43)) - raft.server.leader.election.timeout = 120s (custom)
2019-09-20 08:26:56,217 [pool-292-thread-1] INFO  server.RaftServerConfigKeys (ConfUtils.java:logGet(43)) - raft.server.log.use.memory = false (default)
2019-09-20 08:26:56,217 [pool-292-thread-1] INFO  server.RaftServerConfigKeys (ConfUtils.java:logGet(43)) - raft.server.log.purge.gap = 1000000 (custom)
2019-09-20 08:26:56,217 [pool-292-thread-1] INFO  server.RaftServerConfigKeys (ConfUtils.java:logGet(43)) - raft.server.log.appender.buffer.byte-limit = 33554432 (custom)
2019-09-20 08:26:56,217 [pool-292-thread-1] INFO  server.RaftServerConfigKeys (ConfUtils.java:logGet(43)) - raft.server.log.segment.size.max = 1048576 (custom)
2019-09-20 08:26:56,217 [pool-292-thread-1] INFO  server.RaftServerConfigKeys (ConfUtils.java:logGet(43)) - raft.server.log.segment.cache.num.max = 2 (custom)
2019-09-20 08:26:56,217 [pool-292-thread-1] INFO  segmented.SegmentedRaftLogWorker (SegmentedRaftLogWorker.java:<init>(172)) - new 86045968-2694-4a13-a31d-9b0ae4a485fe-SegmentedRaftLogWorker:Storage Directory /workdir/hadoop-ozone/ozonefs/target/test-dir/MiniOzoneClusterImpl-57a912aa-d50f-4842-9d1d-666c9a8a8226/datanode-0/data/ratis/22ea5c4e-823b-4449-acfb-b6f89d8d281c for RaftStorage:Storage Directory /workdir/hadoop-ozone/ozonefs/target/test-dir/MiniOzoneClusterImpl-57a912aa-d50f-4842-9d1d-666c9a8a8226/datanode-0/data/ratis/22ea5c4e-823b-4449-acfb-b6f89d8d281c
2019-09-20 08:26:56,217 [pool-292-thread-1] INFO  server.RaftServerConfigKeys (ConfUtils.java:logGet(43)) - raft.server.log.queue.byte-limit = 2147483647 (custom)
2019-09-20 08:26:56,217 [pool-292-thread-1] INFO  server.RaftServerConfigKeys (ConfUtils.java:logGet(43)) - raft.server.log.queue.element-limit = 1024 (custom)
2019-09-20 08:26:56,217 [pool-292-thread-1] INFO  server.RaftServerConfigKeys (ConfUtils.java:logGet(43)) - raft.server.log.segment.size.max = 1048576 (custom)
2019-09-20 08:26:56,218 [pool-292-thread-1] INFO  server.RaftServerConfigKeys (ConfUtils.java:logGet(43)) - raft.server.log.preallocated.size = 16384 (custom)
2019-09-20 08:26:56,218 [pool-292-thread-1] INFO  server.RaftServerConfigKeys (ConfUtils.java:logGet(43)) - raft.server.log.write.buffer.size = 33554432 (custom)
2019-09-20 08:26:56,218 [pool-292-thread-1] INFO  server.RaftServerConfigKeys (ConfUtils.java:logGet(43)) - raft.server.log.force.sync.num = 128 (default)
2019-09-20 08:26:56,218 [pool-292-thread-1] INFO  server.RaftServerConfigKeys (ConfUtils.java:logGet(43)) - raft.server.log.statemachine.data.sync = true (default)
2019-09-20 08:26:56,218 [pool-292-thread-1] INFO  server.RaftServerConfigKeys (ConfUtils.java:logGet(43)) - raft.server.log.statemachine.data.sync.timeout = 10s (default)
2019-09-20 08:26:56,218 [pool-292-thread-1] INFO  server.RaftServerConfigKeys (ConfUtils.java:logGet(43)) - raft.server.log.statemachine.data.sync.timeout.retry = -1 (default)
2019-09-20 08:26:56,218 [pool-292-thread-1] INFO  server.RaftServerConfigKeys (ConfUtils.java:logGet(43)) - raft.server.log.statemachine.data.caching.enabled = true (custom)
2019-09-20 08:26:56,219 [pool-292-thread-1] INFO  segmented.SegmentedRaftLogWorker (SegmentedRaftLogWorker.java:lambda$new$0(132)) - 86045968-2694-4a13-a31d-9b0ae4a485fe-SegmentedRaftLogWorker:Storage Directory /workdir/hadoop-ozone/ozonefs/target/test-dir/MiniOzoneClusterImpl-57a912aa-d50f-4842-9d1d-666c9a8a8226/datanode-0/data/ratis/22ea5c4e-823b-4449-acfb-b6f89d8d281c: flushIndex: setUnconditionally 0 -> -1
2019-09-20 08:26:56,219 [pool-292-thread-1] INFO  server.RaftServerConfigKeys (ConfUtils.java:logGet(43)) - raft.server.snapshot.auto.trigger.enabled = true (custom)
2019-09-20 08:26:56,219 [pool-292-thread-1] INFO  server.RaftServerConfigKeys (ConfUtils.java:logGet(43)) - raft.server.snapshot.auto.trigger.threshold = 10000 (custom)
2019-09-20 08:26:56,219 [pool-292-thread-1] INFO  server.RaftServerConfigKeys (ConfUtils.java:logGet(43)) - raft.server.retrycache.expirytime = 600000ms (custom)
2019-09-20 08:26:56,219 [pool-292-thread-1] INFO  impl.RaftServerImpl (RaftServerImpl.java:start(180)) - 86045968-2694-4a13-a31d-9b0ae4a485fe: start group-B6F89D8D281C
2019-09-20 08:26:56,219 [pool-292-thread-1] INFO  impl.RaftServerImpl (RaftServerImpl.java:setRole(171)) - 86045968-2694-4a13-a31d-9b0ae4a485fe:group-B6F89D8D281C changes role from null to FOLLOWER at term 0 for startAsFollower
2019-09-20 08:26:56,219 [pool-292-thread-1] INFO  impl.RoleInfo (RoleInfo.java:updateAndGet(143)) - 86045968-2694-4a13-a31d-9b0ae4a485fe: start FollowerState
2019-09-20 08:26:56,220 [pool-292-thread-1] INFO  util.JmxRegister (JmxRegister.java:tryRegister(44)) - Successfully registered JMX Bean with object name Ratis:service=RaftServer,group=group-B6F89D8D281C,id=86045968-2694-4a13-a31d-9b0ae4a485fe
2019-09-20 08:26:56,222 [RatisPipelineUtilsThread] INFO  pipeline.PipelineStateManager (PipelineStateManager.java:addPipeline(56)) - Created pipeline Pipeline[ Id: 22ea5c4e-823b-4449-acfb-b6f89d8d281c, Nodes: 86045968-2694-4a13-a31d-9b0ae4a485fe{ip: 192.168.34.27, host: pr-hdds-1569-6tbh6-3362816358, networkLocation: /default-rack, certSerialId: null}, Type:RATIS, Factor:ONE, State:OPEN]
2019-09-20 08:26:56,228 [grpc-default-executor-0] INFO  impl.RaftServerProxy (RaftServerProxy.java:addNew(89)) - 86045968-2694-4a13-a31d-9b0ae4a485fe: addNew group-F68146DD7C96:[86045968-2694-4a13-a31d-9b0ae4a485fe:192.168.34.27:37734] returns group-F68146DD7C96:java.util.concurrent.CompletableFuture@545c529[Not completed]
2019-09-20 08:26:56,228 [pool-292-thread-1] INFO  impl.RaftServerImpl (RaftServerImpl.java:<init>(93)) - 86045968-2694-4a13-a31d-9b0ae4a485fe: new RaftServerImpl for group-F68146DD7C96:[86045968-2694-4a13-a31d-9b0ae4a485fe:192.168.34.27:37734] with ContainerStateMachine:uninitialized
2019-09-20 08:26:56,228 [pool-292-thread-1] INFO  server.RaftServerConfigKeys (ConfUtils.java:logGet(43)) - raft.server.rpc.timeout.min = 5s (custom)
2019-09-20 08:26:56,229 [pool-292-thread-1] INFO  server.RaftServerConfigKeys (ConfUtils.java:logGet(43)) - raft.server.rpc.timeout.max = 5200ms (custom)
2019-09-20 08:26:56,229 [pool-292-thread-1] INFO  server.RaftServerConfigKeys (ConfUtils.java:logGet(43)) - raft.server.rpcslowness.timeout = 120s (custom)
2019-09-20 08:26:56,229 [pool-292-thread-1] INFO  server.RaftServerConfigKeys (ConfUtils.java:logGet(43)) - raft.server.sleep.deviation.threshold = 300 (default)
2019-09-20 08:26:56,229 [pool-292-thread-1] INFO  server.RaftServerConfigKeys (ConfUtils.java:logGet(43)) - raft.server.log.appender.install.snapshot.enabled = false (custom)
2019-09-20 08:26:56,229 [pool-292-thread-1] INFO  impl.RaftServerImpl (ServerState.java:<init>(105)) - 86045968-2694-4a13-a31d-9b0ae4a485fe:group-F68146DD7C96 ConfigurationManager, init=-1: [86045968-2694-4a13-a31d-9b0ae4a485fe:192.168.34.27:37734], old=null, confs=<EMPTY_MAP>
2019-09-20 08:26:56,229 [pool-292-thread-1] INFO  server.RaftServerConfigKeys (ConfUtils.java:logGet(43)) - raft.server.storage.dir = [/workdir/hadoop-ozone/ozonefs/target/test-dir/MiniOzoneClusterImpl-57a912aa-d50f-4842-9d1d-666c9a8a8226/datanode-0/data/ratis] (custom)
2019-09-20 08:26:56,229 [pool-292-thread-1] INFO  storage.RaftStorageDirectory (RaftStorageDirectory.java:analyzeStorage(246)) - The storage directory /workdir/hadoop-ozone/ozonefs/target/test-dir/MiniOzoneClusterImpl-57a912aa-d50f-4842-9d1d-666c9a8a8226/datanode-0/data/ratis/38ae7b89-2d8f-44ba-88c3-f68146dd7c96 does not exist. Creating ...
2019-09-20 08:26:56,242 [pool-292-thread-1] INFO  storage.RaftStorageDirectory (RaftStorageDirectory.java:tryLock(328)) - Lock on /workdir/hadoop-ozone/ozonefs/target/test-dir/MiniOzoneClusterImpl-57a912aa-d50f-4842-9d1d-666c9a8a8226/datanode-0/data/ratis/38ae7b89-2d8f-44ba-88c3-f68146dd7c96/in_use.lock acquired by nodename 28782@pr-hdds-1569-6tbh6-3362816358
2019-09-20 08:26:56,255 [pool-292-thread-1] INFO  storage.RaftStorage (RaftStorage.java:format(72)) - Storage directory /workdir/hadoop-ozone/ozonefs/target/test-dir/MiniOzoneClusterImpl-57a912aa-d50f-4842-9d1d-666c9a8a8226/datanode-0/data/ratis/38ae7b89-2d8f-44ba-88c3-f68146dd7c96 has been successfully formatted.
2019-09-20 08:26:56,255 [pool-292-thread-1] INFO  ratis.ContainerStateMachine (ContainerStateMachine.java:loadSnapshot(226)) - group-F68146DD7C96: The snapshot info is null. Setting the last applied indexto:(t:0, i:~)
2019-09-20 08:26:56,255 [pool-292-thread-1] INFO  server.RaftServerConfigKeys (ConfUtils.java:logGet(43)) - raft.server.leader.election.timeout = 120s (custom)
2019-09-20 08:26:56,255 [pool-292-thread-1] INFO  server.RaftServerConfigKeys (ConfUtils.java:logGet(43)) - raft.server.log.use.memory = false (default)
2019-09-20 08:26:56,255 [pool-292-thread-1] INFO  server.RaftServerConfigKeys (ConfUtils.java:logGet(43)) - raft.server.log.purge.gap = 1000000 (custom)
2019-09-20 08:26:56,255 [pool-292-thread-1] INFO  server.RaftServerConfigKeys (ConfUtils.java:logGet(43)) - raft.server.log.appender.buffer.byte-limit = 33554432 (custom)
2019-09-20 08:26:56,255 [pool-292-thread-1] INFO  server.RaftServerConfigKeys (ConfUtils.java:logGet(43)) - raft.server.log.segment.size.max = 1048576 (custom)
2019-09-20 08:26:56,256 [pool-292-thread-1] INFO  server.RaftServerConfigKeys (ConfUtils.java:logGet(43)) - raft.server.log.segment.cache.num.max = 2 (custom)
2019-09-20 08:26:56,256 [pool-292-thread-1] INFO  segmented.SegmentedRaftLogWorker (SegmentedRaftLogWorker.java:<init>(172)) - new 86045968-2694-4a13-a31d-9b0ae4a485fe-SegmentedRaftLogWorker:Storage Directory /workdir/hadoop-ozone/ozonefs/target/test-dir/MiniOzoneClusterImpl-57a912aa-d50f-4842-9d1d-666c9a8a8226/datanode-0/data/ratis/38ae7b89-2d8f-44ba-88c3-f68146dd7c96 for RaftStorage:Storage Directory /workdir/hadoop-ozone/ozonefs/target/test-dir/MiniOzoneClusterImpl-57a912aa-d50f-4842-9d1d-666c9a8a8226/datanode-0/data/ratis/38ae7b89-2d8f-44ba-88c3-f68146dd7c96
2019-09-20 08:26:56,256 [pool-292-thread-1] INFO  server.RaftServerConfigKeys (ConfUtils.java:logGet(43)) - raft.server.log.queue.byte-limit = 2147483647 (custom)
2019-09-20 08:26:56,256 [pool-292-thread-1] INFO  server.RaftServerConfigKeys (ConfUtils.java:logGet(43)) - raft.server.log.queue.element-limit = 1024 (custom)
2019-09-20 08:26:56,256 [pool-292-thread-1] INFO  server.RaftServerConfigKeys (ConfUtils.java:logGet(43)) - raft.server.log.segment.size.max = 1048576 (custom)
2019-09-20 08:26:56,256 [pool-292-thread-1] INFO  server.RaftServerConfigKeys (ConfUtils.java:logGet(43)) - raft.server.log.preallocated.size = 16384 (custom)
2019-09-20 08:26:56,256 [pool-292-thread-1] INFO  server.RaftServerConfigKeys (ConfUtils.java:logGet(43)) - raft.server.log.write.buffer.size = 33554432 (custom)
2019-09-20 08:26:56,256 [pool-292-thread-1] INFO  server.RaftServerConfigKeys (ConfUtils.java:logGet(43)) - raft.server.log.force.sync.num = 128 (default)
2019-09-20 08:26:56,256 [pool-292-thread-1] INFO  server.RaftServerConfigKeys (ConfUtils.java:logGet(43)) - raft.server.log.statemachine.data.sync = true (default)
2019-09-20 08:26:56,257 [pool-292-thread-1] INFO  server.RaftServerConfigKeys (ConfUtils.java:logGet(43)) - raft.server.log.statemachine.data.sync.timeout = 10s (default)
2019-09-20 08:26:56,257 [pool-292-thread-1] INFO  server.RaftServerConfigKeys (ConfUtils.java:logGet(43)) - raft.server.log.statemachine.data.sync.timeout.retry = -1 (default)
2019-09-20 08:26:56,257 [pool-292-thread-1] INFO  server.RaftServerConfigKeys (ConfUtils.java:logGet(43)) - raft.server.log.statemachine.data.caching.enabled = true (custom)
2019-09-20 08:26:56,257 [pool-292-thread-1] INFO  segmented.SegmentedRaftLogWorker (SegmentedRaftLogWorker.java:lambda$new$0(132)) - 86045968-2694-4a13-a31d-9b0ae4a485fe-SegmentedRaftLogWorker:Storage Directory /workdir/hadoop-ozone/ozonefs/target/test-dir/MiniOzoneClusterImpl-57a912aa-d50f-4842-9d1d-666c9a8a8226/datanode-0/data/ratis/38ae7b89-2d8f-44ba-88c3-f68146dd7c96: flushIndex: setUnconditionally 0 -> -1
2019-09-20 08:26:56,257 [pool-292-thread-1] INFO  server.RaftServerConfigKeys (ConfUtils.java:logGet(43)) - raft.server.snapshot.auto.trigger.enabled = true (custom)
2019-09-20 08:26:56,257 [pool-292-thread-1] INFO  server.RaftServerConfigKeys (ConfUtils.java:logGet(43)) - raft.server.snapshot.auto.trigger.threshold = 10000 (custom)
2019-09-20 08:26:56,257 [pool-292-thread-1] INFO  server.RaftServerConfigKeys (ConfUtils.java:logGet(43)) - raft.server.retrycache.expirytime = 600000ms (custom)
2019-09-20 08:26:56,258 [pool-292-thread-1] INFO  impl.RaftServerImpl (RaftServerImpl.java:start(180)) - 86045968-2694-4a13-a31d-9b0ae4a485fe: start group-F68146DD7C96
2019-09-20 08:26:56,258 [pool-292-thread-1] INFO  impl.RaftServerImpl (RaftServerImpl.java:setRole(171)) - 86045968-2694-4a13-a31d-9b0ae4a485fe:group-F68146DD7C96 changes role from null to FOLLOWER at term 0 for startAsFollower
2019-09-20 08:26:56,258 [pool-292-thread-1] INFO  impl.RoleInfo (RoleInfo.java:updateAndGet(143)) - 86045968-2694-4a13-a31d-9b0ae4a485fe: start FollowerState
2019-09-20 08:26:56,258 [pool-292-thread-1] INFO  util.JmxRegister (JmxRegister.java:tryRegister(44)) - Successfully registered JMX Bean with object name Ratis:service=RaftServer,group=group-F68146DD7C96,id=86045968-2694-4a13-a31d-9b0ae4a485fe
2019-09-20 08:26:56,260 [RatisPipelineUtilsThread] INFO  pipeline.PipelineStateManager (PipelineStateManager.java:addPipeline(56)) - Created pipeline Pipeline[ Id: 38ae7b89-2d8f-44ba-88c3-f68146dd7c96, Nodes: 86045968-2694-4a13-a31d-9b0ae4a485fe{ip: 192.168.34.27, host: pr-hdds-1569-6tbh6-3362816358, networkLocation: /default-rack, certSerialId: null}, Type:RATIS, Factor:ONE, State:OPEN]
2019-09-20 08:26:56,265 [grpc-default-executor-0] INFO  impl.RaftServerProxy (RaftServerProxy.java:addNew(89)) - 86045968-2694-4a13-a31d-9b0ae4a485fe: addNew group-77466286AA35:[86045968-2694-4a13-a31d-9b0ae4a485fe:192.168.34.27:37734] returns group-77466286AA35:java.util.concurrent.CompletableFuture@27fddf45[Not completed]
2019-09-20 08:26:56,266 [pool-292-thread-1] INFO  impl.RaftServerImpl (RaftServerImpl.java:<init>(93)) - 86045968-2694-4a13-a31d-9b0ae4a485fe: new RaftServerImpl for group-77466286AA35:[86045968-2694-4a13-a31d-9b0ae4a485fe:192.168.34.27:37734] with ContainerStateMachine:uninitialized
2019-09-20 08:26:56,266 [pool-292-thread-1] INFO  server.RaftServerConfigKeys (ConfUtils.java:logGet(43)) - raft.server.rpc.timeout.min = 5s (custom)
2019-09-20 08:26:56,266 [pool-292-thread-1] INFO  server.RaftServerConfigKeys (ConfUtils.java:logGet(43)) - raft.server.rpc.timeout.max = 5200ms (custom)
2019-09-20 08:26:56,266 [pool-292-thread-1] INFO  server.RaftServerConfigKeys (ConfUtils.java:logGet(43)) - raft.server.rpcslowness.timeout = 120s (custom)
2019-09-20 08:26:56,266 [pool-292-thread-1] INFO  server.RaftServerConfigKeys (ConfUtils.java:logGet(43)) - raft.server.sleep.deviation.threshold = 300 (default)
2019-09-20 08:26:56,266 [pool-292-thread-1] INFO  server.RaftServerConfigKeys (ConfUtils.java:logGet(43)) - raft.server.log.appender.install.snapshot.enabled = false (custom)
2019-09-20 08:26:56,267 [pool-292-thread-1] INFO  impl.RaftServerImpl (ServerState.java:<init>(105)) - 86045968-2694-4a13-a31d-9b0ae4a485fe:group-77466286AA35 ConfigurationManager, init=-1: [86045968-2694-4a13-a31d-9b0ae4a485fe:192.168.34.27:37734], old=null, confs=<EMPTY_MAP>
2019-09-20 08:26:56,267 [pool-292-thread-1] INFO  server.RaftServerConfigKeys (ConfUtils.java:logGet(43)) - raft.server.storage.dir = [/workdir/hadoop-ozone/ozonefs/target/test-dir/MiniOzoneClusterImpl-57a912aa-d50f-4842-9d1d-666c9a8a8226/datanode-0/data/ratis] (custom)
2019-09-20 08:26:56,267 [pool-292-thread-1] INFO  storage.RaftStorageDirectory (RaftStorageDirectory.java:analyzeStorage(246)) - The storage directory /workdir/hadoop-ozone/ozonefs/target/test-dir/MiniOzoneClusterImpl-57a912aa-d50f-4842-9d1d-666c9a8a8226/datanode-0/data/ratis/34abd2bf-edef-40c0-aaa2-77466286aa35 does not exist. Creating ...
2019-09-20 08:26:56,279 [pool-292-thread-1] INFO  storage.RaftStorageDirectory (RaftStorageDirectory.java:tryLock(328)) - Lock on /workdir/hadoop-ozone/ozonefs/target/test-dir/MiniOzoneClusterImpl-57a912aa-d50f-4842-9d1d-666c9a8a8226/datanode-0/data/ratis/34abd2bf-edef-40c0-aaa2-77466286aa35/in_use.lock acquired by nodename 28782@pr-hdds-1569-6tbh6-3362816358
2019-09-20 08:26:56,291 [pool-292-thread-1] INFO  storage.RaftStorage (RaftStorage.java:format(72)) - Storage directory /workdir/hadoop-ozone/ozonefs/target/test-dir/MiniOzoneClusterImpl-57a912aa-d50f-4842-9d1d-666c9a8a8226/datanode-0/data/ratis/34abd2bf-edef-40c0-aaa2-77466286aa35 has been successfully formatted.
2019-09-20 08:26:56,292 [pool-292-thread-1] INFO  ratis.ContainerStateMachine (ContainerStateMachine.java:loadSnapshot(226)) - group-77466286AA35: The snapshot info is null. Setting the last applied indexto:(t:0, i:~)
2019-09-20 08:26:56,292 [pool-292-thread-1] INFO  server.RaftServerConfigKeys (ConfUtils.java:logGet(43)) - raft.server.leader.election.timeout = 120s (custom)
2019-09-20 08:26:56,292 [pool-292-thread-1] INFO  server.RaftServerConfigKeys (ConfUtils.java:logGet(43)) - raft.server.log.use.memory = false (default)
2019-09-20 08:26:56,292 [pool-292-thread-1] INFO  server.RaftServerConfigKeys (ConfUtils.java:logGet(43)) - raft.server.log.purge.gap = 1000000 (custom)
2019-09-20 08:26:56,292 [pool-292-thread-1] INFO  server.RaftServerConfigKeys (ConfUtils.java:logGet(43)) - raft.server.log.appender.buffer.byte-limit = 33554432 (custom)
2019-09-20 08:26:56,292 [pool-292-thread-1] INFO  server.RaftServerConfigKeys (ConfUtils.java:logGet(43)) - raft.server.log.segment.size.max = 1048576 (custom)
2019-09-20 08:26:56,292 [pool-292-thread-1] INFO  server.RaftServerConfigKeys (ConfUtils.java:logGet(43)) - raft.server.log.segment.cache.num.max = 2 (custom)
2019-09-20 08:26:56,292 [pool-292-thread-1] INFO  segmented.SegmentedRaftLogWorker (SegmentedRaftLogWorker.java:<init>(172)) - new 86045968-2694-4a13-a31d-9b0ae4a485fe-SegmentedRaftLogWorker:Storage Directory /workdir/hadoop-ozone/ozonefs/target/test-dir/MiniOzoneClusterImpl-57a912aa-d50f-4842-9d1d-666c9a8a8226/datanode-0/data/ratis/34abd2bf-edef-40c0-aaa2-77466286aa35 for RaftStorage:Storage Directory /workdir/hadoop-ozone/ozonefs/target/test-dir/MiniOzoneClusterImpl-57a912aa-d50f-4842-9d1d-666c9a8a8226/datanode-0/data/ratis/34abd2bf-edef-40c0-aaa2-77466286aa35
2019-09-20 08:26:56,293 [pool-292-thread-1] INFO  server.RaftServerConfigKeys (ConfUtils.java:logGet(43)) - raft.server.log.queue.byte-limit = 2147483647 (custom)
2019-09-20 08:26:56,293 [pool-292-thread-1] INFO  server.RaftServerConfigKeys (ConfUtils.java:logGet(43)) - raft.server.log.queue.element-limit = 1024 (custom)
2019-09-20 08:26:56,293 [pool-292-thread-1] INFO  server.RaftServerConfigKeys (ConfUtils.java:logGet(43)) - raft.server.log.segment.size.max = 1048576 (custom)
2019-09-20 08:26:56,293 [pool-292-thread-1] INFO  server.RaftServerConfigKeys (ConfUtils.java:logGet(43)) - raft.server.log.preallocated.size = 16384 (custom)
2019-09-20 08:26:56,293 [pool-292-thread-1] INFO  server.RaftServerConfigKeys (ConfUtils.java:logGet(43)) - raft.server.log.write.buffer.size = 33554432 (custom)
2019-09-20 08:26:56,293 [pool-292-thread-1] INFO  server.RaftServerConfigKeys (ConfUtils.java:logGet(43)) - raft.server.log.force.sync.num = 128 (default)
2019-09-20 08:26:56,293 [pool-292-thread-1] INFO  server.RaftServerConfigKeys (ConfUtils.java:logGet(43)) - raft.server.log.statemachine.data.sync = true (default)
2019-09-20 08:26:56,293 [pool-292-thread-1] INFO  server.RaftServerConfigKeys (ConfUtils.java:logGet(43)) - raft.server.log.statemachine.data.sync.timeout = 10s (default)
2019-09-20 08:26:56,293 [pool-292-thread-1] INFO  server.RaftServerConfigKeys (ConfUtils.java:logGet(43)) - raft.server.log.statemachine.data.sync.timeout.retry = -1 (default)
2019-09-20 08:26:56,293 [pool-292-thread-1] INFO  server.RaftServerConfigKeys (ConfUtils.java:logGet(43)) - raft.server.log.statemachine.data.caching.enabled = true (custom)
2019-09-20 08:26:56,294 [pool-292-thread-1] INFO  segmented.SegmentedRaftLogWorker (SegmentedRaftLogWorker.java:lambda$new$0(132)) - 86045968-2694-4a13-a31d-9b0ae4a485fe-SegmentedRaftLogWorker:Storage Directory /workdir/hadoop-ozone/ozonefs/target/test-dir/MiniOzoneClusterImpl-57a912aa-d50f-4842-9d1d-666c9a8a8226/datanode-0/data/ratis/34abd2bf-edef-40c0-aaa2-77466286aa35: flushIndex: setUnconditionally 0 -> -1
2019-09-20 08:26:56,294 [pool-292-thread-1] INFO  server.RaftServerConfigKeys (ConfUtils.java:logGet(43)) - raft.server.snapshot.auto.trigger.enabled = true (custom)
2019-09-20 08:26:56,294 [pool-292-thread-1] INFO  server.RaftServerConfigKeys (ConfUtils.java:logGet(43)) - raft.server.snapshot.auto.trigger.threshold = 10000 (custom)
2019-09-20 08:26:56,294 [pool-292-thread-1] INFO  server.RaftServerConfigKeys (ConfUtils.java:logGet(43)) - raft.server.retrycache.expirytime = 600000ms (custom)
2019-09-20 08:26:56,294 [pool-292-thread-1] INFO  impl.RaftServerImpl (RaftServerImpl.java:start(180)) - 86045968-2694-4a13-a31d-9b0ae4a485fe: start group-77466286AA35
2019-09-20 08:26:56,294 [pool-292-thread-1] INFO  impl.RaftServerImpl (RaftServerImpl.java:setRole(171)) - 86045968-2694-4a13-a31d-9b0ae4a485fe:group-77466286AA35 changes role from null to FOLLOWER at term 0 for startAsFollower
2019-09-20 08:26:56,295 [pool-292-thread-1] INFO  impl.RoleInfo (RoleInfo.java:updateAndGet(143)) - 86045968-2694-4a13-a31d-9b0ae4a485fe: start FollowerState
2019-09-20 08:26:56,295 [pool-292-thread-1] INFO  util.JmxRegister (JmxRegister.java:tryRegister(44)) - Successfully registered JMX Bean with object name Ratis:service=RaftServer,group=group-77466286AA35,id=86045968-2694-4a13-a31d-9b0ae4a485fe
2019-09-20 08:26:56,297 [RatisPipelineUtilsThread] INFO  pipeline.PipelineStateManager (PipelineStateManager.java:addPipeline(56)) - Created pipeline Pipeline[ Id: 34abd2bf-edef-40c0-aaa2-77466286aa35, Nodes: 86045968-2694-4a13-a31d-9b0ae4a485fe{ip: 192.168.34.27, host: pr-hdds-1569-6tbh6-3362816358, networkLocation: /default-rack, certSerialId: null}, Type:RATIS, Factor:ONE, State:OPEN]
2019-09-20 08:26:56,302 [grpc-default-executor-0] INFO  impl.RaftServerProxy (RaftServerProxy.java:addNew(89)) - 86045968-2694-4a13-a31d-9b0ae4a485fe: addNew group-578B0CDCC2BA:[86045968-2694-4a13-a31d-9b0ae4a485fe:192.168.34.27:37734] returns group-578B0CDCC2BA:java.util.concurrent.CompletableFuture@48f611a5[Not completed]
2019-09-20 08:26:56,304 [pool-292-thread-1] INFO  impl.RaftServerImpl (RaftServerImpl.java:<init>(93)) - 86045968-2694-4a13-a31d-9b0ae4a485fe: new RaftServerImpl for group-578B0CDCC2BA:[86045968-2694-4a13-a31d-9b0ae4a485fe:192.168.34.27:37734] with ContainerStateMachine:uninitialized
2019-09-20 08:26:56,304 [pool-292-thread-1] INFO  server.RaftServerConfigKeys (ConfUtils.java:logGet(43)) - raft.server.rpc.timeout.min = 5s (custom)
2019-09-20 08:26:56,304 [pool-292-thread-1] INFO  server.RaftServerConfigKeys (ConfUtils.java:logGet(43)) - raft.server.rpc.timeout.max = 5200ms (custom)
2019-09-20 08:26:56,304 [pool-292-thread-1] INFO  server.RaftServerConfigKeys (ConfUtils.java:logGet(43)) - raft.server.rpcslowness.timeout = 120s (custom)
2019-09-20 08:26:56,304 [pool-292-thread-1] INFO  server.RaftServerConfigKeys (ConfUtils.java:logGet(43)) - raft.server.sleep.deviation.threshold = 300 (default)
2019-09-20 08:26:56,304 [pool-292-thread-1] INFO  server.RaftServerConfigKeys (ConfUtils.java:logGet(43)) - raft.server.log.appender.install.snapshot.enabled = false (custom)
2019-09-20 08:26:56,304 [pool-292-thread-1] INFO  impl.RaftServerImpl (ServerState.java:<init>(105)) - 86045968-2694-4a13-a31d-9b0ae4a485fe:group-578B0CDCC2BA ConfigurationManager, init=-1: [86045968-2694-4a13-a31d-9b0ae4a485fe:192.168.34.27:37734], old=null, confs=<EMPTY_MAP>
2019-09-20 08:26:56,304 [pool-292-thread-1] INFO  server.RaftServerConfigKeys (ConfUtils.java:logGet(43)) - raft.server.storage.dir = [/workdir/hadoop-ozone/ozonefs/target/test-dir/MiniOzoneClusterImpl-57a912aa-d50f-4842-9d1d-666c9a8a8226/datanode-0/data/ratis] (custom)
2019-09-20 08:26:56,304 [pool-292-thread-1] INFO  storage.RaftStorageDirectory (RaftStorageDirectory.java:analyzeStorage(246)) - The storage directory /workdir/hadoop-ozone/ozonefs/target/test-dir/MiniOzoneClusterImpl-57a912aa-d50f-4842-9d1d-666c9a8a8226/datanode-0/data/ratis/c4998b48-a444-4c1c-afdd-578b0cdcc2ba does not exist. Creating ...
2019-09-20 08:26:56,307 [pool-292-thread-1] INFO  storage.RaftStorageDirectory (RaftStorageDirectory.java:tryLock(328)) - Lock on /workdir/hadoop-ozone/ozonefs/target/test-dir/MiniOzoneClusterImpl-57a912aa-d50f-4842-9d1d-666c9a8a8226/datanode-0/data/ratis/c4998b48-a444-4c1c-afdd-578b0cdcc2ba/in_use.lock acquired by nodename 28782@pr-hdds-1569-6tbh6-3362816358
2019-09-20 08:26:56,308 [IPC Server handler 0 on 45342] INFO  net.NetworkTopology (NetworkTopologyImpl.java:add(110)) - Added a new node: /default-rack/5e7c8f57-a8b0-4b60-89af-5f0214f88e99
2019-09-20 08:26:56,308 [IPC Server handler 0 on 45342] INFO  node.SCMNodeManager (SCMNodeManager.java:register(273)) - Registered Data node : 5e7c8f57-a8b0-4b60-89af-5f0214f88e99{ip: 192.168.34.27, host: pr-hdds-1569-6tbh6-3362816358, networkLocation: /default-rack, certSerialId: null}
2019-09-20 08:26:56,309 | INFO  | SCMAudit | user=jenkins1000 | ip=192.168.34.27 | op=REGISTER {datanodeDetails=5e7c8f57-a8b0-4b60-89af-5f0214f88e99{ip: 192.168.34.27, host: pr-hdds-1569-6tbh6-3362816358, networkLocation: /default-rack, certSerialId: null}} | ret=SUCCESS |  
2019-09-20 08:26:56,311 [pool-292-thread-1] INFO  storage.RaftStorage (RaftStorage.java:format(72)) - Storage directory /workdir/hadoop-ozone/ozonefs/target/test-dir/MiniOzoneClusterImpl-57a912aa-d50f-4842-9d1d-666c9a8a8226/datanode-0/data/ratis/c4998b48-a444-4c1c-afdd-578b0cdcc2ba has been successfully formatted.
2019-09-20 08:26:56,311 [pool-292-thread-1] INFO  ratis.ContainerStateMachine (ContainerStateMachine.java:loadSnapshot(226)) - group-578B0CDCC2BA: The snapshot info is null. Setting the last applied indexto:(t:0, i:~)
2019-09-20 08:26:56,311 [pool-292-thread-1] INFO  server.RaftServerConfigKeys (ConfUtils.java:logGet(43)) - raft.server.leader.election.timeout = 120s (custom)
2019-09-20 08:26:56,311 [pool-292-thread-1] INFO  server.RaftServerConfigKeys (ConfUtils.java:logGet(43)) - raft.server.log.use.memory = false (default)
2019-09-20 08:26:56,311 [pool-292-thread-1] INFO  server.RaftServerConfigKeys (ConfUtils.java:logGet(43)) - raft.server.log.purge.gap = 1000000 (custom)
2019-09-20 08:26:56,312 [pool-292-thread-1] INFO  server.RaftServerConfigKeys (ConfUtils.java:logGet(43)) - raft.server.log.appender.buffer.byte-limit = 33554432 (custom)
2019-09-20 08:26:56,312 [pool-292-thread-1] INFO  server.RaftServerConfigKeys (ConfUtils.java:logGet(43)) - raft.server.log.segment.size.max = 1048576 (custom)
2019-09-20 08:26:56,312 [pool-292-thread-1] INFO  server.RaftServerConfigKeys (ConfUtils.java:logGet(43)) - raft.server.log.segment.cache.num.max = 2 (custom)
2019-09-20 08:26:56,312 [pool-292-thread-1] INFO  segmented.SegmentedRaftLogWorker (SegmentedRaftLogWorker.java:<init>(172)) - new 86045968-2694-4a13-a31d-9b0ae4a485fe-SegmentedRaftLogWorker:Storage Directory /workdir/hadoop-ozone/ozonefs/target/test-dir/MiniOzoneClusterImpl-57a912aa-d50f-4842-9d1d-666c9a8a8226/datanode-0/data/ratis/c4998b48-a444-4c1c-afdd-578b0cdcc2ba for RaftStorage:Storage Directory /workdir/hadoop-ozone/ozonefs/target/test-dir/MiniOzoneClusterImpl-57a912aa-d50f-4842-9d1d-666c9a8a8226/datanode-0/data/ratis/c4998b48-a444-4c1c-afdd-578b0cdcc2ba
2019-09-20 08:26:56,312 [pool-292-thread-1] INFO  server.RaftServerConfigKeys (ConfUtils.java:logGet(43)) - raft.server.log.queue.byte-limit = 2147483647 (custom)
2019-09-20 08:26:56,312 [pool-292-thread-1] INFO  server.RaftServerConfigKeys (ConfUtils.java:logGet(43)) - raft.server.log.queue.element-limit = 1024 (custom)
2019-09-20 08:26:56,312 [pool-292-thread-1] INFO  server.RaftServerConfigKeys (ConfUtils.java:logGet(43)) - raft.server.log.segment.size.max = 1048576 (custom)
2019-09-20 08:26:56,313 [pool-292-thread-1] INFO  server.RaftServerConfigKeys (ConfUtils.java:logGet(43)) - raft.server.log.preallocated.size = 16384 (custom)
2019-09-20 08:26:56,313 [pool-292-thread-1] INFO  server.RaftServerConfigKeys (ConfUtils.java:logGet(43)) - raft.server.log.write.buffer.size = 33554432 (custom)
2019-09-20 08:26:56,313 [pool-292-thread-1] INFO  server.RaftServerConfigKeys (ConfUtils.java:logGet(43)) - raft.server.log.force.sync.num = 128 (default)
2019-09-20 08:26:56,313 [pool-292-thread-1] INFO  server.RaftServerConfigKeys (ConfUtils.java:logGet(43)) - raft.server.log.statemachine.data.sync = true (default)
2019-09-20 08:26:56,313 [pool-292-thread-1] INFO  server.RaftServerConfigKeys (ConfUtils.java:logGet(43)) - raft.server.log.statemachine.data.sync.timeout = 10s (default)
2019-09-20 08:26:56,313 [pool-292-thread-1] INFO  server.RaftServerConfigKeys (ConfUtils.java:logGet(43)) - raft.server.log.statemachine.data.sync.timeout.retry = -1 (default)
2019-09-20 08:26:56,313 [pool-292-thread-1] INFO  server.RaftServerConfigKeys (ConfUtils.java:logGet(43)) - raft.server.log.statemachine.data.caching.enabled = true (custom)
2019-09-20 08:26:56,314 [pool-292-thread-1] INFO  segmented.SegmentedRaftLogWorker (SegmentedRaftLogWorker.java:lambda$new$0(132)) - 86045968-2694-4a13-a31d-9b0ae4a485fe-SegmentedRaftLogWorker:Storage Directory /workdir/hadoop-ozone/ozonefs/target/test-dir/MiniOzoneClusterImpl-57a912aa-d50f-4842-9d1d-666c9a8a8226/datanode-0/data/ratis/c4998b48-a444-4c1c-afdd-578b0cdcc2ba: flushIndex: setUnconditionally 0 -> -1
2019-09-20 08:26:56,314 [pool-292-thread-1] INFO  server.RaftServerConfigKeys (ConfUtils.java:logGet(43)) - raft.server.snapshot.auto.trigger.enabled = true (custom)
2019-09-20 08:26:56,314 [pool-292-thread-1] INFO  server.RaftServerConfigKeys (ConfUtils.java:logGet(43)) - raft.server.snapshot.auto.trigger.threshold = 10000 (custom)
2019-09-20 08:26:56,314 [pool-292-thread-1] INFO  server.RaftServerConfigKeys (ConfUtils.java:logGet(43)) - raft.server.retrycache.expirytime = 600000ms (custom)
2019-09-20 08:26:56,315 [pool-292-thread-1] INFO  impl.RaftServerImpl (RaftServerImpl.java:start(180)) - 86045968-2694-4a13-a31d-9b0ae4a485fe: start group-578B0CDCC2BA
2019-09-20 08:26:56,315 [pool-292-thread-1] INFO  impl.RaftServerImpl (RaftServerImpl.java:setRole(171)) - 86045968-2694-4a13-a31d-9b0ae4a485fe:group-578B0CDCC2BA changes role from null to FOLLOWER at term 0 for startAsFollower
2019-09-20 08:26:56,315 [pool-292-thread-1] INFO  impl.RoleInfo (RoleInfo.java:updateAndGet(143)) - 86045968-2694-4a13-a31d-9b0ae4a485fe: start FollowerState
2019-09-20 08:26:56,315 [pool-292-thread-1] INFO  util.JmxRegister (JmxRegister.java:tryRegister(44)) - Successfully registered JMX Bean with object name Ratis:service=RaftServer,group=group-578B0CDCC2BA,id=86045968-2694-4a13-a31d-9b0ae4a485fe
2019-09-20 08:26:56,318 [RatisPipelineUtilsThread] INFO  pipeline.PipelineStateManager (PipelineStateManager.java:addPipeline(56)) - Created pipeline Pipeline[ Id: c4998b48-a444-4c1c-afdd-578b0cdcc2ba, Nodes: 86045968-2694-4a13-a31d-9b0ae4a485fe{ip: 192.168.34.27, host: pr-hdds-1569-6tbh6-3362816358, networkLocation: /default-rack, certSerialId: null}, Type:RATIS, Factor:ONE, State:OPEN]
2019-09-20 08:26:56,318 [RatisPipelineUtilsThread] INFO  pipeline.PipelinePlacementPolicy (PipelinePlacementPolicy.java:meetCriteria(91)) - Pipeline Placement: Doesn't meet the criteria to be viable node： 86045968-2694-4a13-a31d-9b0ae4a485fe Heaviness: 6 limit: 5
2019-09-20 08:26:56,324 [grpc-default-executor-0] INFO  impl.RaftServerProxy (RaftServerProxy.java:addNew(89)) - 5e7c8f57-a8b0-4b60-89af-5f0214f88e99: addNew group-930B0AF862CC:[5e7c8f57-a8b0-4b60-89af-5f0214f88e99:192.168.34.27:45865] returns group-930B0AF862CC:java.util.concurrent.CompletableFuture@4b7ad8d2[Not completed]
2019-09-20 08:26:56,325 [pool-303-thread-1] INFO  impl.RaftServerImpl (RaftServerImpl.java:<init>(93)) - 5e7c8f57-a8b0-4b60-89af-5f0214f88e99: new RaftServerImpl for group-930B0AF862CC:[5e7c8f57-a8b0-4b60-89af-5f0214f88e99:192.168.34.27:45865] with ContainerStateMachine:uninitialized
2019-09-20 08:26:56,325 [pool-303-thread-1] INFO  server.RaftServerConfigKeys (ConfUtils.java:logGet(43)) - raft.server.rpc.timeout.min = 5s (custom)
2019-09-20 08:26:56,325 [pool-303-thread-1] INFO  server.RaftServerConfigKeys (ConfUtils.java:logGet(43)) - raft.server.rpc.timeout.max = 5200ms (custom)
2019-09-20 08:26:56,325 [pool-303-thread-1] INFO  server.RaftServerConfigKeys (ConfUtils.java:logGet(43)) - raft.server.rpcslowness.timeout = 120s (custom)
2019-09-20 08:26:56,326 [pool-303-thread-1] INFO  server.RaftServerConfigKeys (ConfUtils.java:logGet(43)) - raft.server.sleep.deviation.threshold = 300 (default)
2019-09-20 08:26:56,326 [pool-303-thread-1] INFO  server.RaftServerConfigKeys (ConfUtils.java:logGet(43)) - raft.server.log.appender.install.snapshot.enabled = false (custom)
2019-09-20 08:26:56,326 [pool-303-thread-1] INFO  impl.RaftServerImpl (ServerState.java:<init>(105)) - 5e7c8f57-a8b0-4b60-89af-5f0214f88e99:group-930B0AF862CC ConfigurationManager, init=-1: [5e7c8f57-a8b0-4b60-89af-5f0214f88e99:192.168.34.27:45865], old=null, confs=<EMPTY_MAP>
2019-09-20 08:26:56,326 [pool-303-thread-1] INFO  server.RaftServerConfigKeys (ConfUtils.java:logGet(43)) - raft.server.storage.dir = [/workdir/hadoop-ozone/ozonefs/target/test-dir/MiniOzoneClusterImpl-57a912aa-d50f-4842-9d1d-666c9a8a8226/datanode-1/data/ratis] (custom)
2019-09-20 08:26:56,326 [pool-303-thread-1] INFO  storage.RaftStorageDirectory (RaftStorageDirectory.java:analyzeStorage(246)) - The storage directory /workdir/hadoop-ozone/ozonefs/target/test-dir/MiniOzoneClusterImpl-57a912aa-d50f-4842-9d1d-666c9a8a8226/datanode-1/data/ratis/9a1e5ac5-fa42-4e9b-915a-930b0af862cc does not exist. Creating ...
2019-09-20 08:26:56,329 [pool-303-thread-1] INFO  storage.RaftStorageDirectory (RaftStorageDirectory.java:tryLock(328)) - Lock on /workdir/hadoop-ozone/ozonefs/target/test-dir/MiniOzoneClusterImpl-57a912aa-d50f-4842-9d1d-666c9a8a8226/datanode-1/data/ratis/9a1e5ac5-fa42-4e9b-915a-930b0af862cc/in_use.lock acquired by nodename 28782@pr-hdds-1569-6tbh6-3362816358
2019-09-20 08:26:56,333 [pool-303-thread-1] INFO  storage.RaftStorage (RaftStorage.java:format(72)) - Storage directory /workdir/hadoop-ozone/ozonefs/target/test-dir/MiniOzoneClusterImpl-57a912aa-d50f-4842-9d1d-666c9a8a8226/datanode-1/data/ratis/9a1e5ac5-fa42-4e9b-915a-930b0af862cc has been successfully formatted.
2019-09-20 08:26:56,333 [pool-303-thread-1] INFO  ratis.ContainerStateMachine (ContainerStateMachine.java:loadSnapshot(226)) - group-930B0AF862CC: The snapshot info is null. Setting the last applied indexto:(t:0, i:~)
2019-09-20 08:26:56,333 [pool-303-thread-1] INFO  server.RaftServerConfigKeys (ConfUtils.java:logGet(43)) - raft.server.leader.election.timeout = 120s (custom)
2019-09-20 08:26:56,333 [pool-303-thread-1] INFO  server.RaftServerConfigKeys (ConfUtils.java:logGet(43)) - raft.server.log.use.memory = false (default)
2019-09-20 08:26:56,333 [pool-303-thread-1] INFO  server.RaftServerConfigKeys (ConfUtils.java:logGet(43)) - raft.server.log.purge.gap = 1000000 (custom)
2019-09-20 08:26:56,333 [pool-303-thread-1] INFO  server.RaftServerConfigKeys (ConfUtils.java:logGet(43)) - raft.server.log.appender.buffer.byte-limit = 33554432 (custom)
2019-09-20 08:26:56,333 [pool-303-thread-1] INFO  server.RaftServerConfigKeys (ConfUtils.java:logGet(43)) - raft.server.log.segment.size.max = 1048576 (custom)
2019-09-20 08:26:56,334 [pool-303-thread-1] INFO  server.RaftServerConfigKeys (ConfUtils.java:logGet(43)) - raft.server.log.segment.cache.num.max = 2 (custom)
2019-09-20 08:26:56,334 [pool-303-thread-1] INFO  segmented.SegmentedRaftLogWorker (SegmentedRaftLogWorker.java:<init>(172)) - new 5e7c8f57-a8b0-4b60-89af-5f0214f88e99-SegmentedRaftLogWorker:Storage Directory /workdir/hadoop-ozone/ozonefs/target/test-dir/MiniOzoneClusterImpl-57a912aa-d50f-4842-9d1d-666c9a8a8226/datanode-1/data/ratis/9a1e5ac5-fa42-4e9b-915a-930b0af862cc for RaftStorage:Storage Directory /workdir/hadoop-ozone/ozonefs/target/test-dir/MiniOzoneClusterImpl-57a912aa-d50f-4842-9d1d-666c9a8a8226/datanode-1/data/ratis/9a1e5ac5-fa42-4e9b-915a-930b0af862cc
2019-09-20 08:26:56,334 [pool-303-thread-1] INFO  server.RaftServerConfigKeys (ConfUtils.java:logGet(43)) - raft.server.log.queue.byte-limit = 2147483647 (custom)
2019-09-20 08:26:56,334 [pool-303-thread-1] INFO  server.RaftServerConfigKeys (ConfUtils.java:logGet(43)) - raft.server.log.queue.element-limit = 1024 (custom)
2019-09-20 08:26:56,334 [pool-303-thread-1] INFO  server.RaftServerConfigKeys (ConfUtils.java:logGet(43)) - raft.server.log.segment.size.max = 1048576 (custom)
2019-09-20 08:26:56,334 [pool-303-thread-1] INFO  server.RaftServerConfigKeys (ConfUtils.java:logGet(43)) - raft.server.log.preallocated.size = 16384 (custom)
2019-09-20 08:26:56,334 [pool-303-thread-1] INFO  server.RaftServerConfigKeys (ConfUtils.java:logGet(43)) - raft.server.log.write.buffer.size = 33554432 (custom)
2019-09-20 08:26:56,334 [pool-303-thread-1] INFO  server.RaftServerConfigKeys (ConfUtils.java:logGet(43)) - raft.server.log.force.sync.num = 128 (default)
2019-09-20 08:26:56,335 [pool-303-thread-1] INFO  server.RaftServerConfigKeys (ConfUtils.java:logGet(43)) - raft.server.log.statemachine.data.sync = true (default)
2019-09-20 08:26:56,335 [pool-303-thread-1] INFO  server.RaftServerConfigKeys (ConfUtils.java:logGet(43)) - raft.server.log.statemachine.data.sync.timeout = 10s (default)
2019-09-20 08:26:56,335 [pool-303-thread-1] INFO  server.RaftServerConfigKeys (ConfUtils.java:logGet(43)) - raft.server.log.statemachine.data.sync.timeout.retry = -1 (default)
2019-09-20 08:26:56,335 [pool-303-thread-1] INFO  server.RaftServerConfigKeys (ConfUtils.java:logGet(43)) - raft.server.log.statemachine.data.caching.enabled = true (custom)
2019-09-20 08:26:56,335 [pool-303-thread-1] INFO  segmented.SegmentedRaftLogWorker (SegmentedRaftLogWorker.java:lambda$new$0(132)) - 5e7c8f57-a8b0-4b60-89af-5f0214f88e99-SegmentedRaftLogWorker:Storage Directory /workdir/hadoop-ozone/ozonefs/target/test-dir/MiniOzoneClusterImpl-57a912aa-d50f-4842-9d1d-666c9a8a8226/datanode-1/data/ratis/9a1e5ac5-fa42-4e9b-915a-930b0af862cc: flushIndex: setUnconditionally 0 -> -1
2019-09-20 08:26:56,335 [pool-303-thread-1] INFO  server.RaftServerConfigKeys (ConfUtils.java:logGet(43)) - raft.server.snapshot.auto.trigger.enabled = true (custom)
2019-09-20 08:26:56,336 [pool-303-thread-1] INFO  server.RaftServerConfigKeys (ConfUtils.java:logGet(43)) - raft.server.snapshot.auto.trigger.threshold = 10000 (custom)
2019-09-20 08:26:56,336 [pool-303-thread-1] INFO  server.RaftServerConfigKeys (ConfUtils.java:logGet(43)) - raft.server.retrycache.expirytime = 600000ms (custom)
2019-09-20 08:26:56,336 [pool-303-thread-1] INFO  impl.RaftServerImpl (RaftServerImpl.java:start(180)) - 5e7c8f57-a8b0-4b60-89af-5f0214f88e99: start group-930B0AF862CC
2019-09-20 08:26:56,336 [pool-303-thread-1] INFO  impl.RaftServerImpl (RaftServerImpl.java:setRole(171)) - 5e7c8f57-a8b0-4b60-89af-5f0214f88e99:group-930B0AF862CC changes role from null to FOLLOWER at term 0 for startAsFollower
2019-09-20 08:26:56,336 [pool-303-thread-1] INFO  impl.RoleInfo (RoleInfo.java:updateAndGet(143)) - 5e7c8f57-a8b0-4b60-89af-5f0214f88e99: start FollowerState
2019-09-20 08:26:56,336 [pool-303-thread-1] INFO  util.JmxRegister (JmxRegister.java:tryRegister(44)) - Successfully registered JMX Bean with object name Ratis:service=RaftServer,group=group-930B0AF862CC,id=5e7c8f57-a8b0-4b60-89af-5f0214f88e99
2019-09-20 08:26:56,339 [RatisPipelineUtilsThread] INFO  pipeline.PipelineStateManager (PipelineStateManager.java:addPipeline(56)) - Created pipeline Pipeline[ Id: 9a1e5ac5-fa42-4e9b-915a-930b0af862cc, Nodes: 5e7c8f57-a8b0-4b60-89af-5f0214f88e99{ip: 192.168.34.27, host: pr-hdds-1569-6tbh6-3362816358, networkLocation: /default-rack, certSerialId: null}, Type:RATIS, Factor:ONE, State:OPEN]
2019-09-20 08:26:56,339 [RatisPipelineUtilsThread] INFO  pipeline.PipelinePlacementPolicy (PipelinePlacementPolicy.java:meetCriteria(91)) - Pipeline Placement: Doesn't meet the criteria to be viable node： 86045968-2694-4a13-a31d-9b0ae4a485fe Heaviness: 6 limit: 5
2019-09-20 08:26:56,344 [grpc-default-executor-0] INFO  impl.RaftServerProxy (RaftServerProxy.java:addNew(89)) - 5e7c8f57-a8b0-4b60-89af-5f0214f88e99: addNew group-2C34E91EB52B:[5e7c8f57-a8b0-4b60-89af-5f0214f88e99:192.168.34.27:45865] returns group-2C34E91EB52B:java.util.concurrent.CompletableFuture@cf3d743[Not completed]
2019-09-20 08:26:56,344 [pool-303-thread-1] INFO  impl.RaftServerImpl (RaftServerImpl.java:<init>(93)) - 5e7c8f57-a8b0-4b60-89af-5f0214f88e99: new RaftServerImpl for group-2C34E91EB52B:[5e7c8f57-a8b0-4b60-89af-5f0214f88e99:192.168.34.27:45865] with ContainerStateMachine:uninitialized
2019-09-20 08:26:56,344 [pool-303-thread-1] INFO  server.RaftServerConfigKeys (ConfUtils.java:logGet(43)) - raft.server.rpc.timeout.min = 5s (custom)
2019-09-20 08:26:56,344 [pool-303-thread-1] INFO  server.RaftServerConfigKeys (ConfUtils.java:logGet(43)) - raft.server.rpc.timeout.max = 5200ms (custom)
2019-09-20 08:26:56,344 [pool-303-thread-1] INFO  server.RaftServerConfigKeys (ConfUtils.java:logGet(43)) - raft.server.rpcslowness.timeout = 120s (custom)
2019-09-20 08:26:56,345 [pool-303-thread-1] INFO  server.RaftServerConfigKeys (ConfUtils.java:logGet(43)) - raft.server.sleep.deviation.threshold = 300 (default)
2019-09-20 08:26:56,345 [pool-303-thread-1] INFO  server.RaftServerConfigKeys (ConfUtils.java:logGet(43)) - raft.server.log.appender.install.snapshot.enabled = false (custom)
2019-09-20 08:26:56,345 [pool-303-thread-1] INFO  impl.RaftServerImpl (ServerState.java:<init>(105)) - 5e7c8f57-a8b0-4b60-89af-5f0214f88e99:group-2C34E91EB52B ConfigurationManager, init=-1: [5e7c8f57-a8b0-4b60-89af-5f0214f88e99:192.168.34.27:45865], old=null, confs=<EMPTY_MAP>
2019-09-20 08:26:56,345 [pool-303-thread-1] INFO  server.RaftServerConfigKeys (ConfUtils.java:logGet(43)) - raft.server.storage.dir = [/workdir/hadoop-ozone/ozonefs/target/test-dir/MiniOzoneClusterImpl-57a912aa-d50f-4842-9d1d-666c9a8a8226/datanode-1/data/ratis] (custom)
2019-09-20 08:26:56,345 [pool-303-thread-1] INFO  storage.RaftStorageDirectory (RaftStorageDirectory.java:analyzeStorage(246)) - The storage directory /workdir/hadoop-ozone/ozonefs/target/test-dir/MiniOzoneClusterImpl-57a912aa-d50f-4842-9d1d-666c9a8a8226/datanode-1/data/ratis/32debed2-3884-465e-a3ab-2c34e91eb52b does not exist. Creating ...
2019-09-20 08:26:56,349 [pool-303-thread-1] INFO  storage.RaftStorageDirectory (RaftStorageDirectory.java:tryLock(328)) - Lock on /workdir/hadoop-ozone/ozonefs/target/test-dir/MiniOzoneClusterImpl-57a912aa-d50f-4842-9d1d-666c9a8a8226/datanode-1/data/ratis/32debed2-3884-465e-a3ab-2c34e91eb52b/in_use.lock acquired by nodename 28782@pr-hdds-1569-6tbh6-3362816358
2019-09-20 08:26:56,352 [pool-303-thread-1] INFO  storage.RaftStorage (RaftStorage.java:format(72)) - Storage directory /workdir/hadoop-ozone/ozonefs/target/test-dir/MiniOzoneClusterImpl-57a912aa-d50f-4842-9d1d-666c9a8a8226/datanode-1/data/ratis/32debed2-3884-465e-a3ab-2c34e91eb52b has been successfully formatted.
2019-09-20 08:26:56,352 [pool-303-thread-1] INFO  ratis.ContainerStateMachine (ContainerStateMachine.java:loadSnapshot(226)) - group-2C34E91EB52B: The snapshot info is null. Setting the last applied indexto:(t:0, i:~)
2019-09-20 08:26:56,352 [pool-303-thread-1] INFO  server.RaftServerConfigKeys (ConfUtils.java:logGet(43)) - raft.server.leader.election.timeout = 120s (custom)
2019-09-20 08:26:56,352 [pool-303-thread-1] INFO  server.RaftServerConfigKeys (ConfUtils.java:logGet(43)) - raft.server.log.use.memory = false (default)
2019-09-20 08:26:56,352 [pool-303-thread-1] INFO  server.RaftServerConfigKeys (ConfUtils.java:logGet(43)) - raft.server.log.purge.gap = 1000000 (custom)
2019-09-20 08:26:56,352 [pool-303-thread-1] INFO  server.RaftServerConfigKeys (ConfUtils.java:logGet(43)) - raft.server.log.appender.buffer.byte-limit = 33554432 (custom)
2019-09-20 08:26:56,352 [pool-303-thread-1] INFO  server.RaftServerConfigKeys (ConfUtils.java:logGet(43)) - raft.server.log.segment.size.max = 1048576 (custom)
2019-09-20 08:26:56,353 [pool-303-thread-1] INFO  server.RaftServerConfigKeys (ConfUtils.java:logGet(43)) - raft.server.log.segment.cache.num.max = 2 (custom)
2019-09-20 08:26:56,353 [pool-303-thread-1] INFO  segmented.SegmentedRaftLogWorker (SegmentedRaftLogWorker.java:<init>(172)) - new 5e7c8f57-a8b0-4b60-89af-5f0214f88e99-SegmentedRaftLogWorker:Storage Directory /workdir/hadoop-ozone/ozonefs/target/test-dir/MiniOzoneClusterImpl-57a912aa-d50f-4842-9d1d-666c9a8a8226/datanode-1/data/ratis/32debed2-3884-465e-a3ab-2c34e91eb52b for RaftStorage:Storage Directory /workdir/hadoop-ozone/ozonefs/target/test-dir/MiniOzoneClusterImpl-57a912aa-d50f-4842-9d1d-666c9a8a8226/datanode-1/data/ratis/32debed2-3884-465e-a3ab-2c34e91eb52b
2019-09-20 08:26:56,353 [pool-303-thread-1] INFO  server.RaftServerConfigKeys (ConfUtils.java:logGet(43)) - raft.server.log.queue.byte-limit = 2147483647 (custom)
2019-09-20 08:26:56,353 [pool-303-thread-1] INFO  server.RaftServerConfigKeys (ConfUtils.java:logGet(43)) - raft.server.log.queue.element-limit = 1024 (custom)
2019-09-20 08:26:56,353 [pool-303-thread-1] INFO  server.RaftServerConfigKeys (ConfUtils.java:logGet(43)) - raft.server.log.segment.size.max = 1048576 (custom)
2019-09-20 08:26:56,353 [pool-303-thread-1] INFO  server.RaftServerConfigKeys (ConfUtils.java:logGet(43)) - raft.server.log.preallocated.size = 16384 (custom)
2019-09-20 08:26:56,353 [pool-303-thread-1] INFO  server.RaftServerConfigKeys (ConfUtils.java:logGet(43)) - raft.server.log.write.buffer.size = 33554432 (custom)
2019-09-20 08:26:56,353 [pool-303-thread-1] INFO  server.RaftServerConfigKeys (ConfUtils.java:logGet(43)) - raft.server.log.force.sync.num = 128 (default)
2019-09-20 08:26:56,353 [pool-303-thread-1] INFO  server.RaftServerConfigKeys (ConfUtils.java:logGet(43)) - raft.server.log.statemachine.data.sync = true (default)
2019-09-20 08:26:56,353 [pool-303-thread-1] INFO  server.RaftServerConfigKeys (ConfUtils.java:logGet(43)) - raft.server.log.statemachine.data.sync.timeout = 10s (default)
2019-09-20 08:26:56,353 [pool-303-thread-1] INFO  server.RaftServerConfigKeys (ConfUtils.java:logGet(43)) - raft.server.log.statemachine.data.sync.timeout.retry = -1 (default)
2019-09-20 08:26:56,354 [pool-303-thread-1] INFO  server.RaftServerConfigKeys (ConfUtils.java:logGet(43)) - raft.server.log.statemachine.data.caching.enabled = true (custom)
2019-09-20 08:26:56,354 [pool-303-thread-1] INFO  segmented.SegmentedRaftLogWorker (SegmentedRaftLogWorker.java:lambda$new$0(132)) - 5e7c8f57-a8b0-4b60-89af-5f0214f88e99-SegmentedRaftLogWorker:Storage Directory /workdir/hadoop-ozone/ozonefs/target/test-dir/MiniOzoneClusterImpl-57a912aa-d50f-4842-9d1d-666c9a8a8226/datanode-1/data/ratis/32debed2-3884-465e-a3ab-2c34e91eb52b: flushIndex: setUnconditionally 0 -> -1
2019-09-20 08:26:56,354 [pool-303-thread-1] INFO  server.RaftServerConfigKeys (ConfUtils.java:logGet(43)) - raft.server.snapshot.auto.trigger.enabled = true (custom)
2019-09-20 08:26:56,354 [pool-303-thread-1] INFO  server.RaftServerConfigKeys (ConfUtils.java:logGet(43)) - raft.server.snapshot.auto.trigger.threshold = 10000 (custom)
2019-09-20 08:26:56,354 [pool-303-thread-1] INFO  server.RaftServerConfigKeys (ConfUtils.java:logGet(43)) - raft.server.retrycache.expirytime = 600000ms (custom)
2019-09-20 08:26:56,354 [pool-303-thread-1] INFO  impl.RaftServerImpl (RaftServerImpl.java:start(180)) - 5e7c8f57-a8b0-4b60-89af-5f0214f88e99: start group-2C34E91EB52B
2019-09-20 08:26:56,354 [pool-303-thread-1] INFO  impl.RaftServerImpl (RaftServerImpl.java:setRole(171)) - 5e7c8f57-a8b0-4b60-89af-5f0214f88e99:group-2C34E91EB52B changes role from null to FOLLOWER at term 0 for startAsFollower
2019-09-20 08:26:56,354 [pool-303-thread-1] INFO  impl.RoleInfo (RoleInfo.java:updateAndGet(143)) - 5e7c8f57-a8b0-4b60-89af-5f0214f88e99: start FollowerState
2019-09-20 08:26:56,355 [pool-303-thread-1] INFO  util.JmxRegister (JmxRegister.java:tryRegister(44)) - Successfully registered JMX Bean with object name Ratis:service=RaftServer,group=group-2C34E91EB52B,id=5e7c8f57-a8b0-4b60-89af-5f0214f88e99
2019-09-20 08:26:56,357 [RatisPipelineUtilsThread] INFO  pipeline.PipelineStateManager (PipelineStateManager.java:addPipeline(56)) - Created pipeline Pipeline[ Id: 32debed2-3884-465e-a3ab-2c34e91eb52b, Nodes: 5e7c8f57-a8b0-4b60-89af-5f0214f88e99{ip: 192.168.34.27, host: pr-hdds-1569-6tbh6-3362816358, networkLocation: /default-rack, certSerialId: null}, Type:RATIS, Factor:ONE, State:OPEN]
2019-09-20 08:26:56,357 [RatisPipelineUtilsThread] INFO  pipeline.PipelinePlacementPolicy (PipelinePlacementPolicy.java:meetCriteria(91)) - Pipeline Placement: Doesn't meet the criteria to be viable node： 86045968-2694-4a13-a31d-9b0ae4a485fe Heaviness: 6 limit: 5
2019-09-20 08:26:56,362 [grpc-default-executor-0] INFO  impl.RaftServerProxy (RaftServerProxy.java:addNew(89)) - 5e7c8f57-a8b0-4b60-89af-5f0214f88e99: addNew group-5333CBDE923A:[5e7c8f57-a8b0-4b60-89af-5f0214f88e99:192.168.34.27:45865] returns group-5333CBDE923A:java.util.concurrent.CompletableFuture@10c3b170[Not completed]
2019-09-20 08:26:56,362 [pool-303-thread-1] INFO  impl.RaftServerImpl (RaftServerImpl.java:<init>(93)) - 5e7c8f57-a8b0-4b60-89af-5f0214f88e99: new RaftServerImpl for group-5333CBDE923A:[5e7c8f57-a8b0-4b60-89af-5f0214f88e99:192.168.34.27:45865] with ContainerStateMachine:uninitialized
2019-09-20 08:26:56,362 [pool-303-thread-1] INFO  server.RaftServerConfigKeys (ConfUtils.java:logGet(43)) - raft.server.rpc.timeout.min = 5s (custom)
2019-09-20 08:26:56,362 [pool-303-thread-1] INFO  server.RaftServerConfigKeys (ConfUtils.java:logGet(43)) - raft.server.rpc.timeout.max = 5200ms (custom)
2019-09-20 08:26:56,362 [pool-303-thread-1] INFO  server.RaftServerConfigKeys (ConfUtils.java:logGet(43)) - raft.server.rpcslowness.timeout = 120s (custom)
2019-09-20 08:26:56,363 [pool-303-thread-1] INFO  server.RaftServerConfigKeys (ConfUtils.java:logGet(43)) - raft.server.sleep.deviation.threshold = 300 (default)
2019-09-20 08:26:56,363 [pool-303-thread-1] INFO  server.RaftServerConfigKeys (ConfUtils.java:logGet(43)) - raft.server.log.appender.install.snapshot.enabled = false (custom)
2019-09-20 08:26:56,363 [pool-303-thread-1] INFO  impl.RaftServerImpl (ServerState.java:<init>(105)) - 5e7c8f57-a8b0-4b60-89af-5f0214f88e99:group-5333CBDE923A ConfigurationManager, init=-1: [5e7c8f57-a8b0-4b60-89af-5f0214f88e99:192.168.34.27:45865], old=null, confs=<EMPTY_MAP>
2019-09-20 08:26:56,363 [pool-303-thread-1] INFO  server.RaftServerConfigKeys (ConfUtils.java:logGet(43)) - raft.server.storage.dir = [/workdir/hadoop-ozone/ozonefs/target/test-dir/MiniOzoneClusterImpl-57a912aa-d50f-4842-9d1d-666c9a8a8226/datanode-1/data/ratis] (custom)
2019-09-20 08:26:56,363 [pool-303-thread-1] INFO  storage.RaftStorageDirectory (RaftStorageDirectory.java:analyzeStorage(246)) - The storage directory /workdir/hadoop-ozone/ozonefs/target/test-dir/MiniOzoneClusterImpl-57a912aa-d50f-4842-9d1d-666c9a8a8226/datanode-1/data/ratis/167a2289-710a-4fee-9fbc-5333cbde923a does not exist. Creating ...
2019-09-20 08:26:56,366 [pool-303-thread-1] INFO  storage.RaftStorageDirectory (RaftStorageDirectory.java:tryLock(328)) - Lock on /workdir/hadoop-ozone/ozonefs/target/test-dir/MiniOzoneClusterImpl-57a912aa-d50f-4842-9d1d-666c9a8a8226/datanode-1/data/ratis/167a2289-710a-4fee-9fbc-5333cbde923a/in_use.lock acquired by nodename 28782@pr-hdds-1569-6tbh6-3362816358
2019-09-20 08:26:56,369 [pool-303-thread-1] INFO  storage.RaftStorage (RaftStorage.java:format(72)) - Storage directory /workdir/hadoop-ozone/ozonefs/target/test-dir/MiniOzoneClusterImpl-57a912aa-d50f-4842-9d1d-666c9a8a8226/datanode-1/data/ratis/167a2289-710a-4fee-9fbc-5333cbde923a has been successfully formatted.
2019-09-20 08:26:56,369 [pool-303-thread-1] INFO  ratis.ContainerStateMachine (ContainerStateMachine.java:loadSnapshot(226)) - group-5333CBDE923A: The snapshot info is null. Setting the last applied indexto:(t:0, i:~)
2019-09-20 08:26:56,369 [pool-303-thread-1] INFO  server.RaftServerConfigKeys (ConfUtils.java:logGet(43)) - raft.server.leader.election.timeout = 120s (custom)
2019-09-20 08:26:56,369 [pool-303-thread-1] INFO  server.RaftServerConfigKeys (ConfUtils.java:logGet(43)) - raft.server.log.use.memory = false (default)
2019-09-20 08:26:56,369 [pool-303-thread-1] INFO  server.RaftServerConfigKeys (ConfUtils.java:logGet(43)) - raft.server.log.purge.gap = 1000000 (custom)
2019-09-20 08:26:56,369 [pool-303-thread-1] INFO  server.RaftServerConfigKeys (ConfUtils.java:logGet(43)) - raft.server.log.appender.buffer.byte-limit = 33554432 (custom)
2019-09-20 08:26:56,369 [pool-303-thread-1] INFO  server.RaftServerConfigKeys (ConfUtils.java:logGet(43)) - raft.server.log.segment.size.max = 1048576 (custom)
2019-09-20 08:26:56,370 [pool-303-thread-1] INFO  server.RaftServerConfigKeys (ConfUtils.java:logGet(43)) - raft.server.log.segment.cache.num.max = 2 (custom)
2019-09-20 08:26:56,370 [pool-303-thread-1] INFO  segmented.SegmentedRaftLogWorker (SegmentedRaftLogWorker.java:<init>(172)) - new 5e7c8f57-a8b0-4b60-89af-5f0214f88e99-SegmentedRaftLogWorker:Storage Directory /workdir/hadoop-ozone/ozonefs/target/test-dir/MiniOzoneClusterImpl-57a912aa-d50f-4842-9d1d-666c9a8a8226/datanode-1/data/ratis/167a2289-710a-4fee-9fbc-5333cbde923a for RaftStorage:Storage Directory /workdir/hadoop-ozone/ozonefs/target/test-dir/MiniOzoneClusterImpl-57a912aa-d50f-4842-9d1d-666c9a8a8226/datanode-1/data/ratis/167a2289-710a-4fee-9fbc-5333cbde923a
2019-09-20 08:26:56,370 [pool-303-thread-1] INFO  server.RaftServerConfigKeys (ConfUtils.java:logGet(43)) - raft.server.log.queue.byte-limit = 2147483647 (custom)
2019-09-20 08:26:56,370 [pool-303-thread-1] INFO  server.RaftServerConfigKeys (ConfUtils.java:logGet(43)) - raft.server.log.queue.element-limit = 1024 (custom)
2019-09-20 08:26:56,370 [pool-303-thread-1] INFO  server.RaftServerConfigKeys (ConfUtils.java:logGet(43)) - raft.server.log.segment.size.max = 1048576 (custom)
2019-09-20 08:26:56,370 [pool-303-thread-1] INFO  server.RaftServerConfigKeys (ConfUtils.java:logGet(43)) - raft.server.log.preallocated.size = 16384 (custom)
2019-09-20 08:26:56,370 [pool-303-thread-1] INFO  server.RaftServerConfigKeys (ConfUtils.java:logGet(43)) - raft.server.log.write.buffer.size = 33554432 (custom)
2019-09-20 08:26:56,370 [pool-303-thread-1] INFO  server.RaftServerConfigKeys (ConfUtils.java:logGet(43)) - raft.server.log.force.sync.num = 128 (default)
2019-09-20 08:26:56,370 [pool-303-thread-1] INFO  server.RaftServerConfigKeys (ConfUtils.java:logGet(43)) - raft.server.log.statemachine.data.sync = true (default)
2019-09-20 08:26:56,370 [pool-303-thread-1] INFO  server.RaftServerConfigKeys (ConfUtils.java:logGet(43)) - raft.server.log.statemachine.data.sync.timeout = 10s (default)
2019-09-20 08:26:56,370 [pool-303-thread-1] INFO  server.RaftServerConfigKeys (ConfUtils.java:logGet(43)) - raft.server.log.statemachine.data.sync.timeout.retry = -1 (default)
2019-09-20 08:26:56,370 [pool-303-thread-1] INFO  server.RaftServerConfigKeys (ConfUtils.java:logGet(43)) - raft.server.log.statemachine.data.caching.enabled = true (custom)
2019-09-20 08:26:56,371 [pool-303-thread-1] INFO  segmented.SegmentedRaftLogWorker (SegmentedRaftLogWorker.java:lambda$new$0(132)) - 5e7c8f57-a8b0-4b60-89af-5f0214f88e99-SegmentedRaftLogWorker:Storage Directory /workdir/hadoop-ozone/ozonefs/target/test-dir/MiniOzoneClusterImpl-57a912aa-d50f-4842-9d1d-666c9a8a8226/datanode-1/data/ratis/167a2289-710a-4fee-9fbc-5333cbde923a: flushIndex: setUnconditionally 0 -> -1
2019-09-20 08:26:56,371 [pool-303-thread-1] INFO  server.RaftServerConfigKeys (ConfUtils.java:logGet(43)) - raft.server.snapshot.auto.trigger.enabled = true (custom)
2019-09-20 08:26:56,371 [pool-303-thread-1] INFO  server.RaftServerConfigKeys (ConfUtils.java:logGet(43)) - raft.server.snapshot.auto.trigger.threshold = 10000 (custom)
2019-09-20 08:26:56,371 [pool-303-thread-1] INFO  server.RaftServerConfigKeys (ConfUtils.java:logGet(43)) - raft.server.retrycache.expirytime = 600000ms (custom)
2019-09-20 08:26:56,371 [pool-303-thread-1] INFO  impl.RaftServerImpl (RaftServerImpl.java:start(180)) - 5e7c8f57-a8b0-4b60-89af-5f0214f88e99: start group-5333CBDE923A
2019-09-20 08:26:56,371 [pool-303-thread-1] INFO  impl.RaftServerImpl (RaftServerImpl.java:setRole(171)) - 5e7c8f57-a8b0-4b60-89af-5f0214f88e99:group-5333CBDE923A changes role from null to FOLLOWER at term 0 for startAsFollower
2019-09-20 08:26:56,371 [pool-303-thread-1] INFO  impl.RoleInfo (RoleInfo.java:updateAndGet(143)) - 5e7c8f57-a8b0-4b60-89af-5f0214f88e99: start FollowerState
2019-09-20 08:26:56,372 [pool-303-thread-1] INFO  util.JmxRegister (JmxRegister.java:tryRegister(44)) - Successfully registered JMX Bean with object name Ratis:service=RaftServer,group=group-5333CBDE923A,id=5e7c8f57-a8b0-4b60-89af-5f0214f88e99
2019-09-20 08:26:56,374 [RatisPipelineUtilsThread] INFO  pipeline.PipelineStateManager (PipelineStateManager.java:addPipeline(56)) - Created pipeline Pipeline[ Id: 167a2289-710a-4fee-9fbc-5333cbde923a, Nodes: 5e7c8f57-a8b0-4b60-89af-5f0214f88e99{ip: 192.168.34.27, host: pr-hdds-1569-6tbh6-3362816358, networkLocation: /default-rack, certSerialId: null}, Type:RATIS, Factor:ONE, State:OPEN]
2019-09-20 08:26:56,374 [RatisPipelineUtilsThread] INFO  pipeline.PipelinePlacementPolicy (PipelinePlacementPolicy.java:meetCriteria(91)) - Pipeline Placement: Doesn't meet the criteria to be viable node： 86045968-2694-4a13-a31d-9b0ae4a485fe Heaviness: 6 limit: 5
2019-09-20 08:26:56,379 [grpc-default-executor-0] INFO  impl.RaftServerProxy (RaftServerProxy.java:addNew(89)) - 5e7c8f57-a8b0-4b60-89af-5f0214f88e99: addNew group-FE86335DF1F1:[5e7c8f57-a8b0-4b60-89af-5f0214f88e99:192.168.34.27:45865] returns group-FE86335DF1F1:java.util.concurrent.CompletableFuture@7d0753a5[Not completed]
2019-09-20 08:26:56,379 [pool-303-thread-1] INFO  impl.RaftServerImpl (RaftServerImpl.java:<init>(93)) - 5e7c8f57-a8b0-4b60-89af-5f0214f88e99: new RaftServerImpl for group-FE86335DF1F1:[5e7c8f57-a8b0-4b60-89af-5f0214f88e99:192.168.34.27:45865] with ContainerStateMachine:uninitialized
2019-09-20 08:26:56,379 [pool-303-thread-1] INFO  server.RaftServerConfigKeys (ConfUtils.java:logGet(43)) - raft.server.rpc.timeout.min = 5s (custom)
2019-09-20 08:26:56,379 [pool-303-thread-1] INFO  server.RaftServerConfigKeys (ConfUtils.java:logGet(43)) - raft.server.rpc.timeout.max = 5200ms (custom)
2019-09-20 08:26:56,379 [pool-303-thread-1] INFO  server.RaftServerConfigKeys (ConfUtils.java:logGet(43)) - raft.server.rpcslowness.timeout = 120s (custom)
2019-09-20 08:26:56,379 [pool-303-thread-1] INFO  server.RaftServerConfigKeys (ConfUtils.java:logGet(43)) - raft.server.sleep.deviation.threshold = 300 (default)
2019-09-20 08:26:56,379 [pool-303-thread-1] INFO  server.RaftServerConfigKeys (ConfUtils.java:logGet(43)) - raft.server.log.appender.install.snapshot.enabled = false (custom)
2019-09-20 08:26:56,380 [pool-303-thread-1] INFO  impl.RaftServerImpl (ServerState.java:<init>(105)) - 5e7c8f57-a8b0-4b60-89af-5f0214f88e99:group-FE86335DF1F1 ConfigurationManager, init=-1: [5e7c8f57-a8b0-4b60-89af-5f0214f88e99:192.168.34.27:45865], old=null, confs=<EMPTY_MAP>
2019-09-20 08:26:56,380 [pool-303-thread-1] INFO  server.RaftServerConfigKeys (ConfUtils.java:logGet(43)) - raft.server.storage.dir = [/workdir/hadoop-ozone/ozonefs/target/test-dir/MiniOzoneClusterImpl-57a912aa-d50f-4842-9d1d-666c9a8a8226/datanode-1/data/ratis] (custom)
2019-09-20 08:26:56,380 [pool-303-thread-1] INFO  storage.RaftStorageDirectory (RaftStorageDirectory.java:analyzeStorage(246)) - The storage directory /workdir/hadoop-ozone/ozonefs/target/test-dir/MiniOzoneClusterImpl-57a912aa-d50f-4842-9d1d-666c9a8a8226/datanode-1/data/ratis/a5c0f601-6655-446f-814d-fe86335df1f1 does not exist. Creating ...
2019-09-20 08:26:56,384 [pool-303-thread-1] INFO  storage.RaftStorageDirectory (RaftStorageDirectory.java:tryLock(328)) - Lock on /workdir/hadoop-ozone/ozonefs/target/test-dir/MiniOzoneClusterImpl-57a912aa-d50f-4842-9d1d-666c9a8a8226/datanode-1/data/ratis/a5c0f601-6655-446f-814d-fe86335df1f1/in_use.lock acquired by nodename 28782@pr-hdds-1569-6tbh6-3362816358
2019-09-20 08:26:56,387 [pool-303-thread-1] INFO  storage.RaftStorage (RaftStorage.java:format(72)) - Storage directory /workdir/hadoop-ozone/ozonefs/target/test-dir/MiniOzoneClusterImpl-57a912aa-d50f-4842-9d1d-666c9a8a8226/datanode-1/data/ratis/a5c0f601-6655-446f-814d-fe86335df1f1 has been successfully formatted.
2019-09-20 08:26:56,387 [pool-303-thread-1] INFO  ratis.ContainerStateMachine (ContainerStateMachine.java:loadSnapshot(226)) - group-FE86335DF1F1: The snapshot info is null. Setting the last applied indexto:(t:0, i:~)
2019-09-20 08:26:56,387 [pool-303-thread-1] INFO  server.RaftServerConfigKeys (ConfUtils.java:logGet(43)) - raft.server.leader.election.timeout = 120s (custom)
2019-09-20 08:26:56,387 [pool-303-thread-1] INFO  server.RaftServerConfigKeys (ConfUtils.java:logGet(43)) - raft.server.log.use.memory = false (default)
2019-09-20 08:26:56,388 [pool-303-thread-1] INFO  server.RaftServerConfigKeys (ConfUtils.java:logGet(43)) - raft.server.log.purge.gap = 1000000 (custom)
2019-09-20 08:26:56,388 [pool-303-thread-1] INFO  server.RaftServerConfigKeys (ConfUtils.java:logGet(43)) - raft.server.log.appender.buffer.byte-limit = 33554432 (custom)
2019-09-20 08:26:56,388 [pool-303-thread-1] INFO  server.RaftServerConfigKeys (ConfUtils.java:logGet(43)) - raft.server.log.segment.size.max = 1048576 (custom)
2019-09-20 08:26:56,388 [pool-303-thread-1] INFO  server.RaftServerConfigKeys (ConfUtils.java:logGet(43)) - raft.server.log.segment.cache.num.max = 2 (custom)
2019-09-20 08:26:56,388 [pool-303-thread-1] INFO  segmented.SegmentedRaftLogWorker (SegmentedRaftLogWorker.java:<init>(172)) - new 5e7c8f57-a8b0-4b60-89af-5f0214f88e99-SegmentedRaftLogWorker:Storage Directory /workdir/hadoop-ozone/ozonefs/target/test-dir/MiniOzoneClusterImpl-57a912aa-d50f-4842-9d1d-666c9a8a8226/datanode-1/data/ratis/a5c0f601-6655-446f-814d-fe86335df1f1 for RaftStorage:Storage Directory /workdir/hadoop-ozone/ozonefs/target/test-dir/MiniOzoneClusterImpl-57a912aa-d50f-4842-9d1d-666c9a8a8226/datanode-1/data/ratis/a5c0f601-6655-446f-814d-fe86335df1f1
2019-09-20 08:26:56,388 [pool-303-thread-1] INFO  server.RaftServerConfigKeys (ConfUtils.java:logGet(43)) - raft.server.log.queue.byte-limit = 2147483647 (custom)
2019-09-20 08:26:56,388 [pool-303-thread-1] INFO  server.RaftServerConfigKeys (ConfUtils.java:logGet(43)) - raft.server.log.queue.element-limit = 1024 (custom)
2019-09-20 08:26:56,388 [pool-303-thread-1] INFO  server.RaftServerConfigKeys (ConfUtils.java:logGet(43)) - raft.server.log.segment.size.max = 1048576 (custom)
2019-09-20 08:26:56,388 [pool-303-thread-1] INFO  server.RaftServerConfigKeys (ConfUtils.java:logGet(43)) - raft.server.log.preallocated.size = 16384 (custom)
2019-09-20 08:26:56,388 [pool-303-thread-1] INFO  server.RaftServerConfigKeys (ConfUtils.java:logGet(43)) - raft.server.log.write.buffer.size = 33554432 (custom)
2019-09-20 08:26:56,388 [pool-303-thread-1] INFO  server.RaftServerConfigKeys (ConfUtils.java:logGet(43)) - raft.server.log.force.sync.num = 128 (default)
2019-09-20 08:26:56,388 [pool-303-thread-1] INFO  server.RaftServerConfigKeys (ConfUtils.java:logGet(43)) - raft.server.log.statemachine.data.sync = true (default)
2019-09-20 08:26:56,389 [pool-303-thread-1] INFO  server.RaftServerConfigKeys (ConfUtils.java:logGet(43)) - raft.server.log.statemachine.data.sync.timeout = 10s (default)
2019-09-20 08:26:56,389 [pool-303-thread-1] INFO  server.RaftServerConfigKeys (ConfUtils.java:logGet(43)) - raft.server.log.statemachine.data.sync.timeout.retry = -1 (default)
2019-09-20 08:26:56,389 [pool-303-thread-1] INFO  server.RaftServerConfigKeys (ConfUtils.java:logGet(43)) - raft.server.log.statemachine.data.caching.enabled = true (custom)
2019-09-20 08:26:56,389 [pool-303-thread-1] INFO  segmented.SegmentedRaftLogWorker (SegmentedRaftLogWorker.java:lambda$new$0(132)) - 5e7c8f57-a8b0-4b60-89af-5f0214f88e99-SegmentedRaftLogWorker:Storage Directory /workdir/hadoop-ozone/ozonefs/target/test-dir/MiniOzoneClusterImpl-57a912aa-d50f-4842-9d1d-666c9a8a8226/datanode-1/data/ratis/a5c0f601-6655-446f-814d-fe86335df1f1: flushIndex: setUnconditionally 0 -> -1
2019-09-20 08:26:56,389 [pool-303-thread-1] INFO  server.RaftServerConfigKeys (ConfUtils.java:logGet(43)) - raft.server.snapshot.auto.trigger.enabled = true (custom)
2019-09-20 08:26:56,389 [pool-303-thread-1] INFO  server.RaftServerConfigKeys (ConfUtils.java:logGet(43)) - raft.server.snapshot.auto.trigger.threshold = 10000 (custom)
2019-09-20 08:26:56,389 [pool-303-thread-1] INFO  server.RaftServerConfigKeys (ConfUtils.java:logGet(43)) - raft.server.retrycache.expirytime = 600000ms (custom)
2019-09-20 08:26:56,389 [pool-303-thread-1] INFO  impl.RaftServerImpl (RaftServerImpl.java:start(180)) - 5e7c8f57-a8b0-4b60-89af-5f0214f88e99: start group-FE86335DF1F1
2019-09-20 08:26:56,390 [pool-303-thread-1] INFO  impl.RaftServerImpl (RaftServerImpl.java:setRole(171)) - 5e7c8f57-a8b0-4b60-89af-5f0214f88e99:group-FE86335DF1F1 changes role from null to FOLLOWER at term 0 for startAsFollower
2019-09-20 08:26:56,390 [pool-303-thread-1] INFO  impl.RoleInfo (RoleInfo.java:updateAndGet(143)) - 5e7c8f57-a8b0-4b60-89af-5f0214f88e99: start FollowerState
2019-09-20 08:26:56,390 [pool-303-thread-1] INFO  util.JmxRegister (JmxRegister.java:tryRegister(44)) - Successfully registered JMX Bean with object name Ratis:service=RaftServer,group=group-FE86335DF1F1,id=5e7c8f57-a8b0-4b60-89af-5f0214f88e99
2019-09-20 08:26:56,392 [RatisPipelineUtilsThread] INFO  pipeline.PipelineStateManager (PipelineStateManager.java:addPipeline(56)) - Created pipeline Pipeline[ Id: a5c0f601-6655-446f-814d-fe86335df1f1, Nodes: 5e7c8f57-a8b0-4b60-89af-5f0214f88e99{ip: 192.168.34.27, host: pr-hdds-1569-6tbh6-3362816358, networkLocation: /default-rack, certSerialId: null}, Type:RATIS, Factor:ONE, State:OPEN]
2019-09-20 08:26:56,392 [RatisPipelineUtilsThread] INFO  pipeline.PipelinePlacementPolicy (PipelinePlacementPolicy.java:meetCriteria(91)) - Pipeline Placement: Doesn't meet the criteria to be viable node： 86045968-2694-4a13-a31d-9b0ae4a485fe Heaviness: 6 limit: 5
2019-09-20 08:26:56,396 [grpc-default-executor-0] INFO  impl.RaftServerProxy (RaftServerProxy.java:addNew(89)) - 5e7c8f57-a8b0-4b60-89af-5f0214f88e99: addNew group-B11296B85058:[5e7c8f57-a8b0-4b60-89af-5f0214f88e99:192.168.34.27:45865] returns group-B11296B85058:java.util.concurrent.CompletableFuture@6f9d9dad[Not completed]
2019-09-20 08:26:56,397 [pool-303-thread-1] INFO  impl.RaftServerImpl (RaftServerImpl.java:<init>(93)) - 5e7c8f57-a8b0-4b60-89af-5f0214f88e99: new RaftServerImpl for group-B11296B85058:[5e7c8f57-a8b0-4b60-89af-5f0214f88e99:192.168.34.27:45865] with ContainerStateMachine:uninitialized
2019-09-20 08:26:56,397 [pool-303-thread-1] INFO  server.RaftServerConfigKeys (ConfUtils.java:logGet(43)) - raft.server.rpc.timeout.min = 5s (custom)
2019-09-20 08:26:56,397 [pool-303-thread-1] INFO  server.RaftServerConfigKeys (ConfUtils.java:logGet(43)) - raft.server.rpc.timeout.max = 5200ms (custom)
2019-09-20 08:26:56,397 [pool-303-thread-1] INFO  server.RaftServerConfigKeys (ConfUtils.java:logGet(43)) - raft.server.rpcslowness.timeout = 120s (custom)
2019-09-20 08:26:56,397 [pool-303-thread-1] INFO  server.RaftServerConfigKeys (ConfUtils.java:logGet(43)) - raft.server.sleep.deviation.threshold = 300 (default)
2019-09-20 08:26:56,397 [pool-303-thread-1] INFO  server.RaftServerConfigKeys (ConfUtils.java:logGet(43)) - raft.server.log.appender.install.snapshot.enabled = false (custom)
2019-09-20 08:26:56,397 [pool-303-thread-1] INFO  impl.RaftServerImpl (ServerState.java:<init>(105)) - 5e7c8f57-a8b0-4b60-89af-5f0214f88e99:group-B11296B85058 ConfigurationManager, init=-1: [5e7c8f57-a8b0-4b60-89af-5f0214f88e99:192.168.34.27:45865], old=null, confs=<EMPTY_MAP>
2019-09-20 08:26:56,397 [pool-303-thread-1] INFO  server.RaftServerConfigKeys (ConfUtils.java:logGet(43)) - raft.server.storage.dir = [/workdir/hadoop-ozone/ozonefs/target/test-dir/MiniOzoneClusterImpl-57a912aa-d50f-4842-9d1d-666c9a8a8226/datanode-1/data/ratis] (custom)
2019-09-20 08:26:56,398 [pool-303-thread-1] INFO  storage.RaftStorageDirectory (RaftStorageDirectory.java:analyzeStorage(246)) - The storage directory /workdir/hadoop-ozone/ozonefs/target/test-dir/MiniOzoneClusterImpl-57a912aa-d50f-4842-9d1d-666c9a8a8226/datanode-1/data/ratis/eb9eeb81-624f-47d4-b0e9-b11296b85058 does not exist. Creating ...
2019-09-20 08:26:56,429 [pool-303-thread-1] INFO  storage.RaftStorageDirectory (RaftStorageDirectory.java:tryLock(328)) - Lock on /workdir/hadoop-ozone/ozonefs/target/test-dir/MiniOzoneClusterImpl-57a912aa-d50f-4842-9d1d-666c9a8a8226/datanode-1/data/ratis/eb9eeb81-624f-47d4-b0e9-b11296b85058/in_use.lock acquired by nodename 28782@pr-hdds-1569-6tbh6-3362816358
2019-09-20 08:26:56,447 [pool-303-thread-1] INFO  storage.RaftStorage (RaftStorage.java:format(72)) - Storage directory /workdir/hadoop-ozone/ozonefs/target/test-dir/MiniOzoneClusterImpl-57a912aa-d50f-4842-9d1d-666c9a8a8226/datanode-1/data/ratis/eb9eeb81-624f-47d4-b0e9-b11296b85058 has been successfully formatted.
2019-09-20 08:26:56,447 [pool-303-thread-1] INFO  ratis.ContainerStateMachine (ContainerStateMachine.java:loadSnapshot(226)) - group-B11296B85058: The snapshot info is null. Setting the last applied indexto:(t:0, i:~)
2019-09-20 08:26:56,447 [pool-303-thread-1] INFO  server.RaftServerConfigKeys (ConfUtils.java:logGet(43)) - raft.server.leader.election.timeout = 120s (custom)
2019-09-20 08:26:56,447 [pool-303-thread-1] INFO  server.RaftServerConfigKeys (ConfUtils.java:logGet(43)) - raft.server.log.use.memory = false (default)
2019-09-20 08:26:56,447 [pool-303-thread-1] INFO  server.RaftServerConfigKeys (ConfUtils.java:logGet(43)) - raft.server.log.purge.gap = 1000000 (custom)
2019-09-20 08:26:56,447 [pool-303-thread-1] INFO  server.RaftServerConfigKeys (ConfUtils.java:logGet(43)) - raft.server.log.appender.buffer.byte-limit = 33554432 (custom)
2019-09-20 08:26:56,448 [pool-303-thread-1] INFO  server.RaftServerConfigKeys (ConfUtils.java:logGet(43)) - raft.server.log.segment.size.max = 1048576 (custom)
2019-09-20 08:26:56,448 [pool-303-thread-1] INFO  server.RaftServerConfigKeys (ConfUtils.java:logGet(43)) - raft.server.log.segment.cache.num.max = 2 (custom)
2019-09-20 08:26:56,448 [pool-303-thread-1] INFO  segmented.SegmentedRaftLogWorker (SegmentedRaftLogWorker.java:<init>(172)) - new 5e7c8f57-a8b0-4b60-89af-5f0214f88e99-SegmentedRaftLogWorker:Storage Directory /workdir/hadoop-ozone/ozonefs/target/test-dir/MiniOzoneClusterImpl-57a912aa-d50f-4842-9d1d-666c9a8a8226/datanode-1/data/ratis/eb9eeb81-624f-47d4-b0e9-b11296b85058 for RaftStorage:Storage Directory /workdir/hadoop-ozone/ozonefs/target/test-dir/MiniOzoneClusterImpl-57a912aa-d50f-4842-9d1d-666c9a8a8226/datanode-1/data/ratis/eb9eeb81-624f-47d4-b0e9-b11296b85058
2019-09-20 08:26:56,448 [pool-303-thread-1] INFO  server.RaftServerConfigKeys (ConfUtils.java:logGet(43)) - raft.server.log.queue.byte-limit = 2147483647 (custom)
2019-09-20 08:26:56,448 [pool-303-thread-1] INFO  server.RaftServerConfigKeys (ConfUtils.java:logGet(43)) - raft.server.log.queue.element-limit = 1024 (custom)
2019-09-20 08:26:56,448 [pool-303-thread-1] INFO  server.RaftServerConfigKeys (ConfUtils.java:logGet(43)) - raft.server.log.segment.size.max = 1048576 (custom)
2019-09-20 08:26:56,449 [pool-303-thread-1] INFO  server.RaftServerConfigKeys (ConfUtils.java:logGet(43)) - raft.server.log.preallocated.size = 16384 (custom)
2019-09-20 08:26:56,449 [pool-303-thread-1] INFO  server.RaftServerConfigKeys (ConfUtils.java:logGet(43)) - raft.server.log.write.buffer.size = 33554432 (custom)
2019-09-20 08:26:56,449 [pool-303-thread-1] INFO  server.RaftServerConfigKeys (ConfUtils.java:logGet(43)) - raft.server.log.force.sync.num = 128 (default)
2019-09-20 08:26:56,449 [pool-303-thread-1] INFO  server.RaftServerConfigKeys (ConfUtils.java:logGet(43)) - raft.server.log.statemachine.data.sync = true (default)
2019-09-20 08:26:56,449 [pool-303-thread-1] INFO  server.RaftServerConfigKeys (ConfUtils.java:logGet(43)) - raft.server.log.statemachine.data.sync.timeout = 10s (default)
2019-09-20 08:26:56,449 [pool-303-thread-1] INFO  server.RaftServerConfigKeys (ConfUtils.java:logGet(43)) - raft.server.log.statemachine.data.sync.timeout.retry = -1 (default)
2019-09-20 08:26:56,449 [pool-303-thread-1] INFO  server.RaftServerConfigKeys (ConfUtils.java:logGet(43)) - raft.server.log.statemachine.data.caching.enabled = true (custom)
2019-09-20 08:26:56,450 [pool-303-thread-1] INFO  segmented.SegmentedRaftLogWorker (SegmentedRaftLogWorker.java:lambda$new$0(132)) - 5e7c8f57-a8b0-4b60-89af-5f0214f88e99-SegmentedRaftLogWorker:Storage Directory /workdir/hadoop-ozone/ozonefs/target/test-dir/MiniOzoneClusterImpl-57a912aa-d50f-4842-9d1d-666c9a8a8226/datanode-1/data/ratis/eb9eeb81-624f-47d4-b0e9-b11296b85058: flushIndex: setUnconditionally 0 -> -1
2019-09-20 08:26:56,450 [pool-303-thread-1] INFO  server.RaftServerConfigKeys (ConfUtils.java:logGet(43)) - raft.server.snapshot.auto.trigger.enabled = true (custom)
2019-09-20 08:26:56,450 [pool-303-thread-1] INFO  server.RaftServerConfigKeys (ConfUtils.java:logGet(43)) - raft.server.snapshot.auto.trigger.threshold = 10000 (custom)
2019-09-20 08:26:56,450 [pool-303-thread-1] INFO  server.RaftServerConfigKeys (ConfUtils.java:logGet(43)) - raft.server.retrycache.expirytime = 600000ms (custom)
2019-09-20 08:26:56,451 [pool-303-thread-1] INFO  impl.RaftServerImpl (RaftServerImpl.java:start(180)) - 5e7c8f57-a8b0-4b60-89af-5f0214f88e99: start group-B11296B85058
2019-09-20 08:26:56,451 [pool-303-thread-1] INFO  impl.RaftServerImpl (RaftServerImpl.java:setRole(171)) - 5e7c8f57-a8b0-4b60-89af-5f0214f88e99:group-B11296B85058 changes role from null to FOLLOWER at term 0 for startAsFollower
2019-09-20 08:26:56,451 [pool-303-thread-1] INFO  impl.RoleInfo (RoleInfo.java:updateAndGet(143)) - 5e7c8f57-a8b0-4b60-89af-5f0214f88e99: start FollowerState
2019-09-20 08:26:56,451 [pool-303-thread-1] INFO  util.JmxRegister (JmxRegister.java:tryRegister(44)) - Successfully registered JMX Bean with object name Ratis:service=RaftServer,group=group-B11296B85058,id=5e7c8f57-a8b0-4b60-89af-5f0214f88e99
2019-09-20 08:26:56,454 [RatisPipelineUtilsThread] INFO  pipeline.PipelineStateManager (PipelineStateManager.java:addPipeline(56)) - Created pipeline Pipeline[ Id: eb9eeb81-624f-47d4-b0e9-b11296b85058, Nodes: 5e7c8f57-a8b0-4b60-89af-5f0214f88e99{ip: 192.168.34.27, host: pr-hdds-1569-6tbh6-3362816358, networkLocation: /default-rack, certSerialId: null}, Type:RATIS, Factor:ONE, State:OPEN]
2019-09-20 08:26:56,454 [RatisPipelineUtilsThread] INFO  pipeline.PipelinePlacementPolicy (PipelinePlacementPolicy.java:meetCriteria(91)) - Pipeline Placement: Doesn't meet the criteria to be viable node： 86045968-2694-4a13-a31d-9b0ae4a485fe Heaviness: 6 limit: 5
2019-09-20 08:26:56,460 [grpc-default-executor-0] INFO  impl.RaftServerProxy (RaftServerProxy.java:addNew(89)) - 5e7c8f57-a8b0-4b60-89af-5f0214f88e99: addNew group-0DB6814C3576:[5e7c8f57-a8b0-4b60-89af-5f0214f88e99:192.168.34.27:45865] returns group-0DB6814C3576:java.util.concurrent.CompletableFuture@21d3bfcb[Not completed]
2019-09-20 08:26:56,461 [pool-303-thread-1] INFO  impl.RaftServerImpl (RaftServerImpl.java:<init>(93)) - 5e7c8f57-a8b0-4b60-89af-5f0214f88e99: new RaftServerImpl for group-0DB6814C3576:[5e7c8f57-a8b0-4b60-89af-5f0214f88e99:192.168.34.27:45865] with ContainerStateMachine:uninitialized
2019-09-20 08:26:56,461 [pool-303-thread-1] INFO  server.RaftServerConfigKeys (ConfUtils.java:logGet(43)) - raft.server.rpc.timeout.min = 5s (custom)
2019-09-20 08:26:56,461 [pool-303-thread-1] INFO  server.RaftServerConfigKeys (ConfUtils.java:logGet(43)) - raft.server.rpc.timeout.max = 5200ms (custom)
2019-09-20 08:26:56,461 [pool-303-thread-1] INFO  server.RaftServerConfigKeys (ConfUtils.java:logGet(43)) - raft.server.rpcslowness.timeout = 120s (custom)
2019-09-20 08:26:56,461 [pool-303-thread-1] INFO  server.RaftServerConfigKeys (ConfUtils.java:logGet(43)) - raft.server.sleep.deviation.threshold = 300 (default)
2019-09-20 08:26:56,461 [pool-303-thread-1] INFO  server.RaftServerConfigKeys (ConfUtils.java:logGet(43)) - raft.server.log.appender.install.snapshot.enabled = false (custom)
2019-09-20 08:26:56,462 [pool-303-thread-1] INFO  impl.RaftServerImpl (ServerState.java:<init>(105)) - 5e7c8f57-a8b0-4b60-89af-5f0214f88e99:group-0DB6814C3576 ConfigurationManager, init=-1: [5e7c8f57-a8b0-4b60-89af-5f0214f88e99:192.168.34.27:45865], old=null, confs=<EMPTY_MAP>
2019-09-20 08:26:56,462 [pool-303-thread-1] INFO  server.RaftServerConfigKeys (ConfUtils.java:logGet(43)) - raft.server.storage.dir = [/workdir/hadoop-ozone/ozonefs/target/test-dir/MiniOzoneClusterImpl-57a912aa-d50f-4842-9d1d-666c9a8a8226/datanode-1/data/ratis] (custom)
2019-09-20 08:26:56,462 [pool-303-thread-1] INFO  storage.RaftStorageDirectory (RaftStorageDirectory.java:analyzeStorage(246)) - The storage directory /workdir/hadoop-ozone/ozonefs/target/test-dir/MiniOzoneClusterImpl-57a912aa-d50f-4842-9d1d-666c9a8a8226/datanode-1/data/ratis/e6271923-a42d-4bba-8e80-0db6814c3576 does not exist. Creating ...
2019-09-20 08:26:56,475 [pool-303-thread-1] INFO  storage.RaftStorageDirectory (RaftStorageDirectory.java:tryLock(328)) - Lock on /workdir/hadoop-ozone/ozonefs/target/test-dir/MiniOzoneClusterImpl-57a912aa-d50f-4842-9d1d-666c9a8a8226/datanode-1/data/ratis/e6271923-a42d-4bba-8e80-0db6814c3576/in_use.lock acquired by nodename 28782@pr-hdds-1569-6tbh6-3362816358
2019-09-20 08:26:56,488 [pool-303-thread-1] INFO  storage.RaftStorage (RaftStorage.java:format(72)) - Storage directory /workdir/hadoop-ozone/ozonefs/target/test-dir/MiniOzoneClusterImpl-57a912aa-d50f-4842-9d1d-666c9a8a8226/datanode-1/data/ratis/e6271923-a42d-4bba-8e80-0db6814c3576 has been successfully formatted.
2019-09-20 08:26:56,488 [pool-303-thread-1] INFO  ratis.ContainerStateMachine (ContainerStateMachine.java:loadSnapshot(226)) - group-0DB6814C3576: The snapshot info is null. Setting the last applied indexto:(t:0, i:~)
2019-09-20 08:26:56,488 [pool-303-thread-1] INFO  server.RaftServerConfigKeys (ConfUtils.java:logGet(43)) - raft.server.leader.election.timeout = 120s (custom)
2019-09-20 08:26:56,488 [pool-303-thread-1] INFO  server.RaftServerConfigKeys (ConfUtils.java:logGet(43)) - raft.server.log.use.memory = false (default)
2019-09-20 08:26:56,488 [pool-303-thread-1] INFO  server.RaftServerConfigKeys (ConfUtils.java:logGet(43)) - raft.server.log.purge.gap = 1000000 (custom)
2019-09-20 08:26:56,488 [pool-303-thread-1] INFO  server.RaftServerConfigKeys (ConfUtils.java:logGet(43)) - raft.server.log.appender.buffer.byte-limit = 33554432 (custom)
2019-09-20 08:26:56,489 [pool-303-thread-1] INFO  server.RaftServerConfigKeys (ConfUtils.java:logGet(43)) - raft.server.log.segment.size.max = 1048576 (custom)
2019-09-20 08:26:56,489 [pool-303-thread-1] INFO  server.RaftServerConfigKeys (ConfUtils.java:logGet(43)) - raft.server.log.segment.cache.num.max = 2 (custom)
2019-09-20 08:26:56,489 [pool-303-thread-1] INFO  segmented.SegmentedRaftLogWorker (SegmentedRaftLogWorker.java:<init>(172)) - new 5e7c8f57-a8b0-4b60-89af-5f0214f88e99-SegmentedRaftLogWorker:Storage Directory /workdir/hadoop-ozone/ozonefs/target/test-dir/MiniOzoneClusterImpl-57a912aa-d50f-4842-9d1d-666c9a8a8226/datanode-1/data/ratis/e6271923-a42d-4bba-8e80-0db6814c3576 for RaftStorage:Storage Directory /workdir/hadoop-ozone/ozonefs/target/test-dir/MiniOzoneClusterImpl-57a912aa-d50f-4842-9d1d-666c9a8a8226/datanode-1/data/ratis/e6271923-a42d-4bba-8e80-0db6814c3576
2019-09-20 08:26:56,489 [pool-303-thread-1] INFO  server.RaftServerConfigKeys (ConfUtils.java:logGet(43)) - raft.server.log.queue.byte-limit = 2147483647 (custom)
2019-09-20 08:26:56,489 [pool-303-thread-1] INFO  server.RaftServerConfigKeys (ConfUtils.java:logGet(43)) - raft.server.log.queue.element-limit = 1024 (custom)
2019-09-20 08:26:56,489 [pool-303-thread-1] INFO  server.RaftServerConfigKeys (ConfUtils.java:logGet(43)) - raft.server.log.segment.size.max = 1048576 (custom)
2019-09-20 08:26:56,489 [pool-303-thread-1] INFO  server.RaftServerConfigKeys (ConfUtils.java:logGet(43)) - raft.server.log.preallocated.size = 16384 (custom)
2019-09-20 08:26:56,489 [pool-303-thread-1] INFO  server.RaftServerConfigKeys (ConfUtils.java:logGet(43)) - raft.server.log.write.buffer.size = 33554432 (custom)
2019-09-20 08:26:56,490 [pool-303-thread-1] INFO  server.RaftServerConfigKeys (ConfUtils.java:logGet(43)) - raft.server.log.force.sync.num = 128 (default)
2019-09-20 08:26:56,490 [pool-303-thread-1] INFO  server.RaftServerConfigKeys (ConfUtils.java:logGet(43)) - raft.server.log.statemachine.data.sync = true (default)
2019-09-20 08:26:56,490 [pool-303-thread-1] INFO  server.RaftServerConfigKeys (ConfUtils.java:logGet(43)) - raft.server.log.statemachine.data.sync.timeout = 10s (default)
2019-09-20 08:26:56,490 [pool-303-thread-1] INFO  server.RaftServerConfigKeys (ConfUtils.java:logGet(43)) - raft.server.log.statemachine.data.sync.timeout.retry = -1 (default)
2019-09-20 08:26:56,490 [pool-303-thread-1] INFO  server.RaftServerConfigKeys (ConfUtils.java:logGet(43)) - raft.server.log.statemachine.data.caching.enabled = true (custom)
2019-09-20 08:26:56,490 [pool-303-thread-1] INFO  segmented.SegmentedRaftLogWorker (SegmentedRaftLogWorker.java:lambda$new$0(132)) - 5e7c8f57-a8b0-4b60-89af-5f0214f88e99-SegmentedRaftLogWorker:Storage Directory /workdir/hadoop-ozone/ozonefs/target/test-dir/MiniOzoneClusterImpl-57a912aa-d50f-4842-9d1d-666c9a8a8226/datanode-1/data/ratis/e6271923-a42d-4bba-8e80-0db6814c3576: flushIndex: setUnconditionally 0 -> -1
2019-09-20 08:26:56,491 [pool-303-thread-1] INFO  server.RaftServerConfigKeys (ConfUtils.java:logGet(43)) - raft.server.snapshot.auto.trigger.enabled = true (custom)
2019-09-20 08:26:56,491 [pool-303-thread-1] INFO  server.RaftServerConfigKeys (ConfUtils.java:logGet(43)) - raft.server.snapshot.auto.trigger.threshold = 10000 (custom)
2019-09-20 08:26:56,491 [pool-303-thread-1] INFO  server.RaftServerConfigKeys (ConfUtils.java:logGet(43)) - raft.server.retrycache.expirytime = 600000ms (custom)
2019-09-20 08:26:56,491 [pool-303-thread-1] INFO  impl.RaftServerImpl (RaftServerImpl.java:start(180)) - 5e7c8f57-a8b0-4b60-89af-5f0214f88e99: start group-0DB6814C3576
2019-09-20 08:26:56,491 [pool-303-thread-1] INFO  impl.RaftServerImpl (RaftServerImpl.java:setRole(171)) - 5e7c8f57-a8b0-4b60-89af-5f0214f88e99:group-0DB6814C3576 changes role from null to FOLLOWER at term 0 for startAsFollower
2019-09-20 08:26:56,491 [pool-303-thread-1] INFO  impl.RoleInfo (RoleInfo.java:updateAndGet(143)) - 5e7c8f57-a8b0-4b60-89af-5f0214f88e99: start FollowerState
2019-09-20 08:26:56,492 [pool-303-thread-1] INFO  util.JmxRegister (JmxRegister.java:tryRegister(44)) - Successfully registered JMX Bean with object name Ratis:service=RaftServer,group=group-0DB6814C3576,id=5e7c8f57-a8b0-4b60-89af-5f0214f88e99
2019-09-20 08:26:56,495 [RatisPipelineUtilsThread] INFO  pipeline.PipelineStateManager (PipelineStateManager.java:addPipeline(56)) - Created pipeline Pipeline[ Id: e6271923-a42d-4bba-8e80-0db6814c3576, Nodes: 5e7c8f57-a8b0-4b60-89af-5f0214f88e99{ip: 192.168.34.27, host: pr-hdds-1569-6tbh6-3362816358, networkLocation: /default-rack, certSerialId: null}, Type:RATIS, Factor:ONE, State:OPEN]
2019-09-20 08:26:56,495 [RatisPipelineUtilsThread] INFO  pipeline.PipelinePlacementPolicy (PipelinePlacementPolicy.java:meetCriteria(91)) - Pipeline Placement: Doesn't meet the criteria to be viable node： 86045968-2694-4a13-a31d-9b0ae4a485fe Heaviness: 6 limit: 5
2019-09-20 08:26:56,495 [RatisPipelineUtilsThread] INFO  pipeline.PipelinePlacementPolicy (PipelinePlacementPolicy.java:meetCriteria(91)) - Pipeline Placement: Doesn't meet the criteria to be viable node： 5e7c8f57-a8b0-4b60-89af-5f0214f88e99 Heaviness: 6 limit: 5
2019-09-20 08:26:56,495 [RatisPipelineUtilsThread] ERROR pipeline.PipelinePlacementPolicy (PipelinePlacementPolicy.java:filterViableNodes(148)) - Unable to find enough nodes that meet the criteria that cannot engage in more than 5 pipelines. Nodes required: 1 Found: 0, healthy nodes count inNodeManager: 2.
2019-09-20 08:26:56,495 [RatisPipelineUtilsThread] ERROR pipeline.SCMPipelineManager (SCMPipelineManager.java:createPipeline(161)) - Pipeline creation failed due to exception: Unable to find enough nodes that meet the criteria that cannot engage in more than 5 pipelines. Nodes required: 1 Found: 0, healthy nodes count inNodeManager: 2.
2019-09-20 08:26:56,496 [RatisPipelineUtilsThread] ERROR pipeline.PipelinePlacementPolicy (PipelinePlacementPolicy.java:filterViableNodes(131)) - Not enough healthy nodes to allocate pipeline. 3  datanodes required. Found 2
2019-09-20 08:26:56,496 [RatisPipelineUtilsThread] ERROR pipeline.SCMPipelineManager (SCMPipelineManager.java:createPipeline(161)) - Pipeline creation failed due to exception: Not enough healthy nodes to allocate pipeline. 3  datanodes required. Found 2
2019-09-20 08:26:56,496 [RatisPipelineUtilsThread] INFO  pipeline.PipelinePlacementPolicy (PipelinePlacementPolicy.java:meetCriteria(91)) - Pipeline Placement: Doesn't meet the criteria to be viable node： 86045968-2694-4a13-a31d-9b0ae4a485fe Heaviness: 6 limit: 5
2019-09-20 08:26:56,496 [RatisPipelineUtilsThread] INFO  pipeline.PipelinePlacementPolicy (PipelinePlacementPolicy.java:meetCriteria(91)) - Pipeline Placement: Doesn't meet the criteria to be viable node： 5e7c8f57-a8b0-4b60-89af-5f0214f88e99 Heaviness: 6 limit: 5
2019-09-20 08:26:56,496 [RatisPipelineUtilsThread] ERROR pipeline.PipelinePlacementPolicy (PipelinePlacementPolicy.java:filterViableNodes(148)) - Unable to find enough nodes that meet the criteria that cannot engage in more than 5 pipelines. Nodes required: 1 Found: 0, healthy nodes count inNodeManager: 2.
2019-09-20 08:26:56,497 [RatisPipelineUtilsThread] ERROR pipeline.SCMPipelineManager (SCMPipelineManager.java:createPipeline(161)) - Pipeline creation failed due to exception: Unable to find enough nodes that meet the criteria that cannot engage in more than 5 pipelines. Nodes required: 1 Found: 0, healthy nodes count inNodeManager: 2.
2019-09-20 08:26:56,497 [RatisPipelineUtilsThread] ERROR pipeline.PipelinePlacementPolicy (PipelinePlacementPolicy.java:filterViableNodes(131)) - Not enough healthy nodes to allocate pipeline. 3  datanodes required. Found 2
2019-09-20 08:26:56,497 [RatisPipelineUtilsThread] ERROR pipeline.SCMPipelineManager (SCMPipelineManager.java:createPipeline(161)) - Pipeline creation failed due to exception: Not enough healthy nodes to allocate pipeline. 3  datanodes required. Found 2
2019-09-20 08:26:56,567 [Thread-1336] INFO  ozone.MiniOzoneClusterImpl (MiniOzoneClusterImpl.java:lambda$waitForClusterToBeReady$0(142)) - Waiting for cluster to be ready. Got 2 of 3 DN Heartbeats.
2019-09-20 08:26:56,568 [IPC Server handler 1 on 45342] INFO  net.NetworkTopology (NetworkTopologyImpl.java:add(110)) - Added a new node: /default-rack/1472a92e-7a5d-4f8d-b736-5dc5de02f163
2019-09-20 08:26:56,568 [IPC Server handler 1 on 45342] INFO  node.SCMNodeManager (SCMNodeManager.java:register(273)) - Registered Data node : 1472a92e-7a5d-4f8d-b736-5dc5de02f163{ip: 192.168.34.27, host: pr-hdds-1569-6tbh6-3362816358, networkLocation: /default-rack, certSerialId: null}
2019-09-20 08:26:56,568 [RatisPipelineUtilsThread] INFO  pipeline.PipelinePlacementPolicy (PipelinePlacementPolicy.java:meetCriteria(91)) - Pipeline Placement: Doesn't meet the criteria to be viable node： 86045968-2694-4a13-a31d-9b0ae4a485fe Heaviness: 6 limit: 5
2019-09-20 08:26:56,569 | INFO  | SCMAudit | user=jenkins1000 | ip=192.168.34.27 | op=REGISTER {datanodeDetails=1472a92e-7a5d-4f8d-b736-5dc5de02f163{ip: 192.168.34.27, host: pr-hdds-1569-6tbh6-3362816358, networkLocation: /default-rack, certSerialId: null}} | ret=SUCCESS |  
2019-09-20 08:26:56,569 [RatisPipelineUtilsThread] INFO  pipeline.PipelinePlacementPolicy (PipelinePlacementPolicy.java:meetCriteria(91)) - Pipeline Placement: Doesn't meet the criteria to be viable node： 5e7c8f57-a8b0-4b60-89af-5f0214f88e99 Heaviness: 6 limit: 5
2019-09-20 08:26:56,578 [grpc-default-executor-0] INFO  impl.RaftServerProxy (RaftServerProxy.java:addNew(89)) - 1472a92e-7a5d-4f8d-b736-5dc5de02f163: addNew group-1BA396DDB63F:[1472a92e-7a5d-4f8d-b736-5dc5de02f163:192.168.34.27:33744] returns group-1BA396DDB63F:java.util.concurrent.CompletableFuture@13148906[Not completed]
2019-09-20 08:26:56,579 [pool-314-thread-1] INFO  impl.RaftServerImpl (RaftServerImpl.java:<init>(93)) - 1472a92e-7a5d-4f8d-b736-5dc5de02f163: new RaftServerImpl for group-1BA396DDB63F:[1472a92e-7a5d-4f8d-b736-5dc5de02f163:192.168.34.27:33744] with ContainerStateMachine:uninitialized
2019-09-20 08:26:56,580 [pool-314-thread-1] INFO  server.RaftServerConfigKeys (ConfUtils.java:logGet(43)) - raft.server.rpc.timeout.min = 5s (custom)
2019-09-20 08:26:56,580 [pool-314-thread-1] INFO  server.RaftServerConfigKeys (ConfUtils.java:logGet(43)) - raft.server.rpc.timeout.max = 5200ms (custom)
2019-09-20 08:26:56,580 [pool-314-thread-1] INFO  server.RaftServerConfigKeys (ConfUtils.java:logGet(43)) - raft.server.rpcslowness.timeout = 120s (custom)
2019-09-20 08:26:56,580 [pool-314-thread-1] INFO  server.RaftServerConfigKeys (ConfUtils.java:logGet(43)) - raft.server.sleep.deviation.threshold = 300 (default)
2019-09-20 08:26:56,580 [pool-314-thread-1] INFO  server.RaftServerConfigKeys (ConfUtils.java:logGet(43)) - raft.server.log.appender.install.snapshot.enabled = false (custom)
2019-09-20 08:26:56,580 [pool-314-thread-1] INFO  impl.RaftServerImpl (ServerState.java:<init>(105)) - 1472a92e-7a5d-4f8d-b736-5dc5de02f163:group-1BA396DDB63F ConfigurationManager, init=-1: [1472a92e-7a5d-4f8d-b736-5dc5de02f163:192.168.34.27:33744], old=null, confs=<EMPTY_MAP>
2019-09-20 08:26:56,580 [pool-314-thread-1] INFO  server.RaftServerConfigKeys (ConfUtils.java:logGet(43)) - raft.server.storage.dir = [/workdir/hadoop-ozone/ozonefs/target/test-dir/MiniOzoneClusterImpl-57a912aa-d50f-4842-9d1d-666c9a8a8226/datanode-2/data/ratis] (custom)
2019-09-20 08:26:56,581 [pool-314-thread-1] INFO  storage.RaftStorageDirectory (RaftStorageDirectory.java:analyzeStorage(246)) - The storage directory /workdir/hadoop-ozone/ozonefs/target/test-dir/MiniOzoneClusterImpl-57a912aa-d50f-4842-9d1d-666c9a8a8226/datanode-2/data/ratis/ac8c9418-6d34-44ad-9540-1ba396ddb63f does not exist. Creating ...
2019-09-20 08:26:56,602 [pool-314-thread-1] INFO  storage.RaftStorageDirectory (RaftStorageDirectory.java:tryLock(328)) - Lock on /workdir/hadoop-ozone/ozonefs/target/test-dir/MiniOzoneClusterImpl-57a912aa-d50f-4842-9d1d-666c9a8a8226/datanode-2/data/ratis/ac8c9418-6d34-44ad-9540-1ba396ddb63f/in_use.lock acquired by nodename 28782@pr-hdds-1569-6tbh6-3362816358
2019-09-20 08:26:56,615 [pool-314-thread-1] INFO  storage.RaftStorage (RaftStorage.java:format(72)) - Storage directory /workdir/hadoop-ozone/ozonefs/target/test-dir/MiniOzoneClusterImpl-57a912aa-d50f-4842-9d1d-666c9a8a8226/datanode-2/data/ratis/ac8c9418-6d34-44ad-9540-1ba396ddb63f has been successfully formatted.
2019-09-20 08:26:56,616 [pool-314-thread-1] INFO  ratis.ContainerStateMachine (ContainerStateMachine.java:loadSnapshot(226)) - group-1BA396DDB63F: The snapshot info is null. Setting the last applied indexto:(t:0, i:~)
2019-09-20 08:26:56,616 [pool-314-thread-1] INFO  server.RaftServerConfigKeys (ConfUtils.java:logGet(43)) - raft.server.leader.election.timeout = 120s (custom)
2019-09-20 08:26:56,616 [pool-314-thread-1] INFO  server.RaftServerConfigKeys (ConfUtils.java:logGet(43)) - raft.server.log.use.memory = false (default)
2019-09-20 08:26:56,616 [pool-314-thread-1] INFO  server.RaftServerConfigKeys (ConfUtils.java:logGet(43)) - raft.server.log.purge.gap = 1000000 (custom)
2019-09-20 08:26:56,617 [pool-314-thread-1] INFO  server.RaftServerConfigKeys (ConfUtils.java:logGet(43)) - raft.server.log.appender.buffer.byte-limit = 33554432 (custom)
2019-09-20 08:26:56,617 [pool-314-thread-1] INFO  server.RaftServerConfigKeys (ConfUtils.java:logGet(43)) - raft.server.log.segment.size.max = 1048576 (custom)
2019-09-20 08:26:56,617 [pool-314-thread-1] INFO  server.RaftServerConfigKeys (ConfUtils.java:logGet(43)) - raft.server.log.segment.cache.num.max = 2 (custom)
2019-09-20 08:26:56,617 [pool-314-thread-1] INFO  segmented.SegmentedRaftLogWorker (SegmentedRaftLogWorker.java:<init>(172)) - new 1472a92e-7a5d-4f8d-b736-5dc5de02f163-SegmentedRaftLogWorker:Storage Directory /workdir/hadoop-ozone/ozonefs/target/test-dir/MiniOzoneClusterImpl-57a912aa-d50f-4842-9d1d-666c9a8a8226/datanode-2/data/ratis/ac8c9418-6d34-44ad-9540-1ba396ddb63f for RaftStorage:Storage Directory /workdir/hadoop-ozone/ozonefs/target/test-dir/MiniOzoneClusterImpl-57a912aa-d50f-4842-9d1d-666c9a8a8226/datanode-2/data/ratis/ac8c9418-6d34-44ad-9540-1ba396ddb63f
2019-09-20 08:26:56,618 [pool-314-thread-1] INFO  server.RaftServerConfigKeys (ConfUtils.java:logGet(43)) - raft.server.log.queue.byte-limit = 2147483647 (custom)
2019-09-20 08:26:56,618 [pool-314-thread-1] INFO  server.RaftServerConfigKeys (ConfUtils.java:logGet(43)) - raft.server.log.queue.element-limit = 1024 (custom)
2019-09-20 08:26:56,618 [pool-314-thread-1] INFO  server.RaftServerConfigKeys (ConfUtils.java:logGet(43)) - raft.server.log.segment.size.max = 1048576 (custom)
2019-09-20 08:26:56,619 [pool-314-thread-1] INFO  server.RaftServerConfigKeys (ConfUtils.java:logGet(43)) - raft.server.log.preallocated.size = 16384 (custom)
2019-09-20 08:26:56,619 [pool-314-thread-1] INFO  server.RaftServerConfigKeys (ConfUtils.java:logGet(43)) - raft.server.log.write.buffer.size = 33554432 (custom)
2019-09-20 08:26:56,619 [pool-314-thread-1] INFO  server.RaftServerConfigKeys (ConfUtils.java:logGet(43)) - raft.server.log.force.sync.num = 128 (default)
2019-09-20 08:26:56,619 [pool-314-thread-1] INFO  server.RaftServerConfigKeys (ConfUtils.java:logGet(43)) - raft.server.log.statemachine.data.sync = true (default)
2019-09-20 08:26:56,620 [pool-314-thread-1] INFO  server.RaftServerConfigKeys (ConfUtils.java:logGet(43)) - raft.server.log.statemachine.data.sync.timeout = 10s (default)
2019-09-20 08:26:56,620 [pool-314-thread-1] INFO  server.RaftServerConfigKeys (ConfUtils.java:logGet(43)) - raft.server.log.statemachine.data.sync.timeout.retry = -1 (default)
2019-09-20 08:26:56,620 [pool-314-thread-1] INFO  server.RaftServerConfigKeys (ConfUtils.java:logGet(43)) - raft.server.log.statemachine.data.caching.enabled = true (custom)
2019-09-20 08:26:56,621 [pool-314-thread-1] INFO  segmented.SegmentedRaftLogWorker (SegmentedRaftLogWorker.java:lambda$new$0(132)) - 1472a92e-7a5d-4f8d-b736-5dc5de02f163-SegmentedRaftLogWorker:Storage Directory /workdir/hadoop-ozone/ozonefs/target/test-dir/MiniOzoneClusterImpl-57a912aa-d50f-4842-9d1d-666c9a8a8226/datanode-2/data/ratis/ac8c9418-6d34-44ad-9540-1ba396ddb63f: flushIndex: setUnconditionally 0 -> -1
2019-09-20 08:26:56,621 [pool-314-thread-1] INFO  server.RaftServerConfigKeys (ConfUtils.java:logGet(43)) - raft.server.snapshot.auto.trigger.enabled = true (custom)
2019-09-20 08:26:56,622 [pool-314-thread-1] INFO  server.RaftServerConfigKeys (ConfUtils.java:logGet(43)) - raft.server.snapshot.auto.trigger.threshold = 10000 (custom)
2019-09-20 08:26:56,622 [pool-314-thread-1] INFO  server.RaftServerConfigKeys (ConfUtils.java:logGet(43)) - raft.server.retrycache.expirytime = 600000ms (custom)
2019-09-20 08:26:56,622 [pool-314-thread-1] INFO  impl.RaftServerImpl (RaftServerImpl.java:start(180)) - 1472a92e-7a5d-4f8d-b736-5dc5de02f163: start group-1BA396DDB63F
2019-09-20 08:26:56,622 [pool-314-thread-1] INFO  impl.RaftServerImpl (RaftServerImpl.java:setRole(171)) - 1472a92e-7a5d-4f8d-b736-5dc5de02f163:group-1BA396DDB63F changes role from null to FOLLOWER at term 0 for startAsFollower
2019-09-20 08:26:56,623 [pool-314-thread-1] INFO  impl.RoleInfo (RoleInfo.java:updateAndGet(143)) - 1472a92e-7a5d-4f8d-b736-5dc5de02f163: start FollowerState
2019-09-20 08:26:56,623 [pool-314-thread-1] INFO  util.JmxRegister (JmxRegister.java:tryRegister(44)) - Successfully registered JMX Bean with object name Ratis:service=RaftServer,group=group-1BA396DDB63F,id=1472a92e-7a5d-4f8d-b736-5dc5de02f163
2019-09-20 08:26:56,627 [RatisPipelineUtilsThread] INFO  pipeline.PipelineStateManager (PipelineStateManager.java:addPipeline(56)) - Created pipeline Pipeline[ Id: ac8c9418-6d34-44ad-9540-1ba396ddb63f, Nodes: 1472a92e-7a5d-4f8d-b736-5dc5de02f163{ip: 192.168.34.27, host: pr-hdds-1569-6tbh6-3362816358, networkLocation: /default-rack, certSerialId: null}, Type:RATIS, Factor:ONE, State:OPEN]
2019-09-20 08:26:56,627 [RatisPipelineUtilsThread] INFO  pipeline.PipelinePlacementPolicy (PipelinePlacementPolicy.java:meetCriteria(91)) - Pipeline Placement: Doesn't meet the criteria to be viable node： 86045968-2694-4a13-a31d-9b0ae4a485fe Heaviness: 6 limit: 5
2019-09-20 08:26:56,627 [RatisPipelineUtilsThread] INFO  pipeline.PipelinePlacementPolicy (PipelinePlacementPolicy.java:meetCriteria(91)) - Pipeline Placement: Doesn't meet the criteria to be viable node： 5e7c8f57-a8b0-4b60-89af-5f0214f88e99 Heaviness: 6 limit: 5
2019-09-20 08:26:56,633 [grpc-default-executor-0] INFO  impl.RaftServerProxy (RaftServerProxy.java:addNew(89)) - 1472a92e-7a5d-4f8d-b736-5dc5de02f163: addNew group-FD5796566ECC:[1472a92e-7a5d-4f8d-b736-5dc5de02f163:192.168.34.27:33744] returns group-FD5796566ECC:java.util.concurrent.CompletableFuture@7485d968[Not completed]
2019-09-20 08:26:56,635 [pool-314-thread-1] INFO  impl.RaftServerImpl (RaftServerImpl.java:<init>(93)) - 1472a92e-7a5d-4f8d-b736-5dc5de02f163: new RaftServerImpl for group-FD5796566ECC:[1472a92e-7a5d-4f8d-b736-5dc5de02f163:192.168.34.27:33744] with ContainerStateMachine:uninitialized
2019-09-20 08:26:56,635 [pool-314-thread-1] INFO  server.RaftServerConfigKeys (ConfUtils.java:logGet(43)) - raft.server.rpc.timeout.min = 5s (custom)
2019-09-20 08:26:56,635 [pool-314-thread-1] INFO  server.RaftServerConfigKeys (ConfUtils.java:logGet(43)) - raft.server.rpc.timeout.max = 5200ms (custom)
2019-09-20 08:26:56,635 [pool-314-thread-1] INFO  server.RaftServerConfigKeys (ConfUtils.java:logGet(43)) - raft.server.rpcslowness.timeout = 120s (custom)
2019-09-20 08:26:56,636 [pool-314-thread-1] INFO  server.RaftServerConfigKeys (ConfUtils.java:logGet(43)) - raft.server.sleep.deviation.threshold = 300 (default)
2019-09-20 08:26:56,636 [pool-314-thread-1] INFO  server.RaftServerConfigKeys (ConfUtils.java:logGet(43)) - raft.server.log.appender.install.snapshot.enabled = false (custom)
2019-09-20 08:26:56,636 [pool-314-thread-1] INFO  impl.RaftServerImpl (ServerState.java:<init>(105)) - 1472a92e-7a5d-4f8d-b736-5dc5de02f163:group-FD5796566ECC ConfigurationManager, init=-1: [1472a92e-7a5d-4f8d-b736-5dc5de02f163:192.168.34.27:33744], old=null, confs=<EMPTY_MAP>
2019-09-20 08:26:56,636 [pool-314-thread-1] INFO  server.RaftServerConfigKeys (ConfUtils.java:logGet(43)) - raft.server.storage.dir = [/workdir/hadoop-ozone/ozonefs/target/test-dir/MiniOzoneClusterImpl-57a912aa-d50f-4842-9d1d-666c9a8a8226/datanode-2/data/ratis] (custom)
2019-09-20 08:26:56,637 [pool-314-thread-1] INFO  storage.RaftStorageDirectory (RaftStorageDirectory.java:analyzeStorage(246)) - The storage directory /workdir/hadoop-ozone/ozonefs/target/test-dir/MiniOzoneClusterImpl-57a912aa-d50f-4842-9d1d-666c9a8a8226/datanode-2/data/ratis/7ad9ccd2-f76c-49f9-b496-fd5796566ecc does not exist. Creating ...
2019-09-20 08:26:56,650 [pool-314-thread-1] INFO  storage.RaftStorageDirectory (RaftStorageDirectory.java:tryLock(328)) - Lock on /workdir/hadoop-ozone/ozonefs/target/test-dir/MiniOzoneClusterImpl-57a912aa-d50f-4842-9d1d-666c9a8a8226/datanode-2/data/ratis/7ad9ccd2-f76c-49f9-b496-fd5796566ecc/in_use.lock acquired by nodename 28782@pr-hdds-1569-6tbh6-3362816358
2019-09-20 08:26:56,667 [pool-314-thread-1] INFO  storage.RaftStorage (RaftStorage.java:format(72)) - Storage directory /workdir/hadoop-ozone/ozonefs/target/test-dir/MiniOzoneClusterImpl-57a912aa-d50f-4842-9d1d-666c9a8a8226/datanode-2/data/ratis/7ad9ccd2-f76c-49f9-b496-fd5796566ecc has been successfully formatted.
2019-09-20 08:26:56,667 [pool-314-thread-1] INFO  ratis.ContainerStateMachine (ContainerStateMachine.java:loadSnapshot(226)) - group-FD5796566ECC: The snapshot info is null. Setting the last applied indexto:(t:0, i:~)
2019-09-20 08:26:56,667 [pool-314-thread-1] INFO  server.RaftServerConfigKeys (ConfUtils.java:logGet(43)) - raft.server.leader.election.timeout = 120s (custom)
2019-09-20 08:26:56,667 [pool-314-thread-1] INFO  server.RaftServerConfigKeys (ConfUtils.java:logGet(43)) - raft.server.log.use.memory = false (default)
2019-09-20 08:26:56,667 [pool-314-thread-1] INFO  server.RaftServerConfigKeys (ConfUtils.java:logGet(43)) - raft.server.log.purge.gap = 1000000 (custom)
2019-09-20 08:26:56,668 [pool-314-thread-1] INFO  server.RaftServerConfigKeys (ConfUtils.java:logGet(43)) - raft.server.log.appender.buffer.byte-limit = 33554432 (custom)
2019-09-20 08:26:56,668 [pool-314-thread-1] INFO  server.RaftServerConfigKeys (ConfUtils.java:logGet(43)) - raft.server.log.segment.size.max = 1048576 (custom)
2019-09-20 08:26:56,668 [pool-314-thread-1] INFO  server.RaftServerConfigKeys (ConfUtils.java:logGet(43)) - raft.server.log.segment.cache.num.max = 2 (custom)
2019-09-20 08:26:56,668 [pool-314-thread-1] INFO  segmented.SegmentedRaftLogWorker (SegmentedRaftLogWorker.java:<init>(172)) - new 1472a92e-7a5d-4f8d-b736-5dc5de02f163-SegmentedRaftLogWorker:Storage Directory /workdir/hadoop-ozone/ozonefs/target/test-dir/MiniOzoneClusterImpl-57a912aa-d50f-4842-9d1d-666c9a8a8226/datanode-2/data/ratis/7ad9ccd2-f76c-49f9-b496-fd5796566ecc for RaftStorage:Storage Directory /workdir/hadoop-ozone/ozonefs/target/test-dir/MiniOzoneClusterImpl-57a912aa-d50f-4842-9d1d-666c9a8a8226/datanode-2/data/ratis/7ad9ccd2-f76c-49f9-b496-fd5796566ecc
2019-09-20 08:26:56,668 [pool-314-thread-1] INFO  server.RaftServerConfigKeys (ConfUtils.java:logGet(43)) - raft.server.log.queue.byte-limit = 2147483647 (custom)
2019-09-20 08:26:56,669 [pool-314-thread-1] INFO  server.RaftServerConfigKeys (ConfUtils.java:logGet(43)) - raft.server.log.queue.element-limit = 1024 (custom)
2019-09-20 08:26:56,669 [pool-314-thread-1] INFO  server.RaftServerConfigKeys (ConfUtils.java:logGet(43)) - raft.server.log.segment.size.max = 1048576 (custom)
2019-09-20 08:26:56,669 [pool-314-thread-1] INFO  server.RaftServerConfigKeys (ConfUtils.java:logGet(43)) - raft.server.log.preallocated.size = 16384 (custom)
2019-09-20 08:26:56,669 [pool-314-thread-1] INFO  server.RaftServerConfigKeys (ConfUtils.java:logGet(43)) - raft.server.log.write.buffer.size = 33554432 (custom)
2019-09-20 08:26:56,669 [pool-314-thread-1] INFO  server.RaftServerConfigKeys (ConfUtils.java:logGet(43)) - raft.server.log.force.sync.num = 128 (default)
2019-09-20 08:26:56,670 [pool-314-thread-1] INFO  server.RaftServerConfigKeys (ConfUtils.java:logGet(43)) - raft.server.log.statemachine.data.sync = true (default)
2019-09-20 08:26:56,670 [pool-314-thread-1] INFO  server.RaftServerConfigKeys (ConfUtils.java:logGet(43)) - raft.server.log.statemachine.data.sync.timeout = 10s (default)
2019-09-20 08:26:56,670 [pool-314-thread-1] INFO  server.RaftServerConfigKeys (ConfUtils.java:logGet(43)) - raft.server.log.statemachine.data.sync.timeout.retry = -1 (default)
2019-09-20 08:26:56,670 [pool-314-thread-1] INFO  server.RaftServerConfigKeys (ConfUtils.java:logGet(43)) - raft.server.log.statemachine.data.caching.enabled = true (custom)
2019-09-20 08:26:56,671 [pool-314-thread-1] INFO  segmented.SegmentedRaftLogWorker (SegmentedRaftLogWorker.java:lambda$new$0(132)) - 1472a92e-7a5d-4f8d-b736-5dc5de02f163-SegmentedRaftLogWorker:Storage Directory /workdir/hadoop-ozone/ozonefs/target/test-dir/MiniOzoneClusterImpl-57a912aa-d50f-4842-9d1d-666c9a8a8226/datanode-2/data/ratis/7ad9ccd2-f76c-49f9-b496-fd5796566ecc: flushIndex: setUnconditionally 0 -> -1
2019-09-20 08:26:56,671 [pool-314-thread-1] INFO  server.RaftServerConfigKeys (ConfUtils.java:logGet(43)) - raft.server.snapshot.auto.trigger.enabled = true (custom)
2019-09-20 08:26:56,671 [pool-314-thread-1] INFO  server.RaftServerConfigKeys (ConfUtils.java:logGet(43)) - raft.server.snapshot.auto.trigger.threshold = 10000 (custom)
2019-09-20 08:26:56,671 [pool-314-thread-1] INFO  server.RaftServerConfigKeys (ConfUtils.java:logGet(43)) - raft.server.retrycache.expirytime = 600000ms (custom)
2019-09-20 08:26:56,672 [pool-314-thread-1] INFO  impl.RaftServerImpl (RaftServerImpl.java:start(180)) - 1472a92e-7a5d-4f8d-b736-5dc5de02f163: start group-FD5796566ECC
2019-09-20 08:26:56,672 [pool-314-thread-1] INFO  impl.RaftServerImpl (RaftServerImpl.java:setRole(171)) - 1472a92e-7a5d-4f8d-b736-5dc5de02f163:group-FD5796566ECC changes role from null to FOLLOWER at term 0 for startAsFollower
2019-09-20 08:26:56,672 [pool-314-thread-1] INFO  impl.RoleInfo (RoleInfo.java:updateAndGet(143)) - 1472a92e-7a5d-4f8d-b736-5dc5de02f163: start FollowerState
2019-09-20 08:26:56,673 [pool-314-thread-1] INFO  util.JmxRegister (JmxRegister.java:tryRegister(44)) - Successfully registered JMX Bean with object name Ratis:service=RaftServer,group=group-FD5796566ECC,id=1472a92e-7a5d-4f8d-b736-5dc5de02f163
2019-09-20 08:26:56,675 [RatisPipelineUtilsThread] INFO  pipeline.PipelineStateManager (PipelineStateManager.java:addPipeline(56)) - Created pipeline Pipeline[ Id: 7ad9ccd2-f76c-49f9-b496-fd5796566ecc, Nodes: 1472a92e-7a5d-4f8d-b736-5dc5de02f163{ip: 192.168.34.27, host: pr-hdds-1569-6tbh6-3362816358, networkLocation: /default-rack, certSerialId: null}, Type:RATIS, Factor:ONE, State:OPEN]
2019-09-20 08:26:56,675 [RatisPipelineUtilsThread] INFO  pipeline.PipelinePlacementPolicy (PipelinePlacementPolicy.java:meetCriteria(91)) - Pipeline Placement: Doesn't meet the criteria to be viable node： 86045968-2694-4a13-a31d-9b0ae4a485fe Heaviness: 6 limit: 5
2019-09-20 08:26:56,676 [RatisPipelineUtilsThread] INFO  pipeline.PipelinePlacementPolicy (PipelinePlacementPolicy.java:meetCriteria(91)) - Pipeline Placement: Doesn't meet the criteria to be viable node： 5e7c8f57-a8b0-4b60-89af-5f0214f88e99 Heaviness: 6 limit: 5
2019-09-20 08:26:56,681 [grpc-default-executor-0] INFO  impl.RaftServerProxy (RaftServerProxy.java:addNew(89)) - 1472a92e-7a5d-4f8d-b736-5dc5de02f163: addNew group-689A2281E1A5:[1472a92e-7a5d-4f8d-b736-5dc5de02f163:192.168.34.27:33744] returns group-689A2281E1A5:java.util.concurrent.CompletableFuture@7acc9f7[Not completed]
2019-09-20 08:26:56,683 [pool-314-thread-1] INFO  impl.RaftServerImpl (RaftServerImpl.java:<init>(93)) - 1472a92e-7a5d-4f8d-b736-5dc5de02f163: new RaftServerImpl for group-689A2281E1A5:[1472a92e-7a5d-4f8d-b736-5dc5de02f163:192.168.34.27:33744] with ContainerStateMachine:uninitialized
2019-09-20 08:26:56,683 [pool-314-thread-1] INFO  server.RaftServerConfigKeys (ConfUtils.java:logGet(43)) - raft.server.rpc.timeout.min = 5s (custom)
2019-09-20 08:26:56,683 [pool-314-thread-1] INFO  server.RaftServerConfigKeys (ConfUtils.java:logGet(43)) - raft.server.rpc.timeout.max = 5200ms (custom)
2019-09-20 08:26:56,683 [pool-314-thread-1] INFO  server.RaftServerConfigKeys (ConfUtils.java:logGet(43)) - raft.server.rpcslowness.timeout = 120s (custom)
2019-09-20 08:26:56,683 [pool-314-thread-1] INFO  server.RaftServerConfigKeys (ConfUtils.java:logGet(43)) - raft.server.sleep.deviation.threshold = 300 (default)
2019-09-20 08:26:56,683 [pool-314-thread-1] INFO  server.RaftServerConfigKeys (ConfUtils.java:logGet(43)) - raft.server.log.appender.install.snapshot.enabled = false (custom)
2019-09-20 08:26:56,684 [pool-314-thread-1] INFO  impl.RaftServerImpl (ServerState.java:<init>(105)) - 1472a92e-7a5d-4f8d-b736-5dc5de02f163:group-689A2281E1A5 ConfigurationManager, init=-1: [1472a92e-7a5d-4f8d-b736-5dc5de02f163:192.168.34.27:33744], old=null, confs=<EMPTY_MAP>
2019-09-20 08:26:56,684 [pool-314-thread-1] INFO  server.RaftServerConfigKeys (ConfUtils.java:logGet(43)) - raft.server.storage.dir = [/workdir/hadoop-ozone/ozonefs/target/test-dir/MiniOzoneClusterImpl-57a912aa-d50f-4842-9d1d-666c9a8a8226/datanode-2/data/ratis] (custom)
2019-09-20 08:26:56,684 [pool-314-thread-1] INFO  storage.RaftStorageDirectory (RaftStorageDirectory.java:analyzeStorage(246)) - The storage directory /workdir/hadoop-ozone/ozonefs/target/test-dir/MiniOzoneClusterImpl-57a912aa-d50f-4842-9d1d-666c9a8a8226/datanode-2/data/ratis/ddf61628-c8be-4347-9d95-689a2281e1a5 does not exist. Creating ...
2019-09-20 08:26:56,697 [pool-314-thread-1] INFO  storage.RaftStorageDirectory (RaftStorageDirectory.java:tryLock(328)) - Lock on /workdir/hadoop-ozone/ozonefs/target/test-dir/MiniOzoneClusterImpl-57a912aa-d50f-4842-9d1d-666c9a8a8226/datanode-2/data/ratis/ddf61628-c8be-4347-9d95-689a2281e1a5/in_use.lock acquired by nodename 28782@pr-hdds-1569-6tbh6-3362816358
2019-09-20 08:26:56,711 [pool-314-thread-1] INFO  storage.RaftStorage (RaftStorage.java:format(72)) - Storage directory /workdir/hadoop-ozone/ozonefs/target/test-dir/MiniOzoneClusterImpl-57a912aa-d50f-4842-9d1d-666c9a8a8226/datanode-2/data/ratis/ddf61628-c8be-4347-9d95-689a2281e1a5 has been successfully formatted.
2019-09-20 08:26:56,711 [pool-314-thread-1] INFO  ratis.ContainerStateMachine (ContainerStateMachine.java:loadSnapshot(226)) - group-689A2281E1A5: The snapshot info is null. Setting the last applied indexto:(t:0, i:~)
2019-09-20 08:26:56,711 [pool-314-thread-1] INFO  server.RaftServerConfigKeys (ConfUtils.java:logGet(43)) - raft.server.leader.election.timeout = 120s (custom)
2019-09-20 08:26:56,711 [pool-314-thread-1] INFO  server.RaftServerConfigKeys (ConfUtils.java:logGet(43)) - raft.server.log.use.memory = false (default)
2019-09-20 08:26:56,711 [pool-314-thread-1] INFO  server.RaftServerConfigKeys (ConfUtils.java:logGet(43)) - raft.server.log.purge.gap = 1000000 (custom)
2019-09-20 08:26:56,712 [pool-314-thread-1] INFO  server.RaftServerConfigKeys (ConfUtils.java:logGet(43)) - raft.server.log.appender.buffer.byte-limit = 33554432 (custom)
2019-09-20 08:26:56,712 [pool-314-thread-1] INFO  server.RaftServerConfigKeys (ConfUtils.java:logGet(43)) - raft.server.log.segment.size.max = 1048576 (custom)
2019-09-20 08:26:56,712 [pool-314-thread-1] INFO  server.RaftServerConfigKeys (ConfUtils.java:logGet(43)) - raft.server.log.segment.cache.num.max = 2 (custom)
2019-09-20 08:26:56,712 [pool-314-thread-1] INFO  segmented.SegmentedRaftLogWorker (SegmentedRaftLogWorker.java:<init>(172)) - new 1472a92e-7a5d-4f8d-b736-5dc5de02f163-SegmentedRaftLogWorker:Storage Directory /workdir/hadoop-ozone/ozonefs/target/test-dir/MiniOzoneClusterImpl-57a912aa-d50f-4842-9d1d-666c9a8a8226/datanode-2/data/ratis/ddf61628-c8be-4347-9d95-689a2281e1a5 for RaftStorage:Storage Directory /workdir/hadoop-ozone/ozonefs/target/test-dir/MiniOzoneClusterImpl-57a912aa-d50f-4842-9d1d-666c9a8a8226/datanode-2/data/ratis/ddf61628-c8be-4347-9d95-689a2281e1a5
2019-09-20 08:26:56,712 [pool-314-thread-1] INFO  server.RaftServerConfigKeys (ConfUtils.java:logGet(43)) - raft.server.log.queue.byte-limit = 2147483647 (custom)
2019-09-20 08:26:56,712 [pool-314-thread-1] INFO  server.RaftServerConfigKeys (ConfUtils.java:logGet(43)) - raft.server.log.queue.element-limit = 1024 (custom)
2019-09-20 08:26:56,713 [pool-314-thread-1] INFO  server.RaftServerConfigKeys (ConfUtils.java:logGet(43)) - raft.server.log.segment.size.max = 1048576 (custom)
2019-09-20 08:26:56,713 [pool-314-thread-1] INFO  server.RaftServerConfigKeys (ConfUtils.java:logGet(43)) - raft.server.log.preallocated.size = 16384 (custom)
2019-09-20 08:26:56,713 [pool-314-thread-1] INFO  server.RaftServerConfigKeys (ConfUtils.java:logGet(43)) - raft.server.log.write.buffer.size = 33554432 (custom)
2019-09-20 08:26:56,713 [pool-314-thread-1] INFO  server.RaftServerConfigKeys (ConfUtils.java:logGet(43)) - raft.server.log.force.sync.num = 128 (default)
2019-09-20 08:26:56,713 [pool-314-thread-1] INFO  server.RaftServerConfigKeys (ConfUtils.java:logGet(43)) - raft.server.log.statemachine.data.sync = true (default)
2019-09-20 08:26:56,713 [pool-314-thread-1] INFO  server.RaftServerConfigKeys (ConfUtils.java:logGet(43)) - raft.server.log.statemachine.data.sync.timeout = 10s (default)
2019-09-20 08:26:56,714 [pool-314-thread-1] INFO  server.RaftServerConfigKeys (ConfUtils.java:logGet(43)) - raft.server.log.statemachine.data.sync.timeout.retry = -1 (default)
2019-09-20 08:26:56,714 [pool-314-thread-1] INFO  server.RaftServerConfigKeys (ConfUtils.java:logGet(43)) - raft.server.log.statemachine.data.caching.enabled = true (custom)
2019-09-20 08:26:56,714 [pool-314-thread-1] INFO  segmented.SegmentedRaftLogWorker (SegmentedRaftLogWorker.java:lambda$new$0(132)) - 1472a92e-7a5d-4f8d-b736-5dc5de02f163-SegmentedRaftLogWorker:Storage Directory /workdir/hadoop-ozone/ozonefs/target/test-dir/MiniOzoneClusterImpl-57a912aa-d50f-4842-9d1d-666c9a8a8226/datanode-2/data/ratis/ddf61628-c8be-4347-9d95-689a2281e1a5: flushIndex: setUnconditionally 0 -> -1
2019-09-20 08:26:56,714 [pool-314-thread-1] INFO  server.RaftServerConfigKeys (ConfUtils.java:logGet(43)) - raft.server.snapshot.auto.trigger.enabled = true (custom)
2019-09-20 08:26:56,715 [pool-314-thread-1] INFO  server.RaftServerConfigKeys (ConfUtils.java:logGet(43)) - raft.server.snapshot.auto.trigger.threshold = 10000 (custom)
2019-09-20 08:26:56,715 [pool-314-thread-1] INFO  server.RaftServerConfigKeys (ConfUtils.java:logGet(43)) - raft.server.retrycache.expirytime = 600000ms (custom)
2019-09-20 08:26:56,715 [pool-314-thread-1] INFO  impl.RaftServerImpl (RaftServerImpl.java:start(180)) - 1472a92e-7a5d-4f8d-b736-5dc5de02f163: start group-689A2281E1A5
2019-09-20 08:26:56,715 [pool-314-thread-1] INFO  impl.RaftServerImpl (RaftServerImpl.java:setRole(171)) - 1472a92e-7a5d-4f8d-b736-5dc5de02f163:group-689A2281E1A5 changes role from null to FOLLOWER at term 0 for startAsFollower
2019-09-20 08:26:56,715 [pool-314-thread-1] INFO  impl.RoleInfo (RoleInfo.java:updateAndGet(143)) - 1472a92e-7a5d-4f8d-b736-5dc5de02f163: start FollowerState
2019-09-20 08:26:56,716 [pool-314-thread-1] INFO  util.JmxRegister (JmxRegister.java:tryRegister(44)) - Successfully registered JMX Bean with object name Ratis:service=RaftServer,group=group-689A2281E1A5,id=1472a92e-7a5d-4f8d-b736-5dc5de02f163
2019-09-20 08:26:56,718 [RatisPipelineUtilsThread] INFO  pipeline.PipelineStateManager (PipelineStateManager.java:addPipeline(56)) - Created pipeline Pipeline[ Id: ddf61628-c8be-4347-9d95-689a2281e1a5, Nodes: 1472a92e-7a5d-4f8d-b736-5dc5de02f163{ip: 192.168.34.27, host: pr-hdds-1569-6tbh6-3362816358, networkLocation: /default-rack, certSerialId: null}, Type:RATIS, Factor:ONE, State:OPEN]
2019-09-20 08:26:56,718 [RatisPipelineUtilsThread] INFO  pipeline.PipelinePlacementPolicy (PipelinePlacementPolicy.java:meetCriteria(91)) - Pipeline Placement: Doesn't meet the criteria to be viable node： 86045968-2694-4a13-a31d-9b0ae4a485fe Heaviness: 6 limit: 5
2019-09-20 08:26:56,719 [RatisPipelineUtilsThread] INFO  pipeline.PipelinePlacementPolicy (PipelinePlacementPolicy.java:meetCriteria(91)) - Pipeline Placement: Doesn't meet the criteria to be viable node： 5e7c8f57-a8b0-4b60-89af-5f0214f88e99 Heaviness: 6 limit: 5
2019-09-20 08:26:56,724 [grpc-default-executor-0] INFO  impl.RaftServerProxy (RaftServerProxy.java:addNew(89)) - 1472a92e-7a5d-4f8d-b736-5dc5de02f163: addNew group-5F206EF1A5D8:[1472a92e-7a5d-4f8d-b736-5dc5de02f163:192.168.34.27:33744] returns group-5F206EF1A5D8:java.util.concurrent.CompletableFuture@583210ee[Not completed]
2019-09-20 08:26:56,725 [pool-314-thread-1] INFO  impl.RaftServerImpl (RaftServerImpl.java:<init>(93)) - 1472a92e-7a5d-4f8d-b736-5dc5de02f163: new RaftServerImpl for group-5F206EF1A5D8:[1472a92e-7a5d-4f8d-b736-5dc5de02f163:192.168.34.27:33744] with ContainerStateMachine:uninitialized
2019-09-20 08:26:56,725 [pool-314-thread-1] INFO  server.RaftServerConfigKeys (ConfUtils.java:logGet(43)) - raft.server.rpc.timeout.min = 5s (custom)
2019-09-20 08:26:56,725 [pool-314-thread-1] INFO  server.RaftServerConfigKeys (ConfUtils.java:logGet(43)) - raft.server.rpc.timeout.max = 5200ms (custom)
2019-09-20 08:26:56,725 [pool-314-thread-1] INFO  server.RaftServerConfigKeys (ConfUtils.java:logGet(43)) - raft.server.rpcslowness.timeout = 120s (custom)
2019-09-20 08:26:56,725 [pool-314-thread-1] INFO  server.RaftServerConfigKeys (ConfUtils.java:logGet(43)) - raft.server.sleep.deviation.threshold = 300 (default)
2019-09-20 08:26:56,725 [pool-314-thread-1] INFO  server.RaftServerConfigKeys (ConfUtils.java:logGet(43)) - raft.server.log.appender.install.snapshot.enabled = false (custom)
2019-09-20 08:26:56,725 [pool-314-thread-1] INFO  impl.RaftServerImpl (ServerState.java:<init>(105)) - 1472a92e-7a5d-4f8d-b736-5dc5de02f163:group-5F206EF1A5D8 ConfigurationManager, init=-1: [1472a92e-7a5d-4f8d-b736-5dc5de02f163:192.168.34.27:33744], old=null, confs=<EMPTY_MAP>
2019-09-20 08:26:56,725 [pool-314-thread-1] INFO  server.RaftServerConfigKeys (ConfUtils.java:logGet(43)) - raft.server.storage.dir = [/workdir/hadoop-ozone/ozonefs/target/test-dir/MiniOzoneClusterImpl-57a912aa-d50f-4842-9d1d-666c9a8a8226/datanode-2/data/ratis] (custom)
2019-09-20 08:26:56,725 [pool-314-thread-1] INFO  storage.RaftStorageDirectory (RaftStorageDirectory.java:analyzeStorage(246)) - The storage directory /workdir/hadoop-ozone/ozonefs/target/test-dir/MiniOzoneClusterImpl-57a912aa-d50f-4842-9d1d-666c9a8a8226/datanode-2/data/ratis/b2bbadcd-c9dc-4c96-8c67-5f206ef1a5d8 does not exist. Creating ...
2019-09-20 08:26:56,738 [pool-314-thread-1] INFO  storage.RaftStorageDirectory (RaftStorageDirectory.java:tryLock(328)) - Lock on /workdir/hadoop-ozone/ozonefs/target/test-dir/MiniOzoneClusterImpl-57a912aa-d50f-4842-9d1d-666c9a8a8226/datanode-2/data/ratis/b2bbadcd-c9dc-4c96-8c67-5f206ef1a5d8/in_use.lock acquired by nodename 28782@pr-hdds-1569-6tbh6-3362816358
2019-09-20 08:26:56,751 [pool-314-thread-1] INFO  storage.RaftStorage (RaftStorage.java:format(72)) - Storage directory /workdir/hadoop-ozone/ozonefs/target/test-dir/MiniOzoneClusterImpl-57a912aa-d50f-4842-9d1d-666c9a8a8226/datanode-2/data/ratis/b2bbadcd-c9dc-4c96-8c67-5f206ef1a5d8 has been successfully formatted.
2019-09-20 08:26:56,752 [pool-314-thread-1] INFO  ratis.ContainerStateMachine (ContainerStateMachine.java:loadSnapshot(226)) - group-5F206EF1A5D8: The snapshot info is null. Setting the last applied indexto:(t:0, i:~)
2019-09-20 08:26:56,752 [pool-314-thread-1] INFO  server.RaftServerConfigKeys (ConfUtils.java:logGet(43)) - raft.server.leader.election.timeout = 120s (custom)
2019-09-20 08:26:56,752 [pool-314-thread-1] INFO  server.RaftServerConfigKeys (ConfUtils.java:logGet(43)) - raft.server.log.use.memory = false (default)
2019-09-20 08:26:56,752 [pool-314-thread-1] INFO  server.RaftServerConfigKeys (ConfUtils.java:logGet(43)) - raft.server.log.purge.gap = 1000000 (custom)
2019-09-20 08:26:56,752 [pool-314-thread-1] INFO  server.RaftServerConfigKeys (ConfUtils.java:logGet(43)) - raft.server.log.appender.buffer.byte-limit = 33554432 (custom)
2019-09-20 08:26:56,752 [pool-314-thread-1] INFO  server.RaftServerConfigKeys (ConfUtils.java:logGet(43)) - raft.server.log.segment.size.max = 1048576 (custom)
2019-09-20 08:26:56,753 [pool-314-thread-1] INFO  server.RaftServerConfigKeys (ConfUtils.java:logGet(43)) - raft.server.log.segment.cache.num.max = 2 (custom)
2019-09-20 08:26:56,753 [pool-314-thread-1] INFO  segmented.SegmentedRaftLogWorker (SegmentedRaftLogWorker.java:<init>(172)) - new 1472a92e-7a5d-4f8d-b736-5dc5de02f163-SegmentedRaftLogWorker:Storage Directory /workdir/hadoop-ozone/ozonefs/target/test-dir/MiniOzoneClusterImpl-57a912aa-d50f-4842-9d1d-666c9a8a8226/datanode-2/data/ratis/b2bbadcd-c9dc-4c96-8c67-5f206ef1a5d8 for RaftStorage:Storage Directory /workdir/hadoop-ozone/ozonefs/target/test-dir/MiniOzoneClusterImpl-57a912aa-d50f-4842-9d1d-666c9a8a8226/datanode-2/data/ratis/b2bbadcd-c9dc-4c96-8c67-5f206ef1a5d8
2019-09-20 08:26:56,753 [pool-314-thread-1] INFO  server.RaftServerConfigKeys (ConfUtils.java:logGet(43)) - raft.server.log.queue.byte-limit = 2147483647 (custom)
2019-09-20 08:26:56,753 [pool-314-thread-1] INFO  server.RaftServerConfigKeys (ConfUtils.java:logGet(43)) - raft.server.log.queue.element-limit = 1024 (custom)
2019-09-20 08:26:56,753 [pool-314-thread-1] INFO  server.RaftServerConfigKeys (ConfUtils.java:logGet(43)) - raft.server.log.segment.size.max = 1048576 (custom)
2019-09-20 08:26:56,753 [pool-314-thread-1] INFO  server.RaftServerConfigKeys (ConfUtils.java:logGet(43)) - raft.server.log.preallocated.size = 16384 (custom)
2019-09-20 08:26:56,754 [pool-314-thread-1] INFO  server.RaftServerConfigKeys (ConfUtils.java:logGet(43)) - raft.server.log.write.buffer.size = 33554432 (custom)
2019-09-20 08:26:56,754 [pool-314-thread-1] INFO  server.RaftServerConfigKeys (ConfUtils.java:logGet(43)) - raft.server.log.force.sync.num = 128 (default)
2019-09-20 08:26:56,754 [pool-314-thread-1] INFO  server.RaftServerConfigKeys (ConfUtils.java:logGet(43)) - raft.server.log.statemachine.data.sync = true (default)
2019-09-20 08:26:56,754 [pool-314-thread-1] INFO  server.RaftServerConfigKeys (ConfUtils.java:logGet(43)) - raft.server.log.statemachine.data.sync.timeout = 10s (default)
2019-09-20 08:26:56,754 [pool-314-thread-1] INFO  server.RaftServerConfigKeys (ConfUtils.java:logGet(43)) - raft.server.log.statemachine.data.sync.timeout.retry = -1 (default)
2019-09-20 08:26:56,754 [pool-314-thread-1] INFO  server.RaftServerConfigKeys (ConfUtils.java:logGet(43)) - raft.server.log.statemachine.data.caching.enabled = true (custom)
2019-09-20 08:26:56,755 [pool-314-thread-1] INFO  segmented.SegmentedRaftLogWorker (SegmentedRaftLogWorker.java:lambda$new$0(132)) - 1472a92e-7a5d-4f8d-b736-5dc5de02f163-SegmentedRaftLogWorker:Storage Directory /workdir/hadoop-ozone/ozonefs/target/test-dir/MiniOzoneClusterImpl-57a912aa-d50f-4842-9d1d-666c9a8a8226/datanode-2/data/ratis/b2bbadcd-c9dc-4c96-8c67-5f206ef1a5d8: flushIndex: setUnconditionally 0 -> -1
2019-09-20 08:26:56,755 [pool-314-thread-1] INFO  server.RaftServerConfigKeys (ConfUtils.java:logGet(43)) - raft.server.snapshot.auto.trigger.enabled = true (custom)
2019-09-20 08:26:56,755 [pool-314-thread-1] INFO  server.RaftServerConfigKeys (ConfUtils.java:logGet(43)) - raft.server.snapshot.auto.trigger.threshold = 10000 (custom)
2019-09-20 08:26:56,755 [pool-314-thread-1] INFO  server.RaftServerConfigKeys (ConfUtils.java:logGet(43)) - raft.server.retrycache.expirytime = 600000ms (custom)
2019-09-20 08:26:56,756 [pool-314-thread-1] INFO  impl.RaftServerImpl (RaftServerImpl.java:start(180)) - 1472a92e-7a5d-4f8d-b736-5dc5de02f163: start group-5F206EF1A5D8
2019-09-20 08:26:56,756 [pool-314-thread-1] INFO  impl.RaftServerImpl (RaftServerImpl.java:setRole(171)) - 1472a92e-7a5d-4f8d-b736-5dc5de02f163:group-5F206EF1A5D8 changes role from null to FOLLOWER at term 0 for startAsFollower
2019-09-20 08:26:56,756 [pool-314-thread-1] INFO  impl.RoleInfo (RoleInfo.java:updateAndGet(143)) - 1472a92e-7a5d-4f8d-b736-5dc5de02f163: start FollowerState
2019-09-20 08:26:56,756 [pool-314-thread-1] INFO  util.JmxRegister (JmxRegister.java:tryRegister(44)) - Successfully registered JMX Bean with object name Ratis:service=RaftServer,group=group-5F206EF1A5D8,id=1472a92e-7a5d-4f8d-b736-5dc5de02f163
2019-09-20 08:26:56,759 [RatisPipelineUtilsThread] INFO  pipeline.PipelineStateManager (PipelineStateManager.java:addPipeline(56)) - Created pipeline Pipeline[ Id: b2bbadcd-c9dc-4c96-8c67-5f206ef1a5d8, Nodes: 1472a92e-7a5d-4f8d-b736-5dc5de02f163{ip: 192.168.34.27, host: pr-hdds-1569-6tbh6-3362816358, networkLocation: /default-rack, certSerialId: null}, Type:RATIS, Factor:ONE, State:OPEN]
2019-09-20 08:26:56,759 [RatisPipelineUtilsThread] INFO  pipeline.PipelinePlacementPolicy (PipelinePlacementPolicy.java:meetCriteria(91)) - Pipeline Placement: Doesn't meet the criteria to be viable node： 86045968-2694-4a13-a31d-9b0ae4a485fe Heaviness: 6 limit: 5
2019-09-20 08:26:56,759 [RatisPipelineUtilsThread] INFO  pipeline.PipelinePlacementPolicy (PipelinePlacementPolicy.java:meetCriteria(91)) - Pipeline Placement: Doesn't meet the criteria to be viable node： 5e7c8f57-a8b0-4b60-89af-5f0214f88e99 Heaviness: 6 limit: 5
2019-09-20 08:26:56,764 [grpc-default-executor-0] INFO  impl.RaftServerProxy (RaftServerProxy.java:addNew(89)) - 1472a92e-7a5d-4f8d-b736-5dc5de02f163: addNew group-0570C2AA12B8:[1472a92e-7a5d-4f8d-b736-5dc5de02f163:192.168.34.27:33744] returns group-0570C2AA12B8:java.util.concurrent.CompletableFuture@30ac3c31[Not completed]
2019-09-20 08:26:56,766 [pool-314-thread-1] INFO  impl.RaftServerImpl (RaftServerImpl.java:<init>(93)) - 1472a92e-7a5d-4f8d-b736-5dc5de02f163: new RaftServerImpl for group-0570C2AA12B8:[1472a92e-7a5d-4f8d-b736-5dc5de02f163:192.168.34.27:33744] with ContainerStateMachine:uninitialized
2019-09-20 08:26:56,766 [pool-314-thread-1] INFO  server.RaftServerConfigKeys (ConfUtils.java:logGet(43)) - raft.server.rpc.timeout.min = 5s (custom)
2019-09-20 08:26:56,766 [pool-314-thread-1] INFO  server.RaftServerConfigKeys (ConfUtils.java:logGet(43)) - raft.server.rpc.timeout.max = 5200ms (custom)
2019-09-20 08:26:56,766 [pool-314-thread-1] INFO  server.RaftServerConfigKeys (ConfUtils.java:logGet(43)) - raft.server.rpcslowness.timeout = 120s (custom)
2019-09-20 08:26:56,766 [pool-314-thread-1] INFO  server.RaftServerConfigKeys (ConfUtils.java:logGet(43)) - raft.server.sleep.deviation.threshold = 300 (default)
2019-09-20 08:26:56,766 [pool-314-thread-1] INFO  server.RaftServerConfigKeys (ConfUtils.java:logGet(43)) - raft.server.log.appender.install.snapshot.enabled = false (custom)
2019-09-20 08:26:56,766 [pool-314-thread-1] INFO  impl.RaftServerImpl (ServerState.java:<init>(105)) - 1472a92e-7a5d-4f8d-b736-5dc5de02f163:group-0570C2AA12B8 ConfigurationManager, init=-1: [1472a92e-7a5d-4f8d-b736-5dc5de02f163:192.168.34.27:33744], old=null, confs=<EMPTY_MAP>
2019-09-20 08:26:56,767 [pool-314-thread-1] INFO  server.RaftServerConfigKeys (ConfUtils.java:logGet(43)) - raft.server.storage.dir = [/workdir/hadoop-ozone/ozonefs/target/test-dir/MiniOzoneClusterImpl-57a912aa-d50f-4842-9d1d-666c9a8a8226/datanode-2/data/ratis] (custom)
2019-09-20 08:26:56,767 [pool-314-thread-1] INFO  storage.RaftStorageDirectory (RaftStorageDirectory.java:analyzeStorage(246)) - The storage directory /workdir/hadoop-ozone/ozonefs/target/test-dir/MiniOzoneClusterImpl-57a912aa-d50f-4842-9d1d-666c9a8a8226/datanode-2/data/ratis/9ea4ac63-cab1-41a4-ab06-0570c2aa12b8 does not exist. Creating ...
2019-09-20 08:26:56,780 [pool-314-thread-1] INFO  storage.RaftStorageDirectory (RaftStorageDirectory.java:tryLock(328)) - Lock on /workdir/hadoop-ozone/ozonefs/target/test-dir/MiniOzoneClusterImpl-57a912aa-d50f-4842-9d1d-666c9a8a8226/datanode-2/data/ratis/9ea4ac63-cab1-41a4-ab06-0570c2aa12b8/in_use.lock acquired by nodename 28782@pr-hdds-1569-6tbh6-3362816358
2019-09-20 08:26:56,793 [pool-314-thread-1] INFO  storage.RaftStorage (RaftStorage.java:format(72)) - Storage directory /workdir/hadoop-ozone/ozonefs/target/test-dir/MiniOzoneClusterImpl-57a912aa-d50f-4842-9d1d-666c9a8a8226/datanode-2/data/ratis/9ea4ac63-cab1-41a4-ab06-0570c2aa12b8 has been successfully formatted.
2019-09-20 08:26:56,793 [pool-314-thread-1] INFO  ratis.ContainerStateMachine (ContainerStateMachine.java:loadSnapshot(226)) - group-0570C2AA12B8: The snapshot info is null. Setting the last applied indexto:(t:0, i:~)
2019-09-20 08:26:56,793 [pool-314-thread-1] INFO  server.RaftServerConfigKeys (ConfUtils.java:logGet(43)) - raft.server.leader.election.timeout = 120s (custom)
2019-09-20 08:26:56,794 [pool-314-thread-1] INFO  server.RaftServerConfigKeys (ConfUtils.java:logGet(43)) - raft.server.log.use.memory = false (default)
2019-09-20 08:26:56,794 [pool-314-thread-1] INFO  server.RaftServerConfigKeys (ConfUtils.java:logGet(43)) - raft.server.log.purge.gap = 1000000 (custom)
2019-09-20 08:26:56,794 [pool-314-thread-1] INFO  server.RaftServerConfigKeys (ConfUtils.java:logGet(43)) - raft.server.log.appender.buffer.byte-limit = 33554432 (custom)
2019-09-20 08:26:56,794 [pool-314-thread-1] INFO  server.RaftServerConfigKeys (ConfUtils.java:logGet(43)) - raft.server.log.segment.size.max = 1048576 (custom)
2019-09-20 08:26:56,794 [pool-314-thread-1] INFO  server.RaftServerConfigKeys (ConfUtils.java:logGet(43)) - raft.server.log.segment.cache.num.max = 2 (custom)
2019-09-20 08:26:56,794 [pool-314-thread-1] INFO  segmented.SegmentedRaftLogWorker (SegmentedRaftLogWorker.java:<init>(172)) - new 1472a92e-7a5d-4f8d-b736-5dc5de02f163-SegmentedRaftLogWorker:Storage Directory /workdir/hadoop-ozone/ozonefs/target/test-dir/MiniOzoneClusterImpl-57a912aa-d50f-4842-9d1d-666c9a8a8226/datanode-2/data/ratis/9ea4ac63-cab1-41a4-ab06-0570c2aa12b8 for RaftStorage:Storage Directory /workdir/hadoop-ozone/ozonefs/target/test-dir/MiniOzoneClusterImpl-57a912aa-d50f-4842-9d1d-666c9a8a8226/datanode-2/data/ratis/9ea4ac63-cab1-41a4-ab06-0570c2aa12b8
2019-09-20 08:26:56,795 [pool-314-thread-1] INFO  server.RaftServerConfigKeys (ConfUtils.java:logGet(43)) - raft.server.log.queue.byte-limit = 2147483647 (custom)
2019-09-20 08:26:56,795 [pool-314-thread-1] INFO  server.RaftServerConfigKeys (ConfUtils.java:logGet(43)) - raft.server.log.queue.element-limit = 1024 (custom)
2019-09-20 08:26:56,795 [pool-314-thread-1] INFO  server.RaftServerConfigKeys (ConfUtils.java:logGet(43)) - raft.server.log.segment.size.max = 1048576 (custom)
2019-09-20 08:26:56,795 [pool-314-thread-1] INFO  server.RaftServerConfigKeys (ConfUtils.java:logGet(43)) - raft.server.log.preallocated.size = 16384 (custom)
2019-09-20 08:26:56,795 [pool-314-thread-1] INFO  server.RaftServerConfigKeys (ConfUtils.java:logGet(43)) - raft.server.log.write.buffer.size = 33554432 (custom)
2019-09-20 08:26:56,795 [pool-314-thread-1] INFO  server.RaftServerConfigKeys (ConfUtils.java:logGet(43)) - raft.server.log.force.sync.num = 128 (default)
2019-09-20 08:26:56,795 [pool-314-thread-1] INFO  server.RaftServerConfigKeys (ConfUtils.java:logGet(43)) - raft.server.log.statemachine.data.sync = true (default)
2019-09-20 08:26:56,796 [pool-314-thread-1] INFO  server.RaftServerConfigKeys (ConfUtils.java:logGet(43)) - raft.server.log.statemachine.data.sync.timeout = 10s (default)
2019-09-20 08:26:56,796 [pool-314-thread-1] INFO  server.RaftServerConfigKeys (ConfUtils.java:logGet(43)) - raft.server.log.statemachine.data.sync.timeout.retry = -1 (default)
2019-09-20 08:26:56,796 [pool-314-thread-1] INFO  server.RaftServerConfigKeys (ConfUtils.java:logGet(43)) - raft.server.log.statemachine.data.caching.enabled = true (custom)
2019-09-20 08:26:56,796 [pool-314-thread-1] INFO  segmented.SegmentedRaftLogWorker (SegmentedRaftLogWorker.java:lambda$new$0(132)) - 1472a92e-7a5d-4f8d-b736-5dc5de02f163-SegmentedRaftLogWorker:Storage Directory /workdir/hadoop-ozone/ozonefs/target/test-dir/MiniOzoneClusterImpl-57a912aa-d50f-4842-9d1d-666c9a8a8226/datanode-2/data/ratis/9ea4ac63-cab1-41a4-ab06-0570c2aa12b8: flushIndex: setUnconditionally 0 -> -1
2019-09-20 08:26:56,797 [pool-314-thread-1] INFO  server.RaftServerConfigKeys (ConfUtils.java:logGet(43)) - raft.server.snapshot.auto.trigger.enabled = true (custom)
2019-09-20 08:26:56,797 [pool-314-thread-1] INFO  server.RaftServerConfigKeys (ConfUtils.java:logGet(43)) - raft.server.snapshot.auto.trigger.threshold = 10000 (custom)
2019-09-20 08:26:56,797 [pool-314-thread-1] INFO  server.RaftServerConfigKeys (ConfUtils.java:logGet(43)) - raft.server.retrycache.expirytime = 600000ms (custom)
2019-09-20 08:26:56,797 [pool-314-thread-1] INFO  impl.RaftServerImpl (RaftServerImpl.java:start(180)) - 1472a92e-7a5d-4f8d-b736-5dc5de02f163: start group-0570C2AA12B8
2019-09-20 08:26:56,797 [pool-314-thread-1] INFO  impl.RaftServerImpl (RaftServerImpl.java:setRole(171)) - 1472a92e-7a5d-4f8d-b736-5dc5de02f163:group-0570C2AA12B8 changes role from null to FOLLOWER at term 0 for startAsFollower
2019-09-20 08:26:56,797 [pool-314-thread-1] INFO  impl.RoleInfo (RoleInfo.java:updateAndGet(143)) - 1472a92e-7a5d-4f8d-b736-5dc5de02f163: start FollowerState
2019-09-20 08:26:56,798 [pool-314-thread-1] INFO  util.JmxRegister (JmxRegister.java:tryRegister(44)) - Successfully registered JMX Bean with object name Ratis:service=RaftServer,group=group-0570C2AA12B8,id=1472a92e-7a5d-4f8d-b736-5dc5de02f163
2019-09-20 08:26:56,801 [RatisPipelineUtilsThread] INFO  pipeline.PipelineStateManager (PipelineStateManager.java:addPipeline(56)) - Created pipeline Pipeline[ Id: 9ea4ac63-cab1-41a4-ab06-0570c2aa12b8, Nodes: 1472a92e-7a5d-4f8d-b736-5dc5de02f163{ip: 192.168.34.27, host: pr-hdds-1569-6tbh6-3362816358, networkLocation: /default-rack, certSerialId: null}, Type:RATIS, Factor:ONE, State:OPEN]
2019-09-20 08:26:56,801 [RatisPipelineUtilsThread] INFO  pipeline.PipelinePlacementPolicy (PipelinePlacementPolicy.java:meetCriteria(91)) - Pipeline Placement: Doesn't meet the criteria to be viable node： 86045968-2694-4a13-a31d-9b0ae4a485fe Heaviness: 6 limit: 5
2019-09-20 08:26:56,801 [RatisPipelineUtilsThread] INFO  pipeline.PipelinePlacementPolicy (PipelinePlacementPolicy.java:meetCriteria(91)) - Pipeline Placement: Doesn't meet the criteria to be viable node： 5e7c8f57-a8b0-4b60-89af-5f0214f88e99 Heaviness: 6 limit: 5
2019-09-20 08:26:56,806 [grpc-default-executor-0] INFO  impl.RaftServerProxy (RaftServerProxy.java:addNew(89)) - 1472a92e-7a5d-4f8d-b736-5dc5de02f163: addNew group-F9ED180D9EB1:[1472a92e-7a5d-4f8d-b736-5dc5de02f163:192.168.34.27:33744] returns group-F9ED180D9EB1:java.util.concurrent.CompletableFuture@4cf9ecfe[Not completed]
2019-09-20 08:26:56,807 [pool-314-thread-1] INFO  impl.RaftServerImpl (RaftServerImpl.java:<init>(93)) - 1472a92e-7a5d-4f8d-b736-5dc5de02f163: new RaftServerImpl for group-F9ED180D9EB1:[1472a92e-7a5d-4f8d-b736-5dc5de02f163:192.168.34.27:33744] with ContainerStateMachine:uninitialized
2019-09-20 08:26:56,808 [pool-314-thread-1] INFO  server.RaftServerConfigKeys (ConfUtils.java:logGet(43)) - raft.server.rpc.timeout.min = 5s (custom)
2019-09-20 08:26:56,808 [pool-314-thread-1] INFO  server.RaftServerConfigKeys (ConfUtils.java:logGet(43)) - raft.server.rpc.timeout.max = 5200ms (custom)
2019-09-20 08:26:56,808 [pool-314-thread-1] INFO  server.RaftServerConfigKeys (ConfUtils.java:logGet(43)) - raft.server.rpcslowness.timeout = 120s (custom)
2019-09-20 08:26:56,808 [pool-314-thread-1] INFO  server.RaftServerConfigKeys (ConfUtils.java:logGet(43)) - raft.server.sleep.deviation.threshold = 300 (default)
2019-09-20 08:26:56,808 [pool-314-thread-1] INFO  server.RaftServerConfigKeys (ConfUtils.java:logGet(43)) - raft.server.log.appender.install.snapshot.enabled = false (custom)
2019-09-20 08:26:56,808 [pool-314-thread-1] INFO  impl.RaftServerImpl (ServerState.java:<init>(105)) - 1472a92e-7a5d-4f8d-b736-5dc5de02f163:group-F9ED180D9EB1 ConfigurationManager, init=-1: [1472a92e-7a5d-4f8d-b736-5dc5de02f163:192.168.34.27:33744], old=null, confs=<EMPTY_MAP>
2019-09-20 08:26:56,808 [pool-314-thread-1] INFO  server.RaftServerConfigKeys (ConfUtils.java:logGet(43)) - raft.server.storage.dir = [/workdir/hadoop-ozone/ozonefs/target/test-dir/MiniOzoneClusterImpl-57a912aa-d50f-4842-9d1d-666c9a8a8226/datanode-2/data/ratis] (custom)
2019-09-20 08:26:56,809 [pool-314-thread-1] INFO  storage.RaftStorageDirectory (RaftStorageDirectory.java:analyzeStorage(246)) - The storage directory /workdir/hadoop-ozone/ozonefs/target/test-dir/MiniOzoneClusterImpl-57a912aa-d50f-4842-9d1d-666c9a8a8226/datanode-2/data/ratis/18b612e7-e5e5-4359-a64f-f9ed180d9eb1 does not exist. Creating ...
2019-09-20 08:26:56,821 [pool-314-thread-1] INFO  storage.RaftStorageDirectory (RaftStorageDirectory.java:tryLock(328)) - Lock on /workdir/hadoop-ozone/ozonefs/target/test-dir/MiniOzoneClusterImpl-57a912aa-d50f-4842-9d1d-666c9a8a8226/datanode-2/data/ratis/18b612e7-e5e5-4359-a64f-f9ed180d9eb1/in_use.lock acquired by nodename 28782@pr-hdds-1569-6tbh6-3362816358
2019-09-20 08:26:56,834 [pool-314-thread-1] INFO  storage.RaftStorage (RaftStorage.java:format(72)) - Storage directory /workdir/hadoop-ozone/ozonefs/target/test-dir/MiniOzoneClusterImpl-57a912aa-d50f-4842-9d1d-666c9a8a8226/datanode-2/data/ratis/18b612e7-e5e5-4359-a64f-f9ed180d9eb1 has been successfully formatted.
2019-09-20 08:26:56,834 [pool-314-thread-1] INFO  ratis.ContainerStateMachine (ContainerStateMachine.java:loadSnapshot(226)) - group-F9ED180D9EB1: The snapshot info is null. Setting the last applied indexto:(t:0, i:~)
2019-09-20 08:26:56,834 [pool-314-thread-1] INFO  server.RaftServerConfigKeys (ConfUtils.java:logGet(43)) - raft.server.leader.election.timeout = 120s (custom)
2019-09-20 08:26:56,834 [pool-314-thread-1] INFO  server.RaftServerConfigKeys (ConfUtils.java:logGet(43)) - raft.server.log.use.memory = false (default)
2019-09-20 08:26:56,835 [pool-314-thread-1] INFO  server.RaftServerConfigKeys (ConfUtils.java:logGet(43)) - raft.server.log.purge.gap = 1000000 (custom)
2019-09-20 08:26:56,835 [pool-314-thread-1] INFO  server.RaftServerConfigKeys (ConfUtils.java:logGet(43)) - raft.server.log.appender.buffer.byte-limit = 33554432 (custom)
2019-09-20 08:26:56,835 [pool-314-thread-1] INFO  server.RaftServerConfigKeys (ConfUtils.java:logGet(43)) - raft.server.log.segment.size.max = 1048576 (custom)
2019-09-20 08:26:56,835 [pool-314-thread-1] INFO  server.RaftServerConfigKeys (ConfUtils.java:logGet(43)) - raft.server.log.segment.cache.num.max = 2 (custom)
2019-09-20 08:26:56,835 [pool-314-thread-1] INFO  segmented.SegmentedRaftLogWorker (SegmentedRaftLogWorker.java:<init>(172)) - new 1472a92e-7a5d-4f8d-b736-5dc5de02f163-SegmentedRaftLogWorker:Storage Directory /workdir/hadoop-ozone/ozonefs/target/test-dir/MiniOzoneClusterImpl-57a912aa-d50f-4842-9d1d-666c9a8a8226/datanode-2/data/ratis/18b612e7-e5e5-4359-a64f-f9ed180d9eb1 for RaftStorage:Storage Directory /workdir/hadoop-ozone/ozonefs/target/test-dir/MiniOzoneClusterImpl-57a912aa-d50f-4842-9d1d-666c9a8a8226/datanode-2/data/ratis/18b612e7-e5e5-4359-a64f-f9ed180d9eb1
2019-09-20 08:26:56,835 [pool-314-thread-1] INFO  server.RaftServerConfigKeys (ConfUtils.java:logGet(43)) - raft.server.log.queue.byte-limit = 2147483647 (custom)
2019-09-20 08:26:56,835 [pool-314-thread-1] INFO  server.RaftServerConfigKeys (ConfUtils.java:logGet(43)) - raft.server.log.queue.element-limit = 1024 (custom)
2019-09-20 08:26:56,836 [pool-314-thread-1] INFO  server.RaftServerConfigKeys (ConfUtils.java:logGet(43)) - raft.server.log.segment.size.max = 1048576 (custom)
2019-09-20 08:26:56,836 [pool-314-thread-1] INFO  server.RaftServerConfigKeys (ConfUtils.java:logGet(43)) - raft.server.log.preallocated.size = 16384 (custom)
2019-09-20 08:26:56,836 [pool-314-thread-1] INFO  server.RaftServerConfigKeys (ConfUtils.java:logGet(43)) - raft.server.log.write.buffer.size = 33554432 (custom)
2019-09-20 08:26:56,836 [pool-314-thread-1] INFO  server.RaftServerConfigKeys (ConfUtils.java:logGet(43)) - raft.server.log.force.sync.num = 128 (default)
2019-09-20 08:26:56,836 [pool-314-thread-1] INFO  server.RaftServerConfigKeys (ConfUtils.java:logGet(43)) - raft.server.log.statemachine.data.sync = true (default)
2019-09-20 08:26:56,836 [pool-314-thread-1] INFO  server.RaftServerConfigKeys (ConfUtils.java:logGet(43)) - raft.server.log.statemachine.data.sync.timeout = 10s (default)
2019-09-20 08:26:56,836 [pool-314-thread-1] INFO  server.RaftServerConfigKeys (ConfUtils.java:logGet(43)) - raft.server.log.statemachine.data.sync.timeout.retry = -1 (default)
2019-09-20 08:26:56,837 [pool-314-thread-1] INFO  server.RaftServerConfigKeys (ConfUtils.java:logGet(43)) - raft.server.log.statemachine.data.caching.enabled = true (custom)
2019-09-20 08:26:56,837 [pool-314-thread-1] INFO  segmented.SegmentedRaftLogWorker (SegmentedRaftLogWorker.java:lambda$new$0(132)) - 1472a92e-7a5d-4f8d-b736-5dc5de02f163-SegmentedRaftLogWorker:Storage Directory /workdir/hadoop-ozone/ozonefs/target/test-dir/MiniOzoneClusterImpl-57a912aa-d50f-4842-9d1d-666c9a8a8226/datanode-2/data/ratis/18b612e7-e5e5-4359-a64f-f9ed180d9eb1: flushIndex: setUnconditionally 0 -> -1
2019-09-20 08:26:56,837 [pool-314-thread-1] INFO  server.RaftServerConfigKeys (ConfUtils.java:logGet(43)) - raft.server.snapshot.auto.trigger.enabled = true (custom)
2019-09-20 08:26:56,837 [pool-314-thread-1] INFO  server.RaftServerConfigKeys (ConfUtils.java:logGet(43)) - raft.server.snapshot.auto.trigger.threshold = 10000 (custom)
2019-09-20 08:26:56,837 [pool-314-thread-1] INFO  server.RaftServerConfigKeys (ConfUtils.java:logGet(43)) - raft.server.retrycache.expirytime = 600000ms (custom)
2019-09-20 08:26:56,838 [pool-314-thread-1] INFO  impl.RaftServerImpl (RaftServerImpl.java:start(180)) - 1472a92e-7a5d-4f8d-b736-5dc5de02f163: start group-F9ED180D9EB1
2019-09-20 08:26:56,838 [pool-314-thread-1] INFO  impl.RaftServerImpl (RaftServerImpl.java:setRole(171)) - 1472a92e-7a5d-4f8d-b736-5dc5de02f163:group-F9ED180D9EB1 changes role from null to FOLLOWER at term 0 for startAsFollower
2019-09-20 08:26:56,838 [pool-314-thread-1] INFO  impl.RoleInfo (RoleInfo.java:updateAndGet(143)) - 1472a92e-7a5d-4f8d-b736-5dc5de02f163: start FollowerState
2019-09-20 08:26:56,838 [pool-314-thread-1] INFO  util.JmxRegister (JmxRegister.java:tryRegister(44)) - Successfully registered JMX Bean with object name Ratis:service=RaftServer,group=group-F9ED180D9EB1,id=1472a92e-7a5d-4f8d-b736-5dc5de02f163
2019-09-20 08:26:56,840 [RatisPipelineUtilsThread] INFO  pipeline.PipelineStateManager (PipelineStateManager.java:addPipeline(56)) - Created pipeline Pipeline[ Id: 18b612e7-e5e5-4359-a64f-f9ed180d9eb1, Nodes: 1472a92e-7a5d-4f8d-b736-5dc5de02f163{ip: 192.168.34.27, host: pr-hdds-1569-6tbh6-3362816358, networkLocation: /default-rack, certSerialId: null}, Type:RATIS, Factor:ONE, State:OPEN]
2019-09-20 08:26:56,841 [RatisPipelineUtilsThread] INFO  pipeline.PipelinePlacementPolicy (PipelinePlacementPolicy.java:meetCriteria(91)) - Pipeline Placement: Doesn't meet the criteria to be viable node： 86045968-2694-4a13-a31d-9b0ae4a485fe Heaviness: 6 limit: 5
2019-09-20 08:26:56,841 [RatisPipelineUtilsThread] INFO  pipeline.PipelinePlacementPolicy (PipelinePlacementPolicy.java:meetCriteria(91)) - Pipeline Placement: Doesn't meet the criteria to be viable node： 5e7c8f57-a8b0-4b60-89af-5f0214f88e99 Heaviness: 6 limit: 5
2019-09-20 08:26:56,841 [RatisPipelineUtilsThread] INFO  pipeline.PipelinePlacementPolicy (PipelinePlacementPolicy.java:meetCriteria(91)) - Pipeline Placement: Doesn't meet the criteria to be viable node： 1472a92e-7a5d-4f8d-b736-5dc5de02f163 Heaviness: 6 limit: 5
2019-09-20 08:26:56,841 [RatisPipelineUtilsThread] ERROR pipeline.PipelinePlacementPolicy (PipelinePlacementPolicy.java:filterViableNodes(148)) - Unable to find enough nodes that meet the criteria that cannot engage in more than 5 pipelines. Nodes required: 1 Found: 0, healthy nodes count inNodeManager: 3.
2019-09-20 08:26:56,841 [RatisPipelineUtilsThread] ERROR pipeline.SCMPipelineManager (SCMPipelineManager.java:createPipeline(161)) - Pipeline creation failed due to exception: Unable to find enough nodes that meet the criteria that cannot engage in more than 5 pipelines. Nodes required: 1 Found: 0, healthy nodes count inNodeManager: 3.
2019-09-20 08:26:56,842 [RatisPipelineUtilsThread] INFO  pipeline.PipelinePlacementPolicy (PipelinePlacementPolicy.java:meetCriteria(91)) - Pipeline Placement: Doesn't meet the criteria to be viable node： 86045968-2694-4a13-a31d-9b0ae4a485fe Heaviness: 6 limit: 5
2019-09-20 08:26:56,842 [RatisPipelineUtilsThread] INFO  pipeline.PipelinePlacementPolicy (PipelinePlacementPolicy.java:meetCriteria(91)) - Pipeline Placement: Doesn't meet the criteria to be viable node： 5e7c8f57-a8b0-4b60-89af-5f0214f88e99 Heaviness: 6 limit: 5
2019-09-20 08:26:56,842 [RatisPipelineUtilsThread] INFO  pipeline.PipelinePlacementPolicy (PipelinePlacementPolicy.java:meetCriteria(91)) - Pipeline Placement: Doesn't meet the criteria to be viable node： 1472a92e-7a5d-4f8d-b736-5dc5de02f163 Heaviness: 6 limit: 5
2019-09-20 08:26:56,842 [RatisPipelineUtilsThread] ERROR pipeline.PipelinePlacementPolicy (PipelinePlacementPolicy.java:filterViableNodes(148)) - Unable to find enough nodes that meet the criteria that cannot engage in more than 5 pipelines. Nodes required: 3 Found: 0, healthy nodes count inNodeManager: 3.
2019-09-20 08:26:56,842 [RatisPipelineUtilsThread] ERROR pipeline.SCMPipelineManager (SCMPipelineManager.java:createPipeline(161)) - Pipeline creation failed due to exception: Unable to find enough nodes that meet the criteria that cannot engage in more than 5 pipelines. Nodes required: 3 Found: 0, healthy nodes count inNodeManager: 3.
2019-09-20 08:26:57,567 [Thread-1336] INFO  ozone.MiniOzoneClusterImpl (MiniOzoneClusterImpl.java:lambda$waitForClusterToBeReady$0(142)) - Cluster is ready. Got 3 of 3 DN Heartbeats.
2019-09-20 08:26:57,717 | INFO  | OMAudit | user=jenkins1000 | ip=127.0.0.1 | op=CREATE_VOLUME {admin=admin55029, owner=user43669, volume=volume06334, creationTime=1568968017717, quotaInBytes=1152921504606846976} | ret=SUCCESS |  
2019-09-20 08:26:57,726 | INFO  | OMAudit | user=jenkins1000 | ip=127.0.0.1 | op=CREATE_BUCKET {volume=volume06334, bucket=bucket00056, acls=[], isVersionEnabled=false, storageType=DISK, creationTime=0} | ret=SUCCESS |  
2019-09-20 08:26:57,750 | INFO  | OMAudit | user=jenkins1000 | ip=127.0.0.1 | op=READ_VOLUME {volume=volume06334} | ret=SUCCESS |  
2019-09-20 08:26:57,752 | INFO  | OMAudit | user=jenkins1000 | ip=127.0.0.1 | op=READ_BUCKET {volume=volume06334, bucket=bucket00056} | ret=SUCCESS |  
2019-09-20 08:26:57,779 [IPC Server handler 1 on 38387] INFO  pipeline.PipelinePlacementPolicy (PipelinePlacementPolicy.java:meetCriteria(91)) - Pipeline Placement: Doesn't meet the criteria to be viable node： 86045968-2694-4a13-a31d-9b0ae4a485fe Heaviness: 6 limit: 5
2019-09-20 08:26:57,779 [IPC Server handler 1 on 38387] INFO  pipeline.PipelinePlacementPolicy (PipelinePlacementPolicy.java:meetCriteria(91)) - Pipeline Placement: Doesn't meet the criteria to be viable node： 5e7c8f57-a8b0-4b60-89af-5f0214f88e99 Heaviness: 6 limit: 5
2019-09-20 08:26:57,780 [IPC Server handler 1 on 38387] INFO  pipeline.PipelinePlacementPolicy (PipelinePlacementPolicy.java:meetCriteria(91)) - Pipeline Placement: Doesn't meet the criteria to be viable node： 1472a92e-7a5d-4f8d-b736-5dc5de02f163 Heaviness: 6 limit: 5
2019-09-20 08:26:57,780 [IPC Server handler 1 on 38387] ERROR pipeline.PipelinePlacementPolicy (PipelinePlacementPolicy.java:filterViableNodes(148)) - Unable to find enough nodes that meet the criteria that cannot engage in more than 5 pipelines. Nodes required: 3 Found: 0, healthy nodes count inNodeManager: 3.
2019-09-20 08:26:57,780 [IPC Server handler 1 on 38387] ERROR pipeline.SCMPipelineManager (SCMPipelineManager.java:createPipeline(161)) - Pipeline creation failed due to exception: Unable to find enough nodes that meet the criteria that cannot engage in more than 5 pipelines. Nodes required: 3 Found: 0, healthy nodes count inNodeManager: 3.
2019-09-20 08:26:57,780 [IPC Server handler 1 on 38387] WARN  block.BlockManagerImpl (BlockManagerImpl.java:allocateBlock(192)) - Pipeline creation failed for type:RATIS factor:THREE. Retrying get pipelines call once.
org.apache.hadoop.hdds.scm.exceptions.SCMException: Unable to find enough nodes that meet the criteria that cannot engage in more than 5 pipelines. Nodes required: 3 Found: 0, healthy nodes count inNodeManager: 3.
	at org.apache.hadoop.hdds.scm.pipeline.PipelinePlacementPolicy.filterViableNodes(PipelinePlacementPolicy.java:149)
	at org.apache.hadoop.hdds.scm.pipeline.PipelinePlacementPolicy.chooseDatanodes(PipelinePlacementPolicy.java:172)
	at org.apache.hadoop.hdds.scm.pipeline.RatisPipelineProvider.create(RatisPipelineProvider.java:92)
	at org.apache.hadoop.hdds.scm.pipeline.PipelineFactory.create(PipelineFactory.java:57)
	at org.apache.hadoop.hdds.scm.pipeline.SCMPipelineManager.createPipeline(SCMPipelineManager.java:149)
	at org.apache.hadoop.hdds.scm.block.BlockManagerImpl.allocateBlock(BlockManagerImpl.java:190)
	at org.apache.hadoop.hdds.scm.server.SCMBlockProtocolServer.allocateBlock(SCMBlockProtocolServer.java:175)
	at org.apache.hadoop.ozone.protocolPB.ScmBlockLocationProtocolServerSideTranslatorPB.allocateScmBlock(ScmBlockLocationProtocolServerSideTranslatorPB.java:153)
	at org.apache.hadoop.ozone.protocolPB.ScmBlockLocationProtocolServerSideTranslatorPB.send(ScmBlockLocationProtocolServerSideTranslatorPB.java:112)
	at org.apache.hadoop.hdds.protocol.proto.ScmBlockLocationProtocolProtos$ScmBlockLocationProtocolService$2.callBlockingMethod(ScmBlockLocationProtocolProtos.java:13157)
	at org.apache.hadoop.ipc.ProtobufRpcEngine$Server$ProtoBufRpcInvoker.call(ProtobufRpcEngine.java:524)
	at org.apache.hadoop.ipc.RPC$Server.call(RPC.java:1025)
	at org.apache.hadoop.ipc.Server$RpcCall.run(Server.java:876)
	at org.apache.hadoop.ipc.Server$RpcCall.run(Server.java:822)
	at java.security.AccessController.doPrivileged(Native Method)
	at javax.security.auth.Subject.doAs(Subject.java:422)
	at org.apache.hadoop.security.UserGroupInformation.doAs(UserGroupInformation.java:1730)
	at org.apache.hadoop.ipc.Server$Handler.run(Server.java:2682)
2019-09-20 08:26:57,781 [IPC Server handler 1 on 38387] INFO  block.BlockManagerImpl (BlockManagerImpl.java:allocateBlock(198)) - Could not find available pipeline of type:RATIS and factor:THREE even after retrying
2019-09-20 08:26:57,781 [IPC Server handler 1 on 38387] ERROR block.BlockManagerImpl (BlockManagerImpl.java:allocateBlock(222)) - Unable to allocate a block for the size: 4194304, type: RATIS, factor: THREE
2019-09-20 08:26:57,781 | INFO  | SCMAudit | user=jenkins1000 | ip=192.168.34.27 | op=ALLOCATE_BLOCK {owner=2b8f8f26-38f9-41fd-99d5-c72c9b9114a0, size=4194304, type=RATIS, factor=THREE} | ret=SUCCESS |  
2019-09-20 08:26:57,783 | ERROR | OMAudit | user=jenkins1000 | ip=127.0.0.1 | op=CREATE_FILE {volume=volume06334, bucket=bucket00056, key=testDeleteCreatesFakeParentDir/parent/child, dataSize=0, replicationType=RATIS, replicationFactor=THREE, keyLocationInfo=null} | ret=FAILURE | org.apache.hadoop.hdds.scm.exceptions.SCMException: Allocated 0 blocks. Requested 1 blocks
	at org.apache.hadoop.hdds.scm.protocolPB.ScmBlockLocationProtocolClientSideTranslatorPB.handleError(ScmBlockLocationProtocolClientSideTranslatorPB.java:118)
	at org.apache.hadoop.hdds.scm.protocolPB.ScmBlockLocationProtocolClientSideTranslatorPB.allocateBlock(ScmBlockLocationProtocolClientSideTranslatorPB.java:156) 
2019-09-20 08:26:57,784 [Thread-1336] INFO  ozone.MiniOzoneClusterImpl (MiniOzoneClusterImpl.java:shutdown(321)) - Shutting down the Mini Ozone Cluster
2019-09-20 08:26:57,784 | INFO  | SCMAudit | user=null | ip=null | op=GET_SCM_INFO null | ret=SUCCESS |  
2019-09-20 08:26:57,784 [Thread-1336] INFO  ozone.MiniOzoneClusterImpl (MiniOzoneClusterImpl.java:stop(336)) - Stopping the Mini Ozone Cluster
2019-09-20 08:26:57,785 [Thread-1336] INFO  ozone.MiniOzoneClusterImpl (MiniOzoneClusterImpl.java:stop(338)) - Stopping the OzoneManager
2019-09-20 08:26:57,785 [Thread-1336] INFO  ipc.Server (Server.java:stop(3082)) - Stopping server on 38479
2019-09-20 08:26:57,788 [IPC Server listener on 38479] INFO  ipc.Server (Server.java:run(1185)) - Stopping IPC Server listener on 38479
2019-09-20 08:26:57,788 [Thread-1336] INFO  ratis.OzoneManagerDoubleBuffer (OzoneManagerDoubleBuffer.java:stop(248)) - Stopping OMDoubleBuffer flush thread
2019-09-20 08:26:57,788 [IPC Server Responder] INFO  ipc.Server (Server.java:run(1319)) - Stopping IPC Server Responder
2019-09-20 08:26:57,790 [OMDoubleBufferFlushThread] INFO  ratis.OzoneManagerDoubleBuffer (OzoneManagerDoubleBuffer.java:flushTransactions(191)) - OMDoubleBuffer flush thread OMDoubleBufferFlushThread is interrupted and will exit. OMDoubleBufferFlushThread
2019-09-20 08:26:57,790 [Thread-1336] INFO  utils.BackgroundService (BackgroundService.java:shutdown(148)) - Shutting down service KeyDeletingService
2019-09-20 08:26:57,793 [Thread-1336] INFO  handler.ContextHandler (ContextHandler.java:doStop(910)) - Stopped o.e.j.w.WebAppContext@328770f4{/,null,UNAVAILABLE}{/ozoneManager}
2019-09-20 08:26:57,794 [Thread-1336] INFO  server.AbstractConnector (AbstractConnector.java:doStop(318)) - Stopped ServerConnector@206963a2{HTTP/1.1,[http/1.1]}{0.0.0.0:0}
2019-09-20 08:26:57,794 [Thread-1336] INFO  handler.ContextHandler (ContextHandler.java:doStop(910)) - Stopped o.e.j.s.ServletContextHandler@5e46c115{/static,jar:file:/home/user/.m2/repository/org/apache/hadoop/hadoop-ozone-ozone-manager/0.5.0-SNAPSHOT/hadoop-ozone-ozone-manager-0.5.0-SNAPSHOT.jar!/webapps/static,UNAVAILABLE}
2019-09-20 08:26:57,794 [Thread-1336] INFO  handler.ContextHandler (ContextHandler.java:doStop(910)) - Stopped o.e.j.s.ServletContextHandler@31bb22d6{/logs,file:///workdir/hadoop-ozone/ozonefs/target/log,UNAVAILABLE}
2019-09-20 08:26:57,797 [Thread-1336] INFO  ozone.MiniOzoneClusterImpl (MiniOzoneClusterImpl.java:stop(344)) - Shutting the HddsDatanodes
2019-09-20 08:26:57,797 [Thread-1336] INFO  datanode.ObjectStoreHandler (ObjectStoreHandler.java:close(155)) - Closing ObjectStoreHandler.
2019-09-20 08:26:57,797 [ForkJoinPool.commonPool-worker-0] INFO  datanode.ObjectStoreHandler (ObjectStoreHandler.java:close(155)) - Closing ObjectStoreHandler.
2019-09-20 08:26:57,798 [ForkJoinPool.commonPool-worker-0] INFO  ozone.HddsDatanodeService (HddsDatanodeService.java:stop(451)) - Stopped plug-in org.apache.hadoop.ozone.web.OzoneHddsDatanodeService@7bdf2b19
2019-09-20 08:26:57,798 [Thread-1336] INFO  ozone.HddsDatanodeService (HddsDatanodeService.java:stop(451)) - Stopped plug-in org.apache.hadoop.ozone.web.OzoneHddsDatanodeService@7d6d62cc
2019-09-20 08:26:58,076 [Datanode State Machine Thread - 0] INFO  statemachine.DatanodeStateMachine (DatanodeStateMachine.java:lambda$startDaemon$0(350)) - Ozone container server started.
2019-09-20 08:26:58,306 [Datanode State Machine Thread - 0] INFO  statemachine.DatanodeStateMachine (DatanodeStateMachine.java:lambda$startDaemon$0(350)) - Ozone container server started.
2019-09-20 08:26:58,568 | INFO  | SCMAudit | user=jenkins1000 | ip=192.168.34.27 | op=SEND_HEARTBEAT {datanodeUUID=1472a92e-7a5d-4f8d-b736-5dc5de02f163, command=[]} | ret=SUCCESS |  
2019-09-20 08:26:59,087 [Thread-1508] INFO  container.ReplicationManager (ReplicationManager.java:start(151)) - Starting Replication Monitor Thread.
2019-09-20 08:26:59,090 [ReplicationMonitor] INFO  container.ReplicationManager (ReplicationManager.java:run(214)) - Replication Monitor Thread took 0 milliseconds for processing 0 containers.
2019-09-20 08:26:59,568 | INFO  | SCMAudit | user=jenkins1000 | ip=192.168.34.27 | op=SEND_HEARTBEAT {datanodeUUID=1472a92e-7a5d-4f8d-b736-5dc5de02f163, command=[]} | ret=SUCCESS |  
2019-09-20 08:27:00,569 | INFO  | SCMAudit | user=jenkins1000 | ip=192.168.34.27 | op=SEND_HEARTBEAT {datanodeUUID=1472a92e-7a5d-4f8d-b736-5dc5de02f163, command=[]} | ret=SUCCESS |  
2019-09-20 08:27:01,175 [Thread-1510] INFO  impl.FollowerState (FollowerState.java:run(106)) - 86045968-2694-4a13-a31d-9b0ae4a485fe:group-79CD00DEA025 changes to CANDIDATE, lastRpcTime:5035, electionTimeout:5035ms
2019-09-20 08:27:01,175 [Thread-1510] INFO  impl.RoleInfo (RoleInfo.java:shutdownFollowerState(121)) - 86045968-2694-4a13-a31d-9b0ae4a485fe: shutdown FollowerState
2019-09-20 08:27:01,176 [Thread-1510] INFO  impl.RaftServerImpl (RaftServerImpl.java:setRole(171)) - 86045968-2694-4a13-a31d-9b0ae4a485fe:group-79CD00DEA025 changes role from FOLLOWER to CANDIDATE at term 0 for changeToCandidate
2019-09-20 08:27:01,176 [Thread-1510] INFO  impl.RoleInfo (RoleInfo.java:updateAndGet(143)) - 86045968-2694-4a13-a31d-9b0ae4a485fe: start LeaderElection
2019-09-20 08:27:01,192 [86045968-2694-4a13-a31d-9b0ae4a485fe:group-79CD00DEA025:LeaderElection90] INFO  impl.LeaderElection (LeaderElection.java:askForVotes(181)) - 86045968-2694-4a13-a31d-9b0ae4a485fe:group-79CD00DEA025:LeaderElection90: begin an election at term 1 for -1: [86045968-2694-4a13-a31d-9b0ae4a485fe:192.168.34.27:37734], old=null
2019-09-20 08:27:01,193 [86045968-2694-4a13-a31d-9b0ae4a485fe:group-79CD00DEA025:LeaderElection90] INFO  impl.RoleInfo (RoleInfo.java:shutdownLeaderElection(134)) - 86045968-2694-4a13-a31d-9b0ae4a485fe: shutdown LeaderElection
2019-09-20 08:27:01,193 [86045968-2694-4a13-a31d-9b0ae4a485fe:group-79CD00DEA025:LeaderElection90] INFO  impl.RaftServerImpl (RaftServerImpl.java:setRole(171)) - 86045968-2694-4a13-a31d-9b0ae4a485fe:group-79CD00DEA025 changes role from CANDIDATE to LEADER at term 1 for changeToLeader
2019-09-20 08:27:01,193 [86045968-2694-4a13-a31d-9b0ae4a485fe:group-79CD00DEA025:LeaderElection90] INFO  impl.RaftServerImpl (ServerState.java:setLeader(263)) - 86045968-2694-4a13-a31d-9b0ae4a485fe:group-79CD00DEA025 change Leader from null to 86045968-2694-4a13-a31d-9b0ae4a485fe at term 1 for becomeLeader, leader elected after 5057ms
2019-09-20 08:27:01,193 [86045968-2694-4a13-a31d-9b0ae4a485fe:group-79CD00DEA025:LeaderElection90] INFO  server.RaftServerConfigKeys (ConfUtils.java:logGet(43)) - raft.server.staging.catchup.gap = 1000 (default)
2019-09-20 08:27:01,193 [86045968-2694-4a13-a31d-9b0ae4a485fe:group-79CD00DEA025:LeaderElection90] INFO  server.RaftServerConfigKeys (ConfUtils.java:logGet(43)) - raft.server.rpc.sleep.time = 25ms (default)
2019-09-20 08:27:01,193 [86045968-2694-4a13-a31d-9b0ae4a485fe:group-79CD00DEA025:LeaderElection90] INFO  server.RaftServerConfigKeys (ConfUtils.java:logGet(43)) - raft.server.write.element-limit = 4096 (default)
2019-09-20 08:27:01,194 [86045968-2694-4a13-a31d-9b0ae4a485fe:group-79CD00DEA025:LeaderElection90] INFO  server.RaftServerConfigKeys (ConfUtils.java:logGet(43)) - raft.server.watch.timeout = 10s (default)
2019-09-20 08:27:01,194 [86045968-2694-4a13-a31d-9b0ae4a485fe:group-79CD00DEA025:LeaderElection90] INFO  server.RaftServerConfigKeys (ConfUtils.java:logGet(43)) - raft.server.watch.timeout.denomination = 1s (default)
2019-09-20 08:27:01,194 [86045968-2694-4a13-a31d-9b0ae4a485fe:group-79CD00DEA025:LeaderElection90] INFO  server.RaftServerConfigKeys (ConfUtils.java:logGet(43)) - raft.server.watch.element-limit = 65536 (default)
2019-09-20 08:27:01,194 [86045968-2694-4a13-a31d-9b0ae4a485fe:group-79CD00DEA025:LeaderElection90] INFO  impl.RoleInfo (RoleInfo.java:updateAndGet(143)) - 86045968-2694-4a13-a31d-9b0ae4a485fe: start LeaderState
2019-09-20 08:27:01,194 [86045968-2694-4a13-a31d-9b0ae4a485fe:group-79CD00DEA025:LeaderElection90] INFO  segmented.SegmentedRaftLogWorker (SegmentedRaftLogWorker.java:startLogSegment(380)) - 86045968-2694-4a13-a31d-9b0ae4a485fe-SegmentedRaftLogWorker:Storage Directory /workdir/hadoop-ozone/ozonefs/target/test-dir/MiniOzoneClusterImpl-57a912aa-d50f-4842-9d1d-666c9a8a8226/datanode-0/data/ratis/2a5a0eb0-2dc8-4d2d-aa51-79cd00dea025: Starting segment from index:0
2019-09-20 08:27:01,195 [86045968-2694-4a13-a31d-9b0ae4a485fe:group-79CD00DEA025:LeaderElection90] INFO  impl.RaftServerImpl (ServerState.java:setRaftConf(361)) - 86045968-2694-4a13-a31d-9b0ae4a485fe:group-79CD00DEA025 set configuration 0: [86045968-2694-4a13-a31d-9b0ae4a485fe:192.168.34.27:37734], old=null at 0
2019-09-20 08:27:01,246 [86045968-2694-4a13-a31d-9b0ae4a485fe-SegmentedRaftLogWorker:Storage Directory /workdir/hadoop-ozone/ozonefs/target/test-dir/MiniOzoneClusterImpl-57a912aa-d50f-4842-9d1d-666c9a8a8226/datanode-0/data/ratis/2a5a0eb0-2dc8-4d2d-aa51-79cd00dea025] INFO  segmented.SegmentedRaftLogWorker (SegmentedRaftLogWorker.java:execute(569)) - 86045968-2694-4a13-a31d-9b0ae4a485fe-SegmentedRaftLogWorker:Storage Directory /workdir/hadoop-ozone/ozonefs/target/test-dir/MiniOzoneClusterImpl-57a912aa-d50f-4842-9d1d-666c9a8a8226/datanode-0/data/ratis/2a5a0eb0-2dc8-4d2d-aa51-79cd00dea025: created new log segment /workdir/hadoop-ozone/ozonefs/target/test-dir/MiniOzoneClusterImpl-57a912aa-d50f-4842-9d1d-666c9a8a8226/datanode-0/data/ratis/2a5a0eb0-2dc8-4d2d-aa51-79cd00dea025/current/log_inprogress_0
2019-09-20 08:27:01,324 [Thread-1522] INFO  impl.FollowerState (FollowerState.java:run(106)) - 86045968-2694-4a13-a31d-9b0ae4a485fe:group-77466286AA35 changes to CANDIDATE, lastRpcTime:5029, electionTimeout:5029ms
2019-09-20 08:27:01,324 [Thread-1522] INFO  impl.RoleInfo (RoleInfo.java:shutdownFollowerState(121)) - 86045968-2694-4a13-a31d-9b0ae4a485fe: shutdown FollowerState
2019-09-20 08:27:01,324 [Thread-1522] INFO  impl.RaftServerImpl (RaftServerImpl.java:setRole(171)) - 86045968-2694-4a13-a31d-9b0ae4a485fe:group-77466286AA35 changes role from FOLLOWER to CANDIDATE at term 0 for changeToCandidate
2019-09-20 08:27:01,325 [Thread-1522] INFO  impl.RoleInfo (RoleInfo.java:updateAndGet(143)) - 86045968-2694-4a13-a31d-9b0ae4a485fe: start LeaderElection
2019-09-20 08:27:01,339 [86045968-2694-4a13-a31d-9b0ae4a485fe:group-77466286AA35:LeaderElection91] INFO  impl.LeaderElection (LeaderElection.java:askForVotes(181)) - 86045968-2694-4a13-a31d-9b0ae4a485fe:group-77466286AA35:LeaderElection91: begin an election at term 1 for -1: [86045968-2694-4a13-a31d-9b0ae4a485fe:192.168.34.27:37734], old=null
2019-09-20 08:27:01,340 [86045968-2694-4a13-a31d-9b0ae4a485fe:group-77466286AA35:LeaderElection91] INFO  impl.RoleInfo (RoleInfo.java:shutdownLeaderElection(134)) - 86045968-2694-4a13-a31d-9b0ae4a485fe: shutdown LeaderElection
2019-09-20 08:27:01,340 [86045968-2694-4a13-a31d-9b0ae4a485fe:group-77466286AA35:LeaderElection91] INFO  impl.RaftServerImpl (RaftServerImpl.java:setRole(171)) - 86045968-2694-4a13-a31d-9b0ae4a485fe:group-77466286AA35 changes role from CANDIDATE to LEADER at term 1 for changeToLeader
2019-09-20 08:27:01,340 [86045968-2694-4a13-a31d-9b0ae4a485fe:group-77466286AA35:LeaderElection91] INFO  impl.RaftServerImpl (ServerState.java:setLeader(263)) - 86045968-2694-4a13-a31d-9b0ae4a485fe:group-77466286AA35 change Leader from null to 86045968-2694-4a13-a31d-9b0ae4a485fe at term 1 for becomeLeader, leader elected after 5048ms
2019-09-20 08:27:01,340 [86045968-2694-4a13-a31d-9b0ae4a485fe:group-77466286AA35:LeaderElection91] INFO  server.RaftServerConfigKeys (ConfUtils.java:logGet(43)) - raft.server.staging.catchup.gap = 1000 (default)
2019-09-20 08:27:01,340 [86045968-2694-4a13-a31d-9b0ae4a485fe:group-77466286AA35:LeaderElection91] INFO  server.RaftServerConfigKeys (ConfUtils.java:logGet(43)) - raft.server.rpc.sleep.time = 25ms (default)
2019-09-20 08:27:01,340 [86045968-2694-4a13-a31d-9b0ae4a485fe:group-77466286AA35:LeaderElection91] INFO  server.RaftServerConfigKeys (ConfUtils.java:logGet(43)) - raft.server.write.element-limit = 4096 (default)
2019-09-20 08:27:01,341 [86045968-2694-4a13-a31d-9b0ae4a485fe:group-77466286AA35:LeaderElection91] INFO  server.RaftServerConfigKeys (ConfUtils.java:logGet(43)) - raft.server.watch.timeout = 10s (default)
2019-09-20 08:27:01,341 [86045968-2694-4a13-a31d-9b0ae4a485fe:group-77466286AA35:LeaderElection91] INFO  server.RaftServerConfigKeys (ConfUtils.java:logGet(43)) - raft.server.watch.timeout.denomination = 1s (default)
2019-09-20 08:27:01,341 [86045968-2694-4a13-a31d-9b0ae4a485fe:group-77466286AA35:LeaderElection91] INFO  server.RaftServerConfigKeys (ConfUtils.java:logGet(43)) - raft.server.watch.element-limit = 65536 (default)
2019-09-20 08:27:01,341 [86045968-2694-4a13-a31d-9b0ae4a485fe:group-77466286AA35:LeaderElection91] INFO  impl.RoleInfo (RoleInfo.java:updateAndGet(143)) - 86045968-2694-4a13-a31d-9b0ae4a485fe: start LeaderState
2019-09-20 08:27:01,341 [86045968-2694-4a13-a31d-9b0ae4a485fe:group-77466286AA35:LeaderElection91] INFO  segmented.SegmentedRaftLogWorker (SegmentedRaftLogWorker.java:startLogSegment(380)) - 86045968-2694-4a13-a31d-9b0ae4a485fe-SegmentedRaftLogWorker:Storage Directory /workdir/hadoop-ozone/ozonefs/target/test-dir/MiniOzoneClusterImpl-57a912aa-d50f-4842-9d1d-666c9a8a8226/datanode-0/data/ratis/34abd2bf-edef-40c0-aaa2-77466286aa35: Starting segment from index:0
2019-09-20 08:27:01,342 [86045968-2694-4a13-a31d-9b0ae4a485fe:group-77466286AA35:LeaderElection91] INFO  impl.RaftServerImpl (ServerState.java:setRaftConf(361)) - 86045968-2694-4a13-a31d-9b0ae4a485fe:group-77466286AA35 set configuration 0: [86045968-2694-4a13-a31d-9b0ae4a485fe:192.168.34.27:37734], old=null at 0
2019-09-20 08:27:01,351 [Thread-1516] INFO  impl.FollowerState (FollowerState.java:run(106)) - 86045968-2694-4a13-a31d-9b0ae4a485fe:group-B6F89D8D281C changes to CANDIDATE, lastRpcTime:5131, electionTimeout:5131ms
2019-09-20 08:27:01,351 [Thread-1516] INFO  impl.RoleInfo (RoleInfo.java:shutdownFollowerState(121)) - 86045968-2694-4a13-a31d-9b0ae4a485fe: shutdown FollowerState
2019-09-20 08:27:01,351 [Thread-1516] INFO  impl.RaftServerImpl (RaftServerImpl.java:setRole(171)) - 86045968-2694-4a13-a31d-9b0ae4a485fe:group-B6F89D8D281C changes role from FOLLOWER to CANDIDATE at term 0 for changeToCandidate
2019-09-20 08:27:01,351 [Thread-1516] INFO  impl.RoleInfo (RoleInfo.java:updateAndGet(143)) - 86045968-2694-4a13-a31d-9b0ae4a485fe: start LeaderElection
2019-09-20 08:27:01,383 [Thread-1513] INFO  impl.FollowerState (FollowerState.java:run(106)) - 86045968-2694-4a13-a31d-9b0ae4a485fe:group-CF7CC638C667 changes to CANDIDATE, lastRpcTime:5202, electionTimeout:5189ms
2019-09-20 08:27:01,383 [Thread-1513] INFO  impl.RoleInfo (RoleInfo.java:shutdownFollowerState(121)) - 86045968-2694-4a13-a31d-9b0ae4a485fe: shutdown FollowerState
2019-09-20 08:27:01,383 [Thread-1513] INFO  impl.RaftServerImpl (RaftServerImpl.java:setRole(171)) - 86045968-2694-4a13-a31d-9b0ae4a485fe:group-CF7CC638C667 changes role from FOLLOWER to CANDIDATE at term 0 for changeToCandidate
2019-09-20 08:27:01,383 [Thread-1513] INFO  impl.RoleInfo (RoleInfo.java:updateAndGet(143)) - 86045968-2694-4a13-a31d-9b0ae4a485fe: start LeaderElection
2019-09-20 08:27:01,394 [86045968-2694-4a13-a31d-9b0ae4a485fe-SegmentedRaftLogWorker:Storage Directory /workdir/hadoop-ozone/ozonefs/target/test-dir/MiniOzoneClusterImpl-57a912aa-d50f-4842-9d1d-666c9a8a8226/datanode-0/data/ratis/34abd2bf-edef-40c0-aaa2-77466286aa35] INFO  segmented.SegmentedRaftLogWorker (SegmentedRaftLogWorker.java:execute(569)) - 86045968-2694-4a13-a31d-9b0ae4a485fe-SegmentedRaftLogWorker:Storage Directory /workdir/hadoop-ozone/ozonefs/target/test-dir/MiniOzoneClusterImpl-57a912aa-d50f-4842-9d1d-666c9a8a8226/datanode-0/data/ratis/34abd2bf-edef-40c0-aaa2-77466286aa35: created new log segment /workdir/hadoop-ozone/ozonefs/target/test-dir/MiniOzoneClusterImpl-57a912aa-d50f-4842-9d1d-666c9a8a8226/datanode-0/data/ratis/34abd2bf-edef-40c0-aaa2-77466286aa35/current/log_inprogress_0
2019-09-20 08:27:01,394 [86045968-2694-4a13-a31d-9b0ae4a485fe:group-CF7CC638C667:LeaderElection93] INFO  impl.LeaderElection (LeaderElection.java:askForVotes(181)) - 86045968-2694-4a13-a31d-9b0ae4a485fe:group-CF7CC638C667:LeaderElection93: begin an election at term 1 for -1: [86045968-2694-4a13-a31d-9b0ae4a485fe:192.168.34.27:37734], old=null
2019-09-20 08:27:01,394 [86045968-2694-4a13-a31d-9b0ae4a485fe:group-B6F89D8D281C:LeaderElection92] INFO  impl.LeaderElection (LeaderElection.java:askForVotes(181)) - 86045968-2694-4a13-a31d-9b0ae4a485fe:group-B6F89D8D281C:LeaderElection92: begin an election at term 1 for -1: [86045968-2694-4a13-a31d-9b0ae4a485fe:192.168.34.27:37734], old=null
2019-09-20 08:27:01,394 [86045968-2694-4a13-a31d-9b0ae4a485fe:group-CF7CC638C667:LeaderElection93] INFO  impl.RoleInfo (RoleInfo.java:shutdownLeaderElection(134)) - 86045968-2694-4a13-a31d-9b0ae4a485fe: shutdown LeaderElection
2019-09-20 08:27:01,395 [86045968-2694-4a13-a31d-9b0ae4a485fe:group-B6F89D8D281C:LeaderElection92] INFO  impl.RoleInfo (RoleInfo.java:shutdownLeaderElection(134)) - 86045968-2694-4a13-a31d-9b0ae4a485fe: shutdown LeaderElection
2019-09-20 08:27:01,395 [86045968-2694-4a13-a31d-9b0ae4a485fe:group-CF7CC638C667:LeaderElection93] INFO  impl.RaftServerImpl (RaftServerImpl.java:setRole(171)) - 86045968-2694-4a13-a31d-9b0ae4a485fe:group-CF7CC638C667 changes role from CANDIDATE to LEADER at term 1 for changeToLeader
2019-09-20 08:27:01,395 [86045968-2694-4a13-a31d-9b0ae4a485fe:group-B6F89D8D281C:LeaderElection92] INFO  impl.RaftServerImpl (RaftServerImpl.java:setRole(171)) - 86045968-2694-4a13-a31d-9b0ae4a485fe:group-B6F89D8D281C changes role from CANDIDATE to LEADER at term 1 for changeToLeader
2019-09-20 08:27:01,395 [86045968-2694-4a13-a31d-9b0ae4a485fe:group-CF7CC638C667:LeaderElection93] INFO  impl.RaftServerImpl (ServerState.java:setLeader(263)) - 86045968-2694-4a13-a31d-9b0ae4a485fe:group-CF7CC638C667 change Leader from null to 86045968-2694-4a13-a31d-9b0ae4a485fe at term 1 for becomeLeader, leader elected after 5217ms
2019-09-20 08:27:01,395 [86045968-2694-4a13-a31d-9b0ae4a485fe:group-B6F89D8D281C:LeaderElection92] INFO  impl.RaftServerImpl (ServerState.java:setLeader(263)) - 86045968-2694-4a13-a31d-9b0ae4a485fe:group-B6F89D8D281C change Leader from null to 86045968-2694-4a13-a31d-9b0ae4a485fe at term 1 for becomeLeader, leader elected after 5178ms
2019-09-20 08:27:01,395 [86045968-2694-4a13-a31d-9b0ae4a485fe:group-CF7CC638C667:LeaderElection93] INFO  server.RaftServerConfigKeys (ConfUtils.java:logGet(43)) - raft.server.staging.catchup.gap = 1000 (default)
2019-09-20 08:27:01,395 [86045968-2694-4a13-a31d-9b0ae4a485fe:group-B6F89D8D281C:LeaderElection92] INFO  server.RaftServerConfigKeys (ConfUtils.java:logGet(43)) - raft.server.staging.catchup.gap = 1000 (default)
2019-09-20 08:27:01,396 [86045968-2694-4a13-a31d-9b0ae4a485fe:group-CF7CC638C667:LeaderElection93] INFO  server.RaftServerConfigKeys (ConfUtils.java:logGet(43)) - raft.server.rpc.sleep.time = 25ms (default)
2019-09-20 08:27:01,396 [86045968-2694-4a13-a31d-9b0ae4a485fe:group-B6F89D8D281C:LeaderElection92] INFO  server.RaftServerConfigKeys (ConfUtils.java:logGet(43)) - raft.server.rpc.sleep.time = 25ms (default)
2019-09-20 08:27:01,396 [86045968-2694-4a13-a31d-9b0ae4a485fe:group-CF7CC638C667:LeaderElection93] INFO  server.RaftServerConfigKeys (ConfUtils.java:logGet(43)) - raft.server.write.element-limit = 4096 (default)
2019-09-20 08:27:01,396 [86045968-2694-4a13-a31d-9b0ae4a485fe:group-B6F89D8D281C:LeaderElection92] INFO  server.RaftServerConfigKeys (ConfUtils.java:logGet(43)) - raft.server.write.element-limit = 4096 (default)
2019-09-20 08:27:01,396 [86045968-2694-4a13-a31d-9b0ae4a485fe:group-CF7CC638C667:LeaderElection93] INFO  server.RaftServerConfigKeys (ConfUtils.java:logGet(43)) - raft.server.watch.timeout = 10s (default)
2019-09-20 08:27:01,396 [86045968-2694-4a13-a31d-9b0ae4a485fe:group-B6F89D8D281C:LeaderElection92] INFO  server.RaftServerConfigKeys (ConfUtils.java:logGet(43)) - raft.server.watch.timeout = 10s (default)
2019-09-20 08:27:01,396 [86045968-2694-4a13-a31d-9b0ae4a485fe:group-CF7CC638C667:LeaderElection93] INFO  server.RaftServerConfigKeys (ConfUtils.java:logGet(43)) - raft.server.watch.timeout.denomination = 1s (default)
2019-09-20 08:27:01,396 [86045968-2694-4a13-a31d-9b0ae4a485fe:group-B6F89D8D281C:LeaderElection92] INFO  server.RaftServerConfigKeys (ConfUtils.java:logGet(43)) - raft.server.watch.timeout.denomination = 1s (default)
2019-09-20 08:27:01,396 [86045968-2694-4a13-a31d-9b0ae4a485fe:group-CF7CC638C667:LeaderElection93] INFO  server.RaftServerConfigKeys (ConfUtils.java:logGet(43)) - raft.server.watch.element-limit = 65536 (default)
2019-09-20 08:27:01,397 [86045968-2694-4a13-a31d-9b0ae4a485fe:group-B6F89D8D281C:LeaderElection92] INFO  server.RaftServerConfigKeys (ConfUtils.java:logGet(43)) - raft.server.watch.element-limit = 65536 (default)
2019-09-20 08:27:01,397 [86045968-2694-4a13-a31d-9b0ae4a485fe:group-CF7CC638C667:LeaderElection93] INFO  impl.RoleInfo (RoleInfo.java:updateAndGet(143)) - 86045968-2694-4a13-a31d-9b0ae4a485fe: start LeaderState
2019-09-20 08:27:01,397 [86045968-2694-4a13-a31d-9b0ae4a485fe:group-B6F89D8D281C:LeaderElection92] INFO  impl.RoleInfo (RoleInfo.java:updateAndGet(143)) - 86045968-2694-4a13-a31d-9b0ae4a485fe: start LeaderState
2019-09-20 08:27:01,397 [86045968-2694-4a13-a31d-9b0ae4a485fe:group-CF7CC638C667:LeaderElection93] INFO  segmented.SegmentedRaftLogWorker (SegmentedRaftLogWorker.java:startLogSegment(380)) - 86045968-2694-4a13-a31d-9b0ae4a485fe-SegmentedRaftLogWorker:Storage Directory /workdir/hadoop-ozone/ozonefs/target/test-dir/MiniOzoneClusterImpl-57a912aa-d50f-4842-9d1d-666c9a8a8226/datanode-0/data/ratis/69903cd1-61c7-47c9-b99b-cf7cc638c667: Starting segment from index:0
2019-09-20 08:27:01,397 [86045968-2694-4a13-a31d-9b0ae4a485fe:group-B6F89D8D281C:LeaderElection92] INFO  segmented.SegmentedRaftLogWorker (SegmentedRaftLogWorker.java:startLogSegment(380)) - 86045968-2694-4a13-a31d-9b0ae4a485fe-SegmentedRaftLogWorker:Storage Directory /workdir/hadoop-ozone/ozonefs/target/test-dir/MiniOzoneClusterImpl-57a912aa-d50f-4842-9d1d-666c9a8a8226/datanode-0/data/ratis/22ea5c4e-823b-4449-acfb-b6f89d8d281c: Starting segment from index:0
2019-09-20 08:27:01,398 [86045968-2694-4a13-a31d-9b0ae4a485fe:group-CF7CC638C667:LeaderElection93] INFO  impl.RaftServerImpl (ServerState.java:setRaftConf(361)) - 86045968-2694-4a13-a31d-9b0ae4a485fe:group-CF7CC638C667 set configuration 0: [86045968-2694-4a13-a31d-9b0ae4a485fe:192.168.34.27:37734], old=null at 0
2019-09-20 08:27:01,398 [86045968-2694-4a13-a31d-9b0ae4a485fe:group-B6F89D8D281C:LeaderElection92] INFO  impl.RaftServerImpl (ServerState.java:setRaftConf(361)) - 86045968-2694-4a13-a31d-9b0ae4a485fe:group-B6F89D8D281C set configuration 0: [86045968-2694-4a13-a31d-9b0ae4a485fe:192.168.34.27:37734], old=null at 0
2019-09-20 08:27:01,398 [Thread-1528] INFO  impl.FollowerState (FollowerState.java:run(106)) - 5e7c8f57-a8b0-4b60-89af-5f0214f88e99:group-930B0AF862CC changes to CANDIDATE, lastRpcTime:5062, electionTimeout:5062ms
2019-09-20 08:27:01,399 [Thread-1528] INFO  impl.RoleInfo (RoleInfo.java:shutdownFollowerState(121)) - 5e7c8f57-a8b0-4b60-89af-5f0214f88e99: shutdown FollowerState
2019-09-20 08:27:01,399 [Thread-1528] INFO  impl.RaftServerImpl (RaftServerImpl.java:setRole(171)) - 5e7c8f57-a8b0-4b60-89af-5f0214f88e99:group-930B0AF862CC changes role from FOLLOWER to CANDIDATE at term 0 for changeToCandidate
2019-09-20 08:27:01,399 [Thread-1528] INFO  impl.RoleInfo (RoleInfo.java:updateAndGet(143)) - 5e7c8f57-a8b0-4b60-89af-5f0214f88e99: start LeaderElection
2019-09-20 08:27:01,432 [Thread-1537] INFO  impl.FollowerState (FollowerState.java:run(106)) - 5e7c8f57-a8b0-4b60-89af-5f0214f88e99:group-FE86335DF1F1 changes to CANDIDATE, lastRpcTime:5042, electionTimeout:5033ms
2019-09-20 08:27:01,432 [Thread-1525] INFO  impl.FollowerState (FollowerState.java:run(106)) - 86045968-2694-4a13-a31d-9b0ae4a485fe:group-578B0CDCC2BA changes to CANDIDATE, lastRpcTime:5117, electionTimeout:5088ms
2019-09-20 08:27:01,432 [Thread-1537] INFO  impl.RoleInfo (RoleInfo.java:shutdownFollowerState(121)) - 5e7c8f57-a8b0-4b60-89af-5f0214f88e99: shutdown FollowerState
2019-09-20 08:27:01,433 [Thread-1525] INFO  impl.RoleInfo (RoleInfo.java:shutdownFollowerState(121)) - 86045968-2694-4a13-a31d-9b0ae4a485fe: shutdown FollowerState
2019-09-20 08:27:01,433 [Thread-1537] INFO  impl.RaftServerImpl (RaftServerImpl.java:setRole(171)) - 5e7c8f57-a8b0-4b60-89af-5f0214f88e99:group-FE86335DF1F1 changes role from FOLLOWER to CANDIDATE at term 0 for changeToCandidate
2019-09-20 08:27:01,433 [Thread-1525] INFO  impl.RaftServerImpl (RaftServerImpl.java:setRole(171)) - 86045968-2694-4a13-a31d-9b0ae4a485fe:group-578B0CDCC2BA changes role from FOLLOWER to CANDIDATE at term 0 for changeToCandidate
2019-09-20 08:27:01,433 [Thread-1537] INFO  impl.RoleInfo (RoleInfo.java:updateAndGet(143)) - 5e7c8f57-a8b0-4b60-89af-5f0214f88e99: start LeaderElection
2019-09-20 08:27:01,433 [Thread-1525] INFO  impl.RoleInfo (RoleInfo.java:updateAndGet(143)) - 86045968-2694-4a13-a31d-9b0ae4a485fe: start LeaderElection
2019-09-20 08:27:01,437 [86045968-2694-4a13-a31d-9b0ae4a485fe-SegmentedRaftLogWorker:Storage Directory /workdir/hadoop-ozone/ozonefs/target/test-dir/MiniOzoneClusterImpl-57a912aa-d50f-4842-9d1d-666c9a8a8226/datanode-0/data/ratis/22ea5c4e-823b-4449-acfb-b6f89d8d281c] INFO  segmented.SegmentedRaftLogWorker (SegmentedRaftLogWorker.java:execute(569)) - 86045968-2694-4a13-a31d-9b0ae4a485fe-SegmentedRaftLogWorker:Storage Directory /workdir/hadoop-ozone/ozonefs/target/test-dir/MiniOzoneClusterImpl-57a912aa-d50f-4842-9d1d-666c9a8a8226/datanode-0/data/ratis/22ea5c4e-823b-4449-acfb-b6f89d8d281c: created new log segment /workdir/hadoop-ozone/ozonefs/target/test-dir/MiniOzoneClusterImpl-57a912aa-d50f-4842-9d1d-666c9a8a8226/datanode-0/data/ratis/22ea5c4e-823b-4449-acfb-b6f89d8d281c/current/log_inprogress_0
2019-09-20 08:27:01,437 [86045968-2694-4a13-a31d-9b0ae4a485fe-SegmentedRaftLogWorker:Storage Directory /workdir/hadoop-ozone/ozonefs/target/test-dir/MiniOzoneClusterImpl-57a912aa-d50f-4842-9d1d-666c9a8a8226/datanode-0/data/ratis/69903cd1-61c7-47c9-b99b-cf7cc638c667] INFO  segmented.SegmentedRaftLogWorker (SegmentedRaftLogWorker.java:execute(569)) - 86045968-2694-4a13-a31d-9b0ae4a485fe-SegmentedRaftLogWorker:Storage Directory /workdir/hadoop-ozone/ozonefs/target/test-dir/MiniOzoneClusterImpl-57a912aa-d50f-4842-9d1d-666c9a8a8226/datanode-0/data/ratis/69903cd1-61c7-47c9-b99b-cf7cc638c667: created new log segment /workdir/hadoop-ozone/ozonefs/target/test-dir/MiniOzoneClusterImpl-57a912aa-d50f-4842-9d1d-666c9a8a8226/datanode-0/data/ratis/69903cd1-61c7-47c9-b99b-cf7cc638c667/current/log_inprogress_0
2019-09-20 08:27:01,437 [5e7c8f57-a8b0-4b60-89af-5f0214f88e99:group-930B0AF862CC:LeaderElection94] INFO  impl.LeaderElection (LeaderElection.java:askForVotes(181)) - 5e7c8f57-a8b0-4b60-89af-5f0214f88e99:group-930B0AF862CC:LeaderElection94: begin an election at term 1 for -1: [5e7c8f57-a8b0-4b60-89af-5f0214f88e99:192.168.34.27:45865], old=null
2019-09-20 08:27:01,438 [5e7c8f57-a8b0-4b60-89af-5f0214f88e99:group-930B0AF862CC:LeaderElection94] INFO  impl.RoleInfo (RoleInfo.java:shutdownLeaderElection(134)) - 5e7c8f57-a8b0-4b60-89af-5f0214f88e99: shutdown LeaderElection
2019-09-20 08:27:01,438 [5e7c8f57-a8b0-4b60-89af-5f0214f88e99:group-930B0AF862CC:LeaderElection94] INFO  impl.RaftServerImpl (RaftServerImpl.java:setRole(171)) - 5e7c8f57-a8b0-4b60-89af-5f0214f88e99:group-930B0AF862CC changes role from CANDIDATE to LEADER at term 1 for changeToLeader
2019-09-20 08:27:01,438 [5e7c8f57-a8b0-4b60-89af-5f0214f88e99:group-930B0AF862CC:LeaderElection94] INFO  impl.RaftServerImpl (ServerState.java:setLeader(263)) - 5e7c8f57-a8b0-4b60-89af-5f0214f88e99:group-930B0AF862CC change Leader from null to 5e7c8f57-a8b0-4b60-89af-5f0214f88e99 at term 1 for becomeLeader, leader elected after 5104ms
2019-09-20 08:27:01,438 [5e7c8f57-a8b0-4b60-89af-5f0214f88e99:group-930B0AF862CC:LeaderElection94] INFO  server.RaftServerConfigKeys (ConfUtils.java:logGet(43)) - raft.server.staging.catchup.gap = 1000 (default)
2019-09-20 08:27:01,438 [5e7c8f57-a8b0-4b60-89af-5f0214f88e99:group-930B0AF862CC:LeaderElection94] INFO  server.RaftServerConfigKeys (ConfUtils.java:logGet(43)) - raft.server.rpc.sleep.time = 25ms (default)
2019-09-20 08:27:01,438 [5e7c8f57-a8b0-4b60-89af-5f0214f88e99:group-930B0AF862CC:LeaderElection94] INFO  server.RaftServerConfigKeys (ConfUtils.java:logGet(43)) - raft.server.write.element-limit = 4096 (default)
2019-09-20 08:27:01,439 [5e7c8f57-a8b0-4b60-89af-5f0214f88e99:group-930B0AF862CC:LeaderElection94] INFO  server.RaftServerConfigKeys (ConfUtils.java:logGet(43)) - raft.server.watch.timeout = 10s (default)
2019-09-20 08:27:01,439 [5e7c8f57-a8b0-4b60-89af-5f0214f88e99:group-930B0AF862CC:LeaderElection94] INFO  server.RaftServerConfigKeys (ConfUtils.java:logGet(43)) - raft.server.watch.timeout.denomination = 1s (default)
2019-09-20 08:27:01,439 [5e7c8f57-a8b0-4b60-89af-5f0214f88e99:group-930B0AF862CC:LeaderElection94] INFO  server.RaftServerConfigKeys (ConfUtils.java:logGet(43)) - raft.server.watch.element-limit = 65536 (default)
2019-09-20 08:27:01,439 [5e7c8f57-a8b0-4b60-89af-5f0214f88e99:group-930B0AF862CC:LeaderElection94] INFO  impl.RoleInfo (RoleInfo.java:updateAndGet(143)) - 5e7c8f57-a8b0-4b60-89af-5f0214f88e99: start LeaderState
2019-09-20 08:27:01,439 [5e7c8f57-a8b0-4b60-89af-5f0214f88e99:group-930B0AF862CC:LeaderElection94] INFO  segmented.SegmentedRaftLogWorker (SegmentedRaftLogWorker.java:startLogSegment(380)) - 5e7c8f57-a8b0-4b60-89af-5f0214f88e99-SegmentedRaftLogWorker:Storage Directory /workdir/hadoop-ozone/ozonefs/target/test-dir/MiniOzoneClusterImpl-57a912aa-d50f-4842-9d1d-666c9a8a8226/datanode-1/data/ratis/9a1e5ac5-fa42-4e9b-915a-930b0af862cc: Starting segment from index:0
2019-09-20 08:27:01,440 [5e7c8f57-a8b0-4b60-89af-5f0214f88e99:group-930B0AF862CC:LeaderElection94] INFO  impl.RaftServerImpl (ServerState.java:setRaftConf(361)) - 5e7c8f57-a8b0-4b60-89af-5f0214f88e99:group-930B0AF862CC set configuration 0: [5e7c8f57-a8b0-4b60-89af-5f0214f88e99:192.168.34.27:45865], old=null at 0
2019-09-20 08:27:01,441 [86045968-2694-4a13-a31d-9b0ae4a485fe:group-578B0CDCC2BA:LeaderElection96] INFO  impl.LeaderElection (LeaderElection.java:askForVotes(181)) - 86045968-2694-4a13-a31d-9b0ae4a485fe:group-578B0CDCC2BA:LeaderElection96: begin an election at term 1 for -1: [86045968-2694-4a13-a31d-9b0ae4a485fe:192.168.34.27:37734], old=null
2019-09-20 08:27:01,441 [5e7c8f57-a8b0-4b60-89af-5f0214f88e99:group-FE86335DF1F1:LeaderElection95] INFO  impl.LeaderElection (LeaderElection.java:askForVotes(181)) - 5e7c8f57-a8b0-4b60-89af-5f0214f88e99:group-FE86335DF1F1:LeaderElection95: begin an election at term 1 for -1: [5e7c8f57-a8b0-4b60-89af-5f0214f88e99:192.168.34.27:45865], old=null
2019-09-20 08:27:01,441 [86045968-2694-4a13-a31d-9b0ae4a485fe:group-578B0CDCC2BA:LeaderElection96] INFO  impl.RoleInfo (RoleInfo.java:shutdownLeaderElection(134)) - 86045968-2694-4a13-a31d-9b0ae4a485fe: shutdown LeaderElection
2019-09-20 08:27:01,441 [5e7c8f57-a8b0-4b60-89af-5f0214f88e99:group-FE86335DF1F1:LeaderElection95] INFO  impl.RoleInfo (RoleInfo.java:shutdownLeaderElection(134)) - 5e7c8f57-a8b0-4b60-89af-5f0214f88e99: shutdown LeaderElection
2019-09-20 08:27:01,441 [86045968-2694-4a13-a31d-9b0ae4a485fe:group-578B0CDCC2BA:LeaderElection96] INFO  impl.RaftServerImpl (RaftServerImpl.java:setRole(171)) - 86045968-2694-4a13-a31d-9b0ae4a485fe:group-578B0CDCC2BA changes role from CANDIDATE to LEADER at term 1 for changeToLeader
2019-09-20 08:27:01,441 [5e7c8f57-a8b0-4b60-89af-5f0214f88e99:group-FE86335DF1F1:LeaderElection95] INFO  impl.RaftServerImpl (RaftServerImpl.java:setRole(171)) - 5e7c8f57-a8b0-4b60-89af-5f0214f88e99:group-FE86335DF1F1 changes role from CANDIDATE to LEADER at term 1 for changeToLeader
2019-09-20 08:27:01,441 [86045968-2694-4a13-a31d-9b0ae4a485fe:group-578B0CDCC2BA:LeaderElection96] INFO  impl.RaftServerImpl (ServerState.java:setLeader(263)) - 86045968-2694-4a13-a31d-9b0ae4a485fe:group-578B0CDCC2BA change Leader from null to 86045968-2694-4a13-a31d-9b0ae4a485fe at term 1 for becomeLeader, leader elected after 5130ms
2019-09-20 08:27:01,442 [5e7c8f57-a8b0-4b60-89af-5f0214f88e99:group-FE86335DF1F1:LeaderElection95] INFO  impl.RaftServerImpl (ServerState.java:setLeader(263)) - 5e7c8f57-a8b0-4b60-89af-5f0214f88e99:group-FE86335DF1F1 change Leader from null to 5e7c8f57-a8b0-4b60-89af-5f0214f88e99 at term 1 for becomeLeader, leader elected after 5054ms
2019-09-20 08:27:01,442 [86045968-2694-4a13-a31d-9b0ae4a485fe:group-578B0CDCC2BA:LeaderElection96] INFO  server.RaftServerConfigKeys (ConfUtils.java:logGet(43)) - raft.server.staging.catchup.gap = 1000 (default)
2019-09-20 08:27:01,442 [5e7c8f57-a8b0-4b60-89af-5f0214f88e99:group-FE86335DF1F1:LeaderElection95] INFO  server.RaftServerConfigKeys (ConfUtils.java:logGet(43)) - raft.server.staging.catchup.gap = 1000 (default)
2019-09-20 08:27:01,442 [86045968-2694-4a13-a31d-9b0ae4a485fe:group-578B0CDCC2BA:LeaderElection96] INFO  server.RaftServerConfigKeys (ConfUtils.java:logGet(43)) - raft.server.rpc.sleep.time = 25ms (default)
2019-09-20 08:27:01,442 [5e7c8f57-a8b0-4b60-89af-5f0214f88e99:group-FE86335DF1F1:LeaderElection95] INFO  server.RaftServerConfigKeys (ConfUtils.java:logGet(43)) - raft.server.rpc.sleep.time = 25ms (default)
2019-09-20 08:27:01,442 [86045968-2694-4a13-a31d-9b0ae4a485fe:group-578B0CDCC2BA:LeaderElection96] INFO  server.RaftServerConfigKeys (ConfUtils.java:logGet(43)) - raft.server.write.element-limit = 4096 (default)
2019-09-20 08:27:01,442 [5e7c8f57-a8b0-4b60-89af-5f0214f88e99:group-FE86335DF1F1:LeaderElection95] INFO  server.RaftServerConfigKeys (ConfUtils.java:logGet(43)) - raft.server.write.element-limit = 4096 (default)
2019-09-20 08:27:01,442 [86045968-2694-4a13-a31d-9b0ae4a485fe:group-578B0CDCC2BA:LeaderElection96] INFO  server.RaftServerConfigKeys (ConfUtils.java:logGet(43)) - raft.server.watch.timeout = 10s (default)
2019-09-20 08:27:01,443 [5e7c8f57-a8b0-4b60-89af-5f0214f88e99:group-FE86335DF1F1:LeaderElection95] INFO  server.RaftServerConfigKeys (ConfUtils.java:logGet(43)) - raft.server.watch.timeout = 10s (default)
2019-09-20 08:27:01,443 [86045968-2694-4a13-a31d-9b0ae4a485fe:group-578B0CDCC2BA:LeaderElection96] INFO  server.RaftServerConfigKeys (ConfUtils.java:logGet(43)) - raft.server.watch.timeout.denomination = 1s (default)
2019-09-20 08:27:01,443 [5e7c8f57-a8b0-4b60-89af-5f0214f88e99:group-FE86335DF1F1:LeaderElection95] INFO  server.RaftServerConfigKeys (ConfUtils.java:logGet(43)) - raft.server.watch.timeout.denomination = 1s (default)
2019-09-20 08:27:01,443 [86045968-2694-4a13-a31d-9b0ae4a485fe:group-578B0CDCC2BA:LeaderElection96] INFO  server.RaftServerConfigKeys (ConfUtils.java:logGet(43)) - raft.server.watch.element-limit = 65536 (default)
2019-09-20 08:27:01,443 [5e7c8f57-a8b0-4b60-89af-5f0214f88e99:group-FE86335DF1F1:LeaderElection95] INFO  server.RaftServerConfigKeys (ConfUtils.java:logGet(43)) - raft.server.watch.element-limit = 65536 (default)
2019-09-20 08:27:01,443 [86045968-2694-4a13-a31d-9b0ae4a485fe:group-578B0CDCC2BA:LeaderElection96] INFO  impl.RoleInfo (RoleInfo.java:updateAndGet(143)) - 86045968-2694-4a13-a31d-9b0ae4a485fe: start LeaderState
2019-09-20 08:27:01,443 [5e7c8f57-a8b0-4b60-89af-5f0214f88e99:group-FE86335DF1F1:LeaderElection95] INFO  impl.RoleInfo (RoleInfo.java:updateAndGet(143)) - 5e7c8f57-a8b0-4b60-89af-5f0214f88e99: start LeaderState
2019-09-20 08:27:01,443 [86045968-2694-4a13-a31d-9b0ae4a485fe:group-578B0CDCC2BA:LeaderElection96] INFO  segmented.SegmentedRaftLogWorker (SegmentedRaftLogWorker.java:startLogSegment(380)) - 86045968-2694-4a13-a31d-9b0ae4a485fe-SegmentedRaftLogWorker:Storage Directory /workdir/hadoop-ozone/ozonefs/target/test-dir/MiniOzoneClusterImpl-57a912aa-d50f-4842-9d1d-666c9a8a8226/datanode-0/data/ratis/c4998b48-a444-4c1c-afdd-578b0cdcc2ba: Starting segment from index:0
2019-09-20 08:27:01,444 [5e7c8f57-a8b0-4b60-89af-5f0214f88e99:group-FE86335DF1F1:LeaderElection95] INFO  segmented.SegmentedRaftLogWorker (SegmentedRaftLogWorker.java:startLogSegment(380)) - 5e7c8f57-a8b0-4b60-89af-5f0214f88e99-SegmentedRaftLogWorker:Storage Directory /workdir/hadoop-ozone/ozonefs/target/test-dir/MiniOzoneClusterImpl-57a912aa-d50f-4842-9d1d-666c9a8a8226/datanode-1/data/ratis/a5c0f601-6655-446f-814d-fe86335df1f1: Starting segment from index:0
2019-09-20 08:27:01,444 [86045968-2694-4a13-a31d-9b0ae4a485fe:group-578B0CDCC2BA:LeaderElection96] INFO  impl.RaftServerImpl (ServerState.java:setRaftConf(361)) - 86045968-2694-4a13-a31d-9b0ae4a485fe:group-578B0CDCC2BA set configuration 0: [86045968-2694-4a13-a31d-9b0ae4a485fe:192.168.34.27:37734], old=null at 0
2019-09-20 08:27:01,444 [5e7c8f57-a8b0-4b60-89af-5f0214f88e99:group-FE86335DF1F1:LeaderElection95] INFO  impl.RaftServerImpl (ServerState.java:setRaftConf(361)) - 5e7c8f57-a8b0-4b60-89af-5f0214f88e99:group-FE86335DF1F1 set configuration 0: [5e7c8f57-a8b0-4b60-89af-5f0214f88e99:192.168.34.27:45865], old=null at 0
2019-09-20 08:27:01,446 [Thread-1519] INFO  impl.FollowerState (FollowerState.java:run(106)) - 86045968-2694-4a13-a31d-9b0ae4a485fe:group-F68146DD7C96 changes to CANDIDATE, lastRpcTime:5188, electionTimeout:5188ms
2019-09-20 08:27:01,446 [Thread-1519] INFO  impl.RoleInfo (RoleInfo.java:shutdownFollowerState(121)) - 86045968-2694-4a13-a31d-9b0ae4a485fe: shutdown FollowerState
2019-09-20 08:27:01,446 [Thread-1519] INFO  impl.RaftServerImpl (RaftServerImpl.java:setRole(171)) - 86045968-2694-4a13-a31d-9b0ae4a485fe:group-F68146DD7C96 changes role from FOLLOWER to CANDIDATE at term 0 for changeToCandidate
2019-09-20 08:27:01,446 [Thread-1519] INFO  impl.RoleInfo (RoleInfo.java:updateAndGet(143)) - 86045968-2694-4a13-a31d-9b0ae4a485fe: start LeaderElection
2019-09-20 08:27:01,482 [Thread-1540] INFO  impl.FollowerState (FollowerState.java:run(106)) - 5e7c8f57-a8b0-4b60-89af-5f0214f88e99:group-B11296B85058 changes to CANDIDATE, lastRpcTime:5030, electionTimeout:5013ms
2019-09-20 08:27:01,482 [Thread-1540] INFO  impl.RoleInfo (RoleInfo.java:shutdownFollowerState(121)) - 5e7c8f57-a8b0-4b60-89af-5f0214f88e99: shutdown FollowerState
2019-09-20 08:27:01,482 [Thread-1540] INFO  impl.RaftServerImpl (RaftServerImpl.java:setRole(171)) - 5e7c8f57-a8b0-4b60-89af-5f0214f88e99:group-B11296B85058 changes role from FOLLOWER to CANDIDATE at term 0 for changeToCandidate
2019-09-20 08:27:01,482 [Thread-1540] INFO  impl.RoleInfo (RoleInfo.java:updateAndGet(143)) - 5e7c8f57-a8b0-4b60-89af-5f0214f88e99: start LeaderElection
2019-09-20 08:27:01,495 [Thread-1534] INFO  impl.FollowerState (FollowerState.java:run(106)) - 5e7c8f57-a8b0-4b60-89af-5f0214f88e99:group-5333CBDE923A changes to CANDIDATE, lastRpcTime:5123, electionTimeout:5123ms
2019-09-20 08:27:01,495 [Thread-1534] INFO  impl.RoleInfo (RoleInfo.java:shutdownFollowerState(121)) - 5e7c8f57-a8b0-4b60-89af-5f0214f88e99: shutdown FollowerState
2019-09-20 08:27:01,495 [Thread-1534] INFO  impl.RaftServerImpl (RaftServerImpl.java:setRole(171)) - 5e7c8f57-a8b0-4b60-89af-5f0214f88e99:group-5333CBDE923A changes role from FOLLOWER to CANDIDATE at term 0 for changeToCandidate
2019-09-20 08:27:01,495 [Thread-1534] INFO  impl.RoleInfo (RoleInfo.java:updateAndGet(143)) - 5e7c8f57-a8b0-4b60-89af-5f0214f88e99: start LeaderElection
2019-09-20 08:27:01,497 [5e7c8f57-a8b0-4b60-89af-5f0214f88e99-SegmentedRaftLogWorker:Storage Directory /workdir/hadoop-ozone/ozonefs/target/test-dir/MiniOzoneClusterImpl-57a912aa-d50f-4842-9d1d-666c9a8a8226/datanode-1/data/ratis/a5c0f601-6655-446f-814d-fe86335df1f1] INFO  segmented.SegmentedRaftLogWorker (SegmentedRaftLogWorker.java:execute(569)) - 5e7c8f57-a8b0-4b60-89af-5f0214f88e99-SegmentedRaftLogWorker:Storage Directory /workdir/hadoop-ozone/ozonefs/target/test-dir/MiniOzoneClusterImpl-57a912aa-d50f-4842-9d1d-666c9a8a8226/datanode-1/data/ratis/a5c0f601-6655-446f-814d-fe86335df1f1: created new log segment /workdir/hadoop-ozone/ozonefs/target/test-dir/MiniOzoneClusterImpl-57a912aa-d50f-4842-9d1d-666c9a8a8226/datanode-1/data/ratis/a5c0f601-6655-446f-814d-fe86335df1f1/current/log_inprogress_0
2019-09-20 08:27:01,497 [5e7c8f57-a8b0-4b60-89af-5f0214f88e99-SegmentedRaftLogWorker:Storage Directory /workdir/hadoop-ozone/ozonefs/target/test-dir/MiniOzoneClusterImpl-57a912aa-d50f-4842-9d1d-666c9a8a8226/datanode-1/data/ratis/9a1e5ac5-fa42-4e9b-915a-930b0af862cc] INFO  segmented.SegmentedRaftLogWorker (SegmentedRaftLogWorker.java:execute(569)) - 5e7c8f57-a8b0-4b60-89af-5f0214f88e99-SegmentedRaftLogWorker:Storage Directory /workdir/hadoop-ozone/ozonefs/target/test-dir/MiniOzoneClusterImpl-57a912aa-d50f-4842-9d1d-666c9a8a8226/datanode-1/data/ratis/9a1e5ac5-fa42-4e9b-915a-930b0af862cc: created new log segment /workdir/hadoop-ozone/ozonefs/target/test-dir/MiniOzoneClusterImpl-57a912aa-d50f-4842-9d1d-666c9a8a8226/datanode-1/data/ratis/9a1e5ac5-fa42-4e9b-915a-930b0af862cc/current/log_inprogress_0
2019-09-20 08:27:01,497 [86045968-2694-4a13-a31d-9b0ae4a485fe:group-F68146DD7C96:LeaderElection97] INFO  impl.LeaderElection (LeaderElection.java:askForVotes(181)) - 86045968-2694-4a13-a31d-9b0ae4a485fe:group-F68146DD7C96:LeaderElection97: begin an election at term 1 for -1: [86045968-2694-4a13-a31d-9b0ae4a485fe:192.168.34.27:37734], old=null
2019-09-20 08:27:01,497 [5e7c8f57-a8b0-4b60-89af-5f0214f88e99:group-B11296B85058:LeaderElection98] INFO  impl.LeaderElection (LeaderElection.java:askForVotes(181)) - 5e7c8f57-a8b0-4b60-89af-5f0214f88e99:group-B11296B85058:LeaderElection98: begin an election at term 1 for -1: [5e7c8f57-a8b0-4b60-89af-5f0214f88e99:192.168.34.27:45865], old=null
2019-09-20 08:27:01,497 [86045968-2694-4a13-a31d-9b0ae4a485fe-SegmentedRaftLogWorker:Storage Directory /workdir/hadoop-ozone/ozonefs/target/test-dir/MiniOzoneClusterImpl-57a912aa-d50f-4842-9d1d-666c9a8a8226/datanode-0/data/ratis/c4998b48-a444-4c1c-afdd-578b0cdcc2ba] INFO  segmented.SegmentedRaftLogWorker (SegmentedRaftLogWorker.java:execute(569)) - 86045968-2694-4a13-a31d-9b0ae4a485fe-SegmentedRaftLogWorker:Storage Directory /workdir/hadoop-ozone/ozonefs/target/test-dir/MiniOzoneClusterImpl-57a912aa-d50f-4842-9d1d-666c9a8a8226/datanode-0/data/ratis/c4998b48-a444-4c1c-afdd-578b0cdcc2ba: created new log segment /workdir/hadoop-ozone/ozonefs/target/test-dir/MiniOzoneClusterImpl-57a912aa-d50f-4842-9d1d-666c9a8a8226/datanode-0/data/ratis/c4998b48-a444-4c1c-afdd-578b0cdcc2ba/current/log_inprogress_0
2019-09-20 08:27:01,497 [5e7c8f57-a8b0-4b60-89af-5f0214f88e99:group-B11296B85058:LeaderElection98] INFO  impl.RoleInfo (RoleInfo.java:shutdownLeaderElection(134)) - 5e7c8f57-a8b0-4b60-89af-5f0214f88e99: shutdown LeaderElection
2019-09-20 08:27:01,497 [86045968-2694-4a13-a31d-9b0ae4a485fe:group-F68146DD7C96:LeaderElection97] INFO  impl.RoleInfo (RoleInfo.java:shutdownLeaderElection(134)) - 86045968-2694-4a13-a31d-9b0ae4a485fe: shutdown LeaderElection
2019-09-20 08:27:01,498 [5e7c8f57-a8b0-4b60-89af-5f0214f88e99:group-B11296B85058:LeaderElection98] INFO  impl.RaftServerImpl (RaftServerImpl.java:setRole(171)) - 5e7c8f57-a8b0-4b60-89af-5f0214f88e99:group-B11296B85058 changes role from CANDIDATE to LEADER at term 1 for changeToLeader
2019-09-20 08:27:01,498 [86045968-2694-4a13-a31d-9b0ae4a485fe:group-F68146DD7C96:LeaderElection97] INFO  impl.RaftServerImpl (RaftServerImpl.java:setRole(171)) - 86045968-2694-4a13-a31d-9b0ae4a485fe:group-F68146DD7C96 changes role from CANDIDATE to LEADER at term 1 for changeToLeader
2019-09-20 08:27:01,498 [5e7c8f57-a8b0-4b60-89af-5f0214f88e99:group-B11296B85058:LeaderElection98] INFO  impl.RaftServerImpl (ServerState.java:setLeader(263)) - 5e7c8f57-a8b0-4b60-89af-5f0214f88e99:group-B11296B85058 change Leader from null to 5e7c8f57-a8b0-4b60-89af-5f0214f88e99 at term 1 for becomeLeader, leader elected after 5051ms
2019-09-20 08:27:01,498 [86045968-2694-4a13-a31d-9b0ae4a485fe:group-F68146DD7C96:LeaderElection97] INFO  impl.RaftServerImpl (ServerState.java:setLeader(263)) - 86045968-2694-4a13-a31d-9b0ae4a485fe:group-F68146DD7C96 change Leader from null to 86045968-2694-4a13-a31d-9b0ae4a485fe at term 1 for becomeLeader, leader elected after 5243ms
2019-09-20 08:27:01,498 [5e7c8f57-a8b0-4b60-89af-5f0214f88e99:group-B11296B85058:LeaderElection98] INFO  server.RaftServerConfigKeys (ConfUtils.java:logGet(43)) - raft.server.staging.catchup.gap = 1000 (default)
2019-09-20 08:27:01,498 [86045968-2694-4a13-a31d-9b0ae4a485fe:group-F68146DD7C96:LeaderElection97] INFO  server.RaftServerConfigKeys (ConfUtils.java:logGet(43)) - raft.server.staging.catchup.gap = 1000 (default)
2019-09-20 08:27:01,499 [5e7c8f57-a8b0-4b60-89af-5f0214f88e99:group-B11296B85058:LeaderElection98] INFO  server.RaftServerConfigKeys (ConfUtils.java:logGet(43)) - raft.server.rpc.sleep.time = 25ms (default)
2019-09-20 08:27:01,499 [86045968-2694-4a13-a31d-9b0ae4a485fe:group-F68146DD7C96:LeaderElection97] INFO  server.RaftServerConfigKeys (ConfUtils.java:logGet(43)) - raft.server.rpc.sleep.time = 25ms (default)
2019-09-20 08:27:01,499 [5e7c8f57-a8b0-4b60-89af-5f0214f88e99:group-B11296B85058:LeaderElection98] INFO  server.RaftServerConfigKeys (ConfUtils.java:logGet(43)) - raft.server.write.element-limit = 4096 (default)
2019-09-20 08:27:01,499 [86045968-2694-4a13-a31d-9b0ae4a485fe:group-F68146DD7C96:LeaderElection97] INFO  server.RaftServerConfigKeys (ConfUtils.java:logGet(43)) - raft.server.write.element-limit = 4096 (default)
2019-09-20 08:27:01,499 [5e7c8f57-a8b0-4b60-89af-5f0214f88e99:group-B11296B85058:LeaderElection98] INFO  server.RaftServerConfigKeys (ConfUtils.java:logGet(43)) - raft.server.watch.timeout = 10s (default)
2019-09-20 08:27:01,499 [86045968-2694-4a13-a31d-9b0ae4a485fe:group-F68146DD7C96:LeaderElection97] INFO  server.RaftServerConfigKeys (ConfUtils.java:logGet(43)) - raft.server.watch.timeout = 10s (default)
2019-09-20 08:27:01,499 [5e7c8f57-a8b0-4b60-89af-5f0214f88e99:group-B11296B85058:LeaderElection98] INFO  server.RaftServerConfigKeys (ConfUtils.java:logGet(43)) - raft.server.watch.timeout.denomination = 1s (default)
2019-09-20 08:27:01,500 [86045968-2694-4a13-a31d-9b0ae4a485fe:group-F68146DD7C96:LeaderElection97] INFO  server.RaftServerConfigKeys (ConfUtils.java:logGet(43)) - raft.server.watch.timeout.denomination = 1s (default)
2019-09-20 08:27:01,500 [5e7c8f57-a8b0-4b60-89af-5f0214f88e99:group-B11296B85058:LeaderElection98] INFO  server.RaftServerConfigKeys (ConfUtils.java:logGet(43)) - raft.server.watch.element-limit = 65536 (default)
2019-09-20 08:27:01,500 [86045968-2694-4a13-a31d-9b0ae4a485fe:group-F68146DD7C96:LeaderElection97] INFO  server.RaftServerConfigKeys (ConfUtils.java:logGet(43)) - raft.server.watch.element-limit = 65536 (default)
2019-09-20 08:27:01,500 [5e7c8f57-a8b0-4b60-89af-5f0214f88e99:group-B11296B85058:LeaderElection98] INFO  impl.RoleInfo (RoleInfo.java:updateAndGet(143)) - 5e7c8f57-a8b0-4b60-89af-5f0214f88e99: start LeaderState
2019-09-20 08:27:01,500 [86045968-2694-4a13-a31d-9b0ae4a485fe:group-F68146DD7C96:LeaderElection97] INFO  impl.RoleInfo (RoleInfo.java:updateAndGet(143)) - 86045968-2694-4a13-a31d-9b0ae4a485fe: start LeaderState
2019-09-20 08:27:01,500 [5e7c8f57-a8b0-4b60-89af-5f0214f88e99:group-B11296B85058:LeaderElection98] INFO  segmented.SegmentedRaftLogWorker (SegmentedRaftLogWorker.java:startLogSegment(380)) - 5e7c8f57-a8b0-4b60-89af-5f0214f88e99-SegmentedRaftLogWorker:Storage Directory /workdir/hadoop-ozone/ozonefs/target/test-dir/MiniOzoneClusterImpl-57a912aa-d50f-4842-9d1d-666c9a8a8226/datanode-1/data/ratis/eb9eeb81-624f-47d4-b0e9-b11296b85058: Starting segment from index:0
2019-09-20 08:27:01,501 [86045968-2694-4a13-a31d-9b0ae4a485fe:group-F68146DD7C96:LeaderElection97] INFO  segmented.SegmentedRaftLogWorker (SegmentedRaftLogWorker.java:startLogSegment(380)) - 86045968-2694-4a13-a31d-9b0ae4a485fe-SegmentedRaftLogWorker:Storage Directory /workdir/hadoop-ozone/ozonefs/target/test-dir/MiniOzoneClusterImpl-57a912aa-d50f-4842-9d1d-666c9a8a8226/datanode-0/data/ratis/38ae7b89-2d8f-44ba-88c3-f68146dd7c96: Starting segment from index:0
2019-09-20 08:27:01,501 [5e7c8f57-a8b0-4b60-89af-5f0214f88e99:group-B11296B85058:LeaderElection98] INFO  impl.RaftServerImpl (ServerState.java:setRaftConf(361)) - 5e7c8f57-a8b0-4b60-89af-5f0214f88e99:group-B11296B85058 set configuration 0: [5e7c8f57-a8b0-4b60-89af-5f0214f88e99:192.168.34.27:45865], old=null at 0
2019-09-20 08:27:01,501 [86045968-2694-4a13-a31d-9b0ae4a485fe:group-F68146DD7C96:LeaderElection97] INFO  impl.RaftServerImpl (ServerState.java:setRaftConf(361)) - 86045968-2694-4a13-a31d-9b0ae4a485fe:group-F68146DD7C96 set configuration 0: [86045968-2694-4a13-a31d-9b0ae4a485fe:192.168.34.27:37734], old=null at 0
2019-09-20 08:27:01,510 [5e7c8f57-a8b0-4b60-89af-5f0214f88e99:group-5333CBDE923A:LeaderElection99] INFO  impl.LeaderElection (LeaderElection.java:askForVotes(181)) - 5e7c8f57-a8b0-4b60-89af-5f0214f88e99:group-5333CBDE923A:LeaderElection99: begin an election at term 1 for -1: [5e7c8f57-a8b0-4b60-89af-5f0214f88e99:192.168.34.27:45865], old=null
2019-09-20 08:27:01,510 [5e7c8f57-a8b0-4b60-89af-5f0214f88e99:group-5333CBDE923A:LeaderElection99] INFO  impl.RoleInfo (RoleInfo.java:shutdownLeaderElection(134)) - 5e7c8f57-a8b0-4b60-89af-5f0214f88e99: shutdown LeaderElection
2019-09-20 08:27:01,510 [5e7c8f57-a8b0-4b60-89af-5f0214f88e99:group-5333CBDE923A:LeaderElection99] INFO  impl.RaftServerImpl (RaftServerImpl.java:setRole(171)) - 5e7c8f57-a8b0-4b60-89af-5f0214f88e99:group-5333CBDE923A changes role from CANDIDATE to LEADER at term 1 for changeToLeader
2019-09-20 08:27:01,510 [5e7c8f57-a8b0-4b60-89af-5f0214f88e99:group-5333CBDE923A:LeaderElection99] INFO  impl.RaftServerImpl (ServerState.java:setLeader(263)) - 5e7c8f57-a8b0-4b60-89af-5f0214f88e99:group-5333CBDE923A change Leader from null to 5e7c8f57-a8b0-4b60-89af-5f0214f88e99 at term 1 for becomeLeader, leader elected after 5141ms
2019-09-20 08:27:01,510 [5e7c8f57-a8b0-4b60-89af-5f0214f88e99:group-5333CBDE923A:LeaderElection99] INFO  server.RaftServerConfigKeys (ConfUtils.java:logGet(43)) - raft.server.staging.catchup.gap = 1000 (default)
2019-09-20 08:27:01,511 [5e7c8f57-a8b0-4b60-89af-5f0214f88e99:group-5333CBDE923A:LeaderElection99] INFO  server.RaftServerConfigKeys (ConfUtils.java:logGet(43)) - raft.server.rpc.sleep.time = 25ms (default)
2019-09-20 08:27:01,511 [5e7c8f57-a8b0-4b60-89af-5f0214f88e99:group-5333CBDE923A:LeaderElection99] INFO  server.RaftServerConfigKeys (ConfUtils.java:logGet(43)) - raft.server.write.element-limit = 4096 (default)
2019-09-20 08:27:01,511 [5e7c8f57-a8b0-4b60-89af-5f0214f88e99:group-5333CBDE923A:LeaderElection99] INFO  server.RaftServerConfigKeys (ConfUtils.java:logGet(43)) - raft.server.watch.timeout = 10s (default)
2019-09-20 08:27:01,511 [5e7c8f57-a8b0-4b60-89af-5f0214f88e99:group-5333CBDE923A:LeaderElection99] INFO  server.RaftServerConfigKeys (ConfUtils.java:logGet(43)) - raft.server.watch.timeout.denomination = 1s (default)
2019-09-20 08:27:01,511 [5e7c8f57-a8b0-4b60-89af-5f0214f88e99:group-5333CBDE923A:LeaderElection99] INFO  server.RaftServerConfigKeys (ConfUtils.java:logGet(43)) - raft.server.watch.element-limit = 65536 (default)
2019-09-20 08:27:01,511 [5e7c8f57-a8b0-4b60-89af-5f0214f88e99:group-5333CBDE923A:LeaderElection99] INFO  impl.RoleInfo (RoleInfo.java:updateAndGet(143)) - 5e7c8f57-a8b0-4b60-89af-5f0214f88e99: start LeaderState
2019-09-20 08:27:01,511 [5e7c8f57-a8b0-4b60-89af-5f0214f88e99:group-5333CBDE923A:LeaderElection99] INFO  segmented.SegmentedRaftLogWorker (SegmentedRaftLogWorker.java:startLogSegment(380)) - 5e7c8f57-a8b0-4b60-89af-5f0214f88e99-SegmentedRaftLogWorker:Storage Directory /workdir/hadoop-ozone/ozonefs/target/test-dir/MiniOzoneClusterImpl-57a912aa-d50f-4842-9d1d-666c9a8a8226/datanode-1/data/ratis/167a2289-710a-4fee-9fbc-5333cbde923a: Starting segment from index:0
2019-09-20 08:27:01,512 [5e7c8f57-a8b0-4b60-89af-5f0214f88e99:group-5333CBDE923A:LeaderElection99] INFO  impl.RaftServerImpl (ServerState.java:setRaftConf(361)) - 5e7c8f57-a8b0-4b60-89af-5f0214f88e99:group-5333CBDE923A set configuration 0: [5e7c8f57-a8b0-4b60-89af-5f0214f88e99:192.168.34.27:45865], old=null at 0
2019-09-20 08:27:01,542 [Thread-1543] INFO  impl.FollowerState (FollowerState.java:run(106)) - 5e7c8f57-a8b0-4b60-89af-5f0214f88e99:group-0DB6814C3576 changes to CANDIDATE, lastRpcTime:5050, electionTimeout:5050ms
2019-09-20 08:27:01,542 [Thread-1543] INFO  impl.RoleInfo (RoleInfo.java:shutdownFollowerState(121)) - 5e7c8f57-a8b0-4b60-89af-5f0214f88e99: shutdown FollowerState
2019-09-20 08:27:01,542 [Thread-1543] INFO  impl.RaftServerImpl (RaftServerImpl.java:setRole(171)) - 5e7c8f57-a8b0-4b60-89af-5f0214f88e99:group-0DB6814C3576 changes role from FOLLOWER to CANDIDATE at term 0 for changeToCandidate
2019-09-20 08:27:01,543 [Thread-1543] INFO  impl.RoleInfo (RoleInfo.java:updateAndGet(143)) - 5e7c8f57-a8b0-4b60-89af-5f0214f88e99: start LeaderElection
2019-09-20 08:27:01,547 [86045968-2694-4a13-a31d-9b0ae4a485fe-SegmentedRaftLogWorker:Storage Directory /workdir/hadoop-ozone/ozonefs/target/test-dir/MiniOzoneClusterImpl-57a912aa-d50f-4842-9d1d-666c9a8a8226/datanode-0/data/ratis/38ae7b89-2d8f-44ba-88c3-f68146dd7c96] INFO  segmented.SegmentedRaftLogWorker (SegmentedRaftLogWorker.java:execute(569)) - 86045968-2694-4a13-a31d-9b0ae4a485fe-SegmentedRaftLogWorker:Storage Directory /workdir/hadoop-ozone/ozonefs/target/test-dir/MiniOzoneClusterImpl-57a912aa-d50f-4842-9d1d-666c9a8a8226/datanode-0/data/ratis/38ae7b89-2d8f-44ba-88c3-f68146dd7c96: created new log segment /workdir/hadoop-ozone/ozonefs/target/test-dir/MiniOzoneClusterImpl-57a912aa-d50f-4842-9d1d-666c9a8a8226/datanode-0/data/ratis/38ae7b89-2d8f-44ba-88c3-f68146dd7c96/current/log_inprogress_0
2019-09-20 08:27:01,547 [5e7c8f57-a8b0-4b60-89af-5f0214f88e99-SegmentedRaftLogWorker:Storage Directory /workdir/hadoop-ozone/ozonefs/target/test-dir/MiniOzoneClusterImpl-57a912aa-d50f-4842-9d1d-666c9a8a8226/datanode-1/data/ratis/eb9eeb81-624f-47d4-b0e9-b11296b85058] INFO  segmented.SegmentedRaftLogWorker (SegmentedRaftLogWorker.java:execute(569)) - 5e7c8f57-a8b0-4b60-89af-5f0214f88e99-SegmentedRaftLogWorker:Storage Directory /workdir/hadoop-ozone/ozonefs/target/test-dir/MiniOzoneClusterImpl-57a912aa-d50f-4842-9d1d-666c9a8a8226/datanode-1/data/ratis/eb9eeb81-624f-47d4-b0e9-b11296b85058: created new log segment /workdir/hadoop-ozone/ozonefs/target/test-dir/MiniOzoneClusterImpl-57a912aa-d50f-4842-9d1d-666c9a8a8226/datanode-1/data/ratis/eb9eeb81-624f-47d4-b0e9-b11296b85058/current/log_inprogress_0
2019-09-20 08:27:01,552 [Thread-1531] INFO  impl.FollowerState (FollowerState.java:run(106)) - 5e7c8f57-a8b0-4b60-89af-5f0214f88e99:group-2C34E91EB52B changes to CANDIDATE, lastRpcTime:5197, electionTimeout:5197ms
2019-09-20 08:27:01,552 [Thread-1531] INFO  impl.RoleInfo (RoleInfo.java:shutdownFollowerState(121)) - 5e7c8f57-a8b0-4b60-89af-5f0214f88e99: shutdown FollowerState
2019-09-20 08:27:01,552 [Thread-1531] INFO  impl.RaftServerImpl (RaftServerImpl.java:setRole(171)) - 5e7c8f57-a8b0-4b60-89af-5f0214f88e99:group-2C34E91EB52B changes role from FOLLOWER to CANDIDATE at term 0 for changeToCandidate
2019-09-20 08:27:01,552 [Thread-1531] INFO  impl.RoleInfo (RoleInfo.java:updateAndGet(143)) - 5e7c8f57-a8b0-4b60-89af-5f0214f88e99: start LeaderElection
2019-09-20 08:27:01,568 | INFO  | SCMAudit | user=jenkins1000 | ip=192.168.34.27 | op=SEND_HEARTBEAT {datanodeUUID=1472a92e-7a5d-4f8d-b736-5dc5de02f163, command=[]} | ret=SUCCESS |  
2019-09-20 08:27:01,573 [5e7c8f57-a8b0-4b60-89af-5f0214f88e99-SegmentedRaftLogWorker:Storage Directory /workdir/hadoop-ozone/ozonefs/target/test-dir/MiniOzoneClusterImpl-57a912aa-d50f-4842-9d1d-666c9a8a8226/datanode-1/data/ratis/167a2289-710a-4fee-9fbc-5333cbde923a] INFO  segmented.SegmentedRaftLogWorker (SegmentedRaftLogWorker.java:execute(569)) - 5e7c8f57-a8b0-4b60-89af-5f0214f88e99-SegmentedRaftLogWorker:Storage Directory /workdir/hadoop-ozone/ozonefs/target/test-dir/MiniOzoneClusterImpl-57a912aa-d50f-4842-9d1d-666c9a8a8226/datanode-1/data/ratis/167a2289-710a-4fee-9fbc-5333cbde923a: created new log segment /workdir/hadoop-ozone/ozonefs/target/test-dir/MiniOzoneClusterImpl-57a912aa-d50f-4842-9d1d-666c9a8a8226/datanode-1/data/ratis/167a2289-710a-4fee-9fbc-5333cbde923a/current/log_inprogress_0
2019-09-20 08:27:01,573 [5e7c8f57-a8b0-4b60-89af-5f0214f88e99:group-0DB6814C3576:LeaderElection100] INFO  impl.LeaderElection (LeaderElection.java:askForVotes(181)) - 5e7c8f57-a8b0-4b60-89af-5f0214f88e99:group-0DB6814C3576:LeaderElection100: begin an election at term 1 for -1: [5e7c8f57-a8b0-4b60-89af-5f0214f88e99:192.168.34.27:45865], old=null
2019-09-20 08:27:01,574 [5e7c8f57-a8b0-4b60-89af-5f0214f88e99:group-0DB6814C3576:LeaderElection100] INFO  impl.RoleInfo (RoleInfo.java:shutdownLeaderElection(134)) - 5e7c8f57-a8b0-4b60-89af-5f0214f88e99: shutdown LeaderElection
2019-09-20 08:27:01,574 [5e7c8f57-a8b0-4b60-89af-5f0214f88e99:group-0DB6814C3576:LeaderElection100] INFO  impl.RaftServerImpl (RaftServerImpl.java:setRole(171)) - 5e7c8f57-a8b0-4b60-89af-5f0214f88e99:group-0DB6814C3576 changes role from CANDIDATE to LEADER at term 1 for changeToLeader
2019-09-20 08:27:01,574 [5e7c8f57-a8b0-4b60-89af-5f0214f88e99:group-0DB6814C3576:LeaderElection100] INFO  impl.RaftServerImpl (ServerState.java:setLeader(263)) - 5e7c8f57-a8b0-4b60-89af-5f0214f88e99:group-0DB6814C3576 change Leader from null to 5e7c8f57-a8b0-4b60-89af-5f0214f88e99 at term 1 for becomeLeader, leader elected after 5085ms
2019-09-20 08:27:01,574 [5e7c8f57-a8b0-4b60-89af-5f0214f88e99:group-0DB6814C3576:LeaderElection100] INFO  server.RaftServerConfigKeys (ConfUtils.java:logGet(43)) - raft.server.staging.catchup.gap = 1000 (default)
2019-09-20 08:27:01,574 [5e7c8f57-a8b0-4b60-89af-5f0214f88e99:group-0DB6814C3576:LeaderElection100] INFO  server.RaftServerConfigKeys (ConfUtils.java:logGet(43)) - raft.server.rpc.sleep.time = 25ms (default)
2019-09-20 08:27:01,574 [5e7c8f57-a8b0-4b60-89af-5f0214f88e99:group-0DB6814C3576:LeaderElection100] INFO  server.RaftServerConfigKeys (ConfUtils.java:logGet(43)) - raft.server.write.element-limit = 4096 (default)
2019-09-20 08:27:01,574 [5e7c8f57-a8b0-4b60-89af-5f0214f88e99:group-0DB6814C3576:LeaderElection100] INFO  server.RaftServerConfigKeys (ConfUtils.java:logGet(43)) - raft.server.watch.timeout = 10s (default)
2019-09-20 08:27:01,575 [5e7c8f57-a8b0-4b60-89af-5f0214f88e99:group-0DB6814C3576:LeaderElection100] INFO  server.RaftServerConfigKeys (ConfUtils.java:logGet(43)) - raft.server.watch.timeout.denomination = 1s (default)
2019-09-20 08:27:01,575 [5e7c8f57-a8b0-4b60-89af-5f0214f88e99:group-0DB6814C3576:LeaderElection100] INFO  server.RaftServerConfigKeys (ConfUtils.java:logGet(43)) - raft.server.watch.element-limit = 65536 (default)
2019-09-20 08:27:01,575 [5e7c8f57-a8b0-4b60-89af-5f0214f88e99:group-0DB6814C3576:LeaderElection100] INFO  impl.RoleInfo (RoleInfo.java:updateAndGet(143)) - 5e7c8f57-a8b0-4b60-89af-5f0214f88e99: start LeaderState
2019-09-20 08:27:01,575 [5e7c8f57-a8b0-4b60-89af-5f0214f88e99:group-0DB6814C3576:LeaderElection100] INFO  segmented.SegmentedRaftLogWorker (SegmentedRaftLogWorker.java:startLogSegment(380)) - 5e7c8f57-a8b0-4b60-89af-5f0214f88e99-SegmentedRaftLogWorker:Storage Directory /workdir/hadoop-ozone/ozonefs/target/test-dir/MiniOzoneClusterImpl-57a912aa-d50f-4842-9d1d-666c9a8a8226/datanode-1/data/ratis/e6271923-a42d-4bba-8e80-0db6814c3576: Starting segment from index:0
2019-09-20 08:27:01,576 [5e7c8f57-a8b0-4b60-89af-5f0214f88e99:group-0DB6814C3576:LeaderElection100] INFO  impl.RaftServerImpl (ServerState.java:setRaftConf(361)) - 5e7c8f57-a8b0-4b60-89af-5f0214f88e99:group-0DB6814C3576 set configuration 0: [5e7c8f57-a8b0-4b60-89af-5f0214f88e99:192.168.34.27:45865], old=null at 0
2019-09-20 08:27:01,587 [5e7c8f57-a8b0-4b60-89af-5f0214f88e99:group-2C34E91EB52B:LeaderElection101] INFO  impl.LeaderElection (LeaderElection.java:askForVotes(181)) - 5e7c8f57-a8b0-4b60-89af-5f0214f88e99:group-2C34E91EB52B:LeaderElection101: begin an election at term 1 for -1: [5e7c8f57-a8b0-4b60-89af-5f0214f88e99:192.168.34.27:45865], old=null
2019-09-20 08:27:01,587 [5e7c8f57-a8b0-4b60-89af-5f0214f88e99:group-2C34E91EB52B:LeaderElection101] INFO  impl.RoleInfo (RoleInfo.java:shutdownLeaderElection(134)) - 5e7c8f57-a8b0-4b60-89af-5f0214f88e99: shutdown LeaderElection
2019-09-20 08:27:01,588 [5e7c8f57-a8b0-4b60-89af-5f0214f88e99:group-2C34E91EB52B:LeaderElection101] INFO  impl.RaftServerImpl (RaftServerImpl.java:setRole(171)) - 5e7c8f57-a8b0-4b60-89af-5f0214f88e99:group-2C34E91EB52B changes role from CANDIDATE to LEADER at term 1 for changeToLeader
2019-09-20 08:27:01,588 [5e7c8f57-a8b0-4b60-89af-5f0214f88e99:group-2C34E91EB52B:LeaderElection101] INFO  impl.RaftServerImpl (ServerState.java:setLeader(263)) - 5e7c8f57-a8b0-4b60-89af-5f0214f88e99:group-2C34E91EB52B change Leader from null to 5e7c8f57-a8b0-4b60-89af-5f0214f88e99 at term 1 for becomeLeader, leader elected after 5235ms
2019-09-20 08:27:01,588 [5e7c8f57-a8b0-4b60-89af-5f0214f88e99:group-2C34E91EB52B:LeaderElection101] INFO  server.RaftServerConfigKeys (ConfUtils.java:logGet(43)) - raft.server.staging.catchup.gap = 1000 (default)
2019-09-20 08:27:01,588 [5e7c8f57-a8b0-4b60-89af-5f0214f88e99:group-2C34E91EB52B:LeaderElection101] INFO  server.RaftServerConfigKeys (ConfUtils.java:logGet(43)) - raft.server.rpc.sleep.time = 25ms (default)
2019-09-20 08:27:01,588 [5e7c8f57-a8b0-4b60-89af-5f0214f88e99:group-2C34E91EB52B:LeaderElection101] INFO  server.RaftServerConfigKeys (ConfUtils.java:logGet(43)) - raft.server.write.element-limit = 4096 (default)
2019-09-20 08:27:01,588 [5e7c8f57-a8b0-4b60-89af-5f0214f88e99:group-2C34E91EB52B:LeaderElection101] INFO  server.RaftServerConfigKeys (ConfUtils.java:logGet(43)) - raft.server.watch.timeout = 10s (default)
2019-09-20 08:27:01,589 [5e7c8f57-a8b0-4b60-89af-5f0214f88e99:group-2C34E91EB52B:LeaderElection101] INFO  server.RaftServerConfigKeys (ConfUtils.java:logGet(43)) - raft.server.watch.timeout.denomination = 1s (default)
2019-09-20 08:27:01,589 [5e7c8f57-a8b0-4b60-89af-5f0214f88e99:group-2C34E91EB52B:LeaderElection101] INFO  server.RaftServerConfigKeys (ConfUtils.java:logGet(43)) - raft.server.watch.element-limit = 65536 (default)
2019-09-20 08:27:01,589 [5e7c8f57-a8b0-4b60-89af-5f0214f88e99:group-2C34E91EB52B:LeaderElection101] INFO  impl.RoleInfo (RoleInfo.java:updateAndGet(143)) - 5e7c8f57-a8b0-4b60-89af-5f0214f88e99: start LeaderState
2019-09-20 08:27:01,589 [5e7c8f57-a8b0-4b60-89af-5f0214f88e99:group-2C34E91EB52B:LeaderElection101] INFO  segmented.SegmentedRaftLogWorker (SegmentedRaftLogWorker.java:startLogSegment(380)) - 5e7c8f57-a8b0-4b60-89af-5f0214f88e99-SegmentedRaftLogWorker:Storage Directory /workdir/hadoop-ozone/ozonefs/target/test-dir/MiniOzoneClusterImpl-57a912aa-d50f-4842-9d1d-666c9a8a8226/datanode-1/data/ratis/32debed2-3884-465e-a3ab-2c34e91eb52b: Starting segment from index:0
2019-09-20 08:27:01,590 [5e7c8f57-a8b0-4b60-89af-5f0214f88e99:group-2C34E91EB52B:LeaderElection101] INFO  impl.RaftServerImpl (ServerState.java:setRaftConf(361)) - 5e7c8f57-a8b0-4b60-89af-5f0214f88e99:group-2C34E91EB52B set configuration 0: [5e7c8f57-a8b0-4b60-89af-5f0214f88e99:192.168.34.27:45865], old=null at 0
2019-09-20 08:27:01,648 [5e7c8f57-a8b0-4b60-89af-5f0214f88e99-SegmentedRaftLogWorker:Storage Directory /workdir/hadoop-ozone/ozonefs/target/test-dir/MiniOzoneClusterImpl-57a912aa-d50f-4842-9d1d-666c9a8a8226/datanode-1/data/ratis/e6271923-a42d-4bba-8e80-0db6814c3576] INFO  segmented.SegmentedRaftLogWorker (SegmentedRaftLogWorker.java:execute(569)) - 5e7c8f57-a8b0-4b60-89af-5f0214f88e99-SegmentedRaftLogWorker:Storage Directory /workdir/hadoop-ozone/ozonefs/target/test-dir/MiniOzoneClusterImpl-57a912aa-d50f-4842-9d1d-666c9a8a8226/datanode-1/data/ratis/e6271923-a42d-4bba-8e80-0db6814c3576: created new log segment /workdir/hadoop-ozone/ozonefs/target/test-dir/MiniOzoneClusterImpl-57a912aa-d50f-4842-9d1d-666c9a8a8226/datanode-1/data/ratis/e6271923-a42d-4bba-8e80-0db6814c3576/current/log_inprogress_0
2019-09-20 08:27:01,648 [5e7c8f57-a8b0-4b60-89af-5f0214f88e99-SegmentedRaftLogWorker:Storage Directory /workdir/hadoop-ozone/ozonefs/target/test-dir/MiniOzoneClusterImpl-57a912aa-d50f-4842-9d1d-666c9a8a8226/datanode-1/data/ratis/32debed2-3884-465e-a3ab-2c34e91eb52b] INFO  segmented.SegmentedRaftLogWorker (SegmentedRaftLogWorker.java:execute(569)) - 5e7c8f57-a8b0-4b60-89af-5f0214f88e99-SegmentedRaftLogWorker:Storage Directory /workdir/hadoop-ozone/ozonefs/target/test-dir/MiniOzoneClusterImpl-57a912aa-d50f-4842-9d1d-666c9a8a8226/datanode-1/data/ratis/32debed2-3884-465e-a3ab-2c34e91eb52b: created new log segment /workdir/hadoop-ozone/ozonefs/target/test-dir/MiniOzoneClusterImpl-57a912aa-d50f-4842-9d1d-666c9a8a8226/datanode-1/data/ratis/32debed2-3884-465e-a3ab-2c34e91eb52b/current/log_inprogress_0
2019-09-20 08:27:01,650 [Thread-1546] INFO  impl.FollowerState (FollowerState.java:run(106)) - 1472a92e-7a5d-4f8d-b736-5dc5de02f163:group-1BA396DDB63F changes to CANDIDATE, lastRpcTime:5027, electionTimeout:5027ms
2019-09-20 08:27:01,650 [Thread-1546] INFO  impl.RoleInfo (RoleInfo.java:shutdownFollowerState(121)) - 1472a92e-7a5d-4f8d-b736-5dc5de02f163: shutdown FollowerState
2019-09-20 08:27:01,651 [Thread-1546] INFO  impl.RaftServerImpl (RaftServerImpl.java:setRole(171)) - 1472a92e-7a5d-4f8d-b736-5dc5de02f163:group-1BA396DDB63F changes role from FOLLOWER to CANDIDATE at term 0 for changeToCandidate
2019-09-20 08:27:01,651 [Thread-1546] INFO  impl.RoleInfo (RoleInfo.java:updateAndGet(143)) - 1472a92e-7a5d-4f8d-b736-5dc5de02f163: start LeaderElection
2019-09-20 08:27:01,674 [1472a92e-7a5d-4f8d-b736-5dc5de02f163:group-1BA396DDB63F:LeaderElection102] INFO  impl.LeaderElection (LeaderElection.java:askForVotes(181)) - 1472a92e-7a5d-4f8d-b736-5dc5de02f163:group-1BA396DDB63F:LeaderElection102: begin an election at term 1 for -1: [1472a92e-7a5d-4f8d-b736-5dc5de02f163:192.168.34.27:33744], old=null
2019-09-20 08:27:01,674 [1472a92e-7a5d-4f8d-b736-5dc5de02f163:group-1BA396DDB63F:LeaderElection102] INFO  impl.RoleInfo (RoleInfo.java:shutdownLeaderElection(134)) - 1472a92e-7a5d-4f8d-b736-5dc5de02f163: shutdown LeaderElection
2019-09-20 08:27:01,674 [1472a92e-7a5d-4f8d-b736-5dc5de02f163:group-1BA396DDB63F:LeaderElection102] INFO  impl.RaftServerImpl (RaftServerImpl.java:setRole(171)) - 1472a92e-7a5d-4f8d-b736-5dc5de02f163:group-1BA396DDB63F changes role from CANDIDATE to LEADER at term 1 for changeToLeader
2019-09-20 08:27:01,674 [1472a92e-7a5d-4f8d-b736-5dc5de02f163:group-1BA396DDB63F:LeaderElection102] INFO  impl.RaftServerImpl (ServerState.java:setLeader(263)) - 1472a92e-7a5d-4f8d-b736-5dc5de02f163:group-1BA396DDB63F change Leader from null to 1472a92e-7a5d-4f8d-b736-5dc5de02f163 at term 1 for becomeLeader, leader elected after 5058ms
2019-09-20 08:27:01,674 [1472a92e-7a5d-4f8d-b736-5dc5de02f163:group-1BA396DDB63F:LeaderElection102] INFO  server.RaftServerConfigKeys (ConfUtils.java:logGet(43)) - raft.server.staging.catchup.gap = 1000 (default)
2019-09-20 08:27:01,675 [1472a92e-7a5d-4f8d-b736-5dc5de02f163:group-1BA396DDB63F:LeaderElection102] INFO  server.RaftServerConfigKeys (ConfUtils.java:logGet(43)) - raft.server.rpc.sleep.time = 25ms (default)
2019-09-20 08:27:01,675 [1472a92e-7a5d-4f8d-b736-5dc5de02f163:group-1BA396DDB63F:LeaderElection102] INFO  server.RaftServerConfigKeys (ConfUtils.java:logGet(43)) - raft.server.write.element-limit = 4096 (default)
2019-09-20 08:27:01,675 [1472a92e-7a5d-4f8d-b736-5dc5de02f163:group-1BA396DDB63F:LeaderElection102] INFO  server.RaftServerConfigKeys (ConfUtils.java:logGet(43)) - raft.server.watch.timeout = 10s (default)
2019-09-20 08:27:01,675 [1472a92e-7a5d-4f8d-b736-5dc5de02f163:group-1BA396DDB63F:LeaderElection102] INFO  server.RaftServerConfigKeys (ConfUtils.java:logGet(43)) - raft.server.watch.timeout.denomination = 1s (default)
2019-09-20 08:27:01,675 [1472a92e-7a5d-4f8d-b736-5dc5de02f163:group-1BA396DDB63F:LeaderElection102] INFO  server.RaftServerConfigKeys (ConfUtils.java:logGet(43)) - raft.server.watch.element-limit = 65536 (default)
2019-09-20 08:27:01,675 [1472a92e-7a5d-4f8d-b736-5dc5de02f163:group-1BA396DDB63F:LeaderElection102] INFO  impl.RoleInfo (RoleInfo.java:updateAndGet(143)) - 1472a92e-7a5d-4f8d-b736-5dc5de02f163: start LeaderState
2019-09-20 08:27:01,676 [1472a92e-7a5d-4f8d-b736-5dc5de02f163:group-1BA396DDB63F:LeaderElection102] INFO  segmented.SegmentedRaftLogWorker (SegmentedRaftLogWorker.java:startLogSegment(380)) - 1472a92e-7a5d-4f8d-b736-5dc5de02f163-SegmentedRaftLogWorker:Storage Directory /workdir/hadoop-ozone/ozonefs/target/test-dir/MiniOzoneClusterImpl-57a912aa-d50f-4842-9d1d-666c9a8a8226/datanode-2/data/ratis/ac8c9418-6d34-44ad-9540-1ba396ddb63f: Starting segment from index:0
2019-09-20 08:27:01,676 [1472a92e-7a5d-4f8d-b736-5dc5de02f163:group-1BA396DDB63F:LeaderElection102] INFO  impl.RaftServerImpl (ServerState.java:setRaftConf(361)) - 1472a92e-7a5d-4f8d-b736-5dc5de02f163:group-1BA396DDB63F set configuration 0: [1472a92e-7a5d-4f8d-b736-5dc5de02f163:192.168.34.27:33744], old=null at 0
2019-09-20 08:27:01,728 [1472a92e-7a5d-4f8d-b736-5dc5de02f163-SegmentedRaftLogWorker:Storage Directory /workdir/hadoop-ozone/ozonefs/target/test-dir/MiniOzoneClusterImpl-57a912aa-d50f-4842-9d1d-666c9a8a8226/datanode-2/data/ratis/ac8c9418-6d34-44ad-9540-1ba396ddb63f] INFO  segmented.SegmentedRaftLogWorker (SegmentedRaftLogWorker.java:execute(569)) - 1472a92e-7a5d-4f8d-b736-5dc5de02f163-SegmentedRaftLogWorker:Storage Directory /workdir/hadoop-ozone/ozonefs/target/test-dir/MiniOzoneClusterImpl-57a912aa-d50f-4842-9d1d-666c9a8a8226/datanode-2/data/ratis/ac8c9418-6d34-44ad-9540-1ba396ddb63f: created new log segment /workdir/hadoop-ozone/ozonefs/target/test-dir/MiniOzoneClusterImpl-57a912aa-d50f-4842-9d1d-666c9a8a8226/datanode-2/data/ratis/ac8c9418-6d34-44ad-9540-1ba396ddb63f/current/log_inprogress_0
2019-09-20 08:27:01,747 [Thread-1549] INFO  impl.FollowerState (FollowerState.java:run(106)) - 1472a92e-7a5d-4f8d-b736-5dc5de02f163:group-FD5796566ECC changes to CANDIDATE, lastRpcTime:5074, electionTimeout:5074ms
2019-09-20 08:27:01,747 [Thread-1549] INFO  impl.RoleInfo (RoleInfo.java:shutdownFollowerState(121)) - 1472a92e-7a5d-4f8d-b736-5dc5de02f163: shutdown FollowerState
2019-09-20 08:27:01,747 [Thread-1549] INFO  impl.RaftServerImpl (RaftServerImpl.java:setRole(171)) - 1472a92e-7a5d-4f8d-b736-5dc5de02f163:group-FD5796566ECC changes role from FOLLOWER to CANDIDATE at term 0 for changeToCandidate
2019-09-20 08:27:01,747 [Thread-1549] INFO  impl.RoleInfo (RoleInfo.java:updateAndGet(143)) - 1472a92e-7a5d-4f8d-b736-5dc5de02f163: start LeaderElection
2019-09-20 08:27:01,770 [1472a92e-7a5d-4f8d-b736-5dc5de02f163:group-FD5796566ECC:LeaderElection103] INFO  impl.LeaderElection (LeaderElection.java:askForVotes(181)) - 1472a92e-7a5d-4f8d-b736-5dc5de02f163:group-FD5796566ECC:LeaderElection103: begin an election at term 1 for -1: [1472a92e-7a5d-4f8d-b736-5dc5de02f163:192.168.34.27:33744], old=null
2019-09-20 08:27:01,771 [1472a92e-7a5d-4f8d-b736-5dc5de02f163:group-FD5796566ECC:LeaderElection103] INFO  impl.RoleInfo (RoleInfo.java:shutdownLeaderElection(134)) - 1472a92e-7a5d-4f8d-b736-5dc5de02f163: shutdown LeaderElection
2019-09-20 08:27:01,771 [1472a92e-7a5d-4f8d-b736-5dc5de02f163:group-FD5796566ECC:LeaderElection103] INFO  impl.RaftServerImpl (RaftServerImpl.java:setRole(171)) - 1472a92e-7a5d-4f8d-b736-5dc5de02f163:group-FD5796566ECC changes role from CANDIDATE to LEADER at term 1 for changeToLeader
2019-09-20 08:27:01,771 [1472a92e-7a5d-4f8d-b736-5dc5de02f163:group-FD5796566ECC:LeaderElection103] INFO  impl.RaftServerImpl (ServerState.java:setLeader(263)) - 1472a92e-7a5d-4f8d-b736-5dc5de02f163:group-FD5796566ECC change Leader from null to 1472a92e-7a5d-4f8d-b736-5dc5de02f163 at term 1 for becomeLeader, leader elected after 5103ms
2019-09-20 08:27:01,771 [1472a92e-7a5d-4f8d-b736-5dc5de02f163:group-FD5796566ECC:LeaderElection103] INFO  server.RaftServerConfigKeys (ConfUtils.java:logGet(43)) - raft.server.staging.catchup.gap = 1000 (default)
2019-09-20 08:27:01,771 [1472a92e-7a5d-4f8d-b736-5dc5de02f163:group-FD5796566ECC:LeaderElection103] INFO  server.RaftServerConfigKeys (ConfUtils.java:logGet(43)) - raft.server.rpc.sleep.time = 25ms (default)
2019-09-20 08:27:01,772 [1472a92e-7a5d-4f8d-b736-5dc5de02f163:group-FD5796566ECC:LeaderElection103] INFO  server.RaftServerConfigKeys (ConfUtils.java:logGet(43)) - raft.server.write.element-limit = 4096 (default)
2019-09-20 08:27:01,772 [1472a92e-7a5d-4f8d-b736-5dc5de02f163:group-FD5796566ECC:LeaderElection103] INFO  server.RaftServerConfigKeys (ConfUtils.java:logGet(43)) - raft.server.watch.timeout = 10s (default)
2019-09-20 08:27:01,772 [1472a92e-7a5d-4f8d-b736-5dc5de02f163:group-FD5796566ECC:LeaderElection103] INFO  server.RaftServerConfigKeys (ConfUtils.java:logGet(43)) - raft.server.watch.timeout.denomination = 1s (default)
2019-09-20 08:27:01,772 [1472a92e-7a5d-4f8d-b736-5dc5de02f163:group-FD5796566ECC:LeaderElection103] INFO  server.RaftServerConfigKeys (ConfUtils.java:logGet(43)) - raft.server.watch.element-limit = 65536 (default)
2019-09-20 08:27:01,772 [1472a92e-7a5d-4f8d-b736-5dc5de02f163:group-FD5796566ECC:LeaderElection103] INFO  impl.RoleInfo (RoleInfo.java:updateAndGet(143)) - 1472a92e-7a5d-4f8d-b736-5dc5de02f163: start LeaderState
2019-09-20 08:27:01,772 [1472a92e-7a5d-4f8d-b736-5dc5de02f163:group-FD5796566ECC:LeaderElection103] INFO  segmented.SegmentedRaftLogWorker (SegmentedRaftLogWorker.java:startLogSegment(380)) - 1472a92e-7a5d-4f8d-b736-5dc5de02f163-SegmentedRaftLogWorker:Storage Directory /workdir/hadoop-ozone/ozonefs/target/test-dir/MiniOzoneClusterImpl-57a912aa-d50f-4842-9d1d-666c9a8a8226/datanode-2/data/ratis/7ad9ccd2-f76c-49f9-b496-fd5796566ecc: Starting segment from index:0
2019-09-20 08:27:01,773 [1472a92e-7a5d-4f8d-b736-5dc5de02f163:group-FD5796566ECC:LeaderElection103] INFO  impl.RaftServerImpl (ServerState.java:setRaftConf(361)) - 1472a92e-7a5d-4f8d-b736-5dc5de02f163:group-FD5796566ECC set configuration 0: [1472a92e-7a5d-4f8d-b736-5dc5de02f163:192.168.34.27:33744], old=null at 0
2019-09-20 08:27:01,831 [1472a92e-7a5d-4f8d-b736-5dc5de02f163-SegmentedRaftLogWorker:Storage Directory /workdir/hadoop-ozone/ozonefs/target/test-dir/MiniOzoneClusterImpl-57a912aa-d50f-4842-9d1d-666c9a8a8226/datanode-2/data/ratis/7ad9ccd2-f76c-49f9-b496-fd5796566ecc] INFO  segmented.SegmentedRaftLogWorker (SegmentedRaftLogWorker.java:execute(569)) - 1472a92e-7a5d-4f8d-b736-5dc5de02f163-SegmentedRaftLogWorker:Storage Directory /workdir/hadoop-ozone/ozonefs/target/test-dir/MiniOzoneClusterImpl-57a912aa-d50f-4842-9d1d-666c9a8a8226/datanode-2/data/ratis/7ad9ccd2-f76c-49f9-b496-fd5796566ecc: created new log segment /workdir/hadoop-ozone/ozonefs/target/test-dir/MiniOzoneClusterImpl-57a912aa-d50f-4842-9d1d-666c9a8a8226/datanode-2/data/ratis/7ad9ccd2-f76c-49f9-b496-fd5796566ecc/current/log_inprogress_0
2019-09-20 08:27:01,885 [Thread-1552] INFO  impl.FollowerState (FollowerState.java:run(106)) - 1472a92e-7a5d-4f8d-b736-5dc5de02f163:group-689A2281E1A5 changes to CANDIDATE, lastRpcTime:5169, electionTimeout:5169ms
2019-09-20 08:27:01,885 [Thread-1552] INFO  impl.RoleInfo (RoleInfo.java:shutdownFollowerState(121)) - 1472a92e-7a5d-4f8d-b736-5dc5de02f163: shutdown FollowerState
2019-09-20 08:27:01,885 [Thread-1552] INFO  impl.RaftServerImpl (RaftServerImpl.java:setRole(171)) - 1472a92e-7a5d-4f8d-b736-5dc5de02f163:group-689A2281E1A5 changes role from FOLLOWER to CANDIDATE at term 0 for changeToCandidate
2019-09-20 08:27:01,885 [Thread-1552] INFO  impl.RoleInfo (RoleInfo.java:updateAndGet(143)) - 1472a92e-7a5d-4f8d-b736-5dc5de02f163: start LeaderElection
2019-09-20 08:27:01,901 [1472a92e-7a5d-4f8d-b736-5dc5de02f163:group-689A2281E1A5:LeaderElection104] INFO  impl.LeaderElection (LeaderElection.java:askForVotes(181)) - 1472a92e-7a5d-4f8d-b736-5dc5de02f163:group-689A2281E1A5:LeaderElection104: begin an election at term 1 for -1: [1472a92e-7a5d-4f8d-b736-5dc5de02f163:192.168.34.27:33744], old=null
2019-09-20 08:27:01,901 [1472a92e-7a5d-4f8d-b736-5dc5de02f163:group-689A2281E1A5:LeaderElection104] INFO  impl.RoleInfo (RoleInfo.java:shutdownLeaderElection(134)) - 1472a92e-7a5d-4f8d-b736-5dc5de02f163: shutdown LeaderElection
2019-09-20 08:27:01,901 [1472a92e-7a5d-4f8d-b736-5dc5de02f163:group-689A2281E1A5:LeaderElection104] INFO  impl.RaftServerImpl (RaftServerImpl.java:setRole(171)) - 1472a92e-7a5d-4f8d-b736-5dc5de02f163:group-689A2281E1A5 changes role from CANDIDATE to LEADER at term 1 for changeToLeader
2019-09-20 08:27:01,902 [1472a92e-7a5d-4f8d-b736-5dc5de02f163:group-689A2281E1A5:LeaderElection104] INFO  impl.RaftServerImpl (ServerState.java:setLeader(263)) - 1472a92e-7a5d-4f8d-b736-5dc5de02f163:group-689A2281E1A5 change Leader from null to 1472a92e-7a5d-4f8d-b736-5dc5de02f163 at term 1 for becomeLeader, leader elected after 5190ms
2019-09-20 08:27:01,902 [1472a92e-7a5d-4f8d-b736-5dc5de02f163:group-689A2281E1A5:LeaderElection104] INFO  server.RaftServerConfigKeys (ConfUtils.java:logGet(43)) - raft.server.staging.catchup.gap = 1000 (default)
2019-09-20 08:27:01,902 [1472a92e-7a5d-4f8d-b736-5dc5de02f163:group-689A2281E1A5:LeaderElection104] INFO  server.RaftServerConfigKeys (ConfUtils.java:logGet(43)) - raft.server.rpc.sleep.time = 25ms (default)
2019-09-20 08:27:01,902 [1472a92e-7a5d-4f8d-b736-5dc5de02f163:group-689A2281E1A5:LeaderElection104] INFO  server.RaftServerConfigKeys (ConfUtils.java:logGet(43)) - raft.server.write.element-limit = 4096 (default)
2019-09-20 08:27:01,902 [1472a92e-7a5d-4f8d-b736-5dc5de02f163:group-689A2281E1A5:LeaderElection104] INFO  server.RaftServerConfigKeys (ConfUtils.java:logGet(43)) - raft.server.watch.timeout = 10s (default)
2019-09-20 08:27:01,902 [1472a92e-7a5d-4f8d-b736-5dc5de02f163:group-689A2281E1A5:LeaderElection104] INFO  server.RaftServerConfigKeys (ConfUtils.java:logGet(43)) - raft.server.watch.timeout.denomination = 1s (default)
2019-09-20 08:27:01,903 [1472a92e-7a5d-4f8d-b736-5dc5de02f163:group-689A2281E1A5:LeaderElection104] INFO  server.RaftServerConfigKeys (ConfUtils.java:logGet(43)) - raft.server.watch.element-limit = 65536 (default)
2019-09-20 08:27:01,903 [1472a92e-7a5d-4f8d-b736-5dc5de02f163:group-689A2281E1A5:LeaderElection104] INFO  impl.RoleInfo (RoleInfo.java:updateAndGet(143)) - 1472a92e-7a5d-4f8d-b736-5dc5de02f163: start LeaderState
2019-09-20 08:27:01,903 [1472a92e-7a5d-4f8d-b736-5dc5de02f163:group-689A2281E1A5:LeaderElection104] INFO  segmented.SegmentedRaftLogWorker (SegmentedRaftLogWorker.java:startLogSegment(380)) - 1472a92e-7a5d-4f8d-b736-5dc5de02f163-SegmentedRaftLogWorker:Storage Directory /workdir/hadoop-ozone/ozonefs/target/test-dir/MiniOzoneClusterImpl-57a912aa-d50f-4842-9d1d-666c9a8a8226/datanode-2/data/ratis/ddf61628-c8be-4347-9d95-689a2281e1a5: Starting segment from index:0
2019-09-20 08:27:01,904 [1472a92e-7a5d-4f8d-b736-5dc5de02f163:group-689A2281E1A5:LeaderElection104] INFO  impl.RaftServerImpl (ServerState.java:setRaftConf(361)) - 1472a92e-7a5d-4f8d-b736-5dc5de02f163:group-689A2281E1A5 set configuration 0: [1472a92e-7a5d-4f8d-b736-5dc5de02f163:192.168.34.27:33744], old=null at 0
2019-09-20 08:27:01,926 [Thread-1561] INFO  impl.FollowerState (FollowerState.java:run(106)) - 1472a92e-7a5d-4f8d-b736-5dc5de02f163:group-F9ED180D9EB1 changes to CANDIDATE, lastRpcTime:5088, electionTimeout:5088ms
2019-09-20 08:27:01,926 [Thread-1561] INFO  impl.RoleInfo (RoleInfo.java:shutdownFollowerState(121)) - 1472a92e-7a5d-4f8d-b736-5dc5de02f163: shutdown FollowerState
2019-09-20 08:27:01,927 [Thread-1561] INFO  impl.RaftServerImpl (RaftServerImpl.java:setRole(171)) - 1472a92e-7a5d-4f8d-b736-5dc5de02f163:group-F9ED180D9EB1 changes role from FOLLOWER to CANDIDATE at term 0 for changeToCandidate
2019-09-20 08:27:01,927 [Thread-1561] INFO  impl.RoleInfo (RoleInfo.java:updateAndGet(143)) - 1472a92e-7a5d-4f8d-b736-5dc5de02f163: start LeaderElection
2019-09-20 08:27:01,940 [Thread-1558] INFO  impl.FollowerState (FollowerState.java:run(106)) - 1472a92e-7a5d-4f8d-b736-5dc5de02f163:group-0570C2AA12B8 changes to CANDIDATE, lastRpcTime:5142, electionTimeout:5140ms
2019-09-20 08:27:01,940 [Thread-1555] INFO  impl.FollowerState (FollowerState.java:run(106)) - 1472a92e-7a5d-4f8d-b736-5dc5de02f163:group-5F206EF1A5D8 changes to CANDIDATE, lastRpcTime:5183, electionTimeout:5179ms
2019-09-20 08:27:01,940 [Thread-1558] INFO  impl.RoleInfo (RoleInfo.java:shutdownFollowerState(121)) - 1472a92e-7a5d-4f8d-b736-5dc5de02f163: shutdown FollowerState
2019-09-20 08:27:01,940 [Thread-1555] INFO  impl.RoleInfo (RoleInfo.java:shutdownFollowerState(121)) - 1472a92e-7a5d-4f8d-b736-5dc5de02f163: shutdown FollowerState
2019-09-20 08:27:01,940 [Thread-1558] INFO  impl.RaftServerImpl (RaftServerImpl.java:setRole(171)) - 1472a92e-7a5d-4f8d-b736-5dc5de02f163:group-0570C2AA12B8 changes role from FOLLOWER to CANDIDATE at term 0 for changeToCandidate
2019-09-20 08:27:01,940 [Thread-1555] INFO  impl.RaftServerImpl (RaftServerImpl.java:setRole(171)) - 1472a92e-7a5d-4f8d-b736-5dc5de02f163:group-5F206EF1A5D8 changes role from FOLLOWER to CANDIDATE at term 0 for changeToCandidate
2019-09-20 08:27:01,940 [Thread-1558] INFO  impl.RoleInfo (RoleInfo.java:updateAndGet(143)) - 1472a92e-7a5d-4f8d-b736-5dc5de02f163: start LeaderElection
2019-09-20 08:27:01,940 [Thread-1555] INFO  impl.RoleInfo (RoleInfo.java:updateAndGet(143)) - 1472a92e-7a5d-4f8d-b736-5dc5de02f163: start LeaderElection
2019-09-20 08:27:01,953 [1472a92e-7a5d-4f8d-b736-5dc5de02f163:group-0570C2AA12B8:LeaderElection106] INFO  impl.LeaderElection (LeaderElection.java:askForVotes(181)) - 1472a92e-7a5d-4f8d-b736-5dc5de02f163:group-0570C2AA12B8:LeaderElection106: begin an election at term 1 for -1: [1472a92e-7a5d-4f8d-b736-5dc5de02f163:192.168.34.27:33744], old=null
2019-09-20 08:27:01,953 [1472a92e-7a5d-4f8d-b736-5dc5de02f163-SegmentedRaftLogWorker:Storage Directory /workdir/hadoop-ozone/ozonefs/target/test-dir/MiniOzoneClusterImpl-57a912aa-d50f-4842-9d1d-666c9a8a8226/datanode-2/data/ratis/ddf61628-c8be-4347-9d95-689a2281e1a5] INFO  segmented.SegmentedRaftLogWorker (SegmentedRaftLogWorker.java:execute(569)) - 1472a92e-7a5d-4f8d-b736-5dc5de02f163-SegmentedRaftLogWorker:Storage Directory /workdir/hadoop-ozone/ozonefs/target/test-dir/MiniOzoneClusterImpl-57a912aa-d50f-4842-9d1d-666c9a8a8226/datanode-2/data/ratis/ddf61628-c8be-4347-9d95-689a2281e1a5: created new log segment /workdir/hadoop-ozone/ozonefs/target/test-dir/MiniOzoneClusterImpl-57a912aa-d50f-4842-9d1d-666c9a8a8226/datanode-2/data/ratis/ddf61628-c8be-4347-9d95-689a2281e1a5/current/log_inprogress_0
2019-09-20 08:27:01,953 [1472a92e-7a5d-4f8d-b736-5dc5de02f163:group-0570C2AA12B8:LeaderElection106] INFO  impl.RoleInfo (RoleInfo.java:shutdownLeaderElection(134)) - 1472a92e-7a5d-4f8d-b736-5dc5de02f163: shutdown LeaderElection
2019-09-20 08:27:01,953 [1472a92e-7a5d-4f8d-b736-5dc5de02f163:group-5F206EF1A5D8:LeaderElection107] INFO  impl.LeaderElection (LeaderElection.java:askForVotes(181)) - 1472a92e-7a5d-4f8d-b736-5dc5de02f163:group-5F206EF1A5D8:LeaderElection107: begin an election at term 1 for -1: [1472a92e-7a5d-4f8d-b736-5dc5de02f163:192.168.34.27:33744], old=null
2019-09-20 08:27:01,953 [1472a92e-7a5d-4f8d-b736-5dc5de02f163:group-F9ED180D9EB1:LeaderElection105] INFO  impl.LeaderElection (LeaderElection.java:askForVotes(181)) - 1472a92e-7a5d-4f8d-b736-5dc5de02f163:group-F9ED180D9EB1:LeaderElection105: begin an election at term 1 for -1: [1472a92e-7a5d-4f8d-b736-5dc5de02f163:192.168.34.27:33744], old=null
2019-09-20 08:27:01,953 [1472a92e-7a5d-4f8d-b736-5dc5de02f163:group-5F206EF1A5D8:LeaderElection107] INFO  impl.RoleInfo (RoleInfo.java:shutdownLeaderElection(134)) - 1472a92e-7a5d-4f8d-b736-5dc5de02f163: shutdown LeaderElection
2019-09-20 08:27:01,953 [1472a92e-7a5d-4f8d-b736-5dc5de02f163:group-0570C2AA12B8:LeaderElection106] INFO  impl.RaftServerImpl (RaftServerImpl.java:setRole(171)) - 1472a92e-7a5d-4f8d-b736-5dc5de02f163:group-0570C2AA12B8 changes role from CANDIDATE to LEADER at term 1 for changeToLeader
2019-09-20 08:27:01,953 [1472a92e-7a5d-4f8d-b736-5dc5de02f163:group-5F206EF1A5D8:LeaderElection107] INFO  impl.RaftServerImpl (RaftServerImpl.java:setRole(171)) - 1472a92e-7a5d-4f8d-b736-5dc5de02f163:group-5F206EF1A5D8 changes role from CANDIDATE to LEADER at term 1 for changeToLeader
2019-09-20 08:27:01,954 [1472a92e-7a5d-4f8d-b736-5dc5de02f163:group-5F206EF1A5D8:LeaderElection107] INFO  impl.RaftServerImpl (ServerState.java:setLeader(263)) - 1472a92e-7a5d-4f8d-b736-5dc5de02f163:group-5F206EF1A5D8 change Leader from null to 1472a92e-7a5d-4f8d-b736-5dc5de02f163 at term 1 for becomeLeader, leader elected after 5201ms
2019-09-20 08:27:01,953 [1472a92e-7a5d-4f8d-b736-5dc5de02f163:group-F9ED180D9EB1:LeaderElection105] INFO  impl.RoleInfo (RoleInfo.java:shutdownLeaderElection(134)) - 1472a92e-7a5d-4f8d-b736-5dc5de02f163: shutdown LeaderElection
2019-09-20 08:27:01,954 [1472a92e-7a5d-4f8d-b736-5dc5de02f163:group-5F206EF1A5D8:LeaderElection107] INFO  server.RaftServerConfigKeys (ConfUtils.java:logGet(43)) - raft.server.staging.catchup.gap = 1000 (default)
2019-09-20 08:27:01,954 [1472a92e-7a5d-4f8d-b736-5dc5de02f163:group-0570C2AA12B8:LeaderElection106] INFO  impl.RaftServerImpl (ServerState.java:setLeader(263)) - 1472a92e-7a5d-4f8d-b736-5dc5de02f163:group-0570C2AA12B8 change Leader from null to 1472a92e-7a5d-4f8d-b736-5dc5de02f163 at term 1 for becomeLeader, leader elected after 5160ms
2019-09-20 08:27:01,954 [1472a92e-7a5d-4f8d-b736-5dc5de02f163:group-5F206EF1A5D8:LeaderElection107] INFO  server.RaftServerConfigKeys (ConfUtils.java:logGet(43)) - raft.server.rpc.sleep.time = 25ms (default)
2019-09-20 08:27:01,954 [1472a92e-7a5d-4f8d-b736-5dc5de02f163:group-F9ED180D9EB1:LeaderElection105] INFO  impl.RaftServerImpl (RaftServerImpl.java:setRole(171)) - 1472a92e-7a5d-4f8d-b736-5dc5de02f163:group-F9ED180D9EB1 changes role from CANDIDATE to LEADER at term 1 for changeToLeader
2019-09-20 08:27:01,954 [1472a92e-7a5d-4f8d-b736-5dc5de02f163:group-5F206EF1A5D8:LeaderElection107] INFO  server.RaftServerConfigKeys (ConfUtils.java:logGet(43)) - raft.server.write.element-limit = 4096 (default)
2019-09-20 08:27:01,954 [1472a92e-7a5d-4f8d-b736-5dc5de02f163:group-0570C2AA12B8:LeaderElection106] INFO  server.RaftServerConfigKeys (ConfUtils.java:logGet(43)) - raft.server.staging.catchup.gap = 1000 (default)
2019-09-20 08:27:01,955 [1472a92e-7a5d-4f8d-b736-5dc5de02f163:group-5F206EF1A5D8:LeaderElection107] INFO  server.RaftServerConfigKeys (ConfUtils.java:logGet(43)) - raft.server.watch.timeout = 10s (default)
2019-09-20 08:27:01,954 [1472a92e-7a5d-4f8d-b736-5dc5de02f163:group-F9ED180D9EB1:LeaderElection105] INFO  impl.RaftServerImpl (ServerState.java:setLeader(263)) - 1472a92e-7a5d-4f8d-b736-5dc5de02f163:group-F9ED180D9EB1 change Leader from null to 1472a92e-7a5d-4f8d-b736-5dc5de02f163 at term 1 for becomeLeader, leader elected after 5120ms
2019-09-20 08:27:01,955 [1472a92e-7a5d-4f8d-b736-5dc5de02f163:group-5F206EF1A5D8:LeaderElection107] INFO  server.RaftServerConfigKeys (ConfUtils.java:logGet(43)) - raft.server.watch.timeout.denomination = 1s (default)
2019-09-20 08:27:01,955 [1472a92e-7a5d-4f8d-b736-5dc5de02f163:group-0570C2AA12B8:LeaderElection106] INFO  server.RaftServerConfigKeys (ConfUtils.java:logGet(43)) - raft.server.rpc.sleep.time = 25ms (default)
2019-09-20 08:27:01,955 [1472a92e-7a5d-4f8d-b736-5dc5de02f163:group-5F206EF1A5D8:LeaderElection107] INFO  server.RaftServerConfigKeys (ConfUtils.java:logGet(43)) - raft.server.watch.element-limit = 65536 (default)
2019-09-20 08:27:01,955 [1472a92e-7a5d-4f8d-b736-5dc5de02f163:group-F9ED180D9EB1:LeaderElection105] INFO  server.RaftServerConfigKeys (ConfUtils.java:logGet(43)) - raft.server.staging.catchup.gap = 1000 (default)
2019-09-20 08:27:01,955 [1472a92e-7a5d-4f8d-b736-5dc5de02f163:group-5F206EF1A5D8:LeaderElection107] INFO  impl.RoleInfo (RoleInfo.java:updateAndGet(143)) - 1472a92e-7a5d-4f8d-b736-5dc5de02f163: start LeaderState
2019-09-20 08:27:01,955 [1472a92e-7a5d-4f8d-b736-5dc5de02f163:group-0570C2AA12B8:LeaderElection106] INFO  server.RaftServerConfigKeys (ConfUtils.java:logGet(43)) - raft.server.write.element-limit = 4096 (default)
2019-09-20 08:27:01,955 [1472a92e-7a5d-4f8d-b736-5dc5de02f163:group-F9ED180D9EB1:LeaderElection105] INFO  server.RaftServerConfigKeys (ConfUtils.java:logGet(43)) - raft.server.rpc.sleep.time = 25ms (default)
2019-09-20 08:27:01,956 [1472a92e-7a5d-4f8d-b736-5dc5de02f163:group-5F206EF1A5D8:LeaderElection107] INFO  segmented.SegmentedRaftLogWorker (SegmentedRaftLogWorker.java:startLogSegment(380)) - 1472a92e-7a5d-4f8d-b736-5dc5de02f163-SegmentedRaftLogWorker:Storage Directory /workdir/hadoop-ozone/ozonefs/target/test-dir/MiniOzoneClusterImpl-57a912aa-d50f-4842-9d1d-666c9a8a8226/datanode-2/data/ratis/b2bbadcd-c9dc-4c96-8c67-5f206ef1a5d8: Starting segment from index:0
2019-09-20 08:27:01,956 [1472a92e-7a5d-4f8d-b736-5dc5de02f163:group-0570C2AA12B8:LeaderElection106] INFO  server.RaftServerConfigKeys (ConfUtils.java:logGet(43)) - raft.server.watch.timeout = 10s (default)
2019-09-20 08:27:01,956 [1472a92e-7a5d-4f8d-b736-5dc5de02f163:group-F9ED180D9EB1:LeaderElection105] INFO  server.RaftServerConfigKeys (ConfUtils.java:logGet(43)) - raft.server.write.element-limit = 4096 (default)
2019-09-20 08:27:01,956 [1472a92e-7a5d-4f8d-b736-5dc5de02f163:group-0570C2AA12B8:LeaderElection106] INFO  server.RaftServerConfigKeys (ConfUtils.java:logGet(43)) - raft.server.watch.timeout.denomination = 1s (default)
2019-09-20 08:27:01,956 [1472a92e-7a5d-4f8d-b736-5dc5de02f163:group-F9ED180D9EB1:LeaderElection105] INFO  server.RaftServerConfigKeys (ConfUtils.java:logGet(43)) - raft.server.watch.timeout = 10s (default)
2019-09-20 08:27:01,956 [1472a92e-7a5d-4f8d-b736-5dc5de02f163:group-5F206EF1A5D8:LeaderElection107] INFO  impl.RaftServerImpl (ServerState.java:setRaftConf(361)) - 1472a92e-7a5d-4f8d-b736-5dc5de02f163:group-5F206EF1A5D8 set configuration 0: [1472a92e-7a5d-4f8d-b736-5dc5de02f163:192.168.34.27:33744], old=null at 0
2019-09-20 08:27:01,956 [1472a92e-7a5d-4f8d-b736-5dc5de02f163:group-0570C2AA12B8:LeaderElection106] INFO  server.RaftServerConfigKeys (ConfUtils.java:logGet(43)) - raft.server.watch.element-limit = 65536 (default)
2019-09-20 08:27:01,956 [1472a92e-7a5d-4f8d-b736-5dc5de02f163:group-F9ED180D9EB1:LeaderElection105] INFO  server.RaftServerConfigKeys (ConfUtils.java:logGet(43)) - raft.server.watch.timeout.denomination = 1s (default)
2019-09-20 08:27:01,957 [1472a92e-7a5d-4f8d-b736-5dc5de02f163:group-0570C2AA12B8:LeaderElection106] INFO  impl.RoleInfo (RoleInfo.java:updateAndGet(143)) - 1472a92e-7a5d-4f8d-b736-5dc5de02f163: start LeaderState
2019-09-20 08:27:01,957 [1472a92e-7a5d-4f8d-b736-5dc5de02f163:group-F9ED180D9EB1:LeaderElection105] INFO  server.RaftServerConfigKeys (ConfUtils.java:logGet(43)) - raft.server.watch.element-limit = 65536 (default)
2019-09-20 08:27:01,957 [1472a92e-7a5d-4f8d-b736-5dc5de02f163:group-0570C2AA12B8:LeaderElection106] INFO  segmented.SegmentedRaftLogWorker (SegmentedRaftLogWorker.java:startLogSegment(380)) - 1472a92e-7a5d-4f8d-b736-5dc5de02f163-SegmentedRaftLogWorker:Storage Directory /workdir/hadoop-ozone/ozonefs/target/test-dir/MiniOzoneClusterImpl-57a912aa-d50f-4842-9d1d-666c9a8a8226/datanode-2/data/ratis/9ea4ac63-cab1-41a4-ab06-0570c2aa12b8: Starting segment from index:0
2019-09-20 08:27:01,957 [1472a92e-7a5d-4f8d-b736-5dc5de02f163:group-F9ED180D9EB1:LeaderElection105] INFO  impl.RoleInfo (RoleInfo.java:updateAndGet(143)) - 1472a92e-7a5d-4f8d-b736-5dc5de02f163: start LeaderState
2019-09-20 08:27:01,957 [1472a92e-7a5d-4f8d-b736-5dc5de02f163:group-F9ED180D9EB1:LeaderElection105] INFO  segmented.SegmentedRaftLogWorker (SegmentedRaftLogWorker.java:startLogSegment(380)) - 1472a92e-7a5d-4f8d-b736-5dc5de02f163-SegmentedRaftLogWorker:Storage Directory /workdir/hadoop-ozone/ozonefs/target/test-dir/MiniOzoneClusterImpl-57a912aa-d50f-4842-9d1d-666c9a8a8226/datanode-2/data/ratis/18b612e7-e5e5-4359-a64f-f9ed180d9eb1: Starting segment from index:0
2019-09-20 08:27:01,957 [1472a92e-7a5d-4f8d-b736-5dc5de02f163:group-0570C2AA12B8:LeaderElection106] INFO  impl.RaftServerImpl (ServerState.java:setRaftConf(361)) - 1472a92e-7a5d-4f8d-b736-5dc5de02f163:group-0570C2AA12B8 set configuration 0: [1472a92e-7a5d-4f8d-b736-5dc5de02f163:192.168.34.27:33744], old=null at 0
2019-09-20 08:27:01,958 [1472a92e-7a5d-4f8d-b736-5dc5de02f163:group-F9ED180D9EB1:LeaderElection105] INFO  impl.RaftServerImpl (ServerState.java:setRaftConf(361)) - 1472a92e-7a5d-4f8d-b736-5dc5de02f163:group-F9ED180D9EB1 set configuration 0: [1472a92e-7a5d-4f8d-b736-5dc5de02f163:192.168.34.27:33744], old=null at 0
2019-09-20 08:27:02,000 [1472a92e-7a5d-4f8d-b736-5dc5de02f163-SegmentedRaftLogWorker:Storage Directory /workdir/hadoop-ozone/ozonefs/target/test-dir/MiniOzoneClusterImpl-57a912aa-d50f-4842-9d1d-666c9a8a8226/datanode-2/data/ratis/18b612e7-e5e5-4359-a64f-f9ed180d9eb1] INFO  segmented.SegmentedRaftLogWorker (SegmentedRaftLogWorker.java:execute(569)) - 1472a92e-7a5d-4f8d-b736-5dc5de02f163-SegmentedRaftLogWorker:Storage Directory /workdir/hadoop-ozone/ozonefs/target/test-dir/MiniOzoneClusterImpl-57a912aa-d50f-4842-9d1d-666c9a8a8226/datanode-2/data/ratis/18b612e7-e5e5-4359-a64f-f9ed180d9eb1: created new log segment /workdir/hadoop-ozone/ozonefs/target/test-dir/MiniOzoneClusterImpl-57a912aa-d50f-4842-9d1d-666c9a8a8226/datanode-2/data/ratis/18b612e7-e5e5-4359-a64f-f9ed180d9eb1/current/log_inprogress_0
2019-09-20 08:27:02,000 [1472a92e-7a5d-4f8d-b736-5dc5de02f163-SegmentedRaftLogWorker:Storage Directory /workdir/hadoop-ozone/ozonefs/target/test-dir/MiniOzoneClusterImpl-57a912aa-d50f-4842-9d1d-666c9a8a8226/datanode-2/data/ratis/9ea4ac63-cab1-41a4-ab06-0570c2aa12b8] INFO  segmented.SegmentedRaftLogWorker (SegmentedRaftLogWorker.java:execute(569)) - 1472a92e-7a5d-4f8d-b736-5dc5de02f163-SegmentedRaftLogWorker:Storage Directory /workdir/hadoop-ozone/ozonefs/target/test-dir/MiniOzoneClusterImpl-57a912aa-d50f-4842-9d1d-666c9a8a8226/datanode-2/data/ratis/9ea4ac63-cab1-41a4-ab06-0570c2aa12b8: created new log segment /workdir/hadoop-ozone/ozonefs/target/test-dir/MiniOzoneClusterImpl-57a912aa-d50f-4842-9d1d-666c9a8a8226/datanode-2/data/ratis/9ea4ac63-cab1-41a4-ab06-0570c2aa12b8/current/log_inprogress_0
2019-09-20 08:27:02,000 [1472a92e-7a5d-4f8d-b736-5dc5de02f163-SegmentedRaftLogWorker:Storage Directory /workdir/hadoop-ozone/ozonefs/target/test-dir/MiniOzoneClusterImpl-57a912aa-d50f-4842-9d1d-666c9a8a8226/datanode-2/data/ratis/b2bbadcd-c9dc-4c96-8c67-5f206ef1a5d8] INFO  segmented.SegmentedRaftLogWorker (SegmentedRaftLogWorker.java:execute(569)) - 1472a92e-7a5d-4f8d-b736-5dc5de02f163-SegmentedRaftLogWorker:Storage Directory /workdir/hadoop-ozone/ozonefs/target/test-dir/MiniOzoneClusterImpl-57a912aa-d50f-4842-9d1d-666c9a8a8226/datanode-2/data/ratis/b2bbadcd-c9dc-4c96-8c67-5f206ef1a5d8: created new log segment /workdir/hadoop-ozone/ozonefs/target/test-dir/MiniOzoneClusterImpl-57a912aa-d50f-4842-9d1d-666c9a8a8226/datanode-2/data/ratis/b2bbadcd-c9dc-4c96-8c67-5f206ef1a5d8/current/log_inprogress_0
2019-09-20 08:27:02,568 | INFO  | SCMAudit | user=jenkins1000 | ip=192.168.34.27 | op=SEND_HEARTBEAT {datanodeUUID=1472a92e-7a5d-4f8d-b736-5dc5de02f163, command=[]} | ret=SUCCESS |  
2019-09-20 08:27:02,798 [ForkJoinPool.commonPool-worker-0] INFO  ozoneimpl.OzoneContainer (OzoneContainer.java:stop(199)) - Attempting to stop container services.
2019-09-20 08:27:02,799 [Thread-1336] INFO  ozoneimpl.OzoneContainer (OzoneContainer.java:stop(199)) - Attempting to stop container services.
2019-09-20 08:27:02,799 [ForkJoinPool.commonPool-worker-0] INFO  impl.RaftServerProxy (RaftServerProxy.java:lambda$close$4(314)) - 86045968-2694-4a13-a31d-9b0ae4a485fe: close
2019-09-20 08:27:02,799 [Thread-1336] INFO  impl.RaftServerProxy (RaftServerProxy.java:lambda$close$4(314)) - 5e7c8f57-a8b0-4b60-89af-5f0214f88e99: close
2019-09-20 08:27:02,799 [ForkJoinPool.commonPool-worker-0] INFO  impl.RaftServerImpl (RaftServerImpl.java:lambda$shutdown$3(245)) - 86045968-2694-4a13-a31d-9b0ae4a485fe: shutdown group-B6F89D8D281C
2019-09-20 08:27:02,800 [Thread-1336] INFO  impl.RaftServerImpl (RaftServerImpl.java:lambda$shutdown$3(245)) - 5e7c8f57-a8b0-4b60-89af-5f0214f88e99: shutdown group-930B0AF862CC
2019-09-20 08:27:02,800 [ForkJoinPool.commonPool-worker-0] INFO  util.JmxRegister (JmxRegister.java:unregister(73)) - Successfully un-registered JMX Bean with object name Ratis:service=RaftServer,group=group-B6F89D8D281C,id=86045968-2694-4a13-a31d-9b0ae4a485fe
2019-09-20 08:27:02,800 [Thread-1336] INFO  util.JmxRegister (JmxRegister.java:unregister(73)) - Successfully un-registered JMX Bean with object name Ratis:service=RaftServer,group=group-930B0AF862CC,id=5e7c8f57-a8b0-4b60-89af-5f0214f88e99
2019-09-20 08:27:02,801 [ForkJoinPool.commonPool-worker-0] INFO  impl.RoleInfo (RoleInfo.java:shutdownLeaderState(104)) - 86045968-2694-4a13-a31d-9b0ae4a485fe: shutdown LeaderState
2019-09-20 08:27:02,801 [Thread-1336] INFO  impl.RoleInfo (RoleInfo.java:shutdownLeaderState(104)) - 5e7c8f57-a8b0-4b60-89af-5f0214f88e99: shutdown LeaderState
2019-09-20 08:27:02,801 [ForkJoinPool.commonPool-worker-0] INFO  impl.PendingRequests (PendingRequests.java:sendNotLeaderResponses(202)) - 86045968-2694-4a13-a31d-9b0ae4a485fe-PendingRequests: sendNotLeaderResponses
2019-09-20 08:27:02,802 [Thread-1336] INFO  impl.PendingRequests (PendingRequests.java:sendNotLeaderResponses(202)) - 5e7c8f57-a8b0-4b60-89af-5f0214f88e99-PendingRequests: sendNotLeaderResponses
2019-09-20 08:27:02,802 [ForkJoinPool.commonPool-worker-0] INFO  impl.StateMachineUpdater (StateMachineUpdater.java:stopAndJoin(115)) - StateMachineUpdater:86045968-2694-4a13-a31d-9b0ae4a485fe:group-B6F89D8D281C: set stopIndex = 0
2019-09-20 08:27:02,802 [Thread-1336] INFO  impl.StateMachineUpdater (StateMachineUpdater.java:stopAndJoin(115)) - StateMachineUpdater:5e7c8f57-a8b0-4b60-89af-5f0214f88e99:group-930B0AF862CC: set stopIndex = 0
2019-09-20 08:27:02,803 [Thread-1336] INFO  impl.RaftServerImpl (ServerState.java:close(394)) - 5e7c8f57-a8b0-4b60-89af-5f0214f88e99:group-930B0AF862CC closes. The last applied log index is 0
2019-09-20 08:27:02,803 [ForkJoinPool.commonPool-worker-0] INFO  impl.RaftServerImpl (ServerState.java:close(394)) - 86045968-2694-4a13-a31d-9b0ae4a485fe:group-B6F89D8D281C closes. The last applied log index is 0
2019-09-20 08:27:02,803 [5e7c8f57-a8b0-4b60-89af-5f0214f88e99-SegmentedRaftLogWorker:Storage Directory /workdir/hadoop-ozone/ozonefs/target/test-dir/MiniOzoneClusterImpl-57a912aa-d50f-4842-9d1d-666c9a8a8226/datanode-1/data/ratis/9a1e5ac5-fa42-4e9b-915a-930b0af862cc] INFO  segmented.SegmentedRaftLogWorker (SegmentedRaftLogWorker.java:run(313)) - 5e7c8f57-a8b0-4b60-89af-5f0214f88e99-SegmentedRaftLogWorker:Storage Directory /workdir/hadoop-ozone/ozonefs/target/test-dir/MiniOzoneClusterImpl-57a912aa-d50f-4842-9d1d-666c9a8a8226/datanode-1/data/ratis/9a1e5ac5-fa42-4e9b-915a-930b0af862cc was interrupted, exiting. There are 0 tasks remaining in the queue.
2019-09-20 08:27:02,804 [86045968-2694-4a13-a31d-9b0ae4a485fe-SegmentedRaftLogWorker:Storage Directory /workdir/hadoop-ozone/ozonefs/target/test-dir/MiniOzoneClusterImpl-57a912aa-d50f-4842-9d1d-666c9a8a8226/datanode-0/data/ratis/22ea5c4e-823b-4449-acfb-b6f89d8d281c] INFO  segmented.SegmentedRaftLogWorker (SegmentedRaftLogWorker.java:run(313)) - 86045968-2694-4a13-a31d-9b0ae4a485fe-SegmentedRaftLogWorker:Storage Directory /workdir/hadoop-ozone/ozonefs/target/test-dir/MiniOzoneClusterImpl-57a912aa-d50f-4842-9d1d-666c9a8a8226/datanode-0/data/ratis/22ea5c4e-823b-4449-acfb-b6f89d8d281c was interrupted, exiting. There are 0 tasks remaining in the queue.
2019-09-20 08:27:02,804 [Thread-1336] INFO  segmented.SegmentedRaftLogWorker (SegmentedRaftLogWorker.java:close(228)) - 5e7c8f57-a8b0-4b60-89af-5f0214f88e99-SegmentedRaftLogWorker:Storage Directory /workdir/hadoop-ozone/ozonefs/target/test-dir/MiniOzoneClusterImpl-57a912aa-d50f-4842-9d1d-666c9a8a8226/datanode-1/data/ratis/9a1e5ac5-fa42-4e9b-915a-930b0af862cc close()
2019-09-20 08:27:02,804 [ForkJoinPool.commonPool-worker-0] INFO  segmented.SegmentedRaftLogWorker (SegmentedRaftLogWorker.java:close(228)) - 86045968-2694-4a13-a31d-9b0ae4a485fe-SegmentedRaftLogWorker:Storage Directory /workdir/hadoop-ozone/ozonefs/target/test-dir/MiniOzoneClusterImpl-57a912aa-d50f-4842-9d1d-666c9a8a8226/datanode-0/data/ratis/22ea5c4e-823b-4449-acfb-b6f89d8d281c close()
2019-09-20 08:27:02,807 [Thread-1336] INFO  impl.RaftServerImpl (RaftServerImpl.java:lambda$shutdown$3(245)) - 5e7c8f57-a8b0-4b60-89af-5f0214f88e99: shutdown group-2C34E91EB52B
2019-09-20 08:27:02,808 [ForkJoinPool.commonPool-worker-0] INFO  impl.RaftServerImpl (RaftServerImpl.java:lambda$shutdown$3(245)) - 86045968-2694-4a13-a31d-9b0ae4a485fe: shutdown group-CF7CC638C667
2019-09-20 08:27:02,809 [Thread-1336] INFO  util.JmxRegister (JmxRegister.java:unregister(73)) - Successfully un-registered JMX Bean with object name Ratis:service=RaftServer,group=group-2C34E91EB52B,id=5e7c8f57-a8b0-4b60-89af-5f0214f88e99
2019-09-20 08:27:02,809 [ForkJoinPool.commonPool-worker-0] INFO  util.JmxRegister (JmxRegister.java:unregister(73)) - Successfully un-registered JMX Bean with object name Ratis:service=RaftServer,group=group-CF7CC638C667,id=86045968-2694-4a13-a31d-9b0ae4a485fe
2019-09-20 08:27:02,809 [Thread-1336] INFO  impl.RoleInfo (RoleInfo.java:shutdownLeaderState(104)) - 5e7c8f57-a8b0-4b60-89af-5f0214f88e99: shutdown LeaderState
2019-09-20 08:27:02,810 [ForkJoinPool.commonPool-worker-0] INFO  impl.RoleInfo (RoleInfo.java:shutdownLeaderState(104)) - 86045968-2694-4a13-a31d-9b0ae4a485fe: shutdown LeaderState
2019-09-20 08:27:02,810 [Thread-1336] INFO  impl.PendingRequests (PendingRequests.java:sendNotLeaderResponses(202)) - 5e7c8f57-a8b0-4b60-89af-5f0214f88e99-PendingRequests: sendNotLeaderResponses
2019-09-20 08:27:02,810 [ForkJoinPool.commonPool-worker-0] INFO  impl.PendingRequests (PendingRequests.java:sendNotLeaderResponses(202)) - 86045968-2694-4a13-a31d-9b0ae4a485fe-PendingRequests: sendNotLeaderResponses
2019-09-20 08:27:02,811 [Thread-1336] INFO  impl.StateMachineUpdater (StateMachineUpdater.java:stopAndJoin(115)) - StateMachineUpdater:5e7c8f57-a8b0-4b60-89af-5f0214f88e99:group-2C34E91EB52B: set stopIndex = 0
2019-09-20 08:27:02,811 [ForkJoinPool.commonPool-worker-0] INFO  impl.StateMachineUpdater (StateMachineUpdater.java:stopAndJoin(115)) - StateMachineUpdater:86045968-2694-4a13-a31d-9b0ae4a485fe:group-CF7CC638C667: set stopIndex = 0
2019-09-20 08:27:02,811 [Thread-1336] INFO  impl.RaftServerImpl (ServerState.java:close(394)) - 5e7c8f57-a8b0-4b60-89af-5f0214f88e99:group-2C34E91EB52B closes. The last applied log index is 0
2019-09-20 08:27:02,811 [ForkJoinPool.commonPool-worker-0] INFO  impl.RaftServerImpl (ServerState.java:close(394)) - 86045968-2694-4a13-a31d-9b0ae4a485fe:group-CF7CC638C667 closes. The last applied log index is 0
2019-09-20 08:27:02,812 [5e7c8f57-a8b0-4b60-89af-5f0214f88e99-SegmentedRaftLogWorker:Storage Directory /workdir/hadoop-ozone/ozonefs/target/test-dir/MiniOzoneClusterImpl-57a912aa-d50f-4842-9d1d-666c9a8a8226/datanode-1/data/ratis/32debed2-3884-465e-a3ab-2c34e91eb52b] INFO  segmented.SegmentedRaftLogWorker (SegmentedRaftLogWorker.java:run(313)) - 5e7c8f57-a8b0-4b60-89af-5f0214f88e99-SegmentedRaftLogWorker:Storage Directory /workdir/hadoop-ozone/ozonefs/target/test-dir/MiniOzoneClusterImpl-57a912aa-d50f-4842-9d1d-666c9a8a8226/datanode-1/data/ratis/32debed2-3884-465e-a3ab-2c34e91eb52b was interrupted, exiting. There are 0 tasks remaining in the queue.
2019-09-20 08:27:02,812 [86045968-2694-4a13-a31d-9b0ae4a485fe-SegmentedRaftLogWorker:Storage Directory /workdir/hadoop-ozone/ozonefs/target/test-dir/MiniOzoneClusterImpl-57a912aa-d50f-4842-9d1d-666c9a8a8226/datanode-0/data/ratis/69903cd1-61c7-47c9-b99b-cf7cc638c667] INFO  segmented.SegmentedRaftLogWorker (SegmentedRaftLogWorker.java:run(313)) - 86045968-2694-4a13-a31d-9b0ae4a485fe-SegmentedRaftLogWorker:Storage Directory /workdir/hadoop-ozone/ozonefs/target/test-dir/MiniOzoneClusterImpl-57a912aa-d50f-4842-9d1d-666c9a8a8226/datanode-0/data/ratis/69903cd1-61c7-47c9-b99b-cf7cc638c667 was interrupted, exiting. There are 0 tasks remaining in the queue.
2019-09-20 08:27:02,812 [Thread-1336] INFO  segmented.SegmentedRaftLogWorker (SegmentedRaftLogWorker.java:close(228)) - 5e7c8f57-a8b0-4b60-89af-5f0214f88e99-SegmentedRaftLogWorker:Storage Directory /workdir/hadoop-ozone/ozonefs/target/test-dir/MiniOzoneClusterImpl-57a912aa-d50f-4842-9d1d-666c9a8a8226/datanode-1/data/ratis/32debed2-3884-465e-a3ab-2c34e91eb52b close()
2019-09-20 08:27:02,812 [ForkJoinPool.commonPool-worker-0] INFO  segmented.SegmentedRaftLogWorker (SegmentedRaftLogWorker.java:close(228)) - 86045968-2694-4a13-a31d-9b0ae4a485fe-SegmentedRaftLogWorker:Storage Directory /workdir/hadoop-ozone/ozonefs/target/test-dir/MiniOzoneClusterImpl-57a912aa-d50f-4842-9d1d-666c9a8a8226/datanode-0/data/ratis/69903cd1-61c7-47c9-b99b-cf7cc638c667 close()
2019-09-20 08:27:02,814 [Thread-1336] INFO  impl.RaftServerImpl (RaftServerImpl.java:lambda$shutdown$3(245)) - 5e7c8f57-a8b0-4b60-89af-5f0214f88e99: shutdown group-5333CBDE923A
2019-09-20 08:27:02,816 [ForkJoinPool.commonPool-worker-0] INFO  impl.RaftServerImpl (RaftServerImpl.java:lambda$shutdown$3(245)) - 86045968-2694-4a13-a31d-9b0ae4a485fe: shutdown group-79CD00DEA025
2019-09-20 08:27:02,816 [Thread-1336] INFO  util.JmxRegister (JmxRegister.java:unregister(73)) - Successfully un-registered JMX Bean with object name Ratis:service=RaftServer,group=group-5333CBDE923A,id=5e7c8f57-a8b0-4b60-89af-5f0214f88e99
2019-09-20 08:27:02,816 [ForkJoinPool.commonPool-worker-0] INFO  util.JmxRegister (JmxRegister.java:unregister(73)) - Successfully un-registered JMX Bean with object name Ratis:service=RaftServer,group=group-79CD00DEA025,id=86045968-2694-4a13-a31d-9b0ae4a485fe
2019-09-20 08:27:02,817 [Thread-1336] INFO  impl.RoleInfo (RoleInfo.java:shutdownLeaderState(104)) - 5e7c8f57-a8b0-4b60-89af-5f0214f88e99: shutdown LeaderState
2019-09-20 08:27:02,817 [ForkJoinPool.commonPool-worker-0] INFO  impl.RoleInfo (RoleInfo.java:shutdownLeaderState(104)) - 86045968-2694-4a13-a31d-9b0ae4a485fe: shutdown LeaderState
2019-09-20 08:27:02,817 [Thread-1336] INFO  impl.PendingRequests (PendingRequests.java:sendNotLeaderResponses(202)) - 5e7c8f57-a8b0-4b60-89af-5f0214f88e99-PendingRequests: sendNotLeaderResponses
2019-09-20 08:27:02,818 [ForkJoinPool.commonPool-worker-0] INFO  impl.PendingRequests (PendingRequests.java:sendNotLeaderResponses(202)) - 86045968-2694-4a13-a31d-9b0ae4a485fe-PendingRequests: sendNotLeaderResponses
2019-09-20 08:27:02,818 [Thread-1336] INFO  impl.StateMachineUpdater (StateMachineUpdater.java:stopAndJoin(115)) - StateMachineUpdater:5e7c8f57-a8b0-4b60-89af-5f0214f88e99:group-5333CBDE923A: set stopIndex = 0
2019-09-20 08:27:02,818 [ForkJoinPool.commonPool-worker-0] INFO  impl.StateMachineUpdater (StateMachineUpdater.java:stopAndJoin(115)) - StateMachineUpdater:86045968-2694-4a13-a31d-9b0ae4a485fe:group-79CD00DEA025: set stopIndex = 0
2019-09-20 08:27:02,819 [Thread-1336] INFO  impl.RaftServerImpl (ServerState.java:close(394)) - 5e7c8f57-a8b0-4b60-89af-5f0214f88e99:group-5333CBDE923A closes. The last applied log index is 0
2019-09-20 08:27:02,819 [ForkJoinPool.commonPool-worker-0] INFO  impl.RaftServerImpl (ServerState.java:close(394)) - 86045968-2694-4a13-a31d-9b0ae4a485fe:group-79CD00DEA025 closes. The last applied log index is 0
2019-09-20 08:27:02,819 [5e7c8f57-a8b0-4b60-89af-5f0214f88e99-SegmentedRaftLogWorker:Storage Directory /workdir/hadoop-ozone/ozonefs/target/test-dir/MiniOzoneClusterImpl-57a912aa-d50f-4842-9d1d-666c9a8a8226/datanode-1/data/ratis/167a2289-710a-4fee-9fbc-5333cbde923a] INFO  segmented.SegmentedRaftLogWorker (SegmentedRaftLogWorker.java:run(313)) - 5e7c8f57-a8b0-4b60-89af-5f0214f88e99-SegmentedRaftLogWorker:Storage Directory /workdir/hadoop-ozone/ozonefs/target/test-dir/MiniOzoneClusterImpl-57a912aa-d50f-4842-9d1d-666c9a8a8226/datanode-1/data/ratis/167a2289-710a-4fee-9fbc-5333cbde923a was interrupted, exiting. There are 0 tasks remaining in the queue.
2019-09-20 08:27:02,820 [86045968-2694-4a13-a31d-9b0ae4a485fe-SegmentedRaftLogWorker:Storage Directory /workdir/hadoop-ozone/ozonefs/target/test-dir/MiniOzoneClusterImpl-57a912aa-d50f-4842-9d1d-666c9a8a8226/datanode-0/data/ratis/2a5a0eb0-2dc8-4d2d-aa51-79cd00dea025] INFO  segmented.SegmentedRaftLogWorker (SegmentedRaftLogWorker.java:run(313)) - 86045968-2694-4a13-a31d-9b0ae4a485fe-SegmentedRaftLogWorker:Storage Directory /workdir/hadoop-ozone/ozonefs/target/test-dir/MiniOzoneClusterImpl-57a912aa-d50f-4842-9d1d-666c9a8a8226/datanode-0/data/ratis/2a5a0eb0-2dc8-4d2d-aa51-79cd00dea025 was interrupted, exiting. There are 0 tasks remaining in the queue.
2019-09-20 08:27:02,820 [Thread-1336] INFO  segmented.SegmentedRaftLogWorker (SegmentedRaftLogWorker.java:close(228)) - 5e7c8f57-a8b0-4b60-89af-5f0214f88e99-SegmentedRaftLogWorker:Storage Directory /workdir/hadoop-ozone/ozonefs/target/test-dir/MiniOzoneClusterImpl-57a912aa-d50f-4842-9d1d-666c9a8a8226/datanode-1/data/ratis/167a2289-710a-4fee-9fbc-5333cbde923a close()
2019-09-20 08:27:02,820 [ForkJoinPool.commonPool-worker-0] INFO  segmented.SegmentedRaftLogWorker (SegmentedRaftLogWorker.java:close(228)) - 86045968-2694-4a13-a31d-9b0ae4a485fe-SegmentedRaftLogWorker:Storage Directory /workdir/hadoop-ozone/ozonefs/target/test-dir/MiniOzoneClusterImpl-57a912aa-d50f-4842-9d1d-666c9a8a8226/datanode-0/data/ratis/2a5a0eb0-2dc8-4d2d-aa51-79cd00dea025 close()
2019-09-20 08:27:02,822 [Thread-1336] INFO  impl.RaftServerImpl (RaftServerImpl.java:lambda$shutdown$3(245)) - 5e7c8f57-a8b0-4b60-89af-5f0214f88e99: shutdown group-FE86335DF1F1
2019-09-20 08:27:02,823 [ForkJoinPool.commonPool-worker-0] INFO  impl.RaftServerImpl (RaftServerImpl.java:lambda$shutdown$3(245)) - 86045968-2694-4a13-a31d-9b0ae4a485fe: shutdown group-578B0CDCC2BA
2019-09-20 08:27:02,823 [Thread-1336] INFO  util.JmxRegister (JmxRegister.java:unregister(73)) - Successfully un-registered JMX Bean with object name Ratis:service=RaftServer,group=group-FE86335DF1F1,id=5e7c8f57-a8b0-4b60-89af-5f0214f88e99
2019-09-20 08:27:02,824 [ForkJoinPool.commonPool-worker-0] INFO  util.JmxRegister (JmxRegister.java:unregister(73)) - Successfully un-registered JMX Bean with object name Ratis:service=RaftServer,group=group-578B0CDCC2BA,id=86045968-2694-4a13-a31d-9b0ae4a485fe
2019-09-20 08:27:02,824 [Thread-1336] INFO  impl.RoleInfo (RoleInfo.java:shutdownLeaderState(104)) - 5e7c8f57-a8b0-4b60-89af-5f0214f88e99: shutdown LeaderState
2019-09-20 08:27:02,824 [ForkJoinPool.commonPool-worker-0] INFO  impl.RoleInfo (RoleInfo.java:shutdownLeaderState(104)) - 86045968-2694-4a13-a31d-9b0ae4a485fe: shutdown LeaderState
2019-09-20 08:27:02,825 [Thread-1336] INFO  impl.PendingRequests (PendingRequests.java:sendNotLeaderResponses(202)) - 5e7c8f57-a8b0-4b60-89af-5f0214f88e99-PendingRequests: sendNotLeaderResponses
2019-09-20 08:27:02,825 [ForkJoinPool.commonPool-worker-0] INFO  impl.PendingRequests (PendingRequests.java:sendNotLeaderResponses(202)) - 86045968-2694-4a13-a31d-9b0ae4a485fe-PendingRequests: sendNotLeaderResponses
2019-09-20 08:27:02,825 [Thread-1336] INFO  impl.StateMachineUpdater (StateMachineUpdater.java:stopAndJoin(115)) - StateMachineUpdater:5e7c8f57-a8b0-4b60-89af-5f0214f88e99:group-FE86335DF1F1: set stopIndex = 0
2019-09-20 08:27:02,826 [ForkJoinPool.commonPool-worker-0] INFO  impl.StateMachineUpdater (StateMachineUpdater.java:stopAndJoin(115)) - StateMachineUpdater:86045968-2694-4a13-a31d-9b0ae4a485fe:group-578B0CDCC2BA: set stopIndex = 0
2019-09-20 08:27:02,826 [Thread-1336] INFO  impl.RaftServerImpl (ServerState.java:close(394)) - 5e7c8f57-a8b0-4b60-89af-5f0214f88e99:group-FE86335DF1F1 closes. The last applied log index is 0
2019-09-20 08:27:02,826 [ForkJoinPool.commonPool-worker-0] INFO  impl.RaftServerImpl (ServerState.java:close(394)) - 86045968-2694-4a13-a31d-9b0ae4a485fe:group-578B0CDCC2BA closes. The last applied log index is 0
2019-09-20 08:27:02,827 [5e7c8f57-a8b0-4b60-89af-5f0214f88e99-SegmentedRaftLogWorker:Storage Directory /workdir/hadoop-ozone/ozonefs/target/test-dir/MiniOzoneClusterImpl-57a912aa-d50f-4842-9d1d-666c9a8a8226/datanode-1/data/ratis/a5c0f601-6655-446f-814d-fe86335df1f1] INFO  segmented.SegmentedRaftLogWorker (SegmentedRaftLogWorker.java:run(313)) - 5e7c8f57-a8b0-4b60-89af-5f0214f88e99-SegmentedRaftLogWorker:Storage Directory /workdir/hadoop-ozone/ozonefs/target/test-dir/MiniOzoneClusterImpl-57a912aa-d50f-4842-9d1d-666c9a8a8226/datanode-1/data/ratis/a5c0f601-6655-446f-814d-fe86335df1f1 was interrupted, exiting. There are 0 tasks remaining in the queue.
2019-09-20 08:27:02,827 [86045968-2694-4a13-a31d-9b0ae4a485fe-SegmentedRaftLogWorker:Storage Directory /workdir/hadoop-ozone/ozonefs/target/test-dir/MiniOzoneClusterImpl-57a912aa-d50f-4842-9d1d-666c9a8a8226/datanode-0/data/ratis/c4998b48-a444-4c1c-afdd-578b0cdcc2ba] INFO  segmented.SegmentedRaftLogWorker (SegmentedRaftLogWorker.java:run(313)) - 86045968-2694-4a13-a31d-9b0ae4a485fe-SegmentedRaftLogWorker:Storage Directory /workdir/hadoop-ozone/ozonefs/target/test-dir/MiniOzoneClusterImpl-57a912aa-d50f-4842-9d1d-666c9a8a8226/datanode-0/data/ratis/c4998b48-a444-4c1c-afdd-578b0cdcc2ba was interrupted, exiting. There are 0 tasks remaining in the queue.
2019-09-20 08:27:02,827 [Thread-1336] INFO  segmented.SegmentedRaftLogWorker (SegmentedRaftLogWorker.java:close(228)) - 5e7c8f57-a8b0-4b60-89af-5f0214f88e99-SegmentedRaftLogWorker:Storage Directory /workdir/hadoop-ozone/ozonefs/target/test-dir/MiniOzoneClusterImpl-57a912aa-d50f-4842-9d1d-666c9a8a8226/datanode-1/data/ratis/a5c0f601-6655-446f-814d-fe86335df1f1 close()
2019-09-20 08:27:02,827 [ForkJoinPool.commonPool-worker-0] INFO  segmented.SegmentedRaftLogWorker (SegmentedRaftLogWorker.java:close(228)) - 86045968-2694-4a13-a31d-9b0ae4a485fe-SegmentedRaftLogWorker:Storage Directory /workdir/hadoop-ozone/ozonefs/target/test-dir/MiniOzoneClusterImpl-57a912aa-d50f-4842-9d1d-666c9a8a8226/datanode-0/data/ratis/c4998b48-a444-4c1c-afdd-578b0cdcc2ba close()
2019-09-20 08:27:02,829 [Thread-1336] INFO  impl.RaftServerImpl (RaftServerImpl.java:lambda$shutdown$3(245)) - 5e7c8f57-a8b0-4b60-89af-5f0214f88e99: shutdown group-B11296B85058
2019-09-20 08:27:02,830 [ForkJoinPool.commonPool-worker-0] INFO  impl.RaftServerImpl (RaftServerImpl.java:lambda$shutdown$3(245)) - 86045968-2694-4a13-a31d-9b0ae4a485fe: shutdown group-F68146DD7C96
2019-09-20 08:27:02,831 [Thread-1336] INFO  util.JmxRegister (JmxRegister.java:unregister(73)) - Successfully un-registered JMX Bean with object name Ratis:service=RaftServer,group=group-B11296B85058,id=5e7c8f57-a8b0-4b60-89af-5f0214f88e99
2019-09-20 08:27:02,831 [Thread-1336] INFO  impl.RoleInfo (RoleInfo.java:shutdownLeaderState(104)) - 5e7c8f57-a8b0-4b60-89af-5f0214f88e99: shutdown LeaderState
2019-09-20 08:27:02,831 [ForkJoinPool.commonPool-worker-0] INFO  util.JmxRegister (JmxRegister.java:unregister(73)) - Successfully un-registered JMX Bean with object name Ratis:service=RaftServer,group=group-F68146DD7C96,id=86045968-2694-4a13-a31d-9b0ae4a485fe
2019-09-20 08:27:02,832 [Thread-1336] INFO  impl.PendingRequests (PendingRequests.java:sendNotLeaderResponses(202)) - 5e7c8f57-a8b0-4b60-89af-5f0214f88e99-PendingRequests: sendNotLeaderResponses
2019-09-20 08:27:02,832 [ForkJoinPool.commonPool-worker-0] INFO  impl.RoleInfo (RoleInfo.java:shutdownLeaderState(104)) - 86045968-2694-4a13-a31d-9b0ae4a485fe: shutdown LeaderState
2019-09-20 08:27:02,832 [Thread-1336] INFO  impl.StateMachineUpdater (StateMachineUpdater.java:stopAndJoin(115)) - StateMachineUpdater:5e7c8f57-a8b0-4b60-89af-5f0214f88e99:group-B11296B85058: set stopIndex = 0
2019-09-20 08:27:02,833 [Thread-1336] INFO  impl.RaftServerImpl (ServerState.java:close(394)) - 5e7c8f57-a8b0-4b60-89af-5f0214f88e99:group-B11296B85058 closes. The last applied log index is 0
2019-09-20 08:27:02,833 [ForkJoinPool.commonPool-worker-0] INFO  impl.PendingRequests (PendingRequests.java:sendNotLeaderResponses(202)) - 86045968-2694-4a13-a31d-9b0ae4a485fe-PendingRequests: sendNotLeaderResponses
2019-09-20 08:27:02,833 [5e7c8f57-a8b0-4b60-89af-5f0214f88e99-SegmentedRaftLogWorker:Storage Directory /workdir/hadoop-ozone/ozonefs/target/test-dir/MiniOzoneClusterImpl-57a912aa-d50f-4842-9d1d-666c9a8a8226/datanode-1/data/ratis/eb9eeb81-624f-47d4-b0e9-b11296b85058] INFO  segmented.SegmentedRaftLogWorker (SegmentedRaftLogWorker.java:run(313)) - 5e7c8f57-a8b0-4b60-89af-5f0214f88e99-SegmentedRaftLogWorker:Storage Directory /workdir/hadoop-ozone/ozonefs/target/test-dir/MiniOzoneClusterImpl-57a912aa-d50f-4842-9d1d-666c9a8a8226/datanode-1/data/ratis/eb9eeb81-624f-47d4-b0e9-b11296b85058 was interrupted, exiting. There are 0 tasks remaining in the queue.
2019-09-20 08:27:02,834 [ForkJoinPool.commonPool-worker-0] INFO  impl.StateMachineUpdater (StateMachineUpdater.java:stopAndJoin(115)) - StateMachineUpdater:86045968-2694-4a13-a31d-9b0ae4a485fe:group-F68146DD7C96: set stopIndex = 0
2019-09-20 08:27:02,834 [Thread-1336] INFO  segmented.SegmentedRaftLogWorker (SegmentedRaftLogWorker.java:close(228)) - 5e7c8f57-a8b0-4b60-89af-5f0214f88e99-SegmentedRaftLogWorker:Storage Directory /workdir/hadoop-ozone/ozonefs/target/test-dir/MiniOzoneClusterImpl-57a912aa-d50f-4842-9d1d-666c9a8a8226/datanode-1/data/ratis/eb9eeb81-624f-47d4-b0e9-b11296b85058 close()
2019-09-20 08:27:02,834 [ForkJoinPool.commonPool-worker-0] INFO  impl.RaftServerImpl (ServerState.java:close(394)) - 86045968-2694-4a13-a31d-9b0ae4a485fe:group-F68146DD7C96 closes. The last applied log index is 0
2019-09-20 08:27:02,836 [Thread-1336] INFO  impl.RaftServerImpl (RaftServerImpl.java:lambda$shutdown$3(245)) - 5e7c8f57-a8b0-4b60-89af-5f0214f88e99: shutdown group-0DB6814C3576
2019-09-20 08:27:02,836 [86045968-2694-4a13-a31d-9b0ae4a485fe-SegmentedRaftLogWorker:Storage Directory /workdir/hadoop-ozone/ozonefs/target/test-dir/MiniOzoneClusterImpl-57a912aa-d50f-4842-9d1d-666c9a8a8226/datanode-0/data/ratis/38ae7b89-2d8f-44ba-88c3-f68146dd7c96] INFO  segmented.SegmentedRaftLogWorker (SegmentedRaftLogWorker.java:run(313)) - 86045968-2694-4a13-a31d-9b0ae4a485fe-SegmentedRaftLogWorker:Storage Directory /workdir/hadoop-ozone/ozonefs/target/test-dir/MiniOzoneClusterImpl-57a912aa-d50f-4842-9d1d-666c9a8a8226/datanode-0/data/ratis/38ae7b89-2d8f-44ba-88c3-f68146dd7c96 was interrupted, exiting. There are 0 tasks remaining in the queue.
2019-09-20 08:27:02,836 [Thread-1336] INFO  util.JmxRegister (JmxRegister.java:unregister(73)) - Successfully un-registered JMX Bean with object name Ratis:service=RaftServer,group=group-0DB6814C3576,id=5e7c8f57-a8b0-4b60-89af-5f0214f88e99
2019-09-20 08:27:02,836 [ForkJoinPool.commonPool-worker-0] INFO  segmented.SegmentedRaftLogWorker (SegmentedRaftLogWorker.java:close(228)) - 86045968-2694-4a13-a31d-9b0ae4a485fe-SegmentedRaftLogWorker:Storage Directory /workdir/hadoop-ozone/ozonefs/target/test-dir/MiniOzoneClusterImpl-57a912aa-d50f-4842-9d1d-666c9a8a8226/datanode-0/data/ratis/38ae7b89-2d8f-44ba-88c3-f68146dd7c96 close()
2019-09-20 08:27:02,837 [Thread-1336] INFO  impl.RoleInfo (RoleInfo.java:shutdownLeaderState(104)) - 5e7c8f57-a8b0-4b60-89af-5f0214f88e99: shutdown LeaderState
2019-09-20 08:27:02,838 [ForkJoinPool.commonPool-worker-0] INFO  impl.RaftServerImpl (RaftServerImpl.java:lambda$shutdown$3(245)) - 86045968-2694-4a13-a31d-9b0ae4a485fe: shutdown group-77466286AA35
2019-09-20 08:27:02,839 [Thread-1336] INFO  impl.PendingRequests (PendingRequests.java:sendNotLeaderResponses(202)) - 5e7c8f57-a8b0-4b60-89af-5f0214f88e99-PendingRequests: sendNotLeaderResponses
2019-09-20 08:27:02,839 [ForkJoinPool.commonPool-worker-0] INFO  util.JmxRegister (JmxRegister.java:unregister(73)) - Successfully un-registered JMX Bean with object name Ratis:service=RaftServer,group=group-77466286AA35,id=86045968-2694-4a13-a31d-9b0ae4a485fe
2019-09-20 08:27:02,839 [Thread-1336] INFO  impl.StateMachineUpdater (StateMachineUpdater.java:stopAndJoin(115)) - StateMachineUpdater:5e7c8f57-a8b0-4b60-89af-5f0214f88e99:group-0DB6814C3576: set stopIndex = 0
2019-09-20 08:27:02,840 [Thread-1336] INFO  impl.RaftServerImpl (ServerState.java:close(394)) - 5e7c8f57-a8b0-4b60-89af-5f0214f88e99:group-0DB6814C3576 closes. The last applied log index is 0
2019-09-20 08:27:02,839 [ForkJoinPool.commonPool-worker-0] INFO  impl.RoleInfo (RoleInfo.java:shutdownLeaderState(104)) - 86045968-2694-4a13-a31d-9b0ae4a485fe: shutdown LeaderState
2019-09-20 08:27:02,840 [5e7c8f57-a8b0-4b60-89af-5f0214f88e99-SegmentedRaftLogWorker:Storage Directory /workdir/hadoop-ozone/ozonefs/target/test-dir/MiniOzoneClusterImpl-57a912aa-d50f-4842-9d1d-666c9a8a8226/datanode-1/data/ratis/e6271923-a42d-4bba-8e80-0db6814c3576] INFO  segmented.SegmentedRaftLogWorker (SegmentedRaftLogWorker.java:run(313)) - 5e7c8f57-a8b0-4b60-89af-5f0214f88e99-SegmentedRaftLogWorker:Storage Directory /workdir/hadoop-ozone/ozonefs/target/test-dir/MiniOzoneClusterImpl-57a912aa-d50f-4842-9d1d-666c9a8a8226/datanode-1/data/ratis/e6271923-a42d-4bba-8e80-0db6814c3576 was interrupted, exiting. There are 0 tasks remaining in the queue.
2019-09-20 08:27:02,842 [ForkJoinPool.commonPool-worker-0] INFO  impl.PendingRequests (PendingRequests.java:sendNotLeaderResponses(202)) - 86045968-2694-4a13-a31d-9b0ae4a485fe-PendingRequests: sendNotLeaderResponses
2019-09-20 08:27:02,842 [Thread-1336] INFO  segmented.SegmentedRaftLogWorker (SegmentedRaftLogWorker.java:close(228)) - 5e7c8f57-a8b0-4b60-89af-5f0214f88e99-SegmentedRaftLogWorker:Storage Directory /workdir/hadoop-ozone/ozonefs/target/test-dir/MiniOzoneClusterImpl-57a912aa-d50f-4842-9d1d-666c9a8a8226/datanode-1/data/ratis/e6271923-a42d-4bba-8e80-0db6814c3576 close()
2019-09-20 08:27:02,842 [ForkJoinPool.commonPool-worker-0] INFO  impl.StateMachineUpdater (StateMachineUpdater.java:stopAndJoin(115)) - StateMachineUpdater:86045968-2694-4a13-a31d-9b0ae4a485fe:group-77466286AA35: set stopIndex = 0
2019-09-20 08:27:02,844 [Thread-1336] INFO  server.GrpcService (GrpcService.java:closeImpl(155)) - 5e7c8f57-a8b0-4b60-89af-5f0214f88e99: shutdown server with port 45865 now
2019-09-20 08:27:02,844 [ForkJoinPool.commonPool-worker-0] INFO  impl.RaftServerImpl (ServerState.java:close(394)) - 86045968-2694-4a13-a31d-9b0ae4a485fe:group-77466286AA35 closes. The last applied log index is 0
2019-09-20 08:27:02,846 [86045968-2694-4a13-a31d-9b0ae4a485fe-SegmentedRaftLogWorker:Storage Directory /workdir/hadoop-ozone/ozonefs/target/test-dir/MiniOzoneClusterImpl-57a912aa-d50f-4842-9d1d-666c9a8a8226/datanode-0/data/ratis/34abd2bf-edef-40c0-aaa2-77466286aa35] INFO  segmented.SegmentedRaftLogWorker (SegmentedRaftLogWorker.java:run(313)) - 86045968-2694-4a13-a31d-9b0ae4a485fe-SegmentedRaftLogWorker:Storage Directory /workdir/hadoop-ozone/ozonefs/target/test-dir/MiniOzoneClusterImpl-57a912aa-d50f-4842-9d1d-666c9a8a8226/datanode-0/data/ratis/34abd2bf-edef-40c0-aaa2-77466286aa35 was interrupted, exiting. There are 0 tasks remaining in the queue.
2019-09-20 08:27:02,846 [Thread-1336] INFO  server.GrpcService (GrpcService.java:closeImpl(163)) - 5e7c8f57-a8b0-4b60-89af-5f0214f88e99: shutdown server with port 45865 successfully
2019-09-20 08:27:02,846 [ForkJoinPool.commonPool-worker-0] INFO  segmented.SegmentedRaftLogWorker (SegmentedRaftLogWorker.java:close(228)) - 86045968-2694-4a13-a31d-9b0ae4a485fe-SegmentedRaftLogWorker:Storage Directory /workdir/hadoop-ozone/ozonefs/target/test-dir/MiniOzoneClusterImpl-57a912aa-d50f-4842-9d1d-666c9a8a8226/datanode-0/data/ratis/34abd2bf-edef-40c0-aaa2-77466286aa35 close()
2019-09-20 08:27:02,848 [ForkJoinPool.commonPool-worker-0] INFO  server.GrpcService (GrpcService.java:closeImpl(155)) - 86045968-2694-4a13-a31d-9b0ae4a485fe: shutdown server with port 37734 now
2019-09-20 08:27:02,849 [Thread-1336] INFO  utils.BackgroundService (BackgroundService.java:shutdown(148)) - Shutting down service BlockDeletingService
2019-09-20 08:27:02,850 [ForkJoinPool.commonPool-worker-0] INFO  server.GrpcService (GrpcService.java:closeImpl(163)) - 86045968-2694-4a13-a31d-9b0ae4a485fe: shutdown server with port 37734 successfully
2019-09-20 08:27:02,852 [refreshUsed-/workdir/hadoop-ozone/ozonefs/target/test-dir/MiniOzoneClusterImpl-57a912aa-d50f-4842-9d1d-666c9a8a8226/datanode-1/data/containers] WARN  fs.CachingGetSpaceUsed (CachingGetSpaceUsed.java:run(183)) - Thread Interrupted waiting to refresh disk information: sleep interrupted
2019-09-20 08:27:02,857 [ForkJoinPool.commonPool-worker-0] INFO  utils.BackgroundService (BackgroundService.java:shutdown(148)) - Shutting down service BlockDeletingService
2019-09-20 08:27:02,859 [refreshUsed-/workdir/hadoop-ozone/ozonefs/target/test-dir/MiniOzoneClusterImpl-57a912aa-d50f-4842-9d1d-666c9a8a8226/datanode-0/data/containers] WARN  fs.CachingGetSpaceUsed (CachingGetSpaceUsed.java:run(183)) - Thread Interrupted waiting to refresh disk information: sleep interrupted
2019-09-20 08:27:02,888 [ForkJoinPool.commonPool-worker-0] INFO  statemachine.DatanodeStateMachine (DatanodeStateMachine.java:stopDaemon(395)) - Ozone container server stopped.
2019-09-20 08:27:02,892 [ForkJoinPool.commonPool-worker-0] INFO  handler.ContextHandler (ContextHandler.java:doStop(910)) - Stopped o.e.j.w.WebAppContext@56b0cca4{/,null,UNAVAILABLE}{/hddsDatanode}
2019-09-20 08:27:02,895 [Thread-1336] INFO  statemachine.DatanodeStateMachine (DatanodeStateMachine.java:stopDaemon(395)) - Ozone container server stopped.
2019-09-20 08:27:02,895 [ForkJoinPool.commonPool-worker-0] INFO  server.AbstractConnector (AbstractConnector.java:doStop(318)) - Stopped ServerConnector@543f1a6a{HTTP/1.1,[http/1.1]}{0.0.0.0:0}
2019-09-20 08:27:02,898 [ForkJoinPool.commonPool-worker-0] INFO  handler.ContextHandler (ContextHandler.java:doStop(910)) - Stopped o.e.j.s.ServletContextHandler@657be9c6{/static,jar:file:/home/user/.m2/repository/org/apache/hadoop/hadoop-hdds-container-service/0.5.0-SNAPSHOT/hadoop-hdds-container-service-0.5.0-SNAPSHOT.jar!/webapps/static,UNAVAILABLE}
2019-09-20 08:27:02,899 [ForkJoinPool.commonPool-worker-0] INFO  handler.ContextHandler (ContextHandler.java:doStop(910)) - Stopped o.e.j.s.ServletContextHandler@37000cca{/logs,file:///workdir/hadoop-ozone/ozonefs/target/log,UNAVAILABLE}
2019-09-20 08:27:02,899 [Thread-1336] INFO  handler.ContextHandler (ContextHandler.java:doStop(910)) - Stopped o.e.j.w.WebAppContext@4e093a91{/,null,UNAVAILABLE}{/hddsDatanode}
2019-09-20 08:27:02,900 [Thread-1336] INFO  server.AbstractConnector (AbstractConnector.java:doStop(318)) - Stopped ServerConnector@278b83c1{HTTP/1.1,[http/1.1]}{0.0.0.0:0}
2019-09-20 08:27:02,900 [ForkJoinPool.commonPool-worker-0] INFO  datanode.ObjectStoreHandler (ObjectStoreHandler.java:close(155)) - Closing ObjectStoreHandler.
2019-09-20 08:27:02,900 [Thread-1336] INFO  handler.ContextHandler (ContextHandler.java:doStop(910)) - Stopped o.e.j.s.ServletContextHandler@55e53e4f{/static,jar:file:/home/user/.m2/repository/org/apache/hadoop/hadoop-hdds-container-service/0.5.0-SNAPSHOT/hadoop-hdds-container-service-0.5.0-SNAPSHOT.jar!/webapps/static,UNAVAILABLE}
2019-09-20 08:27:02,900 [Thread-1336] INFO  handler.ContextHandler (ContextHandler.java:doStop(910)) - Stopped o.e.j.s.ServletContextHandler@6fcae17b{/logs,file:///workdir/hadoop-ozone/ozonefs/target/log,UNAVAILABLE}
2019-09-20 08:27:02,900 [ForkJoinPool.commonPool-worker-0] INFO  ozone.HddsDatanodeService (HddsDatanodeService.java:stop(451)) - Stopped plug-in org.apache.hadoop.ozone.web.OzoneHddsDatanodeService@42b72998
2019-09-20 08:27:03,567 [Datanode State Machine Thread - 0] INFO  statemachine.DatanodeStateMachine (DatanodeStateMachine.java:lambda$startDaemon$0(350)) - Ozone container server started.
2019-09-20 08:27:07,901 [ForkJoinPool.commonPool-worker-0] INFO  ozoneimpl.OzoneContainer (OzoneContainer.java:stop(199)) - Attempting to stop container services.
2019-09-20 08:27:07,902 [ForkJoinPool.commonPool-worker-0] INFO  impl.RaftServerProxy (RaftServerProxy.java:lambda$close$4(314)) - 1472a92e-7a5d-4f8d-b736-5dc5de02f163: close
2019-09-20 08:27:07,902 [ForkJoinPool.commonPool-worker-0] INFO  impl.RaftServerImpl (RaftServerImpl.java:lambda$shutdown$3(245)) - 1472a92e-7a5d-4f8d-b736-5dc5de02f163: shutdown group-FD5796566ECC
2019-09-20 08:27:07,903 [ForkJoinPool.commonPool-worker-0] INFO  util.JmxRegister (JmxRegister.java:unregister(73)) - Successfully un-registered JMX Bean with object name Ratis:service=RaftServer,group=group-FD5796566ECC,id=1472a92e-7a5d-4f8d-b736-5dc5de02f163
2019-09-20 08:27:07,903 [ForkJoinPool.commonPool-worker-0] INFO  impl.RoleInfo (RoleInfo.java:shutdownLeaderState(104)) - 1472a92e-7a5d-4f8d-b736-5dc5de02f163: shutdown LeaderState
2019-09-20 08:27:07,903 [ForkJoinPool.commonPool-worker-0] INFO  impl.PendingRequests (PendingRequests.java:sendNotLeaderResponses(202)) - 1472a92e-7a5d-4f8d-b736-5dc5de02f163-PendingRequests: sendNotLeaderResponses
2019-09-20 08:27:07,904 [ForkJoinPool.commonPool-worker-0] INFO  impl.StateMachineUpdater (StateMachineUpdater.java:stopAndJoin(115)) - StateMachineUpdater:1472a92e-7a5d-4f8d-b736-5dc5de02f163:group-FD5796566ECC: set stopIndex = 0
2019-09-20 08:27:07,904 [ForkJoinPool.commonPool-worker-0] INFO  impl.RaftServerImpl (ServerState.java:close(394)) - 1472a92e-7a5d-4f8d-b736-5dc5de02f163:group-FD5796566ECC closes. The last applied log index is 0
2019-09-20 08:27:07,904 [1472a92e-7a5d-4f8d-b736-5dc5de02f163-SegmentedRaftLogWorker:Storage Directory /workdir/hadoop-ozone/ozonefs/target/test-dir/MiniOzoneClusterImpl-57a912aa-d50f-4842-9d1d-666c9a8a8226/datanode-2/data/ratis/7ad9ccd2-f76c-49f9-b496-fd5796566ecc] INFO  segmented.SegmentedRaftLogWorker (SegmentedRaftLogWorker.java:run(313)) - 1472a92e-7a5d-4f8d-b736-5dc5de02f163-SegmentedRaftLogWorker:Storage Directory /workdir/hadoop-ozone/ozonefs/target/test-dir/MiniOzoneClusterImpl-57a912aa-d50f-4842-9d1d-666c9a8a8226/datanode-2/data/ratis/7ad9ccd2-f76c-49f9-b496-fd5796566ecc was interrupted, exiting. There are 0 tasks remaining in the queue.
2019-09-20 08:27:07,905 [ForkJoinPool.commonPool-worker-0] INFO  segmented.SegmentedRaftLogWorker (SegmentedRaftLogWorker.java:close(228)) - 1472a92e-7a5d-4f8d-b736-5dc5de02f163-SegmentedRaftLogWorker:Storage Directory /workdir/hadoop-ozone/ozonefs/target/test-dir/MiniOzoneClusterImpl-57a912aa-d50f-4842-9d1d-666c9a8a8226/datanode-2/data/ratis/7ad9ccd2-f76c-49f9-b496-fd5796566ecc close()
2019-09-20 08:27:07,907 [ForkJoinPool.commonPool-worker-0] INFO  impl.RaftServerImpl (RaftServerImpl.java:lambda$shutdown$3(245)) - 1472a92e-7a5d-4f8d-b736-5dc5de02f163: shutdown group-0570C2AA12B8
2019-09-20 08:27:07,907 [ForkJoinPool.commonPool-worker-0] INFO  util.JmxRegister (JmxRegister.java:unregister(73)) - Successfully un-registered JMX Bean with object name Ratis:service=RaftServer,group=group-0570C2AA12B8,id=1472a92e-7a5d-4f8d-b736-5dc5de02f163
2019-09-20 08:27:07,907 [ForkJoinPool.commonPool-worker-0] INFO  impl.RoleInfo (RoleInfo.java:shutdownLeaderState(104)) - 1472a92e-7a5d-4f8d-b736-5dc5de02f163: shutdown LeaderState
2019-09-20 08:27:07,908 [ForkJoinPool.commonPool-worker-0] INFO  impl.PendingRequests (PendingRequests.java:sendNotLeaderResponses(202)) - 1472a92e-7a5d-4f8d-b736-5dc5de02f163-PendingRequests: sendNotLeaderResponses
2019-09-20 08:27:07,908 [ForkJoinPool.commonPool-worker-0] INFO  impl.StateMachineUpdater (StateMachineUpdater.java:stopAndJoin(115)) - StateMachineUpdater:1472a92e-7a5d-4f8d-b736-5dc5de02f163:group-0570C2AA12B8: set stopIndex = 0
2019-09-20 08:27:07,908 [ForkJoinPool.commonPool-worker-0] INFO  impl.RaftServerImpl (ServerState.java:close(394)) - 1472a92e-7a5d-4f8d-b736-5dc5de02f163:group-0570C2AA12B8 closes. The last applied log index is 0
2019-09-20 08:27:07,909 [1472a92e-7a5d-4f8d-b736-5dc5de02f163-SegmentedRaftLogWorker:Storage Directory /workdir/hadoop-ozone/ozonefs/target/test-dir/MiniOzoneClusterImpl-57a912aa-d50f-4842-9d1d-666c9a8a8226/datanode-2/data/ratis/9ea4ac63-cab1-41a4-ab06-0570c2aa12b8] INFO  segmented.SegmentedRaftLogWorker (SegmentedRaftLogWorker.java:run(313)) - 1472a92e-7a5d-4f8d-b736-5dc5de02f163-SegmentedRaftLogWorker:Storage Directory /workdir/hadoop-ozone/ozonefs/target/test-dir/MiniOzoneClusterImpl-57a912aa-d50f-4842-9d1d-666c9a8a8226/datanode-2/data/ratis/9ea4ac63-cab1-41a4-ab06-0570c2aa12b8 was interrupted, exiting. There are 0 tasks remaining in the queue.
2019-09-20 08:27:07,909 [ForkJoinPool.commonPool-worker-0] INFO  segmented.SegmentedRaftLogWorker (SegmentedRaftLogWorker.java:close(228)) - 1472a92e-7a5d-4f8d-b736-5dc5de02f163-SegmentedRaftLogWorker:Storage Directory /workdir/hadoop-ozone/ozonefs/target/test-dir/MiniOzoneClusterImpl-57a912aa-d50f-4842-9d1d-666c9a8a8226/datanode-2/data/ratis/9ea4ac63-cab1-41a4-ab06-0570c2aa12b8 close()
2019-09-20 08:27:07,910 [ForkJoinPool.commonPool-worker-0] INFO  impl.RaftServerImpl (RaftServerImpl.java:lambda$shutdown$3(245)) - 1472a92e-7a5d-4f8d-b736-5dc5de02f163: shutdown group-5F206EF1A5D8
2019-09-20 08:27:07,911 [ForkJoinPool.commonPool-worker-0] INFO  util.JmxRegister (JmxRegister.java:unregister(73)) - Successfully un-registered JMX Bean with object name Ratis:service=RaftServer,group=group-5F206EF1A5D8,id=1472a92e-7a5d-4f8d-b736-5dc5de02f163
2019-09-20 08:27:07,911 [ForkJoinPool.commonPool-worker-0] INFO  impl.RoleInfo (RoleInfo.java:shutdownLeaderState(104)) - 1472a92e-7a5d-4f8d-b736-5dc5de02f163: shutdown LeaderState
2019-09-20 08:27:07,911 [ForkJoinPool.commonPool-worker-0] INFO  impl.PendingRequests (PendingRequests.java:sendNotLeaderResponses(202)) - 1472a92e-7a5d-4f8d-b736-5dc5de02f163-PendingRequests: sendNotLeaderResponses
2019-09-20 08:27:07,912 [ForkJoinPool.commonPool-worker-0] INFO  impl.StateMachineUpdater (StateMachineUpdater.java:stopAndJoin(115)) - StateMachineUpdater:1472a92e-7a5d-4f8d-b736-5dc5de02f163:group-5F206EF1A5D8: set stopIndex = 0
2019-09-20 08:27:07,912 [ForkJoinPool.commonPool-worker-0] INFO  impl.RaftServerImpl (ServerState.java:close(394)) - 1472a92e-7a5d-4f8d-b736-5dc5de02f163:group-5F206EF1A5D8 closes. The last applied log index is 0
2019-09-20 08:27:07,912 [1472a92e-7a5d-4f8d-b736-5dc5de02f163-SegmentedRaftLogWorker:Storage Directory /workdir/hadoop-ozone/ozonefs/target/test-dir/MiniOzoneClusterImpl-57a912aa-d50f-4842-9d1d-666c9a8a8226/datanode-2/data/ratis/b2bbadcd-c9dc-4c96-8c67-5f206ef1a5d8] INFO  segmented.SegmentedRaftLogWorker (SegmentedRaftLogWorker.java:run(313)) - 1472a92e-7a5d-4f8d-b736-5dc5de02f163-SegmentedRaftLogWorker:Storage Directory /workdir/hadoop-ozone/ozonefs/target/test-dir/MiniOzoneClusterImpl-57a912aa-d50f-4842-9d1d-666c9a8a8226/datanode-2/data/ratis/b2bbadcd-c9dc-4c96-8c67-5f206ef1a5d8 was interrupted, exiting. There are 0 tasks remaining in the queue.
2019-09-20 08:27:07,912 [ForkJoinPool.commonPool-worker-0] INFO  segmented.SegmentedRaftLogWorker (SegmentedRaftLogWorker.java:close(228)) - 1472a92e-7a5d-4f8d-b736-5dc5de02f163-SegmentedRaftLogWorker:Storage Directory /workdir/hadoop-ozone/ozonefs/target/test-dir/MiniOzoneClusterImpl-57a912aa-d50f-4842-9d1d-666c9a8a8226/datanode-2/data/ratis/b2bbadcd-c9dc-4c96-8c67-5f206ef1a5d8 close()
2019-09-20 08:27:07,914 [ForkJoinPool.commonPool-worker-0] INFO  impl.RaftServerImpl (RaftServerImpl.java:lambda$shutdown$3(245)) - 1472a92e-7a5d-4f8d-b736-5dc5de02f163: shutdown group-F9ED180D9EB1
2019-09-20 08:27:07,914 [ForkJoinPool.commonPool-worker-0] INFO  util.JmxRegister (JmxRegister.java:unregister(73)) - Successfully un-registered JMX Bean with object name Ratis:service=RaftServer,group=group-F9ED180D9EB1,id=1472a92e-7a5d-4f8d-b736-5dc5de02f163
2019-09-20 08:27:07,915 [ForkJoinPool.commonPool-worker-0] INFO  impl.RoleInfo (RoleInfo.java:shutdownLeaderState(104)) - 1472a92e-7a5d-4f8d-b736-5dc5de02f163: shutdown LeaderState
2019-09-20 08:27:07,915 [ForkJoinPool.commonPool-worker-0] INFO  impl.PendingRequests (PendingRequests.java:sendNotLeaderResponses(202)) - 1472a92e-7a5d-4f8d-b736-5dc5de02f163-PendingRequests: sendNotLeaderResponses
2019-09-20 08:27:07,915 [ForkJoinPool.commonPool-worker-0] INFO  impl.StateMachineUpdater (StateMachineUpdater.java:stopAndJoin(115)) - StateMachineUpdater:1472a92e-7a5d-4f8d-b736-5dc5de02f163:group-F9ED180D9EB1: set stopIndex = 0
2019-09-20 08:27:07,916 [ForkJoinPool.commonPool-worker-0] INFO  impl.RaftServerImpl (ServerState.java:close(394)) - 1472a92e-7a5d-4f8d-b736-5dc5de02f163:group-F9ED180D9EB1 closes. The last applied log index is 0
2019-09-20 08:27:07,916 [1472a92e-7a5d-4f8d-b736-5dc5de02f163-SegmentedRaftLogWorker:Storage Directory /workdir/hadoop-ozone/ozonefs/target/test-dir/MiniOzoneClusterImpl-57a912aa-d50f-4842-9d1d-666c9a8a8226/datanode-2/data/ratis/18b612e7-e5e5-4359-a64f-f9ed180d9eb1] INFO  segmented.SegmentedRaftLogWorker (SegmentedRaftLogWorker.java:run(313)) - 1472a92e-7a5d-4f8d-b736-5dc5de02f163-SegmentedRaftLogWorker:Storage Directory /workdir/hadoop-ozone/ozonefs/target/test-dir/MiniOzoneClusterImpl-57a912aa-d50f-4842-9d1d-666c9a8a8226/datanode-2/data/ratis/18b612e7-e5e5-4359-a64f-f9ed180d9eb1 was interrupted, exiting. There are 0 tasks remaining in the queue.
2019-09-20 08:27:07,916 [ForkJoinPool.commonPool-worker-0] INFO  segmented.SegmentedRaftLogWorker (SegmentedRaftLogWorker.java:close(228)) - 1472a92e-7a5d-4f8d-b736-5dc5de02f163-SegmentedRaftLogWorker:Storage Directory /workdir/hadoop-ozone/ozonefs/target/test-dir/MiniOzoneClusterImpl-57a912aa-d50f-4842-9d1d-666c9a8a8226/datanode-2/data/ratis/18b612e7-e5e5-4359-a64f-f9ed180d9eb1 close()
2019-09-20 08:27:07,918 [ForkJoinPool.commonPool-worker-0] INFO  impl.RaftServerImpl (RaftServerImpl.java:lambda$shutdown$3(245)) - 1472a92e-7a5d-4f8d-b736-5dc5de02f163: shutdown group-1BA396DDB63F
2019-09-20 08:27:07,918 [ForkJoinPool.commonPool-worker-0] INFO  util.JmxRegister (JmxRegister.java:unregister(73)) - Successfully un-registered JMX Bean with object name Ratis:service=RaftServer,group=group-1BA396DDB63F,id=1472a92e-7a5d-4f8d-b736-5dc5de02f163
2019-09-20 08:27:07,918 [ForkJoinPool.commonPool-worker-0] INFO  impl.RoleInfo (RoleInfo.java:shutdownLeaderState(104)) - 1472a92e-7a5d-4f8d-b736-5dc5de02f163: shutdown LeaderState
2019-09-20 08:27:07,918 [ForkJoinPool.commonPool-worker-0] INFO  impl.PendingRequests (PendingRequests.java:sendNotLeaderResponses(202)) - 1472a92e-7a5d-4f8d-b736-5dc5de02f163-PendingRequests: sendNotLeaderResponses
2019-09-20 08:27:07,919 [ForkJoinPool.commonPool-worker-0] INFO  impl.StateMachineUpdater (StateMachineUpdater.java:stopAndJoin(115)) - StateMachineUpdater:1472a92e-7a5d-4f8d-b736-5dc5de02f163:group-1BA396DDB63F: set stopIndex = 0
2019-09-20 08:27:07,919 [ForkJoinPool.commonPool-worker-0] INFO  impl.RaftServerImpl (ServerState.java:close(394)) - 1472a92e-7a5d-4f8d-b736-5dc5de02f163:group-1BA396DDB63F closes. The last applied log index is 0
2019-09-20 08:27:07,919 [1472a92e-7a5d-4f8d-b736-5dc5de02f163-SegmentedRaftLogWorker:Storage Directory /workdir/hadoop-ozone/ozonefs/target/test-dir/MiniOzoneClusterImpl-57a912aa-d50f-4842-9d1d-666c9a8a8226/datanode-2/data/ratis/ac8c9418-6d34-44ad-9540-1ba396ddb63f] INFO  segmented.SegmentedRaftLogWorker (SegmentedRaftLogWorker.java:run(313)) - 1472a92e-7a5d-4f8d-b736-5dc5de02f163-SegmentedRaftLogWorker:Storage Directory /workdir/hadoop-ozone/ozonefs/target/test-dir/MiniOzoneClusterImpl-57a912aa-d50f-4842-9d1d-666c9a8a8226/datanode-2/data/ratis/ac8c9418-6d34-44ad-9540-1ba396ddb63f was interrupted, exiting. There are 0 tasks remaining in the queue.
2019-09-20 08:27:07,920 [ForkJoinPool.commonPool-worker-0] INFO  segmented.SegmentedRaftLogWorker (SegmentedRaftLogWorker.java:close(228)) - 1472a92e-7a5d-4f8d-b736-5dc5de02f163-SegmentedRaftLogWorker:Storage Directory /workdir/hadoop-ozone/ozonefs/target/test-dir/MiniOzoneClusterImpl-57a912aa-d50f-4842-9d1d-666c9a8a8226/datanode-2/data/ratis/ac8c9418-6d34-44ad-9540-1ba396ddb63f close()
2019-09-20 08:27:07,921 [ForkJoinPool.commonPool-worker-0] INFO  impl.RaftServerImpl (RaftServerImpl.java:lambda$shutdown$3(245)) - 1472a92e-7a5d-4f8d-b736-5dc5de02f163: shutdown group-689A2281E1A5
2019-09-20 08:27:07,921 [ForkJoinPool.commonPool-worker-0] INFO  util.JmxRegister (JmxRegister.java:unregister(73)) - Successfully un-registered JMX Bean with object name Ratis:service=RaftServer,group=group-689A2281E1A5,id=1472a92e-7a5d-4f8d-b736-5dc5de02f163
2019-09-20 08:27:07,921 [ForkJoinPool.commonPool-worker-0] INFO  impl.RoleInfo (RoleInfo.java:shutdownLeaderState(104)) - 1472a92e-7a5d-4f8d-b736-5dc5de02f163: shutdown LeaderState
2019-09-20 08:27:07,922 [ForkJoinPool.commonPool-worker-0] INFO  impl.PendingRequests (PendingRequests.java:sendNotLeaderResponses(202)) - 1472a92e-7a5d-4f8d-b736-5dc5de02f163-PendingRequests: sendNotLeaderResponses
2019-09-20 08:27:07,922 [ForkJoinPool.commonPool-worker-0] INFO  impl.StateMachineUpdater (StateMachineUpdater.java:stopAndJoin(115)) - StateMachineUpdater:1472a92e-7a5d-4f8d-b736-5dc5de02f163:group-689A2281E1A5: set stopIndex = 0
2019-09-20 08:27:07,922 [ForkJoinPool.commonPool-worker-0] INFO  impl.RaftServerImpl (ServerState.java:close(394)) - 1472a92e-7a5d-4f8d-b736-5dc5de02f163:group-689A2281E1A5 closes. The last applied log index is 0
2019-09-20 08:27:07,923 [1472a92e-7a5d-4f8d-b736-5dc5de02f163-SegmentedRaftLogWorker:Storage Directory /workdir/hadoop-ozone/ozonefs/target/test-dir/MiniOzoneClusterImpl-57a912aa-d50f-4842-9d1d-666c9a8a8226/datanode-2/data/ratis/ddf61628-c8be-4347-9d95-689a2281e1a5] INFO  segmented.SegmentedRaftLogWorker (SegmentedRaftLogWorker.java:run(313)) - 1472a92e-7a5d-4f8d-b736-5dc5de02f163-SegmentedRaftLogWorker:Storage Directory /workdir/hadoop-ozone/ozonefs/target/test-dir/MiniOzoneClusterImpl-57a912aa-d50f-4842-9d1d-666c9a8a8226/datanode-2/data/ratis/ddf61628-c8be-4347-9d95-689a2281e1a5 was interrupted, exiting. There are 0 tasks remaining in the queue.
2019-09-20 08:27:07,923 [ForkJoinPool.commonPool-worker-0] INFO  segmented.SegmentedRaftLogWorker (SegmentedRaftLogWorker.java:close(228)) - 1472a92e-7a5d-4f8d-b736-5dc5de02f163-SegmentedRaftLogWorker:Storage Directory /workdir/hadoop-ozone/ozonefs/target/test-dir/MiniOzoneClusterImpl-57a912aa-d50f-4842-9d1d-666c9a8a8226/datanode-2/data/ratis/ddf61628-c8be-4347-9d95-689a2281e1a5 close()
2019-09-20 08:27:07,924 [ForkJoinPool.commonPool-worker-0] INFO  server.GrpcService (GrpcService.java:closeImpl(155)) - 1472a92e-7a5d-4f8d-b736-5dc5de02f163: shutdown server with port 33744 now
2019-09-20 08:27:07,925 [ForkJoinPool.commonPool-worker-0] INFO  server.GrpcService (GrpcService.java:closeImpl(163)) - 1472a92e-7a5d-4f8d-b736-5dc5de02f163: shutdown server with port 33744 successfully
2019-09-20 08:27:07,931 [ForkJoinPool.commonPool-worker-0] INFO  utils.BackgroundService (BackgroundService.java:shutdown(148)) - Shutting down service BlockDeletingService
2019-09-20 08:27:07,932 [refreshUsed-/workdir/hadoop-ozone/ozonefs/target/test-dir/MiniOzoneClusterImpl-57a912aa-d50f-4842-9d1d-666c9a8a8226/datanode-2/data/containers] WARN  fs.CachingGetSpaceUsed (CachingGetSpaceUsed.java:run(183)) - Thread Interrupted waiting to refresh disk information: sleep interrupted
2019-09-20 08:27:07,960 [ForkJoinPool.commonPool-worker-0] INFO  statemachine.DatanodeStateMachine (DatanodeStateMachine.java:stopDaemon(395)) - Ozone container server stopped.
2019-09-20 08:27:07,962 [ForkJoinPool.commonPool-worker-0] INFO  handler.ContextHandler (ContextHandler.java:doStop(910)) - Stopped o.e.j.w.WebAppContext@551e0022{/,null,UNAVAILABLE}{/hddsDatanode}
2019-09-20 08:27:07,963 [ForkJoinPool.commonPool-worker-0] INFO  server.AbstractConnector (AbstractConnector.java:doStop(318)) - Stopped ServerConnector@1523469d{HTTP/1.1,[http/1.1]}{0.0.0.0:0}
2019-09-20 08:27:07,963 [ForkJoinPool.commonPool-worker-0] INFO  handler.ContextHandler (ContextHandler.java:doStop(910)) - Stopped o.e.j.s.ServletContextHandler@4ceb782d{/static,jar:file:/home/user/.m2/repository/org/apache/hadoop/hadoop-hdds-container-service/0.5.0-SNAPSHOT/hadoop-hdds-container-service-0.5.0-SNAPSHOT.jar!/webapps/static,UNAVAILABLE}
2019-09-20 08:27:07,963 [ForkJoinPool.commonPool-worker-0] INFO  handler.ContextHandler (ContextHandler.java:doStop(910)) - Stopped o.e.j.s.ServletContextHandler@13955c16{/logs,file:///workdir/hadoop-ozone/ozonefs/target/log,UNAVAILABLE}
2019-09-20 08:27:07,964 [Thread-1336] INFO  ozone.MiniOzoneClusterImpl (MiniOzoneClusterImpl.java:stop(353)) - Stopping the StorageContainerManager
2019-09-20 08:27:07,965 [Thread-1336] INFO  server.StorageContainerManager (StorageContainerManager.java:stop(797)) - Stopping Replication Manager Service.
2019-09-20 08:27:07,965 [Thread-1336] INFO  container.ReplicationManager (ReplicationManager.java:stop(192)) - Stopping Replication Monitor Thread.
2019-09-20 08:27:07,965 [Thread-1336] INFO  server.StorageContainerManager (StorageContainerManager.java:stop(804)) - Stopping Lease Manager of the command watchers
2019-09-20 08:27:07,965 [Thread-1336] INFO  server.StorageContainerManager (StorageContainerManager.java:stop(811)) - Stopping datanode service RPC server
2019-09-20 08:27:07,965 [Thread-1336] INFO  server.SCMDatanodeProtocolServer (SCMDatanodeProtocolServer.java:stop(367)) - Stopping the RPC server for DataNodes
2019-09-20 08:27:07,965 [Thread-1336] INFO  ipc.Server (Server.java:stop(3082)) - Stopping server on 45342
2019-09-20 08:27:07,967 [IPC Server listener on 45342] INFO  ipc.Server (Server.java:run(1185)) - Stopping IPC Server listener on 45342
2019-09-20 08:27:07,969 [IPC Server Responder] INFO  ipc.Server (Server.java:run(1319)) - Stopping IPC Server Responder
2019-09-20 08:27:07,996 [SCM Heartbeat Processing Thread - 0] WARN  node.NodeStateManager (NodeStateManager.java:scheduleNextHealthCheck(655)) - Current Thread is interrupted, shutting down HB processing thread for Node Manager.
2019-09-20 08:27:07,996 [Thread-1336] INFO  server.StorageContainerManager (StorageContainerManager.java:stop(819)) - Stopping block service RPC server
2019-09-20 08:27:07,996 [Thread-1336] INFO  server.SCMBlockProtocolServer (SCMBlockProtocolServer.java:stop(148)) - Stopping the RPC server for Block Protocol
2019-09-20 08:27:07,997 [Thread-1336] INFO  ipc.Server (Server.java:stop(3082)) - Stopping server on 38387
2019-09-20 08:27:07,999 [IPC Server listener on 38387] INFO  ipc.Server (Server.java:run(1185)) - Stopping IPC Server listener on 38387
2019-09-20 08:27:08,002 [IPC Server Responder] INFO  ipc.Server (Server.java:run(1319)) - Stopping IPC Server Responder
2019-09-20 08:27:08,002 [Thread-1336] INFO  server.StorageContainerManager (StorageContainerManager.java:stop(826)) - Stopping the StorageContainerLocationProtocol RPC server
2019-09-20 08:27:08,002 [Thread-1336] INFO  server.SCMClientProtocolServer (SCMClientProtocolServer.java:stop(159)) - Stopping the RPC server for Client Protocol
2019-09-20 08:27:08,003 [Thread-1336] INFO  ipc.Server (Server.java:stop(3082)) - Stopping server on 34774
2019-09-20 08:27:08,005 [IPC Server listener on 34774] INFO  ipc.Server (Server.java:run(1185)) - Stopping IPC Server listener on 34774
2019-09-20 08:27:08,005 [Thread-1336] INFO  server.StorageContainerManager (StorageContainerManager.java:stop(833)) - Stopping Storage Container Manager HTTP server.
2019-09-20 08:27:08,006 [IPC Server Responder] INFO  ipc.Server (Server.java:run(1319)) - Stopping IPC Server Responder
2019-09-20 08:27:08,008 [Thread-1336] INFO  handler.ContextHandler (ContextHandler.java:doStop(910)) - Stopped o.e.j.w.WebAppContext@1364fa2b{/,null,UNAVAILABLE}{/scm}
2019-09-20 08:27:08,008 [Thread-1336] INFO  server.AbstractConnector (AbstractConnector.java:doStop(318)) - Stopped ServerConnector@ca44e69{HTTP/1.1,[http/1.1]}{0.0.0.0:0}
2019-09-20 08:27:08,009 [Thread-1336] INFO  handler.ContextHandler (ContextHandler.java:doStop(910)) - Stopped o.e.j.s.ServletContextHandler@56c761f6{/static,jar:file:/home/user/.m2/repository/org/apache/hadoop/hadoop-hdds-server-scm/0.5.0-SNAPSHOT/hadoop-hdds-server-scm-0.5.0-SNAPSHOT.jar!/webapps/static,UNAVAILABLE}
2019-09-20 08:27:08,009 [Thread-1336] INFO  handler.ContextHandler (ContextHandler.java:doStop(910)) - Stopped o.e.j.s.ServletContextHandler@731da39{/logs,file:///workdir/hadoop-ozone/ozonefs/target/log,UNAVAILABLE}
2019-09-20 08:27:08,010 [Thread-1336] INFO  server.StorageContainerManager (StorageContainerManager.java:stop(844)) - Stopping Block Manager Service.
2019-09-20 08:27:08,011 [Thread-1336] INFO  utils.BackgroundService (BackgroundService.java:shutdown(148)) - Shutting down service SCMBlockDeletingService
2019-09-20 08:27:08,011 [Thread-1336] INFO  utils.BackgroundService (BackgroundService.java:shutdown(148)) - Shutting down service SCMBlockDeletingService
2019-09-20 08:27:08,011 [Thread-1336] INFO  server.StorageContainerManager (StorageContainerManager.java:stop(866)) - Stopping SCM Event Queue.
2019-09-20 08:27:08,015 [Thread-1336] INFO  impl.MetricsSystemImpl (MetricsSystemImpl.java:stop(210)) - Stopping HddsDatanode metrics system...
2019-09-20 08:27:08,032 [Thread-1336] INFO  impl.MetricsSystemImpl (MetricsSystemImpl.java:stop(216)) - HddsDatanode metrics system stopped.
]]></system-out>
    <system-err><![CDATA[Sep 20, 2019 8:26:51 AM com.sun.jersey.server.impl.application.WebApplicationImpl _initiate
INFO: Initiating Jersey application, version 'Jersey: 1.19 02/11/2015 03:25 AM'
Sep 20, 2019 8:26:52 AM com.sun.jersey.server.impl.application.WebApplicationImpl _initiate
INFO: Initiating Jersey application, version 'Jersey: 1.19 02/11/2015 03:25 AM'
Sep 20, 2019 8:26:52 AM com.sun.jersey.server.impl.application.WebApplicationImpl _initiate
INFO: Initiating Jersey application, version 'Jersey: 1.19 02/11/2015 03:25 AM'
Sep 20, 2019 8:26:57 AM com.sun.jersey.server.impl.application.WebApplicationImpl _initiate
INFO: Initiating Jersey application, version 'Jersey: 1.19 02/11/2015 03:25 AM'
]]></system-err>
  </testcase>
  <testcase name="testListStatusOnLargeDirectory" classname="org.apache.hadoop.fs.ozone.TestOzoneFileSystem" time="22.229"/>
</testsuite>