<?xml version="1.0" encoding="UTF-8"?>
<testsuite xmlns:xsi="http://www.w3.org/2001/XMLSchema-instance" xsi:noNamespaceSchemaLocation="https://maven.apache.org/surefire/maven-surefire-plugin/xsd/surefire-test-report.xsd" name="org.apache.hadoop.fs.ozone.TestOzoneFileInterfaces" time="215.352" tests="12" errors="2" skipped="0" failures="0">
  <properties>
    <property name="awt.toolkit" value="sun.awt.X11.XToolkit"/>
    <property name="file.encoding.pkg" value="sun.io"/>
    <property name="java.specification.version" value="1.8"/>
    <property name="sun.cpu.isalist" value=""/>
    <property name="sun.jnu.encoding" value="UTF-8"/>
    <property name="java.class.path" value="/workdir/hadoop-ozone/ozonefs/target/test-classes:/workdir/hadoop-ozone/ozonefs/target/classes:/home/user/.m2/repository/org/apache/hadoop/hadoop-common/3.2.0/hadoop-common-3.2.0.jar:/home/user/.m2/repository/org/apache/hadoop/hadoop-annotations/3.2.0/hadoop-annotations-3.2.0.jar:/usr/lib/jvm/java-1.8-openjdk/jre/../lib/tools.jar:/home/user/.m2/repository/com/google/guava/guava/11.0.2/guava-11.0.2.jar:/home/user/.m2/repository/commons-cli/commons-cli/1.2/commons-cli-1.2.jar:/home/user/.m2/repository/org/apache/commons/commons-math3/3.1.1/commons-math3-3.1.1.jar:/home/user/.m2/repository/org/apache/httpcomponents/httpclient/4.5.2/httpclient-4.5.2.jar:/home/user/.m2/repository/org/apache/httpcomponents/httpcore/4.4.4/httpcore-4.4.4.jar:/home/user/.m2/repository/commons-codec/commons-codec/1.11/commons-codec-1.11.jar:/home/user/.m2/repository/commons-io/commons-io/2.5/commons-io-2.5.jar:/home/user/.m2/repository/commons-net/commons-net/3.6/commons-net-3.6.jar:/home/user/.m2/repository/commons-collections/commons-collections/3.2.2/commons-collections-3.2.2.jar:/home/user/.m2/repository/javax/servlet/javax.servlet-api/3.1.0/javax.servlet-api-3.1.0.jar:/home/user/.m2/repository/org/eclipse/jetty/jetty-server/9.3.24.v20180605/jetty-server-9.3.24.v20180605.jar:/home/user/.m2/repository/org/eclipse/jetty/jetty-http/9.3.24.v20180605/jetty-http-9.3.24.v20180605.jar:/home/user/.m2/repository/org/eclipse/jetty/jetty-io/9.3.24.v20180605/jetty-io-9.3.24.v20180605.jar:/home/user/.m2/repository/org/eclipse/jetty/jetty-util/9.3.24.v20180605/jetty-util-9.3.24.v20180605.jar:/home/user/.m2/repository/org/eclipse/jetty/jetty-servlet/9.3.24.v20180605/jetty-servlet-9.3.24.v20180605.jar:/home/user/.m2/repository/org/eclipse/jetty/jetty-security/9.3.24.v20180605/jetty-security-9.3.24.v20180605.jar:/home/user/.m2/repository/org/eclipse/jetty/jetty-webapp/9.3.24.v20180605/jetty-webapp-9.3.24.v20180605.jar:/home/user/.m2/repository/org/eclipse/jetty/jetty-xml/9.3.24.v20180605/jetty-xml-9.3.24.v20180605.jar:/home/user/.m2/repository/javax/servlet/jsp/jsp-api/2.1/jsp-api-2.1.jar:/home/user/.m2/repository/com/sun/jersey/jersey-core/1.19/jersey-core-1.19.jar:/home/user/.m2/repository/javax/ws/rs/jsr311-api/1.1.1/jsr311-api-1.1.1.jar:/home/user/.m2/repository/com/sun/jersey/jersey-servlet/1.19/jersey-servlet-1.19.jar:/home/user/.m2/repository/com/sun/jersey/jersey-json/1.19/jersey-json-1.19.jar:/home/user/.m2/repository/org/codehaus/jettison/jettison/1.1/jettison-1.1.jar:/home/user/.m2/repository/com/sun/xml/bind/jaxb-impl/2.3.0.1/jaxb-impl-2.3.0.1.jar:/home/user/.m2/repository/org/codehaus/jackson/jackson-core-asl/1.9.13/jackson-core-asl-1.9.13.jar:/home/user/.m2/repository/org/codehaus/jackson/jackson-mapper-asl/1.9.13/jackson-mapper-asl-1.9.13.jar:/home/user/.m2/repository/org/codehaus/jackson/jackson-jaxrs/1.9.13/jackson-jaxrs-1.9.13.jar:/home/user/.m2/repository/org/codehaus/jackson/jackson-xc/1.9.13/jackson-xc-1.9.13.jar:/home/user/.m2/repository/com/sun/jersey/jersey-server/1.19/jersey-server-1.19.jar:/home/user/.m2/repository/commons-logging/commons-logging/1.1.3/commons-logging-1.1.3.jar:/home/user/.m2/repository/log4j/log4j/1.2.17/log4j-1.2.17.jar:/home/user/.m2/repository/commons-beanutils/commons-beanutils/1.9.3/commons-beanutils-1.9.3.jar:/home/user/.m2/repository/org/apache/commons/commons-configuration2/2.1.1/commons-configuration2-2.1.1.jar:/home/user/.m2/repository/org/apache/commons/commons-lang3/3.7/commons-lang3-3.7.jar:/home/user/.m2/repository/org/apache/commons/commons-text/1.4/commons-text-1.4.jar:/home/user/.m2/repository/org/slf4j/slf4j-api/1.7.25/slf4j-api-1.7.25.jar:/home/user/.m2/repository/org/slf4j/slf4j-log4j12/1.7.25/slf4j-log4j12-1.7.25.jar:/home/user/.m2/repository/org/apache/avro/avro/1.7.7/avro-1.7.7.jar:/home/user/.m2/repository/com/thoughtworks/paranamer/paranamer/2.3/paranamer-2.3.jar:/home/user/.m2/repository/org/xerial/snappy/snappy-java/1.0.5/snappy-java-1.0.5.jar:/home/user/.m2/repository/com/google/re2j/re2j/1.1/re2j-1.1.jar:/home/user/.m2/repository/com/google/protobuf/protobuf-java/2.5.0/protobuf-java-2.5.0.jar:/home/user/.m2/repository/com/google/code/gson/gson/2.2.4/gson-2.2.4.jar:/home/user/.m2/repository/org/apache/hadoop/hadoop-auth/3.2.0/hadoop-auth-3.2.0.jar:/home/user/.m2/repository/com/nimbusds/nimbus-jose-jwt/4.41.1/nimbus-jose-jwt-4.41.1.jar:/home/user/.m2/repository/com/github/stephenc/jcip/jcip-annotations/1.0-1/jcip-annotations-1.0-1.jar:/home/user/.m2/repository/net/minidev/json-smart/2.3/json-smart-2.3.jar:/home/user/.m2/repository/net/minidev/accessors-smart/1.2/accessors-smart-1.2.jar:/home/user/.m2/repository/org/apache/curator/curator-framework/2.12.0/curator-framework-2.12.0.jar:/home/user/.m2/repository/com/jcraft/jsch/0.1.54/jsch-0.1.54.jar:/home/user/.m2/repository/org/apache/curator/curator-client/2.12.0/curator-client-2.12.0.jar:/home/user/.m2/repository/org/apache/curator/curator-recipes/2.12.0/curator-recipes-2.12.0.jar:/home/user/.m2/repository/com/google/code/findbugs/jsr305/3.0.0/jsr305-3.0.0.jar:/home/user/.m2/repository/org/apache/htrace/htrace-core4/4.1.0-incubating/htrace-core4-4.1.0-incubating.jar:/home/user/.m2/repository/org/apache/zookeeper/zookeeper/3.4.13/zookeeper-3.4.13.jar:/home/user/.m2/repository/org/apache/yetus/audience-annotations/0.5.0/audience-annotations-0.5.0.jar:/home/user/.m2/repository/org/apache/commons/commons-compress/1.4.1/commons-compress-1.4.1.jar:/home/user/.m2/repository/org/tukaani/xz/1.0/xz-1.0.jar:/home/user/.m2/repository/org/apache/kerby/kerb-simplekdc/1.0.1/kerb-simplekdc-1.0.1.jar:/home/user/.m2/repository/org/apache/kerby/kerb-client/1.0.1/kerb-client-1.0.1.jar:/home/user/.m2/repository/org/apache/kerby/kerby-config/1.0.1/kerby-config-1.0.1.jar:/home/user/.m2/repository/org/apache/kerby/kerb-core/1.0.1/kerb-core-1.0.1.jar:/home/user/.m2/repository/org/apache/kerby/kerby-pkix/1.0.1/kerby-pkix-1.0.1.jar:/home/user/.m2/repository/org/apache/kerby/kerby-asn1/1.0.1/kerby-asn1-1.0.1.jar:/home/user/.m2/repository/org/apache/kerby/kerby-util/1.0.1/kerby-util-1.0.1.jar:/home/user/.m2/repository/org/apache/kerby/kerb-common/1.0.1/kerb-common-1.0.1.jar:/home/user/.m2/repository/org/apache/kerby/kerb-crypto/1.0.1/kerb-crypto-1.0.1.jar:/home/user/.m2/repository/org/apache/kerby/kerb-util/1.0.1/kerb-util-1.0.1.jar:/home/user/.m2/repository/org/apache/kerby/token-provider/1.0.1/token-provider-1.0.1.jar:/home/user/.m2/repository/org/apache/kerby/kerb-admin/1.0.1/kerb-admin-1.0.1.jar:/home/user/.m2/repository/org/apache/kerby/kerb-server/1.0.1/kerb-server-1.0.1.jar:/home/user/.m2/repository/org/apache/kerby/kerb-identity/1.0.1/kerb-identity-1.0.1.jar:/home/user/.m2/repository/org/apache/kerby/kerby-xdr/1.0.1/kerby-xdr-1.0.1.jar:/home/user/.m2/repository/com/fasterxml/jackson/core/jackson-databind/2.9.5/jackson-databind-2.9.5.jar:/home/user/.m2/repository/com/fasterxml/jackson/core/jackson-annotations/2.9.5/jackson-annotations-2.9.5.jar:/home/user/.m2/repository/com/fasterxml/jackson/core/jackson-core/2.9.5/jackson-core-2.9.5.jar:/home/user/.m2/repository/org/codehaus/woodstox/stax2-api/3.1.4/stax2-api-3.1.4.jar:/home/user/.m2/repository/com/fasterxml/woodstox/woodstox-core/5.0.3/woodstox-core-5.0.3.jar:/home/user/.m2/repository/dnsjava/dnsjava/2.1.7/dnsjava-2.1.7.jar:/home/user/.m2/repository/org/apache/hadoop/hadoop-hdfs/3.2.0/hadoop-hdfs-3.2.0.jar:/home/user/.m2/repository/org/eclipse/jetty/jetty-util-ajax/9.3.24.v20180605/jetty-util-ajax-9.3.24.v20180605.jar:/home/user/.m2/repository/commons-daemon/commons-daemon/1.0.13/commons-daemon-1.0.13.jar:/home/user/.m2/repository/io/netty/netty/3.10.5.Final/netty-3.10.5.Final.jar:/home/user/.m2/repository/io/netty/netty-all/4.0.52.Final/netty-all-4.0.52.Final.jar:/home/user/.m2/repository/org/fusesource/leveldbjni/leveldbjni-all/1.8/leveldbjni-all-1.8.jar:/home/user/.m2/repository/org/apache/hadoop/hadoop-hdds-common/0.5.0-SNAPSHOT/hadoop-hdds-common-0.5.0-SNAPSHOT.jar:/home/user/.m2/repository/org/apache/hadoop/hadoop-hdds-config/0.5.0-SNAPSHOT/hadoop-hdds-config-0.5.0-SNAPSHOT.jar:/home/user/.m2/repository/javax/annotation/javax.annotation-api/1.2/javax.annotation-api-1.2.jar:/home/user/.m2/repository/org/apache/ratis/ratis-server/0.4.0-2337318-SNAPSHOT/ratis-server-0.4.0-2337318-SNAPSHOT.jar:/home/user/.m2/repository/org/apache/ratis/ratis-thirdparty-misc/0.2.0/ratis-thirdparty-misc-0.2.0.jar:/home/user/.m2/repository/org/apache/ratis/ratis-proto/0.4.0-2337318-SNAPSHOT/ratis-proto-0.4.0-2337318-SNAPSHOT.jar:/home/user/.m2/repository/org/apache/ratis/ratis-common/0.4.0-2337318-SNAPSHOT/ratis-common-0.4.0-2337318-SNAPSHOT.jar:/home/user/.m2/repository/org/apache/ratis/ratis-client/0.4.0-2337318-SNAPSHOT/ratis-client-0.4.0-2337318-SNAPSHOT.jar:/home/user/.m2/repository/org/apache/ratis/ratis-metrics/0.4.0-2337318-SNAPSHOT/ratis-metrics-0.4.0-2337318-SNAPSHOT.jar:/home/user/.m2/repository/org/apache/ratis/ratis-netty/0.4.0-2337318-SNAPSHOT/ratis-netty-0.4.0-2337318-SNAPSHOT.jar:/home/user/.m2/repository/org/apache/ratis/ratis-grpc/0.4.0-2337318-SNAPSHOT/ratis-grpc-0.4.0-2337318-SNAPSHOT.jar:/home/user/.m2/repository/org/rocksdb/rocksdbjni/6.0.1/rocksdbjni-6.0.1.jar:/home/user/.m2/repository/org/apache/logging/log4j/log4j-api/2.11.0/log4j-api-2.11.0.jar:/home/user/.m2/repository/org/apache/logging/log4j/log4j-core/2.11.0/log4j-core-2.11.0.jar:/home/user/.m2/repository/com/lmax/disruptor/3.4.2/disruptor-3.4.2.jar:/home/user/.m2/repository/org/apache/commons/commons-pool2/2.6.0/commons-pool2-2.6.0.jar:/home/user/.m2/repository/org/bouncycastle/bcpkix-jdk15on/1.60/bcpkix-jdk15on-1.60.jar:/home/user/.m2/repository/commons-validator/commons-validator/1.6/commons-validator-1.6.jar:/home/user/.m2/repository/commons-digester/commons-digester/1.8.1/commons-digester-1.8.1.jar:/home/user/.m2/repository/io/jaegertracing/jaeger-client/0.33.1/jaeger-client-0.33.1.jar:/home/user/.m2/repository/io/jaegertracing/jaeger-thrift/0.33.1/jaeger-thrift-0.33.1.jar:/home/user/.m2/repository/org/apache/thrift/libthrift/0.11.0/libthrift-0.11.0.jar:/home/user/.m2/repository/com/squareup/okhttp3/okhttp/3.9.0/okhttp-3.9.0.jar:/home/user/.m2/repository/com/squareup/okio/okio/1.13.0/okio-1.13.0.jar:/home/user/.m2/repository/io/jaegertracing/jaeger-core/0.33.1/jaeger-core-0.33.1.jar:/home/user/.m2/repository/io/jaegertracing/jaeger-tracerresolver/0.33.1/jaeger-tracerresolver-0.33.1.jar:/home/user/.m2/repository/io/opentracing/contrib/opentracing-tracerresolver/0.1.5/opentracing-tracerresolver-0.1.5.jar:/home/user/.m2/repository/io/opentracing/opentracing-util/0.31.0/opentracing-util-0.31.0.jar:/home/user/.m2/repository/io/opentracing/opentracing-api/0.31.0/opentracing-api-0.31.0.jar:/home/user/.m2/repository/io/opentracing/opentracing-noop/0.31.0/opentracing-noop-0.31.0.jar:/home/user/.m2/repository/org/yaml/snakeyaml/1.16/snakeyaml-1.16.jar:/home/user/.m2/repository/org/apache/hadoop/hadoop-hdfs-client/3.2.0/hadoop-hdfs-client-3.2.0.jar:/home/user/.m2/repository/info/picocli/picocli/3.9.6/picocli-3.9.6.jar:/home/user/.m2/repository/org/apache/hadoop/hadoop-hdds-server-scm/0.5.0-SNAPSHOT/hadoop-hdds-server-scm-0.5.0-SNAPSHOT.jar:/home/user/.m2/repository/org/apache/hadoop/hadoop-hdds-docs/0.5.0-SNAPSHOT/hadoop-hdds-docs-0.5.0-SNAPSHOT.jar:/home/user/.m2/repository/io/dropwizard/metrics/metrics-core/3.2.4/metrics-core-3.2.4.jar:/home/user/.m2/repository/org/hamcrest/hamcrest-all/1.3/hamcrest-all-1.3.jar:/home/user/.m2/repository/org/bouncycastle/bcprov-jdk15on/1.60/bcprov-jdk15on-1.60.jar:/home/user/.m2/repository/org/apache/hadoop/hadoop-hdds-server-framework/0.5.0-SNAPSHOT/hadoop-hdds-server-framework-0.5.0-SNAPSHOT.jar:/home/user/.m2/repository/org/apache/hadoop/hadoop-ozone-ozone-manager/0.5.0-SNAPSHOT/hadoop-ozone-ozone-manager-0.5.0-SNAPSHOT.jar:/home/user/.m2/repository/org/apache/hadoop/hadoop-hdds-container-service/0.5.0-SNAPSHOT/hadoop-hdds-container-service-0.5.0-SNAPSHOT.jar:/home/user/.m2/repository/org/apache/hadoop/hadoop-hdds-client/0.5.0-SNAPSHOT/hadoop-hdds-client-0.5.0-SNAPSHOT.jar:/home/user/.m2/repository/org/apache/hadoop/hadoop-ozone-common/0.5.0-SNAPSHOT/hadoop-ozone-common-0.5.0-SNAPSHOT.jar:/home/user/.m2/repository/org/apache/hadoop/hadoop-hdds-tools/0.5.0-SNAPSHOT/hadoop-hdds-tools-0.5.0-SNAPSHOT.jar:/home/user/.m2/repository/org/xerial/sqlite-jdbc/3.25.2/sqlite-jdbc-3.25.2.jar:/home/user/.m2/repository/org/apache/hadoop/hadoop-ozone-objectstore-service/0.5.0-SNAPSHOT/hadoop-ozone-objectstore-service-0.5.0-SNAPSHOT.jar:/home/user/.m2/repository/com/google/code/findbugs/findbugs/3.0.1/findbugs-3.0.1.jar:/home/user/.m2/repository/net/jcip/jcip-annotations/1.0/jcip-annotations-1.0.jar:/home/user/.m2/repository/com/google/code/findbugs/bcel-findbugs/6.0/bcel-findbugs-6.0.jar:/home/user/.m2/repository/com/google/code/findbugs/jFormatString/2.0.1/jFormatString-2.0.1.jar:/home/user/.m2/repository/dom4j/dom4j/1.6.1/dom4j-1.6.1.jar:/home/user/.m2/repository/xml-apis/xml-apis/1.0.b2/xml-apis-1.0.b2.jar:/home/user/.m2/repository/org/ow2/asm/asm-debug-all/5.0.2/asm-debug-all-5.0.2.jar:/home/user/.m2/repository/org/ow2/asm/asm-commons/5.0.2/asm-commons-5.0.2.jar:/home/user/.m2/repository/org/ow2/asm/asm-tree/5.0.2/asm-tree-5.0.2.jar:/home/user/.m2/repository/org/ow2/asm/asm/5.0.4/asm-5.0.4.jar:/home/user/.m2/repository/commons-lang/commons-lang/2.6/commons-lang-2.6.jar:/home/user/.m2/repository/com/apple/AppleJavaExtensions/1.4/AppleJavaExtensions-1.4.jar:/home/user/.m2/repository/jaxen/jaxen/1.1.6/jaxen-1.1.6.jar:/home/user/.m2/repository/org/apache/hadoop/hadoop-common/3.2.0/hadoop-common-3.2.0-tests.jar:/home/user/.m2/repository/org/apache/hadoop/hadoop-ozone-client/0.5.0-SNAPSHOT/hadoop-ozone-client-0.5.0-SNAPSHOT.jar:/home/user/.m2/repository/org/apache/hadoop/hadoop-hdfs/3.2.0/hadoop-hdfs-3.2.0-tests.jar:/workdir/hadoop-ozone/integration-test/target/test-classes:/home/user/.m2/repository/org/apache/hadoop/hadoop-ozone-s3gateway/0.5.0-SNAPSHOT/hadoop-ozone-s3gateway-0.5.0-SNAPSHOT.jar:/home/user/.m2/repository/org/jboss/weld/servlet/weld-servlet/2.4.7.Final/weld-servlet-2.4.7.Final.jar:/home/user/.m2/repository/org/glassfish/jersey/containers/jersey-container-servlet-core/2.27/jersey-container-servlet-core-2.27.jar:/home/user/.m2/repository/org/glassfish/hk2/external/javax.inject/2.5.0-b42/javax.inject-2.5.0-b42.jar:/home/user/.m2/repository/org/glassfish/jersey/core/jersey-common/2.27/jersey-common-2.27.jar:/home/user/.m2/repository/org/glassfish/hk2/osgi-resource-locator/1.0.1/osgi-resource-locator-1.0.1.jar:/home/user/.m2/repository/javax/ws/rs/javax.ws.rs-api/2.1/javax.ws.rs-api-2.1.jar:/home/user/.m2/repository/org/glassfish/jersey/ext/cdi/jersey-cdi1x/2.27/jersey-cdi1x-2.27.jar:/home/user/.m2/repository/org/glassfish/jersey/inject/jersey-hk2/2.27/jersey-hk2-2.27.jar:/home/user/.m2/repository/org/glassfish/hk2/hk2-locator/2.5.0-b42/hk2-locator-2.5.0-b42.jar:/home/user/.m2/repository/org/javassist/javassist/3.22.0-CR2/javassist-3.22.0-CR2.jar:/home/user/.m2/repository/org/glassfish/hk2/hk2-api/2.5.0/hk2-api-2.5.0.jar:/home/user/.m2/repository/org/glassfish/hk2/external/jakarta.inject/2.5.0/jakarta.inject-2.5.0.jar:/home/user/.m2/repository/org/glassfish/hk2/hk2-utils/2.5.0/hk2-utils-2.5.0.jar:/home/user/.m2/repository/jakarta/annotation/jakarta.annotation-api/1.3.4/jakarta.annotation-api-1.3.4.jar:/home/user/.m2/repository/org/glassfish/hk2/external/aopalliance-repackaged/2.5.0/aopalliance-repackaged-2.5.0.jar:/home/user/.m2/repository/com/fasterxml/jackson/dataformat/jackson-dataformat-xml/2.9.0/jackson-dataformat-xml-2.9.0.jar:/home/user/.m2/repository/com/fasterxml/jackson/module/jackson-module-jaxb-annotations/2.9.5/jackson-module-jaxb-annotations-2.9.5.jar:/home/user/.m2/repository/javax/enterprise/cdi-api/1.2/cdi-api-1.2.jar:/home/user/.m2/repository/javax/el/javax.el-api/3.0.0/javax.el-api-3.0.0.jar:/home/user/.m2/repository/javax/interceptor/javax.interceptor-api/1.2/javax.interceptor-api-1.2.jar:/home/user/.m2/repository/javax/inject/javax.inject/1/javax.inject-1.jar:/home/user/.m2/repository/com/sun/xml/bind/jaxb-core/2.3.0.1/jaxb-core-2.3.0.1.jar:/home/user/.m2/repository/javax/xml/bind/jaxb-api/2.3.0/jaxb-api-2.3.0.jar:/home/user/.m2/repository/javax/activation/activation/1.1.1/activation-1.1.1.jar:/home/user/.m2/repository/org/apache/hadoop/hadoop-ozone-csi/0.5.0-SNAPSHOT/hadoop-ozone-csi-0.5.0-SNAPSHOT.jar:/home/user/.m2/repository/com/google/protobuf/protobuf-java-util/3.5.1/protobuf-java-util-3.5.1.jar:/home/user/.m2/repository/io/grpc/grpc-netty/1.17.1/grpc-netty-1.17.1.jar:/home/user/.m2/repository/io/grpc/grpc-core/1.17.1/grpc-core-1.17.1.jar:/home/user/.m2/repository/io/grpc/grpc-context/1.17.1/grpc-context-1.17.1.jar:/home/user/.m2/repository/com/google/errorprone/error_prone_annotations/2.2.0/error_prone_annotations-2.2.0.jar:/home/user/.m2/repository/org/codehaus/mojo/animal-sniffer-annotations/1.17/animal-sniffer-annotations-1.17.jar:/home/user/.m2/repository/io/opencensus/opencensus-api/0.17.0/opencensus-api-0.17.0.jar:/home/user/.m2/repository/io/opencensus/opencensus-contrib-grpc-metrics/0.17.0/opencensus-contrib-grpc-metrics-0.17.0.jar:/home/user/.m2/repository/io/netty/netty-codec-http2/4.1.30.Final/netty-codec-http2-4.1.30.Final.jar:/home/user/.m2/repository/io/netty/netty-codec-http/4.1.30.Final/netty-codec-http-4.1.30.Final.jar:/home/user/.m2/repository/io/netty/netty-codec/4.1.30.Final/netty-codec-4.1.30.Final.jar:/home/user/.m2/repository/io/netty/netty-handler/4.1.30.Final/netty-handler-4.1.30.Final.jar:/home/user/.m2/repository/io/netty/netty-handler-proxy/4.1.30.Final/netty-handler-proxy-4.1.30.Final.jar:/home/user/.m2/repository/io/netty/netty-codec-socks/4.1.30.Final/netty-codec-socks-4.1.30.Final.jar:/home/user/.m2/repository/io/netty/netty-transport-native-epoll/4.1.30.Final/netty-transport-native-epoll-4.1.30.Final.jar:/home/user/.m2/repository/io/netty/netty-common/4.1.30.Final/netty-common-4.1.30.Final.jar:/home/user/.m2/repository/io/netty/netty-buffer/4.1.30.Final/netty-buffer-4.1.30.Final.jar:/home/user/.m2/repository/io/netty/netty-transport/4.1.30.Final/netty-transport-4.1.30.Final.jar:/home/user/.m2/repository/io/netty/netty-resolver/4.1.30.Final/netty-resolver-4.1.30.Final.jar:/home/user/.m2/repository/io/netty/netty-transport-native-unix-common/4.1.30.Final/netty-transport-native-unix-common-4.1.30.Final.jar:/home/user/.m2/repository/io/grpc/grpc-protobuf/1.17.1/grpc-protobuf-1.17.1.jar:/home/user/.m2/repository/com/google/api/grpc/proto-google-common-protos/1.0.0/proto-google-common-protos-1.0.0.jar:/home/user/.m2/repository/io/grpc/grpc-protobuf-lite/1.17.1/grpc-protobuf-lite-1.17.1.jar:/home/user/.m2/repository/io/grpc/grpc-stub/1.17.1/grpc-stub-1.17.1.jar:/home/user/.m2/repository/org/apache/hadoop/hadoop-ozone-recon/0.5.0-SNAPSHOT/hadoop-ozone-recon-0.5.0-SNAPSHOT.jar:/home/user/.m2/repository/org/apache/hadoop/hadoop-ozone-reconcodegen/0.5.0-SNAPSHOT/hadoop-ozone-reconcodegen-0.5.0-SNAPSHOT.jar:/home/user/.m2/repository/com/google/inject/extensions/guice-multibindings/4.0/guice-multibindings-4.0.jar:/home/user/.m2/repository/com/google/inject/guice/4.0/guice-4.0.jar:/home/user/.m2/repository/aopalliance/aopalliance/1.0/aopalliance-1.0.jar:/home/user/.m2/repository/org/glassfish/jersey/containers/jersey-container-servlet/2.27/jersey-container-servlet-2.27.jar:/home/user/.m2/repository/org/glassfish/hk2/guice-bridge/2.5.0/guice-bridge-2.5.0.jar:/home/user/.m2/repository/org/glassfish/jersey/core/jersey-server/2.27/jersey-server-2.27.jar:/home/user/.m2/repository/org/glassfish/jersey/core/jersey-client/2.27/jersey-client-2.27.jar:/home/user/.m2/repository/org/glassfish/jersey/media/jersey-media-jaxb/2.27/jersey-media-jaxb-2.27.jar:/home/user/.m2/repository/javax/validation/validation-api/1.1.0.Final/validation-api-1.1.0.Final.jar:/home/user/.m2/repository/org/glassfish/jersey/media/jersey-media-json-jackson/2.27/jersey-media-json-jackson-2.27.jar:/home/user/.m2/repository/org/glassfish/jersey/ext/jersey-entity-filtering/2.27/jersey-entity-filtering-2.27.jar:/home/user/.m2/repository/com/google/inject/extensions/guice-assistedinject/4.0/guice-assistedinject-4.0.jar:/home/user/.m2/repository/org/jooq/jooq/3.11.10/jooq-3.11.10.jar:/home/user/.m2/repository/org/jooq/jooq-meta/3.11.10/jooq-meta-3.11.10.jar:/home/user/.m2/repository/org/jooq/jooq-codegen/3.11.10/jooq-codegen-3.11.10.jar:/home/user/.m2/repository/com/jolbox/bonecp/0.8.0.RELEASE/bonecp-0.8.0.RELEASE.jar:/home/user/.m2/repository/org/springframework/spring-jdbc/5.1.3.RELEASE/spring-jdbc-5.1.3.RELEASE.jar:/home/user/.m2/repository/org/springframework/spring-beans/5.1.3.RELEASE/spring-beans-5.1.3.RELEASE.jar:/home/user/.m2/repository/org/springframework/spring-core/5.1.3.RELEASE/spring-core-5.1.3.RELEASE.jar:/home/user/.m2/repository/org/springframework/spring-jcl/5.1.3.RELEASE/spring-jcl-5.1.3.RELEASE.jar:/home/user/.m2/repository/org/springframework/spring-tx/5.1.3.RELEASE/spring-tx-5.1.3.RELEASE.jar:/home/user/.m2/repository/org/mockito/mockito-all/1.10.19/mockito-all-1.10.19.jar:/home/user/.m2/repository/junit/junit/4.11/junit-4.11.jar:/home/user/.m2/repository/org/hamcrest/hamcrest-core/1.3/hamcrest-core-1.3.jar:/home/user/.m2/repository/org/apache/hadoop/hadoop-distcp/3.2.0/hadoop-distcp-3.2.0.jar:/home/user/.m2/repository/org/apache/hadoop/hadoop-distcp/3.2.0/hadoop-distcp-3.2.0-tests.jar:/home/user/.m2/repository/org/apache/hadoop/hadoop-mapreduce-client-jobclient/3.2.0/hadoop-mapreduce-client-jobclient-3.2.0.jar:/home/user/.m2/repository/org/apache/hadoop/hadoop-mapreduce-client-common/3.2.0/hadoop-mapreduce-client-common-3.2.0.jar:/home/user/.m2/repository/org/apache/hadoop/hadoop-yarn-common/3.2.0/hadoop-yarn-common-3.2.0.jar:/home/user/.m2/repository/org/apache/hadoop/hadoop-yarn-api/3.2.0/hadoop-yarn-api-3.2.0.jar:/home/user/.m2/repository/com/sun/jersey/jersey-client/1.19/jersey-client-1.19.jar:/home/user/.m2/repository/com/sun/jersey/contribs/jersey-guice/1.19/jersey-guice-1.19.jar:/home/user/.m2/repository/com/fasterxml/jackson/jaxrs/jackson-jaxrs-json-provider/2.9.5/jackson-jaxrs-json-provider-2.9.5.jar:/home/user/.m2/repository/com/fasterxml/jackson/jaxrs/jackson-jaxrs-base/2.9.5/jackson-jaxrs-base-2.9.5.jar:/home/user/.m2/repository/org/apache/hadoop/hadoop-yarn-client/3.2.0/hadoop-yarn-client-3.2.0.jar:/home/user/.m2/repository/org/apache/hadoop/hadoop-mapreduce-client-core/3.2.0/hadoop-mapreduce-client-core-3.2.0.jar:/home/user/.m2/repository/com/google/inject/extensions/guice-servlet/4.0/guice-servlet-4.0.jar:/home/user/.m2/repository/org/powermock/powermock-module-junit4/1.6.5/powermock-module-junit4-1.6.5.jar:/home/user/.m2/repository/org/powermock/powermock-module-junit4-common/1.6.5/powermock-module-junit4-common-1.6.5.jar:/home/user/.m2/repository/org/powermock/powermock-core/1.6.5/powermock-core-1.6.5.jar:/home/user/.m2/repository/org/powermock/powermock-reflect/1.6.5/powermock-reflect-1.6.5.jar:/home/user/.m2/repository/org/powermock/powermock-api-mockito/1.6.5/powermock-api-mockito-1.6.5.jar:/home/user/.m2/repository/org/mockito/mockito-core/1.10.19/mockito-core-1.10.19.jar:/home/user/.m2/repository/org/objenesis/objenesis/1.0/objenesis-1.0.jar:/home/user/.m2/repository/org/powermock/powermock-api-mockito-common/1.6.5/powermock-api-mockito-common-1.6.5.jar:/home/user/.m2/repository/org/powermock/powermock-api-support/1.6.5/powermock-api-support-1.6.5.jar:"/>
    <property name="java.vm.vendor" value="IcedTea"/>
    <property name="sun.arch.data.model" value="64"/>
    <property name="test.build.dir" value="/workdir/hadoop-ozone/ozonefs/target/test-dir"/>
    <property name="test.cache.data" value=""/>
    <property name="java.vendor.url" value="https://icedtea.classpath.org"/>
    <property name="user.timezone" value=""/>
    <property name="java.vm.specification.version" value="1.8"/>
    <property name="os.name" value="Linux"/>
    <property name="test.build.data" value="/workdir/hadoop-ozone/ozonefs/target/test-dir"/>
    <property name="user.country" value="US"/>
    <property name="sun.java.launcher" value="SUN_STANDARD"/>
    <property name="sun.boot.library.path" value="/usr/lib/jvm/java-1.8-openjdk/jre/lib/amd64"/>
    <property name="sun.java.command" value="/workdir/hadoop-ozone/ozonefs/target/surefire/surefirebooter6233426881753240810.jar /workdir/hadoop-ozone/ozonefs/target/surefire 2019-09-20T03-36-44_923-jvmRun1 surefire463100712879855349tmp surefire_1046606193129133751193tmp"/>
    <property name="test" value="!TestMiniChaosOzoneCluster"/>
    <property name="surefire.test.class.path" value="/workdir/hadoop-ozone/ozonefs/target/test-classes:/workdir/hadoop-ozone/ozonefs/target/classes:/home/user/.m2/repository/org/apache/hadoop/hadoop-common/3.2.0/hadoop-common-3.2.0.jar:/home/user/.m2/repository/org/apache/hadoop/hadoop-annotations/3.2.0/hadoop-annotations-3.2.0.jar:/usr/lib/jvm/java-1.8-openjdk/jre/../lib/tools.jar:/home/user/.m2/repository/com/google/guava/guava/11.0.2/guava-11.0.2.jar:/home/user/.m2/repository/commons-cli/commons-cli/1.2/commons-cli-1.2.jar:/home/user/.m2/repository/org/apache/commons/commons-math3/3.1.1/commons-math3-3.1.1.jar:/home/user/.m2/repository/org/apache/httpcomponents/httpclient/4.5.2/httpclient-4.5.2.jar:/home/user/.m2/repository/org/apache/httpcomponents/httpcore/4.4.4/httpcore-4.4.4.jar:/home/user/.m2/repository/commons-codec/commons-codec/1.11/commons-codec-1.11.jar:/home/user/.m2/repository/commons-io/commons-io/2.5/commons-io-2.5.jar:/home/user/.m2/repository/commons-net/commons-net/3.6/commons-net-3.6.jar:/home/user/.m2/repository/commons-collections/commons-collections/3.2.2/commons-collections-3.2.2.jar:/home/user/.m2/repository/javax/servlet/javax.servlet-api/3.1.0/javax.servlet-api-3.1.0.jar:/home/user/.m2/repository/org/eclipse/jetty/jetty-server/9.3.24.v20180605/jetty-server-9.3.24.v20180605.jar:/home/user/.m2/repository/org/eclipse/jetty/jetty-http/9.3.24.v20180605/jetty-http-9.3.24.v20180605.jar:/home/user/.m2/repository/org/eclipse/jetty/jetty-io/9.3.24.v20180605/jetty-io-9.3.24.v20180605.jar:/home/user/.m2/repository/org/eclipse/jetty/jetty-util/9.3.24.v20180605/jetty-util-9.3.24.v20180605.jar:/home/user/.m2/repository/org/eclipse/jetty/jetty-servlet/9.3.24.v20180605/jetty-servlet-9.3.24.v20180605.jar:/home/user/.m2/repository/org/eclipse/jetty/jetty-security/9.3.24.v20180605/jetty-security-9.3.24.v20180605.jar:/home/user/.m2/repository/org/eclipse/jetty/jetty-webapp/9.3.24.v20180605/jetty-webapp-9.3.24.v20180605.jar:/home/user/.m2/repository/org/eclipse/jetty/jetty-xml/9.3.24.v20180605/jetty-xml-9.3.24.v20180605.jar:/home/user/.m2/repository/javax/servlet/jsp/jsp-api/2.1/jsp-api-2.1.jar:/home/user/.m2/repository/com/sun/jersey/jersey-core/1.19/jersey-core-1.19.jar:/home/user/.m2/repository/javax/ws/rs/jsr311-api/1.1.1/jsr311-api-1.1.1.jar:/home/user/.m2/repository/com/sun/jersey/jersey-servlet/1.19/jersey-servlet-1.19.jar:/home/user/.m2/repository/com/sun/jersey/jersey-json/1.19/jersey-json-1.19.jar:/home/user/.m2/repository/org/codehaus/jettison/jettison/1.1/jettison-1.1.jar:/home/user/.m2/repository/com/sun/xml/bind/jaxb-impl/2.3.0.1/jaxb-impl-2.3.0.1.jar:/home/user/.m2/repository/org/codehaus/jackson/jackson-core-asl/1.9.13/jackson-core-asl-1.9.13.jar:/home/user/.m2/repository/org/codehaus/jackson/jackson-mapper-asl/1.9.13/jackson-mapper-asl-1.9.13.jar:/home/user/.m2/repository/org/codehaus/jackson/jackson-jaxrs/1.9.13/jackson-jaxrs-1.9.13.jar:/home/user/.m2/repository/org/codehaus/jackson/jackson-xc/1.9.13/jackson-xc-1.9.13.jar:/home/user/.m2/repository/com/sun/jersey/jersey-server/1.19/jersey-server-1.19.jar:/home/user/.m2/repository/commons-logging/commons-logging/1.1.3/commons-logging-1.1.3.jar:/home/user/.m2/repository/log4j/log4j/1.2.17/log4j-1.2.17.jar:/home/user/.m2/repository/commons-beanutils/commons-beanutils/1.9.3/commons-beanutils-1.9.3.jar:/home/user/.m2/repository/org/apache/commons/commons-configuration2/2.1.1/commons-configuration2-2.1.1.jar:/home/user/.m2/repository/org/apache/commons/commons-lang3/3.7/commons-lang3-3.7.jar:/home/user/.m2/repository/org/apache/commons/commons-text/1.4/commons-text-1.4.jar:/home/user/.m2/repository/org/slf4j/slf4j-api/1.7.25/slf4j-api-1.7.25.jar:/home/user/.m2/repository/org/slf4j/slf4j-log4j12/1.7.25/slf4j-log4j12-1.7.25.jar:/home/user/.m2/repository/org/apache/avro/avro/1.7.7/avro-1.7.7.jar:/home/user/.m2/repository/com/thoughtworks/paranamer/paranamer/2.3/paranamer-2.3.jar:/home/user/.m2/repository/org/xerial/snappy/snappy-java/1.0.5/snappy-java-1.0.5.jar:/home/user/.m2/repository/com/google/re2j/re2j/1.1/re2j-1.1.jar:/home/user/.m2/repository/com/google/protobuf/protobuf-java/2.5.0/protobuf-java-2.5.0.jar:/home/user/.m2/repository/com/google/code/gson/gson/2.2.4/gson-2.2.4.jar:/home/user/.m2/repository/org/apache/hadoop/hadoop-auth/3.2.0/hadoop-auth-3.2.0.jar:/home/user/.m2/repository/com/nimbusds/nimbus-jose-jwt/4.41.1/nimbus-jose-jwt-4.41.1.jar:/home/user/.m2/repository/com/github/stephenc/jcip/jcip-annotations/1.0-1/jcip-annotations-1.0-1.jar:/home/user/.m2/repository/net/minidev/json-smart/2.3/json-smart-2.3.jar:/home/user/.m2/repository/net/minidev/accessors-smart/1.2/accessors-smart-1.2.jar:/home/user/.m2/repository/org/apache/curator/curator-framework/2.12.0/curator-framework-2.12.0.jar:/home/user/.m2/repository/com/jcraft/jsch/0.1.54/jsch-0.1.54.jar:/home/user/.m2/repository/org/apache/curator/curator-client/2.12.0/curator-client-2.12.0.jar:/home/user/.m2/repository/org/apache/curator/curator-recipes/2.12.0/curator-recipes-2.12.0.jar:/home/user/.m2/repository/com/google/code/findbugs/jsr305/3.0.0/jsr305-3.0.0.jar:/home/user/.m2/repository/org/apache/htrace/htrace-core4/4.1.0-incubating/htrace-core4-4.1.0-incubating.jar:/home/user/.m2/repository/org/apache/zookeeper/zookeeper/3.4.13/zookeeper-3.4.13.jar:/home/user/.m2/repository/org/apache/yetus/audience-annotations/0.5.0/audience-annotations-0.5.0.jar:/home/user/.m2/repository/org/apache/commons/commons-compress/1.4.1/commons-compress-1.4.1.jar:/home/user/.m2/repository/org/tukaani/xz/1.0/xz-1.0.jar:/home/user/.m2/repository/org/apache/kerby/kerb-simplekdc/1.0.1/kerb-simplekdc-1.0.1.jar:/home/user/.m2/repository/org/apache/kerby/kerb-client/1.0.1/kerb-client-1.0.1.jar:/home/user/.m2/repository/org/apache/kerby/kerby-config/1.0.1/kerby-config-1.0.1.jar:/home/user/.m2/repository/org/apache/kerby/kerb-core/1.0.1/kerb-core-1.0.1.jar:/home/user/.m2/repository/org/apache/kerby/kerby-pkix/1.0.1/kerby-pkix-1.0.1.jar:/home/user/.m2/repository/org/apache/kerby/kerby-asn1/1.0.1/kerby-asn1-1.0.1.jar:/home/user/.m2/repository/org/apache/kerby/kerby-util/1.0.1/kerby-util-1.0.1.jar:/home/user/.m2/repository/org/apache/kerby/kerb-common/1.0.1/kerb-common-1.0.1.jar:/home/user/.m2/repository/org/apache/kerby/kerb-crypto/1.0.1/kerb-crypto-1.0.1.jar:/home/user/.m2/repository/org/apache/kerby/kerb-util/1.0.1/kerb-util-1.0.1.jar:/home/user/.m2/repository/org/apache/kerby/token-provider/1.0.1/token-provider-1.0.1.jar:/home/user/.m2/repository/org/apache/kerby/kerb-admin/1.0.1/kerb-admin-1.0.1.jar:/home/user/.m2/repository/org/apache/kerby/kerb-server/1.0.1/kerb-server-1.0.1.jar:/home/user/.m2/repository/org/apache/kerby/kerb-identity/1.0.1/kerb-identity-1.0.1.jar:/home/user/.m2/repository/org/apache/kerby/kerby-xdr/1.0.1/kerby-xdr-1.0.1.jar:/home/user/.m2/repository/com/fasterxml/jackson/core/jackson-databind/2.9.5/jackson-databind-2.9.5.jar:/home/user/.m2/repository/com/fasterxml/jackson/core/jackson-annotations/2.9.5/jackson-annotations-2.9.5.jar:/home/user/.m2/repository/com/fasterxml/jackson/core/jackson-core/2.9.5/jackson-core-2.9.5.jar:/home/user/.m2/repository/org/codehaus/woodstox/stax2-api/3.1.4/stax2-api-3.1.4.jar:/home/user/.m2/repository/com/fasterxml/woodstox/woodstox-core/5.0.3/woodstox-core-5.0.3.jar:/home/user/.m2/repository/dnsjava/dnsjava/2.1.7/dnsjava-2.1.7.jar:/home/user/.m2/repository/org/apache/hadoop/hadoop-hdfs/3.2.0/hadoop-hdfs-3.2.0.jar:/home/user/.m2/repository/org/eclipse/jetty/jetty-util-ajax/9.3.24.v20180605/jetty-util-ajax-9.3.24.v20180605.jar:/home/user/.m2/repository/commons-daemon/commons-daemon/1.0.13/commons-daemon-1.0.13.jar:/home/user/.m2/repository/io/netty/netty/3.10.5.Final/netty-3.10.5.Final.jar:/home/user/.m2/repository/io/netty/netty-all/4.0.52.Final/netty-all-4.0.52.Final.jar:/home/user/.m2/repository/org/fusesource/leveldbjni/leveldbjni-all/1.8/leveldbjni-all-1.8.jar:/home/user/.m2/repository/org/apache/hadoop/hadoop-hdds-common/0.5.0-SNAPSHOT/hadoop-hdds-common-0.5.0-SNAPSHOT.jar:/home/user/.m2/repository/org/apache/hadoop/hadoop-hdds-config/0.5.0-SNAPSHOT/hadoop-hdds-config-0.5.0-SNAPSHOT.jar:/home/user/.m2/repository/javax/annotation/javax.annotation-api/1.2/javax.annotation-api-1.2.jar:/home/user/.m2/repository/org/apache/ratis/ratis-server/0.4.0-2337318-SNAPSHOT/ratis-server-0.4.0-2337318-SNAPSHOT.jar:/home/user/.m2/repository/org/apache/ratis/ratis-thirdparty-misc/0.2.0/ratis-thirdparty-misc-0.2.0.jar:/home/user/.m2/repository/org/apache/ratis/ratis-proto/0.4.0-2337318-SNAPSHOT/ratis-proto-0.4.0-2337318-SNAPSHOT.jar:/home/user/.m2/repository/org/apache/ratis/ratis-common/0.4.0-2337318-SNAPSHOT/ratis-common-0.4.0-2337318-SNAPSHOT.jar:/home/user/.m2/repository/org/apache/ratis/ratis-client/0.4.0-2337318-SNAPSHOT/ratis-client-0.4.0-2337318-SNAPSHOT.jar:/home/user/.m2/repository/org/apache/ratis/ratis-metrics/0.4.0-2337318-SNAPSHOT/ratis-metrics-0.4.0-2337318-SNAPSHOT.jar:/home/user/.m2/repository/org/apache/ratis/ratis-netty/0.4.0-2337318-SNAPSHOT/ratis-netty-0.4.0-2337318-SNAPSHOT.jar:/home/user/.m2/repository/org/apache/ratis/ratis-grpc/0.4.0-2337318-SNAPSHOT/ratis-grpc-0.4.0-2337318-SNAPSHOT.jar:/home/user/.m2/repository/org/rocksdb/rocksdbjni/6.0.1/rocksdbjni-6.0.1.jar:/home/user/.m2/repository/org/apache/logging/log4j/log4j-api/2.11.0/log4j-api-2.11.0.jar:/home/user/.m2/repository/org/apache/logging/log4j/log4j-core/2.11.0/log4j-core-2.11.0.jar:/home/user/.m2/repository/com/lmax/disruptor/3.4.2/disruptor-3.4.2.jar:/home/user/.m2/repository/org/apache/commons/commons-pool2/2.6.0/commons-pool2-2.6.0.jar:/home/user/.m2/repository/org/bouncycastle/bcpkix-jdk15on/1.60/bcpkix-jdk15on-1.60.jar:/home/user/.m2/repository/commons-validator/commons-validator/1.6/commons-validator-1.6.jar:/home/user/.m2/repository/commons-digester/commons-digester/1.8.1/commons-digester-1.8.1.jar:/home/user/.m2/repository/io/jaegertracing/jaeger-client/0.33.1/jaeger-client-0.33.1.jar:/home/user/.m2/repository/io/jaegertracing/jaeger-thrift/0.33.1/jaeger-thrift-0.33.1.jar:/home/user/.m2/repository/org/apache/thrift/libthrift/0.11.0/libthrift-0.11.0.jar:/home/user/.m2/repository/com/squareup/okhttp3/okhttp/3.9.0/okhttp-3.9.0.jar:/home/user/.m2/repository/com/squareup/okio/okio/1.13.0/okio-1.13.0.jar:/home/user/.m2/repository/io/jaegertracing/jaeger-core/0.33.1/jaeger-core-0.33.1.jar:/home/user/.m2/repository/io/jaegertracing/jaeger-tracerresolver/0.33.1/jaeger-tracerresolver-0.33.1.jar:/home/user/.m2/repository/io/opentracing/contrib/opentracing-tracerresolver/0.1.5/opentracing-tracerresolver-0.1.5.jar:/home/user/.m2/repository/io/opentracing/opentracing-util/0.31.0/opentracing-util-0.31.0.jar:/home/user/.m2/repository/io/opentracing/opentracing-api/0.31.0/opentracing-api-0.31.0.jar:/home/user/.m2/repository/io/opentracing/opentracing-noop/0.31.0/opentracing-noop-0.31.0.jar:/home/user/.m2/repository/org/yaml/snakeyaml/1.16/snakeyaml-1.16.jar:/home/user/.m2/repository/org/apache/hadoop/hadoop-hdfs-client/3.2.0/hadoop-hdfs-client-3.2.0.jar:/home/user/.m2/repository/info/picocli/picocli/3.9.6/picocli-3.9.6.jar:/home/user/.m2/repository/org/apache/hadoop/hadoop-hdds-server-scm/0.5.0-SNAPSHOT/hadoop-hdds-server-scm-0.5.0-SNAPSHOT.jar:/home/user/.m2/repository/org/apache/hadoop/hadoop-hdds-docs/0.5.0-SNAPSHOT/hadoop-hdds-docs-0.5.0-SNAPSHOT.jar:/home/user/.m2/repository/io/dropwizard/metrics/metrics-core/3.2.4/metrics-core-3.2.4.jar:/home/user/.m2/repository/org/hamcrest/hamcrest-all/1.3/hamcrest-all-1.3.jar:/home/user/.m2/repository/org/bouncycastle/bcprov-jdk15on/1.60/bcprov-jdk15on-1.60.jar:/home/user/.m2/repository/org/apache/hadoop/hadoop-hdds-server-framework/0.5.0-SNAPSHOT/hadoop-hdds-server-framework-0.5.0-SNAPSHOT.jar:/home/user/.m2/repository/org/apache/hadoop/hadoop-ozone-ozone-manager/0.5.0-SNAPSHOT/hadoop-ozone-ozone-manager-0.5.0-SNAPSHOT.jar:/home/user/.m2/repository/org/apache/hadoop/hadoop-hdds-container-service/0.5.0-SNAPSHOT/hadoop-hdds-container-service-0.5.0-SNAPSHOT.jar:/home/user/.m2/repository/org/apache/hadoop/hadoop-hdds-client/0.5.0-SNAPSHOT/hadoop-hdds-client-0.5.0-SNAPSHOT.jar:/home/user/.m2/repository/org/apache/hadoop/hadoop-ozone-common/0.5.0-SNAPSHOT/hadoop-ozone-common-0.5.0-SNAPSHOT.jar:/home/user/.m2/repository/org/apache/hadoop/hadoop-hdds-tools/0.5.0-SNAPSHOT/hadoop-hdds-tools-0.5.0-SNAPSHOT.jar:/home/user/.m2/repository/org/xerial/sqlite-jdbc/3.25.2/sqlite-jdbc-3.25.2.jar:/home/user/.m2/repository/org/apache/hadoop/hadoop-ozone-objectstore-service/0.5.0-SNAPSHOT/hadoop-ozone-objectstore-service-0.5.0-SNAPSHOT.jar:/home/user/.m2/repository/com/google/code/findbugs/findbugs/3.0.1/findbugs-3.0.1.jar:/home/user/.m2/repository/net/jcip/jcip-annotations/1.0/jcip-annotations-1.0.jar:/home/user/.m2/repository/com/google/code/findbugs/bcel-findbugs/6.0/bcel-findbugs-6.0.jar:/home/user/.m2/repository/com/google/code/findbugs/jFormatString/2.0.1/jFormatString-2.0.1.jar:/home/user/.m2/repository/dom4j/dom4j/1.6.1/dom4j-1.6.1.jar:/home/user/.m2/repository/xml-apis/xml-apis/1.0.b2/xml-apis-1.0.b2.jar:/home/user/.m2/repository/org/ow2/asm/asm-debug-all/5.0.2/asm-debug-all-5.0.2.jar:/home/user/.m2/repository/org/ow2/asm/asm-commons/5.0.2/asm-commons-5.0.2.jar:/home/user/.m2/repository/org/ow2/asm/asm-tree/5.0.2/asm-tree-5.0.2.jar:/home/user/.m2/repository/org/ow2/asm/asm/5.0.4/asm-5.0.4.jar:/home/user/.m2/repository/commons-lang/commons-lang/2.6/commons-lang-2.6.jar:/home/user/.m2/repository/com/apple/AppleJavaExtensions/1.4/AppleJavaExtensions-1.4.jar:/home/user/.m2/repository/jaxen/jaxen/1.1.6/jaxen-1.1.6.jar:/home/user/.m2/repository/org/apache/hadoop/hadoop-common/3.2.0/hadoop-common-3.2.0-tests.jar:/home/user/.m2/repository/org/apache/hadoop/hadoop-ozone-client/0.5.0-SNAPSHOT/hadoop-ozone-client-0.5.0-SNAPSHOT.jar:/home/user/.m2/repository/org/apache/hadoop/hadoop-hdfs/3.2.0/hadoop-hdfs-3.2.0-tests.jar:/workdir/hadoop-ozone/integration-test/target/test-classes:/home/user/.m2/repository/org/apache/hadoop/hadoop-ozone-s3gateway/0.5.0-SNAPSHOT/hadoop-ozone-s3gateway-0.5.0-SNAPSHOT.jar:/home/user/.m2/repository/org/jboss/weld/servlet/weld-servlet/2.4.7.Final/weld-servlet-2.4.7.Final.jar:/home/user/.m2/repository/org/glassfish/jersey/containers/jersey-container-servlet-core/2.27/jersey-container-servlet-core-2.27.jar:/home/user/.m2/repository/org/glassfish/hk2/external/javax.inject/2.5.0-b42/javax.inject-2.5.0-b42.jar:/home/user/.m2/repository/org/glassfish/jersey/core/jersey-common/2.27/jersey-common-2.27.jar:/home/user/.m2/repository/org/glassfish/hk2/osgi-resource-locator/1.0.1/osgi-resource-locator-1.0.1.jar:/home/user/.m2/repository/javax/ws/rs/javax.ws.rs-api/2.1/javax.ws.rs-api-2.1.jar:/home/user/.m2/repository/org/glassfish/jersey/ext/cdi/jersey-cdi1x/2.27/jersey-cdi1x-2.27.jar:/home/user/.m2/repository/org/glassfish/jersey/inject/jersey-hk2/2.27/jersey-hk2-2.27.jar:/home/user/.m2/repository/org/glassfish/hk2/hk2-locator/2.5.0-b42/hk2-locator-2.5.0-b42.jar:/home/user/.m2/repository/org/javassist/javassist/3.22.0-CR2/javassist-3.22.0-CR2.jar:/home/user/.m2/repository/org/glassfish/hk2/hk2-api/2.5.0/hk2-api-2.5.0.jar:/home/user/.m2/repository/org/glassfish/hk2/external/jakarta.inject/2.5.0/jakarta.inject-2.5.0.jar:/home/user/.m2/repository/org/glassfish/hk2/hk2-utils/2.5.0/hk2-utils-2.5.0.jar:/home/user/.m2/repository/jakarta/annotation/jakarta.annotation-api/1.3.4/jakarta.annotation-api-1.3.4.jar:/home/user/.m2/repository/org/glassfish/hk2/external/aopalliance-repackaged/2.5.0/aopalliance-repackaged-2.5.0.jar:/home/user/.m2/repository/com/fasterxml/jackson/dataformat/jackson-dataformat-xml/2.9.0/jackson-dataformat-xml-2.9.0.jar:/home/user/.m2/repository/com/fasterxml/jackson/module/jackson-module-jaxb-annotations/2.9.5/jackson-module-jaxb-annotations-2.9.5.jar:/home/user/.m2/repository/javax/enterprise/cdi-api/1.2/cdi-api-1.2.jar:/home/user/.m2/repository/javax/el/javax.el-api/3.0.0/javax.el-api-3.0.0.jar:/home/user/.m2/repository/javax/interceptor/javax.interceptor-api/1.2/javax.interceptor-api-1.2.jar:/home/user/.m2/repository/javax/inject/javax.inject/1/javax.inject-1.jar:/home/user/.m2/repository/com/sun/xml/bind/jaxb-core/2.3.0.1/jaxb-core-2.3.0.1.jar:/home/user/.m2/repository/javax/xml/bind/jaxb-api/2.3.0/jaxb-api-2.3.0.jar:/home/user/.m2/repository/javax/activation/activation/1.1.1/activation-1.1.1.jar:/home/user/.m2/repository/org/apache/hadoop/hadoop-ozone-csi/0.5.0-SNAPSHOT/hadoop-ozone-csi-0.5.0-SNAPSHOT.jar:/home/user/.m2/repository/com/google/protobuf/protobuf-java-util/3.5.1/protobuf-java-util-3.5.1.jar:/home/user/.m2/repository/io/grpc/grpc-netty/1.17.1/grpc-netty-1.17.1.jar:/home/user/.m2/repository/io/grpc/grpc-core/1.17.1/grpc-core-1.17.1.jar:/home/user/.m2/repository/io/grpc/grpc-context/1.17.1/grpc-context-1.17.1.jar:/home/user/.m2/repository/com/google/errorprone/error_prone_annotations/2.2.0/error_prone_annotations-2.2.0.jar:/home/user/.m2/repository/org/codehaus/mojo/animal-sniffer-annotations/1.17/animal-sniffer-annotations-1.17.jar:/home/user/.m2/repository/io/opencensus/opencensus-api/0.17.0/opencensus-api-0.17.0.jar:/home/user/.m2/repository/io/opencensus/opencensus-contrib-grpc-metrics/0.17.0/opencensus-contrib-grpc-metrics-0.17.0.jar:/home/user/.m2/repository/io/netty/netty-codec-http2/4.1.30.Final/netty-codec-http2-4.1.30.Final.jar:/home/user/.m2/repository/io/netty/netty-codec-http/4.1.30.Final/netty-codec-http-4.1.30.Final.jar:/home/user/.m2/repository/io/netty/netty-codec/4.1.30.Final/netty-codec-4.1.30.Final.jar:/home/user/.m2/repository/io/netty/netty-handler/4.1.30.Final/netty-handler-4.1.30.Final.jar:/home/user/.m2/repository/io/netty/netty-handler-proxy/4.1.30.Final/netty-handler-proxy-4.1.30.Final.jar:/home/user/.m2/repository/io/netty/netty-codec-socks/4.1.30.Final/netty-codec-socks-4.1.30.Final.jar:/home/user/.m2/repository/io/netty/netty-transport-native-epoll/4.1.30.Final/netty-transport-native-epoll-4.1.30.Final.jar:/home/user/.m2/repository/io/netty/netty-common/4.1.30.Final/netty-common-4.1.30.Final.jar:/home/user/.m2/repository/io/netty/netty-buffer/4.1.30.Final/netty-buffer-4.1.30.Final.jar:/home/user/.m2/repository/io/netty/netty-transport/4.1.30.Final/netty-transport-4.1.30.Final.jar:/home/user/.m2/repository/io/netty/netty-resolver/4.1.30.Final/netty-resolver-4.1.30.Final.jar:/home/user/.m2/repository/io/netty/netty-transport-native-unix-common/4.1.30.Final/netty-transport-native-unix-common-4.1.30.Final.jar:/home/user/.m2/repository/io/grpc/grpc-protobuf/1.17.1/grpc-protobuf-1.17.1.jar:/home/user/.m2/repository/com/google/api/grpc/proto-google-common-protos/1.0.0/proto-google-common-protos-1.0.0.jar:/home/user/.m2/repository/io/grpc/grpc-protobuf-lite/1.17.1/grpc-protobuf-lite-1.17.1.jar:/home/user/.m2/repository/io/grpc/grpc-stub/1.17.1/grpc-stub-1.17.1.jar:/home/user/.m2/repository/org/apache/hadoop/hadoop-ozone-recon/0.5.0-SNAPSHOT/hadoop-ozone-recon-0.5.0-SNAPSHOT.jar:/home/user/.m2/repository/org/apache/hadoop/hadoop-ozone-reconcodegen/0.5.0-SNAPSHOT/hadoop-ozone-reconcodegen-0.5.0-SNAPSHOT.jar:/home/user/.m2/repository/com/google/inject/extensions/guice-multibindings/4.0/guice-multibindings-4.0.jar:/home/user/.m2/repository/com/google/inject/guice/4.0/guice-4.0.jar:/home/user/.m2/repository/aopalliance/aopalliance/1.0/aopalliance-1.0.jar:/home/user/.m2/repository/org/glassfish/jersey/containers/jersey-container-servlet/2.27/jersey-container-servlet-2.27.jar:/home/user/.m2/repository/org/glassfish/hk2/guice-bridge/2.5.0/guice-bridge-2.5.0.jar:/home/user/.m2/repository/org/glassfish/jersey/core/jersey-server/2.27/jersey-server-2.27.jar:/home/user/.m2/repository/org/glassfish/jersey/core/jersey-client/2.27/jersey-client-2.27.jar:/home/user/.m2/repository/org/glassfish/jersey/media/jersey-media-jaxb/2.27/jersey-media-jaxb-2.27.jar:/home/user/.m2/repository/javax/validation/validation-api/1.1.0.Final/validation-api-1.1.0.Final.jar:/home/user/.m2/repository/org/glassfish/jersey/media/jersey-media-json-jackson/2.27/jersey-media-json-jackson-2.27.jar:/home/user/.m2/repository/org/glassfish/jersey/ext/jersey-entity-filtering/2.27/jersey-entity-filtering-2.27.jar:/home/user/.m2/repository/com/google/inject/extensions/guice-assistedinject/4.0/guice-assistedinject-4.0.jar:/home/user/.m2/repository/org/jooq/jooq/3.11.10/jooq-3.11.10.jar:/home/user/.m2/repository/org/jooq/jooq-meta/3.11.10/jooq-meta-3.11.10.jar:/home/user/.m2/repository/org/jooq/jooq-codegen/3.11.10/jooq-codegen-3.11.10.jar:/home/user/.m2/repository/com/jolbox/bonecp/0.8.0.RELEASE/bonecp-0.8.0.RELEASE.jar:/home/user/.m2/repository/org/springframework/spring-jdbc/5.1.3.RELEASE/spring-jdbc-5.1.3.RELEASE.jar:/home/user/.m2/repository/org/springframework/spring-beans/5.1.3.RELEASE/spring-beans-5.1.3.RELEASE.jar:/home/user/.m2/repository/org/springframework/spring-core/5.1.3.RELEASE/spring-core-5.1.3.RELEASE.jar:/home/user/.m2/repository/org/springframework/spring-jcl/5.1.3.RELEASE/spring-jcl-5.1.3.RELEASE.jar:/home/user/.m2/repository/org/springframework/spring-tx/5.1.3.RELEASE/spring-tx-5.1.3.RELEASE.jar:/home/user/.m2/repository/org/mockito/mockito-all/1.10.19/mockito-all-1.10.19.jar:/home/user/.m2/repository/junit/junit/4.11/junit-4.11.jar:/home/user/.m2/repository/org/hamcrest/hamcrest-core/1.3/hamcrest-core-1.3.jar:/home/user/.m2/repository/org/apache/hadoop/hadoop-distcp/3.2.0/hadoop-distcp-3.2.0.jar:/home/user/.m2/repository/org/apache/hadoop/hadoop-distcp/3.2.0/hadoop-distcp-3.2.0-tests.jar:/home/user/.m2/repository/org/apache/hadoop/hadoop-mapreduce-client-jobclient/3.2.0/hadoop-mapreduce-client-jobclient-3.2.0.jar:/home/user/.m2/repository/org/apache/hadoop/hadoop-mapreduce-client-common/3.2.0/hadoop-mapreduce-client-common-3.2.0.jar:/home/user/.m2/repository/org/apache/hadoop/hadoop-yarn-common/3.2.0/hadoop-yarn-common-3.2.0.jar:/home/user/.m2/repository/org/apache/hadoop/hadoop-yarn-api/3.2.0/hadoop-yarn-api-3.2.0.jar:/home/user/.m2/repository/com/sun/jersey/jersey-client/1.19/jersey-client-1.19.jar:/home/user/.m2/repository/com/sun/jersey/contribs/jersey-guice/1.19/jersey-guice-1.19.jar:/home/user/.m2/repository/com/fasterxml/jackson/jaxrs/jackson-jaxrs-json-provider/2.9.5/jackson-jaxrs-json-provider-2.9.5.jar:/home/user/.m2/repository/com/fasterxml/jackson/jaxrs/jackson-jaxrs-base/2.9.5/jackson-jaxrs-base-2.9.5.jar:/home/user/.m2/repository/org/apache/hadoop/hadoop-yarn-client/3.2.0/hadoop-yarn-client-3.2.0.jar:/home/user/.m2/repository/org/apache/hadoop/hadoop-mapreduce-client-core/3.2.0/hadoop-mapreduce-client-core-3.2.0.jar:/home/user/.m2/repository/com/google/inject/extensions/guice-servlet/4.0/guice-servlet-4.0.jar:/home/user/.m2/repository/org/powermock/powermock-module-junit4/1.6.5/powermock-module-junit4-1.6.5.jar:/home/user/.m2/repository/org/powermock/powermock-module-junit4-common/1.6.5/powermock-module-junit4-common-1.6.5.jar:/home/user/.m2/repository/org/powermock/powermock-core/1.6.5/powermock-core-1.6.5.jar:/home/user/.m2/repository/org/powermock/powermock-reflect/1.6.5/powermock-reflect-1.6.5.jar:/home/user/.m2/repository/org/powermock/powermock-api-mockito/1.6.5/powermock-api-mockito-1.6.5.jar:/home/user/.m2/repository/org/mockito/mockito-core/1.10.19/mockito-core-1.10.19.jar:/home/user/.m2/repository/org/objenesis/objenesis/1.0/objenesis-1.0.jar:/home/user/.m2/repository/org/powermock/powermock-api-mockito-common/1.6.5/powermock-api-mockito-common-1.6.5.jar:/home/user/.m2/repository/org/powermock/powermock-api-support/1.6.5/powermock-api-support-1.6.5.jar:"/>
    <property name="sun.cpu.endian" value="little"/>
    <property name="user.home" value="/home/user"/>
    <property name="user.language" value="en"/>
    <property name="java.specification.vendor" value="Oracle Corporation"/>
    <property name="java.home" value="/usr/lib/jvm/java-1.8-openjdk/jre"/>
    <property name="java.security.krb5.conf" value="/workdir/hadoop-ozone/ozonefs/target/test-classes/krb5.conf"/>
    <property name="basedir" value="/workdir/hadoop-ozone/ozonefs"/>
    <property name="file.separator" value="/"/>
    <property name="line.separator" value="&#10;"/>
    <property name="java.vm.specification.vendor" value="Oracle Corporation"/>
    <property name="java.specification.name" value="Java Platform API Specification"/>
    <property name="java.awt.graphicsenv" value="sun.awt.X11GraphicsEnvironment"/>
    <property name="surefire.real.class.path" value="/workdir/hadoop-ozone/ozonefs/target/surefire/surefirebooter6233426881753240810.jar"/>
    <property name="hadoop.log.dir" value="/workdir/hadoop-ozone/ozonefs/target/log"/>
    <property name="sun.boot.class.path" value="/usr/lib/jvm/java-1.8-openjdk/jre/lib/resources.jar:/usr/lib/jvm/java-1.8-openjdk/jre/lib/rt.jar:/usr/lib/jvm/java-1.8-openjdk/jre/lib/sunrsasign.jar:/usr/lib/jvm/java-1.8-openjdk/jre/lib/jsse.jar:/usr/lib/jvm/java-1.8-openjdk/jre/lib/jce.jar:/usr/lib/jvm/java-1.8-openjdk/jre/lib/charsets.jar:/usr/lib/jvm/java-1.8-openjdk/jre/lib/jfr.jar:/usr/lib/jvm/java-1.8-openjdk/jre/classes"/>
    <property name="sun.management.compiler" value="HotSpot 64-Bit Tiered Compilers"/>
    <property name="java.runtime.version" value="1.8.0_212-b04"/>
    <property name="java.net.preferIPv4Stack" value="true"/>
    <property name="user.name" value="jenkins1000"/>
    <property name="path.separator" value=":"/>
    <property name="java.security.egd" value="file:///dev/urandom"/>
    <property name="os.version" value="3.10.0-957.12.2.el7.x86_64"/>
    <property name="java.endorsed.dirs" value="/usr/lib/jvm/java-1.8-openjdk/jre/lib/endorsed"/>
    <property name="java.runtime.name" value="OpenJDK Runtime Environment"/>
    <property name="file.encoding" value="UTF-8"/>
    <property name="java.vm.name" value="OpenJDK 64-Bit Server VM"/>
    <property name="test.build.webapps" value=""/>
    <property name="localRepository" value="/home/user/.m2/repository"/>
    <property name="java.vendor.url.bug" value="https://icedtea.classpath.org/bugzilla"/>
    <property name="java.io.tmpdir" value="/tmp"/>
    <property name="require.test.libhadoop" value=""/>
    <property name="java.version" value="1.8.0_212"/>
    <property name="user.dir" value="/workdir/hadoop-ozone/ozonefs"/>
    <property name="os.arch" value="amd64"/>
    <property name="java.vm.specification.name" value="Java Virtual Machine Specification"/>
    <property name="test.build.classes" value="/workdir/hadoop-ozone/ozonefs/target/test-classes"/>
    <property name="java.awt.printerjob" value="sun.print.PSPrinterJob"/>
    <property name="sun.os.patch.level" value="unknown"/>
    <property name="hadoop.tmp.dir" value="/workdir/hadoop-ozone/ozonefs/target/tmp"/>
    <property name="java.library.path" value="/usr/lib/jvm/java-1.8-openjdk/jre/lib/amd64/server:/usr/lib/jvm/java-1.8-openjdk/jre/lib/amd64:/usr/lib/jvm/java-1.8-openjdk/jre/../lib/amd64:/workdir/hadoop-ozone/ozonefs/target/native/target/usr/local/lib:/workdir/hadoop-ozone/ozonefs/../../hadoop-common-project/hadoop-common/target/native/target/usr/local/lib:/usr/java/packages/lib/amd64:/usr/lib64:/lib64:/lib:/usr/lib"/>
    <property name="java.vm.info" value="mixed mode"/>
    <property name="java.vendor" value="IcedTea"/>
    <property name="java.vm.version" value="25.212-b04"/>
    <property name="java.ext.dirs" value="/usr/lib/jvm/java-1.8-openjdk/jre/lib/ext:/usr/java/packages/lib/ext"/>
    <property name="sun.io.unicode.encoding" value="UnicodeLittle"/>
    <property name="java.class.version" value="52.0"/>
  </properties>
  <testcase name="testOzoneManagerFileSystemInterface[0]" classname="org.apache.hadoop.fs.ozone.TestOzoneFileInterfaces" time="24.235"/>
  <testcase name="testListStatus[0]" classname="org.apache.hadoop.fs.ozone.TestOzoneFileInterfaces" time="17.301"/>
  <testcase name="testDirectory[0]" classname="org.apache.hadoop.fs.ozone.TestOzoneFileInterfaces" time="17.645"/>
  <testcase name="testPathToKey[0]" classname="org.apache.hadoop.fs.ozone.TestOzoneFileInterfaces" time="17.741"/>
  <testcase name="testFileSystemInit[0]" classname="org.apache.hadoop.fs.ozone.TestOzoneFileInterfaces" time="17.398"/>
  <testcase name="testOzFsReadWrite[0]" classname="org.apache.hadoop.fs.ozone.TestOzoneFileInterfaces" time="17.315">
    <error message="Allocated 0 blocks. Requested 1 blocks" type="INTERNAL_ERROR org.apache.hadoop.ozone.om.exceptions.OMException">INTERNAL_ERROR org.apache.hadoop.ozone.om.exceptions.OMException: Allocated 0 blocks. Requested 1 blocks
	at org.apache.hadoop.ozone.om.protocolPB.OzoneManagerProtocolClientSideTranslatorPB.handleError(OzoneManagerProtocolClientSideTranslatorPB.java:725)
	at org.apache.hadoop.ozone.om.protocolPB.OzoneManagerProtocolClientSideTranslatorPB.createFile(OzoneManagerProtocolClientSideTranslatorPB.java:1474)
	at org.apache.hadoop.ozone.client.rpc.RpcClient.createFile(RpcClient.java:984)
	at org.apache.hadoop.ozone.client.OzoneBucket.createFile(OzoneBucket.java:535)
	at org.apache.hadoop.fs.ozone.BasicOzoneClientAdapterImpl.createFile(BasicOzoneClientAdapterImpl.java:181)
	at org.apache.hadoop.fs.ozone.BasicOzoneFileSystem.createOutputStream(BasicOzoneFileSystem.java:249)
	at org.apache.hadoop.fs.ozone.BasicOzoneFileSystem.create(BasicOzoneFileSystem.java:230)
	at org.apache.hadoop.fs.FileSystem.create(FileSystem.java:1118)
	at org.apache.hadoop.fs.FileSystem.create(FileSystem.java:1098)
	at org.apache.hadoop.fs.FileSystem.create(FileSystem.java:987)
	at org.apache.hadoop.fs.FileSystem.create(FileSystem.java:975)
	at org.apache.hadoop.fs.ozone.TestOzoneFileInterfaces.testOzFsReadWrite(TestOzoneFileInterfaces.java:186)
	at sun.reflect.NativeMethodAccessorImpl.invoke0(Native Method)
	at sun.reflect.NativeMethodAccessorImpl.invoke(NativeMethodAccessorImpl.java:62)
	at sun.reflect.DelegatingMethodAccessorImpl.invoke(DelegatingMethodAccessorImpl.java:43)
	at java.lang.reflect.Method.invoke(Method.java:498)
	at org.junit.runners.model.FrameworkMethod$1.runReflectiveCall(FrameworkMethod.java:47)
	at org.junit.internal.runners.model.ReflectiveCallable.run(ReflectiveCallable.java:12)
	at org.junit.runners.model.FrameworkMethod.invokeExplosively(FrameworkMethod.java:44)
	at org.junit.internal.runners.statements.InvokeMethod.evaluate(InvokeMethod.java:17)
	at org.junit.internal.runners.statements.RunBefores.evaluate(RunBefores.java:26)
	at org.junit.internal.runners.statements.RunAfters.evaluate(RunAfters.java:27)
	at org.junit.runners.ParentRunner.runLeaf(ParentRunner.java:271)
	at org.junit.runners.BlockJUnit4ClassRunner.runChild(BlockJUnit4ClassRunner.java:70)
	at org.junit.runners.BlockJUnit4ClassRunner.runChild(BlockJUnit4ClassRunner.java:50)
	at org.junit.runners.ParentRunner$3.run(ParentRunner.java:238)
	at org.junit.runners.ParentRunner$1.schedule(ParentRunner.java:63)
	at org.junit.runners.ParentRunner.runChildren(ParentRunner.java:236)
	at org.junit.runners.ParentRunner.access$000(ParentRunner.java:53)
	at org.junit.runners.ParentRunner$2.evaluate(ParentRunner.java:229)
	at org.junit.runners.ParentRunner.run(ParentRunner.java:309)
	at org.junit.runners.Suite.runChild(Suite.java:127)
	at org.junit.runners.Suite.runChild(Suite.java:26)
	at org.junit.runners.ParentRunner$3.run(ParentRunner.java:238)
	at org.junit.runners.ParentRunner$1.schedule(ParentRunner.java:63)
	at org.junit.runners.ParentRunner.runChildren(ParentRunner.java:236)
	at org.junit.runners.ParentRunner.access$000(ParentRunner.java:53)
	at org.junit.runners.ParentRunner$2.evaluate(ParentRunner.java:229)
	at org.junit.runners.ParentRunner.run(ParentRunner.java:309)
	at org.apache.maven.surefire.junit4.JUnit4Provider.execute(JUnit4Provider.java:365)
	at org.apache.maven.surefire.junit4.JUnit4Provider.executeWithRerun(JUnit4Provider.java:273)
	at org.apache.maven.surefire.junit4.JUnit4Provider.executeTestSet(JUnit4Provider.java:238)
	at org.apache.maven.surefire.junit4.JUnit4Provider.invoke(JUnit4Provider.java:159)
	at org.apache.maven.surefire.booter.ForkedBooter.invokeProviderInSameClassLoader(ForkedBooter.java:384)
	at org.apache.maven.surefire.booter.ForkedBooter.runSuitesInProcess(ForkedBooter.java:345)
	at org.apache.maven.surefire.booter.ForkedBooter.execute(ForkedBooter.java:126)
	at org.apache.maven.surefire.booter.ForkedBooter.main(ForkedBooter.java:418)
</error>
    <system-out><![CDATA[2019-09-20 08:17:24,085 [main] WARN  server.ServerUtils (ServerUtils.java:getScmDbDir(145)) - ozone.scm.db.dirs is not configured. We recommend adding this setting. Falling back to ozone.metadata.dirs instead.
2019-09-20 08:17:24,111 [main] WARN  server.ServerUtils (ServerUtils.java:getScmDbDir(145)) - ozone.scm.db.dirs is not configured. We recommend adding this setting. Falling back to ozone.metadata.dirs instead.
2019-09-20 08:17:24,112 [main] WARN  server.ServerUtils (ServerUtils.java:getScmDbDir(145)) - ozone.scm.db.dirs is not configured. We recommend adding this setting. Falling back to ozone.metadata.dirs instead.
2019-09-20 08:17:24,112 [main] INFO  db.DBStoreBuilder (DBStoreBuilder.java:addTable(110)) - using custom profile for table: deletedBlocks
2019-09-20 08:17:24,112 [main] INFO  db.DBStoreBuilder (DBStoreBuilder.java:processTables(161)) - Using default column profile:DBProfile.DISK for Table:deletedBlocks
2019-09-20 08:17:24,112 [main] INFO  db.DBStoreBuilder (DBStoreBuilder.java:addTable(110)) - using custom profile for table: validCerts
2019-09-20 08:17:24,113 [main] INFO  db.DBStoreBuilder (DBStoreBuilder.java:processTables(161)) - Using default column profile:DBProfile.DISK for Table:validCerts
2019-09-20 08:17:24,113 [main] INFO  db.DBStoreBuilder (DBStoreBuilder.java:addTable(110)) - using custom profile for table: revokedCerts
2019-09-20 08:17:24,113 [main] INFO  db.DBStoreBuilder (DBStoreBuilder.java:processTables(161)) - Using default column profile:DBProfile.DISK for Table:revokedCerts
2019-09-20 08:17:24,113 [main] INFO  db.DBStoreBuilder (DBStoreBuilder.java:addTable(110)) - using custom profile for table: default
2019-09-20 08:17:24,113 [main] INFO  db.DBStoreBuilder (DBStoreBuilder.java:processTables(167)) - Using default column profile:DBProfile.DISK for Table:default
2019-09-20 08:17:24,114 [main] INFO  db.DBStoreBuilder (DBStoreBuilder.java:getDbProfile(198)) - Using default options. DBProfile.DISK
2019-09-20 08:17:24,252 [main] INFO  net.NodeSchemaLoader (NodeSchemaLoader.java:loadSchemaFromFile(125)) - Loading file from sun.misc.CompoundEnumeration@27aa7294
2019-09-20 08:17:24,252 [main] INFO  net.NodeSchemaLoader (NodeSchemaLoader.java:loadSchema(171)) - Loading network topology layer schema file
2019-09-20 08:17:24,258 [main] WARN  server.ServerUtils (ServerUtils.java:sanitizeUserArgs(70)) - ozone.scm.stale.node.interval value = 300000 is larger than max = 100000 based on the key value of ozone.scm.heartbeat.thread.interval, reset to the max value 100000.
2019-09-20 08:17:24,258 [main] WARN  server.ServerUtils (ServerUtils.java:sanitizeUserArgs(70)) - ozone.scm.stale.node.interval value = 300000 is larger than max = 100000 based on the key value of ozone.scm.heartbeat.thread.interval, reset to the max value 100000.
2019-09-20 08:17:24,259 [main] INFO  node.SCMNodeManager (SCMNodeManager.java:<init>(121)) - Entering startup safe mode.
2019-09-20 08:17:24,260 [main] INFO  algorithms.ContainerPlacementPolicyFactory (ContainerPlacementPolicyFactory.java:getPolicy(56)) - Create container placement policy of type org.apache.hadoop.hdds.scm.container.placement.algorithms.SCMContainerPlacementRandom
2019-09-20 08:17:24,260 [main] WARN  server.ServerUtils (ServerUtils.java:getScmDbDir(145)) - ozone.scm.db.dirs is not configured. We recommend adding this setting. Falling back to ozone.metadata.dirs instead.
2019-09-20 08:17:24,289 [main] INFO  pipeline.SCMPipelineManager (SCMPipelineManager.java:initializePipelineState(126)) - No pipeline exists in current db
2019-09-20 08:17:24,289 [main] WARN  server.ServerUtils (ServerUtils.java:getScmDbDir(145)) - ozone.scm.db.dirs is not configured. We recommend adding this setting. Falling back to ozone.metadata.dirs instead.
2019-09-20 08:17:24,336 [main] WARN  events.EventQueue (EventQueue.java:fireEvent(175)) - No event handler registered for event TypedEvent{payloadType=SafeModeStatus, name='SafeModeStatus'}
2019-09-20 08:17:24,337 [main] INFO  ipc.CallQueueManager (CallQueueManager.java:<init>(84)) - Using callQueue: class java.util.concurrent.LinkedBlockingQueue, queueCapacity: 2000, scheduler: class org.apache.hadoop.ipc.DefaultRpcScheduler, ipcBackoff: false.
2019-09-20 08:17:24,339 [Socket Reader #1 for port 36338] INFO  ipc.Server (Server.java:run(1074)) - Starting Socket Reader #1 for port 36338
2019-09-20 08:17:24,341 [main] INFO  ipc.CallQueueManager (CallQueueManager.java:<init>(84)) - Using callQueue: class java.util.concurrent.LinkedBlockingQueue, queueCapacity: 2000, scheduler: class org.apache.hadoop.ipc.DefaultRpcScheduler, ipcBackoff: false.
2019-09-20 08:17:24,342 [Socket Reader #1 for port 37999] INFO  ipc.Server (Server.java:run(1074)) - Starting Socket Reader #1 for port 37999
2019-09-20 08:17:24,343 [main] INFO  ipc.CallQueueManager (CallQueueManager.java:<init>(84)) - Using callQueue: class java.util.concurrent.LinkedBlockingQueue, queueCapacity: 2000, scheduler: class org.apache.hadoop.ipc.DefaultRpcScheduler, ipcBackoff: false.
2019-09-20 08:17:24,344 [Socket Reader #1 for port 36110] INFO  ipc.Server (Server.java:run(1074)) - Starting Socket Reader #1 for port 36110
2019-09-20 08:17:24,347 [main] INFO  hdfs.DFSUtil (DFSUtil.java:httpServerTemplateForNNAndJN(1641)) - Starting Web-server for scm at: http://0.0.0.0:0
2019-09-20 08:17:24,354 [main] INFO  server.AuthenticationFilter (AuthenticationFilter.java:constructSecretProvider(240)) - Unable to initialize FileSignerSecretProvider, falling back to use random secrets.
2019-09-20 08:17:24,355 [main] WARN  http.HttpRequestLog (HttpRequestLog.java:getRequestLog(97)) - Jetty request log can only be enabled using Log4j
2019-09-20 08:17:24,360 [main] INFO  http.HttpServer2 (HttpServer2.java:addGlobalFilter(975)) - Added global filter 'safety' (class=org.apache.hadoop.http.HttpServer2$QuotingInputFilter)
2019-09-20 08:17:24,362 [main] INFO  http.HttpServer2 (HttpServer2.java:addFilter(948)) - Added filter static_user_filter (class=org.apache.hadoop.http.lib.StaticUserWebFilter$StaticUserFilter) to context scm
2019-09-20 08:17:24,362 [main] INFO  http.HttpServer2 (HttpServer2.java:addFilter(958)) - Added filter static_user_filter (class=org.apache.hadoop.http.lib.StaticUserWebFilter$StaticUserFilter) to context logs
2019-09-20 08:17:24,362 [main] INFO  http.HttpServer2 (HttpServer2.java:addFilter(958)) - Added filter static_user_filter (class=org.apache.hadoop.http.lib.StaticUserWebFilter$StaticUserFilter) to context static
2019-09-20 08:17:24,366 [main] INFO  server.StorageContainerManager (StorageContainerManager.java:start(759)) - StorageContainerLocationProtocol RPC server is listening at /0.0.0.0:36110
2019-09-20 08:17:24,369 [main] WARN  impl.MetricsConfig (MetricsConfig.java:loadFirst(134)) - Cannot locate configuration: tried hadoop-metrics2-storagecontainermanager.properties,hadoop-metrics2.properties
2019-09-20 08:17:24,370 [main] INFO  impl.MetricsSystemImpl (MetricsSystemImpl.java:startTimer(374)) - Scheduled Metric snapshot period at 10 second(s).
2019-09-20 08:17:24,370 [main] INFO  impl.MetricsSystemImpl (MetricsSystemImpl.java:start(191)) - StorageContainerManager metrics system started
2019-09-20 08:17:24,447 [main] INFO  server.SCMClientProtocolServer (SCMClientProtocolServer.java:start(151)) - RPC server for Client  is listening at /0.0.0.0:36110
2019-09-20 08:17:24,448 [IPC Server Responder] INFO  ipc.Server (Server.java:run(1314)) - IPC Server Responder: starting
2019-09-20 08:17:24,450 [IPC Server listener on 36110] INFO  ipc.Server (Server.java:run(1153)) - IPC Server listener on 36110: starting
2019-09-20 08:17:24,454 [main] INFO  server.StorageContainerManager (StorageContainerManager.java:start(769)) - ScmBlockLocationProtocol RPC server is listening at /0.0.0.0:37999
2019-09-20 08:17:24,454 [main] INFO  server.SCMBlockProtocolServer (SCMBlockProtocolServer.java:start(140)) - RPC server for Block Protocol is listening at /0.0.0.0:37999
2019-09-20 08:17:24,455 [IPC Server Responder] INFO  ipc.Server (Server.java:run(1314)) - IPC Server Responder: starting
2019-09-20 08:17:24,455 [IPC Server listener on 37999] INFO  ipc.Server (Server.java:run(1153)) - IPC Server listener on 37999: starting
2019-09-20 08:17:24,458 [main] INFO  server.StorageContainerManager (StorageContainerManager.java:start(773)) - ScmDatanodeProtocl RPC server is listening at /0.0.0.0:36338
2019-09-20 08:17:24,458 [main] INFO  server.SCMDatanodeProtocolServer (SCMDatanodeProtocolServer.java:start(191)) - RPC server for DataNodes is listening at /0.0.0.0:36338
2019-09-20 08:17:24,459 [IPC Server Responder] INFO  ipc.Server (Server.java:run(1314)) - IPC Server Responder: starting
2019-09-20 08:17:24,459 [IPC Server listener on 36338] INFO  ipc.Server (Server.java:run(1153)) - IPC Server listener on 36338: starting
2019-09-20 08:17:24,464 [main] INFO  http.HttpServer2 (HttpServer2.java:bindListener(1191)) - Jetty bound to port 42883
2019-09-20 08:17:24,464 [main] INFO  server.Server (Server.java:doStart(351)) - jetty-9.3.24.v20180605, build timestamp: 2018-06-05T17:11:56Z, git hash: 84205aa28f11a4f31f2a3b86d1bba2cc8ab69827
2019-09-20 08:17:24,467 [main] INFO  handler.ContextHandler (ContextHandler.java:doStart(781)) - Started o.e.j.s.ServletContextHandler@6e96f3cd{/logs,file:///workdir/hadoop-ozone/ozonefs/target/log,AVAILABLE}
2019-09-20 08:17:24,467 [main] INFO  handler.ContextHandler (ContextHandler.java:doStart(781)) - Started o.e.j.s.ServletContextHandler@1b984ba5{/static,jar:file:/home/user/.m2/repository/org/apache/hadoop/hadoop-hdds-server-scm/0.5.0-SNAPSHOT/hadoop-hdds-server-scm-0.5.0-SNAPSHOT.jar!/webapps/static,AVAILABLE}
2019-09-20 08:17:24,518 [main] INFO  handler.ContextHandler (ContextHandler.java:doStart(781)) - Started o.e.j.w.WebAppContext@20923380{/,file:///tmp/jetty-0.0.0.0-42883-scm-_-any-2446251558218328091.dir/webapp/,AVAILABLE}{/scm}
2019-09-20 08:17:24,518 [main] INFO  server.AbstractConnector (AbstractConnector.java:doStart(278)) - Started ServerConnector@5b2c41f9{HTTP/1.1,[http/1.1]}{0.0.0.0:42883}
2019-09-20 08:17:24,520 [main] INFO  server.Server (Server.java:doStart(419)) - Started @95207ms
2019-09-20 08:17:24,521 [main] INFO  server.BaseHttpServer (BaseHttpServer.java:updateConnectorAddress(213)) - HTTP server of SCM is listening at http://0.0.0.0:42883
2019-09-20 08:17:24,522 [main] WARN  server.ServerUtils (ServerUtils.java:getDBPath(222)) - ozone.om.db.dirs is not configured. We recommend adding this setting. Falling back to ozone.metadata.dirs instead.
2019-09-20 08:17:24,523 [org.apache.hadoop.util.JvmPauseMonitor$Monitor@1ee52741] INFO  util.JvmPauseMonitor (JvmPauseMonitor.java:run(188)) - Starting JVM pause monitor
2019-09-20 08:17:24,537 [main] WARN  server.ServerUtils (ServerUtils.java:getDBPath(222)) - ozone.om.db.dirs is not configured. We recommend adding this setting. Falling back to ozone.metadata.dirs instead.
2019-09-20 08:17:24,538 [main] WARN  server.ServerUtils (ServerUtils.java:getDBPath(222)) - ozone.om.db.dirs is not configured. We recommend adding this setting. Falling back to ozone.metadata.dirs instead.
2019-09-20 08:17:24,538 [main] INFO  om.OzoneManager (OzoneManager.java:setOMNodeDetails(645)) - OM Service ID is not set. Setting it to the default ID: omServiceIdDefault
2019-09-20 08:17:24,538 [main] INFO  om.OzoneManager (OzoneManager.java:setOMNodeDetails(651)) - OM Node ID is not set. Setting it to the OmStorage's OmID: 19fd6222-dab1-4ffe-ae24-9184a219d2ef
2019-09-20 08:17:24,538 [main] INFO  om.OzoneManager (OzoneManager.java:loadOMHAConfigs(602)) - Found matching OM address with OMServiceId: null, OMNodeId: null, RPC Address: localhost:0 and Ratis port: 9872
2019-09-20 08:17:24,547 | INFO  | SCMAudit | user=jenkins1000 | ip=192.168.34.27 | op=GET_SCM_INFO null | ret=SUCCESS |  
2019-09-20 08:17:24,550 [main] WARN  server.ServerUtils (ServerUtils.java:getDBPath(222)) - ozone.om.db.dirs is not configured. We recommend adding this setting. Falling back to ozone.metadata.dirs instead.
2019-09-20 08:17:24,550 [main] INFO  db.DBStoreBuilder (DBStoreBuilder.java:addTable(110)) - using custom profile for table: userTable
2019-09-20 08:17:24,550 [main] INFO  db.DBStoreBuilder (DBStoreBuilder.java:processTables(161)) - Using default column profile:DBProfile.DISK for Table:userTable
2019-09-20 08:17:24,551 [main] INFO  db.DBStoreBuilder (DBStoreBuilder.java:addTable(110)) - using custom profile for table: volumeTable
2019-09-20 08:17:24,551 [main] INFO  db.DBStoreBuilder (DBStoreBuilder.java:processTables(161)) - Using default column profile:DBProfile.DISK for Table:volumeTable
2019-09-20 08:17:24,551 [main] INFO  db.DBStoreBuilder (DBStoreBuilder.java:addTable(110)) - using custom profile for table: bucketTable
2019-09-20 08:17:24,551 [main] INFO  db.DBStoreBuilder (DBStoreBuilder.java:processTables(161)) - Using default column profile:DBProfile.DISK for Table:bucketTable
2019-09-20 08:17:24,551 [main] INFO  db.DBStoreBuilder (DBStoreBuilder.java:addTable(110)) - using custom profile for table: keyTable
2019-09-20 08:17:24,552 [main] INFO  db.DBStoreBuilder (DBStoreBuilder.java:processTables(161)) - Using default column profile:DBProfile.DISK for Table:keyTable
2019-09-20 08:17:24,552 [main] INFO  db.DBStoreBuilder (DBStoreBuilder.java:addTable(110)) - using custom profile for table: deletedTable
2019-09-20 08:17:24,552 [main] INFO  db.DBStoreBuilder (DBStoreBuilder.java:processTables(161)) - Using default column profile:DBProfile.DISK for Table:deletedTable
2019-09-20 08:17:24,552 [main] INFO  db.DBStoreBuilder (DBStoreBuilder.java:addTable(110)) - using custom profile for table: openKeyTable
2019-09-20 08:17:24,552 [main] INFO  db.DBStoreBuilder (DBStoreBuilder.java:processTables(161)) - Using default column profile:DBProfile.DISK for Table:openKeyTable
2019-09-20 08:17:24,553 [main] INFO  db.DBStoreBuilder (DBStoreBuilder.java:addTable(110)) - using custom profile for table: s3Table
2019-09-20 08:17:24,553 [main] INFO  db.DBStoreBuilder (DBStoreBuilder.java:processTables(161)) - Using default column profile:DBProfile.DISK for Table:s3Table
2019-09-20 08:17:24,553 [main] INFO  db.DBStoreBuilder (DBStoreBuilder.java:addTable(110)) - using custom profile for table: multipartInfoTable
2019-09-20 08:17:24,553 [main] INFO  db.DBStoreBuilder (DBStoreBuilder.java:processTables(161)) - Using default column profile:DBProfile.DISK for Table:multipartInfoTable
2019-09-20 08:17:24,554 [main] INFO  db.DBStoreBuilder (DBStoreBuilder.java:addTable(110)) - using custom profile for table: dTokenTable
2019-09-20 08:17:24,554 [main] INFO  db.DBStoreBuilder (DBStoreBuilder.java:processTables(161)) - Using default column profile:DBProfile.DISK for Table:dTokenTable
2019-09-20 08:17:24,554 [main] INFO  db.DBStoreBuilder (DBStoreBuilder.java:addTable(110)) - using custom profile for table: s3SecretTable
2019-09-20 08:17:24,554 [main] INFO  db.DBStoreBuilder (DBStoreBuilder.java:processTables(161)) - Using default column profile:DBProfile.DISK for Table:s3SecretTable
2019-09-20 08:17:24,554 [main] INFO  db.DBStoreBuilder (DBStoreBuilder.java:addTable(110)) - using custom profile for table: prefixTable
2019-09-20 08:17:24,555 [main] INFO  db.DBStoreBuilder (DBStoreBuilder.java:processTables(161)) - Using default column profile:DBProfile.DISK for Table:prefixTable
2019-09-20 08:17:24,555 [main] INFO  db.DBStoreBuilder (DBStoreBuilder.java:addTable(110)) - using custom profile for table: default
2019-09-20 08:17:24,555 [main] INFO  db.DBStoreBuilder (DBStoreBuilder.java:processTables(167)) - Using default column profile:DBProfile.DISK for Table:default
2019-09-20 08:17:24,555 [main] INFO  db.DBStoreBuilder (DBStoreBuilder.java:getDbProfile(198)) - Using default options. DBProfile.DISK
2019-09-20 08:17:25,038 [main] INFO  ipc.CallQueueManager (CallQueueManager.java:<init>(84)) - Using callQueue: class java.util.concurrent.LinkedBlockingQueue, queueCapacity: 2000, scheduler: class org.apache.hadoop.ipc.DefaultRpcScheduler, ipcBackoff: false.
2019-09-20 08:17:25,040 [Socket Reader #1 for port 35581] INFO  ipc.Server (Server.java:run(1074)) - Starting Socket Reader #1 for port 35581
2019-09-20 08:17:25,061 [main] INFO  om.OzoneManager (OzoneManager.java:start(1256)) - OzoneManager RPC server is listening at localhost/127.0.0.1:35581
2019-09-20 08:17:25,061 [main] INFO  impl.MetricsSystemImpl (MetricsSystemImpl.java:init(158)) - OzoneManager metrics system started (again)
2019-09-20 08:17:25,062 [IPC Server Responder] INFO  ipc.Server (Server.java:run(1314)) - IPC Server Responder: starting
2019-09-20 08:17:25,062 [IPC Server listener on 35581] INFO  ipc.Server (Server.java:run(1153)) - IPC Server listener on 35581: starting
2019-09-20 08:17:25,068 [main] INFO  hdfs.DFSUtil (DFSUtil.java:httpServerTemplateForNNAndJN(1641)) - Starting Web-server for ozoneManager at: http://0.0.0.0:0
2019-09-20 08:17:25,071 [main] INFO  server.AuthenticationFilter (AuthenticationFilter.java:constructSecretProvider(240)) - Unable to initialize FileSignerSecretProvider, falling back to use random secrets.
2019-09-20 08:17:25,072 [main] WARN  http.HttpRequestLog (HttpRequestLog.java:getRequestLog(97)) - Jetty request log can only be enabled using Log4j
2019-09-20 08:17:25,075 [main] INFO  http.HttpServer2 (HttpServer2.java:addGlobalFilter(975)) - Added global filter 'safety' (class=org.apache.hadoop.http.HttpServer2$QuotingInputFilter)
2019-09-20 08:17:25,076 [main] INFO  http.HttpServer2 (HttpServer2.java:addFilter(948)) - Added filter static_user_filter (class=org.apache.hadoop.http.lib.StaticUserWebFilter$StaticUserFilter) to context ozoneManager
2019-09-20 08:17:25,076 [main] INFO  http.HttpServer2 (HttpServer2.java:addFilter(958)) - Added filter static_user_filter (class=org.apache.hadoop.http.lib.StaticUserWebFilter$StaticUserFilter) to context static
2019-09-20 08:17:25,076 [main] INFO  http.HttpServer2 (HttpServer2.java:addFilter(958)) - Added filter static_user_filter (class=org.apache.hadoop.http.lib.StaticUserWebFilter$StaticUserFilter) to context logs
2019-09-20 08:17:25,078 [main] INFO  http.HttpServer2 (HttpServer2.java:bindListener(1191)) - Jetty bound to port 43858
2019-09-20 08:17:25,078 [main] INFO  server.Server (Server.java:doStart(351)) - jetty-9.3.24.v20180605, build timestamp: 2018-06-05T17:11:56Z, git hash: 84205aa28f11a4f31f2a3b86d1bba2cc8ab69827
2019-09-20 08:17:25,081 [main] INFO  handler.ContextHandler (ContextHandler.java:doStart(781)) - Started o.e.j.s.ServletContextHandler@6785786d{/logs,file:///workdir/hadoop-ozone/ozonefs/target/log,AVAILABLE}
2019-09-20 08:17:25,081 [main] INFO  handler.ContextHandler (ContextHandler.java:doStart(781)) - Started o.e.j.s.ServletContextHandler@6d38a81d{/static,jar:file:/home/user/.m2/repository/org/apache/hadoop/hadoop-ozone-ozone-manager/0.5.0-SNAPSHOT/hadoop-ozone-ozone-manager-0.5.0-SNAPSHOT.jar!/webapps/static,AVAILABLE}
2019-09-20 08:17:25,147 [main] INFO  handler.ContextHandler (ContextHandler.java:doStart(781)) - Started o.e.j.w.WebAppContext@37d8562f{/,file:///tmp/jetty-0.0.0.0-43858-ozoneManager-_-any-689489551525421373.dir/webapp/,AVAILABLE}{/ozoneManager}
2019-09-20 08:17:25,147 [main] INFO  server.AbstractConnector (AbstractConnector.java:doStart(278)) - Started ServerConnector@19656e21{HTTP/1.1,[http/1.1]}{0.0.0.0:43858}
2019-09-20 08:17:25,149 [main] INFO  server.Server (Server.java:doStart(419)) - Started @95836ms
2019-09-20 08:17:25,150 [main] INFO  server.BaseHttpServer (BaseHttpServer.java:updateConnectorAddress(213)) - HTTP server of OZONEMANAGER is listening at http://0.0.0.0:43858
2019-09-20 08:17:25,164 [main] INFO  impl.MetricsSystemImpl (MetricsSystemImpl.java:init(158)) - HddsDatanode metrics system started (again)
2019-09-20 08:17:25,168 [main] INFO  ozone.HddsDatanodeService (HddsDatanodeService.java:start(184)) - HddsDatanodeService host:pr-hdds-1569-6tbh6-3362816358 ip:192.168.34.27
2019-09-20 08:17:25,178 [main] INFO  volume.HddsVolume (HddsVolume.java:<init>(176)) - Creating Volume: /workdir/hadoop-ozone/ozonefs/target/test-dir/MiniOzoneClusterImpl-fff8a6b1-9459-493d-a1d7-ad2cd82c4f30/datanode-0/data/containers/hdds of  storage type : DISK and capacity : 1482555576320
2019-09-20 08:17:25,179 [main] INFO  volume.VolumeSet (VolumeSet.java:initializeVolumeSet(170)) - Added Volume : /workdir/hadoop-ozone/ozonefs/target/test-dir/MiniOzoneClusterImpl-fff8a6b1-9459-493d-a1d7-ad2cd82c4f30/datanode-0/data/containers/hdds to VolumeSet
2019-09-20 08:17:25,179 [main] INFO  volume.ThrottledAsyncChecker (ThrottledAsyncChecker.java:schedule(140)) - Scheduling a check for org.apache.hadoop.ozone.container.common.volume.HddsVolume@6d57b264
2019-09-20 08:17:25,180 [main] INFO  volume.HddsVolumeChecker (HddsVolumeChecker.java:checkAllVolumes(203)) - Scheduled health check for volume org.apache.hadoop.ozone.container.common.volume.HddsVolume@6d57b264
2019-09-20 08:17:25,216 [main] INFO  impl.RaftServerProxy (ConfUtils.java:logGet(43)) - raft.rpc.type = GRPC (default)
2019-09-20 08:17:25,217 [main] INFO  grpc.GrpcFactory (GrpcFactory.java:checkPooledByteBufAllocatorUseCacheForAllThreads(45)) - PERFORMANCE WARNING: useCacheForAllThreads is true that may cause Netty to create a lot garbage objects and, as a result, trigger GC.
	It is recommended to disable useCacheForAllThreads by setting -Dorg.apache.ratis.thirdparty.io.netty.allocator.useCacheForAllThreads=false in command line.
2019-09-20 08:17:25,217 [main] INFO  grpc.GrpcConfigKeys$Server (ConfUtils.java:logGet(43)) - raft.grpc.server.port = 0 (default)
2019-09-20 08:17:25,217 [main] INFO  server.GrpcService (ConfUtils.java:logGet(43)) - raft.grpc.message.size.max = 33570816 (custom)
2019-09-20 08:17:25,218 [main] INFO  server.RaftServerConfigKeys (ConfUtils.java:logGet(43)) - raft.server.log.appender.buffer.byte-limit = 33554432 (custom)
2019-09-20 08:17:25,218 [main] INFO  server.GrpcService (ConfUtils.java:logGet(43)) - raft.grpc.flow.control.window = 1MB (=1048576) (default)
2019-09-20 08:17:25,218 [main] INFO  server.RaftServerConfigKeys (ConfUtils.java:logGet(43)) - raft.server.rpc.request.timeout = 3000ms (default)
2019-09-20 08:17:25,219 [main] INFO  server.RaftServerConfigKeys (ConfUtils.java:logGet(43)) - raft.server.storage.dir = [/workdir/hadoop-ozone/ozonefs/target/test-dir/MiniOzoneClusterImpl-fff8a6b1-9459-493d-a1d7-ad2cd82c4f30/datanode-0/data/ratis] (custom)
2019-09-20 08:17:25,220 [main] INFO  replication.SimpleContainerDownloader (SimpleContainerDownloader.java:<init>(72)) - Starting container downloader service to copy containers to replicate.
2019-09-20 08:17:25,222 [main] INFO  hdfs.DFSUtil (DFSUtil.java:httpServerTemplateForNNAndJN(1641)) - Starting Web-server for hddsDatanode at: http://0.0.0.0:0
2019-09-20 08:17:25,224 [main] INFO  server.AuthenticationFilter (AuthenticationFilter.java:constructSecretProvider(240)) - Unable to initialize FileSignerSecretProvider, falling back to use random secrets.
2019-09-20 08:17:25,225 [main] WARN  http.HttpRequestLog (HttpRequestLog.java:getRequestLog(97)) - Jetty request log can only be enabled using Log4j
2019-09-20 08:17:25,227 [main] INFO  http.HttpServer2 (HttpServer2.java:addGlobalFilter(975)) - Added global filter 'safety' (class=org.apache.hadoop.http.HttpServer2$QuotingInputFilter)
2019-09-20 08:17:25,228 [main] INFO  http.HttpServer2 (HttpServer2.java:addFilter(948)) - Added filter static_user_filter (class=org.apache.hadoop.http.lib.StaticUserWebFilter$StaticUserFilter) to context hddsDatanode
2019-09-20 08:17:25,229 [main] INFO  http.HttpServer2 (HttpServer2.java:addFilter(958)) - Added filter static_user_filter (class=org.apache.hadoop.http.lib.StaticUserWebFilter$StaticUserFilter) to context static
2019-09-20 08:17:25,229 [main] INFO  http.HttpServer2 (HttpServer2.java:addFilter(958)) - Added filter static_user_filter (class=org.apache.hadoop.http.lib.StaticUserWebFilter$StaticUserFilter) to context logs
2019-09-20 08:17:25,230 [main] INFO  http.HttpServer2 (HttpServer2.java:bindListener(1191)) - Jetty bound to port 37320
2019-09-20 08:17:25,230 [main] INFO  server.Server (Server.java:doStart(351)) - jetty-9.3.24.v20180605, build timestamp: 2018-06-05T17:11:56Z, git hash: 84205aa28f11a4f31f2a3b86d1bba2cc8ab69827
2019-09-20 08:17:25,232 [main] INFO  handler.ContextHandler (ContextHandler.java:doStart(781)) - Started o.e.j.s.ServletContextHandler@52a2e2fb{/logs,file:///workdir/hadoop-ozone/ozonefs/target/log,AVAILABLE}
2019-09-20 08:17:25,232 [main] INFO  handler.ContextHandler (ContextHandler.java:doStart(781)) - Started o.e.j.s.ServletContextHandler@5089a72b{/static,jar:file:/home/user/.m2/repository/org/apache/hadoop/hadoop-hdds-container-service/0.5.0-SNAPSHOT/hadoop-hdds-container-service-0.5.0-SNAPSHOT.jar!/webapps/static,AVAILABLE}
2019-09-20 08:17:25,259 [main] INFO  handler.ContextHandler (ContextHandler.java:doStart(781)) - Started o.e.j.w.WebAppContext@48301bfe{/,file:///tmp/jetty-0.0.0.0-37320-hddsDatanode-_-any-5937758012400720388.dir/webapp/,AVAILABLE}{/hddsDatanode}
2019-09-20 08:17:25,259 [main] INFO  server.AbstractConnector (AbstractConnector.java:doStart(278)) - Started ServerConnector@6dd1f239{HTTP/1.1,[http/1.1]}{0.0.0.0:37320}
2019-09-20 08:17:25,261 [main] INFO  server.Server (Server.java:doStart(419)) - Started @95949ms
2019-09-20 08:17:25,262 [main] INFO  server.BaseHttpServer (BaseHttpServer.java:updateConnectorAddress(213)) - HTTP server of HDDSDATANODE is listening at http://0.0.0.0:37320
2019-09-20 08:17:25,408 | INFO  | ObjectStoreRestHttpServer | Listening HDDS REST traffic on /0.0.0.0:34690 |  
2019-09-20 08:17:25,408 [main] INFO  ozone.HddsDatanodeService (HddsDatanodeService.java:startPlugins(395)) - Started plug-in org.apache.hadoop.ozone.web.OzoneHddsDatanodeService@13e5b262
2019-09-20 08:17:25,409 [main] INFO  impl.MetricsSystemImpl (MetricsSystemImpl.java:init(158)) - HddsDatanode metrics system started (again)
2019-09-20 08:17:25,411 [org.apache.hadoop.util.JvmPauseMonitor$Monitor@7f3788a6] INFO  util.JvmPauseMonitor (JvmPauseMonitor.java:run(188)) - Starting JVM pause monitor
2019-09-20 08:17:25,412 [main] INFO  ozone.HddsDatanodeService (HddsDatanodeService.java:start(184)) - HddsDatanodeService host:pr-hdds-1569-6tbh6-3362816358 ip:192.168.34.27
2019-09-20 08:17:25,417 [Datanode State Machine Thread - 0] INFO  datanode.InitDatanodeState (InitDatanodeState.java:persistContainerDatanodeDetails(140)) - DatanodeDetails is persisted to /workdir/hadoop-ozone/ozonefs/target/test-dir/MiniOzoneClusterImpl-fff8a6b1-9459-493d-a1d7-ad2cd82c4f30/datanode-0/meta/datanode.id
2019-09-20 08:17:25,420 [main] INFO  volume.HddsVolume (HddsVolume.java:<init>(176)) - Creating Volume: /workdir/hadoop-ozone/ozonefs/target/test-dir/MiniOzoneClusterImpl-fff8a6b1-9459-493d-a1d7-ad2cd82c4f30/datanode-1/data/containers/hdds of  storage type : DISK and capacity : 1482555576320
2019-09-20 08:17:25,420 [main] INFO  volume.VolumeSet (VolumeSet.java:initializeVolumeSet(170)) - Added Volume : /workdir/hadoop-ozone/ozonefs/target/test-dir/MiniOzoneClusterImpl-fff8a6b1-9459-493d-a1d7-ad2cd82c4f30/datanode-1/data/containers/hdds to VolumeSet
2019-09-20 08:17:25,420 [main] INFO  volume.ThrottledAsyncChecker (ThrottledAsyncChecker.java:schedule(140)) - Scheduling a check for org.apache.hadoop.ozone.container.common.volume.HddsVolume@5923210
2019-09-20 08:17:25,421 [main] INFO  volume.HddsVolumeChecker (HddsVolumeChecker.java:checkAllVolumes(203)) - Scheduled health check for volume org.apache.hadoop.ozone.container.common.volume.HddsVolume@5923210
2019-09-20 08:17:25,462 [main] INFO  impl.RaftServerProxy (ConfUtils.java:logGet(43)) - raft.rpc.type = GRPC (default)
2019-09-20 08:17:25,462 [main] INFO  grpc.GrpcFactory (GrpcFactory.java:checkPooledByteBufAllocatorUseCacheForAllThreads(45)) - PERFORMANCE WARNING: useCacheForAllThreads is true that may cause Netty to create a lot garbage objects and, as a result, trigger GC.
	It is recommended to disable useCacheForAllThreads by setting -Dorg.apache.ratis.thirdparty.io.netty.allocator.useCacheForAllThreads=false in command line.
2019-09-20 08:17:25,463 [main] INFO  grpc.GrpcConfigKeys$Server (ConfUtils.java:logGet(43)) - raft.grpc.server.port = 0 (default)
2019-09-20 08:17:25,463 [main] INFO  server.GrpcService (ConfUtils.java:logGet(43)) - raft.grpc.message.size.max = 33570816 (custom)
2019-09-20 08:17:25,463 [main] INFO  server.RaftServerConfigKeys (ConfUtils.java:logGet(43)) - raft.server.log.appender.buffer.byte-limit = 33554432 (custom)
2019-09-20 08:17:25,463 [main] INFO  server.GrpcService (ConfUtils.java:logGet(43)) - raft.grpc.flow.control.window = 1MB (=1048576) (default)
2019-09-20 08:17:25,464 [main] INFO  server.RaftServerConfigKeys (ConfUtils.java:logGet(43)) - raft.server.rpc.request.timeout = 3000ms (default)
2019-09-20 08:17:25,464 [main] INFO  server.RaftServerConfigKeys (ConfUtils.java:logGet(43)) - raft.server.storage.dir = [/workdir/hadoop-ozone/ozonefs/target/test-dir/MiniOzoneClusterImpl-fff8a6b1-9459-493d-a1d7-ad2cd82c4f30/datanode-1/data/ratis] (custom)
2019-09-20 08:17:25,465 [main] INFO  replication.SimpleContainerDownloader (SimpleContainerDownloader.java:<init>(72)) - Starting container downloader service to copy containers to replicate.
2019-09-20 08:17:25,466 [main] INFO  hdfs.DFSUtil (DFSUtil.java:httpServerTemplateForNNAndJN(1641)) - Starting Web-server for hddsDatanode at: http://0.0.0.0:0
2019-09-20 08:17:25,468 [main] INFO  server.AuthenticationFilter (AuthenticationFilter.java:constructSecretProvider(240)) - Unable to initialize FileSignerSecretProvider, falling back to use random secrets.
2019-09-20 08:17:25,469 [main] WARN  http.HttpRequestLog (HttpRequestLog.java:getRequestLog(97)) - Jetty request log can only be enabled using Log4j
2019-09-20 08:17:25,471 [main] INFO  http.HttpServer2 (HttpServer2.java:addGlobalFilter(975)) - Added global filter 'safety' (class=org.apache.hadoop.http.HttpServer2$QuotingInputFilter)
2019-09-20 08:17:25,472 [main] INFO  http.HttpServer2 (HttpServer2.java:addFilter(948)) - Added filter static_user_filter (class=org.apache.hadoop.http.lib.StaticUserWebFilter$StaticUserFilter) to context hddsDatanode
2019-09-20 08:17:25,472 [main] INFO  http.HttpServer2 (HttpServer2.java:addFilter(958)) - Added filter static_user_filter (class=org.apache.hadoop.http.lib.StaticUserWebFilter$StaticUserFilter) to context logs
2019-09-20 08:17:25,473 [main] INFO  http.HttpServer2 (HttpServer2.java:addFilter(958)) - Added filter static_user_filter (class=org.apache.hadoop.http.lib.StaticUserWebFilter$StaticUserFilter) to context static
2019-09-20 08:17:25,474 [main] INFO  http.HttpServer2 (HttpServer2.java:bindListener(1191)) - Jetty bound to port 36657
2019-09-20 08:17:25,474 [main] INFO  server.Server (Server.java:doStart(351)) - jetty-9.3.24.v20180605, build timestamp: 2018-06-05T17:11:56Z, git hash: 84205aa28f11a4f31f2a3b86d1bba2cc8ab69827
2019-09-20 08:17:25,476 [main] INFO  handler.ContextHandler (ContextHandler.java:doStart(781)) - Started o.e.j.s.ServletContextHandler@4c438f66{/logs,file:///workdir/hadoop-ozone/ozonefs/target/log,AVAILABLE}
2019-09-20 08:17:25,476 [main] INFO  handler.ContextHandler (ContextHandler.java:doStart(781)) - Started o.e.j.s.ServletContextHandler@da4c5cb{/static,jar:file:/home/user/.m2/repository/org/apache/hadoop/hadoop-hdds-container-service/0.5.0-SNAPSHOT/hadoop-hdds-container-service-0.5.0-SNAPSHOT.jar!/webapps/static,AVAILABLE}
2019-09-20 08:17:25,511 [main] INFO  handler.ContextHandler (ContextHandler.java:doStart(781)) - Started o.e.j.w.WebAppContext@5c945ee7{/,file:///tmp/jetty-0.0.0.0-36657-hddsDatanode-_-any-416034715974377745.dir/webapp/,AVAILABLE}{/hddsDatanode}
2019-09-20 08:17:25,511 [main] INFO  server.AbstractConnector (AbstractConnector.java:doStart(278)) - Started ServerConnector@51a5a8ba{HTTP/1.1,[http/1.1]}{0.0.0.0:36657}
2019-09-20 08:17:25,512 [main] INFO  server.Server (Server.java:doStart(419)) - Started @96200ms
2019-09-20 08:17:25,513 [main] INFO  server.BaseHttpServer (BaseHttpServer.java:updateConnectorAddress(213)) - HTTP server of HDDSDATANODE is listening at http://0.0.0.0:36657
2019-09-20 08:17:25,661 | INFO  | ObjectStoreRestHttpServer | Listening HDDS REST traffic on /0.0.0.0:45225 |  
2019-09-20 08:17:25,661 [main] INFO  ozone.HddsDatanodeService (HddsDatanodeService.java:startPlugins(395)) - Started plug-in org.apache.hadoop.ozone.web.OzoneHddsDatanodeService@1256925b
2019-09-20 08:17:25,662 [main] INFO  impl.MetricsSystemImpl (MetricsSystemImpl.java:init(158)) - HddsDatanode metrics system started (again)
2019-09-20 08:17:25,664 [main] INFO  ozone.HddsDatanodeService (HddsDatanodeService.java:start(184)) - HddsDatanodeService host:pr-hdds-1569-6tbh6-3362816358 ip:192.168.34.27
2019-09-20 08:17:25,664 [org.apache.hadoop.util.JvmPauseMonitor$Monitor@5a0d2c14] INFO  util.JvmPauseMonitor (JvmPauseMonitor.java:run(188)) - Starting JVM pause monitor
2019-09-20 08:17:25,667 [Datanode State Machine Thread - 0] INFO  datanode.InitDatanodeState (InitDatanodeState.java:persistContainerDatanodeDetails(140)) - DatanodeDetails is persisted to /workdir/hadoop-ozone/ozonefs/target/test-dir/MiniOzoneClusterImpl-fff8a6b1-9459-493d-a1d7-ad2cd82c4f30/datanode-1/meta/datanode.id
2019-09-20 08:17:25,673 [main] INFO  volume.HddsVolume (HddsVolume.java:<init>(176)) - Creating Volume: /workdir/hadoop-ozone/ozonefs/target/test-dir/MiniOzoneClusterImpl-fff8a6b1-9459-493d-a1d7-ad2cd82c4f30/datanode-2/data/containers/hdds of  storage type : DISK and capacity : 1482555576320
2019-09-20 08:17:25,673 [main] INFO  volume.VolumeSet (VolumeSet.java:initializeVolumeSet(170)) - Added Volume : /workdir/hadoop-ozone/ozonefs/target/test-dir/MiniOzoneClusterImpl-fff8a6b1-9459-493d-a1d7-ad2cd82c4f30/datanode-2/data/containers/hdds to VolumeSet
2019-09-20 08:17:25,674 [main] INFO  volume.ThrottledAsyncChecker (ThrottledAsyncChecker.java:schedule(140)) - Scheduling a check for org.apache.hadoop.ozone.container.common.volume.HddsVolume@2dc77962
2019-09-20 08:17:25,674 [main] INFO  volume.HddsVolumeChecker (HddsVolumeChecker.java:checkAllVolumes(203)) - Scheduled health check for volume org.apache.hadoop.ozone.container.common.volume.HddsVolume@2dc77962
2019-09-20 08:17:25,694 [main] INFO  impl.RaftServerProxy (ConfUtils.java:logGet(43)) - raft.rpc.type = GRPC (default)
2019-09-20 08:17:25,694 [main] INFO  grpc.GrpcFactory (GrpcFactory.java:checkPooledByteBufAllocatorUseCacheForAllThreads(45)) - PERFORMANCE WARNING: useCacheForAllThreads is true that may cause Netty to create a lot garbage objects and, as a result, trigger GC.
	It is recommended to disable useCacheForAllThreads by setting -Dorg.apache.ratis.thirdparty.io.netty.allocator.useCacheForAllThreads=false in command line.
2019-09-20 08:17:25,694 [main] INFO  grpc.GrpcConfigKeys$Server (ConfUtils.java:logGet(43)) - raft.grpc.server.port = 0 (default)
2019-09-20 08:17:25,694 [main] INFO  server.GrpcService (ConfUtils.java:logGet(43)) - raft.grpc.message.size.max = 33570816 (custom)
2019-09-20 08:17:25,694 [main] INFO  server.RaftServerConfigKeys (ConfUtils.java:logGet(43)) - raft.server.log.appender.buffer.byte-limit = 33554432 (custom)
2019-09-20 08:17:25,695 [main] INFO  server.GrpcService (ConfUtils.java:logGet(43)) - raft.grpc.flow.control.window = 1MB (=1048576) (default)
2019-09-20 08:17:25,695 [main] INFO  server.RaftServerConfigKeys (ConfUtils.java:logGet(43)) - raft.server.rpc.request.timeout = 3000ms (default)
2019-09-20 08:17:25,695 [main] INFO  server.RaftServerConfigKeys (ConfUtils.java:logGet(43)) - raft.server.storage.dir = [/workdir/hadoop-ozone/ozonefs/target/test-dir/MiniOzoneClusterImpl-fff8a6b1-9459-493d-a1d7-ad2cd82c4f30/datanode-2/data/ratis] (custom)
2019-09-20 08:17:25,696 [main] INFO  replication.SimpleContainerDownloader (SimpleContainerDownloader.java:<init>(72)) - Starting container downloader service to copy containers to replicate.
2019-09-20 08:17:25,697 [main] INFO  hdfs.DFSUtil (DFSUtil.java:httpServerTemplateForNNAndJN(1641)) - Starting Web-server for hddsDatanode at: http://0.0.0.0:0
2019-09-20 08:17:25,698 [main] INFO  server.AuthenticationFilter (AuthenticationFilter.java:constructSecretProvider(240)) - Unable to initialize FileSignerSecretProvider, falling back to use random secrets.
2019-09-20 08:17:25,699 [main] WARN  http.HttpRequestLog (HttpRequestLog.java:getRequestLog(97)) - Jetty request log can only be enabled using Log4j
2019-09-20 08:17:25,700 [main] INFO  http.HttpServer2 (HttpServer2.java:addGlobalFilter(975)) - Added global filter 'safety' (class=org.apache.hadoop.http.HttpServer2$QuotingInputFilter)
2019-09-20 08:17:25,701 [main] INFO  http.HttpServer2 (HttpServer2.java:addFilter(948)) - Added filter static_user_filter (class=org.apache.hadoop.http.lib.StaticUserWebFilter$StaticUserFilter) to context hddsDatanode
2019-09-20 08:17:25,701 [main] INFO  http.HttpServer2 (HttpServer2.java:addFilter(958)) - Added filter static_user_filter (class=org.apache.hadoop.http.lib.StaticUserWebFilter$StaticUserFilter) to context logs
2019-09-20 08:17:25,701 [main] INFO  http.HttpServer2 (HttpServer2.java:addFilter(958)) - Added filter static_user_filter (class=org.apache.hadoop.http.lib.StaticUserWebFilter$StaticUserFilter) to context static
2019-09-20 08:17:25,702 [main] INFO  http.HttpServer2 (HttpServer2.java:bindListener(1191)) - Jetty bound to port 40846
2019-09-20 08:17:25,702 [main] INFO  server.Server (Server.java:doStart(351)) - jetty-9.3.24.v20180605, build timestamp: 2018-06-05T17:11:56Z, git hash: 84205aa28f11a4f31f2a3b86d1bba2cc8ab69827
2019-09-20 08:17:25,704 [main] INFO  handler.ContextHandler (ContextHandler.java:doStart(781)) - Started o.e.j.s.ServletContextHandler@49741e80{/logs,file:///workdir/hadoop-ozone/ozonefs/target/log,AVAILABLE}
2019-09-20 08:17:25,704 [main] INFO  handler.ContextHandler (ContextHandler.java:doStart(781)) - Started o.e.j.s.ServletContextHandler@39acf187{/static,jar:file:/home/user/.m2/repository/org/apache/hadoop/hadoop-hdds-container-service/0.5.0-SNAPSHOT/hadoop-hdds-container-service-0.5.0-SNAPSHOT.jar!/webapps/static,AVAILABLE}
2019-09-20 08:17:25,731 [main] INFO  handler.ContextHandler (ContextHandler.java:doStart(781)) - Started o.e.j.w.WebAppContext@1f27f354{/,file:///tmp/jetty-0.0.0.0-40846-hddsDatanode-_-any-6465066124826077372.dir/webapp/,AVAILABLE}{/hddsDatanode}
2019-09-20 08:17:25,731 [main] INFO  server.AbstractConnector (AbstractConnector.java:doStart(278)) - Started ServerConnector@6dc7b7f{HTTP/1.1,[http/1.1]}{0.0.0.0:40846}
2019-09-20 08:17:25,732 [main] INFO  server.Server (Server.java:doStart(419)) - Started @96420ms
2019-09-20 08:17:25,733 [main] INFO  server.BaseHttpServer (BaseHttpServer.java:updateConnectorAddress(213)) - HTTP server of HDDSDATANODE is listening at http://0.0.0.0:40846
2019-09-20 08:17:25,860 | INFO  | ObjectStoreRestHttpServer | Listening HDDS REST traffic on /0.0.0.0:40277 |  
2019-09-20 08:17:25,860 [main] INFO  ozone.HddsDatanodeService (HddsDatanodeService.java:startPlugins(395)) - Started plug-in org.apache.hadoop.ozone.web.OzoneHddsDatanodeService@7c816f46
2019-09-20 08:17:25,860 [main] INFO  ozone.MiniOzoneClusterImpl (MiniOzoneClusterImpl.java:lambda$waitForClusterToBeReady$0(142)) - Waiting for cluster to be ready. Got 0 of 3 DN Heartbeats.
2019-09-20 08:17:25,862 [org.apache.hadoop.util.JvmPauseMonitor$Monitor@665a6714] INFO  util.JvmPauseMonitor (JvmPauseMonitor.java:run(188)) - Starting JVM pause monitor
2019-09-20 08:17:25,865 [Datanode State Machine Thread - 0] INFO  datanode.InitDatanodeState (InitDatanodeState.java:persistContainerDatanodeDetails(140)) - DatanodeDetails is persisted to /workdir/hadoop-ozone/ozonefs/target/test-dir/MiniOzoneClusterImpl-fff8a6b1-9459-493d-a1d7-ad2cd82c4f30/datanode-2/meta/datanode.id
2019-09-20 08:17:26,861 [main] INFO  ozone.MiniOzoneClusterImpl (MiniOzoneClusterImpl.java:lambda$waitForClusterToBeReady$0(142)) - Waiting for cluster to be ready. Got 0 of 3 DN Heartbeats.
2019-09-20 08:17:27,418 | INFO  | SCMAudit | user=jenkins1000 | ip=192.168.34.27 | op=GET_VERSION null | ret=SUCCESS |  
2019-09-20 08:17:27,434 [Datanode State Machine Thread - 0] INFO  ozoneimpl.OzoneContainer (OzoneContainer.java:start(186)) - Attempting to start container services.
2019-09-20 08:17:27,435 [Datanode State Machine Thread - 0] INFO  ozoneimpl.OzoneContainer (OzoneContainer.java:startContainerScrub(160)) - Background container scrubber has been disabled by hdds.containerscrub.enabled
2019-09-20 08:17:27,435 [Datanode State Machine Thread - 0] INFO  ratis.XceiverServerRatis (XceiverServerRatis.java:start(404)) - Starting XceiverServerRatis a88b1f4d-04ef-4980-ab9d-ac9d0d2fe007 at port 0
2019-09-20 08:17:27,443 [Datanode State Machine Thread - 0] INFO  impl.RaftServerProxy (RaftServerProxy.java:lambda$start$3(299)) - a88b1f4d-04ef-4980-ab9d-ac9d0d2fe007: start RPC server
2019-09-20 08:17:27,447 [Datanode State Machine Thread - 0] INFO  server.GrpcService (GrpcService.java:startImpl(149)) - a88b1f4d-04ef-4980-ab9d-ac9d0d2fe007: GrpcService started, listening on 0.0.0.0/0.0.0.0:36809
2019-09-20 08:17:27,447 [Datanode State Machine Thread - 0] INFO  ratis.XceiverServerRatis (XceiverServerRatis.java:start(414)) - XceiverServerRatis a88b1f4d-04ef-4980-ab9d-ac9d0d2fe007 is started using port 36809
2019-09-20 08:17:27,448 [Datanode State Machine Thread - 0] INFO  server.XceiverServerGrpc (XceiverServerGrpc.java:start(163)) - XceiverServerGrpc a88b1f4d-04ef-4980-ab9d-ac9d0d2fe007 is started using port 42854
2019-09-20 08:17:27,666 | INFO  | SCMAudit | user=jenkins1000 | ip=192.168.34.27 | op=GET_VERSION null | ret=SUCCESS |  
2019-09-20 08:17:27,682 [Datanode State Machine Thread - 0] INFO  ozoneimpl.OzoneContainer (OzoneContainer.java:start(186)) - Attempting to start container services.
2019-09-20 08:17:27,682 [Datanode State Machine Thread - 0] INFO  ozoneimpl.OzoneContainer (OzoneContainer.java:startContainerScrub(160)) - Background container scrubber has been disabled by hdds.containerscrub.enabled
2019-09-20 08:17:27,682 [Datanode State Machine Thread - 0] INFO  ratis.XceiverServerRatis (XceiverServerRatis.java:start(404)) - Starting XceiverServerRatis d160b31f-a19e-4d4b-96c3-58cad6c89056 at port 0
2019-09-20 08:17:27,690 [Datanode State Machine Thread - 0] INFO  impl.RaftServerProxy (RaftServerProxy.java:lambda$start$3(299)) - d160b31f-a19e-4d4b-96c3-58cad6c89056: start RPC server
2019-09-20 08:17:27,691 [Datanode State Machine Thread - 0] INFO  server.GrpcService (GrpcService.java:startImpl(149)) - d160b31f-a19e-4d4b-96c3-58cad6c89056: GrpcService started, listening on 0.0.0.0/0.0.0.0:41561
2019-09-20 08:17:27,691 [Datanode State Machine Thread - 0] INFO  ratis.XceiverServerRatis (XceiverServerRatis.java:start(414)) - XceiverServerRatis d160b31f-a19e-4d4b-96c3-58cad6c89056 is started using port 41561
2019-09-20 08:17:27,692 [Datanode State Machine Thread - 0] INFO  server.XceiverServerGrpc (XceiverServerGrpc.java:start(163)) - XceiverServerGrpc d160b31f-a19e-4d4b-96c3-58cad6c89056 is started using port 43642
2019-09-20 08:17:27,861 [main] INFO  ozone.MiniOzoneClusterImpl (MiniOzoneClusterImpl.java:lambda$waitForClusterToBeReady$0(142)) - Waiting for cluster to be ready. Got 0 of 3 DN Heartbeats.
2019-09-20 08:17:27,863 | INFO  | SCMAudit | user=jenkins1000 | ip=192.168.34.27 | op=GET_VERSION null | ret=SUCCESS |  
2019-09-20 08:17:27,890 [Datanode State Machine Thread - 0] INFO  ozoneimpl.OzoneContainer (OzoneContainer.java:start(186)) - Attempting to start container services.
2019-09-20 08:17:27,891 [Datanode State Machine Thread - 0] INFO  ozoneimpl.OzoneContainer (OzoneContainer.java:startContainerScrub(160)) - Background container scrubber has been disabled by hdds.containerscrub.enabled
2019-09-20 08:17:27,891 [Datanode State Machine Thread - 0] INFO  ratis.XceiverServerRatis (XceiverServerRatis.java:start(404)) - Starting XceiverServerRatis 16d094f2-c33f-45e9-afed-588eb6ecb67d at port 0
2019-09-20 08:17:27,899 [Datanode State Machine Thread - 0] INFO  impl.RaftServerProxy (RaftServerProxy.java:lambda$start$3(299)) - 16d094f2-c33f-45e9-afed-588eb6ecb67d: start RPC server
2019-09-20 08:17:27,900 [Datanode State Machine Thread - 0] INFO  server.GrpcService (GrpcService.java:startImpl(149)) - 16d094f2-c33f-45e9-afed-588eb6ecb67d: GrpcService started, listening on 0.0.0.0/0.0.0.0:45956
2019-09-20 08:17:27,900 [Datanode State Machine Thread - 0] INFO  ratis.XceiverServerRatis (XceiverServerRatis.java:start(414)) - XceiverServerRatis 16d094f2-c33f-45e9-afed-588eb6ecb67d is started using port 45956
2019-09-20 08:17:27,902 [Datanode State Machine Thread - 0] INFO  server.XceiverServerGrpc (XceiverServerGrpc.java:start(163)) - XceiverServerGrpc 16d094f2-c33f-45e9-afed-588eb6ecb67d is started using port 38340
2019-09-20 08:17:28,862 [main] INFO  ozone.MiniOzoneClusterImpl (MiniOzoneClusterImpl.java:lambda$waitForClusterToBeReady$0(142)) - Waiting for cluster to be ready. Got 0 of 3 DN Heartbeats.
2019-09-20 08:17:29,416 [IPC Server handler 2 on 36338] INFO  net.NetworkTopology (NetworkTopologyImpl.java:add(110)) - Added a new node: /default-rack/a88b1f4d-04ef-4980-ab9d-ac9d0d2fe007
2019-09-20 08:17:29,418 [IPC Server handler 2 on 36338] INFO  node.SCMNodeManager (SCMNodeManager.java:register(273)) - Registered Data node : a88b1f4d-04ef-4980-ab9d-ac9d0d2fe007{ip: 192.168.34.27, host: pr-hdds-1569-6tbh6-3362816358, networkLocation: /default-rack, certSerialId: null}
2019-09-20 08:17:29,419 [EventQueue-NodeRegistrationContainerReportForDataNodeSafeModeRule] INFO  safemode.SCMSafeModeManager (DataNodeSafeModeRule.java:process(71)) - SCM in safe mode. 1 DataNodes registered, 1 required.
2019-09-20 08:17:29,420 [EventQueue-NodeRegistrationContainerReportForDataNodeSafeModeRule] INFO  safemode.SCMSafeModeManager (SCMSafeModeManager.java:validateSafeModeExitRules(177)) - ScmSafeModeManager, all rules are successfully validated
2019-09-20 08:17:29,420 | INFO  | SCMAudit | user=jenkins1000 | ip=192.168.34.27 | op=REGISTER {datanodeDetails=a88b1f4d-04ef-4980-ab9d-ac9d0d2fe007{ip: 192.168.34.27, host: pr-hdds-1569-6tbh6-3362816358, networkLocation: /default-rack, certSerialId: null}} | ret=SUCCESS |  
2019-09-20 08:17:29,421 [EventQueue-NodeRegistrationContainerReportForDataNodeSafeModeRule] INFO  safemode.SCMSafeModeManager (SCMSafeModeManager.java:exitSafeMode(193)) - SCM exiting safe mode.
2019-09-20 08:17:29,434 [grpc-default-executor-0] INFO  impl.RaftServerProxy (RaftServerProxy.java:addNew(89)) - a88b1f4d-04ef-4980-ab9d-ac9d0d2fe007: addNew group-AB4825E7A2D9:[a88b1f4d-04ef-4980-ab9d-ac9d0d2fe007:192.168.34.27:36809] returns group-AB4825E7A2D9:java.util.concurrent.CompletableFuture@752e85b8[Not completed]
2019-09-20 08:17:29,436 [pool-292-thread-1] INFO  impl.RaftServerImpl (RaftServerImpl.java:<init>(93)) - a88b1f4d-04ef-4980-ab9d-ac9d0d2fe007: new RaftServerImpl for group-AB4825E7A2D9:[a88b1f4d-04ef-4980-ab9d-ac9d0d2fe007:192.168.34.27:36809] with ContainerStateMachine:uninitialized
2019-09-20 08:17:29,436 [pool-292-thread-1] INFO  server.RaftServerConfigKeys (ConfUtils.java:logGet(43)) - raft.server.rpc.timeout.min = 5s (custom)
2019-09-20 08:17:29,436 [pool-292-thread-1] INFO  server.RaftServerConfigKeys (ConfUtils.java:logGet(43)) - raft.server.rpc.timeout.max = 5200ms (custom)
2019-09-20 08:17:29,437 [pool-292-thread-1] INFO  server.RaftServerConfigKeys (ConfUtils.java:logGet(43)) - raft.server.rpcslowness.timeout = 120s (custom)
2019-09-20 08:17:29,437 [pool-292-thread-1] INFO  server.RaftServerConfigKeys (ConfUtils.java:logGet(43)) - raft.server.sleep.deviation.threshold = 300 (default)
2019-09-20 08:17:29,437 [pool-292-thread-1] INFO  server.RaftServerConfigKeys (ConfUtils.java:logGet(43)) - raft.server.log.appender.install.snapshot.enabled = false (custom)
2019-09-20 08:17:29,437 [pool-292-thread-1] INFO  impl.RaftServerImpl (ServerState.java:<init>(105)) - a88b1f4d-04ef-4980-ab9d-ac9d0d2fe007:group-AB4825E7A2D9 ConfigurationManager, init=-1: [a88b1f4d-04ef-4980-ab9d-ac9d0d2fe007:192.168.34.27:36809], old=null, confs=<EMPTY_MAP>
2019-09-20 08:17:29,437 [pool-292-thread-1] INFO  server.RaftServerConfigKeys (ConfUtils.java:logGet(43)) - raft.server.storage.dir = [/workdir/hadoop-ozone/ozonefs/target/test-dir/MiniOzoneClusterImpl-fff8a6b1-9459-493d-a1d7-ad2cd82c4f30/datanode-0/data/ratis] (custom)
2019-09-20 08:17:29,438 [pool-292-thread-1] INFO  storage.RaftStorageDirectory (RaftStorageDirectory.java:analyzeStorage(246)) - The storage directory /workdir/hadoop-ozone/ozonefs/target/test-dir/MiniOzoneClusterImpl-fff8a6b1-9459-493d-a1d7-ad2cd82c4f30/datanode-0/data/ratis/b134ea9f-e873-4059-8c93-ab4825e7a2d9 does not exist. Creating ...
2019-09-20 08:17:29,452 [pool-292-thread-1] INFO  storage.RaftStorageDirectory (RaftStorageDirectory.java:tryLock(328)) - Lock on /workdir/hadoop-ozone/ozonefs/target/test-dir/MiniOzoneClusterImpl-fff8a6b1-9459-493d-a1d7-ad2cd82c4f30/datanode-0/data/ratis/b134ea9f-e873-4059-8c93-ab4825e7a2d9/in_use.lock acquired by nodename 11539@pr-hdds-1569-6tbh6-3362816358
2019-09-20 08:17:29,465 [pool-292-thread-1] INFO  storage.RaftStorage (RaftStorage.java:format(72)) - Storage directory /workdir/hadoop-ozone/ozonefs/target/test-dir/MiniOzoneClusterImpl-fff8a6b1-9459-493d-a1d7-ad2cd82c4f30/datanode-0/data/ratis/b134ea9f-e873-4059-8c93-ab4825e7a2d9 has been successfully formatted.
2019-09-20 08:17:29,466 [pool-292-thread-1] INFO  ratis.ContainerStateMachine (ContainerStateMachine.java:loadSnapshot(226)) - group-AB4825E7A2D9: The snapshot info is null. Setting the last applied indexto:(t:0, i:~)
2019-09-20 08:17:29,466 [pool-292-thread-1] INFO  server.RaftServerConfigKeys (ConfUtils.java:logGet(43)) - raft.server.leader.election.timeout = 120s (custom)
2019-09-20 08:17:29,466 [pool-292-thread-1] INFO  server.RaftServerConfigKeys (ConfUtils.java:logGet(43)) - raft.server.log.use.memory = false (default)
2019-09-20 08:17:29,466 [pool-292-thread-1] INFO  server.RaftServerConfigKeys (ConfUtils.java:logGet(43)) - raft.server.log.purge.gap = 1000000 (custom)
2019-09-20 08:17:29,467 [pool-292-thread-1] INFO  server.RaftServerConfigKeys (ConfUtils.java:logGet(43)) - raft.server.log.appender.buffer.byte-limit = 33554432 (custom)
2019-09-20 08:17:29,467 [pool-292-thread-1] INFO  server.RaftServerConfigKeys (ConfUtils.java:logGet(43)) - raft.server.log.segment.size.max = 1048576 (custom)
2019-09-20 08:17:29,467 [pool-292-thread-1] INFO  server.RaftServerConfigKeys (ConfUtils.java:logGet(43)) - raft.server.log.segment.cache.num.max = 2 (custom)
2019-09-20 08:17:29,467 [pool-292-thread-1] INFO  segmented.SegmentedRaftLogWorker (SegmentedRaftLogWorker.java:<init>(172)) - new a88b1f4d-04ef-4980-ab9d-ac9d0d2fe007-SegmentedRaftLogWorker:Storage Directory /workdir/hadoop-ozone/ozonefs/target/test-dir/MiniOzoneClusterImpl-fff8a6b1-9459-493d-a1d7-ad2cd82c4f30/datanode-0/data/ratis/b134ea9f-e873-4059-8c93-ab4825e7a2d9 for RaftStorage:Storage Directory /workdir/hadoop-ozone/ozonefs/target/test-dir/MiniOzoneClusterImpl-fff8a6b1-9459-493d-a1d7-ad2cd82c4f30/datanode-0/data/ratis/b134ea9f-e873-4059-8c93-ab4825e7a2d9
2019-09-20 08:17:29,468 [pool-292-thread-1] INFO  server.RaftServerConfigKeys (ConfUtils.java:logGet(43)) - raft.server.log.queue.byte-limit = 2147483647 (custom)
2019-09-20 08:17:29,468 [pool-292-thread-1] INFO  server.RaftServerConfigKeys (ConfUtils.java:logGet(43)) - raft.server.log.queue.element-limit = 1024 (custom)
2019-09-20 08:17:29,469 [pool-292-thread-1] INFO  server.RaftServerConfigKeys (ConfUtils.java:logGet(43)) - raft.server.log.segment.size.max = 1048576 (custom)
2019-09-20 08:17:29,469 [pool-292-thread-1] INFO  server.RaftServerConfigKeys (ConfUtils.java:logGet(43)) - raft.server.log.preallocated.size = 16384 (custom)
2019-09-20 08:17:29,469 [pool-292-thread-1] INFO  server.RaftServerConfigKeys (ConfUtils.java:logGet(43)) - raft.server.log.write.buffer.size = 33554432 (custom)
2019-09-20 08:17:29,469 [pool-292-thread-1] INFO  server.RaftServerConfigKeys (ConfUtils.java:logGet(43)) - raft.server.log.force.sync.num = 128 (default)
2019-09-20 08:17:29,469 [pool-292-thread-1] INFO  server.RaftServerConfigKeys (ConfUtils.java:logGet(43)) - raft.server.log.statemachine.data.sync = true (default)
2019-09-20 08:17:29,470 [pool-292-thread-1] INFO  server.RaftServerConfigKeys (ConfUtils.java:logGet(43)) - raft.server.log.statemachine.data.sync.timeout = 10s (default)
2019-09-20 08:17:29,470 [pool-292-thread-1] INFO  server.RaftServerConfigKeys (ConfUtils.java:logGet(43)) - raft.server.log.statemachine.data.sync.timeout.retry = -1 (default)
2019-09-20 08:17:29,470 [pool-292-thread-1] INFO  server.RaftServerConfigKeys (ConfUtils.java:logGet(43)) - raft.server.log.statemachine.data.caching.enabled = true (custom)
2019-09-20 08:17:29,471 [pool-292-thread-1] INFO  segmented.SegmentedRaftLogWorker (SegmentedRaftLogWorker.java:lambda$new$0(132)) - a88b1f4d-04ef-4980-ab9d-ac9d0d2fe007-SegmentedRaftLogWorker:Storage Directory /workdir/hadoop-ozone/ozonefs/target/test-dir/MiniOzoneClusterImpl-fff8a6b1-9459-493d-a1d7-ad2cd82c4f30/datanode-0/data/ratis/b134ea9f-e873-4059-8c93-ab4825e7a2d9: flushIndex: setUnconditionally 0 -> -1
2019-09-20 08:17:29,471 [pool-292-thread-1] INFO  server.RaftServerConfigKeys (ConfUtils.java:logGet(43)) - raft.server.snapshot.auto.trigger.enabled = true (custom)
2019-09-20 08:17:29,472 [pool-292-thread-1] INFO  server.RaftServerConfigKeys (ConfUtils.java:logGet(43)) - raft.server.snapshot.auto.trigger.threshold = 10000 (custom)
2019-09-20 08:17:29,472 [pool-292-thread-1] INFO  server.RaftServerConfigKeys (ConfUtils.java:logGet(43)) - raft.server.retrycache.expirytime = 600000ms (custom)
2019-09-20 08:17:29,472 [pool-292-thread-1] INFO  impl.RaftServerImpl (RaftServerImpl.java:start(180)) - a88b1f4d-04ef-4980-ab9d-ac9d0d2fe007: start group-AB4825E7A2D9
2019-09-20 08:17:29,473 [pool-292-thread-1] INFO  impl.RaftServerImpl (RaftServerImpl.java:setRole(171)) - a88b1f4d-04ef-4980-ab9d-ac9d0d2fe007:group-AB4825E7A2D9 changes role from null to FOLLOWER at term 0 for startAsFollower
2019-09-20 08:17:29,473 [pool-292-thread-1] INFO  impl.RoleInfo (RoleInfo.java:updateAndGet(143)) - a88b1f4d-04ef-4980-ab9d-ac9d0d2fe007: start FollowerState
2019-09-20 08:17:29,473 [pool-292-thread-1] INFO  util.JmxRegister (JmxRegister.java:tryRegister(44)) - Successfully registered JMX Bean with object name Ratis:service=RaftServer,group=group-AB4825E7A2D9,id=a88b1f4d-04ef-4980-ab9d-ac9d0d2fe007
2019-09-20 08:17:29,478 [RatisPipelineUtilsThread] INFO  pipeline.PipelineStateManager (PipelineStateManager.java:addPipeline(56)) - Created pipeline Pipeline[ Id: b134ea9f-e873-4059-8c93-ab4825e7a2d9, Nodes: a88b1f4d-04ef-4980-ab9d-ac9d0d2fe007{ip: 192.168.34.27, host: pr-hdds-1569-6tbh6-3362816358, networkLocation: /default-rack, certSerialId: null}, Type:RATIS, Factor:ONE, State:OPEN]
2019-09-20 08:17:29,483 [grpc-default-executor-0] INFO  impl.RaftServerProxy (RaftServerProxy.java:addNew(89)) - a88b1f4d-04ef-4980-ab9d-ac9d0d2fe007: addNew group-D2BA216CB82E:[a88b1f4d-04ef-4980-ab9d-ac9d0d2fe007:192.168.34.27:36809] returns group-D2BA216CB82E:java.util.concurrent.CompletableFuture@4411b114[Not completed]
2019-09-20 08:17:29,484 [pool-292-thread-1] INFO  impl.RaftServerImpl (RaftServerImpl.java:<init>(93)) - a88b1f4d-04ef-4980-ab9d-ac9d0d2fe007: new RaftServerImpl for group-D2BA216CB82E:[a88b1f4d-04ef-4980-ab9d-ac9d0d2fe007:192.168.34.27:36809] with ContainerStateMachine:uninitialized
2019-09-20 08:17:29,485 [pool-292-thread-1] INFO  server.RaftServerConfigKeys (ConfUtils.java:logGet(43)) - raft.server.rpc.timeout.min = 5s (custom)
2019-09-20 08:17:29,485 [pool-292-thread-1] INFO  server.RaftServerConfigKeys (ConfUtils.java:logGet(43)) - raft.server.rpc.timeout.max = 5200ms (custom)
2019-09-20 08:17:29,485 [pool-292-thread-1] INFO  server.RaftServerConfigKeys (ConfUtils.java:logGet(43)) - raft.server.rpcslowness.timeout = 120s (custom)
2019-09-20 08:17:29,485 [pool-292-thread-1] INFO  server.RaftServerConfigKeys (ConfUtils.java:logGet(43)) - raft.server.sleep.deviation.threshold = 300 (default)
2019-09-20 08:17:29,485 [pool-292-thread-1] INFO  server.RaftServerConfigKeys (ConfUtils.java:logGet(43)) - raft.server.log.appender.install.snapshot.enabled = false (custom)
2019-09-20 08:17:29,485 [pool-292-thread-1] INFO  impl.RaftServerImpl (ServerState.java:<init>(105)) - a88b1f4d-04ef-4980-ab9d-ac9d0d2fe007:group-D2BA216CB82E ConfigurationManager, init=-1: [a88b1f4d-04ef-4980-ab9d-ac9d0d2fe007:192.168.34.27:36809], old=null, confs=<EMPTY_MAP>
2019-09-20 08:17:29,485 [pool-292-thread-1] INFO  server.RaftServerConfigKeys (ConfUtils.java:logGet(43)) - raft.server.storage.dir = [/workdir/hadoop-ozone/ozonefs/target/test-dir/MiniOzoneClusterImpl-fff8a6b1-9459-493d-a1d7-ad2cd82c4f30/datanode-0/data/ratis] (custom)
2019-09-20 08:17:29,486 [pool-292-thread-1] INFO  storage.RaftStorageDirectory (RaftStorageDirectory.java:analyzeStorage(246)) - The storage directory /workdir/hadoop-ozone/ozonefs/target/test-dir/MiniOzoneClusterImpl-fff8a6b1-9459-493d-a1d7-ad2cd82c4f30/datanode-0/data/ratis/289a04ad-66ed-4ae5-b13b-d2ba216cb82e does not exist. Creating ...
2019-09-20 08:17:29,498 [pool-292-thread-1] INFO  storage.RaftStorageDirectory (RaftStorageDirectory.java:tryLock(328)) - Lock on /workdir/hadoop-ozone/ozonefs/target/test-dir/MiniOzoneClusterImpl-fff8a6b1-9459-493d-a1d7-ad2cd82c4f30/datanode-0/data/ratis/289a04ad-66ed-4ae5-b13b-d2ba216cb82e/in_use.lock acquired by nodename 11539@pr-hdds-1569-6tbh6-3362816358
2019-09-20 08:17:29,511 [pool-292-thread-1] INFO  storage.RaftStorage (RaftStorage.java:format(72)) - Storage directory /workdir/hadoop-ozone/ozonefs/target/test-dir/MiniOzoneClusterImpl-fff8a6b1-9459-493d-a1d7-ad2cd82c4f30/datanode-0/data/ratis/289a04ad-66ed-4ae5-b13b-d2ba216cb82e has been successfully formatted.
2019-09-20 08:17:29,511 [pool-292-thread-1] INFO  ratis.ContainerStateMachine (ContainerStateMachine.java:loadSnapshot(226)) - group-D2BA216CB82E: The snapshot info is null. Setting the last applied indexto:(t:0, i:~)
2019-09-20 08:17:29,512 [pool-292-thread-1] INFO  server.RaftServerConfigKeys (ConfUtils.java:logGet(43)) - raft.server.leader.election.timeout = 120s (custom)
2019-09-20 08:17:29,512 [pool-292-thread-1] INFO  server.RaftServerConfigKeys (ConfUtils.java:logGet(43)) - raft.server.log.use.memory = false (default)
2019-09-20 08:17:29,512 [pool-292-thread-1] INFO  server.RaftServerConfigKeys (ConfUtils.java:logGet(43)) - raft.server.log.purge.gap = 1000000 (custom)
2019-09-20 08:17:29,512 [pool-292-thread-1] INFO  server.RaftServerConfigKeys (ConfUtils.java:logGet(43)) - raft.server.log.appender.buffer.byte-limit = 33554432 (custom)
2019-09-20 08:17:29,512 [pool-292-thread-1] INFO  server.RaftServerConfigKeys (ConfUtils.java:logGet(43)) - raft.server.log.segment.size.max = 1048576 (custom)
2019-09-20 08:17:29,512 [pool-292-thread-1] INFO  server.RaftServerConfigKeys (ConfUtils.java:logGet(43)) - raft.server.log.segment.cache.num.max = 2 (custom)
2019-09-20 08:17:29,513 [pool-292-thread-1] INFO  segmented.SegmentedRaftLogWorker (SegmentedRaftLogWorker.java:<init>(172)) - new a88b1f4d-04ef-4980-ab9d-ac9d0d2fe007-SegmentedRaftLogWorker:Storage Directory /workdir/hadoop-ozone/ozonefs/target/test-dir/MiniOzoneClusterImpl-fff8a6b1-9459-493d-a1d7-ad2cd82c4f30/datanode-0/data/ratis/289a04ad-66ed-4ae5-b13b-d2ba216cb82e for RaftStorage:Storage Directory /workdir/hadoop-ozone/ozonefs/target/test-dir/MiniOzoneClusterImpl-fff8a6b1-9459-493d-a1d7-ad2cd82c4f30/datanode-0/data/ratis/289a04ad-66ed-4ae5-b13b-d2ba216cb82e
2019-09-20 08:17:29,513 [pool-292-thread-1] INFO  server.RaftServerConfigKeys (ConfUtils.java:logGet(43)) - raft.server.log.queue.byte-limit = 2147483647 (custom)
2019-09-20 08:17:29,513 [pool-292-thread-1] INFO  server.RaftServerConfigKeys (ConfUtils.java:logGet(43)) - raft.server.log.queue.element-limit = 1024 (custom)
2019-09-20 08:17:29,513 [pool-292-thread-1] INFO  server.RaftServerConfigKeys (ConfUtils.java:logGet(43)) - raft.server.log.segment.size.max = 1048576 (custom)
2019-09-20 08:17:29,513 [pool-292-thread-1] INFO  server.RaftServerConfigKeys (ConfUtils.java:logGet(43)) - raft.server.log.preallocated.size = 16384 (custom)
2019-09-20 08:17:29,513 [pool-292-thread-1] INFO  server.RaftServerConfigKeys (ConfUtils.java:logGet(43)) - raft.server.log.write.buffer.size = 33554432 (custom)
2019-09-20 08:17:29,514 [pool-292-thread-1] INFO  server.RaftServerConfigKeys (ConfUtils.java:logGet(43)) - raft.server.log.force.sync.num = 128 (default)
2019-09-20 08:17:29,514 [pool-292-thread-1] INFO  server.RaftServerConfigKeys (ConfUtils.java:logGet(43)) - raft.server.log.statemachine.data.sync = true (default)
2019-09-20 08:17:29,514 [pool-292-thread-1] INFO  server.RaftServerConfigKeys (ConfUtils.java:logGet(43)) - raft.server.log.statemachine.data.sync.timeout = 10s (default)
2019-09-20 08:17:29,514 [pool-292-thread-1] INFO  server.RaftServerConfigKeys (ConfUtils.java:logGet(43)) - raft.server.log.statemachine.data.sync.timeout.retry = -1 (default)
2019-09-20 08:17:29,514 [pool-292-thread-1] INFO  server.RaftServerConfigKeys (ConfUtils.java:logGet(43)) - raft.server.log.statemachine.data.caching.enabled = true (custom)
2019-09-20 08:17:29,515 [pool-292-thread-1] INFO  segmented.SegmentedRaftLogWorker (SegmentedRaftLogWorker.java:lambda$new$0(132)) - a88b1f4d-04ef-4980-ab9d-ac9d0d2fe007-SegmentedRaftLogWorker:Storage Directory /workdir/hadoop-ozone/ozonefs/target/test-dir/MiniOzoneClusterImpl-fff8a6b1-9459-493d-a1d7-ad2cd82c4f30/datanode-0/data/ratis/289a04ad-66ed-4ae5-b13b-d2ba216cb82e: flushIndex: setUnconditionally 0 -> -1
2019-09-20 08:17:29,515 [pool-292-thread-1] INFO  server.RaftServerConfigKeys (ConfUtils.java:logGet(43)) - raft.server.snapshot.auto.trigger.enabled = true (custom)
2019-09-20 08:17:29,515 [pool-292-thread-1] INFO  server.RaftServerConfigKeys (ConfUtils.java:logGet(43)) - raft.server.snapshot.auto.trigger.threshold = 10000 (custom)
2019-09-20 08:17:29,515 [pool-292-thread-1] INFO  server.RaftServerConfigKeys (ConfUtils.java:logGet(43)) - raft.server.retrycache.expirytime = 600000ms (custom)
2019-09-20 08:17:29,516 [pool-292-thread-1] INFO  impl.RaftServerImpl (RaftServerImpl.java:start(180)) - a88b1f4d-04ef-4980-ab9d-ac9d0d2fe007: start group-D2BA216CB82E
2019-09-20 08:17:29,516 [pool-292-thread-1] INFO  impl.RaftServerImpl (RaftServerImpl.java:setRole(171)) - a88b1f4d-04ef-4980-ab9d-ac9d0d2fe007:group-D2BA216CB82E changes role from null to FOLLOWER at term 0 for startAsFollower
2019-09-20 08:17:29,516 [pool-292-thread-1] INFO  impl.RoleInfo (RoleInfo.java:updateAndGet(143)) - a88b1f4d-04ef-4980-ab9d-ac9d0d2fe007: start FollowerState
2019-09-20 08:17:29,516 [pool-292-thread-1] INFO  util.JmxRegister (JmxRegister.java:tryRegister(44)) - Successfully registered JMX Bean with object name Ratis:service=RaftServer,group=group-D2BA216CB82E,id=a88b1f4d-04ef-4980-ab9d-ac9d0d2fe007
2019-09-20 08:17:29,520 [RatisPipelineUtilsThread] INFO  pipeline.PipelineStateManager (PipelineStateManager.java:addPipeline(56)) - Created pipeline Pipeline[ Id: 289a04ad-66ed-4ae5-b13b-d2ba216cb82e, Nodes: a88b1f4d-04ef-4980-ab9d-ac9d0d2fe007{ip: 192.168.34.27, host: pr-hdds-1569-6tbh6-3362816358, networkLocation: /default-rack, certSerialId: null}, Type:RATIS, Factor:ONE, State:OPEN]
2019-09-20 08:17:29,525 [grpc-default-executor-0] INFO  impl.RaftServerProxy (RaftServerProxy.java:addNew(89)) - a88b1f4d-04ef-4980-ab9d-ac9d0d2fe007: addNew group-F2B3ECBB6818:[a88b1f4d-04ef-4980-ab9d-ac9d0d2fe007:192.168.34.27:36809] returns group-F2B3ECBB6818:java.util.concurrent.CompletableFuture@15017af7[Not completed]
2019-09-20 08:17:29,526 [pool-292-thread-1] INFO  impl.RaftServerImpl (RaftServerImpl.java:<init>(93)) - a88b1f4d-04ef-4980-ab9d-ac9d0d2fe007: new RaftServerImpl for group-F2B3ECBB6818:[a88b1f4d-04ef-4980-ab9d-ac9d0d2fe007:192.168.34.27:36809] with ContainerStateMachine:uninitialized
2019-09-20 08:17:29,527 [pool-292-thread-1] INFO  server.RaftServerConfigKeys (ConfUtils.java:logGet(43)) - raft.server.rpc.timeout.min = 5s (custom)
2019-09-20 08:17:29,527 [pool-292-thread-1] INFO  server.RaftServerConfigKeys (ConfUtils.java:logGet(43)) - raft.server.rpc.timeout.max = 5200ms (custom)
2019-09-20 08:17:29,527 [pool-292-thread-1] INFO  server.RaftServerConfigKeys (ConfUtils.java:logGet(43)) - raft.server.rpcslowness.timeout = 120s (custom)
2019-09-20 08:17:29,527 [pool-292-thread-1] INFO  server.RaftServerConfigKeys (ConfUtils.java:logGet(43)) - raft.server.sleep.deviation.threshold = 300 (default)
2019-09-20 08:17:29,527 [pool-292-thread-1] INFO  server.RaftServerConfigKeys (ConfUtils.java:logGet(43)) - raft.server.log.appender.install.snapshot.enabled = false (custom)
2019-09-20 08:17:29,527 [pool-292-thread-1] INFO  impl.RaftServerImpl (ServerState.java:<init>(105)) - a88b1f4d-04ef-4980-ab9d-ac9d0d2fe007:group-F2B3ECBB6818 ConfigurationManager, init=-1: [a88b1f4d-04ef-4980-ab9d-ac9d0d2fe007:192.168.34.27:36809], old=null, confs=<EMPTY_MAP>
2019-09-20 08:17:29,528 [pool-292-thread-1] INFO  server.RaftServerConfigKeys (ConfUtils.java:logGet(43)) - raft.server.storage.dir = [/workdir/hadoop-ozone/ozonefs/target/test-dir/MiniOzoneClusterImpl-fff8a6b1-9459-493d-a1d7-ad2cd82c4f30/datanode-0/data/ratis] (custom)
2019-09-20 08:17:29,528 [pool-292-thread-1] INFO  storage.RaftStorageDirectory (RaftStorageDirectory.java:analyzeStorage(246)) - The storage directory /workdir/hadoop-ozone/ozonefs/target/test-dir/MiniOzoneClusterImpl-fff8a6b1-9459-493d-a1d7-ad2cd82c4f30/datanode-0/data/ratis/ec7fef4c-249a-4e83-8d60-f2b3ecbb6818 does not exist. Creating ...
2019-09-20 08:17:29,540 [pool-292-thread-1] INFO  storage.RaftStorageDirectory (RaftStorageDirectory.java:tryLock(328)) - Lock on /workdir/hadoop-ozone/ozonefs/target/test-dir/MiniOzoneClusterImpl-fff8a6b1-9459-493d-a1d7-ad2cd82c4f30/datanode-0/data/ratis/ec7fef4c-249a-4e83-8d60-f2b3ecbb6818/in_use.lock acquired by nodename 11539@pr-hdds-1569-6tbh6-3362816358
2019-09-20 08:17:29,554 [pool-292-thread-1] INFO  storage.RaftStorage (RaftStorage.java:format(72)) - Storage directory /workdir/hadoop-ozone/ozonefs/target/test-dir/MiniOzoneClusterImpl-fff8a6b1-9459-493d-a1d7-ad2cd82c4f30/datanode-0/data/ratis/ec7fef4c-249a-4e83-8d60-f2b3ecbb6818 has been successfully formatted.
2019-09-20 08:17:29,554 [pool-292-thread-1] INFO  ratis.ContainerStateMachine (ContainerStateMachine.java:loadSnapshot(226)) - group-F2B3ECBB6818: The snapshot info is null. Setting the last applied indexto:(t:0, i:~)
2019-09-20 08:17:29,554 [pool-292-thread-1] INFO  server.RaftServerConfigKeys (ConfUtils.java:logGet(43)) - raft.server.leader.election.timeout = 120s (custom)
2019-09-20 08:17:29,555 [pool-292-thread-1] INFO  server.RaftServerConfigKeys (ConfUtils.java:logGet(43)) - raft.server.log.use.memory = false (default)
2019-09-20 08:17:29,555 [pool-292-thread-1] INFO  server.RaftServerConfigKeys (ConfUtils.java:logGet(43)) - raft.server.log.purge.gap = 1000000 (custom)
2019-09-20 08:17:29,555 [pool-292-thread-1] INFO  server.RaftServerConfigKeys (ConfUtils.java:logGet(43)) - raft.server.log.appender.buffer.byte-limit = 33554432 (custom)
2019-09-20 08:17:29,555 [pool-292-thread-1] INFO  server.RaftServerConfigKeys (ConfUtils.java:logGet(43)) - raft.server.log.segment.size.max = 1048576 (custom)
2019-09-20 08:17:29,555 [pool-292-thread-1] INFO  server.RaftServerConfigKeys (ConfUtils.java:logGet(43)) - raft.server.log.segment.cache.num.max = 2 (custom)
2019-09-20 08:17:29,555 [pool-292-thread-1] INFO  segmented.SegmentedRaftLogWorker (SegmentedRaftLogWorker.java:<init>(172)) - new a88b1f4d-04ef-4980-ab9d-ac9d0d2fe007-SegmentedRaftLogWorker:Storage Directory /workdir/hadoop-ozone/ozonefs/target/test-dir/MiniOzoneClusterImpl-fff8a6b1-9459-493d-a1d7-ad2cd82c4f30/datanode-0/data/ratis/ec7fef4c-249a-4e83-8d60-f2b3ecbb6818 for RaftStorage:Storage Directory /workdir/hadoop-ozone/ozonefs/target/test-dir/MiniOzoneClusterImpl-fff8a6b1-9459-493d-a1d7-ad2cd82c4f30/datanode-0/data/ratis/ec7fef4c-249a-4e83-8d60-f2b3ecbb6818
2019-09-20 08:17:29,555 [pool-292-thread-1] INFO  server.RaftServerConfigKeys (ConfUtils.java:logGet(43)) - raft.server.log.queue.byte-limit = 2147483647 (custom)
2019-09-20 08:17:29,556 [pool-292-thread-1] INFO  server.RaftServerConfigKeys (ConfUtils.java:logGet(43)) - raft.server.log.queue.element-limit = 1024 (custom)
2019-09-20 08:17:29,556 [pool-292-thread-1] INFO  server.RaftServerConfigKeys (ConfUtils.java:logGet(43)) - raft.server.log.segment.size.max = 1048576 (custom)
2019-09-20 08:17:29,556 [pool-292-thread-1] INFO  server.RaftServerConfigKeys (ConfUtils.java:logGet(43)) - raft.server.log.preallocated.size = 16384 (custom)
2019-09-20 08:17:29,556 [pool-292-thread-1] INFO  server.RaftServerConfigKeys (ConfUtils.java:logGet(43)) - raft.server.log.write.buffer.size = 33554432 (custom)
2019-09-20 08:17:29,556 [pool-292-thread-1] INFO  server.RaftServerConfigKeys (ConfUtils.java:logGet(43)) - raft.server.log.force.sync.num = 128 (default)
2019-09-20 08:17:29,556 [pool-292-thread-1] INFO  server.RaftServerConfigKeys (ConfUtils.java:logGet(43)) - raft.server.log.statemachine.data.sync = true (default)
2019-09-20 08:17:29,557 [pool-292-thread-1] INFO  server.RaftServerConfigKeys (ConfUtils.java:logGet(43)) - raft.server.log.statemachine.data.sync.timeout = 10s (default)
2019-09-20 08:17:29,557 [pool-292-thread-1] INFO  server.RaftServerConfigKeys (ConfUtils.java:logGet(43)) - raft.server.log.statemachine.data.sync.timeout.retry = -1 (default)
2019-09-20 08:17:29,557 [pool-292-thread-1] INFO  server.RaftServerConfigKeys (ConfUtils.java:logGet(43)) - raft.server.log.statemachine.data.caching.enabled = true (custom)
2019-09-20 08:17:29,557 [pool-292-thread-1] INFO  segmented.SegmentedRaftLogWorker (SegmentedRaftLogWorker.java:lambda$new$0(132)) - a88b1f4d-04ef-4980-ab9d-ac9d0d2fe007-SegmentedRaftLogWorker:Storage Directory /workdir/hadoop-ozone/ozonefs/target/test-dir/MiniOzoneClusterImpl-fff8a6b1-9459-493d-a1d7-ad2cd82c4f30/datanode-0/data/ratis/ec7fef4c-249a-4e83-8d60-f2b3ecbb6818: flushIndex: setUnconditionally 0 -> -1
2019-09-20 08:17:29,558 [pool-292-thread-1] INFO  server.RaftServerConfigKeys (ConfUtils.java:logGet(43)) - raft.server.snapshot.auto.trigger.enabled = true (custom)
2019-09-20 08:17:29,558 [pool-292-thread-1] INFO  server.RaftServerConfigKeys (ConfUtils.java:logGet(43)) - raft.server.snapshot.auto.trigger.threshold = 10000 (custom)
2019-09-20 08:17:29,558 [pool-292-thread-1] INFO  server.RaftServerConfigKeys (ConfUtils.java:logGet(43)) - raft.server.retrycache.expirytime = 600000ms (custom)
2019-09-20 08:17:29,558 [pool-292-thread-1] INFO  impl.RaftServerImpl (RaftServerImpl.java:start(180)) - a88b1f4d-04ef-4980-ab9d-ac9d0d2fe007: start group-F2B3ECBB6818
2019-09-20 08:17:29,558 [pool-292-thread-1] INFO  impl.RaftServerImpl (RaftServerImpl.java:setRole(171)) - a88b1f4d-04ef-4980-ab9d-ac9d0d2fe007:group-F2B3ECBB6818 changes role from null to FOLLOWER at term 0 for startAsFollower
2019-09-20 08:17:29,558 [pool-292-thread-1] INFO  impl.RoleInfo (RoleInfo.java:updateAndGet(143)) - a88b1f4d-04ef-4980-ab9d-ac9d0d2fe007: start FollowerState
2019-09-20 08:17:29,559 [pool-292-thread-1] INFO  util.JmxRegister (JmxRegister.java:tryRegister(44)) - Successfully registered JMX Bean with object name Ratis:service=RaftServer,group=group-F2B3ECBB6818,id=a88b1f4d-04ef-4980-ab9d-ac9d0d2fe007
2019-09-20 08:17:29,563 [RatisPipelineUtilsThread] INFO  pipeline.PipelineStateManager (PipelineStateManager.java:addPipeline(56)) - Created pipeline Pipeline[ Id: ec7fef4c-249a-4e83-8d60-f2b3ecbb6818, Nodes: a88b1f4d-04ef-4980-ab9d-ac9d0d2fe007{ip: 192.168.34.27, host: pr-hdds-1569-6tbh6-3362816358, networkLocation: /default-rack, certSerialId: null}, Type:RATIS, Factor:ONE, State:OPEN]
2019-09-20 08:17:29,569 [grpc-default-executor-0] INFO  impl.RaftServerProxy (RaftServerProxy.java:addNew(89)) - a88b1f4d-04ef-4980-ab9d-ac9d0d2fe007: addNew group-CC84EAC78C4D:[a88b1f4d-04ef-4980-ab9d-ac9d0d2fe007:192.168.34.27:36809] returns group-CC84EAC78C4D:java.util.concurrent.CompletableFuture@2fd8f39[Not completed]
2019-09-20 08:17:29,570 [pool-292-thread-1] INFO  impl.RaftServerImpl (RaftServerImpl.java:<init>(93)) - a88b1f4d-04ef-4980-ab9d-ac9d0d2fe007: new RaftServerImpl for group-CC84EAC78C4D:[a88b1f4d-04ef-4980-ab9d-ac9d0d2fe007:192.168.34.27:36809] with ContainerStateMachine:uninitialized
2019-09-20 08:17:29,570 [pool-292-thread-1] INFO  server.RaftServerConfigKeys (ConfUtils.java:logGet(43)) - raft.server.rpc.timeout.min = 5s (custom)
2019-09-20 08:17:29,570 [pool-292-thread-1] INFO  server.RaftServerConfigKeys (ConfUtils.java:logGet(43)) - raft.server.rpc.timeout.max = 5200ms (custom)
2019-09-20 08:17:29,570 [pool-292-thread-1] INFO  server.RaftServerConfigKeys (ConfUtils.java:logGet(43)) - raft.server.rpcslowness.timeout = 120s (custom)
2019-09-20 08:17:29,571 [pool-292-thread-1] INFO  server.RaftServerConfigKeys (ConfUtils.java:logGet(43)) - raft.server.sleep.deviation.threshold = 300 (default)
2019-09-20 08:17:29,571 [pool-292-thread-1] INFO  server.RaftServerConfigKeys (ConfUtils.java:logGet(43)) - raft.server.log.appender.install.snapshot.enabled = false (custom)
2019-09-20 08:17:29,571 [pool-292-thread-1] INFO  impl.RaftServerImpl (ServerState.java:<init>(105)) - a88b1f4d-04ef-4980-ab9d-ac9d0d2fe007:group-CC84EAC78C4D ConfigurationManager, init=-1: [a88b1f4d-04ef-4980-ab9d-ac9d0d2fe007:192.168.34.27:36809], old=null, confs=<EMPTY_MAP>
2019-09-20 08:17:29,571 [pool-292-thread-1] INFO  server.RaftServerConfigKeys (ConfUtils.java:logGet(43)) - raft.server.storage.dir = [/workdir/hadoop-ozone/ozonefs/target/test-dir/MiniOzoneClusterImpl-fff8a6b1-9459-493d-a1d7-ad2cd82c4f30/datanode-0/data/ratis] (custom)
2019-09-20 08:17:29,571 [pool-292-thread-1] INFO  storage.RaftStorageDirectory (RaftStorageDirectory.java:analyzeStorage(246)) - The storage directory /workdir/hadoop-ozone/ozonefs/target/test-dir/MiniOzoneClusterImpl-fff8a6b1-9459-493d-a1d7-ad2cd82c4f30/datanode-0/data/ratis/0b40d83e-932a-40c5-b4a4-cc84eac78c4d does not exist. Creating ...
2019-09-20 08:17:29,585 [pool-292-thread-1] INFO  storage.RaftStorageDirectory (RaftStorageDirectory.java:tryLock(328)) - Lock on /workdir/hadoop-ozone/ozonefs/target/test-dir/MiniOzoneClusterImpl-fff8a6b1-9459-493d-a1d7-ad2cd82c4f30/datanode-0/data/ratis/0b40d83e-932a-40c5-b4a4-cc84eac78c4d/in_use.lock acquired by nodename 11539@pr-hdds-1569-6tbh6-3362816358
2019-09-20 08:17:29,599 [pool-292-thread-1] INFO  storage.RaftStorage (RaftStorage.java:format(72)) - Storage directory /workdir/hadoop-ozone/ozonefs/target/test-dir/MiniOzoneClusterImpl-fff8a6b1-9459-493d-a1d7-ad2cd82c4f30/datanode-0/data/ratis/0b40d83e-932a-40c5-b4a4-cc84eac78c4d has been successfully formatted.
2019-09-20 08:17:29,599 [pool-292-thread-1] INFO  ratis.ContainerStateMachine (ContainerStateMachine.java:loadSnapshot(226)) - group-CC84EAC78C4D: The snapshot info is null. Setting the last applied indexto:(t:0, i:~)
2019-09-20 08:17:29,599 [pool-292-thread-1] INFO  server.RaftServerConfigKeys (ConfUtils.java:logGet(43)) - raft.server.leader.election.timeout = 120s (custom)
2019-09-20 08:17:29,599 [pool-292-thread-1] INFO  server.RaftServerConfigKeys (ConfUtils.java:logGet(43)) - raft.server.log.use.memory = false (default)
2019-09-20 08:17:29,600 [pool-292-thread-1] INFO  server.RaftServerConfigKeys (ConfUtils.java:logGet(43)) - raft.server.log.purge.gap = 1000000 (custom)
2019-09-20 08:17:29,600 [pool-292-thread-1] INFO  server.RaftServerConfigKeys (ConfUtils.java:logGet(43)) - raft.server.log.appender.buffer.byte-limit = 33554432 (custom)
2019-09-20 08:17:29,600 [pool-292-thread-1] INFO  server.RaftServerConfigKeys (ConfUtils.java:logGet(43)) - raft.server.log.segment.size.max = 1048576 (custom)
2019-09-20 08:17:29,600 [pool-292-thread-1] INFO  server.RaftServerConfigKeys (ConfUtils.java:logGet(43)) - raft.server.log.segment.cache.num.max = 2 (custom)
2019-09-20 08:17:29,600 [pool-292-thread-1] INFO  segmented.SegmentedRaftLogWorker (SegmentedRaftLogWorker.java:<init>(172)) - new a88b1f4d-04ef-4980-ab9d-ac9d0d2fe007-SegmentedRaftLogWorker:Storage Directory /workdir/hadoop-ozone/ozonefs/target/test-dir/MiniOzoneClusterImpl-fff8a6b1-9459-493d-a1d7-ad2cd82c4f30/datanode-0/data/ratis/0b40d83e-932a-40c5-b4a4-cc84eac78c4d for RaftStorage:Storage Directory /workdir/hadoop-ozone/ozonefs/target/test-dir/MiniOzoneClusterImpl-fff8a6b1-9459-493d-a1d7-ad2cd82c4f30/datanode-0/data/ratis/0b40d83e-932a-40c5-b4a4-cc84eac78c4d
2019-09-20 08:17:29,600 [pool-292-thread-1] INFO  server.RaftServerConfigKeys (ConfUtils.java:logGet(43)) - raft.server.log.queue.byte-limit = 2147483647 (custom)
2019-09-20 08:17:29,600 [pool-292-thread-1] INFO  server.RaftServerConfigKeys (ConfUtils.java:logGet(43)) - raft.server.log.queue.element-limit = 1024 (custom)
2019-09-20 08:17:29,601 [pool-292-thread-1] INFO  server.RaftServerConfigKeys (ConfUtils.java:logGet(43)) - raft.server.log.segment.size.max = 1048576 (custom)
2019-09-20 08:17:29,601 [pool-292-thread-1] INFO  server.RaftServerConfigKeys (ConfUtils.java:logGet(43)) - raft.server.log.preallocated.size = 16384 (custom)
2019-09-20 08:17:29,601 [pool-292-thread-1] INFO  server.RaftServerConfigKeys (ConfUtils.java:logGet(43)) - raft.server.log.write.buffer.size = 33554432 (custom)
2019-09-20 08:17:29,601 [pool-292-thread-1] INFO  server.RaftServerConfigKeys (ConfUtils.java:logGet(43)) - raft.server.log.force.sync.num = 128 (default)
2019-09-20 08:17:29,601 [pool-292-thread-1] INFO  server.RaftServerConfigKeys (ConfUtils.java:logGet(43)) - raft.server.log.statemachine.data.sync = true (default)
2019-09-20 08:17:29,601 [pool-292-thread-1] INFO  server.RaftServerConfigKeys (ConfUtils.java:logGet(43)) - raft.server.log.statemachine.data.sync.timeout = 10s (default)
2019-09-20 08:17:29,601 [pool-292-thread-1] INFO  server.RaftServerConfigKeys (ConfUtils.java:logGet(43)) - raft.server.log.statemachine.data.sync.timeout.retry = -1 (default)
2019-09-20 08:17:29,602 [pool-292-thread-1] INFO  server.RaftServerConfigKeys (ConfUtils.java:logGet(43)) - raft.server.log.statemachine.data.caching.enabled = true (custom)
2019-09-20 08:17:29,602 [pool-292-thread-1] INFO  segmented.SegmentedRaftLogWorker (SegmentedRaftLogWorker.java:lambda$new$0(132)) - a88b1f4d-04ef-4980-ab9d-ac9d0d2fe007-SegmentedRaftLogWorker:Storage Directory /workdir/hadoop-ozone/ozonefs/target/test-dir/MiniOzoneClusterImpl-fff8a6b1-9459-493d-a1d7-ad2cd82c4f30/datanode-0/data/ratis/0b40d83e-932a-40c5-b4a4-cc84eac78c4d: flushIndex: setUnconditionally 0 -> -1
2019-09-20 08:17:29,602 [pool-292-thread-1] INFO  server.RaftServerConfigKeys (ConfUtils.java:logGet(43)) - raft.server.snapshot.auto.trigger.enabled = true (custom)
2019-09-20 08:17:29,603 [pool-292-thread-1] INFO  server.RaftServerConfigKeys (ConfUtils.java:logGet(43)) - raft.server.snapshot.auto.trigger.threshold = 10000 (custom)
2019-09-20 08:17:29,603 [pool-292-thread-1] INFO  server.RaftServerConfigKeys (ConfUtils.java:logGet(43)) - raft.server.retrycache.expirytime = 600000ms (custom)
2019-09-20 08:17:29,603 [pool-292-thread-1] INFO  impl.RaftServerImpl (RaftServerImpl.java:start(180)) - a88b1f4d-04ef-4980-ab9d-ac9d0d2fe007: start group-CC84EAC78C4D
2019-09-20 08:17:29,603 [pool-292-thread-1] INFO  impl.RaftServerImpl (RaftServerImpl.java:setRole(171)) - a88b1f4d-04ef-4980-ab9d-ac9d0d2fe007:group-CC84EAC78C4D changes role from null to FOLLOWER at term 0 for startAsFollower
2019-09-20 08:17:29,603 [pool-292-thread-1] INFO  impl.RoleInfo (RoleInfo.java:updateAndGet(143)) - a88b1f4d-04ef-4980-ab9d-ac9d0d2fe007: start FollowerState
2019-09-20 08:17:29,604 [pool-292-thread-1] INFO  util.JmxRegister (JmxRegister.java:tryRegister(44)) - Successfully registered JMX Bean with object name Ratis:service=RaftServer,group=group-CC84EAC78C4D,id=a88b1f4d-04ef-4980-ab9d-ac9d0d2fe007
2019-09-20 08:17:29,607 [RatisPipelineUtilsThread] INFO  pipeline.PipelineStateManager (PipelineStateManager.java:addPipeline(56)) - Created pipeline Pipeline[ Id: 0b40d83e-932a-40c5-b4a4-cc84eac78c4d, Nodes: a88b1f4d-04ef-4980-ab9d-ac9d0d2fe007{ip: 192.168.34.27, host: pr-hdds-1569-6tbh6-3362816358, networkLocation: /default-rack, certSerialId: null}, Type:RATIS, Factor:ONE, State:OPEN]
2019-09-20 08:17:29,612 [grpc-default-executor-0] INFO  impl.RaftServerProxy (RaftServerProxy.java:addNew(89)) - a88b1f4d-04ef-4980-ab9d-ac9d0d2fe007: addNew group-87B298362FBA:[a88b1f4d-04ef-4980-ab9d-ac9d0d2fe007:192.168.34.27:36809] returns group-87B298362FBA:java.util.concurrent.CompletableFuture@114f8347[Not completed]
2019-09-20 08:17:29,613 [pool-292-thread-1] INFO  impl.RaftServerImpl (RaftServerImpl.java:<init>(93)) - a88b1f4d-04ef-4980-ab9d-ac9d0d2fe007: new RaftServerImpl for group-87B298362FBA:[a88b1f4d-04ef-4980-ab9d-ac9d0d2fe007:192.168.34.27:36809] with ContainerStateMachine:uninitialized
2019-09-20 08:17:29,613 [pool-292-thread-1] INFO  server.RaftServerConfigKeys (ConfUtils.java:logGet(43)) - raft.server.rpc.timeout.min = 5s (custom)
2019-09-20 08:17:29,613 [pool-292-thread-1] INFO  server.RaftServerConfigKeys (ConfUtils.java:logGet(43)) - raft.server.rpc.timeout.max = 5200ms (custom)
2019-09-20 08:17:29,613 [pool-292-thread-1] INFO  server.RaftServerConfigKeys (ConfUtils.java:logGet(43)) - raft.server.rpcslowness.timeout = 120s (custom)
2019-09-20 08:17:29,613 [pool-292-thread-1] INFO  server.RaftServerConfigKeys (ConfUtils.java:logGet(43)) - raft.server.sleep.deviation.threshold = 300 (default)
2019-09-20 08:17:29,614 [pool-292-thread-1] INFO  server.RaftServerConfigKeys (ConfUtils.java:logGet(43)) - raft.server.log.appender.install.snapshot.enabled = false (custom)
2019-09-20 08:17:29,614 [pool-292-thread-1] INFO  impl.RaftServerImpl (ServerState.java:<init>(105)) - a88b1f4d-04ef-4980-ab9d-ac9d0d2fe007:group-87B298362FBA ConfigurationManager, init=-1: [a88b1f4d-04ef-4980-ab9d-ac9d0d2fe007:192.168.34.27:36809], old=null, confs=<EMPTY_MAP>
2019-09-20 08:17:29,614 [pool-292-thread-1] INFO  server.RaftServerConfigKeys (ConfUtils.java:logGet(43)) - raft.server.storage.dir = [/workdir/hadoop-ozone/ozonefs/target/test-dir/MiniOzoneClusterImpl-fff8a6b1-9459-493d-a1d7-ad2cd82c4f30/datanode-0/data/ratis] (custom)
2019-09-20 08:17:29,614 [pool-292-thread-1] INFO  storage.RaftStorageDirectory (RaftStorageDirectory.java:analyzeStorage(246)) - The storage directory /workdir/hadoop-ozone/ozonefs/target/test-dir/MiniOzoneClusterImpl-fff8a6b1-9459-493d-a1d7-ad2cd82c4f30/datanode-0/data/ratis/8f30383d-bf32-4a3e-9ea9-87b298362fba does not exist. Creating ...
2019-09-20 08:17:29,627 [pool-292-thread-1] INFO  storage.RaftStorageDirectory (RaftStorageDirectory.java:tryLock(328)) - Lock on /workdir/hadoop-ozone/ozonefs/target/test-dir/MiniOzoneClusterImpl-fff8a6b1-9459-493d-a1d7-ad2cd82c4f30/datanode-0/data/ratis/8f30383d-bf32-4a3e-9ea9-87b298362fba/in_use.lock acquired by nodename 11539@pr-hdds-1569-6tbh6-3362816358
2019-09-20 08:17:29,640 [pool-292-thread-1] INFO  storage.RaftStorage (RaftStorage.java:format(72)) - Storage directory /workdir/hadoop-ozone/ozonefs/target/test-dir/MiniOzoneClusterImpl-fff8a6b1-9459-493d-a1d7-ad2cd82c4f30/datanode-0/data/ratis/8f30383d-bf32-4a3e-9ea9-87b298362fba has been successfully formatted.
2019-09-20 08:17:29,640 [pool-292-thread-1] INFO  ratis.ContainerStateMachine (ContainerStateMachine.java:loadSnapshot(226)) - group-87B298362FBA: The snapshot info is null. Setting the last applied indexto:(t:0, i:~)
2019-09-20 08:17:29,640 [pool-292-thread-1] INFO  server.RaftServerConfigKeys (ConfUtils.java:logGet(43)) - raft.server.leader.election.timeout = 120s (custom)
2019-09-20 08:17:29,640 [pool-292-thread-1] INFO  server.RaftServerConfigKeys (ConfUtils.java:logGet(43)) - raft.server.log.use.memory = false (default)
2019-09-20 08:17:29,641 [pool-292-thread-1] INFO  server.RaftServerConfigKeys (ConfUtils.java:logGet(43)) - raft.server.log.purge.gap = 1000000 (custom)
2019-09-20 08:17:29,641 [pool-292-thread-1] INFO  server.RaftServerConfigKeys (ConfUtils.java:logGet(43)) - raft.server.log.appender.buffer.byte-limit = 33554432 (custom)
2019-09-20 08:17:29,641 [pool-292-thread-1] INFO  server.RaftServerConfigKeys (ConfUtils.java:logGet(43)) - raft.server.log.segment.size.max = 1048576 (custom)
2019-09-20 08:17:29,641 [pool-292-thread-1] INFO  server.RaftServerConfigKeys (ConfUtils.java:logGet(43)) - raft.server.log.segment.cache.num.max = 2 (custom)
2019-09-20 08:17:29,641 [pool-292-thread-1] INFO  segmented.SegmentedRaftLogWorker (SegmentedRaftLogWorker.java:<init>(172)) - new a88b1f4d-04ef-4980-ab9d-ac9d0d2fe007-SegmentedRaftLogWorker:Storage Directory /workdir/hadoop-ozone/ozonefs/target/test-dir/MiniOzoneClusterImpl-fff8a6b1-9459-493d-a1d7-ad2cd82c4f30/datanode-0/data/ratis/8f30383d-bf32-4a3e-9ea9-87b298362fba for RaftStorage:Storage Directory /workdir/hadoop-ozone/ozonefs/target/test-dir/MiniOzoneClusterImpl-fff8a6b1-9459-493d-a1d7-ad2cd82c4f30/datanode-0/data/ratis/8f30383d-bf32-4a3e-9ea9-87b298362fba
2019-09-20 08:17:29,641 [pool-292-thread-1] INFO  server.RaftServerConfigKeys (ConfUtils.java:logGet(43)) - raft.server.log.queue.byte-limit = 2147483647 (custom)
2019-09-20 08:17:29,642 [pool-292-thread-1] INFO  server.RaftServerConfigKeys (ConfUtils.java:logGet(43)) - raft.server.log.queue.element-limit = 1024 (custom)
2019-09-20 08:17:29,642 [pool-292-thread-1] INFO  server.RaftServerConfigKeys (ConfUtils.java:logGet(43)) - raft.server.log.segment.size.max = 1048576 (custom)
2019-09-20 08:17:29,642 [pool-292-thread-1] INFO  server.RaftServerConfigKeys (ConfUtils.java:logGet(43)) - raft.server.log.preallocated.size = 16384 (custom)
2019-09-20 08:17:29,642 [pool-292-thread-1] INFO  server.RaftServerConfigKeys (ConfUtils.java:logGet(43)) - raft.server.log.write.buffer.size = 33554432 (custom)
2019-09-20 08:17:29,642 [pool-292-thread-1] INFO  server.RaftServerConfigKeys (ConfUtils.java:logGet(43)) - raft.server.log.force.sync.num = 128 (default)
2019-09-20 08:17:29,642 [pool-292-thread-1] INFO  server.RaftServerConfigKeys (ConfUtils.java:logGet(43)) - raft.server.log.statemachine.data.sync = true (default)
2019-09-20 08:17:29,642 [pool-292-thread-1] INFO  server.RaftServerConfigKeys (ConfUtils.java:logGet(43)) - raft.server.log.statemachine.data.sync.timeout = 10s (default)
2019-09-20 08:17:29,643 [pool-292-thread-1] INFO  server.RaftServerConfigKeys (ConfUtils.java:logGet(43)) - raft.server.log.statemachine.data.sync.timeout.retry = -1 (default)
2019-09-20 08:17:29,643 [pool-292-thread-1] INFO  server.RaftServerConfigKeys (ConfUtils.java:logGet(43)) - raft.server.log.statemachine.data.caching.enabled = true (custom)
2019-09-20 08:17:29,643 [pool-292-thread-1] INFO  segmented.SegmentedRaftLogWorker (SegmentedRaftLogWorker.java:lambda$new$0(132)) - a88b1f4d-04ef-4980-ab9d-ac9d0d2fe007-SegmentedRaftLogWorker:Storage Directory /workdir/hadoop-ozone/ozonefs/target/test-dir/MiniOzoneClusterImpl-fff8a6b1-9459-493d-a1d7-ad2cd82c4f30/datanode-0/data/ratis/8f30383d-bf32-4a3e-9ea9-87b298362fba: flushIndex: setUnconditionally 0 -> -1
2019-09-20 08:17:29,643 [pool-292-thread-1] INFO  server.RaftServerConfigKeys (ConfUtils.java:logGet(43)) - raft.server.snapshot.auto.trigger.enabled = true (custom)
2019-09-20 08:17:29,644 [pool-292-thread-1] INFO  server.RaftServerConfigKeys (ConfUtils.java:logGet(43)) - raft.server.snapshot.auto.trigger.threshold = 10000 (custom)
2019-09-20 08:17:29,644 [pool-292-thread-1] INFO  server.RaftServerConfigKeys (ConfUtils.java:logGet(43)) - raft.server.retrycache.expirytime = 600000ms (custom)
2019-09-20 08:17:29,644 [pool-292-thread-1] INFO  impl.RaftServerImpl (RaftServerImpl.java:start(180)) - a88b1f4d-04ef-4980-ab9d-ac9d0d2fe007: start group-87B298362FBA
2019-09-20 08:17:29,644 [pool-292-thread-1] INFO  impl.RaftServerImpl (RaftServerImpl.java:setRole(171)) - a88b1f4d-04ef-4980-ab9d-ac9d0d2fe007:group-87B298362FBA changes role from null to FOLLOWER at term 0 for startAsFollower
2019-09-20 08:17:29,644 [pool-292-thread-1] INFO  impl.RoleInfo (RoleInfo.java:updateAndGet(143)) - a88b1f4d-04ef-4980-ab9d-ac9d0d2fe007: start FollowerState
2019-09-20 08:17:29,645 [pool-292-thread-1] INFO  util.JmxRegister (JmxRegister.java:tryRegister(44)) - Successfully registered JMX Bean with object name Ratis:service=RaftServer,group=group-87B298362FBA,id=a88b1f4d-04ef-4980-ab9d-ac9d0d2fe007
2019-09-20 08:17:29,647 [RatisPipelineUtilsThread] INFO  pipeline.PipelineStateManager (PipelineStateManager.java:addPipeline(56)) - Created pipeline Pipeline[ Id: 8f30383d-bf32-4a3e-9ea9-87b298362fba, Nodes: a88b1f4d-04ef-4980-ab9d-ac9d0d2fe007{ip: 192.168.34.27, host: pr-hdds-1569-6tbh6-3362816358, networkLocation: /default-rack, certSerialId: null}, Type:RATIS, Factor:ONE, State:OPEN]
2019-09-20 08:17:29,653 [grpc-default-executor-0] INFO  impl.RaftServerProxy (RaftServerProxy.java:addNew(89)) - a88b1f4d-04ef-4980-ab9d-ac9d0d2fe007: addNew group-3707E44E8C20:[a88b1f4d-04ef-4980-ab9d-ac9d0d2fe007:192.168.34.27:36809] returns group-3707E44E8C20:java.util.concurrent.CompletableFuture@5c59ddc9[Not completed]
2019-09-20 08:17:29,654 [pool-292-thread-1] INFO  impl.RaftServerImpl (RaftServerImpl.java:<init>(93)) - a88b1f4d-04ef-4980-ab9d-ac9d0d2fe007: new RaftServerImpl for group-3707E44E8C20:[a88b1f4d-04ef-4980-ab9d-ac9d0d2fe007:192.168.34.27:36809] with ContainerStateMachine:uninitialized
2019-09-20 08:17:29,654 [pool-292-thread-1] INFO  server.RaftServerConfigKeys (ConfUtils.java:logGet(43)) - raft.server.rpc.timeout.min = 5s (custom)
2019-09-20 08:17:29,654 [pool-292-thread-1] INFO  server.RaftServerConfigKeys (ConfUtils.java:logGet(43)) - raft.server.rpc.timeout.max = 5200ms (custom)
2019-09-20 08:17:29,655 [pool-292-thread-1] INFO  server.RaftServerConfigKeys (ConfUtils.java:logGet(43)) - raft.server.rpcslowness.timeout = 120s (custom)
2019-09-20 08:17:29,655 [pool-292-thread-1] INFO  server.RaftServerConfigKeys (ConfUtils.java:logGet(43)) - raft.server.sleep.deviation.threshold = 300 (default)
2019-09-20 08:17:29,655 [pool-292-thread-1] INFO  server.RaftServerConfigKeys (ConfUtils.java:logGet(43)) - raft.server.log.appender.install.snapshot.enabled = false (custom)
2019-09-20 08:17:29,655 [pool-292-thread-1] INFO  impl.RaftServerImpl (ServerState.java:<init>(105)) - a88b1f4d-04ef-4980-ab9d-ac9d0d2fe007:group-3707E44E8C20 ConfigurationManager, init=-1: [a88b1f4d-04ef-4980-ab9d-ac9d0d2fe007:192.168.34.27:36809], old=null, confs=<EMPTY_MAP>
2019-09-20 08:17:29,655 [pool-292-thread-1] INFO  server.RaftServerConfigKeys (ConfUtils.java:logGet(43)) - raft.server.storage.dir = [/workdir/hadoop-ozone/ozonefs/target/test-dir/MiniOzoneClusterImpl-fff8a6b1-9459-493d-a1d7-ad2cd82c4f30/datanode-0/data/ratis] (custom)
2019-09-20 08:17:29,656 [pool-292-thread-1] INFO  storage.RaftStorageDirectory (RaftStorageDirectory.java:analyzeStorage(246)) - The storage directory /workdir/hadoop-ozone/ozonefs/target/test-dir/MiniOzoneClusterImpl-fff8a6b1-9459-493d-a1d7-ad2cd82c4f30/datanode-0/data/ratis/1633afec-8949-4935-83fa-3707e44e8c20 does not exist. Creating ...
2019-09-20 08:17:29,659 [pool-292-thread-1] INFO  storage.RaftStorageDirectory (RaftStorageDirectory.java:tryLock(328)) - Lock on /workdir/hadoop-ozone/ozonefs/target/test-dir/MiniOzoneClusterImpl-fff8a6b1-9459-493d-a1d7-ad2cd82c4f30/datanode-0/data/ratis/1633afec-8949-4935-83fa-3707e44e8c20/in_use.lock acquired by nodename 11539@pr-hdds-1569-6tbh6-3362816358
2019-09-20 08:17:29,662 [pool-292-thread-1] INFO  storage.RaftStorage (RaftStorage.java:format(72)) - Storage directory /workdir/hadoop-ozone/ozonefs/target/test-dir/MiniOzoneClusterImpl-fff8a6b1-9459-493d-a1d7-ad2cd82c4f30/datanode-0/data/ratis/1633afec-8949-4935-83fa-3707e44e8c20 has been successfully formatted.
2019-09-20 08:17:29,662 [pool-292-thread-1] INFO  ratis.ContainerStateMachine (ContainerStateMachine.java:loadSnapshot(226)) - group-3707E44E8C20: The snapshot info is null. Setting the last applied indexto:(t:0, i:~)
2019-09-20 08:17:29,662 [pool-292-thread-1] INFO  server.RaftServerConfigKeys (ConfUtils.java:logGet(43)) - raft.server.leader.election.timeout = 120s (custom)
2019-09-20 08:17:29,663 [pool-292-thread-1] INFO  server.RaftServerConfigKeys (ConfUtils.java:logGet(43)) - raft.server.log.use.memory = false (default)
2019-09-20 08:17:29,663 [pool-292-thread-1] INFO  server.RaftServerConfigKeys (ConfUtils.java:logGet(43)) - raft.server.log.purge.gap = 1000000 (custom)
2019-09-20 08:17:29,663 [pool-292-thread-1] INFO  server.RaftServerConfigKeys (ConfUtils.java:logGet(43)) - raft.server.log.appender.buffer.byte-limit = 33554432 (custom)
2019-09-20 08:17:29,663 [pool-292-thread-1] INFO  server.RaftServerConfigKeys (ConfUtils.java:logGet(43)) - raft.server.log.segment.size.max = 1048576 (custom)
2019-09-20 08:17:29,663 [pool-292-thread-1] INFO  server.RaftServerConfigKeys (ConfUtils.java:logGet(43)) - raft.server.log.segment.cache.num.max = 2 (custom)
2019-09-20 08:17:29,663 [pool-292-thread-1] INFO  segmented.SegmentedRaftLogWorker (SegmentedRaftLogWorker.java:<init>(172)) - new a88b1f4d-04ef-4980-ab9d-ac9d0d2fe007-SegmentedRaftLogWorker:Storage Directory /workdir/hadoop-ozone/ozonefs/target/test-dir/MiniOzoneClusterImpl-fff8a6b1-9459-493d-a1d7-ad2cd82c4f30/datanode-0/data/ratis/1633afec-8949-4935-83fa-3707e44e8c20 for RaftStorage:Storage Directory /workdir/hadoop-ozone/ozonefs/target/test-dir/MiniOzoneClusterImpl-fff8a6b1-9459-493d-a1d7-ad2cd82c4f30/datanode-0/data/ratis/1633afec-8949-4935-83fa-3707e44e8c20
2019-09-20 08:17:29,663 [pool-292-thread-1] INFO  server.RaftServerConfigKeys (ConfUtils.java:logGet(43)) - raft.server.log.queue.byte-limit = 2147483647 (custom)
2019-09-20 08:17:29,664 [pool-292-thread-1] INFO  server.RaftServerConfigKeys (ConfUtils.java:logGet(43)) - raft.server.log.queue.element-limit = 1024 (custom)
2019-09-20 08:17:29,664 [pool-292-thread-1] INFO  server.RaftServerConfigKeys (ConfUtils.java:logGet(43)) - raft.server.log.segment.size.max = 1048576 (custom)
2019-09-20 08:17:29,664 [pool-292-thread-1] INFO  server.RaftServerConfigKeys (ConfUtils.java:logGet(43)) - raft.server.log.preallocated.size = 16384 (custom)
2019-09-20 08:17:29,664 [pool-292-thread-1] INFO  server.RaftServerConfigKeys (ConfUtils.java:logGet(43)) - raft.server.log.write.buffer.size = 33554432 (custom)
2019-09-20 08:17:29,664 [pool-292-thread-1] INFO  server.RaftServerConfigKeys (ConfUtils.java:logGet(43)) - raft.server.log.force.sync.num = 128 (default)
2019-09-20 08:17:29,664 [pool-292-thread-1] INFO  server.RaftServerConfigKeys (ConfUtils.java:logGet(43)) - raft.server.log.statemachine.data.sync = true (default)
2019-09-20 08:17:29,664 [pool-292-thread-1] INFO  server.RaftServerConfigKeys (ConfUtils.java:logGet(43)) - raft.server.log.statemachine.data.sync.timeout = 10s (default)
2019-09-20 08:17:29,664 [pool-292-thread-1] INFO  server.RaftServerConfigKeys (ConfUtils.java:logGet(43)) - raft.server.log.statemachine.data.sync.timeout.retry = -1 (default)
2019-09-20 08:17:29,665 [pool-292-thread-1] INFO  server.RaftServerConfigKeys (ConfUtils.java:logGet(43)) - raft.server.log.statemachine.data.caching.enabled = true (custom)
2019-09-20 08:17:29,665 [pool-292-thread-1] INFO  segmented.SegmentedRaftLogWorker (SegmentedRaftLogWorker.java:lambda$new$0(132)) - a88b1f4d-04ef-4980-ab9d-ac9d0d2fe007-SegmentedRaftLogWorker:Storage Directory /workdir/hadoop-ozone/ozonefs/target/test-dir/MiniOzoneClusterImpl-fff8a6b1-9459-493d-a1d7-ad2cd82c4f30/datanode-0/data/ratis/1633afec-8949-4935-83fa-3707e44e8c20: flushIndex: setUnconditionally 0 -> -1
2019-09-20 08:17:29,665 [pool-292-thread-1] INFO  server.RaftServerConfigKeys (ConfUtils.java:logGet(43)) - raft.server.snapshot.auto.trigger.enabled = true (custom)
2019-09-20 08:17:29,665 [pool-292-thread-1] INFO  server.RaftServerConfigKeys (ConfUtils.java:logGet(43)) - raft.server.snapshot.auto.trigger.threshold = 10000 (custom)
2019-09-20 08:17:29,666 [pool-292-thread-1] INFO  server.RaftServerConfigKeys (ConfUtils.java:logGet(43)) - raft.server.retrycache.expirytime = 600000ms (custom)
2019-09-20 08:17:29,666 [pool-292-thread-1] INFO  impl.RaftServerImpl (RaftServerImpl.java:start(180)) - a88b1f4d-04ef-4980-ab9d-ac9d0d2fe007: start group-3707E44E8C20
2019-09-20 08:17:29,666 [pool-292-thread-1] INFO  impl.RaftServerImpl (RaftServerImpl.java:setRole(171)) - a88b1f4d-04ef-4980-ab9d-ac9d0d2fe007:group-3707E44E8C20 changes role from null to FOLLOWER at term 0 for startAsFollower
2019-09-20 08:17:29,666 [pool-292-thread-1] INFO  impl.RoleInfo (RoleInfo.java:updateAndGet(143)) - a88b1f4d-04ef-4980-ab9d-ac9d0d2fe007: start FollowerState
2019-09-20 08:17:29,666 [pool-292-thread-1] INFO  util.JmxRegister (JmxRegister.java:tryRegister(44)) - Successfully registered JMX Bean with object name Ratis:service=RaftServer,group=group-3707E44E8C20,id=a88b1f4d-04ef-4980-ab9d-ac9d0d2fe007
2019-09-20 08:17:29,667 [IPC Server handler 0 on 36338] INFO  net.NetworkTopology (NetworkTopologyImpl.java:add(110)) - Added a new node: /default-rack/d160b31f-a19e-4d4b-96c3-58cad6c89056
2019-09-20 08:17:29,667 [IPC Server handler 0 on 36338] INFO  node.SCMNodeManager (SCMNodeManager.java:register(273)) - Registered Data node : d160b31f-a19e-4d4b-96c3-58cad6c89056{ip: 192.168.34.27, host: pr-hdds-1569-6tbh6-3362816358, networkLocation: /default-rack, certSerialId: null}
2019-09-20 08:17:29,668 | INFO  | SCMAudit | user=jenkins1000 | ip=192.168.34.27 | op=REGISTER {datanodeDetails=d160b31f-a19e-4d4b-96c3-58cad6c89056{ip: 192.168.34.27, host: pr-hdds-1569-6tbh6-3362816358, networkLocation: /default-rack, certSerialId: null}} | ret=SUCCESS |  
2019-09-20 08:17:29,669 [RatisPipelineUtilsThread] INFO  pipeline.PipelineStateManager (PipelineStateManager.java:addPipeline(56)) - Created pipeline Pipeline[ Id: 1633afec-8949-4935-83fa-3707e44e8c20, Nodes: a88b1f4d-04ef-4980-ab9d-ac9d0d2fe007{ip: 192.168.34.27, host: pr-hdds-1569-6tbh6-3362816358, networkLocation: /default-rack, certSerialId: null}, Type:RATIS, Factor:ONE, State:OPEN]
2019-09-20 08:17:29,670 [RatisPipelineUtilsThread] INFO  pipeline.PipelinePlacementPolicy (PipelinePlacementPolicy.java:meetCriteria(91)) - Pipeline Placement: Doesn't meet the criteria to be viable node： a88b1f4d-04ef-4980-ab9d-ac9d0d2fe007 Heaviness: 6 limit: 5
2019-09-20 08:17:29,678 [grpc-default-executor-0] INFO  impl.RaftServerProxy (RaftServerProxy.java:addNew(89)) - d160b31f-a19e-4d4b-96c3-58cad6c89056: addNew group-AC36737ACE94:[d160b31f-a19e-4d4b-96c3-58cad6c89056:192.168.34.27:41561] returns group-AC36737ACE94:java.util.concurrent.CompletableFuture@28bf64fc[Not completed]
2019-09-20 08:17:29,679 [pool-303-thread-1] INFO  impl.RaftServerImpl (RaftServerImpl.java:<init>(93)) - d160b31f-a19e-4d4b-96c3-58cad6c89056: new RaftServerImpl for group-AC36737ACE94:[d160b31f-a19e-4d4b-96c3-58cad6c89056:192.168.34.27:41561] with ContainerStateMachine:uninitialized
2019-09-20 08:17:29,679 [pool-303-thread-1] INFO  server.RaftServerConfigKeys (ConfUtils.java:logGet(43)) - raft.server.rpc.timeout.min = 5s (custom)
2019-09-20 08:17:29,679 [pool-303-thread-1] INFO  server.RaftServerConfigKeys (ConfUtils.java:logGet(43)) - raft.server.rpc.timeout.max = 5200ms (custom)
2019-09-20 08:17:29,679 [pool-303-thread-1] INFO  server.RaftServerConfigKeys (ConfUtils.java:logGet(43)) - raft.server.rpcslowness.timeout = 120s (custom)
2019-09-20 08:17:29,679 [pool-303-thread-1] INFO  server.RaftServerConfigKeys (ConfUtils.java:logGet(43)) - raft.server.sleep.deviation.threshold = 300 (default)
2019-09-20 08:17:29,679 [pool-303-thread-1] INFO  server.RaftServerConfigKeys (ConfUtils.java:logGet(43)) - raft.server.log.appender.install.snapshot.enabled = false (custom)
2019-09-20 08:17:29,679 [pool-303-thread-1] INFO  impl.RaftServerImpl (ServerState.java:<init>(105)) - d160b31f-a19e-4d4b-96c3-58cad6c89056:group-AC36737ACE94 ConfigurationManager, init=-1: [d160b31f-a19e-4d4b-96c3-58cad6c89056:192.168.34.27:41561], old=null, confs=<EMPTY_MAP>
2019-09-20 08:17:29,680 [pool-303-thread-1] INFO  server.RaftServerConfigKeys (ConfUtils.java:logGet(43)) - raft.server.storage.dir = [/workdir/hadoop-ozone/ozonefs/target/test-dir/MiniOzoneClusterImpl-fff8a6b1-9459-493d-a1d7-ad2cd82c4f30/datanode-1/data/ratis] (custom)
2019-09-20 08:17:29,680 [pool-303-thread-1] INFO  storage.RaftStorageDirectory (RaftStorageDirectory.java:analyzeStorage(246)) - The storage directory /workdir/hadoop-ozone/ozonefs/target/test-dir/MiniOzoneClusterImpl-fff8a6b1-9459-493d-a1d7-ad2cd82c4f30/datanode-1/data/ratis/b584e7a5-26f7-4b2b-9b12-ac36737ace94 does not exist. Creating ...
2019-09-20 08:17:29,683 [pool-303-thread-1] INFO  storage.RaftStorageDirectory (RaftStorageDirectory.java:tryLock(328)) - Lock on /workdir/hadoop-ozone/ozonefs/target/test-dir/MiniOzoneClusterImpl-fff8a6b1-9459-493d-a1d7-ad2cd82c4f30/datanode-1/data/ratis/b584e7a5-26f7-4b2b-9b12-ac36737ace94/in_use.lock acquired by nodename 11539@pr-hdds-1569-6tbh6-3362816358
2019-09-20 08:17:29,686 [pool-303-thread-1] INFO  storage.RaftStorage (RaftStorage.java:format(72)) - Storage directory /workdir/hadoop-ozone/ozonefs/target/test-dir/MiniOzoneClusterImpl-fff8a6b1-9459-493d-a1d7-ad2cd82c4f30/datanode-1/data/ratis/b584e7a5-26f7-4b2b-9b12-ac36737ace94 has been successfully formatted.
2019-09-20 08:17:29,687 [pool-303-thread-1] INFO  ratis.ContainerStateMachine (ContainerStateMachine.java:loadSnapshot(226)) - group-AC36737ACE94: The snapshot info is null. Setting the last applied indexto:(t:0, i:~)
2019-09-20 08:17:29,687 [pool-303-thread-1] INFO  server.RaftServerConfigKeys (ConfUtils.java:logGet(43)) - raft.server.leader.election.timeout = 120s (custom)
2019-09-20 08:17:29,687 [pool-303-thread-1] INFO  server.RaftServerConfigKeys (ConfUtils.java:logGet(43)) - raft.server.log.use.memory = false (default)
2019-09-20 08:17:29,687 [pool-303-thread-1] INFO  server.RaftServerConfigKeys (ConfUtils.java:logGet(43)) - raft.server.log.purge.gap = 1000000 (custom)
2019-09-20 08:17:29,687 [pool-303-thread-1] INFO  server.RaftServerConfigKeys (ConfUtils.java:logGet(43)) - raft.server.log.appender.buffer.byte-limit = 33554432 (custom)
2019-09-20 08:17:29,687 [pool-303-thread-1] INFO  server.RaftServerConfigKeys (ConfUtils.java:logGet(43)) - raft.server.log.segment.size.max = 1048576 (custom)
2019-09-20 08:17:29,688 [pool-303-thread-1] INFO  server.RaftServerConfigKeys (ConfUtils.java:logGet(43)) - raft.server.log.segment.cache.num.max = 2 (custom)
2019-09-20 08:17:29,688 [pool-303-thread-1] INFO  segmented.SegmentedRaftLogWorker (SegmentedRaftLogWorker.java:<init>(172)) - new d160b31f-a19e-4d4b-96c3-58cad6c89056-SegmentedRaftLogWorker:Storage Directory /workdir/hadoop-ozone/ozonefs/target/test-dir/MiniOzoneClusterImpl-fff8a6b1-9459-493d-a1d7-ad2cd82c4f30/datanode-1/data/ratis/b584e7a5-26f7-4b2b-9b12-ac36737ace94 for RaftStorage:Storage Directory /workdir/hadoop-ozone/ozonefs/target/test-dir/MiniOzoneClusterImpl-fff8a6b1-9459-493d-a1d7-ad2cd82c4f30/datanode-1/data/ratis/b584e7a5-26f7-4b2b-9b12-ac36737ace94
2019-09-20 08:17:29,688 [pool-303-thread-1] INFO  server.RaftServerConfigKeys (ConfUtils.java:logGet(43)) - raft.server.log.queue.byte-limit = 2147483647 (custom)
2019-09-20 08:17:29,688 [pool-303-thread-1] INFO  server.RaftServerConfigKeys (ConfUtils.java:logGet(43)) - raft.server.log.queue.element-limit = 1024 (custom)
2019-09-20 08:17:29,688 [pool-303-thread-1] INFO  server.RaftServerConfigKeys (ConfUtils.java:logGet(43)) - raft.server.log.segment.size.max = 1048576 (custom)
2019-09-20 08:17:29,688 [pool-303-thread-1] INFO  server.RaftServerConfigKeys (ConfUtils.java:logGet(43)) - raft.server.log.preallocated.size = 16384 (custom)
2019-09-20 08:17:29,689 [pool-303-thread-1] INFO  server.RaftServerConfigKeys (ConfUtils.java:logGet(43)) - raft.server.log.write.buffer.size = 33554432 (custom)
2019-09-20 08:17:29,689 [pool-303-thread-1] INFO  server.RaftServerConfigKeys (ConfUtils.java:logGet(43)) - raft.server.log.force.sync.num = 128 (default)
2019-09-20 08:17:29,689 [pool-303-thread-1] INFO  server.RaftServerConfigKeys (ConfUtils.java:logGet(43)) - raft.server.log.statemachine.data.sync = true (default)
2019-09-20 08:17:29,689 [pool-303-thread-1] INFO  server.RaftServerConfigKeys (ConfUtils.java:logGet(43)) - raft.server.log.statemachine.data.sync.timeout = 10s (default)
2019-09-20 08:17:29,689 [pool-303-thread-1] INFO  server.RaftServerConfigKeys (ConfUtils.java:logGet(43)) - raft.server.log.statemachine.data.sync.timeout.retry = -1 (default)
2019-09-20 08:17:29,689 [pool-303-thread-1] INFO  server.RaftServerConfigKeys (ConfUtils.java:logGet(43)) - raft.server.log.statemachine.data.caching.enabled = true (custom)
2019-09-20 08:17:29,690 [pool-303-thread-1] INFO  segmented.SegmentedRaftLogWorker (SegmentedRaftLogWorker.java:lambda$new$0(132)) - d160b31f-a19e-4d4b-96c3-58cad6c89056-SegmentedRaftLogWorker:Storage Directory /workdir/hadoop-ozone/ozonefs/target/test-dir/MiniOzoneClusterImpl-fff8a6b1-9459-493d-a1d7-ad2cd82c4f30/datanode-1/data/ratis/b584e7a5-26f7-4b2b-9b12-ac36737ace94: flushIndex: setUnconditionally 0 -> -1
2019-09-20 08:17:29,690 [pool-303-thread-1] INFO  server.RaftServerConfigKeys (ConfUtils.java:logGet(43)) - raft.server.snapshot.auto.trigger.enabled = true (custom)
2019-09-20 08:17:29,690 [pool-303-thread-1] INFO  server.RaftServerConfigKeys (ConfUtils.java:logGet(43)) - raft.server.snapshot.auto.trigger.threshold = 10000 (custom)
2019-09-20 08:17:29,690 [pool-303-thread-1] INFO  server.RaftServerConfigKeys (ConfUtils.java:logGet(43)) - raft.server.retrycache.expirytime = 600000ms (custom)
2019-09-20 08:17:29,691 [pool-303-thread-1] INFO  impl.RaftServerImpl (RaftServerImpl.java:start(180)) - d160b31f-a19e-4d4b-96c3-58cad6c89056: start group-AC36737ACE94
2019-09-20 08:17:29,691 [pool-303-thread-1] INFO  impl.RaftServerImpl (RaftServerImpl.java:setRole(171)) - d160b31f-a19e-4d4b-96c3-58cad6c89056:group-AC36737ACE94 changes role from null to FOLLOWER at term 0 for startAsFollower
2019-09-20 08:17:29,691 [pool-303-thread-1] INFO  impl.RoleInfo (RoleInfo.java:updateAndGet(143)) - d160b31f-a19e-4d4b-96c3-58cad6c89056: start FollowerState
2019-09-20 08:17:29,691 [pool-303-thread-1] INFO  util.JmxRegister (JmxRegister.java:tryRegister(44)) - Successfully registered JMX Bean with object name Ratis:service=RaftServer,group=group-AC36737ACE94,id=d160b31f-a19e-4d4b-96c3-58cad6c89056
2019-09-20 08:17:29,694 [RatisPipelineUtilsThread] INFO  pipeline.PipelineStateManager (PipelineStateManager.java:addPipeline(56)) - Created pipeline Pipeline[ Id: b584e7a5-26f7-4b2b-9b12-ac36737ace94, Nodes: d160b31f-a19e-4d4b-96c3-58cad6c89056{ip: 192.168.34.27, host: pr-hdds-1569-6tbh6-3362816358, networkLocation: /default-rack, certSerialId: null}, Type:RATIS, Factor:ONE, State:OPEN]
2019-09-20 08:17:29,694 [RatisPipelineUtilsThread] INFO  pipeline.PipelinePlacementPolicy (PipelinePlacementPolicy.java:meetCriteria(91)) - Pipeline Placement: Doesn't meet the criteria to be viable node： a88b1f4d-04ef-4980-ab9d-ac9d0d2fe007 Heaviness: 6 limit: 5
2019-09-20 08:17:29,699 [grpc-default-executor-0] INFO  impl.RaftServerProxy (RaftServerProxy.java:addNew(89)) - d160b31f-a19e-4d4b-96c3-58cad6c89056: addNew group-588B9BB37879:[d160b31f-a19e-4d4b-96c3-58cad6c89056:192.168.34.27:41561] returns group-588B9BB37879:java.util.concurrent.CompletableFuture@1a7d50e1[Not completed]
2019-09-20 08:17:29,700 [pool-303-thread-1] INFO  impl.RaftServerImpl (RaftServerImpl.java:<init>(93)) - d160b31f-a19e-4d4b-96c3-58cad6c89056: new RaftServerImpl for group-588B9BB37879:[d160b31f-a19e-4d4b-96c3-58cad6c89056:192.168.34.27:41561] with ContainerStateMachine:uninitialized
2019-09-20 08:17:29,701 [pool-303-thread-1] INFO  server.RaftServerConfigKeys (ConfUtils.java:logGet(43)) - raft.server.rpc.timeout.min = 5s (custom)
2019-09-20 08:17:29,701 [pool-303-thread-1] INFO  server.RaftServerConfigKeys (ConfUtils.java:logGet(43)) - raft.server.rpc.timeout.max = 5200ms (custom)
2019-09-20 08:17:29,701 [pool-303-thread-1] INFO  server.RaftServerConfigKeys (ConfUtils.java:logGet(43)) - raft.server.rpcslowness.timeout = 120s (custom)
2019-09-20 08:17:29,701 [pool-303-thread-1] INFO  server.RaftServerConfigKeys (ConfUtils.java:logGet(43)) - raft.server.sleep.deviation.threshold = 300 (default)
2019-09-20 08:17:29,702 [pool-303-thread-1] INFO  server.RaftServerConfigKeys (ConfUtils.java:logGet(43)) - raft.server.log.appender.install.snapshot.enabled = false (custom)
2019-09-20 08:17:29,702 [pool-303-thread-1] INFO  impl.RaftServerImpl (ServerState.java:<init>(105)) - d160b31f-a19e-4d4b-96c3-58cad6c89056:group-588B9BB37879 ConfigurationManager, init=-1: [d160b31f-a19e-4d4b-96c3-58cad6c89056:192.168.34.27:41561], old=null, confs=<EMPTY_MAP>
2019-09-20 08:17:29,702 [pool-303-thread-1] INFO  server.RaftServerConfigKeys (ConfUtils.java:logGet(43)) - raft.server.storage.dir = [/workdir/hadoop-ozone/ozonefs/target/test-dir/MiniOzoneClusterImpl-fff8a6b1-9459-493d-a1d7-ad2cd82c4f30/datanode-1/data/ratis] (custom)
2019-09-20 08:17:29,703 [pool-303-thread-1] INFO  storage.RaftStorageDirectory (RaftStorageDirectory.java:analyzeStorage(246)) - The storage directory /workdir/hadoop-ozone/ozonefs/target/test-dir/MiniOzoneClusterImpl-fff8a6b1-9459-493d-a1d7-ad2cd82c4f30/datanode-1/data/ratis/2e6d0a79-899f-4224-9550-588b9bb37879 does not exist. Creating ...
2019-09-20 08:17:29,708 [pool-303-thread-1] INFO  storage.RaftStorageDirectory (RaftStorageDirectory.java:tryLock(328)) - Lock on /workdir/hadoop-ozone/ozonefs/target/test-dir/MiniOzoneClusterImpl-fff8a6b1-9459-493d-a1d7-ad2cd82c4f30/datanode-1/data/ratis/2e6d0a79-899f-4224-9550-588b9bb37879/in_use.lock acquired by nodename 11539@pr-hdds-1569-6tbh6-3362816358
2019-09-20 08:17:29,736 [pool-303-thread-1] INFO  storage.RaftStorage (RaftStorage.java:format(72)) - Storage directory /workdir/hadoop-ozone/ozonefs/target/test-dir/MiniOzoneClusterImpl-fff8a6b1-9459-493d-a1d7-ad2cd82c4f30/datanode-1/data/ratis/2e6d0a79-899f-4224-9550-588b9bb37879 has been successfully formatted.
2019-09-20 08:17:29,736 [pool-303-thread-1] INFO  ratis.ContainerStateMachine (ContainerStateMachine.java:loadSnapshot(226)) - group-588B9BB37879: The snapshot info is null. Setting the last applied indexto:(t:0, i:~)
2019-09-20 08:17:29,736 [pool-303-thread-1] INFO  server.RaftServerConfigKeys (ConfUtils.java:logGet(43)) - raft.server.leader.election.timeout = 120s (custom)
2019-09-20 08:17:29,737 [pool-303-thread-1] INFO  server.RaftServerConfigKeys (ConfUtils.java:logGet(43)) - raft.server.log.use.memory = false (default)
2019-09-20 08:17:29,737 [pool-303-thread-1] INFO  server.RaftServerConfigKeys (ConfUtils.java:logGet(43)) - raft.server.log.purge.gap = 1000000 (custom)
2019-09-20 08:17:29,737 [pool-303-thread-1] INFO  server.RaftServerConfigKeys (ConfUtils.java:logGet(43)) - raft.server.log.appender.buffer.byte-limit = 33554432 (custom)
2019-09-20 08:17:29,737 [pool-303-thread-1] INFO  server.RaftServerConfigKeys (ConfUtils.java:logGet(43)) - raft.server.log.segment.size.max = 1048576 (custom)
2019-09-20 08:17:29,737 [pool-303-thread-1] INFO  server.RaftServerConfigKeys (ConfUtils.java:logGet(43)) - raft.server.log.segment.cache.num.max = 2 (custom)
2019-09-20 08:17:29,737 [pool-303-thread-1] INFO  segmented.SegmentedRaftLogWorker (SegmentedRaftLogWorker.java:<init>(172)) - new d160b31f-a19e-4d4b-96c3-58cad6c89056-SegmentedRaftLogWorker:Storage Directory /workdir/hadoop-ozone/ozonefs/target/test-dir/MiniOzoneClusterImpl-fff8a6b1-9459-493d-a1d7-ad2cd82c4f30/datanode-1/data/ratis/2e6d0a79-899f-4224-9550-588b9bb37879 for RaftStorage:Storage Directory /workdir/hadoop-ozone/ozonefs/target/test-dir/MiniOzoneClusterImpl-fff8a6b1-9459-493d-a1d7-ad2cd82c4f30/datanode-1/data/ratis/2e6d0a79-899f-4224-9550-588b9bb37879
2019-09-20 08:17:29,737 [pool-303-thread-1] INFO  server.RaftServerConfigKeys (ConfUtils.java:logGet(43)) - raft.server.log.queue.byte-limit = 2147483647 (custom)
2019-09-20 08:17:29,738 [pool-303-thread-1] INFO  server.RaftServerConfigKeys (ConfUtils.java:logGet(43)) - raft.server.log.queue.element-limit = 1024 (custom)
2019-09-20 08:17:29,738 [pool-303-thread-1] INFO  server.RaftServerConfigKeys (ConfUtils.java:logGet(43)) - raft.server.log.segment.size.max = 1048576 (custom)
2019-09-20 08:17:29,738 [pool-303-thread-1] INFO  server.RaftServerConfigKeys (ConfUtils.java:logGet(43)) - raft.server.log.preallocated.size = 16384 (custom)
2019-09-20 08:17:29,738 [pool-303-thread-1] INFO  server.RaftServerConfigKeys (ConfUtils.java:logGet(43)) - raft.server.log.write.buffer.size = 33554432 (custom)
2019-09-20 08:17:29,738 [pool-303-thread-1] INFO  server.RaftServerConfigKeys (ConfUtils.java:logGet(43)) - raft.server.log.force.sync.num = 128 (default)
2019-09-20 08:17:29,738 [pool-303-thread-1] INFO  server.RaftServerConfigKeys (ConfUtils.java:logGet(43)) - raft.server.log.statemachine.data.sync = true (default)
2019-09-20 08:17:29,738 [pool-303-thread-1] INFO  server.RaftServerConfigKeys (ConfUtils.java:logGet(43)) - raft.server.log.statemachine.data.sync.timeout = 10s (default)
2019-09-20 08:17:29,739 [pool-303-thread-1] INFO  server.RaftServerConfigKeys (ConfUtils.java:logGet(43)) - raft.server.log.statemachine.data.sync.timeout.retry = -1 (default)
2019-09-20 08:17:29,739 [pool-303-thread-1] INFO  server.RaftServerConfigKeys (ConfUtils.java:logGet(43)) - raft.server.log.statemachine.data.caching.enabled = true (custom)
2019-09-20 08:17:29,739 [pool-303-thread-1] INFO  segmented.SegmentedRaftLogWorker (SegmentedRaftLogWorker.java:lambda$new$0(132)) - d160b31f-a19e-4d4b-96c3-58cad6c89056-SegmentedRaftLogWorker:Storage Directory /workdir/hadoop-ozone/ozonefs/target/test-dir/MiniOzoneClusterImpl-fff8a6b1-9459-493d-a1d7-ad2cd82c4f30/datanode-1/data/ratis/2e6d0a79-899f-4224-9550-588b9bb37879: flushIndex: setUnconditionally 0 -> -1
2019-09-20 08:17:29,739 [pool-303-thread-1] INFO  server.RaftServerConfigKeys (ConfUtils.java:logGet(43)) - raft.server.snapshot.auto.trigger.enabled = true (custom)
2019-09-20 08:17:29,739 [pool-303-thread-1] INFO  server.RaftServerConfigKeys (ConfUtils.java:logGet(43)) - raft.server.snapshot.auto.trigger.threshold = 10000 (custom)
2019-09-20 08:17:29,740 [pool-303-thread-1] INFO  server.RaftServerConfigKeys (ConfUtils.java:logGet(43)) - raft.server.retrycache.expirytime = 600000ms (custom)
2019-09-20 08:17:29,740 [pool-303-thread-1] INFO  impl.RaftServerImpl (RaftServerImpl.java:start(180)) - d160b31f-a19e-4d4b-96c3-58cad6c89056: start group-588B9BB37879
2019-09-20 08:17:29,740 [pool-303-thread-1] INFO  impl.RaftServerImpl (RaftServerImpl.java:setRole(171)) - d160b31f-a19e-4d4b-96c3-58cad6c89056:group-588B9BB37879 changes role from null to FOLLOWER at term 0 for startAsFollower
2019-09-20 08:17:29,740 [pool-303-thread-1] INFO  impl.RoleInfo (RoleInfo.java:updateAndGet(143)) - d160b31f-a19e-4d4b-96c3-58cad6c89056: start FollowerState
2019-09-20 08:17:29,740 [pool-303-thread-1] INFO  util.JmxRegister (JmxRegister.java:tryRegister(44)) - Successfully registered JMX Bean with object name Ratis:service=RaftServer,group=group-588B9BB37879,id=d160b31f-a19e-4d4b-96c3-58cad6c89056
2019-09-20 08:17:29,743 [RatisPipelineUtilsThread] INFO  pipeline.PipelineStateManager (PipelineStateManager.java:addPipeline(56)) - Created pipeline Pipeline[ Id: 2e6d0a79-899f-4224-9550-588b9bb37879, Nodes: d160b31f-a19e-4d4b-96c3-58cad6c89056{ip: 192.168.34.27, host: pr-hdds-1569-6tbh6-3362816358, networkLocation: /default-rack, certSerialId: null}, Type:RATIS, Factor:ONE, State:OPEN]
2019-09-20 08:17:29,744 [RatisPipelineUtilsThread] INFO  pipeline.PipelinePlacementPolicy (PipelinePlacementPolicy.java:meetCriteria(91)) - Pipeline Placement: Doesn't meet the criteria to be viable node： a88b1f4d-04ef-4980-ab9d-ac9d0d2fe007 Heaviness: 6 limit: 5
2019-09-20 08:17:29,749 [grpc-default-executor-0] INFO  impl.RaftServerProxy (RaftServerProxy.java:addNew(89)) - d160b31f-a19e-4d4b-96c3-58cad6c89056: addNew group-A4918C0E00E3:[d160b31f-a19e-4d4b-96c3-58cad6c89056:192.168.34.27:41561] returns group-A4918C0E00E3:java.util.concurrent.CompletableFuture@435ba20d[Not completed]
2019-09-20 08:17:29,750 [pool-303-thread-1] INFO  impl.RaftServerImpl (RaftServerImpl.java:<init>(93)) - d160b31f-a19e-4d4b-96c3-58cad6c89056: new RaftServerImpl for group-A4918C0E00E3:[d160b31f-a19e-4d4b-96c3-58cad6c89056:192.168.34.27:41561] with ContainerStateMachine:uninitialized
2019-09-20 08:17:29,750 [pool-303-thread-1] INFO  server.RaftServerConfigKeys (ConfUtils.java:logGet(43)) - raft.server.rpc.timeout.min = 5s (custom)
2019-09-20 08:17:29,750 [pool-303-thread-1] INFO  server.RaftServerConfigKeys (ConfUtils.java:logGet(43)) - raft.server.rpc.timeout.max = 5200ms (custom)
2019-09-20 08:17:29,750 [pool-303-thread-1] INFO  server.RaftServerConfigKeys (ConfUtils.java:logGet(43)) - raft.server.rpcslowness.timeout = 120s (custom)
2019-09-20 08:17:29,750 [pool-303-thread-1] INFO  server.RaftServerConfigKeys (ConfUtils.java:logGet(43)) - raft.server.sleep.deviation.threshold = 300 (default)
2019-09-20 08:17:29,751 [pool-303-thread-1] INFO  server.RaftServerConfigKeys (ConfUtils.java:logGet(43)) - raft.server.log.appender.install.snapshot.enabled = false (custom)
2019-09-20 08:17:29,751 [pool-303-thread-1] INFO  impl.RaftServerImpl (ServerState.java:<init>(105)) - d160b31f-a19e-4d4b-96c3-58cad6c89056:group-A4918C0E00E3 ConfigurationManager, init=-1: [d160b31f-a19e-4d4b-96c3-58cad6c89056:192.168.34.27:41561], old=null, confs=<EMPTY_MAP>
2019-09-20 08:17:29,751 [pool-303-thread-1] INFO  server.RaftServerConfigKeys (ConfUtils.java:logGet(43)) - raft.server.storage.dir = [/workdir/hadoop-ozone/ozonefs/target/test-dir/MiniOzoneClusterImpl-fff8a6b1-9459-493d-a1d7-ad2cd82c4f30/datanode-1/data/ratis] (custom)
2019-09-20 08:17:29,751 [pool-303-thread-1] INFO  storage.RaftStorageDirectory (RaftStorageDirectory.java:analyzeStorage(246)) - The storage directory /workdir/hadoop-ozone/ozonefs/target/test-dir/MiniOzoneClusterImpl-fff8a6b1-9459-493d-a1d7-ad2cd82c4f30/datanode-1/data/ratis/6ab25b0a-ce73-4327-86b4-a4918c0e00e3 does not exist. Creating ...
2019-09-20 08:17:29,764 [pool-303-thread-1] INFO  storage.RaftStorageDirectory (RaftStorageDirectory.java:tryLock(328)) - Lock on /workdir/hadoop-ozone/ozonefs/target/test-dir/MiniOzoneClusterImpl-fff8a6b1-9459-493d-a1d7-ad2cd82c4f30/datanode-1/data/ratis/6ab25b0a-ce73-4327-86b4-a4918c0e00e3/in_use.lock acquired by nodename 11539@pr-hdds-1569-6tbh6-3362816358
2019-09-20 08:17:29,776 [pool-303-thread-1] INFO  storage.RaftStorage (RaftStorage.java:format(72)) - Storage directory /workdir/hadoop-ozone/ozonefs/target/test-dir/MiniOzoneClusterImpl-fff8a6b1-9459-493d-a1d7-ad2cd82c4f30/datanode-1/data/ratis/6ab25b0a-ce73-4327-86b4-a4918c0e00e3 has been successfully formatted.
2019-09-20 08:17:29,777 [pool-303-thread-1] INFO  ratis.ContainerStateMachine (ContainerStateMachine.java:loadSnapshot(226)) - group-A4918C0E00E3: The snapshot info is null. Setting the last applied indexto:(t:0, i:~)
2019-09-20 08:17:29,777 [pool-303-thread-1] INFO  server.RaftServerConfigKeys (ConfUtils.java:logGet(43)) - raft.server.leader.election.timeout = 120s (custom)
2019-09-20 08:17:29,777 [pool-303-thread-1] INFO  server.RaftServerConfigKeys (ConfUtils.java:logGet(43)) - raft.server.log.use.memory = false (default)
2019-09-20 08:17:29,777 [pool-303-thread-1] INFO  server.RaftServerConfigKeys (ConfUtils.java:logGet(43)) - raft.server.log.purge.gap = 1000000 (custom)
2019-09-20 08:17:29,777 [pool-303-thread-1] INFO  server.RaftServerConfigKeys (ConfUtils.java:logGet(43)) - raft.server.log.appender.buffer.byte-limit = 33554432 (custom)
2019-09-20 08:17:29,777 [pool-303-thread-1] INFO  server.RaftServerConfigKeys (ConfUtils.java:logGet(43)) - raft.server.log.segment.size.max = 1048576 (custom)
2019-09-20 08:17:29,777 [pool-303-thread-1] INFO  server.RaftServerConfigKeys (ConfUtils.java:logGet(43)) - raft.server.log.segment.cache.num.max = 2 (custom)
2019-09-20 08:17:29,777 [pool-303-thread-1] INFO  segmented.SegmentedRaftLogWorker (SegmentedRaftLogWorker.java:<init>(172)) - new d160b31f-a19e-4d4b-96c3-58cad6c89056-SegmentedRaftLogWorker:Storage Directory /workdir/hadoop-ozone/ozonefs/target/test-dir/MiniOzoneClusterImpl-fff8a6b1-9459-493d-a1d7-ad2cd82c4f30/datanode-1/data/ratis/6ab25b0a-ce73-4327-86b4-a4918c0e00e3 for RaftStorage:Storage Directory /workdir/hadoop-ozone/ozonefs/target/test-dir/MiniOzoneClusterImpl-fff8a6b1-9459-493d-a1d7-ad2cd82c4f30/datanode-1/data/ratis/6ab25b0a-ce73-4327-86b4-a4918c0e00e3
2019-09-20 08:17:29,778 [pool-303-thread-1] INFO  server.RaftServerConfigKeys (ConfUtils.java:logGet(43)) - raft.server.log.queue.byte-limit = 2147483647 (custom)
2019-09-20 08:17:29,778 [pool-303-thread-1] INFO  server.RaftServerConfigKeys (ConfUtils.java:logGet(43)) - raft.server.log.queue.element-limit = 1024 (custom)
2019-09-20 08:17:29,778 [pool-303-thread-1] INFO  server.RaftServerConfigKeys (ConfUtils.java:logGet(43)) - raft.server.log.segment.size.max = 1048576 (custom)
2019-09-20 08:17:29,778 [pool-303-thread-1] INFO  server.RaftServerConfigKeys (ConfUtils.java:logGet(43)) - raft.server.log.preallocated.size = 16384 (custom)
2019-09-20 08:17:29,778 [pool-303-thread-1] INFO  server.RaftServerConfigKeys (ConfUtils.java:logGet(43)) - raft.server.log.write.buffer.size = 33554432 (custom)
2019-09-20 08:17:29,778 [pool-303-thread-1] INFO  server.RaftServerConfigKeys (ConfUtils.java:logGet(43)) - raft.server.log.force.sync.num = 128 (default)
2019-09-20 08:17:29,778 [pool-303-thread-1] INFO  server.RaftServerConfigKeys (ConfUtils.java:logGet(43)) - raft.server.log.statemachine.data.sync = true (default)
2019-09-20 08:17:29,778 [pool-303-thread-1] INFO  server.RaftServerConfigKeys (ConfUtils.java:logGet(43)) - raft.server.log.statemachine.data.sync.timeout = 10s (default)
2019-09-20 08:17:29,778 [pool-303-thread-1] INFO  server.RaftServerConfigKeys (ConfUtils.java:logGet(43)) - raft.server.log.statemachine.data.sync.timeout.retry = -1 (default)
2019-09-20 08:17:29,779 [pool-303-thread-1] INFO  server.RaftServerConfigKeys (ConfUtils.java:logGet(43)) - raft.server.log.statemachine.data.caching.enabled = true (custom)
2019-09-20 08:17:29,779 [pool-303-thread-1] INFO  segmented.SegmentedRaftLogWorker (SegmentedRaftLogWorker.java:lambda$new$0(132)) - d160b31f-a19e-4d4b-96c3-58cad6c89056-SegmentedRaftLogWorker:Storage Directory /workdir/hadoop-ozone/ozonefs/target/test-dir/MiniOzoneClusterImpl-fff8a6b1-9459-493d-a1d7-ad2cd82c4f30/datanode-1/data/ratis/6ab25b0a-ce73-4327-86b4-a4918c0e00e3: flushIndex: setUnconditionally 0 -> -1
2019-09-20 08:17:29,779 [pool-303-thread-1] INFO  server.RaftServerConfigKeys (ConfUtils.java:logGet(43)) - raft.server.snapshot.auto.trigger.enabled = true (custom)
2019-09-20 08:17:29,779 [pool-303-thread-1] INFO  server.RaftServerConfigKeys (ConfUtils.java:logGet(43)) - raft.server.snapshot.auto.trigger.threshold = 10000 (custom)
2019-09-20 08:17:29,779 [pool-303-thread-1] INFO  server.RaftServerConfigKeys (ConfUtils.java:logGet(43)) - raft.server.retrycache.expirytime = 600000ms (custom)
2019-09-20 08:17:29,780 [pool-303-thread-1] INFO  impl.RaftServerImpl (RaftServerImpl.java:start(180)) - d160b31f-a19e-4d4b-96c3-58cad6c89056: start group-A4918C0E00E3
2019-09-20 08:17:29,780 [pool-303-thread-1] INFO  impl.RaftServerImpl (RaftServerImpl.java:setRole(171)) - d160b31f-a19e-4d4b-96c3-58cad6c89056:group-A4918C0E00E3 changes role from null to FOLLOWER at term 0 for startAsFollower
2019-09-20 08:17:29,780 [pool-303-thread-1] INFO  impl.RoleInfo (RoleInfo.java:updateAndGet(143)) - d160b31f-a19e-4d4b-96c3-58cad6c89056: start FollowerState
2019-09-20 08:17:29,780 [pool-303-thread-1] INFO  util.JmxRegister (JmxRegister.java:tryRegister(44)) - Successfully registered JMX Bean with object name Ratis:service=RaftServer,group=group-A4918C0E00E3,id=d160b31f-a19e-4d4b-96c3-58cad6c89056
2019-09-20 08:17:29,783 [RatisPipelineUtilsThread] INFO  pipeline.PipelineStateManager (PipelineStateManager.java:addPipeline(56)) - Created pipeline Pipeline[ Id: 6ab25b0a-ce73-4327-86b4-a4918c0e00e3, Nodes: d160b31f-a19e-4d4b-96c3-58cad6c89056{ip: 192.168.34.27, host: pr-hdds-1569-6tbh6-3362816358, networkLocation: /default-rack, certSerialId: null}, Type:RATIS, Factor:ONE, State:OPEN]
2019-09-20 08:17:29,783 [RatisPipelineUtilsThread] INFO  pipeline.PipelinePlacementPolicy (PipelinePlacementPolicy.java:meetCriteria(91)) - Pipeline Placement: Doesn't meet the criteria to be viable node： a88b1f4d-04ef-4980-ab9d-ac9d0d2fe007 Heaviness: 6 limit: 5
2019-09-20 08:17:29,789 [grpc-default-executor-0] INFO  impl.RaftServerProxy (RaftServerProxy.java:addNew(89)) - d160b31f-a19e-4d4b-96c3-58cad6c89056: addNew group-9E33106A0221:[d160b31f-a19e-4d4b-96c3-58cad6c89056:192.168.34.27:41561] returns group-9E33106A0221:java.util.concurrent.CompletableFuture@5bbe61f5[Not completed]
2019-09-20 08:17:29,789 [pool-303-thread-1] INFO  impl.RaftServerImpl (RaftServerImpl.java:<init>(93)) - d160b31f-a19e-4d4b-96c3-58cad6c89056: new RaftServerImpl for group-9E33106A0221:[d160b31f-a19e-4d4b-96c3-58cad6c89056:192.168.34.27:41561] with ContainerStateMachine:uninitialized
2019-09-20 08:17:29,790 [pool-303-thread-1] INFO  server.RaftServerConfigKeys (ConfUtils.java:logGet(43)) - raft.server.rpc.timeout.min = 5s (custom)
2019-09-20 08:17:29,790 [pool-303-thread-1] INFO  server.RaftServerConfigKeys (ConfUtils.java:logGet(43)) - raft.server.rpc.timeout.max = 5200ms (custom)
2019-09-20 08:17:29,790 [pool-303-thread-1] INFO  server.RaftServerConfigKeys (ConfUtils.java:logGet(43)) - raft.server.rpcslowness.timeout = 120s (custom)
2019-09-20 08:17:29,790 [pool-303-thread-1] INFO  server.RaftServerConfigKeys (ConfUtils.java:logGet(43)) - raft.server.sleep.deviation.threshold = 300 (default)
2019-09-20 08:17:29,790 [pool-303-thread-1] INFO  server.RaftServerConfigKeys (ConfUtils.java:logGet(43)) - raft.server.log.appender.install.snapshot.enabled = false (custom)
2019-09-20 08:17:29,790 [pool-303-thread-1] INFO  impl.RaftServerImpl (ServerState.java:<init>(105)) - d160b31f-a19e-4d4b-96c3-58cad6c89056:group-9E33106A0221 ConfigurationManager, init=-1: [d160b31f-a19e-4d4b-96c3-58cad6c89056:192.168.34.27:41561], old=null, confs=<EMPTY_MAP>
2019-09-20 08:17:29,790 [pool-303-thread-1] INFO  server.RaftServerConfigKeys (ConfUtils.java:logGet(43)) - raft.server.storage.dir = [/workdir/hadoop-ozone/ozonefs/target/test-dir/MiniOzoneClusterImpl-fff8a6b1-9459-493d-a1d7-ad2cd82c4f30/datanode-1/data/ratis] (custom)
2019-09-20 08:17:29,791 [pool-303-thread-1] INFO  storage.RaftStorageDirectory (RaftStorageDirectory.java:analyzeStorage(246)) - The storage directory /workdir/hadoop-ozone/ozonefs/target/test-dir/MiniOzoneClusterImpl-fff8a6b1-9459-493d-a1d7-ad2cd82c4f30/datanode-1/data/ratis/bad399f9-c7cc-40db-98a7-9e33106a0221 does not exist. Creating ...
2019-09-20 08:17:29,803 [pool-303-thread-1] INFO  storage.RaftStorageDirectory (RaftStorageDirectory.java:tryLock(328)) - Lock on /workdir/hadoop-ozone/ozonefs/target/test-dir/MiniOzoneClusterImpl-fff8a6b1-9459-493d-a1d7-ad2cd82c4f30/datanode-1/data/ratis/bad399f9-c7cc-40db-98a7-9e33106a0221/in_use.lock acquired by nodename 11539@pr-hdds-1569-6tbh6-3362816358
2019-09-20 08:17:29,816 [pool-303-thread-1] INFO  storage.RaftStorage (RaftStorage.java:format(72)) - Storage directory /workdir/hadoop-ozone/ozonefs/target/test-dir/MiniOzoneClusterImpl-fff8a6b1-9459-493d-a1d7-ad2cd82c4f30/datanode-1/data/ratis/bad399f9-c7cc-40db-98a7-9e33106a0221 has been successfully formatted.
2019-09-20 08:17:29,816 [pool-303-thread-1] INFO  ratis.ContainerStateMachine (ContainerStateMachine.java:loadSnapshot(226)) - group-9E33106A0221: The snapshot info is null. Setting the last applied indexto:(t:0, i:~)
2019-09-20 08:17:29,816 [pool-303-thread-1] INFO  server.RaftServerConfigKeys (ConfUtils.java:logGet(43)) - raft.server.leader.election.timeout = 120s (custom)
2019-09-20 08:17:29,816 [pool-303-thread-1] INFO  server.RaftServerConfigKeys (ConfUtils.java:logGet(43)) - raft.server.log.use.memory = false (default)
2019-09-20 08:17:29,816 [pool-303-thread-1] INFO  server.RaftServerConfigKeys (ConfUtils.java:logGet(43)) - raft.server.log.purge.gap = 1000000 (custom)
2019-09-20 08:17:29,817 [pool-303-thread-1] INFO  server.RaftServerConfigKeys (ConfUtils.java:logGet(43)) - raft.server.log.appender.buffer.byte-limit = 33554432 (custom)
2019-09-20 08:17:29,817 [pool-303-thread-1] INFO  server.RaftServerConfigKeys (ConfUtils.java:logGet(43)) - raft.server.log.segment.size.max = 1048576 (custom)
2019-09-20 08:17:29,817 [pool-303-thread-1] INFO  server.RaftServerConfigKeys (ConfUtils.java:logGet(43)) - raft.server.log.segment.cache.num.max = 2 (custom)
2019-09-20 08:17:29,817 [pool-303-thread-1] INFO  segmented.SegmentedRaftLogWorker (SegmentedRaftLogWorker.java:<init>(172)) - new d160b31f-a19e-4d4b-96c3-58cad6c89056-SegmentedRaftLogWorker:Storage Directory /workdir/hadoop-ozone/ozonefs/target/test-dir/MiniOzoneClusterImpl-fff8a6b1-9459-493d-a1d7-ad2cd82c4f30/datanode-1/data/ratis/bad399f9-c7cc-40db-98a7-9e33106a0221 for RaftStorage:Storage Directory /workdir/hadoop-ozone/ozonefs/target/test-dir/MiniOzoneClusterImpl-fff8a6b1-9459-493d-a1d7-ad2cd82c4f30/datanode-1/data/ratis/bad399f9-c7cc-40db-98a7-9e33106a0221
2019-09-20 08:17:29,817 [pool-303-thread-1] INFO  server.RaftServerConfigKeys (ConfUtils.java:logGet(43)) - raft.server.log.queue.byte-limit = 2147483647 (custom)
2019-09-20 08:17:29,817 [pool-303-thread-1] INFO  server.RaftServerConfigKeys (ConfUtils.java:logGet(43)) - raft.server.log.queue.element-limit = 1024 (custom)
2019-09-20 08:17:29,817 [pool-303-thread-1] INFO  server.RaftServerConfigKeys (ConfUtils.java:logGet(43)) - raft.server.log.segment.size.max = 1048576 (custom)
2019-09-20 08:17:29,817 [pool-303-thread-1] INFO  server.RaftServerConfigKeys (ConfUtils.java:logGet(43)) - raft.server.log.preallocated.size = 16384 (custom)
2019-09-20 08:17:29,817 [pool-303-thread-1] INFO  server.RaftServerConfigKeys (ConfUtils.java:logGet(43)) - raft.server.log.write.buffer.size = 33554432 (custom)
2019-09-20 08:17:29,818 [pool-303-thread-1] INFO  server.RaftServerConfigKeys (ConfUtils.java:logGet(43)) - raft.server.log.force.sync.num = 128 (default)
2019-09-20 08:17:29,818 [pool-303-thread-1] INFO  server.RaftServerConfigKeys (ConfUtils.java:logGet(43)) - raft.server.log.statemachine.data.sync = true (default)
2019-09-20 08:17:29,818 [pool-303-thread-1] INFO  server.RaftServerConfigKeys (ConfUtils.java:logGet(43)) - raft.server.log.statemachine.data.sync.timeout = 10s (default)
2019-09-20 08:17:29,818 [pool-303-thread-1] INFO  server.RaftServerConfigKeys (ConfUtils.java:logGet(43)) - raft.server.log.statemachine.data.sync.timeout.retry = -1 (default)
2019-09-20 08:17:29,818 [pool-303-thread-1] INFO  server.RaftServerConfigKeys (ConfUtils.java:logGet(43)) - raft.server.log.statemachine.data.caching.enabled = true (custom)
2019-09-20 08:17:29,818 [pool-303-thread-1] INFO  segmented.SegmentedRaftLogWorker (SegmentedRaftLogWorker.java:lambda$new$0(132)) - d160b31f-a19e-4d4b-96c3-58cad6c89056-SegmentedRaftLogWorker:Storage Directory /workdir/hadoop-ozone/ozonefs/target/test-dir/MiniOzoneClusterImpl-fff8a6b1-9459-493d-a1d7-ad2cd82c4f30/datanode-1/data/ratis/bad399f9-c7cc-40db-98a7-9e33106a0221: flushIndex: setUnconditionally 0 -> -1
2019-09-20 08:17:29,819 [pool-303-thread-1] INFO  server.RaftServerConfigKeys (ConfUtils.java:logGet(43)) - raft.server.snapshot.auto.trigger.enabled = true (custom)
2019-09-20 08:17:29,819 [pool-303-thread-1] INFO  server.RaftServerConfigKeys (ConfUtils.java:logGet(43)) - raft.server.snapshot.auto.trigger.threshold = 10000 (custom)
2019-09-20 08:17:29,819 [pool-303-thread-1] INFO  server.RaftServerConfigKeys (ConfUtils.java:logGet(43)) - raft.server.retrycache.expirytime = 600000ms (custom)
2019-09-20 08:17:29,819 [pool-303-thread-1] INFO  impl.RaftServerImpl (RaftServerImpl.java:start(180)) - d160b31f-a19e-4d4b-96c3-58cad6c89056: start group-9E33106A0221
2019-09-20 08:17:29,819 [pool-303-thread-1] INFO  impl.RaftServerImpl (RaftServerImpl.java:setRole(171)) - d160b31f-a19e-4d4b-96c3-58cad6c89056:group-9E33106A0221 changes role from null to FOLLOWER at term 0 for startAsFollower
2019-09-20 08:17:29,819 [pool-303-thread-1] INFO  impl.RoleInfo (RoleInfo.java:updateAndGet(143)) - d160b31f-a19e-4d4b-96c3-58cad6c89056: start FollowerState
2019-09-20 08:17:29,820 [pool-303-thread-1] INFO  util.JmxRegister (JmxRegister.java:tryRegister(44)) - Successfully registered JMX Bean with object name Ratis:service=RaftServer,group=group-9E33106A0221,id=d160b31f-a19e-4d4b-96c3-58cad6c89056
2019-09-20 08:17:29,823 [RatisPipelineUtilsThread] INFO  pipeline.PipelineStateManager (PipelineStateManager.java:addPipeline(56)) - Created pipeline Pipeline[ Id: bad399f9-c7cc-40db-98a7-9e33106a0221, Nodes: d160b31f-a19e-4d4b-96c3-58cad6c89056{ip: 192.168.34.27, host: pr-hdds-1569-6tbh6-3362816358, networkLocation: /default-rack, certSerialId: null}, Type:RATIS, Factor:ONE, State:OPEN]
2019-09-20 08:17:29,823 [RatisPipelineUtilsThread] INFO  pipeline.PipelinePlacementPolicy (PipelinePlacementPolicy.java:meetCriteria(91)) - Pipeline Placement: Doesn't meet the criteria to be viable node： a88b1f4d-04ef-4980-ab9d-ac9d0d2fe007 Heaviness: 6 limit: 5
2019-09-20 08:17:29,828 [grpc-default-executor-0] INFO  impl.RaftServerProxy (RaftServerProxy.java:addNew(89)) - d160b31f-a19e-4d4b-96c3-58cad6c89056: addNew group-BDCC9991BE9F:[d160b31f-a19e-4d4b-96c3-58cad6c89056:192.168.34.27:41561] returns group-BDCC9991BE9F:java.util.concurrent.CompletableFuture@508d056d[Not completed]
2019-09-20 08:17:29,828 [pool-303-thread-1] INFO  impl.RaftServerImpl (RaftServerImpl.java:<init>(93)) - d160b31f-a19e-4d4b-96c3-58cad6c89056: new RaftServerImpl for group-BDCC9991BE9F:[d160b31f-a19e-4d4b-96c3-58cad6c89056:192.168.34.27:41561] with ContainerStateMachine:uninitialized
2019-09-20 08:17:29,829 [pool-303-thread-1] INFO  server.RaftServerConfigKeys (ConfUtils.java:logGet(43)) - raft.server.rpc.timeout.min = 5s (custom)
2019-09-20 08:17:29,829 [pool-303-thread-1] INFO  server.RaftServerConfigKeys (ConfUtils.java:logGet(43)) - raft.server.rpc.timeout.max = 5200ms (custom)
2019-09-20 08:17:29,829 [pool-303-thread-1] INFO  server.RaftServerConfigKeys (ConfUtils.java:logGet(43)) - raft.server.rpcslowness.timeout = 120s (custom)
2019-09-20 08:17:29,829 [pool-303-thread-1] INFO  server.RaftServerConfigKeys (ConfUtils.java:logGet(43)) - raft.server.sleep.deviation.threshold = 300 (default)
2019-09-20 08:17:29,829 [pool-303-thread-1] INFO  server.RaftServerConfigKeys (ConfUtils.java:logGet(43)) - raft.server.log.appender.install.snapshot.enabled = false (custom)
2019-09-20 08:17:29,829 [pool-303-thread-1] INFO  impl.RaftServerImpl (ServerState.java:<init>(105)) - d160b31f-a19e-4d4b-96c3-58cad6c89056:group-BDCC9991BE9F ConfigurationManager, init=-1: [d160b31f-a19e-4d4b-96c3-58cad6c89056:192.168.34.27:41561], old=null, confs=<EMPTY_MAP>
2019-09-20 08:17:29,829 [pool-303-thread-1] INFO  server.RaftServerConfigKeys (ConfUtils.java:logGet(43)) - raft.server.storage.dir = [/workdir/hadoop-ozone/ozonefs/target/test-dir/MiniOzoneClusterImpl-fff8a6b1-9459-493d-a1d7-ad2cd82c4f30/datanode-1/data/ratis] (custom)
2019-09-20 08:17:29,830 [pool-303-thread-1] INFO  storage.RaftStorageDirectory (RaftStorageDirectory.java:analyzeStorage(246)) - The storage directory /workdir/hadoop-ozone/ozonefs/target/test-dir/MiniOzoneClusterImpl-fff8a6b1-9459-493d-a1d7-ad2cd82c4f30/datanode-1/data/ratis/57dc88c3-6f2d-43e9-ba74-bdcc9991be9f does not exist. Creating ...
2019-09-20 08:17:29,842 [pool-303-thread-1] INFO  storage.RaftStorageDirectory (RaftStorageDirectory.java:tryLock(328)) - Lock on /workdir/hadoop-ozone/ozonefs/target/test-dir/MiniOzoneClusterImpl-fff8a6b1-9459-493d-a1d7-ad2cd82c4f30/datanode-1/data/ratis/57dc88c3-6f2d-43e9-ba74-bdcc9991be9f/in_use.lock acquired by nodename 11539@pr-hdds-1569-6tbh6-3362816358
2019-09-20 08:17:29,854 [pool-303-thread-1] INFO  storage.RaftStorage (RaftStorage.java:format(72)) - Storage directory /workdir/hadoop-ozone/ozonefs/target/test-dir/MiniOzoneClusterImpl-fff8a6b1-9459-493d-a1d7-ad2cd82c4f30/datanode-1/data/ratis/57dc88c3-6f2d-43e9-ba74-bdcc9991be9f has been successfully formatted.
2019-09-20 08:17:29,855 [pool-303-thread-1] INFO  ratis.ContainerStateMachine (ContainerStateMachine.java:loadSnapshot(226)) - group-BDCC9991BE9F: The snapshot info is null. Setting the last applied indexto:(t:0, i:~)
2019-09-20 08:17:29,855 [pool-303-thread-1] INFO  server.RaftServerConfigKeys (ConfUtils.java:logGet(43)) - raft.server.leader.election.timeout = 120s (custom)
2019-09-20 08:17:29,855 [pool-303-thread-1] INFO  server.RaftServerConfigKeys (ConfUtils.java:logGet(43)) - raft.server.log.use.memory = false (default)
2019-09-20 08:17:29,855 [pool-303-thread-1] INFO  server.RaftServerConfigKeys (ConfUtils.java:logGet(43)) - raft.server.log.purge.gap = 1000000 (custom)
2019-09-20 08:17:29,855 [pool-303-thread-1] INFO  server.RaftServerConfigKeys (ConfUtils.java:logGet(43)) - raft.server.log.appender.buffer.byte-limit = 33554432 (custom)
2019-09-20 08:17:29,855 [pool-303-thread-1] INFO  server.RaftServerConfigKeys (ConfUtils.java:logGet(43)) - raft.server.log.segment.size.max = 1048576 (custom)
2019-09-20 08:17:29,855 [pool-303-thread-1] INFO  server.RaftServerConfigKeys (ConfUtils.java:logGet(43)) - raft.server.log.segment.cache.num.max = 2 (custom)
2019-09-20 08:17:29,855 [pool-303-thread-1] INFO  segmented.SegmentedRaftLogWorker (SegmentedRaftLogWorker.java:<init>(172)) - new d160b31f-a19e-4d4b-96c3-58cad6c89056-SegmentedRaftLogWorker:Storage Directory /workdir/hadoop-ozone/ozonefs/target/test-dir/MiniOzoneClusterImpl-fff8a6b1-9459-493d-a1d7-ad2cd82c4f30/datanode-1/data/ratis/57dc88c3-6f2d-43e9-ba74-bdcc9991be9f for RaftStorage:Storage Directory /workdir/hadoop-ozone/ozonefs/target/test-dir/MiniOzoneClusterImpl-fff8a6b1-9459-493d-a1d7-ad2cd82c4f30/datanode-1/data/ratis/57dc88c3-6f2d-43e9-ba74-bdcc9991be9f
2019-09-20 08:17:29,855 [pool-303-thread-1] INFO  server.RaftServerConfigKeys (ConfUtils.java:logGet(43)) - raft.server.log.queue.byte-limit = 2147483647 (custom)
2019-09-20 08:17:29,855 [pool-303-thread-1] INFO  server.RaftServerConfigKeys (ConfUtils.java:logGet(43)) - raft.server.log.queue.element-limit = 1024 (custom)
2019-09-20 08:17:29,856 [pool-303-thread-1] INFO  server.RaftServerConfigKeys (ConfUtils.java:logGet(43)) - raft.server.log.segment.size.max = 1048576 (custom)
2019-09-20 08:17:29,856 [pool-303-thread-1] INFO  server.RaftServerConfigKeys (ConfUtils.java:logGet(43)) - raft.server.log.preallocated.size = 16384 (custom)
2019-09-20 08:17:29,856 [pool-303-thread-1] INFO  server.RaftServerConfigKeys (ConfUtils.java:logGet(43)) - raft.server.log.write.buffer.size = 33554432 (custom)
2019-09-20 08:17:29,856 [pool-303-thread-1] INFO  server.RaftServerConfigKeys (ConfUtils.java:logGet(43)) - raft.server.log.force.sync.num = 128 (default)
2019-09-20 08:17:29,856 [pool-303-thread-1] INFO  server.RaftServerConfigKeys (ConfUtils.java:logGet(43)) - raft.server.log.statemachine.data.sync = true (default)
2019-09-20 08:17:29,856 [pool-303-thread-1] INFO  server.RaftServerConfigKeys (ConfUtils.java:logGet(43)) - raft.server.log.statemachine.data.sync.timeout = 10s (default)
2019-09-20 08:17:29,856 [pool-303-thread-1] INFO  server.RaftServerConfigKeys (ConfUtils.java:logGet(43)) - raft.server.log.statemachine.data.sync.timeout.retry = -1 (default)
2019-09-20 08:17:29,856 [pool-303-thread-1] INFO  server.RaftServerConfigKeys (ConfUtils.java:logGet(43)) - raft.server.log.statemachine.data.caching.enabled = true (custom)
2019-09-20 08:17:29,856 [pool-303-thread-1] INFO  segmented.SegmentedRaftLogWorker (SegmentedRaftLogWorker.java:lambda$new$0(132)) - d160b31f-a19e-4d4b-96c3-58cad6c89056-SegmentedRaftLogWorker:Storage Directory /workdir/hadoop-ozone/ozonefs/target/test-dir/MiniOzoneClusterImpl-fff8a6b1-9459-493d-a1d7-ad2cd82c4f30/datanode-1/data/ratis/57dc88c3-6f2d-43e9-ba74-bdcc9991be9f: flushIndex: setUnconditionally 0 -> -1
2019-09-20 08:17:29,857 [pool-303-thread-1] INFO  server.RaftServerConfigKeys (ConfUtils.java:logGet(43)) - raft.server.snapshot.auto.trigger.enabled = true (custom)
2019-09-20 08:17:29,857 [pool-303-thread-1] INFO  server.RaftServerConfigKeys (ConfUtils.java:logGet(43)) - raft.server.snapshot.auto.trigger.threshold = 10000 (custom)
2019-09-20 08:17:29,857 [pool-303-thread-1] INFO  server.RaftServerConfigKeys (ConfUtils.java:logGet(43)) - raft.server.retrycache.expirytime = 600000ms (custom)
2019-09-20 08:17:29,857 [pool-303-thread-1] INFO  impl.RaftServerImpl (RaftServerImpl.java:start(180)) - d160b31f-a19e-4d4b-96c3-58cad6c89056: start group-BDCC9991BE9F
2019-09-20 08:17:29,857 [pool-303-thread-1] INFO  impl.RaftServerImpl (RaftServerImpl.java:setRole(171)) - d160b31f-a19e-4d4b-96c3-58cad6c89056:group-BDCC9991BE9F changes role from null to FOLLOWER at term 0 for startAsFollower
2019-09-20 08:17:29,857 [pool-303-thread-1] INFO  impl.RoleInfo (RoleInfo.java:updateAndGet(143)) - d160b31f-a19e-4d4b-96c3-58cad6c89056: start FollowerState
2019-09-20 08:17:29,858 [pool-303-thread-1] INFO  util.JmxRegister (JmxRegister.java:tryRegister(44)) - Successfully registered JMX Bean with object name Ratis:service=RaftServer,group=group-BDCC9991BE9F,id=d160b31f-a19e-4d4b-96c3-58cad6c89056
2019-09-20 08:17:29,860 [RatisPipelineUtilsThread] INFO  pipeline.PipelineStateManager (PipelineStateManager.java:addPipeline(56)) - Created pipeline Pipeline[ Id: 57dc88c3-6f2d-43e9-ba74-bdcc9991be9f, Nodes: d160b31f-a19e-4d4b-96c3-58cad6c89056{ip: 192.168.34.27, host: pr-hdds-1569-6tbh6-3362816358, networkLocation: /default-rack, certSerialId: null}, Type:RATIS, Factor:ONE, State:OPEN]
2019-09-20 08:17:29,861 [RatisPipelineUtilsThread] INFO  pipeline.PipelinePlacementPolicy (PipelinePlacementPolicy.java:meetCriteria(91)) - Pipeline Placement: Doesn't meet the criteria to be viable node： a88b1f4d-04ef-4980-ab9d-ac9d0d2fe007 Heaviness: 6 limit: 5
2019-09-20 08:17:29,862 [main] INFO  ozone.MiniOzoneClusterImpl (MiniOzoneClusterImpl.java:lambda$waitForClusterToBeReady$0(142)) - Waiting for cluster to be ready. Got 2 of 3 DN Heartbeats.
2019-09-20 08:17:29,863 [IPC Server handler 3 on 36338] INFO  net.NetworkTopology (NetworkTopologyImpl.java:add(110)) - Added a new node: /default-rack/16d094f2-c33f-45e9-afed-588eb6ecb67d
2019-09-20 08:17:29,863 [IPC Server handler 3 on 36338] INFO  node.SCMNodeManager (SCMNodeManager.java:register(273)) - Registered Data node : 16d094f2-c33f-45e9-afed-588eb6ecb67d{ip: 192.168.34.27, host: pr-hdds-1569-6tbh6-3362816358, networkLocation: /default-rack, certSerialId: null}
2019-09-20 08:17:29,864 | INFO  | SCMAudit | user=jenkins1000 | ip=192.168.34.27 | op=REGISTER {datanodeDetails=16d094f2-c33f-45e9-afed-588eb6ecb67d{ip: 192.168.34.27, host: pr-hdds-1569-6tbh6-3362816358, networkLocation: /default-rack, certSerialId: null}} | ret=SUCCESS |  
2019-09-20 08:17:29,866 [grpc-default-executor-0] INFO  impl.RaftServerProxy (RaftServerProxy.java:addNew(89)) - d160b31f-a19e-4d4b-96c3-58cad6c89056: addNew group-8F6D606132E6:[d160b31f-a19e-4d4b-96c3-58cad6c89056:192.168.34.27:41561] returns group-8F6D606132E6:java.util.concurrent.CompletableFuture@751cffdc[Not completed]
2019-09-20 08:17:29,866 [pool-303-thread-1] INFO  impl.RaftServerImpl (RaftServerImpl.java:<init>(93)) - d160b31f-a19e-4d4b-96c3-58cad6c89056: new RaftServerImpl for group-8F6D606132E6:[d160b31f-a19e-4d4b-96c3-58cad6c89056:192.168.34.27:41561] with ContainerStateMachine:uninitialized
2019-09-20 08:17:29,866 [pool-303-thread-1] INFO  server.RaftServerConfigKeys (ConfUtils.java:logGet(43)) - raft.server.rpc.timeout.min = 5s (custom)
2019-09-20 08:17:29,867 [pool-303-thread-1] INFO  server.RaftServerConfigKeys (ConfUtils.java:logGet(43)) - raft.server.rpc.timeout.max = 5200ms (custom)
2019-09-20 08:17:29,867 [pool-303-thread-1] INFO  server.RaftServerConfigKeys (ConfUtils.java:logGet(43)) - raft.server.rpcslowness.timeout = 120s (custom)
2019-09-20 08:17:29,867 [pool-303-thread-1] INFO  server.RaftServerConfigKeys (ConfUtils.java:logGet(43)) - raft.server.sleep.deviation.threshold = 300 (default)
2019-09-20 08:17:29,867 [pool-303-thread-1] INFO  server.RaftServerConfigKeys (ConfUtils.java:logGet(43)) - raft.server.log.appender.install.snapshot.enabled = false (custom)
2019-09-20 08:17:29,867 [pool-303-thread-1] INFO  impl.RaftServerImpl (ServerState.java:<init>(105)) - d160b31f-a19e-4d4b-96c3-58cad6c89056:group-8F6D606132E6 ConfigurationManager, init=-1: [d160b31f-a19e-4d4b-96c3-58cad6c89056:192.168.34.27:41561], old=null, confs=<EMPTY_MAP>
2019-09-20 08:17:29,867 [pool-303-thread-1] INFO  server.RaftServerConfigKeys (ConfUtils.java:logGet(43)) - raft.server.storage.dir = [/workdir/hadoop-ozone/ozonefs/target/test-dir/MiniOzoneClusterImpl-fff8a6b1-9459-493d-a1d7-ad2cd82c4f30/datanode-1/data/ratis] (custom)
2019-09-20 08:17:29,867 [pool-303-thread-1] INFO  storage.RaftStorageDirectory (RaftStorageDirectory.java:analyzeStorage(246)) - The storage directory /workdir/hadoop-ozone/ozonefs/target/test-dir/MiniOzoneClusterImpl-fff8a6b1-9459-493d-a1d7-ad2cd82c4f30/datanode-1/data/ratis/129b53d4-1995-428c-8b95-8f6d606132e6 does not exist. Creating ...
2019-09-20 08:17:29,879 [pool-303-thread-1] INFO  storage.RaftStorageDirectory (RaftStorageDirectory.java:tryLock(328)) - Lock on /workdir/hadoop-ozone/ozonefs/target/test-dir/MiniOzoneClusterImpl-fff8a6b1-9459-493d-a1d7-ad2cd82c4f30/datanode-1/data/ratis/129b53d4-1995-428c-8b95-8f6d606132e6/in_use.lock acquired by nodename 11539@pr-hdds-1569-6tbh6-3362816358
2019-09-20 08:17:29,892 [pool-303-thread-1] INFO  storage.RaftStorage (RaftStorage.java:format(72)) - Storage directory /workdir/hadoop-ozone/ozonefs/target/test-dir/MiniOzoneClusterImpl-fff8a6b1-9459-493d-a1d7-ad2cd82c4f30/datanode-1/data/ratis/129b53d4-1995-428c-8b95-8f6d606132e6 has been successfully formatted.
2019-09-20 08:17:29,892 [pool-303-thread-1] INFO  ratis.ContainerStateMachine (ContainerStateMachine.java:loadSnapshot(226)) - group-8F6D606132E6: The snapshot info is null. Setting the last applied indexto:(t:0, i:~)
2019-09-20 08:17:29,892 [pool-303-thread-1] INFO  server.RaftServerConfigKeys (ConfUtils.java:logGet(43)) - raft.server.leader.election.timeout = 120s (custom)
2019-09-20 08:17:29,892 [pool-303-thread-1] INFO  server.RaftServerConfigKeys (ConfUtils.java:logGet(43)) - raft.server.log.use.memory = false (default)
2019-09-20 08:17:29,892 [pool-303-thread-1] INFO  server.RaftServerConfigKeys (ConfUtils.java:logGet(43)) - raft.server.log.purge.gap = 1000000 (custom)
2019-09-20 08:17:29,892 [pool-303-thread-1] INFO  server.RaftServerConfigKeys (ConfUtils.java:logGet(43)) - raft.server.log.appender.buffer.byte-limit = 33554432 (custom)
2019-09-20 08:17:29,892 [pool-303-thread-1] INFO  server.RaftServerConfigKeys (ConfUtils.java:logGet(43)) - raft.server.log.segment.size.max = 1048576 (custom)
2019-09-20 08:17:29,892 [pool-303-thread-1] INFO  server.RaftServerConfigKeys (ConfUtils.java:logGet(43)) - raft.server.log.segment.cache.num.max = 2 (custom)
2019-09-20 08:17:29,893 [pool-303-thread-1] INFO  segmented.SegmentedRaftLogWorker (SegmentedRaftLogWorker.java:<init>(172)) - new d160b31f-a19e-4d4b-96c3-58cad6c89056-SegmentedRaftLogWorker:Storage Directory /workdir/hadoop-ozone/ozonefs/target/test-dir/MiniOzoneClusterImpl-fff8a6b1-9459-493d-a1d7-ad2cd82c4f30/datanode-1/data/ratis/129b53d4-1995-428c-8b95-8f6d606132e6 for RaftStorage:Storage Directory /workdir/hadoop-ozone/ozonefs/target/test-dir/MiniOzoneClusterImpl-fff8a6b1-9459-493d-a1d7-ad2cd82c4f30/datanode-1/data/ratis/129b53d4-1995-428c-8b95-8f6d606132e6
2019-09-20 08:17:29,893 [pool-303-thread-1] INFO  server.RaftServerConfigKeys (ConfUtils.java:logGet(43)) - raft.server.log.queue.byte-limit = 2147483647 (custom)
2019-09-20 08:17:29,893 [pool-303-thread-1] INFO  server.RaftServerConfigKeys (ConfUtils.java:logGet(43)) - raft.server.log.queue.element-limit = 1024 (custom)
2019-09-20 08:17:29,893 [pool-303-thread-1] INFO  server.RaftServerConfigKeys (ConfUtils.java:logGet(43)) - raft.server.log.segment.size.max = 1048576 (custom)
2019-09-20 08:17:29,893 [pool-303-thread-1] INFO  server.RaftServerConfigKeys (ConfUtils.java:logGet(43)) - raft.server.log.preallocated.size = 16384 (custom)
2019-09-20 08:17:29,893 [pool-303-thread-1] INFO  server.RaftServerConfigKeys (ConfUtils.java:logGet(43)) - raft.server.log.write.buffer.size = 33554432 (custom)
2019-09-20 08:17:29,893 [pool-303-thread-1] INFO  server.RaftServerConfigKeys (ConfUtils.java:logGet(43)) - raft.server.log.force.sync.num = 128 (default)
2019-09-20 08:17:29,893 [pool-303-thread-1] INFO  server.RaftServerConfigKeys (ConfUtils.java:logGet(43)) - raft.server.log.statemachine.data.sync = true (default)
2019-09-20 08:17:29,893 [pool-303-thread-1] INFO  server.RaftServerConfigKeys (ConfUtils.java:logGet(43)) - raft.server.log.statemachine.data.sync.timeout = 10s (default)
2019-09-20 08:17:29,893 [pool-303-thread-1] INFO  server.RaftServerConfigKeys (ConfUtils.java:logGet(43)) - raft.server.log.statemachine.data.sync.timeout.retry = -1 (default)
2019-09-20 08:17:29,893 [pool-303-thread-1] INFO  server.RaftServerConfigKeys (ConfUtils.java:logGet(43)) - raft.server.log.statemachine.data.caching.enabled = true (custom)
2019-09-20 08:17:29,894 [pool-303-thread-1] INFO  segmented.SegmentedRaftLogWorker (SegmentedRaftLogWorker.java:lambda$new$0(132)) - d160b31f-a19e-4d4b-96c3-58cad6c89056-SegmentedRaftLogWorker:Storage Directory /workdir/hadoop-ozone/ozonefs/target/test-dir/MiniOzoneClusterImpl-fff8a6b1-9459-493d-a1d7-ad2cd82c4f30/datanode-1/data/ratis/129b53d4-1995-428c-8b95-8f6d606132e6: flushIndex: setUnconditionally 0 -> -1
2019-09-20 08:17:29,894 [pool-303-thread-1] INFO  server.RaftServerConfigKeys (ConfUtils.java:logGet(43)) - raft.server.snapshot.auto.trigger.enabled = true (custom)
2019-09-20 08:17:29,894 [pool-303-thread-1] INFO  server.RaftServerConfigKeys (ConfUtils.java:logGet(43)) - raft.server.snapshot.auto.trigger.threshold = 10000 (custom)
2019-09-20 08:17:29,894 [pool-303-thread-1] INFO  server.RaftServerConfigKeys (ConfUtils.java:logGet(43)) - raft.server.retrycache.expirytime = 600000ms (custom)
2019-09-20 08:17:29,894 [pool-303-thread-1] INFO  impl.RaftServerImpl (RaftServerImpl.java:start(180)) - d160b31f-a19e-4d4b-96c3-58cad6c89056: start group-8F6D606132E6
2019-09-20 08:17:29,894 [pool-303-thread-1] INFO  impl.RaftServerImpl (RaftServerImpl.java:setRole(171)) - d160b31f-a19e-4d4b-96c3-58cad6c89056:group-8F6D606132E6 changes role from null to FOLLOWER at term 0 for startAsFollower
2019-09-20 08:17:29,894 [pool-303-thread-1] INFO  impl.RoleInfo (RoleInfo.java:updateAndGet(143)) - d160b31f-a19e-4d4b-96c3-58cad6c89056: start FollowerState
2019-09-20 08:17:29,895 [pool-303-thread-1] INFO  util.JmxRegister (JmxRegister.java:tryRegister(44)) - Successfully registered JMX Bean with object name Ratis:service=RaftServer,group=group-8F6D606132E6,id=d160b31f-a19e-4d4b-96c3-58cad6c89056
2019-09-20 08:17:29,897 [RatisPipelineUtilsThread] INFO  pipeline.PipelineStateManager (PipelineStateManager.java:addPipeline(56)) - Created pipeline Pipeline[ Id: 129b53d4-1995-428c-8b95-8f6d606132e6, Nodes: d160b31f-a19e-4d4b-96c3-58cad6c89056{ip: 192.168.34.27, host: pr-hdds-1569-6tbh6-3362816358, networkLocation: /default-rack, certSerialId: null}, Type:RATIS, Factor:ONE, State:OPEN]
2019-09-20 08:17:29,897 [RatisPipelineUtilsThread] INFO  pipeline.PipelinePlacementPolicy (PipelinePlacementPolicy.java:meetCriteria(91)) - Pipeline Placement: Doesn't meet the criteria to be viable node： a88b1f4d-04ef-4980-ab9d-ac9d0d2fe007 Heaviness: 6 limit: 5
2019-09-20 08:17:29,898 [RatisPipelineUtilsThread] INFO  pipeline.PipelinePlacementPolicy (PipelinePlacementPolicy.java:meetCriteria(91)) - Pipeline Placement: Doesn't meet the criteria to be viable node： d160b31f-a19e-4d4b-96c3-58cad6c89056 Heaviness: 6 limit: 5
2019-09-20 08:17:29,905 [grpc-default-executor-0] INFO  impl.RaftServerProxy (RaftServerProxy.java:addNew(89)) - 16d094f2-c33f-45e9-afed-588eb6ecb67d: addNew group-714A8D64CD64:[16d094f2-c33f-45e9-afed-588eb6ecb67d:192.168.34.27:45956] returns group-714A8D64CD64:java.util.concurrent.CompletableFuture@362d70c4[Not completed]
2019-09-20 08:17:29,905 [pool-314-thread-1] INFO  impl.RaftServerImpl (RaftServerImpl.java:<init>(93)) - 16d094f2-c33f-45e9-afed-588eb6ecb67d: new RaftServerImpl for group-714A8D64CD64:[16d094f2-c33f-45e9-afed-588eb6ecb67d:192.168.34.27:45956] with ContainerStateMachine:uninitialized
2019-09-20 08:17:29,906 [pool-314-thread-1] INFO  server.RaftServerConfigKeys (ConfUtils.java:logGet(43)) - raft.server.rpc.timeout.min = 5s (custom)
2019-09-20 08:17:29,906 [pool-314-thread-1] INFO  server.RaftServerConfigKeys (ConfUtils.java:logGet(43)) - raft.server.rpc.timeout.max = 5200ms (custom)
2019-09-20 08:17:29,906 [pool-314-thread-1] INFO  server.RaftServerConfigKeys (ConfUtils.java:logGet(43)) - raft.server.rpcslowness.timeout = 120s (custom)
2019-09-20 08:17:29,906 [pool-314-thread-1] INFO  server.RaftServerConfigKeys (ConfUtils.java:logGet(43)) - raft.server.sleep.deviation.threshold = 300 (default)
2019-09-20 08:17:29,906 [pool-314-thread-1] INFO  server.RaftServerConfigKeys (ConfUtils.java:logGet(43)) - raft.server.log.appender.install.snapshot.enabled = false (custom)
2019-09-20 08:17:29,906 [pool-314-thread-1] INFO  impl.RaftServerImpl (ServerState.java:<init>(105)) - 16d094f2-c33f-45e9-afed-588eb6ecb67d:group-714A8D64CD64 ConfigurationManager, init=-1: [16d094f2-c33f-45e9-afed-588eb6ecb67d:192.168.34.27:45956], old=null, confs=<EMPTY_MAP>
2019-09-20 08:17:29,906 [pool-314-thread-1] INFO  server.RaftServerConfigKeys (ConfUtils.java:logGet(43)) - raft.server.storage.dir = [/workdir/hadoop-ozone/ozonefs/target/test-dir/MiniOzoneClusterImpl-fff8a6b1-9459-493d-a1d7-ad2cd82c4f30/datanode-2/data/ratis] (custom)
2019-09-20 08:17:29,906 [pool-314-thread-1] INFO  storage.RaftStorageDirectory (RaftStorageDirectory.java:analyzeStorage(246)) - The storage directory /workdir/hadoop-ozone/ozonefs/target/test-dir/MiniOzoneClusterImpl-fff8a6b1-9459-493d-a1d7-ad2cd82c4f30/datanode-2/data/ratis/ff6a1fe4-7ad0-48a0-a90b-714a8d64cd64 does not exist. Creating ...
2019-09-20 08:17:29,918 [pool-314-thread-1] INFO  storage.RaftStorageDirectory (RaftStorageDirectory.java:tryLock(328)) - Lock on /workdir/hadoop-ozone/ozonefs/target/test-dir/MiniOzoneClusterImpl-fff8a6b1-9459-493d-a1d7-ad2cd82c4f30/datanode-2/data/ratis/ff6a1fe4-7ad0-48a0-a90b-714a8d64cd64/in_use.lock acquired by nodename 11539@pr-hdds-1569-6tbh6-3362816358
2019-09-20 08:17:29,931 [pool-314-thread-1] INFO  storage.RaftStorage (RaftStorage.java:format(72)) - Storage directory /workdir/hadoop-ozone/ozonefs/target/test-dir/MiniOzoneClusterImpl-fff8a6b1-9459-493d-a1d7-ad2cd82c4f30/datanode-2/data/ratis/ff6a1fe4-7ad0-48a0-a90b-714a8d64cd64 has been successfully formatted.
2019-09-20 08:17:29,931 [pool-314-thread-1] INFO  ratis.ContainerStateMachine (ContainerStateMachine.java:loadSnapshot(226)) - group-714A8D64CD64: The snapshot info is null. Setting the last applied indexto:(t:0, i:~)
2019-09-20 08:17:29,931 [pool-314-thread-1] INFO  server.RaftServerConfigKeys (ConfUtils.java:logGet(43)) - raft.server.leader.election.timeout = 120s (custom)
2019-09-20 08:17:29,932 [pool-314-thread-1] INFO  server.RaftServerConfigKeys (ConfUtils.java:logGet(43)) - raft.server.log.use.memory = false (default)
2019-09-20 08:17:29,932 [pool-314-thread-1] INFO  server.RaftServerConfigKeys (ConfUtils.java:logGet(43)) - raft.server.log.purge.gap = 1000000 (custom)
2019-09-20 08:17:29,932 [pool-314-thread-1] INFO  server.RaftServerConfigKeys (ConfUtils.java:logGet(43)) - raft.server.log.appender.buffer.byte-limit = 33554432 (custom)
2019-09-20 08:17:29,932 [pool-314-thread-1] INFO  server.RaftServerConfigKeys (ConfUtils.java:logGet(43)) - raft.server.log.segment.size.max = 1048576 (custom)
2019-09-20 08:17:29,932 [pool-314-thread-1] INFO  server.RaftServerConfigKeys (ConfUtils.java:logGet(43)) - raft.server.log.segment.cache.num.max = 2 (custom)
2019-09-20 08:17:29,932 [pool-314-thread-1] INFO  segmented.SegmentedRaftLogWorker (SegmentedRaftLogWorker.java:<init>(172)) - new 16d094f2-c33f-45e9-afed-588eb6ecb67d-SegmentedRaftLogWorker:Storage Directory /workdir/hadoop-ozone/ozonefs/target/test-dir/MiniOzoneClusterImpl-fff8a6b1-9459-493d-a1d7-ad2cd82c4f30/datanode-2/data/ratis/ff6a1fe4-7ad0-48a0-a90b-714a8d64cd64 for RaftStorage:Storage Directory /workdir/hadoop-ozone/ozonefs/target/test-dir/MiniOzoneClusterImpl-fff8a6b1-9459-493d-a1d7-ad2cd82c4f30/datanode-2/data/ratis/ff6a1fe4-7ad0-48a0-a90b-714a8d64cd64
2019-09-20 08:17:29,932 [pool-314-thread-1] INFO  server.RaftServerConfigKeys (ConfUtils.java:logGet(43)) - raft.server.log.queue.byte-limit = 2147483647 (custom)
2019-09-20 08:17:29,932 [pool-314-thread-1] INFO  server.RaftServerConfigKeys (ConfUtils.java:logGet(43)) - raft.server.log.queue.element-limit = 1024 (custom)
2019-09-20 08:17:29,933 [pool-314-thread-1] INFO  server.RaftServerConfigKeys (ConfUtils.java:logGet(43)) - raft.server.log.segment.size.max = 1048576 (custom)
2019-09-20 08:17:29,933 [pool-314-thread-1] INFO  server.RaftServerConfigKeys (ConfUtils.java:logGet(43)) - raft.server.log.preallocated.size = 16384 (custom)
2019-09-20 08:17:29,933 [pool-314-thread-1] INFO  server.RaftServerConfigKeys (ConfUtils.java:logGet(43)) - raft.server.log.write.buffer.size = 33554432 (custom)
2019-09-20 08:17:29,933 [pool-314-thread-1] INFO  server.RaftServerConfigKeys (ConfUtils.java:logGet(43)) - raft.server.log.force.sync.num = 128 (default)
2019-09-20 08:17:29,933 [pool-314-thread-1] INFO  server.RaftServerConfigKeys (ConfUtils.java:logGet(43)) - raft.server.log.statemachine.data.sync = true (default)
2019-09-20 08:17:29,933 [pool-314-thread-1] INFO  server.RaftServerConfigKeys (ConfUtils.java:logGet(43)) - raft.server.log.statemachine.data.sync.timeout = 10s (default)
2019-09-20 08:17:29,933 [pool-314-thread-1] INFO  server.RaftServerConfigKeys (ConfUtils.java:logGet(43)) - raft.server.log.statemachine.data.sync.timeout.retry = -1 (default)
2019-09-20 08:17:29,933 [pool-314-thread-1] INFO  server.RaftServerConfigKeys (ConfUtils.java:logGet(43)) - raft.server.log.statemachine.data.caching.enabled = true (custom)
2019-09-20 08:17:29,934 [pool-314-thread-1] INFO  segmented.SegmentedRaftLogWorker (SegmentedRaftLogWorker.java:lambda$new$0(132)) - 16d094f2-c33f-45e9-afed-588eb6ecb67d-SegmentedRaftLogWorker:Storage Directory /workdir/hadoop-ozone/ozonefs/target/test-dir/MiniOzoneClusterImpl-fff8a6b1-9459-493d-a1d7-ad2cd82c4f30/datanode-2/data/ratis/ff6a1fe4-7ad0-48a0-a90b-714a8d64cd64: flushIndex: setUnconditionally 0 -> -1
2019-09-20 08:17:29,934 [pool-314-thread-1] INFO  server.RaftServerConfigKeys (ConfUtils.java:logGet(43)) - raft.server.snapshot.auto.trigger.enabled = true (custom)
2019-09-20 08:17:29,934 [pool-314-thread-1] INFO  server.RaftServerConfigKeys (ConfUtils.java:logGet(43)) - raft.server.snapshot.auto.trigger.threshold = 10000 (custom)
2019-09-20 08:17:29,934 [pool-314-thread-1] INFO  server.RaftServerConfigKeys (ConfUtils.java:logGet(43)) - raft.server.retrycache.expirytime = 600000ms (custom)
2019-09-20 08:17:29,934 [pool-314-thread-1] INFO  impl.RaftServerImpl (RaftServerImpl.java:start(180)) - 16d094f2-c33f-45e9-afed-588eb6ecb67d: start group-714A8D64CD64
2019-09-20 08:17:29,934 [pool-314-thread-1] INFO  impl.RaftServerImpl (RaftServerImpl.java:setRole(171)) - 16d094f2-c33f-45e9-afed-588eb6ecb67d:group-714A8D64CD64 changes role from null to FOLLOWER at term 0 for startAsFollower
2019-09-20 08:17:29,935 [pool-314-thread-1] INFO  impl.RoleInfo (RoleInfo.java:updateAndGet(143)) - 16d094f2-c33f-45e9-afed-588eb6ecb67d: start FollowerState
2019-09-20 08:17:29,935 [pool-314-thread-1] INFO  util.JmxRegister (JmxRegister.java:tryRegister(44)) - Successfully registered JMX Bean with object name Ratis:service=RaftServer,group=group-714A8D64CD64,id=16d094f2-c33f-45e9-afed-588eb6ecb67d
2019-09-20 08:17:29,939 [RatisPipelineUtilsThread] INFO  pipeline.PipelineStateManager (PipelineStateManager.java:addPipeline(56)) - Created pipeline Pipeline[ Id: ff6a1fe4-7ad0-48a0-a90b-714a8d64cd64, Nodes: 16d094f2-c33f-45e9-afed-588eb6ecb67d{ip: 192.168.34.27, host: pr-hdds-1569-6tbh6-3362816358, networkLocation: /default-rack, certSerialId: null}, Type:RATIS, Factor:ONE, State:OPEN]
2019-09-20 08:17:29,940 [RatisPipelineUtilsThread] INFO  pipeline.PipelinePlacementPolicy (PipelinePlacementPolicy.java:meetCriteria(91)) - Pipeline Placement: Doesn't meet the criteria to be viable node： a88b1f4d-04ef-4980-ab9d-ac9d0d2fe007 Heaviness: 6 limit: 5
2019-09-20 08:17:29,940 [RatisPipelineUtilsThread] INFO  pipeline.PipelinePlacementPolicy (PipelinePlacementPolicy.java:meetCriteria(91)) - Pipeline Placement: Doesn't meet the criteria to be viable node： d160b31f-a19e-4d4b-96c3-58cad6c89056 Heaviness: 6 limit: 5
2019-09-20 08:17:29,946 [grpc-default-executor-0] INFO  impl.RaftServerProxy (RaftServerProxy.java:addNew(89)) - 16d094f2-c33f-45e9-afed-588eb6ecb67d: addNew group-D66DB0300B1B:[16d094f2-c33f-45e9-afed-588eb6ecb67d:192.168.34.27:45956] returns group-D66DB0300B1B:java.util.concurrent.CompletableFuture@7111994d[Not completed]
2019-09-20 08:17:29,947 [pool-314-thread-1] INFO  impl.RaftServerImpl (RaftServerImpl.java:<init>(93)) - 16d094f2-c33f-45e9-afed-588eb6ecb67d: new RaftServerImpl for group-D66DB0300B1B:[16d094f2-c33f-45e9-afed-588eb6ecb67d:192.168.34.27:45956] with ContainerStateMachine:uninitialized
2019-09-20 08:17:29,947 [pool-314-thread-1] INFO  server.RaftServerConfigKeys (ConfUtils.java:logGet(43)) - raft.server.rpc.timeout.min = 5s (custom)
2019-09-20 08:17:29,947 [pool-314-thread-1] INFO  server.RaftServerConfigKeys (ConfUtils.java:logGet(43)) - raft.server.rpc.timeout.max = 5200ms (custom)
2019-09-20 08:17:29,947 [pool-314-thread-1] INFO  server.RaftServerConfigKeys (ConfUtils.java:logGet(43)) - raft.server.rpcslowness.timeout = 120s (custom)
2019-09-20 08:17:29,947 [pool-314-thread-1] INFO  server.RaftServerConfigKeys (ConfUtils.java:logGet(43)) - raft.server.sleep.deviation.threshold = 300 (default)
2019-09-20 08:17:29,947 [pool-314-thread-1] INFO  server.RaftServerConfigKeys (ConfUtils.java:logGet(43)) - raft.server.log.appender.install.snapshot.enabled = false (custom)
2019-09-20 08:17:29,947 [pool-314-thread-1] INFO  impl.RaftServerImpl (ServerState.java:<init>(105)) - 16d094f2-c33f-45e9-afed-588eb6ecb67d:group-D66DB0300B1B ConfigurationManager, init=-1: [16d094f2-c33f-45e9-afed-588eb6ecb67d:192.168.34.27:45956], old=null, confs=<EMPTY_MAP>
2019-09-20 08:17:29,948 [pool-314-thread-1] INFO  server.RaftServerConfigKeys (ConfUtils.java:logGet(43)) - raft.server.storage.dir = [/workdir/hadoop-ozone/ozonefs/target/test-dir/MiniOzoneClusterImpl-fff8a6b1-9459-493d-a1d7-ad2cd82c4f30/datanode-2/data/ratis] (custom)
2019-09-20 08:17:29,948 [pool-314-thread-1] INFO  storage.RaftStorageDirectory (RaftStorageDirectory.java:analyzeStorage(246)) - The storage directory /workdir/hadoop-ozone/ozonefs/target/test-dir/MiniOzoneClusterImpl-fff8a6b1-9459-493d-a1d7-ad2cd82c4f30/datanode-2/data/ratis/f5384fe3-6738-449c-bc37-d66db0300b1b does not exist. Creating ...
2019-09-20 08:17:29,951 [pool-314-thread-1] INFO  storage.RaftStorageDirectory (RaftStorageDirectory.java:tryLock(328)) - Lock on /workdir/hadoop-ozone/ozonefs/target/test-dir/MiniOzoneClusterImpl-fff8a6b1-9459-493d-a1d7-ad2cd82c4f30/datanode-2/data/ratis/f5384fe3-6738-449c-bc37-d66db0300b1b/in_use.lock acquired by nodename 11539@pr-hdds-1569-6tbh6-3362816358
2019-09-20 08:17:29,962 [pool-314-thread-1] INFO  storage.RaftStorage (RaftStorage.java:format(72)) - Storage directory /workdir/hadoop-ozone/ozonefs/target/test-dir/MiniOzoneClusterImpl-fff8a6b1-9459-493d-a1d7-ad2cd82c4f30/datanode-2/data/ratis/f5384fe3-6738-449c-bc37-d66db0300b1b has been successfully formatted.
2019-09-20 08:17:29,962 [pool-314-thread-1] INFO  ratis.ContainerStateMachine (ContainerStateMachine.java:loadSnapshot(226)) - group-D66DB0300B1B: The snapshot info is null. Setting the last applied indexto:(t:0, i:~)
2019-09-20 08:17:29,962 [pool-314-thread-1] INFO  server.RaftServerConfigKeys (ConfUtils.java:logGet(43)) - raft.server.leader.election.timeout = 120s (custom)
2019-09-20 08:17:29,962 [pool-314-thread-1] INFO  server.RaftServerConfigKeys (ConfUtils.java:logGet(43)) - raft.server.log.use.memory = false (default)
2019-09-20 08:17:29,962 [pool-314-thread-1] INFO  server.RaftServerConfigKeys (ConfUtils.java:logGet(43)) - raft.server.log.purge.gap = 1000000 (custom)
2019-09-20 08:17:29,962 [pool-314-thread-1] INFO  server.RaftServerConfigKeys (ConfUtils.java:logGet(43)) - raft.server.log.appender.buffer.byte-limit = 33554432 (custom)
2019-09-20 08:17:29,962 [pool-314-thread-1] INFO  server.RaftServerConfigKeys (ConfUtils.java:logGet(43)) - raft.server.log.segment.size.max = 1048576 (custom)
2019-09-20 08:17:29,962 [pool-314-thread-1] INFO  server.RaftServerConfigKeys (ConfUtils.java:logGet(43)) - raft.server.log.segment.cache.num.max = 2 (custom)
2019-09-20 08:17:29,963 [pool-314-thread-1] INFO  segmented.SegmentedRaftLogWorker (SegmentedRaftLogWorker.java:<init>(172)) - new 16d094f2-c33f-45e9-afed-588eb6ecb67d-SegmentedRaftLogWorker:Storage Directory /workdir/hadoop-ozone/ozonefs/target/test-dir/MiniOzoneClusterImpl-fff8a6b1-9459-493d-a1d7-ad2cd82c4f30/datanode-2/data/ratis/f5384fe3-6738-449c-bc37-d66db0300b1b for RaftStorage:Storage Directory /workdir/hadoop-ozone/ozonefs/target/test-dir/MiniOzoneClusterImpl-fff8a6b1-9459-493d-a1d7-ad2cd82c4f30/datanode-2/data/ratis/f5384fe3-6738-449c-bc37-d66db0300b1b
2019-09-20 08:17:29,963 [pool-314-thread-1] INFO  server.RaftServerConfigKeys (ConfUtils.java:logGet(43)) - raft.server.log.queue.byte-limit = 2147483647 (custom)
2019-09-20 08:17:29,963 [pool-314-thread-1] INFO  server.RaftServerConfigKeys (ConfUtils.java:logGet(43)) - raft.server.log.queue.element-limit = 1024 (custom)
2019-09-20 08:17:29,963 [pool-314-thread-1] INFO  server.RaftServerConfigKeys (ConfUtils.java:logGet(43)) - raft.server.log.segment.size.max = 1048576 (custom)
2019-09-20 08:17:29,963 [pool-314-thread-1] INFO  server.RaftServerConfigKeys (ConfUtils.java:logGet(43)) - raft.server.log.preallocated.size = 16384 (custom)
2019-09-20 08:17:29,963 [pool-314-thread-1] INFO  server.RaftServerConfigKeys (ConfUtils.java:logGet(43)) - raft.server.log.write.buffer.size = 33554432 (custom)
2019-09-20 08:17:29,963 [pool-314-thread-1] INFO  server.RaftServerConfigKeys (ConfUtils.java:logGet(43)) - raft.server.log.force.sync.num = 128 (default)
2019-09-20 08:17:29,963 [pool-314-thread-1] INFO  server.RaftServerConfigKeys (ConfUtils.java:logGet(43)) - raft.server.log.statemachine.data.sync = true (default)
2019-09-20 08:17:29,963 [pool-314-thread-1] INFO  server.RaftServerConfigKeys (ConfUtils.java:logGet(43)) - raft.server.log.statemachine.data.sync.timeout = 10s (default)
2019-09-20 08:17:29,963 [pool-314-thread-1] INFO  server.RaftServerConfigKeys (ConfUtils.java:logGet(43)) - raft.server.log.statemachine.data.sync.timeout.retry = -1 (default)
2019-09-20 08:17:29,963 [pool-314-thread-1] INFO  server.RaftServerConfigKeys (ConfUtils.java:logGet(43)) - raft.server.log.statemachine.data.caching.enabled = true (custom)
2019-09-20 08:17:29,964 [pool-314-thread-1] INFO  segmented.SegmentedRaftLogWorker (SegmentedRaftLogWorker.java:lambda$new$0(132)) - 16d094f2-c33f-45e9-afed-588eb6ecb67d-SegmentedRaftLogWorker:Storage Directory /workdir/hadoop-ozone/ozonefs/target/test-dir/MiniOzoneClusterImpl-fff8a6b1-9459-493d-a1d7-ad2cd82c4f30/datanode-2/data/ratis/f5384fe3-6738-449c-bc37-d66db0300b1b: flushIndex: setUnconditionally 0 -> -1
2019-09-20 08:17:29,964 [pool-314-thread-1] INFO  server.RaftServerConfigKeys (ConfUtils.java:logGet(43)) - raft.server.snapshot.auto.trigger.enabled = true (custom)
2019-09-20 08:17:29,964 [pool-314-thread-1] INFO  server.RaftServerConfigKeys (ConfUtils.java:logGet(43)) - raft.server.snapshot.auto.trigger.threshold = 10000 (custom)
2019-09-20 08:17:29,964 [pool-314-thread-1] INFO  server.RaftServerConfigKeys (ConfUtils.java:logGet(43)) - raft.server.retrycache.expirytime = 600000ms (custom)
2019-09-20 08:17:29,964 [pool-314-thread-1] INFO  impl.RaftServerImpl (RaftServerImpl.java:start(180)) - 16d094f2-c33f-45e9-afed-588eb6ecb67d: start group-D66DB0300B1B
2019-09-20 08:17:29,964 [pool-314-thread-1] INFO  impl.RaftServerImpl (RaftServerImpl.java:setRole(171)) - 16d094f2-c33f-45e9-afed-588eb6ecb67d:group-D66DB0300B1B changes role from null to FOLLOWER at term 0 for startAsFollower
2019-09-20 08:17:29,964 [pool-314-thread-1] INFO  impl.RoleInfo (RoleInfo.java:updateAndGet(143)) - 16d094f2-c33f-45e9-afed-588eb6ecb67d: start FollowerState
2019-09-20 08:17:29,965 [pool-314-thread-1] INFO  util.JmxRegister (JmxRegister.java:tryRegister(44)) - Successfully registered JMX Bean with object name Ratis:service=RaftServer,group=group-D66DB0300B1B,id=16d094f2-c33f-45e9-afed-588eb6ecb67d
2019-09-20 08:17:29,967 [RatisPipelineUtilsThread] INFO  pipeline.PipelineStateManager (PipelineStateManager.java:addPipeline(56)) - Created pipeline Pipeline[ Id: f5384fe3-6738-449c-bc37-d66db0300b1b, Nodes: 16d094f2-c33f-45e9-afed-588eb6ecb67d{ip: 192.168.34.27, host: pr-hdds-1569-6tbh6-3362816358, networkLocation: /default-rack, certSerialId: null}, Type:RATIS, Factor:ONE, State:OPEN]
2019-09-20 08:17:29,967 [RatisPipelineUtilsThread] INFO  pipeline.PipelinePlacementPolicy (PipelinePlacementPolicy.java:meetCriteria(91)) - Pipeline Placement: Doesn't meet the criteria to be viable node： a88b1f4d-04ef-4980-ab9d-ac9d0d2fe007 Heaviness: 6 limit: 5
2019-09-20 08:17:29,967 [RatisPipelineUtilsThread] INFO  pipeline.PipelinePlacementPolicy (PipelinePlacementPolicy.java:meetCriteria(91)) - Pipeline Placement: Doesn't meet the criteria to be viable node： d160b31f-a19e-4d4b-96c3-58cad6c89056 Heaviness: 6 limit: 5
2019-09-20 08:17:29,972 [grpc-default-executor-0] INFO  impl.RaftServerProxy (RaftServerProxy.java:addNew(89)) - 16d094f2-c33f-45e9-afed-588eb6ecb67d: addNew group-EF6A341B084F:[16d094f2-c33f-45e9-afed-588eb6ecb67d:192.168.34.27:45956] returns group-EF6A341B084F:java.util.concurrent.CompletableFuture@375cba2a[Not completed]
2019-09-20 08:17:29,972 [pool-314-thread-1] INFO  impl.RaftServerImpl (RaftServerImpl.java:<init>(93)) - 16d094f2-c33f-45e9-afed-588eb6ecb67d: new RaftServerImpl for group-EF6A341B084F:[16d094f2-c33f-45e9-afed-588eb6ecb67d:192.168.34.27:45956] with ContainerStateMachine:uninitialized
2019-09-20 08:17:29,972 [pool-314-thread-1] INFO  server.RaftServerConfigKeys (ConfUtils.java:logGet(43)) - raft.server.rpc.timeout.min = 5s (custom)
2019-09-20 08:17:29,973 [pool-314-thread-1] INFO  server.RaftServerConfigKeys (ConfUtils.java:logGet(43)) - raft.server.rpc.timeout.max = 5200ms (custom)
2019-09-20 08:17:29,973 [pool-314-thread-1] INFO  server.RaftServerConfigKeys (ConfUtils.java:logGet(43)) - raft.server.rpcslowness.timeout = 120s (custom)
2019-09-20 08:17:29,973 [pool-314-thread-1] INFO  server.RaftServerConfigKeys (ConfUtils.java:logGet(43)) - raft.server.sleep.deviation.threshold = 300 (default)
2019-09-20 08:17:29,973 [pool-314-thread-1] INFO  server.RaftServerConfigKeys (ConfUtils.java:logGet(43)) - raft.server.log.appender.install.snapshot.enabled = false (custom)
2019-09-20 08:17:29,973 [pool-314-thread-1] INFO  impl.RaftServerImpl (ServerState.java:<init>(105)) - 16d094f2-c33f-45e9-afed-588eb6ecb67d:group-EF6A341B084F ConfigurationManager, init=-1: [16d094f2-c33f-45e9-afed-588eb6ecb67d:192.168.34.27:45956], old=null, confs=<EMPTY_MAP>
2019-09-20 08:17:29,973 [pool-314-thread-1] INFO  server.RaftServerConfigKeys (ConfUtils.java:logGet(43)) - raft.server.storage.dir = [/workdir/hadoop-ozone/ozonefs/target/test-dir/MiniOzoneClusterImpl-fff8a6b1-9459-493d-a1d7-ad2cd82c4f30/datanode-2/data/ratis] (custom)
2019-09-20 08:17:29,973 [pool-314-thread-1] INFO  storage.RaftStorageDirectory (RaftStorageDirectory.java:analyzeStorage(246)) - The storage directory /workdir/hadoop-ozone/ozonefs/target/test-dir/MiniOzoneClusterImpl-fff8a6b1-9459-493d-a1d7-ad2cd82c4f30/datanode-2/data/ratis/72b4b60c-114a-4e47-99a6-ef6a341b084f does not exist. Creating ...
2019-09-20 08:17:29,983 [pool-314-thread-1] INFO  storage.RaftStorageDirectory (RaftStorageDirectory.java:tryLock(328)) - Lock on /workdir/hadoop-ozone/ozonefs/target/test-dir/MiniOzoneClusterImpl-fff8a6b1-9459-493d-a1d7-ad2cd82c4f30/datanode-2/data/ratis/72b4b60c-114a-4e47-99a6-ef6a341b084f/in_use.lock acquired by nodename 11539@pr-hdds-1569-6tbh6-3362816358
2019-09-20 08:17:29,997 [pool-314-thread-1] INFO  storage.RaftStorage (RaftStorage.java:format(72)) - Storage directory /workdir/hadoop-ozone/ozonefs/target/test-dir/MiniOzoneClusterImpl-fff8a6b1-9459-493d-a1d7-ad2cd82c4f30/datanode-2/data/ratis/72b4b60c-114a-4e47-99a6-ef6a341b084f has been successfully formatted.
2019-09-20 08:17:29,997 [pool-314-thread-1] INFO  ratis.ContainerStateMachine (ContainerStateMachine.java:loadSnapshot(226)) - group-EF6A341B084F: The snapshot info is null. Setting the last applied indexto:(t:0, i:~)
2019-09-20 08:17:29,997 [pool-314-thread-1] INFO  server.RaftServerConfigKeys (ConfUtils.java:logGet(43)) - raft.server.leader.election.timeout = 120s (custom)
2019-09-20 08:17:29,998 [pool-314-thread-1] INFO  server.RaftServerConfigKeys (ConfUtils.java:logGet(43)) - raft.server.log.use.memory = false (default)
2019-09-20 08:17:29,998 [pool-314-thread-1] INFO  server.RaftServerConfigKeys (ConfUtils.java:logGet(43)) - raft.server.log.purge.gap = 1000000 (custom)
2019-09-20 08:17:29,998 [pool-314-thread-1] INFO  server.RaftServerConfigKeys (ConfUtils.java:logGet(43)) - raft.server.log.appender.buffer.byte-limit = 33554432 (custom)
2019-09-20 08:17:29,998 [pool-314-thread-1] INFO  server.RaftServerConfigKeys (ConfUtils.java:logGet(43)) - raft.server.log.segment.size.max = 1048576 (custom)
2019-09-20 08:17:29,998 [pool-314-thread-1] INFO  server.RaftServerConfigKeys (ConfUtils.java:logGet(43)) - raft.server.log.segment.cache.num.max = 2 (custom)
2019-09-20 08:17:29,998 [pool-314-thread-1] INFO  segmented.SegmentedRaftLogWorker (SegmentedRaftLogWorker.java:<init>(172)) - new 16d094f2-c33f-45e9-afed-588eb6ecb67d-SegmentedRaftLogWorker:Storage Directory /workdir/hadoop-ozone/ozonefs/target/test-dir/MiniOzoneClusterImpl-fff8a6b1-9459-493d-a1d7-ad2cd82c4f30/datanode-2/data/ratis/72b4b60c-114a-4e47-99a6-ef6a341b084f for RaftStorage:Storage Directory /workdir/hadoop-ozone/ozonefs/target/test-dir/MiniOzoneClusterImpl-fff8a6b1-9459-493d-a1d7-ad2cd82c4f30/datanode-2/data/ratis/72b4b60c-114a-4e47-99a6-ef6a341b084f
2019-09-20 08:17:29,999 [pool-314-thread-1] INFO  server.RaftServerConfigKeys (ConfUtils.java:logGet(43)) - raft.server.log.queue.byte-limit = 2147483647 (custom)
2019-09-20 08:17:29,999 [pool-314-thread-1] INFO  server.RaftServerConfigKeys (ConfUtils.java:logGet(43)) - raft.server.log.queue.element-limit = 1024 (custom)
2019-09-20 08:17:29,999 [pool-314-thread-1] INFO  server.RaftServerConfigKeys (ConfUtils.java:logGet(43)) - raft.server.log.segment.size.max = 1048576 (custom)
2019-09-20 08:17:29,999 [pool-314-thread-1] INFO  server.RaftServerConfigKeys (ConfUtils.java:logGet(43)) - raft.server.log.preallocated.size = 16384 (custom)
2019-09-20 08:17:29,999 [pool-314-thread-1] INFO  server.RaftServerConfigKeys (ConfUtils.java:logGet(43)) - raft.server.log.write.buffer.size = 33554432 (custom)
2019-09-20 08:17:29,999 [pool-314-thread-1] INFO  server.RaftServerConfigKeys (ConfUtils.java:logGet(43)) - raft.server.log.force.sync.num = 128 (default)
2019-09-20 08:17:30,000 [pool-314-thread-1] INFO  server.RaftServerConfigKeys (ConfUtils.java:logGet(43)) - raft.server.log.statemachine.data.sync = true (default)
2019-09-20 08:17:30,000 [pool-314-thread-1] INFO  server.RaftServerConfigKeys (ConfUtils.java:logGet(43)) - raft.server.log.statemachine.data.sync.timeout = 10s (default)
2019-09-20 08:17:30,000 [pool-314-thread-1] INFO  server.RaftServerConfigKeys (ConfUtils.java:logGet(43)) - raft.server.log.statemachine.data.sync.timeout.retry = -1 (default)
2019-09-20 08:17:30,000 [pool-314-thread-1] INFO  server.RaftServerConfigKeys (ConfUtils.java:logGet(43)) - raft.server.log.statemachine.data.caching.enabled = true (custom)
2019-09-20 08:17:30,001 [pool-314-thread-1] INFO  segmented.SegmentedRaftLogWorker (SegmentedRaftLogWorker.java:lambda$new$0(132)) - 16d094f2-c33f-45e9-afed-588eb6ecb67d-SegmentedRaftLogWorker:Storage Directory /workdir/hadoop-ozone/ozonefs/target/test-dir/MiniOzoneClusterImpl-fff8a6b1-9459-493d-a1d7-ad2cd82c4f30/datanode-2/data/ratis/72b4b60c-114a-4e47-99a6-ef6a341b084f: flushIndex: setUnconditionally 0 -> -1
2019-09-20 08:17:30,001 [pool-314-thread-1] INFO  server.RaftServerConfigKeys (ConfUtils.java:logGet(43)) - raft.server.snapshot.auto.trigger.enabled = true (custom)
2019-09-20 08:17:30,001 [pool-314-thread-1] INFO  server.RaftServerConfigKeys (ConfUtils.java:logGet(43)) - raft.server.snapshot.auto.trigger.threshold = 10000 (custom)
2019-09-20 08:17:30,001 [pool-314-thread-1] INFO  server.RaftServerConfigKeys (ConfUtils.java:logGet(43)) - raft.server.retrycache.expirytime = 600000ms (custom)
2019-09-20 08:17:30,002 [pool-314-thread-1] INFO  impl.RaftServerImpl (RaftServerImpl.java:start(180)) - 16d094f2-c33f-45e9-afed-588eb6ecb67d: start group-EF6A341B084F
2019-09-20 08:17:30,002 [pool-314-thread-1] INFO  impl.RaftServerImpl (RaftServerImpl.java:setRole(171)) - 16d094f2-c33f-45e9-afed-588eb6ecb67d:group-EF6A341B084F changes role from null to FOLLOWER at term 0 for startAsFollower
2019-09-20 08:17:30,002 [pool-314-thread-1] INFO  impl.RoleInfo (RoleInfo.java:updateAndGet(143)) - 16d094f2-c33f-45e9-afed-588eb6ecb67d: start FollowerState
2019-09-20 08:17:30,002 [pool-314-thread-1] INFO  util.JmxRegister (JmxRegister.java:tryRegister(44)) - Successfully registered JMX Bean with object name Ratis:service=RaftServer,group=group-EF6A341B084F,id=16d094f2-c33f-45e9-afed-588eb6ecb67d
2019-09-20 08:17:30,005 [RatisPipelineUtilsThread] INFO  pipeline.PipelineStateManager (PipelineStateManager.java:addPipeline(56)) - Created pipeline Pipeline[ Id: 72b4b60c-114a-4e47-99a6-ef6a341b084f, Nodes: 16d094f2-c33f-45e9-afed-588eb6ecb67d{ip: 192.168.34.27, host: pr-hdds-1569-6tbh6-3362816358, networkLocation: /default-rack, certSerialId: null}, Type:RATIS, Factor:ONE, State:OPEN]
2019-09-20 08:17:30,006 [RatisPipelineUtilsThread] INFO  pipeline.PipelinePlacementPolicy (PipelinePlacementPolicy.java:meetCriteria(91)) - Pipeline Placement: Doesn't meet the criteria to be viable node： a88b1f4d-04ef-4980-ab9d-ac9d0d2fe007 Heaviness: 6 limit: 5
2019-09-20 08:17:30,006 [RatisPipelineUtilsThread] INFO  pipeline.PipelinePlacementPolicy (PipelinePlacementPolicy.java:meetCriteria(91)) - Pipeline Placement: Doesn't meet the criteria to be viable node： d160b31f-a19e-4d4b-96c3-58cad6c89056 Heaviness: 6 limit: 5
2019-09-20 08:17:30,011 [grpc-default-executor-0] INFO  impl.RaftServerProxy (RaftServerProxy.java:addNew(89)) - 16d094f2-c33f-45e9-afed-588eb6ecb67d: addNew group-31A4DAA2E31C:[16d094f2-c33f-45e9-afed-588eb6ecb67d:192.168.34.27:45956] returns group-31A4DAA2E31C:java.util.concurrent.CompletableFuture@23101c6[Not completed]
2019-09-20 08:17:30,012 [pool-314-thread-1] INFO  impl.RaftServerImpl (RaftServerImpl.java:<init>(93)) - 16d094f2-c33f-45e9-afed-588eb6ecb67d: new RaftServerImpl for group-31A4DAA2E31C:[16d094f2-c33f-45e9-afed-588eb6ecb67d:192.168.34.27:45956] with ContainerStateMachine:uninitialized
2019-09-20 08:17:30,012 [pool-314-thread-1] INFO  server.RaftServerConfigKeys (ConfUtils.java:logGet(43)) - raft.server.rpc.timeout.min = 5s (custom)
2019-09-20 08:17:30,012 [pool-314-thread-1] INFO  server.RaftServerConfigKeys (ConfUtils.java:logGet(43)) - raft.server.rpc.timeout.max = 5200ms (custom)
2019-09-20 08:17:30,013 [pool-314-thread-1] INFO  server.RaftServerConfigKeys (ConfUtils.java:logGet(43)) - raft.server.rpcslowness.timeout = 120s (custom)
2019-09-20 08:17:30,013 [pool-314-thread-1] INFO  server.RaftServerConfigKeys (ConfUtils.java:logGet(43)) - raft.server.sleep.deviation.threshold = 300 (default)
2019-09-20 08:17:30,013 [pool-314-thread-1] INFO  server.RaftServerConfigKeys (ConfUtils.java:logGet(43)) - raft.server.log.appender.install.snapshot.enabled = false (custom)
2019-09-20 08:17:30,013 [pool-314-thread-1] INFO  impl.RaftServerImpl (ServerState.java:<init>(105)) - 16d094f2-c33f-45e9-afed-588eb6ecb67d:group-31A4DAA2E31C ConfigurationManager, init=-1: [16d094f2-c33f-45e9-afed-588eb6ecb67d:192.168.34.27:45956], old=null, confs=<EMPTY_MAP>
2019-09-20 08:17:30,013 [pool-314-thread-1] INFO  server.RaftServerConfigKeys (ConfUtils.java:logGet(43)) - raft.server.storage.dir = [/workdir/hadoop-ozone/ozonefs/target/test-dir/MiniOzoneClusterImpl-fff8a6b1-9459-493d-a1d7-ad2cd82c4f30/datanode-2/data/ratis] (custom)
2019-09-20 08:17:30,014 [pool-314-thread-1] INFO  storage.RaftStorageDirectory (RaftStorageDirectory.java:analyzeStorage(246)) - The storage directory /workdir/hadoop-ozone/ozonefs/target/test-dir/MiniOzoneClusterImpl-fff8a6b1-9459-493d-a1d7-ad2cd82c4f30/datanode-2/data/ratis/9c0c2518-a5dc-404d-bd1a-31a4daa2e31c does not exist. Creating ...
2019-09-20 08:17:30,039 [pool-314-thread-1] INFO  storage.RaftStorageDirectory (RaftStorageDirectory.java:tryLock(328)) - Lock on /workdir/hadoop-ozone/ozonefs/target/test-dir/MiniOzoneClusterImpl-fff8a6b1-9459-493d-a1d7-ad2cd82c4f30/datanode-2/data/ratis/9c0c2518-a5dc-404d-bd1a-31a4daa2e31c/in_use.lock acquired by nodename 11539@pr-hdds-1569-6tbh6-3362816358
2019-09-20 08:17:30,052 [pool-314-thread-1] INFO  storage.RaftStorage (RaftStorage.java:format(72)) - Storage directory /workdir/hadoop-ozone/ozonefs/target/test-dir/MiniOzoneClusterImpl-fff8a6b1-9459-493d-a1d7-ad2cd82c4f30/datanode-2/data/ratis/9c0c2518-a5dc-404d-bd1a-31a4daa2e31c has been successfully formatted.
2019-09-20 08:17:30,053 [pool-314-thread-1] INFO  ratis.ContainerStateMachine (ContainerStateMachine.java:loadSnapshot(226)) - group-31A4DAA2E31C: The snapshot info is null. Setting the last applied indexto:(t:0, i:~)
2019-09-20 08:17:30,053 [pool-314-thread-1] INFO  server.RaftServerConfigKeys (ConfUtils.java:logGet(43)) - raft.server.leader.election.timeout = 120s (custom)
2019-09-20 08:17:30,053 [pool-314-thread-1] INFO  server.RaftServerConfigKeys (ConfUtils.java:logGet(43)) - raft.server.log.use.memory = false (default)
2019-09-20 08:17:30,053 [pool-314-thread-1] INFO  server.RaftServerConfigKeys (ConfUtils.java:logGet(43)) - raft.server.log.purge.gap = 1000000 (custom)
2019-09-20 08:17:30,053 [pool-314-thread-1] INFO  server.RaftServerConfigKeys (ConfUtils.java:logGet(43)) - raft.server.log.appender.buffer.byte-limit = 33554432 (custom)
2019-09-20 08:17:30,054 [pool-314-thread-1] INFO  server.RaftServerConfigKeys (ConfUtils.java:logGet(43)) - raft.server.log.segment.size.max = 1048576 (custom)
2019-09-20 08:17:30,054 [pool-314-thread-1] INFO  server.RaftServerConfigKeys (ConfUtils.java:logGet(43)) - raft.server.log.segment.cache.num.max = 2 (custom)
2019-09-20 08:17:30,054 [pool-314-thread-1] INFO  segmented.SegmentedRaftLogWorker (SegmentedRaftLogWorker.java:<init>(172)) - new 16d094f2-c33f-45e9-afed-588eb6ecb67d-SegmentedRaftLogWorker:Storage Directory /workdir/hadoop-ozone/ozonefs/target/test-dir/MiniOzoneClusterImpl-fff8a6b1-9459-493d-a1d7-ad2cd82c4f30/datanode-2/data/ratis/9c0c2518-a5dc-404d-bd1a-31a4daa2e31c for RaftStorage:Storage Directory /workdir/hadoop-ozone/ozonefs/target/test-dir/MiniOzoneClusterImpl-fff8a6b1-9459-493d-a1d7-ad2cd82c4f30/datanode-2/data/ratis/9c0c2518-a5dc-404d-bd1a-31a4daa2e31c
2019-09-20 08:17:30,054 [pool-314-thread-1] INFO  server.RaftServerConfigKeys (ConfUtils.java:logGet(43)) - raft.server.log.queue.byte-limit = 2147483647 (custom)
2019-09-20 08:17:30,055 [pool-314-thread-1] INFO  server.RaftServerConfigKeys (ConfUtils.java:logGet(43)) - raft.server.log.queue.element-limit = 1024 (custom)
2019-09-20 08:17:30,055 [pool-314-thread-1] INFO  server.RaftServerConfigKeys (ConfUtils.java:logGet(43)) - raft.server.log.segment.size.max = 1048576 (custom)
2019-09-20 08:17:30,055 [pool-314-thread-1] INFO  server.RaftServerConfigKeys (ConfUtils.java:logGet(43)) - raft.server.log.preallocated.size = 16384 (custom)
2019-09-20 08:17:30,055 [pool-314-thread-1] INFO  server.RaftServerConfigKeys (ConfUtils.java:logGet(43)) - raft.server.log.write.buffer.size = 33554432 (custom)
2019-09-20 08:17:30,055 [pool-314-thread-1] INFO  server.RaftServerConfigKeys (ConfUtils.java:logGet(43)) - raft.server.log.force.sync.num = 128 (default)
2019-09-20 08:17:30,056 [pool-314-thread-1] INFO  server.RaftServerConfigKeys (ConfUtils.java:logGet(43)) - raft.server.log.statemachine.data.sync = true (default)
2019-09-20 08:17:30,056 [pool-314-thread-1] INFO  server.RaftServerConfigKeys (ConfUtils.java:logGet(43)) - raft.server.log.statemachine.data.sync.timeout = 10s (default)
2019-09-20 08:17:30,056 [pool-314-thread-1] INFO  server.RaftServerConfigKeys (ConfUtils.java:logGet(43)) - raft.server.log.statemachine.data.sync.timeout.retry = -1 (default)
2019-09-20 08:17:30,056 [pool-314-thread-1] INFO  server.RaftServerConfigKeys (ConfUtils.java:logGet(43)) - raft.server.log.statemachine.data.caching.enabled = true (custom)
2019-09-20 08:17:30,057 [pool-314-thread-1] INFO  segmented.SegmentedRaftLogWorker (SegmentedRaftLogWorker.java:lambda$new$0(132)) - 16d094f2-c33f-45e9-afed-588eb6ecb67d-SegmentedRaftLogWorker:Storage Directory /workdir/hadoop-ozone/ozonefs/target/test-dir/MiniOzoneClusterImpl-fff8a6b1-9459-493d-a1d7-ad2cd82c4f30/datanode-2/data/ratis/9c0c2518-a5dc-404d-bd1a-31a4daa2e31c: flushIndex: setUnconditionally 0 -> -1
2019-09-20 08:17:30,057 [pool-314-thread-1] INFO  server.RaftServerConfigKeys (ConfUtils.java:logGet(43)) - raft.server.snapshot.auto.trigger.enabled = true (custom)
2019-09-20 08:17:30,057 [pool-314-thread-1] INFO  server.RaftServerConfigKeys (ConfUtils.java:logGet(43)) - raft.server.snapshot.auto.trigger.threshold = 10000 (custom)
2019-09-20 08:17:30,058 [pool-314-thread-1] INFO  server.RaftServerConfigKeys (ConfUtils.java:logGet(43)) - raft.server.retrycache.expirytime = 600000ms (custom)
2019-09-20 08:17:30,058 [pool-314-thread-1] INFO  impl.RaftServerImpl (RaftServerImpl.java:start(180)) - 16d094f2-c33f-45e9-afed-588eb6ecb67d: start group-31A4DAA2E31C
2019-09-20 08:17:30,058 [pool-314-thread-1] INFO  impl.RaftServerImpl (RaftServerImpl.java:setRole(171)) - 16d094f2-c33f-45e9-afed-588eb6ecb67d:group-31A4DAA2E31C changes role from null to FOLLOWER at term 0 for startAsFollower
2019-09-20 08:17:30,058 [pool-314-thread-1] INFO  impl.RoleInfo (RoleInfo.java:updateAndGet(143)) - 16d094f2-c33f-45e9-afed-588eb6ecb67d: start FollowerState
2019-09-20 08:17:30,059 [pool-314-thread-1] INFO  util.JmxRegister (JmxRegister.java:tryRegister(44)) - Successfully registered JMX Bean with object name Ratis:service=RaftServer,group=group-31A4DAA2E31C,id=16d094f2-c33f-45e9-afed-588eb6ecb67d
2019-09-20 08:17:30,062 [RatisPipelineUtilsThread] INFO  pipeline.PipelineStateManager (PipelineStateManager.java:addPipeline(56)) - Created pipeline Pipeline[ Id: 9c0c2518-a5dc-404d-bd1a-31a4daa2e31c, Nodes: 16d094f2-c33f-45e9-afed-588eb6ecb67d{ip: 192.168.34.27, host: pr-hdds-1569-6tbh6-3362816358, networkLocation: /default-rack, certSerialId: null}, Type:RATIS, Factor:ONE, State:OPEN]
2019-09-20 08:17:30,062 [RatisPipelineUtilsThread] INFO  pipeline.PipelinePlacementPolicy (PipelinePlacementPolicy.java:meetCriteria(91)) - Pipeline Placement: Doesn't meet the criteria to be viable node： a88b1f4d-04ef-4980-ab9d-ac9d0d2fe007 Heaviness: 6 limit: 5
2019-09-20 08:17:30,062 [RatisPipelineUtilsThread] INFO  pipeline.PipelinePlacementPolicy (PipelinePlacementPolicy.java:meetCriteria(91)) - Pipeline Placement: Doesn't meet the criteria to be viable node： d160b31f-a19e-4d4b-96c3-58cad6c89056 Heaviness: 6 limit: 5
2019-09-20 08:17:30,067 [grpc-default-executor-0] INFO  impl.RaftServerProxy (RaftServerProxy.java:addNew(89)) - 16d094f2-c33f-45e9-afed-588eb6ecb67d: addNew group-8EDB2F7A73CD:[16d094f2-c33f-45e9-afed-588eb6ecb67d:192.168.34.27:45956] returns group-8EDB2F7A73CD:java.util.concurrent.CompletableFuture@681b38f7[Not completed]
2019-09-20 08:17:30,069 [pool-314-thread-1] INFO  impl.RaftServerImpl (RaftServerImpl.java:<init>(93)) - 16d094f2-c33f-45e9-afed-588eb6ecb67d: new RaftServerImpl for group-8EDB2F7A73CD:[16d094f2-c33f-45e9-afed-588eb6ecb67d:192.168.34.27:45956] with ContainerStateMachine:uninitialized
2019-09-20 08:17:30,069 [pool-314-thread-1] INFO  server.RaftServerConfigKeys (ConfUtils.java:logGet(43)) - raft.server.rpc.timeout.min = 5s (custom)
2019-09-20 08:17:30,069 [pool-314-thread-1] INFO  server.RaftServerConfigKeys (ConfUtils.java:logGet(43)) - raft.server.rpc.timeout.max = 5200ms (custom)
2019-09-20 08:17:30,069 [pool-314-thread-1] INFO  server.RaftServerConfigKeys (ConfUtils.java:logGet(43)) - raft.server.rpcslowness.timeout = 120s (custom)
2019-09-20 08:17:30,069 [pool-314-thread-1] INFO  server.RaftServerConfigKeys (ConfUtils.java:logGet(43)) - raft.server.sleep.deviation.threshold = 300 (default)
2019-09-20 08:17:30,069 [pool-314-thread-1] INFO  server.RaftServerConfigKeys (ConfUtils.java:logGet(43)) - raft.server.log.appender.install.snapshot.enabled = false (custom)
2019-09-20 08:17:30,069 [pool-314-thread-1] INFO  impl.RaftServerImpl (ServerState.java:<init>(105)) - 16d094f2-c33f-45e9-afed-588eb6ecb67d:group-8EDB2F7A73CD ConfigurationManager, init=-1: [16d094f2-c33f-45e9-afed-588eb6ecb67d:192.168.34.27:45956], old=null, confs=<EMPTY_MAP>
2019-09-20 08:17:30,070 [pool-314-thread-1] INFO  server.RaftServerConfigKeys (ConfUtils.java:logGet(43)) - raft.server.storage.dir = [/workdir/hadoop-ozone/ozonefs/target/test-dir/MiniOzoneClusterImpl-fff8a6b1-9459-493d-a1d7-ad2cd82c4f30/datanode-2/data/ratis] (custom)
2019-09-20 08:17:30,070 [pool-314-thread-1] INFO  storage.RaftStorageDirectory (RaftStorageDirectory.java:analyzeStorage(246)) - The storage directory /workdir/hadoop-ozone/ozonefs/target/test-dir/MiniOzoneClusterImpl-fff8a6b1-9459-493d-a1d7-ad2cd82c4f30/datanode-2/data/ratis/170c146c-7cea-47e2-87b4-8edb2f7a73cd does not exist. Creating ...
2019-09-20 08:17:30,084 [pool-314-thread-1] INFO  storage.RaftStorageDirectory (RaftStorageDirectory.java:tryLock(328)) - Lock on /workdir/hadoop-ozone/ozonefs/target/test-dir/MiniOzoneClusterImpl-fff8a6b1-9459-493d-a1d7-ad2cd82c4f30/datanode-2/data/ratis/170c146c-7cea-47e2-87b4-8edb2f7a73cd/in_use.lock acquired by nodename 11539@pr-hdds-1569-6tbh6-3362816358
2019-09-20 08:17:30,097 [pool-314-thread-1] INFO  storage.RaftStorage (RaftStorage.java:format(72)) - Storage directory /workdir/hadoop-ozone/ozonefs/target/test-dir/MiniOzoneClusterImpl-fff8a6b1-9459-493d-a1d7-ad2cd82c4f30/datanode-2/data/ratis/170c146c-7cea-47e2-87b4-8edb2f7a73cd has been successfully formatted.
2019-09-20 08:17:30,098 [pool-314-thread-1] INFO  ratis.ContainerStateMachine (ContainerStateMachine.java:loadSnapshot(226)) - group-8EDB2F7A73CD: The snapshot info is null. Setting the last applied indexto:(t:0, i:~)
2019-09-20 08:17:30,098 [pool-314-thread-1] INFO  server.RaftServerConfigKeys (ConfUtils.java:logGet(43)) - raft.server.leader.election.timeout = 120s (custom)
2019-09-20 08:17:30,098 [pool-314-thread-1] INFO  server.RaftServerConfigKeys (ConfUtils.java:logGet(43)) - raft.server.log.use.memory = false (default)
2019-09-20 08:17:30,098 [pool-314-thread-1] INFO  server.RaftServerConfigKeys (ConfUtils.java:logGet(43)) - raft.server.log.purge.gap = 1000000 (custom)
2019-09-20 08:17:30,098 [pool-314-thread-1] INFO  server.RaftServerConfigKeys (ConfUtils.java:logGet(43)) - raft.server.log.appender.buffer.byte-limit = 33554432 (custom)
2019-09-20 08:17:30,098 [pool-314-thread-1] INFO  server.RaftServerConfigKeys (ConfUtils.java:logGet(43)) - raft.server.log.segment.size.max = 1048576 (custom)
2019-09-20 08:17:30,098 [pool-314-thread-1] INFO  server.RaftServerConfigKeys (ConfUtils.java:logGet(43)) - raft.server.log.segment.cache.num.max = 2 (custom)
2019-09-20 08:17:30,099 [pool-314-thread-1] INFO  segmented.SegmentedRaftLogWorker (SegmentedRaftLogWorker.java:<init>(172)) - new 16d094f2-c33f-45e9-afed-588eb6ecb67d-SegmentedRaftLogWorker:Storage Directory /workdir/hadoop-ozone/ozonefs/target/test-dir/MiniOzoneClusterImpl-fff8a6b1-9459-493d-a1d7-ad2cd82c4f30/datanode-2/data/ratis/170c146c-7cea-47e2-87b4-8edb2f7a73cd for RaftStorage:Storage Directory /workdir/hadoop-ozone/ozonefs/target/test-dir/MiniOzoneClusterImpl-fff8a6b1-9459-493d-a1d7-ad2cd82c4f30/datanode-2/data/ratis/170c146c-7cea-47e2-87b4-8edb2f7a73cd
2019-09-20 08:17:30,099 [pool-314-thread-1] INFO  server.RaftServerConfigKeys (ConfUtils.java:logGet(43)) - raft.server.log.queue.byte-limit = 2147483647 (custom)
2019-09-20 08:17:30,099 [pool-314-thread-1] INFO  server.RaftServerConfigKeys (ConfUtils.java:logGet(43)) - raft.server.log.queue.element-limit = 1024 (custom)
2019-09-20 08:17:30,099 [pool-314-thread-1] INFO  server.RaftServerConfigKeys (ConfUtils.java:logGet(43)) - raft.server.log.segment.size.max = 1048576 (custom)
2019-09-20 08:17:30,099 [pool-314-thread-1] INFO  server.RaftServerConfigKeys (ConfUtils.java:logGet(43)) - raft.server.log.preallocated.size = 16384 (custom)
2019-09-20 08:17:30,099 [pool-314-thread-1] INFO  server.RaftServerConfigKeys (ConfUtils.java:logGet(43)) - raft.server.log.write.buffer.size = 33554432 (custom)
2019-09-20 08:17:30,099 [pool-314-thread-1] INFO  server.RaftServerConfigKeys (ConfUtils.java:logGet(43)) - raft.server.log.force.sync.num = 128 (default)
2019-09-20 08:17:30,100 [pool-314-thread-1] INFO  server.RaftServerConfigKeys (ConfUtils.java:logGet(43)) - raft.server.log.statemachine.data.sync = true (default)
2019-09-20 08:17:30,100 [pool-314-thread-1] INFO  server.RaftServerConfigKeys (ConfUtils.java:logGet(43)) - raft.server.log.statemachine.data.sync.timeout = 10s (default)
2019-09-20 08:17:30,100 [pool-314-thread-1] INFO  server.RaftServerConfigKeys (ConfUtils.java:logGet(43)) - raft.server.log.statemachine.data.sync.timeout.retry = -1 (default)
2019-09-20 08:17:30,100 [pool-314-thread-1] INFO  server.RaftServerConfigKeys (ConfUtils.java:logGet(43)) - raft.server.log.statemachine.data.caching.enabled = true (custom)
2019-09-20 08:17:30,100 [pool-314-thread-1] INFO  segmented.SegmentedRaftLogWorker (SegmentedRaftLogWorker.java:lambda$new$0(132)) - 16d094f2-c33f-45e9-afed-588eb6ecb67d-SegmentedRaftLogWorker:Storage Directory /workdir/hadoop-ozone/ozonefs/target/test-dir/MiniOzoneClusterImpl-fff8a6b1-9459-493d-a1d7-ad2cd82c4f30/datanode-2/data/ratis/170c146c-7cea-47e2-87b4-8edb2f7a73cd: flushIndex: setUnconditionally 0 -> -1
2019-09-20 08:17:30,101 [pool-314-thread-1] INFO  server.RaftServerConfigKeys (ConfUtils.java:logGet(43)) - raft.server.snapshot.auto.trigger.enabled = true (custom)
2019-09-20 08:17:30,101 [pool-314-thread-1] INFO  server.RaftServerConfigKeys (ConfUtils.java:logGet(43)) - raft.server.snapshot.auto.trigger.threshold = 10000 (custom)
2019-09-20 08:17:30,101 [pool-314-thread-1] INFO  server.RaftServerConfigKeys (ConfUtils.java:logGet(43)) - raft.server.retrycache.expirytime = 600000ms (custom)
2019-09-20 08:17:30,101 [pool-314-thread-1] INFO  impl.RaftServerImpl (RaftServerImpl.java:start(180)) - 16d094f2-c33f-45e9-afed-588eb6ecb67d: start group-8EDB2F7A73CD
2019-09-20 08:17:30,101 [pool-314-thread-1] INFO  impl.RaftServerImpl (RaftServerImpl.java:setRole(171)) - 16d094f2-c33f-45e9-afed-588eb6ecb67d:group-8EDB2F7A73CD changes role from null to FOLLOWER at term 0 for startAsFollower
2019-09-20 08:17:30,101 [pool-314-thread-1] INFO  impl.RoleInfo (RoleInfo.java:updateAndGet(143)) - 16d094f2-c33f-45e9-afed-588eb6ecb67d: start FollowerState
2019-09-20 08:17:30,102 [pool-314-thread-1] INFO  util.JmxRegister (JmxRegister.java:tryRegister(44)) - Successfully registered JMX Bean with object name Ratis:service=RaftServer,group=group-8EDB2F7A73CD,id=16d094f2-c33f-45e9-afed-588eb6ecb67d
2019-09-20 08:17:30,105 [RatisPipelineUtilsThread] INFO  pipeline.PipelineStateManager (PipelineStateManager.java:addPipeline(56)) - Created pipeline Pipeline[ Id: 170c146c-7cea-47e2-87b4-8edb2f7a73cd, Nodes: 16d094f2-c33f-45e9-afed-588eb6ecb67d{ip: 192.168.34.27, host: pr-hdds-1569-6tbh6-3362816358, networkLocation: /default-rack, certSerialId: null}, Type:RATIS, Factor:ONE, State:OPEN]
2019-09-20 08:17:30,105 [RatisPipelineUtilsThread] INFO  pipeline.PipelinePlacementPolicy (PipelinePlacementPolicy.java:meetCriteria(91)) - Pipeline Placement: Doesn't meet the criteria to be viable node： a88b1f4d-04ef-4980-ab9d-ac9d0d2fe007 Heaviness: 6 limit: 5
2019-09-20 08:17:30,105 [RatisPipelineUtilsThread] INFO  pipeline.PipelinePlacementPolicy (PipelinePlacementPolicy.java:meetCriteria(91)) - Pipeline Placement: Doesn't meet the criteria to be viable node： d160b31f-a19e-4d4b-96c3-58cad6c89056 Heaviness: 6 limit: 5
2019-09-20 08:17:30,110 [grpc-default-executor-0] INFO  impl.RaftServerProxy (RaftServerProxy.java:addNew(89)) - 16d094f2-c33f-45e9-afed-588eb6ecb67d: addNew group-C0551BEE0FB6:[16d094f2-c33f-45e9-afed-588eb6ecb67d:192.168.34.27:45956] returns group-C0551BEE0FB6:java.util.concurrent.CompletableFuture@245b79b2[Not completed]
2019-09-20 08:17:30,111 [pool-314-thread-1] INFO  impl.RaftServerImpl (RaftServerImpl.java:<init>(93)) - 16d094f2-c33f-45e9-afed-588eb6ecb67d: new RaftServerImpl for group-C0551BEE0FB6:[16d094f2-c33f-45e9-afed-588eb6ecb67d:192.168.34.27:45956] with ContainerStateMachine:uninitialized
2019-09-20 08:17:30,111 [pool-314-thread-1] INFO  server.RaftServerConfigKeys (ConfUtils.java:logGet(43)) - raft.server.rpc.timeout.min = 5s (custom)
2019-09-20 08:17:30,111 [pool-314-thread-1] INFO  server.RaftServerConfigKeys (ConfUtils.java:logGet(43)) - raft.server.rpc.timeout.max = 5200ms (custom)
2019-09-20 08:17:30,112 [pool-314-thread-1] INFO  server.RaftServerConfigKeys (ConfUtils.java:logGet(43)) - raft.server.rpcslowness.timeout = 120s (custom)
2019-09-20 08:17:30,112 [pool-314-thread-1] INFO  server.RaftServerConfigKeys (ConfUtils.java:logGet(43)) - raft.server.sleep.deviation.threshold = 300 (default)
2019-09-20 08:17:30,112 [pool-314-thread-1] INFO  server.RaftServerConfigKeys (ConfUtils.java:logGet(43)) - raft.server.log.appender.install.snapshot.enabled = false (custom)
2019-09-20 08:17:30,112 [pool-314-thread-1] INFO  impl.RaftServerImpl (ServerState.java:<init>(105)) - 16d094f2-c33f-45e9-afed-588eb6ecb67d:group-C0551BEE0FB6 ConfigurationManager, init=-1: [16d094f2-c33f-45e9-afed-588eb6ecb67d:192.168.34.27:45956], old=null, confs=<EMPTY_MAP>
2019-09-20 08:17:30,112 [pool-314-thread-1] INFO  server.RaftServerConfigKeys (ConfUtils.java:logGet(43)) - raft.server.storage.dir = [/workdir/hadoop-ozone/ozonefs/target/test-dir/MiniOzoneClusterImpl-fff8a6b1-9459-493d-a1d7-ad2cd82c4f30/datanode-2/data/ratis] (custom)
2019-09-20 08:17:30,112 [pool-314-thread-1] INFO  storage.RaftStorageDirectory (RaftStorageDirectory.java:analyzeStorage(246)) - The storage directory /workdir/hadoop-ozone/ozonefs/target/test-dir/MiniOzoneClusterImpl-fff8a6b1-9459-493d-a1d7-ad2cd82c4f30/datanode-2/data/ratis/a9284b61-4c96-4201-b7d8-c0551bee0fb6 does not exist. Creating ...
2019-09-20 08:17:30,125 [pool-314-thread-1] INFO  storage.RaftStorageDirectory (RaftStorageDirectory.java:tryLock(328)) - Lock on /workdir/hadoop-ozone/ozonefs/target/test-dir/MiniOzoneClusterImpl-fff8a6b1-9459-493d-a1d7-ad2cd82c4f30/datanode-2/data/ratis/a9284b61-4c96-4201-b7d8-c0551bee0fb6/in_use.lock acquired by nodename 11539@pr-hdds-1569-6tbh6-3362816358
2019-09-20 08:17:30,138 [pool-314-thread-1] INFO  storage.RaftStorage (RaftStorage.java:format(72)) - Storage directory /workdir/hadoop-ozone/ozonefs/target/test-dir/MiniOzoneClusterImpl-fff8a6b1-9459-493d-a1d7-ad2cd82c4f30/datanode-2/data/ratis/a9284b61-4c96-4201-b7d8-c0551bee0fb6 has been successfully formatted.
2019-09-20 08:17:30,138 [pool-314-thread-1] INFO  ratis.ContainerStateMachine (ContainerStateMachine.java:loadSnapshot(226)) - group-C0551BEE0FB6: The snapshot info is null. Setting the last applied indexto:(t:0, i:~)
2019-09-20 08:17:30,138 [pool-314-thread-1] INFO  server.RaftServerConfigKeys (ConfUtils.java:logGet(43)) - raft.server.leader.election.timeout = 120s (custom)
2019-09-20 08:17:30,138 [pool-314-thread-1] INFO  server.RaftServerConfigKeys (ConfUtils.java:logGet(43)) - raft.server.log.use.memory = false (default)
2019-09-20 08:17:30,138 [pool-314-thread-1] INFO  server.RaftServerConfigKeys (ConfUtils.java:logGet(43)) - raft.server.log.purge.gap = 1000000 (custom)
2019-09-20 08:17:30,138 [pool-314-thread-1] INFO  server.RaftServerConfigKeys (ConfUtils.java:logGet(43)) - raft.server.log.appender.buffer.byte-limit = 33554432 (custom)
2019-09-20 08:17:30,138 [pool-314-thread-1] INFO  server.RaftServerConfigKeys (ConfUtils.java:logGet(43)) - raft.server.log.segment.size.max = 1048576 (custom)
2019-09-20 08:17:30,139 [pool-314-thread-1] INFO  server.RaftServerConfigKeys (ConfUtils.java:logGet(43)) - raft.server.log.segment.cache.num.max = 2 (custom)
2019-09-20 08:17:30,139 [pool-314-thread-1] INFO  segmented.SegmentedRaftLogWorker (SegmentedRaftLogWorker.java:<init>(172)) - new 16d094f2-c33f-45e9-afed-588eb6ecb67d-SegmentedRaftLogWorker:Storage Directory /workdir/hadoop-ozone/ozonefs/target/test-dir/MiniOzoneClusterImpl-fff8a6b1-9459-493d-a1d7-ad2cd82c4f30/datanode-2/data/ratis/a9284b61-4c96-4201-b7d8-c0551bee0fb6 for RaftStorage:Storage Directory /workdir/hadoop-ozone/ozonefs/target/test-dir/MiniOzoneClusterImpl-fff8a6b1-9459-493d-a1d7-ad2cd82c4f30/datanode-2/data/ratis/a9284b61-4c96-4201-b7d8-c0551bee0fb6
2019-09-20 08:17:30,139 [pool-314-thread-1] INFO  server.RaftServerConfigKeys (ConfUtils.java:logGet(43)) - raft.server.log.queue.byte-limit = 2147483647 (custom)
2019-09-20 08:17:30,139 [pool-314-thread-1] INFO  server.RaftServerConfigKeys (ConfUtils.java:logGet(43)) - raft.server.log.queue.element-limit = 1024 (custom)
2019-09-20 08:17:30,139 [pool-314-thread-1] INFO  server.RaftServerConfigKeys (ConfUtils.java:logGet(43)) - raft.server.log.segment.size.max = 1048576 (custom)
2019-09-20 08:17:30,139 [pool-314-thread-1] INFO  server.RaftServerConfigKeys (ConfUtils.java:logGet(43)) - raft.server.log.preallocated.size = 16384 (custom)
2019-09-20 08:17:30,139 [pool-314-thread-1] INFO  server.RaftServerConfigKeys (ConfUtils.java:logGet(43)) - raft.server.log.write.buffer.size = 33554432 (custom)
2019-09-20 08:17:30,139 [pool-314-thread-1] INFO  server.RaftServerConfigKeys (ConfUtils.java:logGet(43)) - raft.server.log.force.sync.num = 128 (default)
2019-09-20 08:17:30,140 [pool-314-thread-1] INFO  server.RaftServerConfigKeys (ConfUtils.java:logGet(43)) - raft.server.log.statemachine.data.sync = true (default)
2019-09-20 08:17:30,140 [pool-314-thread-1] INFO  server.RaftServerConfigKeys (ConfUtils.java:logGet(43)) - raft.server.log.statemachine.data.sync.timeout = 10s (default)
2019-09-20 08:17:30,140 [pool-314-thread-1] INFO  server.RaftServerConfigKeys (ConfUtils.java:logGet(43)) - raft.server.log.statemachine.data.sync.timeout.retry = -1 (default)
2019-09-20 08:17:30,140 [pool-314-thread-1] INFO  server.RaftServerConfigKeys (ConfUtils.java:logGet(43)) - raft.server.log.statemachine.data.caching.enabled = true (custom)
2019-09-20 08:17:30,140 [pool-314-thread-1] INFO  segmented.SegmentedRaftLogWorker (SegmentedRaftLogWorker.java:lambda$new$0(132)) - 16d094f2-c33f-45e9-afed-588eb6ecb67d-SegmentedRaftLogWorker:Storage Directory /workdir/hadoop-ozone/ozonefs/target/test-dir/MiniOzoneClusterImpl-fff8a6b1-9459-493d-a1d7-ad2cd82c4f30/datanode-2/data/ratis/a9284b61-4c96-4201-b7d8-c0551bee0fb6: flushIndex: setUnconditionally 0 -> -1
2019-09-20 08:17:30,141 [pool-314-thread-1] INFO  server.RaftServerConfigKeys (ConfUtils.java:logGet(43)) - raft.server.snapshot.auto.trigger.enabled = true (custom)
2019-09-20 08:17:30,141 [pool-314-thread-1] INFO  server.RaftServerConfigKeys (ConfUtils.java:logGet(43)) - raft.server.snapshot.auto.trigger.threshold = 10000 (custom)
2019-09-20 08:17:30,141 [pool-314-thread-1] INFO  server.RaftServerConfigKeys (ConfUtils.java:logGet(43)) - raft.server.retrycache.expirytime = 600000ms (custom)
2019-09-20 08:17:30,141 [pool-314-thread-1] INFO  impl.RaftServerImpl (RaftServerImpl.java:start(180)) - 16d094f2-c33f-45e9-afed-588eb6ecb67d: start group-C0551BEE0FB6
2019-09-20 08:17:30,141 [pool-314-thread-1] INFO  impl.RaftServerImpl (RaftServerImpl.java:setRole(171)) - 16d094f2-c33f-45e9-afed-588eb6ecb67d:group-C0551BEE0FB6 changes role from null to FOLLOWER at term 0 for startAsFollower
2019-09-20 08:17:30,141 [pool-314-thread-1] INFO  impl.RoleInfo (RoleInfo.java:updateAndGet(143)) - 16d094f2-c33f-45e9-afed-588eb6ecb67d: start FollowerState
2019-09-20 08:17:30,142 [pool-314-thread-1] INFO  util.JmxRegister (JmxRegister.java:tryRegister(44)) - Successfully registered JMX Bean with object name Ratis:service=RaftServer,group=group-C0551BEE0FB6,id=16d094f2-c33f-45e9-afed-588eb6ecb67d
2019-09-20 08:17:30,144 [RatisPipelineUtilsThread] INFO  pipeline.PipelineStateManager (PipelineStateManager.java:addPipeline(56)) - Created pipeline Pipeline[ Id: a9284b61-4c96-4201-b7d8-c0551bee0fb6, Nodes: 16d094f2-c33f-45e9-afed-588eb6ecb67d{ip: 192.168.34.27, host: pr-hdds-1569-6tbh6-3362816358, networkLocation: /default-rack, certSerialId: null}, Type:RATIS, Factor:ONE, State:OPEN]
2019-09-20 08:17:30,144 [RatisPipelineUtilsThread] INFO  pipeline.PipelinePlacementPolicy (PipelinePlacementPolicy.java:meetCriteria(91)) - Pipeline Placement: Doesn't meet the criteria to be viable node： a88b1f4d-04ef-4980-ab9d-ac9d0d2fe007 Heaviness: 6 limit: 5
2019-09-20 08:17:30,144 [RatisPipelineUtilsThread] INFO  pipeline.PipelinePlacementPolicy (PipelinePlacementPolicy.java:meetCriteria(91)) - Pipeline Placement: Doesn't meet the criteria to be viable node： 16d094f2-c33f-45e9-afed-588eb6ecb67d Heaviness: 6 limit: 5
2019-09-20 08:17:30,145 [RatisPipelineUtilsThread] INFO  pipeline.PipelinePlacementPolicy (PipelinePlacementPolicy.java:meetCriteria(91)) - Pipeline Placement: Doesn't meet the criteria to be viable node： d160b31f-a19e-4d4b-96c3-58cad6c89056 Heaviness: 6 limit: 5
2019-09-20 08:17:30,145 [RatisPipelineUtilsThread] ERROR pipeline.PipelinePlacementPolicy (PipelinePlacementPolicy.java:filterViableNodes(148)) - Unable to find enough nodes that meet the criteria that cannot engage in more than 5 pipelines. Nodes required: 1 Found: 0, healthy nodes count inNodeManager: 3.
2019-09-20 08:17:30,145 [RatisPipelineUtilsThread] ERROR pipeline.SCMPipelineManager (SCMPipelineManager.java:createPipeline(161)) - Pipeline creation failed due to exception: Unable to find enough nodes that meet the criteria that cannot engage in more than 5 pipelines. Nodes required: 1 Found: 0, healthy nodes count inNodeManager: 3.
2019-09-20 08:17:30,145 [RatisPipelineUtilsThread] INFO  pipeline.PipelinePlacementPolicy (PipelinePlacementPolicy.java:meetCriteria(91)) - Pipeline Placement: Doesn't meet the criteria to be viable node： a88b1f4d-04ef-4980-ab9d-ac9d0d2fe007 Heaviness: 6 limit: 5
2019-09-20 08:17:30,145 [RatisPipelineUtilsThread] INFO  pipeline.PipelinePlacementPolicy (PipelinePlacementPolicy.java:meetCriteria(91)) - Pipeline Placement: Doesn't meet the criteria to be viable node： 16d094f2-c33f-45e9-afed-588eb6ecb67d Heaviness: 6 limit: 5
2019-09-20 08:17:30,145 [RatisPipelineUtilsThread] INFO  pipeline.PipelinePlacementPolicy (PipelinePlacementPolicy.java:meetCriteria(91)) - Pipeline Placement: Doesn't meet the criteria to be viable node： d160b31f-a19e-4d4b-96c3-58cad6c89056 Heaviness: 6 limit: 5
2019-09-20 08:17:30,146 [RatisPipelineUtilsThread] ERROR pipeline.PipelinePlacementPolicy (PipelinePlacementPolicy.java:filterViableNodes(148)) - Unable to find enough nodes that meet the criteria that cannot engage in more than 5 pipelines. Nodes required: 3 Found: 0, healthy nodes count inNodeManager: 3.
2019-09-20 08:17:30,146 [RatisPipelineUtilsThread] ERROR pipeline.SCMPipelineManager (SCMPipelineManager.java:createPipeline(161)) - Pipeline creation failed due to exception: Unable to find enough nodes that meet the criteria that cannot engage in more than 5 pipelines. Nodes required: 3 Found: 0, healthy nodes count inNodeManager: 3.
2019-09-20 08:17:30,146 [RatisPipelineUtilsThread] INFO  pipeline.PipelinePlacementPolicy (PipelinePlacementPolicy.java:meetCriteria(91)) - Pipeline Placement: Doesn't meet the criteria to be viable node： a88b1f4d-04ef-4980-ab9d-ac9d0d2fe007 Heaviness: 6 limit: 5
2019-09-20 08:17:30,146 [RatisPipelineUtilsThread] INFO  pipeline.PipelinePlacementPolicy (PipelinePlacementPolicy.java:meetCriteria(91)) - Pipeline Placement: Doesn't meet the criteria to be viable node： 16d094f2-c33f-45e9-afed-588eb6ecb67d Heaviness: 6 limit: 5
2019-09-20 08:17:30,146 [RatisPipelineUtilsThread] INFO  pipeline.PipelinePlacementPolicy (PipelinePlacementPolicy.java:meetCriteria(91)) - Pipeline Placement: Doesn't meet the criteria to be viable node： d160b31f-a19e-4d4b-96c3-58cad6c89056 Heaviness: 6 limit: 5
2019-09-20 08:17:30,147 [RatisPipelineUtilsThread] ERROR pipeline.PipelinePlacementPolicy (PipelinePlacementPolicy.java:filterViableNodes(148)) - Unable to find enough nodes that meet the criteria that cannot engage in more than 5 pipelines. Nodes required: 1 Found: 0, healthy nodes count inNodeManager: 3.
2019-09-20 08:17:30,147 [RatisPipelineUtilsThread] ERROR pipeline.SCMPipelineManager (SCMPipelineManager.java:createPipeline(161)) - Pipeline creation failed due to exception: Unable to find enough nodes that meet the criteria that cannot engage in more than 5 pipelines. Nodes required: 1 Found: 0, healthy nodes count inNodeManager: 3.
2019-09-20 08:17:30,147 [RatisPipelineUtilsThread] INFO  pipeline.PipelinePlacementPolicy (PipelinePlacementPolicy.java:meetCriteria(91)) - Pipeline Placement: Doesn't meet the criteria to be viable node： a88b1f4d-04ef-4980-ab9d-ac9d0d2fe007 Heaviness: 6 limit: 5
2019-09-20 08:17:30,147 [RatisPipelineUtilsThread] INFO  pipeline.PipelinePlacementPolicy (PipelinePlacementPolicy.java:meetCriteria(91)) - Pipeline Placement: Doesn't meet the criteria to be viable node： 16d094f2-c33f-45e9-afed-588eb6ecb67d Heaviness: 6 limit: 5
2019-09-20 08:17:30,147 [RatisPipelineUtilsThread] INFO  pipeline.PipelinePlacementPolicy (PipelinePlacementPolicy.java:meetCriteria(91)) - Pipeline Placement: Doesn't meet the criteria to be viable node： d160b31f-a19e-4d4b-96c3-58cad6c89056 Heaviness: 6 limit: 5
2019-09-20 08:17:30,147 [RatisPipelineUtilsThread] ERROR pipeline.PipelinePlacementPolicy (PipelinePlacementPolicy.java:filterViableNodes(148)) - Unable to find enough nodes that meet the criteria that cannot engage in more than 5 pipelines. Nodes required: 3 Found: 0, healthy nodes count inNodeManager: 3.
2019-09-20 08:17:30,147 [RatisPipelineUtilsThread] ERROR pipeline.SCMPipelineManager (SCMPipelineManager.java:createPipeline(161)) - Pipeline creation failed due to exception: Unable to find enough nodes that meet the criteria that cannot engage in more than 5 pipelines. Nodes required: 3 Found: 0, healthy nodes count inNodeManager: 3.
2019-09-20 08:17:30,863 [main] INFO  ozone.MiniOzoneClusterImpl (MiniOzoneClusterImpl.java:lambda$waitForClusterToBeReady$0(142)) - Cluster is ready. Got 3 of 3 DN Heartbeats.
2019-09-20 08:17:31,022 | INFO  | OMAudit | user=jenkins1000 | ip=127.0.0.1 | op=CREATE_VOLUME {admin=admin99297, owner=user73898, volume=volume45006, creationTime=1568967451021, quotaInBytes=1152921504606846976} | ret=SUCCESS |  
2019-09-20 08:17:31,033 | INFO  | OMAudit | user=jenkins1000 | ip=127.0.0.1 | op=CREATE_BUCKET {volume=volume45006, bucket=bucket67594, acls=[], isVersionEnabled=false, storageType=DISK, creationTime=0} | ret=SUCCESS |  
2019-09-20 08:17:31,054 | INFO  | OMAudit | user=jenkins1000 | ip=127.0.0.1 | op=READ_VOLUME {volume=volume45006} | ret=SUCCESS |  
2019-09-20 08:17:31,055 | INFO  | OMAudit | user=jenkins1000 | ip=127.0.0.1 | op=READ_BUCKET {volume=volume45006, bucket=bucket67594} | ret=SUCCESS |  
2019-09-20 08:17:31,108 [IPC Server handler 2 on 37999] INFO  pipeline.PipelinePlacementPolicy (PipelinePlacementPolicy.java:meetCriteria(91)) - Pipeline Placement: Doesn't meet the criteria to be viable node： a88b1f4d-04ef-4980-ab9d-ac9d0d2fe007 Heaviness: 6 limit: 5
2019-09-20 08:17:31,109 [IPC Server handler 2 on 37999] INFO  pipeline.PipelinePlacementPolicy (PipelinePlacementPolicy.java:meetCriteria(91)) - Pipeline Placement: Doesn't meet the criteria to be viable node： 16d094f2-c33f-45e9-afed-588eb6ecb67d Heaviness: 6 limit: 5
2019-09-20 08:17:31,109 [IPC Server handler 2 on 37999] INFO  pipeline.PipelinePlacementPolicy (PipelinePlacementPolicy.java:meetCriteria(91)) - Pipeline Placement: Doesn't meet the criteria to be viable node： d160b31f-a19e-4d4b-96c3-58cad6c89056 Heaviness: 6 limit: 5
2019-09-20 08:17:31,110 [IPC Server handler 2 on 37999] ERROR pipeline.PipelinePlacementPolicy (PipelinePlacementPolicy.java:filterViableNodes(148)) - Unable to find enough nodes that meet the criteria that cannot engage in more than 5 pipelines. Nodes required: 3 Found: 0, healthy nodes count inNodeManager: 3.
2019-09-20 08:17:31,110 [IPC Server handler 2 on 37999] ERROR pipeline.SCMPipelineManager (SCMPipelineManager.java:createPipeline(161)) - Pipeline creation failed due to exception: Unable to find enough nodes that meet the criteria that cannot engage in more than 5 pipelines. Nodes required: 3 Found: 0, healthy nodes count inNodeManager: 3.
2019-09-20 08:17:31,112 [IPC Server handler 2 on 37999] WARN  block.BlockManagerImpl (BlockManagerImpl.java:allocateBlock(192)) - Pipeline creation failed for type:RATIS factor:THREE. Retrying get pipelines call once.
org.apache.hadoop.hdds.scm.exceptions.SCMException: Unable to find enough nodes that meet the criteria that cannot engage in more than 5 pipelines. Nodes required: 3 Found: 0, healthy nodes count inNodeManager: 3.
	at org.apache.hadoop.hdds.scm.pipeline.PipelinePlacementPolicy.filterViableNodes(PipelinePlacementPolicy.java:149)
	at org.apache.hadoop.hdds.scm.pipeline.PipelinePlacementPolicy.chooseDatanodes(PipelinePlacementPolicy.java:172)
	at org.apache.hadoop.hdds.scm.pipeline.RatisPipelineProvider.create(RatisPipelineProvider.java:92)
	at org.apache.hadoop.hdds.scm.pipeline.PipelineFactory.create(PipelineFactory.java:57)
	at org.apache.hadoop.hdds.scm.pipeline.SCMPipelineManager.createPipeline(SCMPipelineManager.java:149)
	at org.apache.hadoop.hdds.scm.block.BlockManagerImpl.allocateBlock(BlockManagerImpl.java:190)
	at org.apache.hadoop.hdds.scm.server.SCMBlockProtocolServer.allocateBlock(SCMBlockProtocolServer.java:175)
	at org.apache.hadoop.ozone.protocolPB.ScmBlockLocationProtocolServerSideTranslatorPB.allocateScmBlock(ScmBlockLocationProtocolServerSideTranslatorPB.java:153)
	at org.apache.hadoop.ozone.protocolPB.ScmBlockLocationProtocolServerSideTranslatorPB.send(ScmBlockLocationProtocolServerSideTranslatorPB.java:112)
	at org.apache.hadoop.hdds.protocol.proto.ScmBlockLocationProtocolProtos$ScmBlockLocationProtocolService$2.callBlockingMethod(ScmBlockLocationProtocolProtos.java:13157)
	at org.apache.hadoop.ipc.ProtobufRpcEngine$Server$ProtoBufRpcInvoker.call(ProtobufRpcEngine.java:524)
	at org.apache.hadoop.ipc.RPC$Server.call(RPC.java:1025)
	at org.apache.hadoop.ipc.Server$RpcCall.run(Server.java:876)
	at org.apache.hadoop.ipc.Server$RpcCall.run(Server.java:822)
	at java.security.AccessController.doPrivileged(Native Method)
	at javax.security.auth.Subject.doAs(Subject.java:422)
	at org.apache.hadoop.security.UserGroupInformation.doAs(UserGroupInformation.java:1730)
	at org.apache.hadoop.ipc.Server$Handler.run(Server.java:2682)
2019-09-20 08:17:31,115 [IPC Server handler 2 on 37999] INFO  block.BlockManagerImpl (BlockManagerImpl.java:allocateBlock(198)) - Could not find available pipeline of type:RATIS and factor:THREE even after retrying
2019-09-20 08:17:31,116 [IPC Server handler 2 on 37999] ERROR block.BlockManagerImpl (BlockManagerImpl.java:allocateBlock(222)) - Unable to allocate a block for the size: 4194304, type: RATIS, factor: THREE
2019-09-20 08:17:31,116 | INFO  | SCMAudit | user=jenkins1000 | ip=192.168.34.27 | op=ALLOCATE_BLOCK {owner=19fd6222-dab1-4ffe-ae24-9184a219d2ef, size=4194304, type=RATIS, factor=THREE} | ret=SUCCESS |  
2019-09-20 08:17:31,125 | ERROR | OMAudit | user=jenkins1000 | ip=127.0.0.1 | op=CREATE_FILE {volume=volume45006, bucket=bucket67594, key=oEgLF, dataSize=0, replicationType=RATIS, replicationFactor=THREE, keyLocationInfo=null} | ret=FAILURE | org.apache.hadoop.hdds.scm.exceptions.SCMException: Allocated 0 blocks. Requested 1 blocks
	at org.apache.hadoop.hdds.scm.protocolPB.ScmBlockLocationProtocolClientSideTranslatorPB.handleError(ScmBlockLocationProtocolClientSideTranslatorPB.java:118)
	at org.apache.hadoop.hdds.scm.protocolPB.ScmBlockLocationProtocolClientSideTranslatorPB.allocateBlock(ScmBlockLocationProtocolClientSideTranslatorPB.java:156) 
2019-09-20 08:17:31,128 [main] INFO  ozone.MiniOzoneClusterImpl (MiniOzoneClusterImpl.java:shutdown(321)) - Shutting down the Mini Ozone Cluster
2019-09-20 08:17:31,129 | INFO  | SCMAudit | user=null | ip=null | op=GET_SCM_INFO null | ret=SUCCESS |  
2019-09-20 08:17:31,129 [main] INFO  ozone.MiniOzoneClusterImpl (MiniOzoneClusterImpl.java:stop(336)) - Stopping the Mini Ozone Cluster
2019-09-20 08:17:31,129 [main] INFO  ozone.MiniOzoneClusterImpl (MiniOzoneClusterImpl.java:stop(338)) - Stopping the OzoneManager
2019-09-20 08:17:31,129 [main] INFO  ipc.Server (Server.java:stop(3082)) - Stopping server on 35581
2019-09-20 08:17:31,133 [IPC Server listener on 35581] INFO  ipc.Server (Server.java:run(1185)) - Stopping IPC Server listener on 35581
2019-09-20 08:17:31,133 [main] INFO  ratis.OzoneManagerDoubleBuffer (OzoneManagerDoubleBuffer.java:stop(248)) - Stopping OMDoubleBuffer flush thread
2019-09-20 08:17:31,133 [IPC Server Responder] INFO  ipc.Server (Server.java:run(1319)) - Stopping IPC Server Responder
2019-09-20 08:17:31,135 [OMDoubleBufferFlushThread] INFO  ratis.OzoneManagerDoubleBuffer (OzoneManagerDoubleBuffer.java:flushTransactions(191)) - OMDoubleBuffer flush thread OMDoubleBufferFlushThread is interrupted and will exit. OMDoubleBufferFlushThread
2019-09-20 08:17:31,136 [main] INFO  utils.BackgroundService (BackgroundService.java:shutdown(148)) - Shutting down service KeyDeletingService
2019-09-20 08:17:31,137 [main] INFO  handler.ContextHandler (ContextHandler.java:doStop(910)) - Stopped o.e.j.w.WebAppContext@37d8562f{/,null,UNAVAILABLE}{/ozoneManager}
2019-09-20 08:17:31,138 [main] INFO  server.AbstractConnector (AbstractConnector.java:doStop(318)) - Stopped ServerConnector@19656e21{HTTP/1.1,[http/1.1]}{0.0.0.0:0}
2019-09-20 08:17:31,138 [main] INFO  handler.ContextHandler (ContextHandler.java:doStop(910)) - Stopped o.e.j.s.ServletContextHandler@6d38a81d{/static,jar:file:/home/user/.m2/repository/org/apache/hadoop/hadoop-ozone-ozone-manager/0.5.0-SNAPSHOT/hadoop-ozone-ozone-manager-0.5.0-SNAPSHOT.jar!/webapps/static,UNAVAILABLE}
2019-09-20 08:17:31,139 [main] INFO  handler.ContextHandler (ContextHandler.java:doStop(910)) - Stopped o.e.j.s.ServletContextHandler@6785786d{/logs,file:///workdir/hadoop-ozone/ozonefs/target/log,UNAVAILABLE}
2019-09-20 08:17:31,141 [main] INFO  ozone.MiniOzoneClusterImpl (MiniOzoneClusterImpl.java:stop(344)) - Shutting the HddsDatanodes
2019-09-20 08:17:31,142 [main] INFO  datanode.ObjectStoreHandler (ObjectStoreHandler.java:close(155)) - Closing ObjectStoreHandler.
2019-09-20 08:17:31,142 [ForkJoinPool.commonPool-worker-0] INFO  datanode.ObjectStoreHandler (ObjectStoreHandler.java:close(155)) - Closing ObjectStoreHandler.
2019-09-20 08:17:31,143 [main] INFO  ozone.HddsDatanodeService (HddsDatanodeService.java:stop(451)) - Stopped plug-in org.apache.hadoop.ozone.web.OzoneHddsDatanodeService@1256925b
2019-09-20 08:17:31,143 [ForkJoinPool.commonPool-worker-0] INFO  ozone.HddsDatanodeService (HddsDatanodeService.java:stop(451)) - Stopped plug-in org.apache.hadoop.ozone.web.OzoneHddsDatanodeService@13e5b262
2019-09-20 08:17:31,412 [Datanode State Machine Thread - 0] INFO  statemachine.DatanodeStateMachine (DatanodeStateMachine.java:lambda$startDaemon$0(350)) - Ozone container server started.
2019-09-20 08:17:31,665 [Datanode State Machine Thread - 0] INFO  statemachine.DatanodeStateMachine (DatanodeStateMachine.java:lambda$startDaemon$0(350)) - Ozone container server started.
2019-09-20 08:17:31,863 | INFO  | SCMAudit | user=jenkins1000 | ip=192.168.34.27 | op=SEND_HEARTBEAT {datanodeUUID=16d094f2-c33f-45e9-afed-588eb6ecb67d, command=[]} | ret=SUCCESS |  
2019-09-20 08:17:32,422 [Thread-1504] INFO  container.ReplicationManager (ReplicationManager.java:start(151)) - Starting Replication Monitor Thread.
2019-09-20 08:17:32,425 [ReplicationMonitor] INFO  container.ReplicationManager (ReplicationManager.java:run(214)) - Replication Monitor Thread took 0 milliseconds for processing 0 containers.
2019-09-20 08:17:32,863 | INFO  | SCMAudit | user=jenkins1000 | ip=192.168.34.27 | op=SEND_HEARTBEAT {datanodeUUID=16d094f2-c33f-45e9-afed-588eb6ecb67d, command=[]} | ret=SUCCESS |  
2019-09-20 08:17:33,864 | INFO  | SCMAudit | user=jenkins1000 | ip=192.168.34.27 | op=SEND_HEARTBEAT {datanodeUUID=16d094f2-c33f-45e9-afed-588eb6ecb67d, command=[]} | ret=SUCCESS |  
2019-09-20 08:17:34,556 [Thread-1509] INFO  impl.FollowerState (FollowerState.java:run(106)) - a88b1f4d-04ef-4980-ab9d-ac9d0d2fe007:group-D2BA216CB82E changes to CANDIDATE, lastRpcTime:5039, electionTimeout:5039ms
2019-09-20 08:17:34,556 [Thread-1509] INFO  impl.RoleInfo (RoleInfo.java:shutdownFollowerState(121)) - a88b1f4d-04ef-4980-ab9d-ac9d0d2fe007: shutdown FollowerState
2019-09-20 08:17:34,556 [Thread-1509] INFO  impl.RaftServerImpl (RaftServerImpl.java:setRole(171)) - a88b1f4d-04ef-4980-ab9d-ac9d0d2fe007:group-D2BA216CB82E changes role from FOLLOWER to CANDIDATE at term 0 for changeToCandidate
2019-09-20 08:17:34,556 [Thread-1509] INFO  impl.RoleInfo (RoleInfo.java:updateAndGet(143)) - a88b1f4d-04ef-4980-ab9d-ac9d0d2fe007: start LeaderElection
2019-09-20 08:17:34,585 [a88b1f4d-04ef-4980-ab9d-ac9d0d2fe007:group-D2BA216CB82E:LeaderElection91] INFO  impl.LeaderElection (LeaderElection.java:askForVotes(181)) - a88b1f4d-04ef-4980-ab9d-ac9d0d2fe007:group-D2BA216CB82E:LeaderElection91: begin an election at term 1 for -1: [a88b1f4d-04ef-4980-ab9d-ac9d0d2fe007:192.168.34.27:36809], old=null
2019-09-20 08:17:34,585 [a88b1f4d-04ef-4980-ab9d-ac9d0d2fe007:group-D2BA216CB82E:LeaderElection91] INFO  impl.RoleInfo (RoleInfo.java:shutdownLeaderElection(134)) - a88b1f4d-04ef-4980-ab9d-ac9d0d2fe007: shutdown LeaderElection
2019-09-20 08:17:34,586 [a88b1f4d-04ef-4980-ab9d-ac9d0d2fe007:group-D2BA216CB82E:LeaderElection91] INFO  impl.RaftServerImpl (RaftServerImpl.java:setRole(171)) - a88b1f4d-04ef-4980-ab9d-ac9d0d2fe007:group-D2BA216CB82E changes role from CANDIDATE to LEADER at term 1 for changeToLeader
2019-09-20 08:17:34,586 [a88b1f4d-04ef-4980-ab9d-ac9d0d2fe007:group-D2BA216CB82E:LeaderElection91] INFO  impl.RaftServerImpl (ServerState.java:setLeader(263)) - a88b1f4d-04ef-4980-ab9d-ac9d0d2fe007:group-D2BA216CB82E change Leader from null to a88b1f4d-04ef-4980-ab9d-ac9d0d2fe007 at term 1 for becomeLeader, leader elected after 5074ms
2019-09-20 08:17:34,586 [a88b1f4d-04ef-4980-ab9d-ac9d0d2fe007:group-D2BA216CB82E:LeaderElection91] INFO  server.RaftServerConfigKeys (ConfUtils.java:logGet(43)) - raft.server.staging.catchup.gap = 1000 (default)
2019-09-20 08:17:34,586 [a88b1f4d-04ef-4980-ab9d-ac9d0d2fe007:group-D2BA216CB82E:LeaderElection91] INFO  server.RaftServerConfigKeys (ConfUtils.java:logGet(43)) - raft.server.rpc.sleep.time = 25ms (default)
2019-09-20 08:17:34,586 [a88b1f4d-04ef-4980-ab9d-ac9d0d2fe007:group-D2BA216CB82E:LeaderElection91] INFO  server.RaftServerConfigKeys (ConfUtils.java:logGet(43)) - raft.server.write.element-limit = 4096 (default)
2019-09-20 08:17:34,586 [a88b1f4d-04ef-4980-ab9d-ac9d0d2fe007:group-D2BA216CB82E:LeaderElection91] INFO  server.RaftServerConfigKeys (ConfUtils.java:logGet(43)) - raft.server.watch.timeout = 10s (default)
2019-09-20 08:17:34,587 [a88b1f4d-04ef-4980-ab9d-ac9d0d2fe007:group-D2BA216CB82E:LeaderElection91] INFO  server.RaftServerConfigKeys (ConfUtils.java:logGet(43)) - raft.server.watch.timeout.denomination = 1s (default)
2019-09-20 08:17:34,587 [a88b1f4d-04ef-4980-ab9d-ac9d0d2fe007:group-D2BA216CB82E:LeaderElection91] INFO  server.RaftServerConfigKeys (ConfUtils.java:logGet(43)) - raft.server.watch.element-limit = 65536 (default)
2019-09-20 08:17:34,587 [a88b1f4d-04ef-4980-ab9d-ac9d0d2fe007:group-D2BA216CB82E:LeaderElection91] INFO  impl.RoleInfo (RoleInfo.java:updateAndGet(143)) - a88b1f4d-04ef-4980-ab9d-ac9d0d2fe007: start LeaderState
2019-09-20 08:17:34,587 [a88b1f4d-04ef-4980-ab9d-ac9d0d2fe007:group-D2BA216CB82E:LeaderElection91] INFO  segmented.SegmentedRaftLogWorker (SegmentedRaftLogWorker.java:startLogSegment(380)) - a88b1f4d-04ef-4980-ab9d-ac9d0d2fe007-SegmentedRaftLogWorker:Storage Directory /workdir/hadoop-ozone/ozonefs/target/test-dir/MiniOzoneClusterImpl-fff8a6b1-9459-493d-a1d7-ad2cd82c4f30/datanode-0/data/ratis/289a04ad-66ed-4ae5-b13b-d2ba216cb82e: Starting segment from index:0
2019-09-20 08:17:34,588 [a88b1f4d-04ef-4980-ab9d-ac9d0d2fe007:group-D2BA216CB82E:LeaderElection91] INFO  impl.RaftServerImpl (ServerState.java:setRaftConf(361)) - a88b1f4d-04ef-4980-ab9d-ac9d0d2fe007:group-D2BA216CB82E set configuration 0: [a88b1f4d-04ef-4980-ab9d-ac9d0d2fe007:192.168.34.27:36809], old=null at 0
2019-09-20 08:17:34,635 [a88b1f4d-04ef-4980-ab9d-ac9d0d2fe007-SegmentedRaftLogWorker:Storage Directory /workdir/hadoop-ozone/ozonefs/target/test-dir/MiniOzoneClusterImpl-fff8a6b1-9459-493d-a1d7-ad2cd82c4f30/datanode-0/data/ratis/289a04ad-66ed-4ae5-b13b-d2ba216cb82e] INFO  segmented.SegmentedRaftLogWorker (SegmentedRaftLogWorker.java:execute(569)) - a88b1f4d-04ef-4980-ab9d-ac9d0d2fe007-SegmentedRaftLogWorker:Storage Directory /workdir/hadoop-ozone/ozonefs/target/test-dir/MiniOzoneClusterImpl-fff8a6b1-9459-493d-a1d7-ad2cd82c4f30/datanode-0/data/ratis/289a04ad-66ed-4ae5-b13b-d2ba216cb82e: created new log segment /workdir/hadoop-ozone/ozonefs/target/test-dir/MiniOzoneClusterImpl-fff8a6b1-9459-493d-a1d7-ad2cd82c4f30/datanode-0/data/ratis/289a04ad-66ed-4ae5-b13b-d2ba216cb82e/current/log_inprogress_0
2019-09-20 08:17:34,660 [Thread-1506] INFO  impl.FollowerState (FollowerState.java:run(106)) - a88b1f4d-04ef-4980-ab9d-ac9d0d2fe007:group-AB4825E7A2D9 changes to CANDIDATE, lastRpcTime:5186, electionTimeout:5186ms
2019-09-20 08:17:34,660 [Thread-1506] INFO  impl.RoleInfo (RoleInfo.java:shutdownFollowerState(121)) - a88b1f4d-04ef-4980-ab9d-ac9d0d2fe007: shutdown FollowerState
2019-09-20 08:17:34,660 [Thread-1506] INFO  impl.RaftServerImpl (RaftServerImpl.java:setRole(171)) - a88b1f4d-04ef-4980-ab9d-ac9d0d2fe007:group-AB4825E7A2D9 changes role from FOLLOWER to CANDIDATE at term 0 for changeToCandidate
2019-09-20 08:17:34,660 [Thread-1506] INFO  impl.RoleInfo (RoleInfo.java:updateAndGet(143)) - a88b1f4d-04ef-4980-ab9d-ac9d0d2fe007: start LeaderElection
2019-09-20 08:17:34,675 [a88b1f4d-04ef-4980-ab9d-ac9d0d2fe007:group-AB4825E7A2D9:LeaderElection92] INFO  impl.LeaderElection (LeaderElection.java:askForVotes(181)) - a88b1f4d-04ef-4980-ab9d-ac9d0d2fe007:group-AB4825E7A2D9:LeaderElection92: begin an election at term 1 for -1: [a88b1f4d-04ef-4980-ab9d-ac9d0d2fe007:192.168.34.27:36809], old=null
2019-09-20 08:17:34,675 [a88b1f4d-04ef-4980-ab9d-ac9d0d2fe007:group-AB4825E7A2D9:LeaderElection92] INFO  impl.RoleInfo (RoleInfo.java:shutdownLeaderElection(134)) - a88b1f4d-04ef-4980-ab9d-ac9d0d2fe007: shutdown LeaderElection
2019-09-20 08:17:34,675 [a88b1f4d-04ef-4980-ab9d-ac9d0d2fe007:group-AB4825E7A2D9:LeaderElection92] INFO  impl.RaftServerImpl (RaftServerImpl.java:setRole(171)) - a88b1f4d-04ef-4980-ab9d-ac9d0d2fe007:group-AB4825E7A2D9 changes role from CANDIDATE to LEADER at term 1 for changeToLeader
2019-09-20 08:17:34,675 [a88b1f4d-04ef-4980-ab9d-ac9d0d2fe007:group-AB4825E7A2D9:LeaderElection92] INFO  impl.RaftServerImpl (ServerState.java:setLeader(263)) - a88b1f4d-04ef-4980-ab9d-ac9d0d2fe007:group-AB4825E7A2D9 change Leader from null to a88b1f4d-04ef-4980-ab9d-ac9d0d2fe007 at term 1 for becomeLeader, leader elected after 5209ms
2019-09-20 08:17:34,676 [a88b1f4d-04ef-4980-ab9d-ac9d0d2fe007:group-AB4825E7A2D9:LeaderElection92] INFO  server.RaftServerConfigKeys (ConfUtils.java:logGet(43)) - raft.server.staging.catchup.gap = 1000 (default)
2019-09-20 08:17:34,676 [a88b1f4d-04ef-4980-ab9d-ac9d0d2fe007:group-AB4825E7A2D9:LeaderElection92] INFO  server.RaftServerConfigKeys (ConfUtils.java:logGet(43)) - raft.server.rpc.sleep.time = 25ms (default)
2019-09-20 08:17:34,676 [a88b1f4d-04ef-4980-ab9d-ac9d0d2fe007:group-AB4825E7A2D9:LeaderElection92] INFO  server.RaftServerConfigKeys (ConfUtils.java:logGet(43)) - raft.server.write.element-limit = 4096 (default)
2019-09-20 08:17:34,676 [a88b1f4d-04ef-4980-ab9d-ac9d0d2fe007:group-AB4825E7A2D9:LeaderElection92] INFO  server.RaftServerConfigKeys (ConfUtils.java:logGet(43)) - raft.server.watch.timeout = 10s (default)
2019-09-20 08:17:34,676 [a88b1f4d-04ef-4980-ab9d-ac9d0d2fe007:group-AB4825E7A2D9:LeaderElection92] INFO  server.RaftServerConfigKeys (ConfUtils.java:logGet(43)) - raft.server.watch.timeout.denomination = 1s (default)
2019-09-20 08:17:34,676 [a88b1f4d-04ef-4980-ab9d-ac9d0d2fe007:group-AB4825E7A2D9:LeaderElection92] INFO  server.RaftServerConfigKeys (ConfUtils.java:logGet(43)) - raft.server.watch.element-limit = 65536 (default)
2019-09-20 08:17:34,677 [a88b1f4d-04ef-4980-ab9d-ac9d0d2fe007:group-AB4825E7A2D9:LeaderElection92] INFO  impl.RoleInfo (RoleInfo.java:updateAndGet(143)) - a88b1f4d-04ef-4980-ab9d-ac9d0d2fe007: start LeaderState
2019-09-20 08:17:34,677 [a88b1f4d-04ef-4980-ab9d-ac9d0d2fe007:group-AB4825E7A2D9:LeaderElection92] INFO  segmented.SegmentedRaftLogWorker (SegmentedRaftLogWorker.java:startLogSegment(380)) - a88b1f4d-04ef-4980-ab9d-ac9d0d2fe007-SegmentedRaftLogWorker:Storage Directory /workdir/hadoop-ozone/ozonefs/target/test-dir/MiniOzoneClusterImpl-fff8a6b1-9459-493d-a1d7-ad2cd82c4f30/datanode-0/data/ratis/b134ea9f-e873-4059-8c93-ab4825e7a2d9: Starting segment from index:0
2019-09-20 08:17:34,677 [a88b1f4d-04ef-4980-ab9d-ac9d0d2fe007:group-AB4825E7A2D9:LeaderElection92] INFO  impl.RaftServerImpl (ServerState.java:setRaftConf(361)) - a88b1f4d-04ef-4980-ab9d-ac9d0d2fe007:group-AB4825E7A2D9 set configuration 0: [a88b1f4d-04ef-4980-ab9d-ac9d0d2fe007:192.168.34.27:36809], old=null at 0
2019-09-20 08:17:34,724 [a88b1f4d-04ef-4980-ab9d-ac9d0d2fe007-SegmentedRaftLogWorker:Storage Directory /workdir/hadoop-ozone/ozonefs/target/test-dir/MiniOzoneClusterImpl-fff8a6b1-9459-493d-a1d7-ad2cd82c4f30/datanode-0/data/ratis/b134ea9f-e873-4059-8c93-ab4825e7a2d9] INFO  segmented.SegmentedRaftLogWorker (SegmentedRaftLogWorker.java:execute(569)) - a88b1f4d-04ef-4980-ab9d-ac9d0d2fe007-SegmentedRaftLogWorker:Storage Directory /workdir/hadoop-ozone/ozonefs/target/test-dir/MiniOzoneClusterImpl-fff8a6b1-9459-493d-a1d7-ad2cd82c4f30/datanode-0/data/ratis/b134ea9f-e873-4059-8c93-ab4825e7a2d9: created new log segment /workdir/hadoop-ozone/ozonefs/target/test-dir/MiniOzoneClusterImpl-fff8a6b1-9459-493d-a1d7-ad2cd82c4f30/datanode-0/data/ratis/b134ea9f-e873-4059-8c93-ab4825e7a2d9/current/log_inprogress_0
2019-09-20 08:17:34,731 [Thread-1512] INFO  impl.FollowerState (FollowerState.java:run(106)) - a88b1f4d-04ef-4980-ab9d-ac9d0d2fe007:group-F2B3ECBB6818 changes to CANDIDATE, lastRpcTime:5172, electionTimeout:5172ms
2019-09-20 08:17:34,731 [Thread-1512] INFO  impl.RoleInfo (RoleInfo.java:shutdownFollowerState(121)) - a88b1f4d-04ef-4980-ab9d-ac9d0d2fe007: shutdown FollowerState
2019-09-20 08:17:34,731 [Thread-1512] INFO  impl.RaftServerImpl (RaftServerImpl.java:setRole(171)) - a88b1f4d-04ef-4980-ab9d-ac9d0d2fe007:group-F2B3ECBB6818 changes role from FOLLOWER to CANDIDATE at term 0 for changeToCandidate
2019-09-20 08:17:34,732 [Thread-1512] INFO  impl.RoleInfo (RoleInfo.java:updateAndGet(143)) - a88b1f4d-04ef-4980-ab9d-ac9d0d2fe007: start LeaderElection
2019-09-20 08:17:34,737 [a88b1f4d-04ef-4980-ab9d-ac9d0d2fe007:group-F2B3ECBB6818:LeaderElection93] INFO  impl.LeaderElection (LeaderElection.java:askForVotes(181)) - a88b1f4d-04ef-4980-ab9d-ac9d0d2fe007:group-F2B3ECBB6818:LeaderElection93: begin an election at term 1 for -1: [a88b1f4d-04ef-4980-ab9d-ac9d0d2fe007:192.168.34.27:36809], old=null
2019-09-20 08:17:34,737 [a88b1f4d-04ef-4980-ab9d-ac9d0d2fe007:group-F2B3ECBB6818:LeaderElection93] INFO  impl.RoleInfo (RoleInfo.java:shutdownLeaderElection(134)) - a88b1f4d-04ef-4980-ab9d-ac9d0d2fe007: shutdown LeaderElection
2019-09-20 08:17:34,737 [a88b1f4d-04ef-4980-ab9d-ac9d0d2fe007:group-F2B3ECBB6818:LeaderElection93] INFO  impl.RaftServerImpl (RaftServerImpl.java:setRole(171)) - a88b1f4d-04ef-4980-ab9d-ac9d0d2fe007:group-F2B3ECBB6818 changes role from CANDIDATE to LEADER at term 1 for changeToLeader
2019-09-20 08:17:34,737 [a88b1f4d-04ef-4980-ab9d-ac9d0d2fe007:group-F2B3ECBB6818:LeaderElection93] INFO  impl.RaftServerImpl (ServerState.java:setLeader(263)) - a88b1f4d-04ef-4980-ab9d-ac9d0d2fe007:group-F2B3ECBB6818 change Leader from null to a88b1f4d-04ef-4980-ab9d-ac9d0d2fe007 at term 1 for becomeLeader, leader elected after 5183ms
2019-09-20 08:17:34,738 [a88b1f4d-04ef-4980-ab9d-ac9d0d2fe007:group-F2B3ECBB6818:LeaderElection93] INFO  server.RaftServerConfigKeys (ConfUtils.java:logGet(43)) - raft.server.staging.catchup.gap = 1000 (default)
2019-09-20 08:17:34,738 [a88b1f4d-04ef-4980-ab9d-ac9d0d2fe007:group-F2B3ECBB6818:LeaderElection93] INFO  server.RaftServerConfigKeys (ConfUtils.java:logGet(43)) - raft.server.rpc.sleep.time = 25ms (default)
2019-09-20 08:17:34,738 [a88b1f4d-04ef-4980-ab9d-ac9d0d2fe007:group-F2B3ECBB6818:LeaderElection93] INFO  server.RaftServerConfigKeys (ConfUtils.java:logGet(43)) - raft.server.write.element-limit = 4096 (default)
2019-09-20 08:17:34,738 [a88b1f4d-04ef-4980-ab9d-ac9d0d2fe007:group-F2B3ECBB6818:LeaderElection93] INFO  server.RaftServerConfigKeys (ConfUtils.java:logGet(43)) - raft.server.watch.timeout = 10s (default)
2019-09-20 08:17:34,738 [a88b1f4d-04ef-4980-ab9d-ac9d0d2fe007:group-F2B3ECBB6818:LeaderElection93] INFO  server.RaftServerConfigKeys (ConfUtils.java:logGet(43)) - raft.server.watch.timeout.denomination = 1s (default)
2019-09-20 08:17:34,738 [a88b1f4d-04ef-4980-ab9d-ac9d0d2fe007:group-F2B3ECBB6818:LeaderElection93] INFO  server.RaftServerConfigKeys (ConfUtils.java:logGet(43)) - raft.server.watch.element-limit = 65536 (default)
2019-09-20 08:17:34,738 [a88b1f4d-04ef-4980-ab9d-ac9d0d2fe007:group-F2B3ECBB6818:LeaderElection93] INFO  impl.RoleInfo (RoleInfo.java:updateAndGet(143)) - a88b1f4d-04ef-4980-ab9d-ac9d0d2fe007: start LeaderState
2019-09-20 08:17:34,739 [a88b1f4d-04ef-4980-ab9d-ac9d0d2fe007:group-F2B3ECBB6818:LeaderElection93] INFO  segmented.SegmentedRaftLogWorker (SegmentedRaftLogWorker.java:startLogSegment(380)) - a88b1f4d-04ef-4980-ab9d-ac9d0d2fe007-SegmentedRaftLogWorker:Storage Directory /workdir/hadoop-ozone/ozonefs/target/test-dir/MiniOzoneClusterImpl-fff8a6b1-9459-493d-a1d7-ad2cd82c4f30/datanode-0/data/ratis/ec7fef4c-249a-4e83-8d60-f2b3ecbb6818: Starting segment from index:0
2019-09-20 08:17:34,739 [a88b1f4d-04ef-4980-ab9d-ac9d0d2fe007:group-F2B3ECBB6818:LeaderElection93] INFO  impl.RaftServerImpl (ServerState.java:setRaftConf(361)) - a88b1f4d-04ef-4980-ab9d-ac9d0d2fe007:group-F2B3ECBB6818 set configuration 0: [a88b1f4d-04ef-4980-ab9d-ac9d0d2fe007:192.168.34.27:36809], old=null at 0
2019-09-20 08:17:34,757 [Thread-1515] INFO  impl.FollowerState (FollowerState.java:run(106)) - a88b1f4d-04ef-4980-ab9d-ac9d0d2fe007:group-CC84EAC78C4D changes to CANDIDATE, lastRpcTime:5153, electionTimeout:5153ms
2019-09-20 08:17:34,757 [Thread-1515] INFO  impl.RoleInfo (RoleInfo.java:shutdownFollowerState(121)) - a88b1f4d-04ef-4980-ab9d-ac9d0d2fe007: shutdown FollowerState
2019-09-20 08:17:34,757 [Thread-1515] INFO  impl.RaftServerImpl (RaftServerImpl.java:setRole(171)) - a88b1f4d-04ef-4980-ab9d-ac9d0d2fe007:group-CC84EAC78C4D changes role from FOLLOWER to CANDIDATE at term 0 for changeToCandidate
2019-09-20 08:17:34,757 [Thread-1515] INFO  impl.RoleInfo (RoleInfo.java:updateAndGet(143)) - a88b1f4d-04ef-4980-ab9d-ac9d0d2fe007: start LeaderElection
2019-09-20 08:17:34,764 [Thread-1521] INFO  impl.FollowerState (FollowerState.java:run(106)) - a88b1f4d-04ef-4980-ab9d-ac9d0d2fe007:group-3707E44E8C20 changes to CANDIDATE, lastRpcTime:5097, electionTimeout:5094ms
2019-09-20 08:17:34,764 [Thread-1521] INFO  impl.RoleInfo (RoleInfo.java:shutdownFollowerState(121)) - a88b1f4d-04ef-4980-ab9d-ac9d0d2fe007: shutdown FollowerState
2019-09-20 08:17:34,764 [Thread-1521] INFO  impl.RaftServerImpl (RaftServerImpl.java:setRole(171)) - a88b1f4d-04ef-4980-ab9d-ac9d0d2fe007:group-3707E44E8C20 changes role from FOLLOWER to CANDIDATE at term 0 for changeToCandidate
2019-09-20 08:17:34,764 [Thread-1521] INFO  impl.RoleInfo (RoleInfo.java:updateAndGet(143)) - a88b1f4d-04ef-4980-ab9d-ac9d0d2fe007: start LeaderElection
2019-09-20 08:17:34,777 [a88b1f4d-04ef-4980-ab9d-ac9d0d2fe007-SegmentedRaftLogWorker:Storage Directory /workdir/hadoop-ozone/ozonefs/target/test-dir/MiniOzoneClusterImpl-fff8a6b1-9459-493d-a1d7-ad2cd82c4f30/datanode-0/data/ratis/ec7fef4c-249a-4e83-8d60-f2b3ecbb6818] INFO  segmented.SegmentedRaftLogWorker (SegmentedRaftLogWorker.java:execute(569)) - a88b1f4d-04ef-4980-ab9d-ac9d0d2fe007-SegmentedRaftLogWorker:Storage Directory /workdir/hadoop-ozone/ozonefs/target/test-dir/MiniOzoneClusterImpl-fff8a6b1-9459-493d-a1d7-ad2cd82c4f30/datanode-0/data/ratis/ec7fef4c-249a-4e83-8d60-f2b3ecbb6818: created new log segment /workdir/hadoop-ozone/ozonefs/target/test-dir/MiniOzoneClusterImpl-fff8a6b1-9459-493d-a1d7-ad2cd82c4f30/datanode-0/data/ratis/ec7fef4c-249a-4e83-8d60-f2b3ecbb6818/current/log_inprogress_0
2019-09-20 08:17:34,777 [a88b1f4d-04ef-4980-ab9d-ac9d0d2fe007:group-3707E44E8C20:LeaderElection95] INFO  impl.LeaderElection (LeaderElection.java:askForVotes(181)) - a88b1f4d-04ef-4980-ab9d-ac9d0d2fe007:group-3707E44E8C20:LeaderElection95: begin an election at term 1 for -1: [a88b1f4d-04ef-4980-ab9d-ac9d0d2fe007:192.168.34.27:36809], old=null
2019-09-20 08:17:34,777 [a88b1f4d-04ef-4980-ab9d-ac9d0d2fe007:group-CC84EAC78C4D:LeaderElection94] INFO  impl.LeaderElection (LeaderElection.java:askForVotes(181)) - a88b1f4d-04ef-4980-ab9d-ac9d0d2fe007:group-CC84EAC78C4D:LeaderElection94: begin an election at term 1 for -1: [a88b1f4d-04ef-4980-ab9d-ac9d0d2fe007:192.168.34.27:36809], old=null
2019-09-20 08:17:34,777 [a88b1f4d-04ef-4980-ab9d-ac9d0d2fe007:group-3707E44E8C20:LeaderElection95] INFO  impl.RoleInfo (RoleInfo.java:shutdownLeaderElection(134)) - a88b1f4d-04ef-4980-ab9d-ac9d0d2fe007: shutdown LeaderElection
2019-09-20 08:17:34,777 [a88b1f4d-04ef-4980-ab9d-ac9d0d2fe007:group-CC84EAC78C4D:LeaderElection94] INFO  impl.RoleInfo (RoleInfo.java:shutdownLeaderElection(134)) - a88b1f4d-04ef-4980-ab9d-ac9d0d2fe007: shutdown LeaderElection
2019-09-20 08:17:34,777 [a88b1f4d-04ef-4980-ab9d-ac9d0d2fe007:group-3707E44E8C20:LeaderElection95] INFO  impl.RaftServerImpl (RaftServerImpl.java:setRole(171)) - a88b1f4d-04ef-4980-ab9d-ac9d0d2fe007:group-3707E44E8C20 changes role from CANDIDATE to LEADER at term 1 for changeToLeader
2019-09-20 08:17:34,777 [a88b1f4d-04ef-4980-ab9d-ac9d0d2fe007:group-CC84EAC78C4D:LeaderElection94] INFO  impl.RaftServerImpl (RaftServerImpl.java:setRole(171)) - a88b1f4d-04ef-4980-ab9d-ac9d0d2fe007:group-CC84EAC78C4D changes role from CANDIDATE to LEADER at term 1 for changeToLeader
2019-09-20 08:17:34,777 [a88b1f4d-04ef-4980-ab9d-ac9d0d2fe007:group-3707E44E8C20:LeaderElection95] INFO  impl.RaftServerImpl (ServerState.java:setLeader(263)) - a88b1f4d-04ef-4980-ab9d-ac9d0d2fe007:group-3707E44E8C20 change Leader from null to a88b1f4d-04ef-4980-ab9d-ac9d0d2fe007 at term 1 for becomeLeader, leader elected after 5115ms
2019-09-20 08:17:34,778 [a88b1f4d-04ef-4980-ab9d-ac9d0d2fe007:group-CC84EAC78C4D:LeaderElection94] INFO  impl.RaftServerImpl (ServerState.java:setLeader(263)) - a88b1f4d-04ef-4980-ab9d-ac9d0d2fe007:group-CC84EAC78C4D change Leader from null to a88b1f4d-04ef-4980-ab9d-ac9d0d2fe007 at term 1 for becomeLeader, leader elected after 5178ms
2019-09-20 08:17:34,778 [a88b1f4d-04ef-4980-ab9d-ac9d0d2fe007:group-3707E44E8C20:LeaderElection95] INFO  server.RaftServerConfigKeys (ConfUtils.java:logGet(43)) - raft.server.staging.catchup.gap = 1000 (default)
2019-09-20 08:17:34,778 [a88b1f4d-04ef-4980-ab9d-ac9d0d2fe007:group-CC84EAC78C4D:LeaderElection94] INFO  server.RaftServerConfigKeys (ConfUtils.java:logGet(43)) - raft.server.staging.catchup.gap = 1000 (default)
2019-09-20 08:17:34,778 [a88b1f4d-04ef-4980-ab9d-ac9d0d2fe007:group-3707E44E8C20:LeaderElection95] INFO  server.RaftServerConfigKeys (ConfUtils.java:logGet(43)) - raft.server.rpc.sleep.time = 25ms (default)
2019-09-20 08:17:34,778 [a88b1f4d-04ef-4980-ab9d-ac9d0d2fe007:group-CC84EAC78C4D:LeaderElection94] INFO  server.RaftServerConfigKeys (ConfUtils.java:logGet(43)) - raft.server.rpc.sleep.time = 25ms (default)
2019-09-20 08:17:34,778 [a88b1f4d-04ef-4980-ab9d-ac9d0d2fe007:group-3707E44E8C20:LeaderElection95] INFO  server.RaftServerConfigKeys (ConfUtils.java:logGet(43)) - raft.server.write.element-limit = 4096 (default)
2019-09-20 08:17:34,779 [a88b1f4d-04ef-4980-ab9d-ac9d0d2fe007:group-CC84EAC78C4D:LeaderElection94] INFO  server.RaftServerConfigKeys (ConfUtils.java:logGet(43)) - raft.server.write.element-limit = 4096 (default)
2019-09-20 08:17:34,779 [a88b1f4d-04ef-4980-ab9d-ac9d0d2fe007:group-3707E44E8C20:LeaderElection95] INFO  server.RaftServerConfigKeys (ConfUtils.java:logGet(43)) - raft.server.watch.timeout = 10s (default)
2019-09-20 08:17:34,779 [a88b1f4d-04ef-4980-ab9d-ac9d0d2fe007:group-CC84EAC78C4D:LeaderElection94] INFO  server.RaftServerConfigKeys (ConfUtils.java:logGet(43)) - raft.server.watch.timeout = 10s (default)
2019-09-20 08:17:34,779 [a88b1f4d-04ef-4980-ab9d-ac9d0d2fe007:group-3707E44E8C20:LeaderElection95] INFO  server.RaftServerConfigKeys (ConfUtils.java:logGet(43)) - raft.server.watch.timeout.denomination = 1s (default)
2019-09-20 08:17:34,779 [a88b1f4d-04ef-4980-ab9d-ac9d0d2fe007:group-CC84EAC78C4D:LeaderElection94] INFO  server.RaftServerConfigKeys (ConfUtils.java:logGet(43)) - raft.server.watch.timeout.denomination = 1s (default)
2019-09-20 08:17:34,779 [a88b1f4d-04ef-4980-ab9d-ac9d0d2fe007:group-3707E44E8C20:LeaderElection95] INFO  server.RaftServerConfigKeys (ConfUtils.java:logGet(43)) - raft.server.watch.element-limit = 65536 (default)
2019-09-20 08:17:34,779 [a88b1f4d-04ef-4980-ab9d-ac9d0d2fe007:group-CC84EAC78C4D:LeaderElection94] INFO  server.RaftServerConfigKeys (ConfUtils.java:logGet(43)) - raft.server.watch.element-limit = 65536 (default)
2019-09-20 08:17:34,780 [a88b1f4d-04ef-4980-ab9d-ac9d0d2fe007:group-3707E44E8C20:LeaderElection95] INFO  impl.RoleInfo (RoleInfo.java:updateAndGet(143)) - a88b1f4d-04ef-4980-ab9d-ac9d0d2fe007: start LeaderState
2019-09-20 08:17:34,780 [a88b1f4d-04ef-4980-ab9d-ac9d0d2fe007:group-CC84EAC78C4D:LeaderElection94] INFO  impl.RoleInfo (RoleInfo.java:updateAndGet(143)) - a88b1f4d-04ef-4980-ab9d-ac9d0d2fe007: start LeaderState
2019-09-20 08:17:34,780 [a88b1f4d-04ef-4980-ab9d-ac9d0d2fe007:group-3707E44E8C20:LeaderElection95] INFO  segmented.SegmentedRaftLogWorker (SegmentedRaftLogWorker.java:startLogSegment(380)) - a88b1f4d-04ef-4980-ab9d-ac9d0d2fe007-SegmentedRaftLogWorker:Storage Directory /workdir/hadoop-ozone/ozonefs/target/test-dir/MiniOzoneClusterImpl-fff8a6b1-9459-493d-a1d7-ad2cd82c4f30/datanode-0/data/ratis/1633afec-8949-4935-83fa-3707e44e8c20: Starting segment from index:0
2019-09-20 08:17:34,780 [a88b1f4d-04ef-4980-ab9d-ac9d0d2fe007:group-CC84EAC78C4D:LeaderElection94] INFO  segmented.SegmentedRaftLogWorker (SegmentedRaftLogWorker.java:startLogSegment(380)) - a88b1f4d-04ef-4980-ab9d-ac9d0d2fe007-SegmentedRaftLogWorker:Storage Directory /workdir/hadoop-ozone/ozonefs/target/test-dir/MiniOzoneClusterImpl-fff8a6b1-9459-493d-a1d7-ad2cd82c4f30/datanode-0/data/ratis/0b40d83e-932a-40c5-b4a4-cc84eac78c4d: Starting segment from index:0
2019-09-20 08:17:34,780 [a88b1f4d-04ef-4980-ab9d-ac9d0d2fe007:group-3707E44E8C20:LeaderElection95] INFO  impl.RaftServerImpl (ServerState.java:setRaftConf(361)) - a88b1f4d-04ef-4980-ab9d-ac9d0d2fe007:group-3707E44E8C20 set configuration 0: [a88b1f4d-04ef-4980-ab9d-ac9d0d2fe007:192.168.34.27:36809], old=null at 0
2019-09-20 08:17:34,781 [a88b1f4d-04ef-4980-ab9d-ac9d0d2fe007:group-CC84EAC78C4D:LeaderElection94] INFO  impl.RaftServerImpl (ServerState.java:setRaftConf(361)) - a88b1f4d-04ef-4980-ab9d-ac9d0d2fe007:group-CC84EAC78C4D set configuration 0: [a88b1f4d-04ef-4980-ab9d-ac9d0d2fe007:192.168.34.27:36809], old=null at 0
2019-09-20 08:17:34,805 [Thread-1527] INFO  impl.FollowerState (FollowerState.java:run(106)) - d160b31f-a19e-4d4b-96c3-58cad6c89056:group-588B9BB37879 changes to CANDIDATE, lastRpcTime:5065, electionTimeout:5065ms
2019-09-20 08:17:34,806 [Thread-1527] INFO  impl.RoleInfo (RoleInfo.java:shutdownFollowerState(121)) - d160b31f-a19e-4d4b-96c3-58cad6c89056: shutdown FollowerState
2019-09-20 08:17:34,806 [Thread-1527] INFO  impl.RaftServerImpl (RaftServerImpl.java:setRole(171)) - d160b31f-a19e-4d4b-96c3-58cad6c89056:group-588B9BB37879 changes role from FOLLOWER to CANDIDATE at term 0 for changeToCandidate
2019-09-20 08:17:34,806 [Thread-1527] INFO  impl.RoleInfo (RoleInfo.java:updateAndGet(143)) - d160b31f-a19e-4d4b-96c3-58cad6c89056: start LeaderElection
2019-09-20 08:17:34,831 [Thread-1524] INFO  impl.FollowerState (FollowerState.java:run(106)) - d160b31f-a19e-4d4b-96c3-58cad6c89056:group-AC36737ACE94 changes to CANDIDATE, lastRpcTime:5140, electionTimeout:5140ms
2019-09-20 08:17:34,831 [Thread-1524] INFO  impl.RoleInfo (RoleInfo.java:shutdownFollowerState(121)) - d160b31f-a19e-4d4b-96c3-58cad6c89056: shutdown FollowerState
2019-09-20 08:17:34,832 [Thread-1524] INFO  impl.RaftServerImpl (RaftServerImpl.java:setRole(171)) - d160b31f-a19e-4d4b-96c3-58cad6c89056:group-AC36737ACE94 changes role from FOLLOWER to CANDIDATE at term 0 for changeToCandidate
2019-09-20 08:17:34,832 [Thread-1524] INFO  impl.RoleInfo (RoleInfo.java:updateAndGet(143)) - d160b31f-a19e-4d4b-96c3-58cad6c89056: start LeaderElection
2019-09-20 08:17:34,832 [a88b1f4d-04ef-4980-ab9d-ac9d0d2fe007-SegmentedRaftLogWorker:Storage Directory /workdir/hadoop-ozone/ozonefs/target/test-dir/MiniOzoneClusterImpl-fff8a6b1-9459-493d-a1d7-ad2cd82c4f30/datanode-0/data/ratis/1633afec-8949-4935-83fa-3707e44e8c20] INFO  segmented.SegmentedRaftLogWorker (SegmentedRaftLogWorker.java:execute(569)) - a88b1f4d-04ef-4980-ab9d-ac9d0d2fe007-SegmentedRaftLogWorker:Storage Directory /workdir/hadoop-ozone/ozonefs/target/test-dir/MiniOzoneClusterImpl-fff8a6b1-9459-493d-a1d7-ad2cd82c4f30/datanode-0/data/ratis/1633afec-8949-4935-83fa-3707e44e8c20: created new log segment /workdir/hadoop-ozone/ozonefs/target/test-dir/MiniOzoneClusterImpl-fff8a6b1-9459-493d-a1d7-ad2cd82c4f30/datanode-0/data/ratis/1633afec-8949-4935-83fa-3707e44e8c20/current/log_inprogress_0
2019-09-20 08:17:34,832 [a88b1f4d-04ef-4980-ab9d-ac9d0d2fe007-SegmentedRaftLogWorker:Storage Directory /workdir/hadoop-ozone/ozonefs/target/test-dir/MiniOzoneClusterImpl-fff8a6b1-9459-493d-a1d7-ad2cd82c4f30/datanode-0/data/ratis/0b40d83e-932a-40c5-b4a4-cc84eac78c4d] INFO  segmented.SegmentedRaftLogWorker (SegmentedRaftLogWorker.java:execute(569)) - a88b1f4d-04ef-4980-ab9d-ac9d0d2fe007-SegmentedRaftLogWorker:Storage Directory /workdir/hadoop-ozone/ozonefs/target/test-dir/MiniOzoneClusterImpl-fff8a6b1-9459-493d-a1d7-ad2cd82c4f30/datanode-0/data/ratis/0b40d83e-932a-40c5-b4a4-cc84eac78c4d: created new log segment /workdir/hadoop-ozone/ozonefs/target/test-dir/MiniOzoneClusterImpl-fff8a6b1-9459-493d-a1d7-ad2cd82c4f30/datanode-0/data/ratis/0b40d83e-932a-40c5-b4a4-cc84eac78c4d/current/log_inprogress_0
2019-09-20 08:17:34,832 [d160b31f-a19e-4d4b-96c3-58cad6c89056:group-588B9BB37879:LeaderElection96] INFO  impl.LeaderElection (LeaderElection.java:askForVotes(181)) - d160b31f-a19e-4d4b-96c3-58cad6c89056:group-588B9BB37879:LeaderElection96: begin an election at term 1 for -1: [d160b31f-a19e-4d4b-96c3-58cad6c89056:192.168.34.27:41561], old=null
2019-09-20 08:17:34,834 [d160b31f-a19e-4d4b-96c3-58cad6c89056:group-588B9BB37879:LeaderElection96] INFO  impl.RoleInfo (RoleInfo.java:shutdownLeaderElection(134)) - d160b31f-a19e-4d4b-96c3-58cad6c89056: shutdown LeaderElection
2019-09-20 08:17:34,834 [d160b31f-a19e-4d4b-96c3-58cad6c89056:group-588B9BB37879:LeaderElection96] INFO  impl.RaftServerImpl (RaftServerImpl.java:setRole(171)) - d160b31f-a19e-4d4b-96c3-58cad6c89056:group-588B9BB37879 changes role from CANDIDATE to LEADER at term 1 for changeToLeader
2019-09-20 08:17:34,834 [d160b31f-a19e-4d4b-96c3-58cad6c89056:group-588B9BB37879:LeaderElection96] INFO  impl.RaftServerImpl (ServerState.java:setLeader(263)) - d160b31f-a19e-4d4b-96c3-58cad6c89056:group-588B9BB37879 change Leader from null to d160b31f-a19e-4d4b-96c3-58cad6c89056 at term 1 for becomeLeader, leader elected after 5097ms
2019-09-20 08:17:34,834 [d160b31f-a19e-4d4b-96c3-58cad6c89056:group-588B9BB37879:LeaderElection96] INFO  server.RaftServerConfigKeys (ConfUtils.java:logGet(43)) - raft.server.staging.catchup.gap = 1000 (default)
2019-09-20 08:17:34,835 [d160b31f-a19e-4d4b-96c3-58cad6c89056:group-588B9BB37879:LeaderElection96] INFO  server.RaftServerConfigKeys (ConfUtils.java:logGet(43)) - raft.server.rpc.sleep.time = 25ms (default)
2019-09-20 08:17:34,835 [d160b31f-a19e-4d4b-96c3-58cad6c89056:group-588B9BB37879:LeaderElection96] INFO  server.RaftServerConfigKeys (ConfUtils.java:logGet(43)) - raft.server.write.element-limit = 4096 (default)
2019-09-20 08:17:34,835 [d160b31f-a19e-4d4b-96c3-58cad6c89056:group-588B9BB37879:LeaderElection96] INFO  server.RaftServerConfigKeys (ConfUtils.java:logGet(43)) - raft.server.watch.timeout = 10s (default)
2019-09-20 08:17:34,835 [d160b31f-a19e-4d4b-96c3-58cad6c89056:group-588B9BB37879:LeaderElection96] INFO  server.RaftServerConfigKeys (ConfUtils.java:logGet(43)) - raft.server.watch.timeout.denomination = 1s (default)
2019-09-20 08:17:34,835 [d160b31f-a19e-4d4b-96c3-58cad6c89056:group-588B9BB37879:LeaderElection96] INFO  server.RaftServerConfigKeys (ConfUtils.java:logGet(43)) - raft.server.watch.element-limit = 65536 (default)
2019-09-20 08:17:34,836 [d160b31f-a19e-4d4b-96c3-58cad6c89056:group-588B9BB37879:LeaderElection96] INFO  impl.RoleInfo (RoleInfo.java:updateAndGet(143)) - d160b31f-a19e-4d4b-96c3-58cad6c89056: start LeaderState
2019-09-20 08:17:34,836 [d160b31f-a19e-4d4b-96c3-58cad6c89056:group-588B9BB37879:LeaderElection96] INFO  segmented.SegmentedRaftLogWorker (SegmentedRaftLogWorker.java:startLogSegment(380)) - d160b31f-a19e-4d4b-96c3-58cad6c89056-SegmentedRaftLogWorker:Storage Directory /workdir/hadoop-ozone/ozonefs/target/test-dir/MiniOzoneClusterImpl-fff8a6b1-9459-493d-a1d7-ad2cd82c4f30/datanode-1/data/ratis/2e6d0a79-899f-4224-9550-588b9bb37879: Starting segment from index:0
2019-09-20 08:17:34,836 [d160b31f-a19e-4d4b-96c3-58cad6c89056:group-588B9BB37879:LeaderElection96] INFO  impl.RaftServerImpl (ServerState.java:setRaftConf(361)) - d160b31f-a19e-4d4b-96c3-58cad6c89056:group-588B9BB37879 set configuration 0: [d160b31f-a19e-4d4b-96c3-58cad6c89056:192.168.34.27:41561], old=null at 0
2019-09-20 08:17:34,842 [Thread-1518] INFO  impl.FollowerState (FollowerState.java:run(106)) - a88b1f4d-04ef-4980-ab9d-ac9d0d2fe007:group-87B298362FBA changes to CANDIDATE, lastRpcTime:5197, electionTimeout:5197ms
2019-09-20 08:17:34,842 [Thread-1518] INFO  impl.RoleInfo (RoleInfo.java:shutdownFollowerState(121)) - a88b1f4d-04ef-4980-ab9d-ac9d0d2fe007: shutdown FollowerState
2019-09-20 08:17:34,842 [Thread-1518] INFO  impl.RaftServerImpl (RaftServerImpl.java:setRole(171)) - a88b1f4d-04ef-4980-ab9d-ac9d0d2fe007:group-87B298362FBA changes role from FOLLOWER to CANDIDATE at term 0 for changeToCandidate
2019-09-20 08:17:34,842 [Thread-1518] INFO  impl.RoleInfo (RoleInfo.java:updateAndGet(143)) - a88b1f4d-04ef-4980-ab9d-ac9d0d2fe007: start LeaderElection
2019-09-20 08:17:34,868 [d160b31f-a19e-4d4b-96c3-58cad6c89056:group-AC36737ACE94:LeaderElection97] INFO  impl.LeaderElection (LeaderElection.java:askForVotes(181)) - d160b31f-a19e-4d4b-96c3-58cad6c89056:group-AC36737ACE94:LeaderElection97: begin an election at term 1 for -1: [d160b31f-a19e-4d4b-96c3-58cad6c89056:192.168.34.27:41561], old=null
2019-09-20 08:17:34,868 [d160b31f-a19e-4d4b-96c3-58cad6c89056:group-AC36737ACE94:LeaderElection97] INFO  impl.RoleInfo (RoleInfo.java:shutdownLeaderElection(134)) - d160b31f-a19e-4d4b-96c3-58cad6c89056: shutdown LeaderElection
2019-09-20 08:17:34,868 [d160b31f-a19e-4d4b-96c3-58cad6c89056:group-AC36737ACE94:LeaderElection97] INFO  impl.RaftServerImpl (RaftServerImpl.java:setRole(171)) - d160b31f-a19e-4d4b-96c3-58cad6c89056:group-AC36737ACE94 changes role from CANDIDATE to LEADER at term 1 for changeToLeader
2019-09-20 08:17:34,870 [d160b31f-a19e-4d4b-96c3-58cad6c89056:group-AC36737ACE94:LeaderElection97] INFO  impl.RaftServerImpl (ServerState.java:setLeader(263)) - d160b31f-a19e-4d4b-96c3-58cad6c89056:group-AC36737ACE94 change Leader from null to d160b31f-a19e-4d4b-96c3-58cad6c89056 at term 1 for becomeLeader, leader elected after 5182ms
2019-09-20 08:17:34,870 [d160b31f-a19e-4d4b-96c3-58cad6c89056:group-AC36737ACE94:LeaderElection97] INFO  server.RaftServerConfigKeys (ConfUtils.java:logGet(43)) - raft.server.staging.catchup.gap = 1000 (default)
2019-09-20 08:17:34,870 [d160b31f-a19e-4d4b-96c3-58cad6c89056:group-AC36737ACE94:LeaderElection97] INFO  server.RaftServerConfigKeys (ConfUtils.java:logGet(43)) - raft.server.rpc.sleep.time = 25ms (default)
2019-09-20 08:17:34,870 [d160b31f-a19e-4d4b-96c3-58cad6c89056:group-AC36737ACE94:LeaderElection97] INFO  server.RaftServerConfigKeys (ConfUtils.java:logGet(43)) - raft.server.write.element-limit = 4096 (default)
2019-09-20 08:17:34,870 [d160b31f-a19e-4d4b-96c3-58cad6c89056:group-AC36737ACE94:LeaderElection97] INFO  server.RaftServerConfigKeys (ConfUtils.java:logGet(43)) - raft.server.watch.timeout = 10s (default)
2019-09-20 08:17:34,870 [d160b31f-a19e-4d4b-96c3-58cad6c89056:group-AC36737ACE94:LeaderElection97] INFO  server.RaftServerConfigKeys (ConfUtils.java:logGet(43)) - raft.server.watch.timeout.denomination = 1s (default)
2019-09-20 08:17:34,870 [d160b31f-a19e-4d4b-96c3-58cad6c89056:group-AC36737ACE94:LeaderElection97] INFO  server.RaftServerConfigKeys (ConfUtils.java:logGet(43)) - raft.server.watch.element-limit = 65536 (default)
2019-09-20 08:17:34,870 [d160b31f-a19e-4d4b-96c3-58cad6c89056:group-AC36737ACE94:LeaderElection97] INFO  impl.RoleInfo (RoleInfo.java:updateAndGet(143)) - d160b31f-a19e-4d4b-96c3-58cad6c89056: start LeaderState
2019-09-20 08:17:34,870 | INFO  | SCMAudit | user=jenkins1000 | ip=192.168.34.27 | op=SEND_HEARTBEAT {datanodeUUID=16d094f2-c33f-45e9-afed-588eb6ecb67d, command=[]} | ret=SUCCESS |  
2019-09-20 08:17:34,870 [d160b31f-a19e-4d4b-96c3-58cad6c89056:group-AC36737ACE94:LeaderElection97] INFO  segmented.SegmentedRaftLogWorker (SegmentedRaftLogWorker.java:startLogSegment(380)) - d160b31f-a19e-4d4b-96c3-58cad6c89056-SegmentedRaftLogWorker:Storage Directory /workdir/hadoop-ozone/ozonefs/target/test-dir/MiniOzoneClusterImpl-fff8a6b1-9459-493d-a1d7-ad2cd82c4f30/datanode-1/data/ratis/b584e7a5-26f7-4b2b-9b12-ac36737ace94: Starting segment from index:0
2019-09-20 08:17:34,871 [d160b31f-a19e-4d4b-96c3-58cad6c89056:group-AC36737ACE94:LeaderElection97] INFO  impl.RaftServerImpl (ServerState.java:setRaftConf(361)) - d160b31f-a19e-4d4b-96c3-58cad6c89056:group-AC36737ACE94 set configuration 0: [d160b31f-a19e-4d4b-96c3-58cad6c89056:192.168.34.27:41561], old=null at 0
2019-09-20 08:17:34,882 [d160b31f-a19e-4d4b-96c3-58cad6c89056-SegmentedRaftLogWorker:Storage Directory /workdir/hadoop-ozone/ozonefs/target/test-dir/MiniOzoneClusterImpl-fff8a6b1-9459-493d-a1d7-ad2cd82c4f30/datanode-1/data/ratis/2e6d0a79-899f-4224-9550-588b9bb37879] INFO  segmented.SegmentedRaftLogWorker (SegmentedRaftLogWorker.java:execute(569)) - d160b31f-a19e-4d4b-96c3-58cad6c89056-SegmentedRaftLogWorker:Storage Directory /workdir/hadoop-ozone/ozonefs/target/test-dir/MiniOzoneClusterImpl-fff8a6b1-9459-493d-a1d7-ad2cd82c4f30/datanode-1/data/ratis/2e6d0a79-899f-4224-9550-588b9bb37879: created new log segment /workdir/hadoop-ozone/ozonefs/target/test-dir/MiniOzoneClusterImpl-fff8a6b1-9459-493d-a1d7-ad2cd82c4f30/datanode-1/data/ratis/2e6d0a79-899f-4224-9550-588b9bb37879/current/log_inprogress_0
2019-09-20 08:17:34,882 [a88b1f4d-04ef-4980-ab9d-ac9d0d2fe007:group-87B298362FBA:LeaderElection98] INFO  impl.LeaderElection (LeaderElection.java:askForVotes(181)) - a88b1f4d-04ef-4980-ab9d-ac9d0d2fe007:group-87B298362FBA:LeaderElection98: begin an election at term 1 for -1: [a88b1f4d-04ef-4980-ab9d-ac9d0d2fe007:192.168.34.27:36809], old=null
2019-09-20 08:17:34,883 [a88b1f4d-04ef-4980-ab9d-ac9d0d2fe007:group-87B298362FBA:LeaderElection98] INFO  impl.RoleInfo (RoleInfo.java:shutdownLeaderElection(134)) - a88b1f4d-04ef-4980-ab9d-ac9d0d2fe007: shutdown LeaderElection
2019-09-20 08:17:34,883 [a88b1f4d-04ef-4980-ab9d-ac9d0d2fe007:group-87B298362FBA:LeaderElection98] INFO  impl.RaftServerImpl (RaftServerImpl.java:setRole(171)) - a88b1f4d-04ef-4980-ab9d-ac9d0d2fe007:group-87B298362FBA changes role from CANDIDATE to LEADER at term 1 for changeToLeader
2019-09-20 08:17:34,883 [a88b1f4d-04ef-4980-ab9d-ac9d0d2fe007:group-87B298362FBA:LeaderElection98] INFO  impl.RaftServerImpl (ServerState.java:setLeader(263)) - a88b1f4d-04ef-4980-ab9d-ac9d0d2fe007:group-87B298362FBA change Leader from null to a88b1f4d-04ef-4980-ab9d-ac9d0d2fe007 at term 1 for becomeLeader, leader elected after 5242ms
2019-09-20 08:17:34,883 [a88b1f4d-04ef-4980-ab9d-ac9d0d2fe007:group-87B298362FBA:LeaderElection98] INFO  server.RaftServerConfigKeys (ConfUtils.java:logGet(43)) - raft.server.staging.catchup.gap = 1000 (default)
2019-09-20 08:17:34,883 [a88b1f4d-04ef-4980-ab9d-ac9d0d2fe007:group-87B298362FBA:LeaderElection98] INFO  server.RaftServerConfigKeys (ConfUtils.java:logGet(43)) - raft.server.rpc.sleep.time = 25ms (default)
2019-09-20 08:17:34,883 [a88b1f4d-04ef-4980-ab9d-ac9d0d2fe007:group-87B298362FBA:LeaderElection98] INFO  server.RaftServerConfigKeys (ConfUtils.java:logGet(43)) - raft.server.write.element-limit = 4096 (default)
2019-09-20 08:17:34,883 [a88b1f4d-04ef-4980-ab9d-ac9d0d2fe007:group-87B298362FBA:LeaderElection98] INFO  server.RaftServerConfigKeys (ConfUtils.java:logGet(43)) - raft.server.watch.timeout = 10s (default)
2019-09-20 08:17:34,883 [a88b1f4d-04ef-4980-ab9d-ac9d0d2fe007:group-87B298362FBA:LeaderElection98] INFO  server.RaftServerConfigKeys (ConfUtils.java:logGet(43)) - raft.server.watch.timeout.denomination = 1s (default)
2019-09-20 08:17:34,884 [a88b1f4d-04ef-4980-ab9d-ac9d0d2fe007:group-87B298362FBA:LeaderElection98] INFO  server.RaftServerConfigKeys (ConfUtils.java:logGet(43)) - raft.server.watch.element-limit = 65536 (default)
2019-09-20 08:17:34,884 [a88b1f4d-04ef-4980-ab9d-ac9d0d2fe007:group-87B298362FBA:LeaderElection98] INFO  impl.RoleInfo (RoleInfo.java:updateAndGet(143)) - a88b1f4d-04ef-4980-ab9d-ac9d0d2fe007: start LeaderState
2019-09-20 08:17:34,884 [a88b1f4d-04ef-4980-ab9d-ac9d0d2fe007:group-87B298362FBA:LeaderElection98] INFO  segmented.SegmentedRaftLogWorker (SegmentedRaftLogWorker.java:startLogSegment(380)) - a88b1f4d-04ef-4980-ab9d-ac9d0d2fe007-SegmentedRaftLogWorker:Storage Directory /workdir/hadoop-ozone/ozonefs/target/test-dir/MiniOzoneClusterImpl-fff8a6b1-9459-493d-a1d7-ad2cd82c4f30/datanode-0/data/ratis/8f30383d-bf32-4a3e-9ea9-87b298362fba: Starting segment from index:0
2019-09-20 08:17:34,884 [a88b1f4d-04ef-4980-ab9d-ac9d0d2fe007:group-87B298362FBA:LeaderElection98] INFO  impl.RaftServerImpl (ServerState.java:setRaftConf(361)) - a88b1f4d-04ef-4980-ab9d-ac9d0d2fe007:group-87B298362FBA set configuration 0: [a88b1f4d-04ef-4980-ab9d-ac9d0d2fe007:192.168.34.27:36809], old=null at 0
2019-09-20 08:17:34,918 [d160b31f-a19e-4d4b-96c3-58cad6c89056-SegmentedRaftLogWorker:Storage Directory /workdir/hadoop-ozone/ozonefs/target/test-dir/MiniOzoneClusterImpl-fff8a6b1-9459-493d-a1d7-ad2cd82c4f30/datanode-1/data/ratis/b584e7a5-26f7-4b2b-9b12-ac36737ace94] INFO  segmented.SegmentedRaftLogWorker (SegmentedRaftLogWorker.java:execute(569)) - d160b31f-a19e-4d4b-96c3-58cad6c89056-SegmentedRaftLogWorker:Storage Directory /workdir/hadoop-ozone/ozonefs/target/test-dir/MiniOzoneClusterImpl-fff8a6b1-9459-493d-a1d7-ad2cd82c4f30/datanode-1/data/ratis/b584e7a5-26f7-4b2b-9b12-ac36737ace94: created new log segment /workdir/hadoop-ozone/ozonefs/target/test-dir/MiniOzoneClusterImpl-fff8a6b1-9459-493d-a1d7-ad2cd82c4f30/datanode-1/data/ratis/b584e7a5-26f7-4b2b-9b12-ac36737ace94/current/log_inprogress_0
2019-09-20 08:17:34,931 [a88b1f4d-04ef-4980-ab9d-ac9d0d2fe007-SegmentedRaftLogWorker:Storage Directory /workdir/hadoop-ozone/ozonefs/target/test-dir/MiniOzoneClusterImpl-fff8a6b1-9459-493d-a1d7-ad2cd82c4f30/datanode-0/data/ratis/8f30383d-bf32-4a3e-9ea9-87b298362fba] INFO  segmented.SegmentedRaftLogWorker (SegmentedRaftLogWorker.java:execute(569)) - a88b1f4d-04ef-4980-ab9d-ac9d0d2fe007-SegmentedRaftLogWorker:Storage Directory /workdir/hadoop-ozone/ozonefs/target/test-dir/MiniOzoneClusterImpl-fff8a6b1-9459-493d-a1d7-ad2cd82c4f30/datanode-0/data/ratis/8f30383d-bf32-4a3e-9ea9-87b298362fba: created new log segment /workdir/hadoop-ozone/ozonefs/target/test-dir/MiniOzoneClusterImpl-fff8a6b1-9459-493d-a1d7-ad2cd82c4f30/datanode-0/data/ratis/8f30383d-bf32-4a3e-9ea9-87b298362fba/current/log_inprogress_0
2019-09-20 08:17:34,953 [Thread-1533] INFO  impl.FollowerState (FollowerState.java:run(106)) - d160b31f-a19e-4d4b-96c3-58cad6c89056:group-9E33106A0221 changes to CANDIDATE, lastRpcTime:5133, electionTimeout:5133ms
2019-09-20 08:17:34,953 [Thread-1533] INFO  impl.RoleInfo (RoleInfo.java:shutdownFollowerState(121)) - d160b31f-a19e-4d4b-96c3-58cad6c89056: shutdown FollowerState
2019-09-20 08:17:34,953 [Thread-1533] INFO  impl.RaftServerImpl (RaftServerImpl.java:setRole(171)) - d160b31f-a19e-4d4b-96c3-58cad6c89056:group-9E33106A0221 changes role from FOLLOWER to CANDIDATE at term 0 for changeToCandidate
2019-09-20 08:17:34,953 [Thread-1533] INFO  impl.RoleInfo (RoleInfo.java:updateAndGet(143)) - d160b31f-a19e-4d4b-96c3-58cad6c89056: start LeaderElection
2019-09-20 08:17:34,969 [d160b31f-a19e-4d4b-96c3-58cad6c89056:group-9E33106A0221:LeaderElection99] INFO  impl.LeaderElection (LeaderElection.java:askForVotes(181)) - d160b31f-a19e-4d4b-96c3-58cad6c89056:group-9E33106A0221:LeaderElection99: begin an election at term 1 for -1: [d160b31f-a19e-4d4b-96c3-58cad6c89056:192.168.34.27:41561], old=null
2019-09-20 08:17:34,969 [d160b31f-a19e-4d4b-96c3-58cad6c89056:group-9E33106A0221:LeaderElection99] INFO  impl.RoleInfo (RoleInfo.java:shutdownLeaderElection(134)) - d160b31f-a19e-4d4b-96c3-58cad6c89056: shutdown LeaderElection
2019-09-20 08:17:34,970 [d160b31f-a19e-4d4b-96c3-58cad6c89056:group-9E33106A0221:LeaderElection99] INFO  impl.RaftServerImpl (RaftServerImpl.java:setRole(171)) - d160b31f-a19e-4d4b-96c3-58cad6c89056:group-9E33106A0221 changes role from CANDIDATE to LEADER at term 1 for changeToLeader
2019-09-20 08:17:34,970 [d160b31f-a19e-4d4b-96c3-58cad6c89056:group-9E33106A0221:LeaderElection99] INFO  impl.RaftServerImpl (ServerState.java:setLeader(263)) - d160b31f-a19e-4d4b-96c3-58cad6c89056:group-9E33106A0221 change Leader from null to d160b31f-a19e-4d4b-96c3-58cad6c89056 at term 1 for becomeLeader, leader elected after 5153ms
2019-09-20 08:17:34,970 [d160b31f-a19e-4d4b-96c3-58cad6c89056:group-9E33106A0221:LeaderElection99] INFO  server.RaftServerConfigKeys (ConfUtils.java:logGet(43)) - raft.server.staging.catchup.gap = 1000 (default)
2019-09-20 08:17:34,970 [d160b31f-a19e-4d4b-96c3-58cad6c89056:group-9E33106A0221:LeaderElection99] INFO  server.RaftServerConfigKeys (ConfUtils.java:logGet(43)) - raft.server.rpc.sleep.time = 25ms (default)
2019-09-20 08:17:34,971 [d160b31f-a19e-4d4b-96c3-58cad6c89056:group-9E33106A0221:LeaderElection99] INFO  server.RaftServerConfigKeys (ConfUtils.java:logGet(43)) - raft.server.write.element-limit = 4096 (default)
2019-09-20 08:17:34,971 [d160b31f-a19e-4d4b-96c3-58cad6c89056:group-9E33106A0221:LeaderElection99] INFO  server.RaftServerConfigKeys (ConfUtils.java:logGet(43)) - raft.server.watch.timeout = 10s (default)
2019-09-20 08:17:34,971 [d160b31f-a19e-4d4b-96c3-58cad6c89056:group-9E33106A0221:LeaderElection99] INFO  server.RaftServerConfigKeys (ConfUtils.java:logGet(43)) - raft.server.watch.timeout.denomination = 1s (default)
2019-09-20 08:17:34,971 [d160b31f-a19e-4d4b-96c3-58cad6c89056:group-9E33106A0221:LeaderElection99] INFO  server.RaftServerConfigKeys (ConfUtils.java:logGet(43)) - raft.server.watch.element-limit = 65536 (default)
2019-09-20 08:17:34,972 [d160b31f-a19e-4d4b-96c3-58cad6c89056:group-9E33106A0221:LeaderElection99] INFO  impl.RoleInfo (RoleInfo.java:updateAndGet(143)) - d160b31f-a19e-4d4b-96c3-58cad6c89056: start LeaderState
2019-09-20 08:17:34,972 [Thread-1530] INFO  impl.FollowerState (FollowerState.java:run(106)) - d160b31f-a19e-4d4b-96c3-58cad6c89056:group-A4918C0E00E3 changes to CANDIDATE, lastRpcTime:5192, electionTimeout:5192ms
2019-09-20 08:17:34,972 [d160b31f-a19e-4d4b-96c3-58cad6c89056:group-9E33106A0221:LeaderElection99] INFO  segmented.SegmentedRaftLogWorker (SegmentedRaftLogWorker.java:startLogSegment(380)) - d160b31f-a19e-4d4b-96c3-58cad6c89056-SegmentedRaftLogWorker:Storage Directory /workdir/hadoop-ozone/ozonefs/target/test-dir/MiniOzoneClusterImpl-fff8a6b1-9459-493d-a1d7-ad2cd82c4f30/datanode-1/data/ratis/bad399f9-c7cc-40db-98a7-9e33106a0221: Starting segment from index:0
2019-09-20 08:17:34,972 [Thread-1530] INFO  impl.RoleInfo (RoleInfo.java:shutdownFollowerState(121)) - d160b31f-a19e-4d4b-96c3-58cad6c89056: shutdown FollowerState
2019-09-20 08:17:34,973 [Thread-1530] INFO  impl.RaftServerImpl (RaftServerImpl.java:setRole(171)) - d160b31f-a19e-4d4b-96c3-58cad6c89056:group-A4918C0E00E3 changes role from FOLLOWER to CANDIDATE at term 0 for changeToCandidate
2019-09-20 08:17:34,974 [Thread-1530] INFO  impl.RoleInfo (RoleInfo.java:updateAndGet(143)) - d160b31f-a19e-4d4b-96c3-58cad6c89056: start LeaderElection
2019-09-20 08:17:34,974 [d160b31f-a19e-4d4b-96c3-58cad6c89056:group-9E33106A0221:LeaderElection99] INFO  impl.RaftServerImpl (ServerState.java:setRaftConf(361)) - d160b31f-a19e-4d4b-96c3-58cad6c89056:group-9E33106A0221 set configuration 0: [d160b31f-a19e-4d4b-96c3-58cad6c89056:192.168.34.27:41561], old=null at 0
2019-09-20 08:17:35,008 [Thread-1545] INFO  impl.FollowerState (FollowerState.java:run(106)) - 16d094f2-c33f-45e9-afed-588eb6ecb67d:group-D66DB0300B1B changes to CANDIDATE, lastRpcTime:5043, electionTimeout:5025ms
2019-09-20 08:17:35,008 [Thread-1536] INFO  impl.FollowerState (FollowerState.java:run(106)) - d160b31f-a19e-4d4b-96c3-58cad6c89056:group-BDCC9991BE9F changes to CANDIDATE, lastRpcTime:5150, electionTimeout:5137ms
2019-09-20 08:17:35,008 [Thread-1545] INFO  impl.RoleInfo (RoleInfo.java:shutdownFollowerState(121)) - 16d094f2-c33f-45e9-afed-588eb6ecb67d: shutdown FollowerState
2019-09-20 08:17:35,009 [Thread-1545] INFO  impl.RaftServerImpl (RaftServerImpl.java:setRole(171)) - 16d094f2-c33f-45e9-afed-588eb6ecb67d:group-D66DB0300B1B changes role from FOLLOWER to CANDIDATE at term 0 for changeToCandidate
2019-09-20 08:17:35,008 [Thread-1542] INFO  impl.FollowerState (FollowerState.java:run(106)) - 16d094f2-c33f-45e9-afed-588eb6ecb67d:group-714A8D64CD64 changes to CANDIDATE, lastRpcTime:5073, electionTimeout:5073ms
2019-09-20 08:17:35,009 [Thread-1545] INFO  impl.RoleInfo (RoleInfo.java:updateAndGet(143)) - 16d094f2-c33f-45e9-afed-588eb6ecb67d: start LeaderElection
2019-09-20 08:17:35,008 [Thread-1536] INFO  impl.RoleInfo (RoleInfo.java:shutdownFollowerState(121)) - d160b31f-a19e-4d4b-96c3-58cad6c89056: shutdown FollowerState
2019-09-20 08:17:35,009 [Thread-1542] INFO  impl.RoleInfo (RoleInfo.java:shutdownFollowerState(121)) - 16d094f2-c33f-45e9-afed-588eb6ecb67d: shutdown FollowerState
2019-09-20 08:17:35,010 [Thread-1542] INFO  impl.RaftServerImpl (RaftServerImpl.java:setRole(171)) - 16d094f2-c33f-45e9-afed-588eb6ecb67d:group-714A8D64CD64 changes role from FOLLOWER to CANDIDATE at term 0 for changeToCandidate
2019-09-20 08:17:35,009 [Thread-1536] INFO  impl.RaftServerImpl (RaftServerImpl.java:setRole(171)) - d160b31f-a19e-4d4b-96c3-58cad6c89056:group-BDCC9991BE9F changes role from FOLLOWER to CANDIDATE at term 0 for changeToCandidate
2019-09-20 08:17:35,010 [Thread-1542] INFO  impl.RoleInfo (RoleInfo.java:updateAndGet(143)) - 16d094f2-c33f-45e9-afed-588eb6ecb67d: start LeaderElection
2019-09-20 08:17:35,011 [Thread-1536] INFO  impl.RoleInfo (RoleInfo.java:updateAndGet(143)) - d160b31f-a19e-4d4b-96c3-58cad6c89056: start LeaderElection
2019-09-20 08:17:35,021 [d160b31f-a19e-4d4b-96c3-58cad6c89056-SegmentedRaftLogWorker:Storage Directory /workdir/hadoop-ozone/ozonefs/target/test-dir/MiniOzoneClusterImpl-fff8a6b1-9459-493d-a1d7-ad2cd82c4f30/datanode-1/data/ratis/bad399f9-c7cc-40db-98a7-9e33106a0221] INFO  segmented.SegmentedRaftLogWorker (SegmentedRaftLogWorker.java:execute(569)) - d160b31f-a19e-4d4b-96c3-58cad6c89056-SegmentedRaftLogWorker:Storage Directory /workdir/hadoop-ozone/ozonefs/target/test-dir/MiniOzoneClusterImpl-fff8a6b1-9459-493d-a1d7-ad2cd82c4f30/datanode-1/data/ratis/bad399f9-c7cc-40db-98a7-9e33106a0221: created new log segment /workdir/hadoop-ozone/ozonefs/target/test-dir/MiniOzoneClusterImpl-fff8a6b1-9459-493d-a1d7-ad2cd82c4f30/datanode-1/data/ratis/bad399f9-c7cc-40db-98a7-9e33106a0221/current/log_inprogress_0
2019-09-20 08:17:35,021 [d160b31f-a19e-4d4b-96c3-58cad6c89056:group-BDCC9991BE9F:LeaderElection103] INFO  impl.LeaderElection (LeaderElection.java:askForVotes(181)) - d160b31f-a19e-4d4b-96c3-58cad6c89056:group-BDCC9991BE9F:LeaderElection103: begin an election at term 1 for -1: [d160b31f-a19e-4d4b-96c3-58cad6c89056:192.168.34.27:41561], old=null
2019-09-20 08:17:35,021 [16d094f2-c33f-45e9-afed-588eb6ecb67d:group-D66DB0300B1B:LeaderElection101] INFO  impl.LeaderElection (LeaderElection.java:askForVotes(181)) - 16d094f2-c33f-45e9-afed-588eb6ecb67d:group-D66DB0300B1B:LeaderElection101: begin an election at term 1 for -1: [16d094f2-c33f-45e9-afed-588eb6ecb67d:192.168.34.27:45956], old=null
2019-09-20 08:17:35,021 [16d094f2-c33f-45e9-afed-588eb6ecb67d:group-714A8D64CD64:LeaderElection102] INFO  impl.LeaderElection (LeaderElection.java:askForVotes(181)) - 16d094f2-c33f-45e9-afed-588eb6ecb67d:group-714A8D64CD64:LeaderElection102: begin an election at term 1 for -1: [16d094f2-c33f-45e9-afed-588eb6ecb67d:192.168.34.27:45956], old=null
2019-09-20 08:17:35,021 [d160b31f-a19e-4d4b-96c3-58cad6c89056:group-A4918C0E00E3:LeaderElection100] INFO  impl.LeaderElection (LeaderElection.java:askForVotes(181)) - d160b31f-a19e-4d4b-96c3-58cad6c89056:group-A4918C0E00E3:LeaderElection100: begin an election at term 1 for -1: [d160b31f-a19e-4d4b-96c3-58cad6c89056:192.168.34.27:41561], old=null
2019-09-20 08:17:35,022 [16d094f2-c33f-45e9-afed-588eb6ecb67d:group-714A8D64CD64:LeaderElection102] INFO  impl.RoleInfo (RoleInfo.java:shutdownLeaderElection(134)) - 16d094f2-c33f-45e9-afed-588eb6ecb67d: shutdown LeaderElection
2019-09-20 08:17:35,022 [16d094f2-c33f-45e9-afed-588eb6ecb67d:group-714A8D64CD64:LeaderElection102] INFO  impl.RaftServerImpl (RaftServerImpl.java:setRole(171)) - 16d094f2-c33f-45e9-afed-588eb6ecb67d:group-714A8D64CD64 changes role from CANDIDATE to LEADER at term 1 for changeToLeader
2019-09-20 08:17:35,021 [16d094f2-c33f-45e9-afed-588eb6ecb67d:group-D66DB0300B1B:LeaderElection101] INFO  impl.RoleInfo (RoleInfo.java:shutdownLeaderElection(134)) - 16d094f2-c33f-45e9-afed-588eb6ecb67d: shutdown LeaderElection
2019-09-20 08:17:35,021 [d160b31f-a19e-4d4b-96c3-58cad6c89056:group-BDCC9991BE9F:LeaderElection103] INFO  impl.RoleInfo (RoleInfo.java:shutdownLeaderElection(134)) - d160b31f-a19e-4d4b-96c3-58cad6c89056: shutdown LeaderElection
2019-09-20 08:17:35,022 [16d094f2-c33f-45e9-afed-588eb6ecb67d:group-D66DB0300B1B:LeaderElection101] INFO  impl.RaftServerImpl (RaftServerImpl.java:setRole(171)) - 16d094f2-c33f-45e9-afed-588eb6ecb67d:group-D66DB0300B1B changes role from CANDIDATE to LEADER at term 1 for changeToLeader
2019-09-20 08:17:35,022 [16d094f2-c33f-45e9-afed-588eb6ecb67d:group-714A8D64CD64:LeaderElection102] INFO  impl.RaftServerImpl (ServerState.java:setLeader(263)) - 16d094f2-c33f-45e9-afed-588eb6ecb67d:group-714A8D64CD64 change Leader from null to 16d094f2-c33f-45e9-afed-588eb6ecb67d at term 1 for becomeLeader, leader elected after 5090ms
2019-09-20 08:17:35,022 [d160b31f-a19e-4d4b-96c3-58cad6c89056:group-A4918C0E00E3:LeaderElection100] INFO  impl.RoleInfo (RoleInfo.java:shutdownLeaderElection(134)) - d160b31f-a19e-4d4b-96c3-58cad6c89056: shutdown LeaderElection
2019-09-20 08:17:35,022 [d160b31f-a19e-4d4b-96c3-58cad6c89056:group-A4918C0E00E3:LeaderElection100] INFO  impl.RaftServerImpl (RaftServerImpl.java:setRole(171)) - d160b31f-a19e-4d4b-96c3-58cad6c89056:group-A4918C0E00E3 changes role from CANDIDATE to LEADER at term 1 for changeToLeader
2019-09-20 08:17:35,022 [16d094f2-c33f-45e9-afed-588eb6ecb67d:group-714A8D64CD64:LeaderElection102] INFO  server.RaftServerConfigKeys (ConfUtils.java:logGet(43)) - raft.server.staging.catchup.gap = 1000 (default)
2019-09-20 08:17:35,022 [16d094f2-c33f-45e9-afed-588eb6ecb67d:group-D66DB0300B1B:LeaderElection101] INFO  impl.RaftServerImpl (ServerState.java:setLeader(263)) - 16d094f2-c33f-45e9-afed-588eb6ecb67d:group-D66DB0300B1B change Leader from null to 16d094f2-c33f-45e9-afed-588eb6ecb67d at term 1 for becomeLeader, leader elected after 5060ms
2019-09-20 08:17:35,022 [d160b31f-a19e-4d4b-96c3-58cad6c89056:group-BDCC9991BE9F:LeaderElection103] INFO  impl.RaftServerImpl (RaftServerImpl.java:setRole(171)) - d160b31f-a19e-4d4b-96c3-58cad6c89056:group-BDCC9991BE9F changes role from CANDIDATE to LEADER at term 1 for changeToLeader
2019-09-20 08:17:35,023 [16d094f2-c33f-45e9-afed-588eb6ecb67d:group-D66DB0300B1B:LeaderElection101] INFO  server.RaftServerConfigKeys (ConfUtils.java:logGet(43)) - raft.server.staging.catchup.gap = 1000 (default)
2019-09-20 08:17:35,023 [16d094f2-c33f-45e9-afed-588eb6ecb67d:group-714A8D64CD64:LeaderElection102] INFO  server.RaftServerConfigKeys (ConfUtils.java:logGet(43)) - raft.server.rpc.sleep.time = 25ms (default)
2019-09-20 08:17:35,023 [d160b31f-a19e-4d4b-96c3-58cad6c89056:group-A4918C0E00E3:LeaderElection100] INFO  impl.RaftServerImpl (ServerState.java:setLeader(263)) - d160b31f-a19e-4d4b-96c3-58cad6c89056:group-A4918C0E00E3 change Leader from null to d160b31f-a19e-4d4b-96c3-58cad6c89056 at term 1 for becomeLeader, leader elected after 5245ms
2019-09-20 08:17:35,023 [16d094f2-c33f-45e9-afed-588eb6ecb67d:group-714A8D64CD64:LeaderElection102] INFO  server.RaftServerConfigKeys (ConfUtils.java:logGet(43)) - raft.server.write.element-limit = 4096 (default)
2019-09-20 08:17:35,023 [16d094f2-c33f-45e9-afed-588eb6ecb67d:group-D66DB0300B1B:LeaderElection101] INFO  server.RaftServerConfigKeys (ConfUtils.java:logGet(43)) - raft.server.rpc.sleep.time = 25ms (default)
2019-09-20 08:17:35,023 [d160b31f-a19e-4d4b-96c3-58cad6c89056:group-BDCC9991BE9F:LeaderElection103] INFO  impl.RaftServerImpl (ServerState.java:setLeader(263)) - d160b31f-a19e-4d4b-96c3-58cad6c89056:group-BDCC9991BE9F change Leader from null to d160b31f-a19e-4d4b-96c3-58cad6c89056 at term 1 for becomeLeader, leader elected after 5168ms
2019-09-20 08:17:35,024 [16d094f2-c33f-45e9-afed-588eb6ecb67d:group-D66DB0300B1B:LeaderElection101] INFO  server.RaftServerConfigKeys (ConfUtils.java:logGet(43)) - raft.server.write.element-limit = 4096 (default)
2019-09-20 08:17:35,024 [16d094f2-c33f-45e9-afed-588eb6ecb67d:group-D66DB0300B1B:LeaderElection101] INFO  server.RaftServerConfigKeys (ConfUtils.java:logGet(43)) - raft.server.watch.timeout = 10s (default)
2019-09-20 08:17:35,024 [16d094f2-c33f-45e9-afed-588eb6ecb67d:group-714A8D64CD64:LeaderElection102] INFO  server.RaftServerConfigKeys (ConfUtils.java:logGet(43)) - raft.server.watch.timeout = 10s (default)
2019-09-20 08:17:35,023 [d160b31f-a19e-4d4b-96c3-58cad6c89056:group-A4918C0E00E3:LeaderElection100] INFO  server.RaftServerConfigKeys (ConfUtils.java:logGet(43)) - raft.server.staging.catchup.gap = 1000 (default)
2019-09-20 08:17:35,024 [16d094f2-c33f-45e9-afed-588eb6ecb67d:group-714A8D64CD64:LeaderElection102] INFO  server.RaftServerConfigKeys (ConfUtils.java:logGet(43)) - raft.server.watch.timeout.denomination = 1s (default)
2019-09-20 08:17:35,024 [16d094f2-c33f-45e9-afed-588eb6ecb67d:group-D66DB0300B1B:LeaderElection101] INFO  server.RaftServerConfigKeys (ConfUtils.java:logGet(43)) - raft.server.watch.timeout.denomination = 1s (default)
2019-09-20 08:17:35,025 [16d094f2-c33f-45e9-afed-588eb6ecb67d:group-D66DB0300B1B:LeaderElection101] INFO  server.RaftServerConfigKeys (ConfUtils.java:logGet(43)) - raft.server.watch.element-limit = 65536 (default)
2019-09-20 08:17:35,024 [d160b31f-a19e-4d4b-96c3-58cad6c89056:group-BDCC9991BE9F:LeaderElection103] INFO  server.RaftServerConfigKeys (ConfUtils.java:logGet(43)) - raft.server.staging.catchup.gap = 1000 (default)
2019-09-20 08:17:35,025 [16d094f2-c33f-45e9-afed-588eb6ecb67d:group-D66DB0300B1B:LeaderElection101] INFO  impl.RoleInfo (RoleInfo.java:updateAndGet(143)) - 16d094f2-c33f-45e9-afed-588eb6ecb67d: start LeaderState
2019-09-20 08:17:35,025 [16d094f2-c33f-45e9-afed-588eb6ecb67d:group-714A8D64CD64:LeaderElection102] INFO  server.RaftServerConfigKeys (ConfUtils.java:logGet(43)) - raft.server.watch.element-limit = 65536 (default)
2019-09-20 08:17:35,024 [d160b31f-a19e-4d4b-96c3-58cad6c89056:group-A4918C0E00E3:LeaderElection100] INFO  server.RaftServerConfigKeys (ConfUtils.java:logGet(43)) - raft.server.rpc.sleep.time = 25ms (default)
2019-09-20 08:17:35,025 [16d094f2-c33f-45e9-afed-588eb6ecb67d:group-714A8D64CD64:LeaderElection102] INFO  impl.RoleInfo (RoleInfo.java:updateAndGet(143)) - 16d094f2-c33f-45e9-afed-588eb6ecb67d: start LeaderState
2019-09-20 08:17:35,025 [16d094f2-c33f-45e9-afed-588eb6ecb67d:group-D66DB0300B1B:LeaderElection101] INFO  segmented.SegmentedRaftLogWorker (SegmentedRaftLogWorker.java:startLogSegment(380)) - 16d094f2-c33f-45e9-afed-588eb6ecb67d-SegmentedRaftLogWorker:Storage Directory /workdir/hadoop-ozone/ozonefs/target/test-dir/MiniOzoneClusterImpl-fff8a6b1-9459-493d-a1d7-ad2cd82c4f30/datanode-2/data/ratis/f5384fe3-6738-449c-bc37-d66db0300b1b: Starting segment from index:0
2019-09-20 08:17:35,025 [d160b31f-a19e-4d4b-96c3-58cad6c89056:group-BDCC9991BE9F:LeaderElection103] INFO  server.RaftServerConfigKeys (ConfUtils.java:logGet(43)) - raft.server.rpc.sleep.time = 25ms (default)
2019-09-20 08:17:35,026 [16d094f2-c33f-45e9-afed-588eb6ecb67d:group-714A8D64CD64:LeaderElection102] INFO  segmented.SegmentedRaftLogWorker (SegmentedRaftLogWorker.java:startLogSegment(380)) - 16d094f2-c33f-45e9-afed-588eb6ecb67d-SegmentedRaftLogWorker:Storage Directory /workdir/hadoop-ozone/ozonefs/target/test-dir/MiniOzoneClusterImpl-fff8a6b1-9459-493d-a1d7-ad2cd82c4f30/datanode-2/data/ratis/ff6a1fe4-7ad0-48a0-a90b-714a8d64cd64: Starting segment from index:0
2019-09-20 08:17:35,025 [d160b31f-a19e-4d4b-96c3-58cad6c89056:group-A4918C0E00E3:LeaderElection100] INFO  server.RaftServerConfigKeys (ConfUtils.java:logGet(43)) - raft.server.write.element-limit = 4096 (default)
2019-09-20 08:17:35,026 [16d094f2-c33f-45e9-afed-588eb6ecb67d:group-D66DB0300B1B:LeaderElection101] INFO  impl.RaftServerImpl (ServerState.java:setRaftConf(361)) - 16d094f2-c33f-45e9-afed-588eb6ecb67d:group-D66DB0300B1B set configuration 0: [16d094f2-c33f-45e9-afed-588eb6ecb67d:192.168.34.27:45956], old=null at 0
2019-09-20 08:17:35,026 [d160b31f-a19e-4d4b-96c3-58cad6c89056:group-BDCC9991BE9F:LeaderElection103] INFO  server.RaftServerConfigKeys (ConfUtils.java:logGet(43)) - raft.server.write.element-limit = 4096 (default)
2019-09-20 08:17:35,027 [16d094f2-c33f-45e9-afed-588eb6ecb67d:group-714A8D64CD64:LeaderElection102] INFO  impl.RaftServerImpl (ServerState.java:setRaftConf(361)) - 16d094f2-c33f-45e9-afed-588eb6ecb67d:group-714A8D64CD64 set configuration 0: [16d094f2-c33f-45e9-afed-588eb6ecb67d:192.168.34.27:45956], old=null at 0
2019-09-20 08:17:35,026 [d160b31f-a19e-4d4b-96c3-58cad6c89056:group-A4918C0E00E3:LeaderElection100] INFO  server.RaftServerConfigKeys (ConfUtils.java:logGet(43)) - raft.server.watch.timeout = 10s (default)
2019-09-20 08:17:35,027 [d160b31f-a19e-4d4b-96c3-58cad6c89056:group-BDCC9991BE9F:LeaderElection103] INFO  server.RaftServerConfigKeys (ConfUtils.java:logGet(43)) - raft.server.watch.timeout = 10s (default)
2019-09-20 08:17:35,027 [d160b31f-a19e-4d4b-96c3-58cad6c89056:group-A4918C0E00E3:LeaderElection100] INFO  server.RaftServerConfigKeys (ConfUtils.java:logGet(43)) - raft.server.watch.timeout.denomination = 1s (default)
2019-09-20 08:17:35,027 [d160b31f-a19e-4d4b-96c3-58cad6c89056:group-BDCC9991BE9F:LeaderElection103] INFO  server.RaftServerConfigKeys (ConfUtils.java:logGet(43)) - raft.server.watch.timeout.denomination = 1s (default)
2019-09-20 08:17:35,027 [d160b31f-a19e-4d4b-96c3-58cad6c89056:group-A4918C0E00E3:LeaderElection100] INFO  server.RaftServerConfigKeys (ConfUtils.java:logGet(43)) - raft.server.watch.element-limit = 65536 (default)
2019-09-20 08:17:35,027 [d160b31f-a19e-4d4b-96c3-58cad6c89056:group-BDCC9991BE9F:LeaderElection103] INFO  server.RaftServerConfigKeys (ConfUtils.java:logGet(43)) - raft.server.watch.element-limit = 65536 (default)
2019-09-20 08:17:35,027 [d160b31f-a19e-4d4b-96c3-58cad6c89056:group-A4918C0E00E3:LeaderElection100] INFO  impl.RoleInfo (RoleInfo.java:updateAndGet(143)) - d160b31f-a19e-4d4b-96c3-58cad6c89056: start LeaderState
2019-09-20 08:17:35,028 [d160b31f-a19e-4d4b-96c3-58cad6c89056:group-BDCC9991BE9F:LeaderElection103] INFO  impl.RoleInfo (RoleInfo.java:updateAndGet(143)) - d160b31f-a19e-4d4b-96c3-58cad6c89056: start LeaderState
2019-09-20 08:17:35,028 [d160b31f-a19e-4d4b-96c3-58cad6c89056:group-A4918C0E00E3:LeaderElection100] INFO  segmented.SegmentedRaftLogWorker (SegmentedRaftLogWorker.java:startLogSegment(380)) - d160b31f-a19e-4d4b-96c3-58cad6c89056-SegmentedRaftLogWorker:Storage Directory /workdir/hadoop-ozone/ozonefs/target/test-dir/MiniOzoneClusterImpl-fff8a6b1-9459-493d-a1d7-ad2cd82c4f30/datanode-1/data/ratis/6ab25b0a-ce73-4327-86b4-a4918c0e00e3: Starting segment from index:0
2019-09-20 08:17:35,028 [d160b31f-a19e-4d4b-96c3-58cad6c89056:group-BDCC9991BE9F:LeaderElection103] INFO  segmented.SegmentedRaftLogWorker (SegmentedRaftLogWorker.java:startLogSegment(380)) - d160b31f-a19e-4d4b-96c3-58cad6c89056-SegmentedRaftLogWorker:Storage Directory /workdir/hadoop-ozone/ozonefs/target/test-dir/MiniOzoneClusterImpl-fff8a6b1-9459-493d-a1d7-ad2cd82c4f30/datanode-1/data/ratis/57dc88c3-6f2d-43e9-ba74-bdcc9991be9f: Starting segment from index:0
2019-09-20 08:17:35,028 [d160b31f-a19e-4d4b-96c3-58cad6c89056:group-A4918C0E00E3:LeaderElection100] INFO  impl.RaftServerImpl (ServerState.java:setRaftConf(361)) - d160b31f-a19e-4d4b-96c3-58cad6c89056:group-A4918C0E00E3 set configuration 0: [d160b31f-a19e-4d4b-96c3-58cad6c89056:192.168.34.27:41561], old=null at 0
2019-09-20 08:17:35,028 [d160b31f-a19e-4d4b-96c3-58cad6c89056:group-BDCC9991BE9F:LeaderElection103] INFO  impl.RaftServerImpl (ServerState.java:setRaftConf(361)) - d160b31f-a19e-4d4b-96c3-58cad6c89056:group-BDCC9991BE9F set configuration 0: [d160b31f-a19e-4d4b-96c3-58cad6c89056:192.168.34.27:41561], old=null at 0
2019-09-20 08:17:35,039 [Thread-1539] INFO  impl.FollowerState (FollowerState.java:run(106)) - d160b31f-a19e-4d4b-96c3-58cad6c89056:group-8F6D606132E6 changes to CANDIDATE, lastRpcTime:5144, electionTimeout:5144ms
2019-09-20 08:17:35,039 [Thread-1539] INFO  impl.RoleInfo (RoleInfo.java:shutdownFollowerState(121)) - d160b31f-a19e-4d4b-96c3-58cad6c89056: shutdown FollowerState
2019-09-20 08:17:35,039 [Thread-1539] INFO  impl.RaftServerImpl (RaftServerImpl.java:setRole(171)) - d160b31f-a19e-4d4b-96c3-58cad6c89056:group-8F6D606132E6 changes role from FOLLOWER to CANDIDATE at term 0 for changeToCandidate
2019-09-20 08:17:35,039 [Thread-1539] INFO  impl.RoleInfo (RoleInfo.java:updateAndGet(143)) - d160b31f-a19e-4d4b-96c3-58cad6c89056: start LeaderElection
2019-09-20 08:17:35,066 [Thread-1551] INFO  impl.FollowerState (FollowerState.java:run(106)) - 16d094f2-c33f-45e9-afed-588eb6ecb67d:group-31A4DAA2E31C changes to CANDIDATE, lastRpcTime:5007, electionTimeout:5005ms
2019-09-20 08:17:35,066 [Thread-1551] INFO  impl.RoleInfo (RoleInfo.java:shutdownFollowerState(121)) - 16d094f2-c33f-45e9-afed-588eb6ecb67d: shutdown FollowerState
2019-09-20 08:17:35,066 [Thread-1551] INFO  impl.RaftServerImpl (RaftServerImpl.java:setRole(171)) - 16d094f2-c33f-45e9-afed-588eb6ecb67d:group-31A4DAA2E31C changes role from FOLLOWER to CANDIDATE at term 0 for changeToCandidate
2019-09-20 08:17:35,066 [Thread-1551] INFO  impl.RoleInfo (RoleInfo.java:updateAndGet(143)) - 16d094f2-c33f-45e9-afed-588eb6ecb67d: start LeaderElection
2019-09-20 08:17:35,079 [d160b31f-a19e-4d4b-96c3-58cad6c89056-SegmentedRaftLogWorker:Storage Directory /workdir/hadoop-ozone/ozonefs/target/test-dir/MiniOzoneClusterImpl-fff8a6b1-9459-493d-a1d7-ad2cd82c4f30/datanode-1/data/ratis/6ab25b0a-ce73-4327-86b4-a4918c0e00e3] INFO  segmented.SegmentedRaftLogWorker (SegmentedRaftLogWorker.java:execute(569)) - d160b31f-a19e-4d4b-96c3-58cad6c89056-SegmentedRaftLogWorker:Storage Directory /workdir/hadoop-ozone/ozonefs/target/test-dir/MiniOzoneClusterImpl-fff8a6b1-9459-493d-a1d7-ad2cd82c4f30/datanode-1/data/ratis/6ab25b0a-ce73-4327-86b4-a4918c0e00e3: created new log segment /workdir/hadoop-ozone/ozonefs/target/test-dir/MiniOzoneClusterImpl-fff8a6b1-9459-493d-a1d7-ad2cd82c4f30/datanode-1/data/ratis/6ab25b0a-ce73-4327-86b4-a4918c0e00e3/current/log_inprogress_0
2019-09-20 08:17:35,079 [d160b31f-a19e-4d4b-96c3-58cad6c89056-SegmentedRaftLogWorker:Storage Directory /workdir/hadoop-ozone/ozonefs/target/test-dir/MiniOzoneClusterImpl-fff8a6b1-9459-493d-a1d7-ad2cd82c4f30/datanode-1/data/ratis/57dc88c3-6f2d-43e9-ba74-bdcc9991be9f] INFO  segmented.SegmentedRaftLogWorker (SegmentedRaftLogWorker.java:execute(569)) - d160b31f-a19e-4d4b-96c3-58cad6c89056-SegmentedRaftLogWorker:Storage Directory /workdir/hadoop-ozone/ozonefs/target/test-dir/MiniOzoneClusterImpl-fff8a6b1-9459-493d-a1d7-ad2cd82c4f30/datanode-1/data/ratis/57dc88c3-6f2d-43e9-ba74-bdcc9991be9f: created new log segment /workdir/hadoop-ozone/ozonefs/target/test-dir/MiniOzoneClusterImpl-fff8a6b1-9459-493d-a1d7-ad2cd82c4f30/datanode-1/data/ratis/57dc88c3-6f2d-43e9-ba74-bdcc9991be9f/current/log_inprogress_0
2019-09-20 08:17:35,079 [d160b31f-a19e-4d4b-96c3-58cad6c89056:group-8F6D606132E6:LeaderElection104] INFO  impl.LeaderElection (LeaderElection.java:askForVotes(181)) - d160b31f-a19e-4d4b-96c3-58cad6c89056:group-8F6D606132E6:LeaderElection104: begin an election at term 1 for -1: [d160b31f-a19e-4d4b-96c3-58cad6c89056:192.168.34.27:41561], old=null
2019-09-20 08:17:35,079 [16d094f2-c33f-45e9-afed-588eb6ecb67d:group-31A4DAA2E31C:LeaderElection105] INFO  impl.LeaderElection (LeaderElection.java:askForVotes(181)) - 16d094f2-c33f-45e9-afed-588eb6ecb67d:group-31A4DAA2E31C:LeaderElection105: begin an election at term 1 for -1: [16d094f2-c33f-45e9-afed-588eb6ecb67d:192.168.34.27:45956], old=null
2019-09-20 08:17:35,079 [16d094f2-c33f-45e9-afed-588eb6ecb67d:group-31A4DAA2E31C:LeaderElection105] INFO  impl.RoleInfo (RoleInfo.java:shutdownLeaderElection(134)) - 16d094f2-c33f-45e9-afed-588eb6ecb67d: shutdown LeaderElection
2019-09-20 08:17:35,079 [16d094f2-c33f-45e9-afed-588eb6ecb67d-SegmentedRaftLogWorker:Storage Directory /workdir/hadoop-ozone/ozonefs/target/test-dir/MiniOzoneClusterImpl-fff8a6b1-9459-493d-a1d7-ad2cd82c4f30/datanode-2/data/ratis/ff6a1fe4-7ad0-48a0-a90b-714a8d64cd64] INFO  segmented.SegmentedRaftLogWorker (SegmentedRaftLogWorker.java:execute(569)) - 16d094f2-c33f-45e9-afed-588eb6ecb67d-SegmentedRaftLogWorker:Storage Directory /workdir/hadoop-ozone/ozonefs/target/test-dir/MiniOzoneClusterImpl-fff8a6b1-9459-493d-a1d7-ad2cd82c4f30/datanode-2/data/ratis/ff6a1fe4-7ad0-48a0-a90b-714a8d64cd64: created new log segment /workdir/hadoop-ozone/ozonefs/target/test-dir/MiniOzoneClusterImpl-fff8a6b1-9459-493d-a1d7-ad2cd82c4f30/datanode-2/data/ratis/ff6a1fe4-7ad0-48a0-a90b-714a8d64cd64/current/log_inprogress_0
2019-09-20 08:17:35,079 [16d094f2-c33f-45e9-afed-588eb6ecb67d-SegmentedRaftLogWorker:Storage Directory /workdir/hadoop-ozone/ozonefs/target/test-dir/MiniOzoneClusterImpl-fff8a6b1-9459-493d-a1d7-ad2cd82c4f30/datanode-2/data/ratis/f5384fe3-6738-449c-bc37-d66db0300b1b] INFO  segmented.SegmentedRaftLogWorker (SegmentedRaftLogWorker.java:execute(569)) - 16d094f2-c33f-45e9-afed-588eb6ecb67d-SegmentedRaftLogWorker:Storage Directory /workdir/hadoop-ozone/ozonefs/target/test-dir/MiniOzoneClusterImpl-fff8a6b1-9459-493d-a1d7-ad2cd82c4f30/datanode-2/data/ratis/f5384fe3-6738-449c-bc37-d66db0300b1b: created new log segment /workdir/hadoop-ozone/ozonefs/target/test-dir/MiniOzoneClusterImpl-fff8a6b1-9459-493d-a1d7-ad2cd82c4f30/datanode-2/data/ratis/f5384fe3-6738-449c-bc37-d66db0300b1b/current/log_inprogress_0
2019-09-20 08:17:35,079 [16d094f2-c33f-45e9-afed-588eb6ecb67d:group-31A4DAA2E31C:LeaderElection105] INFO  impl.RaftServerImpl (RaftServerImpl.java:setRole(171)) - 16d094f2-c33f-45e9-afed-588eb6ecb67d:group-31A4DAA2E31C changes role from CANDIDATE to LEADER at term 1 for changeToLeader
2019-09-20 08:17:35,079 [d160b31f-a19e-4d4b-96c3-58cad6c89056:group-8F6D606132E6:LeaderElection104] INFO  impl.RoleInfo (RoleInfo.java:shutdownLeaderElection(134)) - d160b31f-a19e-4d4b-96c3-58cad6c89056: shutdown LeaderElection
2019-09-20 08:17:35,080 [16d094f2-c33f-45e9-afed-588eb6ecb67d:group-31A4DAA2E31C:LeaderElection105] INFO  impl.RaftServerImpl (ServerState.java:setLeader(263)) - 16d094f2-c33f-45e9-afed-588eb6ecb67d:group-31A4DAA2E31C change Leader from null to 16d094f2-c33f-45e9-afed-588eb6ecb67d at term 1 for becomeLeader, leader elected after 5027ms
2019-09-20 08:17:35,080 [d160b31f-a19e-4d4b-96c3-58cad6c89056:group-8F6D606132E6:LeaderElection104] INFO  impl.RaftServerImpl (RaftServerImpl.java:setRole(171)) - d160b31f-a19e-4d4b-96c3-58cad6c89056:group-8F6D606132E6 changes role from CANDIDATE to LEADER at term 1 for changeToLeader
2019-09-20 08:17:35,080 [d160b31f-a19e-4d4b-96c3-58cad6c89056:group-8F6D606132E6:LeaderElection104] INFO  impl.RaftServerImpl (ServerState.java:setLeader(263)) - d160b31f-a19e-4d4b-96c3-58cad6c89056:group-8F6D606132E6 change Leader from null to d160b31f-a19e-4d4b-96c3-58cad6c89056 at term 1 for becomeLeader, leader elected after 5188ms
2019-09-20 08:17:35,080 [16d094f2-c33f-45e9-afed-588eb6ecb67d:group-31A4DAA2E31C:LeaderElection105] INFO  server.RaftServerConfigKeys (ConfUtils.java:logGet(43)) - raft.server.staging.catchup.gap = 1000 (default)
2019-09-20 08:17:35,080 [d160b31f-a19e-4d4b-96c3-58cad6c89056:group-8F6D606132E6:LeaderElection104] INFO  server.RaftServerConfigKeys (ConfUtils.java:logGet(43)) - raft.server.staging.catchup.gap = 1000 (default)
2019-09-20 08:17:35,080 [16d094f2-c33f-45e9-afed-588eb6ecb67d:group-31A4DAA2E31C:LeaderElection105] INFO  server.RaftServerConfigKeys (ConfUtils.java:logGet(43)) - raft.server.rpc.sleep.time = 25ms (default)
2019-09-20 08:17:35,080 [d160b31f-a19e-4d4b-96c3-58cad6c89056:group-8F6D606132E6:LeaderElection104] INFO  server.RaftServerConfigKeys (ConfUtils.java:logGet(43)) - raft.server.rpc.sleep.time = 25ms (default)
2019-09-20 08:17:35,080 [16d094f2-c33f-45e9-afed-588eb6ecb67d:group-31A4DAA2E31C:LeaderElection105] INFO  server.RaftServerConfigKeys (ConfUtils.java:logGet(43)) - raft.server.write.element-limit = 4096 (default)
2019-09-20 08:17:35,081 [d160b31f-a19e-4d4b-96c3-58cad6c89056:group-8F6D606132E6:LeaderElection104] INFO  server.RaftServerConfigKeys (ConfUtils.java:logGet(43)) - raft.server.write.element-limit = 4096 (default)
2019-09-20 08:17:35,081 [16d094f2-c33f-45e9-afed-588eb6ecb67d:group-31A4DAA2E31C:LeaderElection105] INFO  server.RaftServerConfigKeys (ConfUtils.java:logGet(43)) - raft.server.watch.timeout = 10s (default)
2019-09-20 08:17:35,081 [d160b31f-a19e-4d4b-96c3-58cad6c89056:group-8F6D606132E6:LeaderElection104] INFO  server.RaftServerConfigKeys (ConfUtils.java:logGet(43)) - raft.server.watch.timeout = 10s (default)
2019-09-20 08:17:35,081 [16d094f2-c33f-45e9-afed-588eb6ecb67d:group-31A4DAA2E31C:LeaderElection105] INFO  server.RaftServerConfigKeys (ConfUtils.java:logGet(43)) - raft.server.watch.timeout.denomination = 1s (default)
2019-09-20 08:17:35,081 [d160b31f-a19e-4d4b-96c3-58cad6c89056:group-8F6D606132E6:LeaderElection104] INFO  server.RaftServerConfigKeys (ConfUtils.java:logGet(43)) - raft.server.watch.timeout.denomination = 1s (default)
2019-09-20 08:17:35,081 [16d094f2-c33f-45e9-afed-588eb6ecb67d:group-31A4DAA2E31C:LeaderElection105] INFO  server.RaftServerConfigKeys (ConfUtils.java:logGet(43)) - raft.server.watch.element-limit = 65536 (default)
2019-09-20 08:17:35,081 [d160b31f-a19e-4d4b-96c3-58cad6c89056:group-8F6D606132E6:LeaderElection104] INFO  server.RaftServerConfigKeys (ConfUtils.java:logGet(43)) - raft.server.watch.element-limit = 65536 (default)
2019-09-20 08:17:35,081 [16d094f2-c33f-45e9-afed-588eb6ecb67d:group-31A4DAA2E31C:LeaderElection105] INFO  impl.RoleInfo (RoleInfo.java:updateAndGet(143)) - 16d094f2-c33f-45e9-afed-588eb6ecb67d: start LeaderState
2019-09-20 08:17:35,081 [d160b31f-a19e-4d4b-96c3-58cad6c89056:group-8F6D606132E6:LeaderElection104] INFO  impl.RoleInfo (RoleInfo.java:updateAndGet(143)) - d160b31f-a19e-4d4b-96c3-58cad6c89056: start LeaderState
2019-09-20 08:17:35,081 [16d094f2-c33f-45e9-afed-588eb6ecb67d:group-31A4DAA2E31C:LeaderElection105] INFO  segmented.SegmentedRaftLogWorker (SegmentedRaftLogWorker.java:startLogSegment(380)) - 16d094f2-c33f-45e9-afed-588eb6ecb67d-SegmentedRaftLogWorker:Storage Directory /workdir/hadoop-ozone/ozonefs/target/test-dir/MiniOzoneClusterImpl-fff8a6b1-9459-493d-a1d7-ad2cd82c4f30/datanode-2/data/ratis/9c0c2518-a5dc-404d-bd1a-31a4daa2e31c: Starting segment from index:0
2019-09-20 08:17:35,081 [d160b31f-a19e-4d4b-96c3-58cad6c89056:group-8F6D606132E6:LeaderElection104] INFO  segmented.SegmentedRaftLogWorker (SegmentedRaftLogWorker.java:startLogSegment(380)) - d160b31f-a19e-4d4b-96c3-58cad6c89056-SegmentedRaftLogWorker:Storage Directory /workdir/hadoop-ozone/ozonefs/target/test-dir/MiniOzoneClusterImpl-fff8a6b1-9459-493d-a1d7-ad2cd82c4f30/datanode-1/data/ratis/129b53d4-1995-428c-8b95-8f6d606132e6: Starting segment from index:0
2019-09-20 08:17:35,082 [16d094f2-c33f-45e9-afed-588eb6ecb67d:group-31A4DAA2E31C:LeaderElection105] INFO  impl.RaftServerImpl (ServerState.java:setRaftConf(361)) - 16d094f2-c33f-45e9-afed-588eb6ecb67d:group-31A4DAA2E31C set configuration 0: [16d094f2-c33f-45e9-afed-588eb6ecb67d:192.168.34.27:45956], old=null at 0
2019-09-20 08:17:35,082 [d160b31f-a19e-4d4b-96c3-58cad6c89056:group-8F6D606132E6:LeaderElection104] INFO  impl.RaftServerImpl (ServerState.java:setRaftConf(361)) - d160b31f-a19e-4d4b-96c3-58cad6c89056:group-8F6D606132E6 set configuration 0: [d160b31f-a19e-4d4b-96c3-58cad6c89056:192.168.34.27:41561], old=null at 0
2019-09-20 08:17:35,132 [d160b31f-a19e-4d4b-96c3-58cad6c89056-SegmentedRaftLogWorker:Storage Directory /workdir/hadoop-ozone/ozonefs/target/test-dir/MiniOzoneClusterImpl-fff8a6b1-9459-493d-a1d7-ad2cd82c4f30/datanode-1/data/ratis/129b53d4-1995-428c-8b95-8f6d606132e6] INFO  segmented.SegmentedRaftLogWorker (SegmentedRaftLogWorker.java:execute(569)) - d160b31f-a19e-4d4b-96c3-58cad6c89056-SegmentedRaftLogWorker:Storage Directory /workdir/hadoop-ozone/ozonefs/target/test-dir/MiniOzoneClusterImpl-fff8a6b1-9459-493d-a1d7-ad2cd82c4f30/datanode-1/data/ratis/129b53d4-1995-428c-8b95-8f6d606132e6: created new log segment /workdir/hadoop-ozone/ozonefs/target/test-dir/MiniOzoneClusterImpl-fff8a6b1-9459-493d-a1d7-ad2cd82c4f30/datanode-1/data/ratis/129b53d4-1995-428c-8b95-8f6d606132e6/current/log_inprogress_0
2019-09-20 08:17:35,132 [16d094f2-c33f-45e9-afed-588eb6ecb67d-SegmentedRaftLogWorker:Storage Directory /workdir/hadoop-ozone/ozonefs/target/test-dir/MiniOzoneClusterImpl-fff8a6b1-9459-493d-a1d7-ad2cd82c4f30/datanode-2/data/ratis/9c0c2518-a5dc-404d-bd1a-31a4daa2e31c] INFO  segmented.SegmentedRaftLogWorker (SegmentedRaftLogWorker.java:execute(569)) - 16d094f2-c33f-45e9-afed-588eb6ecb67d-SegmentedRaftLogWorker:Storage Directory /workdir/hadoop-ozone/ozonefs/target/test-dir/MiniOzoneClusterImpl-fff8a6b1-9459-493d-a1d7-ad2cd82c4f30/datanode-2/data/ratis/9c0c2518-a5dc-404d-bd1a-31a4daa2e31c: created new log segment /workdir/hadoop-ozone/ozonefs/target/test-dir/MiniOzoneClusterImpl-fff8a6b1-9459-493d-a1d7-ad2cd82c4f30/datanode-2/data/ratis/9c0c2518-a5dc-404d-bd1a-31a4daa2e31c/current/log_inprogress_0
2019-09-20 08:17:35,141 [Thread-1548] INFO  impl.FollowerState (FollowerState.java:run(106)) - 16d094f2-c33f-45e9-afed-588eb6ecb67d:group-EF6A341B084F changes to CANDIDATE, lastRpcTime:5139, electionTimeout:5139ms
2019-09-20 08:17:35,142 [Thread-1548] INFO  impl.RoleInfo (RoleInfo.java:shutdownFollowerState(121)) - 16d094f2-c33f-45e9-afed-588eb6ecb67d: shutdown FollowerState
2019-09-20 08:17:35,142 [Thread-1548] INFO  impl.RaftServerImpl (RaftServerImpl.java:setRole(171)) - 16d094f2-c33f-45e9-afed-588eb6ecb67d:group-EF6A341B084F changes role from FOLLOWER to CANDIDATE at term 0 for changeToCandidate
2019-09-20 08:17:35,142 [Thread-1548] INFO  impl.RoleInfo (RoleInfo.java:updateAndGet(143)) - 16d094f2-c33f-45e9-afed-588eb6ecb67d: start LeaderElection
2019-09-20 08:17:35,158 [16d094f2-c33f-45e9-afed-588eb6ecb67d:group-EF6A341B084F:LeaderElection106] INFO  impl.LeaderElection (LeaderElection.java:askForVotes(181)) - 16d094f2-c33f-45e9-afed-588eb6ecb67d:group-EF6A341B084F:LeaderElection106: begin an election at term 1 for -1: [16d094f2-c33f-45e9-afed-588eb6ecb67d:192.168.34.27:45956], old=null
2019-09-20 08:17:35,158 [16d094f2-c33f-45e9-afed-588eb6ecb67d:group-EF6A341B084F:LeaderElection106] INFO  impl.RoleInfo (RoleInfo.java:shutdownLeaderElection(134)) - 16d094f2-c33f-45e9-afed-588eb6ecb67d: shutdown LeaderElection
2019-09-20 08:17:35,158 [16d094f2-c33f-45e9-afed-588eb6ecb67d:group-EF6A341B084F:LeaderElection106] INFO  impl.RaftServerImpl (RaftServerImpl.java:setRole(171)) - 16d094f2-c33f-45e9-afed-588eb6ecb67d:group-EF6A341B084F changes role from CANDIDATE to LEADER at term 1 for changeToLeader
2019-09-20 08:17:35,158 [16d094f2-c33f-45e9-afed-588eb6ecb67d:group-EF6A341B084F:LeaderElection106] INFO  impl.RaftServerImpl (ServerState.java:setLeader(263)) - 16d094f2-c33f-45e9-afed-588eb6ecb67d:group-EF6A341B084F change Leader from null to 16d094f2-c33f-45e9-afed-588eb6ecb67d at term 1 for becomeLeader, leader elected after 5160ms
2019-09-20 08:17:35,159 [16d094f2-c33f-45e9-afed-588eb6ecb67d:group-EF6A341B084F:LeaderElection106] INFO  server.RaftServerConfigKeys (ConfUtils.java:logGet(43)) - raft.server.staging.catchup.gap = 1000 (default)
2019-09-20 08:17:35,159 [16d094f2-c33f-45e9-afed-588eb6ecb67d:group-EF6A341B084F:LeaderElection106] INFO  server.RaftServerConfigKeys (ConfUtils.java:logGet(43)) - raft.server.rpc.sleep.time = 25ms (default)
2019-09-20 08:17:35,159 [16d094f2-c33f-45e9-afed-588eb6ecb67d:group-EF6A341B084F:LeaderElection106] INFO  server.RaftServerConfigKeys (ConfUtils.java:logGet(43)) - raft.server.write.element-limit = 4096 (default)
2019-09-20 08:17:35,159 [16d094f2-c33f-45e9-afed-588eb6ecb67d:group-EF6A341B084F:LeaderElection106] INFO  server.RaftServerConfigKeys (ConfUtils.java:logGet(43)) - raft.server.watch.timeout = 10s (default)
2019-09-20 08:17:35,159 [16d094f2-c33f-45e9-afed-588eb6ecb67d:group-EF6A341B084F:LeaderElection106] INFO  server.RaftServerConfigKeys (ConfUtils.java:logGet(43)) - raft.server.watch.timeout.denomination = 1s (default)
2019-09-20 08:17:35,159 [16d094f2-c33f-45e9-afed-588eb6ecb67d:group-EF6A341B084F:LeaderElection106] INFO  server.RaftServerConfigKeys (ConfUtils.java:logGet(43)) - raft.server.watch.element-limit = 65536 (default)
2019-09-20 08:17:35,160 [16d094f2-c33f-45e9-afed-588eb6ecb67d:group-EF6A341B084F:LeaderElection106] INFO  impl.RoleInfo (RoleInfo.java:updateAndGet(143)) - 16d094f2-c33f-45e9-afed-588eb6ecb67d: start LeaderState
2019-09-20 08:17:35,160 [16d094f2-c33f-45e9-afed-588eb6ecb67d:group-EF6A341B084F:LeaderElection106] INFO  segmented.SegmentedRaftLogWorker (SegmentedRaftLogWorker.java:startLogSegment(380)) - 16d094f2-c33f-45e9-afed-588eb6ecb67d-SegmentedRaftLogWorker:Storage Directory /workdir/hadoop-ozone/ozonefs/target/test-dir/MiniOzoneClusterImpl-fff8a6b1-9459-493d-a1d7-ad2cd82c4f30/datanode-2/data/ratis/72b4b60c-114a-4e47-99a6-ef6a341b084f: Starting segment from index:0
2019-09-20 08:17:35,160 [16d094f2-c33f-45e9-afed-588eb6ecb67d:group-EF6A341B084F:LeaderElection106] INFO  impl.RaftServerImpl (ServerState.java:setRaftConf(361)) - 16d094f2-c33f-45e9-afed-588eb6ecb67d:group-EF6A341B084F set configuration 0: [16d094f2-c33f-45e9-afed-588eb6ecb67d:192.168.34.27:45956], old=null at 0
2019-09-20 08:17:35,227 [16d094f2-c33f-45e9-afed-588eb6ecb67d-SegmentedRaftLogWorker:Storage Directory /workdir/hadoop-ozone/ozonefs/target/test-dir/MiniOzoneClusterImpl-fff8a6b1-9459-493d-a1d7-ad2cd82c4f30/datanode-2/data/ratis/72b4b60c-114a-4e47-99a6-ef6a341b084f] INFO  segmented.SegmentedRaftLogWorker (SegmentedRaftLogWorker.java:execute(569)) - 16d094f2-c33f-45e9-afed-588eb6ecb67d-SegmentedRaftLogWorker:Storage Directory /workdir/hadoop-ozone/ozonefs/target/test-dir/MiniOzoneClusterImpl-fff8a6b1-9459-493d-a1d7-ad2cd82c4f30/datanode-2/data/ratis/72b4b60c-114a-4e47-99a6-ef6a341b084f: created new log segment /workdir/hadoop-ozone/ozonefs/target/test-dir/MiniOzoneClusterImpl-fff8a6b1-9459-493d-a1d7-ad2cd82c4f30/datanode-2/data/ratis/72b4b60c-114a-4e47-99a6-ef6a341b084f/current/log_inprogress_0
2019-09-20 08:17:35,260 [Thread-1554] INFO  impl.FollowerState (FollowerState.java:run(106)) - 16d094f2-c33f-45e9-afed-588eb6ecb67d:group-8EDB2F7A73CD changes to CANDIDATE, lastRpcTime:5158, electionTimeout:5158ms
2019-09-20 08:17:35,260 [Thread-1554] INFO  impl.RoleInfo (RoleInfo.java:shutdownFollowerState(121)) - 16d094f2-c33f-45e9-afed-588eb6ecb67d: shutdown FollowerState
2019-09-20 08:17:35,260 [Thread-1554] INFO  impl.RaftServerImpl (RaftServerImpl.java:setRole(171)) - 16d094f2-c33f-45e9-afed-588eb6ecb67d:group-8EDB2F7A73CD changes role from FOLLOWER to CANDIDATE at term 0 for changeToCandidate
2019-09-20 08:17:35,261 [Thread-1554] INFO  impl.RoleInfo (RoleInfo.java:updateAndGet(143)) - 16d094f2-c33f-45e9-afed-588eb6ecb67d: start LeaderElection
2019-09-20 08:17:35,275 [16d094f2-c33f-45e9-afed-588eb6ecb67d:group-8EDB2F7A73CD:LeaderElection107] INFO  impl.LeaderElection (LeaderElection.java:askForVotes(181)) - 16d094f2-c33f-45e9-afed-588eb6ecb67d:group-8EDB2F7A73CD:LeaderElection107: begin an election at term 1 for -1: [16d094f2-c33f-45e9-afed-588eb6ecb67d:192.168.34.27:45956], old=null
2019-09-20 08:17:35,275 [16d094f2-c33f-45e9-afed-588eb6ecb67d:group-8EDB2F7A73CD:LeaderElection107] INFO  impl.RoleInfo (RoleInfo.java:shutdownLeaderElection(134)) - 16d094f2-c33f-45e9-afed-588eb6ecb67d: shutdown LeaderElection
2019-09-20 08:17:35,275 [16d094f2-c33f-45e9-afed-588eb6ecb67d:group-8EDB2F7A73CD:LeaderElection107] INFO  impl.RaftServerImpl (RaftServerImpl.java:setRole(171)) - 16d094f2-c33f-45e9-afed-588eb6ecb67d:group-8EDB2F7A73CD changes role from CANDIDATE to LEADER at term 1 for changeToLeader
2019-09-20 08:17:35,275 [16d094f2-c33f-45e9-afed-588eb6ecb67d:group-8EDB2F7A73CD:LeaderElection107] INFO  impl.RaftServerImpl (ServerState.java:setLeader(263)) - 16d094f2-c33f-45e9-afed-588eb6ecb67d:group-8EDB2F7A73CD change Leader from null to 16d094f2-c33f-45e9-afed-588eb6ecb67d at term 1 for becomeLeader, leader elected after 5177ms
2019-09-20 08:17:35,275 [16d094f2-c33f-45e9-afed-588eb6ecb67d:group-8EDB2F7A73CD:LeaderElection107] INFO  server.RaftServerConfigKeys (ConfUtils.java:logGet(43)) - raft.server.staging.catchup.gap = 1000 (default)
2019-09-20 08:17:35,275 [16d094f2-c33f-45e9-afed-588eb6ecb67d:group-8EDB2F7A73CD:LeaderElection107] INFO  server.RaftServerConfigKeys (ConfUtils.java:logGet(43)) - raft.server.rpc.sleep.time = 25ms (default)
2019-09-20 08:17:35,275 [16d094f2-c33f-45e9-afed-588eb6ecb67d:group-8EDB2F7A73CD:LeaderElection107] INFO  server.RaftServerConfigKeys (ConfUtils.java:logGet(43)) - raft.server.write.element-limit = 4096 (default)
2019-09-20 08:17:35,275 [16d094f2-c33f-45e9-afed-588eb6ecb67d:group-8EDB2F7A73CD:LeaderElection107] INFO  server.RaftServerConfigKeys (ConfUtils.java:logGet(43)) - raft.server.watch.timeout = 10s (default)
2019-09-20 08:17:35,276 [16d094f2-c33f-45e9-afed-588eb6ecb67d:group-8EDB2F7A73CD:LeaderElection107] INFO  server.RaftServerConfigKeys (ConfUtils.java:logGet(43)) - raft.server.watch.timeout.denomination = 1s (default)
2019-09-20 08:17:35,276 [16d094f2-c33f-45e9-afed-588eb6ecb67d:group-8EDB2F7A73CD:LeaderElection107] INFO  server.RaftServerConfigKeys (ConfUtils.java:logGet(43)) - raft.server.watch.element-limit = 65536 (default)
2019-09-20 08:17:35,276 [16d094f2-c33f-45e9-afed-588eb6ecb67d:group-8EDB2F7A73CD:LeaderElection107] INFO  impl.RoleInfo (RoleInfo.java:updateAndGet(143)) - 16d094f2-c33f-45e9-afed-588eb6ecb67d: start LeaderState
2019-09-20 08:17:35,276 [16d094f2-c33f-45e9-afed-588eb6ecb67d:group-8EDB2F7A73CD:LeaderElection107] INFO  segmented.SegmentedRaftLogWorker (SegmentedRaftLogWorker.java:startLogSegment(380)) - 16d094f2-c33f-45e9-afed-588eb6ecb67d-SegmentedRaftLogWorker:Storage Directory /workdir/hadoop-ozone/ozonefs/target/test-dir/MiniOzoneClusterImpl-fff8a6b1-9459-493d-a1d7-ad2cd82c4f30/datanode-2/data/ratis/170c146c-7cea-47e2-87b4-8edb2f7a73cd: Starting segment from index:0
2019-09-20 08:17:35,276 [16d094f2-c33f-45e9-afed-588eb6ecb67d:group-8EDB2F7A73CD:LeaderElection107] INFO  impl.RaftServerImpl (ServerState.java:setRaftConf(361)) - 16d094f2-c33f-45e9-afed-588eb6ecb67d:group-8EDB2F7A73CD set configuration 0: [16d094f2-c33f-45e9-afed-588eb6ecb67d:192.168.34.27:45956], old=null at 0
2019-09-20 08:17:35,290 [Thread-1557] INFO  impl.FollowerState (FollowerState.java:run(106)) - 16d094f2-c33f-45e9-afed-588eb6ecb67d:group-C0551BEE0FB6 changes to CANDIDATE, lastRpcTime:5148, electionTimeout:5148ms
2019-09-20 08:17:35,290 [Thread-1557] INFO  impl.RoleInfo (RoleInfo.java:shutdownFollowerState(121)) - 16d094f2-c33f-45e9-afed-588eb6ecb67d: shutdown FollowerState
2019-09-20 08:17:35,290 [Thread-1557] INFO  impl.RaftServerImpl (RaftServerImpl.java:setRole(171)) - 16d094f2-c33f-45e9-afed-588eb6ecb67d:group-C0551BEE0FB6 changes role from FOLLOWER to CANDIDATE at term 0 for changeToCandidate
2019-09-20 08:17:35,290 [Thread-1557] INFO  impl.RoleInfo (RoleInfo.java:updateAndGet(143)) - 16d094f2-c33f-45e9-afed-588eb6ecb67d: start LeaderElection
2019-09-20 08:17:35,326 [16d094f2-c33f-45e9-afed-588eb6ecb67d-SegmentedRaftLogWorker:Storage Directory /workdir/hadoop-ozone/ozonefs/target/test-dir/MiniOzoneClusterImpl-fff8a6b1-9459-493d-a1d7-ad2cd82c4f30/datanode-2/data/ratis/170c146c-7cea-47e2-87b4-8edb2f7a73cd] INFO  segmented.SegmentedRaftLogWorker (SegmentedRaftLogWorker.java:execute(569)) - 16d094f2-c33f-45e9-afed-588eb6ecb67d-SegmentedRaftLogWorker:Storage Directory /workdir/hadoop-ozone/ozonefs/target/test-dir/MiniOzoneClusterImpl-fff8a6b1-9459-493d-a1d7-ad2cd82c4f30/datanode-2/data/ratis/170c146c-7cea-47e2-87b4-8edb2f7a73cd: created new log segment /workdir/hadoop-ozone/ozonefs/target/test-dir/MiniOzoneClusterImpl-fff8a6b1-9459-493d-a1d7-ad2cd82c4f30/datanode-2/data/ratis/170c146c-7cea-47e2-87b4-8edb2f7a73cd/current/log_inprogress_0
2019-09-20 08:17:35,326 [16d094f2-c33f-45e9-afed-588eb6ecb67d:group-C0551BEE0FB6:LeaderElection108] INFO  impl.LeaderElection (LeaderElection.java:askForVotes(181)) - 16d094f2-c33f-45e9-afed-588eb6ecb67d:group-C0551BEE0FB6:LeaderElection108: begin an election at term 1 for -1: [16d094f2-c33f-45e9-afed-588eb6ecb67d:192.168.34.27:45956], old=null
2019-09-20 08:17:35,327 [16d094f2-c33f-45e9-afed-588eb6ecb67d:group-C0551BEE0FB6:LeaderElection108] INFO  impl.RoleInfo (RoleInfo.java:shutdownLeaderElection(134)) - 16d094f2-c33f-45e9-afed-588eb6ecb67d: shutdown LeaderElection
2019-09-20 08:17:35,327 [16d094f2-c33f-45e9-afed-588eb6ecb67d:group-C0551BEE0FB6:LeaderElection108] INFO  impl.RaftServerImpl (RaftServerImpl.java:setRole(171)) - 16d094f2-c33f-45e9-afed-588eb6ecb67d:group-C0551BEE0FB6 changes role from CANDIDATE to LEADER at term 1 for changeToLeader
2019-09-20 08:17:35,327 [16d094f2-c33f-45e9-afed-588eb6ecb67d:group-C0551BEE0FB6:LeaderElection108] INFO  impl.RaftServerImpl (ServerState.java:setLeader(263)) - 16d094f2-c33f-45e9-afed-588eb6ecb67d:group-C0551BEE0FB6 change Leader from null to 16d094f2-c33f-45e9-afed-588eb6ecb67d at term 1 for becomeLeader, leader elected after 5188ms
2019-09-20 08:17:35,327 [16d094f2-c33f-45e9-afed-588eb6ecb67d:group-C0551BEE0FB6:LeaderElection108] INFO  server.RaftServerConfigKeys (ConfUtils.java:logGet(43)) - raft.server.staging.catchup.gap = 1000 (default)
2019-09-20 08:17:35,327 [16d094f2-c33f-45e9-afed-588eb6ecb67d:group-C0551BEE0FB6:LeaderElection108] INFO  server.RaftServerConfigKeys (ConfUtils.java:logGet(43)) - raft.server.rpc.sleep.time = 25ms (default)
2019-09-20 08:17:35,327 [16d094f2-c33f-45e9-afed-588eb6ecb67d:group-C0551BEE0FB6:LeaderElection108] INFO  server.RaftServerConfigKeys (ConfUtils.java:logGet(43)) - raft.server.write.element-limit = 4096 (default)
2019-09-20 08:17:35,327 [16d094f2-c33f-45e9-afed-588eb6ecb67d:group-C0551BEE0FB6:LeaderElection108] INFO  server.RaftServerConfigKeys (ConfUtils.java:logGet(43)) - raft.server.watch.timeout = 10s (default)
2019-09-20 08:17:35,327 [16d094f2-c33f-45e9-afed-588eb6ecb67d:group-C0551BEE0FB6:LeaderElection108] INFO  server.RaftServerConfigKeys (ConfUtils.java:logGet(43)) - raft.server.watch.timeout.denomination = 1s (default)
2019-09-20 08:17:35,327 [16d094f2-c33f-45e9-afed-588eb6ecb67d:group-C0551BEE0FB6:LeaderElection108] INFO  server.RaftServerConfigKeys (ConfUtils.java:logGet(43)) - raft.server.watch.element-limit = 65536 (default)
2019-09-20 08:17:35,328 [16d094f2-c33f-45e9-afed-588eb6ecb67d:group-C0551BEE0FB6:LeaderElection108] INFO  impl.RoleInfo (RoleInfo.java:updateAndGet(143)) - 16d094f2-c33f-45e9-afed-588eb6ecb67d: start LeaderState
2019-09-20 08:17:35,328 [16d094f2-c33f-45e9-afed-588eb6ecb67d:group-C0551BEE0FB6:LeaderElection108] INFO  segmented.SegmentedRaftLogWorker (SegmentedRaftLogWorker.java:startLogSegment(380)) - 16d094f2-c33f-45e9-afed-588eb6ecb67d-SegmentedRaftLogWorker:Storage Directory /workdir/hadoop-ozone/ozonefs/target/test-dir/MiniOzoneClusterImpl-fff8a6b1-9459-493d-a1d7-ad2cd82c4f30/datanode-2/data/ratis/a9284b61-4c96-4201-b7d8-c0551bee0fb6: Starting segment from index:0
2019-09-20 08:17:35,328 [16d094f2-c33f-45e9-afed-588eb6ecb67d:group-C0551BEE0FB6:LeaderElection108] INFO  impl.RaftServerImpl (ServerState.java:setRaftConf(361)) - 16d094f2-c33f-45e9-afed-588eb6ecb67d:group-C0551BEE0FB6 set configuration 0: [16d094f2-c33f-45e9-afed-588eb6ecb67d:192.168.34.27:45956], old=null at 0
2019-09-20 08:17:35,366 [16d094f2-c33f-45e9-afed-588eb6ecb67d-SegmentedRaftLogWorker:Storage Directory /workdir/hadoop-ozone/ozonefs/target/test-dir/MiniOzoneClusterImpl-fff8a6b1-9459-493d-a1d7-ad2cd82c4f30/datanode-2/data/ratis/a9284b61-4c96-4201-b7d8-c0551bee0fb6] INFO  segmented.SegmentedRaftLogWorker (SegmentedRaftLogWorker.java:execute(569)) - 16d094f2-c33f-45e9-afed-588eb6ecb67d-SegmentedRaftLogWorker:Storage Directory /workdir/hadoop-ozone/ozonefs/target/test-dir/MiniOzoneClusterImpl-fff8a6b1-9459-493d-a1d7-ad2cd82c4f30/datanode-2/data/ratis/a9284b61-4c96-4201-b7d8-c0551bee0fb6: created new log segment /workdir/hadoop-ozone/ozonefs/target/test-dir/MiniOzoneClusterImpl-fff8a6b1-9459-493d-a1d7-ad2cd82c4f30/datanode-2/data/ratis/a9284b61-4c96-4201-b7d8-c0551bee0fb6/current/log_inprogress_0
2019-09-20 08:17:35,870 | INFO  | SCMAudit | user=jenkins1000 | ip=192.168.34.27 | op=SEND_HEARTBEAT {datanodeUUID=16d094f2-c33f-45e9-afed-588eb6ecb67d, command=[]} | ret=SUCCESS |  
2019-09-20 08:17:36,144 [ForkJoinPool.commonPool-worker-0] INFO  ozoneimpl.OzoneContainer (OzoneContainer.java:stop(199)) - Attempting to stop container services.
2019-09-20 08:17:36,146 [main] INFO  ozoneimpl.OzoneContainer (OzoneContainer.java:stop(199)) - Attempting to stop container services.
2019-09-20 08:17:36,147 [ForkJoinPool.commonPool-worker-0] INFO  impl.RaftServerProxy (RaftServerProxy.java:lambda$close$4(314)) - a88b1f4d-04ef-4980-ab9d-ac9d0d2fe007: close
2019-09-20 08:17:36,147 [main] INFO  impl.RaftServerProxy (RaftServerProxy.java:lambda$close$4(314)) - d160b31f-a19e-4d4b-96c3-58cad6c89056: close
2019-09-20 08:17:36,147 [ForkJoinPool.commonPool-worker-0] INFO  impl.RaftServerImpl (RaftServerImpl.java:lambda$shutdown$3(245)) - a88b1f4d-04ef-4980-ab9d-ac9d0d2fe007: shutdown group-AB4825E7A2D9
2019-09-20 08:17:36,148 [main] INFO  impl.RaftServerImpl (RaftServerImpl.java:lambda$shutdown$3(245)) - d160b31f-a19e-4d4b-96c3-58cad6c89056: shutdown group-A4918C0E00E3
2019-09-20 08:17:36,148 [ForkJoinPool.commonPool-worker-0] INFO  util.JmxRegister (JmxRegister.java:unregister(73)) - Successfully un-registered JMX Bean with object name Ratis:service=RaftServer,group=group-AB4825E7A2D9,id=a88b1f4d-04ef-4980-ab9d-ac9d0d2fe007
2019-09-20 08:17:36,148 [main] INFO  util.JmxRegister (JmxRegister.java:unregister(73)) - Successfully un-registered JMX Bean with object name Ratis:service=RaftServer,group=group-A4918C0E00E3,id=d160b31f-a19e-4d4b-96c3-58cad6c89056
2019-09-20 08:17:36,149 [main] INFO  impl.RoleInfo (RoleInfo.java:shutdownLeaderState(104)) - d160b31f-a19e-4d4b-96c3-58cad6c89056: shutdown LeaderState
2019-09-20 08:17:36,149 [ForkJoinPool.commonPool-worker-0] INFO  impl.RoleInfo (RoleInfo.java:shutdownLeaderState(104)) - a88b1f4d-04ef-4980-ab9d-ac9d0d2fe007: shutdown LeaderState
2019-09-20 08:17:36,150 [main] INFO  impl.PendingRequests (PendingRequests.java:sendNotLeaderResponses(202)) - d160b31f-a19e-4d4b-96c3-58cad6c89056-PendingRequests: sendNotLeaderResponses
2019-09-20 08:17:36,150 [ForkJoinPool.commonPool-worker-0] INFO  impl.PendingRequests (PendingRequests.java:sendNotLeaderResponses(202)) - a88b1f4d-04ef-4980-ab9d-ac9d0d2fe007-PendingRequests: sendNotLeaderResponses
2019-09-20 08:17:36,150 [main] INFO  impl.StateMachineUpdater (StateMachineUpdater.java:stopAndJoin(115)) - StateMachineUpdater:d160b31f-a19e-4d4b-96c3-58cad6c89056:group-A4918C0E00E3: set stopIndex = 0
2019-09-20 08:17:36,151 [main] INFO  impl.RaftServerImpl (ServerState.java:close(394)) - d160b31f-a19e-4d4b-96c3-58cad6c89056:group-A4918C0E00E3 closes. The last applied log index is 0
2019-09-20 08:17:36,151 [ForkJoinPool.commonPool-worker-0] INFO  impl.StateMachineUpdater (StateMachineUpdater.java:stopAndJoin(115)) - StateMachineUpdater:a88b1f4d-04ef-4980-ab9d-ac9d0d2fe007:group-AB4825E7A2D9: set stopIndex = 0
2019-09-20 08:17:36,152 [d160b31f-a19e-4d4b-96c3-58cad6c89056-SegmentedRaftLogWorker:Storage Directory /workdir/hadoop-ozone/ozonefs/target/test-dir/MiniOzoneClusterImpl-fff8a6b1-9459-493d-a1d7-ad2cd82c4f30/datanode-1/data/ratis/6ab25b0a-ce73-4327-86b4-a4918c0e00e3] INFO  segmented.SegmentedRaftLogWorker (SegmentedRaftLogWorker.java:run(313)) - d160b31f-a19e-4d4b-96c3-58cad6c89056-SegmentedRaftLogWorker:Storage Directory /workdir/hadoop-ozone/ozonefs/target/test-dir/MiniOzoneClusterImpl-fff8a6b1-9459-493d-a1d7-ad2cd82c4f30/datanode-1/data/ratis/6ab25b0a-ce73-4327-86b4-a4918c0e00e3 was interrupted, exiting. There are 0 tasks remaining in the queue.
2019-09-20 08:17:36,152 [ForkJoinPool.commonPool-worker-0] INFO  impl.RaftServerImpl (ServerState.java:close(394)) - a88b1f4d-04ef-4980-ab9d-ac9d0d2fe007:group-AB4825E7A2D9 closes. The last applied log index is 0
2019-09-20 08:17:36,152 [main] INFO  segmented.SegmentedRaftLogWorker (SegmentedRaftLogWorker.java:close(228)) - d160b31f-a19e-4d4b-96c3-58cad6c89056-SegmentedRaftLogWorker:Storage Directory /workdir/hadoop-ozone/ozonefs/target/test-dir/MiniOzoneClusterImpl-fff8a6b1-9459-493d-a1d7-ad2cd82c4f30/datanode-1/data/ratis/6ab25b0a-ce73-4327-86b4-a4918c0e00e3 close()
2019-09-20 08:17:36,153 [a88b1f4d-04ef-4980-ab9d-ac9d0d2fe007-SegmentedRaftLogWorker:Storage Directory /workdir/hadoop-ozone/ozonefs/target/test-dir/MiniOzoneClusterImpl-fff8a6b1-9459-493d-a1d7-ad2cd82c4f30/datanode-0/data/ratis/b134ea9f-e873-4059-8c93-ab4825e7a2d9] INFO  segmented.SegmentedRaftLogWorker (SegmentedRaftLogWorker.java:run(313)) - a88b1f4d-04ef-4980-ab9d-ac9d0d2fe007-SegmentedRaftLogWorker:Storage Directory /workdir/hadoop-ozone/ozonefs/target/test-dir/MiniOzoneClusterImpl-fff8a6b1-9459-493d-a1d7-ad2cd82c4f30/datanode-0/data/ratis/b134ea9f-e873-4059-8c93-ab4825e7a2d9 was interrupted, exiting. There are 0 tasks remaining in the queue.
2019-09-20 08:17:36,154 [main] INFO  impl.RaftServerImpl (RaftServerImpl.java:lambda$shutdown$3(245)) - d160b31f-a19e-4d4b-96c3-58cad6c89056: shutdown group-AC36737ACE94
2019-09-20 08:17:36,155 [main] INFO  util.JmxRegister (JmxRegister.java:unregister(73)) - Successfully un-registered JMX Bean with object name Ratis:service=RaftServer,group=group-AC36737ACE94,id=d160b31f-a19e-4d4b-96c3-58cad6c89056
2019-09-20 08:17:36,155 [ForkJoinPool.commonPool-worker-0] INFO  segmented.SegmentedRaftLogWorker (SegmentedRaftLogWorker.java:close(228)) - a88b1f4d-04ef-4980-ab9d-ac9d0d2fe007-SegmentedRaftLogWorker:Storage Directory /workdir/hadoop-ozone/ozonefs/target/test-dir/MiniOzoneClusterImpl-fff8a6b1-9459-493d-a1d7-ad2cd82c4f30/datanode-0/data/ratis/b134ea9f-e873-4059-8c93-ab4825e7a2d9 close()
2019-09-20 08:17:36,156 [main] INFO  impl.RoleInfo (RoleInfo.java:shutdownLeaderState(104)) - d160b31f-a19e-4d4b-96c3-58cad6c89056: shutdown LeaderState
2019-09-20 08:17:36,157 [ForkJoinPool.commonPool-worker-0] INFO  impl.RaftServerImpl (RaftServerImpl.java:lambda$shutdown$3(245)) - a88b1f4d-04ef-4980-ab9d-ac9d0d2fe007: shutdown group-87B298362FBA
2019-09-20 08:17:36,158 [main] INFO  impl.PendingRequests (PendingRequests.java:sendNotLeaderResponses(202)) - d160b31f-a19e-4d4b-96c3-58cad6c89056-PendingRequests: sendNotLeaderResponses
2019-09-20 08:17:36,158 [ForkJoinPool.commonPool-worker-0] INFO  util.JmxRegister (JmxRegister.java:unregister(73)) - Successfully un-registered JMX Bean with object name Ratis:service=RaftServer,group=group-87B298362FBA,id=a88b1f4d-04ef-4980-ab9d-ac9d0d2fe007
2019-09-20 08:17:36,159 [main] INFO  impl.StateMachineUpdater (StateMachineUpdater.java:stopAndJoin(115)) - StateMachineUpdater:d160b31f-a19e-4d4b-96c3-58cad6c89056:group-AC36737ACE94: set stopIndex = 0
2019-09-20 08:17:36,159 [ForkJoinPool.commonPool-worker-0] INFO  impl.RoleInfo (RoleInfo.java:shutdownLeaderState(104)) - a88b1f4d-04ef-4980-ab9d-ac9d0d2fe007: shutdown LeaderState
2019-09-20 08:17:36,159 [main] INFO  impl.RaftServerImpl (ServerState.java:close(394)) - d160b31f-a19e-4d4b-96c3-58cad6c89056:group-AC36737ACE94 closes. The last applied log index is 0
2019-09-20 08:17:36,160 [ForkJoinPool.commonPool-worker-0] INFO  impl.PendingRequests (PendingRequests.java:sendNotLeaderResponses(202)) - a88b1f4d-04ef-4980-ab9d-ac9d0d2fe007-PendingRequests: sendNotLeaderResponses
2019-09-20 08:17:36,160 [d160b31f-a19e-4d4b-96c3-58cad6c89056-SegmentedRaftLogWorker:Storage Directory /workdir/hadoop-ozone/ozonefs/target/test-dir/MiniOzoneClusterImpl-fff8a6b1-9459-493d-a1d7-ad2cd82c4f30/datanode-1/data/ratis/b584e7a5-26f7-4b2b-9b12-ac36737ace94] INFO  segmented.SegmentedRaftLogWorker (SegmentedRaftLogWorker.java:run(313)) - d160b31f-a19e-4d4b-96c3-58cad6c89056-SegmentedRaftLogWorker:Storage Directory /workdir/hadoop-ozone/ozonefs/target/test-dir/MiniOzoneClusterImpl-fff8a6b1-9459-493d-a1d7-ad2cd82c4f30/datanode-1/data/ratis/b584e7a5-26f7-4b2b-9b12-ac36737ace94 was interrupted, exiting. There are 0 tasks remaining in the queue.
2019-09-20 08:17:36,161 [ForkJoinPool.commonPool-worker-0] INFO  impl.StateMachineUpdater (StateMachineUpdater.java:stopAndJoin(115)) - StateMachineUpdater:a88b1f4d-04ef-4980-ab9d-ac9d0d2fe007:group-87B298362FBA: set stopIndex = 0
2019-09-20 08:17:36,161 [main] INFO  segmented.SegmentedRaftLogWorker (SegmentedRaftLogWorker.java:close(228)) - d160b31f-a19e-4d4b-96c3-58cad6c89056-SegmentedRaftLogWorker:Storage Directory /workdir/hadoop-ozone/ozonefs/target/test-dir/MiniOzoneClusterImpl-fff8a6b1-9459-493d-a1d7-ad2cd82c4f30/datanode-1/data/ratis/b584e7a5-26f7-4b2b-9b12-ac36737ace94 close()
2019-09-20 08:17:36,161 [ForkJoinPool.commonPool-worker-0] INFO  impl.RaftServerImpl (ServerState.java:close(394)) - a88b1f4d-04ef-4980-ab9d-ac9d0d2fe007:group-87B298362FBA closes. The last applied log index is 0
2019-09-20 08:17:36,163 [main] INFO  impl.RaftServerImpl (RaftServerImpl.java:lambda$shutdown$3(245)) - d160b31f-a19e-4d4b-96c3-58cad6c89056: shutdown group-9E33106A0221
2019-09-20 08:17:36,163 [a88b1f4d-04ef-4980-ab9d-ac9d0d2fe007-SegmentedRaftLogWorker:Storage Directory /workdir/hadoop-ozone/ozonefs/target/test-dir/MiniOzoneClusterImpl-fff8a6b1-9459-493d-a1d7-ad2cd82c4f30/datanode-0/data/ratis/8f30383d-bf32-4a3e-9ea9-87b298362fba] INFO  segmented.SegmentedRaftLogWorker (SegmentedRaftLogWorker.java:run(313)) - a88b1f4d-04ef-4980-ab9d-ac9d0d2fe007-SegmentedRaftLogWorker:Storage Directory /workdir/hadoop-ozone/ozonefs/target/test-dir/MiniOzoneClusterImpl-fff8a6b1-9459-493d-a1d7-ad2cd82c4f30/datanode-0/data/ratis/8f30383d-bf32-4a3e-9ea9-87b298362fba was interrupted, exiting. There are 0 tasks remaining in the queue.
2019-09-20 08:17:36,164 [main] INFO  util.JmxRegister (JmxRegister.java:unregister(73)) - Successfully un-registered JMX Bean with object name Ratis:service=RaftServer,group=group-9E33106A0221,id=d160b31f-a19e-4d4b-96c3-58cad6c89056
2019-09-20 08:17:36,164 [ForkJoinPool.commonPool-worker-0] INFO  segmented.SegmentedRaftLogWorker (SegmentedRaftLogWorker.java:close(228)) - a88b1f4d-04ef-4980-ab9d-ac9d0d2fe007-SegmentedRaftLogWorker:Storage Directory /workdir/hadoop-ozone/ozonefs/target/test-dir/MiniOzoneClusterImpl-fff8a6b1-9459-493d-a1d7-ad2cd82c4f30/datanode-0/data/ratis/8f30383d-bf32-4a3e-9ea9-87b298362fba close()
2019-09-20 08:17:36,164 [main] INFO  impl.RoleInfo (RoleInfo.java:shutdownLeaderState(104)) - d160b31f-a19e-4d4b-96c3-58cad6c89056: shutdown LeaderState
2019-09-20 08:17:36,166 [ForkJoinPool.commonPool-worker-0] INFO  impl.RaftServerImpl (RaftServerImpl.java:lambda$shutdown$3(245)) - a88b1f4d-04ef-4980-ab9d-ac9d0d2fe007: shutdown group-3707E44E8C20
2019-09-20 08:17:36,167 [main] INFO  impl.PendingRequests (PendingRequests.java:sendNotLeaderResponses(202)) - d160b31f-a19e-4d4b-96c3-58cad6c89056-PendingRequests: sendNotLeaderResponses
2019-09-20 08:17:36,167 [ForkJoinPool.commonPool-worker-0] INFO  util.JmxRegister (JmxRegister.java:unregister(73)) - Successfully un-registered JMX Bean with object name Ratis:service=RaftServer,group=group-3707E44E8C20,id=a88b1f4d-04ef-4980-ab9d-ac9d0d2fe007
2019-09-20 08:17:36,167 [main] INFO  impl.StateMachineUpdater (StateMachineUpdater.java:stopAndJoin(115)) - StateMachineUpdater:d160b31f-a19e-4d4b-96c3-58cad6c89056:group-9E33106A0221: set stopIndex = 0
2019-09-20 08:17:36,168 [main] INFO  impl.RaftServerImpl (ServerState.java:close(394)) - d160b31f-a19e-4d4b-96c3-58cad6c89056:group-9E33106A0221 closes. The last applied log index is 0
2019-09-20 08:17:36,168 [ForkJoinPool.commonPool-worker-0] INFO  impl.RoleInfo (RoleInfo.java:shutdownLeaderState(104)) - a88b1f4d-04ef-4980-ab9d-ac9d0d2fe007: shutdown LeaderState
2019-09-20 08:17:36,169 [d160b31f-a19e-4d4b-96c3-58cad6c89056-SegmentedRaftLogWorker:Storage Directory /workdir/hadoop-ozone/ozonefs/target/test-dir/MiniOzoneClusterImpl-fff8a6b1-9459-493d-a1d7-ad2cd82c4f30/datanode-1/data/ratis/bad399f9-c7cc-40db-98a7-9e33106a0221] INFO  segmented.SegmentedRaftLogWorker (SegmentedRaftLogWorker.java:run(313)) - d160b31f-a19e-4d4b-96c3-58cad6c89056-SegmentedRaftLogWorker:Storage Directory /workdir/hadoop-ozone/ozonefs/target/test-dir/MiniOzoneClusterImpl-fff8a6b1-9459-493d-a1d7-ad2cd82c4f30/datanode-1/data/ratis/bad399f9-c7cc-40db-98a7-9e33106a0221 was interrupted, exiting. There are 0 tasks remaining in the queue.
2019-09-20 08:17:36,169 [ForkJoinPool.commonPool-worker-0] INFO  impl.PendingRequests (PendingRequests.java:sendNotLeaderResponses(202)) - a88b1f4d-04ef-4980-ab9d-ac9d0d2fe007-PendingRequests: sendNotLeaderResponses
2019-09-20 08:17:36,169 [main] INFO  segmented.SegmentedRaftLogWorker (SegmentedRaftLogWorker.java:close(228)) - d160b31f-a19e-4d4b-96c3-58cad6c89056-SegmentedRaftLogWorker:Storage Directory /workdir/hadoop-ozone/ozonefs/target/test-dir/MiniOzoneClusterImpl-fff8a6b1-9459-493d-a1d7-ad2cd82c4f30/datanode-1/data/ratis/bad399f9-c7cc-40db-98a7-9e33106a0221 close()
2019-09-20 08:17:36,170 [ForkJoinPool.commonPool-worker-0] INFO  impl.StateMachineUpdater (StateMachineUpdater.java:stopAndJoin(115)) - StateMachineUpdater:a88b1f4d-04ef-4980-ab9d-ac9d0d2fe007:group-3707E44E8C20: set stopIndex = 0
2019-09-20 08:17:36,171 [main] INFO  impl.RaftServerImpl (RaftServerImpl.java:lambda$shutdown$3(245)) - d160b31f-a19e-4d4b-96c3-58cad6c89056: shutdown group-8F6D606132E6
2019-09-20 08:17:36,172 [main] INFO  util.JmxRegister (JmxRegister.java:unregister(73)) - Successfully un-registered JMX Bean with object name Ratis:service=RaftServer,group=group-8F6D606132E6,id=d160b31f-a19e-4d4b-96c3-58cad6c89056
2019-09-20 08:17:36,172 [main] INFO  impl.RoleInfo (RoleInfo.java:shutdownLeaderState(104)) - d160b31f-a19e-4d4b-96c3-58cad6c89056: shutdown LeaderState
2019-09-20 08:17:36,172 [ForkJoinPool.commonPool-worker-0] INFO  impl.RaftServerImpl (ServerState.java:close(394)) - a88b1f4d-04ef-4980-ab9d-ac9d0d2fe007:group-3707E44E8C20 closes. The last applied log index is 0
2019-09-20 08:17:36,173 [main] INFO  impl.PendingRequests (PendingRequests.java:sendNotLeaderResponses(202)) - d160b31f-a19e-4d4b-96c3-58cad6c89056-PendingRequests: sendNotLeaderResponses
2019-09-20 08:17:36,173 [a88b1f4d-04ef-4980-ab9d-ac9d0d2fe007-SegmentedRaftLogWorker:Storage Directory /workdir/hadoop-ozone/ozonefs/target/test-dir/MiniOzoneClusterImpl-fff8a6b1-9459-493d-a1d7-ad2cd82c4f30/datanode-0/data/ratis/1633afec-8949-4935-83fa-3707e44e8c20] INFO  segmented.SegmentedRaftLogWorker (SegmentedRaftLogWorker.java:run(313)) - a88b1f4d-04ef-4980-ab9d-ac9d0d2fe007-SegmentedRaftLogWorker:Storage Directory /workdir/hadoop-ozone/ozonefs/target/test-dir/MiniOzoneClusterImpl-fff8a6b1-9459-493d-a1d7-ad2cd82c4f30/datanode-0/data/ratis/1633afec-8949-4935-83fa-3707e44e8c20 was interrupted, exiting. There are 0 tasks remaining in the queue.
2019-09-20 08:17:36,174 [main] INFO  impl.StateMachineUpdater (StateMachineUpdater.java:stopAndJoin(115)) - StateMachineUpdater:d160b31f-a19e-4d4b-96c3-58cad6c89056:group-8F6D606132E6: set stopIndex = 0
2019-09-20 08:17:36,174 [ForkJoinPool.commonPool-worker-0] INFO  segmented.SegmentedRaftLogWorker (SegmentedRaftLogWorker.java:close(228)) - a88b1f4d-04ef-4980-ab9d-ac9d0d2fe007-SegmentedRaftLogWorker:Storage Directory /workdir/hadoop-ozone/ozonefs/target/test-dir/MiniOzoneClusterImpl-fff8a6b1-9459-493d-a1d7-ad2cd82c4f30/datanode-0/data/ratis/1633afec-8949-4935-83fa-3707e44e8c20 close()
2019-09-20 08:17:36,175 [main] INFO  impl.RaftServerImpl (ServerState.java:close(394)) - d160b31f-a19e-4d4b-96c3-58cad6c89056:group-8F6D606132E6 closes. The last applied log index is 0
2019-09-20 08:17:36,176 [ForkJoinPool.commonPool-worker-0] INFO  impl.RaftServerImpl (RaftServerImpl.java:lambda$shutdown$3(245)) - a88b1f4d-04ef-4980-ab9d-ac9d0d2fe007: shutdown group-F2B3ECBB6818
2019-09-20 08:17:36,177 [d160b31f-a19e-4d4b-96c3-58cad6c89056-SegmentedRaftLogWorker:Storage Directory /workdir/hadoop-ozone/ozonefs/target/test-dir/MiniOzoneClusterImpl-fff8a6b1-9459-493d-a1d7-ad2cd82c4f30/datanode-1/data/ratis/129b53d4-1995-428c-8b95-8f6d606132e6] INFO  segmented.SegmentedRaftLogWorker (SegmentedRaftLogWorker.java:run(313)) - d160b31f-a19e-4d4b-96c3-58cad6c89056-SegmentedRaftLogWorker:Storage Directory /workdir/hadoop-ozone/ozonefs/target/test-dir/MiniOzoneClusterImpl-fff8a6b1-9459-493d-a1d7-ad2cd82c4f30/datanode-1/data/ratis/129b53d4-1995-428c-8b95-8f6d606132e6 was interrupted, exiting. There are 0 tasks remaining in the queue.
2019-09-20 08:17:36,177 [ForkJoinPool.commonPool-worker-0] INFO  util.JmxRegister (JmxRegister.java:unregister(73)) - Successfully un-registered JMX Bean with object name Ratis:service=RaftServer,group=group-F2B3ECBB6818,id=a88b1f4d-04ef-4980-ab9d-ac9d0d2fe007
2019-09-20 08:17:36,177 [main] INFO  segmented.SegmentedRaftLogWorker (SegmentedRaftLogWorker.java:close(228)) - d160b31f-a19e-4d4b-96c3-58cad6c89056-SegmentedRaftLogWorker:Storage Directory /workdir/hadoop-ozone/ozonefs/target/test-dir/MiniOzoneClusterImpl-fff8a6b1-9459-493d-a1d7-ad2cd82c4f30/datanode-1/data/ratis/129b53d4-1995-428c-8b95-8f6d606132e6 close()
2019-09-20 08:17:36,177 [ForkJoinPool.commonPool-worker-0] INFO  impl.RoleInfo (RoleInfo.java:shutdownLeaderState(104)) - a88b1f4d-04ef-4980-ab9d-ac9d0d2fe007: shutdown LeaderState
2019-09-20 08:17:36,179 [main] INFO  impl.RaftServerImpl (RaftServerImpl.java:lambda$shutdown$3(245)) - d160b31f-a19e-4d4b-96c3-58cad6c89056: shutdown group-BDCC9991BE9F
2019-09-20 08:17:36,179 [ForkJoinPool.commonPool-worker-0] INFO  impl.PendingRequests (PendingRequests.java:sendNotLeaderResponses(202)) - a88b1f4d-04ef-4980-ab9d-ac9d0d2fe007-PendingRequests: sendNotLeaderResponses
2019-09-20 08:17:36,180 [main] INFO  util.JmxRegister (JmxRegister.java:unregister(73)) - Successfully un-registered JMX Bean with object name Ratis:service=RaftServer,group=group-BDCC9991BE9F,id=d160b31f-a19e-4d4b-96c3-58cad6c89056
2019-09-20 08:17:36,180 [ForkJoinPool.commonPool-worker-0] INFO  impl.StateMachineUpdater (StateMachineUpdater.java:stopAndJoin(115)) - StateMachineUpdater:a88b1f4d-04ef-4980-ab9d-ac9d0d2fe007:group-F2B3ECBB6818: set stopIndex = 0
2019-09-20 08:17:36,181 [ForkJoinPool.commonPool-worker-0] INFO  impl.RaftServerImpl (ServerState.java:close(394)) - a88b1f4d-04ef-4980-ab9d-ac9d0d2fe007:group-F2B3ECBB6818 closes. The last applied log index is 0
2019-09-20 08:17:36,181 [main] INFO  impl.RoleInfo (RoleInfo.java:shutdownLeaderState(104)) - d160b31f-a19e-4d4b-96c3-58cad6c89056: shutdown LeaderState
2019-09-20 08:17:36,181 [a88b1f4d-04ef-4980-ab9d-ac9d0d2fe007-SegmentedRaftLogWorker:Storage Directory /workdir/hadoop-ozone/ozonefs/target/test-dir/MiniOzoneClusterImpl-fff8a6b1-9459-493d-a1d7-ad2cd82c4f30/datanode-0/data/ratis/ec7fef4c-249a-4e83-8d60-f2b3ecbb6818] INFO  segmented.SegmentedRaftLogWorker (SegmentedRaftLogWorker.java:run(313)) - a88b1f4d-04ef-4980-ab9d-ac9d0d2fe007-SegmentedRaftLogWorker:Storage Directory /workdir/hadoop-ozone/ozonefs/target/test-dir/MiniOzoneClusterImpl-fff8a6b1-9459-493d-a1d7-ad2cd82c4f30/datanode-0/data/ratis/ec7fef4c-249a-4e83-8d60-f2b3ecbb6818 was interrupted, exiting. There are 0 tasks remaining in the queue.
2019-09-20 08:17:36,182 [main] INFO  impl.PendingRequests (PendingRequests.java:sendNotLeaderResponses(202)) - d160b31f-a19e-4d4b-96c3-58cad6c89056-PendingRequests: sendNotLeaderResponses
2019-09-20 08:17:36,182 [ForkJoinPool.commonPool-worker-0] INFO  segmented.SegmentedRaftLogWorker (SegmentedRaftLogWorker.java:close(228)) - a88b1f4d-04ef-4980-ab9d-ac9d0d2fe007-SegmentedRaftLogWorker:Storage Directory /workdir/hadoop-ozone/ozonefs/target/test-dir/MiniOzoneClusterImpl-fff8a6b1-9459-493d-a1d7-ad2cd82c4f30/datanode-0/data/ratis/ec7fef4c-249a-4e83-8d60-f2b3ecbb6818 close()
2019-09-20 08:17:36,182 [main] INFO  impl.StateMachineUpdater (StateMachineUpdater.java:stopAndJoin(115)) - StateMachineUpdater:d160b31f-a19e-4d4b-96c3-58cad6c89056:group-BDCC9991BE9F: set stopIndex = 0
2019-09-20 08:17:36,184 [ForkJoinPool.commonPool-worker-0] INFO  impl.RaftServerImpl (RaftServerImpl.java:lambda$shutdown$3(245)) - a88b1f4d-04ef-4980-ab9d-ac9d0d2fe007: shutdown group-CC84EAC78C4D
2019-09-20 08:17:36,185 [main] INFO  impl.RaftServerImpl (ServerState.java:close(394)) - d160b31f-a19e-4d4b-96c3-58cad6c89056:group-BDCC9991BE9F closes. The last applied log index is 0
2019-09-20 08:17:36,185 [ForkJoinPool.commonPool-worker-0] INFO  util.JmxRegister (JmxRegister.java:unregister(73)) - Successfully un-registered JMX Bean with object name Ratis:service=RaftServer,group=group-CC84EAC78C4D,id=a88b1f4d-04ef-4980-ab9d-ac9d0d2fe007
2019-09-20 08:17:36,186 [d160b31f-a19e-4d4b-96c3-58cad6c89056-SegmentedRaftLogWorker:Storage Directory /workdir/hadoop-ozone/ozonefs/target/test-dir/MiniOzoneClusterImpl-fff8a6b1-9459-493d-a1d7-ad2cd82c4f30/datanode-1/data/ratis/57dc88c3-6f2d-43e9-ba74-bdcc9991be9f] INFO  segmented.SegmentedRaftLogWorker (SegmentedRaftLogWorker.java:run(313)) - d160b31f-a19e-4d4b-96c3-58cad6c89056-SegmentedRaftLogWorker:Storage Directory /workdir/hadoop-ozone/ozonefs/target/test-dir/MiniOzoneClusterImpl-fff8a6b1-9459-493d-a1d7-ad2cd82c4f30/datanode-1/data/ratis/57dc88c3-6f2d-43e9-ba74-bdcc9991be9f was interrupted, exiting. There are 0 tasks remaining in the queue.
2019-09-20 08:17:36,186 [ForkJoinPool.commonPool-worker-0] INFO  impl.RoleInfo (RoleInfo.java:shutdownLeaderState(104)) - a88b1f4d-04ef-4980-ab9d-ac9d0d2fe007: shutdown LeaderState
2019-09-20 08:17:36,186 [main] INFO  segmented.SegmentedRaftLogWorker (SegmentedRaftLogWorker.java:close(228)) - d160b31f-a19e-4d4b-96c3-58cad6c89056-SegmentedRaftLogWorker:Storage Directory /workdir/hadoop-ozone/ozonefs/target/test-dir/MiniOzoneClusterImpl-fff8a6b1-9459-493d-a1d7-ad2cd82c4f30/datanode-1/data/ratis/57dc88c3-6f2d-43e9-ba74-bdcc9991be9f close()
2019-09-20 08:17:36,186 [ForkJoinPool.commonPool-worker-0] INFO  impl.PendingRequests (PendingRequests.java:sendNotLeaderResponses(202)) - a88b1f4d-04ef-4980-ab9d-ac9d0d2fe007-PendingRequests: sendNotLeaderResponses
2019-09-20 08:17:36,188 [main] INFO  impl.RaftServerImpl (RaftServerImpl.java:lambda$shutdown$3(245)) - d160b31f-a19e-4d4b-96c3-58cad6c89056: shutdown group-588B9BB37879
2019-09-20 08:17:36,188 [ForkJoinPool.commonPool-worker-0] INFO  impl.StateMachineUpdater (StateMachineUpdater.java:stopAndJoin(115)) - StateMachineUpdater:a88b1f4d-04ef-4980-ab9d-ac9d0d2fe007:group-CC84EAC78C4D: set stopIndex = 0
2019-09-20 08:17:36,189 [main] INFO  util.JmxRegister (JmxRegister.java:unregister(73)) - Successfully un-registered JMX Bean with object name Ratis:service=RaftServer,group=group-588B9BB37879,id=d160b31f-a19e-4d4b-96c3-58cad6c89056
2019-09-20 08:17:36,189 [ForkJoinPool.commonPool-worker-0] INFO  impl.RaftServerImpl (ServerState.java:close(394)) - a88b1f4d-04ef-4980-ab9d-ac9d0d2fe007:group-CC84EAC78C4D closes. The last applied log index is 0
2019-09-20 08:17:36,190 [main] INFO  impl.RoleInfo (RoleInfo.java:shutdownLeaderState(104)) - d160b31f-a19e-4d4b-96c3-58cad6c89056: shutdown LeaderState
2019-09-20 08:17:36,190 [a88b1f4d-04ef-4980-ab9d-ac9d0d2fe007-SegmentedRaftLogWorker:Storage Directory /workdir/hadoop-ozone/ozonefs/target/test-dir/MiniOzoneClusterImpl-fff8a6b1-9459-493d-a1d7-ad2cd82c4f30/datanode-0/data/ratis/0b40d83e-932a-40c5-b4a4-cc84eac78c4d] INFO  segmented.SegmentedRaftLogWorker (SegmentedRaftLogWorker.java:run(313)) - a88b1f4d-04ef-4980-ab9d-ac9d0d2fe007-SegmentedRaftLogWorker:Storage Directory /workdir/hadoop-ozone/ozonefs/target/test-dir/MiniOzoneClusterImpl-fff8a6b1-9459-493d-a1d7-ad2cd82c4f30/datanode-0/data/ratis/0b40d83e-932a-40c5-b4a4-cc84eac78c4d was interrupted, exiting. There are 0 tasks remaining in the queue.
2019-09-20 08:17:36,190 [main] INFO  impl.PendingRequests (PendingRequests.java:sendNotLeaderResponses(202)) - d160b31f-a19e-4d4b-96c3-58cad6c89056-PendingRequests: sendNotLeaderResponses
2019-09-20 08:17:36,191 [ForkJoinPool.commonPool-worker-0] INFO  segmented.SegmentedRaftLogWorker (SegmentedRaftLogWorker.java:close(228)) - a88b1f4d-04ef-4980-ab9d-ac9d0d2fe007-SegmentedRaftLogWorker:Storage Directory /workdir/hadoop-ozone/ozonefs/target/test-dir/MiniOzoneClusterImpl-fff8a6b1-9459-493d-a1d7-ad2cd82c4f30/datanode-0/data/ratis/0b40d83e-932a-40c5-b4a4-cc84eac78c4d close()
2019-09-20 08:17:36,191 [main] INFO  impl.StateMachineUpdater (StateMachineUpdater.java:stopAndJoin(115)) - StateMachineUpdater:d160b31f-a19e-4d4b-96c3-58cad6c89056:group-588B9BB37879: set stopIndex = 0
2019-09-20 08:17:36,193 [ForkJoinPool.commonPool-worker-0] INFO  impl.RaftServerImpl (RaftServerImpl.java:lambda$shutdown$3(245)) - a88b1f4d-04ef-4980-ab9d-ac9d0d2fe007: shutdown group-D2BA216CB82E
2019-09-20 08:17:36,193 [main] INFO  impl.RaftServerImpl (ServerState.java:close(394)) - d160b31f-a19e-4d4b-96c3-58cad6c89056:group-588B9BB37879 closes. The last applied log index is 0
2019-09-20 08:17:36,193 [ForkJoinPool.commonPool-worker-0] INFO  util.JmxRegister (JmxRegister.java:unregister(73)) - Successfully un-registered JMX Bean with object name Ratis:service=RaftServer,group=group-D2BA216CB82E,id=a88b1f4d-04ef-4980-ab9d-ac9d0d2fe007
2019-09-20 08:17:36,194 [d160b31f-a19e-4d4b-96c3-58cad6c89056-SegmentedRaftLogWorker:Storage Directory /workdir/hadoop-ozone/ozonefs/target/test-dir/MiniOzoneClusterImpl-fff8a6b1-9459-493d-a1d7-ad2cd82c4f30/datanode-1/data/ratis/2e6d0a79-899f-4224-9550-588b9bb37879] INFO  segmented.SegmentedRaftLogWorker (SegmentedRaftLogWorker.java:run(313)) - d160b31f-a19e-4d4b-96c3-58cad6c89056-SegmentedRaftLogWorker:Storage Directory /workdir/hadoop-ozone/ozonefs/target/test-dir/MiniOzoneClusterImpl-fff8a6b1-9459-493d-a1d7-ad2cd82c4f30/datanode-1/data/ratis/2e6d0a79-899f-4224-9550-588b9bb37879 was interrupted, exiting. There are 0 tasks remaining in the queue.
2019-09-20 08:17:36,194 [ForkJoinPool.commonPool-worker-0] INFO  impl.RoleInfo (RoleInfo.java:shutdownLeaderState(104)) - a88b1f4d-04ef-4980-ab9d-ac9d0d2fe007: shutdown LeaderState
2019-09-20 08:17:36,194 [main] INFO  segmented.SegmentedRaftLogWorker (SegmentedRaftLogWorker.java:close(228)) - d160b31f-a19e-4d4b-96c3-58cad6c89056-SegmentedRaftLogWorker:Storage Directory /workdir/hadoop-ozone/ozonefs/target/test-dir/MiniOzoneClusterImpl-fff8a6b1-9459-493d-a1d7-ad2cd82c4f30/datanode-1/data/ratis/2e6d0a79-899f-4224-9550-588b9bb37879 close()
2019-09-20 08:17:36,195 [ForkJoinPool.commonPool-worker-0] INFO  impl.PendingRequests (PendingRequests.java:sendNotLeaderResponses(202)) - a88b1f4d-04ef-4980-ab9d-ac9d0d2fe007-PendingRequests: sendNotLeaderResponses
2019-09-20 08:17:36,196 [main] INFO  server.GrpcService (GrpcService.java:closeImpl(155)) - d160b31f-a19e-4d4b-96c3-58cad6c89056: shutdown server with port 41561 now
2019-09-20 08:17:36,196 [ForkJoinPool.commonPool-worker-0] INFO  impl.StateMachineUpdater (StateMachineUpdater.java:stopAndJoin(115)) - StateMachineUpdater:a88b1f4d-04ef-4980-ab9d-ac9d0d2fe007:group-D2BA216CB82E: set stopIndex = 0
2019-09-20 08:17:36,198 [ForkJoinPool.commonPool-worker-0] INFO  impl.RaftServerImpl (ServerState.java:close(394)) - a88b1f4d-04ef-4980-ab9d-ac9d0d2fe007:group-D2BA216CB82E closes. The last applied log index is 0
2019-09-20 08:17:36,199 [main] INFO  server.GrpcService (GrpcService.java:closeImpl(163)) - d160b31f-a19e-4d4b-96c3-58cad6c89056: shutdown server with port 41561 successfully
2019-09-20 08:17:36,199 [a88b1f4d-04ef-4980-ab9d-ac9d0d2fe007-SegmentedRaftLogWorker:Storage Directory /workdir/hadoop-ozone/ozonefs/target/test-dir/MiniOzoneClusterImpl-fff8a6b1-9459-493d-a1d7-ad2cd82c4f30/datanode-0/data/ratis/289a04ad-66ed-4ae5-b13b-d2ba216cb82e] INFO  segmented.SegmentedRaftLogWorker (SegmentedRaftLogWorker.java:run(313)) - a88b1f4d-04ef-4980-ab9d-ac9d0d2fe007-SegmentedRaftLogWorker:Storage Directory /workdir/hadoop-ozone/ozonefs/target/test-dir/MiniOzoneClusterImpl-fff8a6b1-9459-493d-a1d7-ad2cd82c4f30/datanode-0/data/ratis/289a04ad-66ed-4ae5-b13b-d2ba216cb82e was interrupted, exiting. There are 0 tasks remaining in the queue.
2019-09-20 08:17:36,200 [ForkJoinPool.commonPool-worker-0] INFO  segmented.SegmentedRaftLogWorker (SegmentedRaftLogWorker.java:close(228)) - a88b1f4d-04ef-4980-ab9d-ac9d0d2fe007-SegmentedRaftLogWorker:Storage Directory /workdir/hadoop-ozone/ozonefs/target/test-dir/MiniOzoneClusterImpl-fff8a6b1-9459-493d-a1d7-ad2cd82c4f30/datanode-0/data/ratis/289a04ad-66ed-4ae5-b13b-d2ba216cb82e close()
2019-09-20 08:17:36,202 [ForkJoinPool.commonPool-worker-0] INFO  server.GrpcService (GrpcService.java:closeImpl(155)) - a88b1f4d-04ef-4980-ab9d-ac9d0d2fe007: shutdown server with port 36809 now
2019-09-20 08:17:36,202 [main] INFO  utils.BackgroundService (BackgroundService.java:shutdown(148)) - Shutting down service BlockDeletingService
2019-09-20 08:17:36,203 [ForkJoinPool.commonPool-worker-0] INFO  server.GrpcService (GrpcService.java:closeImpl(163)) - a88b1f4d-04ef-4980-ab9d-ac9d0d2fe007: shutdown server with port 36809 successfully
2019-09-20 08:17:36,207 [refreshUsed-/workdir/hadoop-ozone/ozonefs/target/test-dir/MiniOzoneClusterImpl-fff8a6b1-9459-493d-a1d7-ad2cd82c4f30/datanode-1/data/containers] WARN  fs.CachingGetSpaceUsed (CachingGetSpaceUsed.java:run(183)) - Thread Interrupted waiting to refresh disk information: sleep interrupted
2019-09-20 08:17:36,208 [ForkJoinPool.commonPool-worker-0] INFO  utils.BackgroundService (BackgroundService.java:shutdown(148)) - Shutting down service BlockDeletingService
2019-09-20 08:17:36,211 [refreshUsed-/workdir/hadoop-ozone/ozonefs/target/test-dir/MiniOzoneClusterImpl-fff8a6b1-9459-493d-a1d7-ad2cd82c4f30/datanode-0/data/containers] WARN  fs.CachingGetSpaceUsed (CachingGetSpaceUsed.java:run(183)) - Thread Interrupted waiting to refresh disk information: sleep interrupted
2019-09-20 08:17:36,241 [main] INFO  statemachine.DatanodeStateMachine (DatanodeStateMachine.java:stopDaemon(395)) - Ozone container server stopped.
2019-09-20 08:17:36,243 [ForkJoinPool.commonPool-worker-0] INFO  statemachine.DatanodeStateMachine (DatanodeStateMachine.java:stopDaemon(395)) - Ozone container server stopped.
2019-09-20 08:17:36,247 [ForkJoinPool.commonPool-worker-0] INFO  handler.ContextHandler (ContextHandler.java:doStop(910)) - Stopped o.e.j.w.WebAppContext@48301bfe{/,null,UNAVAILABLE}{/hddsDatanode}
2019-09-20 08:17:36,247 [main] INFO  handler.ContextHandler (ContextHandler.java:doStop(910)) - Stopped o.e.j.w.WebAppContext@5c945ee7{/,null,UNAVAILABLE}{/hddsDatanode}
2019-09-20 08:17:36,247 [ForkJoinPool.commonPool-worker-0] INFO  server.AbstractConnector (AbstractConnector.java:doStop(318)) - Stopped ServerConnector@6dd1f239{HTTP/1.1,[http/1.1]}{0.0.0.0:0}
2019-09-20 08:17:36,248 [ForkJoinPool.commonPool-worker-0] INFO  handler.ContextHandler (ContextHandler.java:doStop(910)) - Stopped o.e.j.s.ServletContextHandler@5089a72b{/static,jar:file:/home/user/.m2/repository/org/apache/hadoop/hadoop-hdds-container-service/0.5.0-SNAPSHOT/hadoop-hdds-container-service-0.5.0-SNAPSHOT.jar!/webapps/static,UNAVAILABLE}
2019-09-20 08:17:36,248 [main] INFO  server.AbstractConnector (AbstractConnector.java:doStop(318)) - Stopped ServerConnector@51a5a8ba{HTTP/1.1,[http/1.1]}{0.0.0.0:0}
2019-09-20 08:17:36,249 [ForkJoinPool.commonPool-worker-0] INFO  handler.ContextHandler (ContextHandler.java:doStop(910)) - Stopped o.e.j.s.ServletContextHandler@52a2e2fb{/logs,file:///workdir/hadoop-ozone/ozonefs/target/log,UNAVAILABLE}
2019-09-20 08:17:36,250 [main] INFO  handler.ContextHandler (ContextHandler.java:doStop(910)) - Stopped o.e.j.s.ServletContextHandler@da4c5cb{/static,jar:file:/home/user/.m2/repository/org/apache/hadoop/hadoop-hdds-container-service/0.5.0-SNAPSHOT/hadoop-hdds-container-service-0.5.0-SNAPSHOT.jar!/webapps/static,UNAVAILABLE}
2019-09-20 08:17:36,250 [main] INFO  handler.ContextHandler (ContextHandler.java:doStop(910)) - Stopped o.e.j.s.ServletContextHandler@4c438f66{/logs,file:///workdir/hadoop-ozone/ozonefs/target/log,UNAVAILABLE}
2019-09-20 08:17:36,251 [ForkJoinPool.commonPool-worker-0] INFO  datanode.ObjectStoreHandler (ObjectStoreHandler.java:close(155)) - Closing ObjectStoreHandler.
2019-09-20 08:17:36,252 [ForkJoinPool.commonPool-worker-0] INFO  ozone.HddsDatanodeService (HddsDatanodeService.java:stop(451)) - Stopped plug-in org.apache.hadoop.ozone.web.OzoneHddsDatanodeService@7c816f46
2019-09-20 08:17:36,869 [Datanode State Machine Thread - 0] INFO  statemachine.DatanodeStateMachine (DatanodeStateMachine.java:lambda$startDaemon$0(350)) - Ozone container server started.
2019-09-20 08:17:41,252 [ForkJoinPool.commonPool-worker-0] INFO  ozoneimpl.OzoneContainer (OzoneContainer.java:stop(199)) - Attempting to stop container services.
2019-09-20 08:17:41,253 [ForkJoinPool.commonPool-worker-0] INFO  impl.RaftServerProxy (RaftServerProxy.java:lambda$close$4(314)) - 16d094f2-c33f-45e9-afed-588eb6ecb67d: close
2019-09-20 08:17:41,253 [ForkJoinPool.commonPool-worker-0] INFO  impl.RaftServerImpl (RaftServerImpl.java:lambda$shutdown$3(245)) - 16d094f2-c33f-45e9-afed-588eb6ecb67d: shutdown group-31A4DAA2E31C
2019-09-20 08:17:41,253 [ForkJoinPool.commonPool-worker-0] INFO  util.JmxRegister (JmxRegister.java:unregister(73)) - Successfully un-registered JMX Bean with object name Ratis:service=RaftServer,group=group-31A4DAA2E31C,id=16d094f2-c33f-45e9-afed-588eb6ecb67d
2019-09-20 08:17:41,254 [ForkJoinPool.commonPool-worker-0] INFO  impl.RoleInfo (RoleInfo.java:shutdownLeaderState(104)) - 16d094f2-c33f-45e9-afed-588eb6ecb67d: shutdown LeaderState
2019-09-20 08:17:41,254 [ForkJoinPool.commonPool-worker-0] INFO  impl.PendingRequests (PendingRequests.java:sendNotLeaderResponses(202)) - 16d094f2-c33f-45e9-afed-588eb6ecb67d-PendingRequests: sendNotLeaderResponses
2019-09-20 08:17:41,254 [ForkJoinPool.commonPool-worker-0] INFO  impl.StateMachineUpdater (StateMachineUpdater.java:stopAndJoin(115)) - StateMachineUpdater:16d094f2-c33f-45e9-afed-588eb6ecb67d:group-31A4DAA2E31C: set stopIndex = 0
2019-09-20 08:17:41,254 [ForkJoinPool.commonPool-worker-0] INFO  impl.RaftServerImpl (ServerState.java:close(394)) - 16d094f2-c33f-45e9-afed-588eb6ecb67d:group-31A4DAA2E31C closes. The last applied log index is 0
2019-09-20 08:17:41,255 [16d094f2-c33f-45e9-afed-588eb6ecb67d-SegmentedRaftLogWorker:Storage Directory /workdir/hadoop-ozone/ozonefs/target/test-dir/MiniOzoneClusterImpl-fff8a6b1-9459-493d-a1d7-ad2cd82c4f30/datanode-2/data/ratis/9c0c2518-a5dc-404d-bd1a-31a4daa2e31c] INFO  segmented.SegmentedRaftLogWorker (SegmentedRaftLogWorker.java:run(313)) - 16d094f2-c33f-45e9-afed-588eb6ecb67d-SegmentedRaftLogWorker:Storage Directory /workdir/hadoop-ozone/ozonefs/target/test-dir/MiniOzoneClusterImpl-fff8a6b1-9459-493d-a1d7-ad2cd82c4f30/datanode-2/data/ratis/9c0c2518-a5dc-404d-bd1a-31a4daa2e31c was interrupted, exiting. There are 0 tasks remaining in the queue.
2019-09-20 08:17:41,255 [ForkJoinPool.commonPool-worker-0] INFO  segmented.SegmentedRaftLogWorker (SegmentedRaftLogWorker.java:close(228)) - 16d094f2-c33f-45e9-afed-588eb6ecb67d-SegmentedRaftLogWorker:Storage Directory /workdir/hadoop-ozone/ozonefs/target/test-dir/MiniOzoneClusterImpl-fff8a6b1-9459-493d-a1d7-ad2cd82c4f30/datanode-2/data/ratis/9c0c2518-a5dc-404d-bd1a-31a4daa2e31c close()
2019-09-20 08:17:41,257 [ForkJoinPool.commonPool-worker-0] INFO  impl.RaftServerImpl (RaftServerImpl.java:lambda$shutdown$3(245)) - 16d094f2-c33f-45e9-afed-588eb6ecb67d: shutdown group-8EDB2F7A73CD
2019-09-20 08:17:41,257 [ForkJoinPool.commonPool-worker-0] INFO  util.JmxRegister (JmxRegister.java:unregister(73)) - Successfully un-registered JMX Bean with object name Ratis:service=RaftServer,group=group-8EDB2F7A73CD,id=16d094f2-c33f-45e9-afed-588eb6ecb67d
2019-09-20 08:17:41,257 [ForkJoinPool.commonPool-worker-0] INFO  impl.RoleInfo (RoleInfo.java:shutdownLeaderState(104)) - 16d094f2-c33f-45e9-afed-588eb6ecb67d: shutdown LeaderState
2019-09-20 08:17:41,257 [ForkJoinPool.commonPool-worker-0] INFO  impl.PendingRequests (PendingRequests.java:sendNotLeaderResponses(202)) - 16d094f2-c33f-45e9-afed-588eb6ecb67d-PendingRequests: sendNotLeaderResponses
2019-09-20 08:17:41,258 [ForkJoinPool.commonPool-worker-0] INFO  impl.StateMachineUpdater (StateMachineUpdater.java:stopAndJoin(115)) - StateMachineUpdater:16d094f2-c33f-45e9-afed-588eb6ecb67d:group-8EDB2F7A73CD: set stopIndex = 0
2019-09-20 08:17:41,258 [ForkJoinPool.commonPool-worker-0] INFO  impl.RaftServerImpl (ServerState.java:close(394)) - 16d094f2-c33f-45e9-afed-588eb6ecb67d:group-8EDB2F7A73CD closes. The last applied log index is 0
2019-09-20 08:17:41,258 [16d094f2-c33f-45e9-afed-588eb6ecb67d-SegmentedRaftLogWorker:Storage Directory /workdir/hadoop-ozone/ozonefs/target/test-dir/MiniOzoneClusterImpl-fff8a6b1-9459-493d-a1d7-ad2cd82c4f30/datanode-2/data/ratis/170c146c-7cea-47e2-87b4-8edb2f7a73cd] INFO  segmented.SegmentedRaftLogWorker (SegmentedRaftLogWorker.java:run(313)) - 16d094f2-c33f-45e9-afed-588eb6ecb67d-SegmentedRaftLogWorker:Storage Directory /workdir/hadoop-ozone/ozonefs/target/test-dir/MiniOzoneClusterImpl-fff8a6b1-9459-493d-a1d7-ad2cd82c4f30/datanode-2/data/ratis/170c146c-7cea-47e2-87b4-8edb2f7a73cd was interrupted, exiting. There are 0 tasks remaining in the queue.
2019-09-20 08:17:41,258 [ForkJoinPool.commonPool-worker-0] INFO  segmented.SegmentedRaftLogWorker (SegmentedRaftLogWorker.java:close(228)) - 16d094f2-c33f-45e9-afed-588eb6ecb67d-SegmentedRaftLogWorker:Storage Directory /workdir/hadoop-ozone/ozonefs/target/test-dir/MiniOzoneClusterImpl-fff8a6b1-9459-493d-a1d7-ad2cd82c4f30/datanode-2/data/ratis/170c146c-7cea-47e2-87b4-8edb2f7a73cd close()
2019-09-20 08:17:41,259 [ForkJoinPool.commonPool-worker-0] INFO  impl.RaftServerImpl (RaftServerImpl.java:lambda$shutdown$3(245)) - 16d094f2-c33f-45e9-afed-588eb6ecb67d: shutdown group-C0551BEE0FB6
2019-09-20 08:17:41,259 [ForkJoinPool.commonPool-worker-0] INFO  util.JmxRegister (JmxRegister.java:unregister(73)) - Successfully un-registered JMX Bean with object name Ratis:service=RaftServer,group=group-C0551BEE0FB6,id=16d094f2-c33f-45e9-afed-588eb6ecb67d
2019-09-20 08:17:41,260 [ForkJoinPool.commonPool-worker-0] INFO  impl.RoleInfo (RoleInfo.java:shutdownLeaderState(104)) - 16d094f2-c33f-45e9-afed-588eb6ecb67d: shutdown LeaderState
2019-09-20 08:17:41,260 [ForkJoinPool.commonPool-worker-0] INFO  impl.PendingRequests (PendingRequests.java:sendNotLeaderResponses(202)) - 16d094f2-c33f-45e9-afed-588eb6ecb67d-PendingRequests: sendNotLeaderResponses
2019-09-20 08:17:41,260 [ForkJoinPool.commonPool-worker-0] INFO  impl.StateMachineUpdater (StateMachineUpdater.java:stopAndJoin(115)) - StateMachineUpdater:16d094f2-c33f-45e9-afed-588eb6ecb67d:group-C0551BEE0FB6: set stopIndex = 0
2019-09-20 08:17:41,260 [ForkJoinPool.commonPool-worker-0] INFO  impl.RaftServerImpl (ServerState.java:close(394)) - 16d094f2-c33f-45e9-afed-588eb6ecb67d:group-C0551BEE0FB6 closes. The last applied log index is 0
2019-09-20 08:17:41,260 [16d094f2-c33f-45e9-afed-588eb6ecb67d-SegmentedRaftLogWorker:Storage Directory /workdir/hadoop-ozone/ozonefs/target/test-dir/MiniOzoneClusterImpl-fff8a6b1-9459-493d-a1d7-ad2cd82c4f30/datanode-2/data/ratis/a9284b61-4c96-4201-b7d8-c0551bee0fb6] INFO  segmented.SegmentedRaftLogWorker (SegmentedRaftLogWorker.java:run(313)) - 16d094f2-c33f-45e9-afed-588eb6ecb67d-SegmentedRaftLogWorker:Storage Directory /workdir/hadoop-ozone/ozonefs/target/test-dir/MiniOzoneClusterImpl-fff8a6b1-9459-493d-a1d7-ad2cd82c4f30/datanode-2/data/ratis/a9284b61-4c96-4201-b7d8-c0551bee0fb6 was interrupted, exiting. There are 0 tasks remaining in the queue.
2019-09-20 08:17:41,261 [ForkJoinPool.commonPool-worker-0] INFO  segmented.SegmentedRaftLogWorker (SegmentedRaftLogWorker.java:close(228)) - 16d094f2-c33f-45e9-afed-588eb6ecb67d-SegmentedRaftLogWorker:Storage Directory /workdir/hadoop-ozone/ozonefs/target/test-dir/MiniOzoneClusterImpl-fff8a6b1-9459-493d-a1d7-ad2cd82c4f30/datanode-2/data/ratis/a9284b61-4c96-4201-b7d8-c0551bee0fb6 close()
2019-09-20 08:17:41,262 [ForkJoinPool.commonPool-worker-0] INFO  impl.RaftServerImpl (RaftServerImpl.java:lambda$shutdown$3(245)) - 16d094f2-c33f-45e9-afed-588eb6ecb67d: shutdown group-EF6A341B084F
2019-09-20 08:17:41,262 [ForkJoinPool.commonPool-worker-0] INFO  util.JmxRegister (JmxRegister.java:unregister(73)) - Successfully un-registered JMX Bean with object name Ratis:service=RaftServer,group=group-EF6A341B084F,id=16d094f2-c33f-45e9-afed-588eb6ecb67d
2019-09-20 08:17:41,262 [ForkJoinPool.commonPool-worker-0] INFO  impl.RoleInfo (RoleInfo.java:shutdownLeaderState(104)) - 16d094f2-c33f-45e9-afed-588eb6ecb67d: shutdown LeaderState
2019-09-20 08:17:41,262 [ForkJoinPool.commonPool-worker-0] INFO  impl.PendingRequests (PendingRequests.java:sendNotLeaderResponses(202)) - 16d094f2-c33f-45e9-afed-588eb6ecb67d-PendingRequests: sendNotLeaderResponses
2019-09-20 08:17:41,262 [ForkJoinPool.commonPool-worker-0] INFO  impl.StateMachineUpdater (StateMachineUpdater.java:stopAndJoin(115)) - StateMachineUpdater:16d094f2-c33f-45e9-afed-588eb6ecb67d:group-EF6A341B084F: set stopIndex = 0
2019-09-20 08:17:41,263 [ForkJoinPool.commonPool-worker-0] INFO  impl.RaftServerImpl (ServerState.java:close(394)) - 16d094f2-c33f-45e9-afed-588eb6ecb67d:group-EF6A341B084F closes. The last applied log index is 0
2019-09-20 08:17:41,263 [16d094f2-c33f-45e9-afed-588eb6ecb67d-SegmentedRaftLogWorker:Storage Directory /workdir/hadoop-ozone/ozonefs/target/test-dir/MiniOzoneClusterImpl-fff8a6b1-9459-493d-a1d7-ad2cd82c4f30/datanode-2/data/ratis/72b4b60c-114a-4e47-99a6-ef6a341b084f] INFO  segmented.SegmentedRaftLogWorker (SegmentedRaftLogWorker.java:run(313)) - 16d094f2-c33f-45e9-afed-588eb6ecb67d-SegmentedRaftLogWorker:Storage Directory /workdir/hadoop-ozone/ozonefs/target/test-dir/MiniOzoneClusterImpl-fff8a6b1-9459-493d-a1d7-ad2cd82c4f30/datanode-2/data/ratis/72b4b60c-114a-4e47-99a6-ef6a341b084f was interrupted, exiting. There are 0 tasks remaining in the queue.
2019-09-20 08:17:41,263 [ForkJoinPool.commonPool-worker-0] INFO  segmented.SegmentedRaftLogWorker (SegmentedRaftLogWorker.java:close(228)) - 16d094f2-c33f-45e9-afed-588eb6ecb67d-SegmentedRaftLogWorker:Storage Directory /workdir/hadoop-ozone/ozonefs/target/test-dir/MiniOzoneClusterImpl-fff8a6b1-9459-493d-a1d7-ad2cd82c4f30/datanode-2/data/ratis/72b4b60c-114a-4e47-99a6-ef6a341b084f close()
2019-09-20 08:17:41,264 [ForkJoinPool.commonPool-worker-0] INFO  impl.RaftServerImpl (RaftServerImpl.java:lambda$shutdown$3(245)) - 16d094f2-c33f-45e9-afed-588eb6ecb67d: shutdown group-D66DB0300B1B
2019-09-20 08:17:41,264 [ForkJoinPool.commonPool-worker-0] INFO  util.JmxRegister (JmxRegister.java:unregister(73)) - Successfully un-registered JMX Bean with object name Ratis:service=RaftServer,group=group-D66DB0300B1B,id=16d094f2-c33f-45e9-afed-588eb6ecb67d
2019-09-20 08:17:41,264 [ForkJoinPool.commonPool-worker-0] INFO  impl.RoleInfo (RoleInfo.java:shutdownLeaderState(104)) - 16d094f2-c33f-45e9-afed-588eb6ecb67d: shutdown LeaderState
2019-09-20 08:17:41,265 [ForkJoinPool.commonPool-worker-0] INFO  impl.PendingRequests (PendingRequests.java:sendNotLeaderResponses(202)) - 16d094f2-c33f-45e9-afed-588eb6ecb67d-PendingRequests: sendNotLeaderResponses
2019-09-20 08:17:41,265 [ForkJoinPool.commonPool-worker-0] INFO  impl.StateMachineUpdater (StateMachineUpdater.java:stopAndJoin(115)) - StateMachineUpdater:16d094f2-c33f-45e9-afed-588eb6ecb67d:group-D66DB0300B1B: set stopIndex = 0
2019-09-20 08:17:41,265 [ForkJoinPool.commonPool-worker-0] INFO  impl.RaftServerImpl (ServerState.java:close(394)) - 16d094f2-c33f-45e9-afed-588eb6ecb67d:group-D66DB0300B1B closes. The last applied log index is 0
2019-09-20 08:17:41,265 [16d094f2-c33f-45e9-afed-588eb6ecb67d-SegmentedRaftLogWorker:Storage Directory /workdir/hadoop-ozone/ozonefs/target/test-dir/MiniOzoneClusterImpl-fff8a6b1-9459-493d-a1d7-ad2cd82c4f30/datanode-2/data/ratis/f5384fe3-6738-449c-bc37-d66db0300b1b] INFO  segmented.SegmentedRaftLogWorker (SegmentedRaftLogWorker.java:run(313)) - 16d094f2-c33f-45e9-afed-588eb6ecb67d-SegmentedRaftLogWorker:Storage Directory /workdir/hadoop-ozone/ozonefs/target/test-dir/MiniOzoneClusterImpl-fff8a6b1-9459-493d-a1d7-ad2cd82c4f30/datanode-2/data/ratis/f5384fe3-6738-449c-bc37-d66db0300b1b was interrupted, exiting. There are 0 tasks remaining in the queue.
2019-09-20 08:17:41,265 [ForkJoinPool.commonPool-worker-0] INFO  segmented.SegmentedRaftLogWorker (SegmentedRaftLogWorker.java:close(228)) - 16d094f2-c33f-45e9-afed-588eb6ecb67d-SegmentedRaftLogWorker:Storage Directory /workdir/hadoop-ozone/ozonefs/target/test-dir/MiniOzoneClusterImpl-fff8a6b1-9459-493d-a1d7-ad2cd82c4f30/datanode-2/data/ratis/f5384fe3-6738-449c-bc37-d66db0300b1b close()
2019-09-20 08:17:41,266 [ForkJoinPool.commonPool-worker-0] INFO  impl.RaftServerImpl (RaftServerImpl.java:lambda$shutdown$3(245)) - 16d094f2-c33f-45e9-afed-588eb6ecb67d: shutdown group-714A8D64CD64
2019-09-20 08:17:41,267 [ForkJoinPool.commonPool-worker-0] INFO  util.JmxRegister (JmxRegister.java:unregister(73)) - Successfully un-registered JMX Bean with object name Ratis:service=RaftServer,group=group-714A8D64CD64,id=16d094f2-c33f-45e9-afed-588eb6ecb67d
2019-09-20 08:17:41,267 [ForkJoinPool.commonPool-worker-0] INFO  impl.RoleInfo (RoleInfo.java:shutdownLeaderState(104)) - 16d094f2-c33f-45e9-afed-588eb6ecb67d: shutdown LeaderState
2019-09-20 08:17:41,267 [ForkJoinPool.commonPool-worker-0] INFO  impl.PendingRequests (PendingRequests.java:sendNotLeaderResponses(202)) - 16d094f2-c33f-45e9-afed-588eb6ecb67d-PendingRequests: sendNotLeaderResponses
2019-09-20 08:17:41,267 [ForkJoinPool.commonPool-worker-0] INFO  impl.StateMachineUpdater (StateMachineUpdater.java:stopAndJoin(115)) - StateMachineUpdater:16d094f2-c33f-45e9-afed-588eb6ecb67d:group-714A8D64CD64: set stopIndex = 0
2019-09-20 08:17:41,267 [ForkJoinPool.commonPool-worker-0] INFO  impl.RaftServerImpl (ServerState.java:close(394)) - 16d094f2-c33f-45e9-afed-588eb6ecb67d:group-714A8D64CD64 closes. The last applied log index is 0
2019-09-20 08:17:41,268 [16d094f2-c33f-45e9-afed-588eb6ecb67d-SegmentedRaftLogWorker:Storage Directory /workdir/hadoop-ozone/ozonefs/target/test-dir/MiniOzoneClusterImpl-fff8a6b1-9459-493d-a1d7-ad2cd82c4f30/datanode-2/data/ratis/ff6a1fe4-7ad0-48a0-a90b-714a8d64cd64] INFO  segmented.SegmentedRaftLogWorker (SegmentedRaftLogWorker.java:run(313)) - 16d094f2-c33f-45e9-afed-588eb6ecb67d-SegmentedRaftLogWorker:Storage Directory /workdir/hadoop-ozone/ozonefs/target/test-dir/MiniOzoneClusterImpl-fff8a6b1-9459-493d-a1d7-ad2cd82c4f30/datanode-2/data/ratis/ff6a1fe4-7ad0-48a0-a90b-714a8d64cd64 was interrupted, exiting. There are 0 tasks remaining in the queue.
2019-09-20 08:17:41,268 [ForkJoinPool.commonPool-worker-0] INFO  segmented.SegmentedRaftLogWorker (SegmentedRaftLogWorker.java:close(228)) - 16d094f2-c33f-45e9-afed-588eb6ecb67d-SegmentedRaftLogWorker:Storage Directory /workdir/hadoop-ozone/ozonefs/target/test-dir/MiniOzoneClusterImpl-fff8a6b1-9459-493d-a1d7-ad2cd82c4f30/datanode-2/data/ratis/ff6a1fe4-7ad0-48a0-a90b-714a8d64cd64 close()
2019-09-20 08:17:41,269 [ForkJoinPool.commonPool-worker-0] INFO  server.GrpcService (GrpcService.java:closeImpl(155)) - 16d094f2-c33f-45e9-afed-588eb6ecb67d: shutdown server with port 45956 now
2019-09-20 08:17:41,270 [ForkJoinPool.commonPool-worker-0] INFO  server.GrpcService (GrpcService.java:closeImpl(163)) - 16d094f2-c33f-45e9-afed-588eb6ecb67d: shutdown server with port 45956 successfully
2019-09-20 08:17:41,271 [ForkJoinPool.commonPool-worker-0] INFO  utils.BackgroundService (BackgroundService.java:shutdown(148)) - Shutting down service BlockDeletingService
2019-09-20 08:17:41,274 [refreshUsed-/workdir/hadoop-ozone/ozonefs/target/test-dir/MiniOzoneClusterImpl-fff8a6b1-9459-493d-a1d7-ad2cd82c4f30/datanode-2/data/containers] WARN  fs.CachingGetSpaceUsed (CachingGetSpaceUsed.java:run(183)) - Thread Interrupted waiting to refresh disk information: sleep interrupted
2019-09-20 08:17:41,292 [ForkJoinPool.commonPool-worker-0] INFO  statemachine.DatanodeStateMachine (DatanodeStateMachine.java:stopDaemon(395)) - Ozone container server stopped.
2019-09-20 08:17:41,295 [ForkJoinPool.commonPool-worker-0] INFO  handler.ContextHandler (ContextHandler.java:doStop(910)) - Stopped o.e.j.w.WebAppContext@1f27f354{/,null,UNAVAILABLE}{/hddsDatanode}
2019-09-20 08:17:41,296 [ForkJoinPool.commonPool-worker-0] INFO  server.AbstractConnector (AbstractConnector.java:doStop(318)) - Stopped ServerConnector@6dc7b7f{HTTP/1.1,[http/1.1]}{0.0.0.0:0}
2019-09-20 08:17:41,297 [ForkJoinPool.commonPool-worker-0] INFO  handler.ContextHandler (ContextHandler.java:doStop(910)) - Stopped o.e.j.s.ServletContextHandler@39acf187{/static,jar:file:/home/user/.m2/repository/org/apache/hadoop/hadoop-hdds-container-service/0.5.0-SNAPSHOT/hadoop-hdds-container-service-0.5.0-SNAPSHOT.jar!/webapps/static,UNAVAILABLE}
2019-09-20 08:17:41,298 [ForkJoinPool.commonPool-worker-0] INFO  handler.ContextHandler (ContextHandler.java:doStop(910)) - Stopped o.e.j.s.ServletContextHandler@49741e80{/logs,file:///workdir/hadoop-ozone/ozonefs/target/log,UNAVAILABLE}
2019-09-20 08:17:41,300 [main] INFO  ozone.MiniOzoneClusterImpl (MiniOzoneClusterImpl.java:stop(353)) - Stopping the StorageContainerManager
2019-09-20 08:17:41,300 [main] INFO  server.StorageContainerManager (StorageContainerManager.java:stop(797)) - Stopping Replication Manager Service.
2019-09-20 08:17:41,300 [main] INFO  container.ReplicationManager (ReplicationManager.java:stop(192)) - Stopping Replication Monitor Thread.
2019-09-20 08:17:41,300 [main] INFO  server.StorageContainerManager (StorageContainerManager.java:stop(804)) - Stopping Lease Manager of the command watchers
2019-09-20 08:17:41,301 [main] INFO  server.StorageContainerManager (StorageContainerManager.java:stop(811)) - Stopping datanode service RPC server
2019-09-20 08:17:41,301 [main] INFO  server.SCMDatanodeProtocolServer (SCMDatanodeProtocolServer.java:stop(367)) - Stopping the RPC server for DataNodes
2019-09-20 08:17:41,301 [main] INFO  ipc.Server (Server.java:stop(3082)) - Stopping server on 36338
2019-09-20 08:17:41,304 [IPC Server listener on 36338] INFO  ipc.Server (Server.java:run(1185)) - Stopping IPC Server listener on 36338
2019-09-20 08:17:41,306 [IPC Server Responder] INFO  ipc.Server (Server.java:run(1319)) - Stopping IPC Server Responder
2019-09-20 08:17:41,323 [SCM Heartbeat Processing Thread - 0] WARN  node.NodeStateManager (NodeStateManager.java:scheduleNextHealthCheck(655)) - Current Thread is interrupted, shutting down HB processing thread for Node Manager.
2019-09-20 08:17:41,323 [main] INFO  server.StorageContainerManager (StorageContainerManager.java:stop(819)) - Stopping block service RPC server
2019-09-20 08:17:41,323 [main] INFO  server.SCMBlockProtocolServer (SCMBlockProtocolServer.java:stop(148)) - Stopping the RPC server for Block Protocol
2019-09-20 08:17:41,324 [main] INFO  ipc.Server (Server.java:stop(3082)) - Stopping server on 37999
2019-09-20 08:17:41,328 [main] INFO  server.StorageContainerManager (StorageContainerManager.java:stop(826)) - Stopping the StorageContainerLocationProtocol RPC server
2019-09-20 08:17:41,329 [main] INFO  server.SCMClientProtocolServer (SCMClientProtocolServer.java:stop(159)) - Stopping the RPC server for Client Protocol
2019-09-20 08:17:41,328 [IPC Server listener on 37999] INFO  ipc.Server (Server.java:run(1185)) - Stopping IPC Server listener on 37999
2019-09-20 08:17:41,329 [main] INFO  ipc.Server (Server.java:stop(3082)) - Stopping server on 36110
2019-09-20 08:17:41,329 [IPC Server Responder] INFO  ipc.Server (Server.java:run(1319)) - Stopping IPC Server Responder
2019-09-20 08:17:41,332 [IPC Server listener on 36110] INFO  ipc.Server (Server.java:run(1185)) - Stopping IPC Server listener on 36110
2019-09-20 08:17:41,332 [main] INFO  server.StorageContainerManager (StorageContainerManager.java:stop(833)) - Stopping Storage Container Manager HTTP server.
2019-09-20 08:17:41,333 [IPC Server Responder] INFO  ipc.Server (Server.java:run(1319)) - Stopping IPC Server Responder
2019-09-20 08:17:41,334 [main] INFO  handler.ContextHandler (ContextHandler.java:doStop(910)) - Stopped o.e.j.w.WebAppContext@20923380{/,null,UNAVAILABLE}{/scm}
2019-09-20 08:17:41,335 [main] INFO  server.AbstractConnector (AbstractConnector.java:doStop(318)) - Stopped ServerConnector@5b2c41f9{HTTP/1.1,[http/1.1]}{0.0.0.0:0}
2019-09-20 08:17:41,335 [main] INFO  handler.ContextHandler (ContextHandler.java:doStop(910)) - Stopped o.e.j.s.ServletContextHandler@1b984ba5{/static,jar:file:/home/user/.m2/repository/org/apache/hadoop/hadoop-hdds-server-scm/0.5.0-SNAPSHOT/hadoop-hdds-server-scm-0.5.0-SNAPSHOT.jar!/webapps/static,UNAVAILABLE}
2019-09-20 08:17:41,336 [main] INFO  handler.ContextHandler (ContextHandler.java:doStop(910)) - Stopped o.e.j.s.ServletContextHandler@6e96f3cd{/logs,file:///workdir/hadoop-ozone/ozonefs/target/log,UNAVAILABLE}
2019-09-20 08:17:41,337 [main] INFO  server.StorageContainerManager (StorageContainerManager.java:stop(844)) - Stopping Block Manager Service.
2019-09-20 08:17:41,337 [main] INFO  utils.BackgroundService (BackgroundService.java:shutdown(148)) - Shutting down service SCMBlockDeletingService
2019-09-20 08:17:41,337 [main] INFO  utils.BackgroundService (BackgroundService.java:shutdown(148)) - Shutting down service SCMBlockDeletingService
2019-09-20 08:17:41,338 [main] INFO  server.StorageContainerManager (StorageContainerManager.java:stop(866)) - Stopping SCM Event Queue.
2019-09-20 08:17:41,341 [main] INFO  impl.MetricsSystemImpl (MetricsSystemImpl.java:stop(210)) - Stopping HddsDatanode metrics system...
2019-09-20 08:17:41,352 [main] INFO  impl.MetricsSystemImpl (MetricsSystemImpl.java:stop(216)) - HddsDatanode metrics system stopped.
]]></system-out>
    <system-err><![CDATA[Sep 20, 2019 8:17:25 AM com.sun.jersey.server.impl.application.WebApplicationImpl _initiate
INFO: Initiating Jersey application, version 'Jersey: 1.19 02/11/2015 03:25 AM'
Sep 20, 2019 8:17:25 AM com.sun.jersey.server.impl.application.WebApplicationImpl _initiate
INFO: Initiating Jersey application, version 'Jersey: 1.19 02/11/2015 03:25 AM'
Sep 20, 2019 8:17:25 AM com.sun.jersey.server.impl.application.WebApplicationImpl _initiate
INFO: Initiating Jersey application, version 'Jersey: 1.19 02/11/2015 03:25 AM'
Sep 20, 2019 8:17:30 AM com.sun.jersey.server.impl.application.WebApplicationImpl _initiate
INFO: Initiating Jersey application, version 'Jersey: 1.19 02/11/2015 03:25 AM'
]]></system-err>
  </testcase>
  <testcase name="testOzoneManagerFileSystemInterface[1]" classname="org.apache.hadoop.fs.ozone.TestOzoneFileInterfaces" time="17.651"/>
  <testcase name="testListStatus[1]" classname="org.apache.hadoop.fs.ozone.TestOzoneFileInterfaces" time="17.291"/>
  <testcase name="testDirectory[1]" classname="org.apache.hadoop.fs.ozone.TestOzoneFileInterfaces" time="16.521"/>
  <testcase name="testPathToKey[1]" classname="org.apache.hadoop.fs.ozone.TestOzoneFileInterfaces" time="17.116"/>
  <testcase name="testFileSystemInit[1]" classname="org.apache.hadoop.fs.ozone.TestOzoneFileInterfaces" time="17.542"/>
  <testcase name="testOzFsReadWrite[1]" classname="org.apache.hadoop.fs.ozone.TestOzoneFileInterfaces" time="17.516">
    <error message="Allocated 0 blocks. Requested 1 blocks" type="INTERNAL_ERROR org.apache.hadoop.ozone.om.exceptions.OMException">INTERNAL_ERROR org.apache.hadoop.ozone.om.exceptions.OMException: Allocated 0 blocks. Requested 1 blocks
	at org.apache.hadoop.ozone.om.protocolPB.OzoneManagerProtocolClientSideTranslatorPB.handleError(OzoneManagerProtocolClientSideTranslatorPB.java:725)
	at org.apache.hadoop.ozone.om.protocolPB.OzoneManagerProtocolClientSideTranslatorPB.createFile(OzoneManagerProtocolClientSideTranslatorPB.java:1474)
	at org.apache.hadoop.ozone.client.rpc.RpcClient.createFile(RpcClient.java:984)
	at org.apache.hadoop.ozone.client.OzoneBucket.createFile(OzoneBucket.java:535)
	at org.apache.hadoop.fs.ozone.BasicOzoneClientAdapterImpl.createFile(BasicOzoneClientAdapterImpl.java:181)
	at org.apache.hadoop.fs.ozone.BasicOzoneFileSystem.createOutputStream(BasicOzoneFileSystem.java:249)
	at org.apache.hadoop.fs.ozone.BasicOzoneFileSystem.create(BasicOzoneFileSystem.java:230)
	at org.apache.hadoop.fs.FileSystem.create(FileSystem.java:1118)
	at org.apache.hadoop.fs.FileSystem.create(FileSystem.java:1098)
	at org.apache.hadoop.fs.FileSystem.create(FileSystem.java:987)
	at org.apache.hadoop.fs.FileSystem.create(FileSystem.java:975)
	at org.apache.hadoop.fs.ozone.TestOzoneFileInterfaces.testOzFsReadWrite(TestOzoneFileInterfaces.java:186)
	at sun.reflect.NativeMethodAccessorImpl.invoke0(Native Method)
	at sun.reflect.NativeMethodAccessorImpl.invoke(NativeMethodAccessorImpl.java:62)
	at sun.reflect.DelegatingMethodAccessorImpl.invoke(DelegatingMethodAccessorImpl.java:43)
	at java.lang.reflect.Method.invoke(Method.java:498)
	at org.junit.runners.model.FrameworkMethod$1.runReflectiveCall(FrameworkMethod.java:47)
	at org.junit.internal.runners.model.ReflectiveCallable.run(ReflectiveCallable.java:12)
	at org.junit.runners.model.FrameworkMethod.invokeExplosively(FrameworkMethod.java:44)
	at org.junit.internal.runners.statements.InvokeMethod.evaluate(InvokeMethod.java:17)
	at org.junit.internal.runners.statements.RunBefores.evaluate(RunBefores.java:26)
	at org.junit.internal.runners.statements.RunAfters.evaluate(RunAfters.java:27)
	at org.junit.runners.ParentRunner.runLeaf(ParentRunner.java:271)
	at org.junit.runners.BlockJUnit4ClassRunner.runChild(BlockJUnit4ClassRunner.java:70)
	at org.junit.runners.BlockJUnit4ClassRunner.runChild(BlockJUnit4ClassRunner.java:50)
	at org.junit.runners.ParentRunner$3.run(ParentRunner.java:238)
	at org.junit.runners.ParentRunner$1.schedule(ParentRunner.java:63)
	at org.junit.runners.ParentRunner.runChildren(ParentRunner.java:236)
	at org.junit.runners.ParentRunner.access$000(ParentRunner.java:53)
	at org.junit.runners.ParentRunner$2.evaluate(ParentRunner.java:229)
	at org.junit.runners.ParentRunner.run(ParentRunner.java:309)
	at org.junit.runners.Suite.runChild(Suite.java:127)
	at org.junit.runners.Suite.runChild(Suite.java:26)
	at org.junit.runners.ParentRunner$3.run(ParentRunner.java:238)
	at org.junit.runners.ParentRunner$1.schedule(ParentRunner.java:63)
	at org.junit.runners.ParentRunner.runChildren(ParentRunner.java:236)
	at org.junit.runners.ParentRunner.access$000(ParentRunner.java:53)
	at org.junit.runners.ParentRunner$2.evaluate(ParentRunner.java:229)
	at org.junit.runners.ParentRunner.run(ParentRunner.java:309)
	at org.apache.maven.surefire.junit4.JUnit4Provider.execute(JUnit4Provider.java:365)
	at org.apache.maven.surefire.junit4.JUnit4Provider.executeWithRerun(JUnit4Provider.java:273)
	at org.apache.maven.surefire.junit4.JUnit4Provider.executeTestSet(JUnit4Provider.java:238)
	at org.apache.maven.surefire.junit4.JUnit4Provider.invoke(JUnit4Provider.java:159)
	at org.apache.maven.surefire.booter.ForkedBooter.invokeProviderInSameClassLoader(ForkedBooter.java:384)
	at org.apache.maven.surefire.booter.ForkedBooter.runSuitesInProcess(ForkedBooter.java:345)
	at org.apache.maven.surefire.booter.ForkedBooter.execute(ForkedBooter.java:126)
	at org.apache.maven.surefire.booter.ForkedBooter.main(ForkedBooter.java:418)
</error>
    <system-out><![CDATA[2019-09-20 08:19:07,525 [main] WARN  server.ServerUtils (ServerUtils.java:getScmDbDir(145)) - ozone.scm.db.dirs is not configured. We recommend adding this setting. Falling back to ozone.metadata.dirs instead.
2019-09-20 08:19:07,538 [main] WARN  server.ServerUtils (ServerUtils.java:getScmDbDir(145)) - ozone.scm.db.dirs is not configured. We recommend adding this setting. Falling back to ozone.metadata.dirs instead.
2019-09-20 08:19:07,538 [main] WARN  server.ServerUtils (ServerUtils.java:getScmDbDir(145)) - ozone.scm.db.dirs is not configured. We recommend adding this setting. Falling back to ozone.metadata.dirs instead.
2019-09-20 08:19:07,538 [main] INFO  db.DBStoreBuilder (DBStoreBuilder.java:addTable(110)) - using custom profile for table: deletedBlocks
2019-09-20 08:19:07,539 [main] INFO  db.DBStoreBuilder (DBStoreBuilder.java:processTables(161)) - Using default column profile:DBProfile.DISK for Table:deletedBlocks
2019-09-20 08:19:07,539 [main] INFO  db.DBStoreBuilder (DBStoreBuilder.java:addTable(110)) - using custom profile for table: validCerts
2019-09-20 08:19:07,539 [main] INFO  db.DBStoreBuilder (DBStoreBuilder.java:processTables(161)) - Using default column profile:DBProfile.DISK for Table:validCerts
2019-09-20 08:19:07,539 [main] INFO  db.DBStoreBuilder (DBStoreBuilder.java:addTable(110)) - using custom profile for table: revokedCerts
2019-09-20 08:19:07,539 [main] INFO  db.DBStoreBuilder (DBStoreBuilder.java:processTables(161)) - Using default column profile:DBProfile.DISK for Table:revokedCerts
2019-09-20 08:19:07,540 [main] INFO  db.DBStoreBuilder (DBStoreBuilder.java:addTable(110)) - using custom profile for table: default
2019-09-20 08:19:07,540 [main] INFO  db.DBStoreBuilder (DBStoreBuilder.java:processTables(167)) - Using default column profile:DBProfile.DISK for Table:default
2019-09-20 08:19:07,540 [main] INFO  db.DBStoreBuilder (DBStoreBuilder.java:getDbProfile(198)) - Using default options. DBProfile.DISK
2019-09-20 08:19:07,605 [main] INFO  net.NodeSchemaLoader (NodeSchemaLoader.java:loadSchemaFromFile(125)) - Loading file from sun.misc.CompoundEnumeration@4aebd384
2019-09-20 08:19:07,605 [main] INFO  net.NodeSchemaLoader (NodeSchemaLoader.java:loadSchema(171)) - Loading network topology layer schema file
2019-09-20 08:19:07,610 [main] WARN  server.ServerUtils (ServerUtils.java:sanitizeUserArgs(70)) - ozone.scm.stale.node.interval value = 300000 is larger than max = 100000 based on the key value of ozone.scm.heartbeat.thread.interval, reset to the max value 100000.
2019-09-20 08:19:07,610 [main] WARN  server.ServerUtils (ServerUtils.java:sanitizeUserArgs(70)) - ozone.scm.stale.node.interval value = 300000 is larger than max = 100000 based on the key value of ozone.scm.heartbeat.thread.interval, reset to the max value 100000.
2019-09-20 08:19:07,611 [main] INFO  node.SCMNodeManager (SCMNodeManager.java:<init>(121)) - Entering startup safe mode.
2019-09-20 08:19:07,611 [main] INFO  algorithms.ContainerPlacementPolicyFactory (ContainerPlacementPolicyFactory.java:getPolicy(56)) - Create container placement policy of type org.apache.hadoop.hdds.scm.container.placement.algorithms.SCMContainerPlacementRandom
2019-09-20 08:19:07,611 [main] WARN  server.ServerUtils (ServerUtils.java:getScmDbDir(145)) - ozone.scm.db.dirs is not configured. We recommend adding this setting. Falling back to ozone.metadata.dirs instead.
2019-09-20 08:19:07,635 [main] INFO  pipeline.SCMPipelineManager (SCMPipelineManager.java:initializePipelineState(126)) - No pipeline exists in current db
2019-09-20 08:19:07,635 [main] WARN  server.ServerUtils (ServerUtils.java:getScmDbDir(145)) - ozone.scm.db.dirs is not configured. We recommend adding this setting. Falling back to ozone.metadata.dirs instead.
2019-09-20 08:19:07,712 [main] WARN  events.EventQueue (EventQueue.java:fireEvent(175)) - No event handler registered for event TypedEvent{payloadType=SafeModeStatus, name='SafeModeStatus'}
2019-09-20 08:19:07,713 [main] INFO  ipc.CallQueueManager (CallQueueManager.java:<init>(84)) - Using callQueue: class java.util.concurrent.LinkedBlockingQueue, queueCapacity: 2000, scheduler: class org.apache.hadoop.ipc.DefaultRpcScheduler, ipcBackoff: false.
2019-09-20 08:19:07,714 [Socket Reader #1 for port 38730] INFO  ipc.Server (Server.java:run(1074)) - Starting Socket Reader #1 for port 38730
2019-09-20 08:19:07,715 [main] INFO  ipc.CallQueueManager (CallQueueManager.java:<init>(84)) - Using callQueue: class java.util.concurrent.LinkedBlockingQueue, queueCapacity: 2000, scheduler: class org.apache.hadoop.ipc.DefaultRpcScheduler, ipcBackoff: false.
2019-09-20 08:19:07,716 [Socket Reader #1 for port 46555] INFO  ipc.Server (Server.java:run(1074)) - Starting Socket Reader #1 for port 46555
2019-09-20 08:19:07,718 [main] INFO  ipc.CallQueueManager (CallQueueManager.java:<init>(84)) - Using callQueue: class java.util.concurrent.LinkedBlockingQueue, queueCapacity: 2000, scheduler: class org.apache.hadoop.ipc.DefaultRpcScheduler, ipcBackoff: false.
2019-09-20 08:19:07,719 [Socket Reader #1 for port 46202] INFO  ipc.Server (Server.java:run(1074)) - Starting Socket Reader #1 for port 46202
2019-09-20 08:19:07,720 [main] INFO  hdfs.DFSUtil (DFSUtil.java:httpServerTemplateForNNAndJN(1641)) - Starting Web-server for scm at: http://0.0.0.0:0
2019-09-20 08:19:07,723 [main] INFO  server.AuthenticationFilter (AuthenticationFilter.java:constructSecretProvider(240)) - Unable to initialize FileSignerSecretProvider, falling back to use random secrets.
2019-09-20 08:19:07,723 [main] WARN  http.HttpRequestLog (HttpRequestLog.java:getRequestLog(97)) - Jetty request log can only be enabled using Log4j
2019-09-20 08:19:07,725 [main] INFO  http.HttpServer2 (HttpServer2.java:addGlobalFilter(975)) - Added global filter 'safety' (class=org.apache.hadoop.http.HttpServer2$QuotingInputFilter)
2019-09-20 08:19:07,726 [main] INFO  http.HttpServer2 (HttpServer2.java:addFilter(948)) - Added filter static_user_filter (class=org.apache.hadoop.http.lib.StaticUserWebFilter$StaticUserFilter) to context scm
2019-09-20 08:19:07,726 [main] INFO  http.HttpServer2 (HttpServer2.java:addFilter(958)) - Added filter static_user_filter (class=org.apache.hadoop.http.lib.StaticUserWebFilter$StaticUserFilter) to context static
2019-09-20 08:19:07,726 [main] INFO  http.HttpServer2 (HttpServer2.java:addFilter(958)) - Added filter static_user_filter (class=org.apache.hadoop.http.lib.StaticUserWebFilter$StaticUserFilter) to context logs
2019-09-20 08:19:07,728 [main] INFO  server.StorageContainerManager (StorageContainerManager.java:start(759)) - StorageContainerLocationProtocol RPC server is listening at /0.0.0.0:46202
2019-09-20 08:19:07,730 [main] WARN  impl.MetricsConfig (MetricsConfig.java:loadFirst(134)) - Cannot locate configuration: tried hadoop-metrics2-storagecontainermanager.properties,hadoop-metrics2.properties
2019-09-20 08:19:07,731 [main] INFO  impl.MetricsSystemImpl (MetricsSystemImpl.java:startTimer(374)) - Scheduled Metric snapshot period at 10 second(s).
2019-09-20 08:19:07,731 [main] INFO  impl.MetricsSystemImpl (MetricsSystemImpl.java:start(191)) - StorageContainerManager metrics system started
2019-09-20 08:19:07,813 [main] INFO  server.SCMClientProtocolServer (SCMClientProtocolServer.java:start(151)) - RPC server for Client  is listening at /0.0.0.0:46202
2019-09-20 08:19:07,814 [IPC Server Responder] INFO  ipc.Server (Server.java:run(1314)) - IPC Server Responder: starting
2019-09-20 08:19:07,814 [IPC Server listener on 46202] INFO  ipc.Server (Server.java:run(1153)) - IPC Server listener on 46202: starting
2019-09-20 08:19:07,817 [main] INFO  server.StorageContainerManager (StorageContainerManager.java:start(769)) - ScmBlockLocationProtocol RPC server is listening at /0.0.0.0:46555
2019-09-20 08:19:07,817 [main] INFO  server.SCMBlockProtocolServer (SCMBlockProtocolServer.java:start(140)) - RPC server for Block Protocol is listening at /0.0.0.0:46555
2019-09-20 08:19:07,818 [IPC Server Responder] INFO  ipc.Server (Server.java:run(1314)) - IPC Server Responder: starting
2019-09-20 08:19:07,818 [IPC Server listener on 46555] INFO  ipc.Server (Server.java:run(1153)) - IPC Server listener on 46555: starting
2019-09-20 08:19:07,821 [main] INFO  server.StorageContainerManager (StorageContainerManager.java:start(773)) - ScmDatanodeProtocl RPC server is listening at /0.0.0.0:38730
2019-09-20 08:19:07,821 [main] INFO  server.SCMDatanodeProtocolServer (SCMDatanodeProtocolServer.java:start(191)) - RPC server for DataNodes is listening at /0.0.0.0:38730
2019-09-20 08:19:07,822 [IPC Server Responder] INFO  ipc.Server (Server.java:run(1314)) - IPC Server Responder: starting
2019-09-20 08:19:07,822 [IPC Server listener on 38730] INFO  ipc.Server (Server.java:run(1153)) - IPC Server listener on 38730: starting
2019-09-20 08:19:07,825 [main] INFO  http.HttpServer2 (HttpServer2.java:bindListener(1191)) - Jetty bound to port 42558
2019-09-20 08:19:07,826 [main] INFO  server.Server (Server.java:doStart(351)) - jetty-9.3.24.v20180605, build timestamp: 2018-06-05T17:11:56Z, git hash: 84205aa28f11a4f31f2a3b86d1bba2cc8ab69827
2019-09-20 08:19:07,827 [main] INFO  handler.ContextHandler (ContextHandler.java:doStart(781)) - Started o.e.j.s.ServletContextHandler@4fbd0d1{/logs,file:///workdir/hadoop-ozone/ozonefs/target/log,AVAILABLE}
2019-09-20 08:19:07,827 [main] INFO  handler.ContextHandler (ContextHandler.java:doStart(781)) - Started o.e.j.s.ServletContextHandler@519e110b{/static,jar:file:/home/user/.m2/repository/org/apache/hadoop/hadoop-hdds-server-scm/0.5.0-SNAPSHOT/hadoop-hdds-server-scm-0.5.0-SNAPSHOT.jar!/webapps/static,AVAILABLE}
2019-09-20 08:19:07,866 [main] INFO  handler.ContextHandler (ContextHandler.java:doStart(781)) - Started o.e.j.w.WebAppContext@481d6644{/,file:///tmp/jetty-0.0.0.0-42558-scm-_-any-7576496701382217132.dir/webapp/,AVAILABLE}{/scm}
2019-09-20 08:19:07,867 [main] INFO  server.AbstractConnector (AbstractConnector.java:doStart(278)) - Started ServerConnector@3d3362f5{HTTP/1.1,[http/1.1]}{0.0.0.0:42558}
2019-09-20 08:19:07,867 [main] INFO  server.Server (Server.java:doStart(419)) - Started @198555ms
2019-09-20 08:19:07,869 [main] INFO  server.BaseHttpServer (BaseHttpServer.java:updateConnectorAddress(213)) - HTTP server of SCM is listening at http://0.0.0.0:42558
2019-09-20 08:19:07,869 [main] WARN  server.ServerUtils (ServerUtils.java:getDBPath(222)) - ozone.om.db.dirs is not configured. We recommend adding this setting. Falling back to ozone.metadata.dirs instead.
2019-09-20 08:19:07,870 [org.apache.hadoop.util.JvmPauseMonitor$Monitor@3ba468ec] INFO  util.JvmPauseMonitor (JvmPauseMonitor.java:run(188)) - Starting JVM pause monitor
2019-09-20 08:19:07,895 [main] WARN  server.ServerUtils (ServerUtils.java:getDBPath(222)) - ozone.om.db.dirs is not configured. We recommend adding this setting. Falling back to ozone.metadata.dirs instead.
2019-09-20 08:19:07,896 [main] WARN  server.ServerUtils (ServerUtils.java:getDBPath(222)) - ozone.om.db.dirs is not configured. We recommend adding this setting. Falling back to ozone.metadata.dirs instead.
2019-09-20 08:19:07,896 [main] INFO  om.OzoneManager (OzoneManager.java:setOMNodeDetails(645)) - OM Service ID is not set. Setting it to the default ID: omServiceIdDefault
2019-09-20 08:19:07,897 [main] INFO  om.OzoneManager (OzoneManager.java:setOMNodeDetails(651)) - OM Node ID is not set. Setting it to the OmStorage's OmID: a6fc4126-ae8a-4a2a-ab48-455ed68bf2b9
2019-09-20 08:19:07,897 [main] INFO  om.OzoneManager (OzoneManager.java:loadOMHAConfigs(602)) - Found matching OM address with OMServiceId: null, OMNodeId: null, RPC Address: localhost:0 and Ratis port: 9872
2019-09-20 08:19:07,902 | INFO  | SCMAudit | user=jenkins1000 | ip=192.168.34.27 | op=GET_SCM_INFO null | ret=SUCCESS |  
2019-09-20 08:19:07,905 [main] WARN  server.ServerUtils (ServerUtils.java:getDBPath(222)) - ozone.om.db.dirs is not configured. We recommend adding this setting. Falling back to ozone.metadata.dirs instead.
2019-09-20 08:19:07,906 [main] INFO  db.DBStoreBuilder (DBStoreBuilder.java:addTable(110)) - using custom profile for table: userTable
2019-09-20 08:19:07,906 [main] INFO  db.DBStoreBuilder (DBStoreBuilder.java:processTables(161)) - Using default column profile:DBProfile.DISK for Table:userTable
2019-09-20 08:19:07,907 [main] INFO  db.DBStoreBuilder (DBStoreBuilder.java:addTable(110)) - using custom profile for table: volumeTable
2019-09-20 08:19:07,907 [main] INFO  db.DBStoreBuilder (DBStoreBuilder.java:processTables(161)) - Using default column profile:DBProfile.DISK for Table:volumeTable
2019-09-20 08:19:07,907 [main] INFO  db.DBStoreBuilder (DBStoreBuilder.java:addTable(110)) - using custom profile for table: bucketTable
2019-09-20 08:19:07,907 [main] INFO  db.DBStoreBuilder (DBStoreBuilder.java:processTables(161)) - Using default column profile:DBProfile.DISK for Table:bucketTable
2019-09-20 08:19:07,908 [main] INFO  db.DBStoreBuilder (DBStoreBuilder.java:addTable(110)) - using custom profile for table: keyTable
2019-09-20 08:19:07,908 [main] INFO  db.DBStoreBuilder (DBStoreBuilder.java:processTables(161)) - Using default column profile:DBProfile.DISK for Table:keyTable
2019-09-20 08:19:07,908 [main] INFO  db.DBStoreBuilder (DBStoreBuilder.java:addTable(110)) - using custom profile for table: deletedTable
2019-09-20 08:19:07,909 [main] INFO  db.DBStoreBuilder (DBStoreBuilder.java:processTables(161)) - Using default column profile:DBProfile.DISK for Table:deletedTable
2019-09-20 08:19:07,909 [main] INFO  db.DBStoreBuilder (DBStoreBuilder.java:addTable(110)) - using custom profile for table: openKeyTable
2019-09-20 08:19:07,909 [main] INFO  db.DBStoreBuilder (DBStoreBuilder.java:processTables(161)) - Using default column profile:DBProfile.DISK for Table:openKeyTable
2019-09-20 08:19:07,909 [main] INFO  db.DBStoreBuilder (DBStoreBuilder.java:addTable(110)) - using custom profile for table: s3Table
2019-09-20 08:19:07,910 [main] INFO  db.DBStoreBuilder (DBStoreBuilder.java:processTables(161)) - Using default column profile:DBProfile.DISK for Table:s3Table
2019-09-20 08:19:07,910 [main] INFO  db.DBStoreBuilder (DBStoreBuilder.java:addTable(110)) - using custom profile for table: multipartInfoTable
2019-09-20 08:19:07,910 [main] INFO  db.DBStoreBuilder (DBStoreBuilder.java:processTables(161)) - Using default column profile:DBProfile.DISK for Table:multipartInfoTable
2019-09-20 08:19:07,910 [main] INFO  db.DBStoreBuilder (DBStoreBuilder.java:addTable(110)) - using custom profile for table: dTokenTable
2019-09-20 08:19:07,911 [main] INFO  db.DBStoreBuilder (DBStoreBuilder.java:processTables(161)) - Using default column profile:DBProfile.DISK for Table:dTokenTable
2019-09-20 08:19:07,911 [main] INFO  db.DBStoreBuilder (DBStoreBuilder.java:addTable(110)) - using custom profile for table: s3SecretTable
2019-09-20 08:19:07,911 [main] INFO  db.DBStoreBuilder (DBStoreBuilder.java:processTables(161)) - Using default column profile:DBProfile.DISK for Table:s3SecretTable
2019-09-20 08:19:07,911 [main] INFO  db.DBStoreBuilder (DBStoreBuilder.java:addTable(110)) - using custom profile for table: prefixTable
2019-09-20 08:19:07,912 [main] INFO  db.DBStoreBuilder (DBStoreBuilder.java:processTables(161)) - Using default column profile:DBProfile.DISK for Table:prefixTable
2019-09-20 08:19:07,912 [main] INFO  db.DBStoreBuilder (DBStoreBuilder.java:addTable(110)) - using custom profile for table: default
2019-09-20 08:19:07,912 [main] INFO  db.DBStoreBuilder (DBStoreBuilder.java:processTables(167)) - Using default column profile:DBProfile.DISK for Table:default
2019-09-20 08:19:07,912 [main] INFO  db.DBStoreBuilder (DBStoreBuilder.java:getDbProfile(198)) - Using default options. DBProfile.DISK
2019-09-20 08:19:08,410 [main] INFO  ipc.CallQueueManager (CallQueueManager.java:<init>(84)) - Using callQueue: class java.util.concurrent.LinkedBlockingQueue, queueCapacity: 2000, scheduler: class org.apache.hadoop.ipc.DefaultRpcScheduler, ipcBackoff: false.
2019-09-20 08:19:08,411 [Socket Reader #1 for port 34215] INFO  ipc.Server (Server.java:run(1074)) - Starting Socket Reader #1 for port 34215
2019-09-20 08:19:08,436 [main] INFO  om.OzoneManager (OzoneManager.java:start(1256)) - OzoneManager RPC server is listening at localhost/127.0.0.1:34215
2019-09-20 08:19:08,436 [main] INFO  impl.MetricsSystemImpl (MetricsSystemImpl.java:init(158)) - OzoneManager metrics system started (again)
2019-09-20 08:19:08,437 [IPC Server Responder] INFO  ipc.Server (Server.java:run(1314)) - IPC Server Responder: starting
2019-09-20 08:19:08,441 [IPC Server listener on 34215] INFO  ipc.Server (Server.java:run(1153)) - IPC Server listener on 34215: starting
2019-09-20 08:19:08,447 [main] INFO  hdfs.DFSUtil (DFSUtil.java:httpServerTemplateForNNAndJN(1641)) - Starting Web-server for ozoneManager at: http://0.0.0.0:0
2019-09-20 08:19:08,450 [main] INFO  server.AuthenticationFilter (AuthenticationFilter.java:constructSecretProvider(240)) - Unable to initialize FileSignerSecretProvider, falling back to use random secrets.
2019-09-20 08:19:08,451 [main] WARN  http.HttpRequestLog (HttpRequestLog.java:getRequestLog(97)) - Jetty request log can only be enabled using Log4j
2019-09-20 08:19:08,454 [main] INFO  http.HttpServer2 (HttpServer2.java:addGlobalFilter(975)) - Added global filter 'safety' (class=org.apache.hadoop.http.HttpServer2$QuotingInputFilter)
2019-09-20 08:19:08,455 [main] INFO  http.HttpServer2 (HttpServer2.java:addFilter(948)) - Added filter static_user_filter (class=org.apache.hadoop.http.lib.StaticUserWebFilter$StaticUserFilter) to context ozoneManager
2019-09-20 08:19:08,455 [main] INFO  http.HttpServer2 (HttpServer2.java:addFilter(958)) - Added filter static_user_filter (class=org.apache.hadoop.http.lib.StaticUserWebFilter$StaticUserFilter) to context logs
2019-09-20 08:19:08,455 [main] INFO  http.HttpServer2 (HttpServer2.java:addFilter(958)) - Added filter static_user_filter (class=org.apache.hadoop.http.lib.StaticUserWebFilter$StaticUserFilter) to context static
2019-09-20 08:19:08,456 [main] INFO  http.HttpServer2 (HttpServer2.java:bindListener(1191)) - Jetty bound to port 37335
2019-09-20 08:19:08,457 [main] INFO  server.Server (Server.java:doStart(351)) - jetty-9.3.24.v20180605, build timestamp: 2018-06-05T17:11:56Z, git hash: 84205aa28f11a4f31f2a3b86d1bba2cc8ab69827
2019-09-20 08:19:08,459 [main] INFO  handler.ContextHandler (ContextHandler.java:doStart(781)) - Started o.e.j.s.ServletContextHandler@563434b4{/logs,file:///workdir/hadoop-ozone/ozonefs/target/log,AVAILABLE}
2019-09-20 08:19:08,459 [main] INFO  handler.ContextHandler (ContextHandler.java:doStart(781)) - Started o.e.j.s.ServletContextHandler@326c526a{/static,jar:file:/home/user/.m2/repository/org/apache/hadoop/hadoop-ozone-ozone-manager/0.5.0-SNAPSHOT/hadoop-ozone-ozone-manager-0.5.0-SNAPSHOT.jar!/webapps/static,AVAILABLE}
2019-09-20 08:19:08,524 [main] INFO  handler.ContextHandler (ContextHandler.java:doStart(781)) - Started o.e.j.w.WebAppContext@384d0e1f{/,file:///tmp/jetty-0.0.0.0-37335-ozoneManager-_-any-2986615890120060280.dir/webapp/,AVAILABLE}{/ozoneManager}
2019-09-20 08:19:08,525 [main] INFO  server.AbstractConnector (AbstractConnector.java:doStart(278)) - Started ServerConnector@6f997702{HTTP/1.1,[http/1.1]}{0.0.0.0:37335}
2019-09-20 08:19:08,526 [main] INFO  server.Server (Server.java:doStart(419)) - Started @199213ms
2019-09-20 08:19:08,527 [main] INFO  server.BaseHttpServer (BaseHttpServer.java:updateConnectorAddress(213)) - HTTP server of OZONEMANAGER is listening at http://0.0.0.0:37335
2019-09-20 08:19:08,534 [main] INFO  impl.MetricsSystemImpl (MetricsSystemImpl.java:init(158)) - HddsDatanode metrics system started (again)
2019-09-20 08:19:08,536 [main] INFO  ozone.HddsDatanodeService (HddsDatanodeService.java:start(184)) - HddsDatanodeService host:pr-hdds-1569-6tbh6-3362816358 ip:192.168.34.27
2019-09-20 08:19:08,547 [main] INFO  volume.HddsVolume (HddsVolume.java:<init>(176)) - Creating Volume: /workdir/hadoop-ozone/ozonefs/target/test-dir/MiniOzoneClusterImpl-0ef8af2c-8d39-4a42-bdc9-6bbcc43100a2/datanode-0/data/containers/hdds of  storage type : DISK and capacity : 1482555576320
2019-09-20 08:19:08,547 [main] INFO  volume.VolumeSet (VolumeSet.java:initializeVolumeSet(170)) - Added Volume : /workdir/hadoop-ozone/ozonefs/target/test-dir/MiniOzoneClusterImpl-0ef8af2c-8d39-4a42-bdc9-6bbcc43100a2/datanode-0/data/containers/hdds to VolumeSet
2019-09-20 08:19:08,548 [main] INFO  volume.ThrottledAsyncChecker (ThrottledAsyncChecker.java:schedule(140)) - Scheduling a check for org.apache.hadoop.ozone.container.common.volume.HddsVolume@4f549906
2019-09-20 08:19:08,548 [main] INFO  volume.HddsVolumeChecker (HddsVolumeChecker.java:checkAllVolumes(203)) - Scheduled health check for volume org.apache.hadoop.ozone.container.common.volume.HddsVolume@4f549906
2019-09-20 08:19:08,568 [main] INFO  impl.RaftServerProxy (ConfUtils.java:logGet(43)) - raft.rpc.type = GRPC (default)
2019-09-20 08:19:08,568 [main] INFO  grpc.GrpcFactory (GrpcFactory.java:checkPooledByteBufAllocatorUseCacheForAllThreads(45)) - PERFORMANCE WARNING: useCacheForAllThreads is true that may cause Netty to create a lot garbage objects and, as a result, trigger GC.
	It is recommended to disable useCacheForAllThreads by setting -Dorg.apache.ratis.thirdparty.io.netty.allocator.useCacheForAllThreads=false in command line.
2019-09-20 08:19:08,568 [main] INFO  grpc.GrpcConfigKeys$Server (ConfUtils.java:logGet(43)) - raft.grpc.server.port = 0 (default)
2019-09-20 08:19:08,568 [main] INFO  server.GrpcService (ConfUtils.java:logGet(43)) - raft.grpc.message.size.max = 33570816 (custom)
2019-09-20 08:19:08,568 [main] INFO  server.RaftServerConfigKeys (ConfUtils.java:logGet(43)) - raft.server.log.appender.buffer.byte-limit = 33554432 (custom)
2019-09-20 08:19:08,569 [main] INFO  server.GrpcService (ConfUtils.java:logGet(43)) - raft.grpc.flow.control.window = 1MB (=1048576) (default)
2019-09-20 08:19:08,569 [main] INFO  server.RaftServerConfigKeys (ConfUtils.java:logGet(43)) - raft.server.rpc.request.timeout = 3000ms (default)
2019-09-20 08:19:08,569 [main] INFO  server.RaftServerConfigKeys (ConfUtils.java:logGet(43)) - raft.server.storage.dir = [/workdir/hadoop-ozone/ozonefs/target/test-dir/MiniOzoneClusterImpl-0ef8af2c-8d39-4a42-bdc9-6bbcc43100a2/datanode-0/data/ratis] (custom)
2019-09-20 08:19:08,570 [main] INFO  replication.SimpleContainerDownloader (SimpleContainerDownloader.java:<init>(72)) - Starting container downloader service to copy containers to replicate.
2019-09-20 08:19:08,571 [main] INFO  hdfs.DFSUtil (DFSUtil.java:httpServerTemplateForNNAndJN(1641)) - Starting Web-server for hddsDatanode at: http://0.0.0.0:0
2019-09-20 08:19:08,573 [main] INFO  server.AuthenticationFilter (AuthenticationFilter.java:constructSecretProvider(240)) - Unable to initialize FileSignerSecretProvider, falling back to use random secrets.
2019-09-20 08:19:08,573 [main] WARN  http.HttpRequestLog (HttpRequestLog.java:getRequestLog(97)) - Jetty request log can only be enabled using Log4j
2019-09-20 08:19:08,575 [main] INFO  http.HttpServer2 (HttpServer2.java:addGlobalFilter(975)) - Added global filter 'safety' (class=org.apache.hadoop.http.HttpServer2$QuotingInputFilter)
2019-09-20 08:19:08,576 [main] INFO  http.HttpServer2 (HttpServer2.java:addFilter(948)) - Added filter static_user_filter (class=org.apache.hadoop.http.lib.StaticUserWebFilter$StaticUserFilter) to context hddsDatanode
2019-09-20 08:19:08,577 [main] INFO  http.HttpServer2 (HttpServer2.java:addFilter(958)) - Added filter static_user_filter (class=org.apache.hadoop.http.lib.StaticUserWebFilter$StaticUserFilter) to context static
2019-09-20 08:19:08,577 [main] INFO  http.HttpServer2 (HttpServer2.java:addFilter(958)) - Added filter static_user_filter (class=org.apache.hadoop.http.lib.StaticUserWebFilter$StaticUserFilter) to context logs
2019-09-20 08:19:08,578 [main] INFO  http.HttpServer2 (HttpServer2.java:bindListener(1191)) - Jetty bound to port 33886
2019-09-20 08:19:08,578 [main] INFO  server.Server (Server.java:doStart(351)) - jetty-9.3.24.v20180605, build timestamp: 2018-06-05T17:11:56Z, git hash: 84205aa28f11a4f31f2a3b86d1bba2cc8ab69827
2019-09-20 08:19:08,580 [main] INFO  handler.ContextHandler (ContextHandler.java:doStart(781)) - Started o.e.j.s.ServletContextHandler@54b45cfe{/logs,file:///workdir/hadoop-ozone/ozonefs/target/log,AVAILABLE}
2019-09-20 08:19:08,581 [main] INFO  handler.ContextHandler (ContextHandler.java:doStart(781)) - Started o.e.j.s.ServletContextHandler@5e18309e{/static,jar:file:/home/user/.m2/repository/org/apache/hadoop/hadoop-hdds-container-service/0.5.0-SNAPSHOT/hadoop-hdds-container-service-0.5.0-SNAPSHOT.jar!/webapps/static,AVAILABLE}
2019-09-20 08:19:08,621 [main] INFO  handler.ContextHandler (ContextHandler.java:doStart(781)) - Started o.e.j.w.WebAppContext@2b811d1c{/,file:///tmp/jetty-0.0.0.0-33886-hddsDatanode-_-any-2006113510629391708.dir/webapp/,AVAILABLE}{/hddsDatanode}
2019-09-20 08:19:08,622 [main] INFO  server.AbstractConnector (AbstractConnector.java:doStart(278)) - Started ServerConnector@36f8c95a{HTTP/1.1,[http/1.1]}{0.0.0.0:33886}
2019-09-20 08:19:08,623 [main] INFO  server.Server (Server.java:doStart(419)) - Started @199311ms
2019-09-20 08:19:08,624 [main] INFO  server.BaseHttpServer (BaseHttpServer.java:updateConnectorAddress(213)) - HTTP server of HDDSDATANODE is listening at http://0.0.0.0:33886
2019-09-20 08:19:08,775 | INFO  | ObjectStoreRestHttpServer | Listening HDDS REST traffic on /0.0.0.0:41823 |  
2019-09-20 08:19:08,775 [main] INFO  ozone.HddsDatanodeService (HddsDatanodeService.java:startPlugins(395)) - Started plug-in org.apache.hadoop.ozone.web.OzoneHddsDatanodeService@6e3f38c1
2019-09-20 08:19:08,775 [main] INFO  impl.MetricsSystemImpl (MetricsSystemImpl.java:init(158)) - HddsDatanode metrics system started (again)
2019-09-20 08:19:08,777 [main] INFO  ozone.HddsDatanodeService (HddsDatanodeService.java:start(184)) - HddsDatanodeService host:pr-hdds-1569-6tbh6-3362816358 ip:192.168.34.27
2019-09-20 08:19:08,778 [org.apache.hadoop.util.JvmPauseMonitor$Monitor@7107ab26] INFO  util.JvmPauseMonitor (JvmPauseMonitor.java:run(188)) - Starting JVM pause monitor
2019-09-20 08:19:08,780 [Datanode State Machine Thread - 0] INFO  datanode.InitDatanodeState (InitDatanodeState.java:persistContainerDatanodeDetails(140)) - DatanodeDetails is persisted to /workdir/hadoop-ozone/ozonefs/target/test-dir/MiniOzoneClusterImpl-0ef8af2c-8d39-4a42-bdc9-6bbcc43100a2/datanode-0/meta/datanode.id
2019-09-20 08:19:08,789 [main] INFO  volume.HddsVolume (HddsVolume.java:<init>(176)) - Creating Volume: /workdir/hadoop-ozone/ozonefs/target/test-dir/MiniOzoneClusterImpl-0ef8af2c-8d39-4a42-bdc9-6bbcc43100a2/datanode-1/data/containers/hdds of  storage type : DISK and capacity : 1482555576320
2019-09-20 08:19:08,789 [main] INFO  volume.VolumeSet (VolumeSet.java:initializeVolumeSet(170)) - Added Volume : /workdir/hadoop-ozone/ozonefs/target/test-dir/MiniOzoneClusterImpl-0ef8af2c-8d39-4a42-bdc9-6bbcc43100a2/datanode-1/data/containers/hdds to VolumeSet
2019-09-20 08:19:08,789 [main] INFO  volume.ThrottledAsyncChecker (ThrottledAsyncChecker.java:schedule(140)) - Scheduling a check for org.apache.hadoop.ozone.container.common.volume.HddsVolume@276af32d
2019-09-20 08:19:08,790 [main] INFO  volume.HddsVolumeChecker (HddsVolumeChecker.java:checkAllVolumes(203)) - Scheduled health check for volume org.apache.hadoop.ozone.container.common.volume.HddsVolume@276af32d
2019-09-20 08:19:08,810 [main] INFO  impl.RaftServerProxy (ConfUtils.java:logGet(43)) - raft.rpc.type = GRPC (default)
2019-09-20 08:19:08,810 [main] INFO  grpc.GrpcFactory (GrpcFactory.java:checkPooledByteBufAllocatorUseCacheForAllThreads(45)) - PERFORMANCE WARNING: useCacheForAllThreads is true that may cause Netty to create a lot garbage objects and, as a result, trigger GC.
	It is recommended to disable useCacheForAllThreads by setting -Dorg.apache.ratis.thirdparty.io.netty.allocator.useCacheForAllThreads=false in command line.
2019-09-20 08:19:08,810 [main] INFO  grpc.GrpcConfigKeys$Server (ConfUtils.java:logGet(43)) - raft.grpc.server.port = 0 (default)
2019-09-20 08:19:08,811 [main] INFO  server.GrpcService (ConfUtils.java:logGet(43)) - raft.grpc.message.size.max = 33570816 (custom)
2019-09-20 08:19:08,811 [main] INFO  server.RaftServerConfigKeys (ConfUtils.java:logGet(43)) - raft.server.log.appender.buffer.byte-limit = 33554432 (custom)
2019-09-20 08:19:08,811 [main] INFO  server.GrpcService (ConfUtils.java:logGet(43)) - raft.grpc.flow.control.window = 1MB (=1048576) (default)
2019-09-20 08:19:08,811 [main] INFO  server.RaftServerConfigKeys (ConfUtils.java:logGet(43)) - raft.server.rpc.request.timeout = 3000ms (default)
2019-09-20 08:19:08,811 [main] INFO  server.RaftServerConfigKeys (ConfUtils.java:logGet(43)) - raft.server.storage.dir = [/workdir/hadoop-ozone/ozonefs/target/test-dir/MiniOzoneClusterImpl-0ef8af2c-8d39-4a42-bdc9-6bbcc43100a2/datanode-1/data/ratis] (custom)
2019-09-20 08:19:08,812 [main] INFO  replication.SimpleContainerDownloader (SimpleContainerDownloader.java:<init>(72)) - Starting container downloader service to copy containers to replicate.
2019-09-20 08:19:08,813 [main] INFO  hdfs.DFSUtil (DFSUtil.java:httpServerTemplateForNNAndJN(1641)) - Starting Web-server for hddsDatanode at: http://0.0.0.0:0
2019-09-20 08:19:08,814 [main] INFO  server.AuthenticationFilter (AuthenticationFilter.java:constructSecretProvider(240)) - Unable to initialize FileSignerSecretProvider, falling back to use random secrets.
2019-09-20 08:19:08,815 [main] WARN  http.HttpRequestLog (HttpRequestLog.java:getRequestLog(97)) - Jetty request log can only be enabled using Log4j
2019-09-20 08:19:08,816 [main] INFO  http.HttpServer2 (HttpServer2.java:addGlobalFilter(975)) - Added global filter 'safety' (class=org.apache.hadoop.http.HttpServer2$QuotingInputFilter)
2019-09-20 08:19:08,816 [main] INFO  http.HttpServer2 (HttpServer2.java:addFilter(948)) - Added filter static_user_filter (class=org.apache.hadoop.http.lib.StaticUserWebFilter$StaticUserFilter) to context hddsDatanode
2019-09-20 08:19:08,817 [main] INFO  http.HttpServer2 (HttpServer2.java:addFilter(958)) - Added filter static_user_filter (class=org.apache.hadoop.http.lib.StaticUserWebFilter$StaticUserFilter) to context static
2019-09-20 08:19:08,817 [main] INFO  http.HttpServer2 (HttpServer2.java:addFilter(958)) - Added filter static_user_filter (class=org.apache.hadoop.http.lib.StaticUserWebFilter$StaticUserFilter) to context logs
2019-09-20 08:19:08,817 [main] INFO  http.HttpServer2 (HttpServer2.java:bindListener(1191)) - Jetty bound to port 43427
2019-09-20 08:19:08,818 [main] INFO  server.Server (Server.java:doStart(351)) - jetty-9.3.24.v20180605, build timestamp: 2018-06-05T17:11:56Z, git hash: 84205aa28f11a4f31f2a3b86d1bba2cc8ab69827
2019-09-20 08:19:08,819 [main] INFO  handler.ContextHandler (ContextHandler.java:doStart(781)) - Started o.e.j.s.ServletContextHandler@6537dc79{/logs,file:///workdir/hadoop-ozone/ozonefs/target/log,AVAILABLE}
2019-09-20 08:19:08,819 [main] INFO  handler.ContextHandler (ContextHandler.java:doStart(781)) - Started o.e.j.s.ServletContextHandler@7bce016c{/static,jar:file:/home/user/.m2/repository/org/apache/hadoop/hadoop-hdds-container-service/0.5.0-SNAPSHOT/hadoop-hdds-container-service-0.5.0-SNAPSHOT.jar!/webapps/static,AVAILABLE}
2019-09-20 08:19:08,846 [main] INFO  handler.ContextHandler (ContextHandler.java:doStart(781)) - Started o.e.j.w.WebAppContext@76fece79{/,file:///tmp/jetty-0.0.0.0-43427-hddsDatanode-_-any-3356699732183910196.dir/webapp/,AVAILABLE}{/hddsDatanode}
2019-09-20 08:19:08,847 [main] INFO  server.AbstractConnector (AbstractConnector.java:doStart(278)) - Started ServerConnector@491ef90c{HTTP/1.1,[http/1.1]}{0.0.0.0:43427}
2019-09-20 08:19:08,847 [main] INFO  server.Server (Server.java:doStart(419)) - Started @199535ms
2019-09-20 08:19:08,849 [main] INFO  server.BaseHttpServer (BaseHttpServer.java:updateConnectorAddress(213)) - HTTP server of HDDSDATANODE is listening at http://0.0.0.0:43427
2019-09-20 08:19:08,988 | INFO  | ObjectStoreRestHttpServer | Listening HDDS REST traffic on /0.0.0.0:35296 |  
2019-09-20 08:19:08,988 [main] INFO  ozone.HddsDatanodeService (HddsDatanodeService.java:startPlugins(395)) - Started plug-in org.apache.hadoop.ozone.web.OzoneHddsDatanodeService@5d7a274e
2019-09-20 08:19:08,988 [main] INFO  impl.MetricsSystemImpl (MetricsSystemImpl.java:init(158)) - HddsDatanode metrics system started (again)
2019-09-20 08:19:08,991 [main] INFO  ozone.HddsDatanodeService (HddsDatanodeService.java:start(184)) - HddsDatanodeService host:pr-hdds-1569-6tbh6-3362816358 ip:192.168.34.27
2019-09-20 08:19:08,991 [org.apache.hadoop.util.JvmPauseMonitor$Monitor@4af86b39] INFO  util.JvmPauseMonitor (JvmPauseMonitor.java:run(188)) - Starting JVM pause monitor
2019-09-20 08:19:08,993 [Datanode State Machine Thread - 0] INFO  datanode.InitDatanodeState (InitDatanodeState.java:persistContainerDatanodeDetails(140)) - DatanodeDetails is persisted to /workdir/hadoop-ozone/ozonefs/target/test-dir/MiniOzoneClusterImpl-0ef8af2c-8d39-4a42-bdc9-6bbcc43100a2/datanode-1/meta/datanode.id
2019-09-20 08:19:09,006 [main] INFO  volume.HddsVolume (HddsVolume.java:<init>(176)) - Creating Volume: /workdir/hadoop-ozone/ozonefs/target/test-dir/MiniOzoneClusterImpl-0ef8af2c-8d39-4a42-bdc9-6bbcc43100a2/datanode-2/data/containers/hdds of  storage type : DISK and capacity : 1482555576320
2019-09-20 08:19:09,007 [main] INFO  volume.VolumeSet (VolumeSet.java:initializeVolumeSet(170)) - Added Volume : /workdir/hadoop-ozone/ozonefs/target/test-dir/MiniOzoneClusterImpl-0ef8af2c-8d39-4a42-bdc9-6bbcc43100a2/datanode-2/data/containers/hdds to VolumeSet
2019-09-20 08:19:09,007 [main] INFO  volume.ThrottledAsyncChecker (ThrottledAsyncChecker.java:schedule(140)) - Scheduling a check for org.apache.hadoop.ozone.container.common.volume.HddsVolume@612c4c10
2019-09-20 08:19:09,008 [main] INFO  volume.HddsVolumeChecker (HddsVolumeChecker.java:checkAllVolumes(203)) - Scheduled health check for volume org.apache.hadoop.ozone.container.common.volume.HddsVolume@612c4c10
2019-09-20 08:19:09,034 [main] INFO  impl.RaftServerProxy (ConfUtils.java:logGet(43)) - raft.rpc.type = GRPC (default)
2019-09-20 08:19:09,035 [main] INFO  grpc.GrpcFactory (GrpcFactory.java:checkPooledByteBufAllocatorUseCacheForAllThreads(45)) - PERFORMANCE WARNING: useCacheForAllThreads is true that may cause Netty to create a lot garbage objects and, as a result, trigger GC.
	It is recommended to disable useCacheForAllThreads by setting -Dorg.apache.ratis.thirdparty.io.netty.allocator.useCacheForAllThreads=false in command line.
2019-09-20 08:19:09,035 [main] INFO  grpc.GrpcConfigKeys$Server (ConfUtils.java:logGet(43)) - raft.grpc.server.port = 0 (default)
2019-09-20 08:19:09,035 [main] INFO  server.GrpcService (ConfUtils.java:logGet(43)) - raft.grpc.message.size.max = 33570816 (custom)
2019-09-20 08:19:09,035 [main] INFO  server.RaftServerConfigKeys (ConfUtils.java:logGet(43)) - raft.server.log.appender.buffer.byte-limit = 33554432 (custom)
2019-09-20 08:19:09,035 [main] INFO  server.GrpcService (ConfUtils.java:logGet(43)) - raft.grpc.flow.control.window = 1MB (=1048576) (default)
2019-09-20 08:19:09,036 [main] INFO  server.RaftServerConfigKeys (ConfUtils.java:logGet(43)) - raft.server.rpc.request.timeout = 3000ms (default)
2019-09-20 08:19:09,036 [main] INFO  server.RaftServerConfigKeys (ConfUtils.java:logGet(43)) - raft.server.storage.dir = [/workdir/hadoop-ozone/ozonefs/target/test-dir/MiniOzoneClusterImpl-0ef8af2c-8d39-4a42-bdc9-6bbcc43100a2/datanode-2/data/ratis] (custom)
2019-09-20 08:19:09,036 [main] INFO  replication.SimpleContainerDownloader (SimpleContainerDownloader.java:<init>(72)) - Starting container downloader service to copy containers to replicate.
2019-09-20 08:19:09,037 [main] INFO  hdfs.DFSUtil (DFSUtil.java:httpServerTemplateForNNAndJN(1641)) - Starting Web-server for hddsDatanode at: http://0.0.0.0:0
2019-09-20 08:19:09,039 [main] INFO  server.AuthenticationFilter (AuthenticationFilter.java:constructSecretProvider(240)) - Unable to initialize FileSignerSecretProvider, falling back to use random secrets.
2019-09-20 08:19:09,039 [main] WARN  http.HttpRequestLog (HttpRequestLog.java:getRequestLog(97)) - Jetty request log can only be enabled using Log4j
2019-09-20 08:19:09,040 [main] INFO  http.HttpServer2 (HttpServer2.java:addGlobalFilter(975)) - Added global filter 'safety' (class=org.apache.hadoop.http.HttpServer2$QuotingInputFilter)
2019-09-20 08:19:09,041 [main] INFO  http.HttpServer2 (HttpServer2.java:addFilter(948)) - Added filter static_user_filter (class=org.apache.hadoop.http.lib.StaticUserWebFilter$StaticUserFilter) to context hddsDatanode
2019-09-20 08:19:09,041 [main] INFO  http.HttpServer2 (HttpServer2.java:addFilter(958)) - Added filter static_user_filter (class=org.apache.hadoop.http.lib.StaticUserWebFilter$StaticUserFilter) to context static
2019-09-20 08:19:09,041 [main] INFO  http.HttpServer2 (HttpServer2.java:addFilter(958)) - Added filter static_user_filter (class=org.apache.hadoop.http.lib.StaticUserWebFilter$StaticUserFilter) to context logs
2019-09-20 08:19:09,042 [main] INFO  http.HttpServer2 (HttpServer2.java:bindListener(1191)) - Jetty bound to port 40158
2019-09-20 08:19:09,042 [main] INFO  server.Server (Server.java:doStart(351)) - jetty-9.3.24.v20180605, build timestamp: 2018-06-05T17:11:56Z, git hash: 84205aa28f11a4f31f2a3b86d1bba2cc8ab69827
2019-09-20 08:19:09,044 [main] INFO  handler.ContextHandler (ContextHandler.java:doStart(781)) - Started o.e.j.s.ServletContextHandler@6e11d059{/logs,file:///workdir/hadoop-ozone/ozonefs/target/log,AVAILABLE}
2019-09-20 08:19:09,044 [main] INFO  handler.ContextHandler (ContextHandler.java:doStart(781)) - Started o.e.j.s.ServletContextHandler@19bd1f98{/static,jar:file:/home/user/.m2/repository/org/apache/hadoop/hadoop-hdds-container-service/0.5.0-SNAPSHOT/hadoop-hdds-container-service-0.5.0-SNAPSHOT.jar!/webapps/static,AVAILABLE}
2019-09-20 08:19:09,070 [main] INFO  handler.ContextHandler (ContextHandler.java:doStart(781)) - Started o.e.j.w.WebAppContext@4295b0b8{/,file:///tmp/jetty-0.0.0.0-40158-hddsDatanode-_-any-1104549312081122119.dir/webapp/,AVAILABLE}{/hddsDatanode}
2019-09-20 08:19:09,071 [main] INFO  server.AbstractConnector (AbstractConnector.java:doStart(278)) - Started ServerConnector@ab8b1ef{HTTP/1.1,[http/1.1]}{0.0.0.0:40158}
2019-09-20 08:19:09,071 [main] INFO  server.Server (Server.java:doStart(419)) - Started @199759ms
2019-09-20 08:19:09,073 [main] INFO  server.BaseHttpServer (BaseHttpServer.java:updateConnectorAddress(213)) - HTTP server of HDDSDATANODE is listening at http://0.0.0.0:40158
2019-09-20 08:19:09,210 | INFO  | ObjectStoreRestHttpServer | Listening HDDS REST traffic on /0.0.0.0:44035 |  
2019-09-20 08:19:09,210 [main] INFO  ozone.HddsDatanodeService (HddsDatanodeService.java:startPlugins(395)) - Started plug-in org.apache.hadoop.ozone.web.OzoneHddsDatanodeService@1ad176e1
2019-09-20 08:19:09,211 [main] INFO  ozone.MiniOzoneClusterImpl (MiniOzoneClusterImpl.java:lambda$waitForClusterToBeReady$0(142)) - Waiting for cluster to be ready. Got 0 of 3 DN Heartbeats.
2019-09-20 08:19:09,212 [org.apache.hadoop.util.JvmPauseMonitor$Monitor@475403e7] INFO  util.JvmPauseMonitor (JvmPauseMonitor.java:run(188)) - Starting JVM pause monitor
2019-09-20 08:19:09,214 [Datanode State Machine Thread - 0] INFO  datanode.InitDatanodeState (InitDatanodeState.java:persistContainerDatanodeDetails(140)) - DatanodeDetails is persisted to /workdir/hadoop-ozone/ozonefs/target/test-dir/MiniOzoneClusterImpl-0ef8af2c-8d39-4a42-bdc9-6bbcc43100a2/datanode-2/meta/datanode.id
2019-09-20 08:19:10,211 [main] INFO  ozone.MiniOzoneClusterImpl (MiniOzoneClusterImpl.java:lambda$waitForClusterToBeReady$0(142)) - Waiting for cluster to be ready. Got 0 of 3 DN Heartbeats.
2019-09-20 08:19:10,784 | INFO  | SCMAudit | user=jenkins1000 | ip=192.168.34.27 | op=GET_VERSION null | ret=SUCCESS |  
2019-09-20 08:19:10,799 [Datanode State Machine Thread - 0] INFO  ozoneimpl.OzoneContainer (OzoneContainer.java:start(186)) - Attempting to start container services.
2019-09-20 08:19:10,799 [Datanode State Machine Thread - 0] INFO  ozoneimpl.OzoneContainer (OzoneContainer.java:startContainerScrub(160)) - Background container scrubber has been disabled by hdds.containerscrub.enabled
2019-09-20 08:19:10,800 [Datanode State Machine Thread - 0] INFO  ratis.XceiverServerRatis (XceiverServerRatis.java:start(404)) - Starting XceiverServerRatis bdd8936c-196f-46e2-8966-287f2327a40c at port 0
2019-09-20 08:19:10,807 [Datanode State Machine Thread - 0] INFO  impl.RaftServerProxy (RaftServerProxy.java:lambda$start$3(299)) - bdd8936c-196f-46e2-8966-287f2327a40c: start RPC server
2019-09-20 08:19:10,811 [Datanode State Machine Thread - 0] INFO  server.GrpcService (GrpcService.java:startImpl(149)) - bdd8936c-196f-46e2-8966-287f2327a40c: GrpcService started, listening on 0.0.0.0/0.0.0.0:41285
2019-09-20 08:19:10,811 [Datanode State Machine Thread - 0] INFO  ratis.XceiverServerRatis (XceiverServerRatis.java:start(414)) - XceiverServerRatis bdd8936c-196f-46e2-8966-287f2327a40c is started using port 41285
2019-09-20 08:19:10,812 [Datanode State Machine Thread - 0] INFO  server.XceiverServerGrpc (XceiverServerGrpc.java:start(163)) - XceiverServerGrpc bdd8936c-196f-46e2-8966-287f2327a40c is started using port 34897
2019-09-20 08:19:10,992 | INFO  | SCMAudit | user=jenkins1000 | ip=192.168.34.27 | op=GET_VERSION null | ret=SUCCESS |  
2019-09-20 08:19:11,018 [Datanode State Machine Thread - 0] INFO  ozoneimpl.OzoneContainer (OzoneContainer.java:start(186)) - Attempting to start container services.
2019-09-20 08:19:11,018 [Datanode State Machine Thread - 0] INFO  ozoneimpl.OzoneContainer (OzoneContainer.java:startContainerScrub(160)) - Background container scrubber has been disabled by hdds.containerscrub.enabled
2019-09-20 08:19:11,018 [Datanode State Machine Thread - 0] INFO  ratis.XceiverServerRatis (XceiverServerRatis.java:start(404)) - Starting XceiverServerRatis 1e3d2a43-82dd-4ca1-824a-2408b88144bc at port 0
2019-09-20 08:19:11,026 [Datanode State Machine Thread - 0] INFO  impl.RaftServerProxy (RaftServerProxy.java:lambda$start$3(299)) - 1e3d2a43-82dd-4ca1-824a-2408b88144bc: start RPC server
2019-09-20 08:19:11,029 [Datanode State Machine Thread - 0] INFO  server.GrpcService (GrpcService.java:startImpl(149)) - 1e3d2a43-82dd-4ca1-824a-2408b88144bc: GrpcService started, listening on 0.0.0.0/0.0.0.0:33034
2019-09-20 08:19:11,029 [Datanode State Machine Thread - 0] INFO  ratis.XceiverServerRatis (XceiverServerRatis.java:start(414)) - XceiverServerRatis 1e3d2a43-82dd-4ca1-824a-2408b88144bc is started using port 33034
2019-09-20 08:19:11,031 [Datanode State Machine Thread - 0] INFO  server.XceiverServerGrpc (XceiverServerGrpc.java:start(163)) - XceiverServerGrpc 1e3d2a43-82dd-4ca1-824a-2408b88144bc is started using port 39568
2019-09-20 08:19:11,212 [main] INFO  ozone.MiniOzoneClusterImpl (MiniOzoneClusterImpl.java:lambda$waitForClusterToBeReady$0(142)) - Waiting for cluster to be ready. Got 0 of 3 DN Heartbeats.
2019-09-20 08:19:11,214 | INFO  | SCMAudit | user=jenkins1000 | ip=192.168.34.27 | op=GET_VERSION null | ret=SUCCESS |  
2019-09-20 08:19:11,231 [Datanode State Machine Thread - 0] INFO  ozoneimpl.OzoneContainer (OzoneContainer.java:start(186)) - Attempting to start container services.
2019-09-20 08:19:11,231 [Datanode State Machine Thread - 0] INFO  ozoneimpl.OzoneContainer (OzoneContainer.java:startContainerScrub(160)) - Background container scrubber has been disabled by hdds.containerscrub.enabled
2019-09-20 08:19:11,231 [Datanode State Machine Thread - 0] INFO  ratis.XceiverServerRatis (XceiverServerRatis.java:start(404)) - Starting XceiverServerRatis 00188cad-157e-4dc5-9e27-ca4a6687ede8 at port 0
2019-09-20 08:19:11,237 [Datanode State Machine Thread - 0] INFO  impl.RaftServerProxy (RaftServerProxy.java:lambda$start$3(299)) - 00188cad-157e-4dc5-9e27-ca4a6687ede8: start RPC server
2019-09-20 08:19:11,238 [Datanode State Machine Thread - 0] INFO  server.GrpcService (GrpcService.java:startImpl(149)) - 00188cad-157e-4dc5-9e27-ca4a6687ede8: GrpcService started, listening on 0.0.0.0/0.0.0.0:35096
2019-09-20 08:19:11,238 [Datanode State Machine Thread - 0] INFO  ratis.XceiverServerRatis (XceiverServerRatis.java:start(414)) - XceiverServerRatis 00188cad-157e-4dc5-9e27-ca4a6687ede8 is started using port 35096
2019-09-20 08:19:11,239 [Datanode State Machine Thread - 0] INFO  server.XceiverServerGrpc (XceiverServerGrpc.java:start(163)) - XceiverServerGrpc 00188cad-157e-4dc5-9e27-ca4a6687ede8 is started using port 32972
2019-09-20 08:19:12,212 [main] INFO  ozone.MiniOzoneClusterImpl (MiniOzoneClusterImpl.java:lambda$waitForClusterToBeReady$0(142)) - Waiting for cluster to be ready. Got 0 of 3 DN Heartbeats.
2019-09-20 08:19:12,781 [IPC Server handler 3 on 38730] INFO  net.NetworkTopology (NetworkTopologyImpl.java:add(110)) - Added a new node: /default-rack/bdd8936c-196f-46e2-8966-287f2327a40c
2019-09-20 08:19:12,783 [IPC Server handler 3 on 38730] INFO  node.SCMNodeManager (SCMNodeManager.java:register(273)) - Registered Data node : bdd8936c-196f-46e2-8966-287f2327a40c{ip: 192.168.34.27, host: pr-hdds-1569-6tbh6-3362816358, networkLocation: /default-rack, certSerialId: null}
2019-09-20 08:19:12,784 [EventQueue-NodeRegistrationContainerReportForDataNodeSafeModeRule] INFO  safemode.SCMSafeModeManager (DataNodeSafeModeRule.java:process(71)) - SCM in safe mode. 1 DataNodes registered, 1 required.
2019-09-20 08:19:12,784 | INFO  | SCMAudit | user=jenkins1000 | ip=192.168.34.27 | op=REGISTER {datanodeDetails=bdd8936c-196f-46e2-8966-287f2327a40c{ip: 192.168.34.27, host: pr-hdds-1569-6tbh6-3362816358, networkLocation: /default-rack, certSerialId: null}} | ret=SUCCESS |  
2019-09-20 08:19:12,785 [EventQueue-NodeRegistrationContainerReportForDataNodeSafeModeRule] INFO  safemode.SCMSafeModeManager (SCMSafeModeManager.java:validateSafeModeExitRules(177)) - ScmSafeModeManager, all rules are successfully validated
2019-09-20 08:19:12,785 [EventQueue-NodeRegistrationContainerReportForDataNodeSafeModeRule] INFO  safemode.SCMSafeModeManager (SCMSafeModeManager.java:exitSafeMode(193)) - SCM exiting safe mode.
2019-09-20 08:19:12,793 [grpc-default-executor-0] INFO  impl.RaftServerProxy (RaftServerProxy.java:addNew(89)) - bdd8936c-196f-46e2-8966-287f2327a40c: addNew group-D66DC98B03E0:[bdd8936c-196f-46e2-8966-287f2327a40c:192.168.34.27:41285] returns group-D66DC98B03E0:java.util.concurrent.CompletableFuture@5e8d79c3[Not completed]
2019-09-20 08:19:12,794 [pool-610-thread-1] INFO  impl.RaftServerImpl (RaftServerImpl.java:<init>(93)) - bdd8936c-196f-46e2-8966-287f2327a40c: new RaftServerImpl for group-D66DC98B03E0:[bdd8936c-196f-46e2-8966-287f2327a40c:192.168.34.27:41285] with ContainerStateMachine:uninitialized
2019-09-20 08:19:12,794 [pool-610-thread-1] INFO  server.RaftServerConfigKeys (ConfUtils.java:logGet(43)) - raft.server.rpc.timeout.min = 5s (custom)
2019-09-20 08:19:12,794 [pool-610-thread-1] INFO  server.RaftServerConfigKeys (ConfUtils.java:logGet(43)) - raft.server.rpc.timeout.max = 5200ms (custom)
2019-09-20 08:19:12,794 [pool-610-thread-1] INFO  server.RaftServerConfigKeys (ConfUtils.java:logGet(43)) - raft.server.rpcslowness.timeout = 120s (custom)
2019-09-20 08:19:12,795 [pool-610-thread-1] INFO  server.RaftServerConfigKeys (ConfUtils.java:logGet(43)) - raft.server.sleep.deviation.threshold = 300 (default)
2019-09-20 08:19:12,795 [pool-610-thread-1] INFO  server.RaftServerConfigKeys (ConfUtils.java:logGet(43)) - raft.server.log.appender.install.snapshot.enabled = false (custom)
2019-09-20 08:19:12,795 [pool-610-thread-1] INFO  impl.RaftServerImpl (ServerState.java:<init>(105)) - bdd8936c-196f-46e2-8966-287f2327a40c:group-D66DC98B03E0 ConfigurationManager, init=-1: [bdd8936c-196f-46e2-8966-287f2327a40c:192.168.34.27:41285], old=null, confs=<EMPTY_MAP>
2019-09-20 08:19:12,795 [pool-610-thread-1] INFO  server.RaftServerConfigKeys (ConfUtils.java:logGet(43)) - raft.server.storage.dir = [/workdir/hadoop-ozone/ozonefs/target/test-dir/MiniOzoneClusterImpl-0ef8af2c-8d39-4a42-bdc9-6bbcc43100a2/datanode-0/data/ratis] (custom)
2019-09-20 08:19:12,796 [pool-610-thread-1] INFO  storage.RaftStorageDirectory (RaftStorageDirectory.java:analyzeStorage(246)) - The storage directory /workdir/hadoop-ozone/ozonefs/target/test-dir/MiniOzoneClusterImpl-0ef8af2c-8d39-4a42-bdc9-6bbcc43100a2/datanode-0/data/ratis/40e253ad-e092-4dae-956f-d66dc98b03e0 does not exist. Creating ...
2019-09-20 08:19:12,821 [pool-610-thread-1] INFO  storage.RaftStorageDirectory (RaftStorageDirectory.java:tryLock(328)) - Lock on /workdir/hadoop-ozone/ozonefs/target/test-dir/MiniOzoneClusterImpl-0ef8af2c-8d39-4a42-bdc9-6bbcc43100a2/datanode-0/data/ratis/40e253ad-e092-4dae-956f-d66dc98b03e0/in_use.lock acquired by nodename 11539@pr-hdds-1569-6tbh6-3362816358
2019-09-20 08:19:12,834 [pool-610-thread-1] INFO  storage.RaftStorage (RaftStorage.java:format(72)) - Storage directory /workdir/hadoop-ozone/ozonefs/target/test-dir/MiniOzoneClusterImpl-0ef8af2c-8d39-4a42-bdc9-6bbcc43100a2/datanode-0/data/ratis/40e253ad-e092-4dae-956f-d66dc98b03e0 has been successfully formatted.
2019-09-20 08:19:12,834 [pool-610-thread-1] INFO  ratis.ContainerStateMachine (ContainerStateMachine.java:loadSnapshot(226)) - group-D66DC98B03E0: The snapshot info is null. Setting the last applied indexto:(t:0, i:~)
2019-09-20 08:19:12,835 [pool-610-thread-1] INFO  server.RaftServerConfigKeys (ConfUtils.java:logGet(43)) - raft.server.leader.election.timeout = 120s (custom)
2019-09-20 08:19:12,835 [pool-610-thread-1] INFO  server.RaftServerConfigKeys (ConfUtils.java:logGet(43)) - raft.server.log.use.memory = false (default)
2019-09-20 08:19:12,835 [pool-610-thread-1] INFO  server.RaftServerConfigKeys (ConfUtils.java:logGet(43)) - raft.server.log.purge.gap = 1000000 (custom)
2019-09-20 08:19:12,835 [pool-610-thread-1] INFO  server.RaftServerConfigKeys (ConfUtils.java:logGet(43)) - raft.server.log.appender.buffer.byte-limit = 33554432 (custom)
2019-09-20 08:19:12,835 [pool-610-thread-1] INFO  server.RaftServerConfigKeys (ConfUtils.java:logGet(43)) - raft.server.log.segment.size.max = 1048576 (custom)
2019-09-20 08:19:12,835 [pool-610-thread-1] INFO  server.RaftServerConfigKeys (ConfUtils.java:logGet(43)) - raft.server.log.segment.cache.num.max = 2 (custom)
2019-09-20 08:19:12,836 [pool-610-thread-1] INFO  segmented.SegmentedRaftLogWorker (SegmentedRaftLogWorker.java:<init>(172)) - new bdd8936c-196f-46e2-8966-287f2327a40c-SegmentedRaftLogWorker:Storage Directory /workdir/hadoop-ozone/ozonefs/target/test-dir/MiniOzoneClusterImpl-0ef8af2c-8d39-4a42-bdc9-6bbcc43100a2/datanode-0/data/ratis/40e253ad-e092-4dae-956f-d66dc98b03e0 for RaftStorage:Storage Directory /workdir/hadoop-ozone/ozonefs/target/test-dir/MiniOzoneClusterImpl-0ef8af2c-8d39-4a42-bdc9-6bbcc43100a2/datanode-0/data/ratis/40e253ad-e092-4dae-956f-d66dc98b03e0
2019-09-20 08:19:12,836 [pool-610-thread-1] INFO  server.RaftServerConfigKeys (ConfUtils.java:logGet(43)) - raft.server.log.queue.byte-limit = 2147483647 (custom)
2019-09-20 08:19:12,836 [pool-610-thread-1] INFO  server.RaftServerConfigKeys (ConfUtils.java:logGet(43)) - raft.server.log.queue.element-limit = 1024 (custom)
2019-09-20 08:19:12,836 [pool-610-thread-1] INFO  server.RaftServerConfigKeys (ConfUtils.java:logGet(43)) - raft.server.log.segment.size.max = 1048576 (custom)
2019-09-20 08:19:12,836 [pool-610-thread-1] INFO  server.RaftServerConfigKeys (ConfUtils.java:logGet(43)) - raft.server.log.preallocated.size = 16384 (custom)
2019-09-20 08:19:12,837 [pool-610-thread-1] INFO  server.RaftServerConfigKeys (ConfUtils.java:logGet(43)) - raft.server.log.write.buffer.size = 33554432 (custom)
2019-09-20 08:19:12,837 [pool-610-thread-1] INFO  server.RaftServerConfigKeys (ConfUtils.java:logGet(43)) - raft.server.log.force.sync.num = 128 (default)
2019-09-20 08:19:12,837 [pool-610-thread-1] INFO  server.RaftServerConfigKeys (ConfUtils.java:logGet(43)) - raft.server.log.statemachine.data.sync = true (default)
2019-09-20 08:19:12,837 [pool-610-thread-1] INFO  server.RaftServerConfigKeys (ConfUtils.java:logGet(43)) - raft.server.log.statemachine.data.sync.timeout = 10s (default)
2019-09-20 08:19:12,837 [pool-610-thread-1] INFO  server.RaftServerConfigKeys (ConfUtils.java:logGet(43)) - raft.server.log.statemachine.data.sync.timeout.retry = -1 (default)
2019-09-20 08:19:12,838 [pool-610-thread-1] INFO  server.RaftServerConfigKeys (ConfUtils.java:logGet(43)) - raft.server.log.statemachine.data.caching.enabled = true (custom)
2019-09-20 08:19:12,838 [pool-610-thread-1] INFO  segmented.SegmentedRaftLogWorker (SegmentedRaftLogWorker.java:lambda$new$0(132)) - bdd8936c-196f-46e2-8966-287f2327a40c-SegmentedRaftLogWorker:Storage Directory /workdir/hadoop-ozone/ozonefs/target/test-dir/MiniOzoneClusterImpl-0ef8af2c-8d39-4a42-bdc9-6bbcc43100a2/datanode-0/data/ratis/40e253ad-e092-4dae-956f-d66dc98b03e0: flushIndex: setUnconditionally 0 -> -1
2019-09-20 08:19:12,838 [pool-610-thread-1] INFO  server.RaftServerConfigKeys (ConfUtils.java:logGet(43)) - raft.server.snapshot.auto.trigger.enabled = true (custom)
2019-09-20 08:19:12,838 [pool-610-thread-1] INFO  server.RaftServerConfigKeys (ConfUtils.java:logGet(43)) - raft.server.snapshot.auto.trigger.threshold = 10000 (custom)
2019-09-20 08:19:12,839 [pool-610-thread-1] INFO  server.RaftServerConfigKeys (ConfUtils.java:logGet(43)) - raft.server.retrycache.expirytime = 600000ms (custom)
2019-09-20 08:19:12,839 [pool-610-thread-1] INFO  impl.RaftServerImpl (RaftServerImpl.java:start(180)) - bdd8936c-196f-46e2-8966-287f2327a40c: start group-D66DC98B03E0
2019-09-20 08:19:12,839 [pool-610-thread-1] INFO  impl.RaftServerImpl (RaftServerImpl.java:setRole(171)) - bdd8936c-196f-46e2-8966-287f2327a40c:group-D66DC98B03E0 changes role from null to FOLLOWER at term 0 for startAsFollower
2019-09-20 08:19:12,839 [pool-610-thread-1] INFO  impl.RoleInfo (RoleInfo.java:updateAndGet(143)) - bdd8936c-196f-46e2-8966-287f2327a40c: start FollowerState
2019-09-20 08:19:12,840 [pool-610-thread-1] INFO  util.JmxRegister (JmxRegister.java:tryRegister(44)) - Successfully registered JMX Bean with object name Ratis:service=RaftServer,group=group-D66DC98B03E0,id=bdd8936c-196f-46e2-8966-287f2327a40c
2019-09-20 08:19:12,843 [RatisPipelineUtilsThread] INFO  pipeline.PipelineStateManager (PipelineStateManager.java:addPipeline(56)) - Created pipeline Pipeline[ Id: 40e253ad-e092-4dae-956f-d66dc98b03e0, Nodes: bdd8936c-196f-46e2-8966-287f2327a40c{ip: 192.168.34.27, host: pr-hdds-1569-6tbh6-3362816358, networkLocation: /default-rack, certSerialId: null}, Type:RATIS, Factor:ONE, State:OPEN]
2019-09-20 08:19:12,848 [grpc-default-executor-0] INFO  impl.RaftServerProxy (RaftServerProxy.java:addNew(89)) - bdd8936c-196f-46e2-8966-287f2327a40c: addNew group-5DFE2E84338F:[bdd8936c-196f-46e2-8966-287f2327a40c:192.168.34.27:41285] returns group-5DFE2E84338F:java.util.concurrent.CompletableFuture@6f99c535[Not completed]
2019-09-20 08:19:12,849 [pool-610-thread-1] INFO  impl.RaftServerImpl (RaftServerImpl.java:<init>(93)) - bdd8936c-196f-46e2-8966-287f2327a40c: new RaftServerImpl for group-5DFE2E84338F:[bdd8936c-196f-46e2-8966-287f2327a40c:192.168.34.27:41285] with ContainerStateMachine:uninitialized
2019-09-20 08:19:12,849 [pool-610-thread-1] INFO  server.RaftServerConfigKeys (ConfUtils.java:logGet(43)) - raft.server.rpc.timeout.min = 5s (custom)
2019-09-20 08:19:12,849 [pool-610-thread-1] INFO  server.RaftServerConfigKeys (ConfUtils.java:logGet(43)) - raft.server.rpc.timeout.max = 5200ms (custom)
2019-09-20 08:19:12,849 [pool-610-thread-1] INFO  server.RaftServerConfigKeys (ConfUtils.java:logGet(43)) - raft.server.rpcslowness.timeout = 120s (custom)
2019-09-20 08:19:12,849 [pool-610-thread-1] INFO  server.RaftServerConfigKeys (ConfUtils.java:logGet(43)) - raft.server.sleep.deviation.threshold = 300 (default)
2019-09-20 08:19:12,849 [pool-610-thread-1] INFO  server.RaftServerConfigKeys (ConfUtils.java:logGet(43)) - raft.server.log.appender.install.snapshot.enabled = false (custom)
2019-09-20 08:19:12,850 [pool-610-thread-1] INFO  impl.RaftServerImpl (ServerState.java:<init>(105)) - bdd8936c-196f-46e2-8966-287f2327a40c:group-5DFE2E84338F ConfigurationManager, init=-1: [bdd8936c-196f-46e2-8966-287f2327a40c:192.168.34.27:41285], old=null, confs=<EMPTY_MAP>
2019-09-20 08:19:12,850 [pool-610-thread-1] INFO  server.RaftServerConfigKeys (ConfUtils.java:logGet(43)) - raft.server.storage.dir = [/workdir/hadoop-ozone/ozonefs/target/test-dir/MiniOzoneClusterImpl-0ef8af2c-8d39-4a42-bdc9-6bbcc43100a2/datanode-0/data/ratis] (custom)
2019-09-20 08:19:12,850 [pool-610-thread-1] INFO  storage.RaftStorageDirectory (RaftStorageDirectory.java:analyzeStorage(246)) - The storage directory /workdir/hadoop-ozone/ozonefs/target/test-dir/MiniOzoneClusterImpl-0ef8af2c-8d39-4a42-bdc9-6bbcc43100a2/datanode-0/data/ratis/e6375704-879d-4edd-b77f-5dfe2e84338f does not exist. Creating ...
2019-09-20 08:19:12,864 [pool-610-thread-1] INFO  storage.RaftStorageDirectory (RaftStorageDirectory.java:tryLock(328)) - Lock on /workdir/hadoop-ozone/ozonefs/target/test-dir/MiniOzoneClusterImpl-0ef8af2c-8d39-4a42-bdc9-6bbcc43100a2/datanode-0/data/ratis/e6375704-879d-4edd-b77f-5dfe2e84338f/in_use.lock acquired by nodename 11539@pr-hdds-1569-6tbh6-3362816358
2019-09-20 08:19:12,877 [pool-610-thread-1] INFO  storage.RaftStorage (RaftStorage.java:format(72)) - Storage directory /workdir/hadoop-ozone/ozonefs/target/test-dir/MiniOzoneClusterImpl-0ef8af2c-8d39-4a42-bdc9-6bbcc43100a2/datanode-0/data/ratis/e6375704-879d-4edd-b77f-5dfe2e84338f has been successfully formatted.
2019-09-20 08:19:12,877 [pool-610-thread-1] INFO  ratis.ContainerStateMachine (ContainerStateMachine.java:loadSnapshot(226)) - group-5DFE2E84338F: The snapshot info is null. Setting the last applied indexto:(t:0, i:~)
2019-09-20 08:19:12,877 [pool-610-thread-1] INFO  server.RaftServerConfigKeys (ConfUtils.java:logGet(43)) - raft.server.leader.election.timeout = 120s (custom)
2019-09-20 08:19:12,877 [pool-610-thread-1] INFO  server.RaftServerConfigKeys (ConfUtils.java:logGet(43)) - raft.server.log.use.memory = false (default)
2019-09-20 08:19:12,878 [pool-610-thread-1] INFO  server.RaftServerConfigKeys (ConfUtils.java:logGet(43)) - raft.server.log.purge.gap = 1000000 (custom)
2019-09-20 08:19:12,878 [pool-610-thread-1] INFO  server.RaftServerConfigKeys (ConfUtils.java:logGet(43)) - raft.server.log.appender.buffer.byte-limit = 33554432 (custom)
2019-09-20 08:19:12,878 [pool-610-thread-1] INFO  server.RaftServerConfigKeys (ConfUtils.java:logGet(43)) - raft.server.log.segment.size.max = 1048576 (custom)
2019-09-20 08:19:12,878 [pool-610-thread-1] INFO  server.RaftServerConfigKeys (ConfUtils.java:logGet(43)) - raft.server.log.segment.cache.num.max = 2 (custom)
2019-09-20 08:19:12,878 [pool-610-thread-1] INFO  segmented.SegmentedRaftLogWorker (SegmentedRaftLogWorker.java:<init>(172)) - new bdd8936c-196f-46e2-8966-287f2327a40c-SegmentedRaftLogWorker:Storage Directory /workdir/hadoop-ozone/ozonefs/target/test-dir/MiniOzoneClusterImpl-0ef8af2c-8d39-4a42-bdc9-6bbcc43100a2/datanode-0/data/ratis/e6375704-879d-4edd-b77f-5dfe2e84338f for RaftStorage:Storage Directory /workdir/hadoop-ozone/ozonefs/target/test-dir/MiniOzoneClusterImpl-0ef8af2c-8d39-4a42-bdc9-6bbcc43100a2/datanode-0/data/ratis/e6375704-879d-4edd-b77f-5dfe2e84338f
2019-09-20 08:19:12,878 [pool-610-thread-1] INFO  server.RaftServerConfigKeys (ConfUtils.java:logGet(43)) - raft.server.log.queue.byte-limit = 2147483647 (custom)
2019-09-20 08:19:12,878 [pool-610-thread-1] INFO  server.RaftServerConfigKeys (ConfUtils.java:logGet(43)) - raft.server.log.queue.element-limit = 1024 (custom)
2019-09-20 08:19:12,879 [pool-610-thread-1] INFO  server.RaftServerConfigKeys (ConfUtils.java:logGet(43)) - raft.server.log.segment.size.max = 1048576 (custom)
2019-09-20 08:19:12,879 [pool-610-thread-1] INFO  server.RaftServerConfigKeys (ConfUtils.java:logGet(43)) - raft.server.log.preallocated.size = 16384 (custom)
2019-09-20 08:19:12,879 [pool-610-thread-1] INFO  server.RaftServerConfigKeys (ConfUtils.java:logGet(43)) - raft.server.log.write.buffer.size = 33554432 (custom)
2019-09-20 08:19:12,879 [pool-610-thread-1] INFO  server.RaftServerConfigKeys (ConfUtils.java:logGet(43)) - raft.server.log.force.sync.num = 128 (default)
2019-09-20 08:19:12,879 [pool-610-thread-1] INFO  server.RaftServerConfigKeys (ConfUtils.java:logGet(43)) - raft.server.log.statemachine.data.sync = true (default)
2019-09-20 08:19:12,879 [pool-610-thread-1] INFO  server.RaftServerConfigKeys (ConfUtils.java:logGet(43)) - raft.server.log.statemachine.data.sync.timeout = 10s (default)
2019-09-20 08:19:12,879 [pool-610-thread-1] INFO  server.RaftServerConfigKeys (ConfUtils.java:logGet(43)) - raft.server.log.statemachine.data.sync.timeout.retry = -1 (default)
2019-09-20 08:19:12,879 [pool-610-thread-1] INFO  server.RaftServerConfigKeys (ConfUtils.java:logGet(43)) - raft.server.log.statemachine.data.caching.enabled = true (custom)
2019-09-20 08:19:12,880 [pool-610-thread-1] INFO  segmented.SegmentedRaftLogWorker (SegmentedRaftLogWorker.java:lambda$new$0(132)) - bdd8936c-196f-46e2-8966-287f2327a40c-SegmentedRaftLogWorker:Storage Directory /workdir/hadoop-ozone/ozonefs/target/test-dir/MiniOzoneClusterImpl-0ef8af2c-8d39-4a42-bdc9-6bbcc43100a2/datanode-0/data/ratis/e6375704-879d-4edd-b77f-5dfe2e84338f: flushIndex: setUnconditionally 0 -> -1
2019-09-20 08:19:12,880 [pool-610-thread-1] INFO  server.RaftServerConfigKeys (ConfUtils.java:logGet(43)) - raft.server.snapshot.auto.trigger.enabled = true (custom)
2019-09-20 08:19:12,880 [pool-610-thread-1] INFO  server.RaftServerConfigKeys (ConfUtils.java:logGet(43)) - raft.server.snapshot.auto.trigger.threshold = 10000 (custom)
2019-09-20 08:19:12,880 [pool-610-thread-1] INFO  server.RaftServerConfigKeys (ConfUtils.java:logGet(43)) - raft.server.retrycache.expirytime = 600000ms (custom)
2019-09-20 08:19:12,881 [pool-610-thread-1] INFO  impl.RaftServerImpl (RaftServerImpl.java:start(180)) - bdd8936c-196f-46e2-8966-287f2327a40c: start group-5DFE2E84338F
2019-09-20 08:19:12,881 [pool-610-thread-1] INFO  impl.RaftServerImpl (RaftServerImpl.java:setRole(171)) - bdd8936c-196f-46e2-8966-287f2327a40c:group-5DFE2E84338F changes role from null to FOLLOWER at term 0 for startAsFollower
2019-09-20 08:19:12,881 [pool-610-thread-1] INFO  impl.RoleInfo (RoleInfo.java:updateAndGet(143)) - bdd8936c-196f-46e2-8966-287f2327a40c: start FollowerState
2019-09-20 08:19:12,881 [pool-610-thread-1] INFO  util.JmxRegister (JmxRegister.java:tryRegister(44)) - Successfully registered JMX Bean with object name Ratis:service=RaftServer,group=group-5DFE2E84338F,id=bdd8936c-196f-46e2-8966-287f2327a40c
2019-09-20 08:19:12,884 [RatisPipelineUtilsThread] INFO  pipeline.PipelineStateManager (PipelineStateManager.java:addPipeline(56)) - Created pipeline Pipeline[ Id: e6375704-879d-4edd-b77f-5dfe2e84338f, Nodes: bdd8936c-196f-46e2-8966-287f2327a40c{ip: 192.168.34.27, host: pr-hdds-1569-6tbh6-3362816358, networkLocation: /default-rack, certSerialId: null}, Type:RATIS, Factor:ONE, State:OPEN]
2019-09-20 08:19:12,888 [grpc-default-executor-0] INFO  impl.RaftServerProxy (RaftServerProxy.java:addNew(89)) - bdd8936c-196f-46e2-8966-287f2327a40c: addNew group-761FC0ACF0DB:[bdd8936c-196f-46e2-8966-287f2327a40c:192.168.34.27:41285] returns group-761FC0ACF0DB:java.util.concurrent.CompletableFuture@3ea2868c[Not completed]
2019-09-20 08:19:12,889 [pool-610-thread-1] INFO  impl.RaftServerImpl (RaftServerImpl.java:<init>(93)) - bdd8936c-196f-46e2-8966-287f2327a40c: new RaftServerImpl for group-761FC0ACF0DB:[bdd8936c-196f-46e2-8966-287f2327a40c:192.168.34.27:41285] with ContainerStateMachine:uninitialized
2019-09-20 08:19:12,889 [pool-610-thread-1] INFO  server.RaftServerConfigKeys (ConfUtils.java:logGet(43)) - raft.server.rpc.timeout.min = 5s (custom)
2019-09-20 08:19:12,890 [pool-610-thread-1] INFO  server.RaftServerConfigKeys (ConfUtils.java:logGet(43)) - raft.server.rpc.timeout.max = 5200ms (custom)
2019-09-20 08:19:12,890 [pool-610-thread-1] INFO  server.RaftServerConfigKeys (ConfUtils.java:logGet(43)) - raft.server.rpcslowness.timeout = 120s (custom)
2019-09-20 08:19:12,890 [pool-610-thread-1] INFO  server.RaftServerConfigKeys (ConfUtils.java:logGet(43)) - raft.server.sleep.deviation.threshold = 300 (default)
2019-09-20 08:19:12,890 [pool-610-thread-1] INFO  server.RaftServerConfigKeys (ConfUtils.java:logGet(43)) - raft.server.log.appender.install.snapshot.enabled = false (custom)
2019-09-20 08:19:12,890 [pool-610-thread-1] INFO  impl.RaftServerImpl (ServerState.java:<init>(105)) - bdd8936c-196f-46e2-8966-287f2327a40c:group-761FC0ACF0DB ConfigurationManager, init=-1: [bdd8936c-196f-46e2-8966-287f2327a40c:192.168.34.27:41285], old=null, confs=<EMPTY_MAP>
2019-09-20 08:19:12,890 [pool-610-thread-1] INFO  server.RaftServerConfigKeys (ConfUtils.java:logGet(43)) - raft.server.storage.dir = [/workdir/hadoop-ozone/ozonefs/target/test-dir/MiniOzoneClusterImpl-0ef8af2c-8d39-4a42-bdc9-6bbcc43100a2/datanode-0/data/ratis] (custom)
2019-09-20 08:19:12,891 [pool-610-thread-1] INFO  storage.RaftStorageDirectory (RaftStorageDirectory.java:analyzeStorage(246)) - The storage directory /workdir/hadoop-ozone/ozonefs/target/test-dir/MiniOzoneClusterImpl-0ef8af2c-8d39-4a42-bdc9-6bbcc43100a2/datanode-0/data/ratis/3c4d82c3-5d0d-46bf-a91f-761fc0acf0db does not exist. Creating ...
2019-09-20 08:19:12,903 [pool-610-thread-1] INFO  storage.RaftStorageDirectory (RaftStorageDirectory.java:tryLock(328)) - Lock on /workdir/hadoop-ozone/ozonefs/target/test-dir/MiniOzoneClusterImpl-0ef8af2c-8d39-4a42-bdc9-6bbcc43100a2/datanode-0/data/ratis/3c4d82c3-5d0d-46bf-a91f-761fc0acf0db/in_use.lock acquired by nodename 11539@pr-hdds-1569-6tbh6-3362816358
2019-09-20 08:19:12,916 [pool-610-thread-1] INFO  storage.RaftStorage (RaftStorage.java:format(72)) - Storage directory /workdir/hadoop-ozone/ozonefs/target/test-dir/MiniOzoneClusterImpl-0ef8af2c-8d39-4a42-bdc9-6bbcc43100a2/datanode-0/data/ratis/3c4d82c3-5d0d-46bf-a91f-761fc0acf0db has been successfully formatted.
2019-09-20 08:19:12,916 [pool-610-thread-1] INFO  ratis.ContainerStateMachine (ContainerStateMachine.java:loadSnapshot(226)) - group-761FC0ACF0DB: The snapshot info is null. Setting the last applied indexto:(t:0, i:~)
2019-09-20 08:19:12,916 [pool-610-thread-1] INFO  server.RaftServerConfigKeys (ConfUtils.java:logGet(43)) - raft.server.leader.election.timeout = 120s (custom)
2019-09-20 08:19:12,916 [pool-610-thread-1] INFO  server.RaftServerConfigKeys (ConfUtils.java:logGet(43)) - raft.server.log.use.memory = false (default)
2019-09-20 08:19:12,916 [pool-610-thread-1] INFO  server.RaftServerConfigKeys (ConfUtils.java:logGet(43)) - raft.server.log.purge.gap = 1000000 (custom)
2019-09-20 08:19:12,916 [pool-610-thread-1] INFO  server.RaftServerConfigKeys (ConfUtils.java:logGet(43)) - raft.server.log.appender.buffer.byte-limit = 33554432 (custom)
2019-09-20 08:19:12,916 [pool-610-thread-1] INFO  server.RaftServerConfigKeys (ConfUtils.java:logGet(43)) - raft.server.log.segment.size.max = 1048576 (custom)
2019-09-20 08:19:12,917 [pool-610-thread-1] INFO  server.RaftServerConfigKeys (ConfUtils.java:logGet(43)) - raft.server.log.segment.cache.num.max = 2 (custom)
2019-09-20 08:19:12,917 [pool-610-thread-1] INFO  segmented.SegmentedRaftLogWorker (SegmentedRaftLogWorker.java:<init>(172)) - new bdd8936c-196f-46e2-8966-287f2327a40c-SegmentedRaftLogWorker:Storage Directory /workdir/hadoop-ozone/ozonefs/target/test-dir/MiniOzoneClusterImpl-0ef8af2c-8d39-4a42-bdc9-6bbcc43100a2/datanode-0/data/ratis/3c4d82c3-5d0d-46bf-a91f-761fc0acf0db for RaftStorage:Storage Directory /workdir/hadoop-ozone/ozonefs/target/test-dir/MiniOzoneClusterImpl-0ef8af2c-8d39-4a42-bdc9-6bbcc43100a2/datanode-0/data/ratis/3c4d82c3-5d0d-46bf-a91f-761fc0acf0db
2019-09-20 08:19:12,917 [pool-610-thread-1] INFO  server.RaftServerConfigKeys (ConfUtils.java:logGet(43)) - raft.server.log.queue.byte-limit = 2147483647 (custom)
2019-09-20 08:19:12,917 [pool-610-thread-1] INFO  server.RaftServerConfigKeys (ConfUtils.java:logGet(43)) - raft.server.log.queue.element-limit = 1024 (custom)
2019-09-20 08:19:12,917 [pool-610-thread-1] INFO  server.RaftServerConfigKeys (ConfUtils.java:logGet(43)) - raft.server.log.segment.size.max = 1048576 (custom)
2019-09-20 08:19:12,917 [pool-610-thread-1] INFO  server.RaftServerConfigKeys (ConfUtils.java:logGet(43)) - raft.server.log.preallocated.size = 16384 (custom)
2019-09-20 08:19:12,917 [pool-610-thread-1] INFO  server.RaftServerConfigKeys (ConfUtils.java:logGet(43)) - raft.server.log.write.buffer.size = 33554432 (custom)
2019-09-20 08:19:12,917 [pool-610-thread-1] INFO  server.RaftServerConfigKeys (ConfUtils.java:logGet(43)) - raft.server.log.force.sync.num = 128 (default)
2019-09-20 08:19:12,918 [pool-610-thread-1] INFO  server.RaftServerConfigKeys (ConfUtils.java:logGet(43)) - raft.server.log.statemachine.data.sync = true (default)
2019-09-20 08:19:12,918 [pool-610-thread-1] INFO  server.RaftServerConfigKeys (ConfUtils.java:logGet(43)) - raft.server.log.statemachine.data.sync.timeout = 10s (default)
2019-09-20 08:19:12,918 [pool-610-thread-1] INFO  server.RaftServerConfigKeys (ConfUtils.java:logGet(43)) - raft.server.log.statemachine.data.sync.timeout.retry = -1 (default)
2019-09-20 08:19:12,918 [pool-610-thread-1] INFO  server.RaftServerConfigKeys (ConfUtils.java:logGet(43)) - raft.server.log.statemachine.data.caching.enabled = true (custom)
2019-09-20 08:19:12,918 [pool-610-thread-1] INFO  segmented.SegmentedRaftLogWorker (SegmentedRaftLogWorker.java:lambda$new$0(132)) - bdd8936c-196f-46e2-8966-287f2327a40c-SegmentedRaftLogWorker:Storage Directory /workdir/hadoop-ozone/ozonefs/target/test-dir/MiniOzoneClusterImpl-0ef8af2c-8d39-4a42-bdc9-6bbcc43100a2/datanode-0/data/ratis/3c4d82c3-5d0d-46bf-a91f-761fc0acf0db: flushIndex: setUnconditionally 0 -> -1
2019-09-20 08:19:12,919 [pool-610-thread-1] INFO  server.RaftServerConfigKeys (ConfUtils.java:logGet(43)) - raft.server.snapshot.auto.trigger.enabled = true (custom)
2019-09-20 08:19:12,919 [pool-610-thread-1] INFO  server.RaftServerConfigKeys (ConfUtils.java:logGet(43)) - raft.server.snapshot.auto.trigger.threshold = 10000 (custom)
2019-09-20 08:19:12,919 [pool-610-thread-1] INFO  server.RaftServerConfigKeys (ConfUtils.java:logGet(43)) - raft.server.retrycache.expirytime = 600000ms (custom)
2019-09-20 08:19:12,919 [pool-610-thread-1] INFO  impl.RaftServerImpl (RaftServerImpl.java:start(180)) - bdd8936c-196f-46e2-8966-287f2327a40c: start group-761FC0ACF0DB
2019-09-20 08:19:12,919 [pool-610-thread-1] INFO  impl.RaftServerImpl (RaftServerImpl.java:setRole(171)) - bdd8936c-196f-46e2-8966-287f2327a40c:group-761FC0ACF0DB changes role from null to FOLLOWER at term 0 for startAsFollower
2019-09-20 08:19:12,919 [pool-610-thread-1] INFO  impl.RoleInfo (RoleInfo.java:updateAndGet(143)) - bdd8936c-196f-46e2-8966-287f2327a40c: start FollowerState
2019-09-20 08:19:12,920 [pool-610-thread-1] INFO  util.JmxRegister (JmxRegister.java:tryRegister(44)) - Successfully registered JMX Bean with object name Ratis:service=RaftServer,group=group-761FC0ACF0DB,id=bdd8936c-196f-46e2-8966-287f2327a40c
2019-09-20 08:19:12,922 [RatisPipelineUtilsThread] INFO  pipeline.PipelineStateManager (PipelineStateManager.java:addPipeline(56)) - Created pipeline Pipeline[ Id: 3c4d82c3-5d0d-46bf-a91f-761fc0acf0db, Nodes: bdd8936c-196f-46e2-8966-287f2327a40c{ip: 192.168.34.27, host: pr-hdds-1569-6tbh6-3362816358, networkLocation: /default-rack, certSerialId: null}, Type:RATIS, Factor:ONE, State:OPEN]
2019-09-20 08:19:12,928 [grpc-default-executor-0] INFO  impl.RaftServerProxy (RaftServerProxy.java:addNew(89)) - bdd8936c-196f-46e2-8966-287f2327a40c: addNew group-9C94ACC8A9DC:[bdd8936c-196f-46e2-8966-287f2327a40c:192.168.34.27:41285] returns group-9C94ACC8A9DC:java.util.concurrent.CompletableFuture@3e804276[Not completed]
2019-09-20 08:19:12,928 [pool-610-thread-1] INFO  impl.RaftServerImpl (RaftServerImpl.java:<init>(93)) - bdd8936c-196f-46e2-8966-287f2327a40c: new RaftServerImpl for group-9C94ACC8A9DC:[bdd8936c-196f-46e2-8966-287f2327a40c:192.168.34.27:41285] with ContainerStateMachine:uninitialized
2019-09-20 08:19:12,929 [pool-610-thread-1] INFO  server.RaftServerConfigKeys (ConfUtils.java:logGet(43)) - raft.server.rpc.timeout.min = 5s (custom)
2019-09-20 08:19:12,929 [pool-610-thread-1] INFO  server.RaftServerConfigKeys (ConfUtils.java:logGet(43)) - raft.server.rpc.timeout.max = 5200ms (custom)
2019-09-20 08:19:12,929 [pool-610-thread-1] INFO  server.RaftServerConfigKeys (ConfUtils.java:logGet(43)) - raft.server.rpcslowness.timeout = 120s (custom)
2019-09-20 08:19:12,929 [pool-610-thread-1] INFO  server.RaftServerConfigKeys (ConfUtils.java:logGet(43)) - raft.server.sleep.deviation.threshold = 300 (default)
2019-09-20 08:19:12,929 [pool-610-thread-1] INFO  server.RaftServerConfigKeys (ConfUtils.java:logGet(43)) - raft.server.log.appender.install.snapshot.enabled = false (custom)
2019-09-20 08:19:12,929 [pool-610-thread-1] INFO  impl.RaftServerImpl (ServerState.java:<init>(105)) - bdd8936c-196f-46e2-8966-287f2327a40c:group-9C94ACC8A9DC ConfigurationManager, init=-1: [bdd8936c-196f-46e2-8966-287f2327a40c:192.168.34.27:41285], old=null, confs=<EMPTY_MAP>
2019-09-20 08:19:12,929 [pool-610-thread-1] INFO  server.RaftServerConfigKeys (ConfUtils.java:logGet(43)) - raft.server.storage.dir = [/workdir/hadoop-ozone/ozonefs/target/test-dir/MiniOzoneClusterImpl-0ef8af2c-8d39-4a42-bdc9-6bbcc43100a2/datanode-0/data/ratis] (custom)
2019-09-20 08:19:12,930 [pool-610-thread-1] INFO  storage.RaftStorageDirectory (RaftStorageDirectory.java:analyzeStorage(246)) - The storage directory /workdir/hadoop-ozone/ozonefs/target/test-dir/MiniOzoneClusterImpl-0ef8af2c-8d39-4a42-bdc9-6bbcc43100a2/datanode-0/data/ratis/c2bab9ae-dc21-4130-96dc-9c94acc8a9dc does not exist. Creating ...
2019-09-20 08:19:12,942 [pool-610-thread-1] INFO  storage.RaftStorageDirectory (RaftStorageDirectory.java:tryLock(328)) - Lock on /workdir/hadoop-ozone/ozonefs/target/test-dir/MiniOzoneClusterImpl-0ef8af2c-8d39-4a42-bdc9-6bbcc43100a2/datanode-0/data/ratis/c2bab9ae-dc21-4130-96dc-9c94acc8a9dc/in_use.lock acquired by nodename 11539@pr-hdds-1569-6tbh6-3362816358
2019-09-20 08:19:12,955 [pool-610-thread-1] INFO  storage.RaftStorage (RaftStorage.java:format(72)) - Storage directory /workdir/hadoop-ozone/ozonefs/target/test-dir/MiniOzoneClusterImpl-0ef8af2c-8d39-4a42-bdc9-6bbcc43100a2/datanode-0/data/ratis/c2bab9ae-dc21-4130-96dc-9c94acc8a9dc has been successfully formatted.
2019-09-20 08:19:12,955 [pool-610-thread-1] INFO  ratis.ContainerStateMachine (ContainerStateMachine.java:loadSnapshot(226)) - group-9C94ACC8A9DC: The snapshot info is null. Setting the last applied indexto:(t:0, i:~)
2019-09-20 08:19:12,955 [pool-610-thread-1] INFO  server.RaftServerConfigKeys (ConfUtils.java:logGet(43)) - raft.server.leader.election.timeout = 120s (custom)
2019-09-20 08:19:12,955 [pool-610-thread-1] INFO  server.RaftServerConfigKeys (ConfUtils.java:logGet(43)) - raft.server.log.use.memory = false (default)
2019-09-20 08:19:12,955 [pool-610-thread-1] INFO  server.RaftServerConfigKeys (ConfUtils.java:logGet(43)) - raft.server.log.purge.gap = 1000000 (custom)
2019-09-20 08:19:12,955 [pool-610-thread-1] INFO  server.RaftServerConfigKeys (ConfUtils.java:logGet(43)) - raft.server.log.appender.buffer.byte-limit = 33554432 (custom)
2019-09-20 08:19:12,956 [pool-610-thread-1] INFO  server.RaftServerConfigKeys (ConfUtils.java:logGet(43)) - raft.server.log.segment.size.max = 1048576 (custom)
2019-09-20 08:19:12,956 [pool-610-thread-1] INFO  server.RaftServerConfigKeys (ConfUtils.java:logGet(43)) - raft.server.log.segment.cache.num.max = 2 (custom)
2019-09-20 08:19:12,956 [pool-610-thread-1] INFO  segmented.SegmentedRaftLogWorker (SegmentedRaftLogWorker.java:<init>(172)) - new bdd8936c-196f-46e2-8966-287f2327a40c-SegmentedRaftLogWorker:Storage Directory /workdir/hadoop-ozone/ozonefs/target/test-dir/MiniOzoneClusterImpl-0ef8af2c-8d39-4a42-bdc9-6bbcc43100a2/datanode-0/data/ratis/c2bab9ae-dc21-4130-96dc-9c94acc8a9dc for RaftStorage:Storage Directory /workdir/hadoop-ozone/ozonefs/target/test-dir/MiniOzoneClusterImpl-0ef8af2c-8d39-4a42-bdc9-6bbcc43100a2/datanode-0/data/ratis/c2bab9ae-dc21-4130-96dc-9c94acc8a9dc
2019-09-20 08:19:12,956 [pool-610-thread-1] INFO  server.RaftServerConfigKeys (ConfUtils.java:logGet(43)) - raft.server.log.queue.byte-limit = 2147483647 (custom)
2019-09-20 08:19:12,956 [pool-610-thread-1] INFO  server.RaftServerConfigKeys (ConfUtils.java:logGet(43)) - raft.server.log.queue.element-limit = 1024 (custom)
2019-09-20 08:19:12,956 [pool-610-thread-1] INFO  server.RaftServerConfigKeys (ConfUtils.java:logGet(43)) - raft.server.log.segment.size.max = 1048576 (custom)
2019-09-20 08:19:12,956 [pool-610-thread-1] INFO  server.RaftServerConfigKeys (ConfUtils.java:logGet(43)) - raft.server.log.preallocated.size = 16384 (custom)
2019-09-20 08:19:12,956 [pool-610-thread-1] INFO  server.RaftServerConfigKeys (ConfUtils.java:logGet(43)) - raft.server.log.write.buffer.size = 33554432 (custom)
2019-09-20 08:19:12,957 [pool-610-thread-1] INFO  server.RaftServerConfigKeys (ConfUtils.java:logGet(43)) - raft.server.log.force.sync.num = 128 (default)
2019-09-20 08:19:12,957 [pool-610-thread-1] INFO  server.RaftServerConfigKeys (ConfUtils.java:logGet(43)) - raft.server.log.statemachine.data.sync = true (default)
2019-09-20 08:19:12,957 [pool-610-thread-1] INFO  server.RaftServerConfigKeys (ConfUtils.java:logGet(43)) - raft.server.log.statemachine.data.sync.timeout = 10s (default)
2019-09-20 08:19:12,957 [pool-610-thread-1] INFO  server.RaftServerConfigKeys (ConfUtils.java:logGet(43)) - raft.server.log.statemachine.data.sync.timeout.retry = -1 (default)
2019-09-20 08:19:12,957 [pool-610-thread-1] INFO  server.RaftServerConfigKeys (ConfUtils.java:logGet(43)) - raft.server.log.statemachine.data.caching.enabled = true (custom)
2019-09-20 08:19:12,957 [pool-610-thread-1] INFO  segmented.SegmentedRaftLogWorker (SegmentedRaftLogWorker.java:lambda$new$0(132)) - bdd8936c-196f-46e2-8966-287f2327a40c-SegmentedRaftLogWorker:Storage Directory /workdir/hadoop-ozone/ozonefs/target/test-dir/MiniOzoneClusterImpl-0ef8af2c-8d39-4a42-bdc9-6bbcc43100a2/datanode-0/data/ratis/c2bab9ae-dc21-4130-96dc-9c94acc8a9dc: flushIndex: setUnconditionally 0 -> -1
2019-09-20 08:19:12,959 [pool-610-thread-1] INFO  server.RaftServerConfigKeys (ConfUtils.java:logGet(43)) - raft.server.snapshot.auto.trigger.enabled = true (custom)
2019-09-20 08:19:12,959 [pool-610-thread-1] INFO  server.RaftServerConfigKeys (ConfUtils.java:logGet(43)) - raft.server.snapshot.auto.trigger.threshold = 10000 (custom)
2019-09-20 08:19:12,959 [pool-610-thread-1] INFO  server.RaftServerConfigKeys (ConfUtils.java:logGet(43)) - raft.server.retrycache.expirytime = 600000ms (custom)
2019-09-20 08:19:12,959 [pool-610-thread-1] INFO  impl.RaftServerImpl (RaftServerImpl.java:start(180)) - bdd8936c-196f-46e2-8966-287f2327a40c: start group-9C94ACC8A9DC
2019-09-20 08:19:12,959 [pool-610-thread-1] INFO  impl.RaftServerImpl (RaftServerImpl.java:setRole(171)) - bdd8936c-196f-46e2-8966-287f2327a40c:group-9C94ACC8A9DC changes role from null to FOLLOWER at term 0 for startAsFollower
2019-09-20 08:19:12,959 [pool-610-thread-1] INFO  impl.RoleInfo (RoleInfo.java:updateAndGet(143)) - bdd8936c-196f-46e2-8966-287f2327a40c: start FollowerState
2019-09-20 08:19:12,960 [pool-610-thread-1] INFO  util.JmxRegister (JmxRegister.java:tryRegister(44)) - Successfully registered JMX Bean with object name Ratis:service=RaftServer,group=group-9C94ACC8A9DC,id=bdd8936c-196f-46e2-8966-287f2327a40c
2019-09-20 08:19:12,963 [RatisPipelineUtilsThread] INFO  pipeline.PipelineStateManager (PipelineStateManager.java:addPipeline(56)) - Created pipeline Pipeline[ Id: c2bab9ae-dc21-4130-96dc-9c94acc8a9dc, Nodes: bdd8936c-196f-46e2-8966-287f2327a40c{ip: 192.168.34.27, host: pr-hdds-1569-6tbh6-3362816358, networkLocation: /default-rack, certSerialId: null}, Type:RATIS, Factor:ONE, State:OPEN]
2019-09-20 08:19:12,968 [grpc-default-executor-0] INFO  impl.RaftServerProxy (RaftServerProxy.java:addNew(89)) - bdd8936c-196f-46e2-8966-287f2327a40c: addNew group-EA1BFA4C9834:[bdd8936c-196f-46e2-8966-287f2327a40c:192.168.34.27:41285] returns group-EA1BFA4C9834:java.util.concurrent.CompletableFuture@3aec5c97[Not completed]
2019-09-20 08:19:12,969 [pool-610-thread-1] INFO  impl.RaftServerImpl (RaftServerImpl.java:<init>(93)) - bdd8936c-196f-46e2-8966-287f2327a40c: new RaftServerImpl for group-EA1BFA4C9834:[bdd8936c-196f-46e2-8966-287f2327a40c:192.168.34.27:41285] with ContainerStateMachine:uninitialized
2019-09-20 08:19:12,969 [pool-610-thread-1] INFO  server.RaftServerConfigKeys (ConfUtils.java:logGet(43)) - raft.server.rpc.timeout.min = 5s (custom)
2019-09-20 08:19:12,969 [pool-610-thread-1] INFO  server.RaftServerConfigKeys (ConfUtils.java:logGet(43)) - raft.server.rpc.timeout.max = 5200ms (custom)
2019-09-20 08:19:12,970 [pool-610-thread-1] INFO  server.RaftServerConfigKeys (ConfUtils.java:logGet(43)) - raft.server.rpcslowness.timeout = 120s (custom)
2019-09-20 08:19:12,970 [pool-610-thread-1] INFO  server.RaftServerConfigKeys (ConfUtils.java:logGet(43)) - raft.server.sleep.deviation.threshold = 300 (default)
2019-09-20 08:19:12,970 [pool-610-thread-1] INFO  server.RaftServerConfigKeys (ConfUtils.java:logGet(43)) - raft.server.log.appender.install.snapshot.enabled = false (custom)
2019-09-20 08:19:12,970 [pool-610-thread-1] INFO  impl.RaftServerImpl (ServerState.java:<init>(105)) - bdd8936c-196f-46e2-8966-287f2327a40c:group-EA1BFA4C9834 ConfigurationManager, init=-1: [bdd8936c-196f-46e2-8966-287f2327a40c:192.168.34.27:41285], old=null, confs=<EMPTY_MAP>
2019-09-20 08:19:12,970 [pool-610-thread-1] INFO  server.RaftServerConfigKeys (ConfUtils.java:logGet(43)) - raft.server.storage.dir = [/workdir/hadoop-ozone/ozonefs/target/test-dir/MiniOzoneClusterImpl-0ef8af2c-8d39-4a42-bdc9-6bbcc43100a2/datanode-0/data/ratis] (custom)
2019-09-20 08:19:12,971 [pool-610-thread-1] INFO  storage.RaftStorageDirectory (RaftStorageDirectory.java:analyzeStorage(246)) - The storage directory /workdir/hadoop-ozone/ozonefs/target/test-dir/MiniOzoneClusterImpl-0ef8af2c-8d39-4a42-bdc9-6bbcc43100a2/datanode-0/data/ratis/24ca4865-ec0c-43ee-85f9-ea1bfa4c9834 does not exist. Creating ...
2019-09-20 08:19:12,983 [pool-610-thread-1] INFO  storage.RaftStorageDirectory (RaftStorageDirectory.java:tryLock(328)) - Lock on /workdir/hadoop-ozone/ozonefs/target/test-dir/MiniOzoneClusterImpl-0ef8af2c-8d39-4a42-bdc9-6bbcc43100a2/datanode-0/data/ratis/24ca4865-ec0c-43ee-85f9-ea1bfa4c9834/in_use.lock acquired by nodename 11539@pr-hdds-1569-6tbh6-3362816358
2019-09-20 08:19:12,987 [pool-610-thread-1] INFO  storage.RaftStorage (RaftStorage.java:format(72)) - Storage directory /workdir/hadoop-ozone/ozonefs/target/test-dir/MiniOzoneClusterImpl-0ef8af2c-8d39-4a42-bdc9-6bbcc43100a2/datanode-0/data/ratis/24ca4865-ec0c-43ee-85f9-ea1bfa4c9834 has been successfully formatted.
2019-09-20 08:19:12,987 [pool-610-thread-1] INFO  ratis.ContainerStateMachine (ContainerStateMachine.java:loadSnapshot(226)) - group-EA1BFA4C9834: The snapshot info is null. Setting the last applied indexto:(t:0, i:~)
2019-09-20 08:19:12,987 [pool-610-thread-1] INFO  server.RaftServerConfigKeys (ConfUtils.java:logGet(43)) - raft.server.leader.election.timeout = 120s (custom)
2019-09-20 08:19:12,987 [pool-610-thread-1] INFO  server.RaftServerConfigKeys (ConfUtils.java:logGet(43)) - raft.server.log.use.memory = false (default)
2019-09-20 08:19:12,988 [pool-610-thread-1] INFO  server.RaftServerConfigKeys (ConfUtils.java:logGet(43)) - raft.server.log.purge.gap = 1000000 (custom)
2019-09-20 08:19:12,988 [pool-610-thread-1] INFO  server.RaftServerConfigKeys (ConfUtils.java:logGet(43)) - raft.server.log.appender.buffer.byte-limit = 33554432 (custom)
2019-09-20 08:19:12,988 [pool-610-thread-1] INFO  server.RaftServerConfigKeys (ConfUtils.java:logGet(43)) - raft.server.log.segment.size.max = 1048576 (custom)
2019-09-20 08:19:12,988 [pool-610-thread-1] INFO  server.RaftServerConfigKeys (ConfUtils.java:logGet(43)) - raft.server.log.segment.cache.num.max = 2 (custom)
2019-09-20 08:19:12,988 [pool-610-thread-1] INFO  segmented.SegmentedRaftLogWorker (SegmentedRaftLogWorker.java:<init>(172)) - new bdd8936c-196f-46e2-8966-287f2327a40c-SegmentedRaftLogWorker:Storage Directory /workdir/hadoop-ozone/ozonefs/target/test-dir/MiniOzoneClusterImpl-0ef8af2c-8d39-4a42-bdc9-6bbcc43100a2/datanode-0/data/ratis/24ca4865-ec0c-43ee-85f9-ea1bfa4c9834 for RaftStorage:Storage Directory /workdir/hadoop-ozone/ozonefs/target/test-dir/MiniOzoneClusterImpl-0ef8af2c-8d39-4a42-bdc9-6bbcc43100a2/datanode-0/data/ratis/24ca4865-ec0c-43ee-85f9-ea1bfa4c9834
2019-09-20 08:19:12,988 [pool-610-thread-1] INFO  server.RaftServerConfigKeys (ConfUtils.java:logGet(43)) - raft.server.log.queue.byte-limit = 2147483647 (custom)
2019-09-20 08:19:12,989 [pool-610-thread-1] INFO  server.RaftServerConfigKeys (ConfUtils.java:logGet(43)) - raft.server.log.queue.element-limit = 1024 (custom)
2019-09-20 08:19:12,989 [pool-610-thread-1] INFO  server.RaftServerConfigKeys (ConfUtils.java:logGet(43)) - raft.server.log.segment.size.max = 1048576 (custom)
2019-09-20 08:19:12,989 [pool-610-thread-1] INFO  server.RaftServerConfigKeys (ConfUtils.java:logGet(43)) - raft.server.log.preallocated.size = 16384 (custom)
2019-09-20 08:19:12,989 [pool-610-thread-1] INFO  server.RaftServerConfigKeys (ConfUtils.java:logGet(43)) - raft.server.log.write.buffer.size = 33554432 (custom)
2019-09-20 08:19:12,989 [pool-610-thread-1] INFO  server.RaftServerConfigKeys (ConfUtils.java:logGet(43)) - raft.server.log.force.sync.num = 128 (default)
2019-09-20 08:19:12,989 [pool-610-thread-1] INFO  server.RaftServerConfigKeys (ConfUtils.java:logGet(43)) - raft.server.log.statemachine.data.sync = true (default)
2019-09-20 08:19:12,990 [pool-610-thread-1] INFO  server.RaftServerConfigKeys (ConfUtils.java:logGet(43)) - raft.server.log.statemachine.data.sync.timeout = 10s (default)
2019-09-20 08:19:12,990 [pool-610-thread-1] INFO  server.RaftServerConfigKeys (ConfUtils.java:logGet(43)) - raft.server.log.statemachine.data.sync.timeout.retry = -1 (default)
2019-09-20 08:19:12,990 [pool-610-thread-1] INFO  server.RaftServerConfigKeys (ConfUtils.java:logGet(43)) - raft.server.log.statemachine.data.caching.enabled = true (custom)
2019-09-20 08:19:12,990 [pool-610-thread-1] INFO  segmented.SegmentedRaftLogWorker (SegmentedRaftLogWorker.java:lambda$new$0(132)) - bdd8936c-196f-46e2-8966-287f2327a40c-SegmentedRaftLogWorker:Storage Directory /workdir/hadoop-ozone/ozonefs/target/test-dir/MiniOzoneClusterImpl-0ef8af2c-8d39-4a42-bdc9-6bbcc43100a2/datanode-0/data/ratis/24ca4865-ec0c-43ee-85f9-ea1bfa4c9834: flushIndex: setUnconditionally 0 -> -1
2019-09-20 08:19:12,991 [pool-610-thread-1] INFO  server.RaftServerConfigKeys (ConfUtils.java:logGet(43)) - raft.server.snapshot.auto.trigger.enabled = true (custom)
2019-09-20 08:19:12,991 [pool-610-thread-1] INFO  server.RaftServerConfigKeys (ConfUtils.java:logGet(43)) - raft.server.snapshot.auto.trigger.threshold = 10000 (custom)
2019-09-20 08:19:12,991 [pool-610-thread-1] INFO  server.RaftServerConfigKeys (ConfUtils.java:logGet(43)) - raft.server.retrycache.expirytime = 600000ms (custom)
2019-09-20 08:19:12,991 [pool-610-thread-1] INFO  impl.RaftServerImpl (RaftServerImpl.java:start(180)) - bdd8936c-196f-46e2-8966-287f2327a40c: start group-EA1BFA4C9834
2019-09-20 08:19:12,991 [pool-610-thread-1] INFO  impl.RaftServerImpl (RaftServerImpl.java:setRole(171)) - bdd8936c-196f-46e2-8966-287f2327a40c:group-EA1BFA4C9834 changes role from null to FOLLOWER at term 0 for startAsFollower
2019-09-20 08:19:12,992 [pool-610-thread-1] INFO  impl.RoleInfo (RoleInfo.java:updateAndGet(143)) - bdd8936c-196f-46e2-8966-287f2327a40c: start FollowerState
2019-09-20 08:19:12,992 [pool-610-thread-1] INFO  util.JmxRegister (JmxRegister.java:tryRegister(44)) - Successfully registered JMX Bean with object name Ratis:service=RaftServer,group=group-EA1BFA4C9834,id=bdd8936c-196f-46e2-8966-287f2327a40c
2019-09-20 08:19:12,994 [IPC Server handler 1 on 38730] INFO  net.NetworkTopology (NetworkTopologyImpl.java:add(110)) - Added a new node: /default-rack/1e3d2a43-82dd-4ca1-824a-2408b88144bc
2019-09-20 08:19:12,994 [IPC Server handler 1 on 38730] INFO  node.SCMNodeManager (SCMNodeManager.java:register(273)) - Registered Data node : 1e3d2a43-82dd-4ca1-824a-2408b88144bc{ip: 192.168.34.27, host: pr-hdds-1569-6tbh6-3362816358, networkLocation: /default-rack, certSerialId: null}
2019-09-20 08:19:12,994 | INFO  | SCMAudit | user=jenkins1000 | ip=192.168.34.27 | op=REGISTER {datanodeDetails=1e3d2a43-82dd-4ca1-824a-2408b88144bc{ip: 192.168.34.27, host: pr-hdds-1569-6tbh6-3362816358, networkLocation: /default-rack, certSerialId: null}} | ret=SUCCESS |  
2019-09-20 08:19:12,995 [RatisPipelineUtilsThread] INFO  pipeline.PipelineStateManager (PipelineStateManager.java:addPipeline(56)) - Created pipeline Pipeline[ Id: 24ca4865-ec0c-43ee-85f9-ea1bfa4c9834, Nodes: bdd8936c-196f-46e2-8966-287f2327a40c{ip: 192.168.34.27, host: pr-hdds-1569-6tbh6-3362816358, networkLocation: /default-rack, certSerialId: null}, Type:RATIS, Factor:ONE, State:OPEN]
2019-09-20 08:19:13,000 [grpc-default-executor-0] INFO  impl.RaftServerProxy (RaftServerProxy.java:addNew(89)) - bdd8936c-196f-46e2-8966-287f2327a40c: addNew group-B912F7D27E7D:[bdd8936c-196f-46e2-8966-287f2327a40c:192.168.34.27:41285] returns group-B912F7D27E7D:java.util.concurrent.CompletableFuture@15a7a45f[Not completed]
2019-09-20 08:19:13,001 [pool-610-thread-1] INFO  impl.RaftServerImpl (RaftServerImpl.java:<init>(93)) - bdd8936c-196f-46e2-8966-287f2327a40c: new RaftServerImpl for group-B912F7D27E7D:[bdd8936c-196f-46e2-8966-287f2327a40c:192.168.34.27:41285] with ContainerStateMachine:uninitialized
2019-09-20 08:19:13,001 [pool-610-thread-1] INFO  server.RaftServerConfigKeys (ConfUtils.java:logGet(43)) - raft.server.rpc.timeout.min = 5s (custom)
2019-09-20 08:19:13,001 [pool-610-thread-1] INFO  server.RaftServerConfigKeys (ConfUtils.java:logGet(43)) - raft.server.rpc.timeout.max = 5200ms (custom)
2019-09-20 08:19:13,002 [pool-610-thread-1] INFO  server.RaftServerConfigKeys (ConfUtils.java:logGet(43)) - raft.server.rpcslowness.timeout = 120s (custom)
2019-09-20 08:19:13,002 [pool-610-thread-1] INFO  server.RaftServerConfigKeys (ConfUtils.java:logGet(43)) - raft.server.sleep.deviation.threshold = 300 (default)
2019-09-20 08:19:13,002 [pool-610-thread-1] INFO  server.RaftServerConfigKeys (ConfUtils.java:logGet(43)) - raft.server.log.appender.install.snapshot.enabled = false (custom)
2019-09-20 08:19:13,002 [pool-610-thread-1] INFO  impl.RaftServerImpl (ServerState.java:<init>(105)) - bdd8936c-196f-46e2-8966-287f2327a40c:group-B912F7D27E7D ConfigurationManager, init=-1: [bdd8936c-196f-46e2-8966-287f2327a40c:192.168.34.27:41285], old=null, confs=<EMPTY_MAP>
2019-09-20 08:19:13,002 [pool-610-thread-1] INFO  server.RaftServerConfigKeys (ConfUtils.java:logGet(43)) - raft.server.storage.dir = [/workdir/hadoop-ozone/ozonefs/target/test-dir/MiniOzoneClusterImpl-0ef8af2c-8d39-4a42-bdc9-6bbcc43100a2/datanode-0/data/ratis] (custom)
2019-09-20 08:19:13,003 [pool-610-thread-1] INFO  storage.RaftStorageDirectory (RaftStorageDirectory.java:analyzeStorage(246)) - The storage directory /workdir/hadoop-ozone/ozonefs/target/test-dir/MiniOzoneClusterImpl-0ef8af2c-8d39-4a42-bdc9-6bbcc43100a2/datanode-0/data/ratis/dfd12744-8381-4b53-9dd9-b912f7d27e7d does not exist. Creating ...
2019-09-20 08:19:13,006 [pool-610-thread-1] INFO  storage.RaftStorageDirectory (RaftStorageDirectory.java:tryLock(328)) - Lock on /workdir/hadoop-ozone/ozonefs/target/test-dir/MiniOzoneClusterImpl-0ef8af2c-8d39-4a42-bdc9-6bbcc43100a2/datanode-0/data/ratis/dfd12744-8381-4b53-9dd9-b912f7d27e7d/in_use.lock acquired by nodename 11539@pr-hdds-1569-6tbh6-3362816358
2019-09-20 08:19:13,009 [pool-610-thread-1] INFO  storage.RaftStorage (RaftStorage.java:format(72)) - Storage directory /workdir/hadoop-ozone/ozonefs/target/test-dir/MiniOzoneClusterImpl-0ef8af2c-8d39-4a42-bdc9-6bbcc43100a2/datanode-0/data/ratis/dfd12744-8381-4b53-9dd9-b912f7d27e7d has been successfully formatted.
2019-09-20 08:19:13,010 [pool-610-thread-1] INFO  ratis.ContainerStateMachine (ContainerStateMachine.java:loadSnapshot(226)) - group-B912F7D27E7D: The snapshot info is null. Setting the last applied indexto:(t:0, i:~)
2019-09-20 08:19:13,010 [pool-610-thread-1] INFO  server.RaftServerConfigKeys (ConfUtils.java:logGet(43)) - raft.server.leader.election.timeout = 120s (custom)
2019-09-20 08:19:13,010 [pool-610-thread-1] INFO  server.RaftServerConfigKeys (ConfUtils.java:logGet(43)) - raft.server.log.use.memory = false (default)
2019-09-20 08:19:13,010 [pool-610-thread-1] INFO  server.RaftServerConfigKeys (ConfUtils.java:logGet(43)) - raft.server.log.purge.gap = 1000000 (custom)
2019-09-20 08:19:13,010 [pool-610-thread-1] INFO  server.RaftServerConfigKeys (ConfUtils.java:logGet(43)) - raft.server.log.appender.buffer.byte-limit = 33554432 (custom)
2019-09-20 08:19:13,010 [pool-610-thread-1] INFO  server.RaftServerConfigKeys (ConfUtils.java:logGet(43)) - raft.server.log.segment.size.max = 1048576 (custom)
2019-09-20 08:19:13,010 [pool-610-thread-1] INFO  server.RaftServerConfigKeys (ConfUtils.java:logGet(43)) - raft.server.log.segment.cache.num.max = 2 (custom)
2019-09-20 08:19:13,011 [pool-610-thread-1] INFO  segmented.SegmentedRaftLogWorker (SegmentedRaftLogWorker.java:<init>(172)) - new bdd8936c-196f-46e2-8966-287f2327a40c-SegmentedRaftLogWorker:Storage Directory /workdir/hadoop-ozone/ozonefs/target/test-dir/MiniOzoneClusterImpl-0ef8af2c-8d39-4a42-bdc9-6bbcc43100a2/datanode-0/data/ratis/dfd12744-8381-4b53-9dd9-b912f7d27e7d for RaftStorage:Storage Directory /workdir/hadoop-ozone/ozonefs/target/test-dir/MiniOzoneClusterImpl-0ef8af2c-8d39-4a42-bdc9-6bbcc43100a2/datanode-0/data/ratis/dfd12744-8381-4b53-9dd9-b912f7d27e7d
2019-09-20 08:19:13,011 [pool-610-thread-1] INFO  server.RaftServerConfigKeys (ConfUtils.java:logGet(43)) - raft.server.log.queue.byte-limit = 2147483647 (custom)
2019-09-20 08:19:13,011 [pool-610-thread-1] INFO  server.RaftServerConfigKeys (ConfUtils.java:logGet(43)) - raft.server.log.queue.element-limit = 1024 (custom)
2019-09-20 08:19:13,011 [pool-610-thread-1] INFO  server.RaftServerConfigKeys (ConfUtils.java:logGet(43)) - raft.server.log.segment.size.max = 1048576 (custom)
2019-09-20 08:19:13,011 [pool-610-thread-1] INFO  server.RaftServerConfigKeys (ConfUtils.java:logGet(43)) - raft.server.log.preallocated.size = 16384 (custom)
2019-09-20 08:19:13,011 [pool-610-thread-1] INFO  server.RaftServerConfigKeys (ConfUtils.java:logGet(43)) - raft.server.log.write.buffer.size = 33554432 (custom)
2019-09-20 08:19:13,011 [pool-610-thread-1] INFO  server.RaftServerConfigKeys (ConfUtils.java:logGet(43)) - raft.server.log.force.sync.num = 128 (default)
2019-09-20 08:19:13,012 [pool-610-thread-1] INFO  server.RaftServerConfigKeys (ConfUtils.java:logGet(43)) - raft.server.log.statemachine.data.sync = true (default)
2019-09-20 08:19:13,012 [pool-610-thread-1] INFO  server.RaftServerConfigKeys (ConfUtils.java:logGet(43)) - raft.server.log.statemachine.data.sync.timeout = 10s (default)
2019-09-20 08:19:13,012 [pool-610-thread-1] INFO  server.RaftServerConfigKeys (ConfUtils.java:logGet(43)) - raft.server.log.statemachine.data.sync.timeout.retry = -1 (default)
2019-09-20 08:19:13,012 [pool-610-thread-1] INFO  server.RaftServerConfigKeys (ConfUtils.java:logGet(43)) - raft.server.log.statemachine.data.caching.enabled = true (custom)
2019-09-20 08:19:13,012 [pool-610-thread-1] INFO  segmented.SegmentedRaftLogWorker (SegmentedRaftLogWorker.java:lambda$new$0(132)) - bdd8936c-196f-46e2-8966-287f2327a40c-SegmentedRaftLogWorker:Storage Directory /workdir/hadoop-ozone/ozonefs/target/test-dir/MiniOzoneClusterImpl-0ef8af2c-8d39-4a42-bdc9-6bbcc43100a2/datanode-0/data/ratis/dfd12744-8381-4b53-9dd9-b912f7d27e7d: flushIndex: setUnconditionally 0 -> -1
2019-09-20 08:19:13,013 [pool-610-thread-1] INFO  server.RaftServerConfigKeys (ConfUtils.java:logGet(43)) - raft.server.snapshot.auto.trigger.enabled = true (custom)
2019-09-20 08:19:13,013 [pool-610-thread-1] INFO  server.RaftServerConfigKeys (ConfUtils.java:logGet(43)) - raft.server.snapshot.auto.trigger.threshold = 10000 (custom)
2019-09-20 08:19:13,013 [pool-610-thread-1] INFO  server.RaftServerConfigKeys (ConfUtils.java:logGet(43)) - raft.server.retrycache.expirytime = 600000ms (custom)
2019-09-20 08:19:13,013 [pool-610-thread-1] INFO  impl.RaftServerImpl (RaftServerImpl.java:start(180)) - bdd8936c-196f-46e2-8966-287f2327a40c: start group-B912F7D27E7D
2019-09-20 08:19:13,013 [pool-610-thread-1] INFO  impl.RaftServerImpl (RaftServerImpl.java:setRole(171)) - bdd8936c-196f-46e2-8966-287f2327a40c:group-B912F7D27E7D changes role from null to FOLLOWER at term 0 for startAsFollower
2019-09-20 08:19:13,014 [pool-610-thread-1] INFO  impl.RoleInfo (RoleInfo.java:updateAndGet(143)) - bdd8936c-196f-46e2-8966-287f2327a40c: start FollowerState
2019-09-20 08:19:13,014 [pool-610-thread-1] INFO  util.JmxRegister (JmxRegister.java:tryRegister(44)) - Successfully registered JMX Bean with object name Ratis:service=RaftServer,group=group-B912F7D27E7D,id=bdd8936c-196f-46e2-8966-287f2327a40c
2019-09-20 08:19:13,017 [RatisPipelineUtilsThread] INFO  pipeline.PipelineStateManager (PipelineStateManager.java:addPipeline(56)) - Created pipeline Pipeline[ Id: dfd12744-8381-4b53-9dd9-b912f7d27e7d, Nodes: bdd8936c-196f-46e2-8966-287f2327a40c{ip: 192.168.34.27, host: pr-hdds-1569-6tbh6-3362816358, networkLocation: /default-rack, certSerialId: null}, Type:RATIS, Factor:ONE, State:OPEN]
2019-09-20 08:19:13,017 [RatisPipelineUtilsThread] INFO  pipeline.PipelinePlacementPolicy (PipelinePlacementPolicy.java:meetCriteria(91)) - Pipeline Placement: Doesn't meet the criteria to be viable node： bdd8936c-196f-46e2-8966-287f2327a40c Heaviness: 6 limit: 5
2019-09-20 08:19:13,025 [grpc-default-executor-0] INFO  impl.RaftServerProxy (RaftServerProxy.java:addNew(89)) - 1e3d2a43-82dd-4ca1-824a-2408b88144bc: addNew group-383B38D781F5:[1e3d2a43-82dd-4ca1-824a-2408b88144bc:192.168.34.27:33034] returns group-383B38D781F5:java.util.concurrent.CompletableFuture@33216f09[Not completed]
2019-09-20 08:19:13,026 [pool-621-thread-1] INFO  impl.RaftServerImpl (RaftServerImpl.java:<init>(93)) - 1e3d2a43-82dd-4ca1-824a-2408b88144bc: new RaftServerImpl for group-383B38D781F5:[1e3d2a43-82dd-4ca1-824a-2408b88144bc:192.168.34.27:33034] with ContainerStateMachine:uninitialized
2019-09-20 08:19:13,026 [pool-621-thread-1] INFO  server.RaftServerConfigKeys (ConfUtils.java:logGet(43)) - raft.server.rpc.timeout.min = 5s (custom)
2019-09-20 08:19:13,026 [pool-621-thread-1] INFO  server.RaftServerConfigKeys (ConfUtils.java:logGet(43)) - raft.server.rpc.timeout.max = 5200ms (custom)
2019-09-20 08:19:13,026 [pool-621-thread-1] INFO  server.RaftServerConfigKeys (ConfUtils.java:logGet(43)) - raft.server.rpcslowness.timeout = 120s (custom)
2019-09-20 08:19:13,026 [pool-621-thread-1] INFO  server.RaftServerConfigKeys (ConfUtils.java:logGet(43)) - raft.server.sleep.deviation.threshold = 300 (default)
2019-09-20 08:19:13,026 [pool-621-thread-1] INFO  server.RaftServerConfigKeys (ConfUtils.java:logGet(43)) - raft.server.log.appender.install.snapshot.enabled = false (custom)
2019-09-20 08:19:13,027 [pool-621-thread-1] INFO  impl.RaftServerImpl (ServerState.java:<init>(105)) - 1e3d2a43-82dd-4ca1-824a-2408b88144bc:group-383B38D781F5 ConfigurationManager, init=-1: [1e3d2a43-82dd-4ca1-824a-2408b88144bc:192.168.34.27:33034], old=null, confs=<EMPTY_MAP>
2019-09-20 08:19:13,027 [pool-621-thread-1] INFO  server.RaftServerConfigKeys (ConfUtils.java:logGet(43)) - raft.server.storage.dir = [/workdir/hadoop-ozone/ozonefs/target/test-dir/MiniOzoneClusterImpl-0ef8af2c-8d39-4a42-bdc9-6bbcc43100a2/datanode-1/data/ratis] (custom)
2019-09-20 08:19:13,027 [pool-621-thread-1] INFO  storage.RaftStorageDirectory (RaftStorageDirectory.java:analyzeStorage(246)) - The storage directory /workdir/hadoop-ozone/ozonefs/target/test-dir/MiniOzoneClusterImpl-0ef8af2c-8d39-4a42-bdc9-6bbcc43100a2/datanode-1/data/ratis/cfd7dba8-6a53-4406-8b82-383b38d781f5 does not exist. Creating ...
2019-09-20 08:19:13,030 [pool-621-thread-1] INFO  storage.RaftStorageDirectory (RaftStorageDirectory.java:tryLock(328)) - Lock on /workdir/hadoop-ozone/ozonefs/target/test-dir/MiniOzoneClusterImpl-0ef8af2c-8d39-4a42-bdc9-6bbcc43100a2/datanode-1/data/ratis/cfd7dba8-6a53-4406-8b82-383b38d781f5/in_use.lock acquired by nodename 11539@pr-hdds-1569-6tbh6-3362816358
2019-09-20 08:19:13,036 [pool-621-thread-1] INFO  storage.RaftStorage (RaftStorage.java:format(72)) - Storage directory /workdir/hadoop-ozone/ozonefs/target/test-dir/MiniOzoneClusterImpl-0ef8af2c-8d39-4a42-bdc9-6bbcc43100a2/datanode-1/data/ratis/cfd7dba8-6a53-4406-8b82-383b38d781f5 has been successfully formatted.
2019-09-20 08:19:13,036 [pool-621-thread-1] INFO  ratis.ContainerStateMachine (ContainerStateMachine.java:loadSnapshot(226)) - group-383B38D781F5: The snapshot info is null. Setting the last applied indexto:(t:0, i:~)
2019-09-20 08:19:13,037 [pool-621-thread-1] INFO  server.RaftServerConfigKeys (ConfUtils.java:logGet(43)) - raft.server.leader.election.timeout = 120s (custom)
2019-09-20 08:19:13,037 [pool-621-thread-1] INFO  server.RaftServerConfigKeys (ConfUtils.java:logGet(43)) - raft.server.log.use.memory = false (default)
2019-09-20 08:19:13,037 [pool-621-thread-1] INFO  server.RaftServerConfigKeys (ConfUtils.java:logGet(43)) - raft.server.log.purge.gap = 1000000 (custom)
2019-09-20 08:19:13,037 [pool-621-thread-1] INFO  server.RaftServerConfigKeys (ConfUtils.java:logGet(43)) - raft.server.log.appender.buffer.byte-limit = 33554432 (custom)
2019-09-20 08:19:13,037 [pool-621-thread-1] INFO  server.RaftServerConfigKeys (ConfUtils.java:logGet(43)) - raft.server.log.segment.size.max = 1048576 (custom)
2019-09-20 08:19:13,037 [pool-621-thread-1] INFO  server.RaftServerConfigKeys (ConfUtils.java:logGet(43)) - raft.server.log.segment.cache.num.max = 2 (custom)
2019-09-20 08:19:13,037 [pool-621-thread-1] INFO  segmented.SegmentedRaftLogWorker (SegmentedRaftLogWorker.java:<init>(172)) - new 1e3d2a43-82dd-4ca1-824a-2408b88144bc-SegmentedRaftLogWorker:Storage Directory /workdir/hadoop-ozone/ozonefs/target/test-dir/MiniOzoneClusterImpl-0ef8af2c-8d39-4a42-bdc9-6bbcc43100a2/datanode-1/data/ratis/cfd7dba8-6a53-4406-8b82-383b38d781f5 for RaftStorage:Storage Directory /workdir/hadoop-ozone/ozonefs/target/test-dir/MiniOzoneClusterImpl-0ef8af2c-8d39-4a42-bdc9-6bbcc43100a2/datanode-1/data/ratis/cfd7dba8-6a53-4406-8b82-383b38d781f5
2019-09-20 08:19:13,037 [pool-621-thread-1] INFO  server.RaftServerConfigKeys (ConfUtils.java:logGet(43)) - raft.server.log.queue.byte-limit = 2147483647 (custom)
2019-09-20 08:19:13,038 [pool-621-thread-1] INFO  server.RaftServerConfigKeys (ConfUtils.java:logGet(43)) - raft.server.log.queue.element-limit = 1024 (custom)
2019-09-20 08:19:13,038 [pool-621-thread-1] INFO  server.RaftServerConfigKeys (ConfUtils.java:logGet(43)) - raft.server.log.segment.size.max = 1048576 (custom)
2019-09-20 08:19:13,038 [pool-621-thread-1] INFO  server.RaftServerConfigKeys (ConfUtils.java:logGet(43)) - raft.server.log.preallocated.size = 16384 (custom)
2019-09-20 08:19:13,038 [pool-621-thread-1] INFO  server.RaftServerConfigKeys (ConfUtils.java:logGet(43)) - raft.server.log.write.buffer.size = 33554432 (custom)
2019-09-20 08:19:13,038 [pool-621-thread-1] INFO  server.RaftServerConfigKeys (ConfUtils.java:logGet(43)) - raft.server.log.force.sync.num = 128 (default)
2019-09-20 08:19:13,038 [pool-621-thread-1] INFO  server.RaftServerConfigKeys (ConfUtils.java:logGet(43)) - raft.server.log.statemachine.data.sync = true (default)
2019-09-20 08:19:13,038 [pool-621-thread-1] INFO  server.RaftServerConfigKeys (ConfUtils.java:logGet(43)) - raft.server.log.statemachine.data.sync.timeout = 10s (default)
2019-09-20 08:19:13,039 [pool-621-thread-1] INFO  server.RaftServerConfigKeys (ConfUtils.java:logGet(43)) - raft.server.log.statemachine.data.sync.timeout.retry = -1 (default)
2019-09-20 08:19:13,039 [pool-621-thread-1] INFO  server.RaftServerConfigKeys (ConfUtils.java:logGet(43)) - raft.server.log.statemachine.data.caching.enabled = true (custom)
2019-09-20 08:19:13,039 [pool-621-thread-1] INFO  segmented.SegmentedRaftLogWorker (SegmentedRaftLogWorker.java:lambda$new$0(132)) - 1e3d2a43-82dd-4ca1-824a-2408b88144bc-SegmentedRaftLogWorker:Storage Directory /workdir/hadoop-ozone/ozonefs/target/test-dir/MiniOzoneClusterImpl-0ef8af2c-8d39-4a42-bdc9-6bbcc43100a2/datanode-1/data/ratis/cfd7dba8-6a53-4406-8b82-383b38d781f5: flushIndex: setUnconditionally 0 -> -1
2019-09-20 08:19:13,039 [pool-621-thread-1] INFO  server.RaftServerConfigKeys (ConfUtils.java:logGet(43)) - raft.server.snapshot.auto.trigger.enabled = true (custom)
2019-09-20 08:19:13,040 [pool-621-thread-1] INFO  server.RaftServerConfigKeys (ConfUtils.java:logGet(43)) - raft.server.snapshot.auto.trigger.threshold = 10000 (custom)
2019-09-20 08:19:13,040 [pool-621-thread-1] INFO  server.RaftServerConfigKeys (ConfUtils.java:logGet(43)) - raft.server.retrycache.expirytime = 600000ms (custom)
2019-09-20 08:19:13,040 [pool-621-thread-1] INFO  impl.RaftServerImpl (RaftServerImpl.java:start(180)) - 1e3d2a43-82dd-4ca1-824a-2408b88144bc: start group-383B38D781F5
2019-09-20 08:19:13,040 [pool-621-thread-1] INFO  impl.RaftServerImpl (RaftServerImpl.java:setRole(171)) - 1e3d2a43-82dd-4ca1-824a-2408b88144bc:group-383B38D781F5 changes role from null to FOLLOWER at term 0 for startAsFollower
2019-09-20 08:19:13,040 [pool-621-thread-1] INFO  impl.RoleInfo (RoleInfo.java:updateAndGet(143)) - 1e3d2a43-82dd-4ca1-824a-2408b88144bc: start FollowerState
2019-09-20 08:19:13,040 [pool-621-thread-1] INFO  util.JmxRegister (JmxRegister.java:tryRegister(44)) - Successfully registered JMX Bean with object name Ratis:service=RaftServer,group=group-383B38D781F5,id=1e3d2a43-82dd-4ca1-824a-2408b88144bc
2019-09-20 08:19:13,043 [RatisPipelineUtilsThread] INFO  pipeline.PipelineStateManager (PipelineStateManager.java:addPipeline(56)) - Created pipeline Pipeline[ Id: cfd7dba8-6a53-4406-8b82-383b38d781f5, Nodes: 1e3d2a43-82dd-4ca1-824a-2408b88144bc{ip: 192.168.34.27, host: pr-hdds-1569-6tbh6-3362816358, networkLocation: /default-rack, certSerialId: null}, Type:RATIS, Factor:ONE, State:OPEN]
2019-09-20 08:19:13,043 [RatisPipelineUtilsThread] INFO  pipeline.PipelinePlacementPolicy (PipelinePlacementPolicy.java:meetCriteria(91)) - Pipeline Placement: Doesn't meet the criteria to be viable node： bdd8936c-196f-46e2-8966-287f2327a40c Heaviness: 6 limit: 5
2019-09-20 08:19:13,048 [grpc-default-executor-0] INFO  impl.RaftServerProxy (RaftServerProxy.java:addNew(89)) - 1e3d2a43-82dd-4ca1-824a-2408b88144bc: addNew group-78E9F6F6246F:[1e3d2a43-82dd-4ca1-824a-2408b88144bc:192.168.34.27:33034] returns group-78E9F6F6246F:java.util.concurrent.CompletableFuture@132d4dc2[Not completed]
2019-09-20 08:19:13,049 [pool-621-thread-1] INFO  impl.RaftServerImpl (RaftServerImpl.java:<init>(93)) - 1e3d2a43-82dd-4ca1-824a-2408b88144bc: new RaftServerImpl for group-78E9F6F6246F:[1e3d2a43-82dd-4ca1-824a-2408b88144bc:192.168.34.27:33034] with ContainerStateMachine:uninitialized
2019-09-20 08:19:13,049 [pool-621-thread-1] INFO  server.RaftServerConfigKeys (ConfUtils.java:logGet(43)) - raft.server.rpc.timeout.min = 5s (custom)
2019-09-20 08:19:13,049 [pool-621-thread-1] INFO  server.RaftServerConfigKeys (ConfUtils.java:logGet(43)) - raft.server.rpc.timeout.max = 5200ms (custom)
2019-09-20 08:19:13,049 [pool-621-thread-1] INFO  server.RaftServerConfigKeys (ConfUtils.java:logGet(43)) - raft.server.rpcslowness.timeout = 120s (custom)
2019-09-20 08:19:13,050 [pool-621-thread-1] INFO  server.RaftServerConfigKeys (ConfUtils.java:logGet(43)) - raft.server.sleep.deviation.threshold = 300 (default)
2019-09-20 08:19:13,050 [pool-621-thread-1] INFO  server.RaftServerConfigKeys (ConfUtils.java:logGet(43)) - raft.server.log.appender.install.snapshot.enabled = false (custom)
2019-09-20 08:19:13,050 [pool-621-thread-1] INFO  impl.RaftServerImpl (ServerState.java:<init>(105)) - 1e3d2a43-82dd-4ca1-824a-2408b88144bc:group-78E9F6F6246F ConfigurationManager, init=-1: [1e3d2a43-82dd-4ca1-824a-2408b88144bc:192.168.34.27:33034], old=null, confs=<EMPTY_MAP>
2019-09-20 08:19:13,050 [pool-621-thread-1] INFO  server.RaftServerConfigKeys (ConfUtils.java:logGet(43)) - raft.server.storage.dir = [/workdir/hadoop-ozone/ozonefs/target/test-dir/MiniOzoneClusterImpl-0ef8af2c-8d39-4a42-bdc9-6bbcc43100a2/datanode-1/data/ratis] (custom)
2019-09-20 08:19:13,050 [pool-621-thread-1] INFO  storage.RaftStorageDirectory (RaftStorageDirectory.java:analyzeStorage(246)) - The storage directory /workdir/hadoop-ozone/ozonefs/target/test-dir/MiniOzoneClusterImpl-0ef8af2c-8d39-4a42-bdc9-6bbcc43100a2/datanode-1/data/ratis/1a94159b-0c0b-4c8f-83c1-78e9f6f6246f does not exist. Creating ...
2019-09-20 08:19:13,053 [pool-621-thread-1] INFO  storage.RaftStorageDirectory (RaftStorageDirectory.java:tryLock(328)) - Lock on /workdir/hadoop-ozone/ozonefs/target/test-dir/MiniOzoneClusterImpl-0ef8af2c-8d39-4a42-bdc9-6bbcc43100a2/datanode-1/data/ratis/1a94159b-0c0b-4c8f-83c1-78e9f6f6246f/in_use.lock acquired by nodename 11539@pr-hdds-1569-6tbh6-3362816358
2019-09-20 08:19:13,056 [pool-621-thread-1] INFO  storage.RaftStorage (RaftStorage.java:format(72)) - Storage directory /workdir/hadoop-ozone/ozonefs/target/test-dir/MiniOzoneClusterImpl-0ef8af2c-8d39-4a42-bdc9-6bbcc43100a2/datanode-1/data/ratis/1a94159b-0c0b-4c8f-83c1-78e9f6f6246f has been successfully formatted.
2019-09-20 08:19:13,056 [pool-621-thread-1] INFO  ratis.ContainerStateMachine (ContainerStateMachine.java:loadSnapshot(226)) - group-78E9F6F6246F: The snapshot info is null. Setting the last applied indexto:(t:0, i:~)
2019-09-20 08:19:13,057 [pool-621-thread-1] INFO  server.RaftServerConfigKeys (ConfUtils.java:logGet(43)) - raft.server.leader.election.timeout = 120s (custom)
2019-09-20 08:19:13,057 [pool-621-thread-1] INFO  server.RaftServerConfigKeys (ConfUtils.java:logGet(43)) - raft.server.log.use.memory = false (default)
2019-09-20 08:19:13,057 [pool-621-thread-1] INFO  server.RaftServerConfigKeys (ConfUtils.java:logGet(43)) - raft.server.log.purge.gap = 1000000 (custom)
2019-09-20 08:19:13,057 [pool-621-thread-1] INFO  server.RaftServerConfigKeys (ConfUtils.java:logGet(43)) - raft.server.log.appender.buffer.byte-limit = 33554432 (custom)
2019-09-20 08:19:13,057 [pool-621-thread-1] INFO  server.RaftServerConfigKeys (ConfUtils.java:logGet(43)) - raft.server.log.segment.size.max = 1048576 (custom)
2019-09-20 08:19:13,057 [pool-621-thread-1] INFO  server.RaftServerConfigKeys (ConfUtils.java:logGet(43)) - raft.server.log.segment.cache.num.max = 2 (custom)
2019-09-20 08:19:13,057 [pool-621-thread-1] INFO  segmented.SegmentedRaftLogWorker (SegmentedRaftLogWorker.java:<init>(172)) - new 1e3d2a43-82dd-4ca1-824a-2408b88144bc-SegmentedRaftLogWorker:Storage Directory /workdir/hadoop-ozone/ozonefs/target/test-dir/MiniOzoneClusterImpl-0ef8af2c-8d39-4a42-bdc9-6bbcc43100a2/datanode-1/data/ratis/1a94159b-0c0b-4c8f-83c1-78e9f6f6246f for RaftStorage:Storage Directory /workdir/hadoop-ozone/ozonefs/target/test-dir/MiniOzoneClusterImpl-0ef8af2c-8d39-4a42-bdc9-6bbcc43100a2/datanode-1/data/ratis/1a94159b-0c0b-4c8f-83c1-78e9f6f6246f
2019-09-20 08:19:13,057 [pool-621-thread-1] INFO  server.RaftServerConfigKeys (ConfUtils.java:logGet(43)) - raft.server.log.queue.byte-limit = 2147483647 (custom)
2019-09-20 08:19:13,057 [pool-621-thread-1] INFO  server.RaftServerConfigKeys (ConfUtils.java:logGet(43)) - raft.server.log.queue.element-limit = 1024 (custom)
2019-09-20 08:19:13,058 [pool-621-thread-1] INFO  server.RaftServerConfigKeys (ConfUtils.java:logGet(43)) - raft.server.log.segment.size.max = 1048576 (custom)
2019-09-20 08:19:13,058 [pool-621-thread-1] INFO  server.RaftServerConfigKeys (ConfUtils.java:logGet(43)) - raft.server.log.preallocated.size = 16384 (custom)
2019-09-20 08:19:13,058 [pool-621-thread-1] INFO  server.RaftServerConfigKeys (ConfUtils.java:logGet(43)) - raft.server.log.write.buffer.size = 33554432 (custom)
2019-09-20 08:19:13,058 [pool-621-thread-1] INFO  server.RaftServerConfigKeys (ConfUtils.java:logGet(43)) - raft.server.log.force.sync.num = 128 (default)
2019-09-20 08:19:13,058 [pool-621-thread-1] INFO  server.RaftServerConfigKeys (ConfUtils.java:logGet(43)) - raft.server.log.statemachine.data.sync = true (default)
2019-09-20 08:19:13,058 [pool-621-thread-1] INFO  server.RaftServerConfigKeys (ConfUtils.java:logGet(43)) - raft.server.log.statemachine.data.sync.timeout = 10s (default)
2019-09-20 08:19:13,058 [pool-621-thread-1] INFO  server.RaftServerConfigKeys (ConfUtils.java:logGet(43)) - raft.server.log.statemachine.data.sync.timeout.retry = -1 (default)
2019-09-20 08:19:13,058 [pool-621-thread-1] INFO  server.RaftServerConfigKeys (ConfUtils.java:logGet(43)) - raft.server.log.statemachine.data.caching.enabled = true (custom)
2019-09-20 08:19:13,059 [pool-621-thread-1] INFO  segmented.SegmentedRaftLogWorker (SegmentedRaftLogWorker.java:lambda$new$0(132)) - 1e3d2a43-82dd-4ca1-824a-2408b88144bc-SegmentedRaftLogWorker:Storage Directory /workdir/hadoop-ozone/ozonefs/target/test-dir/MiniOzoneClusterImpl-0ef8af2c-8d39-4a42-bdc9-6bbcc43100a2/datanode-1/data/ratis/1a94159b-0c0b-4c8f-83c1-78e9f6f6246f: flushIndex: setUnconditionally 0 -> -1
2019-09-20 08:19:13,059 [pool-621-thread-1] INFO  server.RaftServerConfigKeys (ConfUtils.java:logGet(43)) - raft.server.snapshot.auto.trigger.enabled = true (custom)
2019-09-20 08:19:13,059 [pool-621-thread-1] INFO  server.RaftServerConfigKeys (ConfUtils.java:logGet(43)) - raft.server.snapshot.auto.trigger.threshold = 10000 (custom)
2019-09-20 08:19:13,059 [pool-621-thread-1] INFO  server.RaftServerConfigKeys (ConfUtils.java:logGet(43)) - raft.server.retrycache.expirytime = 600000ms (custom)
2019-09-20 08:19:13,059 [pool-621-thread-1] INFO  impl.RaftServerImpl (RaftServerImpl.java:start(180)) - 1e3d2a43-82dd-4ca1-824a-2408b88144bc: start group-78E9F6F6246F
2019-09-20 08:19:13,059 [pool-621-thread-1] INFO  impl.RaftServerImpl (RaftServerImpl.java:setRole(171)) - 1e3d2a43-82dd-4ca1-824a-2408b88144bc:group-78E9F6F6246F changes role from null to FOLLOWER at term 0 for startAsFollower
2019-09-20 08:19:13,059 [pool-621-thread-1] INFO  impl.RoleInfo (RoleInfo.java:updateAndGet(143)) - 1e3d2a43-82dd-4ca1-824a-2408b88144bc: start FollowerState
2019-09-20 08:19:13,060 [pool-621-thread-1] INFO  util.JmxRegister (JmxRegister.java:tryRegister(44)) - Successfully registered JMX Bean with object name Ratis:service=RaftServer,group=group-78E9F6F6246F,id=1e3d2a43-82dd-4ca1-824a-2408b88144bc
2019-09-20 08:19:13,063 [RatisPipelineUtilsThread] INFO  pipeline.PipelineStateManager (PipelineStateManager.java:addPipeline(56)) - Created pipeline Pipeline[ Id: 1a94159b-0c0b-4c8f-83c1-78e9f6f6246f, Nodes: 1e3d2a43-82dd-4ca1-824a-2408b88144bc{ip: 192.168.34.27, host: pr-hdds-1569-6tbh6-3362816358, networkLocation: /default-rack, certSerialId: null}, Type:RATIS, Factor:ONE, State:OPEN]
2019-09-20 08:19:13,063 [RatisPipelineUtilsThread] INFO  pipeline.PipelinePlacementPolicy (PipelinePlacementPolicy.java:meetCriteria(91)) - Pipeline Placement: Doesn't meet the criteria to be viable node： bdd8936c-196f-46e2-8966-287f2327a40c Heaviness: 6 limit: 5
2019-09-20 08:19:13,068 [grpc-default-executor-0] INFO  impl.RaftServerProxy (RaftServerProxy.java:addNew(89)) - 1e3d2a43-82dd-4ca1-824a-2408b88144bc: addNew group-46FA10FB3083:[1e3d2a43-82dd-4ca1-824a-2408b88144bc:192.168.34.27:33034] returns group-46FA10FB3083:java.util.concurrent.CompletableFuture@7c8584dd[Not completed]
2019-09-20 08:19:13,069 [pool-621-thread-1] INFO  impl.RaftServerImpl (RaftServerImpl.java:<init>(93)) - 1e3d2a43-82dd-4ca1-824a-2408b88144bc: new RaftServerImpl for group-46FA10FB3083:[1e3d2a43-82dd-4ca1-824a-2408b88144bc:192.168.34.27:33034] with ContainerStateMachine:uninitialized
2019-09-20 08:19:13,070 [pool-621-thread-1] INFO  server.RaftServerConfigKeys (ConfUtils.java:logGet(43)) - raft.server.rpc.timeout.min = 5s (custom)
2019-09-20 08:19:13,070 [pool-621-thread-1] INFO  server.RaftServerConfigKeys (ConfUtils.java:logGet(43)) - raft.server.rpc.timeout.max = 5200ms (custom)
2019-09-20 08:19:13,070 [pool-621-thread-1] INFO  server.RaftServerConfigKeys (ConfUtils.java:logGet(43)) - raft.server.rpcslowness.timeout = 120s (custom)
2019-09-20 08:19:13,070 [pool-621-thread-1] INFO  server.RaftServerConfigKeys (ConfUtils.java:logGet(43)) - raft.server.sleep.deviation.threshold = 300 (default)
2019-09-20 08:19:13,070 [pool-621-thread-1] INFO  server.RaftServerConfigKeys (ConfUtils.java:logGet(43)) - raft.server.log.appender.install.snapshot.enabled = false (custom)
2019-09-20 08:19:13,070 [pool-621-thread-1] INFO  impl.RaftServerImpl (ServerState.java:<init>(105)) - 1e3d2a43-82dd-4ca1-824a-2408b88144bc:group-46FA10FB3083 ConfigurationManager, init=-1: [1e3d2a43-82dd-4ca1-824a-2408b88144bc:192.168.34.27:33034], old=null, confs=<EMPTY_MAP>
2019-09-20 08:19:13,070 [pool-621-thread-1] INFO  server.RaftServerConfigKeys (ConfUtils.java:logGet(43)) - raft.server.storage.dir = [/workdir/hadoop-ozone/ozonefs/target/test-dir/MiniOzoneClusterImpl-0ef8af2c-8d39-4a42-bdc9-6bbcc43100a2/datanode-1/data/ratis] (custom)
2019-09-20 08:19:13,070 [pool-621-thread-1] INFO  storage.RaftStorageDirectory (RaftStorageDirectory.java:analyzeStorage(246)) - The storage directory /workdir/hadoop-ozone/ozonefs/target/test-dir/MiniOzoneClusterImpl-0ef8af2c-8d39-4a42-bdc9-6bbcc43100a2/datanode-1/data/ratis/aa335ba2-a541-4e4e-ac9e-46fa10fb3083 does not exist. Creating ...
2019-09-20 08:19:13,073 [pool-621-thread-1] INFO  storage.RaftStorageDirectory (RaftStorageDirectory.java:tryLock(328)) - Lock on /workdir/hadoop-ozone/ozonefs/target/test-dir/MiniOzoneClusterImpl-0ef8af2c-8d39-4a42-bdc9-6bbcc43100a2/datanode-1/data/ratis/aa335ba2-a541-4e4e-ac9e-46fa10fb3083/in_use.lock acquired by nodename 11539@pr-hdds-1569-6tbh6-3362816358
2019-09-20 08:19:13,076 [pool-621-thread-1] INFO  storage.RaftStorage (RaftStorage.java:format(72)) - Storage directory /workdir/hadoop-ozone/ozonefs/target/test-dir/MiniOzoneClusterImpl-0ef8af2c-8d39-4a42-bdc9-6bbcc43100a2/datanode-1/data/ratis/aa335ba2-a541-4e4e-ac9e-46fa10fb3083 has been successfully formatted.
2019-09-20 08:19:13,076 [pool-621-thread-1] INFO  ratis.ContainerStateMachine (ContainerStateMachine.java:loadSnapshot(226)) - group-46FA10FB3083: The snapshot info is null. Setting the last applied indexto:(t:0, i:~)
2019-09-20 08:19:13,076 [pool-621-thread-1] INFO  server.RaftServerConfigKeys (ConfUtils.java:logGet(43)) - raft.server.leader.election.timeout = 120s (custom)
2019-09-20 08:19:13,077 [pool-621-thread-1] INFO  server.RaftServerConfigKeys (ConfUtils.java:logGet(43)) - raft.server.log.use.memory = false (default)
2019-09-20 08:19:13,077 [pool-621-thread-1] INFO  server.RaftServerConfigKeys (ConfUtils.java:logGet(43)) - raft.server.log.purge.gap = 1000000 (custom)
2019-09-20 08:19:13,077 [pool-621-thread-1] INFO  server.RaftServerConfigKeys (ConfUtils.java:logGet(43)) - raft.server.log.appender.buffer.byte-limit = 33554432 (custom)
2019-09-20 08:19:13,077 [pool-621-thread-1] INFO  server.RaftServerConfigKeys (ConfUtils.java:logGet(43)) - raft.server.log.segment.size.max = 1048576 (custom)
2019-09-20 08:19:13,077 [pool-621-thread-1] INFO  server.RaftServerConfigKeys (ConfUtils.java:logGet(43)) - raft.server.log.segment.cache.num.max = 2 (custom)
2019-09-20 08:19:13,077 [pool-621-thread-1] INFO  segmented.SegmentedRaftLogWorker (SegmentedRaftLogWorker.java:<init>(172)) - new 1e3d2a43-82dd-4ca1-824a-2408b88144bc-SegmentedRaftLogWorker:Storage Directory /workdir/hadoop-ozone/ozonefs/target/test-dir/MiniOzoneClusterImpl-0ef8af2c-8d39-4a42-bdc9-6bbcc43100a2/datanode-1/data/ratis/aa335ba2-a541-4e4e-ac9e-46fa10fb3083 for RaftStorage:Storage Directory /workdir/hadoop-ozone/ozonefs/target/test-dir/MiniOzoneClusterImpl-0ef8af2c-8d39-4a42-bdc9-6bbcc43100a2/datanode-1/data/ratis/aa335ba2-a541-4e4e-ac9e-46fa10fb3083
2019-09-20 08:19:13,077 [pool-621-thread-1] INFO  server.RaftServerConfigKeys (ConfUtils.java:logGet(43)) - raft.server.log.queue.byte-limit = 2147483647 (custom)
2019-09-20 08:19:13,077 [pool-621-thread-1] INFO  server.RaftServerConfigKeys (ConfUtils.java:logGet(43)) - raft.server.log.queue.element-limit = 1024 (custom)
2019-09-20 08:19:13,077 [pool-621-thread-1] INFO  server.RaftServerConfigKeys (ConfUtils.java:logGet(43)) - raft.server.log.segment.size.max = 1048576 (custom)
2019-09-20 08:19:13,078 [pool-621-thread-1] INFO  server.RaftServerConfigKeys (ConfUtils.java:logGet(43)) - raft.server.log.preallocated.size = 16384 (custom)
2019-09-20 08:19:13,078 [pool-621-thread-1] INFO  server.RaftServerConfigKeys (ConfUtils.java:logGet(43)) - raft.server.log.write.buffer.size = 33554432 (custom)
2019-09-20 08:19:13,078 [pool-621-thread-1] INFO  server.RaftServerConfigKeys (ConfUtils.java:logGet(43)) - raft.server.log.force.sync.num = 128 (default)
2019-09-20 08:19:13,078 [pool-621-thread-1] INFO  server.RaftServerConfigKeys (ConfUtils.java:logGet(43)) - raft.server.log.statemachine.data.sync = true (default)
2019-09-20 08:19:13,078 [pool-621-thread-1] INFO  server.RaftServerConfigKeys (ConfUtils.java:logGet(43)) - raft.server.log.statemachine.data.sync.timeout = 10s (default)
2019-09-20 08:19:13,078 [pool-621-thread-1] INFO  server.RaftServerConfigKeys (ConfUtils.java:logGet(43)) - raft.server.log.statemachine.data.sync.timeout.retry = -1 (default)
2019-09-20 08:19:13,078 [pool-621-thread-1] INFO  server.RaftServerConfigKeys (ConfUtils.java:logGet(43)) - raft.server.log.statemachine.data.caching.enabled = true (custom)
2019-09-20 08:19:13,078 [pool-621-thread-1] INFO  segmented.SegmentedRaftLogWorker (SegmentedRaftLogWorker.java:lambda$new$0(132)) - 1e3d2a43-82dd-4ca1-824a-2408b88144bc-SegmentedRaftLogWorker:Storage Directory /workdir/hadoop-ozone/ozonefs/target/test-dir/MiniOzoneClusterImpl-0ef8af2c-8d39-4a42-bdc9-6bbcc43100a2/datanode-1/data/ratis/aa335ba2-a541-4e4e-ac9e-46fa10fb3083: flushIndex: setUnconditionally 0 -> -1
2019-09-20 08:19:13,079 [pool-621-thread-1] INFO  server.RaftServerConfigKeys (ConfUtils.java:logGet(43)) - raft.server.snapshot.auto.trigger.enabled = true (custom)
2019-09-20 08:19:13,079 [pool-621-thread-1] INFO  server.RaftServerConfigKeys (ConfUtils.java:logGet(43)) - raft.server.snapshot.auto.trigger.threshold = 10000 (custom)
2019-09-20 08:19:13,079 [pool-621-thread-1] INFO  server.RaftServerConfigKeys (ConfUtils.java:logGet(43)) - raft.server.retrycache.expirytime = 600000ms (custom)
2019-09-20 08:19:13,079 [pool-621-thread-1] INFO  impl.RaftServerImpl (RaftServerImpl.java:start(180)) - 1e3d2a43-82dd-4ca1-824a-2408b88144bc: start group-46FA10FB3083
2019-09-20 08:19:13,079 [pool-621-thread-1] INFO  impl.RaftServerImpl (RaftServerImpl.java:setRole(171)) - 1e3d2a43-82dd-4ca1-824a-2408b88144bc:group-46FA10FB3083 changes role from null to FOLLOWER at term 0 for startAsFollower
2019-09-20 08:19:13,079 [pool-621-thread-1] INFO  impl.RoleInfo (RoleInfo.java:updateAndGet(143)) - 1e3d2a43-82dd-4ca1-824a-2408b88144bc: start FollowerState
2019-09-20 08:19:13,080 [pool-621-thread-1] INFO  util.JmxRegister (JmxRegister.java:tryRegister(44)) - Successfully registered JMX Bean with object name Ratis:service=RaftServer,group=group-46FA10FB3083,id=1e3d2a43-82dd-4ca1-824a-2408b88144bc
2019-09-20 08:19:13,082 [RatisPipelineUtilsThread] INFO  pipeline.PipelineStateManager (PipelineStateManager.java:addPipeline(56)) - Created pipeline Pipeline[ Id: aa335ba2-a541-4e4e-ac9e-46fa10fb3083, Nodes: 1e3d2a43-82dd-4ca1-824a-2408b88144bc{ip: 192.168.34.27, host: pr-hdds-1569-6tbh6-3362816358, networkLocation: /default-rack, certSerialId: null}, Type:RATIS, Factor:ONE, State:OPEN]
2019-09-20 08:19:13,083 [RatisPipelineUtilsThread] INFO  pipeline.PipelinePlacementPolicy (PipelinePlacementPolicy.java:meetCriteria(91)) - Pipeline Placement: Doesn't meet the criteria to be viable node： bdd8936c-196f-46e2-8966-287f2327a40c Heaviness: 6 limit: 5
2019-09-20 08:19:13,089 [grpc-default-executor-0] INFO  impl.RaftServerProxy (RaftServerProxy.java:addNew(89)) - 1e3d2a43-82dd-4ca1-824a-2408b88144bc: addNew group-9B3999D5BE15:[1e3d2a43-82dd-4ca1-824a-2408b88144bc:192.168.34.27:33034] returns group-9B3999D5BE15:java.util.concurrent.CompletableFuture@7bce4a32[Not completed]
2019-09-20 08:19:13,090 [pool-621-thread-1] INFO  impl.RaftServerImpl (RaftServerImpl.java:<init>(93)) - 1e3d2a43-82dd-4ca1-824a-2408b88144bc: new RaftServerImpl for group-9B3999D5BE15:[1e3d2a43-82dd-4ca1-824a-2408b88144bc:192.168.34.27:33034] with ContainerStateMachine:uninitialized
2019-09-20 08:19:13,091 [pool-621-thread-1] INFO  server.RaftServerConfigKeys (ConfUtils.java:logGet(43)) - raft.server.rpc.timeout.min = 5s (custom)
2019-09-20 08:19:13,091 [pool-621-thread-1] INFO  server.RaftServerConfigKeys (ConfUtils.java:logGet(43)) - raft.server.rpc.timeout.max = 5200ms (custom)
2019-09-20 08:19:13,091 [pool-621-thread-1] INFO  server.RaftServerConfigKeys (ConfUtils.java:logGet(43)) - raft.server.rpcslowness.timeout = 120s (custom)
2019-09-20 08:19:13,091 [pool-621-thread-1] INFO  server.RaftServerConfigKeys (ConfUtils.java:logGet(43)) - raft.server.sleep.deviation.threshold = 300 (default)
2019-09-20 08:19:13,091 [pool-621-thread-1] INFO  server.RaftServerConfigKeys (ConfUtils.java:logGet(43)) - raft.server.log.appender.install.snapshot.enabled = false (custom)
2019-09-20 08:19:13,091 [pool-621-thread-1] INFO  impl.RaftServerImpl (ServerState.java:<init>(105)) - 1e3d2a43-82dd-4ca1-824a-2408b88144bc:group-9B3999D5BE15 ConfigurationManager, init=-1: [1e3d2a43-82dd-4ca1-824a-2408b88144bc:192.168.34.27:33034], old=null, confs=<EMPTY_MAP>
2019-09-20 08:19:13,091 [pool-621-thread-1] INFO  server.RaftServerConfigKeys (ConfUtils.java:logGet(43)) - raft.server.storage.dir = [/workdir/hadoop-ozone/ozonefs/target/test-dir/MiniOzoneClusterImpl-0ef8af2c-8d39-4a42-bdc9-6bbcc43100a2/datanode-1/data/ratis] (custom)
2019-09-20 08:19:13,092 [pool-621-thread-1] INFO  storage.RaftStorageDirectory (RaftStorageDirectory.java:analyzeStorage(246)) - The storage directory /workdir/hadoop-ozone/ozonefs/target/test-dir/MiniOzoneClusterImpl-0ef8af2c-8d39-4a42-bdc9-6bbcc43100a2/datanode-1/data/ratis/10fdcc64-14eb-4227-b1f6-9b3999d5be15 does not exist. Creating ...
2019-09-20 08:19:13,107 [pool-621-thread-1] INFO  storage.RaftStorageDirectory (RaftStorageDirectory.java:tryLock(328)) - Lock on /workdir/hadoop-ozone/ozonefs/target/test-dir/MiniOzoneClusterImpl-0ef8af2c-8d39-4a42-bdc9-6bbcc43100a2/datanode-1/data/ratis/10fdcc64-14eb-4227-b1f6-9b3999d5be15/in_use.lock acquired by nodename 11539@pr-hdds-1569-6tbh6-3362816358
2019-09-20 08:19:13,136 [pool-621-thread-1] INFO  storage.RaftStorage (RaftStorage.java:format(72)) - Storage directory /workdir/hadoop-ozone/ozonefs/target/test-dir/MiniOzoneClusterImpl-0ef8af2c-8d39-4a42-bdc9-6bbcc43100a2/datanode-1/data/ratis/10fdcc64-14eb-4227-b1f6-9b3999d5be15 has been successfully formatted.
2019-09-20 08:19:13,137 [pool-621-thread-1] INFO  ratis.ContainerStateMachine (ContainerStateMachine.java:loadSnapshot(226)) - group-9B3999D5BE15: The snapshot info is null. Setting the last applied indexto:(t:0, i:~)
2019-09-20 08:19:13,137 [pool-621-thread-1] INFO  server.RaftServerConfigKeys (ConfUtils.java:logGet(43)) - raft.server.leader.election.timeout = 120s (custom)
2019-09-20 08:19:13,137 [pool-621-thread-1] INFO  server.RaftServerConfigKeys (ConfUtils.java:logGet(43)) - raft.server.log.use.memory = false (default)
2019-09-20 08:19:13,137 [pool-621-thread-1] INFO  server.RaftServerConfigKeys (ConfUtils.java:logGet(43)) - raft.server.log.purge.gap = 1000000 (custom)
2019-09-20 08:19:13,137 [pool-621-thread-1] INFO  server.RaftServerConfigKeys (ConfUtils.java:logGet(43)) - raft.server.log.appender.buffer.byte-limit = 33554432 (custom)
2019-09-20 08:19:13,137 [pool-621-thread-1] INFO  server.RaftServerConfigKeys (ConfUtils.java:logGet(43)) - raft.server.log.segment.size.max = 1048576 (custom)
2019-09-20 08:19:13,138 [pool-621-thread-1] INFO  server.RaftServerConfigKeys (ConfUtils.java:logGet(43)) - raft.server.log.segment.cache.num.max = 2 (custom)
2019-09-20 08:19:13,138 [pool-621-thread-1] INFO  segmented.SegmentedRaftLogWorker (SegmentedRaftLogWorker.java:<init>(172)) - new 1e3d2a43-82dd-4ca1-824a-2408b88144bc-SegmentedRaftLogWorker:Storage Directory /workdir/hadoop-ozone/ozonefs/target/test-dir/MiniOzoneClusterImpl-0ef8af2c-8d39-4a42-bdc9-6bbcc43100a2/datanode-1/data/ratis/10fdcc64-14eb-4227-b1f6-9b3999d5be15 for RaftStorage:Storage Directory /workdir/hadoop-ozone/ozonefs/target/test-dir/MiniOzoneClusterImpl-0ef8af2c-8d39-4a42-bdc9-6bbcc43100a2/datanode-1/data/ratis/10fdcc64-14eb-4227-b1f6-9b3999d5be15
2019-09-20 08:19:13,138 [pool-621-thread-1] INFO  server.RaftServerConfigKeys (ConfUtils.java:logGet(43)) - raft.server.log.queue.byte-limit = 2147483647 (custom)
2019-09-20 08:19:13,138 [pool-621-thread-1] INFO  server.RaftServerConfigKeys (ConfUtils.java:logGet(43)) - raft.server.log.queue.element-limit = 1024 (custom)
2019-09-20 08:19:13,138 [pool-621-thread-1] INFO  server.RaftServerConfigKeys (ConfUtils.java:logGet(43)) - raft.server.log.segment.size.max = 1048576 (custom)
2019-09-20 08:19:13,138 [pool-621-thread-1] INFO  server.RaftServerConfigKeys (ConfUtils.java:logGet(43)) - raft.server.log.preallocated.size = 16384 (custom)
2019-09-20 08:19:13,138 [pool-621-thread-1] INFO  server.RaftServerConfigKeys (ConfUtils.java:logGet(43)) - raft.server.log.write.buffer.size = 33554432 (custom)
2019-09-20 08:19:13,139 [pool-621-thread-1] INFO  server.RaftServerConfigKeys (ConfUtils.java:logGet(43)) - raft.server.log.force.sync.num = 128 (default)
2019-09-20 08:19:13,139 [pool-621-thread-1] INFO  server.RaftServerConfigKeys (ConfUtils.java:logGet(43)) - raft.server.log.statemachine.data.sync = true (default)
2019-09-20 08:19:13,139 [pool-621-thread-1] INFO  server.RaftServerConfigKeys (ConfUtils.java:logGet(43)) - raft.server.log.statemachine.data.sync.timeout = 10s (default)
2019-09-20 08:19:13,139 [pool-621-thread-1] INFO  server.RaftServerConfigKeys (ConfUtils.java:logGet(43)) - raft.server.log.statemachine.data.sync.timeout.retry = -1 (default)
2019-09-20 08:19:13,139 [pool-621-thread-1] INFO  server.RaftServerConfigKeys (ConfUtils.java:logGet(43)) - raft.server.log.statemachine.data.caching.enabled = true (custom)
2019-09-20 08:19:13,139 [pool-621-thread-1] INFO  segmented.SegmentedRaftLogWorker (SegmentedRaftLogWorker.java:lambda$new$0(132)) - 1e3d2a43-82dd-4ca1-824a-2408b88144bc-SegmentedRaftLogWorker:Storage Directory /workdir/hadoop-ozone/ozonefs/target/test-dir/MiniOzoneClusterImpl-0ef8af2c-8d39-4a42-bdc9-6bbcc43100a2/datanode-1/data/ratis/10fdcc64-14eb-4227-b1f6-9b3999d5be15: flushIndex: setUnconditionally 0 -> -1
2019-09-20 08:19:13,140 [pool-621-thread-1] INFO  server.RaftServerConfigKeys (ConfUtils.java:logGet(43)) - raft.server.snapshot.auto.trigger.enabled = true (custom)
2019-09-20 08:19:13,140 [pool-621-thread-1] INFO  server.RaftServerConfigKeys (ConfUtils.java:logGet(43)) - raft.server.snapshot.auto.trigger.threshold = 10000 (custom)
2019-09-20 08:19:13,140 [pool-621-thread-1] INFO  server.RaftServerConfigKeys (ConfUtils.java:logGet(43)) - raft.server.retrycache.expirytime = 600000ms (custom)
2019-09-20 08:19:13,140 [pool-621-thread-1] INFO  impl.RaftServerImpl (RaftServerImpl.java:start(180)) - 1e3d2a43-82dd-4ca1-824a-2408b88144bc: start group-9B3999D5BE15
2019-09-20 08:19:13,140 [pool-621-thread-1] INFO  impl.RaftServerImpl (RaftServerImpl.java:setRole(171)) - 1e3d2a43-82dd-4ca1-824a-2408b88144bc:group-9B3999D5BE15 changes role from null to FOLLOWER at term 0 for startAsFollower
2019-09-20 08:19:13,141 [pool-621-thread-1] INFO  impl.RoleInfo (RoleInfo.java:updateAndGet(143)) - 1e3d2a43-82dd-4ca1-824a-2408b88144bc: start FollowerState
2019-09-20 08:19:13,141 [pool-621-thread-1] INFO  util.JmxRegister (JmxRegister.java:tryRegister(44)) - Successfully registered JMX Bean with object name Ratis:service=RaftServer,group=group-9B3999D5BE15,id=1e3d2a43-82dd-4ca1-824a-2408b88144bc
2019-09-20 08:19:13,144 [RatisPipelineUtilsThread] INFO  pipeline.PipelineStateManager (PipelineStateManager.java:addPipeline(56)) - Created pipeline Pipeline[ Id: 10fdcc64-14eb-4227-b1f6-9b3999d5be15, Nodes: 1e3d2a43-82dd-4ca1-824a-2408b88144bc{ip: 192.168.34.27, host: pr-hdds-1569-6tbh6-3362816358, networkLocation: /default-rack, certSerialId: null}, Type:RATIS, Factor:ONE, State:OPEN]
2019-09-20 08:19:13,144 [RatisPipelineUtilsThread] INFO  pipeline.PipelinePlacementPolicy (PipelinePlacementPolicy.java:meetCriteria(91)) - Pipeline Placement: Doesn't meet the criteria to be viable node： bdd8936c-196f-46e2-8966-287f2327a40c Heaviness: 6 limit: 5
2019-09-20 08:19:13,150 [grpc-default-executor-0] INFO  impl.RaftServerProxy (RaftServerProxy.java:addNew(89)) - 1e3d2a43-82dd-4ca1-824a-2408b88144bc: addNew group-0FAE07CC184F:[1e3d2a43-82dd-4ca1-824a-2408b88144bc:192.168.34.27:33034] returns group-0FAE07CC184F:java.util.concurrent.CompletableFuture@48a9f494[Not completed]
2019-09-20 08:19:13,151 [pool-621-thread-1] INFO  impl.RaftServerImpl (RaftServerImpl.java:<init>(93)) - 1e3d2a43-82dd-4ca1-824a-2408b88144bc: new RaftServerImpl for group-0FAE07CC184F:[1e3d2a43-82dd-4ca1-824a-2408b88144bc:192.168.34.27:33034] with ContainerStateMachine:uninitialized
2019-09-20 08:19:13,151 [pool-621-thread-1] INFO  server.RaftServerConfigKeys (ConfUtils.java:logGet(43)) - raft.server.rpc.timeout.min = 5s (custom)
2019-09-20 08:19:13,151 [pool-621-thread-1] INFO  server.RaftServerConfigKeys (ConfUtils.java:logGet(43)) - raft.server.rpc.timeout.max = 5200ms (custom)
2019-09-20 08:19:13,151 [pool-621-thread-1] INFO  server.RaftServerConfigKeys (ConfUtils.java:logGet(43)) - raft.server.rpcslowness.timeout = 120s (custom)
2019-09-20 08:19:13,151 [pool-621-thread-1] INFO  server.RaftServerConfigKeys (ConfUtils.java:logGet(43)) - raft.server.sleep.deviation.threshold = 300 (default)
2019-09-20 08:19:13,151 [pool-621-thread-1] INFO  server.RaftServerConfigKeys (ConfUtils.java:logGet(43)) - raft.server.log.appender.install.snapshot.enabled = false (custom)
2019-09-20 08:19:13,151 [pool-621-thread-1] INFO  impl.RaftServerImpl (ServerState.java:<init>(105)) - 1e3d2a43-82dd-4ca1-824a-2408b88144bc:group-0FAE07CC184F ConfigurationManager, init=-1: [1e3d2a43-82dd-4ca1-824a-2408b88144bc:192.168.34.27:33034], old=null, confs=<EMPTY_MAP>
2019-09-20 08:19:13,151 [pool-621-thread-1] INFO  server.RaftServerConfigKeys (ConfUtils.java:logGet(43)) - raft.server.storage.dir = [/workdir/hadoop-ozone/ozonefs/target/test-dir/MiniOzoneClusterImpl-0ef8af2c-8d39-4a42-bdc9-6bbcc43100a2/datanode-1/data/ratis] (custom)
2019-09-20 08:19:13,152 [pool-621-thread-1] INFO  storage.RaftStorageDirectory (RaftStorageDirectory.java:analyzeStorage(246)) - The storage directory /workdir/hadoop-ozone/ozonefs/target/test-dir/MiniOzoneClusterImpl-0ef8af2c-8d39-4a42-bdc9-6bbcc43100a2/datanode-1/data/ratis/7428f87b-d8c8-4d40-a80f-0fae07cc184f does not exist. Creating ...
2019-09-20 08:19:13,166 [pool-621-thread-1] INFO  storage.RaftStorageDirectory (RaftStorageDirectory.java:tryLock(328)) - Lock on /workdir/hadoop-ozone/ozonefs/target/test-dir/MiniOzoneClusterImpl-0ef8af2c-8d39-4a42-bdc9-6bbcc43100a2/datanode-1/data/ratis/7428f87b-d8c8-4d40-a80f-0fae07cc184f/in_use.lock acquired by nodename 11539@pr-hdds-1569-6tbh6-3362816358
2019-09-20 08:19:13,179 [pool-621-thread-1] INFO  storage.RaftStorage (RaftStorage.java:format(72)) - Storage directory /workdir/hadoop-ozone/ozonefs/target/test-dir/MiniOzoneClusterImpl-0ef8af2c-8d39-4a42-bdc9-6bbcc43100a2/datanode-1/data/ratis/7428f87b-d8c8-4d40-a80f-0fae07cc184f has been successfully formatted.
2019-09-20 08:19:13,179 [pool-621-thread-1] INFO  ratis.ContainerStateMachine (ContainerStateMachine.java:loadSnapshot(226)) - group-0FAE07CC184F: The snapshot info is null. Setting the last applied indexto:(t:0, i:~)
2019-09-20 08:19:13,179 [pool-621-thread-1] INFO  server.RaftServerConfigKeys (ConfUtils.java:logGet(43)) - raft.server.leader.election.timeout = 120s (custom)
2019-09-20 08:19:13,180 [pool-621-thread-1] INFO  server.RaftServerConfigKeys (ConfUtils.java:logGet(43)) - raft.server.log.use.memory = false (default)
2019-09-20 08:19:13,180 [pool-621-thread-1] INFO  server.RaftServerConfigKeys (ConfUtils.java:logGet(43)) - raft.server.log.purge.gap = 1000000 (custom)
2019-09-20 08:19:13,180 [pool-621-thread-1] INFO  server.RaftServerConfigKeys (ConfUtils.java:logGet(43)) - raft.server.log.appender.buffer.byte-limit = 33554432 (custom)
2019-09-20 08:19:13,180 [pool-621-thread-1] INFO  server.RaftServerConfigKeys (ConfUtils.java:logGet(43)) - raft.server.log.segment.size.max = 1048576 (custom)
2019-09-20 08:19:13,180 [pool-621-thread-1] INFO  server.RaftServerConfigKeys (ConfUtils.java:logGet(43)) - raft.server.log.segment.cache.num.max = 2 (custom)
2019-09-20 08:19:13,180 [pool-621-thread-1] INFO  segmented.SegmentedRaftLogWorker (SegmentedRaftLogWorker.java:<init>(172)) - new 1e3d2a43-82dd-4ca1-824a-2408b88144bc-SegmentedRaftLogWorker:Storage Directory /workdir/hadoop-ozone/ozonefs/target/test-dir/MiniOzoneClusterImpl-0ef8af2c-8d39-4a42-bdc9-6bbcc43100a2/datanode-1/data/ratis/7428f87b-d8c8-4d40-a80f-0fae07cc184f for RaftStorage:Storage Directory /workdir/hadoop-ozone/ozonefs/target/test-dir/MiniOzoneClusterImpl-0ef8af2c-8d39-4a42-bdc9-6bbcc43100a2/datanode-1/data/ratis/7428f87b-d8c8-4d40-a80f-0fae07cc184f
2019-09-20 08:19:13,180 [pool-621-thread-1] INFO  server.RaftServerConfigKeys (ConfUtils.java:logGet(43)) - raft.server.log.queue.byte-limit = 2147483647 (custom)
2019-09-20 08:19:13,180 [pool-621-thread-1] INFO  server.RaftServerConfigKeys (ConfUtils.java:logGet(43)) - raft.server.log.queue.element-limit = 1024 (custom)
2019-09-20 08:19:13,181 [pool-621-thread-1] INFO  server.RaftServerConfigKeys (ConfUtils.java:logGet(43)) - raft.server.log.segment.size.max = 1048576 (custom)
2019-09-20 08:19:13,181 [pool-621-thread-1] INFO  server.RaftServerConfigKeys (ConfUtils.java:logGet(43)) - raft.server.log.preallocated.size = 16384 (custom)
2019-09-20 08:19:13,181 [pool-621-thread-1] INFO  server.RaftServerConfigKeys (ConfUtils.java:logGet(43)) - raft.server.log.write.buffer.size = 33554432 (custom)
2019-09-20 08:19:13,181 [pool-621-thread-1] INFO  server.RaftServerConfigKeys (ConfUtils.java:logGet(43)) - raft.server.log.force.sync.num = 128 (default)
2019-09-20 08:19:13,181 [pool-621-thread-1] INFO  server.RaftServerConfigKeys (ConfUtils.java:logGet(43)) - raft.server.log.statemachine.data.sync = true (default)
2019-09-20 08:19:13,181 [pool-621-thread-1] INFO  server.RaftServerConfigKeys (ConfUtils.java:logGet(43)) - raft.server.log.statemachine.data.sync.timeout = 10s (default)
2019-09-20 08:19:13,181 [pool-621-thread-1] INFO  server.RaftServerConfigKeys (ConfUtils.java:logGet(43)) - raft.server.log.statemachine.data.sync.timeout.retry = -1 (default)
2019-09-20 08:19:13,181 [pool-621-thread-1] INFO  server.RaftServerConfigKeys (ConfUtils.java:logGet(43)) - raft.server.log.statemachine.data.caching.enabled = true (custom)
2019-09-20 08:19:13,182 [pool-621-thread-1] INFO  segmented.SegmentedRaftLogWorker (SegmentedRaftLogWorker.java:lambda$new$0(132)) - 1e3d2a43-82dd-4ca1-824a-2408b88144bc-SegmentedRaftLogWorker:Storage Directory /workdir/hadoop-ozone/ozonefs/target/test-dir/MiniOzoneClusterImpl-0ef8af2c-8d39-4a42-bdc9-6bbcc43100a2/datanode-1/data/ratis/7428f87b-d8c8-4d40-a80f-0fae07cc184f: flushIndex: setUnconditionally 0 -> -1
2019-09-20 08:19:13,182 [pool-621-thread-1] INFO  server.RaftServerConfigKeys (ConfUtils.java:logGet(43)) - raft.server.snapshot.auto.trigger.enabled = true (custom)
2019-09-20 08:19:13,182 [pool-621-thread-1] INFO  server.RaftServerConfigKeys (ConfUtils.java:logGet(43)) - raft.server.snapshot.auto.trigger.threshold = 10000 (custom)
2019-09-20 08:19:13,182 [pool-621-thread-1] INFO  server.RaftServerConfigKeys (ConfUtils.java:logGet(43)) - raft.server.retrycache.expirytime = 600000ms (custom)
2019-09-20 08:19:13,183 [pool-621-thread-1] INFO  impl.RaftServerImpl (RaftServerImpl.java:start(180)) - 1e3d2a43-82dd-4ca1-824a-2408b88144bc: start group-0FAE07CC184F
2019-09-20 08:19:13,183 [pool-621-thread-1] INFO  impl.RaftServerImpl (RaftServerImpl.java:setRole(171)) - 1e3d2a43-82dd-4ca1-824a-2408b88144bc:group-0FAE07CC184F changes role from null to FOLLOWER at term 0 for startAsFollower
2019-09-20 08:19:13,183 [pool-621-thread-1] INFO  impl.RoleInfo (RoleInfo.java:updateAndGet(143)) - 1e3d2a43-82dd-4ca1-824a-2408b88144bc: start FollowerState
2019-09-20 08:19:13,183 [pool-621-thread-1] INFO  util.JmxRegister (JmxRegister.java:tryRegister(44)) - Successfully registered JMX Bean with object name Ratis:service=RaftServer,group=group-0FAE07CC184F,id=1e3d2a43-82dd-4ca1-824a-2408b88144bc
2019-09-20 08:19:13,186 [RatisPipelineUtilsThread] INFO  pipeline.PipelineStateManager (PipelineStateManager.java:addPipeline(56)) - Created pipeline Pipeline[ Id: 7428f87b-d8c8-4d40-a80f-0fae07cc184f, Nodes: 1e3d2a43-82dd-4ca1-824a-2408b88144bc{ip: 192.168.34.27, host: pr-hdds-1569-6tbh6-3362816358, networkLocation: /default-rack, certSerialId: null}, Type:RATIS, Factor:ONE, State:OPEN]
2019-09-20 08:19:13,186 [RatisPipelineUtilsThread] INFO  pipeline.PipelinePlacementPolicy (PipelinePlacementPolicy.java:meetCriteria(91)) - Pipeline Placement: Doesn't meet the criteria to be viable node： bdd8936c-196f-46e2-8966-287f2327a40c Heaviness: 6 limit: 5
2019-09-20 08:19:13,191 [grpc-default-executor-0] INFO  impl.RaftServerProxy (RaftServerProxy.java:addNew(89)) - 1e3d2a43-82dd-4ca1-824a-2408b88144bc: addNew group-663E1B48CFB5:[1e3d2a43-82dd-4ca1-824a-2408b88144bc:192.168.34.27:33034] returns group-663E1B48CFB5:java.util.concurrent.CompletableFuture@61cc3a5d[Not completed]
2019-09-20 08:19:13,192 [pool-621-thread-1] INFO  impl.RaftServerImpl (RaftServerImpl.java:<init>(93)) - 1e3d2a43-82dd-4ca1-824a-2408b88144bc: new RaftServerImpl for group-663E1B48CFB5:[1e3d2a43-82dd-4ca1-824a-2408b88144bc:192.168.34.27:33034] with ContainerStateMachine:uninitialized
2019-09-20 08:19:13,192 [pool-621-thread-1] INFO  server.RaftServerConfigKeys (ConfUtils.java:logGet(43)) - raft.server.rpc.timeout.min = 5s (custom)
2019-09-20 08:19:13,192 [pool-621-thread-1] INFO  server.RaftServerConfigKeys (ConfUtils.java:logGet(43)) - raft.server.rpc.timeout.max = 5200ms (custom)
2019-09-20 08:19:13,193 [pool-621-thread-1] INFO  server.RaftServerConfigKeys (ConfUtils.java:logGet(43)) - raft.server.rpcslowness.timeout = 120s (custom)
2019-09-20 08:19:13,193 [pool-621-thread-1] INFO  server.RaftServerConfigKeys (ConfUtils.java:logGet(43)) - raft.server.sleep.deviation.threshold = 300 (default)
2019-09-20 08:19:13,193 [pool-621-thread-1] INFO  server.RaftServerConfigKeys (ConfUtils.java:logGet(43)) - raft.server.log.appender.install.snapshot.enabled = false (custom)
2019-09-20 08:19:13,193 [pool-621-thread-1] INFO  impl.RaftServerImpl (ServerState.java:<init>(105)) - 1e3d2a43-82dd-4ca1-824a-2408b88144bc:group-663E1B48CFB5 ConfigurationManager, init=-1: [1e3d2a43-82dd-4ca1-824a-2408b88144bc:192.168.34.27:33034], old=null, confs=<EMPTY_MAP>
2019-09-20 08:19:13,193 [pool-621-thread-1] INFO  server.RaftServerConfigKeys (ConfUtils.java:logGet(43)) - raft.server.storage.dir = [/workdir/hadoop-ozone/ozonefs/target/test-dir/MiniOzoneClusterImpl-0ef8af2c-8d39-4a42-bdc9-6bbcc43100a2/datanode-1/data/ratis] (custom)
2019-09-20 08:19:13,193 [pool-621-thread-1] INFO  storage.RaftStorageDirectory (RaftStorageDirectory.java:analyzeStorage(246)) - The storage directory /workdir/hadoop-ozone/ozonefs/target/test-dir/MiniOzoneClusterImpl-0ef8af2c-8d39-4a42-bdc9-6bbcc43100a2/datanode-1/data/ratis/d2a84da7-9404-4208-8d56-663e1b48cfb5 does not exist. Creating ...
2019-09-20 08:19:13,207 [pool-621-thread-1] INFO  storage.RaftStorageDirectory (RaftStorageDirectory.java:tryLock(328)) - Lock on /workdir/hadoop-ozone/ozonefs/target/test-dir/MiniOzoneClusterImpl-0ef8af2c-8d39-4a42-bdc9-6bbcc43100a2/datanode-1/data/ratis/d2a84da7-9404-4208-8d56-663e1b48cfb5/in_use.lock acquired by nodename 11539@pr-hdds-1569-6tbh6-3362816358
2019-09-20 08:19:13,213 [main] INFO  ozone.MiniOzoneClusterImpl (MiniOzoneClusterImpl.java:lambda$waitForClusterToBeReady$0(142)) - Waiting for cluster to be ready. Got 2 of 3 DN Heartbeats.
2019-09-20 08:19:13,215 [IPC Server handler 3 on 38730] INFO  net.NetworkTopology (NetworkTopologyImpl.java:add(110)) - Added a new node: /default-rack/00188cad-157e-4dc5-9e27-ca4a6687ede8
2019-09-20 08:19:13,215 [IPC Server handler 3 on 38730] INFO  node.SCMNodeManager (SCMNodeManager.java:register(273)) - Registered Data node : 00188cad-157e-4dc5-9e27-ca4a6687ede8{ip: 192.168.34.27, host: pr-hdds-1569-6tbh6-3362816358, networkLocation: /default-rack, certSerialId: null}
2019-09-20 08:19:13,215 | INFO  | SCMAudit | user=jenkins1000 | ip=192.168.34.27 | op=REGISTER {datanodeDetails=00188cad-157e-4dc5-9e27-ca4a6687ede8{ip: 192.168.34.27, host: pr-hdds-1569-6tbh6-3362816358, networkLocation: /default-rack, certSerialId: null}} | ret=SUCCESS |  
2019-09-20 08:19:13,219 [pool-621-thread-1] INFO  storage.RaftStorage (RaftStorage.java:format(72)) - Storage directory /workdir/hadoop-ozone/ozonefs/target/test-dir/MiniOzoneClusterImpl-0ef8af2c-8d39-4a42-bdc9-6bbcc43100a2/datanode-1/data/ratis/d2a84da7-9404-4208-8d56-663e1b48cfb5 has been successfully formatted.
2019-09-20 08:19:13,220 [pool-621-thread-1] INFO  ratis.ContainerStateMachine (ContainerStateMachine.java:loadSnapshot(226)) - group-663E1B48CFB5: The snapshot info is null. Setting the last applied indexto:(t:0, i:~)
2019-09-20 08:19:13,220 [pool-621-thread-1] INFO  server.RaftServerConfigKeys (ConfUtils.java:logGet(43)) - raft.server.leader.election.timeout = 120s (custom)
2019-09-20 08:19:13,220 [pool-621-thread-1] INFO  server.RaftServerConfigKeys (ConfUtils.java:logGet(43)) - raft.server.log.use.memory = false (default)
2019-09-20 08:19:13,220 [pool-621-thread-1] INFO  server.RaftServerConfigKeys (ConfUtils.java:logGet(43)) - raft.server.log.purge.gap = 1000000 (custom)
2019-09-20 08:19:13,220 [pool-621-thread-1] INFO  server.RaftServerConfigKeys (ConfUtils.java:logGet(43)) - raft.server.log.appender.buffer.byte-limit = 33554432 (custom)
2019-09-20 08:19:13,220 [pool-621-thread-1] INFO  server.RaftServerConfigKeys (ConfUtils.java:logGet(43)) - raft.server.log.segment.size.max = 1048576 (custom)
2019-09-20 08:19:13,220 [pool-621-thread-1] INFO  server.RaftServerConfigKeys (ConfUtils.java:logGet(43)) - raft.server.log.segment.cache.num.max = 2 (custom)
2019-09-20 08:19:13,220 [pool-621-thread-1] INFO  segmented.SegmentedRaftLogWorker (SegmentedRaftLogWorker.java:<init>(172)) - new 1e3d2a43-82dd-4ca1-824a-2408b88144bc-SegmentedRaftLogWorker:Storage Directory /workdir/hadoop-ozone/ozonefs/target/test-dir/MiniOzoneClusterImpl-0ef8af2c-8d39-4a42-bdc9-6bbcc43100a2/datanode-1/data/ratis/d2a84da7-9404-4208-8d56-663e1b48cfb5 for RaftStorage:Storage Directory /workdir/hadoop-ozone/ozonefs/target/test-dir/MiniOzoneClusterImpl-0ef8af2c-8d39-4a42-bdc9-6bbcc43100a2/datanode-1/data/ratis/d2a84da7-9404-4208-8d56-663e1b48cfb5
2019-09-20 08:19:13,221 [pool-621-thread-1] INFO  server.RaftServerConfigKeys (ConfUtils.java:logGet(43)) - raft.server.log.queue.byte-limit = 2147483647 (custom)
2019-09-20 08:19:13,221 [pool-621-thread-1] INFO  server.RaftServerConfigKeys (ConfUtils.java:logGet(43)) - raft.server.log.queue.element-limit = 1024 (custom)
2019-09-20 08:19:13,221 [pool-621-thread-1] INFO  server.RaftServerConfigKeys (ConfUtils.java:logGet(43)) - raft.server.log.segment.size.max = 1048576 (custom)
2019-09-20 08:19:13,221 [pool-621-thread-1] INFO  server.RaftServerConfigKeys (ConfUtils.java:logGet(43)) - raft.server.log.preallocated.size = 16384 (custom)
2019-09-20 08:19:13,221 [pool-621-thread-1] INFO  server.RaftServerConfigKeys (ConfUtils.java:logGet(43)) - raft.server.log.write.buffer.size = 33554432 (custom)
2019-09-20 08:19:13,221 [pool-621-thread-1] INFO  server.RaftServerConfigKeys (ConfUtils.java:logGet(43)) - raft.server.log.force.sync.num = 128 (default)
2019-09-20 08:19:13,221 [pool-621-thread-1] INFO  server.RaftServerConfigKeys (ConfUtils.java:logGet(43)) - raft.server.log.statemachine.data.sync = true (default)
2019-09-20 08:19:13,221 [pool-621-thread-1] INFO  server.RaftServerConfigKeys (ConfUtils.java:logGet(43)) - raft.server.log.statemachine.data.sync.timeout = 10s (default)
2019-09-20 08:19:13,221 [pool-621-thread-1] INFO  server.RaftServerConfigKeys (ConfUtils.java:logGet(43)) - raft.server.log.statemachine.data.sync.timeout.retry = -1 (default)
2019-09-20 08:19:13,222 [pool-621-thread-1] INFO  server.RaftServerConfigKeys (ConfUtils.java:logGet(43)) - raft.server.log.statemachine.data.caching.enabled = true (custom)
2019-09-20 08:19:13,222 [pool-621-thread-1] INFO  segmented.SegmentedRaftLogWorker (SegmentedRaftLogWorker.java:lambda$new$0(132)) - 1e3d2a43-82dd-4ca1-824a-2408b88144bc-SegmentedRaftLogWorker:Storage Directory /workdir/hadoop-ozone/ozonefs/target/test-dir/MiniOzoneClusterImpl-0ef8af2c-8d39-4a42-bdc9-6bbcc43100a2/datanode-1/data/ratis/d2a84da7-9404-4208-8d56-663e1b48cfb5: flushIndex: setUnconditionally 0 -> -1
2019-09-20 08:19:13,222 [pool-621-thread-1] INFO  server.RaftServerConfigKeys (ConfUtils.java:logGet(43)) - raft.server.snapshot.auto.trigger.enabled = true (custom)
2019-09-20 08:19:13,222 [pool-621-thread-1] INFO  server.RaftServerConfigKeys (ConfUtils.java:logGet(43)) - raft.server.snapshot.auto.trigger.threshold = 10000 (custom)
2019-09-20 08:19:13,222 [pool-621-thread-1] INFO  server.RaftServerConfigKeys (ConfUtils.java:logGet(43)) - raft.server.retrycache.expirytime = 600000ms (custom)
2019-09-20 08:19:13,223 [pool-621-thread-1] INFO  impl.RaftServerImpl (RaftServerImpl.java:start(180)) - 1e3d2a43-82dd-4ca1-824a-2408b88144bc: start group-663E1B48CFB5
2019-09-20 08:19:13,223 [pool-621-thread-1] INFO  impl.RaftServerImpl (RaftServerImpl.java:setRole(171)) - 1e3d2a43-82dd-4ca1-824a-2408b88144bc:group-663E1B48CFB5 changes role from null to FOLLOWER at term 0 for startAsFollower
2019-09-20 08:19:13,223 [pool-621-thread-1] INFO  impl.RoleInfo (RoleInfo.java:updateAndGet(143)) - 1e3d2a43-82dd-4ca1-824a-2408b88144bc: start FollowerState
2019-09-20 08:19:13,223 [pool-621-thread-1] INFO  util.JmxRegister (JmxRegister.java:tryRegister(44)) - Successfully registered JMX Bean with object name Ratis:service=RaftServer,group=group-663E1B48CFB5,id=1e3d2a43-82dd-4ca1-824a-2408b88144bc
2019-09-20 08:19:13,226 [RatisPipelineUtilsThread] INFO  pipeline.PipelineStateManager (PipelineStateManager.java:addPipeline(56)) - Created pipeline Pipeline[ Id: d2a84da7-9404-4208-8d56-663e1b48cfb5, Nodes: 1e3d2a43-82dd-4ca1-824a-2408b88144bc{ip: 192.168.34.27, host: pr-hdds-1569-6tbh6-3362816358, networkLocation: /default-rack, certSerialId: null}, Type:RATIS, Factor:ONE, State:OPEN]
2019-09-20 08:19:13,226 [RatisPipelineUtilsThread] INFO  pipeline.PipelinePlacementPolicy (PipelinePlacementPolicy.java:meetCriteria(91)) - Pipeline Placement: Doesn't meet the criteria to be viable node： bdd8936c-196f-46e2-8966-287f2327a40c Heaviness: 6 limit: 5
2019-09-20 08:19:13,226 [RatisPipelineUtilsThread] INFO  pipeline.PipelinePlacementPolicy (PipelinePlacementPolicy.java:meetCriteria(91)) - Pipeline Placement: Doesn't meet the criteria to be viable node： 1e3d2a43-82dd-4ca1-824a-2408b88144bc Heaviness: 6 limit: 5
2019-09-20 08:19:13,234 [grpc-default-executor-0] INFO  impl.RaftServerProxy (RaftServerProxy.java:addNew(89)) - 00188cad-157e-4dc5-9e27-ca4a6687ede8: addNew group-3C2520F50642:[00188cad-157e-4dc5-9e27-ca4a6687ede8:192.168.34.27:35096] returns group-3C2520F50642:java.util.concurrent.CompletableFuture@1460711f[Not completed]
2019-09-20 08:19:13,236 [pool-632-thread-1] INFO  impl.RaftServerImpl (RaftServerImpl.java:<init>(93)) - 00188cad-157e-4dc5-9e27-ca4a6687ede8: new RaftServerImpl for group-3C2520F50642:[00188cad-157e-4dc5-9e27-ca4a6687ede8:192.168.34.27:35096] with ContainerStateMachine:uninitialized
2019-09-20 08:19:13,236 [pool-632-thread-1] INFO  server.RaftServerConfigKeys (ConfUtils.java:logGet(43)) - raft.server.rpc.timeout.min = 5s (custom)
2019-09-20 08:19:13,236 [pool-632-thread-1] INFO  server.RaftServerConfigKeys (ConfUtils.java:logGet(43)) - raft.server.rpc.timeout.max = 5200ms (custom)
2019-09-20 08:19:13,236 [pool-632-thread-1] INFO  server.RaftServerConfigKeys (ConfUtils.java:logGet(43)) - raft.server.rpcslowness.timeout = 120s (custom)
2019-09-20 08:19:13,236 [pool-632-thread-1] INFO  server.RaftServerConfigKeys (ConfUtils.java:logGet(43)) - raft.server.sleep.deviation.threshold = 300 (default)
2019-09-20 08:19:13,236 [pool-632-thread-1] INFO  server.RaftServerConfigKeys (ConfUtils.java:logGet(43)) - raft.server.log.appender.install.snapshot.enabled = false (custom)
2019-09-20 08:19:13,236 [pool-632-thread-1] INFO  impl.RaftServerImpl (ServerState.java:<init>(105)) - 00188cad-157e-4dc5-9e27-ca4a6687ede8:group-3C2520F50642 ConfigurationManager, init=-1: [00188cad-157e-4dc5-9e27-ca4a6687ede8:192.168.34.27:35096], old=null, confs=<EMPTY_MAP>
2019-09-20 08:19:13,237 [pool-632-thread-1] INFO  server.RaftServerConfigKeys (ConfUtils.java:logGet(43)) - raft.server.storage.dir = [/workdir/hadoop-ozone/ozonefs/target/test-dir/MiniOzoneClusterImpl-0ef8af2c-8d39-4a42-bdc9-6bbcc43100a2/datanode-2/data/ratis] (custom)
2019-09-20 08:19:13,237 [pool-632-thread-1] INFO  storage.RaftStorageDirectory (RaftStorageDirectory.java:analyzeStorage(246)) - The storage directory /workdir/hadoop-ozone/ozonefs/target/test-dir/MiniOzoneClusterImpl-0ef8af2c-8d39-4a42-bdc9-6bbcc43100a2/datanode-2/data/ratis/5e20a482-79c0-4c27-a2cc-3c2520f50642 does not exist. Creating ...
2019-09-20 08:19:13,249 [pool-632-thread-1] INFO  storage.RaftStorageDirectory (RaftStorageDirectory.java:tryLock(328)) - Lock on /workdir/hadoop-ozone/ozonefs/target/test-dir/MiniOzoneClusterImpl-0ef8af2c-8d39-4a42-bdc9-6bbcc43100a2/datanode-2/data/ratis/5e20a482-79c0-4c27-a2cc-3c2520f50642/in_use.lock acquired by nodename 11539@pr-hdds-1569-6tbh6-3362816358
2019-09-20 08:19:13,262 [pool-632-thread-1] INFO  storage.RaftStorage (RaftStorage.java:format(72)) - Storage directory /workdir/hadoop-ozone/ozonefs/target/test-dir/MiniOzoneClusterImpl-0ef8af2c-8d39-4a42-bdc9-6bbcc43100a2/datanode-2/data/ratis/5e20a482-79c0-4c27-a2cc-3c2520f50642 has been successfully formatted.
2019-09-20 08:19:13,262 [pool-632-thread-1] INFO  ratis.ContainerStateMachine (ContainerStateMachine.java:loadSnapshot(226)) - group-3C2520F50642: The snapshot info is null. Setting the last applied indexto:(t:0, i:~)
2019-09-20 08:19:13,262 [pool-632-thread-1] INFO  server.RaftServerConfigKeys (ConfUtils.java:logGet(43)) - raft.server.leader.election.timeout = 120s (custom)
2019-09-20 08:19:13,262 [pool-632-thread-1] INFO  server.RaftServerConfigKeys (ConfUtils.java:logGet(43)) - raft.server.log.use.memory = false (default)
2019-09-20 08:19:13,262 [pool-632-thread-1] INFO  server.RaftServerConfigKeys (ConfUtils.java:logGet(43)) - raft.server.log.purge.gap = 1000000 (custom)
2019-09-20 08:19:13,262 [pool-632-thread-1] INFO  server.RaftServerConfigKeys (ConfUtils.java:logGet(43)) - raft.server.log.appender.buffer.byte-limit = 33554432 (custom)
2019-09-20 08:19:13,262 [pool-632-thread-1] INFO  server.RaftServerConfigKeys (ConfUtils.java:logGet(43)) - raft.server.log.segment.size.max = 1048576 (custom)
2019-09-20 08:19:13,263 [pool-632-thread-1] INFO  server.RaftServerConfigKeys (ConfUtils.java:logGet(43)) - raft.server.log.segment.cache.num.max = 2 (custom)
2019-09-20 08:19:13,263 [pool-632-thread-1] INFO  segmented.SegmentedRaftLogWorker (SegmentedRaftLogWorker.java:<init>(172)) - new 00188cad-157e-4dc5-9e27-ca4a6687ede8-SegmentedRaftLogWorker:Storage Directory /workdir/hadoop-ozone/ozonefs/target/test-dir/MiniOzoneClusterImpl-0ef8af2c-8d39-4a42-bdc9-6bbcc43100a2/datanode-2/data/ratis/5e20a482-79c0-4c27-a2cc-3c2520f50642 for RaftStorage:Storage Directory /workdir/hadoop-ozone/ozonefs/target/test-dir/MiniOzoneClusterImpl-0ef8af2c-8d39-4a42-bdc9-6bbcc43100a2/datanode-2/data/ratis/5e20a482-79c0-4c27-a2cc-3c2520f50642
2019-09-20 08:19:13,263 [pool-632-thread-1] INFO  server.RaftServerConfigKeys (ConfUtils.java:logGet(43)) - raft.server.log.queue.byte-limit = 2147483647 (custom)
2019-09-20 08:19:13,263 [pool-632-thread-1] INFO  server.RaftServerConfigKeys (ConfUtils.java:logGet(43)) - raft.server.log.queue.element-limit = 1024 (custom)
2019-09-20 08:19:13,263 [pool-632-thread-1] INFO  server.RaftServerConfigKeys (ConfUtils.java:logGet(43)) - raft.server.log.segment.size.max = 1048576 (custom)
2019-09-20 08:19:13,263 [pool-632-thread-1] INFO  server.RaftServerConfigKeys (ConfUtils.java:logGet(43)) - raft.server.log.preallocated.size = 16384 (custom)
2019-09-20 08:19:13,264 [pool-632-thread-1] INFO  server.RaftServerConfigKeys (ConfUtils.java:logGet(43)) - raft.server.log.write.buffer.size = 33554432 (custom)
2019-09-20 08:19:13,264 [pool-632-thread-1] INFO  server.RaftServerConfigKeys (ConfUtils.java:logGet(43)) - raft.server.log.force.sync.num = 128 (default)
2019-09-20 08:19:13,264 [pool-632-thread-1] INFO  server.RaftServerConfigKeys (ConfUtils.java:logGet(43)) - raft.server.log.statemachine.data.sync = true (default)
2019-09-20 08:19:13,264 [pool-632-thread-1] INFO  server.RaftServerConfigKeys (ConfUtils.java:logGet(43)) - raft.server.log.statemachine.data.sync.timeout = 10s (default)
2019-09-20 08:19:13,264 [pool-632-thread-1] INFO  server.RaftServerConfigKeys (ConfUtils.java:logGet(43)) - raft.server.log.statemachine.data.sync.timeout.retry = -1 (default)
2019-09-20 08:19:13,264 [pool-632-thread-1] INFO  server.RaftServerConfigKeys (ConfUtils.java:logGet(43)) - raft.server.log.statemachine.data.caching.enabled = true (custom)
2019-09-20 08:19:13,265 [pool-632-thread-1] INFO  segmented.SegmentedRaftLogWorker (SegmentedRaftLogWorker.java:lambda$new$0(132)) - 00188cad-157e-4dc5-9e27-ca4a6687ede8-SegmentedRaftLogWorker:Storage Directory /workdir/hadoop-ozone/ozonefs/target/test-dir/MiniOzoneClusterImpl-0ef8af2c-8d39-4a42-bdc9-6bbcc43100a2/datanode-2/data/ratis/5e20a482-79c0-4c27-a2cc-3c2520f50642: flushIndex: setUnconditionally 0 -> -1
2019-09-20 08:19:13,265 [pool-632-thread-1] INFO  server.RaftServerConfigKeys (ConfUtils.java:logGet(43)) - raft.server.snapshot.auto.trigger.enabled = true (custom)
2019-09-20 08:19:13,265 [pool-632-thread-1] INFO  server.RaftServerConfigKeys (ConfUtils.java:logGet(43)) - raft.server.snapshot.auto.trigger.threshold = 10000 (custom)
2019-09-20 08:19:13,265 [pool-632-thread-1] INFO  server.RaftServerConfigKeys (ConfUtils.java:logGet(43)) - raft.server.retrycache.expirytime = 600000ms (custom)
2019-09-20 08:19:13,265 [pool-632-thread-1] INFO  impl.RaftServerImpl (RaftServerImpl.java:start(180)) - 00188cad-157e-4dc5-9e27-ca4a6687ede8: start group-3C2520F50642
2019-09-20 08:19:13,266 [pool-632-thread-1] INFO  impl.RaftServerImpl (RaftServerImpl.java:setRole(171)) - 00188cad-157e-4dc5-9e27-ca4a6687ede8:group-3C2520F50642 changes role from null to FOLLOWER at term 0 for startAsFollower
2019-09-20 08:19:13,266 [pool-632-thread-1] INFO  impl.RoleInfo (RoleInfo.java:updateAndGet(143)) - 00188cad-157e-4dc5-9e27-ca4a6687ede8: start FollowerState
2019-09-20 08:19:13,266 [pool-632-thread-1] INFO  util.JmxRegister (JmxRegister.java:tryRegister(44)) - Successfully registered JMX Bean with object name Ratis:service=RaftServer,group=group-3C2520F50642,id=00188cad-157e-4dc5-9e27-ca4a6687ede8
2019-09-20 08:19:13,269 [RatisPipelineUtilsThread] INFO  pipeline.PipelineStateManager (PipelineStateManager.java:addPipeline(56)) - Created pipeline Pipeline[ Id: 5e20a482-79c0-4c27-a2cc-3c2520f50642, Nodes: 00188cad-157e-4dc5-9e27-ca4a6687ede8{ip: 192.168.34.27, host: pr-hdds-1569-6tbh6-3362816358, networkLocation: /default-rack, certSerialId: null}, Type:RATIS, Factor:ONE, State:OPEN]
2019-09-20 08:19:13,269 [RatisPipelineUtilsThread] INFO  pipeline.PipelinePlacementPolicy (PipelinePlacementPolicy.java:meetCriteria(91)) - Pipeline Placement: Doesn't meet the criteria to be viable node： bdd8936c-196f-46e2-8966-287f2327a40c Heaviness: 6 limit: 5
2019-09-20 08:19:13,270 [RatisPipelineUtilsThread] INFO  pipeline.PipelinePlacementPolicy (PipelinePlacementPolicy.java:meetCriteria(91)) - Pipeline Placement: Doesn't meet the criteria to be viable node： 1e3d2a43-82dd-4ca1-824a-2408b88144bc Heaviness: 6 limit: 5
2019-09-20 08:19:13,275 [grpc-default-executor-0] INFO  impl.RaftServerProxy (RaftServerProxy.java:addNew(89)) - 00188cad-157e-4dc5-9e27-ca4a6687ede8: addNew group-9B2304A095AF:[00188cad-157e-4dc5-9e27-ca4a6687ede8:192.168.34.27:35096] returns group-9B2304A095AF:java.util.concurrent.CompletableFuture@4f936e64[Not completed]
2019-09-20 08:19:13,276 [pool-632-thread-1] INFO  impl.RaftServerImpl (RaftServerImpl.java:<init>(93)) - 00188cad-157e-4dc5-9e27-ca4a6687ede8: new RaftServerImpl for group-9B2304A095AF:[00188cad-157e-4dc5-9e27-ca4a6687ede8:192.168.34.27:35096] with ContainerStateMachine:uninitialized
2019-09-20 08:19:13,276 [pool-632-thread-1] INFO  server.RaftServerConfigKeys (ConfUtils.java:logGet(43)) - raft.server.rpc.timeout.min = 5s (custom)
2019-09-20 08:19:13,276 [pool-632-thread-1] INFO  server.RaftServerConfigKeys (ConfUtils.java:logGet(43)) - raft.server.rpc.timeout.max = 5200ms (custom)
2019-09-20 08:19:13,276 [pool-632-thread-1] INFO  server.RaftServerConfigKeys (ConfUtils.java:logGet(43)) - raft.server.rpcslowness.timeout = 120s (custom)
2019-09-20 08:19:13,276 [pool-632-thread-1] INFO  server.RaftServerConfigKeys (ConfUtils.java:logGet(43)) - raft.server.sleep.deviation.threshold = 300 (default)
2019-09-20 08:19:13,276 [pool-632-thread-1] INFO  server.RaftServerConfigKeys (ConfUtils.java:logGet(43)) - raft.server.log.appender.install.snapshot.enabled = false (custom)
2019-09-20 08:19:13,276 [pool-632-thread-1] INFO  impl.RaftServerImpl (ServerState.java:<init>(105)) - 00188cad-157e-4dc5-9e27-ca4a6687ede8:group-9B2304A095AF ConfigurationManager, init=-1: [00188cad-157e-4dc5-9e27-ca4a6687ede8:192.168.34.27:35096], old=null, confs=<EMPTY_MAP>
2019-09-20 08:19:13,277 [pool-632-thread-1] INFO  server.RaftServerConfigKeys (ConfUtils.java:logGet(43)) - raft.server.storage.dir = [/workdir/hadoop-ozone/ozonefs/target/test-dir/MiniOzoneClusterImpl-0ef8af2c-8d39-4a42-bdc9-6bbcc43100a2/datanode-2/data/ratis] (custom)
2019-09-20 08:19:13,277 [pool-632-thread-1] INFO  storage.RaftStorageDirectory (RaftStorageDirectory.java:analyzeStorage(246)) - The storage directory /workdir/hadoop-ozone/ozonefs/target/test-dir/MiniOzoneClusterImpl-0ef8af2c-8d39-4a42-bdc9-6bbcc43100a2/datanode-2/data/ratis/e501c56b-3ee1-4c74-abd3-9b2304a095af does not exist. Creating ...
2019-09-20 08:19:13,290 [pool-632-thread-1] INFO  storage.RaftStorageDirectory (RaftStorageDirectory.java:tryLock(328)) - Lock on /workdir/hadoop-ozone/ozonefs/target/test-dir/MiniOzoneClusterImpl-0ef8af2c-8d39-4a42-bdc9-6bbcc43100a2/datanode-2/data/ratis/e501c56b-3ee1-4c74-abd3-9b2304a095af/in_use.lock acquired by nodename 11539@pr-hdds-1569-6tbh6-3362816358
2019-09-20 08:19:13,302 [pool-632-thread-1] INFO  storage.RaftStorage (RaftStorage.java:format(72)) - Storage directory /workdir/hadoop-ozone/ozonefs/target/test-dir/MiniOzoneClusterImpl-0ef8af2c-8d39-4a42-bdc9-6bbcc43100a2/datanode-2/data/ratis/e501c56b-3ee1-4c74-abd3-9b2304a095af has been successfully formatted.
2019-09-20 08:19:13,303 [pool-632-thread-1] INFO  ratis.ContainerStateMachine (ContainerStateMachine.java:loadSnapshot(226)) - group-9B2304A095AF: The snapshot info is null. Setting the last applied indexto:(t:0, i:~)
2019-09-20 08:19:13,303 [pool-632-thread-1] INFO  server.RaftServerConfigKeys (ConfUtils.java:logGet(43)) - raft.server.leader.election.timeout = 120s (custom)
2019-09-20 08:19:13,303 [pool-632-thread-1] INFO  server.RaftServerConfigKeys (ConfUtils.java:logGet(43)) - raft.server.log.use.memory = false (default)
2019-09-20 08:19:13,303 [pool-632-thread-1] INFO  server.RaftServerConfigKeys (ConfUtils.java:logGet(43)) - raft.server.log.purge.gap = 1000000 (custom)
2019-09-20 08:19:13,304 [pool-632-thread-1] INFO  server.RaftServerConfigKeys (ConfUtils.java:logGet(43)) - raft.server.log.appender.buffer.byte-limit = 33554432 (custom)
2019-09-20 08:19:13,304 [pool-632-thread-1] INFO  server.RaftServerConfigKeys (ConfUtils.java:logGet(43)) - raft.server.log.segment.size.max = 1048576 (custom)
2019-09-20 08:19:13,304 [pool-632-thread-1] INFO  server.RaftServerConfigKeys (ConfUtils.java:logGet(43)) - raft.server.log.segment.cache.num.max = 2 (custom)
2019-09-20 08:19:13,304 [pool-632-thread-1] INFO  segmented.SegmentedRaftLogWorker (SegmentedRaftLogWorker.java:<init>(172)) - new 00188cad-157e-4dc5-9e27-ca4a6687ede8-SegmentedRaftLogWorker:Storage Directory /workdir/hadoop-ozone/ozonefs/target/test-dir/MiniOzoneClusterImpl-0ef8af2c-8d39-4a42-bdc9-6bbcc43100a2/datanode-2/data/ratis/e501c56b-3ee1-4c74-abd3-9b2304a095af for RaftStorage:Storage Directory /workdir/hadoop-ozone/ozonefs/target/test-dir/MiniOzoneClusterImpl-0ef8af2c-8d39-4a42-bdc9-6bbcc43100a2/datanode-2/data/ratis/e501c56b-3ee1-4c74-abd3-9b2304a095af
2019-09-20 08:19:13,304 [pool-632-thread-1] INFO  server.RaftServerConfigKeys (ConfUtils.java:logGet(43)) - raft.server.log.queue.byte-limit = 2147483647 (custom)
2019-09-20 08:19:13,304 [pool-632-thread-1] INFO  server.RaftServerConfigKeys (ConfUtils.java:logGet(43)) - raft.server.log.queue.element-limit = 1024 (custom)
2019-09-20 08:19:13,304 [pool-632-thread-1] INFO  server.RaftServerConfigKeys (ConfUtils.java:logGet(43)) - raft.server.log.segment.size.max = 1048576 (custom)
2019-09-20 08:19:13,305 [pool-632-thread-1] INFO  server.RaftServerConfigKeys (ConfUtils.java:logGet(43)) - raft.server.log.preallocated.size = 16384 (custom)
2019-09-20 08:19:13,305 [pool-632-thread-1] INFO  server.RaftServerConfigKeys (ConfUtils.java:logGet(43)) - raft.server.log.write.buffer.size = 33554432 (custom)
2019-09-20 08:19:13,305 [pool-632-thread-1] INFO  server.RaftServerConfigKeys (ConfUtils.java:logGet(43)) - raft.server.log.force.sync.num = 128 (default)
2019-09-20 08:19:13,305 [pool-632-thread-1] INFO  server.RaftServerConfigKeys (ConfUtils.java:logGet(43)) - raft.server.log.statemachine.data.sync = true (default)
2019-09-20 08:19:13,305 [pool-632-thread-1] INFO  server.RaftServerConfigKeys (ConfUtils.java:logGet(43)) - raft.server.log.statemachine.data.sync.timeout = 10s (default)
2019-09-20 08:19:13,305 [pool-632-thread-1] INFO  server.RaftServerConfigKeys (ConfUtils.java:logGet(43)) - raft.server.log.statemachine.data.sync.timeout.retry = -1 (default)
2019-09-20 08:19:13,305 [pool-632-thread-1] INFO  server.RaftServerConfigKeys (ConfUtils.java:logGet(43)) - raft.server.log.statemachine.data.caching.enabled = true (custom)
2019-09-20 08:19:13,306 [pool-632-thread-1] INFO  segmented.SegmentedRaftLogWorker (SegmentedRaftLogWorker.java:lambda$new$0(132)) - 00188cad-157e-4dc5-9e27-ca4a6687ede8-SegmentedRaftLogWorker:Storage Directory /workdir/hadoop-ozone/ozonefs/target/test-dir/MiniOzoneClusterImpl-0ef8af2c-8d39-4a42-bdc9-6bbcc43100a2/datanode-2/data/ratis/e501c56b-3ee1-4c74-abd3-9b2304a095af: flushIndex: setUnconditionally 0 -> -1
2019-09-20 08:19:13,306 [pool-632-thread-1] INFO  server.RaftServerConfigKeys (ConfUtils.java:logGet(43)) - raft.server.snapshot.auto.trigger.enabled = true (custom)
2019-09-20 08:19:13,306 [pool-632-thread-1] INFO  server.RaftServerConfigKeys (ConfUtils.java:logGet(43)) - raft.server.snapshot.auto.trigger.threshold = 10000 (custom)
2019-09-20 08:19:13,306 [pool-632-thread-1] INFO  server.RaftServerConfigKeys (ConfUtils.java:logGet(43)) - raft.server.retrycache.expirytime = 600000ms (custom)
2019-09-20 08:19:13,307 [pool-632-thread-1] INFO  impl.RaftServerImpl (RaftServerImpl.java:start(180)) - 00188cad-157e-4dc5-9e27-ca4a6687ede8: start group-9B2304A095AF
2019-09-20 08:19:13,307 [pool-632-thread-1] INFO  impl.RaftServerImpl (RaftServerImpl.java:setRole(171)) - 00188cad-157e-4dc5-9e27-ca4a6687ede8:group-9B2304A095AF changes role from null to FOLLOWER at term 0 for startAsFollower
2019-09-20 08:19:13,307 [pool-632-thread-1] INFO  impl.RoleInfo (RoleInfo.java:updateAndGet(143)) - 00188cad-157e-4dc5-9e27-ca4a6687ede8: start FollowerState
2019-09-20 08:19:13,307 [pool-632-thread-1] INFO  util.JmxRegister (JmxRegister.java:tryRegister(44)) - Successfully registered JMX Bean with object name Ratis:service=RaftServer,group=group-9B2304A095AF,id=00188cad-157e-4dc5-9e27-ca4a6687ede8
2019-09-20 08:19:13,310 [RatisPipelineUtilsThread] INFO  pipeline.PipelineStateManager (PipelineStateManager.java:addPipeline(56)) - Created pipeline Pipeline[ Id: e501c56b-3ee1-4c74-abd3-9b2304a095af, Nodes: 00188cad-157e-4dc5-9e27-ca4a6687ede8{ip: 192.168.34.27, host: pr-hdds-1569-6tbh6-3362816358, networkLocation: /default-rack, certSerialId: null}, Type:RATIS, Factor:ONE, State:OPEN]
2019-09-20 08:19:13,310 [RatisPipelineUtilsThread] INFO  pipeline.PipelinePlacementPolicy (PipelinePlacementPolicy.java:meetCriteria(91)) - Pipeline Placement: Doesn't meet the criteria to be viable node： bdd8936c-196f-46e2-8966-287f2327a40c Heaviness: 6 limit: 5
2019-09-20 08:19:13,310 [RatisPipelineUtilsThread] INFO  pipeline.PipelinePlacementPolicy (PipelinePlacementPolicy.java:meetCriteria(91)) - Pipeline Placement: Doesn't meet the criteria to be viable node： 1e3d2a43-82dd-4ca1-824a-2408b88144bc Heaviness: 6 limit: 5
2019-09-20 08:19:13,315 [grpc-default-executor-0] INFO  impl.RaftServerProxy (RaftServerProxy.java:addNew(89)) - 00188cad-157e-4dc5-9e27-ca4a6687ede8: addNew group-6FCB09FDF56C:[00188cad-157e-4dc5-9e27-ca4a6687ede8:192.168.34.27:35096] returns group-6FCB09FDF56C:java.util.concurrent.CompletableFuture@563875d8[Not completed]
2019-09-20 08:19:13,316 [pool-632-thread-1] INFO  impl.RaftServerImpl (RaftServerImpl.java:<init>(93)) - 00188cad-157e-4dc5-9e27-ca4a6687ede8: new RaftServerImpl for group-6FCB09FDF56C:[00188cad-157e-4dc5-9e27-ca4a6687ede8:192.168.34.27:35096] with ContainerStateMachine:uninitialized
2019-09-20 08:19:13,316 [pool-632-thread-1] INFO  server.RaftServerConfigKeys (ConfUtils.java:logGet(43)) - raft.server.rpc.timeout.min = 5s (custom)
2019-09-20 08:19:13,316 [pool-632-thread-1] INFO  server.RaftServerConfigKeys (ConfUtils.java:logGet(43)) - raft.server.rpc.timeout.max = 5200ms (custom)
2019-09-20 08:19:13,316 [pool-632-thread-1] INFO  server.RaftServerConfigKeys (ConfUtils.java:logGet(43)) - raft.server.rpcslowness.timeout = 120s (custom)
2019-09-20 08:19:13,316 [pool-632-thread-1] INFO  server.RaftServerConfigKeys (ConfUtils.java:logGet(43)) - raft.server.sleep.deviation.threshold = 300 (default)
2019-09-20 08:19:13,316 [pool-632-thread-1] INFO  server.RaftServerConfigKeys (ConfUtils.java:logGet(43)) - raft.server.log.appender.install.snapshot.enabled = false (custom)
2019-09-20 08:19:13,316 [pool-632-thread-1] INFO  impl.RaftServerImpl (ServerState.java:<init>(105)) - 00188cad-157e-4dc5-9e27-ca4a6687ede8:group-6FCB09FDF56C ConfigurationManager, init=-1: [00188cad-157e-4dc5-9e27-ca4a6687ede8:192.168.34.27:35096], old=null, confs=<EMPTY_MAP>
2019-09-20 08:19:13,317 [pool-632-thread-1] INFO  server.RaftServerConfigKeys (ConfUtils.java:logGet(43)) - raft.server.storage.dir = [/workdir/hadoop-ozone/ozonefs/target/test-dir/MiniOzoneClusterImpl-0ef8af2c-8d39-4a42-bdc9-6bbcc43100a2/datanode-2/data/ratis] (custom)
2019-09-20 08:19:13,317 [pool-632-thread-1] INFO  storage.RaftStorageDirectory (RaftStorageDirectory.java:analyzeStorage(246)) - The storage directory /workdir/hadoop-ozone/ozonefs/target/test-dir/MiniOzoneClusterImpl-0ef8af2c-8d39-4a42-bdc9-6bbcc43100a2/datanode-2/data/ratis/f2c9dae2-1cdf-4edf-b84e-6fcb09fdf56c does not exist. Creating ...
2019-09-20 08:19:13,330 [pool-632-thread-1] INFO  storage.RaftStorageDirectory (RaftStorageDirectory.java:tryLock(328)) - Lock on /workdir/hadoop-ozone/ozonefs/target/test-dir/MiniOzoneClusterImpl-0ef8af2c-8d39-4a42-bdc9-6bbcc43100a2/datanode-2/data/ratis/f2c9dae2-1cdf-4edf-b84e-6fcb09fdf56c/in_use.lock acquired by nodename 11539@pr-hdds-1569-6tbh6-3362816358
2019-09-20 08:19:13,369 [pool-632-thread-1] INFO  storage.RaftStorage (RaftStorage.java:format(72)) - Storage directory /workdir/hadoop-ozone/ozonefs/target/test-dir/MiniOzoneClusterImpl-0ef8af2c-8d39-4a42-bdc9-6bbcc43100a2/datanode-2/data/ratis/f2c9dae2-1cdf-4edf-b84e-6fcb09fdf56c has been successfully formatted.
2019-09-20 08:19:13,369 [pool-632-thread-1] INFO  ratis.ContainerStateMachine (ContainerStateMachine.java:loadSnapshot(226)) - group-6FCB09FDF56C: The snapshot info is null. Setting the last applied indexto:(t:0, i:~)
2019-09-20 08:19:13,369 [pool-632-thread-1] INFO  server.RaftServerConfigKeys (ConfUtils.java:logGet(43)) - raft.server.leader.election.timeout = 120s (custom)
2019-09-20 08:19:13,369 [pool-632-thread-1] INFO  server.RaftServerConfigKeys (ConfUtils.java:logGet(43)) - raft.server.log.use.memory = false (default)
2019-09-20 08:19:13,369 [pool-632-thread-1] INFO  server.RaftServerConfigKeys (ConfUtils.java:logGet(43)) - raft.server.log.purge.gap = 1000000 (custom)
2019-09-20 08:19:13,370 [pool-632-thread-1] INFO  server.RaftServerConfigKeys (ConfUtils.java:logGet(43)) - raft.server.log.appender.buffer.byte-limit = 33554432 (custom)
2019-09-20 08:19:13,370 [pool-632-thread-1] INFO  server.RaftServerConfigKeys (ConfUtils.java:logGet(43)) - raft.server.log.segment.size.max = 1048576 (custom)
2019-09-20 08:19:13,370 [pool-632-thread-1] INFO  server.RaftServerConfigKeys (ConfUtils.java:logGet(43)) - raft.server.log.segment.cache.num.max = 2 (custom)
2019-09-20 08:19:13,370 [pool-632-thread-1] INFO  segmented.SegmentedRaftLogWorker (SegmentedRaftLogWorker.java:<init>(172)) - new 00188cad-157e-4dc5-9e27-ca4a6687ede8-SegmentedRaftLogWorker:Storage Directory /workdir/hadoop-ozone/ozonefs/target/test-dir/MiniOzoneClusterImpl-0ef8af2c-8d39-4a42-bdc9-6bbcc43100a2/datanode-2/data/ratis/f2c9dae2-1cdf-4edf-b84e-6fcb09fdf56c for RaftStorage:Storage Directory /workdir/hadoop-ozone/ozonefs/target/test-dir/MiniOzoneClusterImpl-0ef8af2c-8d39-4a42-bdc9-6bbcc43100a2/datanode-2/data/ratis/f2c9dae2-1cdf-4edf-b84e-6fcb09fdf56c
2019-09-20 08:19:13,370 [pool-632-thread-1] INFO  server.RaftServerConfigKeys (ConfUtils.java:logGet(43)) - raft.server.log.queue.byte-limit = 2147483647 (custom)
2019-09-20 08:19:13,370 [pool-632-thread-1] INFO  server.RaftServerConfigKeys (ConfUtils.java:logGet(43)) - raft.server.log.queue.element-limit = 1024 (custom)
2019-09-20 08:19:13,371 [pool-632-thread-1] INFO  server.RaftServerConfigKeys (ConfUtils.java:logGet(43)) - raft.server.log.segment.size.max = 1048576 (custom)
2019-09-20 08:19:13,371 [pool-632-thread-1] INFO  server.RaftServerConfigKeys (ConfUtils.java:logGet(43)) - raft.server.log.preallocated.size = 16384 (custom)
2019-09-20 08:19:13,371 [pool-632-thread-1] INFO  server.RaftServerConfigKeys (ConfUtils.java:logGet(43)) - raft.server.log.write.buffer.size = 33554432 (custom)
2019-09-20 08:19:13,371 [pool-632-thread-1] INFO  server.RaftServerConfigKeys (ConfUtils.java:logGet(43)) - raft.server.log.force.sync.num = 128 (default)
2019-09-20 08:19:13,371 [pool-632-thread-1] INFO  server.RaftServerConfigKeys (ConfUtils.java:logGet(43)) - raft.server.log.statemachine.data.sync = true (default)
2019-09-20 08:19:13,371 [pool-632-thread-1] INFO  server.RaftServerConfigKeys (ConfUtils.java:logGet(43)) - raft.server.log.statemachine.data.sync.timeout = 10s (default)
2019-09-20 08:19:13,371 [pool-632-thread-1] INFO  server.RaftServerConfigKeys (ConfUtils.java:logGet(43)) - raft.server.log.statemachine.data.sync.timeout.retry = -1 (default)
2019-09-20 08:19:13,371 [pool-632-thread-1] INFO  server.RaftServerConfigKeys (ConfUtils.java:logGet(43)) - raft.server.log.statemachine.data.caching.enabled = true (custom)
2019-09-20 08:19:13,372 [pool-632-thread-1] INFO  segmented.SegmentedRaftLogWorker (SegmentedRaftLogWorker.java:lambda$new$0(132)) - 00188cad-157e-4dc5-9e27-ca4a6687ede8-SegmentedRaftLogWorker:Storage Directory /workdir/hadoop-ozone/ozonefs/target/test-dir/MiniOzoneClusterImpl-0ef8af2c-8d39-4a42-bdc9-6bbcc43100a2/datanode-2/data/ratis/f2c9dae2-1cdf-4edf-b84e-6fcb09fdf56c: flushIndex: setUnconditionally 0 -> -1
2019-09-20 08:19:13,372 [pool-632-thread-1] INFO  server.RaftServerConfigKeys (ConfUtils.java:logGet(43)) - raft.server.snapshot.auto.trigger.enabled = true (custom)
2019-09-20 08:19:13,373 [pool-632-thread-1] INFO  server.RaftServerConfigKeys (ConfUtils.java:logGet(43)) - raft.server.snapshot.auto.trigger.threshold = 10000 (custom)
2019-09-20 08:19:13,373 [pool-632-thread-1] INFO  server.RaftServerConfigKeys (ConfUtils.java:logGet(43)) - raft.server.retrycache.expirytime = 600000ms (custom)
2019-09-20 08:19:13,373 [pool-632-thread-1] INFO  impl.RaftServerImpl (RaftServerImpl.java:start(180)) - 00188cad-157e-4dc5-9e27-ca4a6687ede8: start group-6FCB09FDF56C
2019-09-20 08:19:13,373 [pool-632-thread-1] INFO  impl.RaftServerImpl (RaftServerImpl.java:setRole(171)) - 00188cad-157e-4dc5-9e27-ca4a6687ede8:group-6FCB09FDF56C changes role from null to FOLLOWER at term 0 for startAsFollower
2019-09-20 08:19:13,373 [pool-632-thread-1] INFO  impl.RoleInfo (RoleInfo.java:updateAndGet(143)) - 00188cad-157e-4dc5-9e27-ca4a6687ede8: start FollowerState
2019-09-20 08:19:13,374 [pool-632-thread-1] INFO  util.JmxRegister (JmxRegister.java:tryRegister(44)) - Successfully registered JMX Bean with object name Ratis:service=RaftServer,group=group-6FCB09FDF56C,id=00188cad-157e-4dc5-9e27-ca4a6687ede8
2019-09-20 08:19:13,378 [RatisPipelineUtilsThread] INFO  pipeline.PipelineStateManager (PipelineStateManager.java:addPipeline(56)) - Created pipeline Pipeline[ Id: f2c9dae2-1cdf-4edf-b84e-6fcb09fdf56c, Nodes: 00188cad-157e-4dc5-9e27-ca4a6687ede8{ip: 192.168.34.27, host: pr-hdds-1569-6tbh6-3362816358, networkLocation: /default-rack, certSerialId: null}, Type:RATIS, Factor:ONE, State:OPEN]
2019-09-20 08:19:13,378 [RatisPipelineUtilsThread] INFO  pipeline.PipelinePlacementPolicy (PipelinePlacementPolicy.java:meetCriteria(91)) - Pipeline Placement: Doesn't meet the criteria to be viable node： bdd8936c-196f-46e2-8966-287f2327a40c Heaviness: 6 limit: 5
2019-09-20 08:19:13,378 [RatisPipelineUtilsThread] INFO  pipeline.PipelinePlacementPolicy (PipelinePlacementPolicy.java:meetCriteria(91)) - Pipeline Placement: Doesn't meet the criteria to be viable node： 1e3d2a43-82dd-4ca1-824a-2408b88144bc Heaviness: 6 limit: 5
2019-09-20 08:19:13,385 [grpc-default-executor-0] INFO  impl.RaftServerProxy (RaftServerProxy.java:addNew(89)) - 00188cad-157e-4dc5-9e27-ca4a6687ede8: addNew group-2F2AB42D1CD6:[00188cad-157e-4dc5-9e27-ca4a6687ede8:192.168.34.27:35096] returns group-2F2AB42D1CD6:java.util.concurrent.CompletableFuture@63eb1e9d[Not completed]
2019-09-20 08:19:13,386 [pool-632-thread-1] INFO  impl.RaftServerImpl (RaftServerImpl.java:<init>(93)) - 00188cad-157e-4dc5-9e27-ca4a6687ede8: new RaftServerImpl for group-2F2AB42D1CD6:[00188cad-157e-4dc5-9e27-ca4a6687ede8:192.168.34.27:35096] with ContainerStateMachine:uninitialized
2019-09-20 08:19:13,387 [pool-632-thread-1] INFO  server.RaftServerConfigKeys (ConfUtils.java:logGet(43)) - raft.server.rpc.timeout.min = 5s (custom)
2019-09-20 08:19:13,387 [pool-632-thread-1] INFO  server.RaftServerConfigKeys (ConfUtils.java:logGet(43)) - raft.server.rpc.timeout.max = 5200ms (custom)
2019-09-20 08:19:13,387 [pool-632-thread-1] INFO  server.RaftServerConfigKeys (ConfUtils.java:logGet(43)) - raft.server.rpcslowness.timeout = 120s (custom)
2019-09-20 08:19:13,387 [pool-632-thread-1] INFO  server.RaftServerConfigKeys (ConfUtils.java:logGet(43)) - raft.server.sleep.deviation.threshold = 300 (default)
2019-09-20 08:19:13,387 [pool-632-thread-1] INFO  server.RaftServerConfigKeys (ConfUtils.java:logGet(43)) - raft.server.log.appender.install.snapshot.enabled = false (custom)
2019-09-20 08:19:13,387 [pool-632-thread-1] INFO  impl.RaftServerImpl (ServerState.java:<init>(105)) - 00188cad-157e-4dc5-9e27-ca4a6687ede8:group-2F2AB42D1CD6 ConfigurationManager, init=-1: [00188cad-157e-4dc5-9e27-ca4a6687ede8:192.168.34.27:35096], old=null, confs=<EMPTY_MAP>
2019-09-20 08:19:13,387 [pool-632-thread-1] INFO  server.RaftServerConfigKeys (ConfUtils.java:logGet(43)) - raft.server.storage.dir = [/workdir/hadoop-ozone/ozonefs/target/test-dir/MiniOzoneClusterImpl-0ef8af2c-8d39-4a42-bdc9-6bbcc43100a2/datanode-2/data/ratis] (custom)
2019-09-20 08:19:13,388 [pool-632-thread-1] INFO  storage.RaftStorageDirectory (RaftStorageDirectory.java:analyzeStorage(246)) - The storage directory /workdir/hadoop-ozone/ozonefs/target/test-dir/MiniOzoneClusterImpl-0ef8af2c-8d39-4a42-bdc9-6bbcc43100a2/datanode-2/data/ratis/c6a1b373-4128-44c9-afc9-2f2ab42d1cd6 does not exist. Creating ...
2019-09-20 08:19:13,413 [pool-632-thread-1] INFO  storage.RaftStorageDirectory (RaftStorageDirectory.java:tryLock(328)) - Lock on /workdir/hadoop-ozone/ozonefs/target/test-dir/MiniOzoneClusterImpl-0ef8af2c-8d39-4a42-bdc9-6bbcc43100a2/datanode-2/data/ratis/c6a1b373-4128-44c9-afc9-2f2ab42d1cd6/in_use.lock acquired by nodename 11539@pr-hdds-1569-6tbh6-3362816358
2019-09-20 08:19:13,426 [pool-632-thread-1] INFO  storage.RaftStorage (RaftStorage.java:format(72)) - Storage directory /workdir/hadoop-ozone/ozonefs/target/test-dir/MiniOzoneClusterImpl-0ef8af2c-8d39-4a42-bdc9-6bbcc43100a2/datanode-2/data/ratis/c6a1b373-4128-44c9-afc9-2f2ab42d1cd6 has been successfully formatted.
2019-09-20 08:19:13,426 [pool-632-thread-1] INFO  ratis.ContainerStateMachine (ContainerStateMachine.java:loadSnapshot(226)) - group-2F2AB42D1CD6: The snapshot info is null. Setting the last applied indexto:(t:0, i:~)
2019-09-20 08:19:13,426 [pool-632-thread-1] INFO  server.RaftServerConfigKeys (ConfUtils.java:logGet(43)) - raft.server.leader.election.timeout = 120s (custom)
2019-09-20 08:19:13,426 [pool-632-thread-1] INFO  server.RaftServerConfigKeys (ConfUtils.java:logGet(43)) - raft.server.log.use.memory = false (default)
2019-09-20 08:19:13,426 [pool-632-thread-1] INFO  server.RaftServerConfigKeys (ConfUtils.java:logGet(43)) - raft.server.log.purge.gap = 1000000 (custom)
2019-09-20 08:19:13,427 [pool-632-thread-1] INFO  server.RaftServerConfigKeys (ConfUtils.java:logGet(43)) - raft.server.log.appender.buffer.byte-limit = 33554432 (custom)
2019-09-20 08:19:13,427 [pool-632-thread-1] INFO  server.RaftServerConfigKeys (ConfUtils.java:logGet(43)) - raft.server.log.segment.size.max = 1048576 (custom)
2019-09-20 08:19:13,427 [pool-632-thread-1] INFO  server.RaftServerConfigKeys (ConfUtils.java:logGet(43)) - raft.server.log.segment.cache.num.max = 2 (custom)
2019-09-20 08:19:13,427 [pool-632-thread-1] INFO  segmented.SegmentedRaftLogWorker (SegmentedRaftLogWorker.java:<init>(172)) - new 00188cad-157e-4dc5-9e27-ca4a6687ede8-SegmentedRaftLogWorker:Storage Directory /workdir/hadoop-ozone/ozonefs/target/test-dir/MiniOzoneClusterImpl-0ef8af2c-8d39-4a42-bdc9-6bbcc43100a2/datanode-2/data/ratis/c6a1b373-4128-44c9-afc9-2f2ab42d1cd6 for RaftStorage:Storage Directory /workdir/hadoop-ozone/ozonefs/target/test-dir/MiniOzoneClusterImpl-0ef8af2c-8d39-4a42-bdc9-6bbcc43100a2/datanode-2/data/ratis/c6a1b373-4128-44c9-afc9-2f2ab42d1cd6
2019-09-20 08:19:13,427 [pool-632-thread-1] INFO  server.RaftServerConfigKeys (ConfUtils.java:logGet(43)) - raft.server.log.queue.byte-limit = 2147483647 (custom)
2019-09-20 08:19:13,427 [pool-632-thread-1] INFO  server.RaftServerConfigKeys (ConfUtils.java:logGet(43)) - raft.server.log.queue.element-limit = 1024 (custom)
2019-09-20 08:19:13,428 [pool-632-thread-1] INFO  server.RaftServerConfigKeys (ConfUtils.java:logGet(43)) - raft.server.log.segment.size.max = 1048576 (custom)
2019-09-20 08:19:13,428 [pool-632-thread-1] INFO  server.RaftServerConfigKeys (ConfUtils.java:logGet(43)) - raft.server.log.preallocated.size = 16384 (custom)
2019-09-20 08:19:13,428 [pool-632-thread-1] INFO  server.RaftServerConfigKeys (ConfUtils.java:logGet(43)) - raft.server.log.write.buffer.size = 33554432 (custom)
2019-09-20 08:19:13,428 [pool-632-thread-1] INFO  server.RaftServerConfigKeys (ConfUtils.java:logGet(43)) - raft.server.log.force.sync.num = 128 (default)
2019-09-20 08:19:13,428 [pool-632-thread-1] INFO  server.RaftServerConfigKeys (ConfUtils.java:logGet(43)) - raft.server.log.statemachine.data.sync = true (default)
2019-09-20 08:19:13,428 [pool-632-thread-1] INFO  server.RaftServerConfigKeys (ConfUtils.java:logGet(43)) - raft.server.log.statemachine.data.sync.timeout = 10s (default)
2019-09-20 08:19:13,429 [pool-632-thread-1] INFO  server.RaftServerConfigKeys (ConfUtils.java:logGet(43)) - raft.server.log.statemachine.data.sync.timeout.retry = -1 (default)
2019-09-20 08:19:13,429 [pool-632-thread-1] INFO  server.RaftServerConfigKeys (ConfUtils.java:logGet(43)) - raft.server.log.statemachine.data.caching.enabled = true (custom)
2019-09-20 08:19:13,429 [pool-632-thread-1] INFO  segmented.SegmentedRaftLogWorker (SegmentedRaftLogWorker.java:lambda$new$0(132)) - 00188cad-157e-4dc5-9e27-ca4a6687ede8-SegmentedRaftLogWorker:Storage Directory /workdir/hadoop-ozone/ozonefs/target/test-dir/MiniOzoneClusterImpl-0ef8af2c-8d39-4a42-bdc9-6bbcc43100a2/datanode-2/data/ratis/c6a1b373-4128-44c9-afc9-2f2ab42d1cd6: flushIndex: setUnconditionally 0 -> -1
2019-09-20 08:19:13,430 [pool-632-thread-1] INFO  server.RaftServerConfigKeys (ConfUtils.java:logGet(43)) - raft.server.snapshot.auto.trigger.enabled = true (custom)
2019-09-20 08:19:13,430 [pool-632-thread-1] INFO  server.RaftServerConfigKeys (ConfUtils.java:logGet(43)) - raft.server.snapshot.auto.trigger.threshold = 10000 (custom)
2019-09-20 08:19:13,430 [pool-632-thread-1] INFO  server.RaftServerConfigKeys (ConfUtils.java:logGet(43)) - raft.server.retrycache.expirytime = 600000ms (custom)
2019-09-20 08:19:13,430 [pool-632-thread-1] INFO  impl.RaftServerImpl (RaftServerImpl.java:start(180)) - 00188cad-157e-4dc5-9e27-ca4a6687ede8: start group-2F2AB42D1CD6
2019-09-20 08:19:13,430 [pool-632-thread-1] INFO  impl.RaftServerImpl (RaftServerImpl.java:setRole(171)) - 00188cad-157e-4dc5-9e27-ca4a6687ede8:group-2F2AB42D1CD6 changes role from null to FOLLOWER at term 0 for startAsFollower
2019-09-20 08:19:13,430 [pool-632-thread-1] INFO  impl.RoleInfo (RoleInfo.java:updateAndGet(143)) - 00188cad-157e-4dc5-9e27-ca4a6687ede8: start FollowerState
2019-09-20 08:19:13,431 [pool-632-thread-1] INFO  util.JmxRegister (JmxRegister.java:tryRegister(44)) - Successfully registered JMX Bean with object name Ratis:service=RaftServer,group=group-2F2AB42D1CD6,id=00188cad-157e-4dc5-9e27-ca4a6687ede8
2019-09-20 08:19:13,434 [RatisPipelineUtilsThread] INFO  pipeline.PipelineStateManager (PipelineStateManager.java:addPipeline(56)) - Created pipeline Pipeline[ Id: c6a1b373-4128-44c9-afc9-2f2ab42d1cd6, Nodes: 00188cad-157e-4dc5-9e27-ca4a6687ede8{ip: 192.168.34.27, host: pr-hdds-1569-6tbh6-3362816358, networkLocation: /default-rack, certSerialId: null}, Type:RATIS, Factor:ONE, State:OPEN]
2019-09-20 08:19:13,434 [RatisPipelineUtilsThread] INFO  pipeline.PipelinePlacementPolicy (PipelinePlacementPolicy.java:meetCriteria(91)) - Pipeline Placement: Doesn't meet the criteria to be viable node： bdd8936c-196f-46e2-8966-287f2327a40c Heaviness: 6 limit: 5
2019-09-20 08:19:13,434 [RatisPipelineUtilsThread] INFO  pipeline.PipelinePlacementPolicy (PipelinePlacementPolicy.java:meetCriteria(91)) - Pipeline Placement: Doesn't meet the criteria to be viable node： 1e3d2a43-82dd-4ca1-824a-2408b88144bc Heaviness: 6 limit: 5
2019-09-20 08:19:13,439 [grpc-default-executor-0] INFO  impl.RaftServerProxy (RaftServerProxy.java:addNew(89)) - 00188cad-157e-4dc5-9e27-ca4a6687ede8: addNew group-35EA0AF5AD86:[00188cad-157e-4dc5-9e27-ca4a6687ede8:192.168.34.27:35096] returns group-35EA0AF5AD86:java.util.concurrent.CompletableFuture@f353a11[Not completed]
2019-09-20 08:19:13,440 [pool-632-thread-1] INFO  impl.RaftServerImpl (RaftServerImpl.java:<init>(93)) - 00188cad-157e-4dc5-9e27-ca4a6687ede8: new RaftServerImpl for group-35EA0AF5AD86:[00188cad-157e-4dc5-9e27-ca4a6687ede8:192.168.34.27:35096] with ContainerStateMachine:uninitialized
2019-09-20 08:19:13,440 [pool-632-thread-1] INFO  server.RaftServerConfigKeys (ConfUtils.java:logGet(43)) - raft.server.rpc.timeout.min = 5s (custom)
2019-09-20 08:19:13,440 [pool-632-thread-1] INFO  server.RaftServerConfigKeys (ConfUtils.java:logGet(43)) - raft.server.rpc.timeout.max = 5200ms (custom)
2019-09-20 08:19:13,440 [pool-632-thread-1] INFO  server.RaftServerConfigKeys (ConfUtils.java:logGet(43)) - raft.server.rpcslowness.timeout = 120s (custom)
2019-09-20 08:19:13,440 [pool-632-thread-1] INFO  server.RaftServerConfigKeys (ConfUtils.java:logGet(43)) - raft.server.sleep.deviation.threshold = 300 (default)
2019-09-20 08:19:13,441 [pool-632-thread-1] INFO  server.RaftServerConfigKeys (ConfUtils.java:logGet(43)) - raft.server.log.appender.install.snapshot.enabled = false (custom)
2019-09-20 08:19:13,441 [pool-632-thread-1] INFO  impl.RaftServerImpl (ServerState.java:<init>(105)) - 00188cad-157e-4dc5-9e27-ca4a6687ede8:group-35EA0AF5AD86 ConfigurationManager, init=-1: [00188cad-157e-4dc5-9e27-ca4a6687ede8:192.168.34.27:35096], old=null, confs=<EMPTY_MAP>
2019-09-20 08:19:13,441 [pool-632-thread-1] INFO  server.RaftServerConfigKeys (ConfUtils.java:logGet(43)) - raft.server.storage.dir = [/workdir/hadoop-ozone/ozonefs/target/test-dir/MiniOzoneClusterImpl-0ef8af2c-8d39-4a42-bdc9-6bbcc43100a2/datanode-2/data/ratis] (custom)
2019-09-20 08:19:13,441 [pool-632-thread-1] INFO  storage.RaftStorageDirectory (RaftStorageDirectory.java:analyzeStorage(246)) - The storage directory /workdir/hadoop-ozone/ozonefs/target/test-dir/MiniOzoneClusterImpl-0ef8af2c-8d39-4a42-bdc9-6bbcc43100a2/datanode-2/data/ratis/634cae91-f5b8-44cb-a785-35ea0af5ad86 does not exist. Creating ...
2019-09-20 08:19:13,466 [pool-632-thread-1] INFO  storage.RaftStorageDirectory (RaftStorageDirectory.java:tryLock(328)) - Lock on /workdir/hadoop-ozone/ozonefs/target/test-dir/MiniOzoneClusterImpl-0ef8af2c-8d39-4a42-bdc9-6bbcc43100a2/datanode-2/data/ratis/634cae91-f5b8-44cb-a785-35ea0af5ad86/in_use.lock acquired by nodename 11539@pr-hdds-1569-6tbh6-3362816358
2019-09-20 08:19:13,479 [pool-632-thread-1] INFO  storage.RaftStorage (RaftStorage.java:format(72)) - Storage directory /workdir/hadoop-ozone/ozonefs/target/test-dir/MiniOzoneClusterImpl-0ef8af2c-8d39-4a42-bdc9-6bbcc43100a2/datanode-2/data/ratis/634cae91-f5b8-44cb-a785-35ea0af5ad86 has been successfully formatted.
2019-09-20 08:19:13,479 [pool-632-thread-1] INFO  ratis.ContainerStateMachine (ContainerStateMachine.java:loadSnapshot(226)) - group-35EA0AF5AD86: The snapshot info is null. Setting the last applied indexto:(t:0, i:~)
2019-09-20 08:19:13,479 [pool-632-thread-1] INFO  server.RaftServerConfigKeys (ConfUtils.java:logGet(43)) - raft.server.leader.election.timeout = 120s (custom)
2019-09-20 08:19:13,480 [pool-632-thread-1] INFO  server.RaftServerConfigKeys (ConfUtils.java:logGet(43)) - raft.server.log.use.memory = false (default)
2019-09-20 08:19:13,480 [pool-632-thread-1] INFO  server.RaftServerConfigKeys (ConfUtils.java:logGet(43)) - raft.server.log.purge.gap = 1000000 (custom)
2019-09-20 08:19:13,480 [pool-632-thread-1] INFO  server.RaftServerConfigKeys (ConfUtils.java:logGet(43)) - raft.server.log.appender.buffer.byte-limit = 33554432 (custom)
2019-09-20 08:19:13,480 [pool-632-thread-1] INFO  server.RaftServerConfigKeys (ConfUtils.java:logGet(43)) - raft.server.log.segment.size.max = 1048576 (custom)
2019-09-20 08:19:13,480 [pool-632-thread-1] INFO  server.RaftServerConfigKeys (ConfUtils.java:logGet(43)) - raft.server.log.segment.cache.num.max = 2 (custom)
2019-09-20 08:19:13,480 [pool-632-thread-1] INFO  segmented.SegmentedRaftLogWorker (SegmentedRaftLogWorker.java:<init>(172)) - new 00188cad-157e-4dc5-9e27-ca4a6687ede8-SegmentedRaftLogWorker:Storage Directory /workdir/hadoop-ozone/ozonefs/target/test-dir/MiniOzoneClusterImpl-0ef8af2c-8d39-4a42-bdc9-6bbcc43100a2/datanode-2/data/ratis/634cae91-f5b8-44cb-a785-35ea0af5ad86 for RaftStorage:Storage Directory /workdir/hadoop-ozone/ozonefs/target/test-dir/MiniOzoneClusterImpl-0ef8af2c-8d39-4a42-bdc9-6bbcc43100a2/datanode-2/data/ratis/634cae91-f5b8-44cb-a785-35ea0af5ad86
2019-09-20 08:19:13,480 [pool-632-thread-1] INFO  server.RaftServerConfigKeys (ConfUtils.java:logGet(43)) - raft.server.log.queue.byte-limit = 2147483647 (custom)
2019-09-20 08:19:13,481 [pool-632-thread-1] INFO  server.RaftServerConfigKeys (ConfUtils.java:logGet(43)) - raft.server.log.queue.element-limit = 1024 (custom)
2019-09-20 08:19:13,481 [pool-632-thread-1] INFO  server.RaftServerConfigKeys (ConfUtils.java:logGet(43)) - raft.server.log.segment.size.max = 1048576 (custom)
2019-09-20 08:19:13,481 [pool-632-thread-1] INFO  server.RaftServerConfigKeys (ConfUtils.java:logGet(43)) - raft.server.log.preallocated.size = 16384 (custom)
2019-09-20 08:19:13,481 [pool-632-thread-1] INFO  server.RaftServerConfigKeys (ConfUtils.java:logGet(43)) - raft.server.log.write.buffer.size = 33554432 (custom)
2019-09-20 08:19:13,481 [pool-632-thread-1] INFO  server.RaftServerConfigKeys (ConfUtils.java:logGet(43)) - raft.server.log.force.sync.num = 128 (default)
2019-09-20 08:19:13,481 [pool-632-thread-1] INFO  server.RaftServerConfigKeys (ConfUtils.java:logGet(43)) - raft.server.log.statemachine.data.sync = true (default)
2019-09-20 08:19:13,481 [pool-632-thread-1] INFO  server.RaftServerConfigKeys (ConfUtils.java:logGet(43)) - raft.server.log.statemachine.data.sync.timeout = 10s (default)
2019-09-20 08:19:13,481 [pool-632-thread-1] INFO  server.RaftServerConfigKeys (ConfUtils.java:logGet(43)) - raft.server.log.statemachine.data.sync.timeout.retry = -1 (default)
2019-09-20 08:19:13,482 [pool-632-thread-1] INFO  server.RaftServerConfigKeys (ConfUtils.java:logGet(43)) - raft.server.log.statemachine.data.caching.enabled = true (custom)
2019-09-20 08:19:13,482 [pool-632-thread-1] INFO  segmented.SegmentedRaftLogWorker (SegmentedRaftLogWorker.java:lambda$new$0(132)) - 00188cad-157e-4dc5-9e27-ca4a6687ede8-SegmentedRaftLogWorker:Storage Directory /workdir/hadoop-ozone/ozonefs/target/test-dir/MiniOzoneClusterImpl-0ef8af2c-8d39-4a42-bdc9-6bbcc43100a2/datanode-2/data/ratis/634cae91-f5b8-44cb-a785-35ea0af5ad86: flushIndex: setUnconditionally 0 -> -1
2019-09-20 08:19:13,482 [pool-632-thread-1] INFO  server.RaftServerConfigKeys (ConfUtils.java:logGet(43)) - raft.server.snapshot.auto.trigger.enabled = true (custom)
2019-09-20 08:19:13,482 [pool-632-thread-1] INFO  server.RaftServerConfigKeys (ConfUtils.java:logGet(43)) - raft.server.snapshot.auto.trigger.threshold = 10000 (custom)
2019-09-20 08:19:13,483 [pool-632-thread-1] INFO  server.RaftServerConfigKeys (ConfUtils.java:logGet(43)) - raft.server.retrycache.expirytime = 600000ms (custom)
2019-09-20 08:19:13,483 [pool-632-thread-1] INFO  impl.RaftServerImpl (RaftServerImpl.java:start(180)) - 00188cad-157e-4dc5-9e27-ca4a6687ede8: start group-35EA0AF5AD86
2019-09-20 08:19:13,483 [pool-632-thread-1] INFO  impl.RaftServerImpl (RaftServerImpl.java:setRole(171)) - 00188cad-157e-4dc5-9e27-ca4a6687ede8:group-35EA0AF5AD86 changes role from null to FOLLOWER at term 0 for startAsFollower
2019-09-20 08:19:13,483 [pool-632-thread-1] INFO  impl.RoleInfo (RoleInfo.java:updateAndGet(143)) - 00188cad-157e-4dc5-9e27-ca4a6687ede8: start FollowerState
2019-09-20 08:19:13,483 [pool-632-thread-1] INFO  util.JmxRegister (JmxRegister.java:tryRegister(44)) - Successfully registered JMX Bean with object name Ratis:service=RaftServer,group=group-35EA0AF5AD86,id=00188cad-157e-4dc5-9e27-ca4a6687ede8
2019-09-20 08:19:13,486 [RatisPipelineUtilsThread] INFO  pipeline.PipelineStateManager (PipelineStateManager.java:addPipeline(56)) - Created pipeline Pipeline[ Id: 634cae91-f5b8-44cb-a785-35ea0af5ad86, Nodes: 00188cad-157e-4dc5-9e27-ca4a6687ede8{ip: 192.168.34.27, host: pr-hdds-1569-6tbh6-3362816358, networkLocation: /default-rack, certSerialId: null}, Type:RATIS, Factor:ONE, State:OPEN]
2019-09-20 08:19:13,486 [RatisPipelineUtilsThread] INFO  pipeline.PipelinePlacementPolicy (PipelinePlacementPolicy.java:meetCriteria(91)) - Pipeline Placement: Doesn't meet the criteria to be viable node： bdd8936c-196f-46e2-8966-287f2327a40c Heaviness: 6 limit: 5
2019-09-20 08:19:13,486 [RatisPipelineUtilsThread] INFO  pipeline.PipelinePlacementPolicy (PipelinePlacementPolicy.java:meetCriteria(91)) - Pipeline Placement: Doesn't meet the criteria to be viable node： 1e3d2a43-82dd-4ca1-824a-2408b88144bc Heaviness: 6 limit: 5
2019-09-20 08:19:13,491 [grpc-default-executor-0] INFO  impl.RaftServerProxy (RaftServerProxy.java:addNew(89)) - 00188cad-157e-4dc5-9e27-ca4a6687ede8: addNew group-7D251CF9B29D:[00188cad-157e-4dc5-9e27-ca4a6687ede8:192.168.34.27:35096] returns group-7D251CF9B29D:java.util.concurrent.CompletableFuture@7e367134[Not completed]
2019-09-20 08:19:13,492 [pool-632-thread-1] INFO  impl.RaftServerImpl (RaftServerImpl.java:<init>(93)) - 00188cad-157e-4dc5-9e27-ca4a6687ede8: new RaftServerImpl for group-7D251CF9B29D:[00188cad-157e-4dc5-9e27-ca4a6687ede8:192.168.34.27:35096] with ContainerStateMachine:uninitialized
2019-09-20 08:19:13,492 [pool-632-thread-1] INFO  server.RaftServerConfigKeys (ConfUtils.java:logGet(43)) - raft.server.rpc.timeout.min = 5s (custom)
2019-09-20 08:19:13,492 [pool-632-thread-1] INFO  server.RaftServerConfigKeys (ConfUtils.java:logGet(43)) - raft.server.rpc.timeout.max = 5200ms (custom)
2019-09-20 08:19:13,492 [pool-632-thread-1] INFO  server.RaftServerConfigKeys (ConfUtils.java:logGet(43)) - raft.server.rpcslowness.timeout = 120s (custom)
2019-09-20 08:19:13,493 [pool-632-thread-1] INFO  server.RaftServerConfigKeys (ConfUtils.java:logGet(43)) - raft.server.sleep.deviation.threshold = 300 (default)
2019-09-20 08:19:13,493 [pool-632-thread-1] INFO  server.RaftServerConfigKeys (ConfUtils.java:logGet(43)) - raft.server.log.appender.install.snapshot.enabled = false (custom)
2019-09-20 08:19:13,493 [pool-632-thread-1] INFO  impl.RaftServerImpl (ServerState.java:<init>(105)) - 00188cad-157e-4dc5-9e27-ca4a6687ede8:group-7D251CF9B29D ConfigurationManager, init=-1: [00188cad-157e-4dc5-9e27-ca4a6687ede8:192.168.34.27:35096], old=null, confs=<EMPTY_MAP>
2019-09-20 08:19:13,493 [pool-632-thread-1] INFO  server.RaftServerConfigKeys (ConfUtils.java:logGet(43)) - raft.server.storage.dir = [/workdir/hadoop-ozone/ozonefs/target/test-dir/MiniOzoneClusterImpl-0ef8af2c-8d39-4a42-bdc9-6bbcc43100a2/datanode-2/data/ratis] (custom)
2019-09-20 08:19:13,493 [pool-632-thread-1] INFO  storage.RaftStorageDirectory (RaftStorageDirectory.java:analyzeStorage(246)) - The storage directory /workdir/hadoop-ozone/ozonefs/target/test-dir/MiniOzoneClusterImpl-0ef8af2c-8d39-4a42-bdc9-6bbcc43100a2/datanode-2/data/ratis/4fc94382-89ce-4375-9e49-7d251cf9b29d does not exist. Creating ...
2019-09-20 08:19:13,505 [pool-632-thread-1] INFO  storage.RaftStorageDirectory (RaftStorageDirectory.java:tryLock(328)) - Lock on /workdir/hadoop-ozone/ozonefs/target/test-dir/MiniOzoneClusterImpl-0ef8af2c-8d39-4a42-bdc9-6bbcc43100a2/datanode-2/data/ratis/4fc94382-89ce-4375-9e49-7d251cf9b29d/in_use.lock acquired by nodename 11539@pr-hdds-1569-6tbh6-3362816358
2019-09-20 08:19:13,518 [pool-632-thread-1] INFO  storage.RaftStorage (RaftStorage.java:format(72)) - Storage directory /workdir/hadoop-ozone/ozonefs/target/test-dir/MiniOzoneClusterImpl-0ef8af2c-8d39-4a42-bdc9-6bbcc43100a2/datanode-2/data/ratis/4fc94382-89ce-4375-9e49-7d251cf9b29d has been successfully formatted.
2019-09-20 08:19:13,518 [pool-632-thread-1] INFO  ratis.ContainerStateMachine (ContainerStateMachine.java:loadSnapshot(226)) - group-7D251CF9B29D: The snapshot info is null. Setting the last applied indexto:(t:0, i:~)
2019-09-20 08:19:13,518 [pool-632-thread-1] INFO  server.RaftServerConfigKeys (ConfUtils.java:logGet(43)) - raft.server.leader.election.timeout = 120s (custom)
2019-09-20 08:19:13,518 [pool-632-thread-1] INFO  server.RaftServerConfigKeys (ConfUtils.java:logGet(43)) - raft.server.log.use.memory = false (default)
2019-09-20 08:19:13,519 [pool-632-thread-1] INFO  server.RaftServerConfigKeys (ConfUtils.java:logGet(43)) - raft.server.log.purge.gap = 1000000 (custom)
2019-09-20 08:19:13,519 [pool-632-thread-1] INFO  server.RaftServerConfigKeys (ConfUtils.java:logGet(43)) - raft.server.log.appender.buffer.byte-limit = 33554432 (custom)
2019-09-20 08:19:13,519 [pool-632-thread-1] INFO  server.RaftServerConfigKeys (ConfUtils.java:logGet(43)) - raft.server.log.segment.size.max = 1048576 (custom)
2019-09-20 08:19:13,519 [pool-632-thread-1] INFO  server.RaftServerConfigKeys (ConfUtils.java:logGet(43)) - raft.server.log.segment.cache.num.max = 2 (custom)
2019-09-20 08:19:13,519 [pool-632-thread-1] INFO  segmented.SegmentedRaftLogWorker (SegmentedRaftLogWorker.java:<init>(172)) - new 00188cad-157e-4dc5-9e27-ca4a6687ede8-SegmentedRaftLogWorker:Storage Directory /workdir/hadoop-ozone/ozonefs/target/test-dir/MiniOzoneClusterImpl-0ef8af2c-8d39-4a42-bdc9-6bbcc43100a2/datanode-2/data/ratis/4fc94382-89ce-4375-9e49-7d251cf9b29d for RaftStorage:Storage Directory /workdir/hadoop-ozone/ozonefs/target/test-dir/MiniOzoneClusterImpl-0ef8af2c-8d39-4a42-bdc9-6bbcc43100a2/datanode-2/data/ratis/4fc94382-89ce-4375-9e49-7d251cf9b29d
2019-09-20 08:19:13,519 [pool-632-thread-1] INFO  server.RaftServerConfigKeys (ConfUtils.java:logGet(43)) - raft.server.log.queue.byte-limit = 2147483647 (custom)
2019-09-20 08:19:13,519 [pool-632-thread-1] INFO  server.RaftServerConfigKeys (ConfUtils.java:logGet(43)) - raft.server.log.queue.element-limit = 1024 (custom)
2019-09-20 08:19:13,519 [pool-632-thread-1] INFO  server.RaftServerConfigKeys (ConfUtils.java:logGet(43)) - raft.server.log.segment.size.max = 1048576 (custom)
2019-09-20 08:19:13,520 [pool-632-thread-1] INFO  server.RaftServerConfigKeys (ConfUtils.java:logGet(43)) - raft.server.log.preallocated.size = 16384 (custom)
2019-09-20 08:19:13,520 [pool-632-thread-1] INFO  server.RaftServerConfigKeys (ConfUtils.java:logGet(43)) - raft.server.log.write.buffer.size = 33554432 (custom)
2019-09-20 08:19:13,520 [pool-632-thread-1] INFO  server.RaftServerConfigKeys (ConfUtils.java:logGet(43)) - raft.server.log.force.sync.num = 128 (default)
2019-09-20 08:19:13,520 [pool-632-thread-1] INFO  server.RaftServerConfigKeys (ConfUtils.java:logGet(43)) - raft.server.log.statemachine.data.sync = true (default)
2019-09-20 08:19:13,520 [pool-632-thread-1] INFO  server.RaftServerConfigKeys (ConfUtils.java:logGet(43)) - raft.server.log.statemachine.data.sync.timeout = 10s (default)
2019-09-20 08:19:13,520 [pool-632-thread-1] INFO  server.RaftServerConfigKeys (ConfUtils.java:logGet(43)) - raft.server.log.statemachine.data.sync.timeout.retry = -1 (default)
2019-09-20 08:19:13,520 [pool-632-thread-1] INFO  server.RaftServerConfigKeys (ConfUtils.java:logGet(43)) - raft.server.log.statemachine.data.caching.enabled = true (custom)
2019-09-20 08:19:13,521 [pool-632-thread-1] INFO  segmented.SegmentedRaftLogWorker (SegmentedRaftLogWorker.java:lambda$new$0(132)) - 00188cad-157e-4dc5-9e27-ca4a6687ede8-SegmentedRaftLogWorker:Storage Directory /workdir/hadoop-ozone/ozonefs/target/test-dir/MiniOzoneClusterImpl-0ef8af2c-8d39-4a42-bdc9-6bbcc43100a2/datanode-2/data/ratis/4fc94382-89ce-4375-9e49-7d251cf9b29d: flushIndex: setUnconditionally 0 -> -1
2019-09-20 08:19:13,521 [pool-632-thread-1] INFO  server.RaftServerConfigKeys (ConfUtils.java:logGet(43)) - raft.server.snapshot.auto.trigger.enabled = true (custom)
2019-09-20 08:19:13,521 [pool-632-thread-1] INFO  server.RaftServerConfigKeys (ConfUtils.java:logGet(43)) - raft.server.snapshot.auto.trigger.threshold = 10000 (custom)
2019-09-20 08:19:13,521 [pool-632-thread-1] INFO  server.RaftServerConfigKeys (ConfUtils.java:logGet(43)) - raft.server.retrycache.expirytime = 600000ms (custom)
2019-09-20 08:19:13,521 [pool-632-thread-1] INFO  impl.RaftServerImpl (RaftServerImpl.java:start(180)) - 00188cad-157e-4dc5-9e27-ca4a6687ede8: start group-7D251CF9B29D
2019-09-20 08:19:13,521 [pool-632-thread-1] INFO  impl.RaftServerImpl (RaftServerImpl.java:setRole(171)) - 00188cad-157e-4dc5-9e27-ca4a6687ede8:group-7D251CF9B29D changes role from null to FOLLOWER at term 0 for startAsFollower
2019-09-20 08:19:13,521 [pool-632-thread-1] INFO  impl.RoleInfo (RoleInfo.java:updateAndGet(143)) - 00188cad-157e-4dc5-9e27-ca4a6687ede8: start FollowerState
2019-09-20 08:19:13,522 [pool-632-thread-1] INFO  util.JmxRegister (JmxRegister.java:tryRegister(44)) - Successfully registered JMX Bean with object name Ratis:service=RaftServer,group=group-7D251CF9B29D,id=00188cad-157e-4dc5-9e27-ca4a6687ede8
2019-09-20 08:19:13,524 [RatisPipelineUtilsThread] INFO  pipeline.PipelineStateManager (PipelineStateManager.java:addPipeline(56)) - Created pipeline Pipeline[ Id: 4fc94382-89ce-4375-9e49-7d251cf9b29d, Nodes: 00188cad-157e-4dc5-9e27-ca4a6687ede8{ip: 192.168.34.27, host: pr-hdds-1569-6tbh6-3362816358, networkLocation: /default-rack, certSerialId: null}, Type:RATIS, Factor:ONE, State:OPEN]
2019-09-20 08:19:13,524 [RatisPipelineUtilsThread] INFO  pipeline.PipelinePlacementPolicy (PipelinePlacementPolicy.java:meetCriteria(91)) - Pipeline Placement: Doesn't meet the criteria to be viable node： bdd8936c-196f-46e2-8966-287f2327a40c Heaviness: 6 limit: 5
2019-09-20 08:19:13,524 [RatisPipelineUtilsThread] INFO  pipeline.PipelinePlacementPolicy (PipelinePlacementPolicy.java:meetCriteria(91)) - Pipeline Placement: Doesn't meet the criteria to be viable node： 00188cad-157e-4dc5-9e27-ca4a6687ede8 Heaviness: 6 limit: 5
2019-09-20 08:19:13,525 [RatisPipelineUtilsThread] INFO  pipeline.PipelinePlacementPolicy (PipelinePlacementPolicy.java:meetCriteria(91)) - Pipeline Placement: Doesn't meet the criteria to be viable node： 1e3d2a43-82dd-4ca1-824a-2408b88144bc Heaviness: 6 limit: 5
2019-09-20 08:19:13,525 [RatisPipelineUtilsThread] ERROR pipeline.PipelinePlacementPolicy (PipelinePlacementPolicy.java:filterViableNodes(148)) - Unable to find enough nodes that meet the criteria that cannot engage in more than 5 pipelines. Nodes required: 1 Found: 0, healthy nodes count inNodeManager: 3.
2019-09-20 08:19:13,525 [RatisPipelineUtilsThread] ERROR pipeline.SCMPipelineManager (SCMPipelineManager.java:createPipeline(161)) - Pipeline creation failed due to exception: Unable to find enough nodes that meet the criteria that cannot engage in more than 5 pipelines. Nodes required: 1 Found: 0, healthy nodes count inNodeManager: 3.
2019-09-20 08:19:13,525 [RatisPipelineUtilsThread] INFO  pipeline.PipelinePlacementPolicy (PipelinePlacementPolicy.java:meetCriteria(91)) - Pipeline Placement: Doesn't meet the criteria to be viable node： bdd8936c-196f-46e2-8966-287f2327a40c Heaviness: 6 limit: 5
2019-09-20 08:19:13,525 [RatisPipelineUtilsThread] INFO  pipeline.PipelinePlacementPolicy (PipelinePlacementPolicy.java:meetCriteria(91)) - Pipeline Placement: Doesn't meet the criteria to be viable node： 00188cad-157e-4dc5-9e27-ca4a6687ede8 Heaviness: 6 limit: 5
2019-09-20 08:19:13,526 [RatisPipelineUtilsThread] INFO  pipeline.PipelinePlacementPolicy (PipelinePlacementPolicy.java:meetCriteria(91)) - Pipeline Placement: Doesn't meet the criteria to be viable node： 1e3d2a43-82dd-4ca1-824a-2408b88144bc Heaviness: 6 limit: 5
2019-09-20 08:19:13,526 [RatisPipelineUtilsThread] ERROR pipeline.PipelinePlacementPolicy (PipelinePlacementPolicy.java:filterViableNodes(148)) - Unable to find enough nodes that meet the criteria that cannot engage in more than 5 pipelines. Nodes required: 3 Found: 0, healthy nodes count inNodeManager: 3.
2019-09-20 08:19:13,526 [RatisPipelineUtilsThread] ERROR pipeline.SCMPipelineManager (SCMPipelineManager.java:createPipeline(161)) - Pipeline creation failed due to exception: Unable to find enough nodes that meet the criteria that cannot engage in more than 5 pipelines. Nodes required: 3 Found: 0, healthy nodes count inNodeManager: 3.
2019-09-20 08:19:13,526 [RatisPipelineUtilsThread] INFO  pipeline.PipelinePlacementPolicy (PipelinePlacementPolicy.java:meetCriteria(91)) - Pipeline Placement: Doesn't meet the criteria to be viable node： bdd8936c-196f-46e2-8966-287f2327a40c Heaviness: 6 limit: 5
2019-09-20 08:19:13,526 [RatisPipelineUtilsThread] INFO  pipeline.PipelinePlacementPolicy (PipelinePlacementPolicy.java:meetCriteria(91)) - Pipeline Placement: Doesn't meet the criteria to be viable node： 00188cad-157e-4dc5-9e27-ca4a6687ede8 Heaviness: 6 limit: 5
2019-09-20 08:19:13,526 [RatisPipelineUtilsThread] INFO  pipeline.PipelinePlacementPolicy (PipelinePlacementPolicy.java:meetCriteria(91)) - Pipeline Placement: Doesn't meet the criteria to be viable node： 1e3d2a43-82dd-4ca1-824a-2408b88144bc Heaviness: 6 limit: 5
2019-09-20 08:19:13,527 [RatisPipelineUtilsThread] ERROR pipeline.PipelinePlacementPolicy (PipelinePlacementPolicy.java:filterViableNodes(148)) - Unable to find enough nodes that meet the criteria that cannot engage in more than 5 pipelines. Nodes required: 1 Found: 0, healthy nodes count inNodeManager: 3.
2019-09-20 08:19:13,527 [RatisPipelineUtilsThread] ERROR pipeline.SCMPipelineManager (SCMPipelineManager.java:createPipeline(161)) - Pipeline creation failed due to exception: Unable to find enough nodes that meet the criteria that cannot engage in more than 5 pipelines. Nodes required: 1 Found: 0, healthy nodes count inNodeManager: 3.
2019-09-20 08:19:13,527 [RatisPipelineUtilsThread] INFO  pipeline.PipelinePlacementPolicy (PipelinePlacementPolicy.java:meetCriteria(91)) - Pipeline Placement: Doesn't meet the criteria to be viable node： bdd8936c-196f-46e2-8966-287f2327a40c Heaviness: 6 limit: 5
2019-09-20 08:19:13,527 [RatisPipelineUtilsThread] INFO  pipeline.PipelinePlacementPolicy (PipelinePlacementPolicy.java:meetCriteria(91)) - Pipeline Placement: Doesn't meet the criteria to be viable node： 00188cad-157e-4dc5-9e27-ca4a6687ede8 Heaviness: 6 limit: 5
2019-09-20 08:19:13,527 [RatisPipelineUtilsThread] INFO  pipeline.PipelinePlacementPolicy (PipelinePlacementPolicy.java:meetCriteria(91)) - Pipeline Placement: Doesn't meet the criteria to be viable node： 1e3d2a43-82dd-4ca1-824a-2408b88144bc Heaviness: 6 limit: 5
2019-09-20 08:19:13,527 [RatisPipelineUtilsThread] ERROR pipeline.PipelinePlacementPolicy (PipelinePlacementPolicy.java:filterViableNodes(148)) - Unable to find enough nodes that meet the criteria that cannot engage in more than 5 pipelines. Nodes required: 3 Found: 0, healthy nodes count inNodeManager: 3.
2019-09-20 08:19:13,528 [RatisPipelineUtilsThread] ERROR pipeline.SCMPipelineManager (SCMPipelineManager.java:createPipeline(161)) - Pipeline creation failed due to exception: Unable to find enough nodes that meet the criteria that cannot engage in more than 5 pipelines. Nodes required: 3 Found: 0, healthy nodes count inNodeManager: 3.
2019-09-20 08:19:14,214 [main] INFO  ozone.MiniOzoneClusterImpl (MiniOzoneClusterImpl.java:lambda$waitForClusterToBeReady$0(142)) - Cluster is ready. Got 3 of 3 DN Heartbeats.
2019-09-20 08:19:14,352 | INFO  | OMAudit | user=jenkins1000 | ip=127.0.0.1 | op=CREATE_VOLUME {admin=admin05762, owner=user18326, volume=volume82466, creationTime=1568967554351, quotaInBytes=1152921504606846976} | ret=SUCCESS |  
2019-09-20 08:19:14,360 | INFO  | OMAudit | user=jenkins1000 | ip=127.0.0.1 | op=CREATE_BUCKET {volume=volume82466, bucket=bucket62879, acls=[], isVersionEnabled=false, storageType=DISK, creationTime=0} | ret=SUCCESS |  
2019-09-20 08:19:14,387 | INFO  | OMAudit | user=jenkins1000 | ip=127.0.0.1 | op=READ_VOLUME {volume=volume82466} | ret=SUCCESS |  
2019-09-20 08:19:14,388 | INFO  | OMAudit | user=jenkins1000 | ip=127.0.0.1 | op=READ_BUCKET {volume=volume82466, bucket=bucket62879} | ret=SUCCESS |  
2019-09-20 08:19:14,409 [IPC Server handler 3 on 46555] INFO  pipeline.PipelinePlacementPolicy (PipelinePlacementPolicy.java:meetCriteria(91)) - Pipeline Placement: Doesn't meet the criteria to be viable node： bdd8936c-196f-46e2-8966-287f2327a40c Heaviness: 6 limit: 5
2019-09-20 08:19:14,409 [IPC Server handler 3 on 46555] INFO  pipeline.PipelinePlacementPolicy (PipelinePlacementPolicy.java:meetCriteria(91)) - Pipeline Placement: Doesn't meet the criteria to be viable node： 00188cad-157e-4dc5-9e27-ca4a6687ede8 Heaviness: 6 limit: 5
2019-09-20 08:19:14,410 [IPC Server handler 3 on 46555] INFO  pipeline.PipelinePlacementPolicy (PipelinePlacementPolicy.java:meetCriteria(91)) - Pipeline Placement: Doesn't meet the criteria to be viable node： 1e3d2a43-82dd-4ca1-824a-2408b88144bc Heaviness: 6 limit: 5
2019-09-20 08:19:14,410 [IPC Server handler 3 on 46555] ERROR pipeline.PipelinePlacementPolicy (PipelinePlacementPolicy.java:filterViableNodes(148)) - Unable to find enough nodes that meet the criteria that cannot engage in more than 5 pipelines. Nodes required: 3 Found: 0, healthy nodes count inNodeManager: 3.
2019-09-20 08:19:14,410 [IPC Server handler 3 on 46555] ERROR pipeline.SCMPipelineManager (SCMPipelineManager.java:createPipeline(161)) - Pipeline creation failed due to exception: Unable to find enough nodes that meet the criteria that cannot engage in more than 5 pipelines. Nodes required: 3 Found: 0, healthy nodes count inNodeManager: 3.
2019-09-20 08:19:14,410 [IPC Server handler 3 on 46555] WARN  block.BlockManagerImpl (BlockManagerImpl.java:allocateBlock(192)) - Pipeline creation failed for type:RATIS factor:THREE. Retrying get pipelines call once.
org.apache.hadoop.hdds.scm.exceptions.SCMException: Unable to find enough nodes that meet the criteria that cannot engage in more than 5 pipelines. Nodes required: 3 Found: 0, healthy nodes count inNodeManager: 3.
	at org.apache.hadoop.hdds.scm.pipeline.PipelinePlacementPolicy.filterViableNodes(PipelinePlacementPolicy.java:149)
	at org.apache.hadoop.hdds.scm.pipeline.PipelinePlacementPolicy.chooseDatanodes(PipelinePlacementPolicy.java:172)
	at org.apache.hadoop.hdds.scm.pipeline.RatisPipelineProvider.create(RatisPipelineProvider.java:92)
	at org.apache.hadoop.hdds.scm.pipeline.PipelineFactory.create(PipelineFactory.java:57)
	at org.apache.hadoop.hdds.scm.pipeline.SCMPipelineManager.createPipeline(SCMPipelineManager.java:149)
	at org.apache.hadoop.hdds.scm.block.BlockManagerImpl.allocateBlock(BlockManagerImpl.java:190)
	at org.apache.hadoop.hdds.scm.server.SCMBlockProtocolServer.allocateBlock(SCMBlockProtocolServer.java:175)
	at org.apache.hadoop.ozone.protocolPB.ScmBlockLocationProtocolServerSideTranslatorPB.allocateScmBlock(ScmBlockLocationProtocolServerSideTranslatorPB.java:153)
	at org.apache.hadoop.ozone.protocolPB.ScmBlockLocationProtocolServerSideTranslatorPB.send(ScmBlockLocationProtocolServerSideTranslatorPB.java:112)
	at org.apache.hadoop.hdds.protocol.proto.ScmBlockLocationProtocolProtos$ScmBlockLocationProtocolService$2.callBlockingMethod(ScmBlockLocationProtocolProtos.java:13157)
	at org.apache.hadoop.ipc.ProtobufRpcEngine$Server$ProtoBufRpcInvoker.call(ProtobufRpcEngine.java:524)
	at org.apache.hadoop.ipc.RPC$Server.call(RPC.java:1025)
	at org.apache.hadoop.ipc.Server$RpcCall.run(Server.java:876)
	at org.apache.hadoop.ipc.Server$RpcCall.run(Server.java:822)
	at java.security.AccessController.doPrivileged(Native Method)
	at javax.security.auth.Subject.doAs(Subject.java:422)
	at org.apache.hadoop.security.UserGroupInformation.doAs(UserGroupInformation.java:1730)
	at org.apache.hadoop.ipc.Server$Handler.run(Server.java:2682)
2019-09-20 08:19:14,410 [IPC Server handler 3 on 46555] INFO  block.BlockManagerImpl (BlockManagerImpl.java:allocateBlock(198)) - Could not find available pipeline of type:RATIS and factor:THREE even after retrying
2019-09-20 08:19:14,410 [IPC Server handler 3 on 46555] ERROR block.BlockManagerImpl (BlockManagerImpl.java:allocateBlock(222)) - Unable to allocate a block for the size: 4194304, type: RATIS, factor: THREE
2019-09-20 08:19:14,411 | INFO  | SCMAudit | user=jenkins1000 | ip=192.168.34.27 | op=ALLOCATE_BLOCK {owner=a6fc4126-ae8a-4a2a-ab48-455ed68bf2b9, size=4194304, type=RATIS, factor=THREE} | ret=SUCCESS |  
2019-09-20 08:19:14,413 | ERROR | OMAudit | user=jenkins1000 | ip=127.0.0.1 | op=CREATE_FILE {volume=volume82466, bucket=bucket62879, key=axQRR, dataSize=0, replicationType=RATIS, replicationFactor=THREE, keyLocationInfo=null} | ret=FAILURE | org.apache.hadoop.hdds.scm.exceptions.SCMException: Allocated 0 blocks. Requested 1 blocks
	at org.apache.hadoop.hdds.scm.protocolPB.ScmBlockLocationProtocolClientSideTranslatorPB.handleError(ScmBlockLocationProtocolClientSideTranslatorPB.java:118)
	at org.apache.hadoop.hdds.scm.protocolPB.ScmBlockLocationProtocolClientSideTranslatorPB.allocateBlock(ScmBlockLocationProtocolClientSideTranslatorPB.java:156) 
2019-09-20 08:19:14,415 [main] INFO  ozone.MiniOzoneClusterImpl (MiniOzoneClusterImpl.java:shutdown(321)) - Shutting down the Mini Ozone Cluster
2019-09-20 08:19:14,415 | INFO  | SCMAudit | user=null | ip=null | op=GET_SCM_INFO null | ret=SUCCESS |  
2019-09-20 08:19:14,415 [main] INFO  ozone.MiniOzoneClusterImpl (MiniOzoneClusterImpl.java:stop(336)) - Stopping the Mini Ozone Cluster
2019-09-20 08:19:14,415 [main] INFO  ozone.MiniOzoneClusterImpl (MiniOzoneClusterImpl.java:stop(338)) - Stopping the OzoneManager
2019-09-20 08:19:14,415 [main] INFO  ipc.Server (Server.java:stop(3082)) - Stopping server on 34215
2019-09-20 08:19:14,421 [IPC Server listener on 34215] INFO  ipc.Server (Server.java:run(1185)) - Stopping IPC Server listener on 34215
2019-09-20 08:19:14,423 [main] INFO  ratis.OzoneManagerDoubleBuffer (OzoneManagerDoubleBuffer.java:stop(248)) - Stopping OMDoubleBuffer flush thread
2019-09-20 08:19:14,423 [IPC Server Responder] INFO  ipc.Server (Server.java:run(1319)) - Stopping IPC Server Responder
2019-09-20 08:19:14,424 [OMDoubleBufferFlushThread] INFO  ratis.OzoneManagerDoubleBuffer (OzoneManagerDoubleBuffer.java:flushTransactions(191)) - OMDoubleBuffer flush thread OMDoubleBufferFlushThread is interrupted and will exit. OMDoubleBufferFlushThread
2019-09-20 08:19:14,424 [main] INFO  utils.BackgroundService (BackgroundService.java:shutdown(148)) - Shutting down service KeyDeletingService
2019-09-20 08:19:14,426 [main] INFO  handler.ContextHandler (ContextHandler.java:doStop(910)) - Stopped o.e.j.w.WebAppContext@384d0e1f{/,null,UNAVAILABLE}{/ozoneManager}
2019-09-20 08:19:14,426 [main] INFO  server.AbstractConnector (AbstractConnector.java:doStop(318)) - Stopped ServerConnector@6f997702{HTTP/1.1,[http/1.1]}{0.0.0.0:0}
2019-09-20 08:19:14,427 [main] INFO  handler.ContextHandler (ContextHandler.java:doStop(910)) - Stopped o.e.j.s.ServletContextHandler@326c526a{/static,jar:file:/home/user/.m2/repository/org/apache/hadoop/hadoop-ozone-ozone-manager/0.5.0-SNAPSHOT/hadoop-ozone-ozone-manager-0.5.0-SNAPSHOT.jar!/webapps/static,UNAVAILABLE}
2019-09-20 08:19:14,427 [main] INFO  handler.ContextHandler (ContextHandler.java:doStop(910)) - Stopped o.e.j.s.ServletContextHandler@563434b4{/logs,file:///workdir/hadoop-ozone/ozonefs/target/log,UNAVAILABLE}
2019-09-20 08:19:14,429 [main] INFO  ozone.MiniOzoneClusterImpl (MiniOzoneClusterImpl.java:stop(344)) - Shutting the HddsDatanodes
2019-09-20 08:19:14,430 [main] INFO  datanode.ObjectStoreHandler (ObjectStoreHandler.java:close(155)) - Closing ObjectStoreHandler.
2019-09-20 08:19:14,430 [ForkJoinPool.commonPool-worker-1] INFO  datanode.ObjectStoreHandler (ObjectStoreHandler.java:close(155)) - Closing ObjectStoreHandler.
2019-09-20 08:19:14,430 [main] INFO  ozone.HddsDatanodeService (HddsDatanodeService.java:stop(451)) - Stopped plug-in org.apache.hadoop.ozone.web.OzoneHddsDatanodeService@5d7a274e
2019-09-20 08:19:14,430 [ForkJoinPool.commonPool-worker-1] INFO  ozone.HddsDatanodeService (HddsDatanodeService.java:stop(451)) - Stopped plug-in org.apache.hadoop.ozone.web.OzoneHddsDatanodeService@6e3f38c1
2019-09-20 08:19:14,778 [Datanode State Machine Thread - 0] INFO  statemachine.DatanodeStateMachine (DatanodeStateMachine.java:lambda$startDaemon$0(350)) - Ozone container server started.
2019-09-20 08:19:14,993 [Datanode State Machine Thread - 0] INFO  statemachine.DatanodeStateMachine (DatanodeStateMachine.java:lambda$startDaemon$0(350)) - Ozone container server started.
2019-09-20 08:19:15,215 | INFO  | SCMAudit | user=jenkins1000 | ip=192.168.34.27 | op=SEND_HEARTBEAT {datanodeUUID=00188cad-157e-4dc5-9e27-ca4a6687ede8, command=[]} | ret=SUCCESS |  
2019-09-20 08:19:15,786 [Thread-3094] INFO  container.ReplicationManager (ReplicationManager.java:start(151)) - Starting Replication Monitor Thread.
2019-09-20 08:19:15,789 [ReplicationMonitor] INFO  container.ReplicationManager (ReplicationManager.java:run(214)) - Replication Monitor Thread took 0 milliseconds for processing 0 containers.
2019-09-20 08:19:16,214 | INFO  | SCMAudit | user=jenkins1000 | ip=192.168.34.27 | op=SEND_HEARTBEAT {datanodeUUID=00188cad-157e-4dc5-9e27-ca4a6687ede8, command=[]} | ret=SUCCESS |  
2019-09-20 08:19:17,214 | INFO  | SCMAudit | user=jenkins1000 | ip=192.168.34.27 | op=SEND_HEARTBEAT {datanodeUUID=00188cad-157e-4dc5-9e27-ca4a6687ede8, command=[]} | ret=SUCCESS |  
2019-09-20 08:19:17,908 [Thread-3099] INFO  impl.FollowerState (FollowerState.java:run(106)) - bdd8936c-196f-46e2-8966-287f2327a40c:group-5DFE2E84338F changes to CANDIDATE, lastRpcTime:5027, electionTimeout:5027ms
2019-09-20 08:19:17,909 [Thread-3099] INFO  impl.RoleInfo (RoleInfo.java:shutdownFollowerState(121)) - bdd8936c-196f-46e2-8966-287f2327a40c: shutdown FollowerState
2019-09-20 08:19:17,909 [Thread-3099] INFO  impl.RaftServerImpl (RaftServerImpl.java:setRole(171)) - bdd8936c-196f-46e2-8966-287f2327a40c:group-5DFE2E84338F changes role from FOLLOWER to CANDIDATE at term 0 for changeToCandidate
2019-09-20 08:19:17,909 [Thread-3099] INFO  impl.RoleInfo (RoleInfo.java:updateAndGet(143)) - bdd8936c-196f-46e2-8966-287f2327a40c: start LeaderElection
2019-09-20 08:19:17,927 [Thread-3102] INFO  impl.FollowerState (FollowerState.java:run(106)) - bdd8936c-196f-46e2-8966-287f2327a40c:group-761FC0ACF0DB changes to CANDIDATE, lastRpcTime:5007, electionTimeout:5007ms
2019-09-20 08:19:17,927 [Thread-3102] INFO  impl.RoleInfo (RoleInfo.java:shutdownFollowerState(121)) - bdd8936c-196f-46e2-8966-287f2327a40c: shutdown FollowerState
2019-09-20 08:19:17,927 [Thread-3102] INFO  impl.RaftServerImpl (RaftServerImpl.java:setRole(171)) - bdd8936c-196f-46e2-8966-287f2327a40c:group-761FC0ACF0DB changes role from FOLLOWER to CANDIDATE at term 0 for changeToCandidate
2019-09-20 08:19:17,927 [Thread-3102] INFO  impl.RoleInfo (RoleInfo.java:updateAndGet(143)) - bdd8936c-196f-46e2-8966-287f2327a40c: start LeaderElection
2019-09-20 08:19:17,945 [bdd8936c-196f-46e2-8966-287f2327a40c:group-761FC0ACF0DB:LeaderElection200] INFO  impl.LeaderElection (LeaderElection.java:askForVotes(181)) - bdd8936c-196f-46e2-8966-287f2327a40c:group-761FC0ACF0DB:LeaderElection200: begin an election at term 1 for -1: [bdd8936c-196f-46e2-8966-287f2327a40c:192.168.34.27:41285], old=null
2019-09-20 08:19:17,945 [bdd8936c-196f-46e2-8966-287f2327a40c:group-5DFE2E84338F:LeaderElection199] INFO  impl.LeaderElection (LeaderElection.java:askForVotes(181)) - bdd8936c-196f-46e2-8966-287f2327a40c:group-5DFE2E84338F:LeaderElection199: begin an election at term 1 for -1: [bdd8936c-196f-46e2-8966-287f2327a40c:192.168.34.27:41285], old=null
2019-09-20 08:19:17,946 [bdd8936c-196f-46e2-8966-287f2327a40c:group-761FC0ACF0DB:LeaderElection200] INFO  impl.RoleInfo (RoleInfo.java:shutdownLeaderElection(134)) - bdd8936c-196f-46e2-8966-287f2327a40c: shutdown LeaderElection
2019-09-20 08:19:17,946 [bdd8936c-196f-46e2-8966-287f2327a40c:group-761FC0ACF0DB:LeaderElection200] INFO  impl.RaftServerImpl (RaftServerImpl.java:setRole(171)) - bdd8936c-196f-46e2-8966-287f2327a40c:group-761FC0ACF0DB changes role from CANDIDATE to LEADER at term 1 for changeToLeader
2019-09-20 08:19:17,946 [bdd8936c-196f-46e2-8966-287f2327a40c:group-5DFE2E84338F:LeaderElection199] INFO  impl.RoleInfo (RoleInfo.java:shutdownLeaderElection(134)) - bdd8936c-196f-46e2-8966-287f2327a40c: shutdown LeaderElection
2019-09-20 08:19:17,946 [bdd8936c-196f-46e2-8966-287f2327a40c:group-761FC0ACF0DB:LeaderElection200] INFO  impl.RaftServerImpl (ServerState.java:setLeader(263)) - bdd8936c-196f-46e2-8966-287f2327a40c:group-761FC0ACF0DB change Leader from null to bdd8936c-196f-46e2-8966-287f2327a40c at term 1 for becomeLeader, leader elected after 5030ms
2019-09-20 08:19:17,946 [bdd8936c-196f-46e2-8966-287f2327a40c:group-5DFE2E84338F:LeaderElection199] INFO  impl.RaftServerImpl (RaftServerImpl.java:setRole(171)) - bdd8936c-196f-46e2-8966-287f2327a40c:group-5DFE2E84338F changes role from CANDIDATE to LEADER at term 1 for changeToLeader
2019-09-20 08:19:17,946 [bdd8936c-196f-46e2-8966-287f2327a40c:group-5DFE2E84338F:LeaderElection199] INFO  impl.RaftServerImpl (ServerState.java:setLeader(263)) - bdd8936c-196f-46e2-8966-287f2327a40c:group-5DFE2E84338F change Leader from null to bdd8936c-196f-46e2-8966-287f2327a40c at term 1 for becomeLeader, leader elected after 5069ms
2019-09-20 08:19:17,946 [bdd8936c-196f-46e2-8966-287f2327a40c:group-761FC0ACF0DB:LeaderElection200] INFO  server.RaftServerConfigKeys (ConfUtils.java:logGet(43)) - raft.server.staging.catchup.gap = 1000 (default)
2019-09-20 08:19:17,947 [bdd8936c-196f-46e2-8966-287f2327a40c:group-5DFE2E84338F:LeaderElection199] INFO  server.RaftServerConfigKeys (ConfUtils.java:logGet(43)) - raft.server.staging.catchup.gap = 1000 (default)
2019-09-20 08:19:17,947 [bdd8936c-196f-46e2-8966-287f2327a40c:group-761FC0ACF0DB:LeaderElection200] INFO  server.RaftServerConfigKeys (ConfUtils.java:logGet(43)) - raft.server.rpc.sleep.time = 25ms (default)
2019-09-20 08:19:17,947 [bdd8936c-196f-46e2-8966-287f2327a40c:group-5DFE2E84338F:LeaderElection199] INFO  server.RaftServerConfigKeys (ConfUtils.java:logGet(43)) - raft.server.rpc.sleep.time = 25ms (default)
2019-09-20 08:19:17,947 [bdd8936c-196f-46e2-8966-287f2327a40c:group-761FC0ACF0DB:LeaderElection200] INFO  server.RaftServerConfigKeys (ConfUtils.java:logGet(43)) - raft.server.write.element-limit = 4096 (default)
2019-09-20 08:19:17,947 [bdd8936c-196f-46e2-8966-287f2327a40c:group-5DFE2E84338F:LeaderElection199] INFO  server.RaftServerConfigKeys (ConfUtils.java:logGet(43)) - raft.server.write.element-limit = 4096 (default)
2019-09-20 08:19:17,947 [bdd8936c-196f-46e2-8966-287f2327a40c:group-761FC0ACF0DB:LeaderElection200] INFO  server.RaftServerConfigKeys (ConfUtils.java:logGet(43)) - raft.server.watch.timeout = 10s (default)
2019-09-20 08:19:17,947 [bdd8936c-196f-46e2-8966-287f2327a40c:group-5DFE2E84338F:LeaderElection199] INFO  server.RaftServerConfigKeys (ConfUtils.java:logGet(43)) - raft.server.watch.timeout = 10s (default)
2019-09-20 08:19:17,948 [bdd8936c-196f-46e2-8966-287f2327a40c:group-761FC0ACF0DB:LeaderElection200] INFO  server.RaftServerConfigKeys (ConfUtils.java:logGet(43)) - raft.server.watch.timeout.denomination = 1s (default)
2019-09-20 08:19:17,948 [bdd8936c-196f-46e2-8966-287f2327a40c:group-5DFE2E84338F:LeaderElection199] INFO  server.RaftServerConfigKeys (ConfUtils.java:logGet(43)) - raft.server.watch.timeout.denomination = 1s (default)
2019-09-20 08:19:17,948 [bdd8936c-196f-46e2-8966-287f2327a40c:group-761FC0ACF0DB:LeaderElection200] INFO  server.RaftServerConfigKeys (ConfUtils.java:logGet(43)) - raft.server.watch.element-limit = 65536 (default)
2019-09-20 08:19:17,948 [bdd8936c-196f-46e2-8966-287f2327a40c:group-5DFE2E84338F:LeaderElection199] INFO  server.RaftServerConfigKeys (ConfUtils.java:logGet(43)) - raft.server.watch.element-limit = 65536 (default)
2019-09-20 08:19:17,948 [bdd8936c-196f-46e2-8966-287f2327a40c:group-761FC0ACF0DB:LeaderElection200] INFO  impl.RoleInfo (RoleInfo.java:updateAndGet(143)) - bdd8936c-196f-46e2-8966-287f2327a40c: start LeaderState
2019-09-20 08:19:17,948 [bdd8936c-196f-46e2-8966-287f2327a40c:group-5DFE2E84338F:LeaderElection199] INFO  impl.RoleInfo (RoleInfo.java:updateAndGet(143)) - bdd8936c-196f-46e2-8966-287f2327a40c: start LeaderState
2019-09-20 08:19:17,948 [bdd8936c-196f-46e2-8966-287f2327a40c:group-761FC0ACF0DB:LeaderElection200] INFO  segmented.SegmentedRaftLogWorker (SegmentedRaftLogWorker.java:startLogSegment(380)) - bdd8936c-196f-46e2-8966-287f2327a40c-SegmentedRaftLogWorker:Storage Directory /workdir/hadoop-ozone/ozonefs/target/test-dir/MiniOzoneClusterImpl-0ef8af2c-8d39-4a42-bdc9-6bbcc43100a2/datanode-0/data/ratis/3c4d82c3-5d0d-46bf-a91f-761fc0acf0db: Starting segment from index:0
2019-09-20 08:19:17,949 [bdd8936c-196f-46e2-8966-287f2327a40c:group-5DFE2E84338F:LeaderElection199] INFO  segmented.SegmentedRaftLogWorker (SegmentedRaftLogWorker.java:startLogSegment(380)) - bdd8936c-196f-46e2-8966-287f2327a40c-SegmentedRaftLogWorker:Storage Directory /workdir/hadoop-ozone/ozonefs/target/test-dir/MiniOzoneClusterImpl-0ef8af2c-8d39-4a42-bdc9-6bbcc43100a2/datanode-0/data/ratis/e6375704-879d-4edd-b77f-5dfe2e84338f: Starting segment from index:0
2019-09-20 08:19:17,949 [bdd8936c-196f-46e2-8966-287f2327a40c:group-761FC0ACF0DB:LeaderElection200] INFO  impl.RaftServerImpl (ServerState.java:setRaftConf(361)) - bdd8936c-196f-46e2-8966-287f2327a40c:group-761FC0ACF0DB set configuration 0: [bdd8936c-196f-46e2-8966-287f2327a40c:192.168.34.27:41285], old=null at 0
2019-09-20 08:19:17,949 [bdd8936c-196f-46e2-8966-287f2327a40c:group-5DFE2E84338F:LeaderElection199] INFO  impl.RaftServerImpl (ServerState.java:setRaftConf(361)) - bdd8936c-196f-46e2-8966-287f2327a40c:group-5DFE2E84338F set configuration 0: [bdd8936c-196f-46e2-8966-287f2327a40c:192.168.34.27:41285], old=null at 0
2019-09-20 08:19:17,962 [Thread-3096] INFO  impl.FollowerState (FollowerState.java:run(106)) - bdd8936c-196f-46e2-8966-287f2327a40c:group-D66DC98B03E0 changes to CANDIDATE, lastRpcTime:5122, electionTimeout:5122ms
2019-09-20 08:19:17,962 [Thread-3096] INFO  impl.RoleInfo (RoleInfo.java:shutdownFollowerState(121)) - bdd8936c-196f-46e2-8966-287f2327a40c: shutdown FollowerState
2019-09-20 08:19:17,962 [Thread-3096] INFO  impl.RaftServerImpl (RaftServerImpl.java:setRole(171)) - bdd8936c-196f-46e2-8966-287f2327a40c:group-D66DC98B03E0 changes role from FOLLOWER to CANDIDATE at term 0 for changeToCandidate
2019-09-20 08:19:17,962 [Thread-3096] INFO  impl.RoleInfo (RoleInfo.java:updateAndGet(143)) - bdd8936c-196f-46e2-8966-287f2327a40c: start LeaderElection
2019-09-20 08:19:18,014 [bdd8936c-196f-46e2-8966-287f2327a40c-SegmentedRaftLogWorker:Storage Directory /workdir/hadoop-ozone/ozonefs/target/test-dir/MiniOzoneClusterImpl-0ef8af2c-8d39-4a42-bdc9-6bbcc43100a2/datanode-0/data/ratis/3c4d82c3-5d0d-46bf-a91f-761fc0acf0db] INFO  segmented.SegmentedRaftLogWorker (SegmentedRaftLogWorker.java:execute(569)) - bdd8936c-196f-46e2-8966-287f2327a40c-SegmentedRaftLogWorker:Storage Directory /workdir/hadoop-ozone/ozonefs/target/test-dir/MiniOzoneClusterImpl-0ef8af2c-8d39-4a42-bdc9-6bbcc43100a2/datanode-0/data/ratis/3c4d82c3-5d0d-46bf-a91f-761fc0acf0db: created new log segment /workdir/hadoop-ozone/ozonefs/target/test-dir/MiniOzoneClusterImpl-0ef8af2c-8d39-4a42-bdc9-6bbcc43100a2/datanode-0/data/ratis/3c4d82c3-5d0d-46bf-a91f-761fc0acf0db/current/log_inprogress_0
2019-09-20 08:19:18,014 [bdd8936c-196f-46e2-8966-287f2327a40c:group-D66DC98B03E0:LeaderElection201] INFO  impl.LeaderElection (LeaderElection.java:askForVotes(181)) - bdd8936c-196f-46e2-8966-287f2327a40c:group-D66DC98B03E0:LeaderElection201: begin an election at term 1 for -1: [bdd8936c-196f-46e2-8966-287f2327a40c:192.168.34.27:41285], old=null
2019-09-20 08:19:18,014 [bdd8936c-196f-46e2-8966-287f2327a40c-SegmentedRaftLogWorker:Storage Directory /workdir/hadoop-ozone/ozonefs/target/test-dir/MiniOzoneClusterImpl-0ef8af2c-8d39-4a42-bdc9-6bbcc43100a2/datanode-0/data/ratis/e6375704-879d-4edd-b77f-5dfe2e84338f] INFO  segmented.SegmentedRaftLogWorker (SegmentedRaftLogWorker.java:execute(569)) - bdd8936c-196f-46e2-8966-287f2327a40c-SegmentedRaftLogWorker:Storage Directory /workdir/hadoop-ozone/ozonefs/target/test-dir/MiniOzoneClusterImpl-0ef8af2c-8d39-4a42-bdc9-6bbcc43100a2/datanode-0/data/ratis/e6375704-879d-4edd-b77f-5dfe2e84338f: created new log segment /workdir/hadoop-ozone/ozonefs/target/test-dir/MiniOzoneClusterImpl-0ef8af2c-8d39-4a42-bdc9-6bbcc43100a2/datanode-0/data/ratis/e6375704-879d-4edd-b77f-5dfe2e84338f/current/log_inprogress_0
2019-09-20 08:19:18,015 [bdd8936c-196f-46e2-8966-287f2327a40c:group-D66DC98B03E0:LeaderElection201] INFO  impl.RoleInfo (RoleInfo.java:shutdownLeaderElection(134)) - bdd8936c-196f-46e2-8966-287f2327a40c: shutdown LeaderElection
2019-09-20 08:19:18,015 [bdd8936c-196f-46e2-8966-287f2327a40c:group-D66DC98B03E0:LeaderElection201] INFO  impl.RaftServerImpl (RaftServerImpl.java:setRole(171)) - bdd8936c-196f-46e2-8966-287f2327a40c:group-D66DC98B03E0 changes role from CANDIDATE to LEADER at term 1 for changeToLeader
2019-09-20 08:19:18,015 [bdd8936c-196f-46e2-8966-287f2327a40c:group-D66DC98B03E0:LeaderElection201] INFO  impl.RaftServerImpl (ServerState.java:setLeader(263)) - bdd8936c-196f-46e2-8966-287f2327a40c:group-D66DC98B03E0 change Leader from null to bdd8936c-196f-46e2-8966-287f2327a40c at term 1 for becomeLeader, leader elected after 5180ms
2019-09-20 08:19:18,015 [bdd8936c-196f-46e2-8966-287f2327a40c:group-D66DC98B03E0:LeaderElection201] INFO  server.RaftServerConfigKeys (ConfUtils.java:logGet(43)) - raft.server.staging.catchup.gap = 1000 (default)
2019-09-20 08:19:18,016 [bdd8936c-196f-46e2-8966-287f2327a40c:group-D66DC98B03E0:LeaderElection201] INFO  server.RaftServerConfigKeys (ConfUtils.java:logGet(43)) - raft.server.rpc.sleep.time = 25ms (default)
2019-09-20 08:19:18,016 [bdd8936c-196f-46e2-8966-287f2327a40c:group-D66DC98B03E0:LeaderElection201] INFO  server.RaftServerConfigKeys (ConfUtils.java:logGet(43)) - raft.server.write.element-limit = 4096 (default)
2019-09-20 08:19:18,016 [bdd8936c-196f-46e2-8966-287f2327a40c:group-D66DC98B03E0:LeaderElection201] INFO  server.RaftServerConfigKeys (ConfUtils.java:logGet(43)) - raft.server.watch.timeout = 10s (default)
2019-09-20 08:19:18,016 [bdd8936c-196f-46e2-8966-287f2327a40c:group-D66DC98B03E0:LeaderElection201] INFO  server.RaftServerConfigKeys (ConfUtils.java:logGet(43)) - raft.server.watch.timeout.denomination = 1s (default)
2019-09-20 08:19:18,016 [bdd8936c-196f-46e2-8966-287f2327a40c:group-D66DC98B03E0:LeaderElection201] INFO  server.RaftServerConfigKeys (ConfUtils.java:logGet(43)) - raft.server.watch.element-limit = 65536 (default)
2019-09-20 08:19:18,016 [bdd8936c-196f-46e2-8966-287f2327a40c:group-D66DC98B03E0:LeaderElection201] INFO  impl.RoleInfo (RoleInfo.java:updateAndGet(143)) - bdd8936c-196f-46e2-8966-287f2327a40c: start LeaderState
2019-09-20 08:19:18,016 [bdd8936c-196f-46e2-8966-287f2327a40c:group-D66DC98B03E0:LeaderElection201] INFO  segmented.SegmentedRaftLogWorker (SegmentedRaftLogWorker.java:startLogSegment(380)) - bdd8936c-196f-46e2-8966-287f2327a40c-SegmentedRaftLogWorker:Storage Directory /workdir/hadoop-ozone/ozonefs/target/test-dir/MiniOzoneClusterImpl-0ef8af2c-8d39-4a42-bdc9-6bbcc43100a2/datanode-0/data/ratis/40e253ad-e092-4dae-956f-d66dc98b03e0: Starting segment from index:0
2019-09-20 08:19:18,017 [bdd8936c-196f-46e2-8966-287f2327a40c:group-D66DC98B03E0:LeaderElection201] INFO  impl.RaftServerImpl (ServerState.java:setRaftConf(361)) - bdd8936c-196f-46e2-8966-287f2327a40c:group-D66DC98B03E0 set configuration 0: [bdd8936c-196f-46e2-8966-287f2327a40c:192.168.34.27:41285], old=null at 0
2019-09-20 08:19:18,067 [bdd8936c-196f-46e2-8966-287f2327a40c-SegmentedRaftLogWorker:Storage Directory /workdir/hadoop-ozone/ozonefs/target/test-dir/MiniOzoneClusterImpl-0ef8af2c-8d39-4a42-bdc9-6bbcc43100a2/datanode-0/data/ratis/40e253ad-e092-4dae-956f-d66dc98b03e0] INFO  segmented.SegmentedRaftLogWorker (SegmentedRaftLogWorker.java:execute(569)) - bdd8936c-196f-46e2-8966-287f2327a40c-SegmentedRaftLogWorker:Storage Directory /workdir/hadoop-ozone/ozonefs/target/test-dir/MiniOzoneClusterImpl-0ef8af2c-8d39-4a42-bdc9-6bbcc43100a2/datanode-0/data/ratis/40e253ad-e092-4dae-956f-d66dc98b03e0: created new log segment /workdir/hadoop-ozone/ozonefs/target/test-dir/MiniOzoneClusterImpl-0ef8af2c-8d39-4a42-bdc9-6bbcc43100a2/datanode-0/data/ratis/40e253ad-e092-4dae-956f-d66dc98b03e0/current/log_inprogress_0
2019-09-20 08:19:18,093 [Thread-3105] INFO  impl.FollowerState (FollowerState.java:run(106)) - bdd8936c-196f-46e2-8966-287f2327a40c:group-9C94ACC8A9DC changes to CANDIDATE, lastRpcTime:5133, electionTimeout:5133ms
2019-09-20 08:19:18,093 [Thread-3105] INFO  impl.RoleInfo (RoleInfo.java:shutdownFollowerState(121)) - bdd8936c-196f-46e2-8966-287f2327a40c: shutdown FollowerState
2019-09-20 08:19:18,093 [Thread-3105] INFO  impl.RaftServerImpl (RaftServerImpl.java:setRole(171)) - bdd8936c-196f-46e2-8966-287f2327a40c:group-9C94ACC8A9DC changes role from FOLLOWER to CANDIDATE at term 0 for changeToCandidate
2019-09-20 08:19:18,093 [Thread-3105] INFO  impl.RoleInfo (RoleInfo.java:updateAndGet(143)) - bdd8936c-196f-46e2-8966-287f2327a40c: start LeaderElection
2019-09-20 08:19:18,095 [Thread-3117] INFO  impl.FollowerState (FollowerState.java:run(106)) - 1e3d2a43-82dd-4ca1-824a-2408b88144bc:group-78E9F6F6246F changes to CANDIDATE, lastRpcTime:5035, electionTimeout:5035ms
2019-09-20 08:19:18,095 [Thread-3117] INFO  impl.RoleInfo (RoleInfo.java:shutdownFollowerState(121)) - 1e3d2a43-82dd-4ca1-824a-2408b88144bc: shutdown FollowerState
2019-09-20 08:19:18,095 [Thread-3117] INFO  impl.RaftServerImpl (RaftServerImpl.java:setRole(171)) - 1e3d2a43-82dd-4ca1-824a-2408b88144bc:group-78E9F6F6246F changes role from FOLLOWER to CANDIDATE at term 0 for changeToCandidate
2019-09-20 08:19:18,095 [Thread-3117] INFO  impl.RoleInfo (RoleInfo.java:updateAndGet(143)) - 1e3d2a43-82dd-4ca1-824a-2408b88144bc: start LeaderElection
2019-09-20 08:19:18,111 [bdd8936c-196f-46e2-8966-287f2327a40c:group-9C94ACC8A9DC:LeaderElection202] INFO  impl.LeaderElection (LeaderElection.java:askForVotes(181)) - bdd8936c-196f-46e2-8966-287f2327a40c:group-9C94ACC8A9DC:LeaderElection202: begin an election at term 1 for -1: [bdd8936c-196f-46e2-8966-287f2327a40c:192.168.34.27:41285], old=null
2019-09-20 08:19:18,111 [1e3d2a43-82dd-4ca1-824a-2408b88144bc:group-78E9F6F6246F:LeaderElection203] INFO  impl.LeaderElection (LeaderElection.java:askForVotes(181)) - 1e3d2a43-82dd-4ca1-824a-2408b88144bc:group-78E9F6F6246F:LeaderElection203: begin an election at term 1 for -1: [1e3d2a43-82dd-4ca1-824a-2408b88144bc:192.168.34.27:33034], old=null
2019-09-20 08:19:18,111 [bdd8936c-196f-46e2-8966-287f2327a40c:group-9C94ACC8A9DC:LeaderElection202] INFO  impl.RoleInfo (RoleInfo.java:shutdownLeaderElection(134)) - bdd8936c-196f-46e2-8966-287f2327a40c: shutdown LeaderElection
2019-09-20 08:19:18,112 [1e3d2a43-82dd-4ca1-824a-2408b88144bc:group-78E9F6F6246F:LeaderElection203] INFO  impl.RoleInfo (RoleInfo.java:shutdownLeaderElection(134)) - 1e3d2a43-82dd-4ca1-824a-2408b88144bc: shutdown LeaderElection
2019-09-20 08:19:18,112 [bdd8936c-196f-46e2-8966-287f2327a40c:group-9C94ACC8A9DC:LeaderElection202] INFO  impl.RaftServerImpl (RaftServerImpl.java:setRole(171)) - bdd8936c-196f-46e2-8966-287f2327a40c:group-9C94ACC8A9DC changes role from CANDIDATE to LEADER at term 1 for changeToLeader
2019-09-20 08:19:18,112 [1e3d2a43-82dd-4ca1-824a-2408b88144bc:group-78E9F6F6246F:LeaderElection203] INFO  impl.RaftServerImpl (RaftServerImpl.java:setRole(171)) - 1e3d2a43-82dd-4ca1-824a-2408b88144bc:group-78E9F6F6246F changes role from CANDIDATE to LEADER at term 1 for changeToLeader
2019-09-20 08:19:18,112 [bdd8936c-196f-46e2-8966-287f2327a40c:group-9C94ACC8A9DC:LeaderElection202] INFO  impl.RaftServerImpl (ServerState.java:setLeader(263)) - bdd8936c-196f-46e2-8966-287f2327a40c:group-9C94ACC8A9DC change Leader from null to bdd8936c-196f-46e2-8966-287f2327a40c at term 1 for becomeLeader, leader elected after 5156ms
2019-09-20 08:19:18,112 [1e3d2a43-82dd-4ca1-824a-2408b88144bc:group-78E9F6F6246F:LeaderElection203] INFO  impl.RaftServerImpl (ServerState.java:setLeader(263)) - 1e3d2a43-82dd-4ca1-824a-2408b88144bc:group-78E9F6F6246F change Leader from null to 1e3d2a43-82dd-4ca1-824a-2408b88144bc at term 1 for becomeLeader, leader elected after 5055ms
2019-09-20 08:19:18,112 [bdd8936c-196f-46e2-8966-287f2327a40c:group-9C94ACC8A9DC:LeaderElection202] INFO  server.RaftServerConfigKeys (ConfUtils.java:logGet(43)) - raft.server.staging.catchup.gap = 1000 (default)
2019-09-20 08:19:18,112 [1e3d2a43-82dd-4ca1-824a-2408b88144bc:group-78E9F6F6246F:LeaderElection203] INFO  server.RaftServerConfigKeys (ConfUtils.java:logGet(43)) - raft.server.staging.catchup.gap = 1000 (default)
2019-09-20 08:19:18,112 [bdd8936c-196f-46e2-8966-287f2327a40c:group-9C94ACC8A9DC:LeaderElection202] INFO  server.RaftServerConfigKeys (ConfUtils.java:logGet(43)) - raft.server.rpc.sleep.time = 25ms (default)
2019-09-20 08:19:18,113 [1e3d2a43-82dd-4ca1-824a-2408b88144bc:group-78E9F6F6246F:LeaderElection203] INFO  server.RaftServerConfigKeys (ConfUtils.java:logGet(43)) - raft.server.rpc.sleep.time = 25ms (default)
2019-09-20 08:19:18,113 [bdd8936c-196f-46e2-8966-287f2327a40c:group-9C94ACC8A9DC:LeaderElection202] INFO  server.RaftServerConfigKeys (ConfUtils.java:logGet(43)) - raft.server.write.element-limit = 4096 (default)
2019-09-20 08:19:18,113 [1e3d2a43-82dd-4ca1-824a-2408b88144bc:group-78E9F6F6246F:LeaderElection203] INFO  server.RaftServerConfigKeys (ConfUtils.java:logGet(43)) - raft.server.write.element-limit = 4096 (default)
2019-09-20 08:19:18,113 [bdd8936c-196f-46e2-8966-287f2327a40c:group-9C94ACC8A9DC:LeaderElection202] INFO  server.RaftServerConfigKeys (ConfUtils.java:logGet(43)) - raft.server.watch.timeout = 10s (default)
2019-09-20 08:19:18,113 [1e3d2a43-82dd-4ca1-824a-2408b88144bc:group-78E9F6F6246F:LeaderElection203] INFO  server.RaftServerConfigKeys (ConfUtils.java:logGet(43)) - raft.server.watch.timeout = 10s (default)
2019-09-20 08:19:18,113 [bdd8936c-196f-46e2-8966-287f2327a40c:group-9C94ACC8A9DC:LeaderElection202] INFO  server.RaftServerConfigKeys (ConfUtils.java:logGet(43)) - raft.server.watch.timeout.denomination = 1s (default)
2019-09-20 08:19:18,113 [1e3d2a43-82dd-4ca1-824a-2408b88144bc:group-78E9F6F6246F:LeaderElection203] INFO  server.RaftServerConfigKeys (ConfUtils.java:logGet(43)) - raft.server.watch.timeout.denomination = 1s (default)
2019-09-20 08:19:18,114 [bdd8936c-196f-46e2-8966-287f2327a40c:group-9C94ACC8A9DC:LeaderElection202] INFO  server.RaftServerConfigKeys (ConfUtils.java:logGet(43)) - raft.server.watch.element-limit = 65536 (default)
2019-09-20 08:19:18,114 [1e3d2a43-82dd-4ca1-824a-2408b88144bc:group-78E9F6F6246F:LeaderElection203] INFO  server.RaftServerConfigKeys (ConfUtils.java:logGet(43)) - raft.server.watch.element-limit = 65536 (default)
2019-09-20 08:19:18,114 [bdd8936c-196f-46e2-8966-287f2327a40c:group-9C94ACC8A9DC:LeaderElection202] INFO  impl.RoleInfo (RoleInfo.java:updateAndGet(143)) - bdd8936c-196f-46e2-8966-287f2327a40c: start LeaderState
2019-09-20 08:19:18,114 [1e3d2a43-82dd-4ca1-824a-2408b88144bc:group-78E9F6F6246F:LeaderElection203] INFO  impl.RoleInfo (RoleInfo.java:updateAndGet(143)) - 1e3d2a43-82dd-4ca1-824a-2408b88144bc: start LeaderState
2019-09-20 08:19:18,114 [bdd8936c-196f-46e2-8966-287f2327a40c:group-9C94ACC8A9DC:LeaderElection202] INFO  segmented.SegmentedRaftLogWorker (SegmentedRaftLogWorker.java:startLogSegment(380)) - bdd8936c-196f-46e2-8966-287f2327a40c-SegmentedRaftLogWorker:Storage Directory /workdir/hadoop-ozone/ozonefs/target/test-dir/MiniOzoneClusterImpl-0ef8af2c-8d39-4a42-bdc9-6bbcc43100a2/datanode-0/data/ratis/c2bab9ae-dc21-4130-96dc-9c94acc8a9dc: Starting segment from index:0
2019-09-20 08:19:18,114 [1e3d2a43-82dd-4ca1-824a-2408b88144bc:group-78E9F6F6246F:LeaderElection203] INFO  segmented.SegmentedRaftLogWorker (SegmentedRaftLogWorker.java:startLogSegment(380)) - 1e3d2a43-82dd-4ca1-824a-2408b88144bc-SegmentedRaftLogWorker:Storage Directory /workdir/hadoop-ozone/ozonefs/target/test-dir/MiniOzoneClusterImpl-0ef8af2c-8d39-4a42-bdc9-6bbcc43100a2/datanode-1/data/ratis/1a94159b-0c0b-4c8f-83c1-78e9f6f6246f: Starting segment from index:0
2019-09-20 08:19:18,115 [bdd8936c-196f-46e2-8966-287f2327a40c:group-9C94ACC8A9DC:LeaderElection202] INFO  impl.RaftServerImpl (ServerState.java:setRaftConf(361)) - bdd8936c-196f-46e2-8966-287f2327a40c:group-9C94ACC8A9DC set configuration 0: [bdd8936c-196f-46e2-8966-287f2327a40c:192.168.34.27:41285], old=null at 0
2019-09-20 08:19:18,115 [1e3d2a43-82dd-4ca1-824a-2408b88144bc:group-78E9F6F6246F:LeaderElection203] INFO  impl.RaftServerImpl (ServerState.java:setRaftConf(361)) - 1e3d2a43-82dd-4ca1-824a-2408b88144bc:group-78E9F6F6246F set configuration 0: [1e3d2a43-82dd-4ca1-824a-2408b88144bc:192.168.34.27:33034], old=null at 0
2019-09-20 08:19:18,122 [Thread-3120] INFO  impl.FollowerState (FollowerState.java:run(106)) - 1e3d2a43-82dd-4ca1-824a-2408b88144bc:group-46FA10FB3083 changes to CANDIDATE, lastRpcTime:5042, electionTimeout:5042ms
2019-09-20 08:19:18,122 [Thread-3120] INFO  impl.RoleInfo (RoleInfo.java:shutdownFollowerState(121)) - 1e3d2a43-82dd-4ca1-824a-2408b88144bc: shutdown FollowerState
2019-09-20 08:19:18,122 [Thread-3120] INFO  impl.RaftServerImpl (RaftServerImpl.java:setRole(171)) - 1e3d2a43-82dd-4ca1-824a-2408b88144bc:group-46FA10FB3083 changes role from FOLLOWER to CANDIDATE at term 0 for changeToCandidate
2019-09-20 08:19:18,122 [Thread-3120] INFO  impl.RoleInfo (RoleInfo.java:updateAndGet(143)) - 1e3d2a43-82dd-4ca1-824a-2408b88144bc: start LeaderElection
2019-09-20 08:19:18,154 [Thread-3108] INFO  impl.FollowerState (FollowerState.java:run(106)) - bdd8936c-196f-46e2-8966-287f2327a40c:group-EA1BFA4C9834 changes to CANDIDATE, lastRpcTime:5162, electionTimeout:5160ms
2019-09-20 08:19:18,154 [Thread-3111] INFO  impl.FollowerState (FollowerState.java:run(106)) - bdd8936c-196f-46e2-8966-287f2327a40c:group-B912F7D27E7D changes to CANDIDATE, lastRpcTime:5140, electionTimeout:5135ms
2019-09-20 08:19:18,155 [Thread-3108] INFO  impl.RoleInfo (RoleInfo.java:shutdownFollowerState(121)) - bdd8936c-196f-46e2-8966-287f2327a40c: shutdown FollowerState
2019-09-20 08:19:18,155 [Thread-3111] INFO  impl.RoleInfo (RoleInfo.java:shutdownFollowerState(121)) - bdd8936c-196f-46e2-8966-287f2327a40c: shutdown FollowerState
2019-09-20 08:19:18,155 [Thread-3108] INFO  impl.RaftServerImpl (RaftServerImpl.java:setRole(171)) - bdd8936c-196f-46e2-8966-287f2327a40c:group-EA1BFA4C9834 changes role from FOLLOWER to CANDIDATE at term 0 for changeToCandidate
2019-09-20 08:19:18,155 [Thread-3111] INFO  impl.RaftServerImpl (RaftServerImpl.java:setRole(171)) - bdd8936c-196f-46e2-8966-287f2327a40c:group-B912F7D27E7D changes role from FOLLOWER to CANDIDATE at term 0 for changeToCandidate
2019-09-20 08:19:18,155 [Thread-3108] INFO  impl.RoleInfo (RoleInfo.java:updateAndGet(143)) - bdd8936c-196f-46e2-8966-287f2327a40c: start LeaderElection
2019-09-20 08:19:18,155 [Thread-3111] INFO  impl.RoleInfo (RoleInfo.java:updateAndGet(143)) - bdd8936c-196f-46e2-8966-287f2327a40c: start LeaderElection
2019-09-20 08:19:18,158 [Thread-3114] INFO  impl.FollowerState (FollowerState.java:run(106)) - 1e3d2a43-82dd-4ca1-824a-2408b88144bc:group-383B38D781F5 changes to CANDIDATE, lastRpcTime:5118, electionTimeout:5118ms
2019-09-20 08:19:18,159 [Thread-3114] INFO  impl.RoleInfo (RoleInfo.java:shutdownFollowerState(121)) - 1e3d2a43-82dd-4ca1-824a-2408b88144bc: shutdown FollowerState
2019-09-20 08:19:18,159 [Thread-3114] INFO  impl.RaftServerImpl (RaftServerImpl.java:setRole(171)) - 1e3d2a43-82dd-4ca1-824a-2408b88144bc:group-383B38D781F5 changes role from FOLLOWER to CANDIDATE at term 0 for changeToCandidate
2019-09-20 08:19:18,159 [Thread-3114] INFO  impl.RoleInfo (RoleInfo.java:updateAndGet(143)) - 1e3d2a43-82dd-4ca1-824a-2408b88144bc: start LeaderElection
2019-09-20 08:19:18,170 [bdd8936c-196f-46e2-8966-287f2327a40c-SegmentedRaftLogWorker:Storage Directory /workdir/hadoop-ozone/ozonefs/target/test-dir/MiniOzoneClusterImpl-0ef8af2c-8d39-4a42-bdc9-6bbcc43100a2/datanode-0/data/ratis/c2bab9ae-dc21-4130-96dc-9c94acc8a9dc] INFO  segmented.SegmentedRaftLogWorker (SegmentedRaftLogWorker.java:execute(569)) - bdd8936c-196f-46e2-8966-287f2327a40c-SegmentedRaftLogWorker:Storage Directory /workdir/hadoop-ozone/ozonefs/target/test-dir/MiniOzoneClusterImpl-0ef8af2c-8d39-4a42-bdc9-6bbcc43100a2/datanode-0/data/ratis/c2bab9ae-dc21-4130-96dc-9c94acc8a9dc: created new log segment /workdir/hadoop-ozone/ozonefs/target/test-dir/MiniOzoneClusterImpl-0ef8af2c-8d39-4a42-bdc9-6bbcc43100a2/datanode-0/data/ratis/c2bab9ae-dc21-4130-96dc-9c94acc8a9dc/current/log_inprogress_0
2019-09-20 08:19:18,170 [bdd8936c-196f-46e2-8966-287f2327a40c:group-B912F7D27E7D:LeaderElection206] INFO  impl.LeaderElection (LeaderElection.java:askForVotes(181)) - bdd8936c-196f-46e2-8966-287f2327a40c:group-B912F7D27E7D:LeaderElection206: begin an election at term 1 for -1: [bdd8936c-196f-46e2-8966-287f2327a40c:192.168.34.27:41285], old=null
2019-09-20 08:19:18,170 [1e3d2a43-82dd-4ca1-824a-2408b88144bc:group-383B38D781F5:LeaderElection207] INFO  impl.LeaderElection (LeaderElection.java:askForVotes(181)) - 1e3d2a43-82dd-4ca1-824a-2408b88144bc:group-383B38D781F5:LeaderElection207: begin an election at term 1 for -1: [1e3d2a43-82dd-4ca1-824a-2408b88144bc:192.168.34.27:33034], old=null
2019-09-20 08:19:18,170 [bdd8936c-196f-46e2-8966-287f2327a40c:group-EA1BFA4C9834:LeaderElection205] INFO  impl.LeaderElection (LeaderElection.java:askForVotes(181)) - bdd8936c-196f-46e2-8966-287f2327a40c:group-EA1BFA4C9834:LeaderElection205: begin an election at term 1 for -1: [bdd8936c-196f-46e2-8966-287f2327a40c:192.168.34.27:41285], old=null
2019-09-20 08:19:18,170 [1e3d2a43-82dd-4ca1-824a-2408b88144bc:group-46FA10FB3083:LeaderElection204] INFO  impl.LeaderElection (LeaderElection.java:askForVotes(181)) - 1e3d2a43-82dd-4ca1-824a-2408b88144bc:group-46FA10FB3083:LeaderElection204: begin an election at term 1 for -1: [1e3d2a43-82dd-4ca1-824a-2408b88144bc:192.168.34.27:33034], old=null
2019-09-20 08:19:18,170 [1e3d2a43-82dd-4ca1-824a-2408b88144bc:group-46FA10FB3083:LeaderElection204] INFO  impl.RoleInfo (RoleInfo.java:shutdownLeaderElection(134)) - 1e3d2a43-82dd-4ca1-824a-2408b88144bc: shutdown LeaderElection
2019-09-20 08:19:18,170 [1e3d2a43-82dd-4ca1-824a-2408b88144bc-SegmentedRaftLogWorker:Storage Directory /workdir/hadoop-ozone/ozonefs/target/test-dir/MiniOzoneClusterImpl-0ef8af2c-8d39-4a42-bdc9-6bbcc43100a2/datanode-1/data/ratis/1a94159b-0c0b-4c8f-83c1-78e9f6f6246f] INFO  segmented.SegmentedRaftLogWorker (SegmentedRaftLogWorker.java:execute(569)) - 1e3d2a43-82dd-4ca1-824a-2408b88144bc-SegmentedRaftLogWorker:Storage Directory /workdir/hadoop-ozone/ozonefs/target/test-dir/MiniOzoneClusterImpl-0ef8af2c-8d39-4a42-bdc9-6bbcc43100a2/datanode-1/data/ratis/1a94159b-0c0b-4c8f-83c1-78e9f6f6246f: created new log segment /workdir/hadoop-ozone/ozonefs/target/test-dir/MiniOzoneClusterImpl-0ef8af2c-8d39-4a42-bdc9-6bbcc43100a2/datanode-1/data/ratis/1a94159b-0c0b-4c8f-83c1-78e9f6f6246f/current/log_inprogress_0
2019-09-20 08:19:18,170 [1e3d2a43-82dd-4ca1-824a-2408b88144bc:group-46FA10FB3083:LeaderElection204] INFO  impl.RaftServerImpl (RaftServerImpl.java:setRole(171)) - 1e3d2a43-82dd-4ca1-824a-2408b88144bc:group-46FA10FB3083 changes role from CANDIDATE to LEADER at term 1 for changeToLeader
2019-09-20 08:19:18,171 [1e3d2a43-82dd-4ca1-824a-2408b88144bc:group-46FA10FB3083:LeaderElection204] INFO  impl.RaftServerImpl (ServerState.java:setLeader(263)) - 1e3d2a43-82dd-4ca1-824a-2408b88144bc:group-46FA10FB3083 change Leader from null to 1e3d2a43-82dd-4ca1-824a-2408b88144bc at term 1 for becomeLeader, leader elected after 5094ms
2019-09-20 08:19:18,170 [bdd8936c-196f-46e2-8966-287f2327a40c:group-EA1BFA4C9834:LeaderElection205] INFO  impl.RoleInfo (RoleInfo.java:shutdownLeaderElection(134)) - bdd8936c-196f-46e2-8966-287f2327a40c: shutdown LeaderElection
2019-09-20 08:19:18,170 [1e3d2a43-82dd-4ca1-824a-2408b88144bc:group-383B38D781F5:LeaderElection207] INFO  impl.RoleInfo (RoleInfo.java:shutdownLeaderElection(134)) - 1e3d2a43-82dd-4ca1-824a-2408b88144bc: shutdown LeaderElection
2019-09-20 08:19:18,170 [bdd8936c-196f-46e2-8966-287f2327a40c:group-B912F7D27E7D:LeaderElection206] INFO  impl.RoleInfo (RoleInfo.java:shutdownLeaderElection(134)) - bdd8936c-196f-46e2-8966-287f2327a40c: shutdown LeaderElection
2019-09-20 08:19:18,171 [1e3d2a43-82dd-4ca1-824a-2408b88144bc:group-383B38D781F5:LeaderElection207] INFO  impl.RaftServerImpl (RaftServerImpl.java:setRole(171)) - 1e3d2a43-82dd-4ca1-824a-2408b88144bc:group-383B38D781F5 changes role from CANDIDATE to LEADER at term 1 for changeToLeader
2019-09-20 08:19:18,171 [1e3d2a43-82dd-4ca1-824a-2408b88144bc:group-383B38D781F5:LeaderElection207] INFO  impl.RaftServerImpl (ServerState.java:setLeader(263)) - 1e3d2a43-82dd-4ca1-824a-2408b88144bc:group-383B38D781F5 change Leader from null to 1e3d2a43-82dd-4ca1-824a-2408b88144bc at term 1 for becomeLeader, leader elected after 5134ms
2019-09-20 08:19:18,171 [bdd8936c-196f-46e2-8966-287f2327a40c:group-EA1BFA4C9834:LeaderElection205] INFO  impl.RaftServerImpl (RaftServerImpl.java:setRole(171)) - bdd8936c-196f-46e2-8966-287f2327a40c:group-EA1BFA4C9834 changes role from CANDIDATE to LEADER at term 1 for changeToLeader
2019-09-20 08:19:18,171 [1e3d2a43-82dd-4ca1-824a-2408b88144bc:group-46FA10FB3083:LeaderElection204] INFO  server.RaftServerConfigKeys (ConfUtils.java:logGet(43)) - raft.server.staging.catchup.gap = 1000 (default)
2019-09-20 08:19:18,171 [bdd8936c-196f-46e2-8966-287f2327a40c:group-EA1BFA4C9834:LeaderElection205] INFO  impl.RaftServerImpl (ServerState.java:setLeader(263)) - bdd8936c-196f-46e2-8966-287f2327a40c:group-EA1BFA4C9834 change Leader from null to bdd8936c-196f-46e2-8966-287f2327a40c at term 1 for becomeLeader, leader elected after 5184ms
2019-09-20 08:19:18,171 [1e3d2a43-82dd-4ca1-824a-2408b88144bc:group-383B38D781F5:LeaderElection207] INFO  server.RaftServerConfigKeys (ConfUtils.java:logGet(43)) - raft.server.staging.catchup.gap = 1000 (default)
2019-09-20 08:19:18,171 [bdd8936c-196f-46e2-8966-287f2327a40c:group-B912F7D27E7D:LeaderElection206] INFO  impl.RaftServerImpl (RaftServerImpl.java:setRole(171)) - bdd8936c-196f-46e2-8966-287f2327a40c:group-B912F7D27E7D changes role from CANDIDATE to LEADER at term 1 for changeToLeader
2019-09-20 08:19:18,172 [1e3d2a43-82dd-4ca1-824a-2408b88144bc:group-383B38D781F5:LeaderElection207] INFO  server.RaftServerConfigKeys (ConfUtils.java:logGet(43)) - raft.server.rpc.sleep.time = 25ms (default)
2019-09-20 08:19:18,172 [bdd8936c-196f-46e2-8966-287f2327a40c:group-EA1BFA4C9834:LeaderElection205] INFO  server.RaftServerConfigKeys (ConfUtils.java:logGet(43)) - raft.server.staging.catchup.gap = 1000 (default)
2019-09-20 08:19:18,172 [1e3d2a43-82dd-4ca1-824a-2408b88144bc:group-46FA10FB3083:LeaderElection204] INFO  server.RaftServerConfigKeys (ConfUtils.java:logGet(43)) - raft.server.rpc.sleep.time = 25ms (default)
2019-09-20 08:19:18,172 [bdd8936c-196f-46e2-8966-287f2327a40c:group-EA1BFA4C9834:LeaderElection205] INFO  server.RaftServerConfigKeys (ConfUtils.java:logGet(43)) - raft.server.rpc.sleep.time = 25ms (default)
2019-09-20 08:19:18,172 [1e3d2a43-82dd-4ca1-824a-2408b88144bc:group-383B38D781F5:LeaderElection207] INFO  server.RaftServerConfigKeys (ConfUtils.java:logGet(43)) - raft.server.write.element-limit = 4096 (default)
2019-09-20 08:19:18,172 [bdd8936c-196f-46e2-8966-287f2327a40c:group-B912F7D27E7D:LeaderElection206] INFO  impl.RaftServerImpl (ServerState.java:setLeader(263)) - bdd8936c-196f-46e2-8966-287f2327a40c:group-B912F7D27E7D change Leader from null to bdd8936c-196f-46e2-8966-287f2327a40c at term 1 for becomeLeader, leader elected after 5162ms
2019-09-20 08:19:18,173 [1e3d2a43-82dd-4ca1-824a-2408b88144bc:group-383B38D781F5:LeaderElection207] INFO  server.RaftServerConfigKeys (ConfUtils.java:logGet(43)) - raft.server.watch.timeout = 10s (default)
2019-09-20 08:19:18,172 [bdd8936c-196f-46e2-8966-287f2327a40c:group-EA1BFA4C9834:LeaderElection205] INFO  server.RaftServerConfigKeys (ConfUtils.java:logGet(43)) - raft.server.write.element-limit = 4096 (default)
2019-09-20 08:19:18,172 [1e3d2a43-82dd-4ca1-824a-2408b88144bc:group-46FA10FB3083:LeaderElection204] INFO  server.RaftServerConfigKeys (ConfUtils.java:logGet(43)) - raft.server.write.element-limit = 4096 (default)
2019-09-20 08:19:18,173 [bdd8936c-196f-46e2-8966-287f2327a40c:group-EA1BFA4C9834:LeaderElection205] INFO  server.RaftServerConfigKeys (ConfUtils.java:logGet(43)) - raft.server.watch.timeout = 10s (default)
2019-09-20 08:19:18,173 [1e3d2a43-82dd-4ca1-824a-2408b88144bc:group-383B38D781F5:LeaderElection207] INFO  server.RaftServerConfigKeys (ConfUtils.java:logGet(43)) - raft.server.watch.timeout.denomination = 1s (default)
2019-09-20 08:19:18,173 [bdd8936c-196f-46e2-8966-287f2327a40c:group-B912F7D27E7D:LeaderElection206] INFO  server.RaftServerConfigKeys (ConfUtils.java:logGet(43)) - raft.server.staging.catchup.gap = 1000 (default)
2019-09-20 08:19:18,173 [1e3d2a43-82dd-4ca1-824a-2408b88144bc:group-383B38D781F5:LeaderElection207] INFO  server.RaftServerConfigKeys (ConfUtils.java:logGet(43)) - raft.server.watch.element-limit = 65536 (default)
2019-09-20 08:19:18,173 [bdd8936c-196f-46e2-8966-287f2327a40c:group-EA1BFA4C9834:LeaderElection205] INFO  server.RaftServerConfigKeys (ConfUtils.java:logGet(43)) - raft.server.watch.timeout.denomination = 1s (default)
2019-09-20 08:19:18,173 [1e3d2a43-82dd-4ca1-824a-2408b88144bc:group-46FA10FB3083:LeaderElection204] INFO  server.RaftServerConfigKeys (ConfUtils.java:logGet(43)) - raft.server.watch.timeout = 10s (default)
2019-09-20 08:19:18,174 [bdd8936c-196f-46e2-8966-287f2327a40c:group-EA1BFA4C9834:LeaderElection205] INFO  server.RaftServerConfigKeys (ConfUtils.java:logGet(43)) - raft.server.watch.element-limit = 65536 (default)
2019-09-20 08:19:18,173 [1e3d2a43-82dd-4ca1-824a-2408b88144bc:group-383B38D781F5:LeaderElection207] INFO  impl.RoleInfo (RoleInfo.java:updateAndGet(143)) - 1e3d2a43-82dd-4ca1-824a-2408b88144bc: start LeaderState
2019-09-20 08:19:18,173 [bdd8936c-196f-46e2-8966-287f2327a40c:group-B912F7D27E7D:LeaderElection206] INFO  server.RaftServerConfigKeys (ConfUtils.java:logGet(43)) - raft.server.rpc.sleep.time = 25ms (default)
2019-09-20 08:19:18,174 [1e3d2a43-82dd-4ca1-824a-2408b88144bc:group-383B38D781F5:LeaderElection207] INFO  segmented.SegmentedRaftLogWorker (SegmentedRaftLogWorker.java:startLogSegment(380)) - 1e3d2a43-82dd-4ca1-824a-2408b88144bc-SegmentedRaftLogWorker:Storage Directory /workdir/hadoop-ozone/ozonefs/target/test-dir/MiniOzoneClusterImpl-0ef8af2c-8d39-4a42-bdc9-6bbcc43100a2/datanode-1/data/ratis/cfd7dba8-6a53-4406-8b82-383b38d781f5: Starting segment from index:0
2019-09-20 08:19:18,174 [bdd8936c-196f-46e2-8966-287f2327a40c:group-EA1BFA4C9834:LeaderElection205] INFO  impl.RoleInfo (RoleInfo.java:updateAndGet(143)) - bdd8936c-196f-46e2-8966-287f2327a40c: start LeaderState
2019-09-20 08:19:18,174 [1e3d2a43-82dd-4ca1-824a-2408b88144bc:group-46FA10FB3083:LeaderElection204] INFO  server.RaftServerConfigKeys (ConfUtils.java:logGet(43)) - raft.server.watch.timeout.denomination = 1s (default)
2019-09-20 08:19:18,174 [bdd8936c-196f-46e2-8966-287f2327a40c:group-EA1BFA4C9834:LeaderElection205] INFO  segmented.SegmentedRaftLogWorker (SegmentedRaftLogWorker.java:startLogSegment(380)) - bdd8936c-196f-46e2-8966-287f2327a40c-SegmentedRaftLogWorker:Storage Directory /workdir/hadoop-ozone/ozonefs/target/test-dir/MiniOzoneClusterImpl-0ef8af2c-8d39-4a42-bdc9-6bbcc43100a2/datanode-0/data/ratis/24ca4865-ec0c-43ee-85f9-ea1bfa4c9834: Starting segment from index:0
2019-09-20 08:19:18,174 [bdd8936c-196f-46e2-8966-287f2327a40c:group-B912F7D27E7D:LeaderElection206] INFO  server.RaftServerConfigKeys (ConfUtils.java:logGet(43)) - raft.server.write.element-limit = 4096 (default)
2019-09-20 08:19:18,174 [1e3d2a43-82dd-4ca1-824a-2408b88144bc:group-383B38D781F5:LeaderElection207] INFO  impl.RaftServerImpl (ServerState.java:setRaftConf(361)) - 1e3d2a43-82dd-4ca1-824a-2408b88144bc:group-383B38D781F5 set configuration 0: [1e3d2a43-82dd-4ca1-824a-2408b88144bc:192.168.34.27:33034], old=null at 0
2019-09-20 08:19:18,174 [1e3d2a43-82dd-4ca1-824a-2408b88144bc:group-46FA10FB3083:LeaderElection204] INFO  server.RaftServerConfigKeys (ConfUtils.java:logGet(43)) - raft.server.watch.element-limit = 65536 (default)
2019-09-20 08:19:18,175 [bdd8936c-196f-46e2-8966-287f2327a40c:group-B912F7D27E7D:LeaderElection206] INFO  server.RaftServerConfigKeys (ConfUtils.java:logGet(43)) - raft.server.watch.timeout = 10s (default)
2019-09-20 08:19:18,175 [1e3d2a43-82dd-4ca1-824a-2408b88144bc:group-46FA10FB3083:LeaderElection204] INFO  impl.RoleInfo (RoleInfo.java:updateAndGet(143)) - 1e3d2a43-82dd-4ca1-824a-2408b88144bc: start LeaderState
2019-09-20 08:19:18,175 [bdd8936c-196f-46e2-8966-287f2327a40c:group-EA1BFA4C9834:LeaderElection205] INFO  impl.RaftServerImpl (ServerState.java:setRaftConf(361)) - bdd8936c-196f-46e2-8966-287f2327a40c:group-EA1BFA4C9834 set configuration 0: [bdd8936c-196f-46e2-8966-287f2327a40c:192.168.34.27:41285], old=null at 0
2019-09-20 08:19:18,175 [1e3d2a43-82dd-4ca1-824a-2408b88144bc:group-46FA10FB3083:LeaderElection204] INFO  segmented.SegmentedRaftLogWorker (SegmentedRaftLogWorker.java:startLogSegment(380)) - 1e3d2a43-82dd-4ca1-824a-2408b88144bc-SegmentedRaftLogWorker:Storage Directory /workdir/hadoop-ozone/ozonefs/target/test-dir/MiniOzoneClusterImpl-0ef8af2c-8d39-4a42-bdc9-6bbcc43100a2/datanode-1/data/ratis/aa335ba2-a541-4e4e-ac9e-46fa10fb3083: Starting segment from index:0
2019-09-20 08:19:18,175 [bdd8936c-196f-46e2-8966-287f2327a40c:group-B912F7D27E7D:LeaderElection206] INFO  server.RaftServerConfigKeys (ConfUtils.java:logGet(43)) - raft.server.watch.timeout.denomination = 1s (default)
2019-09-20 08:19:18,175 [bdd8936c-196f-46e2-8966-287f2327a40c:group-B912F7D27E7D:LeaderElection206] INFO  server.RaftServerConfigKeys (ConfUtils.java:logGet(43)) - raft.server.watch.element-limit = 65536 (default)
2019-09-20 08:19:18,175 [1e3d2a43-82dd-4ca1-824a-2408b88144bc:group-46FA10FB3083:LeaderElection204] INFO  impl.RaftServerImpl (ServerState.java:setRaftConf(361)) - 1e3d2a43-82dd-4ca1-824a-2408b88144bc:group-46FA10FB3083 set configuration 0: [1e3d2a43-82dd-4ca1-824a-2408b88144bc:192.168.34.27:33034], old=null at 0
2019-09-20 08:19:18,175 [bdd8936c-196f-46e2-8966-287f2327a40c:group-B912F7D27E7D:LeaderElection206] INFO  impl.RoleInfo (RoleInfo.java:updateAndGet(143)) - bdd8936c-196f-46e2-8966-287f2327a40c: start LeaderState
2019-09-20 08:19:18,176 [bdd8936c-196f-46e2-8966-287f2327a40c:group-B912F7D27E7D:LeaderElection206] INFO  segmented.SegmentedRaftLogWorker (SegmentedRaftLogWorker.java:startLogSegment(380)) - bdd8936c-196f-46e2-8966-287f2327a40c-SegmentedRaftLogWorker:Storage Directory /workdir/hadoop-ozone/ozonefs/target/test-dir/MiniOzoneClusterImpl-0ef8af2c-8d39-4a42-bdc9-6bbcc43100a2/datanode-0/data/ratis/dfd12744-8381-4b53-9dd9-b912f7d27e7d: Starting segment from index:0
2019-09-20 08:19:18,176 [bdd8936c-196f-46e2-8966-287f2327a40c:group-B912F7D27E7D:LeaderElection206] INFO  impl.RaftServerImpl (ServerState.java:setRaftConf(361)) - bdd8936c-196f-46e2-8966-287f2327a40c:group-B912F7D27E7D set configuration 0: [bdd8936c-196f-46e2-8966-287f2327a40c:192.168.34.27:41285], old=null at 0
2019-09-20 08:19:18,214 [Thread-3126] INFO  impl.FollowerState (FollowerState.java:run(106)) - 1e3d2a43-82dd-4ca1-824a-2408b88144bc:group-0FAE07CC184F changes to CANDIDATE, lastRpcTime:5031, electionTimeout:5031ms
2019-09-20 08:19:18,215 | INFO  | SCMAudit | user=jenkins1000 | ip=192.168.34.27 | op=SEND_HEARTBEAT {datanodeUUID=00188cad-157e-4dc5-9e27-ca4a6687ede8, command=[]} | ret=SUCCESS |  
2019-09-20 08:19:18,214 [Thread-3126] INFO  impl.RoleInfo (RoleInfo.java:shutdownFollowerState(121)) - 1e3d2a43-82dd-4ca1-824a-2408b88144bc: shutdown FollowerState
2019-09-20 08:19:18,215 [Thread-3126] INFO  impl.RaftServerImpl (RaftServerImpl.java:setRole(171)) - 1e3d2a43-82dd-4ca1-824a-2408b88144bc:group-0FAE07CC184F changes role from FOLLOWER to CANDIDATE at term 0 for changeToCandidate
2019-09-20 08:19:18,215 [Thread-3126] INFO  impl.RoleInfo (RoleInfo.java:updateAndGet(143)) - 1e3d2a43-82dd-4ca1-824a-2408b88144bc: start LeaderElection
2019-09-20 08:19:18,245 [bdd8936c-196f-46e2-8966-287f2327a40c-SegmentedRaftLogWorker:Storage Directory /workdir/hadoop-ozone/ozonefs/target/test-dir/MiniOzoneClusterImpl-0ef8af2c-8d39-4a42-bdc9-6bbcc43100a2/datanode-0/data/ratis/24ca4865-ec0c-43ee-85f9-ea1bfa4c9834] INFO  segmented.SegmentedRaftLogWorker (SegmentedRaftLogWorker.java:execute(569)) - bdd8936c-196f-46e2-8966-287f2327a40c-SegmentedRaftLogWorker:Storage Directory /workdir/hadoop-ozone/ozonefs/target/test-dir/MiniOzoneClusterImpl-0ef8af2c-8d39-4a42-bdc9-6bbcc43100a2/datanode-0/data/ratis/24ca4865-ec0c-43ee-85f9-ea1bfa4c9834: created new log segment /workdir/hadoop-ozone/ozonefs/target/test-dir/MiniOzoneClusterImpl-0ef8af2c-8d39-4a42-bdc9-6bbcc43100a2/datanode-0/data/ratis/24ca4865-ec0c-43ee-85f9-ea1bfa4c9834/current/log_inprogress_0
2019-09-20 08:19:18,245 [1e3d2a43-82dd-4ca1-824a-2408b88144bc-SegmentedRaftLogWorker:Storage Directory /workdir/hadoop-ozone/ozonefs/target/test-dir/MiniOzoneClusterImpl-0ef8af2c-8d39-4a42-bdc9-6bbcc43100a2/datanode-1/data/ratis/cfd7dba8-6a53-4406-8b82-383b38d781f5] INFO  segmented.SegmentedRaftLogWorker (SegmentedRaftLogWorker.java:execute(569)) - 1e3d2a43-82dd-4ca1-824a-2408b88144bc-SegmentedRaftLogWorker:Storage Directory /workdir/hadoop-ozone/ozonefs/target/test-dir/MiniOzoneClusterImpl-0ef8af2c-8d39-4a42-bdc9-6bbcc43100a2/datanode-1/data/ratis/cfd7dba8-6a53-4406-8b82-383b38d781f5: created new log segment /workdir/hadoop-ozone/ozonefs/target/test-dir/MiniOzoneClusterImpl-0ef8af2c-8d39-4a42-bdc9-6bbcc43100a2/datanode-1/data/ratis/cfd7dba8-6a53-4406-8b82-383b38d781f5/current/log_inprogress_0
2019-09-20 08:19:18,245 [1e3d2a43-82dd-4ca1-824a-2408b88144bc:group-0FAE07CC184F:LeaderElection208] INFO  impl.LeaderElection (LeaderElection.java:askForVotes(181)) - 1e3d2a43-82dd-4ca1-824a-2408b88144bc:group-0FAE07CC184F:LeaderElection208: begin an election at term 1 for -1: [1e3d2a43-82dd-4ca1-824a-2408b88144bc:192.168.34.27:33034], old=null
2019-09-20 08:19:18,245 [bdd8936c-196f-46e2-8966-287f2327a40c-SegmentedRaftLogWorker:Storage Directory /workdir/hadoop-ozone/ozonefs/target/test-dir/MiniOzoneClusterImpl-0ef8af2c-8d39-4a42-bdc9-6bbcc43100a2/datanode-0/data/ratis/dfd12744-8381-4b53-9dd9-b912f7d27e7d] INFO  segmented.SegmentedRaftLogWorker (SegmentedRaftLogWorker.java:execute(569)) - bdd8936c-196f-46e2-8966-287f2327a40c-SegmentedRaftLogWorker:Storage Directory /workdir/hadoop-ozone/ozonefs/target/test-dir/MiniOzoneClusterImpl-0ef8af2c-8d39-4a42-bdc9-6bbcc43100a2/datanode-0/data/ratis/dfd12744-8381-4b53-9dd9-b912f7d27e7d: created new log segment /workdir/hadoop-ozone/ozonefs/target/test-dir/MiniOzoneClusterImpl-0ef8af2c-8d39-4a42-bdc9-6bbcc43100a2/datanode-0/data/ratis/dfd12744-8381-4b53-9dd9-b912f7d27e7d/current/log_inprogress_0
2019-09-20 08:19:18,245 [1e3d2a43-82dd-4ca1-824a-2408b88144bc-SegmentedRaftLogWorker:Storage Directory /workdir/hadoop-ozone/ozonefs/target/test-dir/MiniOzoneClusterImpl-0ef8af2c-8d39-4a42-bdc9-6bbcc43100a2/datanode-1/data/ratis/aa335ba2-a541-4e4e-ac9e-46fa10fb3083] INFO  segmented.SegmentedRaftLogWorker (SegmentedRaftLogWorker.java:execute(569)) - 1e3d2a43-82dd-4ca1-824a-2408b88144bc-SegmentedRaftLogWorker:Storage Directory /workdir/hadoop-ozone/ozonefs/target/test-dir/MiniOzoneClusterImpl-0ef8af2c-8d39-4a42-bdc9-6bbcc43100a2/datanode-1/data/ratis/aa335ba2-a541-4e4e-ac9e-46fa10fb3083: created new log segment /workdir/hadoop-ozone/ozonefs/target/test-dir/MiniOzoneClusterImpl-0ef8af2c-8d39-4a42-bdc9-6bbcc43100a2/datanode-1/data/ratis/aa335ba2-a541-4e4e-ac9e-46fa10fb3083/current/log_inprogress_0
2019-09-20 08:19:18,246 [1e3d2a43-82dd-4ca1-824a-2408b88144bc:group-0FAE07CC184F:LeaderElection208] INFO  impl.RoleInfo (RoleInfo.java:shutdownLeaderElection(134)) - 1e3d2a43-82dd-4ca1-824a-2408b88144bc: shutdown LeaderElection
2019-09-20 08:19:18,246 [1e3d2a43-82dd-4ca1-824a-2408b88144bc:group-0FAE07CC184F:LeaderElection208] INFO  impl.RaftServerImpl (RaftServerImpl.java:setRole(171)) - 1e3d2a43-82dd-4ca1-824a-2408b88144bc:group-0FAE07CC184F changes role from CANDIDATE to LEADER at term 1 for changeToLeader
2019-09-20 08:19:18,246 [1e3d2a43-82dd-4ca1-824a-2408b88144bc:group-0FAE07CC184F:LeaderElection208] INFO  impl.RaftServerImpl (ServerState.java:setLeader(263)) - 1e3d2a43-82dd-4ca1-824a-2408b88144bc:group-0FAE07CC184F change Leader from null to 1e3d2a43-82dd-4ca1-824a-2408b88144bc at term 1 for becomeLeader, leader elected after 5066ms
2019-09-20 08:19:18,246 [1e3d2a43-82dd-4ca1-824a-2408b88144bc:group-0FAE07CC184F:LeaderElection208] INFO  server.RaftServerConfigKeys (ConfUtils.java:logGet(43)) - raft.server.staging.catchup.gap = 1000 (default)
2019-09-20 08:19:18,246 [1e3d2a43-82dd-4ca1-824a-2408b88144bc:group-0FAE07CC184F:LeaderElection208] INFO  server.RaftServerConfigKeys (ConfUtils.java:logGet(43)) - raft.server.rpc.sleep.time = 25ms (default)
2019-09-20 08:19:18,247 [1e3d2a43-82dd-4ca1-824a-2408b88144bc:group-0FAE07CC184F:LeaderElection208] INFO  server.RaftServerConfigKeys (ConfUtils.java:logGet(43)) - raft.server.write.element-limit = 4096 (default)
2019-09-20 08:19:18,247 [1e3d2a43-82dd-4ca1-824a-2408b88144bc:group-0FAE07CC184F:LeaderElection208] INFO  server.RaftServerConfigKeys (ConfUtils.java:logGet(43)) - raft.server.watch.timeout = 10s (default)
2019-09-20 08:19:18,247 [1e3d2a43-82dd-4ca1-824a-2408b88144bc:group-0FAE07CC184F:LeaderElection208] INFO  server.RaftServerConfigKeys (ConfUtils.java:logGet(43)) - raft.server.watch.timeout.denomination = 1s (default)
2019-09-20 08:19:18,247 [1e3d2a43-82dd-4ca1-824a-2408b88144bc:group-0FAE07CC184F:LeaderElection208] INFO  server.RaftServerConfigKeys (ConfUtils.java:logGet(43)) - raft.server.watch.element-limit = 65536 (default)
2019-09-20 08:19:18,247 [1e3d2a43-82dd-4ca1-824a-2408b88144bc:group-0FAE07CC184F:LeaderElection208] INFO  impl.RoleInfo (RoleInfo.java:updateAndGet(143)) - 1e3d2a43-82dd-4ca1-824a-2408b88144bc: start LeaderState
2019-09-20 08:19:18,247 [1e3d2a43-82dd-4ca1-824a-2408b88144bc:group-0FAE07CC184F:LeaderElection208] INFO  segmented.SegmentedRaftLogWorker (SegmentedRaftLogWorker.java:startLogSegment(380)) - 1e3d2a43-82dd-4ca1-824a-2408b88144bc-SegmentedRaftLogWorker:Storage Directory /workdir/hadoop-ozone/ozonefs/target/test-dir/MiniOzoneClusterImpl-0ef8af2c-8d39-4a42-bdc9-6bbcc43100a2/datanode-1/data/ratis/7428f87b-d8c8-4d40-a80f-0fae07cc184f: Starting segment from index:0
2019-09-20 08:19:18,248 [1e3d2a43-82dd-4ca1-824a-2408b88144bc:group-0FAE07CC184F:LeaderElection208] INFO  impl.RaftServerImpl (ServerState.java:setRaftConf(361)) - 1e3d2a43-82dd-4ca1-824a-2408b88144bc:group-0FAE07CC184F set configuration 0: [1e3d2a43-82dd-4ca1-824a-2408b88144bc:192.168.34.27:33034], old=null at 0
2019-09-20 08:19:18,284 [Thread-3123] INFO  impl.FollowerState (FollowerState.java:run(106)) - 1e3d2a43-82dd-4ca1-824a-2408b88144bc:group-9B3999D5BE15 changes to CANDIDATE, lastRpcTime:5143, electionTimeout:5143ms
2019-09-20 08:19:18,284 [Thread-3123] INFO  impl.RoleInfo (RoleInfo.java:shutdownFollowerState(121)) - 1e3d2a43-82dd-4ca1-824a-2408b88144bc: shutdown FollowerState
2019-09-20 08:19:18,284 [Thread-3123] INFO  impl.RaftServerImpl (RaftServerImpl.java:setRole(171)) - 1e3d2a43-82dd-4ca1-824a-2408b88144bc:group-9B3999D5BE15 changes role from FOLLOWER to CANDIDATE at term 0 for changeToCandidate
2019-09-20 08:19:18,284 [Thread-3123] INFO  impl.RoleInfo (RoleInfo.java:updateAndGet(143)) - 1e3d2a43-82dd-4ca1-824a-2408b88144bc: start LeaderElection
2019-09-20 08:19:18,295 [1e3d2a43-82dd-4ca1-824a-2408b88144bc-SegmentedRaftLogWorker:Storage Directory /workdir/hadoop-ozone/ozonefs/target/test-dir/MiniOzoneClusterImpl-0ef8af2c-8d39-4a42-bdc9-6bbcc43100a2/datanode-1/data/ratis/7428f87b-d8c8-4d40-a80f-0fae07cc184f] INFO  segmented.SegmentedRaftLogWorker (SegmentedRaftLogWorker.java:execute(569)) - 1e3d2a43-82dd-4ca1-824a-2408b88144bc-SegmentedRaftLogWorker:Storage Directory /workdir/hadoop-ozone/ozonefs/target/test-dir/MiniOzoneClusterImpl-0ef8af2c-8d39-4a42-bdc9-6bbcc43100a2/datanode-1/data/ratis/7428f87b-d8c8-4d40-a80f-0fae07cc184f: created new log segment /workdir/hadoop-ozone/ozonefs/target/test-dir/MiniOzoneClusterImpl-0ef8af2c-8d39-4a42-bdc9-6bbcc43100a2/datanode-1/data/ratis/7428f87b-d8c8-4d40-a80f-0fae07cc184f/current/log_inprogress_0
2019-09-20 08:19:18,295 [1e3d2a43-82dd-4ca1-824a-2408b88144bc:group-9B3999D5BE15:LeaderElection209] INFO  impl.LeaderElection (LeaderElection.java:askForVotes(181)) - 1e3d2a43-82dd-4ca1-824a-2408b88144bc:group-9B3999D5BE15:LeaderElection209: begin an election at term 1 for -1: [1e3d2a43-82dd-4ca1-824a-2408b88144bc:192.168.34.27:33034], old=null
2019-09-20 08:19:18,295 [1e3d2a43-82dd-4ca1-824a-2408b88144bc:group-9B3999D5BE15:LeaderElection209] INFO  impl.RoleInfo (RoleInfo.java:shutdownLeaderElection(134)) - 1e3d2a43-82dd-4ca1-824a-2408b88144bc: shutdown LeaderElection
2019-09-20 08:19:18,295 [1e3d2a43-82dd-4ca1-824a-2408b88144bc:group-9B3999D5BE15:LeaderElection209] INFO  impl.RaftServerImpl (RaftServerImpl.java:setRole(171)) - 1e3d2a43-82dd-4ca1-824a-2408b88144bc:group-9B3999D5BE15 changes role from CANDIDATE to LEADER at term 1 for changeToLeader
2019-09-20 08:19:18,296 [1e3d2a43-82dd-4ca1-824a-2408b88144bc:group-9B3999D5BE15:LeaderElection209] INFO  impl.RaftServerImpl (ServerState.java:setLeader(263)) - 1e3d2a43-82dd-4ca1-824a-2408b88144bc:group-9B3999D5BE15 change Leader from null to 1e3d2a43-82dd-4ca1-824a-2408b88144bc at term 1 for becomeLeader, leader elected after 5158ms
2019-09-20 08:19:18,296 [1e3d2a43-82dd-4ca1-824a-2408b88144bc:group-9B3999D5BE15:LeaderElection209] INFO  server.RaftServerConfigKeys (ConfUtils.java:logGet(43)) - raft.server.staging.catchup.gap = 1000 (default)
2019-09-20 08:19:18,296 [1e3d2a43-82dd-4ca1-824a-2408b88144bc:group-9B3999D5BE15:LeaderElection209] INFO  server.RaftServerConfigKeys (ConfUtils.java:logGet(43)) - raft.server.rpc.sleep.time = 25ms (default)
2019-09-20 08:19:18,296 [1e3d2a43-82dd-4ca1-824a-2408b88144bc:group-9B3999D5BE15:LeaderElection209] INFO  server.RaftServerConfigKeys (ConfUtils.java:logGet(43)) - raft.server.write.element-limit = 4096 (default)
2019-09-20 08:19:18,296 [1e3d2a43-82dd-4ca1-824a-2408b88144bc:group-9B3999D5BE15:LeaderElection209] INFO  server.RaftServerConfigKeys (ConfUtils.java:logGet(43)) - raft.server.watch.timeout = 10s (default)
2019-09-20 08:19:18,296 [1e3d2a43-82dd-4ca1-824a-2408b88144bc:group-9B3999D5BE15:LeaderElection209] INFO  server.RaftServerConfigKeys (ConfUtils.java:logGet(43)) - raft.server.watch.timeout.denomination = 1s (default)
2019-09-20 08:19:18,296 [1e3d2a43-82dd-4ca1-824a-2408b88144bc:group-9B3999D5BE15:LeaderElection209] INFO  server.RaftServerConfigKeys (ConfUtils.java:logGet(43)) - raft.server.watch.element-limit = 65536 (default)
2019-09-20 08:19:18,297 [1e3d2a43-82dd-4ca1-824a-2408b88144bc:group-9B3999D5BE15:LeaderElection209] INFO  impl.RoleInfo (RoleInfo.java:updateAndGet(143)) - 1e3d2a43-82dd-4ca1-824a-2408b88144bc: start LeaderState
2019-09-20 08:19:18,297 [1e3d2a43-82dd-4ca1-824a-2408b88144bc:group-9B3999D5BE15:LeaderElection209] INFO  segmented.SegmentedRaftLogWorker (SegmentedRaftLogWorker.java:startLogSegment(380)) - 1e3d2a43-82dd-4ca1-824a-2408b88144bc-SegmentedRaftLogWorker:Storage Directory /workdir/hadoop-ozone/ozonefs/target/test-dir/MiniOzoneClusterImpl-0ef8af2c-8d39-4a42-bdc9-6bbcc43100a2/datanode-1/data/ratis/10fdcc64-14eb-4227-b1f6-9b3999d5be15: Starting segment from index:0
2019-09-20 08:19:18,297 [1e3d2a43-82dd-4ca1-824a-2408b88144bc:group-9B3999D5BE15:LeaderElection209] INFO  impl.RaftServerImpl (ServerState.java:setRaftConf(361)) - 1e3d2a43-82dd-4ca1-824a-2408b88144bc:group-9B3999D5BE15 set configuration 0: [1e3d2a43-82dd-4ca1-824a-2408b88144bc:192.168.34.27:33034], old=null at 0
2019-09-20 08:19:18,345 [1e3d2a43-82dd-4ca1-824a-2408b88144bc-SegmentedRaftLogWorker:Storage Directory /workdir/hadoop-ozone/ozonefs/target/test-dir/MiniOzoneClusterImpl-0ef8af2c-8d39-4a42-bdc9-6bbcc43100a2/datanode-1/data/ratis/10fdcc64-14eb-4227-b1f6-9b3999d5be15] INFO  segmented.SegmentedRaftLogWorker (SegmentedRaftLogWorker.java:execute(569)) - 1e3d2a43-82dd-4ca1-824a-2408b88144bc-SegmentedRaftLogWorker:Storage Directory /workdir/hadoop-ozone/ozonefs/target/test-dir/MiniOzoneClusterImpl-0ef8af2c-8d39-4a42-bdc9-6bbcc43100a2/datanode-1/data/ratis/10fdcc64-14eb-4227-b1f6-9b3999d5be15: created new log segment /workdir/hadoop-ozone/ozonefs/target/test-dir/MiniOzoneClusterImpl-0ef8af2c-8d39-4a42-bdc9-6bbcc43100a2/datanode-1/data/ratis/10fdcc64-14eb-4227-b1f6-9b3999d5be15/current/log_inprogress_0
2019-09-20 08:19:18,387 [Thread-3129] INFO  impl.FollowerState (FollowerState.java:run(106)) - 1e3d2a43-82dd-4ca1-824a-2408b88144bc:group-663E1B48CFB5 changes to CANDIDATE, lastRpcTime:5164, electionTimeout:5164ms
2019-09-20 08:19:18,387 [Thread-3129] INFO  impl.RoleInfo (RoleInfo.java:shutdownFollowerState(121)) - 1e3d2a43-82dd-4ca1-824a-2408b88144bc: shutdown FollowerState
2019-09-20 08:19:18,387 [Thread-3129] INFO  impl.RaftServerImpl (RaftServerImpl.java:setRole(171)) - 1e3d2a43-82dd-4ca1-824a-2408b88144bc:group-663E1B48CFB5 changes role from FOLLOWER to CANDIDATE at term 0 for changeToCandidate
2019-09-20 08:19:18,388 [Thread-3129] INFO  impl.RoleInfo (RoleInfo.java:updateAndGet(143)) - 1e3d2a43-82dd-4ca1-824a-2408b88144bc: start LeaderElection
2019-09-20 08:19:18,403 [1e3d2a43-82dd-4ca1-824a-2408b88144bc:group-663E1B48CFB5:LeaderElection210] INFO  impl.LeaderElection (LeaderElection.java:askForVotes(181)) - 1e3d2a43-82dd-4ca1-824a-2408b88144bc:group-663E1B48CFB5:LeaderElection210: begin an election at term 1 for -1: [1e3d2a43-82dd-4ca1-824a-2408b88144bc:192.168.34.27:33034], old=null
2019-09-20 08:19:18,403 [1e3d2a43-82dd-4ca1-824a-2408b88144bc:group-663E1B48CFB5:LeaderElection210] INFO  impl.RoleInfo (RoleInfo.java:shutdownLeaderElection(134)) - 1e3d2a43-82dd-4ca1-824a-2408b88144bc: shutdown LeaderElection
2019-09-20 08:19:18,403 [1e3d2a43-82dd-4ca1-824a-2408b88144bc:group-663E1B48CFB5:LeaderElection210] INFO  impl.RaftServerImpl (RaftServerImpl.java:setRole(171)) - 1e3d2a43-82dd-4ca1-824a-2408b88144bc:group-663E1B48CFB5 changes role from CANDIDATE to LEADER at term 1 for changeToLeader
2019-09-20 08:19:18,404 [1e3d2a43-82dd-4ca1-824a-2408b88144bc:group-663E1B48CFB5:LeaderElection210] INFO  impl.RaftServerImpl (ServerState.java:setLeader(263)) - 1e3d2a43-82dd-4ca1-824a-2408b88144bc:group-663E1B48CFB5 change Leader from null to 1e3d2a43-82dd-4ca1-824a-2408b88144bc at term 1 for becomeLeader, leader elected after 5183ms
2019-09-20 08:19:18,404 [1e3d2a43-82dd-4ca1-824a-2408b88144bc:group-663E1B48CFB5:LeaderElection210] INFO  server.RaftServerConfigKeys (ConfUtils.java:logGet(43)) - raft.server.staging.catchup.gap = 1000 (default)
2019-09-20 08:19:18,404 [1e3d2a43-82dd-4ca1-824a-2408b88144bc:group-663E1B48CFB5:LeaderElection210] INFO  server.RaftServerConfigKeys (ConfUtils.java:logGet(43)) - raft.server.rpc.sleep.time = 25ms (default)
2019-09-20 08:19:18,404 [1e3d2a43-82dd-4ca1-824a-2408b88144bc:group-663E1B48CFB5:LeaderElection210] INFO  server.RaftServerConfigKeys (ConfUtils.java:logGet(43)) - raft.server.write.element-limit = 4096 (default)
2019-09-20 08:19:18,404 [1e3d2a43-82dd-4ca1-824a-2408b88144bc:group-663E1B48CFB5:LeaderElection210] INFO  server.RaftServerConfigKeys (ConfUtils.java:logGet(43)) - raft.server.watch.timeout = 10s (default)
2019-09-20 08:19:18,404 [1e3d2a43-82dd-4ca1-824a-2408b88144bc:group-663E1B48CFB5:LeaderElection210] INFO  server.RaftServerConfigKeys (ConfUtils.java:logGet(43)) - raft.server.watch.timeout.denomination = 1s (default)
2019-09-20 08:19:18,405 [1e3d2a43-82dd-4ca1-824a-2408b88144bc:group-663E1B48CFB5:LeaderElection210] INFO  server.RaftServerConfigKeys (ConfUtils.java:logGet(43)) - raft.server.watch.element-limit = 65536 (default)
2019-09-20 08:19:18,405 [1e3d2a43-82dd-4ca1-824a-2408b88144bc:group-663E1B48CFB5:LeaderElection210] INFO  impl.RoleInfo (RoleInfo.java:updateAndGet(143)) - 1e3d2a43-82dd-4ca1-824a-2408b88144bc: start LeaderState
2019-09-20 08:19:18,405 [1e3d2a43-82dd-4ca1-824a-2408b88144bc:group-663E1B48CFB5:LeaderElection210] INFO  segmented.SegmentedRaftLogWorker (SegmentedRaftLogWorker.java:startLogSegment(380)) - 1e3d2a43-82dd-4ca1-824a-2408b88144bc-SegmentedRaftLogWorker:Storage Directory /workdir/hadoop-ozone/ozonefs/target/test-dir/MiniOzoneClusterImpl-0ef8af2c-8d39-4a42-bdc9-6bbcc43100a2/datanode-1/data/ratis/d2a84da7-9404-4208-8d56-663e1b48cfb5: Starting segment from index:0
2019-09-20 08:19:18,406 [1e3d2a43-82dd-4ca1-824a-2408b88144bc:group-663E1B48CFB5:LeaderElection210] INFO  impl.RaftServerImpl (ServerState.java:setRaftConf(361)) - 1e3d2a43-82dd-4ca1-824a-2408b88144bc:group-663E1B48CFB5 set configuration 0: [1e3d2a43-82dd-4ca1-824a-2408b88144bc:192.168.34.27:33034], old=null at 0
2019-09-20 08:19:18,447 [Thread-3135] INFO  impl.FollowerState (FollowerState.java:run(106)) - 00188cad-157e-4dc5-9e27-ca4a6687ede8:group-9B2304A095AF changes to CANDIDATE, lastRpcTime:5140, electionTimeout:5140ms
2019-09-20 08:19:18,447 [Thread-3135] INFO  impl.RoleInfo (RoleInfo.java:shutdownFollowerState(121)) - 00188cad-157e-4dc5-9e27-ca4a6687ede8: shutdown FollowerState
2019-09-20 08:19:18,447 [Thread-3135] INFO  impl.RaftServerImpl (RaftServerImpl.java:setRole(171)) - 00188cad-157e-4dc5-9e27-ca4a6687ede8:group-9B2304A095AF changes role from FOLLOWER to CANDIDATE at term 0 for changeToCandidate
2019-09-20 08:19:18,448 [Thread-3135] INFO  impl.RoleInfo (RoleInfo.java:updateAndGet(143)) - 00188cad-157e-4dc5-9e27-ca4a6687ede8: start LeaderElection
2019-09-20 08:19:18,454 [1e3d2a43-82dd-4ca1-824a-2408b88144bc-SegmentedRaftLogWorker:Storage Directory /workdir/hadoop-ozone/ozonefs/target/test-dir/MiniOzoneClusterImpl-0ef8af2c-8d39-4a42-bdc9-6bbcc43100a2/datanode-1/data/ratis/d2a84da7-9404-4208-8d56-663e1b48cfb5] INFO  segmented.SegmentedRaftLogWorker (SegmentedRaftLogWorker.java:execute(569)) - 1e3d2a43-82dd-4ca1-824a-2408b88144bc-SegmentedRaftLogWorker:Storage Directory /workdir/hadoop-ozone/ozonefs/target/test-dir/MiniOzoneClusterImpl-0ef8af2c-8d39-4a42-bdc9-6bbcc43100a2/datanode-1/data/ratis/d2a84da7-9404-4208-8d56-663e1b48cfb5: created new log segment /workdir/hadoop-ozone/ozonefs/target/test-dir/MiniOzoneClusterImpl-0ef8af2c-8d39-4a42-bdc9-6bbcc43100a2/datanode-1/data/ratis/d2a84da7-9404-4208-8d56-663e1b48cfb5/current/log_inprogress_0
2019-09-20 08:19:18,454 [Thread-3132] INFO  impl.FollowerState (FollowerState.java:run(106)) - 00188cad-157e-4dc5-9e27-ca4a6687ede8:group-3C2520F50642 changes to CANDIDATE, lastRpcTime:5188, electionTimeout:5188ms
2019-09-20 08:19:18,454 [00188cad-157e-4dc5-9e27-ca4a6687ede8:group-9B2304A095AF:LeaderElection211] INFO  impl.LeaderElection (LeaderElection.java:askForVotes(181)) - 00188cad-157e-4dc5-9e27-ca4a6687ede8:group-9B2304A095AF:LeaderElection211: begin an election at term 1 for -1: [00188cad-157e-4dc5-9e27-ca4a6687ede8:192.168.34.27:35096], old=null
2019-09-20 08:19:18,455 [Thread-3132] INFO  impl.RoleInfo (RoleInfo.java:shutdownFollowerState(121)) - 00188cad-157e-4dc5-9e27-ca4a6687ede8: shutdown FollowerState
2019-09-20 08:19:18,455 [00188cad-157e-4dc5-9e27-ca4a6687ede8:group-9B2304A095AF:LeaderElection211] INFO  impl.RoleInfo (RoleInfo.java:shutdownLeaderElection(134)) - 00188cad-157e-4dc5-9e27-ca4a6687ede8: shutdown LeaderElection
2019-09-20 08:19:18,455 [Thread-3132] INFO  impl.RaftServerImpl (RaftServerImpl.java:setRole(171)) - 00188cad-157e-4dc5-9e27-ca4a6687ede8:group-3C2520F50642 changes role from FOLLOWER to CANDIDATE at term 0 for changeToCandidate
2019-09-20 08:19:18,455 [00188cad-157e-4dc5-9e27-ca4a6687ede8:group-9B2304A095AF:LeaderElection211] INFO  impl.RaftServerImpl (RaftServerImpl.java:setRole(171)) - 00188cad-157e-4dc5-9e27-ca4a6687ede8:group-9B2304A095AF changes role from CANDIDATE to LEADER at term 1 for changeToLeader
2019-09-20 08:19:18,455 [Thread-3132] INFO  impl.RoleInfo (RoleInfo.java:updateAndGet(143)) - 00188cad-157e-4dc5-9e27-ca4a6687ede8: start LeaderElection
2019-09-20 08:19:18,455 [00188cad-157e-4dc5-9e27-ca4a6687ede8:group-9B2304A095AF:LeaderElection211] INFO  impl.RaftServerImpl (ServerState.java:setLeader(263)) - 00188cad-157e-4dc5-9e27-ca4a6687ede8:group-9B2304A095AF change Leader from null to 00188cad-157e-4dc5-9e27-ca4a6687ede8 at term 1 for becomeLeader, leader elected after 5152ms
2019-09-20 08:19:18,456 [00188cad-157e-4dc5-9e27-ca4a6687ede8:group-9B2304A095AF:LeaderElection211] INFO  server.RaftServerConfigKeys (ConfUtils.java:logGet(43)) - raft.server.staging.catchup.gap = 1000 (default)
2019-09-20 08:19:18,457 [00188cad-157e-4dc5-9e27-ca4a6687ede8:group-9B2304A095AF:LeaderElection211] INFO  server.RaftServerConfigKeys (ConfUtils.java:logGet(43)) - raft.server.rpc.sleep.time = 25ms (default)
2019-09-20 08:19:18,457 [00188cad-157e-4dc5-9e27-ca4a6687ede8:group-9B2304A095AF:LeaderElection211] INFO  server.RaftServerConfigKeys (ConfUtils.java:logGet(43)) - raft.server.write.element-limit = 4096 (default)
2019-09-20 08:19:18,457 [00188cad-157e-4dc5-9e27-ca4a6687ede8:group-9B2304A095AF:LeaderElection211] INFO  server.RaftServerConfigKeys (ConfUtils.java:logGet(43)) - raft.server.watch.timeout = 10s (default)
2019-09-20 08:19:18,458 [00188cad-157e-4dc5-9e27-ca4a6687ede8:group-9B2304A095AF:LeaderElection211] INFO  server.RaftServerConfigKeys (ConfUtils.java:logGet(43)) - raft.server.watch.timeout.denomination = 1s (default)
2019-09-20 08:19:18,458 [00188cad-157e-4dc5-9e27-ca4a6687ede8:group-9B2304A095AF:LeaderElection211] INFO  server.RaftServerConfigKeys (ConfUtils.java:logGet(43)) - raft.server.watch.element-limit = 65536 (default)
2019-09-20 08:19:18,458 [00188cad-157e-4dc5-9e27-ca4a6687ede8:group-9B2304A095AF:LeaderElection211] INFO  impl.RoleInfo (RoleInfo.java:updateAndGet(143)) - 00188cad-157e-4dc5-9e27-ca4a6687ede8: start LeaderState
2019-09-20 08:19:18,458 [00188cad-157e-4dc5-9e27-ca4a6687ede8:group-9B2304A095AF:LeaderElection211] INFO  segmented.SegmentedRaftLogWorker (SegmentedRaftLogWorker.java:startLogSegment(380)) - 00188cad-157e-4dc5-9e27-ca4a6687ede8-SegmentedRaftLogWorker:Storage Directory /workdir/hadoop-ozone/ozonefs/target/test-dir/MiniOzoneClusterImpl-0ef8af2c-8d39-4a42-bdc9-6bbcc43100a2/datanode-2/data/ratis/e501c56b-3ee1-4c74-abd3-9b2304a095af: Starting segment from index:0
2019-09-20 08:19:18,459 [00188cad-157e-4dc5-9e27-ca4a6687ede8:group-9B2304A095AF:LeaderElection211] INFO  impl.RaftServerImpl (ServerState.java:setRaftConf(361)) - 00188cad-157e-4dc5-9e27-ca4a6687ede8:group-9B2304A095AF set configuration 0: [00188cad-157e-4dc5-9e27-ca4a6687ede8:192.168.34.27:35096], old=null at 0
2019-09-20 08:19:18,467 [00188cad-157e-4dc5-9e27-ca4a6687ede8:group-3C2520F50642:LeaderElection212] INFO  impl.LeaderElection (LeaderElection.java:askForVotes(181)) - 00188cad-157e-4dc5-9e27-ca4a6687ede8:group-3C2520F50642:LeaderElection212: begin an election at term 1 for -1: [00188cad-157e-4dc5-9e27-ca4a6687ede8:192.168.34.27:35096], old=null
2019-09-20 08:19:18,467 [00188cad-157e-4dc5-9e27-ca4a6687ede8:group-3C2520F50642:LeaderElection212] INFO  impl.RoleInfo (RoleInfo.java:shutdownLeaderElection(134)) - 00188cad-157e-4dc5-9e27-ca4a6687ede8: shutdown LeaderElection
2019-09-20 08:19:18,467 [00188cad-157e-4dc5-9e27-ca4a6687ede8:group-3C2520F50642:LeaderElection212] INFO  impl.RaftServerImpl (RaftServerImpl.java:setRole(171)) - 00188cad-157e-4dc5-9e27-ca4a6687ede8:group-3C2520F50642 changes role from CANDIDATE to LEADER at term 1 for changeToLeader
2019-09-20 08:19:18,467 [00188cad-157e-4dc5-9e27-ca4a6687ede8:group-3C2520F50642:LeaderElection212] INFO  impl.RaftServerImpl (ServerState.java:setLeader(263)) - 00188cad-157e-4dc5-9e27-ca4a6687ede8:group-3C2520F50642 change Leader from null to 00188cad-157e-4dc5-9e27-ca4a6687ede8 at term 1 for becomeLeader, leader elected after 5205ms
2019-09-20 08:19:18,468 [00188cad-157e-4dc5-9e27-ca4a6687ede8:group-3C2520F50642:LeaderElection212] INFO  server.RaftServerConfigKeys (ConfUtils.java:logGet(43)) - raft.server.staging.catchup.gap = 1000 (default)
2019-09-20 08:19:18,468 [00188cad-157e-4dc5-9e27-ca4a6687ede8:group-3C2520F50642:LeaderElection212] INFO  server.RaftServerConfigKeys (ConfUtils.java:logGet(43)) - raft.server.rpc.sleep.time = 25ms (default)
2019-09-20 08:19:18,468 [00188cad-157e-4dc5-9e27-ca4a6687ede8:group-3C2520F50642:LeaderElection212] INFO  server.RaftServerConfigKeys (ConfUtils.java:logGet(43)) - raft.server.write.element-limit = 4096 (default)
2019-09-20 08:19:18,468 [00188cad-157e-4dc5-9e27-ca4a6687ede8:group-3C2520F50642:LeaderElection212] INFO  server.RaftServerConfigKeys (ConfUtils.java:logGet(43)) - raft.server.watch.timeout = 10s (default)
2019-09-20 08:19:18,468 [00188cad-157e-4dc5-9e27-ca4a6687ede8:group-3C2520F50642:LeaderElection212] INFO  server.RaftServerConfigKeys (ConfUtils.java:logGet(43)) - raft.server.watch.timeout.denomination = 1s (default)
2019-09-20 08:19:18,468 [00188cad-157e-4dc5-9e27-ca4a6687ede8:group-3C2520F50642:LeaderElection212] INFO  server.RaftServerConfigKeys (ConfUtils.java:logGet(43)) - raft.server.watch.element-limit = 65536 (default)
2019-09-20 08:19:18,468 [00188cad-157e-4dc5-9e27-ca4a6687ede8:group-3C2520F50642:LeaderElection212] INFO  impl.RoleInfo (RoleInfo.java:updateAndGet(143)) - 00188cad-157e-4dc5-9e27-ca4a6687ede8: start LeaderState
2019-09-20 08:19:18,468 [00188cad-157e-4dc5-9e27-ca4a6687ede8:group-3C2520F50642:LeaderElection212] INFO  segmented.SegmentedRaftLogWorker (SegmentedRaftLogWorker.java:startLogSegment(380)) - 00188cad-157e-4dc5-9e27-ca4a6687ede8-SegmentedRaftLogWorker:Storage Directory /workdir/hadoop-ozone/ozonefs/target/test-dir/MiniOzoneClusterImpl-0ef8af2c-8d39-4a42-bdc9-6bbcc43100a2/datanode-2/data/ratis/5e20a482-79c0-4c27-a2cc-3c2520f50642: Starting segment from index:0
2019-09-20 08:19:18,469 [00188cad-157e-4dc5-9e27-ca4a6687ede8:group-3C2520F50642:LeaderElection212] INFO  impl.RaftServerImpl (ServerState.java:setRaftConf(361)) - 00188cad-157e-4dc5-9e27-ca4a6687ede8:group-3C2520F50642 set configuration 0: [00188cad-157e-4dc5-9e27-ca4a6687ede8:192.168.34.27:35096], old=null at 0
2019-09-20 08:19:18,512 [00188cad-157e-4dc5-9e27-ca4a6687ede8-SegmentedRaftLogWorker:Storage Directory /workdir/hadoop-ozone/ozonefs/target/test-dir/MiniOzoneClusterImpl-0ef8af2c-8d39-4a42-bdc9-6bbcc43100a2/datanode-2/data/ratis/e501c56b-3ee1-4c74-abd3-9b2304a095af] INFO  segmented.SegmentedRaftLogWorker (SegmentedRaftLogWorker.java:execute(569)) - 00188cad-157e-4dc5-9e27-ca4a6687ede8-SegmentedRaftLogWorker:Storage Directory /workdir/hadoop-ozone/ozonefs/target/test-dir/MiniOzoneClusterImpl-0ef8af2c-8d39-4a42-bdc9-6bbcc43100a2/datanode-2/data/ratis/e501c56b-3ee1-4c74-abd3-9b2304a095af: created new log segment /workdir/hadoop-ozone/ozonefs/target/test-dir/MiniOzoneClusterImpl-0ef8af2c-8d39-4a42-bdc9-6bbcc43100a2/datanode-2/data/ratis/e501c56b-3ee1-4c74-abd3-9b2304a095af/current/log_inprogress_0
2019-09-20 08:19:18,512 [00188cad-157e-4dc5-9e27-ca4a6687ede8-SegmentedRaftLogWorker:Storage Directory /workdir/hadoop-ozone/ozonefs/target/test-dir/MiniOzoneClusterImpl-0ef8af2c-8d39-4a42-bdc9-6bbcc43100a2/datanode-2/data/ratis/5e20a482-79c0-4c27-a2cc-3c2520f50642] INFO  segmented.SegmentedRaftLogWorker (SegmentedRaftLogWorker.java:execute(569)) - 00188cad-157e-4dc5-9e27-ca4a6687ede8-SegmentedRaftLogWorker:Storage Directory /workdir/hadoop-ozone/ozonefs/target/test-dir/MiniOzoneClusterImpl-0ef8af2c-8d39-4a42-bdc9-6bbcc43100a2/datanode-2/data/ratis/5e20a482-79c0-4c27-a2cc-3c2520f50642: created new log segment /workdir/hadoop-ozone/ozonefs/target/test-dir/MiniOzoneClusterImpl-0ef8af2c-8d39-4a42-bdc9-6bbcc43100a2/datanode-2/data/ratis/5e20a482-79c0-4c27-a2cc-3c2520f50642/current/log_inprogress_0
2019-09-20 08:19:18,557 [Thread-3144] INFO  impl.FollowerState (FollowerState.java:run(106)) - 00188cad-157e-4dc5-9e27-ca4a6687ede8:group-35EA0AF5AD86 changes to CANDIDATE, lastRpcTime:5073, electionTimeout:5073ms
2019-09-20 08:19:18,557 [Thread-3144] INFO  impl.RoleInfo (RoleInfo.java:shutdownFollowerState(121)) - 00188cad-157e-4dc5-9e27-ca4a6687ede8: shutdown FollowerState
2019-09-20 08:19:18,557 [Thread-3144] INFO  impl.RaftServerImpl (RaftServerImpl.java:setRole(171)) - 00188cad-157e-4dc5-9e27-ca4a6687ede8:group-35EA0AF5AD86 changes role from FOLLOWER to CANDIDATE at term 0 for changeToCandidate
2019-09-20 08:19:18,557 [Thread-3144] INFO  impl.RoleInfo (RoleInfo.java:updateAndGet(143)) - 00188cad-157e-4dc5-9e27-ca4a6687ede8: start LeaderElection
2019-09-20 08:19:18,559 [Thread-3138] INFO  impl.FollowerState (FollowerState.java:run(106)) - 00188cad-157e-4dc5-9e27-ca4a6687ede8:group-6FCB09FDF56C changes to CANDIDATE, lastRpcTime:5185, electionTimeout:5184ms
2019-09-20 08:19:18,559 [Thread-3138] INFO  impl.RoleInfo (RoleInfo.java:shutdownFollowerState(121)) - 00188cad-157e-4dc5-9e27-ca4a6687ede8: shutdown FollowerState
2019-09-20 08:19:18,560 [Thread-3138] INFO  impl.RaftServerImpl (RaftServerImpl.java:setRole(171)) - 00188cad-157e-4dc5-9e27-ca4a6687ede8:group-6FCB09FDF56C changes role from FOLLOWER to CANDIDATE at term 0 for changeToCandidate
2019-09-20 08:19:18,560 [Thread-3138] INFO  impl.RoleInfo (RoleInfo.java:updateAndGet(143)) - 00188cad-157e-4dc5-9e27-ca4a6687ede8: start LeaderElection
2019-09-20 08:19:18,574 [00188cad-157e-4dc5-9e27-ca4a6687ede8:group-35EA0AF5AD86:LeaderElection213] INFO  impl.LeaderElection (LeaderElection.java:askForVotes(181)) - 00188cad-157e-4dc5-9e27-ca4a6687ede8:group-35EA0AF5AD86:LeaderElection213: begin an election at term 1 for -1: [00188cad-157e-4dc5-9e27-ca4a6687ede8:192.168.34.27:35096], old=null
2019-09-20 08:19:18,574 [00188cad-157e-4dc5-9e27-ca4a6687ede8:group-6FCB09FDF56C:LeaderElection214] INFO  impl.LeaderElection (LeaderElection.java:askForVotes(181)) - 00188cad-157e-4dc5-9e27-ca4a6687ede8:group-6FCB09FDF56C:LeaderElection214: begin an election at term 1 for -1: [00188cad-157e-4dc5-9e27-ca4a6687ede8:192.168.34.27:35096], old=null
2019-09-20 08:19:18,575 [00188cad-157e-4dc5-9e27-ca4a6687ede8:group-35EA0AF5AD86:LeaderElection213] INFO  impl.RoleInfo (RoleInfo.java:shutdownLeaderElection(134)) - 00188cad-157e-4dc5-9e27-ca4a6687ede8: shutdown LeaderElection
2019-09-20 08:19:18,575 [00188cad-157e-4dc5-9e27-ca4a6687ede8:group-6FCB09FDF56C:LeaderElection214] INFO  impl.RoleInfo (RoleInfo.java:shutdownLeaderElection(134)) - 00188cad-157e-4dc5-9e27-ca4a6687ede8: shutdown LeaderElection
2019-09-20 08:19:18,575 [00188cad-157e-4dc5-9e27-ca4a6687ede8:group-35EA0AF5AD86:LeaderElection213] INFO  impl.RaftServerImpl (RaftServerImpl.java:setRole(171)) - 00188cad-157e-4dc5-9e27-ca4a6687ede8:group-35EA0AF5AD86 changes role from CANDIDATE to LEADER at term 1 for changeToLeader
2019-09-20 08:19:18,575 [00188cad-157e-4dc5-9e27-ca4a6687ede8:group-6FCB09FDF56C:LeaderElection214] INFO  impl.RaftServerImpl (RaftServerImpl.java:setRole(171)) - 00188cad-157e-4dc5-9e27-ca4a6687ede8:group-6FCB09FDF56C changes role from CANDIDATE to LEADER at term 1 for changeToLeader
2019-09-20 08:19:18,575 [00188cad-157e-4dc5-9e27-ca4a6687ede8:group-35EA0AF5AD86:LeaderElection213] INFO  impl.RaftServerImpl (ServerState.java:setLeader(263)) - 00188cad-157e-4dc5-9e27-ca4a6687ede8:group-35EA0AF5AD86 change Leader from null to 00188cad-157e-4dc5-9e27-ca4a6687ede8 at term 1 for becomeLeader, leader elected after 5095ms
2019-09-20 08:19:18,575 [00188cad-157e-4dc5-9e27-ca4a6687ede8:group-6FCB09FDF56C:LeaderElection214] INFO  impl.RaftServerImpl (ServerState.java:setLeader(263)) - 00188cad-157e-4dc5-9e27-ca4a6687ede8:group-6FCB09FDF56C change Leader from null to 00188cad-157e-4dc5-9e27-ca4a6687ede8 at term 1 for becomeLeader, leader elected after 5206ms
2019-09-20 08:19:18,575 [00188cad-157e-4dc5-9e27-ca4a6687ede8:group-35EA0AF5AD86:LeaderElection213] INFO  server.RaftServerConfigKeys (ConfUtils.java:logGet(43)) - raft.server.staging.catchup.gap = 1000 (default)
2019-09-20 08:19:18,575 [00188cad-157e-4dc5-9e27-ca4a6687ede8:group-6FCB09FDF56C:LeaderElection214] INFO  server.RaftServerConfigKeys (ConfUtils.java:logGet(43)) - raft.server.staging.catchup.gap = 1000 (default)
2019-09-20 08:19:18,575 [00188cad-157e-4dc5-9e27-ca4a6687ede8:group-35EA0AF5AD86:LeaderElection213] INFO  server.RaftServerConfigKeys (ConfUtils.java:logGet(43)) - raft.server.rpc.sleep.time = 25ms (default)
2019-09-20 08:19:18,576 [00188cad-157e-4dc5-9e27-ca4a6687ede8:group-6FCB09FDF56C:LeaderElection214] INFO  server.RaftServerConfigKeys (ConfUtils.java:logGet(43)) - raft.server.rpc.sleep.time = 25ms (default)
2019-09-20 08:19:18,576 [00188cad-157e-4dc5-9e27-ca4a6687ede8:group-35EA0AF5AD86:LeaderElection213] INFO  server.RaftServerConfigKeys (ConfUtils.java:logGet(43)) - raft.server.write.element-limit = 4096 (default)
2019-09-20 08:19:18,576 [00188cad-157e-4dc5-9e27-ca4a6687ede8:group-6FCB09FDF56C:LeaderElection214] INFO  server.RaftServerConfigKeys (ConfUtils.java:logGet(43)) - raft.server.write.element-limit = 4096 (default)
2019-09-20 08:19:18,576 [00188cad-157e-4dc5-9e27-ca4a6687ede8:group-35EA0AF5AD86:LeaderElection213] INFO  server.RaftServerConfigKeys (ConfUtils.java:logGet(43)) - raft.server.watch.timeout = 10s (default)
2019-09-20 08:19:18,576 [00188cad-157e-4dc5-9e27-ca4a6687ede8:group-6FCB09FDF56C:LeaderElection214] INFO  server.RaftServerConfigKeys (ConfUtils.java:logGet(43)) - raft.server.watch.timeout = 10s (default)
2019-09-20 08:19:18,576 [00188cad-157e-4dc5-9e27-ca4a6687ede8:group-35EA0AF5AD86:LeaderElection213] INFO  server.RaftServerConfigKeys (ConfUtils.java:logGet(43)) - raft.server.watch.timeout.denomination = 1s (default)
2019-09-20 08:19:18,576 [00188cad-157e-4dc5-9e27-ca4a6687ede8:group-6FCB09FDF56C:LeaderElection214] INFO  server.RaftServerConfigKeys (ConfUtils.java:logGet(43)) - raft.server.watch.timeout.denomination = 1s (default)
2019-09-20 08:19:18,577 [00188cad-157e-4dc5-9e27-ca4a6687ede8:group-35EA0AF5AD86:LeaderElection213] INFO  server.RaftServerConfigKeys (ConfUtils.java:logGet(43)) - raft.server.watch.element-limit = 65536 (default)
2019-09-20 08:19:18,577 [00188cad-157e-4dc5-9e27-ca4a6687ede8:group-6FCB09FDF56C:LeaderElection214] INFO  server.RaftServerConfigKeys (ConfUtils.java:logGet(43)) - raft.server.watch.element-limit = 65536 (default)
2019-09-20 08:19:18,577 [00188cad-157e-4dc5-9e27-ca4a6687ede8:group-35EA0AF5AD86:LeaderElection213] INFO  impl.RoleInfo (RoleInfo.java:updateAndGet(143)) - 00188cad-157e-4dc5-9e27-ca4a6687ede8: start LeaderState
2019-09-20 08:19:18,577 [00188cad-157e-4dc5-9e27-ca4a6687ede8:group-6FCB09FDF56C:LeaderElection214] INFO  impl.RoleInfo (RoleInfo.java:updateAndGet(143)) - 00188cad-157e-4dc5-9e27-ca4a6687ede8: start LeaderState
2019-09-20 08:19:18,577 [00188cad-157e-4dc5-9e27-ca4a6687ede8:group-35EA0AF5AD86:LeaderElection213] INFO  segmented.SegmentedRaftLogWorker (SegmentedRaftLogWorker.java:startLogSegment(380)) - 00188cad-157e-4dc5-9e27-ca4a6687ede8-SegmentedRaftLogWorker:Storage Directory /workdir/hadoop-ozone/ozonefs/target/test-dir/MiniOzoneClusterImpl-0ef8af2c-8d39-4a42-bdc9-6bbcc43100a2/datanode-2/data/ratis/634cae91-f5b8-44cb-a785-35ea0af5ad86: Starting segment from index:0
2019-09-20 08:19:18,577 [00188cad-157e-4dc5-9e27-ca4a6687ede8:group-6FCB09FDF56C:LeaderElection214] INFO  segmented.SegmentedRaftLogWorker (SegmentedRaftLogWorker.java:startLogSegment(380)) - 00188cad-157e-4dc5-9e27-ca4a6687ede8-SegmentedRaftLogWorker:Storage Directory /workdir/hadoop-ozone/ozonefs/target/test-dir/MiniOzoneClusterImpl-0ef8af2c-8d39-4a42-bdc9-6bbcc43100a2/datanode-2/data/ratis/f2c9dae2-1cdf-4edf-b84e-6fcb09fdf56c: Starting segment from index:0
2019-09-20 08:19:18,578 [00188cad-157e-4dc5-9e27-ca4a6687ede8:group-35EA0AF5AD86:LeaderElection213] INFO  impl.RaftServerImpl (ServerState.java:setRaftConf(361)) - 00188cad-157e-4dc5-9e27-ca4a6687ede8:group-35EA0AF5AD86 set configuration 0: [00188cad-157e-4dc5-9e27-ca4a6687ede8:192.168.34.27:35096], old=null at 0
2019-09-20 08:19:18,578 [00188cad-157e-4dc5-9e27-ca4a6687ede8:group-6FCB09FDF56C:LeaderElection214] INFO  impl.RaftServerImpl (ServerState.java:setRaftConf(361)) - 00188cad-157e-4dc5-9e27-ca4a6687ede8:group-6FCB09FDF56C set configuration 0: [00188cad-157e-4dc5-9e27-ca4a6687ede8:192.168.34.27:35096], old=null at 0
2019-09-20 08:19:18,594 [Thread-3147] INFO  impl.FollowerState (FollowerState.java:run(106)) - 00188cad-157e-4dc5-9e27-ca4a6687ede8:group-7D251CF9B29D changes to CANDIDATE, lastRpcTime:5072, electionTimeout:5072ms
2019-09-20 08:19:18,594 [Thread-3147] INFO  impl.RoleInfo (RoleInfo.java:shutdownFollowerState(121)) - 00188cad-157e-4dc5-9e27-ca4a6687ede8: shutdown FollowerState
2019-09-20 08:19:18,594 [Thread-3147] INFO  impl.RaftServerImpl (RaftServerImpl.java:setRole(171)) - 00188cad-157e-4dc5-9e27-ca4a6687ede8:group-7D251CF9B29D changes role from FOLLOWER to CANDIDATE at term 0 for changeToCandidate
2019-09-20 08:19:18,594 [Thread-3147] INFO  impl.RoleInfo (RoleInfo.java:updateAndGet(143)) - 00188cad-157e-4dc5-9e27-ca4a6687ede8: start LeaderElection
2019-09-20 08:19:18,626 [Thread-3141] INFO  impl.FollowerState (FollowerState.java:run(106)) - 00188cad-157e-4dc5-9e27-ca4a6687ede8:group-2F2AB42D1CD6 changes to CANDIDATE, lastRpcTime:5195, electionTimeout:5195ms
2019-09-20 08:19:18,626 [Thread-3141] INFO  impl.RoleInfo (RoleInfo.java:shutdownFollowerState(121)) - 00188cad-157e-4dc5-9e27-ca4a6687ede8: shutdown FollowerState
2019-09-20 08:19:18,626 [Thread-3141] INFO  impl.RaftServerImpl (RaftServerImpl.java:setRole(171)) - 00188cad-157e-4dc5-9e27-ca4a6687ede8:group-2F2AB42D1CD6 changes role from FOLLOWER to CANDIDATE at term 0 for changeToCandidate
2019-09-20 08:19:18,627 [Thread-3141] INFO  impl.RoleInfo (RoleInfo.java:updateAndGet(143)) - 00188cad-157e-4dc5-9e27-ca4a6687ede8: start LeaderElection
2019-09-20 08:19:18,628 [00188cad-157e-4dc5-9e27-ca4a6687ede8-SegmentedRaftLogWorker:Storage Directory /workdir/hadoop-ozone/ozonefs/target/test-dir/MiniOzoneClusterImpl-0ef8af2c-8d39-4a42-bdc9-6bbcc43100a2/datanode-2/data/ratis/634cae91-f5b8-44cb-a785-35ea0af5ad86] INFO  segmented.SegmentedRaftLogWorker (SegmentedRaftLogWorker.java:execute(569)) - 00188cad-157e-4dc5-9e27-ca4a6687ede8-SegmentedRaftLogWorker:Storage Directory /workdir/hadoop-ozone/ozonefs/target/test-dir/MiniOzoneClusterImpl-0ef8af2c-8d39-4a42-bdc9-6bbcc43100a2/datanode-2/data/ratis/634cae91-f5b8-44cb-a785-35ea0af5ad86: created new log segment /workdir/hadoop-ozone/ozonefs/target/test-dir/MiniOzoneClusterImpl-0ef8af2c-8d39-4a42-bdc9-6bbcc43100a2/datanode-2/data/ratis/634cae91-f5b8-44cb-a785-35ea0af5ad86/current/log_inprogress_0
2019-09-20 08:19:18,628 [00188cad-157e-4dc5-9e27-ca4a6687ede8-SegmentedRaftLogWorker:Storage Directory /workdir/hadoop-ozone/ozonefs/target/test-dir/MiniOzoneClusterImpl-0ef8af2c-8d39-4a42-bdc9-6bbcc43100a2/datanode-2/data/ratis/f2c9dae2-1cdf-4edf-b84e-6fcb09fdf56c] INFO  segmented.SegmentedRaftLogWorker (SegmentedRaftLogWorker.java:execute(569)) - 00188cad-157e-4dc5-9e27-ca4a6687ede8-SegmentedRaftLogWorker:Storage Directory /workdir/hadoop-ozone/ozonefs/target/test-dir/MiniOzoneClusterImpl-0ef8af2c-8d39-4a42-bdc9-6bbcc43100a2/datanode-2/data/ratis/f2c9dae2-1cdf-4edf-b84e-6fcb09fdf56c: created new log segment /workdir/hadoop-ozone/ozonefs/target/test-dir/MiniOzoneClusterImpl-0ef8af2c-8d39-4a42-bdc9-6bbcc43100a2/datanode-2/data/ratis/f2c9dae2-1cdf-4edf-b84e-6fcb09fdf56c/current/log_inprogress_0
2019-09-20 08:19:18,628 [00188cad-157e-4dc5-9e27-ca4a6687ede8:group-7D251CF9B29D:LeaderElection215] INFO  impl.LeaderElection (LeaderElection.java:askForVotes(181)) - 00188cad-157e-4dc5-9e27-ca4a6687ede8:group-7D251CF9B29D:LeaderElection215: begin an election at term 1 for -1: [00188cad-157e-4dc5-9e27-ca4a6687ede8:192.168.34.27:35096], old=null
2019-09-20 08:19:18,629 [00188cad-157e-4dc5-9e27-ca4a6687ede8:group-7D251CF9B29D:LeaderElection215] INFO  impl.RoleInfo (RoleInfo.java:shutdownLeaderElection(134)) - 00188cad-157e-4dc5-9e27-ca4a6687ede8: shutdown LeaderElection
2019-09-20 08:19:18,629 [00188cad-157e-4dc5-9e27-ca4a6687ede8:group-7D251CF9B29D:LeaderElection215] INFO  impl.RaftServerImpl (RaftServerImpl.java:setRole(171)) - 00188cad-157e-4dc5-9e27-ca4a6687ede8:group-7D251CF9B29D changes role from CANDIDATE to LEADER at term 1 for changeToLeader
2019-09-20 08:19:18,629 [00188cad-157e-4dc5-9e27-ca4a6687ede8:group-7D251CF9B29D:LeaderElection215] INFO  impl.RaftServerImpl (ServerState.java:setLeader(263)) - 00188cad-157e-4dc5-9e27-ca4a6687ede8:group-7D251CF9B29D change Leader from null to 00188cad-157e-4dc5-9e27-ca4a6687ede8 at term 1 for becomeLeader, leader elected after 5110ms
2019-09-20 08:19:18,629 [00188cad-157e-4dc5-9e27-ca4a6687ede8:group-7D251CF9B29D:LeaderElection215] INFO  server.RaftServerConfigKeys (ConfUtils.java:logGet(43)) - raft.server.staging.catchup.gap = 1000 (default)
2019-09-20 08:19:18,629 [00188cad-157e-4dc5-9e27-ca4a6687ede8:group-7D251CF9B29D:LeaderElection215] INFO  server.RaftServerConfigKeys (ConfUtils.java:logGet(43)) - raft.server.rpc.sleep.time = 25ms (default)
2019-09-20 08:19:18,629 [00188cad-157e-4dc5-9e27-ca4a6687ede8:group-7D251CF9B29D:LeaderElection215] INFO  server.RaftServerConfigKeys (ConfUtils.java:logGet(43)) - raft.server.write.element-limit = 4096 (default)
2019-09-20 08:19:18,630 [00188cad-157e-4dc5-9e27-ca4a6687ede8:group-7D251CF9B29D:LeaderElection215] INFO  server.RaftServerConfigKeys (ConfUtils.java:logGet(43)) - raft.server.watch.timeout = 10s (default)
2019-09-20 08:19:18,630 [00188cad-157e-4dc5-9e27-ca4a6687ede8:group-7D251CF9B29D:LeaderElection215] INFO  server.RaftServerConfigKeys (ConfUtils.java:logGet(43)) - raft.server.watch.timeout.denomination = 1s (default)
2019-09-20 08:19:18,630 [00188cad-157e-4dc5-9e27-ca4a6687ede8:group-7D251CF9B29D:LeaderElection215] INFO  server.RaftServerConfigKeys (ConfUtils.java:logGet(43)) - raft.server.watch.element-limit = 65536 (default)
2019-09-20 08:19:18,630 [00188cad-157e-4dc5-9e27-ca4a6687ede8:group-7D251CF9B29D:LeaderElection215] INFO  impl.RoleInfo (RoleInfo.java:updateAndGet(143)) - 00188cad-157e-4dc5-9e27-ca4a6687ede8: start LeaderState
2019-09-20 08:19:18,630 [00188cad-157e-4dc5-9e27-ca4a6687ede8:group-7D251CF9B29D:LeaderElection215] INFO  segmented.SegmentedRaftLogWorker (SegmentedRaftLogWorker.java:startLogSegment(380)) - 00188cad-157e-4dc5-9e27-ca4a6687ede8-SegmentedRaftLogWorker:Storage Directory /workdir/hadoop-ozone/ozonefs/target/test-dir/MiniOzoneClusterImpl-0ef8af2c-8d39-4a42-bdc9-6bbcc43100a2/datanode-2/data/ratis/4fc94382-89ce-4375-9e49-7d251cf9b29d: Starting segment from index:0
2019-09-20 08:19:18,631 [00188cad-157e-4dc5-9e27-ca4a6687ede8:group-7D251CF9B29D:LeaderElection215] INFO  impl.RaftServerImpl (ServerState.java:setRaftConf(361)) - 00188cad-157e-4dc5-9e27-ca4a6687ede8:group-7D251CF9B29D set configuration 0: [00188cad-157e-4dc5-9e27-ca4a6687ede8:192.168.34.27:35096], old=null at 0
2019-09-20 08:19:18,643 [00188cad-157e-4dc5-9e27-ca4a6687ede8:group-2F2AB42D1CD6:LeaderElection216] INFO  impl.LeaderElection (LeaderElection.java:askForVotes(181)) - 00188cad-157e-4dc5-9e27-ca4a6687ede8:group-2F2AB42D1CD6:LeaderElection216: begin an election at term 1 for -1: [00188cad-157e-4dc5-9e27-ca4a6687ede8:192.168.34.27:35096], old=null
2019-09-20 08:19:18,644 [00188cad-157e-4dc5-9e27-ca4a6687ede8:group-2F2AB42D1CD6:LeaderElection216] INFO  impl.RoleInfo (RoleInfo.java:shutdownLeaderElection(134)) - 00188cad-157e-4dc5-9e27-ca4a6687ede8: shutdown LeaderElection
2019-09-20 08:19:18,644 [00188cad-157e-4dc5-9e27-ca4a6687ede8:group-2F2AB42D1CD6:LeaderElection216] INFO  impl.RaftServerImpl (RaftServerImpl.java:setRole(171)) - 00188cad-157e-4dc5-9e27-ca4a6687ede8:group-2F2AB42D1CD6 changes role from CANDIDATE to LEADER at term 1 for changeToLeader
2019-09-20 08:19:18,644 [00188cad-157e-4dc5-9e27-ca4a6687ede8:group-2F2AB42D1CD6:LeaderElection216] INFO  impl.RaftServerImpl (ServerState.java:setLeader(263)) - 00188cad-157e-4dc5-9e27-ca4a6687ede8:group-2F2AB42D1CD6 change Leader from null to 00188cad-157e-4dc5-9e27-ca4a6687ede8 at term 1 for becomeLeader, leader elected after 5217ms
2019-09-20 08:19:18,644 [00188cad-157e-4dc5-9e27-ca4a6687ede8:group-2F2AB42D1CD6:LeaderElection216] INFO  server.RaftServerConfigKeys (ConfUtils.java:logGet(43)) - raft.server.staging.catchup.gap = 1000 (default)
2019-09-20 08:19:18,644 [00188cad-157e-4dc5-9e27-ca4a6687ede8:group-2F2AB42D1CD6:LeaderElection216] INFO  server.RaftServerConfigKeys (ConfUtils.java:logGet(43)) - raft.server.rpc.sleep.time = 25ms (default)
2019-09-20 08:19:18,645 [00188cad-157e-4dc5-9e27-ca4a6687ede8:group-2F2AB42D1CD6:LeaderElection216] INFO  server.RaftServerConfigKeys (ConfUtils.java:logGet(43)) - raft.server.write.element-limit = 4096 (default)
2019-09-20 08:19:18,645 [00188cad-157e-4dc5-9e27-ca4a6687ede8:group-2F2AB42D1CD6:LeaderElection216] INFO  server.RaftServerConfigKeys (ConfUtils.java:logGet(43)) - raft.server.watch.timeout = 10s (default)
2019-09-20 08:19:18,645 [00188cad-157e-4dc5-9e27-ca4a6687ede8:group-2F2AB42D1CD6:LeaderElection216] INFO  server.RaftServerConfigKeys (ConfUtils.java:logGet(43)) - raft.server.watch.timeout.denomination = 1s (default)
2019-09-20 08:19:18,645 [00188cad-157e-4dc5-9e27-ca4a6687ede8:group-2F2AB42D1CD6:LeaderElection216] INFO  server.RaftServerConfigKeys (ConfUtils.java:logGet(43)) - raft.server.watch.element-limit = 65536 (default)
2019-09-20 08:19:18,645 [00188cad-157e-4dc5-9e27-ca4a6687ede8:group-2F2AB42D1CD6:LeaderElection216] INFO  impl.RoleInfo (RoleInfo.java:updateAndGet(143)) - 00188cad-157e-4dc5-9e27-ca4a6687ede8: start LeaderState
2019-09-20 08:19:18,646 [00188cad-157e-4dc5-9e27-ca4a6687ede8:group-2F2AB42D1CD6:LeaderElection216] INFO  segmented.SegmentedRaftLogWorker (SegmentedRaftLogWorker.java:startLogSegment(380)) - 00188cad-157e-4dc5-9e27-ca4a6687ede8-SegmentedRaftLogWorker:Storage Directory /workdir/hadoop-ozone/ozonefs/target/test-dir/MiniOzoneClusterImpl-0ef8af2c-8d39-4a42-bdc9-6bbcc43100a2/datanode-2/data/ratis/c6a1b373-4128-44c9-afc9-2f2ab42d1cd6: Starting segment from index:0
2019-09-20 08:19:18,646 [00188cad-157e-4dc5-9e27-ca4a6687ede8:group-2F2AB42D1CD6:LeaderElection216] INFO  impl.RaftServerImpl (ServerState.java:setRaftConf(361)) - 00188cad-157e-4dc5-9e27-ca4a6687ede8:group-2F2AB42D1CD6 set configuration 0: [00188cad-157e-4dc5-9e27-ca4a6687ede8:192.168.34.27:35096], old=null at 0
2019-09-20 08:19:18,679 [00188cad-157e-4dc5-9e27-ca4a6687ede8-SegmentedRaftLogWorker:Storage Directory /workdir/hadoop-ozone/ozonefs/target/test-dir/MiniOzoneClusterImpl-0ef8af2c-8d39-4a42-bdc9-6bbcc43100a2/datanode-2/data/ratis/4fc94382-89ce-4375-9e49-7d251cf9b29d] INFO  segmented.SegmentedRaftLogWorker (SegmentedRaftLogWorker.java:execute(569)) - 00188cad-157e-4dc5-9e27-ca4a6687ede8-SegmentedRaftLogWorker:Storage Directory /workdir/hadoop-ozone/ozonefs/target/test-dir/MiniOzoneClusterImpl-0ef8af2c-8d39-4a42-bdc9-6bbcc43100a2/datanode-2/data/ratis/4fc94382-89ce-4375-9e49-7d251cf9b29d: created new log segment /workdir/hadoop-ozone/ozonefs/target/test-dir/MiniOzoneClusterImpl-0ef8af2c-8d39-4a42-bdc9-6bbcc43100a2/datanode-2/data/ratis/4fc94382-89ce-4375-9e49-7d251cf9b29d/current/log_inprogress_0
2019-09-20 08:19:18,681 [00188cad-157e-4dc5-9e27-ca4a6687ede8-SegmentedRaftLogWorker:Storage Directory /workdir/hadoop-ozone/ozonefs/target/test-dir/MiniOzoneClusterImpl-0ef8af2c-8d39-4a42-bdc9-6bbcc43100a2/datanode-2/data/ratis/c6a1b373-4128-44c9-afc9-2f2ab42d1cd6] INFO  segmented.SegmentedRaftLogWorker (SegmentedRaftLogWorker.java:execute(569)) - 00188cad-157e-4dc5-9e27-ca4a6687ede8-SegmentedRaftLogWorker:Storage Directory /workdir/hadoop-ozone/ozonefs/target/test-dir/MiniOzoneClusterImpl-0ef8af2c-8d39-4a42-bdc9-6bbcc43100a2/datanode-2/data/ratis/c6a1b373-4128-44c9-afc9-2f2ab42d1cd6: created new log segment /workdir/hadoop-ozone/ozonefs/target/test-dir/MiniOzoneClusterImpl-0ef8af2c-8d39-4a42-bdc9-6bbcc43100a2/datanode-2/data/ratis/c6a1b373-4128-44c9-afc9-2f2ab42d1cd6/current/log_inprogress_0
2019-09-20 08:19:19,214 | INFO  | SCMAudit | user=jenkins1000 | ip=192.168.34.27 | op=SEND_HEARTBEAT {datanodeUUID=00188cad-157e-4dc5-9e27-ca4a6687ede8, command=[]} | ret=SUCCESS |  
2019-09-20 08:19:19,431 [main] INFO  ozoneimpl.OzoneContainer (OzoneContainer.java:stop(199)) - Attempting to stop container services.
2019-09-20 08:19:19,431 [ForkJoinPool.commonPool-worker-1] INFO  ozoneimpl.OzoneContainer (OzoneContainer.java:stop(199)) - Attempting to stop container services.
2019-09-20 08:19:19,431 [main] INFO  impl.RaftServerProxy (RaftServerProxy.java:lambda$close$4(314)) - 1e3d2a43-82dd-4ca1-824a-2408b88144bc: close
2019-09-20 08:19:19,432 [ForkJoinPool.commonPool-worker-1] INFO  impl.RaftServerProxy (RaftServerProxy.java:lambda$close$4(314)) - bdd8936c-196f-46e2-8966-287f2327a40c: close
2019-09-20 08:19:19,432 [main] INFO  impl.RaftServerImpl (RaftServerImpl.java:lambda$shutdown$3(245)) - 1e3d2a43-82dd-4ca1-824a-2408b88144bc: shutdown group-663E1B48CFB5
2019-09-20 08:19:19,432 [main] INFO  util.JmxRegister (JmxRegister.java:unregister(73)) - Successfully un-registered JMX Bean with object name Ratis:service=RaftServer,group=group-663E1B48CFB5,id=1e3d2a43-82dd-4ca1-824a-2408b88144bc
2019-09-20 08:19:19,433 [main] INFO  impl.RoleInfo (RoleInfo.java:shutdownLeaderState(104)) - 1e3d2a43-82dd-4ca1-824a-2408b88144bc: shutdown LeaderState
2019-09-20 08:19:19,432 [ForkJoinPool.commonPool-worker-1] INFO  impl.RaftServerImpl (RaftServerImpl.java:lambda$shutdown$3(245)) - bdd8936c-196f-46e2-8966-287f2327a40c: shutdown group-EA1BFA4C9834
2019-09-20 08:19:19,433 [main] INFO  impl.PendingRequests (PendingRequests.java:sendNotLeaderResponses(202)) - 1e3d2a43-82dd-4ca1-824a-2408b88144bc-PendingRequests: sendNotLeaderResponses
2019-09-20 08:19:19,433 [ForkJoinPool.commonPool-worker-1] INFO  util.JmxRegister (JmxRegister.java:unregister(73)) - Successfully un-registered JMX Bean with object name Ratis:service=RaftServer,group=group-EA1BFA4C9834,id=bdd8936c-196f-46e2-8966-287f2327a40c
2019-09-20 08:19:19,434 [main] INFO  impl.StateMachineUpdater (StateMachineUpdater.java:stopAndJoin(115)) - StateMachineUpdater:1e3d2a43-82dd-4ca1-824a-2408b88144bc:group-663E1B48CFB5: set stopIndex = 0
2019-09-20 08:19:19,434 [ForkJoinPool.commonPool-worker-1] INFO  impl.RoleInfo (RoleInfo.java:shutdownLeaderState(104)) - bdd8936c-196f-46e2-8966-287f2327a40c: shutdown LeaderState
2019-09-20 08:19:19,434 [main] INFO  impl.RaftServerImpl (ServerState.java:close(394)) - 1e3d2a43-82dd-4ca1-824a-2408b88144bc:group-663E1B48CFB5 closes. The last applied log index is 0
2019-09-20 08:19:19,434 [ForkJoinPool.commonPool-worker-1] INFO  impl.PendingRequests (PendingRequests.java:sendNotLeaderResponses(202)) - bdd8936c-196f-46e2-8966-287f2327a40c-PendingRequests: sendNotLeaderResponses
2019-09-20 08:19:19,435 [1e3d2a43-82dd-4ca1-824a-2408b88144bc-SegmentedRaftLogWorker:Storage Directory /workdir/hadoop-ozone/ozonefs/target/test-dir/MiniOzoneClusterImpl-0ef8af2c-8d39-4a42-bdc9-6bbcc43100a2/datanode-1/data/ratis/d2a84da7-9404-4208-8d56-663e1b48cfb5] INFO  segmented.SegmentedRaftLogWorker (SegmentedRaftLogWorker.java:run(313)) - 1e3d2a43-82dd-4ca1-824a-2408b88144bc-SegmentedRaftLogWorker:Storage Directory /workdir/hadoop-ozone/ozonefs/target/test-dir/MiniOzoneClusterImpl-0ef8af2c-8d39-4a42-bdc9-6bbcc43100a2/datanode-1/data/ratis/d2a84da7-9404-4208-8d56-663e1b48cfb5 was interrupted, exiting. There are 0 tasks remaining in the queue.
2019-09-20 08:19:19,435 [ForkJoinPool.commonPool-worker-1] INFO  impl.StateMachineUpdater (StateMachineUpdater.java:stopAndJoin(115)) - StateMachineUpdater:bdd8936c-196f-46e2-8966-287f2327a40c:group-EA1BFA4C9834: set stopIndex = 0
2019-09-20 08:19:19,435 [main] INFO  segmented.SegmentedRaftLogWorker (SegmentedRaftLogWorker.java:close(228)) - 1e3d2a43-82dd-4ca1-824a-2408b88144bc-SegmentedRaftLogWorker:Storage Directory /workdir/hadoop-ozone/ozonefs/target/test-dir/MiniOzoneClusterImpl-0ef8af2c-8d39-4a42-bdc9-6bbcc43100a2/datanode-1/data/ratis/d2a84da7-9404-4208-8d56-663e1b48cfb5 close()
2019-09-20 08:19:19,435 [ForkJoinPool.commonPool-worker-1] INFO  impl.RaftServerImpl (ServerState.java:close(394)) - bdd8936c-196f-46e2-8966-287f2327a40c:group-EA1BFA4C9834 closes. The last applied log index is 0
2019-09-20 08:19:19,438 [main] INFO  impl.RaftServerImpl (RaftServerImpl.java:lambda$shutdown$3(245)) - 1e3d2a43-82dd-4ca1-824a-2408b88144bc: shutdown group-383B38D781F5
2019-09-20 08:19:19,438 [bdd8936c-196f-46e2-8966-287f2327a40c-SegmentedRaftLogWorker:Storage Directory /workdir/hadoop-ozone/ozonefs/target/test-dir/MiniOzoneClusterImpl-0ef8af2c-8d39-4a42-bdc9-6bbcc43100a2/datanode-0/data/ratis/24ca4865-ec0c-43ee-85f9-ea1bfa4c9834] INFO  segmented.SegmentedRaftLogWorker (SegmentedRaftLogWorker.java:run(313)) - bdd8936c-196f-46e2-8966-287f2327a40c-SegmentedRaftLogWorker:Storage Directory /workdir/hadoop-ozone/ozonefs/target/test-dir/MiniOzoneClusterImpl-0ef8af2c-8d39-4a42-bdc9-6bbcc43100a2/datanode-0/data/ratis/24ca4865-ec0c-43ee-85f9-ea1bfa4c9834 was interrupted, exiting. There are 0 tasks remaining in the queue.
2019-09-20 08:19:19,438 [main] INFO  util.JmxRegister (JmxRegister.java:unregister(73)) - Successfully un-registered JMX Bean with object name Ratis:service=RaftServer,group=group-383B38D781F5,id=1e3d2a43-82dd-4ca1-824a-2408b88144bc
2019-09-20 08:19:19,439 [ForkJoinPool.commonPool-worker-1] INFO  segmented.SegmentedRaftLogWorker (SegmentedRaftLogWorker.java:close(228)) - bdd8936c-196f-46e2-8966-287f2327a40c-SegmentedRaftLogWorker:Storage Directory /workdir/hadoop-ozone/ozonefs/target/test-dir/MiniOzoneClusterImpl-0ef8af2c-8d39-4a42-bdc9-6bbcc43100a2/datanode-0/data/ratis/24ca4865-ec0c-43ee-85f9-ea1bfa4c9834 close()
2019-09-20 08:19:19,439 [main] INFO  impl.RoleInfo (RoleInfo.java:shutdownLeaderState(104)) - 1e3d2a43-82dd-4ca1-824a-2408b88144bc: shutdown LeaderState
2019-09-20 08:19:19,440 [ForkJoinPool.commonPool-worker-1] INFO  impl.RaftServerImpl (RaftServerImpl.java:lambda$shutdown$3(245)) - bdd8936c-196f-46e2-8966-287f2327a40c: shutdown group-B912F7D27E7D
2019-09-20 08:19:19,441 [main] INFO  impl.PendingRequests (PendingRequests.java:sendNotLeaderResponses(202)) - 1e3d2a43-82dd-4ca1-824a-2408b88144bc-PendingRequests: sendNotLeaderResponses
2019-09-20 08:19:19,441 [ForkJoinPool.commonPool-worker-1] INFO  util.JmxRegister (JmxRegister.java:unregister(73)) - Successfully un-registered JMX Bean with object name Ratis:service=RaftServer,group=group-B912F7D27E7D,id=bdd8936c-196f-46e2-8966-287f2327a40c
2019-09-20 08:19:19,441 [main] INFO  impl.StateMachineUpdater (StateMachineUpdater.java:stopAndJoin(115)) - StateMachineUpdater:1e3d2a43-82dd-4ca1-824a-2408b88144bc:group-383B38D781F5: set stopIndex = 0
2019-09-20 08:19:19,442 [main] INFO  impl.RaftServerImpl (ServerState.java:close(394)) - 1e3d2a43-82dd-4ca1-824a-2408b88144bc:group-383B38D781F5 closes. The last applied log index is 0
2019-09-20 08:19:19,442 [ForkJoinPool.commonPool-worker-1] INFO  impl.RoleInfo (RoleInfo.java:shutdownLeaderState(104)) - bdd8936c-196f-46e2-8966-287f2327a40c: shutdown LeaderState
2019-09-20 08:19:19,442 [1e3d2a43-82dd-4ca1-824a-2408b88144bc-SegmentedRaftLogWorker:Storage Directory /workdir/hadoop-ozone/ozonefs/target/test-dir/MiniOzoneClusterImpl-0ef8af2c-8d39-4a42-bdc9-6bbcc43100a2/datanode-1/data/ratis/cfd7dba8-6a53-4406-8b82-383b38d781f5] INFO  segmented.SegmentedRaftLogWorker (SegmentedRaftLogWorker.java:run(313)) - 1e3d2a43-82dd-4ca1-824a-2408b88144bc-SegmentedRaftLogWorker:Storage Directory /workdir/hadoop-ozone/ozonefs/target/test-dir/MiniOzoneClusterImpl-0ef8af2c-8d39-4a42-bdc9-6bbcc43100a2/datanode-1/data/ratis/cfd7dba8-6a53-4406-8b82-383b38d781f5 was interrupted, exiting. There are 0 tasks remaining in the queue.
2019-09-20 08:19:19,443 [ForkJoinPool.commonPool-worker-1] INFO  impl.PendingRequests (PendingRequests.java:sendNotLeaderResponses(202)) - bdd8936c-196f-46e2-8966-287f2327a40c-PendingRequests: sendNotLeaderResponses
2019-09-20 08:19:19,443 [main] INFO  segmented.SegmentedRaftLogWorker (SegmentedRaftLogWorker.java:close(228)) - 1e3d2a43-82dd-4ca1-824a-2408b88144bc-SegmentedRaftLogWorker:Storage Directory /workdir/hadoop-ozone/ozonefs/target/test-dir/MiniOzoneClusterImpl-0ef8af2c-8d39-4a42-bdc9-6bbcc43100a2/datanode-1/data/ratis/cfd7dba8-6a53-4406-8b82-383b38d781f5 close()
2019-09-20 08:19:19,443 [ForkJoinPool.commonPool-worker-1] INFO  impl.StateMachineUpdater (StateMachineUpdater.java:stopAndJoin(115)) - StateMachineUpdater:bdd8936c-196f-46e2-8966-287f2327a40c:group-B912F7D27E7D: set stopIndex = 0
2019-09-20 08:19:19,445 [main] INFO  impl.RaftServerImpl (RaftServerImpl.java:lambda$shutdown$3(245)) - 1e3d2a43-82dd-4ca1-824a-2408b88144bc: shutdown group-46FA10FB3083
2019-09-20 08:19:19,445 [ForkJoinPool.commonPool-worker-1] INFO  impl.RaftServerImpl (ServerState.java:close(394)) - bdd8936c-196f-46e2-8966-287f2327a40c:group-B912F7D27E7D closes. The last applied log index is 0
2019-09-20 08:19:19,445 [main] INFO  util.JmxRegister (JmxRegister.java:unregister(73)) - Successfully un-registered JMX Bean with object name Ratis:service=RaftServer,group=group-46FA10FB3083,id=1e3d2a43-82dd-4ca1-824a-2408b88144bc
2019-09-20 08:19:19,446 [bdd8936c-196f-46e2-8966-287f2327a40c-SegmentedRaftLogWorker:Storage Directory /workdir/hadoop-ozone/ozonefs/target/test-dir/MiniOzoneClusterImpl-0ef8af2c-8d39-4a42-bdc9-6bbcc43100a2/datanode-0/data/ratis/dfd12744-8381-4b53-9dd9-b912f7d27e7d] INFO  segmented.SegmentedRaftLogWorker (SegmentedRaftLogWorker.java:run(313)) - bdd8936c-196f-46e2-8966-287f2327a40c-SegmentedRaftLogWorker:Storage Directory /workdir/hadoop-ozone/ozonefs/target/test-dir/MiniOzoneClusterImpl-0ef8af2c-8d39-4a42-bdc9-6bbcc43100a2/datanode-0/data/ratis/dfd12744-8381-4b53-9dd9-b912f7d27e7d was interrupted, exiting. There are 0 tasks remaining in the queue.
2019-09-20 08:19:19,446 [main] INFO  impl.RoleInfo (RoleInfo.java:shutdownLeaderState(104)) - 1e3d2a43-82dd-4ca1-824a-2408b88144bc: shutdown LeaderState
2019-09-20 08:19:19,446 [ForkJoinPool.commonPool-worker-1] INFO  segmented.SegmentedRaftLogWorker (SegmentedRaftLogWorker.java:close(228)) - bdd8936c-196f-46e2-8966-287f2327a40c-SegmentedRaftLogWorker:Storage Directory /workdir/hadoop-ozone/ozonefs/target/test-dir/MiniOzoneClusterImpl-0ef8af2c-8d39-4a42-bdc9-6bbcc43100a2/datanode-0/data/ratis/dfd12744-8381-4b53-9dd9-b912f7d27e7d close()
2019-09-20 08:19:19,446 [main] INFO  impl.PendingRequests (PendingRequests.java:sendNotLeaderResponses(202)) - 1e3d2a43-82dd-4ca1-824a-2408b88144bc-PendingRequests: sendNotLeaderResponses
2019-09-20 08:19:19,448 [ForkJoinPool.commonPool-worker-1] INFO  impl.RaftServerImpl (RaftServerImpl.java:lambda$shutdown$3(245)) - bdd8936c-196f-46e2-8966-287f2327a40c: shutdown group-5DFE2E84338F
2019-09-20 08:19:19,448 [main] INFO  impl.StateMachineUpdater (StateMachineUpdater.java:stopAndJoin(115)) - StateMachineUpdater:1e3d2a43-82dd-4ca1-824a-2408b88144bc:group-46FA10FB3083: set stopIndex = 0
2019-09-20 08:19:19,448 [ForkJoinPool.commonPool-worker-1] INFO  util.JmxRegister (JmxRegister.java:unregister(73)) - Successfully un-registered JMX Bean with object name Ratis:service=RaftServer,group=group-5DFE2E84338F,id=bdd8936c-196f-46e2-8966-287f2327a40c
2019-09-20 08:19:19,449 [main] INFO  impl.RaftServerImpl (ServerState.java:close(394)) - 1e3d2a43-82dd-4ca1-824a-2408b88144bc:group-46FA10FB3083 closes. The last applied log index is 0
2019-09-20 08:19:19,449 [ForkJoinPool.commonPool-worker-1] INFO  impl.RoleInfo (RoleInfo.java:shutdownLeaderState(104)) - bdd8936c-196f-46e2-8966-287f2327a40c: shutdown LeaderState
2019-09-20 08:19:19,449 [1e3d2a43-82dd-4ca1-824a-2408b88144bc-SegmentedRaftLogWorker:Storage Directory /workdir/hadoop-ozone/ozonefs/target/test-dir/MiniOzoneClusterImpl-0ef8af2c-8d39-4a42-bdc9-6bbcc43100a2/datanode-1/data/ratis/aa335ba2-a541-4e4e-ac9e-46fa10fb3083] INFO  segmented.SegmentedRaftLogWorker (SegmentedRaftLogWorker.java:run(313)) - 1e3d2a43-82dd-4ca1-824a-2408b88144bc-SegmentedRaftLogWorker:Storage Directory /workdir/hadoop-ozone/ozonefs/target/test-dir/MiniOzoneClusterImpl-0ef8af2c-8d39-4a42-bdc9-6bbcc43100a2/datanode-1/data/ratis/aa335ba2-a541-4e4e-ac9e-46fa10fb3083 was interrupted, exiting. There are 0 tasks remaining in the queue.
2019-09-20 08:19:19,450 [ForkJoinPool.commonPool-worker-1] INFO  impl.PendingRequests (PendingRequests.java:sendNotLeaderResponses(202)) - bdd8936c-196f-46e2-8966-287f2327a40c-PendingRequests: sendNotLeaderResponses
2019-09-20 08:19:19,450 [main] INFO  segmented.SegmentedRaftLogWorker (SegmentedRaftLogWorker.java:close(228)) - 1e3d2a43-82dd-4ca1-824a-2408b88144bc-SegmentedRaftLogWorker:Storage Directory /workdir/hadoop-ozone/ozonefs/target/test-dir/MiniOzoneClusterImpl-0ef8af2c-8d39-4a42-bdc9-6bbcc43100a2/datanode-1/data/ratis/aa335ba2-a541-4e4e-ac9e-46fa10fb3083 close()
2019-09-20 08:19:19,450 [ForkJoinPool.commonPool-worker-1] INFO  impl.StateMachineUpdater (StateMachineUpdater.java:stopAndJoin(115)) - StateMachineUpdater:bdd8936c-196f-46e2-8966-287f2327a40c:group-5DFE2E84338F: set stopIndex = 0
2019-09-20 08:19:19,451 [main] INFO  impl.RaftServerImpl (RaftServerImpl.java:lambda$shutdown$3(245)) - 1e3d2a43-82dd-4ca1-824a-2408b88144bc: shutdown group-0FAE07CC184F
2019-09-20 08:19:19,452 [main] INFO  util.JmxRegister (JmxRegister.java:unregister(73)) - Successfully un-registered JMX Bean with object name Ratis:service=RaftServer,group=group-0FAE07CC184F,id=1e3d2a43-82dd-4ca1-824a-2408b88144bc
2019-09-20 08:19:19,452 [ForkJoinPool.commonPool-worker-1] INFO  impl.RaftServerImpl (ServerState.java:close(394)) - bdd8936c-196f-46e2-8966-287f2327a40c:group-5DFE2E84338F closes. The last applied log index is 0
2019-09-20 08:19:19,452 [main] INFO  impl.RoleInfo (RoleInfo.java:shutdownLeaderState(104)) - 1e3d2a43-82dd-4ca1-824a-2408b88144bc: shutdown LeaderState
2019-09-20 08:19:19,453 [bdd8936c-196f-46e2-8966-287f2327a40c-SegmentedRaftLogWorker:Storage Directory /workdir/hadoop-ozone/ozonefs/target/test-dir/MiniOzoneClusterImpl-0ef8af2c-8d39-4a42-bdc9-6bbcc43100a2/datanode-0/data/ratis/e6375704-879d-4edd-b77f-5dfe2e84338f] INFO  segmented.SegmentedRaftLogWorker (SegmentedRaftLogWorker.java:run(313)) - bdd8936c-196f-46e2-8966-287f2327a40c-SegmentedRaftLogWorker:Storage Directory /workdir/hadoop-ozone/ozonefs/target/test-dir/MiniOzoneClusterImpl-0ef8af2c-8d39-4a42-bdc9-6bbcc43100a2/datanode-0/data/ratis/e6375704-879d-4edd-b77f-5dfe2e84338f was interrupted, exiting. There are 0 tasks remaining in the queue.
2019-09-20 08:19:19,453 [main] INFO  impl.PendingRequests (PendingRequests.java:sendNotLeaderResponses(202)) - 1e3d2a43-82dd-4ca1-824a-2408b88144bc-PendingRequests: sendNotLeaderResponses
2019-09-20 08:19:19,453 [ForkJoinPool.commonPool-worker-1] INFO  segmented.SegmentedRaftLogWorker (SegmentedRaftLogWorker.java:close(228)) - bdd8936c-196f-46e2-8966-287f2327a40c-SegmentedRaftLogWorker:Storage Directory /workdir/hadoop-ozone/ozonefs/target/test-dir/MiniOzoneClusterImpl-0ef8af2c-8d39-4a42-bdc9-6bbcc43100a2/datanode-0/data/ratis/e6375704-879d-4edd-b77f-5dfe2e84338f close()
2019-09-20 08:19:19,453 [main] INFO  impl.StateMachineUpdater (StateMachineUpdater.java:stopAndJoin(115)) - StateMachineUpdater:1e3d2a43-82dd-4ca1-824a-2408b88144bc:group-0FAE07CC184F: set stopIndex = 0
2019-09-20 08:19:19,455 [ForkJoinPool.commonPool-worker-1] INFO  impl.RaftServerImpl (RaftServerImpl.java:lambda$shutdown$3(245)) - bdd8936c-196f-46e2-8966-287f2327a40c: shutdown group-9C94ACC8A9DC
2019-09-20 08:19:19,455 [main] INFO  impl.RaftServerImpl (ServerState.java:close(394)) - 1e3d2a43-82dd-4ca1-824a-2408b88144bc:group-0FAE07CC184F closes. The last applied log index is 0
2019-09-20 08:19:19,455 [ForkJoinPool.commonPool-worker-1] INFO  util.JmxRegister (JmxRegister.java:unregister(73)) - Successfully un-registered JMX Bean with object name Ratis:service=RaftServer,group=group-9C94ACC8A9DC,id=bdd8936c-196f-46e2-8966-287f2327a40c
2019-09-20 08:19:19,456 [1e3d2a43-82dd-4ca1-824a-2408b88144bc-SegmentedRaftLogWorker:Storage Directory /workdir/hadoop-ozone/ozonefs/target/test-dir/MiniOzoneClusterImpl-0ef8af2c-8d39-4a42-bdc9-6bbcc43100a2/datanode-1/data/ratis/7428f87b-d8c8-4d40-a80f-0fae07cc184f] INFO  segmented.SegmentedRaftLogWorker (SegmentedRaftLogWorker.java:run(313)) - 1e3d2a43-82dd-4ca1-824a-2408b88144bc-SegmentedRaftLogWorker:Storage Directory /workdir/hadoop-ozone/ozonefs/target/test-dir/MiniOzoneClusterImpl-0ef8af2c-8d39-4a42-bdc9-6bbcc43100a2/datanode-1/data/ratis/7428f87b-d8c8-4d40-a80f-0fae07cc184f was interrupted, exiting. There are 0 tasks remaining in the queue.
2019-09-20 08:19:19,456 [ForkJoinPool.commonPool-worker-1] INFO  impl.RoleInfo (RoleInfo.java:shutdownLeaderState(104)) - bdd8936c-196f-46e2-8966-287f2327a40c: shutdown LeaderState
2019-09-20 08:19:19,456 [main] INFO  segmented.SegmentedRaftLogWorker (SegmentedRaftLogWorker.java:close(228)) - 1e3d2a43-82dd-4ca1-824a-2408b88144bc-SegmentedRaftLogWorker:Storage Directory /workdir/hadoop-ozone/ozonefs/target/test-dir/MiniOzoneClusterImpl-0ef8af2c-8d39-4a42-bdc9-6bbcc43100a2/datanode-1/data/ratis/7428f87b-d8c8-4d40-a80f-0fae07cc184f close()
2019-09-20 08:19:19,456 [ForkJoinPool.commonPool-worker-1] INFO  impl.PendingRequests (PendingRequests.java:sendNotLeaderResponses(202)) - bdd8936c-196f-46e2-8966-287f2327a40c-PendingRequests: sendNotLeaderResponses
2019-09-20 08:19:19,458 [main] INFO  impl.RaftServerImpl (RaftServerImpl.java:lambda$shutdown$3(245)) - 1e3d2a43-82dd-4ca1-824a-2408b88144bc: shutdown group-78E9F6F6246F
2019-09-20 08:19:19,458 [ForkJoinPool.commonPool-worker-1] INFO  impl.StateMachineUpdater (StateMachineUpdater.java:stopAndJoin(115)) - StateMachineUpdater:bdd8936c-196f-46e2-8966-287f2327a40c:group-9C94ACC8A9DC: set stopIndex = 0
2019-09-20 08:19:19,458 [main] INFO  util.JmxRegister (JmxRegister.java:unregister(73)) - Successfully un-registered JMX Bean with object name Ratis:service=RaftServer,group=group-78E9F6F6246F,id=1e3d2a43-82dd-4ca1-824a-2408b88144bc
2019-09-20 08:19:19,458 [ForkJoinPool.commonPool-worker-1] INFO  impl.RaftServerImpl (ServerState.java:close(394)) - bdd8936c-196f-46e2-8966-287f2327a40c:group-9C94ACC8A9DC closes. The last applied log index is 0
2019-09-20 08:19:19,459 [main] INFO  impl.RoleInfo (RoleInfo.java:shutdownLeaderState(104)) - 1e3d2a43-82dd-4ca1-824a-2408b88144bc: shutdown LeaderState
2019-09-20 08:19:19,459 [bdd8936c-196f-46e2-8966-287f2327a40c-SegmentedRaftLogWorker:Storage Directory /workdir/hadoop-ozone/ozonefs/target/test-dir/MiniOzoneClusterImpl-0ef8af2c-8d39-4a42-bdc9-6bbcc43100a2/datanode-0/data/ratis/c2bab9ae-dc21-4130-96dc-9c94acc8a9dc] INFO  segmented.SegmentedRaftLogWorker (SegmentedRaftLogWorker.java:run(313)) - bdd8936c-196f-46e2-8966-287f2327a40c-SegmentedRaftLogWorker:Storage Directory /workdir/hadoop-ozone/ozonefs/target/test-dir/MiniOzoneClusterImpl-0ef8af2c-8d39-4a42-bdc9-6bbcc43100a2/datanode-0/data/ratis/c2bab9ae-dc21-4130-96dc-9c94acc8a9dc was interrupted, exiting. There are 0 tasks remaining in the queue.
2019-09-20 08:19:19,459 [main] INFO  impl.PendingRequests (PendingRequests.java:sendNotLeaderResponses(202)) - 1e3d2a43-82dd-4ca1-824a-2408b88144bc-PendingRequests: sendNotLeaderResponses
2019-09-20 08:19:19,459 [ForkJoinPool.commonPool-worker-1] INFO  segmented.SegmentedRaftLogWorker (SegmentedRaftLogWorker.java:close(228)) - bdd8936c-196f-46e2-8966-287f2327a40c-SegmentedRaftLogWorker:Storage Directory /workdir/hadoop-ozone/ozonefs/target/test-dir/MiniOzoneClusterImpl-0ef8af2c-8d39-4a42-bdc9-6bbcc43100a2/datanode-0/data/ratis/c2bab9ae-dc21-4130-96dc-9c94acc8a9dc close()
2019-09-20 08:19:19,460 [main] INFO  impl.StateMachineUpdater (StateMachineUpdater.java:stopAndJoin(115)) - StateMachineUpdater:1e3d2a43-82dd-4ca1-824a-2408b88144bc:group-78E9F6F6246F: set stopIndex = 0
2019-09-20 08:19:19,461 [ForkJoinPool.commonPool-worker-1] INFO  impl.RaftServerImpl (RaftServerImpl.java:lambda$shutdown$3(245)) - bdd8936c-196f-46e2-8966-287f2327a40c: shutdown group-D66DC98B03E0
2019-09-20 08:19:19,461 [main] INFO  impl.RaftServerImpl (ServerState.java:close(394)) - 1e3d2a43-82dd-4ca1-824a-2408b88144bc:group-78E9F6F6246F closes. The last applied log index is 0
2019-09-20 08:19:19,461 [ForkJoinPool.commonPool-worker-1] INFO  util.JmxRegister (JmxRegister.java:unregister(73)) - Successfully un-registered JMX Bean with object name Ratis:service=RaftServer,group=group-D66DC98B03E0,id=bdd8936c-196f-46e2-8966-287f2327a40c
2019-09-20 08:19:19,462 [1e3d2a43-82dd-4ca1-824a-2408b88144bc-SegmentedRaftLogWorker:Storage Directory /workdir/hadoop-ozone/ozonefs/target/test-dir/MiniOzoneClusterImpl-0ef8af2c-8d39-4a42-bdc9-6bbcc43100a2/datanode-1/data/ratis/1a94159b-0c0b-4c8f-83c1-78e9f6f6246f] INFO  segmented.SegmentedRaftLogWorker (SegmentedRaftLogWorker.java:run(313)) - 1e3d2a43-82dd-4ca1-824a-2408b88144bc-SegmentedRaftLogWorker:Storage Directory /workdir/hadoop-ozone/ozonefs/target/test-dir/MiniOzoneClusterImpl-0ef8af2c-8d39-4a42-bdc9-6bbcc43100a2/datanode-1/data/ratis/1a94159b-0c0b-4c8f-83c1-78e9f6f6246f was interrupted, exiting. There are 0 tasks remaining in the queue.
2019-09-20 08:19:19,462 [ForkJoinPool.commonPool-worker-1] INFO  impl.RoleInfo (RoleInfo.java:shutdownLeaderState(104)) - bdd8936c-196f-46e2-8966-287f2327a40c: shutdown LeaderState
2019-09-20 08:19:19,462 [main] INFO  segmented.SegmentedRaftLogWorker (SegmentedRaftLogWorker.java:close(228)) - 1e3d2a43-82dd-4ca1-824a-2408b88144bc-SegmentedRaftLogWorker:Storage Directory /workdir/hadoop-ozone/ozonefs/target/test-dir/MiniOzoneClusterImpl-0ef8af2c-8d39-4a42-bdc9-6bbcc43100a2/datanode-1/data/ratis/1a94159b-0c0b-4c8f-83c1-78e9f6f6246f close()
2019-09-20 08:19:19,462 [ForkJoinPool.commonPool-worker-1] INFO  impl.PendingRequests (PendingRequests.java:sendNotLeaderResponses(202)) - bdd8936c-196f-46e2-8966-287f2327a40c-PendingRequests: sendNotLeaderResponses
2019-09-20 08:19:19,463 [main] INFO  impl.RaftServerImpl (RaftServerImpl.java:lambda$shutdown$3(245)) - 1e3d2a43-82dd-4ca1-824a-2408b88144bc: shutdown group-9B3999D5BE15
2019-09-20 08:19:19,464 [ForkJoinPool.commonPool-worker-1] INFO  impl.StateMachineUpdater (StateMachineUpdater.java:stopAndJoin(115)) - StateMachineUpdater:bdd8936c-196f-46e2-8966-287f2327a40c:group-D66DC98B03E0: set stopIndex = 0
2019-09-20 08:19:19,464 [main] INFO  util.JmxRegister (JmxRegister.java:unregister(73)) - Successfully un-registered JMX Bean with object name Ratis:service=RaftServer,group=group-9B3999D5BE15,id=1e3d2a43-82dd-4ca1-824a-2408b88144bc
2019-09-20 08:19:19,464 [ForkJoinPool.commonPool-worker-1] INFO  impl.RaftServerImpl (ServerState.java:close(394)) - bdd8936c-196f-46e2-8966-287f2327a40c:group-D66DC98B03E0 closes. The last applied log index is 0
2019-09-20 08:19:19,464 [main] INFO  impl.RoleInfo (RoleInfo.java:shutdownLeaderState(104)) - 1e3d2a43-82dd-4ca1-824a-2408b88144bc: shutdown LeaderState
2019-09-20 08:19:19,465 [bdd8936c-196f-46e2-8966-287f2327a40c-SegmentedRaftLogWorker:Storage Directory /workdir/hadoop-ozone/ozonefs/target/test-dir/MiniOzoneClusterImpl-0ef8af2c-8d39-4a42-bdc9-6bbcc43100a2/datanode-0/data/ratis/40e253ad-e092-4dae-956f-d66dc98b03e0] INFO  segmented.SegmentedRaftLogWorker (SegmentedRaftLogWorker.java:run(313)) - bdd8936c-196f-46e2-8966-287f2327a40c-SegmentedRaftLogWorker:Storage Directory /workdir/hadoop-ozone/ozonefs/target/test-dir/MiniOzoneClusterImpl-0ef8af2c-8d39-4a42-bdc9-6bbcc43100a2/datanode-0/data/ratis/40e253ad-e092-4dae-956f-d66dc98b03e0 was interrupted, exiting. There are 0 tasks remaining in the queue.
2019-09-20 08:19:19,465 [main] INFO  impl.PendingRequests (PendingRequests.java:sendNotLeaderResponses(202)) - 1e3d2a43-82dd-4ca1-824a-2408b88144bc-PendingRequests: sendNotLeaderResponses
2019-09-20 08:19:19,465 [ForkJoinPool.commonPool-worker-1] INFO  segmented.SegmentedRaftLogWorker (SegmentedRaftLogWorker.java:close(228)) - bdd8936c-196f-46e2-8966-287f2327a40c-SegmentedRaftLogWorker:Storage Directory /workdir/hadoop-ozone/ozonefs/target/test-dir/MiniOzoneClusterImpl-0ef8af2c-8d39-4a42-bdc9-6bbcc43100a2/datanode-0/data/ratis/40e253ad-e092-4dae-956f-d66dc98b03e0 close()
2019-09-20 08:19:19,465 [main] INFO  impl.StateMachineUpdater (StateMachineUpdater.java:stopAndJoin(115)) - StateMachineUpdater:1e3d2a43-82dd-4ca1-824a-2408b88144bc:group-9B3999D5BE15: set stopIndex = 0
2019-09-20 08:19:19,467 [ForkJoinPool.commonPool-worker-1] INFO  impl.RaftServerImpl (RaftServerImpl.java:lambda$shutdown$3(245)) - bdd8936c-196f-46e2-8966-287f2327a40c: shutdown group-761FC0ACF0DB
2019-09-20 08:19:19,467 [main] INFO  impl.RaftServerImpl (ServerState.java:close(394)) - 1e3d2a43-82dd-4ca1-824a-2408b88144bc:group-9B3999D5BE15 closes. The last applied log index is 0
2019-09-20 08:19:19,467 [ForkJoinPool.commonPool-worker-1] INFO  util.JmxRegister (JmxRegister.java:unregister(73)) - Successfully un-registered JMX Bean with object name Ratis:service=RaftServer,group=group-761FC0ACF0DB,id=bdd8936c-196f-46e2-8966-287f2327a40c
2019-09-20 08:19:19,468 [1e3d2a43-82dd-4ca1-824a-2408b88144bc-SegmentedRaftLogWorker:Storage Directory /workdir/hadoop-ozone/ozonefs/target/test-dir/MiniOzoneClusterImpl-0ef8af2c-8d39-4a42-bdc9-6bbcc43100a2/datanode-1/data/ratis/10fdcc64-14eb-4227-b1f6-9b3999d5be15] INFO  segmented.SegmentedRaftLogWorker (SegmentedRaftLogWorker.java:run(313)) - 1e3d2a43-82dd-4ca1-824a-2408b88144bc-SegmentedRaftLogWorker:Storage Directory /workdir/hadoop-ozone/ozonefs/target/test-dir/MiniOzoneClusterImpl-0ef8af2c-8d39-4a42-bdc9-6bbcc43100a2/datanode-1/data/ratis/10fdcc64-14eb-4227-b1f6-9b3999d5be15 was interrupted, exiting. There are 0 tasks remaining in the queue.
2019-09-20 08:19:19,468 [ForkJoinPool.commonPool-worker-1] INFO  impl.RoleInfo (RoleInfo.java:shutdownLeaderState(104)) - bdd8936c-196f-46e2-8966-287f2327a40c: shutdown LeaderState
2019-09-20 08:19:19,468 [main] INFO  segmented.SegmentedRaftLogWorker (SegmentedRaftLogWorker.java:close(228)) - 1e3d2a43-82dd-4ca1-824a-2408b88144bc-SegmentedRaftLogWorker:Storage Directory /workdir/hadoop-ozone/ozonefs/target/test-dir/MiniOzoneClusterImpl-0ef8af2c-8d39-4a42-bdc9-6bbcc43100a2/datanode-1/data/ratis/10fdcc64-14eb-4227-b1f6-9b3999d5be15 close()
2019-09-20 08:19:19,468 [ForkJoinPool.commonPool-worker-1] INFO  impl.PendingRequests (PendingRequests.java:sendNotLeaderResponses(202)) - bdd8936c-196f-46e2-8966-287f2327a40c-PendingRequests: sendNotLeaderResponses
2019-09-20 08:19:19,470 [main] INFO  server.GrpcService (GrpcService.java:closeImpl(155)) - 1e3d2a43-82dd-4ca1-824a-2408b88144bc: shutdown server with port 33034 now
2019-09-20 08:19:19,470 [ForkJoinPool.commonPool-worker-1] INFO  impl.StateMachineUpdater (StateMachineUpdater.java:stopAndJoin(115)) - StateMachineUpdater:bdd8936c-196f-46e2-8966-287f2327a40c:group-761FC0ACF0DB: set stopIndex = 0
2019-09-20 08:19:19,471 [main] INFO  server.GrpcService (GrpcService.java:closeImpl(163)) - 1e3d2a43-82dd-4ca1-824a-2408b88144bc: shutdown server with port 33034 successfully
2019-09-20 08:19:19,471 [ForkJoinPool.commonPool-worker-1] INFO  impl.RaftServerImpl (ServerState.java:close(394)) - bdd8936c-196f-46e2-8966-287f2327a40c:group-761FC0ACF0DB closes. The last applied log index is 0
2019-09-20 08:19:19,472 [bdd8936c-196f-46e2-8966-287f2327a40c-SegmentedRaftLogWorker:Storage Directory /workdir/hadoop-ozone/ozonefs/target/test-dir/MiniOzoneClusterImpl-0ef8af2c-8d39-4a42-bdc9-6bbcc43100a2/datanode-0/data/ratis/3c4d82c3-5d0d-46bf-a91f-761fc0acf0db] INFO  segmented.SegmentedRaftLogWorker (SegmentedRaftLogWorker.java:run(313)) - bdd8936c-196f-46e2-8966-287f2327a40c-SegmentedRaftLogWorker:Storage Directory /workdir/hadoop-ozone/ozonefs/target/test-dir/MiniOzoneClusterImpl-0ef8af2c-8d39-4a42-bdc9-6bbcc43100a2/datanode-0/data/ratis/3c4d82c3-5d0d-46bf-a91f-761fc0acf0db was interrupted, exiting. There are 0 tasks remaining in the queue.
2019-09-20 08:19:19,472 [ForkJoinPool.commonPool-worker-1] INFO  segmented.SegmentedRaftLogWorker (SegmentedRaftLogWorker.java:close(228)) - bdd8936c-196f-46e2-8966-287f2327a40c-SegmentedRaftLogWorker:Storage Directory /workdir/hadoop-ozone/ozonefs/target/test-dir/MiniOzoneClusterImpl-0ef8af2c-8d39-4a42-bdc9-6bbcc43100a2/datanode-0/data/ratis/3c4d82c3-5d0d-46bf-a91f-761fc0acf0db close()
2019-09-20 08:19:19,472 [main] INFO  utils.BackgroundService (BackgroundService.java:shutdown(148)) - Shutting down service BlockDeletingService
2019-09-20 08:19:19,473 [ForkJoinPool.commonPool-worker-1] INFO  server.GrpcService (GrpcService.java:closeImpl(155)) - bdd8936c-196f-46e2-8966-287f2327a40c: shutdown server with port 41285 now
2019-09-20 08:19:19,475 [ForkJoinPool.commonPool-worker-1] INFO  server.GrpcService (GrpcService.java:closeImpl(163)) - bdd8936c-196f-46e2-8966-287f2327a40c: shutdown server with port 41285 successfully
2019-09-20 08:19:19,475 [refreshUsed-/workdir/hadoop-ozone/ozonefs/target/test-dir/MiniOzoneClusterImpl-0ef8af2c-8d39-4a42-bdc9-6bbcc43100a2/datanode-1/data/containers] WARN  fs.CachingGetSpaceUsed (CachingGetSpaceUsed.java:run(183)) - Thread Interrupted waiting to refresh disk information: sleep interrupted
2019-09-20 08:19:19,476 [ForkJoinPool.commonPool-worker-1] INFO  utils.BackgroundService (BackgroundService.java:shutdown(148)) - Shutting down service BlockDeletingService
2019-09-20 08:19:19,650 [refreshUsed-/workdir/hadoop-ozone/ozonefs/target/test-dir/MiniOzoneClusterImpl-0ef8af2c-8d39-4a42-bdc9-6bbcc43100a2/datanode-0/data/containers] WARN  fs.CachingGetSpaceUsed (CachingGetSpaceUsed.java:run(183)) - Thread Interrupted waiting to refresh disk information: sleep interrupted
2019-09-20 08:19:19,861 [main] INFO  statemachine.DatanodeStateMachine (DatanodeStateMachine.java:stopDaemon(395)) - Ozone container server stopped.
2019-09-20 08:19:19,862 [main] INFO  handler.ContextHandler (ContextHandler.java:doStop(910)) - Stopped o.e.j.w.WebAppContext@76fece79{/,null,UNAVAILABLE}{/hddsDatanode}
2019-09-20 08:19:19,863 [main] INFO  server.AbstractConnector (AbstractConnector.java:doStop(318)) - Stopped ServerConnector@491ef90c{HTTP/1.1,[http/1.1]}{0.0.0.0:0}
2019-09-20 08:19:19,863 [main] INFO  handler.ContextHandler (ContextHandler.java:doStop(910)) - Stopped o.e.j.s.ServletContextHandler@7bce016c{/static,jar:file:/home/user/.m2/repository/org/apache/hadoop/hadoop-hdds-container-service/0.5.0-SNAPSHOT/hadoop-hdds-container-service-0.5.0-SNAPSHOT.jar!/webapps/static,UNAVAILABLE}
2019-09-20 08:19:19,863 [main] INFO  handler.ContextHandler (ContextHandler.java:doStop(910)) - Stopped o.e.j.s.ServletContextHandler@6537dc79{/logs,file:///workdir/hadoop-ozone/ozonefs/target/log,UNAVAILABLE}
2019-09-20 08:19:19,864 [main] INFO  datanode.ObjectStoreHandler (ObjectStoreHandler.java:close(155)) - Closing ObjectStoreHandler.
2019-09-20 08:19:19,864 [main] INFO  ozone.HddsDatanodeService (HddsDatanodeService.java:stop(451)) - Stopped plug-in org.apache.hadoop.ozone.web.OzoneHddsDatanodeService@1ad176e1
2019-09-20 08:19:19,876 [ForkJoinPool.commonPool-worker-1] INFO  statemachine.DatanodeStateMachine (DatanodeStateMachine.java:stopDaemon(395)) - Ozone container server stopped.
2019-09-20 08:19:19,879 [ForkJoinPool.commonPool-worker-1] INFO  handler.ContextHandler (ContextHandler.java:doStop(910)) - Stopped o.e.j.w.WebAppContext@2b811d1c{/,null,UNAVAILABLE}{/hddsDatanode}
2019-09-20 08:19:19,880 [ForkJoinPool.commonPool-worker-1] INFO  server.AbstractConnector (AbstractConnector.java:doStop(318)) - Stopped ServerConnector@36f8c95a{HTTP/1.1,[http/1.1]}{0.0.0.0:0}
2019-09-20 08:19:19,881 [ForkJoinPool.commonPool-worker-1] INFO  handler.ContextHandler (ContextHandler.java:doStop(910)) - Stopped o.e.j.s.ServletContextHandler@5e18309e{/static,jar:file:/home/user/.m2/repository/org/apache/hadoop/hadoop-hdds-container-service/0.5.0-SNAPSHOT/hadoop-hdds-container-service-0.5.0-SNAPSHOT.jar!/webapps/static,UNAVAILABLE}
2019-09-20 08:19:19,882 [ForkJoinPool.commonPool-worker-1] INFO  handler.ContextHandler (ContextHandler.java:doStop(910)) - Stopped o.e.j.s.ServletContextHandler@54b45cfe{/logs,file:///workdir/hadoop-ozone/ozonefs/target/log,UNAVAILABLE}
2019-09-20 08:19:20,213 [Datanode State Machine Thread - 0] INFO  statemachine.DatanodeStateMachine (DatanodeStateMachine.java:lambda$startDaemon$0(350)) - Ozone container server started.
2019-09-20 08:19:24,865 [main] INFO  ozoneimpl.OzoneContainer (OzoneContainer.java:stop(199)) - Attempting to stop container services.
2019-09-20 08:19:24,867 [main] INFO  impl.RaftServerProxy (RaftServerProxy.java:lambda$close$4(314)) - 00188cad-157e-4dc5-9e27-ca4a6687ede8: close
2019-09-20 08:19:24,868 [main] INFO  impl.RaftServerImpl (RaftServerImpl.java:lambda$shutdown$3(245)) - 00188cad-157e-4dc5-9e27-ca4a6687ede8: shutdown group-9B2304A095AF
2019-09-20 08:19:24,868 [ForkJoinPool.commonPool-worker-0] INFO  impl.RaftServerImpl (RaftServerImpl.java:lambda$shutdown$3(245)) - 00188cad-157e-4dc5-9e27-ca4a6687ede8: shutdown group-7D251CF9B29D
2019-09-20 08:19:24,869 [main] INFO  util.JmxRegister (JmxRegister.java:unregister(73)) - Successfully un-registered JMX Bean with object name Ratis:service=RaftServer,group=group-9B2304A095AF,id=00188cad-157e-4dc5-9e27-ca4a6687ede8
2019-09-20 08:19:24,869 [ForkJoinPool.commonPool-worker-0] INFO  util.JmxRegister (JmxRegister.java:unregister(73)) - Successfully un-registered JMX Bean with object name Ratis:service=RaftServer,group=group-7D251CF9B29D,id=00188cad-157e-4dc5-9e27-ca4a6687ede8
2019-09-20 08:19:24,869 [main] INFO  impl.RoleInfo (RoleInfo.java:shutdownLeaderState(104)) - 00188cad-157e-4dc5-9e27-ca4a6687ede8: shutdown LeaderState
2019-09-20 08:19:24,869 [ForkJoinPool.commonPool-worker-0] INFO  impl.RoleInfo (RoleInfo.java:shutdownLeaderState(104)) - 00188cad-157e-4dc5-9e27-ca4a6687ede8: shutdown LeaderState
2019-09-20 08:19:24,870 [main] INFO  impl.PendingRequests (PendingRequests.java:sendNotLeaderResponses(202)) - 00188cad-157e-4dc5-9e27-ca4a6687ede8-PendingRequests: sendNotLeaderResponses
2019-09-20 08:19:24,870 [ForkJoinPool.commonPool-worker-0] INFO  impl.PendingRequests (PendingRequests.java:sendNotLeaderResponses(202)) - 00188cad-157e-4dc5-9e27-ca4a6687ede8-PendingRequests: sendNotLeaderResponses
2019-09-20 08:19:24,871 [main] INFO  impl.StateMachineUpdater (StateMachineUpdater.java:stopAndJoin(115)) - StateMachineUpdater:00188cad-157e-4dc5-9e27-ca4a6687ede8:group-9B2304A095AF: set stopIndex = 0
2019-09-20 08:19:24,871 [ForkJoinPool.commonPool-worker-0] INFO  impl.StateMachineUpdater (StateMachineUpdater.java:stopAndJoin(115)) - StateMachineUpdater:00188cad-157e-4dc5-9e27-ca4a6687ede8:group-7D251CF9B29D: set stopIndex = 0
2019-09-20 08:19:24,872 [main] INFO  impl.RaftServerImpl (ServerState.java:close(394)) - 00188cad-157e-4dc5-9e27-ca4a6687ede8:group-9B2304A095AF closes. The last applied log index is 0
2019-09-20 08:19:24,872 [ForkJoinPool.commonPool-worker-0] INFO  impl.RaftServerImpl (ServerState.java:close(394)) - 00188cad-157e-4dc5-9e27-ca4a6687ede8:group-7D251CF9B29D closes. The last applied log index is 0
2019-09-20 08:19:24,873 [00188cad-157e-4dc5-9e27-ca4a6687ede8-SegmentedRaftLogWorker:Storage Directory /workdir/hadoop-ozone/ozonefs/target/test-dir/MiniOzoneClusterImpl-0ef8af2c-8d39-4a42-bdc9-6bbcc43100a2/datanode-2/data/ratis/e501c56b-3ee1-4c74-abd3-9b2304a095af] INFO  segmented.SegmentedRaftLogWorker (SegmentedRaftLogWorker.java:run(313)) - 00188cad-157e-4dc5-9e27-ca4a6687ede8-SegmentedRaftLogWorker:Storage Directory /workdir/hadoop-ozone/ozonefs/target/test-dir/MiniOzoneClusterImpl-0ef8af2c-8d39-4a42-bdc9-6bbcc43100a2/datanode-2/data/ratis/e501c56b-3ee1-4c74-abd3-9b2304a095af was interrupted, exiting. There are 0 tasks remaining in the queue.
2019-09-20 08:19:24,873 [00188cad-157e-4dc5-9e27-ca4a6687ede8-SegmentedRaftLogWorker:Storage Directory /workdir/hadoop-ozone/ozonefs/target/test-dir/MiniOzoneClusterImpl-0ef8af2c-8d39-4a42-bdc9-6bbcc43100a2/datanode-2/data/ratis/4fc94382-89ce-4375-9e49-7d251cf9b29d] INFO  segmented.SegmentedRaftLogWorker (SegmentedRaftLogWorker.java:run(313)) - 00188cad-157e-4dc5-9e27-ca4a6687ede8-SegmentedRaftLogWorker:Storage Directory /workdir/hadoop-ozone/ozonefs/target/test-dir/MiniOzoneClusterImpl-0ef8af2c-8d39-4a42-bdc9-6bbcc43100a2/datanode-2/data/ratis/4fc94382-89ce-4375-9e49-7d251cf9b29d was interrupted, exiting. There are 0 tasks remaining in the queue.
2019-09-20 08:19:24,873 [main] INFO  segmented.SegmentedRaftLogWorker (SegmentedRaftLogWorker.java:close(228)) - 00188cad-157e-4dc5-9e27-ca4a6687ede8-SegmentedRaftLogWorker:Storage Directory /workdir/hadoop-ozone/ozonefs/target/test-dir/MiniOzoneClusterImpl-0ef8af2c-8d39-4a42-bdc9-6bbcc43100a2/datanode-2/data/ratis/e501c56b-3ee1-4c74-abd3-9b2304a095af close()
2019-09-20 08:19:24,873 [ForkJoinPool.commonPool-worker-0] INFO  segmented.SegmentedRaftLogWorker (SegmentedRaftLogWorker.java:close(228)) - 00188cad-157e-4dc5-9e27-ca4a6687ede8-SegmentedRaftLogWorker:Storage Directory /workdir/hadoop-ozone/ozonefs/target/test-dir/MiniOzoneClusterImpl-0ef8af2c-8d39-4a42-bdc9-6bbcc43100a2/datanode-2/data/ratis/4fc94382-89ce-4375-9e49-7d251cf9b29d close()
2019-09-20 08:19:24,876 [main] INFO  impl.RaftServerImpl (RaftServerImpl.java:lambda$shutdown$3(245)) - 00188cad-157e-4dc5-9e27-ca4a6687ede8: shutdown group-35EA0AF5AD86
2019-09-20 08:19:24,877 [ForkJoinPool.commonPool-worker-0] INFO  impl.RaftServerImpl (RaftServerImpl.java:lambda$shutdown$3(245)) - 00188cad-157e-4dc5-9e27-ca4a6687ede8: shutdown group-3C2520F50642
2019-09-20 08:19:24,878 [main] INFO  util.JmxRegister (JmxRegister.java:unregister(73)) - Successfully un-registered JMX Bean with object name Ratis:service=RaftServer,group=group-35EA0AF5AD86,id=00188cad-157e-4dc5-9e27-ca4a6687ede8
2019-09-20 08:19:24,878 [ForkJoinPool.commonPool-worker-0] INFO  util.JmxRegister (JmxRegister.java:unregister(73)) - Successfully un-registered JMX Bean with object name Ratis:service=RaftServer,group=group-3C2520F50642,id=00188cad-157e-4dc5-9e27-ca4a6687ede8
2019-09-20 08:19:24,878 [main] INFO  impl.RoleInfo (RoleInfo.java:shutdownLeaderState(104)) - 00188cad-157e-4dc5-9e27-ca4a6687ede8: shutdown LeaderState
2019-09-20 08:19:24,878 [ForkJoinPool.commonPool-worker-0] INFO  impl.RoleInfo (RoleInfo.java:shutdownLeaderState(104)) - 00188cad-157e-4dc5-9e27-ca4a6687ede8: shutdown LeaderState
2019-09-20 08:19:24,879 [main] INFO  impl.PendingRequests (PendingRequests.java:sendNotLeaderResponses(202)) - 00188cad-157e-4dc5-9e27-ca4a6687ede8-PendingRequests: sendNotLeaderResponses
2019-09-20 08:19:24,879 [ForkJoinPool.commonPool-worker-0] INFO  impl.PendingRequests (PendingRequests.java:sendNotLeaderResponses(202)) - 00188cad-157e-4dc5-9e27-ca4a6687ede8-PendingRequests: sendNotLeaderResponses
2019-09-20 08:19:24,879 [main] INFO  impl.StateMachineUpdater (StateMachineUpdater.java:stopAndJoin(115)) - StateMachineUpdater:00188cad-157e-4dc5-9e27-ca4a6687ede8:group-35EA0AF5AD86: set stopIndex = 0
2019-09-20 08:19:24,880 [ForkJoinPool.commonPool-worker-0] INFO  impl.StateMachineUpdater (StateMachineUpdater.java:stopAndJoin(115)) - StateMachineUpdater:00188cad-157e-4dc5-9e27-ca4a6687ede8:group-3C2520F50642: set stopIndex = 0
2019-09-20 08:19:24,880 [main] INFO  impl.RaftServerImpl (ServerState.java:close(394)) - 00188cad-157e-4dc5-9e27-ca4a6687ede8:group-35EA0AF5AD86 closes. The last applied log index is 0
2019-09-20 08:19:24,880 [ForkJoinPool.commonPool-worker-0] INFO  impl.RaftServerImpl (ServerState.java:close(394)) - 00188cad-157e-4dc5-9e27-ca4a6687ede8:group-3C2520F50642 closes. The last applied log index is 0
2019-09-20 08:19:24,881 [00188cad-157e-4dc5-9e27-ca4a6687ede8-SegmentedRaftLogWorker:Storage Directory /workdir/hadoop-ozone/ozonefs/target/test-dir/MiniOzoneClusterImpl-0ef8af2c-8d39-4a42-bdc9-6bbcc43100a2/datanode-2/data/ratis/634cae91-f5b8-44cb-a785-35ea0af5ad86] INFO  segmented.SegmentedRaftLogWorker (SegmentedRaftLogWorker.java:run(313)) - 00188cad-157e-4dc5-9e27-ca4a6687ede8-SegmentedRaftLogWorker:Storage Directory /workdir/hadoop-ozone/ozonefs/target/test-dir/MiniOzoneClusterImpl-0ef8af2c-8d39-4a42-bdc9-6bbcc43100a2/datanode-2/data/ratis/634cae91-f5b8-44cb-a785-35ea0af5ad86 was interrupted, exiting. There are 0 tasks remaining in the queue.
2019-09-20 08:19:24,881 [00188cad-157e-4dc5-9e27-ca4a6687ede8-SegmentedRaftLogWorker:Storage Directory /workdir/hadoop-ozone/ozonefs/target/test-dir/MiniOzoneClusterImpl-0ef8af2c-8d39-4a42-bdc9-6bbcc43100a2/datanode-2/data/ratis/5e20a482-79c0-4c27-a2cc-3c2520f50642] INFO  segmented.SegmentedRaftLogWorker (SegmentedRaftLogWorker.java:run(313)) - 00188cad-157e-4dc5-9e27-ca4a6687ede8-SegmentedRaftLogWorker:Storage Directory /workdir/hadoop-ozone/ozonefs/target/test-dir/MiniOzoneClusterImpl-0ef8af2c-8d39-4a42-bdc9-6bbcc43100a2/datanode-2/data/ratis/5e20a482-79c0-4c27-a2cc-3c2520f50642 was interrupted, exiting. There are 0 tasks remaining in the queue.
2019-09-20 08:19:24,881 [main] INFO  segmented.SegmentedRaftLogWorker (SegmentedRaftLogWorker.java:close(228)) - 00188cad-157e-4dc5-9e27-ca4a6687ede8-SegmentedRaftLogWorker:Storage Directory /workdir/hadoop-ozone/ozonefs/target/test-dir/MiniOzoneClusterImpl-0ef8af2c-8d39-4a42-bdc9-6bbcc43100a2/datanode-2/data/ratis/634cae91-f5b8-44cb-a785-35ea0af5ad86 close()
2019-09-20 08:19:24,881 [ForkJoinPool.commonPool-worker-0] INFO  segmented.SegmentedRaftLogWorker (SegmentedRaftLogWorker.java:close(228)) - 00188cad-157e-4dc5-9e27-ca4a6687ede8-SegmentedRaftLogWorker:Storage Directory /workdir/hadoop-ozone/ozonefs/target/test-dir/MiniOzoneClusterImpl-0ef8af2c-8d39-4a42-bdc9-6bbcc43100a2/datanode-2/data/ratis/5e20a482-79c0-4c27-a2cc-3c2520f50642 close()
2019-09-20 08:19:24,883 [main] INFO  impl.RaftServerImpl (RaftServerImpl.java:lambda$shutdown$3(245)) - 00188cad-157e-4dc5-9e27-ca4a6687ede8: shutdown group-6FCB09FDF56C
2019-09-20 08:19:24,884 [ForkJoinPool.commonPool-worker-0] INFO  impl.RaftServerImpl (RaftServerImpl.java:lambda$shutdown$3(245)) - 00188cad-157e-4dc5-9e27-ca4a6687ede8: shutdown group-2F2AB42D1CD6
2019-09-20 08:19:24,884 [main] INFO  util.JmxRegister (JmxRegister.java:unregister(73)) - Successfully un-registered JMX Bean with object name Ratis:service=RaftServer,group=group-6FCB09FDF56C,id=00188cad-157e-4dc5-9e27-ca4a6687ede8
2019-09-20 08:19:24,885 [ForkJoinPool.commonPool-worker-0] INFO  util.JmxRegister (JmxRegister.java:unregister(73)) - Successfully un-registered JMX Bean with object name Ratis:service=RaftServer,group=group-2F2AB42D1CD6,id=00188cad-157e-4dc5-9e27-ca4a6687ede8
2019-09-20 08:19:24,885 [main] INFO  impl.RoleInfo (RoleInfo.java:shutdownLeaderState(104)) - 00188cad-157e-4dc5-9e27-ca4a6687ede8: shutdown LeaderState
2019-09-20 08:19:24,885 [ForkJoinPool.commonPool-worker-0] INFO  impl.RoleInfo (RoleInfo.java:shutdownLeaderState(104)) - 00188cad-157e-4dc5-9e27-ca4a6687ede8: shutdown LeaderState
2019-09-20 08:19:24,886 [main] INFO  impl.PendingRequests (PendingRequests.java:sendNotLeaderResponses(202)) - 00188cad-157e-4dc5-9e27-ca4a6687ede8-PendingRequests: sendNotLeaderResponses
2019-09-20 08:19:24,886 [ForkJoinPool.commonPool-worker-0] INFO  impl.PendingRequests (PendingRequests.java:sendNotLeaderResponses(202)) - 00188cad-157e-4dc5-9e27-ca4a6687ede8-PendingRequests: sendNotLeaderResponses
2019-09-20 08:19:24,886 [main] INFO  impl.StateMachineUpdater (StateMachineUpdater.java:stopAndJoin(115)) - StateMachineUpdater:00188cad-157e-4dc5-9e27-ca4a6687ede8:group-6FCB09FDF56C: set stopIndex = 0
2019-09-20 08:19:24,887 [main] INFO  impl.RaftServerImpl (ServerState.java:close(394)) - 00188cad-157e-4dc5-9e27-ca4a6687ede8:group-6FCB09FDF56C closes. The last applied log index is 0
2019-09-20 08:19:24,887 [ForkJoinPool.commonPool-worker-0] INFO  impl.StateMachineUpdater (StateMachineUpdater.java:stopAndJoin(115)) - StateMachineUpdater:00188cad-157e-4dc5-9e27-ca4a6687ede8:group-2F2AB42D1CD6: set stopIndex = 0
2019-09-20 08:19:24,888 [00188cad-157e-4dc5-9e27-ca4a6687ede8-SegmentedRaftLogWorker:Storage Directory /workdir/hadoop-ozone/ozonefs/target/test-dir/MiniOzoneClusterImpl-0ef8af2c-8d39-4a42-bdc9-6bbcc43100a2/datanode-2/data/ratis/f2c9dae2-1cdf-4edf-b84e-6fcb09fdf56c] INFO  segmented.SegmentedRaftLogWorker (SegmentedRaftLogWorker.java:run(313)) - 00188cad-157e-4dc5-9e27-ca4a6687ede8-SegmentedRaftLogWorker:Storage Directory /workdir/hadoop-ozone/ozonefs/target/test-dir/MiniOzoneClusterImpl-0ef8af2c-8d39-4a42-bdc9-6bbcc43100a2/datanode-2/data/ratis/f2c9dae2-1cdf-4edf-b84e-6fcb09fdf56c was interrupted, exiting. There are 0 tasks remaining in the queue.
2019-09-20 08:19:24,888 [ForkJoinPool.commonPool-worker-0] INFO  impl.RaftServerImpl (ServerState.java:close(394)) - 00188cad-157e-4dc5-9e27-ca4a6687ede8:group-2F2AB42D1CD6 closes. The last applied log index is 0
2019-09-20 08:19:24,888 [main] INFO  segmented.SegmentedRaftLogWorker (SegmentedRaftLogWorker.java:close(228)) - 00188cad-157e-4dc5-9e27-ca4a6687ede8-SegmentedRaftLogWorker:Storage Directory /workdir/hadoop-ozone/ozonefs/target/test-dir/MiniOzoneClusterImpl-0ef8af2c-8d39-4a42-bdc9-6bbcc43100a2/datanode-2/data/ratis/f2c9dae2-1cdf-4edf-b84e-6fcb09fdf56c close()
2019-09-20 08:19:24,888 [00188cad-157e-4dc5-9e27-ca4a6687ede8-SegmentedRaftLogWorker:Storage Directory /workdir/hadoop-ozone/ozonefs/target/test-dir/MiniOzoneClusterImpl-0ef8af2c-8d39-4a42-bdc9-6bbcc43100a2/datanode-2/data/ratis/c6a1b373-4128-44c9-afc9-2f2ab42d1cd6] INFO  segmented.SegmentedRaftLogWorker (SegmentedRaftLogWorker.java:run(313)) - 00188cad-157e-4dc5-9e27-ca4a6687ede8-SegmentedRaftLogWorker:Storage Directory /workdir/hadoop-ozone/ozonefs/target/test-dir/MiniOzoneClusterImpl-0ef8af2c-8d39-4a42-bdc9-6bbcc43100a2/datanode-2/data/ratis/c6a1b373-4128-44c9-afc9-2f2ab42d1cd6 was interrupted, exiting. There are 0 tasks remaining in the queue.
2019-09-20 08:19:24,890 [ForkJoinPool.commonPool-worker-0] INFO  segmented.SegmentedRaftLogWorker (SegmentedRaftLogWorker.java:close(228)) - 00188cad-157e-4dc5-9e27-ca4a6687ede8-SegmentedRaftLogWorker:Storage Directory /workdir/hadoop-ozone/ozonefs/target/test-dir/MiniOzoneClusterImpl-0ef8af2c-8d39-4a42-bdc9-6bbcc43100a2/datanode-2/data/ratis/c6a1b373-4128-44c9-afc9-2f2ab42d1cd6 close()
2019-09-20 08:19:24,891 [main] INFO  server.GrpcService (GrpcService.java:closeImpl(155)) - 00188cad-157e-4dc5-9e27-ca4a6687ede8: shutdown server with port 35096 now
2019-09-20 08:19:24,893 [main] INFO  server.GrpcService (GrpcService.java:closeImpl(163)) - 00188cad-157e-4dc5-9e27-ca4a6687ede8: shutdown server with port 35096 successfully
2019-09-20 08:19:24,895 [main] INFO  utils.BackgroundService (BackgroundService.java:shutdown(148)) - Shutting down service BlockDeletingService
2019-09-20 08:19:24,897 [refreshUsed-/workdir/hadoop-ozone/ozonefs/target/test-dir/MiniOzoneClusterImpl-0ef8af2c-8d39-4a42-bdc9-6bbcc43100a2/datanode-2/data/containers] WARN  fs.CachingGetSpaceUsed (CachingGetSpaceUsed.java:run(183)) - Thread Interrupted waiting to refresh disk information: sleep interrupted
2019-09-20 08:19:24,927 [main] INFO  statemachine.DatanodeStateMachine (DatanodeStateMachine.java:stopDaemon(395)) - Ozone container server stopped.
2019-09-20 08:19:24,929 [main] INFO  handler.ContextHandler (ContextHandler.java:doStop(910)) - Stopped o.e.j.w.WebAppContext@4295b0b8{/,null,UNAVAILABLE}{/hddsDatanode}
2019-09-20 08:19:24,930 [main] INFO  server.AbstractConnector (AbstractConnector.java:doStop(318)) - Stopped ServerConnector@ab8b1ef{HTTP/1.1,[http/1.1]}{0.0.0.0:0}
2019-09-20 08:19:24,930 [main] INFO  handler.ContextHandler (ContextHandler.java:doStop(910)) - Stopped o.e.j.s.ServletContextHandler@19bd1f98{/static,jar:file:/home/user/.m2/repository/org/apache/hadoop/hadoop-hdds-container-service/0.5.0-SNAPSHOT/hadoop-hdds-container-service-0.5.0-SNAPSHOT.jar!/webapps/static,UNAVAILABLE}
2019-09-20 08:19:24,931 [main] INFO  handler.ContextHandler (ContextHandler.java:doStop(910)) - Stopped o.e.j.s.ServletContextHandler@6e11d059{/logs,file:///workdir/hadoop-ozone/ozonefs/target/log,UNAVAILABLE}
2019-09-20 08:19:24,932 [main] INFO  ozone.MiniOzoneClusterImpl (MiniOzoneClusterImpl.java:stop(353)) - Stopping the StorageContainerManager
2019-09-20 08:19:24,932 [main] INFO  server.StorageContainerManager (StorageContainerManager.java:stop(797)) - Stopping Replication Manager Service.
2019-09-20 08:19:24,932 [main] INFO  container.ReplicationManager (ReplicationManager.java:stop(192)) - Stopping Replication Monitor Thread.
2019-09-20 08:19:24,932 [main] INFO  server.StorageContainerManager (StorageContainerManager.java:stop(804)) - Stopping Lease Manager of the command watchers
2019-09-20 08:19:24,933 [main] INFO  server.StorageContainerManager (StorageContainerManager.java:stop(811)) - Stopping datanode service RPC server
2019-09-20 08:19:24,933 [main] INFO  server.SCMDatanodeProtocolServer (SCMDatanodeProtocolServer.java:stop(367)) - Stopping the RPC server for DataNodes
2019-09-20 08:19:24,933 [main] INFO  ipc.Server (Server.java:stop(3082)) - Stopping server on 38730
2019-09-20 08:19:24,936 [IPC Server listener on 38730] INFO  ipc.Server (Server.java:run(1185)) - Stopping IPC Server listener on 38730
2019-09-20 08:19:24,936 [IPC Server Responder] INFO  ipc.Server (Server.java:run(1319)) - Stopping IPC Server Responder
2019-09-20 08:19:24,951 [SCM Heartbeat Processing Thread - 0] WARN  node.NodeStateManager (NodeStateManager.java:scheduleNextHealthCheck(655)) - Current Thread is interrupted, shutting down HB processing thread for Node Manager.
2019-09-20 08:19:24,952 [main] INFO  server.StorageContainerManager (StorageContainerManager.java:stop(819)) - Stopping block service RPC server
2019-09-20 08:19:24,952 [main] INFO  server.SCMBlockProtocolServer (SCMBlockProtocolServer.java:stop(148)) - Stopping the RPC server for Block Protocol
2019-09-20 08:19:24,952 [main] INFO  ipc.Server (Server.java:stop(3082)) - Stopping server on 46555
2019-09-20 08:19:24,966 [IPC Server listener on 46555] INFO  ipc.Server (Server.java:run(1185)) - Stopping IPC Server listener on 46555
2019-09-20 08:19:24,967 [main] INFO  server.StorageContainerManager (StorageContainerManager.java:stop(826)) - Stopping the StorageContainerLocationProtocol RPC server
2019-09-20 08:19:24,968 [main] INFO  server.SCMClientProtocolServer (SCMClientProtocolServer.java:stop(159)) - Stopping the RPC server for Client Protocol
2019-09-20 08:19:24,968 [main] INFO  ipc.Server (Server.java:stop(3082)) - Stopping server on 46202
2019-09-20 08:19:24,966 [IPC Server Responder] INFO  ipc.Server (Server.java:run(1319)) - Stopping IPC Server Responder
2019-09-20 08:19:24,972 [IPC Server listener on 46202] INFO  ipc.Server (Server.java:run(1185)) - Stopping IPC Server listener on 46202
2019-09-20 08:19:24,972 [IPC Server Responder] INFO  ipc.Server (Server.java:run(1319)) - Stopping IPC Server Responder
2019-09-20 08:19:24,972 [main] INFO  server.StorageContainerManager (StorageContainerManager.java:stop(833)) - Stopping Storage Container Manager HTTP server.
2019-09-20 08:19:24,976 [main] INFO  handler.ContextHandler (ContextHandler.java:doStop(910)) - Stopped o.e.j.w.WebAppContext@481d6644{/,null,UNAVAILABLE}{/scm}
2019-09-20 08:19:24,977 [main] INFO  server.AbstractConnector (AbstractConnector.java:doStop(318)) - Stopped ServerConnector@3d3362f5{HTTP/1.1,[http/1.1]}{0.0.0.0:0}
2019-09-20 08:19:24,978 [main] INFO  handler.ContextHandler (ContextHandler.java:doStop(910)) - Stopped o.e.j.s.ServletContextHandler@519e110b{/static,jar:file:/home/user/.m2/repository/org/apache/hadoop/hadoop-hdds-server-scm/0.5.0-SNAPSHOT/hadoop-hdds-server-scm-0.5.0-SNAPSHOT.jar!/webapps/static,UNAVAILABLE}
2019-09-20 08:19:24,978 [main] INFO  handler.ContextHandler (ContextHandler.java:doStop(910)) - Stopped o.e.j.s.ServletContextHandler@4fbd0d1{/logs,file:///workdir/hadoop-ozone/ozonefs/target/log,UNAVAILABLE}
2019-09-20 08:19:24,980 [main] INFO  server.StorageContainerManager (StorageContainerManager.java:stop(844)) - Stopping Block Manager Service.
2019-09-20 08:19:24,980 [main] INFO  utils.BackgroundService (BackgroundService.java:shutdown(148)) - Shutting down service SCMBlockDeletingService
2019-09-20 08:19:24,981 [main] INFO  utils.BackgroundService (BackgroundService.java:shutdown(148)) - Shutting down service SCMBlockDeletingService
2019-09-20 08:19:24,981 [main] INFO  server.StorageContainerManager (StorageContainerManager.java:stop(866)) - Stopping SCM Event Queue.
2019-09-20 08:19:24,989 [main] INFO  impl.MetricsSystemImpl (MetricsSystemImpl.java:stop(210)) - Stopping HddsDatanode metrics system...
2019-09-20 08:19:25,002 [main] INFO  impl.MetricsSystemImpl (MetricsSystemImpl.java:stop(216)) - HddsDatanode metrics system stopped.
]]></system-out>
    <system-err><![CDATA[Sep 20, 2019 8:19:08 AM com.sun.jersey.server.impl.application.WebApplicationImpl _initiate
INFO: Initiating Jersey application, version 'Jersey: 1.19 02/11/2015 03:25 AM'
Sep 20, 2019 8:19:08 AM com.sun.jersey.server.impl.application.WebApplicationImpl _initiate
INFO: Initiating Jersey application, version 'Jersey: 1.19 02/11/2015 03:25 AM'
Sep 20, 2019 8:19:09 AM com.sun.jersey.server.impl.application.WebApplicationImpl _initiate
INFO: Initiating Jersey application, version 'Jersey: 1.19 02/11/2015 03:25 AM'
Sep 20, 2019 8:19:14 AM com.sun.jersey.server.impl.application.WebApplicationImpl _initiate
INFO: Initiating Jersey application, version 'Jersey: 1.19 02/11/2015 03:25 AM'
]]></system-err>
  </testcase>
</testsuite>