<?xml version="1.0" encoding="UTF-8"?>
<testsuite xmlns:xsi="http://www.w3.org/2001/XMLSchema-instance" xsi:noNamespaceSchemaLocation="https://maven.apache.org/surefire/maven-surefire-plugin/xsd/surefire-test-report.xsd" name="org.apache.hadoop.hdds.scm.pipeline.TestNodeFailure" time="29.193" tests="1" errors="1" skipped="0" failures="0">
  <properties>
    <property name="awt.toolkit" value="sun.awt.X11.XToolkit"/>
    <property name="file.encoding.pkg" value="sun.io"/>
    <property name="java.specification.version" value="1.8"/>
    <property name="sun.cpu.isalist" value=""/>
    <property name="sun.jnu.encoding" value="UTF-8"/>
    <property name="java.class.path" value="/workdir/hadoop-ozone/integration-test/target/test-classes:/workdir/hadoop-ozone/integration-test/target/classes:/home/user/.m2/repository/org/apache/hadoop/hadoop-ozone-common/0.5.0-SNAPSHOT/hadoop-ozone-common-0.5.0-SNAPSHOT.jar:/home/user/.m2/repository/org/apache/commons/commons-compress/1.4.1/commons-compress-1.4.1.jar:/home/user/.m2/repository/org/tukaani/xz/1.0/xz-1.0.jar:/home/user/.m2/repository/org/apache/hadoop/hadoop-common/3.2.0/hadoop-common-3.2.0.jar:/home/user/.m2/repository/org/apache/hadoop/hadoop-hdfs/3.2.0/hadoop-hdfs-3.2.0.jar:/home/user/.m2/repository/org/apache/hadoop/hadoop-hdfs-client/3.2.0/hadoop-hdfs-client-3.2.0.jar:/home/user/.m2/repository/com/fasterxml/jackson/core/jackson-annotations/2.9.9/jackson-annotations-2.9.9.jar:/home/user/.m2/repository/org/apache/hadoop/hadoop-hdds-common/0.5.0-SNAPSHOT/hadoop-hdds-common-0.5.0-SNAPSHOT.jar:/home/user/.m2/repository/javax/annotation/javax.annotation-api/1.2/javax.annotation-api-1.2.jar:/home/user/.m2/repository/org/apache/ratis/ratis-server/0.4.0/ratis-server-0.4.0.jar:/home/user/.m2/repository/org/apache/ratis/ratis-thirdparty-misc/0.2.0/ratis-thirdparty-misc-0.2.0.jar:/home/user/.m2/repository/org/apache/ratis/ratis-proto/0.4.0/ratis-proto-0.4.0.jar:/home/user/.m2/repository/org/apache/ratis/ratis-common/0.4.0/ratis-common-0.4.0.jar:/home/user/.m2/repository/org/apache/ratis/ratis-client/0.4.0/ratis-client-0.4.0.jar:/home/user/.m2/repository/org/apache/ratis/ratis-metrics/0.4.0/ratis-metrics-0.4.0.jar:/home/user/.m2/repository/com/github/joshelser/dropwizard-metrics-hadoop-metrics2-reporter/0.1.2/dropwizard-metrics-hadoop-metrics2-reporter-0.1.2.jar:/home/user/.m2/repository/io/dropwizard/metrics/metrics-jvm/3.2.5/metrics-jvm-3.2.5.jar:/home/user/.m2/repository/io/dropwizard/metrics/metrics-ganglia/3.2.5/metrics-ganglia-3.2.5.jar:/home/user/.m2/repository/info/ganglia/gmetric4j/gmetric4j/1.0.7/gmetric4j-1.0.7.jar:/home/user/.m2/repository/org/apache/ratis/ratis-netty/0.4.0/ratis-netty-0.4.0.jar:/home/user/.m2/repository/org/apache/ratis/ratis-grpc/0.4.0/ratis-grpc-0.4.0.jar:/home/user/.m2/repository/org/rocksdb/rocksdbjni/6.0.1/rocksdbjni-6.0.1.jar:/home/user/.m2/repository/org/apache/logging/log4j/log4j-api/2.11.0/log4j-api-2.11.0.jar:/home/user/.m2/repository/org/apache/logging/log4j/log4j-core/2.11.0/log4j-core-2.11.0.jar:/home/user/.m2/repository/com/lmax/disruptor/3.4.2/disruptor-3.4.2.jar:/home/user/.m2/repository/org/apache/commons/commons-pool2/2.6.0/commons-pool2-2.6.0.jar:/home/user/.m2/repository/org/bouncycastle/bcpkix-jdk15on/1.60/bcpkix-jdk15on-1.60.jar:/home/user/.m2/repository/commons-validator/commons-validator/1.6/commons-validator-1.6.jar:/home/user/.m2/repository/commons-digester/commons-digester/1.8.1/commons-digester-1.8.1.jar:/home/user/.m2/repository/io/jaegertracing/jaeger-client/0.34.0/jaeger-client-0.34.0.jar:/home/user/.m2/repository/io/jaegertracing/jaeger-thrift/0.34.0/jaeger-thrift-0.34.0.jar:/home/user/.m2/repository/org/apache/thrift/libthrift/0.12.0/libthrift-0.12.0.jar:/home/user/.m2/repository/com/squareup/okhttp3/okhttp/3.9.0/okhttp-3.9.0.jar:/home/user/.m2/repository/com/squareup/okio/okio/1.13.0/okio-1.13.0.jar:/home/user/.m2/repository/io/jaegertracing/jaeger-core/0.34.0/jaeger-core-0.34.0.jar:/home/user/.m2/repository/io/jaegertracing/jaeger-tracerresolver/0.34.0/jaeger-tracerresolver-0.34.0.jar:/home/user/.m2/repository/io/opentracing/contrib/opentracing-tracerresolver/0.1.5/opentracing-tracerresolver-0.1.5.jar:/home/user/.m2/repository/io/opentracing/opentracing-util/0.31.0/opentracing-util-0.31.0.jar:/home/user/.m2/repository/io/opentracing/opentracing-api/0.31.0/opentracing-api-0.31.0.jar:/home/user/.m2/repository/io/opentracing/opentracing-noop/0.31.0/opentracing-noop-0.31.0.jar:/home/user/.m2/repository/org/apache/hadoop/hadoop-hdds-server-framework/0.5.0-SNAPSHOT/hadoop-hdds-server-framework-0.5.0-SNAPSHOT.jar:/home/user/.m2/repository/org/apache/hadoop/hadoop-hdds-container-service/0.5.0-SNAPSHOT/hadoop-hdds-container-service-0.5.0-SNAPSHOT.jar:/home/user/.m2/repository/org/apache/hadoop/hadoop-hdds-client/0.5.0-SNAPSHOT/hadoop-hdds-client-0.5.0-SNAPSHOT.jar:/home/user/.m2/repository/org/apache/hadoop/hadoop-hdds-tools/0.5.0-SNAPSHOT/hadoop-hdds-tools-0.5.0-SNAPSHOT.jar:/home/user/.m2/repository/org/apache/hadoop/hadoop-hdds-server-scm/0.5.0-SNAPSHOT/hadoop-hdds-server-scm-0.5.0-SNAPSHOT.jar:/home/user/.m2/repository/org/apache/hadoop/hadoop-hdds-docs/0.5.0-SNAPSHOT/hadoop-hdds-docs-0.5.0-SNAPSHOT.jar:/home/user/.m2/repository/io/dropwizard/metrics/metrics-core/3.2.4/metrics-core-3.2.4.jar:/home/user/.m2/repository/org/hamcrest/hamcrest-all/1.3/hamcrest-all-1.3.jar:/home/user/.m2/repository/org/bouncycastle/bcprov-jdk15on/1.60/bcprov-jdk15on-1.60.jar:/home/user/.m2/repository/info/picocli/picocli/3.9.6/picocli-3.9.6.jar:/home/user/.m2/repository/com/google/protobuf/protobuf-java/2.5.0/protobuf-java-2.5.0.jar:/home/user/.m2/repository/com/google/guava/guava/11.0.2/guava-11.0.2.jar:/home/user/.m2/repository/org/apache/hadoop/hadoop-ozone-ozone-manager/0.5.0-SNAPSHOT/hadoop-ozone-ozone-manager-0.5.0-SNAPSHOT.jar:/home/user/.m2/repository/org/apache/hadoop/hadoop-minikdc/3.2.0/hadoop-minikdc-3.2.0.jar:/home/user/.m2/repository/commons-io/commons-io/2.5/commons-io-2.5.jar:/home/user/.m2/repository/org/apache/kerby/kerb-simplekdc/1.0.1/kerb-simplekdc-1.0.1.jar:/home/user/.m2/repository/org/apache/kerby/kerb-client/1.0.1/kerb-client-1.0.1.jar:/home/user/.m2/repository/org/apache/kerby/kerby-config/1.0.1/kerby-config-1.0.1.jar:/home/user/.m2/repository/org/apache/kerby/kerb-core/1.0.1/kerb-core-1.0.1.jar:/home/user/.m2/repository/org/apache/kerby/kerby-pkix/1.0.1/kerby-pkix-1.0.1.jar:/home/user/.m2/repository/org/apache/kerby/kerby-asn1/1.0.1/kerby-asn1-1.0.1.jar:/home/user/.m2/repository/org/apache/kerby/kerby-util/1.0.1/kerby-util-1.0.1.jar:/home/user/.m2/repository/org/apache/kerby/kerb-common/1.0.1/kerb-common-1.0.1.jar:/home/user/.m2/repository/org/apache/kerby/kerb-crypto/1.0.1/kerb-crypto-1.0.1.jar:/home/user/.m2/repository/org/apache/kerby/kerb-util/1.0.1/kerb-util-1.0.1.jar:/home/user/.m2/repository/org/apache/kerby/token-provider/1.0.1/token-provider-1.0.1.jar:/home/user/.m2/repository/org/apache/kerby/kerb-admin/1.0.1/kerb-admin-1.0.1.jar:/home/user/.m2/repository/org/apache/kerby/kerb-server/1.0.1/kerb-server-1.0.1.jar:/home/user/.m2/repository/org/apache/kerby/kerb-identity/1.0.1/kerb-identity-1.0.1.jar:/home/user/.m2/repository/org/apache/kerby/kerby-xdr/1.0.1/kerby-xdr-1.0.1.jar:/home/user/.m2/repository/org/slf4j/slf4j-log4j12/1.7.25/slf4j-log4j12-1.7.25.jar:/home/user/.m2/repository/org/apache/hadoop/hadoop-ozone-s3gateway/0.5.0-SNAPSHOT/hadoop-ozone-s3gateway-0.5.0-SNAPSHOT.jar:/home/user/.m2/repository/org/jboss/weld/servlet/weld-servlet/2.4.7.Final/weld-servlet-2.4.7.Final.jar:/home/user/.m2/repository/org/glassfish/jersey/containers/jersey-container-servlet-core/2.27/jersey-container-servlet-core-2.27.jar:/home/user/.m2/repository/org/glassfish/hk2/external/javax.inject/2.5.0-b42/javax.inject-2.5.0-b42.jar:/home/user/.m2/repository/org/glassfish/jersey/core/jersey-common/2.27/jersey-common-2.27.jar:/home/user/.m2/repository/org/glassfish/hk2/osgi-resource-locator/1.0.1/osgi-resource-locator-1.0.1.jar:/home/user/.m2/repository/javax/ws/rs/javax.ws.rs-api/2.1/javax.ws.rs-api-2.1.jar:/home/user/.m2/repository/org/glassfish/jersey/ext/cdi/jersey-cdi1x/2.27/jersey-cdi1x-2.27.jar:/home/user/.m2/repository/org/glassfish/jersey/inject/jersey-hk2/2.27/jersey-hk2-2.27.jar:/home/user/.m2/repository/org/glassfish/hk2/hk2-locator/2.5.0-b42/hk2-locator-2.5.0-b42.jar:/home/user/.m2/repository/org/javassist/javassist/3.22.0-CR2/javassist-3.22.0-CR2.jar:/home/user/.m2/repository/org/glassfish/hk2/hk2-api/2.5.0/hk2-api-2.5.0.jar:/home/user/.m2/repository/org/glassfish/hk2/external/jakarta.inject/2.5.0/jakarta.inject-2.5.0.jar:/home/user/.m2/repository/org/glassfish/hk2/hk2-utils/2.5.0/hk2-utils-2.5.0.jar:/home/user/.m2/repository/jakarta/annotation/jakarta.annotation-api/1.3.4/jakarta.annotation-api-1.3.4.jar:/home/user/.m2/repository/org/glassfish/hk2/external/aopalliance-repackaged/2.5.0/aopalliance-repackaged-2.5.0.jar:/home/user/.m2/repository/com/fasterxml/jackson/dataformat/jackson-dataformat-xml/2.9.0/jackson-dataformat-xml-2.9.0.jar:/home/user/.m2/repository/com/fasterxml/jackson/core/jackson-core/2.9.9/jackson-core-2.9.9.jar:/home/user/.m2/repository/com/fasterxml/jackson/module/jackson-module-jaxb-annotations/2.9.9/jackson-module-jaxb-annotations-2.9.9.jar:/home/user/.m2/repository/javax/enterprise/cdi-api/1.2/cdi-api-1.2.jar:/home/user/.m2/repository/javax/el/javax.el-api/3.0.0/javax.el-api-3.0.0.jar:/home/user/.m2/repository/javax/interceptor/javax.interceptor-api/1.2/javax.interceptor-api-1.2.jar:/home/user/.m2/repository/javax/inject/javax.inject/1/javax.inject-1.jar:/home/user/.m2/repository/com/sun/xml/bind/jaxb-impl/2.3.0.1/jaxb-impl-2.3.0.1.jar:/home/user/.m2/repository/com/sun/xml/bind/jaxb-core/2.3.0.1/jaxb-core-2.3.0.1.jar:/home/user/.m2/repository/javax/xml/bind/jaxb-api/2.3.0/jaxb-api-2.3.0.jar:/home/user/.m2/repository/javax/activation/activation/1.1.1/activation-1.1.1.jar:/home/user/.m2/repository/org/apache/hadoop/hadoop-ozone-csi/0.5.0-SNAPSHOT/hadoop-ozone-csi-0.5.0-SNAPSHOT.jar:/home/user/.m2/repository/com/google/protobuf/protobuf-java-util/3.5.1/protobuf-java-util-3.5.1.jar:/home/user/.m2/repository/org/apache/hadoop/hadoop-hdds-config/0.5.0-SNAPSHOT/hadoop-hdds-config-0.5.0-SNAPSHOT.jar:/home/user/.m2/repository/io/grpc/grpc-netty/1.17.1/grpc-netty-1.17.1.jar:/home/user/.m2/repository/io/grpc/grpc-core/1.17.1/grpc-core-1.17.1.jar:/home/user/.m2/repository/io/grpc/grpc-context/1.17.1/grpc-context-1.17.1.jar:/home/user/.m2/repository/com/google/errorprone/error_prone_annotations/2.2.0/error_prone_annotations-2.2.0.jar:/home/user/.m2/repository/org/codehaus/mojo/animal-sniffer-annotations/1.17/animal-sniffer-annotations-1.17.jar:/home/user/.m2/repository/io/opencensus/opencensus-api/0.17.0/opencensus-api-0.17.0.jar:/home/user/.m2/repository/io/opencensus/opencensus-contrib-grpc-metrics/0.17.0/opencensus-contrib-grpc-metrics-0.17.0.jar:/home/user/.m2/repository/io/netty/netty-codec-http2/4.1.30.Final/netty-codec-http2-4.1.30.Final.jar:/home/user/.m2/repository/io/netty/netty-codec-http/4.1.30.Final/netty-codec-http-4.1.30.Final.jar:/home/user/.m2/repository/io/netty/netty-codec/4.1.30.Final/netty-codec-4.1.30.Final.jar:/home/user/.m2/repository/io/netty/netty-handler/4.1.30.Final/netty-handler-4.1.30.Final.jar:/home/user/.m2/repository/io/netty/netty-handler-proxy/4.1.30.Final/netty-handler-proxy-4.1.30.Final.jar:/home/user/.m2/repository/io/netty/netty-codec-socks/4.1.30.Final/netty-codec-socks-4.1.30.Final.jar:/home/user/.m2/repository/io/netty/netty-transport-native-epoll/4.1.30.Final/netty-transport-native-epoll-4.1.30.Final.jar:/home/user/.m2/repository/io/netty/netty-common/4.1.30.Final/netty-common-4.1.30.Final.jar:/home/user/.m2/repository/io/netty/netty-buffer/4.1.30.Final/netty-buffer-4.1.30.Final.jar:/home/user/.m2/repository/io/netty/netty-transport/4.1.30.Final/netty-transport-4.1.30.Final.jar:/home/user/.m2/repository/io/netty/netty-resolver/4.1.30.Final/netty-resolver-4.1.30.Final.jar:/home/user/.m2/repository/io/netty/netty-transport-native-unix-common/4.1.30.Final/netty-transport-native-unix-common-4.1.30.Final.jar:/home/user/.m2/repository/io/grpc/grpc-protobuf/1.17.1/grpc-protobuf-1.17.1.jar:/home/user/.m2/repository/com/google/api/grpc/proto-google-common-protos/1.0.0/proto-google-common-protos-1.0.0.jar:/home/user/.m2/repository/io/grpc/grpc-protobuf-lite/1.17.1/grpc-protobuf-lite-1.17.1.jar:/home/user/.m2/repository/io/grpc/grpc-stub/1.17.1/grpc-stub-1.17.1.jar:/home/user/.m2/repository/org/apache/hadoop/hadoop-ozone-recon/0.5.0-SNAPSHOT/hadoop-ozone-recon-0.5.0-SNAPSHOT.jar:/home/user/.m2/repository/org/apache/hadoop/hadoop-ozone-reconcodegen/0.5.0-SNAPSHOT/hadoop-ozone-reconcodegen-0.5.0-SNAPSHOT.jar:/home/user/.m2/repository/com/google/inject/extensions/guice-multibindings/4.0/guice-multibindings-4.0.jar:/home/user/.m2/repository/com/google/inject/guice/4.0/guice-4.0.jar:/home/user/.m2/repository/aopalliance/aopalliance/1.0/aopalliance-1.0.jar:/home/user/.m2/repository/com/google/inject/extensions/guice-servlet/4.0/guice-servlet-4.0.jar:/home/user/.m2/repository/org/glassfish/jersey/containers/jersey-container-servlet/2.27/jersey-container-servlet-2.27.jar:/home/user/.m2/repository/org/glassfish/hk2/guice-bridge/2.5.0/guice-bridge-2.5.0.jar:/home/user/.m2/repository/org/glassfish/jersey/core/jersey-server/2.27/jersey-server-2.27.jar:/home/user/.m2/repository/org/glassfish/jersey/core/jersey-client/2.27/jersey-client-2.27.jar:/home/user/.m2/repository/org/glassfish/jersey/media/jersey-media-jaxb/2.27/jersey-media-jaxb-2.27.jar:/home/user/.m2/repository/javax/validation/validation-api/1.1.0.Final/validation-api-1.1.0.Final.jar:/home/user/.m2/repository/org/glassfish/jersey/media/jersey-media-json-jackson/2.27/jersey-media-json-jackson-2.27.jar:/home/user/.m2/repository/org/glassfish/jersey/ext/jersey-entity-filtering/2.27/jersey-entity-filtering-2.27.jar:/home/user/.m2/repository/com/google/inject/extensions/guice-assistedinject/4.0/guice-assistedinject-4.0.jar:/home/user/.m2/repository/org/jooq/jooq/3.11.10/jooq-3.11.10.jar:/home/user/.m2/repository/org/jooq/jooq-meta/3.11.10/jooq-meta-3.11.10.jar:/home/user/.m2/repository/org/jooq/jooq-codegen/3.11.10/jooq-codegen-3.11.10.jar:/home/user/.m2/repository/com/jolbox/bonecp/0.8.0.RELEASE/bonecp-0.8.0.RELEASE.jar:/home/user/.m2/repository/org/xerial/sqlite-jdbc/3.25.2/sqlite-jdbc-3.25.2.jar:/home/user/.m2/repository/org/springframework/spring-jdbc/5.1.3.RELEASE/spring-jdbc-5.1.3.RELEASE.jar:/home/user/.m2/repository/org/springframework/spring-beans/5.1.3.RELEASE/spring-beans-5.1.3.RELEASE.jar:/home/user/.m2/repository/org/springframework/spring-core/5.1.3.RELEASE/spring-core-5.1.3.RELEASE.jar:/home/user/.m2/repository/org/springframework/spring-jcl/5.1.3.RELEASE/spring-jcl-5.1.3.RELEASE.jar:/home/user/.m2/repository/org/springframework/spring-tx/5.1.3.RELEASE/spring-tx-5.1.3.RELEASE.jar:/home/user/.m2/repository/org/apache/hadoop/hadoop-ozone-client/0.5.0-SNAPSHOT/hadoop-ozone-client-0.5.0-SNAPSHOT.jar:/home/user/.m2/repository/commons-lang/commons-lang/2.6/commons-lang-2.6.jar:/home/user/.m2/repository/org/apache/hadoop/hadoop-ozone-ozone-manager/0.5.0-SNAPSHOT/hadoop-ozone-ozone-manager-0.5.0-SNAPSHOT-tests.jar:/home/user/.m2/repository/junit/junit/4.11/junit-4.11.jar:/home/user/.m2/repository/org/hamcrest/hamcrest-core/1.3/hamcrest-core-1.3.jar:/home/user/.m2/repository/org/openjdk/jmh/jmh-core/1.19/jmh-core-1.19.jar:/home/user/.m2/repository/net/sf/jopt-simple/jopt-simple/4.6/jopt-simple-4.6.jar:/home/user/.m2/repository/org/apache/commons/commons-math3/3.1.1/commons-math3-3.1.1.jar:/home/user/.m2/repository/org/openjdk/jmh/jmh-generator-annprocess/1.19/jmh-generator-annprocess-1.19.jar:/home/user/.m2/repository/org/mockito/mockito-all/1.8.5/mockito-all-1.8.5.jar:/home/user/.m2/repository/org/apache/hadoop/hadoop-kms/3.2.0/hadoop-kms-3.2.0.jar:/home/user/.m2/repository/org/apache/hadoop/hadoop-auth/3.2.0/hadoop-auth-3.2.0.jar:/home/user/.m2/repository/com/nimbusds/nimbus-jose-jwt/4.41.1/nimbus-jose-jwt-4.41.1.jar:/home/user/.m2/repository/com/github/stephenc/jcip/jcip-annotations/1.0-1/jcip-annotations-1.0-1.jar:/home/user/.m2/repository/net/minidev/json-smart/2.3/json-smart-2.3.jar:/home/user/.m2/repository/net/minidev/accessors-smart/1.2/accessors-smart-1.2.jar:/home/user/.m2/repository/org/ow2/asm/asm/5.0.4/asm-5.0.4.jar:/home/user/.m2/repository/org/apache/curator/curator-framework/2.12.0/curator-framework-2.12.0.jar:/home/user/.m2/repository/com/sun/jersey/jersey-core/1.19/jersey-core-1.19.jar:/home/user/.m2/repository/javax/ws/rs/jsr311-api/1.1.1/jsr311-api-1.1.1.jar:/home/user/.m2/repository/com/sun/jersey/jersey-server/1.19/jersey-server-1.19.jar:/home/user/.m2/repository/javax/servlet/javax.servlet-api/3.1.0/javax.servlet-api-3.1.0.jar:/home/user/.m2/repository/org/eclipse/jetty/jetty-server/9.3.25.v20180904/jetty-server-9.3.25.v20180904.jar:/home/user/.m2/repository/org/eclipse/jetty/jetty-http/9.3.25.v20180904/jetty-http-9.3.25.v20180904.jar:/home/user/.m2/repository/org/eclipse/jetty/jetty-io/9.3.25.v20180904/jetty-io-9.3.25.v20180904.jar:/home/user/.m2/repository/org/eclipse/jetty/jetty-webapp/9.3.25.v20180904/jetty-webapp-9.3.25.v20180904.jar:/home/user/.m2/repository/org/eclipse/jetty/jetty-xml/9.3.25.v20180904/jetty-xml-9.3.25.v20180904.jar:/home/user/.m2/repository/log4j/log4j/1.2.17/log4j-1.2.17.jar:/home/user/.m2/repository/org/slf4j/slf4j-api/1.7.25/slf4j-api-1.7.25.jar:/home/user/.m2/repository/org/slf4j/jul-to-slf4j/1.7.25/jul-to-slf4j-1.7.25.jar:/home/user/.m2/repository/org/eclipse/jetty/jetty-util/9.3.25.v20180904/jetty-util-9.3.25.v20180904.jar:/home/user/.m2/repository/com/fasterxml/jackson/core/jackson-databind/2.9.9/jackson-databind-2.9.9.jar:/home/user/.m2/repository/org/apache/hadoop/hadoop-kms/3.2.0/hadoop-kms-3.2.0-tests.jar:/home/user/.m2/repository/org/apache/hadoop/hadoop-hdds-server-scm/0.5.0-SNAPSHOT/hadoop-hdds-server-scm-0.5.0-SNAPSHOT-tests.jar:/home/user/.m2/repository/org/apache/hadoop/hadoop-hdds-container-service/0.5.0-SNAPSHOT/hadoop-hdds-container-service-0.5.0-SNAPSHOT-tests.jar:/home/user/.m2/repository/org/yaml/snakeyaml/1.16/snakeyaml-1.16.jar:/home/user/.m2/repository/org/apache/hadoop/hadoop-common/3.2.0/hadoop-common-3.2.0-tests.jar:/home/user/.m2/repository/org/apache/hadoop/hadoop-annotations/3.2.0/hadoop-annotations-3.2.0.jar:/usr/lib/jvm/java-1.8-openjdk/jre/../lib/tools.jar:/home/user/.m2/repository/commons-cli/commons-cli/1.2/commons-cli-1.2.jar:/home/user/.m2/repository/org/apache/httpcomponents/httpclient/4.5.2/httpclient-4.5.2.jar:/home/user/.m2/repository/org/apache/httpcomponents/httpcore/4.4.4/httpcore-4.4.4.jar:/home/user/.m2/repository/commons-codec/commons-codec/1.11/commons-codec-1.11.jar:/home/user/.m2/repository/commons-net/commons-net/3.6/commons-net-3.6.jar:/home/user/.m2/repository/commons-collections/commons-collections/3.2.2/commons-collections-3.2.2.jar:/home/user/.m2/repository/org/eclipse/jetty/jetty-servlet/9.3.25.v20180904/jetty-servlet-9.3.25.v20180904.jar:/home/user/.m2/repository/org/eclipse/jetty/jetty-security/9.3.25.v20180904/jetty-security-9.3.25.v20180904.jar:/home/user/.m2/repository/javax/servlet/jsp/jsp-api/2.1/jsp-api-2.1.jar:/home/user/.m2/repository/com/sun/jersey/jersey-servlet/1.19/jersey-servlet-1.19.jar:/home/user/.m2/repository/com/sun/jersey/jersey-json/1.19/jersey-json-1.19.jar:/home/user/.m2/repository/org/codehaus/jettison/jettison/1.1/jettison-1.1.jar:/home/user/.m2/repository/org/codehaus/jackson/jackson-core-asl/1.9.13/jackson-core-asl-1.9.13.jar:/home/user/.m2/repository/org/codehaus/jackson/jackson-mapper-asl/1.9.13/jackson-mapper-asl-1.9.13.jar:/home/user/.m2/repository/org/codehaus/jackson/jackson-jaxrs/1.9.13/jackson-jaxrs-1.9.13.jar:/home/user/.m2/repository/org/codehaus/jackson/jackson-xc/1.9.13/jackson-xc-1.9.13.jar:/home/user/.m2/repository/commons-logging/commons-logging/1.1.3/commons-logging-1.1.3.jar:/home/user/.m2/repository/commons-beanutils/commons-beanutils/1.9.4/commons-beanutils-1.9.4.jar:/home/user/.m2/repository/org/apache/commons/commons-configuration2/2.1.1/commons-configuration2-2.1.1.jar:/home/user/.m2/repository/org/apache/commons/commons-lang3/3.7/commons-lang3-3.7.jar:/home/user/.m2/repository/org/apache/commons/commons-text/1.4/commons-text-1.4.jar:/home/user/.m2/repository/org/apache/avro/avro/1.7.7/avro-1.7.7.jar:/home/user/.m2/repository/com/thoughtworks/paranamer/paranamer/2.3/paranamer-2.3.jar:/home/user/.m2/repository/org/xerial/snappy/snappy-java/1.0.5/snappy-java-1.0.5.jar:/home/user/.m2/repository/com/google/re2j/re2j/1.1/re2j-1.1.jar:/home/user/.m2/repository/com/google/code/gson/gson/2.2.4/gson-2.2.4.jar:/home/user/.m2/repository/com/jcraft/jsch/0.1.54/jsch-0.1.54.jar:/home/user/.m2/repository/org/apache/curator/curator-client/2.12.0/curator-client-2.12.0.jar:/home/user/.m2/repository/org/apache/curator/curator-recipes/2.12.0/curator-recipes-2.12.0.jar:/home/user/.m2/repository/com/google/code/findbugs/jsr305/3.0.0/jsr305-3.0.0.jar:/home/user/.m2/repository/org/apache/htrace/htrace-core4/4.1.0-incubating/htrace-core4-4.1.0-incubating.jar:/home/user/.m2/repository/org/apache/zookeeper/zookeeper/3.4.13/zookeeper-3.4.13.jar:/home/user/.m2/repository/jline/jline/0.9.94/jline-0.9.94.jar:/home/user/.m2/repository/org/apache/yetus/audience-annotations/0.5.0/audience-annotations-0.5.0.jar:/home/user/.m2/repository/org/codehaus/woodstox/stax2-api/3.1.4/stax2-api-3.1.4.jar:/home/user/.m2/repository/com/fasterxml/woodstox/woodstox-core/5.0.3/woodstox-core-5.0.3.jar:/home/user/.m2/repository/dnsjava/dnsjava/2.1.7/dnsjava-2.1.7.jar:/home/user/.m2/repository/org/apache/hadoop/hadoop-hdfs/3.2.0/hadoop-hdfs-3.2.0-tests.jar:/home/user/.m2/repository/org/eclipse/jetty/jetty-util-ajax/9.3.25.v20180904/jetty-util-ajax-9.3.25.v20180904.jar:/home/user/.m2/repository/commons-daemon/commons-daemon/1.0.13/commons-daemon-1.0.13.jar:/home/user/.m2/repository/io/netty/netty/3.10.5.Final/netty-3.10.5.Final.jar:/home/user/.m2/repository/io/netty/netty-all/4.0.52.Final/netty-all-4.0.52.Final.jar:/home/user/.m2/repository/org/fusesource/leveldbjni/leveldbjni-all/1.8/leveldbjni-all-1.8.jar:"/>
    <property name="java.vm.vendor" value="IcedTea"/>
    <property name="sun.arch.data.model" value="64"/>
    <property name="test.build.dir" value="/workdir/hadoop-ozone/integration-test/target/test-dir"/>
    <property name="test.cache.data" value=""/>
    <property name="java.vendor.url" value="https://icedtea.classpath.org"/>
    <property name="user.timezone" value=""/>
    <property name="java.vm.specification.version" value="1.8"/>
    <property name="os.name" value="Linux"/>
    <property name="test.build.data" value="/workdir/hadoop-ozone/integration-test/target/test-dir"/>
    <property name="user.country" value="US"/>
    <property name="sun.java.launcher" value="SUN_STANDARD"/>
    <property name="sun.boot.library.path" value="/usr/lib/jvm/java-1.8-openjdk/jre/lib/amd64"/>
    <property name="sun.java.command" value="/workdir/hadoop-ozone/integration-test/target/surefire/surefirebooter701435880167861015.jar /workdir/hadoop-ozone/integration-test/target/surefire 2019-09-26T09-15-41_457-jvmRun1 surefire6961974962667604563tmp surefire_873316596389253032376tmp"/>
    <property name="test" value="!TestMiniChaosOzoneCluster"/>
    <property name="surefire.test.class.path" value="/workdir/hadoop-ozone/integration-test/target/test-classes:/workdir/hadoop-ozone/integration-test/target/classes:/home/user/.m2/repository/org/apache/hadoop/hadoop-ozone-common/0.5.0-SNAPSHOT/hadoop-ozone-common-0.5.0-SNAPSHOT.jar:/home/user/.m2/repository/org/apache/commons/commons-compress/1.4.1/commons-compress-1.4.1.jar:/home/user/.m2/repository/org/tukaani/xz/1.0/xz-1.0.jar:/home/user/.m2/repository/org/apache/hadoop/hadoop-common/3.2.0/hadoop-common-3.2.0.jar:/home/user/.m2/repository/org/apache/hadoop/hadoop-hdfs/3.2.0/hadoop-hdfs-3.2.0.jar:/home/user/.m2/repository/org/apache/hadoop/hadoop-hdfs-client/3.2.0/hadoop-hdfs-client-3.2.0.jar:/home/user/.m2/repository/com/fasterxml/jackson/core/jackson-annotations/2.9.9/jackson-annotations-2.9.9.jar:/home/user/.m2/repository/org/apache/hadoop/hadoop-hdds-common/0.5.0-SNAPSHOT/hadoop-hdds-common-0.5.0-SNAPSHOT.jar:/home/user/.m2/repository/javax/annotation/javax.annotation-api/1.2/javax.annotation-api-1.2.jar:/home/user/.m2/repository/org/apache/ratis/ratis-server/0.4.0/ratis-server-0.4.0.jar:/home/user/.m2/repository/org/apache/ratis/ratis-thirdparty-misc/0.2.0/ratis-thirdparty-misc-0.2.0.jar:/home/user/.m2/repository/org/apache/ratis/ratis-proto/0.4.0/ratis-proto-0.4.0.jar:/home/user/.m2/repository/org/apache/ratis/ratis-common/0.4.0/ratis-common-0.4.0.jar:/home/user/.m2/repository/org/apache/ratis/ratis-client/0.4.0/ratis-client-0.4.0.jar:/home/user/.m2/repository/org/apache/ratis/ratis-metrics/0.4.0/ratis-metrics-0.4.0.jar:/home/user/.m2/repository/com/github/joshelser/dropwizard-metrics-hadoop-metrics2-reporter/0.1.2/dropwizard-metrics-hadoop-metrics2-reporter-0.1.2.jar:/home/user/.m2/repository/io/dropwizard/metrics/metrics-jvm/3.2.5/metrics-jvm-3.2.5.jar:/home/user/.m2/repository/io/dropwizard/metrics/metrics-ganglia/3.2.5/metrics-ganglia-3.2.5.jar:/home/user/.m2/repository/info/ganglia/gmetric4j/gmetric4j/1.0.7/gmetric4j-1.0.7.jar:/home/user/.m2/repository/org/apache/ratis/ratis-netty/0.4.0/ratis-netty-0.4.0.jar:/home/user/.m2/repository/org/apache/ratis/ratis-grpc/0.4.0/ratis-grpc-0.4.0.jar:/home/user/.m2/repository/org/rocksdb/rocksdbjni/6.0.1/rocksdbjni-6.0.1.jar:/home/user/.m2/repository/org/apache/logging/log4j/log4j-api/2.11.0/log4j-api-2.11.0.jar:/home/user/.m2/repository/org/apache/logging/log4j/log4j-core/2.11.0/log4j-core-2.11.0.jar:/home/user/.m2/repository/com/lmax/disruptor/3.4.2/disruptor-3.4.2.jar:/home/user/.m2/repository/org/apache/commons/commons-pool2/2.6.0/commons-pool2-2.6.0.jar:/home/user/.m2/repository/org/bouncycastle/bcpkix-jdk15on/1.60/bcpkix-jdk15on-1.60.jar:/home/user/.m2/repository/commons-validator/commons-validator/1.6/commons-validator-1.6.jar:/home/user/.m2/repository/commons-digester/commons-digester/1.8.1/commons-digester-1.8.1.jar:/home/user/.m2/repository/io/jaegertracing/jaeger-client/0.34.0/jaeger-client-0.34.0.jar:/home/user/.m2/repository/io/jaegertracing/jaeger-thrift/0.34.0/jaeger-thrift-0.34.0.jar:/home/user/.m2/repository/org/apache/thrift/libthrift/0.12.0/libthrift-0.12.0.jar:/home/user/.m2/repository/com/squareup/okhttp3/okhttp/3.9.0/okhttp-3.9.0.jar:/home/user/.m2/repository/com/squareup/okio/okio/1.13.0/okio-1.13.0.jar:/home/user/.m2/repository/io/jaegertracing/jaeger-core/0.34.0/jaeger-core-0.34.0.jar:/home/user/.m2/repository/io/jaegertracing/jaeger-tracerresolver/0.34.0/jaeger-tracerresolver-0.34.0.jar:/home/user/.m2/repository/io/opentracing/contrib/opentracing-tracerresolver/0.1.5/opentracing-tracerresolver-0.1.5.jar:/home/user/.m2/repository/io/opentracing/opentracing-util/0.31.0/opentracing-util-0.31.0.jar:/home/user/.m2/repository/io/opentracing/opentracing-api/0.31.0/opentracing-api-0.31.0.jar:/home/user/.m2/repository/io/opentracing/opentracing-noop/0.31.0/opentracing-noop-0.31.0.jar:/home/user/.m2/repository/org/apache/hadoop/hadoop-hdds-server-framework/0.5.0-SNAPSHOT/hadoop-hdds-server-framework-0.5.0-SNAPSHOT.jar:/home/user/.m2/repository/org/apache/hadoop/hadoop-hdds-container-service/0.5.0-SNAPSHOT/hadoop-hdds-container-service-0.5.0-SNAPSHOT.jar:/home/user/.m2/repository/org/apache/hadoop/hadoop-hdds-client/0.5.0-SNAPSHOT/hadoop-hdds-client-0.5.0-SNAPSHOT.jar:/home/user/.m2/repository/org/apache/hadoop/hadoop-hdds-tools/0.5.0-SNAPSHOT/hadoop-hdds-tools-0.5.0-SNAPSHOT.jar:/home/user/.m2/repository/org/apache/hadoop/hadoop-hdds-server-scm/0.5.0-SNAPSHOT/hadoop-hdds-server-scm-0.5.0-SNAPSHOT.jar:/home/user/.m2/repository/org/apache/hadoop/hadoop-hdds-docs/0.5.0-SNAPSHOT/hadoop-hdds-docs-0.5.0-SNAPSHOT.jar:/home/user/.m2/repository/io/dropwizard/metrics/metrics-core/3.2.4/metrics-core-3.2.4.jar:/home/user/.m2/repository/org/hamcrest/hamcrest-all/1.3/hamcrest-all-1.3.jar:/home/user/.m2/repository/org/bouncycastle/bcprov-jdk15on/1.60/bcprov-jdk15on-1.60.jar:/home/user/.m2/repository/info/picocli/picocli/3.9.6/picocli-3.9.6.jar:/home/user/.m2/repository/com/google/protobuf/protobuf-java/2.5.0/protobuf-java-2.5.0.jar:/home/user/.m2/repository/com/google/guava/guava/11.0.2/guava-11.0.2.jar:/home/user/.m2/repository/org/apache/hadoop/hadoop-ozone-ozone-manager/0.5.0-SNAPSHOT/hadoop-ozone-ozone-manager-0.5.0-SNAPSHOT.jar:/home/user/.m2/repository/org/apache/hadoop/hadoop-minikdc/3.2.0/hadoop-minikdc-3.2.0.jar:/home/user/.m2/repository/commons-io/commons-io/2.5/commons-io-2.5.jar:/home/user/.m2/repository/org/apache/kerby/kerb-simplekdc/1.0.1/kerb-simplekdc-1.0.1.jar:/home/user/.m2/repository/org/apache/kerby/kerb-client/1.0.1/kerb-client-1.0.1.jar:/home/user/.m2/repository/org/apache/kerby/kerby-config/1.0.1/kerby-config-1.0.1.jar:/home/user/.m2/repository/org/apache/kerby/kerb-core/1.0.1/kerb-core-1.0.1.jar:/home/user/.m2/repository/org/apache/kerby/kerby-pkix/1.0.1/kerby-pkix-1.0.1.jar:/home/user/.m2/repository/org/apache/kerby/kerby-asn1/1.0.1/kerby-asn1-1.0.1.jar:/home/user/.m2/repository/org/apache/kerby/kerby-util/1.0.1/kerby-util-1.0.1.jar:/home/user/.m2/repository/org/apache/kerby/kerb-common/1.0.1/kerb-common-1.0.1.jar:/home/user/.m2/repository/org/apache/kerby/kerb-crypto/1.0.1/kerb-crypto-1.0.1.jar:/home/user/.m2/repository/org/apache/kerby/kerb-util/1.0.1/kerb-util-1.0.1.jar:/home/user/.m2/repository/org/apache/kerby/token-provider/1.0.1/token-provider-1.0.1.jar:/home/user/.m2/repository/org/apache/kerby/kerb-admin/1.0.1/kerb-admin-1.0.1.jar:/home/user/.m2/repository/org/apache/kerby/kerb-server/1.0.1/kerb-server-1.0.1.jar:/home/user/.m2/repository/org/apache/kerby/kerb-identity/1.0.1/kerb-identity-1.0.1.jar:/home/user/.m2/repository/org/apache/kerby/kerby-xdr/1.0.1/kerby-xdr-1.0.1.jar:/home/user/.m2/repository/org/slf4j/slf4j-log4j12/1.7.25/slf4j-log4j12-1.7.25.jar:/home/user/.m2/repository/org/apache/hadoop/hadoop-ozone-s3gateway/0.5.0-SNAPSHOT/hadoop-ozone-s3gateway-0.5.0-SNAPSHOT.jar:/home/user/.m2/repository/org/jboss/weld/servlet/weld-servlet/2.4.7.Final/weld-servlet-2.4.7.Final.jar:/home/user/.m2/repository/org/glassfish/jersey/containers/jersey-container-servlet-core/2.27/jersey-container-servlet-core-2.27.jar:/home/user/.m2/repository/org/glassfish/hk2/external/javax.inject/2.5.0-b42/javax.inject-2.5.0-b42.jar:/home/user/.m2/repository/org/glassfish/jersey/core/jersey-common/2.27/jersey-common-2.27.jar:/home/user/.m2/repository/org/glassfish/hk2/osgi-resource-locator/1.0.1/osgi-resource-locator-1.0.1.jar:/home/user/.m2/repository/javax/ws/rs/javax.ws.rs-api/2.1/javax.ws.rs-api-2.1.jar:/home/user/.m2/repository/org/glassfish/jersey/ext/cdi/jersey-cdi1x/2.27/jersey-cdi1x-2.27.jar:/home/user/.m2/repository/org/glassfish/jersey/inject/jersey-hk2/2.27/jersey-hk2-2.27.jar:/home/user/.m2/repository/org/glassfish/hk2/hk2-locator/2.5.0-b42/hk2-locator-2.5.0-b42.jar:/home/user/.m2/repository/org/javassist/javassist/3.22.0-CR2/javassist-3.22.0-CR2.jar:/home/user/.m2/repository/org/glassfish/hk2/hk2-api/2.5.0/hk2-api-2.5.0.jar:/home/user/.m2/repository/org/glassfish/hk2/external/jakarta.inject/2.5.0/jakarta.inject-2.5.0.jar:/home/user/.m2/repository/org/glassfish/hk2/hk2-utils/2.5.0/hk2-utils-2.5.0.jar:/home/user/.m2/repository/jakarta/annotation/jakarta.annotation-api/1.3.4/jakarta.annotation-api-1.3.4.jar:/home/user/.m2/repository/org/glassfish/hk2/external/aopalliance-repackaged/2.5.0/aopalliance-repackaged-2.5.0.jar:/home/user/.m2/repository/com/fasterxml/jackson/dataformat/jackson-dataformat-xml/2.9.0/jackson-dataformat-xml-2.9.0.jar:/home/user/.m2/repository/com/fasterxml/jackson/core/jackson-core/2.9.9/jackson-core-2.9.9.jar:/home/user/.m2/repository/com/fasterxml/jackson/module/jackson-module-jaxb-annotations/2.9.9/jackson-module-jaxb-annotations-2.9.9.jar:/home/user/.m2/repository/javax/enterprise/cdi-api/1.2/cdi-api-1.2.jar:/home/user/.m2/repository/javax/el/javax.el-api/3.0.0/javax.el-api-3.0.0.jar:/home/user/.m2/repository/javax/interceptor/javax.interceptor-api/1.2/javax.interceptor-api-1.2.jar:/home/user/.m2/repository/javax/inject/javax.inject/1/javax.inject-1.jar:/home/user/.m2/repository/com/sun/xml/bind/jaxb-impl/2.3.0.1/jaxb-impl-2.3.0.1.jar:/home/user/.m2/repository/com/sun/xml/bind/jaxb-core/2.3.0.1/jaxb-core-2.3.0.1.jar:/home/user/.m2/repository/javax/xml/bind/jaxb-api/2.3.0/jaxb-api-2.3.0.jar:/home/user/.m2/repository/javax/activation/activation/1.1.1/activation-1.1.1.jar:/home/user/.m2/repository/org/apache/hadoop/hadoop-ozone-csi/0.5.0-SNAPSHOT/hadoop-ozone-csi-0.5.0-SNAPSHOT.jar:/home/user/.m2/repository/com/google/protobuf/protobuf-java-util/3.5.1/protobuf-java-util-3.5.1.jar:/home/user/.m2/repository/org/apache/hadoop/hadoop-hdds-config/0.5.0-SNAPSHOT/hadoop-hdds-config-0.5.0-SNAPSHOT.jar:/home/user/.m2/repository/io/grpc/grpc-netty/1.17.1/grpc-netty-1.17.1.jar:/home/user/.m2/repository/io/grpc/grpc-core/1.17.1/grpc-core-1.17.1.jar:/home/user/.m2/repository/io/grpc/grpc-context/1.17.1/grpc-context-1.17.1.jar:/home/user/.m2/repository/com/google/errorprone/error_prone_annotations/2.2.0/error_prone_annotations-2.2.0.jar:/home/user/.m2/repository/org/codehaus/mojo/animal-sniffer-annotations/1.17/animal-sniffer-annotations-1.17.jar:/home/user/.m2/repository/io/opencensus/opencensus-api/0.17.0/opencensus-api-0.17.0.jar:/home/user/.m2/repository/io/opencensus/opencensus-contrib-grpc-metrics/0.17.0/opencensus-contrib-grpc-metrics-0.17.0.jar:/home/user/.m2/repository/io/netty/netty-codec-http2/4.1.30.Final/netty-codec-http2-4.1.30.Final.jar:/home/user/.m2/repository/io/netty/netty-codec-http/4.1.30.Final/netty-codec-http-4.1.30.Final.jar:/home/user/.m2/repository/io/netty/netty-codec/4.1.30.Final/netty-codec-4.1.30.Final.jar:/home/user/.m2/repository/io/netty/netty-handler/4.1.30.Final/netty-handler-4.1.30.Final.jar:/home/user/.m2/repository/io/netty/netty-handler-proxy/4.1.30.Final/netty-handler-proxy-4.1.30.Final.jar:/home/user/.m2/repository/io/netty/netty-codec-socks/4.1.30.Final/netty-codec-socks-4.1.30.Final.jar:/home/user/.m2/repository/io/netty/netty-transport-native-epoll/4.1.30.Final/netty-transport-native-epoll-4.1.30.Final.jar:/home/user/.m2/repository/io/netty/netty-common/4.1.30.Final/netty-common-4.1.30.Final.jar:/home/user/.m2/repository/io/netty/netty-buffer/4.1.30.Final/netty-buffer-4.1.30.Final.jar:/home/user/.m2/repository/io/netty/netty-transport/4.1.30.Final/netty-transport-4.1.30.Final.jar:/home/user/.m2/repository/io/netty/netty-resolver/4.1.30.Final/netty-resolver-4.1.30.Final.jar:/home/user/.m2/repository/io/netty/netty-transport-native-unix-common/4.1.30.Final/netty-transport-native-unix-common-4.1.30.Final.jar:/home/user/.m2/repository/io/grpc/grpc-protobuf/1.17.1/grpc-protobuf-1.17.1.jar:/home/user/.m2/repository/com/google/api/grpc/proto-google-common-protos/1.0.0/proto-google-common-protos-1.0.0.jar:/home/user/.m2/repository/io/grpc/grpc-protobuf-lite/1.17.1/grpc-protobuf-lite-1.17.1.jar:/home/user/.m2/repository/io/grpc/grpc-stub/1.17.1/grpc-stub-1.17.1.jar:/home/user/.m2/repository/org/apache/hadoop/hadoop-ozone-recon/0.5.0-SNAPSHOT/hadoop-ozone-recon-0.5.0-SNAPSHOT.jar:/home/user/.m2/repository/org/apache/hadoop/hadoop-ozone-reconcodegen/0.5.0-SNAPSHOT/hadoop-ozone-reconcodegen-0.5.0-SNAPSHOT.jar:/home/user/.m2/repository/com/google/inject/extensions/guice-multibindings/4.0/guice-multibindings-4.0.jar:/home/user/.m2/repository/com/google/inject/guice/4.0/guice-4.0.jar:/home/user/.m2/repository/aopalliance/aopalliance/1.0/aopalliance-1.0.jar:/home/user/.m2/repository/com/google/inject/extensions/guice-servlet/4.0/guice-servlet-4.0.jar:/home/user/.m2/repository/org/glassfish/jersey/containers/jersey-container-servlet/2.27/jersey-container-servlet-2.27.jar:/home/user/.m2/repository/org/glassfish/hk2/guice-bridge/2.5.0/guice-bridge-2.5.0.jar:/home/user/.m2/repository/org/glassfish/jersey/core/jersey-server/2.27/jersey-server-2.27.jar:/home/user/.m2/repository/org/glassfish/jersey/core/jersey-client/2.27/jersey-client-2.27.jar:/home/user/.m2/repository/org/glassfish/jersey/media/jersey-media-jaxb/2.27/jersey-media-jaxb-2.27.jar:/home/user/.m2/repository/javax/validation/validation-api/1.1.0.Final/validation-api-1.1.0.Final.jar:/home/user/.m2/repository/org/glassfish/jersey/media/jersey-media-json-jackson/2.27/jersey-media-json-jackson-2.27.jar:/home/user/.m2/repository/org/glassfish/jersey/ext/jersey-entity-filtering/2.27/jersey-entity-filtering-2.27.jar:/home/user/.m2/repository/com/google/inject/extensions/guice-assistedinject/4.0/guice-assistedinject-4.0.jar:/home/user/.m2/repository/org/jooq/jooq/3.11.10/jooq-3.11.10.jar:/home/user/.m2/repository/org/jooq/jooq-meta/3.11.10/jooq-meta-3.11.10.jar:/home/user/.m2/repository/org/jooq/jooq-codegen/3.11.10/jooq-codegen-3.11.10.jar:/home/user/.m2/repository/com/jolbox/bonecp/0.8.0.RELEASE/bonecp-0.8.0.RELEASE.jar:/home/user/.m2/repository/org/xerial/sqlite-jdbc/3.25.2/sqlite-jdbc-3.25.2.jar:/home/user/.m2/repository/org/springframework/spring-jdbc/5.1.3.RELEASE/spring-jdbc-5.1.3.RELEASE.jar:/home/user/.m2/repository/org/springframework/spring-beans/5.1.3.RELEASE/spring-beans-5.1.3.RELEASE.jar:/home/user/.m2/repository/org/springframework/spring-core/5.1.3.RELEASE/spring-core-5.1.3.RELEASE.jar:/home/user/.m2/repository/org/springframework/spring-jcl/5.1.3.RELEASE/spring-jcl-5.1.3.RELEASE.jar:/home/user/.m2/repository/org/springframework/spring-tx/5.1.3.RELEASE/spring-tx-5.1.3.RELEASE.jar:/home/user/.m2/repository/org/apache/hadoop/hadoop-ozone-client/0.5.0-SNAPSHOT/hadoop-ozone-client-0.5.0-SNAPSHOT.jar:/home/user/.m2/repository/commons-lang/commons-lang/2.6/commons-lang-2.6.jar:/home/user/.m2/repository/org/apache/hadoop/hadoop-ozone-ozone-manager/0.5.0-SNAPSHOT/hadoop-ozone-ozone-manager-0.5.0-SNAPSHOT-tests.jar:/home/user/.m2/repository/junit/junit/4.11/junit-4.11.jar:/home/user/.m2/repository/org/hamcrest/hamcrest-core/1.3/hamcrest-core-1.3.jar:/home/user/.m2/repository/org/openjdk/jmh/jmh-core/1.19/jmh-core-1.19.jar:/home/user/.m2/repository/net/sf/jopt-simple/jopt-simple/4.6/jopt-simple-4.6.jar:/home/user/.m2/repository/org/apache/commons/commons-math3/3.1.1/commons-math3-3.1.1.jar:/home/user/.m2/repository/org/openjdk/jmh/jmh-generator-annprocess/1.19/jmh-generator-annprocess-1.19.jar:/home/user/.m2/repository/org/mockito/mockito-all/1.8.5/mockito-all-1.8.5.jar:/home/user/.m2/repository/org/apache/hadoop/hadoop-kms/3.2.0/hadoop-kms-3.2.0.jar:/home/user/.m2/repository/org/apache/hadoop/hadoop-auth/3.2.0/hadoop-auth-3.2.0.jar:/home/user/.m2/repository/com/nimbusds/nimbus-jose-jwt/4.41.1/nimbus-jose-jwt-4.41.1.jar:/home/user/.m2/repository/com/github/stephenc/jcip/jcip-annotations/1.0-1/jcip-annotations-1.0-1.jar:/home/user/.m2/repository/net/minidev/json-smart/2.3/json-smart-2.3.jar:/home/user/.m2/repository/net/minidev/accessors-smart/1.2/accessors-smart-1.2.jar:/home/user/.m2/repository/org/ow2/asm/asm/5.0.4/asm-5.0.4.jar:/home/user/.m2/repository/org/apache/curator/curator-framework/2.12.0/curator-framework-2.12.0.jar:/home/user/.m2/repository/com/sun/jersey/jersey-core/1.19/jersey-core-1.19.jar:/home/user/.m2/repository/javax/ws/rs/jsr311-api/1.1.1/jsr311-api-1.1.1.jar:/home/user/.m2/repository/com/sun/jersey/jersey-server/1.19/jersey-server-1.19.jar:/home/user/.m2/repository/javax/servlet/javax.servlet-api/3.1.0/javax.servlet-api-3.1.0.jar:/home/user/.m2/repository/org/eclipse/jetty/jetty-server/9.3.25.v20180904/jetty-server-9.3.25.v20180904.jar:/home/user/.m2/repository/org/eclipse/jetty/jetty-http/9.3.25.v20180904/jetty-http-9.3.25.v20180904.jar:/home/user/.m2/repository/org/eclipse/jetty/jetty-io/9.3.25.v20180904/jetty-io-9.3.25.v20180904.jar:/home/user/.m2/repository/org/eclipse/jetty/jetty-webapp/9.3.25.v20180904/jetty-webapp-9.3.25.v20180904.jar:/home/user/.m2/repository/org/eclipse/jetty/jetty-xml/9.3.25.v20180904/jetty-xml-9.3.25.v20180904.jar:/home/user/.m2/repository/log4j/log4j/1.2.17/log4j-1.2.17.jar:/home/user/.m2/repository/org/slf4j/slf4j-api/1.7.25/slf4j-api-1.7.25.jar:/home/user/.m2/repository/org/slf4j/jul-to-slf4j/1.7.25/jul-to-slf4j-1.7.25.jar:/home/user/.m2/repository/org/eclipse/jetty/jetty-util/9.3.25.v20180904/jetty-util-9.3.25.v20180904.jar:/home/user/.m2/repository/com/fasterxml/jackson/core/jackson-databind/2.9.9/jackson-databind-2.9.9.jar:/home/user/.m2/repository/org/apache/hadoop/hadoop-kms/3.2.0/hadoop-kms-3.2.0-tests.jar:/home/user/.m2/repository/org/apache/hadoop/hadoop-hdds-server-scm/0.5.0-SNAPSHOT/hadoop-hdds-server-scm-0.5.0-SNAPSHOT-tests.jar:/home/user/.m2/repository/org/apache/hadoop/hadoop-hdds-container-service/0.5.0-SNAPSHOT/hadoop-hdds-container-service-0.5.0-SNAPSHOT-tests.jar:/home/user/.m2/repository/org/yaml/snakeyaml/1.16/snakeyaml-1.16.jar:/home/user/.m2/repository/org/apache/hadoop/hadoop-common/3.2.0/hadoop-common-3.2.0-tests.jar:/home/user/.m2/repository/org/apache/hadoop/hadoop-annotations/3.2.0/hadoop-annotations-3.2.0.jar:/usr/lib/jvm/java-1.8-openjdk/jre/../lib/tools.jar:/home/user/.m2/repository/commons-cli/commons-cli/1.2/commons-cli-1.2.jar:/home/user/.m2/repository/org/apache/httpcomponents/httpclient/4.5.2/httpclient-4.5.2.jar:/home/user/.m2/repository/org/apache/httpcomponents/httpcore/4.4.4/httpcore-4.4.4.jar:/home/user/.m2/repository/commons-codec/commons-codec/1.11/commons-codec-1.11.jar:/home/user/.m2/repository/commons-net/commons-net/3.6/commons-net-3.6.jar:/home/user/.m2/repository/commons-collections/commons-collections/3.2.2/commons-collections-3.2.2.jar:/home/user/.m2/repository/org/eclipse/jetty/jetty-servlet/9.3.25.v20180904/jetty-servlet-9.3.25.v20180904.jar:/home/user/.m2/repository/org/eclipse/jetty/jetty-security/9.3.25.v20180904/jetty-security-9.3.25.v20180904.jar:/home/user/.m2/repository/javax/servlet/jsp/jsp-api/2.1/jsp-api-2.1.jar:/home/user/.m2/repository/com/sun/jersey/jersey-servlet/1.19/jersey-servlet-1.19.jar:/home/user/.m2/repository/com/sun/jersey/jersey-json/1.19/jersey-json-1.19.jar:/home/user/.m2/repository/org/codehaus/jettison/jettison/1.1/jettison-1.1.jar:/home/user/.m2/repository/org/codehaus/jackson/jackson-core-asl/1.9.13/jackson-core-asl-1.9.13.jar:/home/user/.m2/repository/org/codehaus/jackson/jackson-mapper-asl/1.9.13/jackson-mapper-asl-1.9.13.jar:/home/user/.m2/repository/org/codehaus/jackson/jackson-jaxrs/1.9.13/jackson-jaxrs-1.9.13.jar:/home/user/.m2/repository/org/codehaus/jackson/jackson-xc/1.9.13/jackson-xc-1.9.13.jar:/home/user/.m2/repository/commons-logging/commons-logging/1.1.3/commons-logging-1.1.3.jar:/home/user/.m2/repository/commons-beanutils/commons-beanutils/1.9.4/commons-beanutils-1.9.4.jar:/home/user/.m2/repository/org/apache/commons/commons-configuration2/2.1.1/commons-configuration2-2.1.1.jar:/home/user/.m2/repository/org/apache/commons/commons-lang3/3.7/commons-lang3-3.7.jar:/home/user/.m2/repository/org/apache/commons/commons-text/1.4/commons-text-1.4.jar:/home/user/.m2/repository/org/apache/avro/avro/1.7.7/avro-1.7.7.jar:/home/user/.m2/repository/com/thoughtworks/paranamer/paranamer/2.3/paranamer-2.3.jar:/home/user/.m2/repository/org/xerial/snappy/snappy-java/1.0.5/snappy-java-1.0.5.jar:/home/user/.m2/repository/com/google/re2j/re2j/1.1/re2j-1.1.jar:/home/user/.m2/repository/com/google/code/gson/gson/2.2.4/gson-2.2.4.jar:/home/user/.m2/repository/com/jcraft/jsch/0.1.54/jsch-0.1.54.jar:/home/user/.m2/repository/org/apache/curator/curator-client/2.12.0/curator-client-2.12.0.jar:/home/user/.m2/repository/org/apache/curator/curator-recipes/2.12.0/curator-recipes-2.12.0.jar:/home/user/.m2/repository/com/google/code/findbugs/jsr305/3.0.0/jsr305-3.0.0.jar:/home/user/.m2/repository/org/apache/htrace/htrace-core4/4.1.0-incubating/htrace-core4-4.1.0-incubating.jar:/home/user/.m2/repository/org/apache/zookeeper/zookeeper/3.4.13/zookeeper-3.4.13.jar:/home/user/.m2/repository/jline/jline/0.9.94/jline-0.9.94.jar:/home/user/.m2/repository/org/apache/yetus/audience-annotations/0.5.0/audience-annotations-0.5.0.jar:/home/user/.m2/repository/org/codehaus/woodstox/stax2-api/3.1.4/stax2-api-3.1.4.jar:/home/user/.m2/repository/com/fasterxml/woodstox/woodstox-core/5.0.3/woodstox-core-5.0.3.jar:/home/user/.m2/repository/dnsjava/dnsjava/2.1.7/dnsjava-2.1.7.jar:/home/user/.m2/repository/org/apache/hadoop/hadoop-hdfs/3.2.0/hadoop-hdfs-3.2.0-tests.jar:/home/user/.m2/repository/org/eclipse/jetty/jetty-util-ajax/9.3.25.v20180904/jetty-util-ajax-9.3.25.v20180904.jar:/home/user/.m2/repository/commons-daemon/commons-daemon/1.0.13/commons-daemon-1.0.13.jar:/home/user/.m2/repository/io/netty/netty/3.10.5.Final/netty-3.10.5.Final.jar:/home/user/.m2/repository/io/netty/netty-all/4.0.52.Final/netty-all-4.0.52.Final.jar:/home/user/.m2/repository/org/fusesource/leveldbjni/leveldbjni-all/1.8/leveldbjni-all-1.8.jar:"/>
    <property name="sun.cpu.endian" value="little"/>
    <property name="user.home" value="/home/user"/>
    <property name="user.language" value="en"/>
    <property name="java.specification.vendor" value="Oracle Corporation"/>
    <property name="java.home" value="/usr/lib/jvm/java-1.8-openjdk/jre"/>
    <property name="java.security.krb5.conf" value="/workdir/hadoop-ozone/integration-test/target/test-classes/krb5.conf"/>
    <property name="basedir" value="/workdir/hadoop-ozone/integration-test"/>
    <property name="file.separator" value="/"/>
    <property name="line.separator" value="&#10;"/>
    <property name="java.vm.specification.vendor" value="Oracle Corporation"/>
    <property name="java.specification.name" value="Java Platform API Specification"/>
    <property name="java.awt.graphicsenv" value="sun.awt.X11GraphicsEnvironment"/>
    <property name="surefire.real.class.path" value="/workdir/hadoop-ozone/integration-test/target/surefire/surefirebooter701435880167861015.jar"/>
    <property name="hadoop.log.dir" value="/workdir/hadoop-ozone/integration-test/target/log"/>
    <property name="sun.boot.class.path" value="/usr/lib/jvm/java-1.8-openjdk/jre/lib/resources.jar:/usr/lib/jvm/java-1.8-openjdk/jre/lib/rt.jar:/usr/lib/jvm/java-1.8-openjdk/jre/lib/sunrsasign.jar:/usr/lib/jvm/java-1.8-openjdk/jre/lib/jsse.jar:/usr/lib/jvm/java-1.8-openjdk/jre/lib/jce.jar:/usr/lib/jvm/java-1.8-openjdk/jre/lib/charsets.jar:/usr/lib/jvm/java-1.8-openjdk/jre/lib/jfr.jar:/usr/lib/jvm/java-1.8-openjdk/jre/classes"/>
    <property name="sun.management.compiler" value="HotSpot 64-Bit Tiered Compilers"/>
    <property name="java.runtime.version" value="1.8.0_212-b04"/>
    <property name="java.net.preferIPv4Stack" value="true"/>
    <property name="user.name" value="jenkins1000"/>
    <property name="path.separator" value=":"/>
    <property name="java.security.egd" value="file:///dev/urandom"/>
    <property name="os.version" value="3.10.0-957.12.2.el7.x86_64"/>
    <property name="java.endorsed.dirs" value="/usr/lib/jvm/java-1.8-openjdk/jre/lib/endorsed"/>
    <property name="java.runtime.name" value="OpenJDK Runtime Environment"/>
    <property name="file.encoding" value="UTF-8"/>
    <property name="java.vm.name" value="OpenJDK 64-Bit Server VM"/>
    <property name="test.build.webapps" value=""/>
    <property name="localRepository" value="/home/user/.m2/repository"/>
    <property name="java.vendor.url.bug" value="https://icedtea.classpath.org/bugzilla"/>
    <property name="java.io.tmpdir" value="/tmp"/>
    <property name="require.test.libhadoop" value=""/>
    <property name="java.version" value="1.8.0_212"/>
    <property name="user.dir" value="/workdir/hadoop-ozone/integration-test"/>
    <property name="os.arch" value="amd64"/>
    <property name="java.vm.specification.name" value="Java Virtual Machine Specification"/>
    <property name="test.build.classes" value="/workdir/hadoop-ozone/integration-test/target/test-classes"/>
    <property name="java.awt.printerjob" value="sun.print.PSPrinterJob"/>
    <property name="sun.os.patch.level" value="unknown"/>
    <property name="hadoop.tmp.dir" value="/workdir/hadoop-ozone/integration-test/target/tmp"/>
    <property name="java.library.path" value="/usr/lib/jvm/java-1.8-openjdk/jre/lib/amd64/server:/usr/lib/jvm/java-1.8-openjdk/jre/lib/amd64:/usr/lib/jvm/java-1.8-openjdk/jre/../lib/amd64:/workdir/hadoop-ozone/integration-test/target/native/target/usr/local/lib:/workdir/hadoop-ozone/integration-test/../../hadoop-common-project/hadoop-common/target/native/target/usr/local/lib:/usr/java/packages/lib/amd64:/usr/lib64:/lib64:/lib:/usr/lib"/>
    <property name="java.vm.info" value="mixed mode"/>
    <property name="java.vendor" value="IcedTea"/>
    <property name="java.vm.version" value="25.212-b04"/>
    <property name="java.ext.dirs" value="/usr/lib/jvm/java-1.8-openjdk/jre/lib/ext:/usr/java/packages/lib/ext"/>
    <property name="sun.io.unicode.encoding" value="UnicodeLittle"/>
    <property name="java.class.version" value="52.0"/>
  </properties>
  <testcase name="org.apache.hadoop.hdds.scm.pipeline.TestNodeFailure" classname="org.apache.hadoop.hdds.scm.pipeline.TestNodeFailure" time="29.193">
    <error message="Could not allocate container. Cannot get any matching pipeline for Type:RATIS, Factor:THREE, State:PipelineState.OPEN" type="java.io.IOException">java.io.IOException: Could not allocate container. Cannot get any matching pipeline for Type:RATIS, Factor:THREE, State:PipelineState.OPEN
	at org.apache.hadoop.hdds.scm.container.ContainerStateManager.allocateContainer(ContainerStateManager.java:260)
	at org.apache.hadoop.hdds.scm.container.SCMContainerManager.allocateContainer(SCMContainerManager.java:247)
	at org.apache.hadoop.hdds.scm.pipeline.TestNodeFailure.init(TestNodeFailure.java:79)
	at sun.reflect.NativeMethodAccessorImpl.invoke0(Native Method)
	at sun.reflect.NativeMethodAccessorImpl.invoke(NativeMethodAccessorImpl.java:62)
	at sun.reflect.DelegatingMethodAccessorImpl.invoke(DelegatingMethodAccessorImpl.java:43)
	at java.lang.reflect.Method.invoke(Method.java:498)
	at org.junit.runners.model.FrameworkMethod$1.runReflectiveCall(FrameworkMethod.java:47)
	at org.junit.internal.runners.model.ReflectiveCallable.run(ReflectiveCallable.java:12)
	at org.junit.runners.model.FrameworkMethod.invokeExplosively(FrameworkMethod.java:44)
	at org.junit.internal.runners.statements.RunBefores.evaluate(RunBefores.java:24)
	at org.junit.internal.runners.statements.RunAfters.evaluate(RunAfters.java:27)
	at org.junit.runners.ParentRunner.run(ParentRunner.java:309)
	at org.apache.maven.surefire.junit4.JUnit4Provider.execute(JUnit4Provider.java:365)
	at org.apache.maven.surefire.junit4.JUnit4Provider.executeWithRerun(JUnit4Provider.java:273)
	at org.apache.maven.surefire.junit4.JUnit4Provider.executeTestSet(JUnit4Provider.java:238)
	at org.apache.maven.surefire.junit4.JUnit4Provider.invoke(JUnit4Provider.java:159)
	at org.apache.maven.surefire.booter.ForkedBooter.invokeProviderInSameClassLoader(ForkedBooter.java:384)
	at org.apache.maven.surefire.booter.ForkedBooter.runSuitesInProcess(ForkedBooter.java:345)
	at org.apache.maven.surefire.booter.ForkedBooter.execute(ForkedBooter.java:126)
	at org.apache.maven.surefire.booter.ForkedBooter.main(ForkedBooter.java:418)
</error>
    <system-out><![CDATA[2019-09-26 10:42:18,680 [main] WARN  server.ServerUtils (ServerUtils.java:getScmDbDir(145)) - ozone.scm.db.dirs is not configured. We recommend adding this setting. Falling back to ozone.metadata.dirs instead.
2019-09-26 10:42:18,801 [main] WARN  server.ServerUtils (ServerUtils.java:getScmDbDir(145)) - ozone.scm.db.dirs is not configured. We recommend adding this setting. Falling back to ozone.metadata.dirs instead.
2019-09-26 10:42:18,805 [main] WARN  server.ServerUtils (ServerUtils.java:getScmDbDir(145)) - ozone.scm.db.dirs is not configured. We recommend adding this setting. Falling back to ozone.metadata.dirs instead.
2019-09-26 10:42:18,823 [main] INFO  util.log (Log.java:initialized(192)) - Logging initialized @905ms
2019-09-26 10:42:18,928 [main] INFO  db.DBStoreBuilder (DBStoreBuilder.java:addTable(110)) - using custom profile for table: deletedBlocks
2019-09-26 10:42:18,929 [main] INFO  db.DBStoreBuilder (DBStoreBuilder.java:processTables(161)) - Using default column profile:DBProfile.DISK for Table:deletedBlocks
2019-09-26 10:42:18,929 [main] INFO  db.DBStoreBuilder (DBStoreBuilder.java:addTable(110)) - using custom profile for table: validCerts
2019-09-26 10:42:18,930 [main] INFO  db.DBStoreBuilder (DBStoreBuilder.java:processTables(161)) - Using default column profile:DBProfile.DISK for Table:validCerts
2019-09-26 10:42:18,930 [main] INFO  db.DBStoreBuilder (DBStoreBuilder.java:addTable(110)) - using custom profile for table: revokedCerts
2019-09-26 10:42:18,931 [main] INFO  db.DBStoreBuilder (DBStoreBuilder.java:processTables(161)) - Using default column profile:DBProfile.DISK for Table:revokedCerts
2019-09-26 10:42:18,948 [main] INFO  db.DBStoreBuilder (DBStoreBuilder.java:addTable(110)) - using custom profile for table: default
2019-09-26 10:42:18,948 [main] INFO  db.DBStoreBuilder (DBStoreBuilder.java:processTables(167)) - Using default column profile:DBProfile.DISK for Table:default
2019-09-26 10:42:18,950 [main] INFO  db.DBStoreBuilder (DBStoreBuilder.java:getDbProfile(198)) - Using default options. DBProfile.DISK
2019-09-26 10:42:19,201 [main] INFO  net.NodeSchemaLoader (NodeSchemaLoader.java:loadSchemaFromFile(125)) - Loading file from sun.misc.CompoundEnumeration@7c7b252e
2019-09-26 10:42:19,203 [main] INFO  net.NodeSchemaLoader (NodeSchemaLoader.java:loadSchema(171)) - Loading network topology layer schema file
2019-09-26 10:42:19,302 [main] INFO  node.SCMNodeManager (SCMNodeManager.java:<init>(114)) - Entering startup safe mode.
2019-09-26 10:42:19,376 [main] INFO  algorithms.ContainerPlacementPolicyFactory (ContainerPlacementPolicyFactory.java:getPolicy(59)) - Create container placement policy of type org.apache.hadoop.hdds.scm.container.placement.algorithms.SCMContainerPlacementRandom
2019-09-26 10:42:19,391 [main] WARN  server.ServerUtils (ServerUtils.java:getScmDbDir(145)) - ozone.scm.db.dirs is not configured. We recommend adding this setting. Falling back to ozone.metadata.dirs instead.
2019-09-26 10:42:19,453 [main] INFO  pipeline.SCMPipelineManager (SCMPipelineManager.java:initializePipelineState(132)) - No pipeline exists in current db
2019-09-26 10:42:19,457 [main] WARN  server.ServerUtils (ServerUtils.java:getScmDbDir(145)) - ozone.scm.db.dirs is not configured. We recommend adding this setting. Falling back to ozone.metadata.dirs instead.
2019-09-26 10:42:19,574 [main] WARN  events.EventQueue (EventQueue.java:fireEvent(183)) - No event handler registered for event TypedEvent{payloadType=SafeModeStatus, name='SafeModeStatus'}
2019-09-26 10:42:19,938 [main] INFO  ipc.CallQueueManager (CallQueueManager.java:<init>(84)) - Using callQueue: class java.util.concurrent.LinkedBlockingQueue, queueCapacity: 2000, scheduler: class org.apache.hadoop.ipc.DefaultRpcScheduler, ipcBackoff: false.
2019-09-26 10:42:19,965 [Socket Reader #1 for port 33249] INFO  ipc.Server (Server.java:run(1074)) - Starting Socket Reader #1 for port 33249
2019-09-26 10:42:20,140 [main] INFO  ipc.CallQueueManager (CallQueueManager.java:<init>(84)) - Using callQueue: class java.util.concurrent.LinkedBlockingQueue, queueCapacity: 2000, scheduler: class org.apache.hadoop.ipc.DefaultRpcScheduler, ipcBackoff: false.
2019-09-26 10:42:20,141 [Socket Reader #1 for port 42796] INFO  ipc.Server (Server.java:run(1074)) - Starting Socket Reader #1 for port 42796
2019-09-26 10:42:20,150 [main] INFO  ipc.CallQueueManager (CallQueueManager.java:<init>(84)) - Using callQueue: class java.util.concurrent.LinkedBlockingQueue, queueCapacity: 2000, scheduler: class org.apache.hadoop.ipc.DefaultRpcScheduler, ipcBackoff: false.
2019-09-26 10:42:20,151 [Socket Reader #1 for port 41008] INFO  ipc.Server (Server.java:run(1074)) - Starting Socket Reader #1 for port 41008
2019-09-26 10:42:20,172 [main] INFO  hdfs.DFSUtil (DFSUtil.java:httpServerTemplateForNNAndJN(1641)) - Starting Web-server for scm at: http://0.0.0.0:0
2019-09-26 10:42:20,332 [main] INFO  server.AuthenticationFilter (AuthenticationFilter.java:constructSecretProvider(240)) - Unable to initialize FileSignerSecretProvider, falling back to use random secrets.
2019-09-26 10:42:20,340 [main] WARN  http.HttpRequestLog (HttpRequestLog.java:getRequestLog(97)) - Jetty request log can only be enabled using Log4j
2019-09-26 10:42:20,349 [main] INFO  http.HttpServer2 (HttpServer2.java:addGlobalFilter(975)) - Added global filter 'safety' (class=org.apache.hadoop.http.HttpServer2$QuotingInputFilter)
2019-09-26 10:42:20,351 [main] INFO  http.HttpServer2 (HttpServer2.java:addFilter(948)) - Added filter static_user_filter (class=org.apache.hadoop.http.lib.StaticUserWebFilter$StaticUserFilter) to context scm
2019-09-26 10:42:20,351 [main] INFO  http.HttpServer2 (HttpServer2.java:addFilter(958)) - Added filter static_user_filter (class=org.apache.hadoop.http.lib.StaticUserWebFilter$StaticUserFilter) to context logs
2019-09-26 10:42:20,352 [main] INFO  http.HttpServer2 (HttpServer2.java:addFilter(958)) - Added filter static_user_filter (class=org.apache.hadoop.http.lib.StaticUserWebFilter$StaticUserFilter) to context static
2019-09-26 10:42:20,396 [main] INFO  server.StorageContainerManager (StorageContainerManager.java:start(770)) - StorageContainerLocationProtocol RPC server is listening at /0.0.0.0:41008
2019-09-26 10:42:20,493 [main] WARN  impl.MetricsConfig (MetricsConfig.java:loadFirst(134)) - Cannot locate configuration: tried hadoop-metrics2-storagecontainermanager.properties,hadoop-metrics2.properties
2019-09-26 10:42:20,509 [main] INFO  impl.MetricsSystemImpl (MetricsSystemImpl.java:startTimer(374)) - Scheduled Metric snapshot period at 10 second(s).
2019-09-26 10:42:20,509 [main] INFO  impl.MetricsSystemImpl (MetricsSystemImpl.java:start(191)) - StorageContainerManager metrics system started
2019-09-26 10:42:20,757 [main] INFO  server.SCMClientProtocolServer (SCMClientProtocolServer.java:start(151)) - RPC server for Client  is listening at /0.0.0.0:41008
2019-09-26 10:42:20,758 [IPC Server Responder] INFO  ipc.Server (Server.java:run(1314)) - IPC Server Responder: starting
2019-09-26 10:42:20,758 [IPC Server listener on 41008] INFO  ipc.Server (Server.java:run(1153)) - IPC Server listener on 41008: starting
2019-09-26 10:42:20,761 [main] INFO  server.StorageContainerManager (StorageContainerManager.java:start(780)) - ScmBlockLocationProtocol RPC server is listening at /0.0.0.0:42796
2019-09-26 10:42:20,763 [main] INFO  server.SCMBlockProtocolServer (SCMBlockProtocolServer.java:start(146)) - RPC server for Block Protocol is listening at /0.0.0.0:42796
2019-09-26 10:42:20,763 [IPC Server Responder] INFO  ipc.Server (Server.java:run(1314)) - IPC Server Responder: starting
2019-09-26 10:42:20,764 [IPC Server listener on 42796] INFO  ipc.Server (Server.java:run(1153)) - IPC Server listener on 42796: starting
2019-09-26 10:42:20,767 [main] INFO  server.StorageContainerManager (StorageContainerManager.java:start(784)) - ScmDatanodeProtocl RPC server is listening at /0.0.0.0:33249
2019-09-26 10:42:20,768 [main] INFO  server.SCMDatanodeProtocolServer (SCMDatanodeProtocolServer.java:start(191)) - RPC server for DataNodes is listening at /0.0.0.0:33249
2019-09-26 10:42:20,768 [IPC Server Responder] INFO  ipc.Server (Server.java:run(1314)) - IPC Server Responder: starting
2019-09-26 10:42:20,768 [IPC Server listener on 33249] INFO  ipc.Server (Server.java:run(1153)) - IPC Server listener on 33249: starting
2019-09-26 10:42:20,773 [main] INFO  http.HttpServer2 (HttpServer2.java:bindListener(1191)) - Jetty bound to port 42340
2019-09-26 10:42:20,775 [main] INFO  server.Server (Server.java:doStart(351)) - jetty-9.3.25.v20180904, build timestamp: 2018-09-04T21:11:46Z, git hash: 3ce520221d0240229c862b122d2b06c12a625732
2019-09-26 10:42:20,815 [main] INFO  handler.ContextHandler (ContextHandler.java:doStart(781)) - Started o.e.j.s.ServletContextHandler@2072acb2{/logs,file:///workdir/hadoop-ozone/integration-test/target/log,AVAILABLE}
2019-09-26 10:42:20,816 [main] INFO  handler.ContextHandler (ContextHandler.java:doStart(781)) - Started o.e.j.s.ServletContextHandler@35a9782c{/static,file:///workdir/hadoop-ozone/integration-test/target/test-classes/webapps/static,AVAILABLE}
2019-09-26 10:42:20,856 [main] INFO  handler.ContextHandler (ContextHandler.java:doStart(781)) - Started o.e.j.w.WebAppContext@551a20d6{/,file:///workdir/hadoop-ozone/integration-test/target/test-classes/webapps/scm/,AVAILABLE}{/scm}
2019-09-26 10:42:20,862 [main] INFO  server.AbstractConnector (AbstractConnector.java:doStart(278)) - Started ServerConnector@6928f576{HTTP/1.1,[http/1.1]}{0.0.0.0:42340}
2019-09-26 10:42:20,862 [main] INFO  server.Server (Server.java:doStart(419)) - Started @2944ms
2019-09-26 10:42:20,865 [main] INFO  impl.MetricsSinkAdapter (MetricsSinkAdapter.java:start(204)) - Sink prometheus started
2019-09-26 10:42:20,865 [main] INFO  impl.MetricsSystemImpl (MetricsSystemImpl.java:registerSink(301)) - Registered sink prometheus
2019-09-26 10:42:20,867 [main] INFO  server.BaseHttpServer (BaseHttpServer.java:updateConnectorAddress(215)) - HTTP server of SCM is listening at http://0.0.0.0:42340
2019-09-26 10:42:20,875 [org.apache.hadoop.util.JvmPauseMonitor$Monitor@6bc248ed] INFO  util.JvmPauseMonitor (JvmPauseMonitor.java:run(188)) - Starting JVM pause monitor
2019-09-26 10:42:20,880 [main] WARN  server.ServerUtils (ServerUtils.java:getDBPath(222)) - ozone.om.db.dirs is not configured. We recommend adding this setting. Falling back to ozone.metadata.dirs instead.
2019-09-26 10:42:20,998 [main] WARN  server.ServerUtils (ServerUtils.java:getDBPath(222)) - ozone.om.db.dirs is not configured. We recommend adding this setting. Falling back to ozone.metadata.dirs instead.
2019-09-26 10:42:20,998 [main] WARN  server.ServerUtils (ServerUtils.java:getDBPath(222)) - ozone.om.db.dirs is not configured. We recommend adding this setting. Falling back to ozone.metadata.dirs instead.
2019-09-26 10:42:20,999 [main] INFO  om.OzoneManager (OzoneManager.java:setOMNodeDetails(652)) - OM Service ID is not set. Setting it to the default ID: omServiceIdDefault
2019-09-26 10:42:20,999 [main] INFO  om.OzoneManager (OzoneManager.java:setOMNodeDetails(658)) - OM Node ID is not set. Setting it to the OmStorage's OmID: adf90974-2f18-4485-9cc6-24aedc56b8d8
2019-09-26 10:42:21,001 [main] INFO  om.OzoneManager (OzoneManager.java:loadOMHAConfigs(609)) - Found matching OM address with OMServiceId: null, OMNodeId: null, RPC Address: localhost:0 and Ratis port: 9872
2019-09-26 10:42:21,745 [main] WARN  server.ServerUtils (ServerUtils.java:getDBPath(222)) - ozone.om.db.dirs is not configured. We recommend adding this setting. Falling back to ozone.metadata.dirs instead.
2019-09-26 10:42:21,752 [main] INFO  db.DBStoreBuilder (DBStoreBuilder.java:addTable(110)) - using custom profile for table: userTable
2019-09-26 10:42:21,752 [main] INFO  db.DBStoreBuilder (DBStoreBuilder.java:processTables(161)) - Using default column profile:DBProfile.DISK for Table:userTable
2019-09-26 10:42:21,752 [main] INFO  db.DBStoreBuilder (DBStoreBuilder.java:addTable(110)) - using custom profile for table: volumeTable
2019-09-26 10:42:21,752 [main] INFO  db.DBStoreBuilder (DBStoreBuilder.java:processTables(161)) - Using default column profile:DBProfile.DISK for Table:volumeTable
2019-09-26 10:42:21,753 [main] INFO  db.DBStoreBuilder (DBStoreBuilder.java:addTable(110)) - using custom profile for table: bucketTable
2019-09-26 10:42:21,753 [main] INFO  db.DBStoreBuilder (DBStoreBuilder.java:processTables(161)) - Using default column profile:DBProfile.DISK for Table:bucketTable
2019-09-26 10:42:21,753 [main] INFO  db.DBStoreBuilder (DBStoreBuilder.java:addTable(110)) - using custom profile for table: keyTable
2019-09-26 10:42:21,753 [main] INFO  db.DBStoreBuilder (DBStoreBuilder.java:processTables(161)) - Using default column profile:DBProfile.DISK for Table:keyTable
2019-09-26 10:42:21,754 [main] INFO  db.DBStoreBuilder (DBStoreBuilder.java:addTable(110)) - using custom profile for table: deletedTable
2019-09-26 10:42:21,754 [main] INFO  db.DBStoreBuilder (DBStoreBuilder.java:processTables(161)) - Using default column profile:DBProfile.DISK for Table:deletedTable
2019-09-26 10:42:21,754 [main] INFO  db.DBStoreBuilder (DBStoreBuilder.java:addTable(110)) - using custom profile for table: openKeyTable
2019-09-26 10:42:21,754 [main] INFO  db.DBStoreBuilder (DBStoreBuilder.java:processTables(161)) - Using default column profile:DBProfile.DISK for Table:openKeyTable
2019-09-26 10:42:21,755 [main] INFO  db.DBStoreBuilder (DBStoreBuilder.java:addTable(110)) - using custom profile for table: s3Table
2019-09-26 10:42:21,755 [main] INFO  db.DBStoreBuilder (DBStoreBuilder.java:processTables(161)) - Using default column profile:DBProfile.DISK for Table:s3Table
2019-09-26 10:42:21,755 [main] INFO  db.DBStoreBuilder (DBStoreBuilder.java:addTable(110)) - using custom profile for table: multipartInfoTable
2019-09-26 10:42:21,755 [main] INFO  db.DBStoreBuilder (DBStoreBuilder.java:processTables(161)) - Using default column profile:DBProfile.DISK for Table:multipartInfoTable
2019-09-26 10:42:21,756 [main] INFO  db.DBStoreBuilder (DBStoreBuilder.java:addTable(110)) - using custom profile for table: dTokenTable
2019-09-26 10:42:21,756 [main] INFO  db.DBStoreBuilder (DBStoreBuilder.java:processTables(161)) - Using default column profile:DBProfile.DISK for Table:dTokenTable
2019-09-26 10:42:21,756 [main] INFO  db.DBStoreBuilder (DBStoreBuilder.java:addTable(110)) - using custom profile for table: s3SecretTable
2019-09-26 10:42:21,756 [main] INFO  db.DBStoreBuilder (DBStoreBuilder.java:processTables(161)) - Using default column profile:DBProfile.DISK for Table:s3SecretTable
2019-09-26 10:42:21,757 [main] INFO  db.DBStoreBuilder (DBStoreBuilder.java:addTable(110)) - using custom profile for table: prefixTable
2019-09-26 10:42:21,757 [main] INFO  db.DBStoreBuilder (DBStoreBuilder.java:processTables(161)) - Using default column profile:DBProfile.DISK for Table:prefixTable
2019-09-26 10:42:21,757 [main] INFO  db.DBStoreBuilder (DBStoreBuilder.java:addTable(110)) - using custom profile for table: default
2019-09-26 10:42:21,757 [main] INFO  db.DBStoreBuilder (DBStoreBuilder.java:processTables(167)) - Using default column profile:DBProfile.DISK for Table:default
2019-09-26 10:42:21,757 [main] INFO  db.DBStoreBuilder (DBStoreBuilder.java:getDbProfile(198)) - Using default options. DBProfile.DISK
2019-09-26 10:42:22,325 [main] INFO  ipc.CallQueueManager (CallQueueManager.java:<init>(84)) - Using callQueue: class java.util.concurrent.LinkedBlockingQueue, queueCapacity: 2000, scheduler: class org.apache.hadoop.ipc.DefaultRpcScheduler, ipcBackoff: false.
2019-09-26 10:42:22,326 [Socket Reader #1 for port 40792] INFO  ipc.Server (Server.java:run(1074)) - Starting Socket Reader #1 for port 40792
2019-09-26 10:42:22,352 [main] INFO  om.OzoneManager (OzoneManager.java:start(1243)) - OzoneManager RPC server is listening at localhost/127.0.0.1:40792
2019-09-26 10:42:22,352 [main] INFO  impl.MetricsSystemImpl (MetricsSystemImpl.java:init(158)) - OzoneManager metrics system started (again)
2019-09-26 10:42:22,354 [IPC Server Responder] INFO  ipc.Server (Server.java:run(1314)) - IPC Server Responder: starting
2019-09-26 10:42:22,354 [IPC Server listener on 40792] INFO  ipc.Server (Server.java:run(1153)) - IPC Server listener on 40792: starting
2019-09-26 10:42:22,361 [main] INFO  hdfs.DFSUtil (DFSUtil.java:httpServerTemplateForNNAndJN(1641)) - Starting Web-server for ozoneManager at: http://0.0.0.0:0
2019-09-26 10:42:22,363 [main] INFO  server.AuthenticationFilter (AuthenticationFilter.java:constructSecretProvider(240)) - Unable to initialize FileSignerSecretProvider, falling back to use random secrets.
2019-09-26 10:42:22,364 [main] WARN  http.HttpRequestLog (HttpRequestLog.java:getRequestLog(97)) - Jetty request log can only be enabled using Log4j
2019-09-26 10:42:22,368 [main] INFO  http.HttpServer2 (HttpServer2.java:addGlobalFilter(975)) - Added global filter 'safety' (class=org.apache.hadoop.http.HttpServer2$QuotingInputFilter)
2019-09-26 10:42:22,369 [main] INFO  http.HttpServer2 (HttpServer2.java:addFilter(948)) - Added filter static_user_filter (class=org.apache.hadoop.http.lib.StaticUserWebFilter$StaticUserFilter) to context ozoneManager
2019-09-26 10:42:22,370 [main] INFO  http.HttpServer2 (HttpServer2.java:addFilter(958)) - Added filter static_user_filter (class=org.apache.hadoop.http.lib.StaticUserWebFilter$StaticUserFilter) to context static
2019-09-26 10:42:22,370 [main] INFO  http.HttpServer2 (HttpServer2.java:addFilter(958)) - Added filter static_user_filter (class=org.apache.hadoop.http.lib.StaticUserWebFilter$StaticUserFilter) to context logs
2019-09-26 10:42:22,373 [main] INFO  http.HttpServer2 (HttpServer2.java:bindListener(1191)) - Jetty bound to port 41942
2019-09-26 10:42:22,374 [main] INFO  server.Server (Server.java:doStart(351)) - jetty-9.3.25.v20180904, build timestamp: 2018-09-04T21:11:46Z, git hash: 3ce520221d0240229c862b122d2b06c12a625732
2019-09-26 10:42:22,377 [main] INFO  handler.ContextHandler (ContextHandler.java:doStart(781)) - Started o.e.j.s.ServletContextHandler@4d0b0fd4{/logs,file:///workdir/hadoop-ozone/integration-test/target/log,AVAILABLE}
2019-09-26 10:42:22,380 [main] INFO  handler.ContextHandler (ContextHandler.java:doStart(781)) - Started o.e.j.s.ServletContextHandler@6c37bd27{/static,file:///workdir/hadoop-ozone/integration-test/target/test-classes/webapps/static,AVAILABLE}
2019-09-26 10:42:22,387 [main] INFO  handler.ContextHandler (ContextHandler.java:doStart(781)) - Started o.e.j.w.WebAppContext@73a00e09{/,file:///workdir/hadoop-ozone/integration-test/target/test-classes/webapps/ozoneManager/,AVAILABLE}{/ozoneManager}
2019-09-26 10:42:22,389 [main] INFO  server.AbstractConnector (AbstractConnector.java:doStart(278)) - Started ServerConnector@26dcd8c0{HTTP/1.1,[http/1.1]}{0.0.0.0:41942}
2019-09-26 10:42:22,390 [main] INFO  server.Server (Server.java:doStart(419)) - Started @4472ms
2019-09-26 10:42:22,390 [main] WARN  impl.MetricsSystemImpl (MetricsSystemImpl.java:register(276)) - Sink prometheus already exists!
2019-09-26 10:42:22,391 [main] INFO  server.BaseHttpServer (BaseHttpServer.java:updateConnectorAddress(215)) - HTTP server of OZONEMANAGER is listening at http://0.0.0.0:41942
2019-09-26 10:42:22,812 [main] INFO  impl.MetricsSystemImpl (MetricsSystemImpl.java:init(158)) - HddsDatanode metrics system started (again)
2019-09-26 10:42:22,875 [main] INFO  ozone.HddsDatanodeService (HddsDatanodeService.java:start(184)) - HddsDatanodeService host:pr-hdds-1569-wvzgm-824869521 ip:192.168.30.13
2019-09-26 10:42:22,914 [main] INFO  volume.HddsVolume (HddsVolume.java:<init>(176)) - Creating Volume: /workdir/hadoop-ozone/integration-test/target/test-dir/MiniOzoneClusterImpl-ba83c363-2963-4965-b6c8-e0e7e6227b06/datanode-0/data/containers/hdds of  storage type : DISK and capacity : 1482555576320
2019-09-26 10:42:22,916 [main] INFO  volume.VolumeSet (VolumeSet.java:initializeVolumeSet(170)) - Added Volume : /workdir/hadoop-ozone/integration-test/target/test-dir/MiniOzoneClusterImpl-ba83c363-2963-4965-b6c8-e0e7e6227b06/datanode-0/data/containers/hdds to VolumeSet
2019-09-26 10:42:22,919 [main] INFO  volume.ThrottledAsyncChecker (ThrottledAsyncChecker.java:schedule(139)) - Scheduling a check for org.apache.hadoop.ozone.container.common.volume.HddsVolume@1fde4f40
2019-09-26 10:42:22,936 [main] INFO  volume.HddsVolumeChecker (HddsVolumeChecker.java:checkAllVolumes(202)) - Scheduled health check for volume org.apache.hadoop.ozone.container.common.volume.HddsVolume@1fde4f40
2019-09-26 10:42:23,049 [main] INFO  impl.RaftServerProxy (ConfUtils.java:logGet(43)) - raft.rpc.type = GRPC (default)
2019-09-26 10:42:23,150 [main] INFO  grpc.GrpcFactory (GrpcFactory.java:checkPooledByteBufAllocatorUseCacheForAllThreads(45)) - PERFORMANCE WARNING: useCacheForAllThreads is true that may cause Netty to create a lot garbage objects and, as a result, trigger GC.
	It is recommended to disable useCacheForAllThreads by setting -Dorg.apache.ratis.thirdparty.io.netty.allocator.useCacheForAllThreads=false in command line.
2019-09-26 10:42:23,157 [main] INFO  grpc.GrpcConfigKeys$Server (ConfUtils.java:logGet(43)) - raft.grpc.server.port = 0 (default)
2019-09-26 10:42:23,158 [main] INFO  server.GrpcService (ConfUtils.java:logGet(43)) - raft.grpc.message.size.max = 33570816 (custom)
2019-09-26 10:42:23,161 [main] INFO  server.RaftServerConfigKeys (ConfUtils.java:logGet(43)) - raft.server.log.appender.buffer.byte-limit = 33554432 (custom)
2019-09-26 10:42:23,162 [main] INFO  server.GrpcService (ConfUtils.java:logGet(43)) - raft.grpc.flow.control.window = 1MB (=1048576) (default)
2019-09-26 10:42:23,163 [main] INFO  server.RaftServerConfigKeys (ConfUtils.java:logGet(43)) - raft.server.rpc.request.timeout = 3000ms (default)
2019-09-26 10:42:23,332 [main] INFO  server.RaftServerConfigKeys (ConfUtils.java:logGet(43)) - raft.server.storage.dir = [/workdir/hadoop-ozone/integration-test/target/test-dir/MiniOzoneClusterImpl-ba83c363-2963-4965-b6c8-e0e7e6227b06/datanode-0/data/ratis] (custom)
2019-09-26 10:42:23,392 [main] INFO  hdfs.DFSUtil (DFSUtil.java:httpServerTemplateForNNAndJN(1641)) - Starting Web-server for hddsDatanode at: http://0.0.0.0:0
2019-09-26 10:42:23,395 [main] INFO  server.AuthenticationFilter (AuthenticationFilter.java:constructSecretProvider(240)) - Unable to initialize FileSignerSecretProvider, falling back to use random secrets.
2019-09-26 10:42:23,396 [main] WARN  http.HttpRequestLog (HttpRequestLog.java:getRequestLog(97)) - Jetty request log can only be enabled using Log4j
2019-09-26 10:42:23,399 [main] INFO  http.HttpServer2 (HttpServer2.java:addGlobalFilter(975)) - Added global filter 'safety' (class=org.apache.hadoop.http.HttpServer2$QuotingInputFilter)
2019-09-26 10:42:23,401 [main] INFO  http.HttpServer2 (HttpServer2.java:addFilter(948)) - Added filter static_user_filter (class=org.apache.hadoop.http.lib.StaticUserWebFilter$StaticUserFilter) to context hddsDatanode
2019-09-26 10:42:23,401 [main] INFO  http.HttpServer2 (HttpServer2.java:addFilter(958)) - Added filter static_user_filter (class=org.apache.hadoop.http.lib.StaticUserWebFilter$StaticUserFilter) to context static
2019-09-26 10:42:23,401 [main] INFO  http.HttpServer2 (HttpServer2.java:addFilter(958)) - Added filter static_user_filter (class=org.apache.hadoop.http.lib.StaticUserWebFilter$StaticUserFilter) to context logs
2019-09-26 10:42:23,404 [main] INFO  http.HttpServer2 (HttpServer2.java:bindListener(1191)) - Jetty bound to port 46226
2019-09-26 10:42:23,404 [main] INFO  server.Server (Server.java:doStart(351)) - jetty-9.3.25.v20180904, build timestamp: 2018-09-04T21:11:46Z, git hash: 3ce520221d0240229c862b122d2b06c12a625732
2019-09-26 10:42:23,407 [main] INFO  handler.ContextHandler (ContextHandler.java:doStart(781)) - Started o.e.j.s.ServletContextHandler@4fc3c165{/logs,file:///workdir/hadoop-ozone/integration-test/target/log,AVAILABLE}
2019-09-26 10:42:23,408 [main] INFO  handler.ContextHandler (ContextHandler.java:doStart(781)) - Started o.e.j.s.ServletContextHandler@7b6860f9{/static,jar:file:/home/user/.m2/repository/org/apache/hadoop/hadoop-hdds-container-service/0.5.0-SNAPSHOT/hadoop-hdds-container-service-0.5.0-SNAPSHOT.jar!/webapps/static,AVAILABLE}
2019-09-26 10:42:23,457 [main] INFO  handler.ContextHandler (ContextHandler.java:doStart(781)) - Started o.e.j.w.WebAppContext@26c47874{/,file:///tmp/jetty-0.0.0.0-46226-hddsDatanode-_-any-3621763742889010902.dir/webapp/,AVAILABLE}{/hddsDatanode}
2019-09-26 10:42:23,458 [main] INFO  server.AbstractConnector (AbstractConnector.java:doStart(278)) - Started ServerConnector@421056e5{HTTP/1.1,[http/1.1]}{0.0.0.0:46226}
2019-09-26 10:42:23,459 [main] INFO  server.Server (Server.java:doStart(419)) - Started @5541ms
2019-09-26 10:42:23,460 [main] WARN  impl.MetricsSystemImpl (MetricsSystemImpl.java:register(276)) - Sink prometheus already exists!
2019-09-26 10:42:23,461 [main] INFO  server.BaseHttpServer (BaseHttpServer.java:updateConnectorAddress(215)) - HTTP server of HDDSDATANODE is listening at http://0.0.0.0:46226
2019-09-26 10:42:23,462 [main] INFO  impl.MetricsSystemImpl (MetricsSystemImpl.java:init(158)) - HddsDatanode metrics system started (again)
2019-09-26 10:42:23,465 [main] INFO  ozone.HddsDatanodeService (HddsDatanodeService.java:start(184)) - HddsDatanodeService host:pr-hdds-1569-wvzgm-824869521 ip:192.168.30.13
2019-09-26 10:42:23,468 [org.apache.hadoop.util.JvmPauseMonitor$Monitor@517d96ab] INFO  util.JvmPauseMonitor (JvmPauseMonitor.java:run(188)) - Starting JVM pause monitor
2019-09-26 10:42:23,474 [main] INFO  volume.HddsVolume (HddsVolume.java:<init>(176)) - Creating Volume: /workdir/hadoop-ozone/integration-test/target/test-dir/MiniOzoneClusterImpl-ba83c363-2963-4965-b6c8-e0e7e6227b06/datanode-1/data/containers/hdds of  storage type : DISK and capacity : 1482555576320
2019-09-26 10:42:23,475 [main] INFO  volume.VolumeSet (VolumeSet.java:initializeVolumeSet(170)) - Added Volume : /workdir/hadoop-ozone/integration-test/target/test-dir/MiniOzoneClusterImpl-ba83c363-2963-4965-b6c8-e0e7e6227b06/datanode-1/data/containers/hdds to VolumeSet
2019-09-26 10:42:23,476 [main] INFO  volume.ThrottledAsyncChecker (ThrottledAsyncChecker.java:schedule(139)) - Scheduling a check for org.apache.hadoop.ozone.container.common.volume.HddsVolume@71a06021
2019-09-26 10:42:23,477 [main] INFO  volume.HddsVolumeChecker (HddsVolumeChecker.java:checkAllVolumes(202)) - Scheduled health check for volume org.apache.hadoop.ozone.container.common.volume.HddsVolume@71a06021
2019-09-26 10:42:23,495 [main] INFO  impl.RaftServerProxy (ConfUtils.java:logGet(43)) - raft.rpc.type = GRPC (default)
2019-09-26 10:42:23,495 [main] INFO  grpc.GrpcFactory (GrpcFactory.java:checkPooledByteBufAllocatorUseCacheForAllThreads(45)) - PERFORMANCE WARNING: useCacheForAllThreads is true that may cause Netty to create a lot garbage objects and, as a result, trigger GC.
	It is recommended to disable useCacheForAllThreads by setting -Dorg.apache.ratis.thirdparty.io.netty.allocator.useCacheForAllThreads=false in command line.
2019-09-26 10:42:23,495 [main] INFO  grpc.GrpcConfigKeys$Server (ConfUtils.java:logGet(43)) - raft.grpc.server.port = 0 (default)
2019-09-26 10:42:23,496 [main] INFO  server.GrpcService (ConfUtils.java:logGet(43)) - raft.grpc.message.size.max = 33570816 (custom)
2019-09-26 10:42:23,496 [main] INFO  server.RaftServerConfigKeys (ConfUtils.java:logGet(43)) - raft.server.log.appender.buffer.byte-limit = 33554432 (custom)
2019-09-26 10:42:23,496 [main] INFO  server.GrpcService (ConfUtils.java:logGet(43)) - raft.grpc.flow.control.window = 1MB (=1048576) (default)
2019-09-26 10:42:23,497 [main] INFO  server.RaftServerConfigKeys (ConfUtils.java:logGet(43)) - raft.server.rpc.request.timeout = 3000ms (default)
2019-09-26 10:42:23,497 [main] INFO  server.RaftServerConfigKeys (ConfUtils.java:logGet(43)) - raft.server.storage.dir = [/workdir/hadoop-ozone/integration-test/target/test-dir/MiniOzoneClusterImpl-ba83c363-2963-4965-b6c8-e0e7e6227b06/datanode-1/data/ratis] (custom)
2019-09-26 10:42:23,500 [main] INFO  hdfs.DFSUtil (DFSUtil.java:httpServerTemplateForNNAndJN(1641)) - Starting Web-server for hddsDatanode at: http://0.0.0.0:0
2019-09-26 10:42:23,501 [main] INFO  server.AuthenticationFilter (AuthenticationFilter.java:constructSecretProvider(240)) - Unable to initialize FileSignerSecretProvider, falling back to use random secrets.
2019-09-26 10:42:23,502 [main] WARN  http.HttpRequestLog (HttpRequestLog.java:getRequestLog(97)) - Jetty request log can only be enabled using Log4j
2019-09-26 10:42:23,503 [main] INFO  http.HttpServer2 (HttpServer2.java:addGlobalFilter(975)) - Added global filter 'safety' (class=org.apache.hadoop.http.HttpServer2$QuotingInputFilter)
2019-09-26 10:42:23,504 [main] INFO  http.HttpServer2 (HttpServer2.java:addFilter(948)) - Added filter static_user_filter (class=org.apache.hadoop.http.lib.StaticUserWebFilter$StaticUserFilter) to context hddsDatanode
2019-09-26 10:42:23,504 [main] INFO  http.HttpServer2 (HttpServer2.java:addFilter(958)) - Added filter static_user_filter (class=org.apache.hadoop.http.lib.StaticUserWebFilter$StaticUserFilter) to context logs
2019-09-26 10:42:23,505 [main] INFO  http.HttpServer2 (HttpServer2.java:addFilter(958)) - Added filter static_user_filter (class=org.apache.hadoop.http.lib.StaticUserWebFilter$StaticUserFilter) to context static
2019-09-26 10:42:23,505 [main] INFO  http.HttpServer2 (HttpServer2.java:bindListener(1191)) - Jetty bound to port 38471
2019-09-26 10:42:23,506 [main] INFO  server.Server (Server.java:doStart(351)) - jetty-9.3.25.v20180904, build timestamp: 2018-09-04T21:11:46Z, git hash: 3ce520221d0240229c862b122d2b06c12a625732
2019-09-26 10:42:23,509 [main] INFO  handler.ContextHandler (ContextHandler.java:doStart(781)) - Started o.e.j.s.ServletContextHandler@6dfa915a{/logs,file:///workdir/hadoop-ozone/integration-test/target/log,AVAILABLE}
2019-09-26 10:42:23,510 [main] INFO  handler.ContextHandler (ContextHandler.java:doStart(781)) - Started o.e.j.s.ServletContextHandler@cb7fa71{/static,jar:file:/home/user/.m2/repository/org/apache/hadoop/hadoop-hdds-container-service/0.5.0-SNAPSHOT/hadoop-hdds-container-service-0.5.0-SNAPSHOT.jar!/webapps/static,AVAILABLE}
2019-09-26 10:42:23,544 [main] INFO  handler.ContextHandler (ContextHandler.java:doStart(781)) - Started o.e.j.w.WebAppContext@4d41ba0f{/,file:///tmp/jetty-0.0.0.0-38471-hddsDatanode-_-any-8591168364264432315.dir/webapp/,AVAILABLE}{/hddsDatanode}
2019-09-26 10:42:23,545 [main] INFO  server.AbstractConnector (AbstractConnector.java:doStart(278)) - Started ServerConnector@3c87e6b7{HTTP/1.1,[http/1.1]}{0.0.0.0:38471}
2019-09-26 10:42:23,545 [main] INFO  server.Server (Server.java:doStart(419)) - Started @5627ms
2019-09-26 10:42:23,546 [main] WARN  impl.MetricsSystemImpl (MetricsSystemImpl.java:register(276)) - Sink prometheus already exists!
2019-09-26 10:42:23,547 [main] INFO  server.BaseHttpServer (BaseHttpServer.java:updateConnectorAddress(215)) - HTTP server of HDDSDATANODE is listening at http://0.0.0.0:38471
2019-09-26 10:42:23,548 [main] INFO  impl.MetricsSystemImpl (MetricsSystemImpl.java:init(158)) - HddsDatanode metrics system started (again)
2019-09-26 10:42:23,551 [main] INFO  ozone.HddsDatanodeService (HddsDatanodeService.java:start(184)) - HddsDatanodeService host:pr-hdds-1569-wvzgm-824869521 ip:192.168.30.13
2019-09-26 10:42:23,551 [org.apache.hadoop.util.JvmPauseMonitor$Monitor@1be73b8c] INFO  util.JvmPauseMonitor (JvmPauseMonitor.java:run(188)) - Starting JVM pause monitor
2019-09-26 10:42:23,560 [main] INFO  volume.HddsVolume (HddsVolume.java:<init>(176)) - Creating Volume: /workdir/hadoop-ozone/integration-test/target/test-dir/MiniOzoneClusterImpl-ba83c363-2963-4965-b6c8-e0e7e6227b06/datanode-2/data/containers/hdds of  storage type : DISK and capacity : 1482555576320
2019-09-26 10:42:23,561 [main] INFO  volume.VolumeSet (VolumeSet.java:initializeVolumeSet(170)) - Added Volume : /workdir/hadoop-ozone/integration-test/target/test-dir/MiniOzoneClusterImpl-ba83c363-2963-4965-b6c8-e0e7e6227b06/datanode-2/data/containers/hdds to VolumeSet
2019-09-26 10:42:23,561 [main] INFO  volume.ThrottledAsyncChecker (ThrottledAsyncChecker.java:schedule(139)) - Scheduling a check for org.apache.hadoop.ozone.container.common.volume.HddsVolume@53e800f9
2019-09-26 10:42:23,562 [main] INFO  volume.HddsVolumeChecker (HddsVolumeChecker.java:checkAllVolumes(202)) - Scheduled health check for volume org.apache.hadoop.ozone.container.common.volume.HddsVolume@53e800f9
2019-09-26 10:42:23,577 [main] INFO  impl.RaftServerProxy (ConfUtils.java:logGet(43)) - raft.rpc.type = GRPC (default)
2019-09-26 10:42:23,577 [Datanode State Machine Thread - 0] INFO  datanode.InitDatanodeState (InitDatanodeState.java:persistContainerDatanodeDetails(140)) - DatanodeDetails is persisted to /workdir/hadoop-ozone/integration-test/target/test-dir/MiniOzoneClusterImpl-ba83c363-2963-4965-b6c8-e0e7e6227b06/datanode-0/meta/datanode.id
2019-09-26 10:42:23,577 [main] INFO  grpc.GrpcFactory (GrpcFactory.java:checkPooledByteBufAllocatorUseCacheForAllThreads(45)) - PERFORMANCE WARNING: useCacheForAllThreads is true that may cause Netty to create a lot garbage objects and, as a result, trigger GC.
	It is recommended to disable useCacheForAllThreads by setting -Dorg.apache.ratis.thirdparty.io.netty.allocator.useCacheForAllThreads=false in command line.
2019-09-26 10:42:23,578 [main] INFO  grpc.GrpcConfigKeys$Server (ConfUtils.java:logGet(43)) - raft.grpc.server.port = 0 (default)
2019-09-26 10:42:23,579 [main] INFO  server.GrpcService (ConfUtils.java:logGet(43)) - raft.grpc.message.size.max = 33570816 (custom)
2019-09-26 10:42:23,581 [main] INFO  server.RaftServerConfigKeys (ConfUtils.java:logGet(43)) - raft.server.log.appender.buffer.byte-limit = 33554432 (custom)
2019-09-26 10:42:23,581 [main] INFO  server.GrpcService (ConfUtils.java:logGet(43)) - raft.grpc.flow.control.window = 1MB (=1048576) (default)
2019-09-26 10:42:23,581 [main] INFO  server.RaftServerConfigKeys (ConfUtils.java:logGet(43)) - raft.server.rpc.request.timeout = 3000ms (default)
2019-09-26 10:42:23,582 [main] INFO  server.RaftServerConfigKeys (ConfUtils.java:logGet(43)) - raft.server.storage.dir = [/workdir/hadoop-ozone/integration-test/target/test-dir/MiniOzoneClusterImpl-ba83c363-2963-4965-b6c8-e0e7e6227b06/datanode-2/data/ratis] (custom)
2019-09-26 10:42:23,582 [Datanode State Machine Thread - 0] INFO  datanode.InitDatanodeState (InitDatanodeState.java:persistContainerDatanodeDetails(140)) - DatanodeDetails is persisted to /workdir/hadoop-ozone/integration-test/target/test-dir/MiniOzoneClusterImpl-ba83c363-2963-4965-b6c8-e0e7e6227b06/datanode-1/meta/datanode.id
2019-09-26 10:42:23,585 [main] INFO  hdfs.DFSUtil (DFSUtil.java:httpServerTemplateForNNAndJN(1641)) - Starting Web-server for hddsDatanode at: http://0.0.0.0:0
2019-09-26 10:42:23,586 [main] INFO  server.AuthenticationFilter (AuthenticationFilter.java:constructSecretProvider(240)) - Unable to initialize FileSignerSecretProvider, falling back to use random secrets.
2019-09-26 10:42:23,586 [main] WARN  http.HttpRequestLog (HttpRequestLog.java:getRequestLog(97)) - Jetty request log can only be enabled using Log4j
2019-09-26 10:42:23,588 [main] INFO  http.HttpServer2 (HttpServer2.java:addGlobalFilter(975)) - Added global filter 'safety' (class=org.apache.hadoop.http.HttpServer2$QuotingInputFilter)
2019-09-26 10:42:23,588 [main] INFO  http.HttpServer2 (HttpServer2.java:addFilter(948)) - Added filter static_user_filter (class=org.apache.hadoop.http.lib.StaticUserWebFilter$StaticUserFilter) to context hddsDatanode
2019-09-26 10:42:23,589 [main] INFO  http.HttpServer2 (HttpServer2.java:addFilter(958)) - Added filter static_user_filter (class=org.apache.hadoop.http.lib.StaticUserWebFilter$StaticUserFilter) to context logs
2019-09-26 10:42:23,589 [main] INFO  http.HttpServer2 (HttpServer2.java:addFilter(958)) - Added filter static_user_filter (class=org.apache.hadoop.http.lib.StaticUserWebFilter$StaticUserFilter) to context static
2019-09-26 10:42:23,589 [main] INFO  http.HttpServer2 (HttpServer2.java:bindListener(1191)) - Jetty bound to port 40528
2019-09-26 10:42:23,590 [main] INFO  server.Server (Server.java:doStart(351)) - jetty-9.3.25.v20180904, build timestamp: 2018-09-04T21:11:46Z, git hash: 3ce520221d0240229c862b122d2b06c12a625732
2019-09-26 10:42:23,592 [main] INFO  handler.ContextHandler (ContextHandler.java:doStart(781)) - Started o.e.j.s.ServletContextHandler@522bf64e{/logs,file:///workdir/hadoop-ozone/integration-test/target/log,AVAILABLE}
2019-09-26 10:42:23,592 [main] INFO  handler.ContextHandler (ContextHandler.java:doStart(781)) - Started o.e.j.s.ServletContextHandler@5f0f9947{/static,jar:file:/home/user/.m2/repository/org/apache/hadoop/hadoop-hdds-container-service/0.5.0-SNAPSHOT/hadoop-hdds-container-service-0.5.0-SNAPSHOT.jar!/webapps/static,AVAILABLE}
2019-09-26 10:42:23,621 [main] INFO  handler.ContextHandler (ContextHandler.java:doStart(781)) - Started o.e.j.w.WebAppContext@6dcc40f5{/,file:///tmp/jetty-0.0.0.0-40528-hddsDatanode-_-any-5906810090291677699.dir/webapp/,AVAILABLE}{/hddsDatanode}
2019-09-26 10:42:23,622 [main] INFO  server.AbstractConnector (AbstractConnector.java:doStart(278)) - Started ServerConnector@2b680207{HTTP/1.1,[http/1.1]}{0.0.0.0:40528}
2019-09-26 10:42:23,622 [main] INFO  server.Server (Server.java:doStart(419)) - Started @5704ms
2019-09-26 10:42:23,623 [main] WARN  impl.MetricsSystemImpl (MetricsSystemImpl.java:register(276)) - Sink prometheus already exists!
2019-09-26 10:42:23,624 [main] INFO  server.BaseHttpServer (BaseHttpServer.java:updateConnectorAddress(215)) - HTTP server of HDDSDATANODE is listening at http://0.0.0.0:40528
2019-09-26 10:42:23,624 [main] INFO  impl.MetricsSystemImpl (MetricsSystemImpl.java:init(158)) - HddsDatanode metrics system started (again)
2019-09-26 10:42:23,627 [main] INFO  ozone.HddsDatanodeService (HddsDatanodeService.java:start(184)) - HddsDatanodeService host:pr-hdds-1569-wvzgm-824869521 ip:192.168.30.13
2019-09-26 10:42:23,628 [org.apache.hadoop.util.JvmPauseMonitor$Monitor@3c0dc130] INFO  util.JvmPauseMonitor (JvmPauseMonitor.java:run(188)) - Starting JVM pause monitor
2019-09-26 10:42:23,631 [Datanode State Machine Thread - 0] INFO  datanode.InitDatanodeState (InitDatanodeState.java:persistContainerDatanodeDetails(140)) - DatanodeDetails is persisted to /workdir/hadoop-ozone/integration-test/target/test-dir/MiniOzoneClusterImpl-ba83c363-2963-4965-b6c8-e0e7e6227b06/datanode-2/meta/datanode.id
2019-09-26 10:42:23,637 [main] INFO  volume.HddsVolume (HddsVolume.java:<init>(176)) - Creating Volume: /workdir/hadoop-ozone/integration-test/target/test-dir/MiniOzoneClusterImpl-ba83c363-2963-4965-b6c8-e0e7e6227b06/datanode-3/data/containers/hdds of  storage type : DISK and capacity : 1482555576320
2019-09-26 10:42:23,637 [main] INFO  volume.VolumeSet (VolumeSet.java:initializeVolumeSet(170)) - Added Volume : /workdir/hadoop-ozone/integration-test/target/test-dir/MiniOzoneClusterImpl-ba83c363-2963-4965-b6c8-e0e7e6227b06/datanode-3/data/containers/hdds to VolumeSet
2019-09-26 10:42:23,637 [main] INFO  volume.ThrottledAsyncChecker (ThrottledAsyncChecker.java:schedule(139)) - Scheduling a check for org.apache.hadoop.ozone.container.common.volume.HddsVolume@7ecec90d
2019-09-26 10:42:23,638 [main] INFO  volume.HddsVolumeChecker (HddsVolumeChecker.java:checkAllVolumes(202)) - Scheduled health check for volume org.apache.hadoop.ozone.container.common.volume.HddsVolume@7ecec90d
2019-09-26 10:42:23,650 [main] INFO  impl.RaftServerProxy (ConfUtils.java:logGet(43)) - raft.rpc.type = GRPC (default)
2019-09-26 10:42:23,651 [main] INFO  grpc.GrpcFactory (GrpcFactory.java:checkPooledByteBufAllocatorUseCacheForAllThreads(45)) - PERFORMANCE WARNING: useCacheForAllThreads is true that may cause Netty to create a lot garbage objects and, as a result, trigger GC.
	It is recommended to disable useCacheForAllThreads by setting -Dorg.apache.ratis.thirdparty.io.netty.allocator.useCacheForAllThreads=false in command line.
2019-09-26 10:42:23,651 [main] INFO  grpc.GrpcConfigKeys$Server (ConfUtils.java:logGet(43)) - raft.grpc.server.port = 0 (default)
2019-09-26 10:42:23,651 [main] INFO  server.GrpcService (ConfUtils.java:logGet(43)) - raft.grpc.message.size.max = 33570816 (custom)
2019-09-26 10:42:23,651 [main] INFO  server.RaftServerConfigKeys (ConfUtils.java:logGet(43)) - raft.server.log.appender.buffer.byte-limit = 33554432 (custom)
2019-09-26 10:42:23,651 [main] INFO  server.GrpcService (ConfUtils.java:logGet(43)) - raft.grpc.flow.control.window = 1MB (=1048576) (default)
2019-09-26 10:42:23,652 [main] INFO  server.RaftServerConfigKeys (ConfUtils.java:logGet(43)) - raft.server.rpc.request.timeout = 3000ms (default)
2019-09-26 10:42:23,652 [main] INFO  server.RaftServerConfigKeys (ConfUtils.java:logGet(43)) - raft.server.storage.dir = [/workdir/hadoop-ozone/integration-test/target/test-dir/MiniOzoneClusterImpl-ba83c363-2963-4965-b6c8-e0e7e6227b06/datanode-3/data/ratis] (custom)
2019-09-26 10:42:23,654 [main] INFO  hdfs.DFSUtil (DFSUtil.java:httpServerTemplateForNNAndJN(1641)) - Starting Web-server for hddsDatanode at: http://0.0.0.0:0
2019-09-26 10:42:23,655 [main] INFO  server.AuthenticationFilter (AuthenticationFilter.java:constructSecretProvider(240)) - Unable to initialize FileSignerSecretProvider, falling back to use random secrets.
2019-09-26 10:42:23,655 [main] WARN  http.HttpRequestLog (HttpRequestLog.java:getRequestLog(97)) - Jetty request log can only be enabled using Log4j
2019-09-26 10:42:23,656 [main] INFO  http.HttpServer2 (HttpServer2.java:addGlobalFilter(975)) - Added global filter 'safety' (class=org.apache.hadoop.http.HttpServer2$QuotingInputFilter)
2019-09-26 10:42:23,657 [main] INFO  http.HttpServer2 (HttpServer2.java:addFilter(948)) - Added filter static_user_filter (class=org.apache.hadoop.http.lib.StaticUserWebFilter$StaticUserFilter) to context hddsDatanode
2019-09-26 10:42:23,657 [main] INFO  http.HttpServer2 (HttpServer2.java:addFilter(958)) - Added filter static_user_filter (class=org.apache.hadoop.http.lib.StaticUserWebFilter$StaticUserFilter) to context static
2019-09-26 10:42:23,657 [main] INFO  http.HttpServer2 (HttpServer2.java:addFilter(958)) - Added filter static_user_filter (class=org.apache.hadoop.http.lib.StaticUserWebFilter$StaticUserFilter) to context logs
2019-09-26 10:42:23,658 [main] INFO  http.HttpServer2 (HttpServer2.java:bindListener(1191)) - Jetty bound to port 36178
2019-09-26 10:42:23,658 [main] INFO  server.Server (Server.java:doStart(351)) - jetty-9.3.25.v20180904, build timestamp: 2018-09-04T21:11:46Z, git hash: 3ce520221d0240229c862b122d2b06c12a625732
2019-09-26 10:42:23,662 [main] INFO  handler.ContextHandler (ContextHandler.java:doStart(781)) - Started o.e.j.s.ServletContextHandler@7724704f{/logs,file:///workdir/hadoop-ozone/integration-test/target/log,AVAILABLE}
2019-09-26 10:42:23,663 [main] INFO  handler.ContextHandler (ContextHandler.java:doStart(781)) - Started o.e.j.s.ServletContextHandler@4ce94d2f{/static,jar:file:/home/user/.m2/repository/org/apache/hadoop/hadoop-hdds-container-service/0.5.0-SNAPSHOT/hadoop-hdds-container-service-0.5.0-SNAPSHOT.jar!/webapps/static,AVAILABLE}
2019-09-26 10:42:23,704 [main] INFO  handler.ContextHandler (ContextHandler.java:doStart(781)) - Started o.e.j.w.WebAppContext@4e1a46fb{/,file:///tmp/jetty-0.0.0.0-36178-hddsDatanode-_-any-1852163136720593528.dir/webapp/,AVAILABLE}{/hddsDatanode}
2019-09-26 10:42:23,706 [main] INFO  server.AbstractConnector (AbstractConnector.java:doStart(278)) - Started ServerConnector@69fe0ed4{HTTP/1.1,[http/1.1]}{0.0.0.0:36178}
2019-09-26 10:42:23,706 [main] INFO  server.Server (Server.java:doStart(419)) - Started @5788ms
2019-09-26 10:42:23,707 [main] WARN  impl.MetricsSystemImpl (MetricsSystemImpl.java:register(276)) - Sink prometheus already exists!
2019-09-26 10:42:23,708 [main] INFO  server.BaseHttpServer (BaseHttpServer.java:updateConnectorAddress(215)) - HTTP server of HDDSDATANODE is listening at http://0.0.0.0:36178
2019-09-26 10:42:23,708 [main] INFO  impl.MetricsSystemImpl (MetricsSystemImpl.java:init(158)) - HddsDatanode metrics system started (again)
2019-09-26 10:42:23,712 [org.apache.hadoop.util.JvmPauseMonitor$Monitor@58e7efb3] INFO  util.JvmPauseMonitor (JvmPauseMonitor.java:run(188)) - Starting JVM pause monitor
2019-09-26 10:42:23,713 [main] INFO  ozone.HddsDatanodeService (HddsDatanodeService.java:start(184)) - HddsDatanodeService host:pr-hdds-1569-wvzgm-824869521 ip:192.168.30.13
2019-09-26 10:42:23,716 [Datanode State Machine Thread - 0] INFO  datanode.InitDatanodeState (InitDatanodeState.java:persistContainerDatanodeDetails(140)) - DatanodeDetails is persisted to /workdir/hadoop-ozone/integration-test/target/test-dir/MiniOzoneClusterImpl-ba83c363-2963-4965-b6c8-e0e7e6227b06/datanode-3/meta/datanode.id
2019-09-26 10:42:23,725 [main] INFO  volume.HddsVolume (HddsVolume.java:<init>(176)) - Creating Volume: /workdir/hadoop-ozone/integration-test/target/test-dir/MiniOzoneClusterImpl-ba83c363-2963-4965-b6c8-e0e7e6227b06/datanode-4/data/containers/hdds of  storage type : DISK and capacity : 1482555576320
2019-09-26 10:42:23,725 [main] INFO  volume.VolumeSet (VolumeSet.java:initializeVolumeSet(170)) - Added Volume : /workdir/hadoop-ozone/integration-test/target/test-dir/MiniOzoneClusterImpl-ba83c363-2963-4965-b6c8-e0e7e6227b06/datanode-4/data/containers/hdds to VolumeSet
2019-09-26 10:42:23,726 [main] INFO  volume.ThrottledAsyncChecker (ThrottledAsyncChecker.java:schedule(139)) - Scheduling a check for org.apache.hadoop.ozone.container.common.volume.HddsVolume@56dfab87
2019-09-26 10:42:23,726 [main] INFO  volume.HddsVolumeChecker (HddsVolumeChecker.java:checkAllVolumes(202)) - Scheduled health check for volume org.apache.hadoop.ozone.container.common.volume.HddsVolume@56dfab87
2019-09-26 10:42:23,746 [main] INFO  impl.RaftServerProxy (ConfUtils.java:logGet(43)) - raft.rpc.type = GRPC (default)
2019-09-26 10:42:23,746 [main] INFO  grpc.GrpcFactory (GrpcFactory.java:checkPooledByteBufAllocatorUseCacheForAllThreads(45)) - PERFORMANCE WARNING: useCacheForAllThreads is true that may cause Netty to create a lot garbage objects and, as a result, trigger GC.
	It is recommended to disable useCacheForAllThreads by setting -Dorg.apache.ratis.thirdparty.io.netty.allocator.useCacheForAllThreads=false in command line.
2019-09-26 10:42:23,747 [main] INFO  grpc.GrpcConfigKeys$Server (ConfUtils.java:logGet(43)) - raft.grpc.server.port = 0 (default)
2019-09-26 10:42:23,747 [main] INFO  server.GrpcService (ConfUtils.java:logGet(43)) - raft.grpc.message.size.max = 33570816 (custom)
2019-09-26 10:42:23,747 [main] INFO  server.RaftServerConfigKeys (ConfUtils.java:logGet(43)) - raft.server.log.appender.buffer.byte-limit = 33554432 (custom)
2019-09-26 10:42:23,748 [main] INFO  server.GrpcService (ConfUtils.java:logGet(43)) - raft.grpc.flow.control.window = 1MB (=1048576) (default)
2019-09-26 10:42:23,748 [main] INFO  server.RaftServerConfigKeys (ConfUtils.java:logGet(43)) - raft.server.rpc.request.timeout = 3000ms (default)
2019-09-26 10:42:23,749 [main] INFO  server.RaftServerConfigKeys (ConfUtils.java:logGet(43)) - raft.server.storage.dir = [/workdir/hadoop-ozone/integration-test/target/test-dir/MiniOzoneClusterImpl-ba83c363-2963-4965-b6c8-e0e7e6227b06/datanode-4/data/ratis] (custom)
2019-09-26 10:42:23,751 [main] INFO  hdfs.DFSUtil (DFSUtil.java:httpServerTemplateForNNAndJN(1641)) - Starting Web-server for hddsDatanode at: http://0.0.0.0:0
2019-09-26 10:42:23,752 [main] INFO  server.AuthenticationFilter (AuthenticationFilter.java:constructSecretProvider(240)) - Unable to initialize FileSignerSecretProvider, falling back to use random secrets.
2019-09-26 10:42:23,753 [main] WARN  http.HttpRequestLog (HttpRequestLog.java:getRequestLog(97)) - Jetty request log can only be enabled using Log4j
2019-09-26 10:42:23,755 [main] INFO  http.HttpServer2 (HttpServer2.java:addGlobalFilter(975)) - Added global filter 'safety' (class=org.apache.hadoop.http.HttpServer2$QuotingInputFilter)
2019-09-26 10:42:23,756 [main] INFO  http.HttpServer2 (HttpServer2.java:addFilter(948)) - Added filter static_user_filter (class=org.apache.hadoop.http.lib.StaticUserWebFilter$StaticUserFilter) to context hddsDatanode
2019-09-26 10:42:23,756 [main] INFO  http.HttpServer2 (HttpServer2.java:addFilter(958)) - Added filter static_user_filter (class=org.apache.hadoop.http.lib.StaticUserWebFilter$StaticUserFilter) to context logs
2019-09-26 10:42:23,756 [main] INFO  http.HttpServer2 (HttpServer2.java:addFilter(958)) - Added filter static_user_filter (class=org.apache.hadoop.http.lib.StaticUserWebFilter$StaticUserFilter) to context static
2019-09-26 10:42:23,757 [main] INFO  http.HttpServer2 (HttpServer2.java:bindListener(1191)) - Jetty bound to port 35268
2019-09-26 10:42:23,757 [main] INFO  server.Server (Server.java:doStart(351)) - jetty-9.3.25.v20180904, build timestamp: 2018-09-04T21:11:46Z, git hash: 3ce520221d0240229c862b122d2b06c12a625732
2019-09-26 10:42:23,760 [main] INFO  handler.ContextHandler (ContextHandler.java:doStart(781)) - Started o.e.j.s.ServletContextHandler@45acdd11{/logs,file:///workdir/hadoop-ozone/integration-test/target/log,AVAILABLE}
2019-09-26 10:42:23,761 [main] INFO  handler.ContextHandler (ContextHandler.java:doStart(781)) - Started o.e.j.s.ServletContextHandler@237f7970{/static,jar:file:/home/user/.m2/repository/org/apache/hadoop/hadoop-hdds-container-service/0.5.0-SNAPSHOT/hadoop-hdds-container-service-0.5.0-SNAPSHOT.jar!/webapps/static,AVAILABLE}
2019-09-26 10:42:23,795 [main] INFO  handler.ContextHandler (ContextHandler.java:doStart(781)) - Started o.e.j.w.WebAppContext@618ff5c2{/,file:///tmp/jetty-0.0.0.0-35268-hddsDatanode-_-any-2348961863919440997.dir/webapp/,AVAILABLE}{/hddsDatanode}
2019-09-26 10:42:23,795 [main] INFO  server.AbstractConnector (AbstractConnector.java:doStart(278)) - Started ServerConnector@16727bf0{HTTP/1.1,[http/1.1]}{0.0.0.0:35268}
2019-09-26 10:42:23,796 [main] INFO  server.Server (Server.java:doStart(419)) - Started @5878ms
2019-09-26 10:42:23,796 [main] WARN  impl.MetricsSystemImpl (MetricsSystemImpl.java:register(276)) - Sink prometheus already exists!
2019-09-26 10:42:23,797 [main] INFO  server.BaseHttpServer (BaseHttpServer.java:updateConnectorAddress(215)) - HTTP server of HDDSDATANODE is listening at http://0.0.0.0:35268
2019-09-26 10:42:23,798 [main] INFO  impl.MetricsSystemImpl (MetricsSystemImpl.java:init(158)) - HddsDatanode metrics system started (again)
2019-09-26 10:42:23,803 [org.apache.hadoop.util.JvmPauseMonitor$Monitor@6e7a6722] INFO  util.JvmPauseMonitor (JvmPauseMonitor.java:run(188)) - Starting JVM pause monitor
2019-09-26 10:42:23,804 [main] INFO  ozone.HddsDatanodeService (HddsDatanodeService.java:start(184)) - HddsDatanodeService host:pr-hdds-1569-wvzgm-824869521 ip:192.168.30.13
2019-09-26 10:42:23,807 [Datanode State Machine Thread - 0] INFO  datanode.InitDatanodeState (InitDatanodeState.java:persistContainerDatanodeDetails(140)) - DatanodeDetails is persisted to /workdir/hadoop-ozone/integration-test/target/test-dir/MiniOzoneClusterImpl-ba83c363-2963-4965-b6c8-e0e7e6227b06/datanode-4/meta/datanode.id
2019-09-26 10:42:23,814 [main] INFO  volume.HddsVolume (HddsVolume.java:<init>(176)) - Creating Volume: /workdir/hadoop-ozone/integration-test/target/test-dir/MiniOzoneClusterImpl-ba83c363-2963-4965-b6c8-e0e7e6227b06/datanode-5/data/containers/hdds of  storage type : DISK and capacity : 1482555576320
2019-09-26 10:42:23,814 [main] INFO  volume.VolumeSet (VolumeSet.java:initializeVolumeSet(170)) - Added Volume : /workdir/hadoop-ozone/integration-test/target/test-dir/MiniOzoneClusterImpl-ba83c363-2963-4965-b6c8-e0e7e6227b06/datanode-5/data/containers/hdds to VolumeSet
2019-09-26 10:42:23,815 [main] INFO  volume.ThrottledAsyncChecker (ThrottledAsyncChecker.java:schedule(139)) - Scheduling a check for org.apache.hadoop.ozone.container.common.volume.HddsVolume@142213d5
2019-09-26 10:42:23,816 [main] INFO  volume.HddsVolumeChecker (HddsVolumeChecker.java:checkAllVolumes(202)) - Scheduled health check for volume org.apache.hadoop.ozone.container.common.volume.HddsVolume@142213d5
2019-09-26 10:42:23,841 [main] INFO  impl.RaftServerProxy (ConfUtils.java:logGet(43)) - raft.rpc.type = GRPC (default)
2019-09-26 10:42:23,841 [main] INFO  grpc.GrpcFactory (GrpcFactory.java:checkPooledByteBufAllocatorUseCacheForAllThreads(45)) - PERFORMANCE WARNING: useCacheForAllThreads is true that may cause Netty to create a lot garbage objects and, as a result, trigger GC.
	It is recommended to disable useCacheForAllThreads by setting -Dorg.apache.ratis.thirdparty.io.netty.allocator.useCacheForAllThreads=false in command line.
2019-09-26 10:42:23,841 [main] INFO  grpc.GrpcConfigKeys$Server (ConfUtils.java:logGet(43)) - raft.grpc.server.port = 0 (default)
2019-09-26 10:42:23,842 [main] INFO  server.GrpcService (ConfUtils.java:logGet(43)) - raft.grpc.message.size.max = 33570816 (custom)
2019-09-26 10:42:23,842 [main] INFO  server.RaftServerConfigKeys (ConfUtils.java:logGet(43)) - raft.server.log.appender.buffer.byte-limit = 33554432 (custom)
2019-09-26 10:42:23,842 [main] INFO  server.GrpcService (ConfUtils.java:logGet(43)) - raft.grpc.flow.control.window = 1MB (=1048576) (default)
2019-09-26 10:42:23,843 [main] INFO  server.RaftServerConfigKeys (ConfUtils.java:logGet(43)) - raft.server.rpc.request.timeout = 3000ms (default)
2019-09-26 10:42:23,844 [main] INFO  server.RaftServerConfigKeys (ConfUtils.java:logGet(43)) - raft.server.storage.dir = [/workdir/hadoop-ozone/integration-test/target/test-dir/MiniOzoneClusterImpl-ba83c363-2963-4965-b6c8-e0e7e6227b06/datanode-5/data/ratis] (custom)
2019-09-26 10:42:23,846 [main] INFO  hdfs.DFSUtil (DFSUtil.java:httpServerTemplateForNNAndJN(1641)) - Starting Web-server for hddsDatanode at: http://0.0.0.0:0
2019-09-26 10:42:23,847 [main] INFO  server.AuthenticationFilter (AuthenticationFilter.java:constructSecretProvider(240)) - Unable to initialize FileSignerSecretProvider, falling back to use random secrets.
2019-09-26 10:42:23,848 [main] WARN  http.HttpRequestLog (HttpRequestLog.java:getRequestLog(97)) - Jetty request log can only be enabled using Log4j
2019-09-26 10:42:23,850 [main] INFO  http.HttpServer2 (HttpServer2.java:addGlobalFilter(975)) - Added global filter 'safety' (class=org.apache.hadoop.http.HttpServer2$QuotingInputFilter)
2019-09-26 10:42:23,851 [main] INFO  http.HttpServer2 (HttpServer2.java:addFilter(948)) - Added filter static_user_filter (class=org.apache.hadoop.http.lib.StaticUserWebFilter$StaticUserFilter) to context hddsDatanode
2019-09-26 10:42:23,851 [main] INFO  http.HttpServer2 (HttpServer2.java:addFilter(958)) - Added filter static_user_filter (class=org.apache.hadoop.http.lib.StaticUserWebFilter$StaticUserFilter) to context static
2019-09-26 10:42:23,852 [main] INFO  http.HttpServer2 (HttpServer2.java:addFilter(958)) - Added filter static_user_filter (class=org.apache.hadoop.http.lib.StaticUserWebFilter$StaticUserFilter) to context logs
2019-09-26 10:42:23,853 [main] INFO  http.HttpServer2 (HttpServer2.java:bindListener(1191)) - Jetty bound to port 39756
2019-09-26 10:42:23,853 [main] INFO  server.Server (Server.java:doStart(351)) - jetty-9.3.25.v20180904, build timestamp: 2018-09-04T21:11:46Z, git hash: 3ce520221d0240229c862b122d2b06c12a625732
2019-09-26 10:42:23,855 [main] INFO  handler.ContextHandler (ContextHandler.java:doStart(781)) - Started o.e.j.s.ServletContextHandler@5f481b73{/logs,file:///workdir/hadoop-ozone/integration-test/target/log,AVAILABLE}
2019-09-26 10:42:23,856 [main] INFO  handler.ContextHandler (ContextHandler.java:doStart(781)) - Started o.e.j.s.ServletContextHandler@41294371{/static,jar:file:/home/user/.m2/repository/org/apache/hadoop/hadoop-hdds-container-service/0.5.0-SNAPSHOT/hadoop-hdds-container-service-0.5.0-SNAPSHOT.jar!/webapps/static,AVAILABLE}
2019-09-26 10:42:23,897 [main] INFO  handler.ContextHandler (ContextHandler.java:doStart(781)) - Started o.e.j.w.WebAppContext@26586b74{/,file:///tmp/jetty-0.0.0.0-39756-hddsDatanode-_-any-315397600257475250.dir/webapp/,AVAILABLE}{/hddsDatanode}
2019-09-26 10:42:23,901 [main] INFO  server.AbstractConnector (AbstractConnector.java:doStart(278)) - Started ServerConnector@52f57666{HTTP/1.1,[http/1.1]}{0.0.0.0:39756}
2019-09-26 10:42:23,902 [main] INFO  server.Server (Server.java:doStart(419)) - Started @5984ms
2019-09-26 10:42:23,903 [main] WARN  impl.MetricsSystemImpl (MetricsSystemImpl.java:register(276)) - Sink prometheus already exists!
2019-09-26 10:42:23,904 [main] INFO  server.BaseHttpServer (BaseHttpServer.java:updateConnectorAddress(215)) - HTTP server of HDDSDATANODE is listening at http://0.0.0.0:39756
2019-09-26 10:42:23,909 [main] INFO  ozone.MiniOzoneClusterImpl (MiniOzoneClusterImpl.java:lambda$waitForClusterToBeReady$0(147)) - Waiting for cluster to be ready. Got 0 of 6 DN Heartbeats.
2019-09-26 10:42:23,910 [org.apache.hadoop.util.JvmPauseMonitor$Monitor@4ed0f1fc] INFO  util.JvmPauseMonitor (JvmPauseMonitor.java:run(188)) - Starting JVM pause monitor
2019-09-26 10:42:23,914 [Datanode State Machine Thread - 0] INFO  datanode.InitDatanodeState (InitDatanodeState.java:persistContainerDatanodeDetails(140)) - DatanodeDetails is persisted to /workdir/hadoop-ozone/integration-test/target/test-dir/MiniOzoneClusterImpl-ba83c363-2963-4965-b6c8-e0e7e6227b06/datanode-5/meta/datanode.id
2019-09-26 10:42:24,910 [main] INFO  ozone.MiniOzoneClusterImpl (MiniOzoneClusterImpl.java:lambda$waitForClusterToBeReady$0(147)) - Waiting for cluster to be ready. Got 0 of 6 DN Heartbeats.
2019-09-26 10:42:25,532 [Datanode State Machine Thread - 0] INFO  ozoneimpl.OzoneContainer (OzoneContainer.java:start(217)) - Attempting to start container services.
2019-09-26 10:42:25,535 [Datanode State Machine Thread - 0] INFO  ozoneimpl.OzoneContainer (OzoneContainer.java:startContainerScrub(179)) - Background container scanner has been disabled.
2019-09-26 10:42:25,536 [Datanode State Machine Thread - 0] INFO  ratis.XceiverServerRatis (XceiverServerRatis.java:start(411)) - Starting XceiverServerRatis 28e56f19-9e9b-470a-a4d9-0b249a16b927 at port 0
2019-09-26 10:42:25,570 [Datanode State Machine Thread - 0] INFO  ozoneimpl.OzoneContainer (OzoneContainer.java:start(217)) - Attempting to start container services.
2019-09-26 10:42:25,576 [Datanode State Machine Thread - 0] INFO  impl.RaftServerProxy (RaftServerProxy.java:lambda$start$3(299)) - 28e56f19-9e9b-470a-a4d9-0b249a16b927: start RPC server
2019-09-26 10:42:25,578 [Datanode State Machine Thread - 0] INFO  ozoneimpl.OzoneContainer (OzoneContainer.java:startContainerScrub(179)) - Background container scanner has been disabled.
2019-09-26 10:42:25,579 [Datanode State Machine Thread - 0] INFO  ratis.XceiverServerRatis (XceiverServerRatis.java:start(411)) - Starting XceiverServerRatis 0d880a52-66cc-417f-8cd7-70609a5fbfa8 at port 0
2019-09-26 10:42:25,591 [Datanode State Machine Thread - 0] INFO  impl.RaftServerProxy (RaftServerProxy.java:lambda$start$3(299)) - 0d880a52-66cc-417f-8cd7-70609a5fbfa8: start RPC server
2019-09-26 10:42:25,643 [Datanode State Machine Thread - 0] INFO  ozoneimpl.OzoneContainer (OzoneContainer.java:start(217)) - Attempting to start container services.
2019-09-26 10:42:25,645 [Datanode State Machine Thread - 0] INFO  ozoneimpl.OzoneContainer (OzoneContainer.java:startContainerScrub(179)) - Background container scanner has been disabled.
2019-09-26 10:42:25,646 [Datanode State Machine Thread - 0] INFO  ratis.XceiverServerRatis (XceiverServerRatis.java:start(411)) - Starting XceiverServerRatis ba1aab4d-d107-47a2-be01-d124e86652a2 at port 0
2019-09-26 10:42:25,656 [Datanode State Machine Thread - 0] INFO  impl.RaftServerProxy (RaftServerProxy.java:lambda$start$3(299)) - ba1aab4d-d107-47a2-be01-d124e86652a2: start RPC server
2019-09-26 10:42:25,732 [Datanode State Machine Thread - 0] INFO  ozoneimpl.OzoneContainer (OzoneContainer.java:start(217)) - Attempting to start container services.
2019-09-26 10:42:25,741 [Datanode State Machine Thread - 0] INFO  ozoneimpl.OzoneContainer (OzoneContainer.java:startContainerScrub(179)) - Background container scanner has been disabled.
2019-09-26 10:42:25,742 [Datanode State Machine Thread - 0] INFO  ratis.XceiverServerRatis (XceiverServerRatis.java:start(411)) - Starting XceiverServerRatis 766dc5f6-32d2-4403-bd57-0044e97b5c0e at port 0
2019-09-26 10:42:25,756 [Datanode State Machine Thread - 0] INFO  impl.RaftServerProxy (RaftServerProxy.java:lambda$start$3(299)) - 766dc5f6-32d2-4403-bd57-0044e97b5c0e: start RPC server
2019-09-26 10:42:25,758 [Datanode State Machine Thread - 0] INFO  server.GrpcService (GrpcService.java:startImpl(158)) - 28e56f19-9e9b-470a-a4d9-0b249a16b927: GrpcService started, listening on 0.0.0.0/0.0.0.0:44834
2019-09-26 10:42:25,758 [Datanode State Machine Thread - 0] INFO  server.GrpcService (GrpcService.java:startImpl(158)) - ba1aab4d-d107-47a2-be01-d124e86652a2: GrpcService started, listening on 0.0.0.0/0.0.0.0:41615
2019-09-26 10:42:25,758 [Datanode State Machine Thread - 0] INFO  server.GrpcService (GrpcService.java:startImpl(158)) - 0d880a52-66cc-417f-8cd7-70609a5fbfa8: GrpcService started, listening on 0.0.0.0/0.0.0.0:41237
2019-09-26 10:42:25,762 [Datanode State Machine Thread - 0] INFO  ratis.XceiverServerRatis (XceiverServerRatis.java:start(421)) - XceiverServerRatis ba1aab4d-d107-47a2-be01-d124e86652a2 is started using port 41615
2019-09-26 10:42:25,762 [Datanode State Machine Thread - 0] INFO  server.GrpcService (GrpcService.java:startImpl(158)) - 766dc5f6-32d2-4403-bd57-0044e97b5c0e: GrpcService started, listening on 0.0.0.0/0.0.0.0:45523
2019-09-26 10:42:25,762 [Datanode State Machine Thread - 0] INFO  ratis.XceiverServerRatis (XceiverServerRatis.java:start(421)) - XceiverServerRatis 28e56f19-9e9b-470a-a4d9-0b249a16b927 is started using port 44834
2019-09-26 10:42:25,762 [Datanode State Machine Thread - 0] INFO  ratis.XceiverServerRatis (XceiverServerRatis.java:start(421)) - XceiverServerRatis 766dc5f6-32d2-4403-bd57-0044e97b5c0e is started using port 45523
2019-09-26 10:42:25,762 [Datanode State Machine Thread - 0] INFO  ratis.XceiverServerRatis (XceiverServerRatis.java:start(421)) - XceiverServerRatis 0d880a52-66cc-417f-8cd7-70609a5fbfa8 is started using port 41237
2019-09-26 10:42:25,773 [Datanode State Machine Thread - 0] INFO  server.XceiverServerGrpc (XceiverServerGrpc.java:start(149)) - XceiverServerGrpc 0d880a52-66cc-417f-8cd7-70609a5fbfa8 is started using port 45098
2019-09-26 10:42:25,773 [Datanode State Machine Thread - 0] INFO  server.XceiverServerGrpc (XceiverServerGrpc.java:start(149)) - XceiverServerGrpc ba1aab4d-d107-47a2-be01-d124e86652a2 is started using port 40503
2019-09-26 10:42:25,774 [Datanode State Machine Thread - 0] INFO  server.XceiverServerGrpc (XceiverServerGrpc.java:start(149)) - XceiverServerGrpc 766dc5f6-32d2-4403-bd57-0044e97b5c0e is started using port 33913
2019-09-26 10:42:25,773 [Datanode State Machine Thread - 0] INFO  server.XceiverServerGrpc (XceiverServerGrpc.java:start(149)) - XceiverServerGrpc 28e56f19-9e9b-470a-a4d9-0b249a16b927 is started using port 43890
2019-09-26 10:42:25,811 [Datanode State Machine Thread - 0] INFO  ozoneimpl.OzoneContainer (OzoneContainer.java:start(217)) - Attempting to start container services.
2019-09-26 10:42:25,812 [Datanode State Machine Thread - 0] INFO  ozoneimpl.OzoneContainer (OzoneContainer.java:startContainerScrub(179)) - Background container scanner has been disabled.
2019-09-26 10:42:25,812 [Datanode State Machine Thread - 0] INFO  ratis.XceiverServerRatis (XceiverServerRatis.java:start(411)) - Starting XceiverServerRatis b39f15a2-ed1b-46ef-9b39-c0ba6a9718b6 at port 0
2019-09-26 10:42:25,822 [Datanode State Machine Thread - 0] INFO  impl.RaftServerProxy (RaftServerProxy.java:lambda$start$3(299)) - b39f15a2-ed1b-46ef-9b39-c0ba6a9718b6: start RPC server
2019-09-26 10:42:25,826 [Datanode State Machine Thread - 0] INFO  server.GrpcService (GrpcService.java:startImpl(158)) - b39f15a2-ed1b-46ef-9b39-c0ba6a9718b6: GrpcService started, listening on 0.0.0.0/0.0.0.0:42810
2019-09-26 10:42:25,826 [Datanode State Machine Thread - 0] INFO  ratis.XceiverServerRatis (XceiverServerRatis.java:start(421)) - XceiverServerRatis b39f15a2-ed1b-46ef-9b39-c0ba6a9718b6 is started using port 42810
2019-09-26 10:42:25,830 [Datanode State Machine Thread - 0] INFO  server.XceiverServerGrpc (XceiverServerGrpc.java:start(149)) - XceiverServerGrpc b39f15a2-ed1b-46ef-9b39-c0ba6a9718b6 is started using port 46544
2019-09-26 10:42:25,911 [main] INFO  ozone.MiniOzoneClusterImpl (MiniOzoneClusterImpl.java:lambda$waitForClusterToBeReady$0(147)) - Waiting for cluster to be ready. Got 0 of 6 DN Heartbeats.
2019-09-26 10:42:25,925 [Datanode State Machine Thread - 0] INFO  ozoneimpl.OzoneContainer (OzoneContainer.java:start(217)) - Attempting to start container services.
2019-09-26 10:42:25,925 [Datanode State Machine Thread - 0] INFO  ozoneimpl.OzoneContainer (OzoneContainer.java:startContainerScrub(179)) - Background container scanner has been disabled.
2019-09-26 10:42:25,925 [Datanode State Machine Thread - 0] INFO  ratis.XceiverServerRatis (XceiverServerRatis.java:start(411)) - Starting XceiverServerRatis c2a6c9af-68b9-412f-956f-becf7b86d0d9 at port 0
2019-09-26 10:42:25,932 [Datanode State Machine Thread - 0] INFO  impl.RaftServerProxy (RaftServerProxy.java:lambda$start$3(299)) - c2a6c9af-68b9-412f-956f-becf7b86d0d9: start RPC server
2019-09-26 10:42:25,936 [Datanode State Machine Thread - 0] INFO  server.GrpcService (GrpcService.java:startImpl(158)) - c2a6c9af-68b9-412f-956f-becf7b86d0d9: GrpcService started, listening on 0.0.0.0/0.0.0.0:40379
2019-09-26 10:42:25,936 [Datanode State Machine Thread - 0] INFO  ratis.XceiverServerRatis (XceiverServerRatis.java:start(421)) - XceiverServerRatis c2a6c9af-68b9-412f-956f-becf7b86d0d9 is started using port 40379
2019-09-26 10:42:25,940 [Datanode State Machine Thread - 0] INFO  server.XceiverServerGrpc (XceiverServerGrpc.java:start(149)) - XceiverServerGrpc c2a6c9af-68b9-412f-956f-becf7b86d0d9 is started using port 44946
2019-09-26 10:42:26,911 [main] INFO  ozone.MiniOzoneClusterImpl (MiniOzoneClusterImpl.java:lambda$waitForClusterToBeReady$0(147)) - Waiting for cluster to be ready. Got 0 of 6 DN Heartbeats.
2019-09-26 10:42:27,518 [IPC Server handler 2 on 33249] INFO  net.NetworkTopology (NetworkTopologyImpl.java:add(111)) - Added a new node: /default-rack/28e56f19-9e9b-470a-a4d9-0b249a16b927
2019-09-26 10:42:27,518 [IPC Server handler 2 on 33249] INFO  node.SCMNodeManager (SCMNodeManager.java:register(266)) - Registered Data node : 28e56f19-9e9b-470a-a4d9-0b249a16b927{ip: 192.168.30.13, host: pr-hdds-1569-wvzgm-824869521, networkLocation: /default-rack, certSerialId: null}
2019-09-26 10:42:27,526 [EventQueue-NodeRegistrationContainerReportForDataNodeSafeModeRule] INFO  safemode.SCMSafeModeManager (DataNodeSafeModeRule.java:process(71)) - SCM in safe mode. 1 DataNodes registered, 1 required.
2019-09-26 10:42:27,526 [EventQueue-NodeRegistrationContainerReportForDataNodeSafeModeRule] INFO  safemode.SCMSafeModeManager (SCMSafeModeManager.java:validateSafeModeExitRules(177)) - ScmSafeModeManager, all rules are successfully validated
2019-09-26 10:42:27,526 [EventQueue-NodeRegistrationContainerReportForDataNodeSafeModeRule] INFO  safemode.SCMSafeModeManager (SCMSafeModeManager.java:exitSafeMode(193)) - SCM exiting safe mode.
2019-09-26 10:42:27,555 [IPC Server handler 3 on 33249] INFO  net.NetworkTopology (NetworkTopologyImpl.java:add(111)) - Added a new node: /default-rack/0d880a52-66cc-417f-8cd7-70609a5fbfa8
2019-09-26 10:42:27,555 [IPC Server handler 3 on 33249] INFO  node.SCMNodeManager (SCMNodeManager.java:register(266)) - Registered Data node : 0d880a52-66cc-417f-8cd7-70609a5fbfa8{ip: 192.168.30.13, host: pr-hdds-1569-wvzgm-824869521, networkLocation: /default-rack, certSerialId: null}
2019-09-26 10:42:27,632 [IPC Server handler 4 on 33249] INFO  net.NetworkTopology (NetworkTopologyImpl.java:add(111)) - Added a new node: /default-rack/ba1aab4d-d107-47a2-be01-d124e86652a2
2019-09-26 10:42:27,632 [IPC Server handler 4 on 33249] INFO  node.SCMNodeManager (SCMNodeManager.java:register(266)) - Registered Data node : ba1aab4d-d107-47a2-be01-d124e86652a2{ip: 192.168.30.13, host: pr-hdds-1569-wvzgm-824869521, networkLocation: /default-rack, certSerialId: null}
2019-09-26 10:42:27,716 [IPC Server handler 10 on 33249] INFO  net.NetworkTopology (NetworkTopologyImpl.java:add(111)) - Added a new node: /default-rack/766dc5f6-32d2-4403-bd57-0044e97b5c0e
2019-09-26 10:42:27,716 [IPC Server handler 10 on 33249] INFO  node.SCMNodeManager (SCMNodeManager.java:register(266)) - Registered Data node : 766dc5f6-32d2-4403-bd57-0044e97b5c0e{ip: 192.168.30.13, host: pr-hdds-1569-wvzgm-824869521, networkLocation: /default-rack, certSerialId: null}
2019-09-26 10:42:27,808 [IPC Server handler 1 on 33249] INFO  net.NetworkTopology (NetworkTopologyImpl.java:add(111)) - Added a new node: /default-rack/b39f15a2-ed1b-46ef-9b39-c0ba6a9718b6
2019-09-26 10:42:27,809 [IPC Server handler 1 on 33249] INFO  node.SCMNodeManager (SCMNodeManager.java:register(266)) - Registered Data node : b39f15a2-ed1b-46ef-9b39-c0ba6a9718b6{ip: 192.168.30.13, host: pr-hdds-1569-wvzgm-824869521, networkLocation: /default-rack, certSerialId: null}
2019-09-26 10:42:27,912 [main] INFO  ozone.MiniOzoneClusterImpl (MiniOzoneClusterImpl.java:lambda$waitForClusterToBeReady$0(147)) - Waiting for cluster to be ready. Got 5 of 6 DN Heartbeats.
2019-09-26 10:42:27,913 [IPC Server handler 2 on 33249] INFO  net.NetworkTopology (NetworkTopologyImpl.java:add(111)) - Added a new node: /default-rack/c2a6c9af-68b9-412f-956f-becf7b86d0d9
2019-09-26 10:42:27,913 [IPC Server handler 2 on 33249] INFO  node.SCMNodeManager (SCMNodeManager.java:register(266)) - Registered Data node : c2a6c9af-68b9-412f-956f-becf7b86d0d9{ip: 192.168.30.13, host: pr-hdds-1569-wvzgm-824869521, networkLocation: /default-rack, certSerialId: null}
2019-09-26 10:42:28,061 [grpc-default-executor-0] INFO  impl.RaftServerProxy (RaftServerProxy.java:addNew(89)) - 28e56f19-9e9b-470a-a4d9-0b249a16b927: addNew group-1D577BA7DA53:[28e56f19-9e9b-470a-a4d9-0b249a16b927:192.168.30.13:44834] returns group-1D577BA7DA53:java.util.concurrent.CompletableFuture@5c9c6fb8[Not completed]
2019-09-26 10:42:28,079 [pool-27-thread-1] INFO  impl.RaftServerImpl (RaftServerImpl.java:<init>(95)) - 28e56f19-9e9b-470a-a4d9-0b249a16b927: new RaftServerImpl for group-1D577BA7DA53:[28e56f19-9e9b-470a-a4d9-0b249a16b927:192.168.30.13:44834] with ContainerStateMachine:uninitialized
2019-09-26 10:42:28,081 [pool-27-thread-1] INFO  server.RaftServerConfigKeys (ConfUtils.java:logGet(43)) - raft.server.rpc.timeout.min = 5s (custom)
2019-09-26 10:42:28,082 [pool-27-thread-1] INFO  server.RaftServerConfigKeys (ConfUtils.java:logGet(43)) - raft.server.rpc.timeout.max = 5200ms (custom)
2019-09-26 10:42:28,083 [pool-27-thread-1] INFO  server.RaftServerConfigKeys (ConfUtils.java:logGet(43)) - raft.server.rpcslowness.timeout = 10s (custom)
2019-09-26 10:42:28,083 [pool-27-thread-1] INFO  server.RaftServerConfigKeys (ConfUtils.java:logGet(43)) - raft.server.sleep.deviation.threshold = 300 (default)
2019-09-26 10:42:28,084 [pool-27-thread-1] INFO  server.RaftServerConfigKeys (ConfUtils.java:logGet(43)) - raft.server.log.appender.install.snapshot.enabled = false (custom)
2019-09-26 10:42:28,091 [pool-27-thread-1] INFO  impl.RaftServerImpl (ServerState.java:<init>(103)) - 28e56f19-9e9b-470a-a4d9-0b249a16b927@group-1D577BA7DA53: ConfigurationManager, init=-1: [28e56f19-9e9b-470a-a4d9-0b249a16b927:192.168.30.13:44834], old=null, confs=<EMPTY_MAP>
2019-09-26 10:42:28,092 [pool-27-thread-1] INFO  server.RaftServerConfigKeys (ConfUtils.java:logGet(43)) - raft.server.storage.dir = [/workdir/hadoop-ozone/integration-test/target/test-dir/MiniOzoneClusterImpl-ba83c363-2963-4965-b6c8-e0e7e6227b06/datanode-0/data/ratis] (custom)
2019-09-26 10:42:28,099 [pool-27-thread-1] INFO  storage.RaftStorageDirectory (RaftStorageDirectory.java:analyzeStorage(246)) - The storage directory /workdir/hadoop-ozone/integration-test/target/test-dir/MiniOzoneClusterImpl-ba83c363-2963-4965-b6c8-e0e7e6227b06/datanode-0/data/ratis/0abd8f9f-fcdd-44f9-ae87-1d577ba7da53 does not exist. Creating ...
2019-09-26 10:42:28,116 [pool-27-thread-1] INFO  storage.RaftStorageDirectory (RaftStorageDirectory.java:tryLock(328)) - Lock on /workdir/hadoop-ozone/integration-test/target/test-dir/MiniOzoneClusterImpl-ba83c363-2963-4965-b6c8-e0e7e6227b06/datanode-0/data/ratis/0abd8f9f-fcdd-44f9-ae87-1d577ba7da53/in_use.lock acquired by nodename 12934@pr-hdds-1569-wvzgm-824869521
2019-09-26 10:42:28,131 [pool-27-thread-1] INFO  storage.RaftStorage (RaftStorage.java:format(72)) - Storage directory /workdir/hadoop-ozone/integration-test/target/test-dir/MiniOzoneClusterImpl-ba83c363-2963-4965-b6c8-e0e7e6227b06/datanode-0/data/ratis/0abd8f9f-fcdd-44f9-ae87-1d577ba7da53 has been successfully formatted.
2019-09-26 10:42:28,134 [pool-27-thread-1] INFO  ratis.ContainerStateMachine (ContainerStateMachine.java:loadSnapshot(230)) - group-1D577BA7DA53: The snapshot info is null. Setting the last applied indexto:(t:0, i:~)
2019-09-26 10:42:28,134 [pool-27-thread-1] INFO  server.RaftServerConfigKeys (ConfUtils.java:logGet(43)) - raft.server.notification.no-leader.timeout = 10s (custom)
2019-09-26 10:42:28,137 [pool-27-thread-1] INFO  server.RaftServerConfigKeys (ConfUtils.java:logGet(43)) - raft.server.log.use.memory = false (default)
2019-09-26 10:42:28,144 [pool-27-thread-1] INFO  server.RaftServerConfigKeys (ConfUtils.java:logGet(43)) - raft.server.log.purge.gap = 1000000 (custom)
2019-09-26 10:42:28,144 [pool-27-thread-1] INFO  server.RaftServerConfigKeys (ConfUtils.java:logGet(43)) - raft.server.log.appender.buffer.byte-limit = 33554432 (custom)
2019-09-26 10:42:28,147 [pool-27-thread-1] INFO  server.RaftServerConfigKeys (ConfUtils.java:logGet(43)) - raft.server.log.segment.size.max = 1048576 (custom)
2019-09-26 10:42:28,153 [pool-27-thread-1] INFO  server.RaftServerConfigKeys (ConfUtils.java:logGet(43)) - raft.server.log.segment.cache.num.max = 2 (custom)
2019-09-26 10:42:28,159 [pool-27-thread-1] INFO  segmented.SegmentedRaftLogWorker (SegmentedRaftLogWorker.java:<init>(172)) - new 28e56f19-9e9b-470a-a4d9-0b249a16b927@group-1D577BA7DA53-SegmentedRaftLogWorker for RaftStorage:Storage Directory /workdir/hadoop-ozone/integration-test/target/test-dir/MiniOzoneClusterImpl-ba83c363-2963-4965-b6c8-e0e7e6227b06/datanode-0/data/ratis/0abd8f9f-fcdd-44f9-ae87-1d577ba7da53
2019-09-26 10:42:28,161 [pool-27-thread-1] INFO  impl.MetricsSystemImpl (MetricsSystemImpl.java:init(158)) - ratis metrics system started (again)
2019-09-26 10:42:28,168 [pool-27-thread-1] INFO  metrics.MetricRegistries (MetricRegistriesLoader.java:load(64)) - Loaded MetricRegistries class org.apache.ratis.metrics.impl.MetricRegistriesImpl
2019-09-26 10:42:28,199 [pool-27-thread-1] INFO  server.RaftServerConfigKeys (ConfUtils.java:logGet(43)) - raft.server.log.queue.byte-limit = 2147483647 (custom)
2019-09-26 10:42:28,200 [pool-27-thread-1] INFO  server.RaftServerConfigKeys (ConfUtils.java:logGet(43)) - raft.server.log.queue.element-limit = 1024 (custom)
2019-09-26 10:42:28,203 [pool-27-thread-1] INFO  server.RaftServerConfigKeys (ConfUtils.java:logGet(43)) - raft.server.log.segment.size.max = 1048576 (custom)
2019-09-26 10:42:28,204 [pool-27-thread-1] INFO  server.RaftServerConfigKeys (ConfUtils.java:logGet(43)) - raft.server.log.preallocated.size = 16384 (custom)
2019-09-26 10:42:28,204 [pool-27-thread-1] INFO  server.RaftServerConfigKeys (ConfUtils.java:logGet(43)) - raft.server.log.write.buffer.size = 33554432 (custom)
2019-09-26 10:42:28,205 [pool-27-thread-1] INFO  server.RaftServerConfigKeys (ConfUtils.java:logGet(43)) - raft.server.log.force.sync.num = 128 (default)
2019-09-26 10:42:28,206 [pool-27-thread-1] INFO  server.RaftServerConfigKeys (ConfUtils.java:logGet(43)) - raft.server.log.statemachine.data.sync = true (default)
2019-09-26 10:42:28,206 [pool-27-thread-1] INFO  server.RaftServerConfigKeys (ConfUtils.java:logGet(43)) - raft.server.log.statemachine.data.sync.timeout = 10s (default)
2019-09-26 10:42:28,206 [pool-27-thread-1] INFO  server.RaftServerConfigKeys (ConfUtils.java:logGet(43)) - raft.server.log.statemachine.data.sync.timeout.retry = -1 (default)
2019-09-26 10:42:28,216 [pool-27-thread-1] INFO  server.RaftServerConfigKeys (ConfUtils.java:logGet(43)) - raft.server.log.statemachine.data.caching.enabled = true (custom)
2019-09-26 10:42:28,221 [pool-27-thread-1] INFO  segmented.SegmentedRaftLogWorker (SegmentedRaftLogWorker.java:lambda$new$0(132)) - 28e56f19-9e9b-470a-a4d9-0b249a16b927@group-1D577BA7DA53-SegmentedRaftLogWorker: flushIndex: setUnconditionally 0 -> -1
2019-09-26 10:42:28,225 [pool-27-thread-1] INFO  server.RaftServerConfigKeys (ConfUtils.java:logGet(43)) - raft.server.snapshot.auto.trigger.enabled = true (custom)
2019-09-26 10:42:28,226 [pool-27-thread-1] INFO  server.RaftServerConfigKeys (ConfUtils.java:logGet(43)) - raft.server.snapshot.auto.trigger.threshold = 10000 (custom)
2019-09-26 10:42:28,226 [pool-27-thread-1] INFO  server.RaftServerConfigKeys (ConfUtils.java:logGet(43)) - raft.server.snapshot.retention.num.files = 5 (custom)
2019-09-26 10:42:28,227 [pool-27-thread-1] INFO  server.RaftServerConfigKeys (ConfUtils.java:logGet(43)) - raft.server.retrycache.expirytime = 600000ms (custom)
2019-09-26 10:42:28,253 [pool-27-thread-1] INFO  impl.RaftServerImpl (RaftServerImpl.java:start(185)) - 28e56f19-9e9b-470a-a4d9-0b249a16b927@group-1D577BA7DA53: start as a follower, conf=-1: [28e56f19-9e9b-470a-a4d9-0b249a16b927:192.168.30.13:44834], old=null
2019-09-26 10:42:28,253 [pool-27-thread-1] INFO  impl.RaftServerImpl (RaftServerImpl.java:setRole(174)) - 28e56f19-9e9b-470a-a4d9-0b249a16b927@group-1D577BA7DA53: changes role from      null to FOLLOWER at term 0 for startAsFollower
2019-09-26 10:42:28,255 [pool-27-thread-1] INFO  impl.RoleInfo (RoleInfo.java:updateAndGet(143)) - 28e56f19-9e9b-470a-a4d9-0b249a16b927: start FollowerState
2019-09-26 10:42:28,256 [pool-27-thread-1] INFO  util.JmxRegister (JmxRegister.java:tryRegister(44)) - Successfully registered JMX Bean with object name Ratis:service=RaftServer,group=group-1D577BA7DA53,id=28e56f19-9e9b-470a-a4d9-0b249a16b927
2019-09-26 10:42:28,327 [RatisPipelineUtilsThread] INFO  pipeline.PipelineStateManager (PipelineStateManager.java:addPipeline(56)) - Created pipeline Pipeline[ Id: 0abd8f9f-fcdd-44f9-ae87-1d577ba7da53, Nodes: 28e56f19-9e9b-470a-a4d9-0b249a16b927{ip: 192.168.30.13, host: pr-hdds-1569-wvzgm-824869521, networkLocation: /default-rack, certSerialId: null}, Type:RATIS, Factor:ONE, State:OPEN]
2019-09-26 10:42:28,363 [grpc-default-executor-0] INFO  impl.RaftServerProxy (RaftServerProxy.java:addNew(89)) - 0d880a52-66cc-417f-8cd7-70609a5fbfa8: addNew group-8BAE5A25C3E4:[0d880a52-66cc-417f-8cd7-70609a5fbfa8:192.168.30.13:41237] returns group-8BAE5A25C3E4:java.util.concurrent.CompletableFuture@18754363[Not completed]
2019-09-26 10:42:28,417 [pool-37-thread-1] INFO  impl.RaftServerImpl (RaftServerImpl.java:<init>(95)) - 0d880a52-66cc-417f-8cd7-70609a5fbfa8: new RaftServerImpl for group-8BAE5A25C3E4:[0d880a52-66cc-417f-8cd7-70609a5fbfa8:192.168.30.13:41237] with ContainerStateMachine:uninitialized
2019-09-26 10:42:28,419 [pool-37-thread-1] INFO  server.RaftServerConfigKeys (ConfUtils.java:logGet(43)) - raft.server.rpc.timeout.min = 5s (custom)
2019-09-26 10:42:28,419 [pool-37-thread-1] INFO  server.RaftServerConfigKeys (ConfUtils.java:logGet(43)) - raft.server.rpc.timeout.max = 5200ms (custom)
2019-09-26 10:42:28,420 [pool-37-thread-1] INFO  server.RaftServerConfigKeys (ConfUtils.java:logGet(43)) - raft.server.rpcslowness.timeout = 10s (custom)
2019-09-26 10:42:28,420 [pool-37-thread-1] INFO  server.RaftServerConfigKeys (ConfUtils.java:logGet(43)) - raft.server.sleep.deviation.threshold = 300 (default)
2019-09-26 10:42:28,420 [pool-37-thread-1] INFO  server.RaftServerConfigKeys (ConfUtils.java:logGet(43)) - raft.server.log.appender.install.snapshot.enabled = false (custom)
2019-09-26 10:42:28,420 [pool-37-thread-1] INFO  impl.RaftServerImpl (ServerState.java:<init>(103)) - 0d880a52-66cc-417f-8cd7-70609a5fbfa8@group-8BAE5A25C3E4: ConfigurationManager, init=-1: [0d880a52-66cc-417f-8cd7-70609a5fbfa8:192.168.30.13:41237], old=null, confs=<EMPTY_MAP>
2019-09-26 10:42:28,420 [pool-37-thread-1] INFO  server.RaftServerConfigKeys (ConfUtils.java:logGet(43)) - raft.server.storage.dir = [/workdir/hadoop-ozone/integration-test/target/test-dir/MiniOzoneClusterImpl-ba83c363-2963-4965-b6c8-e0e7e6227b06/datanode-1/data/ratis] (custom)
2019-09-26 10:42:28,421 [pool-37-thread-1] INFO  storage.RaftStorageDirectory (RaftStorageDirectory.java:analyzeStorage(246)) - The storage directory /workdir/hadoop-ozone/integration-test/target/test-dir/MiniOzoneClusterImpl-ba83c363-2963-4965-b6c8-e0e7e6227b06/datanode-1/data/ratis/56c90041-3a1f-4134-98b3-8bae5a25c3e4 does not exist. Creating ...
2019-09-26 10:42:28,435 [pool-37-thread-1] INFO  storage.RaftStorageDirectory (RaftStorageDirectory.java:tryLock(328)) - Lock on /workdir/hadoop-ozone/integration-test/target/test-dir/MiniOzoneClusterImpl-ba83c363-2963-4965-b6c8-e0e7e6227b06/datanode-1/data/ratis/56c90041-3a1f-4134-98b3-8bae5a25c3e4/in_use.lock acquired by nodename 12934@pr-hdds-1569-wvzgm-824869521
2019-09-26 10:42:28,448 [pool-37-thread-1] INFO  storage.RaftStorage (RaftStorage.java:format(72)) - Storage directory /workdir/hadoop-ozone/integration-test/target/test-dir/MiniOzoneClusterImpl-ba83c363-2963-4965-b6c8-e0e7e6227b06/datanode-1/data/ratis/56c90041-3a1f-4134-98b3-8bae5a25c3e4 has been successfully formatted.
2019-09-26 10:42:28,449 [pool-37-thread-1] INFO  ratis.ContainerStateMachine (ContainerStateMachine.java:loadSnapshot(230)) - group-8BAE5A25C3E4: The snapshot info is null. Setting the last applied indexto:(t:0, i:~)
2019-09-26 10:42:28,450 [pool-37-thread-1] INFO  server.RaftServerConfigKeys (ConfUtils.java:logGet(43)) - raft.server.notification.no-leader.timeout = 10s (custom)
2019-09-26 10:42:28,450 [pool-37-thread-1] INFO  server.RaftServerConfigKeys (ConfUtils.java:logGet(43)) - raft.server.log.use.memory = false (default)
2019-09-26 10:42:28,451 [pool-37-thread-1] INFO  server.RaftServerConfigKeys (ConfUtils.java:logGet(43)) - raft.server.log.purge.gap = 1000000 (custom)
2019-09-26 10:42:28,451 [pool-37-thread-1] INFO  server.RaftServerConfigKeys (ConfUtils.java:logGet(43)) - raft.server.log.appender.buffer.byte-limit = 33554432 (custom)
2019-09-26 10:42:28,451 [pool-37-thread-1] INFO  server.RaftServerConfigKeys (ConfUtils.java:logGet(43)) - raft.server.log.segment.size.max = 1048576 (custom)
2019-09-26 10:42:28,451 [pool-37-thread-1] INFO  server.RaftServerConfigKeys (ConfUtils.java:logGet(43)) - raft.server.log.segment.cache.num.max = 2 (custom)
2019-09-26 10:42:28,451 [pool-37-thread-1] INFO  segmented.SegmentedRaftLogWorker (SegmentedRaftLogWorker.java:<init>(172)) - new 0d880a52-66cc-417f-8cd7-70609a5fbfa8@group-8BAE5A25C3E4-SegmentedRaftLogWorker for RaftStorage:Storage Directory /workdir/hadoop-ozone/integration-test/target/test-dir/MiniOzoneClusterImpl-ba83c363-2963-4965-b6c8-e0e7e6227b06/datanode-1/data/ratis/56c90041-3a1f-4134-98b3-8bae5a25c3e4
2019-09-26 10:42:28,457 [pool-37-thread-1] INFO  server.RaftServerConfigKeys (ConfUtils.java:logGet(43)) - raft.server.log.queue.byte-limit = 2147483647 (custom)
2019-09-26 10:42:28,457 [pool-37-thread-1] INFO  server.RaftServerConfigKeys (ConfUtils.java:logGet(43)) - raft.server.log.queue.element-limit = 1024 (custom)
2019-09-26 10:42:28,457 [pool-37-thread-1] INFO  server.RaftServerConfigKeys (ConfUtils.java:logGet(43)) - raft.server.log.segment.size.max = 1048576 (custom)
2019-09-26 10:42:28,457 [pool-37-thread-1] INFO  server.RaftServerConfigKeys (ConfUtils.java:logGet(43)) - raft.server.log.preallocated.size = 16384 (custom)
2019-09-26 10:42:28,458 [pool-37-thread-1] INFO  server.RaftServerConfigKeys (ConfUtils.java:logGet(43)) - raft.server.log.write.buffer.size = 33554432 (custom)
2019-09-26 10:42:28,458 [pool-37-thread-1] INFO  server.RaftServerConfigKeys (ConfUtils.java:logGet(43)) - raft.server.log.force.sync.num = 128 (default)
2019-09-26 10:42:28,458 [pool-37-thread-1] INFO  server.RaftServerConfigKeys (ConfUtils.java:logGet(43)) - raft.server.log.statemachine.data.sync = true (default)
2019-09-26 10:42:28,458 [pool-37-thread-1] INFO  server.RaftServerConfigKeys (ConfUtils.java:logGet(43)) - raft.server.log.statemachine.data.sync.timeout = 10s (default)
2019-09-26 10:42:28,458 [pool-37-thread-1] INFO  server.RaftServerConfigKeys (ConfUtils.java:logGet(43)) - raft.server.log.statemachine.data.sync.timeout.retry = -1 (default)
2019-09-26 10:42:28,458 [pool-37-thread-1] INFO  server.RaftServerConfigKeys (ConfUtils.java:logGet(43)) - raft.server.log.statemachine.data.caching.enabled = true (custom)
2019-09-26 10:42:28,459 [pool-37-thread-1] INFO  segmented.SegmentedRaftLogWorker (SegmentedRaftLogWorker.java:lambda$new$0(132)) - 0d880a52-66cc-417f-8cd7-70609a5fbfa8@group-8BAE5A25C3E4-SegmentedRaftLogWorker: flushIndex: setUnconditionally 0 -> -1
2019-09-26 10:42:28,459 [pool-37-thread-1] INFO  server.RaftServerConfigKeys (ConfUtils.java:logGet(43)) - raft.server.snapshot.auto.trigger.enabled = true (custom)
2019-09-26 10:42:28,459 [pool-37-thread-1] INFO  server.RaftServerConfigKeys (ConfUtils.java:logGet(43)) - raft.server.snapshot.auto.trigger.threshold = 10000 (custom)
2019-09-26 10:42:28,459 [pool-37-thread-1] INFO  server.RaftServerConfigKeys (ConfUtils.java:logGet(43)) - raft.server.snapshot.retention.num.files = 5 (custom)
2019-09-26 10:42:28,460 [pool-37-thread-1] INFO  server.RaftServerConfigKeys (ConfUtils.java:logGet(43)) - raft.server.retrycache.expirytime = 600000ms (custom)
2019-09-26 10:42:28,464 [pool-37-thread-1] INFO  impl.RaftServerImpl (RaftServerImpl.java:start(185)) - 0d880a52-66cc-417f-8cd7-70609a5fbfa8@group-8BAE5A25C3E4: start as a follower, conf=-1: [0d880a52-66cc-417f-8cd7-70609a5fbfa8:192.168.30.13:41237], old=null
2019-09-26 10:42:28,464 [pool-37-thread-1] INFO  impl.RaftServerImpl (RaftServerImpl.java:setRole(174)) - 0d880a52-66cc-417f-8cd7-70609a5fbfa8@group-8BAE5A25C3E4: changes role from      null to FOLLOWER at term 0 for startAsFollower
2019-09-26 10:42:28,464 [pool-37-thread-1] INFO  impl.RoleInfo (RoleInfo.java:updateAndGet(143)) - 0d880a52-66cc-417f-8cd7-70609a5fbfa8: start FollowerState
2019-09-26 10:42:28,466 [pool-37-thread-1] INFO  util.JmxRegister (JmxRegister.java:tryRegister(44)) - Successfully registered JMX Bean with object name Ratis:service=RaftServer,group=group-8BAE5A25C3E4,id=0d880a52-66cc-417f-8cd7-70609a5fbfa8
2019-09-26 10:42:28,480 [RatisPipelineUtilsThread] INFO  pipeline.PipelineStateManager (PipelineStateManager.java:addPipeline(56)) - Created pipeline Pipeline[ Id: 56c90041-3a1f-4134-98b3-8bae5a25c3e4, Nodes: 0d880a52-66cc-417f-8cd7-70609a5fbfa8{ip: 192.168.30.13, host: pr-hdds-1569-wvzgm-824869521, networkLocation: /default-rack, certSerialId: null}, Type:RATIS, Factor:ONE, State:OPEN]
2019-09-26 10:42:28,497 [grpc-default-executor-0] INFO  impl.RaftServerProxy (RaftServerProxy.java:addNew(89)) - 0d880a52-66cc-417f-8cd7-70609a5fbfa8: addNew group-B5D587C24CAB:[0d880a52-66cc-417f-8cd7-70609a5fbfa8:192.168.30.13:41237] returns group-B5D587C24CAB:java.util.concurrent.CompletableFuture@4683753f[Not completed]
2019-09-26 10:42:28,499 [pool-37-thread-1] INFO  impl.RaftServerImpl (RaftServerImpl.java:<init>(95)) - 0d880a52-66cc-417f-8cd7-70609a5fbfa8: new RaftServerImpl for group-B5D587C24CAB:[0d880a52-66cc-417f-8cd7-70609a5fbfa8:192.168.30.13:41237] with ContainerStateMachine:uninitialized
2019-09-26 10:42:28,499 [pool-37-thread-1] INFO  server.RaftServerConfigKeys (ConfUtils.java:logGet(43)) - raft.server.rpc.timeout.min = 5s (custom)
2019-09-26 10:42:28,499 [pool-37-thread-1] INFO  server.RaftServerConfigKeys (ConfUtils.java:logGet(43)) - raft.server.rpc.timeout.max = 5200ms (custom)
2019-09-26 10:42:28,499 [pool-37-thread-1] INFO  server.RaftServerConfigKeys (ConfUtils.java:logGet(43)) - raft.server.rpcslowness.timeout = 10s (custom)
2019-09-26 10:42:28,500 [pool-37-thread-1] INFO  server.RaftServerConfigKeys (ConfUtils.java:logGet(43)) - raft.server.sleep.deviation.threshold = 300 (default)
2019-09-26 10:42:28,500 [pool-37-thread-1] INFO  server.RaftServerConfigKeys (ConfUtils.java:logGet(43)) - raft.server.log.appender.install.snapshot.enabled = false (custom)
2019-09-26 10:42:28,500 [pool-37-thread-1] INFO  impl.RaftServerImpl (ServerState.java:<init>(103)) - 0d880a52-66cc-417f-8cd7-70609a5fbfa8@group-B5D587C24CAB: ConfigurationManager, init=-1: [0d880a52-66cc-417f-8cd7-70609a5fbfa8:192.168.30.13:41237], old=null, confs=<EMPTY_MAP>
2019-09-26 10:42:28,500 [pool-37-thread-1] INFO  server.RaftServerConfigKeys (ConfUtils.java:logGet(43)) - raft.server.storage.dir = [/workdir/hadoop-ozone/integration-test/target/test-dir/MiniOzoneClusterImpl-ba83c363-2963-4965-b6c8-e0e7e6227b06/datanode-1/data/ratis] (custom)
2019-09-26 10:42:28,500 [pool-37-thread-1] INFO  storage.RaftStorageDirectory (RaftStorageDirectory.java:analyzeStorage(246)) - The storage directory /workdir/hadoop-ozone/integration-test/target/test-dir/MiniOzoneClusterImpl-ba83c363-2963-4965-b6c8-e0e7e6227b06/datanode-1/data/ratis/a2be2d1f-ed33-4298-a874-b5d587c24cab does not exist. Creating ...
2019-09-26 10:42:28,513 [pool-37-thread-1] INFO  storage.RaftStorageDirectory (RaftStorageDirectory.java:tryLock(328)) - Lock on /workdir/hadoop-ozone/integration-test/target/test-dir/MiniOzoneClusterImpl-ba83c363-2963-4965-b6c8-e0e7e6227b06/datanode-1/data/ratis/a2be2d1f-ed33-4298-a874-b5d587c24cab/in_use.lock acquired by nodename 12934@pr-hdds-1569-wvzgm-824869521
2019-09-26 10:42:28,527 [pool-37-thread-1] INFO  storage.RaftStorage (RaftStorage.java:format(72)) - Storage directory /workdir/hadoop-ozone/integration-test/target/test-dir/MiniOzoneClusterImpl-ba83c363-2963-4965-b6c8-e0e7e6227b06/datanode-1/data/ratis/a2be2d1f-ed33-4298-a874-b5d587c24cab has been successfully formatted.
2019-09-26 10:42:28,527 [pool-37-thread-1] INFO  ratis.ContainerStateMachine (ContainerStateMachine.java:loadSnapshot(230)) - group-B5D587C24CAB: The snapshot info is null. Setting the last applied indexto:(t:0, i:~)
2019-09-26 10:42:28,527 [pool-37-thread-1] INFO  server.RaftServerConfigKeys (ConfUtils.java:logGet(43)) - raft.server.notification.no-leader.timeout = 10s (custom)
2019-09-26 10:42:28,527 [pool-37-thread-1] INFO  server.RaftServerConfigKeys (ConfUtils.java:logGet(43)) - raft.server.log.use.memory = false (default)
2019-09-26 10:42:28,528 [pool-37-thread-1] INFO  server.RaftServerConfigKeys (ConfUtils.java:logGet(43)) - raft.server.log.purge.gap = 1000000 (custom)
2019-09-26 10:42:28,528 [pool-37-thread-1] INFO  server.RaftServerConfigKeys (ConfUtils.java:logGet(43)) - raft.server.log.appender.buffer.byte-limit = 33554432 (custom)
2019-09-26 10:42:28,528 [pool-37-thread-1] INFO  server.RaftServerConfigKeys (ConfUtils.java:logGet(43)) - raft.server.log.segment.size.max = 1048576 (custom)
2019-09-26 10:42:28,528 [pool-37-thread-1] INFO  server.RaftServerConfigKeys (ConfUtils.java:logGet(43)) - raft.server.log.segment.cache.num.max = 2 (custom)
2019-09-26 10:42:28,528 [pool-37-thread-1] INFO  segmented.SegmentedRaftLogWorker (SegmentedRaftLogWorker.java:<init>(172)) - new 0d880a52-66cc-417f-8cd7-70609a5fbfa8@group-B5D587C24CAB-SegmentedRaftLogWorker for RaftStorage:Storage Directory /workdir/hadoop-ozone/integration-test/target/test-dir/MiniOzoneClusterImpl-ba83c363-2963-4965-b6c8-e0e7e6227b06/datanode-1/data/ratis/a2be2d1f-ed33-4298-a874-b5d587c24cab
2019-09-26 10:42:28,528 [pool-37-thread-1] INFO  server.RaftServerConfigKeys (ConfUtils.java:logGet(43)) - raft.server.log.queue.byte-limit = 2147483647 (custom)
2019-09-26 10:42:28,529 [pool-37-thread-1] INFO  server.RaftServerConfigKeys (ConfUtils.java:logGet(43)) - raft.server.log.queue.element-limit = 1024 (custom)
2019-09-26 10:42:28,529 [pool-37-thread-1] INFO  server.RaftServerConfigKeys (ConfUtils.java:logGet(43)) - raft.server.log.segment.size.max = 1048576 (custom)
2019-09-26 10:42:28,529 [pool-37-thread-1] INFO  server.RaftServerConfigKeys (ConfUtils.java:logGet(43)) - raft.server.log.preallocated.size = 16384 (custom)
2019-09-26 10:42:28,529 [pool-37-thread-1] INFO  server.RaftServerConfigKeys (ConfUtils.java:logGet(43)) - raft.server.log.write.buffer.size = 33554432 (custom)
2019-09-26 10:42:28,529 [pool-37-thread-1] INFO  server.RaftServerConfigKeys (ConfUtils.java:logGet(43)) - raft.server.log.force.sync.num = 128 (default)
2019-09-26 10:42:28,529 [pool-37-thread-1] INFO  server.RaftServerConfigKeys (ConfUtils.java:logGet(43)) - raft.server.log.statemachine.data.sync = true (default)
2019-09-26 10:42:28,529 [pool-37-thread-1] INFO  server.RaftServerConfigKeys (ConfUtils.java:logGet(43)) - raft.server.log.statemachine.data.sync.timeout = 10s (default)
2019-09-26 10:42:28,530 [pool-37-thread-1] INFO  server.RaftServerConfigKeys (ConfUtils.java:logGet(43)) - raft.server.log.statemachine.data.sync.timeout.retry = -1 (default)
2019-09-26 10:42:28,530 [pool-37-thread-1] INFO  server.RaftServerConfigKeys (ConfUtils.java:logGet(43)) - raft.server.log.statemachine.data.caching.enabled = true (custom)
2019-09-26 10:42:28,530 [pool-37-thread-1] INFO  segmented.SegmentedRaftLogWorker (SegmentedRaftLogWorker.java:lambda$new$0(132)) - 0d880a52-66cc-417f-8cd7-70609a5fbfa8@group-B5D587C24CAB-SegmentedRaftLogWorker: flushIndex: setUnconditionally 0 -> -1
2019-09-26 10:42:28,531 [pool-37-thread-1] INFO  server.RaftServerConfigKeys (ConfUtils.java:logGet(43)) - raft.server.snapshot.auto.trigger.enabled = true (custom)
2019-09-26 10:42:28,531 [pool-37-thread-1] INFO  server.RaftServerConfigKeys (ConfUtils.java:logGet(43)) - raft.server.snapshot.auto.trigger.threshold = 10000 (custom)
2019-09-26 10:42:28,531 [pool-37-thread-1] INFO  server.RaftServerConfigKeys (ConfUtils.java:logGet(43)) - raft.server.snapshot.retention.num.files = 5 (custom)
2019-09-26 10:42:28,531 [pool-37-thread-1] INFO  server.RaftServerConfigKeys (ConfUtils.java:logGet(43)) - raft.server.retrycache.expirytime = 600000ms (custom)
2019-09-26 10:42:28,535 [pool-37-thread-1] INFO  impl.RaftServerImpl (RaftServerImpl.java:start(185)) - 0d880a52-66cc-417f-8cd7-70609a5fbfa8@group-B5D587C24CAB: start as a follower, conf=-1: [0d880a52-66cc-417f-8cd7-70609a5fbfa8:192.168.30.13:41237], old=null
2019-09-26 10:42:28,535 [pool-37-thread-1] INFO  impl.RaftServerImpl (RaftServerImpl.java:setRole(174)) - 0d880a52-66cc-417f-8cd7-70609a5fbfa8@group-B5D587C24CAB: changes role from      null to FOLLOWER at term 0 for startAsFollower
2019-09-26 10:42:28,535 [pool-37-thread-1] INFO  impl.RoleInfo (RoleInfo.java:updateAndGet(143)) - 0d880a52-66cc-417f-8cd7-70609a5fbfa8: start FollowerState
2019-09-26 10:42:28,536 [pool-37-thread-1] INFO  util.JmxRegister (JmxRegister.java:tryRegister(44)) - Successfully registered JMX Bean with object name Ratis:service=RaftServer,group=group-B5D587C24CAB,id=0d880a52-66cc-417f-8cd7-70609a5fbfa8
2019-09-26 10:42:28,547 [RatisPipelineUtilsThread] INFO  pipeline.PipelineStateManager (PipelineStateManager.java:addPipeline(56)) - Created pipeline Pipeline[ Id: a2be2d1f-ed33-4298-a874-b5d587c24cab, Nodes: 0d880a52-66cc-417f-8cd7-70609a5fbfa8{ip: 192.168.30.13, host: pr-hdds-1569-wvzgm-824869521, networkLocation: /default-rack, certSerialId: null}, Type:RATIS, Factor:ONE, State:OPEN]
2019-09-26 10:42:28,568 [grpc-default-executor-0] INFO  impl.RaftServerProxy (RaftServerProxy.java:addNew(89)) - 0d880a52-66cc-417f-8cd7-70609a5fbfa8: addNew group-6B13C9AE75F7:[0d880a52-66cc-417f-8cd7-70609a5fbfa8:192.168.30.13:41237] returns group-6B13C9AE75F7:java.util.concurrent.CompletableFuture@1966c425[Not completed]
2019-09-26 10:42:28,570 [pool-37-thread-1] INFO  impl.RaftServerImpl (RaftServerImpl.java:<init>(95)) - 0d880a52-66cc-417f-8cd7-70609a5fbfa8: new RaftServerImpl for group-6B13C9AE75F7:[0d880a52-66cc-417f-8cd7-70609a5fbfa8:192.168.30.13:41237] with ContainerStateMachine:uninitialized
2019-09-26 10:42:28,571 [pool-37-thread-1] INFO  server.RaftServerConfigKeys (ConfUtils.java:logGet(43)) - raft.server.rpc.timeout.min = 5s (custom)
2019-09-26 10:42:28,571 [pool-37-thread-1] INFO  server.RaftServerConfigKeys (ConfUtils.java:logGet(43)) - raft.server.rpc.timeout.max = 5200ms (custom)
2019-09-26 10:42:28,571 [pool-37-thread-1] INFO  server.RaftServerConfigKeys (ConfUtils.java:logGet(43)) - raft.server.rpcslowness.timeout = 10s (custom)
2019-09-26 10:42:28,571 [pool-37-thread-1] INFO  server.RaftServerConfigKeys (ConfUtils.java:logGet(43)) - raft.server.sleep.deviation.threshold = 300 (default)
2019-09-26 10:42:28,572 [pool-37-thread-1] INFO  server.RaftServerConfigKeys (ConfUtils.java:logGet(43)) - raft.server.log.appender.install.snapshot.enabled = false (custom)
2019-09-26 10:42:28,572 [pool-37-thread-1] INFO  impl.RaftServerImpl (ServerState.java:<init>(103)) - 0d880a52-66cc-417f-8cd7-70609a5fbfa8@group-6B13C9AE75F7: ConfigurationManager, init=-1: [0d880a52-66cc-417f-8cd7-70609a5fbfa8:192.168.30.13:41237], old=null, confs=<EMPTY_MAP>
2019-09-26 10:42:28,572 [pool-37-thread-1] INFO  server.RaftServerConfigKeys (ConfUtils.java:logGet(43)) - raft.server.storage.dir = [/workdir/hadoop-ozone/integration-test/target/test-dir/MiniOzoneClusterImpl-ba83c363-2963-4965-b6c8-e0e7e6227b06/datanode-1/data/ratis] (custom)
2019-09-26 10:42:28,573 [pool-37-thread-1] INFO  storage.RaftStorageDirectory (RaftStorageDirectory.java:analyzeStorage(246)) - The storage directory /workdir/hadoop-ozone/integration-test/target/test-dir/MiniOzoneClusterImpl-ba83c363-2963-4965-b6c8-e0e7e6227b06/datanode-1/data/ratis/5e7cfa56-64b5-4711-ba21-6b13c9ae75f7 does not exist. Creating ...
2019-09-26 10:42:28,586 [pool-37-thread-1] INFO  storage.RaftStorageDirectory (RaftStorageDirectory.java:tryLock(328)) - Lock on /workdir/hadoop-ozone/integration-test/target/test-dir/MiniOzoneClusterImpl-ba83c363-2963-4965-b6c8-e0e7e6227b06/datanode-1/data/ratis/5e7cfa56-64b5-4711-ba21-6b13c9ae75f7/in_use.lock acquired by nodename 12934@pr-hdds-1569-wvzgm-824869521
2019-09-26 10:42:28,599 [pool-37-thread-1] INFO  storage.RaftStorage (RaftStorage.java:format(72)) - Storage directory /workdir/hadoop-ozone/integration-test/target/test-dir/MiniOzoneClusterImpl-ba83c363-2963-4965-b6c8-e0e7e6227b06/datanode-1/data/ratis/5e7cfa56-64b5-4711-ba21-6b13c9ae75f7 has been successfully formatted.
2019-09-26 10:42:28,599 [pool-37-thread-1] INFO  ratis.ContainerStateMachine (ContainerStateMachine.java:loadSnapshot(230)) - group-6B13C9AE75F7: The snapshot info is null. Setting the last applied indexto:(t:0, i:~)
2019-09-26 10:42:28,600 [pool-37-thread-1] INFO  server.RaftServerConfigKeys (ConfUtils.java:logGet(43)) - raft.server.notification.no-leader.timeout = 10s (custom)
2019-09-26 10:42:28,600 [pool-37-thread-1] INFO  server.RaftServerConfigKeys (ConfUtils.java:logGet(43)) - raft.server.log.use.memory = false (default)
2019-09-26 10:42:28,600 [pool-37-thread-1] INFO  server.RaftServerConfigKeys (ConfUtils.java:logGet(43)) - raft.server.log.purge.gap = 1000000 (custom)
2019-09-26 10:42:28,600 [pool-37-thread-1] INFO  server.RaftServerConfigKeys (ConfUtils.java:logGet(43)) - raft.server.log.appender.buffer.byte-limit = 33554432 (custom)
2019-09-26 10:42:28,601 [pool-37-thread-1] INFO  server.RaftServerConfigKeys (ConfUtils.java:logGet(43)) - raft.server.log.segment.size.max = 1048576 (custom)
2019-09-26 10:42:28,601 [pool-37-thread-1] INFO  server.RaftServerConfigKeys (ConfUtils.java:logGet(43)) - raft.server.log.segment.cache.num.max = 2 (custom)
2019-09-26 10:42:28,601 [pool-37-thread-1] INFO  segmented.SegmentedRaftLogWorker (SegmentedRaftLogWorker.java:<init>(172)) - new 0d880a52-66cc-417f-8cd7-70609a5fbfa8@group-6B13C9AE75F7-SegmentedRaftLogWorker for RaftStorage:Storage Directory /workdir/hadoop-ozone/integration-test/target/test-dir/MiniOzoneClusterImpl-ba83c363-2963-4965-b6c8-e0e7e6227b06/datanode-1/data/ratis/5e7cfa56-64b5-4711-ba21-6b13c9ae75f7
2019-09-26 10:42:28,601 [pool-37-thread-1] INFO  server.RaftServerConfigKeys (ConfUtils.java:logGet(43)) - raft.server.log.queue.byte-limit = 2147483647 (custom)
2019-09-26 10:42:28,602 [pool-37-thread-1] INFO  server.RaftServerConfigKeys (ConfUtils.java:logGet(43)) - raft.server.log.queue.element-limit = 1024 (custom)
2019-09-26 10:42:28,602 [pool-37-thread-1] INFO  server.RaftServerConfigKeys (ConfUtils.java:logGet(43)) - raft.server.log.segment.size.max = 1048576 (custom)
2019-09-26 10:42:28,602 [pool-37-thread-1] INFO  server.RaftServerConfigKeys (ConfUtils.java:logGet(43)) - raft.server.log.preallocated.size = 16384 (custom)
2019-09-26 10:42:28,602 [pool-37-thread-1] INFO  server.RaftServerConfigKeys (ConfUtils.java:logGet(43)) - raft.server.log.write.buffer.size = 33554432 (custom)
2019-09-26 10:42:28,603 [pool-37-thread-1] INFO  server.RaftServerConfigKeys (ConfUtils.java:logGet(43)) - raft.server.log.force.sync.num = 128 (default)
2019-09-26 10:42:28,603 [pool-37-thread-1] INFO  server.RaftServerConfigKeys (ConfUtils.java:logGet(43)) - raft.server.log.statemachine.data.sync = true (default)
2019-09-26 10:42:28,603 [pool-37-thread-1] INFO  server.RaftServerConfigKeys (ConfUtils.java:logGet(43)) - raft.server.log.statemachine.data.sync.timeout = 10s (default)
2019-09-26 10:42:28,603 [pool-37-thread-1] INFO  server.RaftServerConfigKeys (ConfUtils.java:logGet(43)) - raft.server.log.statemachine.data.sync.timeout.retry = -1 (default)
2019-09-26 10:42:28,604 [pool-37-thread-1] INFO  server.RaftServerConfigKeys (ConfUtils.java:logGet(43)) - raft.server.log.statemachine.data.caching.enabled = true (custom)
2019-09-26 10:42:28,604 [pool-37-thread-1] INFO  segmented.SegmentedRaftLogWorker (SegmentedRaftLogWorker.java:lambda$new$0(132)) - 0d880a52-66cc-417f-8cd7-70609a5fbfa8@group-6B13C9AE75F7-SegmentedRaftLogWorker: flushIndex: setUnconditionally 0 -> -1
2019-09-26 10:42:28,604 [pool-37-thread-1] INFO  server.RaftServerConfigKeys (ConfUtils.java:logGet(43)) - raft.server.snapshot.auto.trigger.enabled = true (custom)
2019-09-26 10:42:28,605 [pool-37-thread-1] INFO  server.RaftServerConfigKeys (ConfUtils.java:logGet(43)) - raft.server.snapshot.auto.trigger.threshold = 10000 (custom)
2019-09-26 10:42:28,605 [pool-37-thread-1] INFO  server.RaftServerConfigKeys (ConfUtils.java:logGet(43)) - raft.server.snapshot.retention.num.files = 5 (custom)
2019-09-26 10:42:28,605 [pool-37-thread-1] INFO  server.RaftServerConfigKeys (ConfUtils.java:logGet(43)) - raft.server.retrycache.expirytime = 600000ms (custom)
2019-09-26 10:42:28,612 [pool-37-thread-1] INFO  impl.RaftServerImpl (RaftServerImpl.java:start(185)) - 0d880a52-66cc-417f-8cd7-70609a5fbfa8@group-6B13C9AE75F7: start as a follower, conf=-1: [0d880a52-66cc-417f-8cd7-70609a5fbfa8:192.168.30.13:41237], old=null
2019-09-26 10:42:28,612 [pool-37-thread-1] INFO  impl.RaftServerImpl (RaftServerImpl.java:setRole(174)) - 0d880a52-66cc-417f-8cd7-70609a5fbfa8@group-6B13C9AE75F7: changes role from      null to FOLLOWER at term 0 for startAsFollower
2019-09-26 10:42:28,612 [pool-37-thread-1] INFO  impl.RoleInfo (RoleInfo.java:updateAndGet(143)) - 0d880a52-66cc-417f-8cd7-70609a5fbfa8: start FollowerState
2019-09-26 10:42:28,613 [pool-37-thread-1] INFO  util.JmxRegister (JmxRegister.java:tryRegister(44)) - Successfully registered JMX Bean with object name Ratis:service=RaftServer,group=group-6B13C9AE75F7,id=0d880a52-66cc-417f-8cd7-70609a5fbfa8
2019-09-26 10:42:28,626 [RatisPipelineUtilsThread] INFO  pipeline.PipelineStateManager (PipelineStateManager.java:addPipeline(56)) - Created pipeline Pipeline[ Id: 5e7cfa56-64b5-4711-ba21-6b13c9ae75f7, Nodes: 0d880a52-66cc-417f-8cd7-70609a5fbfa8{ip: 192.168.30.13, host: pr-hdds-1569-wvzgm-824869521, networkLocation: /default-rack, certSerialId: null}, Type:RATIS, Factor:ONE, State:OPEN]
2019-09-26 10:42:28,646 [grpc-default-executor-0] INFO  impl.RaftServerProxy (RaftServerProxy.java:addNew(89)) - 0d880a52-66cc-417f-8cd7-70609a5fbfa8: addNew group-577B438AE9AB:[0d880a52-66cc-417f-8cd7-70609a5fbfa8:192.168.30.13:41237] returns group-577B438AE9AB:java.util.concurrent.CompletableFuture@49c1ec71[Not completed]
2019-09-26 10:42:28,648 [pool-37-thread-1] INFO  impl.RaftServerImpl (RaftServerImpl.java:<init>(95)) - 0d880a52-66cc-417f-8cd7-70609a5fbfa8: new RaftServerImpl for group-577B438AE9AB:[0d880a52-66cc-417f-8cd7-70609a5fbfa8:192.168.30.13:41237] with ContainerStateMachine:uninitialized
2019-09-26 10:42:28,648 [pool-37-thread-1] INFO  server.RaftServerConfigKeys (ConfUtils.java:logGet(43)) - raft.server.rpc.timeout.min = 5s (custom)
2019-09-26 10:42:28,649 [pool-37-thread-1] INFO  server.RaftServerConfigKeys (ConfUtils.java:logGet(43)) - raft.server.rpc.timeout.max = 5200ms (custom)
2019-09-26 10:42:28,649 [pool-37-thread-1] INFO  server.RaftServerConfigKeys (ConfUtils.java:logGet(43)) - raft.server.rpcslowness.timeout = 10s (custom)
2019-09-26 10:42:28,649 [pool-37-thread-1] INFO  server.RaftServerConfigKeys (ConfUtils.java:logGet(43)) - raft.server.sleep.deviation.threshold = 300 (default)
2019-09-26 10:42:28,649 [pool-37-thread-1] INFO  server.RaftServerConfigKeys (ConfUtils.java:logGet(43)) - raft.server.log.appender.install.snapshot.enabled = false (custom)
2019-09-26 10:42:28,649 [pool-37-thread-1] INFO  impl.RaftServerImpl (ServerState.java:<init>(103)) - 0d880a52-66cc-417f-8cd7-70609a5fbfa8@group-577B438AE9AB: ConfigurationManager, init=-1: [0d880a52-66cc-417f-8cd7-70609a5fbfa8:192.168.30.13:41237], old=null, confs=<EMPTY_MAP>
2019-09-26 10:42:28,650 [pool-37-thread-1] INFO  server.RaftServerConfigKeys (ConfUtils.java:logGet(43)) - raft.server.storage.dir = [/workdir/hadoop-ozone/integration-test/target/test-dir/MiniOzoneClusterImpl-ba83c363-2963-4965-b6c8-e0e7e6227b06/datanode-1/data/ratis] (custom)
2019-09-26 10:42:28,650 [pool-37-thread-1] INFO  storage.RaftStorageDirectory (RaftStorageDirectory.java:analyzeStorage(246)) - The storage directory /workdir/hadoop-ozone/integration-test/target/test-dir/MiniOzoneClusterImpl-ba83c363-2963-4965-b6c8-e0e7e6227b06/datanode-1/data/ratis/4778bf0a-6053-4eca-8715-577b438ae9ab does not exist. Creating ...
2019-09-26 10:42:28,664 [pool-37-thread-1] INFO  storage.RaftStorageDirectory (RaftStorageDirectory.java:tryLock(328)) - Lock on /workdir/hadoop-ozone/integration-test/target/test-dir/MiniOzoneClusterImpl-ba83c363-2963-4965-b6c8-e0e7e6227b06/datanode-1/data/ratis/4778bf0a-6053-4eca-8715-577b438ae9ab/in_use.lock acquired by nodename 12934@pr-hdds-1569-wvzgm-824869521
2019-09-26 10:42:28,677 [pool-37-thread-1] INFO  storage.RaftStorage (RaftStorage.java:format(72)) - Storage directory /workdir/hadoop-ozone/integration-test/target/test-dir/MiniOzoneClusterImpl-ba83c363-2963-4965-b6c8-e0e7e6227b06/datanode-1/data/ratis/4778bf0a-6053-4eca-8715-577b438ae9ab has been successfully formatted.
2019-09-26 10:42:28,677 [pool-37-thread-1] INFO  ratis.ContainerStateMachine (ContainerStateMachine.java:loadSnapshot(230)) - group-577B438AE9AB: The snapshot info is null. Setting the last applied indexto:(t:0, i:~)
2019-09-26 10:42:28,677 [pool-37-thread-1] INFO  server.RaftServerConfigKeys (ConfUtils.java:logGet(43)) - raft.server.notification.no-leader.timeout = 10s (custom)
2019-09-26 10:42:28,677 [pool-37-thread-1] INFO  server.RaftServerConfigKeys (ConfUtils.java:logGet(43)) - raft.server.log.use.memory = false (default)
2019-09-26 10:42:28,678 [pool-37-thread-1] INFO  server.RaftServerConfigKeys (ConfUtils.java:logGet(43)) - raft.server.log.purge.gap = 1000000 (custom)
2019-09-26 10:42:28,678 [pool-37-thread-1] INFO  server.RaftServerConfigKeys (ConfUtils.java:logGet(43)) - raft.server.log.appender.buffer.byte-limit = 33554432 (custom)
2019-09-26 10:42:28,678 [pool-37-thread-1] INFO  server.RaftServerConfigKeys (ConfUtils.java:logGet(43)) - raft.server.log.segment.size.max = 1048576 (custom)
2019-09-26 10:42:28,678 [pool-37-thread-1] INFO  server.RaftServerConfigKeys (ConfUtils.java:logGet(43)) - raft.server.log.segment.cache.num.max = 2 (custom)
2019-09-26 10:42:28,679 [pool-37-thread-1] INFO  segmented.SegmentedRaftLogWorker (SegmentedRaftLogWorker.java:<init>(172)) - new 0d880a52-66cc-417f-8cd7-70609a5fbfa8@group-577B438AE9AB-SegmentedRaftLogWorker for RaftStorage:Storage Directory /workdir/hadoop-ozone/integration-test/target/test-dir/MiniOzoneClusterImpl-ba83c363-2963-4965-b6c8-e0e7e6227b06/datanode-1/data/ratis/4778bf0a-6053-4eca-8715-577b438ae9ab
2019-09-26 10:42:28,679 [pool-37-thread-1] INFO  server.RaftServerConfigKeys (ConfUtils.java:logGet(43)) - raft.server.log.queue.byte-limit = 2147483647 (custom)
2019-09-26 10:42:28,679 [pool-37-thread-1] INFO  server.RaftServerConfigKeys (ConfUtils.java:logGet(43)) - raft.server.log.queue.element-limit = 1024 (custom)
2019-09-26 10:42:28,679 [pool-37-thread-1] INFO  server.RaftServerConfigKeys (ConfUtils.java:logGet(43)) - raft.server.log.segment.size.max = 1048576 (custom)
2019-09-26 10:42:28,679 [pool-37-thread-1] INFO  server.RaftServerConfigKeys (ConfUtils.java:logGet(43)) - raft.server.log.preallocated.size = 16384 (custom)
2019-09-26 10:42:28,679 [pool-37-thread-1] INFO  server.RaftServerConfigKeys (ConfUtils.java:logGet(43)) - raft.server.log.write.buffer.size = 33554432 (custom)
2019-09-26 10:42:28,680 [pool-37-thread-1] INFO  server.RaftServerConfigKeys (ConfUtils.java:logGet(43)) - raft.server.log.force.sync.num = 128 (default)
2019-09-26 10:42:28,680 [pool-37-thread-1] INFO  server.RaftServerConfigKeys (ConfUtils.java:logGet(43)) - raft.server.log.statemachine.data.sync = true (default)
2019-09-26 10:42:28,680 [pool-37-thread-1] INFO  server.RaftServerConfigKeys (ConfUtils.java:logGet(43)) - raft.server.log.statemachine.data.sync.timeout = 10s (default)
2019-09-26 10:42:28,680 [pool-37-thread-1] INFO  server.RaftServerConfigKeys (ConfUtils.java:logGet(43)) - raft.server.log.statemachine.data.sync.timeout.retry = -1 (default)
2019-09-26 10:42:28,681 [pool-37-thread-1] INFO  server.RaftServerConfigKeys (ConfUtils.java:logGet(43)) - raft.server.log.statemachine.data.caching.enabled = true (custom)
2019-09-26 10:42:28,681 [pool-37-thread-1] INFO  segmented.SegmentedRaftLogWorker (SegmentedRaftLogWorker.java:lambda$new$0(132)) - 0d880a52-66cc-417f-8cd7-70609a5fbfa8@group-577B438AE9AB-SegmentedRaftLogWorker: flushIndex: setUnconditionally 0 -> -1
2019-09-26 10:42:28,681 [pool-37-thread-1] INFO  server.RaftServerConfigKeys (ConfUtils.java:logGet(43)) - raft.server.snapshot.auto.trigger.enabled = true (custom)
2019-09-26 10:42:28,684 [pool-37-thread-1] INFO  server.RaftServerConfigKeys (ConfUtils.java:logGet(43)) - raft.server.snapshot.auto.trigger.threshold = 10000 (custom)
2019-09-26 10:42:28,684 [pool-37-thread-1] INFO  server.RaftServerConfigKeys (ConfUtils.java:logGet(43)) - raft.server.snapshot.retention.num.files = 5 (custom)
2019-09-26 10:42:28,684 [pool-37-thread-1] INFO  server.RaftServerConfigKeys (ConfUtils.java:logGet(43)) - raft.server.retrycache.expirytime = 600000ms (custom)
2019-09-26 10:42:28,690 [pool-37-thread-1] INFO  impl.RaftServerImpl (RaftServerImpl.java:start(185)) - 0d880a52-66cc-417f-8cd7-70609a5fbfa8@group-577B438AE9AB: start as a follower, conf=-1: [0d880a52-66cc-417f-8cd7-70609a5fbfa8:192.168.30.13:41237], old=null
2019-09-26 10:42:28,690 [pool-37-thread-1] INFO  impl.RaftServerImpl (RaftServerImpl.java:setRole(174)) - 0d880a52-66cc-417f-8cd7-70609a5fbfa8@group-577B438AE9AB: changes role from      null to FOLLOWER at term 0 for startAsFollower
2019-09-26 10:42:28,691 [pool-37-thread-1] INFO  impl.RoleInfo (RoleInfo.java:updateAndGet(143)) - 0d880a52-66cc-417f-8cd7-70609a5fbfa8: start FollowerState
2019-09-26 10:42:28,691 [pool-37-thread-1] INFO  util.JmxRegister (JmxRegister.java:tryRegister(44)) - Successfully registered JMX Bean with object name Ratis:service=RaftServer,group=group-577B438AE9AB,id=0d880a52-66cc-417f-8cd7-70609a5fbfa8
2019-09-26 10:42:28,705 [RatisPipelineUtilsThread] INFO  pipeline.PipelineStateManager (PipelineStateManager.java:addPipeline(56)) - Created pipeline Pipeline[ Id: 4778bf0a-6053-4eca-8715-577b438ae9ab, Nodes: 0d880a52-66cc-417f-8cd7-70609a5fbfa8{ip: 192.168.30.13, host: pr-hdds-1569-wvzgm-824869521, networkLocation: /default-rack, certSerialId: null}, Type:RATIS, Factor:ONE, State:OPEN]
2019-09-26 10:42:28,736 [grpc-default-executor-0] INFO  impl.RaftServerProxy (RaftServerProxy.java:addNew(89)) - 766dc5f6-32d2-4403-bd57-0044e97b5c0e: addNew group-635AE18CAAC2:[766dc5f6-32d2-4403-bd57-0044e97b5c0e:192.168.30.13:45523] returns group-635AE18CAAC2:java.util.concurrent.CompletableFuture@3c96fb07[Not completed]
2019-09-26 10:42:28,767 [pool-57-thread-1] INFO  impl.RaftServerImpl (RaftServerImpl.java:<init>(95)) - 766dc5f6-32d2-4403-bd57-0044e97b5c0e: new RaftServerImpl for group-635AE18CAAC2:[766dc5f6-32d2-4403-bd57-0044e97b5c0e:192.168.30.13:45523] with ContainerStateMachine:uninitialized
2019-09-26 10:42:28,768 [pool-57-thread-1] INFO  server.RaftServerConfigKeys (ConfUtils.java:logGet(43)) - raft.server.rpc.timeout.min = 5s (custom)
2019-09-26 10:42:28,768 [pool-57-thread-1] INFO  server.RaftServerConfigKeys (ConfUtils.java:logGet(43)) - raft.server.rpc.timeout.max = 5200ms (custom)
2019-09-26 10:42:28,768 [pool-57-thread-1] INFO  server.RaftServerConfigKeys (ConfUtils.java:logGet(43)) - raft.server.rpcslowness.timeout = 10s (custom)
2019-09-26 10:42:28,768 [pool-57-thread-1] INFO  server.RaftServerConfigKeys (ConfUtils.java:logGet(43)) - raft.server.sleep.deviation.threshold = 300 (default)
2019-09-26 10:42:28,769 [pool-57-thread-1] INFO  server.RaftServerConfigKeys (ConfUtils.java:logGet(43)) - raft.server.log.appender.install.snapshot.enabled = false (custom)
2019-09-26 10:42:28,769 [pool-57-thread-1] INFO  impl.RaftServerImpl (ServerState.java:<init>(103)) - 766dc5f6-32d2-4403-bd57-0044e97b5c0e@group-635AE18CAAC2: ConfigurationManager, init=-1: [766dc5f6-32d2-4403-bd57-0044e97b5c0e:192.168.30.13:45523], old=null, confs=<EMPTY_MAP>
2019-09-26 10:42:28,769 [pool-57-thread-1] INFO  server.RaftServerConfigKeys (ConfUtils.java:logGet(43)) - raft.server.storage.dir = [/workdir/hadoop-ozone/integration-test/target/test-dir/MiniOzoneClusterImpl-ba83c363-2963-4965-b6c8-e0e7e6227b06/datanode-3/data/ratis] (custom)
2019-09-26 10:42:28,770 [pool-57-thread-1] INFO  storage.RaftStorageDirectory (RaftStorageDirectory.java:analyzeStorage(246)) - The storage directory /workdir/hadoop-ozone/integration-test/target/test-dir/MiniOzoneClusterImpl-ba83c363-2963-4965-b6c8-e0e7e6227b06/datanode-3/data/ratis/f8d98ce0-0dc7-4247-a2e2-635ae18caac2 does not exist. Creating ...
2019-09-26 10:42:28,783 [pool-57-thread-1] INFO  storage.RaftStorageDirectory (RaftStorageDirectory.java:tryLock(328)) - Lock on /workdir/hadoop-ozone/integration-test/target/test-dir/MiniOzoneClusterImpl-ba83c363-2963-4965-b6c8-e0e7e6227b06/datanode-3/data/ratis/f8d98ce0-0dc7-4247-a2e2-635ae18caac2/in_use.lock acquired by nodename 12934@pr-hdds-1569-wvzgm-824869521
2019-09-26 10:42:28,797 [pool-57-thread-1] INFO  storage.RaftStorage (RaftStorage.java:format(72)) - Storage directory /workdir/hadoop-ozone/integration-test/target/test-dir/MiniOzoneClusterImpl-ba83c363-2963-4965-b6c8-e0e7e6227b06/datanode-3/data/ratis/f8d98ce0-0dc7-4247-a2e2-635ae18caac2 has been successfully formatted.
2019-09-26 10:42:28,797 [pool-57-thread-1] INFO  ratis.ContainerStateMachine (ContainerStateMachine.java:loadSnapshot(230)) - group-635AE18CAAC2: The snapshot info is null. Setting the last applied indexto:(t:0, i:~)
2019-09-26 10:42:28,797 [pool-57-thread-1] INFO  server.RaftServerConfigKeys (ConfUtils.java:logGet(43)) - raft.server.notification.no-leader.timeout = 10s (custom)
2019-09-26 10:42:28,797 [pool-57-thread-1] INFO  server.RaftServerConfigKeys (ConfUtils.java:logGet(43)) - raft.server.log.use.memory = false (default)
2019-09-26 10:42:28,798 [pool-57-thread-1] INFO  server.RaftServerConfigKeys (ConfUtils.java:logGet(43)) - raft.server.log.purge.gap = 1000000 (custom)
2019-09-26 10:42:28,798 [pool-57-thread-1] INFO  server.RaftServerConfigKeys (ConfUtils.java:logGet(43)) - raft.server.log.appender.buffer.byte-limit = 33554432 (custom)
2019-09-26 10:42:28,798 [pool-57-thread-1] INFO  server.RaftServerConfigKeys (ConfUtils.java:logGet(43)) - raft.server.log.segment.size.max = 1048576 (custom)
2019-09-26 10:42:28,798 [pool-57-thread-1] INFO  server.RaftServerConfigKeys (ConfUtils.java:logGet(43)) - raft.server.log.segment.cache.num.max = 2 (custom)
2019-09-26 10:42:28,798 [pool-57-thread-1] INFO  segmented.SegmentedRaftLogWorker (SegmentedRaftLogWorker.java:<init>(172)) - new 766dc5f6-32d2-4403-bd57-0044e97b5c0e@group-635AE18CAAC2-SegmentedRaftLogWorker for RaftStorage:Storage Directory /workdir/hadoop-ozone/integration-test/target/test-dir/MiniOzoneClusterImpl-ba83c363-2963-4965-b6c8-e0e7e6227b06/datanode-3/data/ratis/f8d98ce0-0dc7-4247-a2e2-635ae18caac2
2019-09-26 10:42:28,841 [pool-57-thread-1] INFO  server.RaftServerConfigKeys (ConfUtils.java:logGet(43)) - raft.server.log.queue.byte-limit = 2147483647 (custom)
2019-09-26 10:42:28,841 [pool-57-thread-1] INFO  server.RaftServerConfigKeys (ConfUtils.java:logGet(43)) - raft.server.log.queue.element-limit = 1024 (custom)
2019-09-26 10:42:28,842 [pool-57-thread-1] INFO  server.RaftServerConfigKeys (ConfUtils.java:logGet(43)) - raft.server.log.segment.size.max = 1048576 (custom)
2019-09-26 10:42:28,842 [pool-57-thread-1] INFO  server.RaftServerConfigKeys (ConfUtils.java:logGet(43)) - raft.server.log.preallocated.size = 16384 (custom)
2019-09-26 10:42:28,842 [pool-57-thread-1] INFO  server.RaftServerConfigKeys (ConfUtils.java:logGet(43)) - raft.server.log.write.buffer.size = 33554432 (custom)
2019-09-26 10:42:28,842 [pool-57-thread-1] INFO  server.RaftServerConfigKeys (ConfUtils.java:logGet(43)) - raft.server.log.force.sync.num = 128 (default)
2019-09-26 10:42:28,843 [pool-57-thread-1] INFO  server.RaftServerConfigKeys (ConfUtils.java:logGet(43)) - raft.server.log.statemachine.data.sync = true (default)
2019-09-26 10:42:28,843 [pool-57-thread-1] INFO  server.RaftServerConfigKeys (ConfUtils.java:logGet(43)) - raft.server.log.statemachine.data.sync.timeout = 10s (default)
2019-09-26 10:42:28,843 [pool-57-thread-1] INFO  server.RaftServerConfigKeys (ConfUtils.java:logGet(43)) - raft.server.log.statemachine.data.sync.timeout.retry = -1 (default)
2019-09-26 10:42:28,843 [pool-57-thread-1] INFO  server.RaftServerConfigKeys (ConfUtils.java:logGet(43)) - raft.server.log.statemachine.data.caching.enabled = true (custom)
2019-09-26 10:42:28,844 [pool-57-thread-1] INFO  segmented.SegmentedRaftLogWorker (SegmentedRaftLogWorker.java:lambda$new$0(132)) - 766dc5f6-32d2-4403-bd57-0044e97b5c0e@group-635AE18CAAC2-SegmentedRaftLogWorker: flushIndex: setUnconditionally 0 -> -1
2019-09-26 10:42:28,844 [pool-57-thread-1] INFO  server.RaftServerConfigKeys (ConfUtils.java:logGet(43)) - raft.server.snapshot.auto.trigger.enabled = true (custom)
2019-09-26 10:42:28,845 [pool-57-thread-1] INFO  server.RaftServerConfigKeys (ConfUtils.java:logGet(43)) - raft.server.snapshot.auto.trigger.threshold = 10000 (custom)
2019-09-26 10:42:28,845 [pool-57-thread-1] INFO  server.RaftServerConfigKeys (ConfUtils.java:logGet(43)) - raft.server.snapshot.retention.num.files = 5 (custom)
2019-09-26 10:42:28,845 [pool-57-thread-1] INFO  server.RaftServerConfigKeys (ConfUtils.java:logGet(43)) - raft.server.retrycache.expirytime = 600000ms (custom)
2019-09-26 10:42:28,850 [pool-57-thread-1] INFO  impl.RaftServerImpl (RaftServerImpl.java:start(185)) - 766dc5f6-32d2-4403-bd57-0044e97b5c0e@group-635AE18CAAC2: start as a follower, conf=-1: [766dc5f6-32d2-4403-bd57-0044e97b5c0e:192.168.30.13:45523], old=null
2019-09-26 10:42:28,850 [pool-57-thread-1] INFO  impl.RaftServerImpl (RaftServerImpl.java:setRole(174)) - 766dc5f6-32d2-4403-bd57-0044e97b5c0e@group-635AE18CAAC2: changes role from      null to FOLLOWER at term 0 for startAsFollower
2019-09-26 10:42:28,851 [pool-57-thread-1] INFO  impl.RoleInfo (RoleInfo.java:updateAndGet(143)) - 766dc5f6-32d2-4403-bd57-0044e97b5c0e: start FollowerState
2019-09-26 10:42:28,851 [pool-57-thread-1] INFO  util.JmxRegister (JmxRegister.java:tryRegister(44)) - Successfully registered JMX Bean with object name Ratis:service=RaftServer,group=group-635AE18CAAC2,id=766dc5f6-32d2-4403-bd57-0044e97b5c0e
2019-09-26 10:42:28,864 [RatisPipelineUtilsThread] INFO  pipeline.PipelineStateManager (PipelineStateManager.java:addPipeline(56)) - Created pipeline Pipeline[ Id: f8d98ce0-0dc7-4247-a2e2-635ae18caac2, Nodes: 766dc5f6-32d2-4403-bd57-0044e97b5c0e{ip: 192.168.30.13, host: pr-hdds-1569-wvzgm-824869521, networkLocation: /default-rack, certSerialId: null}, Type:RATIS, Factor:ONE, State:OPEN]
2019-09-26 10:42:28,879 [grpc-default-executor-0] INFO  impl.RaftServerProxy (RaftServerProxy.java:addNew(89)) - 0d880a52-66cc-417f-8cd7-70609a5fbfa8: addNew group-7338E56F94FC:[0d880a52-66cc-417f-8cd7-70609a5fbfa8:192.168.30.13:41237] returns group-7338E56F94FC:java.util.concurrent.CompletableFuture@69852139[Not completed]
2019-09-26 10:42:28,882 [pool-37-thread-1] INFO  impl.RaftServerImpl (RaftServerImpl.java:<init>(95)) - 0d880a52-66cc-417f-8cd7-70609a5fbfa8: new RaftServerImpl for group-7338E56F94FC:[0d880a52-66cc-417f-8cd7-70609a5fbfa8:192.168.30.13:41237] with ContainerStateMachine:uninitialized
2019-09-26 10:42:28,883 [pool-37-thread-1] INFO  server.RaftServerConfigKeys (ConfUtils.java:logGet(43)) - raft.server.rpc.timeout.min = 5s (custom)
2019-09-26 10:42:28,883 [pool-37-thread-1] INFO  server.RaftServerConfigKeys (ConfUtils.java:logGet(43)) - raft.server.rpc.timeout.max = 5200ms (custom)
2019-09-26 10:42:28,883 [pool-37-thread-1] INFO  server.RaftServerConfigKeys (ConfUtils.java:logGet(43)) - raft.server.rpcslowness.timeout = 10s (custom)
2019-09-26 10:42:28,883 [pool-37-thread-1] INFO  server.RaftServerConfigKeys (ConfUtils.java:logGet(43)) - raft.server.sleep.deviation.threshold = 300 (default)
2019-09-26 10:42:28,883 [pool-37-thread-1] INFO  server.RaftServerConfigKeys (ConfUtils.java:logGet(43)) - raft.server.log.appender.install.snapshot.enabled = false (custom)
2019-09-26 10:42:28,884 [pool-37-thread-1] INFO  impl.RaftServerImpl (ServerState.java:<init>(103)) - 0d880a52-66cc-417f-8cd7-70609a5fbfa8@group-7338E56F94FC: ConfigurationManager, init=-1: [0d880a52-66cc-417f-8cd7-70609a5fbfa8:192.168.30.13:41237], old=null, confs=<EMPTY_MAP>
2019-09-26 10:42:28,884 [pool-37-thread-1] INFO  server.RaftServerConfigKeys (ConfUtils.java:logGet(43)) - raft.server.storage.dir = [/workdir/hadoop-ozone/integration-test/target/test-dir/MiniOzoneClusterImpl-ba83c363-2963-4965-b6c8-e0e7e6227b06/datanode-1/data/ratis] (custom)
2019-09-26 10:42:28,885 [pool-37-thread-1] INFO  storage.RaftStorageDirectory (RaftStorageDirectory.java:analyzeStorage(246)) - The storage directory /workdir/hadoop-ozone/integration-test/target/test-dir/MiniOzoneClusterImpl-ba83c363-2963-4965-b6c8-e0e7e6227b06/datanode-1/data/ratis/bcd7d518-b89b-4781-872b-7338e56f94fc does not exist. Creating ...
2019-09-26 10:42:28,898 [pool-37-thread-1] INFO  storage.RaftStorageDirectory (RaftStorageDirectory.java:tryLock(328)) - Lock on /workdir/hadoop-ozone/integration-test/target/test-dir/MiniOzoneClusterImpl-ba83c363-2963-4965-b6c8-e0e7e6227b06/datanode-1/data/ratis/bcd7d518-b89b-4781-872b-7338e56f94fc/in_use.lock acquired by nodename 12934@pr-hdds-1569-wvzgm-824869521
2019-09-26 10:42:28,911 [pool-37-thread-1] INFO  storage.RaftStorage (RaftStorage.java:format(72)) - Storage directory /workdir/hadoop-ozone/integration-test/target/test-dir/MiniOzoneClusterImpl-ba83c363-2963-4965-b6c8-e0e7e6227b06/datanode-1/data/ratis/bcd7d518-b89b-4781-872b-7338e56f94fc has been successfully formatted.
2019-09-26 10:42:28,911 [pool-37-thread-1] INFO  ratis.ContainerStateMachine (ContainerStateMachine.java:loadSnapshot(230)) - group-7338E56F94FC: The snapshot info is null. Setting the last applied indexto:(t:0, i:~)
2019-09-26 10:42:28,912 [pool-37-thread-1] INFO  server.RaftServerConfigKeys (ConfUtils.java:logGet(43)) - raft.server.notification.no-leader.timeout = 10s (custom)
2019-09-26 10:42:28,912 [pool-37-thread-1] INFO  server.RaftServerConfigKeys (ConfUtils.java:logGet(43)) - raft.server.log.use.memory = false (default)
2019-09-26 10:42:28,912 [pool-37-thread-1] INFO  server.RaftServerConfigKeys (ConfUtils.java:logGet(43)) - raft.server.log.purge.gap = 1000000 (custom)
2019-09-26 10:42:28,912 [pool-37-thread-1] INFO  server.RaftServerConfigKeys (ConfUtils.java:logGet(43)) - raft.server.log.appender.buffer.byte-limit = 33554432 (custom)
2019-09-26 10:42:28,912 [main] INFO  ozone.MiniOzoneClusterImpl (MiniOzoneClusterImpl.java:lambda$waitForClusterToBeReady$0(147)) - Cluster is ready. Got 6 of 6 DN Heartbeats.
2019-09-26 10:42:28,912 [pool-37-thread-1] INFO  server.RaftServerConfigKeys (ConfUtils.java:logGet(43)) - raft.server.log.segment.size.max = 1048576 (custom)
2019-09-26 10:42:28,915 [pool-37-thread-1] INFO  server.RaftServerConfigKeys (ConfUtils.java:logGet(43)) - raft.server.log.segment.cache.num.max = 2 (custom)
2019-09-26 10:42:28,915 [pool-37-thread-1] INFO  segmented.SegmentedRaftLogWorker (SegmentedRaftLogWorker.java:<init>(172)) - new 0d880a52-66cc-417f-8cd7-70609a5fbfa8@group-7338E56F94FC-SegmentedRaftLogWorker for RaftStorage:Storage Directory /workdir/hadoop-ozone/integration-test/target/test-dir/MiniOzoneClusterImpl-ba83c363-2963-4965-b6c8-e0e7e6227b06/datanode-1/data/ratis/bcd7d518-b89b-4781-872b-7338e56f94fc
2019-09-26 10:42:28,916 [pool-37-thread-1] INFO  server.RaftServerConfigKeys (ConfUtils.java:logGet(43)) - raft.server.log.queue.byte-limit = 2147483647 (custom)
2019-09-26 10:42:28,916 [pool-37-thread-1] INFO  server.RaftServerConfigKeys (ConfUtils.java:logGet(43)) - raft.server.log.queue.element-limit = 1024 (custom)
2019-09-26 10:42:28,916 [pool-37-thread-1] INFO  server.RaftServerConfigKeys (ConfUtils.java:logGet(43)) - raft.server.log.segment.size.max = 1048576 (custom)
2019-09-26 10:42:28,916 [pool-37-thread-1] INFO  server.RaftServerConfigKeys (ConfUtils.java:logGet(43)) - raft.server.log.preallocated.size = 16384 (custom)
2019-09-26 10:42:28,916 [pool-37-thread-1] INFO  server.RaftServerConfigKeys (ConfUtils.java:logGet(43)) - raft.server.log.write.buffer.size = 33554432 (custom)
2019-09-26 10:42:28,917 [pool-37-thread-1] INFO  server.RaftServerConfigKeys (ConfUtils.java:logGet(43)) - raft.server.log.force.sync.num = 128 (default)
2019-09-26 10:42:28,917 [pool-37-thread-1] INFO  server.RaftServerConfigKeys (ConfUtils.java:logGet(43)) - raft.server.log.statemachine.data.sync = true (default)
2019-09-26 10:42:28,917 [pool-37-thread-1] INFO  server.RaftServerConfigKeys (ConfUtils.java:logGet(43)) - raft.server.log.statemachine.data.sync.timeout = 10s (default)
2019-09-26 10:42:28,917 [pool-37-thread-1] INFO  server.RaftServerConfigKeys (ConfUtils.java:logGet(43)) - raft.server.log.statemachine.data.sync.timeout.retry = -1 (default)
2019-09-26 10:42:28,918 [pool-37-thread-1] INFO  server.RaftServerConfigKeys (ConfUtils.java:logGet(43)) - raft.server.log.statemachine.data.caching.enabled = true (custom)
2019-09-26 10:42:28,918 [pool-37-thread-1] INFO  segmented.SegmentedRaftLogWorker (SegmentedRaftLogWorker.java:lambda$new$0(132)) - 0d880a52-66cc-417f-8cd7-70609a5fbfa8@group-7338E56F94FC-SegmentedRaftLogWorker: flushIndex: setUnconditionally 0 -> -1
2019-09-26 10:42:28,919 [pool-37-thread-1] INFO  server.RaftServerConfigKeys (ConfUtils.java:logGet(43)) - raft.server.snapshot.auto.trigger.enabled = true (custom)
2019-09-26 10:42:28,919 [pool-37-thread-1] INFO  server.RaftServerConfigKeys (ConfUtils.java:logGet(43)) - raft.server.snapshot.auto.trigger.threshold = 10000 (custom)
2019-09-26 10:42:28,919 [pool-37-thread-1] INFO  server.RaftServerConfigKeys (ConfUtils.java:logGet(43)) - raft.server.snapshot.retention.num.files = 5 (custom)
2019-09-26 10:42:28,919 [pool-37-thread-1] INFO  server.RaftServerConfigKeys (ConfUtils.java:logGet(43)) - raft.server.retrycache.expirytime = 600000ms (custom)
2019-09-26 10:42:28,925 [pool-37-thread-1] INFO  impl.RaftServerImpl (RaftServerImpl.java:start(185)) - 0d880a52-66cc-417f-8cd7-70609a5fbfa8@group-7338E56F94FC: start as a follower, conf=-1: [0d880a52-66cc-417f-8cd7-70609a5fbfa8:192.168.30.13:41237], old=null
2019-09-26 10:42:28,925 [pool-37-thread-1] INFO  impl.RaftServerImpl (RaftServerImpl.java:setRole(174)) - 0d880a52-66cc-417f-8cd7-70609a5fbfa8@group-7338E56F94FC: changes role from      null to FOLLOWER at term 0 for startAsFollower
2019-09-26 10:42:28,925 [pool-37-thread-1] INFO  impl.RoleInfo (RoleInfo.java:updateAndGet(143)) - 0d880a52-66cc-417f-8cd7-70609a5fbfa8: start FollowerState
2019-09-26 10:42:28,926 [pool-37-thread-1] INFO  util.JmxRegister (JmxRegister.java:tryRegister(44)) - Successfully registered JMX Bean with object name Ratis:service=RaftServer,group=group-7338E56F94FC,id=0d880a52-66cc-417f-8cd7-70609a5fbfa8
2019-09-26 10:42:28,945 [RatisPipelineUtilsThread] INFO  pipeline.PipelineStateManager (PipelineStateManager.java:addPipeline(56)) - Created pipeline Pipeline[ Id: bcd7d518-b89b-4781-872b-7338e56f94fc, Nodes: 0d880a52-66cc-417f-8cd7-70609a5fbfa8{ip: 192.168.30.13, host: pr-hdds-1569-wvzgm-824869521, networkLocation: /default-rack, certSerialId: null}, Type:RATIS, Factor:ONE, State:OPEN]
2019-09-26 10:42:28,964 [grpc-default-executor-0] INFO  impl.RaftServerProxy (RaftServerProxy.java:addNew(89)) - 766dc5f6-32d2-4403-bd57-0044e97b5c0e: addNew group-7AFF37BE0272:[766dc5f6-32d2-4403-bd57-0044e97b5c0e:192.168.30.13:45523] returns group-7AFF37BE0272:java.util.concurrent.CompletableFuture@1b5e6101[Not completed]
2019-09-26 10:42:28,968 [pool-57-thread-1] INFO  impl.RaftServerImpl (RaftServerImpl.java:<init>(95)) - 766dc5f6-32d2-4403-bd57-0044e97b5c0e: new RaftServerImpl for group-7AFF37BE0272:[766dc5f6-32d2-4403-bd57-0044e97b5c0e:192.168.30.13:45523] with ContainerStateMachine:uninitialized
2019-09-26 10:42:28,968 [pool-57-thread-1] INFO  server.RaftServerConfigKeys (ConfUtils.java:logGet(43)) - raft.server.rpc.timeout.min = 5s (custom)
2019-09-26 10:42:28,968 [pool-57-thread-1] INFO  server.RaftServerConfigKeys (ConfUtils.java:logGet(43)) - raft.server.rpc.timeout.max = 5200ms (custom)
2019-09-26 10:42:28,968 [pool-57-thread-1] INFO  server.RaftServerConfigKeys (ConfUtils.java:logGet(43)) - raft.server.rpcslowness.timeout = 10s (custom)
2019-09-26 10:42:28,969 [pool-57-thread-1] INFO  server.RaftServerConfigKeys (ConfUtils.java:logGet(43)) - raft.server.sleep.deviation.threshold = 300 (default)
2019-09-26 10:42:28,969 [pool-57-thread-1] INFO  server.RaftServerConfigKeys (ConfUtils.java:logGet(43)) - raft.server.log.appender.install.snapshot.enabled = false (custom)
2019-09-26 10:42:28,969 [pool-57-thread-1] INFO  impl.RaftServerImpl (ServerState.java:<init>(103)) - 766dc5f6-32d2-4403-bd57-0044e97b5c0e@group-7AFF37BE0272: ConfigurationManager, init=-1: [766dc5f6-32d2-4403-bd57-0044e97b5c0e:192.168.30.13:45523], old=null, confs=<EMPTY_MAP>
2019-09-26 10:42:28,969 [pool-57-thread-1] INFO  server.RaftServerConfigKeys (ConfUtils.java:logGet(43)) - raft.server.storage.dir = [/workdir/hadoop-ozone/integration-test/target/test-dir/MiniOzoneClusterImpl-ba83c363-2963-4965-b6c8-e0e7e6227b06/datanode-3/data/ratis] (custom)
2019-09-26 10:42:28,970 [pool-57-thread-1] INFO  storage.RaftStorageDirectory (RaftStorageDirectory.java:analyzeStorage(246)) - The storage directory /workdir/hadoop-ozone/integration-test/target/test-dir/MiniOzoneClusterImpl-ba83c363-2963-4965-b6c8-e0e7e6227b06/datanode-3/data/ratis/637c1860-162f-4de3-b96c-7aff37be0272 does not exist. Creating ...
2019-09-26 10:42:28,983 [pool-57-thread-1] INFO  storage.RaftStorageDirectory (RaftStorageDirectory.java:tryLock(328)) - Lock on /workdir/hadoop-ozone/integration-test/target/test-dir/MiniOzoneClusterImpl-ba83c363-2963-4965-b6c8-e0e7e6227b06/datanode-3/data/ratis/637c1860-162f-4de3-b96c-7aff37be0272/in_use.lock acquired by nodename 12934@pr-hdds-1569-wvzgm-824869521
2019-09-26 10:42:28,996 [pool-57-thread-1] INFO  storage.RaftStorage (RaftStorage.java:format(72)) - Storage directory /workdir/hadoop-ozone/integration-test/target/test-dir/MiniOzoneClusterImpl-ba83c363-2963-4965-b6c8-e0e7e6227b06/datanode-3/data/ratis/637c1860-162f-4de3-b96c-7aff37be0272 has been successfully formatted.
2019-09-26 10:42:28,996 [pool-57-thread-1] INFO  ratis.ContainerStateMachine (ContainerStateMachine.java:loadSnapshot(230)) - group-7AFF37BE0272: The snapshot info is null. Setting the last applied indexto:(t:0, i:~)
2019-09-26 10:42:28,996 [pool-57-thread-1] INFO  server.RaftServerConfigKeys (ConfUtils.java:logGet(43)) - raft.server.notification.no-leader.timeout = 10s (custom)
2019-09-26 10:42:28,997 [pool-57-thread-1] INFO  server.RaftServerConfigKeys (ConfUtils.java:logGet(43)) - raft.server.log.use.memory = false (default)
2019-09-26 10:42:28,997 [pool-57-thread-1] INFO  server.RaftServerConfigKeys (ConfUtils.java:logGet(43)) - raft.server.log.purge.gap = 1000000 (custom)
2019-09-26 10:42:28,997 [pool-57-thread-1] INFO  server.RaftServerConfigKeys (ConfUtils.java:logGet(43)) - raft.server.log.appender.buffer.byte-limit = 33554432 (custom)
2019-09-26 10:42:28,997 [pool-57-thread-1] INFO  server.RaftServerConfigKeys (ConfUtils.java:logGet(43)) - raft.server.log.segment.size.max = 1048576 (custom)
2019-09-26 10:42:28,997 [pool-57-thread-1] INFO  server.RaftServerConfigKeys (ConfUtils.java:logGet(43)) - raft.server.log.segment.cache.num.max = 2 (custom)
2019-09-26 10:42:28,998 [pool-57-thread-1] INFO  segmented.SegmentedRaftLogWorker (SegmentedRaftLogWorker.java:<init>(172)) - new 766dc5f6-32d2-4403-bd57-0044e97b5c0e@group-7AFF37BE0272-SegmentedRaftLogWorker for RaftStorage:Storage Directory /workdir/hadoop-ozone/integration-test/target/test-dir/MiniOzoneClusterImpl-ba83c363-2963-4965-b6c8-e0e7e6227b06/datanode-3/data/ratis/637c1860-162f-4de3-b96c-7aff37be0272
2019-09-26 10:42:28,998 [pool-57-thread-1] INFO  server.RaftServerConfigKeys (ConfUtils.java:logGet(43)) - raft.server.log.queue.byte-limit = 2147483647 (custom)
2019-09-26 10:42:28,998 [pool-57-thread-1] INFO  server.RaftServerConfigKeys (ConfUtils.java:logGet(43)) - raft.server.log.queue.element-limit = 1024 (custom)
2019-09-26 10:42:28,998 [pool-57-thread-1] INFO  server.RaftServerConfigKeys (ConfUtils.java:logGet(43)) - raft.server.log.segment.size.max = 1048576 (custom)
2019-09-26 10:42:28,998 [pool-57-thread-1] INFO  server.RaftServerConfigKeys (ConfUtils.java:logGet(43)) - raft.server.log.preallocated.size = 16384 (custom)
2019-09-26 10:42:28,999 [pool-57-thread-1] INFO  server.RaftServerConfigKeys (ConfUtils.java:logGet(43)) - raft.server.log.write.buffer.size = 33554432 (custom)
2019-09-26 10:42:28,999 [pool-57-thread-1] INFO  server.RaftServerConfigKeys (ConfUtils.java:logGet(43)) - raft.server.log.force.sync.num = 128 (default)
2019-09-26 10:42:28,999 [pool-57-thread-1] INFO  server.RaftServerConfigKeys (ConfUtils.java:logGet(43)) - raft.server.log.statemachine.data.sync = true (default)
2019-09-26 10:42:28,999 [pool-57-thread-1] INFO  server.RaftServerConfigKeys (ConfUtils.java:logGet(43)) - raft.server.log.statemachine.data.sync.timeout = 10s (default)
2019-09-26 10:42:29,000 [pool-57-thread-1] INFO  server.RaftServerConfigKeys (ConfUtils.java:logGet(43)) - raft.server.log.statemachine.data.sync.timeout.retry = -1 (default)
2019-09-26 10:42:29,000 [pool-57-thread-1] INFO  server.RaftServerConfigKeys (ConfUtils.java:logGet(43)) - raft.server.log.statemachine.data.caching.enabled = true (custom)
2019-09-26 10:42:29,001 [pool-57-thread-1] INFO  segmented.SegmentedRaftLogWorker (SegmentedRaftLogWorker.java:lambda$new$0(132)) - 766dc5f6-32d2-4403-bd57-0044e97b5c0e@group-7AFF37BE0272-SegmentedRaftLogWorker: flushIndex: setUnconditionally 0 -> -1
2019-09-26 10:42:29,002 [pool-57-thread-1] INFO  server.RaftServerConfigKeys (ConfUtils.java:logGet(43)) - raft.server.snapshot.auto.trigger.enabled = true (custom)
2019-09-26 10:42:29,002 [pool-57-thread-1] INFO  server.RaftServerConfigKeys (ConfUtils.java:logGet(43)) - raft.server.snapshot.auto.trigger.threshold = 10000 (custom)
2019-09-26 10:42:29,002 [pool-57-thread-1] INFO  server.RaftServerConfigKeys (ConfUtils.java:logGet(43)) - raft.server.snapshot.retention.num.files = 5 (custom)
2019-09-26 10:42:29,002 [pool-57-thread-1] INFO  server.RaftServerConfigKeys (ConfUtils.java:logGet(43)) - raft.server.retrycache.expirytime = 600000ms (custom)
2019-09-26 10:42:29,007 [pool-57-thread-1] INFO  impl.RaftServerImpl (RaftServerImpl.java:start(185)) - 766dc5f6-32d2-4403-bd57-0044e97b5c0e@group-7AFF37BE0272: start as a follower, conf=-1: [766dc5f6-32d2-4403-bd57-0044e97b5c0e:192.168.30.13:45523], old=null
2019-09-26 10:42:29,007 [pool-57-thread-1] INFO  impl.RaftServerImpl (RaftServerImpl.java:setRole(174)) - 766dc5f6-32d2-4403-bd57-0044e97b5c0e@group-7AFF37BE0272: changes role from      null to FOLLOWER at term 0 for startAsFollower
2019-09-26 10:42:29,007 [pool-57-thread-1] INFO  impl.RoleInfo (RoleInfo.java:updateAndGet(143)) - 766dc5f6-32d2-4403-bd57-0044e97b5c0e: start FollowerState
2019-09-26 10:42:29,008 [pool-57-thread-1] INFO  util.JmxRegister (JmxRegister.java:tryRegister(44)) - Successfully registered JMX Bean with object name Ratis:service=RaftServer,group=group-7AFF37BE0272,id=766dc5f6-32d2-4403-bd57-0044e97b5c0e
2019-09-26 10:42:29,021 [RatisPipelineUtilsThread] INFO  pipeline.PipelineStateManager (PipelineStateManager.java:addPipeline(56)) - Created pipeline Pipeline[ Id: 637c1860-162f-4de3-b96c-7aff37be0272, Nodes: 766dc5f6-32d2-4403-bd57-0044e97b5c0e{ip: 192.168.30.13, host: pr-hdds-1569-wvzgm-824869521, networkLocation: /default-rack, certSerialId: null}, Type:RATIS, Factor:ONE, State:OPEN]
2019-09-26 10:42:29,040 [grpc-default-executor-0] INFO  impl.RaftServerProxy (RaftServerProxy.java:addNew(89)) - b39f15a2-ed1b-46ef-9b39-c0ba6a9718b6: addNew group-0F5A477FBFD7:[b39f15a2-ed1b-46ef-9b39-c0ba6a9718b6:192.168.30.13:42810] returns group-0F5A477FBFD7:java.util.concurrent.CompletableFuture@7ffda001[Not completed]
2019-09-26 10:42:29,046 [pool-67-thread-1] INFO  impl.RaftServerImpl (RaftServerImpl.java:<init>(95)) - b39f15a2-ed1b-46ef-9b39-c0ba6a9718b6: new RaftServerImpl for group-0F5A477FBFD7:[b39f15a2-ed1b-46ef-9b39-c0ba6a9718b6:192.168.30.13:42810] with ContainerStateMachine:uninitialized
2019-09-26 10:42:29,046 [pool-67-thread-1] INFO  server.RaftServerConfigKeys (ConfUtils.java:logGet(43)) - raft.server.rpc.timeout.min = 5s (custom)
2019-09-26 10:42:29,046 [pool-67-thread-1] INFO  server.RaftServerConfigKeys (ConfUtils.java:logGet(43)) - raft.server.rpc.timeout.max = 5200ms (custom)
2019-09-26 10:42:29,046 [pool-67-thread-1] INFO  server.RaftServerConfigKeys (ConfUtils.java:logGet(43)) - raft.server.rpcslowness.timeout = 10s (custom)
2019-09-26 10:42:29,046 [pool-67-thread-1] INFO  server.RaftServerConfigKeys (ConfUtils.java:logGet(43)) - raft.server.sleep.deviation.threshold = 300 (default)
2019-09-26 10:42:29,046 [pool-67-thread-1] INFO  server.RaftServerConfigKeys (ConfUtils.java:logGet(43)) - raft.server.log.appender.install.snapshot.enabled = false (custom)
2019-09-26 10:42:29,047 [pool-67-thread-1] INFO  impl.RaftServerImpl (ServerState.java:<init>(103)) - b39f15a2-ed1b-46ef-9b39-c0ba6a9718b6@group-0F5A477FBFD7: ConfigurationManager, init=-1: [b39f15a2-ed1b-46ef-9b39-c0ba6a9718b6:192.168.30.13:42810], old=null, confs=<EMPTY_MAP>
2019-09-26 10:42:29,047 [pool-67-thread-1] INFO  server.RaftServerConfigKeys (ConfUtils.java:logGet(43)) - raft.server.storage.dir = [/workdir/hadoop-ozone/integration-test/target/test-dir/MiniOzoneClusterImpl-ba83c363-2963-4965-b6c8-e0e7e6227b06/datanode-4/data/ratis] (custom)
2019-09-26 10:42:29,048 [pool-67-thread-1] INFO  storage.RaftStorageDirectory (RaftStorageDirectory.java:analyzeStorage(246)) - The storage directory /workdir/hadoop-ozone/integration-test/target/test-dir/MiniOzoneClusterImpl-ba83c363-2963-4965-b6c8-e0e7e6227b06/datanode-4/data/ratis/2539855e-1c5c-4826-85af-0f5a477fbfd7 does not exist. Creating ...
2019-09-26 10:42:29,060 [pool-67-thread-1] INFO  storage.RaftStorageDirectory (RaftStorageDirectory.java:tryLock(328)) - Lock on /workdir/hadoop-ozone/integration-test/target/test-dir/MiniOzoneClusterImpl-ba83c363-2963-4965-b6c8-e0e7e6227b06/datanode-4/data/ratis/2539855e-1c5c-4826-85af-0f5a477fbfd7/in_use.lock acquired by nodename 12934@pr-hdds-1569-wvzgm-824869521
2019-09-26 10:42:29,082 [pool-67-thread-1] INFO  storage.RaftStorage (RaftStorage.java:format(72)) - Storage directory /workdir/hadoop-ozone/integration-test/target/test-dir/MiniOzoneClusterImpl-ba83c363-2963-4965-b6c8-e0e7e6227b06/datanode-4/data/ratis/2539855e-1c5c-4826-85af-0f5a477fbfd7 has been successfully formatted.
2019-09-26 10:42:29,082 [pool-67-thread-1] INFO  ratis.ContainerStateMachine (ContainerStateMachine.java:loadSnapshot(230)) - group-0F5A477FBFD7: The snapshot info is null. Setting the last applied indexto:(t:0, i:~)
2019-09-26 10:42:29,082 [pool-67-thread-1] INFO  server.RaftServerConfigKeys (ConfUtils.java:logGet(43)) - raft.server.notification.no-leader.timeout = 10s (custom)
2019-09-26 10:42:29,082 [pool-67-thread-1] INFO  server.RaftServerConfigKeys (ConfUtils.java:logGet(43)) - raft.server.log.use.memory = false (default)
2019-09-26 10:42:29,083 [pool-67-thread-1] INFO  server.RaftServerConfigKeys (ConfUtils.java:logGet(43)) - raft.server.log.purge.gap = 1000000 (custom)
2019-09-26 10:42:29,083 [pool-67-thread-1] INFO  server.RaftServerConfigKeys (ConfUtils.java:logGet(43)) - raft.server.log.appender.buffer.byte-limit = 33554432 (custom)
2019-09-26 10:42:29,083 [pool-67-thread-1] INFO  server.RaftServerConfigKeys (ConfUtils.java:logGet(43)) - raft.server.log.segment.size.max = 1048576 (custom)
2019-09-26 10:42:29,083 [pool-67-thread-1] INFO  server.RaftServerConfigKeys (ConfUtils.java:logGet(43)) - raft.server.log.segment.cache.num.max = 2 (custom)
2019-09-26 10:42:29,083 [pool-67-thread-1] INFO  segmented.SegmentedRaftLogWorker (SegmentedRaftLogWorker.java:<init>(172)) - new b39f15a2-ed1b-46ef-9b39-c0ba6a9718b6@group-0F5A477FBFD7-SegmentedRaftLogWorker for RaftStorage:Storage Directory /workdir/hadoop-ozone/integration-test/target/test-dir/MiniOzoneClusterImpl-ba83c363-2963-4965-b6c8-e0e7e6227b06/datanode-4/data/ratis/2539855e-1c5c-4826-85af-0f5a477fbfd7
2019-09-26 10:42:29,087 [pool-67-thread-1] INFO  server.RaftServerConfigKeys (ConfUtils.java:logGet(43)) - raft.server.log.queue.byte-limit = 2147483647 (custom)
2019-09-26 10:42:29,087 [pool-67-thread-1] INFO  server.RaftServerConfigKeys (ConfUtils.java:logGet(43)) - raft.server.log.queue.element-limit = 1024 (custom)
2019-09-26 10:42:29,088 [pool-67-thread-1] INFO  server.RaftServerConfigKeys (ConfUtils.java:logGet(43)) - raft.server.log.segment.size.max = 1048576 (custom)
2019-09-26 10:42:29,088 [pool-67-thread-1] INFO  server.RaftServerConfigKeys (ConfUtils.java:logGet(43)) - raft.server.log.preallocated.size = 16384 (custom)
2019-09-26 10:42:29,088 [pool-67-thread-1] INFO  server.RaftServerConfigKeys (ConfUtils.java:logGet(43)) - raft.server.log.write.buffer.size = 33554432 (custom)
2019-09-26 10:42:29,088 [pool-67-thread-1] INFO  server.RaftServerConfigKeys (ConfUtils.java:logGet(43)) - raft.server.log.force.sync.num = 128 (default)
2019-09-26 10:42:29,088 [pool-67-thread-1] INFO  server.RaftServerConfigKeys (ConfUtils.java:logGet(43)) - raft.server.log.statemachine.data.sync = true (default)
2019-09-26 10:42:29,088 [pool-67-thread-1] INFO  server.RaftServerConfigKeys (ConfUtils.java:logGet(43)) - raft.server.log.statemachine.data.sync.timeout = 10s (default)
2019-09-26 10:42:29,089 [pool-67-thread-1] INFO  server.RaftServerConfigKeys (ConfUtils.java:logGet(43)) - raft.server.log.statemachine.data.sync.timeout.retry = -1 (default)
2019-09-26 10:42:29,089 [pool-67-thread-1] INFO  server.RaftServerConfigKeys (ConfUtils.java:logGet(43)) - raft.server.log.statemachine.data.caching.enabled = true (custom)
2019-09-26 10:42:29,089 [pool-67-thread-1] INFO  segmented.SegmentedRaftLogWorker (SegmentedRaftLogWorker.java:lambda$new$0(132)) - b39f15a2-ed1b-46ef-9b39-c0ba6a9718b6@group-0F5A477FBFD7-SegmentedRaftLogWorker: flushIndex: setUnconditionally 0 -> -1
2019-09-26 10:42:29,090 [pool-67-thread-1] INFO  server.RaftServerConfigKeys (ConfUtils.java:logGet(43)) - raft.server.snapshot.auto.trigger.enabled = true (custom)
2019-09-26 10:42:29,090 [pool-67-thread-1] INFO  server.RaftServerConfigKeys (ConfUtils.java:logGet(43)) - raft.server.snapshot.auto.trigger.threshold = 10000 (custom)
2019-09-26 10:42:29,090 [pool-67-thread-1] INFO  server.RaftServerConfigKeys (ConfUtils.java:logGet(43)) - raft.server.snapshot.retention.num.files = 5 (custom)
2019-09-26 10:42:29,090 [pool-67-thread-1] INFO  server.RaftServerConfigKeys (ConfUtils.java:logGet(43)) - raft.server.retrycache.expirytime = 600000ms (custom)
2019-09-26 10:42:29,093 [pool-67-thread-1] INFO  impl.RaftServerImpl (RaftServerImpl.java:start(185)) - b39f15a2-ed1b-46ef-9b39-c0ba6a9718b6@group-0F5A477FBFD7: start as a follower, conf=-1: [b39f15a2-ed1b-46ef-9b39-c0ba6a9718b6:192.168.30.13:42810], old=null
2019-09-26 10:42:29,094 [pool-67-thread-1] INFO  impl.RaftServerImpl (RaftServerImpl.java:setRole(174)) - b39f15a2-ed1b-46ef-9b39-c0ba6a9718b6@group-0F5A477FBFD7: changes role from      null to FOLLOWER at term 0 for startAsFollower
2019-09-26 10:42:29,094 [pool-67-thread-1] INFO  impl.RoleInfo (RoleInfo.java:updateAndGet(143)) - b39f15a2-ed1b-46ef-9b39-c0ba6a9718b6: start FollowerState
2019-09-26 10:42:29,094 [pool-67-thread-1] INFO  util.JmxRegister (JmxRegister.java:tryRegister(44)) - Successfully registered JMX Bean with object name Ratis:service=RaftServer,group=group-0F5A477FBFD7,id=b39f15a2-ed1b-46ef-9b39-c0ba6a9718b6
2019-09-26 10:42:29,108 [RatisPipelineUtilsThread] INFO  pipeline.PipelineStateManager (PipelineStateManager.java:addPipeline(56)) - Created pipeline Pipeline[ Id: 2539855e-1c5c-4826-85af-0f5a477fbfd7, Nodes: b39f15a2-ed1b-46ef-9b39-c0ba6a9718b6{ip: 192.168.30.13, host: pr-hdds-1569-wvzgm-824869521, networkLocation: /default-rack, certSerialId: null}, Type:RATIS, Factor:ONE, State:OPEN]
2019-09-26 10:42:29,127 [grpc-default-executor-0] INFO  impl.RaftServerProxy (RaftServerProxy.java:addNew(89)) - ba1aab4d-d107-47a2-be01-d124e86652a2: addNew group-339405433FF4:[ba1aab4d-d107-47a2-be01-d124e86652a2:192.168.30.13:41615] returns group-339405433FF4:java.util.concurrent.CompletableFuture@34f264ce[Not completed]
2019-09-26 10:42:29,129 [pool-47-thread-1] INFO  impl.RaftServerImpl (RaftServerImpl.java:<init>(95)) - ba1aab4d-d107-47a2-be01-d124e86652a2: new RaftServerImpl for group-339405433FF4:[ba1aab4d-d107-47a2-be01-d124e86652a2:192.168.30.13:41615] with ContainerStateMachine:uninitialized
2019-09-26 10:42:29,129 [pool-47-thread-1] INFO  server.RaftServerConfigKeys (ConfUtils.java:logGet(43)) - raft.server.rpc.timeout.min = 5s (custom)
2019-09-26 10:42:29,129 [pool-47-thread-1] INFO  server.RaftServerConfigKeys (ConfUtils.java:logGet(43)) - raft.server.rpc.timeout.max = 5200ms (custom)
2019-09-26 10:42:29,130 [pool-47-thread-1] INFO  server.RaftServerConfigKeys (ConfUtils.java:logGet(43)) - raft.server.rpcslowness.timeout = 10s (custom)
2019-09-26 10:42:29,130 [pool-47-thread-1] INFO  server.RaftServerConfigKeys (ConfUtils.java:logGet(43)) - raft.server.sleep.deviation.threshold = 300 (default)
2019-09-26 10:42:29,130 [pool-47-thread-1] INFO  server.RaftServerConfigKeys (ConfUtils.java:logGet(43)) - raft.server.log.appender.install.snapshot.enabled = false (custom)
2019-09-26 10:42:29,130 [pool-47-thread-1] INFO  impl.RaftServerImpl (ServerState.java:<init>(103)) - ba1aab4d-d107-47a2-be01-d124e86652a2@group-339405433FF4: ConfigurationManager, init=-1: [ba1aab4d-d107-47a2-be01-d124e86652a2:192.168.30.13:41615], old=null, confs=<EMPTY_MAP>
2019-09-26 10:42:29,131 [pool-47-thread-1] INFO  server.RaftServerConfigKeys (ConfUtils.java:logGet(43)) - raft.server.storage.dir = [/workdir/hadoop-ozone/integration-test/target/test-dir/MiniOzoneClusterImpl-ba83c363-2963-4965-b6c8-e0e7e6227b06/datanode-2/data/ratis] (custom)
2019-09-26 10:42:29,131 [pool-47-thread-1] INFO  storage.RaftStorageDirectory (RaftStorageDirectory.java:analyzeStorage(246)) - The storage directory /workdir/hadoop-ozone/integration-test/target/test-dir/MiniOzoneClusterImpl-ba83c363-2963-4965-b6c8-e0e7e6227b06/datanode-2/data/ratis/f6e31a68-9a26-4a7e-a6ba-339405433ff4 does not exist. Creating ...
2019-09-26 10:42:29,145 [pool-47-thread-1] INFO  storage.RaftStorageDirectory (RaftStorageDirectory.java:tryLock(328)) - Lock on /workdir/hadoop-ozone/integration-test/target/test-dir/MiniOzoneClusterImpl-ba83c363-2963-4965-b6c8-e0e7e6227b06/datanode-2/data/ratis/f6e31a68-9a26-4a7e-a6ba-339405433ff4/in_use.lock acquired by nodename 12934@pr-hdds-1569-wvzgm-824869521
2019-09-26 10:42:29,158 [pool-47-thread-1] INFO  storage.RaftStorage (RaftStorage.java:format(72)) - Storage directory /workdir/hadoop-ozone/integration-test/target/test-dir/MiniOzoneClusterImpl-ba83c363-2963-4965-b6c8-e0e7e6227b06/datanode-2/data/ratis/f6e31a68-9a26-4a7e-a6ba-339405433ff4 has been successfully formatted.
2019-09-26 10:42:29,159 [pool-47-thread-1] INFO  ratis.ContainerStateMachine (ContainerStateMachine.java:loadSnapshot(230)) - group-339405433FF4: The snapshot info is null. Setting the last applied indexto:(t:0, i:~)
2019-09-26 10:42:29,159 [pool-47-thread-1] INFO  server.RaftServerConfigKeys (ConfUtils.java:logGet(43)) - raft.server.notification.no-leader.timeout = 10s (custom)
2019-09-26 10:42:29,159 [pool-47-thread-1] INFO  server.RaftServerConfigKeys (ConfUtils.java:logGet(43)) - raft.server.log.use.memory = false (default)
2019-09-26 10:42:29,159 [pool-47-thread-1] INFO  server.RaftServerConfigKeys (ConfUtils.java:logGet(43)) - raft.server.log.purge.gap = 1000000 (custom)
2019-09-26 10:42:29,159 [pool-47-thread-1] INFO  server.RaftServerConfigKeys (ConfUtils.java:logGet(43)) - raft.server.log.appender.buffer.byte-limit = 33554432 (custom)
2019-09-26 10:42:29,160 [pool-47-thread-1] INFO  server.RaftServerConfigKeys (ConfUtils.java:logGet(43)) - raft.server.log.segment.size.max = 1048576 (custom)
2019-09-26 10:42:29,160 [pool-47-thread-1] INFO  server.RaftServerConfigKeys (ConfUtils.java:logGet(43)) - raft.server.log.segment.cache.num.max = 2 (custom)
2019-09-26 10:42:29,160 [pool-47-thread-1] INFO  segmented.SegmentedRaftLogWorker (SegmentedRaftLogWorker.java:<init>(172)) - new ba1aab4d-d107-47a2-be01-d124e86652a2@group-339405433FF4-SegmentedRaftLogWorker for RaftStorage:Storage Directory /workdir/hadoop-ozone/integration-test/target/test-dir/MiniOzoneClusterImpl-ba83c363-2963-4965-b6c8-e0e7e6227b06/datanode-2/data/ratis/f6e31a68-9a26-4a7e-a6ba-339405433ff4
2019-09-26 10:42:29,163 [pool-47-thread-1] INFO  server.RaftServerConfigKeys (ConfUtils.java:logGet(43)) - raft.server.log.queue.byte-limit = 2147483647 (custom)
2019-09-26 10:42:29,163 [pool-47-thread-1] INFO  server.RaftServerConfigKeys (ConfUtils.java:logGet(43)) - raft.server.log.queue.element-limit = 1024 (custom)
2019-09-26 10:42:29,164 [pool-47-thread-1] INFO  server.RaftServerConfigKeys (ConfUtils.java:logGet(43)) - raft.server.log.segment.size.max = 1048576 (custom)
2019-09-26 10:42:29,164 [pool-47-thread-1] INFO  server.RaftServerConfigKeys (ConfUtils.java:logGet(43)) - raft.server.log.preallocated.size = 16384 (custom)
2019-09-26 10:42:29,164 [pool-47-thread-1] INFO  server.RaftServerConfigKeys (ConfUtils.java:logGet(43)) - raft.server.log.write.buffer.size = 33554432 (custom)
2019-09-26 10:42:29,164 [pool-47-thread-1] INFO  server.RaftServerConfigKeys (ConfUtils.java:logGet(43)) - raft.server.log.force.sync.num = 128 (default)
2019-09-26 10:42:29,164 [pool-47-thread-1] INFO  server.RaftServerConfigKeys (ConfUtils.java:logGet(43)) - raft.server.log.statemachine.data.sync = true (default)
2019-09-26 10:42:29,165 [pool-47-thread-1] INFO  server.RaftServerConfigKeys (ConfUtils.java:logGet(43)) - raft.server.log.statemachine.data.sync.timeout = 10s (default)
2019-09-26 10:42:29,165 [pool-47-thread-1] INFO  server.RaftServerConfigKeys (ConfUtils.java:logGet(43)) - raft.server.log.statemachine.data.sync.timeout.retry = -1 (default)
2019-09-26 10:42:29,165 [pool-47-thread-1] INFO  server.RaftServerConfigKeys (ConfUtils.java:logGet(43)) - raft.server.log.statemachine.data.caching.enabled = true (custom)
2019-09-26 10:42:29,166 [pool-47-thread-1] INFO  segmented.SegmentedRaftLogWorker (SegmentedRaftLogWorker.java:lambda$new$0(132)) - ba1aab4d-d107-47a2-be01-d124e86652a2@group-339405433FF4-SegmentedRaftLogWorker: flushIndex: setUnconditionally 0 -> -1
2019-09-26 10:42:29,166 [pool-47-thread-1] INFO  server.RaftServerConfigKeys (ConfUtils.java:logGet(43)) - raft.server.snapshot.auto.trigger.enabled = true (custom)
2019-09-26 10:42:29,167 [pool-47-thread-1] INFO  server.RaftServerConfigKeys (ConfUtils.java:logGet(43)) - raft.server.snapshot.auto.trigger.threshold = 10000 (custom)
2019-09-26 10:42:29,167 [pool-47-thread-1] INFO  server.RaftServerConfigKeys (ConfUtils.java:logGet(43)) - raft.server.snapshot.retention.num.files = 5 (custom)
2019-09-26 10:42:29,167 [pool-47-thread-1] INFO  server.RaftServerConfigKeys (ConfUtils.java:logGet(43)) - raft.server.retrycache.expirytime = 600000ms (custom)
2019-09-26 10:42:29,171 [pool-47-thread-1] INFO  impl.RaftServerImpl (RaftServerImpl.java:start(185)) - ba1aab4d-d107-47a2-be01-d124e86652a2@group-339405433FF4: start as a follower, conf=-1: [ba1aab4d-d107-47a2-be01-d124e86652a2:192.168.30.13:41615], old=null
2019-09-26 10:42:29,171 [pool-47-thread-1] INFO  impl.RaftServerImpl (RaftServerImpl.java:setRole(174)) - ba1aab4d-d107-47a2-be01-d124e86652a2@group-339405433FF4: changes role from      null to FOLLOWER at term 0 for startAsFollower
2019-09-26 10:42:29,172 [pool-47-thread-1] INFO  impl.RoleInfo (RoleInfo.java:updateAndGet(143)) - ba1aab4d-d107-47a2-be01-d124e86652a2: start FollowerState
2019-09-26 10:42:29,172 [pool-47-thread-1] INFO  util.JmxRegister (JmxRegister.java:tryRegister(44)) - Successfully registered JMX Bean with object name Ratis:service=RaftServer,group=group-339405433FF4,id=ba1aab4d-d107-47a2-be01-d124e86652a2
2019-09-26 10:42:29,182 [RatisPipelineUtilsThread] INFO  pipeline.PipelineStateManager (PipelineStateManager.java:addPipeline(56)) - Created pipeline Pipeline[ Id: f6e31a68-9a26-4a7e-a6ba-339405433ff4, Nodes: ba1aab4d-d107-47a2-be01-d124e86652a2{ip: 192.168.30.13, host: pr-hdds-1569-wvzgm-824869521, networkLocation: /default-rack, certSerialId: null}, Type:RATIS, Factor:ONE, State:OPEN]
2019-09-26 10:42:29,198 [grpc-default-executor-0] INFO  impl.RaftServerProxy (RaftServerProxy.java:addNew(89)) - b39f15a2-ed1b-46ef-9b39-c0ba6a9718b6: addNew group-71DBF38F3F17:[b39f15a2-ed1b-46ef-9b39-c0ba6a9718b6:192.168.30.13:42810] returns group-71DBF38F3F17:java.util.concurrent.CompletableFuture@2dd1c49c[Not completed]
2019-09-26 10:42:29,200 [pool-67-thread-1] INFO  impl.RaftServerImpl (RaftServerImpl.java:<init>(95)) - b39f15a2-ed1b-46ef-9b39-c0ba6a9718b6: new RaftServerImpl for group-71DBF38F3F17:[b39f15a2-ed1b-46ef-9b39-c0ba6a9718b6:192.168.30.13:42810] with ContainerStateMachine:uninitialized
2019-09-26 10:42:29,200 [pool-67-thread-1] INFO  server.RaftServerConfigKeys (ConfUtils.java:logGet(43)) - raft.server.rpc.timeout.min = 5s (custom)
2019-09-26 10:42:29,200 [pool-67-thread-1] INFO  server.RaftServerConfigKeys (ConfUtils.java:logGet(43)) - raft.server.rpc.timeout.max = 5200ms (custom)
2019-09-26 10:42:29,200 [pool-67-thread-1] INFO  server.RaftServerConfigKeys (ConfUtils.java:logGet(43)) - raft.server.rpcslowness.timeout = 10s (custom)
2019-09-26 10:42:29,201 [pool-67-thread-1] INFO  server.RaftServerConfigKeys (ConfUtils.java:logGet(43)) - raft.server.sleep.deviation.threshold = 300 (default)
2019-09-26 10:42:29,201 [pool-67-thread-1] INFO  server.RaftServerConfigKeys (ConfUtils.java:logGet(43)) - raft.server.log.appender.install.snapshot.enabled = false (custom)
2019-09-26 10:42:29,201 [pool-67-thread-1] INFO  impl.RaftServerImpl (ServerState.java:<init>(103)) - b39f15a2-ed1b-46ef-9b39-c0ba6a9718b6@group-71DBF38F3F17: ConfigurationManager, init=-1: [b39f15a2-ed1b-46ef-9b39-c0ba6a9718b6:192.168.30.13:42810], old=null, confs=<EMPTY_MAP>
2019-09-26 10:42:29,201 [pool-67-thread-1] INFO  server.RaftServerConfigKeys (ConfUtils.java:logGet(43)) - raft.server.storage.dir = [/workdir/hadoop-ozone/integration-test/target/test-dir/MiniOzoneClusterImpl-ba83c363-2963-4965-b6c8-e0e7e6227b06/datanode-4/data/ratis] (custom)
2019-09-26 10:42:29,202 [pool-67-thread-1] INFO  storage.RaftStorageDirectory (RaftStorageDirectory.java:analyzeStorage(246)) - The storage directory /workdir/hadoop-ozone/integration-test/target/test-dir/MiniOzoneClusterImpl-ba83c363-2963-4965-b6c8-e0e7e6227b06/datanode-4/data/ratis/06c6e404-667b-4224-b3b2-71dbf38f3f17 does not exist. Creating ...
2019-09-26 10:42:29,214 [pool-67-thread-1] INFO  storage.RaftStorageDirectory (RaftStorageDirectory.java:tryLock(328)) - Lock on /workdir/hadoop-ozone/integration-test/target/test-dir/MiniOzoneClusterImpl-ba83c363-2963-4965-b6c8-e0e7e6227b06/datanode-4/data/ratis/06c6e404-667b-4224-b3b2-71dbf38f3f17/in_use.lock acquired by nodename 12934@pr-hdds-1569-wvzgm-824869521
2019-09-26 10:42:29,228 [pool-67-thread-1] INFO  storage.RaftStorage (RaftStorage.java:format(72)) - Storage directory /workdir/hadoop-ozone/integration-test/target/test-dir/MiniOzoneClusterImpl-ba83c363-2963-4965-b6c8-e0e7e6227b06/datanode-4/data/ratis/06c6e404-667b-4224-b3b2-71dbf38f3f17 has been successfully formatted.
2019-09-26 10:42:29,228 [pool-67-thread-1] INFO  ratis.ContainerStateMachine (ContainerStateMachine.java:loadSnapshot(230)) - group-71DBF38F3F17: The snapshot info is null. Setting the last applied indexto:(t:0, i:~)
2019-09-26 10:42:29,228 [pool-67-thread-1] INFO  server.RaftServerConfigKeys (ConfUtils.java:logGet(43)) - raft.server.notification.no-leader.timeout = 10s (custom)
2019-09-26 10:42:29,229 [pool-67-thread-1] INFO  server.RaftServerConfigKeys (ConfUtils.java:logGet(43)) - raft.server.log.use.memory = false (default)
2019-09-26 10:42:29,229 [pool-67-thread-1] INFO  server.RaftServerConfigKeys (ConfUtils.java:logGet(43)) - raft.server.log.purge.gap = 1000000 (custom)
2019-09-26 10:42:29,229 [pool-67-thread-1] INFO  server.RaftServerConfigKeys (ConfUtils.java:logGet(43)) - raft.server.log.appender.buffer.byte-limit = 33554432 (custom)
2019-09-26 10:42:29,229 [pool-67-thread-1] INFO  server.RaftServerConfigKeys (ConfUtils.java:logGet(43)) - raft.server.log.segment.size.max = 1048576 (custom)
2019-09-26 10:42:29,230 [pool-67-thread-1] INFO  server.RaftServerConfigKeys (ConfUtils.java:logGet(43)) - raft.server.log.segment.cache.num.max = 2 (custom)
2019-09-26 10:42:29,230 [pool-67-thread-1] INFO  segmented.SegmentedRaftLogWorker (SegmentedRaftLogWorker.java:<init>(172)) - new b39f15a2-ed1b-46ef-9b39-c0ba6a9718b6@group-71DBF38F3F17-SegmentedRaftLogWorker for RaftStorage:Storage Directory /workdir/hadoop-ozone/integration-test/target/test-dir/MiniOzoneClusterImpl-ba83c363-2963-4965-b6c8-e0e7e6227b06/datanode-4/data/ratis/06c6e404-667b-4224-b3b2-71dbf38f3f17
2019-09-26 10:42:29,230 [pool-67-thread-1] INFO  server.RaftServerConfigKeys (ConfUtils.java:logGet(43)) - raft.server.log.queue.byte-limit = 2147483647 (custom)
2019-09-26 10:42:29,230 [pool-67-thread-1] INFO  server.RaftServerConfigKeys (ConfUtils.java:logGet(43)) - raft.server.log.queue.element-limit = 1024 (custom)
2019-09-26 10:42:29,230 [pool-67-thread-1] INFO  server.RaftServerConfigKeys (ConfUtils.java:logGet(43)) - raft.server.log.segment.size.max = 1048576 (custom)
2019-09-26 10:42:29,231 [pool-67-thread-1] INFO  server.RaftServerConfigKeys (ConfUtils.java:logGet(43)) - raft.server.log.preallocated.size = 16384 (custom)
2019-09-26 10:42:29,231 [pool-67-thread-1] INFO  server.RaftServerConfigKeys (ConfUtils.java:logGet(43)) - raft.server.log.write.buffer.size = 33554432 (custom)
2019-09-26 10:42:29,231 [pool-67-thread-1] INFO  server.RaftServerConfigKeys (ConfUtils.java:logGet(43)) - raft.server.log.force.sync.num = 128 (default)
2019-09-26 10:42:29,231 [pool-67-thread-1] INFO  server.RaftServerConfigKeys (ConfUtils.java:logGet(43)) - raft.server.log.statemachine.data.sync = true (default)
2019-09-26 10:42:29,231 [pool-67-thread-1] INFO  server.RaftServerConfigKeys (ConfUtils.java:logGet(43)) - raft.server.log.statemachine.data.sync.timeout = 10s (default)
2019-09-26 10:42:29,231 [pool-67-thread-1] INFO  server.RaftServerConfigKeys (ConfUtils.java:logGet(43)) - raft.server.log.statemachine.data.sync.timeout.retry = -1 (default)
2019-09-26 10:42:29,232 [pool-67-thread-1] INFO  server.RaftServerConfigKeys (ConfUtils.java:logGet(43)) - raft.server.log.statemachine.data.caching.enabled = true (custom)
2019-09-26 10:42:29,232 [pool-67-thread-1] INFO  segmented.SegmentedRaftLogWorker (SegmentedRaftLogWorker.java:lambda$new$0(132)) - b39f15a2-ed1b-46ef-9b39-c0ba6a9718b6@group-71DBF38F3F17-SegmentedRaftLogWorker: flushIndex: setUnconditionally 0 -> -1
2019-09-26 10:42:29,233 [pool-67-thread-1] INFO  server.RaftServerConfigKeys (ConfUtils.java:logGet(43)) - raft.server.snapshot.auto.trigger.enabled = true (custom)
2019-09-26 10:42:29,233 [pool-67-thread-1] INFO  server.RaftServerConfigKeys (ConfUtils.java:logGet(43)) - raft.server.snapshot.auto.trigger.threshold = 10000 (custom)
2019-09-26 10:42:29,233 [pool-67-thread-1] INFO  server.RaftServerConfigKeys (ConfUtils.java:logGet(43)) - raft.server.snapshot.retention.num.files = 5 (custom)
2019-09-26 10:42:29,233 [pool-67-thread-1] INFO  server.RaftServerConfigKeys (ConfUtils.java:logGet(43)) - raft.server.retrycache.expirytime = 600000ms (custom)
2019-09-26 10:42:29,237 [pool-67-thread-1] INFO  impl.RaftServerImpl (RaftServerImpl.java:start(185)) - b39f15a2-ed1b-46ef-9b39-c0ba6a9718b6@group-71DBF38F3F17: start as a follower, conf=-1: [b39f15a2-ed1b-46ef-9b39-c0ba6a9718b6:192.168.30.13:42810], old=null
2019-09-26 10:42:29,237 [pool-67-thread-1] INFO  impl.RaftServerImpl (RaftServerImpl.java:setRole(174)) - b39f15a2-ed1b-46ef-9b39-c0ba6a9718b6@group-71DBF38F3F17: changes role from      null to FOLLOWER at term 0 for startAsFollower
2019-09-26 10:42:29,237 [pool-67-thread-1] INFO  impl.RoleInfo (RoleInfo.java:updateAndGet(143)) - b39f15a2-ed1b-46ef-9b39-c0ba6a9718b6: start FollowerState
2019-09-26 10:42:29,238 [pool-67-thread-1] INFO  util.JmxRegister (JmxRegister.java:tryRegister(44)) - Successfully registered JMX Bean with object name Ratis:service=RaftServer,group=group-71DBF38F3F17,id=b39f15a2-ed1b-46ef-9b39-c0ba6a9718b6
2019-09-26 10:42:29,248 [RatisPipelineUtilsThread] INFO  pipeline.PipelineStateManager (PipelineStateManager.java:addPipeline(56)) - Created pipeline Pipeline[ Id: 06c6e404-667b-4224-b3b2-71dbf38f3f17, Nodes: b39f15a2-ed1b-46ef-9b39-c0ba6a9718b6{ip: 192.168.30.13, host: pr-hdds-1569-wvzgm-824869521, networkLocation: /default-rack, certSerialId: null}, Type:RATIS, Factor:ONE, State:OPEN]
2019-09-26 10:42:29,261 [grpc-default-executor-0] INFO  impl.RaftServerProxy (RaftServerProxy.java:addNew(89)) - b39f15a2-ed1b-46ef-9b39-c0ba6a9718b6: addNew group-F022B8DEE155:[b39f15a2-ed1b-46ef-9b39-c0ba6a9718b6:192.168.30.13:42810] returns group-F022B8DEE155:java.util.concurrent.CompletableFuture@1a318c8d[Not completed]
2019-09-26 10:42:29,263 [pool-67-thread-1] INFO  impl.RaftServerImpl (RaftServerImpl.java:<init>(95)) - b39f15a2-ed1b-46ef-9b39-c0ba6a9718b6: new RaftServerImpl for group-F022B8DEE155:[b39f15a2-ed1b-46ef-9b39-c0ba6a9718b6:192.168.30.13:42810] with ContainerStateMachine:uninitialized
2019-09-26 10:42:29,263 [pool-67-thread-1] INFO  server.RaftServerConfigKeys (ConfUtils.java:logGet(43)) - raft.server.rpc.timeout.min = 5s (custom)
2019-09-26 10:42:29,264 [pool-67-thread-1] INFO  server.RaftServerConfigKeys (ConfUtils.java:logGet(43)) - raft.server.rpc.timeout.max = 5200ms (custom)
2019-09-26 10:42:29,264 [pool-67-thread-1] INFO  server.RaftServerConfigKeys (ConfUtils.java:logGet(43)) - raft.server.rpcslowness.timeout = 10s (custom)
2019-09-26 10:42:29,264 [pool-67-thread-1] INFO  server.RaftServerConfigKeys (ConfUtils.java:logGet(43)) - raft.server.sleep.deviation.threshold = 300 (default)
2019-09-26 10:42:29,264 [pool-67-thread-1] INFO  server.RaftServerConfigKeys (ConfUtils.java:logGet(43)) - raft.server.log.appender.install.snapshot.enabled = false (custom)
2019-09-26 10:42:29,264 [pool-67-thread-1] INFO  impl.RaftServerImpl (ServerState.java:<init>(103)) - b39f15a2-ed1b-46ef-9b39-c0ba6a9718b6@group-F022B8DEE155: ConfigurationManager, init=-1: [b39f15a2-ed1b-46ef-9b39-c0ba6a9718b6:192.168.30.13:42810], old=null, confs=<EMPTY_MAP>
2019-09-26 10:42:29,265 [pool-67-thread-1] INFO  server.RaftServerConfigKeys (ConfUtils.java:logGet(43)) - raft.server.storage.dir = [/workdir/hadoop-ozone/integration-test/target/test-dir/MiniOzoneClusterImpl-ba83c363-2963-4965-b6c8-e0e7e6227b06/datanode-4/data/ratis] (custom)
2019-09-26 10:42:29,265 [pool-67-thread-1] INFO  storage.RaftStorageDirectory (RaftStorageDirectory.java:analyzeStorage(246)) - The storage directory /workdir/hadoop-ozone/integration-test/target/test-dir/MiniOzoneClusterImpl-ba83c363-2963-4965-b6c8-e0e7e6227b06/datanode-4/data/ratis/20716e4a-6a40-46a7-bcd6-f022b8dee155 does not exist. Creating ...
2019-09-26 10:42:29,290 [pool-67-thread-1] INFO  storage.RaftStorageDirectory (RaftStorageDirectory.java:tryLock(328)) - Lock on /workdir/hadoop-ozone/integration-test/target/test-dir/MiniOzoneClusterImpl-ba83c363-2963-4965-b6c8-e0e7e6227b06/datanode-4/data/ratis/20716e4a-6a40-46a7-bcd6-f022b8dee155/in_use.lock acquired by nodename 12934@pr-hdds-1569-wvzgm-824869521
2019-09-26 10:42:29,304 [pool-67-thread-1] INFO  storage.RaftStorage (RaftStorage.java:format(72)) - Storage directory /workdir/hadoop-ozone/integration-test/target/test-dir/MiniOzoneClusterImpl-ba83c363-2963-4965-b6c8-e0e7e6227b06/datanode-4/data/ratis/20716e4a-6a40-46a7-bcd6-f022b8dee155 has been successfully formatted.
2019-09-26 10:42:29,304 [pool-67-thread-1] INFO  ratis.ContainerStateMachine (ContainerStateMachine.java:loadSnapshot(230)) - group-F022B8DEE155: The snapshot info is null. Setting the last applied indexto:(t:0, i:~)
2019-09-26 10:42:29,304 [pool-67-thread-1] INFO  server.RaftServerConfigKeys (ConfUtils.java:logGet(43)) - raft.server.notification.no-leader.timeout = 10s (custom)
2019-09-26 10:42:29,304 [pool-67-thread-1] INFO  server.RaftServerConfigKeys (ConfUtils.java:logGet(43)) - raft.server.log.use.memory = false (default)
2019-09-26 10:42:29,305 [pool-67-thread-1] INFO  server.RaftServerConfigKeys (ConfUtils.java:logGet(43)) - raft.server.log.purge.gap = 1000000 (custom)
2019-09-26 10:42:29,305 [pool-67-thread-1] INFO  server.RaftServerConfigKeys (ConfUtils.java:logGet(43)) - raft.server.log.appender.buffer.byte-limit = 33554432 (custom)
2019-09-26 10:42:29,305 [pool-67-thread-1] INFO  server.RaftServerConfigKeys (ConfUtils.java:logGet(43)) - raft.server.log.segment.size.max = 1048576 (custom)
2019-09-26 10:42:29,305 [pool-67-thread-1] INFO  server.RaftServerConfigKeys (ConfUtils.java:logGet(43)) - raft.server.log.segment.cache.num.max = 2 (custom)
2019-09-26 10:42:29,305 [pool-67-thread-1] INFO  segmented.SegmentedRaftLogWorker (SegmentedRaftLogWorker.java:<init>(172)) - new b39f15a2-ed1b-46ef-9b39-c0ba6a9718b6@group-F022B8DEE155-SegmentedRaftLogWorker for RaftStorage:Storage Directory /workdir/hadoop-ozone/integration-test/target/test-dir/MiniOzoneClusterImpl-ba83c363-2963-4965-b6c8-e0e7e6227b06/datanode-4/data/ratis/20716e4a-6a40-46a7-bcd6-f022b8dee155
2019-09-26 10:42:29,306 [pool-67-thread-1] INFO  server.RaftServerConfigKeys (ConfUtils.java:logGet(43)) - raft.server.log.queue.byte-limit = 2147483647 (custom)
2019-09-26 10:42:29,306 [pool-67-thread-1] INFO  server.RaftServerConfigKeys (ConfUtils.java:logGet(43)) - raft.server.log.queue.element-limit = 1024 (custom)
2019-09-26 10:42:29,306 [pool-67-thread-1] INFO  server.RaftServerConfigKeys (ConfUtils.java:logGet(43)) - raft.server.log.segment.size.max = 1048576 (custom)
2019-09-26 10:42:29,306 [pool-67-thread-1] INFO  server.RaftServerConfigKeys (ConfUtils.java:logGet(43)) - raft.server.log.preallocated.size = 16384 (custom)
2019-09-26 10:42:29,306 [pool-67-thread-1] INFO  server.RaftServerConfigKeys (ConfUtils.java:logGet(43)) - raft.server.log.write.buffer.size = 33554432 (custom)
2019-09-26 10:42:29,306 [pool-67-thread-1] INFO  server.RaftServerConfigKeys (ConfUtils.java:logGet(43)) - raft.server.log.force.sync.num = 128 (default)
2019-09-26 10:42:29,307 [pool-67-thread-1] INFO  server.RaftServerConfigKeys (ConfUtils.java:logGet(43)) - raft.server.log.statemachine.data.sync = true (default)
2019-09-26 10:42:29,307 [pool-67-thread-1] INFO  server.RaftServerConfigKeys (ConfUtils.java:logGet(43)) - raft.server.log.statemachine.data.sync.timeout = 10s (default)
2019-09-26 10:42:29,307 [pool-67-thread-1] INFO  server.RaftServerConfigKeys (ConfUtils.java:logGet(43)) - raft.server.log.statemachine.data.sync.timeout.retry = -1 (default)
2019-09-26 10:42:29,307 [pool-67-thread-1] INFO  server.RaftServerConfigKeys (ConfUtils.java:logGet(43)) - raft.server.log.statemachine.data.caching.enabled = true (custom)
2019-09-26 10:42:29,308 [pool-67-thread-1] INFO  segmented.SegmentedRaftLogWorker (SegmentedRaftLogWorker.java:lambda$new$0(132)) - b39f15a2-ed1b-46ef-9b39-c0ba6a9718b6@group-F022B8DEE155-SegmentedRaftLogWorker: flushIndex: setUnconditionally 0 -> -1
2019-09-26 10:42:29,308 [pool-67-thread-1] INFO  server.RaftServerConfigKeys (ConfUtils.java:logGet(43)) - raft.server.snapshot.auto.trigger.enabled = true (custom)
2019-09-26 10:42:29,308 [pool-67-thread-1] INFO  server.RaftServerConfigKeys (ConfUtils.java:logGet(43)) - raft.server.snapshot.auto.trigger.threshold = 10000 (custom)
2019-09-26 10:42:29,308 [pool-67-thread-1] INFO  server.RaftServerConfigKeys (ConfUtils.java:logGet(43)) - raft.server.snapshot.retention.num.files = 5 (custom)
2019-09-26 10:42:29,309 [pool-67-thread-1] INFO  server.RaftServerConfigKeys (ConfUtils.java:logGet(43)) - raft.server.retrycache.expirytime = 600000ms (custom)
2019-09-26 10:42:29,312 [pool-67-thread-1] INFO  impl.RaftServerImpl (RaftServerImpl.java:start(185)) - b39f15a2-ed1b-46ef-9b39-c0ba6a9718b6@group-F022B8DEE155: start as a follower, conf=-1: [b39f15a2-ed1b-46ef-9b39-c0ba6a9718b6:192.168.30.13:42810], old=null
2019-09-26 10:42:29,312 [pool-67-thread-1] INFO  impl.RaftServerImpl (RaftServerImpl.java:setRole(174)) - b39f15a2-ed1b-46ef-9b39-c0ba6a9718b6@group-F022B8DEE155: changes role from      null to FOLLOWER at term 0 for startAsFollower
2019-09-26 10:42:29,313 [pool-67-thread-1] INFO  impl.RoleInfo (RoleInfo.java:updateAndGet(143)) - b39f15a2-ed1b-46ef-9b39-c0ba6a9718b6: start FollowerState
2019-09-26 10:42:29,313 [pool-67-thread-1] INFO  util.JmxRegister (JmxRegister.java:tryRegister(44)) - Successfully registered JMX Bean with object name Ratis:service=RaftServer,group=group-F022B8DEE155,id=b39f15a2-ed1b-46ef-9b39-c0ba6a9718b6
2019-09-26 10:42:29,324 [RatisPipelineUtilsThread] INFO  pipeline.PipelineStateManager (PipelineStateManager.java:addPipeline(56)) - Created pipeline Pipeline[ Id: 20716e4a-6a40-46a7-bcd6-f022b8dee155, Nodes: b39f15a2-ed1b-46ef-9b39-c0ba6a9718b6{ip: 192.168.30.13, host: pr-hdds-1569-wvzgm-824869521, networkLocation: /default-rack, certSerialId: null}, Type:RATIS, Factor:ONE, State:OPEN]
2019-09-26 10:42:29,342 [grpc-default-executor-0] INFO  impl.RaftServerProxy (RaftServerProxy.java:addNew(89)) - c2a6c9af-68b9-412f-956f-becf7b86d0d9: addNew group-D9C6AB40679F:[c2a6c9af-68b9-412f-956f-becf7b86d0d9:192.168.30.13:40379] returns group-D9C6AB40679F:java.util.concurrent.CompletableFuture@59382953[Not completed]
2019-09-26 10:42:29,349 [pool-77-thread-1] INFO  impl.RaftServerImpl (RaftServerImpl.java:<init>(95)) - c2a6c9af-68b9-412f-956f-becf7b86d0d9: new RaftServerImpl for group-D9C6AB40679F:[c2a6c9af-68b9-412f-956f-becf7b86d0d9:192.168.30.13:40379] with ContainerStateMachine:uninitialized
2019-09-26 10:42:29,350 [pool-77-thread-1] INFO  server.RaftServerConfigKeys (ConfUtils.java:logGet(43)) - raft.server.rpc.timeout.min = 5s (custom)
2019-09-26 10:42:29,350 [pool-77-thread-1] INFO  server.RaftServerConfigKeys (ConfUtils.java:logGet(43)) - raft.server.rpc.timeout.max = 5200ms (custom)
2019-09-26 10:42:29,350 [pool-77-thread-1] INFO  server.RaftServerConfigKeys (ConfUtils.java:logGet(43)) - raft.server.rpcslowness.timeout = 10s (custom)
2019-09-26 10:42:29,350 [pool-77-thread-1] INFO  server.RaftServerConfigKeys (ConfUtils.java:logGet(43)) - raft.server.sleep.deviation.threshold = 300 (default)
2019-09-26 10:42:29,350 [pool-77-thread-1] INFO  server.RaftServerConfigKeys (ConfUtils.java:logGet(43)) - raft.server.log.appender.install.snapshot.enabled = false (custom)
2019-09-26 10:42:29,350 [pool-77-thread-1] INFO  impl.RaftServerImpl (ServerState.java:<init>(103)) - c2a6c9af-68b9-412f-956f-becf7b86d0d9@group-D9C6AB40679F: ConfigurationManager, init=-1: [c2a6c9af-68b9-412f-956f-becf7b86d0d9:192.168.30.13:40379], old=null, confs=<EMPTY_MAP>
2019-09-26 10:42:29,351 [pool-77-thread-1] INFO  server.RaftServerConfigKeys (ConfUtils.java:logGet(43)) - raft.server.storage.dir = [/workdir/hadoop-ozone/integration-test/target/test-dir/MiniOzoneClusterImpl-ba83c363-2963-4965-b6c8-e0e7e6227b06/datanode-5/data/ratis] (custom)
2019-09-26 10:42:29,351 [pool-77-thread-1] INFO  storage.RaftStorageDirectory (RaftStorageDirectory.java:analyzeStorage(246)) - The storage directory /workdir/hadoop-ozone/integration-test/target/test-dir/MiniOzoneClusterImpl-ba83c363-2963-4965-b6c8-e0e7e6227b06/datanode-5/data/ratis/8d961de8-673e-4077-98bc-d9c6ab40679f does not exist. Creating ...
2019-09-26 10:42:29,364 [pool-77-thread-1] INFO  storage.RaftStorageDirectory (RaftStorageDirectory.java:tryLock(328)) - Lock on /workdir/hadoop-ozone/integration-test/target/test-dir/MiniOzoneClusterImpl-ba83c363-2963-4965-b6c8-e0e7e6227b06/datanode-5/data/ratis/8d961de8-673e-4077-98bc-d9c6ab40679f/in_use.lock acquired by nodename 12934@pr-hdds-1569-wvzgm-824869521
2019-09-26 10:42:29,377 [pool-77-thread-1] INFO  storage.RaftStorage (RaftStorage.java:format(72)) - Storage directory /workdir/hadoop-ozone/integration-test/target/test-dir/MiniOzoneClusterImpl-ba83c363-2963-4965-b6c8-e0e7e6227b06/datanode-5/data/ratis/8d961de8-673e-4077-98bc-d9c6ab40679f has been successfully formatted.
2019-09-26 10:42:29,378 [pool-77-thread-1] INFO  ratis.ContainerStateMachine (ContainerStateMachine.java:loadSnapshot(230)) - group-D9C6AB40679F: The snapshot info is null. Setting the last applied indexto:(t:0, i:~)
2019-09-26 10:42:29,378 [pool-77-thread-1] INFO  server.RaftServerConfigKeys (ConfUtils.java:logGet(43)) - raft.server.notification.no-leader.timeout = 10s (custom)
2019-09-26 10:42:29,378 [pool-77-thread-1] INFO  server.RaftServerConfigKeys (ConfUtils.java:logGet(43)) - raft.server.log.use.memory = false (default)
2019-09-26 10:42:29,378 [pool-77-thread-1] INFO  server.RaftServerConfigKeys (ConfUtils.java:logGet(43)) - raft.server.log.purge.gap = 1000000 (custom)
2019-09-26 10:42:29,379 [pool-77-thread-1] INFO  server.RaftServerConfigKeys (ConfUtils.java:logGet(43)) - raft.server.log.appender.buffer.byte-limit = 33554432 (custom)
2019-09-26 10:42:29,379 [pool-77-thread-1] INFO  server.RaftServerConfigKeys (ConfUtils.java:logGet(43)) - raft.server.log.segment.size.max = 1048576 (custom)
2019-09-26 10:42:29,379 [pool-77-thread-1] INFO  server.RaftServerConfigKeys (ConfUtils.java:logGet(43)) - raft.server.log.segment.cache.num.max = 2 (custom)
2019-09-26 10:42:29,379 [pool-77-thread-1] INFO  segmented.SegmentedRaftLogWorker (SegmentedRaftLogWorker.java:<init>(172)) - new c2a6c9af-68b9-412f-956f-becf7b86d0d9@group-D9C6AB40679F-SegmentedRaftLogWorker for RaftStorage:Storage Directory /workdir/hadoop-ozone/integration-test/target/test-dir/MiniOzoneClusterImpl-ba83c363-2963-4965-b6c8-e0e7e6227b06/datanode-5/data/ratis/8d961de8-673e-4077-98bc-d9c6ab40679f
2019-09-26 10:42:29,382 [pool-77-thread-1] INFO  server.RaftServerConfigKeys (ConfUtils.java:logGet(43)) - raft.server.log.queue.byte-limit = 2147483647 (custom)
2019-09-26 10:42:29,382 [pool-77-thread-1] INFO  server.RaftServerConfigKeys (ConfUtils.java:logGet(43)) - raft.server.log.queue.element-limit = 1024 (custom)
2019-09-26 10:42:29,383 [pool-77-thread-1] INFO  server.RaftServerConfigKeys (ConfUtils.java:logGet(43)) - raft.server.log.segment.size.max = 1048576 (custom)
2019-09-26 10:42:29,383 [pool-77-thread-1] INFO  server.RaftServerConfigKeys (ConfUtils.java:logGet(43)) - raft.server.log.preallocated.size = 16384 (custom)
2019-09-26 10:42:29,383 [pool-77-thread-1] INFO  server.RaftServerConfigKeys (ConfUtils.java:logGet(43)) - raft.server.log.write.buffer.size = 33554432 (custom)
2019-09-26 10:42:29,383 [pool-77-thread-1] INFO  server.RaftServerConfigKeys (ConfUtils.java:logGet(43)) - raft.server.log.force.sync.num = 128 (default)
2019-09-26 10:42:29,383 [pool-77-thread-1] INFO  server.RaftServerConfigKeys (ConfUtils.java:logGet(43)) - raft.server.log.statemachine.data.sync = true (default)
2019-09-26 10:42:29,383 [pool-77-thread-1] INFO  server.RaftServerConfigKeys (ConfUtils.java:logGet(43)) - raft.server.log.statemachine.data.sync.timeout = 10s (default)
2019-09-26 10:42:29,384 [pool-77-thread-1] INFO  server.RaftServerConfigKeys (ConfUtils.java:logGet(43)) - raft.server.log.statemachine.data.sync.timeout.retry = -1 (default)
2019-09-26 10:42:29,384 [pool-77-thread-1] INFO  server.RaftServerConfigKeys (ConfUtils.java:logGet(43)) - raft.server.log.statemachine.data.caching.enabled = true (custom)
2019-09-26 10:42:29,384 [pool-77-thread-1] INFO  segmented.SegmentedRaftLogWorker (SegmentedRaftLogWorker.java:lambda$new$0(132)) - c2a6c9af-68b9-412f-956f-becf7b86d0d9@group-D9C6AB40679F-SegmentedRaftLogWorker: flushIndex: setUnconditionally 0 -> -1
2019-09-26 10:42:29,385 [pool-77-thread-1] INFO  server.RaftServerConfigKeys (ConfUtils.java:logGet(43)) - raft.server.snapshot.auto.trigger.enabled = true (custom)
2019-09-26 10:42:29,385 [pool-77-thread-1] INFO  server.RaftServerConfigKeys (ConfUtils.java:logGet(43)) - raft.server.snapshot.auto.trigger.threshold = 10000 (custom)
2019-09-26 10:42:29,385 [pool-77-thread-1] INFO  server.RaftServerConfigKeys (ConfUtils.java:logGet(43)) - raft.server.snapshot.retention.num.files = 5 (custom)
2019-09-26 10:42:29,385 [pool-77-thread-1] INFO  server.RaftServerConfigKeys (ConfUtils.java:logGet(43)) - raft.server.retrycache.expirytime = 600000ms (custom)
2019-09-26 10:42:29,388 [pool-77-thread-1] INFO  impl.RaftServerImpl (RaftServerImpl.java:start(185)) - c2a6c9af-68b9-412f-956f-becf7b86d0d9@group-D9C6AB40679F: start as a follower, conf=-1: [c2a6c9af-68b9-412f-956f-becf7b86d0d9:192.168.30.13:40379], old=null
2019-09-26 10:42:29,388 [pool-77-thread-1] INFO  impl.RaftServerImpl (RaftServerImpl.java:setRole(174)) - c2a6c9af-68b9-412f-956f-becf7b86d0d9@group-D9C6AB40679F: changes role from      null to FOLLOWER at term 0 for startAsFollower
2019-09-26 10:42:29,389 [pool-77-thread-1] INFO  impl.RoleInfo (RoleInfo.java:updateAndGet(143)) - c2a6c9af-68b9-412f-956f-becf7b86d0d9: start FollowerState
2019-09-26 10:42:29,389 [pool-77-thread-1] INFO  util.JmxRegister (JmxRegister.java:tryRegister(44)) - Successfully registered JMX Bean with object name Ratis:service=RaftServer,group=group-D9C6AB40679F,id=c2a6c9af-68b9-412f-956f-becf7b86d0d9
2019-09-26 10:42:29,398 [RatisPipelineUtilsThread] INFO  pipeline.PipelineStateManager (PipelineStateManager.java:addPipeline(56)) - Created pipeline Pipeline[ Id: 8d961de8-673e-4077-98bc-d9c6ab40679f, Nodes: c2a6c9af-68b9-412f-956f-becf7b86d0d9{ip: 192.168.30.13, host: pr-hdds-1569-wvzgm-824869521, networkLocation: /default-rack, certSerialId: null}, Type:RATIS, Factor:ONE, State:OPEN]
2019-09-26 10:42:29,415 [grpc-default-executor-0] INFO  impl.RaftServerProxy (RaftServerProxy.java:addNew(89)) - 28e56f19-9e9b-470a-a4d9-0b249a16b927: addNew group-8C00341AD4EF:[28e56f19-9e9b-470a-a4d9-0b249a16b927:192.168.30.13:44834] returns group-8C00341AD4EF:java.util.concurrent.CompletableFuture@7806fa15[Not completed]
2019-09-26 10:42:29,417 [pool-27-thread-1] INFO  impl.RaftServerImpl (RaftServerImpl.java:<init>(95)) - 28e56f19-9e9b-470a-a4d9-0b249a16b927: new RaftServerImpl for group-8C00341AD4EF:[28e56f19-9e9b-470a-a4d9-0b249a16b927:192.168.30.13:44834] with ContainerStateMachine:uninitialized
2019-09-26 10:42:29,417 [pool-27-thread-1] INFO  server.RaftServerConfigKeys (ConfUtils.java:logGet(43)) - raft.server.rpc.timeout.min = 5s (custom)
2019-09-26 10:42:29,417 [pool-27-thread-1] INFO  server.RaftServerConfigKeys (ConfUtils.java:logGet(43)) - raft.server.rpc.timeout.max = 5200ms (custom)
2019-09-26 10:42:29,418 [pool-27-thread-1] INFO  server.RaftServerConfigKeys (ConfUtils.java:logGet(43)) - raft.server.rpcslowness.timeout = 10s (custom)
2019-09-26 10:42:29,418 [pool-27-thread-1] INFO  server.RaftServerConfigKeys (ConfUtils.java:logGet(43)) - raft.server.sleep.deviation.threshold = 300 (default)
2019-09-26 10:42:29,418 [pool-27-thread-1] INFO  server.RaftServerConfigKeys (ConfUtils.java:logGet(43)) - raft.server.log.appender.install.snapshot.enabled = false (custom)
2019-09-26 10:42:29,418 [pool-27-thread-1] INFO  impl.RaftServerImpl (ServerState.java:<init>(103)) - 28e56f19-9e9b-470a-a4d9-0b249a16b927@group-8C00341AD4EF: ConfigurationManager, init=-1: [28e56f19-9e9b-470a-a4d9-0b249a16b927:192.168.30.13:44834], old=null, confs=<EMPTY_MAP>
2019-09-26 10:42:29,418 [pool-27-thread-1] INFO  server.RaftServerConfigKeys (ConfUtils.java:logGet(43)) - raft.server.storage.dir = [/workdir/hadoop-ozone/integration-test/target/test-dir/MiniOzoneClusterImpl-ba83c363-2963-4965-b6c8-e0e7e6227b06/datanode-0/data/ratis] (custom)
2019-09-26 10:42:29,419 [pool-27-thread-1] INFO  storage.RaftStorageDirectory (RaftStorageDirectory.java:analyzeStorage(246)) - The storage directory /workdir/hadoop-ozone/integration-test/target/test-dir/MiniOzoneClusterImpl-ba83c363-2963-4965-b6c8-e0e7e6227b06/datanode-0/data/ratis/2c2de337-6879-483b-9526-8c00341ad4ef does not exist. Creating ...
2019-09-26 10:42:29,440 [pool-27-thread-1] INFO  storage.RaftStorageDirectory (RaftStorageDirectory.java:tryLock(328)) - Lock on /workdir/hadoop-ozone/integration-test/target/test-dir/MiniOzoneClusterImpl-ba83c363-2963-4965-b6c8-e0e7e6227b06/datanode-0/data/ratis/2c2de337-6879-483b-9526-8c00341ad4ef/in_use.lock acquired by nodename 12934@pr-hdds-1569-wvzgm-824869521
2019-09-26 10:42:29,460 [pool-27-thread-1] INFO  storage.RaftStorage (RaftStorage.java:format(72)) - Storage directory /workdir/hadoop-ozone/integration-test/target/test-dir/MiniOzoneClusterImpl-ba83c363-2963-4965-b6c8-e0e7e6227b06/datanode-0/data/ratis/2c2de337-6879-483b-9526-8c00341ad4ef has been successfully formatted.
2019-09-26 10:42:29,461 [pool-27-thread-1] INFO  ratis.ContainerStateMachine (ContainerStateMachine.java:loadSnapshot(230)) - group-8C00341AD4EF: The snapshot info is null. Setting the last applied indexto:(t:0, i:~)
2019-09-26 10:42:29,461 [pool-27-thread-1] INFO  server.RaftServerConfigKeys (ConfUtils.java:logGet(43)) - raft.server.notification.no-leader.timeout = 10s (custom)
2019-09-26 10:42:29,461 [pool-27-thread-1] INFO  server.RaftServerConfigKeys (ConfUtils.java:logGet(43)) - raft.server.log.use.memory = false (default)
2019-09-26 10:42:29,461 [pool-27-thread-1] INFO  server.RaftServerConfigKeys (ConfUtils.java:logGet(43)) - raft.server.log.purge.gap = 1000000 (custom)
2019-09-26 10:42:29,461 [pool-27-thread-1] INFO  server.RaftServerConfigKeys (ConfUtils.java:logGet(43)) - raft.server.log.appender.buffer.byte-limit = 33554432 (custom)
2019-09-26 10:42:29,462 [pool-27-thread-1] INFO  server.RaftServerConfigKeys (ConfUtils.java:logGet(43)) - raft.server.log.segment.size.max = 1048576 (custom)
2019-09-26 10:42:29,462 [pool-27-thread-1] INFO  server.RaftServerConfigKeys (ConfUtils.java:logGet(43)) - raft.server.log.segment.cache.num.max = 2 (custom)
2019-09-26 10:42:29,462 [pool-27-thread-1] INFO  segmented.SegmentedRaftLogWorker (SegmentedRaftLogWorker.java:<init>(172)) - new 28e56f19-9e9b-470a-a4d9-0b249a16b927@group-8C00341AD4EF-SegmentedRaftLogWorker for RaftStorage:Storage Directory /workdir/hadoop-ozone/integration-test/target/test-dir/MiniOzoneClusterImpl-ba83c363-2963-4965-b6c8-e0e7e6227b06/datanode-0/data/ratis/2c2de337-6879-483b-9526-8c00341ad4ef
2019-09-26 10:42:29,462 [pool-27-thread-1] INFO  server.RaftServerConfigKeys (ConfUtils.java:logGet(43)) - raft.server.log.queue.byte-limit = 2147483647 (custom)
2019-09-26 10:42:29,462 [pool-27-thread-1] INFO  server.RaftServerConfigKeys (ConfUtils.java:logGet(43)) - raft.server.log.queue.element-limit = 1024 (custom)
2019-09-26 10:42:29,463 [pool-27-thread-1] INFO  server.RaftServerConfigKeys (ConfUtils.java:logGet(43)) - raft.server.log.segment.size.max = 1048576 (custom)
2019-09-26 10:42:29,463 [pool-27-thread-1] INFO  server.RaftServerConfigKeys (ConfUtils.java:logGet(43)) - raft.server.log.preallocated.size = 16384 (custom)
2019-09-26 10:42:29,463 [pool-27-thread-1] INFO  server.RaftServerConfigKeys (ConfUtils.java:logGet(43)) - raft.server.log.write.buffer.size = 33554432 (custom)
2019-09-26 10:42:29,463 [pool-27-thread-1] INFO  server.RaftServerConfigKeys (ConfUtils.java:logGet(43)) - raft.server.log.force.sync.num = 128 (default)
2019-09-26 10:42:29,463 [pool-27-thread-1] INFO  server.RaftServerConfigKeys (ConfUtils.java:logGet(43)) - raft.server.log.statemachine.data.sync = true (default)
2019-09-26 10:42:29,463 [pool-27-thread-1] INFO  server.RaftServerConfigKeys (ConfUtils.java:logGet(43)) - raft.server.log.statemachine.data.sync.timeout = 10s (default)
2019-09-26 10:42:29,464 [pool-27-thread-1] INFO  server.RaftServerConfigKeys (ConfUtils.java:logGet(43)) - raft.server.log.statemachine.data.sync.timeout.retry = -1 (default)
2019-09-26 10:42:29,464 [pool-27-thread-1] INFO  server.RaftServerConfigKeys (ConfUtils.java:logGet(43)) - raft.server.log.statemachine.data.caching.enabled = true (custom)
2019-09-26 10:42:29,464 [pool-27-thread-1] INFO  segmented.SegmentedRaftLogWorker (SegmentedRaftLogWorker.java:lambda$new$0(132)) - 28e56f19-9e9b-470a-a4d9-0b249a16b927@group-8C00341AD4EF-SegmentedRaftLogWorker: flushIndex: setUnconditionally 0 -> -1
2019-09-26 10:42:29,465 [pool-27-thread-1] INFO  server.RaftServerConfigKeys (ConfUtils.java:logGet(43)) - raft.server.snapshot.auto.trigger.enabled = true (custom)
2019-09-26 10:42:29,465 [pool-27-thread-1] INFO  server.RaftServerConfigKeys (ConfUtils.java:logGet(43)) - raft.server.snapshot.auto.trigger.threshold = 10000 (custom)
2019-09-26 10:42:29,465 [pool-27-thread-1] INFO  server.RaftServerConfigKeys (ConfUtils.java:logGet(43)) - raft.server.snapshot.retention.num.files = 5 (custom)
2019-09-26 10:42:29,465 [pool-27-thread-1] INFO  server.RaftServerConfigKeys (ConfUtils.java:logGet(43)) - raft.server.retrycache.expirytime = 600000ms (custom)
2019-09-26 10:42:29,469 [pool-27-thread-1] INFO  impl.RaftServerImpl (RaftServerImpl.java:start(185)) - 28e56f19-9e9b-470a-a4d9-0b249a16b927@group-8C00341AD4EF: start as a follower, conf=-1: [28e56f19-9e9b-470a-a4d9-0b249a16b927:192.168.30.13:44834], old=null
2019-09-26 10:42:29,469 [pool-27-thread-1] INFO  impl.RaftServerImpl (RaftServerImpl.java:setRole(174)) - 28e56f19-9e9b-470a-a4d9-0b249a16b927@group-8C00341AD4EF: changes role from      null to FOLLOWER at term 0 for startAsFollower
2019-09-26 10:42:29,469 [pool-27-thread-1] INFO  impl.RoleInfo (RoleInfo.java:updateAndGet(143)) - 28e56f19-9e9b-470a-a4d9-0b249a16b927: start FollowerState
2019-09-26 10:42:29,470 [pool-27-thread-1] INFO  util.JmxRegister (JmxRegister.java:tryRegister(44)) - Successfully registered JMX Bean with object name Ratis:service=RaftServer,group=group-8C00341AD4EF,id=28e56f19-9e9b-470a-a4d9-0b249a16b927
2019-09-26 10:42:29,481 [RatisPipelineUtilsThread] INFO  pipeline.PipelineStateManager (PipelineStateManager.java:addPipeline(56)) - Created pipeline Pipeline[ Id: 2c2de337-6879-483b-9526-8c00341ad4ef, Nodes: 28e56f19-9e9b-470a-a4d9-0b249a16b927{ip: 192.168.30.13, host: pr-hdds-1569-wvzgm-824869521, networkLocation: /default-rack, certSerialId: null}, Type:RATIS, Factor:ONE, State:OPEN]
2019-09-26 10:42:29,496 [grpc-default-executor-0] INFO  impl.RaftServerProxy (RaftServerProxy.java:addNew(89)) - c2a6c9af-68b9-412f-956f-becf7b86d0d9: addNew group-0B572493D5D2:[c2a6c9af-68b9-412f-956f-becf7b86d0d9:192.168.30.13:40379] returns group-0B572493D5D2:java.util.concurrent.CompletableFuture@428a001c[Not completed]
2019-09-26 10:42:29,498 [pool-77-thread-1] INFO  impl.RaftServerImpl (RaftServerImpl.java:<init>(95)) - c2a6c9af-68b9-412f-956f-becf7b86d0d9: new RaftServerImpl for group-0B572493D5D2:[c2a6c9af-68b9-412f-956f-becf7b86d0d9:192.168.30.13:40379] with ContainerStateMachine:uninitialized
2019-09-26 10:42:29,499 [pool-77-thread-1] INFO  server.RaftServerConfigKeys (ConfUtils.java:logGet(43)) - raft.server.rpc.timeout.min = 5s (custom)
2019-09-26 10:42:29,499 [pool-77-thread-1] INFO  server.RaftServerConfigKeys (ConfUtils.java:logGet(43)) - raft.server.rpc.timeout.max = 5200ms (custom)
2019-09-26 10:42:29,499 [pool-77-thread-1] INFO  server.RaftServerConfigKeys (ConfUtils.java:logGet(43)) - raft.server.rpcslowness.timeout = 10s (custom)
2019-09-26 10:42:29,499 [pool-77-thread-1] INFO  server.RaftServerConfigKeys (ConfUtils.java:logGet(43)) - raft.server.sleep.deviation.threshold = 300 (default)
2019-09-26 10:42:29,499 [pool-77-thread-1] INFO  server.RaftServerConfigKeys (ConfUtils.java:logGet(43)) - raft.server.log.appender.install.snapshot.enabled = false (custom)
2019-09-26 10:42:29,499 [pool-77-thread-1] INFO  impl.RaftServerImpl (ServerState.java:<init>(103)) - c2a6c9af-68b9-412f-956f-becf7b86d0d9@group-0B572493D5D2: ConfigurationManager, init=-1: [c2a6c9af-68b9-412f-956f-becf7b86d0d9:192.168.30.13:40379], old=null, confs=<EMPTY_MAP>
2019-09-26 10:42:29,500 [pool-77-thread-1] INFO  server.RaftServerConfigKeys (ConfUtils.java:logGet(43)) - raft.server.storage.dir = [/workdir/hadoop-ozone/integration-test/target/test-dir/MiniOzoneClusterImpl-ba83c363-2963-4965-b6c8-e0e7e6227b06/datanode-5/data/ratis] (custom)
2019-09-26 10:42:29,500 [pool-77-thread-1] INFO  storage.RaftStorageDirectory (RaftStorageDirectory.java:analyzeStorage(246)) - The storage directory /workdir/hadoop-ozone/integration-test/target/test-dir/MiniOzoneClusterImpl-ba83c363-2963-4965-b6c8-e0e7e6227b06/datanode-5/data/ratis/441303fb-8348-4576-8a0a-0b572493d5d2 does not exist. Creating ...
2019-09-26 10:42:29,525 [pool-77-thread-1] INFO  storage.RaftStorageDirectory (RaftStorageDirectory.java:tryLock(328)) - Lock on /workdir/hadoop-ozone/integration-test/target/test-dir/MiniOzoneClusterImpl-ba83c363-2963-4965-b6c8-e0e7e6227b06/datanode-5/data/ratis/441303fb-8348-4576-8a0a-0b572493d5d2/in_use.lock acquired by nodename 12934@pr-hdds-1569-wvzgm-824869521
2019-09-26 10:42:29,539 [pool-77-thread-1] INFO  storage.RaftStorage (RaftStorage.java:format(72)) - Storage directory /workdir/hadoop-ozone/integration-test/target/test-dir/MiniOzoneClusterImpl-ba83c363-2963-4965-b6c8-e0e7e6227b06/datanode-5/data/ratis/441303fb-8348-4576-8a0a-0b572493d5d2 has been successfully formatted.
2019-09-26 10:42:29,539 [pool-77-thread-1] INFO  ratis.ContainerStateMachine (ContainerStateMachine.java:loadSnapshot(230)) - group-0B572493D5D2: The snapshot info is null. Setting the last applied indexto:(t:0, i:~)
2019-09-26 10:42:29,539 [pool-77-thread-1] INFO  server.RaftServerConfigKeys (ConfUtils.java:logGet(43)) - raft.server.notification.no-leader.timeout = 10s (custom)
2019-09-26 10:42:29,539 [pool-77-thread-1] INFO  server.RaftServerConfigKeys (ConfUtils.java:logGet(43)) - raft.server.log.use.memory = false (default)
2019-09-26 10:42:29,539 [pool-77-thread-1] INFO  server.RaftServerConfigKeys (ConfUtils.java:logGet(43)) - raft.server.log.purge.gap = 1000000 (custom)
2019-09-26 10:42:29,540 [pool-77-thread-1] INFO  server.RaftServerConfigKeys (ConfUtils.java:logGet(43)) - raft.server.log.appender.buffer.byte-limit = 33554432 (custom)
2019-09-26 10:42:29,540 [pool-77-thread-1] INFO  server.RaftServerConfigKeys (ConfUtils.java:logGet(43)) - raft.server.log.segment.size.max = 1048576 (custom)
2019-09-26 10:42:29,540 [pool-77-thread-1] INFO  server.RaftServerConfigKeys (ConfUtils.java:logGet(43)) - raft.server.log.segment.cache.num.max = 2 (custom)
2019-09-26 10:42:29,540 [pool-77-thread-1] INFO  segmented.SegmentedRaftLogWorker (SegmentedRaftLogWorker.java:<init>(172)) - new c2a6c9af-68b9-412f-956f-becf7b86d0d9@group-0B572493D5D2-SegmentedRaftLogWorker for RaftStorage:Storage Directory /workdir/hadoop-ozone/integration-test/target/test-dir/MiniOzoneClusterImpl-ba83c363-2963-4965-b6c8-e0e7e6227b06/datanode-5/data/ratis/441303fb-8348-4576-8a0a-0b572493d5d2
2019-09-26 10:42:29,540 [pool-77-thread-1] INFO  server.RaftServerConfigKeys (ConfUtils.java:logGet(43)) - raft.server.log.queue.byte-limit = 2147483647 (custom)
2019-09-26 10:42:29,540 [pool-77-thread-1] INFO  server.RaftServerConfigKeys (ConfUtils.java:logGet(43)) - raft.server.log.queue.element-limit = 1024 (custom)
2019-09-26 10:42:29,541 [pool-77-thread-1] INFO  server.RaftServerConfigKeys (ConfUtils.java:logGet(43)) - raft.server.log.segment.size.max = 1048576 (custom)
2019-09-26 10:42:29,541 [pool-77-thread-1] INFO  server.RaftServerConfigKeys (ConfUtils.java:logGet(43)) - raft.server.log.preallocated.size = 16384 (custom)
2019-09-26 10:42:29,541 [pool-77-thread-1] INFO  server.RaftServerConfigKeys (ConfUtils.java:logGet(43)) - raft.server.log.write.buffer.size = 33554432 (custom)
2019-09-26 10:42:29,541 [pool-77-thread-1] INFO  server.RaftServerConfigKeys (ConfUtils.java:logGet(43)) - raft.server.log.force.sync.num = 128 (default)
2019-09-26 10:42:29,541 [pool-77-thread-1] INFO  server.RaftServerConfigKeys (ConfUtils.java:logGet(43)) - raft.server.log.statemachine.data.sync = true (default)
2019-09-26 10:42:29,541 [pool-77-thread-1] INFO  server.RaftServerConfigKeys (ConfUtils.java:logGet(43)) - raft.server.log.statemachine.data.sync.timeout = 10s (default)
2019-09-26 10:42:29,541 [pool-77-thread-1] INFO  server.RaftServerConfigKeys (ConfUtils.java:logGet(43)) - raft.server.log.statemachine.data.sync.timeout.retry = -1 (default)
2019-09-26 10:42:29,542 [pool-77-thread-1] INFO  server.RaftServerConfigKeys (ConfUtils.java:logGet(43)) - raft.server.log.statemachine.data.caching.enabled = true (custom)
2019-09-26 10:42:29,542 [pool-77-thread-1] INFO  segmented.SegmentedRaftLogWorker (SegmentedRaftLogWorker.java:lambda$new$0(132)) - c2a6c9af-68b9-412f-956f-becf7b86d0d9@group-0B572493D5D2-SegmentedRaftLogWorker: flushIndex: setUnconditionally 0 -> -1
2019-09-26 10:42:29,542 [pool-77-thread-1] INFO  server.RaftServerConfigKeys (ConfUtils.java:logGet(43)) - raft.server.snapshot.auto.trigger.enabled = true (custom)
2019-09-26 10:42:29,543 [pool-77-thread-1] INFO  server.RaftServerConfigKeys (ConfUtils.java:logGet(43)) - raft.server.snapshot.auto.trigger.threshold = 10000 (custom)
2019-09-26 10:42:29,543 [pool-77-thread-1] INFO  server.RaftServerConfigKeys (ConfUtils.java:logGet(43)) - raft.server.snapshot.retention.num.files = 5 (custom)
2019-09-26 10:42:29,543 [pool-77-thread-1] INFO  server.RaftServerConfigKeys (ConfUtils.java:logGet(43)) - raft.server.retrycache.expirytime = 600000ms (custom)
2019-09-26 10:42:29,546 [pool-77-thread-1] INFO  impl.RaftServerImpl (RaftServerImpl.java:start(185)) - c2a6c9af-68b9-412f-956f-becf7b86d0d9@group-0B572493D5D2: start as a follower, conf=-1: [c2a6c9af-68b9-412f-956f-becf7b86d0d9:192.168.30.13:40379], old=null
2019-09-26 10:42:29,546 [pool-77-thread-1] INFO  impl.RaftServerImpl (RaftServerImpl.java:setRole(174)) - c2a6c9af-68b9-412f-956f-becf7b86d0d9@group-0B572493D5D2: changes role from      null to FOLLOWER at term 0 for startAsFollower
2019-09-26 10:42:29,546 [pool-77-thread-1] INFO  impl.RoleInfo (RoleInfo.java:updateAndGet(143)) - c2a6c9af-68b9-412f-956f-becf7b86d0d9: start FollowerState
2019-09-26 10:42:29,546 [pool-77-thread-1] INFO  util.JmxRegister (JmxRegister.java:tryRegister(44)) - Successfully registered JMX Bean with object name Ratis:service=RaftServer,group=group-0B572493D5D2,id=c2a6c9af-68b9-412f-956f-becf7b86d0d9
2019-09-26 10:42:29,554 [RatisPipelineUtilsThread] INFO  pipeline.PipelineStateManager (PipelineStateManager.java:addPipeline(56)) - Created pipeline Pipeline[ Id: 441303fb-8348-4576-8a0a-0b572493d5d2, Nodes: c2a6c9af-68b9-412f-956f-becf7b86d0d9{ip: 192.168.30.13, host: pr-hdds-1569-wvzgm-824869521, networkLocation: /default-rack, certSerialId: null}, Type:RATIS, Factor:ONE, State:OPEN]
2019-09-26 10:42:29,569 [grpc-default-executor-0] INFO  impl.RaftServerProxy (RaftServerProxy.java:addNew(89)) - ba1aab4d-d107-47a2-be01-d124e86652a2: addNew group-3F3B553BF753:[ba1aab4d-d107-47a2-be01-d124e86652a2:192.168.30.13:41615] returns group-3F3B553BF753:java.util.concurrent.CompletableFuture@500212ca[Not completed]
2019-09-26 10:42:29,571 [pool-47-thread-1] INFO  impl.RaftServerImpl (RaftServerImpl.java:<init>(95)) - ba1aab4d-d107-47a2-be01-d124e86652a2: new RaftServerImpl for group-3F3B553BF753:[ba1aab4d-d107-47a2-be01-d124e86652a2:192.168.30.13:41615] with ContainerStateMachine:uninitialized
2019-09-26 10:42:29,572 [pool-47-thread-1] INFO  server.RaftServerConfigKeys (ConfUtils.java:logGet(43)) - raft.server.rpc.timeout.min = 5s (custom)
2019-09-26 10:42:29,572 [pool-47-thread-1] INFO  server.RaftServerConfigKeys (ConfUtils.java:logGet(43)) - raft.server.rpc.timeout.max = 5200ms (custom)
2019-09-26 10:42:29,572 [pool-47-thread-1] INFO  server.RaftServerConfigKeys (ConfUtils.java:logGet(43)) - raft.server.rpcslowness.timeout = 10s (custom)
2019-09-26 10:42:29,572 [pool-47-thread-1] INFO  server.RaftServerConfigKeys (ConfUtils.java:logGet(43)) - raft.server.sleep.deviation.threshold = 300 (default)
2019-09-26 10:42:29,573 [pool-47-thread-1] INFO  server.RaftServerConfigKeys (ConfUtils.java:logGet(43)) - raft.server.log.appender.install.snapshot.enabled = false (custom)
2019-09-26 10:42:29,573 [pool-47-thread-1] INFO  impl.RaftServerImpl (ServerState.java:<init>(103)) - ba1aab4d-d107-47a2-be01-d124e86652a2@group-3F3B553BF753: ConfigurationManager, init=-1: [ba1aab4d-d107-47a2-be01-d124e86652a2:192.168.30.13:41615], old=null, confs=<EMPTY_MAP>
2019-09-26 10:42:29,573 [pool-47-thread-1] INFO  server.RaftServerConfigKeys (ConfUtils.java:logGet(43)) - raft.server.storage.dir = [/workdir/hadoop-ozone/integration-test/target/test-dir/MiniOzoneClusterImpl-ba83c363-2963-4965-b6c8-e0e7e6227b06/datanode-2/data/ratis] (custom)
2019-09-26 10:42:29,574 [pool-47-thread-1] INFO  storage.RaftStorageDirectory (RaftStorageDirectory.java:analyzeStorage(246)) - The storage directory /workdir/hadoop-ozone/integration-test/target/test-dir/MiniOzoneClusterImpl-ba83c363-2963-4965-b6c8-e0e7e6227b06/datanode-2/data/ratis/b6f284ac-319b-4ba1-b135-3f3b553bf753 does not exist. Creating ...
2019-09-26 10:42:29,638 [pool-47-thread-1] INFO  storage.RaftStorageDirectory (RaftStorageDirectory.java:tryLock(328)) - Lock on /workdir/hadoop-ozone/integration-test/target/test-dir/MiniOzoneClusterImpl-ba83c363-2963-4965-b6c8-e0e7e6227b06/datanode-2/data/ratis/b6f284ac-319b-4ba1-b135-3f3b553bf753/in_use.lock acquired by nodename 12934@pr-hdds-1569-wvzgm-824869521
2019-09-26 10:42:29,652 [pool-47-thread-1] INFO  storage.RaftStorage (RaftStorage.java:format(72)) - Storage directory /workdir/hadoop-ozone/integration-test/target/test-dir/MiniOzoneClusterImpl-ba83c363-2963-4965-b6c8-e0e7e6227b06/datanode-2/data/ratis/b6f284ac-319b-4ba1-b135-3f3b553bf753 has been successfully formatted.
2019-09-26 10:42:29,652 [pool-47-thread-1] INFO  ratis.ContainerStateMachine (ContainerStateMachine.java:loadSnapshot(230)) - group-3F3B553BF753: The snapshot info is null. Setting the last applied indexto:(t:0, i:~)
2019-09-26 10:42:29,652 [pool-47-thread-1] INFO  server.RaftServerConfigKeys (ConfUtils.java:logGet(43)) - raft.server.notification.no-leader.timeout = 10s (custom)
2019-09-26 10:42:29,653 [pool-47-thread-1] INFO  server.RaftServerConfigKeys (ConfUtils.java:logGet(43)) - raft.server.log.use.memory = false (default)
2019-09-26 10:42:29,653 [pool-47-thread-1] INFO  server.RaftServerConfigKeys (ConfUtils.java:logGet(43)) - raft.server.log.purge.gap = 1000000 (custom)
2019-09-26 10:42:29,653 [pool-47-thread-1] INFO  server.RaftServerConfigKeys (ConfUtils.java:logGet(43)) - raft.server.log.appender.buffer.byte-limit = 33554432 (custom)
2019-09-26 10:42:29,653 [pool-47-thread-1] INFO  server.RaftServerConfigKeys (ConfUtils.java:logGet(43)) - raft.server.log.segment.size.max = 1048576 (custom)
2019-09-26 10:42:29,653 [pool-47-thread-1] INFO  server.RaftServerConfigKeys (ConfUtils.java:logGet(43)) - raft.server.log.segment.cache.num.max = 2 (custom)
2019-09-26 10:42:29,654 [pool-47-thread-1] INFO  segmented.SegmentedRaftLogWorker (SegmentedRaftLogWorker.java:<init>(172)) - new ba1aab4d-d107-47a2-be01-d124e86652a2@group-3F3B553BF753-SegmentedRaftLogWorker for RaftStorage:Storage Directory /workdir/hadoop-ozone/integration-test/target/test-dir/MiniOzoneClusterImpl-ba83c363-2963-4965-b6c8-e0e7e6227b06/datanode-2/data/ratis/b6f284ac-319b-4ba1-b135-3f3b553bf753
2019-09-26 10:42:29,654 [pool-47-thread-1] INFO  server.RaftServerConfigKeys (ConfUtils.java:logGet(43)) - raft.server.log.queue.byte-limit = 2147483647 (custom)
2019-09-26 10:42:29,654 [pool-47-thread-1] INFO  server.RaftServerConfigKeys (ConfUtils.java:logGet(43)) - raft.server.log.queue.element-limit = 1024 (custom)
2019-09-26 10:42:29,654 [pool-47-thread-1] INFO  server.RaftServerConfigKeys (ConfUtils.java:logGet(43)) - raft.server.log.segment.size.max = 1048576 (custom)
2019-09-26 10:42:29,654 [pool-47-thread-1] INFO  server.RaftServerConfigKeys (ConfUtils.java:logGet(43)) - raft.server.log.preallocated.size = 16384 (custom)
2019-09-26 10:42:29,655 [pool-47-thread-1] INFO  server.RaftServerConfigKeys (ConfUtils.java:logGet(43)) - raft.server.log.write.buffer.size = 33554432 (custom)
2019-09-26 10:42:29,655 [pool-47-thread-1] INFO  server.RaftServerConfigKeys (ConfUtils.java:logGet(43)) - raft.server.log.force.sync.num = 128 (default)
2019-09-26 10:42:29,655 [pool-47-thread-1] INFO  server.RaftServerConfigKeys (ConfUtils.java:logGet(43)) - raft.server.log.statemachine.data.sync = true (default)
2019-09-26 10:42:29,655 [pool-47-thread-1] INFO  server.RaftServerConfigKeys (ConfUtils.java:logGet(43)) - raft.server.log.statemachine.data.sync.timeout = 10s (default)
2019-09-26 10:42:29,655 [pool-47-thread-1] INFO  server.RaftServerConfigKeys (ConfUtils.java:logGet(43)) - raft.server.log.statemachine.data.sync.timeout.retry = -1 (default)
2019-09-26 10:42:29,656 [pool-47-thread-1] INFO  server.RaftServerConfigKeys (ConfUtils.java:logGet(43)) - raft.server.log.statemachine.data.caching.enabled = true (custom)
2019-09-26 10:42:29,656 [pool-47-thread-1] INFO  segmented.SegmentedRaftLogWorker (SegmentedRaftLogWorker.java:lambda$new$0(132)) - ba1aab4d-d107-47a2-be01-d124e86652a2@group-3F3B553BF753-SegmentedRaftLogWorker: flushIndex: setUnconditionally 0 -> -1
2019-09-26 10:42:29,657 [pool-47-thread-1] INFO  server.RaftServerConfigKeys (ConfUtils.java:logGet(43)) - raft.server.snapshot.auto.trigger.enabled = true (custom)
2019-09-26 10:42:29,657 [pool-47-thread-1] INFO  server.RaftServerConfigKeys (ConfUtils.java:logGet(43)) - raft.server.snapshot.auto.trigger.threshold = 10000 (custom)
2019-09-26 10:42:29,657 [pool-47-thread-1] INFO  server.RaftServerConfigKeys (ConfUtils.java:logGet(43)) - raft.server.snapshot.retention.num.files = 5 (custom)
2019-09-26 10:42:29,657 [pool-47-thread-1] INFO  server.RaftServerConfigKeys (ConfUtils.java:logGet(43)) - raft.server.retrycache.expirytime = 600000ms (custom)
2019-09-26 10:42:29,663 [pool-47-thread-1] INFO  impl.RaftServerImpl (RaftServerImpl.java:start(185)) - ba1aab4d-d107-47a2-be01-d124e86652a2@group-3F3B553BF753: start as a follower, conf=-1: [ba1aab4d-d107-47a2-be01-d124e86652a2:192.168.30.13:41615], old=null
2019-09-26 10:42:29,663 [pool-47-thread-1] INFO  impl.RaftServerImpl (RaftServerImpl.java:setRole(174)) - ba1aab4d-d107-47a2-be01-d124e86652a2@group-3F3B553BF753: changes role from      null to FOLLOWER at term 0 for startAsFollower
2019-09-26 10:42:29,663 [pool-47-thread-1] INFO  impl.RoleInfo (RoleInfo.java:updateAndGet(143)) - ba1aab4d-d107-47a2-be01-d124e86652a2: start FollowerState
2019-09-26 10:42:29,664 [pool-47-thread-1] INFO  util.JmxRegister (JmxRegister.java:tryRegister(44)) - Successfully registered JMX Bean with object name Ratis:service=RaftServer,group=group-3F3B553BF753,id=ba1aab4d-d107-47a2-be01-d124e86652a2
2019-09-26 10:42:29,671 [RatisPipelineUtilsThread] INFO  pipeline.PipelineStateManager (PipelineStateManager.java:addPipeline(56)) - Created pipeline Pipeline[ Id: b6f284ac-319b-4ba1-b135-3f3b553bf753, Nodes: ba1aab4d-d107-47a2-be01-d124e86652a2{ip: 192.168.30.13, host: pr-hdds-1569-wvzgm-824869521, networkLocation: /default-rack, certSerialId: null}, Type:RATIS, Factor:ONE, State:OPEN]
2019-09-26 10:42:29,683 [grpc-default-executor-0] INFO  impl.RaftServerProxy (RaftServerProxy.java:addNew(89)) - ba1aab4d-d107-47a2-be01-d124e86652a2: addNew group-715B94D65B86:[ba1aab4d-d107-47a2-be01-d124e86652a2:192.168.30.13:41615] returns group-715B94D65B86:java.util.concurrent.CompletableFuture@536ba653[Not completed]
2019-09-26 10:42:29,685 [pool-47-thread-1] INFO  impl.RaftServerImpl (RaftServerImpl.java:<init>(95)) - ba1aab4d-d107-47a2-be01-d124e86652a2: new RaftServerImpl for group-715B94D65B86:[ba1aab4d-d107-47a2-be01-d124e86652a2:192.168.30.13:41615] with ContainerStateMachine:uninitialized
2019-09-26 10:42:29,685 [pool-47-thread-1] INFO  server.RaftServerConfigKeys (ConfUtils.java:logGet(43)) - raft.server.rpc.timeout.min = 5s (custom)
2019-09-26 10:42:29,685 [pool-47-thread-1] INFO  server.RaftServerConfigKeys (ConfUtils.java:logGet(43)) - raft.server.rpc.timeout.max = 5200ms (custom)
2019-09-26 10:42:29,685 [pool-47-thread-1] INFO  server.RaftServerConfigKeys (ConfUtils.java:logGet(43)) - raft.server.rpcslowness.timeout = 10s (custom)
2019-09-26 10:42:29,685 [pool-47-thread-1] INFO  server.RaftServerConfigKeys (ConfUtils.java:logGet(43)) - raft.server.sleep.deviation.threshold = 300 (default)
2019-09-26 10:42:29,686 [pool-47-thread-1] INFO  server.RaftServerConfigKeys (ConfUtils.java:logGet(43)) - raft.server.log.appender.install.snapshot.enabled = false (custom)
2019-09-26 10:42:29,686 [pool-47-thread-1] INFO  impl.RaftServerImpl (ServerState.java:<init>(103)) - ba1aab4d-d107-47a2-be01-d124e86652a2@group-715B94D65B86: ConfigurationManager, init=-1: [ba1aab4d-d107-47a2-be01-d124e86652a2:192.168.30.13:41615], old=null, confs=<EMPTY_MAP>
2019-09-26 10:42:29,686 [pool-47-thread-1] INFO  server.RaftServerConfigKeys (ConfUtils.java:logGet(43)) - raft.server.storage.dir = [/workdir/hadoop-ozone/integration-test/target/test-dir/MiniOzoneClusterImpl-ba83c363-2963-4965-b6c8-e0e7e6227b06/datanode-2/data/ratis] (custom)
2019-09-26 10:42:29,687 [pool-47-thread-1] INFO  storage.RaftStorageDirectory (RaftStorageDirectory.java:analyzeStorage(246)) - The storage directory /workdir/hadoop-ozone/integration-test/target/test-dir/MiniOzoneClusterImpl-ba83c363-2963-4965-b6c8-e0e7e6227b06/datanode-2/data/ratis/a07e364c-769d-48d5-8f35-715b94d65b86 does not exist. Creating ...
2019-09-26 10:42:29,700 [pool-47-thread-1] INFO  storage.RaftStorageDirectory (RaftStorageDirectory.java:tryLock(328)) - Lock on /workdir/hadoop-ozone/integration-test/target/test-dir/MiniOzoneClusterImpl-ba83c363-2963-4965-b6c8-e0e7e6227b06/datanode-2/data/ratis/a07e364c-769d-48d5-8f35-715b94d65b86/in_use.lock acquired by nodename 12934@pr-hdds-1569-wvzgm-824869521
2019-09-26 10:42:29,713 [pool-47-thread-1] INFO  storage.RaftStorage (RaftStorage.java:format(72)) - Storage directory /workdir/hadoop-ozone/integration-test/target/test-dir/MiniOzoneClusterImpl-ba83c363-2963-4965-b6c8-e0e7e6227b06/datanode-2/data/ratis/a07e364c-769d-48d5-8f35-715b94d65b86 has been successfully formatted.
2019-09-26 10:42:29,713 [pool-47-thread-1] INFO  ratis.ContainerStateMachine (ContainerStateMachine.java:loadSnapshot(230)) - group-715B94D65B86: The snapshot info is null. Setting the last applied indexto:(t:0, i:~)
2019-09-26 10:42:29,713 [pool-47-thread-1] INFO  server.RaftServerConfigKeys (ConfUtils.java:logGet(43)) - raft.server.notification.no-leader.timeout = 10s (custom)
2019-09-26 10:42:29,714 [pool-47-thread-1] INFO  server.RaftServerConfigKeys (ConfUtils.java:logGet(43)) - raft.server.log.use.memory = false (default)
2019-09-26 10:42:29,715 [pool-47-thread-1] INFO  server.RaftServerConfigKeys (ConfUtils.java:logGet(43)) - raft.server.log.purge.gap = 1000000 (custom)
2019-09-26 10:42:29,716 [pool-47-thread-1] INFO  server.RaftServerConfigKeys (ConfUtils.java:logGet(43)) - raft.server.log.appender.buffer.byte-limit = 33554432 (custom)
2019-09-26 10:42:29,716 [pool-47-thread-1] INFO  server.RaftServerConfigKeys (ConfUtils.java:logGet(43)) - raft.server.log.segment.size.max = 1048576 (custom)
2019-09-26 10:42:29,716 [pool-47-thread-1] INFO  server.RaftServerConfigKeys (ConfUtils.java:logGet(43)) - raft.server.log.segment.cache.num.max = 2 (custom)
2019-09-26 10:42:29,716 [pool-47-thread-1] INFO  segmented.SegmentedRaftLogWorker (SegmentedRaftLogWorker.java:<init>(172)) - new ba1aab4d-d107-47a2-be01-d124e86652a2@group-715B94D65B86-SegmentedRaftLogWorker for RaftStorage:Storage Directory /workdir/hadoop-ozone/integration-test/target/test-dir/MiniOzoneClusterImpl-ba83c363-2963-4965-b6c8-e0e7e6227b06/datanode-2/data/ratis/a07e364c-769d-48d5-8f35-715b94d65b86
2019-09-26 10:42:29,716 [pool-47-thread-1] INFO  server.RaftServerConfigKeys (ConfUtils.java:logGet(43)) - raft.server.log.queue.byte-limit = 2147483647 (custom)
2019-09-26 10:42:29,717 [pool-47-thread-1] INFO  server.RaftServerConfigKeys (ConfUtils.java:logGet(43)) - raft.server.log.queue.element-limit = 1024 (custom)
2019-09-26 10:42:29,717 [pool-47-thread-1] INFO  server.RaftServerConfigKeys (ConfUtils.java:logGet(43)) - raft.server.log.segment.size.max = 1048576 (custom)
2019-09-26 10:42:29,717 [pool-47-thread-1] INFO  server.RaftServerConfigKeys (ConfUtils.java:logGet(43)) - raft.server.log.preallocated.size = 16384 (custom)
2019-09-26 10:42:29,717 [pool-47-thread-1] INFO  server.RaftServerConfigKeys (ConfUtils.java:logGet(43)) - raft.server.log.write.buffer.size = 33554432 (custom)
2019-09-26 10:42:29,717 [pool-47-thread-1] INFO  server.RaftServerConfigKeys (ConfUtils.java:logGet(43)) - raft.server.log.force.sync.num = 128 (default)
2019-09-26 10:42:29,718 [pool-47-thread-1] INFO  server.RaftServerConfigKeys (ConfUtils.java:logGet(43)) - raft.server.log.statemachine.data.sync = true (default)
2019-09-26 10:42:29,718 [pool-47-thread-1] INFO  server.RaftServerConfigKeys (ConfUtils.java:logGet(43)) - raft.server.log.statemachine.data.sync.timeout = 10s (default)
2019-09-26 10:42:29,718 [pool-47-thread-1] INFO  server.RaftServerConfigKeys (ConfUtils.java:logGet(43)) - raft.server.log.statemachine.data.sync.timeout.retry = -1 (default)
2019-09-26 10:42:29,718 [pool-47-thread-1] INFO  server.RaftServerConfigKeys (ConfUtils.java:logGet(43)) - raft.server.log.statemachine.data.caching.enabled = true (custom)
2019-09-26 10:42:29,719 [pool-47-thread-1] INFO  segmented.SegmentedRaftLogWorker (SegmentedRaftLogWorker.java:lambda$new$0(132)) - ba1aab4d-d107-47a2-be01-d124e86652a2@group-715B94D65B86-SegmentedRaftLogWorker: flushIndex: setUnconditionally 0 -> -1
2019-09-26 10:42:29,719 [pool-47-thread-1] INFO  server.RaftServerConfigKeys (ConfUtils.java:logGet(43)) - raft.server.snapshot.auto.trigger.enabled = true (custom)
2019-09-26 10:42:29,719 [pool-47-thread-1] INFO  server.RaftServerConfigKeys (ConfUtils.java:logGet(43)) - raft.server.snapshot.auto.trigger.threshold = 10000 (custom)
2019-09-26 10:42:29,720 [pool-47-thread-1] INFO  server.RaftServerConfigKeys (ConfUtils.java:logGet(43)) - raft.server.snapshot.retention.num.files = 5 (custom)
2019-09-26 10:42:29,720 [pool-47-thread-1] INFO  server.RaftServerConfigKeys (ConfUtils.java:logGet(43)) - raft.server.retrycache.expirytime = 600000ms (custom)
2019-09-26 10:42:29,723 [pool-47-thread-1] INFO  impl.RaftServerImpl (RaftServerImpl.java:start(185)) - ba1aab4d-d107-47a2-be01-d124e86652a2@group-715B94D65B86: start as a follower, conf=-1: [ba1aab4d-d107-47a2-be01-d124e86652a2:192.168.30.13:41615], old=null
2019-09-26 10:42:29,723 [pool-47-thread-1] INFO  impl.RaftServerImpl (RaftServerImpl.java:setRole(174)) - ba1aab4d-d107-47a2-be01-d124e86652a2@group-715B94D65B86: changes role from      null to FOLLOWER at term 0 for startAsFollower
2019-09-26 10:42:29,724 [pool-47-thread-1] INFO  impl.RoleInfo (RoleInfo.java:updateAndGet(143)) - ba1aab4d-d107-47a2-be01-d124e86652a2: start FollowerState
2019-09-26 10:42:29,724 [pool-47-thread-1] INFO  util.JmxRegister (JmxRegister.java:tryRegister(44)) - Successfully registered JMX Bean with object name Ratis:service=RaftServer,group=group-715B94D65B86,id=ba1aab4d-d107-47a2-be01-d124e86652a2
2019-09-26 10:42:29,730 [RatisPipelineUtilsThread] INFO  pipeline.PipelineStateManager (PipelineStateManager.java:addPipeline(56)) - Created pipeline Pipeline[ Id: a07e364c-769d-48d5-8f35-715b94d65b86, Nodes: ba1aab4d-d107-47a2-be01-d124e86652a2{ip: 192.168.30.13, host: pr-hdds-1569-wvzgm-824869521, networkLocation: /default-rack, certSerialId: null}, Type:RATIS, Factor:ONE, State:OPEN]
2019-09-26 10:42:29,743 [grpc-default-executor-0] INFO  impl.RaftServerProxy (RaftServerProxy.java:addNew(89)) - ba1aab4d-d107-47a2-be01-d124e86652a2: addNew group-3CEF358CDFE6:[ba1aab4d-d107-47a2-be01-d124e86652a2:192.168.30.13:41615] returns group-3CEF358CDFE6:java.util.concurrent.CompletableFuture@2372357[Not completed]
2019-09-26 10:42:29,745 [pool-47-thread-1] INFO  impl.RaftServerImpl (RaftServerImpl.java:<init>(95)) - ba1aab4d-d107-47a2-be01-d124e86652a2: new RaftServerImpl for group-3CEF358CDFE6:[ba1aab4d-d107-47a2-be01-d124e86652a2:192.168.30.13:41615] with ContainerStateMachine:uninitialized
2019-09-26 10:42:29,745 [pool-47-thread-1] INFO  server.RaftServerConfigKeys (ConfUtils.java:logGet(43)) - raft.server.rpc.timeout.min = 5s (custom)
2019-09-26 10:42:29,745 [pool-47-thread-1] INFO  server.RaftServerConfigKeys (ConfUtils.java:logGet(43)) - raft.server.rpc.timeout.max = 5200ms (custom)
2019-09-26 10:42:29,745 [pool-47-thread-1] INFO  server.RaftServerConfigKeys (ConfUtils.java:logGet(43)) - raft.server.rpcslowness.timeout = 10s (custom)
2019-09-26 10:42:29,746 [pool-47-thread-1] INFO  server.RaftServerConfigKeys (ConfUtils.java:logGet(43)) - raft.server.sleep.deviation.threshold = 300 (default)
2019-09-26 10:42:29,746 [pool-47-thread-1] INFO  server.RaftServerConfigKeys (ConfUtils.java:logGet(43)) - raft.server.log.appender.install.snapshot.enabled = false (custom)
2019-09-26 10:42:29,746 [pool-47-thread-1] INFO  impl.RaftServerImpl (ServerState.java:<init>(103)) - ba1aab4d-d107-47a2-be01-d124e86652a2@group-3CEF358CDFE6: ConfigurationManager, init=-1: [ba1aab4d-d107-47a2-be01-d124e86652a2:192.168.30.13:41615], old=null, confs=<EMPTY_MAP>
2019-09-26 10:42:29,746 [pool-47-thread-1] INFO  server.RaftServerConfigKeys (ConfUtils.java:logGet(43)) - raft.server.storage.dir = [/workdir/hadoop-ozone/integration-test/target/test-dir/MiniOzoneClusterImpl-ba83c363-2963-4965-b6c8-e0e7e6227b06/datanode-2/data/ratis] (custom)
2019-09-26 10:42:29,747 [pool-47-thread-1] INFO  storage.RaftStorageDirectory (RaftStorageDirectory.java:analyzeStorage(246)) - The storage directory /workdir/hadoop-ozone/integration-test/target/test-dir/MiniOzoneClusterImpl-ba83c363-2963-4965-b6c8-e0e7e6227b06/datanode-2/data/ratis/2cbaf50e-041b-4326-8aef-3cef358cdfe6 does not exist. Creating ...
2019-09-26 10:42:29,760 [pool-47-thread-1] INFO  storage.RaftStorageDirectory (RaftStorageDirectory.java:tryLock(328)) - Lock on /workdir/hadoop-ozone/integration-test/target/test-dir/MiniOzoneClusterImpl-ba83c363-2963-4965-b6c8-e0e7e6227b06/datanode-2/data/ratis/2cbaf50e-041b-4326-8aef-3cef358cdfe6/in_use.lock acquired by nodename 12934@pr-hdds-1569-wvzgm-824869521
2019-09-26 10:42:29,785 [pool-47-thread-1] INFO  storage.RaftStorage (RaftStorage.java:format(72)) - Storage directory /workdir/hadoop-ozone/integration-test/target/test-dir/MiniOzoneClusterImpl-ba83c363-2963-4965-b6c8-e0e7e6227b06/datanode-2/data/ratis/2cbaf50e-041b-4326-8aef-3cef358cdfe6 has been successfully formatted.
2019-09-26 10:42:29,785 [pool-47-thread-1] INFO  ratis.ContainerStateMachine (ContainerStateMachine.java:loadSnapshot(230)) - group-3CEF358CDFE6: The snapshot info is null. Setting the last applied indexto:(t:0, i:~)
2019-09-26 10:42:29,786 [pool-47-thread-1] INFO  server.RaftServerConfigKeys (ConfUtils.java:logGet(43)) - raft.server.notification.no-leader.timeout = 10s (custom)
2019-09-26 10:42:29,786 [pool-47-thread-1] INFO  server.RaftServerConfigKeys (ConfUtils.java:logGet(43)) - raft.server.log.use.memory = false (default)
2019-09-26 10:42:29,786 [pool-47-thread-1] INFO  server.RaftServerConfigKeys (ConfUtils.java:logGet(43)) - raft.server.log.purge.gap = 1000000 (custom)
2019-09-26 10:42:29,786 [pool-47-thread-1] INFO  server.RaftServerConfigKeys (ConfUtils.java:logGet(43)) - raft.server.log.appender.buffer.byte-limit = 33554432 (custom)
2019-09-26 10:42:29,786 [pool-47-thread-1] INFO  server.RaftServerConfigKeys (ConfUtils.java:logGet(43)) - raft.server.log.segment.size.max = 1048576 (custom)
2019-09-26 10:42:29,787 [pool-47-thread-1] INFO  server.RaftServerConfigKeys (ConfUtils.java:logGet(43)) - raft.server.log.segment.cache.num.max = 2 (custom)
2019-09-26 10:42:29,787 [pool-47-thread-1] INFO  segmented.SegmentedRaftLogWorker (SegmentedRaftLogWorker.java:<init>(172)) - new ba1aab4d-d107-47a2-be01-d124e86652a2@group-3CEF358CDFE6-SegmentedRaftLogWorker for RaftStorage:Storage Directory /workdir/hadoop-ozone/integration-test/target/test-dir/MiniOzoneClusterImpl-ba83c363-2963-4965-b6c8-e0e7e6227b06/datanode-2/data/ratis/2cbaf50e-041b-4326-8aef-3cef358cdfe6
2019-09-26 10:42:29,787 [pool-47-thread-1] INFO  server.RaftServerConfigKeys (ConfUtils.java:logGet(43)) - raft.server.log.queue.byte-limit = 2147483647 (custom)
2019-09-26 10:42:29,787 [pool-47-thread-1] INFO  server.RaftServerConfigKeys (ConfUtils.java:logGet(43)) - raft.server.log.queue.element-limit = 1024 (custom)
2019-09-26 10:42:29,788 [pool-47-thread-1] INFO  server.RaftServerConfigKeys (ConfUtils.java:logGet(43)) - raft.server.log.segment.size.max = 1048576 (custom)
2019-09-26 10:42:29,788 [pool-47-thread-1] INFO  server.RaftServerConfigKeys (ConfUtils.java:logGet(43)) - raft.server.log.preallocated.size = 16384 (custom)
2019-09-26 10:42:29,788 [pool-47-thread-1] INFO  server.RaftServerConfigKeys (ConfUtils.java:logGet(43)) - raft.server.log.write.buffer.size = 33554432 (custom)
2019-09-26 10:42:29,788 [pool-47-thread-1] INFO  server.RaftServerConfigKeys (ConfUtils.java:logGet(43)) - raft.server.log.force.sync.num = 128 (default)
2019-09-26 10:42:29,788 [pool-47-thread-1] INFO  server.RaftServerConfigKeys (ConfUtils.java:logGet(43)) - raft.server.log.statemachine.data.sync = true (default)
2019-09-26 10:42:29,789 [pool-47-thread-1] INFO  server.RaftServerConfigKeys (ConfUtils.java:logGet(43)) - raft.server.log.statemachine.data.sync.timeout = 10s (default)
2019-09-26 10:42:29,789 [pool-47-thread-1] INFO  server.RaftServerConfigKeys (ConfUtils.java:logGet(43)) - raft.server.log.statemachine.data.sync.timeout.retry = -1 (default)
2019-09-26 10:42:29,789 [pool-47-thread-1] INFO  server.RaftServerConfigKeys (ConfUtils.java:logGet(43)) - raft.server.log.statemachine.data.caching.enabled = true (custom)
2019-09-26 10:42:29,789 [pool-47-thread-1] INFO  segmented.SegmentedRaftLogWorker (SegmentedRaftLogWorker.java:lambda$new$0(132)) - ba1aab4d-d107-47a2-be01-d124e86652a2@group-3CEF358CDFE6-SegmentedRaftLogWorker: flushIndex: setUnconditionally 0 -> -1
2019-09-26 10:42:29,790 [pool-47-thread-1] INFO  server.RaftServerConfigKeys (ConfUtils.java:logGet(43)) - raft.server.snapshot.auto.trigger.enabled = true (custom)
2019-09-26 10:42:29,790 [pool-47-thread-1] INFO  server.RaftServerConfigKeys (ConfUtils.java:logGet(43)) - raft.server.snapshot.auto.trigger.threshold = 10000 (custom)
2019-09-26 10:42:29,790 [pool-47-thread-1] INFO  server.RaftServerConfigKeys (ConfUtils.java:logGet(43)) - raft.server.snapshot.retention.num.files = 5 (custom)
2019-09-26 10:42:29,791 [pool-47-thread-1] INFO  server.RaftServerConfigKeys (ConfUtils.java:logGet(43)) - raft.server.retrycache.expirytime = 600000ms (custom)
2019-09-26 10:42:29,794 [pool-47-thread-1] INFO  impl.RaftServerImpl (RaftServerImpl.java:start(185)) - ba1aab4d-d107-47a2-be01-d124e86652a2@group-3CEF358CDFE6: start as a follower, conf=-1: [ba1aab4d-d107-47a2-be01-d124e86652a2:192.168.30.13:41615], old=null
2019-09-26 10:42:29,795 [pool-47-thread-1] INFO  impl.RaftServerImpl (RaftServerImpl.java:setRole(174)) - ba1aab4d-d107-47a2-be01-d124e86652a2@group-3CEF358CDFE6: changes role from      null to FOLLOWER at term 0 for startAsFollower
2019-09-26 10:42:29,795 [pool-47-thread-1] INFO  impl.RoleInfo (RoleInfo.java:updateAndGet(143)) - ba1aab4d-d107-47a2-be01-d124e86652a2: start FollowerState
2019-09-26 10:42:29,795 [pool-47-thread-1] INFO  util.JmxRegister (JmxRegister.java:tryRegister(44)) - Successfully registered JMX Bean with object name Ratis:service=RaftServer,group=group-3CEF358CDFE6,id=ba1aab4d-d107-47a2-be01-d124e86652a2
2019-09-26 10:42:29,801 [RatisPipelineUtilsThread] INFO  pipeline.PipelineStateManager (PipelineStateManager.java:addPipeline(56)) - Created pipeline Pipeline[ Id: 2cbaf50e-041b-4326-8aef-3cef358cdfe6, Nodes: ba1aab4d-d107-47a2-be01-d124e86652a2{ip: 192.168.30.13, host: pr-hdds-1569-wvzgm-824869521, networkLocation: /default-rack, certSerialId: null}, Type:RATIS, Factor:ONE, State:OPEN]
2019-09-26 10:42:29,815 [grpc-default-executor-0] INFO  impl.RaftServerProxy (RaftServerProxy.java:addNew(89)) - 28e56f19-9e9b-470a-a4d9-0b249a16b927: addNew group-9AD856B0CD08:[28e56f19-9e9b-470a-a4d9-0b249a16b927:192.168.30.13:44834] returns group-9AD856B0CD08:java.util.concurrent.CompletableFuture@38f19472[Not completed]
2019-09-26 10:42:29,817 [pool-27-thread-1] INFO  impl.RaftServerImpl (RaftServerImpl.java:<init>(95)) - 28e56f19-9e9b-470a-a4d9-0b249a16b927: new RaftServerImpl for group-9AD856B0CD08:[28e56f19-9e9b-470a-a4d9-0b249a16b927:192.168.30.13:44834] with ContainerStateMachine:uninitialized
2019-09-26 10:42:29,817 [pool-27-thread-1] INFO  server.RaftServerConfigKeys (ConfUtils.java:logGet(43)) - raft.server.rpc.timeout.min = 5s (custom)
2019-09-26 10:42:29,817 [pool-27-thread-1] INFO  server.RaftServerConfigKeys (ConfUtils.java:logGet(43)) - raft.server.rpc.timeout.max = 5200ms (custom)
2019-09-26 10:42:29,817 [pool-27-thread-1] INFO  server.RaftServerConfigKeys (ConfUtils.java:logGet(43)) - raft.server.rpcslowness.timeout = 10s (custom)
2019-09-26 10:42:29,817 [pool-27-thread-1] INFO  server.RaftServerConfigKeys (ConfUtils.java:logGet(43)) - raft.server.sleep.deviation.threshold = 300 (default)
2019-09-26 10:42:29,818 [pool-27-thread-1] INFO  server.RaftServerConfigKeys (ConfUtils.java:logGet(43)) - raft.server.log.appender.install.snapshot.enabled = false (custom)
2019-09-26 10:42:29,818 [pool-27-thread-1] INFO  impl.RaftServerImpl (ServerState.java:<init>(103)) - 28e56f19-9e9b-470a-a4d9-0b249a16b927@group-9AD856B0CD08: ConfigurationManager, init=-1: [28e56f19-9e9b-470a-a4d9-0b249a16b927:192.168.30.13:44834], old=null, confs=<EMPTY_MAP>
2019-09-26 10:42:29,818 [pool-27-thread-1] INFO  server.RaftServerConfigKeys (ConfUtils.java:logGet(43)) - raft.server.storage.dir = [/workdir/hadoop-ozone/integration-test/target/test-dir/MiniOzoneClusterImpl-ba83c363-2963-4965-b6c8-e0e7e6227b06/datanode-0/data/ratis] (custom)
2019-09-26 10:42:29,818 [pool-27-thread-1] INFO  storage.RaftStorageDirectory (RaftStorageDirectory.java:analyzeStorage(246)) - The storage directory /workdir/hadoop-ozone/integration-test/target/test-dir/MiniOzoneClusterImpl-ba83c363-2963-4965-b6c8-e0e7e6227b06/datanode-0/data/ratis/e53dc1f7-88ab-4773-a552-9ad856b0cd08 does not exist. Creating ...
2019-09-26 10:42:29,831 [pool-27-thread-1] INFO  storage.RaftStorageDirectory (RaftStorageDirectory.java:tryLock(328)) - Lock on /workdir/hadoop-ozone/integration-test/target/test-dir/MiniOzoneClusterImpl-ba83c363-2963-4965-b6c8-e0e7e6227b06/datanode-0/data/ratis/e53dc1f7-88ab-4773-a552-9ad856b0cd08/in_use.lock acquired by nodename 12934@pr-hdds-1569-wvzgm-824869521
2019-09-26 10:42:29,864 [pool-27-thread-1] INFO  storage.RaftStorage (RaftStorage.java:format(72)) - Storage directory /workdir/hadoop-ozone/integration-test/target/test-dir/MiniOzoneClusterImpl-ba83c363-2963-4965-b6c8-e0e7e6227b06/datanode-0/data/ratis/e53dc1f7-88ab-4773-a552-9ad856b0cd08 has been successfully formatted.
2019-09-26 10:42:29,864 [pool-27-thread-1] INFO  ratis.ContainerStateMachine (ContainerStateMachine.java:loadSnapshot(230)) - group-9AD856B0CD08: The snapshot info is null. Setting the last applied indexto:(t:0, i:~)
2019-09-26 10:42:29,864 [pool-27-thread-1] INFO  server.RaftServerConfigKeys (ConfUtils.java:logGet(43)) - raft.server.notification.no-leader.timeout = 10s (custom)
2019-09-26 10:42:29,865 [pool-27-thread-1] INFO  server.RaftServerConfigKeys (ConfUtils.java:logGet(43)) - raft.server.log.use.memory = false (default)
2019-09-26 10:42:29,865 [pool-27-thread-1] INFO  server.RaftServerConfigKeys (ConfUtils.java:logGet(43)) - raft.server.log.purge.gap = 1000000 (custom)
2019-09-26 10:42:29,865 [pool-27-thread-1] INFO  server.RaftServerConfigKeys (ConfUtils.java:logGet(43)) - raft.server.log.appender.buffer.byte-limit = 33554432 (custom)
2019-09-26 10:42:29,865 [pool-27-thread-1] INFO  server.RaftServerConfigKeys (ConfUtils.java:logGet(43)) - raft.server.log.segment.size.max = 1048576 (custom)
2019-09-26 10:42:29,865 [pool-27-thread-1] INFO  server.RaftServerConfigKeys (ConfUtils.java:logGet(43)) - raft.server.log.segment.cache.num.max = 2 (custom)
2019-09-26 10:42:29,866 [pool-27-thread-1] INFO  segmented.SegmentedRaftLogWorker (SegmentedRaftLogWorker.java:<init>(172)) - new 28e56f19-9e9b-470a-a4d9-0b249a16b927@group-9AD856B0CD08-SegmentedRaftLogWorker for RaftStorage:Storage Directory /workdir/hadoop-ozone/integration-test/target/test-dir/MiniOzoneClusterImpl-ba83c363-2963-4965-b6c8-e0e7e6227b06/datanode-0/data/ratis/e53dc1f7-88ab-4773-a552-9ad856b0cd08
2019-09-26 10:42:29,866 [pool-27-thread-1] INFO  server.RaftServerConfigKeys (ConfUtils.java:logGet(43)) - raft.server.log.queue.byte-limit = 2147483647 (custom)
2019-09-26 10:42:29,866 [pool-27-thread-1] INFO  server.RaftServerConfigKeys (ConfUtils.java:logGet(43)) - raft.server.log.queue.element-limit = 1024 (custom)
2019-09-26 10:42:29,866 [pool-27-thread-1] INFO  server.RaftServerConfigKeys (ConfUtils.java:logGet(43)) - raft.server.log.segment.size.max = 1048576 (custom)
2019-09-26 10:42:29,866 [pool-27-thread-1] INFO  server.RaftServerConfigKeys (ConfUtils.java:logGet(43)) - raft.server.log.preallocated.size = 16384 (custom)
2019-09-26 10:42:29,866 [pool-27-thread-1] INFO  server.RaftServerConfigKeys (ConfUtils.java:logGet(43)) - raft.server.log.write.buffer.size = 33554432 (custom)
2019-09-26 10:42:29,867 [pool-27-thread-1] INFO  server.RaftServerConfigKeys (ConfUtils.java:logGet(43)) - raft.server.log.force.sync.num = 128 (default)
2019-09-26 10:42:29,867 [pool-27-thread-1] INFO  server.RaftServerConfigKeys (ConfUtils.java:logGet(43)) - raft.server.log.statemachine.data.sync = true (default)
2019-09-26 10:42:29,867 [pool-27-thread-1] INFO  server.RaftServerConfigKeys (ConfUtils.java:logGet(43)) - raft.server.log.statemachine.data.sync.timeout = 10s (default)
2019-09-26 10:42:29,867 [pool-27-thread-1] INFO  server.RaftServerConfigKeys (ConfUtils.java:logGet(43)) - raft.server.log.statemachine.data.sync.timeout.retry = -1 (default)
2019-09-26 10:42:29,867 [pool-27-thread-1] INFO  server.RaftServerConfigKeys (ConfUtils.java:logGet(43)) - raft.server.log.statemachine.data.caching.enabled = true (custom)
2019-09-26 10:42:29,868 [pool-27-thread-1] INFO  segmented.SegmentedRaftLogWorker (SegmentedRaftLogWorker.java:lambda$new$0(132)) - 28e56f19-9e9b-470a-a4d9-0b249a16b927@group-9AD856B0CD08-SegmentedRaftLogWorker: flushIndex: setUnconditionally 0 -> -1
2019-09-26 10:42:29,868 [pool-27-thread-1] INFO  server.RaftServerConfigKeys (ConfUtils.java:logGet(43)) - raft.server.snapshot.auto.trigger.enabled = true (custom)
2019-09-26 10:42:29,868 [pool-27-thread-1] INFO  server.RaftServerConfigKeys (ConfUtils.java:logGet(43)) - raft.server.snapshot.auto.trigger.threshold = 10000 (custom)
2019-09-26 10:42:29,869 [pool-27-thread-1] INFO  server.RaftServerConfigKeys (ConfUtils.java:logGet(43)) - raft.server.snapshot.retention.num.files = 5 (custom)
2019-09-26 10:42:29,869 [pool-27-thread-1] INFO  server.RaftServerConfigKeys (ConfUtils.java:logGet(43)) - raft.server.retrycache.expirytime = 600000ms (custom)
2019-09-26 10:42:29,872 [pool-27-thread-1] INFO  impl.RaftServerImpl (RaftServerImpl.java:start(185)) - 28e56f19-9e9b-470a-a4d9-0b249a16b927@group-9AD856B0CD08: start as a follower, conf=-1: [28e56f19-9e9b-470a-a4d9-0b249a16b927:192.168.30.13:44834], old=null
2019-09-26 10:42:29,873 [pool-27-thread-1] INFO  impl.RaftServerImpl (RaftServerImpl.java:setRole(174)) - 28e56f19-9e9b-470a-a4d9-0b249a16b927@group-9AD856B0CD08: changes role from      null to FOLLOWER at term 0 for startAsFollower
2019-09-26 10:42:29,873 [pool-27-thread-1] INFO  impl.RoleInfo (RoleInfo.java:updateAndGet(143)) - 28e56f19-9e9b-470a-a4d9-0b249a16b927: start FollowerState
2019-09-26 10:42:29,873 [pool-27-thread-1] INFO  util.JmxRegister (JmxRegister.java:tryRegister(44)) - Successfully registered JMX Bean with object name Ratis:service=RaftServer,group=group-9AD856B0CD08,id=28e56f19-9e9b-470a-a4d9-0b249a16b927
2019-09-26 10:42:29,879 [RatisPipelineUtilsThread] INFO  pipeline.PipelineStateManager (PipelineStateManager.java:addPipeline(56)) - Created pipeline Pipeline[ Id: e53dc1f7-88ab-4773-a552-9ad856b0cd08, Nodes: 28e56f19-9e9b-470a-a4d9-0b249a16b927{ip: 192.168.30.13, host: pr-hdds-1569-wvzgm-824869521, networkLocation: /default-rack, certSerialId: null}, Type:RATIS, Factor:ONE, State:OPEN]
2019-09-26 10:42:29,910 [grpc-default-executor-0] INFO  impl.RaftServerProxy (RaftServerProxy.java:addNew(89)) - 0d880a52-66cc-417f-8cd7-70609a5fbfa8: addNew group-3F8740B32BA4:[0d880a52-66cc-417f-8cd7-70609a5fbfa8:192.168.30.13:41237] returns group-3F8740B32BA4:java.util.concurrent.CompletableFuture@5eb543e2[Not completed]
2019-09-26 10:42:29,914 [pool-37-thread-1] INFO  impl.RaftServerImpl (RaftServerImpl.java:<init>(95)) - 0d880a52-66cc-417f-8cd7-70609a5fbfa8: new RaftServerImpl for group-3F8740B32BA4:[0d880a52-66cc-417f-8cd7-70609a5fbfa8:192.168.30.13:41237] with ContainerStateMachine:uninitialized
2019-09-26 10:42:29,914 [pool-37-thread-1] INFO  server.RaftServerConfigKeys (ConfUtils.java:logGet(43)) - raft.server.rpc.timeout.min = 5s (custom)
2019-09-26 10:42:29,915 [pool-37-thread-1] INFO  server.RaftServerConfigKeys (ConfUtils.java:logGet(43)) - raft.server.rpc.timeout.max = 5200ms (custom)
2019-09-26 10:42:29,915 [pool-37-thread-1] INFO  server.RaftServerConfigKeys (ConfUtils.java:logGet(43)) - raft.server.rpcslowness.timeout = 10s (custom)
2019-09-26 10:42:29,915 [pool-37-thread-1] INFO  server.RaftServerConfigKeys (ConfUtils.java:logGet(43)) - raft.server.sleep.deviation.threshold = 300 (default)
2019-09-26 10:42:29,915 [pool-37-thread-1] INFO  server.RaftServerConfigKeys (ConfUtils.java:logGet(43)) - raft.server.log.appender.install.snapshot.enabled = false (custom)
2019-09-26 10:42:29,915 [pool-37-thread-1] INFO  impl.RaftServerImpl (ServerState.java:<init>(103)) - 0d880a52-66cc-417f-8cd7-70609a5fbfa8@group-3F8740B32BA4: ConfigurationManager, init=-1: [0d880a52-66cc-417f-8cd7-70609a5fbfa8:192.168.30.13:41237], old=null, confs=<EMPTY_MAP>
2019-09-26 10:42:29,916 [pool-37-thread-1] INFO  server.RaftServerConfigKeys (ConfUtils.java:logGet(43)) - raft.server.storage.dir = [/workdir/hadoop-ozone/integration-test/target/test-dir/MiniOzoneClusterImpl-ba83c363-2963-4965-b6c8-e0e7e6227b06/datanode-1/data/ratis] (custom)
2019-09-26 10:42:29,916 [pool-37-thread-1] INFO  storage.RaftStorageDirectory (RaftStorageDirectory.java:analyzeStorage(246)) - The storage directory /workdir/hadoop-ozone/integration-test/target/test-dir/MiniOzoneClusterImpl-ba83c363-2963-4965-b6c8-e0e7e6227b06/datanode-1/data/ratis/1bee4bbc-8e94-4fe1-b59b-3f8740b32ba4 does not exist. Creating ...
2019-09-26 10:42:29,929 [pool-37-thread-1] INFO  storage.RaftStorageDirectory (RaftStorageDirectory.java:tryLock(328)) - Lock on /workdir/hadoop-ozone/integration-test/target/test-dir/MiniOzoneClusterImpl-ba83c363-2963-4965-b6c8-e0e7e6227b06/datanode-1/data/ratis/1bee4bbc-8e94-4fe1-b59b-3f8740b32ba4/in_use.lock acquired by nodename 12934@pr-hdds-1569-wvzgm-824869521
2019-09-26 10:42:29,942 [pool-37-thread-1] INFO  storage.RaftStorage (RaftStorage.java:format(72)) - Storage directory /workdir/hadoop-ozone/integration-test/target/test-dir/MiniOzoneClusterImpl-ba83c363-2963-4965-b6c8-e0e7e6227b06/datanode-1/data/ratis/1bee4bbc-8e94-4fe1-b59b-3f8740b32ba4 has been successfully formatted.
2019-09-26 10:42:29,942 [pool-37-thread-1] INFO  ratis.ContainerStateMachine (ContainerStateMachine.java:loadSnapshot(230)) - group-3F8740B32BA4: The snapshot info is null. Setting the last applied indexto:(t:0, i:~)
2019-09-26 10:42:29,943 [pool-37-thread-1] INFO  server.RaftServerConfigKeys (ConfUtils.java:logGet(43)) - raft.server.notification.no-leader.timeout = 10s (custom)
2019-09-26 10:42:29,943 [pool-37-thread-1] INFO  server.RaftServerConfigKeys (ConfUtils.java:logGet(43)) - raft.server.log.use.memory = false (default)
2019-09-26 10:42:29,943 [pool-37-thread-1] INFO  server.RaftServerConfigKeys (ConfUtils.java:logGet(43)) - raft.server.log.purge.gap = 1000000 (custom)
2019-09-26 10:42:29,943 [pool-37-thread-1] INFO  server.RaftServerConfigKeys (ConfUtils.java:logGet(43)) - raft.server.log.appender.buffer.byte-limit = 33554432 (custom)
2019-09-26 10:42:29,943 [pool-37-thread-1] INFO  server.RaftServerConfigKeys (ConfUtils.java:logGet(43)) - raft.server.log.segment.size.max = 1048576 (custom)
2019-09-26 10:42:29,944 [pool-37-thread-1] INFO  server.RaftServerConfigKeys (ConfUtils.java:logGet(43)) - raft.server.log.segment.cache.num.max = 2 (custom)
2019-09-26 10:42:29,944 [pool-37-thread-1] INFO  segmented.SegmentedRaftLogWorker (SegmentedRaftLogWorker.java:<init>(172)) - new 0d880a52-66cc-417f-8cd7-70609a5fbfa8@group-3F8740B32BA4-SegmentedRaftLogWorker for RaftStorage:Storage Directory /workdir/hadoop-ozone/integration-test/target/test-dir/MiniOzoneClusterImpl-ba83c363-2963-4965-b6c8-e0e7e6227b06/datanode-1/data/ratis/1bee4bbc-8e94-4fe1-b59b-3f8740b32ba4
2019-09-26 10:42:29,944 [pool-37-thread-1] INFO  server.RaftServerConfigKeys (ConfUtils.java:logGet(43)) - raft.server.log.queue.byte-limit = 2147483647 (custom)
2019-09-26 10:42:29,944 [pool-37-thread-1] INFO  server.RaftServerConfigKeys (ConfUtils.java:logGet(43)) - raft.server.log.queue.element-limit = 1024 (custom)
2019-09-26 10:42:29,944 [pool-37-thread-1] INFO  server.RaftServerConfigKeys (ConfUtils.java:logGet(43)) - raft.server.log.segment.size.max = 1048576 (custom)
2019-09-26 10:42:29,944 [pool-37-thread-1] INFO  server.RaftServerConfigKeys (ConfUtils.java:logGet(43)) - raft.server.log.preallocated.size = 16384 (custom)
2019-09-26 10:42:29,945 [pool-37-thread-1] INFO  server.RaftServerConfigKeys (ConfUtils.java:logGet(43)) - raft.server.log.write.buffer.size = 33554432 (custom)
2019-09-26 10:42:29,945 [pool-37-thread-1] INFO  server.RaftServerConfigKeys (ConfUtils.java:logGet(43)) - raft.server.log.force.sync.num = 128 (default)
2019-09-26 10:42:29,945 [pool-37-thread-1] INFO  server.RaftServerConfigKeys (ConfUtils.java:logGet(43)) - raft.server.log.statemachine.data.sync = true (default)
2019-09-26 10:42:29,945 [pool-37-thread-1] INFO  server.RaftServerConfigKeys (ConfUtils.java:logGet(43)) - raft.server.log.statemachine.data.sync.timeout = 10s (default)
2019-09-26 10:42:29,945 [pool-37-thread-1] INFO  server.RaftServerConfigKeys (ConfUtils.java:logGet(43)) - raft.server.log.statemachine.data.sync.timeout.retry = -1 (default)
2019-09-26 10:42:29,945 [pool-37-thread-1] INFO  server.RaftServerConfigKeys (ConfUtils.java:logGet(43)) - raft.server.log.statemachine.data.caching.enabled = true (custom)
2019-09-26 10:42:29,946 [pool-37-thread-1] INFO  segmented.SegmentedRaftLogWorker (SegmentedRaftLogWorker.java:lambda$new$0(132)) - 0d880a52-66cc-417f-8cd7-70609a5fbfa8@group-3F8740B32BA4-SegmentedRaftLogWorker: flushIndex: setUnconditionally 0 -> -1
2019-09-26 10:42:29,946 [pool-37-thread-1] INFO  server.RaftServerConfigKeys (ConfUtils.java:logGet(43)) - raft.server.snapshot.auto.trigger.enabled = true (custom)
2019-09-26 10:42:29,946 [pool-37-thread-1] INFO  server.RaftServerConfigKeys (ConfUtils.java:logGet(43)) - raft.server.snapshot.auto.trigger.threshold = 10000 (custom)
2019-09-26 10:42:29,946 [pool-37-thread-1] INFO  server.RaftServerConfigKeys (ConfUtils.java:logGet(43)) - raft.server.snapshot.retention.num.files = 5 (custom)
2019-09-26 10:42:29,947 [pool-37-thread-1] INFO  server.RaftServerConfigKeys (ConfUtils.java:logGet(43)) - raft.server.retrycache.expirytime = 600000ms (custom)
2019-09-26 10:42:29,950 [pool-37-thread-1] INFO  impl.RaftServerImpl (RaftServerImpl.java:start(185)) - 0d880a52-66cc-417f-8cd7-70609a5fbfa8@group-3F8740B32BA4: start as a follower, conf=-1: [0d880a52-66cc-417f-8cd7-70609a5fbfa8:192.168.30.13:41237], old=null
2019-09-26 10:42:29,950 [pool-37-thread-1] INFO  impl.RaftServerImpl (RaftServerImpl.java:setRole(174)) - 0d880a52-66cc-417f-8cd7-70609a5fbfa8@group-3F8740B32BA4: changes role from      null to FOLLOWER at term 0 for startAsFollower
2019-09-26 10:42:29,950 [pool-37-thread-1] INFO  impl.RoleInfo (RoleInfo.java:updateAndGet(143)) - 0d880a52-66cc-417f-8cd7-70609a5fbfa8: start FollowerState
2019-09-26 10:42:29,958 [pool-37-thread-1] INFO  util.JmxRegister (JmxRegister.java:tryRegister(44)) - Successfully registered JMX Bean with object name Ratis:service=RaftServer,group=group-3F8740B32BA4,id=0d880a52-66cc-417f-8cd7-70609a5fbfa8
2019-09-26 10:42:29,980 [RatisPipelineUtilsThread] INFO  pipeline.PipelineStateManager (PipelineStateManager.java:addPipeline(56)) - Created pipeline Pipeline[ Id: 1bee4bbc-8e94-4fe1-b59b-3f8740b32ba4, Nodes: 0d880a52-66cc-417f-8cd7-70609a5fbfa8{ip: 192.168.30.13, host: pr-hdds-1569-wvzgm-824869521, networkLocation: /default-rack, certSerialId: null}, Type:RATIS, Factor:ONE, State:OPEN]
2019-09-26 10:42:29,980 [RatisPipelineUtilsThread] INFO  pipeline.PipelinePlacementPolicy (PipelinePlacementPolicy.java:meetCriteria(91)) - Pipeline Placement: can't place more pipeline on heavy datanode： 0d880a52-66cc-417f-8cd7-70609a5fbfa8 Heaviness: 6 limit: 5
2019-09-26 10:42:29,992 [grpc-default-executor-0] INFO  impl.RaftServerProxy (RaftServerProxy.java:addNew(89)) - ba1aab4d-d107-47a2-be01-d124e86652a2: addNew group-16E5272CD23D:[ba1aab4d-d107-47a2-be01-d124e86652a2:192.168.30.13:41615] returns group-16E5272CD23D:java.util.concurrent.CompletableFuture@6bda30c3[Not completed]
2019-09-26 10:42:29,994 [pool-47-thread-1] INFO  impl.RaftServerImpl (RaftServerImpl.java:<init>(95)) - ba1aab4d-d107-47a2-be01-d124e86652a2: new RaftServerImpl for group-16E5272CD23D:[ba1aab4d-d107-47a2-be01-d124e86652a2:192.168.30.13:41615] with ContainerStateMachine:uninitialized
2019-09-26 10:42:29,994 [pool-47-thread-1] INFO  server.RaftServerConfigKeys (ConfUtils.java:logGet(43)) - raft.server.rpc.timeout.min = 5s (custom)
2019-09-26 10:42:29,994 [pool-47-thread-1] INFO  server.RaftServerConfigKeys (ConfUtils.java:logGet(43)) - raft.server.rpc.timeout.max = 5200ms (custom)
2019-09-26 10:42:29,995 [pool-47-thread-1] INFO  server.RaftServerConfigKeys (ConfUtils.java:logGet(43)) - raft.server.rpcslowness.timeout = 10s (custom)
2019-09-26 10:42:29,995 [pool-47-thread-1] INFO  server.RaftServerConfigKeys (ConfUtils.java:logGet(43)) - raft.server.sleep.deviation.threshold = 300 (default)
2019-09-26 10:42:29,995 [pool-47-thread-1] INFO  server.RaftServerConfigKeys (ConfUtils.java:logGet(43)) - raft.server.log.appender.install.snapshot.enabled = false (custom)
2019-09-26 10:42:29,995 [pool-47-thread-1] INFO  impl.RaftServerImpl (ServerState.java:<init>(103)) - ba1aab4d-d107-47a2-be01-d124e86652a2@group-16E5272CD23D: ConfigurationManager, init=-1: [ba1aab4d-d107-47a2-be01-d124e86652a2:192.168.30.13:41615], old=null, confs=<EMPTY_MAP>
2019-09-26 10:42:29,996 [pool-47-thread-1] INFO  server.RaftServerConfigKeys (ConfUtils.java:logGet(43)) - raft.server.storage.dir = [/workdir/hadoop-ozone/integration-test/target/test-dir/MiniOzoneClusterImpl-ba83c363-2963-4965-b6c8-e0e7e6227b06/datanode-2/data/ratis] (custom)
2019-09-26 10:42:29,996 [pool-47-thread-1] INFO  storage.RaftStorageDirectory (RaftStorageDirectory.java:analyzeStorage(246)) - The storage directory /workdir/hadoop-ozone/integration-test/target/test-dir/MiniOzoneClusterImpl-ba83c363-2963-4965-b6c8-e0e7e6227b06/datanode-2/data/ratis/34618aa5-228f-4360-9ad3-16e5272cd23d does not exist. Creating ...
2019-09-26 10:42:30,009 [pool-47-thread-1] INFO  storage.RaftStorageDirectory (RaftStorageDirectory.java:tryLock(328)) - Lock on /workdir/hadoop-ozone/integration-test/target/test-dir/MiniOzoneClusterImpl-ba83c363-2963-4965-b6c8-e0e7e6227b06/datanode-2/data/ratis/34618aa5-228f-4360-9ad3-16e5272cd23d/in_use.lock acquired by nodename 12934@pr-hdds-1569-wvzgm-824869521
2019-09-26 10:42:30,022 [pool-47-thread-1] INFO  storage.RaftStorage (RaftStorage.java:format(72)) - Storage directory /workdir/hadoop-ozone/integration-test/target/test-dir/MiniOzoneClusterImpl-ba83c363-2963-4965-b6c8-e0e7e6227b06/datanode-2/data/ratis/34618aa5-228f-4360-9ad3-16e5272cd23d has been successfully formatted.
2019-09-26 10:42:30,023 [pool-47-thread-1] INFO  ratis.ContainerStateMachine (ContainerStateMachine.java:loadSnapshot(230)) - group-16E5272CD23D: The snapshot info is null. Setting the last applied indexto:(t:0, i:~)
2019-09-26 10:42:30,023 [pool-47-thread-1] INFO  server.RaftServerConfigKeys (ConfUtils.java:logGet(43)) - raft.server.notification.no-leader.timeout = 10s (custom)
2019-09-26 10:42:30,023 [pool-47-thread-1] INFO  server.RaftServerConfigKeys (ConfUtils.java:logGet(43)) - raft.server.log.use.memory = false (default)
2019-09-26 10:42:30,023 [pool-47-thread-1] INFO  server.RaftServerConfigKeys (ConfUtils.java:logGet(43)) - raft.server.log.purge.gap = 1000000 (custom)
2019-09-26 10:42:30,024 [pool-47-thread-1] INFO  server.RaftServerConfigKeys (ConfUtils.java:logGet(43)) - raft.server.log.appender.buffer.byte-limit = 33554432 (custom)
2019-09-26 10:42:30,024 [pool-47-thread-1] INFO  server.RaftServerConfigKeys (ConfUtils.java:logGet(43)) - raft.server.log.segment.size.max = 1048576 (custom)
2019-09-26 10:42:30,024 [pool-47-thread-1] INFO  server.RaftServerConfigKeys (ConfUtils.java:logGet(43)) - raft.server.log.segment.cache.num.max = 2 (custom)
2019-09-26 10:42:30,024 [pool-47-thread-1] INFO  segmented.SegmentedRaftLogWorker (SegmentedRaftLogWorker.java:<init>(172)) - new ba1aab4d-d107-47a2-be01-d124e86652a2@group-16E5272CD23D-SegmentedRaftLogWorker for RaftStorage:Storage Directory /workdir/hadoop-ozone/integration-test/target/test-dir/MiniOzoneClusterImpl-ba83c363-2963-4965-b6c8-e0e7e6227b06/datanode-2/data/ratis/34618aa5-228f-4360-9ad3-16e5272cd23d
2019-09-26 10:42:30,024 [pool-47-thread-1] INFO  server.RaftServerConfigKeys (ConfUtils.java:logGet(43)) - raft.server.log.queue.byte-limit = 2147483647 (custom)
2019-09-26 10:42:30,024 [pool-47-thread-1] INFO  server.RaftServerConfigKeys (ConfUtils.java:logGet(43)) - raft.server.log.queue.element-limit = 1024 (custom)
2019-09-26 10:42:30,025 [pool-47-thread-1] INFO  server.RaftServerConfigKeys (ConfUtils.java:logGet(43)) - raft.server.log.segment.size.max = 1048576 (custom)
2019-09-26 10:42:30,025 [pool-47-thread-1] INFO  server.RaftServerConfigKeys (ConfUtils.java:logGet(43)) - raft.server.log.preallocated.size = 16384 (custom)
2019-09-26 10:42:30,025 [pool-47-thread-1] INFO  server.RaftServerConfigKeys (ConfUtils.java:logGet(43)) - raft.server.log.write.buffer.size = 33554432 (custom)
2019-09-26 10:42:30,025 [pool-47-thread-1] INFO  server.RaftServerConfigKeys (ConfUtils.java:logGet(43)) - raft.server.log.force.sync.num = 128 (default)
2019-09-26 10:42:30,025 [pool-47-thread-1] INFO  server.RaftServerConfigKeys (ConfUtils.java:logGet(43)) - raft.server.log.statemachine.data.sync = true (default)
2019-09-26 10:42:30,026 [pool-47-thread-1] INFO  server.RaftServerConfigKeys (ConfUtils.java:logGet(43)) - raft.server.log.statemachine.data.sync.timeout = 10s (default)
2019-09-26 10:42:30,026 [pool-47-thread-1] INFO  server.RaftServerConfigKeys (ConfUtils.java:logGet(43)) - raft.server.log.statemachine.data.sync.timeout.retry = -1 (default)
2019-09-26 10:42:30,026 [pool-47-thread-1] INFO  server.RaftServerConfigKeys (ConfUtils.java:logGet(43)) - raft.server.log.statemachine.data.caching.enabled = true (custom)
2019-09-26 10:42:30,026 [pool-47-thread-1] INFO  segmented.SegmentedRaftLogWorker (SegmentedRaftLogWorker.java:lambda$new$0(132)) - ba1aab4d-d107-47a2-be01-d124e86652a2@group-16E5272CD23D-SegmentedRaftLogWorker: flushIndex: setUnconditionally 0 -> -1
2019-09-26 10:42:30,027 [pool-47-thread-1] INFO  server.RaftServerConfigKeys (ConfUtils.java:logGet(43)) - raft.server.snapshot.auto.trigger.enabled = true (custom)
2019-09-26 10:42:30,027 [pool-47-thread-1] INFO  server.RaftServerConfigKeys (ConfUtils.java:logGet(43)) - raft.server.snapshot.auto.trigger.threshold = 10000 (custom)
2019-09-26 10:42:30,027 [pool-47-thread-1] INFO  server.RaftServerConfigKeys (ConfUtils.java:logGet(43)) - raft.server.snapshot.retention.num.files = 5 (custom)
2019-09-26 10:42:30,028 [pool-47-thread-1] INFO  server.RaftServerConfigKeys (ConfUtils.java:logGet(43)) - raft.server.retrycache.expirytime = 600000ms (custom)
2019-09-26 10:42:30,031 [pool-47-thread-1] INFO  impl.RaftServerImpl (RaftServerImpl.java:start(185)) - ba1aab4d-d107-47a2-be01-d124e86652a2@group-16E5272CD23D: start as a follower, conf=-1: [ba1aab4d-d107-47a2-be01-d124e86652a2:192.168.30.13:41615], old=null
2019-09-26 10:42:30,031 [pool-47-thread-1] INFO  impl.RaftServerImpl (RaftServerImpl.java:setRole(174)) - ba1aab4d-d107-47a2-be01-d124e86652a2@group-16E5272CD23D: changes role from      null to FOLLOWER at term 0 for startAsFollower
2019-09-26 10:42:30,031 [pool-47-thread-1] INFO  impl.RoleInfo (RoleInfo.java:updateAndGet(143)) - ba1aab4d-d107-47a2-be01-d124e86652a2: start FollowerState
2019-09-26 10:42:30,032 [pool-47-thread-1] INFO  util.JmxRegister (JmxRegister.java:tryRegister(44)) - Successfully registered JMX Bean with object name Ratis:service=RaftServer,group=group-16E5272CD23D,id=ba1aab4d-d107-47a2-be01-d124e86652a2
2019-09-26 10:42:30,037 [RatisPipelineUtilsThread] INFO  pipeline.PipelineStateManager (PipelineStateManager.java:addPipeline(56)) - Created pipeline Pipeline[ Id: 34618aa5-228f-4360-9ad3-16e5272cd23d, Nodes: ba1aab4d-d107-47a2-be01-d124e86652a2{ip: 192.168.30.13, host: pr-hdds-1569-wvzgm-824869521, networkLocation: /default-rack, certSerialId: null}, Type:RATIS, Factor:ONE, State:OPEN]
2019-09-26 10:42:30,038 [RatisPipelineUtilsThread] INFO  pipeline.PipelinePlacementPolicy (PipelinePlacementPolicy.java:meetCriteria(91)) - Pipeline Placement: can't place more pipeline on heavy datanode： 0d880a52-66cc-417f-8cd7-70609a5fbfa8 Heaviness: 6 limit: 5
2019-09-26 10:42:30,049 [grpc-default-executor-0] INFO  impl.RaftServerProxy (RaftServerProxy.java:addNew(89)) - 28e56f19-9e9b-470a-a4d9-0b249a16b927: addNew group-16F39AE9BEF5:[28e56f19-9e9b-470a-a4d9-0b249a16b927:192.168.30.13:44834] returns group-16F39AE9BEF5:java.util.concurrent.CompletableFuture@65918003[Not completed]
2019-09-26 10:42:30,051 [pool-27-thread-1] INFO  impl.RaftServerImpl (RaftServerImpl.java:<init>(95)) - 28e56f19-9e9b-470a-a4d9-0b249a16b927: new RaftServerImpl for group-16F39AE9BEF5:[28e56f19-9e9b-470a-a4d9-0b249a16b927:192.168.30.13:44834] with ContainerStateMachine:uninitialized
2019-09-26 10:42:30,051 [pool-27-thread-1] INFO  server.RaftServerConfigKeys (ConfUtils.java:logGet(43)) - raft.server.rpc.timeout.min = 5s (custom)
2019-09-26 10:42:30,051 [pool-27-thread-1] INFO  server.RaftServerConfigKeys (ConfUtils.java:logGet(43)) - raft.server.rpc.timeout.max = 5200ms (custom)
2019-09-26 10:42:30,051 [pool-27-thread-1] INFO  server.RaftServerConfigKeys (ConfUtils.java:logGet(43)) - raft.server.rpcslowness.timeout = 10s (custom)
2019-09-26 10:42:30,051 [pool-27-thread-1] INFO  server.RaftServerConfigKeys (ConfUtils.java:logGet(43)) - raft.server.sleep.deviation.threshold = 300 (default)
2019-09-26 10:42:30,051 [pool-27-thread-1] INFO  server.RaftServerConfigKeys (ConfUtils.java:logGet(43)) - raft.server.log.appender.install.snapshot.enabled = false (custom)
2019-09-26 10:42:30,052 [pool-27-thread-1] INFO  impl.RaftServerImpl (ServerState.java:<init>(103)) - 28e56f19-9e9b-470a-a4d9-0b249a16b927@group-16F39AE9BEF5: ConfigurationManager, init=-1: [28e56f19-9e9b-470a-a4d9-0b249a16b927:192.168.30.13:44834], old=null, confs=<EMPTY_MAP>
2019-09-26 10:42:30,052 [pool-27-thread-1] INFO  server.RaftServerConfigKeys (ConfUtils.java:logGet(43)) - raft.server.storage.dir = [/workdir/hadoop-ozone/integration-test/target/test-dir/MiniOzoneClusterImpl-ba83c363-2963-4965-b6c8-e0e7e6227b06/datanode-0/data/ratis] (custom)
2019-09-26 10:42:30,052 [pool-27-thread-1] INFO  storage.RaftStorageDirectory (RaftStorageDirectory.java:analyzeStorage(246)) - The storage directory /workdir/hadoop-ozone/integration-test/target/test-dir/MiniOzoneClusterImpl-ba83c363-2963-4965-b6c8-e0e7e6227b06/datanode-0/data/ratis/71a0a5d4-d039-484f-8dd5-16f39ae9bef5 does not exist. Creating ...
2019-09-26 10:42:30,065 [pool-27-thread-1] INFO  storage.RaftStorageDirectory (RaftStorageDirectory.java:tryLock(328)) - Lock on /workdir/hadoop-ozone/integration-test/target/test-dir/MiniOzoneClusterImpl-ba83c363-2963-4965-b6c8-e0e7e6227b06/datanode-0/data/ratis/71a0a5d4-d039-484f-8dd5-16f39ae9bef5/in_use.lock acquired by nodename 12934@pr-hdds-1569-wvzgm-824869521
2019-09-26 10:42:30,079 [pool-27-thread-1] INFO  storage.RaftStorage (RaftStorage.java:format(72)) - Storage directory /workdir/hadoop-ozone/integration-test/target/test-dir/MiniOzoneClusterImpl-ba83c363-2963-4965-b6c8-e0e7e6227b06/datanode-0/data/ratis/71a0a5d4-d039-484f-8dd5-16f39ae9bef5 has been successfully formatted.
2019-09-26 10:42:30,079 [pool-27-thread-1] INFO  ratis.ContainerStateMachine (ContainerStateMachine.java:loadSnapshot(230)) - group-16F39AE9BEF5: The snapshot info is null. Setting the last applied indexto:(t:0, i:~)
2019-09-26 10:42:30,079 [pool-27-thread-1] INFO  server.RaftServerConfigKeys (ConfUtils.java:logGet(43)) - raft.server.notification.no-leader.timeout = 10s (custom)
2019-09-26 10:42:30,079 [pool-27-thread-1] INFO  server.RaftServerConfigKeys (ConfUtils.java:logGet(43)) - raft.server.log.use.memory = false (default)
2019-09-26 10:42:30,080 [pool-27-thread-1] INFO  server.RaftServerConfigKeys (ConfUtils.java:logGet(43)) - raft.server.log.purge.gap = 1000000 (custom)
2019-09-26 10:42:30,080 [pool-27-thread-1] INFO  server.RaftServerConfigKeys (ConfUtils.java:logGet(43)) - raft.server.log.appender.buffer.byte-limit = 33554432 (custom)
2019-09-26 10:42:30,080 [pool-27-thread-1] INFO  server.RaftServerConfigKeys (ConfUtils.java:logGet(43)) - raft.server.log.segment.size.max = 1048576 (custom)
2019-09-26 10:42:30,080 [pool-27-thread-1] INFO  server.RaftServerConfigKeys (ConfUtils.java:logGet(43)) - raft.server.log.segment.cache.num.max = 2 (custom)
2019-09-26 10:42:30,080 [pool-27-thread-1] INFO  segmented.SegmentedRaftLogWorker (SegmentedRaftLogWorker.java:<init>(172)) - new 28e56f19-9e9b-470a-a4d9-0b249a16b927@group-16F39AE9BEF5-SegmentedRaftLogWorker for RaftStorage:Storage Directory /workdir/hadoop-ozone/integration-test/target/test-dir/MiniOzoneClusterImpl-ba83c363-2963-4965-b6c8-e0e7e6227b06/datanode-0/data/ratis/71a0a5d4-d039-484f-8dd5-16f39ae9bef5
2019-09-26 10:42:30,080 [pool-27-thread-1] INFO  server.RaftServerConfigKeys (ConfUtils.java:logGet(43)) - raft.server.log.queue.byte-limit = 2147483647 (custom)
2019-09-26 10:42:30,081 [pool-27-thread-1] INFO  server.RaftServerConfigKeys (ConfUtils.java:logGet(43)) - raft.server.log.queue.element-limit = 1024 (custom)
2019-09-26 10:42:30,081 [pool-27-thread-1] INFO  server.RaftServerConfigKeys (ConfUtils.java:logGet(43)) - raft.server.log.segment.size.max = 1048576 (custom)
2019-09-26 10:42:30,081 [pool-27-thread-1] INFO  server.RaftServerConfigKeys (ConfUtils.java:logGet(43)) - raft.server.log.preallocated.size = 16384 (custom)
2019-09-26 10:42:30,081 [pool-27-thread-1] INFO  server.RaftServerConfigKeys (ConfUtils.java:logGet(43)) - raft.server.log.write.buffer.size = 33554432 (custom)
2019-09-26 10:42:30,081 [pool-27-thread-1] INFO  server.RaftServerConfigKeys (ConfUtils.java:logGet(43)) - raft.server.log.force.sync.num = 128 (default)
2019-09-26 10:42:30,082 [pool-27-thread-1] INFO  server.RaftServerConfigKeys (ConfUtils.java:logGet(43)) - raft.server.log.statemachine.data.sync = true (default)
2019-09-26 10:42:30,082 [pool-27-thread-1] INFO  server.RaftServerConfigKeys (ConfUtils.java:logGet(43)) - raft.server.log.statemachine.data.sync.timeout = 10s (default)
2019-09-26 10:42:30,082 [pool-27-thread-1] INFO  server.RaftServerConfigKeys (ConfUtils.java:logGet(43)) - raft.server.log.statemachine.data.sync.timeout.retry = -1 (default)
2019-09-26 10:42:30,082 [pool-27-thread-1] INFO  server.RaftServerConfigKeys (ConfUtils.java:logGet(43)) - raft.server.log.statemachine.data.caching.enabled = true (custom)
2019-09-26 10:42:30,083 [pool-27-thread-1] INFO  segmented.SegmentedRaftLogWorker (SegmentedRaftLogWorker.java:lambda$new$0(132)) - 28e56f19-9e9b-470a-a4d9-0b249a16b927@group-16F39AE9BEF5-SegmentedRaftLogWorker: flushIndex: setUnconditionally 0 -> -1
2019-09-26 10:42:30,083 [pool-27-thread-1] INFO  server.RaftServerConfigKeys (ConfUtils.java:logGet(43)) - raft.server.snapshot.auto.trigger.enabled = true (custom)
2019-09-26 10:42:30,083 [pool-27-thread-1] INFO  server.RaftServerConfigKeys (ConfUtils.java:logGet(43)) - raft.server.snapshot.auto.trigger.threshold = 10000 (custom)
2019-09-26 10:42:30,083 [pool-27-thread-1] INFO  server.RaftServerConfigKeys (ConfUtils.java:logGet(43)) - raft.server.snapshot.retention.num.files = 5 (custom)
2019-09-26 10:42:30,084 [pool-27-thread-1] INFO  server.RaftServerConfigKeys (ConfUtils.java:logGet(43)) - raft.server.retrycache.expirytime = 600000ms (custom)
2019-09-26 10:42:30,087 [pool-27-thread-1] INFO  impl.RaftServerImpl (RaftServerImpl.java:start(185)) - 28e56f19-9e9b-470a-a4d9-0b249a16b927@group-16F39AE9BEF5: start as a follower, conf=-1: [28e56f19-9e9b-470a-a4d9-0b249a16b927:192.168.30.13:44834], old=null
2019-09-26 10:42:30,087 [pool-27-thread-1] INFO  impl.RaftServerImpl (RaftServerImpl.java:setRole(174)) - 28e56f19-9e9b-470a-a4d9-0b249a16b927@group-16F39AE9BEF5: changes role from      null to FOLLOWER at term 0 for startAsFollower
2019-09-26 10:42:30,087 [pool-27-thread-1] INFO  impl.RoleInfo (RoleInfo.java:updateAndGet(143)) - 28e56f19-9e9b-470a-a4d9-0b249a16b927: start FollowerState
2019-09-26 10:42:30,088 [pool-27-thread-1] INFO  util.JmxRegister (JmxRegister.java:tryRegister(44)) - Successfully registered JMX Bean with object name Ratis:service=RaftServer,group=group-16F39AE9BEF5,id=28e56f19-9e9b-470a-a4d9-0b249a16b927
2019-09-26 10:42:30,093 [RatisPipelineUtilsThread] INFO  pipeline.PipelineStateManager (PipelineStateManager.java:addPipeline(56)) - Created pipeline Pipeline[ Id: 71a0a5d4-d039-484f-8dd5-16f39ae9bef5, Nodes: 28e56f19-9e9b-470a-a4d9-0b249a16b927{ip: 192.168.30.13, host: pr-hdds-1569-wvzgm-824869521, networkLocation: /default-rack, certSerialId: null}, Type:RATIS, Factor:ONE, State:OPEN]
2019-09-26 10:42:30,094 [RatisPipelineUtilsThread] INFO  pipeline.PipelinePlacementPolicy (PipelinePlacementPolicy.java:meetCriteria(91)) - Pipeline Placement: can't place more pipeline on heavy datanode： 0d880a52-66cc-417f-8cd7-70609a5fbfa8 Heaviness: 6 limit: 5
2019-09-26 10:42:30,104 [grpc-default-executor-0] INFO  impl.RaftServerProxy (RaftServerProxy.java:addNew(89)) - c2a6c9af-68b9-412f-956f-becf7b86d0d9: addNew group-F6084E1495CE:[c2a6c9af-68b9-412f-956f-becf7b86d0d9:192.168.30.13:40379] returns group-F6084E1495CE:java.util.concurrent.CompletableFuture@631d485a[Not completed]
2019-09-26 10:42:30,107 [pool-77-thread-1] INFO  impl.RaftServerImpl (RaftServerImpl.java:<init>(95)) - c2a6c9af-68b9-412f-956f-becf7b86d0d9: new RaftServerImpl for group-F6084E1495CE:[c2a6c9af-68b9-412f-956f-becf7b86d0d9:192.168.30.13:40379] with ContainerStateMachine:uninitialized
2019-09-26 10:42:30,107 [pool-77-thread-1] INFO  server.RaftServerConfigKeys (ConfUtils.java:logGet(43)) - raft.server.rpc.timeout.min = 5s (custom)
2019-09-26 10:42:30,108 [pool-77-thread-1] INFO  server.RaftServerConfigKeys (ConfUtils.java:logGet(43)) - raft.server.rpc.timeout.max = 5200ms (custom)
2019-09-26 10:42:30,108 [pool-77-thread-1] INFO  server.RaftServerConfigKeys (ConfUtils.java:logGet(43)) - raft.server.rpcslowness.timeout = 10s (custom)
2019-09-26 10:42:30,108 [pool-77-thread-1] INFO  server.RaftServerConfigKeys (ConfUtils.java:logGet(43)) - raft.server.sleep.deviation.threshold = 300 (default)
2019-09-26 10:42:30,108 [pool-77-thread-1] INFO  server.RaftServerConfigKeys (ConfUtils.java:logGet(43)) - raft.server.log.appender.install.snapshot.enabled = false (custom)
2019-09-26 10:42:30,108 [pool-77-thread-1] INFO  impl.RaftServerImpl (ServerState.java:<init>(103)) - c2a6c9af-68b9-412f-956f-becf7b86d0d9@group-F6084E1495CE: ConfigurationManager, init=-1: [c2a6c9af-68b9-412f-956f-becf7b86d0d9:192.168.30.13:40379], old=null, confs=<EMPTY_MAP>
2019-09-26 10:42:30,109 [pool-77-thread-1] INFO  server.RaftServerConfigKeys (ConfUtils.java:logGet(43)) - raft.server.storage.dir = [/workdir/hadoop-ozone/integration-test/target/test-dir/MiniOzoneClusterImpl-ba83c363-2963-4965-b6c8-e0e7e6227b06/datanode-5/data/ratis] (custom)
2019-09-26 10:42:30,109 [pool-77-thread-1] INFO  storage.RaftStorageDirectory (RaftStorageDirectory.java:analyzeStorage(246)) - The storage directory /workdir/hadoop-ozone/integration-test/target/test-dir/MiniOzoneClusterImpl-ba83c363-2963-4965-b6c8-e0e7e6227b06/datanode-5/data/ratis/5d268f2d-d69c-42ea-b8da-f6084e1495ce does not exist. Creating ...
2019-09-26 10:42:30,123 [pool-77-thread-1] INFO  storage.RaftStorageDirectory (RaftStorageDirectory.java:tryLock(328)) - Lock on /workdir/hadoop-ozone/integration-test/target/test-dir/MiniOzoneClusterImpl-ba83c363-2963-4965-b6c8-e0e7e6227b06/datanode-5/data/ratis/5d268f2d-d69c-42ea-b8da-f6084e1495ce/in_use.lock acquired by nodename 12934@pr-hdds-1569-wvzgm-824869521
2019-09-26 10:42:30,144 [pool-77-thread-1] INFO  storage.RaftStorage (RaftStorage.java:format(72)) - Storage directory /workdir/hadoop-ozone/integration-test/target/test-dir/MiniOzoneClusterImpl-ba83c363-2963-4965-b6c8-e0e7e6227b06/datanode-5/data/ratis/5d268f2d-d69c-42ea-b8da-f6084e1495ce has been successfully formatted.
2019-09-26 10:42:30,144 [pool-77-thread-1] INFO  ratis.ContainerStateMachine (ContainerStateMachine.java:loadSnapshot(230)) - group-F6084E1495CE: The snapshot info is null. Setting the last applied indexto:(t:0, i:~)
2019-09-26 10:42:30,145 [pool-77-thread-1] INFO  server.RaftServerConfigKeys (ConfUtils.java:logGet(43)) - raft.server.notification.no-leader.timeout = 10s (custom)
2019-09-26 10:42:30,145 [pool-77-thread-1] INFO  server.RaftServerConfigKeys (ConfUtils.java:logGet(43)) - raft.server.log.use.memory = false (default)
2019-09-26 10:42:30,145 [pool-77-thread-1] INFO  server.RaftServerConfigKeys (ConfUtils.java:logGet(43)) - raft.server.log.purge.gap = 1000000 (custom)
2019-09-26 10:42:30,145 [pool-77-thread-1] INFO  server.RaftServerConfigKeys (ConfUtils.java:logGet(43)) - raft.server.log.appender.buffer.byte-limit = 33554432 (custom)
2019-09-26 10:42:30,145 [pool-77-thread-1] INFO  server.RaftServerConfigKeys (ConfUtils.java:logGet(43)) - raft.server.log.segment.size.max = 1048576 (custom)
2019-09-26 10:42:30,145 [pool-77-thread-1] INFO  server.RaftServerConfigKeys (ConfUtils.java:logGet(43)) - raft.server.log.segment.cache.num.max = 2 (custom)
2019-09-26 10:42:30,146 [pool-77-thread-1] INFO  segmented.SegmentedRaftLogWorker (SegmentedRaftLogWorker.java:<init>(172)) - new c2a6c9af-68b9-412f-956f-becf7b86d0d9@group-F6084E1495CE-SegmentedRaftLogWorker for RaftStorage:Storage Directory /workdir/hadoop-ozone/integration-test/target/test-dir/MiniOzoneClusterImpl-ba83c363-2963-4965-b6c8-e0e7e6227b06/datanode-5/data/ratis/5d268f2d-d69c-42ea-b8da-f6084e1495ce
2019-09-26 10:42:30,146 [pool-77-thread-1] INFO  server.RaftServerConfigKeys (ConfUtils.java:logGet(43)) - raft.server.log.queue.byte-limit = 2147483647 (custom)
2019-09-26 10:42:30,146 [pool-77-thread-1] INFO  server.RaftServerConfigKeys (ConfUtils.java:logGet(43)) - raft.server.log.queue.element-limit = 1024 (custom)
2019-09-26 10:42:30,146 [pool-77-thread-1] INFO  server.RaftServerConfigKeys (ConfUtils.java:logGet(43)) - raft.server.log.segment.size.max = 1048576 (custom)
2019-09-26 10:42:30,146 [pool-77-thread-1] INFO  server.RaftServerConfigKeys (ConfUtils.java:logGet(43)) - raft.server.log.preallocated.size = 16384 (custom)
2019-09-26 10:42:30,147 [pool-77-thread-1] INFO  server.RaftServerConfigKeys (ConfUtils.java:logGet(43)) - raft.server.log.write.buffer.size = 33554432 (custom)
2019-09-26 10:42:30,147 [pool-77-thread-1] INFO  server.RaftServerConfigKeys (ConfUtils.java:logGet(43)) - raft.server.log.force.sync.num = 128 (default)
2019-09-26 10:42:30,147 [pool-77-thread-1] INFO  server.RaftServerConfigKeys (ConfUtils.java:logGet(43)) - raft.server.log.statemachine.data.sync = true (default)
2019-09-26 10:42:30,147 [pool-77-thread-1] INFO  server.RaftServerConfigKeys (ConfUtils.java:logGet(43)) - raft.server.log.statemachine.data.sync.timeout = 10s (default)
2019-09-26 10:42:30,147 [pool-77-thread-1] INFO  server.RaftServerConfigKeys (ConfUtils.java:logGet(43)) - raft.server.log.statemachine.data.sync.timeout.retry = -1 (default)
2019-09-26 10:42:30,147 [pool-77-thread-1] INFO  server.RaftServerConfigKeys (ConfUtils.java:logGet(43)) - raft.server.log.statemachine.data.caching.enabled = true (custom)
2019-09-26 10:42:30,148 [pool-77-thread-1] INFO  segmented.SegmentedRaftLogWorker (SegmentedRaftLogWorker.java:lambda$new$0(132)) - c2a6c9af-68b9-412f-956f-becf7b86d0d9@group-F6084E1495CE-SegmentedRaftLogWorker: flushIndex: setUnconditionally 0 -> -1
2019-09-26 10:42:30,148 [pool-77-thread-1] INFO  server.RaftServerConfigKeys (ConfUtils.java:logGet(43)) - raft.server.snapshot.auto.trigger.enabled = true (custom)
2019-09-26 10:42:30,148 [pool-77-thread-1] INFO  server.RaftServerConfigKeys (ConfUtils.java:logGet(43)) - raft.server.snapshot.auto.trigger.threshold = 10000 (custom)
2019-09-26 10:42:30,149 [pool-77-thread-1] INFO  server.RaftServerConfigKeys (ConfUtils.java:logGet(43)) - raft.server.snapshot.retention.num.files = 5 (custom)
2019-09-26 10:42:30,149 [pool-77-thread-1] INFO  server.RaftServerConfigKeys (ConfUtils.java:logGet(43)) - raft.server.retrycache.expirytime = 600000ms (custom)
2019-09-26 10:42:30,152 [pool-77-thread-1] INFO  impl.RaftServerImpl (RaftServerImpl.java:start(185)) - c2a6c9af-68b9-412f-956f-becf7b86d0d9@group-F6084E1495CE: start as a follower, conf=-1: [c2a6c9af-68b9-412f-956f-becf7b86d0d9:192.168.30.13:40379], old=null
2019-09-26 10:42:30,152 [pool-77-thread-1] INFO  impl.RaftServerImpl (RaftServerImpl.java:setRole(174)) - c2a6c9af-68b9-412f-956f-becf7b86d0d9@group-F6084E1495CE: changes role from      null to FOLLOWER at term 0 for startAsFollower
2019-09-26 10:42:30,152 [pool-77-thread-1] INFO  impl.RoleInfo (RoleInfo.java:updateAndGet(143)) - c2a6c9af-68b9-412f-956f-becf7b86d0d9: start FollowerState
2019-09-26 10:42:30,153 [pool-77-thread-1] INFO  util.JmxRegister (JmxRegister.java:tryRegister(44)) - Successfully registered JMX Bean with object name Ratis:service=RaftServer,group=group-F6084E1495CE,id=c2a6c9af-68b9-412f-956f-becf7b86d0d9
2019-09-26 10:42:30,159 [RatisPipelineUtilsThread] INFO  pipeline.PipelineStateManager (PipelineStateManager.java:addPipeline(56)) - Created pipeline Pipeline[ Id: 5d268f2d-d69c-42ea-b8da-f6084e1495ce, Nodes: c2a6c9af-68b9-412f-956f-becf7b86d0d9{ip: 192.168.30.13, host: pr-hdds-1569-wvzgm-824869521, networkLocation: /default-rack, certSerialId: null}, Type:RATIS, Factor:ONE, State:OPEN]
2019-09-26 10:42:30,159 [RatisPipelineUtilsThread] INFO  pipeline.PipelinePlacementPolicy (PipelinePlacementPolicy.java:meetCriteria(91)) - Pipeline Placement: can't place more pipeline on heavy datanode： 0d880a52-66cc-417f-8cd7-70609a5fbfa8 Heaviness: 6 limit: 5
2019-09-26 10:42:30,170 [grpc-default-executor-0] INFO  impl.RaftServerProxy (RaftServerProxy.java:addNew(89)) - c2a6c9af-68b9-412f-956f-becf7b86d0d9: addNew group-C2E29B127CD4:[c2a6c9af-68b9-412f-956f-becf7b86d0d9:192.168.30.13:40379] returns group-C2E29B127CD4:java.util.concurrent.CompletableFuture@609c7ca6[Not completed]
2019-09-26 10:42:30,172 [pool-77-thread-1] INFO  impl.RaftServerImpl (RaftServerImpl.java:<init>(95)) - c2a6c9af-68b9-412f-956f-becf7b86d0d9: new RaftServerImpl for group-C2E29B127CD4:[c2a6c9af-68b9-412f-956f-becf7b86d0d9:192.168.30.13:40379] with ContainerStateMachine:uninitialized
2019-09-26 10:42:30,172 [pool-77-thread-1] INFO  server.RaftServerConfigKeys (ConfUtils.java:logGet(43)) - raft.server.rpc.timeout.min = 5s (custom)
2019-09-26 10:42:30,172 [pool-77-thread-1] INFO  server.RaftServerConfigKeys (ConfUtils.java:logGet(43)) - raft.server.rpc.timeout.max = 5200ms (custom)
2019-09-26 10:42:30,172 [pool-77-thread-1] INFO  server.RaftServerConfigKeys (ConfUtils.java:logGet(43)) - raft.server.rpcslowness.timeout = 10s (custom)
2019-09-26 10:42:30,172 [pool-77-thread-1] INFO  server.RaftServerConfigKeys (ConfUtils.java:logGet(43)) - raft.server.sleep.deviation.threshold = 300 (default)
2019-09-26 10:42:30,172 [pool-77-thread-1] INFO  server.RaftServerConfigKeys (ConfUtils.java:logGet(43)) - raft.server.log.appender.install.snapshot.enabled = false (custom)
2019-09-26 10:42:30,173 [pool-77-thread-1] INFO  impl.RaftServerImpl (ServerState.java:<init>(103)) - c2a6c9af-68b9-412f-956f-becf7b86d0d9@group-C2E29B127CD4: ConfigurationManager, init=-1: [c2a6c9af-68b9-412f-956f-becf7b86d0d9:192.168.30.13:40379], old=null, confs=<EMPTY_MAP>
2019-09-26 10:42:30,173 [pool-77-thread-1] INFO  server.RaftServerConfigKeys (ConfUtils.java:logGet(43)) - raft.server.storage.dir = [/workdir/hadoop-ozone/integration-test/target/test-dir/MiniOzoneClusterImpl-ba83c363-2963-4965-b6c8-e0e7e6227b06/datanode-5/data/ratis] (custom)
2019-09-26 10:42:30,173 [pool-77-thread-1] INFO  storage.RaftStorageDirectory (RaftStorageDirectory.java:analyzeStorage(246)) - The storage directory /workdir/hadoop-ozone/integration-test/target/test-dir/MiniOzoneClusterImpl-ba83c363-2963-4965-b6c8-e0e7e6227b06/datanode-5/data/ratis/474e08f1-9a08-4968-9ff3-c2e29b127cd4 does not exist. Creating ...
2019-09-26 10:42:30,185 [pool-77-thread-1] INFO  storage.RaftStorageDirectory (RaftStorageDirectory.java:tryLock(328)) - Lock on /workdir/hadoop-ozone/integration-test/target/test-dir/MiniOzoneClusterImpl-ba83c363-2963-4965-b6c8-e0e7e6227b06/datanode-5/data/ratis/474e08f1-9a08-4968-9ff3-c2e29b127cd4/in_use.lock acquired by nodename 12934@pr-hdds-1569-wvzgm-824869521
2019-09-26 10:42:30,198 [pool-77-thread-1] INFO  storage.RaftStorage (RaftStorage.java:format(72)) - Storage directory /workdir/hadoop-ozone/integration-test/target/test-dir/MiniOzoneClusterImpl-ba83c363-2963-4965-b6c8-e0e7e6227b06/datanode-5/data/ratis/474e08f1-9a08-4968-9ff3-c2e29b127cd4 has been successfully formatted.
2019-09-26 10:42:30,199 [pool-77-thread-1] INFO  ratis.ContainerStateMachine (ContainerStateMachine.java:loadSnapshot(230)) - group-C2E29B127CD4: The snapshot info is null. Setting the last applied indexto:(t:0, i:~)
2019-09-26 10:42:30,199 [pool-77-thread-1] INFO  server.RaftServerConfigKeys (ConfUtils.java:logGet(43)) - raft.server.notification.no-leader.timeout = 10s (custom)
2019-09-26 10:42:30,199 [pool-77-thread-1] INFO  server.RaftServerConfigKeys (ConfUtils.java:logGet(43)) - raft.server.log.use.memory = false (default)
2019-09-26 10:42:30,199 [pool-77-thread-1] INFO  server.RaftServerConfigKeys (ConfUtils.java:logGet(43)) - raft.server.log.purge.gap = 1000000 (custom)
2019-09-26 10:42:30,199 [pool-77-thread-1] INFO  server.RaftServerConfigKeys (ConfUtils.java:logGet(43)) - raft.server.log.appender.buffer.byte-limit = 33554432 (custom)
2019-09-26 10:42:30,199 [pool-77-thread-1] INFO  server.RaftServerConfigKeys (ConfUtils.java:logGet(43)) - raft.server.log.segment.size.max = 1048576 (custom)
2019-09-26 10:42:30,200 [pool-77-thread-1] INFO  server.RaftServerConfigKeys (ConfUtils.java:logGet(43)) - raft.server.log.segment.cache.num.max = 2 (custom)
2019-09-26 10:42:30,200 [pool-77-thread-1] INFO  segmented.SegmentedRaftLogWorker (SegmentedRaftLogWorker.java:<init>(172)) - new c2a6c9af-68b9-412f-956f-becf7b86d0d9@group-C2E29B127CD4-SegmentedRaftLogWorker for RaftStorage:Storage Directory /workdir/hadoop-ozone/integration-test/target/test-dir/MiniOzoneClusterImpl-ba83c363-2963-4965-b6c8-e0e7e6227b06/datanode-5/data/ratis/474e08f1-9a08-4968-9ff3-c2e29b127cd4
2019-09-26 10:42:30,200 [pool-77-thread-1] INFO  server.RaftServerConfigKeys (ConfUtils.java:logGet(43)) - raft.server.log.queue.byte-limit = 2147483647 (custom)
2019-09-26 10:42:30,200 [pool-77-thread-1] INFO  server.RaftServerConfigKeys (ConfUtils.java:logGet(43)) - raft.server.log.queue.element-limit = 1024 (custom)
2019-09-26 10:42:30,200 [pool-77-thread-1] INFO  server.RaftServerConfigKeys (ConfUtils.java:logGet(43)) - raft.server.log.segment.size.max = 1048576 (custom)
2019-09-26 10:42:30,200 [pool-77-thread-1] INFO  server.RaftServerConfigKeys (ConfUtils.java:logGet(43)) - raft.server.log.preallocated.size = 16384 (custom)
2019-09-26 10:42:30,200 [pool-77-thread-1] INFO  server.RaftServerConfigKeys (ConfUtils.java:logGet(43)) - raft.server.log.write.buffer.size = 33554432 (custom)
2019-09-26 10:42:30,201 [pool-77-thread-1] INFO  server.RaftServerConfigKeys (ConfUtils.java:logGet(43)) - raft.server.log.force.sync.num = 128 (default)
2019-09-26 10:42:30,201 [pool-77-thread-1] INFO  server.RaftServerConfigKeys (ConfUtils.java:logGet(43)) - raft.server.log.statemachine.data.sync = true (default)
2019-09-26 10:42:30,201 [pool-77-thread-1] INFO  server.RaftServerConfigKeys (ConfUtils.java:logGet(43)) - raft.server.log.statemachine.data.sync.timeout = 10s (default)
2019-09-26 10:42:30,201 [pool-77-thread-1] INFO  server.RaftServerConfigKeys (ConfUtils.java:logGet(43)) - raft.server.log.statemachine.data.sync.timeout.retry = -1 (default)
2019-09-26 10:42:30,201 [pool-77-thread-1] INFO  server.RaftServerConfigKeys (ConfUtils.java:logGet(43)) - raft.server.log.statemachine.data.caching.enabled = true (custom)
2019-09-26 10:42:30,202 [pool-77-thread-1] INFO  segmented.SegmentedRaftLogWorker (SegmentedRaftLogWorker.java:lambda$new$0(132)) - c2a6c9af-68b9-412f-956f-becf7b86d0d9@group-C2E29B127CD4-SegmentedRaftLogWorker: flushIndex: setUnconditionally 0 -> -1
2019-09-26 10:42:30,202 [pool-77-thread-1] INFO  server.RaftServerConfigKeys (ConfUtils.java:logGet(43)) - raft.server.snapshot.auto.trigger.enabled = true (custom)
2019-09-26 10:42:30,202 [pool-77-thread-1] INFO  server.RaftServerConfigKeys (ConfUtils.java:logGet(43)) - raft.server.snapshot.auto.trigger.threshold = 10000 (custom)
2019-09-26 10:42:30,202 [pool-77-thread-1] INFO  server.RaftServerConfigKeys (ConfUtils.java:logGet(43)) - raft.server.snapshot.retention.num.files = 5 (custom)
2019-09-26 10:42:30,202 [pool-77-thread-1] INFO  server.RaftServerConfigKeys (ConfUtils.java:logGet(43)) - raft.server.retrycache.expirytime = 600000ms (custom)
2019-09-26 10:42:30,205 [pool-77-thread-1] INFO  impl.RaftServerImpl (RaftServerImpl.java:start(185)) - c2a6c9af-68b9-412f-956f-becf7b86d0d9@group-C2E29B127CD4: start as a follower, conf=-1: [c2a6c9af-68b9-412f-956f-becf7b86d0d9:192.168.30.13:40379], old=null
2019-09-26 10:42:30,205 [pool-77-thread-1] INFO  impl.RaftServerImpl (RaftServerImpl.java:setRole(174)) - c2a6c9af-68b9-412f-956f-becf7b86d0d9@group-C2E29B127CD4: changes role from      null to FOLLOWER at term 0 for startAsFollower
2019-09-26 10:42:30,205 [pool-77-thread-1] INFO  impl.RoleInfo (RoleInfo.java:updateAndGet(143)) - c2a6c9af-68b9-412f-956f-becf7b86d0d9: start FollowerState
2019-09-26 10:42:30,206 [pool-77-thread-1] INFO  util.JmxRegister (JmxRegister.java:tryRegister(44)) - Successfully registered JMX Bean with object name Ratis:service=RaftServer,group=group-C2E29B127CD4,id=c2a6c9af-68b9-412f-956f-becf7b86d0d9
2019-09-26 10:42:30,211 [RatisPipelineUtilsThread] INFO  pipeline.PipelineStateManager (PipelineStateManager.java:addPipeline(56)) - Created pipeline Pipeline[ Id: 474e08f1-9a08-4968-9ff3-c2e29b127cd4, Nodes: c2a6c9af-68b9-412f-956f-becf7b86d0d9{ip: 192.168.30.13, host: pr-hdds-1569-wvzgm-824869521, networkLocation: /default-rack, certSerialId: null}, Type:RATIS, Factor:ONE, State:OPEN]
2019-09-26 10:42:30,212 [RatisPipelineUtilsThread] INFO  pipeline.PipelinePlacementPolicy (PipelinePlacementPolicy.java:meetCriteria(91)) - Pipeline Placement: can't place more pipeline on heavy datanode： 0d880a52-66cc-417f-8cd7-70609a5fbfa8 Heaviness: 6 limit: 5
2019-09-26 10:42:30,222 [grpc-default-executor-0] INFO  impl.RaftServerProxy (RaftServerProxy.java:addNew(89)) - c2a6c9af-68b9-412f-956f-becf7b86d0d9: addNew group-D3EF103C5854:[c2a6c9af-68b9-412f-956f-becf7b86d0d9:192.168.30.13:40379] returns group-D3EF103C5854:java.util.concurrent.CompletableFuture@698d2ba5[Not completed]
2019-09-26 10:42:30,224 [pool-77-thread-1] INFO  impl.RaftServerImpl (RaftServerImpl.java:<init>(95)) - c2a6c9af-68b9-412f-956f-becf7b86d0d9: new RaftServerImpl for group-D3EF103C5854:[c2a6c9af-68b9-412f-956f-becf7b86d0d9:192.168.30.13:40379] with ContainerStateMachine:uninitialized
2019-09-26 10:42:30,224 [pool-77-thread-1] INFO  server.RaftServerConfigKeys (ConfUtils.java:logGet(43)) - raft.server.rpc.timeout.min = 5s (custom)
2019-09-26 10:42:30,224 [pool-77-thread-1] INFO  server.RaftServerConfigKeys (ConfUtils.java:logGet(43)) - raft.server.rpc.timeout.max = 5200ms (custom)
2019-09-26 10:42:30,224 [pool-77-thread-1] INFO  server.RaftServerConfigKeys (ConfUtils.java:logGet(43)) - raft.server.rpcslowness.timeout = 10s (custom)
2019-09-26 10:42:30,224 [pool-77-thread-1] INFO  server.RaftServerConfigKeys (ConfUtils.java:logGet(43)) - raft.server.sleep.deviation.threshold = 300 (default)
2019-09-26 10:42:30,224 [pool-77-thread-1] INFO  server.RaftServerConfigKeys (ConfUtils.java:logGet(43)) - raft.server.log.appender.install.snapshot.enabled = false (custom)
2019-09-26 10:42:30,224 [pool-77-thread-1] INFO  impl.RaftServerImpl (ServerState.java:<init>(103)) - c2a6c9af-68b9-412f-956f-becf7b86d0d9@group-D3EF103C5854: ConfigurationManager, init=-1: [c2a6c9af-68b9-412f-956f-becf7b86d0d9:192.168.30.13:40379], old=null, confs=<EMPTY_MAP>
2019-09-26 10:42:30,225 [pool-77-thread-1] INFO  server.RaftServerConfigKeys (ConfUtils.java:logGet(43)) - raft.server.storage.dir = [/workdir/hadoop-ozone/integration-test/target/test-dir/MiniOzoneClusterImpl-ba83c363-2963-4965-b6c8-e0e7e6227b06/datanode-5/data/ratis] (custom)
2019-09-26 10:42:30,225 [pool-77-thread-1] INFO  storage.RaftStorageDirectory (RaftStorageDirectory.java:analyzeStorage(246)) - The storage directory /workdir/hadoop-ozone/integration-test/target/test-dir/MiniOzoneClusterImpl-ba83c363-2963-4965-b6c8-e0e7e6227b06/datanode-5/data/ratis/04c50e88-17fb-477a-81a8-d3ef103c5854 does not exist. Creating ...
2019-09-26 10:42:30,238 [pool-77-thread-1] INFO  storage.RaftStorageDirectory (RaftStorageDirectory.java:tryLock(328)) - Lock on /workdir/hadoop-ozone/integration-test/target/test-dir/MiniOzoneClusterImpl-ba83c363-2963-4965-b6c8-e0e7e6227b06/datanode-5/data/ratis/04c50e88-17fb-477a-81a8-d3ef103c5854/in_use.lock acquired by nodename 12934@pr-hdds-1569-wvzgm-824869521
2019-09-26 10:42:30,250 [pool-77-thread-1] INFO  storage.RaftStorage (RaftStorage.java:format(72)) - Storage directory /workdir/hadoop-ozone/integration-test/target/test-dir/MiniOzoneClusterImpl-ba83c363-2963-4965-b6c8-e0e7e6227b06/datanode-5/data/ratis/04c50e88-17fb-477a-81a8-d3ef103c5854 has been successfully formatted.
2019-09-26 10:42:30,250 [pool-77-thread-1] INFO  ratis.ContainerStateMachine (ContainerStateMachine.java:loadSnapshot(230)) - group-D3EF103C5854: The snapshot info is null. Setting the last applied indexto:(t:0, i:~)
2019-09-26 10:42:30,251 [pool-77-thread-1] INFO  server.RaftServerConfigKeys (ConfUtils.java:logGet(43)) - raft.server.notification.no-leader.timeout = 10s (custom)
2019-09-26 10:42:30,251 [pool-77-thread-1] INFO  server.RaftServerConfigKeys (ConfUtils.java:logGet(43)) - raft.server.log.use.memory = false (default)
2019-09-26 10:42:30,251 [pool-77-thread-1] INFO  server.RaftServerConfigKeys (ConfUtils.java:logGet(43)) - raft.server.log.purge.gap = 1000000 (custom)
2019-09-26 10:42:30,251 [pool-77-thread-1] INFO  server.RaftServerConfigKeys (ConfUtils.java:logGet(43)) - raft.server.log.appender.buffer.byte-limit = 33554432 (custom)
2019-09-26 10:42:30,251 [pool-77-thread-1] INFO  server.RaftServerConfigKeys (ConfUtils.java:logGet(43)) - raft.server.log.segment.size.max = 1048576 (custom)
2019-09-26 10:42:30,251 [pool-77-thread-1] INFO  server.RaftServerConfigKeys (ConfUtils.java:logGet(43)) - raft.server.log.segment.cache.num.max = 2 (custom)
2019-09-26 10:42:30,252 [pool-77-thread-1] INFO  segmented.SegmentedRaftLogWorker (SegmentedRaftLogWorker.java:<init>(172)) - new c2a6c9af-68b9-412f-956f-becf7b86d0d9@group-D3EF103C5854-SegmentedRaftLogWorker for RaftStorage:Storage Directory /workdir/hadoop-ozone/integration-test/target/test-dir/MiniOzoneClusterImpl-ba83c363-2963-4965-b6c8-e0e7e6227b06/datanode-5/data/ratis/04c50e88-17fb-477a-81a8-d3ef103c5854
2019-09-26 10:42:30,252 [pool-77-thread-1] INFO  server.RaftServerConfigKeys (ConfUtils.java:logGet(43)) - raft.server.log.queue.byte-limit = 2147483647 (custom)
2019-09-26 10:42:30,252 [pool-77-thread-1] INFO  server.RaftServerConfigKeys (ConfUtils.java:logGet(43)) - raft.server.log.queue.element-limit = 1024 (custom)
2019-09-26 10:42:30,252 [pool-77-thread-1] INFO  server.RaftServerConfigKeys (ConfUtils.java:logGet(43)) - raft.server.log.segment.size.max = 1048576 (custom)
2019-09-26 10:42:30,252 [pool-77-thread-1] INFO  server.RaftServerConfigKeys (ConfUtils.java:logGet(43)) - raft.server.log.preallocated.size = 16384 (custom)
2019-09-26 10:42:30,252 [pool-77-thread-1] INFO  server.RaftServerConfigKeys (ConfUtils.java:logGet(43)) - raft.server.log.write.buffer.size = 33554432 (custom)
2019-09-26 10:42:30,252 [pool-77-thread-1] INFO  server.RaftServerConfigKeys (ConfUtils.java:logGet(43)) - raft.server.log.force.sync.num = 128 (default)
2019-09-26 10:42:30,253 [pool-77-thread-1] INFO  server.RaftServerConfigKeys (ConfUtils.java:logGet(43)) - raft.server.log.statemachine.data.sync = true (default)
2019-09-26 10:42:30,253 [pool-77-thread-1] INFO  server.RaftServerConfigKeys (ConfUtils.java:logGet(43)) - raft.server.log.statemachine.data.sync.timeout = 10s (default)
2019-09-26 10:42:30,253 [pool-77-thread-1] INFO  server.RaftServerConfigKeys (ConfUtils.java:logGet(43)) - raft.server.log.statemachine.data.sync.timeout.retry = -1 (default)
2019-09-26 10:42:30,253 [pool-77-thread-1] INFO  server.RaftServerConfigKeys (ConfUtils.java:logGet(43)) - raft.server.log.statemachine.data.caching.enabled = true (custom)
2019-09-26 10:42:30,253 [pool-77-thread-1] INFO  segmented.SegmentedRaftLogWorker (SegmentedRaftLogWorker.java:lambda$new$0(132)) - c2a6c9af-68b9-412f-956f-becf7b86d0d9@group-D3EF103C5854-SegmentedRaftLogWorker: flushIndex: setUnconditionally 0 -> -1
2019-09-26 10:42:30,254 [pool-77-thread-1] INFO  server.RaftServerConfigKeys (ConfUtils.java:logGet(43)) - raft.server.snapshot.auto.trigger.enabled = true (custom)
2019-09-26 10:42:30,254 [pool-77-thread-1] INFO  server.RaftServerConfigKeys (ConfUtils.java:logGet(43)) - raft.server.snapshot.auto.trigger.threshold = 10000 (custom)
2019-09-26 10:42:30,254 [pool-77-thread-1] INFO  server.RaftServerConfigKeys (ConfUtils.java:logGet(43)) - raft.server.snapshot.retention.num.files = 5 (custom)
2019-09-26 10:42:30,254 [pool-77-thread-1] INFO  server.RaftServerConfigKeys (ConfUtils.java:logGet(43)) - raft.server.retrycache.expirytime = 600000ms (custom)
2019-09-26 10:42:30,257 [pool-77-thread-1] INFO  impl.RaftServerImpl (RaftServerImpl.java:start(185)) - c2a6c9af-68b9-412f-956f-becf7b86d0d9@group-D3EF103C5854: start as a follower, conf=-1: [c2a6c9af-68b9-412f-956f-becf7b86d0d9:192.168.30.13:40379], old=null
2019-09-26 10:42:30,257 [pool-77-thread-1] INFO  impl.RaftServerImpl (RaftServerImpl.java:setRole(174)) - c2a6c9af-68b9-412f-956f-becf7b86d0d9@group-D3EF103C5854: changes role from      null to FOLLOWER at term 0 for startAsFollower
2019-09-26 10:42:30,257 [pool-77-thread-1] INFO  impl.RoleInfo (RoleInfo.java:updateAndGet(143)) - c2a6c9af-68b9-412f-956f-becf7b86d0d9: start FollowerState
2019-09-26 10:42:30,258 [pool-77-thread-1] INFO  util.JmxRegister (JmxRegister.java:tryRegister(44)) - Successfully registered JMX Bean with object name Ratis:service=RaftServer,group=group-D3EF103C5854,id=c2a6c9af-68b9-412f-956f-becf7b86d0d9
2019-09-26 10:42:30,263 [RatisPipelineUtilsThread] INFO  pipeline.PipelineStateManager (PipelineStateManager.java:addPipeline(56)) - Created pipeline Pipeline[ Id: 04c50e88-17fb-477a-81a8-d3ef103c5854, Nodes: c2a6c9af-68b9-412f-956f-becf7b86d0d9{ip: 192.168.30.13, host: pr-hdds-1569-wvzgm-824869521, networkLocation: /default-rack, certSerialId: null}, Type:RATIS, Factor:ONE, State:OPEN]
2019-09-26 10:42:30,264 [RatisPipelineUtilsThread] INFO  pipeline.PipelinePlacementPolicy (PipelinePlacementPolicy.java:meetCriteria(91)) - Pipeline Placement: can't place more pipeline on heavy datanode： 0d880a52-66cc-417f-8cd7-70609a5fbfa8 Heaviness: 6 limit: 5
2019-09-26 10:42:30,275 [grpc-default-executor-0] INFO  impl.RaftServerProxy (RaftServerProxy.java:addNew(89)) - ba1aab4d-d107-47a2-be01-d124e86652a2: addNew group-F81AEFC9A1E4:[ba1aab4d-d107-47a2-be01-d124e86652a2:192.168.30.13:41615] returns group-F81AEFC9A1E4:java.util.concurrent.CompletableFuture@4099237f[Not completed]
2019-09-26 10:42:30,276 [pool-47-thread-1] INFO  impl.RaftServerImpl (RaftServerImpl.java:<init>(95)) - ba1aab4d-d107-47a2-be01-d124e86652a2: new RaftServerImpl for group-F81AEFC9A1E4:[ba1aab4d-d107-47a2-be01-d124e86652a2:192.168.30.13:41615] with ContainerStateMachine:uninitialized
2019-09-26 10:42:30,276 [pool-47-thread-1] INFO  server.RaftServerConfigKeys (ConfUtils.java:logGet(43)) - raft.server.rpc.timeout.min = 5s (custom)
2019-09-26 10:42:30,277 [pool-47-thread-1] INFO  server.RaftServerConfigKeys (ConfUtils.java:logGet(43)) - raft.server.rpc.timeout.max = 5200ms (custom)
2019-09-26 10:42:30,277 [pool-47-thread-1] INFO  server.RaftServerConfigKeys (ConfUtils.java:logGet(43)) - raft.server.rpcslowness.timeout = 10s (custom)
2019-09-26 10:42:30,277 [pool-47-thread-1] INFO  server.RaftServerConfigKeys (ConfUtils.java:logGet(43)) - raft.server.sleep.deviation.threshold = 300 (default)
2019-09-26 10:42:30,277 [pool-47-thread-1] INFO  server.RaftServerConfigKeys (ConfUtils.java:logGet(43)) - raft.server.log.appender.install.snapshot.enabled = false (custom)
2019-09-26 10:42:30,277 [pool-47-thread-1] INFO  impl.RaftServerImpl (ServerState.java:<init>(103)) - ba1aab4d-d107-47a2-be01-d124e86652a2@group-F81AEFC9A1E4: ConfigurationManager, init=-1: [ba1aab4d-d107-47a2-be01-d124e86652a2:192.168.30.13:41615], old=null, confs=<EMPTY_MAP>
2019-09-26 10:42:30,277 [pool-47-thread-1] INFO  server.RaftServerConfigKeys (ConfUtils.java:logGet(43)) - raft.server.storage.dir = [/workdir/hadoop-ozone/integration-test/target/test-dir/MiniOzoneClusterImpl-ba83c363-2963-4965-b6c8-e0e7e6227b06/datanode-2/data/ratis] (custom)
2019-09-26 10:42:30,278 [pool-47-thread-1] INFO  storage.RaftStorageDirectory (RaftStorageDirectory.java:analyzeStorage(246)) - The storage directory /workdir/hadoop-ozone/integration-test/target/test-dir/MiniOzoneClusterImpl-ba83c363-2963-4965-b6c8-e0e7e6227b06/datanode-2/data/ratis/3ef8d8f7-7244-4989-8c4a-f81aefc9a1e4 does not exist. Creating ...
2019-09-26 10:42:30,280 [pool-47-thread-1] INFO  storage.RaftStorageDirectory (RaftStorageDirectory.java:tryLock(328)) - Lock on /workdir/hadoop-ozone/integration-test/target/test-dir/MiniOzoneClusterImpl-ba83c363-2963-4965-b6c8-e0e7e6227b06/datanode-2/data/ratis/3ef8d8f7-7244-4989-8c4a-f81aefc9a1e4/in_use.lock acquired by nodename 12934@pr-hdds-1569-wvzgm-824869521
2019-09-26 10:42:30,284 [pool-47-thread-1] INFO  storage.RaftStorage (RaftStorage.java:format(72)) - Storage directory /workdir/hadoop-ozone/integration-test/target/test-dir/MiniOzoneClusterImpl-ba83c363-2963-4965-b6c8-e0e7e6227b06/datanode-2/data/ratis/3ef8d8f7-7244-4989-8c4a-f81aefc9a1e4 has been successfully formatted.
2019-09-26 10:42:30,284 [pool-47-thread-1] INFO  ratis.ContainerStateMachine (ContainerStateMachine.java:loadSnapshot(230)) - group-F81AEFC9A1E4: The snapshot info is null. Setting the last applied indexto:(t:0, i:~)
2019-09-26 10:42:30,284 [pool-47-thread-1] INFO  server.RaftServerConfigKeys (ConfUtils.java:logGet(43)) - raft.server.notification.no-leader.timeout = 10s (custom)
2019-09-26 10:42:30,284 [pool-47-thread-1] INFO  server.RaftServerConfigKeys (ConfUtils.java:logGet(43)) - raft.server.log.use.memory = false (default)
2019-09-26 10:42:30,285 [pool-47-thread-1] INFO  server.RaftServerConfigKeys (ConfUtils.java:logGet(43)) - raft.server.log.purge.gap = 1000000 (custom)
2019-09-26 10:42:30,285 [pool-47-thread-1] INFO  server.RaftServerConfigKeys (ConfUtils.java:logGet(43)) - raft.server.log.appender.buffer.byte-limit = 33554432 (custom)
2019-09-26 10:42:30,285 [pool-47-thread-1] INFO  server.RaftServerConfigKeys (ConfUtils.java:logGet(43)) - raft.server.log.segment.size.max = 1048576 (custom)
2019-09-26 10:42:30,285 [pool-47-thread-1] INFO  server.RaftServerConfigKeys (ConfUtils.java:logGet(43)) - raft.server.log.segment.cache.num.max = 2 (custom)
2019-09-26 10:42:30,285 [pool-47-thread-1] INFO  segmented.SegmentedRaftLogWorker (SegmentedRaftLogWorker.java:<init>(172)) - new ba1aab4d-d107-47a2-be01-d124e86652a2@group-F81AEFC9A1E4-SegmentedRaftLogWorker for RaftStorage:Storage Directory /workdir/hadoop-ozone/integration-test/target/test-dir/MiniOzoneClusterImpl-ba83c363-2963-4965-b6c8-e0e7e6227b06/datanode-2/data/ratis/3ef8d8f7-7244-4989-8c4a-f81aefc9a1e4
2019-09-26 10:42:30,285 [pool-47-thread-1] INFO  server.RaftServerConfigKeys (ConfUtils.java:logGet(43)) - raft.server.log.queue.byte-limit = 2147483647 (custom)
2019-09-26 10:42:30,285 [pool-47-thread-1] INFO  server.RaftServerConfigKeys (ConfUtils.java:logGet(43)) - raft.server.log.queue.element-limit = 1024 (custom)
2019-09-26 10:42:30,286 [pool-47-thread-1] INFO  server.RaftServerConfigKeys (ConfUtils.java:logGet(43)) - raft.server.log.segment.size.max = 1048576 (custom)
2019-09-26 10:42:30,286 [pool-47-thread-1] INFO  server.RaftServerConfigKeys (ConfUtils.java:logGet(43)) - raft.server.log.preallocated.size = 16384 (custom)
2019-09-26 10:42:30,286 [pool-47-thread-1] INFO  server.RaftServerConfigKeys (ConfUtils.java:logGet(43)) - raft.server.log.write.buffer.size = 33554432 (custom)
2019-09-26 10:42:30,286 [pool-47-thread-1] INFO  server.RaftServerConfigKeys (ConfUtils.java:logGet(43)) - raft.server.log.force.sync.num = 128 (default)
2019-09-26 10:42:30,286 [pool-47-thread-1] INFO  server.RaftServerConfigKeys (ConfUtils.java:logGet(43)) - raft.server.log.statemachine.data.sync = true (default)
2019-09-26 10:42:30,286 [pool-47-thread-1] INFO  server.RaftServerConfigKeys (ConfUtils.java:logGet(43)) - raft.server.log.statemachine.data.sync.timeout = 10s (default)
2019-09-26 10:42:30,286 [pool-47-thread-1] INFO  server.RaftServerConfigKeys (ConfUtils.java:logGet(43)) - raft.server.log.statemachine.data.sync.timeout.retry = -1 (default)
2019-09-26 10:42:30,287 [pool-47-thread-1] INFO  server.RaftServerConfigKeys (ConfUtils.java:logGet(43)) - raft.server.log.statemachine.data.caching.enabled = true (custom)
2019-09-26 10:42:30,287 [pool-47-thread-1] INFO  segmented.SegmentedRaftLogWorker (SegmentedRaftLogWorker.java:lambda$new$0(132)) - ba1aab4d-d107-47a2-be01-d124e86652a2@group-F81AEFC9A1E4-SegmentedRaftLogWorker: flushIndex: setUnconditionally 0 -> -1
2019-09-26 10:42:30,287 [pool-47-thread-1] INFO  server.RaftServerConfigKeys (ConfUtils.java:logGet(43)) - raft.server.snapshot.auto.trigger.enabled = true (custom)
2019-09-26 10:42:30,287 [pool-47-thread-1] INFO  server.RaftServerConfigKeys (ConfUtils.java:logGet(43)) - raft.server.snapshot.auto.trigger.threshold = 10000 (custom)
2019-09-26 10:42:30,288 [pool-47-thread-1] INFO  server.RaftServerConfigKeys (ConfUtils.java:logGet(43)) - raft.server.snapshot.retention.num.files = 5 (custom)
2019-09-26 10:42:30,288 [pool-47-thread-1] INFO  server.RaftServerConfigKeys (ConfUtils.java:logGet(43)) - raft.server.retrycache.expirytime = 600000ms (custom)
2019-09-26 10:42:30,290 [pool-47-thread-1] INFO  impl.RaftServerImpl (RaftServerImpl.java:start(185)) - ba1aab4d-d107-47a2-be01-d124e86652a2@group-F81AEFC9A1E4: start as a follower, conf=-1: [ba1aab4d-d107-47a2-be01-d124e86652a2:192.168.30.13:41615], old=null
2019-09-26 10:42:30,291 [pool-47-thread-1] INFO  impl.RaftServerImpl (RaftServerImpl.java:setRole(174)) - ba1aab4d-d107-47a2-be01-d124e86652a2@group-F81AEFC9A1E4: changes role from      null to FOLLOWER at term 0 for startAsFollower
2019-09-26 10:42:30,291 [pool-47-thread-1] INFO  impl.RoleInfo (RoleInfo.java:updateAndGet(143)) - ba1aab4d-d107-47a2-be01-d124e86652a2: start FollowerState
2019-09-26 10:42:30,291 [pool-47-thread-1] INFO  util.JmxRegister (JmxRegister.java:tryRegister(44)) - Successfully registered JMX Bean with object name Ratis:service=RaftServer,group=group-F81AEFC9A1E4,id=ba1aab4d-d107-47a2-be01-d124e86652a2
2019-09-26 10:42:30,297 [RatisPipelineUtilsThread] INFO  pipeline.PipelineStateManager (PipelineStateManager.java:addPipeline(56)) - Created pipeline Pipeline[ Id: 3ef8d8f7-7244-4989-8c4a-f81aefc9a1e4, Nodes: ba1aab4d-d107-47a2-be01-d124e86652a2{ip: 192.168.30.13, host: pr-hdds-1569-wvzgm-824869521, networkLocation: /default-rack, certSerialId: null}, Type:RATIS, Factor:ONE, State:OPEN]
2019-09-26 10:42:30,297 [RatisPipelineUtilsThread] INFO  pipeline.PipelinePlacementPolicy (PipelinePlacementPolicy.java:meetCriteria(91)) - Pipeline Placement: can't place more pipeline on heavy datanode： ba1aab4d-d107-47a2-be01-d124e86652a2 Heaviness: 6 limit: 5
2019-09-26 10:42:30,298 [RatisPipelineUtilsThread] INFO  pipeline.PipelinePlacementPolicy (PipelinePlacementPolicy.java:meetCriteria(91)) - Pipeline Placement: can't place more pipeline on heavy datanode： 0d880a52-66cc-417f-8cd7-70609a5fbfa8 Heaviness: 6 limit: 5
2019-09-26 10:42:30,308 [grpc-default-executor-0] INFO  impl.RaftServerProxy (RaftServerProxy.java:addNew(89)) - 28e56f19-9e9b-470a-a4d9-0b249a16b927: addNew group-7F32EBBA8C2F:[28e56f19-9e9b-470a-a4d9-0b249a16b927:192.168.30.13:44834] returns group-7F32EBBA8C2F:java.util.concurrent.CompletableFuture@7faebfd9[Not completed]
2019-09-26 10:42:30,310 [pool-27-thread-1] INFO  impl.RaftServerImpl (RaftServerImpl.java:<init>(95)) - 28e56f19-9e9b-470a-a4d9-0b249a16b927: new RaftServerImpl for group-7F32EBBA8C2F:[28e56f19-9e9b-470a-a4d9-0b249a16b927:192.168.30.13:44834] with ContainerStateMachine:uninitialized
2019-09-26 10:42:30,310 [pool-27-thread-1] INFO  server.RaftServerConfigKeys (ConfUtils.java:logGet(43)) - raft.server.rpc.timeout.min = 5s (custom)
2019-09-26 10:42:30,310 [pool-27-thread-1] INFO  server.RaftServerConfigKeys (ConfUtils.java:logGet(43)) - raft.server.rpc.timeout.max = 5200ms (custom)
2019-09-26 10:42:30,311 [pool-27-thread-1] INFO  server.RaftServerConfigKeys (ConfUtils.java:logGet(43)) - raft.server.rpcslowness.timeout = 10s (custom)
2019-09-26 10:42:30,311 [pool-27-thread-1] INFO  server.RaftServerConfigKeys (ConfUtils.java:logGet(43)) - raft.server.sleep.deviation.threshold = 300 (default)
2019-09-26 10:42:30,311 [pool-27-thread-1] INFO  server.RaftServerConfigKeys (ConfUtils.java:logGet(43)) - raft.server.log.appender.install.snapshot.enabled = false (custom)
2019-09-26 10:42:30,311 [pool-27-thread-1] INFO  impl.RaftServerImpl (ServerState.java:<init>(103)) - 28e56f19-9e9b-470a-a4d9-0b249a16b927@group-7F32EBBA8C2F: ConfigurationManager, init=-1: [28e56f19-9e9b-470a-a4d9-0b249a16b927:192.168.30.13:44834], old=null, confs=<EMPTY_MAP>
2019-09-26 10:42:30,311 [pool-27-thread-1] INFO  server.RaftServerConfigKeys (ConfUtils.java:logGet(43)) - raft.server.storage.dir = [/workdir/hadoop-ozone/integration-test/target/test-dir/MiniOzoneClusterImpl-ba83c363-2963-4965-b6c8-e0e7e6227b06/datanode-0/data/ratis] (custom)
2019-09-26 10:42:30,312 [pool-27-thread-1] INFO  storage.RaftStorageDirectory (RaftStorageDirectory.java:analyzeStorage(246)) - The storage directory /workdir/hadoop-ozone/integration-test/target/test-dir/MiniOzoneClusterImpl-ba83c363-2963-4965-b6c8-e0e7e6227b06/datanode-0/data/ratis/221f9bea-01cc-4696-a168-7f32ebba8c2f does not exist. Creating ...
2019-09-26 10:42:30,315 [pool-27-thread-1] INFO  storage.RaftStorageDirectory (RaftStorageDirectory.java:tryLock(328)) - Lock on /workdir/hadoop-ozone/integration-test/target/test-dir/MiniOzoneClusterImpl-ba83c363-2963-4965-b6c8-e0e7e6227b06/datanode-0/data/ratis/221f9bea-01cc-4696-a168-7f32ebba8c2f/in_use.lock acquired by nodename 12934@pr-hdds-1569-wvzgm-824869521
2019-09-26 10:42:30,319 [pool-27-thread-1] INFO  storage.RaftStorage (RaftStorage.java:format(72)) - Storage directory /workdir/hadoop-ozone/integration-test/target/test-dir/MiniOzoneClusterImpl-ba83c363-2963-4965-b6c8-e0e7e6227b06/datanode-0/data/ratis/221f9bea-01cc-4696-a168-7f32ebba8c2f has been successfully formatted.
2019-09-26 10:42:30,319 [pool-27-thread-1] INFO  ratis.ContainerStateMachine (ContainerStateMachine.java:loadSnapshot(230)) - group-7F32EBBA8C2F: The snapshot info is null. Setting the last applied indexto:(t:0, i:~)
2019-09-26 10:42:30,319 [pool-27-thread-1] INFO  server.RaftServerConfigKeys (ConfUtils.java:logGet(43)) - raft.server.notification.no-leader.timeout = 10s (custom)
2019-09-26 10:42:30,319 [pool-27-thread-1] INFO  server.RaftServerConfigKeys (ConfUtils.java:logGet(43)) - raft.server.log.use.memory = false (default)
2019-09-26 10:42:30,320 [pool-27-thread-1] INFO  server.RaftServerConfigKeys (ConfUtils.java:logGet(43)) - raft.server.log.purge.gap = 1000000 (custom)
2019-09-26 10:42:30,320 [pool-27-thread-1] INFO  server.RaftServerConfigKeys (ConfUtils.java:logGet(43)) - raft.server.log.appender.buffer.byte-limit = 33554432 (custom)
2019-09-26 10:42:30,320 [pool-27-thread-1] INFO  server.RaftServerConfigKeys (ConfUtils.java:logGet(43)) - raft.server.log.segment.size.max = 1048576 (custom)
2019-09-26 10:42:30,320 [pool-27-thread-1] INFO  server.RaftServerConfigKeys (ConfUtils.java:logGet(43)) - raft.server.log.segment.cache.num.max = 2 (custom)
2019-09-26 10:42:30,320 [pool-27-thread-1] INFO  segmented.SegmentedRaftLogWorker (SegmentedRaftLogWorker.java:<init>(172)) - new 28e56f19-9e9b-470a-a4d9-0b249a16b927@group-7F32EBBA8C2F-SegmentedRaftLogWorker for RaftStorage:Storage Directory /workdir/hadoop-ozone/integration-test/target/test-dir/MiniOzoneClusterImpl-ba83c363-2963-4965-b6c8-e0e7e6227b06/datanode-0/data/ratis/221f9bea-01cc-4696-a168-7f32ebba8c2f
2019-09-26 10:42:30,321 [pool-27-thread-1] INFO  server.RaftServerConfigKeys (ConfUtils.java:logGet(43)) - raft.server.log.queue.byte-limit = 2147483647 (custom)
2019-09-26 10:42:30,321 [pool-27-thread-1] INFO  server.RaftServerConfigKeys (ConfUtils.java:logGet(43)) - raft.server.log.queue.element-limit = 1024 (custom)
2019-09-26 10:42:30,321 [pool-27-thread-1] INFO  server.RaftServerConfigKeys (ConfUtils.java:logGet(43)) - raft.server.log.segment.size.max = 1048576 (custom)
2019-09-26 10:42:30,321 [pool-27-thread-1] INFO  server.RaftServerConfigKeys (ConfUtils.java:logGet(43)) - raft.server.log.preallocated.size = 16384 (custom)
2019-09-26 10:42:30,321 [pool-27-thread-1] INFO  server.RaftServerConfigKeys (ConfUtils.java:logGet(43)) - raft.server.log.write.buffer.size = 33554432 (custom)
2019-09-26 10:42:30,321 [pool-27-thread-1] INFO  server.RaftServerConfigKeys (ConfUtils.java:logGet(43)) - raft.server.log.force.sync.num = 128 (default)
2019-09-26 10:42:30,322 [pool-27-thread-1] INFO  server.RaftServerConfigKeys (ConfUtils.java:logGet(43)) - raft.server.log.statemachine.data.sync = true (default)
2019-09-26 10:42:30,322 [pool-27-thread-1] INFO  server.RaftServerConfigKeys (ConfUtils.java:logGet(43)) - raft.server.log.statemachine.data.sync.timeout = 10s (default)
2019-09-26 10:42:30,322 [pool-27-thread-1] INFO  server.RaftServerConfigKeys (ConfUtils.java:logGet(43)) - raft.server.log.statemachine.data.sync.timeout.retry = -1 (default)
2019-09-26 10:42:30,322 [pool-27-thread-1] INFO  server.RaftServerConfigKeys (ConfUtils.java:logGet(43)) - raft.server.log.statemachine.data.caching.enabled = true (custom)
2019-09-26 10:42:30,322 [pool-27-thread-1] INFO  segmented.SegmentedRaftLogWorker (SegmentedRaftLogWorker.java:lambda$new$0(132)) - 28e56f19-9e9b-470a-a4d9-0b249a16b927@group-7F32EBBA8C2F-SegmentedRaftLogWorker: flushIndex: setUnconditionally 0 -> -1
2019-09-26 10:42:30,323 [pool-27-thread-1] INFO  server.RaftServerConfigKeys (ConfUtils.java:logGet(43)) - raft.server.snapshot.auto.trigger.enabled = true (custom)
2019-09-26 10:42:30,323 [pool-27-thread-1] INFO  server.RaftServerConfigKeys (ConfUtils.java:logGet(43)) - raft.server.snapshot.auto.trigger.threshold = 10000 (custom)
2019-09-26 10:42:30,323 [pool-27-thread-1] INFO  server.RaftServerConfigKeys (ConfUtils.java:logGet(43)) - raft.server.snapshot.retention.num.files = 5 (custom)
2019-09-26 10:42:30,323 [pool-27-thread-1] INFO  server.RaftServerConfigKeys (ConfUtils.java:logGet(43)) - raft.server.retrycache.expirytime = 600000ms (custom)
2019-09-26 10:42:30,326 [pool-27-thread-1] INFO  impl.RaftServerImpl (RaftServerImpl.java:start(185)) - 28e56f19-9e9b-470a-a4d9-0b249a16b927@group-7F32EBBA8C2F: start as a follower, conf=-1: [28e56f19-9e9b-470a-a4d9-0b249a16b927:192.168.30.13:44834], old=null
2019-09-26 10:42:30,327 [pool-27-thread-1] INFO  impl.RaftServerImpl (RaftServerImpl.java:setRole(174)) - 28e56f19-9e9b-470a-a4d9-0b249a16b927@group-7F32EBBA8C2F: changes role from      null to FOLLOWER at term 0 for startAsFollower
2019-09-26 10:42:30,327 [pool-27-thread-1] INFO  impl.RoleInfo (RoleInfo.java:updateAndGet(143)) - 28e56f19-9e9b-470a-a4d9-0b249a16b927: start FollowerState
2019-09-26 10:42:30,327 [pool-27-thread-1] INFO  util.JmxRegister (JmxRegister.java:tryRegister(44)) - Successfully registered JMX Bean with object name Ratis:service=RaftServer,group=group-7F32EBBA8C2F,id=28e56f19-9e9b-470a-a4d9-0b249a16b927
2019-09-26 10:42:30,333 [RatisPipelineUtilsThread] INFO  pipeline.PipelineStateManager (PipelineStateManager.java:addPipeline(56)) - Created pipeline Pipeline[ Id: 221f9bea-01cc-4696-a168-7f32ebba8c2f, Nodes: 28e56f19-9e9b-470a-a4d9-0b249a16b927{ip: 192.168.30.13, host: pr-hdds-1569-wvzgm-824869521, networkLocation: /default-rack, certSerialId: null}, Type:RATIS, Factor:ONE, State:OPEN]
2019-09-26 10:42:30,334 [RatisPipelineUtilsThread] INFO  pipeline.PipelinePlacementPolicy (PipelinePlacementPolicy.java:meetCriteria(91)) - Pipeline Placement: can't place more pipeline on heavy datanode： ba1aab4d-d107-47a2-be01-d124e86652a2 Heaviness: 6 limit: 5
2019-09-26 10:42:30,334 [RatisPipelineUtilsThread] INFO  pipeline.PipelinePlacementPolicy (PipelinePlacementPolicy.java:meetCriteria(91)) - Pipeline Placement: can't place more pipeline on heavy datanode： 0d880a52-66cc-417f-8cd7-70609a5fbfa8 Heaviness: 6 limit: 5
2019-09-26 10:42:30,344 [grpc-default-executor-0] INFO  impl.RaftServerProxy (RaftServerProxy.java:addNew(89)) - b39f15a2-ed1b-46ef-9b39-c0ba6a9718b6: addNew group-0C8437AB1C68:[b39f15a2-ed1b-46ef-9b39-c0ba6a9718b6:192.168.30.13:42810] returns group-0C8437AB1C68:java.util.concurrent.CompletableFuture@2deaafab[Not completed]
2019-09-26 10:42:30,346 [pool-67-thread-1] INFO  impl.RaftServerImpl (RaftServerImpl.java:<init>(95)) - b39f15a2-ed1b-46ef-9b39-c0ba6a9718b6: new RaftServerImpl for group-0C8437AB1C68:[b39f15a2-ed1b-46ef-9b39-c0ba6a9718b6:192.168.30.13:42810] with ContainerStateMachine:uninitialized
2019-09-26 10:42:30,346 [pool-67-thread-1] INFO  server.RaftServerConfigKeys (ConfUtils.java:logGet(43)) - raft.server.rpc.timeout.min = 5s (custom)
2019-09-26 10:42:30,346 [pool-67-thread-1] INFO  server.RaftServerConfigKeys (ConfUtils.java:logGet(43)) - raft.server.rpc.timeout.max = 5200ms (custom)
2019-09-26 10:42:30,347 [pool-67-thread-1] INFO  server.RaftServerConfigKeys (ConfUtils.java:logGet(43)) - raft.server.rpcslowness.timeout = 10s (custom)
2019-09-26 10:42:30,347 [pool-67-thread-1] INFO  server.RaftServerConfigKeys (ConfUtils.java:logGet(43)) - raft.server.sleep.deviation.threshold = 300 (default)
2019-09-26 10:42:30,347 [pool-67-thread-1] INFO  server.RaftServerConfigKeys (ConfUtils.java:logGet(43)) - raft.server.log.appender.install.snapshot.enabled = false (custom)
2019-09-26 10:42:30,347 [pool-67-thread-1] INFO  impl.RaftServerImpl (ServerState.java:<init>(103)) - b39f15a2-ed1b-46ef-9b39-c0ba6a9718b6@group-0C8437AB1C68: ConfigurationManager, init=-1: [b39f15a2-ed1b-46ef-9b39-c0ba6a9718b6:192.168.30.13:42810], old=null, confs=<EMPTY_MAP>
2019-09-26 10:42:30,347 [pool-67-thread-1] INFO  server.RaftServerConfigKeys (ConfUtils.java:logGet(43)) - raft.server.storage.dir = [/workdir/hadoop-ozone/integration-test/target/test-dir/MiniOzoneClusterImpl-ba83c363-2963-4965-b6c8-e0e7e6227b06/datanode-4/data/ratis] (custom)
2019-09-26 10:42:30,348 [pool-67-thread-1] INFO  storage.RaftStorageDirectory (RaftStorageDirectory.java:analyzeStorage(246)) - The storage directory /workdir/hadoop-ozone/integration-test/target/test-dir/MiniOzoneClusterImpl-ba83c363-2963-4965-b6c8-e0e7e6227b06/datanode-4/data/ratis/1f082ef0-7b78-4b95-b02a-0c8437ab1c68 does not exist. Creating ...
2019-09-26 10:42:30,352 [pool-67-thread-1] INFO  storage.RaftStorageDirectory (RaftStorageDirectory.java:tryLock(328)) - Lock on /workdir/hadoop-ozone/integration-test/target/test-dir/MiniOzoneClusterImpl-ba83c363-2963-4965-b6c8-e0e7e6227b06/datanode-4/data/ratis/1f082ef0-7b78-4b95-b02a-0c8437ab1c68/in_use.lock acquired by nodename 12934@pr-hdds-1569-wvzgm-824869521
2019-09-26 10:42:30,372 [pool-67-thread-1] INFO  storage.RaftStorage (RaftStorage.java:format(72)) - Storage directory /workdir/hadoop-ozone/integration-test/target/test-dir/MiniOzoneClusterImpl-ba83c363-2963-4965-b6c8-e0e7e6227b06/datanode-4/data/ratis/1f082ef0-7b78-4b95-b02a-0c8437ab1c68 has been successfully formatted.
2019-09-26 10:42:30,373 [pool-67-thread-1] INFO  ratis.ContainerStateMachine (ContainerStateMachine.java:loadSnapshot(230)) - group-0C8437AB1C68: The snapshot info is null. Setting the last applied indexto:(t:0, i:~)
2019-09-26 10:42:30,373 [pool-67-thread-1] INFO  server.RaftServerConfigKeys (ConfUtils.java:logGet(43)) - raft.server.notification.no-leader.timeout = 10s (custom)
2019-09-26 10:42:30,373 [pool-67-thread-1] INFO  server.RaftServerConfigKeys (ConfUtils.java:logGet(43)) - raft.server.log.use.memory = false (default)
2019-09-26 10:42:30,373 [pool-67-thread-1] INFO  server.RaftServerConfigKeys (ConfUtils.java:logGet(43)) - raft.server.log.purge.gap = 1000000 (custom)
2019-09-26 10:42:30,374 [pool-67-thread-1] INFO  server.RaftServerConfigKeys (ConfUtils.java:logGet(43)) - raft.server.log.appender.buffer.byte-limit = 33554432 (custom)
2019-09-26 10:42:30,374 [pool-67-thread-1] INFO  server.RaftServerConfigKeys (ConfUtils.java:logGet(43)) - raft.server.log.segment.size.max = 1048576 (custom)
2019-09-26 10:42:30,374 [pool-67-thread-1] INFO  server.RaftServerConfigKeys (ConfUtils.java:logGet(43)) - raft.server.log.segment.cache.num.max = 2 (custom)
2019-09-26 10:42:30,374 [pool-67-thread-1] INFO  segmented.SegmentedRaftLogWorker (SegmentedRaftLogWorker.java:<init>(172)) - new b39f15a2-ed1b-46ef-9b39-c0ba6a9718b6@group-0C8437AB1C68-SegmentedRaftLogWorker for RaftStorage:Storage Directory /workdir/hadoop-ozone/integration-test/target/test-dir/MiniOzoneClusterImpl-ba83c363-2963-4965-b6c8-e0e7e6227b06/datanode-4/data/ratis/1f082ef0-7b78-4b95-b02a-0c8437ab1c68
2019-09-26 10:42:30,374 [pool-67-thread-1] INFO  server.RaftServerConfigKeys (ConfUtils.java:logGet(43)) - raft.server.log.queue.byte-limit = 2147483647 (custom)
2019-09-26 10:42:30,375 [pool-67-thread-1] INFO  server.RaftServerConfigKeys (ConfUtils.java:logGet(43)) - raft.server.log.queue.element-limit = 1024 (custom)
2019-09-26 10:42:30,375 [pool-67-thread-1] INFO  server.RaftServerConfigKeys (ConfUtils.java:logGet(43)) - raft.server.log.segment.size.max = 1048576 (custom)
2019-09-26 10:42:30,375 [pool-67-thread-1] INFO  server.RaftServerConfigKeys (ConfUtils.java:logGet(43)) - raft.server.log.preallocated.size = 16384 (custom)
2019-09-26 10:42:30,375 [pool-67-thread-1] INFO  server.RaftServerConfigKeys (ConfUtils.java:logGet(43)) - raft.server.log.write.buffer.size = 33554432 (custom)
2019-09-26 10:42:30,375 [pool-67-thread-1] INFO  server.RaftServerConfigKeys (ConfUtils.java:logGet(43)) - raft.server.log.force.sync.num = 128 (default)
2019-09-26 10:42:30,375 [pool-67-thread-1] INFO  server.RaftServerConfigKeys (ConfUtils.java:logGet(43)) - raft.server.log.statemachine.data.sync = true (default)
2019-09-26 10:42:30,376 [pool-67-thread-1] INFO  server.RaftServerConfigKeys (ConfUtils.java:logGet(43)) - raft.server.log.statemachine.data.sync.timeout = 10s (default)
2019-09-26 10:42:30,376 [pool-67-thread-1] INFO  server.RaftServerConfigKeys (ConfUtils.java:logGet(43)) - raft.server.log.statemachine.data.sync.timeout.retry = -1 (default)
2019-09-26 10:42:30,376 [pool-67-thread-1] INFO  server.RaftServerConfigKeys (ConfUtils.java:logGet(43)) - raft.server.log.statemachine.data.caching.enabled = true (custom)
2019-09-26 10:42:30,376 [pool-67-thread-1] INFO  segmented.SegmentedRaftLogWorker (SegmentedRaftLogWorker.java:lambda$new$0(132)) - b39f15a2-ed1b-46ef-9b39-c0ba6a9718b6@group-0C8437AB1C68-SegmentedRaftLogWorker: flushIndex: setUnconditionally 0 -> -1
2019-09-26 10:42:30,377 [pool-67-thread-1] INFO  server.RaftServerConfigKeys (ConfUtils.java:logGet(43)) - raft.server.snapshot.auto.trigger.enabled = true (custom)
2019-09-26 10:42:30,377 [pool-67-thread-1] INFO  server.RaftServerConfigKeys (ConfUtils.java:logGet(43)) - raft.server.snapshot.auto.trigger.threshold = 10000 (custom)
2019-09-26 10:42:30,377 [pool-67-thread-1] INFO  server.RaftServerConfigKeys (ConfUtils.java:logGet(43)) - raft.server.snapshot.retention.num.files = 5 (custom)
2019-09-26 10:42:30,378 [pool-67-thread-1] INFO  server.RaftServerConfigKeys (ConfUtils.java:logGet(43)) - raft.server.retrycache.expirytime = 600000ms (custom)
2019-09-26 10:42:30,381 [pool-67-thread-1] INFO  impl.RaftServerImpl (RaftServerImpl.java:start(185)) - b39f15a2-ed1b-46ef-9b39-c0ba6a9718b6@group-0C8437AB1C68: start as a follower, conf=-1: [b39f15a2-ed1b-46ef-9b39-c0ba6a9718b6:192.168.30.13:42810], old=null
2019-09-26 10:42:30,381 [pool-67-thread-1] INFO  impl.RaftServerImpl (RaftServerImpl.java:setRole(174)) - b39f15a2-ed1b-46ef-9b39-c0ba6a9718b6@group-0C8437AB1C68: changes role from      null to FOLLOWER at term 0 for startAsFollower
2019-09-26 10:42:30,381 [pool-67-thread-1] INFO  impl.RoleInfo (RoleInfo.java:updateAndGet(143)) - b39f15a2-ed1b-46ef-9b39-c0ba6a9718b6: start FollowerState
2019-09-26 10:42:30,382 [pool-67-thread-1] INFO  util.JmxRegister (JmxRegister.java:tryRegister(44)) - Successfully registered JMX Bean with object name Ratis:service=RaftServer,group=group-0C8437AB1C68,id=b39f15a2-ed1b-46ef-9b39-c0ba6a9718b6
2019-09-26 10:42:30,388 [RatisPipelineUtilsThread] INFO  pipeline.PipelineStateManager (PipelineStateManager.java:addPipeline(56)) - Created pipeline Pipeline[ Id: 1f082ef0-7b78-4b95-b02a-0c8437ab1c68, Nodes: b39f15a2-ed1b-46ef-9b39-c0ba6a9718b6{ip: 192.168.30.13, host: pr-hdds-1569-wvzgm-824869521, networkLocation: /default-rack, certSerialId: null}, Type:RATIS, Factor:ONE, State:OPEN]
2019-09-26 10:42:30,388 [RatisPipelineUtilsThread] INFO  pipeline.PipelinePlacementPolicy (PipelinePlacementPolicy.java:meetCriteria(91)) - Pipeline Placement: can't place more pipeline on heavy datanode： ba1aab4d-d107-47a2-be01-d124e86652a2 Heaviness: 6 limit: 5
2019-09-26 10:42:30,388 [RatisPipelineUtilsThread] INFO  pipeline.PipelinePlacementPolicy (PipelinePlacementPolicy.java:meetCriteria(91)) - Pipeline Placement: can't place more pipeline on heavy datanode： 0d880a52-66cc-417f-8cd7-70609a5fbfa8 Heaviness: 6 limit: 5
2019-09-26 10:42:30,399 [grpc-default-executor-0] INFO  impl.RaftServerProxy (RaftServerProxy.java:addNew(89)) - c2a6c9af-68b9-412f-956f-becf7b86d0d9: addNew group-6E2E59E404EF:[c2a6c9af-68b9-412f-956f-becf7b86d0d9:192.168.30.13:40379] returns group-6E2E59E404EF:java.util.concurrent.CompletableFuture@2b5e18eb[Not completed]
2019-09-26 10:42:30,401 [pool-77-thread-1] INFO  impl.RaftServerImpl (RaftServerImpl.java:<init>(95)) - c2a6c9af-68b9-412f-956f-becf7b86d0d9: new RaftServerImpl for group-6E2E59E404EF:[c2a6c9af-68b9-412f-956f-becf7b86d0d9:192.168.30.13:40379] with ContainerStateMachine:uninitialized
2019-09-26 10:42:30,402 [pool-77-thread-1] INFO  server.RaftServerConfigKeys (ConfUtils.java:logGet(43)) - raft.server.rpc.timeout.min = 5s (custom)
2019-09-26 10:42:30,402 [pool-77-thread-1] INFO  server.RaftServerConfigKeys (ConfUtils.java:logGet(43)) - raft.server.rpc.timeout.max = 5200ms (custom)
2019-09-26 10:42:30,402 [pool-77-thread-1] INFO  server.RaftServerConfigKeys (ConfUtils.java:logGet(43)) - raft.server.rpcslowness.timeout = 10s (custom)
2019-09-26 10:42:30,402 [pool-77-thread-1] INFO  server.RaftServerConfigKeys (ConfUtils.java:logGet(43)) - raft.server.sleep.deviation.threshold = 300 (default)
2019-09-26 10:42:30,402 [pool-77-thread-1] INFO  server.RaftServerConfigKeys (ConfUtils.java:logGet(43)) - raft.server.log.appender.install.snapshot.enabled = false (custom)
2019-09-26 10:42:30,402 [pool-77-thread-1] INFO  impl.RaftServerImpl (ServerState.java:<init>(103)) - c2a6c9af-68b9-412f-956f-becf7b86d0d9@group-6E2E59E404EF: ConfigurationManager, init=-1: [c2a6c9af-68b9-412f-956f-becf7b86d0d9:192.168.30.13:40379], old=null, confs=<EMPTY_MAP>
2019-09-26 10:42:30,403 [pool-77-thread-1] INFO  server.RaftServerConfigKeys (ConfUtils.java:logGet(43)) - raft.server.storage.dir = [/workdir/hadoop-ozone/integration-test/target/test-dir/MiniOzoneClusterImpl-ba83c363-2963-4965-b6c8-e0e7e6227b06/datanode-5/data/ratis] (custom)
2019-09-26 10:42:30,403 [pool-77-thread-1] INFO  storage.RaftStorageDirectory (RaftStorageDirectory.java:analyzeStorage(246)) - The storage directory /workdir/hadoop-ozone/integration-test/target/test-dir/MiniOzoneClusterImpl-ba83c363-2963-4965-b6c8-e0e7e6227b06/datanode-5/data/ratis/0c6541ba-c141-40c8-83fd-6e2e59e404ef does not exist. Creating ...
2019-09-26 10:42:30,417 [pool-77-thread-1] INFO  storage.RaftStorageDirectory (RaftStorageDirectory.java:tryLock(328)) - Lock on /workdir/hadoop-ozone/integration-test/target/test-dir/MiniOzoneClusterImpl-ba83c363-2963-4965-b6c8-e0e7e6227b06/datanode-5/data/ratis/0c6541ba-c141-40c8-83fd-6e2e59e404ef/in_use.lock acquired by nodename 12934@pr-hdds-1569-wvzgm-824869521
2019-09-26 10:42:30,441 [pool-77-thread-1] INFO  storage.RaftStorage (RaftStorage.java:format(72)) - Storage directory /workdir/hadoop-ozone/integration-test/target/test-dir/MiniOzoneClusterImpl-ba83c363-2963-4965-b6c8-e0e7e6227b06/datanode-5/data/ratis/0c6541ba-c141-40c8-83fd-6e2e59e404ef has been successfully formatted.
2019-09-26 10:42:30,442 [pool-77-thread-1] INFO  ratis.ContainerStateMachine (ContainerStateMachine.java:loadSnapshot(230)) - group-6E2E59E404EF: The snapshot info is null. Setting the last applied indexto:(t:0, i:~)
2019-09-26 10:42:30,442 [pool-77-thread-1] INFO  server.RaftServerConfigKeys (ConfUtils.java:logGet(43)) - raft.server.notification.no-leader.timeout = 10s (custom)
2019-09-26 10:42:30,442 [pool-77-thread-1] INFO  server.RaftServerConfigKeys (ConfUtils.java:logGet(43)) - raft.server.log.use.memory = false (default)
2019-09-26 10:42:30,442 [pool-77-thread-1] INFO  server.RaftServerConfigKeys (ConfUtils.java:logGet(43)) - raft.server.log.purge.gap = 1000000 (custom)
2019-09-26 10:42:30,443 [pool-77-thread-1] INFO  server.RaftServerConfigKeys (ConfUtils.java:logGet(43)) - raft.server.log.appender.buffer.byte-limit = 33554432 (custom)
2019-09-26 10:42:30,443 [pool-77-thread-1] INFO  server.RaftServerConfigKeys (ConfUtils.java:logGet(43)) - raft.server.log.segment.size.max = 1048576 (custom)
2019-09-26 10:42:30,443 [pool-77-thread-1] INFO  server.RaftServerConfigKeys (ConfUtils.java:logGet(43)) - raft.server.log.segment.cache.num.max = 2 (custom)
2019-09-26 10:42:30,443 [pool-77-thread-1] INFO  segmented.SegmentedRaftLogWorker (SegmentedRaftLogWorker.java:<init>(172)) - new c2a6c9af-68b9-412f-956f-becf7b86d0d9@group-6E2E59E404EF-SegmentedRaftLogWorker for RaftStorage:Storage Directory /workdir/hadoop-ozone/integration-test/target/test-dir/MiniOzoneClusterImpl-ba83c363-2963-4965-b6c8-e0e7e6227b06/datanode-5/data/ratis/0c6541ba-c141-40c8-83fd-6e2e59e404ef
2019-09-26 10:42:30,443 [pool-77-thread-1] INFO  server.RaftServerConfigKeys (ConfUtils.java:logGet(43)) - raft.server.log.queue.byte-limit = 2147483647 (custom)
2019-09-26 10:42:30,444 [pool-77-thread-1] INFO  server.RaftServerConfigKeys (ConfUtils.java:logGet(43)) - raft.server.log.queue.element-limit = 1024 (custom)
2019-09-26 10:42:30,444 [pool-77-thread-1] INFO  server.RaftServerConfigKeys (ConfUtils.java:logGet(43)) - raft.server.log.segment.size.max = 1048576 (custom)
2019-09-26 10:42:30,444 [pool-77-thread-1] INFO  server.RaftServerConfigKeys (ConfUtils.java:logGet(43)) - raft.server.log.preallocated.size = 16384 (custom)
2019-09-26 10:42:30,444 [pool-77-thread-1] INFO  server.RaftServerConfigKeys (ConfUtils.java:logGet(43)) - raft.server.log.write.buffer.size = 33554432 (custom)
2019-09-26 10:42:30,444 [pool-77-thread-1] INFO  server.RaftServerConfigKeys (ConfUtils.java:logGet(43)) - raft.server.log.force.sync.num = 128 (default)
2019-09-26 10:42:30,444 [pool-77-thread-1] INFO  server.RaftServerConfigKeys (ConfUtils.java:logGet(43)) - raft.server.log.statemachine.data.sync = true (default)
2019-09-26 10:42:30,445 [pool-77-thread-1] INFO  server.RaftServerConfigKeys (ConfUtils.java:logGet(43)) - raft.server.log.statemachine.data.sync.timeout = 10s (default)
2019-09-26 10:42:30,445 [pool-77-thread-1] INFO  server.RaftServerConfigKeys (ConfUtils.java:logGet(43)) - raft.server.log.statemachine.data.sync.timeout.retry = -1 (default)
2019-09-26 10:42:30,445 [pool-77-thread-1] INFO  server.RaftServerConfigKeys (ConfUtils.java:logGet(43)) - raft.server.log.statemachine.data.caching.enabled = true (custom)
2019-09-26 10:42:30,445 [pool-77-thread-1] INFO  segmented.SegmentedRaftLogWorker (SegmentedRaftLogWorker.java:lambda$new$0(132)) - c2a6c9af-68b9-412f-956f-becf7b86d0d9@group-6E2E59E404EF-SegmentedRaftLogWorker: flushIndex: setUnconditionally 0 -> -1
2019-09-26 10:42:30,446 [pool-77-thread-1] INFO  server.RaftServerConfigKeys (ConfUtils.java:logGet(43)) - raft.server.snapshot.auto.trigger.enabled = true (custom)
2019-09-26 10:42:30,446 [pool-77-thread-1] INFO  server.RaftServerConfigKeys (ConfUtils.java:logGet(43)) - raft.server.snapshot.auto.trigger.threshold = 10000 (custom)
2019-09-26 10:42:30,446 [pool-77-thread-1] INFO  server.RaftServerConfigKeys (ConfUtils.java:logGet(43)) - raft.server.snapshot.retention.num.files = 5 (custom)
2019-09-26 10:42:30,447 [pool-77-thread-1] INFO  server.RaftServerConfigKeys (ConfUtils.java:logGet(43)) - raft.server.retrycache.expirytime = 600000ms (custom)
2019-09-26 10:42:30,450 [pool-77-thread-1] INFO  impl.RaftServerImpl (RaftServerImpl.java:start(185)) - c2a6c9af-68b9-412f-956f-becf7b86d0d9@group-6E2E59E404EF: start as a follower, conf=-1: [c2a6c9af-68b9-412f-956f-becf7b86d0d9:192.168.30.13:40379], old=null
2019-09-26 10:42:30,450 [pool-77-thread-1] INFO  impl.RaftServerImpl (RaftServerImpl.java:setRole(174)) - c2a6c9af-68b9-412f-956f-becf7b86d0d9@group-6E2E59E404EF: changes role from      null to FOLLOWER at term 0 for startAsFollower
2019-09-26 10:42:30,450 [pool-77-thread-1] INFO  impl.RoleInfo (RoleInfo.java:updateAndGet(143)) - c2a6c9af-68b9-412f-956f-becf7b86d0d9: start FollowerState
2019-09-26 10:42:30,451 [pool-77-thread-1] INFO  util.JmxRegister (JmxRegister.java:tryRegister(44)) - Successfully registered JMX Bean with object name Ratis:service=RaftServer,group=group-6E2E59E404EF,id=c2a6c9af-68b9-412f-956f-becf7b86d0d9
2019-09-26 10:42:30,457 [RatisPipelineUtilsThread] INFO  pipeline.PipelineStateManager (PipelineStateManager.java:addPipeline(56)) - Created pipeline Pipeline[ Id: 0c6541ba-c141-40c8-83fd-6e2e59e404ef, Nodes: c2a6c9af-68b9-412f-956f-becf7b86d0d9{ip: 192.168.30.13, host: pr-hdds-1569-wvzgm-824869521, networkLocation: /default-rack, certSerialId: null}, Type:RATIS, Factor:ONE, State:OPEN]
2019-09-26 10:42:30,457 [RatisPipelineUtilsThread] INFO  pipeline.PipelinePlacementPolicy (PipelinePlacementPolicy.java:meetCriteria(91)) - Pipeline Placement: can't place more pipeline on heavy datanode： c2a6c9af-68b9-412f-956f-becf7b86d0d9 Heaviness: 6 limit: 5
2019-09-26 10:42:30,457 [RatisPipelineUtilsThread] INFO  pipeline.PipelinePlacementPolicy (PipelinePlacementPolicy.java:meetCriteria(91)) - Pipeline Placement: can't place more pipeline on heavy datanode： ba1aab4d-d107-47a2-be01-d124e86652a2 Heaviness: 6 limit: 5
2019-09-26 10:42:30,458 [RatisPipelineUtilsThread] INFO  pipeline.PipelinePlacementPolicy (PipelinePlacementPolicy.java:meetCriteria(91)) - Pipeline Placement: can't place more pipeline on heavy datanode： 0d880a52-66cc-417f-8cd7-70609a5fbfa8 Heaviness: 6 limit: 5
2019-09-26 10:42:30,469 [grpc-default-executor-0] INFO  impl.RaftServerProxy (RaftServerProxy.java:addNew(89)) - 766dc5f6-32d2-4403-bd57-0044e97b5c0e: addNew group-C2EA07917342:[766dc5f6-32d2-4403-bd57-0044e97b5c0e:192.168.30.13:45523] returns group-C2EA07917342:java.util.concurrent.CompletableFuture@786f6225[Not completed]
2019-09-26 10:42:30,480 [pool-57-thread-1] INFO  impl.RaftServerImpl (RaftServerImpl.java:<init>(95)) - 766dc5f6-32d2-4403-bd57-0044e97b5c0e: new RaftServerImpl for group-C2EA07917342:[766dc5f6-32d2-4403-bd57-0044e97b5c0e:192.168.30.13:45523] with ContainerStateMachine:uninitialized
2019-09-26 10:42:30,480 [pool-57-thread-1] INFO  server.RaftServerConfigKeys (ConfUtils.java:logGet(43)) - raft.server.rpc.timeout.min = 5s (custom)
2019-09-26 10:42:30,481 [pool-57-thread-1] INFO  server.RaftServerConfigKeys (ConfUtils.java:logGet(43)) - raft.server.rpc.timeout.max = 5200ms (custom)
2019-09-26 10:42:30,481 [pool-57-thread-1] INFO  server.RaftServerConfigKeys (ConfUtils.java:logGet(43)) - raft.server.rpcslowness.timeout = 10s (custom)
2019-09-26 10:42:30,481 [pool-57-thread-1] INFO  server.RaftServerConfigKeys (ConfUtils.java:logGet(43)) - raft.server.sleep.deviation.threshold = 300 (default)
2019-09-26 10:42:30,481 [pool-57-thread-1] INFO  server.RaftServerConfigKeys (ConfUtils.java:logGet(43)) - raft.server.log.appender.install.snapshot.enabled = false (custom)
2019-09-26 10:42:30,481 [pool-57-thread-1] INFO  impl.RaftServerImpl (ServerState.java:<init>(103)) - 766dc5f6-32d2-4403-bd57-0044e97b5c0e@group-C2EA07917342: ConfigurationManager, init=-1: [766dc5f6-32d2-4403-bd57-0044e97b5c0e:192.168.30.13:45523], old=null, confs=<EMPTY_MAP>
2019-09-26 10:42:30,481 [pool-57-thread-1] INFO  server.RaftServerConfigKeys (ConfUtils.java:logGet(43)) - raft.server.storage.dir = [/workdir/hadoop-ozone/integration-test/target/test-dir/MiniOzoneClusterImpl-ba83c363-2963-4965-b6c8-e0e7e6227b06/datanode-3/data/ratis] (custom)
2019-09-26 10:42:30,482 [pool-57-thread-1] INFO  storage.RaftStorageDirectory (RaftStorageDirectory.java:analyzeStorage(246)) - The storage directory /workdir/hadoop-ozone/integration-test/target/test-dir/MiniOzoneClusterImpl-ba83c363-2963-4965-b6c8-e0e7e6227b06/datanode-3/data/ratis/a2fbd609-25c0-44c4-8ae3-c2ea07917342 does not exist. Creating ...
2019-09-26 10:42:30,503 [pool-57-thread-1] INFO  storage.RaftStorageDirectory (RaftStorageDirectory.java:tryLock(328)) - Lock on /workdir/hadoop-ozone/integration-test/target/test-dir/MiniOzoneClusterImpl-ba83c363-2963-4965-b6c8-e0e7e6227b06/datanode-3/data/ratis/a2fbd609-25c0-44c4-8ae3-c2ea07917342/in_use.lock acquired by nodename 12934@pr-hdds-1569-wvzgm-824869521
2019-09-26 10:42:30,516 [pool-57-thread-1] INFO  storage.RaftStorage (RaftStorage.java:format(72)) - Storage directory /workdir/hadoop-ozone/integration-test/target/test-dir/MiniOzoneClusterImpl-ba83c363-2963-4965-b6c8-e0e7e6227b06/datanode-3/data/ratis/a2fbd609-25c0-44c4-8ae3-c2ea07917342 has been successfully formatted.
2019-09-26 10:42:30,517 [pool-57-thread-1] INFO  ratis.ContainerStateMachine (ContainerStateMachine.java:loadSnapshot(230)) - group-C2EA07917342: The snapshot info is null. Setting the last applied indexto:(t:0, i:~)
2019-09-26 10:42:30,517 [pool-57-thread-1] INFO  server.RaftServerConfigKeys (ConfUtils.java:logGet(43)) - raft.server.notification.no-leader.timeout = 10s (custom)
2019-09-26 10:42:30,517 [pool-57-thread-1] INFO  server.RaftServerConfigKeys (ConfUtils.java:logGet(43)) - raft.server.log.use.memory = false (default)
2019-09-26 10:42:30,517 [pool-57-thread-1] INFO  server.RaftServerConfigKeys (ConfUtils.java:logGet(43)) - raft.server.log.purge.gap = 1000000 (custom)
2019-09-26 10:42:30,518 [pool-57-thread-1] INFO  server.RaftServerConfigKeys (ConfUtils.java:logGet(43)) - raft.server.log.appender.buffer.byte-limit = 33554432 (custom)
2019-09-26 10:42:30,518 [pool-57-thread-1] INFO  server.RaftServerConfigKeys (ConfUtils.java:logGet(43)) - raft.server.log.segment.size.max = 1048576 (custom)
2019-09-26 10:42:30,518 [pool-57-thread-1] INFO  server.RaftServerConfigKeys (ConfUtils.java:logGet(43)) - raft.server.log.segment.cache.num.max = 2 (custom)
2019-09-26 10:42:30,518 [pool-57-thread-1] INFO  segmented.SegmentedRaftLogWorker (SegmentedRaftLogWorker.java:<init>(172)) - new 766dc5f6-32d2-4403-bd57-0044e97b5c0e@group-C2EA07917342-SegmentedRaftLogWorker for RaftStorage:Storage Directory /workdir/hadoop-ozone/integration-test/target/test-dir/MiniOzoneClusterImpl-ba83c363-2963-4965-b6c8-e0e7e6227b06/datanode-3/data/ratis/a2fbd609-25c0-44c4-8ae3-c2ea07917342
2019-09-26 10:42:30,519 [pool-57-thread-1] INFO  server.RaftServerConfigKeys (ConfUtils.java:logGet(43)) - raft.server.log.queue.byte-limit = 2147483647 (custom)
2019-09-26 10:42:30,519 [pool-57-thread-1] INFO  server.RaftServerConfigKeys (ConfUtils.java:logGet(43)) - raft.server.log.queue.element-limit = 1024 (custom)
2019-09-26 10:42:30,519 [pool-57-thread-1] INFO  server.RaftServerConfigKeys (ConfUtils.java:logGet(43)) - raft.server.log.segment.size.max = 1048576 (custom)
2019-09-26 10:42:30,519 [pool-57-thread-1] INFO  server.RaftServerConfigKeys (ConfUtils.java:logGet(43)) - raft.server.log.preallocated.size = 16384 (custom)
2019-09-26 10:42:30,519 [pool-57-thread-1] INFO  server.RaftServerConfigKeys (ConfUtils.java:logGet(43)) - raft.server.log.write.buffer.size = 33554432 (custom)
2019-09-26 10:42:30,520 [pool-57-thread-1] INFO  server.RaftServerConfigKeys (ConfUtils.java:logGet(43)) - raft.server.log.force.sync.num = 128 (default)
2019-09-26 10:42:30,520 [pool-57-thread-1] INFO  server.RaftServerConfigKeys (ConfUtils.java:logGet(43)) - raft.server.log.statemachine.data.sync = true (default)
2019-09-26 10:42:30,520 [pool-57-thread-1] INFO  server.RaftServerConfigKeys (ConfUtils.java:logGet(43)) - raft.server.log.statemachine.data.sync.timeout = 10s (default)
2019-09-26 10:42:30,520 [pool-57-thread-1] INFO  server.RaftServerConfigKeys (ConfUtils.java:logGet(43)) - raft.server.log.statemachine.data.sync.timeout.retry = -1 (default)
2019-09-26 10:42:30,521 [pool-57-thread-1] INFO  server.RaftServerConfigKeys (ConfUtils.java:logGet(43)) - raft.server.log.statemachine.data.caching.enabled = true (custom)
2019-09-26 10:42:30,521 [pool-57-thread-1] INFO  segmented.SegmentedRaftLogWorker (SegmentedRaftLogWorker.java:lambda$new$0(132)) - 766dc5f6-32d2-4403-bd57-0044e97b5c0e@group-C2EA07917342-SegmentedRaftLogWorker: flushIndex: setUnconditionally 0 -> -1
2019-09-26 10:42:30,522 [pool-57-thread-1] INFO  server.RaftServerConfigKeys (ConfUtils.java:logGet(43)) - raft.server.snapshot.auto.trigger.enabled = true (custom)
2019-09-26 10:42:30,522 [pool-57-thread-1] INFO  server.RaftServerConfigKeys (ConfUtils.java:logGet(43)) - raft.server.snapshot.auto.trigger.threshold = 10000 (custom)
2019-09-26 10:42:30,524 [pool-57-thread-1] INFO  server.RaftServerConfigKeys (ConfUtils.java:logGet(43)) - raft.server.snapshot.retention.num.files = 5 (custom)
2019-09-26 10:42:30,549 [pool-57-thread-1] INFO  server.RaftServerConfigKeys (ConfUtils.java:logGet(43)) - raft.server.retrycache.expirytime = 600000ms (custom)
2019-09-26 10:42:30,789 [pool-57-thread-1] INFO  impl.RaftServerImpl (RaftServerImpl.java:start(185)) - 766dc5f6-32d2-4403-bd57-0044e97b5c0e@group-C2EA07917342: start as a follower, conf=-1: [766dc5f6-32d2-4403-bd57-0044e97b5c0e:192.168.30.13:45523], old=null
2019-09-26 10:42:30,790 [pool-57-thread-1] INFO  impl.RaftServerImpl (RaftServerImpl.java:setRole(174)) - 766dc5f6-32d2-4403-bd57-0044e97b5c0e@group-C2EA07917342: changes role from      null to FOLLOWER at term 0 for startAsFollower
2019-09-26 10:42:30,790 [Thread-223] INFO  container.ReplicationManager (ReplicationManager.java:start(163)) - Starting Replication Monitor Thread.
2019-09-26 10:42:30,790 [pool-57-thread-1] INFO  impl.RoleInfo (RoleInfo.java:updateAndGet(143)) - 766dc5f6-32d2-4403-bd57-0044e97b5c0e: start FollowerState
2019-09-26 10:42:30,790 [pool-57-thread-1] INFO  util.JmxRegister (JmxRegister.java:tryRegister(44)) - Successfully registered JMX Bean with object name Ratis:service=RaftServer,group=group-C2EA07917342,id=766dc5f6-32d2-4403-bd57-0044e97b5c0e
2019-09-26 10:42:30,796 [RatisPipelineUtilsThread] INFO  pipeline.PipelineStateManager (PipelineStateManager.java:addPipeline(56)) - Created pipeline Pipeline[ Id: a2fbd609-25c0-44c4-8ae3-c2ea07917342, Nodes: 766dc5f6-32d2-4403-bd57-0044e97b5c0e{ip: 192.168.30.13, host: pr-hdds-1569-wvzgm-824869521, networkLocation: /default-rack, certSerialId: null}, Type:RATIS, Factor:ONE, State:OPEN]
2019-09-26 10:42:30,797 [RatisPipelineUtilsThread] INFO  pipeline.PipelinePlacementPolicy (PipelinePlacementPolicy.java:meetCriteria(91)) - Pipeline Placement: can't place more pipeline on heavy datanode： c2a6c9af-68b9-412f-956f-becf7b86d0d9 Heaviness: 6 limit: 5
2019-09-26 10:42:30,797 [RatisPipelineUtilsThread] INFO  pipeline.PipelinePlacementPolicy (PipelinePlacementPolicy.java:meetCriteria(91)) - Pipeline Placement: can't place more pipeline on heavy datanode： ba1aab4d-d107-47a2-be01-d124e86652a2 Heaviness: 6 limit: 5
2019-09-26 10:42:30,797 [RatisPipelineUtilsThread] INFO  pipeline.PipelinePlacementPolicy (PipelinePlacementPolicy.java:meetCriteria(91)) - Pipeline Placement: can't place more pipeline on heavy datanode： 0d880a52-66cc-417f-8cd7-70609a5fbfa8 Heaviness: 6 limit: 5
2019-09-26 10:42:30,808 [grpc-default-executor-0] INFO  impl.RaftServerProxy (RaftServerProxy.java:addNew(89)) - 28e56f19-9e9b-470a-a4d9-0b249a16b927: addNew group-2CD6B8E4F1CC:[28e56f19-9e9b-470a-a4d9-0b249a16b927:192.168.30.13:44834] returns group-2CD6B8E4F1CC:java.util.concurrent.CompletableFuture@23f277e3[Not completed]
2019-09-26 10:42:30,810 [pool-27-thread-1] INFO  impl.RaftServerImpl (RaftServerImpl.java:<init>(95)) - 28e56f19-9e9b-470a-a4d9-0b249a16b927: new RaftServerImpl for group-2CD6B8E4F1CC:[28e56f19-9e9b-470a-a4d9-0b249a16b927:192.168.30.13:44834] with ContainerStateMachine:uninitialized
2019-09-26 10:42:30,810 [pool-27-thread-1] INFO  server.RaftServerConfigKeys (ConfUtils.java:logGet(43)) - raft.server.rpc.timeout.min = 5s (custom)
2019-09-26 10:42:30,810 [pool-27-thread-1] INFO  server.RaftServerConfigKeys (ConfUtils.java:logGet(43)) - raft.server.rpc.timeout.max = 5200ms (custom)
2019-09-26 10:42:30,810 [pool-27-thread-1] INFO  server.RaftServerConfigKeys (ConfUtils.java:logGet(43)) - raft.server.rpcslowness.timeout = 10s (custom)
2019-09-26 10:42:30,810 [pool-27-thread-1] INFO  server.RaftServerConfigKeys (ConfUtils.java:logGet(43)) - raft.server.sleep.deviation.threshold = 300 (default)
2019-09-26 10:42:30,810 [pool-27-thread-1] INFO  server.RaftServerConfigKeys (ConfUtils.java:logGet(43)) - raft.server.log.appender.install.snapshot.enabled = false (custom)
2019-09-26 10:42:30,810 [pool-27-thread-1] INFO  impl.RaftServerImpl (ServerState.java:<init>(103)) - 28e56f19-9e9b-470a-a4d9-0b249a16b927@group-2CD6B8E4F1CC: ConfigurationManager, init=-1: [28e56f19-9e9b-470a-a4d9-0b249a16b927:192.168.30.13:44834], old=null, confs=<EMPTY_MAP>
2019-09-26 10:42:30,810 [pool-27-thread-1] INFO  server.RaftServerConfigKeys (ConfUtils.java:logGet(43)) - raft.server.storage.dir = [/workdir/hadoop-ozone/integration-test/target/test-dir/MiniOzoneClusterImpl-ba83c363-2963-4965-b6c8-e0e7e6227b06/datanode-0/data/ratis] (custom)
2019-09-26 10:42:30,811 [pool-27-thread-1] INFO  storage.RaftStorageDirectory (RaftStorageDirectory.java:analyzeStorage(246)) - The storage directory /workdir/hadoop-ozone/integration-test/target/test-dir/MiniOzoneClusterImpl-ba83c363-2963-4965-b6c8-e0e7e6227b06/datanode-0/data/ratis/f6418100-85dc-49c5-a47a-2cd6b8e4f1cc does not exist. Creating ...
2019-09-26 10:42:30,837 [pool-27-thread-1] INFO  storage.RaftStorageDirectory (RaftStorageDirectory.java:tryLock(328)) - Lock on /workdir/hadoop-ozone/integration-test/target/test-dir/MiniOzoneClusterImpl-ba83c363-2963-4965-b6c8-e0e7e6227b06/datanode-0/data/ratis/f6418100-85dc-49c5-a47a-2cd6b8e4f1cc/in_use.lock acquired by nodename 12934@pr-hdds-1569-wvzgm-824869521
2019-09-26 10:42:30,849 [pool-27-thread-1] INFO  storage.RaftStorage (RaftStorage.java:format(72)) - Storage directory /workdir/hadoop-ozone/integration-test/target/test-dir/MiniOzoneClusterImpl-ba83c363-2963-4965-b6c8-e0e7e6227b06/datanode-0/data/ratis/f6418100-85dc-49c5-a47a-2cd6b8e4f1cc has been successfully formatted.
2019-09-26 10:42:30,849 [pool-27-thread-1] INFO  ratis.ContainerStateMachine (ContainerStateMachine.java:loadSnapshot(230)) - group-2CD6B8E4F1CC: The snapshot info is null. Setting the last applied indexto:(t:0, i:~)
2019-09-26 10:42:30,850 [pool-27-thread-1] INFO  server.RaftServerConfigKeys (ConfUtils.java:logGet(43)) - raft.server.notification.no-leader.timeout = 10s (custom)
2019-09-26 10:42:30,850 [pool-27-thread-1] INFO  server.RaftServerConfigKeys (ConfUtils.java:logGet(43)) - raft.server.log.use.memory = false (default)
2019-09-26 10:42:30,850 [pool-27-thread-1] INFO  server.RaftServerConfigKeys (ConfUtils.java:logGet(43)) - raft.server.log.purge.gap = 1000000 (custom)
2019-09-26 10:42:30,850 [pool-27-thread-1] INFO  server.RaftServerConfigKeys (ConfUtils.java:logGet(43)) - raft.server.log.appender.buffer.byte-limit = 33554432 (custom)
2019-09-26 10:42:30,850 [pool-27-thread-1] INFO  server.RaftServerConfigKeys (ConfUtils.java:logGet(43)) - raft.server.log.segment.size.max = 1048576 (custom)
2019-09-26 10:42:30,850 [pool-27-thread-1] INFO  server.RaftServerConfigKeys (ConfUtils.java:logGet(43)) - raft.server.log.segment.cache.num.max = 2 (custom)
2019-09-26 10:42:30,850 [pool-27-thread-1] INFO  segmented.SegmentedRaftLogWorker (SegmentedRaftLogWorker.java:<init>(172)) - new 28e56f19-9e9b-470a-a4d9-0b249a16b927@group-2CD6B8E4F1CC-SegmentedRaftLogWorker for RaftStorage:Storage Directory /workdir/hadoop-ozone/integration-test/target/test-dir/MiniOzoneClusterImpl-ba83c363-2963-4965-b6c8-e0e7e6227b06/datanode-0/data/ratis/f6418100-85dc-49c5-a47a-2cd6b8e4f1cc
2019-09-26 10:42:30,850 [pool-27-thread-1] INFO  server.RaftServerConfigKeys (ConfUtils.java:logGet(43)) - raft.server.log.queue.byte-limit = 2147483647 (custom)
2019-09-26 10:42:30,851 [pool-27-thread-1] INFO  server.RaftServerConfigKeys (ConfUtils.java:logGet(43)) - raft.server.log.queue.element-limit = 1024 (custom)
2019-09-26 10:42:30,851 [pool-27-thread-1] INFO  server.RaftServerConfigKeys (ConfUtils.java:logGet(43)) - raft.server.log.segment.size.max = 1048576 (custom)
2019-09-26 10:42:30,851 [pool-27-thread-1] INFO  server.RaftServerConfigKeys (ConfUtils.java:logGet(43)) - raft.server.log.preallocated.size = 16384 (custom)
2019-09-26 10:42:30,851 [pool-27-thread-1] INFO  server.RaftServerConfigKeys (ConfUtils.java:logGet(43)) - raft.server.log.write.buffer.size = 33554432 (custom)
2019-09-26 10:42:30,851 [pool-27-thread-1] INFO  server.RaftServerConfigKeys (ConfUtils.java:logGet(43)) - raft.server.log.force.sync.num = 128 (default)
2019-09-26 10:42:30,851 [pool-27-thread-1] INFO  server.RaftServerConfigKeys (ConfUtils.java:logGet(43)) - raft.server.log.statemachine.data.sync = true (default)
2019-09-26 10:42:30,851 [pool-27-thread-1] INFO  server.RaftServerConfigKeys (ConfUtils.java:logGet(43)) - raft.server.log.statemachine.data.sync.timeout = 10s (default)
2019-09-26 10:42:30,851 [pool-27-thread-1] INFO  server.RaftServerConfigKeys (ConfUtils.java:logGet(43)) - raft.server.log.statemachine.data.sync.timeout.retry = -1 (default)
2019-09-26 10:42:30,852 [pool-27-thread-1] INFO  server.RaftServerConfigKeys (ConfUtils.java:logGet(43)) - raft.server.log.statemachine.data.caching.enabled = true (custom)
2019-09-26 10:42:30,852 [pool-27-thread-1] INFO  segmented.SegmentedRaftLogWorker (SegmentedRaftLogWorker.java:lambda$new$0(132)) - 28e56f19-9e9b-470a-a4d9-0b249a16b927@group-2CD6B8E4F1CC-SegmentedRaftLogWorker: flushIndex: setUnconditionally 0 -> -1
2019-09-26 10:42:30,852 [pool-27-thread-1] INFO  server.RaftServerConfigKeys (ConfUtils.java:logGet(43)) - raft.server.snapshot.auto.trigger.enabled = true (custom)
2019-09-26 10:42:30,852 [pool-27-thread-1] INFO  server.RaftServerConfigKeys (ConfUtils.java:logGet(43)) - raft.server.snapshot.auto.trigger.threshold = 10000 (custom)
2019-09-26 10:42:30,852 [pool-27-thread-1] INFO  server.RaftServerConfigKeys (ConfUtils.java:logGet(43)) - raft.server.snapshot.retention.num.files = 5 (custom)
2019-09-26 10:42:30,852 [pool-27-thread-1] INFO  server.RaftServerConfigKeys (ConfUtils.java:logGet(43)) - raft.server.retrycache.expirytime = 600000ms (custom)
2019-09-26 10:42:30,855 [pool-27-thread-1] INFO  impl.RaftServerImpl (RaftServerImpl.java:start(185)) - 28e56f19-9e9b-470a-a4d9-0b249a16b927@group-2CD6B8E4F1CC: start as a follower, conf=-1: [28e56f19-9e9b-470a-a4d9-0b249a16b927:192.168.30.13:44834], old=null
2019-09-26 10:42:30,855 [pool-27-thread-1] INFO  impl.RaftServerImpl (RaftServerImpl.java:setRole(174)) - 28e56f19-9e9b-470a-a4d9-0b249a16b927@group-2CD6B8E4F1CC: changes role from      null to FOLLOWER at term 0 for startAsFollower
2019-09-26 10:42:30,855 [pool-27-thread-1] INFO  impl.RoleInfo (RoleInfo.java:updateAndGet(143)) - 28e56f19-9e9b-470a-a4d9-0b249a16b927: start FollowerState
2019-09-26 10:42:30,855 [pool-27-thread-1] INFO  util.JmxRegister (JmxRegister.java:tryRegister(44)) - Successfully registered JMX Bean with object name Ratis:service=RaftServer,group=group-2CD6B8E4F1CC,id=28e56f19-9e9b-470a-a4d9-0b249a16b927
2019-09-26 10:42:30,861 [RatisPipelineUtilsThread] INFO  pipeline.PipelineStateManager (PipelineStateManager.java:addPipeline(56)) - Created pipeline Pipeline[ Id: f6418100-85dc-49c5-a47a-2cd6b8e4f1cc, Nodes: 28e56f19-9e9b-470a-a4d9-0b249a16b927{ip: 192.168.30.13, host: pr-hdds-1569-wvzgm-824869521, networkLocation: /default-rack, certSerialId: null}, Type:RATIS, Factor:ONE, State:OPEN]
2019-09-26 10:42:30,861 [RatisPipelineUtilsThread] INFO  pipeline.PipelinePlacementPolicy (PipelinePlacementPolicy.java:meetCriteria(91)) - Pipeline Placement: can't place more pipeline on heavy datanode： c2a6c9af-68b9-412f-956f-becf7b86d0d9 Heaviness: 6 limit: 5
2019-09-26 10:42:30,861 [RatisPipelineUtilsThread] INFO  pipeline.PipelinePlacementPolicy (PipelinePlacementPolicy.java:meetCriteria(91)) - Pipeline Placement: can't place more pipeline on heavy datanode： 28e56f19-9e9b-470a-a4d9-0b249a16b927 Heaviness: 6 limit: 5
2019-09-26 10:42:30,861 [RatisPipelineUtilsThread] INFO  pipeline.PipelinePlacementPolicy (PipelinePlacementPolicy.java:meetCriteria(91)) - Pipeline Placement: can't place more pipeline on heavy datanode： ba1aab4d-d107-47a2-be01-d124e86652a2 Heaviness: 6 limit: 5
2019-09-26 10:42:30,861 [RatisPipelineUtilsThread] INFO  pipeline.PipelinePlacementPolicy (PipelinePlacementPolicy.java:meetCriteria(91)) - Pipeline Placement: can't place more pipeline on heavy datanode： 0d880a52-66cc-417f-8cd7-70609a5fbfa8 Heaviness: 6 limit: 5
2019-09-26 10:42:30,871 [grpc-default-executor-0] INFO  impl.RaftServerProxy (RaftServerProxy.java:addNew(89)) - b39f15a2-ed1b-46ef-9b39-c0ba6a9718b6: addNew group-4544BE116079:[b39f15a2-ed1b-46ef-9b39-c0ba6a9718b6:192.168.30.13:42810] returns group-4544BE116079:java.util.concurrent.CompletableFuture@201c9a3d[Not completed]
2019-09-26 10:42:30,873 [pool-67-thread-1] INFO  impl.RaftServerImpl (RaftServerImpl.java:<init>(95)) - b39f15a2-ed1b-46ef-9b39-c0ba6a9718b6: new RaftServerImpl for group-4544BE116079:[b39f15a2-ed1b-46ef-9b39-c0ba6a9718b6:192.168.30.13:42810] with ContainerStateMachine:uninitialized
2019-09-26 10:42:30,874 [pool-67-thread-1] INFO  server.RaftServerConfigKeys (ConfUtils.java:logGet(43)) - raft.server.rpc.timeout.min = 5s (custom)
2019-09-26 10:42:30,874 [pool-67-thread-1] INFO  server.RaftServerConfigKeys (ConfUtils.java:logGet(43)) - raft.server.rpc.timeout.max = 5200ms (custom)
2019-09-26 10:42:30,874 [pool-67-thread-1] INFO  server.RaftServerConfigKeys (ConfUtils.java:logGet(43)) - raft.server.rpcslowness.timeout = 10s (custom)
2019-09-26 10:42:30,874 [pool-67-thread-1] INFO  server.RaftServerConfigKeys (ConfUtils.java:logGet(43)) - raft.server.sleep.deviation.threshold = 300 (default)
2019-09-26 10:42:30,874 [pool-67-thread-1] INFO  server.RaftServerConfigKeys (ConfUtils.java:logGet(43)) - raft.server.log.appender.install.snapshot.enabled = false (custom)
2019-09-26 10:42:30,874 [pool-67-thread-1] INFO  impl.RaftServerImpl (ServerState.java:<init>(103)) - b39f15a2-ed1b-46ef-9b39-c0ba6a9718b6@group-4544BE116079: ConfigurationManager, init=-1: [b39f15a2-ed1b-46ef-9b39-c0ba6a9718b6:192.168.30.13:42810], old=null, confs=<EMPTY_MAP>
2019-09-26 10:42:30,875 [pool-67-thread-1] INFO  server.RaftServerConfigKeys (ConfUtils.java:logGet(43)) - raft.server.storage.dir = [/workdir/hadoop-ozone/integration-test/target/test-dir/MiniOzoneClusterImpl-ba83c363-2963-4965-b6c8-e0e7e6227b06/datanode-4/data/ratis] (custom)
2019-09-26 10:42:30,875 [pool-67-thread-1] INFO  storage.RaftStorageDirectory (RaftStorageDirectory.java:analyzeStorage(246)) - The storage directory /workdir/hadoop-ozone/integration-test/target/test-dir/MiniOzoneClusterImpl-ba83c363-2963-4965-b6c8-e0e7e6227b06/datanode-4/data/ratis/b59e9c6c-8f96-4fe5-ae7f-4544be116079 does not exist. Creating ...
2019-09-26 10:42:30,888 [pool-67-thread-1] INFO  storage.RaftStorageDirectory (RaftStorageDirectory.java:tryLock(328)) - Lock on /workdir/hadoop-ozone/integration-test/target/test-dir/MiniOzoneClusterImpl-ba83c363-2963-4965-b6c8-e0e7e6227b06/datanode-4/data/ratis/b59e9c6c-8f96-4fe5-ae7f-4544be116079/in_use.lock acquired by nodename 12934@pr-hdds-1569-wvzgm-824869521
2019-09-26 10:42:30,900 [pool-67-thread-1] INFO  storage.RaftStorage (RaftStorage.java:format(72)) - Storage directory /workdir/hadoop-ozone/integration-test/target/test-dir/MiniOzoneClusterImpl-ba83c363-2963-4965-b6c8-e0e7e6227b06/datanode-4/data/ratis/b59e9c6c-8f96-4fe5-ae7f-4544be116079 has been successfully formatted.
2019-09-26 10:42:30,900 [pool-67-thread-1] INFO  ratis.ContainerStateMachine (ContainerStateMachine.java:loadSnapshot(230)) - group-4544BE116079: The snapshot info is null. Setting the last applied indexto:(t:0, i:~)
2019-09-26 10:42:30,900 [pool-67-thread-1] INFO  server.RaftServerConfigKeys (ConfUtils.java:logGet(43)) - raft.server.notification.no-leader.timeout = 10s (custom)
2019-09-26 10:42:30,900 [pool-67-thread-1] INFO  server.RaftServerConfigKeys (ConfUtils.java:logGet(43)) - raft.server.log.use.memory = false (default)
2019-09-26 10:42:30,900 [pool-67-thread-1] INFO  server.RaftServerConfigKeys (ConfUtils.java:logGet(43)) - raft.server.log.purge.gap = 1000000 (custom)
2019-09-26 10:42:30,900 [pool-67-thread-1] INFO  server.RaftServerConfigKeys (ConfUtils.java:logGet(43)) - raft.server.log.appender.buffer.byte-limit = 33554432 (custom)
2019-09-26 10:42:30,901 [pool-67-thread-1] INFO  server.RaftServerConfigKeys (ConfUtils.java:logGet(43)) - raft.server.log.segment.size.max = 1048576 (custom)
2019-09-26 10:42:30,901 [pool-67-thread-1] INFO  server.RaftServerConfigKeys (ConfUtils.java:logGet(43)) - raft.server.log.segment.cache.num.max = 2 (custom)
2019-09-26 10:42:30,901 [pool-67-thread-1] INFO  segmented.SegmentedRaftLogWorker (SegmentedRaftLogWorker.java:<init>(172)) - new b39f15a2-ed1b-46ef-9b39-c0ba6a9718b6@group-4544BE116079-SegmentedRaftLogWorker for RaftStorage:Storage Directory /workdir/hadoop-ozone/integration-test/target/test-dir/MiniOzoneClusterImpl-ba83c363-2963-4965-b6c8-e0e7e6227b06/datanode-4/data/ratis/b59e9c6c-8f96-4fe5-ae7f-4544be116079
2019-09-26 10:42:30,901 [pool-67-thread-1] INFO  server.RaftServerConfigKeys (ConfUtils.java:logGet(43)) - raft.server.log.queue.byte-limit = 2147483647 (custom)
2019-09-26 10:42:30,901 [pool-67-thread-1] INFO  server.RaftServerConfigKeys (ConfUtils.java:logGet(43)) - raft.server.log.queue.element-limit = 1024 (custom)
2019-09-26 10:42:30,901 [pool-67-thread-1] INFO  server.RaftServerConfigKeys (ConfUtils.java:logGet(43)) - raft.server.log.segment.size.max = 1048576 (custom)
2019-09-26 10:42:30,901 [pool-67-thread-1] INFO  server.RaftServerConfigKeys (ConfUtils.java:logGet(43)) - raft.server.log.preallocated.size = 16384 (custom)
2019-09-26 10:42:30,901 [pool-67-thread-1] INFO  server.RaftServerConfigKeys (ConfUtils.java:logGet(43)) - raft.server.log.write.buffer.size = 33554432 (custom)
2019-09-26 10:42:30,901 [pool-67-thread-1] INFO  server.RaftServerConfigKeys (ConfUtils.java:logGet(43)) - raft.server.log.force.sync.num = 128 (default)
2019-09-26 10:42:30,902 [pool-67-thread-1] INFO  server.RaftServerConfigKeys (ConfUtils.java:logGet(43)) - raft.server.log.statemachine.data.sync = true (default)
2019-09-26 10:42:30,902 [pool-67-thread-1] INFO  server.RaftServerConfigKeys (ConfUtils.java:logGet(43)) - raft.server.log.statemachine.data.sync.timeout = 10s (default)
2019-09-26 10:42:30,902 [pool-67-thread-1] INFO  server.RaftServerConfigKeys (ConfUtils.java:logGet(43)) - raft.server.log.statemachine.data.sync.timeout.retry = -1 (default)
2019-09-26 10:42:30,902 [pool-67-thread-1] INFO  server.RaftServerConfigKeys (ConfUtils.java:logGet(43)) - raft.server.log.statemachine.data.caching.enabled = true (custom)
2019-09-26 10:42:30,902 [pool-67-thread-1] INFO  segmented.SegmentedRaftLogWorker (SegmentedRaftLogWorker.java:lambda$new$0(132)) - b39f15a2-ed1b-46ef-9b39-c0ba6a9718b6@group-4544BE116079-SegmentedRaftLogWorker: flushIndex: setUnconditionally 0 -> -1
2019-09-26 10:42:30,903 [pool-67-thread-1] INFO  server.RaftServerConfigKeys (ConfUtils.java:logGet(43)) - raft.server.snapshot.auto.trigger.enabled = true (custom)
2019-09-26 10:42:30,903 [pool-67-thread-1] INFO  server.RaftServerConfigKeys (ConfUtils.java:logGet(43)) - raft.server.snapshot.auto.trigger.threshold = 10000 (custom)
2019-09-26 10:42:30,903 [pool-67-thread-1] INFO  server.RaftServerConfigKeys (ConfUtils.java:logGet(43)) - raft.server.snapshot.retention.num.files = 5 (custom)
2019-09-26 10:42:30,903 [pool-67-thread-1] INFO  server.RaftServerConfigKeys (ConfUtils.java:logGet(43)) - raft.server.retrycache.expirytime = 600000ms (custom)
2019-09-26 10:42:30,907 [pool-67-thread-1] INFO  impl.RaftServerImpl (RaftServerImpl.java:start(185)) - b39f15a2-ed1b-46ef-9b39-c0ba6a9718b6@group-4544BE116079: start as a follower, conf=-1: [b39f15a2-ed1b-46ef-9b39-c0ba6a9718b6:192.168.30.13:42810], old=null
2019-09-26 10:42:30,907 [pool-67-thread-1] INFO  impl.RaftServerImpl (RaftServerImpl.java:setRole(174)) - b39f15a2-ed1b-46ef-9b39-c0ba6a9718b6@group-4544BE116079: changes role from      null to FOLLOWER at term 0 for startAsFollower
2019-09-26 10:42:30,907 [pool-67-thread-1] INFO  impl.RoleInfo (RoleInfo.java:updateAndGet(143)) - b39f15a2-ed1b-46ef-9b39-c0ba6a9718b6: start FollowerState
2019-09-26 10:42:30,907 [pool-67-thread-1] INFO  util.JmxRegister (JmxRegister.java:tryRegister(44)) - Successfully registered JMX Bean with object name Ratis:service=RaftServer,group=group-4544BE116079,id=b39f15a2-ed1b-46ef-9b39-c0ba6a9718b6
2019-09-26 10:42:30,916 [RatisPipelineUtilsThread] INFO  pipeline.PipelineStateManager (PipelineStateManager.java:addPipeline(56)) - Created pipeline Pipeline[ Id: b59e9c6c-8f96-4fe5-ae7f-4544be116079, Nodes: b39f15a2-ed1b-46ef-9b39-c0ba6a9718b6{ip: 192.168.30.13, host: pr-hdds-1569-wvzgm-824869521, networkLocation: /default-rack, certSerialId: null}, Type:RATIS, Factor:ONE, State:OPEN]
2019-09-26 10:42:30,916 [RatisPipelineUtilsThread] INFO  pipeline.PipelinePlacementPolicy (PipelinePlacementPolicy.java:meetCriteria(91)) - Pipeline Placement: can't place more pipeline on heavy datanode： c2a6c9af-68b9-412f-956f-becf7b86d0d9 Heaviness: 6 limit: 5
2019-09-26 10:42:30,916 [RatisPipelineUtilsThread] INFO  pipeline.PipelinePlacementPolicy (PipelinePlacementPolicy.java:meetCriteria(91)) - Pipeline Placement: can't place more pipeline on heavy datanode： 28e56f19-9e9b-470a-a4d9-0b249a16b927 Heaviness: 6 limit: 5
2019-09-26 10:42:30,916 [RatisPipelineUtilsThread] INFO  pipeline.PipelinePlacementPolicy (PipelinePlacementPolicy.java:meetCriteria(91)) - Pipeline Placement: can't place more pipeline on heavy datanode： ba1aab4d-d107-47a2-be01-d124e86652a2 Heaviness: 6 limit: 5
2019-09-26 10:42:30,916 [RatisPipelineUtilsThread] INFO  pipeline.PipelinePlacementPolicy (PipelinePlacementPolicy.java:meetCriteria(91)) - Pipeline Placement: can't place more pipeline on heavy datanode： 0d880a52-66cc-417f-8cd7-70609a5fbfa8 Heaviness: 6 limit: 5
2019-09-26 10:42:30,926 [grpc-default-executor-0] INFO  impl.RaftServerProxy (RaftServerProxy.java:addNew(89)) - 766dc5f6-32d2-4403-bd57-0044e97b5c0e: addNew group-2DFF8B4E7003:[766dc5f6-32d2-4403-bd57-0044e97b5c0e:192.168.30.13:45523] returns group-2DFF8B4E7003:java.util.concurrent.CompletableFuture@6da6cc06[Not completed]
2019-09-26 10:42:30,927 [pool-57-thread-1] INFO  impl.RaftServerImpl (RaftServerImpl.java:<init>(95)) - 766dc5f6-32d2-4403-bd57-0044e97b5c0e: new RaftServerImpl for group-2DFF8B4E7003:[766dc5f6-32d2-4403-bd57-0044e97b5c0e:192.168.30.13:45523] with ContainerStateMachine:uninitialized
2019-09-26 10:42:30,927 [pool-57-thread-1] INFO  server.RaftServerConfigKeys (ConfUtils.java:logGet(43)) - raft.server.rpc.timeout.min = 5s (custom)
2019-09-26 10:42:30,927 [pool-57-thread-1] INFO  server.RaftServerConfigKeys (ConfUtils.java:logGet(43)) - raft.server.rpc.timeout.max = 5200ms (custom)
2019-09-26 10:42:30,927 [pool-57-thread-1] INFO  server.RaftServerConfigKeys (ConfUtils.java:logGet(43)) - raft.server.rpcslowness.timeout = 10s (custom)
2019-09-26 10:42:30,927 [pool-57-thread-1] INFO  server.RaftServerConfigKeys (ConfUtils.java:logGet(43)) - raft.server.sleep.deviation.threshold = 300 (default)
2019-09-26 10:42:30,928 [pool-57-thread-1] INFO  server.RaftServerConfigKeys (ConfUtils.java:logGet(43)) - raft.server.log.appender.install.snapshot.enabled = false (custom)
2019-09-26 10:42:30,928 [pool-57-thread-1] INFO  impl.RaftServerImpl (ServerState.java:<init>(103)) - 766dc5f6-32d2-4403-bd57-0044e97b5c0e@group-2DFF8B4E7003: ConfigurationManager, init=-1: [766dc5f6-32d2-4403-bd57-0044e97b5c0e:192.168.30.13:45523], old=null, confs=<EMPTY_MAP>
2019-09-26 10:42:30,928 [pool-57-thread-1] INFO  server.RaftServerConfigKeys (ConfUtils.java:logGet(43)) - raft.server.storage.dir = [/workdir/hadoop-ozone/integration-test/target/test-dir/MiniOzoneClusterImpl-ba83c363-2963-4965-b6c8-e0e7e6227b06/datanode-3/data/ratis] (custom)
2019-09-26 10:42:30,928 [pool-57-thread-1] INFO  storage.RaftStorageDirectory (RaftStorageDirectory.java:analyzeStorage(246)) - The storage directory /workdir/hadoop-ozone/integration-test/target/test-dir/MiniOzoneClusterImpl-ba83c363-2963-4965-b6c8-e0e7e6227b06/datanode-3/data/ratis/696ed9d7-9e76-4511-8d1a-2dff8b4e7003 does not exist. Creating ...
2019-09-26 10:42:30,941 [pool-57-thread-1] INFO  storage.RaftStorageDirectory (RaftStorageDirectory.java:tryLock(328)) - Lock on /workdir/hadoop-ozone/integration-test/target/test-dir/MiniOzoneClusterImpl-ba83c363-2963-4965-b6c8-e0e7e6227b06/datanode-3/data/ratis/696ed9d7-9e76-4511-8d1a-2dff8b4e7003/in_use.lock acquired by nodename 12934@pr-hdds-1569-wvzgm-824869521
2019-09-26 10:42:30,954 [pool-57-thread-1] INFO  storage.RaftStorage (RaftStorage.java:format(72)) - Storage directory /workdir/hadoop-ozone/integration-test/target/test-dir/MiniOzoneClusterImpl-ba83c363-2963-4965-b6c8-e0e7e6227b06/datanode-3/data/ratis/696ed9d7-9e76-4511-8d1a-2dff8b4e7003 has been successfully formatted.
2019-09-26 10:42:30,955 [pool-57-thread-1] INFO  ratis.ContainerStateMachine (ContainerStateMachine.java:loadSnapshot(230)) - group-2DFF8B4E7003: The snapshot info is null. Setting the last applied indexto:(t:0, i:~)
2019-09-26 10:42:30,955 [pool-57-thread-1] INFO  server.RaftServerConfigKeys (ConfUtils.java:logGet(43)) - raft.server.notification.no-leader.timeout = 10s (custom)
2019-09-26 10:42:30,955 [pool-57-thread-1] INFO  server.RaftServerConfigKeys (ConfUtils.java:logGet(43)) - raft.server.log.use.memory = false (default)
2019-09-26 10:42:30,955 [pool-57-thread-1] INFO  server.RaftServerConfigKeys (ConfUtils.java:logGet(43)) - raft.server.log.purge.gap = 1000000 (custom)
2019-09-26 10:42:30,955 [pool-57-thread-1] INFO  server.RaftServerConfigKeys (ConfUtils.java:logGet(43)) - raft.server.log.appender.buffer.byte-limit = 33554432 (custom)
2019-09-26 10:42:30,956 [pool-57-thread-1] INFO  server.RaftServerConfigKeys (ConfUtils.java:logGet(43)) - raft.server.log.segment.size.max = 1048576 (custom)
2019-09-26 10:42:30,956 [pool-57-thread-1] INFO  server.RaftServerConfigKeys (ConfUtils.java:logGet(43)) - raft.server.log.segment.cache.num.max = 2 (custom)
2019-09-26 10:42:30,956 [pool-57-thread-1] INFO  segmented.SegmentedRaftLogWorker (SegmentedRaftLogWorker.java:<init>(172)) - new 766dc5f6-32d2-4403-bd57-0044e97b5c0e@group-2DFF8B4E7003-SegmentedRaftLogWorker for RaftStorage:Storage Directory /workdir/hadoop-ozone/integration-test/target/test-dir/MiniOzoneClusterImpl-ba83c363-2963-4965-b6c8-e0e7e6227b06/datanode-3/data/ratis/696ed9d7-9e76-4511-8d1a-2dff8b4e7003
2019-09-26 10:42:30,956 [pool-57-thread-1] INFO  server.RaftServerConfigKeys (ConfUtils.java:logGet(43)) - raft.server.log.queue.byte-limit = 2147483647 (custom)
2019-09-26 10:42:30,956 [pool-57-thread-1] INFO  server.RaftServerConfigKeys (ConfUtils.java:logGet(43)) - raft.server.log.queue.element-limit = 1024 (custom)
2019-09-26 10:42:30,956 [pool-57-thread-1] INFO  server.RaftServerConfigKeys (ConfUtils.java:logGet(43)) - raft.server.log.segment.size.max = 1048576 (custom)
2019-09-26 10:42:30,957 [pool-57-thread-1] INFO  server.RaftServerConfigKeys (ConfUtils.java:logGet(43)) - raft.server.log.preallocated.size = 16384 (custom)
2019-09-26 10:42:30,957 [pool-57-thread-1] INFO  server.RaftServerConfigKeys (ConfUtils.java:logGet(43)) - raft.server.log.write.buffer.size = 33554432 (custom)
2019-09-26 10:42:30,957 [pool-57-thread-1] INFO  server.RaftServerConfigKeys (ConfUtils.java:logGet(43)) - raft.server.log.force.sync.num = 128 (default)
2019-09-26 10:42:30,957 [pool-57-thread-1] INFO  server.RaftServerConfigKeys (ConfUtils.java:logGet(43)) - raft.server.log.statemachine.data.sync = true (default)
2019-09-26 10:42:30,957 [pool-57-thread-1] INFO  server.RaftServerConfigKeys (ConfUtils.java:logGet(43)) - raft.server.log.statemachine.data.sync.timeout = 10s (default)
2019-09-26 10:42:30,957 [pool-57-thread-1] INFO  server.RaftServerConfigKeys (ConfUtils.java:logGet(43)) - raft.server.log.statemachine.data.sync.timeout.retry = -1 (default)
2019-09-26 10:42:30,957 [pool-57-thread-1] INFO  server.RaftServerConfigKeys (ConfUtils.java:logGet(43)) - raft.server.log.statemachine.data.caching.enabled = true (custom)
2019-09-26 10:42:30,958 [pool-57-thread-1] INFO  segmented.SegmentedRaftLogWorker (SegmentedRaftLogWorker.java:lambda$new$0(132)) - 766dc5f6-32d2-4403-bd57-0044e97b5c0e@group-2DFF8B4E7003-SegmentedRaftLogWorker: flushIndex: setUnconditionally 0 -> -1
2019-09-26 10:42:30,958 [pool-57-thread-1] INFO  server.RaftServerConfigKeys (ConfUtils.java:logGet(43)) - raft.server.snapshot.auto.trigger.enabled = true (custom)
2019-09-26 10:42:30,958 [pool-57-thread-1] INFO  server.RaftServerConfigKeys (ConfUtils.java:logGet(43)) - raft.server.snapshot.auto.trigger.threshold = 10000 (custom)
2019-09-26 10:42:30,958 [pool-57-thread-1] INFO  server.RaftServerConfigKeys (ConfUtils.java:logGet(43)) - raft.server.snapshot.retention.num.files = 5 (custom)
2019-09-26 10:42:30,958 [pool-57-thread-1] INFO  server.RaftServerConfigKeys (ConfUtils.java:logGet(43)) - raft.server.retrycache.expirytime = 600000ms (custom)
2019-09-26 10:42:30,961 [pool-57-thread-1] INFO  impl.RaftServerImpl (RaftServerImpl.java:start(185)) - 766dc5f6-32d2-4403-bd57-0044e97b5c0e@group-2DFF8B4E7003: start as a follower, conf=-1: [766dc5f6-32d2-4403-bd57-0044e97b5c0e:192.168.30.13:45523], old=null
2019-09-26 10:42:30,961 [pool-57-thread-1] INFO  impl.RaftServerImpl (RaftServerImpl.java:setRole(174)) - 766dc5f6-32d2-4403-bd57-0044e97b5c0e@group-2DFF8B4E7003: changes role from      null to FOLLOWER at term 0 for startAsFollower
2019-09-26 10:42:30,961 [pool-57-thread-1] INFO  impl.RoleInfo (RoleInfo.java:updateAndGet(143)) - 766dc5f6-32d2-4403-bd57-0044e97b5c0e: start FollowerState
2019-09-26 10:42:30,961 [pool-57-thread-1] INFO  util.JmxRegister (JmxRegister.java:tryRegister(44)) - Successfully registered JMX Bean with object name Ratis:service=RaftServer,group=group-2DFF8B4E7003,id=766dc5f6-32d2-4403-bd57-0044e97b5c0e
2019-09-26 10:42:30,967 [RatisPipelineUtilsThread] INFO  pipeline.PipelineStateManager (PipelineStateManager.java:addPipeline(56)) - Created pipeline Pipeline[ Id: 696ed9d7-9e76-4511-8d1a-2dff8b4e7003, Nodes: 766dc5f6-32d2-4403-bd57-0044e97b5c0e{ip: 192.168.30.13, host: pr-hdds-1569-wvzgm-824869521, networkLocation: /default-rack, certSerialId: null}, Type:RATIS, Factor:ONE, State:OPEN]
2019-09-26 10:42:30,967 [RatisPipelineUtilsThread] INFO  pipeline.PipelinePlacementPolicy (PipelinePlacementPolicy.java:meetCriteria(91)) - Pipeline Placement: can't place more pipeline on heavy datanode： c2a6c9af-68b9-412f-956f-becf7b86d0d9 Heaviness: 6 limit: 5
2019-09-26 10:42:30,968 [RatisPipelineUtilsThread] INFO  pipeline.PipelinePlacementPolicy (PipelinePlacementPolicy.java:meetCriteria(91)) - Pipeline Placement: can't place more pipeline on heavy datanode： 28e56f19-9e9b-470a-a4d9-0b249a16b927 Heaviness: 6 limit: 5
2019-09-26 10:42:30,968 [RatisPipelineUtilsThread] INFO  pipeline.PipelinePlacementPolicy (PipelinePlacementPolicy.java:meetCriteria(91)) - Pipeline Placement: can't place more pipeline on heavy datanode： ba1aab4d-d107-47a2-be01-d124e86652a2 Heaviness: 6 limit: 5
2019-09-26 10:42:30,968 [RatisPipelineUtilsThread] INFO  pipeline.PipelinePlacementPolicy (PipelinePlacementPolicy.java:meetCriteria(91)) - Pipeline Placement: can't place more pipeline on heavy datanode： 0d880a52-66cc-417f-8cd7-70609a5fbfa8 Heaviness: 6 limit: 5
2019-09-26 10:42:30,977 [grpc-default-executor-0] INFO  impl.RaftServerProxy (RaftServerProxy.java:addNew(89)) - b39f15a2-ed1b-46ef-9b39-c0ba6a9718b6: addNew group-3244F4C43762:[b39f15a2-ed1b-46ef-9b39-c0ba6a9718b6:192.168.30.13:42810] returns group-3244F4C43762:java.util.concurrent.CompletableFuture@7b11c6e[Not completed]
2019-09-26 10:42:30,980 [pool-67-thread-1] INFO  impl.RaftServerImpl (RaftServerImpl.java:<init>(95)) - b39f15a2-ed1b-46ef-9b39-c0ba6a9718b6: new RaftServerImpl for group-3244F4C43762:[b39f15a2-ed1b-46ef-9b39-c0ba6a9718b6:192.168.30.13:42810] with ContainerStateMachine:uninitialized
2019-09-26 10:42:30,980 [pool-67-thread-1] INFO  server.RaftServerConfigKeys (ConfUtils.java:logGet(43)) - raft.server.rpc.timeout.min = 5s (custom)
2019-09-26 10:42:30,980 [pool-67-thread-1] INFO  server.RaftServerConfigKeys (ConfUtils.java:logGet(43)) - raft.server.rpc.timeout.max = 5200ms (custom)
2019-09-26 10:42:30,981 [pool-67-thread-1] INFO  server.RaftServerConfigKeys (ConfUtils.java:logGet(43)) - raft.server.rpcslowness.timeout = 10s (custom)
2019-09-26 10:42:30,981 [pool-67-thread-1] INFO  server.RaftServerConfigKeys (ConfUtils.java:logGet(43)) - raft.server.sleep.deviation.threshold = 300 (default)
2019-09-26 10:42:30,981 [pool-67-thread-1] INFO  server.RaftServerConfigKeys (ConfUtils.java:logGet(43)) - raft.server.log.appender.install.snapshot.enabled = false (custom)
2019-09-26 10:42:30,981 [pool-67-thread-1] INFO  impl.RaftServerImpl (ServerState.java:<init>(103)) - b39f15a2-ed1b-46ef-9b39-c0ba6a9718b6@group-3244F4C43762: ConfigurationManager, init=-1: [b39f15a2-ed1b-46ef-9b39-c0ba6a9718b6:192.168.30.13:42810], old=null, confs=<EMPTY_MAP>
2019-09-26 10:42:30,981 [pool-67-thread-1] INFO  server.RaftServerConfigKeys (ConfUtils.java:logGet(43)) - raft.server.storage.dir = [/workdir/hadoop-ozone/integration-test/target/test-dir/MiniOzoneClusterImpl-ba83c363-2963-4965-b6c8-e0e7e6227b06/datanode-4/data/ratis] (custom)
2019-09-26 10:42:30,982 [pool-67-thread-1] INFO  storage.RaftStorageDirectory (RaftStorageDirectory.java:analyzeStorage(246)) - The storage directory /workdir/hadoop-ozone/integration-test/target/test-dir/MiniOzoneClusterImpl-ba83c363-2963-4965-b6c8-e0e7e6227b06/datanode-4/data/ratis/3eed379d-307d-4a82-9ebe-3244f4c43762 does not exist. Creating ...
2019-09-26 10:42:30,995 [pool-67-thread-1] INFO  storage.RaftStorageDirectory (RaftStorageDirectory.java:tryLock(328)) - Lock on /workdir/hadoop-ozone/integration-test/target/test-dir/MiniOzoneClusterImpl-ba83c363-2963-4965-b6c8-e0e7e6227b06/datanode-4/data/ratis/3eed379d-307d-4a82-9ebe-3244f4c43762/in_use.lock acquired by nodename 12934@pr-hdds-1569-wvzgm-824869521
2019-09-26 10:42:31,008 [pool-67-thread-1] INFO  storage.RaftStorage (RaftStorage.java:format(72)) - Storage directory /workdir/hadoop-ozone/integration-test/target/test-dir/MiniOzoneClusterImpl-ba83c363-2963-4965-b6c8-e0e7e6227b06/datanode-4/data/ratis/3eed379d-307d-4a82-9ebe-3244f4c43762 has been successfully formatted.
2019-09-26 10:42:31,008 [pool-67-thread-1] INFO  ratis.ContainerStateMachine (ContainerStateMachine.java:loadSnapshot(230)) - group-3244F4C43762: The snapshot info is null. Setting the last applied indexto:(t:0, i:~)
2019-09-26 10:42:31,008 [pool-67-thread-1] INFO  server.RaftServerConfigKeys (ConfUtils.java:logGet(43)) - raft.server.notification.no-leader.timeout = 10s (custom)
2019-09-26 10:42:31,008 [pool-67-thread-1] INFO  server.RaftServerConfigKeys (ConfUtils.java:logGet(43)) - raft.server.log.use.memory = false (default)
2019-09-26 10:42:31,008 [pool-67-thread-1] INFO  server.RaftServerConfigKeys (ConfUtils.java:logGet(43)) - raft.server.log.purge.gap = 1000000 (custom)
2019-09-26 10:42:31,009 [pool-67-thread-1] INFO  server.RaftServerConfigKeys (ConfUtils.java:logGet(43)) - raft.server.log.appender.buffer.byte-limit = 33554432 (custom)
2019-09-26 10:42:31,009 [pool-67-thread-1] INFO  server.RaftServerConfigKeys (ConfUtils.java:logGet(43)) - raft.server.log.segment.size.max = 1048576 (custom)
2019-09-26 10:42:31,009 [pool-67-thread-1] INFO  server.RaftServerConfigKeys (ConfUtils.java:logGet(43)) - raft.server.log.segment.cache.num.max = 2 (custom)
2019-09-26 10:42:31,009 [pool-67-thread-1] INFO  segmented.SegmentedRaftLogWorker (SegmentedRaftLogWorker.java:<init>(172)) - new b39f15a2-ed1b-46ef-9b39-c0ba6a9718b6@group-3244F4C43762-SegmentedRaftLogWorker for RaftStorage:Storage Directory /workdir/hadoop-ozone/integration-test/target/test-dir/MiniOzoneClusterImpl-ba83c363-2963-4965-b6c8-e0e7e6227b06/datanode-4/data/ratis/3eed379d-307d-4a82-9ebe-3244f4c43762
2019-09-26 10:42:31,009 [pool-67-thread-1] INFO  server.RaftServerConfigKeys (ConfUtils.java:logGet(43)) - raft.server.log.queue.byte-limit = 2147483647 (custom)
2019-09-26 10:42:31,009 [pool-67-thread-1] INFO  server.RaftServerConfigKeys (ConfUtils.java:logGet(43)) - raft.server.log.queue.element-limit = 1024 (custom)
2019-09-26 10:42:31,010 [pool-67-thread-1] INFO  server.RaftServerConfigKeys (ConfUtils.java:logGet(43)) - raft.server.log.segment.size.max = 1048576 (custom)
2019-09-26 10:42:31,010 [pool-67-thread-1] INFO  server.RaftServerConfigKeys (ConfUtils.java:logGet(43)) - raft.server.log.preallocated.size = 16384 (custom)
2019-09-26 10:42:31,010 [pool-67-thread-1] INFO  server.RaftServerConfigKeys (ConfUtils.java:logGet(43)) - raft.server.log.write.buffer.size = 33554432 (custom)
2019-09-26 10:42:31,010 [pool-67-thread-1] INFO  server.RaftServerConfigKeys (ConfUtils.java:logGet(43)) - raft.server.log.force.sync.num = 128 (default)
2019-09-26 10:42:31,010 [pool-67-thread-1] INFO  server.RaftServerConfigKeys (ConfUtils.java:logGet(43)) - raft.server.log.statemachine.data.sync = true (default)
2019-09-26 10:42:31,010 [pool-67-thread-1] INFO  server.RaftServerConfigKeys (ConfUtils.java:logGet(43)) - raft.server.log.statemachine.data.sync.timeout = 10s (default)
2019-09-26 10:42:31,010 [pool-67-thread-1] INFO  server.RaftServerConfigKeys (ConfUtils.java:logGet(43)) - raft.server.log.statemachine.data.sync.timeout.retry = -1 (default)
2019-09-26 10:42:31,011 [pool-67-thread-1] INFO  server.RaftServerConfigKeys (ConfUtils.java:logGet(43)) - raft.server.log.statemachine.data.caching.enabled = true (custom)
2019-09-26 10:42:31,011 [pool-67-thread-1] INFO  segmented.SegmentedRaftLogWorker (SegmentedRaftLogWorker.java:lambda$new$0(132)) - b39f15a2-ed1b-46ef-9b39-c0ba6a9718b6@group-3244F4C43762-SegmentedRaftLogWorker: flushIndex: setUnconditionally 0 -> -1
2019-09-26 10:42:31,011 [pool-67-thread-1] INFO  server.RaftServerConfigKeys (ConfUtils.java:logGet(43)) - raft.server.snapshot.auto.trigger.enabled = true (custom)
2019-09-26 10:42:31,012 [pool-67-thread-1] INFO  server.RaftServerConfigKeys (ConfUtils.java:logGet(43)) - raft.server.snapshot.auto.trigger.threshold = 10000 (custom)
2019-09-26 10:42:31,012 [pool-67-thread-1] INFO  server.RaftServerConfigKeys (ConfUtils.java:logGet(43)) - raft.server.snapshot.retention.num.files = 5 (custom)
2019-09-26 10:42:31,012 [pool-67-thread-1] INFO  server.RaftServerConfigKeys (ConfUtils.java:logGet(43)) - raft.server.retrycache.expirytime = 600000ms (custom)
2019-09-26 10:42:31,015 [pool-67-thread-1] INFO  impl.RaftServerImpl (RaftServerImpl.java:start(185)) - b39f15a2-ed1b-46ef-9b39-c0ba6a9718b6@group-3244F4C43762: start as a follower, conf=-1: [b39f15a2-ed1b-46ef-9b39-c0ba6a9718b6:192.168.30.13:42810], old=null
2019-09-26 10:42:31,015 [pool-67-thread-1] INFO  impl.RaftServerImpl (RaftServerImpl.java:setRole(174)) - b39f15a2-ed1b-46ef-9b39-c0ba6a9718b6@group-3244F4C43762: changes role from      null to FOLLOWER at term 0 for startAsFollower
2019-09-26 10:42:31,016 [pool-67-thread-1] INFO  impl.RoleInfo (RoleInfo.java:updateAndGet(143)) - b39f15a2-ed1b-46ef-9b39-c0ba6a9718b6: start FollowerState
2019-09-26 10:42:31,016 [pool-67-thread-1] INFO  util.JmxRegister (JmxRegister.java:tryRegister(44)) - Successfully registered JMX Bean with object name Ratis:service=RaftServer,group=group-3244F4C43762,id=b39f15a2-ed1b-46ef-9b39-c0ba6a9718b6
2019-09-26 10:42:31,022 [RatisPipelineUtilsThread] INFO  pipeline.PipelineStateManager (PipelineStateManager.java:addPipeline(56)) - Created pipeline Pipeline[ Id: 3eed379d-307d-4a82-9ebe-3244f4c43762, Nodes: b39f15a2-ed1b-46ef-9b39-c0ba6a9718b6{ip: 192.168.30.13, host: pr-hdds-1569-wvzgm-824869521, networkLocation: /default-rack, certSerialId: null}, Type:RATIS, Factor:ONE, State:OPEN]
2019-09-26 10:42:31,022 [RatisPipelineUtilsThread] INFO  pipeline.PipelinePlacementPolicy (PipelinePlacementPolicy.java:meetCriteria(91)) - Pipeline Placement: can't place more pipeline on heavy datanode： c2a6c9af-68b9-412f-956f-becf7b86d0d9 Heaviness: 6 limit: 5
2019-09-26 10:42:31,022 [RatisPipelineUtilsThread] INFO  pipeline.PipelinePlacementPolicy (PipelinePlacementPolicy.java:meetCriteria(91)) - Pipeline Placement: can't place more pipeline on heavy datanode： 28e56f19-9e9b-470a-a4d9-0b249a16b927 Heaviness: 6 limit: 5
2019-09-26 10:42:31,022 [RatisPipelineUtilsThread] INFO  pipeline.PipelinePlacementPolicy (PipelinePlacementPolicy.java:meetCriteria(91)) - Pipeline Placement: can't place more pipeline on heavy datanode： ba1aab4d-d107-47a2-be01-d124e86652a2 Heaviness: 6 limit: 5
2019-09-26 10:42:31,022 [RatisPipelineUtilsThread] INFO  pipeline.PipelinePlacementPolicy (PipelinePlacementPolicy.java:meetCriteria(91)) - Pipeline Placement: can't place more pipeline on heavy datanode： 0d880a52-66cc-417f-8cd7-70609a5fbfa8 Heaviness: 6 limit: 5
2019-09-26 10:42:31,023 [RatisPipelineUtilsThread] INFO  pipeline.PipelinePlacementPolicy (PipelinePlacementPolicy.java:meetCriteria(91)) - Pipeline Placement: can't place more pipeline on heavy datanode： b39f15a2-ed1b-46ef-9b39-c0ba6a9718b6 Heaviness: 6 limit: 5
2019-09-26 10:42:31,032 [grpc-default-executor-0] INFO  impl.RaftServerProxy (RaftServerProxy.java:addNew(89)) - 766dc5f6-32d2-4403-bd57-0044e97b5c0e: addNew group-525D2C6C19C8:[766dc5f6-32d2-4403-bd57-0044e97b5c0e:192.168.30.13:45523] returns group-525D2C6C19C8:java.util.concurrent.CompletableFuture@5edc2916[Not completed]
2019-09-26 10:42:31,034 [pool-57-thread-1] INFO  impl.RaftServerImpl (RaftServerImpl.java:<init>(95)) - 766dc5f6-32d2-4403-bd57-0044e97b5c0e: new RaftServerImpl for group-525D2C6C19C8:[766dc5f6-32d2-4403-bd57-0044e97b5c0e:192.168.30.13:45523] with ContainerStateMachine:uninitialized
2019-09-26 10:42:31,034 [pool-57-thread-1] INFO  server.RaftServerConfigKeys (ConfUtils.java:logGet(43)) - raft.server.rpc.timeout.min = 5s (custom)
2019-09-26 10:42:31,034 [pool-57-thread-1] INFO  server.RaftServerConfigKeys (ConfUtils.java:logGet(43)) - raft.server.rpc.timeout.max = 5200ms (custom)
2019-09-26 10:42:31,034 [pool-57-thread-1] INFO  server.RaftServerConfigKeys (ConfUtils.java:logGet(43)) - raft.server.rpcslowness.timeout = 10s (custom)
2019-09-26 10:42:31,034 [pool-57-thread-1] INFO  server.RaftServerConfigKeys (ConfUtils.java:logGet(43)) - raft.server.sleep.deviation.threshold = 300 (default)
2019-09-26 10:42:31,034 [pool-57-thread-1] INFO  server.RaftServerConfigKeys (ConfUtils.java:logGet(43)) - raft.server.log.appender.install.snapshot.enabled = false (custom)
2019-09-26 10:42:31,034 [pool-57-thread-1] INFO  impl.RaftServerImpl (ServerState.java:<init>(103)) - 766dc5f6-32d2-4403-bd57-0044e97b5c0e@group-525D2C6C19C8: ConfigurationManager, init=-1: [766dc5f6-32d2-4403-bd57-0044e97b5c0e:192.168.30.13:45523], old=null, confs=<EMPTY_MAP>
2019-09-26 10:42:31,035 [pool-57-thread-1] INFO  server.RaftServerConfigKeys (ConfUtils.java:logGet(43)) - raft.server.storage.dir = [/workdir/hadoop-ozone/integration-test/target/test-dir/MiniOzoneClusterImpl-ba83c363-2963-4965-b6c8-e0e7e6227b06/datanode-3/data/ratis] (custom)
2019-09-26 10:42:31,035 [pool-57-thread-1] INFO  storage.RaftStorageDirectory (RaftStorageDirectory.java:analyzeStorage(246)) - The storage directory /workdir/hadoop-ozone/integration-test/target/test-dir/MiniOzoneClusterImpl-ba83c363-2963-4965-b6c8-e0e7e6227b06/datanode-3/data/ratis/02066545-f9d6-4a29-b644-525d2c6c19c8 does not exist. Creating ...
2019-09-26 10:42:31,047 [pool-57-thread-1] INFO  storage.RaftStorageDirectory (RaftStorageDirectory.java:tryLock(328)) - Lock on /workdir/hadoop-ozone/integration-test/target/test-dir/MiniOzoneClusterImpl-ba83c363-2963-4965-b6c8-e0e7e6227b06/datanode-3/data/ratis/02066545-f9d6-4a29-b644-525d2c6c19c8/in_use.lock acquired by nodename 12934@pr-hdds-1569-wvzgm-824869521
2019-09-26 10:42:31,060 [pool-57-thread-1] INFO  storage.RaftStorage (RaftStorage.java:format(72)) - Storage directory /workdir/hadoop-ozone/integration-test/target/test-dir/MiniOzoneClusterImpl-ba83c363-2963-4965-b6c8-e0e7e6227b06/datanode-3/data/ratis/02066545-f9d6-4a29-b644-525d2c6c19c8 has been successfully formatted.
2019-09-26 10:42:31,060 [pool-57-thread-1] INFO  ratis.ContainerStateMachine (ContainerStateMachine.java:loadSnapshot(230)) - group-525D2C6C19C8: The snapshot info is null. Setting the last applied indexto:(t:0, i:~)
2019-09-26 10:42:31,060 [pool-57-thread-1] INFO  server.RaftServerConfigKeys (ConfUtils.java:logGet(43)) - raft.server.notification.no-leader.timeout = 10s (custom)
2019-09-26 10:42:31,061 [pool-57-thread-1] INFO  server.RaftServerConfigKeys (ConfUtils.java:logGet(43)) - raft.server.log.use.memory = false (default)
2019-09-26 10:42:31,061 [pool-57-thread-1] INFO  server.RaftServerConfigKeys (ConfUtils.java:logGet(43)) - raft.server.log.purge.gap = 1000000 (custom)
2019-09-26 10:42:31,061 [pool-57-thread-1] INFO  server.RaftServerConfigKeys (ConfUtils.java:logGet(43)) - raft.server.log.appender.buffer.byte-limit = 33554432 (custom)
2019-09-26 10:42:31,061 [pool-57-thread-1] INFO  server.RaftServerConfigKeys (ConfUtils.java:logGet(43)) - raft.server.log.segment.size.max = 1048576 (custom)
2019-09-26 10:42:31,061 [pool-57-thread-1] INFO  server.RaftServerConfigKeys (ConfUtils.java:logGet(43)) - raft.server.log.segment.cache.num.max = 2 (custom)
2019-09-26 10:42:31,061 [pool-57-thread-1] INFO  segmented.SegmentedRaftLogWorker (SegmentedRaftLogWorker.java:<init>(172)) - new 766dc5f6-32d2-4403-bd57-0044e97b5c0e@group-525D2C6C19C8-SegmentedRaftLogWorker for RaftStorage:Storage Directory /workdir/hadoop-ozone/integration-test/target/test-dir/MiniOzoneClusterImpl-ba83c363-2963-4965-b6c8-e0e7e6227b06/datanode-3/data/ratis/02066545-f9d6-4a29-b644-525d2c6c19c8
2019-09-26 10:42:31,061 [pool-57-thread-1] INFO  server.RaftServerConfigKeys (ConfUtils.java:logGet(43)) - raft.server.log.queue.byte-limit = 2147483647 (custom)
2019-09-26 10:42:31,061 [pool-57-thread-1] INFO  server.RaftServerConfigKeys (ConfUtils.java:logGet(43)) - raft.server.log.queue.element-limit = 1024 (custom)
2019-09-26 10:42:31,061 [pool-57-thread-1] INFO  server.RaftServerConfigKeys (ConfUtils.java:logGet(43)) - raft.server.log.segment.size.max = 1048576 (custom)
2019-09-26 10:42:31,062 [pool-57-thread-1] INFO  server.RaftServerConfigKeys (ConfUtils.java:logGet(43)) - raft.server.log.preallocated.size = 16384 (custom)
2019-09-26 10:42:31,062 [pool-57-thread-1] INFO  server.RaftServerConfigKeys (ConfUtils.java:logGet(43)) - raft.server.log.write.buffer.size = 33554432 (custom)
2019-09-26 10:42:31,062 [pool-57-thread-1] INFO  server.RaftServerConfigKeys (ConfUtils.java:logGet(43)) - raft.server.log.force.sync.num = 128 (default)
2019-09-26 10:42:31,062 [pool-57-thread-1] INFO  server.RaftServerConfigKeys (ConfUtils.java:logGet(43)) - raft.server.log.statemachine.data.sync = true (default)
2019-09-26 10:42:31,062 [pool-57-thread-1] INFO  server.RaftServerConfigKeys (ConfUtils.java:logGet(43)) - raft.server.log.statemachine.data.sync.timeout = 10s (default)
2019-09-26 10:42:31,062 [pool-57-thread-1] INFO  server.RaftServerConfigKeys (ConfUtils.java:logGet(43)) - raft.server.log.statemachine.data.sync.timeout.retry = -1 (default)
2019-09-26 10:42:31,062 [pool-57-thread-1] INFO  server.RaftServerConfigKeys (ConfUtils.java:logGet(43)) - raft.server.log.statemachine.data.caching.enabled = true (custom)
2019-09-26 10:42:31,063 [pool-57-thread-1] INFO  segmented.SegmentedRaftLogWorker (SegmentedRaftLogWorker.java:lambda$new$0(132)) - 766dc5f6-32d2-4403-bd57-0044e97b5c0e@group-525D2C6C19C8-SegmentedRaftLogWorker: flushIndex: setUnconditionally 0 -> -1
2019-09-26 10:42:31,063 [pool-57-thread-1] INFO  server.RaftServerConfigKeys (ConfUtils.java:logGet(43)) - raft.server.snapshot.auto.trigger.enabled = true (custom)
2019-09-26 10:42:31,063 [pool-57-thread-1] INFO  server.RaftServerConfigKeys (ConfUtils.java:logGet(43)) - raft.server.snapshot.auto.trigger.threshold = 10000 (custom)
2019-09-26 10:42:31,063 [pool-57-thread-1] INFO  server.RaftServerConfigKeys (ConfUtils.java:logGet(43)) - raft.server.snapshot.retention.num.files = 5 (custom)
2019-09-26 10:42:31,063 [pool-57-thread-1] INFO  server.RaftServerConfigKeys (ConfUtils.java:logGet(43)) - raft.server.retrycache.expirytime = 600000ms (custom)
2019-09-26 10:42:31,065 [pool-57-thread-1] INFO  impl.RaftServerImpl (RaftServerImpl.java:start(185)) - 766dc5f6-32d2-4403-bd57-0044e97b5c0e@group-525D2C6C19C8: start as a follower, conf=-1: [766dc5f6-32d2-4403-bd57-0044e97b5c0e:192.168.30.13:45523], old=null
2019-09-26 10:42:31,066 [pool-57-thread-1] INFO  impl.RaftServerImpl (RaftServerImpl.java:setRole(174)) - 766dc5f6-32d2-4403-bd57-0044e97b5c0e@group-525D2C6C19C8: changes role from      null to FOLLOWER at term 0 for startAsFollower
2019-09-26 10:42:31,066 [pool-57-thread-1] INFO  impl.RoleInfo (RoleInfo.java:updateAndGet(143)) - 766dc5f6-32d2-4403-bd57-0044e97b5c0e: start FollowerState
2019-09-26 10:42:31,066 [pool-57-thread-1] INFO  util.JmxRegister (JmxRegister.java:tryRegister(44)) - Successfully registered JMX Bean with object name Ratis:service=RaftServer,group=group-525D2C6C19C8,id=766dc5f6-32d2-4403-bd57-0044e97b5c0e
2019-09-26 10:42:31,071 [RatisPipelineUtilsThread] INFO  pipeline.PipelineStateManager (PipelineStateManager.java:addPipeline(56)) - Created pipeline Pipeline[ Id: 02066545-f9d6-4a29-b644-525d2c6c19c8, Nodes: 766dc5f6-32d2-4403-bd57-0044e97b5c0e{ip: 192.168.30.13, host: pr-hdds-1569-wvzgm-824869521, networkLocation: /default-rack, certSerialId: null}, Type:RATIS, Factor:ONE, State:OPEN]
2019-09-26 10:42:31,071 [RatisPipelineUtilsThread] INFO  pipeline.PipelinePlacementPolicy (PipelinePlacementPolicy.java:meetCriteria(91)) - Pipeline Placement: can't place more pipeline on heavy datanode： c2a6c9af-68b9-412f-956f-becf7b86d0d9 Heaviness: 6 limit: 5
2019-09-26 10:42:31,072 [RatisPipelineUtilsThread] INFO  pipeline.PipelinePlacementPolicy (PipelinePlacementPolicy.java:meetCriteria(91)) - Pipeline Placement: can't place more pipeline on heavy datanode： 28e56f19-9e9b-470a-a4d9-0b249a16b927 Heaviness: 6 limit: 5
2019-09-26 10:42:31,072 [RatisPipelineUtilsThread] INFO  pipeline.PipelinePlacementPolicy (PipelinePlacementPolicy.java:meetCriteria(91)) - Pipeline Placement: can't place more pipeline on heavy datanode： ba1aab4d-d107-47a2-be01-d124e86652a2 Heaviness: 6 limit: 5
2019-09-26 10:42:31,072 [RatisPipelineUtilsThread] INFO  pipeline.PipelinePlacementPolicy (PipelinePlacementPolicy.java:meetCriteria(91)) - Pipeline Placement: can't place more pipeline on heavy datanode： 0d880a52-66cc-417f-8cd7-70609a5fbfa8 Heaviness: 6 limit: 5
2019-09-26 10:42:31,072 [RatisPipelineUtilsThread] INFO  pipeline.PipelinePlacementPolicy (PipelinePlacementPolicy.java:meetCriteria(91)) - Pipeline Placement: can't place more pipeline on heavy datanode： b39f15a2-ed1b-46ef-9b39-c0ba6a9718b6 Heaviness: 6 limit: 5
2019-09-26 10:42:31,082 [grpc-default-executor-0] INFO  impl.RaftServerProxy (RaftServerProxy.java:addNew(89)) - 766dc5f6-32d2-4403-bd57-0044e97b5c0e: addNew group-D3E0990F0FAF:[766dc5f6-32d2-4403-bd57-0044e97b5c0e:192.168.30.13:45523] returns group-D3E0990F0FAF:java.util.concurrent.CompletableFuture@57e5fe15[Not completed]
2019-09-26 10:42:31,084 [pool-57-thread-1] INFO  impl.RaftServerImpl (RaftServerImpl.java:<init>(95)) - 766dc5f6-32d2-4403-bd57-0044e97b5c0e: new RaftServerImpl for group-D3E0990F0FAF:[766dc5f6-32d2-4403-bd57-0044e97b5c0e:192.168.30.13:45523] with ContainerStateMachine:uninitialized
2019-09-26 10:42:31,084 [pool-57-thread-1] INFO  server.RaftServerConfigKeys (ConfUtils.java:logGet(43)) - raft.server.rpc.timeout.min = 5s (custom)
2019-09-26 10:42:31,084 [pool-57-thread-1] INFO  server.RaftServerConfigKeys (ConfUtils.java:logGet(43)) - raft.server.rpc.timeout.max = 5200ms (custom)
2019-09-26 10:42:31,084 [pool-57-thread-1] INFO  server.RaftServerConfigKeys (ConfUtils.java:logGet(43)) - raft.server.rpcslowness.timeout = 10s (custom)
2019-09-26 10:42:31,084 [pool-57-thread-1] INFO  server.RaftServerConfigKeys (ConfUtils.java:logGet(43)) - raft.server.sleep.deviation.threshold = 300 (default)
2019-09-26 10:42:31,084 [pool-57-thread-1] INFO  server.RaftServerConfigKeys (ConfUtils.java:logGet(43)) - raft.server.log.appender.install.snapshot.enabled = false (custom)
2019-09-26 10:42:31,084 [pool-57-thread-1] INFO  impl.RaftServerImpl (ServerState.java:<init>(103)) - 766dc5f6-32d2-4403-bd57-0044e97b5c0e@group-D3E0990F0FAF: ConfigurationManager, init=-1: [766dc5f6-32d2-4403-bd57-0044e97b5c0e:192.168.30.13:45523], old=null, confs=<EMPTY_MAP>
2019-09-26 10:42:31,084 [pool-57-thread-1] INFO  server.RaftServerConfigKeys (ConfUtils.java:logGet(43)) - raft.server.storage.dir = [/workdir/hadoop-ozone/integration-test/target/test-dir/MiniOzoneClusterImpl-ba83c363-2963-4965-b6c8-e0e7e6227b06/datanode-3/data/ratis] (custom)
2019-09-26 10:42:31,085 [pool-57-thread-1] INFO  storage.RaftStorageDirectory (RaftStorageDirectory.java:analyzeStorage(246)) - The storage directory /workdir/hadoop-ozone/integration-test/target/test-dir/MiniOzoneClusterImpl-ba83c363-2963-4965-b6c8-e0e7e6227b06/datanode-3/data/ratis/d521bf1f-b73e-4e30-be03-d3e0990f0faf does not exist. Creating ...
2019-09-26 10:42:31,097 [pool-57-thread-1] INFO  storage.RaftStorageDirectory (RaftStorageDirectory.java:tryLock(328)) - Lock on /workdir/hadoop-ozone/integration-test/target/test-dir/MiniOzoneClusterImpl-ba83c363-2963-4965-b6c8-e0e7e6227b06/datanode-3/data/ratis/d521bf1f-b73e-4e30-be03-d3e0990f0faf/in_use.lock acquired by nodename 12934@pr-hdds-1569-wvzgm-824869521
2019-09-26 10:42:31,110 [pool-57-thread-1] INFO  storage.RaftStorage (RaftStorage.java:format(72)) - Storage directory /workdir/hadoop-ozone/integration-test/target/test-dir/MiniOzoneClusterImpl-ba83c363-2963-4965-b6c8-e0e7e6227b06/datanode-3/data/ratis/d521bf1f-b73e-4e30-be03-d3e0990f0faf has been successfully formatted.
2019-09-26 10:42:31,111 [pool-57-thread-1] INFO  ratis.ContainerStateMachine (ContainerStateMachine.java:loadSnapshot(230)) - group-D3E0990F0FAF: The snapshot info is null. Setting the last applied indexto:(t:0, i:~)
2019-09-26 10:42:31,111 [pool-57-thread-1] INFO  server.RaftServerConfigKeys (ConfUtils.java:logGet(43)) - raft.server.notification.no-leader.timeout = 10s (custom)
2019-09-26 10:42:31,111 [pool-57-thread-1] INFO  server.RaftServerConfigKeys (ConfUtils.java:logGet(43)) - raft.server.log.use.memory = false (default)
2019-09-26 10:42:31,111 [pool-57-thread-1] INFO  server.RaftServerConfigKeys (ConfUtils.java:logGet(43)) - raft.server.log.purge.gap = 1000000 (custom)
2019-09-26 10:42:31,111 [pool-57-thread-1] INFO  server.RaftServerConfigKeys (ConfUtils.java:logGet(43)) - raft.server.log.appender.buffer.byte-limit = 33554432 (custom)
2019-09-26 10:42:31,111 [pool-57-thread-1] INFO  server.RaftServerConfigKeys (ConfUtils.java:logGet(43)) - raft.server.log.segment.size.max = 1048576 (custom)
2019-09-26 10:42:31,112 [pool-57-thread-1] INFO  server.RaftServerConfigKeys (ConfUtils.java:logGet(43)) - raft.server.log.segment.cache.num.max = 2 (custom)
2019-09-26 10:42:31,112 [pool-57-thread-1] INFO  segmented.SegmentedRaftLogWorker (SegmentedRaftLogWorker.java:<init>(172)) - new 766dc5f6-32d2-4403-bd57-0044e97b5c0e@group-D3E0990F0FAF-SegmentedRaftLogWorker for RaftStorage:Storage Directory /workdir/hadoop-ozone/integration-test/target/test-dir/MiniOzoneClusterImpl-ba83c363-2963-4965-b6c8-e0e7e6227b06/datanode-3/data/ratis/d521bf1f-b73e-4e30-be03-d3e0990f0faf
2019-09-26 10:42:31,112 [pool-57-thread-1] INFO  server.RaftServerConfigKeys (ConfUtils.java:logGet(43)) - raft.server.log.queue.byte-limit = 2147483647 (custom)
2019-09-26 10:42:31,112 [pool-57-thread-1] INFO  server.RaftServerConfigKeys (ConfUtils.java:logGet(43)) - raft.server.log.queue.element-limit = 1024 (custom)
2019-09-26 10:42:31,112 [pool-57-thread-1] INFO  server.RaftServerConfigKeys (ConfUtils.java:logGet(43)) - raft.server.log.segment.size.max = 1048576 (custom)
2019-09-26 10:42:31,112 [pool-57-thread-1] INFO  server.RaftServerConfigKeys (ConfUtils.java:logGet(43)) - raft.server.log.preallocated.size = 16384 (custom)
2019-09-26 10:42:31,113 [pool-57-thread-1] INFO  server.RaftServerConfigKeys (ConfUtils.java:logGet(43)) - raft.server.log.write.buffer.size = 33554432 (custom)
2019-09-26 10:42:31,113 [pool-57-thread-1] INFO  server.RaftServerConfigKeys (ConfUtils.java:logGet(43)) - raft.server.log.force.sync.num = 128 (default)
2019-09-26 10:42:31,113 [pool-57-thread-1] INFO  server.RaftServerConfigKeys (ConfUtils.java:logGet(43)) - raft.server.log.statemachine.data.sync = true (default)
2019-09-26 10:42:31,113 [pool-57-thread-1] INFO  server.RaftServerConfigKeys (ConfUtils.java:logGet(43)) - raft.server.log.statemachine.data.sync.timeout = 10s (default)
2019-09-26 10:42:31,113 [pool-57-thread-1] INFO  server.RaftServerConfigKeys (ConfUtils.java:logGet(43)) - raft.server.log.statemachine.data.sync.timeout.retry = -1 (default)
2019-09-26 10:42:31,113 [pool-57-thread-1] INFO  server.RaftServerConfigKeys (ConfUtils.java:logGet(43)) - raft.server.log.statemachine.data.caching.enabled = true (custom)
2019-09-26 10:42:31,114 [pool-57-thread-1] INFO  segmented.SegmentedRaftLogWorker (SegmentedRaftLogWorker.java:lambda$new$0(132)) - 766dc5f6-32d2-4403-bd57-0044e97b5c0e@group-D3E0990F0FAF-SegmentedRaftLogWorker: flushIndex: setUnconditionally 0 -> -1
2019-09-26 10:42:31,114 [pool-57-thread-1] INFO  server.RaftServerConfigKeys (ConfUtils.java:logGet(43)) - raft.server.snapshot.auto.trigger.enabled = true (custom)
2019-09-26 10:42:31,114 [pool-57-thread-1] INFO  server.RaftServerConfigKeys (ConfUtils.java:logGet(43)) - raft.server.snapshot.auto.trigger.threshold = 10000 (custom)
2019-09-26 10:42:31,115 [pool-57-thread-1] INFO  server.RaftServerConfigKeys (ConfUtils.java:logGet(43)) - raft.server.snapshot.retention.num.files = 5 (custom)
2019-09-26 10:42:31,115 [pool-57-thread-1] INFO  server.RaftServerConfigKeys (ConfUtils.java:logGet(43)) - raft.server.retrycache.expirytime = 600000ms (custom)
2019-09-26 10:42:31,118 [pool-57-thread-1] INFO  impl.RaftServerImpl (RaftServerImpl.java:start(185)) - 766dc5f6-32d2-4403-bd57-0044e97b5c0e@group-D3E0990F0FAF: start as a follower, conf=-1: [766dc5f6-32d2-4403-bd57-0044e97b5c0e:192.168.30.13:45523], old=null
2019-09-26 10:42:31,118 [pool-57-thread-1] INFO  impl.RaftServerImpl (RaftServerImpl.java:setRole(174)) - 766dc5f6-32d2-4403-bd57-0044e97b5c0e@group-D3E0990F0FAF: changes role from      null to FOLLOWER at term 0 for startAsFollower
2019-09-26 10:42:31,118 [pool-57-thread-1] INFO  impl.RoleInfo (RoleInfo.java:updateAndGet(143)) - 766dc5f6-32d2-4403-bd57-0044e97b5c0e: start FollowerState
2019-09-26 10:42:31,119 [pool-57-thread-1] INFO  util.JmxRegister (JmxRegister.java:tryRegister(44)) - Successfully registered JMX Bean with object name Ratis:service=RaftServer,group=group-D3E0990F0FAF,id=766dc5f6-32d2-4403-bd57-0044e97b5c0e
2019-09-26 10:42:31,125 [RatisPipelineUtilsThread] INFO  pipeline.PipelineStateManager (PipelineStateManager.java:addPipeline(56)) - Created pipeline Pipeline[ Id: d521bf1f-b73e-4e30-be03-d3e0990f0faf, Nodes: 766dc5f6-32d2-4403-bd57-0044e97b5c0e{ip: 192.168.30.13, host: pr-hdds-1569-wvzgm-824869521, networkLocation: /default-rack, certSerialId: null}, Type:RATIS, Factor:ONE, State:OPEN]
2019-09-26 10:42:31,125 [RatisPipelineUtilsThread] INFO  pipeline.PipelinePlacementPolicy (PipelinePlacementPolicy.java:meetCriteria(91)) - Pipeline Placement: can't place more pipeline on heavy datanode： c2a6c9af-68b9-412f-956f-becf7b86d0d9 Heaviness: 6 limit: 5
2019-09-26 10:42:31,126 [RatisPipelineUtilsThread] INFO  pipeline.PipelinePlacementPolicy (PipelinePlacementPolicy.java:meetCriteria(91)) - Pipeline Placement: can't place more pipeline on heavy datanode： 28e56f19-9e9b-470a-a4d9-0b249a16b927 Heaviness: 6 limit: 5
2019-09-26 10:42:31,126 [RatisPipelineUtilsThread] INFO  pipeline.PipelinePlacementPolicy (PipelinePlacementPolicy.java:meetCriteria(91)) - Pipeline Placement: can't place more pipeline on heavy datanode： ba1aab4d-d107-47a2-be01-d124e86652a2 Heaviness: 6 limit: 5
2019-09-26 10:42:31,126 [RatisPipelineUtilsThread] INFO  pipeline.PipelinePlacementPolicy (PipelinePlacementPolicy.java:meetCriteria(91)) - Pipeline Placement: can't place more pipeline on heavy datanode： 0d880a52-66cc-417f-8cd7-70609a5fbfa8 Heaviness: 6 limit: 5
2019-09-26 10:42:31,126 [RatisPipelineUtilsThread] INFO  pipeline.PipelinePlacementPolicy (PipelinePlacementPolicy.java:meetCriteria(91)) - Pipeline Placement: can't place more pipeline on heavy datanode： b39f15a2-ed1b-46ef-9b39-c0ba6a9718b6 Heaviness: 6 limit: 5
2019-09-26 10:42:31,126 [RatisPipelineUtilsThread] INFO  pipeline.PipelinePlacementPolicy (PipelinePlacementPolicy.java:meetCriteria(91)) - Pipeline Placement: can't place more pipeline on heavy datanode： 766dc5f6-32d2-4403-bd57-0044e97b5c0e Heaviness: 6 limit: 5
2019-09-26 10:42:31,127 [RatisPipelineUtilsThread] ERROR pipeline.PipelinePlacementPolicy (PipelinePlacementPolicy.java:filterViableNodes(148)) - Unable to find enough nodes that meet the criteria that cannot engage in more than 5 pipelines. Nodes required: 1 Found: 0, healthy nodes count inNodeManager: 6.
2019-09-26 10:42:31,129 [RatisPipelineUtilsThread] ERROR pipeline.SCMPipelineManager (SCMPipelineManager.java:createPipeline(167)) - Pipeline creation failed.
org.apache.hadoop.hdds.scm.exceptions.SCMException: Unable to find enough nodes that meet the criteria that cannot engage in more than 5 pipelines. Nodes required: 1 Found: 0, healthy nodes count inNodeManager: 6.
	at org.apache.hadoop.hdds.scm.pipeline.PipelinePlacementPolicy.filterViableNodes(PipelinePlacementPolicy.java:149)
	at org.apache.hadoop.hdds.scm.pipeline.PipelinePlacementPolicy.chooseDatanodes(PipelinePlacementPolicy.java:172)
	at org.apache.hadoop.hdds.scm.pipeline.RatisPipelineProvider.create(RatisPipelineProvider.java:93)
	at org.apache.hadoop.hdds.scm.pipeline.PipelineFactory.create(PipelineFactory.java:58)
	at org.apache.hadoop.hdds.scm.pipeline.SCMPipelineManager.createPipeline(SCMPipelineManager.java:155)
	at org.apache.hadoop.hdds.scm.pipeline.BackgroundPipelineCreator.createPipelines(BackgroundPipelineCreator.java:99)
	at java.util.concurrent.Executors$RunnableAdapter.call(Executors.java:511)
	at java.util.concurrent.FutureTask.run(FutureTask.java:266)
	at java.util.concurrent.ScheduledThreadPoolExecutor$ScheduledFutureTask.access$201(ScheduledThreadPoolExecutor.java:180)
	at java.util.concurrent.ScheduledThreadPoolExecutor$ScheduledFutureTask.run(ScheduledThreadPoolExecutor.java:293)
	at java.util.concurrent.ThreadPoolExecutor.runWorker(ThreadPoolExecutor.java:1149)
	at java.util.concurrent.ThreadPoolExecutor$Worker.run(ThreadPoolExecutor.java:624)
	at java.lang.Thread.run(Thread.java:748)
2019-09-26 10:42:31,131 [RatisPipelineUtilsThread] INFO  pipeline.PipelinePlacementPolicy (PipelinePlacementPolicy.java:meetCriteria(91)) - Pipeline Placement: can't place more pipeline on heavy datanode： c2a6c9af-68b9-412f-956f-becf7b86d0d9 Heaviness: 6 limit: 5
2019-09-26 10:42:31,131 [RatisPipelineUtilsThread] INFO  pipeline.PipelinePlacementPolicy (PipelinePlacementPolicy.java:meetCriteria(91)) - Pipeline Placement: can't place more pipeline on heavy datanode： 28e56f19-9e9b-470a-a4d9-0b249a16b927 Heaviness: 6 limit: 5
2019-09-26 10:42:31,131 [RatisPipelineUtilsThread] INFO  pipeline.PipelinePlacementPolicy (PipelinePlacementPolicy.java:meetCriteria(91)) - Pipeline Placement: can't place more pipeline on heavy datanode： ba1aab4d-d107-47a2-be01-d124e86652a2 Heaviness: 6 limit: 5
2019-09-26 10:42:31,131 [RatisPipelineUtilsThread] INFO  pipeline.PipelinePlacementPolicy (PipelinePlacementPolicy.java:meetCriteria(91)) - Pipeline Placement: can't place more pipeline on heavy datanode： 0d880a52-66cc-417f-8cd7-70609a5fbfa8 Heaviness: 6 limit: 5
2019-09-26 10:42:31,131 [RatisPipelineUtilsThread] INFO  pipeline.PipelinePlacementPolicy (PipelinePlacementPolicy.java:meetCriteria(91)) - Pipeline Placement: can't place more pipeline on heavy datanode： b39f15a2-ed1b-46ef-9b39-c0ba6a9718b6 Heaviness: 6 limit: 5
2019-09-26 10:42:31,132 [RatisPipelineUtilsThread] INFO  pipeline.PipelinePlacementPolicy (PipelinePlacementPolicy.java:meetCriteria(91)) - Pipeline Placement: can't place more pipeline on heavy datanode： 766dc5f6-32d2-4403-bd57-0044e97b5c0e Heaviness: 6 limit: 5
2019-09-26 10:42:31,132 [RatisPipelineUtilsThread] ERROR pipeline.PipelinePlacementPolicy (PipelinePlacementPolicy.java:filterViableNodes(148)) - Unable to find enough nodes that meet the criteria that cannot engage in more than 5 pipelines. Nodes required: 3 Found: 0, healthy nodes count inNodeManager: 6.
2019-09-26 10:42:31,132 [RatisPipelineUtilsThread] ERROR pipeline.SCMPipelineManager (SCMPipelineManager.java:createPipeline(167)) - Pipeline creation failed.
org.apache.hadoop.hdds.scm.exceptions.SCMException: Unable to find enough nodes that meet the criteria that cannot engage in more than 5 pipelines. Nodes required: 3 Found: 0, healthy nodes count inNodeManager: 6.
	at org.apache.hadoop.hdds.scm.pipeline.PipelinePlacementPolicy.filterViableNodes(PipelinePlacementPolicy.java:149)
	at org.apache.hadoop.hdds.scm.pipeline.PipelinePlacementPolicy.chooseDatanodes(PipelinePlacementPolicy.java:172)
	at org.apache.hadoop.hdds.scm.pipeline.RatisPipelineProvider.create(RatisPipelineProvider.java:93)
	at org.apache.hadoop.hdds.scm.pipeline.PipelineFactory.create(PipelineFactory.java:58)
	at org.apache.hadoop.hdds.scm.pipeline.SCMPipelineManager.createPipeline(SCMPipelineManager.java:155)
	at org.apache.hadoop.hdds.scm.pipeline.BackgroundPipelineCreator.createPipelines(BackgroundPipelineCreator.java:99)
	at java.util.concurrent.Executors$RunnableAdapter.call(Executors.java:511)
	at java.util.concurrent.FutureTask.run(FutureTask.java:266)
	at java.util.concurrent.ScheduledThreadPoolExecutor$ScheduledFutureTask.access$201(ScheduledThreadPoolExecutor.java:180)
	at java.util.concurrent.ScheduledThreadPoolExecutor$ScheduledFutureTask.run(ScheduledThreadPoolExecutor.java:293)
	at java.util.concurrent.ThreadPoolExecutor.runWorker(ThreadPoolExecutor.java:1149)
	at java.util.concurrent.ThreadPoolExecutor$Worker.run(ThreadPoolExecutor.java:624)
	at java.lang.Thread.run(Thread.java:748)
2019-09-26 10:42:31,132 [main] INFO  pipeline.PipelinePlacementPolicy (PipelinePlacementPolicy.java:meetCriteria(91)) - Pipeline Placement: can't place more pipeline on heavy datanode： c2a6c9af-68b9-412f-956f-becf7b86d0d9 Heaviness: 6 limit: 5
2019-09-26 10:42:31,133 [main] INFO  pipeline.PipelinePlacementPolicy (PipelinePlacementPolicy.java:meetCriteria(91)) - Pipeline Placement: can't place more pipeline on heavy datanode： 28e56f19-9e9b-470a-a4d9-0b249a16b927 Heaviness: 6 limit: 5
2019-09-26 10:42:31,133 [main] INFO  pipeline.PipelinePlacementPolicy (PipelinePlacementPolicy.java:meetCriteria(91)) - Pipeline Placement: can't place more pipeline on heavy datanode： ba1aab4d-d107-47a2-be01-d124e86652a2 Heaviness: 6 limit: 5
2019-09-26 10:42:31,133 [main] INFO  pipeline.PipelinePlacementPolicy (PipelinePlacementPolicy.java:meetCriteria(91)) - Pipeline Placement: can't place more pipeline on heavy datanode： 0d880a52-66cc-417f-8cd7-70609a5fbfa8 Heaviness: 6 limit: 5
2019-09-26 10:42:31,133 [main] INFO  pipeline.PipelinePlacementPolicy (PipelinePlacementPolicy.java:meetCriteria(91)) - Pipeline Placement: can't place more pipeline on heavy datanode： b39f15a2-ed1b-46ef-9b39-c0ba6a9718b6 Heaviness: 6 limit: 5
2019-09-26 10:42:31,134 [main] INFO  pipeline.PipelinePlacementPolicy (PipelinePlacementPolicy.java:meetCriteria(91)) - Pipeline Placement: can't place more pipeline on heavy datanode： 766dc5f6-32d2-4403-bd57-0044e97b5c0e Heaviness: 6 limit: 5
2019-09-26 10:42:31,134 [main] ERROR pipeline.PipelinePlacementPolicy (PipelinePlacementPolicy.java:filterViableNodes(148)) - Unable to find enough nodes that meet the criteria that cannot engage in more than 5 pipelines. Nodes required: 3 Found: 0, healthy nodes count inNodeManager: 6.
2019-09-26 10:42:31,134 [main] ERROR pipeline.SCMPipelineManager (SCMPipelineManager.java:createPipeline(167)) - Pipeline creation failed.
org.apache.hadoop.hdds.scm.exceptions.SCMException: Unable to find enough nodes that meet the criteria that cannot engage in more than 5 pipelines. Nodes required: 3 Found: 0, healthy nodes count inNodeManager: 6.
	at org.apache.hadoop.hdds.scm.pipeline.PipelinePlacementPolicy.filterViableNodes(PipelinePlacementPolicy.java:149)
	at org.apache.hadoop.hdds.scm.pipeline.PipelinePlacementPolicy.chooseDatanodes(PipelinePlacementPolicy.java:172)
	at org.apache.hadoop.hdds.scm.pipeline.RatisPipelineProvider.create(RatisPipelineProvider.java:93)
	at org.apache.hadoop.hdds.scm.pipeline.PipelineFactory.create(PipelineFactory.java:58)
	at org.apache.hadoop.hdds.scm.pipeline.SCMPipelineManager.createPipeline(SCMPipelineManager.java:155)
	at org.apache.hadoop.hdds.scm.container.ContainerStateManager.allocateContainer(ContainerStateManager.java:255)
	at org.apache.hadoop.hdds.scm.container.SCMContainerManager.allocateContainer(SCMContainerManager.java:247)
	at org.apache.hadoop.hdds.scm.pipeline.TestNodeFailure.init(TestNodeFailure.java:79)
	at sun.reflect.NativeMethodAccessorImpl.invoke0(Native Method)
	at sun.reflect.NativeMethodAccessorImpl.invoke(NativeMethodAccessorImpl.java:62)
	at sun.reflect.DelegatingMethodAccessorImpl.invoke(DelegatingMethodAccessorImpl.java:43)
	at java.lang.reflect.Method.invoke(Method.java:498)
	at org.junit.runners.model.FrameworkMethod$1.runReflectiveCall(FrameworkMethod.java:47)
	at org.junit.internal.runners.model.ReflectiveCallable.run(ReflectiveCallable.java:12)
	at org.junit.runners.model.FrameworkMethod.invokeExplosively(FrameworkMethod.java:44)
	at org.junit.internal.runners.statements.RunBefores.evaluate(RunBefores.java:24)
	at org.junit.internal.runners.statements.RunAfters.evaluate(RunAfters.java:27)
	at org.junit.runners.ParentRunner.run(ParentRunner.java:309)
	at org.apache.maven.surefire.junit4.JUnit4Provider.execute(JUnit4Provider.java:365)
	at org.apache.maven.surefire.junit4.JUnit4Provider.executeWithRerun(JUnit4Provider.java:273)
	at org.apache.maven.surefire.junit4.JUnit4Provider.executeTestSet(JUnit4Provider.java:238)
	at org.apache.maven.surefire.junit4.JUnit4Provider.invoke(JUnit4Provider.java:159)
	at org.apache.maven.surefire.booter.ForkedBooter.invokeProviderInSameClassLoader(ForkedBooter.java:384)
	at org.apache.maven.surefire.booter.ForkedBooter.runSuitesInProcess(ForkedBooter.java:345)
	at org.apache.maven.surefire.booter.ForkedBooter.execute(ForkedBooter.java:126)
	at org.apache.maven.surefire.booter.ForkedBooter.main(ForkedBooter.java:418)
2019-09-26 10:42:31,135 [RatisPipelineUtilsThread] INFO  pipeline.PipelinePlacementPolicy (PipelinePlacementPolicy.java:meetCriteria(91)) - Pipeline Placement: can't place more pipeline on heavy datanode： c2a6c9af-68b9-412f-956f-becf7b86d0d9 Heaviness: 6 limit: 5
2019-09-26 10:42:31,135 [RatisPipelineUtilsThread] INFO  pipeline.PipelinePlacementPolicy (PipelinePlacementPolicy.java:meetCriteria(91)) - Pipeline Placement: can't place more pipeline on heavy datanode： 28e56f19-9e9b-470a-a4d9-0b249a16b927 Heaviness: 6 limit: 5
2019-09-26 10:42:31,136 [RatisPipelineUtilsThread] INFO  pipeline.PipelinePlacementPolicy (PipelinePlacementPolicy.java:meetCriteria(91)) - Pipeline Placement: can't place more pipeline on heavy datanode： ba1aab4d-d107-47a2-be01-d124e86652a2 Heaviness: 6 limit: 5
2019-09-26 10:42:31,136 [RatisPipelineUtilsThread] INFO  pipeline.PipelinePlacementPolicy (PipelinePlacementPolicy.java:meetCriteria(91)) - Pipeline Placement: can't place more pipeline on heavy datanode： 0d880a52-66cc-417f-8cd7-70609a5fbfa8 Heaviness: 6 limit: 5
2019-09-26 10:42:31,136 [RatisPipelineUtilsThread] INFO  pipeline.PipelinePlacementPolicy (PipelinePlacementPolicy.java:meetCriteria(91)) - Pipeline Placement: can't place more pipeline on heavy datanode： b39f15a2-ed1b-46ef-9b39-c0ba6a9718b6 Heaviness: 6 limit: 5
2019-09-26 10:42:31,136 [RatisPipelineUtilsThread] INFO  pipeline.PipelinePlacementPolicy (PipelinePlacementPolicy.java:meetCriteria(91)) - Pipeline Placement: can't place more pipeline on heavy datanode： 766dc5f6-32d2-4403-bd57-0044e97b5c0e Heaviness: 6 limit: 5
2019-09-26 10:42:31,136 [RatisPipelineUtilsThread] ERROR pipeline.PipelinePlacementPolicy (PipelinePlacementPolicy.java:filterViableNodes(148)) - Unable to find enough nodes that meet the criteria that cannot engage in more than 5 pipelines. Nodes required: 1 Found: 0, healthy nodes count inNodeManager: 6.
2019-09-26 10:42:31,136 [RatisPipelineUtilsThread] ERROR pipeline.SCMPipelineManager (SCMPipelineManager.java:createPipeline(167)) - Pipeline creation failed.
org.apache.hadoop.hdds.scm.exceptions.SCMException: Unable to find enough nodes that meet the criteria that cannot engage in more than 5 pipelines. Nodes required: 1 Found: 0, healthy nodes count inNodeManager: 6.
	at org.apache.hadoop.hdds.scm.pipeline.PipelinePlacementPolicy.filterViableNodes(PipelinePlacementPolicy.java:149)
	at org.apache.hadoop.hdds.scm.pipeline.PipelinePlacementPolicy.chooseDatanodes(PipelinePlacementPolicy.java:172)
	at org.apache.hadoop.hdds.scm.pipeline.RatisPipelineProvider.create(RatisPipelineProvider.java:93)
	at org.apache.hadoop.hdds.scm.pipeline.PipelineFactory.create(PipelineFactory.java:58)
	at org.apache.hadoop.hdds.scm.pipeline.SCMPipelineManager.createPipeline(SCMPipelineManager.java:155)
	at org.apache.hadoop.hdds.scm.pipeline.BackgroundPipelineCreator.createPipelines(BackgroundPipelineCreator.java:99)
	at org.apache.hadoop.hdds.scm.pipeline.BackgroundPipelineCreator.lambda$startFixedIntervalPipelineCreator$0(BackgroundPipelineCreator.java:70)
	at java.util.concurrent.Executors$RunnableAdapter.call(Executors.java:511)
	at java.util.concurrent.FutureTask.runAndReset(FutureTask.java:308)
	at java.util.concurrent.ScheduledThreadPoolExecutor$ScheduledFutureTask.access$301(ScheduledThreadPoolExecutor.java:180)
	at java.util.concurrent.ScheduledThreadPoolExecutor$ScheduledFutureTask.run(ScheduledThreadPoolExecutor.java:294)
	at java.util.concurrent.ThreadPoolExecutor.runWorker(ThreadPoolExecutor.java:1149)
	at java.util.concurrent.ThreadPoolExecutor$Worker.run(ThreadPoolExecutor.java:624)
	at java.lang.Thread.run(Thread.java:748)
2019-09-26 10:42:31,137 [RatisPipelineUtilsThread] INFO  pipeline.PipelinePlacementPolicy (PipelinePlacementPolicy.java:meetCriteria(91)) - Pipeline Placement: can't place more pipeline on heavy datanode： c2a6c9af-68b9-412f-956f-becf7b86d0d9 Heaviness: 6 limit: 5
2019-09-26 10:42:31,137 [RatisPipelineUtilsThread] INFO  pipeline.PipelinePlacementPolicy (PipelinePlacementPolicy.java:meetCriteria(91)) - Pipeline Placement: can't place more pipeline on heavy datanode： 28e56f19-9e9b-470a-a4d9-0b249a16b927 Heaviness: 6 limit: 5
2019-09-26 10:42:31,137 [RatisPipelineUtilsThread] INFO  pipeline.PipelinePlacementPolicy (PipelinePlacementPolicy.java:meetCriteria(91)) - Pipeline Placement: can't place more pipeline on heavy datanode： ba1aab4d-d107-47a2-be01-d124e86652a2 Heaviness: 6 limit: 5
2019-09-26 10:42:31,137 [RatisPipelineUtilsThread] INFO  pipeline.PipelinePlacementPolicy (PipelinePlacementPolicy.java:meetCriteria(91)) - Pipeline Placement: can't place more pipeline on heavy datanode： 0d880a52-66cc-417f-8cd7-70609a5fbfa8 Heaviness: 6 limit: 5
2019-09-26 10:42:31,137 [RatisPipelineUtilsThread] INFO  pipeline.PipelinePlacementPolicy (PipelinePlacementPolicy.java:meetCriteria(91)) - Pipeline Placement: can't place more pipeline on heavy datanode： b39f15a2-ed1b-46ef-9b39-c0ba6a9718b6 Heaviness: 6 limit: 5
2019-09-26 10:42:31,138 [RatisPipelineUtilsThread] INFO  pipeline.PipelinePlacementPolicy (PipelinePlacementPolicy.java:meetCriteria(91)) - Pipeline Placement: can't place more pipeline on heavy datanode： 766dc5f6-32d2-4403-bd57-0044e97b5c0e Heaviness: 6 limit: 5
2019-09-26 10:42:31,138 [RatisPipelineUtilsThread] ERROR pipeline.PipelinePlacementPolicy (PipelinePlacementPolicy.java:filterViableNodes(148)) - Unable to find enough nodes that meet the criteria that cannot engage in more than 5 pipelines. Nodes required: 3 Found: 0, healthy nodes count inNodeManager: 6.
2019-09-26 10:42:31,138 [RatisPipelineUtilsThread] ERROR pipeline.SCMPipelineManager (SCMPipelineManager.java:createPipeline(167)) - Pipeline creation failed.
org.apache.hadoop.hdds.scm.exceptions.SCMException: Unable to find enough nodes that meet the criteria that cannot engage in more than 5 pipelines. Nodes required: 3 Found: 0, healthy nodes count inNodeManager: 6.
	at org.apache.hadoop.hdds.scm.pipeline.PipelinePlacementPolicy.filterViableNodes(PipelinePlacementPolicy.java:149)
	at org.apache.hadoop.hdds.scm.pipeline.PipelinePlacementPolicy.chooseDatanodes(PipelinePlacementPolicy.java:172)
	at org.apache.hadoop.hdds.scm.pipeline.RatisPipelineProvider.create(RatisPipelineProvider.java:93)
	at org.apache.hadoop.hdds.scm.pipeline.PipelineFactory.create(PipelineFactory.java:58)
	at org.apache.hadoop.hdds.scm.pipeline.SCMPipelineManager.createPipeline(SCMPipelineManager.java:155)
	at org.apache.hadoop.hdds.scm.pipeline.BackgroundPipelineCreator.createPipelines(BackgroundPipelineCreator.java:99)
	at org.apache.hadoop.hdds.scm.pipeline.BackgroundPipelineCreator.lambda$startFixedIntervalPipelineCreator$0(BackgroundPipelineCreator.java:70)
	at java.util.concurrent.Executors$RunnableAdapter.call(Executors.java:511)
	at java.util.concurrent.FutureTask.runAndReset(FutureTask.java:308)
	at java.util.concurrent.ScheduledThreadPoolExecutor$ScheduledFutureTask.access$301(ScheduledThreadPoolExecutor.java:180)
	at java.util.concurrent.ScheduledThreadPoolExecutor$ScheduledFutureTask.run(ScheduledThreadPoolExecutor.java:294)
	at java.util.concurrent.ThreadPoolExecutor.runWorker(ThreadPoolExecutor.java:1149)
	at java.util.concurrent.ThreadPoolExecutor$Worker.run(ThreadPoolExecutor.java:624)
	at java.lang.Thread.run(Thread.java:748)
2019-09-26 10:42:31,139 [main] INFO  ozone.MiniOzoneClusterImpl (MiniOzoneClusterImpl.java:shutdown(314)) - Shutting down the Mini Ozone Cluster
2019-09-26 10:42:31,139 [main] INFO  ozone.MiniOzoneClusterImpl (MiniOzoneClusterImpl.java:stop(330)) - Stopping the Mini Ozone Cluster
2019-09-26 10:42:31,140 [ReplicationMonitor] INFO  container.ReplicationManager (ReplicationManager.java:run(226)) - Replication Monitor Thread took 349 milliseconds for processing 0 containers.
2019-09-26 10:42:31,140 [main] INFO  ozone.MiniOzoneClusterImpl (MiniOzoneClusterImpl.java:stopOM(400)) - Stopping the OzoneManager
2019-09-26 10:42:31,140 [main] INFO  ipc.Server (Server.java:stop(3082)) - Stopping server on 40792
2019-09-26 10:42:31,162 [IPC Server listener on 40792] INFO  ipc.Server (Server.java:run(1185)) - Stopping IPC Server listener on 40792
2019-09-26 10:42:31,162 [main] INFO  ratis.OzoneManagerDoubleBuffer (OzoneManagerDoubleBuffer.java:stop(248)) - Stopping OMDoubleBuffer flush thread
2019-09-26 10:42:31,281 [IPC Server Responder] INFO  ipc.Server (Server.java:run(1319)) - Stopping IPC Server Responder
2019-09-26 10:42:31,281 [OMDoubleBufferFlushThread] INFO  ratis.OzoneManagerDoubleBuffer (OzoneManagerDoubleBuffer.java:flushTransactions(191)) - OMDoubleBuffer flush thread OMDoubleBufferFlushThread is interrupted and will exit. OMDoubleBufferFlushThread
2019-09-26 10:42:31,285 [main] INFO  utils.BackgroundService (BackgroundService.java:shutdown(148)) - Shutting down service KeyDeletingService
2019-09-26 10:42:31,297 [main] INFO  handler.ContextHandler (ContextHandler.java:doStop(910)) - Stopped o.e.j.w.WebAppContext@73a00e09{/,null,UNAVAILABLE}{/ozoneManager}
2019-09-26 10:42:31,305 [main] INFO  server.AbstractConnector (AbstractConnector.java:doStop(318)) - Stopped ServerConnector@26dcd8c0{HTTP/1.1,[http/1.1]}{0.0.0.0:0}
2019-09-26 10:42:31,305 [main] INFO  handler.ContextHandler (ContextHandler.java:doStop(910)) - Stopped o.e.j.s.ServletContextHandler@6c37bd27{/static,file:///workdir/hadoop-ozone/integration-test/target/test-classes/webapps/static,UNAVAILABLE}
2019-09-26 10:42:31,322 [main] INFO  handler.ContextHandler (ContextHandler.java:doStop(910)) - Stopped o.e.j.s.ServletContextHandler@4d0b0fd4{/logs,file:///workdir/hadoop-ozone/integration-test/target/log,UNAVAILABLE}
2019-09-26 10:42:31,329 [main] INFO  ozone.MiniOzoneClusterImpl (MiniOzoneClusterImpl.java:stopDatanodes(377)) - Stopping the HddsDatanodes
2019-09-26 10:42:31,552 [Datanode State Machine Thread - 0] INFO  statemachine.DatanodeStateMachine (DatanodeStateMachine.java:lambda$startDaemon$0(350)) - Ozone container server started.
2019-09-26 10:42:31,713 [Datanode State Machine Thread - 0] INFO  statemachine.DatanodeStateMachine (DatanodeStateMachine.java:lambda$startDaemon$0(350)) - Ozone container server started.
2019-09-26 10:42:33,382 [Thread-225] INFO  impl.FollowerState (FollowerState.java:run(106)) - 28e56f19-9e9b-470a-a4d9-0b249a16b927:group-1D577BA7DA53 changes to CANDIDATE, lastRpcTime:5128, electionTimeout:5127ms
2019-09-26 10:42:33,385 [Thread-225] INFO  impl.RoleInfo (RoleInfo.java:shutdownFollowerState(121)) - 28e56f19-9e9b-470a-a4d9-0b249a16b927: shutdown FollowerState
2019-09-26 10:42:33,385 [Thread-225] INFO  impl.RaftServerImpl (RaftServerImpl.java:setRole(174)) - 28e56f19-9e9b-470a-a4d9-0b249a16b927@group-1D577BA7DA53: changes role from  FOLLOWER to CANDIDATE at term 0 for changeToCandidate
2019-09-26 10:42:33,395 [Thread-225] INFO  impl.RoleInfo (RoleInfo.java:updateAndGet(143)) - 28e56f19-9e9b-470a-a4d9-0b249a16b927: start LeaderElection
2019-09-26 10:42:33,416 [28e56f19-9e9b-470a-a4d9-0b249a16b927@group-1D577BA7DA53:LeaderElection1] INFO  impl.LeaderElection (LeaderElection.java:askForVotes(182)) - 28e56f19-9e9b-470a-a4d9-0b249a16b927@group-1D577BA7DA53:LeaderElection1: begin an election at term 1 for -1: [28e56f19-9e9b-470a-a4d9-0b249a16b927:192.168.30.13:44834], old=null
2019-09-26 10:42:33,418 [28e56f19-9e9b-470a-a4d9-0b249a16b927@group-1D577BA7DA53:LeaderElection1] INFO  impl.RoleInfo (RoleInfo.java:shutdownLeaderElection(134)) - 28e56f19-9e9b-470a-a4d9-0b249a16b927: shutdown LeaderElection
2019-09-26 10:42:33,419 [28e56f19-9e9b-470a-a4d9-0b249a16b927@group-1D577BA7DA53:LeaderElection1] INFO  impl.RaftServerImpl (RaftServerImpl.java:setRole(174)) - 28e56f19-9e9b-470a-a4d9-0b249a16b927@group-1D577BA7DA53: changes role from CANDIDATE to LEADER at term 1 for changeToLeader
2019-09-26 10:42:33,419 [28e56f19-9e9b-470a-a4d9-0b249a16b927@group-1D577BA7DA53:LeaderElection1] INFO  impl.RaftServerImpl (ServerState.java:setLeader(253)) - 28e56f19-9e9b-470a-a4d9-0b249a16b927@group-1D577BA7DA53: change Leader from null to 28e56f19-9e9b-470a-a4d9-0b249a16b927 at term 1 for becomeLeader, leader elected after 5284ms
2019-09-26 10:42:33,430 [28e56f19-9e9b-470a-a4d9-0b249a16b927@group-1D577BA7DA53:LeaderElection1] INFO  server.RaftServerConfigKeys (ConfUtils.java:logGet(43)) - raft.server.staging.catchup.gap = 1000 (default)
2019-09-26 10:42:33,430 [28e56f19-9e9b-470a-a4d9-0b249a16b927@group-1D577BA7DA53:LeaderElection1] INFO  server.RaftServerConfigKeys (ConfUtils.java:logGet(43)) - raft.server.rpc.sleep.time = 25ms (default)
2019-09-26 10:42:33,434 [28e56f19-9e9b-470a-a4d9-0b249a16b927@group-1D577BA7DA53:LeaderElection1] INFO  server.RaftServerConfigKeys (ConfUtils.java:logGet(43)) - raft.server.write.element-limit = 4096 (default)
2019-09-26 10:42:33,437 [28e56f19-9e9b-470a-a4d9-0b249a16b927@group-1D577BA7DA53:LeaderElection1] INFO  server.RaftServerConfigKeys (ConfUtils.java:logGet(43)) - raft.server.watch.timeout = 10s (default)
2019-09-26 10:42:33,438 [28e56f19-9e9b-470a-a4d9-0b249a16b927@group-1D577BA7DA53:LeaderElection1] INFO  server.RaftServerConfigKeys (ConfUtils.java:logGet(43)) - raft.server.watch.timeout.denomination = 1s (default)
2019-09-26 10:42:33,439 [28e56f19-9e9b-470a-a4d9-0b249a16b927@group-1D577BA7DA53:LeaderElection1] INFO  server.RaftServerConfigKeys (ConfUtils.java:logGet(43)) - raft.server.watch.element-limit = 65536 (default)
2019-09-26 10:42:33,455 [28e56f19-9e9b-470a-a4d9-0b249a16b927@group-1D577BA7DA53:LeaderElection1] INFO  impl.RoleInfo (RoleInfo.java:updateAndGet(143)) - 28e56f19-9e9b-470a-a4d9-0b249a16b927: start LeaderState
2019-09-26 10:42:33,483 [28e56f19-9e9b-470a-a4d9-0b249a16b927@group-1D577BA7DA53:LeaderElection1] INFO  segmented.SegmentedRaftLogWorker (SegmentedRaftLogWorker.java:startLogSegment(380)) - 28e56f19-9e9b-470a-a4d9-0b249a16b927@group-1D577BA7DA53-SegmentedRaftLogWorker: Starting segment from index:0
2019-09-26 10:42:33,492 [28e56f19-9e9b-470a-a4d9-0b249a16b927@group-1D577BA7DA53:LeaderElection1] INFO  impl.RaftServerImpl (ServerState.java:setRaftConf(354)) - 28e56f19-9e9b-470a-a4d9-0b249a16b927@group-1D577BA7DA53: set configuration 0: [28e56f19-9e9b-470a-a4d9-0b249a16b927:192.168.30.13:44834], old=null at 0
2019-09-26 10:42:33,637 [Thread-228] INFO  impl.FollowerState (FollowerState.java:run(106)) - 0d880a52-66cc-417f-8cd7-70609a5fbfa8:group-8BAE5A25C3E4 changes to CANDIDATE, lastRpcTime:5172, electionTimeout:5171ms
2019-09-26 10:42:33,647 [Thread-228] INFO  impl.RoleInfo (RoleInfo.java:shutdownFollowerState(121)) - 0d880a52-66cc-417f-8cd7-70609a5fbfa8: shutdown FollowerState
2019-09-26 10:42:33,647 [Thread-228] INFO  impl.RaftServerImpl (RaftServerImpl.java:setRole(174)) - 0d880a52-66cc-417f-8cd7-70609a5fbfa8@group-8BAE5A25C3E4: changes role from  FOLLOWER to CANDIDATE at term 0 for changeToCandidate
2019-09-26 10:42:33,648 [Thread-228] INFO  impl.RoleInfo (RoleInfo.java:updateAndGet(143)) - 0d880a52-66cc-417f-8cd7-70609a5fbfa8: start LeaderElection
2019-09-26 10:42:33,656 [Thread-231] INFO  impl.FollowerState (FollowerState.java:run(106)) - 0d880a52-66cc-417f-8cd7-70609a5fbfa8:group-B5D587C24CAB changes to CANDIDATE, lastRpcTime:5120, electionTimeout:5120ms
2019-09-26 10:42:33,658 [Thread-231] INFO  impl.RoleInfo (RoleInfo.java:shutdownFollowerState(121)) - 0d880a52-66cc-417f-8cd7-70609a5fbfa8: shutdown FollowerState
2019-09-26 10:42:33,658 [Thread-231] INFO  impl.RaftServerImpl (RaftServerImpl.java:setRole(174)) - 0d880a52-66cc-417f-8cd7-70609a5fbfa8@group-B5D587C24CAB: changes role from  FOLLOWER to CANDIDATE at term 0 for changeToCandidate
2019-09-26 10:42:33,658 [Thread-231] INFO  impl.RoleInfo (RoleInfo.java:updateAndGet(143)) - 0d880a52-66cc-417f-8cd7-70609a5fbfa8: start LeaderElection
2019-09-26 10:42:33,665 [0d880a52-66cc-417f-8cd7-70609a5fbfa8@group-B5D587C24CAB:LeaderElection3] INFO  impl.LeaderElection (LeaderElection.java:askForVotes(182)) - 0d880a52-66cc-417f-8cd7-70609a5fbfa8@group-B5D587C24CAB:LeaderElection3: begin an election at term 1 for -1: [0d880a52-66cc-417f-8cd7-70609a5fbfa8:192.168.30.13:41237], old=null
2019-09-26 10:42:33,665 [0d880a52-66cc-417f-8cd7-70609a5fbfa8@group-8BAE5A25C3E4:LeaderElection2] INFO  impl.LeaderElection (LeaderElection.java:askForVotes(182)) - 0d880a52-66cc-417f-8cd7-70609a5fbfa8@group-8BAE5A25C3E4:LeaderElection2: begin an election at term 1 for -1: [0d880a52-66cc-417f-8cd7-70609a5fbfa8:192.168.30.13:41237], old=null
2019-09-26 10:42:33,667 [0d880a52-66cc-417f-8cd7-70609a5fbfa8@group-B5D587C24CAB:LeaderElection3] INFO  impl.RoleInfo (RoleInfo.java:shutdownLeaderElection(134)) - 0d880a52-66cc-417f-8cd7-70609a5fbfa8: shutdown LeaderElection
2019-09-26 10:42:33,667 [0d880a52-66cc-417f-8cd7-70609a5fbfa8@group-8BAE5A25C3E4:LeaderElection2] INFO  impl.RoleInfo (RoleInfo.java:shutdownLeaderElection(134)) - 0d880a52-66cc-417f-8cd7-70609a5fbfa8: shutdown LeaderElection
2019-09-26 10:42:33,667 [0d880a52-66cc-417f-8cd7-70609a5fbfa8@group-B5D587C24CAB:LeaderElection3] INFO  impl.RaftServerImpl (RaftServerImpl.java:setRole(174)) - 0d880a52-66cc-417f-8cd7-70609a5fbfa8@group-B5D587C24CAB: changes role from CANDIDATE to LEADER at term 1 for changeToLeader
2019-09-26 10:42:33,668 [0d880a52-66cc-417f-8cd7-70609a5fbfa8@group-8BAE5A25C3E4:LeaderElection2] INFO  impl.RaftServerImpl (RaftServerImpl.java:setRole(174)) - 0d880a52-66cc-417f-8cd7-70609a5fbfa8@group-8BAE5A25C3E4: changes role from CANDIDATE to LEADER at term 1 for changeToLeader
2019-09-26 10:42:33,668 [0d880a52-66cc-417f-8cd7-70609a5fbfa8@group-B5D587C24CAB:LeaderElection3] INFO  impl.RaftServerImpl (ServerState.java:setLeader(253)) - 0d880a52-66cc-417f-8cd7-70609a5fbfa8@group-B5D587C24CAB: change Leader from null to 0d880a52-66cc-417f-8cd7-70609a5fbfa8 at term 1 for becomeLeader, leader elected after 5140ms
2019-09-26 10:42:33,668 [0d880a52-66cc-417f-8cd7-70609a5fbfa8@group-8BAE5A25C3E4:LeaderElection2] INFO  impl.RaftServerImpl (ServerState.java:setLeader(253)) - 0d880a52-66cc-417f-8cd7-70609a5fbfa8@group-8BAE5A25C3E4: change Leader from null to 0d880a52-66cc-417f-8cd7-70609a5fbfa8 at term 1 for becomeLeader, leader elected after 5217ms
2019-09-26 10:42:33,669 [0d880a52-66cc-417f-8cd7-70609a5fbfa8@group-B5D587C24CAB:LeaderElection3] INFO  server.RaftServerConfigKeys (ConfUtils.java:logGet(43)) - raft.server.staging.catchup.gap = 1000 (default)
2019-09-26 10:42:33,670 [0d880a52-66cc-417f-8cd7-70609a5fbfa8@group-8BAE5A25C3E4:LeaderElection2] INFO  server.RaftServerConfigKeys (ConfUtils.java:logGet(43)) - raft.server.staging.catchup.gap = 1000 (default)
2019-09-26 10:42:33,670 [0d880a52-66cc-417f-8cd7-70609a5fbfa8@group-B5D587C24CAB:LeaderElection3] INFO  server.RaftServerConfigKeys (ConfUtils.java:logGet(43)) - raft.server.rpc.sleep.time = 25ms (default)
2019-09-26 10:42:33,670 [0d880a52-66cc-417f-8cd7-70609a5fbfa8@group-8BAE5A25C3E4:LeaderElection2] INFO  server.RaftServerConfigKeys (ConfUtils.java:logGet(43)) - raft.server.rpc.sleep.time = 25ms (default)
2019-09-26 10:42:33,670 [0d880a52-66cc-417f-8cd7-70609a5fbfa8@group-B5D587C24CAB:LeaderElection3] INFO  server.RaftServerConfigKeys (ConfUtils.java:logGet(43)) - raft.server.write.element-limit = 4096 (default)
2019-09-26 10:42:33,670 [0d880a52-66cc-417f-8cd7-70609a5fbfa8@group-8BAE5A25C3E4:LeaderElection2] INFO  server.RaftServerConfigKeys (ConfUtils.java:logGet(43)) - raft.server.write.element-limit = 4096 (default)
2019-09-26 10:42:33,670 [0d880a52-66cc-417f-8cd7-70609a5fbfa8@group-B5D587C24CAB:LeaderElection3] INFO  server.RaftServerConfigKeys (ConfUtils.java:logGet(43)) - raft.server.watch.timeout = 10s (default)
2019-09-26 10:42:33,671 [0d880a52-66cc-417f-8cd7-70609a5fbfa8@group-8BAE5A25C3E4:LeaderElection2] INFO  server.RaftServerConfigKeys (ConfUtils.java:logGet(43)) - raft.server.watch.timeout = 10s (default)
2019-09-26 10:42:33,671 [0d880a52-66cc-417f-8cd7-70609a5fbfa8@group-B5D587C24CAB:LeaderElection3] INFO  server.RaftServerConfigKeys (ConfUtils.java:logGet(43)) - raft.server.watch.timeout.denomination = 1s (default)
2019-09-26 10:42:33,671 [0d880a52-66cc-417f-8cd7-70609a5fbfa8@group-8BAE5A25C3E4:LeaderElection2] INFO  server.RaftServerConfigKeys (ConfUtils.java:logGet(43)) - raft.server.watch.timeout.denomination = 1s (default)
2019-09-26 10:42:33,671 [0d880a52-66cc-417f-8cd7-70609a5fbfa8@group-B5D587C24CAB:LeaderElection3] INFO  server.RaftServerConfigKeys (ConfUtils.java:logGet(43)) - raft.server.watch.element-limit = 65536 (default)
2019-09-26 10:42:33,671 [0d880a52-66cc-417f-8cd7-70609a5fbfa8@group-8BAE5A25C3E4:LeaderElection2] INFO  server.RaftServerConfigKeys (ConfUtils.java:logGet(43)) - raft.server.watch.element-limit = 65536 (default)
2019-09-26 10:42:33,675 [0d880a52-66cc-417f-8cd7-70609a5fbfa8@group-B5D587C24CAB:LeaderElection3] INFO  impl.RoleInfo (RoleInfo.java:updateAndGet(143)) - 0d880a52-66cc-417f-8cd7-70609a5fbfa8: start LeaderState
2019-09-26 10:42:33,675 [0d880a52-66cc-417f-8cd7-70609a5fbfa8@group-B5D587C24CAB:LeaderElection3] INFO  segmented.SegmentedRaftLogWorker (SegmentedRaftLogWorker.java:startLogSegment(380)) - 0d880a52-66cc-417f-8cd7-70609a5fbfa8@group-B5D587C24CAB-SegmentedRaftLogWorker: Starting segment from index:0
2019-09-26 10:42:33,675 [0d880a52-66cc-417f-8cd7-70609a5fbfa8@group-8BAE5A25C3E4:LeaderElection2] INFO  impl.RoleInfo (RoleInfo.java:updateAndGet(143)) - 0d880a52-66cc-417f-8cd7-70609a5fbfa8: start LeaderState
2019-09-26 10:42:33,676 [0d880a52-66cc-417f-8cd7-70609a5fbfa8@group-8BAE5A25C3E4:LeaderElection2] INFO  segmented.SegmentedRaftLogWorker (SegmentedRaftLogWorker.java:startLogSegment(380)) - 0d880a52-66cc-417f-8cd7-70609a5fbfa8@group-8BAE5A25C3E4-SegmentedRaftLogWorker: Starting segment from index:0
2019-09-26 10:42:33,676 [0d880a52-66cc-417f-8cd7-70609a5fbfa8@group-B5D587C24CAB:LeaderElection3] INFO  impl.RaftServerImpl (ServerState.java:setRaftConf(354)) - 0d880a52-66cc-417f-8cd7-70609a5fbfa8@group-B5D587C24CAB: set configuration 0: [0d880a52-66cc-417f-8cd7-70609a5fbfa8:192.168.30.13:41237], old=null at 0
2019-09-26 10:42:33,725 [Thread-237] INFO  impl.FollowerState (FollowerState.java:run(106)) - 0d880a52-66cc-417f-8cd7-70609a5fbfa8:group-577B438AE9AB changes to CANDIDATE, lastRpcTime:5034, electionTimeout:5005ms
2019-09-26 10:42:33,725 [0d880a52-66cc-417f-8cd7-70609a5fbfa8@group-8BAE5A25C3E4:LeaderElection2] INFO  impl.RaftServerImpl (ServerState.java:setRaftConf(354)) - 0d880a52-66cc-417f-8cd7-70609a5fbfa8@group-8BAE5A25C3E4: set configuration 0: [0d880a52-66cc-417f-8cd7-70609a5fbfa8:192.168.30.13:41237], old=null at 0
2019-09-26 10:42:33,725 [Thread-237] INFO  impl.RoleInfo (RoleInfo.java:shutdownFollowerState(121)) - 0d880a52-66cc-417f-8cd7-70609a5fbfa8: shutdown FollowerState
2019-09-26 10:42:33,766 [Thread-237] INFO  impl.RaftServerImpl (RaftServerImpl.java:setRole(174)) - 0d880a52-66cc-417f-8cd7-70609a5fbfa8@group-577B438AE9AB: changes role from  FOLLOWER to CANDIDATE at term 0 for changeToCandidate
2019-09-26 10:42:33,767 [Thread-237] INFO  impl.RoleInfo (RoleInfo.java:updateAndGet(143)) - 0d880a52-66cc-417f-8cd7-70609a5fbfa8: start LeaderElection
2019-09-26 10:42:33,786 [0d880a52-66cc-417f-8cd7-70609a5fbfa8@group-8BAE5A25C3E4-SegmentedRaftLogWorker] INFO  segmented.SegmentedRaftLogWorker (SegmentedRaftLogWorker.java:execute(569)) - 0d880a52-66cc-417f-8cd7-70609a5fbfa8@group-8BAE5A25C3E4-SegmentedRaftLogWorker: created new log segment /workdir/hadoop-ozone/integration-test/target/test-dir/MiniOzoneClusterImpl-ba83c363-2963-4965-b6c8-e0e7e6227b06/datanode-1/data/ratis/56c90041-3a1f-4134-98b3-8bae5a25c3e4/current/log_inprogress_0
2019-09-26 10:42:33,786 [0d880a52-66cc-417f-8cd7-70609a5fbfa8@group-577B438AE9AB:LeaderElection4] INFO  impl.LeaderElection (LeaderElection.java:askForVotes(182)) - 0d880a52-66cc-417f-8cd7-70609a5fbfa8@group-577B438AE9AB:LeaderElection4: begin an election at term 1 for -1: [0d880a52-66cc-417f-8cd7-70609a5fbfa8:192.168.30.13:41237], old=null
2019-09-26 10:42:33,786 [0d880a52-66cc-417f-8cd7-70609a5fbfa8@group-B5D587C24CAB-SegmentedRaftLogWorker] INFO  segmented.SegmentedRaftLogWorker (SegmentedRaftLogWorker.java:execute(569)) - 0d880a52-66cc-417f-8cd7-70609a5fbfa8@group-B5D587C24CAB-SegmentedRaftLogWorker: created new log segment /workdir/hadoop-ozone/integration-test/target/test-dir/MiniOzoneClusterImpl-ba83c363-2963-4965-b6c8-e0e7e6227b06/datanode-1/data/ratis/a2be2d1f-ed33-4298-a874-b5d587c24cab/current/log_inprogress_0
2019-09-26 10:42:33,786 [28e56f19-9e9b-470a-a4d9-0b249a16b927@group-1D577BA7DA53-SegmentedRaftLogWorker] INFO  segmented.SegmentedRaftLogWorker (SegmentedRaftLogWorker.java:execute(569)) - 28e56f19-9e9b-470a-a4d9-0b249a16b927@group-1D577BA7DA53-SegmentedRaftLogWorker: created new log segment /workdir/hadoop-ozone/integration-test/target/test-dir/MiniOzoneClusterImpl-ba83c363-2963-4965-b6c8-e0e7e6227b06/datanode-0/data/ratis/0abd8f9f-fcdd-44f9-ae87-1d577ba7da53/current/log_inprogress_0
2019-09-26 10:42:33,787 [0d880a52-66cc-417f-8cd7-70609a5fbfa8@group-577B438AE9AB:LeaderElection4] INFO  impl.RoleInfo (RoleInfo.java:shutdownLeaderElection(134)) - 0d880a52-66cc-417f-8cd7-70609a5fbfa8: shutdown LeaderElection
2019-09-26 10:42:33,787 [0d880a52-66cc-417f-8cd7-70609a5fbfa8@group-577B438AE9AB:LeaderElection4] INFO  impl.RaftServerImpl (RaftServerImpl.java:setRole(174)) - 0d880a52-66cc-417f-8cd7-70609a5fbfa8@group-577B438AE9AB: changes role from CANDIDATE to LEADER at term 1 for changeToLeader
2019-09-26 10:42:33,787 [0d880a52-66cc-417f-8cd7-70609a5fbfa8@group-577B438AE9AB:LeaderElection4] INFO  impl.RaftServerImpl (ServerState.java:setLeader(253)) - 0d880a52-66cc-417f-8cd7-70609a5fbfa8@group-577B438AE9AB: change Leader from null to 0d880a52-66cc-417f-8cd7-70609a5fbfa8 at term 1 for becomeLeader, leader elected after 5109ms
2019-09-26 10:42:33,787 [0d880a52-66cc-417f-8cd7-70609a5fbfa8@group-577B438AE9AB:LeaderElection4] INFO  server.RaftServerConfigKeys (ConfUtils.java:logGet(43)) - raft.server.staging.catchup.gap = 1000 (default)
2019-09-26 10:42:33,788 [0d880a52-66cc-417f-8cd7-70609a5fbfa8@group-577B438AE9AB:LeaderElection4] INFO  server.RaftServerConfigKeys (ConfUtils.java:logGet(43)) - raft.server.rpc.sleep.time = 25ms (default)
2019-09-26 10:42:33,788 [0d880a52-66cc-417f-8cd7-70609a5fbfa8@group-577B438AE9AB:LeaderElection4] INFO  server.RaftServerConfigKeys (ConfUtils.java:logGet(43)) - raft.server.write.element-limit = 4096 (default)
2019-09-26 10:42:33,788 [0d880a52-66cc-417f-8cd7-70609a5fbfa8@group-577B438AE9AB:LeaderElection4] INFO  server.RaftServerConfigKeys (ConfUtils.java:logGet(43)) - raft.server.watch.timeout = 10s (default)
2019-09-26 10:42:33,788 [0d880a52-66cc-417f-8cd7-70609a5fbfa8@group-577B438AE9AB:LeaderElection4] INFO  server.RaftServerConfigKeys (ConfUtils.java:logGet(43)) - raft.server.watch.timeout.denomination = 1s (default)
2019-09-26 10:42:33,788 [0d880a52-66cc-417f-8cd7-70609a5fbfa8@group-577B438AE9AB:LeaderElection4] INFO  server.RaftServerConfigKeys (ConfUtils.java:logGet(43)) - raft.server.watch.element-limit = 65536 (default)
2019-09-26 10:42:33,792 [0d880a52-66cc-417f-8cd7-70609a5fbfa8@group-577B438AE9AB:LeaderElection4] INFO  impl.RoleInfo (RoleInfo.java:updateAndGet(143)) - 0d880a52-66cc-417f-8cd7-70609a5fbfa8: start LeaderState
2019-09-26 10:42:33,792 [0d880a52-66cc-417f-8cd7-70609a5fbfa8@group-577B438AE9AB:LeaderElection4] INFO  segmented.SegmentedRaftLogWorker (SegmentedRaftLogWorker.java:startLogSegment(380)) - 0d880a52-66cc-417f-8cd7-70609a5fbfa8@group-577B438AE9AB-SegmentedRaftLogWorker: Starting segment from index:0
2019-09-26 10:42:33,793 [0d880a52-66cc-417f-8cd7-70609a5fbfa8@group-577B438AE9AB:LeaderElection4] INFO  impl.RaftServerImpl (ServerState.java:setRaftConf(354)) - 0d880a52-66cc-417f-8cd7-70609a5fbfa8@group-577B438AE9AB: set configuration 0: [0d880a52-66cc-417f-8cd7-70609a5fbfa8:192.168.30.13:41237], old=null at 0
2019-09-26 10:42:33,829 [Thread-234] INFO  impl.FollowerState (FollowerState.java:run(106)) - 0d880a52-66cc-417f-8cd7-70609a5fbfa8:group-6B13C9AE75F7 changes to CANDIDATE, lastRpcTime:5216, electionTimeout:5185ms
2019-09-26 10:42:33,829 [Thread-234] INFO  impl.RoleInfo (RoleInfo.java:shutdownFollowerState(121)) - 0d880a52-66cc-417f-8cd7-70609a5fbfa8: shutdown FollowerState
2019-09-26 10:42:33,829 [Thread-234] INFO  impl.RaftServerImpl (RaftServerImpl.java:setRole(174)) - 0d880a52-66cc-417f-8cd7-70609a5fbfa8@group-6B13C9AE75F7: changes role from  FOLLOWER to CANDIDATE at term 0 for changeToCandidate
2019-09-26 10:42:33,831 [Thread-234] INFO  impl.RoleInfo (RoleInfo.java:updateAndGet(143)) - 0d880a52-66cc-417f-8cd7-70609a5fbfa8: start LeaderElection
2019-09-26 10:42:33,842 [0d880a52-66cc-417f-8cd7-70609a5fbfa8@group-577B438AE9AB-SegmentedRaftLogWorker] INFO  segmented.SegmentedRaftLogWorker (SegmentedRaftLogWorker.java:execute(569)) - 0d880a52-66cc-417f-8cd7-70609a5fbfa8@group-577B438AE9AB-SegmentedRaftLogWorker: created new log segment /workdir/hadoop-ozone/integration-test/target/test-dir/MiniOzoneClusterImpl-ba83c363-2963-4965-b6c8-e0e7e6227b06/datanode-1/data/ratis/4778bf0a-6053-4eca-8715-577b438ae9ab/current/log_inprogress_0
2019-09-26 10:42:33,842 [0d880a52-66cc-417f-8cd7-70609a5fbfa8@group-6B13C9AE75F7:LeaderElection5] INFO  impl.LeaderElection (LeaderElection.java:askForVotes(182)) - 0d880a52-66cc-417f-8cd7-70609a5fbfa8@group-6B13C9AE75F7:LeaderElection5: begin an election at term 1 for -1: [0d880a52-66cc-417f-8cd7-70609a5fbfa8:192.168.30.13:41237], old=null
2019-09-26 10:42:33,842 [0d880a52-66cc-417f-8cd7-70609a5fbfa8@group-6B13C9AE75F7:LeaderElection5] INFO  impl.RoleInfo (RoleInfo.java:shutdownLeaderElection(134)) - 0d880a52-66cc-417f-8cd7-70609a5fbfa8: shutdown LeaderElection
2019-09-26 10:42:33,842 [0d880a52-66cc-417f-8cd7-70609a5fbfa8@group-6B13C9AE75F7:LeaderElection5] INFO  impl.RaftServerImpl (RaftServerImpl.java:setRole(174)) - 0d880a52-66cc-417f-8cd7-70609a5fbfa8@group-6B13C9AE75F7: changes role from CANDIDATE to LEADER at term 1 for changeToLeader
2019-09-26 10:42:33,842 [0d880a52-66cc-417f-8cd7-70609a5fbfa8@group-6B13C9AE75F7:LeaderElection5] INFO  impl.RaftServerImpl (ServerState.java:setLeader(253)) - 0d880a52-66cc-417f-8cd7-70609a5fbfa8@group-6B13C9AE75F7: change Leader from null to 0d880a52-66cc-417f-8cd7-70609a5fbfa8 at term 1 for becomeLeader, leader elected after 5242ms
2019-09-26 10:42:33,843 [0d880a52-66cc-417f-8cd7-70609a5fbfa8@group-6B13C9AE75F7:LeaderElection5] INFO  server.RaftServerConfigKeys (ConfUtils.java:logGet(43)) - raft.server.staging.catchup.gap = 1000 (default)
2019-09-26 10:42:33,843 [0d880a52-66cc-417f-8cd7-70609a5fbfa8@group-6B13C9AE75F7:LeaderElection5] INFO  server.RaftServerConfigKeys (ConfUtils.java:logGet(43)) - raft.server.rpc.sleep.time = 25ms (default)
2019-09-26 10:42:33,843 [0d880a52-66cc-417f-8cd7-70609a5fbfa8@group-6B13C9AE75F7:LeaderElection5] INFO  server.RaftServerConfigKeys (ConfUtils.java:logGet(43)) - raft.server.write.element-limit = 4096 (default)
2019-09-26 10:42:33,843 [0d880a52-66cc-417f-8cd7-70609a5fbfa8@group-6B13C9AE75F7:LeaderElection5] INFO  server.RaftServerConfigKeys (ConfUtils.java:logGet(43)) - raft.server.watch.timeout = 10s (default)
2019-09-26 10:42:33,843 [0d880a52-66cc-417f-8cd7-70609a5fbfa8@group-6B13C9AE75F7:LeaderElection5] INFO  server.RaftServerConfigKeys (ConfUtils.java:logGet(43)) - raft.server.watch.timeout.denomination = 1s (default)
2019-09-26 10:42:33,843 [0d880a52-66cc-417f-8cd7-70609a5fbfa8@group-6B13C9AE75F7:LeaderElection5] INFO  server.RaftServerConfigKeys (ConfUtils.java:logGet(43)) - raft.server.watch.element-limit = 65536 (default)
2019-09-26 10:42:33,845 [0d880a52-66cc-417f-8cd7-70609a5fbfa8@group-6B13C9AE75F7:LeaderElection5] INFO  impl.RoleInfo (RoleInfo.java:updateAndGet(143)) - 0d880a52-66cc-417f-8cd7-70609a5fbfa8: start LeaderState
2019-09-26 10:42:33,845 [0d880a52-66cc-417f-8cd7-70609a5fbfa8@group-6B13C9AE75F7:LeaderElection5] INFO  segmented.SegmentedRaftLogWorker (SegmentedRaftLogWorker.java:startLogSegment(380)) - 0d880a52-66cc-417f-8cd7-70609a5fbfa8@group-6B13C9AE75F7-SegmentedRaftLogWorker: Starting segment from index:0
2019-09-26 10:42:33,846 [0d880a52-66cc-417f-8cd7-70609a5fbfa8@group-6B13C9AE75F7:LeaderElection5] INFO  impl.RaftServerImpl (ServerState.java:setRaftConf(354)) - 0d880a52-66cc-417f-8cd7-70609a5fbfa8@group-6B13C9AE75F7: set configuration 0: [0d880a52-66cc-417f-8cd7-70609a5fbfa8:192.168.30.13:41237], old=null at 0
2019-09-26 10:42:33,896 [0d880a52-66cc-417f-8cd7-70609a5fbfa8@group-6B13C9AE75F7-SegmentedRaftLogWorker] INFO  segmented.SegmentedRaftLogWorker (SegmentedRaftLogWorker.java:execute(569)) - 0d880a52-66cc-417f-8cd7-70609a5fbfa8@group-6B13C9AE75F7-SegmentedRaftLogWorker: created new log segment /workdir/hadoop-ozone/integration-test/target/test-dir/MiniOzoneClusterImpl-ba83c363-2963-4965-b6c8-e0e7e6227b06/datanode-1/data/ratis/5e7cfa56-64b5-4711-ba21-6b13c9ae75f7/current/log_inprogress_0
2019-09-26 10:42:33,978 [Thread-240] INFO  impl.FollowerState (FollowerState.java:run(106)) - 766dc5f6-32d2-4403-bd57-0044e97b5c0e:group-635AE18CAAC2 changes to CANDIDATE, lastRpcTime:5127, electionTimeout:5127ms
2019-09-26 10:42:33,979 [Thread-240] INFO  impl.RoleInfo (RoleInfo.java:shutdownFollowerState(121)) - 766dc5f6-32d2-4403-bd57-0044e97b5c0e: shutdown FollowerState
2019-09-26 10:42:33,979 [Thread-240] INFO  impl.RaftServerImpl (RaftServerImpl.java:setRole(174)) - 766dc5f6-32d2-4403-bd57-0044e97b5c0e@group-635AE18CAAC2: changes role from  FOLLOWER to CANDIDATE at term 0 for changeToCandidate
2019-09-26 10:42:33,979 [Thread-240] INFO  impl.RoleInfo (RoleInfo.java:updateAndGet(143)) - 766dc5f6-32d2-4403-bd57-0044e97b5c0e: start LeaderElection
2019-09-26 10:42:33,997 [766dc5f6-32d2-4403-bd57-0044e97b5c0e@group-635AE18CAAC2:LeaderElection6] INFO  impl.LeaderElection (LeaderElection.java:askForVotes(182)) - 766dc5f6-32d2-4403-bd57-0044e97b5c0e@group-635AE18CAAC2:LeaderElection6: begin an election at term 1 for -1: [766dc5f6-32d2-4403-bd57-0044e97b5c0e:192.168.30.13:45523], old=null
2019-09-26 10:42:33,997 [766dc5f6-32d2-4403-bd57-0044e97b5c0e@group-635AE18CAAC2:LeaderElection6] INFO  impl.RoleInfo (RoleInfo.java:shutdownLeaderElection(134)) - 766dc5f6-32d2-4403-bd57-0044e97b5c0e: shutdown LeaderElection
2019-09-26 10:42:33,997 [766dc5f6-32d2-4403-bd57-0044e97b5c0e@group-635AE18CAAC2:LeaderElection6] INFO  impl.RaftServerImpl (RaftServerImpl.java:setRole(174)) - 766dc5f6-32d2-4403-bd57-0044e97b5c0e@group-635AE18CAAC2: changes role from CANDIDATE to LEADER at term 1 for changeToLeader
2019-09-26 10:42:33,997 [766dc5f6-32d2-4403-bd57-0044e97b5c0e@group-635AE18CAAC2:LeaderElection6] INFO  impl.RaftServerImpl (ServerState.java:setLeader(253)) - 766dc5f6-32d2-4403-bd57-0044e97b5c0e@group-635AE18CAAC2: change Leader from null to 766dc5f6-32d2-4403-bd57-0044e97b5c0e at term 1 for becomeLeader, leader elected after 5200ms
2019-09-26 10:42:33,999 [766dc5f6-32d2-4403-bd57-0044e97b5c0e@group-635AE18CAAC2:LeaderElection6] INFO  server.RaftServerConfigKeys (ConfUtils.java:logGet(43)) - raft.server.staging.catchup.gap = 1000 (default)
2019-09-26 10:42:34,000 [766dc5f6-32d2-4403-bd57-0044e97b5c0e@group-635AE18CAAC2:LeaderElection6] INFO  server.RaftServerConfigKeys (ConfUtils.java:logGet(43)) - raft.server.rpc.sleep.time = 25ms (default)
2019-09-26 10:42:34,000 [766dc5f6-32d2-4403-bd57-0044e97b5c0e@group-635AE18CAAC2:LeaderElection6] INFO  server.RaftServerConfigKeys (ConfUtils.java:logGet(43)) - raft.server.write.element-limit = 4096 (default)
2019-09-26 10:42:34,000 [766dc5f6-32d2-4403-bd57-0044e97b5c0e@group-635AE18CAAC2:LeaderElection6] INFO  server.RaftServerConfigKeys (ConfUtils.java:logGet(43)) - raft.server.watch.timeout = 10s (default)
2019-09-26 10:42:34,001 [766dc5f6-32d2-4403-bd57-0044e97b5c0e@group-635AE18CAAC2:LeaderElection6] INFO  server.RaftServerConfigKeys (ConfUtils.java:logGet(43)) - raft.server.watch.timeout.denomination = 1s (default)
2019-09-26 10:42:34,001 [766dc5f6-32d2-4403-bd57-0044e97b5c0e@group-635AE18CAAC2:LeaderElection6] INFO  server.RaftServerConfigKeys (ConfUtils.java:logGet(43)) - raft.server.watch.element-limit = 65536 (default)
2019-09-26 10:42:34,005 [766dc5f6-32d2-4403-bd57-0044e97b5c0e@group-635AE18CAAC2:LeaderElection6] INFO  impl.RoleInfo (RoleInfo.java:updateAndGet(143)) - 766dc5f6-32d2-4403-bd57-0044e97b5c0e: start LeaderState
2019-09-26 10:42:34,006 [766dc5f6-32d2-4403-bd57-0044e97b5c0e@group-635AE18CAAC2:LeaderElection6] INFO  segmented.SegmentedRaftLogWorker (SegmentedRaftLogWorker.java:startLogSegment(380)) - 766dc5f6-32d2-4403-bd57-0044e97b5c0e@group-635AE18CAAC2-SegmentedRaftLogWorker: Starting segment from index:0
2019-09-26 10:42:34,006 [766dc5f6-32d2-4403-bd57-0044e97b5c0e@group-635AE18CAAC2:LeaderElection6] INFO  impl.RaftServerImpl (ServerState.java:setRaftConf(354)) - 766dc5f6-32d2-4403-bd57-0044e97b5c0e@group-635AE18CAAC2: set configuration 0: [766dc5f6-32d2-4403-bd57-0044e97b5c0e:192.168.30.13:45523], old=null at 0
2019-09-26 10:42:34,046 [Thread-246] INFO  impl.FollowerState (FollowerState.java:run(106)) - 766dc5f6-32d2-4403-bd57-0044e97b5c0e:group-7AFF37BE0272 changes to CANDIDATE, lastRpcTime:5038, electionTimeout:5028ms
2019-09-26 10:42:34,046 [Thread-246] INFO  impl.RoleInfo (RoleInfo.java:shutdownFollowerState(121)) - 766dc5f6-32d2-4403-bd57-0044e97b5c0e: shutdown FollowerState
2019-09-26 10:42:34,046 [Thread-246] INFO  impl.RaftServerImpl (RaftServerImpl.java:setRole(174)) - 766dc5f6-32d2-4403-bd57-0044e97b5c0e@group-7AFF37BE0272: changes role from  FOLLOWER to CANDIDATE at term 0 for changeToCandidate
2019-09-26 10:42:34,047 [Thread-246] INFO  impl.RoleInfo (RoleInfo.java:updateAndGet(143)) - 766dc5f6-32d2-4403-bd57-0044e97b5c0e: start LeaderElection
2019-09-26 10:42:34,059 [766dc5f6-32d2-4403-bd57-0044e97b5c0e@group-635AE18CAAC2-SegmentedRaftLogWorker] INFO  segmented.SegmentedRaftLogWorker (SegmentedRaftLogWorker.java:execute(569)) - 766dc5f6-32d2-4403-bd57-0044e97b5c0e@group-635AE18CAAC2-SegmentedRaftLogWorker: created new log segment /workdir/hadoop-ozone/integration-test/target/test-dir/MiniOzoneClusterImpl-ba83c363-2963-4965-b6c8-e0e7e6227b06/datanode-3/data/ratis/f8d98ce0-0dc7-4247-a2e2-635ae18caac2/current/log_inprogress_0
2019-09-26 10:42:34,059 [766dc5f6-32d2-4403-bd57-0044e97b5c0e@group-7AFF37BE0272:LeaderElection7] INFO  impl.LeaderElection (LeaderElection.java:askForVotes(182)) - 766dc5f6-32d2-4403-bd57-0044e97b5c0e@group-7AFF37BE0272:LeaderElection7: begin an election at term 1 for -1: [766dc5f6-32d2-4403-bd57-0044e97b5c0e:192.168.30.13:45523], old=null
2019-09-26 10:42:34,060 [766dc5f6-32d2-4403-bd57-0044e97b5c0e@group-7AFF37BE0272:LeaderElection7] INFO  impl.RoleInfo (RoleInfo.java:shutdownLeaderElection(134)) - 766dc5f6-32d2-4403-bd57-0044e97b5c0e: shutdown LeaderElection
2019-09-26 10:42:34,060 [766dc5f6-32d2-4403-bd57-0044e97b5c0e@group-7AFF37BE0272:LeaderElection7] INFO  impl.RaftServerImpl (RaftServerImpl.java:setRole(174)) - 766dc5f6-32d2-4403-bd57-0044e97b5c0e@group-7AFF37BE0272: changes role from CANDIDATE to LEADER at term 1 for changeToLeader
2019-09-26 10:42:34,060 [766dc5f6-32d2-4403-bd57-0044e97b5c0e@group-7AFF37BE0272:LeaderElection7] INFO  impl.RaftServerImpl (ServerState.java:setLeader(253)) - 766dc5f6-32d2-4403-bd57-0044e97b5c0e@group-7AFF37BE0272: change Leader from null to 766dc5f6-32d2-4403-bd57-0044e97b5c0e at term 1 for becomeLeader, leader elected after 5063ms
2019-09-26 10:42:34,060 [766dc5f6-32d2-4403-bd57-0044e97b5c0e@group-7AFF37BE0272:LeaderElection7] INFO  server.RaftServerConfigKeys (ConfUtils.java:logGet(43)) - raft.server.staging.catchup.gap = 1000 (default)
2019-09-26 10:42:34,060 [766dc5f6-32d2-4403-bd57-0044e97b5c0e@group-7AFF37BE0272:LeaderElection7] INFO  server.RaftServerConfigKeys (ConfUtils.java:logGet(43)) - raft.server.rpc.sleep.time = 25ms (default)
2019-09-26 10:42:34,061 [766dc5f6-32d2-4403-bd57-0044e97b5c0e@group-7AFF37BE0272:LeaderElection7] INFO  server.RaftServerConfigKeys (ConfUtils.java:logGet(43)) - raft.server.write.element-limit = 4096 (default)
2019-09-26 10:42:34,061 [766dc5f6-32d2-4403-bd57-0044e97b5c0e@group-7AFF37BE0272:LeaderElection7] INFO  server.RaftServerConfigKeys (ConfUtils.java:logGet(43)) - raft.server.watch.timeout = 10s (default)
2019-09-26 10:42:34,061 [766dc5f6-32d2-4403-bd57-0044e97b5c0e@group-7AFF37BE0272:LeaderElection7] INFO  server.RaftServerConfigKeys (ConfUtils.java:logGet(43)) - raft.server.watch.timeout.denomination = 1s (default)
2019-09-26 10:42:34,061 [766dc5f6-32d2-4403-bd57-0044e97b5c0e@group-7AFF37BE0272:LeaderElection7] INFO  server.RaftServerConfigKeys (ConfUtils.java:logGet(43)) - raft.server.watch.element-limit = 65536 (default)
2019-09-26 10:42:34,064 [766dc5f6-32d2-4403-bd57-0044e97b5c0e@group-7AFF37BE0272:LeaderElection7] INFO  impl.RoleInfo (RoleInfo.java:updateAndGet(143)) - 766dc5f6-32d2-4403-bd57-0044e97b5c0e: start LeaderState
2019-09-26 10:42:34,064 [766dc5f6-32d2-4403-bd57-0044e97b5c0e@group-7AFF37BE0272:LeaderElection7] INFO  segmented.SegmentedRaftLogWorker (SegmentedRaftLogWorker.java:startLogSegment(380)) - 766dc5f6-32d2-4403-bd57-0044e97b5c0e@group-7AFF37BE0272-SegmentedRaftLogWorker: Starting segment from index:0
2019-09-26 10:42:34,065 [766dc5f6-32d2-4403-bd57-0044e97b5c0e@group-7AFF37BE0272:LeaderElection7] INFO  impl.RaftServerImpl (ServerState.java:setRaftConf(354)) - 766dc5f6-32d2-4403-bd57-0044e97b5c0e@group-7AFF37BE0272: set configuration 0: [766dc5f6-32d2-4403-bd57-0044e97b5c0e:192.168.30.13:45523], old=null at 0
2019-09-26 10:42:34,120 [Thread-243] INFO  impl.FollowerState (FollowerState.java:run(106)) - 0d880a52-66cc-417f-8cd7-70609a5fbfa8:group-7338E56F94FC changes to CANDIDATE, lastRpcTime:5194, electionTimeout:5194ms
2019-09-26 10:42:34,120 [Thread-243] INFO  impl.RoleInfo (RoleInfo.java:shutdownFollowerState(121)) - 0d880a52-66cc-417f-8cd7-70609a5fbfa8: shutdown FollowerState
2019-09-26 10:42:34,120 [Thread-243] INFO  impl.RaftServerImpl (RaftServerImpl.java:setRole(174)) - 0d880a52-66cc-417f-8cd7-70609a5fbfa8@group-7338E56F94FC: changes role from  FOLLOWER to CANDIDATE at term 0 for changeToCandidate
2019-09-26 10:42:34,121 [Thread-243] INFO  impl.RoleInfo (RoleInfo.java:updateAndGet(143)) - 0d880a52-66cc-417f-8cd7-70609a5fbfa8: start LeaderElection
2019-09-26 10:42:34,125 [766dc5f6-32d2-4403-bd57-0044e97b5c0e@group-7AFF37BE0272-SegmentedRaftLogWorker] INFO  segmented.SegmentedRaftLogWorker (SegmentedRaftLogWorker.java:execute(569)) - 766dc5f6-32d2-4403-bd57-0044e97b5c0e@group-7AFF37BE0272-SegmentedRaftLogWorker: created new log segment /workdir/hadoop-ozone/integration-test/target/test-dir/MiniOzoneClusterImpl-ba83c363-2963-4965-b6c8-e0e7e6227b06/datanode-3/data/ratis/637c1860-162f-4de3-b96c-7aff37be0272/current/log_inprogress_0
2019-09-26 10:42:34,139 [0d880a52-66cc-417f-8cd7-70609a5fbfa8@group-7338E56F94FC:LeaderElection8] INFO  impl.LeaderElection (LeaderElection.java:askForVotes(182)) - 0d880a52-66cc-417f-8cd7-70609a5fbfa8@group-7338E56F94FC:LeaderElection8: begin an election at term 1 for -1: [0d880a52-66cc-417f-8cd7-70609a5fbfa8:192.168.30.13:41237], old=null
2019-09-26 10:42:34,139 [0d880a52-66cc-417f-8cd7-70609a5fbfa8@group-7338E56F94FC:LeaderElection8] INFO  impl.RoleInfo (RoleInfo.java:shutdownLeaderElection(134)) - 0d880a52-66cc-417f-8cd7-70609a5fbfa8: shutdown LeaderElection
2019-09-26 10:42:34,139 [0d880a52-66cc-417f-8cd7-70609a5fbfa8@group-7338E56F94FC:LeaderElection8] INFO  impl.RaftServerImpl (RaftServerImpl.java:setRole(174)) - 0d880a52-66cc-417f-8cd7-70609a5fbfa8@group-7338E56F94FC: changes role from CANDIDATE to LEADER at term 1 for changeToLeader
2019-09-26 10:42:34,139 [0d880a52-66cc-417f-8cd7-70609a5fbfa8@group-7338E56F94FC:LeaderElection8] INFO  impl.RaftServerImpl (ServerState.java:setLeader(253)) - 0d880a52-66cc-417f-8cd7-70609a5fbfa8@group-7338E56F94FC: change Leader from null to 0d880a52-66cc-417f-8cd7-70609a5fbfa8 at term 1 for becomeLeader, leader elected after 5227ms
2019-09-26 10:42:34,139 [0d880a52-66cc-417f-8cd7-70609a5fbfa8@group-7338E56F94FC:LeaderElection8] INFO  server.RaftServerConfigKeys (ConfUtils.java:logGet(43)) - raft.server.staging.catchup.gap = 1000 (default)
2019-09-26 10:42:34,140 [0d880a52-66cc-417f-8cd7-70609a5fbfa8@group-7338E56F94FC:LeaderElection8] INFO  server.RaftServerConfigKeys (ConfUtils.java:logGet(43)) - raft.server.rpc.sleep.time = 25ms (default)
2019-09-26 10:42:34,140 [0d880a52-66cc-417f-8cd7-70609a5fbfa8@group-7338E56F94FC:LeaderElection8] INFO  server.RaftServerConfigKeys (ConfUtils.java:logGet(43)) - raft.server.write.element-limit = 4096 (default)
2019-09-26 10:42:34,140 [0d880a52-66cc-417f-8cd7-70609a5fbfa8@group-7338E56F94FC:LeaderElection8] INFO  server.RaftServerConfigKeys (ConfUtils.java:logGet(43)) - raft.server.watch.timeout = 10s (default)
2019-09-26 10:42:34,140 [0d880a52-66cc-417f-8cd7-70609a5fbfa8@group-7338E56F94FC:LeaderElection8] INFO  server.RaftServerConfigKeys (ConfUtils.java:logGet(43)) - raft.server.watch.timeout.denomination = 1s (default)
2019-09-26 10:42:34,141 [0d880a52-66cc-417f-8cd7-70609a5fbfa8@group-7338E56F94FC:LeaderElection8] INFO  server.RaftServerConfigKeys (ConfUtils.java:logGet(43)) - raft.server.watch.element-limit = 65536 (default)
2019-09-26 10:42:34,144 [0d880a52-66cc-417f-8cd7-70609a5fbfa8@group-7338E56F94FC:LeaderElection8] INFO  impl.RoleInfo (RoleInfo.java:updateAndGet(143)) - 0d880a52-66cc-417f-8cd7-70609a5fbfa8: start LeaderState
2019-09-26 10:42:34,145 [0d880a52-66cc-417f-8cd7-70609a5fbfa8@group-7338E56F94FC:LeaderElection8] INFO  segmented.SegmentedRaftLogWorker (SegmentedRaftLogWorker.java:startLogSegment(380)) - 0d880a52-66cc-417f-8cd7-70609a5fbfa8@group-7338E56F94FC-SegmentedRaftLogWorker: Starting segment from index:0
2019-09-26 10:42:34,145 [0d880a52-66cc-417f-8cd7-70609a5fbfa8@group-7338E56F94FC:LeaderElection8] INFO  impl.RaftServerImpl (ServerState.java:setRaftConf(354)) - 0d880a52-66cc-417f-8cd7-70609a5fbfa8@group-7338E56F94FC: set configuration 0: [0d880a52-66cc-417f-8cd7-70609a5fbfa8:192.168.30.13:41237], old=null at 0
2019-09-26 10:42:34,212 [0d880a52-66cc-417f-8cd7-70609a5fbfa8@group-7338E56F94FC-SegmentedRaftLogWorker] INFO  segmented.SegmentedRaftLogWorker (SegmentedRaftLogWorker.java:execute(569)) - 0d880a52-66cc-417f-8cd7-70609a5fbfa8@group-7338E56F94FC-SegmentedRaftLogWorker: created new log segment /workdir/hadoop-ozone/integration-test/target/test-dir/MiniOzoneClusterImpl-ba83c363-2963-4965-b6c8-e0e7e6227b06/datanode-1/data/ratis/bcd7d518-b89b-4781-872b-7338e56f94fc/current/log_inprogress_0
2019-09-26 10:42:34,284 [Thread-249] INFO  impl.FollowerState (FollowerState.java:run(106)) - b39f15a2-ed1b-46ef-9b39-c0ba6a9718b6:group-0F5A477FBFD7 changes to CANDIDATE, lastRpcTime:5190, electionTimeout:5190ms
2019-09-26 10:42:34,285 [Thread-249] INFO  impl.RoleInfo (RoleInfo.java:shutdownFollowerState(121)) - b39f15a2-ed1b-46ef-9b39-c0ba6a9718b6: shutdown FollowerState
2019-09-26 10:42:34,285 [Thread-249] INFO  impl.RaftServerImpl (RaftServerImpl.java:setRole(174)) - b39f15a2-ed1b-46ef-9b39-c0ba6a9718b6@group-0F5A477FBFD7: changes role from  FOLLOWER to CANDIDATE at term 0 for changeToCandidate
2019-09-26 10:42:34,285 [Thread-249] INFO  impl.RoleInfo (RoleInfo.java:updateAndGet(143)) - b39f15a2-ed1b-46ef-9b39-c0ba6a9718b6: start LeaderElection
2019-09-26 10:42:34,298 [Thread-255] INFO  impl.FollowerState (FollowerState.java:run(106)) - b39f15a2-ed1b-46ef-9b39-c0ba6a9718b6:group-71DBF38F3F17 changes to CANDIDATE, lastRpcTime:5060, electionTimeout:5060ms
2019-09-26 10:42:34,298 [Thread-255] INFO  impl.RoleInfo (RoleInfo.java:shutdownFollowerState(121)) - b39f15a2-ed1b-46ef-9b39-c0ba6a9718b6: shutdown FollowerState
2019-09-26 10:42:34,298 [Thread-255] INFO  impl.RaftServerImpl (RaftServerImpl.java:setRole(174)) - b39f15a2-ed1b-46ef-9b39-c0ba6a9718b6@group-71DBF38F3F17: changes role from  FOLLOWER to CANDIDATE at term 0 for changeToCandidate
2019-09-26 10:42:34,298 [Thread-255] INFO  impl.RoleInfo (RoleInfo.java:updateAndGet(143)) - b39f15a2-ed1b-46ef-9b39-c0ba6a9718b6: start LeaderElection
2019-09-26 10:42:34,305 [b39f15a2-ed1b-46ef-9b39-c0ba6a9718b6@group-0F5A477FBFD7:LeaderElection9] INFO  impl.LeaderElection (LeaderElection.java:askForVotes(182)) - b39f15a2-ed1b-46ef-9b39-c0ba6a9718b6@group-0F5A477FBFD7:LeaderElection9: begin an election at term 1 for -1: [b39f15a2-ed1b-46ef-9b39-c0ba6a9718b6:192.168.30.13:42810], old=null
2019-09-26 10:42:34,305 [b39f15a2-ed1b-46ef-9b39-c0ba6a9718b6@group-0F5A477FBFD7:LeaderElection9] INFO  impl.RoleInfo (RoleInfo.java:shutdownLeaderElection(134)) - b39f15a2-ed1b-46ef-9b39-c0ba6a9718b6: shutdown LeaderElection
2019-09-26 10:42:34,305 [b39f15a2-ed1b-46ef-9b39-c0ba6a9718b6@group-0F5A477FBFD7:LeaderElection9] INFO  impl.RaftServerImpl (RaftServerImpl.java:setRole(174)) - b39f15a2-ed1b-46ef-9b39-c0ba6a9718b6@group-0F5A477FBFD7: changes role from CANDIDATE to LEADER at term 1 for changeToLeader
2019-09-26 10:42:34,305 [b39f15a2-ed1b-46ef-9b39-c0ba6a9718b6@group-0F5A477FBFD7:LeaderElection9] INFO  impl.RaftServerImpl (ServerState.java:setLeader(253)) - b39f15a2-ed1b-46ef-9b39-c0ba6a9718b6@group-0F5A477FBFD7: change Leader from null to b39f15a2-ed1b-46ef-9b39-c0ba6a9718b6 at term 1 for becomeLeader, leader elected after 5223ms
2019-09-26 10:42:34,307 [b39f15a2-ed1b-46ef-9b39-c0ba6a9718b6@group-0F5A477FBFD7:LeaderElection9] INFO  server.RaftServerConfigKeys (ConfUtils.java:logGet(43)) - raft.server.staging.catchup.gap = 1000 (default)
2019-09-26 10:42:34,307 [b39f15a2-ed1b-46ef-9b39-c0ba6a9718b6@group-71DBF38F3F17:LeaderElection10] INFO  impl.LeaderElection (LeaderElection.java:askForVotes(182)) - b39f15a2-ed1b-46ef-9b39-c0ba6a9718b6@group-71DBF38F3F17:LeaderElection10: begin an election at term 1 for -1: [b39f15a2-ed1b-46ef-9b39-c0ba6a9718b6:192.168.30.13:42810], old=null
2019-09-26 10:42:34,308 [b39f15a2-ed1b-46ef-9b39-c0ba6a9718b6@group-0F5A477FBFD7:LeaderElection9] INFO  server.RaftServerConfigKeys (ConfUtils.java:logGet(43)) - raft.server.rpc.sleep.time = 25ms (default)
2019-09-26 10:42:34,308 [b39f15a2-ed1b-46ef-9b39-c0ba6a9718b6@group-71DBF38F3F17:LeaderElection10] INFO  impl.RoleInfo (RoleInfo.java:shutdownLeaderElection(134)) - b39f15a2-ed1b-46ef-9b39-c0ba6a9718b6: shutdown LeaderElection
2019-09-26 10:42:34,308 [b39f15a2-ed1b-46ef-9b39-c0ba6a9718b6@group-0F5A477FBFD7:LeaderElection9] INFO  server.RaftServerConfigKeys (ConfUtils.java:logGet(43)) - raft.server.write.element-limit = 4096 (default)
2019-09-26 10:42:34,308 [b39f15a2-ed1b-46ef-9b39-c0ba6a9718b6@group-71DBF38F3F17:LeaderElection10] INFO  impl.RaftServerImpl (RaftServerImpl.java:setRole(174)) - b39f15a2-ed1b-46ef-9b39-c0ba6a9718b6@group-71DBF38F3F17: changes role from CANDIDATE to LEADER at term 1 for changeToLeader
2019-09-26 10:42:34,308 [b39f15a2-ed1b-46ef-9b39-c0ba6a9718b6@group-0F5A477FBFD7:LeaderElection9] INFO  server.RaftServerConfigKeys (ConfUtils.java:logGet(43)) - raft.server.watch.timeout = 10s (default)
2019-09-26 10:42:34,308 [b39f15a2-ed1b-46ef-9b39-c0ba6a9718b6@group-71DBF38F3F17:LeaderElection10] INFO  impl.RaftServerImpl (ServerState.java:setLeader(253)) - b39f15a2-ed1b-46ef-9b39-c0ba6a9718b6@group-71DBF38F3F17: change Leader from null to b39f15a2-ed1b-46ef-9b39-c0ba6a9718b6 at term 1 for becomeLeader, leader elected after 5079ms
2019-09-26 10:42:34,308 [b39f15a2-ed1b-46ef-9b39-c0ba6a9718b6@group-0F5A477FBFD7:LeaderElection9] INFO  server.RaftServerConfigKeys (ConfUtils.java:logGet(43)) - raft.server.watch.timeout.denomination = 1s (default)
2019-09-26 10:42:34,309 [b39f15a2-ed1b-46ef-9b39-c0ba6a9718b6@group-71DBF38F3F17:LeaderElection10] INFO  server.RaftServerConfigKeys (ConfUtils.java:logGet(43)) - raft.server.staging.catchup.gap = 1000 (default)
2019-09-26 10:42:34,309 [b39f15a2-ed1b-46ef-9b39-c0ba6a9718b6@group-0F5A477FBFD7:LeaderElection9] INFO  server.RaftServerConfigKeys (ConfUtils.java:logGet(43)) - raft.server.watch.element-limit = 65536 (default)
2019-09-26 10:42:34,309 [b39f15a2-ed1b-46ef-9b39-c0ba6a9718b6@group-71DBF38F3F17:LeaderElection10] INFO  server.RaftServerConfigKeys (ConfUtils.java:logGet(43)) - raft.server.rpc.sleep.time = 25ms (default)
2019-09-26 10:42:34,309 [b39f15a2-ed1b-46ef-9b39-c0ba6a9718b6@group-71DBF38F3F17:LeaderElection10] INFO  server.RaftServerConfigKeys (ConfUtils.java:logGet(43)) - raft.server.write.element-limit = 4096 (default)
2019-09-26 10:42:34,309 [b39f15a2-ed1b-46ef-9b39-c0ba6a9718b6@group-71DBF38F3F17:LeaderElection10] INFO  server.RaftServerConfigKeys (ConfUtils.java:logGet(43)) - raft.server.watch.timeout = 10s (default)
2019-09-26 10:42:34,310 [b39f15a2-ed1b-46ef-9b39-c0ba6a9718b6@group-71DBF38F3F17:LeaderElection10] INFO  server.RaftServerConfigKeys (ConfUtils.java:logGet(43)) - raft.server.watch.timeout.denomination = 1s (default)
2019-09-26 10:42:34,310 [b39f15a2-ed1b-46ef-9b39-c0ba6a9718b6@group-71DBF38F3F17:LeaderElection10] INFO  server.RaftServerConfigKeys (ConfUtils.java:logGet(43)) - raft.server.watch.element-limit = 65536 (default)
2019-09-26 10:42:34,312 [b39f15a2-ed1b-46ef-9b39-c0ba6a9718b6@group-0F5A477FBFD7:LeaderElection9] INFO  impl.RoleInfo (RoleInfo.java:updateAndGet(143)) - b39f15a2-ed1b-46ef-9b39-c0ba6a9718b6: start LeaderState
2019-09-26 10:42:34,312 [b39f15a2-ed1b-46ef-9b39-c0ba6a9718b6@group-0F5A477FBFD7:LeaderElection9] INFO  segmented.SegmentedRaftLogWorker (SegmentedRaftLogWorker.java:startLogSegment(380)) - b39f15a2-ed1b-46ef-9b39-c0ba6a9718b6@group-0F5A477FBFD7-SegmentedRaftLogWorker: Starting segment from index:0
2019-09-26 10:42:34,313 [b39f15a2-ed1b-46ef-9b39-c0ba6a9718b6@group-71DBF38F3F17:LeaderElection10] INFO  impl.RoleInfo (RoleInfo.java:updateAndGet(143)) - b39f15a2-ed1b-46ef-9b39-c0ba6a9718b6: start LeaderState
2019-09-26 10:42:34,313 [b39f15a2-ed1b-46ef-9b39-c0ba6a9718b6@group-71DBF38F3F17:LeaderElection10] INFO  segmented.SegmentedRaftLogWorker (SegmentedRaftLogWorker.java:startLogSegment(380)) - b39f15a2-ed1b-46ef-9b39-c0ba6a9718b6@group-71DBF38F3F17-SegmentedRaftLogWorker: Starting segment from index:0
2019-09-26 10:42:34,313 [b39f15a2-ed1b-46ef-9b39-c0ba6a9718b6@group-0F5A477FBFD7:LeaderElection9] INFO  impl.RaftServerImpl (ServerState.java:setRaftConf(354)) - b39f15a2-ed1b-46ef-9b39-c0ba6a9718b6@group-0F5A477FBFD7: set configuration 0: [b39f15a2-ed1b-46ef-9b39-c0ba6a9718b6:192.168.30.13:42810], old=null at 0
2019-09-26 10:42:34,353 [Thread-258] INFO  impl.FollowerState (FollowerState.java:run(106)) - b39f15a2-ed1b-46ef-9b39-c0ba6a9718b6:group-F022B8DEE155 changes to CANDIDATE, lastRpcTime:5040, electionTimeout:5005ms
2019-09-26 10:42:34,353 [Thread-252] INFO  impl.FollowerState (FollowerState.java:run(106)) - ba1aab4d-d107-47a2-be01-d124e86652a2:group-339405433FF4 changes to CANDIDATE, lastRpcTime:5181, electionTimeout:5145ms
2019-09-26 10:42:34,353 [Thread-258] INFO  impl.RoleInfo (RoleInfo.java:shutdownFollowerState(121)) - b39f15a2-ed1b-46ef-9b39-c0ba6a9718b6: shutdown FollowerState
2019-09-26 10:42:34,353 [b39f15a2-ed1b-46ef-9b39-c0ba6a9718b6@group-71DBF38F3F17:LeaderElection10] INFO  impl.RaftServerImpl (ServerState.java:setRaftConf(354)) - b39f15a2-ed1b-46ef-9b39-c0ba6a9718b6@group-71DBF38F3F17: set configuration 0: [b39f15a2-ed1b-46ef-9b39-c0ba6a9718b6:192.168.30.13:42810], old=null at 0
2019-09-26 10:42:34,354 [Thread-258] INFO  impl.RaftServerImpl (RaftServerImpl.java:setRole(174)) - b39f15a2-ed1b-46ef-9b39-c0ba6a9718b6@group-F022B8DEE155: changes role from  FOLLOWER to CANDIDATE at term 0 for changeToCandidate
2019-09-26 10:42:34,354 [Thread-252] INFO  impl.RoleInfo (RoleInfo.java:shutdownFollowerState(121)) - ba1aab4d-d107-47a2-be01-d124e86652a2: shutdown FollowerState
2019-09-26 10:42:34,397 [b39f15a2-ed1b-46ef-9b39-c0ba6a9718b6@group-0F5A477FBFD7-SegmentedRaftLogWorker] INFO  segmented.SegmentedRaftLogWorker (SegmentedRaftLogWorker.java:execute(569)) - b39f15a2-ed1b-46ef-9b39-c0ba6a9718b6@group-0F5A477FBFD7-SegmentedRaftLogWorker: created new log segment /workdir/hadoop-ozone/integration-test/target/test-dir/MiniOzoneClusterImpl-ba83c363-2963-4965-b6c8-e0e7e6227b06/datanode-4/data/ratis/2539855e-1c5c-4826-85af-0f5a477fbfd7/current/log_inprogress_0
2019-09-26 10:42:34,397 [Thread-252] INFO  impl.RaftServerImpl (RaftServerImpl.java:setRole(174)) - ba1aab4d-d107-47a2-be01-d124e86652a2@group-339405433FF4: changes role from  FOLLOWER to CANDIDATE at term 0 for changeToCandidate
2019-09-26 10:42:34,397 [Thread-258] INFO  impl.RoleInfo (RoleInfo.java:updateAndGet(143)) - b39f15a2-ed1b-46ef-9b39-c0ba6a9718b6: start LeaderElection
2019-09-26 10:42:34,398 [Thread-252] INFO  impl.RoleInfo (RoleInfo.java:updateAndGet(143)) - ba1aab4d-d107-47a2-be01-d124e86652a2: start LeaderElection
2019-09-26 10:42:34,410 [b39f15a2-ed1b-46ef-9b39-c0ba6a9718b6@group-71DBF38F3F17-SegmentedRaftLogWorker] INFO  segmented.SegmentedRaftLogWorker (SegmentedRaftLogWorker.java:execute(569)) - b39f15a2-ed1b-46ef-9b39-c0ba6a9718b6@group-71DBF38F3F17-SegmentedRaftLogWorker: created new log segment /workdir/hadoop-ozone/integration-test/target/test-dir/MiniOzoneClusterImpl-ba83c363-2963-4965-b6c8-e0e7e6227b06/datanode-4/data/ratis/06c6e404-667b-4224-b3b2-71dbf38f3f17/current/log_inprogress_0
2019-09-26 10:42:34,410 [ba1aab4d-d107-47a2-be01-d124e86652a2@group-339405433FF4:LeaderElection12] INFO  impl.LeaderElection (LeaderElection.java:askForVotes(182)) - ba1aab4d-d107-47a2-be01-d124e86652a2@group-339405433FF4:LeaderElection12: begin an election at term 1 for -1: [ba1aab4d-d107-47a2-be01-d124e86652a2:192.168.30.13:41615], old=null
2019-09-26 10:42:34,410 [b39f15a2-ed1b-46ef-9b39-c0ba6a9718b6@group-F022B8DEE155:LeaderElection11] INFO  impl.LeaderElection (LeaderElection.java:askForVotes(182)) - b39f15a2-ed1b-46ef-9b39-c0ba6a9718b6@group-F022B8DEE155:LeaderElection11: begin an election at term 1 for -1: [b39f15a2-ed1b-46ef-9b39-c0ba6a9718b6:192.168.30.13:42810], old=null
2019-09-26 10:42:34,410 [ba1aab4d-d107-47a2-be01-d124e86652a2@group-339405433FF4:LeaderElection12] INFO  impl.RoleInfo (RoleInfo.java:shutdownLeaderElection(134)) - ba1aab4d-d107-47a2-be01-d124e86652a2: shutdown LeaderElection
2019-09-26 10:42:34,411 [b39f15a2-ed1b-46ef-9b39-c0ba6a9718b6@group-F022B8DEE155:LeaderElection11] INFO  impl.RoleInfo (RoleInfo.java:shutdownLeaderElection(134)) - b39f15a2-ed1b-46ef-9b39-c0ba6a9718b6: shutdown LeaderElection
2019-09-26 10:42:34,411 [ba1aab4d-d107-47a2-be01-d124e86652a2@group-339405433FF4:LeaderElection12] INFO  impl.RaftServerImpl (RaftServerImpl.java:setRole(174)) - ba1aab4d-d107-47a2-be01-d124e86652a2@group-339405433FF4: changes role from CANDIDATE to LEADER at term 1 for changeToLeader
2019-09-26 10:42:34,411 [b39f15a2-ed1b-46ef-9b39-c0ba6a9718b6@group-F022B8DEE155:LeaderElection11] INFO  impl.RaftServerImpl (RaftServerImpl.java:setRole(174)) - b39f15a2-ed1b-46ef-9b39-c0ba6a9718b6@group-F022B8DEE155: changes role from CANDIDATE to LEADER at term 1 for changeToLeader
2019-09-26 10:42:34,411 [ba1aab4d-d107-47a2-be01-d124e86652a2@group-339405433FF4:LeaderElection12] INFO  impl.RaftServerImpl (ServerState.java:setLeader(253)) - ba1aab4d-d107-47a2-be01-d124e86652a2@group-339405433FF4: change Leader from null to ba1aab4d-d107-47a2-be01-d124e86652a2 at term 1 for becomeLeader, leader elected after 5252ms
2019-09-26 10:42:34,411 [b39f15a2-ed1b-46ef-9b39-c0ba6a9718b6@group-F022B8DEE155:LeaderElection11] INFO  impl.RaftServerImpl (ServerState.java:setLeader(253)) - b39f15a2-ed1b-46ef-9b39-c0ba6a9718b6@group-F022B8DEE155: change Leader from null to b39f15a2-ed1b-46ef-9b39-c0ba6a9718b6 at term 1 for becomeLeader, leader elected after 5106ms
2019-09-26 10:42:34,413 [ba1aab4d-d107-47a2-be01-d124e86652a2@group-339405433FF4:LeaderElection12] INFO  server.RaftServerConfigKeys (ConfUtils.java:logGet(43)) - raft.server.staging.catchup.gap = 1000 (default)
2019-09-26 10:42:34,413 [b39f15a2-ed1b-46ef-9b39-c0ba6a9718b6@group-F022B8DEE155:LeaderElection11] INFO  server.RaftServerConfigKeys (ConfUtils.java:logGet(43)) - raft.server.staging.catchup.gap = 1000 (default)
2019-09-26 10:42:34,413 [ba1aab4d-d107-47a2-be01-d124e86652a2@group-339405433FF4:LeaderElection12] INFO  server.RaftServerConfigKeys (ConfUtils.java:logGet(43)) - raft.server.rpc.sleep.time = 25ms (default)
2019-09-26 10:42:34,413 [b39f15a2-ed1b-46ef-9b39-c0ba6a9718b6@group-F022B8DEE155:LeaderElection11] INFO  server.RaftServerConfigKeys (ConfUtils.java:logGet(43)) - raft.server.rpc.sleep.time = 25ms (default)
2019-09-26 10:42:34,414 [ba1aab4d-d107-47a2-be01-d124e86652a2@group-339405433FF4:LeaderElection12] INFO  server.RaftServerConfigKeys (ConfUtils.java:logGet(43)) - raft.server.write.element-limit = 4096 (default)
2019-09-26 10:42:34,414 [b39f15a2-ed1b-46ef-9b39-c0ba6a9718b6@group-F022B8DEE155:LeaderElection11] INFO  server.RaftServerConfigKeys (ConfUtils.java:logGet(43)) - raft.server.write.element-limit = 4096 (default)
2019-09-26 10:42:34,414 [ba1aab4d-d107-47a2-be01-d124e86652a2@group-339405433FF4:LeaderElection12] INFO  server.RaftServerConfigKeys (ConfUtils.java:logGet(43)) - raft.server.watch.timeout = 10s (default)
2019-09-26 10:42:34,414 [b39f15a2-ed1b-46ef-9b39-c0ba6a9718b6@group-F022B8DEE155:LeaderElection11] INFO  server.RaftServerConfigKeys (ConfUtils.java:logGet(43)) - raft.server.watch.timeout = 10s (default)
2019-09-26 10:42:34,414 [ba1aab4d-d107-47a2-be01-d124e86652a2@group-339405433FF4:LeaderElection12] INFO  server.RaftServerConfigKeys (ConfUtils.java:logGet(43)) - raft.server.watch.timeout.denomination = 1s (default)
2019-09-26 10:42:34,414 [b39f15a2-ed1b-46ef-9b39-c0ba6a9718b6@group-F022B8DEE155:LeaderElection11] INFO  server.RaftServerConfigKeys (ConfUtils.java:logGet(43)) - raft.server.watch.timeout.denomination = 1s (default)
2019-09-26 10:42:34,414 [ba1aab4d-d107-47a2-be01-d124e86652a2@group-339405433FF4:LeaderElection12] INFO  server.RaftServerConfigKeys (ConfUtils.java:logGet(43)) - raft.server.watch.element-limit = 65536 (default)
2019-09-26 10:42:34,414 [b39f15a2-ed1b-46ef-9b39-c0ba6a9718b6@group-F022B8DEE155:LeaderElection11] INFO  server.RaftServerConfigKeys (ConfUtils.java:logGet(43)) - raft.server.watch.element-limit = 65536 (default)
2019-09-26 10:42:34,418 [ba1aab4d-d107-47a2-be01-d124e86652a2@group-339405433FF4:LeaderElection12] INFO  impl.RoleInfo (RoleInfo.java:updateAndGet(143)) - ba1aab4d-d107-47a2-be01-d124e86652a2: start LeaderState
2019-09-26 10:42:34,418 [b39f15a2-ed1b-46ef-9b39-c0ba6a9718b6@group-F022B8DEE155:LeaderElection11] INFO  impl.RoleInfo (RoleInfo.java:updateAndGet(143)) - b39f15a2-ed1b-46ef-9b39-c0ba6a9718b6: start LeaderState
2019-09-26 10:42:34,418 [ba1aab4d-d107-47a2-be01-d124e86652a2@group-339405433FF4:LeaderElection12] INFO  segmented.SegmentedRaftLogWorker (SegmentedRaftLogWorker.java:startLogSegment(380)) - ba1aab4d-d107-47a2-be01-d124e86652a2@group-339405433FF4-SegmentedRaftLogWorker: Starting segment from index:0
2019-09-26 10:42:34,418 [b39f15a2-ed1b-46ef-9b39-c0ba6a9718b6@group-F022B8DEE155:LeaderElection11] INFO  segmented.SegmentedRaftLogWorker (SegmentedRaftLogWorker.java:startLogSegment(380)) - b39f15a2-ed1b-46ef-9b39-c0ba6a9718b6@group-F022B8DEE155-SegmentedRaftLogWorker: Starting segment from index:0
2019-09-26 10:42:34,419 [ba1aab4d-d107-47a2-be01-d124e86652a2@group-339405433FF4:LeaderElection12] INFO  impl.RaftServerImpl (ServerState.java:setRaftConf(354)) - ba1aab4d-d107-47a2-be01-d124e86652a2@group-339405433FF4: set configuration 0: [ba1aab4d-d107-47a2-be01-d124e86652a2:192.168.30.13:41615], old=null at 0
2019-09-26 10:42:34,459 [b39f15a2-ed1b-46ef-9b39-c0ba6a9718b6@group-F022B8DEE155:LeaderElection11] INFO  impl.RaftServerImpl (ServerState.java:setRaftConf(354)) - b39f15a2-ed1b-46ef-9b39-c0ba6a9718b6@group-F022B8DEE155: set configuration 0: [b39f15a2-ed1b-46ef-9b39-c0ba6a9718b6:192.168.30.13:42810], old=null at 0
2019-09-26 10:42:34,504 [ba1aab4d-d107-47a2-be01-d124e86652a2@group-339405433FF4-SegmentedRaftLogWorker] INFO  segmented.SegmentedRaftLogWorker (SegmentedRaftLogWorker.java:execute(569)) - ba1aab4d-d107-47a2-be01-d124e86652a2@group-339405433FF4-SegmentedRaftLogWorker: created new log segment /workdir/hadoop-ozone/integration-test/target/test-dir/MiniOzoneClusterImpl-ba83c363-2963-4965-b6c8-e0e7e6227b06/datanode-2/data/ratis/f6e31a68-9a26-4a7e-a6ba-339405433ff4/current/log_inprogress_0
2019-09-26 10:42:34,516 [b39f15a2-ed1b-46ef-9b39-c0ba6a9718b6@group-F022B8DEE155-SegmentedRaftLogWorker] INFO  segmented.SegmentedRaftLogWorker (SegmentedRaftLogWorker.java:execute(569)) - b39f15a2-ed1b-46ef-9b39-c0ba6a9718b6@group-F022B8DEE155-SegmentedRaftLogWorker: created new log segment /workdir/hadoop-ozone/integration-test/target/test-dir/MiniOzoneClusterImpl-ba83c363-2963-4965-b6c8-e0e7e6227b06/datanode-4/data/ratis/20716e4a-6a40-46a7-bcd6-f022b8dee155/current/log_inprogress_0
2019-09-26 10:42:34,534 [Thread-261] INFO  impl.FollowerState (FollowerState.java:run(106)) - c2a6c9af-68b9-412f-956f-becf7b86d0d9:group-D9C6AB40679F changes to CANDIDATE, lastRpcTime:5145, electionTimeout:5145ms
2019-09-26 10:42:34,535 [Thread-261] INFO  impl.RoleInfo (RoleInfo.java:shutdownFollowerState(121)) - c2a6c9af-68b9-412f-956f-becf7b86d0d9: shutdown FollowerState
2019-09-26 10:42:34,535 [Thread-261] INFO  impl.RaftServerImpl (RaftServerImpl.java:setRole(174)) - c2a6c9af-68b9-412f-956f-becf7b86d0d9@group-D9C6AB40679F: changes role from  FOLLOWER to CANDIDATE at term 0 for changeToCandidate
2019-09-26 10:42:34,535 [Thread-261] INFO  impl.RoleInfo (RoleInfo.java:updateAndGet(143)) - c2a6c9af-68b9-412f-956f-becf7b86d0d9: start LeaderElection
2019-09-26 10:42:34,556 [c2a6c9af-68b9-412f-956f-becf7b86d0d9@group-D9C6AB40679F:LeaderElection13] INFO  impl.LeaderElection (LeaderElection.java:askForVotes(182)) - c2a6c9af-68b9-412f-956f-becf7b86d0d9@group-D9C6AB40679F:LeaderElection13: begin an election at term 1 for -1: [c2a6c9af-68b9-412f-956f-becf7b86d0d9:192.168.30.13:40379], old=null
2019-09-26 10:42:34,556 [c2a6c9af-68b9-412f-956f-becf7b86d0d9@group-D9C6AB40679F:LeaderElection13] INFO  impl.RoleInfo (RoleInfo.java:shutdownLeaderElection(134)) - c2a6c9af-68b9-412f-956f-becf7b86d0d9: shutdown LeaderElection
2019-09-26 10:42:34,556 [c2a6c9af-68b9-412f-956f-becf7b86d0d9@group-D9C6AB40679F:LeaderElection13] INFO  impl.RaftServerImpl (RaftServerImpl.java:setRole(174)) - c2a6c9af-68b9-412f-956f-becf7b86d0d9@group-D9C6AB40679F: changes role from CANDIDATE to LEADER at term 1 for changeToLeader
2019-09-26 10:42:34,556 [c2a6c9af-68b9-412f-956f-becf7b86d0d9@group-D9C6AB40679F:LeaderElection13] INFO  impl.RaftServerImpl (ServerState.java:setLeader(253)) - c2a6c9af-68b9-412f-956f-becf7b86d0d9@group-D9C6AB40679F: change Leader from null to c2a6c9af-68b9-412f-956f-becf7b86d0d9 at term 1 for becomeLeader, leader elected after 5178ms
2019-09-26 10:42:34,558 [c2a6c9af-68b9-412f-956f-becf7b86d0d9@group-D9C6AB40679F:LeaderElection13] INFO  server.RaftServerConfigKeys (ConfUtils.java:logGet(43)) - raft.server.staging.catchup.gap = 1000 (default)
2019-09-26 10:42:34,559 [c2a6c9af-68b9-412f-956f-becf7b86d0d9@group-D9C6AB40679F:LeaderElection13] INFO  server.RaftServerConfigKeys (ConfUtils.java:logGet(43)) - raft.server.rpc.sleep.time = 25ms (default)
2019-09-26 10:42:34,559 [c2a6c9af-68b9-412f-956f-becf7b86d0d9@group-D9C6AB40679F:LeaderElection13] INFO  server.RaftServerConfigKeys (ConfUtils.java:logGet(43)) - raft.server.write.element-limit = 4096 (default)
2019-09-26 10:42:34,559 [c2a6c9af-68b9-412f-956f-becf7b86d0d9@group-D9C6AB40679F:LeaderElection13] INFO  server.RaftServerConfigKeys (ConfUtils.java:logGet(43)) - raft.server.watch.timeout = 10s (default)
2019-09-26 10:42:34,559 [c2a6c9af-68b9-412f-956f-becf7b86d0d9@group-D9C6AB40679F:LeaderElection13] INFO  server.RaftServerConfigKeys (ConfUtils.java:logGet(43)) - raft.server.watch.timeout.denomination = 1s (default)
2019-09-26 10:42:34,559 [c2a6c9af-68b9-412f-956f-becf7b86d0d9@group-D9C6AB40679F:LeaderElection13] INFO  server.RaftServerConfigKeys (ConfUtils.java:logGet(43)) - raft.server.watch.element-limit = 65536 (default)
2019-09-26 10:42:34,562 [c2a6c9af-68b9-412f-956f-becf7b86d0d9@group-D9C6AB40679F:LeaderElection13] INFO  impl.RoleInfo (RoleInfo.java:updateAndGet(143)) - c2a6c9af-68b9-412f-956f-becf7b86d0d9: start LeaderState
2019-09-26 10:42:34,563 [c2a6c9af-68b9-412f-956f-becf7b86d0d9@group-D9C6AB40679F:LeaderElection13] INFO  segmented.SegmentedRaftLogWorker (SegmentedRaftLogWorker.java:startLogSegment(380)) - c2a6c9af-68b9-412f-956f-becf7b86d0d9@group-D9C6AB40679F-SegmentedRaftLogWorker: Starting segment from index:0
2019-09-26 10:42:34,563 [c2a6c9af-68b9-412f-956f-becf7b86d0d9@group-D9C6AB40679F:LeaderElection13] INFO  impl.RaftServerImpl (ServerState.java:setRaftConf(354)) - c2a6c9af-68b9-412f-956f-becf7b86d0d9@group-D9C6AB40679F: set configuration 0: [c2a6c9af-68b9-412f-956f-becf7b86d0d9:192.168.30.13:40379], old=null at 0
2019-09-26 10:42:34,603 [Thread-264] INFO  impl.FollowerState (FollowerState.java:run(106)) - 28e56f19-9e9b-470a-a4d9-0b249a16b927:group-8C00341AD4EF changes to CANDIDATE, lastRpcTime:5133, electionTimeout:5095ms
2019-09-26 10:42:34,603 [Thread-264] INFO  impl.RoleInfo (RoleInfo.java:shutdownFollowerState(121)) - 28e56f19-9e9b-470a-a4d9-0b249a16b927: shutdown FollowerState
2019-09-26 10:42:34,603 [Thread-264] INFO  impl.RaftServerImpl (RaftServerImpl.java:setRole(174)) - 28e56f19-9e9b-470a-a4d9-0b249a16b927@group-8C00341AD4EF: changes role from  FOLLOWER to CANDIDATE at term 0 for changeToCandidate
2019-09-26 10:42:34,603 [Thread-264] INFO  impl.RoleInfo (RoleInfo.java:updateAndGet(143)) - 28e56f19-9e9b-470a-a4d9-0b249a16b927: start LeaderElection
2019-09-26 10:42:34,626 [c2a6c9af-68b9-412f-956f-becf7b86d0d9@group-D9C6AB40679F-SegmentedRaftLogWorker] INFO  segmented.SegmentedRaftLogWorker (SegmentedRaftLogWorker.java:execute(569)) - c2a6c9af-68b9-412f-956f-becf7b86d0d9@group-D9C6AB40679F-SegmentedRaftLogWorker: created new log segment /workdir/hadoop-ozone/integration-test/target/test-dir/MiniOzoneClusterImpl-ba83c363-2963-4965-b6c8-e0e7e6227b06/datanode-5/data/ratis/8d961de8-673e-4077-98bc-d9c6ab40679f/current/log_inprogress_0
2019-09-26 10:42:34,627 [28e56f19-9e9b-470a-a4d9-0b249a16b927@group-8C00341AD4EF:LeaderElection14] INFO  impl.LeaderElection (LeaderElection.java:askForVotes(182)) - 28e56f19-9e9b-470a-a4d9-0b249a16b927@group-8C00341AD4EF:LeaderElection14: begin an election at term 1 for -1: [28e56f19-9e9b-470a-a4d9-0b249a16b927:192.168.30.13:44834], old=null
2019-09-26 10:42:34,627 [28e56f19-9e9b-470a-a4d9-0b249a16b927@group-8C00341AD4EF:LeaderElection14] INFO  impl.RoleInfo (RoleInfo.java:shutdownLeaderElection(134)) - 28e56f19-9e9b-470a-a4d9-0b249a16b927: shutdown LeaderElection
2019-09-26 10:42:34,627 [28e56f19-9e9b-470a-a4d9-0b249a16b927@group-8C00341AD4EF:LeaderElection14] INFO  impl.RaftServerImpl (RaftServerImpl.java:setRole(174)) - 28e56f19-9e9b-470a-a4d9-0b249a16b927@group-8C00341AD4EF: changes role from CANDIDATE to LEADER at term 1 for changeToLeader
2019-09-26 10:42:34,627 [28e56f19-9e9b-470a-a4d9-0b249a16b927@group-8C00341AD4EF:LeaderElection14] INFO  impl.RaftServerImpl (ServerState.java:setLeader(253)) - 28e56f19-9e9b-470a-a4d9-0b249a16b927@group-8C00341AD4EF: change Leader from null to 28e56f19-9e9b-470a-a4d9-0b249a16b927 at term 1 for becomeLeader, leader elected after 5166ms
2019-09-26 10:42:34,627 [28e56f19-9e9b-470a-a4d9-0b249a16b927@group-8C00341AD4EF:LeaderElection14] INFO  server.RaftServerConfigKeys (ConfUtils.java:logGet(43)) - raft.server.staging.catchup.gap = 1000 (default)
2019-09-26 10:42:34,627 [28e56f19-9e9b-470a-a4d9-0b249a16b927@group-8C00341AD4EF:LeaderElection14] INFO  server.RaftServerConfigKeys (ConfUtils.java:logGet(43)) - raft.server.rpc.sleep.time = 25ms (default)
2019-09-26 10:42:34,628 [28e56f19-9e9b-470a-a4d9-0b249a16b927@group-8C00341AD4EF:LeaderElection14] INFO  server.RaftServerConfigKeys (ConfUtils.java:logGet(43)) - raft.server.write.element-limit = 4096 (default)
2019-09-26 10:42:34,628 [28e56f19-9e9b-470a-a4d9-0b249a16b927@group-8C00341AD4EF:LeaderElection14] INFO  server.RaftServerConfigKeys (ConfUtils.java:logGet(43)) - raft.server.watch.timeout = 10s (default)
2019-09-26 10:42:34,628 [28e56f19-9e9b-470a-a4d9-0b249a16b927@group-8C00341AD4EF:LeaderElection14] INFO  server.RaftServerConfigKeys (ConfUtils.java:logGet(43)) - raft.server.watch.timeout.denomination = 1s (default)
2019-09-26 10:42:34,628 [28e56f19-9e9b-470a-a4d9-0b249a16b927@group-8C00341AD4EF:LeaderElection14] INFO  server.RaftServerConfigKeys (ConfUtils.java:logGet(43)) - raft.server.watch.element-limit = 65536 (default)
2019-09-26 10:42:34,633 [28e56f19-9e9b-470a-a4d9-0b249a16b927@group-8C00341AD4EF:LeaderElection14] INFO  impl.RoleInfo (RoleInfo.java:updateAndGet(143)) - 28e56f19-9e9b-470a-a4d9-0b249a16b927: start LeaderState
2019-09-26 10:42:34,633 [28e56f19-9e9b-470a-a4d9-0b249a16b927@group-8C00341AD4EF:LeaderElection14] INFO  segmented.SegmentedRaftLogWorker (SegmentedRaftLogWorker.java:startLogSegment(380)) - 28e56f19-9e9b-470a-a4d9-0b249a16b927@group-8C00341AD4EF-SegmentedRaftLogWorker: Starting segment from index:0
2019-09-26 10:42:34,634 [28e56f19-9e9b-470a-a4d9-0b249a16b927@group-8C00341AD4EF:LeaderElection14] INFO  impl.RaftServerImpl (ServerState.java:setRaftConf(354)) - 28e56f19-9e9b-470a-a4d9-0b249a16b927@group-8C00341AD4EF: set configuration 0: [28e56f19-9e9b-470a-a4d9-0b249a16b927:192.168.30.13:44834], old=null at 0
2019-09-26 10:42:34,675 [Thread-267] INFO  impl.FollowerState (FollowerState.java:run(106)) - c2a6c9af-68b9-412f-956f-becf7b86d0d9:group-0B572493D5D2 changes to CANDIDATE, lastRpcTime:5129, electionTimeout:5110ms
2019-09-26 10:42:34,675 [Thread-267] INFO  impl.RoleInfo (RoleInfo.java:shutdownFollowerState(121)) - c2a6c9af-68b9-412f-956f-becf7b86d0d9: shutdown FollowerState
2019-09-26 10:42:34,676 [Thread-267] INFO  impl.RaftServerImpl (RaftServerImpl.java:setRole(174)) - c2a6c9af-68b9-412f-956f-becf7b86d0d9@group-0B572493D5D2: changes role from  FOLLOWER to CANDIDATE at term 0 for changeToCandidate
2019-09-26 10:42:34,676 [Thread-267] INFO  impl.RoleInfo (RoleInfo.java:updateAndGet(143)) - c2a6c9af-68b9-412f-956f-becf7b86d0d9: start LeaderElection
2019-09-26 10:42:34,688 [28e56f19-9e9b-470a-a4d9-0b249a16b927@group-8C00341AD4EF-SegmentedRaftLogWorker] INFO  segmented.SegmentedRaftLogWorker (SegmentedRaftLogWorker.java:execute(569)) - 28e56f19-9e9b-470a-a4d9-0b249a16b927@group-8C00341AD4EF-SegmentedRaftLogWorker: created new log segment /workdir/hadoop-ozone/integration-test/target/test-dir/MiniOzoneClusterImpl-ba83c363-2963-4965-b6c8-e0e7e6227b06/datanode-0/data/ratis/2c2de337-6879-483b-9526-8c00341ad4ef/current/log_inprogress_0
2019-09-26 10:42:34,688 [c2a6c9af-68b9-412f-956f-becf7b86d0d9@group-0B572493D5D2:LeaderElection15] INFO  impl.LeaderElection (LeaderElection.java:askForVotes(182)) - c2a6c9af-68b9-412f-956f-becf7b86d0d9@group-0B572493D5D2:LeaderElection15: begin an election at term 1 for -1: [c2a6c9af-68b9-412f-956f-becf7b86d0d9:192.168.30.13:40379], old=null
2019-09-26 10:42:34,688 [c2a6c9af-68b9-412f-956f-becf7b86d0d9@group-0B572493D5D2:LeaderElection15] INFO  impl.RoleInfo (RoleInfo.java:shutdownLeaderElection(134)) - c2a6c9af-68b9-412f-956f-becf7b86d0d9: shutdown LeaderElection
2019-09-26 10:42:34,688 [c2a6c9af-68b9-412f-956f-becf7b86d0d9@group-0B572493D5D2:LeaderElection15] INFO  impl.RaftServerImpl (RaftServerImpl.java:setRole(174)) - c2a6c9af-68b9-412f-956f-becf7b86d0d9@group-0B572493D5D2: changes role from CANDIDATE to LEADER at term 1 for changeToLeader
2019-09-26 10:42:34,688 [c2a6c9af-68b9-412f-956f-becf7b86d0d9@group-0B572493D5D2:LeaderElection15] INFO  impl.RaftServerImpl (ServerState.java:setLeader(253)) - c2a6c9af-68b9-412f-956f-becf7b86d0d9@group-0B572493D5D2: change Leader from null to c2a6c9af-68b9-412f-956f-becf7b86d0d9 at term 1 for becomeLeader, leader elected after 5149ms
2019-09-26 10:42:34,688 [c2a6c9af-68b9-412f-956f-becf7b86d0d9@group-0B572493D5D2:LeaderElection15] INFO  server.RaftServerConfigKeys (ConfUtils.java:logGet(43)) - raft.server.staging.catchup.gap = 1000 (default)
2019-09-26 10:42:34,689 [c2a6c9af-68b9-412f-956f-becf7b86d0d9@group-0B572493D5D2:LeaderElection15] INFO  server.RaftServerConfigKeys (ConfUtils.java:logGet(43)) - raft.server.rpc.sleep.time = 25ms (default)
2019-09-26 10:42:34,689 [c2a6c9af-68b9-412f-956f-becf7b86d0d9@group-0B572493D5D2:LeaderElection15] INFO  server.RaftServerConfigKeys (ConfUtils.java:logGet(43)) - raft.server.write.element-limit = 4096 (default)
2019-09-26 10:42:34,689 [c2a6c9af-68b9-412f-956f-becf7b86d0d9@group-0B572493D5D2:LeaderElection15] INFO  server.RaftServerConfigKeys (ConfUtils.java:logGet(43)) - raft.server.watch.timeout = 10s (default)
2019-09-26 10:42:34,689 [c2a6c9af-68b9-412f-956f-becf7b86d0d9@group-0B572493D5D2:LeaderElection15] INFO  server.RaftServerConfigKeys (ConfUtils.java:logGet(43)) - raft.server.watch.timeout.denomination = 1s (default)
2019-09-26 10:42:34,689 [c2a6c9af-68b9-412f-956f-becf7b86d0d9@group-0B572493D5D2:LeaderElection15] INFO  server.RaftServerConfigKeys (ConfUtils.java:logGet(43)) - raft.server.watch.element-limit = 65536 (default)
2019-09-26 10:42:34,692 [c2a6c9af-68b9-412f-956f-becf7b86d0d9@group-0B572493D5D2:LeaderElection15] INFO  impl.RoleInfo (RoleInfo.java:updateAndGet(143)) - c2a6c9af-68b9-412f-956f-becf7b86d0d9: start LeaderState
2019-09-26 10:42:34,692 [c2a6c9af-68b9-412f-956f-becf7b86d0d9@group-0B572493D5D2:LeaderElection15] INFO  segmented.SegmentedRaftLogWorker (SegmentedRaftLogWorker.java:startLogSegment(380)) - c2a6c9af-68b9-412f-956f-becf7b86d0d9@group-0B572493D5D2-SegmentedRaftLogWorker: Starting segment from index:0
2019-09-26 10:42:34,693 [c2a6c9af-68b9-412f-956f-becf7b86d0d9@group-0B572493D5D2:LeaderElection15] INFO  impl.RaftServerImpl (ServerState.java:setRaftConf(354)) - c2a6c9af-68b9-412f-956f-becf7b86d0d9@group-0B572493D5D2: set configuration 0: [c2a6c9af-68b9-412f-956f-becf7b86d0d9:192.168.30.13:40379], old=null at 0
2019-09-26 10:42:34,733 [Thread-270] INFO  impl.FollowerState (FollowerState.java:run(106)) - ba1aab4d-d107-47a2-be01-d124e86652a2:group-3F3B553BF753 changes to CANDIDATE, lastRpcTime:5069, electionTimeout:5035ms
2019-09-26 10:42:34,733 [Thread-270] INFO  impl.RoleInfo (RoleInfo.java:shutdownFollowerState(121)) - ba1aab4d-d107-47a2-be01-d124e86652a2: shutdown FollowerState
2019-09-26 10:42:34,733 [Thread-270] INFO  impl.RaftServerImpl (RaftServerImpl.java:setRole(174)) - ba1aab4d-d107-47a2-be01-d124e86652a2@group-3F3B553BF753: changes role from  FOLLOWER to CANDIDATE at term 0 for changeToCandidate
2019-09-26 10:42:34,734 [Thread-270] INFO  impl.RoleInfo (RoleInfo.java:updateAndGet(143)) - ba1aab4d-d107-47a2-be01-d124e86652a2: start LeaderElection
2019-09-26 10:42:34,746 [c2a6c9af-68b9-412f-956f-becf7b86d0d9@group-0B572493D5D2-SegmentedRaftLogWorker] INFO  segmented.SegmentedRaftLogWorker (SegmentedRaftLogWorker.java:execute(569)) - c2a6c9af-68b9-412f-956f-becf7b86d0d9@group-0B572493D5D2-SegmentedRaftLogWorker: created new log segment /workdir/hadoop-ozone/integration-test/target/test-dir/MiniOzoneClusterImpl-ba83c363-2963-4965-b6c8-e0e7e6227b06/datanode-5/data/ratis/441303fb-8348-4576-8a0a-0b572493d5d2/current/log_inprogress_0
2019-09-26 10:42:34,746 [ba1aab4d-d107-47a2-be01-d124e86652a2@group-3F3B553BF753:LeaderElection16] INFO  impl.LeaderElection (LeaderElection.java:askForVotes(182)) - ba1aab4d-d107-47a2-be01-d124e86652a2@group-3F3B553BF753:LeaderElection16: begin an election at term 1 for -1: [ba1aab4d-d107-47a2-be01-d124e86652a2:192.168.30.13:41615], old=null
2019-09-26 10:42:34,746 [ba1aab4d-d107-47a2-be01-d124e86652a2@group-3F3B553BF753:LeaderElection16] INFO  impl.RoleInfo (RoleInfo.java:shutdownLeaderElection(134)) - ba1aab4d-d107-47a2-be01-d124e86652a2: shutdown LeaderElection
2019-09-26 10:42:34,747 [ba1aab4d-d107-47a2-be01-d124e86652a2@group-3F3B553BF753:LeaderElection16] INFO  impl.RaftServerImpl (RaftServerImpl.java:setRole(174)) - ba1aab4d-d107-47a2-be01-d124e86652a2@group-3F3B553BF753: changes role from CANDIDATE to LEADER at term 1 for changeToLeader
2019-09-26 10:42:34,747 [ba1aab4d-d107-47a2-be01-d124e86652a2@group-3F3B553BF753:LeaderElection16] INFO  impl.RaftServerImpl (ServerState.java:setLeader(253)) - ba1aab4d-d107-47a2-be01-d124e86652a2@group-3F3B553BF753: change Leader from null to ba1aab4d-d107-47a2-be01-d124e86652a2 at term 1 for becomeLeader, leader elected after 5094ms
2019-09-26 10:42:34,747 [ba1aab4d-d107-47a2-be01-d124e86652a2@group-3F3B553BF753:LeaderElection16] INFO  server.RaftServerConfigKeys (ConfUtils.java:logGet(43)) - raft.server.staging.catchup.gap = 1000 (default)
2019-09-26 10:42:34,747 [ba1aab4d-d107-47a2-be01-d124e86652a2@group-3F3B553BF753:LeaderElection16] INFO  server.RaftServerConfigKeys (ConfUtils.java:logGet(43)) - raft.server.rpc.sleep.time = 25ms (default)
2019-09-26 10:42:34,747 [ba1aab4d-d107-47a2-be01-d124e86652a2@group-3F3B553BF753:LeaderElection16] INFO  server.RaftServerConfigKeys (ConfUtils.java:logGet(43)) - raft.server.write.element-limit = 4096 (default)
2019-09-26 10:42:34,747 [ba1aab4d-d107-47a2-be01-d124e86652a2@group-3F3B553BF753:LeaderElection16] INFO  server.RaftServerConfigKeys (ConfUtils.java:logGet(43)) - raft.server.watch.timeout = 10s (default)
2019-09-26 10:42:34,748 [ba1aab4d-d107-47a2-be01-d124e86652a2@group-3F3B553BF753:LeaderElection16] INFO  server.RaftServerConfigKeys (ConfUtils.java:logGet(43)) - raft.server.watch.timeout.denomination = 1s (default)
2019-09-26 10:42:34,748 [ba1aab4d-d107-47a2-be01-d124e86652a2@group-3F3B553BF753:LeaderElection16] INFO  server.RaftServerConfigKeys (ConfUtils.java:logGet(43)) - raft.server.watch.element-limit = 65536 (default)
2019-09-26 10:42:34,750 [ba1aab4d-d107-47a2-be01-d124e86652a2@group-3F3B553BF753:LeaderElection16] INFO  impl.RoleInfo (RoleInfo.java:updateAndGet(143)) - ba1aab4d-d107-47a2-be01-d124e86652a2: start LeaderState
2019-09-26 10:42:34,751 [ba1aab4d-d107-47a2-be01-d124e86652a2@group-3F3B553BF753:LeaderElection16] INFO  segmented.SegmentedRaftLogWorker (SegmentedRaftLogWorker.java:startLogSegment(380)) - ba1aab4d-d107-47a2-be01-d124e86652a2@group-3F3B553BF753-SegmentedRaftLogWorker: Starting segment from index:0
2019-09-26 10:42:34,751 [ba1aab4d-d107-47a2-be01-d124e86652a2@group-3F3B553BF753:LeaderElection16] INFO  impl.RaftServerImpl (ServerState.java:setRaftConf(354)) - ba1aab4d-d107-47a2-be01-d124e86652a2@group-3F3B553BF753: set configuration 0: [ba1aab4d-d107-47a2-be01-d124e86652a2:192.168.30.13:41615], old=null at 0
2019-09-26 10:42:34,808 [ba1aab4d-d107-47a2-be01-d124e86652a2@group-3F3B553BF753-SegmentedRaftLogWorker] INFO  segmented.SegmentedRaftLogWorker (SegmentedRaftLogWorker.java:execute(569)) - ba1aab4d-d107-47a2-be01-d124e86652a2@group-3F3B553BF753-SegmentedRaftLogWorker: created new log segment /workdir/hadoop-ozone/integration-test/target/test-dir/MiniOzoneClusterImpl-ba83c363-2963-4965-b6c8-e0e7e6227b06/datanode-2/data/ratis/b6f284ac-319b-4ba1-b135-3f3b553bf753/current/log_inprogress_0
2019-09-26 10:42:34,848 [Thread-273] INFO  impl.FollowerState (FollowerState.java:run(106)) - ba1aab4d-d107-47a2-be01-d124e86652a2:group-715B94D65B86 changes to CANDIDATE, lastRpcTime:5124, electionTimeout:5124ms
2019-09-26 10:42:34,849 [Thread-273] INFO  impl.RoleInfo (RoleInfo.java:shutdownFollowerState(121)) - ba1aab4d-d107-47a2-be01-d124e86652a2: shutdown FollowerState
2019-09-26 10:42:34,849 [Thread-273] INFO  impl.RaftServerImpl (RaftServerImpl.java:setRole(174)) - ba1aab4d-d107-47a2-be01-d124e86652a2@group-715B94D65B86: changes role from  FOLLOWER to CANDIDATE at term 0 for changeToCandidate
2019-09-26 10:42:34,849 [Thread-273] INFO  impl.RoleInfo (RoleInfo.java:updateAndGet(143)) - ba1aab4d-d107-47a2-be01-d124e86652a2: start LeaderElection
2019-09-26 10:42:34,869 [ba1aab4d-d107-47a2-be01-d124e86652a2@group-715B94D65B86:LeaderElection17] INFO  impl.LeaderElection (LeaderElection.java:askForVotes(182)) - ba1aab4d-d107-47a2-be01-d124e86652a2@group-715B94D65B86:LeaderElection17: begin an election at term 1 for -1: [ba1aab4d-d107-47a2-be01-d124e86652a2:192.168.30.13:41615], old=null
2019-09-26 10:42:34,869 [ba1aab4d-d107-47a2-be01-d124e86652a2@group-715B94D65B86:LeaderElection17] INFO  impl.RoleInfo (RoleInfo.java:shutdownLeaderElection(134)) - ba1aab4d-d107-47a2-be01-d124e86652a2: shutdown LeaderElection
2019-09-26 10:42:34,869 [ba1aab4d-d107-47a2-be01-d124e86652a2@group-715B94D65B86:LeaderElection17] INFO  impl.RaftServerImpl (RaftServerImpl.java:setRole(174)) - ba1aab4d-d107-47a2-be01-d124e86652a2@group-715B94D65B86: changes role from CANDIDATE to LEADER at term 1 for changeToLeader
2019-09-26 10:42:34,869 [ba1aab4d-d107-47a2-be01-d124e86652a2@group-715B94D65B86:LeaderElection17] INFO  impl.RaftServerImpl (ServerState.java:setLeader(253)) - ba1aab4d-d107-47a2-be01-d124e86652a2@group-715B94D65B86: change Leader from null to ba1aab4d-d107-47a2-be01-d124e86652a2 at term 1 for becomeLeader, leader elected after 5156ms
2019-09-26 10:42:34,870 [ba1aab4d-d107-47a2-be01-d124e86652a2@group-715B94D65B86:LeaderElection17] INFO  server.RaftServerConfigKeys (ConfUtils.java:logGet(43)) - raft.server.staging.catchup.gap = 1000 (default)
2019-09-26 10:42:34,870 [ba1aab4d-d107-47a2-be01-d124e86652a2@group-715B94D65B86:LeaderElection17] INFO  server.RaftServerConfigKeys (ConfUtils.java:logGet(43)) - raft.server.rpc.sleep.time = 25ms (default)
2019-09-26 10:42:34,870 [ba1aab4d-d107-47a2-be01-d124e86652a2@group-715B94D65B86:LeaderElection17] INFO  server.RaftServerConfigKeys (ConfUtils.java:logGet(43)) - raft.server.write.element-limit = 4096 (default)
2019-09-26 10:42:34,870 [ba1aab4d-d107-47a2-be01-d124e86652a2@group-715B94D65B86:LeaderElection17] INFO  server.RaftServerConfigKeys (ConfUtils.java:logGet(43)) - raft.server.watch.timeout = 10s (default)
2019-09-26 10:42:34,870 [ba1aab4d-d107-47a2-be01-d124e86652a2@group-715B94D65B86:LeaderElection17] INFO  server.RaftServerConfigKeys (ConfUtils.java:logGet(43)) - raft.server.watch.timeout.denomination = 1s (default)
2019-09-26 10:42:34,871 [ba1aab4d-d107-47a2-be01-d124e86652a2@group-715B94D65B86:LeaderElection17] INFO  server.RaftServerConfigKeys (ConfUtils.java:logGet(43)) - raft.server.watch.element-limit = 65536 (default)
2019-09-26 10:42:34,873 [ba1aab4d-d107-47a2-be01-d124e86652a2@group-715B94D65B86:LeaderElection17] INFO  impl.RoleInfo (RoleInfo.java:updateAndGet(143)) - ba1aab4d-d107-47a2-be01-d124e86652a2: start LeaderState
2019-09-26 10:42:34,874 [ba1aab4d-d107-47a2-be01-d124e86652a2@group-715B94D65B86:LeaderElection17] INFO  segmented.SegmentedRaftLogWorker (SegmentedRaftLogWorker.java:startLogSegment(380)) - ba1aab4d-d107-47a2-be01-d124e86652a2@group-715B94D65B86-SegmentedRaftLogWorker: Starting segment from index:0
2019-09-26 10:42:34,874 [ba1aab4d-d107-47a2-be01-d124e86652a2@group-715B94D65B86:LeaderElection17] INFO  impl.RaftServerImpl (ServerState.java:setRaftConf(354)) - ba1aab4d-d107-47a2-be01-d124e86652a2@group-715B94D65B86: set configuration 0: [ba1aab4d-d107-47a2-be01-d124e86652a2:192.168.30.13:41615], old=null at 0
2019-09-26 10:42:34,917 [Thread-276] INFO  impl.FollowerState (FollowerState.java:run(106)) - ba1aab4d-d107-47a2-be01-d124e86652a2:group-3CEF358CDFE6 changes to CANDIDATE, lastRpcTime:5122, electionTimeout:5122ms
2019-09-26 10:42:34,918 [Thread-276] INFO  impl.RoleInfo (RoleInfo.java:shutdownFollowerState(121)) - ba1aab4d-d107-47a2-be01-d124e86652a2: shutdown FollowerState
2019-09-26 10:42:34,918 [Thread-276] INFO  impl.RaftServerImpl (RaftServerImpl.java:setRole(174)) - ba1aab4d-d107-47a2-be01-d124e86652a2@group-3CEF358CDFE6: changes role from  FOLLOWER to CANDIDATE at term 0 for changeToCandidate
2019-09-26 10:42:34,925 [Thread-276] INFO  impl.RoleInfo (RoleInfo.java:updateAndGet(143)) - ba1aab4d-d107-47a2-be01-d124e86652a2: start LeaderElection
2019-09-26 10:42:34,931 [ba1aab4d-d107-47a2-be01-d124e86652a2@group-715B94D65B86-SegmentedRaftLogWorker] INFO  segmented.SegmentedRaftLogWorker (SegmentedRaftLogWorker.java:execute(569)) - ba1aab4d-d107-47a2-be01-d124e86652a2@group-715B94D65B86-SegmentedRaftLogWorker: created new log segment /workdir/hadoop-ozone/integration-test/target/test-dir/MiniOzoneClusterImpl-ba83c363-2963-4965-b6c8-e0e7e6227b06/datanode-2/data/ratis/a07e364c-769d-48d5-8f35-715b94d65b86/current/log_inprogress_0
2019-09-26 10:42:34,943 [Thread-279] INFO  impl.FollowerState (FollowerState.java:run(106)) - 28e56f19-9e9b-470a-a4d9-0b249a16b927:group-9AD856B0CD08 changes to CANDIDATE, lastRpcTime:5070, electionTimeout:5070ms
2019-09-26 10:42:34,944 [Thread-279] INFO  impl.RoleInfo (RoleInfo.java:shutdownFollowerState(121)) - 28e56f19-9e9b-470a-a4d9-0b249a16b927: shutdown FollowerState
2019-09-26 10:42:34,944 [Thread-279] INFO  impl.RaftServerImpl (RaftServerImpl.java:setRole(174)) - 28e56f19-9e9b-470a-a4d9-0b249a16b927@group-9AD856B0CD08: changes role from  FOLLOWER to CANDIDATE at term 0 for changeToCandidate
2019-09-26 10:42:34,944 [Thread-279] INFO  impl.RoleInfo (RoleInfo.java:updateAndGet(143)) - 28e56f19-9e9b-470a-a4d9-0b249a16b927: start LeaderElection
2019-09-26 10:42:34,948 [ba1aab4d-d107-47a2-be01-d124e86652a2@group-3CEF358CDFE6:LeaderElection18] INFO  impl.LeaderElection (LeaderElection.java:askForVotes(182)) - ba1aab4d-d107-47a2-be01-d124e86652a2@group-3CEF358CDFE6:LeaderElection18: begin an election at term 1 for -1: [ba1aab4d-d107-47a2-be01-d124e86652a2:192.168.30.13:41615], old=null
2019-09-26 10:42:34,949 [ba1aab4d-d107-47a2-be01-d124e86652a2@group-3CEF358CDFE6:LeaderElection18] INFO  impl.RoleInfo (RoleInfo.java:shutdownLeaderElection(134)) - ba1aab4d-d107-47a2-be01-d124e86652a2: shutdown LeaderElection
2019-09-26 10:42:34,949 [ba1aab4d-d107-47a2-be01-d124e86652a2@group-3CEF358CDFE6:LeaderElection18] INFO  impl.RaftServerImpl (RaftServerImpl.java:setRole(174)) - ba1aab4d-d107-47a2-be01-d124e86652a2@group-3CEF358CDFE6: changes role from CANDIDATE to LEADER at term 1 for changeToLeader
2019-09-26 10:42:34,949 [ba1aab4d-d107-47a2-be01-d124e86652a2@group-3CEF358CDFE6:LeaderElection18] INFO  impl.RaftServerImpl (ServerState.java:setLeader(253)) - ba1aab4d-d107-47a2-be01-d124e86652a2@group-3CEF358CDFE6: change Leader from null to ba1aab4d-d107-47a2-be01-d124e86652a2 at term 1 for becomeLeader, leader elected after 5163ms
2019-09-26 10:42:34,949 [ba1aab4d-d107-47a2-be01-d124e86652a2@group-3CEF358CDFE6:LeaderElection18] INFO  server.RaftServerConfigKeys (ConfUtils.java:logGet(43)) - raft.server.staging.catchup.gap = 1000 (default)
2019-09-26 10:42:34,949 [ba1aab4d-d107-47a2-be01-d124e86652a2@group-3CEF358CDFE6:LeaderElection18] INFO  server.RaftServerConfigKeys (ConfUtils.java:logGet(43)) - raft.server.rpc.sleep.time = 25ms (default)
2019-09-26 10:42:34,949 [ba1aab4d-d107-47a2-be01-d124e86652a2@group-3CEF358CDFE6:LeaderElection18] INFO  server.RaftServerConfigKeys (ConfUtils.java:logGet(43)) - raft.server.write.element-limit = 4096 (default)
2019-09-26 10:42:34,950 [ba1aab4d-d107-47a2-be01-d124e86652a2@group-3CEF358CDFE6:LeaderElection18] INFO  server.RaftServerConfigKeys (ConfUtils.java:logGet(43)) - raft.server.watch.timeout = 10s (default)
2019-09-26 10:42:34,950 [ba1aab4d-d107-47a2-be01-d124e86652a2@group-3CEF358CDFE6:LeaderElection18] INFO  server.RaftServerConfigKeys (ConfUtils.java:logGet(43)) - raft.server.watch.timeout.denomination = 1s (default)
2019-09-26 10:42:34,950 [ba1aab4d-d107-47a2-be01-d124e86652a2@group-3CEF358CDFE6:LeaderElection18] INFO  server.RaftServerConfigKeys (ConfUtils.java:logGet(43)) - raft.server.watch.element-limit = 65536 (default)
2019-09-26 10:42:34,953 [ba1aab4d-d107-47a2-be01-d124e86652a2@group-3CEF358CDFE6:LeaderElection18] INFO  impl.RoleInfo (RoleInfo.java:updateAndGet(143)) - ba1aab4d-d107-47a2-be01-d124e86652a2: start LeaderState
2019-09-26 10:42:34,953 [ba1aab4d-d107-47a2-be01-d124e86652a2@group-3CEF358CDFE6:LeaderElection18] INFO  segmented.SegmentedRaftLogWorker (SegmentedRaftLogWorker.java:startLogSegment(380)) - ba1aab4d-d107-47a2-be01-d124e86652a2@group-3CEF358CDFE6-SegmentedRaftLogWorker: Starting segment from index:0
2019-09-26 10:42:34,954 [ba1aab4d-d107-47a2-be01-d124e86652a2@group-3CEF358CDFE6:LeaderElection18] INFO  impl.RaftServerImpl (ServerState.java:setRaftConf(354)) - ba1aab4d-d107-47a2-be01-d124e86652a2@group-3CEF358CDFE6: set configuration 0: [ba1aab4d-d107-47a2-be01-d124e86652a2:192.168.30.13:41615], old=null at 0
2019-09-26 10:42:34,994 [28e56f19-9e9b-470a-a4d9-0b249a16b927@group-9AD856B0CD08:LeaderElection19] INFO  impl.LeaderElection (LeaderElection.java:askForVotes(182)) - 28e56f19-9e9b-470a-a4d9-0b249a16b927@group-9AD856B0CD08:LeaderElection19: begin an election at term 1 for -1: [28e56f19-9e9b-470a-a4d9-0b249a16b927:192.168.30.13:44834], old=null
2019-09-26 10:42:34,995 [28e56f19-9e9b-470a-a4d9-0b249a16b927@group-9AD856B0CD08:LeaderElection19] INFO  impl.RoleInfo (RoleInfo.java:shutdownLeaderElection(134)) - 28e56f19-9e9b-470a-a4d9-0b249a16b927: shutdown LeaderElection
2019-09-26 10:42:34,995 [28e56f19-9e9b-470a-a4d9-0b249a16b927@group-9AD856B0CD08:LeaderElection19] INFO  impl.RaftServerImpl (RaftServerImpl.java:setRole(174)) - 28e56f19-9e9b-470a-a4d9-0b249a16b927@group-9AD856B0CD08: changes role from CANDIDATE to LEADER at term 1 for changeToLeader
2019-09-26 10:42:34,995 [28e56f19-9e9b-470a-a4d9-0b249a16b927@group-9AD856B0CD08:LeaderElection19] INFO  impl.RaftServerImpl (ServerState.java:setLeader(253)) - 28e56f19-9e9b-470a-a4d9-0b249a16b927@group-9AD856B0CD08: change Leader from null to 28e56f19-9e9b-470a-a4d9-0b249a16b927 at term 1 for becomeLeader, leader elected after 5130ms
2019-09-26 10:42:34,995 [28e56f19-9e9b-470a-a4d9-0b249a16b927@group-9AD856B0CD08:LeaderElection19] INFO  server.RaftServerConfigKeys (ConfUtils.java:logGet(43)) - raft.server.staging.catchup.gap = 1000 (default)
2019-09-26 10:42:34,995 [28e56f19-9e9b-470a-a4d9-0b249a16b927@group-9AD856B0CD08:LeaderElection19] INFO  server.RaftServerConfigKeys (ConfUtils.java:logGet(43)) - raft.server.rpc.sleep.time = 25ms (default)
2019-09-26 10:42:34,995 [28e56f19-9e9b-470a-a4d9-0b249a16b927@group-9AD856B0CD08:LeaderElection19] INFO  server.RaftServerConfigKeys (ConfUtils.java:logGet(43)) - raft.server.write.element-limit = 4096 (default)
2019-09-26 10:42:34,996 [28e56f19-9e9b-470a-a4d9-0b249a16b927@group-9AD856B0CD08:LeaderElection19] INFO  server.RaftServerConfigKeys (ConfUtils.java:logGet(43)) - raft.server.watch.timeout = 10s (default)
2019-09-26 10:42:34,996 [28e56f19-9e9b-470a-a4d9-0b249a16b927@group-9AD856B0CD08:LeaderElection19] INFO  server.RaftServerConfigKeys (ConfUtils.java:logGet(43)) - raft.server.watch.timeout.denomination = 1s (default)
2019-09-26 10:42:34,996 [28e56f19-9e9b-470a-a4d9-0b249a16b927@group-9AD856B0CD08:LeaderElection19] INFO  server.RaftServerConfigKeys (ConfUtils.java:logGet(43)) - raft.server.watch.element-limit = 65536 (default)
2019-09-26 10:42:34,998 [28e56f19-9e9b-470a-a4d9-0b249a16b927@group-9AD856B0CD08:LeaderElection19] INFO  impl.RoleInfo (RoleInfo.java:updateAndGet(143)) - 28e56f19-9e9b-470a-a4d9-0b249a16b927: start LeaderState
2019-09-26 10:42:34,999 [28e56f19-9e9b-470a-a4d9-0b249a16b927@group-9AD856B0CD08:LeaderElection19] INFO  segmented.SegmentedRaftLogWorker (SegmentedRaftLogWorker.java:startLogSegment(380)) - 28e56f19-9e9b-470a-a4d9-0b249a16b927@group-9AD856B0CD08-SegmentedRaftLogWorker: Starting segment from index:0
2019-09-26 10:42:34,999 [28e56f19-9e9b-470a-a4d9-0b249a16b927@group-9AD856B0CD08:LeaderElection19] INFO  impl.RaftServerImpl (ServerState.java:setRaftConf(354)) - 28e56f19-9e9b-470a-a4d9-0b249a16b927@group-9AD856B0CD08: set configuration 0: [28e56f19-9e9b-470a-a4d9-0b249a16b927:192.168.30.13:44834], old=null at 0
2019-09-26 10:42:35,041 [ba1aab4d-d107-47a2-be01-d124e86652a2@group-3CEF358CDFE6-SegmentedRaftLogWorker] INFO  segmented.SegmentedRaftLogWorker (SegmentedRaftLogWorker.java:execute(569)) - ba1aab4d-d107-47a2-be01-d124e86652a2@group-3CEF358CDFE6-SegmentedRaftLogWorker: created new log segment /workdir/hadoop-ozone/integration-test/target/test-dir/MiniOzoneClusterImpl-ba83c363-2963-4965-b6c8-e0e7e6227b06/datanode-2/data/ratis/2cbaf50e-041b-4326-8aef-3cef358cdfe6/current/log_inprogress_0
2019-09-26 10:42:35,042 [Thread-282] INFO  impl.FollowerState (FollowerState.java:run(106)) - 0d880a52-66cc-417f-8cd7-70609a5fbfa8:group-3F8740B32BA4 changes to CANDIDATE, lastRpcTime:5091, electionTimeout:5091ms
2019-09-26 10:42:35,042 [Thread-282] INFO  impl.RoleInfo (RoleInfo.java:shutdownFollowerState(121)) - 0d880a52-66cc-417f-8cd7-70609a5fbfa8: shutdown FollowerState
2019-09-26 10:42:35,042 [Thread-282] INFO  impl.RaftServerImpl (RaftServerImpl.java:setRole(174)) - 0d880a52-66cc-417f-8cd7-70609a5fbfa8@group-3F8740B32BA4: changes role from  FOLLOWER to CANDIDATE at term 0 for changeToCandidate
2019-09-26 10:42:35,043 [Thread-282] INFO  impl.RoleInfo (RoleInfo.java:updateAndGet(143)) - 0d880a52-66cc-417f-8cd7-70609a5fbfa8: start LeaderElection
2019-09-26 10:42:35,063 [28e56f19-9e9b-470a-a4d9-0b249a16b927@group-9AD856B0CD08-SegmentedRaftLogWorker] INFO  segmented.SegmentedRaftLogWorker (SegmentedRaftLogWorker.java:execute(569)) - 28e56f19-9e9b-470a-a4d9-0b249a16b927@group-9AD856B0CD08-SegmentedRaftLogWorker: created new log segment /workdir/hadoop-ozone/integration-test/target/test-dir/MiniOzoneClusterImpl-ba83c363-2963-4965-b6c8-e0e7e6227b06/datanode-0/data/ratis/e53dc1f7-88ab-4773-a552-9ad856b0cd08/current/log_inprogress_0
2019-09-26 10:42:35,067 [Thread-285] INFO  impl.FollowerState (FollowerState.java:run(106)) - ba1aab4d-d107-47a2-be01-d124e86652a2:group-16E5272CD23D changes to CANDIDATE, lastRpcTime:5035, electionTimeout:5035ms
2019-09-26 10:42:35,067 [Thread-285] INFO  impl.RoleInfo (RoleInfo.java:shutdownFollowerState(121)) - ba1aab4d-d107-47a2-be01-d124e86652a2: shutdown FollowerState
2019-09-26 10:42:35,067 [Thread-285] INFO  impl.RaftServerImpl (RaftServerImpl.java:setRole(174)) - ba1aab4d-d107-47a2-be01-d124e86652a2@group-16E5272CD23D: changes role from  FOLLOWER to CANDIDATE at term 0 for changeToCandidate
2019-09-26 10:42:35,067 [Thread-285] INFO  impl.RoleInfo (RoleInfo.java:updateAndGet(143)) - ba1aab4d-d107-47a2-be01-d124e86652a2: start LeaderElection
2019-09-26 10:42:35,074 [0d880a52-66cc-417f-8cd7-70609a5fbfa8@group-3F8740B32BA4:LeaderElection20] INFO  impl.LeaderElection (LeaderElection.java:askForVotes(182)) - 0d880a52-66cc-417f-8cd7-70609a5fbfa8@group-3F8740B32BA4:LeaderElection20: begin an election at term 1 for -1: [0d880a52-66cc-417f-8cd7-70609a5fbfa8:192.168.30.13:41237], old=null
2019-09-26 10:42:35,074 [ba1aab4d-d107-47a2-be01-d124e86652a2@group-16E5272CD23D:LeaderElection21] INFO  impl.LeaderElection (LeaderElection.java:askForVotes(182)) - ba1aab4d-d107-47a2-be01-d124e86652a2@group-16E5272CD23D:LeaderElection21: begin an election at term 1 for -1: [ba1aab4d-d107-47a2-be01-d124e86652a2:192.168.30.13:41615], old=null
2019-09-26 10:42:35,074 [0d880a52-66cc-417f-8cd7-70609a5fbfa8@group-3F8740B32BA4:LeaderElection20] INFO  impl.RoleInfo (RoleInfo.java:shutdownLeaderElection(134)) - 0d880a52-66cc-417f-8cd7-70609a5fbfa8: shutdown LeaderElection
2019-09-26 10:42:35,074 [ba1aab4d-d107-47a2-be01-d124e86652a2@group-16E5272CD23D:LeaderElection21] INFO  impl.RoleInfo (RoleInfo.java:shutdownLeaderElection(134)) - ba1aab4d-d107-47a2-be01-d124e86652a2: shutdown LeaderElection
2019-09-26 10:42:35,074 [0d880a52-66cc-417f-8cd7-70609a5fbfa8@group-3F8740B32BA4:LeaderElection20] INFO  impl.RaftServerImpl (RaftServerImpl.java:setRole(174)) - 0d880a52-66cc-417f-8cd7-70609a5fbfa8@group-3F8740B32BA4: changes role from CANDIDATE to LEADER at term 1 for changeToLeader
2019-09-26 10:42:35,074 [ba1aab4d-d107-47a2-be01-d124e86652a2@group-16E5272CD23D:LeaderElection21] INFO  impl.RaftServerImpl (RaftServerImpl.java:setRole(174)) - ba1aab4d-d107-47a2-be01-d124e86652a2@group-16E5272CD23D: changes role from CANDIDATE to LEADER at term 1 for changeToLeader
2019-09-26 10:42:35,074 [0d880a52-66cc-417f-8cd7-70609a5fbfa8@group-3F8740B32BA4:LeaderElection20] INFO  impl.RaftServerImpl (ServerState.java:setLeader(253)) - 0d880a52-66cc-417f-8cd7-70609a5fbfa8@group-3F8740B32BA4: change Leader from null to 0d880a52-66cc-417f-8cd7-70609a5fbfa8 at term 1 for becomeLeader, leader elected after 5131ms
2019-09-26 10:42:35,074 [ba1aab4d-d107-47a2-be01-d124e86652a2@group-16E5272CD23D:LeaderElection21] INFO  impl.RaftServerImpl (ServerState.java:setLeader(253)) - ba1aab4d-d107-47a2-be01-d124e86652a2@group-16E5272CD23D: change Leader from null to ba1aab4d-d107-47a2-be01-d124e86652a2 at term 1 for becomeLeader, leader elected after 5051ms
2019-09-26 10:42:35,075 [0d880a52-66cc-417f-8cd7-70609a5fbfa8@group-3F8740B32BA4:LeaderElection20] INFO  server.RaftServerConfigKeys (ConfUtils.java:logGet(43)) - raft.server.staging.catchup.gap = 1000 (default)
2019-09-26 10:42:35,075 [ba1aab4d-d107-47a2-be01-d124e86652a2@group-16E5272CD23D:LeaderElection21] INFO  server.RaftServerConfigKeys (ConfUtils.java:logGet(43)) - raft.server.staging.catchup.gap = 1000 (default)
2019-09-26 10:42:35,075 [0d880a52-66cc-417f-8cd7-70609a5fbfa8@group-3F8740B32BA4:LeaderElection20] INFO  server.RaftServerConfigKeys (ConfUtils.java:logGet(43)) - raft.server.rpc.sleep.time = 25ms (default)
2019-09-26 10:42:35,075 [ba1aab4d-d107-47a2-be01-d124e86652a2@group-16E5272CD23D:LeaderElection21] INFO  server.RaftServerConfigKeys (ConfUtils.java:logGet(43)) - raft.server.rpc.sleep.time = 25ms (default)
2019-09-26 10:42:35,075 [0d880a52-66cc-417f-8cd7-70609a5fbfa8@group-3F8740B32BA4:LeaderElection20] INFO  server.RaftServerConfigKeys (ConfUtils.java:logGet(43)) - raft.server.write.element-limit = 4096 (default)
2019-09-26 10:42:35,075 [ba1aab4d-d107-47a2-be01-d124e86652a2@group-16E5272CD23D:LeaderElection21] INFO  server.RaftServerConfigKeys (ConfUtils.java:logGet(43)) - raft.server.write.element-limit = 4096 (default)
2019-09-26 10:42:35,075 [0d880a52-66cc-417f-8cd7-70609a5fbfa8@group-3F8740B32BA4:LeaderElection20] INFO  server.RaftServerConfigKeys (ConfUtils.java:logGet(43)) - raft.server.watch.timeout = 10s (default)
2019-09-26 10:42:35,076 [ba1aab4d-d107-47a2-be01-d124e86652a2@group-16E5272CD23D:LeaderElection21] INFO  server.RaftServerConfigKeys (ConfUtils.java:logGet(43)) - raft.server.watch.timeout = 10s (default)
2019-09-26 10:42:35,076 [0d880a52-66cc-417f-8cd7-70609a5fbfa8@group-3F8740B32BA4:LeaderElection20] INFO  server.RaftServerConfigKeys (ConfUtils.java:logGet(43)) - raft.server.watch.timeout.denomination = 1s (default)
2019-09-26 10:42:35,076 [ba1aab4d-d107-47a2-be01-d124e86652a2@group-16E5272CD23D:LeaderElection21] INFO  server.RaftServerConfigKeys (ConfUtils.java:logGet(43)) - raft.server.watch.timeout.denomination = 1s (default)
2019-09-26 10:42:35,076 [0d880a52-66cc-417f-8cd7-70609a5fbfa8@group-3F8740B32BA4:LeaderElection20] INFO  server.RaftServerConfigKeys (ConfUtils.java:logGet(43)) - raft.server.watch.element-limit = 65536 (default)
2019-09-26 10:42:35,076 [ba1aab4d-d107-47a2-be01-d124e86652a2@group-16E5272CD23D:LeaderElection21] INFO  server.RaftServerConfigKeys (ConfUtils.java:logGet(43)) - raft.server.watch.element-limit = 65536 (default)
2019-09-26 10:42:35,079 [0d880a52-66cc-417f-8cd7-70609a5fbfa8@group-3F8740B32BA4:LeaderElection20] INFO  impl.RoleInfo (RoleInfo.java:updateAndGet(143)) - 0d880a52-66cc-417f-8cd7-70609a5fbfa8: start LeaderState
2019-09-26 10:42:35,080 [0d880a52-66cc-417f-8cd7-70609a5fbfa8@group-3F8740B32BA4:LeaderElection20] INFO  segmented.SegmentedRaftLogWorker (SegmentedRaftLogWorker.java:startLogSegment(380)) - 0d880a52-66cc-417f-8cd7-70609a5fbfa8@group-3F8740B32BA4-SegmentedRaftLogWorker: Starting segment from index:0
2019-09-26 10:42:35,080 [ba1aab4d-d107-47a2-be01-d124e86652a2@group-16E5272CD23D:LeaderElection21] INFO  impl.RoleInfo (RoleInfo.java:updateAndGet(143)) - ba1aab4d-d107-47a2-be01-d124e86652a2: start LeaderState
2019-09-26 10:42:35,080 [ba1aab4d-d107-47a2-be01-d124e86652a2@group-16E5272CD23D:LeaderElection21] INFO  segmented.SegmentedRaftLogWorker (SegmentedRaftLogWorker.java:startLogSegment(380)) - ba1aab4d-d107-47a2-be01-d124e86652a2@group-16E5272CD23D-SegmentedRaftLogWorker: Starting segment from index:0
2019-09-26 10:42:35,080 [0d880a52-66cc-417f-8cd7-70609a5fbfa8@group-3F8740B32BA4:LeaderElection20] INFO  impl.RaftServerImpl (ServerState.java:setRaftConf(354)) - 0d880a52-66cc-417f-8cd7-70609a5fbfa8@group-3F8740B32BA4: set configuration 0: [0d880a52-66cc-417f-8cd7-70609a5fbfa8:192.168.30.13:41237], old=null at 0
2019-09-26 10:42:35,131 [ba1aab4d-d107-47a2-be01-d124e86652a2@group-16E5272CD23D:LeaderElection21] INFO  impl.RaftServerImpl (ServerState.java:setRaftConf(354)) - ba1aab4d-d107-47a2-be01-d124e86652a2@group-16E5272CD23D: set configuration 0: [ba1aab4d-d107-47a2-be01-d124e86652a2:192.168.30.13:41615], old=null at 0
2019-09-26 10:42:35,173 [0d880a52-66cc-417f-8cd7-70609a5fbfa8@group-3F8740B32BA4-SegmentedRaftLogWorker] INFO  segmented.SegmentedRaftLogWorker (SegmentedRaftLogWorker.java:execute(569)) - 0d880a52-66cc-417f-8cd7-70609a5fbfa8@group-3F8740B32BA4-SegmentedRaftLogWorker: created new log segment /workdir/hadoop-ozone/integration-test/target/test-dir/MiniOzoneClusterImpl-ba83c363-2963-4965-b6c8-e0e7e6227b06/datanode-1/data/ratis/1bee4bbc-8e94-4fe1-b59b-3f8740b32ba4/current/log_inprogress_0
2019-09-26 10:42:35,185 [ba1aab4d-d107-47a2-be01-d124e86652a2@group-16E5272CD23D-SegmentedRaftLogWorker] INFO  segmented.SegmentedRaftLogWorker (SegmentedRaftLogWorker.java:execute(569)) - ba1aab4d-d107-47a2-be01-d124e86652a2@group-16E5272CD23D-SegmentedRaftLogWorker: created new log segment /workdir/hadoop-ozone/integration-test/target/test-dir/MiniOzoneClusterImpl-ba83c363-2963-4965-b6c8-e0e7e6227b06/datanode-2/data/ratis/34618aa5-228f-4360-9ad3-16e5272cd23d/current/log_inprogress_0
2019-09-26 10:42:35,213 [Thread-288] INFO  impl.FollowerState (FollowerState.java:run(106)) - 28e56f19-9e9b-470a-a4d9-0b249a16b927:group-16F39AE9BEF5 changes to CANDIDATE, lastRpcTime:5125, electionTimeout:5125ms
2019-09-26 10:42:35,213 [Thread-288] INFO  impl.RoleInfo (RoleInfo.java:shutdownFollowerState(121)) - 28e56f19-9e9b-470a-a4d9-0b249a16b927: shutdown FollowerState
2019-09-26 10:42:35,213 [Thread-288] INFO  impl.RaftServerImpl (RaftServerImpl.java:setRole(174)) - 28e56f19-9e9b-470a-a4d9-0b249a16b927@group-16F39AE9BEF5: changes role from  FOLLOWER to CANDIDATE at term 0 for changeToCandidate
2019-09-26 10:42:35,213 [Thread-288] INFO  impl.RoleInfo (RoleInfo.java:updateAndGet(143)) - 28e56f19-9e9b-470a-a4d9-0b249a16b927: start LeaderElection
2019-09-26 10:42:35,229 [28e56f19-9e9b-470a-a4d9-0b249a16b927@group-16F39AE9BEF5:LeaderElection22] INFO  impl.LeaderElection (LeaderElection.java:askForVotes(182)) - 28e56f19-9e9b-470a-a4d9-0b249a16b927@group-16F39AE9BEF5:LeaderElection22: begin an election at term 1 for -1: [28e56f19-9e9b-470a-a4d9-0b249a16b927:192.168.30.13:44834], old=null
2019-09-26 10:42:35,229 [28e56f19-9e9b-470a-a4d9-0b249a16b927@group-16F39AE9BEF5:LeaderElection22] INFO  impl.RoleInfo (RoleInfo.java:shutdownLeaderElection(134)) - 28e56f19-9e9b-470a-a4d9-0b249a16b927: shutdown LeaderElection
2019-09-26 10:42:35,230 [28e56f19-9e9b-470a-a4d9-0b249a16b927@group-16F39AE9BEF5:LeaderElection22] INFO  impl.RaftServerImpl (RaftServerImpl.java:setRole(174)) - 28e56f19-9e9b-470a-a4d9-0b249a16b927@group-16F39AE9BEF5: changes role from CANDIDATE to LEADER at term 1 for changeToLeader
2019-09-26 10:42:35,230 [28e56f19-9e9b-470a-a4d9-0b249a16b927@group-16F39AE9BEF5:LeaderElection22] INFO  impl.RaftServerImpl (ServerState.java:setLeader(253)) - 28e56f19-9e9b-470a-a4d9-0b249a16b927@group-16F39AE9BEF5: change Leader from null to 28e56f19-9e9b-470a-a4d9-0b249a16b927 at term 1 for becomeLeader, leader elected after 5150ms
2019-09-26 10:42:35,230 [28e56f19-9e9b-470a-a4d9-0b249a16b927@group-16F39AE9BEF5:LeaderElection22] INFO  server.RaftServerConfigKeys (ConfUtils.java:logGet(43)) - raft.server.staging.catchup.gap = 1000 (default)
2019-09-26 10:42:35,230 [28e56f19-9e9b-470a-a4d9-0b249a16b927@group-16F39AE9BEF5:LeaderElection22] INFO  server.RaftServerConfigKeys (ConfUtils.java:logGet(43)) - raft.server.rpc.sleep.time = 25ms (default)
2019-09-26 10:42:35,231 [28e56f19-9e9b-470a-a4d9-0b249a16b927@group-16F39AE9BEF5:LeaderElection22] INFO  server.RaftServerConfigKeys (ConfUtils.java:logGet(43)) - raft.server.write.element-limit = 4096 (default)
2019-09-26 10:42:35,231 [28e56f19-9e9b-470a-a4d9-0b249a16b927@group-16F39AE9BEF5:LeaderElection22] INFO  server.RaftServerConfigKeys (ConfUtils.java:logGet(43)) - raft.server.watch.timeout = 10s (default)
2019-09-26 10:42:35,231 [28e56f19-9e9b-470a-a4d9-0b249a16b927@group-16F39AE9BEF5:LeaderElection22] INFO  server.RaftServerConfigKeys (ConfUtils.java:logGet(43)) - raft.server.watch.timeout.denomination = 1s (default)
2019-09-26 10:42:35,231 [28e56f19-9e9b-470a-a4d9-0b249a16b927@group-16F39AE9BEF5:LeaderElection22] INFO  server.RaftServerConfigKeys (ConfUtils.java:logGet(43)) - raft.server.watch.element-limit = 65536 (default)
2019-09-26 10:42:35,235 [Thread-291] INFO  impl.FollowerState (FollowerState.java:run(106)) - c2a6c9af-68b9-412f-956f-becf7b86d0d9:group-F6084E1495CE changes to CANDIDATE, lastRpcTime:5082, electionTimeout:5082ms
2019-09-26 10:42:35,235 [Thread-291] INFO  impl.RoleInfo (RoleInfo.java:shutdownFollowerState(121)) - c2a6c9af-68b9-412f-956f-becf7b86d0d9: shutdown FollowerState
2019-09-26 10:42:35,235 [Thread-291] INFO  impl.RaftServerImpl (RaftServerImpl.java:setRole(174)) - c2a6c9af-68b9-412f-956f-becf7b86d0d9@group-F6084E1495CE: changes role from  FOLLOWER to CANDIDATE at term 0 for changeToCandidate
2019-09-26 10:42:35,235 [Thread-291] INFO  impl.RoleInfo (RoleInfo.java:updateAndGet(143)) - c2a6c9af-68b9-412f-956f-becf7b86d0d9: start LeaderElection
2019-09-26 10:42:35,238 [28e56f19-9e9b-470a-a4d9-0b249a16b927@group-16F39AE9BEF5:LeaderElection22] INFO  impl.RoleInfo (RoleInfo.java:updateAndGet(143)) - 28e56f19-9e9b-470a-a4d9-0b249a16b927: start LeaderState
2019-09-26 10:42:35,239 [28e56f19-9e9b-470a-a4d9-0b249a16b927@group-16F39AE9BEF5:LeaderElection22] INFO  segmented.SegmentedRaftLogWorker (SegmentedRaftLogWorker.java:startLogSegment(380)) - 28e56f19-9e9b-470a-a4d9-0b249a16b927@group-16F39AE9BEF5-SegmentedRaftLogWorker: Starting segment from index:0
2019-09-26 10:42:35,239 [28e56f19-9e9b-470a-a4d9-0b249a16b927@group-16F39AE9BEF5:LeaderElection22] INFO  impl.RaftServerImpl (ServerState.java:setRaftConf(354)) - 28e56f19-9e9b-470a-a4d9-0b249a16b927@group-16F39AE9BEF5: set configuration 0: [28e56f19-9e9b-470a-a4d9-0b249a16b927:192.168.30.13:44834], old=null at 0
2019-09-26 10:42:35,280 [Thread-294] INFO  impl.FollowerState (FollowerState.java:run(106)) - c2a6c9af-68b9-412f-956f-becf7b86d0d9:group-C2E29B127CD4 changes to CANDIDATE, lastRpcTime:5074, electionTimeout:5061ms
2019-09-26 10:42:35,280 [c2a6c9af-68b9-412f-956f-becf7b86d0d9@group-F6084E1495CE:LeaderElection23] INFO  impl.LeaderElection (LeaderElection.java:askForVotes(182)) - c2a6c9af-68b9-412f-956f-becf7b86d0d9@group-F6084E1495CE:LeaderElection23: begin an election at term 1 for -1: [c2a6c9af-68b9-412f-956f-becf7b86d0d9:192.168.30.13:40379], old=null
2019-09-26 10:42:35,281 [Thread-294] INFO  impl.RoleInfo (RoleInfo.java:shutdownFollowerState(121)) - c2a6c9af-68b9-412f-956f-becf7b86d0d9: shutdown FollowerState
2019-09-26 10:42:35,281 [c2a6c9af-68b9-412f-956f-becf7b86d0d9@group-F6084E1495CE:LeaderElection23] INFO  impl.RoleInfo (RoleInfo.java:shutdownLeaderElection(134)) - c2a6c9af-68b9-412f-956f-becf7b86d0d9: shutdown LeaderElection
2019-09-26 10:42:35,281 [Thread-294] INFO  impl.RaftServerImpl (RaftServerImpl.java:setRole(174)) - c2a6c9af-68b9-412f-956f-becf7b86d0d9@group-C2E29B127CD4: changes role from  FOLLOWER to CANDIDATE at term 0 for changeToCandidate
2019-09-26 10:42:35,281 [c2a6c9af-68b9-412f-956f-becf7b86d0d9@group-F6084E1495CE:LeaderElection23] INFO  impl.RaftServerImpl (RaftServerImpl.java:setRole(174)) - c2a6c9af-68b9-412f-956f-becf7b86d0d9@group-F6084E1495CE: changes role from CANDIDATE to LEADER at term 1 for changeToLeader
2019-09-26 10:42:35,281 [Thread-294] INFO  impl.RoleInfo (RoleInfo.java:updateAndGet(143)) - c2a6c9af-68b9-412f-956f-becf7b86d0d9: start LeaderElection
2019-09-26 10:42:35,281 [c2a6c9af-68b9-412f-956f-becf7b86d0d9@group-F6084E1495CE:LeaderElection23] INFO  impl.RaftServerImpl (ServerState.java:setLeader(253)) - c2a6c9af-68b9-412f-956f-becf7b86d0d9@group-F6084E1495CE: change Leader from null to c2a6c9af-68b9-412f-956f-becf7b86d0d9 at term 1 for becomeLeader, leader elected after 5136ms
2019-09-26 10:42:35,281 [c2a6c9af-68b9-412f-956f-becf7b86d0d9@group-F6084E1495CE:LeaderElection23] INFO  server.RaftServerConfigKeys (ConfUtils.java:logGet(43)) - raft.server.staging.catchup.gap = 1000 (default)
2019-09-26 10:42:35,282 [c2a6c9af-68b9-412f-956f-becf7b86d0d9@group-F6084E1495CE:LeaderElection23] INFO  server.RaftServerConfigKeys (ConfUtils.java:logGet(43)) - raft.server.rpc.sleep.time = 25ms (default)
2019-09-26 10:42:35,284 [c2a6c9af-68b9-412f-956f-becf7b86d0d9@group-F6084E1495CE:LeaderElection23] INFO  server.RaftServerConfigKeys (ConfUtils.java:logGet(43)) - raft.server.write.element-limit = 4096 (default)
2019-09-26 10:42:35,284 [c2a6c9af-68b9-412f-956f-becf7b86d0d9@group-F6084E1495CE:LeaderElection23] INFO  server.RaftServerConfigKeys (ConfUtils.java:logGet(43)) - raft.server.watch.timeout = 10s (default)
2019-09-26 10:42:35,284 [c2a6c9af-68b9-412f-956f-becf7b86d0d9@group-F6084E1495CE:LeaderElection23] INFO  server.RaftServerConfigKeys (ConfUtils.java:logGet(43)) - raft.server.watch.timeout.denomination = 1s (default)
2019-09-26 10:42:35,285 [c2a6c9af-68b9-412f-956f-becf7b86d0d9@group-F6084E1495CE:LeaderElection23] INFO  server.RaftServerConfigKeys (ConfUtils.java:logGet(43)) - raft.server.watch.element-limit = 65536 (default)
2019-09-26 10:42:35,288 [c2a6c9af-68b9-412f-956f-becf7b86d0d9@group-F6084E1495CE:LeaderElection23] INFO  impl.RoleInfo (RoleInfo.java:updateAndGet(143)) - c2a6c9af-68b9-412f-956f-becf7b86d0d9: start LeaderState
2019-09-26 10:42:35,288 [c2a6c9af-68b9-412f-956f-becf7b86d0d9@group-F6084E1495CE:LeaderElection23] INFO  segmented.SegmentedRaftLogWorker (SegmentedRaftLogWorker.java:startLogSegment(380)) - c2a6c9af-68b9-412f-956f-becf7b86d0d9@group-F6084E1495CE-SegmentedRaftLogWorker: Starting segment from index:0
2019-09-26 10:42:35,289 [c2a6c9af-68b9-412f-956f-becf7b86d0d9@group-F6084E1495CE:LeaderElection23] INFO  impl.RaftServerImpl (ServerState.java:setRaftConf(354)) - c2a6c9af-68b9-412f-956f-becf7b86d0d9@group-F6084E1495CE: set configuration 0: [c2a6c9af-68b9-412f-956f-becf7b86d0d9:192.168.30.13:40379], old=null at 0
2019-09-26 10:42:35,322 [28e56f19-9e9b-470a-a4d9-0b249a16b927@group-16F39AE9BEF5-SegmentedRaftLogWorker] INFO  segmented.SegmentedRaftLogWorker (SegmentedRaftLogWorker.java:execute(569)) - 28e56f19-9e9b-470a-a4d9-0b249a16b927@group-16F39AE9BEF5-SegmentedRaftLogWorker: created new log segment /workdir/hadoop-ozone/integration-test/target/test-dir/MiniOzoneClusterImpl-ba83c363-2963-4965-b6c8-e0e7e6227b06/datanode-0/data/ratis/71a0a5d4-d039-484f-8dd5-16f39ae9bef5/current/log_inprogress_0
2019-09-26 10:42:35,322 [c2a6c9af-68b9-412f-956f-becf7b86d0d9@group-C2E29B127CD4:LeaderElection24] INFO  impl.LeaderElection (LeaderElection.java:askForVotes(182)) - c2a6c9af-68b9-412f-956f-becf7b86d0d9@group-C2E29B127CD4:LeaderElection24: begin an election at term 1 for -1: [c2a6c9af-68b9-412f-956f-becf7b86d0d9:192.168.30.13:40379], old=null
2019-09-26 10:42:35,322 [c2a6c9af-68b9-412f-956f-becf7b86d0d9@group-C2E29B127CD4:LeaderElection24] INFO  impl.RoleInfo (RoleInfo.java:shutdownLeaderElection(134)) - c2a6c9af-68b9-412f-956f-becf7b86d0d9: shutdown LeaderElection
2019-09-26 10:42:35,322 [c2a6c9af-68b9-412f-956f-becf7b86d0d9@group-C2E29B127CD4:LeaderElection24] INFO  impl.RaftServerImpl (RaftServerImpl.java:setRole(174)) - c2a6c9af-68b9-412f-956f-becf7b86d0d9@group-C2E29B127CD4: changes role from CANDIDATE to LEADER at term 1 for changeToLeader
2019-09-26 10:42:35,322 [c2a6c9af-68b9-412f-956f-becf7b86d0d9@group-C2E29B127CD4:LeaderElection24] INFO  impl.RaftServerImpl (ServerState.java:setLeader(253)) - c2a6c9af-68b9-412f-956f-becf7b86d0d9@group-C2E29B127CD4: change Leader from null to c2a6c9af-68b9-412f-956f-becf7b86d0d9 at term 1 for becomeLeader, leader elected after 5123ms
2019-09-26 10:42:35,322 [c2a6c9af-68b9-412f-956f-becf7b86d0d9@group-C2E29B127CD4:LeaderElection24] INFO  server.RaftServerConfigKeys (ConfUtils.java:logGet(43)) - raft.server.staging.catchup.gap = 1000 (default)
2019-09-26 10:42:35,323 [c2a6c9af-68b9-412f-956f-becf7b86d0d9@group-C2E29B127CD4:LeaderElection24] INFO  server.RaftServerConfigKeys (ConfUtils.java:logGet(43)) - raft.server.rpc.sleep.time = 25ms (default)
2019-09-26 10:42:35,323 [c2a6c9af-68b9-412f-956f-becf7b86d0d9@group-C2E29B127CD4:LeaderElection24] INFO  server.RaftServerConfigKeys (ConfUtils.java:logGet(43)) - raft.server.write.element-limit = 4096 (default)
2019-09-26 10:42:35,323 [c2a6c9af-68b9-412f-956f-becf7b86d0d9@group-C2E29B127CD4:LeaderElection24] INFO  server.RaftServerConfigKeys (ConfUtils.java:logGet(43)) - raft.server.watch.timeout = 10s (default)
2019-09-26 10:42:35,323 [c2a6c9af-68b9-412f-956f-becf7b86d0d9@group-C2E29B127CD4:LeaderElection24] INFO  server.RaftServerConfigKeys (ConfUtils.java:logGet(43)) - raft.server.watch.timeout.denomination = 1s (default)
2019-09-26 10:42:35,323 [c2a6c9af-68b9-412f-956f-becf7b86d0d9@group-C2E29B127CD4:LeaderElection24] INFO  server.RaftServerConfigKeys (ConfUtils.java:logGet(43)) - raft.server.watch.element-limit = 65536 (default)
2019-09-26 10:42:35,326 [c2a6c9af-68b9-412f-956f-becf7b86d0d9@group-C2E29B127CD4:LeaderElection24] INFO  impl.RoleInfo (RoleInfo.java:updateAndGet(143)) - c2a6c9af-68b9-412f-956f-becf7b86d0d9: start LeaderState
2019-09-26 10:42:35,326 [c2a6c9af-68b9-412f-956f-becf7b86d0d9@group-C2E29B127CD4:LeaderElection24] INFO  segmented.SegmentedRaftLogWorker (SegmentedRaftLogWorker.java:startLogSegment(380)) - c2a6c9af-68b9-412f-956f-becf7b86d0d9@group-C2E29B127CD4-SegmentedRaftLogWorker: Starting segment from index:0
2019-09-26 10:42:35,326 [c2a6c9af-68b9-412f-956f-becf7b86d0d9@group-C2E29B127CD4:LeaderElection24] INFO  impl.RaftServerImpl (ServerState.java:setRaftConf(354)) - c2a6c9af-68b9-412f-956f-becf7b86d0d9@group-C2E29B127CD4: set configuration 0: [c2a6c9af-68b9-412f-956f-becf7b86d0d9:192.168.30.13:40379], old=null at 0
2019-09-26 10:42:35,367 [Thread-300] INFO  impl.FollowerState (FollowerState.java:run(106)) - ba1aab4d-d107-47a2-be01-d124e86652a2:group-F81AEFC9A1E4 changes to CANDIDATE, lastRpcTime:5076, electionTimeout:5067ms
2019-09-26 10:42:35,367 [c2a6c9af-68b9-412f-956f-becf7b86d0d9@group-F6084E1495CE-SegmentedRaftLogWorker] INFO  segmented.SegmentedRaftLogWorker (SegmentedRaftLogWorker.java:execute(569)) - c2a6c9af-68b9-412f-956f-becf7b86d0d9@group-F6084E1495CE-SegmentedRaftLogWorker: created new log segment /workdir/hadoop-ozone/integration-test/target/test-dir/MiniOzoneClusterImpl-ba83c363-2963-4965-b6c8-e0e7e6227b06/datanode-5/data/ratis/5d268f2d-d69c-42ea-b8da-f6084e1495ce/current/log_inprogress_0
2019-09-26 10:42:35,367 [Thread-297] INFO  impl.FollowerState (FollowerState.java:run(106)) - c2a6c9af-68b9-412f-956f-becf7b86d0d9:group-D3EF103C5854 changes to CANDIDATE, lastRpcTime:5109, electionTimeout:5086ms
2019-09-26 10:42:35,367 [Thread-300] INFO  impl.RoleInfo (RoleInfo.java:shutdownFollowerState(121)) - ba1aab4d-d107-47a2-be01-d124e86652a2: shutdown FollowerState
2019-09-26 10:42:35,368 [Thread-297] INFO  impl.RoleInfo (RoleInfo.java:shutdownFollowerState(121)) - c2a6c9af-68b9-412f-956f-becf7b86d0d9: shutdown FollowerState
2019-09-26 10:42:35,368 [Thread-300] INFO  impl.RaftServerImpl (RaftServerImpl.java:setRole(174)) - ba1aab4d-d107-47a2-be01-d124e86652a2@group-F81AEFC9A1E4: changes role from  FOLLOWER to CANDIDATE at term 0 for changeToCandidate
2019-09-26 10:42:35,368 [Thread-297] INFO  impl.RaftServerImpl (RaftServerImpl.java:setRole(174)) - c2a6c9af-68b9-412f-956f-becf7b86d0d9@group-D3EF103C5854: changes role from  FOLLOWER to CANDIDATE at term 0 for changeToCandidate
2019-09-26 10:42:35,368 [Thread-300] INFO  impl.RoleInfo (RoleInfo.java:updateAndGet(143)) - ba1aab4d-d107-47a2-be01-d124e86652a2: start LeaderElection
2019-09-26 10:42:35,368 [Thread-297] INFO  impl.RoleInfo (RoleInfo.java:updateAndGet(143)) - c2a6c9af-68b9-412f-956f-becf7b86d0d9: start LeaderElection
2019-09-26 10:42:35,380 [c2a6c9af-68b9-412f-956f-becf7b86d0d9@group-C2E29B127CD4-SegmentedRaftLogWorker] INFO  segmented.SegmentedRaftLogWorker (SegmentedRaftLogWorker.java:execute(569)) - c2a6c9af-68b9-412f-956f-becf7b86d0d9@group-C2E29B127CD4-SegmentedRaftLogWorker: created new log segment /workdir/hadoop-ozone/integration-test/target/test-dir/MiniOzoneClusterImpl-ba83c363-2963-4965-b6c8-e0e7e6227b06/datanode-5/data/ratis/474e08f1-9a08-4968-9ff3-c2e29b127cd4/current/log_inprogress_0
2019-09-26 10:42:35,380 [ba1aab4d-d107-47a2-be01-d124e86652a2@group-F81AEFC9A1E4:LeaderElection25] INFO  impl.LeaderElection (LeaderElection.java:askForVotes(182)) - ba1aab4d-d107-47a2-be01-d124e86652a2@group-F81AEFC9A1E4:LeaderElection25: begin an election at term 1 for -1: [ba1aab4d-d107-47a2-be01-d124e86652a2:192.168.30.13:41615], old=null
2019-09-26 10:42:35,380 [c2a6c9af-68b9-412f-956f-becf7b86d0d9@group-D3EF103C5854:LeaderElection26] INFO  impl.LeaderElection (LeaderElection.java:askForVotes(182)) - c2a6c9af-68b9-412f-956f-becf7b86d0d9@group-D3EF103C5854:LeaderElection26: begin an election at term 1 for -1: [c2a6c9af-68b9-412f-956f-becf7b86d0d9:192.168.30.13:40379], old=null
2019-09-26 10:42:35,381 [ba1aab4d-d107-47a2-be01-d124e86652a2@group-F81AEFC9A1E4:LeaderElection25] INFO  impl.RoleInfo (RoleInfo.java:shutdownLeaderElection(134)) - ba1aab4d-d107-47a2-be01-d124e86652a2: shutdown LeaderElection
2019-09-26 10:42:35,381 [c2a6c9af-68b9-412f-956f-becf7b86d0d9@group-D3EF103C5854:LeaderElection26] INFO  impl.RoleInfo (RoleInfo.java:shutdownLeaderElection(134)) - c2a6c9af-68b9-412f-956f-becf7b86d0d9: shutdown LeaderElection
2019-09-26 10:42:35,381 [ba1aab4d-d107-47a2-be01-d124e86652a2@group-F81AEFC9A1E4:LeaderElection25] INFO  impl.RaftServerImpl (RaftServerImpl.java:setRole(174)) - ba1aab4d-d107-47a2-be01-d124e86652a2@group-F81AEFC9A1E4: changes role from CANDIDATE to LEADER at term 1 for changeToLeader
2019-09-26 10:42:35,381 [c2a6c9af-68b9-412f-956f-becf7b86d0d9@group-D3EF103C5854:LeaderElection26] INFO  impl.RaftServerImpl (RaftServerImpl.java:setRole(174)) - c2a6c9af-68b9-412f-956f-becf7b86d0d9@group-D3EF103C5854: changes role from CANDIDATE to LEADER at term 1 for changeToLeader
2019-09-26 10:42:35,381 [ba1aab4d-d107-47a2-be01-d124e86652a2@group-F81AEFC9A1E4:LeaderElection25] INFO  impl.RaftServerImpl (ServerState.java:setLeader(253)) - ba1aab4d-d107-47a2-be01-d124e86652a2@group-F81AEFC9A1E4: change Leader from null to ba1aab4d-d107-47a2-be01-d124e86652a2 at term 1 for becomeLeader, leader elected after 5096ms
2019-09-26 10:42:35,381 [c2a6c9af-68b9-412f-956f-becf7b86d0d9@group-D3EF103C5854:LeaderElection26] INFO  impl.RaftServerImpl (ServerState.java:setLeader(253)) - c2a6c9af-68b9-412f-956f-becf7b86d0d9@group-D3EF103C5854: change Leader from null to c2a6c9af-68b9-412f-956f-becf7b86d0d9 at term 1 for becomeLeader, leader elected after 5130ms
2019-09-26 10:42:35,381 [ba1aab4d-d107-47a2-be01-d124e86652a2@group-F81AEFC9A1E4:LeaderElection25] INFO  server.RaftServerConfigKeys (ConfUtils.java:logGet(43)) - raft.server.staging.catchup.gap = 1000 (default)
2019-09-26 10:42:35,382 [c2a6c9af-68b9-412f-956f-becf7b86d0d9@group-D3EF103C5854:LeaderElection26] INFO  server.RaftServerConfigKeys (ConfUtils.java:logGet(43)) - raft.server.staging.catchup.gap = 1000 (default)
2019-09-26 10:42:35,382 [ba1aab4d-d107-47a2-be01-d124e86652a2@group-F81AEFC9A1E4:LeaderElection25] INFO  server.RaftServerConfigKeys (ConfUtils.java:logGet(43)) - raft.server.rpc.sleep.time = 25ms (default)
2019-09-26 10:42:35,382 [c2a6c9af-68b9-412f-956f-becf7b86d0d9@group-D3EF103C5854:LeaderElection26] INFO  server.RaftServerConfigKeys (ConfUtils.java:logGet(43)) - raft.server.rpc.sleep.time = 25ms (default)
2019-09-26 10:42:35,382 [ba1aab4d-d107-47a2-be01-d124e86652a2@group-F81AEFC9A1E4:LeaderElection25] INFO  server.RaftServerConfigKeys (ConfUtils.java:logGet(43)) - raft.server.write.element-limit = 4096 (default)
2019-09-26 10:42:35,382 [c2a6c9af-68b9-412f-956f-becf7b86d0d9@group-D3EF103C5854:LeaderElection26] INFO  server.RaftServerConfigKeys (ConfUtils.java:logGet(43)) - raft.server.write.element-limit = 4096 (default)
2019-09-26 10:42:35,382 [ba1aab4d-d107-47a2-be01-d124e86652a2@group-F81AEFC9A1E4:LeaderElection25] INFO  server.RaftServerConfigKeys (ConfUtils.java:logGet(43)) - raft.server.watch.timeout = 10s (default)
2019-09-26 10:42:35,382 [c2a6c9af-68b9-412f-956f-becf7b86d0d9@group-D3EF103C5854:LeaderElection26] INFO  server.RaftServerConfigKeys (ConfUtils.java:logGet(43)) - raft.server.watch.timeout = 10s (default)
2019-09-26 10:42:35,383 [ba1aab4d-d107-47a2-be01-d124e86652a2@group-F81AEFC9A1E4:LeaderElection25] INFO  server.RaftServerConfigKeys (ConfUtils.java:logGet(43)) - raft.server.watch.timeout.denomination = 1s (default)
2019-09-26 10:42:35,383 [c2a6c9af-68b9-412f-956f-becf7b86d0d9@group-D3EF103C5854:LeaderElection26] INFO  server.RaftServerConfigKeys (ConfUtils.java:logGet(43)) - raft.server.watch.timeout.denomination = 1s (default)
2019-09-26 10:42:35,383 [ba1aab4d-d107-47a2-be01-d124e86652a2@group-F81AEFC9A1E4:LeaderElection25] INFO  server.RaftServerConfigKeys (ConfUtils.java:logGet(43)) - raft.server.watch.element-limit = 65536 (default)
2019-09-26 10:42:35,383 [c2a6c9af-68b9-412f-956f-becf7b86d0d9@group-D3EF103C5854:LeaderElection26] INFO  server.RaftServerConfigKeys (ConfUtils.java:logGet(43)) - raft.server.watch.element-limit = 65536 (default)
2019-09-26 10:42:35,386 [ba1aab4d-d107-47a2-be01-d124e86652a2@group-F81AEFC9A1E4:LeaderElection25] INFO  impl.RoleInfo (RoleInfo.java:updateAndGet(143)) - ba1aab4d-d107-47a2-be01-d124e86652a2: start LeaderState
2019-09-26 10:42:35,386 [ba1aab4d-d107-47a2-be01-d124e86652a2@group-F81AEFC9A1E4:LeaderElection25] INFO  segmented.SegmentedRaftLogWorker (SegmentedRaftLogWorker.java:startLogSegment(380)) - ba1aab4d-d107-47a2-be01-d124e86652a2@group-F81AEFC9A1E4-SegmentedRaftLogWorker: Starting segment from index:0
2019-09-26 10:42:35,386 [c2a6c9af-68b9-412f-956f-becf7b86d0d9@group-D3EF103C5854:LeaderElection26] INFO  impl.RoleInfo (RoleInfo.java:updateAndGet(143)) - c2a6c9af-68b9-412f-956f-becf7b86d0d9: start LeaderState
2019-09-26 10:42:35,387 [c2a6c9af-68b9-412f-956f-becf7b86d0d9@group-D3EF103C5854:LeaderElection26] INFO  segmented.SegmentedRaftLogWorker (SegmentedRaftLogWorker.java:startLogSegment(380)) - c2a6c9af-68b9-412f-956f-becf7b86d0d9@group-D3EF103C5854-SegmentedRaftLogWorker: Starting segment from index:0
2019-09-26 10:42:35,387 [ba1aab4d-d107-47a2-be01-d124e86652a2@group-F81AEFC9A1E4:LeaderElection25] INFO  impl.RaftServerImpl (ServerState.java:setRaftConf(354)) - ba1aab4d-d107-47a2-be01-d124e86652a2@group-F81AEFC9A1E4: set configuration 0: [ba1aab4d-d107-47a2-be01-d124e86652a2:192.168.30.13:41615], old=null at 0
2019-09-26 10:42:35,425 [Thread-306] INFO  impl.FollowerState (FollowerState.java:run(106)) - b39f15a2-ed1b-46ef-9b39-c0ba6a9718b6:group-0C8437AB1C68 changes to CANDIDATE, lastRpcTime:5043, electionTimeout:5036ms
2019-09-26 10:42:35,426 [Thread-303] INFO  impl.FollowerState (FollowerState.java:run(106)) - 28e56f19-9e9b-470a-a4d9-0b249a16b927:group-7F32EBBA8C2F changes to CANDIDATE, lastRpcTime:5098, electionTimeout:5075ms
2019-09-26 10:42:35,426 [Thread-306] INFO  impl.RoleInfo (RoleInfo.java:shutdownFollowerState(121)) - b39f15a2-ed1b-46ef-9b39-c0ba6a9718b6: shutdown FollowerState
2019-09-26 10:42:35,426 [Thread-303] INFO  impl.RoleInfo (RoleInfo.java:shutdownFollowerState(121)) - 28e56f19-9e9b-470a-a4d9-0b249a16b927: shutdown FollowerState
2019-09-26 10:42:35,426 [c2a6c9af-68b9-412f-956f-becf7b86d0d9@group-D3EF103C5854:LeaderElection26] INFO  impl.RaftServerImpl (ServerState.java:setRaftConf(354)) - c2a6c9af-68b9-412f-956f-becf7b86d0d9@group-D3EF103C5854: set configuration 0: [c2a6c9af-68b9-412f-956f-becf7b86d0d9:192.168.30.13:40379], old=null at 0
2019-09-26 10:42:35,426 [Thread-303] INFO  impl.RaftServerImpl (RaftServerImpl.java:setRole(174)) - 28e56f19-9e9b-470a-a4d9-0b249a16b927@group-7F32EBBA8C2F: changes role from  FOLLOWER to CANDIDATE at term 0 for changeToCandidate
2019-09-26 10:42:35,468 [ba1aab4d-d107-47a2-be01-d124e86652a2@group-F81AEFC9A1E4-SegmentedRaftLogWorker] INFO  segmented.SegmentedRaftLogWorker (SegmentedRaftLogWorker.java:execute(569)) - ba1aab4d-d107-47a2-be01-d124e86652a2@group-F81AEFC9A1E4-SegmentedRaftLogWorker: created new log segment /workdir/hadoop-ozone/integration-test/target/test-dir/MiniOzoneClusterImpl-ba83c363-2963-4965-b6c8-e0e7e6227b06/datanode-2/data/ratis/3ef8d8f7-7244-4989-8c4a-f81aefc9a1e4/current/log_inprogress_0
2019-09-26 10:42:35,426 [Thread-306] INFO  impl.RaftServerImpl (RaftServerImpl.java:setRole(174)) - b39f15a2-ed1b-46ef-9b39-c0ba6a9718b6@group-0C8437AB1C68: changes role from  FOLLOWER to CANDIDATE at term 0 for changeToCandidate
2019-09-26 10:42:35,468 [Thread-303] INFO  impl.RoleInfo (RoleInfo.java:updateAndGet(143)) - 28e56f19-9e9b-470a-a4d9-0b249a16b927: start LeaderElection
2019-09-26 10:42:35,468 [Thread-306] INFO  impl.RoleInfo (RoleInfo.java:updateAndGet(143)) - b39f15a2-ed1b-46ef-9b39-c0ba6a9718b6: start LeaderElection
2019-09-26 10:42:35,480 [c2a6c9af-68b9-412f-956f-becf7b86d0d9@group-D3EF103C5854-SegmentedRaftLogWorker] INFO  segmented.SegmentedRaftLogWorker (SegmentedRaftLogWorker.java:execute(569)) - c2a6c9af-68b9-412f-956f-becf7b86d0d9@group-D3EF103C5854-SegmentedRaftLogWorker: created new log segment /workdir/hadoop-ozone/integration-test/target/test-dir/MiniOzoneClusterImpl-ba83c363-2963-4965-b6c8-e0e7e6227b06/datanode-5/data/ratis/04c50e88-17fb-477a-81a8-d3ef103c5854/current/log_inprogress_0
2019-09-26 10:42:35,481 [b39f15a2-ed1b-46ef-9b39-c0ba6a9718b6@group-0C8437AB1C68:LeaderElection28] INFO  impl.LeaderElection (LeaderElection.java:askForVotes(182)) - b39f15a2-ed1b-46ef-9b39-c0ba6a9718b6@group-0C8437AB1C68:LeaderElection28: begin an election at term 1 for -1: [b39f15a2-ed1b-46ef-9b39-c0ba6a9718b6:192.168.30.13:42810], old=null
2019-09-26 10:42:35,481 [28e56f19-9e9b-470a-a4d9-0b249a16b927@group-7F32EBBA8C2F:LeaderElection27] INFO  impl.LeaderElection (LeaderElection.java:askForVotes(182)) - 28e56f19-9e9b-470a-a4d9-0b249a16b927@group-7F32EBBA8C2F:LeaderElection27: begin an election at term 1 for -1: [28e56f19-9e9b-470a-a4d9-0b249a16b927:192.168.30.13:44834], old=null
2019-09-26 10:42:35,481 [b39f15a2-ed1b-46ef-9b39-c0ba6a9718b6@group-0C8437AB1C68:LeaderElection28] INFO  impl.RoleInfo (RoleInfo.java:shutdownLeaderElection(134)) - b39f15a2-ed1b-46ef-9b39-c0ba6a9718b6: shutdown LeaderElection
2019-09-26 10:42:35,481 [28e56f19-9e9b-470a-a4d9-0b249a16b927@group-7F32EBBA8C2F:LeaderElection27] INFO  impl.RoleInfo (RoleInfo.java:shutdownLeaderElection(134)) - 28e56f19-9e9b-470a-a4d9-0b249a16b927: shutdown LeaderElection
2019-09-26 10:42:35,481 [b39f15a2-ed1b-46ef-9b39-c0ba6a9718b6@group-0C8437AB1C68:LeaderElection28] INFO  impl.RaftServerImpl (RaftServerImpl.java:setRole(174)) - b39f15a2-ed1b-46ef-9b39-c0ba6a9718b6@group-0C8437AB1C68: changes role from CANDIDATE to LEADER at term 1 for changeToLeader
2019-09-26 10:42:35,481 [28e56f19-9e9b-470a-a4d9-0b249a16b927@group-7F32EBBA8C2F:LeaderElection27] INFO  impl.RaftServerImpl (RaftServerImpl.java:setRole(174)) - 28e56f19-9e9b-470a-a4d9-0b249a16b927@group-7F32EBBA8C2F: changes role from CANDIDATE to LEADER at term 1 for changeToLeader
2019-09-26 10:42:35,481 [b39f15a2-ed1b-46ef-9b39-c0ba6a9718b6@group-0C8437AB1C68:LeaderElection28] INFO  impl.RaftServerImpl (ServerState.java:setLeader(253)) - b39f15a2-ed1b-46ef-9b39-c0ba6a9718b6@group-0C8437AB1C68: change Leader from null to b39f15a2-ed1b-46ef-9b39-c0ba6a9718b6 at term 1 for becomeLeader, leader elected after 5108ms
2019-09-26 10:42:35,481 [28e56f19-9e9b-470a-a4d9-0b249a16b927@group-7F32EBBA8C2F:LeaderElection27] INFO  impl.RaftServerImpl (ServerState.java:setLeader(253)) - 28e56f19-9e9b-470a-a4d9-0b249a16b927@group-7F32EBBA8C2F: change Leader from null to 28e56f19-9e9b-470a-a4d9-0b249a16b927 at term 1 for becomeLeader, leader elected after 5162ms
2019-09-26 10:42:35,482 [b39f15a2-ed1b-46ef-9b39-c0ba6a9718b6@group-0C8437AB1C68:LeaderElection28] INFO  server.RaftServerConfigKeys (ConfUtils.java:logGet(43)) - raft.server.staging.catchup.gap = 1000 (default)
2019-09-26 10:42:35,482 [28e56f19-9e9b-470a-a4d9-0b249a16b927@group-7F32EBBA8C2F:LeaderElection27] INFO  server.RaftServerConfigKeys (ConfUtils.java:logGet(43)) - raft.server.staging.catchup.gap = 1000 (default)
2019-09-26 10:42:35,482 [b39f15a2-ed1b-46ef-9b39-c0ba6a9718b6@group-0C8437AB1C68:LeaderElection28] INFO  server.RaftServerConfigKeys (ConfUtils.java:logGet(43)) - raft.server.rpc.sleep.time = 25ms (default)
2019-09-26 10:42:35,482 [28e56f19-9e9b-470a-a4d9-0b249a16b927@group-7F32EBBA8C2F:LeaderElection27] INFO  server.RaftServerConfigKeys (ConfUtils.java:logGet(43)) - raft.server.rpc.sleep.time = 25ms (default)
2019-09-26 10:42:35,482 [b39f15a2-ed1b-46ef-9b39-c0ba6a9718b6@group-0C8437AB1C68:LeaderElection28] INFO  server.RaftServerConfigKeys (ConfUtils.java:logGet(43)) - raft.server.write.element-limit = 4096 (default)
2019-09-26 10:42:35,482 [28e56f19-9e9b-470a-a4d9-0b249a16b927@group-7F32EBBA8C2F:LeaderElection27] INFO  server.RaftServerConfigKeys (ConfUtils.java:logGet(43)) - raft.server.write.element-limit = 4096 (default)
2019-09-26 10:42:35,483 [b39f15a2-ed1b-46ef-9b39-c0ba6a9718b6@group-0C8437AB1C68:LeaderElection28] INFO  server.RaftServerConfigKeys (ConfUtils.java:logGet(43)) - raft.server.watch.timeout = 10s (default)
2019-09-26 10:42:35,483 [28e56f19-9e9b-470a-a4d9-0b249a16b927@group-7F32EBBA8C2F:LeaderElection27] INFO  server.RaftServerConfigKeys (ConfUtils.java:logGet(43)) - raft.server.watch.timeout = 10s (default)
2019-09-26 10:42:35,483 [b39f15a2-ed1b-46ef-9b39-c0ba6a9718b6@group-0C8437AB1C68:LeaderElection28] INFO  server.RaftServerConfigKeys (ConfUtils.java:logGet(43)) - raft.server.watch.timeout.denomination = 1s (default)
2019-09-26 10:42:35,483 [28e56f19-9e9b-470a-a4d9-0b249a16b927@group-7F32EBBA8C2F:LeaderElection27] INFO  server.RaftServerConfigKeys (ConfUtils.java:logGet(43)) - raft.server.watch.timeout.denomination = 1s (default)
2019-09-26 10:42:35,483 [b39f15a2-ed1b-46ef-9b39-c0ba6a9718b6@group-0C8437AB1C68:LeaderElection28] INFO  server.RaftServerConfigKeys (ConfUtils.java:logGet(43)) - raft.server.watch.element-limit = 65536 (default)
2019-09-26 10:42:35,483 [28e56f19-9e9b-470a-a4d9-0b249a16b927@group-7F32EBBA8C2F:LeaderElection27] INFO  server.RaftServerConfigKeys (ConfUtils.java:logGet(43)) - raft.server.watch.element-limit = 65536 (default)
2019-09-26 10:42:35,487 [b39f15a2-ed1b-46ef-9b39-c0ba6a9718b6@group-0C8437AB1C68:LeaderElection28] INFO  impl.RoleInfo (RoleInfo.java:updateAndGet(143)) - b39f15a2-ed1b-46ef-9b39-c0ba6a9718b6: start LeaderState
2019-09-26 10:42:35,487 [b39f15a2-ed1b-46ef-9b39-c0ba6a9718b6@group-0C8437AB1C68:LeaderElection28] INFO  segmented.SegmentedRaftLogWorker (SegmentedRaftLogWorker.java:startLogSegment(380)) - b39f15a2-ed1b-46ef-9b39-c0ba6a9718b6@group-0C8437AB1C68-SegmentedRaftLogWorker: Starting segment from index:0
2019-09-26 10:42:35,487 [28e56f19-9e9b-470a-a4d9-0b249a16b927@group-7F32EBBA8C2F:LeaderElection27] INFO  impl.RoleInfo (RoleInfo.java:updateAndGet(143)) - 28e56f19-9e9b-470a-a4d9-0b249a16b927: start LeaderState
2019-09-26 10:42:35,488 [b39f15a2-ed1b-46ef-9b39-c0ba6a9718b6@group-0C8437AB1C68:LeaderElection28] INFO  impl.RaftServerImpl (ServerState.java:setRaftConf(354)) - b39f15a2-ed1b-46ef-9b39-c0ba6a9718b6@group-0C8437AB1C68: set configuration 0: [b39f15a2-ed1b-46ef-9b39-c0ba6a9718b6:192.168.30.13:42810], old=null at 0
2019-09-26 10:42:35,488 [28e56f19-9e9b-470a-a4d9-0b249a16b927@group-7F32EBBA8C2F:LeaderElection27] INFO  segmented.SegmentedRaftLogWorker (SegmentedRaftLogWorker.java:startLogSegment(380)) - 28e56f19-9e9b-470a-a4d9-0b249a16b927@group-7F32EBBA8C2F-SegmentedRaftLogWorker: Starting segment from index:0
2019-09-26 10:42:35,531 [28e56f19-9e9b-470a-a4d9-0b249a16b927@group-7F32EBBA8C2F:LeaderElection27] INFO  impl.RaftServerImpl (ServerState.java:setRaftConf(354)) - 28e56f19-9e9b-470a-a4d9-0b249a16b927@group-7F32EBBA8C2F: set configuration 0: [28e56f19-9e9b-470a-a4d9-0b249a16b927:192.168.30.13:44834], old=null at 0
2019-09-26 10:42:35,573 [b39f15a2-ed1b-46ef-9b39-c0ba6a9718b6@group-0C8437AB1C68-SegmentedRaftLogWorker] INFO  segmented.SegmentedRaftLogWorker (SegmentedRaftLogWorker.java:execute(569)) - b39f15a2-ed1b-46ef-9b39-c0ba6a9718b6@group-0C8437AB1C68-SegmentedRaftLogWorker: created new log segment /workdir/hadoop-ozone/integration-test/target/test-dir/MiniOzoneClusterImpl-ba83c363-2963-4965-b6c8-e0e7e6227b06/datanode-4/data/ratis/1f082ef0-7b78-4b95-b02a-0c8437ab1c68/current/log_inprogress_0
2019-09-26 10:42:35,586 [Thread-309] INFO  impl.FollowerState (FollowerState.java:run(106)) - c2a6c9af-68b9-412f-956f-becf7b86d0d9:group-6E2E59E404EF changes to CANDIDATE, lastRpcTime:5136, electionTimeout:5135ms
2019-09-26 10:42:35,597 [28e56f19-9e9b-470a-a4d9-0b249a16b927@group-7F32EBBA8C2F-SegmentedRaftLogWorker] INFO  segmented.SegmentedRaftLogWorker (SegmentedRaftLogWorker.java:execute(569)) - 28e56f19-9e9b-470a-a4d9-0b249a16b927@group-7F32EBBA8C2F-SegmentedRaftLogWorker: created new log segment /workdir/hadoop-ozone/integration-test/target/test-dir/MiniOzoneClusterImpl-ba83c363-2963-4965-b6c8-e0e7e6227b06/datanode-0/data/ratis/221f9bea-01cc-4696-a168-7f32ebba8c2f/current/log_inprogress_0
2019-09-26 10:42:35,597 [Thread-309] INFO  impl.RoleInfo (RoleInfo.java:shutdownFollowerState(121)) - c2a6c9af-68b9-412f-956f-becf7b86d0d9: shutdown FollowerState
2019-09-26 10:42:35,598 [Thread-309] INFO  impl.RaftServerImpl (RaftServerImpl.java:setRole(174)) - c2a6c9af-68b9-412f-956f-becf7b86d0d9@group-6E2E59E404EF: changes role from  FOLLOWER to CANDIDATE at term 0 for changeToCandidate
2019-09-26 10:42:35,598 [Thread-309] INFO  impl.RoleInfo (RoleInfo.java:updateAndGet(143)) - c2a6c9af-68b9-412f-956f-becf7b86d0d9: start LeaderElection
2019-09-26 10:42:35,609 [c2a6c9af-68b9-412f-956f-becf7b86d0d9@group-6E2E59E404EF:LeaderElection29] INFO  impl.LeaderElection (LeaderElection.java:askForVotes(182)) - c2a6c9af-68b9-412f-956f-becf7b86d0d9@group-6E2E59E404EF:LeaderElection29: begin an election at term 1 for -1: [c2a6c9af-68b9-412f-956f-becf7b86d0d9:192.168.30.13:40379], old=null
2019-09-26 10:42:35,609 [c2a6c9af-68b9-412f-956f-becf7b86d0d9@group-6E2E59E404EF:LeaderElection29] INFO  impl.RoleInfo (RoleInfo.java:shutdownLeaderElection(134)) - c2a6c9af-68b9-412f-956f-becf7b86d0d9: shutdown LeaderElection
2019-09-26 10:42:35,609 [c2a6c9af-68b9-412f-956f-becf7b86d0d9@group-6E2E59E404EF:LeaderElection29] INFO  impl.RaftServerImpl (RaftServerImpl.java:setRole(174)) - c2a6c9af-68b9-412f-956f-becf7b86d0d9@group-6E2E59E404EF: changes role from CANDIDATE to LEADER at term 1 for changeToLeader
2019-09-26 10:42:35,609 [c2a6c9af-68b9-412f-956f-becf7b86d0d9@group-6E2E59E404EF:LeaderElection29] INFO  impl.RaftServerImpl (ServerState.java:setLeader(253)) - c2a6c9af-68b9-412f-956f-becf7b86d0d9@group-6E2E59E404EF: change Leader from null to c2a6c9af-68b9-412f-956f-becf7b86d0d9 at term 1 for becomeLeader, leader elected after 5167ms
2019-09-26 10:42:35,609 [c2a6c9af-68b9-412f-956f-becf7b86d0d9@group-6E2E59E404EF:LeaderElection29] INFO  server.RaftServerConfigKeys (ConfUtils.java:logGet(43)) - raft.server.staging.catchup.gap = 1000 (default)
2019-09-26 10:42:35,609 [c2a6c9af-68b9-412f-956f-becf7b86d0d9@group-6E2E59E404EF:LeaderElection29] INFO  server.RaftServerConfigKeys (ConfUtils.java:logGet(43)) - raft.server.rpc.sleep.time = 25ms (default)
2019-09-26 10:42:35,610 [c2a6c9af-68b9-412f-956f-becf7b86d0d9@group-6E2E59E404EF:LeaderElection29] INFO  server.RaftServerConfigKeys (ConfUtils.java:logGet(43)) - raft.server.write.element-limit = 4096 (default)
2019-09-26 10:42:35,610 [c2a6c9af-68b9-412f-956f-becf7b86d0d9@group-6E2E59E404EF:LeaderElection29] INFO  server.RaftServerConfigKeys (ConfUtils.java:logGet(43)) - raft.server.watch.timeout = 10s (default)
2019-09-26 10:42:35,610 [c2a6c9af-68b9-412f-956f-becf7b86d0d9@group-6E2E59E404EF:LeaderElection29] INFO  server.RaftServerConfigKeys (ConfUtils.java:logGet(43)) - raft.server.watch.timeout.denomination = 1s (default)
2019-09-26 10:42:35,610 [c2a6c9af-68b9-412f-956f-becf7b86d0d9@group-6E2E59E404EF:LeaderElection29] INFO  server.RaftServerConfigKeys (ConfUtils.java:logGet(43)) - raft.server.watch.element-limit = 65536 (default)
2019-09-26 10:42:35,613 [c2a6c9af-68b9-412f-956f-becf7b86d0d9@group-6E2E59E404EF:LeaderElection29] INFO  impl.RoleInfo (RoleInfo.java:updateAndGet(143)) - c2a6c9af-68b9-412f-956f-becf7b86d0d9: start LeaderState
2019-09-26 10:42:35,614 [c2a6c9af-68b9-412f-956f-becf7b86d0d9@group-6E2E59E404EF:LeaderElection29] INFO  segmented.SegmentedRaftLogWorker (SegmentedRaftLogWorker.java:startLogSegment(380)) - c2a6c9af-68b9-412f-956f-becf7b86d0d9@group-6E2E59E404EF-SegmentedRaftLogWorker: Starting segment from index:0
2019-09-26 10:42:35,614 [c2a6c9af-68b9-412f-956f-becf7b86d0d9@group-6E2E59E404EF:LeaderElection29] INFO  impl.RaftServerImpl (ServerState.java:setRaftConf(354)) - c2a6c9af-68b9-412f-956f-becf7b86d0d9@group-6E2E59E404EF: set configuration 0: [c2a6c9af-68b9-412f-956f-becf7b86d0d9:192.168.30.13:40379], old=null at 0
2019-09-26 10:42:35,666 [c2a6c9af-68b9-412f-956f-becf7b86d0d9@group-6E2E59E404EF-SegmentedRaftLogWorker] INFO  segmented.SegmentedRaftLogWorker (SegmentedRaftLogWorker.java:execute(569)) - c2a6c9af-68b9-412f-956f-becf7b86d0d9@group-6E2E59E404EF-SegmentedRaftLogWorker: created new log segment /workdir/hadoop-ozone/integration-test/target/test-dir/MiniOzoneClusterImpl-ba83c363-2963-4965-b6c8-e0e7e6227b06/datanode-5/data/ratis/0c6541ba-c141-40c8-83fd-6e2e59e404ef/current/log_inprogress_0
2019-09-26 10:42:35,849 [Thread-312] INFO  impl.FollowerState (FollowerState.java:run(106)) - 766dc5f6-32d2-4403-bd57-0044e97b5c0e:group-C2EA07917342 changes to CANDIDATE, lastRpcTime:5058, electionTimeout:5058ms
2019-09-26 10:42:35,849 [Thread-312] INFO  impl.RoleInfo (RoleInfo.java:shutdownFollowerState(121)) - 766dc5f6-32d2-4403-bd57-0044e97b5c0e: shutdown FollowerState
2019-09-26 10:42:35,849 [Thread-312] INFO  impl.RaftServerImpl (RaftServerImpl.java:setRole(174)) - 766dc5f6-32d2-4403-bd57-0044e97b5c0e@group-C2EA07917342: changes role from  FOLLOWER to CANDIDATE at term 0 for changeToCandidate
2019-09-26 10:42:35,849 [Thread-312] INFO  impl.RoleInfo (RoleInfo.java:updateAndGet(143)) - 766dc5f6-32d2-4403-bd57-0044e97b5c0e: start LeaderElection
2019-09-26 10:42:35,858 [Thread-316] INFO  impl.FollowerState (FollowerState.java:run(106)) - 28e56f19-9e9b-470a-a4d9-0b249a16b927:group-2CD6B8E4F1CC changes to CANDIDATE, lastRpcTime:5002, electionTimeout:5002ms
2019-09-26 10:42:35,858 [Thread-316] INFO  impl.RoleInfo (RoleInfo.java:shutdownFollowerState(121)) - 28e56f19-9e9b-470a-a4d9-0b249a16b927: shutdown FollowerState
2019-09-26 10:42:35,858 [Thread-316] INFO  impl.RaftServerImpl (RaftServerImpl.java:setRole(174)) - 28e56f19-9e9b-470a-a4d9-0b249a16b927@group-2CD6B8E4F1CC: changes role from  FOLLOWER to CANDIDATE at term 0 for changeToCandidate
2019-09-26 10:42:35,858 [Thread-316] INFO  impl.RoleInfo (RoleInfo.java:updateAndGet(143)) - 28e56f19-9e9b-470a-a4d9-0b249a16b927: start LeaderElection
2019-09-26 10:42:35,865 [766dc5f6-32d2-4403-bd57-0044e97b5c0e@group-C2EA07917342:LeaderElection30] INFO  impl.LeaderElection (LeaderElection.java:askForVotes(182)) - 766dc5f6-32d2-4403-bd57-0044e97b5c0e@group-C2EA07917342:LeaderElection30: begin an election at term 1 for -1: [766dc5f6-32d2-4403-bd57-0044e97b5c0e:192.168.30.13:45523], old=null
2019-09-26 10:42:35,865 [28e56f19-9e9b-470a-a4d9-0b249a16b927@group-2CD6B8E4F1CC:LeaderElection31] INFO  impl.LeaderElection (LeaderElection.java:askForVotes(182)) - 28e56f19-9e9b-470a-a4d9-0b249a16b927@group-2CD6B8E4F1CC:LeaderElection31: begin an election at term 1 for -1: [28e56f19-9e9b-470a-a4d9-0b249a16b927:192.168.30.13:44834], old=null
2019-09-26 10:42:35,866 [766dc5f6-32d2-4403-bd57-0044e97b5c0e@group-C2EA07917342:LeaderElection30] INFO  impl.RoleInfo (RoleInfo.java:shutdownLeaderElection(134)) - 766dc5f6-32d2-4403-bd57-0044e97b5c0e: shutdown LeaderElection
2019-09-26 10:42:35,866 [28e56f19-9e9b-470a-a4d9-0b249a16b927@group-2CD6B8E4F1CC:LeaderElection31] INFO  impl.RoleInfo (RoleInfo.java:shutdownLeaderElection(134)) - 28e56f19-9e9b-470a-a4d9-0b249a16b927: shutdown LeaderElection
2019-09-26 10:42:35,866 [766dc5f6-32d2-4403-bd57-0044e97b5c0e@group-C2EA07917342:LeaderElection30] INFO  impl.RaftServerImpl (RaftServerImpl.java:setRole(174)) - 766dc5f6-32d2-4403-bd57-0044e97b5c0e@group-C2EA07917342: changes role from CANDIDATE to LEADER at term 1 for changeToLeader
2019-09-26 10:42:35,866 [28e56f19-9e9b-470a-a4d9-0b249a16b927@group-2CD6B8E4F1CC:LeaderElection31] INFO  impl.RaftServerImpl (RaftServerImpl.java:setRole(174)) - 28e56f19-9e9b-470a-a4d9-0b249a16b927@group-2CD6B8E4F1CC: changes role from CANDIDATE to LEADER at term 1 for changeToLeader
2019-09-26 10:42:35,866 [766dc5f6-32d2-4403-bd57-0044e97b5c0e@group-C2EA07917342:LeaderElection30] INFO  impl.RaftServerImpl (ServerState.java:setLeader(253)) - 766dc5f6-32d2-4403-bd57-0044e97b5c0e@group-C2EA07917342: change Leader from null to 766dc5f6-32d2-4403-bd57-0044e97b5c0e at term 1 for becomeLeader, leader elected after 5349ms
2019-09-26 10:42:35,866 [28e56f19-9e9b-470a-a4d9-0b249a16b927@group-2CD6B8E4F1CC:LeaderElection31] INFO  impl.RaftServerImpl (ServerState.java:setLeader(253)) - 28e56f19-9e9b-470a-a4d9-0b249a16b927@group-2CD6B8E4F1CC: change Leader from null to 28e56f19-9e9b-470a-a4d9-0b249a16b927 at term 1 for becomeLeader, leader elected after 5016ms
2019-09-26 10:42:35,866 [766dc5f6-32d2-4403-bd57-0044e97b5c0e@group-C2EA07917342:LeaderElection30] INFO  server.RaftServerConfigKeys (ConfUtils.java:logGet(43)) - raft.server.staging.catchup.gap = 1000 (default)
2019-09-26 10:42:35,867 [28e56f19-9e9b-470a-a4d9-0b249a16b927@group-2CD6B8E4F1CC:LeaderElection31] INFO  server.RaftServerConfigKeys (ConfUtils.java:logGet(43)) - raft.server.staging.catchup.gap = 1000 (default)
2019-09-26 10:42:35,867 [766dc5f6-32d2-4403-bd57-0044e97b5c0e@group-C2EA07917342:LeaderElection30] INFO  server.RaftServerConfigKeys (ConfUtils.java:logGet(43)) - raft.server.rpc.sleep.time = 25ms (default)
2019-09-26 10:42:35,867 [28e56f19-9e9b-470a-a4d9-0b249a16b927@group-2CD6B8E4F1CC:LeaderElection31] INFO  server.RaftServerConfigKeys (ConfUtils.java:logGet(43)) - raft.server.rpc.sleep.time = 25ms (default)
2019-09-26 10:42:35,867 [766dc5f6-32d2-4403-bd57-0044e97b5c0e@group-C2EA07917342:LeaderElection30] INFO  server.RaftServerConfigKeys (ConfUtils.java:logGet(43)) - raft.server.write.element-limit = 4096 (default)
2019-09-26 10:42:35,867 [28e56f19-9e9b-470a-a4d9-0b249a16b927@group-2CD6B8E4F1CC:LeaderElection31] INFO  server.RaftServerConfigKeys (ConfUtils.java:logGet(43)) - raft.server.write.element-limit = 4096 (default)
2019-09-26 10:42:35,867 [766dc5f6-32d2-4403-bd57-0044e97b5c0e@group-C2EA07917342:LeaderElection30] INFO  server.RaftServerConfigKeys (ConfUtils.java:logGet(43)) - raft.server.watch.timeout = 10s (default)
2019-09-26 10:42:35,867 [28e56f19-9e9b-470a-a4d9-0b249a16b927@group-2CD6B8E4F1CC:LeaderElection31] INFO  server.RaftServerConfigKeys (ConfUtils.java:logGet(43)) - raft.server.watch.timeout = 10s (default)
2019-09-26 10:42:35,868 [766dc5f6-32d2-4403-bd57-0044e97b5c0e@group-C2EA07917342:LeaderElection30] INFO  server.RaftServerConfigKeys (ConfUtils.java:logGet(43)) - raft.server.watch.timeout.denomination = 1s (default)
2019-09-26 10:42:35,868 [28e56f19-9e9b-470a-a4d9-0b249a16b927@group-2CD6B8E4F1CC:LeaderElection31] INFO  server.RaftServerConfigKeys (ConfUtils.java:logGet(43)) - raft.server.watch.timeout.denomination = 1s (default)
2019-09-26 10:42:35,868 [766dc5f6-32d2-4403-bd57-0044e97b5c0e@group-C2EA07917342:LeaderElection30] INFO  server.RaftServerConfigKeys (ConfUtils.java:logGet(43)) - raft.server.watch.element-limit = 65536 (default)
2019-09-26 10:42:35,868 [28e56f19-9e9b-470a-a4d9-0b249a16b927@group-2CD6B8E4F1CC:LeaderElection31] INFO  server.RaftServerConfigKeys (ConfUtils.java:logGet(43)) - raft.server.watch.element-limit = 65536 (default)
2019-09-26 10:42:35,871 [766dc5f6-32d2-4403-bd57-0044e97b5c0e@group-C2EA07917342:LeaderElection30] INFO  impl.RoleInfo (RoleInfo.java:updateAndGet(143)) - 766dc5f6-32d2-4403-bd57-0044e97b5c0e: start LeaderState
2019-09-26 10:42:35,872 [766dc5f6-32d2-4403-bd57-0044e97b5c0e@group-C2EA07917342:LeaderElection30] INFO  segmented.SegmentedRaftLogWorker (SegmentedRaftLogWorker.java:startLogSegment(380)) - 766dc5f6-32d2-4403-bd57-0044e97b5c0e@group-C2EA07917342-SegmentedRaftLogWorker: Starting segment from index:0
2019-09-26 10:42:35,872 [28e56f19-9e9b-470a-a4d9-0b249a16b927@group-2CD6B8E4F1CC:LeaderElection31] INFO  impl.RoleInfo (RoleInfo.java:updateAndGet(143)) - 28e56f19-9e9b-470a-a4d9-0b249a16b927: start LeaderState
2019-09-26 10:42:35,872 [766dc5f6-32d2-4403-bd57-0044e97b5c0e@group-C2EA07917342:LeaderElection30] INFO  impl.RaftServerImpl (ServerState.java:setRaftConf(354)) - 766dc5f6-32d2-4403-bd57-0044e97b5c0e@group-C2EA07917342: set configuration 0: [766dc5f6-32d2-4403-bd57-0044e97b5c0e:192.168.30.13:45523], old=null at 0
2019-09-26 10:42:35,872 [28e56f19-9e9b-470a-a4d9-0b249a16b927@group-2CD6B8E4F1CC:LeaderElection31] INFO  segmented.SegmentedRaftLogWorker (SegmentedRaftLogWorker.java:startLogSegment(380)) - 28e56f19-9e9b-470a-a4d9-0b249a16b927@group-2CD6B8E4F1CC-SegmentedRaftLogWorker: Starting segment from index:0
2019-09-26 10:42:35,917 [28e56f19-9e9b-470a-a4d9-0b249a16b927@group-2CD6B8E4F1CC:LeaderElection31] INFO  impl.RaftServerImpl (ServerState.java:setRaftConf(354)) - 28e56f19-9e9b-470a-a4d9-0b249a16b927@group-2CD6B8E4F1CC: set configuration 0: [28e56f19-9e9b-470a-a4d9-0b249a16b927:192.168.30.13:44834], old=null at 0
2019-09-26 10:42:35,959 [766dc5f6-32d2-4403-bd57-0044e97b5c0e@group-C2EA07917342-SegmentedRaftLogWorker] INFO  segmented.SegmentedRaftLogWorker (SegmentedRaftLogWorker.java:execute(569)) - 766dc5f6-32d2-4403-bd57-0044e97b5c0e@group-C2EA07917342-SegmentedRaftLogWorker: created new log segment /workdir/hadoop-ozone/integration-test/target/test-dir/MiniOzoneClusterImpl-ba83c363-2963-4965-b6c8-e0e7e6227b06/datanode-3/data/ratis/a2fbd609-25c0-44c4-8ae3-c2ea07917342/current/log_inprogress_0
2019-09-26 10:42:35,972 [28e56f19-9e9b-470a-a4d9-0b249a16b927@group-2CD6B8E4F1CC-SegmentedRaftLogWorker] INFO  segmented.SegmentedRaftLogWorker (SegmentedRaftLogWorker.java:execute(569)) - 28e56f19-9e9b-470a-a4d9-0b249a16b927@group-2CD6B8E4F1CC-SegmentedRaftLogWorker: created new log segment /workdir/hadoop-ozone/integration-test/target/test-dir/MiniOzoneClusterImpl-ba83c363-2963-4965-b6c8-e0e7e6227b06/datanode-0/data/ratis/f6418100-85dc-49c5-a47a-2cd6b8e4f1cc/current/log_inprogress_0
2019-09-26 10:42:35,987 [Thread-319] INFO  impl.FollowerState (FollowerState.java:run(106)) - b39f15a2-ed1b-46ef-9b39-c0ba6a9718b6:group-4544BE116079 changes to CANDIDATE, lastRpcTime:5080, electionTimeout:5080ms
2019-09-26 10:42:35,988 [Thread-319] INFO  impl.RoleInfo (RoleInfo.java:shutdownFollowerState(121)) - b39f15a2-ed1b-46ef-9b39-c0ba6a9718b6: shutdown FollowerState
2019-09-26 10:42:35,988 [Thread-319] INFO  impl.RaftServerImpl (RaftServerImpl.java:setRole(174)) - b39f15a2-ed1b-46ef-9b39-c0ba6a9718b6@group-4544BE116079: changes role from  FOLLOWER to CANDIDATE at term 0 for changeToCandidate
2019-09-26 10:42:35,988 [Thread-319] INFO  impl.RoleInfo (RoleInfo.java:updateAndGet(143)) - b39f15a2-ed1b-46ef-9b39-c0ba6a9718b6: start LeaderElection
2019-09-26 10:42:36,003 [b39f15a2-ed1b-46ef-9b39-c0ba6a9718b6@group-4544BE116079:LeaderElection32] INFO  impl.LeaderElection (LeaderElection.java:askForVotes(182)) - b39f15a2-ed1b-46ef-9b39-c0ba6a9718b6@group-4544BE116079:LeaderElection32: begin an election at term 1 for -1: [b39f15a2-ed1b-46ef-9b39-c0ba6a9718b6:192.168.30.13:42810], old=null
2019-09-26 10:42:36,004 [b39f15a2-ed1b-46ef-9b39-c0ba6a9718b6@group-4544BE116079:LeaderElection32] INFO  impl.RoleInfo (RoleInfo.java:shutdownLeaderElection(134)) - b39f15a2-ed1b-46ef-9b39-c0ba6a9718b6: shutdown LeaderElection
2019-09-26 10:42:36,004 [b39f15a2-ed1b-46ef-9b39-c0ba6a9718b6@group-4544BE116079:LeaderElection32] INFO  impl.RaftServerImpl (RaftServerImpl.java:setRole(174)) - b39f15a2-ed1b-46ef-9b39-c0ba6a9718b6@group-4544BE116079: changes role from CANDIDATE to LEADER at term 1 for changeToLeader
2019-09-26 10:42:36,004 [b39f15a2-ed1b-46ef-9b39-c0ba6a9718b6@group-4544BE116079:LeaderElection32] INFO  impl.RaftServerImpl (ServerState.java:setLeader(253)) - b39f15a2-ed1b-46ef-9b39-c0ba6a9718b6@group-4544BE116079: change Leader from null to b39f15a2-ed1b-46ef-9b39-c0ba6a9718b6 at term 1 for becomeLeader, leader elected after 5103ms
2019-09-26 10:42:36,004 [b39f15a2-ed1b-46ef-9b39-c0ba6a9718b6@group-4544BE116079:LeaderElection32] INFO  server.RaftServerConfigKeys (ConfUtils.java:logGet(43)) - raft.server.staging.catchup.gap = 1000 (default)
2019-09-26 10:42:36,004 [b39f15a2-ed1b-46ef-9b39-c0ba6a9718b6@group-4544BE116079:LeaderElection32] INFO  server.RaftServerConfigKeys (ConfUtils.java:logGet(43)) - raft.server.rpc.sleep.time = 25ms (default)
2019-09-26 10:42:36,004 [b39f15a2-ed1b-46ef-9b39-c0ba6a9718b6@group-4544BE116079:LeaderElection32] INFO  server.RaftServerConfigKeys (ConfUtils.java:logGet(43)) - raft.server.write.element-limit = 4096 (default)
2019-09-26 10:42:36,004 [b39f15a2-ed1b-46ef-9b39-c0ba6a9718b6@group-4544BE116079:LeaderElection32] INFO  server.RaftServerConfigKeys (ConfUtils.java:logGet(43)) - raft.server.watch.timeout = 10s (default)
2019-09-26 10:42:36,005 [b39f15a2-ed1b-46ef-9b39-c0ba6a9718b6@group-4544BE116079:LeaderElection32] INFO  server.RaftServerConfigKeys (ConfUtils.java:logGet(43)) - raft.server.watch.timeout.denomination = 1s (default)
2019-09-26 10:42:36,005 [b39f15a2-ed1b-46ef-9b39-c0ba6a9718b6@group-4544BE116079:LeaderElection32] INFO  server.RaftServerConfigKeys (ConfUtils.java:logGet(43)) - raft.server.watch.element-limit = 65536 (default)
2019-09-26 10:42:36,008 [b39f15a2-ed1b-46ef-9b39-c0ba6a9718b6@group-4544BE116079:LeaderElection32] INFO  impl.RoleInfo (RoleInfo.java:updateAndGet(143)) - b39f15a2-ed1b-46ef-9b39-c0ba6a9718b6: start LeaderState
2019-09-26 10:42:36,008 [b39f15a2-ed1b-46ef-9b39-c0ba6a9718b6@group-4544BE116079:LeaderElection32] INFO  segmented.SegmentedRaftLogWorker (SegmentedRaftLogWorker.java:startLogSegment(380)) - b39f15a2-ed1b-46ef-9b39-c0ba6a9718b6@group-4544BE116079-SegmentedRaftLogWorker: Starting segment from index:0
2019-09-26 10:42:36,009 [b39f15a2-ed1b-46ef-9b39-c0ba6a9718b6@group-4544BE116079:LeaderElection32] INFO  impl.RaftServerImpl (ServerState.java:setRaftConf(354)) - b39f15a2-ed1b-46ef-9b39-c0ba6a9718b6@group-4544BE116079: set configuration 0: [b39f15a2-ed1b-46ef-9b39-c0ba6a9718b6:192.168.30.13:42810], old=null at 0
2019-09-26 10:42:36,058 [Thread-325] INFO  impl.FollowerState (FollowerState.java:run(106)) - b39f15a2-ed1b-46ef-9b39-c0ba6a9718b6:group-3244F4C43762 changes to CANDIDATE, lastRpcTime:5042, electionTimeout:5042ms
2019-09-26 10:42:36,059 [Thread-325] INFO  impl.RoleInfo (RoleInfo.java:shutdownFollowerState(121)) - b39f15a2-ed1b-46ef-9b39-c0ba6a9718b6: shutdown FollowerState
2019-09-26 10:42:36,059 [Thread-325] INFO  impl.RaftServerImpl (RaftServerImpl.java:setRole(174)) - b39f15a2-ed1b-46ef-9b39-c0ba6a9718b6@group-3244F4C43762: changes role from  FOLLOWER to CANDIDATE at term 0 for changeToCandidate
2019-09-26 10:42:36,059 [Thread-325] INFO  impl.RoleInfo (RoleInfo.java:updateAndGet(143)) - b39f15a2-ed1b-46ef-9b39-c0ba6a9718b6: start LeaderElection
2019-09-26 10:42:36,067 [b39f15a2-ed1b-46ef-9b39-c0ba6a9718b6@group-4544BE116079-SegmentedRaftLogWorker] INFO  segmented.SegmentedRaftLogWorker (SegmentedRaftLogWorker.java:execute(569)) - b39f15a2-ed1b-46ef-9b39-c0ba6a9718b6@group-4544BE116079-SegmentedRaftLogWorker: created new log segment /workdir/hadoop-ozone/integration-test/target/test-dir/MiniOzoneClusterImpl-ba83c363-2963-4965-b6c8-e0e7e6227b06/datanode-4/data/ratis/b59e9c6c-8f96-4fe5-ae7f-4544be116079/current/log_inprogress_0
2019-09-26 10:42:36,067 [b39f15a2-ed1b-46ef-9b39-c0ba6a9718b6@group-3244F4C43762:LeaderElection33] INFO  impl.LeaderElection (LeaderElection.java:askForVotes(182)) - b39f15a2-ed1b-46ef-9b39-c0ba6a9718b6@group-3244F4C43762:LeaderElection33: begin an election at term 1 for -1: [b39f15a2-ed1b-46ef-9b39-c0ba6a9718b6:192.168.30.13:42810], old=null
2019-09-26 10:42:36,067 [b39f15a2-ed1b-46ef-9b39-c0ba6a9718b6@group-3244F4C43762:LeaderElection33] INFO  impl.RoleInfo (RoleInfo.java:shutdownLeaderElection(134)) - b39f15a2-ed1b-46ef-9b39-c0ba6a9718b6: shutdown LeaderElection
2019-09-26 10:42:36,068 [b39f15a2-ed1b-46ef-9b39-c0ba6a9718b6@group-3244F4C43762:LeaderElection33] INFO  impl.RaftServerImpl (RaftServerImpl.java:setRole(174)) - b39f15a2-ed1b-46ef-9b39-c0ba6a9718b6@group-3244F4C43762: changes role from CANDIDATE to LEADER at term 1 for changeToLeader
2019-09-26 10:42:36,068 [b39f15a2-ed1b-46ef-9b39-c0ba6a9718b6@group-3244F4C43762:LeaderElection33] INFO  impl.RaftServerImpl (ServerState.java:setLeader(253)) - b39f15a2-ed1b-46ef-9b39-c0ba6a9718b6@group-3244F4C43762: change Leader from null to b39f15a2-ed1b-46ef-9b39-c0ba6a9718b6 at term 1 for becomeLeader, leader elected after 5059ms
2019-09-26 10:42:36,068 [b39f15a2-ed1b-46ef-9b39-c0ba6a9718b6@group-3244F4C43762:LeaderElection33] INFO  server.RaftServerConfigKeys (ConfUtils.java:logGet(43)) - raft.server.staging.catchup.gap = 1000 (default)
2019-09-26 10:42:36,068 [b39f15a2-ed1b-46ef-9b39-c0ba6a9718b6@group-3244F4C43762:LeaderElection33] INFO  server.RaftServerConfigKeys (ConfUtils.java:logGet(43)) - raft.server.rpc.sleep.time = 25ms (default)
2019-09-26 10:42:36,068 [b39f15a2-ed1b-46ef-9b39-c0ba6a9718b6@group-3244F4C43762:LeaderElection33] INFO  server.RaftServerConfigKeys (ConfUtils.java:logGet(43)) - raft.server.write.element-limit = 4096 (default)
2019-09-26 10:42:36,068 [b39f15a2-ed1b-46ef-9b39-c0ba6a9718b6@group-3244F4C43762:LeaderElection33] INFO  server.RaftServerConfigKeys (ConfUtils.java:logGet(43)) - raft.server.watch.timeout = 10s (default)
2019-09-26 10:42:36,068 [b39f15a2-ed1b-46ef-9b39-c0ba6a9718b6@group-3244F4C43762:LeaderElection33] INFO  server.RaftServerConfigKeys (ConfUtils.java:logGet(43)) - raft.server.watch.timeout.denomination = 1s (default)
2019-09-26 10:42:36,069 [b39f15a2-ed1b-46ef-9b39-c0ba6a9718b6@group-3244F4C43762:LeaderElection33] INFO  server.RaftServerConfigKeys (ConfUtils.java:logGet(43)) - raft.server.watch.element-limit = 65536 (default)
2019-09-26 10:42:36,071 [b39f15a2-ed1b-46ef-9b39-c0ba6a9718b6@group-3244F4C43762:LeaderElection33] INFO  impl.RoleInfo (RoleInfo.java:updateAndGet(143)) - b39f15a2-ed1b-46ef-9b39-c0ba6a9718b6: start LeaderState
2019-09-26 10:42:36,072 [b39f15a2-ed1b-46ef-9b39-c0ba6a9718b6@group-3244F4C43762:LeaderElection33] INFO  segmented.SegmentedRaftLogWorker (SegmentedRaftLogWorker.java:startLogSegment(380)) - b39f15a2-ed1b-46ef-9b39-c0ba6a9718b6@group-3244F4C43762-SegmentedRaftLogWorker: Starting segment from index:0
2019-09-26 10:42:36,072 [b39f15a2-ed1b-46ef-9b39-c0ba6a9718b6@group-3244F4C43762:LeaderElection33] INFO  impl.RaftServerImpl (ServerState.java:setRaftConf(354)) - b39f15a2-ed1b-46ef-9b39-c0ba6a9718b6@group-3244F4C43762: set configuration 0: [b39f15a2-ed1b-46ef-9b39-c0ba6a9718b6:192.168.30.13:42810], old=null at 0
2019-09-26 10:42:36,120 [Thread-322] INFO  impl.FollowerState (FollowerState.java:run(106)) - 766dc5f6-32d2-4403-bd57-0044e97b5c0e:group-2DFF8B4E7003 changes to CANDIDATE, lastRpcTime:5159, electionTimeout:5159ms
2019-09-26 10:42:36,121 [Thread-322] INFO  impl.RoleInfo (RoleInfo.java:shutdownFollowerState(121)) - 766dc5f6-32d2-4403-bd57-0044e97b5c0e: shutdown FollowerState
2019-09-26 10:42:36,121 [Thread-322] INFO  impl.RaftServerImpl (RaftServerImpl.java:setRole(174)) - 766dc5f6-32d2-4403-bd57-0044e97b5c0e@group-2DFF8B4E7003: changes role from  FOLLOWER to CANDIDATE at term 0 for changeToCandidate
2019-09-26 10:42:36,121 [Thread-322] INFO  impl.RoleInfo (RoleInfo.java:updateAndGet(143)) - 766dc5f6-32d2-4403-bd57-0044e97b5c0e: start LeaderElection
2019-09-26 10:42:36,146 [Thread-331] INFO  impl.FollowerState (FollowerState.java:run(106)) - 766dc5f6-32d2-4403-bd57-0044e97b5c0e:group-D3E0990F0FAF changes to CANDIDATE, lastRpcTime:5027, electionTimeout:5027ms
2019-09-26 10:42:36,146 [Thread-331] INFO  impl.RoleInfo (RoleInfo.java:shutdownFollowerState(121)) - 766dc5f6-32d2-4403-bd57-0044e97b5c0e: shutdown FollowerState
2019-09-26 10:42:36,146 [Thread-331] INFO  impl.RaftServerImpl (RaftServerImpl.java:setRole(174)) - 766dc5f6-32d2-4403-bd57-0044e97b5c0e@group-D3E0990F0FAF: changes role from  FOLLOWER to CANDIDATE at term 0 for changeToCandidate
2019-09-26 10:42:36,146 [Thread-331] INFO  impl.RoleInfo (RoleInfo.java:updateAndGet(143)) - 766dc5f6-32d2-4403-bd57-0044e97b5c0e: start LeaderElection
2019-09-26 10:42:36,156 [b39f15a2-ed1b-46ef-9b39-c0ba6a9718b6@group-3244F4C43762-SegmentedRaftLogWorker] INFO  segmented.SegmentedRaftLogWorker (SegmentedRaftLogWorker.java:execute(569)) - b39f15a2-ed1b-46ef-9b39-c0ba6a9718b6@group-3244F4C43762-SegmentedRaftLogWorker: created new log segment /workdir/hadoop-ozone/integration-test/target/test-dir/MiniOzoneClusterImpl-ba83c363-2963-4965-b6c8-e0e7e6227b06/datanode-4/data/ratis/3eed379d-307d-4a82-9ebe-3244f4c43762/current/log_inprogress_0
2019-09-26 10:42:36,156 [766dc5f6-32d2-4403-bd57-0044e97b5c0e@group-2DFF8B4E7003:LeaderElection34] INFO  impl.LeaderElection (LeaderElection.java:askForVotes(182)) - 766dc5f6-32d2-4403-bd57-0044e97b5c0e@group-2DFF8B4E7003:LeaderElection34: begin an election at term 1 for -1: [766dc5f6-32d2-4403-bd57-0044e97b5c0e:192.168.30.13:45523], old=null
2019-09-26 10:42:36,156 [766dc5f6-32d2-4403-bd57-0044e97b5c0e@group-2DFF8B4E7003:LeaderElection34] INFO  impl.RoleInfo (RoleInfo.java:shutdownLeaderElection(134)) - 766dc5f6-32d2-4403-bd57-0044e97b5c0e: shutdown LeaderElection
2019-09-26 10:42:36,156 [766dc5f6-32d2-4403-bd57-0044e97b5c0e@group-2DFF8B4E7003:LeaderElection34] INFO  impl.RaftServerImpl (RaftServerImpl.java:setRole(174)) - 766dc5f6-32d2-4403-bd57-0044e97b5c0e@group-2DFF8B4E7003: changes role from CANDIDATE to LEADER at term 1 for changeToLeader
2019-09-26 10:42:36,156 [766dc5f6-32d2-4403-bd57-0044e97b5c0e@group-2DFF8B4E7003:LeaderElection34] INFO  impl.RaftServerImpl (ServerState.java:setLeader(253)) - 766dc5f6-32d2-4403-bd57-0044e97b5c0e@group-2DFF8B4E7003: change Leader from null to 766dc5f6-32d2-4403-bd57-0044e97b5c0e at term 1 for becomeLeader, leader elected after 5201ms
2019-09-26 10:42:36,157 [766dc5f6-32d2-4403-bd57-0044e97b5c0e@group-2DFF8B4E7003:LeaderElection34] INFO  server.RaftServerConfigKeys (ConfUtils.java:logGet(43)) - raft.server.staging.catchup.gap = 1000 (default)
2019-09-26 10:42:36,157 [766dc5f6-32d2-4403-bd57-0044e97b5c0e@group-2DFF8B4E7003:LeaderElection34] INFO  server.RaftServerConfigKeys (ConfUtils.java:logGet(43)) - raft.server.rpc.sleep.time = 25ms (default)
2019-09-26 10:42:36,157 [766dc5f6-32d2-4403-bd57-0044e97b5c0e@group-2DFF8B4E7003:LeaderElection34] INFO  server.RaftServerConfigKeys (ConfUtils.java:logGet(43)) - raft.server.write.element-limit = 4096 (default)
2019-09-26 10:42:36,157 [766dc5f6-32d2-4403-bd57-0044e97b5c0e@group-2DFF8B4E7003:LeaderElection34] INFO  server.RaftServerConfigKeys (ConfUtils.java:logGet(43)) - raft.server.watch.timeout = 10s (default)
2019-09-26 10:42:36,157 [766dc5f6-32d2-4403-bd57-0044e97b5c0e@group-2DFF8B4E7003:LeaderElection34] INFO  server.RaftServerConfigKeys (ConfUtils.java:logGet(43)) - raft.server.watch.timeout.denomination = 1s (default)
2019-09-26 10:42:36,157 [766dc5f6-32d2-4403-bd57-0044e97b5c0e@group-2DFF8B4E7003:LeaderElection34] INFO  server.RaftServerConfigKeys (ConfUtils.java:logGet(43)) - raft.server.watch.element-limit = 65536 (default)
2019-09-26 10:42:36,160 [766dc5f6-32d2-4403-bd57-0044e97b5c0e@group-2DFF8B4E7003:LeaderElection34] INFO  impl.RoleInfo (RoleInfo.java:updateAndGet(143)) - 766dc5f6-32d2-4403-bd57-0044e97b5c0e: start LeaderState
2019-09-26 10:42:36,160 [766dc5f6-32d2-4403-bd57-0044e97b5c0e@group-2DFF8B4E7003:LeaderElection34] INFO  segmented.SegmentedRaftLogWorker (SegmentedRaftLogWorker.java:startLogSegment(380)) - 766dc5f6-32d2-4403-bd57-0044e97b5c0e@group-2DFF8B4E7003-SegmentedRaftLogWorker: Starting segment from index:0
2019-09-26 10:42:36,161 [766dc5f6-32d2-4403-bd57-0044e97b5c0e@group-2DFF8B4E7003:LeaderElection34] INFO  impl.RaftServerImpl (ServerState.java:setRaftConf(354)) - 766dc5f6-32d2-4403-bd57-0044e97b5c0e@group-2DFF8B4E7003: set configuration 0: [766dc5f6-32d2-4403-bd57-0044e97b5c0e:192.168.30.13:45523], old=null at 0
2019-09-26 10:42:36,198 [766dc5f6-32d2-4403-bd57-0044e97b5c0e@group-D3E0990F0FAF:LeaderElection35] INFO  impl.LeaderElection (LeaderElection.java:askForVotes(182)) - 766dc5f6-32d2-4403-bd57-0044e97b5c0e@group-D3E0990F0FAF:LeaderElection35: begin an election at term 1 for -1: [766dc5f6-32d2-4403-bd57-0044e97b5c0e:192.168.30.13:45523], old=null
2019-09-26 10:42:36,198 [766dc5f6-32d2-4403-bd57-0044e97b5c0e@group-D3E0990F0FAF:LeaderElection35] INFO  impl.RoleInfo (RoleInfo.java:shutdownLeaderElection(134)) - 766dc5f6-32d2-4403-bd57-0044e97b5c0e: shutdown LeaderElection
2019-09-26 10:42:36,198 [766dc5f6-32d2-4403-bd57-0044e97b5c0e@group-D3E0990F0FAF:LeaderElection35] INFO  impl.RaftServerImpl (RaftServerImpl.java:setRole(174)) - 766dc5f6-32d2-4403-bd57-0044e97b5c0e@group-D3E0990F0FAF: changes role from CANDIDATE to LEADER at term 1 for changeToLeader
2019-09-26 10:42:36,198 [766dc5f6-32d2-4403-bd57-0044e97b5c0e@group-D3E0990F0FAF:LeaderElection35] INFO  impl.RaftServerImpl (ServerState.java:setLeader(253)) - 766dc5f6-32d2-4403-bd57-0044e97b5c0e@group-D3E0990F0FAF: change Leader from null to 766dc5f6-32d2-4403-bd57-0044e97b5c0e at term 1 for becomeLeader, leader elected after 5087ms
2019-09-26 10:42:36,199 [766dc5f6-32d2-4403-bd57-0044e97b5c0e@group-D3E0990F0FAF:LeaderElection35] INFO  server.RaftServerConfigKeys (ConfUtils.java:logGet(43)) - raft.server.staging.catchup.gap = 1000 (default)
2019-09-26 10:42:36,199 [766dc5f6-32d2-4403-bd57-0044e97b5c0e@group-D3E0990F0FAF:LeaderElection35] INFO  server.RaftServerConfigKeys (ConfUtils.java:logGet(43)) - raft.server.rpc.sleep.time = 25ms (default)
2019-09-26 10:42:36,199 [766dc5f6-32d2-4403-bd57-0044e97b5c0e@group-D3E0990F0FAF:LeaderElection35] INFO  server.RaftServerConfigKeys (ConfUtils.java:logGet(43)) - raft.server.write.element-limit = 4096 (default)
2019-09-26 10:42:36,199 [766dc5f6-32d2-4403-bd57-0044e97b5c0e@group-D3E0990F0FAF:LeaderElection35] INFO  server.RaftServerConfigKeys (ConfUtils.java:logGet(43)) - raft.server.watch.timeout = 10s (default)
2019-09-26 10:42:36,199 [766dc5f6-32d2-4403-bd57-0044e97b5c0e@group-D3E0990F0FAF:LeaderElection35] INFO  server.RaftServerConfigKeys (ConfUtils.java:logGet(43)) - raft.server.watch.timeout.denomination = 1s (default)
2019-09-26 10:42:36,199 [766dc5f6-32d2-4403-bd57-0044e97b5c0e@group-D3E0990F0FAF:LeaderElection35] INFO  server.RaftServerConfigKeys (ConfUtils.java:logGet(43)) - raft.server.watch.element-limit = 65536 (default)
2019-09-26 10:42:36,202 [766dc5f6-32d2-4403-bd57-0044e97b5c0e@group-D3E0990F0FAF:LeaderElection35] INFO  impl.RoleInfo (RoleInfo.java:updateAndGet(143)) - 766dc5f6-32d2-4403-bd57-0044e97b5c0e: start LeaderState
2019-09-26 10:42:36,202 [766dc5f6-32d2-4403-bd57-0044e97b5c0e@group-D3E0990F0FAF:LeaderElection35] INFO  segmented.SegmentedRaftLogWorker (SegmentedRaftLogWorker.java:startLogSegment(380)) - 766dc5f6-32d2-4403-bd57-0044e97b5c0e@group-D3E0990F0FAF-SegmentedRaftLogWorker: Starting segment from index:0
2019-09-26 10:42:36,202 [766dc5f6-32d2-4403-bd57-0044e97b5c0e@group-D3E0990F0FAF:LeaderElection35] INFO  impl.RaftServerImpl (ServerState.java:setRaftConf(354)) - 766dc5f6-32d2-4403-bd57-0044e97b5c0e@group-D3E0990F0FAF: set configuration 0: [766dc5f6-32d2-4403-bd57-0044e97b5c0e:192.168.30.13:45523], old=null at 0
2019-09-26 10:42:36,232 [766dc5f6-32d2-4403-bd57-0044e97b5c0e@group-2DFF8B4E7003-SegmentedRaftLogWorker] INFO  segmented.SegmentedRaftLogWorker (SegmentedRaftLogWorker.java:execute(569)) - 766dc5f6-32d2-4403-bd57-0044e97b5c0e@group-2DFF8B4E7003-SegmentedRaftLogWorker: created new log segment /workdir/hadoop-ozone/integration-test/target/test-dir/MiniOzoneClusterImpl-ba83c363-2963-4965-b6c8-e0e7e6227b06/datanode-3/data/ratis/696ed9d7-9e76-4511-8d1a-2dff8b4e7003/current/log_inprogress_0
2019-09-26 10:42:36,232 [Thread-328] INFO  impl.FollowerState (FollowerState.java:run(106)) - 766dc5f6-32d2-4403-bd57-0044e97b5c0e:group-525D2C6C19C8 changes to CANDIDATE, lastRpcTime:5166, electionTimeout:5143ms
2019-09-26 10:42:36,232 [Thread-328] INFO  impl.RoleInfo (RoleInfo.java:shutdownFollowerState(121)) - 766dc5f6-32d2-4403-bd57-0044e97b5c0e: shutdown FollowerState
2019-09-26 10:42:36,233 [Thread-328] INFO  impl.RaftServerImpl (RaftServerImpl.java:setRole(174)) - 766dc5f6-32d2-4403-bd57-0044e97b5c0e@group-525D2C6C19C8: changes role from  FOLLOWER to CANDIDATE at term 0 for changeToCandidate
2019-09-26 10:42:36,233 [Thread-328] INFO  impl.RoleInfo (RoleInfo.java:updateAndGet(143)) - 766dc5f6-32d2-4403-bd57-0044e97b5c0e: start LeaderElection
2019-09-26 10:42:36,244 [766dc5f6-32d2-4403-bd57-0044e97b5c0e@group-D3E0990F0FAF-SegmentedRaftLogWorker] INFO  segmented.SegmentedRaftLogWorker (SegmentedRaftLogWorker.java:execute(569)) - 766dc5f6-32d2-4403-bd57-0044e97b5c0e@group-D3E0990F0FAF-SegmentedRaftLogWorker: created new log segment /workdir/hadoop-ozone/integration-test/target/test-dir/MiniOzoneClusterImpl-ba83c363-2963-4965-b6c8-e0e7e6227b06/datanode-3/data/ratis/d521bf1f-b73e-4e30-be03-d3e0990f0faf/current/log_inprogress_0
2019-09-26 10:42:36,245 [766dc5f6-32d2-4403-bd57-0044e97b5c0e@group-525D2C6C19C8:LeaderElection36] INFO  impl.LeaderElection (LeaderElection.java:askForVotes(182)) - 766dc5f6-32d2-4403-bd57-0044e97b5c0e@group-525D2C6C19C8:LeaderElection36: begin an election at term 1 for -1: [766dc5f6-32d2-4403-bd57-0044e97b5c0e:192.168.30.13:45523], old=null
2019-09-26 10:42:36,245 [766dc5f6-32d2-4403-bd57-0044e97b5c0e@group-525D2C6C19C8:LeaderElection36] INFO  impl.RoleInfo (RoleInfo.java:shutdownLeaderElection(134)) - 766dc5f6-32d2-4403-bd57-0044e97b5c0e: shutdown LeaderElection
2019-09-26 10:42:36,245 [766dc5f6-32d2-4403-bd57-0044e97b5c0e@group-525D2C6C19C8:LeaderElection36] INFO  impl.RaftServerImpl (RaftServerImpl.java:setRole(174)) - 766dc5f6-32d2-4403-bd57-0044e97b5c0e@group-525D2C6C19C8: changes role from CANDIDATE to LEADER at term 1 for changeToLeader
2019-09-26 10:42:36,245 [766dc5f6-32d2-4403-bd57-0044e97b5c0e@group-525D2C6C19C8:LeaderElection36] INFO  impl.RaftServerImpl (ServerState.java:setLeader(253)) - 766dc5f6-32d2-4403-bd57-0044e97b5c0e@group-525D2C6C19C8: change Leader from null to 766dc5f6-32d2-4403-bd57-0044e97b5c0e at term 1 for becomeLeader, leader elected after 5184ms
2019-09-26 10:42:36,245 [766dc5f6-32d2-4403-bd57-0044e97b5c0e@group-525D2C6C19C8:LeaderElection36] INFO  server.RaftServerConfigKeys (ConfUtils.java:logGet(43)) - raft.server.staging.catchup.gap = 1000 (default)
2019-09-26 10:42:36,245 [766dc5f6-32d2-4403-bd57-0044e97b5c0e@group-525D2C6C19C8:LeaderElection36] INFO  server.RaftServerConfigKeys (ConfUtils.java:logGet(43)) - raft.server.rpc.sleep.time = 25ms (default)
2019-09-26 10:42:36,246 [766dc5f6-32d2-4403-bd57-0044e97b5c0e@group-525D2C6C19C8:LeaderElection36] INFO  server.RaftServerConfigKeys (ConfUtils.java:logGet(43)) - raft.server.write.element-limit = 4096 (default)
2019-09-26 10:42:36,246 [766dc5f6-32d2-4403-bd57-0044e97b5c0e@group-525D2C6C19C8:LeaderElection36] INFO  server.RaftServerConfigKeys (ConfUtils.java:logGet(43)) - raft.server.watch.timeout = 10s (default)
2019-09-26 10:42:36,246 [766dc5f6-32d2-4403-bd57-0044e97b5c0e@group-525D2C6C19C8:LeaderElection36] INFO  server.RaftServerConfigKeys (ConfUtils.java:logGet(43)) - raft.server.watch.timeout.denomination = 1s (default)
2019-09-26 10:42:36,246 [766dc5f6-32d2-4403-bd57-0044e97b5c0e@group-525D2C6C19C8:LeaderElection36] INFO  server.RaftServerConfigKeys (ConfUtils.java:logGet(43)) - raft.server.watch.element-limit = 65536 (default)
2019-09-26 10:42:36,249 [766dc5f6-32d2-4403-bd57-0044e97b5c0e@group-525D2C6C19C8:LeaderElection36] INFO  impl.RoleInfo (RoleInfo.java:updateAndGet(143)) - 766dc5f6-32d2-4403-bd57-0044e97b5c0e: start LeaderState
2019-09-26 10:42:36,249 [766dc5f6-32d2-4403-bd57-0044e97b5c0e@group-525D2C6C19C8:LeaderElection36] INFO  segmented.SegmentedRaftLogWorker (SegmentedRaftLogWorker.java:startLogSegment(380)) - 766dc5f6-32d2-4403-bd57-0044e97b5c0e@group-525D2C6C19C8-SegmentedRaftLogWorker: Starting segment from index:0
2019-09-26 10:42:36,250 [766dc5f6-32d2-4403-bd57-0044e97b5c0e@group-525D2C6C19C8:LeaderElection36] INFO  impl.RaftServerImpl (ServerState.java:setRaftConf(354)) - 766dc5f6-32d2-4403-bd57-0044e97b5c0e@group-525D2C6C19C8: set configuration 0: [766dc5f6-32d2-4403-bd57-0044e97b5c0e:192.168.30.13:45523], old=null at 0
2019-09-26 10:42:36,294 [766dc5f6-32d2-4403-bd57-0044e97b5c0e@group-525D2C6C19C8-SegmentedRaftLogWorker] INFO  segmented.SegmentedRaftLogWorker (SegmentedRaftLogWorker.java:execute(569)) - 766dc5f6-32d2-4403-bd57-0044e97b5c0e@group-525D2C6C19C8-SegmentedRaftLogWorker: created new log segment /workdir/hadoop-ozone/integration-test/target/test-dir/MiniOzoneClusterImpl-ba83c363-2963-4965-b6c8-e0e7e6227b06/datanode-3/data/ratis/02066545-f9d6-4a29-b644-525d2c6c19c8/current/log_inprogress_0
2019-09-26 10:42:36,333 [main] INFO  ozoneimpl.OzoneContainer (OzoneContainer.java:stop(231)) - Attempting to stop container services.
2019-09-26 10:42:36,333 [ForkJoinPool.commonPool-worker-1] INFO  ozoneimpl.OzoneContainer (OzoneContainer.java:stop(231)) - Attempting to stop container services.
2019-09-26 10:42:36,334 [main] INFO  impl.RaftServerProxy (RaftServerProxy.java:lambda$close$4(314)) - 766dc5f6-32d2-4403-bd57-0044e97b5c0e: close
2019-09-26 10:42:36,335 [ForkJoinPool.commonPool-worker-1] INFO  impl.RaftServerProxy (RaftServerProxy.java:lambda$close$4(314)) - 0d880a52-66cc-417f-8cd7-70609a5fbfa8: close
2019-09-26 10:42:36,337 [main] INFO  impl.RaftServerImpl (RaftServerImpl.java:lambda$shutdown$3(251)) - 766dc5f6-32d2-4403-bd57-0044e97b5c0e@group-2DFF8B4E7003: shutdown
2019-09-26 10:42:36,337 [ForkJoinPool.commonPool-worker-1] INFO  impl.RaftServerImpl (RaftServerImpl.java:lambda$shutdown$3(251)) - 0d880a52-66cc-417f-8cd7-70609a5fbfa8@group-577B438AE9AB: shutdown
2019-09-26 10:42:36,338 [main] INFO  util.JmxRegister (JmxRegister.java:unregister(73)) - Successfully un-registered JMX Bean with object name Ratis:service=RaftServer,group=group-2DFF8B4E7003,id=766dc5f6-32d2-4403-bd57-0044e97b5c0e
2019-09-26 10:42:36,338 [ForkJoinPool.commonPool-worker-1] INFO  util.JmxRegister (JmxRegister.java:unregister(73)) - Successfully un-registered JMX Bean with object name Ratis:service=RaftServer,group=group-577B438AE9AB,id=0d880a52-66cc-417f-8cd7-70609a5fbfa8
2019-09-26 10:42:36,338 [main] INFO  impl.RoleInfo (RoleInfo.java:shutdownLeaderState(104)) - 766dc5f6-32d2-4403-bd57-0044e97b5c0e: shutdown LeaderState
2019-09-26 10:42:36,339 [ForkJoinPool.commonPool-worker-1] INFO  impl.RoleInfo (RoleInfo.java:shutdownLeaderState(104)) - 0d880a52-66cc-417f-8cd7-70609a5fbfa8: shutdown LeaderState
2019-09-26 10:42:36,340 [main] INFO  impl.PendingRequests (PendingRequests.java:sendNotLeaderResponses(202)) - 766dc5f6-32d2-4403-bd57-0044e97b5c0e-PendingRequests: sendNotLeaderResponses
2019-09-26 10:42:36,340 [ForkJoinPool.commonPool-worker-1] INFO  impl.PendingRequests (PendingRequests.java:sendNotLeaderResponses(202)) - 0d880a52-66cc-417f-8cd7-70609a5fbfa8-PendingRequests: sendNotLeaderResponses
2019-09-26 10:42:36,345 [main] INFO  impl.StateMachineUpdater (StateMachineUpdater.java:stopAndJoin(125)) - 766dc5f6-32d2-4403-bd57-0044e97b5c0e@group-2DFF8B4E7003-StateMachineUpdater: set stopIndex = 0
2019-09-26 10:42:36,345 [ForkJoinPool.commonPool-worker-1] INFO  impl.StateMachineUpdater (StateMachineUpdater.java:stopAndJoin(125)) - 0d880a52-66cc-417f-8cd7-70609a5fbfa8@group-577B438AE9AB-StateMachineUpdater: set stopIndex = 0
2019-09-26 10:42:36,348 [main] INFO  impl.RaftServerImpl (ServerState.java:close(385)) - 766dc5f6-32d2-4403-bd57-0044e97b5c0e@group-2DFF8B4E7003: closes. applyIndex: 0
2019-09-26 10:42:36,348 [ForkJoinPool.commonPool-worker-1] INFO  impl.RaftServerImpl (ServerState.java:close(385)) - 0d880a52-66cc-417f-8cd7-70609a5fbfa8@group-577B438AE9AB: closes. applyIndex: 0
2019-09-26 10:42:36,350 [766dc5f6-32d2-4403-bd57-0044e97b5c0e@group-2DFF8B4E7003-SegmentedRaftLogWorker] INFO  segmented.SegmentedRaftLogWorker (SegmentedRaftLogWorker.java:run(313)) - 766dc5f6-32d2-4403-bd57-0044e97b5c0e@group-2DFF8B4E7003-SegmentedRaftLogWorker was interrupted, exiting. There are 0 tasks remaining in the queue.
2019-09-26 10:42:36,350 [0d880a52-66cc-417f-8cd7-70609a5fbfa8@group-577B438AE9AB-SegmentedRaftLogWorker] INFO  segmented.SegmentedRaftLogWorker (SegmentedRaftLogWorker.java:run(313)) - 0d880a52-66cc-417f-8cd7-70609a5fbfa8@group-577B438AE9AB-SegmentedRaftLogWorker was interrupted, exiting. There are 0 tasks remaining in the queue.
2019-09-26 10:42:36,356 [main] INFO  segmented.SegmentedRaftLogWorker (SegmentedRaftLogWorker.java:close(228)) - 766dc5f6-32d2-4403-bd57-0044e97b5c0e@group-2DFF8B4E7003-SegmentedRaftLogWorker close()
2019-09-26 10:42:36,356 [ForkJoinPool.commonPool-worker-1] INFO  segmented.SegmentedRaftLogWorker (SegmentedRaftLogWorker.java:close(228)) - 0d880a52-66cc-417f-8cd7-70609a5fbfa8@group-577B438AE9AB-SegmentedRaftLogWorker close()
2019-09-26 10:42:36,365 [ForkJoinPool.commonPool-worker-1] INFO  impl.RaftServerImpl (RaftServerImpl.java:lambda$shutdown$3(251)) - 0d880a52-66cc-417f-8cd7-70609a5fbfa8@group-6B13C9AE75F7: shutdown
2019-09-26 10:42:36,365 [main] INFO  impl.RaftServerImpl (RaftServerImpl.java:lambda$shutdown$3(251)) - 766dc5f6-32d2-4403-bd57-0044e97b5c0e@group-525D2C6C19C8: shutdown
2019-09-26 10:42:36,366 [ForkJoinPool.commonPool-worker-1] INFO  util.JmxRegister (JmxRegister.java:unregister(73)) - Successfully un-registered JMX Bean with object name Ratis:service=RaftServer,group=group-6B13C9AE75F7,id=0d880a52-66cc-417f-8cd7-70609a5fbfa8
2019-09-26 10:42:36,366 [main] INFO  util.JmxRegister (JmxRegister.java:unregister(73)) - Successfully un-registered JMX Bean with object name Ratis:service=RaftServer,group=group-525D2C6C19C8,id=766dc5f6-32d2-4403-bd57-0044e97b5c0e
2019-09-26 10:42:36,366 [ForkJoinPool.commonPool-worker-1] INFO  impl.RoleInfo (RoleInfo.java:shutdownLeaderState(104)) - 0d880a52-66cc-417f-8cd7-70609a5fbfa8: shutdown LeaderState
2019-09-26 10:42:36,367 [main] INFO  impl.RoleInfo (RoleInfo.java:shutdownLeaderState(104)) - 766dc5f6-32d2-4403-bd57-0044e97b5c0e: shutdown LeaderState
2019-09-26 10:42:36,367 [ForkJoinPool.commonPool-worker-1] INFO  impl.PendingRequests (PendingRequests.java:sendNotLeaderResponses(202)) - 0d880a52-66cc-417f-8cd7-70609a5fbfa8-PendingRequests: sendNotLeaderResponses
2019-09-26 10:42:36,367 [main] INFO  impl.PendingRequests (PendingRequests.java:sendNotLeaderResponses(202)) - 766dc5f6-32d2-4403-bd57-0044e97b5c0e-PendingRequests: sendNotLeaderResponses
2019-09-26 10:42:36,368 [ForkJoinPool.commonPool-worker-1] INFO  impl.StateMachineUpdater (StateMachineUpdater.java:stopAndJoin(125)) - 0d880a52-66cc-417f-8cd7-70609a5fbfa8@group-6B13C9AE75F7-StateMachineUpdater: set stopIndex = 0
2019-09-26 10:42:36,368 [main] INFO  impl.StateMachineUpdater (StateMachineUpdater.java:stopAndJoin(125)) - 766dc5f6-32d2-4403-bd57-0044e97b5c0e@group-525D2C6C19C8-StateMachineUpdater: set stopIndex = 0
2019-09-26 10:42:36,368 [ForkJoinPool.commonPool-worker-1] INFO  impl.RaftServerImpl (ServerState.java:close(385)) - 0d880a52-66cc-417f-8cd7-70609a5fbfa8@group-6B13C9AE75F7: closes. applyIndex: 0
2019-09-26 10:42:36,368 [main] INFO  impl.RaftServerImpl (ServerState.java:close(385)) - 766dc5f6-32d2-4403-bd57-0044e97b5c0e@group-525D2C6C19C8: closes. applyIndex: 0
2019-09-26 10:42:36,369 [0d880a52-66cc-417f-8cd7-70609a5fbfa8@group-6B13C9AE75F7-SegmentedRaftLogWorker] INFO  segmented.SegmentedRaftLogWorker (SegmentedRaftLogWorker.java:run(313)) - 0d880a52-66cc-417f-8cd7-70609a5fbfa8@group-6B13C9AE75F7-SegmentedRaftLogWorker was interrupted, exiting. There are 0 tasks remaining in the queue.
2019-09-26 10:42:36,369 [766dc5f6-32d2-4403-bd57-0044e97b5c0e@group-525D2C6C19C8-SegmentedRaftLogWorker] INFO  segmented.SegmentedRaftLogWorker (SegmentedRaftLogWorker.java:run(313)) - 766dc5f6-32d2-4403-bd57-0044e97b5c0e@group-525D2C6C19C8-SegmentedRaftLogWorker was interrupted, exiting. There are 0 tasks remaining in the queue.
2019-09-26 10:42:36,373 [ForkJoinPool.commonPool-worker-1] INFO  segmented.SegmentedRaftLogWorker (SegmentedRaftLogWorker.java:close(228)) - 0d880a52-66cc-417f-8cd7-70609a5fbfa8@group-6B13C9AE75F7-SegmentedRaftLogWorker close()
2019-09-26 10:42:36,378 [main] INFO  segmented.SegmentedRaftLogWorker (SegmentedRaftLogWorker.java:close(228)) - 766dc5f6-32d2-4403-bd57-0044e97b5c0e@group-525D2C6C19C8-SegmentedRaftLogWorker close()
2019-09-26 10:42:36,383 [ForkJoinPool.commonPool-worker-1] INFO  impl.RaftServerImpl (RaftServerImpl.java:lambda$shutdown$3(251)) - 0d880a52-66cc-417f-8cd7-70609a5fbfa8@group-7338E56F94FC: shutdown
2019-09-26 10:42:36,391 [main] INFO  impl.RaftServerImpl (RaftServerImpl.java:lambda$shutdown$3(251)) - 766dc5f6-32d2-4403-bd57-0044e97b5c0e@group-D3E0990F0FAF: shutdown
2019-09-26 10:42:36,391 [ForkJoinPool.commonPool-worker-1] INFO  util.JmxRegister (JmxRegister.java:unregister(73)) - Successfully un-registered JMX Bean with object name Ratis:service=RaftServer,group=group-7338E56F94FC,id=0d880a52-66cc-417f-8cd7-70609a5fbfa8
2019-09-26 10:42:36,392 [main] INFO  util.JmxRegister (JmxRegister.java:unregister(73)) - Successfully un-registered JMX Bean with object name Ratis:service=RaftServer,group=group-D3E0990F0FAF,id=766dc5f6-32d2-4403-bd57-0044e97b5c0e
2019-09-26 10:42:36,392 [ForkJoinPool.commonPool-worker-1] INFO  impl.RoleInfo (RoleInfo.java:shutdownLeaderState(104)) - 0d880a52-66cc-417f-8cd7-70609a5fbfa8: shutdown LeaderState
2019-09-26 10:42:36,393 [main] INFO  impl.RoleInfo (RoleInfo.java:shutdownLeaderState(104)) - 766dc5f6-32d2-4403-bd57-0044e97b5c0e: shutdown LeaderState
2019-09-26 10:42:36,393 [ForkJoinPool.commonPool-worker-1] INFO  impl.PendingRequests (PendingRequests.java:sendNotLeaderResponses(202)) - 0d880a52-66cc-417f-8cd7-70609a5fbfa8-PendingRequests: sendNotLeaderResponses
2019-09-26 10:42:36,394 [main] INFO  impl.PendingRequests (PendingRequests.java:sendNotLeaderResponses(202)) - 766dc5f6-32d2-4403-bd57-0044e97b5c0e-PendingRequests: sendNotLeaderResponses
2019-09-26 10:42:36,394 [ForkJoinPool.commonPool-worker-1] INFO  impl.StateMachineUpdater (StateMachineUpdater.java:stopAndJoin(125)) - 0d880a52-66cc-417f-8cd7-70609a5fbfa8@group-7338E56F94FC-StateMachineUpdater: set stopIndex = 0
2019-09-26 10:42:36,395 [ForkJoinPool.commonPool-worker-1] INFO  impl.RaftServerImpl (ServerState.java:close(385)) - 0d880a52-66cc-417f-8cd7-70609a5fbfa8@group-7338E56F94FC: closes. applyIndex: 0
2019-09-26 10:42:36,394 [main] INFO  impl.StateMachineUpdater (StateMachineUpdater.java:stopAndJoin(125)) - 766dc5f6-32d2-4403-bd57-0044e97b5c0e@group-D3E0990F0FAF-StateMachineUpdater: set stopIndex = 0
2019-09-26 10:42:36,396 [main] INFO  impl.RaftServerImpl (ServerState.java:close(385)) - 766dc5f6-32d2-4403-bd57-0044e97b5c0e@group-D3E0990F0FAF: closes. applyIndex: 0
2019-09-26 10:42:36,395 [0d880a52-66cc-417f-8cd7-70609a5fbfa8@group-7338E56F94FC-SegmentedRaftLogWorker] INFO  segmented.SegmentedRaftLogWorker (SegmentedRaftLogWorker.java:run(313)) - 0d880a52-66cc-417f-8cd7-70609a5fbfa8@group-7338E56F94FC-SegmentedRaftLogWorker was interrupted, exiting. There are 0 tasks remaining in the queue.
2019-09-26 10:42:36,396 [766dc5f6-32d2-4403-bd57-0044e97b5c0e@group-D3E0990F0FAF-SegmentedRaftLogWorker] INFO  segmented.SegmentedRaftLogWorker (SegmentedRaftLogWorker.java:run(313)) - 766dc5f6-32d2-4403-bd57-0044e97b5c0e@group-D3E0990F0FAF-SegmentedRaftLogWorker was interrupted, exiting. There are 0 tasks remaining in the queue.
2019-09-26 10:42:36,401 [ForkJoinPool.commonPool-worker-1] INFO  segmented.SegmentedRaftLogWorker (SegmentedRaftLogWorker.java:close(228)) - 0d880a52-66cc-417f-8cd7-70609a5fbfa8@group-7338E56F94FC-SegmentedRaftLogWorker close()
2019-09-26 10:42:36,403 [main] INFO  segmented.SegmentedRaftLogWorker (SegmentedRaftLogWorker.java:close(228)) - 766dc5f6-32d2-4403-bd57-0044e97b5c0e@group-D3E0990F0FAF-SegmentedRaftLogWorker close()
2019-09-26 10:42:36,406 [ForkJoinPool.commonPool-worker-1] INFO  impl.RaftServerImpl (RaftServerImpl.java:lambda$shutdown$3(251)) - 0d880a52-66cc-417f-8cd7-70609a5fbfa8@group-B5D587C24CAB: shutdown
2019-09-26 10:42:36,411 [main] INFO  impl.RaftServerImpl (RaftServerImpl.java:lambda$shutdown$3(251)) - 766dc5f6-32d2-4403-bd57-0044e97b5c0e@group-C2EA07917342: shutdown
2019-09-26 10:42:36,411 [ForkJoinPool.commonPool-worker-1] INFO  util.JmxRegister (JmxRegister.java:unregister(73)) - Successfully un-registered JMX Bean with object name Ratis:service=RaftServer,group=group-B5D587C24CAB,id=0d880a52-66cc-417f-8cd7-70609a5fbfa8
2019-09-26 10:42:36,411 [main] INFO  util.JmxRegister (JmxRegister.java:unregister(73)) - Successfully un-registered JMX Bean with object name Ratis:service=RaftServer,group=group-C2EA07917342,id=766dc5f6-32d2-4403-bd57-0044e97b5c0e
2019-09-26 10:42:36,411 [ForkJoinPool.commonPool-worker-1] INFO  impl.RoleInfo (RoleInfo.java:shutdownLeaderState(104)) - 0d880a52-66cc-417f-8cd7-70609a5fbfa8: shutdown LeaderState
2019-09-26 10:42:36,412 [main] INFO  impl.RoleInfo (RoleInfo.java:shutdownLeaderState(104)) - 766dc5f6-32d2-4403-bd57-0044e97b5c0e: shutdown LeaderState
2019-09-26 10:42:36,412 [ForkJoinPool.commonPool-worker-1] INFO  impl.PendingRequests (PendingRequests.java:sendNotLeaderResponses(202)) - 0d880a52-66cc-417f-8cd7-70609a5fbfa8-PendingRequests: sendNotLeaderResponses
2019-09-26 10:42:36,412 [main] INFO  impl.PendingRequests (PendingRequests.java:sendNotLeaderResponses(202)) - 766dc5f6-32d2-4403-bd57-0044e97b5c0e-PendingRequests: sendNotLeaderResponses
2019-09-26 10:42:36,412 [ForkJoinPool.commonPool-worker-1] INFO  impl.StateMachineUpdater (StateMachineUpdater.java:stopAndJoin(125)) - 0d880a52-66cc-417f-8cd7-70609a5fbfa8@group-B5D587C24CAB-StateMachineUpdater: set stopIndex = 0
2019-09-26 10:42:36,413 [main] INFO  impl.StateMachineUpdater (StateMachineUpdater.java:stopAndJoin(125)) - 766dc5f6-32d2-4403-bd57-0044e97b5c0e@group-C2EA07917342-StateMachineUpdater: set stopIndex = 0
2019-09-26 10:42:36,413 [main] INFO  impl.RaftServerImpl (ServerState.java:close(385)) - 766dc5f6-32d2-4403-bd57-0044e97b5c0e@group-C2EA07917342: closes. applyIndex: 0
2019-09-26 10:42:36,413 [ForkJoinPool.commonPool-worker-1] INFO  impl.RaftServerImpl (ServerState.java:close(385)) - 0d880a52-66cc-417f-8cd7-70609a5fbfa8@group-B5D587C24CAB: closes. applyIndex: 0
2019-09-26 10:42:36,414 [766dc5f6-32d2-4403-bd57-0044e97b5c0e@group-C2EA07917342-SegmentedRaftLogWorker] INFO  segmented.SegmentedRaftLogWorker (SegmentedRaftLogWorker.java:run(313)) - 766dc5f6-32d2-4403-bd57-0044e97b5c0e@group-C2EA07917342-SegmentedRaftLogWorker was interrupted, exiting. There are 0 tasks remaining in the queue.
2019-09-26 10:42:36,415 [0d880a52-66cc-417f-8cd7-70609a5fbfa8@group-B5D587C24CAB-SegmentedRaftLogWorker] INFO  segmented.SegmentedRaftLogWorker (SegmentedRaftLogWorker.java:run(313)) - 0d880a52-66cc-417f-8cd7-70609a5fbfa8@group-B5D587C24CAB-SegmentedRaftLogWorker was interrupted, exiting. There are 0 tasks remaining in the queue.
2019-09-26 10:42:36,417 [main] INFO  segmented.SegmentedRaftLogWorker (SegmentedRaftLogWorker.java:close(228)) - 766dc5f6-32d2-4403-bd57-0044e97b5c0e@group-C2EA07917342-SegmentedRaftLogWorker close()
2019-09-26 10:42:36,420 [ForkJoinPool.commonPool-worker-1] INFO  segmented.SegmentedRaftLogWorker (SegmentedRaftLogWorker.java:close(228)) - 0d880a52-66cc-417f-8cd7-70609a5fbfa8@group-B5D587C24CAB-SegmentedRaftLogWorker close()
2019-09-26 10:42:36,424 [main] INFO  impl.RaftServerImpl (RaftServerImpl.java:lambda$shutdown$3(251)) - 766dc5f6-32d2-4403-bd57-0044e97b5c0e@group-635AE18CAAC2: shutdown
2019-09-26 10:42:36,427 [ForkJoinPool.commonPool-worker-1] INFO  impl.RaftServerImpl (RaftServerImpl.java:lambda$shutdown$3(251)) - 0d880a52-66cc-417f-8cd7-70609a5fbfa8@group-3F8740B32BA4: shutdown
2019-09-26 10:42:36,427 [main] INFO  util.JmxRegister (JmxRegister.java:unregister(73)) - Successfully un-registered JMX Bean with object name Ratis:service=RaftServer,group=group-635AE18CAAC2,id=766dc5f6-32d2-4403-bd57-0044e97b5c0e
2019-09-26 10:42:36,428 [ForkJoinPool.commonPool-worker-1] INFO  util.JmxRegister (JmxRegister.java:unregister(73)) - Successfully un-registered JMX Bean with object name Ratis:service=RaftServer,group=group-3F8740B32BA4,id=0d880a52-66cc-417f-8cd7-70609a5fbfa8
2019-09-26 10:42:36,428 [main] INFO  impl.RoleInfo (RoleInfo.java:shutdownLeaderState(104)) - 766dc5f6-32d2-4403-bd57-0044e97b5c0e: shutdown LeaderState
2019-09-26 10:42:36,428 [ForkJoinPool.commonPool-worker-1] INFO  impl.RoleInfo (RoleInfo.java:shutdownLeaderState(104)) - 0d880a52-66cc-417f-8cd7-70609a5fbfa8: shutdown LeaderState
2019-09-26 10:42:36,428 [main] INFO  impl.PendingRequests (PendingRequests.java:sendNotLeaderResponses(202)) - 766dc5f6-32d2-4403-bd57-0044e97b5c0e-PendingRequests: sendNotLeaderResponses
2019-09-26 10:42:36,429 [ForkJoinPool.commonPool-worker-1] INFO  impl.PendingRequests (PendingRequests.java:sendNotLeaderResponses(202)) - 0d880a52-66cc-417f-8cd7-70609a5fbfa8-PendingRequests: sendNotLeaderResponses
2019-09-26 10:42:36,429 [main] INFO  impl.StateMachineUpdater (StateMachineUpdater.java:stopAndJoin(125)) - 766dc5f6-32d2-4403-bd57-0044e97b5c0e@group-635AE18CAAC2-StateMachineUpdater: set stopIndex = 0
2019-09-26 10:42:36,429 [ForkJoinPool.commonPool-worker-1] INFO  impl.StateMachineUpdater (StateMachineUpdater.java:stopAndJoin(125)) - 0d880a52-66cc-417f-8cd7-70609a5fbfa8@group-3F8740B32BA4-StateMachineUpdater: set stopIndex = 0
2019-09-26 10:42:36,429 [main] INFO  impl.RaftServerImpl (ServerState.java:close(385)) - 766dc5f6-32d2-4403-bd57-0044e97b5c0e@group-635AE18CAAC2: closes. applyIndex: 0
2019-09-26 10:42:36,430 [766dc5f6-32d2-4403-bd57-0044e97b5c0e@group-635AE18CAAC2-SegmentedRaftLogWorker] INFO  segmented.SegmentedRaftLogWorker (SegmentedRaftLogWorker.java:run(313)) - 766dc5f6-32d2-4403-bd57-0044e97b5c0e@group-635AE18CAAC2-SegmentedRaftLogWorker was interrupted, exiting. There are 0 tasks remaining in the queue.
2019-09-26 10:42:36,430 [ForkJoinPool.commonPool-worker-1] INFO  impl.RaftServerImpl (ServerState.java:close(385)) - 0d880a52-66cc-417f-8cd7-70609a5fbfa8@group-3F8740B32BA4: closes. applyIndex: 0
2019-09-26 10:42:36,433 [main] INFO  segmented.SegmentedRaftLogWorker (SegmentedRaftLogWorker.java:close(228)) - 766dc5f6-32d2-4403-bd57-0044e97b5c0e@group-635AE18CAAC2-SegmentedRaftLogWorker close()
2019-09-26 10:42:36,433 [0d880a52-66cc-417f-8cd7-70609a5fbfa8@group-3F8740B32BA4-SegmentedRaftLogWorker] INFO  segmented.SegmentedRaftLogWorker (SegmentedRaftLogWorker.java:run(313)) - 0d880a52-66cc-417f-8cd7-70609a5fbfa8@group-3F8740B32BA4-SegmentedRaftLogWorker was interrupted, exiting. There are 0 tasks remaining in the queue.
2019-09-26 10:42:36,436 [main] INFO  impl.RaftServerImpl (RaftServerImpl.java:lambda$shutdown$3(251)) - 766dc5f6-32d2-4403-bd57-0044e97b5c0e@group-7AFF37BE0272: shutdown
2019-09-26 10:42:36,443 [ForkJoinPool.commonPool-worker-1] INFO  segmented.SegmentedRaftLogWorker (SegmentedRaftLogWorker.java:close(228)) - 0d880a52-66cc-417f-8cd7-70609a5fbfa8@group-3F8740B32BA4-SegmentedRaftLogWorker close()
2019-09-26 10:42:36,444 [main] INFO  util.JmxRegister (JmxRegister.java:unregister(73)) - Successfully un-registered JMX Bean with object name Ratis:service=RaftServer,group=group-7AFF37BE0272,id=766dc5f6-32d2-4403-bd57-0044e97b5c0e
2019-09-26 10:42:36,449 [ForkJoinPool.commonPool-worker-1] INFO  impl.RaftServerImpl (RaftServerImpl.java:lambda$shutdown$3(251)) - 0d880a52-66cc-417f-8cd7-70609a5fbfa8@group-8BAE5A25C3E4: shutdown
2019-09-26 10:42:36,449 [main] INFO  impl.RoleInfo (RoleInfo.java:shutdownLeaderState(104)) - 766dc5f6-32d2-4403-bd57-0044e97b5c0e: shutdown LeaderState
2019-09-26 10:42:36,450 [ForkJoinPool.commonPool-worker-1] INFO  util.JmxRegister (JmxRegister.java:unregister(73)) - Successfully un-registered JMX Bean with object name Ratis:service=RaftServer,group=group-8BAE5A25C3E4,id=0d880a52-66cc-417f-8cd7-70609a5fbfa8
2019-09-26 10:42:36,450 [main] INFO  impl.PendingRequests (PendingRequests.java:sendNotLeaderResponses(202)) - 766dc5f6-32d2-4403-bd57-0044e97b5c0e-PendingRequests: sendNotLeaderResponses
2019-09-26 10:42:36,450 [ForkJoinPool.commonPool-worker-1] INFO  impl.RoleInfo (RoleInfo.java:shutdownLeaderState(104)) - 0d880a52-66cc-417f-8cd7-70609a5fbfa8: shutdown LeaderState
2019-09-26 10:42:36,451 [main] INFO  impl.StateMachineUpdater (StateMachineUpdater.java:stopAndJoin(125)) - 766dc5f6-32d2-4403-bd57-0044e97b5c0e@group-7AFF37BE0272-StateMachineUpdater: set stopIndex = 0
2019-09-26 10:42:36,451 [main] INFO  impl.RaftServerImpl (ServerState.java:close(385)) - 766dc5f6-32d2-4403-bd57-0044e97b5c0e@group-7AFF37BE0272: closes. applyIndex: 0
2019-09-26 10:42:36,451 [ForkJoinPool.commonPool-worker-1] INFO  impl.PendingRequests (PendingRequests.java:sendNotLeaderResponses(202)) - 0d880a52-66cc-417f-8cd7-70609a5fbfa8-PendingRequests: sendNotLeaderResponses
2019-09-26 10:42:36,451 [766dc5f6-32d2-4403-bd57-0044e97b5c0e@group-7AFF37BE0272-SegmentedRaftLogWorker] INFO  segmented.SegmentedRaftLogWorker (SegmentedRaftLogWorker.java:run(313)) - 766dc5f6-32d2-4403-bd57-0044e97b5c0e@group-7AFF37BE0272-SegmentedRaftLogWorker was interrupted, exiting. There are 0 tasks remaining in the queue.
2019-09-26 10:42:36,452 [ForkJoinPool.commonPool-worker-1] INFO  impl.StateMachineUpdater (StateMachineUpdater.java:stopAndJoin(125)) - 0d880a52-66cc-417f-8cd7-70609a5fbfa8@group-8BAE5A25C3E4-StateMachineUpdater: set stopIndex = 0
2019-09-26 10:42:36,452 [main] INFO  segmented.SegmentedRaftLogWorker (SegmentedRaftLogWorker.java:close(228)) - 766dc5f6-32d2-4403-bd57-0044e97b5c0e@group-7AFF37BE0272-SegmentedRaftLogWorker close()
2019-09-26 10:42:36,452 [ForkJoinPool.commonPool-worker-1] INFO  impl.RaftServerImpl (ServerState.java:close(385)) - 0d880a52-66cc-417f-8cd7-70609a5fbfa8@group-8BAE5A25C3E4: closes. applyIndex: 0
2019-09-26 10:42:36,454 [0d880a52-66cc-417f-8cd7-70609a5fbfa8@group-8BAE5A25C3E4-SegmentedRaftLogWorker] INFO  segmented.SegmentedRaftLogWorker (SegmentedRaftLogWorker.java:run(313)) - 0d880a52-66cc-417f-8cd7-70609a5fbfa8@group-8BAE5A25C3E4-SegmentedRaftLogWorker was interrupted, exiting. There are 0 tasks remaining in the queue.
2019-09-26 10:42:36,454 [ForkJoinPool.commonPool-worker-1] INFO  segmented.SegmentedRaftLogWorker (SegmentedRaftLogWorker.java:close(228)) - 0d880a52-66cc-417f-8cd7-70609a5fbfa8@group-8BAE5A25C3E4-SegmentedRaftLogWorker close()
2019-09-26 10:42:36,454 [main] INFO  server.GrpcService (GrpcService.java:closeImpl(164)) - 766dc5f6-32d2-4403-bd57-0044e97b5c0e: shutdown server with port 45523 now
2019-09-26 10:42:36,456 [ForkJoinPool.commonPool-worker-1] INFO  server.GrpcService (GrpcService.java:closeImpl(164)) - 0d880a52-66cc-417f-8cd7-70609a5fbfa8: shutdown server with port 41237 now
2019-09-26 10:42:36,459 [ForkJoinPool.commonPool-worker-1] INFO  server.GrpcService (GrpcService.java:closeImpl(172)) - 0d880a52-66cc-417f-8cd7-70609a5fbfa8: shutdown server with port 41237 successfully
2019-09-26 10:42:36,460 [main] INFO  server.GrpcService (GrpcService.java:closeImpl(172)) - 766dc5f6-32d2-4403-bd57-0044e97b5c0e: shutdown server with port 45523 successfully
2019-09-26 10:42:36,464 [refreshUsed-/workdir/hadoop-ozone/integration-test/target/test-dir/MiniOzoneClusterImpl-ba83c363-2963-4965-b6c8-e0e7e6227b06/datanode-1/data/containers] WARN  fs.CachingGetSpaceUsed (CachingGetSpaceUsed.java:run(183)) - Thread Interrupted waiting to refresh disk information: sleep interrupted
2019-09-26 10:42:36,470 [refreshUsed-/workdir/hadoop-ozone/integration-test/target/test-dir/MiniOzoneClusterImpl-ba83c363-2963-4965-b6c8-e0e7e6227b06/datanode-3/data/containers] WARN  fs.CachingGetSpaceUsed (CachingGetSpaceUsed.java:run(183)) - Thread Interrupted waiting to refresh disk information: sleep interrupted
2019-09-26 10:42:36,483 [main] INFO  utils.BackgroundService (BackgroundService.java:shutdown(148)) - Shutting down service BlockDeletingService
2019-09-26 10:42:36,487 [main] INFO  statemachine.DatanodeStateMachine (DatanodeStateMachine.java:stopDaemon(395)) - Ozone container server stopped.
2019-09-26 10:42:36,488 [main] INFO  handler.ContextHandler (ContextHandler.java:doStop(910)) - Stopped o.e.j.w.WebAppContext@4e1a46fb{/,null,UNAVAILABLE}{/hddsDatanode}
2019-09-26 10:42:36,489 [main] INFO  server.AbstractConnector (AbstractConnector.java:doStop(318)) - Stopped ServerConnector@69fe0ed4{HTTP/1.1,[http/1.1]}{0.0.0.0:0}
2019-09-26 10:42:36,489 [main] INFO  handler.ContextHandler (ContextHandler.java:doStop(910)) - Stopped o.e.j.s.ServletContextHandler@4ce94d2f{/static,jar:file:/home/user/.m2/repository/org/apache/hadoop/hadoop-hdds-container-service/0.5.0-SNAPSHOT/hadoop-hdds-container-service-0.5.0-SNAPSHOT.jar!/webapps/static,UNAVAILABLE}
2019-09-26 10:42:36,490 [main] INFO  handler.ContextHandler (ContextHandler.java:doStop(910)) - Stopped o.e.j.s.ServletContextHandler@7724704f{/logs,file:///workdir/hadoop-ozone/integration-test/target/log,UNAVAILABLE}
2019-09-26 10:42:36,494 [ForkJoinPool.commonPool-worker-1] INFO  utils.BackgroundService (BackgroundService.java:shutdown(148)) - Shutting down service BlockDeletingService
2019-09-26 10:42:36,497 [ForkJoinPool.commonPool-worker-1] INFO  statemachine.DatanodeStateMachine (DatanodeStateMachine.java:stopDaemon(395)) - Ozone container server stopped.
2019-09-26 10:42:36,501 [ForkJoinPool.commonPool-worker-1] INFO  handler.ContextHandler (ContextHandler.java:doStop(910)) - Stopped o.e.j.w.WebAppContext@4d41ba0f{/,null,UNAVAILABLE}{/hddsDatanode}
2019-09-26 10:42:36,502 [ForkJoinPool.commonPool-worker-1] INFO  server.AbstractConnector (AbstractConnector.java:doStop(318)) - Stopped ServerConnector@3c87e6b7{HTTP/1.1,[http/1.1]}{0.0.0.0:0}
2019-09-26 10:42:36,503 [ForkJoinPool.commonPool-worker-1] INFO  handler.ContextHandler (ContextHandler.java:doStop(910)) - Stopped o.e.j.s.ServletContextHandler@cb7fa71{/static,jar:file:/home/user/.m2/repository/org/apache/hadoop/hadoop-hdds-container-service/0.5.0-SNAPSHOT/hadoop-hdds-container-service-0.5.0-SNAPSHOT.jar!/webapps/static,UNAVAILABLE}
2019-09-26 10:42:36,505 [ForkJoinPool.commonPool-worker-1] INFO  handler.ContextHandler (ContextHandler.java:doStop(910)) - Stopped o.e.j.s.ServletContextHandler@6dfa915a{/logs,file:///workdir/hadoop-ozone/integration-test/target/log,UNAVAILABLE}
2019-09-26 10:42:36,653 [Datanode State Machine Thread - 0] INFO  statemachine.DatanodeStateMachine (DatanodeStateMachine.java:lambda$startDaemon$0(350)) - Ozone container server started.
2019-09-26 10:42:36,917 [Datanode State Machine Thread - 0] INFO  statemachine.DatanodeStateMachine (DatanodeStateMachine.java:lambda$startDaemon$0(350)) - Ozone container server started.
2019-09-26 10:42:41,491 [main] INFO  ozoneimpl.OzoneContainer (OzoneContainer.java:stop(231)) - Attempting to stop container services.
2019-09-26 10:42:41,493 [main] INFO  impl.RaftServerProxy (RaftServerProxy.java:lambda$close$4(314)) - c2a6c9af-68b9-412f-956f-becf7b86d0d9: close
2019-09-26 10:42:41,493 [main] INFO  impl.RaftServerImpl (RaftServerImpl.java:lambda$shutdown$3(251)) - c2a6c9af-68b9-412f-956f-becf7b86d0d9@group-F6084E1495CE: shutdown
2019-09-26 10:42:41,494 [main] INFO  util.JmxRegister (JmxRegister.java:unregister(73)) - Successfully un-registered JMX Bean with object name Ratis:service=RaftServer,group=group-F6084E1495CE,id=c2a6c9af-68b9-412f-956f-becf7b86d0d9
2019-09-26 10:42:41,494 [main] INFO  impl.RoleInfo (RoleInfo.java:shutdownLeaderState(104)) - c2a6c9af-68b9-412f-956f-becf7b86d0d9: shutdown LeaderState
2019-09-26 10:42:41,495 [main] INFO  impl.PendingRequests (PendingRequests.java:sendNotLeaderResponses(202)) - c2a6c9af-68b9-412f-956f-becf7b86d0d9-PendingRequests: sendNotLeaderResponses
2019-09-26 10:42:41,495 [main] INFO  impl.StateMachineUpdater (StateMachineUpdater.java:stopAndJoin(125)) - c2a6c9af-68b9-412f-956f-becf7b86d0d9@group-F6084E1495CE-StateMachineUpdater: set stopIndex = 0
2019-09-26 10:42:41,503 [main] INFO  impl.RaftServerImpl (ServerState.java:close(385)) - c2a6c9af-68b9-412f-956f-becf7b86d0d9@group-F6084E1495CE: closes. applyIndex: 0
2019-09-26 10:42:41,503 [c2a6c9af-68b9-412f-956f-becf7b86d0d9@group-F6084E1495CE-SegmentedRaftLogWorker] INFO  segmented.SegmentedRaftLogWorker (SegmentedRaftLogWorker.java:run(313)) - c2a6c9af-68b9-412f-956f-becf7b86d0d9@group-F6084E1495CE-SegmentedRaftLogWorker was interrupted, exiting. There are 0 tasks remaining in the queue.
2019-09-26 10:42:41,504 [main] INFO  segmented.SegmentedRaftLogWorker (SegmentedRaftLogWorker.java:close(228)) - c2a6c9af-68b9-412f-956f-becf7b86d0d9@group-F6084E1495CE-SegmentedRaftLogWorker close()
2019-09-26 10:42:41,506 [main] INFO  impl.RaftServerImpl (RaftServerImpl.java:lambda$shutdown$3(251)) - c2a6c9af-68b9-412f-956f-becf7b86d0d9@group-D9C6AB40679F: shutdown
2019-09-26 10:42:41,506 [ForkJoinPool.commonPool-worker-1] INFO  ozoneimpl.OzoneContainer (OzoneContainer.java:stop(231)) - Attempting to stop container services.
2019-09-26 10:42:41,506 [main] INFO  util.JmxRegister (JmxRegister.java:unregister(73)) - Successfully un-registered JMX Bean with object name Ratis:service=RaftServer,group=group-D9C6AB40679F,id=c2a6c9af-68b9-412f-956f-becf7b86d0d9
2019-09-26 10:42:41,508 [ForkJoinPool.commonPool-worker-1] INFO  impl.RaftServerProxy (RaftServerProxy.java:lambda$close$4(314)) - ba1aab4d-d107-47a2-be01-d124e86652a2: close
2019-09-26 10:42:41,508 [main] INFO  impl.RoleInfo (RoleInfo.java:shutdownLeaderState(104)) - c2a6c9af-68b9-412f-956f-becf7b86d0d9: shutdown LeaderState
2019-09-26 10:42:41,509 [ForkJoinPool.commonPool-worker-1] INFO  impl.RaftServerImpl (RaftServerImpl.java:lambda$shutdown$3(251)) - ba1aab4d-d107-47a2-be01-d124e86652a2@group-715B94D65B86: shutdown
2019-09-26 10:42:41,509 [main] INFO  impl.PendingRequests (PendingRequests.java:sendNotLeaderResponses(202)) - c2a6c9af-68b9-412f-956f-becf7b86d0d9-PendingRequests: sendNotLeaderResponses
2019-09-26 10:42:41,509 [ForkJoinPool.commonPool-worker-1] INFO  util.JmxRegister (JmxRegister.java:unregister(73)) - Successfully un-registered JMX Bean with object name Ratis:service=RaftServer,group=group-715B94D65B86,id=ba1aab4d-d107-47a2-be01-d124e86652a2
2019-09-26 10:42:41,510 [main] INFO  impl.StateMachineUpdater (StateMachineUpdater.java:stopAndJoin(125)) - c2a6c9af-68b9-412f-956f-becf7b86d0d9@group-D9C6AB40679F-StateMachineUpdater: set stopIndex = 0
2019-09-26 10:42:41,510 [main] INFO  impl.RaftServerImpl (ServerState.java:close(385)) - c2a6c9af-68b9-412f-956f-becf7b86d0d9@group-D9C6AB40679F: closes. applyIndex: 0
2019-09-26 10:42:41,510 [ForkJoinPool.commonPool-worker-1] INFO  impl.RoleInfo (RoleInfo.java:shutdownLeaderState(104)) - ba1aab4d-d107-47a2-be01-d124e86652a2: shutdown LeaderState
2019-09-26 10:42:41,511 [c2a6c9af-68b9-412f-956f-becf7b86d0d9@group-D9C6AB40679F-SegmentedRaftLogWorker] INFO  segmented.SegmentedRaftLogWorker (SegmentedRaftLogWorker.java:run(313)) - c2a6c9af-68b9-412f-956f-becf7b86d0d9@group-D9C6AB40679F-SegmentedRaftLogWorker was interrupted, exiting. There are 0 tasks remaining in the queue.
2019-09-26 10:42:41,511 [ForkJoinPool.commonPool-worker-1] INFO  impl.PendingRequests (PendingRequests.java:sendNotLeaderResponses(202)) - ba1aab4d-d107-47a2-be01-d124e86652a2-PendingRequests: sendNotLeaderResponses
2019-09-26 10:42:41,511 [main] INFO  segmented.SegmentedRaftLogWorker (SegmentedRaftLogWorker.java:close(228)) - c2a6c9af-68b9-412f-956f-becf7b86d0d9@group-D9C6AB40679F-SegmentedRaftLogWorker close()
2019-09-26 10:42:41,512 [ForkJoinPool.commonPool-worker-1] INFO  impl.StateMachineUpdater (StateMachineUpdater.java:stopAndJoin(125)) - ba1aab4d-d107-47a2-be01-d124e86652a2@group-715B94D65B86-StateMachineUpdater: set stopIndex = 0
2019-09-26 10:42:41,514 [main] INFO  impl.RaftServerImpl (RaftServerImpl.java:lambda$shutdown$3(251)) - c2a6c9af-68b9-412f-956f-becf7b86d0d9@group-D3EF103C5854: shutdown
2019-09-26 10:42:41,514 [ForkJoinPool.commonPool-worker-1] INFO  impl.RaftServerImpl (ServerState.java:close(385)) - ba1aab4d-d107-47a2-be01-d124e86652a2@group-715B94D65B86: closes. applyIndex: 0
2019-09-26 10:42:41,515 [main] INFO  util.JmxRegister (JmxRegister.java:unregister(73)) - Successfully un-registered JMX Bean with object name Ratis:service=RaftServer,group=group-D3EF103C5854,id=c2a6c9af-68b9-412f-956f-becf7b86d0d9
2019-09-26 10:42:41,515 [ba1aab4d-d107-47a2-be01-d124e86652a2@group-715B94D65B86-SegmentedRaftLogWorker] INFO  segmented.SegmentedRaftLogWorker (SegmentedRaftLogWorker.java:run(313)) - ba1aab4d-d107-47a2-be01-d124e86652a2@group-715B94D65B86-SegmentedRaftLogWorker was interrupted, exiting. There are 0 tasks remaining in the queue.
2019-09-26 10:42:41,515 [main] INFO  impl.RoleInfo (RoleInfo.java:shutdownLeaderState(104)) - c2a6c9af-68b9-412f-956f-becf7b86d0d9: shutdown LeaderState
2019-09-26 10:42:41,516 [ForkJoinPool.commonPool-worker-1] INFO  segmented.SegmentedRaftLogWorker (SegmentedRaftLogWorker.java:close(228)) - ba1aab4d-d107-47a2-be01-d124e86652a2@group-715B94D65B86-SegmentedRaftLogWorker close()
2019-09-26 10:42:41,516 [main] INFO  impl.PendingRequests (PendingRequests.java:sendNotLeaderResponses(202)) - c2a6c9af-68b9-412f-956f-becf7b86d0d9-PendingRequests: sendNotLeaderResponses
2019-09-26 10:42:41,518 [ForkJoinPool.commonPool-worker-1] INFO  impl.RaftServerImpl (RaftServerImpl.java:lambda$shutdown$3(251)) - ba1aab4d-d107-47a2-be01-d124e86652a2@group-3F3B553BF753: shutdown
2019-09-26 10:42:41,519 [main] INFO  impl.StateMachineUpdater (StateMachineUpdater.java:stopAndJoin(125)) - c2a6c9af-68b9-412f-956f-becf7b86d0d9@group-D3EF103C5854-StateMachineUpdater: set stopIndex = 0
2019-09-26 10:42:41,519 [ForkJoinPool.commonPool-worker-1] INFO  util.JmxRegister (JmxRegister.java:unregister(73)) - Successfully un-registered JMX Bean with object name Ratis:service=RaftServer,group=group-3F3B553BF753,id=ba1aab4d-d107-47a2-be01-d124e86652a2
2019-09-26 10:42:41,519 [main] INFO  impl.RaftServerImpl (ServerState.java:close(385)) - c2a6c9af-68b9-412f-956f-becf7b86d0d9@group-D3EF103C5854: closes. applyIndex: 0
2019-09-26 10:42:41,519 [ForkJoinPool.commonPool-worker-1] INFO  impl.RoleInfo (RoleInfo.java:shutdownLeaderState(104)) - ba1aab4d-d107-47a2-be01-d124e86652a2: shutdown LeaderState
2019-09-26 10:42:41,520 [c2a6c9af-68b9-412f-956f-becf7b86d0d9@group-D3EF103C5854-SegmentedRaftLogWorker] INFO  segmented.SegmentedRaftLogWorker (SegmentedRaftLogWorker.java:run(313)) - c2a6c9af-68b9-412f-956f-becf7b86d0d9@group-D3EF103C5854-SegmentedRaftLogWorker was interrupted, exiting. There are 0 tasks remaining in the queue.
2019-09-26 10:42:41,520 [ForkJoinPool.commonPool-worker-1] INFO  impl.PendingRequests (PendingRequests.java:sendNotLeaderResponses(202)) - ba1aab4d-d107-47a2-be01-d124e86652a2-PendingRequests: sendNotLeaderResponses
2019-09-26 10:42:41,521 [main] INFO  segmented.SegmentedRaftLogWorker (SegmentedRaftLogWorker.java:close(228)) - c2a6c9af-68b9-412f-956f-becf7b86d0d9@group-D3EF103C5854-SegmentedRaftLogWorker close()
2019-09-26 10:42:41,521 [ForkJoinPool.commonPool-worker-1] INFO  impl.StateMachineUpdater (StateMachineUpdater.java:stopAndJoin(125)) - ba1aab4d-d107-47a2-be01-d124e86652a2@group-3F3B553BF753-StateMachineUpdater: set stopIndex = 0
2019-09-26 10:42:41,523 [main] INFO  impl.RaftServerImpl (RaftServerImpl.java:lambda$shutdown$3(251)) - c2a6c9af-68b9-412f-956f-becf7b86d0d9@group-C2E29B127CD4: shutdown
2019-09-26 10:42:41,523 [ForkJoinPool.commonPool-worker-1] INFO  impl.RaftServerImpl (ServerState.java:close(385)) - ba1aab4d-d107-47a2-be01-d124e86652a2@group-3F3B553BF753: closes. applyIndex: 0
2019-09-26 10:42:41,524 [main] INFO  util.JmxRegister (JmxRegister.java:unregister(73)) - Successfully un-registered JMX Bean with object name Ratis:service=RaftServer,group=group-C2E29B127CD4,id=c2a6c9af-68b9-412f-956f-becf7b86d0d9
2019-09-26 10:42:41,524 [ba1aab4d-d107-47a2-be01-d124e86652a2@group-3F3B553BF753-SegmentedRaftLogWorker] INFO  segmented.SegmentedRaftLogWorker (SegmentedRaftLogWorker.java:run(313)) - ba1aab4d-d107-47a2-be01-d124e86652a2@group-3F3B553BF753-SegmentedRaftLogWorker was interrupted, exiting. There are 0 tasks remaining in the queue.
2019-09-26 10:42:41,524 [main] INFO  impl.RoleInfo (RoleInfo.java:shutdownLeaderState(104)) - c2a6c9af-68b9-412f-956f-becf7b86d0d9: shutdown LeaderState
2019-09-26 10:42:41,524 [ForkJoinPool.commonPool-worker-1] INFO  segmented.SegmentedRaftLogWorker (SegmentedRaftLogWorker.java:close(228)) - ba1aab4d-d107-47a2-be01-d124e86652a2@group-3F3B553BF753-SegmentedRaftLogWorker close()
2019-09-26 10:42:41,525 [main] INFO  impl.PendingRequests (PendingRequests.java:sendNotLeaderResponses(202)) - c2a6c9af-68b9-412f-956f-becf7b86d0d9-PendingRequests: sendNotLeaderResponses
2019-09-26 10:42:41,527 [ForkJoinPool.commonPool-worker-1] INFO  impl.RaftServerImpl (RaftServerImpl.java:lambda$shutdown$3(251)) - ba1aab4d-d107-47a2-be01-d124e86652a2@group-3CEF358CDFE6: shutdown
2019-09-26 10:42:41,527 [main] INFO  impl.StateMachineUpdater (StateMachineUpdater.java:stopAndJoin(125)) - c2a6c9af-68b9-412f-956f-becf7b86d0d9@group-C2E29B127CD4-StateMachineUpdater: set stopIndex = 0
2019-09-26 10:42:41,527 [ForkJoinPool.commonPool-worker-1] INFO  util.JmxRegister (JmxRegister.java:unregister(73)) - Successfully un-registered JMX Bean with object name Ratis:service=RaftServer,group=group-3CEF358CDFE6,id=ba1aab4d-d107-47a2-be01-d124e86652a2
2019-09-26 10:42:41,528 [main] INFO  impl.RaftServerImpl (ServerState.java:close(385)) - c2a6c9af-68b9-412f-956f-becf7b86d0d9@group-C2E29B127CD4: closes. applyIndex: 0
2019-09-26 10:42:41,528 [ForkJoinPool.commonPool-worker-1] INFO  impl.RoleInfo (RoleInfo.java:shutdownLeaderState(104)) - ba1aab4d-d107-47a2-be01-d124e86652a2: shutdown LeaderState
2019-09-26 10:42:41,528 [c2a6c9af-68b9-412f-956f-becf7b86d0d9@group-C2E29B127CD4-SegmentedRaftLogWorker] INFO  segmented.SegmentedRaftLogWorker (SegmentedRaftLogWorker.java:run(313)) - c2a6c9af-68b9-412f-956f-becf7b86d0d9@group-C2E29B127CD4-SegmentedRaftLogWorker was interrupted, exiting. There are 0 tasks remaining in the queue.
2019-09-26 10:42:41,529 [ForkJoinPool.commonPool-worker-1] INFO  impl.PendingRequests (PendingRequests.java:sendNotLeaderResponses(202)) - ba1aab4d-d107-47a2-be01-d124e86652a2-PendingRequests: sendNotLeaderResponses
2019-09-26 10:42:41,529 [main] INFO  segmented.SegmentedRaftLogWorker (SegmentedRaftLogWorker.java:close(228)) - c2a6c9af-68b9-412f-956f-becf7b86d0d9@group-C2E29B127CD4-SegmentedRaftLogWorker close()
2019-09-26 10:42:41,529 [ForkJoinPool.commonPool-worker-1] INFO  impl.StateMachineUpdater (StateMachineUpdater.java:stopAndJoin(125)) - ba1aab4d-d107-47a2-be01-d124e86652a2@group-3CEF358CDFE6-StateMachineUpdater: set stopIndex = 0
2019-09-26 10:42:41,531 [main] INFO  impl.RaftServerImpl (RaftServerImpl.java:lambda$shutdown$3(251)) - c2a6c9af-68b9-412f-956f-becf7b86d0d9@group-0B572493D5D2: shutdown
2019-09-26 10:42:41,531 [ForkJoinPool.commonPool-worker-1] INFO  impl.RaftServerImpl (ServerState.java:close(385)) - ba1aab4d-d107-47a2-be01-d124e86652a2@group-3CEF358CDFE6: closes. applyIndex: 0
2019-09-26 10:42:41,532 [main] INFO  util.JmxRegister (JmxRegister.java:unregister(73)) - Successfully un-registered JMX Bean with object name Ratis:service=RaftServer,group=group-0B572493D5D2,id=c2a6c9af-68b9-412f-956f-becf7b86d0d9
2019-09-26 10:42:41,532 [main] INFO  impl.RoleInfo (RoleInfo.java:shutdownLeaderState(104)) - c2a6c9af-68b9-412f-956f-becf7b86d0d9: shutdown LeaderState
2019-09-26 10:42:41,532 [ba1aab4d-d107-47a2-be01-d124e86652a2@group-3CEF358CDFE6-SegmentedRaftLogWorker] INFO  segmented.SegmentedRaftLogWorker (SegmentedRaftLogWorker.java:run(313)) - ba1aab4d-d107-47a2-be01-d124e86652a2@group-3CEF358CDFE6-SegmentedRaftLogWorker was interrupted, exiting. There are 0 tasks remaining in the queue.
2019-09-26 10:42:41,533 [main] INFO  impl.PendingRequests (PendingRequests.java:sendNotLeaderResponses(202)) - c2a6c9af-68b9-412f-956f-becf7b86d0d9-PendingRequests: sendNotLeaderResponses
2019-09-26 10:42:41,533 [ForkJoinPool.commonPool-worker-1] INFO  segmented.SegmentedRaftLogWorker (SegmentedRaftLogWorker.java:close(228)) - ba1aab4d-d107-47a2-be01-d124e86652a2@group-3CEF358CDFE6-SegmentedRaftLogWorker close()
2019-09-26 10:42:41,534 [main] INFO  impl.StateMachineUpdater (StateMachineUpdater.java:stopAndJoin(125)) - c2a6c9af-68b9-412f-956f-becf7b86d0d9@group-0B572493D5D2-StateMachineUpdater: set stopIndex = 0
2019-09-26 10:42:41,535 [ForkJoinPool.commonPool-worker-1] INFO  impl.RaftServerImpl (RaftServerImpl.java:lambda$shutdown$3(251)) - ba1aab4d-d107-47a2-be01-d124e86652a2@group-339405433FF4: shutdown
2019-09-26 10:42:41,536 [main] INFO  impl.RaftServerImpl (ServerState.java:close(385)) - c2a6c9af-68b9-412f-956f-becf7b86d0d9@group-0B572493D5D2: closes. applyIndex: 0
2019-09-26 10:42:41,536 [ForkJoinPool.commonPool-worker-1] INFO  util.JmxRegister (JmxRegister.java:unregister(73)) - Successfully un-registered JMX Bean with object name Ratis:service=RaftServer,group=group-339405433FF4,id=ba1aab4d-d107-47a2-be01-d124e86652a2
2019-09-26 10:42:41,537 [c2a6c9af-68b9-412f-956f-becf7b86d0d9@group-0B572493D5D2-SegmentedRaftLogWorker] INFO  segmented.SegmentedRaftLogWorker (SegmentedRaftLogWorker.java:run(313)) - c2a6c9af-68b9-412f-956f-becf7b86d0d9@group-0B572493D5D2-SegmentedRaftLogWorker was interrupted, exiting. There are 0 tasks remaining in the queue.
2019-09-26 10:42:41,537 [ForkJoinPool.commonPool-worker-1] INFO  impl.RoleInfo (RoleInfo.java:shutdownLeaderState(104)) - ba1aab4d-d107-47a2-be01-d124e86652a2: shutdown LeaderState
2019-09-26 10:42:41,537 [main] INFO  segmented.SegmentedRaftLogWorker (SegmentedRaftLogWorker.java:close(228)) - c2a6c9af-68b9-412f-956f-becf7b86d0d9@group-0B572493D5D2-SegmentedRaftLogWorker close()
2019-09-26 10:42:41,537 [ForkJoinPool.commonPool-worker-1] INFO  impl.PendingRequests (PendingRequests.java:sendNotLeaderResponses(202)) - ba1aab4d-d107-47a2-be01-d124e86652a2-PendingRequests: sendNotLeaderResponses
2019-09-26 10:42:41,543 [main] INFO  impl.RaftServerImpl (RaftServerImpl.java:lambda$shutdown$3(251)) - c2a6c9af-68b9-412f-956f-becf7b86d0d9@group-6E2E59E404EF: shutdown
2019-09-26 10:42:41,544 [ForkJoinPool.commonPool-worker-1] INFO  impl.StateMachineUpdater (StateMachineUpdater.java:stopAndJoin(125)) - ba1aab4d-d107-47a2-be01-d124e86652a2@group-339405433FF4-StateMachineUpdater: set stopIndex = 0
2019-09-26 10:42:41,544 [main] INFO  util.JmxRegister (JmxRegister.java:unregister(73)) - Successfully un-registered JMX Bean with object name Ratis:service=RaftServer,group=group-6E2E59E404EF,id=c2a6c9af-68b9-412f-956f-becf7b86d0d9
2019-09-26 10:42:41,544 [ForkJoinPool.commonPool-worker-1] INFO  impl.RaftServerImpl (ServerState.java:close(385)) - ba1aab4d-d107-47a2-be01-d124e86652a2@group-339405433FF4: closes. applyIndex: 0
2019-09-26 10:42:41,544 [main] INFO  impl.RoleInfo (RoleInfo.java:shutdownLeaderState(104)) - c2a6c9af-68b9-412f-956f-becf7b86d0d9: shutdown LeaderState
2019-09-26 10:42:41,545 [ba1aab4d-d107-47a2-be01-d124e86652a2@group-339405433FF4-SegmentedRaftLogWorker] INFO  segmented.SegmentedRaftLogWorker (SegmentedRaftLogWorker.java:run(313)) - ba1aab4d-d107-47a2-be01-d124e86652a2@group-339405433FF4-SegmentedRaftLogWorker was interrupted, exiting. There are 0 tasks remaining in the queue.
2019-09-26 10:42:41,545 [main] INFO  impl.PendingRequests (PendingRequests.java:sendNotLeaderResponses(202)) - c2a6c9af-68b9-412f-956f-becf7b86d0d9-PendingRequests: sendNotLeaderResponses
2019-09-26 10:42:41,545 [ForkJoinPool.commonPool-worker-1] INFO  segmented.SegmentedRaftLogWorker (SegmentedRaftLogWorker.java:close(228)) - ba1aab4d-d107-47a2-be01-d124e86652a2@group-339405433FF4-SegmentedRaftLogWorker close()
2019-09-26 10:42:41,546 [main] INFO  impl.StateMachineUpdater (StateMachineUpdater.java:stopAndJoin(125)) - c2a6c9af-68b9-412f-956f-becf7b86d0d9@group-6E2E59E404EF-StateMachineUpdater: set stopIndex = 0
2019-09-26 10:42:41,546 [ForkJoinPool.commonPool-worker-1] INFO  impl.RaftServerImpl (RaftServerImpl.java:lambda$shutdown$3(251)) - ba1aab4d-d107-47a2-be01-d124e86652a2@group-16E5272CD23D: shutdown
2019-09-26 10:42:41,546 [main] INFO  impl.RaftServerImpl (ServerState.java:close(385)) - c2a6c9af-68b9-412f-956f-becf7b86d0d9@group-6E2E59E404EF: closes. applyIndex: 0
2019-09-26 10:42:41,546 [ForkJoinPool.commonPool-worker-1] INFO  util.JmxRegister (JmxRegister.java:unregister(73)) - Successfully un-registered JMX Bean with object name Ratis:service=RaftServer,group=group-16E5272CD23D,id=ba1aab4d-d107-47a2-be01-d124e86652a2
2019-09-26 10:42:41,547 [c2a6c9af-68b9-412f-956f-becf7b86d0d9@group-6E2E59E404EF-SegmentedRaftLogWorker] INFO  segmented.SegmentedRaftLogWorker (SegmentedRaftLogWorker.java:run(313)) - c2a6c9af-68b9-412f-956f-becf7b86d0d9@group-6E2E59E404EF-SegmentedRaftLogWorker was interrupted, exiting. There are 0 tasks remaining in the queue.
2019-09-26 10:42:41,547 [ForkJoinPool.commonPool-worker-1] INFO  impl.RoleInfo (RoleInfo.java:shutdownLeaderState(104)) - ba1aab4d-d107-47a2-be01-d124e86652a2: shutdown LeaderState
2019-09-26 10:42:41,547 [main] INFO  segmented.SegmentedRaftLogWorker (SegmentedRaftLogWorker.java:close(228)) - c2a6c9af-68b9-412f-956f-becf7b86d0d9@group-6E2E59E404EF-SegmentedRaftLogWorker close()
2019-09-26 10:42:41,547 [ForkJoinPool.commonPool-worker-1] INFO  impl.PendingRequests (PendingRequests.java:sendNotLeaderResponses(202)) - ba1aab4d-d107-47a2-be01-d124e86652a2-PendingRequests: sendNotLeaderResponses
2019-09-26 10:42:41,548 [main] INFO  server.GrpcService (GrpcService.java:closeImpl(164)) - c2a6c9af-68b9-412f-956f-becf7b86d0d9: shutdown server with port 40379 now
2019-09-26 10:42:41,548 [ForkJoinPool.commonPool-worker-1] INFO  impl.StateMachineUpdater (StateMachineUpdater.java:stopAndJoin(125)) - ba1aab4d-d107-47a2-be01-d124e86652a2@group-16E5272CD23D-StateMachineUpdater: set stopIndex = 0
2019-09-26 10:42:41,550 [ForkJoinPool.commonPool-worker-1] INFO  impl.RaftServerImpl (ServerState.java:close(385)) - ba1aab4d-d107-47a2-be01-d124e86652a2@group-16E5272CD23D: closes. applyIndex: 0
2019-09-26 10:42:41,550 [main] INFO  server.GrpcService (GrpcService.java:closeImpl(172)) - c2a6c9af-68b9-412f-956f-becf7b86d0d9: shutdown server with port 40379 successfully
2019-09-26 10:42:41,551 [ba1aab4d-d107-47a2-be01-d124e86652a2@group-16E5272CD23D-SegmentedRaftLogWorker] INFO  segmented.SegmentedRaftLogWorker (SegmentedRaftLogWorker.java:run(313)) - ba1aab4d-d107-47a2-be01-d124e86652a2@group-16E5272CD23D-SegmentedRaftLogWorker was interrupted, exiting. There are 0 tasks remaining in the queue.
2019-09-26 10:42:41,551 [ForkJoinPool.commonPool-worker-1] INFO  segmented.SegmentedRaftLogWorker (SegmentedRaftLogWorker.java:close(228)) - ba1aab4d-d107-47a2-be01-d124e86652a2@group-16E5272CD23D-SegmentedRaftLogWorker close()
2019-09-26 10:42:41,552 [ForkJoinPool.commonPool-worker-1] INFO  impl.RaftServerImpl (RaftServerImpl.java:lambda$shutdown$3(251)) - ba1aab4d-d107-47a2-be01-d124e86652a2@group-F81AEFC9A1E4: shutdown
2019-09-26 10:42:41,552 [ForkJoinPool.commonPool-worker-1] INFO  util.JmxRegister (JmxRegister.java:unregister(73)) - Successfully un-registered JMX Bean with object name Ratis:service=RaftServer,group=group-F81AEFC9A1E4,id=ba1aab4d-d107-47a2-be01-d124e86652a2
2019-09-26 10:42:41,552 [ForkJoinPool.commonPool-worker-1] INFO  impl.RoleInfo (RoleInfo.java:shutdownLeaderState(104)) - ba1aab4d-d107-47a2-be01-d124e86652a2: shutdown LeaderState
2019-09-26 10:42:41,552 [ForkJoinPool.commonPool-worker-1] INFO  impl.PendingRequests (PendingRequests.java:sendNotLeaderResponses(202)) - ba1aab4d-d107-47a2-be01-d124e86652a2-PendingRequests: sendNotLeaderResponses
2019-09-26 10:42:41,553 [refreshUsed-/workdir/hadoop-ozone/integration-test/target/test-dir/MiniOzoneClusterImpl-ba83c363-2963-4965-b6c8-e0e7e6227b06/datanode-5/data/containers] WARN  fs.CachingGetSpaceUsed (CachingGetSpaceUsed.java:run(183)) - Thread Interrupted waiting to refresh disk information: sleep interrupted
2019-09-26 10:42:41,553 [ForkJoinPool.commonPool-worker-1] INFO  impl.StateMachineUpdater (StateMachineUpdater.java:stopAndJoin(125)) - ba1aab4d-d107-47a2-be01-d124e86652a2@group-F81AEFC9A1E4-StateMachineUpdater: set stopIndex = 0
2019-09-26 10:42:41,553 [ForkJoinPool.commonPool-worker-1] INFO  impl.RaftServerImpl (ServerState.java:close(385)) - ba1aab4d-d107-47a2-be01-d124e86652a2@group-F81AEFC9A1E4: closes. applyIndex: 0
2019-09-26 10:42:41,554 [ba1aab4d-d107-47a2-be01-d124e86652a2@group-F81AEFC9A1E4-SegmentedRaftLogWorker] INFO  segmented.SegmentedRaftLogWorker (SegmentedRaftLogWorker.java:run(313)) - ba1aab4d-d107-47a2-be01-d124e86652a2@group-F81AEFC9A1E4-SegmentedRaftLogWorker was interrupted, exiting. There are 0 tasks remaining in the queue.
2019-09-26 10:42:41,554 [ForkJoinPool.commonPool-worker-1] INFO  segmented.SegmentedRaftLogWorker (SegmentedRaftLogWorker.java:close(228)) - ba1aab4d-d107-47a2-be01-d124e86652a2@group-F81AEFC9A1E4-SegmentedRaftLogWorker close()
2019-09-26 10:42:41,554 [ForkJoinPool.commonPool-worker-1] INFO  server.GrpcService (GrpcService.java:closeImpl(164)) - ba1aab4d-d107-47a2-be01-d124e86652a2: shutdown server with port 41615 now
2019-09-26 10:42:41,556 [ForkJoinPool.commonPool-worker-1] INFO  server.GrpcService (GrpcService.java:closeImpl(172)) - ba1aab4d-d107-47a2-be01-d124e86652a2: shutdown server with port 41615 successfully
2019-09-26 10:42:41,558 [refreshUsed-/workdir/hadoop-ozone/integration-test/target/test-dir/MiniOzoneClusterImpl-ba83c363-2963-4965-b6c8-e0e7e6227b06/datanode-2/data/containers] WARN  fs.CachingGetSpaceUsed (CachingGetSpaceUsed.java:run(183)) - Thread Interrupted waiting to refresh disk information: sleep interrupted
2019-09-26 10:42:41,579 [main] INFO  utils.BackgroundService (BackgroundService.java:shutdown(148)) - Shutting down service BlockDeletingService
2019-09-26 10:42:41,583 [main] INFO  statemachine.DatanodeStateMachine (DatanodeStateMachine.java:stopDaemon(395)) - Ozone container server stopped.
2019-09-26 10:42:41,584 [main] INFO  handler.ContextHandler (ContextHandler.java:doStop(910)) - Stopped o.e.j.w.WebAppContext@26586b74{/,null,UNAVAILABLE}{/hddsDatanode}
2019-09-26 10:42:41,585 [main] INFO  server.AbstractConnector (AbstractConnector.java:doStop(318)) - Stopped ServerConnector@52f57666{HTTP/1.1,[http/1.1]}{0.0.0.0:0}
2019-09-26 10:42:41,586 [main] INFO  handler.ContextHandler (ContextHandler.java:doStop(910)) - Stopped o.e.j.s.ServletContextHandler@41294371{/static,jar:file:/home/user/.m2/repository/org/apache/hadoop/hadoop-hdds-container-service/0.5.0-SNAPSHOT/hadoop-hdds-container-service-0.5.0-SNAPSHOT.jar!/webapps/static,UNAVAILABLE}
2019-09-26 10:42:41,586 [main] INFO  handler.ContextHandler (ContextHandler.java:doStop(910)) - Stopped o.e.j.s.ServletContextHandler@5f481b73{/logs,file:///workdir/hadoop-ozone/integration-test/target/log,UNAVAILABLE}
2019-09-26 10:42:41,590 [ForkJoinPool.commonPool-worker-1] INFO  utils.BackgroundService (BackgroundService.java:shutdown(148)) - Shutting down service BlockDeletingService
2019-09-26 10:42:41,594 [ForkJoinPool.commonPool-worker-1] INFO  statemachine.DatanodeStateMachine (DatanodeStateMachine.java:stopDaemon(395)) - Ozone container server stopped.
2019-09-26 10:42:41,598 [ForkJoinPool.commonPool-worker-1] INFO  handler.ContextHandler (ContextHandler.java:doStop(910)) - Stopped o.e.j.w.WebAppContext@6dcc40f5{/,null,UNAVAILABLE}{/hddsDatanode}
2019-09-26 10:42:41,599 [ForkJoinPool.commonPool-worker-1] INFO  server.AbstractConnector (AbstractConnector.java:doStop(318)) - Stopped ServerConnector@2b680207{HTTP/1.1,[http/1.1]}{0.0.0.0:0}
2019-09-26 10:42:41,600 [ForkJoinPool.commonPool-worker-1] INFO  handler.ContextHandler (ContextHandler.java:doStop(910)) - Stopped o.e.j.s.ServletContextHandler@5f0f9947{/static,jar:file:/home/user/.m2/repository/org/apache/hadoop/hadoop-hdds-container-service/0.5.0-SNAPSHOT/hadoop-hdds-container-service-0.5.0-SNAPSHOT.jar!/webapps/static,UNAVAILABLE}
2019-09-26 10:42:41,602 [ForkJoinPool.commonPool-worker-1] INFO  handler.ContextHandler (ContextHandler.java:doStop(910)) - Stopped o.e.j.s.ServletContextHandler@522bf64e{/logs,file:///workdir/hadoop-ozone/integration-test/target/log,UNAVAILABLE}
2019-09-26 10:42:41,832 [Datanode State Machine Thread - 0] INFO  statemachine.DatanodeStateMachine (DatanodeStateMachine.java:lambda$startDaemon$0(350)) - Ozone container server started.
2019-09-26 10:42:42,532 [Datanode State Machine Thread - 0] INFO  statemachine.DatanodeStateMachine (DatanodeStateMachine.java:lambda$startDaemon$0(350)) - Ozone container server started.
2019-09-26 10:42:46,588 [main] INFO  ozoneimpl.OzoneContainer (OzoneContainer.java:stop(231)) - Attempting to stop container services.
2019-09-26 10:42:46,589 [main] INFO  impl.RaftServerProxy (RaftServerProxy.java:lambda$close$4(314)) - b39f15a2-ed1b-46ef-9b39-c0ba6a9718b6: close
2019-09-26 10:42:46,589 [main] INFO  impl.RaftServerImpl (RaftServerImpl.java:lambda$shutdown$3(251)) - b39f15a2-ed1b-46ef-9b39-c0ba6a9718b6@group-0F5A477FBFD7: shutdown
2019-09-26 10:42:46,590 [main] INFO  util.JmxRegister (JmxRegister.java:unregister(73)) - Successfully un-registered JMX Bean with object name Ratis:service=RaftServer,group=group-0F5A477FBFD7,id=b39f15a2-ed1b-46ef-9b39-c0ba6a9718b6
2019-09-26 10:42:46,590 [main] INFO  impl.RoleInfo (RoleInfo.java:shutdownLeaderState(104)) - b39f15a2-ed1b-46ef-9b39-c0ba6a9718b6: shutdown LeaderState
2019-09-26 10:42:46,590 [main] INFO  impl.PendingRequests (PendingRequests.java:sendNotLeaderResponses(202)) - b39f15a2-ed1b-46ef-9b39-c0ba6a9718b6-PendingRequests: sendNotLeaderResponses
2019-09-26 10:42:46,591 [main] INFO  impl.StateMachineUpdater (StateMachineUpdater.java:stopAndJoin(125)) - b39f15a2-ed1b-46ef-9b39-c0ba6a9718b6@group-0F5A477FBFD7-StateMachineUpdater: set stopIndex = 0
2019-09-26 10:42:46,591 [main] INFO  impl.RaftServerImpl (ServerState.java:close(385)) - b39f15a2-ed1b-46ef-9b39-c0ba6a9718b6@group-0F5A477FBFD7: closes. applyIndex: 0
2019-09-26 10:42:46,592 [b39f15a2-ed1b-46ef-9b39-c0ba6a9718b6@group-0F5A477FBFD7-SegmentedRaftLogWorker] INFO  segmented.SegmentedRaftLogWorker (SegmentedRaftLogWorker.java:run(313)) - b39f15a2-ed1b-46ef-9b39-c0ba6a9718b6@group-0F5A477FBFD7-SegmentedRaftLogWorker was interrupted, exiting. There are 0 tasks remaining in the queue.
2019-09-26 10:42:46,593 [main] INFO  segmented.SegmentedRaftLogWorker (SegmentedRaftLogWorker.java:close(228)) - b39f15a2-ed1b-46ef-9b39-c0ba6a9718b6@group-0F5A477FBFD7-SegmentedRaftLogWorker close()
2019-09-26 10:42:46,593 [main] INFO  impl.RaftServerImpl (RaftServerImpl.java:lambda$shutdown$3(251)) - b39f15a2-ed1b-46ef-9b39-c0ba6a9718b6@group-4544BE116079: shutdown
2019-09-26 10:42:46,594 [main] INFO  util.JmxRegister (JmxRegister.java:unregister(73)) - Successfully un-registered JMX Bean with object name Ratis:service=RaftServer,group=group-4544BE116079,id=b39f15a2-ed1b-46ef-9b39-c0ba6a9718b6
2019-09-26 10:42:46,594 [main] INFO  impl.RoleInfo (RoleInfo.java:shutdownLeaderState(104)) - b39f15a2-ed1b-46ef-9b39-c0ba6a9718b6: shutdown LeaderState
2019-09-26 10:42:46,595 [main] INFO  impl.PendingRequests (PendingRequests.java:sendNotLeaderResponses(202)) - b39f15a2-ed1b-46ef-9b39-c0ba6a9718b6-PendingRequests: sendNotLeaderResponses
2019-09-26 10:42:46,595 [main] INFO  impl.StateMachineUpdater (StateMachineUpdater.java:stopAndJoin(125)) - b39f15a2-ed1b-46ef-9b39-c0ba6a9718b6@group-4544BE116079-StateMachineUpdater: set stopIndex = 0
2019-09-26 10:42:46,596 [main] INFO  impl.RaftServerImpl (ServerState.java:close(385)) - b39f15a2-ed1b-46ef-9b39-c0ba6a9718b6@group-4544BE116079: closes. applyIndex: 0
2019-09-26 10:42:46,596 [b39f15a2-ed1b-46ef-9b39-c0ba6a9718b6@group-4544BE116079-SegmentedRaftLogWorker] INFO  segmented.SegmentedRaftLogWorker (SegmentedRaftLogWorker.java:run(313)) - b39f15a2-ed1b-46ef-9b39-c0ba6a9718b6@group-4544BE116079-SegmentedRaftLogWorker was interrupted, exiting. There are 0 tasks remaining in the queue.
2019-09-26 10:42:46,603 [ForkJoinPool.commonPool-worker-1] INFO  ozoneimpl.OzoneContainer (OzoneContainer.java:stop(231)) - Attempting to stop container services.
2019-09-26 10:42:46,603 [ForkJoinPool.commonPool-worker-1] INFO  impl.RaftServerProxy (RaftServerProxy.java:lambda$close$4(314)) - 28e56f19-9e9b-470a-a4d9-0b249a16b927: close
2019-09-26 10:42:46,604 [ForkJoinPool.commonPool-worker-1] INFO  impl.RaftServerImpl (RaftServerImpl.java:lambda$shutdown$3(251)) - 28e56f19-9e9b-470a-a4d9-0b249a16b927@group-9AD856B0CD08: shutdown
2019-09-26 10:42:46,604 [ForkJoinPool.commonPool-worker-1] INFO  util.JmxRegister (JmxRegister.java:unregister(73)) - Successfully un-registered JMX Bean with object name Ratis:service=RaftServer,group=group-9AD856B0CD08,id=28e56f19-9e9b-470a-a4d9-0b249a16b927
2019-09-26 10:42:46,604 [ForkJoinPool.commonPool-worker-1] INFO  impl.RoleInfo (RoleInfo.java:shutdownLeaderState(104)) - 28e56f19-9e9b-470a-a4d9-0b249a16b927: shutdown LeaderState
2019-09-26 10:42:46,605 [ForkJoinPool.commonPool-worker-1] INFO  impl.PendingRequests (PendingRequests.java:sendNotLeaderResponses(202)) - 28e56f19-9e9b-470a-a4d9-0b249a16b927-PendingRequests: sendNotLeaderResponses
2019-09-26 10:42:46,605 [main] INFO  segmented.SegmentedRaftLogWorker (SegmentedRaftLogWorker.java:close(228)) - b39f15a2-ed1b-46ef-9b39-c0ba6a9718b6@group-4544BE116079-SegmentedRaftLogWorker close()
2019-09-26 10:42:46,605 [ForkJoinPool.commonPool-worker-1] INFO  impl.StateMachineUpdater (StateMachineUpdater.java:stopAndJoin(125)) - 28e56f19-9e9b-470a-a4d9-0b249a16b927@group-9AD856B0CD08-StateMachineUpdater: set stopIndex = 0
2019-09-26 10:42:46,606 [main] INFO  impl.RaftServerImpl (RaftServerImpl.java:lambda$shutdown$3(251)) - b39f15a2-ed1b-46ef-9b39-c0ba6a9718b6@group-F022B8DEE155: shutdown
2019-09-26 10:42:46,606 [ForkJoinPool.commonPool-worker-1] INFO  impl.RaftServerImpl (ServerState.java:close(385)) - 28e56f19-9e9b-470a-a4d9-0b249a16b927@group-9AD856B0CD08: closes. applyIndex: 0
2019-09-26 10:42:46,606 [main] INFO  util.JmxRegister (JmxRegister.java:unregister(73)) - Successfully un-registered JMX Bean with object name Ratis:service=RaftServer,group=group-F022B8DEE155,id=b39f15a2-ed1b-46ef-9b39-c0ba6a9718b6
2019-09-26 10:42:46,607 [28e56f19-9e9b-470a-a4d9-0b249a16b927@group-9AD856B0CD08-SegmentedRaftLogWorker] INFO  segmented.SegmentedRaftLogWorker (SegmentedRaftLogWorker.java:run(313)) - 28e56f19-9e9b-470a-a4d9-0b249a16b927@group-9AD856B0CD08-SegmentedRaftLogWorker was interrupted, exiting. There are 0 tasks remaining in the queue.
2019-09-26 10:42:46,607 [main] INFO  impl.RoleInfo (RoleInfo.java:shutdownLeaderState(104)) - b39f15a2-ed1b-46ef-9b39-c0ba6a9718b6: shutdown LeaderState
2019-09-26 10:42:46,607 [ForkJoinPool.commonPool-worker-1] INFO  segmented.SegmentedRaftLogWorker (SegmentedRaftLogWorker.java:close(228)) - 28e56f19-9e9b-470a-a4d9-0b249a16b927@group-9AD856B0CD08-SegmentedRaftLogWorker close()
2019-09-26 10:42:46,608 [main] INFO  impl.PendingRequests (PendingRequests.java:sendNotLeaderResponses(202)) - b39f15a2-ed1b-46ef-9b39-c0ba6a9718b6-PendingRequests: sendNotLeaderResponses
2019-09-26 10:42:46,608 [ForkJoinPool.commonPool-worker-1] INFO  impl.RaftServerImpl (RaftServerImpl.java:lambda$shutdown$3(251)) - 28e56f19-9e9b-470a-a4d9-0b249a16b927@group-7F32EBBA8C2F: shutdown
2019-09-26 10:42:46,609 [main] INFO  impl.StateMachineUpdater (StateMachineUpdater.java:stopAndJoin(125)) - b39f15a2-ed1b-46ef-9b39-c0ba6a9718b6@group-F022B8DEE155-StateMachineUpdater: set stopIndex = 0
2019-09-26 10:42:46,609 [ForkJoinPool.commonPool-worker-1] INFO  util.JmxRegister (JmxRegister.java:unregister(73)) - Successfully un-registered JMX Bean with object name Ratis:service=RaftServer,group=group-7F32EBBA8C2F,id=28e56f19-9e9b-470a-a4d9-0b249a16b927
2019-09-26 10:42:46,609 [main] INFO  impl.RaftServerImpl (ServerState.java:close(385)) - b39f15a2-ed1b-46ef-9b39-c0ba6a9718b6@group-F022B8DEE155: closes. applyIndex: 0
2019-09-26 10:42:46,609 [ForkJoinPool.commonPool-worker-1] INFO  impl.RoleInfo (RoleInfo.java:shutdownLeaderState(104)) - 28e56f19-9e9b-470a-a4d9-0b249a16b927: shutdown LeaderState
2019-09-26 10:42:46,610 [b39f15a2-ed1b-46ef-9b39-c0ba6a9718b6@group-F022B8DEE155-SegmentedRaftLogWorker] INFO  segmented.SegmentedRaftLogWorker (SegmentedRaftLogWorker.java:run(313)) - b39f15a2-ed1b-46ef-9b39-c0ba6a9718b6@group-F022B8DEE155-SegmentedRaftLogWorker was interrupted, exiting. There are 0 tasks remaining in the queue.
2019-09-26 10:42:46,610 [ForkJoinPool.commonPool-worker-1] INFO  impl.PendingRequests (PendingRequests.java:sendNotLeaderResponses(202)) - 28e56f19-9e9b-470a-a4d9-0b249a16b927-PendingRequests: sendNotLeaderResponses
2019-09-26 10:42:46,610 [main] INFO  segmented.SegmentedRaftLogWorker (SegmentedRaftLogWorker.java:close(228)) - b39f15a2-ed1b-46ef-9b39-c0ba6a9718b6@group-F022B8DEE155-SegmentedRaftLogWorker close()
2019-09-26 10:42:46,611 [ForkJoinPool.commonPool-worker-1] INFO  impl.StateMachineUpdater (StateMachineUpdater.java:stopAndJoin(125)) - 28e56f19-9e9b-470a-a4d9-0b249a16b927@group-7F32EBBA8C2F-StateMachineUpdater: set stopIndex = 0
2019-09-26 10:42:46,611 [main] INFO  impl.RaftServerImpl (RaftServerImpl.java:lambda$shutdown$3(251)) - b39f15a2-ed1b-46ef-9b39-c0ba6a9718b6@group-3244F4C43762: shutdown
2019-09-26 10:42:46,611 [ForkJoinPool.commonPool-worker-1] INFO  impl.RaftServerImpl (ServerState.java:close(385)) - 28e56f19-9e9b-470a-a4d9-0b249a16b927@group-7F32EBBA8C2F: closes. applyIndex: 0
2019-09-26 10:42:46,612 [main] INFO  util.JmxRegister (JmxRegister.java:unregister(73)) - Successfully un-registered JMX Bean with object name Ratis:service=RaftServer,group=group-3244F4C43762,id=b39f15a2-ed1b-46ef-9b39-c0ba6a9718b6
2019-09-26 10:42:46,612 [28e56f19-9e9b-470a-a4d9-0b249a16b927@group-7F32EBBA8C2F-SegmentedRaftLogWorker] INFO  segmented.SegmentedRaftLogWorker (SegmentedRaftLogWorker.java:run(313)) - 28e56f19-9e9b-470a-a4d9-0b249a16b927@group-7F32EBBA8C2F-SegmentedRaftLogWorker was interrupted, exiting. There are 0 tasks remaining in the queue.
2019-09-26 10:42:46,613 [main] INFO  impl.RoleInfo (RoleInfo.java:shutdownLeaderState(104)) - b39f15a2-ed1b-46ef-9b39-c0ba6a9718b6: shutdown LeaderState
2019-09-26 10:42:46,613 [ForkJoinPool.commonPool-worker-1] INFO  segmented.SegmentedRaftLogWorker (SegmentedRaftLogWorker.java:close(228)) - 28e56f19-9e9b-470a-a4d9-0b249a16b927@group-7F32EBBA8C2F-SegmentedRaftLogWorker close()
2019-09-26 10:42:46,613 [main] INFO  impl.PendingRequests (PendingRequests.java:sendNotLeaderResponses(202)) - b39f15a2-ed1b-46ef-9b39-c0ba6a9718b6-PendingRequests: sendNotLeaderResponses
2019-09-26 10:42:46,614 [ForkJoinPool.commonPool-worker-1] INFO  impl.RaftServerImpl (RaftServerImpl.java:lambda$shutdown$3(251)) - 28e56f19-9e9b-470a-a4d9-0b249a16b927@group-1D577BA7DA53: shutdown
2019-09-26 10:42:46,614 [main] INFO  impl.StateMachineUpdater (StateMachineUpdater.java:stopAndJoin(125)) - b39f15a2-ed1b-46ef-9b39-c0ba6a9718b6@group-3244F4C43762-StateMachineUpdater: set stopIndex = 0
2019-09-26 10:42:46,614 [ForkJoinPool.commonPool-worker-1] INFO  util.JmxRegister (JmxRegister.java:unregister(73)) - Successfully un-registered JMX Bean with object name Ratis:service=RaftServer,group=group-1D577BA7DA53,id=28e56f19-9e9b-470a-a4d9-0b249a16b927
2019-09-26 10:42:46,615 [main] INFO  impl.RaftServerImpl (ServerState.java:close(385)) - b39f15a2-ed1b-46ef-9b39-c0ba6a9718b6@group-3244F4C43762: closes. applyIndex: 0
2019-09-26 10:42:46,615 [ForkJoinPool.commonPool-worker-1] INFO  impl.RoleInfo (RoleInfo.java:shutdownLeaderState(104)) - 28e56f19-9e9b-470a-a4d9-0b249a16b927: shutdown LeaderState
2019-09-26 10:42:46,616 [b39f15a2-ed1b-46ef-9b39-c0ba6a9718b6@group-3244F4C43762-SegmentedRaftLogWorker] INFO  segmented.SegmentedRaftLogWorker (SegmentedRaftLogWorker.java:run(313)) - b39f15a2-ed1b-46ef-9b39-c0ba6a9718b6@group-3244F4C43762-SegmentedRaftLogWorker was interrupted, exiting. There are 0 tasks remaining in the queue.
2019-09-26 10:42:46,616 [ForkJoinPool.commonPool-worker-1] INFO  impl.PendingRequests (PendingRequests.java:sendNotLeaderResponses(202)) - 28e56f19-9e9b-470a-a4d9-0b249a16b927-PendingRequests: sendNotLeaderResponses
2019-09-26 10:42:46,616 [main] INFO  segmented.SegmentedRaftLogWorker (SegmentedRaftLogWorker.java:close(228)) - b39f15a2-ed1b-46ef-9b39-c0ba6a9718b6@group-3244F4C43762-SegmentedRaftLogWorker close()
2019-09-26 10:42:46,616 [ForkJoinPool.commonPool-worker-1] INFO  impl.StateMachineUpdater (StateMachineUpdater.java:stopAndJoin(125)) - 28e56f19-9e9b-470a-a4d9-0b249a16b927@group-1D577BA7DA53-StateMachineUpdater: set stopIndex = 0
2019-09-26 10:42:46,617 [main] INFO  impl.RaftServerImpl (RaftServerImpl.java:lambda$shutdown$3(251)) - b39f15a2-ed1b-46ef-9b39-c0ba6a9718b6@group-0C8437AB1C68: shutdown
2019-09-26 10:42:46,617 [ForkJoinPool.commonPool-worker-1] INFO  impl.RaftServerImpl (ServerState.java:close(385)) - 28e56f19-9e9b-470a-a4d9-0b249a16b927@group-1D577BA7DA53: closes. applyIndex: 0
2019-09-26 10:42:46,617 [main] INFO  util.JmxRegister (JmxRegister.java:unregister(73)) - Successfully un-registered JMX Bean with object name Ratis:service=RaftServer,group=group-0C8437AB1C68,id=b39f15a2-ed1b-46ef-9b39-c0ba6a9718b6
2019-09-26 10:42:46,618 [main] INFO  impl.RoleInfo (RoleInfo.java:shutdownLeaderState(104)) - b39f15a2-ed1b-46ef-9b39-c0ba6a9718b6: shutdown LeaderState
2019-09-26 10:42:46,618 [28e56f19-9e9b-470a-a4d9-0b249a16b927@group-1D577BA7DA53-SegmentedRaftLogWorker] INFO  segmented.SegmentedRaftLogWorker (SegmentedRaftLogWorker.java:run(313)) - 28e56f19-9e9b-470a-a4d9-0b249a16b927@group-1D577BA7DA53-SegmentedRaftLogWorker was interrupted, exiting. There are 0 tasks remaining in the queue.
2019-09-26 10:42:46,618 [main] INFO  impl.PendingRequests (PendingRequests.java:sendNotLeaderResponses(202)) - b39f15a2-ed1b-46ef-9b39-c0ba6a9718b6-PendingRequests: sendNotLeaderResponses
2019-09-26 10:42:46,619 [ForkJoinPool.commonPool-worker-1] INFO  segmented.SegmentedRaftLogWorker (SegmentedRaftLogWorker.java:close(228)) - 28e56f19-9e9b-470a-a4d9-0b249a16b927@group-1D577BA7DA53-SegmentedRaftLogWorker close()
2019-09-26 10:42:46,619 [main] INFO  impl.StateMachineUpdater (StateMachineUpdater.java:stopAndJoin(125)) - b39f15a2-ed1b-46ef-9b39-c0ba6a9718b6@group-0C8437AB1C68-StateMachineUpdater: set stopIndex = 0
2019-09-26 10:42:46,620 [ForkJoinPool.commonPool-worker-1] INFO  impl.RaftServerImpl (RaftServerImpl.java:lambda$shutdown$3(251)) - 28e56f19-9e9b-470a-a4d9-0b249a16b927@group-16F39AE9BEF5: shutdown
2019-09-26 10:42:46,620 [main] INFO  impl.RaftServerImpl (ServerState.java:close(385)) - b39f15a2-ed1b-46ef-9b39-c0ba6a9718b6@group-0C8437AB1C68: closes. applyIndex: 0
2019-09-26 10:42:46,620 [ForkJoinPool.commonPool-worker-1] INFO  util.JmxRegister (JmxRegister.java:unregister(73)) - Successfully un-registered JMX Bean with object name Ratis:service=RaftServer,group=group-16F39AE9BEF5,id=28e56f19-9e9b-470a-a4d9-0b249a16b927
2019-09-26 10:42:46,621 [b39f15a2-ed1b-46ef-9b39-c0ba6a9718b6@group-0C8437AB1C68-SegmentedRaftLogWorker] INFO  segmented.SegmentedRaftLogWorker (SegmentedRaftLogWorker.java:run(313)) - b39f15a2-ed1b-46ef-9b39-c0ba6a9718b6@group-0C8437AB1C68-SegmentedRaftLogWorker was interrupted, exiting. There are 0 tasks remaining in the queue.
2019-09-26 10:42:46,621 [ForkJoinPool.commonPool-worker-1] INFO  impl.RoleInfo (RoleInfo.java:shutdownLeaderState(104)) - 28e56f19-9e9b-470a-a4d9-0b249a16b927: shutdown LeaderState
2019-09-26 10:42:46,621 [main] INFO  segmented.SegmentedRaftLogWorker (SegmentedRaftLogWorker.java:close(228)) - b39f15a2-ed1b-46ef-9b39-c0ba6a9718b6@group-0C8437AB1C68-SegmentedRaftLogWorker close()
2019-09-26 10:42:46,621 [ForkJoinPool.commonPool-worker-1] INFO  impl.PendingRequests (PendingRequests.java:sendNotLeaderResponses(202)) - 28e56f19-9e9b-470a-a4d9-0b249a16b927-PendingRequests: sendNotLeaderResponses
2019-09-26 10:42:46,622 [main] INFO  impl.RaftServerImpl (RaftServerImpl.java:lambda$shutdown$3(251)) - b39f15a2-ed1b-46ef-9b39-c0ba6a9718b6@group-71DBF38F3F17: shutdown
2019-09-26 10:42:46,622 [ForkJoinPool.commonPool-worker-1] INFO  impl.StateMachineUpdater (StateMachineUpdater.java:stopAndJoin(125)) - 28e56f19-9e9b-470a-a4d9-0b249a16b927@group-16F39AE9BEF5-StateMachineUpdater: set stopIndex = 0
2019-09-26 10:42:46,622 [main] INFO  util.JmxRegister (JmxRegister.java:unregister(73)) - Successfully un-registered JMX Bean with object name Ratis:service=RaftServer,group=group-71DBF38F3F17,id=b39f15a2-ed1b-46ef-9b39-c0ba6a9718b6
2019-09-26 10:42:46,623 [ForkJoinPool.commonPool-worker-1] INFO  impl.RaftServerImpl (ServerState.java:close(385)) - 28e56f19-9e9b-470a-a4d9-0b249a16b927@group-16F39AE9BEF5: closes. applyIndex: 0
2019-09-26 10:42:46,623 [main] INFO  impl.RoleInfo (RoleInfo.java:shutdownLeaderState(104)) - b39f15a2-ed1b-46ef-9b39-c0ba6a9718b6: shutdown LeaderState
2019-09-26 10:42:46,623 [28e56f19-9e9b-470a-a4d9-0b249a16b927@group-16F39AE9BEF5-SegmentedRaftLogWorker] INFO  segmented.SegmentedRaftLogWorker (SegmentedRaftLogWorker.java:run(313)) - 28e56f19-9e9b-470a-a4d9-0b249a16b927@group-16F39AE9BEF5-SegmentedRaftLogWorker was interrupted, exiting. There are 0 tasks remaining in the queue.
2019-09-26 10:42:46,624 [main] INFO  impl.PendingRequests (PendingRequests.java:sendNotLeaderResponses(202)) - b39f15a2-ed1b-46ef-9b39-c0ba6a9718b6-PendingRequests: sendNotLeaderResponses
2019-09-26 10:42:46,624 [ForkJoinPool.commonPool-worker-1] INFO  segmented.SegmentedRaftLogWorker (SegmentedRaftLogWorker.java:close(228)) - 28e56f19-9e9b-470a-a4d9-0b249a16b927@group-16F39AE9BEF5-SegmentedRaftLogWorker close()
2019-09-26 10:42:46,624 [main] INFO  impl.StateMachineUpdater (StateMachineUpdater.java:stopAndJoin(125)) - b39f15a2-ed1b-46ef-9b39-c0ba6a9718b6@group-71DBF38F3F17-StateMachineUpdater: set stopIndex = 0
2019-09-26 10:42:46,625 [ForkJoinPool.commonPool-worker-1] INFO  impl.RaftServerImpl (RaftServerImpl.java:lambda$shutdown$3(251)) - 28e56f19-9e9b-470a-a4d9-0b249a16b927@group-8C00341AD4EF: shutdown
2019-09-26 10:42:46,625 [main] INFO  impl.RaftServerImpl (ServerState.java:close(385)) - b39f15a2-ed1b-46ef-9b39-c0ba6a9718b6@group-71DBF38F3F17: closes. applyIndex: 0
2019-09-26 10:42:46,625 [ForkJoinPool.commonPool-worker-1] INFO  util.JmxRegister (JmxRegister.java:unregister(73)) - Successfully un-registered JMX Bean with object name Ratis:service=RaftServer,group=group-8C00341AD4EF,id=28e56f19-9e9b-470a-a4d9-0b249a16b927
2019-09-26 10:42:46,626 [b39f15a2-ed1b-46ef-9b39-c0ba6a9718b6@group-71DBF38F3F17-SegmentedRaftLogWorker] INFO  segmented.SegmentedRaftLogWorker (SegmentedRaftLogWorker.java:run(313)) - b39f15a2-ed1b-46ef-9b39-c0ba6a9718b6@group-71DBF38F3F17-SegmentedRaftLogWorker was interrupted, exiting. There are 0 tasks remaining in the queue.
2019-09-26 10:42:46,626 [ForkJoinPool.commonPool-worker-1] INFO  impl.RoleInfo (RoleInfo.java:shutdownLeaderState(104)) - 28e56f19-9e9b-470a-a4d9-0b249a16b927: shutdown LeaderState
2019-09-26 10:42:46,626 [main] INFO  segmented.SegmentedRaftLogWorker (SegmentedRaftLogWorker.java:close(228)) - b39f15a2-ed1b-46ef-9b39-c0ba6a9718b6@group-71DBF38F3F17-SegmentedRaftLogWorker close()
2019-09-26 10:42:46,626 [ForkJoinPool.commonPool-worker-1] INFO  impl.PendingRequests (PendingRequests.java:sendNotLeaderResponses(202)) - 28e56f19-9e9b-470a-a4d9-0b249a16b927-PendingRequests: sendNotLeaderResponses
2019-09-26 10:42:46,627 [main] INFO  server.GrpcService (GrpcService.java:closeImpl(164)) - b39f15a2-ed1b-46ef-9b39-c0ba6a9718b6: shutdown server with port 42810 now
2019-09-26 10:42:46,627 [ForkJoinPool.commonPool-worker-1] INFO  impl.StateMachineUpdater (StateMachineUpdater.java:stopAndJoin(125)) - 28e56f19-9e9b-470a-a4d9-0b249a16b927@group-8C00341AD4EF-StateMachineUpdater: set stopIndex = 0
2019-09-26 10:42:46,628 [ForkJoinPool.commonPool-worker-1] INFO  impl.RaftServerImpl (ServerState.java:close(385)) - 28e56f19-9e9b-470a-a4d9-0b249a16b927@group-8C00341AD4EF: closes. applyIndex: 0
2019-09-26 10:42:46,630 [main] INFO  server.GrpcService (GrpcService.java:closeImpl(172)) - b39f15a2-ed1b-46ef-9b39-c0ba6a9718b6: shutdown server with port 42810 successfully
2019-09-26 10:42:46,630 [28e56f19-9e9b-470a-a4d9-0b249a16b927@group-8C00341AD4EF-SegmentedRaftLogWorker] INFO  segmented.SegmentedRaftLogWorker (SegmentedRaftLogWorker.java:run(313)) - 28e56f19-9e9b-470a-a4d9-0b249a16b927@group-8C00341AD4EF-SegmentedRaftLogWorker was interrupted, exiting. There are 0 tasks remaining in the queue.
2019-09-26 10:42:46,630 [ForkJoinPool.commonPool-worker-1] INFO  segmented.SegmentedRaftLogWorker (SegmentedRaftLogWorker.java:close(228)) - 28e56f19-9e9b-470a-a4d9-0b249a16b927@group-8C00341AD4EF-SegmentedRaftLogWorker close()
2019-09-26 10:42:46,631 [ForkJoinPool.commonPool-worker-1] INFO  impl.RaftServerImpl (RaftServerImpl.java:lambda$shutdown$3(251)) - 28e56f19-9e9b-470a-a4d9-0b249a16b927@group-2CD6B8E4F1CC: shutdown
2019-09-26 10:42:46,631 [ForkJoinPool.commonPool-worker-1] INFO  util.JmxRegister (JmxRegister.java:unregister(73)) - Successfully un-registered JMX Bean with object name Ratis:service=RaftServer,group=group-2CD6B8E4F1CC,id=28e56f19-9e9b-470a-a4d9-0b249a16b927
2019-09-26 10:42:46,632 [ForkJoinPool.commonPool-worker-1] INFO  impl.RoleInfo (RoleInfo.java:shutdownLeaderState(104)) - 28e56f19-9e9b-470a-a4d9-0b249a16b927: shutdown LeaderState
2019-09-26 10:42:46,632 [ForkJoinPool.commonPool-worker-1] INFO  impl.PendingRequests (PendingRequests.java:sendNotLeaderResponses(202)) - 28e56f19-9e9b-470a-a4d9-0b249a16b927-PendingRequests: sendNotLeaderResponses
2019-09-26 10:42:46,632 [ForkJoinPool.commonPool-worker-1] INFO  impl.StateMachineUpdater (StateMachineUpdater.java:stopAndJoin(125)) - 28e56f19-9e9b-470a-a4d9-0b249a16b927@group-2CD6B8E4F1CC-StateMachineUpdater: set stopIndex = 0
2019-09-26 10:42:46,633 [ForkJoinPool.commonPool-worker-1] INFO  impl.RaftServerImpl (ServerState.java:close(385)) - 28e56f19-9e9b-470a-a4d9-0b249a16b927@group-2CD6B8E4F1CC: closes. applyIndex: 0
2019-09-26 10:42:46,633 [28e56f19-9e9b-470a-a4d9-0b249a16b927@group-2CD6B8E4F1CC-SegmentedRaftLogWorker] INFO  segmented.SegmentedRaftLogWorker (SegmentedRaftLogWorker.java:run(313)) - 28e56f19-9e9b-470a-a4d9-0b249a16b927@group-2CD6B8E4F1CC-SegmentedRaftLogWorker was interrupted, exiting. There are 0 tasks remaining in the queue.
2019-09-26 10:42:46,633 [ForkJoinPool.commonPool-worker-1] INFO  segmented.SegmentedRaftLogWorker (SegmentedRaftLogWorker.java:close(228)) - 28e56f19-9e9b-470a-a4d9-0b249a16b927@group-2CD6B8E4F1CC-SegmentedRaftLogWorker close()
2019-09-26 10:42:46,634 [ForkJoinPool.commonPool-worker-1] INFO  server.GrpcService (GrpcService.java:closeImpl(164)) - 28e56f19-9e9b-470a-a4d9-0b249a16b927: shutdown server with port 44834 now
2019-09-26 10:42:46,635 [ForkJoinPool.commonPool-worker-1] INFO  server.GrpcService (GrpcService.java:closeImpl(172)) - 28e56f19-9e9b-470a-a4d9-0b249a16b927: shutdown server with port 44834 successfully
2019-09-26 10:42:46,637 [refreshUsed-/workdir/hadoop-ozone/integration-test/target/test-dir/MiniOzoneClusterImpl-ba83c363-2963-4965-b6c8-e0e7e6227b06/datanode-4/data/containers] WARN  fs.CachingGetSpaceUsed (CachingGetSpaceUsed.java:run(183)) - Thread Interrupted waiting to refresh disk information: sleep interrupted
2019-09-26 10:42:46,646 [refreshUsed-/workdir/hadoop-ozone/integration-test/target/test-dir/MiniOzoneClusterImpl-ba83c363-2963-4965-b6c8-e0e7e6227b06/datanode-0/data/containers] WARN  fs.CachingGetSpaceUsed (CachingGetSpaceUsed.java:run(183)) - Thread Interrupted waiting to refresh disk information: sleep interrupted
2019-09-26 10:42:46,664 [main] INFO  utils.BackgroundService (BackgroundService.java:shutdown(148)) - Shutting down service BlockDeletingService
2019-09-26 10:42:46,667 [main] INFO  statemachine.DatanodeStateMachine (DatanodeStateMachine.java:stopDaemon(395)) - Ozone container server stopped.
2019-09-26 10:42:46,668 [main] INFO  handler.ContextHandler (ContextHandler.java:doStop(910)) - Stopped o.e.j.w.WebAppContext@618ff5c2{/,null,UNAVAILABLE}{/hddsDatanode}
2019-09-26 10:42:46,669 [main] INFO  server.AbstractConnector (AbstractConnector.java:doStop(318)) - Stopped ServerConnector@16727bf0{HTTP/1.1,[http/1.1]}{0.0.0.0:0}
2019-09-26 10:42:46,670 [main] INFO  handler.ContextHandler (ContextHandler.java:doStop(910)) - Stopped o.e.j.s.ServletContextHandler@237f7970{/static,jar:file:/home/user/.m2/repository/org/apache/hadoop/hadoop-hdds-container-service/0.5.0-SNAPSHOT/hadoop-hdds-container-service-0.5.0-SNAPSHOT.jar!/webapps/static,UNAVAILABLE}
2019-09-26 10:42:46,671 [main] INFO  handler.ContextHandler (ContextHandler.java:doStop(910)) - Stopped o.e.j.s.ServletContextHandler@45acdd11{/logs,file:///workdir/hadoop-ozone/integration-test/target/log,UNAVAILABLE}
2019-09-26 10:42:46,671 [ForkJoinPool.commonPool-worker-1] INFO  utils.BackgroundService (BackgroundService.java:shutdown(148)) - Shutting down service BlockDeletingService
2019-09-26 10:42:46,675 [ForkJoinPool.commonPool-worker-1] INFO  statemachine.DatanodeStateMachine (DatanodeStateMachine.java:stopDaemon(395)) - Ozone container server stopped.
2019-09-26 10:42:46,678 [ForkJoinPool.commonPool-worker-1] INFO  handler.ContextHandler (ContextHandler.java:doStop(910)) - Stopped o.e.j.w.WebAppContext@26c47874{/,null,UNAVAILABLE}{/hddsDatanode}
2019-09-26 10:42:46,679 [ForkJoinPool.commonPool-worker-1] INFO  server.AbstractConnector (AbstractConnector.java:doStop(318)) - Stopped ServerConnector@421056e5{HTTP/1.1,[http/1.1]}{0.0.0.0:0}
2019-09-26 10:42:46,680 [ForkJoinPool.commonPool-worker-1] INFO  handler.ContextHandler (ContextHandler.java:doStop(910)) - Stopped o.e.j.s.ServletContextHandler@7b6860f9{/static,jar:file:/home/user/.m2/repository/org/apache/hadoop/hadoop-hdds-container-service/0.5.0-SNAPSHOT/hadoop-hdds-container-service-0.5.0-SNAPSHOT.jar!/webapps/static,UNAVAILABLE}
2019-09-26 10:42:46,681 [ForkJoinPool.commonPool-worker-1] INFO  handler.ContextHandler (ContextHandler.java:doStop(910)) - Stopped o.e.j.s.ServletContextHandler@4fc3c165{/logs,file:///workdir/hadoop-ozone/integration-test/target/log,UNAVAILABLE}
2019-09-26 10:42:46,682 [main] INFO  ozone.MiniOzoneClusterImpl (MiniOzoneClusterImpl.java:stopSCM(392)) - Stopping the StorageContainerManager
2019-09-26 10:42:46,683 [main] INFO  server.StorageContainerManager (StorageContainerManager.java:stop(808)) - Stopping Replication Manager Service.
2019-09-26 10:42:46,683 [main] INFO  container.ReplicationManager (ReplicationManager.java:stop(204)) - Stopping Replication Monitor Thread.
2019-09-26 10:42:46,683 [main] INFO  server.StorageContainerManager (StorageContainerManager.java:stop(815)) - Stopping Lease Manager of the command watchers
2019-09-26 10:42:46,683 [main] INFO  server.StorageContainerManager (StorageContainerManager.java:stop(822)) - Stopping datanode service RPC server
2019-09-26 10:42:46,684 [main] INFO  server.SCMDatanodeProtocolServer (SCMDatanodeProtocolServer.java:stop(367)) - Stopping the RPC server for DataNodes
2019-09-26 10:42:46,684 [main] INFO  ipc.Server (Server.java:stop(3082)) - Stopping server on 33249
2019-09-26 10:42:46,685 [IPC Server listener on 33249] INFO  ipc.Server (Server.java:run(1185)) - Stopping IPC Server listener on 33249
2019-09-26 10:42:46,686 [IPC Server Responder] INFO  ipc.Server (Server.java:run(1319)) - Stopping IPC Server Responder
2019-09-26 10:42:47,370 [SCM Heartbeat Processing Thread - 0] WARN  node.NodeStateManager (NodeStateManager.java:scheduleNextHealthCheck(655)) - Current Thread is interrupted, shutting down HB processing thread for Node Manager.
2019-09-26 10:42:47,370 [main] INFO  server.StorageContainerManager (StorageContainerManager.java:stop(830)) - Stopping block service RPC server
2019-09-26 10:42:47,371 [main] INFO  server.SCMBlockProtocolServer (SCMBlockProtocolServer.java:stop(155)) - Stopping the RPC server for Block Protocol
2019-09-26 10:42:47,371 [main] INFO  ipc.Server (Server.java:stop(3082)) - Stopping server on 42796
2019-09-26 10:42:47,373 [main] INFO  server.StorageContainerManager (StorageContainerManager.java:stop(837)) - Stopping the StorageContainerLocationProtocol RPC server
2019-09-26 10:42:47,373 [IPC Server listener on 42796] INFO  ipc.Server (Server.java:run(1185)) - Stopping IPC Server listener on 42796
2019-09-26 10:42:47,374 [main] INFO  server.SCMClientProtocolServer (SCMClientProtocolServer.java:stop(159)) - Stopping the RPC server for Client Protocol
2019-09-26 10:42:47,375 [main] INFO  ipc.Server (Server.java:stop(3082)) - Stopping server on 41008
2019-09-26 10:42:47,375 [IPC Server Responder] INFO  ipc.Server (Server.java:run(1319)) - Stopping IPC Server Responder
2019-09-26 10:42:47,377 [IPC Server listener on 41008] INFO  ipc.Server (Server.java:run(1185)) - Stopping IPC Server listener on 41008
2019-09-26 10:42:47,377 [main] INFO  server.StorageContainerManager (StorageContainerManager.java:stop(844)) - Stopping Storage Container Manager HTTP server.
2019-09-26 10:42:47,378 [IPC Server Responder] INFO  ipc.Server (Server.java:run(1319)) - Stopping IPC Server Responder
2019-09-26 10:42:47,379 [main] INFO  handler.ContextHandler (ContextHandler.java:doStop(910)) - Stopped o.e.j.w.WebAppContext@551a20d6{/,null,UNAVAILABLE}{/scm}
2019-09-26 10:42:47,381 [main] INFO  server.AbstractConnector (AbstractConnector.java:doStop(318)) - Stopped ServerConnector@6928f576{HTTP/1.1,[http/1.1]}{0.0.0.0:0}
2019-09-26 10:42:47,381 [main] INFO  handler.ContextHandler (ContextHandler.java:doStop(910)) - Stopped o.e.j.s.ServletContextHandler@35a9782c{/static,file:///workdir/hadoop-ozone/integration-test/target/test-classes/webapps/static,UNAVAILABLE}
2019-09-26 10:42:47,382 [main] INFO  handler.ContextHandler (ContextHandler.java:doStop(910)) - Stopped o.e.j.s.ServletContextHandler@2072acb2{/logs,file:///workdir/hadoop-ozone/integration-test/target/log,UNAVAILABLE}
2019-09-26 10:42:47,384 [main] INFO  server.StorageContainerManager (StorageContainerManager.java:stop(855)) - Stopping Block Manager Service.
2019-09-26 10:42:47,384 [main] INFO  utils.BackgroundService (BackgroundService.java:shutdown(148)) - Shutting down service SCMBlockDeletingService
2019-09-26 10:42:47,385 [main] INFO  utils.BackgroundService (BackgroundService.java:shutdown(148)) - Shutting down service SCMBlockDeletingService
2019-09-26 10:42:47,386 [main] INFO  server.StorageContainerManager (StorageContainerManager.java:stop(877)) - Stopping SCM Event Queue.
2019-09-26 10:42:47,395 [main] INFO  impl.MetricsSystemImpl (MetricsSystemImpl.java:stop(210)) - Stopping ratis metrics system...
2019-09-26 10:42:47,411 [prometheus] INFO  impl.MetricsSinkAdapter (MetricsSinkAdapter.java:publishMetricsFromQueue(141)) - prometheus thread interrupted.
2019-09-26 10:42:47,411 [main] INFO  impl.MetricsSystemImpl (MetricsSystemImpl.java:stop(216)) - ratis metrics system stopped.
]]></system-out>
    <system-err><![CDATA[ERROR StatusLogger No Log4j 2 configuration file found. Using default configuration (logging only errors to the console), or user programmatically provided configurations. Set system property 'log4j2.debug' to show Log4j 2 internal initialization logging. See https://logging.apache.org/log4j/2.x/manual/configuration.html for instructions on how to configure Log4j 2
]]></system-err>
  </testcase>
</testsuite>