<?xml version="1.0" encoding="UTF-8"?>
<testsuite xmlns:xsi="http://www.w3.org/2001/XMLSchema-instance" xsi:noNamespaceSchemaLocation="https://maven.apache.org/surefire/maven-surefire-plugin/xsd/surefire-test-report.xsd" name="org.apache.hadoop.ozone.client.rpc.TestHybridPipelineOnDatanode" time="26.455" tests="1" errors="1" skipped="0" failures="0">
  <properties>
    <property name="awt.toolkit" value="sun.awt.X11.XToolkit"/>
    <property name="file.encoding.pkg" value="sun.io"/>
    <property name="java.specification.version" value="1.8"/>
    <property name="sun.cpu.isalist" value=""/>
    <property name="sun.jnu.encoding" value="UTF-8"/>
    <property name="java.class.path" value="/workdir/hadoop-ozone/integration-test/target/test-classes:/workdir/hadoop-ozone/integration-test/target/classes:/home/user/.m2/repository/org/apache/hadoop/hadoop-ozone-common/0.5.0-SNAPSHOT/hadoop-ozone-common-0.5.0-SNAPSHOT.jar:/home/user/.m2/repository/org/apache/commons/commons-compress/1.4.1/commons-compress-1.4.1.jar:/home/user/.m2/repository/org/tukaani/xz/1.0/xz-1.0.jar:/home/user/.m2/repository/org/apache/hadoop/hadoop-common/3.2.0/hadoop-common-3.2.0.jar:/home/user/.m2/repository/org/apache/hadoop/hadoop-hdfs/3.2.0/hadoop-hdfs-3.2.0.jar:/home/user/.m2/repository/org/apache/hadoop/hadoop-hdfs-client/3.2.0/hadoop-hdfs-client-3.2.0.jar:/home/user/.m2/repository/com/fasterxml/jackson/core/jackson-annotations/2.9.9/jackson-annotations-2.9.9.jar:/home/user/.m2/repository/org/apache/hadoop/hadoop-hdds-common/0.5.0-SNAPSHOT/hadoop-hdds-common-0.5.0-SNAPSHOT.jar:/home/user/.m2/repository/javax/annotation/javax.annotation-api/1.2/javax.annotation-api-1.2.jar:/home/user/.m2/repository/org/apache/ratis/ratis-server/0.4.0/ratis-server-0.4.0.jar:/home/user/.m2/repository/org/apache/ratis/ratis-thirdparty-misc/0.2.0/ratis-thirdparty-misc-0.2.0.jar:/home/user/.m2/repository/org/apache/ratis/ratis-proto/0.4.0/ratis-proto-0.4.0.jar:/home/user/.m2/repository/org/apache/ratis/ratis-common/0.4.0/ratis-common-0.4.0.jar:/home/user/.m2/repository/org/apache/ratis/ratis-client/0.4.0/ratis-client-0.4.0.jar:/home/user/.m2/repository/org/apache/ratis/ratis-metrics/0.4.0/ratis-metrics-0.4.0.jar:/home/user/.m2/repository/com/github/joshelser/dropwizard-metrics-hadoop-metrics2-reporter/0.1.2/dropwizard-metrics-hadoop-metrics2-reporter-0.1.2.jar:/home/user/.m2/repository/io/dropwizard/metrics/metrics-jvm/3.2.5/metrics-jvm-3.2.5.jar:/home/user/.m2/repository/io/dropwizard/metrics/metrics-ganglia/3.2.5/metrics-ganglia-3.2.5.jar:/home/user/.m2/repository/info/ganglia/gmetric4j/gmetric4j/1.0.7/gmetric4j-1.0.7.jar:/home/user/.m2/repository/org/apache/ratis/ratis-netty/0.4.0/ratis-netty-0.4.0.jar:/home/user/.m2/repository/org/apache/ratis/ratis-grpc/0.4.0/ratis-grpc-0.4.0.jar:/home/user/.m2/repository/org/rocksdb/rocksdbjni/6.0.1/rocksdbjni-6.0.1.jar:/home/user/.m2/repository/org/apache/logging/log4j/log4j-api/2.11.0/log4j-api-2.11.0.jar:/home/user/.m2/repository/org/apache/logging/log4j/log4j-core/2.11.0/log4j-core-2.11.0.jar:/home/user/.m2/repository/com/lmax/disruptor/3.4.2/disruptor-3.4.2.jar:/home/user/.m2/repository/org/apache/commons/commons-pool2/2.6.0/commons-pool2-2.6.0.jar:/home/user/.m2/repository/org/bouncycastle/bcpkix-jdk15on/1.60/bcpkix-jdk15on-1.60.jar:/home/user/.m2/repository/commons-validator/commons-validator/1.6/commons-validator-1.6.jar:/home/user/.m2/repository/commons-digester/commons-digester/1.8.1/commons-digester-1.8.1.jar:/home/user/.m2/repository/io/jaegertracing/jaeger-client/0.34.0/jaeger-client-0.34.0.jar:/home/user/.m2/repository/io/jaegertracing/jaeger-thrift/0.34.0/jaeger-thrift-0.34.0.jar:/home/user/.m2/repository/org/apache/thrift/libthrift/0.12.0/libthrift-0.12.0.jar:/home/user/.m2/repository/com/squareup/okhttp3/okhttp/3.9.0/okhttp-3.9.0.jar:/home/user/.m2/repository/com/squareup/okio/okio/1.13.0/okio-1.13.0.jar:/home/user/.m2/repository/io/jaegertracing/jaeger-core/0.34.0/jaeger-core-0.34.0.jar:/home/user/.m2/repository/io/jaegertracing/jaeger-tracerresolver/0.34.0/jaeger-tracerresolver-0.34.0.jar:/home/user/.m2/repository/io/opentracing/contrib/opentracing-tracerresolver/0.1.5/opentracing-tracerresolver-0.1.5.jar:/home/user/.m2/repository/io/opentracing/opentracing-util/0.31.0/opentracing-util-0.31.0.jar:/home/user/.m2/repository/io/opentracing/opentracing-api/0.31.0/opentracing-api-0.31.0.jar:/home/user/.m2/repository/io/opentracing/opentracing-noop/0.31.0/opentracing-noop-0.31.0.jar:/home/user/.m2/repository/org/apache/hadoop/hadoop-hdds-server-framework/0.5.0-SNAPSHOT/hadoop-hdds-server-framework-0.5.0-SNAPSHOT.jar:/home/user/.m2/repository/org/apache/hadoop/hadoop-hdds-container-service/0.5.0-SNAPSHOT/hadoop-hdds-container-service-0.5.0-SNAPSHOT.jar:/home/user/.m2/repository/org/apache/hadoop/hadoop-hdds-client/0.5.0-SNAPSHOT/hadoop-hdds-client-0.5.0-SNAPSHOT.jar:/home/user/.m2/repository/org/apache/hadoop/hadoop-hdds-tools/0.5.0-SNAPSHOT/hadoop-hdds-tools-0.5.0-SNAPSHOT.jar:/home/user/.m2/repository/org/apache/hadoop/hadoop-hdds-server-scm/0.5.0-SNAPSHOT/hadoop-hdds-server-scm-0.5.0-SNAPSHOT.jar:/home/user/.m2/repository/org/apache/hadoop/hadoop-hdds-docs/0.5.0-SNAPSHOT/hadoop-hdds-docs-0.5.0-SNAPSHOT.jar:/home/user/.m2/repository/io/dropwizard/metrics/metrics-core/3.2.4/metrics-core-3.2.4.jar:/home/user/.m2/repository/org/hamcrest/hamcrest-all/1.3/hamcrest-all-1.3.jar:/home/user/.m2/repository/org/bouncycastle/bcprov-jdk15on/1.60/bcprov-jdk15on-1.60.jar:/home/user/.m2/repository/info/picocli/picocli/3.9.6/picocli-3.9.6.jar:/home/user/.m2/repository/com/google/protobuf/protobuf-java/2.5.0/protobuf-java-2.5.0.jar:/home/user/.m2/repository/com/google/guava/guava/11.0.2/guava-11.0.2.jar:/home/user/.m2/repository/org/apache/hadoop/hadoop-ozone-ozone-manager/0.5.0-SNAPSHOT/hadoop-ozone-ozone-manager-0.5.0-SNAPSHOT.jar:/home/user/.m2/repository/org/apache/hadoop/hadoop-minikdc/3.2.0/hadoop-minikdc-3.2.0.jar:/home/user/.m2/repository/commons-io/commons-io/2.5/commons-io-2.5.jar:/home/user/.m2/repository/org/apache/kerby/kerb-simplekdc/1.0.1/kerb-simplekdc-1.0.1.jar:/home/user/.m2/repository/org/apache/kerby/kerb-client/1.0.1/kerb-client-1.0.1.jar:/home/user/.m2/repository/org/apache/kerby/kerby-config/1.0.1/kerby-config-1.0.1.jar:/home/user/.m2/repository/org/apache/kerby/kerb-core/1.0.1/kerb-core-1.0.1.jar:/home/user/.m2/repository/org/apache/kerby/kerby-pkix/1.0.1/kerby-pkix-1.0.1.jar:/home/user/.m2/repository/org/apache/kerby/kerby-asn1/1.0.1/kerby-asn1-1.0.1.jar:/home/user/.m2/repository/org/apache/kerby/kerby-util/1.0.1/kerby-util-1.0.1.jar:/home/user/.m2/repository/org/apache/kerby/kerb-common/1.0.1/kerb-common-1.0.1.jar:/home/user/.m2/repository/org/apache/kerby/kerb-crypto/1.0.1/kerb-crypto-1.0.1.jar:/home/user/.m2/repository/org/apache/kerby/kerb-util/1.0.1/kerb-util-1.0.1.jar:/home/user/.m2/repository/org/apache/kerby/token-provider/1.0.1/token-provider-1.0.1.jar:/home/user/.m2/repository/org/apache/kerby/kerb-admin/1.0.1/kerb-admin-1.0.1.jar:/home/user/.m2/repository/org/apache/kerby/kerb-server/1.0.1/kerb-server-1.0.1.jar:/home/user/.m2/repository/org/apache/kerby/kerb-identity/1.0.1/kerb-identity-1.0.1.jar:/home/user/.m2/repository/org/apache/kerby/kerby-xdr/1.0.1/kerby-xdr-1.0.1.jar:/home/user/.m2/repository/org/slf4j/slf4j-log4j12/1.7.25/slf4j-log4j12-1.7.25.jar:/home/user/.m2/repository/org/apache/hadoop/hadoop-ozone-s3gateway/0.5.0-SNAPSHOT/hadoop-ozone-s3gateway-0.5.0-SNAPSHOT.jar:/home/user/.m2/repository/org/jboss/weld/servlet/weld-servlet/2.4.7.Final/weld-servlet-2.4.7.Final.jar:/home/user/.m2/repository/org/glassfish/jersey/containers/jersey-container-servlet-core/2.27/jersey-container-servlet-core-2.27.jar:/home/user/.m2/repository/org/glassfish/hk2/external/javax.inject/2.5.0-b42/javax.inject-2.5.0-b42.jar:/home/user/.m2/repository/org/glassfish/jersey/core/jersey-common/2.27/jersey-common-2.27.jar:/home/user/.m2/repository/org/glassfish/hk2/osgi-resource-locator/1.0.1/osgi-resource-locator-1.0.1.jar:/home/user/.m2/repository/javax/ws/rs/javax.ws.rs-api/2.1/javax.ws.rs-api-2.1.jar:/home/user/.m2/repository/org/glassfish/jersey/ext/cdi/jersey-cdi1x/2.27/jersey-cdi1x-2.27.jar:/home/user/.m2/repository/org/glassfish/jersey/inject/jersey-hk2/2.27/jersey-hk2-2.27.jar:/home/user/.m2/repository/org/glassfish/hk2/hk2-locator/2.5.0-b42/hk2-locator-2.5.0-b42.jar:/home/user/.m2/repository/org/javassist/javassist/3.22.0-CR2/javassist-3.22.0-CR2.jar:/home/user/.m2/repository/org/glassfish/hk2/hk2-api/2.5.0/hk2-api-2.5.0.jar:/home/user/.m2/repository/org/glassfish/hk2/external/jakarta.inject/2.5.0/jakarta.inject-2.5.0.jar:/home/user/.m2/repository/org/glassfish/hk2/hk2-utils/2.5.0/hk2-utils-2.5.0.jar:/home/user/.m2/repository/jakarta/annotation/jakarta.annotation-api/1.3.4/jakarta.annotation-api-1.3.4.jar:/home/user/.m2/repository/org/glassfish/hk2/external/aopalliance-repackaged/2.5.0/aopalliance-repackaged-2.5.0.jar:/home/user/.m2/repository/com/fasterxml/jackson/dataformat/jackson-dataformat-xml/2.9.0/jackson-dataformat-xml-2.9.0.jar:/home/user/.m2/repository/com/fasterxml/jackson/core/jackson-core/2.9.9/jackson-core-2.9.9.jar:/home/user/.m2/repository/com/fasterxml/jackson/module/jackson-module-jaxb-annotations/2.9.9/jackson-module-jaxb-annotations-2.9.9.jar:/home/user/.m2/repository/javax/enterprise/cdi-api/1.2/cdi-api-1.2.jar:/home/user/.m2/repository/javax/el/javax.el-api/3.0.0/javax.el-api-3.0.0.jar:/home/user/.m2/repository/javax/interceptor/javax.interceptor-api/1.2/javax.interceptor-api-1.2.jar:/home/user/.m2/repository/javax/inject/javax.inject/1/javax.inject-1.jar:/home/user/.m2/repository/com/sun/xml/bind/jaxb-impl/2.3.0.1/jaxb-impl-2.3.0.1.jar:/home/user/.m2/repository/com/sun/xml/bind/jaxb-core/2.3.0.1/jaxb-core-2.3.0.1.jar:/home/user/.m2/repository/javax/xml/bind/jaxb-api/2.3.0/jaxb-api-2.3.0.jar:/home/user/.m2/repository/javax/activation/activation/1.1.1/activation-1.1.1.jar:/home/user/.m2/repository/org/apache/hadoop/hadoop-ozone-csi/0.5.0-SNAPSHOT/hadoop-ozone-csi-0.5.0-SNAPSHOT.jar:/home/user/.m2/repository/com/google/protobuf/protobuf-java-util/3.5.1/protobuf-java-util-3.5.1.jar:/home/user/.m2/repository/org/apache/hadoop/hadoop-hdds-config/0.5.0-SNAPSHOT/hadoop-hdds-config-0.5.0-SNAPSHOT.jar:/home/user/.m2/repository/io/grpc/grpc-netty/1.17.1/grpc-netty-1.17.1.jar:/home/user/.m2/repository/io/grpc/grpc-core/1.17.1/grpc-core-1.17.1.jar:/home/user/.m2/repository/io/grpc/grpc-context/1.17.1/grpc-context-1.17.1.jar:/home/user/.m2/repository/com/google/errorprone/error_prone_annotations/2.2.0/error_prone_annotations-2.2.0.jar:/home/user/.m2/repository/org/codehaus/mojo/animal-sniffer-annotations/1.17/animal-sniffer-annotations-1.17.jar:/home/user/.m2/repository/io/opencensus/opencensus-api/0.17.0/opencensus-api-0.17.0.jar:/home/user/.m2/repository/io/opencensus/opencensus-contrib-grpc-metrics/0.17.0/opencensus-contrib-grpc-metrics-0.17.0.jar:/home/user/.m2/repository/io/netty/netty-codec-http2/4.1.30.Final/netty-codec-http2-4.1.30.Final.jar:/home/user/.m2/repository/io/netty/netty-codec-http/4.1.30.Final/netty-codec-http-4.1.30.Final.jar:/home/user/.m2/repository/io/netty/netty-codec/4.1.30.Final/netty-codec-4.1.30.Final.jar:/home/user/.m2/repository/io/netty/netty-handler/4.1.30.Final/netty-handler-4.1.30.Final.jar:/home/user/.m2/repository/io/netty/netty-handler-proxy/4.1.30.Final/netty-handler-proxy-4.1.30.Final.jar:/home/user/.m2/repository/io/netty/netty-codec-socks/4.1.30.Final/netty-codec-socks-4.1.30.Final.jar:/home/user/.m2/repository/io/netty/netty-transport-native-epoll/4.1.30.Final/netty-transport-native-epoll-4.1.30.Final.jar:/home/user/.m2/repository/io/netty/netty-common/4.1.30.Final/netty-common-4.1.30.Final.jar:/home/user/.m2/repository/io/netty/netty-buffer/4.1.30.Final/netty-buffer-4.1.30.Final.jar:/home/user/.m2/repository/io/netty/netty-transport/4.1.30.Final/netty-transport-4.1.30.Final.jar:/home/user/.m2/repository/io/netty/netty-resolver/4.1.30.Final/netty-resolver-4.1.30.Final.jar:/home/user/.m2/repository/io/netty/netty-transport-native-unix-common/4.1.30.Final/netty-transport-native-unix-common-4.1.30.Final.jar:/home/user/.m2/repository/io/grpc/grpc-protobuf/1.17.1/grpc-protobuf-1.17.1.jar:/home/user/.m2/repository/com/google/api/grpc/proto-google-common-protos/1.0.0/proto-google-common-protos-1.0.0.jar:/home/user/.m2/repository/io/grpc/grpc-protobuf-lite/1.17.1/grpc-protobuf-lite-1.17.1.jar:/home/user/.m2/repository/io/grpc/grpc-stub/1.17.1/grpc-stub-1.17.1.jar:/home/user/.m2/repository/org/apache/hadoop/hadoop-ozone-recon/0.5.0-SNAPSHOT/hadoop-ozone-recon-0.5.0-SNAPSHOT.jar:/home/user/.m2/repository/org/apache/hadoop/hadoop-ozone-reconcodegen/0.5.0-SNAPSHOT/hadoop-ozone-reconcodegen-0.5.0-SNAPSHOT.jar:/home/user/.m2/repository/com/google/inject/extensions/guice-multibindings/4.0/guice-multibindings-4.0.jar:/home/user/.m2/repository/com/google/inject/guice/4.0/guice-4.0.jar:/home/user/.m2/repository/aopalliance/aopalliance/1.0/aopalliance-1.0.jar:/home/user/.m2/repository/com/google/inject/extensions/guice-servlet/4.0/guice-servlet-4.0.jar:/home/user/.m2/repository/org/glassfish/jersey/containers/jersey-container-servlet/2.27/jersey-container-servlet-2.27.jar:/home/user/.m2/repository/org/glassfish/hk2/guice-bridge/2.5.0/guice-bridge-2.5.0.jar:/home/user/.m2/repository/org/glassfish/jersey/core/jersey-server/2.27/jersey-server-2.27.jar:/home/user/.m2/repository/org/glassfish/jersey/core/jersey-client/2.27/jersey-client-2.27.jar:/home/user/.m2/repository/org/glassfish/jersey/media/jersey-media-jaxb/2.27/jersey-media-jaxb-2.27.jar:/home/user/.m2/repository/javax/validation/validation-api/1.1.0.Final/validation-api-1.1.0.Final.jar:/home/user/.m2/repository/org/glassfish/jersey/media/jersey-media-json-jackson/2.27/jersey-media-json-jackson-2.27.jar:/home/user/.m2/repository/org/glassfish/jersey/ext/jersey-entity-filtering/2.27/jersey-entity-filtering-2.27.jar:/home/user/.m2/repository/com/google/inject/extensions/guice-assistedinject/4.0/guice-assistedinject-4.0.jar:/home/user/.m2/repository/org/jooq/jooq/3.11.10/jooq-3.11.10.jar:/home/user/.m2/repository/org/jooq/jooq-meta/3.11.10/jooq-meta-3.11.10.jar:/home/user/.m2/repository/org/jooq/jooq-codegen/3.11.10/jooq-codegen-3.11.10.jar:/home/user/.m2/repository/com/jolbox/bonecp/0.8.0.RELEASE/bonecp-0.8.0.RELEASE.jar:/home/user/.m2/repository/org/xerial/sqlite-jdbc/3.25.2/sqlite-jdbc-3.25.2.jar:/home/user/.m2/repository/org/springframework/spring-jdbc/5.1.3.RELEASE/spring-jdbc-5.1.3.RELEASE.jar:/home/user/.m2/repository/org/springframework/spring-beans/5.1.3.RELEASE/spring-beans-5.1.3.RELEASE.jar:/home/user/.m2/repository/org/springframework/spring-core/5.1.3.RELEASE/spring-core-5.1.3.RELEASE.jar:/home/user/.m2/repository/org/springframework/spring-jcl/5.1.3.RELEASE/spring-jcl-5.1.3.RELEASE.jar:/home/user/.m2/repository/org/springframework/spring-tx/5.1.3.RELEASE/spring-tx-5.1.3.RELEASE.jar:/home/user/.m2/repository/org/apache/hadoop/hadoop-ozone-client/0.5.0-SNAPSHOT/hadoop-ozone-client-0.5.0-SNAPSHOT.jar:/home/user/.m2/repository/commons-lang/commons-lang/2.6/commons-lang-2.6.jar:/home/user/.m2/repository/org/apache/hadoop/hadoop-ozone-ozone-manager/0.5.0-SNAPSHOT/hadoop-ozone-ozone-manager-0.5.0-SNAPSHOT-tests.jar:/home/user/.m2/repository/junit/junit/4.11/junit-4.11.jar:/home/user/.m2/repository/org/hamcrest/hamcrest-core/1.3/hamcrest-core-1.3.jar:/home/user/.m2/repository/org/openjdk/jmh/jmh-core/1.19/jmh-core-1.19.jar:/home/user/.m2/repository/net/sf/jopt-simple/jopt-simple/4.6/jopt-simple-4.6.jar:/home/user/.m2/repository/org/apache/commons/commons-math3/3.1.1/commons-math3-3.1.1.jar:/home/user/.m2/repository/org/openjdk/jmh/jmh-generator-annprocess/1.19/jmh-generator-annprocess-1.19.jar:/home/user/.m2/repository/org/mockito/mockito-all/1.8.5/mockito-all-1.8.5.jar:/home/user/.m2/repository/org/apache/hadoop/hadoop-kms/3.2.0/hadoop-kms-3.2.0.jar:/home/user/.m2/repository/org/apache/hadoop/hadoop-auth/3.2.0/hadoop-auth-3.2.0.jar:/home/user/.m2/repository/com/nimbusds/nimbus-jose-jwt/4.41.1/nimbus-jose-jwt-4.41.1.jar:/home/user/.m2/repository/com/github/stephenc/jcip/jcip-annotations/1.0-1/jcip-annotations-1.0-1.jar:/home/user/.m2/repository/net/minidev/json-smart/2.3/json-smart-2.3.jar:/home/user/.m2/repository/net/minidev/accessors-smart/1.2/accessors-smart-1.2.jar:/home/user/.m2/repository/org/ow2/asm/asm/5.0.4/asm-5.0.4.jar:/home/user/.m2/repository/org/apache/curator/curator-framework/2.12.0/curator-framework-2.12.0.jar:/home/user/.m2/repository/com/sun/jersey/jersey-core/1.19/jersey-core-1.19.jar:/home/user/.m2/repository/javax/ws/rs/jsr311-api/1.1.1/jsr311-api-1.1.1.jar:/home/user/.m2/repository/com/sun/jersey/jersey-server/1.19/jersey-server-1.19.jar:/home/user/.m2/repository/javax/servlet/javax.servlet-api/3.1.0/javax.servlet-api-3.1.0.jar:/home/user/.m2/repository/org/eclipse/jetty/jetty-server/9.3.25.v20180904/jetty-server-9.3.25.v20180904.jar:/home/user/.m2/repository/org/eclipse/jetty/jetty-http/9.3.25.v20180904/jetty-http-9.3.25.v20180904.jar:/home/user/.m2/repository/org/eclipse/jetty/jetty-io/9.3.25.v20180904/jetty-io-9.3.25.v20180904.jar:/home/user/.m2/repository/org/eclipse/jetty/jetty-webapp/9.3.25.v20180904/jetty-webapp-9.3.25.v20180904.jar:/home/user/.m2/repository/org/eclipse/jetty/jetty-xml/9.3.25.v20180904/jetty-xml-9.3.25.v20180904.jar:/home/user/.m2/repository/log4j/log4j/1.2.17/log4j-1.2.17.jar:/home/user/.m2/repository/org/slf4j/slf4j-api/1.7.25/slf4j-api-1.7.25.jar:/home/user/.m2/repository/org/slf4j/jul-to-slf4j/1.7.25/jul-to-slf4j-1.7.25.jar:/home/user/.m2/repository/org/eclipse/jetty/jetty-util/9.3.25.v20180904/jetty-util-9.3.25.v20180904.jar:/home/user/.m2/repository/com/fasterxml/jackson/core/jackson-databind/2.9.9/jackson-databind-2.9.9.jar:/home/user/.m2/repository/org/apache/hadoop/hadoop-kms/3.2.0/hadoop-kms-3.2.0-tests.jar:/home/user/.m2/repository/org/apache/hadoop/hadoop-hdds-server-scm/0.5.0-SNAPSHOT/hadoop-hdds-server-scm-0.5.0-SNAPSHOT-tests.jar:/home/user/.m2/repository/org/apache/hadoop/hadoop-hdds-container-service/0.5.0-SNAPSHOT/hadoop-hdds-container-service-0.5.0-SNAPSHOT-tests.jar:/home/user/.m2/repository/org/yaml/snakeyaml/1.16/snakeyaml-1.16.jar:/home/user/.m2/repository/org/apache/hadoop/hadoop-common/3.2.0/hadoop-common-3.2.0-tests.jar:/home/user/.m2/repository/org/apache/hadoop/hadoop-annotations/3.2.0/hadoop-annotations-3.2.0.jar:/usr/lib/jvm/java-1.8-openjdk/jre/../lib/tools.jar:/home/user/.m2/repository/commons-cli/commons-cli/1.2/commons-cli-1.2.jar:/home/user/.m2/repository/org/apache/httpcomponents/httpclient/4.5.2/httpclient-4.5.2.jar:/home/user/.m2/repository/org/apache/httpcomponents/httpcore/4.4.4/httpcore-4.4.4.jar:/home/user/.m2/repository/commons-codec/commons-codec/1.11/commons-codec-1.11.jar:/home/user/.m2/repository/commons-net/commons-net/3.6/commons-net-3.6.jar:/home/user/.m2/repository/commons-collections/commons-collections/3.2.2/commons-collections-3.2.2.jar:/home/user/.m2/repository/org/eclipse/jetty/jetty-servlet/9.3.25.v20180904/jetty-servlet-9.3.25.v20180904.jar:/home/user/.m2/repository/org/eclipse/jetty/jetty-security/9.3.25.v20180904/jetty-security-9.3.25.v20180904.jar:/home/user/.m2/repository/javax/servlet/jsp/jsp-api/2.1/jsp-api-2.1.jar:/home/user/.m2/repository/com/sun/jersey/jersey-servlet/1.19/jersey-servlet-1.19.jar:/home/user/.m2/repository/com/sun/jersey/jersey-json/1.19/jersey-json-1.19.jar:/home/user/.m2/repository/org/codehaus/jettison/jettison/1.1/jettison-1.1.jar:/home/user/.m2/repository/org/codehaus/jackson/jackson-core-asl/1.9.13/jackson-core-asl-1.9.13.jar:/home/user/.m2/repository/org/codehaus/jackson/jackson-mapper-asl/1.9.13/jackson-mapper-asl-1.9.13.jar:/home/user/.m2/repository/org/codehaus/jackson/jackson-jaxrs/1.9.13/jackson-jaxrs-1.9.13.jar:/home/user/.m2/repository/org/codehaus/jackson/jackson-xc/1.9.13/jackson-xc-1.9.13.jar:/home/user/.m2/repository/commons-logging/commons-logging/1.1.3/commons-logging-1.1.3.jar:/home/user/.m2/repository/commons-beanutils/commons-beanutils/1.9.4/commons-beanutils-1.9.4.jar:/home/user/.m2/repository/org/apache/commons/commons-configuration2/2.1.1/commons-configuration2-2.1.1.jar:/home/user/.m2/repository/org/apache/commons/commons-lang3/3.7/commons-lang3-3.7.jar:/home/user/.m2/repository/org/apache/commons/commons-text/1.4/commons-text-1.4.jar:/home/user/.m2/repository/org/apache/avro/avro/1.7.7/avro-1.7.7.jar:/home/user/.m2/repository/com/thoughtworks/paranamer/paranamer/2.3/paranamer-2.3.jar:/home/user/.m2/repository/org/xerial/snappy/snappy-java/1.0.5/snappy-java-1.0.5.jar:/home/user/.m2/repository/com/google/re2j/re2j/1.1/re2j-1.1.jar:/home/user/.m2/repository/com/google/code/gson/gson/2.2.4/gson-2.2.4.jar:/home/user/.m2/repository/com/jcraft/jsch/0.1.54/jsch-0.1.54.jar:/home/user/.m2/repository/org/apache/curator/curator-client/2.12.0/curator-client-2.12.0.jar:/home/user/.m2/repository/org/apache/curator/curator-recipes/2.12.0/curator-recipes-2.12.0.jar:/home/user/.m2/repository/com/google/code/findbugs/jsr305/3.0.0/jsr305-3.0.0.jar:/home/user/.m2/repository/org/apache/htrace/htrace-core4/4.1.0-incubating/htrace-core4-4.1.0-incubating.jar:/home/user/.m2/repository/org/apache/zookeeper/zookeeper/3.4.13/zookeeper-3.4.13.jar:/home/user/.m2/repository/jline/jline/0.9.94/jline-0.9.94.jar:/home/user/.m2/repository/org/apache/yetus/audience-annotations/0.5.0/audience-annotations-0.5.0.jar:/home/user/.m2/repository/org/codehaus/woodstox/stax2-api/3.1.4/stax2-api-3.1.4.jar:/home/user/.m2/repository/com/fasterxml/woodstox/woodstox-core/5.0.3/woodstox-core-5.0.3.jar:/home/user/.m2/repository/dnsjava/dnsjava/2.1.7/dnsjava-2.1.7.jar:/home/user/.m2/repository/org/apache/hadoop/hadoop-hdfs/3.2.0/hadoop-hdfs-3.2.0-tests.jar:/home/user/.m2/repository/org/eclipse/jetty/jetty-util-ajax/9.3.25.v20180904/jetty-util-ajax-9.3.25.v20180904.jar:/home/user/.m2/repository/commons-daemon/commons-daemon/1.0.13/commons-daemon-1.0.13.jar:/home/user/.m2/repository/io/netty/netty/3.10.5.Final/netty-3.10.5.Final.jar:/home/user/.m2/repository/io/netty/netty-all/4.0.52.Final/netty-all-4.0.52.Final.jar:/home/user/.m2/repository/org/fusesource/leveldbjni/leveldbjni-all/1.8/leveldbjni-all-1.8.jar:"/>
    <property name="java.vm.vendor" value="IcedTea"/>
    <property name="sun.arch.data.model" value="64"/>
    <property name="test.build.dir" value="/workdir/hadoop-ozone/integration-test/target/test-dir"/>
    <property name="test.cache.data" value=""/>
    <property name="java.vendor.url" value="https://icedtea.classpath.org"/>
    <property name="user.timezone" value=""/>
    <property name="java.vm.specification.version" value="1.8"/>
    <property name="os.name" value="Linux"/>
    <property name="test.build.data" value="/workdir/hadoop-ozone/integration-test/target/test-dir"/>
    <property name="user.country" value="US"/>
    <property name="sun.java.launcher" value="SUN_STANDARD"/>
    <property name="sun.boot.library.path" value="/usr/lib/jvm/java-1.8-openjdk/jre/lib/amd64"/>
    <property name="sun.java.command" value="/workdir/hadoop-ozone/integration-test/target/surefire/surefirebooter3119714772669567453.jar /workdir/hadoop-ozone/integration-test/target/surefire 2019-09-26T09-15-41_457-jvmRun1 surefire2263671537281349809tmp surefire_548081172301117172467tmp"/>
    <property name="test" value="!TestMiniChaosOzoneCluster"/>
    <property name="surefire.test.class.path" value="/workdir/hadoop-ozone/integration-test/target/test-classes:/workdir/hadoop-ozone/integration-test/target/classes:/home/user/.m2/repository/org/apache/hadoop/hadoop-ozone-common/0.5.0-SNAPSHOT/hadoop-ozone-common-0.5.0-SNAPSHOT.jar:/home/user/.m2/repository/org/apache/commons/commons-compress/1.4.1/commons-compress-1.4.1.jar:/home/user/.m2/repository/org/tukaani/xz/1.0/xz-1.0.jar:/home/user/.m2/repository/org/apache/hadoop/hadoop-common/3.2.0/hadoop-common-3.2.0.jar:/home/user/.m2/repository/org/apache/hadoop/hadoop-hdfs/3.2.0/hadoop-hdfs-3.2.0.jar:/home/user/.m2/repository/org/apache/hadoop/hadoop-hdfs-client/3.2.0/hadoop-hdfs-client-3.2.0.jar:/home/user/.m2/repository/com/fasterxml/jackson/core/jackson-annotations/2.9.9/jackson-annotations-2.9.9.jar:/home/user/.m2/repository/org/apache/hadoop/hadoop-hdds-common/0.5.0-SNAPSHOT/hadoop-hdds-common-0.5.0-SNAPSHOT.jar:/home/user/.m2/repository/javax/annotation/javax.annotation-api/1.2/javax.annotation-api-1.2.jar:/home/user/.m2/repository/org/apache/ratis/ratis-server/0.4.0/ratis-server-0.4.0.jar:/home/user/.m2/repository/org/apache/ratis/ratis-thirdparty-misc/0.2.0/ratis-thirdparty-misc-0.2.0.jar:/home/user/.m2/repository/org/apache/ratis/ratis-proto/0.4.0/ratis-proto-0.4.0.jar:/home/user/.m2/repository/org/apache/ratis/ratis-common/0.4.0/ratis-common-0.4.0.jar:/home/user/.m2/repository/org/apache/ratis/ratis-client/0.4.0/ratis-client-0.4.0.jar:/home/user/.m2/repository/org/apache/ratis/ratis-metrics/0.4.0/ratis-metrics-0.4.0.jar:/home/user/.m2/repository/com/github/joshelser/dropwizard-metrics-hadoop-metrics2-reporter/0.1.2/dropwizard-metrics-hadoop-metrics2-reporter-0.1.2.jar:/home/user/.m2/repository/io/dropwizard/metrics/metrics-jvm/3.2.5/metrics-jvm-3.2.5.jar:/home/user/.m2/repository/io/dropwizard/metrics/metrics-ganglia/3.2.5/metrics-ganglia-3.2.5.jar:/home/user/.m2/repository/info/ganglia/gmetric4j/gmetric4j/1.0.7/gmetric4j-1.0.7.jar:/home/user/.m2/repository/org/apache/ratis/ratis-netty/0.4.0/ratis-netty-0.4.0.jar:/home/user/.m2/repository/org/apache/ratis/ratis-grpc/0.4.0/ratis-grpc-0.4.0.jar:/home/user/.m2/repository/org/rocksdb/rocksdbjni/6.0.1/rocksdbjni-6.0.1.jar:/home/user/.m2/repository/org/apache/logging/log4j/log4j-api/2.11.0/log4j-api-2.11.0.jar:/home/user/.m2/repository/org/apache/logging/log4j/log4j-core/2.11.0/log4j-core-2.11.0.jar:/home/user/.m2/repository/com/lmax/disruptor/3.4.2/disruptor-3.4.2.jar:/home/user/.m2/repository/org/apache/commons/commons-pool2/2.6.0/commons-pool2-2.6.0.jar:/home/user/.m2/repository/org/bouncycastle/bcpkix-jdk15on/1.60/bcpkix-jdk15on-1.60.jar:/home/user/.m2/repository/commons-validator/commons-validator/1.6/commons-validator-1.6.jar:/home/user/.m2/repository/commons-digester/commons-digester/1.8.1/commons-digester-1.8.1.jar:/home/user/.m2/repository/io/jaegertracing/jaeger-client/0.34.0/jaeger-client-0.34.0.jar:/home/user/.m2/repository/io/jaegertracing/jaeger-thrift/0.34.0/jaeger-thrift-0.34.0.jar:/home/user/.m2/repository/org/apache/thrift/libthrift/0.12.0/libthrift-0.12.0.jar:/home/user/.m2/repository/com/squareup/okhttp3/okhttp/3.9.0/okhttp-3.9.0.jar:/home/user/.m2/repository/com/squareup/okio/okio/1.13.0/okio-1.13.0.jar:/home/user/.m2/repository/io/jaegertracing/jaeger-core/0.34.0/jaeger-core-0.34.0.jar:/home/user/.m2/repository/io/jaegertracing/jaeger-tracerresolver/0.34.0/jaeger-tracerresolver-0.34.0.jar:/home/user/.m2/repository/io/opentracing/contrib/opentracing-tracerresolver/0.1.5/opentracing-tracerresolver-0.1.5.jar:/home/user/.m2/repository/io/opentracing/opentracing-util/0.31.0/opentracing-util-0.31.0.jar:/home/user/.m2/repository/io/opentracing/opentracing-api/0.31.0/opentracing-api-0.31.0.jar:/home/user/.m2/repository/io/opentracing/opentracing-noop/0.31.0/opentracing-noop-0.31.0.jar:/home/user/.m2/repository/org/apache/hadoop/hadoop-hdds-server-framework/0.5.0-SNAPSHOT/hadoop-hdds-server-framework-0.5.0-SNAPSHOT.jar:/home/user/.m2/repository/org/apache/hadoop/hadoop-hdds-container-service/0.5.0-SNAPSHOT/hadoop-hdds-container-service-0.5.0-SNAPSHOT.jar:/home/user/.m2/repository/org/apache/hadoop/hadoop-hdds-client/0.5.0-SNAPSHOT/hadoop-hdds-client-0.5.0-SNAPSHOT.jar:/home/user/.m2/repository/org/apache/hadoop/hadoop-hdds-tools/0.5.0-SNAPSHOT/hadoop-hdds-tools-0.5.0-SNAPSHOT.jar:/home/user/.m2/repository/org/apache/hadoop/hadoop-hdds-server-scm/0.5.0-SNAPSHOT/hadoop-hdds-server-scm-0.5.0-SNAPSHOT.jar:/home/user/.m2/repository/org/apache/hadoop/hadoop-hdds-docs/0.5.0-SNAPSHOT/hadoop-hdds-docs-0.5.0-SNAPSHOT.jar:/home/user/.m2/repository/io/dropwizard/metrics/metrics-core/3.2.4/metrics-core-3.2.4.jar:/home/user/.m2/repository/org/hamcrest/hamcrest-all/1.3/hamcrest-all-1.3.jar:/home/user/.m2/repository/org/bouncycastle/bcprov-jdk15on/1.60/bcprov-jdk15on-1.60.jar:/home/user/.m2/repository/info/picocli/picocli/3.9.6/picocli-3.9.6.jar:/home/user/.m2/repository/com/google/protobuf/protobuf-java/2.5.0/protobuf-java-2.5.0.jar:/home/user/.m2/repository/com/google/guava/guava/11.0.2/guava-11.0.2.jar:/home/user/.m2/repository/org/apache/hadoop/hadoop-ozone-ozone-manager/0.5.0-SNAPSHOT/hadoop-ozone-ozone-manager-0.5.0-SNAPSHOT.jar:/home/user/.m2/repository/org/apache/hadoop/hadoop-minikdc/3.2.0/hadoop-minikdc-3.2.0.jar:/home/user/.m2/repository/commons-io/commons-io/2.5/commons-io-2.5.jar:/home/user/.m2/repository/org/apache/kerby/kerb-simplekdc/1.0.1/kerb-simplekdc-1.0.1.jar:/home/user/.m2/repository/org/apache/kerby/kerb-client/1.0.1/kerb-client-1.0.1.jar:/home/user/.m2/repository/org/apache/kerby/kerby-config/1.0.1/kerby-config-1.0.1.jar:/home/user/.m2/repository/org/apache/kerby/kerb-core/1.0.1/kerb-core-1.0.1.jar:/home/user/.m2/repository/org/apache/kerby/kerby-pkix/1.0.1/kerby-pkix-1.0.1.jar:/home/user/.m2/repository/org/apache/kerby/kerby-asn1/1.0.1/kerby-asn1-1.0.1.jar:/home/user/.m2/repository/org/apache/kerby/kerby-util/1.0.1/kerby-util-1.0.1.jar:/home/user/.m2/repository/org/apache/kerby/kerb-common/1.0.1/kerb-common-1.0.1.jar:/home/user/.m2/repository/org/apache/kerby/kerb-crypto/1.0.1/kerb-crypto-1.0.1.jar:/home/user/.m2/repository/org/apache/kerby/kerb-util/1.0.1/kerb-util-1.0.1.jar:/home/user/.m2/repository/org/apache/kerby/token-provider/1.0.1/token-provider-1.0.1.jar:/home/user/.m2/repository/org/apache/kerby/kerb-admin/1.0.1/kerb-admin-1.0.1.jar:/home/user/.m2/repository/org/apache/kerby/kerb-server/1.0.1/kerb-server-1.0.1.jar:/home/user/.m2/repository/org/apache/kerby/kerb-identity/1.0.1/kerb-identity-1.0.1.jar:/home/user/.m2/repository/org/apache/kerby/kerby-xdr/1.0.1/kerby-xdr-1.0.1.jar:/home/user/.m2/repository/org/slf4j/slf4j-log4j12/1.7.25/slf4j-log4j12-1.7.25.jar:/home/user/.m2/repository/org/apache/hadoop/hadoop-ozone-s3gateway/0.5.0-SNAPSHOT/hadoop-ozone-s3gateway-0.5.0-SNAPSHOT.jar:/home/user/.m2/repository/org/jboss/weld/servlet/weld-servlet/2.4.7.Final/weld-servlet-2.4.7.Final.jar:/home/user/.m2/repository/org/glassfish/jersey/containers/jersey-container-servlet-core/2.27/jersey-container-servlet-core-2.27.jar:/home/user/.m2/repository/org/glassfish/hk2/external/javax.inject/2.5.0-b42/javax.inject-2.5.0-b42.jar:/home/user/.m2/repository/org/glassfish/jersey/core/jersey-common/2.27/jersey-common-2.27.jar:/home/user/.m2/repository/org/glassfish/hk2/osgi-resource-locator/1.0.1/osgi-resource-locator-1.0.1.jar:/home/user/.m2/repository/javax/ws/rs/javax.ws.rs-api/2.1/javax.ws.rs-api-2.1.jar:/home/user/.m2/repository/org/glassfish/jersey/ext/cdi/jersey-cdi1x/2.27/jersey-cdi1x-2.27.jar:/home/user/.m2/repository/org/glassfish/jersey/inject/jersey-hk2/2.27/jersey-hk2-2.27.jar:/home/user/.m2/repository/org/glassfish/hk2/hk2-locator/2.5.0-b42/hk2-locator-2.5.0-b42.jar:/home/user/.m2/repository/org/javassist/javassist/3.22.0-CR2/javassist-3.22.0-CR2.jar:/home/user/.m2/repository/org/glassfish/hk2/hk2-api/2.5.0/hk2-api-2.5.0.jar:/home/user/.m2/repository/org/glassfish/hk2/external/jakarta.inject/2.5.0/jakarta.inject-2.5.0.jar:/home/user/.m2/repository/org/glassfish/hk2/hk2-utils/2.5.0/hk2-utils-2.5.0.jar:/home/user/.m2/repository/jakarta/annotation/jakarta.annotation-api/1.3.4/jakarta.annotation-api-1.3.4.jar:/home/user/.m2/repository/org/glassfish/hk2/external/aopalliance-repackaged/2.5.0/aopalliance-repackaged-2.5.0.jar:/home/user/.m2/repository/com/fasterxml/jackson/dataformat/jackson-dataformat-xml/2.9.0/jackson-dataformat-xml-2.9.0.jar:/home/user/.m2/repository/com/fasterxml/jackson/core/jackson-core/2.9.9/jackson-core-2.9.9.jar:/home/user/.m2/repository/com/fasterxml/jackson/module/jackson-module-jaxb-annotations/2.9.9/jackson-module-jaxb-annotations-2.9.9.jar:/home/user/.m2/repository/javax/enterprise/cdi-api/1.2/cdi-api-1.2.jar:/home/user/.m2/repository/javax/el/javax.el-api/3.0.0/javax.el-api-3.0.0.jar:/home/user/.m2/repository/javax/interceptor/javax.interceptor-api/1.2/javax.interceptor-api-1.2.jar:/home/user/.m2/repository/javax/inject/javax.inject/1/javax.inject-1.jar:/home/user/.m2/repository/com/sun/xml/bind/jaxb-impl/2.3.0.1/jaxb-impl-2.3.0.1.jar:/home/user/.m2/repository/com/sun/xml/bind/jaxb-core/2.3.0.1/jaxb-core-2.3.0.1.jar:/home/user/.m2/repository/javax/xml/bind/jaxb-api/2.3.0/jaxb-api-2.3.0.jar:/home/user/.m2/repository/javax/activation/activation/1.1.1/activation-1.1.1.jar:/home/user/.m2/repository/org/apache/hadoop/hadoop-ozone-csi/0.5.0-SNAPSHOT/hadoop-ozone-csi-0.5.0-SNAPSHOT.jar:/home/user/.m2/repository/com/google/protobuf/protobuf-java-util/3.5.1/protobuf-java-util-3.5.1.jar:/home/user/.m2/repository/org/apache/hadoop/hadoop-hdds-config/0.5.0-SNAPSHOT/hadoop-hdds-config-0.5.0-SNAPSHOT.jar:/home/user/.m2/repository/io/grpc/grpc-netty/1.17.1/grpc-netty-1.17.1.jar:/home/user/.m2/repository/io/grpc/grpc-core/1.17.1/grpc-core-1.17.1.jar:/home/user/.m2/repository/io/grpc/grpc-context/1.17.1/grpc-context-1.17.1.jar:/home/user/.m2/repository/com/google/errorprone/error_prone_annotations/2.2.0/error_prone_annotations-2.2.0.jar:/home/user/.m2/repository/org/codehaus/mojo/animal-sniffer-annotations/1.17/animal-sniffer-annotations-1.17.jar:/home/user/.m2/repository/io/opencensus/opencensus-api/0.17.0/opencensus-api-0.17.0.jar:/home/user/.m2/repository/io/opencensus/opencensus-contrib-grpc-metrics/0.17.0/opencensus-contrib-grpc-metrics-0.17.0.jar:/home/user/.m2/repository/io/netty/netty-codec-http2/4.1.30.Final/netty-codec-http2-4.1.30.Final.jar:/home/user/.m2/repository/io/netty/netty-codec-http/4.1.30.Final/netty-codec-http-4.1.30.Final.jar:/home/user/.m2/repository/io/netty/netty-codec/4.1.30.Final/netty-codec-4.1.30.Final.jar:/home/user/.m2/repository/io/netty/netty-handler/4.1.30.Final/netty-handler-4.1.30.Final.jar:/home/user/.m2/repository/io/netty/netty-handler-proxy/4.1.30.Final/netty-handler-proxy-4.1.30.Final.jar:/home/user/.m2/repository/io/netty/netty-codec-socks/4.1.30.Final/netty-codec-socks-4.1.30.Final.jar:/home/user/.m2/repository/io/netty/netty-transport-native-epoll/4.1.30.Final/netty-transport-native-epoll-4.1.30.Final.jar:/home/user/.m2/repository/io/netty/netty-common/4.1.30.Final/netty-common-4.1.30.Final.jar:/home/user/.m2/repository/io/netty/netty-buffer/4.1.30.Final/netty-buffer-4.1.30.Final.jar:/home/user/.m2/repository/io/netty/netty-transport/4.1.30.Final/netty-transport-4.1.30.Final.jar:/home/user/.m2/repository/io/netty/netty-resolver/4.1.30.Final/netty-resolver-4.1.30.Final.jar:/home/user/.m2/repository/io/netty/netty-transport-native-unix-common/4.1.30.Final/netty-transport-native-unix-common-4.1.30.Final.jar:/home/user/.m2/repository/io/grpc/grpc-protobuf/1.17.1/grpc-protobuf-1.17.1.jar:/home/user/.m2/repository/com/google/api/grpc/proto-google-common-protos/1.0.0/proto-google-common-protos-1.0.0.jar:/home/user/.m2/repository/io/grpc/grpc-protobuf-lite/1.17.1/grpc-protobuf-lite-1.17.1.jar:/home/user/.m2/repository/io/grpc/grpc-stub/1.17.1/grpc-stub-1.17.1.jar:/home/user/.m2/repository/org/apache/hadoop/hadoop-ozone-recon/0.5.0-SNAPSHOT/hadoop-ozone-recon-0.5.0-SNAPSHOT.jar:/home/user/.m2/repository/org/apache/hadoop/hadoop-ozone-reconcodegen/0.5.0-SNAPSHOT/hadoop-ozone-reconcodegen-0.5.0-SNAPSHOT.jar:/home/user/.m2/repository/com/google/inject/extensions/guice-multibindings/4.0/guice-multibindings-4.0.jar:/home/user/.m2/repository/com/google/inject/guice/4.0/guice-4.0.jar:/home/user/.m2/repository/aopalliance/aopalliance/1.0/aopalliance-1.0.jar:/home/user/.m2/repository/com/google/inject/extensions/guice-servlet/4.0/guice-servlet-4.0.jar:/home/user/.m2/repository/org/glassfish/jersey/containers/jersey-container-servlet/2.27/jersey-container-servlet-2.27.jar:/home/user/.m2/repository/org/glassfish/hk2/guice-bridge/2.5.0/guice-bridge-2.5.0.jar:/home/user/.m2/repository/org/glassfish/jersey/core/jersey-server/2.27/jersey-server-2.27.jar:/home/user/.m2/repository/org/glassfish/jersey/core/jersey-client/2.27/jersey-client-2.27.jar:/home/user/.m2/repository/org/glassfish/jersey/media/jersey-media-jaxb/2.27/jersey-media-jaxb-2.27.jar:/home/user/.m2/repository/javax/validation/validation-api/1.1.0.Final/validation-api-1.1.0.Final.jar:/home/user/.m2/repository/org/glassfish/jersey/media/jersey-media-json-jackson/2.27/jersey-media-json-jackson-2.27.jar:/home/user/.m2/repository/org/glassfish/jersey/ext/jersey-entity-filtering/2.27/jersey-entity-filtering-2.27.jar:/home/user/.m2/repository/com/google/inject/extensions/guice-assistedinject/4.0/guice-assistedinject-4.0.jar:/home/user/.m2/repository/org/jooq/jooq/3.11.10/jooq-3.11.10.jar:/home/user/.m2/repository/org/jooq/jooq-meta/3.11.10/jooq-meta-3.11.10.jar:/home/user/.m2/repository/org/jooq/jooq-codegen/3.11.10/jooq-codegen-3.11.10.jar:/home/user/.m2/repository/com/jolbox/bonecp/0.8.0.RELEASE/bonecp-0.8.0.RELEASE.jar:/home/user/.m2/repository/org/xerial/sqlite-jdbc/3.25.2/sqlite-jdbc-3.25.2.jar:/home/user/.m2/repository/org/springframework/spring-jdbc/5.1.3.RELEASE/spring-jdbc-5.1.3.RELEASE.jar:/home/user/.m2/repository/org/springframework/spring-beans/5.1.3.RELEASE/spring-beans-5.1.3.RELEASE.jar:/home/user/.m2/repository/org/springframework/spring-core/5.1.3.RELEASE/spring-core-5.1.3.RELEASE.jar:/home/user/.m2/repository/org/springframework/spring-jcl/5.1.3.RELEASE/spring-jcl-5.1.3.RELEASE.jar:/home/user/.m2/repository/org/springframework/spring-tx/5.1.3.RELEASE/spring-tx-5.1.3.RELEASE.jar:/home/user/.m2/repository/org/apache/hadoop/hadoop-ozone-client/0.5.0-SNAPSHOT/hadoop-ozone-client-0.5.0-SNAPSHOT.jar:/home/user/.m2/repository/commons-lang/commons-lang/2.6/commons-lang-2.6.jar:/home/user/.m2/repository/org/apache/hadoop/hadoop-ozone-ozone-manager/0.5.0-SNAPSHOT/hadoop-ozone-ozone-manager-0.5.0-SNAPSHOT-tests.jar:/home/user/.m2/repository/junit/junit/4.11/junit-4.11.jar:/home/user/.m2/repository/org/hamcrest/hamcrest-core/1.3/hamcrest-core-1.3.jar:/home/user/.m2/repository/org/openjdk/jmh/jmh-core/1.19/jmh-core-1.19.jar:/home/user/.m2/repository/net/sf/jopt-simple/jopt-simple/4.6/jopt-simple-4.6.jar:/home/user/.m2/repository/org/apache/commons/commons-math3/3.1.1/commons-math3-3.1.1.jar:/home/user/.m2/repository/org/openjdk/jmh/jmh-generator-annprocess/1.19/jmh-generator-annprocess-1.19.jar:/home/user/.m2/repository/org/mockito/mockito-all/1.8.5/mockito-all-1.8.5.jar:/home/user/.m2/repository/org/apache/hadoop/hadoop-kms/3.2.0/hadoop-kms-3.2.0.jar:/home/user/.m2/repository/org/apache/hadoop/hadoop-auth/3.2.0/hadoop-auth-3.2.0.jar:/home/user/.m2/repository/com/nimbusds/nimbus-jose-jwt/4.41.1/nimbus-jose-jwt-4.41.1.jar:/home/user/.m2/repository/com/github/stephenc/jcip/jcip-annotations/1.0-1/jcip-annotations-1.0-1.jar:/home/user/.m2/repository/net/minidev/json-smart/2.3/json-smart-2.3.jar:/home/user/.m2/repository/net/minidev/accessors-smart/1.2/accessors-smart-1.2.jar:/home/user/.m2/repository/org/ow2/asm/asm/5.0.4/asm-5.0.4.jar:/home/user/.m2/repository/org/apache/curator/curator-framework/2.12.0/curator-framework-2.12.0.jar:/home/user/.m2/repository/com/sun/jersey/jersey-core/1.19/jersey-core-1.19.jar:/home/user/.m2/repository/javax/ws/rs/jsr311-api/1.1.1/jsr311-api-1.1.1.jar:/home/user/.m2/repository/com/sun/jersey/jersey-server/1.19/jersey-server-1.19.jar:/home/user/.m2/repository/javax/servlet/javax.servlet-api/3.1.0/javax.servlet-api-3.1.0.jar:/home/user/.m2/repository/org/eclipse/jetty/jetty-server/9.3.25.v20180904/jetty-server-9.3.25.v20180904.jar:/home/user/.m2/repository/org/eclipse/jetty/jetty-http/9.3.25.v20180904/jetty-http-9.3.25.v20180904.jar:/home/user/.m2/repository/org/eclipse/jetty/jetty-io/9.3.25.v20180904/jetty-io-9.3.25.v20180904.jar:/home/user/.m2/repository/org/eclipse/jetty/jetty-webapp/9.3.25.v20180904/jetty-webapp-9.3.25.v20180904.jar:/home/user/.m2/repository/org/eclipse/jetty/jetty-xml/9.3.25.v20180904/jetty-xml-9.3.25.v20180904.jar:/home/user/.m2/repository/log4j/log4j/1.2.17/log4j-1.2.17.jar:/home/user/.m2/repository/org/slf4j/slf4j-api/1.7.25/slf4j-api-1.7.25.jar:/home/user/.m2/repository/org/slf4j/jul-to-slf4j/1.7.25/jul-to-slf4j-1.7.25.jar:/home/user/.m2/repository/org/eclipse/jetty/jetty-util/9.3.25.v20180904/jetty-util-9.3.25.v20180904.jar:/home/user/.m2/repository/com/fasterxml/jackson/core/jackson-databind/2.9.9/jackson-databind-2.9.9.jar:/home/user/.m2/repository/org/apache/hadoop/hadoop-kms/3.2.0/hadoop-kms-3.2.0-tests.jar:/home/user/.m2/repository/org/apache/hadoop/hadoop-hdds-server-scm/0.5.0-SNAPSHOT/hadoop-hdds-server-scm-0.5.0-SNAPSHOT-tests.jar:/home/user/.m2/repository/org/apache/hadoop/hadoop-hdds-container-service/0.5.0-SNAPSHOT/hadoop-hdds-container-service-0.5.0-SNAPSHOT-tests.jar:/home/user/.m2/repository/org/yaml/snakeyaml/1.16/snakeyaml-1.16.jar:/home/user/.m2/repository/org/apache/hadoop/hadoop-common/3.2.0/hadoop-common-3.2.0-tests.jar:/home/user/.m2/repository/org/apache/hadoop/hadoop-annotations/3.2.0/hadoop-annotations-3.2.0.jar:/usr/lib/jvm/java-1.8-openjdk/jre/../lib/tools.jar:/home/user/.m2/repository/commons-cli/commons-cli/1.2/commons-cli-1.2.jar:/home/user/.m2/repository/org/apache/httpcomponents/httpclient/4.5.2/httpclient-4.5.2.jar:/home/user/.m2/repository/org/apache/httpcomponents/httpcore/4.4.4/httpcore-4.4.4.jar:/home/user/.m2/repository/commons-codec/commons-codec/1.11/commons-codec-1.11.jar:/home/user/.m2/repository/commons-net/commons-net/3.6/commons-net-3.6.jar:/home/user/.m2/repository/commons-collections/commons-collections/3.2.2/commons-collections-3.2.2.jar:/home/user/.m2/repository/org/eclipse/jetty/jetty-servlet/9.3.25.v20180904/jetty-servlet-9.3.25.v20180904.jar:/home/user/.m2/repository/org/eclipse/jetty/jetty-security/9.3.25.v20180904/jetty-security-9.3.25.v20180904.jar:/home/user/.m2/repository/javax/servlet/jsp/jsp-api/2.1/jsp-api-2.1.jar:/home/user/.m2/repository/com/sun/jersey/jersey-servlet/1.19/jersey-servlet-1.19.jar:/home/user/.m2/repository/com/sun/jersey/jersey-json/1.19/jersey-json-1.19.jar:/home/user/.m2/repository/org/codehaus/jettison/jettison/1.1/jettison-1.1.jar:/home/user/.m2/repository/org/codehaus/jackson/jackson-core-asl/1.9.13/jackson-core-asl-1.9.13.jar:/home/user/.m2/repository/org/codehaus/jackson/jackson-mapper-asl/1.9.13/jackson-mapper-asl-1.9.13.jar:/home/user/.m2/repository/org/codehaus/jackson/jackson-jaxrs/1.9.13/jackson-jaxrs-1.9.13.jar:/home/user/.m2/repository/org/codehaus/jackson/jackson-xc/1.9.13/jackson-xc-1.9.13.jar:/home/user/.m2/repository/commons-logging/commons-logging/1.1.3/commons-logging-1.1.3.jar:/home/user/.m2/repository/commons-beanutils/commons-beanutils/1.9.4/commons-beanutils-1.9.4.jar:/home/user/.m2/repository/org/apache/commons/commons-configuration2/2.1.1/commons-configuration2-2.1.1.jar:/home/user/.m2/repository/org/apache/commons/commons-lang3/3.7/commons-lang3-3.7.jar:/home/user/.m2/repository/org/apache/commons/commons-text/1.4/commons-text-1.4.jar:/home/user/.m2/repository/org/apache/avro/avro/1.7.7/avro-1.7.7.jar:/home/user/.m2/repository/com/thoughtworks/paranamer/paranamer/2.3/paranamer-2.3.jar:/home/user/.m2/repository/org/xerial/snappy/snappy-java/1.0.5/snappy-java-1.0.5.jar:/home/user/.m2/repository/com/google/re2j/re2j/1.1/re2j-1.1.jar:/home/user/.m2/repository/com/google/code/gson/gson/2.2.4/gson-2.2.4.jar:/home/user/.m2/repository/com/jcraft/jsch/0.1.54/jsch-0.1.54.jar:/home/user/.m2/repository/org/apache/curator/curator-client/2.12.0/curator-client-2.12.0.jar:/home/user/.m2/repository/org/apache/curator/curator-recipes/2.12.0/curator-recipes-2.12.0.jar:/home/user/.m2/repository/com/google/code/findbugs/jsr305/3.0.0/jsr305-3.0.0.jar:/home/user/.m2/repository/org/apache/htrace/htrace-core4/4.1.0-incubating/htrace-core4-4.1.0-incubating.jar:/home/user/.m2/repository/org/apache/zookeeper/zookeeper/3.4.13/zookeeper-3.4.13.jar:/home/user/.m2/repository/jline/jline/0.9.94/jline-0.9.94.jar:/home/user/.m2/repository/org/apache/yetus/audience-annotations/0.5.0/audience-annotations-0.5.0.jar:/home/user/.m2/repository/org/codehaus/woodstox/stax2-api/3.1.4/stax2-api-3.1.4.jar:/home/user/.m2/repository/com/fasterxml/woodstox/woodstox-core/5.0.3/woodstox-core-5.0.3.jar:/home/user/.m2/repository/dnsjava/dnsjava/2.1.7/dnsjava-2.1.7.jar:/home/user/.m2/repository/org/apache/hadoop/hadoop-hdfs/3.2.0/hadoop-hdfs-3.2.0-tests.jar:/home/user/.m2/repository/org/eclipse/jetty/jetty-util-ajax/9.3.25.v20180904/jetty-util-ajax-9.3.25.v20180904.jar:/home/user/.m2/repository/commons-daemon/commons-daemon/1.0.13/commons-daemon-1.0.13.jar:/home/user/.m2/repository/io/netty/netty/3.10.5.Final/netty-3.10.5.Final.jar:/home/user/.m2/repository/io/netty/netty-all/4.0.52.Final/netty-all-4.0.52.Final.jar:/home/user/.m2/repository/org/fusesource/leveldbjni/leveldbjni-all/1.8/leveldbjni-all-1.8.jar:"/>
    <property name="sun.cpu.endian" value="little"/>
    <property name="user.home" value="/home/user"/>
    <property name="user.language" value="en"/>
    <property name="java.specification.vendor" value="Oracle Corporation"/>
    <property name="java.home" value="/usr/lib/jvm/java-1.8-openjdk/jre"/>
    <property name="java.security.krb5.conf" value="/workdir/hadoop-ozone/integration-test/target/test-classes/krb5.conf"/>
    <property name="basedir" value="/workdir/hadoop-ozone/integration-test"/>
    <property name="file.separator" value="/"/>
    <property name="line.separator" value="&#10;"/>
    <property name="java.vm.specification.vendor" value="Oracle Corporation"/>
    <property name="java.specification.name" value="Java Platform API Specification"/>
    <property name="java.awt.graphicsenv" value="sun.awt.X11GraphicsEnvironment"/>
    <property name="surefire.real.class.path" value="/workdir/hadoop-ozone/integration-test/target/surefire/surefirebooter3119714772669567453.jar"/>
    <property name="hadoop.log.dir" value="/workdir/hadoop-ozone/integration-test/target/log"/>
    <property name="sun.boot.class.path" value="/usr/lib/jvm/java-1.8-openjdk/jre/lib/resources.jar:/usr/lib/jvm/java-1.8-openjdk/jre/lib/rt.jar:/usr/lib/jvm/java-1.8-openjdk/jre/lib/sunrsasign.jar:/usr/lib/jvm/java-1.8-openjdk/jre/lib/jsse.jar:/usr/lib/jvm/java-1.8-openjdk/jre/lib/jce.jar:/usr/lib/jvm/java-1.8-openjdk/jre/lib/charsets.jar:/usr/lib/jvm/java-1.8-openjdk/jre/lib/jfr.jar:/usr/lib/jvm/java-1.8-openjdk/jre/classes"/>
    <property name="sun.management.compiler" value="HotSpot 64-Bit Tiered Compilers"/>
    <property name="java.runtime.version" value="1.8.0_212-b04"/>
    <property name="java.net.preferIPv4Stack" value="true"/>
    <property name="user.name" value="jenkins1000"/>
    <property name="path.separator" value=":"/>
    <property name="java.security.egd" value="file:///dev/urandom"/>
    <property name="os.version" value="3.10.0-957.12.2.el7.x86_64"/>
    <property name="java.endorsed.dirs" value="/usr/lib/jvm/java-1.8-openjdk/jre/lib/endorsed"/>
    <property name="java.runtime.name" value="OpenJDK Runtime Environment"/>
    <property name="file.encoding" value="UTF-8"/>
    <property name="java.vm.name" value="OpenJDK 64-Bit Server VM"/>
    <property name="test.build.webapps" value=""/>
    <property name="localRepository" value="/home/user/.m2/repository"/>
    <property name="java.vendor.url.bug" value="https://icedtea.classpath.org/bugzilla"/>
    <property name="java.io.tmpdir" value="/tmp"/>
    <property name="require.test.libhadoop" value=""/>
    <property name="java.version" value="1.8.0_212"/>
    <property name="user.dir" value="/workdir/hadoop-ozone/integration-test"/>
    <property name="os.arch" value="amd64"/>
    <property name="java.vm.specification.name" value="Java Virtual Machine Specification"/>
    <property name="test.build.classes" value="/workdir/hadoop-ozone/integration-test/target/test-classes"/>
    <property name="java.awt.printerjob" value="sun.print.PSPrinterJob"/>
    <property name="sun.os.patch.level" value="unknown"/>
    <property name="hadoop.tmp.dir" value="/workdir/hadoop-ozone/integration-test/target/tmp"/>
    <property name="java.library.path" value="/usr/lib/jvm/java-1.8-openjdk/jre/lib/amd64/server:/usr/lib/jvm/java-1.8-openjdk/jre/lib/amd64:/usr/lib/jvm/java-1.8-openjdk/jre/../lib/amd64:/workdir/hadoop-ozone/integration-test/target/native/target/usr/local/lib:/workdir/hadoop-ozone/integration-test/../../hadoop-common-project/hadoop-common/target/native/target/usr/local/lib:/usr/java/packages/lib/amd64:/usr/lib64:/lib64:/lib:/usr/lib"/>
    <property name="java.vm.info" value="mixed mode"/>
    <property name="java.vendor" value="IcedTea"/>
    <property name="java.vm.version" value="25.212-b04"/>
    <property name="java.ext.dirs" value="/usr/lib/jvm/java-1.8-openjdk/jre/lib/ext:/usr/java/packages/lib/ext"/>
    <property name="sun.io.unicode.encoding" value="UnicodeLittle"/>
    <property name="java.class.version" value="52.0"/>
  </properties>
  <testcase name="testHybridPipelineOnDatanode" classname="org.apache.hadoop.ozone.client.rpc.TestHybridPipelineOnDatanode" time="6.669">
    <error message="Allocated 0 blocks. Requested 1 blocks" type="INTERNAL_ERROR org.apache.hadoop.ozone.om.exceptions.OMException">INTERNAL_ERROR org.apache.hadoop.ozone.om.exceptions.OMException: Allocated 0 blocks. Requested 1 blocks
	at org.apache.hadoop.ozone.om.protocolPB.OzoneManagerProtocolClientSideTranslatorPB.handleError(OzoneManagerProtocolClientSideTranslatorPB.java:732)
	at org.apache.hadoop.ozone.om.protocolPB.OzoneManagerProtocolClientSideTranslatorPB.openKey(OzoneManagerProtocolClientSideTranslatorPB.java:723)
	at sun.reflect.NativeMethodAccessorImpl.invoke0(Native Method)
	at sun.reflect.NativeMethodAccessorImpl.invoke(NativeMethodAccessorImpl.java:62)
	at sun.reflect.DelegatingMethodAccessorImpl.invoke(DelegatingMethodAccessorImpl.java:43)
	at java.lang.reflect.Method.invoke(Method.java:498)
	at org.apache.hadoop.hdds.tracing.TraceAllMethod.invoke(TraceAllMethod.java:66)
	at com.sun.proxy.$Proxy37.openKey(Unknown Source)
	at org.apache.hadoop.ozone.client.rpc.RpcClient.createKey(RpcClient.java:614)
	at org.apache.hadoop.ozone.client.OzoneBucket.createKey(OzoneBucket.java:325)
	at org.apache.hadoop.ozone.client.rpc.TestHybridPipelineOnDatanode.testHybridPipelineOnDatanode(TestHybridPipelineOnDatanode.java:115)
	at sun.reflect.NativeMethodAccessorImpl.invoke0(Native Method)
	at sun.reflect.NativeMethodAccessorImpl.invoke(NativeMethodAccessorImpl.java:62)
	at sun.reflect.DelegatingMethodAccessorImpl.invoke(DelegatingMethodAccessorImpl.java:43)
	at java.lang.reflect.Method.invoke(Method.java:498)
	at org.junit.runners.model.FrameworkMethod$1.runReflectiveCall(FrameworkMethod.java:47)
	at org.junit.internal.runners.model.ReflectiveCallable.run(ReflectiveCallable.java:12)
	at org.junit.runners.model.FrameworkMethod.invokeExplosively(FrameworkMethod.java:44)
	at org.junit.internal.runners.statements.InvokeMethod.evaluate(InvokeMethod.java:17)
	at org.junit.runners.ParentRunner.runLeaf(ParentRunner.java:271)
	at org.junit.runners.BlockJUnit4ClassRunner.runChild(BlockJUnit4ClassRunner.java:70)
	at org.junit.runners.BlockJUnit4ClassRunner.runChild(BlockJUnit4ClassRunner.java:50)
	at org.junit.runners.ParentRunner$3.run(ParentRunner.java:238)
	at org.junit.runners.ParentRunner$1.schedule(ParentRunner.java:63)
	at org.junit.runners.ParentRunner.runChildren(ParentRunner.java:236)
	at org.junit.runners.ParentRunner.access$000(ParentRunner.java:53)
	at org.junit.runners.ParentRunner$2.evaluate(ParentRunner.java:229)
	at org.junit.internal.runners.statements.RunBefores.evaluate(RunBefores.java:26)
	at org.junit.internal.runners.statements.RunAfters.evaluate(RunAfters.java:27)
	at org.junit.runners.ParentRunner.run(ParentRunner.java:309)
	at org.apache.maven.surefire.junit4.JUnit4Provider.execute(JUnit4Provider.java:365)
	at org.apache.maven.surefire.junit4.JUnit4Provider.executeWithRerun(JUnit4Provider.java:273)
	at org.apache.maven.surefire.junit4.JUnit4Provider.executeTestSet(JUnit4Provider.java:238)
	at org.apache.maven.surefire.junit4.JUnit4Provider.invoke(JUnit4Provider.java:159)
	at org.apache.maven.surefire.booter.ForkedBooter.invokeProviderInSameClassLoader(ForkedBooter.java:384)
	at org.apache.maven.surefire.booter.ForkedBooter.runSuitesInProcess(ForkedBooter.java:345)
	at org.apache.maven.surefire.booter.ForkedBooter.execute(ForkedBooter.java:126)
	at org.apache.maven.surefire.booter.ForkedBooter.main(ForkedBooter.java:418)
</error>
    <system-out><![CDATA[2019-09-26 09:56:38,453 [main] WARN  server.ServerUtils (ServerUtils.java:getScmDbDir(145)) - ozone.scm.db.dirs is not configured. We recommend adding this setting. Falling back to ozone.metadata.dirs instead.
2019-09-26 09:56:38,555 [main] WARN  server.ServerUtils (ServerUtils.java:getScmDbDir(145)) - ozone.scm.db.dirs is not configured. We recommend adding this setting. Falling back to ozone.metadata.dirs instead.
2019-09-26 09:56:38,558 [main] WARN  server.ServerUtils (ServerUtils.java:getScmDbDir(145)) - ozone.scm.db.dirs is not configured. We recommend adding this setting. Falling back to ozone.metadata.dirs instead.
2019-09-26 09:56:38,576 [main] INFO  util.log (Log.java:initialized(192)) - Logging initialized @863ms
2019-09-26 09:56:38,678 [main] INFO  db.DBStoreBuilder (DBStoreBuilder.java:addTable(110)) - using custom profile for table: deletedBlocks
2019-09-26 09:56:38,678 [main] INFO  db.DBStoreBuilder (DBStoreBuilder.java:processTables(161)) - Using default column profile:DBProfile.DISK for Table:deletedBlocks
2019-09-26 09:56:38,678 [main] INFO  db.DBStoreBuilder (DBStoreBuilder.java:addTable(110)) - using custom profile for table: validCerts
2019-09-26 09:56:38,679 [main] INFO  db.DBStoreBuilder (DBStoreBuilder.java:processTables(161)) - Using default column profile:DBProfile.DISK for Table:validCerts
2019-09-26 09:56:38,679 [main] INFO  db.DBStoreBuilder (DBStoreBuilder.java:addTable(110)) - using custom profile for table: revokedCerts
2019-09-26 09:56:38,679 [main] INFO  db.DBStoreBuilder (DBStoreBuilder.java:processTables(161)) - Using default column profile:DBProfile.DISK for Table:revokedCerts
2019-09-26 09:56:38,691 [main] INFO  db.DBStoreBuilder (DBStoreBuilder.java:addTable(110)) - using custom profile for table: default
2019-09-26 09:56:38,692 [main] INFO  db.DBStoreBuilder (DBStoreBuilder.java:processTables(167)) - Using default column profile:DBProfile.DISK for Table:default
2019-09-26 09:56:38,693 [main] INFO  db.DBStoreBuilder (DBStoreBuilder.java:getDbProfile(198)) - Using default options. DBProfile.DISK
2019-09-26 09:56:38,925 [main] INFO  net.NodeSchemaLoader (NodeSchemaLoader.java:loadSchemaFromFile(125)) - Loading file from sun.misc.CompoundEnumeration@a1153bc
2019-09-26 09:56:38,927 [main] INFO  net.NodeSchemaLoader (NodeSchemaLoader.java:loadSchema(171)) - Loading network topology layer schema file
2019-09-26 09:56:38,995 [main] WARN  server.ServerUtils (ServerUtils.java:sanitizeUserArgs(70)) - ozone.scm.stale.node.interval value = 300000 is larger than max = 100000 based on the key value of ozone.scm.heartbeat.thread.interval, reset to the max value 100000.
2019-09-26 09:56:38,997 [main] WARN  server.ServerUtils (ServerUtils.java:sanitizeUserArgs(70)) - ozone.scm.stale.node.interval value = 300000 is larger than max = 100000 based on the key value of ozone.scm.heartbeat.thread.interval, reset to the max value 100000.
2019-09-26 09:56:38,999 [main] INFO  node.SCMNodeManager (SCMNodeManager.java:<init>(114)) - Entering startup safe mode.
2019-09-26 09:56:39,071 [main] INFO  algorithms.ContainerPlacementPolicyFactory (ContainerPlacementPolicyFactory.java:getPolicy(59)) - Create container placement policy of type org.apache.hadoop.hdds.scm.container.placement.algorithms.SCMContainerPlacementRandom
2019-09-26 09:56:39,086 [main] WARN  server.ServerUtils (ServerUtils.java:getScmDbDir(145)) - ozone.scm.db.dirs is not configured. We recommend adding this setting. Falling back to ozone.metadata.dirs instead.
2019-09-26 09:56:39,149 [main] INFO  pipeline.SCMPipelineManager (SCMPipelineManager.java:initializePipelineState(132)) - No pipeline exists in current db
2019-09-26 09:56:39,151 [main] WARN  server.ServerUtils (ServerUtils.java:getScmDbDir(145)) - ozone.scm.db.dirs is not configured. We recommend adding this setting. Falling back to ozone.metadata.dirs instead.
2019-09-26 09:56:39,250 [main] WARN  events.EventQueue (EventQueue.java:fireEvent(183)) - No event handler registered for event TypedEvent{payloadType=SafeModeStatus, name='SafeModeStatus'}
2019-09-26 09:56:39,625 [main] INFO  ipc.CallQueueManager (CallQueueManager.java:<init>(84)) - Using callQueue: class java.util.concurrent.LinkedBlockingQueue, queueCapacity: 2000, scheduler: class org.apache.hadoop.ipc.DefaultRpcScheduler, ipcBackoff: false.
2019-09-26 09:56:39,664 [Socket Reader #1 for port 46260] INFO  ipc.Server (Server.java:run(1074)) - Starting Socket Reader #1 for port 46260
2019-09-26 09:56:39,821 [main] INFO  ipc.CallQueueManager (CallQueueManager.java:<init>(84)) - Using callQueue: class java.util.concurrent.LinkedBlockingQueue, queueCapacity: 2000, scheduler: class org.apache.hadoop.ipc.DefaultRpcScheduler, ipcBackoff: false.
2019-09-26 09:56:39,822 [Socket Reader #1 for port 40785] INFO  ipc.Server (Server.java:run(1074)) - Starting Socket Reader #1 for port 40785
2019-09-26 09:56:39,833 [main] INFO  ipc.CallQueueManager (CallQueueManager.java:<init>(84)) - Using callQueue: class java.util.concurrent.LinkedBlockingQueue, queueCapacity: 2000, scheduler: class org.apache.hadoop.ipc.DefaultRpcScheduler, ipcBackoff: false.
2019-09-26 09:56:39,835 [Socket Reader #1 for port 39769] INFO  ipc.Server (Server.java:run(1074)) - Starting Socket Reader #1 for port 39769
2019-09-26 09:56:39,859 [main] INFO  hdfs.DFSUtil (DFSUtil.java:httpServerTemplateForNNAndJN(1641)) - Starting Web-server for scm at: http://0.0.0.0:0
2019-09-26 09:56:40,039 [main] INFO  server.AuthenticationFilter (AuthenticationFilter.java:constructSecretProvider(240)) - Unable to initialize FileSignerSecretProvider, falling back to use random secrets.
2019-09-26 09:56:40,047 [main] WARN  http.HttpRequestLog (HttpRequestLog.java:getRequestLog(97)) - Jetty request log can only be enabled using Log4j
2019-09-26 09:56:40,055 [main] INFO  http.HttpServer2 (HttpServer2.java:addGlobalFilter(975)) - Added global filter 'safety' (class=org.apache.hadoop.http.HttpServer2$QuotingInputFilter)
2019-09-26 09:56:40,058 [main] INFO  http.HttpServer2 (HttpServer2.java:addFilter(948)) - Added filter static_user_filter (class=org.apache.hadoop.http.lib.StaticUserWebFilter$StaticUserFilter) to context scm
2019-09-26 09:56:40,058 [main] INFO  http.HttpServer2 (HttpServer2.java:addFilter(958)) - Added filter static_user_filter (class=org.apache.hadoop.http.lib.StaticUserWebFilter$StaticUserFilter) to context static
2019-09-26 09:56:40,058 [main] INFO  http.HttpServer2 (HttpServer2.java:addFilter(958)) - Added filter static_user_filter (class=org.apache.hadoop.http.lib.StaticUserWebFilter$StaticUserFilter) to context logs
2019-09-26 09:56:40,088 [main] INFO  server.StorageContainerManager (StorageContainerManager.java:start(770)) - StorageContainerLocationProtocol RPC server is listening at /0.0.0.0:39769
2019-09-26 09:56:40,150 [main] WARN  impl.MetricsConfig (MetricsConfig.java:loadFirst(134)) - Cannot locate configuration: tried hadoop-metrics2-storagecontainermanager.properties,hadoop-metrics2.properties
2019-09-26 09:56:40,162 [main] INFO  impl.MetricsSystemImpl (MetricsSystemImpl.java:startTimer(374)) - Scheduled Metric snapshot period at 10 second(s).
2019-09-26 09:56:40,163 [main] INFO  impl.MetricsSystemImpl (MetricsSystemImpl.java:start(191)) - StorageContainerManager metrics system started
2019-09-26 09:56:40,379 [main] INFO  server.SCMClientProtocolServer (SCMClientProtocolServer.java:start(151)) - RPC server for Client  is listening at /0.0.0.0:39769
2019-09-26 09:56:40,380 [IPC Server Responder] INFO  ipc.Server (Server.java:run(1314)) - IPC Server Responder: starting
2019-09-26 09:56:40,380 [IPC Server listener on 39769] INFO  ipc.Server (Server.java:run(1153)) - IPC Server listener on 39769: starting
2019-09-26 09:56:40,382 [main] INFO  server.StorageContainerManager (StorageContainerManager.java:start(780)) - ScmBlockLocationProtocol RPC server is listening at /0.0.0.0:40785
2019-09-26 09:56:40,384 [main] INFO  server.SCMBlockProtocolServer (SCMBlockProtocolServer.java:start(146)) - RPC server for Block Protocol is listening at /0.0.0.0:40785
2019-09-26 09:56:40,384 [IPC Server Responder] INFO  ipc.Server (Server.java:run(1314)) - IPC Server Responder: starting
2019-09-26 09:56:40,384 [IPC Server listener on 40785] INFO  ipc.Server (Server.java:run(1153)) - IPC Server listener on 40785: starting
2019-09-26 09:56:40,386 [main] INFO  server.StorageContainerManager (StorageContainerManager.java:start(784)) - ScmDatanodeProtocl RPC server is listening at /0.0.0.0:46260
2019-09-26 09:56:40,387 [main] INFO  server.SCMDatanodeProtocolServer (SCMDatanodeProtocolServer.java:start(191)) - RPC server for DataNodes is listening at /0.0.0.0:46260
2019-09-26 09:56:40,387 [IPC Server Responder] INFO  ipc.Server (Server.java:run(1314)) - IPC Server Responder: starting
2019-09-26 09:56:40,387 [IPC Server listener on 46260] INFO  ipc.Server (Server.java:run(1153)) - IPC Server listener on 46260: starting
2019-09-26 09:56:40,390 [main] INFO  http.HttpServer2 (HttpServer2.java:bindListener(1191)) - Jetty bound to port 41437
2019-09-26 09:56:40,392 [main] INFO  server.Server (Server.java:doStart(351)) - jetty-9.3.25.v20180904, build timestamp: 2018-09-04T21:11:46Z, git hash: 3ce520221d0240229c862b122d2b06c12a625732
2019-09-26 09:56:40,430 [main] INFO  handler.ContextHandler (ContextHandler.java:doStart(781)) - Started o.e.j.s.ServletContextHandler@6622fc65{/logs,file:///workdir/hadoop-ozone/integration-test/target/log,AVAILABLE}
2019-09-26 09:56:40,431 [main] INFO  handler.ContextHandler (ContextHandler.java:doStart(781)) - Started o.e.j.s.ServletContextHandler@23fb172e{/static,file:///workdir/hadoop-ozone/integration-test/target/test-classes/webapps/static,AVAILABLE}
2019-09-26 09:56:40,464 [main] INFO  handler.ContextHandler (ContextHandler.java:doStart(781)) - Started o.e.j.w.WebAppContext@3591009c{/,file:///workdir/hadoop-ozone/integration-test/target/test-classes/webapps/scm/,AVAILABLE}{/scm}
2019-09-26 09:56:40,469 [main] INFO  server.AbstractConnector (AbstractConnector.java:doStart(278)) - Started ServerConnector@2de366bb{HTTP/1.1,[http/1.1]}{0.0.0.0:41437}
2019-09-26 09:56:40,470 [main] INFO  server.Server (Server.java:doStart(419)) - Started @2757ms
2019-09-26 09:56:40,472 [main] INFO  impl.MetricsSinkAdapter (MetricsSinkAdapter.java:start(204)) - Sink prometheus started
2019-09-26 09:56:40,472 [main] INFO  impl.MetricsSystemImpl (MetricsSystemImpl.java:registerSink(301)) - Registered sink prometheus
2019-09-26 09:56:40,473 [main] INFO  server.BaseHttpServer (BaseHttpServer.java:updateConnectorAddress(215)) - HTTP server of SCM is listening at http://0.0.0.0:41437
2019-09-26 09:56:40,479 [org.apache.hadoop.util.JvmPauseMonitor$Monitor@64f857e7] INFO  util.JvmPauseMonitor (JvmPauseMonitor.java:run(188)) - Starting JVM pause monitor
2019-09-26 09:56:40,481 [main] WARN  server.ServerUtils (ServerUtils.java:getDBPath(222)) - ozone.om.db.dirs is not configured. We recommend adding this setting. Falling back to ozone.metadata.dirs instead.
2019-09-26 09:56:40,589 [main] WARN  server.ServerUtils (ServerUtils.java:getDBPath(222)) - ozone.om.db.dirs is not configured. We recommend adding this setting. Falling back to ozone.metadata.dirs instead.
2019-09-26 09:56:40,590 [main] WARN  server.ServerUtils (ServerUtils.java:getDBPath(222)) - ozone.om.db.dirs is not configured. We recommend adding this setting. Falling back to ozone.metadata.dirs instead.
2019-09-26 09:56:40,591 [main] INFO  om.OzoneManager (OzoneManager.java:setOMNodeDetails(652)) - OM Service ID is not set. Setting it to the default ID: omServiceIdDefault
2019-09-26 09:56:40,591 [main] INFO  om.OzoneManager (OzoneManager.java:setOMNodeDetails(658)) - OM Node ID is not set. Setting it to the OmStorage's OmID: 94556d38-f899-4784-9d9d-db0a63922ccd
2019-09-26 09:56:40,592 [main] INFO  om.OzoneManager (OzoneManager.java:loadOMHAConfigs(609)) - Found matching OM address with OMServiceId: null, OMNodeId: null, RPC Address: localhost:0 and Ratis port: 9872
2019-09-26 09:56:41,300 [main] WARN  server.ServerUtils (ServerUtils.java:getDBPath(222)) - ozone.om.db.dirs is not configured. We recommend adding this setting. Falling back to ozone.metadata.dirs instead.
2019-09-26 09:56:41,307 [main] INFO  db.DBStoreBuilder (DBStoreBuilder.java:addTable(110)) - using custom profile for table: userTable
2019-09-26 09:56:41,307 [main] INFO  db.DBStoreBuilder (DBStoreBuilder.java:processTables(161)) - Using default column profile:DBProfile.DISK for Table:userTable
2019-09-26 09:56:41,307 [main] INFO  db.DBStoreBuilder (DBStoreBuilder.java:addTable(110)) - using custom profile for table: volumeTable
2019-09-26 09:56:41,308 [main] INFO  db.DBStoreBuilder (DBStoreBuilder.java:processTables(161)) - Using default column profile:DBProfile.DISK for Table:volumeTable
2019-09-26 09:56:41,308 [main] INFO  db.DBStoreBuilder (DBStoreBuilder.java:addTable(110)) - using custom profile for table: bucketTable
2019-09-26 09:56:41,308 [main] INFO  db.DBStoreBuilder (DBStoreBuilder.java:processTables(161)) - Using default column profile:DBProfile.DISK for Table:bucketTable
2019-09-26 09:56:41,308 [main] INFO  db.DBStoreBuilder (DBStoreBuilder.java:addTable(110)) - using custom profile for table: keyTable
2019-09-26 09:56:41,308 [main] INFO  db.DBStoreBuilder (DBStoreBuilder.java:processTables(161)) - Using default column profile:DBProfile.DISK for Table:keyTable
2019-09-26 09:56:41,309 [main] INFO  db.DBStoreBuilder (DBStoreBuilder.java:addTable(110)) - using custom profile for table: deletedTable
2019-09-26 09:56:41,309 [main] INFO  db.DBStoreBuilder (DBStoreBuilder.java:processTables(161)) - Using default column profile:DBProfile.DISK for Table:deletedTable
2019-09-26 09:56:41,309 [main] INFO  db.DBStoreBuilder (DBStoreBuilder.java:addTable(110)) - using custom profile for table: openKeyTable
2019-09-26 09:56:41,309 [main] INFO  db.DBStoreBuilder (DBStoreBuilder.java:processTables(161)) - Using default column profile:DBProfile.DISK for Table:openKeyTable
2019-09-26 09:56:41,310 [main] INFO  db.DBStoreBuilder (DBStoreBuilder.java:addTable(110)) - using custom profile for table: s3Table
2019-09-26 09:56:41,310 [main] INFO  db.DBStoreBuilder (DBStoreBuilder.java:processTables(161)) - Using default column profile:DBProfile.DISK for Table:s3Table
2019-09-26 09:56:41,310 [main] INFO  db.DBStoreBuilder (DBStoreBuilder.java:addTable(110)) - using custom profile for table: multipartInfoTable
2019-09-26 09:56:41,310 [main] INFO  db.DBStoreBuilder (DBStoreBuilder.java:processTables(161)) - Using default column profile:DBProfile.DISK for Table:multipartInfoTable
2019-09-26 09:56:41,310 [main] INFO  db.DBStoreBuilder (DBStoreBuilder.java:addTable(110)) - using custom profile for table: dTokenTable
2019-09-26 09:56:41,311 [main] INFO  db.DBStoreBuilder (DBStoreBuilder.java:processTables(161)) - Using default column profile:DBProfile.DISK for Table:dTokenTable
2019-09-26 09:56:41,311 [main] INFO  db.DBStoreBuilder (DBStoreBuilder.java:addTable(110)) - using custom profile for table: s3SecretTable
2019-09-26 09:56:41,311 [main] INFO  db.DBStoreBuilder (DBStoreBuilder.java:processTables(161)) - Using default column profile:DBProfile.DISK for Table:s3SecretTable
2019-09-26 09:56:41,311 [main] INFO  db.DBStoreBuilder (DBStoreBuilder.java:addTable(110)) - using custom profile for table: prefixTable
2019-09-26 09:56:41,311 [main] INFO  db.DBStoreBuilder (DBStoreBuilder.java:processTables(161)) - Using default column profile:DBProfile.DISK for Table:prefixTable
2019-09-26 09:56:41,312 [main] INFO  db.DBStoreBuilder (DBStoreBuilder.java:addTable(110)) - using custom profile for table: default
2019-09-26 09:56:41,312 [main] INFO  db.DBStoreBuilder (DBStoreBuilder.java:processTables(167)) - Using default column profile:DBProfile.DISK for Table:default
2019-09-26 09:56:41,312 [main] INFO  db.DBStoreBuilder (DBStoreBuilder.java:getDbProfile(198)) - Using default options. DBProfile.DISK
2019-09-26 09:56:41,794 [main] INFO  ipc.CallQueueManager (CallQueueManager.java:<init>(84)) - Using callQueue: class java.util.concurrent.LinkedBlockingQueue, queueCapacity: 2000, scheduler: class org.apache.hadoop.ipc.DefaultRpcScheduler, ipcBackoff: false.
2019-09-26 09:56:41,795 [Socket Reader #1 for port 46858] INFO  ipc.Server (Server.java:run(1074)) - Starting Socket Reader #1 for port 46858
2019-09-26 09:56:41,817 [main] INFO  om.OzoneManager (OzoneManager.java:start(1243)) - OzoneManager RPC server is listening at localhost/127.0.0.1:46858
2019-09-26 09:56:41,818 [main] INFO  impl.MetricsSystemImpl (MetricsSystemImpl.java:init(158)) - OzoneManager metrics system started (again)
2019-09-26 09:56:41,818 [IPC Server Responder] INFO  ipc.Server (Server.java:run(1314)) - IPC Server Responder: starting
2019-09-26 09:56:41,818 [IPC Server listener on 46858] INFO  ipc.Server (Server.java:run(1153)) - IPC Server listener on 46858: starting
2019-09-26 09:56:41,824 [main] INFO  hdfs.DFSUtil (DFSUtil.java:httpServerTemplateForNNAndJN(1641)) - Starting Web-server for ozoneManager at: http://0.0.0.0:0
2019-09-26 09:56:41,826 [main] INFO  server.AuthenticationFilter (AuthenticationFilter.java:constructSecretProvider(240)) - Unable to initialize FileSignerSecretProvider, falling back to use random secrets.
2019-09-26 09:56:41,827 [main] WARN  http.HttpRequestLog (HttpRequestLog.java:getRequestLog(97)) - Jetty request log can only be enabled using Log4j
2019-09-26 09:56:41,830 [main] INFO  http.HttpServer2 (HttpServer2.java:addGlobalFilter(975)) - Added global filter 'safety' (class=org.apache.hadoop.http.HttpServer2$QuotingInputFilter)
2019-09-26 09:56:41,832 [main] INFO  http.HttpServer2 (HttpServer2.java:addFilter(948)) - Added filter static_user_filter (class=org.apache.hadoop.http.lib.StaticUserWebFilter$StaticUserFilter) to context ozoneManager
2019-09-26 09:56:41,832 [main] INFO  http.HttpServer2 (HttpServer2.java:addFilter(958)) - Added filter static_user_filter (class=org.apache.hadoop.http.lib.StaticUserWebFilter$StaticUserFilter) to context logs
2019-09-26 09:56:41,832 [main] INFO  http.HttpServer2 (HttpServer2.java:addFilter(958)) - Added filter static_user_filter (class=org.apache.hadoop.http.lib.StaticUserWebFilter$StaticUserFilter) to context static
2019-09-26 09:56:41,835 [main] INFO  http.HttpServer2 (HttpServer2.java:bindListener(1191)) - Jetty bound to port 32840
2019-09-26 09:56:41,836 [main] INFO  server.Server (Server.java:doStart(351)) - jetty-9.3.25.v20180904, build timestamp: 2018-09-04T21:11:46Z, git hash: 3ce520221d0240229c862b122d2b06c12a625732
2019-09-26 09:56:41,838 [main] INFO  handler.ContextHandler (ContextHandler.java:doStart(781)) - Started o.e.j.s.ServletContextHandler@677b8e13{/logs,file:///workdir/hadoop-ozone/integration-test/target/log,AVAILABLE}
2019-09-26 09:56:41,839 [main] INFO  handler.ContextHandler (ContextHandler.java:doStart(781)) - Started o.e.j.s.ServletContextHandler@4c27d39d{/static,file:///workdir/hadoop-ozone/integration-test/target/test-classes/webapps/static,AVAILABLE}
2019-09-26 09:56:41,846 [main] INFO  handler.ContextHandler (ContextHandler.java:doStart(781)) - Started o.e.j.w.WebAppContext@3a022576{/,file:///workdir/hadoop-ozone/integration-test/target/test-classes/webapps/ozoneManager/,AVAILABLE}{/ozoneManager}
2019-09-26 09:56:41,847 [main] INFO  server.AbstractConnector (AbstractConnector.java:doStart(278)) - Started ServerConnector@2dbd803f{HTTP/1.1,[http/1.1]}{0.0.0.0:32840}
2019-09-26 09:56:41,848 [main] INFO  server.Server (Server.java:doStart(419)) - Started @4136ms
2019-09-26 09:56:41,848 [main] WARN  impl.MetricsSystemImpl (MetricsSystemImpl.java:register(276)) - Sink prometheus already exists!
2019-09-26 09:56:41,849 [main] INFO  server.BaseHttpServer (BaseHttpServer.java:updateConnectorAddress(215)) - HTTP server of OZONEMANAGER is listening at http://0.0.0.0:32840
2019-09-26 09:56:42,168 [main] INFO  impl.MetricsSystemImpl (MetricsSystemImpl.java:init(158)) - HddsDatanode metrics system started (again)
2019-09-26 09:56:42,222 [main] INFO  ozone.HddsDatanodeService (HddsDatanodeService.java:start(184)) - HddsDatanodeService host:pr-hdds-1569-wvzgm-824869521 ip:192.168.30.13
2019-09-26 09:56:42,268 [main] INFO  volume.HddsVolume (HddsVolume.java:<init>(176)) - Creating Volume: /workdir/hadoop-ozone/integration-test/target/test-dir/MiniOzoneClusterImpl-90b94c19-38e3-4b62-8beb-5bce376b68a2/datanode-0/data/containers/hdds of  storage type : DISK and capacity : 1482555576320
2019-09-26 09:56:42,271 [main] INFO  volume.VolumeSet (VolumeSet.java:initializeVolumeSet(170)) - Added Volume : /workdir/hadoop-ozone/integration-test/target/test-dir/MiniOzoneClusterImpl-90b94c19-38e3-4b62-8beb-5bce376b68a2/datanode-0/data/containers/hdds to VolumeSet
2019-09-26 09:56:42,275 [main] INFO  volume.ThrottledAsyncChecker (ThrottledAsyncChecker.java:schedule(139)) - Scheduling a check for org.apache.hadoop.ozone.container.common.volume.HddsVolume@4992613f
2019-09-26 09:56:42,296 [main] INFO  volume.HddsVolumeChecker (HddsVolumeChecker.java:checkAllVolumes(202)) - Scheduled health check for volume org.apache.hadoop.ozone.container.common.volume.HddsVolume@4992613f
2019-09-26 09:56:42,442 [main] INFO  impl.RaftServerProxy (ConfUtils.java:logGet(43)) - raft.rpc.type = GRPC (default)
2019-09-26 09:56:42,506 [main] INFO  grpc.GrpcFactory (GrpcFactory.java:checkPooledByteBufAllocatorUseCacheForAllThreads(45)) - PERFORMANCE WARNING: useCacheForAllThreads is true that may cause Netty to create a lot garbage objects and, as a result, trigger GC.
	It is recommended to disable useCacheForAllThreads by setting -Dorg.apache.ratis.thirdparty.io.netty.allocator.useCacheForAllThreads=false in command line.
2019-09-26 09:56:42,511 [main] INFO  grpc.GrpcConfigKeys$Server (ConfUtils.java:logGet(43)) - raft.grpc.server.port = 0 (default)
2019-09-26 09:56:42,512 [main] INFO  server.GrpcService (ConfUtils.java:logGet(43)) - raft.grpc.message.size.max = 33570816 (custom)
2019-09-26 09:56:42,513 [main] INFO  server.RaftServerConfigKeys (ConfUtils.java:logGet(43)) - raft.server.log.appender.buffer.byte-limit = 33554432 (custom)
2019-09-26 09:56:42,514 [main] INFO  server.GrpcService (ConfUtils.java:logGet(43)) - raft.grpc.flow.control.window = 1MB (=1048576) (default)
2019-09-26 09:56:42,515 [main] INFO  server.RaftServerConfigKeys (ConfUtils.java:logGet(43)) - raft.server.rpc.request.timeout = 3000ms (default)
2019-09-26 09:56:42,729 [main] INFO  server.RaftServerConfigKeys (ConfUtils.java:logGet(43)) - raft.server.storage.dir = [/workdir/hadoop-ozone/integration-test/target/test-dir/MiniOzoneClusterImpl-90b94c19-38e3-4b62-8beb-5bce376b68a2/datanode-0/data/ratis] (custom)
2019-09-26 09:56:42,800 [main] INFO  hdfs.DFSUtil (DFSUtil.java:httpServerTemplateForNNAndJN(1641)) - Starting Web-server for hddsDatanode at: http://0.0.0.0:0
2019-09-26 09:56:42,803 [main] INFO  server.AuthenticationFilter (AuthenticationFilter.java:constructSecretProvider(240)) - Unable to initialize FileSignerSecretProvider, falling back to use random secrets.
2019-09-26 09:56:42,804 [main] WARN  http.HttpRequestLog (HttpRequestLog.java:getRequestLog(97)) - Jetty request log can only be enabled using Log4j
2019-09-26 09:56:42,807 [main] INFO  http.HttpServer2 (HttpServer2.java:addGlobalFilter(975)) - Added global filter 'safety' (class=org.apache.hadoop.http.HttpServer2$QuotingInputFilter)
2019-09-26 09:56:42,808 [main] INFO  http.HttpServer2 (HttpServer2.java:addFilter(948)) - Added filter static_user_filter (class=org.apache.hadoop.http.lib.StaticUserWebFilter$StaticUserFilter) to context hddsDatanode
2019-09-26 09:56:42,809 [main] INFO  http.HttpServer2 (HttpServer2.java:addFilter(958)) - Added filter static_user_filter (class=org.apache.hadoop.http.lib.StaticUserWebFilter$StaticUserFilter) to context logs
2019-09-26 09:56:42,809 [main] INFO  http.HttpServer2 (HttpServer2.java:addFilter(958)) - Added filter static_user_filter (class=org.apache.hadoop.http.lib.StaticUserWebFilter$StaticUserFilter) to context static
2019-09-26 09:56:42,811 [main] INFO  http.HttpServer2 (HttpServer2.java:bindListener(1191)) - Jetty bound to port 34012
2019-09-26 09:56:42,811 [main] INFO  server.Server (Server.java:doStart(351)) - jetty-9.3.25.v20180904, build timestamp: 2018-09-04T21:11:46Z, git hash: 3ce520221d0240229c862b122d2b06c12a625732
2019-09-26 09:56:42,814 [main] INFO  handler.ContextHandler (ContextHandler.java:doStart(781)) - Started o.e.j.s.ServletContextHandler@262816a8{/logs,file:///workdir/hadoop-ozone/integration-test/target/log,AVAILABLE}
2019-09-26 09:56:42,815 [main] INFO  handler.ContextHandler (ContextHandler.java:doStart(781)) - Started o.e.j.s.ServletContextHandler@46c269e0{/static,jar:file:/home/user/.m2/repository/org/apache/hadoop/hadoop-hdds-container-service/0.5.0-SNAPSHOT/hadoop-hdds-container-service-0.5.0-SNAPSHOT.jar!/webapps/static,AVAILABLE}
2019-09-26 09:56:42,863 [main] INFO  handler.ContextHandler (ContextHandler.java:doStart(781)) - Started o.e.j.w.WebAppContext@255eaa6b{/,file:///tmp/jetty-0.0.0.0-34012-hddsDatanode-_-any-2391230902806004526.dir/webapp/,AVAILABLE}{/hddsDatanode}
2019-09-26 09:56:42,864 [main] INFO  server.AbstractConnector (AbstractConnector.java:doStart(278)) - Started ServerConnector@476fe690{HTTP/1.1,[http/1.1]}{0.0.0.0:34012}
2019-09-26 09:56:42,865 [main] INFO  server.Server (Server.java:doStart(419)) - Started @5152ms
2019-09-26 09:56:42,865 [main] WARN  impl.MetricsSystemImpl (MetricsSystemImpl.java:register(276)) - Sink prometheus already exists!
2019-09-26 09:56:42,866 [main] INFO  server.BaseHttpServer (BaseHttpServer.java:updateConnectorAddress(215)) - HTTP server of HDDSDATANODE is listening at http://0.0.0.0:34012
2019-09-26 09:56:42,867 [main] INFO  impl.MetricsSystemImpl (MetricsSystemImpl.java:init(158)) - HddsDatanode metrics system started (again)
2019-09-26 09:56:42,871 [main] INFO  ozone.HddsDatanodeService (HddsDatanodeService.java:start(184)) - HddsDatanodeService host:pr-hdds-1569-wvzgm-824869521 ip:192.168.30.13
2019-09-26 09:56:42,874 [org.apache.hadoop.util.JvmPauseMonitor$Monitor@585056d2] INFO  util.JvmPauseMonitor (JvmPauseMonitor.java:run(188)) - Starting JVM pause monitor
2019-09-26 09:56:42,877 [main] INFO  volume.HddsVolume (HddsVolume.java:<init>(176)) - Creating Volume: /workdir/hadoop-ozone/integration-test/target/test-dir/MiniOzoneClusterImpl-90b94c19-38e3-4b62-8beb-5bce376b68a2/datanode-1/data/containers/hdds of  storage type : DISK and capacity : 1482555576320
2019-09-26 09:56:42,878 [main] INFO  volume.VolumeSet (VolumeSet.java:initializeVolumeSet(170)) - Added Volume : /workdir/hadoop-ozone/integration-test/target/test-dir/MiniOzoneClusterImpl-90b94c19-38e3-4b62-8beb-5bce376b68a2/datanode-1/data/containers/hdds to VolumeSet
2019-09-26 09:56:42,878 [main] INFO  volume.ThrottledAsyncChecker (ThrottledAsyncChecker.java:schedule(139)) - Scheduling a check for org.apache.hadoop.ozone.container.common.volume.HddsVolume@623dcf2a
2019-09-26 09:56:42,880 [main] INFO  volume.HddsVolumeChecker (HddsVolumeChecker.java:checkAllVolumes(202)) - Scheduled health check for volume org.apache.hadoop.ozone.container.common.volume.HddsVolume@623dcf2a
2019-09-26 09:56:42,894 [main] INFO  impl.RaftServerProxy (ConfUtils.java:logGet(43)) - raft.rpc.type = GRPC (default)
2019-09-26 09:56:42,895 [main] INFO  grpc.GrpcFactory (GrpcFactory.java:checkPooledByteBufAllocatorUseCacheForAllThreads(45)) - PERFORMANCE WARNING: useCacheForAllThreads is true that may cause Netty to create a lot garbage objects and, as a result, trigger GC.
	It is recommended to disable useCacheForAllThreads by setting -Dorg.apache.ratis.thirdparty.io.netty.allocator.useCacheForAllThreads=false in command line.
2019-09-26 09:56:42,895 [main] INFO  grpc.GrpcConfigKeys$Server (ConfUtils.java:logGet(43)) - raft.grpc.server.port = 0 (default)
2019-09-26 09:56:42,895 [main] INFO  server.GrpcService (ConfUtils.java:logGet(43)) - raft.grpc.message.size.max = 33570816 (custom)
2019-09-26 09:56:42,896 [main] INFO  server.RaftServerConfigKeys (ConfUtils.java:logGet(43)) - raft.server.log.appender.buffer.byte-limit = 33554432 (custom)
2019-09-26 09:56:42,896 [main] INFO  server.GrpcService (ConfUtils.java:logGet(43)) - raft.grpc.flow.control.window = 1MB (=1048576) (default)
2019-09-26 09:56:42,896 [main] INFO  server.RaftServerConfigKeys (ConfUtils.java:logGet(43)) - raft.server.rpc.request.timeout = 3000ms (default)
2019-09-26 09:56:42,897 [main] INFO  server.RaftServerConfigKeys (ConfUtils.java:logGet(43)) - raft.server.storage.dir = [/workdir/hadoop-ozone/integration-test/target/test-dir/MiniOzoneClusterImpl-90b94c19-38e3-4b62-8beb-5bce376b68a2/datanode-1/data/ratis] (custom)
2019-09-26 09:56:42,898 [main] INFO  hdfs.DFSUtil (DFSUtil.java:httpServerTemplateForNNAndJN(1641)) - Starting Web-server for hddsDatanode at: http://0.0.0.0:0
2019-09-26 09:56:42,899 [main] INFO  server.AuthenticationFilter (AuthenticationFilter.java:constructSecretProvider(240)) - Unable to initialize FileSignerSecretProvider, falling back to use random secrets.
2019-09-26 09:56:42,900 [main] WARN  http.HttpRequestLog (HttpRequestLog.java:getRequestLog(97)) - Jetty request log can only be enabled using Log4j
2019-09-26 09:56:42,902 [main] INFO  http.HttpServer2 (HttpServer2.java:addGlobalFilter(975)) - Added global filter 'safety' (class=org.apache.hadoop.http.HttpServer2$QuotingInputFilter)
2019-09-26 09:56:42,902 [main] INFO  http.HttpServer2 (HttpServer2.java:addFilter(948)) - Added filter static_user_filter (class=org.apache.hadoop.http.lib.StaticUserWebFilter$StaticUserFilter) to context hddsDatanode
2019-09-26 09:56:42,902 [main] INFO  http.HttpServer2 (HttpServer2.java:addFilter(958)) - Added filter static_user_filter (class=org.apache.hadoop.http.lib.StaticUserWebFilter$StaticUserFilter) to context logs
2019-09-26 09:56:42,903 [main] INFO  http.HttpServer2 (HttpServer2.java:addFilter(958)) - Added filter static_user_filter (class=org.apache.hadoop.http.lib.StaticUserWebFilter$StaticUserFilter) to context static
2019-09-26 09:56:42,903 [main] INFO  http.HttpServer2 (HttpServer2.java:bindListener(1191)) - Jetty bound to port 39204
2019-09-26 09:56:42,903 [main] INFO  server.Server (Server.java:doStart(351)) - jetty-9.3.25.v20180904, build timestamp: 2018-09-04T21:11:46Z, git hash: 3ce520221d0240229c862b122d2b06c12a625732
2019-09-26 09:56:42,906 [main] INFO  handler.ContextHandler (ContextHandler.java:doStart(781)) - Started o.e.j.s.ServletContextHandler@654c7d2d{/logs,file:///workdir/hadoop-ozone/integration-test/target/log,AVAILABLE}
2019-09-26 09:56:42,907 [main] INFO  handler.ContextHandler (ContextHandler.java:doStart(781)) - Started o.e.j.s.ServletContextHandler@15400fff{/static,jar:file:/home/user/.m2/repository/org/apache/hadoop/hadoop-hdds-container-service/0.5.0-SNAPSHOT/hadoop-hdds-container-service-0.5.0-SNAPSHOT.jar!/webapps/static,AVAILABLE}
2019-09-26 09:56:42,935 [main] INFO  handler.ContextHandler (ContextHandler.java:doStart(781)) - Started o.e.j.w.WebAppContext@25ad4f71{/,file:///tmp/jetty-0.0.0.0-39204-hddsDatanode-_-any-1748171664576164669.dir/webapp/,AVAILABLE}{/hddsDatanode}
2019-09-26 09:56:42,936 [main] INFO  server.AbstractConnector (AbstractConnector.java:doStart(278)) - Started ServerConnector@49faf066{HTTP/1.1,[http/1.1]}{0.0.0.0:39204}
2019-09-26 09:56:42,936 [main] INFO  server.Server (Server.java:doStart(419)) - Started @5224ms
2019-09-26 09:56:42,936 [main] WARN  impl.MetricsSystemImpl (MetricsSystemImpl.java:register(276)) - Sink prometheus already exists!
2019-09-26 09:56:42,938 [main] INFO  server.BaseHttpServer (BaseHttpServer.java:updateConnectorAddress(215)) - HTTP server of HDDSDATANODE is listening at http://0.0.0.0:39204
2019-09-26 09:56:42,938 [main] INFO  impl.MetricsSystemImpl (MetricsSystemImpl.java:init(158)) - HddsDatanode metrics system started (again)
2019-09-26 09:56:42,941 [main] INFO  ozone.HddsDatanodeService (HddsDatanodeService.java:start(184)) - HddsDatanodeService host:pr-hdds-1569-wvzgm-824869521 ip:192.168.30.13
2019-09-26 09:56:42,942 [org.apache.hadoop.util.JvmPauseMonitor$Monitor@21559df0] INFO  util.JvmPauseMonitor (JvmPauseMonitor.java:run(188)) - Starting JVM pause monitor
2019-09-26 09:56:42,951 [main] INFO  volume.HddsVolume (HddsVolume.java:<init>(176)) - Creating Volume: /workdir/hadoop-ozone/integration-test/target/test-dir/MiniOzoneClusterImpl-90b94c19-38e3-4b62-8beb-5bce376b68a2/datanode-2/data/containers/hdds of  storage type : DISK and capacity : 1482555576320
2019-09-26 09:56:42,952 [main] INFO  volume.VolumeSet (VolumeSet.java:initializeVolumeSet(170)) - Added Volume : /workdir/hadoop-ozone/integration-test/target/test-dir/MiniOzoneClusterImpl-90b94c19-38e3-4b62-8beb-5bce376b68a2/datanode-2/data/containers/hdds to VolumeSet
2019-09-26 09:56:42,953 [main] INFO  volume.ThrottledAsyncChecker (ThrottledAsyncChecker.java:schedule(139)) - Scheduling a check for org.apache.hadoop.ozone.container.common.volume.HddsVolume@30b131b2
2019-09-26 09:56:42,953 [main] INFO  volume.HddsVolumeChecker (HddsVolumeChecker.java:checkAllVolumes(202)) - Scheduled health check for volume org.apache.hadoop.ozone.container.common.volume.HddsVolume@30b131b2
2019-09-26 09:56:42,975 [main] INFO  impl.RaftServerProxy (ConfUtils.java:logGet(43)) - raft.rpc.type = GRPC (default)
2019-09-26 09:56:42,975 [main] INFO  grpc.GrpcFactory (GrpcFactory.java:checkPooledByteBufAllocatorUseCacheForAllThreads(45)) - PERFORMANCE WARNING: useCacheForAllThreads is true that may cause Netty to create a lot garbage objects and, as a result, trigger GC.
	It is recommended to disable useCacheForAllThreads by setting -Dorg.apache.ratis.thirdparty.io.netty.allocator.useCacheForAllThreads=false in command line.
2019-09-26 09:56:42,976 [main] INFO  grpc.GrpcConfigKeys$Server (ConfUtils.java:logGet(43)) - raft.grpc.server.port = 0 (default)
2019-09-26 09:56:42,976 [main] INFO  server.GrpcService (ConfUtils.java:logGet(43)) - raft.grpc.message.size.max = 33570816 (custom)
2019-09-26 09:56:42,977 [main] INFO  server.RaftServerConfigKeys (ConfUtils.java:logGet(43)) - raft.server.log.appender.buffer.byte-limit = 33554432 (custom)
2019-09-26 09:56:42,977 [main] INFO  server.GrpcService (ConfUtils.java:logGet(43)) - raft.grpc.flow.control.window = 1MB (=1048576) (default)
2019-09-26 09:56:42,977 [main] INFO  server.RaftServerConfigKeys (ConfUtils.java:logGet(43)) - raft.server.rpc.request.timeout = 3000ms (default)
2019-09-26 09:56:42,978 [main] INFO  server.RaftServerConfigKeys (ConfUtils.java:logGet(43)) - raft.server.storage.dir = [/workdir/hadoop-ozone/integration-test/target/test-dir/MiniOzoneClusterImpl-90b94c19-38e3-4b62-8beb-5bce376b68a2/datanode-2/data/ratis] (custom)
2019-09-26 09:56:42,981 [main] INFO  hdfs.DFSUtil (DFSUtil.java:httpServerTemplateForNNAndJN(1641)) - Starting Web-server for hddsDatanode at: http://0.0.0.0:0
2019-09-26 09:56:42,982 [main] INFO  server.AuthenticationFilter (AuthenticationFilter.java:constructSecretProvider(240)) - Unable to initialize FileSignerSecretProvider, falling back to use random secrets.
2019-09-26 09:56:42,983 [main] WARN  http.HttpRequestLog (HttpRequestLog.java:getRequestLog(97)) - Jetty request log can only be enabled using Log4j
2019-09-26 09:56:42,984 [main] INFO  http.HttpServer2 (HttpServer2.java:addGlobalFilter(975)) - Added global filter 'safety' (class=org.apache.hadoop.http.HttpServer2$QuotingInputFilter)
2019-09-26 09:56:42,985 [main] INFO  http.HttpServer2 (HttpServer2.java:addFilter(948)) - Added filter static_user_filter (class=org.apache.hadoop.http.lib.StaticUserWebFilter$StaticUserFilter) to context hddsDatanode
2019-09-26 09:56:42,985 [main] INFO  http.HttpServer2 (HttpServer2.java:addFilter(958)) - Added filter static_user_filter (class=org.apache.hadoop.http.lib.StaticUserWebFilter$StaticUserFilter) to context static
2019-09-26 09:56:42,986 [main] INFO  http.HttpServer2 (HttpServer2.java:addFilter(958)) - Added filter static_user_filter (class=org.apache.hadoop.http.lib.StaticUserWebFilter$StaticUserFilter) to context logs
2019-09-26 09:56:42,987 [main] INFO  http.HttpServer2 (HttpServer2.java:bindListener(1191)) - Jetty bound to port 40643
2019-09-26 09:56:42,987 [main] INFO  server.Server (Server.java:doStart(351)) - jetty-9.3.25.v20180904, build timestamp: 2018-09-04T21:11:46Z, git hash: 3ce520221d0240229c862b122d2b06c12a625732
2019-09-26 09:56:42,990 [main] INFO  handler.ContextHandler (ContextHandler.java:doStart(781)) - Started o.e.j.s.ServletContextHandler@5af8bb51{/logs,file:///workdir/hadoop-ozone/integration-test/target/log,AVAILABLE}
2019-09-26 09:56:42,991 [main] INFO  handler.ContextHandler (ContextHandler.java:doStart(781)) - Started o.e.j.s.ServletContextHandler@2e66bc32{/static,jar:file:/home/user/.m2/repository/org/apache/hadoop/hadoop-hdds-container-service/0.5.0-SNAPSHOT/hadoop-hdds-container-service-0.5.0-SNAPSHOT.jar!/webapps/static,AVAILABLE}
2019-09-26 09:56:43,020 [Datanode State Machine Thread - 0] INFO  datanode.InitDatanodeState (InitDatanodeState.java:persistContainerDatanodeDetails(140)) - DatanodeDetails is persisted to /workdir/hadoop-ozone/integration-test/target/test-dir/MiniOzoneClusterImpl-90b94c19-38e3-4b62-8beb-5bce376b68a2/datanode-0/meta/datanode.id
2019-09-26 09:56:43,025 [Datanode State Machine Thread - 0] INFO  datanode.InitDatanodeState (InitDatanodeState.java:persistContainerDatanodeDetails(140)) - DatanodeDetails is persisted to /workdir/hadoop-ozone/integration-test/target/test-dir/MiniOzoneClusterImpl-90b94c19-38e3-4b62-8beb-5bce376b68a2/datanode-1/meta/datanode.id
2019-09-26 09:56:43,033 [main] INFO  handler.ContextHandler (ContextHandler.java:doStart(781)) - Started o.e.j.w.WebAppContext@328d044f{/,file:///tmp/jetty-0.0.0.0-40643-hddsDatanode-_-any-8199996621580510322.dir/webapp/,AVAILABLE}{/hddsDatanode}
2019-09-26 09:56:43,033 [main] INFO  server.AbstractConnector (AbstractConnector.java:doStart(278)) - Started ServerConnector@10f7c76{HTTP/1.1,[http/1.1]}{0.0.0.0:40643}
2019-09-26 09:56:43,034 [main] INFO  server.Server (Server.java:doStart(419)) - Started @5322ms
2019-09-26 09:56:43,035 [main] WARN  impl.MetricsSystemImpl (MetricsSystemImpl.java:register(276)) - Sink prometheus already exists!
2019-09-26 09:56:43,036 [main] INFO  server.BaseHttpServer (BaseHttpServer.java:updateConnectorAddress(215)) - HTTP server of HDDSDATANODE is listening at http://0.0.0.0:40643
2019-09-26 09:56:43,038 [main] INFO  ozone.MiniOzoneClusterImpl (MiniOzoneClusterImpl.java:lambda$waitForClusterToBeReady$0(147)) - Waiting for cluster to be ready. Got 0 of 3 DN Heartbeats.
2019-09-26 09:56:43,039 [org.apache.hadoop.util.JvmPauseMonitor$Monitor@d81bb4f] INFO  util.JvmPauseMonitor (JvmPauseMonitor.java:run(188)) - Starting JVM pause monitor
2019-09-26 09:56:43,042 [Datanode State Machine Thread - 0] INFO  datanode.InitDatanodeState (InitDatanodeState.java:persistContainerDatanodeDetails(140)) - DatanodeDetails is persisted to /workdir/hadoop-ozone/integration-test/target/test-dir/MiniOzoneClusterImpl-90b94c19-38e3-4b62-8beb-5bce376b68a2/datanode-2/meta/datanode.id
2019-09-26 09:56:44,039 [main] INFO  ozone.MiniOzoneClusterImpl (MiniOzoneClusterImpl.java:lambda$waitForClusterToBeReady$0(147)) - Waiting for cluster to be ready. Got 0 of 3 DN Heartbeats.
2019-09-26 09:56:44,961 [Datanode State Machine Thread - 0] INFO  ozoneimpl.OzoneContainer (OzoneContainer.java:start(217)) - Attempting to start container services.
2019-09-26 09:56:44,964 [Datanode State Machine Thread - 0] INFO  ozoneimpl.OzoneContainer (OzoneContainer.java:start(217)) - Attempting to start container services.
2019-09-26 09:56:44,965 [Datanode State Machine Thread - 0] INFO  ozoneimpl.OzoneContainer (OzoneContainer.java:startContainerScrub(179)) - Background container scanner has been disabled.
2019-09-26 09:56:44,967 [Datanode State Machine Thread - 0] INFO  ratis.XceiverServerRatis (XceiverServerRatis.java:start(411)) - Starting XceiverServerRatis 5acecdc3-9f7b-4d69-984a-a06ca9625c3b at port 0
2019-09-26 09:56:44,969 [Datanode State Machine Thread - 0] INFO  ozoneimpl.OzoneContainer (OzoneContainer.java:startContainerScrub(179)) - Background container scanner has been disabled.
2019-09-26 09:56:44,969 [Datanode State Machine Thread - 0] INFO  ratis.XceiverServerRatis (XceiverServerRatis.java:start(411)) - Starting XceiverServerRatis 9a4e3a28-262d-469e-99f7-286cb914bc66 at port 0
2019-09-26 09:56:45,002 [Datanode State Machine Thread - 0] INFO  impl.RaftServerProxy (RaftServerProxy.java:lambda$start$3(299)) - 9a4e3a28-262d-469e-99f7-286cb914bc66: start RPC server
2019-09-26 09:56:45,002 [Datanode State Machine Thread - 0] INFO  impl.RaftServerProxy (RaftServerProxy.java:lambda$start$3(299)) - 5acecdc3-9f7b-4d69-984a-a06ca9625c3b: start RPC server
2019-09-26 09:56:45,041 [main] INFO  ozone.MiniOzoneClusterImpl (MiniOzoneClusterImpl.java:lambda$waitForClusterToBeReady$0(147)) - Waiting for cluster to be ready. Got 0 of 3 DN Heartbeats.
2019-09-26 09:56:45,055 [Datanode State Machine Thread - 0] INFO  ozoneimpl.OzoneContainer (OzoneContainer.java:start(217)) - Attempting to start container services.
2019-09-26 09:56:45,057 [Datanode State Machine Thread - 0] INFO  ozoneimpl.OzoneContainer (OzoneContainer.java:startContainerScrub(179)) - Background container scanner has been disabled.
2019-09-26 09:56:45,057 [Datanode State Machine Thread - 0] INFO  ratis.XceiverServerRatis (XceiverServerRatis.java:start(411)) - Starting XceiverServerRatis c71d065e-fd25-4780-a7c8-fad2cb759771 at port 0
2019-09-26 09:56:45,064 [Datanode State Machine Thread - 0] INFO  impl.RaftServerProxy (RaftServerProxy.java:lambda$start$3(299)) - c71d065e-fd25-4780-a7c8-fad2cb759771: start RPC server
2019-09-26 09:56:45,162 [Datanode State Machine Thread - 0] INFO  server.GrpcService (GrpcService.java:startImpl(158)) - 5acecdc3-9f7b-4d69-984a-a06ca9625c3b: GrpcService started, listening on 0.0.0.0/0.0.0.0:43435
2019-09-26 09:56:45,162 [Datanode State Machine Thread - 0] INFO  server.GrpcService (GrpcService.java:startImpl(158)) - 9a4e3a28-262d-469e-99f7-286cb914bc66: GrpcService started, listening on 0.0.0.0/0.0.0.0:38221
2019-09-26 09:56:45,162 [Datanode State Machine Thread - 0] INFO  server.GrpcService (GrpcService.java:startImpl(158)) - c71d065e-fd25-4780-a7c8-fad2cb759771: GrpcService started, listening on 0.0.0.0/0.0.0.0:38931
2019-09-26 09:56:45,164 [Datanode State Machine Thread - 0] INFO  ratis.XceiverServerRatis (XceiverServerRatis.java:start(421)) - XceiverServerRatis 9a4e3a28-262d-469e-99f7-286cb914bc66 is started using port 38221
2019-09-26 09:56:45,164 [Datanode State Machine Thread - 0] INFO  ratis.XceiverServerRatis (XceiverServerRatis.java:start(421)) - XceiverServerRatis 5acecdc3-9f7b-4d69-984a-a06ca9625c3b is started using port 43435
2019-09-26 09:56:45,164 [Datanode State Machine Thread - 0] INFO  ratis.XceiverServerRatis (XceiverServerRatis.java:start(421)) - XceiverServerRatis c71d065e-fd25-4780-a7c8-fad2cb759771 is started using port 38931
2019-09-26 09:56:45,171 [Datanode State Machine Thread - 0] INFO  server.XceiverServerGrpc (XceiverServerGrpc.java:start(149)) - XceiverServerGrpc c71d065e-fd25-4780-a7c8-fad2cb759771 is started using port 33729
2019-09-26 09:56:45,171 [Datanode State Machine Thread - 0] INFO  server.XceiverServerGrpc (XceiverServerGrpc.java:start(149)) - XceiverServerGrpc 5acecdc3-9f7b-4d69-984a-a06ca9625c3b is started using port 37486
2019-09-26 09:56:45,172 [Datanode State Machine Thread - 0] INFO  server.XceiverServerGrpc (XceiverServerGrpc.java:start(149)) - XceiverServerGrpc 9a4e3a28-262d-469e-99f7-286cb914bc66 is started using port 44628
2019-09-26 09:56:46,041 [main] INFO  ozone.MiniOzoneClusterImpl (MiniOzoneClusterImpl.java:lambda$waitForClusterToBeReady$0(147)) - Waiting for cluster to be ready. Got 0 of 3 DN Heartbeats.
2019-09-26 09:56:46,916 [IPC Server handler 0 on 46260] INFO  net.NetworkTopology (NetworkTopologyImpl.java:add(111)) - Added a new node: /default-rack/5acecdc3-9f7b-4d69-984a-a06ca9625c3b
2019-09-26 09:56:46,916 [IPC Server handler 0 on 46260] INFO  node.SCMNodeManager (SCMNodeManager.java:register(266)) - Registered Data node : 5acecdc3-9f7b-4d69-984a-a06ca9625c3b{ip: 192.168.30.13, host: pr-hdds-1569-wvzgm-824869521, networkLocation: /default-rack, certSerialId: null}
2019-09-26 09:56:46,922 [EventQueue-NodeRegistrationContainerReportForDataNodeSafeModeRule] INFO  safemode.SCMSafeModeManager (DataNodeSafeModeRule.java:process(71)) - SCM in safe mode. 1 DataNodes registered, 1 required.
2019-09-26 09:56:46,922 [EventQueue-NodeRegistrationContainerReportForDataNodeSafeModeRule] INFO  safemode.SCMSafeModeManager (SCMSafeModeManager.java:validateSafeModeExitRules(177)) - ScmSafeModeManager, all rules are successfully validated
2019-09-26 09:56:46,922 [EventQueue-NodeRegistrationContainerReportForDataNodeSafeModeRule] INFO  safemode.SCMSafeModeManager (SCMSafeModeManager.java:exitSafeMode(193)) - SCM exiting safe mode.
2019-09-26 09:56:46,944 [IPC Server handler 1 on 46260] INFO  net.NetworkTopology (NetworkTopologyImpl.java:add(111)) - Added a new node: /default-rack/9a4e3a28-262d-469e-99f7-286cb914bc66
2019-09-26 09:56:46,944 [IPC Server handler 1 on 46260] INFO  node.SCMNodeManager (SCMNodeManager.java:register(266)) - Registered Data node : 9a4e3a28-262d-469e-99f7-286cb914bc66{ip: 192.168.30.13, host: pr-hdds-1569-wvzgm-824869521, networkLocation: /default-rack, certSerialId: null}
2019-09-26 09:56:47,042 [main] INFO  ozone.MiniOzoneClusterImpl (MiniOzoneClusterImpl.java:lambda$waitForClusterToBeReady$0(147)) - Cluster is ready. Got 3 of 3 DN Heartbeats.
2019-09-26 09:56:47,042 [IPC Server handler 3 on 46260] INFO  net.NetworkTopology (NetworkTopologyImpl.java:add(111)) - Added a new node: /default-rack/c71d065e-fd25-4780-a7c8-fad2cb759771
2019-09-26 09:56:47,043 [IPC Server handler 3 on 46260] INFO  node.SCMNodeManager (SCMNodeManager.java:register(266)) - Registered Data node : c71d065e-fd25-4780-a7c8-fad2cb759771{ip: 192.168.30.13, host: pr-hdds-1569-wvzgm-824869521, networkLocation: /default-rack, certSerialId: null}
2019-09-26 09:56:47,514 [grpc-default-executor-0] INFO  impl.RaftServerProxy (RaftServerProxy.java:addNew(89)) - 5acecdc3-9f7b-4d69-984a-a06ca9625c3b: addNew group-3EC0AE70755D:[5acecdc3-9f7b-4d69-984a-a06ca9625c3b:192.168.30.13:43435] returns group-3EC0AE70755D:java.util.concurrent.CompletableFuture@423a78f2[Not completed]
2019-09-26 09:56:47,530 [main] INFO  rpc.RpcClient (RpcClient.java:createVolume(276)) - Creating Volume: e37a3d14-a647-48e5-b41b-9c0e58ef8f4e, with jenkins1000 as owner.
2019-09-26 09:56:47,533 [pool-27-thread-1] INFO  impl.RaftServerImpl (RaftServerImpl.java:<init>(95)) - 5acecdc3-9f7b-4d69-984a-a06ca9625c3b: new RaftServerImpl for group-3EC0AE70755D:[5acecdc3-9f7b-4d69-984a-a06ca9625c3b:192.168.30.13:43435] with ContainerStateMachine:uninitialized
2019-09-26 09:56:47,536 [pool-27-thread-1] INFO  server.RaftServerConfigKeys (ConfUtils.java:logGet(43)) - raft.server.rpc.timeout.min = 5s (custom)
2019-09-26 09:56:47,537 [pool-27-thread-1] INFO  server.RaftServerConfigKeys (ConfUtils.java:logGet(43)) - raft.server.rpc.timeout.max = 5200ms (custom)
2019-09-26 09:56:47,537 [pool-27-thread-1] INFO  server.RaftServerConfigKeys (ConfUtils.java:logGet(43)) - raft.server.rpcslowness.timeout = 120s (custom)
2019-09-26 09:56:47,537 [pool-27-thread-1] INFO  server.RaftServerConfigKeys (ConfUtils.java:logGet(43)) - raft.server.sleep.deviation.threshold = 300 (default)
2019-09-26 09:56:47,539 [pool-27-thread-1] INFO  server.RaftServerConfigKeys (ConfUtils.java:logGet(43)) - raft.server.log.appender.install.snapshot.enabled = false (custom)
2019-09-26 09:56:47,546 [pool-27-thread-1] INFO  impl.RaftServerImpl (ServerState.java:<init>(103)) - 5acecdc3-9f7b-4d69-984a-a06ca9625c3b@group-3EC0AE70755D: ConfigurationManager, init=-1: [5acecdc3-9f7b-4d69-984a-a06ca9625c3b:192.168.30.13:43435], old=null, confs=<EMPTY_MAP>
2019-09-26 09:56:47,546 [pool-27-thread-1] INFO  server.RaftServerConfigKeys (ConfUtils.java:logGet(43)) - raft.server.storage.dir = [/workdir/hadoop-ozone/integration-test/target/test-dir/MiniOzoneClusterImpl-90b94c19-38e3-4b62-8beb-5bce376b68a2/datanode-0/data/ratis] (custom)
2019-09-26 09:56:47,553 [pool-27-thread-1] INFO  storage.RaftStorageDirectory (RaftStorageDirectory.java:analyzeStorage(246)) - The storage directory /workdir/hadoop-ozone/integration-test/target/test-dir/MiniOzoneClusterImpl-90b94c19-38e3-4b62-8beb-5bce376b68a2/datanode-0/data/ratis/138343ee-5398-4233-8239-3ec0ae70755d does not exist. Creating ...
2019-09-26 09:56:47,569 [pool-27-thread-1] INFO  storage.RaftStorageDirectory (RaftStorageDirectory.java:tryLock(328)) - Lock on /workdir/hadoop-ozone/integration-test/target/test-dir/MiniOzoneClusterImpl-90b94c19-38e3-4b62-8beb-5bce376b68a2/datanode-0/data/ratis/138343ee-5398-4233-8239-3ec0ae70755d/in_use.lock acquired by nodename 18833@pr-hdds-1569-wvzgm-824869521
2019-09-26 09:56:47,584 [pool-27-thread-1] INFO  storage.RaftStorage (RaftStorage.java:format(72)) - Storage directory /workdir/hadoop-ozone/integration-test/target/test-dir/MiniOzoneClusterImpl-90b94c19-38e3-4b62-8beb-5bce376b68a2/datanode-0/data/ratis/138343ee-5398-4233-8239-3ec0ae70755d has been successfully formatted.
2019-09-26 09:56:47,586 [pool-27-thread-1] INFO  ratis.ContainerStateMachine (ContainerStateMachine.java:loadSnapshot(230)) - group-3EC0AE70755D: The snapshot info is null. Setting the last applied indexto:(t:0, i:~)
2019-09-26 09:56:47,586 [pool-27-thread-1] INFO  server.RaftServerConfigKeys (ConfUtils.java:logGet(43)) - raft.server.notification.no-leader.timeout = 120s (custom)
2019-09-26 09:56:47,588 [pool-27-thread-1] INFO  server.RaftServerConfigKeys (ConfUtils.java:logGet(43)) - raft.server.log.use.memory = false (default)
2019-09-26 09:56:47,593 [pool-27-thread-1] INFO  server.RaftServerConfigKeys (ConfUtils.java:logGet(43)) - raft.server.log.purge.gap = 1000000 (custom)
2019-09-26 09:56:47,593 [pool-27-thread-1] INFO  server.RaftServerConfigKeys (ConfUtils.java:logGet(43)) - raft.server.log.appender.buffer.byte-limit = 33554432 (custom)
2019-09-26 09:56:47,595 [pool-27-thread-1] INFO  server.RaftServerConfigKeys (ConfUtils.java:logGet(43)) - raft.server.log.segment.size.max = 1048576 (custom)
2019-09-26 09:56:47,599 [pool-27-thread-1] INFO  server.RaftServerConfigKeys (ConfUtils.java:logGet(43)) - raft.server.log.segment.cache.num.max = 2 (custom)
2019-09-26 09:56:47,603 [pool-27-thread-1] INFO  segmented.SegmentedRaftLogWorker (SegmentedRaftLogWorker.java:<init>(172)) - new 5acecdc3-9f7b-4d69-984a-a06ca9625c3b@group-3EC0AE70755D-SegmentedRaftLogWorker for RaftStorage:Storage Directory /workdir/hadoop-ozone/integration-test/target/test-dir/MiniOzoneClusterImpl-90b94c19-38e3-4b62-8beb-5bce376b68a2/datanode-0/data/ratis/138343ee-5398-4233-8239-3ec0ae70755d
2019-09-26 09:56:47,605 [pool-27-thread-1] INFO  impl.MetricsSystemImpl (MetricsSystemImpl.java:init(158)) - ratis metrics system started (again)
2019-09-26 09:56:47,610 [pool-27-thread-1] INFO  metrics.MetricRegistries (MetricRegistriesLoader.java:load(64)) - Loaded MetricRegistries class org.apache.ratis.metrics.impl.MetricRegistriesImpl
2019-09-26 09:56:47,616 [IPC Server handler 0 on 46858] INFO  volume.OMVolumeCreateRequest (OMVolumeCreateRequest.java:validateAndUpdateCache(189)) - created volume:e37a3d14-a647-48e5-b41b-9c0e58ef8f4e for user:jenkins1000
2019-09-26 09:56:47,638 [main] INFO  rpc.RpcClient (RpcClient.java:createBucket(415)) - Creating Bucket: e37a3d14-a647-48e5-b41b-9c0e58ef8f4e/93f6675f-0587-4fb5-9d21-d9250e0c635d, with Versioning false and Storage Type set to DISK and Encryption set to false 
2019-09-26 09:56:47,641 [pool-27-thread-1] INFO  server.RaftServerConfigKeys (ConfUtils.java:logGet(43)) - raft.server.log.queue.byte-limit = 2147483647 (custom)
2019-09-26 09:56:47,642 [pool-27-thread-1] INFO  server.RaftServerConfigKeys (ConfUtils.java:logGet(43)) - raft.server.log.queue.element-limit = 1024 (custom)
2019-09-26 09:56:47,645 [pool-27-thread-1] INFO  server.RaftServerConfigKeys (ConfUtils.java:logGet(43)) - raft.server.log.segment.size.max = 1048576 (custom)
2019-09-26 09:56:47,646 [pool-27-thread-1] INFO  server.RaftServerConfigKeys (ConfUtils.java:logGet(43)) - raft.server.log.preallocated.size = 16384 (custom)
2019-09-26 09:56:47,646 [pool-27-thread-1] INFO  server.RaftServerConfigKeys (ConfUtils.java:logGet(43)) - raft.server.log.write.buffer.size = 33554432 (custom)
2019-09-26 09:56:47,647 [pool-27-thread-1] INFO  server.RaftServerConfigKeys (ConfUtils.java:logGet(43)) - raft.server.log.force.sync.num = 128 (default)
2019-09-26 09:56:47,647 [pool-27-thread-1] INFO  server.RaftServerConfigKeys (ConfUtils.java:logGet(43)) - raft.server.log.statemachine.data.sync = true (default)
2019-09-26 09:56:47,648 [pool-27-thread-1] INFO  server.RaftServerConfigKeys (ConfUtils.java:logGet(43)) - raft.server.log.statemachine.data.sync.timeout = 10s (default)
2019-09-26 09:56:47,649 [pool-27-thread-1] INFO  server.RaftServerConfigKeys (ConfUtils.java:logGet(43)) - raft.server.log.statemachine.data.sync.timeout.retry = -1 (default)
2019-09-26 09:56:47,657 [pool-27-thread-1] INFO  server.RaftServerConfigKeys (ConfUtils.java:logGet(43)) - raft.server.log.statemachine.data.caching.enabled = true (custom)
2019-09-26 09:56:47,661 [pool-27-thread-1] INFO  segmented.SegmentedRaftLogWorker (SegmentedRaftLogWorker.java:lambda$new$0(132)) - 5acecdc3-9f7b-4d69-984a-a06ca9625c3b@group-3EC0AE70755D-SegmentedRaftLogWorker: flushIndex: setUnconditionally 0 -> -1
2019-09-26 09:56:47,665 [pool-27-thread-1] INFO  server.RaftServerConfigKeys (ConfUtils.java:logGet(43)) - raft.server.snapshot.auto.trigger.enabled = true (custom)
2019-09-26 09:56:47,666 [pool-27-thread-1] INFO  server.RaftServerConfigKeys (ConfUtils.java:logGet(43)) - raft.server.snapshot.auto.trigger.threshold = 10000 (custom)
2019-09-26 09:56:47,667 [pool-27-thread-1] INFO  server.RaftServerConfigKeys (ConfUtils.java:logGet(43)) - raft.server.snapshot.retention.num.files = 5 (custom)
2019-09-26 09:56:47,667 [pool-27-thread-1] INFO  server.RaftServerConfigKeys (ConfUtils.java:logGet(43)) - raft.server.retrycache.expirytime = 600000ms (custom)
2019-09-26 09:56:47,694 [pool-27-thread-1] INFO  impl.RaftServerImpl (RaftServerImpl.java:start(185)) - 5acecdc3-9f7b-4d69-984a-a06ca9625c3b@group-3EC0AE70755D: start as a follower, conf=-1: [5acecdc3-9f7b-4d69-984a-a06ca9625c3b:192.168.30.13:43435], old=null
2019-09-26 09:56:47,695 [pool-27-thread-1] INFO  impl.RaftServerImpl (RaftServerImpl.java:setRole(174)) - 5acecdc3-9f7b-4d69-984a-a06ca9625c3b@group-3EC0AE70755D: changes role from      null to FOLLOWER at term 0 for startAsFollower
2019-09-26 09:56:47,696 [pool-27-thread-1] INFO  impl.RoleInfo (RoleInfo.java:updateAndGet(143)) - 5acecdc3-9f7b-4d69-984a-a06ca9625c3b: start FollowerState
2019-09-26 09:56:47,697 [pool-27-thread-1] INFO  util.JmxRegister (JmxRegister.java:tryRegister(44)) - Successfully registered JMX Bean with object name Ratis:service=RaftServer,group=group-3EC0AE70755D,id=5acecdc3-9f7b-4d69-984a-a06ca9625c3b
2019-09-26 09:56:47,747 [RatisPipelineUtilsThread] INFO  pipeline.PipelineStateManager (PipelineStateManager.java:addPipeline(56)) - Created pipeline Pipeline[ Id: 138343ee-5398-4233-8239-3ec0ae70755d, Nodes: 5acecdc3-9f7b-4d69-984a-a06ca9625c3b{ip: 192.168.30.13, host: pr-hdds-1569-wvzgm-824869521, networkLocation: /default-rack, certSerialId: null}, Type:RATIS, Factor:ONE, State:OPEN]
2019-09-26 09:56:47,769 [grpc-default-executor-0] INFO  impl.RaftServerProxy (RaftServerProxy.java:addNew(89)) - 9a4e3a28-262d-469e-99f7-286cb914bc66: addNew group-4DF6CC977188:[9a4e3a28-262d-469e-99f7-286cb914bc66:192.168.30.13:38221] returns group-4DF6CC977188:java.util.concurrent.CompletableFuture@c7dec34[Not completed]
2019-09-26 09:56:47,797 [pool-37-thread-1] INFO  impl.RaftServerImpl (RaftServerImpl.java:<init>(95)) - 9a4e3a28-262d-469e-99f7-286cb914bc66: new RaftServerImpl for group-4DF6CC977188:[9a4e3a28-262d-469e-99f7-286cb914bc66:192.168.30.13:38221] with ContainerStateMachine:uninitialized
2019-09-26 09:56:47,798 [pool-37-thread-1] INFO  server.RaftServerConfigKeys (ConfUtils.java:logGet(43)) - raft.server.rpc.timeout.min = 5s (custom)
2019-09-26 09:56:47,799 [pool-37-thread-1] INFO  server.RaftServerConfigKeys (ConfUtils.java:logGet(43)) - raft.server.rpc.timeout.max = 5200ms (custom)
2019-09-26 09:56:47,799 [pool-37-thread-1] INFO  server.RaftServerConfigKeys (ConfUtils.java:logGet(43)) - raft.server.rpcslowness.timeout = 120s (custom)
2019-09-26 09:56:47,799 [pool-37-thread-1] INFO  server.RaftServerConfigKeys (ConfUtils.java:logGet(43)) - raft.server.sleep.deviation.threshold = 300 (default)
2019-09-26 09:56:47,799 [pool-37-thread-1] INFO  server.RaftServerConfigKeys (ConfUtils.java:logGet(43)) - raft.server.log.appender.install.snapshot.enabled = false (custom)
2019-09-26 09:56:47,799 [pool-37-thread-1] INFO  impl.RaftServerImpl (ServerState.java:<init>(103)) - 9a4e3a28-262d-469e-99f7-286cb914bc66@group-4DF6CC977188: ConfigurationManager, init=-1: [9a4e3a28-262d-469e-99f7-286cb914bc66:192.168.30.13:38221], old=null, confs=<EMPTY_MAP>
2019-09-26 09:56:47,800 [pool-37-thread-1] INFO  server.RaftServerConfigKeys (ConfUtils.java:logGet(43)) - raft.server.storage.dir = [/workdir/hadoop-ozone/integration-test/target/test-dir/MiniOzoneClusterImpl-90b94c19-38e3-4b62-8beb-5bce376b68a2/datanode-1/data/ratis] (custom)
2019-09-26 09:56:47,800 [pool-37-thread-1] INFO  storage.RaftStorageDirectory (RaftStorageDirectory.java:analyzeStorage(246)) - The storage directory /workdir/hadoop-ozone/integration-test/target/test-dir/MiniOzoneClusterImpl-90b94c19-38e3-4b62-8beb-5bce376b68a2/datanode-1/data/ratis/bd57ec2b-baaa-4c25-9627-4df6cc977188 does not exist. Creating ...
2019-09-26 09:56:47,814 [pool-37-thread-1] INFO  storage.RaftStorageDirectory (RaftStorageDirectory.java:tryLock(328)) - Lock on /workdir/hadoop-ozone/integration-test/target/test-dir/MiniOzoneClusterImpl-90b94c19-38e3-4b62-8beb-5bce376b68a2/datanode-1/data/ratis/bd57ec2b-baaa-4c25-9627-4df6cc977188/in_use.lock acquired by nodename 18833@pr-hdds-1569-wvzgm-824869521
2019-09-26 09:56:47,827 [pool-37-thread-1] INFO  storage.RaftStorage (RaftStorage.java:format(72)) - Storage directory /workdir/hadoop-ozone/integration-test/target/test-dir/MiniOzoneClusterImpl-90b94c19-38e3-4b62-8beb-5bce376b68a2/datanode-1/data/ratis/bd57ec2b-baaa-4c25-9627-4df6cc977188 has been successfully formatted.
2019-09-26 09:56:47,828 [pool-37-thread-1] INFO  ratis.ContainerStateMachine (ContainerStateMachine.java:loadSnapshot(230)) - group-4DF6CC977188: The snapshot info is null. Setting the last applied indexto:(t:0, i:~)
2019-09-26 09:56:47,829 [pool-37-thread-1] INFO  server.RaftServerConfigKeys (ConfUtils.java:logGet(43)) - raft.server.notification.no-leader.timeout = 120s (custom)
2019-09-26 09:56:47,829 [pool-37-thread-1] INFO  server.RaftServerConfigKeys (ConfUtils.java:logGet(43)) - raft.server.log.use.memory = false (default)
2019-09-26 09:56:47,829 [pool-37-thread-1] INFO  server.RaftServerConfigKeys (ConfUtils.java:logGet(43)) - raft.server.log.purge.gap = 1000000 (custom)
2019-09-26 09:56:47,829 [pool-37-thread-1] INFO  server.RaftServerConfigKeys (ConfUtils.java:logGet(43)) - raft.server.log.appender.buffer.byte-limit = 33554432 (custom)
2019-09-26 09:56:47,829 [pool-37-thread-1] INFO  server.RaftServerConfigKeys (ConfUtils.java:logGet(43)) - raft.server.log.segment.size.max = 1048576 (custom)
2019-09-26 09:56:47,829 [pool-37-thread-1] INFO  server.RaftServerConfigKeys (ConfUtils.java:logGet(43)) - raft.server.log.segment.cache.num.max = 2 (custom)
2019-09-26 09:56:47,830 [pool-37-thread-1] INFO  segmented.SegmentedRaftLogWorker (SegmentedRaftLogWorker.java:<init>(172)) - new 9a4e3a28-262d-469e-99f7-286cb914bc66@group-4DF6CC977188-SegmentedRaftLogWorker for RaftStorage:Storage Directory /workdir/hadoop-ozone/integration-test/target/test-dir/MiniOzoneClusterImpl-90b94c19-38e3-4b62-8beb-5bce376b68a2/datanode-1/data/ratis/bd57ec2b-baaa-4c25-9627-4df6cc977188
2019-09-26 09:56:47,834 [pool-37-thread-1] INFO  server.RaftServerConfigKeys (ConfUtils.java:logGet(43)) - raft.server.log.queue.byte-limit = 2147483647 (custom)
2019-09-26 09:56:47,834 [pool-37-thread-1] INFO  server.RaftServerConfigKeys (ConfUtils.java:logGet(43)) - raft.server.log.queue.element-limit = 1024 (custom)
2019-09-26 09:56:47,834 [pool-37-thread-1] INFO  server.RaftServerConfigKeys (ConfUtils.java:logGet(43)) - raft.server.log.segment.size.max = 1048576 (custom)
2019-09-26 09:56:47,835 [pool-37-thread-1] INFO  server.RaftServerConfigKeys (ConfUtils.java:logGet(43)) - raft.server.log.preallocated.size = 16384 (custom)
2019-09-26 09:56:47,835 [pool-37-thread-1] INFO  server.RaftServerConfigKeys (ConfUtils.java:logGet(43)) - raft.server.log.write.buffer.size = 33554432 (custom)
2019-09-26 09:56:47,835 [pool-37-thread-1] INFO  server.RaftServerConfigKeys (ConfUtils.java:logGet(43)) - raft.server.log.force.sync.num = 128 (default)
2019-09-26 09:56:47,835 [pool-37-thread-1] INFO  server.RaftServerConfigKeys (ConfUtils.java:logGet(43)) - raft.server.log.statemachine.data.sync = true (default)
2019-09-26 09:56:47,835 [pool-37-thread-1] INFO  server.RaftServerConfigKeys (ConfUtils.java:logGet(43)) - raft.server.log.statemachine.data.sync.timeout = 10s (default)
2019-09-26 09:56:47,835 [pool-37-thread-1] INFO  server.RaftServerConfigKeys (ConfUtils.java:logGet(43)) - raft.server.log.statemachine.data.sync.timeout.retry = -1 (default)
2019-09-26 09:56:47,835 [pool-37-thread-1] INFO  server.RaftServerConfigKeys (ConfUtils.java:logGet(43)) - raft.server.log.statemachine.data.caching.enabled = true (custom)
2019-09-26 09:56:47,836 [pool-37-thread-1] INFO  segmented.SegmentedRaftLogWorker (SegmentedRaftLogWorker.java:lambda$new$0(132)) - 9a4e3a28-262d-469e-99f7-286cb914bc66@group-4DF6CC977188-SegmentedRaftLogWorker: flushIndex: setUnconditionally 0 -> -1
2019-09-26 09:56:47,836 [pool-37-thread-1] INFO  server.RaftServerConfigKeys (ConfUtils.java:logGet(43)) - raft.server.snapshot.auto.trigger.enabled = true (custom)
2019-09-26 09:56:47,836 [pool-37-thread-1] INFO  server.RaftServerConfigKeys (ConfUtils.java:logGet(43)) - raft.server.snapshot.auto.trigger.threshold = 10000 (custom)
2019-09-26 09:56:47,836 [pool-37-thread-1] INFO  server.RaftServerConfigKeys (ConfUtils.java:logGet(43)) - raft.server.snapshot.retention.num.files = 5 (custom)
2019-09-26 09:56:47,836 [pool-37-thread-1] INFO  server.RaftServerConfigKeys (ConfUtils.java:logGet(43)) - raft.server.retrycache.expirytime = 600000ms (custom)
2019-09-26 09:56:47,840 [pool-37-thread-1] INFO  impl.RaftServerImpl (RaftServerImpl.java:start(185)) - 9a4e3a28-262d-469e-99f7-286cb914bc66@group-4DF6CC977188: start as a follower, conf=-1: [9a4e3a28-262d-469e-99f7-286cb914bc66:192.168.30.13:38221], old=null
2019-09-26 09:56:47,840 [pool-37-thread-1] INFO  impl.RaftServerImpl (RaftServerImpl.java:setRole(174)) - 9a4e3a28-262d-469e-99f7-286cb914bc66@group-4DF6CC977188: changes role from      null to FOLLOWER at term 0 for startAsFollower
2019-09-26 09:56:47,840 [pool-37-thread-1] INFO  impl.RoleInfo (RoleInfo.java:updateAndGet(143)) - 9a4e3a28-262d-469e-99f7-286cb914bc66: start FollowerState
2019-09-26 09:56:47,841 [pool-37-thread-1] INFO  util.JmxRegister (JmxRegister.java:tryRegister(44)) - Successfully registered JMX Bean with object name Ratis:service=RaftServer,group=group-4DF6CC977188,id=9a4e3a28-262d-469e-99f7-286cb914bc66
2019-09-26 09:56:47,854 [RatisPipelineUtilsThread] INFO  pipeline.PipelineStateManager (PipelineStateManager.java:addPipeline(56)) - Created pipeline Pipeline[ Id: bd57ec2b-baaa-4c25-9627-4df6cc977188, Nodes: 9a4e3a28-262d-469e-99f7-286cb914bc66{ip: 192.168.30.13, host: pr-hdds-1569-wvzgm-824869521, networkLocation: /default-rack, certSerialId: null}, Type:RATIS, Factor:ONE, State:OPEN]
2019-09-26 09:56:47,873 [grpc-default-executor-0] INFO  impl.RaftServerProxy (RaftServerProxy.java:addNew(89)) - c71d065e-fd25-4780-a7c8-fad2cb759771: addNew group-2795763192FD:[c71d065e-fd25-4780-a7c8-fad2cb759771:192.168.30.13:38931] returns group-2795763192FD:java.util.concurrent.CompletableFuture@5ac930d0[Not completed]
2019-09-26 09:56:47,896 [pool-47-thread-1] INFO  impl.RaftServerImpl (RaftServerImpl.java:<init>(95)) - c71d065e-fd25-4780-a7c8-fad2cb759771: new RaftServerImpl for group-2795763192FD:[c71d065e-fd25-4780-a7c8-fad2cb759771:192.168.30.13:38931] with ContainerStateMachine:uninitialized
2019-09-26 09:56:47,897 [pool-47-thread-1] INFO  server.RaftServerConfigKeys (ConfUtils.java:logGet(43)) - raft.server.rpc.timeout.min = 5s (custom)
2019-09-26 09:56:47,898 [pool-47-thread-1] INFO  server.RaftServerConfigKeys (ConfUtils.java:logGet(43)) - raft.server.rpc.timeout.max = 5200ms (custom)
2019-09-26 09:56:47,898 [pool-47-thread-1] INFO  server.RaftServerConfigKeys (ConfUtils.java:logGet(43)) - raft.server.rpcslowness.timeout = 120s (custom)
2019-09-26 09:56:47,898 [pool-47-thread-1] INFO  server.RaftServerConfigKeys (ConfUtils.java:logGet(43)) - raft.server.sleep.deviation.threshold = 300 (default)
2019-09-26 09:56:47,898 [pool-47-thread-1] INFO  server.RaftServerConfigKeys (ConfUtils.java:logGet(43)) - raft.server.log.appender.install.snapshot.enabled = false (custom)
2019-09-26 09:56:47,898 [pool-47-thread-1] INFO  impl.RaftServerImpl (ServerState.java:<init>(103)) - c71d065e-fd25-4780-a7c8-fad2cb759771@group-2795763192FD: ConfigurationManager, init=-1: [c71d065e-fd25-4780-a7c8-fad2cb759771:192.168.30.13:38931], old=null, confs=<EMPTY_MAP>
2019-09-26 09:56:47,899 [pool-47-thread-1] INFO  server.RaftServerConfigKeys (ConfUtils.java:logGet(43)) - raft.server.storage.dir = [/workdir/hadoop-ozone/integration-test/target/test-dir/MiniOzoneClusterImpl-90b94c19-38e3-4b62-8beb-5bce376b68a2/datanode-2/data/ratis] (custom)
2019-09-26 09:56:47,899 [pool-47-thread-1] INFO  storage.RaftStorageDirectory (RaftStorageDirectory.java:analyzeStorage(246)) - The storage directory /workdir/hadoop-ozone/integration-test/target/test-dir/MiniOzoneClusterImpl-90b94c19-38e3-4b62-8beb-5bce376b68a2/datanode-2/data/ratis/f7b7c724-2cf1-45e3-a448-2795763192fd does not exist. Creating ...
2019-09-26 09:56:47,913 [pool-47-thread-1] INFO  storage.RaftStorageDirectory (RaftStorageDirectory.java:tryLock(328)) - Lock on /workdir/hadoop-ozone/integration-test/target/test-dir/MiniOzoneClusterImpl-90b94c19-38e3-4b62-8beb-5bce376b68a2/datanode-2/data/ratis/f7b7c724-2cf1-45e3-a448-2795763192fd/in_use.lock acquired by nodename 18833@pr-hdds-1569-wvzgm-824869521
2019-09-26 09:56:47,926 [pool-47-thread-1] INFO  storage.RaftStorage (RaftStorage.java:format(72)) - Storage directory /workdir/hadoop-ozone/integration-test/target/test-dir/MiniOzoneClusterImpl-90b94c19-38e3-4b62-8beb-5bce376b68a2/datanode-2/data/ratis/f7b7c724-2cf1-45e3-a448-2795763192fd has been successfully formatted.
2019-09-26 09:56:47,927 [pool-47-thread-1] INFO  ratis.ContainerStateMachine (ContainerStateMachine.java:loadSnapshot(230)) - group-2795763192FD: The snapshot info is null. Setting the last applied indexto:(t:0, i:~)
2019-09-26 09:56:47,927 [pool-47-thread-1] INFO  server.RaftServerConfigKeys (ConfUtils.java:logGet(43)) - raft.server.notification.no-leader.timeout = 120s (custom)
2019-09-26 09:56:47,927 [pool-47-thread-1] INFO  server.RaftServerConfigKeys (ConfUtils.java:logGet(43)) - raft.server.log.use.memory = false (default)
2019-09-26 09:56:47,927 [pool-47-thread-1] INFO  server.RaftServerConfigKeys (ConfUtils.java:logGet(43)) - raft.server.log.purge.gap = 1000000 (custom)
2019-09-26 09:56:47,927 [pool-47-thread-1] INFO  server.RaftServerConfigKeys (ConfUtils.java:logGet(43)) - raft.server.log.appender.buffer.byte-limit = 33554432 (custom)
2019-09-26 09:56:47,928 [pool-47-thread-1] INFO  server.RaftServerConfigKeys (ConfUtils.java:logGet(43)) - raft.server.log.segment.size.max = 1048576 (custom)
2019-09-26 09:56:47,928 [pool-47-thread-1] INFO  server.RaftServerConfigKeys (ConfUtils.java:logGet(43)) - raft.server.log.segment.cache.num.max = 2 (custom)
2019-09-26 09:56:47,928 [pool-47-thread-1] INFO  segmented.SegmentedRaftLogWorker (SegmentedRaftLogWorker.java:<init>(172)) - new c71d065e-fd25-4780-a7c8-fad2cb759771@group-2795763192FD-SegmentedRaftLogWorker for RaftStorage:Storage Directory /workdir/hadoop-ozone/integration-test/target/test-dir/MiniOzoneClusterImpl-90b94c19-38e3-4b62-8beb-5bce376b68a2/datanode-2/data/ratis/f7b7c724-2cf1-45e3-a448-2795763192fd
2019-09-26 09:56:47,948 [pool-47-thread-1] INFO  server.RaftServerConfigKeys (ConfUtils.java:logGet(43)) - raft.server.log.queue.byte-limit = 2147483647 (custom)
2019-09-26 09:56:47,949 [pool-47-thread-1] INFO  server.RaftServerConfigKeys (ConfUtils.java:logGet(43)) - raft.server.log.queue.element-limit = 1024 (custom)
2019-09-26 09:56:47,949 [pool-47-thread-1] INFO  server.RaftServerConfigKeys (ConfUtils.java:logGet(43)) - raft.server.log.segment.size.max = 1048576 (custom)
2019-09-26 09:56:47,949 [pool-47-thread-1] INFO  server.RaftServerConfigKeys (ConfUtils.java:logGet(43)) - raft.server.log.preallocated.size = 16384 (custom)
2019-09-26 09:56:47,949 [pool-47-thread-1] INFO  server.RaftServerConfigKeys (ConfUtils.java:logGet(43)) - raft.server.log.write.buffer.size = 33554432 (custom)
2019-09-26 09:56:47,949 [pool-47-thread-1] INFO  server.RaftServerConfigKeys (ConfUtils.java:logGet(43)) - raft.server.log.force.sync.num = 128 (default)
2019-09-26 09:56:47,950 [pool-47-thread-1] INFO  server.RaftServerConfigKeys (ConfUtils.java:logGet(43)) - raft.server.log.statemachine.data.sync = true (default)
2019-09-26 09:56:47,950 [pool-47-thread-1] INFO  server.RaftServerConfigKeys (ConfUtils.java:logGet(43)) - raft.server.log.statemachine.data.sync.timeout = 10s (default)
2019-09-26 09:56:47,950 [pool-47-thread-1] INFO  server.RaftServerConfigKeys (ConfUtils.java:logGet(43)) - raft.server.log.statemachine.data.sync.timeout.retry = -1 (default)
2019-09-26 09:56:47,950 [pool-47-thread-1] INFO  server.RaftServerConfigKeys (ConfUtils.java:logGet(43)) - raft.server.log.statemachine.data.caching.enabled = true (custom)
2019-09-26 09:56:47,951 [pool-47-thread-1] INFO  segmented.SegmentedRaftLogWorker (SegmentedRaftLogWorker.java:lambda$new$0(132)) - c71d065e-fd25-4780-a7c8-fad2cb759771@group-2795763192FD-SegmentedRaftLogWorker: flushIndex: setUnconditionally 0 -> -1
2019-09-26 09:56:47,951 [pool-47-thread-1] INFO  server.RaftServerConfigKeys (ConfUtils.java:logGet(43)) - raft.server.snapshot.auto.trigger.enabled = true (custom)
2019-09-26 09:56:47,951 [pool-47-thread-1] INFO  server.RaftServerConfigKeys (ConfUtils.java:logGet(43)) - raft.server.snapshot.auto.trigger.threshold = 10000 (custom)
2019-09-26 09:56:47,951 [pool-47-thread-1] INFO  server.RaftServerConfigKeys (ConfUtils.java:logGet(43)) - raft.server.snapshot.retention.num.files = 5 (custom)
2019-09-26 09:56:47,951 [pool-47-thread-1] INFO  server.RaftServerConfigKeys (ConfUtils.java:logGet(43)) - raft.server.retrycache.expirytime = 600000ms (custom)
2019-09-26 09:56:47,955 [pool-47-thread-1] INFO  impl.RaftServerImpl (RaftServerImpl.java:start(185)) - c71d065e-fd25-4780-a7c8-fad2cb759771@group-2795763192FD: start as a follower, conf=-1: [c71d065e-fd25-4780-a7c8-fad2cb759771:192.168.30.13:38931], old=null
2019-09-26 09:56:47,956 [pool-47-thread-1] INFO  impl.RaftServerImpl (RaftServerImpl.java:setRole(174)) - c71d065e-fd25-4780-a7c8-fad2cb759771@group-2795763192FD: changes role from      null to FOLLOWER at term 0 for startAsFollower
2019-09-26 09:56:47,956 [pool-47-thread-1] INFO  impl.RoleInfo (RoleInfo.java:updateAndGet(143)) - c71d065e-fd25-4780-a7c8-fad2cb759771: start FollowerState
2019-09-26 09:56:47,956 [pool-47-thread-1] INFO  util.JmxRegister (JmxRegister.java:tryRegister(44)) - Successfully registered JMX Bean with object name Ratis:service=RaftServer,group=group-2795763192FD,id=c71d065e-fd25-4780-a7c8-fad2cb759771
2019-09-26 09:56:47,965 [RatisPipelineUtilsThread] INFO  pipeline.PipelineStateManager (PipelineStateManager.java:addPipeline(56)) - Created pipeline Pipeline[ Id: f7b7c724-2cf1-45e3-a448-2795763192fd, Nodes: c71d065e-fd25-4780-a7c8-fad2cb759771{ip: 192.168.30.13, host: pr-hdds-1569-wvzgm-824869521, networkLocation: /default-rack, certSerialId: null}, Type:RATIS, Factor:ONE, State:OPEN]
2019-09-26 09:56:47,980 [grpc-default-executor-0] INFO  impl.RaftServerProxy (RaftServerProxy.java:addNew(89)) - 9a4e3a28-262d-469e-99f7-286cb914bc66: addNew group-539AFDB7D2D1:[9a4e3a28-262d-469e-99f7-286cb914bc66:192.168.30.13:38221] returns group-539AFDB7D2D1:java.util.concurrent.CompletableFuture@65a96908[Not completed]
2019-09-26 09:56:47,982 [pool-37-thread-1] INFO  impl.RaftServerImpl (RaftServerImpl.java:<init>(95)) - 9a4e3a28-262d-469e-99f7-286cb914bc66: new RaftServerImpl for group-539AFDB7D2D1:[9a4e3a28-262d-469e-99f7-286cb914bc66:192.168.30.13:38221] with ContainerStateMachine:uninitialized
2019-09-26 09:56:47,983 [pool-37-thread-1] INFO  server.RaftServerConfigKeys (ConfUtils.java:logGet(43)) - raft.server.rpc.timeout.min = 5s (custom)
2019-09-26 09:56:47,983 [pool-37-thread-1] INFO  server.RaftServerConfigKeys (ConfUtils.java:logGet(43)) - raft.server.rpc.timeout.max = 5200ms (custom)
2019-09-26 09:56:47,983 [pool-37-thread-1] INFO  server.RaftServerConfigKeys (ConfUtils.java:logGet(43)) - raft.server.rpcslowness.timeout = 120s (custom)
2019-09-26 09:56:47,983 [pool-37-thread-1] INFO  server.RaftServerConfigKeys (ConfUtils.java:logGet(43)) - raft.server.sleep.deviation.threshold = 300 (default)
2019-09-26 09:56:47,983 [pool-37-thread-1] INFO  server.RaftServerConfigKeys (ConfUtils.java:logGet(43)) - raft.server.log.appender.install.snapshot.enabled = false (custom)
2019-09-26 09:56:47,984 [pool-37-thread-1] INFO  impl.RaftServerImpl (ServerState.java:<init>(103)) - 9a4e3a28-262d-469e-99f7-286cb914bc66@group-539AFDB7D2D1: ConfigurationManager, init=-1: [9a4e3a28-262d-469e-99f7-286cb914bc66:192.168.30.13:38221], old=null, confs=<EMPTY_MAP>
2019-09-26 09:56:47,984 [pool-37-thread-1] INFO  server.RaftServerConfigKeys (ConfUtils.java:logGet(43)) - raft.server.storage.dir = [/workdir/hadoop-ozone/integration-test/target/test-dir/MiniOzoneClusterImpl-90b94c19-38e3-4b62-8beb-5bce376b68a2/datanode-1/data/ratis] (custom)
2019-09-26 09:56:47,984 [pool-37-thread-1] INFO  storage.RaftStorageDirectory (RaftStorageDirectory.java:analyzeStorage(246)) - The storage directory /workdir/hadoop-ozone/integration-test/target/test-dir/MiniOzoneClusterImpl-90b94c19-38e3-4b62-8beb-5bce376b68a2/datanode-1/data/ratis/95710290-b7b1-462a-af80-539afdb7d2d1 does not exist. Creating ...
2019-09-26 09:56:47,997 [pool-37-thread-1] INFO  storage.RaftStorageDirectory (RaftStorageDirectory.java:tryLock(328)) - Lock on /workdir/hadoop-ozone/integration-test/target/test-dir/MiniOzoneClusterImpl-90b94c19-38e3-4b62-8beb-5bce376b68a2/datanode-1/data/ratis/95710290-b7b1-462a-af80-539afdb7d2d1/in_use.lock acquired by nodename 18833@pr-hdds-1569-wvzgm-824869521
2019-09-26 09:56:48,010 [pool-37-thread-1] INFO  storage.RaftStorage (RaftStorage.java:format(72)) - Storage directory /workdir/hadoop-ozone/integration-test/target/test-dir/MiniOzoneClusterImpl-90b94c19-38e3-4b62-8beb-5bce376b68a2/datanode-1/data/ratis/95710290-b7b1-462a-af80-539afdb7d2d1 has been successfully formatted.
2019-09-26 09:56:48,011 [pool-37-thread-1] INFO  ratis.ContainerStateMachine (ContainerStateMachine.java:loadSnapshot(230)) - group-539AFDB7D2D1: The snapshot info is null. Setting the last applied indexto:(t:0, i:~)
2019-09-26 09:56:48,011 [pool-37-thread-1] INFO  server.RaftServerConfigKeys (ConfUtils.java:logGet(43)) - raft.server.notification.no-leader.timeout = 120s (custom)
2019-09-26 09:56:48,011 [pool-37-thread-1] INFO  server.RaftServerConfigKeys (ConfUtils.java:logGet(43)) - raft.server.log.use.memory = false (default)
2019-09-26 09:56:48,012 [pool-37-thread-1] INFO  server.RaftServerConfigKeys (ConfUtils.java:logGet(43)) - raft.server.log.purge.gap = 1000000 (custom)
2019-09-26 09:56:48,012 [pool-37-thread-1] INFO  server.RaftServerConfigKeys (ConfUtils.java:logGet(43)) - raft.server.log.appender.buffer.byte-limit = 33554432 (custom)
2019-09-26 09:56:48,012 [pool-37-thread-1] INFO  server.RaftServerConfigKeys (ConfUtils.java:logGet(43)) - raft.server.log.segment.size.max = 1048576 (custom)
2019-09-26 09:56:48,012 [pool-37-thread-1] INFO  server.RaftServerConfigKeys (ConfUtils.java:logGet(43)) - raft.server.log.segment.cache.num.max = 2 (custom)
2019-09-26 09:56:48,012 [pool-37-thread-1] INFO  segmented.SegmentedRaftLogWorker (SegmentedRaftLogWorker.java:<init>(172)) - new 9a4e3a28-262d-469e-99f7-286cb914bc66@group-539AFDB7D2D1-SegmentedRaftLogWorker for RaftStorage:Storage Directory /workdir/hadoop-ozone/integration-test/target/test-dir/MiniOzoneClusterImpl-90b94c19-38e3-4b62-8beb-5bce376b68a2/datanode-1/data/ratis/95710290-b7b1-462a-af80-539afdb7d2d1
2019-09-26 09:56:48,013 [pool-37-thread-1] INFO  server.RaftServerConfigKeys (ConfUtils.java:logGet(43)) - raft.server.log.queue.byte-limit = 2147483647 (custom)
2019-09-26 09:56:48,013 [pool-37-thread-1] INFO  server.RaftServerConfigKeys (ConfUtils.java:logGet(43)) - raft.server.log.queue.element-limit = 1024 (custom)
2019-09-26 09:56:48,013 [pool-37-thread-1] INFO  server.RaftServerConfigKeys (ConfUtils.java:logGet(43)) - raft.server.log.segment.size.max = 1048576 (custom)
2019-09-26 09:56:48,013 [pool-37-thread-1] INFO  server.RaftServerConfigKeys (ConfUtils.java:logGet(43)) - raft.server.log.preallocated.size = 16384 (custom)
2019-09-26 09:56:48,013 [pool-37-thread-1] INFO  server.RaftServerConfigKeys (ConfUtils.java:logGet(43)) - raft.server.log.write.buffer.size = 33554432 (custom)
2019-09-26 09:56:48,014 [pool-37-thread-1] INFO  server.RaftServerConfigKeys (ConfUtils.java:logGet(43)) - raft.server.log.force.sync.num = 128 (default)
2019-09-26 09:56:48,014 [pool-37-thread-1] INFO  server.RaftServerConfigKeys (ConfUtils.java:logGet(43)) - raft.server.log.statemachine.data.sync = true (default)
2019-09-26 09:56:48,014 [pool-37-thread-1] INFO  server.RaftServerConfigKeys (ConfUtils.java:logGet(43)) - raft.server.log.statemachine.data.sync.timeout = 10s (default)
2019-09-26 09:56:48,014 [pool-37-thread-1] INFO  server.RaftServerConfigKeys (ConfUtils.java:logGet(43)) - raft.server.log.statemachine.data.sync.timeout.retry = -1 (default)
2019-09-26 09:56:48,014 [pool-37-thread-1] INFO  server.RaftServerConfigKeys (ConfUtils.java:logGet(43)) - raft.server.log.statemachine.data.caching.enabled = true (custom)
2019-09-26 09:56:48,015 [pool-37-thread-1] INFO  segmented.SegmentedRaftLogWorker (SegmentedRaftLogWorker.java:lambda$new$0(132)) - 9a4e3a28-262d-469e-99f7-286cb914bc66@group-539AFDB7D2D1-SegmentedRaftLogWorker: flushIndex: setUnconditionally 0 -> -1
2019-09-26 09:56:48,015 [pool-37-thread-1] INFO  server.RaftServerConfigKeys (ConfUtils.java:logGet(43)) - raft.server.snapshot.auto.trigger.enabled = true (custom)
2019-09-26 09:56:48,015 [pool-37-thread-1] INFO  server.RaftServerConfigKeys (ConfUtils.java:logGet(43)) - raft.server.snapshot.auto.trigger.threshold = 10000 (custom)
2019-09-26 09:56:48,016 [pool-37-thread-1] INFO  server.RaftServerConfigKeys (ConfUtils.java:logGet(43)) - raft.server.snapshot.retention.num.files = 5 (custom)
2019-09-26 09:56:48,016 [pool-37-thread-1] INFO  server.RaftServerConfigKeys (ConfUtils.java:logGet(43)) - raft.server.retrycache.expirytime = 600000ms (custom)
2019-09-26 09:56:48,021 [pool-37-thread-1] INFO  impl.RaftServerImpl (RaftServerImpl.java:start(185)) - 9a4e3a28-262d-469e-99f7-286cb914bc66@group-539AFDB7D2D1: start as a follower, conf=-1: [9a4e3a28-262d-469e-99f7-286cb914bc66:192.168.30.13:38221], old=null
2019-09-26 09:56:48,021 [pool-37-thread-1] INFO  impl.RaftServerImpl (RaftServerImpl.java:setRole(174)) - 9a4e3a28-262d-469e-99f7-286cb914bc66@group-539AFDB7D2D1: changes role from      null to FOLLOWER at term 0 for startAsFollower
2019-09-26 09:56:48,021 [pool-37-thread-1] INFO  impl.RoleInfo (RoleInfo.java:updateAndGet(143)) - 9a4e3a28-262d-469e-99f7-286cb914bc66: start FollowerState
2019-09-26 09:56:48,022 [pool-37-thread-1] INFO  util.JmxRegister (JmxRegister.java:tryRegister(44)) - Successfully registered JMX Bean with object name Ratis:service=RaftServer,group=group-539AFDB7D2D1,id=9a4e3a28-262d-469e-99f7-286cb914bc66
2019-09-26 09:56:48,033 [RatisPipelineUtilsThread] INFO  pipeline.PipelineStateManager (PipelineStateManager.java:addPipeline(56)) - Created pipeline Pipeline[ Id: 95710290-b7b1-462a-af80-539afdb7d2d1, Nodes: 9a4e3a28-262d-469e-99f7-286cb914bc66{ip: 192.168.30.13, host: pr-hdds-1569-wvzgm-824869521, networkLocation: /default-rack, certSerialId: null}, Type:RATIS, Factor:ONE, State:OPEN]
2019-09-26 09:56:48,048 [grpc-default-executor-0] INFO  impl.RaftServerProxy (RaftServerProxy.java:addNew(89)) - 9a4e3a28-262d-469e-99f7-286cb914bc66: addNew group-786278D7BEB0:[9a4e3a28-262d-469e-99f7-286cb914bc66:192.168.30.13:38221] returns group-786278D7BEB0:java.util.concurrent.CompletableFuture@1848248[Not completed]
2019-09-26 09:56:48,050 [pool-37-thread-1] INFO  impl.RaftServerImpl (RaftServerImpl.java:<init>(95)) - 9a4e3a28-262d-469e-99f7-286cb914bc66: new RaftServerImpl for group-786278D7BEB0:[9a4e3a28-262d-469e-99f7-286cb914bc66:192.168.30.13:38221] with ContainerStateMachine:uninitialized
2019-09-26 09:56:48,050 [pool-37-thread-1] INFO  server.RaftServerConfigKeys (ConfUtils.java:logGet(43)) - raft.server.rpc.timeout.min = 5s (custom)
2019-09-26 09:56:48,050 [pool-37-thread-1] INFO  server.RaftServerConfigKeys (ConfUtils.java:logGet(43)) - raft.server.rpc.timeout.max = 5200ms (custom)
2019-09-26 09:56:48,050 [pool-37-thread-1] INFO  server.RaftServerConfigKeys (ConfUtils.java:logGet(43)) - raft.server.rpcslowness.timeout = 120s (custom)
2019-09-26 09:56:48,050 [pool-37-thread-1] INFO  server.RaftServerConfigKeys (ConfUtils.java:logGet(43)) - raft.server.sleep.deviation.threshold = 300 (default)
2019-09-26 09:56:48,050 [pool-37-thread-1] INFO  server.RaftServerConfigKeys (ConfUtils.java:logGet(43)) - raft.server.log.appender.install.snapshot.enabled = false (custom)
2019-09-26 09:56:48,051 [pool-37-thread-1] INFO  impl.RaftServerImpl (ServerState.java:<init>(103)) - 9a4e3a28-262d-469e-99f7-286cb914bc66@group-786278D7BEB0: ConfigurationManager, init=-1: [9a4e3a28-262d-469e-99f7-286cb914bc66:192.168.30.13:38221], old=null, confs=<EMPTY_MAP>
2019-09-26 09:56:48,051 [pool-37-thread-1] INFO  server.RaftServerConfigKeys (ConfUtils.java:logGet(43)) - raft.server.storage.dir = [/workdir/hadoop-ozone/integration-test/target/test-dir/MiniOzoneClusterImpl-90b94c19-38e3-4b62-8beb-5bce376b68a2/datanode-1/data/ratis] (custom)
2019-09-26 09:56:48,051 [pool-37-thread-1] INFO  storage.RaftStorageDirectory (RaftStorageDirectory.java:analyzeStorage(246)) - The storage directory /workdir/hadoop-ozone/integration-test/target/test-dir/MiniOzoneClusterImpl-90b94c19-38e3-4b62-8beb-5bce376b68a2/datanode-1/data/ratis/332d71b7-f0dd-4283-a543-786278d7beb0 does not exist. Creating ...
2019-09-26 09:56:48,064 [pool-37-thread-1] INFO  storage.RaftStorageDirectory (RaftStorageDirectory.java:tryLock(328)) - Lock on /workdir/hadoop-ozone/integration-test/target/test-dir/MiniOzoneClusterImpl-90b94c19-38e3-4b62-8beb-5bce376b68a2/datanode-1/data/ratis/332d71b7-f0dd-4283-a543-786278d7beb0/in_use.lock acquired by nodename 18833@pr-hdds-1569-wvzgm-824869521
2019-09-26 09:56:48,085 [pool-37-thread-1] INFO  storage.RaftStorage (RaftStorage.java:format(72)) - Storage directory /workdir/hadoop-ozone/integration-test/target/test-dir/MiniOzoneClusterImpl-90b94c19-38e3-4b62-8beb-5bce376b68a2/datanode-1/data/ratis/332d71b7-f0dd-4283-a543-786278d7beb0 has been successfully formatted.
2019-09-26 09:56:48,086 [pool-37-thread-1] INFO  ratis.ContainerStateMachine (ContainerStateMachine.java:loadSnapshot(230)) - group-786278D7BEB0: The snapshot info is null. Setting the last applied indexto:(t:0, i:~)
2019-09-26 09:56:48,086 [pool-37-thread-1] INFO  server.RaftServerConfigKeys (ConfUtils.java:logGet(43)) - raft.server.notification.no-leader.timeout = 120s (custom)
2019-09-26 09:56:48,086 [pool-37-thread-1] INFO  server.RaftServerConfigKeys (ConfUtils.java:logGet(43)) - raft.server.log.use.memory = false (default)
2019-09-26 09:56:48,086 [pool-37-thread-1] INFO  server.RaftServerConfigKeys (ConfUtils.java:logGet(43)) - raft.server.log.purge.gap = 1000000 (custom)
2019-09-26 09:56:48,086 [pool-37-thread-1] INFO  server.RaftServerConfigKeys (ConfUtils.java:logGet(43)) - raft.server.log.appender.buffer.byte-limit = 33554432 (custom)
2019-09-26 09:56:48,087 [pool-37-thread-1] INFO  server.RaftServerConfigKeys (ConfUtils.java:logGet(43)) - raft.server.log.segment.size.max = 1048576 (custom)
2019-09-26 09:56:48,087 [pool-37-thread-1] INFO  server.RaftServerConfigKeys (ConfUtils.java:logGet(43)) - raft.server.log.segment.cache.num.max = 2 (custom)
2019-09-26 09:56:48,087 [pool-37-thread-1] INFO  segmented.SegmentedRaftLogWorker (SegmentedRaftLogWorker.java:<init>(172)) - new 9a4e3a28-262d-469e-99f7-286cb914bc66@group-786278D7BEB0-SegmentedRaftLogWorker for RaftStorage:Storage Directory /workdir/hadoop-ozone/integration-test/target/test-dir/MiniOzoneClusterImpl-90b94c19-38e3-4b62-8beb-5bce376b68a2/datanode-1/data/ratis/332d71b7-f0dd-4283-a543-786278d7beb0
2019-09-26 09:56:48,087 [pool-37-thread-1] INFO  server.RaftServerConfigKeys (ConfUtils.java:logGet(43)) - raft.server.log.queue.byte-limit = 2147483647 (custom)
2019-09-26 09:56:48,087 [pool-37-thread-1] INFO  server.RaftServerConfigKeys (ConfUtils.java:logGet(43)) - raft.server.log.queue.element-limit = 1024 (custom)
2019-09-26 09:56:48,088 [pool-37-thread-1] INFO  server.RaftServerConfigKeys (ConfUtils.java:logGet(43)) - raft.server.log.segment.size.max = 1048576 (custom)
2019-09-26 09:56:48,088 [pool-37-thread-1] INFO  server.RaftServerConfigKeys (ConfUtils.java:logGet(43)) - raft.server.log.preallocated.size = 16384 (custom)
2019-09-26 09:56:48,088 [pool-37-thread-1] INFO  server.RaftServerConfigKeys (ConfUtils.java:logGet(43)) - raft.server.log.write.buffer.size = 33554432 (custom)
2019-09-26 09:56:48,088 [pool-37-thread-1] INFO  server.RaftServerConfigKeys (ConfUtils.java:logGet(43)) - raft.server.log.force.sync.num = 128 (default)
2019-09-26 09:56:48,088 [pool-37-thread-1] INFO  server.RaftServerConfigKeys (ConfUtils.java:logGet(43)) - raft.server.log.statemachine.data.sync = true (default)
2019-09-26 09:56:48,088 [pool-37-thread-1] INFO  server.RaftServerConfigKeys (ConfUtils.java:logGet(43)) - raft.server.log.statemachine.data.sync.timeout = 10s (default)
2019-09-26 09:56:48,088 [pool-37-thread-1] INFO  server.RaftServerConfigKeys (ConfUtils.java:logGet(43)) - raft.server.log.statemachine.data.sync.timeout.retry = -1 (default)
2019-09-26 09:56:48,089 [pool-37-thread-1] INFO  server.RaftServerConfigKeys (ConfUtils.java:logGet(43)) - raft.server.log.statemachine.data.caching.enabled = true (custom)
2019-09-26 09:56:48,089 [pool-37-thread-1] INFO  segmented.SegmentedRaftLogWorker (SegmentedRaftLogWorker.java:lambda$new$0(132)) - 9a4e3a28-262d-469e-99f7-286cb914bc66@group-786278D7BEB0-SegmentedRaftLogWorker: flushIndex: setUnconditionally 0 -> -1
2019-09-26 09:56:48,089 [pool-37-thread-1] INFO  server.RaftServerConfigKeys (ConfUtils.java:logGet(43)) - raft.server.snapshot.auto.trigger.enabled = true (custom)
2019-09-26 09:56:48,089 [pool-37-thread-1] INFO  server.RaftServerConfigKeys (ConfUtils.java:logGet(43)) - raft.server.snapshot.auto.trigger.threshold = 10000 (custom)
2019-09-26 09:56:48,090 [pool-37-thread-1] INFO  server.RaftServerConfigKeys (ConfUtils.java:logGet(43)) - raft.server.snapshot.retention.num.files = 5 (custom)
2019-09-26 09:56:48,090 [pool-37-thread-1] INFO  server.RaftServerConfigKeys (ConfUtils.java:logGet(43)) - raft.server.retrycache.expirytime = 600000ms (custom)
2019-09-26 09:56:48,094 [pool-37-thread-1] INFO  impl.RaftServerImpl (RaftServerImpl.java:start(185)) - 9a4e3a28-262d-469e-99f7-286cb914bc66@group-786278D7BEB0: start as a follower, conf=-1: [9a4e3a28-262d-469e-99f7-286cb914bc66:192.168.30.13:38221], old=null
2019-09-26 09:56:48,094 [pool-37-thread-1] INFO  impl.RaftServerImpl (RaftServerImpl.java:setRole(174)) - 9a4e3a28-262d-469e-99f7-286cb914bc66@group-786278D7BEB0: changes role from      null to FOLLOWER at term 0 for startAsFollower
2019-09-26 09:56:48,094 [pool-37-thread-1] INFO  impl.RoleInfo (RoleInfo.java:updateAndGet(143)) - 9a4e3a28-262d-469e-99f7-286cb914bc66: start FollowerState
2019-09-26 09:56:48,095 [pool-37-thread-1] INFO  util.JmxRegister (JmxRegister.java:tryRegister(44)) - Successfully registered JMX Bean with object name Ratis:service=RaftServer,group=group-786278D7BEB0,id=9a4e3a28-262d-469e-99f7-286cb914bc66
2019-09-26 09:56:48,109 [RatisPipelineUtilsThread] INFO  pipeline.PipelineStateManager (PipelineStateManager.java:addPipeline(56)) - Created pipeline Pipeline[ Id: 332d71b7-f0dd-4283-a543-786278d7beb0, Nodes: 9a4e3a28-262d-469e-99f7-286cb914bc66{ip: 192.168.30.13, host: pr-hdds-1569-wvzgm-824869521, networkLocation: /default-rack, certSerialId: null}, Type:RATIS, Factor:ONE, State:OPEN]
2019-09-26 09:56:48,126 [grpc-default-executor-1] INFO  impl.RaftServerProxy (RaftServerProxy.java:addNew(89)) - 5acecdc3-9f7b-4d69-984a-a06ca9625c3b: addNew group-573420A7C958:[5acecdc3-9f7b-4d69-984a-a06ca9625c3b:192.168.30.13:43435] returns group-573420A7C958:java.util.concurrent.CompletableFuture@54c040b8[Not completed]
2019-09-26 09:56:48,128 [pool-27-thread-1] INFO  impl.RaftServerImpl (RaftServerImpl.java:<init>(95)) - 5acecdc3-9f7b-4d69-984a-a06ca9625c3b: new RaftServerImpl for group-573420A7C958:[5acecdc3-9f7b-4d69-984a-a06ca9625c3b:192.168.30.13:43435] with ContainerStateMachine:uninitialized
2019-09-26 09:56:48,128 [pool-27-thread-1] INFO  server.RaftServerConfigKeys (ConfUtils.java:logGet(43)) - raft.server.rpc.timeout.min = 5s (custom)
2019-09-26 09:56:48,129 [pool-27-thread-1] INFO  server.RaftServerConfigKeys (ConfUtils.java:logGet(43)) - raft.server.rpc.timeout.max = 5200ms (custom)
2019-09-26 09:56:48,129 [pool-27-thread-1] INFO  server.RaftServerConfigKeys (ConfUtils.java:logGet(43)) - raft.server.rpcslowness.timeout = 120s (custom)
2019-09-26 09:56:48,129 [pool-27-thread-1] INFO  server.RaftServerConfigKeys (ConfUtils.java:logGet(43)) - raft.server.sleep.deviation.threshold = 300 (default)
2019-09-26 09:56:48,129 [pool-27-thread-1] INFO  server.RaftServerConfigKeys (ConfUtils.java:logGet(43)) - raft.server.log.appender.install.snapshot.enabled = false (custom)
2019-09-26 09:56:48,129 [pool-27-thread-1] INFO  impl.RaftServerImpl (ServerState.java:<init>(103)) - 5acecdc3-9f7b-4d69-984a-a06ca9625c3b@group-573420A7C958: ConfigurationManager, init=-1: [5acecdc3-9f7b-4d69-984a-a06ca9625c3b:192.168.30.13:43435], old=null, confs=<EMPTY_MAP>
2019-09-26 09:56:48,130 [pool-27-thread-1] INFO  server.RaftServerConfigKeys (ConfUtils.java:logGet(43)) - raft.server.storage.dir = [/workdir/hadoop-ozone/integration-test/target/test-dir/MiniOzoneClusterImpl-90b94c19-38e3-4b62-8beb-5bce376b68a2/datanode-0/data/ratis] (custom)
2019-09-26 09:56:48,130 [pool-27-thread-1] INFO  storage.RaftStorageDirectory (RaftStorageDirectory.java:analyzeStorage(246)) - The storage directory /workdir/hadoop-ozone/integration-test/target/test-dir/MiniOzoneClusterImpl-90b94c19-38e3-4b62-8beb-5bce376b68a2/datanode-0/data/ratis/be5cccae-0559-460a-9701-573420a7c958 does not exist. Creating ...
2019-09-26 09:56:48,144 [pool-27-thread-1] INFO  storage.RaftStorageDirectory (RaftStorageDirectory.java:tryLock(328)) - Lock on /workdir/hadoop-ozone/integration-test/target/test-dir/MiniOzoneClusterImpl-90b94c19-38e3-4b62-8beb-5bce376b68a2/datanode-0/data/ratis/be5cccae-0559-460a-9701-573420a7c958/in_use.lock acquired by nodename 18833@pr-hdds-1569-wvzgm-824869521
2019-09-26 09:56:48,157 [pool-27-thread-1] INFO  storage.RaftStorage (RaftStorage.java:format(72)) - Storage directory /workdir/hadoop-ozone/integration-test/target/test-dir/MiniOzoneClusterImpl-90b94c19-38e3-4b62-8beb-5bce376b68a2/datanode-0/data/ratis/be5cccae-0559-460a-9701-573420a7c958 has been successfully formatted.
2019-09-26 09:56:48,157 [pool-27-thread-1] INFO  ratis.ContainerStateMachine (ContainerStateMachine.java:loadSnapshot(230)) - group-573420A7C958: The snapshot info is null. Setting the last applied indexto:(t:0, i:~)
2019-09-26 09:56:48,158 [pool-27-thread-1] INFO  server.RaftServerConfigKeys (ConfUtils.java:logGet(43)) - raft.server.notification.no-leader.timeout = 120s (custom)
2019-09-26 09:56:48,158 [pool-27-thread-1] INFO  server.RaftServerConfigKeys (ConfUtils.java:logGet(43)) - raft.server.log.use.memory = false (default)
2019-09-26 09:56:48,158 [pool-27-thread-1] INFO  server.RaftServerConfigKeys (ConfUtils.java:logGet(43)) - raft.server.log.purge.gap = 1000000 (custom)
2019-09-26 09:56:48,158 [pool-27-thread-1] INFO  server.RaftServerConfigKeys (ConfUtils.java:logGet(43)) - raft.server.log.appender.buffer.byte-limit = 33554432 (custom)
2019-09-26 09:56:48,158 [pool-27-thread-1] INFO  server.RaftServerConfigKeys (ConfUtils.java:logGet(43)) - raft.server.log.segment.size.max = 1048576 (custom)
2019-09-26 09:56:48,158 [pool-27-thread-1] INFO  server.RaftServerConfigKeys (ConfUtils.java:logGet(43)) - raft.server.log.segment.cache.num.max = 2 (custom)
2019-09-26 09:56:48,159 [pool-27-thread-1] INFO  segmented.SegmentedRaftLogWorker (SegmentedRaftLogWorker.java:<init>(172)) - new 5acecdc3-9f7b-4d69-984a-a06ca9625c3b@group-573420A7C958-SegmentedRaftLogWorker for RaftStorage:Storage Directory /workdir/hadoop-ozone/integration-test/target/test-dir/MiniOzoneClusterImpl-90b94c19-38e3-4b62-8beb-5bce376b68a2/datanode-0/data/ratis/be5cccae-0559-460a-9701-573420a7c958
2019-09-26 09:56:48,159 [pool-27-thread-1] INFO  server.RaftServerConfigKeys (ConfUtils.java:logGet(43)) - raft.server.log.queue.byte-limit = 2147483647 (custom)
2019-09-26 09:56:48,159 [pool-27-thread-1] INFO  server.RaftServerConfigKeys (ConfUtils.java:logGet(43)) - raft.server.log.queue.element-limit = 1024 (custom)
2019-09-26 09:56:48,159 [pool-27-thread-1] INFO  server.RaftServerConfigKeys (ConfUtils.java:logGet(43)) - raft.server.log.segment.size.max = 1048576 (custom)
2019-09-26 09:56:48,159 [pool-27-thread-1] INFO  server.RaftServerConfigKeys (ConfUtils.java:logGet(43)) - raft.server.log.preallocated.size = 16384 (custom)
2019-09-26 09:56:48,159 [pool-27-thread-1] INFO  server.RaftServerConfigKeys (ConfUtils.java:logGet(43)) - raft.server.log.write.buffer.size = 33554432 (custom)
2019-09-26 09:56:48,159 [pool-27-thread-1] INFO  server.RaftServerConfigKeys (ConfUtils.java:logGet(43)) - raft.server.log.force.sync.num = 128 (default)
2019-09-26 09:56:48,160 [pool-27-thread-1] INFO  server.RaftServerConfigKeys (ConfUtils.java:logGet(43)) - raft.server.log.statemachine.data.sync = true (default)
2019-09-26 09:56:48,160 [pool-27-thread-1] INFO  server.RaftServerConfigKeys (ConfUtils.java:logGet(43)) - raft.server.log.statemachine.data.sync.timeout = 10s (default)
2019-09-26 09:56:48,160 [pool-27-thread-1] INFO  server.RaftServerConfigKeys (ConfUtils.java:logGet(43)) - raft.server.log.statemachine.data.sync.timeout.retry = -1 (default)
2019-09-26 09:56:48,160 [pool-27-thread-1] INFO  server.RaftServerConfigKeys (ConfUtils.java:logGet(43)) - raft.server.log.statemachine.data.caching.enabled = true (custom)
2019-09-26 09:56:48,161 [pool-27-thread-1] INFO  segmented.SegmentedRaftLogWorker (SegmentedRaftLogWorker.java:lambda$new$0(132)) - 5acecdc3-9f7b-4d69-984a-a06ca9625c3b@group-573420A7C958-SegmentedRaftLogWorker: flushIndex: setUnconditionally 0 -> -1
2019-09-26 09:56:48,161 [pool-27-thread-1] INFO  server.RaftServerConfigKeys (ConfUtils.java:logGet(43)) - raft.server.snapshot.auto.trigger.enabled = true (custom)
2019-09-26 09:56:48,161 [pool-27-thread-1] INFO  server.RaftServerConfigKeys (ConfUtils.java:logGet(43)) - raft.server.snapshot.auto.trigger.threshold = 10000 (custom)
2019-09-26 09:56:48,161 [pool-27-thread-1] INFO  server.RaftServerConfigKeys (ConfUtils.java:logGet(43)) - raft.server.snapshot.retention.num.files = 5 (custom)
2019-09-26 09:56:48,161 [pool-27-thread-1] INFO  server.RaftServerConfigKeys (ConfUtils.java:logGet(43)) - raft.server.retrycache.expirytime = 600000ms (custom)
2019-09-26 09:56:48,165 [pool-27-thread-1] INFO  impl.RaftServerImpl (RaftServerImpl.java:start(185)) - 5acecdc3-9f7b-4d69-984a-a06ca9625c3b@group-573420A7C958: start as a follower, conf=-1: [5acecdc3-9f7b-4d69-984a-a06ca9625c3b:192.168.30.13:43435], old=null
2019-09-26 09:56:48,165 [pool-27-thread-1] INFO  impl.RaftServerImpl (RaftServerImpl.java:setRole(174)) - 5acecdc3-9f7b-4d69-984a-a06ca9625c3b@group-573420A7C958: changes role from      null to FOLLOWER at term 0 for startAsFollower
2019-09-26 09:56:48,166 [pool-27-thread-1] INFO  impl.RoleInfo (RoleInfo.java:updateAndGet(143)) - 5acecdc3-9f7b-4d69-984a-a06ca9625c3b: start FollowerState
2019-09-26 09:56:48,166 [pool-27-thread-1] INFO  util.JmxRegister (JmxRegister.java:tryRegister(44)) - Successfully registered JMX Bean with object name Ratis:service=RaftServer,group=group-573420A7C958,id=5acecdc3-9f7b-4d69-984a-a06ca9625c3b
2019-09-26 09:56:48,175 [RatisPipelineUtilsThread] INFO  pipeline.PipelineStateManager (PipelineStateManager.java:addPipeline(56)) - Created pipeline Pipeline[ Id: be5cccae-0559-460a-9701-573420a7c958, Nodes: 5acecdc3-9f7b-4d69-984a-a06ca9625c3b{ip: 192.168.30.13, host: pr-hdds-1569-wvzgm-824869521, networkLocation: /default-rack, certSerialId: null}, Type:RATIS, Factor:ONE, State:OPEN]
2019-09-26 09:56:48,191 [grpc-default-executor-1] INFO  impl.RaftServerProxy (RaftServerProxy.java:addNew(89)) - 5acecdc3-9f7b-4d69-984a-a06ca9625c3b: addNew group-04669AD5C46C:[5acecdc3-9f7b-4d69-984a-a06ca9625c3b:192.168.30.13:43435] returns group-04669AD5C46C:java.util.concurrent.CompletableFuture@5e382bc8[Not completed]
2019-09-26 09:56:48,193 [pool-27-thread-1] INFO  impl.RaftServerImpl (RaftServerImpl.java:<init>(95)) - 5acecdc3-9f7b-4d69-984a-a06ca9625c3b: new RaftServerImpl for group-04669AD5C46C:[5acecdc3-9f7b-4d69-984a-a06ca9625c3b:192.168.30.13:43435] with ContainerStateMachine:uninitialized
2019-09-26 09:56:48,194 [pool-27-thread-1] INFO  server.RaftServerConfigKeys (ConfUtils.java:logGet(43)) - raft.server.rpc.timeout.min = 5s (custom)
2019-09-26 09:56:48,194 [pool-27-thread-1] INFO  server.RaftServerConfigKeys (ConfUtils.java:logGet(43)) - raft.server.rpc.timeout.max = 5200ms (custom)
2019-09-26 09:56:48,194 [pool-27-thread-1] INFO  server.RaftServerConfigKeys (ConfUtils.java:logGet(43)) - raft.server.rpcslowness.timeout = 120s (custom)
2019-09-26 09:56:48,194 [pool-27-thread-1] INFO  server.RaftServerConfigKeys (ConfUtils.java:logGet(43)) - raft.server.sleep.deviation.threshold = 300 (default)
2019-09-26 09:56:48,194 [pool-27-thread-1] INFO  server.RaftServerConfigKeys (ConfUtils.java:logGet(43)) - raft.server.log.appender.install.snapshot.enabled = false (custom)
2019-09-26 09:56:48,194 [pool-27-thread-1] INFO  impl.RaftServerImpl (ServerState.java:<init>(103)) - 5acecdc3-9f7b-4d69-984a-a06ca9625c3b@group-04669AD5C46C: ConfigurationManager, init=-1: [5acecdc3-9f7b-4d69-984a-a06ca9625c3b:192.168.30.13:43435], old=null, confs=<EMPTY_MAP>
2019-09-26 09:56:48,195 [pool-27-thread-1] INFO  server.RaftServerConfigKeys (ConfUtils.java:logGet(43)) - raft.server.storage.dir = [/workdir/hadoop-ozone/integration-test/target/test-dir/MiniOzoneClusterImpl-90b94c19-38e3-4b62-8beb-5bce376b68a2/datanode-0/data/ratis] (custom)
2019-09-26 09:56:48,195 [pool-27-thread-1] INFO  storage.RaftStorageDirectory (RaftStorageDirectory.java:analyzeStorage(246)) - The storage directory /workdir/hadoop-ozone/integration-test/target/test-dir/MiniOzoneClusterImpl-90b94c19-38e3-4b62-8beb-5bce376b68a2/datanode-0/data/ratis/18f519e6-de33-483c-a77e-04669ad5c46c does not exist. Creating ...
2019-09-26 09:56:48,208 [pool-27-thread-1] INFO  storage.RaftStorageDirectory (RaftStorageDirectory.java:tryLock(328)) - Lock on /workdir/hadoop-ozone/integration-test/target/test-dir/MiniOzoneClusterImpl-90b94c19-38e3-4b62-8beb-5bce376b68a2/datanode-0/data/ratis/18f519e6-de33-483c-a77e-04669ad5c46c/in_use.lock acquired by nodename 18833@pr-hdds-1569-wvzgm-824869521
2019-09-26 09:56:48,221 [pool-27-thread-1] INFO  storage.RaftStorage (RaftStorage.java:format(72)) - Storage directory /workdir/hadoop-ozone/integration-test/target/test-dir/MiniOzoneClusterImpl-90b94c19-38e3-4b62-8beb-5bce376b68a2/datanode-0/data/ratis/18f519e6-de33-483c-a77e-04669ad5c46c has been successfully formatted.
2019-09-26 09:56:48,221 [pool-27-thread-1] INFO  ratis.ContainerStateMachine (ContainerStateMachine.java:loadSnapshot(230)) - group-04669AD5C46C: The snapshot info is null. Setting the last applied indexto:(t:0, i:~)
2019-09-26 09:56:48,221 [pool-27-thread-1] INFO  server.RaftServerConfigKeys (ConfUtils.java:logGet(43)) - raft.server.notification.no-leader.timeout = 120s (custom)
2019-09-26 09:56:48,221 [pool-27-thread-1] INFO  server.RaftServerConfigKeys (ConfUtils.java:logGet(43)) - raft.server.log.use.memory = false (default)
2019-09-26 09:56:48,221 [pool-27-thread-1] INFO  server.RaftServerConfigKeys (ConfUtils.java:logGet(43)) - raft.server.log.purge.gap = 1000000 (custom)
2019-09-26 09:56:48,222 [pool-27-thread-1] INFO  server.RaftServerConfigKeys (ConfUtils.java:logGet(43)) - raft.server.log.appender.buffer.byte-limit = 33554432 (custom)
2019-09-26 09:56:48,222 [pool-27-thread-1] INFO  server.RaftServerConfigKeys (ConfUtils.java:logGet(43)) - raft.server.log.segment.size.max = 1048576 (custom)
2019-09-26 09:56:48,222 [pool-27-thread-1] INFO  server.RaftServerConfigKeys (ConfUtils.java:logGet(43)) - raft.server.log.segment.cache.num.max = 2 (custom)
2019-09-26 09:56:48,222 [pool-27-thread-1] INFO  segmented.SegmentedRaftLogWorker (SegmentedRaftLogWorker.java:<init>(172)) - new 5acecdc3-9f7b-4d69-984a-a06ca9625c3b@group-04669AD5C46C-SegmentedRaftLogWorker for RaftStorage:Storage Directory /workdir/hadoop-ozone/integration-test/target/test-dir/MiniOzoneClusterImpl-90b94c19-38e3-4b62-8beb-5bce376b68a2/datanode-0/data/ratis/18f519e6-de33-483c-a77e-04669ad5c46c
2019-09-26 09:56:48,222 [pool-27-thread-1] INFO  server.RaftServerConfigKeys (ConfUtils.java:logGet(43)) - raft.server.log.queue.byte-limit = 2147483647 (custom)
2019-09-26 09:56:48,223 [pool-27-thread-1] INFO  server.RaftServerConfigKeys (ConfUtils.java:logGet(43)) - raft.server.log.queue.element-limit = 1024 (custom)
2019-09-26 09:56:48,223 [pool-27-thread-1] INFO  server.RaftServerConfigKeys (ConfUtils.java:logGet(43)) - raft.server.log.segment.size.max = 1048576 (custom)
2019-09-26 09:56:48,223 [pool-27-thread-1] INFO  server.RaftServerConfigKeys (ConfUtils.java:logGet(43)) - raft.server.log.preallocated.size = 16384 (custom)
2019-09-26 09:56:48,223 [pool-27-thread-1] INFO  server.RaftServerConfigKeys (ConfUtils.java:logGet(43)) - raft.server.log.write.buffer.size = 33554432 (custom)
2019-09-26 09:56:48,223 [pool-27-thread-1] INFO  server.RaftServerConfigKeys (ConfUtils.java:logGet(43)) - raft.server.log.force.sync.num = 128 (default)
2019-09-26 09:56:48,223 [pool-27-thread-1] INFO  server.RaftServerConfigKeys (ConfUtils.java:logGet(43)) - raft.server.log.statemachine.data.sync = true (default)
2019-09-26 09:56:48,224 [pool-27-thread-1] INFO  server.RaftServerConfigKeys (ConfUtils.java:logGet(43)) - raft.server.log.statemachine.data.sync.timeout = 10s (default)
2019-09-26 09:56:48,224 [pool-27-thread-1] INFO  server.RaftServerConfigKeys (ConfUtils.java:logGet(43)) - raft.server.log.statemachine.data.sync.timeout.retry = -1 (default)
2019-09-26 09:56:48,224 [pool-27-thread-1] INFO  server.RaftServerConfigKeys (ConfUtils.java:logGet(43)) - raft.server.log.statemachine.data.caching.enabled = true (custom)
2019-09-26 09:56:48,224 [pool-27-thread-1] INFO  segmented.SegmentedRaftLogWorker (SegmentedRaftLogWorker.java:lambda$new$0(132)) - 5acecdc3-9f7b-4d69-984a-a06ca9625c3b@group-04669AD5C46C-SegmentedRaftLogWorker: flushIndex: setUnconditionally 0 -> -1
2019-09-26 09:56:48,225 [pool-27-thread-1] INFO  server.RaftServerConfigKeys (ConfUtils.java:logGet(43)) - raft.server.snapshot.auto.trigger.enabled = true (custom)
2019-09-26 09:56:48,225 [pool-27-thread-1] INFO  server.RaftServerConfigKeys (ConfUtils.java:logGet(43)) - raft.server.snapshot.auto.trigger.threshold = 10000 (custom)
2019-09-26 09:56:48,225 [pool-27-thread-1] INFO  server.RaftServerConfigKeys (ConfUtils.java:logGet(43)) - raft.server.snapshot.retention.num.files = 5 (custom)
2019-09-26 09:56:48,225 [pool-27-thread-1] INFO  server.RaftServerConfigKeys (ConfUtils.java:logGet(43)) - raft.server.retrycache.expirytime = 600000ms (custom)
2019-09-26 09:56:48,230 [pool-27-thread-1] INFO  impl.RaftServerImpl (RaftServerImpl.java:start(185)) - 5acecdc3-9f7b-4d69-984a-a06ca9625c3b@group-04669AD5C46C: start as a follower, conf=-1: [5acecdc3-9f7b-4d69-984a-a06ca9625c3b:192.168.30.13:43435], old=null
2019-09-26 09:56:48,230 [pool-27-thread-1] INFO  impl.RaftServerImpl (RaftServerImpl.java:setRole(174)) - 5acecdc3-9f7b-4d69-984a-a06ca9625c3b@group-04669AD5C46C: changes role from      null to FOLLOWER at term 0 for startAsFollower
2019-09-26 09:56:48,230 [pool-27-thread-1] INFO  impl.RoleInfo (RoleInfo.java:updateAndGet(143)) - 5acecdc3-9f7b-4d69-984a-a06ca9625c3b: start FollowerState
2019-09-26 09:56:48,231 [pool-27-thread-1] INFO  util.JmxRegister (JmxRegister.java:tryRegister(44)) - Successfully registered JMX Bean with object name Ratis:service=RaftServer,group=group-04669AD5C46C,id=5acecdc3-9f7b-4d69-984a-a06ca9625c3b
2019-09-26 09:56:48,241 [RatisPipelineUtilsThread] INFO  pipeline.PipelineStateManager (PipelineStateManager.java:addPipeline(56)) - Created pipeline Pipeline[ Id: 18f519e6-de33-483c-a77e-04669ad5c46c, Nodes: 5acecdc3-9f7b-4d69-984a-a06ca9625c3b{ip: 192.168.30.13, host: pr-hdds-1569-wvzgm-824869521, networkLocation: /default-rack, certSerialId: null}, Type:RATIS, Factor:ONE, State:OPEN]
2019-09-26 09:56:48,252 [grpc-default-executor-1] INFO  impl.RaftServerProxy (RaftServerProxy.java:addNew(89)) - c71d065e-fd25-4780-a7c8-fad2cb759771: addNew group-7BF22732F1CA:[c71d065e-fd25-4780-a7c8-fad2cb759771:192.168.30.13:38931] returns group-7BF22732F1CA:java.util.concurrent.CompletableFuture@4da9e834[Not completed]
2019-09-26 09:56:48,254 [pool-47-thread-1] INFO  impl.RaftServerImpl (RaftServerImpl.java:<init>(95)) - c71d065e-fd25-4780-a7c8-fad2cb759771: new RaftServerImpl for group-7BF22732F1CA:[c71d065e-fd25-4780-a7c8-fad2cb759771:192.168.30.13:38931] with ContainerStateMachine:uninitialized
2019-09-26 09:56:48,254 [pool-47-thread-1] INFO  server.RaftServerConfigKeys (ConfUtils.java:logGet(43)) - raft.server.rpc.timeout.min = 5s (custom)
2019-09-26 09:56:48,254 [pool-47-thread-1] INFO  server.RaftServerConfigKeys (ConfUtils.java:logGet(43)) - raft.server.rpc.timeout.max = 5200ms (custom)
2019-09-26 09:56:48,255 [pool-47-thread-1] INFO  server.RaftServerConfigKeys (ConfUtils.java:logGet(43)) - raft.server.rpcslowness.timeout = 120s (custom)
2019-09-26 09:56:48,255 [pool-47-thread-1] INFO  server.RaftServerConfigKeys (ConfUtils.java:logGet(43)) - raft.server.sleep.deviation.threshold = 300 (default)
2019-09-26 09:56:48,255 [pool-47-thread-1] INFO  server.RaftServerConfigKeys (ConfUtils.java:logGet(43)) - raft.server.log.appender.install.snapshot.enabled = false (custom)
2019-09-26 09:56:48,255 [pool-47-thread-1] INFO  impl.RaftServerImpl (ServerState.java:<init>(103)) - c71d065e-fd25-4780-a7c8-fad2cb759771@group-7BF22732F1CA: ConfigurationManager, init=-1: [c71d065e-fd25-4780-a7c8-fad2cb759771:192.168.30.13:38931], old=null, confs=<EMPTY_MAP>
2019-09-26 09:56:48,255 [pool-47-thread-1] INFO  server.RaftServerConfigKeys (ConfUtils.java:logGet(43)) - raft.server.storage.dir = [/workdir/hadoop-ozone/integration-test/target/test-dir/MiniOzoneClusterImpl-90b94c19-38e3-4b62-8beb-5bce376b68a2/datanode-2/data/ratis] (custom)
2019-09-26 09:56:48,256 [pool-47-thread-1] INFO  storage.RaftStorageDirectory (RaftStorageDirectory.java:analyzeStorage(246)) - The storage directory /workdir/hadoop-ozone/integration-test/target/test-dir/MiniOzoneClusterImpl-90b94c19-38e3-4b62-8beb-5bce376b68a2/datanode-2/data/ratis/861db4b5-c85d-4787-ba8f-7bf22732f1ca does not exist. Creating ...
2019-09-26 09:56:48,268 [pool-47-thread-1] INFO  storage.RaftStorageDirectory (RaftStorageDirectory.java:tryLock(328)) - Lock on /workdir/hadoop-ozone/integration-test/target/test-dir/MiniOzoneClusterImpl-90b94c19-38e3-4b62-8beb-5bce376b68a2/datanode-2/data/ratis/861db4b5-c85d-4787-ba8f-7bf22732f1ca/in_use.lock acquired by nodename 18833@pr-hdds-1569-wvzgm-824869521
2019-09-26 09:56:48,281 [pool-47-thread-1] INFO  storage.RaftStorage (RaftStorage.java:format(72)) - Storage directory /workdir/hadoop-ozone/integration-test/target/test-dir/MiniOzoneClusterImpl-90b94c19-38e3-4b62-8beb-5bce376b68a2/datanode-2/data/ratis/861db4b5-c85d-4787-ba8f-7bf22732f1ca has been successfully formatted.
2019-09-26 09:56:48,281 [pool-47-thread-1] INFO  ratis.ContainerStateMachine (ContainerStateMachine.java:loadSnapshot(230)) - group-7BF22732F1CA: The snapshot info is null. Setting the last applied indexto:(t:0, i:~)
2019-09-26 09:56:48,282 [pool-47-thread-1] INFO  server.RaftServerConfigKeys (ConfUtils.java:logGet(43)) - raft.server.notification.no-leader.timeout = 120s (custom)
2019-09-26 09:56:48,282 [pool-47-thread-1] INFO  server.RaftServerConfigKeys (ConfUtils.java:logGet(43)) - raft.server.log.use.memory = false (default)
2019-09-26 09:56:48,282 [pool-47-thread-1] INFO  server.RaftServerConfigKeys (ConfUtils.java:logGet(43)) - raft.server.log.purge.gap = 1000000 (custom)
2019-09-26 09:56:48,282 [pool-47-thread-1] INFO  server.RaftServerConfigKeys (ConfUtils.java:logGet(43)) - raft.server.log.appender.buffer.byte-limit = 33554432 (custom)
2019-09-26 09:56:48,282 [pool-47-thread-1] INFO  server.RaftServerConfigKeys (ConfUtils.java:logGet(43)) - raft.server.log.segment.size.max = 1048576 (custom)
2019-09-26 09:56:48,282 [pool-47-thread-1] INFO  server.RaftServerConfigKeys (ConfUtils.java:logGet(43)) - raft.server.log.segment.cache.num.max = 2 (custom)
2019-09-26 09:56:48,282 [pool-47-thread-1] INFO  segmented.SegmentedRaftLogWorker (SegmentedRaftLogWorker.java:<init>(172)) - new c71d065e-fd25-4780-a7c8-fad2cb759771@group-7BF22732F1CA-SegmentedRaftLogWorker for RaftStorage:Storage Directory /workdir/hadoop-ozone/integration-test/target/test-dir/MiniOzoneClusterImpl-90b94c19-38e3-4b62-8beb-5bce376b68a2/datanode-2/data/ratis/861db4b5-c85d-4787-ba8f-7bf22732f1ca
2019-09-26 09:56:48,283 [pool-47-thread-1] INFO  server.RaftServerConfigKeys (ConfUtils.java:logGet(43)) - raft.server.log.queue.byte-limit = 2147483647 (custom)
2019-09-26 09:56:48,283 [pool-47-thread-1] INFO  server.RaftServerConfigKeys (ConfUtils.java:logGet(43)) - raft.server.log.queue.element-limit = 1024 (custom)
2019-09-26 09:56:48,283 [pool-47-thread-1] INFO  server.RaftServerConfigKeys (ConfUtils.java:logGet(43)) - raft.server.log.segment.size.max = 1048576 (custom)
2019-09-26 09:56:48,283 [pool-47-thread-1] INFO  server.RaftServerConfigKeys (ConfUtils.java:logGet(43)) - raft.server.log.preallocated.size = 16384 (custom)
2019-09-26 09:56:48,283 [pool-47-thread-1] INFO  server.RaftServerConfigKeys (ConfUtils.java:logGet(43)) - raft.server.log.write.buffer.size = 33554432 (custom)
2019-09-26 09:56:48,283 [pool-47-thread-1] INFO  server.RaftServerConfigKeys (ConfUtils.java:logGet(43)) - raft.server.log.force.sync.num = 128 (default)
2019-09-26 09:56:48,284 [pool-47-thread-1] INFO  server.RaftServerConfigKeys (ConfUtils.java:logGet(43)) - raft.server.log.statemachine.data.sync = true (default)
2019-09-26 09:56:48,284 [pool-47-thread-1] INFO  server.RaftServerConfigKeys (ConfUtils.java:logGet(43)) - raft.server.log.statemachine.data.sync.timeout = 10s (default)
2019-09-26 09:56:48,284 [pool-47-thread-1] INFO  server.RaftServerConfigKeys (ConfUtils.java:logGet(43)) - raft.server.log.statemachine.data.sync.timeout.retry = -1 (default)
2019-09-26 09:56:48,284 [pool-47-thread-1] INFO  server.RaftServerConfigKeys (ConfUtils.java:logGet(43)) - raft.server.log.statemachine.data.caching.enabled = true (custom)
2019-09-26 09:56:48,284 [pool-47-thread-1] INFO  segmented.SegmentedRaftLogWorker (SegmentedRaftLogWorker.java:lambda$new$0(132)) - c71d065e-fd25-4780-a7c8-fad2cb759771@group-7BF22732F1CA-SegmentedRaftLogWorker: flushIndex: setUnconditionally 0 -> -1
2019-09-26 09:56:48,285 [pool-47-thread-1] INFO  server.RaftServerConfigKeys (ConfUtils.java:logGet(43)) - raft.server.snapshot.auto.trigger.enabled = true (custom)
2019-09-26 09:56:48,285 [pool-47-thread-1] INFO  server.RaftServerConfigKeys (ConfUtils.java:logGet(43)) - raft.server.snapshot.auto.trigger.threshold = 10000 (custom)
2019-09-26 09:56:48,285 [pool-47-thread-1] INFO  server.RaftServerConfigKeys (ConfUtils.java:logGet(43)) - raft.server.snapshot.retention.num.files = 5 (custom)
2019-09-26 09:56:48,285 [pool-47-thread-1] INFO  server.RaftServerConfigKeys (ConfUtils.java:logGet(43)) - raft.server.retrycache.expirytime = 600000ms (custom)
2019-09-26 09:56:48,288 [pool-47-thread-1] INFO  impl.RaftServerImpl (RaftServerImpl.java:start(185)) - c71d065e-fd25-4780-a7c8-fad2cb759771@group-7BF22732F1CA: start as a follower, conf=-1: [c71d065e-fd25-4780-a7c8-fad2cb759771:192.168.30.13:38931], old=null
2019-09-26 09:56:48,289 [pool-47-thread-1] INFO  impl.RaftServerImpl (RaftServerImpl.java:setRole(174)) - c71d065e-fd25-4780-a7c8-fad2cb759771@group-7BF22732F1CA: changes role from      null to FOLLOWER at term 0 for startAsFollower
2019-09-26 09:56:48,289 [pool-47-thread-1] INFO  impl.RoleInfo (RoleInfo.java:updateAndGet(143)) - c71d065e-fd25-4780-a7c8-fad2cb759771: start FollowerState
2019-09-26 09:56:48,289 [pool-47-thread-1] INFO  util.JmxRegister (JmxRegister.java:tryRegister(44)) - Successfully registered JMX Bean with object name Ratis:service=RaftServer,group=group-7BF22732F1CA,id=c71d065e-fd25-4780-a7c8-fad2cb759771
2019-09-26 09:56:48,297 [RatisPipelineUtilsThread] INFO  pipeline.PipelineStateManager (PipelineStateManager.java:addPipeline(56)) - Created pipeline Pipeline[ Id: 861db4b5-c85d-4787-ba8f-7bf22732f1ca, Nodes: c71d065e-fd25-4780-a7c8-fad2cb759771{ip: 192.168.30.13, host: pr-hdds-1569-wvzgm-824869521, networkLocation: /default-rack, certSerialId: null}, Type:RATIS, Factor:ONE, State:OPEN]
2019-09-26 09:56:48,306 [grpc-default-executor-1] INFO  impl.RaftServerProxy (RaftServerProxy.java:addNew(89)) - 5acecdc3-9f7b-4d69-984a-a06ca9625c3b: addNew group-ED1B22B9DB7A:[5acecdc3-9f7b-4d69-984a-a06ca9625c3b:192.168.30.13:43435] returns group-ED1B22B9DB7A:java.util.concurrent.CompletableFuture@3592681b[Not completed]
2019-09-26 09:56:48,308 [pool-27-thread-1] INFO  impl.RaftServerImpl (RaftServerImpl.java:<init>(95)) - 5acecdc3-9f7b-4d69-984a-a06ca9625c3b: new RaftServerImpl for group-ED1B22B9DB7A:[5acecdc3-9f7b-4d69-984a-a06ca9625c3b:192.168.30.13:43435] with ContainerStateMachine:uninitialized
2019-09-26 09:56:48,308 [pool-27-thread-1] INFO  server.RaftServerConfigKeys (ConfUtils.java:logGet(43)) - raft.server.rpc.timeout.min = 5s (custom)
2019-09-26 09:56:48,308 [pool-27-thread-1] INFO  server.RaftServerConfigKeys (ConfUtils.java:logGet(43)) - raft.server.rpc.timeout.max = 5200ms (custom)
2019-09-26 09:56:48,308 [pool-27-thread-1] INFO  server.RaftServerConfigKeys (ConfUtils.java:logGet(43)) - raft.server.rpcslowness.timeout = 120s (custom)
2019-09-26 09:56:48,308 [pool-27-thread-1] INFO  server.RaftServerConfigKeys (ConfUtils.java:logGet(43)) - raft.server.sleep.deviation.threshold = 300 (default)
2019-09-26 09:56:48,309 [pool-27-thread-1] INFO  server.RaftServerConfigKeys (ConfUtils.java:logGet(43)) - raft.server.log.appender.install.snapshot.enabled = false (custom)
2019-09-26 09:56:48,309 [pool-27-thread-1] INFO  impl.RaftServerImpl (ServerState.java:<init>(103)) - 5acecdc3-9f7b-4d69-984a-a06ca9625c3b@group-ED1B22B9DB7A: ConfigurationManager, init=-1: [5acecdc3-9f7b-4d69-984a-a06ca9625c3b:192.168.30.13:43435], old=null, confs=<EMPTY_MAP>
2019-09-26 09:56:48,309 [pool-27-thread-1] INFO  server.RaftServerConfigKeys (ConfUtils.java:logGet(43)) - raft.server.storage.dir = [/workdir/hadoop-ozone/integration-test/target/test-dir/MiniOzoneClusterImpl-90b94c19-38e3-4b62-8beb-5bce376b68a2/datanode-0/data/ratis] (custom)
2019-09-26 09:56:48,309 [pool-27-thread-1] INFO  storage.RaftStorageDirectory (RaftStorageDirectory.java:analyzeStorage(246)) - The storage directory /workdir/hadoop-ozone/integration-test/target/test-dir/MiniOzoneClusterImpl-90b94c19-38e3-4b62-8beb-5bce376b68a2/datanode-0/data/ratis/aab80e80-03c6-4544-a394-ed1b22b9db7a does not exist. Creating ...
2019-09-26 09:56:48,334 [pool-27-thread-1] INFO  storage.RaftStorageDirectory (RaftStorageDirectory.java:tryLock(328)) - Lock on /workdir/hadoop-ozone/integration-test/target/test-dir/MiniOzoneClusterImpl-90b94c19-38e3-4b62-8beb-5bce376b68a2/datanode-0/data/ratis/aab80e80-03c6-4544-a394-ed1b22b9db7a/in_use.lock acquired by nodename 18833@pr-hdds-1569-wvzgm-824869521
2019-09-26 09:56:48,348 [pool-27-thread-1] INFO  storage.RaftStorage (RaftStorage.java:format(72)) - Storage directory /workdir/hadoop-ozone/integration-test/target/test-dir/MiniOzoneClusterImpl-90b94c19-38e3-4b62-8beb-5bce376b68a2/datanode-0/data/ratis/aab80e80-03c6-4544-a394-ed1b22b9db7a has been successfully formatted.
2019-09-26 09:56:48,348 [pool-27-thread-1] INFO  ratis.ContainerStateMachine (ContainerStateMachine.java:loadSnapshot(230)) - group-ED1B22B9DB7A: The snapshot info is null. Setting the last applied indexto:(t:0, i:~)
2019-09-26 09:56:48,349 [pool-27-thread-1] INFO  server.RaftServerConfigKeys (ConfUtils.java:logGet(43)) - raft.server.notification.no-leader.timeout = 120s (custom)
2019-09-26 09:56:48,349 [pool-27-thread-1] INFO  server.RaftServerConfigKeys (ConfUtils.java:logGet(43)) - raft.server.log.use.memory = false (default)
2019-09-26 09:56:48,349 [pool-27-thread-1] INFO  server.RaftServerConfigKeys (ConfUtils.java:logGet(43)) - raft.server.log.purge.gap = 1000000 (custom)
2019-09-26 09:56:48,349 [pool-27-thread-1] INFO  server.RaftServerConfigKeys (ConfUtils.java:logGet(43)) - raft.server.log.appender.buffer.byte-limit = 33554432 (custom)
2019-09-26 09:56:48,349 [pool-27-thread-1] INFO  server.RaftServerConfigKeys (ConfUtils.java:logGet(43)) - raft.server.log.segment.size.max = 1048576 (custom)
2019-09-26 09:56:48,349 [pool-27-thread-1] INFO  server.RaftServerConfigKeys (ConfUtils.java:logGet(43)) - raft.server.log.segment.cache.num.max = 2 (custom)
2019-09-26 09:56:48,349 [pool-27-thread-1] INFO  segmented.SegmentedRaftLogWorker (SegmentedRaftLogWorker.java:<init>(172)) - new 5acecdc3-9f7b-4d69-984a-a06ca9625c3b@group-ED1B22B9DB7A-SegmentedRaftLogWorker for RaftStorage:Storage Directory /workdir/hadoop-ozone/integration-test/target/test-dir/MiniOzoneClusterImpl-90b94c19-38e3-4b62-8beb-5bce376b68a2/datanode-0/data/ratis/aab80e80-03c6-4544-a394-ed1b22b9db7a
2019-09-26 09:56:48,350 [pool-27-thread-1] INFO  server.RaftServerConfigKeys (ConfUtils.java:logGet(43)) - raft.server.log.queue.byte-limit = 2147483647 (custom)
2019-09-26 09:56:48,350 [pool-27-thread-1] INFO  server.RaftServerConfigKeys (ConfUtils.java:logGet(43)) - raft.server.log.queue.element-limit = 1024 (custom)
2019-09-26 09:56:48,350 [pool-27-thread-1] INFO  server.RaftServerConfigKeys (ConfUtils.java:logGet(43)) - raft.server.log.segment.size.max = 1048576 (custom)
2019-09-26 09:56:48,350 [pool-27-thread-1] INFO  server.RaftServerConfigKeys (ConfUtils.java:logGet(43)) - raft.server.log.preallocated.size = 16384 (custom)
2019-09-26 09:56:48,350 [pool-27-thread-1] INFO  server.RaftServerConfigKeys (ConfUtils.java:logGet(43)) - raft.server.log.write.buffer.size = 33554432 (custom)
2019-09-26 09:56:48,350 [pool-27-thread-1] INFO  server.RaftServerConfigKeys (ConfUtils.java:logGet(43)) - raft.server.log.force.sync.num = 128 (default)
2019-09-26 09:56:48,350 [pool-27-thread-1] INFO  server.RaftServerConfigKeys (ConfUtils.java:logGet(43)) - raft.server.log.statemachine.data.sync = true (default)
2019-09-26 09:56:48,351 [pool-27-thread-1] INFO  server.RaftServerConfigKeys (ConfUtils.java:logGet(43)) - raft.server.log.statemachine.data.sync.timeout = 10s (default)
2019-09-26 09:56:48,351 [pool-27-thread-1] INFO  server.RaftServerConfigKeys (ConfUtils.java:logGet(43)) - raft.server.log.statemachine.data.sync.timeout.retry = -1 (default)
2019-09-26 09:56:48,351 [pool-27-thread-1] INFO  server.RaftServerConfigKeys (ConfUtils.java:logGet(43)) - raft.server.log.statemachine.data.caching.enabled = true (custom)
2019-09-26 09:56:48,351 [pool-27-thread-1] INFO  segmented.SegmentedRaftLogWorker (SegmentedRaftLogWorker.java:lambda$new$0(132)) - 5acecdc3-9f7b-4d69-984a-a06ca9625c3b@group-ED1B22B9DB7A-SegmentedRaftLogWorker: flushIndex: setUnconditionally 0 -> -1
2019-09-26 09:56:48,352 [pool-27-thread-1] INFO  server.RaftServerConfigKeys (ConfUtils.java:logGet(43)) - raft.server.snapshot.auto.trigger.enabled = true (custom)
2019-09-26 09:56:48,352 [pool-27-thread-1] INFO  server.RaftServerConfigKeys (ConfUtils.java:logGet(43)) - raft.server.snapshot.auto.trigger.threshold = 10000 (custom)
2019-09-26 09:56:48,352 [pool-27-thread-1] INFO  server.RaftServerConfigKeys (ConfUtils.java:logGet(43)) - raft.server.snapshot.retention.num.files = 5 (custom)
2019-09-26 09:56:48,352 [pool-27-thread-1] INFO  server.RaftServerConfigKeys (ConfUtils.java:logGet(43)) - raft.server.retrycache.expirytime = 600000ms (custom)
2019-09-26 09:56:48,355 [pool-27-thread-1] INFO  impl.RaftServerImpl (RaftServerImpl.java:start(185)) - 5acecdc3-9f7b-4d69-984a-a06ca9625c3b@group-ED1B22B9DB7A: start as a follower, conf=-1: [5acecdc3-9f7b-4d69-984a-a06ca9625c3b:192.168.30.13:43435], old=null
2019-09-26 09:56:48,355 [pool-27-thread-1] INFO  impl.RaftServerImpl (RaftServerImpl.java:setRole(174)) - 5acecdc3-9f7b-4d69-984a-a06ca9625c3b@group-ED1B22B9DB7A: changes role from      null to FOLLOWER at term 0 for startAsFollower
2019-09-26 09:56:48,355 [pool-27-thread-1] INFO  impl.RoleInfo (RoleInfo.java:updateAndGet(143)) - 5acecdc3-9f7b-4d69-984a-a06ca9625c3b: start FollowerState
2019-09-26 09:56:48,355 [pool-27-thread-1] INFO  util.JmxRegister (JmxRegister.java:tryRegister(44)) - Successfully registered JMX Bean with object name Ratis:service=RaftServer,group=group-ED1B22B9DB7A,id=5acecdc3-9f7b-4d69-984a-a06ca9625c3b
2019-09-26 09:56:48,363 [RatisPipelineUtilsThread] INFO  pipeline.PipelineStateManager (PipelineStateManager.java:addPipeline(56)) - Created pipeline Pipeline[ Id: aab80e80-03c6-4544-a394-ed1b22b9db7a, Nodes: 5acecdc3-9f7b-4d69-984a-a06ca9625c3b{ip: 192.168.30.13, host: pr-hdds-1569-wvzgm-824869521, networkLocation: /default-rack, certSerialId: null}, Type:RATIS, Factor:ONE, State:OPEN]
2019-09-26 09:56:48,373 [grpc-default-executor-1] INFO  impl.RaftServerProxy (RaftServerProxy.java:addNew(89)) - 9a4e3a28-262d-469e-99f7-286cb914bc66: addNew group-9CAA073683B9:[9a4e3a28-262d-469e-99f7-286cb914bc66:192.168.30.13:38221] returns group-9CAA073683B9:java.util.concurrent.CompletableFuture@797fee3a[Not completed]
2019-09-26 09:56:48,375 [pool-37-thread-1] INFO  impl.RaftServerImpl (RaftServerImpl.java:<init>(95)) - 9a4e3a28-262d-469e-99f7-286cb914bc66: new RaftServerImpl for group-9CAA073683B9:[9a4e3a28-262d-469e-99f7-286cb914bc66:192.168.30.13:38221] with ContainerStateMachine:uninitialized
2019-09-26 09:56:48,375 [pool-37-thread-1] INFO  server.RaftServerConfigKeys (ConfUtils.java:logGet(43)) - raft.server.rpc.timeout.min = 5s (custom)
2019-09-26 09:56:48,375 [pool-37-thread-1] INFO  server.RaftServerConfigKeys (ConfUtils.java:logGet(43)) - raft.server.rpc.timeout.max = 5200ms (custom)
2019-09-26 09:56:48,375 [pool-37-thread-1] INFO  server.RaftServerConfigKeys (ConfUtils.java:logGet(43)) - raft.server.rpcslowness.timeout = 120s (custom)
2019-09-26 09:56:48,375 [pool-37-thread-1] INFO  server.RaftServerConfigKeys (ConfUtils.java:logGet(43)) - raft.server.sleep.deviation.threshold = 300 (default)
2019-09-26 09:56:48,375 [pool-37-thread-1] INFO  server.RaftServerConfigKeys (ConfUtils.java:logGet(43)) - raft.server.log.appender.install.snapshot.enabled = false (custom)
2019-09-26 09:56:48,375 [pool-37-thread-1] INFO  impl.RaftServerImpl (ServerState.java:<init>(103)) - 9a4e3a28-262d-469e-99f7-286cb914bc66@group-9CAA073683B9: ConfigurationManager, init=-1: [9a4e3a28-262d-469e-99f7-286cb914bc66:192.168.30.13:38221], old=null, confs=<EMPTY_MAP>
2019-09-26 09:56:48,376 [pool-37-thread-1] INFO  server.RaftServerConfigKeys (ConfUtils.java:logGet(43)) - raft.server.storage.dir = [/workdir/hadoop-ozone/integration-test/target/test-dir/MiniOzoneClusterImpl-90b94c19-38e3-4b62-8beb-5bce376b68a2/datanode-1/data/ratis] (custom)
2019-09-26 09:56:48,376 [pool-37-thread-1] INFO  storage.RaftStorageDirectory (RaftStorageDirectory.java:analyzeStorage(246)) - The storage directory /workdir/hadoop-ozone/integration-test/target/test-dir/MiniOzoneClusterImpl-90b94c19-38e3-4b62-8beb-5bce376b68a2/datanode-1/data/ratis/fbdcab51-0a4e-48f3-b4f2-9caa073683b9 does not exist. Creating ...
2019-09-26 09:56:48,380 [pool-37-thread-1] INFO  storage.RaftStorageDirectory (RaftStorageDirectory.java:tryLock(328)) - Lock on /workdir/hadoop-ozone/integration-test/target/test-dir/MiniOzoneClusterImpl-90b94c19-38e3-4b62-8beb-5bce376b68a2/datanode-1/data/ratis/fbdcab51-0a4e-48f3-b4f2-9caa073683b9/in_use.lock acquired by nodename 18833@pr-hdds-1569-wvzgm-824869521
2019-09-26 09:56:48,385 [pool-37-thread-1] INFO  storage.RaftStorage (RaftStorage.java:format(72)) - Storage directory /workdir/hadoop-ozone/integration-test/target/test-dir/MiniOzoneClusterImpl-90b94c19-38e3-4b62-8beb-5bce376b68a2/datanode-1/data/ratis/fbdcab51-0a4e-48f3-b4f2-9caa073683b9 has been successfully formatted.
2019-09-26 09:56:48,386 [pool-37-thread-1] INFO  ratis.ContainerStateMachine (ContainerStateMachine.java:loadSnapshot(230)) - group-9CAA073683B9: The snapshot info is null. Setting the last applied indexto:(t:0, i:~)
2019-09-26 09:56:48,386 [pool-37-thread-1] INFO  server.RaftServerConfigKeys (ConfUtils.java:logGet(43)) - raft.server.notification.no-leader.timeout = 120s (custom)
2019-09-26 09:56:48,386 [pool-37-thread-1] INFO  server.RaftServerConfigKeys (ConfUtils.java:logGet(43)) - raft.server.log.use.memory = false (default)
2019-09-26 09:56:48,386 [pool-37-thread-1] INFO  server.RaftServerConfigKeys (ConfUtils.java:logGet(43)) - raft.server.log.purge.gap = 1000000 (custom)
2019-09-26 09:56:48,386 [pool-37-thread-1] INFO  server.RaftServerConfigKeys (ConfUtils.java:logGet(43)) - raft.server.log.appender.buffer.byte-limit = 33554432 (custom)
2019-09-26 09:56:48,386 [pool-37-thread-1] INFO  server.RaftServerConfigKeys (ConfUtils.java:logGet(43)) - raft.server.log.segment.size.max = 1048576 (custom)
2019-09-26 09:56:48,387 [pool-37-thread-1] INFO  server.RaftServerConfigKeys (ConfUtils.java:logGet(43)) - raft.server.log.segment.cache.num.max = 2 (custom)
2019-09-26 09:56:48,387 [pool-37-thread-1] INFO  segmented.SegmentedRaftLogWorker (SegmentedRaftLogWorker.java:<init>(172)) - new 9a4e3a28-262d-469e-99f7-286cb914bc66@group-9CAA073683B9-SegmentedRaftLogWorker for RaftStorage:Storage Directory /workdir/hadoop-ozone/integration-test/target/test-dir/MiniOzoneClusterImpl-90b94c19-38e3-4b62-8beb-5bce376b68a2/datanode-1/data/ratis/fbdcab51-0a4e-48f3-b4f2-9caa073683b9
2019-09-26 09:56:48,387 [pool-37-thread-1] INFO  server.RaftServerConfigKeys (ConfUtils.java:logGet(43)) - raft.server.log.queue.byte-limit = 2147483647 (custom)
2019-09-26 09:56:48,387 [pool-37-thread-1] INFO  server.RaftServerConfigKeys (ConfUtils.java:logGet(43)) - raft.server.log.queue.element-limit = 1024 (custom)
2019-09-26 09:56:48,387 [pool-37-thread-1] INFO  server.RaftServerConfigKeys (ConfUtils.java:logGet(43)) - raft.server.log.segment.size.max = 1048576 (custom)
2019-09-26 09:56:48,387 [pool-37-thread-1] INFO  server.RaftServerConfigKeys (ConfUtils.java:logGet(43)) - raft.server.log.preallocated.size = 16384 (custom)
2019-09-26 09:56:48,388 [pool-37-thread-1] INFO  server.RaftServerConfigKeys (ConfUtils.java:logGet(43)) - raft.server.log.write.buffer.size = 33554432 (custom)
2019-09-26 09:56:48,388 [pool-37-thread-1] INFO  server.RaftServerConfigKeys (ConfUtils.java:logGet(43)) - raft.server.log.force.sync.num = 128 (default)
2019-09-26 09:56:48,388 [pool-37-thread-1] INFO  server.RaftServerConfigKeys (ConfUtils.java:logGet(43)) - raft.server.log.statemachine.data.sync = true (default)
2019-09-26 09:56:48,388 [pool-37-thread-1] INFO  server.RaftServerConfigKeys (ConfUtils.java:logGet(43)) - raft.server.log.statemachine.data.sync.timeout = 10s (default)
2019-09-26 09:56:48,388 [pool-37-thread-1] INFO  server.RaftServerConfigKeys (ConfUtils.java:logGet(43)) - raft.server.log.statemachine.data.sync.timeout.retry = -1 (default)
2019-09-26 09:56:48,388 [pool-37-thread-1] INFO  server.RaftServerConfigKeys (ConfUtils.java:logGet(43)) - raft.server.log.statemachine.data.caching.enabled = true (custom)
2019-09-26 09:56:48,389 [pool-37-thread-1] INFO  segmented.SegmentedRaftLogWorker (SegmentedRaftLogWorker.java:lambda$new$0(132)) - 9a4e3a28-262d-469e-99f7-286cb914bc66@group-9CAA073683B9-SegmentedRaftLogWorker: flushIndex: setUnconditionally 0 -> -1
2019-09-26 09:56:48,389 [pool-37-thread-1] INFO  server.RaftServerConfigKeys (ConfUtils.java:logGet(43)) - raft.server.snapshot.auto.trigger.enabled = true (custom)
2019-09-26 09:56:48,389 [pool-37-thread-1] INFO  server.RaftServerConfigKeys (ConfUtils.java:logGet(43)) - raft.server.snapshot.auto.trigger.threshold = 10000 (custom)
2019-09-26 09:56:48,389 [pool-37-thread-1] INFO  server.RaftServerConfigKeys (ConfUtils.java:logGet(43)) - raft.server.snapshot.retention.num.files = 5 (custom)
2019-09-26 09:56:48,390 [pool-37-thread-1] INFO  server.RaftServerConfigKeys (ConfUtils.java:logGet(43)) - raft.server.retrycache.expirytime = 600000ms (custom)
2019-09-26 09:56:48,392 [pool-37-thread-1] INFO  impl.RaftServerImpl (RaftServerImpl.java:start(185)) - 9a4e3a28-262d-469e-99f7-286cb914bc66@group-9CAA073683B9: start as a follower, conf=-1: [9a4e3a28-262d-469e-99f7-286cb914bc66:192.168.30.13:38221], old=null
2019-09-26 09:56:48,392 [pool-37-thread-1] INFO  impl.RaftServerImpl (RaftServerImpl.java:setRole(174)) - 9a4e3a28-262d-469e-99f7-286cb914bc66@group-9CAA073683B9: changes role from      null to FOLLOWER at term 0 for startAsFollower
2019-09-26 09:56:48,392 [pool-37-thread-1] INFO  impl.RoleInfo (RoleInfo.java:updateAndGet(143)) - 9a4e3a28-262d-469e-99f7-286cb914bc66: start FollowerState
2019-09-26 09:56:48,393 [pool-37-thread-1] INFO  util.JmxRegister (JmxRegister.java:tryRegister(44)) - Successfully registered JMX Bean with object name Ratis:service=RaftServer,group=group-9CAA073683B9,id=9a4e3a28-262d-469e-99f7-286cb914bc66
2019-09-26 09:56:48,398 [RatisPipelineUtilsThread] INFO  pipeline.PipelineStateManager (PipelineStateManager.java:addPipeline(56)) - Created pipeline Pipeline[ Id: fbdcab51-0a4e-48f3-b4f2-9caa073683b9, Nodes: 9a4e3a28-262d-469e-99f7-286cb914bc66{ip: 192.168.30.13, host: pr-hdds-1569-wvzgm-824869521, networkLocation: /default-rack, certSerialId: null}, Type:RATIS, Factor:ONE, State:OPEN]
2019-09-26 09:56:48,407 [grpc-default-executor-1] INFO  impl.RaftServerProxy (RaftServerProxy.java:addNew(89)) - 9a4e3a28-262d-469e-99f7-286cb914bc66: addNew group-DD5694721366:[9a4e3a28-262d-469e-99f7-286cb914bc66:192.168.30.13:38221] returns group-DD5694721366:java.util.concurrent.CompletableFuture@2e96260f[Not completed]
2019-09-26 09:56:48,408 [pool-37-thread-1] INFO  impl.RaftServerImpl (RaftServerImpl.java:<init>(95)) - 9a4e3a28-262d-469e-99f7-286cb914bc66: new RaftServerImpl for group-DD5694721366:[9a4e3a28-262d-469e-99f7-286cb914bc66:192.168.30.13:38221] with ContainerStateMachine:uninitialized
2019-09-26 09:56:48,408 [pool-37-thread-1] INFO  server.RaftServerConfigKeys (ConfUtils.java:logGet(43)) - raft.server.rpc.timeout.min = 5s (custom)
2019-09-26 09:56:48,408 [pool-37-thread-1] INFO  server.RaftServerConfigKeys (ConfUtils.java:logGet(43)) - raft.server.rpc.timeout.max = 5200ms (custom)
2019-09-26 09:56:48,409 [pool-37-thread-1] INFO  server.RaftServerConfigKeys (ConfUtils.java:logGet(43)) - raft.server.rpcslowness.timeout = 120s (custom)
2019-09-26 09:56:48,409 [pool-37-thread-1] INFO  server.RaftServerConfigKeys (ConfUtils.java:logGet(43)) - raft.server.sleep.deviation.threshold = 300 (default)
2019-09-26 09:56:48,409 [pool-37-thread-1] INFO  server.RaftServerConfigKeys (ConfUtils.java:logGet(43)) - raft.server.log.appender.install.snapshot.enabled = false (custom)
2019-09-26 09:56:48,409 [pool-37-thread-1] INFO  impl.RaftServerImpl (ServerState.java:<init>(103)) - 9a4e3a28-262d-469e-99f7-286cb914bc66@group-DD5694721366: ConfigurationManager, init=-1: [9a4e3a28-262d-469e-99f7-286cb914bc66:192.168.30.13:38221], old=null, confs=<EMPTY_MAP>
2019-09-26 09:56:48,409 [pool-37-thread-1] INFO  server.RaftServerConfigKeys (ConfUtils.java:logGet(43)) - raft.server.storage.dir = [/workdir/hadoop-ozone/integration-test/target/test-dir/MiniOzoneClusterImpl-90b94c19-38e3-4b62-8beb-5bce376b68a2/datanode-1/data/ratis] (custom)
2019-09-26 09:56:48,409 [pool-37-thread-1] INFO  storage.RaftStorageDirectory (RaftStorageDirectory.java:analyzeStorage(246)) - The storage directory /workdir/hadoop-ozone/integration-test/target/test-dir/MiniOzoneClusterImpl-90b94c19-38e3-4b62-8beb-5bce376b68a2/datanode-1/data/ratis/3ad21453-994c-4cd2-aa93-dd5694721366 does not exist. Creating ...
2019-09-26 09:56:48,422 [pool-37-thread-1] INFO  storage.RaftStorageDirectory (RaftStorageDirectory.java:tryLock(328)) - Lock on /workdir/hadoop-ozone/integration-test/target/test-dir/MiniOzoneClusterImpl-90b94c19-38e3-4b62-8beb-5bce376b68a2/datanode-1/data/ratis/3ad21453-994c-4cd2-aa93-dd5694721366/in_use.lock acquired by nodename 18833@pr-hdds-1569-wvzgm-824869521
2019-09-26 09:56:48,435 [pool-37-thread-1] INFO  storage.RaftStorage (RaftStorage.java:format(72)) - Storage directory /workdir/hadoop-ozone/integration-test/target/test-dir/MiniOzoneClusterImpl-90b94c19-38e3-4b62-8beb-5bce376b68a2/datanode-1/data/ratis/3ad21453-994c-4cd2-aa93-dd5694721366 has been successfully formatted.
2019-09-26 09:56:48,436 [pool-37-thread-1] INFO  ratis.ContainerStateMachine (ContainerStateMachine.java:loadSnapshot(230)) - group-DD5694721366: The snapshot info is null. Setting the last applied indexto:(t:0, i:~)
2019-09-26 09:56:48,436 [pool-37-thread-1] INFO  server.RaftServerConfigKeys (ConfUtils.java:logGet(43)) - raft.server.notification.no-leader.timeout = 120s (custom)
2019-09-26 09:56:48,436 [pool-37-thread-1] INFO  server.RaftServerConfigKeys (ConfUtils.java:logGet(43)) - raft.server.log.use.memory = false (default)
2019-09-26 09:56:48,436 [pool-37-thread-1] INFO  server.RaftServerConfigKeys (ConfUtils.java:logGet(43)) - raft.server.log.purge.gap = 1000000 (custom)
2019-09-26 09:56:48,436 [pool-37-thread-1] INFO  server.RaftServerConfigKeys (ConfUtils.java:logGet(43)) - raft.server.log.appender.buffer.byte-limit = 33554432 (custom)
2019-09-26 09:56:48,436 [pool-37-thread-1] INFO  server.RaftServerConfigKeys (ConfUtils.java:logGet(43)) - raft.server.log.segment.size.max = 1048576 (custom)
2019-09-26 09:56:48,436 [pool-37-thread-1] INFO  server.RaftServerConfigKeys (ConfUtils.java:logGet(43)) - raft.server.log.segment.cache.num.max = 2 (custom)
2019-09-26 09:56:48,437 [pool-37-thread-1] INFO  segmented.SegmentedRaftLogWorker (SegmentedRaftLogWorker.java:<init>(172)) - new 9a4e3a28-262d-469e-99f7-286cb914bc66@group-DD5694721366-SegmentedRaftLogWorker for RaftStorage:Storage Directory /workdir/hadoop-ozone/integration-test/target/test-dir/MiniOzoneClusterImpl-90b94c19-38e3-4b62-8beb-5bce376b68a2/datanode-1/data/ratis/3ad21453-994c-4cd2-aa93-dd5694721366
2019-09-26 09:56:48,437 [pool-37-thread-1] INFO  server.RaftServerConfigKeys (ConfUtils.java:logGet(43)) - raft.server.log.queue.byte-limit = 2147483647 (custom)
2019-09-26 09:56:48,437 [pool-37-thread-1] INFO  server.RaftServerConfigKeys (ConfUtils.java:logGet(43)) - raft.server.log.queue.element-limit = 1024 (custom)
2019-09-26 09:56:48,437 [pool-37-thread-1] INFO  server.RaftServerConfigKeys (ConfUtils.java:logGet(43)) - raft.server.log.segment.size.max = 1048576 (custom)
2019-09-26 09:56:48,437 [pool-37-thread-1] INFO  server.RaftServerConfigKeys (ConfUtils.java:logGet(43)) - raft.server.log.preallocated.size = 16384 (custom)
2019-09-26 09:56:48,437 [pool-37-thread-1] INFO  server.RaftServerConfigKeys (ConfUtils.java:logGet(43)) - raft.server.log.write.buffer.size = 33554432 (custom)
2019-09-26 09:56:48,437 [pool-37-thread-1] INFO  server.RaftServerConfigKeys (ConfUtils.java:logGet(43)) - raft.server.log.force.sync.num = 128 (default)
2019-09-26 09:56:48,437 [pool-37-thread-1] INFO  server.RaftServerConfigKeys (ConfUtils.java:logGet(43)) - raft.server.log.statemachine.data.sync = true (default)
2019-09-26 09:56:48,437 [pool-37-thread-1] INFO  server.RaftServerConfigKeys (ConfUtils.java:logGet(43)) - raft.server.log.statemachine.data.sync.timeout = 10s (default)
2019-09-26 09:56:48,438 [pool-37-thread-1] INFO  server.RaftServerConfigKeys (ConfUtils.java:logGet(43)) - raft.server.log.statemachine.data.sync.timeout.retry = -1 (default)
2019-09-26 09:56:48,438 [pool-37-thread-1] INFO  server.RaftServerConfigKeys (ConfUtils.java:logGet(43)) - raft.server.log.statemachine.data.caching.enabled = true (custom)
2019-09-26 09:56:48,438 [pool-37-thread-1] INFO  segmented.SegmentedRaftLogWorker (SegmentedRaftLogWorker.java:lambda$new$0(132)) - 9a4e3a28-262d-469e-99f7-286cb914bc66@group-DD5694721366-SegmentedRaftLogWorker: flushIndex: setUnconditionally 0 -> -1
2019-09-26 09:56:48,438 [pool-37-thread-1] INFO  server.RaftServerConfigKeys (ConfUtils.java:logGet(43)) - raft.server.snapshot.auto.trigger.enabled = true (custom)
2019-09-26 09:56:48,438 [pool-37-thread-1] INFO  server.RaftServerConfigKeys (ConfUtils.java:logGet(43)) - raft.server.snapshot.auto.trigger.threshold = 10000 (custom)
2019-09-26 09:56:48,438 [pool-37-thread-1] INFO  server.RaftServerConfigKeys (ConfUtils.java:logGet(43)) - raft.server.snapshot.retention.num.files = 5 (custom)
2019-09-26 09:56:48,439 [pool-37-thread-1] INFO  server.RaftServerConfigKeys (ConfUtils.java:logGet(43)) - raft.server.retrycache.expirytime = 600000ms (custom)
2019-09-26 09:56:48,441 [pool-37-thread-1] INFO  impl.RaftServerImpl (RaftServerImpl.java:start(185)) - 9a4e3a28-262d-469e-99f7-286cb914bc66@group-DD5694721366: start as a follower, conf=-1: [9a4e3a28-262d-469e-99f7-286cb914bc66:192.168.30.13:38221], old=null
2019-09-26 09:56:48,441 [pool-37-thread-1] INFO  impl.RaftServerImpl (RaftServerImpl.java:setRole(174)) - 9a4e3a28-262d-469e-99f7-286cb914bc66@group-DD5694721366: changes role from      null to FOLLOWER at term 0 for startAsFollower
2019-09-26 09:56:48,441 [pool-37-thread-1] INFO  impl.RoleInfo (RoleInfo.java:updateAndGet(143)) - 9a4e3a28-262d-469e-99f7-286cb914bc66: start FollowerState
2019-09-26 09:56:48,441 [pool-37-thread-1] INFO  util.JmxRegister (JmxRegister.java:tryRegister(44)) - Successfully registered JMX Bean with object name Ratis:service=RaftServer,group=group-DD5694721366,id=9a4e3a28-262d-469e-99f7-286cb914bc66
2019-09-26 09:56:48,448 [RatisPipelineUtilsThread] INFO  pipeline.PipelineStateManager (PipelineStateManager.java:addPipeline(56)) - Created pipeline Pipeline[ Id: 3ad21453-994c-4cd2-aa93-dd5694721366, Nodes: 9a4e3a28-262d-469e-99f7-286cb914bc66{ip: 192.168.30.13, host: pr-hdds-1569-wvzgm-824869521, networkLocation: /default-rack, certSerialId: null}, Type:RATIS, Factor:ONE, State:OPEN]
2019-09-26 09:56:48,461 [grpc-default-executor-1] INFO  impl.RaftServerProxy (RaftServerProxy.java:addNew(89)) - c71d065e-fd25-4780-a7c8-fad2cb759771: addNew group-161D65E3765F:[c71d065e-fd25-4780-a7c8-fad2cb759771:192.168.30.13:38931] returns group-161D65E3765F:java.util.concurrent.CompletableFuture@79537177[Not completed]
2019-09-26 09:56:48,464 [pool-47-thread-1] INFO  impl.RaftServerImpl (RaftServerImpl.java:<init>(95)) - c71d065e-fd25-4780-a7c8-fad2cb759771: new RaftServerImpl for group-161D65E3765F:[c71d065e-fd25-4780-a7c8-fad2cb759771:192.168.30.13:38931] with ContainerStateMachine:uninitialized
2019-09-26 09:56:48,464 [pool-47-thread-1] INFO  server.RaftServerConfigKeys (ConfUtils.java:logGet(43)) - raft.server.rpc.timeout.min = 5s (custom)
2019-09-26 09:56:48,464 [pool-47-thread-1] INFO  server.RaftServerConfigKeys (ConfUtils.java:logGet(43)) - raft.server.rpc.timeout.max = 5200ms (custom)
2019-09-26 09:56:48,464 [pool-47-thread-1] INFO  server.RaftServerConfigKeys (ConfUtils.java:logGet(43)) - raft.server.rpcslowness.timeout = 120s (custom)
2019-09-26 09:56:48,464 [pool-47-thread-1] INFO  server.RaftServerConfigKeys (ConfUtils.java:logGet(43)) - raft.server.sleep.deviation.threshold = 300 (default)
2019-09-26 09:56:48,464 [pool-47-thread-1] INFO  server.RaftServerConfigKeys (ConfUtils.java:logGet(43)) - raft.server.log.appender.install.snapshot.enabled = false (custom)
2019-09-26 09:56:48,465 [pool-47-thread-1] INFO  impl.RaftServerImpl (ServerState.java:<init>(103)) - c71d065e-fd25-4780-a7c8-fad2cb759771@group-161D65E3765F: ConfigurationManager, init=-1: [c71d065e-fd25-4780-a7c8-fad2cb759771:192.168.30.13:38931], old=null, confs=<EMPTY_MAP>
2019-09-26 09:56:48,465 [pool-47-thread-1] INFO  server.RaftServerConfigKeys (ConfUtils.java:logGet(43)) - raft.server.storage.dir = [/workdir/hadoop-ozone/integration-test/target/test-dir/MiniOzoneClusterImpl-90b94c19-38e3-4b62-8beb-5bce376b68a2/datanode-2/data/ratis] (custom)
2019-09-26 09:56:48,465 [pool-47-thread-1] INFO  storage.RaftStorageDirectory (RaftStorageDirectory.java:analyzeStorage(246)) - The storage directory /workdir/hadoop-ozone/integration-test/target/test-dir/MiniOzoneClusterImpl-90b94c19-38e3-4b62-8beb-5bce376b68a2/datanode-2/data/ratis/50d29121-5107-4be0-b87e-161d65e3765f does not exist. Creating ...
2019-09-26 09:56:48,478 [pool-47-thread-1] INFO  storage.RaftStorageDirectory (RaftStorageDirectory.java:tryLock(328)) - Lock on /workdir/hadoop-ozone/integration-test/target/test-dir/MiniOzoneClusterImpl-90b94c19-38e3-4b62-8beb-5bce376b68a2/datanode-2/data/ratis/50d29121-5107-4be0-b87e-161d65e3765f/in_use.lock acquired by nodename 18833@pr-hdds-1569-wvzgm-824869521
2019-09-26 09:56:48,492 [pool-47-thread-1] INFO  storage.RaftStorage (RaftStorage.java:format(72)) - Storage directory /workdir/hadoop-ozone/integration-test/target/test-dir/MiniOzoneClusterImpl-90b94c19-38e3-4b62-8beb-5bce376b68a2/datanode-2/data/ratis/50d29121-5107-4be0-b87e-161d65e3765f has been successfully formatted.
2019-09-26 09:56:48,492 [pool-47-thread-1] INFO  ratis.ContainerStateMachine (ContainerStateMachine.java:loadSnapshot(230)) - group-161D65E3765F: The snapshot info is null. Setting the last applied indexto:(t:0, i:~)
2019-09-26 09:56:48,492 [pool-47-thread-1] INFO  server.RaftServerConfigKeys (ConfUtils.java:logGet(43)) - raft.server.notification.no-leader.timeout = 120s (custom)
2019-09-26 09:56:48,492 [pool-47-thread-1] INFO  server.RaftServerConfigKeys (ConfUtils.java:logGet(43)) - raft.server.log.use.memory = false (default)
2019-09-26 09:56:48,492 [pool-47-thread-1] INFO  server.RaftServerConfigKeys (ConfUtils.java:logGet(43)) - raft.server.log.purge.gap = 1000000 (custom)
2019-09-26 09:56:48,492 [pool-47-thread-1] INFO  server.RaftServerConfigKeys (ConfUtils.java:logGet(43)) - raft.server.log.appender.buffer.byte-limit = 33554432 (custom)
2019-09-26 09:56:48,492 [pool-47-thread-1] INFO  server.RaftServerConfigKeys (ConfUtils.java:logGet(43)) - raft.server.log.segment.size.max = 1048576 (custom)
2019-09-26 09:56:48,493 [pool-47-thread-1] INFO  server.RaftServerConfigKeys (ConfUtils.java:logGet(43)) - raft.server.log.segment.cache.num.max = 2 (custom)
2019-09-26 09:56:48,493 [pool-47-thread-1] INFO  segmented.SegmentedRaftLogWorker (SegmentedRaftLogWorker.java:<init>(172)) - new c71d065e-fd25-4780-a7c8-fad2cb759771@group-161D65E3765F-SegmentedRaftLogWorker for RaftStorage:Storage Directory /workdir/hadoop-ozone/integration-test/target/test-dir/MiniOzoneClusterImpl-90b94c19-38e3-4b62-8beb-5bce376b68a2/datanode-2/data/ratis/50d29121-5107-4be0-b87e-161d65e3765f
2019-09-26 09:56:48,493 [pool-47-thread-1] INFO  server.RaftServerConfigKeys (ConfUtils.java:logGet(43)) - raft.server.log.queue.byte-limit = 2147483647 (custom)
2019-09-26 09:56:48,493 [pool-47-thread-1] INFO  server.RaftServerConfigKeys (ConfUtils.java:logGet(43)) - raft.server.log.queue.element-limit = 1024 (custom)
2019-09-26 09:56:48,493 [pool-47-thread-1] INFO  server.RaftServerConfigKeys (ConfUtils.java:logGet(43)) - raft.server.log.segment.size.max = 1048576 (custom)
2019-09-26 09:56:48,493 [pool-47-thread-1] INFO  server.RaftServerConfigKeys (ConfUtils.java:logGet(43)) - raft.server.log.preallocated.size = 16384 (custom)
2019-09-26 09:56:48,493 [pool-47-thread-1] INFO  server.RaftServerConfigKeys (ConfUtils.java:logGet(43)) - raft.server.log.write.buffer.size = 33554432 (custom)
2019-09-26 09:56:48,493 [pool-47-thread-1] INFO  server.RaftServerConfigKeys (ConfUtils.java:logGet(43)) - raft.server.log.force.sync.num = 128 (default)
2019-09-26 09:56:48,493 [pool-47-thread-1] INFO  server.RaftServerConfigKeys (ConfUtils.java:logGet(43)) - raft.server.log.statemachine.data.sync = true (default)
2019-09-26 09:56:48,494 [pool-47-thread-1] INFO  server.RaftServerConfigKeys (ConfUtils.java:logGet(43)) - raft.server.log.statemachine.data.sync.timeout = 10s (default)
2019-09-26 09:56:48,494 [pool-47-thread-1] INFO  server.RaftServerConfigKeys (ConfUtils.java:logGet(43)) - raft.server.log.statemachine.data.sync.timeout.retry = -1 (default)
2019-09-26 09:56:48,494 [pool-47-thread-1] INFO  server.RaftServerConfigKeys (ConfUtils.java:logGet(43)) - raft.server.log.statemachine.data.caching.enabled = true (custom)
2019-09-26 09:56:48,494 [pool-47-thread-1] INFO  segmented.SegmentedRaftLogWorker (SegmentedRaftLogWorker.java:lambda$new$0(132)) - c71d065e-fd25-4780-a7c8-fad2cb759771@group-161D65E3765F-SegmentedRaftLogWorker: flushIndex: setUnconditionally 0 -> -1
2019-09-26 09:56:48,494 [pool-47-thread-1] INFO  server.RaftServerConfigKeys (ConfUtils.java:logGet(43)) - raft.server.snapshot.auto.trigger.enabled = true (custom)
2019-09-26 09:56:48,494 [pool-47-thread-1] INFO  server.RaftServerConfigKeys (ConfUtils.java:logGet(43)) - raft.server.snapshot.auto.trigger.threshold = 10000 (custom)
2019-09-26 09:56:48,494 [pool-47-thread-1] INFO  server.RaftServerConfigKeys (ConfUtils.java:logGet(43)) - raft.server.snapshot.retention.num.files = 5 (custom)
2019-09-26 09:56:48,495 [pool-47-thread-1] INFO  server.RaftServerConfigKeys (ConfUtils.java:logGet(43)) - raft.server.retrycache.expirytime = 600000ms (custom)
2019-09-26 09:56:48,497 [pool-47-thread-1] INFO  impl.RaftServerImpl (RaftServerImpl.java:start(185)) - c71d065e-fd25-4780-a7c8-fad2cb759771@group-161D65E3765F: start as a follower, conf=-1: [c71d065e-fd25-4780-a7c8-fad2cb759771:192.168.30.13:38931], old=null
2019-09-26 09:56:48,497 [pool-47-thread-1] INFO  impl.RaftServerImpl (RaftServerImpl.java:setRole(174)) - c71d065e-fd25-4780-a7c8-fad2cb759771@group-161D65E3765F: changes role from      null to FOLLOWER at term 0 for startAsFollower
2019-09-26 09:56:48,497 [pool-47-thread-1] INFO  impl.RoleInfo (RoleInfo.java:updateAndGet(143)) - c71d065e-fd25-4780-a7c8-fad2cb759771: start FollowerState
2019-09-26 09:56:48,497 [pool-47-thread-1] INFO  util.JmxRegister (JmxRegister.java:tryRegister(44)) - Successfully registered JMX Bean with object name Ratis:service=RaftServer,group=group-161D65E3765F,id=c71d065e-fd25-4780-a7c8-fad2cb759771
2019-09-26 09:56:48,504 [RatisPipelineUtilsThread] INFO  pipeline.PipelineStateManager (PipelineStateManager.java:addPipeline(56)) - Created pipeline Pipeline[ Id: 50d29121-5107-4be0-b87e-161d65e3765f, Nodes: c71d065e-fd25-4780-a7c8-fad2cb759771{ip: 192.168.30.13, host: pr-hdds-1569-wvzgm-824869521, networkLocation: /default-rack, certSerialId: null}, Type:RATIS, Factor:ONE, State:OPEN]
2019-09-26 09:56:48,512 [grpc-default-executor-1] INFO  impl.RaftServerProxy (RaftServerProxy.java:addNew(89)) - 9a4e3a28-262d-469e-99f7-286cb914bc66: addNew group-578B8E91FA6A:[9a4e3a28-262d-469e-99f7-286cb914bc66:192.168.30.13:38221] returns group-578B8E91FA6A:java.util.concurrent.CompletableFuture@7cbf4051[Not completed]
2019-09-26 09:56:48,514 [pool-37-thread-1] INFO  impl.RaftServerImpl (RaftServerImpl.java:<init>(95)) - 9a4e3a28-262d-469e-99f7-286cb914bc66: new RaftServerImpl for group-578B8E91FA6A:[9a4e3a28-262d-469e-99f7-286cb914bc66:192.168.30.13:38221] with ContainerStateMachine:uninitialized
2019-09-26 09:56:48,514 [pool-37-thread-1] INFO  server.RaftServerConfigKeys (ConfUtils.java:logGet(43)) - raft.server.rpc.timeout.min = 5s (custom)
2019-09-26 09:56:48,514 [pool-37-thread-1] INFO  server.RaftServerConfigKeys (ConfUtils.java:logGet(43)) - raft.server.rpc.timeout.max = 5200ms (custom)
2019-09-26 09:56:48,514 [pool-37-thread-1] INFO  server.RaftServerConfigKeys (ConfUtils.java:logGet(43)) - raft.server.rpcslowness.timeout = 120s (custom)
2019-09-26 09:56:48,514 [pool-37-thread-1] INFO  server.RaftServerConfigKeys (ConfUtils.java:logGet(43)) - raft.server.sleep.deviation.threshold = 300 (default)
2019-09-26 09:56:48,514 [pool-37-thread-1] INFO  server.RaftServerConfigKeys (ConfUtils.java:logGet(43)) - raft.server.log.appender.install.snapshot.enabled = false (custom)
2019-09-26 09:56:48,514 [pool-37-thread-1] INFO  impl.RaftServerImpl (ServerState.java:<init>(103)) - 9a4e3a28-262d-469e-99f7-286cb914bc66@group-578B8E91FA6A: ConfigurationManager, init=-1: [9a4e3a28-262d-469e-99f7-286cb914bc66:192.168.30.13:38221], old=null, confs=<EMPTY_MAP>
2019-09-26 09:56:48,515 [pool-37-thread-1] INFO  server.RaftServerConfigKeys (ConfUtils.java:logGet(43)) - raft.server.storage.dir = [/workdir/hadoop-ozone/integration-test/target/test-dir/MiniOzoneClusterImpl-90b94c19-38e3-4b62-8beb-5bce376b68a2/datanode-1/data/ratis] (custom)
2019-09-26 09:56:48,515 [pool-37-thread-1] INFO  storage.RaftStorageDirectory (RaftStorageDirectory.java:analyzeStorage(246)) - The storage directory /workdir/hadoop-ozone/integration-test/target/test-dir/MiniOzoneClusterImpl-90b94c19-38e3-4b62-8beb-5bce376b68a2/datanode-1/data/ratis/ead60284-fbd0-4db2-99f1-578b8e91fa6a does not exist. Creating ...
2019-09-26 09:56:48,519 [pool-37-thread-1] INFO  storage.RaftStorageDirectory (RaftStorageDirectory.java:tryLock(328)) - Lock on /workdir/hadoop-ozone/integration-test/target/test-dir/MiniOzoneClusterImpl-90b94c19-38e3-4b62-8beb-5bce376b68a2/datanode-1/data/ratis/ead60284-fbd0-4db2-99f1-578b8e91fa6a/in_use.lock acquired by nodename 18833@pr-hdds-1569-wvzgm-824869521
2019-09-26 09:56:48,533 [pool-37-thread-1] INFO  storage.RaftStorage (RaftStorage.java:format(72)) - Storage directory /workdir/hadoop-ozone/integration-test/target/test-dir/MiniOzoneClusterImpl-90b94c19-38e3-4b62-8beb-5bce376b68a2/datanode-1/data/ratis/ead60284-fbd0-4db2-99f1-578b8e91fa6a has been successfully formatted.
2019-09-26 09:56:48,533 [pool-37-thread-1] INFO  ratis.ContainerStateMachine (ContainerStateMachine.java:loadSnapshot(230)) - group-578B8E91FA6A: The snapshot info is null. Setting the last applied indexto:(t:0, i:~)
2019-09-26 09:56:48,533 [pool-37-thread-1] INFO  server.RaftServerConfigKeys (ConfUtils.java:logGet(43)) - raft.server.notification.no-leader.timeout = 120s (custom)
2019-09-26 09:56:48,533 [pool-37-thread-1] INFO  server.RaftServerConfigKeys (ConfUtils.java:logGet(43)) - raft.server.log.use.memory = false (default)
2019-09-26 09:56:48,533 [pool-37-thread-1] INFO  server.RaftServerConfigKeys (ConfUtils.java:logGet(43)) - raft.server.log.purge.gap = 1000000 (custom)
2019-09-26 09:56:48,534 [pool-37-thread-1] INFO  server.RaftServerConfigKeys (ConfUtils.java:logGet(43)) - raft.server.log.appender.buffer.byte-limit = 33554432 (custom)
2019-09-26 09:56:48,534 [pool-37-thread-1] INFO  server.RaftServerConfigKeys (ConfUtils.java:logGet(43)) - raft.server.log.segment.size.max = 1048576 (custom)
2019-09-26 09:56:48,534 [pool-37-thread-1] INFO  server.RaftServerConfigKeys (ConfUtils.java:logGet(43)) - raft.server.log.segment.cache.num.max = 2 (custom)
2019-09-26 09:56:48,534 [pool-37-thread-1] INFO  segmented.SegmentedRaftLogWorker (SegmentedRaftLogWorker.java:<init>(172)) - new 9a4e3a28-262d-469e-99f7-286cb914bc66@group-578B8E91FA6A-SegmentedRaftLogWorker for RaftStorage:Storage Directory /workdir/hadoop-ozone/integration-test/target/test-dir/MiniOzoneClusterImpl-90b94c19-38e3-4b62-8beb-5bce376b68a2/datanode-1/data/ratis/ead60284-fbd0-4db2-99f1-578b8e91fa6a
2019-09-26 09:56:48,534 [pool-37-thread-1] INFO  server.RaftServerConfigKeys (ConfUtils.java:logGet(43)) - raft.server.log.queue.byte-limit = 2147483647 (custom)
2019-09-26 09:56:48,534 [pool-37-thread-1] INFO  server.RaftServerConfigKeys (ConfUtils.java:logGet(43)) - raft.server.log.queue.element-limit = 1024 (custom)
2019-09-26 09:56:48,534 [pool-37-thread-1] INFO  server.RaftServerConfigKeys (ConfUtils.java:logGet(43)) - raft.server.log.segment.size.max = 1048576 (custom)
2019-09-26 09:56:48,535 [pool-37-thread-1] INFO  server.RaftServerConfigKeys (ConfUtils.java:logGet(43)) - raft.server.log.preallocated.size = 16384 (custom)
2019-09-26 09:56:48,535 [pool-37-thread-1] INFO  server.RaftServerConfigKeys (ConfUtils.java:logGet(43)) - raft.server.log.write.buffer.size = 33554432 (custom)
2019-09-26 09:56:48,535 [pool-37-thread-1] INFO  server.RaftServerConfigKeys (ConfUtils.java:logGet(43)) - raft.server.log.force.sync.num = 128 (default)
2019-09-26 09:56:48,535 [pool-37-thread-1] INFO  server.RaftServerConfigKeys (ConfUtils.java:logGet(43)) - raft.server.log.statemachine.data.sync = true (default)
2019-09-26 09:56:48,535 [pool-37-thread-1] INFO  server.RaftServerConfigKeys (ConfUtils.java:logGet(43)) - raft.server.log.statemachine.data.sync.timeout = 10s (default)
2019-09-26 09:56:48,535 [pool-37-thread-1] INFO  server.RaftServerConfigKeys (ConfUtils.java:logGet(43)) - raft.server.log.statemachine.data.sync.timeout.retry = -1 (default)
2019-09-26 09:56:48,536 [pool-37-thread-1] INFO  server.RaftServerConfigKeys (ConfUtils.java:logGet(43)) - raft.server.log.statemachine.data.caching.enabled = true (custom)
2019-09-26 09:56:48,536 [pool-37-thread-1] INFO  segmented.SegmentedRaftLogWorker (SegmentedRaftLogWorker.java:lambda$new$0(132)) - 9a4e3a28-262d-469e-99f7-286cb914bc66@group-578B8E91FA6A-SegmentedRaftLogWorker: flushIndex: setUnconditionally 0 -> -1
2019-09-26 09:56:48,536 [pool-37-thread-1] INFO  server.RaftServerConfigKeys (ConfUtils.java:logGet(43)) - raft.server.snapshot.auto.trigger.enabled = true (custom)
2019-09-26 09:56:48,536 [pool-37-thread-1] INFO  server.RaftServerConfigKeys (ConfUtils.java:logGet(43)) - raft.server.snapshot.auto.trigger.threshold = 10000 (custom)
2019-09-26 09:56:48,537 [pool-37-thread-1] INFO  server.RaftServerConfigKeys (ConfUtils.java:logGet(43)) - raft.server.snapshot.retention.num.files = 5 (custom)
2019-09-26 09:56:48,537 [pool-37-thread-1] INFO  server.RaftServerConfigKeys (ConfUtils.java:logGet(43)) - raft.server.retrycache.expirytime = 600000ms (custom)
2019-09-26 09:56:48,540 [pool-37-thread-1] INFO  impl.RaftServerImpl (RaftServerImpl.java:start(185)) - 9a4e3a28-262d-469e-99f7-286cb914bc66@group-578B8E91FA6A: start as a follower, conf=-1: [9a4e3a28-262d-469e-99f7-286cb914bc66:192.168.30.13:38221], old=null
2019-09-26 09:56:48,540 [pool-37-thread-1] INFO  impl.RaftServerImpl (RaftServerImpl.java:setRole(174)) - 9a4e3a28-262d-469e-99f7-286cb914bc66@group-578B8E91FA6A: changes role from      null to FOLLOWER at term 0 for startAsFollower
2019-09-26 09:56:48,540 [pool-37-thread-1] INFO  impl.RoleInfo (RoleInfo.java:updateAndGet(143)) - 9a4e3a28-262d-469e-99f7-286cb914bc66: start FollowerState
2019-09-26 09:56:48,540 [pool-37-thread-1] INFO  util.JmxRegister (JmxRegister.java:tryRegister(44)) - Successfully registered JMX Bean with object name Ratis:service=RaftServer,group=group-578B8E91FA6A,id=9a4e3a28-262d-469e-99f7-286cb914bc66
2019-09-26 09:56:48,547 [RatisPipelineUtilsThread] INFO  pipeline.PipelineStateManager (PipelineStateManager.java:addPipeline(56)) - Created pipeline Pipeline[ Id: ead60284-fbd0-4db2-99f1-578b8e91fa6a, Nodes: 9a4e3a28-262d-469e-99f7-286cb914bc66{ip: 192.168.30.13, host: pr-hdds-1569-wvzgm-824869521, networkLocation: /default-rack, certSerialId: null}, Type:RATIS, Factor:ONE, State:OPEN]
2019-09-26 09:56:48,547 [RatisPipelineUtilsThread] INFO  pipeline.PipelinePlacementPolicy (PipelinePlacementPolicy.java:meetCriteria(91)) - Pipeline Placement: can't place more pipeline on heavy datanode： 9a4e3a28-262d-469e-99f7-286cb914bc66 Heaviness: 6 limit: 5
2019-09-26 09:56:48,555 [grpc-default-executor-1] INFO  impl.RaftServerProxy (RaftServerProxy.java:addNew(89)) - c71d065e-fd25-4780-a7c8-fad2cb759771: addNew group-59131432D61E:[c71d065e-fd25-4780-a7c8-fad2cb759771:192.168.30.13:38931] returns group-59131432D61E:java.util.concurrent.CompletableFuture@3b8f6458[Not completed]
2019-09-26 09:56:48,557 [pool-47-thread-1] INFO  impl.RaftServerImpl (RaftServerImpl.java:<init>(95)) - c71d065e-fd25-4780-a7c8-fad2cb759771: new RaftServerImpl for group-59131432D61E:[c71d065e-fd25-4780-a7c8-fad2cb759771:192.168.30.13:38931] with ContainerStateMachine:uninitialized
2019-09-26 09:56:48,557 [pool-47-thread-1] INFO  server.RaftServerConfigKeys (ConfUtils.java:logGet(43)) - raft.server.rpc.timeout.min = 5s (custom)
2019-09-26 09:56:48,557 [pool-47-thread-1] INFO  server.RaftServerConfigKeys (ConfUtils.java:logGet(43)) - raft.server.rpc.timeout.max = 5200ms (custom)
2019-09-26 09:56:48,557 [pool-47-thread-1] INFO  server.RaftServerConfigKeys (ConfUtils.java:logGet(43)) - raft.server.rpcslowness.timeout = 120s (custom)
2019-09-26 09:56:48,557 [pool-47-thread-1] INFO  server.RaftServerConfigKeys (ConfUtils.java:logGet(43)) - raft.server.sleep.deviation.threshold = 300 (default)
2019-09-26 09:56:48,557 [pool-47-thread-1] INFO  server.RaftServerConfigKeys (ConfUtils.java:logGet(43)) - raft.server.log.appender.install.snapshot.enabled = false (custom)
2019-09-26 09:56:48,557 [pool-47-thread-1] INFO  impl.RaftServerImpl (ServerState.java:<init>(103)) - c71d065e-fd25-4780-a7c8-fad2cb759771@group-59131432D61E: ConfigurationManager, init=-1: [c71d065e-fd25-4780-a7c8-fad2cb759771:192.168.30.13:38931], old=null, confs=<EMPTY_MAP>
2019-09-26 09:56:48,557 [pool-47-thread-1] INFO  server.RaftServerConfigKeys (ConfUtils.java:logGet(43)) - raft.server.storage.dir = [/workdir/hadoop-ozone/integration-test/target/test-dir/MiniOzoneClusterImpl-90b94c19-38e3-4b62-8beb-5bce376b68a2/datanode-2/data/ratis] (custom)
2019-09-26 09:56:48,558 [pool-47-thread-1] INFO  storage.RaftStorageDirectory (RaftStorageDirectory.java:analyzeStorage(246)) - The storage directory /workdir/hadoop-ozone/integration-test/target/test-dir/MiniOzoneClusterImpl-90b94c19-38e3-4b62-8beb-5bce376b68a2/datanode-2/data/ratis/7ae3dd75-563f-4b8b-9b25-59131432d61e does not exist. Creating ...
2019-09-26 09:56:48,571 [pool-47-thread-1] INFO  storage.RaftStorageDirectory (RaftStorageDirectory.java:tryLock(328)) - Lock on /workdir/hadoop-ozone/integration-test/target/test-dir/MiniOzoneClusterImpl-90b94c19-38e3-4b62-8beb-5bce376b68a2/datanode-2/data/ratis/7ae3dd75-563f-4b8b-9b25-59131432d61e/in_use.lock acquired by nodename 18833@pr-hdds-1569-wvzgm-824869521
2019-09-26 09:56:48,583 [pool-47-thread-1] INFO  storage.RaftStorage (RaftStorage.java:format(72)) - Storage directory /workdir/hadoop-ozone/integration-test/target/test-dir/MiniOzoneClusterImpl-90b94c19-38e3-4b62-8beb-5bce376b68a2/datanode-2/data/ratis/7ae3dd75-563f-4b8b-9b25-59131432d61e has been successfully formatted.
2019-09-26 09:56:48,584 [pool-47-thread-1] INFO  ratis.ContainerStateMachine (ContainerStateMachine.java:loadSnapshot(230)) - group-59131432D61E: The snapshot info is null. Setting the last applied indexto:(t:0, i:~)
2019-09-26 09:56:48,584 [pool-47-thread-1] INFO  server.RaftServerConfigKeys (ConfUtils.java:logGet(43)) - raft.server.notification.no-leader.timeout = 120s (custom)
2019-09-26 09:56:48,584 [pool-47-thread-1] INFO  server.RaftServerConfigKeys (ConfUtils.java:logGet(43)) - raft.server.log.use.memory = false (default)
2019-09-26 09:56:48,584 [pool-47-thread-1] INFO  server.RaftServerConfigKeys (ConfUtils.java:logGet(43)) - raft.server.log.purge.gap = 1000000 (custom)
2019-09-26 09:56:48,584 [pool-47-thread-1] INFO  server.RaftServerConfigKeys (ConfUtils.java:logGet(43)) - raft.server.log.appender.buffer.byte-limit = 33554432 (custom)
2019-09-26 09:56:48,584 [pool-47-thread-1] INFO  server.RaftServerConfigKeys (ConfUtils.java:logGet(43)) - raft.server.log.segment.size.max = 1048576 (custom)
2019-09-26 09:56:48,584 [pool-47-thread-1] INFO  server.RaftServerConfigKeys (ConfUtils.java:logGet(43)) - raft.server.log.segment.cache.num.max = 2 (custom)
2019-09-26 09:56:48,584 [pool-47-thread-1] INFO  segmented.SegmentedRaftLogWorker (SegmentedRaftLogWorker.java:<init>(172)) - new c71d065e-fd25-4780-a7c8-fad2cb759771@group-59131432D61E-SegmentedRaftLogWorker for RaftStorage:Storage Directory /workdir/hadoop-ozone/integration-test/target/test-dir/MiniOzoneClusterImpl-90b94c19-38e3-4b62-8beb-5bce376b68a2/datanode-2/data/ratis/7ae3dd75-563f-4b8b-9b25-59131432d61e
2019-09-26 09:56:48,584 [pool-47-thread-1] INFO  server.RaftServerConfigKeys (ConfUtils.java:logGet(43)) - raft.server.log.queue.byte-limit = 2147483647 (custom)
2019-09-26 09:56:48,585 [pool-47-thread-1] INFO  server.RaftServerConfigKeys (ConfUtils.java:logGet(43)) - raft.server.log.queue.element-limit = 1024 (custom)
2019-09-26 09:56:48,585 [pool-47-thread-1] INFO  server.RaftServerConfigKeys (ConfUtils.java:logGet(43)) - raft.server.log.segment.size.max = 1048576 (custom)
2019-09-26 09:56:48,585 [pool-47-thread-1] INFO  server.RaftServerConfigKeys (ConfUtils.java:logGet(43)) - raft.server.log.preallocated.size = 16384 (custom)
2019-09-26 09:56:48,585 [pool-47-thread-1] INFO  server.RaftServerConfigKeys (ConfUtils.java:logGet(43)) - raft.server.log.write.buffer.size = 33554432 (custom)
2019-09-26 09:56:48,585 [pool-47-thread-1] INFO  server.RaftServerConfigKeys (ConfUtils.java:logGet(43)) - raft.server.log.force.sync.num = 128 (default)
2019-09-26 09:56:48,585 [pool-47-thread-1] INFO  server.RaftServerConfigKeys (ConfUtils.java:logGet(43)) - raft.server.log.statemachine.data.sync = true (default)
2019-09-26 09:56:48,585 [pool-47-thread-1] INFO  server.RaftServerConfigKeys (ConfUtils.java:logGet(43)) - raft.server.log.statemachine.data.sync.timeout = 10s (default)
2019-09-26 09:56:48,585 [pool-47-thread-1] INFO  server.RaftServerConfigKeys (ConfUtils.java:logGet(43)) - raft.server.log.statemachine.data.sync.timeout.retry = -1 (default)
2019-09-26 09:56:48,585 [pool-47-thread-1] INFO  server.RaftServerConfigKeys (ConfUtils.java:logGet(43)) - raft.server.log.statemachine.data.caching.enabled = true (custom)
2019-09-26 09:56:48,586 [pool-47-thread-1] INFO  segmented.SegmentedRaftLogWorker (SegmentedRaftLogWorker.java:lambda$new$0(132)) - c71d065e-fd25-4780-a7c8-fad2cb759771@group-59131432D61E-SegmentedRaftLogWorker: flushIndex: setUnconditionally 0 -> -1
2019-09-26 09:56:48,586 [pool-47-thread-1] INFO  server.RaftServerConfigKeys (ConfUtils.java:logGet(43)) - raft.server.snapshot.auto.trigger.enabled = true (custom)
2019-09-26 09:56:48,586 [pool-47-thread-1] INFO  server.RaftServerConfigKeys (ConfUtils.java:logGet(43)) - raft.server.snapshot.auto.trigger.threshold = 10000 (custom)
2019-09-26 09:56:48,586 [pool-47-thread-1] INFO  server.RaftServerConfigKeys (ConfUtils.java:logGet(43)) - raft.server.snapshot.retention.num.files = 5 (custom)
2019-09-26 09:56:48,586 [pool-47-thread-1] INFO  server.RaftServerConfigKeys (ConfUtils.java:logGet(43)) - raft.server.retrycache.expirytime = 600000ms (custom)
2019-09-26 09:56:48,588 [pool-47-thread-1] INFO  impl.RaftServerImpl (RaftServerImpl.java:start(185)) - c71d065e-fd25-4780-a7c8-fad2cb759771@group-59131432D61E: start as a follower, conf=-1: [c71d065e-fd25-4780-a7c8-fad2cb759771:192.168.30.13:38931], old=null
2019-09-26 09:56:48,589 [pool-47-thread-1] INFO  impl.RaftServerImpl (RaftServerImpl.java:setRole(174)) - c71d065e-fd25-4780-a7c8-fad2cb759771@group-59131432D61E: changes role from      null to FOLLOWER at term 0 for startAsFollower
2019-09-26 09:56:48,589 [pool-47-thread-1] INFO  impl.RoleInfo (RoleInfo.java:updateAndGet(143)) - c71d065e-fd25-4780-a7c8-fad2cb759771: start FollowerState
2019-09-26 09:56:48,589 [pool-47-thread-1] INFO  util.JmxRegister (JmxRegister.java:tryRegister(44)) - Successfully registered JMX Bean with object name Ratis:service=RaftServer,group=group-59131432D61E,id=c71d065e-fd25-4780-a7c8-fad2cb759771
2019-09-26 09:56:48,598 [RatisPipelineUtilsThread] INFO  pipeline.PipelineStateManager (PipelineStateManager.java:addPipeline(56)) - Created pipeline Pipeline[ Id: 7ae3dd75-563f-4b8b-9b25-59131432d61e, Nodes: c71d065e-fd25-4780-a7c8-fad2cb759771{ip: 192.168.30.13, host: pr-hdds-1569-wvzgm-824869521, networkLocation: /default-rack, certSerialId: null}, Type:RATIS, Factor:ONE, State:OPEN]
2019-09-26 09:56:48,598 [RatisPipelineUtilsThread] INFO  pipeline.PipelinePlacementPolicy (PipelinePlacementPolicy.java:meetCriteria(91)) - Pipeline Placement: can't place more pipeline on heavy datanode： 9a4e3a28-262d-469e-99f7-286cb914bc66 Heaviness: 6 limit: 5
2019-09-26 09:56:48,608 [grpc-default-executor-1] INFO  impl.RaftServerProxy (RaftServerProxy.java:addNew(89)) - 5acecdc3-9f7b-4d69-984a-a06ca9625c3b: addNew group-6DCF788B13A3:[5acecdc3-9f7b-4d69-984a-a06ca9625c3b:192.168.30.13:43435] returns group-6DCF788B13A3:java.util.concurrent.CompletableFuture@6b470a4b[Not completed]
2019-09-26 09:56:48,610 [pool-27-thread-1] INFO  impl.RaftServerImpl (RaftServerImpl.java:<init>(95)) - 5acecdc3-9f7b-4d69-984a-a06ca9625c3b: new RaftServerImpl for group-6DCF788B13A3:[5acecdc3-9f7b-4d69-984a-a06ca9625c3b:192.168.30.13:43435] with ContainerStateMachine:uninitialized
2019-09-26 09:56:48,610 [pool-27-thread-1] INFO  server.RaftServerConfigKeys (ConfUtils.java:logGet(43)) - raft.server.rpc.timeout.min = 5s (custom)
2019-09-26 09:56:48,610 [pool-27-thread-1] INFO  server.RaftServerConfigKeys (ConfUtils.java:logGet(43)) - raft.server.rpc.timeout.max = 5200ms (custom)
2019-09-26 09:56:48,610 [pool-27-thread-1] INFO  server.RaftServerConfigKeys (ConfUtils.java:logGet(43)) - raft.server.rpcslowness.timeout = 120s (custom)
2019-09-26 09:56:48,610 [pool-27-thread-1] INFO  server.RaftServerConfigKeys (ConfUtils.java:logGet(43)) - raft.server.sleep.deviation.threshold = 300 (default)
2019-09-26 09:56:48,610 [pool-27-thread-1] INFO  server.RaftServerConfigKeys (ConfUtils.java:logGet(43)) - raft.server.log.appender.install.snapshot.enabled = false (custom)
2019-09-26 09:56:48,610 [pool-27-thread-1] INFO  impl.RaftServerImpl (ServerState.java:<init>(103)) - 5acecdc3-9f7b-4d69-984a-a06ca9625c3b@group-6DCF788B13A3: ConfigurationManager, init=-1: [5acecdc3-9f7b-4d69-984a-a06ca9625c3b:192.168.30.13:43435], old=null, confs=<EMPTY_MAP>
2019-09-26 09:56:48,611 [pool-27-thread-1] INFO  server.RaftServerConfigKeys (ConfUtils.java:logGet(43)) - raft.server.storage.dir = [/workdir/hadoop-ozone/integration-test/target/test-dir/MiniOzoneClusterImpl-90b94c19-38e3-4b62-8beb-5bce376b68a2/datanode-0/data/ratis] (custom)
2019-09-26 09:56:48,611 [pool-27-thread-1] INFO  storage.RaftStorageDirectory (RaftStorageDirectory.java:analyzeStorage(246)) - The storage directory /workdir/hadoop-ozone/integration-test/target/test-dir/MiniOzoneClusterImpl-90b94c19-38e3-4b62-8beb-5bce376b68a2/datanode-0/data/ratis/fbb23949-7fa5-4f59-8858-6dcf788b13a3 does not exist. Creating ...
2019-09-26 09:56:48,621 [pool-27-thread-1] INFO  storage.RaftStorageDirectory (RaftStorageDirectory.java:tryLock(328)) - Lock on /workdir/hadoop-ozone/integration-test/target/test-dir/MiniOzoneClusterImpl-90b94c19-38e3-4b62-8beb-5bce376b68a2/datanode-0/data/ratis/fbb23949-7fa5-4f59-8858-6dcf788b13a3/in_use.lock acquired by nodename 18833@pr-hdds-1569-wvzgm-824869521
2019-09-26 09:56:48,634 [pool-27-thread-1] INFO  storage.RaftStorage (RaftStorage.java:format(72)) - Storage directory /workdir/hadoop-ozone/integration-test/target/test-dir/MiniOzoneClusterImpl-90b94c19-38e3-4b62-8beb-5bce376b68a2/datanode-0/data/ratis/fbb23949-7fa5-4f59-8858-6dcf788b13a3 has been successfully formatted.
2019-09-26 09:56:48,635 [pool-27-thread-1] INFO  ratis.ContainerStateMachine (ContainerStateMachine.java:loadSnapshot(230)) - group-6DCF788B13A3: The snapshot info is null. Setting the last applied indexto:(t:0, i:~)
2019-09-26 09:56:48,635 [pool-27-thread-1] INFO  server.RaftServerConfigKeys (ConfUtils.java:logGet(43)) - raft.server.notification.no-leader.timeout = 120s (custom)
2019-09-26 09:56:48,635 [pool-27-thread-1] INFO  server.RaftServerConfigKeys (ConfUtils.java:logGet(43)) - raft.server.log.use.memory = false (default)
2019-09-26 09:56:48,635 [pool-27-thread-1] INFO  server.RaftServerConfigKeys (ConfUtils.java:logGet(43)) - raft.server.log.purge.gap = 1000000 (custom)
2019-09-26 09:56:48,635 [pool-27-thread-1] INFO  server.RaftServerConfigKeys (ConfUtils.java:logGet(43)) - raft.server.log.appender.buffer.byte-limit = 33554432 (custom)
2019-09-26 09:56:48,635 [pool-27-thread-1] INFO  server.RaftServerConfigKeys (ConfUtils.java:logGet(43)) - raft.server.log.segment.size.max = 1048576 (custom)
2019-09-26 09:56:48,635 [pool-27-thread-1] INFO  server.RaftServerConfigKeys (ConfUtils.java:logGet(43)) - raft.server.log.segment.cache.num.max = 2 (custom)
2019-09-26 09:56:48,635 [pool-27-thread-1] INFO  segmented.SegmentedRaftLogWorker (SegmentedRaftLogWorker.java:<init>(172)) - new 5acecdc3-9f7b-4d69-984a-a06ca9625c3b@group-6DCF788B13A3-SegmentedRaftLogWorker for RaftStorage:Storage Directory /workdir/hadoop-ozone/integration-test/target/test-dir/MiniOzoneClusterImpl-90b94c19-38e3-4b62-8beb-5bce376b68a2/datanode-0/data/ratis/fbb23949-7fa5-4f59-8858-6dcf788b13a3
2019-09-26 09:56:48,636 [pool-27-thread-1] INFO  server.RaftServerConfigKeys (ConfUtils.java:logGet(43)) - raft.server.log.queue.byte-limit = 2147483647 (custom)
2019-09-26 09:56:48,636 [pool-27-thread-1] INFO  server.RaftServerConfigKeys (ConfUtils.java:logGet(43)) - raft.server.log.queue.element-limit = 1024 (custom)
2019-09-26 09:56:48,636 [pool-27-thread-1] INFO  server.RaftServerConfigKeys (ConfUtils.java:logGet(43)) - raft.server.log.segment.size.max = 1048576 (custom)
2019-09-26 09:56:48,636 [pool-27-thread-1] INFO  server.RaftServerConfigKeys (ConfUtils.java:logGet(43)) - raft.server.log.preallocated.size = 16384 (custom)
2019-09-26 09:56:48,636 [pool-27-thread-1] INFO  server.RaftServerConfigKeys (ConfUtils.java:logGet(43)) - raft.server.log.write.buffer.size = 33554432 (custom)
2019-09-26 09:56:48,636 [pool-27-thread-1] INFO  server.RaftServerConfigKeys (ConfUtils.java:logGet(43)) - raft.server.log.force.sync.num = 128 (default)
2019-09-26 09:56:48,636 [pool-27-thread-1] INFO  server.RaftServerConfigKeys (ConfUtils.java:logGet(43)) - raft.server.log.statemachine.data.sync = true (default)
2019-09-26 09:56:48,636 [pool-27-thread-1] INFO  server.RaftServerConfigKeys (ConfUtils.java:logGet(43)) - raft.server.log.statemachine.data.sync.timeout = 10s (default)
2019-09-26 09:56:48,636 [pool-27-thread-1] INFO  server.RaftServerConfigKeys (ConfUtils.java:logGet(43)) - raft.server.log.statemachine.data.sync.timeout.retry = -1 (default)
2019-09-26 09:56:48,637 [pool-27-thread-1] INFO  server.RaftServerConfigKeys (ConfUtils.java:logGet(43)) - raft.server.log.statemachine.data.caching.enabled = true (custom)
2019-09-26 09:56:48,637 [pool-27-thread-1] INFO  segmented.SegmentedRaftLogWorker (SegmentedRaftLogWorker.java:lambda$new$0(132)) - 5acecdc3-9f7b-4d69-984a-a06ca9625c3b@group-6DCF788B13A3-SegmentedRaftLogWorker: flushIndex: setUnconditionally 0 -> -1
2019-09-26 09:56:48,637 [pool-27-thread-1] INFO  server.RaftServerConfigKeys (ConfUtils.java:logGet(43)) - raft.server.snapshot.auto.trigger.enabled = true (custom)
2019-09-26 09:56:48,637 [pool-27-thread-1] INFO  server.RaftServerConfigKeys (ConfUtils.java:logGet(43)) - raft.server.snapshot.auto.trigger.threshold = 10000 (custom)
2019-09-26 09:56:48,637 [pool-27-thread-1] INFO  server.RaftServerConfigKeys (ConfUtils.java:logGet(43)) - raft.server.snapshot.retention.num.files = 5 (custom)
2019-09-26 09:56:48,638 [pool-27-thread-1] INFO  server.RaftServerConfigKeys (ConfUtils.java:logGet(43)) - raft.server.retrycache.expirytime = 600000ms (custom)
2019-09-26 09:56:48,640 [pool-27-thread-1] INFO  impl.RaftServerImpl (RaftServerImpl.java:start(185)) - 5acecdc3-9f7b-4d69-984a-a06ca9625c3b@group-6DCF788B13A3: start as a follower, conf=-1: [5acecdc3-9f7b-4d69-984a-a06ca9625c3b:192.168.30.13:43435], old=null
2019-09-26 09:56:48,640 [pool-27-thread-1] INFO  impl.RaftServerImpl (RaftServerImpl.java:setRole(174)) - 5acecdc3-9f7b-4d69-984a-a06ca9625c3b@group-6DCF788B13A3: changes role from      null to FOLLOWER at term 0 for startAsFollower
2019-09-26 09:56:48,640 [pool-27-thread-1] INFO  impl.RoleInfo (RoleInfo.java:updateAndGet(143)) - 5acecdc3-9f7b-4d69-984a-a06ca9625c3b: start FollowerState
2019-09-26 09:56:48,640 [pool-27-thread-1] INFO  util.JmxRegister (JmxRegister.java:tryRegister(44)) - Successfully registered JMX Bean with object name Ratis:service=RaftServer,group=group-6DCF788B13A3,id=5acecdc3-9f7b-4d69-984a-a06ca9625c3b
2019-09-26 09:56:48,644 [RatisPipelineUtilsThread] INFO  pipeline.PipelineStateManager (PipelineStateManager.java:addPipeline(56)) - Created pipeline Pipeline[ Id: fbb23949-7fa5-4f59-8858-6dcf788b13a3, Nodes: 5acecdc3-9f7b-4d69-984a-a06ca9625c3b{ip: 192.168.30.13, host: pr-hdds-1569-wvzgm-824869521, networkLocation: /default-rack, certSerialId: null}, Type:RATIS, Factor:ONE, State:OPEN]
2019-09-26 09:56:48,645 [RatisPipelineUtilsThread] INFO  pipeline.PipelinePlacementPolicy (PipelinePlacementPolicy.java:meetCriteria(91)) - Pipeline Placement: can't place more pipeline on heavy datanode： 9a4e3a28-262d-469e-99f7-286cb914bc66 Heaviness: 6 limit: 5
2019-09-26 09:56:48,655 [grpc-default-executor-1] INFO  impl.RaftServerProxy (RaftServerProxy.java:addNew(89)) - c71d065e-fd25-4780-a7c8-fad2cb759771: addNew group-1FDEDA0933E1:[c71d065e-fd25-4780-a7c8-fad2cb759771:192.168.30.13:38931] returns group-1FDEDA0933E1:java.util.concurrent.CompletableFuture@43c83fd[Not completed]
2019-09-26 09:56:48,657 [pool-47-thread-1] INFO  impl.RaftServerImpl (RaftServerImpl.java:<init>(95)) - c71d065e-fd25-4780-a7c8-fad2cb759771: new RaftServerImpl for group-1FDEDA0933E1:[c71d065e-fd25-4780-a7c8-fad2cb759771:192.168.30.13:38931] with ContainerStateMachine:uninitialized
2019-09-26 09:56:48,657 [pool-47-thread-1] INFO  server.RaftServerConfigKeys (ConfUtils.java:logGet(43)) - raft.server.rpc.timeout.min = 5s (custom)
2019-09-26 09:56:48,657 [pool-47-thread-1] INFO  server.RaftServerConfigKeys (ConfUtils.java:logGet(43)) - raft.server.rpc.timeout.max = 5200ms (custom)
2019-09-26 09:56:48,657 [pool-47-thread-1] INFO  server.RaftServerConfigKeys (ConfUtils.java:logGet(43)) - raft.server.rpcslowness.timeout = 120s (custom)
2019-09-26 09:56:48,658 [pool-47-thread-1] INFO  server.RaftServerConfigKeys (ConfUtils.java:logGet(43)) - raft.server.sleep.deviation.threshold = 300 (default)
2019-09-26 09:56:48,658 [pool-47-thread-1] INFO  server.RaftServerConfigKeys (ConfUtils.java:logGet(43)) - raft.server.log.appender.install.snapshot.enabled = false (custom)
2019-09-26 09:56:48,658 [pool-47-thread-1] INFO  impl.RaftServerImpl (ServerState.java:<init>(103)) - c71d065e-fd25-4780-a7c8-fad2cb759771@group-1FDEDA0933E1: ConfigurationManager, init=-1: [c71d065e-fd25-4780-a7c8-fad2cb759771:192.168.30.13:38931], old=null, confs=<EMPTY_MAP>
2019-09-26 09:56:48,658 [pool-47-thread-1] INFO  server.RaftServerConfigKeys (ConfUtils.java:logGet(43)) - raft.server.storage.dir = [/workdir/hadoop-ozone/integration-test/target/test-dir/MiniOzoneClusterImpl-90b94c19-38e3-4b62-8beb-5bce376b68a2/datanode-2/data/ratis] (custom)
2019-09-26 09:56:48,659 [pool-47-thread-1] INFO  storage.RaftStorageDirectory (RaftStorageDirectory.java:analyzeStorage(246)) - The storage directory /workdir/hadoop-ozone/integration-test/target/test-dir/MiniOzoneClusterImpl-90b94c19-38e3-4b62-8beb-5bce376b68a2/datanode-2/data/ratis/d73a3f3b-272e-4432-86ce-1fdeda0933e1 does not exist. Creating ...
2019-09-26 09:56:48,671 [pool-47-thread-1] INFO  storage.RaftStorageDirectory (RaftStorageDirectory.java:tryLock(328)) - Lock on /workdir/hadoop-ozone/integration-test/target/test-dir/MiniOzoneClusterImpl-90b94c19-38e3-4b62-8beb-5bce376b68a2/datanode-2/data/ratis/d73a3f3b-272e-4432-86ce-1fdeda0933e1/in_use.lock acquired by nodename 18833@pr-hdds-1569-wvzgm-824869521
2019-09-26 09:56:48,685 [pool-47-thread-1] INFO  storage.RaftStorage (RaftStorage.java:format(72)) - Storage directory /workdir/hadoop-ozone/integration-test/target/test-dir/MiniOzoneClusterImpl-90b94c19-38e3-4b62-8beb-5bce376b68a2/datanode-2/data/ratis/d73a3f3b-272e-4432-86ce-1fdeda0933e1 has been successfully formatted.
2019-09-26 09:56:48,685 [pool-47-thread-1] INFO  ratis.ContainerStateMachine (ContainerStateMachine.java:loadSnapshot(230)) - group-1FDEDA0933E1: The snapshot info is null. Setting the last applied indexto:(t:0, i:~)
2019-09-26 09:56:48,685 [pool-47-thread-1] INFO  server.RaftServerConfigKeys (ConfUtils.java:logGet(43)) - raft.server.notification.no-leader.timeout = 120s (custom)
2019-09-26 09:56:48,686 [pool-47-thread-1] INFO  server.RaftServerConfigKeys (ConfUtils.java:logGet(43)) - raft.server.log.use.memory = false (default)
2019-09-26 09:56:48,686 [pool-47-thread-1] INFO  server.RaftServerConfigKeys (ConfUtils.java:logGet(43)) - raft.server.log.purge.gap = 1000000 (custom)
2019-09-26 09:56:48,686 [pool-47-thread-1] INFO  server.RaftServerConfigKeys (ConfUtils.java:logGet(43)) - raft.server.log.appender.buffer.byte-limit = 33554432 (custom)
2019-09-26 09:56:48,686 [pool-47-thread-1] INFO  server.RaftServerConfigKeys (ConfUtils.java:logGet(43)) - raft.server.log.segment.size.max = 1048576 (custom)
2019-09-26 09:56:48,686 [pool-47-thread-1] INFO  server.RaftServerConfigKeys (ConfUtils.java:logGet(43)) - raft.server.log.segment.cache.num.max = 2 (custom)
2019-09-26 09:56:48,687 [pool-47-thread-1] INFO  segmented.SegmentedRaftLogWorker (SegmentedRaftLogWorker.java:<init>(172)) - new c71d065e-fd25-4780-a7c8-fad2cb759771@group-1FDEDA0933E1-SegmentedRaftLogWorker for RaftStorage:Storage Directory /workdir/hadoop-ozone/integration-test/target/test-dir/MiniOzoneClusterImpl-90b94c19-38e3-4b62-8beb-5bce376b68a2/datanode-2/data/ratis/d73a3f3b-272e-4432-86ce-1fdeda0933e1
2019-09-26 09:56:48,687 [pool-47-thread-1] INFO  server.RaftServerConfigKeys (ConfUtils.java:logGet(43)) - raft.server.log.queue.byte-limit = 2147483647 (custom)
2019-09-26 09:56:48,687 [pool-47-thread-1] INFO  server.RaftServerConfigKeys (ConfUtils.java:logGet(43)) - raft.server.log.queue.element-limit = 1024 (custom)
2019-09-26 09:56:48,687 [pool-47-thread-1] INFO  server.RaftServerConfigKeys (ConfUtils.java:logGet(43)) - raft.server.log.segment.size.max = 1048576 (custom)
2019-09-26 09:56:48,687 [pool-47-thread-1] INFO  server.RaftServerConfigKeys (ConfUtils.java:logGet(43)) - raft.server.log.preallocated.size = 16384 (custom)
2019-09-26 09:56:48,688 [pool-47-thread-1] INFO  server.RaftServerConfigKeys (ConfUtils.java:logGet(43)) - raft.server.log.write.buffer.size = 33554432 (custom)
2019-09-26 09:56:48,688 [pool-47-thread-1] INFO  server.RaftServerConfigKeys (ConfUtils.java:logGet(43)) - raft.server.log.force.sync.num = 128 (default)
2019-09-26 09:56:48,688 [pool-47-thread-1] INFO  server.RaftServerConfigKeys (ConfUtils.java:logGet(43)) - raft.server.log.statemachine.data.sync = true (default)
2019-09-26 09:56:48,688 [pool-47-thread-1] INFO  server.RaftServerConfigKeys (ConfUtils.java:logGet(43)) - raft.server.log.statemachine.data.sync.timeout = 10s (default)
2019-09-26 09:56:48,688 [pool-47-thread-1] INFO  server.RaftServerConfigKeys (ConfUtils.java:logGet(43)) - raft.server.log.statemachine.data.sync.timeout.retry = -1 (default)
2019-09-26 09:56:48,689 [pool-47-thread-1] INFO  server.RaftServerConfigKeys (ConfUtils.java:logGet(43)) - raft.server.log.statemachine.data.caching.enabled = true (custom)
2019-09-26 09:56:48,689 [pool-47-thread-1] INFO  segmented.SegmentedRaftLogWorker (SegmentedRaftLogWorker.java:lambda$new$0(132)) - c71d065e-fd25-4780-a7c8-fad2cb759771@group-1FDEDA0933E1-SegmentedRaftLogWorker: flushIndex: setUnconditionally 0 -> -1
2019-09-26 09:56:48,690 [pool-47-thread-1] INFO  server.RaftServerConfigKeys (ConfUtils.java:logGet(43)) - raft.server.snapshot.auto.trigger.enabled = true (custom)
2019-09-26 09:56:48,690 [pool-47-thread-1] INFO  server.RaftServerConfigKeys (ConfUtils.java:logGet(43)) - raft.server.snapshot.auto.trigger.threshold = 10000 (custom)
2019-09-26 09:56:48,690 [pool-47-thread-1] INFO  server.RaftServerConfigKeys (ConfUtils.java:logGet(43)) - raft.server.snapshot.retention.num.files = 5 (custom)
2019-09-26 09:56:48,690 [pool-47-thread-1] INFO  server.RaftServerConfigKeys (ConfUtils.java:logGet(43)) - raft.server.retrycache.expirytime = 600000ms (custom)
2019-09-26 09:56:48,694 [pool-47-thread-1] INFO  impl.RaftServerImpl (RaftServerImpl.java:start(185)) - c71d065e-fd25-4780-a7c8-fad2cb759771@group-1FDEDA0933E1: start as a follower, conf=-1: [c71d065e-fd25-4780-a7c8-fad2cb759771:192.168.30.13:38931], old=null
2019-09-26 09:56:48,694 [pool-47-thread-1] INFO  impl.RaftServerImpl (RaftServerImpl.java:setRole(174)) - c71d065e-fd25-4780-a7c8-fad2cb759771@group-1FDEDA0933E1: changes role from      null to FOLLOWER at term 0 for startAsFollower
2019-09-26 09:56:48,694 [pool-47-thread-1] INFO  impl.RoleInfo (RoleInfo.java:updateAndGet(143)) - c71d065e-fd25-4780-a7c8-fad2cb759771: start FollowerState
2019-09-26 09:56:48,695 [pool-47-thread-1] INFO  util.JmxRegister (JmxRegister.java:tryRegister(44)) - Successfully registered JMX Bean with object name Ratis:service=RaftServer,group=group-1FDEDA0933E1,id=c71d065e-fd25-4780-a7c8-fad2cb759771
2019-09-26 09:56:48,700 [RatisPipelineUtilsThread] INFO  pipeline.PipelineStateManager (PipelineStateManager.java:addPipeline(56)) - Created pipeline Pipeline[ Id: d73a3f3b-272e-4432-86ce-1fdeda0933e1, Nodes: c71d065e-fd25-4780-a7c8-fad2cb759771{ip: 192.168.30.13, host: pr-hdds-1569-wvzgm-824869521, networkLocation: /default-rack, certSerialId: null}, Type:RATIS, Factor:ONE, State:OPEN]
2019-09-26 09:56:48,700 [RatisPipelineUtilsThread] INFO  pipeline.PipelinePlacementPolicy (PipelinePlacementPolicy.java:meetCriteria(91)) - Pipeline Placement: can't place more pipeline on heavy datanode： 9a4e3a28-262d-469e-99f7-286cb914bc66 Heaviness: 6 limit: 5
2019-09-26 09:56:48,713 [grpc-default-executor-1] INFO  impl.RaftServerProxy (RaftServerProxy.java:addNew(89)) - 5acecdc3-9f7b-4d69-984a-a06ca9625c3b: addNew group-9BFA86016293:[5acecdc3-9f7b-4d69-984a-a06ca9625c3b:192.168.30.13:43435] returns group-9BFA86016293:java.util.concurrent.CompletableFuture@2c2fb7b4[Not completed]
2019-09-26 09:56:48,715 [pool-27-thread-1] INFO  impl.RaftServerImpl (RaftServerImpl.java:<init>(95)) - 5acecdc3-9f7b-4d69-984a-a06ca9625c3b: new RaftServerImpl for group-9BFA86016293:[5acecdc3-9f7b-4d69-984a-a06ca9625c3b:192.168.30.13:43435] with ContainerStateMachine:uninitialized
2019-09-26 09:56:48,715 [pool-27-thread-1] INFO  server.RaftServerConfigKeys (ConfUtils.java:logGet(43)) - raft.server.rpc.timeout.min = 5s (custom)
2019-09-26 09:56:48,715 [pool-27-thread-1] INFO  server.RaftServerConfigKeys (ConfUtils.java:logGet(43)) - raft.server.rpc.timeout.max = 5200ms (custom)
2019-09-26 09:56:48,715 [pool-27-thread-1] INFO  server.RaftServerConfigKeys (ConfUtils.java:logGet(43)) - raft.server.rpcslowness.timeout = 120s (custom)
2019-09-26 09:56:48,715 [pool-27-thread-1] INFO  server.RaftServerConfigKeys (ConfUtils.java:logGet(43)) - raft.server.sleep.deviation.threshold = 300 (default)
2019-09-26 09:56:48,715 [pool-27-thread-1] INFO  server.RaftServerConfigKeys (ConfUtils.java:logGet(43)) - raft.server.log.appender.install.snapshot.enabled = false (custom)
2019-09-26 09:56:48,715 [pool-27-thread-1] INFO  impl.RaftServerImpl (ServerState.java:<init>(103)) - 5acecdc3-9f7b-4d69-984a-a06ca9625c3b@group-9BFA86016293: ConfigurationManager, init=-1: [5acecdc3-9f7b-4d69-984a-a06ca9625c3b:192.168.30.13:43435], old=null, confs=<EMPTY_MAP>
2019-09-26 09:56:48,715 [pool-27-thread-1] INFO  server.RaftServerConfigKeys (ConfUtils.java:logGet(43)) - raft.server.storage.dir = [/workdir/hadoop-ozone/integration-test/target/test-dir/MiniOzoneClusterImpl-90b94c19-38e3-4b62-8beb-5bce376b68a2/datanode-0/data/ratis] (custom)
2019-09-26 09:56:48,716 [pool-27-thread-1] INFO  storage.RaftStorageDirectory (RaftStorageDirectory.java:analyzeStorage(246)) - The storage directory /workdir/hadoop-ozone/integration-test/target/test-dir/MiniOzoneClusterImpl-90b94c19-38e3-4b62-8beb-5bce376b68a2/datanode-0/data/ratis/dab3a3d6-2f29-4f38-8da4-9bfa86016293 does not exist. Creating ...
2019-09-26 09:56:48,721 [pool-27-thread-1] INFO  storage.RaftStorageDirectory (RaftStorageDirectory.java:tryLock(328)) - Lock on /workdir/hadoop-ozone/integration-test/target/test-dir/MiniOzoneClusterImpl-90b94c19-38e3-4b62-8beb-5bce376b68a2/datanode-0/data/ratis/dab3a3d6-2f29-4f38-8da4-9bfa86016293/in_use.lock acquired by nodename 18833@pr-hdds-1569-wvzgm-824869521
2019-09-26 09:56:48,735 [pool-27-thread-1] INFO  storage.RaftStorage (RaftStorage.java:format(72)) - Storage directory /workdir/hadoop-ozone/integration-test/target/test-dir/MiniOzoneClusterImpl-90b94c19-38e3-4b62-8beb-5bce376b68a2/datanode-0/data/ratis/dab3a3d6-2f29-4f38-8da4-9bfa86016293 has been successfully formatted.
2019-09-26 09:56:48,735 [pool-27-thread-1] INFO  ratis.ContainerStateMachine (ContainerStateMachine.java:loadSnapshot(230)) - group-9BFA86016293: The snapshot info is null. Setting the last applied indexto:(t:0, i:~)
2019-09-26 09:56:48,735 [pool-27-thread-1] INFO  server.RaftServerConfigKeys (ConfUtils.java:logGet(43)) - raft.server.notification.no-leader.timeout = 120s (custom)
2019-09-26 09:56:48,735 [pool-27-thread-1] INFO  server.RaftServerConfigKeys (ConfUtils.java:logGet(43)) - raft.server.log.use.memory = false (default)
2019-09-26 09:56:48,736 [pool-27-thread-1] INFO  server.RaftServerConfigKeys (ConfUtils.java:logGet(43)) - raft.server.log.purge.gap = 1000000 (custom)
2019-09-26 09:56:48,736 [pool-27-thread-1] INFO  server.RaftServerConfigKeys (ConfUtils.java:logGet(43)) - raft.server.log.appender.buffer.byte-limit = 33554432 (custom)
2019-09-26 09:56:48,736 [pool-27-thread-1] INFO  server.RaftServerConfigKeys (ConfUtils.java:logGet(43)) - raft.server.log.segment.size.max = 1048576 (custom)
2019-09-26 09:56:48,736 [pool-27-thread-1] INFO  server.RaftServerConfigKeys (ConfUtils.java:logGet(43)) - raft.server.log.segment.cache.num.max = 2 (custom)
2019-09-26 09:56:48,736 [pool-27-thread-1] INFO  segmented.SegmentedRaftLogWorker (SegmentedRaftLogWorker.java:<init>(172)) - new 5acecdc3-9f7b-4d69-984a-a06ca9625c3b@group-9BFA86016293-SegmentedRaftLogWorker for RaftStorage:Storage Directory /workdir/hadoop-ozone/integration-test/target/test-dir/MiniOzoneClusterImpl-90b94c19-38e3-4b62-8beb-5bce376b68a2/datanode-0/data/ratis/dab3a3d6-2f29-4f38-8da4-9bfa86016293
2019-09-26 09:56:48,736 [pool-27-thread-1] INFO  server.RaftServerConfigKeys (ConfUtils.java:logGet(43)) - raft.server.log.queue.byte-limit = 2147483647 (custom)
2019-09-26 09:56:48,736 [pool-27-thread-1] INFO  server.RaftServerConfigKeys (ConfUtils.java:logGet(43)) - raft.server.log.queue.element-limit = 1024 (custom)
2019-09-26 09:56:48,736 [pool-27-thread-1] INFO  server.RaftServerConfigKeys (ConfUtils.java:logGet(43)) - raft.server.log.segment.size.max = 1048576 (custom)
2019-09-26 09:56:48,736 [pool-27-thread-1] INFO  server.RaftServerConfigKeys (ConfUtils.java:logGet(43)) - raft.server.log.preallocated.size = 16384 (custom)
2019-09-26 09:56:48,737 [pool-27-thread-1] INFO  server.RaftServerConfigKeys (ConfUtils.java:logGet(43)) - raft.server.log.write.buffer.size = 33554432 (custom)
2019-09-26 09:56:48,737 [pool-27-thread-1] INFO  server.RaftServerConfigKeys (ConfUtils.java:logGet(43)) - raft.server.log.force.sync.num = 128 (default)
2019-09-26 09:56:48,737 [pool-27-thread-1] INFO  server.RaftServerConfigKeys (ConfUtils.java:logGet(43)) - raft.server.log.statemachine.data.sync = true (default)
2019-09-26 09:56:48,737 [pool-27-thread-1] INFO  server.RaftServerConfigKeys (ConfUtils.java:logGet(43)) - raft.server.log.statemachine.data.sync.timeout = 10s (default)
2019-09-26 09:56:48,737 [pool-27-thread-1] INFO  server.RaftServerConfigKeys (ConfUtils.java:logGet(43)) - raft.server.log.statemachine.data.sync.timeout.retry = -1 (default)
2019-09-26 09:56:48,737 [pool-27-thread-1] INFO  server.RaftServerConfigKeys (ConfUtils.java:logGet(43)) - raft.server.log.statemachine.data.caching.enabled = true (custom)
2019-09-26 09:56:48,738 [pool-27-thread-1] INFO  segmented.SegmentedRaftLogWorker (SegmentedRaftLogWorker.java:lambda$new$0(132)) - 5acecdc3-9f7b-4d69-984a-a06ca9625c3b@group-9BFA86016293-SegmentedRaftLogWorker: flushIndex: setUnconditionally 0 -> -1
2019-09-26 09:56:48,738 [pool-27-thread-1] INFO  server.RaftServerConfigKeys (ConfUtils.java:logGet(43)) - raft.server.snapshot.auto.trigger.enabled = true (custom)
2019-09-26 09:56:48,738 [pool-27-thread-1] INFO  server.RaftServerConfigKeys (ConfUtils.java:logGet(43)) - raft.server.snapshot.auto.trigger.threshold = 10000 (custom)
2019-09-26 09:56:48,738 [pool-27-thread-1] INFO  server.RaftServerConfigKeys (ConfUtils.java:logGet(43)) - raft.server.snapshot.retention.num.files = 5 (custom)
2019-09-26 09:56:48,738 [pool-27-thread-1] INFO  server.RaftServerConfigKeys (ConfUtils.java:logGet(43)) - raft.server.retrycache.expirytime = 600000ms (custom)
2019-09-26 09:56:48,741 [pool-27-thread-1] INFO  impl.RaftServerImpl (RaftServerImpl.java:start(185)) - 5acecdc3-9f7b-4d69-984a-a06ca9625c3b@group-9BFA86016293: start as a follower, conf=-1: [5acecdc3-9f7b-4d69-984a-a06ca9625c3b:192.168.30.13:43435], old=null
2019-09-26 09:56:48,741 [pool-27-thread-1] INFO  impl.RaftServerImpl (RaftServerImpl.java:setRole(174)) - 5acecdc3-9f7b-4d69-984a-a06ca9625c3b@group-9BFA86016293: changes role from      null to FOLLOWER at term 0 for startAsFollower
2019-09-26 09:56:48,741 [pool-27-thread-1] INFO  impl.RoleInfo (RoleInfo.java:updateAndGet(143)) - 5acecdc3-9f7b-4d69-984a-a06ca9625c3b: start FollowerState
2019-09-26 09:56:48,741 [pool-27-thread-1] INFO  util.JmxRegister (JmxRegister.java:tryRegister(44)) - Successfully registered JMX Bean with object name Ratis:service=RaftServer,group=group-9BFA86016293,id=5acecdc3-9f7b-4d69-984a-a06ca9625c3b
2019-09-26 09:56:48,746 [RatisPipelineUtilsThread] INFO  pipeline.PipelineStateManager (PipelineStateManager.java:addPipeline(56)) - Created pipeline Pipeline[ Id: dab3a3d6-2f29-4f38-8da4-9bfa86016293, Nodes: 5acecdc3-9f7b-4d69-984a-a06ca9625c3b{ip: 192.168.30.13, host: pr-hdds-1569-wvzgm-824869521, networkLocation: /default-rack, certSerialId: null}, Type:RATIS, Factor:ONE, State:OPEN]
2019-09-26 09:56:48,746 [RatisPipelineUtilsThread] INFO  pipeline.PipelinePlacementPolicy (PipelinePlacementPolicy.java:meetCriteria(91)) - Pipeline Placement: can't place more pipeline on heavy datanode： 5acecdc3-9f7b-4d69-984a-a06ca9625c3b Heaviness: 6 limit: 5
2019-09-26 09:56:48,746 [RatisPipelineUtilsThread] INFO  pipeline.PipelinePlacementPolicy (PipelinePlacementPolicy.java:meetCriteria(91)) - Pipeline Placement: can't place more pipeline on heavy datanode： 9a4e3a28-262d-469e-99f7-286cb914bc66 Heaviness: 6 limit: 5
2019-09-26 09:56:48,753 [grpc-default-executor-1] INFO  impl.RaftServerProxy (RaftServerProxy.java:addNew(89)) - c71d065e-fd25-4780-a7c8-fad2cb759771: addNew group-8962BBA48367:[c71d065e-fd25-4780-a7c8-fad2cb759771:192.168.30.13:38931] returns group-8962BBA48367:java.util.concurrent.CompletableFuture@4d67730e[Not completed]
2019-09-26 09:56:48,755 [pool-47-thread-1] INFO  impl.RaftServerImpl (RaftServerImpl.java:<init>(95)) - c71d065e-fd25-4780-a7c8-fad2cb759771: new RaftServerImpl for group-8962BBA48367:[c71d065e-fd25-4780-a7c8-fad2cb759771:192.168.30.13:38931] with ContainerStateMachine:uninitialized
2019-09-26 09:56:48,756 [pool-47-thread-1] INFO  server.RaftServerConfigKeys (ConfUtils.java:logGet(43)) - raft.server.rpc.timeout.min = 5s (custom)
2019-09-26 09:56:48,756 [pool-47-thread-1] INFO  server.RaftServerConfigKeys (ConfUtils.java:logGet(43)) - raft.server.rpc.timeout.max = 5200ms (custom)
2019-09-26 09:56:48,756 [pool-47-thread-1] INFO  server.RaftServerConfigKeys (ConfUtils.java:logGet(43)) - raft.server.rpcslowness.timeout = 120s (custom)
2019-09-26 09:56:48,756 [pool-47-thread-1] INFO  server.RaftServerConfigKeys (ConfUtils.java:logGet(43)) - raft.server.sleep.deviation.threshold = 300 (default)
2019-09-26 09:56:48,756 [pool-47-thread-1] INFO  server.RaftServerConfigKeys (ConfUtils.java:logGet(43)) - raft.server.log.appender.install.snapshot.enabled = false (custom)
2019-09-26 09:56:48,757 [pool-47-thread-1] INFO  impl.RaftServerImpl (ServerState.java:<init>(103)) - c71d065e-fd25-4780-a7c8-fad2cb759771@group-8962BBA48367: ConfigurationManager, init=-1: [c71d065e-fd25-4780-a7c8-fad2cb759771:192.168.30.13:38931], old=null, confs=<EMPTY_MAP>
2019-09-26 09:56:48,757 [pool-47-thread-1] INFO  server.RaftServerConfigKeys (ConfUtils.java:logGet(43)) - raft.server.storage.dir = [/workdir/hadoop-ozone/integration-test/target/test-dir/MiniOzoneClusterImpl-90b94c19-38e3-4b62-8beb-5bce376b68a2/datanode-2/data/ratis] (custom)
2019-09-26 09:56:48,757 [pool-47-thread-1] INFO  storage.RaftStorageDirectory (RaftStorageDirectory.java:analyzeStorage(246)) - The storage directory /workdir/hadoop-ozone/integration-test/target/test-dir/MiniOzoneClusterImpl-90b94c19-38e3-4b62-8beb-5bce376b68a2/datanode-2/data/ratis/ac467e19-e7d8-4a8d-8f1b-8962bba48367 does not exist. Creating ...
2019-09-26 09:56:49,042 [pool-47-thread-1] INFO  storage.RaftStorageDirectory (RaftStorageDirectory.java:tryLock(328)) - Lock on /workdir/hadoop-ozone/integration-test/target/test-dir/MiniOzoneClusterImpl-90b94c19-38e3-4b62-8beb-5bce376b68a2/datanode-2/data/ratis/ac467e19-e7d8-4a8d-8f1b-8962bba48367/in_use.lock acquired by nodename 18833@pr-hdds-1569-wvzgm-824869521
2019-09-26 09:56:49,057 [pool-47-thread-1] INFO  storage.RaftStorage (RaftStorage.java:format(72)) - Storage directory /workdir/hadoop-ozone/integration-test/target/test-dir/MiniOzoneClusterImpl-90b94c19-38e3-4b62-8beb-5bce376b68a2/datanode-2/data/ratis/ac467e19-e7d8-4a8d-8f1b-8962bba48367 has been successfully formatted.
2019-09-26 09:56:49,057 [pool-47-thread-1] INFO  ratis.ContainerStateMachine (ContainerStateMachine.java:loadSnapshot(230)) - group-8962BBA48367: The snapshot info is null. Setting the last applied indexto:(t:0, i:~)
2019-09-26 09:56:49,057 [pool-47-thread-1] INFO  server.RaftServerConfigKeys (ConfUtils.java:logGet(43)) - raft.server.notification.no-leader.timeout = 120s (custom)
2019-09-26 09:56:49,057 [pool-47-thread-1] INFO  server.RaftServerConfigKeys (ConfUtils.java:logGet(43)) - raft.server.log.use.memory = false (default)
2019-09-26 09:56:49,058 [pool-47-thread-1] INFO  server.RaftServerConfigKeys (ConfUtils.java:logGet(43)) - raft.server.log.purge.gap = 1000000 (custom)
2019-09-26 09:56:49,058 [pool-47-thread-1] INFO  server.RaftServerConfigKeys (ConfUtils.java:logGet(43)) - raft.server.log.appender.buffer.byte-limit = 33554432 (custom)
2019-09-26 09:56:49,058 [pool-47-thread-1] INFO  server.RaftServerConfigKeys (ConfUtils.java:logGet(43)) - raft.server.log.segment.size.max = 1048576 (custom)
2019-09-26 09:56:49,058 [pool-47-thread-1] INFO  server.RaftServerConfigKeys (ConfUtils.java:logGet(43)) - raft.server.log.segment.cache.num.max = 2 (custom)
2019-09-26 09:56:49,058 [pool-47-thread-1] INFO  segmented.SegmentedRaftLogWorker (SegmentedRaftLogWorker.java:<init>(172)) - new c71d065e-fd25-4780-a7c8-fad2cb759771@group-8962BBA48367-SegmentedRaftLogWorker for RaftStorage:Storage Directory /workdir/hadoop-ozone/integration-test/target/test-dir/MiniOzoneClusterImpl-90b94c19-38e3-4b62-8beb-5bce376b68a2/datanode-2/data/ratis/ac467e19-e7d8-4a8d-8f1b-8962bba48367
2019-09-26 09:56:49,058 [pool-47-thread-1] INFO  server.RaftServerConfigKeys (ConfUtils.java:logGet(43)) - raft.server.log.queue.byte-limit = 2147483647 (custom)
2019-09-26 09:56:49,059 [pool-47-thread-1] INFO  server.RaftServerConfigKeys (ConfUtils.java:logGet(43)) - raft.server.log.queue.element-limit = 1024 (custom)
2019-09-26 09:56:49,059 [pool-47-thread-1] INFO  server.RaftServerConfigKeys (ConfUtils.java:logGet(43)) - raft.server.log.segment.size.max = 1048576 (custom)
2019-09-26 09:56:49,059 [pool-47-thread-1] INFO  server.RaftServerConfigKeys (ConfUtils.java:logGet(43)) - raft.server.log.preallocated.size = 16384 (custom)
2019-09-26 09:56:49,059 [pool-47-thread-1] INFO  server.RaftServerConfigKeys (ConfUtils.java:logGet(43)) - raft.server.log.write.buffer.size = 33554432 (custom)
2019-09-26 09:56:49,059 [pool-47-thread-1] INFO  server.RaftServerConfigKeys (ConfUtils.java:logGet(43)) - raft.server.log.force.sync.num = 128 (default)
2019-09-26 09:56:49,059 [pool-47-thread-1] INFO  server.RaftServerConfigKeys (ConfUtils.java:logGet(43)) - raft.server.log.statemachine.data.sync = true (default)
2019-09-26 09:56:49,060 [pool-47-thread-1] INFO  server.RaftServerConfigKeys (ConfUtils.java:logGet(43)) - raft.server.log.statemachine.data.sync.timeout = 10s (default)
2019-09-26 09:56:49,060 [pool-47-thread-1] INFO  server.RaftServerConfigKeys (ConfUtils.java:logGet(43)) - raft.server.log.statemachine.data.sync.timeout.retry = -1 (default)
2019-09-26 09:56:49,060 [pool-47-thread-1] INFO  server.RaftServerConfigKeys (ConfUtils.java:logGet(43)) - raft.server.log.statemachine.data.caching.enabled = true (custom)
2019-09-26 09:56:49,060 [pool-47-thread-1] INFO  segmented.SegmentedRaftLogWorker (SegmentedRaftLogWorker.java:lambda$new$0(132)) - c71d065e-fd25-4780-a7c8-fad2cb759771@group-8962BBA48367-SegmentedRaftLogWorker: flushIndex: setUnconditionally 0 -> -1
2019-09-26 09:56:49,061 [pool-47-thread-1] INFO  server.RaftServerConfigKeys (ConfUtils.java:logGet(43)) - raft.server.snapshot.auto.trigger.enabled = true (custom)
2019-09-26 09:56:49,061 [pool-47-thread-1] INFO  server.RaftServerConfigKeys (ConfUtils.java:logGet(43)) - raft.server.snapshot.auto.trigger.threshold = 10000 (custom)
2019-09-26 09:56:49,061 [pool-47-thread-1] INFO  server.RaftServerConfigKeys (ConfUtils.java:logGet(43)) - raft.server.snapshot.retention.num.files = 5 (custom)
2019-09-26 09:56:49,061 [pool-47-thread-1] INFO  server.RaftServerConfigKeys (ConfUtils.java:logGet(43)) - raft.server.retrycache.expirytime = 600000ms (custom)
2019-09-26 09:56:49,065 [pool-47-thread-1] INFO  impl.RaftServerImpl (RaftServerImpl.java:start(185)) - c71d065e-fd25-4780-a7c8-fad2cb759771@group-8962BBA48367: start as a follower, conf=-1: [c71d065e-fd25-4780-a7c8-fad2cb759771:192.168.30.13:38931], old=null
2019-09-26 09:56:49,065 [pool-47-thread-1] INFO  impl.RaftServerImpl (RaftServerImpl.java:setRole(174)) - c71d065e-fd25-4780-a7c8-fad2cb759771@group-8962BBA48367: changes role from      null to FOLLOWER at term 0 for startAsFollower
2019-09-26 09:56:49,065 [pool-47-thread-1] INFO  impl.RoleInfo (RoleInfo.java:updateAndGet(143)) - c71d065e-fd25-4780-a7c8-fad2cb759771: start FollowerState
2019-09-26 09:56:49,065 [pool-47-thread-1] INFO  util.JmxRegister (JmxRegister.java:tryRegister(44)) - Successfully registered JMX Bean with object name Ratis:service=RaftServer,group=group-8962BBA48367,id=c71d065e-fd25-4780-a7c8-fad2cb759771
2019-09-26 09:56:49,071 [RatisPipelineUtilsThread] INFO  pipeline.PipelineStateManager (PipelineStateManager.java:addPipeline(56)) - Created pipeline Pipeline[ Id: ac467e19-e7d8-4a8d-8f1b-8962bba48367, Nodes: c71d065e-fd25-4780-a7c8-fad2cb759771{ip: 192.168.30.13, host: pr-hdds-1569-wvzgm-824869521, networkLocation: /default-rack, certSerialId: null}, Type:RATIS, Factor:ONE, State:OPEN]
2019-09-26 09:56:49,071 [RatisPipelineUtilsThread] INFO  pipeline.PipelinePlacementPolicy (PipelinePlacementPolicy.java:meetCriteria(91)) - Pipeline Placement: can't place more pipeline on heavy datanode： 5acecdc3-9f7b-4d69-984a-a06ca9625c3b Heaviness: 6 limit: 5
2019-09-26 09:56:49,071 [RatisPipelineUtilsThread] INFO  pipeline.PipelinePlacementPolicy (PipelinePlacementPolicy.java:meetCriteria(91)) - Pipeline Placement: can't place more pipeline on heavy datanode： c71d065e-fd25-4780-a7c8-fad2cb759771 Heaviness: 6 limit: 5
2019-09-26 09:56:49,071 [RatisPipelineUtilsThread] INFO  pipeline.PipelinePlacementPolicy (PipelinePlacementPolicy.java:meetCriteria(91)) - Pipeline Placement: can't place more pipeline on heavy datanode： 9a4e3a28-262d-469e-99f7-286cb914bc66 Heaviness: 6 limit: 5
2019-09-26 09:56:49,072 [RatisPipelineUtilsThread] ERROR pipeline.PipelinePlacementPolicy (PipelinePlacementPolicy.java:filterViableNodes(148)) - Unable to find enough nodes that meet the criteria that cannot engage in more than 5 pipelines. Nodes required: 1 Found: 0, healthy nodes count inNodeManager: 3.
2019-09-26 09:56:49,074 [RatisPipelineUtilsThread] ERROR pipeline.SCMPipelineManager (SCMPipelineManager.java:createPipeline(167)) - Pipeline creation failed.
org.apache.hadoop.hdds.scm.exceptions.SCMException: Unable to find enough nodes that meet the criteria that cannot engage in more than 5 pipelines. Nodes required: 1 Found: 0, healthy nodes count inNodeManager: 3.
	at org.apache.hadoop.hdds.scm.pipeline.PipelinePlacementPolicy.filterViableNodes(PipelinePlacementPolicy.java:149)
	at org.apache.hadoop.hdds.scm.pipeline.PipelinePlacementPolicy.chooseDatanodes(PipelinePlacementPolicy.java:172)
	at org.apache.hadoop.hdds.scm.pipeline.RatisPipelineProvider.create(RatisPipelineProvider.java:93)
	at org.apache.hadoop.hdds.scm.pipeline.PipelineFactory.create(PipelineFactory.java:58)
	at org.apache.hadoop.hdds.scm.pipeline.SCMPipelineManager.createPipeline(SCMPipelineManager.java:155)
	at org.apache.hadoop.hdds.scm.pipeline.BackgroundPipelineCreator.createPipelines(BackgroundPipelineCreator.java:99)
	at java.util.concurrent.Executors$RunnableAdapter.call(Executors.java:511)
	at java.util.concurrent.FutureTask.run(FutureTask.java:266)
	at java.util.concurrent.ScheduledThreadPoolExecutor$ScheduledFutureTask.access$201(ScheduledThreadPoolExecutor.java:180)
	at java.util.concurrent.ScheduledThreadPoolExecutor$ScheduledFutureTask.run(ScheduledThreadPoolExecutor.java:293)
	at java.util.concurrent.ThreadPoolExecutor.runWorker(ThreadPoolExecutor.java:1149)
	at java.util.concurrent.ThreadPoolExecutor$Worker.run(ThreadPoolExecutor.java:624)
	at java.lang.Thread.run(Thread.java:748)
2019-09-26 09:56:49,076 [RatisPipelineUtilsThread] INFO  pipeline.PipelinePlacementPolicy (PipelinePlacementPolicy.java:meetCriteria(91)) - Pipeline Placement: can't place more pipeline on heavy datanode： 5acecdc3-9f7b-4d69-984a-a06ca9625c3b Heaviness: 6 limit: 5
2019-09-26 09:56:49,076 [RatisPipelineUtilsThread] INFO  pipeline.PipelinePlacementPolicy (PipelinePlacementPolicy.java:meetCriteria(91)) - Pipeline Placement: can't place more pipeline on heavy datanode： c71d065e-fd25-4780-a7c8-fad2cb759771 Heaviness: 6 limit: 5
2019-09-26 09:56:49,076 [RatisPipelineUtilsThread] INFO  pipeline.PipelinePlacementPolicy (PipelinePlacementPolicy.java:meetCriteria(91)) - Pipeline Placement: can't place more pipeline on heavy datanode： 9a4e3a28-262d-469e-99f7-286cb914bc66 Heaviness: 6 limit: 5
2019-09-26 09:56:49,076 [RatisPipelineUtilsThread] ERROR pipeline.PipelinePlacementPolicy (PipelinePlacementPolicy.java:filterViableNodes(148)) - Unable to find enough nodes that meet the criteria that cannot engage in more than 5 pipelines. Nodes required: 3 Found: 0, healthy nodes count inNodeManager: 3.
2019-09-26 09:56:49,076 [RatisPipelineUtilsThread] ERROR pipeline.SCMPipelineManager (SCMPipelineManager.java:createPipeline(167)) - Pipeline creation failed.
org.apache.hadoop.hdds.scm.exceptions.SCMException: Unable to find enough nodes that meet the criteria that cannot engage in more than 5 pipelines. Nodes required: 3 Found: 0, healthy nodes count inNodeManager: 3.
	at org.apache.hadoop.hdds.scm.pipeline.PipelinePlacementPolicy.filterViableNodes(PipelinePlacementPolicy.java:149)
	at org.apache.hadoop.hdds.scm.pipeline.PipelinePlacementPolicy.chooseDatanodes(PipelinePlacementPolicy.java:172)
	at org.apache.hadoop.hdds.scm.pipeline.RatisPipelineProvider.create(RatisPipelineProvider.java:93)
	at org.apache.hadoop.hdds.scm.pipeline.PipelineFactory.create(PipelineFactory.java:58)
	at org.apache.hadoop.hdds.scm.pipeline.SCMPipelineManager.createPipeline(SCMPipelineManager.java:155)
	at org.apache.hadoop.hdds.scm.pipeline.BackgroundPipelineCreator.createPipelines(BackgroundPipelineCreator.java:99)
	at java.util.concurrent.Executors$RunnableAdapter.call(Executors.java:511)
	at java.util.concurrent.FutureTask.run(FutureTask.java:266)
	at java.util.concurrent.ScheduledThreadPoolExecutor$ScheduledFutureTask.access$201(ScheduledThreadPoolExecutor.java:180)
	at java.util.concurrent.ScheduledThreadPoolExecutor$ScheduledFutureTask.run(ScheduledThreadPoolExecutor.java:293)
	at java.util.concurrent.ThreadPoolExecutor.runWorker(ThreadPoolExecutor.java:1149)
	at java.util.concurrent.ThreadPoolExecutor$Worker.run(ThreadPoolExecutor.java:624)
	at java.lang.Thread.run(Thread.java:748)
2019-09-26 09:56:49,077 [RatisPipelineUtilsThread] INFO  pipeline.PipelinePlacementPolicy (PipelinePlacementPolicy.java:meetCriteria(91)) - Pipeline Placement: can't place more pipeline on heavy datanode： 5acecdc3-9f7b-4d69-984a-a06ca9625c3b Heaviness: 6 limit: 5
2019-09-26 09:56:49,077 [RatisPipelineUtilsThread] INFO  pipeline.PipelinePlacementPolicy (PipelinePlacementPolicy.java:meetCriteria(91)) - Pipeline Placement: can't place more pipeline on heavy datanode： c71d065e-fd25-4780-a7c8-fad2cb759771 Heaviness: 6 limit: 5
2019-09-26 09:56:49,077 [RatisPipelineUtilsThread] INFO  pipeline.PipelinePlacementPolicy (PipelinePlacementPolicy.java:meetCriteria(91)) - Pipeline Placement: can't place more pipeline on heavy datanode： 9a4e3a28-262d-469e-99f7-286cb914bc66 Heaviness: 6 limit: 5
2019-09-26 09:56:49,077 [RatisPipelineUtilsThread] ERROR pipeline.PipelinePlacementPolicy (PipelinePlacementPolicy.java:filterViableNodes(148)) - Unable to find enough nodes that meet the criteria that cannot engage in more than 5 pipelines. Nodes required: 1 Found: 0, healthy nodes count inNodeManager: 3.
2019-09-26 09:56:49,380 [RatisPipelineUtilsThread] ERROR pipeline.SCMPipelineManager (SCMPipelineManager.java:createPipeline(167)) - Pipeline creation failed.
org.apache.hadoop.hdds.scm.exceptions.SCMException: Unable to find enough nodes that meet the criteria that cannot engage in more than 5 pipelines. Nodes required: 1 Found: 0, healthy nodes count inNodeManager: 3.
	at org.apache.hadoop.hdds.scm.pipeline.PipelinePlacementPolicy.filterViableNodes(PipelinePlacementPolicy.java:149)
	at org.apache.hadoop.hdds.scm.pipeline.PipelinePlacementPolicy.chooseDatanodes(PipelinePlacementPolicy.java:172)
	at org.apache.hadoop.hdds.scm.pipeline.RatisPipelineProvider.create(RatisPipelineProvider.java:93)
	at org.apache.hadoop.hdds.scm.pipeline.PipelineFactory.create(PipelineFactory.java:58)
	at org.apache.hadoop.hdds.scm.pipeline.SCMPipelineManager.createPipeline(SCMPipelineManager.java:155)
	at org.apache.hadoop.hdds.scm.pipeline.BackgroundPipelineCreator.createPipelines(BackgroundPipelineCreator.java:99)
	at org.apache.hadoop.hdds.scm.pipeline.BackgroundPipelineCreator.lambda$startFixedIntervalPipelineCreator$0(BackgroundPipelineCreator.java:70)
	at java.util.concurrent.Executors$RunnableAdapter.call(Executors.java:511)
	at java.util.concurrent.FutureTask.runAndReset(FutureTask.java:308)
	at java.util.concurrent.ScheduledThreadPoolExecutor$ScheduledFutureTask.access$301(ScheduledThreadPoolExecutor.java:180)
	at java.util.concurrent.ScheduledThreadPoolExecutor$ScheduledFutureTask.run(ScheduledThreadPoolExecutor.java:294)
	at java.util.concurrent.ThreadPoolExecutor.runWorker(ThreadPoolExecutor.java:1149)
	at java.util.concurrent.ThreadPoolExecutor$Worker.run(ThreadPoolExecutor.java:624)
	at java.lang.Thread.run(Thread.java:748)
2019-09-26 09:56:49,386 [RatisPipelineUtilsThread] INFO  pipeline.PipelinePlacementPolicy (PipelinePlacementPolicy.java:meetCriteria(91)) - Pipeline Placement: can't place more pipeline on heavy datanode： 5acecdc3-9f7b-4d69-984a-a06ca9625c3b Heaviness: 6 limit: 5
2019-09-26 09:56:49,386 [RatisPipelineUtilsThread] INFO  pipeline.PipelinePlacementPolicy (PipelinePlacementPolicy.java:meetCriteria(91)) - Pipeline Placement: can't place more pipeline on heavy datanode： c71d065e-fd25-4780-a7c8-fad2cb759771 Heaviness: 6 limit: 5
2019-09-26 09:56:49,387 [RatisPipelineUtilsThread] INFO  pipeline.PipelinePlacementPolicy (PipelinePlacementPolicy.java:meetCriteria(91)) - Pipeline Placement: can't place more pipeline on heavy datanode： 9a4e3a28-262d-469e-99f7-286cb914bc66 Heaviness: 6 limit: 5
2019-09-26 09:56:49,387 [RatisPipelineUtilsThread] ERROR pipeline.PipelinePlacementPolicy (PipelinePlacementPolicy.java:filterViableNodes(148)) - Unable to find enough nodes that meet the criteria that cannot engage in more than 5 pipelines. Nodes required: 3 Found: 0, healthy nodes count inNodeManager: 3.
2019-09-26 09:56:49,387 [RatisPipelineUtilsThread] ERROR pipeline.SCMPipelineManager (SCMPipelineManager.java:createPipeline(167)) - Pipeline creation failed.
org.apache.hadoop.hdds.scm.exceptions.SCMException: Unable to find enough nodes that meet the criteria that cannot engage in more than 5 pipelines. Nodes required: 3 Found: 0, healthy nodes count inNodeManager: 3.
	at org.apache.hadoop.hdds.scm.pipeline.PipelinePlacementPolicy.filterViableNodes(PipelinePlacementPolicy.java:149)
	at org.apache.hadoop.hdds.scm.pipeline.PipelinePlacementPolicy.chooseDatanodes(PipelinePlacementPolicy.java:172)
	at org.apache.hadoop.hdds.scm.pipeline.RatisPipelineProvider.create(RatisPipelineProvider.java:93)
	at org.apache.hadoop.hdds.scm.pipeline.PipelineFactory.create(PipelineFactory.java:58)
	at org.apache.hadoop.hdds.scm.pipeline.SCMPipelineManager.createPipeline(SCMPipelineManager.java:155)
	at org.apache.hadoop.hdds.scm.pipeline.BackgroundPipelineCreator.createPipelines(BackgroundPipelineCreator.java:99)
	at org.apache.hadoop.hdds.scm.pipeline.BackgroundPipelineCreator.lambda$startFixedIntervalPipelineCreator$0(BackgroundPipelineCreator.java:70)
	at java.util.concurrent.Executors$RunnableAdapter.call(Executors.java:511)
	at java.util.concurrent.FutureTask.runAndReset(FutureTask.java:308)
	at java.util.concurrent.ScheduledThreadPoolExecutor$ScheduledFutureTask.access$301(ScheduledThreadPoolExecutor.java:180)
	at java.util.concurrent.ScheduledThreadPoolExecutor$ScheduledFutureTask.run(ScheduledThreadPoolExecutor.java:294)
	at java.util.concurrent.ThreadPoolExecutor.runWorker(ThreadPoolExecutor.java:1149)
	at java.util.concurrent.ThreadPoolExecutor$Worker.run(ThreadPoolExecutor.java:624)
	at java.lang.Thread.run(Thread.java:748)
2019-09-26 09:56:49,490 [main] INFO  impl.MetricsSystemImpl (MetricsSystemImpl.java:init(158)) - XceiverClientMetrics metrics system started (again)
2019-09-26 09:56:49,928 [Thread-178] INFO  container.ReplicationManager (ReplicationManager.java:start(163)) - Starting Replication Monitor Thread.
2019-09-26 09:56:49,933 [ReplicationMonitor] INFO  container.ReplicationManager (ReplicationManager.java:run(226)) - Replication Monitor Thread took 4 milliseconds for processing 1 containers.
2019-09-26 09:56:52,871 [Thread-183] INFO  impl.FollowerState (FollowerState.java:run(106)) - 5acecdc3-9f7b-4d69-984a-a06ca9625c3b:group-3EC0AE70755D changes to CANDIDATE, lastRpcTime:5175, electionTimeout:5175ms
2019-09-26 09:56:52,874 [Thread-183] INFO  impl.RoleInfo (RoleInfo.java:shutdownFollowerState(121)) - 5acecdc3-9f7b-4d69-984a-a06ca9625c3b: shutdown FollowerState
2019-09-26 09:56:52,874 [Thread-183] INFO  impl.RaftServerImpl (RaftServerImpl.java:setRole(174)) - 5acecdc3-9f7b-4d69-984a-a06ca9625c3b@group-3EC0AE70755D: changes role from  FOLLOWER to CANDIDATE at term 0 for changeToCandidate
2019-09-26 09:56:52,881 [Thread-183] INFO  impl.RoleInfo (RoleInfo.java:updateAndGet(143)) - 5acecdc3-9f7b-4d69-984a-a06ca9625c3b: start LeaderElection
2019-09-26 09:56:52,899 [5acecdc3-9f7b-4d69-984a-a06ca9625c3b@group-3EC0AE70755D:LeaderElection1] INFO  impl.LeaderElection (LeaderElection.java:askForVotes(182)) - 5acecdc3-9f7b-4d69-984a-a06ca9625c3b@group-3EC0AE70755D:LeaderElection1: begin an election at term 1 for -1: [5acecdc3-9f7b-4d69-984a-a06ca9625c3b:192.168.30.13:43435], old=null
2019-09-26 09:56:52,901 [5acecdc3-9f7b-4d69-984a-a06ca9625c3b@group-3EC0AE70755D:LeaderElection1] INFO  impl.RoleInfo (RoleInfo.java:shutdownLeaderElection(134)) - 5acecdc3-9f7b-4d69-984a-a06ca9625c3b: shutdown LeaderElection
2019-09-26 09:56:52,901 [5acecdc3-9f7b-4d69-984a-a06ca9625c3b@group-3EC0AE70755D:LeaderElection1] INFO  impl.RaftServerImpl (RaftServerImpl.java:setRole(174)) - 5acecdc3-9f7b-4d69-984a-a06ca9625c3b@group-3EC0AE70755D: changes role from CANDIDATE to LEADER at term 1 for changeToLeader
2019-09-26 09:56:52,901 [5acecdc3-9f7b-4d69-984a-a06ca9625c3b@group-3EC0AE70755D:LeaderElection1] INFO  impl.RaftServerImpl (ServerState.java:setLeader(253)) - 5acecdc3-9f7b-4d69-984a-a06ca9625c3b@group-3EC0AE70755D: change Leader from null to 5acecdc3-9f7b-4d69-984a-a06ca9625c3b at term 1 for becomeLeader, leader elected after 5315ms
2019-09-26 09:56:52,908 [5acecdc3-9f7b-4d69-984a-a06ca9625c3b@group-3EC0AE70755D:LeaderElection1] INFO  server.RaftServerConfigKeys (ConfUtils.java:logGet(43)) - raft.server.staging.catchup.gap = 1000 (default)
2019-09-26 09:56:52,908 [5acecdc3-9f7b-4d69-984a-a06ca9625c3b@group-3EC0AE70755D:LeaderElection1] INFO  server.RaftServerConfigKeys (ConfUtils.java:logGet(43)) - raft.server.rpc.sleep.time = 25ms (default)
2019-09-26 09:56:52,910 [Thread-186] INFO  impl.FollowerState (FollowerState.java:run(106)) - 9a4e3a28-262d-469e-99f7-286cb914bc66:group-4DF6CC977188 changes to CANDIDATE, lastRpcTime:5069, electionTimeout:5068ms
2019-09-26 09:56:52,911 [Thread-186] INFO  impl.RoleInfo (RoleInfo.java:shutdownFollowerState(121)) - 9a4e3a28-262d-469e-99f7-286cb914bc66: shutdown FollowerState
2019-09-26 09:56:52,911 [Thread-186] INFO  impl.RaftServerImpl (RaftServerImpl.java:setRole(174)) - 9a4e3a28-262d-469e-99f7-286cb914bc66@group-4DF6CC977188: changes role from  FOLLOWER to CANDIDATE at term 0 for changeToCandidate
2019-09-26 09:56:52,911 [Thread-186] INFO  impl.RoleInfo (RoleInfo.java:updateAndGet(143)) - 9a4e3a28-262d-469e-99f7-286cb914bc66: start LeaderElection
2019-09-26 09:56:52,914 [5acecdc3-9f7b-4d69-984a-a06ca9625c3b@group-3EC0AE70755D:LeaderElection1] INFO  server.RaftServerConfigKeys (ConfUtils.java:logGet(43)) - raft.server.write.element-limit = 4096 (default)
2019-09-26 09:56:52,917 [5acecdc3-9f7b-4d69-984a-a06ca9625c3b@group-3EC0AE70755D:LeaderElection1] INFO  server.RaftServerConfigKeys (ConfUtils.java:logGet(43)) - raft.server.watch.timeout = 10s (default)
2019-09-26 09:56:52,918 [5acecdc3-9f7b-4d69-984a-a06ca9625c3b@group-3EC0AE70755D:LeaderElection1] INFO  server.RaftServerConfigKeys (ConfUtils.java:logGet(43)) - raft.server.watch.timeout.denomination = 1s (default)
2019-09-26 09:56:52,918 [5acecdc3-9f7b-4d69-984a-a06ca9625c3b@group-3EC0AE70755D:LeaderElection1] INFO  server.RaftServerConfigKeys (ConfUtils.java:logGet(43)) - raft.server.watch.element-limit = 65536 (default)
2019-09-26 09:56:52,928 [9a4e3a28-262d-469e-99f7-286cb914bc66@group-4DF6CC977188:LeaderElection2] INFO  impl.LeaderElection (LeaderElection.java:askForVotes(182)) - 9a4e3a28-262d-469e-99f7-286cb914bc66@group-4DF6CC977188:LeaderElection2: begin an election at term 1 for -1: [9a4e3a28-262d-469e-99f7-286cb914bc66:192.168.30.13:38221], old=null
2019-09-26 09:56:52,931 [9a4e3a28-262d-469e-99f7-286cb914bc66@group-4DF6CC977188:LeaderElection2] INFO  impl.RoleInfo (RoleInfo.java:shutdownLeaderElection(134)) - 9a4e3a28-262d-469e-99f7-286cb914bc66: shutdown LeaderElection
2019-09-26 09:56:52,931 [9a4e3a28-262d-469e-99f7-286cb914bc66@group-4DF6CC977188:LeaderElection2] INFO  impl.RaftServerImpl (RaftServerImpl.java:setRole(174)) - 9a4e3a28-262d-469e-99f7-286cb914bc66@group-4DF6CC977188: changes role from CANDIDATE to LEADER at term 1 for changeToLeader
2019-09-26 09:56:52,931 [5acecdc3-9f7b-4d69-984a-a06ca9625c3b@group-3EC0AE70755D:LeaderElection1] INFO  impl.RoleInfo (RoleInfo.java:updateAndGet(143)) - 5acecdc3-9f7b-4d69-984a-a06ca9625c3b: start LeaderState
2019-09-26 09:56:52,931 [9a4e3a28-262d-469e-99f7-286cb914bc66@group-4DF6CC977188:LeaderElection2] INFO  impl.RaftServerImpl (ServerState.java:setLeader(253)) - 9a4e3a28-262d-469e-99f7-286cb914bc66@group-4DF6CC977188: change Leader from null to 9a4e3a28-262d-469e-99f7-286cb914bc66 at term 1 for becomeLeader, leader elected after 5102ms
2019-09-26 09:56:52,931 [9a4e3a28-262d-469e-99f7-286cb914bc66@group-4DF6CC977188:LeaderElection2] INFO  server.RaftServerConfigKeys (ConfUtils.java:logGet(43)) - raft.server.staging.catchup.gap = 1000 (default)
2019-09-26 09:56:52,932 [9a4e3a28-262d-469e-99f7-286cb914bc66@group-4DF6CC977188:LeaderElection2] INFO  server.RaftServerConfigKeys (ConfUtils.java:logGet(43)) - raft.server.rpc.sleep.time = 25ms (default)
2019-09-26 09:56:52,932 [9a4e3a28-262d-469e-99f7-286cb914bc66@group-4DF6CC977188:LeaderElection2] INFO  server.RaftServerConfigKeys (ConfUtils.java:logGet(43)) - raft.server.write.element-limit = 4096 (default)
2019-09-26 09:56:52,932 [9a4e3a28-262d-469e-99f7-286cb914bc66@group-4DF6CC977188:LeaderElection2] INFO  server.RaftServerConfigKeys (ConfUtils.java:logGet(43)) - raft.server.watch.timeout = 10s (default)
2019-09-26 09:56:52,932 [9a4e3a28-262d-469e-99f7-286cb914bc66@group-4DF6CC977188:LeaderElection2] INFO  server.RaftServerConfigKeys (ConfUtils.java:logGet(43)) - raft.server.watch.timeout.denomination = 1s (default)
2019-09-26 09:56:52,932 [9a4e3a28-262d-469e-99f7-286cb914bc66@group-4DF6CC977188:LeaderElection2] INFO  server.RaftServerConfigKeys (ConfUtils.java:logGet(43)) - raft.server.watch.element-limit = 65536 (default)
2019-09-26 09:56:52,935 [9a4e3a28-262d-469e-99f7-286cb914bc66@group-4DF6CC977188:LeaderElection2] INFO  impl.RoleInfo (RoleInfo.java:updateAndGet(143)) - 9a4e3a28-262d-469e-99f7-286cb914bc66: start LeaderState
2019-09-26 09:56:52,957 [5acecdc3-9f7b-4d69-984a-a06ca9625c3b@group-3EC0AE70755D:LeaderElection1] INFO  segmented.SegmentedRaftLogWorker (SegmentedRaftLogWorker.java:startLogSegment(380)) - 5acecdc3-9f7b-4d69-984a-a06ca9625c3b@group-3EC0AE70755D-SegmentedRaftLogWorker: Starting segment from index:0
2019-09-26 09:56:52,957 [9a4e3a28-262d-469e-99f7-286cb914bc66@group-4DF6CC977188:LeaderElection2] INFO  segmented.SegmentedRaftLogWorker (SegmentedRaftLogWorker.java:startLogSegment(380)) - 9a4e3a28-262d-469e-99f7-286cb914bc66@group-4DF6CC977188-SegmentedRaftLogWorker: Starting segment from index:0
2019-09-26 09:56:52,966 [5acecdc3-9f7b-4d69-984a-a06ca9625c3b@group-3EC0AE70755D:LeaderElection1] INFO  impl.RaftServerImpl (ServerState.java:setRaftConf(354)) - 5acecdc3-9f7b-4d69-984a-a06ca9625c3b@group-3EC0AE70755D: set configuration 0: [5acecdc3-9f7b-4d69-984a-a06ca9625c3b:192.168.30.13:43435], old=null at 0
2019-09-26 09:56:52,966 [9a4e3a28-262d-469e-99f7-286cb914bc66@group-4DF6CC977188:LeaderElection2] INFO  impl.RaftServerImpl (ServerState.java:setRaftConf(354)) - 9a4e3a28-262d-469e-99f7-286cb914bc66@group-4DF6CC977188: set configuration 0: [9a4e3a28-262d-469e-99f7-286cb914bc66:192.168.30.13:38221], old=null at 0
2019-09-26 09:56:53,132 [5acecdc3-9f7b-4d69-984a-a06ca9625c3b@group-3EC0AE70755D-SegmentedRaftLogWorker] INFO  segmented.SegmentedRaftLogWorker (SegmentedRaftLogWorker.java:execute(569)) - 5acecdc3-9f7b-4d69-984a-a06ca9625c3b@group-3EC0AE70755D-SegmentedRaftLogWorker: created new log segment /workdir/hadoop-ozone/integration-test/target/test-dir/MiniOzoneClusterImpl-90b94c19-38e3-4b62-8beb-5bce376b68a2/datanode-0/data/ratis/138343ee-5398-4233-8239-3ec0ae70755d/current/log_inprogress_0
2019-09-26 09:56:53,132 [9a4e3a28-262d-469e-99f7-286cb914bc66@group-4DF6CC977188-SegmentedRaftLogWorker] INFO  segmented.SegmentedRaftLogWorker (SegmentedRaftLogWorker.java:execute(569)) - 9a4e3a28-262d-469e-99f7-286cb914bc66@group-4DF6CC977188-SegmentedRaftLogWorker: created new log segment /workdir/hadoop-ozone/integration-test/target/test-dir/MiniOzoneClusterImpl-90b94c19-38e3-4b62-8beb-5bce376b68a2/datanode-1/data/ratis/bd57ec2b-baaa-4c25-9627-4df6cc977188/current/log_inprogress_0
2019-09-26 09:56:53,136 [Thread-192] INFO  impl.FollowerState (FollowerState.java:run(106)) - 9a4e3a28-262d-469e-99f7-286cb914bc66:group-539AFDB7D2D1 changes to CANDIDATE, lastRpcTime:5114, electionTimeout:5114ms
2019-09-26 09:56:53,136 [Thread-192] INFO  impl.RoleInfo (RoleInfo.java:shutdownFollowerState(121)) - 9a4e3a28-262d-469e-99f7-286cb914bc66: shutdown FollowerState
2019-09-26 09:56:53,136 [Thread-192] INFO  impl.RaftServerImpl (RaftServerImpl.java:setRole(174)) - 9a4e3a28-262d-469e-99f7-286cb914bc66@group-539AFDB7D2D1: changes role from  FOLLOWER to CANDIDATE at term 0 for changeToCandidate
2019-09-26 09:56:53,136 [Thread-192] INFO  impl.RoleInfo (RoleInfo.java:updateAndGet(143)) - 9a4e3a28-262d-469e-99f7-286cb914bc66: start LeaderElection
2019-09-26 09:56:53,138 [Thread-189] INFO  impl.FollowerState (FollowerState.java:run(106)) - c71d065e-fd25-4780-a7c8-fad2cb759771:group-2795763192FD changes to CANDIDATE, lastRpcTime:5182, electionTimeout:5182ms
2019-09-26 09:56:53,140 [Thread-189] INFO  impl.RoleInfo (RoleInfo.java:shutdownFollowerState(121)) - c71d065e-fd25-4780-a7c8-fad2cb759771: shutdown FollowerState
2019-09-26 09:56:53,140 [Thread-189] INFO  impl.RaftServerImpl (RaftServerImpl.java:setRole(174)) - c71d065e-fd25-4780-a7c8-fad2cb759771@group-2795763192FD: changes role from  FOLLOWER to CANDIDATE at term 0 for changeToCandidate
2019-09-26 09:56:53,140 [Thread-189] INFO  impl.RoleInfo (RoleInfo.java:updateAndGet(143)) - c71d065e-fd25-4780-a7c8-fad2cb759771: start LeaderElection
2019-09-26 09:56:53,149 [9a4e3a28-262d-469e-99f7-286cb914bc66@group-539AFDB7D2D1:LeaderElection3] INFO  impl.LeaderElection (LeaderElection.java:askForVotes(182)) - 9a4e3a28-262d-469e-99f7-286cb914bc66@group-539AFDB7D2D1:LeaderElection3: begin an election at term 1 for -1: [9a4e3a28-262d-469e-99f7-286cb914bc66:192.168.30.13:38221], old=null
2019-09-26 09:56:53,149 [c71d065e-fd25-4780-a7c8-fad2cb759771@group-2795763192FD:LeaderElection4] INFO  impl.LeaderElection (LeaderElection.java:askForVotes(182)) - c71d065e-fd25-4780-a7c8-fad2cb759771@group-2795763192FD:LeaderElection4: begin an election at term 1 for -1: [c71d065e-fd25-4780-a7c8-fad2cb759771:192.168.30.13:38931], old=null
2019-09-26 09:56:53,149 [9a4e3a28-262d-469e-99f7-286cb914bc66@group-539AFDB7D2D1:LeaderElection3] INFO  impl.RoleInfo (RoleInfo.java:shutdownLeaderElection(134)) - 9a4e3a28-262d-469e-99f7-286cb914bc66: shutdown LeaderElection
2019-09-26 09:56:53,149 [c71d065e-fd25-4780-a7c8-fad2cb759771@group-2795763192FD:LeaderElection4] INFO  impl.RoleInfo (RoleInfo.java:shutdownLeaderElection(134)) - c71d065e-fd25-4780-a7c8-fad2cb759771: shutdown LeaderElection
2019-09-26 09:56:53,149 [9a4e3a28-262d-469e-99f7-286cb914bc66@group-539AFDB7D2D1:LeaderElection3] INFO  impl.RaftServerImpl (RaftServerImpl.java:setRole(174)) - 9a4e3a28-262d-469e-99f7-286cb914bc66@group-539AFDB7D2D1: changes role from CANDIDATE to LEADER at term 1 for changeToLeader
2019-09-26 09:56:53,149 [c71d065e-fd25-4780-a7c8-fad2cb759771@group-2795763192FD:LeaderElection4] INFO  impl.RaftServerImpl (RaftServerImpl.java:setRole(174)) - c71d065e-fd25-4780-a7c8-fad2cb759771@group-2795763192FD: changes role from CANDIDATE to LEADER at term 1 for changeToLeader
2019-09-26 09:56:53,149 [9a4e3a28-262d-469e-99f7-286cb914bc66@group-539AFDB7D2D1:LeaderElection3] INFO  impl.RaftServerImpl (ServerState.java:setLeader(253)) - 9a4e3a28-262d-469e-99f7-286cb914bc66@group-539AFDB7D2D1: change Leader from null to 9a4e3a28-262d-469e-99f7-286cb914bc66 at term 1 for becomeLeader, leader elected after 5138ms
2019-09-26 09:56:53,150 [c71d065e-fd25-4780-a7c8-fad2cb759771@group-2795763192FD:LeaderElection4] INFO  impl.RaftServerImpl (ServerState.java:setLeader(253)) - c71d065e-fd25-4780-a7c8-fad2cb759771@group-2795763192FD: change Leader from null to c71d065e-fd25-4780-a7c8-fad2cb759771 at term 1 for becomeLeader, leader elected after 5222ms
2019-09-26 09:56:53,150 [9a4e3a28-262d-469e-99f7-286cb914bc66@group-539AFDB7D2D1:LeaderElection3] INFO  server.RaftServerConfigKeys (ConfUtils.java:logGet(43)) - raft.server.staging.catchup.gap = 1000 (default)
2019-09-26 09:56:53,150 [c71d065e-fd25-4780-a7c8-fad2cb759771@group-2795763192FD:LeaderElection4] INFO  server.RaftServerConfigKeys (ConfUtils.java:logGet(43)) - raft.server.staging.catchup.gap = 1000 (default)
2019-09-26 09:56:53,150 [9a4e3a28-262d-469e-99f7-286cb914bc66@group-539AFDB7D2D1:LeaderElection3] INFO  server.RaftServerConfigKeys (ConfUtils.java:logGet(43)) - raft.server.rpc.sleep.time = 25ms (default)
2019-09-26 09:56:53,150 [c71d065e-fd25-4780-a7c8-fad2cb759771@group-2795763192FD:LeaderElection4] INFO  server.RaftServerConfigKeys (ConfUtils.java:logGet(43)) - raft.server.rpc.sleep.time = 25ms (default)
2019-09-26 09:56:53,150 [9a4e3a28-262d-469e-99f7-286cb914bc66@group-539AFDB7D2D1:LeaderElection3] INFO  server.RaftServerConfigKeys (ConfUtils.java:logGet(43)) - raft.server.write.element-limit = 4096 (default)
2019-09-26 09:56:53,150 [c71d065e-fd25-4780-a7c8-fad2cb759771@group-2795763192FD:LeaderElection4] INFO  server.RaftServerConfigKeys (ConfUtils.java:logGet(43)) - raft.server.write.element-limit = 4096 (default)
2019-09-26 09:56:53,150 [9a4e3a28-262d-469e-99f7-286cb914bc66@group-539AFDB7D2D1:LeaderElection3] INFO  server.RaftServerConfigKeys (ConfUtils.java:logGet(43)) - raft.server.watch.timeout = 10s (default)
2019-09-26 09:56:53,151 [c71d065e-fd25-4780-a7c8-fad2cb759771@group-2795763192FD:LeaderElection4] INFO  server.RaftServerConfigKeys (ConfUtils.java:logGet(43)) - raft.server.watch.timeout = 10s (default)
2019-09-26 09:56:53,151 [9a4e3a28-262d-469e-99f7-286cb914bc66@group-539AFDB7D2D1:LeaderElection3] INFO  server.RaftServerConfigKeys (ConfUtils.java:logGet(43)) - raft.server.watch.timeout.denomination = 1s (default)
2019-09-26 09:56:53,151 [c71d065e-fd25-4780-a7c8-fad2cb759771@group-2795763192FD:LeaderElection4] INFO  server.RaftServerConfigKeys (ConfUtils.java:logGet(43)) - raft.server.watch.timeout.denomination = 1s (default)
2019-09-26 09:56:53,151 [9a4e3a28-262d-469e-99f7-286cb914bc66@group-539AFDB7D2D1:LeaderElection3] INFO  server.RaftServerConfigKeys (ConfUtils.java:logGet(43)) - raft.server.watch.element-limit = 65536 (default)
2019-09-26 09:56:53,151 [c71d065e-fd25-4780-a7c8-fad2cb759771@group-2795763192FD:LeaderElection4] INFO  server.RaftServerConfigKeys (ConfUtils.java:logGet(43)) - raft.server.watch.element-limit = 65536 (default)
2019-09-26 09:56:53,154 [9a4e3a28-262d-469e-99f7-286cb914bc66@group-539AFDB7D2D1:LeaderElection3] INFO  impl.RoleInfo (RoleInfo.java:updateAndGet(143)) - 9a4e3a28-262d-469e-99f7-286cb914bc66: start LeaderState
2019-09-26 09:56:53,155 [9a4e3a28-262d-469e-99f7-286cb914bc66@group-539AFDB7D2D1:LeaderElection3] INFO  segmented.SegmentedRaftLogWorker (SegmentedRaftLogWorker.java:startLogSegment(380)) - 9a4e3a28-262d-469e-99f7-286cb914bc66@group-539AFDB7D2D1-SegmentedRaftLogWorker: Starting segment from index:0
2019-09-26 09:56:53,155 [9a4e3a28-262d-469e-99f7-286cb914bc66@group-539AFDB7D2D1:LeaderElection3] INFO  impl.RaftServerImpl (ServerState.java:setRaftConf(354)) - 9a4e3a28-262d-469e-99f7-286cb914bc66@group-539AFDB7D2D1: set configuration 0: [9a4e3a28-262d-469e-99f7-286cb914bc66:192.168.30.13:38221], old=null at 0
2019-09-26 09:56:53,187 [c71d065e-fd25-4780-a7c8-fad2cb759771@group-2795763192FD:LeaderElection4] INFO  impl.RoleInfo (RoleInfo.java:updateAndGet(143)) - c71d065e-fd25-4780-a7c8-fad2cb759771: start LeaderState
2019-09-26 09:56:53,188 [c71d065e-fd25-4780-a7c8-fad2cb759771@group-2795763192FD:LeaderElection4] INFO  segmented.SegmentedRaftLogWorker (SegmentedRaftLogWorker.java:startLogSegment(380)) - c71d065e-fd25-4780-a7c8-fad2cb759771@group-2795763192FD-SegmentedRaftLogWorker: Starting segment from index:0
2019-09-26 09:56:53,188 [c71d065e-fd25-4780-a7c8-fad2cb759771@group-2795763192FD:LeaderElection4] INFO  impl.RaftServerImpl (ServerState.java:setRaftConf(354)) - c71d065e-fd25-4780-a7c8-fad2cb759771@group-2795763192FD: set configuration 0: [c71d065e-fd25-4780-a7c8-fad2cb759771:192.168.30.13:38931], old=null at 0
2019-09-26 09:56:53,221 [9a4e3a28-262d-469e-99f7-286cb914bc66@group-539AFDB7D2D1-SegmentedRaftLogWorker] INFO  segmented.SegmentedRaftLogWorker (SegmentedRaftLogWorker.java:execute(569)) - 9a4e3a28-262d-469e-99f7-286cb914bc66@group-539AFDB7D2D1-SegmentedRaftLogWorker: created new log segment /workdir/hadoop-ozone/integration-test/target/test-dir/MiniOzoneClusterImpl-90b94c19-38e3-4b62-8beb-5bce376b68a2/datanode-1/data/ratis/95710290-b7b1-462a-af80-539afdb7d2d1/current/log_inprogress_0
2019-09-26 09:56:53,234 [c71d065e-fd25-4780-a7c8-fad2cb759771@group-2795763192FD-SegmentedRaftLogWorker] INFO  segmented.SegmentedRaftLogWorker (SegmentedRaftLogWorker.java:execute(569)) - c71d065e-fd25-4780-a7c8-fad2cb759771@group-2795763192FD-SegmentedRaftLogWorker: created new log segment /workdir/hadoop-ozone/integration-test/target/test-dir/MiniOzoneClusterImpl-90b94c19-38e3-4b62-8beb-5bce376b68a2/datanode-2/data/ratis/f7b7c724-2cf1-45e3-a448-2795763192fd/current/log_inprogress_0
2019-09-26 09:56:53,240 [Thread-195] INFO  impl.FollowerState (FollowerState.java:run(106)) - 9a4e3a28-262d-469e-99f7-286cb914bc66:group-786278D7BEB0 changes to CANDIDATE, lastRpcTime:5145, electionTimeout:5145ms
2019-09-26 09:56:53,240 [Thread-195] INFO  impl.RoleInfo (RoleInfo.java:shutdownFollowerState(121)) - 9a4e3a28-262d-469e-99f7-286cb914bc66: shutdown FollowerState
2019-09-26 09:56:53,240 [Thread-195] INFO  impl.RaftServerImpl (RaftServerImpl.java:setRole(174)) - 9a4e3a28-262d-469e-99f7-286cb914bc66@group-786278D7BEB0: changes role from  FOLLOWER to CANDIDATE at term 0 for changeToCandidate
2019-09-26 09:56:53,241 [Thread-195] INFO  impl.RoleInfo (RoleInfo.java:updateAndGet(143)) - 9a4e3a28-262d-469e-99f7-286cb914bc66: start LeaderElection
2019-09-26 09:56:53,248 [9a4e3a28-262d-469e-99f7-286cb914bc66@group-786278D7BEB0:LeaderElection5] INFO  impl.LeaderElection (LeaderElection.java:askForVotes(182)) - 9a4e3a28-262d-469e-99f7-286cb914bc66@group-786278D7BEB0:LeaderElection5: begin an election at term 1 for -1: [9a4e3a28-262d-469e-99f7-286cb914bc66:192.168.30.13:38221], old=null
2019-09-26 09:56:53,248 [9a4e3a28-262d-469e-99f7-286cb914bc66@group-786278D7BEB0:LeaderElection5] INFO  impl.RoleInfo (RoleInfo.java:shutdownLeaderElection(134)) - 9a4e3a28-262d-469e-99f7-286cb914bc66: shutdown LeaderElection
2019-09-26 09:56:53,248 [9a4e3a28-262d-469e-99f7-286cb914bc66@group-786278D7BEB0:LeaderElection5] INFO  impl.RaftServerImpl (RaftServerImpl.java:setRole(174)) - 9a4e3a28-262d-469e-99f7-286cb914bc66@group-786278D7BEB0: changes role from CANDIDATE to LEADER at term 1 for changeToLeader
2019-09-26 09:56:53,248 [9a4e3a28-262d-469e-99f7-286cb914bc66@group-786278D7BEB0:LeaderElection5] INFO  impl.RaftServerImpl (ServerState.java:setLeader(253)) - 9a4e3a28-262d-469e-99f7-286cb914bc66@group-786278D7BEB0: change Leader from null to 9a4e3a28-262d-469e-99f7-286cb914bc66 at term 1 for becomeLeader, leader elected after 5162ms
2019-09-26 09:56:53,249 [9a4e3a28-262d-469e-99f7-286cb914bc66@group-786278D7BEB0:LeaderElection5] INFO  server.RaftServerConfigKeys (ConfUtils.java:logGet(43)) - raft.server.staging.catchup.gap = 1000 (default)
2019-09-26 09:56:53,249 [9a4e3a28-262d-469e-99f7-286cb914bc66@group-786278D7BEB0:LeaderElection5] INFO  server.RaftServerConfigKeys (ConfUtils.java:logGet(43)) - raft.server.rpc.sleep.time = 25ms (default)
2019-09-26 09:56:53,249 [9a4e3a28-262d-469e-99f7-286cb914bc66@group-786278D7BEB0:LeaderElection5] INFO  server.RaftServerConfigKeys (ConfUtils.java:logGet(43)) - raft.server.write.element-limit = 4096 (default)
2019-09-26 09:56:53,249 [9a4e3a28-262d-469e-99f7-286cb914bc66@group-786278D7BEB0:LeaderElection5] INFO  server.RaftServerConfigKeys (ConfUtils.java:logGet(43)) - raft.server.watch.timeout = 10s (default)
2019-09-26 09:56:53,249 [9a4e3a28-262d-469e-99f7-286cb914bc66@group-786278D7BEB0:LeaderElection5] INFO  server.RaftServerConfigKeys (ConfUtils.java:logGet(43)) - raft.server.watch.timeout.denomination = 1s (default)
2019-09-26 09:56:53,249 [9a4e3a28-262d-469e-99f7-286cb914bc66@group-786278D7BEB0:LeaderElection5] INFO  server.RaftServerConfigKeys (ConfUtils.java:logGet(43)) - raft.server.watch.element-limit = 65536 (default)
2019-09-26 09:56:53,252 [9a4e3a28-262d-469e-99f7-286cb914bc66@group-786278D7BEB0:LeaderElection5] INFO  impl.RoleInfo (RoleInfo.java:updateAndGet(143)) - 9a4e3a28-262d-469e-99f7-286cb914bc66: start LeaderState
2019-09-26 09:56:53,253 [9a4e3a28-262d-469e-99f7-286cb914bc66@group-786278D7BEB0:LeaderElection5] INFO  segmented.SegmentedRaftLogWorker (SegmentedRaftLogWorker.java:startLogSegment(380)) - 9a4e3a28-262d-469e-99f7-286cb914bc66@group-786278D7BEB0-SegmentedRaftLogWorker: Starting segment from index:0
2019-09-26 09:56:53,253 [9a4e3a28-262d-469e-99f7-286cb914bc66@group-786278D7BEB0:LeaderElection5] INFO  impl.RaftServerImpl (ServerState.java:setRaftConf(354)) - 9a4e3a28-262d-469e-99f7-286cb914bc66@group-786278D7BEB0: set configuration 0: [9a4e3a28-262d-469e-99f7-286cb914bc66:192.168.30.13:38221], old=null at 0
2019-09-26 09:56:53,294 [9a4e3a28-262d-469e-99f7-286cb914bc66@group-786278D7BEB0-SegmentedRaftLogWorker] INFO  segmented.SegmentedRaftLogWorker (SegmentedRaftLogWorker.java:execute(569)) - 9a4e3a28-262d-469e-99f7-286cb914bc66@group-786278D7BEB0-SegmentedRaftLogWorker: created new log segment /workdir/hadoop-ozone/integration-test/target/test-dir/MiniOzoneClusterImpl-90b94c19-38e3-4b62-8beb-5bce376b68a2/datanode-1/data/ratis/332d71b7-f0dd-4283-a543-786278d7beb0/current/log_inprogress_0
2019-09-26 09:56:53,319 [Thread-201] INFO  impl.FollowerState (FollowerState.java:run(106)) - 5acecdc3-9f7b-4d69-984a-a06ca9625c3b:group-04669AD5C46C changes to CANDIDATE, lastRpcTime:5088, electionTimeout:5088ms
2019-09-26 09:56:53,319 [Thread-201] INFO  impl.RoleInfo (RoleInfo.java:shutdownFollowerState(121)) - 5acecdc3-9f7b-4d69-984a-a06ca9625c3b: shutdown FollowerState
2019-09-26 09:56:53,319 [Thread-201] INFO  impl.RaftServerImpl (RaftServerImpl.java:setRole(174)) - 5acecdc3-9f7b-4d69-984a-a06ca9625c3b@group-04669AD5C46C: changes role from  FOLLOWER to CANDIDATE at term 0 for changeToCandidate
2019-09-26 09:56:53,319 [Thread-201] INFO  impl.RoleInfo (RoleInfo.java:updateAndGet(143)) - 5acecdc3-9f7b-4d69-984a-a06ca9625c3b: start LeaderElection
2019-09-26 09:56:53,324 [Thread-204] INFO  impl.FollowerState (FollowerState.java:run(106)) - c71d065e-fd25-4780-a7c8-fad2cb759771:group-7BF22732F1CA changes to CANDIDATE, lastRpcTime:5035, electionTimeout:5035ms
2019-09-26 09:56:53,325 [Thread-204] INFO  impl.RoleInfo (RoleInfo.java:shutdownFollowerState(121)) - c71d065e-fd25-4780-a7c8-fad2cb759771: shutdown FollowerState
2019-09-26 09:56:53,325 [Thread-204] INFO  impl.RaftServerImpl (RaftServerImpl.java:setRole(174)) - c71d065e-fd25-4780-a7c8-fad2cb759771@group-7BF22732F1CA: changes role from  FOLLOWER to CANDIDATE at term 0 for changeToCandidate
2019-09-26 09:56:53,325 [Thread-204] INFO  impl.RoleInfo (RoleInfo.java:updateAndGet(143)) - c71d065e-fd25-4780-a7c8-fad2cb759771: start LeaderElection
2019-09-26 09:56:53,328 [Thread-198] INFO  impl.FollowerState (FollowerState.java:run(106)) - 5acecdc3-9f7b-4d69-984a-a06ca9625c3b:group-573420A7C958 changes to CANDIDATE, lastRpcTime:5162, electionTimeout:5162ms
2019-09-26 09:56:53,328 [Thread-198] INFO  impl.RoleInfo (RoleInfo.java:shutdownFollowerState(121)) - 5acecdc3-9f7b-4d69-984a-a06ca9625c3b: shutdown FollowerState
2019-09-26 09:56:53,328 [Thread-198] INFO  impl.RaftServerImpl (RaftServerImpl.java:setRole(174)) - 5acecdc3-9f7b-4d69-984a-a06ca9625c3b@group-573420A7C958: changes role from  FOLLOWER to CANDIDATE at term 0 for changeToCandidate
2019-09-26 09:56:53,328 [Thread-198] INFO  impl.RoleInfo (RoleInfo.java:updateAndGet(143)) - 5acecdc3-9f7b-4d69-984a-a06ca9625c3b: start LeaderElection
2019-09-26 09:56:53,336 [c71d065e-fd25-4780-a7c8-fad2cb759771@group-7BF22732F1CA:LeaderElection7] INFO  impl.LeaderElection (LeaderElection.java:askForVotes(182)) - c71d065e-fd25-4780-a7c8-fad2cb759771@group-7BF22732F1CA:LeaderElection7: begin an election at term 1 for -1: [c71d065e-fd25-4780-a7c8-fad2cb759771:192.168.30.13:38931], old=null
2019-09-26 09:56:53,336 [5acecdc3-9f7b-4d69-984a-a06ca9625c3b@group-573420A7C958:LeaderElection8] INFO  impl.LeaderElection (LeaderElection.java:askForVotes(182)) - 5acecdc3-9f7b-4d69-984a-a06ca9625c3b@group-573420A7C958:LeaderElection8: begin an election at term 1 for -1: [5acecdc3-9f7b-4d69-984a-a06ca9625c3b:192.168.30.13:43435], old=null
2019-09-26 09:56:53,336 [c71d065e-fd25-4780-a7c8-fad2cb759771@group-7BF22732F1CA:LeaderElection7] INFO  impl.RoleInfo (RoleInfo.java:shutdownLeaderElection(134)) - c71d065e-fd25-4780-a7c8-fad2cb759771: shutdown LeaderElection
2019-09-26 09:56:53,336 [5acecdc3-9f7b-4d69-984a-a06ca9625c3b@group-04669AD5C46C:LeaderElection6] INFO  impl.LeaderElection (LeaderElection.java:askForVotes(182)) - 5acecdc3-9f7b-4d69-984a-a06ca9625c3b@group-04669AD5C46C:LeaderElection6: begin an election at term 1 for -1: [5acecdc3-9f7b-4d69-984a-a06ca9625c3b:192.168.30.13:43435], old=null
2019-09-26 09:56:53,337 [c71d065e-fd25-4780-a7c8-fad2cb759771@group-7BF22732F1CA:LeaderElection7] INFO  impl.RaftServerImpl (RaftServerImpl.java:setRole(174)) - c71d065e-fd25-4780-a7c8-fad2cb759771@group-7BF22732F1CA: changes role from CANDIDATE to LEADER at term 1 for changeToLeader
2019-09-26 09:56:53,336 [5acecdc3-9f7b-4d69-984a-a06ca9625c3b@group-573420A7C958:LeaderElection8] INFO  impl.RoleInfo (RoleInfo.java:shutdownLeaderElection(134)) - 5acecdc3-9f7b-4d69-984a-a06ca9625c3b: shutdown LeaderElection
2019-09-26 09:56:53,337 [c71d065e-fd25-4780-a7c8-fad2cb759771@group-7BF22732F1CA:LeaderElection7] INFO  impl.RaftServerImpl (ServerState.java:setLeader(253)) - c71d065e-fd25-4780-a7c8-fad2cb759771@group-7BF22732F1CA: change Leader from null to c71d065e-fd25-4780-a7c8-fad2cb759771 at term 1 for becomeLeader, leader elected after 5055ms
2019-09-26 09:56:53,337 [5acecdc3-9f7b-4d69-984a-a06ca9625c3b@group-04669AD5C46C:LeaderElection6] INFO  impl.RoleInfo (RoleInfo.java:shutdownLeaderElection(134)) - 5acecdc3-9f7b-4d69-984a-a06ca9625c3b: shutdown LeaderElection
2019-09-26 09:56:53,337 [c71d065e-fd25-4780-a7c8-fad2cb759771@group-7BF22732F1CA:LeaderElection7] INFO  server.RaftServerConfigKeys (ConfUtils.java:logGet(43)) - raft.server.staging.catchup.gap = 1000 (default)
2019-09-26 09:56:53,337 [5acecdc3-9f7b-4d69-984a-a06ca9625c3b@group-573420A7C958:LeaderElection8] INFO  impl.RaftServerImpl (RaftServerImpl.java:setRole(174)) - 5acecdc3-9f7b-4d69-984a-a06ca9625c3b@group-573420A7C958: changes role from CANDIDATE to LEADER at term 1 for changeToLeader
2019-09-26 09:56:53,337 [c71d065e-fd25-4780-a7c8-fad2cb759771@group-7BF22732F1CA:LeaderElection7] INFO  server.RaftServerConfigKeys (ConfUtils.java:logGet(43)) - raft.server.rpc.sleep.time = 25ms (default)
2019-09-26 09:56:53,337 [5acecdc3-9f7b-4d69-984a-a06ca9625c3b@group-04669AD5C46C:LeaderElection6] INFO  impl.RaftServerImpl (RaftServerImpl.java:setRole(174)) - 5acecdc3-9f7b-4d69-984a-a06ca9625c3b@group-04669AD5C46C: changes role from CANDIDATE to LEADER at term 1 for changeToLeader
2019-09-26 09:56:53,337 [c71d065e-fd25-4780-a7c8-fad2cb759771@group-7BF22732F1CA:LeaderElection7] INFO  server.RaftServerConfigKeys (ConfUtils.java:logGet(43)) - raft.server.write.element-limit = 4096 (default)
2019-09-26 09:56:53,337 [5acecdc3-9f7b-4d69-984a-a06ca9625c3b@group-573420A7C958:LeaderElection8] INFO  impl.RaftServerImpl (ServerState.java:setLeader(253)) - 5acecdc3-9f7b-4d69-984a-a06ca9625c3b@group-573420A7C958: change Leader from null to 5acecdc3-9f7b-4d69-984a-a06ca9625c3b at term 1 for becomeLeader, leader elected after 5179ms
2019-09-26 09:56:53,337 [c71d065e-fd25-4780-a7c8-fad2cb759771@group-7BF22732F1CA:LeaderElection7] INFO  server.RaftServerConfigKeys (ConfUtils.java:logGet(43)) - raft.server.watch.timeout = 10s (default)
2019-09-26 09:56:53,337 [5acecdc3-9f7b-4d69-984a-a06ca9625c3b@group-04669AD5C46C:LeaderElection6] INFO  impl.RaftServerImpl (ServerState.java:setLeader(253)) - 5acecdc3-9f7b-4d69-984a-a06ca9625c3b@group-04669AD5C46C: change Leader from null to 5acecdc3-9f7b-4d69-984a-a06ca9625c3b at term 1 for becomeLeader, leader elected after 5116ms
2019-09-26 09:56:53,338 [c71d065e-fd25-4780-a7c8-fad2cb759771@group-7BF22732F1CA:LeaderElection7] INFO  server.RaftServerConfigKeys (ConfUtils.java:logGet(43)) - raft.server.watch.timeout.denomination = 1s (default)
2019-09-26 09:56:53,338 [5acecdc3-9f7b-4d69-984a-a06ca9625c3b@group-573420A7C958:LeaderElection8] INFO  server.RaftServerConfigKeys (ConfUtils.java:logGet(43)) - raft.server.staging.catchup.gap = 1000 (default)
2019-09-26 09:56:53,338 [c71d065e-fd25-4780-a7c8-fad2cb759771@group-7BF22732F1CA:LeaderElection7] INFO  server.RaftServerConfigKeys (ConfUtils.java:logGet(43)) - raft.server.watch.element-limit = 65536 (default)
2019-09-26 09:56:53,338 [5acecdc3-9f7b-4d69-984a-a06ca9625c3b@group-04669AD5C46C:LeaderElection6] INFO  server.RaftServerConfigKeys (ConfUtils.java:logGet(43)) - raft.server.staging.catchup.gap = 1000 (default)
2019-09-26 09:56:53,338 [5acecdc3-9f7b-4d69-984a-a06ca9625c3b@group-573420A7C958:LeaderElection8] INFO  server.RaftServerConfigKeys (ConfUtils.java:logGet(43)) - raft.server.rpc.sleep.time = 25ms (default)
2019-09-26 09:56:53,338 [5acecdc3-9f7b-4d69-984a-a06ca9625c3b@group-04669AD5C46C:LeaderElection6] INFO  server.RaftServerConfigKeys (ConfUtils.java:logGet(43)) - raft.server.rpc.sleep.time = 25ms (default)
2019-09-26 09:56:53,338 [5acecdc3-9f7b-4d69-984a-a06ca9625c3b@group-573420A7C958:LeaderElection8] INFO  server.RaftServerConfigKeys (ConfUtils.java:logGet(43)) - raft.server.write.element-limit = 4096 (default)
2019-09-26 09:56:53,338 [5acecdc3-9f7b-4d69-984a-a06ca9625c3b@group-04669AD5C46C:LeaderElection6] INFO  server.RaftServerConfigKeys (ConfUtils.java:logGet(43)) - raft.server.write.element-limit = 4096 (default)
2019-09-26 09:56:53,339 [5acecdc3-9f7b-4d69-984a-a06ca9625c3b@group-573420A7C958:LeaderElection8] INFO  server.RaftServerConfigKeys (ConfUtils.java:logGet(43)) - raft.server.watch.timeout = 10s (default)
2019-09-26 09:56:53,339 [5acecdc3-9f7b-4d69-984a-a06ca9625c3b@group-04669AD5C46C:LeaderElection6] INFO  server.RaftServerConfigKeys (ConfUtils.java:logGet(43)) - raft.server.watch.timeout = 10s (default)
2019-09-26 09:56:53,339 [5acecdc3-9f7b-4d69-984a-a06ca9625c3b@group-573420A7C958:LeaderElection8] INFO  server.RaftServerConfigKeys (ConfUtils.java:logGet(43)) - raft.server.watch.timeout.denomination = 1s (default)
2019-09-26 09:56:53,339 [5acecdc3-9f7b-4d69-984a-a06ca9625c3b@group-04669AD5C46C:LeaderElection6] INFO  server.RaftServerConfigKeys (ConfUtils.java:logGet(43)) - raft.server.watch.timeout.denomination = 1s (default)
2019-09-26 09:56:53,339 [5acecdc3-9f7b-4d69-984a-a06ca9625c3b@group-573420A7C958:LeaderElection8] INFO  server.RaftServerConfigKeys (ConfUtils.java:logGet(43)) - raft.server.watch.element-limit = 65536 (default)
2019-09-26 09:56:53,339 [5acecdc3-9f7b-4d69-984a-a06ca9625c3b@group-04669AD5C46C:LeaderElection6] INFO  server.RaftServerConfigKeys (ConfUtils.java:logGet(43)) - raft.server.watch.element-limit = 65536 (default)
2019-09-26 09:56:53,340 [c71d065e-fd25-4780-a7c8-fad2cb759771@group-7BF22732F1CA:LeaderElection7] INFO  impl.RoleInfo (RoleInfo.java:updateAndGet(143)) - c71d065e-fd25-4780-a7c8-fad2cb759771: start LeaderState
2019-09-26 09:56:53,340 [c71d065e-fd25-4780-a7c8-fad2cb759771@group-7BF22732F1CA:LeaderElection7] INFO  segmented.SegmentedRaftLogWorker (SegmentedRaftLogWorker.java:startLogSegment(380)) - c71d065e-fd25-4780-a7c8-fad2cb759771@group-7BF22732F1CA-SegmentedRaftLogWorker: Starting segment from index:0
2019-09-26 09:56:53,340 [c71d065e-fd25-4780-a7c8-fad2cb759771@group-7BF22732F1CA:LeaderElection7] INFO  impl.RaftServerImpl (ServerState.java:setRaftConf(354)) - c71d065e-fd25-4780-a7c8-fad2cb759771@group-7BF22732F1CA: set configuration 0: [c71d065e-fd25-4780-a7c8-fad2cb759771:192.168.30.13:38931], old=null at 0
2019-09-26 09:56:53,366 [5acecdc3-9f7b-4d69-984a-a06ca9625c3b@group-573420A7C958:LeaderElection8] INFO  impl.RoleInfo (RoleInfo.java:updateAndGet(143)) - 5acecdc3-9f7b-4d69-984a-a06ca9625c3b: start LeaderState
2019-09-26 09:56:53,366 [5acecdc3-9f7b-4d69-984a-a06ca9625c3b@group-04669AD5C46C:LeaderElection6] INFO  impl.RoleInfo (RoleInfo.java:updateAndGet(143)) - 5acecdc3-9f7b-4d69-984a-a06ca9625c3b: start LeaderState
2019-09-26 09:56:53,366 [5acecdc3-9f7b-4d69-984a-a06ca9625c3b@group-573420A7C958:LeaderElection8] INFO  segmented.SegmentedRaftLogWorker (SegmentedRaftLogWorker.java:startLogSegment(380)) - 5acecdc3-9f7b-4d69-984a-a06ca9625c3b@group-573420A7C958-SegmentedRaftLogWorker: Starting segment from index:0
2019-09-26 09:56:53,366 [5acecdc3-9f7b-4d69-984a-a06ca9625c3b@group-04669AD5C46C:LeaderElection6] INFO  segmented.SegmentedRaftLogWorker (SegmentedRaftLogWorker.java:startLogSegment(380)) - 5acecdc3-9f7b-4d69-984a-a06ca9625c3b@group-04669AD5C46C-SegmentedRaftLogWorker: Starting segment from index:0
2019-09-26 09:56:53,367 [5acecdc3-9f7b-4d69-984a-a06ca9625c3b@group-573420A7C958:LeaderElection8] INFO  impl.RaftServerImpl (ServerState.java:setRaftConf(354)) - 5acecdc3-9f7b-4d69-984a-a06ca9625c3b@group-573420A7C958: set configuration 0: [5acecdc3-9f7b-4d69-984a-a06ca9625c3b:192.168.30.13:43435], old=null at 0
2019-09-26 09:56:53,367 [5acecdc3-9f7b-4d69-984a-a06ca9625c3b@group-04669AD5C46C:LeaderElection6] INFO  impl.RaftServerImpl (ServerState.java:setRaftConf(354)) - 5acecdc3-9f7b-4d69-984a-a06ca9625c3b@group-04669AD5C46C: set configuration 0: [5acecdc3-9f7b-4d69-984a-a06ca9625c3b:192.168.30.13:43435], old=null at 0
2019-09-26 09:56:53,406 [c71d065e-fd25-4780-a7c8-fad2cb759771@group-7BF22732F1CA-SegmentedRaftLogWorker] INFO  segmented.SegmentedRaftLogWorker (SegmentedRaftLogWorker.java:execute(569)) - c71d065e-fd25-4780-a7c8-fad2cb759771@group-7BF22732F1CA-SegmentedRaftLogWorker: created new log segment /workdir/hadoop-ozone/integration-test/target/test-dir/MiniOzoneClusterImpl-90b94c19-38e3-4b62-8beb-5bce376b68a2/datanode-2/data/ratis/861db4b5-c85d-4787-ba8f-7bf22732f1ca/current/log_inprogress_0
2019-09-26 09:56:53,412 [5acecdc3-9f7b-4d69-984a-a06ca9625c3b@group-573420A7C958-SegmentedRaftLogWorker] INFO  segmented.SegmentedRaftLogWorker (SegmentedRaftLogWorker.java:execute(569)) - 5acecdc3-9f7b-4d69-984a-a06ca9625c3b@group-573420A7C958-SegmentedRaftLogWorker: created new log segment /workdir/hadoop-ozone/integration-test/target/test-dir/MiniOzoneClusterImpl-90b94c19-38e3-4b62-8beb-5bce376b68a2/datanode-0/data/ratis/be5cccae-0559-460a-9701-573420a7c958/current/log_inprogress_0
2019-09-26 09:56:53,412 [5acecdc3-9f7b-4d69-984a-a06ca9625c3b@group-04669AD5C46C-SegmentedRaftLogWorker] INFO  segmented.SegmentedRaftLogWorker (SegmentedRaftLogWorker.java:execute(569)) - 5acecdc3-9f7b-4d69-984a-a06ca9625c3b@group-04669AD5C46C-SegmentedRaftLogWorker: created new log segment /workdir/hadoop-ozone/integration-test/target/test-dir/MiniOzoneClusterImpl-90b94c19-38e3-4b62-8beb-5bce376b68a2/datanode-0/data/ratis/18f519e6-de33-483c-a77e-04669ad5c46c/current/log_inprogress_0
2019-09-26 09:56:53,446 [Thread-213] INFO  impl.FollowerState (FollowerState.java:run(106)) - 9a4e3a28-262d-469e-99f7-286cb914bc66:group-DD5694721366 changes to CANDIDATE, lastRpcTime:5004, electionTimeout:5004ms
2019-09-26 09:56:53,446 [Thread-213] INFO  impl.RoleInfo (RoleInfo.java:shutdownFollowerState(121)) - 9a4e3a28-262d-469e-99f7-286cb914bc66: shutdown FollowerState
2019-09-26 09:56:53,446 [Thread-213] INFO  impl.RaftServerImpl (RaftServerImpl.java:setRole(174)) - 9a4e3a28-262d-469e-99f7-286cb914bc66@group-DD5694721366: changes role from  FOLLOWER to CANDIDATE at term 0 for changeToCandidate
2019-09-26 09:56:53,446 [Thread-213] INFO  impl.RoleInfo (RoleInfo.java:updateAndGet(143)) - 9a4e3a28-262d-469e-99f7-286cb914bc66: start LeaderElection
2019-09-26 09:56:53,463 [9a4e3a28-262d-469e-99f7-286cb914bc66@group-DD5694721366:LeaderElection9] INFO  impl.LeaderElection (LeaderElection.java:askForVotes(182)) - 9a4e3a28-262d-469e-99f7-286cb914bc66@group-DD5694721366:LeaderElection9: begin an election at term 1 for -1: [9a4e3a28-262d-469e-99f7-286cb914bc66:192.168.30.13:38221], old=null
2019-09-26 09:56:53,463 [9a4e3a28-262d-469e-99f7-286cb914bc66@group-DD5694721366:LeaderElection9] INFO  impl.RoleInfo (RoleInfo.java:shutdownLeaderElection(134)) - 9a4e3a28-262d-469e-99f7-286cb914bc66: shutdown LeaderElection
2019-09-26 09:56:53,463 [9a4e3a28-262d-469e-99f7-286cb914bc66@group-DD5694721366:LeaderElection9] INFO  impl.RaftServerImpl (RaftServerImpl.java:setRole(174)) - 9a4e3a28-262d-469e-99f7-286cb914bc66@group-DD5694721366: changes role from CANDIDATE to LEADER at term 1 for changeToLeader
2019-09-26 09:56:53,463 [9a4e3a28-262d-469e-99f7-286cb914bc66@group-DD5694721366:LeaderElection9] INFO  impl.RaftServerImpl (ServerState.java:setLeader(253)) - 9a4e3a28-262d-469e-99f7-286cb914bc66@group-DD5694721366: change Leader from null to 9a4e3a28-262d-469e-99f7-286cb914bc66 at term 1 for becomeLeader, leader elected after 5027ms
2019-09-26 09:56:53,464 [9a4e3a28-262d-469e-99f7-286cb914bc66@group-DD5694721366:LeaderElection9] INFO  server.RaftServerConfigKeys (ConfUtils.java:logGet(43)) - raft.server.staging.catchup.gap = 1000 (default)
2019-09-26 09:56:53,464 [9a4e3a28-262d-469e-99f7-286cb914bc66@group-DD5694721366:LeaderElection9] INFO  server.RaftServerConfigKeys (ConfUtils.java:logGet(43)) - raft.server.rpc.sleep.time = 25ms (default)
2019-09-26 09:56:53,464 [9a4e3a28-262d-469e-99f7-286cb914bc66@group-DD5694721366:LeaderElection9] INFO  server.RaftServerConfigKeys (ConfUtils.java:logGet(43)) - raft.server.write.element-limit = 4096 (default)
2019-09-26 09:56:53,464 [9a4e3a28-262d-469e-99f7-286cb914bc66@group-DD5694721366:LeaderElection9] INFO  server.RaftServerConfigKeys (ConfUtils.java:logGet(43)) - raft.server.watch.timeout = 10s (default)
2019-09-26 09:56:53,464 [9a4e3a28-262d-469e-99f7-286cb914bc66@group-DD5694721366:LeaderElection9] INFO  server.RaftServerConfigKeys (ConfUtils.java:logGet(43)) - raft.server.watch.timeout.denomination = 1s (default)
2019-09-26 09:56:53,464 [9a4e3a28-262d-469e-99f7-286cb914bc66@group-DD5694721366:LeaderElection9] INFO  server.RaftServerConfigKeys (ConfUtils.java:logGet(43)) - raft.server.watch.element-limit = 65536 (default)
2019-09-26 09:56:53,468 [9a4e3a28-262d-469e-99f7-286cb914bc66@group-DD5694721366:LeaderElection9] INFO  impl.RoleInfo (RoleInfo.java:updateAndGet(143)) - 9a4e3a28-262d-469e-99f7-286cb914bc66: start LeaderState
2019-09-26 09:56:53,468 [9a4e3a28-262d-469e-99f7-286cb914bc66@group-DD5694721366:LeaderElection9] INFO  segmented.SegmentedRaftLogWorker (SegmentedRaftLogWorker.java:startLogSegment(380)) - 9a4e3a28-262d-469e-99f7-286cb914bc66@group-DD5694721366-SegmentedRaftLogWorker: Starting segment from index:0
2019-09-26 09:56:53,469 [9a4e3a28-262d-469e-99f7-286cb914bc66@group-DD5694721366:LeaderElection9] INFO  impl.RaftServerImpl (ServerState.java:setRaftConf(354)) - 9a4e3a28-262d-469e-99f7-286cb914bc66@group-DD5694721366: set configuration 0: [9a4e3a28-262d-469e-99f7-286cb914bc66:192.168.30.13:38221], old=null at 0
2019-09-26 09:56:53,507 [Thread-216] INFO  impl.FollowerState (FollowerState.java:run(106)) - c71d065e-fd25-4780-a7c8-fad2cb759771:group-161D65E3765F changes to CANDIDATE, lastRpcTime:5009, electionTimeout:5009ms
2019-09-26 09:56:53,507 [Thread-216] INFO  impl.RoleInfo (RoleInfo.java:shutdownFollowerState(121)) - c71d065e-fd25-4780-a7c8-fad2cb759771: shutdown FollowerState
2019-09-26 09:56:53,507 [Thread-216] INFO  impl.RaftServerImpl (RaftServerImpl.java:setRole(174)) - c71d065e-fd25-4780-a7c8-fad2cb759771@group-161D65E3765F: changes role from  FOLLOWER to CANDIDATE at term 0 for changeToCandidate
2019-09-26 09:56:53,508 [Thread-216] INFO  impl.RoleInfo (RoleInfo.java:updateAndGet(143)) - c71d065e-fd25-4780-a7c8-fad2cb759771: start LeaderElection
2019-09-26 09:56:53,516 [9a4e3a28-262d-469e-99f7-286cb914bc66@group-DD5694721366-SegmentedRaftLogWorker] INFO  segmented.SegmentedRaftLogWorker (SegmentedRaftLogWorker.java:execute(569)) - 9a4e3a28-262d-469e-99f7-286cb914bc66@group-DD5694721366-SegmentedRaftLogWorker: created new log segment /workdir/hadoop-ozone/integration-test/target/test-dir/MiniOzoneClusterImpl-90b94c19-38e3-4b62-8beb-5bce376b68a2/datanode-1/data/ratis/3ad21453-994c-4cd2-aa93-dd5694721366/current/log_inprogress_0
2019-09-26 09:56:53,516 [c71d065e-fd25-4780-a7c8-fad2cb759771@group-161D65E3765F:LeaderElection10] INFO  impl.LeaderElection (LeaderElection.java:askForVotes(182)) - c71d065e-fd25-4780-a7c8-fad2cb759771@group-161D65E3765F:LeaderElection10: begin an election at term 1 for -1: [c71d065e-fd25-4780-a7c8-fad2cb759771:192.168.30.13:38931], old=null
2019-09-26 09:56:53,516 [c71d065e-fd25-4780-a7c8-fad2cb759771@group-161D65E3765F:LeaderElection10] INFO  impl.RoleInfo (RoleInfo.java:shutdownLeaderElection(134)) - c71d065e-fd25-4780-a7c8-fad2cb759771: shutdown LeaderElection
2019-09-26 09:56:53,516 [c71d065e-fd25-4780-a7c8-fad2cb759771@group-161D65E3765F:LeaderElection10] INFO  impl.RaftServerImpl (RaftServerImpl.java:setRole(174)) - c71d065e-fd25-4780-a7c8-fad2cb759771@group-161D65E3765F: changes role from CANDIDATE to LEADER at term 1 for changeToLeader
2019-09-26 09:56:53,516 [c71d065e-fd25-4780-a7c8-fad2cb759771@group-161D65E3765F:LeaderElection10] INFO  impl.RaftServerImpl (ServerState.java:setLeader(253)) - c71d065e-fd25-4780-a7c8-fad2cb759771@group-161D65E3765F: change Leader from null to c71d065e-fd25-4780-a7c8-fad2cb759771 at term 1 for becomeLeader, leader elected after 5024ms
2019-09-26 09:56:53,516 [c71d065e-fd25-4780-a7c8-fad2cb759771@group-161D65E3765F:LeaderElection10] INFO  server.RaftServerConfigKeys (ConfUtils.java:logGet(43)) - raft.server.staging.catchup.gap = 1000 (default)
2019-09-26 09:56:53,517 [c71d065e-fd25-4780-a7c8-fad2cb759771@group-161D65E3765F:LeaderElection10] INFO  server.RaftServerConfigKeys (ConfUtils.java:logGet(43)) - raft.server.rpc.sleep.time = 25ms (default)
2019-09-26 09:56:53,517 [c71d065e-fd25-4780-a7c8-fad2cb759771@group-161D65E3765F:LeaderElection10] INFO  server.RaftServerConfigKeys (ConfUtils.java:logGet(43)) - raft.server.write.element-limit = 4096 (default)
2019-09-26 09:56:53,517 [c71d065e-fd25-4780-a7c8-fad2cb759771@group-161D65E3765F:LeaderElection10] INFO  server.RaftServerConfigKeys (ConfUtils.java:logGet(43)) - raft.server.watch.timeout = 10s (default)
2019-09-26 09:56:53,517 [c71d065e-fd25-4780-a7c8-fad2cb759771@group-161D65E3765F:LeaderElection10] INFO  server.RaftServerConfigKeys (ConfUtils.java:logGet(43)) - raft.server.watch.timeout.denomination = 1s (default)
2019-09-26 09:56:53,517 [c71d065e-fd25-4780-a7c8-fad2cb759771@group-161D65E3765F:LeaderElection10] INFO  server.RaftServerConfigKeys (ConfUtils.java:logGet(43)) - raft.server.watch.element-limit = 65536 (default)
2019-09-26 09:56:53,521 [c71d065e-fd25-4780-a7c8-fad2cb759771@group-161D65E3765F:LeaderElection10] INFO  impl.RoleInfo (RoleInfo.java:updateAndGet(143)) - c71d065e-fd25-4780-a7c8-fad2cb759771: start LeaderState
2019-09-26 09:56:53,521 [c71d065e-fd25-4780-a7c8-fad2cb759771@group-161D65E3765F:LeaderElection10] INFO  segmented.SegmentedRaftLogWorker (SegmentedRaftLogWorker.java:startLogSegment(380)) - c71d065e-fd25-4780-a7c8-fad2cb759771@group-161D65E3765F-SegmentedRaftLogWorker: Starting segment from index:0
2019-09-26 09:56:53,522 [c71d065e-fd25-4780-a7c8-fad2cb759771@group-161D65E3765F:LeaderElection10] INFO  impl.RaftServerImpl (ServerState.java:setRaftConf(354)) - c71d065e-fd25-4780-a7c8-fad2cb759771@group-161D65E3765F: set configuration 0: [c71d065e-fd25-4780-a7c8-fad2cb759771:192.168.30.13:38931], old=null at 0
2019-09-26 09:56:53,557 [Thread-210] INFO  impl.FollowerState (FollowerState.java:run(106)) - 9a4e3a28-262d-469e-99f7-286cb914bc66:group-9CAA073683B9 changes to CANDIDATE, lastRpcTime:5164, electionTimeout:5144ms
2019-09-26 09:56:53,557 [Thread-207] INFO  impl.FollowerState (FollowerState.java:run(106)) - 5acecdc3-9f7b-4d69-984a-a06ca9625c3b:group-ED1B22B9DB7A changes to CANDIDATE, lastRpcTime:5201, electionTimeout:5179ms
2019-09-26 09:56:53,557 [Thread-210] INFO  impl.RoleInfo (RoleInfo.java:shutdownFollowerState(121)) - 9a4e3a28-262d-469e-99f7-286cb914bc66: shutdown FollowerState
2019-09-26 09:56:53,557 [Thread-207] INFO  impl.RoleInfo (RoleInfo.java:shutdownFollowerState(121)) - 5acecdc3-9f7b-4d69-984a-a06ca9625c3b: shutdown FollowerState
2019-09-26 09:56:53,557 [Thread-210] INFO  impl.RaftServerImpl (RaftServerImpl.java:setRole(174)) - 9a4e3a28-262d-469e-99f7-286cb914bc66@group-9CAA073683B9: changes role from  FOLLOWER to CANDIDATE at term 0 for changeToCandidate
2019-09-26 09:56:53,557 [Thread-207] INFO  impl.RaftServerImpl (RaftServerImpl.java:setRole(174)) - 5acecdc3-9f7b-4d69-984a-a06ca9625c3b@group-ED1B22B9DB7A: changes role from  FOLLOWER to CANDIDATE at term 0 for changeToCandidate
2019-09-26 09:56:53,558 [Thread-210] INFO  impl.RoleInfo (RoleInfo.java:updateAndGet(143)) - 9a4e3a28-262d-469e-99f7-286cb914bc66: start LeaderElection
2019-09-26 09:56:53,558 [Thread-207] INFO  impl.RoleInfo (RoleInfo.java:updateAndGet(143)) - 5acecdc3-9f7b-4d69-984a-a06ca9625c3b: start LeaderElection
2019-09-26 09:56:53,570 [c71d065e-fd25-4780-a7c8-fad2cb759771@group-161D65E3765F-SegmentedRaftLogWorker] INFO  segmented.SegmentedRaftLogWorker (SegmentedRaftLogWorker.java:execute(569)) - c71d065e-fd25-4780-a7c8-fad2cb759771@group-161D65E3765F-SegmentedRaftLogWorker: created new log segment /workdir/hadoop-ozone/integration-test/target/test-dir/MiniOzoneClusterImpl-90b94c19-38e3-4b62-8beb-5bce376b68a2/datanode-2/data/ratis/50d29121-5107-4be0-b87e-161d65e3765f/current/log_inprogress_0
2019-09-26 09:56:53,570 [5acecdc3-9f7b-4d69-984a-a06ca9625c3b@group-ED1B22B9DB7A:LeaderElection12] INFO  impl.LeaderElection (LeaderElection.java:askForVotes(182)) - 5acecdc3-9f7b-4d69-984a-a06ca9625c3b@group-ED1B22B9DB7A:LeaderElection12: begin an election at term 1 for -1: [5acecdc3-9f7b-4d69-984a-a06ca9625c3b:192.168.30.13:43435], old=null
2019-09-26 09:56:53,570 [9a4e3a28-262d-469e-99f7-286cb914bc66@group-9CAA073683B9:LeaderElection11] INFO  impl.LeaderElection (LeaderElection.java:askForVotes(182)) - 9a4e3a28-262d-469e-99f7-286cb914bc66@group-9CAA073683B9:LeaderElection11: begin an election at term 1 for -1: [9a4e3a28-262d-469e-99f7-286cb914bc66:192.168.30.13:38221], old=null
2019-09-26 09:56:53,570 [5acecdc3-9f7b-4d69-984a-a06ca9625c3b@group-ED1B22B9DB7A:LeaderElection12] INFO  impl.RoleInfo (RoleInfo.java:shutdownLeaderElection(134)) - 5acecdc3-9f7b-4d69-984a-a06ca9625c3b: shutdown LeaderElection
2019-09-26 09:56:53,570 [9a4e3a28-262d-469e-99f7-286cb914bc66@group-9CAA073683B9:LeaderElection11] INFO  impl.RoleInfo (RoleInfo.java:shutdownLeaderElection(134)) - 9a4e3a28-262d-469e-99f7-286cb914bc66: shutdown LeaderElection
2019-09-26 09:56:53,570 [5acecdc3-9f7b-4d69-984a-a06ca9625c3b@group-ED1B22B9DB7A:LeaderElection12] INFO  impl.RaftServerImpl (RaftServerImpl.java:setRole(174)) - 5acecdc3-9f7b-4d69-984a-a06ca9625c3b@group-ED1B22B9DB7A: changes role from CANDIDATE to LEADER at term 1 for changeToLeader
2019-09-26 09:56:53,570 [9a4e3a28-262d-469e-99f7-286cb914bc66@group-9CAA073683B9:LeaderElection11] INFO  impl.RaftServerImpl (RaftServerImpl.java:setRole(174)) - 9a4e3a28-262d-469e-99f7-286cb914bc66@group-9CAA073683B9: changes role from CANDIDATE to LEADER at term 1 for changeToLeader
2019-09-26 09:56:53,570 [5acecdc3-9f7b-4d69-984a-a06ca9625c3b@group-ED1B22B9DB7A:LeaderElection12] INFO  impl.RaftServerImpl (ServerState.java:setLeader(253)) - 5acecdc3-9f7b-4d69-984a-a06ca9625c3b@group-ED1B22B9DB7A: change Leader from null to 5acecdc3-9f7b-4d69-984a-a06ca9625c3b at term 1 for becomeLeader, leader elected after 5221ms
2019-09-26 09:56:53,570 [9a4e3a28-262d-469e-99f7-286cb914bc66@group-9CAA073683B9:LeaderElection11] INFO  impl.RaftServerImpl (ServerState.java:setLeader(253)) - 9a4e3a28-262d-469e-99f7-286cb914bc66@group-9CAA073683B9: change Leader from null to 9a4e3a28-262d-469e-99f7-286cb914bc66 at term 1 for becomeLeader, leader elected after 5184ms
2019-09-26 09:56:53,570 [5acecdc3-9f7b-4d69-984a-a06ca9625c3b@group-ED1B22B9DB7A:LeaderElection12] INFO  server.RaftServerConfigKeys (ConfUtils.java:logGet(43)) - raft.server.staging.catchup.gap = 1000 (default)
2019-09-26 09:56:53,571 [9a4e3a28-262d-469e-99f7-286cb914bc66@group-9CAA073683B9:LeaderElection11] INFO  server.RaftServerConfigKeys (ConfUtils.java:logGet(43)) - raft.server.staging.catchup.gap = 1000 (default)
2019-09-26 09:56:53,571 [5acecdc3-9f7b-4d69-984a-a06ca9625c3b@group-ED1B22B9DB7A:LeaderElection12] INFO  server.RaftServerConfigKeys (ConfUtils.java:logGet(43)) - raft.server.rpc.sleep.time = 25ms (default)
2019-09-26 09:56:53,571 [9a4e3a28-262d-469e-99f7-286cb914bc66@group-9CAA073683B9:LeaderElection11] INFO  server.RaftServerConfigKeys (ConfUtils.java:logGet(43)) - raft.server.rpc.sleep.time = 25ms (default)
2019-09-26 09:56:53,571 [5acecdc3-9f7b-4d69-984a-a06ca9625c3b@group-ED1B22B9DB7A:LeaderElection12] INFO  server.RaftServerConfigKeys (ConfUtils.java:logGet(43)) - raft.server.write.element-limit = 4096 (default)
2019-09-26 09:56:53,571 [9a4e3a28-262d-469e-99f7-286cb914bc66@group-9CAA073683B9:LeaderElection11] INFO  server.RaftServerConfigKeys (ConfUtils.java:logGet(43)) - raft.server.write.element-limit = 4096 (default)
2019-09-26 09:56:53,571 [5acecdc3-9f7b-4d69-984a-a06ca9625c3b@group-ED1B22B9DB7A:LeaderElection12] INFO  server.RaftServerConfigKeys (ConfUtils.java:logGet(43)) - raft.server.watch.timeout = 10s (default)
2019-09-26 09:56:53,571 [9a4e3a28-262d-469e-99f7-286cb914bc66@group-9CAA073683B9:LeaderElection11] INFO  server.RaftServerConfigKeys (ConfUtils.java:logGet(43)) - raft.server.watch.timeout = 10s (default)
2019-09-26 09:56:53,571 [5acecdc3-9f7b-4d69-984a-a06ca9625c3b@group-ED1B22B9DB7A:LeaderElection12] INFO  server.RaftServerConfigKeys (ConfUtils.java:logGet(43)) - raft.server.watch.timeout.denomination = 1s (default)
2019-09-26 09:56:53,572 [9a4e3a28-262d-469e-99f7-286cb914bc66@group-9CAA073683B9:LeaderElection11] INFO  server.RaftServerConfigKeys (ConfUtils.java:logGet(43)) - raft.server.watch.timeout.denomination = 1s (default)
2019-09-26 09:56:53,572 [5acecdc3-9f7b-4d69-984a-a06ca9625c3b@group-ED1B22B9DB7A:LeaderElection12] INFO  server.RaftServerConfigKeys (ConfUtils.java:logGet(43)) - raft.server.watch.element-limit = 65536 (default)
2019-09-26 09:56:53,572 [9a4e3a28-262d-469e-99f7-286cb914bc66@group-9CAA073683B9:LeaderElection11] INFO  server.RaftServerConfigKeys (ConfUtils.java:logGet(43)) - raft.server.watch.element-limit = 65536 (default)
2019-09-26 09:56:53,575 [5acecdc3-9f7b-4d69-984a-a06ca9625c3b@group-ED1B22B9DB7A:LeaderElection12] INFO  impl.RoleInfo (RoleInfo.java:updateAndGet(143)) - 5acecdc3-9f7b-4d69-984a-a06ca9625c3b: start LeaderState
2019-09-26 09:56:53,575 [5acecdc3-9f7b-4d69-984a-a06ca9625c3b@group-ED1B22B9DB7A:LeaderElection12] INFO  segmented.SegmentedRaftLogWorker (SegmentedRaftLogWorker.java:startLogSegment(380)) - 5acecdc3-9f7b-4d69-984a-a06ca9625c3b@group-ED1B22B9DB7A-SegmentedRaftLogWorker: Starting segment from index:0
2019-09-26 09:56:53,575 [9a4e3a28-262d-469e-99f7-286cb914bc66@group-9CAA073683B9:LeaderElection11] INFO  impl.RoleInfo (RoleInfo.java:updateAndGet(143)) - 9a4e3a28-262d-469e-99f7-286cb914bc66: start LeaderState
2019-09-26 09:56:53,575 [9a4e3a28-262d-469e-99f7-286cb914bc66@group-9CAA073683B9:LeaderElection11] INFO  segmented.SegmentedRaftLogWorker (SegmentedRaftLogWorker.java:startLogSegment(380)) - 9a4e3a28-262d-469e-99f7-286cb914bc66@group-9CAA073683B9-SegmentedRaftLogWorker: Starting segment from index:0
2019-09-26 09:56:53,575 [5acecdc3-9f7b-4d69-984a-a06ca9625c3b@group-ED1B22B9DB7A:LeaderElection12] INFO  impl.RaftServerImpl (ServerState.java:setRaftConf(354)) - 5acecdc3-9f7b-4d69-984a-a06ca9625c3b@group-ED1B22B9DB7A: set configuration 0: [5acecdc3-9f7b-4d69-984a-a06ca9625c3b:192.168.30.13:43435], old=null at 0
2019-09-26 09:56:53,611 [9a4e3a28-262d-469e-99f7-286cb914bc66@group-9CAA073683B9:LeaderElection11] INFO  impl.RaftServerImpl (ServerState.java:setRaftConf(354)) - 9a4e3a28-262d-469e-99f7-286cb914bc66@group-9CAA073683B9: set configuration 0: [9a4e3a28-262d-469e-99f7-286cb914bc66:192.168.30.13:38221], old=null at 0
2019-09-26 09:56:53,641 [5acecdc3-9f7b-4d69-984a-a06ca9625c3b@group-ED1B22B9DB7A-SegmentedRaftLogWorker] INFO  segmented.SegmentedRaftLogWorker (SegmentedRaftLogWorker.java:execute(569)) - 5acecdc3-9f7b-4d69-984a-a06ca9625c3b@group-ED1B22B9DB7A-SegmentedRaftLogWorker: created new log segment /workdir/hadoop-ozone/integration-test/target/test-dir/MiniOzoneClusterImpl-90b94c19-38e3-4b62-8beb-5bce376b68a2/datanode-0/data/ratis/aab80e80-03c6-4544-a394-ed1b22b9db7a/current/log_inprogress_0
2019-09-26 09:56:53,651 [Thread-225] INFO  impl.FollowerState (FollowerState.java:run(106)) - 5acecdc3-9f7b-4d69-984a-a06ca9625c3b:group-6DCF788B13A3 changes to CANDIDATE, lastRpcTime:5011, electionTimeout:5011ms
2019-09-26 09:56:53,652 [Thread-225] INFO  impl.RoleInfo (RoleInfo.java:shutdownFollowerState(121)) - 5acecdc3-9f7b-4d69-984a-a06ca9625c3b: shutdown FollowerState
2019-09-26 09:56:53,652 [Thread-225] INFO  impl.RaftServerImpl (RaftServerImpl.java:setRole(174)) - 5acecdc3-9f7b-4d69-984a-a06ca9625c3b@group-6DCF788B13A3: changes role from  FOLLOWER to CANDIDATE at term 0 for changeToCandidate
2019-09-26 09:56:53,654 [9a4e3a28-262d-469e-99f7-286cb914bc66@group-9CAA073683B9-SegmentedRaftLogWorker] INFO  segmented.SegmentedRaftLogWorker (SegmentedRaftLogWorker.java:execute(569)) - 9a4e3a28-262d-469e-99f7-286cb914bc66@group-9CAA073683B9-SegmentedRaftLogWorker: created new log segment /workdir/hadoop-ozone/integration-test/target/test-dir/MiniOzoneClusterImpl-90b94c19-38e3-4b62-8beb-5bce376b68a2/datanode-1/data/ratis/fbdcab51-0a4e-48f3-b4f2-9caa073683b9/current/log_inprogress_0
2019-09-26 09:56:53,655 [Thread-225] INFO  impl.RoleInfo (RoleInfo.java:updateAndGet(143)) - 5acecdc3-9f7b-4d69-984a-a06ca9625c3b: start LeaderElection
2019-09-26 09:56:53,675 [Thread-219] INFO  impl.FollowerState (FollowerState.java:run(106)) - 9a4e3a28-262d-469e-99f7-286cb914bc66:group-578B8E91FA6A changes to CANDIDATE, lastRpcTime:5135, electionTimeout:5135ms
2019-09-26 09:56:53,676 [Thread-219] INFO  impl.RoleInfo (RoleInfo.java:shutdownFollowerState(121)) - 9a4e3a28-262d-469e-99f7-286cb914bc66: shutdown FollowerState
2019-09-26 09:56:53,676 [Thread-219] INFO  impl.RaftServerImpl (RaftServerImpl.java:setRole(174)) - 9a4e3a28-262d-469e-99f7-286cb914bc66@group-578B8E91FA6A: changes role from  FOLLOWER to CANDIDATE at term 0 for changeToCandidate
2019-09-26 09:56:53,676 [Thread-219] INFO  impl.RoleInfo (RoleInfo.java:updateAndGet(143)) - 9a4e3a28-262d-469e-99f7-286cb914bc66: start LeaderElection
2019-09-26 09:56:53,679 [5acecdc3-9f7b-4d69-984a-a06ca9625c3b@group-6DCF788B13A3:LeaderElection13] INFO  impl.LeaderElection (LeaderElection.java:askForVotes(182)) - 5acecdc3-9f7b-4d69-984a-a06ca9625c3b@group-6DCF788B13A3:LeaderElection13: begin an election at term 1 for -1: [5acecdc3-9f7b-4d69-984a-a06ca9625c3b:192.168.30.13:43435], old=null
2019-09-26 09:56:53,679 [5acecdc3-9f7b-4d69-984a-a06ca9625c3b@group-6DCF788B13A3:LeaderElection13] INFO  impl.RoleInfo (RoleInfo.java:shutdownLeaderElection(134)) - 5acecdc3-9f7b-4d69-984a-a06ca9625c3b: shutdown LeaderElection
2019-09-26 09:56:53,679 [5acecdc3-9f7b-4d69-984a-a06ca9625c3b@group-6DCF788B13A3:LeaderElection13] INFO  impl.RaftServerImpl (RaftServerImpl.java:setRole(174)) - 5acecdc3-9f7b-4d69-984a-a06ca9625c3b@group-6DCF788B13A3: changes role from CANDIDATE to LEADER at term 1 for changeToLeader
2019-09-26 09:56:53,679 [5acecdc3-9f7b-4d69-984a-a06ca9625c3b@group-6DCF788B13A3:LeaderElection13] INFO  impl.RaftServerImpl (ServerState.java:setLeader(253)) - 5acecdc3-9f7b-4d69-984a-a06ca9625c3b@group-6DCF788B13A3: change Leader from null to 5acecdc3-9f7b-4d69-984a-a06ca9625c3b at term 1 for becomeLeader, leader elected after 5044ms
2019-09-26 09:56:53,680 [5acecdc3-9f7b-4d69-984a-a06ca9625c3b@group-6DCF788B13A3:LeaderElection13] INFO  server.RaftServerConfigKeys (ConfUtils.java:logGet(43)) - raft.server.staging.catchup.gap = 1000 (default)
2019-09-26 09:56:53,680 [5acecdc3-9f7b-4d69-984a-a06ca9625c3b@group-6DCF788B13A3:LeaderElection13] INFO  server.RaftServerConfigKeys (ConfUtils.java:logGet(43)) - raft.server.rpc.sleep.time = 25ms (default)
2019-09-26 09:56:53,680 [5acecdc3-9f7b-4d69-984a-a06ca9625c3b@group-6DCF788B13A3:LeaderElection13] INFO  server.RaftServerConfigKeys (ConfUtils.java:logGet(43)) - raft.server.write.element-limit = 4096 (default)
2019-09-26 09:56:53,680 [5acecdc3-9f7b-4d69-984a-a06ca9625c3b@group-6DCF788B13A3:LeaderElection13] INFO  server.RaftServerConfigKeys (ConfUtils.java:logGet(43)) - raft.server.watch.timeout = 10s (default)
2019-09-26 09:56:53,680 [5acecdc3-9f7b-4d69-984a-a06ca9625c3b@group-6DCF788B13A3:LeaderElection13] INFO  server.RaftServerConfigKeys (ConfUtils.java:logGet(43)) - raft.server.watch.timeout.denomination = 1s (default)
2019-09-26 09:56:53,680 [5acecdc3-9f7b-4d69-984a-a06ca9625c3b@group-6DCF788B13A3:LeaderElection13] INFO  server.RaftServerConfigKeys (ConfUtils.java:logGet(43)) - raft.server.watch.element-limit = 65536 (default)
2019-09-26 09:56:53,683 [5acecdc3-9f7b-4d69-984a-a06ca9625c3b@group-6DCF788B13A3:LeaderElection13] INFO  impl.RoleInfo (RoleInfo.java:updateAndGet(143)) - 5acecdc3-9f7b-4d69-984a-a06ca9625c3b: start LeaderState
2019-09-26 09:56:53,683 [5acecdc3-9f7b-4d69-984a-a06ca9625c3b@group-6DCF788B13A3:LeaderElection13] INFO  segmented.SegmentedRaftLogWorker (SegmentedRaftLogWorker.java:startLogSegment(380)) - 5acecdc3-9f7b-4d69-984a-a06ca9625c3b@group-6DCF788B13A3-SegmentedRaftLogWorker: Starting segment from index:0
2019-09-26 09:56:53,684 [5acecdc3-9f7b-4d69-984a-a06ca9625c3b@group-6DCF788B13A3:LeaderElection13] INFO  impl.RaftServerImpl (ServerState.java:setRaftConf(354)) - 5acecdc3-9f7b-4d69-984a-a06ca9625c3b@group-6DCF788B13A3: set configuration 0: [5acecdc3-9f7b-4d69-984a-a06ca9625c3b:192.168.30.13:43435], old=null at 0
2019-09-26 09:56:53,719 [9a4e3a28-262d-469e-99f7-286cb914bc66@group-578B8E91FA6A:LeaderElection14] INFO  impl.LeaderElection (LeaderElection.java:askForVotes(182)) - 9a4e3a28-262d-469e-99f7-286cb914bc66@group-578B8E91FA6A:LeaderElection14: begin an election at term 1 for -1: [9a4e3a28-262d-469e-99f7-286cb914bc66:192.168.30.13:38221], old=null
2019-09-26 09:56:53,719 [9a4e3a28-262d-469e-99f7-286cb914bc66@group-578B8E91FA6A:LeaderElection14] INFO  impl.RoleInfo (RoleInfo.java:shutdownLeaderElection(134)) - 9a4e3a28-262d-469e-99f7-286cb914bc66: shutdown LeaderElection
2019-09-26 09:56:53,719 [9a4e3a28-262d-469e-99f7-286cb914bc66@group-578B8E91FA6A:LeaderElection14] INFO  impl.RaftServerImpl (RaftServerImpl.java:setRole(174)) - 9a4e3a28-262d-469e-99f7-286cb914bc66@group-578B8E91FA6A: changes role from CANDIDATE to LEADER at term 1 for changeToLeader
2019-09-26 09:56:53,720 [9a4e3a28-262d-469e-99f7-286cb914bc66@group-578B8E91FA6A:LeaderElection14] INFO  impl.RaftServerImpl (ServerState.java:setLeader(253)) - 9a4e3a28-262d-469e-99f7-286cb914bc66@group-578B8E91FA6A: change Leader from null to 9a4e3a28-262d-469e-99f7-286cb914bc66 at term 1 for becomeLeader, leader elected after 5186ms
2019-09-26 09:56:53,720 [9a4e3a28-262d-469e-99f7-286cb914bc66@group-578B8E91FA6A:LeaderElection14] INFO  server.RaftServerConfigKeys (ConfUtils.java:logGet(43)) - raft.server.staging.catchup.gap = 1000 (default)
2019-09-26 09:56:53,720 [9a4e3a28-262d-469e-99f7-286cb914bc66@group-578B8E91FA6A:LeaderElection14] INFO  server.RaftServerConfigKeys (ConfUtils.java:logGet(43)) - raft.server.rpc.sleep.time = 25ms (default)
2019-09-26 09:56:53,720 [9a4e3a28-262d-469e-99f7-286cb914bc66@group-578B8E91FA6A:LeaderElection14] INFO  server.RaftServerConfigKeys (ConfUtils.java:logGet(43)) - raft.server.write.element-limit = 4096 (default)
2019-09-26 09:56:53,720 [9a4e3a28-262d-469e-99f7-286cb914bc66@group-578B8E91FA6A:LeaderElection14] INFO  server.RaftServerConfigKeys (ConfUtils.java:logGet(43)) - raft.server.watch.timeout = 10s (default)
2019-09-26 09:56:53,721 [9a4e3a28-262d-469e-99f7-286cb914bc66@group-578B8E91FA6A:LeaderElection14] INFO  server.RaftServerConfigKeys (ConfUtils.java:logGet(43)) - raft.server.watch.timeout.denomination = 1s (default)
2019-09-26 09:56:53,721 [9a4e3a28-262d-469e-99f7-286cb914bc66@group-578B8E91FA6A:LeaderElection14] INFO  server.RaftServerConfigKeys (ConfUtils.java:logGet(43)) - raft.server.watch.element-limit = 65536 (default)
2019-09-26 09:56:53,724 [9a4e3a28-262d-469e-99f7-286cb914bc66@group-578B8E91FA6A:LeaderElection14] INFO  impl.RoleInfo (RoleInfo.java:updateAndGet(143)) - 9a4e3a28-262d-469e-99f7-286cb914bc66: start LeaderState
2019-09-26 09:56:53,726 [9a4e3a28-262d-469e-99f7-286cb914bc66@group-578B8E91FA6A:LeaderElection14] INFO  segmented.SegmentedRaftLogWorker (SegmentedRaftLogWorker.java:startLogSegment(380)) - 9a4e3a28-262d-469e-99f7-286cb914bc66@group-578B8E91FA6A-SegmentedRaftLogWorker: Starting segment from index:0
2019-09-26 09:56:53,726 [9a4e3a28-262d-469e-99f7-286cb914bc66@group-578B8E91FA6A:LeaderElection14] INFO  impl.RaftServerImpl (ServerState.java:setRaftConf(354)) - 9a4e3a28-262d-469e-99f7-286cb914bc66@group-578B8E91FA6A: set configuration 0: [9a4e3a28-262d-469e-99f7-286cb914bc66:192.168.30.13:38221], old=null at 0
2019-09-26 09:56:53,764 [Thread-222] INFO  impl.FollowerState (FollowerState.java:run(106)) - c71d065e-fd25-4780-a7c8-fad2cb759771:group-59131432D61E changes to CANDIDATE, lastRpcTime:5175, electionTimeout:5175ms
2019-09-26 09:56:53,764 [5acecdc3-9f7b-4d69-984a-a06ca9625c3b@group-6DCF788B13A3-SegmentedRaftLogWorker] INFO  segmented.SegmentedRaftLogWorker (SegmentedRaftLogWorker.java:execute(569)) - 5acecdc3-9f7b-4d69-984a-a06ca9625c3b@group-6DCF788B13A3-SegmentedRaftLogWorker: created new log segment /workdir/hadoop-ozone/integration-test/target/test-dir/MiniOzoneClusterImpl-90b94c19-38e3-4b62-8beb-5bce376b68a2/datanode-0/data/ratis/fbb23949-7fa5-4f59-8858-6dcf788b13a3/current/log_inprogress_0
2019-09-26 09:56:53,765 [Thread-222] INFO  impl.RoleInfo (RoleInfo.java:shutdownFollowerState(121)) - c71d065e-fd25-4780-a7c8-fad2cb759771: shutdown FollowerState
2019-09-26 09:56:53,765 [Thread-231] INFO  impl.FollowerState (FollowerState.java:run(106)) - 5acecdc3-9f7b-4d69-984a-a06ca9625c3b:group-9BFA86016293 changes to CANDIDATE, lastRpcTime:5023, electionTimeout:5006ms
2019-09-26 09:56:53,765 [Thread-222] INFO  impl.RaftServerImpl (RaftServerImpl.java:setRole(174)) - c71d065e-fd25-4780-a7c8-fad2cb759771@group-59131432D61E: changes role from  FOLLOWER to CANDIDATE at term 0 for changeToCandidate
2019-09-26 09:56:53,765 [Thread-231] INFO  impl.RoleInfo (RoleInfo.java:shutdownFollowerState(121)) - 5acecdc3-9f7b-4d69-984a-a06ca9625c3b: shutdown FollowerState
2019-09-26 09:56:53,765 [Thread-231] INFO  impl.RaftServerImpl (RaftServerImpl.java:setRole(174)) - 5acecdc3-9f7b-4d69-984a-a06ca9625c3b@group-9BFA86016293: changes role from  FOLLOWER to CANDIDATE at term 0 for changeToCandidate
2019-09-26 09:56:53,765 [Thread-222] INFO  impl.RoleInfo (RoleInfo.java:updateAndGet(143)) - c71d065e-fd25-4780-a7c8-fad2cb759771: start LeaderElection
2019-09-26 09:56:53,765 [Thread-231] INFO  impl.RoleInfo (RoleInfo.java:updateAndGet(143)) - 5acecdc3-9f7b-4d69-984a-a06ca9625c3b: start LeaderElection
2019-09-26 09:56:53,778 [9a4e3a28-262d-469e-99f7-286cb914bc66@group-578B8E91FA6A-SegmentedRaftLogWorker] INFO  segmented.SegmentedRaftLogWorker (SegmentedRaftLogWorker.java:execute(569)) - 9a4e3a28-262d-469e-99f7-286cb914bc66@group-578B8E91FA6A-SegmentedRaftLogWorker: created new log segment /workdir/hadoop-ozone/integration-test/target/test-dir/MiniOzoneClusterImpl-90b94c19-38e3-4b62-8beb-5bce376b68a2/datanode-1/data/ratis/ead60284-fbd0-4db2-99f1-578b8e91fa6a/current/log_inprogress_0
2019-09-26 09:56:53,778 [c71d065e-fd25-4780-a7c8-fad2cb759771@group-59131432D61E:LeaderElection15] INFO  impl.LeaderElection (LeaderElection.java:askForVotes(182)) - c71d065e-fd25-4780-a7c8-fad2cb759771@group-59131432D61E:LeaderElection15: begin an election at term 1 for -1: [c71d065e-fd25-4780-a7c8-fad2cb759771:192.168.30.13:38931], old=null
2019-09-26 09:56:53,779 [c71d065e-fd25-4780-a7c8-fad2cb759771@group-59131432D61E:LeaderElection15] INFO  impl.RoleInfo (RoleInfo.java:shutdownLeaderElection(134)) - c71d065e-fd25-4780-a7c8-fad2cb759771: shutdown LeaderElection
2019-09-26 09:56:53,779 [c71d065e-fd25-4780-a7c8-fad2cb759771@group-59131432D61E:LeaderElection15] INFO  impl.RaftServerImpl (RaftServerImpl.java:setRole(174)) - c71d065e-fd25-4780-a7c8-fad2cb759771@group-59131432D61E: changes role from CANDIDATE to LEADER at term 1 for changeToLeader
2019-09-26 09:56:53,779 [c71d065e-fd25-4780-a7c8-fad2cb759771@group-59131432D61E:LeaderElection15] INFO  impl.RaftServerImpl (ServerState.java:setLeader(253)) - c71d065e-fd25-4780-a7c8-fad2cb759771@group-59131432D61E: change Leader from null to c71d065e-fd25-4780-a7c8-fad2cb759771 at term 1 for becomeLeader, leader elected after 5195ms
2019-09-26 09:56:53,779 [c71d065e-fd25-4780-a7c8-fad2cb759771@group-59131432D61E:LeaderElection15] INFO  server.RaftServerConfigKeys (ConfUtils.java:logGet(43)) - raft.server.staging.catchup.gap = 1000 (default)
2019-09-26 09:56:53,779 [5acecdc3-9f7b-4d69-984a-a06ca9625c3b@group-9BFA86016293:LeaderElection16] INFO  impl.LeaderElection (LeaderElection.java:askForVotes(182)) - 5acecdc3-9f7b-4d69-984a-a06ca9625c3b@group-9BFA86016293:LeaderElection16: begin an election at term 1 for -1: [5acecdc3-9f7b-4d69-984a-a06ca9625c3b:192.168.30.13:43435], old=null
2019-09-26 09:56:53,779 [c71d065e-fd25-4780-a7c8-fad2cb759771@group-59131432D61E:LeaderElection15] INFO  server.RaftServerConfigKeys (ConfUtils.java:logGet(43)) - raft.server.rpc.sleep.time = 25ms (default)
2019-09-26 09:56:53,779 [5acecdc3-9f7b-4d69-984a-a06ca9625c3b@group-9BFA86016293:LeaderElection16] INFO  impl.RoleInfo (RoleInfo.java:shutdownLeaderElection(134)) - 5acecdc3-9f7b-4d69-984a-a06ca9625c3b: shutdown LeaderElection
2019-09-26 09:56:53,780 [c71d065e-fd25-4780-a7c8-fad2cb759771@group-59131432D61E:LeaderElection15] INFO  server.RaftServerConfigKeys (ConfUtils.java:logGet(43)) - raft.server.write.element-limit = 4096 (default)
2019-09-26 09:56:53,780 [5acecdc3-9f7b-4d69-984a-a06ca9625c3b@group-9BFA86016293:LeaderElection16] INFO  impl.RaftServerImpl (RaftServerImpl.java:setRole(174)) - 5acecdc3-9f7b-4d69-984a-a06ca9625c3b@group-9BFA86016293: changes role from CANDIDATE to LEADER at term 1 for changeToLeader
2019-09-26 09:56:53,780 [c71d065e-fd25-4780-a7c8-fad2cb759771@group-59131432D61E:LeaderElection15] INFO  server.RaftServerConfigKeys (ConfUtils.java:logGet(43)) - raft.server.watch.timeout = 10s (default)
2019-09-26 09:56:53,780 [5acecdc3-9f7b-4d69-984a-a06ca9625c3b@group-9BFA86016293:LeaderElection16] INFO  impl.RaftServerImpl (ServerState.java:setLeader(253)) - 5acecdc3-9f7b-4d69-984a-a06ca9625c3b@group-9BFA86016293: change Leader from null to 5acecdc3-9f7b-4d69-984a-a06ca9625c3b at term 1 for becomeLeader, leader elected after 5044ms
2019-09-26 09:56:53,780 [c71d065e-fd25-4780-a7c8-fad2cb759771@group-59131432D61E:LeaderElection15] INFO  server.RaftServerConfigKeys (ConfUtils.java:logGet(43)) - raft.server.watch.timeout.denomination = 1s (default)
2019-09-26 09:56:53,780 [5acecdc3-9f7b-4d69-984a-a06ca9625c3b@group-9BFA86016293:LeaderElection16] INFO  server.RaftServerConfigKeys (ConfUtils.java:logGet(43)) - raft.server.staging.catchup.gap = 1000 (default)
2019-09-26 09:56:53,780 [c71d065e-fd25-4780-a7c8-fad2cb759771@group-59131432D61E:LeaderElection15] INFO  server.RaftServerConfigKeys (ConfUtils.java:logGet(43)) - raft.server.watch.element-limit = 65536 (default)
2019-09-26 09:56:53,781 [5acecdc3-9f7b-4d69-984a-a06ca9625c3b@group-9BFA86016293:LeaderElection16] INFO  server.RaftServerConfigKeys (ConfUtils.java:logGet(43)) - raft.server.rpc.sleep.time = 25ms (default)
2019-09-26 09:56:53,781 [5acecdc3-9f7b-4d69-984a-a06ca9625c3b@group-9BFA86016293:LeaderElection16] INFO  server.RaftServerConfigKeys (ConfUtils.java:logGet(43)) - raft.server.write.element-limit = 4096 (default)
2019-09-26 09:56:53,781 [5acecdc3-9f7b-4d69-984a-a06ca9625c3b@group-9BFA86016293:LeaderElection16] INFO  server.RaftServerConfigKeys (ConfUtils.java:logGet(43)) - raft.server.watch.timeout = 10s (default)
2019-09-26 09:56:53,781 [5acecdc3-9f7b-4d69-984a-a06ca9625c3b@group-9BFA86016293:LeaderElection16] INFO  server.RaftServerConfigKeys (ConfUtils.java:logGet(43)) - raft.server.watch.timeout.denomination = 1s (default)
2019-09-26 09:56:53,781 [5acecdc3-9f7b-4d69-984a-a06ca9625c3b@group-9BFA86016293:LeaderElection16] INFO  server.RaftServerConfigKeys (ConfUtils.java:logGet(43)) - raft.server.watch.element-limit = 65536 (default)
2019-09-26 09:56:53,784 [c71d065e-fd25-4780-a7c8-fad2cb759771@group-59131432D61E:LeaderElection15] INFO  impl.RoleInfo (RoleInfo.java:updateAndGet(143)) - c71d065e-fd25-4780-a7c8-fad2cb759771: start LeaderState
2019-09-26 09:56:53,784 [c71d065e-fd25-4780-a7c8-fad2cb759771@group-59131432D61E:LeaderElection15] INFO  segmented.SegmentedRaftLogWorker (SegmentedRaftLogWorker.java:startLogSegment(380)) - c71d065e-fd25-4780-a7c8-fad2cb759771@group-59131432D61E-SegmentedRaftLogWorker: Starting segment from index:0
2019-09-26 09:56:53,784 [5acecdc3-9f7b-4d69-984a-a06ca9625c3b@group-9BFA86016293:LeaderElection16] INFO  impl.RoleInfo (RoleInfo.java:updateAndGet(143)) - 5acecdc3-9f7b-4d69-984a-a06ca9625c3b: start LeaderState
2019-09-26 09:56:53,784 [c71d065e-fd25-4780-a7c8-fad2cb759771@group-59131432D61E:LeaderElection15] INFO  impl.RaftServerImpl (ServerState.java:setRaftConf(354)) - c71d065e-fd25-4780-a7c8-fad2cb759771@group-59131432D61E: set configuration 0: [c71d065e-fd25-4780-a7c8-fad2cb759771:192.168.30.13:38931], old=null at 0
2019-09-26 09:56:53,785 [5acecdc3-9f7b-4d69-984a-a06ca9625c3b@group-9BFA86016293:LeaderElection16] INFO  segmented.SegmentedRaftLogWorker (SegmentedRaftLogWorker.java:startLogSegment(380)) - 5acecdc3-9f7b-4d69-984a-a06ca9625c3b@group-9BFA86016293-SegmentedRaftLogWorker: Starting segment from index:0
2019-09-26 09:56:53,819 [5acecdc3-9f7b-4d69-984a-a06ca9625c3b@group-9BFA86016293:LeaderElection16] INFO  impl.RaftServerImpl (ServerState.java:setRaftConf(354)) - 5acecdc3-9f7b-4d69-984a-a06ca9625c3b@group-9BFA86016293: set configuration 0: [5acecdc3-9f7b-4d69-984a-a06ca9625c3b:192.168.30.13:43435], old=null at 0
2019-09-26 09:56:53,859 [Thread-228] INFO  impl.FollowerState (FollowerState.java:run(106)) - c71d065e-fd25-4780-a7c8-fad2cb759771:group-1FDEDA0933E1 changes to CANDIDATE, lastRpcTime:5164, electionTimeout:5129ms
2019-09-26 09:56:53,859 [Thread-228] INFO  impl.RoleInfo (RoleInfo.java:shutdownFollowerState(121)) - c71d065e-fd25-4780-a7c8-fad2cb759771: shutdown FollowerState
2019-09-26 09:56:53,859 [c71d065e-fd25-4780-a7c8-fad2cb759771@group-59131432D61E-SegmentedRaftLogWorker] INFO  segmented.SegmentedRaftLogWorker (SegmentedRaftLogWorker.java:execute(569)) - c71d065e-fd25-4780-a7c8-fad2cb759771@group-59131432D61E-SegmentedRaftLogWorker: created new log segment /workdir/hadoop-ozone/integration-test/target/test-dir/MiniOzoneClusterImpl-90b94c19-38e3-4b62-8beb-5bce376b68a2/datanode-2/data/ratis/7ae3dd75-563f-4b8b-9b25-59131432d61e/current/log_inprogress_0
2019-09-26 09:56:53,859 [Thread-228] INFO  impl.RaftServerImpl (RaftServerImpl.java:setRole(174)) - c71d065e-fd25-4780-a7c8-fad2cb759771@group-1FDEDA0933E1: changes role from  FOLLOWER to CANDIDATE at term 0 for changeToCandidate
2019-09-26 09:56:53,861 [Thread-228] INFO  impl.RoleInfo (RoleInfo.java:updateAndGet(143)) - c71d065e-fd25-4780-a7c8-fad2cb759771: start LeaderElection
2019-09-26 09:56:53,874 [5acecdc3-9f7b-4d69-984a-a06ca9625c3b@group-9BFA86016293-SegmentedRaftLogWorker] INFO  segmented.SegmentedRaftLogWorker (SegmentedRaftLogWorker.java:execute(569)) - 5acecdc3-9f7b-4d69-984a-a06ca9625c3b@group-9BFA86016293-SegmentedRaftLogWorker: created new log segment /workdir/hadoop-ozone/integration-test/target/test-dir/MiniOzoneClusterImpl-90b94c19-38e3-4b62-8beb-5bce376b68a2/datanode-0/data/ratis/dab3a3d6-2f29-4f38-8da4-9bfa86016293/current/log_inprogress_0
2019-09-26 09:56:53,874 [c71d065e-fd25-4780-a7c8-fad2cb759771@group-1FDEDA0933E1:LeaderElection17] INFO  impl.LeaderElection (LeaderElection.java:askForVotes(182)) - c71d065e-fd25-4780-a7c8-fad2cb759771@group-1FDEDA0933E1:LeaderElection17: begin an election at term 1 for -1: [c71d065e-fd25-4780-a7c8-fad2cb759771:192.168.30.13:38931], old=null
2019-09-26 09:56:53,875 [c71d065e-fd25-4780-a7c8-fad2cb759771@group-1FDEDA0933E1:LeaderElection17] INFO  impl.RoleInfo (RoleInfo.java:shutdownLeaderElection(134)) - c71d065e-fd25-4780-a7c8-fad2cb759771: shutdown LeaderElection
2019-09-26 09:56:53,875 [c71d065e-fd25-4780-a7c8-fad2cb759771@group-1FDEDA0933E1:LeaderElection17] INFO  impl.RaftServerImpl (RaftServerImpl.java:setRole(174)) - c71d065e-fd25-4780-a7c8-fad2cb759771@group-1FDEDA0933E1: changes role from CANDIDATE to LEADER at term 1 for changeToLeader
2019-09-26 09:56:53,875 [c71d065e-fd25-4780-a7c8-fad2cb759771@group-1FDEDA0933E1:LeaderElection17] INFO  impl.RaftServerImpl (ServerState.java:setLeader(253)) - c71d065e-fd25-4780-a7c8-fad2cb759771@group-1FDEDA0933E1: change Leader from null to c71d065e-fd25-4780-a7c8-fad2cb759771 at term 1 for becomeLeader, leader elected after 5189ms
2019-09-26 09:56:53,875 [c71d065e-fd25-4780-a7c8-fad2cb759771@group-1FDEDA0933E1:LeaderElection17] INFO  server.RaftServerConfigKeys (ConfUtils.java:logGet(43)) - raft.server.staging.catchup.gap = 1000 (default)
2019-09-26 09:56:53,876 [c71d065e-fd25-4780-a7c8-fad2cb759771@group-1FDEDA0933E1:LeaderElection17] INFO  server.RaftServerConfigKeys (ConfUtils.java:logGet(43)) - raft.server.rpc.sleep.time = 25ms (default)
2019-09-26 09:56:53,876 [c71d065e-fd25-4780-a7c8-fad2cb759771@group-1FDEDA0933E1:LeaderElection17] INFO  server.RaftServerConfigKeys (ConfUtils.java:logGet(43)) - raft.server.write.element-limit = 4096 (default)
2019-09-26 09:56:53,876 [c71d065e-fd25-4780-a7c8-fad2cb759771@group-1FDEDA0933E1:LeaderElection17] INFO  server.RaftServerConfigKeys (ConfUtils.java:logGet(43)) - raft.server.watch.timeout = 10s (default)
2019-09-26 09:56:53,876 [c71d065e-fd25-4780-a7c8-fad2cb759771@group-1FDEDA0933E1:LeaderElection17] INFO  server.RaftServerConfigKeys (ConfUtils.java:logGet(43)) - raft.server.watch.timeout.denomination = 1s (default)
2019-09-26 09:56:53,876 [c71d065e-fd25-4780-a7c8-fad2cb759771@group-1FDEDA0933E1:LeaderElection17] INFO  server.RaftServerConfigKeys (ConfUtils.java:logGet(43)) - raft.server.watch.element-limit = 65536 (default)
2019-09-26 09:56:53,882 [c71d065e-fd25-4780-a7c8-fad2cb759771@group-1FDEDA0933E1:LeaderElection17] INFO  impl.RoleInfo (RoleInfo.java:updateAndGet(143)) - c71d065e-fd25-4780-a7c8-fad2cb759771: start LeaderState
2019-09-26 09:56:53,883 [c71d065e-fd25-4780-a7c8-fad2cb759771@group-1FDEDA0933E1:LeaderElection17] INFO  segmented.SegmentedRaftLogWorker (SegmentedRaftLogWorker.java:startLogSegment(380)) - c71d065e-fd25-4780-a7c8-fad2cb759771@group-1FDEDA0933E1-SegmentedRaftLogWorker: Starting segment from index:0
2019-09-26 09:56:53,883 [c71d065e-fd25-4780-a7c8-fad2cb759771@group-1FDEDA0933E1:LeaderElection17] INFO  impl.RaftServerImpl (ServerState.java:setRaftConf(354)) - c71d065e-fd25-4780-a7c8-fad2cb759771@group-1FDEDA0933E1: set configuration 0: [c71d065e-fd25-4780-a7c8-fad2cb759771:192.168.30.13:38931], old=null at 0
2019-09-26 09:56:53,932 [c71d065e-fd25-4780-a7c8-fad2cb759771@group-1FDEDA0933E1-SegmentedRaftLogWorker] INFO  segmented.SegmentedRaftLogWorker (SegmentedRaftLogWorker.java:execute(569)) - c71d065e-fd25-4780-a7c8-fad2cb759771@group-1FDEDA0933E1-SegmentedRaftLogWorker: created new log segment /workdir/hadoop-ozone/integration-test/target/test-dir/MiniOzoneClusterImpl-90b94c19-38e3-4b62-8beb-5bce376b68a2/datanode-2/data/ratis/d73a3f3b-272e-4432-86ce-1fdeda0933e1/current/log_inprogress_0
2019-09-26 09:56:54,155 [IPC Server handler 18 on 40785] INFO  pipeline.PipelinePlacementPolicy (PipelinePlacementPolicy.java:meetCriteria(91)) - Pipeline Placement: can't place more pipeline on heavy datanode： 5acecdc3-9f7b-4d69-984a-a06ca9625c3b Heaviness: 6 limit: 5
2019-09-26 09:56:54,155 [IPC Server handler 18 on 40785] INFO  pipeline.PipelinePlacementPolicy (PipelinePlacementPolicy.java:meetCriteria(91)) - Pipeline Placement: can't place more pipeline on heavy datanode： c71d065e-fd25-4780-a7c8-fad2cb759771 Heaviness: 6 limit: 5
2019-09-26 09:56:54,155 [IPC Server handler 18 on 40785] INFO  pipeline.PipelinePlacementPolicy (PipelinePlacementPolicy.java:meetCriteria(91)) - Pipeline Placement: can't place more pipeline on heavy datanode： 9a4e3a28-262d-469e-99f7-286cb914bc66 Heaviness: 6 limit: 5
2019-09-26 09:56:54,155 [IPC Server handler 18 on 40785] ERROR pipeline.PipelinePlacementPolicy (PipelinePlacementPolicy.java:filterViableNodes(148)) - Unable to find enough nodes that meet the criteria that cannot engage in more than 5 pipelines. Nodes required: 3 Found: 0, healthy nodes count inNodeManager: 3.
2019-09-26 09:56:54,155 [IPC Server handler 18 on 40785] ERROR pipeline.SCMPipelineManager (SCMPipelineManager.java:createPipeline(167)) - Pipeline creation failed.
org.apache.hadoop.hdds.scm.exceptions.SCMException: Unable to find enough nodes that meet the criteria that cannot engage in more than 5 pipelines. Nodes required: 3 Found: 0, healthy nodes count inNodeManager: 3.
	at org.apache.hadoop.hdds.scm.pipeline.PipelinePlacementPolicy.filterViableNodes(PipelinePlacementPolicy.java:149)
	at org.apache.hadoop.hdds.scm.pipeline.PipelinePlacementPolicy.chooseDatanodes(PipelinePlacementPolicy.java:172)
	at org.apache.hadoop.hdds.scm.pipeline.RatisPipelineProvider.create(RatisPipelineProvider.java:93)
	at org.apache.hadoop.hdds.scm.pipeline.PipelineFactory.create(PipelineFactory.java:58)
	at org.apache.hadoop.hdds.scm.pipeline.SCMPipelineManager.createPipeline(SCMPipelineManager.java:155)
	at org.apache.hadoop.hdds.scm.block.BlockManagerImpl.allocateBlock(BlockManagerImpl.java:190)
	at org.apache.hadoop.hdds.scm.server.SCMBlockProtocolServer.allocateBlock(SCMBlockProtocolServer.java:182)
	at org.apache.hadoop.ozone.protocolPB.ScmBlockLocationProtocolServerSideTranslatorPB.allocateScmBlock(ScmBlockLocationProtocolServerSideTranslatorPB.java:183)
	at org.apache.hadoop.ozone.protocolPB.ScmBlockLocationProtocolServerSideTranslatorPB.processMessage(ScmBlockLocationProtocolServerSideTranslatorPB.java:141)
	at org.apache.hadoop.ozone.protocolPB.ScmBlockLocationProtocolServerSideTranslatorPB.send(ScmBlockLocationProtocolServerSideTranslatorPB.java:116)
	at org.apache.hadoop.hdds.protocol.proto.ScmBlockLocationProtocolProtos$ScmBlockLocationProtocolService$2.callBlockingMethod(ScmBlockLocationProtocolProtos.java:13157)
	at org.apache.hadoop.ipc.ProtobufRpcEngine$Server$ProtoBufRpcInvoker.call(ProtobufRpcEngine.java:524)
	at org.apache.hadoop.ipc.RPC$Server.call(RPC.java:1025)
	at org.apache.hadoop.ipc.Server$RpcCall.run(Server.java:876)
	at org.apache.hadoop.ipc.Server$RpcCall.run(Server.java:822)
	at java.security.AccessController.doPrivileged(Native Method)
	at javax.security.auth.Subject.doAs(Subject.java:422)
	at org.apache.hadoop.security.UserGroupInformation.doAs(UserGroupInformation.java:1730)
	at org.apache.hadoop.ipc.Server$Handler.run(Server.java:2682)
2019-09-26 09:56:54,156 [IPC Server handler 18 on 40785] WARN  block.BlockManagerImpl (BlockManagerImpl.java:allocateBlock(192)) - Pipeline creation failed for type:RATIS factor:THREE. Retrying get pipelines call once.
org.apache.hadoop.hdds.scm.exceptions.SCMException: Unable to find enough nodes that meet the criteria that cannot engage in more than 5 pipelines. Nodes required: 3 Found: 0, healthy nodes count inNodeManager: 3.
	at org.apache.hadoop.hdds.scm.pipeline.PipelinePlacementPolicy.filterViableNodes(PipelinePlacementPolicy.java:149)
	at org.apache.hadoop.hdds.scm.pipeline.PipelinePlacementPolicy.chooseDatanodes(PipelinePlacementPolicy.java:172)
	at org.apache.hadoop.hdds.scm.pipeline.RatisPipelineProvider.create(RatisPipelineProvider.java:93)
	at org.apache.hadoop.hdds.scm.pipeline.PipelineFactory.create(PipelineFactory.java:58)
	at org.apache.hadoop.hdds.scm.pipeline.SCMPipelineManager.createPipeline(SCMPipelineManager.java:155)
	at org.apache.hadoop.hdds.scm.block.BlockManagerImpl.allocateBlock(BlockManagerImpl.java:190)
	at org.apache.hadoop.hdds.scm.server.SCMBlockProtocolServer.allocateBlock(SCMBlockProtocolServer.java:182)
	at org.apache.hadoop.ozone.protocolPB.ScmBlockLocationProtocolServerSideTranslatorPB.allocateScmBlock(ScmBlockLocationProtocolServerSideTranslatorPB.java:183)
	at org.apache.hadoop.ozone.protocolPB.ScmBlockLocationProtocolServerSideTranslatorPB.processMessage(ScmBlockLocationProtocolServerSideTranslatorPB.java:141)
	at org.apache.hadoop.ozone.protocolPB.ScmBlockLocationProtocolServerSideTranslatorPB.send(ScmBlockLocationProtocolServerSideTranslatorPB.java:116)
	at org.apache.hadoop.hdds.protocol.proto.ScmBlockLocationProtocolProtos$ScmBlockLocationProtocolService$2.callBlockingMethod(ScmBlockLocationProtocolProtos.java:13157)
	at org.apache.hadoop.ipc.ProtobufRpcEngine$Server$ProtoBufRpcInvoker.call(ProtobufRpcEngine.java:524)
	at org.apache.hadoop.ipc.RPC$Server.call(RPC.java:1025)
	at org.apache.hadoop.ipc.Server$RpcCall.run(Server.java:876)
	at org.apache.hadoop.ipc.Server$RpcCall.run(Server.java:822)
	at java.security.AccessController.doPrivileged(Native Method)
	at javax.security.auth.Subject.doAs(Subject.java:422)
	at org.apache.hadoop.security.UserGroupInformation.doAs(UserGroupInformation.java:1730)
	at org.apache.hadoop.ipc.Server$Handler.run(Server.java:2682)
2019-09-26 09:56:54,156 [IPC Server handler 18 on 40785] INFO  block.BlockManagerImpl (BlockManagerImpl.java:allocateBlock(198)) - Could not find available pipeline of type:RATIS and factor:THREE even after retrying
2019-09-26 09:56:54,156 [IPC Server handler 18 on 40785] ERROR block.BlockManagerImpl (BlockManagerImpl.java:allocateBlock(222)) - Unable to allocate a block for the size: 4194304, type: RATIS, factor: THREE
]]></system-out>
    <system-err><![CDATA[ERROR StatusLogger No Log4j 2 configuration file found. Using default configuration (logging only errors to the console), or user programmatically provided configurations. Set system property 'log4j2.debug' to show Log4j 2 internal initialization logging. See https://logging.apache.org/log4j/2.x/manual/configuration.html for instructions on how to configure Log4j 2
]]></system-err>
  </testcase>
</testsuite>