<?xml version="1.0" encoding="UTF-8"?>
<testsuite xmlns:xsi="http://www.w3.org/2001/XMLSchema-instance" xsi:noNamespaceSchemaLocation="https://maven.apache.org/surefire/maven-surefire-plugin/xsd/surefire-test-report.xsd" name="org.apache.hadoop.hdds.scm.pipeline.TestPipelineClose" time="71.622" tests="4" errors="4" skipped="0" failures="0">
  <properties>
    <property name="awt.toolkit" value="sun.awt.X11.XToolkit"/>
    <property name="file.encoding.pkg" value="sun.io"/>
    <property name="java.specification.version" value="1.8"/>
    <property name="sun.cpu.isalist" value=""/>
    <property name="sun.jnu.encoding" value="UTF-8"/>
    <property name="java.class.path" value="/workdir/hadoop-ozone/integration-test/target/test-classes:/workdir/hadoop-ozone/integration-test/target/classes:/home/user/.m2/repository/org/apache/hadoop/hadoop-ozone-common/0.5.0-SNAPSHOT/hadoop-ozone-common-0.5.0-SNAPSHOT.jar:/home/user/.m2/repository/org/apache/commons/commons-compress/1.4.1/commons-compress-1.4.1.jar:/home/user/.m2/repository/org/tukaani/xz/1.0/xz-1.0.jar:/home/user/.m2/repository/org/apache/hadoop/hadoop-common/3.2.0/hadoop-common-3.2.0.jar:/home/user/.m2/repository/org/apache/hadoop/hadoop-hdfs/3.2.0/hadoop-hdfs-3.2.0.jar:/home/user/.m2/repository/org/apache/hadoop/hadoop-hdfs-client/3.2.0/hadoop-hdfs-client-3.2.0.jar:/home/user/.m2/repository/com/fasterxml/jackson/core/jackson-annotations/2.9.9/jackson-annotations-2.9.9.jar:/home/user/.m2/repository/org/apache/hadoop/hadoop-hdds-common/0.5.0-SNAPSHOT/hadoop-hdds-common-0.5.0-SNAPSHOT.jar:/home/user/.m2/repository/javax/annotation/javax.annotation-api/1.2/javax.annotation-api-1.2.jar:/home/user/.m2/repository/org/apache/ratis/ratis-server/0.4.0/ratis-server-0.4.0.jar:/home/user/.m2/repository/org/apache/ratis/ratis-thirdparty-misc/0.2.0/ratis-thirdparty-misc-0.2.0.jar:/home/user/.m2/repository/org/apache/ratis/ratis-proto/0.4.0/ratis-proto-0.4.0.jar:/home/user/.m2/repository/org/apache/ratis/ratis-common/0.4.0/ratis-common-0.4.0.jar:/home/user/.m2/repository/org/apache/ratis/ratis-client/0.4.0/ratis-client-0.4.0.jar:/home/user/.m2/repository/org/apache/ratis/ratis-metrics/0.4.0/ratis-metrics-0.4.0.jar:/home/user/.m2/repository/com/github/joshelser/dropwizard-metrics-hadoop-metrics2-reporter/0.1.2/dropwizard-metrics-hadoop-metrics2-reporter-0.1.2.jar:/home/user/.m2/repository/io/dropwizard/metrics/metrics-jvm/3.2.5/metrics-jvm-3.2.5.jar:/home/user/.m2/repository/io/dropwizard/metrics/metrics-ganglia/3.2.5/metrics-ganglia-3.2.5.jar:/home/user/.m2/repository/info/ganglia/gmetric4j/gmetric4j/1.0.7/gmetric4j-1.0.7.jar:/home/user/.m2/repository/org/apache/ratis/ratis-netty/0.4.0/ratis-netty-0.4.0.jar:/home/user/.m2/repository/org/apache/ratis/ratis-grpc/0.4.0/ratis-grpc-0.4.0.jar:/home/user/.m2/repository/org/rocksdb/rocksdbjni/6.0.1/rocksdbjni-6.0.1.jar:/home/user/.m2/repository/org/apache/logging/log4j/log4j-api/2.11.0/log4j-api-2.11.0.jar:/home/user/.m2/repository/org/apache/logging/log4j/log4j-core/2.11.0/log4j-core-2.11.0.jar:/home/user/.m2/repository/com/lmax/disruptor/3.4.2/disruptor-3.4.2.jar:/home/user/.m2/repository/org/apache/commons/commons-pool2/2.6.0/commons-pool2-2.6.0.jar:/home/user/.m2/repository/org/bouncycastle/bcpkix-jdk15on/1.60/bcpkix-jdk15on-1.60.jar:/home/user/.m2/repository/commons-validator/commons-validator/1.6/commons-validator-1.6.jar:/home/user/.m2/repository/commons-digester/commons-digester/1.8.1/commons-digester-1.8.1.jar:/home/user/.m2/repository/io/jaegertracing/jaeger-client/0.34.0/jaeger-client-0.34.0.jar:/home/user/.m2/repository/io/jaegertracing/jaeger-thrift/0.34.0/jaeger-thrift-0.34.0.jar:/home/user/.m2/repository/org/apache/thrift/libthrift/0.12.0/libthrift-0.12.0.jar:/home/user/.m2/repository/com/squareup/okhttp3/okhttp/3.9.0/okhttp-3.9.0.jar:/home/user/.m2/repository/com/squareup/okio/okio/1.13.0/okio-1.13.0.jar:/home/user/.m2/repository/io/jaegertracing/jaeger-core/0.34.0/jaeger-core-0.34.0.jar:/home/user/.m2/repository/io/jaegertracing/jaeger-tracerresolver/0.34.0/jaeger-tracerresolver-0.34.0.jar:/home/user/.m2/repository/io/opentracing/contrib/opentracing-tracerresolver/0.1.5/opentracing-tracerresolver-0.1.5.jar:/home/user/.m2/repository/io/opentracing/opentracing-util/0.31.0/opentracing-util-0.31.0.jar:/home/user/.m2/repository/io/opentracing/opentracing-api/0.31.0/opentracing-api-0.31.0.jar:/home/user/.m2/repository/io/opentracing/opentracing-noop/0.31.0/opentracing-noop-0.31.0.jar:/home/user/.m2/repository/org/apache/hadoop/hadoop-hdds-server-framework/0.5.0-SNAPSHOT/hadoop-hdds-server-framework-0.5.0-SNAPSHOT.jar:/home/user/.m2/repository/org/apache/hadoop/hadoop-hdds-container-service/0.5.0-SNAPSHOT/hadoop-hdds-container-service-0.5.0-SNAPSHOT.jar:/home/user/.m2/repository/org/apache/hadoop/hadoop-hdds-client/0.5.0-SNAPSHOT/hadoop-hdds-client-0.5.0-SNAPSHOT.jar:/home/user/.m2/repository/org/apache/hadoop/hadoop-hdds-tools/0.5.0-SNAPSHOT/hadoop-hdds-tools-0.5.0-SNAPSHOT.jar:/home/user/.m2/repository/org/apache/hadoop/hadoop-hdds-server-scm/0.5.0-SNAPSHOT/hadoop-hdds-server-scm-0.5.0-SNAPSHOT.jar:/home/user/.m2/repository/org/apache/hadoop/hadoop-hdds-docs/0.5.0-SNAPSHOT/hadoop-hdds-docs-0.5.0-SNAPSHOT.jar:/home/user/.m2/repository/io/dropwizard/metrics/metrics-core/3.2.4/metrics-core-3.2.4.jar:/home/user/.m2/repository/org/hamcrest/hamcrest-all/1.3/hamcrest-all-1.3.jar:/home/user/.m2/repository/org/bouncycastle/bcprov-jdk15on/1.60/bcprov-jdk15on-1.60.jar:/home/user/.m2/repository/info/picocli/picocli/3.9.6/picocli-3.9.6.jar:/home/user/.m2/repository/com/google/protobuf/protobuf-java/2.5.0/protobuf-java-2.5.0.jar:/home/user/.m2/repository/com/google/guava/guava/11.0.2/guava-11.0.2.jar:/home/user/.m2/repository/org/apache/hadoop/hadoop-ozone-ozone-manager/0.5.0-SNAPSHOT/hadoop-ozone-ozone-manager-0.5.0-SNAPSHOT.jar:/home/user/.m2/repository/org/apache/hadoop/hadoop-minikdc/3.2.0/hadoop-minikdc-3.2.0.jar:/home/user/.m2/repository/commons-io/commons-io/2.5/commons-io-2.5.jar:/home/user/.m2/repository/org/apache/kerby/kerb-simplekdc/1.0.1/kerb-simplekdc-1.0.1.jar:/home/user/.m2/repository/org/apache/kerby/kerb-client/1.0.1/kerb-client-1.0.1.jar:/home/user/.m2/repository/org/apache/kerby/kerby-config/1.0.1/kerby-config-1.0.1.jar:/home/user/.m2/repository/org/apache/kerby/kerb-core/1.0.1/kerb-core-1.0.1.jar:/home/user/.m2/repository/org/apache/kerby/kerby-pkix/1.0.1/kerby-pkix-1.0.1.jar:/home/user/.m2/repository/org/apache/kerby/kerby-asn1/1.0.1/kerby-asn1-1.0.1.jar:/home/user/.m2/repository/org/apache/kerby/kerby-util/1.0.1/kerby-util-1.0.1.jar:/home/user/.m2/repository/org/apache/kerby/kerb-common/1.0.1/kerb-common-1.0.1.jar:/home/user/.m2/repository/org/apache/kerby/kerb-crypto/1.0.1/kerb-crypto-1.0.1.jar:/home/user/.m2/repository/org/apache/kerby/kerb-util/1.0.1/kerb-util-1.0.1.jar:/home/user/.m2/repository/org/apache/kerby/token-provider/1.0.1/token-provider-1.0.1.jar:/home/user/.m2/repository/org/apache/kerby/kerb-admin/1.0.1/kerb-admin-1.0.1.jar:/home/user/.m2/repository/org/apache/kerby/kerb-server/1.0.1/kerb-server-1.0.1.jar:/home/user/.m2/repository/org/apache/kerby/kerb-identity/1.0.1/kerb-identity-1.0.1.jar:/home/user/.m2/repository/org/apache/kerby/kerby-xdr/1.0.1/kerby-xdr-1.0.1.jar:/home/user/.m2/repository/org/slf4j/slf4j-log4j12/1.7.25/slf4j-log4j12-1.7.25.jar:/home/user/.m2/repository/org/apache/hadoop/hadoop-ozone-s3gateway/0.5.0-SNAPSHOT/hadoop-ozone-s3gateway-0.5.0-SNAPSHOT.jar:/home/user/.m2/repository/org/jboss/weld/servlet/weld-servlet/2.4.7.Final/weld-servlet-2.4.7.Final.jar:/home/user/.m2/repository/org/glassfish/jersey/containers/jersey-container-servlet-core/2.27/jersey-container-servlet-core-2.27.jar:/home/user/.m2/repository/org/glassfish/hk2/external/javax.inject/2.5.0-b42/javax.inject-2.5.0-b42.jar:/home/user/.m2/repository/org/glassfish/jersey/core/jersey-common/2.27/jersey-common-2.27.jar:/home/user/.m2/repository/org/glassfish/hk2/osgi-resource-locator/1.0.1/osgi-resource-locator-1.0.1.jar:/home/user/.m2/repository/javax/ws/rs/javax.ws.rs-api/2.1/javax.ws.rs-api-2.1.jar:/home/user/.m2/repository/org/glassfish/jersey/ext/cdi/jersey-cdi1x/2.27/jersey-cdi1x-2.27.jar:/home/user/.m2/repository/org/glassfish/jersey/inject/jersey-hk2/2.27/jersey-hk2-2.27.jar:/home/user/.m2/repository/org/glassfish/hk2/hk2-locator/2.5.0-b42/hk2-locator-2.5.0-b42.jar:/home/user/.m2/repository/org/javassist/javassist/3.22.0-CR2/javassist-3.22.0-CR2.jar:/home/user/.m2/repository/org/glassfish/hk2/hk2-api/2.5.0/hk2-api-2.5.0.jar:/home/user/.m2/repository/org/glassfish/hk2/external/jakarta.inject/2.5.0/jakarta.inject-2.5.0.jar:/home/user/.m2/repository/org/glassfish/hk2/hk2-utils/2.5.0/hk2-utils-2.5.0.jar:/home/user/.m2/repository/jakarta/annotation/jakarta.annotation-api/1.3.4/jakarta.annotation-api-1.3.4.jar:/home/user/.m2/repository/org/glassfish/hk2/external/aopalliance-repackaged/2.5.0/aopalliance-repackaged-2.5.0.jar:/home/user/.m2/repository/com/fasterxml/jackson/dataformat/jackson-dataformat-xml/2.9.0/jackson-dataformat-xml-2.9.0.jar:/home/user/.m2/repository/com/fasterxml/jackson/core/jackson-core/2.9.9/jackson-core-2.9.9.jar:/home/user/.m2/repository/com/fasterxml/jackson/module/jackson-module-jaxb-annotations/2.9.9/jackson-module-jaxb-annotations-2.9.9.jar:/home/user/.m2/repository/javax/enterprise/cdi-api/1.2/cdi-api-1.2.jar:/home/user/.m2/repository/javax/el/javax.el-api/3.0.0/javax.el-api-3.0.0.jar:/home/user/.m2/repository/javax/interceptor/javax.interceptor-api/1.2/javax.interceptor-api-1.2.jar:/home/user/.m2/repository/javax/inject/javax.inject/1/javax.inject-1.jar:/home/user/.m2/repository/com/sun/xml/bind/jaxb-impl/2.3.0.1/jaxb-impl-2.3.0.1.jar:/home/user/.m2/repository/com/sun/xml/bind/jaxb-core/2.3.0.1/jaxb-core-2.3.0.1.jar:/home/user/.m2/repository/javax/xml/bind/jaxb-api/2.3.0/jaxb-api-2.3.0.jar:/home/user/.m2/repository/javax/activation/activation/1.1.1/activation-1.1.1.jar:/home/user/.m2/repository/org/apache/hadoop/hadoop-ozone-csi/0.5.0-SNAPSHOT/hadoop-ozone-csi-0.5.0-SNAPSHOT.jar:/home/user/.m2/repository/com/google/protobuf/protobuf-java-util/3.5.1/protobuf-java-util-3.5.1.jar:/home/user/.m2/repository/org/apache/hadoop/hadoop-hdds-config/0.5.0-SNAPSHOT/hadoop-hdds-config-0.5.0-SNAPSHOT.jar:/home/user/.m2/repository/io/grpc/grpc-netty/1.17.1/grpc-netty-1.17.1.jar:/home/user/.m2/repository/io/grpc/grpc-core/1.17.1/grpc-core-1.17.1.jar:/home/user/.m2/repository/io/grpc/grpc-context/1.17.1/grpc-context-1.17.1.jar:/home/user/.m2/repository/com/google/errorprone/error_prone_annotations/2.2.0/error_prone_annotations-2.2.0.jar:/home/user/.m2/repository/org/codehaus/mojo/animal-sniffer-annotations/1.17/animal-sniffer-annotations-1.17.jar:/home/user/.m2/repository/io/opencensus/opencensus-api/0.17.0/opencensus-api-0.17.0.jar:/home/user/.m2/repository/io/opencensus/opencensus-contrib-grpc-metrics/0.17.0/opencensus-contrib-grpc-metrics-0.17.0.jar:/home/user/.m2/repository/io/netty/netty-codec-http2/4.1.30.Final/netty-codec-http2-4.1.30.Final.jar:/home/user/.m2/repository/io/netty/netty-codec-http/4.1.30.Final/netty-codec-http-4.1.30.Final.jar:/home/user/.m2/repository/io/netty/netty-codec/4.1.30.Final/netty-codec-4.1.30.Final.jar:/home/user/.m2/repository/io/netty/netty-handler/4.1.30.Final/netty-handler-4.1.30.Final.jar:/home/user/.m2/repository/io/netty/netty-handler-proxy/4.1.30.Final/netty-handler-proxy-4.1.30.Final.jar:/home/user/.m2/repository/io/netty/netty-codec-socks/4.1.30.Final/netty-codec-socks-4.1.30.Final.jar:/home/user/.m2/repository/io/netty/netty-transport-native-epoll/4.1.30.Final/netty-transport-native-epoll-4.1.30.Final.jar:/home/user/.m2/repository/io/netty/netty-common/4.1.30.Final/netty-common-4.1.30.Final.jar:/home/user/.m2/repository/io/netty/netty-buffer/4.1.30.Final/netty-buffer-4.1.30.Final.jar:/home/user/.m2/repository/io/netty/netty-transport/4.1.30.Final/netty-transport-4.1.30.Final.jar:/home/user/.m2/repository/io/netty/netty-resolver/4.1.30.Final/netty-resolver-4.1.30.Final.jar:/home/user/.m2/repository/io/netty/netty-transport-native-unix-common/4.1.30.Final/netty-transport-native-unix-common-4.1.30.Final.jar:/home/user/.m2/repository/io/grpc/grpc-protobuf/1.17.1/grpc-protobuf-1.17.1.jar:/home/user/.m2/repository/com/google/api/grpc/proto-google-common-protos/1.0.0/proto-google-common-protos-1.0.0.jar:/home/user/.m2/repository/io/grpc/grpc-protobuf-lite/1.17.1/grpc-protobuf-lite-1.17.1.jar:/home/user/.m2/repository/io/grpc/grpc-stub/1.17.1/grpc-stub-1.17.1.jar:/home/user/.m2/repository/org/apache/hadoop/hadoop-ozone-recon/0.5.0-SNAPSHOT/hadoop-ozone-recon-0.5.0-SNAPSHOT.jar:/home/user/.m2/repository/org/apache/hadoop/hadoop-ozone-reconcodegen/0.5.0-SNAPSHOT/hadoop-ozone-reconcodegen-0.5.0-SNAPSHOT.jar:/home/user/.m2/repository/com/google/inject/extensions/guice-multibindings/4.0/guice-multibindings-4.0.jar:/home/user/.m2/repository/com/google/inject/guice/4.0/guice-4.0.jar:/home/user/.m2/repository/aopalliance/aopalliance/1.0/aopalliance-1.0.jar:/home/user/.m2/repository/com/google/inject/extensions/guice-servlet/4.0/guice-servlet-4.0.jar:/home/user/.m2/repository/org/glassfish/jersey/containers/jersey-container-servlet/2.27/jersey-container-servlet-2.27.jar:/home/user/.m2/repository/org/glassfish/hk2/guice-bridge/2.5.0/guice-bridge-2.5.0.jar:/home/user/.m2/repository/org/glassfish/jersey/core/jersey-server/2.27/jersey-server-2.27.jar:/home/user/.m2/repository/org/glassfish/jersey/core/jersey-client/2.27/jersey-client-2.27.jar:/home/user/.m2/repository/org/glassfish/jersey/media/jersey-media-jaxb/2.27/jersey-media-jaxb-2.27.jar:/home/user/.m2/repository/javax/validation/validation-api/1.1.0.Final/validation-api-1.1.0.Final.jar:/home/user/.m2/repository/org/glassfish/jersey/media/jersey-media-json-jackson/2.27/jersey-media-json-jackson-2.27.jar:/home/user/.m2/repository/org/glassfish/jersey/ext/jersey-entity-filtering/2.27/jersey-entity-filtering-2.27.jar:/home/user/.m2/repository/com/google/inject/extensions/guice-assistedinject/4.0/guice-assistedinject-4.0.jar:/home/user/.m2/repository/org/jooq/jooq/3.11.10/jooq-3.11.10.jar:/home/user/.m2/repository/org/jooq/jooq-meta/3.11.10/jooq-meta-3.11.10.jar:/home/user/.m2/repository/org/jooq/jooq-codegen/3.11.10/jooq-codegen-3.11.10.jar:/home/user/.m2/repository/com/jolbox/bonecp/0.8.0.RELEASE/bonecp-0.8.0.RELEASE.jar:/home/user/.m2/repository/org/xerial/sqlite-jdbc/3.25.2/sqlite-jdbc-3.25.2.jar:/home/user/.m2/repository/org/springframework/spring-jdbc/5.1.3.RELEASE/spring-jdbc-5.1.3.RELEASE.jar:/home/user/.m2/repository/org/springframework/spring-beans/5.1.3.RELEASE/spring-beans-5.1.3.RELEASE.jar:/home/user/.m2/repository/org/springframework/spring-core/5.1.3.RELEASE/spring-core-5.1.3.RELEASE.jar:/home/user/.m2/repository/org/springframework/spring-jcl/5.1.3.RELEASE/spring-jcl-5.1.3.RELEASE.jar:/home/user/.m2/repository/org/springframework/spring-tx/5.1.3.RELEASE/spring-tx-5.1.3.RELEASE.jar:/home/user/.m2/repository/org/apache/hadoop/hadoop-ozone-client/0.5.0-SNAPSHOT/hadoop-ozone-client-0.5.0-SNAPSHOT.jar:/home/user/.m2/repository/commons-lang/commons-lang/2.6/commons-lang-2.6.jar:/home/user/.m2/repository/org/apache/hadoop/hadoop-ozone-ozone-manager/0.5.0-SNAPSHOT/hadoop-ozone-ozone-manager-0.5.0-SNAPSHOT-tests.jar:/home/user/.m2/repository/junit/junit/4.11/junit-4.11.jar:/home/user/.m2/repository/org/hamcrest/hamcrest-core/1.3/hamcrest-core-1.3.jar:/home/user/.m2/repository/org/openjdk/jmh/jmh-core/1.19/jmh-core-1.19.jar:/home/user/.m2/repository/net/sf/jopt-simple/jopt-simple/4.6/jopt-simple-4.6.jar:/home/user/.m2/repository/org/apache/commons/commons-math3/3.1.1/commons-math3-3.1.1.jar:/home/user/.m2/repository/org/openjdk/jmh/jmh-generator-annprocess/1.19/jmh-generator-annprocess-1.19.jar:/home/user/.m2/repository/org/mockito/mockito-all/1.8.5/mockito-all-1.8.5.jar:/home/user/.m2/repository/org/apache/hadoop/hadoop-kms/3.2.0/hadoop-kms-3.2.0.jar:/home/user/.m2/repository/org/apache/hadoop/hadoop-auth/3.2.0/hadoop-auth-3.2.0.jar:/home/user/.m2/repository/com/nimbusds/nimbus-jose-jwt/4.41.1/nimbus-jose-jwt-4.41.1.jar:/home/user/.m2/repository/com/github/stephenc/jcip/jcip-annotations/1.0-1/jcip-annotations-1.0-1.jar:/home/user/.m2/repository/net/minidev/json-smart/2.3/json-smart-2.3.jar:/home/user/.m2/repository/net/minidev/accessors-smart/1.2/accessors-smart-1.2.jar:/home/user/.m2/repository/org/ow2/asm/asm/5.0.4/asm-5.0.4.jar:/home/user/.m2/repository/org/apache/curator/curator-framework/2.12.0/curator-framework-2.12.0.jar:/home/user/.m2/repository/com/sun/jersey/jersey-core/1.19/jersey-core-1.19.jar:/home/user/.m2/repository/javax/ws/rs/jsr311-api/1.1.1/jsr311-api-1.1.1.jar:/home/user/.m2/repository/com/sun/jersey/jersey-server/1.19/jersey-server-1.19.jar:/home/user/.m2/repository/javax/servlet/javax.servlet-api/3.1.0/javax.servlet-api-3.1.0.jar:/home/user/.m2/repository/org/eclipse/jetty/jetty-server/9.3.25.v20180904/jetty-server-9.3.25.v20180904.jar:/home/user/.m2/repository/org/eclipse/jetty/jetty-http/9.3.25.v20180904/jetty-http-9.3.25.v20180904.jar:/home/user/.m2/repository/org/eclipse/jetty/jetty-io/9.3.25.v20180904/jetty-io-9.3.25.v20180904.jar:/home/user/.m2/repository/org/eclipse/jetty/jetty-webapp/9.3.25.v20180904/jetty-webapp-9.3.25.v20180904.jar:/home/user/.m2/repository/org/eclipse/jetty/jetty-xml/9.3.25.v20180904/jetty-xml-9.3.25.v20180904.jar:/home/user/.m2/repository/log4j/log4j/1.2.17/log4j-1.2.17.jar:/home/user/.m2/repository/org/slf4j/slf4j-api/1.7.25/slf4j-api-1.7.25.jar:/home/user/.m2/repository/org/slf4j/jul-to-slf4j/1.7.25/jul-to-slf4j-1.7.25.jar:/home/user/.m2/repository/org/eclipse/jetty/jetty-util/9.3.25.v20180904/jetty-util-9.3.25.v20180904.jar:/home/user/.m2/repository/com/fasterxml/jackson/core/jackson-databind/2.9.9/jackson-databind-2.9.9.jar:/home/user/.m2/repository/org/apache/hadoop/hadoop-kms/3.2.0/hadoop-kms-3.2.0-tests.jar:/home/user/.m2/repository/org/apache/hadoop/hadoop-hdds-server-scm/0.5.0-SNAPSHOT/hadoop-hdds-server-scm-0.5.0-SNAPSHOT-tests.jar:/home/user/.m2/repository/org/apache/hadoop/hadoop-hdds-container-service/0.5.0-SNAPSHOT/hadoop-hdds-container-service-0.5.0-SNAPSHOT-tests.jar:/home/user/.m2/repository/org/yaml/snakeyaml/1.16/snakeyaml-1.16.jar:/home/user/.m2/repository/org/apache/hadoop/hadoop-common/3.2.0/hadoop-common-3.2.0-tests.jar:/home/user/.m2/repository/org/apache/hadoop/hadoop-annotations/3.2.0/hadoop-annotations-3.2.0.jar:/usr/lib/jvm/java-1.8-openjdk/jre/../lib/tools.jar:/home/user/.m2/repository/commons-cli/commons-cli/1.2/commons-cli-1.2.jar:/home/user/.m2/repository/org/apache/httpcomponents/httpclient/4.5.2/httpclient-4.5.2.jar:/home/user/.m2/repository/org/apache/httpcomponents/httpcore/4.4.4/httpcore-4.4.4.jar:/home/user/.m2/repository/commons-codec/commons-codec/1.11/commons-codec-1.11.jar:/home/user/.m2/repository/commons-net/commons-net/3.6/commons-net-3.6.jar:/home/user/.m2/repository/commons-collections/commons-collections/3.2.2/commons-collections-3.2.2.jar:/home/user/.m2/repository/org/eclipse/jetty/jetty-servlet/9.3.25.v20180904/jetty-servlet-9.3.25.v20180904.jar:/home/user/.m2/repository/org/eclipse/jetty/jetty-security/9.3.25.v20180904/jetty-security-9.3.25.v20180904.jar:/home/user/.m2/repository/javax/servlet/jsp/jsp-api/2.1/jsp-api-2.1.jar:/home/user/.m2/repository/com/sun/jersey/jersey-servlet/1.19/jersey-servlet-1.19.jar:/home/user/.m2/repository/com/sun/jersey/jersey-json/1.19/jersey-json-1.19.jar:/home/user/.m2/repository/org/codehaus/jettison/jettison/1.1/jettison-1.1.jar:/home/user/.m2/repository/org/codehaus/jackson/jackson-core-asl/1.9.13/jackson-core-asl-1.9.13.jar:/home/user/.m2/repository/org/codehaus/jackson/jackson-mapper-asl/1.9.13/jackson-mapper-asl-1.9.13.jar:/home/user/.m2/repository/org/codehaus/jackson/jackson-jaxrs/1.9.13/jackson-jaxrs-1.9.13.jar:/home/user/.m2/repository/org/codehaus/jackson/jackson-xc/1.9.13/jackson-xc-1.9.13.jar:/home/user/.m2/repository/commons-logging/commons-logging/1.1.3/commons-logging-1.1.3.jar:/home/user/.m2/repository/commons-beanutils/commons-beanutils/1.9.4/commons-beanutils-1.9.4.jar:/home/user/.m2/repository/org/apache/commons/commons-configuration2/2.1.1/commons-configuration2-2.1.1.jar:/home/user/.m2/repository/org/apache/commons/commons-lang3/3.7/commons-lang3-3.7.jar:/home/user/.m2/repository/org/apache/commons/commons-text/1.4/commons-text-1.4.jar:/home/user/.m2/repository/org/apache/avro/avro/1.7.7/avro-1.7.7.jar:/home/user/.m2/repository/com/thoughtworks/paranamer/paranamer/2.3/paranamer-2.3.jar:/home/user/.m2/repository/org/xerial/snappy/snappy-java/1.0.5/snappy-java-1.0.5.jar:/home/user/.m2/repository/com/google/re2j/re2j/1.1/re2j-1.1.jar:/home/user/.m2/repository/com/google/code/gson/gson/2.2.4/gson-2.2.4.jar:/home/user/.m2/repository/com/jcraft/jsch/0.1.54/jsch-0.1.54.jar:/home/user/.m2/repository/org/apache/curator/curator-client/2.12.0/curator-client-2.12.0.jar:/home/user/.m2/repository/org/apache/curator/curator-recipes/2.12.0/curator-recipes-2.12.0.jar:/home/user/.m2/repository/com/google/code/findbugs/jsr305/3.0.0/jsr305-3.0.0.jar:/home/user/.m2/repository/org/apache/htrace/htrace-core4/4.1.0-incubating/htrace-core4-4.1.0-incubating.jar:/home/user/.m2/repository/org/apache/zookeeper/zookeeper/3.4.13/zookeeper-3.4.13.jar:/home/user/.m2/repository/jline/jline/0.9.94/jline-0.9.94.jar:/home/user/.m2/repository/org/apache/yetus/audience-annotations/0.5.0/audience-annotations-0.5.0.jar:/home/user/.m2/repository/org/codehaus/woodstox/stax2-api/3.1.4/stax2-api-3.1.4.jar:/home/user/.m2/repository/com/fasterxml/woodstox/woodstox-core/5.0.3/woodstox-core-5.0.3.jar:/home/user/.m2/repository/dnsjava/dnsjava/2.1.7/dnsjava-2.1.7.jar:/home/user/.m2/repository/org/apache/hadoop/hadoop-hdfs/3.2.0/hadoop-hdfs-3.2.0-tests.jar:/home/user/.m2/repository/org/eclipse/jetty/jetty-util-ajax/9.3.25.v20180904/jetty-util-ajax-9.3.25.v20180904.jar:/home/user/.m2/repository/commons-daemon/commons-daemon/1.0.13/commons-daemon-1.0.13.jar:/home/user/.m2/repository/io/netty/netty/3.10.5.Final/netty-3.10.5.Final.jar:/home/user/.m2/repository/io/netty/netty-all/4.0.52.Final/netty-all-4.0.52.Final.jar:/home/user/.m2/repository/org/fusesource/leveldbjni/leveldbjni-all/1.8/leveldbjni-all-1.8.jar:"/>
    <property name="java.vm.vendor" value="IcedTea"/>
    <property name="sun.arch.data.model" value="64"/>
    <property name="test.build.dir" value="/workdir/hadoop-ozone/integration-test/target/test-dir"/>
    <property name="test.cache.data" value=""/>
    <property name="java.vendor.url" value="https://icedtea.classpath.org"/>
    <property name="user.timezone" value=""/>
    <property name="java.vm.specification.version" value="1.8"/>
    <property name="os.name" value="Linux"/>
    <property name="test.build.data" value="/workdir/hadoop-ozone/integration-test/target/test-dir"/>
    <property name="user.country" value="US"/>
    <property name="sun.java.launcher" value="SUN_STANDARD"/>
    <property name="sun.boot.library.path" value="/usr/lib/jvm/java-1.8-openjdk/jre/lib/amd64"/>
    <property name="sun.java.command" value="/workdir/hadoop-ozone/integration-test/target/surefire/surefirebooter6900519545289124230.jar /workdir/hadoop-ozone/integration-test/target/surefire 2019-09-26T09-15-41_457-jvmRun1 surefire1330316815113500165tmp surefire_865778091629927261429tmp"/>
    <property name="test" value="!TestMiniChaosOzoneCluster"/>
    <property name="surefire.test.class.path" value="/workdir/hadoop-ozone/integration-test/target/test-classes:/workdir/hadoop-ozone/integration-test/target/classes:/home/user/.m2/repository/org/apache/hadoop/hadoop-ozone-common/0.5.0-SNAPSHOT/hadoop-ozone-common-0.5.0-SNAPSHOT.jar:/home/user/.m2/repository/org/apache/commons/commons-compress/1.4.1/commons-compress-1.4.1.jar:/home/user/.m2/repository/org/tukaani/xz/1.0/xz-1.0.jar:/home/user/.m2/repository/org/apache/hadoop/hadoop-common/3.2.0/hadoop-common-3.2.0.jar:/home/user/.m2/repository/org/apache/hadoop/hadoop-hdfs/3.2.0/hadoop-hdfs-3.2.0.jar:/home/user/.m2/repository/org/apache/hadoop/hadoop-hdfs-client/3.2.0/hadoop-hdfs-client-3.2.0.jar:/home/user/.m2/repository/com/fasterxml/jackson/core/jackson-annotations/2.9.9/jackson-annotations-2.9.9.jar:/home/user/.m2/repository/org/apache/hadoop/hadoop-hdds-common/0.5.0-SNAPSHOT/hadoop-hdds-common-0.5.0-SNAPSHOT.jar:/home/user/.m2/repository/javax/annotation/javax.annotation-api/1.2/javax.annotation-api-1.2.jar:/home/user/.m2/repository/org/apache/ratis/ratis-server/0.4.0/ratis-server-0.4.0.jar:/home/user/.m2/repository/org/apache/ratis/ratis-thirdparty-misc/0.2.0/ratis-thirdparty-misc-0.2.0.jar:/home/user/.m2/repository/org/apache/ratis/ratis-proto/0.4.0/ratis-proto-0.4.0.jar:/home/user/.m2/repository/org/apache/ratis/ratis-common/0.4.0/ratis-common-0.4.0.jar:/home/user/.m2/repository/org/apache/ratis/ratis-client/0.4.0/ratis-client-0.4.0.jar:/home/user/.m2/repository/org/apache/ratis/ratis-metrics/0.4.0/ratis-metrics-0.4.0.jar:/home/user/.m2/repository/com/github/joshelser/dropwizard-metrics-hadoop-metrics2-reporter/0.1.2/dropwizard-metrics-hadoop-metrics2-reporter-0.1.2.jar:/home/user/.m2/repository/io/dropwizard/metrics/metrics-jvm/3.2.5/metrics-jvm-3.2.5.jar:/home/user/.m2/repository/io/dropwizard/metrics/metrics-ganglia/3.2.5/metrics-ganglia-3.2.5.jar:/home/user/.m2/repository/info/ganglia/gmetric4j/gmetric4j/1.0.7/gmetric4j-1.0.7.jar:/home/user/.m2/repository/org/apache/ratis/ratis-netty/0.4.0/ratis-netty-0.4.0.jar:/home/user/.m2/repository/org/apache/ratis/ratis-grpc/0.4.0/ratis-grpc-0.4.0.jar:/home/user/.m2/repository/org/rocksdb/rocksdbjni/6.0.1/rocksdbjni-6.0.1.jar:/home/user/.m2/repository/org/apache/logging/log4j/log4j-api/2.11.0/log4j-api-2.11.0.jar:/home/user/.m2/repository/org/apache/logging/log4j/log4j-core/2.11.0/log4j-core-2.11.0.jar:/home/user/.m2/repository/com/lmax/disruptor/3.4.2/disruptor-3.4.2.jar:/home/user/.m2/repository/org/apache/commons/commons-pool2/2.6.0/commons-pool2-2.6.0.jar:/home/user/.m2/repository/org/bouncycastle/bcpkix-jdk15on/1.60/bcpkix-jdk15on-1.60.jar:/home/user/.m2/repository/commons-validator/commons-validator/1.6/commons-validator-1.6.jar:/home/user/.m2/repository/commons-digester/commons-digester/1.8.1/commons-digester-1.8.1.jar:/home/user/.m2/repository/io/jaegertracing/jaeger-client/0.34.0/jaeger-client-0.34.0.jar:/home/user/.m2/repository/io/jaegertracing/jaeger-thrift/0.34.0/jaeger-thrift-0.34.0.jar:/home/user/.m2/repository/org/apache/thrift/libthrift/0.12.0/libthrift-0.12.0.jar:/home/user/.m2/repository/com/squareup/okhttp3/okhttp/3.9.0/okhttp-3.9.0.jar:/home/user/.m2/repository/com/squareup/okio/okio/1.13.0/okio-1.13.0.jar:/home/user/.m2/repository/io/jaegertracing/jaeger-core/0.34.0/jaeger-core-0.34.0.jar:/home/user/.m2/repository/io/jaegertracing/jaeger-tracerresolver/0.34.0/jaeger-tracerresolver-0.34.0.jar:/home/user/.m2/repository/io/opentracing/contrib/opentracing-tracerresolver/0.1.5/opentracing-tracerresolver-0.1.5.jar:/home/user/.m2/repository/io/opentracing/opentracing-util/0.31.0/opentracing-util-0.31.0.jar:/home/user/.m2/repository/io/opentracing/opentracing-api/0.31.0/opentracing-api-0.31.0.jar:/home/user/.m2/repository/io/opentracing/opentracing-noop/0.31.0/opentracing-noop-0.31.0.jar:/home/user/.m2/repository/org/apache/hadoop/hadoop-hdds-server-framework/0.5.0-SNAPSHOT/hadoop-hdds-server-framework-0.5.0-SNAPSHOT.jar:/home/user/.m2/repository/org/apache/hadoop/hadoop-hdds-container-service/0.5.0-SNAPSHOT/hadoop-hdds-container-service-0.5.0-SNAPSHOT.jar:/home/user/.m2/repository/org/apache/hadoop/hadoop-hdds-client/0.5.0-SNAPSHOT/hadoop-hdds-client-0.5.0-SNAPSHOT.jar:/home/user/.m2/repository/org/apache/hadoop/hadoop-hdds-tools/0.5.0-SNAPSHOT/hadoop-hdds-tools-0.5.0-SNAPSHOT.jar:/home/user/.m2/repository/org/apache/hadoop/hadoop-hdds-server-scm/0.5.0-SNAPSHOT/hadoop-hdds-server-scm-0.5.0-SNAPSHOT.jar:/home/user/.m2/repository/org/apache/hadoop/hadoop-hdds-docs/0.5.0-SNAPSHOT/hadoop-hdds-docs-0.5.0-SNAPSHOT.jar:/home/user/.m2/repository/io/dropwizard/metrics/metrics-core/3.2.4/metrics-core-3.2.4.jar:/home/user/.m2/repository/org/hamcrest/hamcrest-all/1.3/hamcrest-all-1.3.jar:/home/user/.m2/repository/org/bouncycastle/bcprov-jdk15on/1.60/bcprov-jdk15on-1.60.jar:/home/user/.m2/repository/info/picocli/picocli/3.9.6/picocli-3.9.6.jar:/home/user/.m2/repository/com/google/protobuf/protobuf-java/2.5.0/protobuf-java-2.5.0.jar:/home/user/.m2/repository/com/google/guava/guava/11.0.2/guava-11.0.2.jar:/home/user/.m2/repository/org/apache/hadoop/hadoop-ozone-ozone-manager/0.5.0-SNAPSHOT/hadoop-ozone-ozone-manager-0.5.0-SNAPSHOT.jar:/home/user/.m2/repository/org/apache/hadoop/hadoop-minikdc/3.2.0/hadoop-minikdc-3.2.0.jar:/home/user/.m2/repository/commons-io/commons-io/2.5/commons-io-2.5.jar:/home/user/.m2/repository/org/apache/kerby/kerb-simplekdc/1.0.1/kerb-simplekdc-1.0.1.jar:/home/user/.m2/repository/org/apache/kerby/kerb-client/1.0.1/kerb-client-1.0.1.jar:/home/user/.m2/repository/org/apache/kerby/kerby-config/1.0.1/kerby-config-1.0.1.jar:/home/user/.m2/repository/org/apache/kerby/kerb-core/1.0.1/kerb-core-1.0.1.jar:/home/user/.m2/repository/org/apache/kerby/kerby-pkix/1.0.1/kerby-pkix-1.0.1.jar:/home/user/.m2/repository/org/apache/kerby/kerby-asn1/1.0.1/kerby-asn1-1.0.1.jar:/home/user/.m2/repository/org/apache/kerby/kerby-util/1.0.1/kerby-util-1.0.1.jar:/home/user/.m2/repository/org/apache/kerby/kerb-common/1.0.1/kerb-common-1.0.1.jar:/home/user/.m2/repository/org/apache/kerby/kerb-crypto/1.0.1/kerb-crypto-1.0.1.jar:/home/user/.m2/repository/org/apache/kerby/kerb-util/1.0.1/kerb-util-1.0.1.jar:/home/user/.m2/repository/org/apache/kerby/token-provider/1.0.1/token-provider-1.0.1.jar:/home/user/.m2/repository/org/apache/kerby/kerb-admin/1.0.1/kerb-admin-1.0.1.jar:/home/user/.m2/repository/org/apache/kerby/kerb-server/1.0.1/kerb-server-1.0.1.jar:/home/user/.m2/repository/org/apache/kerby/kerb-identity/1.0.1/kerb-identity-1.0.1.jar:/home/user/.m2/repository/org/apache/kerby/kerby-xdr/1.0.1/kerby-xdr-1.0.1.jar:/home/user/.m2/repository/org/slf4j/slf4j-log4j12/1.7.25/slf4j-log4j12-1.7.25.jar:/home/user/.m2/repository/org/apache/hadoop/hadoop-ozone-s3gateway/0.5.0-SNAPSHOT/hadoop-ozone-s3gateway-0.5.0-SNAPSHOT.jar:/home/user/.m2/repository/org/jboss/weld/servlet/weld-servlet/2.4.7.Final/weld-servlet-2.4.7.Final.jar:/home/user/.m2/repository/org/glassfish/jersey/containers/jersey-container-servlet-core/2.27/jersey-container-servlet-core-2.27.jar:/home/user/.m2/repository/org/glassfish/hk2/external/javax.inject/2.5.0-b42/javax.inject-2.5.0-b42.jar:/home/user/.m2/repository/org/glassfish/jersey/core/jersey-common/2.27/jersey-common-2.27.jar:/home/user/.m2/repository/org/glassfish/hk2/osgi-resource-locator/1.0.1/osgi-resource-locator-1.0.1.jar:/home/user/.m2/repository/javax/ws/rs/javax.ws.rs-api/2.1/javax.ws.rs-api-2.1.jar:/home/user/.m2/repository/org/glassfish/jersey/ext/cdi/jersey-cdi1x/2.27/jersey-cdi1x-2.27.jar:/home/user/.m2/repository/org/glassfish/jersey/inject/jersey-hk2/2.27/jersey-hk2-2.27.jar:/home/user/.m2/repository/org/glassfish/hk2/hk2-locator/2.5.0-b42/hk2-locator-2.5.0-b42.jar:/home/user/.m2/repository/org/javassist/javassist/3.22.0-CR2/javassist-3.22.0-CR2.jar:/home/user/.m2/repository/org/glassfish/hk2/hk2-api/2.5.0/hk2-api-2.5.0.jar:/home/user/.m2/repository/org/glassfish/hk2/external/jakarta.inject/2.5.0/jakarta.inject-2.5.0.jar:/home/user/.m2/repository/org/glassfish/hk2/hk2-utils/2.5.0/hk2-utils-2.5.0.jar:/home/user/.m2/repository/jakarta/annotation/jakarta.annotation-api/1.3.4/jakarta.annotation-api-1.3.4.jar:/home/user/.m2/repository/org/glassfish/hk2/external/aopalliance-repackaged/2.5.0/aopalliance-repackaged-2.5.0.jar:/home/user/.m2/repository/com/fasterxml/jackson/dataformat/jackson-dataformat-xml/2.9.0/jackson-dataformat-xml-2.9.0.jar:/home/user/.m2/repository/com/fasterxml/jackson/core/jackson-core/2.9.9/jackson-core-2.9.9.jar:/home/user/.m2/repository/com/fasterxml/jackson/module/jackson-module-jaxb-annotations/2.9.9/jackson-module-jaxb-annotations-2.9.9.jar:/home/user/.m2/repository/javax/enterprise/cdi-api/1.2/cdi-api-1.2.jar:/home/user/.m2/repository/javax/el/javax.el-api/3.0.0/javax.el-api-3.0.0.jar:/home/user/.m2/repository/javax/interceptor/javax.interceptor-api/1.2/javax.interceptor-api-1.2.jar:/home/user/.m2/repository/javax/inject/javax.inject/1/javax.inject-1.jar:/home/user/.m2/repository/com/sun/xml/bind/jaxb-impl/2.3.0.1/jaxb-impl-2.3.0.1.jar:/home/user/.m2/repository/com/sun/xml/bind/jaxb-core/2.3.0.1/jaxb-core-2.3.0.1.jar:/home/user/.m2/repository/javax/xml/bind/jaxb-api/2.3.0/jaxb-api-2.3.0.jar:/home/user/.m2/repository/javax/activation/activation/1.1.1/activation-1.1.1.jar:/home/user/.m2/repository/org/apache/hadoop/hadoop-ozone-csi/0.5.0-SNAPSHOT/hadoop-ozone-csi-0.5.0-SNAPSHOT.jar:/home/user/.m2/repository/com/google/protobuf/protobuf-java-util/3.5.1/protobuf-java-util-3.5.1.jar:/home/user/.m2/repository/org/apache/hadoop/hadoop-hdds-config/0.5.0-SNAPSHOT/hadoop-hdds-config-0.5.0-SNAPSHOT.jar:/home/user/.m2/repository/io/grpc/grpc-netty/1.17.1/grpc-netty-1.17.1.jar:/home/user/.m2/repository/io/grpc/grpc-core/1.17.1/grpc-core-1.17.1.jar:/home/user/.m2/repository/io/grpc/grpc-context/1.17.1/grpc-context-1.17.1.jar:/home/user/.m2/repository/com/google/errorprone/error_prone_annotations/2.2.0/error_prone_annotations-2.2.0.jar:/home/user/.m2/repository/org/codehaus/mojo/animal-sniffer-annotations/1.17/animal-sniffer-annotations-1.17.jar:/home/user/.m2/repository/io/opencensus/opencensus-api/0.17.0/opencensus-api-0.17.0.jar:/home/user/.m2/repository/io/opencensus/opencensus-contrib-grpc-metrics/0.17.0/opencensus-contrib-grpc-metrics-0.17.0.jar:/home/user/.m2/repository/io/netty/netty-codec-http2/4.1.30.Final/netty-codec-http2-4.1.30.Final.jar:/home/user/.m2/repository/io/netty/netty-codec-http/4.1.30.Final/netty-codec-http-4.1.30.Final.jar:/home/user/.m2/repository/io/netty/netty-codec/4.1.30.Final/netty-codec-4.1.30.Final.jar:/home/user/.m2/repository/io/netty/netty-handler/4.1.30.Final/netty-handler-4.1.30.Final.jar:/home/user/.m2/repository/io/netty/netty-handler-proxy/4.1.30.Final/netty-handler-proxy-4.1.30.Final.jar:/home/user/.m2/repository/io/netty/netty-codec-socks/4.1.30.Final/netty-codec-socks-4.1.30.Final.jar:/home/user/.m2/repository/io/netty/netty-transport-native-epoll/4.1.30.Final/netty-transport-native-epoll-4.1.30.Final.jar:/home/user/.m2/repository/io/netty/netty-common/4.1.30.Final/netty-common-4.1.30.Final.jar:/home/user/.m2/repository/io/netty/netty-buffer/4.1.30.Final/netty-buffer-4.1.30.Final.jar:/home/user/.m2/repository/io/netty/netty-transport/4.1.30.Final/netty-transport-4.1.30.Final.jar:/home/user/.m2/repository/io/netty/netty-resolver/4.1.30.Final/netty-resolver-4.1.30.Final.jar:/home/user/.m2/repository/io/netty/netty-transport-native-unix-common/4.1.30.Final/netty-transport-native-unix-common-4.1.30.Final.jar:/home/user/.m2/repository/io/grpc/grpc-protobuf/1.17.1/grpc-protobuf-1.17.1.jar:/home/user/.m2/repository/com/google/api/grpc/proto-google-common-protos/1.0.0/proto-google-common-protos-1.0.0.jar:/home/user/.m2/repository/io/grpc/grpc-protobuf-lite/1.17.1/grpc-protobuf-lite-1.17.1.jar:/home/user/.m2/repository/io/grpc/grpc-stub/1.17.1/grpc-stub-1.17.1.jar:/home/user/.m2/repository/org/apache/hadoop/hadoop-ozone-recon/0.5.0-SNAPSHOT/hadoop-ozone-recon-0.5.0-SNAPSHOT.jar:/home/user/.m2/repository/org/apache/hadoop/hadoop-ozone-reconcodegen/0.5.0-SNAPSHOT/hadoop-ozone-reconcodegen-0.5.0-SNAPSHOT.jar:/home/user/.m2/repository/com/google/inject/extensions/guice-multibindings/4.0/guice-multibindings-4.0.jar:/home/user/.m2/repository/com/google/inject/guice/4.0/guice-4.0.jar:/home/user/.m2/repository/aopalliance/aopalliance/1.0/aopalliance-1.0.jar:/home/user/.m2/repository/com/google/inject/extensions/guice-servlet/4.0/guice-servlet-4.0.jar:/home/user/.m2/repository/org/glassfish/jersey/containers/jersey-container-servlet/2.27/jersey-container-servlet-2.27.jar:/home/user/.m2/repository/org/glassfish/hk2/guice-bridge/2.5.0/guice-bridge-2.5.0.jar:/home/user/.m2/repository/org/glassfish/jersey/core/jersey-server/2.27/jersey-server-2.27.jar:/home/user/.m2/repository/org/glassfish/jersey/core/jersey-client/2.27/jersey-client-2.27.jar:/home/user/.m2/repository/org/glassfish/jersey/media/jersey-media-jaxb/2.27/jersey-media-jaxb-2.27.jar:/home/user/.m2/repository/javax/validation/validation-api/1.1.0.Final/validation-api-1.1.0.Final.jar:/home/user/.m2/repository/org/glassfish/jersey/media/jersey-media-json-jackson/2.27/jersey-media-json-jackson-2.27.jar:/home/user/.m2/repository/org/glassfish/jersey/ext/jersey-entity-filtering/2.27/jersey-entity-filtering-2.27.jar:/home/user/.m2/repository/com/google/inject/extensions/guice-assistedinject/4.0/guice-assistedinject-4.0.jar:/home/user/.m2/repository/org/jooq/jooq/3.11.10/jooq-3.11.10.jar:/home/user/.m2/repository/org/jooq/jooq-meta/3.11.10/jooq-meta-3.11.10.jar:/home/user/.m2/repository/org/jooq/jooq-codegen/3.11.10/jooq-codegen-3.11.10.jar:/home/user/.m2/repository/com/jolbox/bonecp/0.8.0.RELEASE/bonecp-0.8.0.RELEASE.jar:/home/user/.m2/repository/org/xerial/sqlite-jdbc/3.25.2/sqlite-jdbc-3.25.2.jar:/home/user/.m2/repository/org/springframework/spring-jdbc/5.1.3.RELEASE/spring-jdbc-5.1.3.RELEASE.jar:/home/user/.m2/repository/org/springframework/spring-beans/5.1.3.RELEASE/spring-beans-5.1.3.RELEASE.jar:/home/user/.m2/repository/org/springframework/spring-core/5.1.3.RELEASE/spring-core-5.1.3.RELEASE.jar:/home/user/.m2/repository/org/springframework/spring-jcl/5.1.3.RELEASE/spring-jcl-5.1.3.RELEASE.jar:/home/user/.m2/repository/org/springframework/spring-tx/5.1.3.RELEASE/spring-tx-5.1.3.RELEASE.jar:/home/user/.m2/repository/org/apache/hadoop/hadoop-ozone-client/0.5.0-SNAPSHOT/hadoop-ozone-client-0.5.0-SNAPSHOT.jar:/home/user/.m2/repository/commons-lang/commons-lang/2.6/commons-lang-2.6.jar:/home/user/.m2/repository/org/apache/hadoop/hadoop-ozone-ozone-manager/0.5.0-SNAPSHOT/hadoop-ozone-ozone-manager-0.5.0-SNAPSHOT-tests.jar:/home/user/.m2/repository/junit/junit/4.11/junit-4.11.jar:/home/user/.m2/repository/org/hamcrest/hamcrest-core/1.3/hamcrest-core-1.3.jar:/home/user/.m2/repository/org/openjdk/jmh/jmh-core/1.19/jmh-core-1.19.jar:/home/user/.m2/repository/net/sf/jopt-simple/jopt-simple/4.6/jopt-simple-4.6.jar:/home/user/.m2/repository/org/apache/commons/commons-math3/3.1.1/commons-math3-3.1.1.jar:/home/user/.m2/repository/org/openjdk/jmh/jmh-generator-annprocess/1.19/jmh-generator-annprocess-1.19.jar:/home/user/.m2/repository/org/mockito/mockito-all/1.8.5/mockito-all-1.8.5.jar:/home/user/.m2/repository/org/apache/hadoop/hadoop-kms/3.2.0/hadoop-kms-3.2.0.jar:/home/user/.m2/repository/org/apache/hadoop/hadoop-auth/3.2.0/hadoop-auth-3.2.0.jar:/home/user/.m2/repository/com/nimbusds/nimbus-jose-jwt/4.41.1/nimbus-jose-jwt-4.41.1.jar:/home/user/.m2/repository/com/github/stephenc/jcip/jcip-annotations/1.0-1/jcip-annotations-1.0-1.jar:/home/user/.m2/repository/net/minidev/json-smart/2.3/json-smart-2.3.jar:/home/user/.m2/repository/net/minidev/accessors-smart/1.2/accessors-smart-1.2.jar:/home/user/.m2/repository/org/ow2/asm/asm/5.0.4/asm-5.0.4.jar:/home/user/.m2/repository/org/apache/curator/curator-framework/2.12.0/curator-framework-2.12.0.jar:/home/user/.m2/repository/com/sun/jersey/jersey-core/1.19/jersey-core-1.19.jar:/home/user/.m2/repository/javax/ws/rs/jsr311-api/1.1.1/jsr311-api-1.1.1.jar:/home/user/.m2/repository/com/sun/jersey/jersey-server/1.19/jersey-server-1.19.jar:/home/user/.m2/repository/javax/servlet/javax.servlet-api/3.1.0/javax.servlet-api-3.1.0.jar:/home/user/.m2/repository/org/eclipse/jetty/jetty-server/9.3.25.v20180904/jetty-server-9.3.25.v20180904.jar:/home/user/.m2/repository/org/eclipse/jetty/jetty-http/9.3.25.v20180904/jetty-http-9.3.25.v20180904.jar:/home/user/.m2/repository/org/eclipse/jetty/jetty-io/9.3.25.v20180904/jetty-io-9.3.25.v20180904.jar:/home/user/.m2/repository/org/eclipse/jetty/jetty-webapp/9.3.25.v20180904/jetty-webapp-9.3.25.v20180904.jar:/home/user/.m2/repository/org/eclipse/jetty/jetty-xml/9.3.25.v20180904/jetty-xml-9.3.25.v20180904.jar:/home/user/.m2/repository/log4j/log4j/1.2.17/log4j-1.2.17.jar:/home/user/.m2/repository/org/slf4j/slf4j-api/1.7.25/slf4j-api-1.7.25.jar:/home/user/.m2/repository/org/slf4j/jul-to-slf4j/1.7.25/jul-to-slf4j-1.7.25.jar:/home/user/.m2/repository/org/eclipse/jetty/jetty-util/9.3.25.v20180904/jetty-util-9.3.25.v20180904.jar:/home/user/.m2/repository/com/fasterxml/jackson/core/jackson-databind/2.9.9/jackson-databind-2.9.9.jar:/home/user/.m2/repository/org/apache/hadoop/hadoop-kms/3.2.0/hadoop-kms-3.2.0-tests.jar:/home/user/.m2/repository/org/apache/hadoop/hadoop-hdds-server-scm/0.5.0-SNAPSHOT/hadoop-hdds-server-scm-0.5.0-SNAPSHOT-tests.jar:/home/user/.m2/repository/org/apache/hadoop/hadoop-hdds-container-service/0.5.0-SNAPSHOT/hadoop-hdds-container-service-0.5.0-SNAPSHOT-tests.jar:/home/user/.m2/repository/org/yaml/snakeyaml/1.16/snakeyaml-1.16.jar:/home/user/.m2/repository/org/apache/hadoop/hadoop-common/3.2.0/hadoop-common-3.2.0-tests.jar:/home/user/.m2/repository/org/apache/hadoop/hadoop-annotations/3.2.0/hadoop-annotations-3.2.0.jar:/usr/lib/jvm/java-1.8-openjdk/jre/../lib/tools.jar:/home/user/.m2/repository/commons-cli/commons-cli/1.2/commons-cli-1.2.jar:/home/user/.m2/repository/org/apache/httpcomponents/httpclient/4.5.2/httpclient-4.5.2.jar:/home/user/.m2/repository/org/apache/httpcomponents/httpcore/4.4.4/httpcore-4.4.4.jar:/home/user/.m2/repository/commons-codec/commons-codec/1.11/commons-codec-1.11.jar:/home/user/.m2/repository/commons-net/commons-net/3.6/commons-net-3.6.jar:/home/user/.m2/repository/commons-collections/commons-collections/3.2.2/commons-collections-3.2.2.jar:/home/user/.m2/repository/org/eclipse/jetty/jetty-servlet/9.3.25.v20180904/jetty-servlet-9.3.25.v20180904.jar:/home/user/.m2/repository/org/eclipse/jetty/jetty-security/9.3.25.v20180904/jetty-security-9.3.25.v20180904.jar:/home/user/.m2/repository/javax/servlet/jsp/jsp-api/2.1/jsp-api-2.1.jar:/home/user/.m2/repository/com/sun/jersey/jersey-servlet/1.19/jersey-servlet-1.19.jar:/home/user/.m2/repository/com/sun/jersey/jersey-json/1.19/jersey-json-1.19.jar:/home/user/.m2/repository/org/codehaus/jettison/jettison/1.1/jettison-1.1.jar:/home/user/.m2/repository/org/codehaus/jackson/jackson-core-asl/1.9.13/jackson-core-asl-1.9.13.jar:/home/user/.m2/repository/org/codehaus/jackson/jackson-mapper-asl/1.9.13/jackson-mapper-asl-1.9.13.jar:/home/user/.m2/repository/org/codehaus/jackson/jackson-jaxrs/1.9.13/jackson-jaxrs-1.9.13.jar:/home/user/.m2/repository/org/codehaus/jackson/jackson-xc/1.9.13/jackson-xc-1.9.13.jar:/home/user/.m2/repository/commons-logging/commons-logging/1.1.3/commons-logging-1.1.3.jar:/home/user/.m2/repository/commons-beanutils/commons-beanutils/1.9.4/commons-beanutils-1.9.4.jar:/home/user/.m2/repository/org/apache/commons/commons-configuration2/2.1.1/commons-configuration2-2.1.1.jar:/home/user/.m2/repository/org/apache/commons/commons-lang3/3.7/commons-lang3-3.7.jar:/home/user/.m2/repository/org/apache/commons/commons-text/1.4/commons-text-1.4.jar:/home/user/.m2/repository/org/apache/avro/avro/1.7.7/avro-1.7.7.jar:/home/user/.m2/repository/com/thoughtworks/paranamer/paranamer/2.3/paranamer-2.3.jar:/home/user/.m2/repository/org/xerial/snappy/snappy-java/1.0.5/snappy-java-1.0.5.jar:/home/user/.m2/repository/com/google/re2j/re2j/1.1/re2j-1.1.jar:/home/user/.m2/repository/com/google/code/gson/gson/2.2.4/gson-2.2.4.jar:/home/user/.m2/repository/com/jcraft/jsch/0.1.54/jsch-0.1.54.jar:/home/user/.m2/repository/org/apache/curator/curator-client/2.12.0/curator-client-2.12.0.jar:/home/user/.m2/repository/org/apache/curator/curator-recipes/2.12.0/curator-recipes-2.12.0.jar:/home/user/.m2/repository/com/google/code/findbugs/jsr305/3.0.0/jsr305-3.0.0.jar:/home/user/.m2/repository/org/apache/htrace/htrace-core4/4.1.0-incubating/htrace-core4-4.1.0-incubating.jar:/home/user/.m2/repository/org/apache/zookeeper/zookeeper/3.4.13/zookeeper-3.4.13.jar:/home/user/.m2/repository/jline/jline/0.9.94/jline-0.9.94.jar:/home/user/.m2/repository/org/apache/yetus/audience-annotations/0.5.0/audience-annotations-0.5.0.jar:/home/user/.m2/repository/org/codehaus/woodstox/stax2-api/3.1.4/stax2-api-3.1.4.jar:/home/user/.m2/repository/com/fasterxml/woodstox/woodstox-core/5.0.3/woodstox-core-5.0.3.jar:/home/user/.m2/repository/dnsjava/dnsjava/2.1.7/dnsjava-2.1.7.jar:/home/user/.m2/repository/org/apache/hadoop/hadoop-hdfs/3.2.0/hadoop-hdfs-3.2.0-tests.jar:/home/user/.m2/repository/org/eclipse/jetty/jetty-util-ajax/9.3.25.v20180904/jetty-util-ajax-9.3.25.v20180904.jar:/home/user/.m2/repository/commons-daemon/commons-daemon/1.0.13/commons-daemon-1.0.13.jar:/home/user/.m2/repository/io/netty/netty/3.10.5.Final/netty-3.10.5.Final.jar:/home/user/.m2/repository/io/netty/netty-all/4.0.52.Final/netty-all-4.0.52.Final.jar:/home/user/.m2/repository/org/fusesource/leveldbjni/leveldbjni-all/1.8/leveldbjni-all-1.8.jar:"/>
    <property name="sun.cpu.endian" value="little"/>
    <property name="user.home" value="/home/user"/>
    <property name="user.language" value="en"/>
    <property name="java.specification.vendor" value="Oracle Corporation"/>
    <property name="java.home" value="/usr/lib/jvm/java-1.8-openjdk/jre"/>
    <property name="java.security.krb5.conf" value="/workdir/hadoop-ozone/integration-test/target/test-classes/krb5.conf"/>
    <property name="basedir" value="/workdir/hadoop-ozone/integration-test"/>
    <property name="file.separator" value="/"/>
    <property name="line.separator" value="&#10;"/>
    <property name="java.vm.specification.vendor" value="Oracle Corporation"/>
    <property name="java.specification.name" value="Java Platform API Specification"/>
    <property name="java.awt.graphicsenv" value="sun.awt.X11GraphicsEnvironment"/>
    <property name="surefire.real.class.path" value="/workdir/hadoop-ozone/integration-test/target/surefire/surefirebooter6900519545289124230.jar"/>
    <property name="hadoop.log.dir" value="/workdir/hadoop-ozone/integration-test/target/log"/>
    <property name="sun.boot.class.path" value="/usr/lib/jvm/java-1.8-openjdk/jre/lib/resources.jar:/usr/lib/jvm/java-1.8-openjdk/jre/lib/rt.jar:/usr/lib/jvm/java-1.8-openjdk/jre/lib/sunrsasign.jar:/usr/lib/jvm/java-1.8-openjdk/jre/lib/jsse.jar:/usr/lib/jvm/java-1.8-openjdk/jre/lib/jce.jar:/usr/lib/jvm/java-1.8-openjdk/jre/lib/charsets.jar:/usr/lib/jvm/java-1.8-openjdk/jre/lib/jfr.jar:/usr/lib/jvm/java-1.8-openjdk/jre/classes"/>
    <property name="sun.management.compiler" value="HotSpot 64-Bit Tiered Compilers"/>
    <property name="java.runtime.version" value="1.8.0_212-b04"/>
    <property name="java.net.preferIPv4Stack" value="true"/>
    <property name="user.name" value="jenkins1000"/>
    <property name="path.separator" value=":"/>
    <property name="java.security.egd" value="file:///dev/urandom"/>
    <property name="os.version" value="3.10.0-957.12.2.el7.x86_64"/>
    <property name="java.endorsed.dirs" value="/usr/lib/jvm/java-1.8-openjdk/jre/lib/endorsed"/>
    <property name="java.runtime.name" value="OpenJDK Runtime Environment"/>
    <property name="file.encoding" value="UTF-8"/>
    <property name="java.vm.name" value="OpenJDK 64-Bit Server VM"/>
    <property name="test.build.webapps" value=""/>
    <property name="localRepository" value="/home/user/.m2/repository"/>
    <property name="java.vendor.url.bug" value="https://icedtea.classpath.org/bugzilla"/>
    <property name="java.io.tmpdir" value="/tmp"/>
    <property name="require.test.libhadoop" value=""/>
    <property name="java.version" value="1.8.0_212"/>
    <property name="user.dir" value="/workdir/hadoop-ozone/integration-test"/>
    <property name="os.arch" value="amd64"/>
    <property name="java.vm.specification.name" value="Java Virtual Machine Specification"/>
    <property name="test.build.classes" value="/workdir/hadoop-ozone/integration-test/target/test-classes"/>
    <property name="java.awt.printerjob" value="sun.print.PSPrinterJob"/>
    <property name="sun.os.patch.level" value="unknown"/>
    <property name="hadoop.tmp.dir" value="/workdir/hadoop-ozone/integration-test/target/tmp"/>
    <property name="java.library.path" value="/usr/lib/jvm/java-1.8-openjdk/jre/lib/amd64/server:/usr/lib/jvm/java-1.8-openjdk/jre/lib/amd64:/usr/lib/jvm/java-1.8-openjdk/jre/../lib/amd64:/workdir/hadoop-ozone/integration-test/target/native/target/usr/local/lib:/workdir/hadoop-ozone/integration-test/../../hadoop-common-project/hadoop-common/target/native/target/usr/local/lib:/usr/java/packages/lib/amd64:/usr/lib64:/lib64:/lib:/usr/lib"/>
    <property name="java.vm.info" value="mixed mode"/>
    <property name="java.vendor" value="IcedTea"/>
    <property name="java.vm.version" value="25.212-b04"/>
    <property name="java.ext.dirs" value="/usr/lib/jvm/java-1.8-openjdk/jre/lib/ext:/usr/java/packages/lib/ext"/>
    <property name="sun.io.unicode.encoding" value="UnicodeLittle"/>
    <property name="java.class.version" value="52.0"/>
  </properties>
  <testcase name="testPipelineCloseWithPipelineAction" classname="org.apache.hadoop.hdds.scm.pipeline.TestPipelineClose" time="21.667">
    <error message="Could not allocate container. Cannot get any matching pipeline for Type:RATIS, Factor:THREE, State:PipelineState.OPEN" type="java.io.IOException">java.io.IOException: Could not allocate container. Cannot get any matching pipeline for Type:RATIS, Factor:THREE, State:PipelineState.OPEN
	at org.apache.hadoop.hdds.scm.container.ContainerStateManager.allocateContainer(ContainerStateManager.java:260)
	at org.apache.hadoop.hdds.scm.container.SCMContainerManager.allocateContainer(SCMContainerManager.java:247)
	at org.apache.hadoop.hdds.scm.pipeline.TestPipelineClose.init(TestPipelineClose.java:92)
	at sun.reflect.NativeMethodAccessorImpl.invoke0(Native Method)
	at sun.reflect.NativeMethodAccessorImpl.invoke(NativeMethodAccessorImpl.java:62)
	at sun.reflect.DelegatingMethodAccessorImpl.invoke(DelegatingMethodAccessorImpl.java:43)
	at java.lang.reflect.Method.invoke(Method.java:498)
	at org.junit.runners.model.FrameworkMethod$1.runReflectiveCall(FrameworkMethod.java:47)
	at org.junit.internal.runners.model.ReflectiveCallable.run(ReflectiveCallable.java:12)
	at org.junit.runners.model.FrameworkMethod.invokeExplosively(FrameworkMethod.java:44)
	at org.junit.internal.runners.statements.RunBefores.evaluate(RunBefores.java:24)
	at org.junit.internal.runners.statements.RunAfters.evaluate(RunAfters.java:27)
	at org.junit.runners.ParentRunner.runLeaf(ParentRunner.java:271)
	at org.junit.runners.BlockJUnit4ClassRunner.runChild(BlockJUnit4ClassRunner.java:70)
	at org.junit.runners.BlockJUnit4ClassRunner.runChild(BlockJUnit4ClassRunner.java:50)
	at org.junit.runners.ParentRunner$3.run(ParentRunner.java:238)
	at org.junit.runners.ParentRunner$1.schedule(ParentRunner.java:63)
	at org.junit.runners.ParentRunner.runChildren(ParentRunner.java:236)
	at org.junit.runners.ParentRunner.access$000(ParentRunner.java:53)
	at org.junit.runners.ParentRunner$2.evaluate(ParentRunner.java:229)
	at org.junit.runners.ParentRunner.run(ParentRunner.java:309)
	at org.apache.maven.surefire.junit4.JUnit4Provider.execute(JUnit4Provider.java:365)
	at org.apache.maven.surefire.junit4.JUnit4Provider.executeWithRerun(JUnit4Provider.java:273)
	at org.apache.maven.surefire.junit4.JUnit4Provider.executeTestSet(JUnit4Provider.java:238)
	at org.apache.maven.surefire.junit4.JUnit4Provider.invoke(JUnit4Provider.java:159)
	at org.apache.maven.surefire.booter.ForkedBooter.invokeProviderInSameClassLoader(ForkedBooter.java:384)
	at org.apache.maven.surefire.booter.ForkedBooter.runSuitesInProcess(ForkedBooter.java:345)
	at org.apache.maven.surefire.booter.ForkedBooter.execute(ForkedBooter.java:126)
	at org.apache.maven.surefire.booter.ForkedBooter.main(ForkedBooter.java:418)
</error>
    <system-out><![CDATA[2019-09-26 10:41:05,879 [main] WARN  server.ServerUtils (ServerUtils.java:getScmDbDir(145)) - ozone.scm.db.dirs is not configured. We recommend adding this setting. Falling back to ozone.metadata.dirs instead.
2019-09-26 10:41:05,980 [main] WARN  server.ServerUtils (ServerUtils.java:getScmDbDir(145)) - ozone.scm.db.dirs is not configured. We recommend adding this setting. Falling back to ozone.metadata.dirs instead.
2019-09-26 10:41:05,985 [main] WARN  server.ServerUtils (ServerUtils.java:getScmDbDir(145)) - ozone.scm.db.dirs is not configured. We recommend adding this setting. Falling back to ozone.metadata.dirs instead.
2019-09-26 10:41:06,011 [main] INFO  util.log (Log.java:initialized(192)) - Logging initialized @799ms
2019-09-26 10:41:06,131 [main] INFO  db.DBStoreBuilder (DBStoreBuilder.java:addTable(110)) - using custom profile for table: deletedBlocks
2019-09-26 10:41:06,131 [main] INFO  db.DBStoreBuilder (DBStoreBuilder.java:processTables(161)) - Using default column profile:DBProfile.DISK for Table:deletedBlocks
2019-09-26 10:41:06,132 [main] INFO  db.DBStoreBuilder (DBStoreBuilder.java:addTable(110)) - using custom profile for table: validCerts
2019-09-26 10:41:06,132 [main] INFO  db.DBStoreBuilder (DBStoreBuilder.java:processTables(161)) - Using default column profile:DBProfile.DISK for Table:validCerts
2019-09-26 10:41:06,132 [main] INFO  db.DBStoreBuilder (DBStoreBuilder.java:addTable(110)) - using custom profile for table: revokedCerts
2019-09-26 10:41:06,132 [main] INFO  db.DBStoreBuilder (DBStoreBuilder.java:processTables(161)) - Using default column profile:DBProfile.DISK for Table:revokedCerts
2019-09-26 10:41:06,144 [main] INFO  db.DBStoreBuilder (DBStoreBuilder.java:addTable(110)) - using custom profile for table: default
2019-09-26 10:41:06,144 [main] INFO  db.DBStoreBuilder (DBStoreBuilder.java:processTables(167)) - Using default column profile:DBProfile.DISK for Table:default
2019-09-26 10:41:06,145 [main] INFO  db.DBStoreBuilder (DBStoreBuilder.java:getDbProfile(198)) - Using default options. DBProfile.DISK
2019-09-26 10:41:06,425 [main] INFO  net.NodeSchemaLoader (NodeSchemaLoader.java:loadSchemaFromFile(125)) - Loading file from sun.misc.CompoundEnumeration@78691363
2019-09-26 10:41:06,427 [main] INFO  net.NodeSchemaLoader (NodeSchemaLoader.java:loadSchema(171)) - Loading network topology layer schema file
2019-09-26 10:41:06,523 [main] WARN  server.ServerUtils (ServerUtils.java:sanitizeUserArgs(70)) - ozone.scm.stale.node.interval value = 300000 is larger than max = 100000 based on the key value of ozone.scm.heartbeat.thread.interval, reset to the max value 100000.
2019-09-26 10:41:06,526 [main] WARN  server.ServerUtils (ServerUtils.java:sanitizeUserArgs(70)) - ozone.scm.stale.node.interval value = 300000 is larger than max = 100000 based on the key value of ozone.scm.heartbeat.thread.interval, reset to the max value 100000.
2019-09-26 10:41:06,528 [main] INFO  node.SCMNodeManager (SCMNodeManager.java:<init>(114)) - Entering startup safe mode.
2019-09-26 10:41:06,602 [main] INFO  algorithms.ContainerPlacementPolicyFactory (ContainerPlacementPolicyFactory.java:getPolicy(59)) - Create container placement policy of type org.apache.hadoop.hdds.scm.container.placement.algorithms.SCMContainerPlacementRandom
2019-09-26 10:41:06,617 [main] WARN  server.ServerUtils (ServerUtils.java:getScmDbDir(145)) - ozone.scm.db.dirs is not configured. We recommend adding this setting. Falling back to ozone.metadata.dirs instead.
2019-09-26 10:41:06,676 [main] INFO  pipeline.SCMPipelineManager (SCMPipelineManager.java:initializePipelineState(132)) - No pipeline exists in current db
2019-09-26 10:41:06,678 [main] WARN  server.ServerUtils (ServerUtils.java:getScmDbDir(145)) - ozone.scm.db.dirs is not configured. We recommend adding this setting. Falling back to ozone.metadata.dirs instead.
2019-09-26 10:41:06,780 [main] WARN  events.EventQueue (EventQueue.java:fireEvent(183)) - No event handler registered for event TypedEvent{payloadType=SafeModeStatus, name='SafeModeStatus'}
2019-09-26 10:41:07,135 [main] INFO  ipc.CallQueueManager (CallQueueManager.java:<init>(84)) - Using callQueue: class java.util.concurrent.LinkedBlockingQueue, queueCapacity: 2000, scheduler: class org.apache.hadoop.ipc.DefaultRpcScheduler, ipcBackoff: false.
2019-09-26 10:41:07,165 [Socket Reader #1 for port 43595] INFO  ipc.Server (Server.java:run(1074)) - Starting Socket Reader #1 for port 43595
2019-09-26 10:41:07,298 [main] INFO  ipc.CallQueueManager (CallQueueManager.java:<init>(84)) - Using callQueue: class java.util.concurrent.LinkedBlockingQueue, queueCapacity: 2000, scheduler: class org.apache.hadoop.ipc.DefaultRpcScheduler, ipcBackoff: false.
2019-09-26 10:41:07,299 [Socket Reader #1 for port 38481] INFO  ipc.Server (Server.java:run(1074)) - Starting Socket Reader #1 for port 38481
2019-09-26 10:41:07,307 [main] INFO  ipc.CallQueueManager (CallQueueManager.java:<init>(84)) - Using callQueue: class java.util.concurrent.LinkedBlockingQueue, queueCapacity: 2000, scheduler: class org.apache.hadoop.ipc.DefaultRpcScheduler, ipcBackoff: false.
2019-09-26 10:41:07,308 [Socket Reader #1 for port 36435] INFO  ipc.Server (Server.java:run(1074)) - Starting Socket Reader #1 for port 36435
2019-09-26 10:41:07,327 [main] INFO  hdfs.DFSUtil (DFSUtil.java:httpServerTemplateForNNAndJN(1641)) - Starting Web-server for scm at: http://0.0.0.0:0
2019-09-26 10:41:07,485 [main] INFO  server.AuthenticationFilter (AuthenticationFilter.java:constructSecretProvider(240)) - Unable to initialize FileSignerSecretProvider, falling back to use random secrets.
2019-09-26 10:41:07,493 [main] WARN  http.HttpRequestLog (HttpRequestLog.java:getRequestLog(97)) - Jetty request log can only be enabled using Log4j
2019-09-26 10:41:07,501 [main] INFO  http.HttpServer2 (HttpServer2.java:addGlobalFilter(975)) - Added global filter 'safety' (class=org.apache.hadoop.http.HttpServer2$QuotingInputFilter)
2019-09-26 10:41:07,504 [main] INFO  http.HttpServer2 (HttpServer2.java:addFilter(948)) - Added filter static_user_filter (class=org.apache.hadoop.http.lib.StaticUserWebFilter$StaticUserFilter) to context scm
2019-09-26 10:41:07,504 [main] INFO  http.HttpServer2 (HttpServer2.java:addFilter(958)) - Added filter static_user_filter (class=org.apache.hadoop.http.lib.StaticUserWebFilter$StaticUserFilter) to context static
2019-09-26 10:41:07,504 [main] INFO  http.HttpServer2 (HttpServer2.java:addFilter(958)) - Added filter static_user_filter (class=org.apache.hadoop.http.lib.StaticUserWebFilter$StaticUserFilter) to context logs
2019-09-26 10:41:07,534 [main] INFO  server.StorageContainerManager (StorageContainerManager.java:start(770)) - StorageContainerLocationProtocol RPC server is listening at /0.0.0.0:36435
2019-09-26 10:41:07,593 [main] WARN  impl.MetricsConfig (MetricsConfig.java:loadFirst(134)) - Cannot locate configuration: tried hadoop-metrics2-storagecontainermanager.properties,hadoop-metrics2.properties
2019-09-26 10:41:07,606 [main] INFO  impl.MetricsSystemImpl (MetricsSystemImpl.java:startTimer(374)) - Scheduled Metric snapshot period at 10 second(s).
2019-09-26 10:41:07,607 [main] INFO  impl.MetricsSystemImpl (MetricsSystemImpl.java:start(191)) - StorageContainerManager metrics system started
2019-09-26 10:41:07,835 [main] INFO  server.SCMClientProtocolServer (SCMClientProtocolServer.java:start(151)) - RPC server for Client  is listening at /0.0.0.0:36435
2019-09-26 10:41:07,835 [IPC Server Responder] INFO  ipc.Server (Server.java:run(1314)) - IPC Server Responder: starting
2019-09-26 10:41:07,835 [IPC Server listener on 36435] INFO  ipc.Server (Server.java:run(1153)) - IPC Server listener on 36435: starting
2019-09-26 10:41:07,838 [main] INFO  server.StorageContainerManager (StorageContainerManager.java:start(780)) - ScmBlockLocationProtocol RPC server is listening at /0.0.0.0:38481
2019-09-26 10:41:07,840 [main] INFO  server.SCMBlockProtocolServer (SCMBlockProtocolServer.java:start(146)) - RPC server for Block Protocol is listening at /0.0.0.0:38481
2019-09-26 10:41:07,841 [IPC Server Responder] INFO  ipc.Server (Server.java:run(1314)) - IPC Server Responder: starting
2019-09-26 10:41:07,841 [IPC Server listener on 38481] INFO  ipc.Server (Server.java:run(1153)) - IPC Server listener on 38481: starting
2019-09-26 10:41:07,843 [main] INFO  server.StorageContainerManager (StorageContainerManager.java:start(784)) - ScmDatanodeProtocl RPC server is listening at /0.0.0.0:43595
2019-09-26 10:41:07,843 [main] INFO  server.SCMDatanodeProtocolServer (SCMDatanodeProtocolServer.java:start(191)) - RPC server for DataNodes is listening at /0.0.0.0:43595
2019-09-26 10:41:07,844 [IPC Server Responder] INFO  ipc.Server (Server.java:run(1314)) - IPC Server Responder: starting
2019-09-26 10:41:07,844 [IPC Server listener on 43595] INFO  ipc.Server (Server.java:run(1153)) - IPC Server listener on 43595: starting
2019-09-26 10:41:07,847 [main] INFO  http.HttpServer2 (HttpServer2.java:bindListener(1191)) - Jetty bound to port 33499
2019-09-26 10:41:07,849 [main] INFO  server.Server (Server.java:doStart(351)) - jetty-9.3.25.v20180904, build timestamp: 2018-09-04T21:11:46Z, git hash: 3ce520221d0240229c862b122d2b06c12a625732
2019-09-26 10:41:07,889 [main] INFO  handler.ContextHandler (ContextHandler.java:doStart(781)) - Started o.e.j.s.ServletContextHandler@6b00f608{/logs,file:///workdir/hadoop-ozone/integration-test/target/log,AVAILABLE}
2019-09-26 10:41:07,890 [main] INFO  handler.ContextHandler (ContextHandler.java:doStart(781)) - Started o.e.j.s.ServletContextHandler@3e821657{/static,file:///workdir/hadoop-ozone/integration-test/target/test-classes/webapps/static,AVAILABLE}
2019-09-26 10:41:07,925 [main] INFO  handler.ContextHandler (ContextHandler.java:doStart(781)) - Started o.e.j.w.WebAppContext@6928f576{/,file:///workdir/hadoop-ozone/integration-test/target/test-classes/webapps/scm/,AVAILABLE}{/scm}
2019-09-26 10:41:07,931 [main] INFO  server.AbstractConnector (AbstractConnector.java:doStart(278)) - Started ServerConnector@548e76f1{HTTP/1.1,[http/1.1]}{0.0.0.0:33499}
2019-09-26 10:41:07,931 [main] INFO  server.Server (Server.java:doStart(419)) - Started @2719ms
2019-09-26 10:41:07,933 [main] INFO  impl.MetricsSinkAdapter (MetricsSinkAdapter.java:start(204)) - Sink prometheus started
2019-09-26 10:41:07,934 [main] INFO  impl.MetricsSystemImpl (MetricsSystemImpl.java:registerSink(301)) - Registered sink prometheus
2019-09-26 10:41:07,936 [main] INFO  server.BaseHttpServer (BaseHttpServer.java:updateConnectorAddress(215)) - HTTP server of SCM is listening at http://0.0.0.0:33499
2019-09-26 10:41:07,941 [org.apache.hadoop.util.JvmPauseMonitor$Monitor@73511076] INFO  util.JvmPauseMonitor (JvmPauseMonitor.java:run(188)) - Starting JVM pause monitor
2019-09-26 10:41:07,944 [main] WARN  server.ServerUtils (ServerUtils.java:getDBPath(222)) - ozone.om.db.dirs is not configured. We recommend adding this setting. Falling back to ozone.metadata.dirs instead.
2019-09-26 10:41:08,050 [main] WARN  server.ServerUtils (ServerUtils.java:getDBPath(222)) - ozone.om.db.dirs is not configured. We recommend adding this setting. Falling back to ozone.metadata.dirs instead.
2019-09-26 10:41:08,051 [main] WARN  server.ServerUtils (ServerUtils.java:getDBPath(222)) - ozone.om.db.dirs is not configured. We recommend adding this setting. Falling back to ozone.metadata.dirs instead.
2019-09-26 10:41:08,052 [main] INFO  om.OzoneManager (OzoneManager.java:setOMNodeDetails(652)) - OM Service ID is not set. Setting it to the default ID: omServiceIdDefault
2019-09-26 10:41:08,052 [main] INFO  om.OzoneManager (OzoneManager.java:setOMNodeDetails(658)) - OM Node ID is not set. Setting it to the OmStorage's OmID: 9b4f708f-67da-4097-a00b-31dbc2827566
2019-09-26 10:41:08,054 [main] INFO  om.OzoneManager (OzoneManager.java:loadOMHAConfigs(609)) - Found matching OM address with OMServiceId: null, OMNodeId: null, RPC Address: localhost:0 and Ratis port: 9872
2019-09-26 10:41:08,880 [main] WARN  server.ServerUtils (ServerUtils.java:getDBPath(222)) - ozone.om.db.dirs is not configured. We recommend adding this setting. Falling back to ozone.metadata.dirs instead.
2019-09-26 10:41:08,887 [main] INFO  db.DBStoreBuilder (DBStoreBuilder.java:addTable(110)) - using custom profile for table: userTable
2019-09-26 10:41:08,887 [main] INFO  db.DBStoreBuilder (DBStoreBuilder.java:processTables(161)) - Using default column profile:DBProfile.DISK for Table:userTable
2019-09-26 10:41:08,888 [main] INFO  db.DBStoreBuilder (DBStoreBuilder.java:addTable(110)) - using custom profile for table: volumeTable
2019-09-26 10:41:08,888 [main] INFO  db.DBStoreBuilder (DBStoreBuilder.java:processTables(161)) - Using default column profile:DBProfile.DISK for Table:volumeTable
2019-09-26 10:41:08,888 [main] INFO  db.DBStoreBuilder (DBStoreBuilder.java:addTable(110)) - using custom profile for table: bucketTable
2019-09-26 10:41:08,888 [main] INFO  db.DBStoreBuilder (DBStoreBuilder.java:processTables(161)) - Using default column profile:DBProfile.DISK for Table:bucketTable
2019-09-26 10:41:08,889 [main] INFO  db.DBStoreBuilder (DBStoreBuilder.java:addTable(110)) - using custom profile for table: keyTable
2019-09-26 10:41:08,889 [main] INFO  db.DBStoreBuilder (DBStoreBuilder.java:processTables(161)) - Using default column profile:DBProfile.DISK for Table:keyTable
2019-09-26 10:41:08,889 [main] INFO  db.DBStoreBuilder (DBStoreBuilder.java:addTable(110)) - using custom profile for table: deletedTable
2019-09-26 10:41:08,889 [main] INFO  db.DBStoreBuilder (DBStoreBuilder.java:processTables(161)) - Using default column profile:DBProfile.DISK for Table:deletedTable
2019-09-26 10:41:08,890 [main] INFO  db.DBStoreBuilder (DBStoreBuilder.java:addTable(110)) - using custom profile for table: openKeyTable
2019-09-26 10:41:08,890 [main] INFO  db.DBStoreBuilder (DBStoreBuilder.java:processTables(161)) - Using default column profile:DBProfile.DISK for Table:openKeyTable
2019-09-26 10:41:08,890 [main] INFO  db.DBStoreBuilder (DBStoreBuilder.java:addTable(110)) - using custom profile for table: s3Table
2019-09-26 10:41:08,891 [main] INFO  db.DBStoreBuilder (DBStoreBuilder.java:processTables(161)) - Using default column profile:DBProfile.DISK for Table:s3Table
2019-09-26 10:41:08,891 [main] INFO  db.DBStoreBuilder (DBStoreBuilder.java:addTable(110)) - using custom profile for table: multipartInfoTable
2019-09-26 10:41:08,891 [main] INFO  db.DBStoreBuilder (DBStoreBuilder.java:processTables(161)) - Using default column profile:DBProfile.DISK for Table:multipartInfoTable
2019-09-26 10:41:08,891 [main] INFO  db.DBStoreBuilder (DBStoreBuilder.java:addTable(110)) - using custom profile for table: dTokenTable
2019-09-26 10:41:08,892 [main] INFO  db.DBStoreBuilder (DBStoreBuilder.java:processTables(161)) - Using default column profile:DBProfile.DISK for Table:dTokenTable
2019-09-26 10:41:08,892 [main] INFO  db.DBStoreBuilder (DBStoreBuilder.java:addTable(110)) - using custom profile for table: s3SecretTable
2019-09-26 10:41:08,892 [main] INFO  db.DBStoreBuilder (DBStoreBuilder.java:processTables(161)) - Using default column profile:DBProfile.DISK for Table:s3SecretTable
2019-09-26 10:41:08,892 [main] INFO  db.DBStoreBuilder (DBStoreBuilder.java:addTable(110)) - using custom profile for table: prefixTable
2019-09-26 10:41:08,893 [main] INFO  db.DBStoreBuilder (DBStoreBuilder.java:processTables(161)) - Using default column profile:DBProfile.DISK for Table:prefixTable
2019-09-26 10:41:08,893 [main] INFO  db.DBStoreBuilder (DBStoreBuilder.java:addTable(110)) - using custom profile for table: default
2019-09-26 10:41:08,893 [main] INFO  db.DBStoreBuilder (DBStoreBuilder.java:processTables(167)) - Using default column profile:DBProfile.DISK for Table:default
2019-09-26 10:41:08,893 [main] INFO  db.DBStoreBuilder (DBStoreBuilder.java:getDbProfile(198)) - Using default options. DBProfile.DISK
2019-09-26 10:41:09,512 [main] INFO  ipc.CallQueueManager (CallQueueManager.java:<init>(84)) - Using callQueue: class java.util.concurrent.LinkedBlockingQueue, queueCapacity: 2000, scheduler: class org.apache.hadoop.ipc.DefaultRpcScheduler, ipcBackoff: false.
2019-09-26 10:41:09,513 [Socket Reader #1 for port 42520] INFO  ipc.Server (Server.java:run(1074)) - Starting Socket Reader #1 for port 42520
2019-09-26 10:41:09,535 [main] INFO  om.OzoneManager (OzoneManager.java:start(1243)) - OzoneManager RPC server is listening at localhost/127.0.0.1:42520
2019-09-26 10:41:09,536 [main] INFO  impl.MetricsSystemImpl (MetricsSystemImpl.java:init(158)) - OzoneManager metrics system started (again)
2019-09-26 10:41:09,537 [IPC Server Responder] INFO  ipc.Server (Server.java:run(1314)) - IPC Server Responder: starting
2019-09-26 10:41:09,537 [IPC Server listener on 42520] INFO  ipc.Server (Server.java:run(1153)) - IPC Server listener on 42520: starting
2019-09-26 10:41:09,544 [main] INFO  hdfs.DFSUtil (DFSUtil.java:httpServerTemplateForNNAndJN(1641)) - Starting Web-server for ozoneManager at: http://0.0.0.0:0
2019-09-26 10:41:09,546 [main] INFO  server.AuthenticationFilter (AuthenticationFilter.java:constructSecretProvider(240)) - Unable to initialize FileSignerSecretProvider, falling back to use random secrets.
2019-09-26 10:41:09,547 [main] WARN  http.HttpRequestLog (HttpRequestLog.java:getRequestLog(97)) - Jetty request log can only be enabled using Log4j
2019-09-26 10:41:09,550 [main] INFO  http.HttpServer2 (HttpServer2.java:addGlobalFilter(975)) - Added global filter 'safety' (class=org.apache.hadoop.http.HttpServer2$QuotingInputFilter)
2019-09-26 10:41:09,551 [main] INFO  http.HttpServer2 (HttpServer2.java:addFilter(948)) - Added filter static_user_filter (class=org.apache.hadoop.http.lib.StaticUserWebFilter$StaticUserFilter) to context ozoneManager
2019-09-26 10:41:09,551 [main] INFO  http.HttpServer2 (HttpServer2.java:addFilter(958)) - Added filter static_user_filter (class=org.apache.hadoop.http.lib.StaticUserWebFilter$StaticUserFilter) to context static
2019-09-26 10:41:09,551 [main] INFO  http.HttpServer2 (HttpServer2.java:addFilter(958)) - Added filter static_user_filter (class=org.apache.hadoop.http.lib.StaticUserWebFilter$StaticUserFilter) to context logs
2019-09-26 10:41:09,554 [main] INFO  http.HttpServer2 (HttpServer2.java:bindListener(1191)) - Jetty bound to port 36752
2019-09-26 10:41:09,554 [main] INFO  server.Server (Server.java:doStart(351)) - jetty-9.3.25.v20180904, build timestamp: 2018-09-04T21:11:46Z, git hash: 3ce520221d0240229c862b122d2b06c12a625732
2019-09-26 10:41:09,557 [main] INFO  handler.ContextHandler (ContextHandler.java:doStart(781)) - Started o.e.j.s.ServletContextHandler@15923407{/logs,file:///workdir/hadoop-ozone/integration-test/target/log,AVAILABLE}
2019-09-26 10:41:09,559 [main] INFO  handler.ContextHandler (ContextHandler.java:doStart(781)) - Started o.e.j.s.ServletContextHandler@57540fd0{/static,file:///workdir/hadoop-ozone/integration-test/target/test-classes/webapps/static,AVAILABLE}
2019-09-26 10:41:09,566 [main] INFO  handler.ContextHandler (ContextHandler.java:doStart(781)) - Started o.e.j.w.WebAppContext@5b22b970{/,file:///workdir/hadoop-ozone/integration-test/target/test-classes/webapps/ozoneManager/,AVAILABLE}{/ozoneManager}
2019-09-26 10:41:09,568 [main] INFO  server.AbstractConnector (AbstractConnector.java:doStart(278)) - Started ServerConnector@22d1886d{HTTP/1.1,[http/1.1]}{0.0.0.0:36752}
2019-09-26 10:41:09,569 [main] INFO  server.Server (Server.java:doStart(419)) - Started @4357ms
2019-09-26 10:41:09,569 [main] WARN  impl.MetricsSystemImpl (MetricsSystemImpl.java:register(276)) - Sink prometheus already exists!
2019-09-26 10:41:09,570 [main] INFO  server.BaseHttpServer (BaseHttpServer.java:updateConnectorAddress(215)) - HTTP server of OZONEMANAGER is listening at http://0.0.0.0:36752
2019-09-26 10:41:09,890 [main] INFO  impl.MetricsSystemImpl (MetricsSystemImpl.java:init(158)) - HddsDatanode metrics system started (again)
2019-09-26 10:41:09,936 [main] INFO  ozone.HddsDatanodeService (HddsDatanodeService.java:start(184)) - HddsDatanodeService host:pr-hdds-1569-wvzgm-824869521 ip:192.168.30.13
2019-09-26 10:41:09,968 [main] INFO  volume.HddsVolume (HddsVolume.java:<init>(176)) - Creating Volume: /workdir/hadoop-ozone/integration-test/target/test-dir/MiniOzoneClusterImpl-874991c5-7d1a-4345-b538-2cfa836e270f/datanode-0/data/containers/hdds of  storage type : DISK and capacity : 1482555576320
2019-09-26 10:41:09,970 [main] INFO  volume.VolumeSet (VolumeSet.java:initializeVolumeSet(170)) - Added Volume : /workdir/hadoop-ozone/integration-test/target/test-dir/MiniOzoneClusterImpl-874991c5-7d1a-4345-b538-2cfa836e270f/datanode-0/data/containers/hdds to VolumeSet
2019-09-26 10:41:09,973 [main] INFO  volume.ThrottledAsyncChecker (ThrottledAsyncChecker.java:schedule(139)) - Scheduling a check for org.apache.hadoop.ozone.container.common.volume.HddsVolume@53ac845a
2019-09-26 10:41:09,991 [main] INFO  volume.HddsVolumeChecker (HddsVolumeChecker.java:checkAllVolumes(202)) - Scheduled health check for volume org.apache.hadoop.ozone.container.common.volume.HddsVolume@53ac845a
2019-09-26 10:41:10,099 [main] INFO  impl.RaftServerProxy (ConfUtils.java:logGet(43)) - raft.rpc.type = GRPC (default)
2019-09-26 10:41:10,167 [main] INFO  grpc.GrpcFactory (GrpcFactory.java:checkPooledByteBufAllocatorUseCacheForAllThreads(45)) - PERFORMANCE WARNING: useCacheForAllThreads is true that may cause Netty to create a lot garbage objects and, as a result, trigger GC.
	It is recommended to disable useCacheForAllThreads by setting -Dorg.apache.ratis.thirdparty.io.netty.allocator.useCacheForAllThreads=false in command line.
2019-09-26 10:41:10,172 [main] INFO  grpc.GrpcConfigKeys$Server (ConfUtils.java:logGet(43)) - raft.grpc.server.port = 0 (default)
2019-09-26 10:41:10,173 [main] INFO  server.GrpcService (ConfUtils.java:logGet(43)) - raft.grpc.message.size.max = 33570816 (custom)
2019-09-26 10:41:10,174 [main] INFO  server.RaftServerConfigKeys (ConfUtils.java:logGet(43)) - raft.server.log.appender.buffer.byte-limit = 33554432 (custom)
2019-09-26 10:41:10,175 [main] INFO  server.GrpcService (ConfUtils.java:logGet(43)) - raft.grpc.flow.control.window = 1MB (=1048576) (default)
2019-09-26 10:41:10,176 [main] INFO  server.RaftServerConfigKeys (ConfUtils.java:logGet(43)) - raft.server.rpc.request.timeout = 3000ms (default)
2019-09-26 10:41:10,398 [main] INFO  server.RaftServerConfigKeys (ConfUtils.java:logGet(43)) - raft.server.storage.dir = [/workdir/hadoop-ozone/integration-test/target/test-dir/MiniOzoneClusterImpl-874991c5-7d1a-4345-b538-2cfa836e270f/datanode-0/data/ratis] (custom)
2019-09-26 10:41:10,485 [main] INFO  hdfs.DFSUtil (DFSUtil.java:httpServerTemplateForNNAndJN(1641)) - Starting Web-server for hddsDatanode at: http://0.0.0.0:0
2019-09-26 10:41:10,489 [main] INFO  server.AuthenticationFilter (AuthenticationFilter.java:constructSecretProvider(240)) - Unable to initialize FileSignerSecretProvider, falling back to use random secrets.
2019-09-26 10:41:10,491 [main] WARN  http.HttpRequestLog (HttpRequestLog.java:getRequestLog(97)) - Jetty request log can only be enabled using Log4j
2019-09-26 10:41:10,494 [main] INFO  http.HttpServer2 (HttpServer2.java:addGlobalFilter(975)) - Added global filter 'safety' (class=org.apache.hadoop.http.HttpServer2$QuotingInputFilter)
2019-09-26 10:41:10,494 [main] INFO  http.HttpServer2 (HttpServer2.java:addFilter(948)) - Added filter static_user_filter (class=org.apache.hadoop.http.lib.StaticUserWebFilter$StaticUserFilter) to context hddsDatanode
2019-09-26 10:41:10,495 [main] INFO  http.HttpServer2 (HttpServer2.java:addFilter(958)) - Added filter static_user_filter (class=org.apache.hadoop.http.lib.StaticUserWebFilter$StaticUserFilter) to context logs
2019-09-26 10:41:10,495 [main] INFO  http.HttpServer2 (HttpServer2.java:addFilter(958)) - Added filter static_user_filter (class=org.apache.hadoop.http.lib.StaticUserWebFilter$StaticUserFilter) to context static
2019-09-26 10:41:10,497 [main] INFO  http.HttpServer2 (HttpServer2.java:bindListener(1191)) - Jetty bound to port 35400
2019-09-26 10:41:10,497 [main] INFO  server.Server (Server.java:doStart(351)) - jetty-9.3.25.v20180904, build timestamp: 2018-09-04T21:11:46Z, git hash: 3ce520221d0240229c862b122d2b06c12a625732
2019-09-26 10:41:10,500 [main] INFO  handler.ContextHandler (ContextHandler.java:doStart(781)) - Started o.e.j.s.ServletContextHandler@5fa23c{/logs,file:///workdir/hadoop-ozone/integration-test/target/log,AVAILABLE}
2019-09-26 10:41:10,500 [main] INFO  handler.ContextHandler (ContextHandler.java:doStart(781)) - Started o.e.j.s.ServletContextHandler@433348bc{/static,jar:file:/home/user/.m2/repository/org/apache/hadoop/hadoop-hdds-container-service/0.5.0-SNAPSHOT/hadoop-hdds-container-service-0.5.0-SNAPSHOT.jar!/webapps/static,AVAILABLE}
2019-09-26 10:41:10,534 [main] INFO  handler.ContextHandler (ContextHandler.java:doStart(781)) - Started o.e.j.w.WebAppContext@3c5dbdf8{/,file:///tmp/jetty-0.0.0.0-35400-hddsDatanode-_-any-4551555004943533983.dir/webapp/,AVAILABLE}{/hddsDatanode}
2019-09-26 10:41:10,536 [main] INFO  server.AbstractConnector (AbstractConnector.java:doStart(278)) - Started ServerConnector@352c44a8{HTTP/1.1,[http/1.1]}{0.0.0.0:35400}
2019-09-26 10:41:10,536 [main] INFO  server.Server (Server.java:doStart(419)) - Started @5324ms
2019-09-26 10:41:10,539 [main] WARN  impl.MetricsSystemImpl (MetricsSystemImpl.java:register(276)) - Sink prometheus already exists!
2019-09-26 10:41:10,540 [main] INFO  server.BaseHttpServer (BaseHttpServer.java:updateConnectorAddress(215)) - HTTP server of HDDSDATANODE is listening at http://0.0.0.0:35400
2019-09-26 10:41:10,542 [main] INFO  impl.MetricsSystemImpl (MetricsSystemImpl.java:init(158)) - HddsDatanode metrics system started (again)
2019-09-26 10:41:10,548 [org.apache.hadoop.util.JvmPauseMonitor$Monitor@35d1ffbf] INFO  util.JvmPauseMonitor (JvmPauseMonitor.java:run(188)) - Starting JVM pause monitor
2019-09-26 10:41:10,550 [main] INFO  ozone.HddsDatanodeService (HddsDatanodeService.java:start(184)) - HddsDatanodeService host:pr-hdds-1569-wvzgm-824869521 ip:192.168.30.13
2019-09-26 10:41:10,561 [main] INFO  volume.HddsVolume (HddsVolume.java:<init>(176)) - Creating Volume: /workdir/hadoop-ozone/integration-test/target/test-dir/MiniOzoneClusterImpl-874991c5-7d1a-4345-b538-2cfa836e270f/datanode-1/data/containers/hdds of  storage type : DISK and capacity : 1482555576320
2019-09-26 10:41:10,562 [main] INFO  volume.VolumeSet (VolumeSet.java:initializeVolumeSet(170)) - Added Volume : /workdir/hadoop-ozone/integration-test/target/test-dir/MiniOzoneClusterImpl-874991c5-7d1a-4345-b538-2cfa836e270f/datanode-1/data/containers/hdds to VolumeSet
2019-09-26 10:41:10,563 [main] INFO  volume.ThrottledAsyncChecker (ThrottledAsyncChecker.java:schedule(139)) - Scheduling a check for org.apache.hadoop.ozone.container.common.volume.HddsVolume@3804a9a8
2019-09-26 10:41:10,564 [main] INFO  volume.HddsVolumeChecker (HddsVolumeChecker.java:checkAllVolumes(202)) - Scheduled health check for volume org.apache.hadoop.ozone.container.common.volume.HddsVolume@3804a9a8
2019-09-26 10:41:10,588 [main] INFO  impl.RaftServerProxy (ConfUtils.java:logGet(43)) - raft.rpc.type = GRPC (default)
2019-09-26 10:41:10,588 [main] INFO  grpc.GrpcFactory (GrpcFactory.java:checkPooledByteBufAllocatorUseCacheForAllThreads(45)) - PERFORMANCE WARNING: useCacheForAllThreads is true that may cause Netty to create a lot garbage objects and, as a result, trigger GC.
	It is recommended to disable useCacheForAllThreads by setting -Dorg.apache.ratis.thirdparty.io.netty.allocator.useCacheForAllThreads=false in command line.
2019-09-26 10:41:10,589 [main] INFO  grpc.GrpcConfigKeys$Server (ConfUtils.java:logGet(43)) - raft.grpc.server.port = 0 (default)
2019-09-26 10:41:10,589 [main] INFO  server.GrpcService (ConfUtils.java:logGet(43)) - raft.grpc.message.size.max = 33570816 (custom)
2019-09-26 10:41:10,590 [main] INFO  server.RaftServerConfigKeys (ConfUtils.java:logGet(43)) - raft.server.log.appender.buffer.byte-limit = 33554432 (custom)
2019-09-26 10:41:10,590 [main] INFO  server.GrpcService (ConfUtils.java:logGet(43)) - raft.grpc.flow.control.window = 1MB (=1048576) (default)
2019-09-26 10:41:10,590 [main] INFO  server.RaftServerConfigKeys (ConfUtils.java:logGet(43)) - raft.server.rpc.request.timeout = 3000ms (default)
2019-09-26 10:41:10,591 [main] INFO  server.RaftServerConfigKeys (ConfUtils.java:logGet(43)) - raft.server.storage.dir = [/workdir/hadoop-ozone/integration-test/target/test-dir/MiniOzoneClusterImpl-874991c5-7d1a-4345-b538-2cfa836e270f/datanode-1/data/ratis] (custom)
2019-09-26 10:41:10,594 [main] INFO  hdfs.DFSUtil (DFSUtil.java:httpServerTemplateForNNAndJN(1641)) - Starting Web-server for hddsDatanode at: http://0.0.0.0:0
2019-09-26 10:41:10,596 [main] INFO  server.AuthenticationFilter (AuthenticationFilter.java:constructSecretProvider(240)) - Unable to initialize FileSignerSecretProvider, falling back to use random secrets.
2019-09-26 10:41:10,598 [main] WARN  http.HttpRequestLog (HttpRequestLog.java:getRequestLog(97)) - Jetty request log can only be enabled using Log4j
2019-09-26 10:41:10,601 [main] INFO  http.HttpServer2 (HttpServer2.java:addGlobalFilter(975)) - Added global filter 'safety' (class=org.apache.hadoop.http.HttpServer2$QuotingInputFilter)
2019-09-26 10:41:10,603 [main] INFO  http.HttpServer2 (HttpServer2.java:addFilter(948)) - Added filter static_user_filter (class=org.apache.hadoop.http.lib.StaticUserWebFilter$StaticUserFilter) to context hddsDatanode
2019-09-26 10:41:10,603 [main] INFO  http.HttpServer2 (HttpServer2.java:addFilter(958)) - Added filter static_user_filter (class=org.apache.hadoop.http.lib.StaticUserWebFilter$StaticUserFilter) to context logs
2019-09-26 10:41:10,603 [main] INFO  http.HttpServer2 (HttpServer2.java:addFilter(958)) - Added filter static_user_filter (class=org.apache.hadoop.http.lib.StaticUserWebFilter$StaticUserFilter) to context static
2019-09-26 10:41:10,605 [main] INFO  http.HttpServer2 (HttpServer2.java:bindListener(1191)) - Jetty bound to port 38576
2019-09-26 10:41:10,605 [main] INFO  server.Server (Server.java:doStart(351)) - jetty-9.3.25.v20180904, build timestamp: 2018-09-04T21:11:46Z, git hash: 3ce520221d0240229c862b122d2b06c12a625732
2019-09-26 10:41:10,611 [main] INFO  handler.ContextHandler (ContextHandler.java:doStart(781)) - Started o.e.j.s.ServletContextHandler@625d9132{/logs,file:///workdir/hadoop-ozone/integration-test/target/log,AVAILABLE}
2019-09-26 10:41:10,612 [main] INFO  handler.ContextHandler (ContextHandler.java:doStart(781)) - Started o.e.j.s.ServletContextHandler@277b8fa4{/static,jar:file:/home/user/.m2/repository/org/apache/hadoop/hadoop-hdds-container-service/0.5.0-SNAPSHOT/hadoop-hdds-container-service-0.5.0-SNAPSHOT.jar!/webapps/static,AVAILABLE}
2019-09-26 10:41:10,656 [main] INFO  handler.ContextHandler (ContextHandler.java:doStart(781)) - Started o.e.j.w.WebAppContext@1422ac7f{/,file:///tmp/jetty-0.0.0.0-38576-hddsDatanode-_-any-1977242734788456347.dir/webapp/,AVAILABLE}{/hddsDatanode}
2019-09-26 10:41:10,658 [main] INFO  server.AbstractConnector (AbstractConnector.java:doStart(278)) - Started ServerConnector@5e519ad3{HTTP/1.1,[http/1.1]}{0.0.0.0:38576}
2019-09-26 10:41:10,659 [main] INFO  server.Server (Server.java:doStart(419)) - Started @5447ms
2019-09-26 10:41:10,660 [main] WARN  impl.MetricsSystemImpl (MetricsSystemImpl.java:register(276)) - Sink prometheus already exists!
2019-09-26 10:41:10,661 [main] INFO  server.BaseHttpServer (BaseHttpServer.java:updateConnectorAddress(215)) - HTTP server of HDDSDATANODE is listening at http://0.0.0.0:38576
2019-09-26 10:41:10,661 [main] INFO  impl.MetricsSystemImpl (MetricsSystemImpl.java:init(158)) - HddsDatanode metrics system started (again)
2019-09-26 10:41:10,665 [org.apache.hadoop.util.JvmPauseMonitor$Monitor@5b4961dc] INFO  util.JvmPauseMonitor (JvmPauseMonitor.java:run(188)) - Starting JVM pause monitor
2019-09-26 10:41:10,667 [main] INFO  ozone.HddsDatanodeService (HddsDatanodeService.java:start(184)) - HddsDatanodeService host:pr-hdds-1569-wvzgm-824869521 ip:192.168.30.13
2019-09-26 10:41:10,676 [main] INFO  volume.HddsVolume (HddsVolume.java:<init>(176)) - Creating Volume: /workdir/hadoop-ozone/integration-test/target/test-dir/MiniOzoneClusterImpl-874991c5-7d1a-4345-b538-2cfa836e270f/datanode-2/data/containers/hdds of  storage type : DISK and capacity : 1482555576320
2019-09-26 10:41:10,676 [main] INFO  volume.VolumeSet (VolumeSet.java:initializeVolumeSet(170)) - Added Volume : /workdir/hadoop-ozone/integration-test/target/test-dir/MiniOzoneClusterImpl-874991c5-7d1a-4345-b538-2cfa836e270f/datanode-2/data/containers/hdds to VolumeSet
2019-09-26 10:41:10,676 [main] INFO  volume.ThrottledAsyncChecker (ThrottledAsyncChecker.java:schedule(139)) - Scheduling a check for org.apache.hadoop.ozone.container.common.volume.HddsVolume@6e0c6a7a
2019-09-26 10:41:10,678 [main] INFO  volume.HddsVolumeChecker (HddsVolumeChecker.java:checkAllVolumes(202)) - Scheduled health check for volume org.apache.hadoop.ozone.container.common.volume.HddsVolume@6e0c6a7a
2019-09-26 10:41:10,686 [Datanode State Machine Thread - 0] INFO  datanode.InitDatanodeState (InitDatanodeState.java:persistContainerDatanodeDetails(140)) - DatanodeDetails is persisted to /workdir/hadoop-ozone/integration-test/target/test-dir/MiniOzoneClusterImpl-874991c5-7d1a-4345-b538-2cfa836e270f/datanode-0/meta/datanode.id
2019-09-26 10:41:10,691 [Datanode State Machine Thread - 0] INFO  datanode.InitDatanodeState (InitDatanodeState.java:persistContainerDatanodeDetails(140)) - DatanodeDetails is persisted to /workdir/hadoop-ozone/integration-test/target/test-dir/MiniOzoneClusterImpl-874991c5-7d1a-4345-b538-2cfa836e270f/datanode-1/meta/datanode.id
2019-09-26 10:41:10,695 [main] INFO  impl.RaftServerProxy (ConfUtils.java:logGet(43)) - raft.rpc.type = GRPC (default)
2019-09-26 10:41:10,695 [main] INFO  grpc.GrpcFactory (GrpcFactory.java:checkPooledByteBufAllocatorUseCacheForAllThreads(45)) - PERFORMANCE WARNING: useCacheForAllThreads is true that may cause Netty to create a lot garbage objects and, as a result, trigger GC.
	It is recommended to disable useCacheForAllThreads by setting -Dorg.apache.ratis.thirdparty.io.netty.allocator.useCacheForAllThreads=false in command line.
2019-09-26 10:41:10,696 [main] INFO  grpc.GrpcConfigKeys$Server (ConfUtils.java:logGet(43)) - raft.grpc.server.port = 0 (default)
2019-09-26 10:41:10,696 [main] INFO  server.GrpcService (ConfUtils.java:logGet(43)) - raft.grpc.message.size.max = 33570816 (custom)
2019-09-26 10:41:10,696 [main] INFO  server.RaftServerConfigKeys (ConfUtils.java:logGet(43)) - raft.server.log.appender.buffer.byte-limit = 33554432 (custom)
2019-09-26 10:41:10,696 [main] INFO  server.GrpcService (ConfUtils.java:logGet(43)) - raft.grpc.flow.control.window = 1MB (=1048576) (default)
2019-09-26 10:41:10,697 [main] INFO  server.RaftServerConfigKeys (ConfUtils.java:logGet(43)) - raft.server.rpc.request.timeout = 3000ms (default)
2019-09-26 10:41:10,697 [main] INFO  server.RaftServerConfigKeys (ConfUtils.java:logGet(43)) - raft.server.storage.dir = [/workdir/hadoop-ozone/integration-test/target/test-dir/MiniOzoneClusterImpl-874991c5-7d1a-4345-b538-2cfa836e270f/datanode-2/data/ratis] (custom)
2019-09-26 10:41:10,700 [main] INFO  hdfs.DFSUtil (DFSUtil.java:httpServerTemplateForNNAndJN(1641)) - Starting Web-server for hddsDatanode at: http://0.0.0.0:0
2019-09-26 10:41:10,702 [main] INFO  server.AuthenticationFilter (AuthenticationFilter.java:constructSecretProvider(240)) - Unable to initialize FileSignerSecretProvider, falling back to use random secrets.
2019-09-26 10:41:10,703 [main] WARN  http.HttpRequestLog (HttpRequestLog.java:getRequestLog(97)) - Jetty request log can only be enabled using Log4j
2019-09-26 10:41:10,705 [main] INFO  http.HttpServer2 (HttpServer2.java:addGlobalFilter(975)) - Added global filter 'safety' (class=org.apache.hadoop.http.HttpServer2$QuotingInputFilter)
2019-09-26 10:41:10,707 [main] INFO  http.HttpServer2 (HttpServer2.java:addFilter(948)) - Added filter static_user_filter (class=org.apache.hadoop.http.lib.StaticUserWebFilter$StaticUserFilter) to context hddsDatanode
2019-09-26 10:41:10,707 [main] INFO  http.HttpServer2 (HttpServer2.java:addFilter(958)) - Added filter static_user_filter (class=org.apache.hadoop.http.lib.StaticUserWebFilter$StaticUserFilter) to context static
2019-09-26 10:41:10,707 [main] INFO  http.HttpServer2 (HttpServer2.java:addFilter(958)) - Added filter static_user_filter (class=org.apache.hadoop.http.lib.StaticUserWebFilter$StaticUserFilter) to context logs
2019-09-26 10:41:10,708 [main] INFO  http.HttpServer2 (HttpServer2.java:bindListener(1191)) - Jetty bound to port 40363
2019-09-26 10:41:10,709 [main] INFO  server.Server (Server.java:doStart(351)) - jetty-9.3.25.v20180904, build timestamp: 2018-09-04T21:11:46Z, git hash: 3ce520221d0240229c862b122d2b06c12a625732
2019-09-26 10:41:10,712 [main] INFO  handler.ContextHandler (ContextHandler.java:doStart(781)) - Started o.e.j.s.ServletContextHandler@5fcfde70{/logs,file:///workdir/hadoop-ozone/integration-test/target/log,AVAILABLE}
2019-09-26 10:41:10,713 [main] INFO  handler.ContextHandler (ContextHandler.java:doStart(781)) - Started o.e.j.s.ServletContextHandler@28da7d11{/static,jar:file:/home/user/.m2/repository/org/apache/hadoop/hadoop-hdds-container-service/0.5.0-SNAPSHOT/hadoop-hdds-container-service-0.5.0-SNAPSHOT.jar!/webapps/static,AVAILABLE}
2019-09-26 10:41:10,757 [main] INFO  handler.ContextHandler (ContextHandler.java:doStart(781)) - Started o.e.j.w.WebAppContext@296e281a{/,file:///tmp/jetty-0.0.0.0-40363-hddsDatanode-_-any-7357469968481720151.dir/webapp/,AVAILABLE}{/hddsDatanode}
2019-09-26 10:41:10,759 [main] INFO  server.AbstractConnector (AbstractConnector.java:doStart(278)) - Started ServerConnector@59cda16e{HTTP/1.1,[http/1.1]}{0.0.0.0:40363}
2019-09-26 10:41:10,760 [main] INFO  server.Server (Server.java:doStart(419)) - Started @5548ms
2019-09-26 10:41:10,760 [main] WARN  impl.MetricsSystemImpl (MetricsSystemImpl.java:register(276)) - Sink prometheus already exists!
2019-09-26 10:41:10,761 [main] INFO  server.BaseHttpServer (BaseHttpServer.java:updateConnectorAddress(215)) - HTTP server of HDDSDATANODE is listening at http://0.0.0.0:40363
2019-09-26 10:41:10,764 [main] INFO  ozone.MiniOzoneClusterImpl (MiniOzoneClusterImpl.java:lambda$waitForClusterToBeReady$0(147)) - Waiting for cluster to be ready. Got 0 of 3 DN Heartbeats.
2019-09-26 10:41:10,765 [org.apache.hadoop.util.JvmPauseMonitor$Monitor@5c7ddf44] INFO  util.JvmPauseMonitor (JvmPauseMonitor.java:run(188)) - Starting JVM pause monitor
2019-09-26 10:41:10,768 [Datanode State Machine Thread - 0] INFO  datanode.InitDatanodeState (InitDatanodeState.java:persistContainerDatanodeDetails(140)) - DatanodeDetails is persisted to /workdir/hadoop-ozone/integration-test/target/test-dir/MiniOzoneClusterImpl-874991c5-7d1a-4345-b538-2cfa836e270f/datanode-2/meta/datanode.id
2019-09-26 10:41:11,765 [main] INFO  ozone.MiniOzoneClusterImpl (MiniOzoneClusterImpl.java:lambda$waitForClusterToBeReady$0(147)) - Waiting for cluster to be ready. Got 0 of 3 DN Heartbeats.
2019-09-26 10:41:12,620 [Datanode State Machine Thread - 0] INFO  ozoneimpl.OzoneContainer (OzoneContainer.java:start(217)) - Attempting to start container services.
2019-09-26 10:41:12,623 [Datanode State Machine Thread - 0] INFO  ozoneimpl.OzoneContainer (OzoneContainer.java:startContainerScrub(179)) - Background container scanner has been disabled.
2019-09-26 10:41:12,623 [Datanode State Machine Thread - 0] INFO  ratis.XceiverServerRatis (XceiverServerRatis.java:start(411)) - Starting XceiverServerRatis c54107b3-e948-418f-914e-487299d32ca0 at port 0
2019-09-26 10:41:12,652 [Datanode State Machine Thread - 0] INFO  impl.RaftServerProxy (RaftServerProxy.java:lambda$start$3(299)) - c54107b3-e948-418f-914e-487299d32ca0: start RPC server
2019-09-26 10:41:12,683 [Datanode State Machine Thread - 0] INFO  ozoneimpl.OzoneContainer (OzoneContainer.java:start(217)) - Attempting to start container services.
2019-09-26 10:41:12,690 [Datanode State Machine Thread - 0] INFO  ozoneimpl.OzoneContainer (OzoneContainer.java:startContainerScrub(179)) - Background container scanner has been disabled.
2019-09-26 10:41:12,690 [Datanode State Machine Thread - 0] INFO  ratis.XceiverServerRatis (XceiverServerRatis.java:start(411)) - Starting XceiverServerRatis 68b23fe9-fcf3-4ca6-9530-99b3113ca78f at port 0
2019-09-26 10:41:12,704 [Datanode State Machine Thread - 0] INFO  impl.RaftServerProxy (RaftServerProxy.java:lambda$start$3(299)) - 68b23fe9-fcf3-4ca6-9530-99b3113ca78f: start RPC server
2019-09-26 10:41:12,766 [main] INFO  ozone.MiniOzoneClusterImpl (MiniOzoneClusterImpl.java:lambda$waitForClusterToBeReady$0(147)) - Waiting for cluster to be ready. Got 0 of 3 DN Heartbeats.
2019-09-26 10:41:12,781 [Datanode State Machine Thread - 0] INFO  ozoneimpl.OzoneContainer (OzoneContainer.java:start(217)) - Attempting to start container services.
2019-09-26 10:41:12,783 [Datanode State Machine Thread - 0] INFO  ozoneimpl.OzoneContainer (OzoneContainer.java:startContainerScrub(179)) - Background container scanner has been disabled.
2019-09-26 10:41:12,783 [Datanode State Machine Thread - 0] INFO  ratis.XceiverServerRatis (XceiverServerRatis.java:start(411)) - Starting XceiverServerRatis 54dcae81-dbd9-40b6-afc3-8b9ef3945f08 at port 0
2019-09-26 10:41:12,798 [Datanode State Machine Thread - 0] INFO  impl.RaftServerProxy (RaftServerProxy.java:lambda$start$3(299)) - 54dcae81-dbd9-40b6-afc3-8b9ef3945f08: start RPC server
2019-09-26 10:41:12,827 [Datanode State Machine Thread - 0] INFO  server.GrpcService (GrpcService.java:startImpl(158)) - 54dcae81-dbd9-40b6-afc3-8b9ef3945f08: GrpcService started, listening on 0.0.0.0/0.0.0.0:42120
2019-09-26 10:41:12,827 [Datanode State Machine Thread - 0] INFO  server.GrpcService (GrpcService.java:startImpl(158)) - 68b23fe9-fcf3-4ca6-9530-99b3113ca78f: GrpcService started, listening on 0.0.0.0/0.0.0.0:41435
2019-09-26 10:41:12,827 [Datanode State Machine Thread - 0] INFO  server.GrpcService (GrpcService.java:startImpl(158)) - c54107b3-e948-418f-914e-487299d32ca0: GrpcService started, listening on 0.0.0.0/0.0.0.0:35160
2019-09-26 10:41:12,829 [Datanode State Machine Thread - 0] INFO  ratis.XceiverServerRatis (XceiverServerRatis.java:start(421)) - XceiverServerRatis 68b23fe9-fcf3-4ca6-9530-99b3113ca78f is started using port 41435
2019-09-26 10:41:12,829 [Datanode State Machine Thread - 0] INFO  ratis.XceiverServerRatis (XceiverServerRatis.java:start(421)) - XceiverServerRatis 54dcae81-dbd9-40b6-afc3-8b9ef3945f08 is started using port 42120
2019-09-26 10:41:12,829 [Datanode State Machine Thread - 0] INFO  ratis.XceiverServerRatis (XceiverServerRatis.java:start(421)) - XceiverServerRatis c54107b3-e948-418f-914e-487299d32ca0 is started using port 35160
2019-09-26 10:41:12,838 [Datanode State Machine Thread - 0] INFO  server.XceiverServerGrpc (XceiverServerGrpc.java:start(149)) - XceiverServerGrpc c54107b3-e948-418f-914e-487299d32ca0 is started using port 41530
2019-09-26 10:41:12,839 [Datanode State Machine Thread - 0] INFO  server.XceiverServerGrpc (XceiverServerGrpc.java:start(149)) - XceiverServerGrpc 68b23fe9-fcf3-4ca6-9530-99b3113ca78f is started using port 46591
2019-09-26 10:41:12,838 [Datanode State Machine Thread - 0] INFO  server.XceiverServerGrpc (XceiverServerGrpc.java:start(149)) - XceiverServerGrpc 54dcae81-dbd9-40b6-afc3-8b9ef3945f08 is started using port 38857
2019-09-26 10:41:13,766 [main] INFO  ozone.MiniOzoneClusterImpl (MiniOzoneClusterImpl.java:lambda$waitForClusterToBeReady$0(147)) - Waiting for cluster to be ready. Got 0 of 3 DN Heartbeats.
2019-09-26 10:41:14,602 [IPC Server handler 0 on 43595] INFO  net.NetworkTopology (NetworkTopologyImpl.java:add(111)) - Added a new node: /default-rack/c54107b3-e948-418f-914e-487299d32ca0
2019-09-26 10:41:14,603 [IPC Server handler 0 on 43595] INFO  node.SCMNodeManager (SCMNodeManager.java:register(266)) - Registered Data node : c54107b3-e948-418f-914e-487299d32ca0{ip: 192.168.30.13, host: pr-hdds-1569-wvzgm-824869521, networkLocation: /default-rack, certSerialId: null}
2019-09-26 10:41:14,609 [EventQueue-NodeRegistrationContainerReportForDataNodeSafeModeRule] INFO  safemode.SCMSafeModeManager (DataNodeSafeModeRule.java:process(71)) - SCM in safe mode. 1 DataNodes registered, 1 required.
2019-09-26 10:41:14,609 [EventQueue-NodeRegistrationContainerReportForDataNodeSafeModeRule] INFO  safemode.SCMSafeModeManager (SCMSafeModeManager.java:validateSafeModeExitRules(177)) - ScmSafeModeManager, all rules are successfully validated
2019-09-26 10:41:14,609 [EventQueue-NodeRegistrationContainerReportForDataNodeSafeModeRule] INFO  safemode.SCMSafeModeManager (SCMSafeModeManager.java:exitSafeMode(193)) - SCM exiting safe mode.
2019-09-26 10:41:14,668 [IPC Server handler 1 on 43595] INFO  net.NetworkTopology (NetworkTopologyImpl.java:add(111)) - Added a new node: /default-rack/68b23fe9-fcf3-4ca6-9530-99b3113ca78f
2019-09-26 10:41:14,668 [IPC Server handler 1 on 43595] INFO  node.SCMNodeManager (SCMNodeManager.java:register(266)) - Registered Data node : 68b23fe9-fcf3-4ca6-9530-99b3113ca78f{ip: 192.168.30.13, host: pr-hdds-1569-wvzgm-824869521, networkLocation: /default-rack, certSerialId: null}
2019-09-26 10:41:14,767 [IPC Server handler 2 on 43595] INFO  net.NetworkTopology (NetworkTopologyImpl.java:add(111)) - Added a new node: /default-rack/54dcae81-dbd9-40b6-afc3-8b9ef3945f08
2019-09-26 10:41:14,767 [main] INFO  ozone.MiniOzoneClusterImpl (MiniOzoneClusterImpl.java:lambda$waitForClusterToBeReady$0(147)) - Cluster is ready. Got 3 of 3 DN Heartbeats.
2019-09-26 10:41:14,767 [IPC Server handler 2 on 43595] INFO  node.SCMNodeManager (SCMNodeManager.java:register(266)) - Registered Data node : 54dcae81-dbd9-40b6-afc3-8b9ef3945f08{ip: 192.168.30.13, host: pr-hdds-1569-wvzgm-824869521, networkLocation: /default-rack, certSerialId: null}
2019-09-26 10:41:15,169 [grpc-default-executor-0] INFO  impl.RaftServerProxy (RaftServerProxy.java:addNew(89)) - c54107b3-e948-418f-914e-487299d32ca0: addNew group-99950B5899DE:[c54107b3-e948-418f-914e-487299d32ca0:192.168.30.13:35160] returns group-99950B5899DE:java.util.concurrent.CompletableFuture@4c2d1fdc[Not completed]
2019-09-26 10:41:15,189 [pool-27-thread-1] INFO  impl.RaftServerImpl (RaftServerImpl.java:<init>(95)) - c54107b3-e948-418f-914e-487299d32ca0: new RaftServerImpl for group-99950B5899DE:[c54107b3-e948-418f-914e-487299d32ca0:192.168.30.13:35160] with ContainerStateMachine:uninitialized
2019-09-26 10:41:15,193 [pool-27-thread-1] INFO  server.RaftServerConfigKeys (ConfUtils.java:logGet(43)) - raft.server.rpc.timeout.min = 5s (custom)
2019-09-26 10:41:15,194 [pool-27-thread-1] INFO  server.RaftServerConfigKeys (ConfUtils.java:logGet(43)) - raft.server.rpc.timeout.max = 5200ms (custom)
2019-09-26 10:41:15,194 [pool-27-thread-1] INFO  server.RaftServerConfigKeys (ConfUtils.java:logGet(43)) - raft.server.rpcslowness.timeout = 120s (custom)
2019-09-26 10:41:15,196 [pool-27-thread-1] INFO  server.RaftServerConfigKeys (ConfUtils.java:logGet(43)) - raft.server.sleep.deviation.threshold = 300 (default)
2019-09-26 10:41:15,197 [pool-27-thread-1] INFO  server.RaftServerConfigKeys (ConfUtils.java:logGet(43)) - raft.server.log.appender.install.snapshot.enabled = false (custom)
2019-09-26 10:41:15,207 [pool-27-thread-1] INFO  impl.RaftServerImpl (ServerState.java:<init>(103)) - c54107b3-e948-418f-914e-487299d32ca0@group-99950B5899DE: ConfigurationManager, init=-1: [c54107b3-e948-418f-914e-487299d32ca0:192.168.30.13:35160], old=null, confs=<EMPTY_MAP>
2019-09-26 10:41:15,207 [pool-27-thread-1] INFO  server.RaftServerConfigKeys (ConfUtils.java:logGet(43)) - raft.server.storage.dir = [/workdir/hadoop-ozone/integration-test/target/test-dir/MiniOzoneClusterImpl-874991c5-7d1a-4345-b538-2cfa836e270f/datanode-0/data/ratis] (custom)
2019-09-26 10:41:15,219 [pool-27-thread-1] INFO  storage.RaftStorageDirectory (RaftStorageDirectory.java:analyzeStorage(246)) - The storage directory /workdir/hadoop-ozone/integration-test/target/test-dir/MiniOzoneClusterImpl-874991c5-7d1a-4345-b538-2cfa836e270f/datanode-0/data/ratis/a9e4fe7c-043b-415b-88bd-99950b5899de does not exist. Creating ...
2019-09-26 10:41:15,239 [pool-27-thread-1] INFO  storage.RaftStorageDirectory (RaftStorageDirectory.java:tryLock(328)) - Lock on /workdir/hadoop-ozone/integration-test/target/test-dir/MiniOzoneClusterImpl-874991c5-7d1a-4345-b538-2cfa836e270f/datanode-0/data/ratis/a9e4fe7c-043b-415b-88bd-99950b5899de/in_use.lock acquired by nodename 10232@pr-hdds-1569-wvzgm-824869521
2019-09-26 10:41:15,258 [pool-27-thread-1] INFO  storage.RaftStorage (RaftStorage.java:format(72)) - Storage directory /workdir/hadoop-ozone/integration-test/target/test-dir/MiniOzoneClusterImpl-874991c5-7d1a-4345-b538-2cfa836e270f/datanode-0/data/ratis/a9e4fe7c-043b-415b-88bd-99950b5899de has been successfully formatted.
2019-09-26 10:41:15,262 [pool-27-thread-1] INFO  ratis.ContainerStateMachine (ContainerStateMachine.java:loadSnapshot(230)) - group-99950B5899DE: The snapshot info is null. Setting the last applied indexto:(t:0, i:~)
2019-09-26 10:41:15,263 [pool-27-thread-1] INFO  server.RaftServerConfigKeys (ConfUtils.java:logGet(43)) - raft.server.notification.no-leader.timeout = 120s (custom)
2019-09-26 10:41:15,266 [pool-27-thread-1] INFO  server.RaftServerConfigKeys (ConfUtils.java:logGet(43)) - raft.server.log.use.memory = false (default)
2019-09-26 10:41:15,276 [pool-27-thread-1] INFO  server.RaftServerConfigKeys (ConfUtils.java:logGet(43)) - raft.server.log.purge.gap = 1000000 (custom)
2019-09-26 10:41:15,276 [pool-27-thread-1] INFO  server.RaftServerConfigKeys (ConfUtils.java:logGet(43)) - raft.server.log.appender.buffer.byte-limit = 33554432 (custom)
2019-09-26 10:41:15,279 [pool-27-thread-1] INFO  server.RaftServerConfigKeys (ConfUtils.java:logGet(43)) - raft.server.log.segment.size.max = 1048576 (custom)
2019-09-26 10:41:15,287 [pool-27-thread-1] INFO  server.RaftServerConfigKeys (ConfUtils.java:logGet(43)) - raft.server.log.segment.cache.num.max = 2 (custom)
2019-09-26 10:41:15,295 [pool-27-thread-1] INFO  segmented.SegmentedRaftLogWorker (SegmentedRaftLogWorker.java:<init>(172)) - new c54107b3-e948-418f-914e-487299d32ca0@group-99950B5899DE-SegmentedRaftLogWorker for RaftStorage:Storage Directory /workdir/hadoop-ozone/integration-test/target/test-dir/MiniOzoneClusterImpl-874991c5-7d1a-4345-b538-2cfa836e270f/datanode-0/data/ratis/a9e4fe7c-043b-415b-88bd-99950b5899de
2019-09-26 10:41:15,297 [pool-27-thread-1] INFO  impl.MetricsSystemImpl (MetricsSystemImpl.java:init(158)) - ratis metrics system started (again)
2019-09-26 10:41:15,303 [pool-27-thread-1] INFO  metrics.MetricRegistries (MetricRegistriesLoader.java:load(64)) - Loaded MetricRegistries class org.apache.ratis.metrics.impl.MetricRegistriesImpl
2019-09-26 10:41:15,331 [pool-27-thread-1] INFO  server.RaftServerConfigKeys (ConfUtils.java:logGet(43)) - raft.server.log.queue.byte-limit = 2147483647 (custom)
2019-09-26 10:41:15,332 [pool-27-thread-1] INFO  server.RaftServerConfigKeys (ConfUtils.java:logGet(43)) - raft.server.log.queue.element-limit = 1024 (custom)
2019-09-26 10:41:15,335 [pool-27-thread-1] INFO  server.RaftServerConfigKeys (ConfUtils.java:logGet(43)) - raft.server.log.segment.size.max = 1048576 (custom)
2019-09-26 10:41:15,336 [pool-27-thread-1] INFO  server.RaftServerConfigKeys (ConfUtils.java:logGet(43)) - raft.server.log.preallocated.size = 16384 (custom)
2019-09-26 10:41:15,336 [pool-27-thread-1] INFO  server.RaftServerConfigKeys (ConfUtils.java:logGet(43)) - raft.server.log.write.buffer.size = 33554432 (custom)
2019-09-26 10:41:15,336 [pool-27-thread-1] INFO  server.RaftServerConfigKeys (ConfUtils.java:logGet(43)) - raft.server.log.force.sync.num = 128 (default)
2019-09-26 10:41:15,337 [pool-27-thread-1] INFO  server.RaftServerConfigKeys (ConfUtils.java:logGet(43)) - raft.server.log.statemachine.data.sync = true (default)
2019-09-26 10:41:15,337 [pool-27-thread-1] INFO  server.RaftServerConfigKeys (ConfUtils.java:logGet(43)) - raft.server.log.statemachine.data.sync.timeout = 10s (default)
2019-09-26 10:41:15,338 [pool-27-thread-1] INFO  server.RaftServerConfigKeys (ConfUtils.java:logGet(43)) - raft.server.log.statemachine.data.sync.timeout.retry = -1 (default)
2019-09-26 10:41:15,346 [pool-27-thread-1] INFO  server.RaftServerConfigKeys (ConfUtils.java:logGet(43)) - raft.server.log.statemachine.data.caching.enabled = true (custom)
2019-09-26 10:41:15,350 [pool-27-thread-1] INFO  segmented.SegmentedRaftLogWorker (SegmentedRaftLogWorker.java:lambda$new$0(132)) - c54107b3-e948-418f-914e-487299d32ca0@group-99950B5899DE-SegmentedRaftLogWorker: flushIndex: setUnconditionally 0 -> -1
2019-09-26 10:41:15,354 [pool-27-thread-1] INFO  server.RaftServerConfigKeys (ConfUtils.java:logGet(43)) - raft.server.snapshot.auto.trigger.enabled = true (custom)
2019-09-26 10:41:15,355 [pool-27-thread-1] INFO  server.RaftServerConfigKeys (ConfUtils.java:logGet(43)) - raft.server.snapshot.auto.trigger.threshold = 10000 (custom)
2019-09-26 10:41:15,355 [pool-27-thread-1] INFO  server.RaftServerConfigKeys (ConfUtils.java:logGet(43)) - raft.server.snapshot.retention.num.files = 5 (custom)
2019-09-26 10:41:15,356 [pool-27-thread-1] INFO  server.RaftServerConfigKeys (ConfUtils.java:logGet(43)) - raft.server.retrycache.expirytime = 600000ms (custom)
2019-09-26 10:41:15,383 [pool-27-thread-1] INFO  impl.RaftServerImpl (RaftServerImpl.java:start(185)) - c54107b3-e948-418f-914e-487299d32ca0@group-99950B5899DE: start as a follower, conf=-1: [c54107b3-e948-418f-914e-487299d32ca0:192.168.30.13:35160], old=null
2019-09-26 10:41:15,384 [pool-27-thread-1] INFO  impl.RaftServerImpl (RaftServerImpl.java:setRole(174)) - c54107b3-e948-418f-914e-487299d32ca0@group-99950B5899DE: changes role from      null to FOLLOWER at term 0 for startAsFollower
2019-09-26 10:41:15,385 [pool-27-thread-1] INFO  impl.RoleInfo (RoleInfo.java:updateAndGet(143)) - c54107b3-e948-418f-914e-487299d32ca0: start FollowerState
2019-09-26 10:41:15,388 [pool-27-thread-1] INFO  util.JmxRegister (JmxRegister.java:tryRegister(44)) - Successfully registered JMX Bean with object name Ratis:service=RaftServer,group=group-99950B5899DE,id=c54107b3-e948-418f-914e-487299d32ca0
2019-09-26 10:41:15,454 [RatisPipelineUtilsThread] INFO  pipeline.PipelineStateManager (PipelineStateManager.java:addPipeline(56)) - Created pipeline Pipeline[ Id: a9e4fe7c-043b-415b-88bd-99950b5899de, Nodes: c54107b3-e948-418f-914e-487299d32ca0{ip: 192.168.30.13, host: pr-hdds-1569-wvzgm-824869521, networkLocation: /default-rack, certSerialId: null}, Type:RATIS, Factor:ONE, State:OPEN]
2019-09-26 10:41:15,477 [grpc-default-executor-0] INFO  impl.RaftServerProxy (RaftServerProxy.java:addNew(89)) - 68b23fe9-fcf3-4ca6-9530-99b3113ca78f: addNew group-03E457838727:[68b23fe9-fcf3-4ca6-9530-99b3113ca78f:192.168.30.13:41435] returns group-03E457838727:java.util.concurrent.CompletableFuture@399d86b9[Not completed]
2019-09-26 10:41:15,515 [pool-37-thread-1] INFO  impl.RaftServerImpl (RaftServerImpl.java:<init>(95)) - 68b23fe9-fcf3-4ca6-9530-99b3113ca78f: new RaftServerImpl for group-03E457838727:[68b23fe9-fcf3-4ca6-9530-99b3113ca78f:192.168.30.13:41435] with ContainerStateMachine:uninitialized
2019-09-26 10:41:15,517 [pool-37-thread-1] INFO  server.RaftServerConfigKeys (ConfUtils.java:logGet(43)) - raft.server.rpc.timeout.min = 5s (custom)
2019-09-26 10:41:15,517 [pool-37-thread-1] INFO  server.RaftServerConfigKeys (ConfUtils.java:logGet(43)) - raft.server.rpc.timeout.max = 5200ms (custom)
2019-09-26 10:41:15,517 [pool-37-thread-1] INFO  server.RaftServerConfigKeys (ConfUtils.java:logGet(43)) - raft.server.rpcslowness.timeout = 120s (custom)
2019-09-26 10:41:15,517 [pool-37-thread-1] INFO  server.RaftServerConfigKeys (ConfUtils.java:logGet(43)) - raft.server.sleep.deviation.threshold = 300 (default)
2019-09-26 10:41:15,518 [pool-37-thread-1] INFO  server.RaftServerConfigKeys (ConfUtils.java:logGet(43)) - raft.server.log.appender.install.snapshot.enabled = false (custom)
2019-09-26 10:41:15,518 [pool-37-thread-1] INFO  impl.RaftServerImpl (ServerState.java:<init>(103)) - 68b23fe9-fcf3-4ca6-9530-99b3113ca78f@group-03E457838727: ConfigurationManager, init=-1: [68b23fe9-fcf3-4ca6-9530-99b3113ca78f:192.168.30.13:41435], old=null, confs=<EMPTY_MAP>
2019-09-26 10:41:15,518 [pool-37-thread-1] INFO  server.RaftServerConfigKeys (ConfUtils.java:logGet(43)) - raft.server.storage.dir = [/workdir/hadoop-ozone/integration-test/target/test-dir/MiniOzoneClusterImpl-874991c5-7d1a-4345-b538-2cfa836e270f/datanode-1/data/ratis] (custom)
2019-09-26 10:41:15,519 [pool-37-thread-1] INFO  storage.RaftStorageDirectory (RaftStorageDirectory.java:analyzeStorage(246)) - The storage directory /workdir/hadoop-ozone/integration-test/target/test-dir/MiniOzoneClusterImpl-874991c5-7d1a-4345-b538-2cfa836e270f/datanode-1/data/ratis/1c88c0ad-8339-40ae-bd19-03e457838727 does not exist. Creating ...
2019-09-26 10:41:15,537 [pool-37-thread-1] INFO  storage.RaftStorageDirectory (RaftStorageDirectory.java:tryLock(328)) - Lock on /workdir/hadoop-ozone/integration-test/target/test-dir/MiniOzoneClusterImpl-874991c5-7d1a-4345-b538-2cfa836e270f/datanode-1/data/ratis/1c88c0ad-8339-40ae-bd19-03e457838727/in_use.lock acquired by nodename 10232@pr-hdds-1569-wvzgm-824869521
2019-09-26 10:41:15,550 [pool-37-thread-1] INFO  storage.RaftStorage (RaftStorage.java:format(72)) - Storage directory /workdir/hadoop-ozone/integration-test/target/test-dir/MiniOzoneClusterImpl-874991c5-7d1a-4345-b538-2cfa836e270f/datanode-1/data/ratis/1c88c0ad-8339-40ae-bd19-03e457838727 has been successfully formatted.
2019-09-26 10:41:15,552 [pool-37-thread-1] INFO  ratis.ContainerStateMachine (ContainerStateMachine.java:loadSnapshot(230)) - group-03E457838727: The snapshot info is null. Setting the last applied indexto:(t:0, i:~)
2019-09-26 10:41:15,553 [pool-37-thread-1] INFO  server.RaftServerConfigKeys (ConfUtils.java:logGet(43)) - raft.server.notification.no-leader.timeout = 120s (custom)
2019-09-26 10:41:15,554 [pool-37-thread-1] INFO  server.RaftServerConfigKeys (ConfUtils.java:logGet(43)) - raft.server.log.use.memory = false (default)
2019-09-26 10:41:15,554 [pool-37-thread-1] INFO  server.RaftServerConfigKeys (ConfUtils.java:logGet(43)) - raft.server.log.purge.gap = 1000000 (custom)
2019-09-26 10:41:15,554 [pool-37-thread-1] INFO  server.RaftServerConfigKeys (ConfUtils.java:logGet(43)) - raft.server.log.appender.buffer.byte-limit = 33554432 (custom)
2019-09-26 10:41:15,555 [pool-37-thread-1] INFO  server.RaftServerConfigKeys (ConfUtils.java:logGet(43)) - raft.server.log.segment.size.max = 1048576 (custom)
2019-09-26 10:41:15,555 [pool-37-thread-1] INFO  server.RaftServerConfigKeys (ConfUtils.java:logGet(43)) - raft.server.log.segment.cache.num.max = 2 (custom)
2019-09-26 10:41:15,555 [pool-37-thread-1] INFO  segmented.SegmentedRaftLogWorker (SegmentedRaftLogWorker.java:<init>(172)) - new 68b23fe9-fcf3-4ca6-9530-99b3113ca78f@group-03E457838727-SegmentedRaftLogWorker for RaftStorage:Storage Directory /workdir/hadoop-ozone/integration-test/target/test-dir/MiniOzoneClusterImpl-874991c5-7d1a-4345-b538-2cfa836e270f/datanode-1/data/ratis/1c88c0ad-8339-40ae-bd19-03e457838727
2019-09-26 10:41:15,563 [pool-37-thread-1] INFO  server.RaftServerConfigKeys (ConfUtils.java:logGet(43)) - raft.server.log.queue.byte-limit = 2147483647 (custom)
2019-09-26 10:41:15,564 [pool-37-thread-1] INFO  server.RaftServerConfigKeys (ConfUtils.java:logGet(43)) - raft.server.log.queue.element-limit = 1024 (custom)
2019-09-26 10:41:15,564 [pool-37-thread-1] INFO  server.RaftServerConfigKeys (ConfUtils.java:logGet(43)) - raft.server.log.segment.size.max = 1048576 (custom)
2019-09-26 10:41:15,564 [pool-37-thread-1] INFO  server.RaftServerConfigKeys (ConfUtils.java:logGet(43)) - raft.server.log.preallocated.size = 16384 (custom)
2019-09-26 10:41:15,564 [pool-37-thread-1] INFO  server.RaftServerConfigKeys (ConfUtils.java:logGet(43)) - raft.server.log.write.buffer.size = 33554432 (custom)
2019-09-26 10:41:15,565 [pool-37-thread-1] INFO  server.RaftServerConfigKeys (ConfUtils.java:logGet(43)) - raft.server.log.force.sync.num = 128 (default)
2019-09-26 10:41:15,565 [pool-37-thread-1] INFO  server.RaftServerConfigKeys (ConfUtils.java:logGet(43)) - raft.server.log.statemachine.data.sync = true (default)
2019-09-26 10:41:15,565 [pool-37-thread-1] INFO  server.RaftServerConfigKeys (ConfUtils.java:logGet(43)) - raft.server.log.statemachine.data.sync.timeout = 10s (default)
2019-09-26 10:41:15,565 [pool-37-thread-1] INFO  server.RaftServerConfigKeys (ConfUtils.java:logGet(43)) - raft.server.log.statemachine.data.sync.timeout.retry = -1 (default)
2019-09-26 10:41:15,566 [pool-37-thread-1] INFO  server.RaftServerConfigKeys (ConfUtils.java:logGet(43)) - raft.server.log.statemachine.data.caching.enabled = true (custom)
2019-09-26 10:41:15,567 [pool-37-thread-1] INFO  segmented.SegmentedRaftLogWorker (SegmentedRaftLogWorker.java:lambda$new$0(132)) - 68b23fe9-fcf3-4ca6-9530-99b3113ca78f@group-03E457838727-SegmentedRaftLogWorker: flushIndex: setUnconditionally 0 -> -1
2019-09-26 10:41:15,567 [pool-37-thread-1] INFO  server.RaftServerConfigKeys (ConfUtils.java:logGet(43)) - raft.server.snapshot.auto.trigger.enabled = true (custom)
2019-09-26 10:41:15,567 [pool-37-thread-1] INFO  server.RaftServerConfigKeys (ConfUtils.java:logGet(43)) - raft.server.snapshot.auto.trigger.threshold = 10000 (custom)
2019-09-26 10:41:15,568 [pool-37-thread-1] INFO  server.RaftServerConfigKeys (ConfUtils.java:logGet(43)) - raft.server.snapshot.retention.num.files = 5 (custom)
2019-09-26 10:41:15,568 [pool-37-thread-1] INFO  server.RaftServerConfigKeys (ConfUtils.java:logGet(43)) - raft.server.retrycache.expirytime = 600000ms (custom)
2019-09-26 10:41:15,574 [pool-37-thread-1] INFO  impl.RaftServerImpl (RaftServerImpl.java:start(185)) - 68b23fe9-fcf3-4ca6-9530-99b3113ca78f@group-03E457838727: start as a follower, conf=-1: [68b23fe9-fcf3-4ca6-9530-99b3113ca78f:192.168.30.13:41435], old=null
2019-09-26 10:41:15,575 [pool-37-thread-1] INFO  impl.RaftServerImpl (RaftServerImpl.java:setRole(174)) - 68b23fe9-fcf3-4ca6-9530-99b3113ca78f@group-03E457838727: changes role from      null to FOLLOWER at term 0 for startAsFollower
2019-09-26 10:41:15,575 [pool-37-thread-1] INFO  impl.RoleInfo (RoleInfo.java:updateAndGet(143)) - 68b23fe9-fcf3-4ca6-9530-99b3113ca78f: start FollowerState
2019-09-26 10:41:15,577 [pool-37-thread-1] INFO  util.JmxRegister (JmxRegister.java:tryRegister(44)) - Successfully registered JMX Bean with object name Ratis:service=RaftServer,group=group-03E457838727,id=68b23fe9-fcf3-4ca6-9530-99b3113ca78f
2019-09-26 10:41:15,593 [RatisPipelineUtilsThread] INFO  pipeline.PipelineStateManager (PipelineStateManager.java:addPipeline(56)) - Created pipeline Pipeline[ Id: 1c88c0ad-8339-40ae-bd19-03e457838727, Nodes: 68b23fe9-fcf3-4ca6-9530-99b3113ca78f{ip: 192.168.30.13, host: pr-hdds-1569-wvzgm-824869521, networkLocation: /default-rack, certSerialId: null}, Type:RATIS, Factor:ONE, State:OPEN]
2019-09-26 10:41:15,613 [grpc-default-executor-0] INFO  impl.RaftServerProxy (RaftServerProxy.java:addNew(89)) - c54107b3-e948-418f-914e-487299d32ca0: addNew group-8099B34DBA2B:[c54107b3-e948-418f-914e-487299d32ca0:192.168.30.13:35160] returns group-8099B34DBA2B:java.util.concurrent.CompletableFuture@9c79d2a[Not completed]
2019-09-26 10:41:15,635 [pool-27-thread-1] INFO  impl.RaftServerImpl (RaftServerImpl.java:<init>(95)) - c54107b3-e948-418f-914e-487299d32ca0: new RaftServerImpl for group-8099B34DBA2B:[c54107b3-e948-418f-914e-487299d32ca0:192.168.30.13:35160] with ContainerStateMachine:uninitialized
2019-09-26 10:41:15,636 [pool-27-thread-1] INFO  server.RaftServerConfigKeys (ConfUtils.java:logGet(43)) - raft.server.rpc.timeout.min = 5s (custom)
2019-09-26 10:41:15,636 [pool-27-thread-1] INFO  server.RaftServerConfigKeys (ConfUtils.java:logGet(43)) - raft.server.rpc.timeout.max = 5200ms (custom)
2019-09-26 10:41:15,636 [pool-27-thread-1] INFO  server.RaftServerConfigKeys (ConfUtils.java:logGet(43)) - raft.server.rpcslowness.timeout = 120s (custom)
2019-09-26 10:41:15,636 [pool-27-thread-1] INFO  server.RaftServerConfigKeys (ConfUtils.java:logGet(43)) - raft.server.sleep.deviation.threshold = 300 (default)
2019-09-26 10:41:15,637 [pool-27-thread-1] INFO  server.RaftServerConfigKeys (ConfUtils.java:logGet(43)) - raft.server.log.appender.install.snapshot.enabled = false (custom)
2019-09-26 10:41:15,637 [pool-27-thread-1] INFO  impl.RaftServerImpl (ServerState.java:<init>(103)) - c54107b3-e948-418f-914e-487299d32ca0@group-8099B34DBA2B: ConfigurationManager, init=-1: [c54107b3-e948-418f-914e-487299d32ca0:192.168.30.13:35160], old=null, confs=<EMPTY_MAP>
2019-09-26 10:41:15,637 [pool-27-thread-1] INFO  server.RaftServerConfigKeys (ConfUtils.java:logGet(43)) - raft.server.storage.dir = [/workdir/hadoop-ozone/integration-test/target/test-dir/MiniOzoneClusterImpl-874991c5-7d1a-4345-b538-2cfa836e270f/datanode-0/data/ratis] (custom)
2019-09-26 10:41:15,638 [pool-27-thread-1] INFO  storage.RaftStorageDirectory (RaftStorageDirectory.java:analyzeStorage(246)) - The storage directory /workdir/hadoop-ozone/integration-test/target/test-dir/MiniOzoneClusterImpl-874991c5-7d1a-4345-b538-2cfa836e270f/datanode-0/data/ratis/be1264a7-8040-4b50-844c-8099b34dba2b does not exist. Creating ...
2019-09-26 10:41:15,651 [pool-27-thread-1] INFO  storage.RaftStorageDirectory (RaftStorageDirectory.java:tryLock(328)) - Lock on /workdir/hadoop-ozone/integration-test/target/test-dir/MiniOzoneClusterImpl-874991c5-7d1a-4345-b538-2cfa836e270f/datanode-0/data/ratis/be1264a7-8040-4b50-844c-8099b34dba2b/in_use.lock acquired by nodename 10232@pr-hdds-1569-wvzgm-824869521
2019-09-26 10:41:15,665 [pool-27-thread-1] INFO  storage.RaftStorage (RaftStorage.java:format(72)) - Storage directory /workdir/hadoop-ozone/integration-test/target/test-dir/MiniOzoneClusterImpl-874991c5-7d1a-4345-b538-2cfa836e270f/datanode-0/data/ratis/be1264a7-8040-4b50-844c-8099b34dba2b has been successfully formatted.
2019-09-26 10:41:15,666 [pool-27-thread-1] INFO  ratis.ContainerStateMachine (ContainerStateMachine.java:loadSnapshot(230)) - group-8099B34DBA2B: The snapshot info is null. Setting the last applied indexto:(t:0, i:~)
2019-09-26 10:41:15,666 [pool-27-thread-1] INFO  server.RaftServerConfigKeys (ConfUtils.java:logGet(43)) - raft.server.notification.no-leader.timeout = 120s (custom)
2019-09-26 10:41:15,666 [pool-27-thread-1] INFO  server.RaftServerConfigKeys (ConfUtils.java:logGet(43)) - raft.server.log.use.memory = false (default)
2019-09-26 10:41:15,667 [pool-27-thread-1] INFO  server.RaftServerConfigKeys (ConfUtils.java:logGet(43)) - raft.server.log.purge.gap = 1000000 (custom)
2019-09-26 10:41:15,667 [pool-27-thread-1] INFO  server.RaftServerConfigKeys (ConfUtils.java:logGet(43)) - raft.server.log.appender.buffer.byte-limit = 33554432 (custom)
2019-09-26 10:41:15,667 [pool-27-thread-1] INFO  server.RaftServerConfigKeys (ConfUtils.java:logGet(43)) - raft.server.log.segment.size.max = 1048576 (custom)
2019-09-26 10:41:15,667 [pool-27-thread-1] INFO  server.RaftServerConfigKeys (ConfUtils.java:logGet(43)) - raft.server.log.segment.cache.num.max = 2 (custom)
2019-09-26 10:41:15,668 [pool-27-thread-1] INFO  segmented.SegmentedRaftLogWorker (SegmentedRaftLogWorker.java:<init>(172)) - new c54107b3-e948-418f-914e-487299d32ca0@group-8099B34DBA2B-SegmentedRaftLogWorker for RaftStorage:Storage Directory /workdir/hadoop-ozone/integration-test/target/test-dir/MiniOzoneClusterImpl-874991c5-7d1a-4345-b538-2cfa836e270f/datanode-0/data/ratis/be1264a7-8040-4b50-844c-8099b34dba2b
2019-09-26 10:41:15,668 [pool-27-thread-1] INFO  server.RaftServerConfigKeys (ConfUtils.java:logGet(43)) - raft.server.log.queue.byte-limit = 2147483647 (custom)
2019-09-26 10:41:15,668 [pool-27-thread-1] INFO  server.RaftServerConfigKeys (ConfUtils.java:logGet(43)) - raft.server.log.queue.element-limit = 1024 (custom)
2019-09-26 10:41:15,669 [pool-27-thread-1] INFO  server.RaftServerConfigKeys (ConfUtils.java:logGet(43)) - raft.server.log.segment.size.max = 1048576 (custom)
2019-09-26 10:41:15,669 [pool-27-thread-1] INFO  server.RaftServerConfigKeys (ConfUtils.java:logGet(43)) - raft.server.log.preallocated.size = 16384 (custom)
2019-09-26 10:41:15,669 [pool-27-thread-1] INFO  server.RaftServerConfigKeys (ConfUtils.java:logGet(43)) - raft.server.log.write.buffer.size = 33554432 (custom)
2019-09-26 10:41:15,669 [pool-27-thread-1] INFO  server.RaftServerConfigKeys (ConfUtils.java:logGet(43)) - raft.server.log.force.sync.num = 128 (default)
2019-09-26 10:41:15,670 [pool-27-thread-1] INFO  server.RaftServerConfigKeys (ConfUtils.java:logGet(43)) - raft.server.log.statemachine.data.sync = true (default)
2019-09-26 10:41:15,670 [pool-27-thread-1] INFO  server.RaftServerConfigKeys (ConfUtils.java:logGet(43)) - raft.server.log.statemachine.data.sync.timeout = 10s (default)
2019-09-26 10:41:15,670 [pool-27-thread-1] INFO  server.RaftServerConfigKeys (ConfUtils.java:logGet(43)) - raft.server.log.statemachine.data.sync.timeout.retry = -1 (default)
2019-09-26 10:41:15,670 [pool-27-thread-1] INFO  server.RaftServerConfigKeys (ConfUtils.java:logGet(43)) - raft.server.log.statemachine.data.caching.enabled = true (custom)
2019-09-26 10:41:15,671 [pool-27-thread-1] INFO  segmented.SegmentedRaftLogWorker (SegmentedRaftLogWorker.java:lambda$new$0(132)) - c54107b3-e948-418f-914e-487299d32ca0@group-8099B34DBA2B-SegmentedRaftLogWorker: flushIndex: setUnconditionally 0 -> -1
2019-09-26 10:41:15,672 [pool-27-thread-1] INFO  server.RaftServerConfigKeys (ConfUtils.java:logGet(43)) - raft.server.snapshot.auto.trigger.enabled = true (custom)
2019-09-26 10:41:15,672 [pool-27-thread-1] INFO  server.RaftServerConfigKeys (ConfUtils.java:logGet(43)) - raft.server.snapshot.auto.trigger.threshold = 10000 (custom)
2019-09-26 10:41:15,672 [pool-27-thread-1] INFO  server.RaftServerConfigKeys (ConfUtils.java:logGet(43)) - raft.server.snapshot.retention.num.files = 5 (custom)
2019-09-26 10:41:15,672 [pool-27-thread-1] INFO  server.RaftServerConfigKeys (ConfUtils.java:logGet(43)) - raft.server.retrycache.expirytime = 600000ms (custom)
2019-09-26 10:41:15,699 [pool-27-thread-1] INFO  impl.RaftServerImpl (RaftServerImpl.java:start(185)) - c54107b3-e948-418f-914e-487299d32ca0@group-8099B34DBA2B: start as a follower, conf=-1: [c54107b3-e948-418f-914e-487299d32ca0:192.168.30.13:35160], old=null
2019-09-26 10:41:15,699 [pool-27-thread-1] INFO  impl.RaftServerImpl (RaftServerImpl.java:setRole(174)) - c54107b3-e948-418f-914e-487299d32ca0@group-8099B34DBA2B: changes role from      null to FOLLOWER at term 0 for startAsFollower
2019-09-26 10:41:15,699 [pool-27-thread-1] INFO  impl.RoleInfo (RoleInfo.java:updateAndGet(143)) - c54107b3-e948-418f-914e-487299d32ca0: start FollowerState
2019-09-26 10:41:15,700 [pool-27-thread-1] INFO  util.JmxRegister (JmxRegister.java:tryRegister(44)) - Successfully registered JMX Bean with object name Ratis:service=RaftServer,group=group-8099B34DBA2B,id=c54107b3-e948-418f-914e-487299d32ca0
2019-09-26 10:41:15,711 [RatisPipelineUtilsThread] INFO  pipeline.PipelineStateManager (PipelineStateManager.java:addPipeline(56)) - Created pipeline Pipeline[ Id: be1264a7-8040-4b50-844c-8099b34dba2b, Nodes: c54107b3-e948-418f-914e-487299d32ca0{ip: 192.168.30.13, host: pr-hdds-1569-wvzgm-824869521, networkLocation: /default-rack, certSerialId: null}, Type:RATIS, Factor:ONE, State:OPEN]
2019-09-26 10:41:15,727 [grpc-default-executor-0] INFO  impl.RaftServerProxy (RaftServerProxy.java:addNew(89)) - c54107b3-e948-418f-914e-487299d32ca0: addNew group-F675540FF66A:[c54107b3-e948-418f-914e-487299d32ca0:192.168.30.13:35160] returns group-F675540FF66A:java.util.concurrent.CompletableFuture@22c09ddb[Not completed]
2019-09-26 10:41:15,729 [pool-27-thread-1] INFO  impl.RaftServerImpl (RaftServerImpl.java:<init>(95)) - c54107b3-e948-418f-914e-487299d32ca0: new RaftServerImpl for group-F675540FF66A:[c54107b3-e948-418f-914e-487299d32ca0:192.168.30.13:35160] with ContainerStateMachine:uninitialized
2019-09-26 10:41:15,729 [pool-27-thread-1] INFO  server.RaftServerConfigKeys (ConfUtils.java:logGet(43)) - raft.server.rpc.timeout.min = 5s (custom)
2019-09-26 10:41:15,729 [pool-27-thread-1] INFO  server.RaftServerConfigKeys (ConfUtils.java:logGet(43)) - raft.server.rpc.timeout.max = 5200ms (custom)
2019-09-26 10:41:15,729 [pool-27-thread-1] INFO  server.RaftServerConfigKeys (ConfUtils.java:logGet(43)) - raft.server.rpcslowness.timeout = 120s (custom)
2019-09-26 10:41:15,730 [pool-27-thread-1] INFO  server.RaftServerConfigKeys (ConfUtils.java:logGet(43)) - raft.server.sleep.deviation.threshold = 300 (default)
2019-09-26 10:41:15,730 [pool-27-thread-1] INFO  server.RaftServerConfigKeys (ConfUtils.java:logGet(43)) - raft.server.log.appender.install.snapshot.enabled = false (custom)
2019-09-26 10:41:15,730 [pool-27-thread-1] INFO  impl.RaftServerImpl (ServerState.java:<init>(103)) - c54107b3-e948-418f-914e-487299d32ca0@group-F675540FF66A: ConfigurationManager, init=-1: [c54107b3-e948-418f-914e-487299d32ca0:192.168.30.13:35160], old=null, confs=<EMPTY_MAP>
2019-09-26 10:41:15,730 [pool-27-thread-1] INFO  server.RaftServerConfigKeys (ConfUtils.java:logGet(43)) - raft.server.storage.dir = [/workdir/hadoop-ozone/integration-test/target/test-dir/MiniOzoneClusterImpl-874991c5-7d1a-4345-b538-2cfa836e270f/datanode-0/data/ratis] (custom)
2019-09-26 10:41:15,731 [pool-27-thread-1] INFO  storage.RaftStorageDirectory (RaftStorageDirectory.java:analyzeStorage(246)) - The storage directory /workdir/hadoop-ozone/integration-test/target/test-dir/MiniOzoneClusterImpl-874991c5-7d1a-4345-b538-2cfa836e270f/datanode-0/data/ratis/4c1a6b85-71f6-4fed-9e29-f675540ff66a does not exist. Creating ...
2019-09-26 10:41:15,744 [pool-27-thread-1] INFO  storage.RaftStorageDirectory (RaftStorageDirectory.java:tryLock(328)) - Lock on /workdir/hadoop-ozone/integration-test/target/test-dir/MiniOzoneClusterImpl-874991c5-7d1a-4345-b538-2cfa836e270f/datanode-0/data/ratis/4c1a6b85-71f6-4fed-9e29-f675540ff66a/in_use.lock acquired by nodename 10232@pr-hdds-1569-wvzgm-824869521
2019-09-26 10:41:15,758 [pool-27-thread-1] INFO  storage.RaftStorage (RaftStorage.java:format(72)) - Storage directory /workdir/hadoop-ozone/integration-test/target/test-dir/MiniOzoneClusterImpl-874991c5-7d1a-4345-b538-2cfa836e270f/datanode-0/data/ratis/4c1a6b85-71f6-4fed-9e29-f675540ff66a has been successfully formatted.
2019-09-26 10:41:15,758 [pool-27-thread-1] INFO  ratis.ContainerStateMachine (ContainerStateMachine.java:loadSnapshot(230)) - group-F675540FF66A: The snapshot info is null. Setting the last applied indexto:(t:0, i:~)
2019-09-26 10:41:15,758 [pool-27-thread-1] INFO  server.RaftServerConfigKeys (ConfUtils.java:logGet(43)) - raft.server.notification.no-leader.timeout = 120s (custom)
2019-09-26 10:41:15,759 [pool-27-thread-1] INFO  server.RaftServerConfigKeys (ConfUtils.java:logGet(43)) - raft.server.log.use.memory = false (default)
2019-09-26 10:41:15,759 [pool-27-thread-1] INFO  server.RaftServerConfigKeys (ConfUtils.java:logGet(43)) - raft.server.log.purge.gap = 1000000 (custom)
2019-09-26 10:41:15,759 [pool-27-thread-1] INFO  server.RaftServerConfigKeys (ConfUtils.java:logGet(43)) - raft.server.log.appender.buffer.byte-limit = 33554432 (custom)
2019-09-26 10:41:15,759 [pool-27-thread-1] INFO  server.RaftServerConfigKeys (ConfUtils.java:logGet(43)) - raft.server.log.segment.size.max = 1048576 (custom)
2019-09-26 10:41:15,760 [pool-27-thread-1] INFO  server.RaftServerConfigKeys (ConfUtils.java:logGet(43)) - raft.server.log.segment.cache.num.max = 2 (custom)
2019-09-26 10:41:15,760 [pool-27-thread-1] INFO  segmented.SegmentedRaftLogWorker (SegmentedRaftLogWorker.java:<init>(172)) - new c54107b3-e948-418f-914e-487299d32ca0@group-F675540FF66A-SegmentedRaftLogWorker for RaftStorage:Storage Directory /workdir/hadoop-ozone/integration-test/target/test-dir/MiniOzoneClusterImpl-874991c5-7d1a-4345-b538-2cfa836e270f/datanode-0/data/ratis/4c1a6b85-71f6-4fed-9e29-f675540ff66a
2019-09-26 10:41:15,760 [pool-27-thread-1] INFO  server.RaftServerConfigKeys (ConfUtils.java:logGet(43)) - raft.server.log.queue.byte-limit = 2147483647 (custom)
2019-09-26 10:41:15,760 [pool-27-thread-1] INFO  server.RaftServerConfigKeys (ConfUtils.java:logGet(43)) - raft.server.log.queue.element-limit = 1024 (custom)
2019-09-26 10:41:15,761 [pool-27-thread-1] INFO  server.RaftServerConfigKeys (ConfUtils.java:logGet(43)) - raft.server.log.segment.size.max = 1048576 (custom)
2019-09-26 10:41:15,761 [pool-27-thread-1] INFO  server.RaftServerConfigKeys (ConfUtils.java:logGet(43)) - raft.server.log.preallocated.size = 16384 (custom)
2019-09-26 10:41:15,761 [pool-27-thread-1] INFO  server.RaftServerConfigKeys (ConfUtils.java:logGet(43)) - raft.server.log.write.buffer.size = 33554432 (custom)
2019-09-26 10:41:15,761 [pool-27-thread-1] INFO  server.RaftServerConfigKeys (ConfUtils.java:logGet(43)) - raft.server.log.force.sync.num = 128 (default)
2019-09-26 10:41:15,762 [pool-27-thread-1] INFO  server.RaftServerConfigKeys (ConfUtils.java:logGet(43)) - raft.server.log.statemachine.data.sync = true (default)
2019-09-26 10:41:15,762 [pool-27-thread-1] INFO  server.RaftServerConfigKeys (ConfUtils.java:logGet(43)) - raft.server.log.statemachine.data.sync.timeout = 10s (default)
2019-09-26 10:41:15,762 [pool-27-thread-1] INFO  server.RaftServerConfigKeys (ConfUtils.java:logGet(43)) - raft.server.log.statemachine.data.sync.timeout.retry = -1 (default)
2019-09-26 10:41:15,762 [pool-27-thread-1] INFO  server.RaftServerConfigKeys (ConfUtils.java:logGet(43)) - raft.server.log.statemachine.data.caching.enabled = true (custom)
2019-09-26 10:41:15,763 [pool-27-thread-1] INFO  segmented.SegmentedRaftLogWorker (SegmentedRaftLogWorker.java:lambda$new$0(132)) - c54107b3-e948-418f-914e-487299d32ca0@group-F675540FF66A-SegmentedRaftLogWorker: flushIndex: setUnconditionally 0 -> -1
2019-09-26 10:41:15,763 [pool-27-thread-1] INFO  server.RaftServerConfigKeys (ConfUtils.java:logGet(43)) - raft.server.snapshot.auto.trigger.enabled = true (custom)
2019-09-26 10:41:15,763 [pool-27-thread-1] INFO  server.RaftServerConfigKeys (ConfUtils.java:logGet(43)) - raft.server.snapshot.auto.trigger.threshold = 10000 (custom)
2019-09-26 10:41:15,764 [pool-27-thread-1] INFO  server.RaftServerConfigKeys (ConfUtils.java:logGet(43)) - raft.server.snapshot.retention.num.files = 5 (custom)
2019-09-26 10:41:15,764 [pool-27-thread-1] INFO  server.RaftServerConfigKeys (ConfUtils.java:logGet(43)) - raft.server.retrycache.expirytime = 600000ms (custom)
2019-09-26 10:41:15,769 [pool-27-thread-1] INFO  impl.RaftServerImpl (RaftServerImpl.java:start(185)) - c54107b3-e948-418f-914e-487299d32ca0@group-F675540FF66A: start as a follower, conf=-1: [c54107b3-e948-418f-914e-487299d32ca0:192.168.30.13:35160], old=null
2019-09-26 10:41:15,770 [pool-27-thread-1] INFO  impl.RaftServerImpl (RaftServerImpl.java:setRole(174)) - c54107b3-e948-418f-914e-487299d32ca0@group-F675540FF66A: changes role from      null to FOLLOWER at term 0 for startAsFollower
2019-09-26 10:41:15,770 [pool-27-thread-1] INFO  impl.RoleInfo (RoleInfo.java:updateAndGet(143)) - c54107b3-e948-418f-914e-487299d32ca0: start FollowerState
2019-09-26 10:41:15,770 [pool-27-thread-1] INFO  util.JmxRegister (JmxRegister.java:tryRegister(44)) - Successfully registered JMX Bean with object name Ratis:service=RaftServer,group=group-F675540FF66A,id=c54107b3-e948-418f-914e-487299d32ca0
2019-09-26 10:41:15,781 [RatisPipelineUtilsThread] INFO  pipeline.PipelineStateManager (PipelineStateManager.java:addPipeline(56)) - Created pipeline Pipeline[ Id: 4c1a6b85-71f6-4fed-9e29-f675540ff66a, Nodes: c54107b3-e948-418f-914e-487299d32ca0{ip: 192.168.30.13, host: pr-hdds-1569-wvzgm-824869521, networkLocation: /default-rack, certSerialId: null}, Type:RATIS, Factor:ONE, State:OPEN]
2019-09-26 10:41:15,798 [grpc-default-executor-0] INFO  impl.RaftServerProxy (RaftServerProxy.java:addNew(89)) - 54dcae81-dbd9-40b6-afc3-8b9ef3945f08: addNew group-88C21EE0F27E:[54dcae81-dbd9-40b6-afc3-8b9ef3945f08:192.168.30.13:42120] returns group-88C21EE0F27E:java.util.concurrent.CompletableFuture@18f519fa[Not completed]
2019-09-26 10:41:15,800 [pool-47-thread-1] INFO  impl.RaftServerImpl (RaftServerImpl.java:<init>(95)) - 54dcae81-dbd9-40b6-afc3-8b9ef3945f08: new RaftServerImpl for group-88C21EE0F27E:[54dcae81-dbd9-40b6-afc3-8b9ef3945f08:192.168.30.13:42120] with ContainerStateMachine:uninitialized
2019-09-26 10:41:15,801 [pool-47-thread-1] INFO  server.RaftServerConfigKeys (ConfUtils.java:logGet(43)) - raft.server.rpc.timeout.min = 5s (custom)
2019-09-26 10:41:15,801 [pool-47-thread-1] INFO  server.RaftServerConfigKeys (ConfUtils.java:logGet(43)) - raft.server.rpc.timeout.max = 5200ms (custom)
2019-09-26 10:41:15,802 [pool-47-thread-1] INFO  server.RaftServerConfigKeys (ConfUtils.java:logGet(43)) - raft.server.rpcslowness.timeout = 120s (custom)
2019-09-26 10:41:15,802 [pool-47-thread-1] INFO  server.RaftServerConfigKeys (ConfUtils.java:logGet(43)) - raft.server.sleep.deviation.threshold = 300 (default)
2019-09-26 10:41:15,802 [pool-47-thread-1] INFO  server.RaftServerConfigKeys (ConfUtils.java:logGet(43)) - raft.server.log.appender.install.snapshot.enabled = false (custom)
2019-09-26 10:41:15,802 [pool-47-thread-1] INFO  impl.RaftServerImpl (ServerState.java:<init>(103)) - 54dcae81-dbd9-40b6-afc3-8b9ef3945f08@group-88C21EE0F27E: ConfigurationManager, init=-1: [54dcae81-dbd9-40b6-afc3-8b9ef3945f08:192.168.30.13:42120], old=null, confs=<EMPTY_MAP>
2019-09-26 10:41:15,803 [pool-47-thread-1] INFO  server.RaftServerConfigKeys (ConfUtils.java:logGet(43)) - raft.server.storage.dir = [/workdir/hadoop-ozone/integration-test/target/test-dir/MiniOzoneClusterImpl-874991c5-7d1a-4345-b538-2cfa836e270f/datanode-2/data/ratis] (custom)
2019-09-26 10:41:15,803 [pool-47-thread-1] INFO  storage.RaftStorageDirectory (RaftStorageDirectory.java:analyzeStorage(246)) - The storage directory /workdir/hadoop-ozone/integration-test/target/test-dir/MiniOzoneClusterImpl-874991c5-7d1a-4345-b538-2cfa836e270f/datanode-2/data/ratis/49e38bf0-f4a0-4999-8964-88c21ee0f27e does not exist. Creating ...
2019-09-26 10:41:15,816 [pool-47-thread-1] INFO  storage.RaftStorageDirectory (RaftStorageDirectory.java:tryLock(328)) - Lock on /workdir/hadoop-ozone/integration-test/target/test-dir/MiniOzoneClusterImpl-874991c5-7d1a-4345-b538-2cfa836e270f/datanode-2/data/ratis/49e38bf0-f4a0-4999-8964-88c21ee0f27e/in_use.lock acquired by nodename 10232@pr-hdds-1569-wvzgm-824869521
2019-09-26 10:41:15,843 [pool-47-thread-1] INFO  storage.RaftStorage (RaftStorage.java:format(72)) - Storage directory /workdir/hadoop-ozone/integration-test/target/test-dir/MiniOzoneClusterImpl-874991c5-7d1a-4345-b538-2cfa836e270f/datanode-2/data/ratis/49e38bf0-f4a0-4999-8964-88c21ee0f27e has been successfully formatted.
2019-09-26 10:41:15,844 [pool-47-thread-1] INFO  ratis.ContainerStateMachine (ContainerStateMachine.java:loadSnapshot(230)) - group-88C21EE0F27E: The snapshot info is null. Setting the last applied indexto:(t:0, i:~)
2019-09-26 10:41:15,844 [pool-47-thread-1] INFO  server.RaftServerConfigKeys (ConfUtils.java:logGet(43)) - raft.server.notification.no-leader.timeout = 120s (custom)
2019-09-26 10:41:15,844 [pool-47-thread-1] INFO  server.RaftServerConfigKeys (ConfUtils.java:logGet(43)) - raft.server.log.use.memory = false (default)
2019-09-26 10:41:15,844 [pool-47-thread-1] INFO  server.RaftServerConfigKeys (ConfUtils.java:logGet(43)) - raft.server.log.purge.gap = 1000000 (custom)
2019-09-26 10:41:15,844 [pool-47-thread-1] INFO  server.RaftServerConfigKeys (ConfUtils.java:logGet(43)) - raft.server.log.appender.buffer.byte-limit = 33554432 (custom)
2019-09-26 10:41:15,845 [pool-47-thread-1] INFO  server.RaftServerConfigKeys (ConfUtils.java:logGet(43)) - raft.server.log.segment.size.max = 1048576 (custom)
2019-09-26 10:41:15,845 [pool-47-thread-1] INFO  server.RaftServerConfigKeys (ConfUtils.java:logGet(43)) - raft.server.log.segment.cache.num.max = 2 (custom)
2019-09-26 10:41:15,845 [pool-47-thread-1] INFO  segmented.SegmentedRaftLogWorker (SegmentedRaftLogWorker.java:<init>(172)) - new 54dcae81-dbd9-40b6-afc3-8b9ef3945f08@group-88C21EE0F27E-SegmentedRaftLogWorker for RaftStorage:Storage Directory /workdir/hadoop-ozone/integration-test/target/test-dir/MiniOzoneClusterImpl-874991c5-7d1a-4345-b538-2cfa836e270f/datanode-2/data/ratis/49e38bf0-f4a0-4999-8964-88c21ee0f27e
2019-09-26 10:41:15,850 [pool-47-thread-1] INFO  server.RaftServerConfigKeys (ConfUtils.java:logGet(43)) - raft.server.log.queue.byte-limit = 2147483647 (custom)
2019-09-26 10:41:15,850 [pool-47-thread-1] INFO  server.RaftServerConfigKeys (ConfUtils.java:logGet(43)) - raft.server.log.queue.element-limit = 1024 (custom)
2019-09-26 10:41:15,851 [pool-47-thread-1] INFO  server.RaftServerConfigKeys (ConfUtils.java:logGet(43)) - raft.server.log.segment.size.max = 1048576 (custom)
2019-09-26 10:41:15,851 [pool-47-thread-1] INFO  server.RaftServerConfigKeys (ConfUtils.java:logGet(43)) - raft.server.log.preallocated.size = 16384 (custom)
2019-09-26 10:41:15,851 [pool-47-thread-1] INFO  server.RaftServerConfigKeys (ConfUtils.java:logGet(43)) - raft.server.log.write.buffer.size = 33554432 (custom)
2019-09-26 10:41:15,851 [pool-47-thread-1] INFO  server.RaftServerConfigKeys (ConfUtils.java:logGet(43)) - raft.server.log.force.sync.num = 128 (default)
2019-09-26 10:41:15,852 [pool-47-thread-1] INFO  server.RaftServerConfigKeys (ConfUtils.java:logGet(43)) - raft.server.log.statemachine.data.sync = true (default)
2019-09-26 10:41:15,852 [pool-47-thread-1] INFO  server.RaftServerConfigKeys (ConfUtils.java:logGet(43)) - raft.server.log.statemachine.data.sync.timeout = 10s (default)
2019-09-26 10:41:15,852 [pool-47-thread-1] INFO  server.RaftServerConfigKeys (ConfUtils.java:logGet(43)) - raft.server.log.statemachine.data.sync.timeout.retry = -1 (default)
2019-09-26 10:41:15,852 [pool-47-thread-1] INFO  server.RaftServerConfigKeys (ConfUtils.java:logGet(43)) - raft.server.log.statemachine.data.caching.enabled = true (custom)
2019-09-26 10:41:15,853 [pool-47-thread-1] INFO  segmented.SegmentedRaftLogWorker (SegmentedRaftLogWorker.java:lambda$new$0(132)) - 54dcae81-dbd9-40b6-afc3-8b9ef3945f08@group-88C21EE0F27E-SegmentedRaftLogWorker: flushIndex: setUnconditionally 0 -> -1
2019-09-26 10:41:15,853 [pool-47-thread-1] INFO  server.RaftServerConfigKeys (ConfUtils.java:logGet(43)) - raft.server.snapshot.auto.trigger.enabled = true (custom)
2019-09-26 10:41:15,853 [pool-47-thread-1] INFO  server.RaftServerConfigKeys (ConfUtils.java:logGet(43)) - raft.server.snapshot.auto.trigger.threshold = 10000 (custom)
2019-09-26 10:41:15,854 [pool-47-thread-1] INFO  server.RaftServerConfigKeys (ConfUtils.java:logGet(43)) - raft.server.snapshot.retention.num.files = 5 (custom)
2019-09-26 10:41:15,854 [pool-47-thread-1] INFO  server.RaftServerConfigKeys (ConfUtils.java:logGet(43)) - raft.server.retrycache.expirytime = 600000ms (custom)
2019-09-26 10:41:15,859 [pool-47-thread-1] INFO  impl.RaftServerImpl (RaftServerImpl.java:start(185)) - 54dcae81-dbd9-40b6-afc3-8b9ef3945f08@group-88C21EE0F27E: start as a follower, conf=-1: [54dcae81-dbd9-40b6-afc3-8b9ef3945f08:192.168.30.13:42120], old=null
2019-09-26 10:41:15,859 [pool-47-thread-1] INFO  impl.RaftServerImpl (RaftServerImpl.java:setRole(174)) - 54dcae81-dbd9-40b6-afc3-8b9ef3945f08@group-88C21EE0F27E: changes role from      null to FOLLOWER at term 0 for startAsFollower
2019-09-26 10:41:15,859 [pool-47-thread-1] INFO  impl.RoleInfo (RoleInfo.java:updateAndGet(143)) - 54dcae81-dbd9-40b6-afc3-8b9ef3945f08: start FollowerState
2019-09-26 10:41:15,860 [pool-47-thread-1] INFO  util.JmxRegister (JmxRegister.java:tryRegister(44)) - Successfully registered JMX Bean with object name Ratis:service=RaftServer,group=group-88C21EE0F27E,id=54dcae81-dbd9-40b6-afc3-8b9ef3945f08
2019-09-26 10:41:15,874 [RatisPipelineUtilsThread] INFO  pipeline.PipelineStateManager (PipelineStateManager.java:addPipeline(56)) - Created pipeline Pipeline[ Id: 49e38bf0-f4a0-4999-8964-88c21ee0f27e, Nodes: 54dcae81-dbd9-40b6-afc3-8b9ef3945f08{ip: 192.168.30.13, host: pr-hdds-1569-wvzgm-824869521, networkLocation: /default-rack, certSerialId: null}, Type:RATIS, Factor:ONE, State:OPEN]
2019-09-26 10:41:15,892 [grpc-default-executor-0] INFO  impl.RaftServerProxy (RaftServerProxy.java:addNew(89)) - 54dcae81-dbd9-40b6-afc3-8b9ef3945f08: addNew group-9BBDA1607583:[54dcae81-dbd9-40b6-afc3-8b9ef3945f08:192.168.30.13:42120] returns group-9BBDA1607583:java.util.concurrent.CompletableFuture@5b1137f[Not completed]
2019-09-26 10:41:15,893 [pool-47-thread-1] INFO  impl.RaftServerImpl (RaftServerImpl.java:<init>(95)) - 54dcae81-dbd9-40b6-afc3-8b9ef3945f08: new RaftServerImpl for group-9BBDA1607583:[54dcae81-dbd9-40b6-afc3-8b9ef3945f08:192.168.30.13:42120] with ContainerStateMachine:uninitialized
2019-09-26 10:41:15,894 [pool-47-thread-1] INFO  server.RaftServerConfigKeys (ConfUtils.java:logGet(43)) - raft.server.rpc.timeout.min = 5s (custom)
2019-09-26 10:41:15,894 [pool-47-thread-1] INFO  server.RaftServerConfigKeys (ConfUtils.java:logGet(43)) - raft.server.rpc.timeout.max = 5200ms (custom)
2019-09-26 10:41:15,894 [pool-47-thread-1] INFO  server.RaftServerConfigKeys (ConfUtils.java:logGet(43)) - raft.server.rpcslowness.timeout = 120s (custom)
2019-09-26 10:41:15,894 [pool-47-thread-1] INFO  server.RaftServerConfigKeys (ConfUtils.java:logGet(43)) - raft.server.sleep.deviation.threshold = 300 (default)
2019-09-26 10:41:15,894 [pool-47-thread-1] INFO  server.RaftServerConfigKeys (ConfUtils.java:logGet(43)) - raft.server.log.appender.install.snapshot.enabled = false (custom)
2019-09-26 10:41:15,894 [pool-47-thread-1] INFO  impl.RaftServerImpl (ServerState.java:<init>(103)) - 54dcae81-dbd9-40b6-afc3-8b9ef3945f08@group-9BBDA1607583: ConfigurationManager, init=-1: [54dcae81-dbd9-40b6-afc3-8b9ef3945f08:192.168.30.13:42120], old=null, confs=<EMPTY_MAP>
2019-09-26 10:41:15,895 [pool-47-thread-1] INFO  server.RaftServerConfigKeys (ConfUtils.java:logGet(43)) - raft.server.storage.dir = [/workdir/hadoop-ozone/integration-test/target/test-dir/MiniOzoneClusterImpl-874991c5-7d1a-4345-b538-2cfa836e270f/datanode-2/data/ratis] (custom)
2019-09-26 10:41:15,895 [pool-47-thread-1] INFO  storage.RaftStorageDirectory (RaftStorageDirectory.java:analyzeStorage(246)) - The storage directory /workdir/hadoop-ozone/integration-test/target/test-dir/MiniOzoneClusterImpl-874991c5-7d1a-4345-b538-2cfa836e270f/datanode-2/data/ratis/26b9d80e-4cf7-44b6-94c2-9bbda1607583 does not exist. Creating ...
2019-09-26 10:41:15,908 [pool-47-thread-1] INFO  storage.RaftStorageDirectory (RaftStorageDirectory.java:tryLock(328)) - Lock on /workdir/hadoop-ozone/integration-test/target/test-dir/MiniOzoneClusterImpl-874991c5-7d1a-4345-b538-2cfa836e270f/datanode-2/data/ratis/26b9d80e-4cf7-44b6-94c2-9bbda1607583/in_use.lock acquired by nodename 10232@pr-hdds-1569-wvzgm-824869521
2019-09-26 10:41:15,920 [pool-47-thread-1] INFO  storage.RaftStorage (RaftStorage.java:format(72)) - Storage directory /workdir/hadoop-ozone/integration-test/target/test-dir/MiniOzoneClusterImpl-874991c5-7d1a-4345-b538-2cfa836e270f/datanode-2/data/ratis/26b9d80e-4cf7-44b6-94c2-9bbda1607583 has been successfully formatted.
2019-09-26 10:41:15,921 [pool-47-thread-1] INFO  ratis.ContainerStateMachine (ContainerStateMachine.java:loadSnapshot(230)) - group-9BBDA1607583: The snapshot info is null. Setting the last applied indexto:(t:0, i:~)
2019-09-26 10:41:15,921 [pool-47-thread-1] INFO  server.RaftServerConfigKeys (ConfUtils.java:logGet(43)) - raft.server.notification.no-leader.timeout = 120s (custom)
2019-09-26 10:41:15,921 [pool-47-thread-1] INFO  server.RaftServerConfigKeys (ConfUtils.java:logGet(43)) - raft.server.log.use.memory = false (default)
2019-09-26 10:41:15,921 [pool-47-thread-1] INFO  server.RaftServerConfigKeys (ConfUtils.java:logGet(43)) - raft.server.log.purge.gap = 1000000 (custom)
2019-09-26 10:41:15,921 [pool-47-thread-1] INFO  server.RaftServerConfigKeys (ConfUtils.java:logGet(43)) - raft.server.log.appender.buffer.byte-limit = 33554432 (custom)
2019-09-26 10:41:15,921 [pool-47-thread-1] INFO  server.RaftServerConfigKeys (ConfUtils.java:logGet(43)) - raft.server.log.segment.size.max = 1048576 (custom)
2019-09-26 10:41:15,922 [pool-47-thread-1] INFO  server.RaftServerConfigKeys (ConfUtils.java:logGet(43)) - raft.server.log.segment.cache.num.max = 2 (custom)
2019-09-26 10:41:15,922 [pool-47-thread-1] INFO  segmented.SegmentedRaftLogWorker (SegmentedRaftLogWorker.java:<init>(172)) - new 54dcae81-dbd9-40b6-afc3-8b9ef3945f08@group-9BBDA1607583-SegmentedRaftLogWorker for RaftStorage:Storage Directory /workdir/hadoop-ozone/integration-test/target/test-dir/MiniOzoneClusterImpl-874991c5-7d1a-4345-b538-2cfa836e270f/datanode-2/data/ratis/26b9d80e-4cf7-44b6-94c2-9bbda1607583
2019-09-26 10:41:15,922 [pool-47-thread-1] INFO  server.RaftServerConfigKeys (ConfUtils.java:logGet(43)) - raft.server.log.queue.byte-limit = 2147483647 (custom)
2019-09-26 10:41:15,922 [pool-47-thread-1] INFO  server.RaftServerConfigKeys (ConfUtils.java:logGet(43)) - raft.server.log.queue.element-limit = 1024 (custom)
2019-09-26 10:41:15,922 [pool-47-thread-1] INFO  server.RaftServerConfigKeys (ConfUtils.java:logGet(43)) - raft.server.log.segment.size.max = 1048576 (custom)
2019-09-26 10:41:15,922 [pool-47-thread-1] INFO  server.RaftServerConfigKeys (ConfUtils.java:logGet(43)) - raft.server.log.preallocated.size = 16384 (custom)
2019-09-26 10:41:15,922 [pool-47-thread-1] INFO  server.RaftServerConfigKeys (ConfUtils.java:logGet(43)) - raft.server.log.write.buffer.size = 33554432 (custom)
2019-09-26 10:41:15,923 [pool-47-thread-1] INFO  server.RaftServerConfigKeys (ConfUtils.java:logGet(43)) - raft.server.log.force.sync.num = 128 (default)
2019-09-26 10:41:15,923 [pool-47-thread-1] INFO  server.RaftServerConfigKeys (ConfUtils.java:logGet(43)) - raft.server.log.statemachine.data.sync = true (default)
2019-09-26 10:41:15,923 [pool-47-thread-1] INFO  server.RaftServerConfigKeys (ConfUtils.java:logGet(43)) - raft.server.log.statemachine.data.sync.timeout = 10s (default)
2019-09-26 10:41:15,923 [pool-47-thread-1] INFO  server.RaftServerConfigKeys (ConfUtils.java:logGet(43)) - raft.server.log.statemachine.data.sync.timeout.retry = -1 (default)
2019-09-26 10:41:15,923 [pool-47-thread-1] INFO  server.RaftServerConfigKeys (ConfUtils.java:logGet(43)) - raft.server.log.statemachine.data.caching.enabled = true (custom)
2019-09-26 10:41:15,924 [pool-47-thread-1] INFO  segmented.SegmentedRaftLogWorker (SegmentedRaftLogWorker.java:lambda$new$0(132)) - 54dcae81-dbd9-40b6-afc3-8b9ef3945f08@group-9BBDA1607583-SegmentedRaftLogWorker: flushIndex: setUnconditionally 0 -> -1
2019-09-26 10:41:15,924 [pool-47-thread-1] INFO  server.RaftServerConfigKeys (ConfUtils.java:logGet(43)) - raft.server.snapshot.auto.trigger.enabled = true (custom)
2019-09-26 10:41:15,924 [pool-47-thread-1] INFO  server.RaftServerConfigKeys (ConfUtils.java:logGet(43)) - raft.server.snapshot.auto.trigger.threshold = 10000 (custom)
2019-09-26 10:41:15,924 [pool-47-thread-1] INFO  server.RaftServerConfigKeys (ConfUtils.java:logGet(43)) - raft.server.snapshot.retention.num.files = 5 (custom)
2019-09-26 10:41:15,924 [pool-47-thread-1] INFO  server.RaftServerConfigKeys (ConfUtils.java:logGet(43)) - raft.server.retrycache.expirytime = 600000ms (custom)
2019-09-26 10:41:15,928 [pool-47-thread-1] INFO  impl.RaftServerImpl (RaftServerImpl.java:start(185)) - 54dcae81-dbd9-40b6-afc3-8b9ef3945f08@group-9BBDA1607583: start as a follower, conf=-1: [54dcae81-dbd9-40b6-afc3-8b9ef3945f08:192.168.30.13:42120], old=null
2019-09-26 10:41:15,928 [pool-47-thread-1] INFO  impl.RaftServerImpl (RaftServerImpl.java:setRole(174)) - 54dcae81-dbd9-40b6-afc3-8b9ef3945f08@group-9BBDA1607583: changes role from      null to FOLLOWER at term 0 for startAsFollower
2019-09-26 10:41:15,928 [pool-47-thread-1] INFO  impl.RoleInfo (RoleInfo.java:updateAndGet(143)) - 54dcae81-dbd9-40b6-afc3-8b9ef3945f08: start FollowerState
2019-09-26 10:41:15,929 [pool-47-thread-1] INFO  util.JmxRegister (JmxRegister.java:tryRegister(44)) - Successfully registered JMX Bean with object name Ratis:service=RaftServer,group=group-9BBDA1607583,id=54dcae81-dbd9-40b6-afc3-8b9ef3945f08
2019-09-26 10:41:15,939 [RatisPipelineUtilsThread] INFO  pipeline.PipelineStateManager (PipelineStateManager.java:addPipeline(56)) - Created pipeline Pipeline[ Id: 26b9d80e-4cf7-44b6-94c2-9bbda1607583, Nodes: 54dcae81-dbd9-40b6-afc3-8b9ef3945f08{ip: 192.168.30.13, host: pr-hdds-1569-wvzgm-824869521, networkLocation: /default-rack, certSerialId: null}, Type:RATIS, Factor:ONE, State:OPEN]
2019-09-26 10:41:15,960 [grpc-default-executor-0] INFO  impl.RaftServerProxy (RaftServerProxy.java:addNew(89)) - c54107b3-e948-418f-914e-487299d32ca0: addNew group-3C4CC7A1BAB8:[c54107b3-e948-418f-914e-487299d32ca0:192.168.30.13:35160] returns group-3C4CC7A1BAB8:java.util.concurrent.CompletableFuture@64a887d2[Not completed]
2019-09-26 10:41:15,962 [pool-27-thread-1] INFO  impl.RaftServerImpl (RaftServerImpl.java:<init>(95)) - c54107b3-e948-418f-914e-487299d32ca0: new RaftServerImpl for group-3C4CC7A1BAB8:[c54107b3-e948-418f-914e-487299d32ca0:192.168.30.13:35160] with ContainerStateMachine:uninitialized
2019-09-26 10:41:15,962 [pool-27-thread-1] INFO  server.RaftServerConfigKeys (ConfUtils.java:logGet(43)) - raft.server.rpc.timeout.min = 5s (custom)
2019-09-26 10:41:15,963 [pool-27-thread-1] INFO  server.RaftServerConfigKeys (ConfUtils.java:logGet(43)) - raft.server.rpc.timeout.max = 5200ms (custom)
2019-09-26 10:41:15,963 [pool-27-thread-1] INFO  server.RaftServerConfigKeys (ConfUtils.java:logGet(43)) - raft.server.rpcslowness.timeout = 120s (custom)
2019-09-26 10:41:15,963 [pool-27-thread-1] INFO  server.RaftServerConfigKeys (ConfUtils.java:logGet(43)) - raft.server.sleep.deviation.threshold = 300 (default)
2019-09-26 10:41:15,963 [pool-27-thread-1] INFO  server.RaftServerConfigKeys (ConfUtils.java:logGet(43)) - raft.server.log.appender.install.snapshot.enabled = false (custom)
2019-09-26 10:41:15,963 [pool-27-thread-1] INFO  impl.RaftServerImpl (ServerState.java:<init>(103)) - c54107b3-e948-418f-914e-487299d32ca0@group-3C4CC7A1BAB8: ConfigurationManager, init=-1: [c54107b3-e948-418f-914e-487299d32ca0:192.168.30.13:35160], old=null, confs=<EMPTY_MAP>
2019-09-26 10:41:15,964 [pool-27-thread-1] INFO  server.RaftServerConfigKeys (ConfUtils.java:logGet(43)) - raft.server.storage.dir = [/workdir/hadoop-ozone/integration-test/target/test-dir/MiniOzoneClusterImpl-874991c5-7d1a-4345-b538-2cfa836e270f/datanode-0/data/ratis] (custom)
2019-09-26 10:41:15,964 [pool-27-thread-1] INFO  storage.RaftStorageDirectory (RaftStorageDirectory.java:analyzeStorage(246)) - The storage directory /workdir/hadoop-ozone/integration-test/target/test-dir/MiniOzoneClusterImpl-874991c5-7d1a-4345-b538-2cfa836e270f/datanode-0/data/ratis/b057db19-8f69-41b0-ba48-3c4cc7a1bab8 does not exist. Creating ...
2019-09-26 10:41:15,978 [pool-27-thread-1] INFO  storage.RaftStorageDirectory (RaftStorageDirectory.java:tryLock(328)) - Lock on /workdir/hadoop-ozone/integration-test/target/test-dir/MiniOzoneClusterImpl-874991c5-7d1a-4345-b538-2cfa836e270f/datanode-0/data/ratis/b057db19-8f69-41b0-ba48-3c4cc7a1bab8/in_use.lock acquired by nodename 10232@pr-hdds-1569-wvzgm-824869521
2019-09-26 10:41:15,990 [pool-27-thread-1] INFO  storage.RaftStorage (RaftStorage.java:format(72)) - Storage directory /workdir/hadoop-ozone/integration-test/target/test-dir/MiniOzoneClusterImpl-874991c5-7d1a-4345-b538-2cfa836e270f/datanode-0/data/ratis/b057db19-8f69-41b0-ba48-3c4cc7a1bab8 has been successfully formatted.
2019-09-26 10:41:15,991 [pool-27-thread-1] INFO  ratis.ContainerStateMachine (ContainerStateMachine.java:loadSnapshot(230)) - group-3C4CC7A1BAB8: The snapshot info is null. Setting the last applied indexto:(t:0, i:~)
2019-09-26 10:41:15,991 [pool-27-thread-1] INFO  server.RaftServerConfigKeys (ConfUtils.java:logGet(43)) - raft.server.notification.no-leader.timeout = 120s (custom)
2019-09-26 10:41:15,991 [pool-27-thread-1] INFO  server.RaftServerConfigKeys (ConfUtils.java:logGet(43)) - raft.server.log.use.memory = false (default)
2019-09-26 10:41:15,992 [pool-27-thread-1] INFO  server.RaftServerConfigKeys (ConfUtils.java:logGet(43)) - raft.server.log.purge.gap = 1000000 (custom)
2019-09-26 10:41:15,992 [pool-27-thread-1] INFO  server.RaftServerConfigKeys (ConfUtils.java:logGet(43)) - raft.server.log.appender.buffer.byte-limit = 33554432 (custom)
2019-09-26 10:41:15,992 [pool-27-thread-1] INFO  server.RaftServerConfigKeys (ConfUtils.java:logGet(43)) - raft.server.log.segment.size.max = 1048576 (custom)
2019-09-26 10:41:15,992 [pool-27-thread-1] INFO  server.RaftServerConfigKeys (ConfUtils.java:logGet(43)) - raft.server.log.segment.cache.num.max = 2 (custom)
2019-09-26 10:41:15,992 [pool-27-thread-1] INFO  segmented.SegmentedRaftLogWorker (SegmentedRaftLogWorker.java:<init>(172)) - new c54107b3-e948-418f-914e-487299d32ca0@group-3C4CC7A1BAB8-SegmentedRaftLogWorker for RaftStorage:Storage Directory /workdir/hadoop-ozone/integration-test/target/test-dir/MiniOzoneClusterImpl-874991c5-7d1a-4345-b538-2cfa836e270f/datanode-0/data/ratis/b057db19-8f69-41b0-ba48-3c4cc7a1bab8
2019-09-26 10:41:15,993 [pool-27-thread-1] INFO  server.RaftServerConfigKeys (ConfUtils.java:logGet(43)) - raft.server.log.queue.byte-limit = 2147483647 (custom)
2019-09-26 10:41:15,993 [pool-27-thread-1] INFO  server.RaftServerConfigKeys (ConfUtils.java:logGet(43)) - raft.server.log.queue.element-limit = 1024 (custom)
2019-09-26 10:41:15,993 [pool-27-thread-1] INFO  server.RaftServerConfigKeys (ConfUtils.java:logGet(43)) - raft.server.log.segment.size.max = 1048576 (custom)
2019-09-26 10:41:15,993 [pool-27-thread-1] INFO  server.RaftServerConfigKeys (ConfUtils.java:logGet(43)) - raft.server.log.preallocated.size = 16384 (custom)
2019-09-26 10:41:15,994 [pool-27-thread-1] INFO  server.RaftServerConfigKeys (ConfUtils.java:logGet(43)) - raft.server.log.write.buffer.size = 33554432 (custom)
2019-09-26 10:41:15,994 [pool-27-thread-1] INFO  server.RaftServerConfigKeys (ConfUtils.java:logGet(43)) - raft.server.log.force.sync.num = 128 (default)
2019-09-26 10:41:15,994 [pool-27-thread-1] INFO  server.RaftServerConfigKeys (ConfUtils.java:logGet(43)) - raft.server.log.statemachine.data.sync = true (default)
2019-09-26 10:41:15,994 [pool-27-thread-1] INFO  server.RaftServerConfigKeys (ConfUtils.java:logGet(43)) - raft.server.log.statemachine.data.sync.timeout = 10s (default)
2019-09-26 10:41:15,995 [pool-27-thread-1] INFO  server.RaftServerConfigKeys (ConfUtils.java:logGet(43)) - raft.server.log.statemachine.data.sync.timeout.retry = -1 (default)
2019-09-26 10:41:15,995 [pool-27-thread-1] INFO  server.RaftServerConfigKeys (ConfUtils.java:logGet(43)) - raft.server.log.statemachine.data.caching.enabled = true (custom)
2019-09-26 10:41:15,996 [pool-27-thread-1] INFO  segmented.SegmentedRaftLogWorker (SegmentedRaftLogWorker.java:lambda$new$0(132)) - c54107b3-e948-418f-914e-487299d32ca0@group-3C4CC7A1BAB8-SegmentedRaftLogWorker: flushIndex: setUnconditionally 0 -> -1
2019-09-26 10:41:15,996 [pool-27-thread-1] INFO  server.RaftServerConfigKeys (ConfUtils.java:logGet(43)) - raft.server.snapshot.auto.trigger.enabled = true (custom)
2019-09-26 10:41:15,996 [pool-27-thread-1] INFO  server.RaftServerConfigKeys (ConfUtils.java:logGet(43)) - raft.server.snapshot.auto.trigger.threshold = 10000 (custom)
2019-09-26 10:41:15,996 [pool-27-thread-1] INFO  server.RaftServerConfigKeys (ConfUtils.java:logGet(43)) - raft.server.snapshot.retention.num.files = 5 (custom)
2019-09-26 10:41:15,997 [pool-27-thread-1] INFO  server.RaftServerConfigKeys (ConfUtils.java:logGet(43)) - raft.server.retrycache.expirytime = 600000ms (custom)
2019-09-26 10:41:16,001 [pool-27-thread-1] INFO  impl.RaftServerImpl (RaftServerImpl.java:start(185)) - c54107b3-e948-418f-914e-487299d32ca0@group-3C4CC7A1BAB8: start as a follower, conf=-1: [c54107b3-e948-418f-914e-487299d32ca0:192.168.30.13:35160], old=null
2019-09-26 10:41:16,001 [pool-27-thread-1] INFO  impl.RaftServerImpl (RaftServerImpl.java:setRole(174)) - c54107b3-e948-418f-914e-487299d32ca0@group-3C4CC7A1BAB8: changes role from      null to FOLLOWER at term 0 for startAsFollower
2019-09-26 10:41:16,002 [pool-27-thread-1] INFO  impl.RoleInfo (RoleInfo.java:updateAndGet(143)) - c54107b3-e948-418f-914e-487299d32ca0: start FollowerState
2019-09-26 10:41:16,002 [pool-27-thread-1] INFO  util.JmxRegister (JmxRegister.java:tryRegister(44)) - Successfully registered JMX Bean with object name Ratis:service=RaftServer,group=group-3C4CC7A1BAB8,id=c54107b3-e948-418f-914e-487299d32ca0
2019-09-26 10:41:16,015 [RatisPipelineUtilsThread] INFO  pipeline.PipelineStateManager (PipelineStateManager.java:addPipeline(56)) - Created pipeline Pipeline[ Id: b057db19-8f69-41b0-ba48-3c4cc7a1bab8, Nodes: c54107b3-e948-418f-914e-487299d32ca0{ip: 192.168.30.13, host: pr-hdds-1569-wvzgm-824869521, networkLocation: /default-rack, certSerialId: null}, Type:RATIS, Factor:ONE, State:OPEN]
2019-09-26 10:41:16,028 [grpc-default-executor-0] INFO  impl.RaftServerProxy (RaftServerProxy.java:addNew(89)) - 54dcae81-dbd9-40b6-afc3-8b9ef3945f08: addNew group-9EB42C96FD68:[54dcae81-dbd9-40b6-afc3-8b9ef3945f08:192.168.30.13:42120] returns group-9EB42C96FD68:java.util.concurrent.CompletableFuture@3cac1b29[Not completed]
2019-09-26 10:41:16,029 [pool-47-thread-1] INFO  impl.RaftServerImpl (RaftServerImpl.java:<init>(95)) - 54dcae81-dbd9-40b6-afc3-8b9ef3945f08: new RaftServerImpl for group-9EB42C96FD68:[54dcae81-dbd9-40b6-afc3-8b9ef3945f08:192.168.30.13:42120] with ContainerStateMachine:uninitialized
2019-09-26 10:41:16,030 [pool-47-thread-1] INFO  server.RaftServerConfigKeys (ConfUtils.java:logGet(43)) - raft.server.rpc.timeout.min = 5s (custom)
2019-09-26 10:41:16,030 [pool-47-thread-1] INFO  server.RaftServerConfigKeys (ConfUtils.java:logGet(43)) - raft.server.rpc.timeout.max = 5200ms (custom)
2019-09-26 10:41:16,030 [pool-47-thread-1] INFO  server.RaftServerConfigKeys (ConfUtils.java:logGet(43)) - raft.server.rpcslowness.timeout = 120s (custom)
2019-09-26 10:41:16,030 [pool-47-thread-1] INFO  server.RaftServerConfigKeys (ConfUtils.java:logGet(43)) - raft.server.sleep.deviation.threshold = 300 (default)
2019-09-26 10:41:16,030 [pool-47-thread-1] INFO  server.RaftServerConfigKeys (ConfUtils.java:logGet(43)) - raft.server.log.appender.install.snapshot.enabled = false (custom)
2019-09-26 10:41:16,030 [pool-47-thread-1] INFO  impl.RaftServerImpl (ServerState.java:<init>(103)) - 54dcae81-dbd9-40b6-afc3-8b9ef3945f08@group-9EB42C96FD68: ConfigurationManager, init=-1: [54dcae81-dbd9-40b6-afc3-8b9ef3945f08:192.168.30.13:42120], old=null, confs=<EMPTY_MAP>
2019-09-26 10:41:16,031 [pool-47-thread-1] INFO  server.RaftServerConfigKeys (ConfUtils.java:logGet(43)) - raft.server.storage.dir = [/workdir/hadoop-ozone/integration-test/target/test-dir/MiniOzoneClusterImpl-874991c5-7d1a-4345-b538-2cfa836e270f/datanode-2/data/ratis] (custom)
2019-09-26 10:41:16,031 [pool-47-thread-1] INFO  storage.RaftStorageDirectory (RaftStorageDirectory.java:analyzeStorage(246)) - The storage directory /workdir/hadoop-ozone/integration-test/target/test-dir/MiniOzoneClusterImpl-874991c5-7d1a-4345-b538-2cfa836e270f/datanode-2/data/ratis/53053957-e45d-4b0f-a3ef-9eb42c96fd68 does not exist. Creating ...
2019-09-26 10:41:16,045 [pool-47-thread-1] INFO  storage.RaftStorageDirectory (RaftStorageDirectory.java:tryLock(328)) - Lock on /workdir/hadoop-ozone/integration-test/target/test-dir/MiniOzoneClusterImpl-874991c5-7d1a-4345-b538-2cfa836e270f/datanode-2/data/ratis/53053957-e45d-4b0f-a3ef-9eb42c96fd68/in_use.lock acquired by nodename 10232@pr-hdds-1569-wvzgm-824869521
2019-09-26 10:41:16,058 [pool-47-thread-1] INFO  storage.RaftStorage (RaftStorage.java:format(72)) - Storage directory /workdir/hadoop-ozone/integration-test/target/test-dir/MiniOzoneClusterImpl-874991c5-7d1a-4345-b538-2cfa836e270f/datanode-2/data/ratis/53053957-e45d-4b0f-a3ef-9eb42c96fd68 has been successfully formatted.
2019-09-26 10:41:16,059 [pool-47-thread-1] INFO  ratis.ContainerStateMachine (ContainerStateMachine.java:loadSnapshot(230)) - group-9EB42C96FD68: The snapshot info is null. Setting the last applied indexto:(t:0, i:~)
2019-09-26 10:41:16,059 [pool-47-thread-1] INFO  server.RaftServerConfigKeys (ConfUtils.java:logGet(43)) - raft.server.notification.no-leader.timeout = 120s (custom)
2019-09-26 10:41:16,059 [pool-47-thread-1] INFO  server.RaftServerConfigKeys (ConfUtils.java:logGet(43)) - raft.server.log.use.memory = false (default)
2019-09-26 10:41:16,059 [pool-47-thread-1] INFO  server.RaftServerConfigKeys (ConfUtils.java:logGet(43)) - raft.server.log.purge.gap = 1000000 (custom)
2019-09-26 10:41:16,059 [pool-47-thread-1] INFO  server.RaftServerConfigKeys (ConfUtils.java:logGet(43)) - raft.server.log.appender.buffer.byte-limit = 33554432 (custom)
2019-09-26 10:41:16,059 [pool-47-thread-1] INFO  server.RaftServerConfigKeys (ConfUtils.java:logGet(43)) - raft.server.log.segment.size.max = 1048576 (custom)
2019-09-26 10:41:16,059 [pool-47-thread-1] INFO  server.RaftServerConfigKeys (ConfUtils.java:logGet(43)) - raft.server.log.segment.cache.num.max = 2 (custom)
2019-09-26 10:41:16,060 [pool-47-thread-1] INFO  segmented.SegmentedRaftLogWorker (SegmentedRaftLogWorker.java:<init>(172)) - new 54dcae81-dbd9-40b6-afc3-8b9ef3945f08@group-9EB42C96FD68-SegmentedRaftLogWorker for RaftStorage:Storage Directory /workdir/hadoop-ozone/integration-test/target/test-dir/MiniOzoneClusterImpl-874991c5-7d1a-4345-b538-2cfa836e270f/datanode-2/data/ratis/53053957-e45d-4b0f-a3ef-9eb42c96fd68
2019-09-26 10:41:16,060 [pool-47-thread-1] INFO  server.RaftServerConfigKeys (ConfUtils.java:logGet(43)) - raft.server.log.queue.byte-limit = 2147483647 (custom)
2019-09-26 10:41:16,060 [pool-47-thread-1] INFO  server.RaftServerConfigKeys (ConfUtils.java:logGet(43)) - raft.server.log.queue.element-limit = 1024 (custom)
2019-09-26 10:41:16,060 [pool-47-thread-1] INFO  server.RaftServerConfigKeys (ConfUtils.java:logGet(43)) - raft.server.log.segment.size.max = 1048576 (custom)
2019-09-26 10:41:16,060 [pool-47-thread-1] INFO  server.RaftServerConfigKeys (ConfUtils.java:logGet(43)) - raft.server.log.preallocated.size = 16384 (custom)
2019-09-26 10:41:16,060 [pool-47-thread-1] INFO  server.RaftServerConfigKeys (ConfUtils.java:logGet(43)) - raft.server.log.write.buffer.size = 33554432 (custom)
2019-09-26 10:41:16,060 [pool-47-thread-1] INFO  server.RaftServerConfigKeys (ConfUtils.java:logGet(43)) - raft.server.log.force.sync.num = 128 (default)
2019-09-26 10:41:16,061 [pool-47-thread-1] INFO  server.RaftServerConfigKeys (ConfUtils.java:logGet(43)) - raft.server.log.statemachine.data.sync = true (default)
2019-09-26 10:41:16,061 [pool-47-thread-1] INFO  server.RaftServerConfigKeys (ConfUtils.java:logGet(43)) - raft.server.log.statemachine.data.sync.timeout = 10s (default)
2019-09-26 10:41:16,061 [pool-47-thread-1] INFO  server.RaftServerConfigKeys (ConfUtils.java:logGet(43)) - raft.server.log.statemachine.data.sync.timeout.retry = -1 (default)
2019-09-26 10:41:16,061 [pool-47-thread-1] INFO  server.RaftServerConfigKeys (ConfUtils.java:logGet(43)) - raft.server.log.statemachine.data.caching.enabled = true (custom)
2019-09-26 10:41:16,061 [pool-47-thread-1] INFO  segmented.SegmentedRaftLogWorker (SegmentedRaftLogWorker.java:lambda$new$0(132)) - 54dcae81-dbd9-40b6-afc3-8b9ef3945f08@group-9EB42C96FD68-SegmentedRaftLogWorker: flushIndex: setUnconditionally 0 -> -1
2019-09-26 10:41:16,062 [pool-47-thread-1] INFO  server.RaftServerConfigKeys (ConfUtils.java:logGet(43)) - raft.server.snapshot.auto.trigger.enabled = true (custom)
2019-09-26 10:41:16,062 [pool-47-thread-1] INFO  server.RaftServerConfigKeys (ConfUtils.java:logGet(43)) - raft.server.snapshot.auto.trigger.threshold = 10000 (custom)
2019-09-26 10:41:16,062 [pool-47-thread-1] INFO  server.RaftServerConfigKeys (ConfUtils.java:logGet(43)) - raft.server.snapshot.retention.num.files = 5 (custom)
2019-09-26 10:41:16,062 [pool-47-thread-1] INFO  server.RaftServerConfigKeys (ConfUtils.java:logGet(43)) - raft.server.retrycache.expirytime = 600000ms (custom)
2019-09-26 10:41:16,065 [pool-47-thread-1] INFO  impl.RaftServerImpl (RaftServerImpl.java:start(185)) - 54dcae81-dbd9-40b6-afc3-8b9ef3945f08@group-9EB42C96FD68: start as a follower, conf=-1: [54dcae81-dbd9-40b6-afc3-8b9ef3945f08:192.168.30.13:42120], old=null
2019-09-26 10:41:16,065 [pool-47-thread-1] INFO  impl.RaftServerImpl (RaftServerImpl.java:setRole(174)) - 54dcae81-dbd9-40b6-afc3-8b9ef3945f08@group-9EB42C96FD68: changes role from      null to FOLLOWER at term 0 for startAsFollower
2019-09-26 10:41:16,065 [pool-47-thread-1] INFO  impl.RoleInfo (RoleInfo.java:updateAndGet(143)) - 54dcae81-dbd9-40b6-afc3-8b9ef3945f08: start FollowerState
2019-09-26 10:41:16,066 [pool-47-thread-1] INFO  util.JmxRegister (JmxRegister.java:tryRegister(44)) - Successfully registered JMX Bean with object name Ratis:service=RaftServer,group=group-9EB42C96FD68,id=54dcae81-dbd9-40b6-afc3-8b9ef3945f08
2019-09-26 10:41:16,076 [RatisPipelineUtilsThread] INFO  pipeline.PipelineStateManager (PipelineStateManager.java:addPipeline(56)) - Created pipeline Pipeline[ Id: 53053957-e45d-4b0f-a3ef-9eb42c96fd68, Nodes: 54dcae81-dbd9-40b6-afc3-8b9ef3945f08{ip: 192.168.30.13, host: pr-hdds-1569-wvzgm-824869521, networkLocation: /default-rack, certSerialId: null}, Type:RATIS, Factor:ONE, State:OPEN]
2019-09-26 10:41:16,089 [grpc-default-executor-0] INFO  impl.RaftServerProxy (RaftServerProxy.java:addNew(89)) - 54dcae81-dbd9-40b6-afc3-8b9ef3945f08: addNew group-234A8C21A7B4:[54dcae81-dbd9-40b6-afc3-8b9ef3945f08:192.168.30.13:42120] returns group-234A8C21A7B4:java.util.concurrent.CompletableFuture@5b0c152d[Not completed]
2019-09-26 10:41:16,090 [pool-47-thread-1] INFO  impl.RaftServerImpl (RaftServerImpl.java:<init>(95)) - 54dcae81-dbd9-40b6-afc3-8b9ef3945f08: new RaftServerImpl for group-234A8C21A7B4:[54dcae81-dbd9-40b6-afc3-8b9ef3945f08:192.168.30.13:42120] with ContainerStateMachine:uninitialized
2019-09-26 10:41:16,091 [pool-47-thread-1] INFO  server.RaftServerConfigKeys (ConfUtils.java:logGet(43)) - raft.server.rpc.timeout.min = 5s (custom)
2019-09-26 10:41:16,091 [pool-47-thread-1] INFO  server.RaftServerConfigKeys (ConfUtils.java:logGet(43)) - raft.server.rpc.timeout.max = 5200ms (custom)
2019-09-26 10:41:16,091 [pool-47-thread-1] INFO  server.RaftServerConfigKeys (ConfUtils.java:logGet(43)) - raft.server.rpcslowness.timeout = 120s (custom)
2019-09-26 10:41:16,091 [pool-47-thread-1] INFO  server.RaftServerConfigKeys (ConfUtils.java:logGet(43)) - raft.server.sleep.deviation.threshold = 300 (default)
2019-09-26 10:41:16,091 [pool-47-thread-1] INFO  server.RaftServerConfigKeys (ConfUtils.java:logGet(43)) - raft.server.log.appender.install.snapshot.enabled = false (custom)
2019-09-26 10:41:16,091 [pool-47-thread-1] INFO  impl.RaftServerImpl (ServerState.java:<init>(103)) - 54dcae81-dbd9-40b6-afc3-8b9ef3945f08@group-234A8C21A7B4: ConfigurationManager, init=-1: [54dcae81-dbd9-40b6-afc3-8b9ef3945f08:192.168.30.13:42120], old=null, confs=<EMPTY_MAP>
2019-09-26 10:41:16,091 [pool-47-thread-1] INFO  server.RaftServerConfigKeys (ConfUtils.java:logGet(43)) - raft.server.storage.dir = [/workdir/hadoop-ozone/integration-test/target/test-dir/MiniOzoneClusterImpl-874991c5-7d1a-4345-b538-2cfa836e270f/datanode-2/data/ratis] (custom)
2019-09-26 10:41:16,092 [pool-47-thread-1] INFO  storage.RaftStorageDirectory (RaftStorageDirectory.java:analyzeStorage(246)) - The storage directory /workdir/hadoop-ozone/integration-test/target/test-dir/MiniOzoneClusterImpl-874991c5-7d1a-4345-b538-2cfa836e270f/datanode-2/data/ratis/582f5bac-95df-4709-b1cc-234a8c21a7b4 does not exist. Creating ...
2019-09-26 10:41:16,105 [pool-47-thread-1] INFO  storage.RaftStorageDirectory (RaftStorageDirectory.java:tryLock(328)) - Lock on /workdir/hadoop-ozone/integration-test/target/test-dir/MiniOzoneClusterImpl-874991c5-7d1a-4345-b538-2cfa836e270f/datanode-2/data/ratis/582f5bac-95df-4709-b1cc-234a8c21a7b4/in_use.lock acquired by nodename 10232@pr-hdds-1569-wvzgm-824869521
2019-09-26 10:41:16,118 [pool-47-thread-1] INFO  storage.RaftStorage (RaftStorage.java:format(72)) - Storage directory /workdir/hadoop-ozone/integration-test/target/test-dir/MiniOzoneClusterImpl-874991c5-7d1a-4345-b538-2cfa836e270f/datanode-2/data/ratis/582f5bac-95df-4709-b1cc-234a8c21a7b4 has been successfully formatted.
2019-09-26 10:41:16,119 [pool-47-thread-1] INFO  ratis.ContainerStateMachine (ContainerStateMachine.java:loadSnapshot(230)) - group-234A8C21A7B4: The snapshot info is null. Setting the last applied indexto:(t:0, i:~)
2019-09-26 10:41:16,119 [pool-47-thread-1] INFO  server.RaftServerConfigKeys (ConfUtils.java:logGet(43)) - raft.server.notification.no-leader.timeout = 120s (custom)
2019-09-26 10:41:16,119 [pool-47-thread-1] INFO  server.RaftServerConfigKeys (ConfUtils.java:logGet(43)) - raft.server.log.use.memory = false (default)
2019-09-26 10:41:16,119 [pool-47-thread-1] INFO  server.RaftServerConfigKeys (ConfUtils.java:logGet(43)) - raft.server.log.purge.gap = 1000000 (custom)
2019-09-26 10:41:16,119 [pool-47-thread-1] INFO  server.RaftServerConfigKeys (ConfUtils.java:logGet(43)) - raft.server.log.appender.buffer.byte-limit = 33554432 (custom)
2019-09-26 10:41:16,120 [pool-47-thread-1] INFO  server.RaftServerConfigKeys (ConfUtils.java:logGet(43)) - raft.server.log.segment.size.max = 1048576 (custom)
2019-09-26 10:41:16,120 [pool-47-thread-1] INFO  server.RaftServerConfigKeys (ConfUtils.java:logGet(43)) - raft.server.log.segment.cache.num.max = 2 (custom)
2019-09-26 10:41:16,120 [pool-47-thread-1] INFO  segmented.SegmentedRaftLogWorker (SegmentedRaftLogWorker.java:<init>(172)) - new 54dcae81-dbd9-40b6-afc3-8b9ef3945f08@group-234A8C21A7B4-SegmentedRaftLogWorker for RaftStorage:Storage Directory /workdir/hadoop-ozone/integration-test/target/test-dir/MiniOzoneClusterImpl-874991c5-7d1a-4345-b538-2cfa836e270f/datanode-2/data/ratis/582f5bac-95df-4709-b1cc-234a8c21a7b4
2019-09-26 10:41:16,120 [pool-47-thread-1] INFO  server.RaftServerConfigKeys (ConfUtils.java:logGet(43)) - raft.server.log.queue.byte-limit = 2147483647 (custom)
2019-09-26 10:41:16,120 [pool-47-thread-1] INFO  server.RaftServerConfigKeys (ConfUtils.java:logGet(43)) - raft.server.log.queue.element-limit = 1024 (custom)
2019-09-26 10:41:16,120 [pool-47-thread-1] INFO  server.RaftServerConfigKeys (ConfUtils.java:logGet(43)) - raft.server.log.segment.size.max = 1048576 (custom)
2019-09-26 10:41:16,120 [pool-47-thread-1] INFO  server.RaftServerConfigKeys (ConfUtils.java:logGet(43)) - raft.server.log.preallocated.size = 16384 (custom)
2019-09-26 10:41:16,121 [pool-47-thread-1] INFO  server.RaftServerConfigKeys (ConfUtils.java:logGet(43)) - raft.server.log.write.buffer.size = 33554432 (custom)
2019-09-26 10:41:16,121 [pool-47-thread-1] INFO  server.RaftServerConfigKeys (ConfUtils.java:logGet(43)) - raft.server.log.force.sync.num = 128 (default)
2019-09-26 10:41:16,121 [pool-47-thread-1] INFO  server.RaftServerConfigKeys (ConfUtils.java:logGet(43)) - raft.server.log.statemachine.data.sync = true (default)
2019-09-26 10:41:16,121 [pool-47-thread-1] INFO  server.RaftServerConfigKeys (ConfUtils.java:logGet(43)) - raft.server.log.statemachine.data.sync.timeout = 10s (default)
2019-09-26 10:41:16,121 [pool-47-thread-1] INFO  server.RaftServerConfigKeys (ConfUtils.java:logGet(43)) - raft.server.log.statemachine.data.sync.timeout.retry = -1 (default)
2019-09-26 10:41:16,121 [pool-47-thread-1] INFO  server.RaftServerConfigKeys (ConfUtils.java:logGet(43)) - raft.server.log.statemachine.data.caching.enabled = true (custom)
2019-09-26 10:41:16,122 [pool-47-thread-1] INFO  segmented.SegmentedRaftLogWorker (SegmentedRaftLogWorker.java:lambda$new$0(132)) - 54dcae81-dbd9-40b6-afc3-8b9ef3945f08@group-234A8C21A7B4-SegmentedRaftLogWorker: flushIndex: setUnconditionally 0 -> -1
2019-09-26 10:41:16,122 [pool-47-thread-1] INFO  server.RaftServerConfigKeys (ConfUtils.java:logGet(43)) - raft.server.snapshot.auto.trigger.enabled = true (custom)
2019-09-26 10:41:16,122 [pool-47-thread-1] INFO  server.RaftServerConfigKeys (ConfUtils.java:logGet(43)) - raft.server.snapshot.auto.trigger.threshold = 10000 (custom)
2019-09-26 10:41:16,122 [pool-47-thread-1] INFO  server.RaftServerConfigKeys (ConfUtils.java:logGet(43)) - raft.server.snapshot.retention.num.files = 5 (custom)
2019-09-26 10:41:16,123 [pool-47-thread-1] INFO  server.RaftServerConfigKeys (ConfUtils.java:logGet(43)) - raft.server.retrycache.expirytime = 600000ms (custom)
2019-09-26 10:41:16,126 [pool-47-thread-1] INFO  impl.RaftServerImpl (RaftServerImpl.java:start(185)) - 54dcae81-dbd9-40b6-afc3-8b9ef3945f08@group-234A8C21A7B4: start as a follower, conf=-1: [54dcae81-dbd9-40b6-afc3-8b9ef3945f08:192.168.30.13:42120], old=null
2019-09-26 10:41:16,126 [pool-47-thread-1] INFO  impl.RaftServerImpl (RaftServerImpl.java:setRole(174)) - 54dcae81-dbd9-40b6-afc3-8b9ef3945f08@group-234A8C21A7B4: changes role from      null to FOLLOWER at term 0 for startAsFollower
2019-09-26 10:41:16,127 [pool-47-thread-1] INFO  impl.RoleInfo (RoleInfo.java:updateAndGet(143)) - 54dcae81-dbd9-40b6-afc3-8b9ef3945f08: start FollowerState
2019-09-26 10:41:16,127 [pool-47-thread-1] INFO  util.JmxRegister (JmxRegister.java:tryRegister(44)) - Successfully registered JMX Bean with object name Ratis:service=RaftServer,group=group-234A8C21A7B4,id=54dcae81-dbd9-40b6-afc3-8b9ef3945f08
2019-09-26 10:41:16,137 [RatisPipelineUtilsThread] INFO  pipeline.PipelineStateManager (PipelineStateManager.java:addPipeline(56)) - Created pipeline Pipeline[ Id: 582f5bac-95df-4709-b1cc-234a8c21a7b4, Nodes: 54dcae81-dbd9-40b6-afc3-8b9ef3945f08{ip: 192.168.30.13, host: pr-hdds-1569-wvzgm-824869521, networkLocation: /default-rack, certSerialId: null}, Type:RATIS, Factor:ONE, State:OPEN]
2019-09-26 10:41:16,149 [grpc-default-executor-0] INFO  impl.RaftServerProxy (RaftServerProxy.java:addNew(89)) - 54dcae81-dbd9-40b6-afc3-8b9ef3945f08: addNew group-0E30943C1421:[54dcae81-dbd9-40b6-afc3-8b9ef3945f08:192.168.30.13:42120] returns group-0E30943C1421:java.util.concurrent.CompletableFuture@68a56d17[Not completed]
2019-09-26 10:41:16,150 [pool-47-thread-1] INFO  impl.RaftServerImpl (RaftServerImpl.java:<init>(95)) - 54dcae81-dbd9-40b6-afc3-8b9ef3945f08: new RaftServerImpl for group-0E30943C1421:[54dcae81-dbd9-40b6-afc3-8b9ef3945f08:192.168.30.13:42120] with ContainerStateMachine:uninitialized
2019-09-26 10:41:16,150 [pool-47-thread-1] INFO  server.RaftServerConfigKeys (ConfUtils.java:logGet(43)) - raft.server.rpc.timeout.min = 5s (custom)
2019-09-26 10:41:16,151 [pool-47-thread-1] INFO  server.RaftServerConfigKeys (ConfUtils.java:logGet(43)) - raft.server.rpc.timeout.max = 5200ms (custom)
2019-09-26 10:41:16,151 [pool-47-thread-1] INFO  server.RaftServerConfigKeys (ConfUtils.java:logGet(43)) - raft.server.rpcslowness.timeout = 120s (custom)
2019-09-26 10:41:16,151 [pool-47-thread-1] INFO  server.RaftServerConfigKeys (ConfUtils.java:logGet(43)) - raft.server.sleep.deviation.threshold = 300 (default)
2019-09-26 10:41:16,151 [pool-47-thread-1] INFO  server.RaftServerConfigKeys (ConfUtils.java:logGet(43)) - raft.server.log.appender.install.snapshot.enabled = false (custom)
2019-09-26 10:41:16,151 [pool-47-thread-1] INFO  impl.RaftServerImpl (ServerState.java:<init>(103)) - 54dcae81-dbd9-40b6-afc3-8b9ef3945f08@group-0E30943C1421: ConfigurationManager, init=-1: [54dcae81-dbd9-40b6-afc3-8b9ef3945f08:192.168.30.13:42120], old=null, confs=<EMPTY_MAP>
2019-09-26 10:41:16,151 [pool-47-thread-1] INFO  server.RaftServerConfigKeys (ConfUtils.java:logGet(43)) - raft.server.storage.dir = [/workdir/hadoop-ozone/integration-test/target/test-dir/MiniOzoneClusterImpl-874991c5-7d1a-4345-b538-2cfa836e270f/datanode-2/data/ratis] (custom)
2019-09-26 10:41:16,152 [pool-47-thread-1] INFO  storage.RaftStorageDirectory (RaftStorageDirectory.java:analyzeStorage(246)) - The storage directory /workdir/hadoop-ozone/integration-test/target/test-dir/MiniOzoneClusterImpl-874991c5-7d1a-4345-b538-2cfa836e270f/datanode-2/data/ratis/23f5f17f-1344-4d8e-974c-0e30943c1421 does not exist. Creating ...
2019-09-26 10:41:16,164 [pool-47-thread-1] INFO  storage.RaftStorageDirectory (RaftStorageDirectory.java:tryLock(328)) - Lock on /workdir/hadoop-ozone/integration-test/target/test-dir/MiniOzoneClusterImpl-874991c5-7d1a-4345-b538-2cfa836e270f/datanode-2/data/ratis/23f5f17f-1344-4d8e-974c-0e30943c1421/in_use.lock acquired by nodename 10232@pr-hdds-1569-wvzgm-824869521
2019-09-26 10:41:16,177 [pool-47-thread-1] INFO  storage.RaftStorage (RaftStorage.java:format(72)) - Storage directory /workdir/hadoop-ozone/integration-test/target/test-dir/MiniOzoneClusterImpl-874991c5-7d1a-4345-b538-2cfa836e270f/datanode-2/data/ratis/23f5f17f-1344-4d8e-974c-0e30943c1421 has been successfully formatted.
2019-09-26 10:41:16,178 [pool-47-thread-1] INFO  ratis.ContainerStateMachine (ContainerStateMachine.java:loadSnapshot(230)) - group-0E30943C1421: The snapshot info is null. Setting the last applied indexto:(t:0, i:~)
2019-09-26 10:41:16,178 [pool-47-thread-1] INFO  server.RaftServerConfigKeys (ConfUtils.java:logGet(43)) - raft.server.notification.no-leader.timeout = 120s (custom)
2019-09-26 10:41:16,178 [pool-47-thread-1] INFO  server.RaftServerConfigKeys (ConfUtils.java:logGet(43)) - raft.server.log.use.memory = false (default)
2019-09-26 10:41:16,178 [pool-47-thread-1] INFO  server.RaftServerConfigKeys (ConfUtils.java:logGet(43)) - raft.server.log.purge.gap = 1000000 (custom)
2019-09-26 10:41:16,179 [pool-47-thread-1] INFO  server.RaftServerConfigKeys (ConfUtils.java:logGet(43)) - raft.server.log.appender.buffer.byte-limit = 33554432 (custom)
2019-09-26 10:41:16,179 [pool-47-thread-1] INFO  server.RaftServerConfigKeys (ConfUtils.java:logGet(43)) - raft.server.log.segment.size.max = 1048576 (custom)
2019-09-26 10:41:16,179 [pool-47-thread-1] INFO  server.RaftServerConfigKeys (ConfUtils.java:logGet(43)) - raft.server.log.segment.cache.num.max = 2 (custom)
2019-09-26 10:41:16,179 [pool-47-thread-1] INFO  segmented.SegmentedRaftLogWorker (SegmentedRaftLogWorker.java:<init>(172)) - new 54dcae81-dbd9-40b6-afc3-8b9ef3945f08@group-0E30943C1421-SegmentedRaftLogWorker for RaftStorage:Storage Directory /workdir/hadoop-ozone/integration-test/target/test-dir/MiniOzoneClusterImpl-874991c5-7d1a-4345-b538-2cfa836e270f/datanode-2/data/ratis/23f5f17f-1344-4d8e-974c-0e30943c1421
2019-09-26 10:41:16,179 [pool-47-thread-1] INFO  server.RaftServerConfigKeys (ConfUtils.java:logGet(43)) - raft.server.log.queue.byte-limit = 2147483647 (custom)
2019-09-26 10:41:16,179 [pool-47-thread-1] INFO  server.RaftServerConfigKeys (ConfUtils.java:logGet(43)) - raft.server.log.queue.element-limit = 1024 (custom)
2019-09-26 10:41:16,180 [pool-47-thread-1] INFO  server.RaftServerConfigKeys (ConfUtils.java:logGet(43)) - raft.server.log.segment.size.max = 1048576 (custom)
2019-09-26 10:41:16,180 [pool-47-thread-1] INFO  server.RaftServerConfigKeys (ConfUtils.java:logGet(43)) - raft.server.log.preallocated.size = 16384 (custom)
2019-09-26 10:41:16,180 [pool-47-thread-1] INFO  server.RaftServerConfigKeys (ConfUtils.java:logGet(43)) - raft.server.log.write.buffer.size = 33554432 (custom)
2019-09-26 10:41:16,180 [pool-47-thread-1] INFO  server.RaftServerConfigKeys (ConfUtils.java:logGet(43)) - raft.server.log.force.sync.num = 128 (default)
2019-09-26 10:41:16,180 [pool-47-thread-1] INFO  server.RaftServerConfigKeys (ConfUtils.java:logGet(43)) - raft.server.log.statemachine.data.sync = true (default)
2019-09-26 10:41:16,181 [pool-47-thread-1] INFO  server.RaftServerConfigKeys (ConfUtils.java:logGet(43)) - raft.server.log.statemachine.data.sync.timeout = 10s (default)
2019-09-26 10:41:16,181 [pool-47-thread-1] INFO  server.RaftServerConfigKeys (ConfUtils.java:logGet(43)) - raft.server.log.statemachine.data.sync.timeout.retry = -1 (default)
2019-09-26 10:41:16,181 [pool-47-thread-1] INFO  server.RaftServerConfigKeys (ConfUtils.java:logGet(43)) - raft.server.log.statemachine.data.caching.enabled = true (custom)
2019-09-26 10:41:16,181 [pool-47-thread-1] INFO  segmented.SegmentedRaftLogWorker (SegmentedRaftLogWorker.java:lambda$new$0(132)) - 54dcae81-dbd9-40b6-afc3-8b9ef3945f08@group-0E30943C1421-SegmentedRaftLogWorker: flushIndex: setUnconditionally 0 -> -1
2019-09-26 10:41:16,182 [pool-47-thread-1] INFO  server.RaftServerConfigKeys (ConfUtils.java:logGet(43)) - raft.server.snapshot.auto.trigger.enabled = true (custom)
2019-09-26 10:41:16,182 [pool-47-thread-1] INFO  server.RaftServerConfigKeys (ConfUtils.java:logGet(43)) - raft.server.snapshot.auto.trigger.threshold = 10000 (custom)
2019-09-26 10:41:16,182 [pool-47-thread-1] INFO  server.RaftServerConfigKeys (ConfUtils.java:logGet(43)) - raft.server.snapshot.retention.num.files = 5 (custom)
2019-09-26 10:41:16,182 [pool-47-thread-1] INFO  server.RaftServerConfigKeys (ConfUtils.java:logGet(43)) - raft.server.retrycache.expirytime = 600000ms (custom)
2019-09-26 10:41:16,186 [pool-47-thread-1] INFO  impl.RaftServerImpl (RaftServerImpl.java:start(185)) - 54dcae81-dbd9-40b6-afc3-8b9ef3945f08@group-0E30943C1421: start as a follower, conf=-1: [54dcae81-dbd9-40b6-afc3-8b9ef3945f08:192.168.30.13:42120], old=null
2019-09-26 10:41:16,186 [pool-47-thread-1] INFO  impl.RaftServerImpl (RaftServerImpl.java:setRole(174)) - 54dcae81-dbd9-40b6-afc3-8b9ef3945f08@group-0E30943C1421: changes role from      null to FOLLOWER at term 0 for startAsFollower
2019-09-26 10:41:16,186 [pool-47-thread-1] INFO  impl.RoleInfo (RoleInfo.java:updateAndGet(143)) - 54dcae81-dbd9-40b6-afc3-8b9ef3945f08: start FollowerState
2019-09-26 10:41:16,187 [pool-47-thread-1] INFO  util.JmxRegister (JmxRegister.java:tryRegister(44)) - Successfully registered JMX Bean with object name Ratis:service=RaftServer,group=group-0E30943C1421,id=54dcae81-dbd9-40b6-afc3-8b9ef3945f08
2019-09-26 10:41:16,197 [RatisPipelineUtilsThread] INFO  pipeline.PipelineStateManager (PipelineStateManager.java:addPipeline(56)) - Created pipeline Pipeline[ Id: 23f5f17f-1344-4d8e-974c-0e30943c1421, Nodes: 54dcae81-dbd9-40b6-afc3-8b9ef3945f08{ip: 192.168.30.13, host: pr-hdds-1569-wvzgm-824869521, networkLocation: /default-rack, certSerialId: null}, Type:RATIS, Factor:ONE, State:OPEN]
2019-09-26 10:41:16,210 [grpc-default-executor-0] INFO  impl.RaftServerProxy (RaftServerProxy.java:addNew(89)) - 68b23fe9-fcf3-4ca6-9530-99b3113ca78f: addNew group-9687CBA5F2A3:[68b23fe9-fcf3-4ca6-9530-99b3113ca78f:192.168.30.13:41435] returns group-9687CBA5F2A3:java.util.concurrent.CompletableFuture@7cf2a5c2[Not completed]
2019-09-26 10:41:16,212 [pool-37-thread-1] INFO  impl.RaftServerImpl (RaftServerImpl.java:<init>(95)) - 68b23fe9-fcf3-4ca6-9530-99b3113ca78f: new RaftServerImpl for group-9687CBA5F2A3:[68b23fe9-fcf3-4ca6-9530-99b3113ca78f:192.168.30.13:41435] with ContainerStateMachine:uninitialized
2019-09-26 10:41:16,212 [pool-37-thread-1] INFO  server.RaftServerConfigKeys (ConfUtils.java:logGet(43)) - raft.server.rpc.timeout.min = 5s (custom)
2019-09-26 10:41:16,212 [pool-37-thread-1] INFO  server.RaftServerConfigKeys (ConfUtils.java:logGet(43)) - raft.server.rpc.timeout.max = 5200ms (custom)
2019-09-26 10:41:16,212 [pool-37-thread-1] INFO  server.RaftServerConfigKeys (ConfUtils.java:logGet(43)) - raft.server.rpcslowness.timeout = 120s (custom)
2019-09-26 10:41:16,212 [pool-37-thread-1] INFO  server.RaftServerConfigKeys (ConfUtils.java:logGet(43)) - raft.server.sleep.deviation.threshold = 300 (default)
2019-09-26 10:41:16,213 [pool-37-thread-1] INFO  server.RaftServerConfigKeys (ConfUtils.java:logGet(43)) - raft.server.log.appender.install.snapshot.enabled = false (custom)
2019-09-26 10:41:16,213 [pool-37-thread-1] INFO  impl.RaftServerImpl (ServerState.java:<init>(103)) - 68b23fe9-fcf3-4ca6-9530-99b3113ca78f@group-9687CBA5F2A3: ConfigurationManager, init=-1: [68b23fe9-fcf3-4ca6-9530-99b3113ca78f:192.168.30.13:41435], old=null, confs=<EMPTY_MAP>
2019-09-26 10:41:16,213 [pool-37-thread-1] INFO  server.RaftServerConfigKeys (ConfUtils.java:logGet(43)) - raft.server.storage.dir = [/workdir/hadoop-ozone/integration-test/target/test-dir/MiniOzoneClusterImpl-874991c5-7d1a-4345-b538-2cfa836e270f/datanode-1/data/ratis] (custom)
2019-09-26 10:41:16,213 [pool-37-thread-1] INFO  storage.RaftStorageDirectory (RaftStorageDirectory.java:analyzeStorage(246)) - The storage directory /workdir/hadoop-ozone/integration-test/target/test-dir/MiniOzoneClusterImpl-874991c5-7d1a-4345-b538-2cfa836e270f/datanode-1/data/ratis/173ef0bc-e65c-44e8-9cdb-9687cba5f2a3 does not exist. Creating ...
2019-09-26 10:41:16,227 [pool-37-thread-1] INFO  storage.RaftStorageDirectory (RaftStorageDirectory.java:tryLock(328)) - Lock on /workdir/hadoop-ozone/integration-test/target/test-dir/MiniOzoneClusterImpl-874991c5-7d1a-4345-b538-2cfa836e270f/datanode-1/data/ratis/173ef0bc-e65c-44e8-9cdb-9687cba5f2a3/in_use.lock acquired by nodename 10232@pr-hdds-1569-wvzgm-824869521
2019-09-26 10:41:16,240 [pool-37-thread-1] INFO  storage.RaftStorage (RaftStorage.java:format(72)) - Storage directory /workdir/hadoop-ozone/integration-test/target/test-dir/MiniOzoneClusterImpl-874991c5-7d1a-4345-b538-2cfa836e270f/datanode-1/data/ratis/173ef0bc-e65c-44e8-9cdb-9687cba5f2a3 has been successfully formatted.
2019-09-26 10:41:16,240 [pool-37-thread-1] INFO  ratis.ContainerStateMachine (ContainerStateMachine.java:loadSnapshot(230)) - group-9687CBA5F2A3: The snapshot info is null. Setting the last applied indexto:(t:0, i:~)
2019-09-26 10:41:16,240 [pool-37-thread-1] INFO  server.RaftServerConfigKeys (ConfUtils.java:logGet(43)) - raft.server.notification.no-leader.timeout = 120s (custom)
2019-09-26 10:41:16,240 [pool-37-thread-1] INFO  server.RaftServerConfigKeys (ConfUtils.java:logGet(43)) - raft.server.log.use.memory = false (default)
2019-09-26 10:41:16,241 [pool-37-thread-1] INFO  server.RaftServerConfigKeys (ConfUtils.java:logGet(43)) - raft.server.log.purge.gap = 1000000 (custom)
2019-09-26 10:41:16,241 [pool-37-thread-1] INFO  server.RaftServerConfigKeys (ConfUtils.java:logGet(43)) - raft.server.log.appender.buffer.byte-limit = 33554432 (custom)
2019-09-26 10:41:16,241 [pool-37-thread-1] INFO  server.RaftServerConfigKeys (ConfUtils.java:logGet(43)) - raft.server.log.segment.size.max = 1048576 (custom)
2019-09-26 10:41:16,241 [pool-37-thread-1] INFO  server.RaftServerConfigKeys (ConfUtils.java:logGet(43)) - raft.server.log.segment.cache.num.max = 2 (custom)
2019-09-26 10:41:16,241 [pool-37-thread-1] INFO  segmented.SegmentedRaftLogWorker (SegmentedRaftLogWorker.java:<init>(172)) - new 68b23fe9-fcf3-4ca6-9530-99b3113ca78f@group-9687CBA5F2A3-SegmentedRaftLogWorker for RaftStorage:Storage Directory /workdir/hadoop-ozone/integration-test/target/test-dir/MiniOzoneClusterImpl-874991c5-7d1a-4345-b538-2cfa836e270f/datanode-1/data/ratis/173ef0bc-e65c-44e8-9cdb-9687cba5f2a3
2019-09-26 10:41:16,242 [pool-37-thread-1] INFO  server.RaftServerConfigKeys (ConfUtils.java:logGet(43)) - raft.server.log.queue.byte-limit = 2147483647 (custom)
2019-09-26 10:41:16,242 [pool-37-thread-1] INFO  server.RaftServerConfigKeys (ConfUtils.java:logGet(43)) - raft.server.log.queue.element-limit = 1024 (custom)
2019-09-26 10:41:16,242 [pool-37-thread-1] INFO  server.RaftServerConfigKeys (ConfUtils.java:logGet(43)) - raft.server.log.segment.size.max = 1048576 (custom)
2019-09-26 10:41:16,242 [pool-37-thread-1] INFO  server.RaftServerConfigKeys (ConfUtils.java:logGet(43)) - raft.server.log.preallocated.size = 16384 (custom)
2019-09-26 10:41:16,242 [pool-37-thread-1] INFO  server.RaftServerConfigKeys (ConfUtils.java:logGet(43)) - raft.server.log.write.buffer.size = 33554432 (custom)
2019-09-26 10:41:16,243 [pool-37-thread-1] INFO  server.RaftServerConfigKeys (ConfUtils.java:logGet(43)) - raft.server.log.force.sync.num = 128 (default)
2019-09-26 10:41:16,243 [pool-37-thread-1] INFO  server.RaftServerConfigKeys (ConfUtils.java:logGet(43)) - raft.server.log.statemachine.data.sync = true (default)
2019-09-26 10:41:16,243 [pool-37-thread-1] INFO  server.RaftServerConfigKeys (ConfUtils.java:logGet(43)) - raft.server.log.statemachine.data.sync.timeout = 10s (default)
2019-09-26 10:41:16,243 [pool-37-thread-1] INFO  server.RaftServerConfigKeys (ConfUtils.java:logGet(43)) - raft.server.log.statemachine.data.sync.timeout.retry = -1 (default)
2019-09-26 10:41:16,243 [pool-37-thread-1] INFO  server.RaftServerConfigKeys (ConfUtils.java:logGet(43)) - raft.server.log.statemachine.data.caching.enabled = true (custom)
2019-09-26 10:41:16,244 [pool-37-thread-1] INFO  segmented.SegmentedRaftLogWorker (SegmentedRaftLogWorker.java:lambda$new$0(132)) - 68b23fe9-fcf3-4ca6-9530-99b3113ca78f@group-9687CBA5F2A3-SegmentedRaftLogWorker: flushIndex: setUnconditionally 0 -> -1
2019-09-26 10:41:16,244 [pool-37-thread-1] INFO  server.RaftServerConfigKeys (ConfUtils.java:logGet(43)) - raft.server.snapshot.auto.trigger.enabled = true (custom)
2019-09-26 10:41:16,244 [pool-37-thread-1] INFO  server.RaftServerConfigKeys (ConfUtils.java:logGet(43)) - raft.server.snapshot.auto.trigger.threshold = 10000 (custom)
2019-09-26 10:41:16,244 [pool-37-thread-1] INFO  server.RaftServerConfigKeys (ConfUtils.java:logGet(43)) - raft.server.snapshot.retention.num.files = 5 (custom)
2019-09-26 10:41:16,245 [pool-37-thread-1] INFO  server.RaftServerConfigKeys (ConfUtils.java:logGet(43)) - raft.server.retrycache.expirytime = 600000ms (custom)
2019-09-26 10:41:16,248 [pool-37-thread-1] INFO  impl.RaftServerImpl (RaftServerImpl.java:start(185)) - 68b23fe9-fcf3-4ca6-9530-99b3113ca78f@group-9687CBA5F2A3: start as a follower, conf=-1: [68b23fe9-fcf3-4ca6-9530-99b3113ca78f:192.168.30.13:41435], old=null
2019-09-26 10:41:16,248 [pool-37-thread-1] INFO  impl.RaftServerImpl (RaftServerImpl.java:setRole(174)) - 68b23fe9-fcf3-4ca6-9530-99b3113ca78f@group-9687CBA5F2A3: changes role from      null to FOLLOWER at term 0 for startAsFollower
2019-09-26 10:41:16,248 [pool-37-thread-1] INFO  impl.RoleInfo (RoleInfo.java:updateAndGet(143)) - 68b23fe9-fcf3-4ca6-9530-99b3113ca78f: start FollowerState
2019-09-26 10:41:16,249 [pool-37-thread-1] INFO  util.JmxRegister (JmxRegister.java:tryRegister(44)) - Successfully registered JMX Bean with object name Ratis:service=RaftServer,group=group-9687CBA5F2A3,id=68b23fe9-fcf3-4ca6-9530-99b3113ca78f
2019-09-26 10:41:16,257 [RatisPipelineUtilsThread] INFO  pipeline.PipelineStateManager (PipelineStateManager.java:addPipeline(56)) - Created pipeline Pipeline[ Id: 173ef0bc-e65c-44e8-9cdb-9687cba5f2a3, Nodes: 68b23fe9-fcf3-4ca6-9530-99b3113ca78f{ip: 192.168.30.13, host: pr-hdds-1569-wvzgm-824869521, networkLocation: /default-rack, certSerialId: null}, Type:RATIS, Factor:ONE, State:OPEN]
2019-09-26 10:41:16,271 [grpc-default-executor-0] INFO  impl.RaftServerProxy (RaftServerProxy.java:addNew(89)) - 68b23fe9-fcf3-4ca6-9530-99b3113ca78f: addNew group-13B516527621:[68b23fe9-fcf3-4ca6-9530-99b3113ca78f:192.168.30.13:41435] returns group-13B516527621:java.util.concurrent.CompletableFuture@69c9f987[Not completed]
2019-09-26 10:41:16,272 [pool-37-thread-1] INFO  impl.RaftServerImpl (RaftServerImpl.java:<init>(95)) - 68b23fe9-fcf3-4ca6-9530-99b3113ca78f: new RaftServerImpl for group-13B516527621:[68b23fe9-fcf3-4ca6-9530-99b3113ca78f:192.168.30.13:41435] with ContainerStateMachine:uninitialized
2019-09-26 10:41:16,272 [pool-37-thread-1] INFO  server.RaftServerConfigKeys (ConfUtils.java:logGet(43)) - raft.server.rpc.timeout.min = 5s (custom)
2019-09-26 10:41:16,273 [pool-37-thread-1] INFO  server.RaftServerConfigKeys (ConfUtils.java:logGet(43)) - raft.server.rpc.timeout.max = 5200ms (custom)
2019-09-26 10:41:16,273 [pool-37-thread-1] INFO  server.RaftServerConfigKeys (ConfUtils.java:logGet(43)) - raft.server.rpcslowness.timeout = 120s (custom)
2019-09-26 10:41:16,273 [pool-37-thread-1] INFO  server.RaftServerConfigKeys (ConfUtils.java:logGet(43)) - raft.server.sleep.deviation.threshold = 300 (default)
2019-09-26 10:41:16,273 [pool-37-thread-1] INFO  server.RaftServerConfigKeys (ConfUtils.java:logGet(43)) - raft.server.log.appender.install.snapshot.enabled = false (custom)
2019-09-26 10:41:16,273 [pool-37-thread-1] INFO  impl.RaftServerImpl (ServerState.java:<init>(103)) - 68b23fe9-fcf3-4ca6-9530-99b3113ca78f@group-13B516527621: ConfigurationManager, init=-1: [68b23fe9-fcf3-4ca6-9530-99b3113ca78f:192.168.30.13:41435], old=null, confs=<EMPTY_MAP>
2019-09-26 10:41:16,273 [pool-37-thread-1] INFO  server.RaftServerConfigKeys (ConfUtils.java:logGet(43)) - raft.server.storage.dir = [/workdir/hadoop-ozone/integration-test/target/test-dir/MiniOzoneClusterImpl-874991c5-7d1a-4345-b538-2cfa836e270f/datanode-1/data/ratis] (custom)
2019-09-26 10:41:16,274 [pool-37-thread-1] INFO  storage.RaftStorageDirectory (RaftStorageDirectory.java:analyzeStorage(246)) - The storage directory /workdir/hadoop-ozone/integration-test/target/test-dir/MiniOzoneClusterImpl-874991c5-7d1a-4345-b538-2cfa836e270f/datanode-1/data/ratis/1fc9c014-9588-4fa7-b3e8-13b516527621 does not exist. Creating ...
2019-09-26 10:41:16,287 [pool-37-thread-1] INFO  storage.RaftStorageDirectory (RaftStorageDirectory.java:tryLock(328)) - Lock on /workdir/hadoop-ozone/integration-test/target/test-dir/MiniOzoneClusterImpl-874991c5-7d1a-4345-b538-2cfa836e270f/datanode-1/data/ratis/1fc9c014-9588-4fa7-b3e8-13b516527621/in_use.lock acquired by nodename 10232@pr-hdds-1569-wvzgm-824869521
2019-09-26 10:41:16,300 [pool-37-thread-1] INFO  storage.RaftStorage (RaftStorage.java:format(72)) - Storage directory /workdir/hadoop-ozone/integration-test/target/test-dir/MiniOzoneClusterImpl-874991c5-7d1a-4345-b538-2cfa836e270f/datanode-1/data/ratis/1fc9c014-9588-4fa7-b3e8-13b516527621 has been successfully formatted.
2019-09-26 10:41:16,300 [pool-37-thread-1] INFO  ratis.ContainerStateMachine (ContainerStateMachine.java:loadSnapshot(230)) - group-13B516527621: The snapshot info is null. Setting the last applied indexto:(t:0, i:~)
2019-09-26 10:41:16,300 [pool-37-thread-1] INFO  server.RaftServerConfigKeys (ConfUtils.java:logGet(43)) - raft.server.notification.no-leader.timeout = 120s (custom)
2019-09-26 10:41:16,301 [pool-37-thread-1] INFO  server.RaftServerConfigKeys (ConfUtils.java:logGet(43)) - raft.server.log.use.memory = false (default)
2019-09-26 10:41:16,301 [pool-37-thread-1] INFO  server.RaftServerConfigKeys (ConfUtils.java:logGet(43)) - raft.server.log.purge.gap = 1000000 (custom)
2019-09-26 10:41:16,301 [pool-37-thread-1] INFO  server.RaftServerConfigKeys (ConfUtils.java:logGet(43)) - raft.server.log.appender.buffer.byte-limit = 33554432 (custom)
2019-09-26 10:41:16,301 [pool-37-thread-1] INFO  server.RaftServerConfigKeys (ConfUtils.java:logGet(43)) - raft.server.log.segment.size.max = 1048576 (custom)
2019-09-26 10:41:16,301 [pool-37-thread-1] INFO  server.RaftServerConfigKeys (ConfUtils.java:logGet(43)) - raft.server.log.segment.cache.num.max = 2 (custom)
2019-09-26 10:41:16,301 [pool-37-thread-1] INFO  segmented.SegmentedRaftLogWorker (SegmentedRaftLogWorker.java:<init>(172)) - new 68b23fe9-fcf3-4ca6-9530-99b3113ca78f@group-13B516527621-SegmentedRaftLogWorker for RaftStorage:Storage Directory /workdir/hadoop-ozone/integration-test/target/test-dir/MiniOzoneClusterImpl-874991c5-7d1a-4345-b538-2cfa836e270f/datanode-1/data/ratis/1fc9c014-9588-4fa7-b3e8-13b516527621
2019-09-26 10:41:16,302 [pool-37-thread-1] INFO  server.RaftServerConfigKeys (ConfUtils.java:logGet(43)) - raft.server.log.queue.byte-limit = 2147483647 (custom)
2019-09-26 10:41:16,302 [pool-37-thread-1] INFO  server.RaftServerConfigKeys (ConfUtils.java:logGet(43)) - raft.server.log.queue.element-limit = 1024 (custom)
2019-09-26 10:41:16,302 [pool-37-thread-1] INFO  server.RaftServerConfigKeys (ConfUtils.java:logGet(43)) - raft.server.log.segment.size.max = 1048576 (custom)
2019-09-26 10:41:16,302 [pool-37-thread-1] INFO  server.RaftServerConfigKeys (ConfUtils.java:logGet(43)) - raft.server.log.preallocated.size = 16384 (custom)
2019-09-26 10:41:16,302 [pool-37-thread-1] INFO  server.RaftServerConfigKeys (ConfUtils.java:logGet(43)) - raft.server.log.write.buffer.size = 33554432 (custom)
2019-09-26 10:41:16,302 [pool-37-thread-1] INFO  server.RaftServerConfigKeys (ConfUtils.java:logGet(43)) - raft.server.log.force.sync.num = 128 (default)
2019-09-26 10:41:16,303 [pool-37-thread-1] INFO  server.RaftServerConfigKeys (ConfUtils.java:logGet(43)) - raft.server.log.statemachine.data.sync = true (default)
2019-09-26 10:41:16,303 [pool-37-thread-1] INFO  server.RaftServerConfigKeys (ConfUtils.java:logGet(43)) - raft.server.log.statemachine.data.sync.timeout = 10s (default)
2019-09-26 10:41:16,303 [pool-37-thread-1] INFO  server.RaftServerConfigKeys (ConfUtils.java:logGet(43)) - raft.server.log.statemachine.data.sync.timeout.retry = -1 (default)
2019-09-26 10:41:16,303 [pool-37-thread-1] INFO  server.RaftServerConfigKeys (ConfUtils.java:logGet(43)) - raft.server.log.statemachine.data.caching.enabled = true (custom)
2019-09-26 10:41:16,304 [pool-37-thread-1] INFO  segmented.SegmentedRaftLogWorker (SegmentedRaftLogWorker.java:lambda$new$0(132)) - 68b23fe9-fcf3-4ca6-9530-99b3113ca78f@group-13B516527621-SegmentedRaftLogWorker: flushIndex: setUnconditionally 0 -> -1
2019-09-26 10:41:16,304 [pool-37-thread-1] INFO  server.RaftServerConfigKeys (ConfUtils.java:logGet(43)) - raft.server.snapshot.auto.trigger.enabled = true (custom)
2019-09-26 10:41:16,304 [pool-37-thread-1] INFO  server.RaftServerConfigKeys (ConfUtils.java:logGet(43)) - raft.server.snapshot.auto.trigger.threshold = 10000 (custom)
2019-09-26 10:41:16,304 [pool-37-thread-1] INFO  server.RaftServerConfigKeys (ConfUtils.java:logGet(43)) - raft.server.snapshot.retention.num.files = 5 (custom)
2019-09-26 10:41:16,304 [pool-37-thread-1] INFO  server.RaftServerConfigKeys (ConfUtils.java:logGet(43)) - raft.server.retrycache.expirytime = 600000ms (custom)
2019-09-26 10:41:16,307 [pool-37-thread-1] INFO  impl.RaftServerImpl (RaftServerImpl.java:start(185)) - 68b23fe9-fcf3-4ca6-9530-99b3113ca78f@group-13B516527621: start as a follower, conf=-1: [68b23fe9-fcf3-4ca6-9530-99b3113ca78f:192.168.30.13:41435], old=null
2019-09-26 10:41:16,307 [pool-37-thread-1] INFO  impl.RaftServerImpl (RaftServerImpl.java:setRole(174)) - 68b23fe9-fcf3-4ca6-9530-99b3113ca78f@group-13B516527621: changes role from      null to FOLLOWER at term 0 for startAsFollower
2019-09-26 10:41:16,307 [pool-37-thread-1] INFO  impl.RoleInfo (RoleInfo.java:updateAndGet(143)) - 68b23fe9-fcf3-4ca6-9530-99b3113ca78f: start FollowerState
2019-09-26 10:41:16,308 [pool-37-thread-1] INFO  util.JmxRegister (JmxRegister.java:tryRegister(44)) - Successfully registered JMX Bean with object name Ratis:service=RaftServer,group=group-13B516527621,id=68b23fe9-fcf3-4ca6-9530-99b3113ca78f
2019-09-26 10:41:16,316 [RatisPipelineUtilsThread] INFO  pipeline.PipelineStateManager (PipelineStateManager.java:addPipeline(56)) - Created pipeline Pipeline[ Id: 1fc9c014-9588-4fa7-b3e8-13b516527621, Nodes: 68b23fe9-fcf3-4ca6-9530-99b3113ca78f{ip: 192.168.30.13, host: pr-hdds-1569-wvzgm-824869521, networkLocation: /default-rack, certSerialId: null}, Type:RATIS, Factor:ONE, State:OPEN]
2019-09-26 10:41:16,329 [grpc-default-executor-0] INFO  impl.RaftServerProxy (RaftServerProxy.java:addNew(89)) - 68b23fe9-fcf3-4ca6-9530-99b3113ca78f: addNew group-8C178DA2457D:[68b23fe9-fcf3-4ca6-9530-99b3113ca78f:192.168.30.13:41435] returns group-8C178DA2457D:java.util.concurrent.CompletableFuture@249f5e0e[Not completed]
2019-09-26 10:41:16,331 [pool-37-thread-1] INFO  impl.RaftServerImpl (RaftServerImpl.java:<init>(95)) - 68b23fe9-fcf3-4ca6-9530-99b3113ca78f: new RaftServerImpl for group-8C178DA2457D:[68b23fe9-fcf3-4ca6-9530-99b3113ca78f:192.168.30.13:41435] with ContainerStateMachine:uninitialized
2019-09-26 10:41:16,331 [pool-37-thread-1] INFO  server.RaftServerConfigKeys (ConfUtils.java:logGet(43)) - raft.server.rpc.timeout.min = 5s (custom)
2019-09-26 10:41:16,331 [pool-37-thread-1] INFO  server.RaftServerConfigKeys (ConfUtils.java:logGet(43)) - raft.server.rpc.timeout.max = 5200ms (custom)
2019-09-26 10:41:16,331 [pool-37-thread-1] INFO  server.RaftServerConfigKeys (ConfUtils.java:logGet(43)) - raft.server.rpcslowness.timeout = 120s (custom)
2019-09-26 10:41:16,331 [pool-37-thread-1] INFO  server.RaftServerConfigKeys (ConfUtils.java:logGet(43)) - raft.server.sleep.deviation.threshold = 300 (default)
2019-09-26 10:41:16,331 [pool-37-thread-1] INFO  server.RaftServerConfigKeys (ConfUtils.java:logGet(43)) - raft.server.log.appender.install.snapshot.enabled = false (custom)
2019-09-26 10:41:16,332 [pool-37-thread-1] INFO  impl.RaftServerImpl (ServerState.java:<init>(103)) - 68b23fe9-fcf3-4ca6-9530-99b3113ca78f@group-8C178DA2457D: ConfigurationManager, init=-1: [68b23fe9-fcf3-4ca6-9530-99b3113ca78f:192.168.30.13:41435], old=null, confs=<EMPTY_MAP>
2019-09-26 10:41:16,332 [pool-37-thread-1] INFO  server.RaftServerConfigKeys (ConfUtils.java:logGet(43)) - raft.server.storage.dir = [/workdir/hadoop-ozone/integration-test/target/test-dir/MiniOzoneClusterImpl-874991c5-7d1a-4345-b538-2cfa836e270f/datanode-1/data/ratis] (custom)
2019-09-26 10:41:16,332 [pool-37-thread-1] INFO  storage.RaftStorageDirectory (RaftStorageDirectory.java:analyzeStorage(246)) - The storage directory /workdir/hadoop-ozone/integration-test/target/test-dir/MiniOzoneClusterImpl-874991c5-7d1a-4345-b538-2cfa836e270f/datanode-1/data/ratis/98206d91-d9ea-4679-b75f-8c178da2457d does not exist. Creating ...
2019-09-26 10:41:16,342 [pool-37-thread-1] INFO  storage.RaftStorageDirectory (RaftStorageDirectory.java:tryLock(328)) - Lock on /workdir/hadoop-ozone/integration-test/target/test-dir/MiniOzoneClusterImpl-874991c5-7d1a-4345-b538-2cfa836e270f/datanode-1/data/ratis/98206d91-d9ea-4679-b75f-8c178da2457d/in_use.lock acquired by nodename 10232@pr-hdds-1569-wvzgm-824869521
2019-09-26 10:41:16,356 [pool-37-thread-1] INFO  storage.RaftStorage (RaftStorage.java:format(72)) - Storage directory /workdir/hadoop-ozone/integration-test/target/test-dir/MiniOzoneClusterImpl-874991c5-7d1a-4345-b538-2cfa836e270f/datanode-1/data/ratis/98206d91-d9ea-4679-b75f-8c178da2457d has been successfully formatted.
2019-09-26 10:41:16,356 [pool-37-thread-1] INFO  ratis.ContainerStateMachine (ContainerStateMachine.java:loadSnapshot(230)) - group-8C178DA2457D: The snapshot info is null. Setting the last applied indexto:(t:0, i:~)
2019-09-26 10:41:16,357 [pool-37-thread-1] INFO  server.RaftServerConfigKeys (ConfUtils.java:logGet(43)) - raft.server.notification.no-leader.timeout = 120s (custom)
2019-09-26 10:41:16,357 [pool-37-thread-1] INFO  server.RaftServerConfigKeys (ConfUtils.java:logGet(43)) - raft.server.log.use.memory = false (default)
2019-09-26 10:41:16,357 [pool-37-thread-1] INFO  server.RaftServerConfigKeys (ConfUtils.java:logGet(43)) - raft.server.log.purge.gap = 1000000 (custom)
2019-09-26 10:41:16,357 [pool-37-thread-1] INFO  server.RaftServerConfigKeys (ConfUtils.java:logGet(43)) - raft.server.log.appender.buffer.byte-limit = 33554432 (custom)
2019-09-26 10:41:16,357 [pool-37-thread-1] INFO  server.RaftServerConfigKeys (ConfUtils.java:logGet(43)) - raft.server.log.segment.size.max = 1048576 (custom)
2019-09-26 10:41:16,357 [pool-37-thread-1] INFO  server.RaftServerConfigKeys (ConfUtils.java:logGet(43)) - raft.server.log.segment.cache.num.max = 2 (custom)
2019-09-26 10:41:16,357 [pool-37-thread-1] INFO  segmented.SegmentedRaftLogWorker (SegmentedRaftLogWorker.java:<init>(172)) - new 68b23fe9-fcf3-4ca6-9530-99b3113ca78f@group-8C178DA2457D-SegmentedRaftLogWorker for RaftStorage:Storage Directory /workdir/hadoop-ozone/integration-test/target/test-dir/MiniOzoneClusterImpl-874991c5-7d1a-4345-b538-2cfa836e270f/datanode-1/data/ratis/98206d91-d9ea-4679-b75f-8c178da2457d
2019-09-26 10:41:16,358 [pool-37-thread-1] INFO  server.RaftServerConfigKeys (ConfUtils.java:logGet(43)) - raft.server.log.queue.byte-limit = 2147483647 (custom)
2019-09-26 10:41:16,358 [pool-37-thread-1] INFO  server.RaftServerConfigKeys (ConfUtils.java:logGet(43)) - raft.server.log.queue.element-limit = 1024 (custom)
2019-09-26 10:41:16,358 [pool-37-thread-1] INFO  server.RaftServerConfigKeys (ConfUtils.java:logGet(43)) - raft.server.log.segment.size.max = 1048576 (custom)
2019-09-26 10:41:16,358 [pool-37-thread-1] INFO  server.RaftServerConfigKeys (ConfUtils.java:logGet(43)) - raft.server.log.preallocated.size = 16384 (custom)
2019-09-26 10:41:16,358 [pool-37-thread-1] INFO  server.RaftServerConfigKeys (ConfUtils.java:logGet(43)) - raft.server.log.write.buffer.size = 33554432 (custom)
2019-09-26 10:41:16,358 [pool-37-thread-1] INFO  server.RaftServerConfigKeys (ConfUtils.java:logGet(43)) - raft.server.log.force.sync.num = 128 (default)
2019-09-26 10:41:16,359 [pool-37-thread-1] INFO  server.RaftServerConfigKeys (ConfUtils.java:logGet(43)) - raft.server.log.statemachine.data.sync = true (default)
2019-09-26 10:41:16,359 [pool-37-thread-1] INFO  server.RaftServerConfigKeys (ConfUtils.java:logGet(43)) - raft.server.log.statemachine.data.sync.timeout = 10s (default)
2019-09-26 10:41:16,359 [pool-37-thread-1] INFO  server.RaftServerConfigKeys (ConfUtils.java:logGet(43)) - raft.server.log.statemachine.data.sync.timeout.retry = -1 (default)
2019-09-26 10:41:16,359 [pool-37-thread-1] INFO  server.RaftServerConfigKeys (ConfUtils.java:logGet(43)) - raft.server.log.statemachine.data.caching.enabled = true (custom)
2019-09-26 10:41:16,360 [pool-37-thread-1] INFO  segmented.SegmentedRaftLogWorker (SegmentedRaftLogWorker.java:lambda$new$0(132)) - 68b23fe9-fcf3-4ca6-9530-99b3113ca78f@group-8C178DA2457D-SegmentedRaftLogWorker: flushIndex: setUnconditionally 0 -> -1
2019-09-26 10:41:16,360 [pool-37-thread-1] INFO  server.RaftServerConfigKeys (ConfUtils.java:logGet(43)) - raft.server.snapshot.auto.trigger.enabled = true (custom)
2019-09-26 10:41:16,360 [pool-37-thread-1] INFO  server.RaftServerConfigKeys (ConfUtils.java:logGet(43)) - raft.server.snapshot.auto.trigger.threshold = 10000 (custom)
2019-09-26 10:41:16,360 [pool-37-thread-1] INFO  server.RaftServerConfigKeys (ConfUtils.java:logGet(43)) - raft.server.snapshot.retention.num.files = 5 (custom)
2019-09-26 10:41:16,361 [pool-37-thread-1] INFO  server.RaftServerConfigKeys (ConfUtils.java:logGet(43)) - raft.server.retrycache.expirytime = 600000ms (custom)
2019-09-26 10:41:16,363 [pool-37-thread-1] INFO  impl.RaftServerImpl (RaftServerImpl.java:start(185)) - 68b23fe9-fcf3-4ca6-9530-99b3113ca78f@group-8C178DA2457D: start as a follower, conf=-1: [68b23fe9-fcf3-4ca6-9530-99b3113ca78f:192.168.30.13:41435], old=null
2019-09-26 10:41:16,364 [pool-37-thread-1] INFO  impl.RaftServerImpl (RaftServerImpl.java:setRole(174)) - 68b23fe9-fcf3-4ca6-9530-99b3113ca78f@group-8C178DA2457D: changes role from      null to FOLLOWER at term 0 for startAsFollower
2019-09-26 10:41:16,364 [pool-37-thread-1] INFO  impl.RoleInfo (RoleInfo.java:updateAndGet(143)) - 68b23fe9-fcf3-4ca6-9530-99b3113ca78f: start FollowerState
2019-09-26 10:41:16,364 [pool-37-thread-1] INFO  util.JmxRegister (JmxRegister.java:tryRegister(44)) - Successfully registered JMX Bean with object name Ratis:service=RaftServer,group=group-8C178DA2457D,id=68b23fe9-fcf3-4ca6-9530-99b3113ca78f
2019-09-26 10:41:16,372 [RatisPipelineUtilsThread] INFO  pipeline.PipelineStateManager (PipelineStateManager.java:addPipeline(56)) - Created pipeline Pipeline[ Id: 98206d91-d9ea-4679-b75f-8c178da2457d, Nodes: 68b23fe9-fcf3-4ca6-9530-99b3113ca78f{ip: 192.168.30.13, host: pr-hdds-1569-wvzgm-824869521, networkLocation: /default-rack, certSerialId: null}, Type:RATIS, Factor:ONE, State:OPEN]
2019-09-26 10:41:16,384 [grpc-default-executor-0] INFO  impl.RaftServerProxy (RaftServerProxy.java:addNew(89)) - 54dcae81-dbd9-40b6-afc3-8b9ef3945f08: addNew group-FFCE1CBE7B48:[54dcae81-dbd9-40b6-afc3-8b9ef3945f08:192.168.30.13:42120] returns group-FFCE1CBE7B48:java.util.concurrent.CompletableFuture@17ce7367[Not completed]
2019-09-26 10:41:16,386 [pool-47-thread-1] INFO  impl.RaftServerImpl (RaftServerImpl.java:<init>(95)) - 54dcae81-dbd9-40b6-afc3-8b9ef3945f08: new RaftServerImpl for group-FFCE1CBE7B48:[54dcae81-dbd9-40b6-afc3-8b9ef3945f08:192.168.30.13:42120] with ContainerStateMachine:uninitialized
2019-09-26 10:41:16,387 [pool-47-thread-1] INFO  server.RaftServerConfigKeys (ConfUtils.java:logGet(43)) - raft.server.rpc.timeout.min = 5s (custom)
2019-09-26 10:41:16,387 [pool-47-thread-1] INFO  server.RaftServerConfigKeys (ConfUtils.java:logGet(43)) - raft.server.rpc.timeout.max = 5200ms (custom)
2019-09-26 10:41:16,387 [pool-47-thread-1] INFO  server.RaftServerConfigKeys (ConfUtils.java:logGet(43)) - raft.server.rpcslowness.timeout = 120s (custom)
2019-09-26 10:41:16,387 [pool-47-thread-1] INFO  server.RaftServerConfigKeys (ConfUtils.java:logGet(43)) - raft.server.sleep.deviation.threshold = 300 (default)
2019-09-26 10:41:16,387 [pool-47-thread-1] INFO  server.RaftServerConfigKeys (ConfUtils.java:logGet(43)) - raft.server.log.appender.install.snapshot.enabled = false (custom)
2019-09-26 10:41:16,387 [pool-47-thread-1] INFO  impl.RaftServerImpl (ServerState.java:<init>(103)) - 54dcae81-dbd9-40b6-afc3-8b9ef3945f08@group-FFCE1CBE7B48: ConfigurationManager, init=-1: [54dcae81-dbd9-40b6-afc3-8b9ef3945f08:192.168.30.13:42120], old=null, confs=<EMPTY_MAP>
2019-09-26 10:41:16,388 [pool-47-thread-1] INFO  server.RaftServerConfigKeys (ConfUtils.java:logGet(43)) - raft.server.storage.dir = [/workdir/hadoop-ozone/integration-test/target/test-dir/MiniOzoneClusterImpl-874991c5-7d1a-4345-b538-2cfa836e270f/datanode-2/data/ratis] (custom)
2019-09-26 10:41:16,388 [pool-47-thread-1] INFO  storage.RaftStorageDirectory (RaftStorageDirectory.java:analyzeStorage(246)) - The storage directory /workdir/hadoop-ozone/integration-test/target/test-dir/MiniOzoneClusterImpl-874991c5-7d1a-4345-b538-2cfa836e270f/datanode-2/data/ratis/a18e33b4-1a4a-4af8-b3b0-ffce1cbe7b48 does not exist. Creating ...
2019-09-26 10:41:16,402 [pool-47-thread-1] INFO  storage.RaftStorageDirectory (RaftStorageDirectory.java:tryLock(328)) - Lock on /workdir/hadoop-ozone/integration-test/target/test-dir/MiniOzoneClusterImpl-874991c5-7d1a-4345-b538-2cfa836e270f/datanode-2/data/ratis/a18e33b4-1a4a-4af8-b3b0-ffce1cbe7b48/in_use.lock acquired by nodename 10232@pr-hdds-1569-wvzgm-824869521
2019-09-26 10:41:16,415 [pool-47-thread-1] INFO  storage.RaftStorage (RaftStorage.java:format(72)) - Storage directory /workdir/hadoop-ozone/integration-test/target/test-dir/MiniOzoneClusterImpl-874991c5-7d1a-4345-b538-2cfa836e270f/datanode-2/data/ratis/a18e33b4-1a4a-4af8-b3b0-ffce1cbe7b48 has been successfully formatted.
2019-09-26 10:41:16,415 [pool-47-thread-1] INFO  ratis.ContainerStateMachine (ContainerStateMachine.java:loadSnapshot(230)) - group-FFCE1CBE7B48: The snapshot info is null. Setting the last applied indexto:(t:0, i:~)
2019-09-26 10:41:16,415 [pool-47-thread-1] INFO  server.RaftServerConfigKeys (ConfUtils.java:logGet(43)) - raft.server.notification.no-leader.timeout = 120s (custom)
2019-09-26 10:41:16,415 [pool-47-thread-1] INFO  server.RaftServerConfigKeys (ConfUtils.java:logGet(43)) - raft.server.log.use.memory = false (default)
2019-09-26 10:41:16,416 [pool-47-thread-1] INFO  server.RaftServerConfigKeys (ConfUtils.java:logGet(43)) - raft.server.log.purge.gap = 1000000 (custom)
2019-09-26 10:41:16,416 [pool-47-thread-1] INFO  server.RaftServerConfigKeys (ConfUtils.java:logGet(43)) - raft.server.log.appender.buffer.byte-limit = 33554432 (custom)
2019-09-26 10:41:16,416 [pool-47-thread-1] INFO  server.RaftServerConfigKeys (ConfUtils.java:logGet(43)) - raft.server.log.segment.size.max = 1048576 (custom)
2019-09-26 10:41:16,416 [pool-47-thread-1] INFO  server.RaftServerConfigKeys (ConfUtils.java:logGet(43)) - raft.server.log.segment.cache.num.max = 2 (custom)
2019-09-26 10:41:16,416 [pool-47-thread-1] INFO  segmented.SegmentedRaftLogWorker (SegmentedRaftLogWorker.java:<init>(172)) - new 54dcae81-dbd9-40b6-afc3-8b9ef3945f08@group-FFCE1CBE7B48-SegmentedRaftLogWorker for RaftStorage:Storage Directory /workdir/hadoop-ozone/integration-test/target/test-dir/MiniOzoneClusterImpl-874991c5-7d1a-4345-b538-2cfa836e270f/datanode-2/data/ratis/a18e33b4-1a4a-4af8-b3b0-ffce1cbe7b48
2019-09-26 10:41:16,416 [pool-47-thread-1] INFO  server.RaftServerConfigKeys (ConfUtils.java:logGet(43)) - raft.server.log.queue.byte-limit = 2147483647 (custom)
2019-09-26 10:41:16,417 [pool-47-thread-1] INFO  server.RaftServerConfigKeys (ConfUtils.java:logGet(43)) - raft.server.log.queue.element-limit = 1024 (custom)
2019-09-26 10:41:16,417 [pool-47-thread-1] INFO  server.RaftServerConfigKeys (ConfUtils.java:logGet(43)) - raft.server.log.segment.size.max = 1048576 (custom)
2019-09-26 10:41:16,417 [pool-47-thread-1] INFO  server.RaftServerConfigKeys (ConfUtils.java:logGet(43)) - raft.server.log.preallocated.size = 16384 (custom)
2019-09-26 10:41:16,417 [pool-47-thread-1] INFO  server.RaftServerConfigKeys (ConfUtils.java:logGet(43)) - raft.server.log.write.buffer.size = 33554432 (custom)
2019-09-26 10:41:16,417 [pool-47-thread-1] INFO  server.RaftServerConfigKeys (ConfUtils.java:logGet(43)) - raft.server.log.force.sync.num = 128 (default)
2019-09-26 10:41:16,417 [pool-47-thread-1] INFO  server.RaftServerConfigKeys (ConfUtils.java:logGet(43)) - raft.server.log.statemachine.data.sync = true (default)
2019-09-26 10:41:16,418 [pool-47-thread-1] INFO  server.RaftServerConfigKeys (ConfUtils.java:logGet(43)) - raft.server.log.statemachine.data.sync.timeout = 10s (default)
2019-09-26 10:41:16,418 [pool-47-thread-1] INFO  server.RaftServerConfigKeys (ConfUtils.java:logGet(43)) - raft.server.log.statemachine.data.sync.timeout.retry = -1 (default)
2019-09-26 10:41:16,418 [pool-47-thread-1] INFO  server.RaftServerConfigKeys (ConfUtils.java:logGet(43)) - raft.server.log.statemachine.data.caching.enabled = true (custom)
2019-09-26 10:41:16,418 [pool-47-thread-1] INFO  segmented.SegmentedRaftLogWorker (SegmentedRaftLogWorker.java:lambda$new$0(132)) - 54dcae81-dbd9-40b6-afc3-8b9ef3945f08@group-FFCE1CBE7B48-SegmentedRaftLogWorker: flushIndex: setUnconditionally 0 -> -1
2019-09-26 10:41:16,419 [pool-47-thread-1] INFO  server.RaftServerConfigKeys (ConfUtils.java:logGet(43)) - raft.server.snapshot.auto.trigger.enabled = true (custom)
2019-09-26 10:41:16,419 [pool-47-thread-1] INFO  server.RaftServerConfigKeys (ConfUtils.java:logGet(43)) - raft.server.snapshot.auto.trigger.threshold = 10000 (custom)
2019-09-26 10:41:16,419 [pool-47-thread-1] INFO  server.RaftServerConfigKeys (ConfUtils.java:logGet(43)) - raft.server.snapshot.retention.num.files = 5 (custom)
2019-09-26 10:41:16,419 [pool-47-thread-1] INFO  server.RaftServerConfigKeys (ConfUtils.java:logGet(43)) - raft.server.retrycache.expirytime = 600000ms (custom)
2019-09-26 10:41:16,422 [pool-47-thread-1] INFO  impl.RaftServerImpl (RaftServerImpl.java:start(185)) - 54dcae81-dbd9-40b6-afc3-8b9ef3945f08@group-FFCE1CBE7B48: start as a follower, conf=-1: [54dcae81-dbd9-40b6-afc3-8b9ef3945f08:192.168.30.13:42120], old=null
2019-09-26 10:41:16,422 [pool-47-thread-1] INFO  impl.RaftServerImpl (RaftServerImpl.java:setRole(174)) - 54dcae81-dbd9-40b6-afc3-8b9ef3945f08@group-FFCE1CBE7B48: changes role from      null to FOLLOWER at term 0 for startAsFollower
2019-09-26 10:41:16,423 [pool-47-thread-1] INFO  impl.RoleInfo (RoleInfo.java:updateAndGet(143)) - 54dcae81-dbd9-40b6-afc3-8b9ef3945f08: start FollowerState
2019-09-26 10:41:16,423 [pool-47-thread-1] INFO  util.JmxRegister (JmxRegister.java:tryRegister(44)) - Successfully registered JMX Bean with object name Ratis:service=RaftServer,group=group-FFCE1CBE7B48,id=54dcae81-dbd9-40b6-afc3-8b9ef3945f08
2019-09-26 10:41:16,435 [RatisPipelineUtilsThread] INFO  pipeline.PipelineStateManager (PipelineStateManager.java:addPipeline(56)) - Created pipeline Pipeline[ Id: a18e33b4-1a4a-4af8-b3b0-ffce1cbe7b48, Nodes: 54dcae81-dbd9-40b6-afc3-8b9ef3945f08{ip: 192.168.30.13, host: pr-hdds-1569-wvzgm-824869521, networkLocation: /default-rack, certSerialId: null}, Type:RATIS, Factor:ONE, State:OPEN]
2019-09-26 10:41:16,435 [RatisPipelineUtilsThread] INFO  pipeline.PipelinePlacementPolicy (PipelinePlacementPolicy.java:meetCriteria(91)) - Pipeline Placement: can't place more pipeline on heavy datanode： 54dcae81-dbd9-40b6-afc3-8b9ef3945f08 Heaviness: 6 limit: 5
2019-09-26 10:41:16,449 [grpc-default-executor-0] INFO  impl.RaftServerProxy (RaftServerProxy.java:addNew(89)) - 68b23fe9-fcf3-4ca6-9530-99b3113ca78f: addNew group-199D35C1490C:[68b23fe9-fcf3-4ca6-9530-99b3113ca78f:192.168.30.13:41435] returns group-199D35C1490C:java.util.concurrent.CompletableFuture@553fb34d[Not completed]
2019-09-26 10:41:16,451 [pool-37-thread-1] INFO  impl.RaftServerImpl (RaftServerImpl.java:<init>(95)) - 68b23fe9-fcf3-4ca6-9530-99b3113ca78f: new RaftServerImpl for group-199D35C1490C:[68b23fe9-fcf3-4ca6-9530-99b3113ca78f:192.168.30.13:41435] with ContainerStateMachine:uninitialized
2019-09-26 10:41:16,452 [pool-37-thread-1] INFO  server.RaftServerConfigKeys (ConfUtils.java:logGet(43)) - raft.server.rpc.timeout.min = 5s (custom)
2019-09-26 10:41:16,452 [pool-37-thread-1] INFO  server.RaftServerConfigKeys (ConfUtils.java:logGet(43)) - raft.server.rpc.timeout.max = 5200ms (custom)
2019-09-26 10:41:16,452 [pool-37-thread-1] INFO  server.RaftServerConfigKeys (ConfUtils.java:logGet(43)) - raft.server.rpcslowness.timeout = 120s (custom)
2019-09-26 10:41:16,452 [pool-37-thread-1] INFO  server.RaftServerConfigKeys (ConfUtils.java:logGet(43)) - raft.server.sleep.deviation.threshold = 300 (default)
2019-09-26 10:41:16,453 [pool-37-thread-1] INFO  server.RaftServerConfigKeys (ConfUtils.java:logGet(43)) - raft.server.log.appender.install.snapshot.enabled = false (custom)
2019-09-26 10:41:16,453 [pool-37-thread-1] INFO  impl.RaftServerImpl (ServerState.java:<init>(103)) - 68b23fe9-fcf3-4ca6-9530-99b3113ca78f@group-199D35C1490C: ConfigurationManager, init=-1: [68b23fe9-fcf3-4ca6-9530-99b3113ca78f:192.168.30.13:41435], old=null, confs=<EMPTY_MAP>
2019-09-26 10:41:16,453 [pool-37-thread-1] INFO  server.RaftServerConfigKeys (ConfUtils.java:logGet(43)) - raft.server.storage.dir = [/workdir/hadoop-ozone/integration-test/target/test-dir/MiniOzoneClusterImpl-874991c5-7d1a-4345-b538-2cfa836e270f/datanode-1/data/ratis] (custom)
2019-09-26 10:41:16,454 [pool-37-thread-1] INFO  storage.RaftStorageDirectory (RaftStorageDirectory.java:analyzeStorage(246)) - The storage directory /workdir/hadoop-ozone/integration-test/target/test-dir/MiniOzoneClusterImpl-874991c5-7d1a-4345-b538-2cfa836e270f/datanode-1/data/ratis/25ded6f8-e88a-4711-b401-199d35c1490c does not exist. Creating ...
2019-09-26 10:41:16,467 [pool-37-thread-1] INFO  storage.RaftStorageDirectory (RaftStorageDirectory.java:tryLock(328)) - Lock on /workdir/hadoop-ozone/integration-test/target/test-dir/MiniOzoneClusterImpl-874991c5-7d1a-4345-b538-2cfa836e270f/datanode-1/data/ratis/25ded6f8-e88a-4711-b401-199d35c1490c/in_use.lock acquired by nodename 10232@pr-hdds-1569-wvzgm-824869521
2019-09-26 10:41:16,481 [pool-37-thread-1] INFO  storage.RaftStorage (RaftStorage.java:format(72)) - Storage directory /workdir/hadoop-ozone/integration-test/target/test-dir/MiniOzoneClusterImpl-874991c5-7d1a-4345-b538-2cfa836e270f/datanode-1/data/ratis/25ded6f8-e88a-4711-b401-199d35c1490c has been successfully formatted.
2019-09-26 10:41:16,481 [pool-37-thread-1] INFO  ratis.ContainerStateMachine (ContainerStateMachine.java:loadSnapshot(230)) - group-199D35C1490C: The snapshot info is null. Setting the last applied indexto:(t:0, i:~)
2019-09-26 10:41:16,482 [pool-37-thread-1] INFO  server.RaftServerConfigKeys (ConfUtils.java:logGet(43)) - raft.server.notification.no-leader.timeout = 120s (custom)
2019-09-26 10:41:16,482 [pool-37-thread-1] INFO  server.RaftServerConfigKeys (ConfUtils.java:logGet(43)) - raft.server.log.use.memory = false (default)
2019-09-26 10:41:16,482 [pool-37-thread-1] INFO  server.RaftServerConfigKeys (ConfUtils.java:logGet(43)) - raft.server.log.purge.gap = 1000000 (custom)
2019-09-26 10:41:16,482 [pool-37-thread-1] INFO  server.RaftServerConfigKeys (ConfUtils.java:logGet(43)) - raft.server.log.appender.buffer.byte-limit = 33554432 (custom)
2019-09-26 10:41:16,483 [pool-37-thread-1] INFO  server.RaftServerConfigKeys (ConfUtils.java:logGet(43)) - raft.server.log.segment.size.max = 1048576 (custom)
2019-09-26 10:41:16,483 [pool-37-thread-1] INFO  server.RaftServerConfigKeys (ConfUtils.java:logGet(43)) - raft.server.log.segment.cache.num.max = 2 (custom)
2019-09-26 10:41:16,483 [pool-37-thread-1] INFO  segmented.SegmentedRaftLogWorker (SegmentedRaftLogWorker.java:<init>(172)) - new 68b23fe9-fcf3-4ca6-9530-99b3113ca78f@group-199D35C1490C-SegmentedRaftLogWorker for RaftStorage:Storage Directory /workdir/hadoop-ozone/integration-test/target/test-dir/MiniOzoneClusterImpl-874991c5-7d1a-4345-b538-2cfa836e270f/datanode-1/data/ratis/25ded6f8-e88a-4711-b401-199d35c1490c
2019-09-26 10:41:16,483 [pool-37-thread-1] INFO  server.RaftServerConfigKeys (ConfUtils.java:logGet(43)) - raft.server.log.queue.byte-limit = 2147483647 (custom)
2019-09-26 10:41:16,484 [pool-37-thread-1] INFO  server.RaftServerConfigKeys (ConfUtils.java:logGet(43)) - raft.server.log.queue.element-limit = 1024 (custom)
2019-09-26 10:41:16,484 [pool-37-thread-1] INFO  server.RaftServerConfigKeys (ConfUtils.java:logGet(43)) - raft.server.log.segment.size.max = 1048576 (custom)
2019-09-26 10:41:16,484 [pool-37-thread-1] INFO  server.RaftServerConfigKeys (ConfUtils.java:logGet(43)) - raft.server.log.preallocated.size = 16384 (custom)
2019-09-26 10:41:16,484 [pool-37-thread-1] INFO  server.RaftServerConfigKeys (ConfUtils.java:logGet(43)) - raft.server.log.write.buffer.size = 33554432 (custom)
2019-09-26 10:41:16,485 [pool-37-thread-1] INFO  server.RaftServerConfigKeys (ConfUtils.java:logGet(43)) - raft.server.log.force.sync.num = 128 (default)
2019-09-26 10:41:16,485 [pool-37-thread-1] INFO  server.RaftServerConfigKeys (ConfUtils.java:logGet(43)) - raft.server.log.statemachine.data.sync = true (default)
2019-09-26 10:41:16,485 [pool-37-thread-1] INFO  server.RaftServerConfigKeys (ConfUtils.java:logGet(43)) - raft.server.log.statemachine.data.sync.timeout = 10s (default)
2019-09-26 10:41:16,485 [pool-37-thread-1] INFO  server.RaftServerConfigKeys (ConfUtils.java:logGet(43)) - raft.server.log.statemachine.data.sync.timeout.retry = -1 (default)
2019-09-26 10:41:16,486 [pool-37-thread-1] INFO  server.RaftServerConfigKeys (ConfUtils.java:logGet(43)) - raft.server.log.statemachine.data.caching.enabled = true (custom)
2019-09-26 10:41:16,486 [pool-37-thread-1] INFO  segmented.SegmentedRaftLogWorker (SegmentedRaftLogWorker.java:lambda$new$0(132)) - 68b23fe9-fcf3-4ca6-9530-99b3113ca78f@group-199D35C1490C-SegmentedRaftLogWorker: flushIndex: setUnconditionally 0 -> -1
2019-09-26 10:41:16,487 [pool-37-thread-1] INFO  server.RaftServerConfigKeys (ConfUtils.java:logGet(43)) - raft.server.snapshot.auto.trigger.enabled = true (custom)
2019-09-26 10:41:16,487 [pool-37-thread-1] INFO  server.RaftServerConfigKeys (ConfUtils.java:logGet(43)) - raft.server.snapshot.auto.trigger.threshold = 10000 (custom)
2019-09-26 10:41:16,487 [pool-37-thread-1] INFO  server.RaftServerConfigKeys (ConfUtils.java:logGet(43)) - raft.server.snapshot.retention.num.files = 5 (custom)
2019-09-26 10:41:16,487 [pool-37-thread-1] INFO  server.RaftServerConfigKeys (ConfUtils.java:logGet(43)) - raft.server.retrycache.expirytime = 600000ms (custom)
2019-09-26 10:41:16,491 [pool-37-thread-1] INFO  impl.RaftServerImpl (RaftServerImpl.java:start(185)) - 68b23fe9-fcf3-4ca6-9530-99b3113ca78f@group-199D35C1490C: start as a follower, conf=-1: [68b23fe9-fcf3-4ca6-9530-99b3113ca78f:192.168.30.13:41435], old=null
2019-09-26 10:41:16,492 [pool-37-thread-1] INFO  impl.RaftServerImpl (RaftServerImpl.java:setRole(174)) - 68b23fe9-fcf3-4ca6-9530-99b3113ca78f@group-199D35C1490C: changes role from      null to FOLLOWER at term 0 for startAsFollower
2019-09-26 10:41:16,492 [pool-37-thread-1] INFO  impl.RoleInfo (RoleInfo.java:updateAndGet(143)) - 68b23fe9-fcf3-4ca6-9530-99b3113ca78f: start FollowerState
2019-09-26 10:41:16,492 [pool-37-thread-1] INFO  util.JmxRegister (JmxRegister.java:tryRegister(44)) - Successfully registered JMX Bean with object name Ratis:service=RaftServer,group=group-199D35C1490C,id=68b23fe9-fcf3-4ca6-9530-99b3113ca78f
2019-09-26 10:41:16,499 [RatisPipelineUtilsThread] INFO  pipeline.PipelineStateManager (PipelineStateManager.java:addPipeline(56)) - Created pipeline Pipeline[ Id: 25ded6f8-e88a-4711-b401-199d35c1490c, Nodes: 68b23fe9-fcf3-4ca6-9530-99b3113ca78f{ip: 192.168.30.13, host: pr-hdds-1569-wvzgm-824869521, networkLocation: /default-rack, certSerialId: null}, Type:RATIS, Factor:ONE, State:OPEN]
2019-09-26 10:41:16,500 [RatisPipelineUtilsThread] INFO  pipeline.PipelinePlacementPolicy (PipelinePlacementPolicy.java:meetCriteria(91)) - Pipeline Placement: can't place more pipeline on heavy datanode： 54dcae81-dbd9-40b6-afc3-8b9ef3945f08 Heaviness: 6 limit: 5
2019-09-26 10:41:16,515 [grpc-default-executor-0] INFO  impl.RaftServerProxy (RaftServerProxy.java:addNew(89)) - c54107b3-e948-418f-914e-487299d32ca0: addNew group-61B815D75128:[c54107b3-e948-418f-914e-487299d32ca0:192.168.30.13:35160] returns group-61B815D75128:java.util.concurrent.CompletableFuture@395066af[Not completed]
2019-09-26 10:41:16,516 [pool-27-thread-1] INFO  impl.RaftServerImpl (RaftServerImpl.java:<init>(95)) - c54107b3-e948-418f-914e-487299d32ca0: new RaftServerImpl for group-61B815D75128:[c54107b3-e948-418f-914e-487299d32ca0:192.168.30.13:35160] with ContainerStateMachine:uninitialized
2019-09-26 10:41:16,517 [pool-27-thread-1] INFO  server.RaftServerConfigKeys (ConfUtils.java:logGet(43)) - raft.server.rpc.timeout.min = 5s (custom)
2019-09-26 10:41:16,517 [pool-27-thread-1] INFO  server.RaftServerConfigKeys (ConfUtils.java:logGet(43)) - raft.server.rpc.timeout.max = 5200ms (custom)
2019-09-26 10:41:16,517 [pool-27-thread-1] INFO  server.RaftServerConfigKeys (ConfUtils.java:logGet(43)) - raft.server.rpcslowness.timeout = 120s (custom)
2019-09-26 10:41:16,517 [pool-27-thread-1] INFO  server.RaftServerConfigKeys (ConfUtils.java:logGet(43)) - raft.server.sleep.deviation.threshold = 300 (default)
2019-09-26 10:41:16,518 [pool-27-thread-1] INFO  server.RaftServerConfigKeys (ConfUtils.java:logGet(43)) - raft.server.log.appender.install.snapshot.enabled = false (custom)
2019-09-26 10:41:16,518 [pool-27-thread-1] INFO  impl.RaftServerImpl (ServerState.java:<init>(103)) - c54107b3-e948-418f-914e-487299d32ca0@group-61B815D75128: ConfigurationManager, init=-1: [c54107b3-e948-418f-914e-487299d32ca0:192.168.30.13:35160], old=null, confs=<EMPTY_MAP>
2019-09-26 10:41:16,518 [pool-27-thread-1] INFO  server.RaftServerConfigKeys (ConfUtils.java:logGet(43)) - raft.server.storage.dir = [/workdir/hadoop-ozone/integration-test/target/test-dir/MiniOzoneClusterImpl-874991c5-7d1a-4345-b538-2cfa836e270f/datanode-0/data/ratis] (custom)
2019-09-26 10:41:16,519 [pool-27-thread-1] INFO  storage.RaftStorageDirectory (RaftStorageDirectory.java:analyzeStorage(246)) - The storage directory /workdir/hadoop-ozone/integration-test/target/test-dir/MiniOzoneClusterImpl-874991c5-7d1a-4345-b538-2cfa836e270f/datanode-0/data/ratis/8314806d-6309-40c3-86ab-61b815d75128 does not exist. Creating ...
2019-09-26 10:41:16,532 [pool-27-thread-1] INFO  storage.RaftStorageDirectory (RaftStorageDirectory.java:tryLock(328)) - Lock on /workdir/hadoop-ozone/integration-test/target/test-dir/MiniOzoneClusterImpl-874991c5-7d1a-4345-b538-2cfa836e270f/datanode-0/data/ratis/8314806d-6309-40c3-86ab-61b815d75128/in_use.lock acquired by nodename 10232@pr-hdds-1569-wvzgm-824869521
2019-09-26 10:41:16,545 [pool-27-thread-1] INFO  storage.RaftStorage (RaftStorage.java:format(72)) - Storage directory /workdir/hadoop-ozone/integration-test/target/test-dir/MiniOzoneClusterImpl-874991c5-7d1a-4345-b538-2cfa836e270f/datanode-0/data/ratis/8314806d-6309-40c3-86ab-61b815d75128 has been successfully formatted.
2019-09-26 10:41:16,545 [pool-27-thread-1] INFO  ratis.ContainerStateMachine (ContainerStateMachine.java:loadSnapshot(230)) - group-61B815D75128: The snapshot info is null. Setting the last applied indexto:(t:0, i:~)
2019-09-26 10:41:16,546 [pool-27-thread-1] INFO  server.RaftServerConfigKeys (ConfUtils.java:logGet(43)) - raft.server.notification.no-leader.timeout = 120s (custom)
2019-09-26 10:41:16,546 [pool-27-thread-1] INFO  server.RaftServerConfigKeys (ConfUtils.java:logGet(43)) - raft.server.log.use.memory = false (default)
2019-09-26 10:41:16,546 [pool-27-thread-1] INFO  server.RaftServerConfigKeys (ConfUtils.java:logGet(43)) - raft.server.log.purge.gap = 1000000 (custom)
2019-09-26 10:41:16,546 [pool-27-thread-1] INFO  server.RaftServerConfigKeys (ConfUtils.java:logGet(43)) - raft.server.log.appender.buffer.byte-limit = 33554432 (custom)
2019-09-26 10:41:16,546 [pool-27-thread-1] INFO  server.RaftServerConfigKeys (ConfUtils.java:logGet(43)) - raft.server.log.segment.size.max = 1048576 (custom)
2019-09-26 10:41:16,547 [pool-27-thread-1] INFO  server.RaftServerConfigKeys (ConfUtils.java:logGet(43)) - raft.server.log.segment.cache.num.max = 2 (custom)
2019-09-26 10:41:16,547 [pool-27-thread-1] INFO  segmented.SegmentedRaftLogWorker (SegmentedRaftLogWorker.java:<init>(172)) - new c54107b3-e948-418f-914e-487299d32ca0@group-61B815D75128-SegmentedRaftLogWorker for RaftStorage:Storage Directory /workdir/hadoop-ozone/integration-test/target/test-dir/MiniOzoneClusterImpl-874991c5-7d1a-4345-b538-2cfa836e270f/datanode-0/data/ratis/8314806d-6309-40c3-86ab-61b815d75128
2019-09-26 10:41:16,547 [pool-27-thread-1] INFO  server.RaftServerConfigKeys (ConfUtils.java:logGet(43)) - raft.server.log.queue.byte-limit = 2147483647 (custom)
2019-09-26 10:41:16,547 [pool-27-thread-1] INFO  server.RaftServerConfigKeys (ConfUtils.java:logGet(43)) - raft.server.log.queue.element-limit = 1024 (custom)
2019-09-26 10:41:16,547 [pool-27-thread-1] INFO  server.RaftServerConfigKeys (ConfUtils.java:logGet(43)) - raft.server.log.segment.size.max = 1048576 (custom)
2019-09-26 10:41:16,547 [pool-27-thread-1] INFO  server.RaftServerConfigKeys (ConfUtils.java:logGet(43)) - raft.server.log.preallocated.size = 16384 (custom)
2019-09-26 10:41:16,548 [pool-27-thread-1] INFO  server.RaftServerConfigKeys (ConfUtils.java:logGet(43)) - raft.server.log.write.buffer.size = 33554432 (custom)
2019-09-26 10:41:16,548 [pool-27-thread-1] INFO  server.RaftServerConfigKeys (ConfUtils.java:logGet(43)) - raft.server.log.force.sync.num = 128 (default)
2019-09-26 10:41:16,548 [pool-27-thread-1] INFO  server.RaftServerConfigKeys (ConfUtils.java:logGet(43)) - raft.server.log.statemachine.data.sync = true (default)
2019-09-26 10:41:16,548 [pool-27-thread-1] INFO  server.RaftServerConfigKeys (ConfUtils.java:logGet(43)) - raft.server.log.statemachine.data.sync.timeout = 10s (default)
2019-09-26 10:41:16,548 [pool-27-thread-1] INFO  server.RaftServerConfigKeys (ConfUtils.java:logGet(43)) - raft.server.log.statemachine.data.sync.timeout.retry = -1 (default)
2019-09-26 10:41:16,549 [pool-27-thread-1] INFO  server.RaftServerConfigKeys (ConfUtils.java:logGet(43)) - raft.server.log.statemachine.data.caching.enabled = true (custom)
2019-09-26 10:41:16,549 [pool-27-thread-1] INFO  segmented.SegmentedRaftLogWorker (SegmentedRaftLogWorker.java:lambda$new$0(132)) - c54107b3-e948-418f-914e-487299d32ca0@group-61B815D75128-SegmentedRaftLogWorker: flushIndex: setUnconditionally 0 -> -1
2019-09-26 10:41:16,549 [pool-27-thread-1] INFO  server.RaftServerConfigKeys (ConfUtils.java:logGet(43)) - raft.server.snapshot.auto.trigger.enabled = true (custom)
2019-09-26 10:41:16,550 [pool-27-thread-1] INFO  server.RaftServerConfigKeys (ConfUtils.java:logGet(43)) - raft.server.snapshot.auto.trigger.threshold = 10000 (custom)
2019-09-26 10:41:16,550 [pool-27-thread-1] INFO  server.RaftServerConfigKeys (ConfUtils.java:logGet(43)) - raft.server.snapshot.retention.num.files = 5 (custom)
2019-09-26 10:41:16,550 [pool-27-thread-1] INFO  server.RaftServerConfigKeys (ConfUtils.java:logGet(43)) - raft.server.retrycache.expirytime = 600000ms (custom)
2019-09-26 10:41:16,553 [pool-27-thread-1] INFO  impl.RaftServerImpl (RaftServerImpl.java:start(185)) - c54107b3-e948-418f-914e-487299d32ca0@group-61B815D75128: start as a follower, conf=-1: [c54107b3-e948-418f-914e-487299d32ca0:192.168.30.13:35160], old=null
2019-09-26 10:41:16,553 [pool-27-thread-1] INFO  impl.RaftServerImpl (RaftServerImpl.java:setRole(174)) - c54107b3-e948-418f-914e-487299d32ca0@group-61B815D75128: changes role from      null to FOLLOWER at term 0 for startAsFollower
2019-09-26 10:41:16,554 [pool-27-thread-1] INFO  impl.RoleInfo (RoleInfo.java:updateAndGet(143)) - c54107b3-e948-418f-914e-487299d32ca0: start FollowerState
2019-09-26 10:41:16,554 [pool-27-thread-1] INFO  util.JmxRegister (JmxRegister.java:tryRegister(44)) - Successfully registered JMX Bean with object name Ratis:service=RaftServer,group=group-61B815D75128,id=c54107b3-e948-418f-914e-487299d32ca0
2019-09-26 10:41:16,565 [RatisPipelineUtilsThread] INFO  pipeline.PipelineStateManager (PipelineStateManager.java:addPipeline(56)) - Created pipeline Pipeline[ Id: 8314806d-6309-40c3-86ab-61b815d75128, Nodes: c54107b3-e948-418f-914e-487299d32ca0{ip: 192.168.30.13, host: pr-hdds-1569-wvzgm-824869521, networkLocation: /default-rack, certSerialId: null}, Type:RATIS, Factor:ONE, State:OPEN]
2019-09-26 10:41:16,565 [RatisPipelineUtilsThread] INFO  pipeline.PipelinePlacementPolicy (PipelinePlacementPolicy.java:meetCriteria(91)) - Pipeline Placement: can't place more pipeline on heavy datanode： 54dcae81-dbd9-40b6-afc3-8b9ef3945f08 Heaviness: 6 limit: 5
2019-09-26 10:41:16,585 [grpc-default-executor-0] INFO  impl.RaftServerProxy (RaftServerProxy.java:addNew(89)) - c54107b3-e948-418f-914e-487299d32ca0: addNew group-C51ADDCA015C:[c54107b3-e948-418f-914e-487299d32ca0:192.168.30.13:35160] returns group-C51ADDCA015C:java.util.concurrent.CompletableFuture@5575d776[Not completed]
2019-09-26 10:41:16,587 [pool-27-thread-1] INFO  impl.RaftServerImpl (RaftServerImpl.java:<init>(95)) - c54107b3-e948-418f-914e-487299d32ca0: new RaftServerImpl for group-C51ADDCA015C:[c54107b3-e948-418f-914e-487299d32ca0:192.168.30.13:35160] with ContainerStateMachine:uninitialized
2019-09-26 10:41:16,587 [pool-27-thread-1] INFO  server.RaftServerConfigKeys (ConfUtils.java:logGet(43)) - raft.server.rpc.timeout.min = 5s (custom)
2019-09-26 10:41:16,587 [pool-27-thread-1] INFO  server.RaftServerConfigKeys (ConfUtils.java:logGet(43)) - raft.server.rpc.timeout.max = 5200ms (custom)
2019-09-26 10:41:16,587 [pool-27-thread-1] INFO  server.RaftServerConfigKeys (ConfUtils.java:logGet(43)) - raft.server.rpcslowness.timeout = 120s (custom)
2019-09-26 10:41:16,588 [pool-27-thread-1] INFO  server.RaftServerConfigKeys (ConfUtils.java:logGet(43)) - raft.server.sleep.deviation.threshold = 300 (default)
2019-09-26 10:41:16,588 [pool-27-thread-1] INFO  server.RaftServerConfigKeys (ConfUtils.java:logGet(43)) - raft.server.log.appender.install.snapshot.enabled = false (custom)
2019-09-26 10:41:16,588 [pool-27-thread-1] INFO  impl.RaftServerImpl (ServerState.java:<init>(103)) - c54107b3-e948-418f-914e-487299d32ca0@group-C51ADDCA015C: ConfigurationManager, init=-1: [c54107b3-e948-418f-914e-487299d32ca0:192.168.30.13:35160], old=null, confs=<EMPTY_MAP>
2019-09-26 10:41:16,588 [pool-27-thread-1] INFO  server.RaftServerConfigKeys (ConfUtils.java:logGet(43)) - raft.server.storage.dir = [/workdir/hadoop-ozone/integration-test/target/test-dir/MiniOzoneClusterImpl-874991c5-7d1a-4345-b538-2cfa836e270f/datanode-0/data/ratis] (custom)
2019-09-26 10:41:16,589 [pool-27-thread-1] INFO  storage.RaftStorageDirectory (RaftStorageDirectory.java:analyzeStorage(246)) - The storage directory /workdir/hadoop-ozone/integration-test/target/test-dir/MiniOzoneClusterImpl-874991c5-7d1a-4345-b538-2cfa836e270f/datanode-0/data/ratis/c4cef73b-62a0-417f-83fd-c51addca015c does not exist. Creating ...
2019-09-26 10:41:16,602 [pool-27-thread-1] INFO  storage.RaftStorageDirectory (RaftStorageDirectory.java:tryLock(328)) - Lock on /workdir/hadoop-ozone/integration-test/target/test-dir/MiniOzoneClusterImpl-874991c5-7d1a-4345-b538-2cfa836e270f/datanode-0/data/ratis/c4cef73b-62a0-417f-83fd-c51addca015c/in_use.lock acquired by nodename 10232@pr-hdds-1569-wvzgm-824869521
2019-09-26 10:41:16,619 [pool-27-thread-1] INFO  storage.RaftStorage (RaftStorage.java:format(72)) - Storage directory /workdir/hadoop-ozone/integration-test/target/test-dir/MiniOzoneClusterImpl-874991c5-7d1a-4345-b538-2cfa836e270f/datanode-0/data/ratis/c4cef73b-62a0-417f-83fd-c51addca015c has been successfully formatted.
2019-09-26 10:41:16,619 [pool-27-thread-1] INFO  ratis.ContainerStateMachine (ContainerStateMachine.java:loadSnapshot(230)) - group-C51ADDCA015C: The snapshot info is null. Setting the last applied indexto:(t:0, i:~)
2019-09-26 10:41:16,620 [pool-27-thread-1] INFO  server.RaftServerConfigKeys (ConfUtils.java:logGet(43)) - raft.server.notification.no-leader.timeout = 120s (custom)
2019-09-26 10:41:16,620 [pool-27-thread-1] INFO  server.RaftServerConfigKeys (ConfUtils.java:logGet(43)) - raft.server.log.use.memory = false (default)
2019-09-26 10:41:16,620 [pool-27-thread-1] INFO  server.RaftServerConfigKeys (ConfUtils.java:logGet(43)) - raft.server.log.purge.gap = 1000000 (custom)
2019-09-26 10:41:16,620 [pool-27-thread-1] INFO  server.RaftServerConfigKeys (ConfUtils.java:logGet(43)) - raft.server.log.appender.buffer.byte-limit = 33554432 (custom)
2019-09-26 10:41:16,620 [pool-27-thread-1] INFO  server.RaftServerConfigKeys (ConfUtils.java:logGet(43)) - raft.server.log.segment.size.max = 1048576 (custom)
2019-09-26 10:41:16,621 [pool-27-thread-1] INFO  server.RaftServerConfigKeys (ConfUtils.java:logGet(43)) - raft.server.log.segment.cache.num.max = 2 (custom)
2019-09-26 10:41:16,621 [pool-27-thread-1] INFO  segmented.SegmentedRaftLogWorker (SegmentedRaftLogWorker.java:<init>(172)) - new c54107b3-e948-418f-914e-487299d32ca0@group-C51ADDCA015C-SegmentedRaftLogWorker for RaftStorage:Storage Directory /workdir/hadoop-ozone/integration-test/target/test-dir/MiniOzoneClusterImpl-874991c5-7d1a-4345-b538-2cfa836e270f/datanode-0/data/ratis/c4cef73b-62a0-417f-83fd-c51addca015c
2019-09-26 10:41:16,621 [pool-27-thread-1] INFO  server.RaftServerConfigKeys (ConfUtils.java:logGet(43)) - raft.server.log.queue.byte-limit = 2147483647 (custom)
2019-09-26 10:41:16,621 [pool-27-thread-1] INFO  server.RaftServerConfigKeys (ConfUtils.java:logGet(43)) - raft.server.log.queue.element-limit = 1024 (custom)
2019-09-26 10:41:16,621 [pool-27-thread-1] INFO  server.RaftServerConfigKeys (ConfUtils.java:logGet(43)) - raft.server.log.segment.size.max = 1048576 (custom)
2019-09-26 10:41:16,622 [pool-27-thread-1] INFO  server.RaftServerConfigKeys (ConfUtils.java:logGet(43)) - raft.server.log.preallocated.size = 16384 (custom)
2019-09-26 10:41:16,622 [pool-27-thread-1] INFO  server.RaftServerConfigKeys (ConfUtils.java:logGet(43)) - raft.server.log.write.buffer.size = 33554432 (custom)
2019-09-26 10:41:16,622 [pool-27-thread-1] INFO  server.RaftServerConfigKeys (ConfUtils.java:logGet(43)) - raft.server.log.force.sync.num = 128 (default)
2019-09-26 10:41:16,622 [pool-27-thread-1] INFO  server.RaftServerConfigKeys (ConfUtils.java:logGet(43)) - raft.server.log.statemachine.data.sync = true (default)
2019-09-26 10:41:16,622 [pool-27-thread-1] INFO  server.RaftServerConfigKeys (ConfUtils.java:logGet(43)) - raft.server.log.statemachine.data.sync.timeout = 10s (default)
2019-09-26 10:41:16,622 [pool-27-thread-1] INFO  server.RaftServerConfigKeys (ConfUtils.java:logGet(43)) - raft.server.log.statemachine.data.sync.timeout.retry = -1 (default)
2019-09-26 10:41:16,623 [pool-27-thread-1] INFO  server.RaftServerConfigKeys (ConfUtils.java:logGet(43)) - raft.server.log.statemachine.data.caching.enabled = true (custom)
2019-09-26 10:41:16,623 [pool-27-thread-1] INFO  segmented.SegmentedRaftLogWorker (SegmentedRaftLogWorker.java:lambda$new$0(132)) - c54107b3-e948-418f-914e-487299d32ca0@group-C51ADDCA015C-SegmentedRaftLogWorker: flushIndex: setUnconditionally 0 -> -1
2019-09-26 10:41:16,624 [pool-27-thread-1] INFO  server.RaftServerConfigKeys (ConfUtils.java:logGet(43)) - raft.server.snapshot.auto.trigger.enabled = true (custom)
2019-09-26 10:41:16,625 [pool-27-thread-1] INFO  server.RaftServerConfigKeys (ConfUtils.java:logGet(43)) - raft.server.snapshot.auto.trigger.threshold = 10000 (custom)
2019-09-26 10:41:16,625 [pool-27-thread-1] INFO  server.RaftServerConfigKeys (ConfUtils.java:logGet(43)) - raft.server.snapshot.retention.num.files = 5 (custom)
2019-09-26 10:41:16,625 [pool-27-thread-1] INFO  server.RaftServerConfigKeys (ConfUtils.java:logGet(43)) - raft.server.retrycache.expirytime = 600000ms (custom)
2019-09-26 10:41:16,629 [pool-27-thread-1] INFO  impl.RaftServerImpl (RaftServerImpl.java:start(185)) - c54107b3-e948-418f-914e-487299d32ca0@group-C51ADDCA015C: start as a follower, conf=-1: [c54107b3-e948-418f-914e-487299d32ca0:192.168.30.13:35160], old=null
2019-09-26 10:41:16,629 [pool-27-thread-1] INFO  impl.RaftServerImpl (RaftServerImpl.java:setRole(174)) - c54107b3-e948-418f-914e-487299d32ca0@group-C51ADDCA015C: changes role from      null to FOLLOWER at term 0 for startAsFollower
2019-09-26 10:41:16,629 [pool-27-thread-1] INFO  impl.RoleInfo (RoleInfo.java:updateAndGet(143)) - c54107b3-e948-418f-914e-487299d32ca0: start FollowerState
2019-09-26 10:41:16,629 [pool-27-thread-1] INFO  util.JmxRegister (JmxRegister.java:tryRegister(44)) - Successfully registered JMX Bean with object name Ratis:service=RaftServer,group=group-C51ADDCA015C,id=c54107b3-e948-418f-914e-487299d32ca0
2019-09-26 10:41:16,635 [RatisPipelineUtilsThread] INFO  pipeline.PipelineStateManager (PipelineStateManager.java:addPipeline(56)) - Created pipeline Pipeline[ Id: c4cef73b-62a0-417f-83fd-c51addca015c, Nodes: c54107b3-e948-418f-914e-487299d32ca0{ip: 192.168.30.13, host: pr-hdds-1569-wvzgm-824869521, networkLocation: /default-rack, certSerialId: null}, Type:RATIS, Factor:ONE, State:OPEN]
2019-09-26 10:41:16,635 [RatisPipelineUtilsThread] INFO  pipeline.PipelinePlacementPolicy (PipelinePlacementPolicy.java:meetCriteria(91)) - Pipeline Placement: can't place more pipeline on heavy datanode： 54dcae81-dbd9-40b6-afc3-8b9ef3945f08 Heaviness: 6 limit: 5
2019-09-26 10:41:16,635 [RatisPipelineUtilsThread] INFO  pipeline.PipelinePlacementPolicy (PipelinePlacementPolicy.java:meetCriteria(91)) - Pipeline Placement: can't place more pipeline on heavy datanode： c54107b3-e948-418f-914e-487299d32ca0 Heaviness: 6 limit: 5
2019-09-26 10:41:16,646 [grpc-default-executor-0] INFO  impl.RaftServerProxy (RaftServerProxy.java:addNew(89)) - 68b23fe9-fcf3-4ca6-9530-99b3113ca78f: addNew group-D0253DDA4733:[68b23fe9-fcf3-4ca6-9530-99b3113ca78f:192.168.30.13:41435] returns group-D0253DDA4733:java.util.concurrent.CompletableFuture@16de3461[Not completed]
2019-09-26 10:41:16,648 [pool-37-thread-1] INFO  impl.RaftServerImpl (RaftServerImpl.java:<init>(95)) - 68b23fe9-fcf3-4ca6-9530-99b3113ca78f: new RaftServerImpl for group-D0253DDA4733:[68b23fe9-fcf3-4ca6-9530-99b3113ca78f:192.168.30.13:41435] with ContainerStateMachine:uninitialized
2019-09-26 10:41:16,648 [pool-37-thread-1] INFO  server.RaftServerConfigKeys (ConfUtils.java:logGet(43)) - raft.server.rpc.timeout.min = 5s (custom)
2019-09-26 10:41:16,648 [pool-37-thread-1] INFO  server.RaftServerConfigKeys (ConfUtils.java:logGet(43)) - raft.server.rpc.timeout.max = 5200ms (custom)
2019-09-26 10:41:16,648 [pool-37-thread-1] INFO  server.RaftServerConfigKeys (ConfUtils.java:logGet(43)) - raft.server.rpcslowness.timeout = 120s (custom)
2019-09-26 10:41:16,649 [pool-37-thread-1] INFO  server.RaftServerConfigKeys (ConfUtils.java:logGet(43)) - raft.server.sleep.deviation.threshold = 300 (default)
2019-09-26 10:41:16,649 [pool-37-thread-1] INFO  server.RaftServerConfigKeys (ConfUtils.java:logGet(43)) - raft.server.log.appender.install.snapshot.enabled = false (custom)
2019-09-26 10:41:16,649 [pool-37-thread-1] INFO  impl.RaftServerImpl (ServerState.java:<init>(103)) - 68b23fe9-fcf3-4ca6-9530-99b3113ca78f@group-D0253DDA4733: ConfigurationManager, init=-1: [68b23fe9-fcf3-4ca6-9530-99b3113ca78f:192.168.30.13:41435], old=null, confs=<EMPTY_MAP>
2019-09-26 10:41:16,649 [pool-37-thread-1] INFO  server.RaftServerConfigKeys (ConfUtils.java:logGet(43)) - raft.server.storage.dir = [/workdir/hadoop-ozone/integration-test/target/test-dir/MiniOzoneClusterImpl-874991c5-7d1a-4345-b538-2cfa836e270f/datanode-1/data/ratis] (custom)
2019-09-26 10:41:16,650 [pool-37-thread-1] INFO  storage.RaftStorageDirectory (RaftStorageDirectory.java:analyzeStorage(246)) - The storage directory /workdir/hadoop-ozone/integration-test/target/test-dir/MiniOzoneClusterImpl-874991c5-7d1a-4345-b538-2cfa836e270f/datanode-1/data/ratis/23670bcc-17d6-4be9-bc33-d0253dda4733 does not exist. Creating ...
2019-09-26 10:41:16,663 [pool-37-thread-1] INFO  storage.RaftStorageDirectory (RaftStorageDirectory.java:tryLock(328)) - Lock on /workdir/hadoop-ozone/integration-test/target/test-dir/MiniOzoneClusterImpl-874991c5-7d1a-4345-b538-2cfa836e270f/datanode-1/data/ratis/23670bcc-17d6-4be9-bc33-d0253dda4733/in_use.lock acquired by nodename 10232@pr-hdds-1569-wvzgm-824869521
2019-09-26 10:41:16,677 [pool-37-thread-1] INFO  storage.RaftStorage (RaftStorage.java:format(72)) - Storage directory /workdir/hadoop-ozone/integration-test/target/test-dir/MiniOzoneClusterImpl-874991c5-7d1a-4345-b538-2cfa836e270f/datanode-1/data/ratis/23670bcc-17d6-4be9-bc33-d0253dda4733 has been successfully formatted.
2019-09-26 10:41:16,677 [pool-37-thread-1] INFO  ratis.ContainerStateMachine (ContainerStateMachine.java:loadSnapshot(230)) - group-D0253DDA4733: The snapshot info is null. Setting the last applied indexto:(t:0, i:~)
2019-09-26 10:41:16,678 [pool-37-thread-1] INFO  server.RaftServerConfigKeys (ConfUtils.java:logGet(43)) - raft.server.notification.no-leader.timeout = 120s (custom)
2019-09-26 10:41:16,678 [pool-37-thread-1] INFO  server.RaftServerConfigKeys (ConfUtils.java:logGet(43)) - raft.server.log.use.memory = false (default)
2019-09-26 10:41:16,678 [pool-37-thread-1] INFO  server.RaftServerConfigKeys (ConfUtils.java:logGet(43)) - raft.server.log.purge.gap = 1000000 (custom)
2019-09-26 10:41:16,678 [pool-37-thread-1] INFO  server.RaftServerConfigKeys (ConfUtils.java:logGet(43)) - raft.server.log.appender.buffer.byte-limit = 33554432 (custom)
2019-09-26 10:41:16,678 [pool-37-thread-1] INFO  server.RaftServerConfigKeys (ConfUtils.java:logGet(43)) - raft.server.log.segment.size.max = 1048576 (custom)
2019-09-26 10:41:16,679 [pool-37-thread-1] INFO  server.RaftServerConfigKeys (ConfUtils.java:logGet(43)) - raft.server.log.segment.cache.num.max = 2 (custom)
2019-09-26 10:41:16,679 [pool-37-thread-1] INFO  segmented.SegmentedRaftLogWorker (SegmentedRaftLogWorker.java:<init>(172)) - new 68b23fe9-fcf3-4ca6-9530-99b3113ca78f@group-D0253DDA4733-SegmentedRaftLogWorker for RaftStorage:Storage Directory /workdir/hadoop-ozone/integration-test/target/test-dir/MiniOzoneClusterImpl-874991c5-7d1a-4345-b538-2cfa836e270f/datanode-1/data/ratis/23670bcc-17d6-4be9-bc33-d0253dda4733
2019-09-26 10:41:16,679 [pool-37-thread-1] INFO  server.RaftServerConfigKeys (ConfUtils.java:logGet(43)) - raft.server.log.queue.byte-limit = 2147483647 (custom)
2019-09-26 10:41:16,679 [pool-37-thread-1] INFO  server.RaftServerConfigKeys (ConfUtils.java:logGet(43)) - raft.server.log.queue.element-limit = 1024 (custom)
2019-09-26 10:41:16,679 [pool-37-thread-1] INFO  server.RaftServerConfigKeys (ConfUtils.java:logGet(43)) - raft.server.log.segment.size.max = 1048576 (custom)
2019-09-26 10:41:16,680 [pool-37-thread-1] INFO  server.RaftServerConfigKeys (ConfUtils.java:logGet(43)) - raft.server.log.preallocated.size = 16384 (custom)
2019-09-26 10:41:16,680 [pool-37-thread-1] INFO  server.RaftServerConfigKeys (ConfUtils.java:logGet(43)) - raft.server.log.write.buffer.size = 33554432 (custom)
2019-09-26 10:41:16,680 [pool-37-thread-1] INFO  server.RaftServerConfigKeys (ConfUtils.java:logGet(43)) - raft.server.log.force.sync.num = 128 (default)
2019-09-26 10:41:16,680 [pool-37-thread-1] INFO  server.RaftServerConfigKeys (ConfUtils.java:logGet(43)) - raft.server.log.statemachine.data.sync = true (default)
2019-09-26 10:41:16,680 [pool-37-thread-1] INFO  server.RaftServerConfigKeys (ConfUtils.java:logGet(43)) - raft.server.log.statemachine.data.sync.timeout = 10s (default)
2019-09-26 10:41:16,681 [pool-37-thread-1] INFO  server.RaftServerConfigKeys (ConfUtils.java:logGet(43)) - raft.server.log.statemachine.data.sync.timeout.retry = -1 (default)
2019-09-26 10:41:16,681 [pool-37-thread-1] INFO  server.RaftServerConfigKeys (ConfUtils.java:logGet(43)) - raft.server.log.statemachine.data.caching.enabled = true (custom)
2019-09-26 10:41:16,681 [pool-37-thread-1] INFO  segmented.SegmentedRaftLogWorker (SegmentedRaftLogWorker.java:lambda$new$0(132)) - 68b23fe9-fcf3-4ca6-9530-99b3113ca78f@group-D0253DDA4733-SegmentedRaftLogWorker: flushIndex: setUnconditionally 0 -> -1
2019-09-26 10:41:16,682 [pool-37-thread-1] INFO  server.RaftServerConfigKeys (ConfUtils.java:logGet(43)) - raft.server.snapshot.auto.trigger.enabled = true (custom)
2019-09-26 10:41:16,682 [pool-37-thread-1] INFO  server.RaftServerConfigKeys (ConfUtils.java:logGet(43)) - raft.server.snapshot.auto.trigger.threshold = 10000 (custom)
2019-09-26 10:41:16,682 [pool-37-thread-1] INFO  server.RaftServerConfigKeys (ConfUtils.java:logGet(43)) - raft.server.snapshot.retention.num.files = 5 (custom)
2019-09-26 10:41:16,682 [pool-37-thread-1] INFO  server.RaftServerConfigKeys (ConfUtils.java:logGet(43)) - raft.server.retrycache.expirytime = 600000ms (custom)
2019-09-26 10:41:16,687 [pool-37-thread-1] INFO  impl.RaftServerImpl (RaftServerImpl.java:start(185)) - 68b23fe9-fcf3-4ca6-9530-99b3113ca78f@group-D0253DDA4733: start as a follower, conf=-1: [68b23fe9-fcf3-4ca6-9530-99b3113ca78f:192.168.30.13:41435], old=null
2019-09-26 10:41:16,687 [pool-37-thread-1] INFO  impl.RaftServerImpl (RaftServerImpl.java:setRole(174)) - 68b23fe9-fcf3-4ca6-9530-99b3113ca78f@group-D0253DDA4733: changes role from      null to FOLLOWER at term 0 for startAsFollower
2019-09-26 10:41:16,687 [pool-37-thread-1] INFO  impl.RoleInfo (RoleInfo.java:updateAndGet(143)) - 68b23fe9-fcf3-4ca6-9530-99b3113ca78f: start FollowerState
2019-09-26 10:41:16,688 [pool-37-thread-1] INFO  util.JmxRegister (JmxRegister.java:tryRegister(44)) - Successfully registered JMX Bean with object name Ratis:service=RaftServer,group=group-D0253DDA4733,id=68b23fe9-fcf3-4ca6-9530-99b3113ca78f
2019-09-26 10:41:16,693 [RatisPipelineUtilsThread] INFO  pipeline.PipelineStateManager (PipelineStateManager.java:addPipeline(56)) - Created pipeline Pipeline[ Id: 23670bcc-17d6-4be9-bc33-d0253dda4733, Nodes: 68b23fe9-fcf3-4ca6-9530-99b3113ca78f{ip: 192.168.30.13, host: pr-hdds-1569-wvzgm-824869521, networkLocation: /default-rack, certSerialId: null}, Type:RATIS, Factor:ONE, State:OPEN]
2019-09-26 10:41:16,693 [RatisPipelineUtilsThread] INFO  pipeline.PipelinePlacementPolicy (PipelinePlacementPolicy.java:meetCriteria(91)) - Pipeline Placement: can't place more pipeline on heavy datanode： 54dcae81-dbd9-40b6-afc3-8b9ef3945f08 Heaviness: 6 limit: 5
2019-09-26 10:41:16,694 [RatisPipelineUtilsThread] INFO  pipeline.PipelinePlacementPolicy (PipelinePlacementPolicy.java:meetCriteria(91)) - Pipeline Placement: can't place more pipeline on heavy datanode： c54107b3-e948-418f-914e-487299d32ca0 Heaviness: 6 limit: 5
2019-09-26 10:41:16,694 [RatisPipelineUtilsThread] INFO  pipeline.PipelinePlacementPolicy (PipelinePlacementPolicy.java:meetCriteria(91)) - Pipeline Placement: can't place more pipeline on heavy datanode： 68b23fe9-fcf3-4ca6-9530-99b3113ca78f Heaviness: 6 limit: 5
2019-09-26 10:41:16,694 [RatisPipelineUtilsThread] ERROR pipeline.PipelinePlacementPolicy (PipelinePlacementPolicy.java:filterViableNodes(148)) - Unable to find enough nodes that meet the criteria that cannot engage in more than 5 pipelines. Nodes required: 1 Found: 0, healthy nodes count inNodeManager: 3.
2019-09-26 10:41:16,697 [RatisPipelineUtilsThread] ERROR pipeline.SCMPipelineManager (SCMPipelineManager.java:createPipeline(167)) - Pipeline creation failed.
org.apache.hadoop.hdds.scm.exceptions.SCMException: Unable to find enough nodes that meet the criteria that cannot engage in more than 5 pipelines. Nodes required: 1 Found: 0, healthy nodes count inNodeManager: 3.
	at org.apache.hadoop.hdds.scm.pipeline.PipelinePlacementPolicy.filterViableNodes(PipelinePlacementPolicy.java:149)
	at org.apache.hadoop.hdds.scm.pipeline.PipelinePlacementPolicy.chooseDatanodes(PipelinePlacementPolicy.java:172)
	at org.apache.hadoop.hdds.scm.pipeline.RatisPipelineProvider.create(RatisPipelineProvider.java:93)
	at org.apache.hadoop.hdds.scm.pipeline.PipelineFactory.create(PipelineFactory.java:58)
	at org.apache.hadoop.hdds.scm.pipeline.SCMPipelineManager.createPipeline(SCMPipelineManager.java:155)
	at org.apache.hadoop.hdds.scm.pipeline.BackgroundPipelineCreator.createPipelines(BackgroundPipelineCreator.java:99)
	at java.util.concurrent.Executors$RunnableAdapter.call(Executors.java:511)
	at java.util.concurrent.FutureTask.run(FutureTask.java:266)
	at java.util.concurrent.ScheduledThreadPoolExecutor$ScheduledFutureTask.access$201(ScheduledThreadPoolExecutor.java:180)
	at java.util.concurrent.ScheduledThreadPoolExecutor$ScheduledFutureTask.run(ScheduledThreadPoolExecutor.java:293)
	at java.util.concurrent.ThreadPoolExecutor.runWorker(ThreadPoolExecutor.java:1149)
	at java.util.concurrent.ThreadPoolExecutor$Worker.run(ThreadPoolExecutor.java:624)
	at java.lang.Thread.run(Thread.java:748)
2019-09-26 10:41:16,700 [RatisPipelineUtilsThread] INFO  pipeline.PipelinePlacementPolicy (PipelinePlacementPolicy.java:meetCriteria(91)) - Pipeline Placement: can't place more pipeline on heavy datanode： 54dcae81-dbd9-40b6-afc3-8b9ef3945f08 Heaviness: 6 limit: 5
2019-09-26 10:41:16,700 [RatisPipelineUtilsThread] INFO  pipeline.PipelinePlacementPolicy (PipelinePlacementPolicy.java:meetCriteria(91)) - Pipeline Placement: can't place more pipeline on heavy datanode： c54107b3-e948-418f-914e-487299d32ca0 Heaviness: 6 limit: 5
2019-09-26 10:41:16,700 [RatisPipelineUtilsThread] INFO  pipeline.PipelinePlacementPolicy (PipelinePlacementPolicy.java:meetCriteria(91)) - Pipeline Placement: can't place more pipeline on heavy datanode： 68b23fe9-fcf3-4ca6-9530-99b3113ca78f Heaviness: 6 limit: 5
2019-09-26 10:41:16,701 [RatisPipelineUtilsThread] ERROR pipeline.PipelinePlacementPolicy (PipelinePlacementPolicy.java:filterViableNodes(148)) - Unable to find enough nodes that meet the criteria that cannot engage in more than 5 pipelines. Nodes required: 3 Found: 0, healthy nodes count inNodeManager: 3.
2019-09-26 10:41:16,701 [RatisPipelineUtilsThread] ERROR pipeline.SCMPipelineManager (SCMPipelineManager.java:createPipeline(167)) - Pipeline creation failed.
org.apache.hadoop.hdds.scm.exceptions.SCMException: Unable to find enough nodes that meet the criteria that cannot engage in more than 5 pipelines. Nodes required: 3 Found: 0, healthy nodes count inNodeManager: 3.
	at org.apache.hadoop.hdds.scm.pipeline.PipelinePlacementPolicy.filterViableNodes(PipelinePlacementPolicy.java:149)
	at org.apache.hadoop.hdds.scm.pipeline.PipelinePlacementPolicy.chooseDatanodes(PipelinePlacementPolicy.java:172)
	at org.apache.hadoop.hdds.scm.pipeline.RatisPipelineProvider.create(RatisPipelineProvider.java:93)
	at org.apache.hadoop.hdds.scm.pipeline.PipelineFactory.create(PipelineFactory.java:58)
	at org.apache.hadoop.hdds.scm.pipeline.SCMPipelineManager.createPipeline(SCMPipelineManager.java:155)
	at org.apache.hadoop.hdds.scm.pipeline.BackgroundPipelineCreator.createPipelines(BackgroundPipelineCreator.java:99)
	at java.util.concurrent.Executors$RunnableAdapter.call(Executors.java:511)
	at java.util.concurrent.FutureTask.run(FutureTask.java:266)
	at java.util.concurrent.ScheduledThreadPoolExecutor$ScheduledFutureTask.access$201(ScheduledThreadPoolExecutor.java:180)
	at java.util.concurrent.ScheduledThreadPoolExecutor$ScheduledFutureTask.run(ScheduledThreadPoolExecutor.java:293)
	at java.util.concurrent.ThreadPoolExecutor.runWorker(ThreadPoolExecutor.java:1149)
	at java.util.concurrent.ThreadPoolExecutor$Worker.run(ThreadPoolExecutor.java:624)
	at java.lang.Thread.run(Thread.java:748)
2019-09-26 10:41:16,702 [main] INFO  pipeline.PipelinePlacementPolicy (PipelinePlacementPolicy.java:meetCriteria(91)) - Pipeline Placement: can't place more pipeline on heavy datanode： 54dcae81-dbd9-40b6-afc3-8b9ef3945f08 Heaviness: 6 limit: 5
2019-09-26 10:41:16,702 [main] INFO  pipeline.PipelinePlacementPolicy (PipelinePlacementPolicy.java:meetCriteria(91)) - Pipeline Placement: can't place more pipeline on heavy datanode： c54107b3-e948-418f-914e-487299d32ca0 Heaviness: 6 limit: 5
2019-09-26 10:41:16,703 [main] INFO  pipeline.PipelinePlacementPolicy (PipelinePlacementPolicy.java:meetCriteria(91)) - Pipeline Placement: can't place more pipeline on heavy datanode： 68b23fe9-fcf3-4ca6-9530-99b3113ca78f Heaviness: 6 limit: 5
2019-09-26 10:41:16,703 [main] ERROR pipeline.PipelinePlacementPolicy (PipelinePlacementPolicy.java:filterViableNodes(148)) - Unable to find enough nodes that meet the criteria that cannot engage in more than 5 pipelines. Nodes required: 3 Found: 0, healthy nodes count inNodeManager: 3.
2019-09-26 10:41:16,703 [main] ERROR pipeline.SCMPipelineManager (SCMPipelineManager.java:createPipeline(167)) - Pipeline creation failed.
org.apache.hadoop.hdds.scm.exceptions.SCMException: Unable to find enough nodes that meet the criteria that cannot engage in more than 5 pipelines. Nodes required: 3 Found: 0, healthy nodes count inNodeManager: 3.
	at org.apache.hadoop.hdds.scm.pipeline.PipelinePlacementPolicy.filterViableNodes(PipelinePlacementPolicy.java:149)
	at org.apache.hadoop.hdds.scm.pipeline.PipelinePlacementPolicy.chooseDatanodes(PipelinePlacementPolicy.java:172)
	at org.apache.hadoop.hdds.scm.pipeline.RatisPipelineProvider.create(RatisPipelineProvider.java:93)
	at org.apache.hadoop.hdds.scm.pipeline.PipelineFactory.create(PipelineFactory.java:58)
	at org.apache.hadoop.hdds.scm.pipeline.SCMPipelineManager.createPipeline(SCMPipelineManager.java:155)
	at org.apache.hadoop.hdds.scm.container.ContainerStateManager.allocateContainer(ContainerStateManager.java:255)
	at org.apache.hadoop.hdds.scm.container.SCMContainerManager.allocateContainer(SCMContainerManager.java:247)
	at org.apache.hadoop.hdds.scm.pipeline.TestPipelineClose.init(TestPipelineClose.java:92)
	at sun.reflect.NativeMethodAccessorImpl.invoke0(Native Method)
	at sun.reflect.NativeMethodAccessorImpl.invoke(NativeMethodAccessorImpl.java:62)
	at sun.reflect.DelegatingMethodAccessorImpl.invoke(DelegatingMethodAccessorImpl.java:43)
	at java.lang.reflect.Method.invoke(Method.java:498)
	at org.junit.runners.model.FrameworkMethod$1.runReflectiveCall(FrameworkMethod.java:47)
	at org.junit.internal.runners.model.ReflectiveCallable.run(ReflectiveCallable.java:12)
	at org.junit.runners.model.FrameworkMethod.invokeExplosively(FrameworkMethod.java:44)
	at org.junit.internal.runners.statements.RunBefores.evaluate(RunBefores.java:24)
	at org.junit.internal.runners.statements.RunAfters.evaluate(RunAfters.java:27)
	at org.junit.runners.ParentRunner.runLeaf(ParentRunner.java:271)
	at org.junit.runners.BlockJUnit4ClassRunner.runChild(BlockJUnit4ClassRunner.java:70)
	at org.junit.runners.BlockJUnit4ClassRunner.runChild(BlockJUnit4ClassRunner.java:50)
	at org.junit.runners.ParentRunner$3.run(ParentRunner.java:238)
	at org.junit.runners.ParentRunner$1.schedule(ParentRunner.java:63)
	at org.junit.runners.ParentRunner.runChildren(ParentRunner.java:236)
	at org.junit.runners.ParentRunner.access$000(ParentRunner.java:53)
	at org.junit.runners.ParentRunner$2.evaluate(ParentRunner.java:229)
	at org.junit.runners.ParentRunner.run(ParentRunner.java:309)
	at org.apache.maven.surefire.junit4.JUnit4Provider.execute(JUnit4Provider.java:365)
	at org.apache.maven.surefire.junit4.JUnit4Provider.executeWithRerun(JUnit4Provider.java:273)
	at org.apache.maven.surefire.junit4.JUnit4Provider.executeTestSet(JUnit4Provider.java:238)
	at org.apache.maven.surefire.junit4.JUnit4Provider.invoke(JUnit4Provider.java:159)
	at org.apache.maven.surefire.booter.ForkedBooter.invokeProviderInSameClassLoader(ForkedBooter.java:384)
	at org.apache.maven.surefire.booter.ForkedBooter.runSuitesInProcess(ForkedBooter.java:345)
	at org.apache.maven.surefire.booter.ForkedBooter.execute(ForkedBooter.java:126)
	at org.apache.maven.surefire.booter.ForkedBooter.main(ForkedBooter.java:418)
2019-09-26 10:41:16,704 [RatisPipelineUtilsThread] INFO  pipeline.PipelinePlacementPolicy (PipelinePlacementPolicy.java:meetCriteria(91)) - Pipeline Placement: can't place more pipeline on heavy datanode： 54dcae81-dbd9-40b6-afc3-8b9ef3945f08 Heaviness: 6 limit: 5
2019-09-26 10:41:16,705 [RatisPipelineUtilsThread] INFO  pipeline.PipelinePlacementPolicy (PipelinePlacementPolicy.java:meetCriteria(91)) - Pipeline Placement: can't place more pipeline on heavy datanode： c54107b3-e948-418f-914e-487299d32ca0 Heaviness: 6 limit: 5
2019-09-26 10:41:16,705 [RatisPipelineUtilsThread] INFO  pipeline.PipelinePlacementPolicy (PipelinePlacementPolicy.java:meetCriteria(91)) - Pipeline Placement: can't place more pipeline on heavy datanode： 68b23fe9-fcf3-4ca6-9530-99b3113ca78f Heaviness: 6 limit: 5
2019-09-26 10:41:16,705 [RatisPipelineUtilsThread] ERROR pipeline.PipelinePlacementPolicy (PipelinePlacementPolicy.java:filterViableNodes(148)) - Unable to find enough nodes that meet the criteria that cannot engage in more than 5 pipelines. Nodes required: 1 Found: 0, healthy nodes count inNodeManager: 3.
2019-09-26 10:41:16,705 [RatisPipelineUtilsThread] ERROR pipeline.SCMPipelineManager (SCMPipelineManager.java:createPipeline(167)) - Pipeline creation failed.
org.apache.hadoop.hdds.scm.exceptions.SCMException: Unable to find enough nodes that meet the criteria that cannot engage in more than 5 pipelines. Nodes required: 1 Found: 0, healthy nodes count inNodeManager: 3.
	at org.apache.hadoop.hdds.scm.pipeline.PipelinePlacementPolicy.filterViableNodes(PipelinePlacementPolicy.java:149)
	at org.apache.hadoop.hdds.scm.pipeline.PipelinePlacementPolicy.chooseDatanodes(PipelinePlacementPolicy.java:172)
	at org.apache.hadoop.hdds.scm.pipeline.RatisPipelineProvider.create(RatisPipelineProvider.java:93)
	at org.apache.hadoop.hdds.scm.pipeline.PipelineFactory.create(PipelineFactory.java:58)
	at org.apache.hadoop.hdds.scm.pipeline.SCMPipelineManager.createPipeline(SCMPipelineManager.java:155)
	at org.apache.hadoop.hdds.scm.pipeline.BackgroundPipelineCreator.createPipelines(BackgroundPipelineCreator.java:99)
	at org.apache.hadoop.hdds.scm.pipeline.BackgroundPipelineCreator.lambda$startFixedIntervalPipelineCreator$0(BackgroundPipelineCreator.java:70)
	at java.util.concurrent.Executors$RunnableAdapter.call(Executors.java:511)
	at java.util.concurrent.FutureTask.runAndReset(FutureTask.java:308)
	at java.util.concurrent.ScheduledThreadPoolExecutor$ScheduledFutureTask.access$301(ScheduledThreadPoolExecutor.java:180)
	at java.util.concurrent.ScheduledThreadPoolExecutor$ScheduledFutureTask.run(ScheduledThreadPoolExecutor.java:294)
	at java.util.concurrent.ThreadPoolExecutor.runWorker(ThreadPoolExecutor.java:1149)
	at java.util.concurrent.ThreadPoolExecutor$Worker.run(ThreadPoolExecutor.java:624)
	at java.lang.Thread.run(Thread.java:748)
2019-09-26 10:41:16,706 [RatisPipelineUtilsThread] INFO  pipeline.PipelinePlacementPolicy (PipelinePlacementPolicy.java:meetCriteria(91)) - Pipeline Placement: can't place more pipeline on heavy datanode： 54dcae81-dbd9-40b6-afc3-8b9ef3945f08 Heaviness: 6 limit: 5
2019-09-26 10:41:16,706 [RatisPipelineUtilsThread] INFO  pipeline.PipelinePlacementPolicy (PipelinePlacementPolicy.java:meetCriteria(91)) - Pipeline Placement: can't place more pipeline on heavy datanode： c54107b3-e948-418f-914e-487299d32ca0 Heaviness: 6 limit: 5
2019-09-26 10:41:16,706 [RatisPipelineUtilsThread] INFO  pipeline.PipelinePlacementPolicy (PipelinePlacementPolicy.java:meetCriteria(91)) - Pipeline Placement: can't place more pipeline on heavy datanode： 68b23fe9-fcf3-4ca6-9530-99b3113ca78f Heaviness: 6 limit: 5
2019-09-26 10:41:16,707 [RatisPipelineUtilsThread] ERROR pipeline.PipelinePlacementPolicy (PipelinePlacementPolicy.java:filterViableNodes(148)) - Unable to find enough nodes that meet the criteria that cannot engage in more than 5 pipelines. Nodes required: 3 Found: 0, healthy nodes count inNodeManager: 3.
2019-09-26 10:41:16,707 [RatisPipelineUtilsThread] ERROR pipeline.SCMPipelineManager (SCMPipelineManager.java:createPipeline(167)) - Pipeline creation failed.
org.apache.hadoop.hdds.scm.exceptions.SCMException: Unable to find enough nodes that meet the criteria that cannot engage in more than 5 pipelines. Nodes required: 3 Found: 0, healthy nodes count inNodeManager: 3.
	at org.apache.hadoop.hdds.scm.pipeline.PipelinePlacementPolicy.filterViableNodes(PipelinePlacementPolicy.java:149)
	at org.apache.hadoop.hdds.scm.pipeline.PipelinePlacementPolicy.chooseDatanodes(PipelinePlacementPolicy.java:172)
	at org.apache.hadoop.hdds.scm.pipeline.RatisPipelineProvider.create(RatisPipelineProvider.java:93)
	at org.apache.hadoop.hdds.scm.pipeline.PipelineFactory.create(PipelineFactory.java:58)
	at org.apache.hadoop.hdds.scm.pipeline.SCMPipelineManager.createPipeline(SCMPipelineManager.java:155)
	at org.apache.hadoop.hdds.scm.pipeline.BackgroundPipelineCreator.createPipelines(BackgroundPipelineCreator.java:99)
	at org.apache.hadoop.hdds.scm.pipeline.BackgroundPipelineCreator.lambda$startFixedIntervalPipelineCreator$0(BackgroundPipelineCreator.java:70)
	at java.util.concurrent.Executors$RunnableAdapter.call(Executors.java:511)
	at java.util.concurrent.FutureTask.runAndReset(FutureTask.java:308)
	at java.util.concurrent.ScheduledThreadPoolExecutor$ScheduledFutureTask.access$301(ScheduledThreadPoolExecutor.java:180)
	at java.util.concurrent.ScheduledThreadPoolExecutor$ScheduledFutureTask.run(ScheduledThreadPoolExecutor.java:294)
	at java.util.concurrent.ThreadPoolExecutor.runWorker(ThreadPoolExecutor.java:1149)
	at java.util.concurrent.ThreadPoolExecutor$Worker.run(ThreadPoolExecutor.java:624)
	at java.lang.Thread.run(Thread.java:748)
2019-09-26 10:41:16,708 [main] INFO  ozone.MiniOzoneClusterImpl (MiniOzoneClusterImpl.java:shutdown(314)) - Shutting down the Mini Ozone Cluster
2019-09-26 10:41:16,708 [main] INFO  ozone.MiniOzoneClusterImpl (MiniOzoneClusterImpl.java:stop(330)) - Stopping the Mini Ozone Cluster
2019-09-26 10:41:16,709 [main] INFO  ozone.MiniOzoneClusterImpl (MiniOzoneClusterImpl.java:stopOM(400)) - Stopping the OzoneManager
2019-09-26 10:41:16,709 [main] INFO  ipc.Server (Server.java:stop(3082)) - Stopping server on 42520
2019-09-26 10:41:16,721 [IPC Server listener on 42520] INFO  ipc.Server (Server.java:run(1185)) - Stopping IPC Server listener on 42520
2019-09-26 10:41:16,723 [main] INFO  ratis.OzoneManagerDoubleBuffer (OzoneManagerDoubleBuffer.java:stop(248)) - Stopping OMDoubleBuffer flush thread
2019-09-26 10:41:16,723 [IPC Server Responder] INFO  ipc.Server (Server.java:run(1319)) - Stopping IPC Server Responder
2019-09-26 10:41:16,736 [OMDoubleBufferFlushThread] INFO  ratis.OzoneManagerDoubleBuffer (OzoneManagerDoubleBuffer.java:flushTransactions(191)) - OMDoubleBuffer flush thread OMDoubleBufferFlushThread is interrupted and will exit. OMDoubleBufferFlushThread
2019-09-26 10:41:16,737 [main] INFO  utils.BackgroundService (BackgroundService.java:shutdown(148)) - Shutting down service KeyDeletingService
2019-09-26 10:41:16,743 [main] INFO  handler.ContextHandler (ContextHandler.java:doStop(910)) - Stopped o.e.j.w.WebAppContext@5b22b970{/,null,UNAVAILABLE}{/ozoneManager}
2019-09-26 10:41:16,751 [main] INFO  server.AbstractConnector (AbstractConnector.java:doStop(318)) - Stopped ServerConnector@22d1886d{HTTP/1.1,[http/1.1]}{0.0.0.0:0}
2019-09-26 10:41:16,751 [main] INFO  handler.ContextHandler (ContextHandler.java:doStop(910)) - Stopped o.e.j.s.ServletContextHandler@57540fd0{/static,file:///workdir/hadoop-ozone/integration-test/target/test-classes/webapps/static,UNAVAILABLE}
2019-09-26 10:41:16,752 [main] INFO  handler.ContextHandler (ContextHandler.java:doStop(910)) - Stopped o.e.j.s.ServletContextHandler@15923407{/logs,file:///workdir/hadoop-ozone/integration-test/target/log,UNAVAILABLE}
2019-09-26 10:41:16,758 [main] INFO  ozone.MiniOzoneClusterImpl (MiniOzoneClusterImpl.java:stopDatanodes(377)) - Stopping the HddsDatanodes
2019-09-26 10:41:17,549 [Datanode State Machine Thread - 0] INFO  statemachine.DatanodeStateMachine (DatanodeStateMachine.java:lambda$startDaemon$0(350)) - Ozone container server started.
2019-09-26 10:41:17,669 [Datanode State Machine Thread - 0] INFO  statemachine.DatanodeStateMachine (DatanodeStateMachine.java:lambda$startDaemon$0(350)) - Ozone container server started.
2019-09-26 10:41:17,709 [Thread-178] INFO  container.ReplicationManager (ReplicationManager.java:start(163)) - Starting Replication Monitor Thread.
2019-09-26 10:41:17,712 [ReplicationMonitor] INFO  container.ReplicationManager (ReplicationManager.java:run(226)) - Replication Monitor Thread took 0 milliseconds for processing 0 containers.
2019-09-26 10:41:20,578 [Thread-180] INFO  impl.FollowerState (FollowerState.java:run(106)) - c54107b3-e948-418f-914e-487299d32ca0:group-99950B5899DE changes to CANDIDATE, lastRpcTime:5193, electionTimeout:5192ms
2019-09-26 10:41:20,581 [Thread-180] INFO  impl.RoleInfo (RoleInfo.java:shutdownFollowerState(121)) - c54107b3-e948-418f-914e-487299d32ca0: shutdown FollowerState
2019-09-26 10:41:20,581 [Thread-180] INFO  impl.RaftServerImpl (RaftServerImpl.java:setRole(174)) - c54107b3-e948-418f-914e-487299d32ca0@group-99950B5899DE: changes role from  FOLLOWER to CANDIDATE at term 0 for changeToCandidate
2019-09-26 10:41:20,589 [Thread-180] INFO  impl.RoleInfo (RoleInfo.java:updateAndGet(143)) - c54107b3-e948-418f-914e-487299d32ca0: start LeaderElection
2019-09-26 10:41:20,608 [c54107b3-e948-418f-914e-487299d32ca0@group-99950B5899DE:LeaderElection1] INFO  impl.LeaderElection (LeaderElection.java:askForVotes(182)) - c54107b3-e948-418f-914e-487299d32ca0@group-99950B5899DE:LeaderElection1: begin an election at term 1 for -1: [c54107b3-e948-418f-914e-487299d32ca0:192.168.30.13:35160], old=null
2019-09-26 10:41:20,610 [c54107b3-e948-418f-914e-487299d32ca0@group-99950B5899DE:LeaderElection1] INFO  impl.RoleInfo (RoleInfo.java:shutdownLeaderElection(134)) - c54107b3-e948-418f-914e-487299d32ca0: shutdown LeaderElection
2019-09-26 10:41:20,611 [c54107b3-e948-418f-914e-487299d32ca0@group-99950B5899DE:LeaderElection1] INFO  impl.RaftServerImpl (RaftServerImpl.java:setRole(174)) - c54107b3-e948-418f-914e-487299d32ca0@group-99950B5899DE: changes role from CANDIDATE to LEADER at term 1 for changeToLeader
2019-09-26 10:41:20,611 [c54107b3-e948-418f-914e-487299d32ca0@group-99950B5899DE:LeaderElection1] INFO  impl.RaftServerImpl (ServerState.java:setLeader(253)) - c54107b3-e948-418f-914e-487299d32ca0@group-99950B5899DE: change Leader from null to c54107b3-e948-418f-914e-487299d32ca0 at term 1 for becomeLeader, leader elected after 5348ms
2019-09-26 10:41:20,620 [c54107b3-e948-418f-914e-487299d32ca0@group-99950B5899DE:LeaderElection1] INFO  server.RaftServerConfigKeys (ConfUtils.java:logGet(43)) - raft.server.staging.catchup.gap = 1000 (default)
2019-09-26 10:41:20,620 [c54107b3-e948-418f-914e-487299d32ca0@group-99950B5899DE:LeaderElection1] INFO  server.RaftServerConfigKeys (ConfUtils.java:logGet(43)) - raft.server.rpc.sleep.time = 25ms (default)
2019-09-26 10:41:20,624 [c54107b3-e948-418f-914e-487299d32ca0@group-99950B5899DE:LeaderElection1] INFO  server.RaftServerConfigKeys (ConfUtils.java:logGet(43)) - raft.server.write.element-limit = 4096 (default)
2019-09-26 10:41:20,626 [Thread-183] INFO  impl.FollowerState (FollowerState.java:run(106)) - 68b23fe9-fcf3-4ca6-9530-99b3113ca78f:group-03E457838727 changes to CANDIDATE, lastRpcTime:5051, electionTimeout:5050ms
2019-09-26 10:41:20,628 [Thread-183] INFO  impl.RoleInfo (RoleInfo.java:shutdownFollowerState(121)) - 68b23fe9-fcf3-4ca6-9530-99b3113ca78f: shutdown FollowerState
2019-09-26 10:41:20,628 [Thread-183] INFO  impl.RaftServerImpl (RaftServerImpl.java:setRole(174)) - 68b23fe9-fcf3-4ca6-9530-99b3113ca78f@group-03E457838727: changes role from  FOLLOWER to CANDIDATE at term 0 for changeToCandidate
2019-09-26 10:41:20,628 [c54107b3-e948-418f-914e-487299d32ca0@group-99950B5899DE:LeaderElection1] INFO  server.RaftServerConfigKeys (ConfUtils.java:logGet(43)) - raft.server.watch.timeout = 10s (default)
2019-09-26 10:41:20,629 [Thread-183] INFO  impl.RoleInfo (RoleInfo.java:updateAndGet(143)) - 68b23fe9-fcf3-4ca6-9530-99b3113ca78f: start LeaderElection
2019-09-26 10:41:20,629 [c54107b3-e948-418f-914e-487299d32ca0@group-99950B5899DE:LeaderElection1] INFO  server.RaftServerConfigKeys (ConfUtils.java:logGet(43)) - raft.server.watch.timeout.denomination = 1s (default)
2019-09-26 10:41:20,633 [c54107b3-e948-418f-914e-487299d32ca0@group-99950B5899DE:LeaderElection1] INFO  server.RaftServerConfigKeys (ConfUtils.java:logGet(43)) - raft.server.watch.element-limit = 65536 (default)
2019-09-26 10:41:20,646 [68b23fe9-fcf3-4ca6-9530-99b3113ca78f@group-03E457838727:LeaderElection2] INFO  impl.LeaderElection (LeaderElection.java:askForVotes(182)) - 68b23fe9-fcf3-4ca6-9530-99b3113ca78f@group-03E457838727:LeaderElection2: begin an election at term 1 for -1: [68b23fe9-fcf3-4ca6-9530-99b3113ca78f:192.168.30.13:41435], old=null
2019-09-26 10:41:20,653 [68b23fe9-fcf3-4ca6-9530-99b3113ca78f@group-03E457838727:LeaderElection2] INFO  impl.RoleInfo (RoleInfo.java:shutdownLeaderElection(134)) - 68b23fe9-fcf3-4ca6-9530-99b3113ca78f: shutdown LeaderElection
2019-09-26 10:41:20,653 [68b23fe9-fcf3-4ca6-9530-99b3113ca78f@group-03E457838727:LeaderElection2] INFO  impl.RaftServerImpl (RaftServerImpl.java:setRole(174)) - 68b23fe9-fcf3-4ca6-9530-99b3113ca78f@group-03E457838727: changes role from CANDIDATE to LEADER at term 1 for changeToLeader
2019-09-26 10:41:20,653 [68b23fe9-fcf3-4ca6-9530-99b3113ca78f@group-03E457838727:LeaderElection2] INFO  impl.RaftServerImpl (ServerState.java:setLeader(253)) - 68b23fe9-fcf3-4ca6-9530-99b3113ca78f@group-03E457838727: change Leader from null to 68b23fe9-fcf3-4ca6-9530-99b3113ca78f at term 1 for becomeLeader, leader elected after 5099ms
2019-09-26 10:41:20,653 [68b23fe9-fcf3-4ca6-9530-99b3113ca78f@group-03E457838727:LeaderElection2] INFO  server.RaftServerConfigKeys (ConfUtils.java:logGet(43)) - raft.server.staging.catchup.gap = 1000 (default)
2019-09-26 10:41:20,653 [68b23fe9-fcf3-4ca6-9530-99b3113ca78f@group-03E457838727:LeaderElection2] INFO  server.RaftServerConfigKeys (ConfUtils.java:logGet(43)) - raft.server.rpc.sleep.time = 25ms (default)
2019-09-26 10:41:20,654 [68b23fe9-fcf3-4ca6-9530-99b3113ca78f@group-03E457838727:LeaderElection2] INFO  server.RaftServerConfigKeys (ConfUtils.java:logGet(43)) - raft.server.write.element-limit = 4096 (default)
2019-09-26 10:41:20,654 [68b23fe9-fcf3-4ca6-9530-99b3113ca78f@group-03E457838727:LeaderElection2] INFO  server.RaftServerConfigKeys (ConfUtils.java:logGet(43)) - raft.server.watch.timeout = 10s (default)
2019-09-26 10:41:20,654 [68b23fe9-fcf3-4ca6-9530-99b3113ca78f@group-03E457838727:LeaderElection2] INFO  server.RaftServerConfigKeys (ConfUtils.java:logGet(43)) - raft.server.watch.timeout.denomination = 1s (default)
2019-09-26 10:41:20,654 [68b23fe9-fcf3-4ca6-9530-99b3113ca78f@group-03E457838727:LeaderElection2] INFO  server.RaftServerConfigKeys (ConfUtils.java:logGet(43)) - raft.server.watch.element-limit = 65536 (default)
2019-09-26 10:41:20,657 [c54107b3-e948-418f-914e-487299d32ca0@group-99950B5899DE:LeaderElection1] INFO  impl.RoleInfo (RoleInfo.java:updateAndGet(143)) - c54107b3-e948-418f-914e-487299d32ca0: start LeaderState
2019-09-26 10:41:20,658 [68b23fe9-fcf3-4ca6-9530-99b3113ca78f@group-03E457838727:LeaderElection2] INFO  impl.RoleInfo (RoleInfo.java:updateAndGet(143)) - 68b23fe9-fcf3-4ca6-9530-99b3113ca78f: start LeaderState
2019-09-26 10:41:20,686 [68b23fe9-fcf3-4ca6-9530-99b3113ca78f@group-03E457838727:LeaderElection2] INFO  segmented.SegmentedRaftLogWorker (SegmentedRaftLogWorker.java:startLogSegment(380)) - 68b23fe9-fcf3-4ca6-9530-99b3113ca78f@group-03E457838727-SegmentedRaftLogWorker: Starting segment from index:0
2019-09-26 10:41:20,686 [c54107b3-e948-418f-914e-487299d32ca0@group-99950B5899DE:LeaderElection1] INFO  segmented.SegmentedRaftLogWorker (SegmentedRaftLogWorker.java:startLogSegment(380)) - c54107b3-e948-418f-914e-487299d32ca0@group-99950B5899DE-SegmentedRaftLogWorker: Starting segment from index:0
2019-09-26 10:41:20,697 [68b23fe9-fcf3-4ca6-9530-99b3113ca78f@group-03E457838727:LeaderElection2] INFO  impl.RaftServerImpl (ServerState.java:setRaftConf(354)) - 68b23fe9-fcf3-4ca6-9530-99b3113ca78f@group-03E457838727: set configuration 0: [68b23fe9-fcf3-4ca6-9530-99b3113ca78f:192.168.30.13:41435], old=null at 0
2019-09-26 10:41:20,697 [c54107b3-e948-418f-914e-487299d32ca0@group-99950B5899DE:LeaderElection1] INFO  impl.RaftServerImpl (ServerState.java:setRaftConf(354)) - c54107b3-e948-418f-914e-487299d32ca0@group-99950B5899DE: set configuration 0: [c54107b3-e948-418f-914e-487299d32ca0:192.168.30.13:35160], old=null at 0
2019-09-26 10:41:20,860 [Thread-186] INFO  impl.FollowerState (FollowerState.java:run(106)) - c54107b3-e948-418f-914e-487299d32ca0:group-8099B34DBA2B changes to CANDIDATE, lastRpcTime:5160, electionTimeout:5160ms
2019-09-26 10:41:20,860 [Thread-186] INFO  impl.RoleInfo (RoleInfo.java:shutdownFollowerState(121)) - c54107b3-e948-418f-914e-487299d32ca0: shutdown FollowerState
2019-09-26 10:41:20,861 [Thread-186] INFO  impl.RaftServerImpl (RaftServerImpl.java:setRole(174)) - c54107b3-e948-418f-914e-487299d32ca0@group-8099B34DBA2B: changes role from  FOLLOWER to CANDIDATE at term 0 for changeToCandidate
2019-09-26 10:41:20,861 [Thread-186] INFO  impl.RoleInfo (RoleInfo.java:updateAndGet(143)) - c54107b3-e948-418f-914e-487299d32ca0: start LeaderElection
2019-09-26 10:41:20,871 [c54107b3-e948-418f-914e-487299d32ca0@group-99950B5899DE-SegmentedRaftLogWorker] INFO  segmented.SegmentedRaftLogWorker (SegmentedRaftLogWorker.java:execute(569)) - c54107b3-e948-418f-914e-487299d32ca0@group-99950B5899DE-SegmentedRaftLogWorker: created new log segment /workdir/hadoop-ozone/integration-test/target/test-dir/MiniOzoneClusterImpl-874991c5-7d1a-4345-b538-2cfa836e270f/datanode-0/data/ratis/a9e4fe7c-043b-415b-88bd-99950b5899de/current/log_inprogress_0
2019-09-26 10:41:20,884 [68b23fe9-fcf3-4ca6-9530-99b3113ca78f@group-03E457838727-SegmentedRaftLogWorker] INFO  segmented.SegmentedRaftLogWorker (SegmentedRaftLogWorker.java:execute(569)) - 68b23fe9-fcf3-4ca6-9530-99b3113ca78f@group-03E457838727-SegmentedRaftLogWorker: created new log segment /workdir/hadoop-ozone/integration-test/target/test-dir/MiniOzoneClusterImpl-874991c5-7d1a-4345-b538-2cfa836e270f/datanode-1/data/ratis/1c88c0ad-8339-40ae-bd19-03e457838727/current/log_inprogress_0
2019-09-26 10:41:20,884 [c54107b3-e948-418f-914e-487299d32ca0@group-8099B34DBA2B:LeaderElection3] INFO  impl.LeaderElection (LeaderElection.java:askForVotes(182)) - c54107b3-e948-418f-914e-487299d32ca0@group-8099B34DBA2B:LeaderElection3: begin an election at term 1 for -1: [c54107b3-e948-418f-914e-487299d32ca0:192.168.30.13:35160], old=null
2019-09-26 10:41:20,885 [c54107b3-e948-418f-914e-487299d32ca0@group-8099B34DBA2B:LeaderElection3] INFO  impl.RoleInfo (RoleInfo.java:shutdownLeaderElection(134)) - c54107b3-e948-418f-914e-487299d32ca0: shutdown LeaderElection
2019-09-26 10:41:20,885 [c54107b3-e948-418f-914e-487299d32ca0@group-8099B34DBA2B:LeaderElection3] INFO  impl.RaftServerImpl (RaftServerImpl.java:setRole(174)) - c54107b3-e948-418f-914e-487299d32ca0@group-8099B34DBA2B: changes role from CANDIDATE to LEADER at term 1 for changeToLeader
2019-09-26 10:41:20,885 [c54107b3-e948-418f-914e-487299d32ca0@group-8099B34DBA2B:LeaderElection3] INFO  impl.RaftServerImpl (ServerState.java:setLeader(253)) - c54107b3-e948-418f-914e-487299d32ca0@group-8099B34DBA2B: change Leader from null to c54107b3-e948-418f-914e-487299d32ca0 at term 1 for becomeLeader, leader elected after 5219ms
2019-09-26 10:41:20,885 [c54107b3-e948-418f-914e-487299d32ca0@group-8099B34DBA2B:LeaderElection3] INFO  server.RaftServerConfigKeys (ConfUtils.java:logGet(43)) - raft.server.staging.catchup.gap = 1000 (default)
2019-09-26 10:41:20,885 [c54107b3-e948-418f-914e-487299d32ca0@group-8099B34DBA2B:LeaderElection3] INFO  server.RaftServerConfigKeys (ConfUtils.java:logGet(43)) - raft.server.rpc.sleep.time = 25ms (default)
2019-09-26 10:41:20,886 [c54107b3-e948-418f-914e-487299d32ca0@group-8099B34DBA2B:LeaderElection3] INFO  server.RaftServerConfigKeys (ConfUtils.java:logGet(43)) - raft.server.write.element-limit = 4096 (default)
2019-09-26 10:41:20,886 [c54107b3-e948-418f-914e-487299d32ca0@group-8099B34DBA2B:LeaderElection3] INFO  server.RaftServerConfigKeys (ConfUtils.java:logGet(43)) - raft.server.watch.timeout = 10s (default)
2019-09-26 10:41:20,886 [c54107b3-e948-418f-914e-487299d32ca0@group-8099B34DBA2B:LeaderElection3] INFO  server.RaftServerConfigKeys (ConfUtils.java:logGet(43)) - raft.server.watch.timeout.denomination = 1s (default)
2019-09-26 10:41:20,886 [c54107b3-e948-418f-914e-487299d32ca0@group-8099B34DBA2B:LeaderElection3] INFO  server.RaftServerConfigKeys (ConfUtils.java:logGet(43)) - raft.server.watch.element-limit = 65536 (default)
2019-09-26 10:41:20,890 [c54107b3-e948-418f-914e-487299d32ca0@group-8099B34DBA2B:LeaderElection3] INFO  impl.RoleInfo (RoleInfo.java:updateAndGet(143)) - c54107b3-e948-418f-914e-487299d32ca0: start LeaderState
2019-09-26 10:41:20,890 [c54107b3-e948-418f-914e-487299d32ca0@group-8099B34DBA2B:LeaderElection3] INFO  segmented.SegmentedRaftLogWorker (SegmentedRaftLogWorker.java:startLogSegment(380)) - c54107b3-e948-418f-914e-487299d32ca0@group-8099B34DBA2B-SegmentedRaftLogWorker: Starting segment from index:0
2019-09-26 10:41:20,891 [c54107b3-e948-418f-914e-487299d32ca0@group-8099B34DBA2B:LeaderElection3] INFO  impl.RaftServerImpl (ServerState.java:setRaftConf(354)) - c54107b3-e948-418f-914e-487299d32ca0@group-8099B34DBA2B: set configuration 0: [c54107b3-e948-418f-914e-487299d32ca0:192.168.30.13:35160], old=null at 0
2019-09-26 10:41:20,924 [Thread-189] INFO  impl.FollowerState (FollowerState.java:run(106)) - c54107b3-e948-418f-914e-487299d32ca0:group-F675540FF66A changes to CANDIDATE, lastRpcTime:5154, electionTimeout:5137ms
2019-09-26 10:41:20,924 [Thread-192] INFO  impl.FollowerState (FollowerState.java:run(106)) - 54dcae81-dbd9-40b6-afc3-8b9ef3945f08:group-88C21EE0F27E changes to CANDIDATE, lastRpcTime:5065, electionTimeout:5041ms
2019-09-26 10:41:20,925 [Thread-189] INFO  impl.RoleInfo (RoleInfo.java:shutdownFollowerState(121)) - c54107b3-e948-418f-914e-487299d32ca0: shutdown FollowerState
2019-09-26 10:41:20,925 [Thread-192] INFO  impl.RoleInfo (RoleInfo.java:shutdownFollowerState(121)) - 54dcae81-dbd9-40b6-afc3-8b9ef3945f08: shutdown FollowerState
2019-09-26 10:41:20,925 [Thread-189] INFO  impl.RaftServerImpl (RaftServerImpl.java:setRole(174)) - c54107b3-e948-418f-914e-487299d32ca0@group-F675540FF66A: changes role from  FOLLOWER to CANDIDATE at term 0 for changeToCandidate
2019-09-26 10:41:20,925 [Thread-192] INFO  impl.RaftServerImpl (RaftServerImpl.java:setRole(174)) - 54dcae81-dbd9-40b6-afc3-8b9ef3945f08@group-88C21EE0F27E: changes role from  FOLLOWER to CANDIDATE at term 0 for changeToCandidate
2019-09-26 10:41:20,925 [Thread-189] INFO  impl.RoleInfo (RoleInfo.java:updateAndGet(143)) - c54107b3-e948-418f-914e-487299d32ca0: start LeaderElection
2019-09-26 10:41:20,925 [Thread-192] INFO  impl.RoleInfo (RoleInfo.java:updateAndGet(143)) - 54dcae81-dbd9-40b6-afc3-8b9ef3945f08: start LeaderElection
2019-09-26 10:41:20,938 [c54107b3-e948-418f-914e-487299d32ca0@group-8099B34DBA2B-SegmentedRaftLogWorker] INFO  segmented.SegmentedRaftLogWorker (SegmentedRaftLogWorker.java:execute(569)) - c54107b3-e948-418f-914e-487299d32ca0@group-8099B34DBA2B-SegmentedRaftLogWorker: created new log segment /workdir/hadoop-ozone/integration-test/target/test-dir/MiniOzoneClusterImpl-874991c5-7d1a-4345-b538-2cfa836e270f/datanode-0/data/ratis/be1264a7-8040-4b50-844c-8099b34dba2b/current/log_inprogress_0
2019-09-26 10:41:20,938 [54dcae81-dbd9-40b6-afc3-8b9ef3945f08@group-88C21EE0F27E:LeaderElection5] INFO  impl.LeaderElection (LeaderElection.java:askForVotes(182)) - 54dcae81-dbd9-40b6-afc3-8b9ef3945f08@group-88C21EE0F27E:LeaderElection5: begin an election at term 1 for -1: [54dcae81-dbd9-40b6-afc3-8b9ef3945f08:192.168.30.13:42120], old=null
2019-09-26 10:41:20,938 [c54107b3-e948-418f-914e-487299d32ca0@group-F675540FF66A:LeaderElection4] INFO  impl.LeaderElection (LeaderElection.java:askForVotes(182)) - c54107b3-e948-418f-914e-487299d32ca0@group-F675540FF66A:LeaderElection4: begin an election at term 1 for -1: [c54107b3-e948-418f-914e-487299d32ca0:192.168.30.13:35160], old=null
2019-09-26 10:41:20,938 [54dcae81-dbd9-40b6-afc3-8b9ef3945f08@group-88C21EE0F27E:LeaderElection5] INFO  impl.RoleInfo (RoleInfo.java:shutdownLeaderElection(134)) - 54dcae81-dbd9-40b6-afc3-8b9ef3945f08: shutdown LeaderElection
2019-09-26 10:41:20,938 [c54107b3-e948-418f-914e-487299d32ca0@group-F675540FF66A:LeaderElection4] INFO  impl.RoleInfo (RoleInfo.java:shutdownLeaderElection(134)) - c54107b3-e948-418f-914e-487299d32ca0: shutdown LeaderElection
2019-09-26 10:41:20,938 [54dcae81-dbd9-40b6-afc3-8b9ef3945f08@group-88C21EE0F27E:LeaderElection5] INFO  impl.RaftServerImpl (RaftServerImpl.java:setRole(174)) - 54dcae81-dbd9-40b6-afc3-8b9ef3945f08@group-88C21EE0F27E: changes role from CANDIDATE to LEADER at term 1 for changeToLeader
2019-09-26 10:41:20,938 [c54107b3-e948-418f-914e-487299d32ca0@group-F675540FF66A:LeaderElection4] INFO  impl.RaftServerImpl (RaftServerImpl.java:setRole(174)) - c54107b3-e948-418f-914e-487299d32ca0@group-F675540FF66A: changes role from CANDIDATE to LEADER at term 1 for changeToLeader
2019-09-26 10:41:20,938 [54dcae81-dbd9-40b6-afc3-8b9ef3945f08@group-88C21EE0F27E:LeaderElection5] INFO  impl.RaftServerImpl (ServerState.java:setLeader(253)) - 54dcae81-dbd9-40b6-afc3-8b9ef3945f08@group-88C21EE0F27E: change Leader from null to 54dcae81-dbd9-40b6-afc3-8b9ef3945f08 at term 1 for becomeLeader, leader elected after 5094ms
2019-09-26 10:41:20,938 [c54107b3-e948-418f-914e-487299d32ca0@group-F675540FF66A:LeaderElection4] INFO  impl.RaftServerImpl (ServerState.java:setLeader(253)) - c54107b3-e948-418f-914e-487299d32ca0@group-F675540FF66A: change Leader from null to c54107b3-e948-418f-914e-487299d32ca0 at term 1 for becomeLeader, leader elected after 5179ms
2019-09-26 10:41:20,938 [54dcae81-dbd9-40b6-afc3-8b9ef3945f08@group-88C21EE0F27E:LeaderElection5] INFO  server.RaftServerConfigKeys (ConfUtils.java:logGet(43)) - raft.server.staging.catchup.gap = 1000 (default)
2019-09-26 10:41:20,939 [c54107b3-e948-418f-914e-487299d32ca0@group-F675540FF66A:LeaderElection4] INFO  server.RaftServerConfigKeys (ConfUtils.java:logGet(43)) - raft.server.staging.catchup.gap = 1000 (default)
2019-09-26 10:41:20,939 [54dcae81-dbd9-40b6-afc3-8b9ef3945f08@group-88C21EE0F27E:LeaderElection5] INFO  server.RaftServerConfigKeys (ConfUtils.java:logGet(43)) - raft.server.rpc.sleep.time = 25ms (default)
2019-09-26 10:41:20,939 [c54107b3-e948-418f-914e-487299d32ca0@group-F675540FF66A:LeaderElection4] INFO  server.RaftServerConfigKeys (ConfUtils.java:logGet(43)) - raft.server.rpc.sleep.time = 25ms (default)
2019-09-26 10:41:20,939 [54dcae81-dbd9-40b6-afc3-8b9ef3945f08@group-88C21EE0F27E:LeaderElection5] INFO  server.RaftServerConfigKeys (ConfUtils.java:logGet(43)) - raft.server.write.element-limit = 4096 (default)
2019-09-26 10:41:20,939 [c54107b3-e948-418f-914e-487299d32ca0@group-F675540FF66A:LeaderElection4] INFO  server.RaftServerConfigKeys (ConfUtils.java:logGet(43)) - raft.server.write.element-limit = 4096 (default)
2019-09-26 10:41:20,939 [54dcae81-dbd9-40b6-afc3-8b9ef3945f08@group-88C21EE0F27E:LeaderElection5] INFO  server.RaftServerConfigKeys (ConfUtils.java:logGet(43)) - raft.server.watch.timeout = 10s (default)
2019-09-26 10:41:20,939 [c54107b3-e948-418f-914e-487299d32ca0@group-F675540FF66A:LeaderElection4] INFO  server.RaftServerConfigKeys (ConfUtils.java:logGet(43)) - raft.server.watch.timeout = 10s (default)
2019-09-26 10:41:20,939 [54dcae81-dbd9-40b6-afc3-8b9ef3945f08@group-88C21EE0F27E:LeaderElection5] INFO  server.RaftServerConfigKeys (ConfUtils.java:logGet(43)) - raft.server.watch.timeout.denomination = 1s (default)
2019-09-26 10:41:20,939 [c54107b3-e948-418f-914e-487299d32ca0@group-F675540FF66A:LeaderElection4] INFO  server.RaftServerConfigKeys (ConfUtils.java:logGet(43)) - raft.server.watch.timeout.denomination = 1s (default)
2019-09-26 10:41:20,939 [54dcae81-dbd9-40b6-afc3-8b9ef3945f08@group-88C21EE0F27E:LeaderElection5] INFO  server.RaftServerConfigKeys (ConfUtils.java:logGet(43)) - raft.server.watch.element-limit = 65536 (default)
2019-09-26 10:41:20,940 [c54107b3-e948-418f-914e-487299d32ca0@group-F675540FF66A:LeaderElection4] INFO  server.RaftServerConfigKeys (ConfUtils.java:logGet(43)) - raft.server.watch.element-limit = 65536 (default)
2019-09-26 10:41:20,941 [Thread-195] INFO  impl.FollowerState (FollowerState.java:run(106)) - 54dcae81-dbd9-40b6-afc3-8b9ef3945f08:group-9BBDA1607583 changes to CANDIDATE, lastRpcTime:5012, electionTimeout:5012ms
2019-09-26 10:41:20,941 [Thread-195] INFO  impl.RoleInfo (RoleInfo.java:shutdownFollowerState(121)) - 54dcae81-dbd9-40b6-afc3-8b9ef3945f08: shutdown FollowerState
2019-09-26 10:41:20,941 [Thread-195] INFO  impl.RaftServerImpl (RaftServerImpl.java:setRole(174)) - 54dcae81-dbd9-40b6-afc3-8b9ef3945f08@group-9BBDA1607583: changes role from  FOLLOWER to CANDIDATE at term 0 for changeToCandidate
2019-09-26 10:41:20,941 [Thread-195] INFO  impl.RoleInfo (RoleInfo.java:updateAndGet(143)) - 54dcae81-dbd9-40b6-afc3-8b9ef3945f08: start LeaderElection
2019-09-26 10:41:20,944 [54dcae81-dbd9-40b6-afc3-8b9ef3945f08@group-88C21EE0F27E:LeaderElection5] INFO  impl.RoleInfo (RoleInfo.java:updateAndGet(143)) - 54dcae81-dbd9-40b6-afc3-8b9ef3945f08: start LeaderState
2019-09-26 10:41:20,944 [c54107b3-e948-418f-914e-487299d32ca0@group-F675540FF66A:LeaderElection4] INFO  impl.RoleInfo (RoleInfo.java:updateAndGet(143)) - c54107b3-e948-418f-914e-487299d32ca0: start LeaderState
2019-09-26 10:41:20,944 [54dcae81-dbd9-40b6-afc3-8b9ef3945f08@group-88C21EE0F27E:LeaderElection5] INFO  segmented.SegmentedRaftLogWorker (SegmentedRaftLogWorker.java:startLogSegment(380)) - 54dcae81-dbd9-40b6-afc3-8b9ef3945f08@group-88C21EE0F27E-SegmentedRaftLogWorker: Starting segment from index:0
2019-09-26 10:41:20,945 [c54107b3-e948-418f-914e-487299d32ca0@group-F675540FF66A:LeaderElection4] INFO  segmented.SegmentedRaftLogWorker (SegmentedRaftLogWorker.java:startLogSegment(380)) - c54107b3-e948-418f-914e-487299d32ca0@group-F675540FF66A-SegmentedRaftLogWorker: Starting segment from index:0
2019-09-26 10:41:20,945 [54dcae81-dbd9-40b6-afc3-8b9ef3945f08@group-88C21EE0F27E:LeaderElection5] INFO  impl.RaftServerImpl (ServerState.java:setRaftConf(354)) - 54dcae81-dbd9-40b6-afc3-8b9ef3945f08@group-88C21EE0F27E: set configuration 0: [54dcae81-dbd9-40b6-afc3-8b9ef3945f08:192.168.30.13:42120], old=null at 0
2019-09-26 10:41:20,970 [54dcae81-dbd9-40b6-afc3-8b9ef3945f08@group-9BBDA1607583:LeaderElection6] INFO  impl.LeaderElection (LeaderElection.java:askForVotes(182)) - 54dcae81-dbd9-40b6-afc3-8b9ef3945f08@group-9BBDA1607583:LeaderElection6: begin an election at term 1 for -1: [54dcae81-dbd9-40b6-afc3-8b9ef3945f08:192.168.30.13:42120], old=null
2019-09-26 10:41:20,970 [c54107b3-e948-418f-914e-487299d32ca0@group-F675540FF66A:LeaderElection4] INFO  impl.RaftServerImpl (ServerState.java:setRaftConf(354)) - c54107b3-e948-418f-914e-487299d32ca0@group-F675540FF66A: set configuration 0: [c54107b3-e948-418f-914e-487299d32ca0:192.168.30.13:35160], old=null at 0
2019-09-26 10:41:20,970 [54dcae81-dbd9-40b6-afc3-8b9ef3945f08@group-9BBDA1607583:LeaderElection6] INFO  impl.RoleInfo (RoleInfo.java:shutdownLeaderElection(134)) - 54dcae81-dbd9-40b6-afc3-8b9ef3945f08: shutdown LeaderElection
2019-09-26 10:41:20,998 [54dcae81-dbd9-40b6-afc3-8b9ef3945f08@group-88C21EE0F27E-SegmentedRaftLogWorker] INFO  segmented.SegmentedRaftLogWorker (SegmentedRaftLogWorker.java:execute(569)) - 54dcae81-dbd9-40b6-afc3-8b9ef3945f08@group-88C21EE0F27E-SegmentedRaftLogWorker: created new log segment /workdir/hadoop-ozone/integration-test/target/test-dir/MiniOzoneClusterImpl-874991c5-7d1a-4345-b538-2cfa836e270f/datanode-2/data/ratis/49e38bf0-f4a0-4999-8964-88c21ee0f27e/current/log_inprogress_0
2019-09-26 10:41:20,999 [54dcae81-dbd9-40b6-afc3-8b9ef3945f08@group-9BBDA1607583:LeaderElection6] INFO  impl.RaftServerImpl (RaftServerImpl.java:setRole(174)) - 54dcae81-dbd9-40b6-afc3-8b9ef3945f08@group-9BBDA1607583: changes role from CANDIDATE to LEADER at term 1 for changeToLeader
2019-09-26 10:41:20,999 [54dcae81-dbd9-40b6-afc3-8b9ef3945f08@group-9BBDA1607583:LeaderElection6] INFO  impl.RaftServerImpl (ServerState.java:setLeader(253)) - 54dcae81-dbd9-40b6-afc3-8b9ef3945f08@group-9BBDA1607583: change Leader from null to 54dcae81-dbd9-40b6-afc3-8b9ef3945f08 at term 1 for becomeLeader, leader elected after 5078ms
2019-09-26 10:41:20,999 [54dcae81-dbd9-40b6-afc3-8b9ef3945f08@group-9BBDA1607583:LeaderElection6] INFO  server.RaftServerConfigKeys (ConfUtils.java:logGet(43)) - raft.server.staging.catchup.gap = 1000 (default)
2019-09-26 10:41:20,999 [54dcae81-dbd9-40b6-afc3-8b9ef3945f08@group-9BBDA1607583:LeaderElection6] INFO  server.RaftServerConfigKeys (ConfUtils.java:logGet(43)) - raft.server.rpc.sleep.time = 25ms (default)
2019-09-26 10:41:20,999 [54dcae81-dbd9-40b6-afc3-8b9ef3945f08@group-9BBDA1607583:LeaderElection6] INFO  server.RaftServerConfigKeys (ConfUtils.java:logGet(43)) - raft.server.write.element-limit = 4096 (default)
2019-09-26 10:41:20,999 [54dcae81-dbd9-40b6-afc3-8b9ef3945f08@group-9BBDA1607583:LeaderElection6] INFO  server.RaftServerConfigKeys (ConfUtils.java:logGet(43)) - raft.server.watch.timeout = 10s (default)
2019-09-26 10:41:21,000 [54dcae81-dbd9-40b6-afc3-8b9ef3945f08@group-9BBDA1607583:LeaderElection6] INFO  server.RaftServerConfigKeys (ConfUtils.java:logGet(43)) - raft.server.watch.timeout.denomination = 1s (default)
2019-09-26 10:41:21,000 [54dcae81-dbd9-40b6-afc3-8b9ef3945f08@group-9BBDA1607583:LeaderElection6] INFO  server.RaftServerConfigKeys (ConfUtils.java:logGet(43)) - raft.server.watch.element-limit = 65536 (default)
2019-09-26 10:41:21,002 [54dcae81-dbd9-40b6-afc3-8b9ef3945f08@group-9BBDA1607583:LeaderElection6] INFO  impl.RoleInfo (RoleInfo.java:updateAndGet(143)) - 54dcae81-dbd9-40b6-afc3-8b9ef3945f08: start LeaderState
2019-09-26 10:41:21,003 [54dcae81-dbd9-40b6-afc3-8b9ef3945f08@group-9BBDA1607583:LeaderElection6] INFO  segmented.SegmentedRaftLogWorker (SegmentedRaftLogWorker.java:startLogSegment(380)) - 54dcae81-dbd9-40b6-afc3-8b9ef3945f08@group-9BBDA1607583-SegmentedRaftLogWorker: Starting segment from index:0
2019-09-26 10:41:21,003 [54dcae81-dbd9-40b6-afc3-8b9ef3945f08@group-9BBDA1607583:LeaderElection6] INFO  impl.RaftServerImpl (ServerState.java:setRaftConf(354)) - 54dcae81-dbd9-40b6-afc3-8b9ef3945f08@group-9BBDA1607583: set configuration 0: [54dcae81-dbd9-40b6-afc3-8b9ef3945f08:192.168.30.13:42120], old=null at 0
2019-09-26 10:41:21,039 [c54107b3-e948-418f-914e-487299d32ca0@group-F675540FF66A-SegmentedRaftLogWorker] INFO  segmented.SegmentedRaftLogWorker (SegmentedRaftLogWorker.java:execute(569)) - c54107b3-e948-418f-914e-487299d32ca0@group-F675540FF66A-SegmentedRaftLogWorker: created new log segment /workdir/hadoop-ozone/integration-test/target/test-dir/MiniOzoneClusterImpl-874991c5-7d1a-4345-b538-2cfa836e270f/datanode-0/data/ratis/4c1a6b85-71f6-4fed-9e29-f675540ff66a/current/log_inprogress_0
2019-09-26 10:41:21,052 [54dcae81-dbd9-40b6-afc3-8b9ef3945f08@group-9BBDA1607583-SegmentedRaftLogWorker] INFO  segmented.SegmentedRaftLogWorker (SegmentedRaftLogWorker.java:execute(569)) - 54dcae81-dbd9-40b6-afc3-8b9ef3945f08@group-9BBDA1607583-SegmentedRaftLogWorker: created new log segment /workdir/hadoop-ozone/integration-test/target/test-dir/MiniOzoneClusterImpl-874991c5-7d1a-4345-b538-2cfa836e270f/datanode-2/data/ratis/26b9d80e-4cf7-44b6-94c2-9bbda1607583/current/log_inprogress_0
2019-09-26 10:41:21,183 [Thread-198] INFO  impl.FollowerState (FollowerState.java:run(106)) - c54107b3-e948-418f-914e-487299d32ca0:group-3C4CC7A1BAB8 changes to CANDIDATE, lastRpcTime:5181, electionTimeout:5181ms
2019-09-26 10:41:21,184 [Thread-198] INFO  impl.RoleInfo (RoleInfo.java:shutdownFollowerState(121)) - c54107b3-e948-418f-914e-487299d32ca0: shutdown FollowerState
2019-09-26 10:41:21,184 [Thread-198] INFO  impl.RaftServerImpl (RaftServerImpl.java:setRole(174)) - c54107b3-e948-418f-914e-487299d32ca0@group-3C4CC7A1BAB8: changes role from  FOLLOWER to CANDIDATE at term 0 for changeToCandidate
2019-09-26 10:41:21,184 [Thread-198] INFO  impl.RoleInfo (RoleInfo.java:updateAndGet(143)) - c54107b3-e948-418f-914e-487299d32ca0: start LeaderElection
2019-09-26 10:41:21,203 [c54107b3-e948-418f-914e-487299d32ca0@group-3C4CC7A1BAB8:LeaderElection7] INFO  impl.LeaderElection (LeaderElection.java:askForVotes(182)) - c54107b3-e948-418f-914e-487299d32ca0@group-3C4CC7A1BAB8:LeaderElection7: begin an election at term 1 for -1: [c54107b3-e948-418f-914e-487299d32ca0:192.168.30.13:35160], old=null
2019-09-26 10:41:21,203 [c54107b3-e948-418f-914e-487299d32ca0@group-3C4CC7A1BAB8:LeaderElection7] INFO  impl.RoleInfo (RoleInfo.java:shutdownLeaderElection(134)) - c54107b3-e948-418f-914e-487299d32ca0: shutdown LeaderElection
2019-09-26 10:41:21,203 [c54107b3-e948-418f-914e-487299d32ca0@group-3C4CC7A1BAB8:LeaderElection7] INFO  impl.RaftServerImpl (RaftServerImpl.java:setRole(174)) - c54107b3-e948-418f-914e-487299d32ca0@group-3C4CC7A1BAB8: changes role from CANDIDATE to LEADER at term 1 for changeToLeader
2019-09-26 10:41:21,203 [c54107b3-e948-418f-914e-487299d32ca0@group-3C4CC7A1BAB8:LeaderElection7] INFO  impl.RaftServerImpl (ServerState.java:setLeader(253)) - c54107b3-e948-418f-914e-487299d32ca0@group-3C4CC7A1BAB8: change Leader from null to c54107b3-e948-418f-914e-487299d32ca0 at term 1 for becomeLeader, leader elected after 5212ms
2019-09-26 10:41:21,204 [c54107b3-e948-418f-914e-487299d32ca0@group-3C4CC7A1BAB8:LeaderElection7] INFO  server.RaftServerConfigKeys (ConfUtils.java:logGet(43)) - raft.server.staging.catchup.gap = 1000 (default)
2019-09-26 10:41:21,204 [c54107b3-e948-418f-914e-487299d32ca0@group-3C4CC7A1BAB8:LeaderElection7] INFO  server.RaftServerConfigKeys (ConfUtils.java:logGet(43)) - raft.server.rpc.sleep.time = 25ms (default)
2019-09-26 10:41:21,204 [c54107b3-e948-418f-914e-487299d32ca0@group-3C4CC7A1BAB8:LeaderElection7] INFO  server.RaftServerConfigKeys (ConfUtils.java:logGet(43)) - raft.server.write.element-limit = 4096 (default)
2019-09-26 10:41:21,204 [c54107b3-e948-418f-914e-487299d32ca0@group-3C4CC7A1BAB8:LeaderElection7] INFO  server.RaftServerConfigKeys (ConfUtils.java:logGet(43)) - raft.server.watch.timeout = 10s (default)
2019-09-26 10:41:21,205 [c54107b3-e948-418f-914e-487299d32ca0@group-3C4CC7A1BAB8:LeaderElection7] INFO  server.RaftServerConfigKeys (ConfUtils.java:logGet(43)) - raft.server.watch.timeout.denomination = 1s (default)
2019-09-26 10:41:21,205 [c54107b3-e948-418f-914e-487299d32ca0@group-3C4CC7A1BAB8:LeaderElection7] INFO  server.RaftServerConfigKeys (ConfUtils.java:logGet(43)) - raft.server.watch.element-limit = 65536 (default)
2019-09-26 10:41:21,209 [c54107b3-e948-418f-914e-487299d32ca0@group-3C4CC7A1BAB8:LeaderElection7] INFO  impl.RoleInfo (RoleInfo.java:updateAndGet(143)) - c54107b3-e948-418f-914e-487299d32ca0: start LeaderState
2019-09-26 10:41:21,210 [c54107b3-e948-418f-914e-487299d32ca0@group-3C4CC7A1BAB8:LeaderElection7] INFO  segmented.SegmentedRaftLogWorker (SegmentedRaftLogWorker.java:startLogSegment(380)) - c54107b3-e948-418f-914e-487299d32ca0@group-3C4CC7A1BAB8-SegmentedRaftLogWorker: Starting segment from index:0
2019-09-26 10:41:21,211 [c54107b3-e948-418f-914e-487299d32ca0@group-3C4CC7A1BAB8:LeaderElection7] INFO  impl.RaftServerImpl (ServerState.java:setRaftConf(354)) - c54107b3-e948-418f-914e-487299d32ca0@group-3C4CC7A1BAB8: set configuration 0: [c54107b3-e948-418f-914e-487299d32ca0:192.168.30.13:35160], old=null at 0
2019-09-26 10:41:21,251 [Thread-201] INFO  impl.FollowerState (FollowerState.java:run(106)) - 54dcae81-dbd9-40b6-afc3-8b9ef3945f08:group-9EB42C96FD68 changes to CANDIDATE, lastRpcTime:5185, electionTimeout:5185ms
2019-09-26 10:41:21,251 [Thread-201] INFO  impl.RoleInfo (RoleInfo.java:shutdownFollowerState(121)) - 54dcae81-dbd9-40b6-afc3-8b9ef3945f08: shutdown FollowerState
2019-09-26 10:41:21,252 [Thread-201] INFO  impl.RaftServerImpl (RaftServerImpl.java:setRole(174)) - 54dcae81-dbd9-40b6-afc3-8b9ef3945f08@group-9EB42C96FD68: changes role from  FOLLOWER to CANDIDATE at term 0 for changeToCandidate
2019-09-26 10:41:21,252 [Thread-201] INFO  impl.RoleInfo (RoleInfo.java:updateAndGet(143)) - 54dcae81-dbd9-40b6-afc3-8b9ef3945f08: start LeaderElection
2019-09-26 10:41:21,262 [c54107b3-e948-418f-914e-487299d32ca0@group-3C4CC7A1BAB8-SegmentedRaftLogWorker] INFO  segmented.SegmentedRaftLogWorker (SegmentedRaftLogWorker.java:execute(569)) - c54107b3-e948-418f-914e-487299d32ca0@group-3C4CC7A1BAB8-SegmentedRaftLogWorker: created new log segment /workdir/hadoop-ozone/integration-test/target/test-dir/MiniOzoneClusterImpl-874991c5-7d1a-4345-b538-2cfa836e270f/datanode-0/data/ratis/b057db19-8f69-41b0-ba48-3c4cc7a1bab8/current/log_inprogress_0
2019-09-26 10:41:21,262 [54dcae81-dbd9-40b6-afc3-8b9ef3945f08@group-9EB42C96FD68:LeaderElection8] INFO  impl.LeaderElection (LeaderElection.java:askForVotes(182)) - 54dcae81-dbd9-40b6-afc3-8b9ef3945f08@group-9EB42C96FD68:LeaderElection8: begin an election at term 1 for -1: [54dcae81-dbd9-40b6-afc3-8b9ef3945f08:192.168.30.13:42120], old=null
2019-09-26 10:41:21,262 [54dcae81-dbd9-40b6-afc3-8b9ef3945f08@group-9EB42C96FD68:LeaderElection8] INFO  impl.RoleInfo (RoleInfo.java:shutdownLeaderElection(134)) - 54dcae81-dbd9-40b6-afc3-8b9ef3945f08: shutdown LeaderElection
2019-09-26 10:41:21,262 [54dcae81-dbd9-40b6-afc3-8b9ef3945f08@group-9EB42C96FD68:LeaderElection8] INFO  impl.RaftServerImpl (RaftServerImpl.java:setRole(174)) - 54dcae81-dbd9-40b6-afc3-8b9ef3945f08@group-9EB42C96FD68: changes role from CANDIDATE to LEADER at term 1 for changeToLeader
2019-09-26 10:41:21,262 [54dcae81-dbd9-40b6-afc3-8b9ef3945f08@group-9EB42C96FD68:LeaderElection8] INFO  impl.RaftServerImpl (ServerState.java:setLeader(253)) - 54dcae81-dbd9-40b6-afc3-8b9ef3945f08@group-9EB42C96FD68: change Leader from null to 54dcae81-dbd9-40b6-afc3-8b9ef3945f08 at term 1 for becomeLeader, leader elected after 5203ms
2019-09-26 10:41:21,263 [54dcae81-dbd9-40b6-afc3-8b9ef3945f08@group-9EB42C96FD68:LeaderElection8] INFO  server.RaftServerConfigKeys (ConfUtils.java:logGet(43)) - raft.server.staging.catchup.gap = 1000 (default)
2019-09-26 10:41:21,263 [54dcae81-dbd9-40b6-afc3-8b9ef3945f08@group-9EB42C96FD68:LeaderElection8] INFO  server.RaftServerConfigKeys (ConfUtils.java:logGet(43)) - raft.server.rpc.sleep.time = 25ms (default)
2019-09-26 10:41:21,263 [54dcae81-dbd9-40b6-afc3-8b9ef3945f08@group-9EB42C96FD68:LeaderElection8] INFO  server.RaftServerConfigKeys (ConfUtils.java:logGet(43)) - raft.server.write.element-limit = 4096 (default)
2019-09-26 10:41:21,263 [54dcae81-dbd9-40b6-afc3-8b9ef3945f08@group-9EB42C96FD68:LeaderElection8] INFO  server.RaftServerConfigKeys (ConfUtils.java:logGet(43)) - raft.server.watch.timeout = 10s (default)
2019-09-26 10:41:21,263 [54dcae81-dbd9-40b6-afc3-8b9ef3945f08@group-9EB42C96FD68:LeaderElection8] INFO  server.RaftServerConfigKeys (ConfUtils.java:logGet(43)) - raft.server.watch.timeout.denomination = 1s (default)
2019-09-26 10:41:21,263 [54dcae81-dbd9-40b6-afc3-8b9ef3945f08@group-9EB42C96FD68:LeaderElection8] INFO  server.RaftServerConfigKeys (ConfUtils.java:logGet(43)) - raft.server.watch.element-limit = 65536 (default)
2019-09-26 10:41:21,266 [54dcae81-dbd9-40b6-afc3-8b9ef3945f08@group-9EB42C96FD68:LeaderElection8] INFO  impl.RoleInfo (RoleInfo.java:updateAndGet(143)) - 54dcae81-dbd9-40b6-afc3-8b9ef3945f08: start LeaderState
2019-09-26 10:41:21,267 [54dcae81-dbd9-40b6-afc3-8b9ef3945f08@group-9EB42C96FD68:LeaderElection8] INFO  segmented.SegmentedRaftLogWorker (SegmentedRaftLogWorker.java:startLogSegment(380)) - 54dcae81-dbd9-40b6-afc3-8b9ef3945f08@group-9EB42C96FD68-SegmentedRaftLogWorker: Starting segment from index:0
2019-09-26 10:41:21,267 [54dcae81-dbd9-40b6-afc3-8b9ef3945f08@group-9EB42C96FD68:LeaderElection8] INFO  impl.RaftServerImpl (ServerState.java:setRaftConf(354)) - 54dcae81-dbd9-40b6-afc3-8b9ef3945f08@group-9EB42C96FD68: set configuration 0: [54dcae81-dbd9-40b6-afc3-8b9ef3945f08:192.168.30.13:42120], old=null at 0
2019-09-26 10:41:21,303 [Thread-207] INFO  impl.FollowerState (FollowerState.java:run(106)) - 54dcae81-dbd9-40b6-afc3-8b9ef3945f08:group-0E30943C1421 changes to CANDIDATE, lastRpcTime:5116, electionTimeout:5089ms
2019-09-26 10:41:21,303 [Thread-210] INFO  impl.FollowerState (FollowerState.java:run(106)) - 68b23fe9-fcf3-4ca6-9530-99b3113ca78f:group-9687CBA5F2A3 changes to CANDIDATE, lastRpcTime:5054, electionTimeout:5023ms
2019-09-26 10:41:21,303 [Thread-207] INFO  impl.RoleInfo (RoleInfo.java:shutdownFollowerState(121)) - 54dcae81-dbd9-40b6-afc3-8b9ef3945f08: shutdown FollowerState
2019-09-26 10:41:21,303 [Thread-210] INFO  impl.RoleInfo (RoleInfo.java:shutdownFollowerState(121)) - 68b23fe9-fcf3-4ca6-9530-99b3113ca78f: shutdown FollowerState
2019-09-26 10:41:21,303 [Thread-207] INFO  impl.RaftServerImpl (RaftServerImpl.java:setRole(174)) - 54dcae81-dbd9-40b6-afc3-8b9ef3945f08@group-0E30943C1421: changes role from  FOLLOWER to CANDIDATE at term 0 for changeToCandidate
2019-09-26 10:41:21,303 [Thread-210] INFO  impl.RaftServerImpl (RaftServerImpl.java:setRole(174)) - 68b23fe9-fcf3-4ca6-9530-99b3113ca78f@group-9687CBA5F2A3: changes role from  FOLLOWER to CANDIDATE at term 0 for changeToCandidate
2019-09-26 10:41:21,304 [Thread-207] INFO  impl.RoleInfo (RoleInfo.java:updateAndGet(143)) - 54dcae81-dbd9-40b6-afc3-8b9ef3945f08: start LeaderElection
2019-09-26 10:41:21,304 [Thread-210] INFO  impl.RoleInfo (RoleInfo.java:updateAndGet(143)) - 68b23fe9-fcf3-4ca6-9530-99b3113ca78f: start LeaderElection
2019-09-26 10:41:21,316 [54dcae81-dbd9-40b6-afc3-8b9ef3945f08@group-9EB42C96FD68-SegmentedRaftLogWorker] INFO  segmented.SegmentedRaftLogWorker (SegmentedRaftLogWorker.java:execute(569)) - 54dcae81-dbd9-40b6-afc3-8b9ef3945f08@group-9EB42C96FD68-SegmentedRaftLogWorker: created new log segment /workdir/hadoop-ozone/integration-test/target/test-dir/MiniOzoneClusterImpl-874991c5-7d1a-4345-b538-2cfa836e270f/datanode-2/data/ratis/53053957-e45d-4b0f-a3ef-9eb42c96fd68/current/log_inprogress_0
2019-09-26 10:41:21,316 [54dcae81-dbd9-40b6-afc3-8b9ef3945f08@group-0E30943C1421:LeaderElection9] INFO  impl.LeaderElection (LeaderElection.java:askForVotes(182)) - 54dcae81-dbd9-40b6-afc3-8b9ef3945f08@group-0E30943C1421:LeaderElection9: begin an election at term 1 for -1: [54dcae81-dbd9-40b6-afc3-8b9ef3945f08:192.168.30.13:42120], old=null
2019-09-26 10:41:21,316 [68b23fe9-fcf3-4ca6-9530-99b3113ca78f@group-9687CBA5F2A3:LeaderElection10] INFO  impl.LeaderElection (LeaderElection.java:askForVotes(182)) - 68b23fe9-fcf3-4ca6-9530-99b3113ca78f@group-9687CBA5F2A3:LeaderElection10: begin an election at term 1 for -1: [68b23fe9-fcf3-4ca6-9530-99b3113ca78f:192.168.30.13:41435], old=null
2019-09-26 10:41:21,316 [54dcae81-dbd9-40b6-afc3-8b9ef3945f08@group-0E30943C1421:LeaderElection9] INFO  impl.RoleInfo (RoleInfo.java:shutdownLeaderElection(134)) - 54dcae81-dbd9-40b6-afc3-8b9ef3945f08: shutdown LeaderElection
2019-09-26 10:41:21,316 [68b23fe9-fcf3-4ca6-9530-99b3113ca78f@group-9687CBA5F2A3:LeaderElection10] INFO  impl.RoleInfo (RoleInfo.java:shutdownLeaderElection(134)) - 68b23fe9-fcf3-4ca6-9530-99b3113ca78f: shutdown LeaderElection
2019-09-26 10:41:21,316 [54dcae81-dbd9-40b6-afc3-8b9ef3945f08@group-0E30943C1421:LeaderElection9] INFO  impl.RaftServerImpl (RaftServerImpl.java:setRole(174)) - 54dcae81-dbd9-40b6-afc3-8b9ef3945f08@group-0E30943C1421: changes role from CANDIDATE to LEADER at term 1 for changeToLeader
2019-09-26 10:41:21,317 [68b23fe9-fcf3-4ca6-9530-99b3113ca78f@group-9687CBA5F2A3:LeaderElection10] INFO  impl.RaftServerImpl (RaftServerImpl.java:setRole(174)) - 68b23fe9-fcf3-4ca6-9530-99b3113ca78f@group-9687CBA5F2A3: changes role from CANDIDATE to LEADER at term 1 for changeToLeader
2019-09-26 10:41:21,317 [54dcae81-dbd9-40b6-afc3-8b9ef3945f08@group-0E30943C1421:LeaderElection9] INFO  impl.RaftServerImpl (ServerState.java:setLeader(253)) - 54dcae81-dbd9-40b6-afc3-8b9ef3945f08@group-0E30943C1421: change Leader from null to 54dcae81-dbd9-40b6-afc3-8b9ef3945f08 at term 1 for becomeLeader, leader elected after 5138ms
2019-09-26 10:41:21,317 [68b23fe9-fcf3-4ca6-9530-99b3113ca78f@group-9687CBA5F2A3:LeaderElection10] INFO  impl.RaftServerImpl (ServerState.java:setLeader(253)) - 68b23fe9-fcf3-4ca6-9530-99b3113ca78f@group-9687CBA5F2A3: change Leader from null to 68b23fe9-fcf3-4ca6-9530-99b3113ca78f at term 1 for becomeLeader, leader elected after 5076ms
2019-09-26 10:41:21,317 [54dcae81-dbd9-40b6-afc3-8b9ef3945f08@group-0E30943C1421:LeaderElection9] INFO  server.RaftServerConfigKeys (ConfUtils.java:logGet(43)) - raft.server.staging.catchup.gap = 1000 (default)
2019-09-26 10:41:21,317 [68b23fe9-fcf3-4ca6-9530-99b3113ca78f@group-9687CBA5F2A3:LeaderElection10] INFO  server.RaftServerConfigKeys (ConfUtils.java:logGet(43)) - raft.server.staging.catchup.gap = 1000 (default)
2019-09-26 10:41:21,317 [54dcae81-dbd9-40b6-afc3-8b9ef3945f08@group-0E30943C1421:LeaderElection9] INFO  server.RaftServerConfigKeys (ConfUtils.java:logGet(43)) - raft.server.rpc.sleep.time = 25ms (default)
2019-09-26 10:41:21,317 [68b23fe9-fcf3-4ca6-9530-99b3113ca78f@group-9687CBA5F2A3:LeaderElection10] INFO  server.RaftServerConfigKeys (ConfUtils.java:logGet(43)) - raft.server.rpc.sleep.time = 25ms (default)
2019-09-26 10:41:21,317 [54dcae81-dbd9-40b6-afc3-8b9ef3945f08@group-0E30943C1421:LeaderElection9] INFO  server.RaftServerConfigKeys (ConfUtils.java:logGet(43)) - raft.server.write.element-limit = 4096 (default)
2019-09-26 10:41:21,318 [68b23fe9-fcf3-4ca6-9530-99b3113ca78f@group-9687CBA5F2A3:LeaderElection10] INFO  server.RaftServerConfigKeys (ConfUtils.java:logGet(43)) - raft.server.write.element-limit = 4096 (default)
2019-09-26 10:41:21,318 [54dcae81-dbd9-40b6-afc3-8b9ef3945f08@group-0E30943C1421:LeaderElection9] INFO  server.RaftServerConfigKeys (ConfUtils.java:logGet(43)) - raft.server.watch.timeout = 10s (default)
2019-09-26 10:41:21,318 [68b23fe9-fcf3-4ca6-9530-99b3113ca78f@group-9687CBA5F2A3:LeaderElection10] INFO  server.RaftServerConfigKeys (ConfUtils.java:logGet(43)) - raft.server.watch.timeout = 10s (default)
2019-09-26 10:41:21,318 [54dcae81-dbd9-40b6-afc3-8b9ef3945f08@group-0E30943C1421:LeaderElection9] INFO  server.RaftServerConfigKeys (ConfUtils.java:logGet(43)) - raft.server.watch.timeout.denomination = 1s (default)
2019-09-26 10:41:21,318 [68b23fe9-fcf3-4ca6-9530-99b3113ca78f@group-9687CBA5F2A3:LeaderElection10] INFO  server.RaftServerConfigKeys (ConfUtils.java:logGet(43)) - raft.server.watch.timeout.denomination = 1s (default)
2019-09-26 10:41:21,318 [54dcae81-dbd9-40b6-afc3-8b9ef3945f08@group-0E30943C1421:LeaderElection9] INFO  server.RaftServerConfigKeys (ConfUtils.java:logGet(43)) - raft.server.watch.element-limit = 65536 (default)
2019-09-26 10:41:21,318 [68b23fe9-fcf3-4ca6-9530-99b3113ca78f@group-9687CBA5F2A3:LeaderElection10] INFO  server.RaftServerConfigKeys (ConfUtils.java:logGet(43)) - raft.server.watch.element-limit = 65536 (default)
2019-09-26 10:41:21,322 [54dcae81-dbd9-40b6-afc3-8b9ef3945f08@group-0E30943C1421:LeaderElection9] INFO  impl.RoleInfo (RoleInfo.java:updateAndGet(143)) - 54dcae81-dbd9-40b6-afc3-8b9ef3945f08: start LeaderState
2019-09-26 10:41:21,322 [Thread-204] INFO  impl.FollowerState (FollowerState.java:run(106)) - 54dcae81-dbd9-40b6-afc3-8b9ef3945f08:group-234A8C21A7B4 changes to CANDIDATE, lastRpcTime:5195, electionTimeout:5195ms
2019-09-26 10:41:21,322 [68b23fe9-fcf3-4ca6-9530-99b3113ca78f@group-9687CBA5F2A3:LeaderElection10] INFO  impl.RoleInfo (RoleInfo.java:updateAndGet(143)) - 68b23fe9-fcf3-4ca6-9530-99b3113ca78f: start LeaderState
2019-09-26 10:41:21,323 [Thread-204] INFO  impl.RoleInfo (RoleInfo.java:shutdownFollowerState(121)) - 54dcae81-dbd9-40b6-afc3-8b9ef3945f08: shutdown FollowerState
2019-09-26 10:41:21,323 [54dcae81-dbd9-40b6-afc3-8b9ef3945f08@group-0E30943C1421:LeaderElection9] INFO  segmented.SegmentedRaftLogWorker (SegmentedRaftLogWorker.java:startLogSegment(380)) - 54dcae81-dbd9-40b6-afc3-8b9ef3945f08@group-0E30943C1421-SegmentedRaftLogWorker: Starting segment from index:0
2019-09-26 10:41:21,323 [Thread-204] INFO  impl.RaftServerImpl (RaftServerImpl.java:setRole(174)) - 54dcae81-dbd9-40b6-afc3-8b9ef3945f08@group-234A8C21A7B4: changes role from  FOLLOWER to CANDIDATE at term 0 for changeToCandidate
2019-09-26 10:41:21,323 [68b23fe9-fcf3-4ca6-9530-99b3113ca78f@group-9687CBA5F2A3:LeaderElection10] INFO  segmented.SegmentedRaftLogWorker (SegmentedRaftLogWorker.java:startLogSegment(380)) - 68b23fe9-fcf3-4ca6-9530-99b3113ca78f@group-9687CBA5F2A3-SegmentedRaftLogWorker: Starting segment from index:0
2019-09-26 10:41:21,323 [Thread-204] INFO  impl.RoleInfo (RoleInfo.java:updateAndGet(143)) - 54dcae81-dbd9-40b6-afc3-8b9ef3945f08: start LeaderElection
2019-09-26 10:41:21,324 [54dcae81-dbd9-40b6-afc3-8b9ef3945f08@group-0E30943C1421:LeaderElection9] INFO  impl.RaftServerImpl (ServerState.java:setRaftConf(354)) - 54dcae81-dbd9-40b6-afc3-8b9ef3945f08@group-0E30943C1421: set configuration 0: [54dcae81-dbd9-40b6-afc3-8b9ef3945f08:192.168.30.13:42120], old=null at 0
2019-09-26 10:41:21,324 [68b23fe9-fcf3-4ca6-9530-99b3113ca78f@group-9687CBA5F2A3:LeaderElection10] INFO  impl.RaftServerImpl (ServerState.java:setRaftConf(354)) - 68b23fe9-fcf3-4ca6-9530-99b3113ca78f@group-9687CBA5F2A3: set configuration 0: [68b23fe9-fcf3-4ca6-9530-99b3113ca78f:192.168.30.13:41435], old=null at 0
2019-09-26 10:41:21,381 [54dcae81-dbd9-40b6-afc3-8b9ef3945f08@group-0E30943C1421-SegmentedRaftLogWorker] INFO  segmented.SegmentedRaftLogWorker (SegmentedRaftLogWorker.java:execute(569)) - 54dcae81-dbd9-40b6-afc3-8b9ef3945f08@group-0E30943C1421-SegmentedRaftLogWorker: created new log segment /workdir/hadoop-ozone/integration-test/target/test-dir/MiniOzoneClusterImpl-874991c5-7d1a-4345-b538-2cfa836e270f/datanode-2/data/ratis/23f5f17f-1344-4d8e-974c-0e30943c1421/current/log_inprogress_0
2019-09-26 10:41:21,381 [54dcae81-dbd9-40b6-afc3-8b9ef3945f08@group-234A8C21A7B4:LeaderElection11] INFO  impl.LeaderElection (LeaderElection.java:askForVotes(182)) - 54dcae81-dbd9-40b6-afc3-8b9ef3945f08@group-234A8C21A7B4:LeaderElection11: begin an election at term 1 for -1: [54dcae81-dbd9-40b6-afc3-8b9ef3945f08:192.168.30.13:42120], old=null
2019-09-26 10:41:21,381 [68b23fe9-fcf3-4ca6-9530-99b3113ca78f@group-9687CBA5F2A3-SegmentedRaftLogWorker] INFO  segmented.SegmentedRaftLogWorker (SegmentedRaftLogWorker.java:execute(569)) - 68b23fe9-fcf3-4ca6-9530-99b3113ca78f@group-9687CBA5F2A3-SegmentedRaftLogWorker: created new log segment /workdir/hadoop-ozone/integration-test/target/test-dir/MiniOzoneClusterImpl-874991c5-7d1a-4345-b538-2cfa836e270f/datanode-1/data/ratis/173ef0bc-e65c-44e8-9cdb-9687cba5f2a3/current/log_inprogress_0
2019-09-26 10:41:21,381 [54dcae81-dbd9-40b6-afc3-8b9ef3945f08@group-234A8C21A7B4:LeaderElection11] INFO  impl.RoleInfo (RoleInfo.java:shutdownLeaderElection(134)) - 54dcae81-dbd9-40b6-afc3-8b9ef3945f08: shutdown LeaderElection
2019-09-26 10:41:21,382 [54dcae81-dbd9-40b6-afc3-8b9ef3945f08@group-234A8C21A7B4:LeaderElection11] INFO  impl.RaftServerImpl (RaftServerImpl.java:setRole(174)) - 54dcae81-dbd9-40b6-afc3-8b9ef3945f08@group-234A8C21A7B4: changes role from CANDIDATE to LEADER at term 1 for changeToLeader
2019-09-26 10:41:21,382 [54dcae81-dbd9-40b6-afc3-8b9ef3945f08@group-234A8C21A7B4:LeaderElection11] INFO  impl.RaftServerImpl (ServerState.java:setLeader(253)) - 54dcae81-dbd9-40b6-afc3-8b9ef3945f08@group-234A8C21A7B4: change Leader from null to 54dcae81-dbd9-40b6-afc3-8b9ef3945f08 at term 1 for becomeLeader, leader elected after 5262ms
2019-09-26 10:41:21,382 [54dcae81-dbd9-40b6-afc3-8b9ef3945f08@group-234A8C21A7B4:LeaderElection11] INFO  server.RaftServerConfigKeys (ConfUtils.java:logGet(43)) - raft.server.staging.catchup.gap = 1000 (default)
2019-09-26 10:41:21,382 [54dcae81-dbd9-40b6-afc3-8b9ef3945f08@group-234A8C21A7B4:LeaderElection11] INFO  server.RaftServerConfigKeys (ConfUtils.java:logGet(43)) - raft.server.rpc.sleep.time = 25ms (default)
2019-09-26 10:41:21,382 [54dcae81-dbd9-40b6-afc3-8b9ef3945f08@group-234A8C21A7B4:LeaderElection11] INFO  server.RaftServerConfigKeys (ConfUtils.java:logGet(43)) - raft.server.write.element-limit = 4096 (default)
2019-09-26 10:41:21,383 [54dcae81-dbd9-40b6-afc3-8b9ef3945f08@group-234A8C21A7B4:LeaderElection11] INFO  server.RaftServerConfigKeys (ConfUtils.java:logGet(43)) - raft.server.watch.timeout = 10s (default)
2019-09-26 10:41:21,383 [54dcae81-dbd9-40b6-afc3-8b9ef3945f08@group-234A8C21A7B4:LeaderElection11] INFO  server.RaftServerConfigKeys (ConfUtils.java:logGet(43)) - raft.server.watch.timeout.denomination = 1s (default)
2019-09-26 10:41:21,383 [54dcae81-dbd9-40b6-afc3-8b9ef3945f08@group-234A8C21A7B4:LeaderElection11] INFO  server.RaftServerConfigKeys (ConfUtils.java:logGet(43)) - raft.server.watch.element-limit = 65536 (default)
2019-09-26 10:41:21,386 [54dcae81-dbd9-40b6-afc3-8b9ef3945f08@group-234A8C21A7B4:LeaderElection11] INFO  impl.RoleInfo (RoleInfo.java:updateAndGet(143)) - 54dcae81-dbd9-40b6-afc3-8b9ef3945f08: start LeaderState
2019-09-26 10:41:21,387 [54dcae81-dbd9-40b6-afc3-8b9ef3945f08@group-234A8C21A7B4:LeaderElection11] INFO  segmented.SegmentedRaftLogWorker (SegmentedRaftLogWorker.java:startLogSegment(380)) - 54dcae81-dbd9-40b6-afc3-8b9ef3945f08@group-234A8C21A7B4-SegmentedRaftLogWorker: Starting segment from index:0
2019-09-26 10:41:21,387 [54dcae81-dbd9-40b6-afc3-8b9ef3945f08@group-234A8C21A7B4:LeaderElection11] INFO  impl.RaftServerImpl (ServerState.java:setRaftConf(354)) - 54dcae81-dbd9-40b6-afc3-8b9ef3945f08@group-234A8C21A7B4: set configuration 0: [54dcae81-dbd9-40b6-afc3-8b9ef3945f08:192.168.30.13:42120], old=null at 0
2019-09-26 10:41:21,442 [54dcae81-dbd9-40b6-afc3-8b9ef3945f08@group-234A8C21A7B4-SegmentedRaftLogWorker] INFO  segmented.SegmentedRaftLogWorker (SegmentedRaftLogWorker.java:execute(569)) - 54dcae81-dbd9-40b6-afc3-8b9ef3945f08@group-234A8C21A7B4-SegmentedRaftLogWorker: created new log segment /workdir/hadoop-ozone/integration-test/target/test-dir/MiniOzoneClusterImpl-874991c5-7d1a-4345-b538-2cfa836e270f/datanode-2/data/ratis/582f5bac-95df-4709-b1cc-234a8c21a7b4/current/log_inprogress_0
2019-09-26 10:41:21,472 [Thread-213] INFO  impl.FollowerState (FollowerState.java:run(106)) - 68b23fe9-fcf3-4ca6-9530-99b3113ca78f:group-13B516527621 changes to CANDIDATE, lastRpcTime:5164, electionTimeout:5164ms
2019-09-26 10:41:21,472 [Thread-213] INFO  impl.RoleInfo (RoleInfo.java:shutdownFollowerState(121)) - 68b23fe9-fcf3-4ca6-9530-99b3113ca78f: shutdown FollowerState
2019-09-26 10:41:21,473 [Thread-213] INFO  impl.RaftServerImpl (RaftServerImpl.java:setRole(174)) - 68b23fe9-fcf3-4ca6-9530-99b3113ca78f@group-13B516527621: changes role from  FOLLOWER to CANDIDATE at term 0 for changeToCandidate
2019-09-26 10:41:21,473 [Thread-213] INFO  impl.RoleInfo (RoleInfo.java:updateAndGet(143)) - 68b23fe9-fcf3-4ca6-9530-99b3113ca78f: start LeaderElection
2019-09-26 10:41:21,489 [68b23fe9-fcf3-4ca6-9530-99b3113ca78f@group-13B516527621:LeaderElection12] INFO  impl.LeaderElection (LeaderElection.java:askForVotes(182)) - 68b23fe9-fcf3-4ca6-9530-99b3113ca78f@group-13B516527621:LeaderElection12: begin an election at term 1 for -1: [68b23fe9-fcf3-4ca6-9530-99b3113ca78f:192.168.30.13:41435], old=null
2019-09-26 10:41:21,489 [68b23fe9-fcf3-4ca6-9530-99b3113ca78f@group-13B516527621:LeaderElection12] INFO  impl.RoleInfo (RoleInfo.java:shutdownLeaderElection(134)) - 68b23fe9-fcf3-4ca6-9530-99b3113ca78f: shutdown LeaderElection
2019-09-26 10:41:21,490 [68b23fe9-fcf3-4ca6-9530-99b3113ca78f@group-13B516527621:LeaderElection12] INFO  impl.RaftServerImpl (RaftServerImpl.java:setRole(174)) - 68b23fe9-fcf3-4ca6-9530-99b3113ca78f@group-13B516527621: changes role from CANDIDATE to LEADER at term 1 for changeToLeader
2019-09-26 10:41:21,490 [68b23fe9-fcf3-4ca6-9530-99b3113ca78f@group-13B516527621:LeaderElection12] INFO  impl.RaftServerImpl (ServerState.java:setLeader(253)) - 68b23fe9-fcf3-4ca6-9530-99b3113ca78f@group-13B516527621: change Leader from null to 68b23fe9-fcf3-4ca6-9530-99b3113ca78f at term 1 for becomeLeader, leader elected after 5189ms
2019-09-26 10:41:21,490 [68b23fe9-fcf3-4ca6-9530-99b3113ca78f@group-13B516527621:LeaderElection12] INFO  server.RaftServerConfigKeys (ConfUtils.java:logGet(43)) - raft.server.staging.catchup.gap = 1000 (default)
2019-09-26 10:41:21,490 [68b23fe9-fcf3-4ca6-9530-99b3113ca78f@group-13B516527621:LeaderElection12] INFO  server.RaftServerConfigKeys (ConfUtils.java:logGet(43)) - raft.server.rpc.sleep.time = 25ms (default)
2019-09-26 10:41:21,490 [68b23fe9-fcf3-4ca6-9530-99b3113ca78f@group-13B516527621:LeaderElection12] INFO  server.RaftServerConfigKeys (ConfUtils.java:logGet(43)) - raft.server.write.element-limit = 4096 (default)
2019-09-26 10:41:21,491 [68b23fe9-fcf3-4ca6-9530-99b3113ca78f@group-13B516527621:LeaderElection12] INFO  server.RaftServerConfigKeys (ConfUtils.java:logGet(43)) - raft.server.watch.timeout = 10s (default)
2019-09-26 10:41:21,491 [68b23fe9-fcf3-4ca6-9530-99b3113ca78f@group-13B516527621:LeaderElection12] INFO  server.RaftServerConfigKeys (ConfUtils.java:logGet(43)) - raft.server.watch.timeout.denomination = 1s (default)
2019-09-26 10:41:21,491 [68b23fe9-fcf3-4ca6-9530-99b3113ca78f@group-13B516527621:LeaderElection12] INFO  server.RaftServerConfigKeys (ConfUtils.java:logGet(43)) - raft.server.watch.element-limit = 65536 (default)
2019-09-26 10:41:21,495 [68b23fe9-fcf3-4ca6-9530-99b3113ca78f@group-13B516527621:LeaderElection12] INFO  impl.RoleInfo (RoleInfo.java:updateAndGet(143)) - 68b23fe9-fcf3-4ca6-9530-99b3113ca78f: start LeaderState
2019-09-26 10:41:21,496 [68b23fe9-fcf3-4ca6-9530-99b3113ca78f@group-13B516527621:LeaderElection12] INFO  segmented.SegmentedRaftLogWorker (SegmentedRaftLogWorker.java:startLogSegment(380)) - 68b23fe9-fcf3-4ca6-9530-99b3113ca78f@group-13B516527621-SegmentedRaftLogWorker: Starting segment from index:0
2019-09-26 10:41:21,496 [68b23fe9-fcf3-4ca6-9530-99b3113ca78f@group-13B516527621:LeaderElection12] INFO  impl.RaftServerImpl (ServerState.java:setRaftConf(354)) - 68b23fe9-fcf3-4ca6-9530-99b3113ca78f@group-13B516527621: set configuration 0: [68b23fe9-fcf3-4ca6-9530-99b3113ca78f:192.168.30.13:41435], old=null at 0
2019-09-26 10:41:21,535 [Thread-216] INFO  impl.FollowerState (FollowerState.java:run(106)) - 68b23fe9-fcf3-4ca6-9530-99b3113ca78f:group-8C178DA2457D changes to CANDIDATE, lastRpcTime:5171, electionTimeout:5153ms
2019-09-26 10:41:21,536 [Thread-216] INFO  impl.RoleInfo (RoleInfo.java:shutdownFollowerState(121)) - 68b23fe9-fcf3-4ca6-9530-99b3113ca78f: shutdown FollowerState
2019-09-26 10:41:21,537 [Thread-216] INFO  impl.RaftServerImpl (RaftServerImpl.java:setRole(174)) - 68b23fe9-fcf3-4ca6-9530-99b3113ca78f@group-8C178DA2457D: changes role from  FOLLOWER to CANDIDATE at term 0 for changeToCandidate
2019-09-26 10:41:21,537 [Thread-216] INFO  impl.RoleInfo (RoleInfo.java:updateAndGet(143)) - 68b23fe9-fcf3-4ca6-9530-99b3113ca78f: start LeaderElection
2019-09-26 10:41:21,548 [68b23fe9-fcf3-4ca6-9530-99b3113ca78f@group-13B516527621-SegmentedRaftLogWorker] INFO  segmented.SegmentedRaftLogWorker (SegmentedRaftLogWorker.java:execute(569)) - 68b23fe9-fcf3-4ca6-9530-99b3113ca78f@group-13B516527621-SegmentedRaftLogWorker: created new log segment /workdir/hadoop-ozone/integration-test/target/test-dir/MiniOzoneClusterImpl-874991c5-7d1a-4345-b538-2cfa836e270f/datanode-1/data/ratis/1fc9c014-9588-4fa7-b3e8-13b516527621/current/log_inprogress_0
2019-09-26 10:41:21,548 [68b23fe9-fcf3-4ca6-9530-99b3113ca78f@group-8C178DA2457D:LeaderElection13] INFO  impl.LeaderElection (LeaderElection.java:askForVotes(182)) - 68b23fe9-fcf3-4ca6-9530-99b3113ca78f@group-8C178DA2457D:LeaderElection13: begin an election at term 1 for -1: [68b23fe9-fcf3-4ca6-9530-99b3113ca78f:192.168.30.13:41435], old=null
2019-09-26 10:41:21,548 [68b23fe9-fcf3-4ca6-9530-99b3113ca78f@group-8C178DA2457D:LeaderElection13] INFO  impl.RoleInfo (RoleInfo.java:shutdownLeaderElection(134)) - 68b23fe9-fcf3-4ca6-9530-99b3113ca78f: shutdown LeaderElection
2019-09-26 10:41:21,548 [68b23fe9-fcf3-4ca6-9530-99b3113ca78f@group-8C178DA2457D:LeaderElection13] INFO  impl.RaftServerImpl (RaftServerImpl.java:setRole(174)) - 68b23fe9-fcf3-4ca6-9530-99b3113ca78f@group-8C178DA2457D: changes role from CANDIDATE to LEADER at term 1 for changeToLeader
2019-09-26 10:41:21,549 [68b23fe9-fcf3-4ca6-9530-99b3113ca78f@group-8C178DA2457D:LeaderElection13] INFO  impl.RaftServerImpl (ServerState.java:setLeader(253)) - 68b23fe9-fcf3-4ca6-9530-99b3113ca78f@group-8C178DA2457D: change Leader from null to 68b23fe9-fcf3-4ca6-9530-99b3113ca78f at term 1 for becomeLeader, leader elected after 5192ms
2019-09-26 10:41:21,549 [68b23fe9-fcf3-4ca6-9530-99b3113ca78f@group-8C178DA2457D:LeaderElection13] INFO  server.RaftServerConfigKeys (ConfUtils.java:logGet(43)) - raft.server.staging.catchup.gap = 1000 (default)
2019-09-26 10:41:21,549 [68b23fe9-fcf3-4ca6-9530-99b3113ca78f@group-8C178DA2457D:LeaderElection13] INFO  server.RaftServerConfigKeys (ConfUtils.java:logGet(43)) - raft.server.rpc.sleep.time = 25ms (default)
2019-09-26 10:41:21,549 [68b23fe9-fcf3-4ca6-9530-99b3113ca78f@group-8C178DA2457D:LeaderElection13] INFO  server.RaftServerConfigKeys (ConfUtils.java:logGet(43)) - raft.server.write.element-limit = 4096 (default)
2019-09-26 10:41:21,549 [68b23fe9-fcf3-4ca6-9530-99b3113ca78f@group-8C178DA2457D:LeaderElection13] INFO  server.RaftServerConfigKeys (ConfUtils.java:logGet(43)) - raft.server.watch.timeout = 10s (default)
2019-09-26 10:41:21,550 [68b23fe9-fcf3-4ca6-9530-99b3113ca78f@group-8C178DA2457D:LeaderElection13] INFO  server.RaftServerConfigKeys (ConfUtils.java:logGet(43)) - raft.server.watch.timeout.denomination = 1s (default)
2019-09-26 10:41:21,550 [68b23fe9-fcf3-4ca6-9530-99b3113ca78f@group-8C178DA2457D:LeaderElection13] INFO  server.RaftServerConfigKeys (ConfUtils.java:logGet(43)) - raft.server.watch.element-limit = 65536 (default)
2019-09-26 10:41:21,553 [68b23fe9-fcf3-4ca6-9530-99b3113ca78f@group-8C178DA2457D:LeaderElection13] INFO  impl.RoleInfo (RoleInfo.java:updateAndGet(143)) - 68b23fe9-fcf3-4ca6-9530-99b3113ca78f: start LeaderState
2019-09-26 10:41:21,554 [68b23fe9-fcf3-4ca6-9530-99b3113ca78f@group-8C178DA2457D:LeaderElection13] INFO  segmented.SegmentedRaftLogWorker (SegmentedRaftLogWorker.java:startLogSegment(380)) - 68b23fe9-fcf3-4ca6-9530-99b3113ca78f@group-8C178DA2457D-SegmentedRaftLogWorker: Starting segment from index:0
2019-09-26 10:41:21,554 [68b23fe9-fcf3-4ca6-9530-99b3113ca78f@group-8C178DA2457D:LeaderElection13] INFO  impl.RaftServerImpl (ServerState.java:setRaftConf(354)) - 68b23fe9-fcf3-4ca6-9530-99b3113ca78f@group-8C178DA2457D: set configuration 0: [68b23fe9-fcf3-4ca6-9530-99b3113ca78f:192.168.30.13:41435], old=null at 0
2019-09-26 10:41:21,594 [Thread-219] INFO  impl.FollowerState (FollowerState.java:run(106)) - 54dcae81-dbd9-40b6-afc3-8b9ef3945f08:group-FFCE1CBE7B48 changes to CANDIDATE, lastRpcTime:5171, electionTimeout:5164ms
2019-09-26 10:41:21,595 [Thread-219] INFO  impl.RoleInfo (RoleInfo.java:shutdownFollowerState(121)) - 54dcae81-dbd9-40b6-afc3-8b9ef3945f08: shutdown FollowerState
2019-09-26 10:41:21,595 [Thread-219] INFO  impl.RaftServerImpl (RaftServerImpl.java:setRole(174)) - 54dcae81-dbd9-40b6-afc3-8b9ef3945f08@group-FFCE1CBE7B48: changes role from  FOLLOWER to CANDIDATE at term 0 for changeToCandidate
2019-09-26 10:41:21,595 [Thread-219] INFO  impl.RoleInfo (RoleInfo.java:updateAndGet(143)) - 54dcae81-dbd9-40b6-afc3-8b9ef3945f08: start LeaderElection
2019-09-26 10:41:21,607 [68b23fe9-fcf3-4ca6-9530-99b3113ca78f@group-8C178DA2457D-SegmentedRaftLogWorker] INFO  segmented.SegmentedRaftLogWorker (SegmentedRaftLogWorker.java:execute(569)) - 68b23fe9-fcf3-4ca6-9530-99b3113ca78f@group-8C178DA2457D-SegmentedRaftLogWorker: created new log segment /workdir/hadoop-ozone/integration-test/target/test-dir/MiniOzoneClusterImpl-874991c5-7d1a-4345-b538-2cfa836e270f/datanode-1/data/ratis/98206d91-d9ea-4679-b75f-8c178da2457d/current/log_inprogress_0
2019-09-26 10:41:21,607 [54dcae81-dbd9-40b6-afc3-8b9ef3945f08@group-FFCE1CBE7B48:LeaderElection14] INFO  impl.LeaderElection (LeaderElection.java:askForVotes(182)) - 54dcae81-dbd9-40b6-afc3-8b9ef3945f08@group-FFCE1CBE7B48:LeaderElection14: begin an election at term 1 for -1: [54dcae81-dbd9-40b6-afc3-8b9ef3945f08:192.168.30.13:42120], old=null
2019-09-26 10:41:21,608 [54dcae81-dbd9-40b6-afc3-8b9ef3945f08@group-FFCE1CBE7B48:LeaderElection14] INFO  impl.RoleInfo (RoleInfo.java:shutdownLeaderElection(134)) - 54dcae81-dbd9-40b6-afc3-8b9ef3945f08: shutdown LeaderElection
2019-09-26 10:41:21,608 [54dcae81-dbd9-40b6-afc3-8b9ef3945f08@group-FFCE1CBE7B48:LeaderElection14] INFO  impl.RaftServerImpl (RaftServerImpl.java:setRole(174)) - 54dcae81-dbd9-40b6-afc3-8b9ef3945f08@group-FFCE1CBE7B48: changes role from CANDIDATE to LEADER at term 1 for changeToLeader
2019-09-26 10:41:21,608 [54dcae81-dbd9-40b6-afc3-8b9ef3945f08@group-FFCE1CBE7B48:LeaderElection14] INFO  impl.RaftServerImpl (ServerState.java:setLeader(253)) - 54dcae81-dbd9-40b6-afc3-8b9ef3945f08@group-FFCE1CBE7B48: change Leader from null to 54dcae81-dbd9-40b6-afc3-8b9ef3945f08 at term 1 for becomeLeader, leader elected after 5192ms
2019-09-26 10:41:21,608 [54dcae81-dbd9-40b6-afc3-8b9ef3945f08@group-FFCE1CBE7B48:LeaderElection14] INFO  server.RaftServerConfigKeys (ConfUtils.java:logGet(43)) - raft.server.staging.catchup.gap = 1000 (default)
2019-09-26 10:41:21,608 [54dcae81-dbd9-40b6-afc3-8b9ef3945f08@group-FFCE1CBE7B48:LeaderElection14] INFO  server.RaftServerConfigKeys (ConfUtils.java:logGet(43)) - raft.server.rpc.sleep.time = 25ms (default)
2019-09-26 10:41:21,609 [54dcae81-dbd9-40b6-afc3-8b9ef3945f08@group-FFCE1CBE7B48:LeaderElection14] INFO  server.RaftServerConfigKeys (ConfUtils.java:logGet(43)) - raft.server.write.element-limit = 4096 (default)
2019-09-26 10:41:21,609 [54dcae81-dbd9-40b6-afc3-8b9ef3945f08@group-FFCE1CBE7B48:LeaderElection14] INFO  server.RaftServerConfigKeys (ConfUtils.java:logGet(43)) - raft.server.watch.timeout = 10s (default)
2019-09-26 10:41:21,609 [54dcae81-dbd9-40b6-afc3-8b9ef3945f08@group-FFCE1CBE7B48:LeaderElection14] INFO  server.RaftServerConfigKeys (ConfUtils.java:logGet(43)) - raft.server.watch.timeout.denomination = 1s (default)
2019-09-26 10:41:21,609 [54dcae81-dbd9-40b6-afc3-8b9ef3945f08@group-FFCE1CBE7B48:LeaderElection14] INFO  server.RaftServerConfigKeys (ConfUtils.java:logGet(43)) - raft.server.watch.element-limit = 65536 (default)
2019-09-26 10:41:21,613 [54dcae81-dbd9-40b6-afc3-8b9ef3945f08@group-FFCE1CBE7B48:LeaderElection14] INFO  impl.RoleInfo (RoleInfo.java:updateAndGet(143)) - 54dcae81-dbd9-40b6-afc3-8b9ef3945f08: start LeaderState
2019-09-26 10:41:21,613 [54dcae81-dbd9-40b6-afc3-8b9ef3945f08@group-FFCE1CBE7B48:LeaderElection14] INFO  segmented.SegmentedRaftLogWorker (SegmentedRaftLogWorker.java:startLogSegment(380)) - 54dcae81-dbd9-40b6-afc3-8b9ef3945f08@group-FFCE1CBE7B48-SegmentedRaftLogWorker: Starting segment from index:0
2019-09-26 10:41:21,614 [54dcae81-dbd9-40b6-afc3-8b9ef3945f08@group-FFCE1CBE7B48:LeaderElection14] INFO  impl.RaftServerImpl (ServerState.java:setRaftConf(354)) - 54dcae81-dbd9-40b6-afc3-8b9ef3945f08@group-FFCE1CBE7B48: set configuration 0: [54dcae81-dbd9-40b6-afc3-8b9ef3945f08:192.168.30.13:42120], old=null at 0
2019-09-26 10:41:21,656 [Thread-225] INFO  impl.FollowerState (FollowerState.java:run(106)) - c54107b3-e948-418f-914e-487299d32ca0:group-61B815D75128 changes to CANDIDATE, lastRpcTime:5102, electionTimeout:5098ms
2019-09-26 10:41:21,656 [Thread-222] INFO  impl.FollowerState (FollowerState.java:run(106)) - 68b23fe9-fcf3-4ca6-9530-99b3113ca78f:group-199D35C1490C changes to CANDIDATE, lastRpcTime:5164, electionTimeout:5149ms
2019-09-26 10:41:21,656 [Thread-225] INFO  impl.RoleInfo (RoleInfo.java:shutdownFollowerState(121)) - c54107b3-e948-418f-914e-487299d32ca0: shutdown FollowerState
2019-09-26 10:41:21,657 [Thread-225] INFO  impl.RaftServerImpl (RaftServerImpl.java:setRole(174)) - c54107b3-e948-418f-914e-487299d32ca0@group-61B815D75128: changes role from  FOLLOWER to CANDIDATE at term 0 for changeToCandidate
2019-09-26 10:41:21,657 [Thread-222] INFO  impl.RoleInfo (RoleInfo.java:shutdownFollowerState(121)) - 68b23fe9-fcf3-4ca6-9530-99b3113ca78f: shutdown FollowerState
2019-09-26 10:41:21,657 [Thread-225] INFO  impl.RoleInfo (RoleInfo.java:updateAndGet(143)) - c54107b3-e948-418f-914e-487299d32ca0: start LeaderElection
2019-09-26 10:41:21,657 [Thread-222] INFO  impl.RaftServerImpl (RaftServerImpl.java:setRole(174)) - 68b23fe9-fcf3-4ca6-9530-99b3113ca78f@group-199D35C1490C: changes role from  FOLLOWER to CANDIDATE at term 0 for changeToCandidate
2019-09-26 10:41:21,657 [Thread-222] INFO  impl.RoleInfo (RoleInfo.java:updateAndGet(143)) - 68b23fe9-fcf3-4ca6-9530-99b3113ca78f: start LeaderElection
2019-09-26 10:41:21,671 [54dcae81-dbd9-40b6-afc3-8b9ef3945f08@group-FFCE1CBE7B48-SegmentedRaftLogWorker] INFO  segmented.SegmentedRaftLogWorker (SegmentedRaftLogWorker.java:execute(569)) - 54dcae81-dbd9-40b6-afc3-8b9ef3945f08@group-FFCE1CBE7B48-SegmentedRaftLogWorker: created new log segment /workdir/hadoop-ozone/integration-test/target/test-dir/MiniOzoneClusterImpl-874991c5-7d1a-4345-b538-2cfa836e270f/datanode-2/data/ratis/a18e33b4-1a4a-4af8-b3b0-ffce1cbe7b48/current/log_inprogress_0
2019-09-26 10:41:21,671 [c54107b3-e948-418f-914e-487299d32ca0@group-61B815D75128:LeaderElection15] INFO  impl.LeaderElection (LeaderElection.java:askForVotes(182)) - c54107b3-e948-418f-914e-487299d32ca0@group-61B815D75128:LeaderElection15: begin an election at term 1 for -1: [c54107b3-e948-418f-914e-487299d32ca0:192.168.30.13:35160], old=null
2019-09-26 10:41:21,671 [68b23fe9-fcf3-4ca6-9530-99b3113ca78f@group-199D35C1490C:LeaderElection16] INFO  impl.LeaderElection (LeaderElection.java:askForVotes(182)) - 68b23fe9-fcf3-4ca6-9530-99b3113ca78f@group-199D35C1490C:LeaderElection16: begin an election at term 1 for -1: [68b23fe9-fcf3-4ca6-9530-99b3113ca78f:192.168.30.13:41435], old=null
2019-09-26 10:41:21,671 [c54107b3-e948-418f-914e-487299d32ca0@group-61B815D75128:LeaderElection15] INFO  impl.RoleInfo (RoleInfo.java:shutdownLeaderElection(134)) - c54107b3-e948-418f-914e-487299d32ca0: shutdown LeaderElection
2019-09-26 10:41:21,672 [68b23fe9-fcf3-4ca6-9530-99b3113ca78f@group-199D35C1490C:LeaderElection16] INFO  impl.RoleInfo (RoleInfo.java:shutdownLeaderElection(134)) - 68b23fe9-fcf3-4ca6-9530-99b3113ca78f: shutdown LeaderElection
2019-09-26 10:41:21,672 [Thread-228] INFO  impl.FollowerState (FollowerState.java:run(106)) - c54107b3-e948-418f-914e-487299d32ca0:group-C51ADDCA015C changes to CANDIDATE, lastRpcTime:5042, electionTimeout:5042ms
2019-09-26 10:41:21,672 [68b23fe9-fcf3-4ca6-9530-99b3113ca78f@group-199D35C1490C:LeaderElection16] INFO  impl.RaftServerImpl (RaftServerImpl.java:setRole(174)) - 68b23fe9-fcf3-4ca6-9530-99b3113ca78f@group-199D35C1490C: changes role from CANDIDATE to LEADER at term 1 for changeToLeader
2019-09-26 10:41:21,672 [c54107b3-e948-418f-914e-487299d32ca0@group-61B815D75128:LeaderElection15] INFO  impl.RaftServerImpl (RaftServerImpl.java:setRole(174)) - c54107b3-e948-418f-914e-487299d32ca0@group-61B815D75128: changes role from CANDIDATE to LEADER at term 1 for changeToLeader
2019-09-26 10:41:21,672 [68b23fe9-fcf3-4ca6-9530-99b3113ca78f@group-199D35C1490C:LeaderElection16] INFO  impl.RaftServerImpl (ServerState.java:setLeader(253)) - 68b23fe9-fcf3-4ca6-9530-99b3113ca78f@group-199D35C1490C: change Leader from null to 68b23fe9-fcf3-4ca6-9530-99b3113ca78f at term 1 for becomeLeader, leader elected after 5190ms
2019-09-26 10:41:21,672 [Thread-228] INFO  impl.RoleInfo (RoleInfo.java:shutdownFollowerState(121)) - c54107b3-e948-418f-914e-487299d32ca0: shutdown FollowerState
2019-09-26 10:41:21,672 [68b23fe9-fcf3-4ca6-9530-99b3113ca78f@group-199D35C1490C:LeaderElection16] INFO  server.RaftServerConfigKeys (ConfUtils.java:logGet(43)) - raft.server.staging.catchup.gap = 1000 (default)
2019-09-26 10:41:21,672 [c54107b3-e948-418f-914e-487299d32ca0@group-61B815D75128:LeaderElection15] INFO  impl.RaftServerImpl (ServerState.java:setLeader(253)) - c54107b3-e948-418f-914e-487299d32ca0@group-61B815D75128: change Leader from null to c54107b3-e948-418f-914e-487299d32ca0 at term 1 for becomeLeader, leader elected after 5126ms
2019-09-26 10:41:21,673 [68b23fe9-fcf3-4ca6-9530-99b3113ca78f@group-199D35C1490C:LeaderElection16] INFO  server.RaftServerConfigKeys (ConfUtils.java:logGet(43)) - raft.server.rpc.sleep.time = 25ms (default)
2019-09-26 10:41:21,673 [Thread-228] INFO  impl.RaftServerImpl (RaftServerImpl.java:setRole(174)) - c54107b3-e948-418f-914e-487299d32ca0@group-C51ADDCA015C: changes role from  FOLLOWER to CANDIDATE at term 0 for changeToCandidate
2019-09-26 10:41:21,673 [68b23fe9-fcf3-4ca6-9530-99b3113ca78f@group-199D35C1490C:LeaderElection16] INFO  server.RaftServerConfigKeys (ConfUtils.java:logGet(43)) - raft.server.write.element-limit = 4096 (default)
2019-09-26 10:41:21,673 [c54107b3-e948-418f-914e-487299d32ca0@group-61B815D75128:LeaderElection15] INFO  server.RaftServerConfigKeys (ConfUtils.java:logGet(43)) - raft.server.staging.catchup.gap = 1000 (default)
2019-09-26 10:41:21,674 [68b23fe9-fcf3-4ca6-9530-99b3113ca78f@group-199D35C1490C:LeaderElection16] INFO  server.RaftServerConfigKeys (ConfUtils.java:logGet(43)) - raft.server.watch.timeout = 10s (default)
2019-09-26 10:41:21,673 [Thread-228] INFO  impl.RoleInfo (RoleInfo.java:updateAndGet(143)) - c54107b3-e948-418f-914e-487299d32ca0: start LeaderElection
2019-09-26 10:41:21,674 [68b23fe9-fcf3-4ca6-9530-99b3113ca78f@group-199D35C1490C:LeaderElection16] INFO  server.RaftServerConfigKeys (ConfUtils.java:logGet(43)) - raft.server.watch.timeout.denomination = 1s (default)
2019-09-26 10:41:21,674 [c54107b3-e948-418f-914e-487299d32ca0@group-61B815D75128:LeaderElection15] INFO  server.RaftServerConfigKeys (ConfUtils.java:logGet(43)) - raft.server.rpc.sleep.time = 25ms (default)
2019-09-26 10:41:21,674 [68b23fe9-fcf3-4ca6-9530-99b3113ca78f@group-199D35C1490C:LeaderElection16] INFO  server.RaftServerConfigKeys (ConfUtils.java:logGet(43)) - raft.server.watch.element-limit = 65536 (default)
2019-09-26 10:41:21,677 [c54107b3-e948-418f-914e-487299d32ca0@group-61B815D75128:LeaderElection15] INFO  server.RaftServerConfigKeys (ConfUtils.java:logGet(43)) - raft.server.write.element-limit = 4096 (default)
2019-09-26 10:41:21,677 [c54107b3-e948-418f-914e-487299d32ca0@group-61B815D75128:LeaderElection15] INFO  server.RaftServerConfigKeys (ConfUtils.java:logGet(43)) - raft.server.watch.timeout = 10s (default)
2019-09-26 10:41:21,677 [c54107b3-e948-418f-914e-487299d32ca0@group-61B815D75128:LeaderElection15] INFO  server.RaftServerConfigKeys (ConfUtils.java:logGet(43)) - raft.server.watch.timeout.denomination = 1s (default)
2019-09-26 10:41:21,678 [c54107b3-e948-418f-914e-487299d32ca0@group-61B815D75128:LeaderElection15] INFO  server.RaftServerConfigKeys (ConfUtils.java:logGet(43)) - raft.server.watch.element-limit = 65536 (default)
2019-09-26 10:41:21,681 [68b23fe9-fcf3-4ca6-9530-99b3113ca78f@group-199D35C1490C:LeaderElection16] INFO  impl.RoleInfo (RoleInfo.java:updateAndGet(143)) - 68b23fe9-fcf3-4ca6-9530-99b3113ca78f: start LeaderState
2019-09-26 10:41:21,682 [c54107b3-e948-418f-914e-487299d32ca0@group-61B815D75128:LeaderElection15] INFO  impl.RoleInfo (RoleInfo.java:updateAndGet(143)) - c54107b3-e948-418f-914e-487299d32ca0: start LeaderState
2019-09-26 10:41:21,682 [68b23fe9-fcf3-4ca6-9530-99b3113ca78f@group-199D35C1490C:LeaderElection16] INFO  segmented.SegmentedRaftLogWorker (SegmentedRaftLogWorker.java:startLogSegment(380)) - 68b23fe9-fcf3-4ca6-9530-99b3113ca78f@group-199D35C1490C-SegmentedRaftLogWorker: Starting segment from index:0
2019-09-26 10:41:21,682 [c54107b3-e948-418f-914e-487299d32ca0@group-61B815D75128:LeaderElection15] INFO  segmented.SegmentedRaftLogWorker (SegmentedRaftLogWorker.java:startLogSegment(380)) - c54107b3-e948-418f-914e-487299d32ca0@group-61B815D75128-SegmentedRaftLogWorker: Starting segment from index:0
2019-09-26 10:41:21,682 [68b23fe9-fcf3-4ca6-9530-99b3113ca78f@group-199D35C1490C:LeaderElection16] INFO  impl.RaftServerImpl (ServerState.java:setRaftConf(354)) - 68b23fe9-fcf3-4ca6-9530-99b3113ca78f@group-199D35C1490C: set configuration 0: [68b23fe9-fcf3-4ca6-9530-99b3113ca78f:192.168.30.13:41435], old=null at 0
2019-09-26 10:41:21,713 [c54107b3-e948-418f-914e-487299d32ca0@group-C51ADDCA015C:LeaderElection17] INFO  impl.LeaderElection (LeaderElection.java:askForVotes(182)) - c54107b3-e948-418f-914e-487299d32ca0@group-C51ADDCA015C:LeaderElection17: begin an election at term 1 for -1: [c54107b3-e948-418f-914e-487299d32ca0:192.168.30.13:35160], old=null
2019-09-26 10:41:21,714 [c54107b3-e948-418f-914e-487299d32ca0@group-61B815D75128:LeaderElection15] INFO  impl.RaftServerImpl (ServerState.java:setRaftConf(354)) - c54107b3-e948-418f-914e-487299d32ca0@group-61B815D75128: set configuration 0: [c54107b3-e948-418f-914e-487299d32ca0:192.168.30.13:35160], old=null at 0
2019-09-26 10:41:21,714 [c54107b3-e948-418f-914e-487299d32ca0@group-C51ADDCA015C:LeaderElection17] INFO  impl.RoleInfo (RoleInfo.java:shutdownLeaderElection(134)) - c54107b3-e948-418f-914e-487299d32ca0: shutdown LeaderElection
2019-09-26 10:41:21,758 [68b23fe9-fcf3-4ca6-9530-99b3113ca78f@group-199D35C1490C-SegmentedRaftLogWorker] INFO  segmented.SegmentedRaftLogWorker (SegmentedRaftLogWorker.java:execute(569)) - 68b23fe9-fcf3-4ca6-9530-99b3113ca78f@group-199D35C1490C-SegmentedRaftLogWorker: created new log segment /workdir/hadoop-ozone/integration-test/target/test-dir/MiniOzoneClusterImpl-874991c5-7d1a-4345-b538-2cfa836e270f/datanode-1/data/ratis/25ded6f8-e88a-4711-b401-199d35c1490c/current/log_inprogress_0
2019-09-26 10:41:21,758 [c54107b3-e948-418f-914e-487299d32ca0@group-C51ADDCA015C:LeaderElection17] INFO  impl.RaftServerImpl (RaftServerImpl.java:setRole(174)) - c54107b3-e948-418f-914e-487299d32ca0@group-C51ADDCA015C: changes role from CANDIDATE to LEADER at term 1 for changeToLeader
2019-09-26 10:41:21,758 [c54107b3-e948-418f-914e-487299d32ca0@group-C51ADDCA015C:LeaderElection17] INFO  impl.RaftServerImpl (ServerState.java:setLeader(253)) - c54107b3-e948-418f-914e-487299d32ca0@group-C51ADDCA015C: change Leader from null to c54107b3-e948-418f-914e-487299d32ca0 at term 1 for becomeLeader, leader elected after 5138ms
2019-09-26 10:41:21,759 [c54107b3-e948-418f-914e-487299d32ca0@group-C51ADDCA015C:LeaderElection17] INFO  server.RaftServerConfigKeys (ConfUtils.java:logGet(43)) - raft.server.staging.catchup.gap = 1000 (default)
2019-09-26 10:41:21,759 [c54107b3-e948-418f-914e-487299d32ca0@group-C51ADDCA015C:LeaderElection17] INFO  server.RaftServerConfigKeys (ConfUtils.java:logGet(43)) - raft.server.rpc.sleep.time = 25ms (default)
2019-09-26 10:41:21,769 [c54107b3-e948-418f-914e-487299d32ca0@group-C51ADDCA015C:LeaderElection17] INFO  server.RaftServerConfigKeys (ConfUtils.java:logGet(43)) - raft.server.write.element-limit = 4096 (default)
2019-09-26 10:41:21,769 [c54107b3-e948-418f-914e-487299d32ca0@group-C51ADDCA015C:LeaderElection17] INFO  server.RaftServerConfigKeys (ConfUtils.java:logGet(43)) - raft.server.watch.timeout = 10s (default)
2019-09-26 10:41:21,770 [c54107b3-e948-418f-914e-487299d32ca0@group-C51ADDCA015C:LeaderElection17] INFO  server.RaftServerConfigKeys (ConfUtils.java:logGet(43)) - raft.server.watch.timeout.denomination = 1s (default)
2019-09-26 10:41:21,771 [c54107b3-e948-418f-914e-487299d32ca0@group-61B815D75128-SegmentedRaftLogWorker] INFO  segmented.SegmentedRaftLogWorker (SegmentedRaftLogWorker.java:execute(569)) - c54107b3-e948-418f-914e-487299d32ca0@group-61B815D75128-SegmentedRaftLogWorker: created new log segment /workdir/hadoop-ozone/integration-test/target/test-dir/MiniOzoneClusterImpl-874991c5-7d1a-4345-b538-2cfa836e270f/datanode-0/data/ratis/8314806d-6309-40c3-86ab-61b815d75128/current/log_inprogress_0
2019-09-26 10:41:21,771 [c54107b3-e948-418f-914e-487299d32ca0@group-C51ADDCA015C:LeaderElection17] INFO  server.RaftServerConfigKeys (ConfUtils.java:logGet(43)) - raft.server.watch.element-limit = 65536 (default)
2019-09-26 10:41:21,773 [main] INFO  ozoneimpl.OzoneContainer (OzoneContainer.java:stop(231)) - Attempting to stop container services.
2019-09-26 10:41:21,773 [ForkJoinPool.commonPool-worker-1] INFO  ozoneimpl.OzoneContainer (OzoneContainer.java:stop(231)) - Attempting to stop container services.
2019-09-26 10:41:21,774 [main] INFO  impl.RaftServerProxy (RaftServerProxy.java:lambda$close$4(314)) - 68b23fe9-fcf3-4ca6-9530-99b3113ca78f: close
2019-09-26 10:41:21,775 [ForkJoinPool.commonPool-worker-1] INFO  impl.RaftServerProxy (RaftServerProxy.java:lambda$close$4(314)) - c54107b3-e948-418f-914e-487299d32ca0: close
2019-09-26 10:41:21,776 [c54107b3-e948-418f-914e-487299d32ca0@group-C51ADDCA015C:LeaderElection17] INFO  impl.RoleInfo (RoleInfo.java:updateAndGet(143)) - c54107b3-e948-418f-914e-487299d32ca0: start LeaderState
2019-09-26 10:41:21,776 [c54107b3-e948-418f-914e-487299d32ca0@group-C51ADDCA015C:LeaderElection17] INFO  segmented.SegmentedRaftLogWorker (SegmentedRaftLogWorker.java:startLogSegment(380)) - c54107b3-e948-418f-914e-487299d32ca0@group-C51ADDCA015C-SegmentedRaftLogWorker: Starting segment from index:0
2019-09-26 10:41:21,777 [c54107b3-e948-418f-914e-487299d32ca0@group-C51ADDCA015C:LeaderElection17] INFO  impl.RaftServerImpl (ServerState.java:setRaftConf(354)) - c54107b3-e948-418f-914e-487299d32ca0@group-C51ADDCA015C: set configuration 0: [c54107b3-e948-418f-914e-487299d32ca0:192.168.30.13:35160], old=null at 0
2019-09-26 10:41:21,815 [Thread-231] INFO  impl.FollowerState (FollowerState.java:run(106)) - 68b23fe9-fcf3-4ca6-9530-99b3113ca78f:group-D0253DDA4733 changes to CANDIDATE, lastRpcTime:5128, electionTimeout:5095ms
2019-09-26 10:41:21,816 [Thread-231] INFO  impl.RoleInfo (RoleInfo.java:shutdownFollowerState(121)) - 68b23fe9-fcf3-4ca6-9530-99b3113ca78f: shutdown FollowerState
2019-09-26 10:41:21,816 [Thread-231] INFO  impl.RaftServerImpl (RaftServerImpl.java:setRole(174)) - 68b23fe9-fcf3-4ca6-9530-99b3113ca78f@group-D0253DDA4733: changes role from  FOLLOWER to CANDIDATE at term 0 for changeToCandidate
2019-09-26 10:41:21,816 [main] INFO  impl.RaftServerImpl (RaftServerImpl.java:lambda$shutdown$3(251)) - 68b23fe9-fcf3-4ca6-9530-99b3113ca78f@group-8C178DA2457D: shutdown
2019-09-26 10:41:21,816 [Thread-231] INFO  impl.RoleInfo (RoleInfo.java:updateAndGet(143)) - 68b23fe9-fcf3-4ca6-9530-99b3113ca78f: start LeaderElection
2019-09-26 10:41:21,816 [ForkJoinPool.commonPool-worker-1] INFO  impl.RaftServerImpl (RaftServerImpl.java:lambda$shutdown$3(251)) - c54107b3-e948-418f-914e-487299d32ca0@group-99950B5899DE: shutdown
2019-09-26 10:41:21,817 [main] INFO  util.JmxRegister (JmxRegister.java:unregister(73)) - Successfully un-registered JMX Bean with object name Ratis:service=RaftServer,group=group-8C178DA2457D,id=68b23fe9-fcf3-4ca6-9530-99b3113ca78f
2019-09-26 10:41:21,821 [ForkJoinPool.commonPool-worker-1] INFO  util.JmxRegister (JmxRegister.java:unregister(73)) - Successfully un-registered JMX Bean with object name Ratis:service=RaftServer,group=group-99950B5899DE,id=c54107b3-e948-418f-914e-487299d32ca0
2019-09-26 10:41:21,823 [main] INFO  impl.RoleInfo (RoleInfo.java:shutdownLeaderState(104)) - 68b23fe9-fcf3-4ca6-9530-99b3113ca78f: shutdown LeaderState
2019-09-26 10:41:21,824 [ForkJoinPool.commonPool-worker-1] INFO  impl.RoleInfo (RoleInfo.java:shutdownLeaderState(104)) - c54107b3-e948-418f-914e-487299d32ca0: shutdown LeaderState
2019-09-26 10:41:21,826 [ForkJoinPool.commonPool-worker-1] INFO  impl.PendingRequests (PendingRequests.java:sendNotLeaderResponses(202)) - c54107b3-e948-418f-914e-487299d32ca0-PendingRequests: sendNotLeaderResponses
2019-09-26 10:41:21,826 [main] INFO  impl.PendingRequests (PendingRequests.java:sendNotLeaderResponses(202)) - 68b23fe9-fcf3-4ca6-9530-99b3113ca78f-PendingRequests: sendNotLeaderResponses
2019-09-26 10:41:21,829 [c54107b3-e948-418f-914e-487299d32ca0@group-C51ADDCA015C-SegmentedRaftLogWorker] INFO  segmented.SegmentedRaftLogWorker (SegmentedRaftLogWorker.java:execute(569)) - c54107b3-e948-418f-914e-487299d32ca0@group-C51ADDCA015C-SegmentedRaftLogWorker: created new log segment /workdir/hadoop-ozone/integration-test/target/test-dir/MiniOzoneClusterImpl-874991c5-7d1a-4345-b538-2cfa836e270f/datanode-0/data/ratis/c4cef73b-62a0-417f-83fd-c51addca015c/current/log_inprogress_0
2019-09-26 10:41:21,829 [68b23fe9-fcf3-4ca6-9530-99b3113ca78f@group-D0253DDA4733:LeaderElection18] INFO  impl.LeaderElection (LeaderElection.java:askForVotes(182)) - 68b23fe9-fcf3-4ca6-9530-99b3113ca78f@group-D0253DDA4733:LeaderElection18: begin an election at term 1 for -1: [68b23fe9-fcf3-4ca6-9530-99b3113ca78f:192.168.30.13:41435], old=null
2019-09-26 10:41:21,829 [68b23fe9-fcf3-4ca6-9530-99b3113ca78f@group-D0253DDA4733:LeaderElection18] INFO  impl.RoleInfo (RoleInfo.java:shutdownLeaderElection(134)) - 68b23fe9-fcf3-4ca6-9530-99b3113ca78f: shutdown LeaderElection
2019-09-26 10:41:21,829 [68b23fe9-fcf3-4ca6-9530-99b3113ca78f@group-D0253DDA4733:LeaderElection18] INFO  impl.RaftServerImpl (RaftServerImpl.java:setRole(174)) - 68b23fe9-fcf3-4ca6-9530-99b3113ca78f@group-D0253DDA4733: changes role from CANDIDATE to LEADER at term 1 for changeToLeader
2019-09-26 10:41:21,829 [ForkJoinPool.commonPool-worker-1] INFO  impl.StateMachineUpdater (StateMachineUpdater.java:stopAndJoin(125)) - c54107b3-e948-418f-914e-487299d32ca0@group-99950B5899DE-StateMachineUpdater: set stopIndex = 0
2019-09-26 10:41:21,829 [main] INFO  impl.StateMachineUpdater (StateMachineUpdater.java:stopAndJoin(125)) - 68b23fe9-fcf3-4ca6-9530-99b3113ca78f@group-8C178DA2457D-StateMachineUpdater: set stopIndex = 0
2019-09-26 10:41:21,831 [68b23fe9-fcf3-4ca6-9530-99b3113ca78f@group-D0253DDA4733:LeaderElection18] INFO  impl.RaftServerImpl (ServerState.java:setLeader(253)) - 68b23fe9-fcf3-4ca6-9530-99b3113ca78f@group-D0253DDA4733: change Leader from null to 68b23fe9-fcf3-4ca6-9530-99b3113ca78f at term 1 for becomeLeader, leader elected after 5152ms
2019-09-26 10:41:21,837 [main] INFO  impl.RaftServerImpl (ServerState.java:close(385)) - 68b23fe9-fcf3-4ca6-9530-99b3113ca78f@group-8C178DA2457D: closes. applyIndex: 0
2019-09-26 10:41:21,837 [ForkJoinPool.commonPool-worker-1] INFO  impl.RaftServerImpl (ServerState.java:close(385)) - c54107b3-e948-418f-914e-487299d32ca0@group-99950B5899DE: closes. applyIndex: 0
2019-09-26 10:41:21,838 [68b23fe9-fcf3-4ca6-9530-99b3113ca78f@group-D0253DDA4733:LeaderElection18] INFO  server.RaftServerConfigKeys (ConfUtils.java:logGet(43)) - raft.server.staging.catchup.gap = 1000 (default)
2019-09-26 10:41:21,838 [68b23fe9-fcf3-4ca6-9530-99b3113ca78f@group-D0253DDA4733:LeaderElection18] INFO  server.RaftServerConfigKeys (ConfUtils.java:logGet(43)) - raft.server.rpc.sleep.time = 25ms (default)
2019-09-26 10:41:21,839 [68b23fe9-fcf3-4ca6-9530-99b3113ca78f@group-D0253DDA4733:LeaderElection18] INFO  server.RaftServerConfigKeys (ConfUtils.java:logGet(43)) - raft.server.write.element-limit = 4096 (default)
2019-09-26 10:41:21,839 [68b23fe9-fcf3-4ca6-9530-99b3113ca78f@group-D0253DDA4733:LeaderElection18] INFO  server.RaftServerConfigKeys (ConfUtils.java:logGet(43)) - raft.server.watch.timeout = 10s (default)
2019-09-26 10:41:21,839 [68b23fe9-fcf3-4ca6-9530-99b3113ca78f@group-D0253DDA4733:LeaderElection18] INFO  server.RaftServerConfigKeys (ConfUtils.java:logGet(43)) - raft.server.watch.timeout.denomination = 1s (default)
2019-09-26 10:41:21,839 [68b23fe9-fcf3-4ca6-9530-99b3113ca78f@group-D0253DDA4733:LeaderElection18] INFO  server.RaftServerConfigKeys (ConfUtils.java:logGet(43)) - raft.server.watch.element-limit = 65536 (default)
2019-09-26 10:41:21,840 [c54107b3-e948-418f-914e-487299d32ca0@group-99950B5899DE-SegmentedRaftLogWorker] INFO  segmented.SegmentedRaftLogWorker (SegmentedRaftLogWorker.java:run(313)) - c54107b3-e948-418f-914e-487299d32ca0@group-99950B5899DE-SegmentedRaftLogWorker was interrupted, exiting. There are 0 tasks remaining in the queue.
2019-09-26 10:41:21,840 [68b23fe9-fcf3-4ca6-9530-99b3113ca78f@group-8C178DA2457D-SegmentedRaftLogWorker] INFO  segmented.SegmentedRaftLogWorker (SegmentedRaftLogWorker.java:run(313)) - 68b23fe9-fcf3-4ca6-9530-99b3113ca78f@group-8C178DA2457D-SegmentedRaftLogWorker was interrupted, exiting. There are 0 tasks remaining in the queue.
2019-09-26 10:41:21,843 [ForkJoinPool.commonPool-worker-1] INFO  segmented.SegmentedRaftLogWorker (SegmentedRaftLogWorker.java:close(228)) - c54107b3-e948-418f-914e-487299d32ca0@group-99950B5899DE-SegmentedRaftLogWorker close()
2019-09-26 10:41:21,843 [main] INFO  segmented.SegmentedRaftLogWorker (SegmentedRaftLogWorker.java:close(228)) - 68b23fe9-fcf3-4ca6-9530-99b3113ca78f@group-8C178DA2457D-SegmentedRaftLogWorker close()
2019-09-26 10:41:21,846 [ForkJoinPool.commonPool-worker-1] INFO  impl.RaftServerImpl (RaftServerImpl.java:lambda$shutdown$3(251)) - c54107b3-e948-418f-914e-487299d32ca0@group-8099B34DBA2B: shutdown
2019-09-26 10:41:21,849 [main] INFO  impl.RaftServerImpl (RaftServerImpl.java:lambda$shutdown$3(251)) - 68b23fe9-fcf3-4ca6-9530-99b3113ca78f@group-03E457838727: shutdown
2019-09-26 10:41:21,849 [ForkJoinPool.commonPool-worker-1] INFO  util.JmxRegister (JmxRegister.java:unregister(73)) - Successfully un-registered JMX Bean with object name Ratis:service=RaftServer,group=group-8099B34DBA2B,id=c54107b3-e948-418f-914e-487299d32ca0
2019-09-26 10:41:21,849 [main] INFO  util.JmxRegister (JmxRegister.java:unregister(73)) - Successfully un-registered JMX Bean with object name Ratis:service=RaftServer,group=group-03E457838727,id=68b23fe9-fcf3-4ca6-9530-99b3113ca78f
2019-09-26 10:41:21,850 [ForkJoinPool.commonPool-worker-1] INFO  impl.RoleInfo (RoleInfo.java:shutdownLeaderState(104)) - c54107b3-e948-418f-914e-487299d32ca0: shutdown LeaderState
2019-09-26 10:41:21,850 [68b23fe9-fcf3-4ca6-9530-99b3113ca78f@group-D0253DDA4733:LeaderElection18] INFO  impl.RoleInfo (RoleInfo.java:updateAndGet(143)) - 68b23fe9-fcf3-4ca6-9530-99b3113ca78f: start LeaderState
2019-09-26 10:41:21,850 [ForkJoinPool.commonPool-worker-1] INFO  impl.PendingRequests (PendingRequests.java:sendNotLeaderResponses(202)) - c54107b3-e948-418f-914e-487299d32ca0-PendingRequests: sendNotLeaderResponses
2019-09-26 10:41:21,850 [main] INFO  impl.RoleInfo (RoleInfo.java:shutdownLeaderState(104)) - 68b23fe9-fcf3-4ca6-9530-99b3113ca78f: shutdown LeaderState
2019-09-26 10:41:21,851 [ForkJoinPool.commonPool-worker-1] INFO  impl.StateMachineUpdater (StateMachineUpdater.java:stopAndJoin(125)) - c54107b3-e948-418f-914e-487299d32ca0@group-8099B34DBA2B-StateMachineUpdater: set stopIndex = 0
2019-09-26 10:41:21,851 [68b23fe9-fcf3-4ca6-9530-99b3113ca78f@group-D0253DDA4733:LeaderElection18] INFO  segmented.SegmentedRaftLogWorker (SegmentedRaftLogWorker.java:startLogSegment(380)) - 68b23fe9-fcf3-4ca6-9530-99b3113ca78f@group-D0253DDA4733-SegmentedRaftLogWorker: Starting segment from index:0
2019-09-26 10:41:21,851 [ForkJoinPool.commonPool-worker-1] INFO  impl.RaftServerImpl (ServerState.java:close(385)) - c54107b3-e948-418f-914e-487299d32ca0@group-8099B34DBA2B: closes. applyIndex: 0
2019-09-26 10:41:21,851 [main] INFO  impl.PendingRequests (PendingRequests.java:sendNotLeaderResponses(202)) - 68b23fe9-fcf3-4ca6-9530-99b3113ca78f-PendingRequests: sendNotLeaderResponses
2019-09-26 10:41:21,852 [c54107b3-e948-418f-914e-487299d32ca0@group-8099B34DBA2B-SegmentedRaftLogWorker] INFO  segmented.SegmentedRaftLogWorker (SegmentedRaftLogWorker.java:run(313)) - c54107b3-e948-418f-914e-487299d32ca0@group-8099B34DBA2B-SegmentedRaftLogWorker was interrupted, exiting. There are 0 tasks remaining in the queue.
2019-09-26 10:41:21,852 [68b23fe9-fcf3-4ca6-9530-99b3113ca78f@group-D0253DDA4733:LeaderElection18] INFO  impl.RaftServerImpl (ServerState.java:setRaftConf(354)) - 68b23fe9-fcf3-4ca6-9530-99b3113ca78f@group-D0253DDA4733: set configuration 0: [68b23fe9-fcf3-4ca6-9530-99b3113ca78f:192.168.30.13:41435], old=null at 0
2019-09-26 10:41:21,892 [ForkJoinPool.commonPool-worker-1] INFO  segmented.SegmentedRaftLogWorker (SegmentedRaftLogWorker.java:close(228)) - c54107b3-e948-418f-914e-487299d32ca0@group-8099B34DBA2B-SegmentedRaftLogWorker close()
2019-09-26 10:41:21,852 [main] INFO  impl.StateMachineUpdater (StateMachineUpdater.java:stopAndJoin(125)) - 68b23fe9-fcf3-4ca6-9530-99b3113ca78f@group-03E457838727-StateMachineUpdater: set stopIndex = 0
2019-09-26 10:41:21,896 [ForkJoinPool.commonPool-worker-1] INFO  impl.RaftServerImpl (RaftServerImpl.java:lambda$shutdown$3(251)) - c54107b3-e948-418f-914e-487299d32ca0@group-3C4CC7A1BAB8: shutdown
2019-09-26 10:41:21,897 [main] INFO  impl.RaftServerImpl (ServerState.java:close(385)) - 68b23fe9-fcf3-4ca6-9530-99b3113ca78f@group-03E457838727: closes. applyIndex: 0
2019-09-26 10:41:21,897 [ForkJoinPool.commonPool-worker-1] INFO  util.JmxRegister (JmxRegister.java:unregister(73)) - Successfully un-registered JMX Bean with object name Ratis:service=RaftServer,group=group-3C4CC7A1BAB8,id=c54107b3-e948-418f-914e-487299d32ca0
2019-09-26 10:41:21,898 [68b23fe9-fcf3-4ca6-9530-99b3113ca78f@group-03E457838727-SegmentedRaftLogWorker] INFO  segmented.SegmentedRaftLogWorker (SegmentedRaftLogWorker.java:run(313)) - 68b23fe9-fcf3-4ca6-9530-99b3113ca78f@group-03E457838727-SegmentedRaftLogWorker was interrupted, exiting. There are 0 tasks remaining in the queue.
2019-09-26 10:41:21,898 [ForkJoinPool.commonPool-worker-1] INFO  impl.RoleInfo (RoleInfo.java:shutdownLeaderState(104)) - c54107b3-e948-418f-914e-487299d32ca0: shutdown LeaderState
2019-09-26 10:41:21,900 [ForkJoinPool.commonPool-worker-1] INFO  impl.PendingRequests (PendingRequests.java:sendNotLeaderResponses(202)) - c54107b3-e948-418f-914e-487299d32ca0-PendingRequests: sendNotLeaderResponses
2019-09-26 10:41:21,900 [main] INFO  segmented.SegmentedRaftLogWorker (SegmentedRaftLogWorker.java:close(228)) - 68b23fe9-fcf3-4ca6-9530-99b3113ca78f@group-03E457838727-SegmentedRaftLogWorker close()
2019-09-26 10:41:21,900 [ForkJoinPool.commonPool-worker-1] INFO  impl.StateMachineUpdater (StateMachineUpdater.java:stopAndJoin(125)) - c54107b3-e948-418f-914e-487299d32ca0@group-3C4CC7A1BAB8-StateMachineUpdater: set stopIndex = 0
2019-09-26 10:41:21,903 [ForkJoinPool.commonPool-worker-1] INFO  impl.RaftServerImpl (ServerState.java:close(385)) - c54107b3-e948-418f-914e-487299d32ca0@group-3C4CC7A1BAB8: closes. applyIndex: 0
2019-09-26 10:41:21,903 [main] INFO  impl.RaftServerImpl (RaftServerImpl.java:lambda$shutdown$3(251)) - 68b23fe9-fcf3-4ca6-9530-99b3113ca78f@group-D0253DDA4733: shutdown
2019-09-26 10:41:21,903 [c54107b3-e948-418f-914e-487299d32ca0@group-3C4CC7A1BAB8-SegmentedRaftLogWorker] INFO  segmented.SegmentedRaftLogWorker (SegmentedRaftLogWorker.java:run(313)) - c54107b3-e948-418f-914e-487299d32ca0@group-3C4CC7A1BAB8-SegmentedRaftLogWorker was interrupted, exiting. There are 0 tasks remaining in the queue.
2019-09-26 10:41:21,903 [main] INFO  util.JmxRegister (JmxRegister.java:unregister(73)) - Successfully un-registered JMX Bean with object name Ratis:service=RaftServer,group=group-D0253DDA4733,id=68b23fe9-fcf3-4ca6-9530-99b3113ca78f
2019-09-26 10:41:21,905 [main] INFO  impl.RoleInfo (RoleInfo.java:shutdownLeaderState(104)) - 68b23fe9-fcf3-4ca6-9530-99b3113ca78f: shutdown LeaderState
2019-09-26 10:41:21,905 [ForkJoinPool.commonPool-worker-1] INFO  segmented.SegmentedRaftLogWorker (SegmentedRaftLogWorker.java:close(228)) - c54107b3-e948-418f-914e-487299d32ca0@group-3C4CC7A1BAB8-SegmentedRaftLogWorker close()
2019-09-26 10:41:21,906 [main] INFO  impl.PendingRequests (PendingRequests.java:sendNotLeaderResponses(202)) - 68b23fe9-fcf3-4ca6-9530-99b3113ca78f-PendingRequests: sendNotLeaderResponses
2019-09-26 10:41:21,908 [ForkJoinPool.commonPool-worker-1] INFO  impl.RaftServerImpl (RaftServerImpl.java:lambda$shutdown$3(251)) - c54107b3-e948-418f-914e-487299d32ca0@group-C51ADDCA015C: shutdown
2019-09-26 10:41:21,908 [68b23fe9-fcf3-4ca6-9530-99b3113ca78f@group-D0253DDA4733-SegmentedRaftLogWorker] INFO  segmented.SegmentedRaftLogWorker (SegmentedRaftLogWorker.java:execute(569)) - 68b23fe9-fcf3-4ca6-9530-99b3113ca78f@group-D0253DDA4733-SegmentedRaftLogWorker: created new log segment /workdir/hadoop-ozone/integration-test/target/test-dir/MiniOzoneClusterImpl-874991c5-7d1a-4345-b538-2cfa836e270f/datanode-1/data/ratis/23670bcc-17d6-4be9-bc33-d0253dda4733/current/log_inprogress_0
2019-09-26 10:41:21,909 [ForkJoinPool.commonPool-worker-1] INFO  util.JmxRegister (JmxRegister.java:unregister(73)) - Successfully un-registered JMX Bean with object name Ratis:service=RaftServer,group=group-C51ADDCA015C,id=c54107b3-e948-418f-914e-487299d32ca0
2019-09-26 10:41:21,909 [main] INFO  impl.StateMachineUpdater (StateMachineUpdater.java:stopAndJoin(125)) - 68b23fe9-fcf3-4ca6-9530-99b3113ca78f@group-D0253DDA4733-StateMachineUpdater: set stopIndex = -1
2019-09-26 10:41:21,909 [ForkJoinPool.commonPool-worker-1] INFO  impl.RoleInfo (RoleInfo.java:shutdownLeaderState(104)) - c54107b3-e948-418f-914e-487299d32ca0: shutdown LeaderState
2019-09-26 10:41:21,910 [main] INFO  impl.RaftServerImpl (ServerState.java:close(385)) - 68b23fe9-fcf3-4ca6-9530-99b3113ca78f@group-D0253DDA4733: closes. applyIndex: -1
2019-09-26 10:41:21,910 [ForkJoinPool.commonPool-worker-1] INFO  impl.PendingRequests (PendingRequests.java:sendNotLeaderResponses(202)) - c54107b3-e948-418f-914e-487299d32ca0-PendingRequests: sendNotLeaderResponses
2019-09-26 10:41:21,912 [ForkJoinPool.commonPool-worker-1] INFO  impl.StateMachineUpdater (StateMachineUpdater.java:stopAndJoin(125)) - c54107b3-e948-418f-914e-487299d32ca0@group-C51ADDCA015C-StateMachineUpdater: set stopIndex = 0
2019-09-26 10:41:21,914 [ForkJoinPool.commonPool-worker-1] INFO  impl.RaftServerImpl (ServerState.java:close(385)) - c54107b3-e948-418f-914e-487299d32ca0@group-C51ADDCA015C: closes. applyIndex: 0
2019-09-26 10:41:21,914 [c54107b3-e948-418f-914e-487299d32ca0@group-C51ADDCA015C-SegmentedRaftLogWorker] INFO  segmented.SegmentedRaftLogWorker (SegmentedRaftLogWorker.java:run(313)) - c54107b3-e948-418f-914e-487299d32ca0@group-C51ADDCA015C-SegmentedRaftLogWorker was interrupted, exiting. There are 0 tasks remaining in the queue.
2019-09-26 10:41:21,917 [ForkJoinPool.commonPool-worker-1] INFO  segmented.SegmentedRaftLogWorker (SegmentedRaftLogWorker.java:close(228)) - c54107b3-e948-418f-914e-487299d32ca0@group-C51ADDCA015C-SegmentedRaftLogWorker close()
2019-09-26 10:41:21,919 [ForkJoinPool.commonPool-worker-1] INFO  impl.RaftServerImpl (RaftServerImpl.java:lambda$shutdown$3(251)) - c54107b3-e948-418f-914e-487299d32ca0@group-F675540FF66A: shutdown
2019-09-26 10:41:21,920 [ForkJoinPool.commonPool-worker-1] INFO  util.JmxRegister (JmxRegister.java:unregister(73)) - Successfully un-registered JMX Bean with object name Ratis:service=RaftServer,group=group-F675540FF66A,id=c54107b3-e948-418f-914e-487299d32ca0
2019-09-26 10:41:21,920 [ForkJoinPool.commonPool-worker-1] INFO  impl.RoleInfo (RoleInfo.java:shutdownLeaderState(104)) - c54107b3-e948-418f-914e-487299d32ca0: shutdown LeaderState
2019-09-26 10:41:21,921 [ForkJoinPool.commonPool-worker-1] INFO  impl.PendingRequests (PendingRequests.java:sendNotLeaderResponses(202)) - c54107b3-e948-418f-914e-487299d32ca0-PendingRequests: sendNotLeaderResponses
2019-09-26 10:41:21,922 [ForkJoinPool.commonPool-worker-1] INFO  impl.StateMachineUpdater (StateMachineUpdater.java:stopAndJoin(125)) - c54107b3-e948-418f-914e-487299d32ca0@group-F675540FF66A-StateMachineUpdater: set stopIndex = 0
2019-09-26 10:41:21,922 [ForkJoinPool.commonPool-worker-1] INFO  impl.RaftServerImpl (ServerState.java:close(385)) - c54107b3-e948-418f-914e-487299d32ca0@group-F675540FF66A: closes. applyIndex: 0
2019-09-26 10:41:21,923 [c54107b3-e948-418f-914e-487299d32ca0@group-F675540FF66A-SegmentedRaftLogWorker] INFO  segmented.SegmentedRaftLogWorker (SegmentedRaftLogWorker.java:run(313)) - c54107b3-e948-418f-914e-487299d32ca0@group-F675540FF66A-SegmentedRaftLogWorker was interrupted, exiting. There are 0 tasks remaining in the queue.
2019-09-26 10:41:21,924 [ForkJoinPool.commonPool-worker-1] INFO  segmented.SegmentedRaftLogWorker (SegmentedRaftLogWorker.java:close(228)) - c54107b3-e948-418f-914e-487299d32ca0@group-F675540FF66A-SegmentedRaftLogWorker close()
2019-09-26 10:41:21,927 [ForkJoinPool.commonPool-worker-1] INFO  impl.RaftServerImpl (RaftServerImpl.java:lambda$shutdown$3(251)) - c54107b3-e948-418f-914e-487299d32ca0@group-61B815D75128: shutdown
2019-09-26 10:41:21,928 [ForkJoinPool.commonPool-worker-1] INFO  util.JmxRegister (JmxRegister.java:unregister(73)) - Successfully un-registered JMX Bean with object name Ratis:service=RaftServer,group=group-61B815D75128,id=c54107b3-e948-418f-914e-487299d32ca0
2019-09-26 10:41:21,928 [ForkJoinPool.commonPool-worker-1] INFO  impl.RoleInfo (RoleInfo.java:shutdownLeaderState(104)) - c54107b3-e948-418f-914e-487299d32ca0: shutdown LeaderState
2019-09-26 10:41:21,928 [ForkJoinPool.commonPool-worker-1] INFO  impl.PendingRequests (PendingRequests.java:sendNotLeaderResponses(202)) - c54107b3-e948-418f-914e-487299d32ca0-PendingRequests: sendNotLeaderResponses
2019-09-26 10:41:21,929 [ForkJoinPool.commonPool-worker-1] INFO  impl.StateMachineUpdater (StateMachineUpdater.java:stopAndJoin(125)) - c54107b3-e948-418f-914e-487299d32ca0@group-61B815D75128-StateMachineUpdater: set stopIndex = 0
2019-09-26 10:41:21,929 [ForkJoinPool.commonPool-worker-1] INFO  impl.RaftServerImpl (ServerState.java:close(385)) - c54107b3-e948-418f-914e-487299d32ca0@group-61B815D75128: closes. applyIndex: 0
2019-09-26 10:41:21,929 [c54107b3-e948-418f-914e-487299d32ca0@group-61B815D75128-SegmentedRaftLogWorker] INFO  segmented.SegmentedRaftLogWorker (SegmentedRaftLogWorker.java:run(313)) - c54107b3-e948-418f-914e-487299d32ca0@group-61B815D75128-SegmentedRaftLogWorker was interrupted, exiting. There are 0 tasks remaining in the queue.
2019-09-26 10:41:21,931 [ForkJoinPool.commonPool-worker-1] INFO  segmented.SegmentedRaftLogWorker (SegmentedRaftLogWorker.java:close(228)) - c54107b3-e948-418f-914e-487299d32ca0@group-61B815D75128-SegmentedRaftLogWorker close()
2019-09-26 10:41:21,934 [ForkJoinPool.commonPool-worker-1] INFO  server.GrpcService (GrpcService.java:closeImpl(164)) - c54107b3-e948-418f-914e-487299d32ca0: shutdown server with port 35160 now
2019-09-26 10:41:21,938 [68b23fe9-fcf3-4ca6-9530-99b3113ca78f@group-D0253DDA4733-SegmentedRaftLogWorker] INFO  segmented.SegmentedRaftLogWorker (SegmentedRaftLogWorker.java:run(320)) - 68b23fe9-fcf3-4ca6-9530-99b3113ca78f@group-D0253DDA4733-SegmentedRaftLogWorker got closed and hit exception
java.lang.NullPointerException
	at org.apache.hadoop.hdds.protocol.proto.StorageContainerDatanodeProtocolProtos$ClosePipelineInfo$Builder.setDetailedReason(StorageContainerDatanodeProtocolProtos.java:19487)
	at org.apache.hadoop.ozone.container.common.transport.server.ratis.XceiverServerRatis.triggerPipelineClose(XceiverServerRatis.java:564)
	at org.apache.hadoop.ozone.container.common.transport.server.ratis.XceiverServerRatis.handleNodeLogFailure(XceiverServerRatis.java:663)
	at org.apache.hadoop.ozone.container.common.transport.server.ratis.ContainerStateMachine.notifyLogFailed(ContainerStateMachine.java:812)
	at org.apache.ratis.server.raftlog.segmented.SegmentedRaftLogWorker$WriteLog.failed(SegmentedRaftLogWorker.java:455)
	at org.apache.ratis.server.raftlog.segmented.SegmentedRaftLogWorker.run(SegmentedRaftLogWorker.java:297)
	at java.lang.Thread.run(Thread.java:748)
2019-09-26 10:41:21,938 [ForkJoinPool.commonPool-worker-1] INFO  server.GrpcService (GrpcService.java:closeImpl(172)) - c54107b3-e948-418f-914e-487299d32ca0: shutdown server with port 35160 successfully
2019-09-26 10:41:21,938 [main] INFO  segmented.SegmentedRaftLogWorker (SegmentedRaftLogWorker.java:close(228)) - 68b23fe9-fcf3-4ca6-9530-99b3113ca78f@group-D0253DDA4733-SegmentedRaftLogWorker close()
2019-09-26 10:41:21,941 [main] INFO  impl.RaftServerImpl (RaftServerImpl.java:lambda$shutdown$3(251)) - 68b23fe9-fcf3-4ca6-9530-99b3113ca78f@group-9687CBA5F2A3: shutdown
2019-09-26 10:41:21,942 [main] INFO  util.JmxRegister (JmxRegister.java:unregister(73)) - Successfully un-registered JMX Bean with object name Ratis:service=RaftServer,group=group-9687CBA5F2A3,id=68b23fe9-fcf3-4ca6-9530-99b3113ca78f
2019-09-26 10:41:21,942 [main] INFO  impl.RoleInfo (RoleInfo.java:shutdownLeaderState(104)) - 68b23fe9-fcf3-4ca6-9530-99b3113ca78f: shutdown LeaderState
2019-09-26 10:41:21,943 [main] INFO  impl.PendingRequests (PendingRequests.java:sendNotLeaderResponses(202)) - 68b23fe9-fcf3-4ca6-9530-99b3113ca78f-PendingRequests: sendNotLeaderResponses
2019-09-26 10:41:21,944 [main] INFO  impl.StateMachineUpdater (StateMachineUpdater.java:stopAndJoin(125)) - 68b23fe9-fcf3-4ca6-9530-99b3113ca78f@group-9687CBA5F2A3-StateMachineUpdater: set stopIndex = 0
2019-09-26 10:41:21,944 [main] INFO  impl.RaftServerImpl (ServerState.java:close(385)) - 68b23fe9-fcf3-4ca6-9530-99b3113ca78f@group-9687CBA5F2A3: closes. applyIndex: 0
2019-09-26 10:41:21,945 [68b23fe9-fcf3-4ca6-9530-99b3113ca78f@group-9687CBA5F2A3-SegmentedRaftLogWorker] INFO  segmented.SegmentedRaftLogWorker (SegmentedRaftLogWorker.java:run(313)) - 68b23fe9-fcf3-4ca6-9530-99b3113ca78f@group-9687CBA5F2A3-SegmentedRaftLogWorker was interrupted, exiting. There are 0 tasks remaining in the queue.
2019-09-26 10:41:21,947 [main] INFO  segmented.SegmentedRaftLogWorker (SegmentedRaftLogWorker.java:close(228)) - 68b23fe9-fcf3-4ca6-9530-99b3113ca78f@group-9687CBA5F2A3-SegmentedRaftLogWorker close()
2019-09-26 10:41:21,953 [main] INFO  impl.RaftServerImpl (RaftServerImpl.java:lambda$shutdown$3(251)) - 68b23fe9-fcf3-4ca6-9530-99b3113ca78f@group-13B516527621: shutdown
2019-09-26 10:41:21,954 [main] INFO  util.JmxRegister (JmxRegister.java:unregister(73)) - Successfully un-registered JMX Bean with object name Ratis:service=RaftServer,group=group-13B516527621,id=68b23fe9-fcf3-4ca6-9530-99b3113ca78f
2019-09-26 10:41:21,954 [main] INFO  impl.RoleInfo (RoleInfo.java:shutdownLeaderState(104)) - 68b23fe9-fcf3-4ca6-9530-99b3113ca78f: shutdown LeaderState
2019-09-26 10:41:21,955 [main] INFO  impl.PendingRequests (PendingRequests.java:sendNotLeaderResponses(202)) - 68b23fe9-fcf3-4ca6-9530-99b3113ca78f-PendingRequests: sendNotLeaderResponses
2019-09-26 10:41:21,956 [main] INFO  impl.StateMachineUpdater (StateMachineUpdater.java:stopAndJoin(125)) - 68b23fe9-fcf3-4ca6-9530-99b3113ca78f@group-13B516527621-StateMachineUpdater: set stopIndex = 0
2019-09-26 10:41:21,956 [refreshUsed-/workdir/hadoop-ozone/integration-test/target/test-dir/MiniOzoneClusterImpl-874991c5-7d1a-4345-b538-2cfa836e270f/datanode-0/data/containers] WARN  fs.CachingGetSpaceUsed (CachingGetSpaceUsed.java:run(183)) - Thread Interrupted waiting to refresh disk information: sleep interrupted
2019-09-26 10:41:21,956 [main] INFO  impl.RaftServerImpl (ServerState.java:close(385)) - 68b23fe9-fcf3-4ca6-9530-99b3113ca78f@group-13B516527621: closes. applyIndex: 0
2019-09-26 10:41:21,957 [68b23fe9-fcf3-4ca6-9530-99b3113ca78f@group-13B516527621-SegmentedRaftLogWorker] INFO  segmented.SegmentedRaftLogWorker (SegmentedRaftLogWorker.java:run(313)) - 68b23fe9-fcf3-4ca6-9530-99b3113ca78f@group-13B516527621-SegmentedRaftLogWorker was interrupted, exiting. There are 0 tasks remaining in the queue.
2019-09-26 10:41:21,958 [main] INFO  segmented.SegmentedRaftLogWorker (SegmentedRaftLogWorker.java:close(228)) - 68b23fe9-fcf3-4ca6-9530-99b3113ca78f@group-13B516527621-SegmentedRaftLogWorker close()
2019-09-26 10:41:21,959 [main] INFO  impl.RaftServerImpl (RaftServerImpl.java:lambda$shutdown$3(251)) - 68b23fe9-fcf3-4ca6-9530-99b3113ca78f@group-199D35C1490C: shutdown
2019-09-26 10:41:21,960 [main] INFO  util.JmxRegister (JmxRegister.java:unregister(73)) - Successfully un-registered JMX Bean with object name Ratis:service=RaftServer,group=group-199D35C1490C,id=68b23fe9-fcf3-4ca6-9530-99b3113ca78f
2019-09-26 10:41:21,960 [main] INFO  impl.RoleInfo (RoleInfo.java:shutdownLeaderState(104)) - 68b23fe9-fcf3-4ca6-9530-99b3113ca78f: shutdown LeaderState
2019-09-26 10:41:21,960 [main] INFO  impl.PendingRequests (PendingRequests.java:sendNotLeaderResponses(202)) - 68b23fe9-fcf3-4ca6-9530-99b3113ca78f-PendingRequests: sendNotLeaderResponses
2019-09-26 10:41:21,961 [main] INFO  impl.StateMachineUpdater (StateMachineUpdater.java:stopAndJoin(125)) - 68b23fe9-fcf3-4ca6-9530-99b3113ca78f@group-199D35C1490C-StateMachineUpdater: set stopIndex = 0
2019-09-26 10:41:21,962 [main] INFO  impl.RaftServerImpl (ServerState.java:close(385)) - 68b23fe9-fcf3-4ca6-9530-99b3113ca78f@group-199D35C1490C: closes. applyIndex: 0
2019-09-26 10:41:21,963 [68b23fe9-fcf3-4ca6-9530-99b3113ca78f@group-199D35C1490C-SegmentedRaftLogWorker] INFO  segmented.SegmentedRaftLogWorker (SegmentedRaftLogWorker.java:run(313)) - 68b23fe9-fcf3-4ca6-9530-99b3113ca78f@group-199D35C1490C-SegmentedRaftLogWorker was interrupted, exiting. There are 0 tasks remaining in the queue.
2019-09-26 10:41:21,963 [main] INFO  segmented.SegmentedRaftLogWorker (SegmentedRaftLogWorker.java:close(228)) - 68b23fe9-fcf3-4ca6-9530-99b3113ca78f@group-199D35C1490C-SegmentedRaftLogWorker close()
2019-09-26 10:41:21,965 [main] INFO  server.GrpcService (GrpcService.java:closeImpl(164)) - 68b23fe9-fcf3-4ca6-9530-99b3113ca78f: shutdown server with port 41435 now
2019-09-26 10:41:21,966 [main] INFO  server.GrpcService (GrpcService.java:closeImpl(172)) - 68b23fe9-fcf3-4ca6-9530-99b3113ca78f: shutdown server with port 41435 successfully
2019-09-26 10:41:21,969 [refreshUsed-/workdir/hadoop-ozone/integration-test/target/test-dir/MiniOzoneClusterImpl-874991c5-7d1a-4345-b538-2cfa836e270f/datanode-1/data/containers] WARN  fs.CachingGetSpaceUsed (CachingGetSpaceUsed.java:run(183)) - Thread Interrupted waiting to refresh disk information: sleep interrupted
2019-09-26 10:41:21,987 [ForkJoinPool.commonPool-worker-1] INFO  utils.BackgroundService (BackgroundService.java:shutdown(148)) - Shutting down service BlockDeletingService
2019-09-26 10:41:21,991 [ForkJoinPool.commonPool-worker-1] INFO  statemachine.DatanodeStateMachine (DatanodeStateMachine.java:stopDaemon(395)) - Ozone container server stopped.
2019-09-26 10:41:21,995 [ForkJoinPool.commonPool-worker-1] INFO  handler.ContextHandler (ContextHandler.java:doStop(910)) - Stopped o.e.j.w.WebAppContext@3c5dbdf8{/,null,UNAVAILABLE}{/hddsDatanode}
2019-09-26 10:41:21,995 [main] INFO  utils.BackgroundService (BackgroundService.java:shutdown(148)) - Shutting down service BlockDeletingService
2019-09-26 10:41:21,997 [ForkJoinPool.commonPool-worker-1] INFO  server.AbstractConnector (AbstractConnector.java:doStop(318)) - Stopped ServerConnector@352c44a8{HTTP/1.1,[http/1.1]}{0.0.0.0:0}
2019-09-26 10:41:21,998 [main] INFO  statemachine.DatanodeStateMachine (DatanodeStateMachine.java:stopDaemon(395)) - Ozone container server stopped.
2019-09-26 10:41:21,999 [ForkJoinPool.commonPool-worker-1] INFO  handler.ContextHandler (ContextHandler.java:doStop(910)) - Stopped o.e.j.s.ServletContextHandler@433348bc{/static,jar:file:/home/user/.m2/repository/org/apache/hadoop/hadoop-hdds-container-service/0.5.0-SNAPSHOT/hadoop-hdds-container-service-0.5.0-SNAPSHOT.jar!/webapps/static,UNAVAILABLE}
2019-09-26 10:41:22,000 [ForkJoinPool.commonPool-worker-1] INFO  handler.ContextHandler (ContextHandler.java:doStop(910)) - Stopped o.e.j.s.ServletContextHandler@5fa23c{/logs,file:///workdir/hadoop-ozone/integration-test/target/log,UNAVAILABLE}
2019-09-26 10:41:22,001 [main] INFO  handler.ContextHandler (ContextHandler.java:doStop(910)) - Stopped o.e.j.w.WebAppContext@1422ac7f{/,null,UNAVAILABLE}{/hddsDatanode}
2019-09-26 10:41:22,002 [main] INFO  server.AbstractConnector (AbstractConnector.java:doStop(318)) - Stopped ServerConnector@5e519ad3{HTTP/1.1,[http/1.1]}{0.0.0.0:0}
2019-09-26 10:41:22,002 [main] INFO  handler.ContextHandler (ContextHandler.java:doStop(910)) - Stopped o.e.j.s.ServletContextHandler@277b8fa4{/static,jar:file:/home/user/.m2/repository/org/apache/hadoop/hadoop-hdds-container-service/0.5.0-SNAPSHOT/hadoop-hdds-container-service-0.5.0-SNAPSHOT.jar!/webapps/static,UNAVAILABLE}
2019-09-26 10:41:22,003 [main] INFO  handler.ContextHandler (ContextHandler.java:doStop(910)) - Stopped o.e.j.s.ServletContextHandler@625d9132{/logs,file:///workdir/hadoop-ozone/integration-test/target/log,UNAVAILABLE}
2019-09-26 10:41:22,768 [Datanode State Machine Thread - 0] INFO  statemachine.DatanodeStateMachine (DatanodeStateMachine.java:lambda$startDaemon$0(350)) - Ozone container server started.
2019-09-26 10:41:27,002 [ForkJoinPool.commonPool-worker-1] INFO  ozoneimpl.OzoneContainer (OzoneContainer.java:stop(231)) - Attempting to stop container services.
2019-09-26 10:41:27,002 [ForkJoinPool.commonPool-worker-1] INFO  impl.RaftServerProxy (RaftServerProxy.java:lambda$close$4(314)) - 54dcae81-dbd9-40b6-afc3-8b9ef3945f08: close
2019-09-26 10:41:27,003 [ForkJoinPool.commonPool-worker-1] INFO  impl.RaftServerImpl (RaftServerImpl.java:lambda$shutdown$3(251)) - 54dcae81-dbd9-40b6-afc3-8b9ef3945f08@group-9EB42C96FD68: shutdown
2019-09-26 10:41:27,003 [ForkJoinPool.commonPool-worker-1] INFO  util.JmxRegister (JmxRegister.java:unregister(73)) - Successfully un-registered JMX Bean with object name Ratis:service=RaftServer,group=group-9EB42C96FD68,id=54dcae81-dbd9-40b6-afc3-8b9ef3945f08
2019-09-26 10:41:27,003 [ForkJoinPool.commonPool-worker-1] INFO  impl.RoleInfo (RoleInfo.java:shutdownLeaderState(104)) - 54dcae81-dbd9-40b6-afc3-8b9ef3945f08: shutdown LeaderState
2019-09-26 10:41:27,004 [ForkJoinPool.commonPool-worker-1] INFO  impl.PendingRequests (PendingRequests.java:sendNotLeaderResponses(202)) - 54dcae81-dbd9-40b6-afc3-8b9ef3945f08-PendingRequests: sendNotLeaderResponses
2019-09-26 10:41:27,004 [ForkJoinPool.commonPool-worker-1] INFO  impl.StateMachineUpdater (StateMachineUpdater.java:stopAndJoin(125)) - 54dcae81-dbd9-40b6-afc3-8b9ef3945f08@group-9EB42C96FD68-StateMachineUpdater: set stopIndex = 0
2019-09-26 10:41:27,005 [ForkJoinPool.commonPool-worker-1] INFO  impl.RaftServerImpl (ServerState.java:close(385)) - 54dcae81-dbd9-40b6-afc3-8b9ef3945f08@group-9EB42C96FD68: closes. applyIndex: 0
2019-09-26 10:41:27,005 [54dcae81-dbd9-40b6-afc3-8b9ef3945f08@group-9EB42C96FD68-SegmentedRaftLogWorker] INFO  segmented.SegmentedRaftLogWorker (SegmentedRaftLogWorker.java:run(313)) - 54dcae81-dbd9-40b6-afc3-8b9ef3945f08@group-9EB42C96FD68-SegmentedRaftLogWorker was interrupted, exiting. There are 0 tasks remaining in the queue.
2019-09-26 10:41:27,006 [ForkJoinPool.commonPool-worker-1] INFO  segmented.SegmentedRaftLogWorker (SegmentedRaftLogWorker.java:close(228)) - 54dcae81-dbd9-40b6-afc3-8b9ef3945f08@group-9EB42C96FD68-SegmentedRaftLogWorker close()
2019-09-26 10:41:27,007 [ForkJoinPool.commonPool-worker-1] INFO  impl.RaftServerImpl (RaftServerImpl.java:lambda$shutdown$3(251)) - 54dcae81-dbd9-40b6-afc3-8b9ef3945f08@group-234A8C21A7B4: shutdown
2019-09-26 10:41:27,008 [ForkJoinPool.commonPool-worker-1] INFO  util.JmxRegister (JmxRegister.java:unregister(73)) - Successfully un-registered JMX Bean with object name Ratis:service=RaftServer,group=group-234A8C21A7B4,id=54dcae81-dbd9-40b6-afc3-8b9ef3945f08
2019-09-26 10:41:27,008 [ForkJoinPool.commonPool-worker-1] INFO  impl.RoleInfo (RoleInfo.java:shutdownLeaderState(104)) - 54dcae81-dbd9-40b6-afc3-8b9ef3945f08: shutdown LeaderState
2019-09-26 10:41:27,008 [ForkJoinPool.commonPool-worker-1] INFO  impl.PendingRequests (PendingRequests.java:sendNotLeaderResponses(202)) - 54dcae81-dbd9-40b6-afc3-8b9ef3945f08-PendingRequests: sendNotLeaderResponses
2019-09-26 10:41:27,009 [ForkJoinPool.commonPool-worker-1] INFO  impl.StateMachineUpdater (StateMachineUpdater.java:stopAndJoin(125)) - 54dcae81-dbd9-40b6-afc3-8b9ef3945f08@group-234A8C21A7B4-StateMachineUpdater: set stopIndex = 0
2019-09-26 10:41:27,009 [ForkJoinPool.commonPool-worker-1] INFO  impl.RaftServerImpl (ServerState.java:close(385)) - 54dcae81-dbd9-40b6-afc3-8b9ef3945f08@group-234A8C21A7B4: closes. applyIndex: 0
2019-09-26 10:41:27,010 [54dcae81-dbd9-40b6-afc3-8b9ef3945f08@group-234A8C21A7B4-SegmentedRaftLogWorker] INFO  segmented.SegmentedRaftLogWorker (SegmentedRaftLogWorker.java:run(313)) - 54dcae81-dbd9-40b6-afc3-8b9ef3945f08@group-234A8C21A7B4-SegmentedRaftLogWorker was interrupted, exiting. There are 0 tasks remaining in the queue.
2019-09-26 10:41:27,018 [ForkJoinPool.commonPool-worker-1] INFO  segmented.SegmentedRaftLogWorker (SegmentedRaftLogWorker.java:close(228)) - 54dcae81-dbd9-40b6-afc3-8b9ef3945f08@group-234A8C21A7B4-SegmentedRaftLogWorker close()
2019-09-26 10:41:27,019 [ForkJoinPool.commonPool-worker-1] INFO  impl.RaftServerImpl (RaftServerImpl.java:lambda$shutdown$3(251)) - 54dcae81-dbd9-40b6-afc3-8b9ef3945f08@group-FFCE1CBE7B48: shutdown
2019-09-26 10:41:27,019 [ForkJoinPool.commonPool-worker-1] INFO  util.JmxRegister (JmxRegister.java:unregister(73)) - Successfully un-registered JMX Bean with object name Ratis:service=RaftServer,group=group-FFCE1CBE7B48,id=54dcae81-dbd9-40b6-afc3-8b9ef3945f08
2019-09-26 10:41:27,020 [ForkJoinPool.commonPool-worker-1] INFO  impl.RoleInfo (RoleInfo.java:shutdownLeaderState(104)) - 54dcae81-dbd9-40b6-afc3-8b9ef3945f08: shutdown LeaderState
2019-09-26 10:41:27,020 [ForkJoinPool.commonPool-worker-1] INFO  impl.PendingRequests (PendingRequests.java:sendNotLeaderResponses(202)) - 54dcae81-dbd9-40b6-afc3-8b9ef3945f08-PendingRequests: sendNotLeaderResponses
2019-09-26 10:41:27,021 [ForkJoinPool.commonPool-worker-1] INFO  impl.StateMachineUpdater (StateMachineUpdater.java:stopAndJoin(125)) - 54dcae81-dbd9-40b6-afc3-8b9ef3945f08@group-FFCE1CBE7B48-StateMachineUpdater: set stopIndex = 0
2019-09-26 10:41:27,022 [ForkJoinPool.commonPool-worker-1] INFO  impl.RaftServerImpl (ServerState.java:close(385)) - 54dcae81-dbd9-40b6-afc3-8b9ef3945f08@group-FFCE1CBE7B48: closes. applyIndex: 0
2019-09-26 10:41:27,022 [54dcae81-dbd9-40b6-afc3-8b9ef3945f08@group-FFCE1CBE7B48-SegmentedRaftLogWorker] INFO  segmented.SegmentedRaftLogWorker (SegmentedRaftLogWorker.java:run(313)) - 54dcae81-dbd9-40b6-afc3-8b9ef3945f08@group-FFCE1CBE7B48-SegmentedRaftLogWorker was interrupted, exiting. There are 0 tasks remaining in the queue.
2019-09-26 10:41:27,023 [ForkJoinPool.commonPool-worker-1] INFO  segmented.SegmentedRaftLogWorker (SegmentedRaftLogWorker.java:close(228)) - 54dcae81-dbd9-40b6-afc3-8b9ef3945f08@group-FFCE1CBE7B48-SegmentedRaftLogWorker close()
2019-09-26 10:41:27,024 [ForkJoinPool.commonPool-worker-1] INFO  impl.RaftServerImpl (RaftServerImpl.java:lambda$shutdown$3(251)) - 54dcae81-dbd9-40b6-afc3-8b9ef3945f08@group-0E30943C1421: shutdown
2019-09-26 10:41:27,024 [ForkJoinPool.commonPool-worker-1] INFO  util.JmxRegister (JmxRegister.java:unregister(73)) - Successfully un-registered JMX Bean with object name Ratis:service=RaftServer,group=group-0E30943C1421,id=54dcae81-dbd9-40b6-afc3-8b9ef3945f08
2019-09-26 10:41:27,024 [ForkJoinPool.commonPool-worker-1] INFO  impl.RoleInfo (RoleInfo.java:shutdownLeaderState(104)) - 54dcae81-dbd9-40b6-afc3-8b9ef3945f08: shutdown LeaderState
2019-09-26 10:41:27,025 [ForkJoinPool.commonPool-worker-1] INFO  impl.PendingRequests (PendingRequests.java:sendNotLeaderResponses(202)) - 54dcae81-dbd9-40b6-afc3-8b9ef3945f08-PendingRequests: sendNotLeaderResponses
2019-09-26 10:41:27,025 [ForkJoinPool.commonPool-worker-1] INFO  impl.StateMachineUpdater (StateMachineUpdater.java:stopAndJoin(125)) - 54dcae81-dbd9-40b6-afc3-8b9ef3945f08@group-0E30943C1421-StateMachineUpdater: set stopIndex = 0
2019-09-26 10:41:27,026 [ForkJoinPool.commonPool-worker-1] INFO  impl.RaftServerImpl (ServerState.java:close(385)) - 54dcae81-dbd9-40b6-afc3-8b9ef3945f08@group-0E30943C1421: closes. applyIndex: 0
2019-09-26 10:41:27,026 [54dcae81-dbd9-40b6-afc3-8b9ef3945f08@group-0E30943C1421-SegmentedRaftLogWorker] INFO  segmented.SegmentedRaftLogWorker (SegmentedRaftLogWorker.java:run(313)) - 54dcae81-dbd9-40b6-afc3-8b9ef3945f08@group-0E30943C1421-SegmentedRaftLogWorker was interrupted, exiting. There are 0 tasks remaining in the queue.
2019-09-26 10:41:27,026 [ForkJoinPool.commonPool-worker-1] INFO  segmented.SegmentedRaftLogWorker (SegmentedRaftLogWorker.java:close(228)) - 54dcae81-dbd9-40b6-afc3-8b9ef3945f08@group-0E30943C1421-SegmentedRaftLogWorker close()
2019-09-26 10:41:27,027 [ForkJoinPool.commonPool-worker-1] INFO  impl.RaftServerImpl (RaftServerImpl.java:lambda$shutdown$3(251)) - 54dcae81-dbd9-40b6-afc3-8b9ef3945f08@group-88C21EE0F27E: shutdown
2019-09-26 10:41:27,028 [ForkJoinPool.commonPool-worker-1] INFO  util.JmxRegister (JmxRegister.java:unregister(73)) - Successfully un-registered JMX Bean with object name Ratis:service=RaftServer,group=group-88C21EE0F27E,id=54dcae81-dbd9-40b6-afc3-8b9ef3945f08
2019-09-26 10:41:27,028 [ForkJoinPool.commonPool-worker-1] INFO  impl.RoleInfo (RoleInfo.java:shutdownLeaderState(104)) - 54dcae81-dbd9-40b6-afc3-8b9ef3945f08: shutdown LeaderState
2019-09-26 10:41:27,028 [ForkJoinPool.commonPool-worker-1] INFO  impl.PendingRequests (PendingRequests.java:sendNotLeaderResponses(202)) - 54dcae81-dbd9-40b6-afc3-8b9ef3945f08-PendingRequests: sendNotLeaderResponses
2019-09-26 10:41:27,029 [ForkJoinPool.commonPool-worker-1] INFO  impl.StateMachineUpdater (StateMachineUpdater.java:stopAndJoin(125)) - 54dcae81-dbd9-40b6-afc3-8b9ef3945f08@group-88C21EE0F27E-StateMachineUpdater: set stopIndex = 0
2019-09-26 10:41:27,029 [ForkJoinPool.commonPool-worker-1] INFO  impl.RaftServerImpl (ServerState.java:close(385)) - 54dcae81-dbd9-40b6-afc3-8b9ef3945f08@group-88C21EE0F27E: closes. applyIndex: 0
2019-09-26 10:41:27,030 [54dcae81-dbd9-40b6-afc3-8b9ef3945f08@group-88C21EE0F27E-SegmentedRaftLogWorker] INFO  segmented.SegmentedRaftLogWorker (SegmentedRaftLogWorker.java:run(313)) - 54dcae81-dbd9-40b6-afc3-8b9ef3945f08@group-88C21EE0F27E-SegmentedRaftLogWorker was interrupted, exiting. There are 0 tasks remaining in the queue.
2019-09-26 10:41:27,030 [ForkJoinPool.commonPool-worker-1] INFO  segmented.SegmentedRaftLogWorker (SegmentedRaftLogWorker.java:close(228)) - 54dcae81-dbd9-40b6-afc3-8b9ef3945f08@group-88C21EE0F27E-SegmentedRaftLogWorker close()
2019-09-26 10:41:27,031 [ForkJoinPool.commonPool-worker-1] INFO  impl.RaftServerImpl (RaftServerImpl.java:lambda$shutdown$3(251)) - 54dcae81-dbd9-40b6-afc3-8b9ef3945f08@group-9BBDA1607583: shutdown
2019-09-26 10:41:27,031 [ForkJoinPool.commonPool-worker-1] INFO  util.JmxRegister (JmxRegister.java:unregister(73)) - Successfully un-registered JMX Bean with object name Ratis:service=RaftServer,group=group-9BBDA1607583,id=54dcae81-dbd9-40b6-afc3-8b9ef3945f08
2019-09-26 10:41:27,032 [ForkJoinPool.commonPool-worker-1] INFO  impl.RoleInfo (RoleInfo.java:shutdownLeaderState(104)) - 54dcae81-dbd9-40b6-afc3-8b9ef3945f08: shutdown LeaderState
2019-09-26 10:41:27,032 [ForkJoinPool.commonPool-worker-1] INFO  impl.PendingRequests (PendingRequests.java:sendNotLeaderResponses(202)) - 54dcae81-dbd9-40b6-afc3-8b9ef3945f08-PendingRequests: sendNotLeaderResponses
2019-09-26 10:41:27,032 [ForkJoinPool.commonPool-worker-1] INFO  impl.StateMachineUpdater (StateMachineUpdater.java:stopAndJoin(125)) - 54dcae81-dbd9-40b6-afc3-8b9ef3945f08@group-9BBDA1607583-StateMachineUpdater: set stopIndex = 0
2019-09-26 10:41:27,033 [ForkJoinPool.commonPool-worker-1] INFO  impl.RaftServerImpl (ServerState.java:close(385)) - 54dcae81-dbd9-40b6-afc3-8b9ef3945f08@group-9BBDA1607583: closes. applyIndex: 0
2019-09-26 10:41:27,033 [54dcae81-dbd9-40b6-afc3-8b9ef3945f08@group-9BBDA1607583-SegmentedRaftLogWorker] INFO  segmented.SegmentedRaftLogWorker (SegmentedRaftLogWorker.java:run(313)) - 54dcae81-dbd9-40b6-afc3-8b9ef3945f08@group-9BBDA1607583-SegmentedRaftLogWorker was interrupted, exiting. There are 0 tasks remaining in the queue.
2019-09-26 10:41:27,034 [ForkJoinPool.commonPool-worker-1] INFO  segmented.SegmentedRaftLogWorker (SegmentedRaftLogWorker.java:close(228)) - 54dcae81-dbd9-40b6-afc3-8b9ef3945f08@group-9BBDA1607583-SegmentedRaftLogWorker close()
2019-09-26 10:41:27,035 [ForkJoinPool.commonPool-worker-1] INFO  server.GrpcService (GrpcService.java:closeImpl(164)) - 54dcae81-dbd9-40b6-afc3-8b9ef3945f08: shutdown server with port 42120 now
2019-09-26 10:41:27,036 [ForkJoinPool.commonPool-worker-1] INFO  server.GrpcService (GrpcService.java:closeImpl(172)) - 54dcae81-dbd9-40b6-afc3-8b9ef3945f08: shutdown server with port 42120 successfully
2019-09-26 10:41:27,040 [refreshUsed-/workdir/hadoop-ozone/integration-test/target/test-dir/MiniOzoneClusterImpl-874991c5-7d1a-4345-b538-2cfa836e270f/datanode-2/data/containers] WARN  fs.CachingGetSpaceUsed (CachingGetSpaceUsed.java:run(183)) - Thread Interrupted waiting to refresh disk information: sleep interrupted
2019-09-26 10:41:27,067 [ForkJoinPool.commonPool-worker-1] INFO  utils.BackgroundService (BackgroundService.java:shutdown(148)) - Shutting down service BlockDeletingService
2019-09-26 10:41:27,070 [ForkJoinPool.commonPool-worker-1] INFO  statemachine.DatanodeStateMachine (DatanodeStateMachine.java:stopDaemon(395)) - Ozone container server stopped.
2019-09-26 10:41:27,073 [ForkJoinPool.commonPool-worker-1] INFO  handler.ContextHandler (ContextHandler.java:doStop(910)) - Stopped o.e.j.w.WebAppContext@296e281a{/,null,UNAVAILABLE}{/hddsDatanode}
2019-09-26 10:41:27,073 [ForkJoinPool.commonPool-worker-1] INFO  server.AbstractConnector (AbstractConnector.java:doStop(318)) - Stopped ServerConnector@59cda16e{HTTP/1.1,[http/1.1]}{0.0.0.0:0}
2019-09-26 10:41:27,074 [ForkJoinPool.commonPool-worker-1] INFO  handler.ContextHandler (ContextHandler.java:doStop(910)) - Stopped o.e.j.s.ServletContextHandler@28da7d11{/static,jar:file:/home/user/.m2/repository/org/apache/hadoop/hadoop-hdds-container-service/0.5.0-SNAPSHOT/hadoop-hdds-container-service-0.5.0-SNAPSHOT.jar!/webapps/static,UNAVAILABLE}
2019-09-26 10:41:27,075 [ForkJoinPool.commonPool-worker-1] INFO  handler.ContextHandler (ContextHandler.java:doStop(910)) - Stopped o.e.j.s.ServletContextHandler@5fcfde70{/logs,file:///workdir/hadoop-ozone/integration-test/target/log,UNAVAILABLE}
2019-09-26 10:41:27,076 [main] INFO  ozone.MiniOzoneClusterImpl (MiniOzoneClusterImpl.java:stopSCM(392)) - Stopping the StorageContainerManager
2019-09-26 10:41:27,077 [main] INFO  server.StorageContainerManager (StorageContainerManager.java:stop(808)) - Stopping Replication Manager Service.
2019-09-26 10:41:27,077 [main] INFO  container.ReplicationManager (ReplicationManager.java:stop(204)) - Stopping Replication Monitor Thread.
2019-09-26 10:41:27,077 [main] INFO  server.StorageContainerManager (StorageContainerManager.java:stop(815)) - Stopping Lease Manager of the command watchers
2019-09-26 10:41:27,077 [main] INFO  server.StorageContainerManager (StorageContainerManager.java:stop(822)) - Stopping datanode service RPC server
2019-09-26 10:41:27,078 [main] INFO  server.SCMDatanodeProtocolServer (SCMDatanodeProtocolServer.java:stop(367)) - Stopping the RPC server for DataNodes
2019-09-26 10:41:27,078 [main] INFO  ipc.Server (Server.java:stop(3082)) - Stopping server on 43595
2019-09-26 10:41:27,079 [IPC Server listener on 43595] INFO  ipc.Server (Server.java:run(1185)) - Stopping IPC Server listener on 43595
2019-09-26 10:41:27,080 [IPC Server Responder] INFO  ipc.Server (Server.java:run(1319)) - Stopping IPC Server Responder
2019-09-26 10:41:27,127 [SCM Heartbeat Processing Thread - 0] WARN  node.NodeStateManager (NodeStateManager.java:scheduleNextHealthCheck(655)) - Current Thread is interrupted, shutting down HB processing thread for Node Manager.
2019-09-26 10:41:27,127 [main] INFO  server.StorageContainerManager (StorageContainerManager.java:stop(830)) - Stopping block service RPC server
2019-09-26 10:41:27,127 [main] INFO  server.SCMBlockProtocolServer (SCMBlockProtocolServer.java:stop(155)) - Stopping the RPC server for Block Protocol
2019-09-26 10:41:27,128 [main] INFO  ipc.Server (Server.java:stop(3082)) - Stopping server on 38481
2019-09-26 10:41:27,130 [IPC Server listener on 38481] INFO  ipc.Server (Server.java:run(1185)) - Stopping IPC Server listener on 38481
2019-09-26 10:41:27,130 [IPC Server Responder] INFO  ipc.Server (Server.java:run(1319)) - Stopping IPC Server Responder
2019-09-26 10:41:27,130 [main] INFO  server.StorageContainerManager (StorageContainerManager.java:stop(837)) - Stopping the StorageContainerLocationProtocol RPC server
2019-09-26 10:41:27,131 [main] INFO  server.SCMClientProtocolServer (SCMClientProtocolServer.java:stop(159)) - Stopping the RPC server for Client Protocol
2019-09-26 10:41:27,131 [main] INFO  ipc.Server (Server.java:stop(3082)) - Stopping server on 36435
2019-09-26 10:41:27,133 [IPC Server listener on 36435] INFO  ipc.Server (Server.java:run(1185)) - Stopping IPC Server listener on 36435
2019-09-26 10:41:27,133 [IPC Server Responder] INFO  ipc.Server (Server.java:run(1319)) - Stopping IPC Server Responder
2019-09-26 10:41:27,133 [main] INFO  server.StorageContainerManager (StorageContainerManager.java:stop(844)) - Stopping Storage Container Manager HTTP server.
2019-09-26 10:41:27,135 [main] INFO  handler.ContextHandler (ContextHandler.java:doStop(910)) - Stopped o.e.j.w.WebAppContext@6928f576{/,null,UNAVAILABLE}{/scm}
2019-09-26 10:41:27,136 [main] INFO  server.AbstractConnector (AbstractConnector.java:doStop(318)) - Stopped ServerConnector@548e76f1{HTTP/1.1,[http/1.1]}{0.0.0.0:0}
2019-09-26 10:41:27,136 [main] INFO  handler.ContextHandler (ContextHandler.java:doStop(910)) - Stopped o.e.j.s.ServletContextHandler@3e821657{/static,file:///workdir/hadoop-ozone/integration-test/target/test-classes/webapps/static,UNAVAILABLE}
2019-09-26 10:41:27,137 [main] INFO  handler.ContextHandler (ContextHandler.java:doStop(910)) - Stopped o.e.j.s.ServletContextHandler@6b00f608{/logs,file:///workdir/hadoop-ozone/integration-test/target/log,UNAVAILABLE}
2019-09-26 10:41:27,139 [main] INFO  server.StorageContainerManager (StorageContainerManager.java:stop(855)) - Stopping Block Manager Service.
2019-09-26 10:41:27,139 [main] INFO  utils.BackgroundService (BackgroundService.java:shutdown(148)) - Shutting down service SCMBlockDeletingService
2019-09-26 10:41:27,140 [main] INFO  utils.BackgroundService (BackgroundService.java:shutdown(148)) - Shutting down service SCMBlockDeletingService
2019-09-26 10:41:27,141 [main] INFO  server.StorageContainerManager (StorageContainerManager.java:stop(877)) - Stopping SCM Event Queue.
2019-09-26 10:41:27,149 [main] INFO  impl.MetricsSystemImpl (MetricsSystemImpl.java:stop(210)) - Stopping ratis metrics system...
2019-09-26 10:41:27,158 [prometheus] INFO  impl.MetricsSinkAdapter (MetricsSinkAdapter.java:publishMetricsFromQueue(141)) - prometheus thread interrupted.
2019-09-26 10:41:27,159 [main] INFO  impl.MetricsSystemImpl (MetricsSystemImpl.java:stop(216)) - ratis metrics system stopped.
]]></system-out>
    <system-err><![CDATA[ERROR StatusLogger No Log4j 2 configuration file found. Using default configuration (logging only errors to the console), or user programmatically provided configurations. Set system property 'log4j2.debug' to show Log4j 2 internal initialization logging. See https://logging.apache.org/log4j/2.x/manual/configuration.html for instructions on how to configure Log4j 2
]]></system-err>
  </testcase>
  <testcase name="testPipelineCloseWithOpenContainer" classname="org.apache.hadoop.hdds.scm.pipeline.TestPipelineClose" time="16.814">
    <error message="Could not allocate container. Cannot get any matching pipeline for Type:RATIS, Factor:THREE, State:PipelineState.OPEN" type="java.io.IOException">java.io.IOException: Could not allocate container. Cannot get any matching pipeline for Type:RATIS, Factor:THREE, State:PipelineState.OPEN
	at org.apache.hadoop.hdds.scm.container.ContainerStateManager.allocateContainer(ContainerStateManager.java:260)
	at org.apache.hadoop.hdds.scm.container.SCMContainerManager.allocateContainer(SCMContainerManager.java:247)
	at org.apache.hadoop.hdds.scm.pipeline.TestPipelineClose.init(TestPipelineClose.java:92)
	at sun.reflect.NativeMethodAccessorImpl.invoke0(Native Method)
	at sun.reflect.NativeMethodAccessorImpl.invoke(NativeMethodAccessorImpl.java:62)
	at sun.reflect.DelegatingMethodAccessorImpl.invoke(DelegatingMethodAccessorImpl.java:43)
	at java.lang.reflect.Method.invoke(Method.java:498)
	at org.junit.runners.model.FrameworkMethod$1.runReflectiveCall(FrameworkMethod.java:47)
	at org.junit.internal.runners.model.ReflectiveCallable.run(ReflectiveCallable.java:12)
	at org.junit.runners.model.FrameworkMethod.invokeExplosively(FrameworkMethod.java:44)
	at org.junit.internal.runners.statements.RunBefores.evaluate(RunBefores.java:24)
	at org.junit.internal.runners.statements.RunAfters.evaluate(RunAfters.java:27)
	at org.junit.runners.ParentRunner.runLeaf(ParentRunner.java:271)
	at org.junit.runners.BlockJUnit4ClassRunner.runChild(BlockJUnit4ClassRunner.java:70)
	at org.junit.runners.BlockJUnit4ClassRunner.runChild(BlockJUnit4ClassRunner.java:50)
	at org.junit.runners.ParentRunner$3.run(ParentRunner.java:238)
	at org.junit.runners.ParentRunner$1.schedule(ParentRunner.java:63)
	at org.junit.runners.ParentRunner.runChildren(ParentRunner.java:236)
	at org.junit.runners.ParentRunner.access$000(ParentRunner.java:53)
	at org.junit.runners.ParentRunner$2.evaluate(ParentRunner.java:229)
	at org.junit.runners.ParentRunner.run(ParentRunner.java:309)
	at org.apache.maven.surefire.junit4.JUnit4Provider.execute(JUnit4Provider.java:365)
	at org.apache.maven.surefire.junit4.JUnit4Provider.executeWithRerun(JUnit4Provider.java:273)
	at org.apache.maven.surefire.junit4.JUnit4Provider.executeTestSet(JUnit4Provider.java:238)
	at org.apache.maven.surefire.junit4.JUnit4Provider.invoke(JUnit4Provider.java:159)
	at org.apache.maven.surefire.booter.ForkedBooter.invokeProviderInSameClassLoader(ForkedBooter.java:384)
	at org.apache.maven.surefire.booter.ForkedBooter.runSuitesInProcess(ForkedBooter.java:345)
	at org.apache.maven.surefire.booter.ForkedBooter.execute(ForkedBooter.java:126)
	at org.apache.maven.surefire.booter.ForkedBooter.main(ForkedBooter.java:418)
</error>
    <system-out><![CDATA[2019-09-26 10:41:27,232 [main] WARN  server.ServerUtils (ServerUtils.java:getScmDbDir(145)) - ozone.scm.db.dirs is not configured. We recommend adding this setting. Falling back to ozone.metadata.dirs instead.
2019-09-26 10:41:27,247 [main] WARN  server.ServerUtils (ServerUtils.java:getScmDbDir(145)) - ozone.scm.db.dirs is not configured. We recommend adding this setting. Falling back to ozone.metadata.dirs instead.
2019-09-26 10:41:27,247 [main] WARN  server.ServerUtils (ServerUtils.java:getScmDbDir(145)) - ozone.scm.db.dirs is not configured. We recommend adding this setting. Falling back to ozone.metadata.dirs instead.
2019-09-26 10:41:27,248 [main] INFO  db.DBStoreBuilder (DBStoreBuilder.java:addTable(110)) - using custom profile for table: deletedBlocks
2019-09-26 10:41:27,248 [main] INFO  db.DBStoreBuilder (DBStoreBuilder.java:processTables(161)) - Using default column profile:DBProfile.DISK for Table:deletedBlocks
2019-09-26 10:41:27,249 [main] INFO  db.DBStoreBuilder (DBStoreBuilder.java:addTable(110)) - using custom profile for table: validCerts
2019-09-26 10:41:27,249 [main] INFO  db.DBStoreBuilder (DBStoreBuilder.java:processTables(161)) - Using default column profile:DBProfile.DISK for Table:validCerts
2019-09-26 10:41:27,249 [main] INFO  db.DBStoreBuilder (DBStoreBuilder.java:addTable(110)) - using custom profile for table: revokedCerts
2019-09-26 10:41:27,249 [main] INFO  db.DBStoreBuilder (DBStoreBuilder.java:processTables(161)) - Using default column profile:DBProfile.DISK for Table:revokedCerts
2019-09-26 10:41:27,249 [main] INFO  db.DBStoreBuilder (DBStoreBuilder.java:addTable(110)) - using custom profile for table: default
2019-09-26 10:41:27,250 [main] INFO  db.DBStoreBuilder (DBStoreBuilder.java:processTables(167)) - Using default column profile:DBProfile.DISK for Table:default
2019-09-26 10:41:27,250 [main] INFO  db.DBStoreBuilder (DBStoreBuilder.java:getDbProfile(198)) - Using default options. DBProfile.DISK
2019-09-26 10:41:27,402 [main] INFO  net.NodeSchemaLoader (NodeSchemaLoader.java:loadSchemaFromFile(125)) - Loading file from sun.misc.CompoundEnumeration@4c58255
2019-09-26 10:41:27,402 [main] INFO  net.NodeSchemaLoader (NodeSchemaLoader.java:loadSchema(171)) - Loading network topology layer schema file
2019-09-26 10:41:27,409 [main] WARN  server.ServerUtils (ServerUtils.java:sanitizeUserArgs(70)) - ozone.scm.stale.node.interval value = 300000 is larger than max = 100000 based on the key value of ozone.scm.heartbeat.thread.interval, reset to the max value 100000.
2019-09-26 10:41:27,409 [main] WARN  server.ServerUtils (ServerUtils.java:sanitizeUserArgs(70)) - ozone.scm.stale.node.interval value = 300000 is larger than max = 100000 based on the key value of ozone.scm.heartbeat.thread.interval, reset to the max value 100000.
2019-09-26 10:41:27,410 [main] INFO  node.SCMNodeManager (SCMNodeManager.java:<init>(114)) - Entering startup safe mode.
2019-09-26 10:41:27,411 [main] INFO  algorithms.ContainerPlacementPolicyFactory (ContainerPlacementPolicyFactory.java:getPolicy(59)) - Create container placement policy of type org.apache.hadoop.hdds.scm.container.placement.algorithms.SCMContainerPlacementRandom
2019-09-26 10:41:27,411 [main] WARN  server.ServerUtils (ServerUtils.java:getScmDbDir(145)) - ozone.scm.db.dirs is not configured. We recommend adding this setting. Falling back to ozone.metadata.dirs instead.
2019-09-26 10:41:27,461 [main] INFO  pipeline.SCMPipelineManager (SCMPipelineManager.java:initializePipelineState(132)) - No pipeline exists in current db
2019-09-26 10:41:27,462 [main] WARN  server.ServerUtils (ServerUtils.java:getScmDbDir(145)) - ozone.scm.db.dirs is not configured. We recommend adding this setting. Falling back to ozone.metadata.dirs instead.
2019-09-26 10:41:27,516 [main] WARN  events.EventQueue (EventQueue.java:fireEvent(183)) - No event handler registered for event TypedEvent{payloadType=SafeModeStatus, name='SafeModeStatus'}
2019-09-26 10:41:27,518 [main] INFO  ipc.CallQueueManager (CallQueueManager.java:<init>(84)) - Using callQueue: class java.util.concurrent.LinkedBlockingQueue, queueCapacity: 2000, scheduler: class org.apache.hadoop.ipc.DefaultRpcScheduler, ipcBackoff: false.
2019-09-26 10:41:27,519 [Socket Reader #1 for port 43706] INFO  ipc.Server (Server.java:run(1074)) - Starting Socket Reader #1 for port 43706
2019-09-26 10:41:27,522 [main] INFO  ipc.CallQueueManager (CallQueueManager.java:<init>(84)) - Using callQueue: class java.util.concurrent.LinkedBlockingQueue, queueCapacity: 2000, scheduler: class org.apache.hadoop.ipc.DefaultRpcScheduler, ipcBackoff: false.
2019-09-26 10:41:27,523 [Socket Reader #1 for port 39218] INFO  ipc.Server (Server.java:run(1074)) - Starting Socket Reader #1 for port 39218
2019-09-26 10:41:27,525 [main] INFO  ipc.CallQueueManager (CallQueueManager.java:<init>(84)) - Using callQueue: class java.util.concurrent.LinkedBlockingQueue, queueCapacity: 2000, scheduler: class org.apache.hadoop.ipc.DefaultRpcScheduler, ipcBackoff: false.
2019-09-26 10:41:27,526 [Socket Reader #1 for port 36530] INFO  ipc.Server (Server.java:run(1074)) - Starting Socket Reader #1 for port 36530
2019-09-26 10:41:27,529 [main] INFO  hdfs.DFSUtil (DFSUtil.java:httpServerTemplateForNNAndJN(1641)) - Starting Web-server for scm at: http://0.0.0.0:0
2019-09-26 10:41:27,532 [main] INFO  server.AuthenticationFilter (AuthenticationFilter.java:constructSecretProvider(240)) - Unable to initialize FileSignerSecretProvider, falling back to use random secrets.
2019-09-26 10:41:27,533 [main] WARN  http.HttpRequestLog (HttpRequestLog.java:getRequestLog(97)) - Jetty request log can only be enabled using Log4j
2019-09-26 10:41:27,536 [main] INFO  http.HttpServer2 (HttpServer2.java:addGlobalFilter(975)) - Added global filter 'safety' (class=org.apache.hadoop.http.HttpServer2$QuotingInputFilter)
2019-09-26 10:41:27,538 [main] INFO  http.HttpServer2 (HttpServer2.java:addFilter(948)) - Added filter static_user_filter (class=org.apache.hadoop.http.lib.StaticUserWebFilter$StaticUserFilter) to context scm
2019-09-26 10:41:27,538 [main] INFO  http.HttpServer2 (HttpServer2.java:addFilter(958)) - Added filter static_user_filter (class=org.apache.hadoop.http.lib.StaticUserWebFilter$StaticUserFilter) to context static
2019-09-26 10:41:27,539 [main] INFO  http.HttpServer2 (HttpServer2.java:addFilter(958)) - Added filter static_user_filter (class=org.apache.hadoop.http.lib.StaticUserWebFilter$StaticUserFilter) to context logs
2019-09-26 10:41:27,543 [main] INFO  server.StorageContainerManager (StorageContainerManager.java:start(770)) - StorageContainerLocationProtocol RPC server is listening at /0.0.0.0:36530
2019-09-26 10:41:27,547 [main] WARN  impl.MetricsConfig (MetricsConfig.java:loadFirst(134)) - Cannot locate configuration: tried hadoop-metrics2-storagecontainermanager.properties,hadoop-metrics2.properties
2019-09-26 10:41:27,549 [main] INFO  impl.MetricsSystemImpl (MetricsSystemImpl.java:startTimer(374)) - Scheduled Metric snapshot period at 10 second(s).
2019-09-26 10:41:27,549 [main] INFO  impl.MetricsSystemImpl (MetricsSystemImpl.java:start(191)) - StorageContainerManager metrics system started
2019-09-26 10:41:27,613 [main] WARN  impl.MetricsSystemImpl (MetricsSystemImpl.java:register(276)) - Sink prometheus already exists!
2019-09-26 10:41:27,617 [main] INFO  server.SCMClientProtocolServer (SCMClientProtocolServer.java:start(151)) - RPC server for Client  is listening at /0.0.0.0:36530
2019-09-26 10:41:27,617 [IPC Server Responder] INFO  ipc.Server (Server.java:run(1314)) - IPC Server Responder: starting
2019-09-26 10:41:27,618 [IPC Server listener on 36530] INFO  ipc.Server (Server.java:run(1153)) - IPC Server listener on 36530: starting
2019-09-26 10:41:27,622 [main] INFO  server.StorageContainerManager (StorageContainerManager.java:start(780)) - ScmBlockLocationProtocol RPC server is listening at /0.0.0.0:39218
2019-09-26 10:41:27,623 [main] INFO  server.SCMBlockProtocolServer (SCMBlockProtocolServer.java:start(146)) - RPC server for Block Protocol is listening at /0.0.0.0:39218
2019-09-26 10:41:27,623 [IPC Server Responder] INFO  ipc.Server (Server.java:run(1314)) - IPC Server Responder: starting
2019-09-26 10:41:27,623 [IPC Server listener on 39218] INFO  ipc.Server (Server.java:run(1153)) - IPC Server listener on 39218: starting
2019-09-26 10:41:27,627 [main] INFO  server.StorageContainerManager (StorageContainerManager.java:start(784)) - ScmDatanodeProtocl RPC server is listening at /0.0.0.0:43706
2019-09-26 10:41:27,627 [main] INFO  server.SCMDatanodeProtocolServer (SCMDatanodeProtocolServer.java:start(191)) - RPC server for DataNodes is listening at /0.0.0.0:43706
2019-09-26 10:41:27,628 [IPC Server Responder] INFO  ipc.Server (Server.java:run(1314)) - IPC Server Responder: starting
2019-09-26 10:41:27,628 [IPC Server listener on 43706] INFO  ipc.Server (Server.java:run(1153)) - IPC Server listener on 43706: starting
2019-09-26 10:41:27,632 [main] INFO  http.HttpServer2 (HttpServer2.java:bindListener(1191)) - Jetty bound to port 43132
2019-09-26 10:41:27,632 [main] INFO  server.Server (Server.java:doStart(351)) - jetty-9.3.25.v20180904, build timestamp: 2018-09-04T21:11:46Z, git hash: 3ce520221d0240229c862b122d2b06c12a625732
2019-09-26 10:41:27,634 [main] INFO  handler.ContextHandler (ContextHandler.java:doStart(781)) - Started o.e.j.s.ServletContextHandler@f1d0004{/logs,file:///workdir/hadoop-ozone/integration-test/target/log,AVAILABLE}
2019-09-26 10:41:27,635 [main] INFO  handler.ContextHandler (ContextHandler.java:doStart(781)) - Started o.e.j.s.ServletContextHandler@48b4a043{/static,file:///workdir/hadoop-ozone/integration-test/target/test-classes/webapps/static,AVAILABLE}
2019-09-26 10:41:27,641 [main] INFO  handler.ContextHandler (ContextHandler.java:doStart(781)) - Started o.e.j.w.WebAppContext@3b920bdc{/,file:///workdir/hadoop-ozone/integration-test/target/test-classes/webapps/scm/,AVAILABLE}{/scm}
2019-09-26 10:41:27,641 [main] INFO  server.AbstractConnector (AbstractConnector.java:doStart(278)) - Started ServerConnector@7f5538a1{HTTP/1.1,[http/1.1]}{0.0.0.0:43132}
2019-09-26 10:41:27,642 [main] INFO  server.Server (Server.java:doStart(419)) - Started @22431ms
2019-09-26 10:41:27,642 [main] WARN  impl.MetricsSystemImpl (MetricsSystemImpl.java:register(276)) - Sink prometheus already exists!
2019-09-26 10:41:27,643 [main] INFO  server.BaseHttpServer (BaseHttpServer.java:updateConnectorAddress(215)) - HTTP server of SCM is listening at http://0.0.0.0:43132
2019-09-26 10:41:27,644 [main] WARN  server.ServerUtils (ServerUtils.java:getDBPath(222)) - ozone.om.db.dirs is not configured. We recommend adding this setting. Falling back to ozone.metadata.dirs instead.
2019-09-26 10:41:27,645 [org.apache.hadoop.util.JvmPauseMonitor$Monitor@1f9f381d] INFO  util.JvmPauseMonitor (JvmPauseMonitor.java:run(188)) - Starting JVM pause monitor
2019-09-26 10:41:27,658 [main] WARN  server.ServerUtils (ServerUtils.java:getDBPath(222)) - ozone.om.db.dirs is not configured. We recommend adding this setting. Falling back to ozone.metadata.dirs instead.
2019-09-26 10:41:27,659 [main] WARN  server.ServerUtils (ServerUtils.java:getDBPath(222)) - ozone.om.db.dirs is not configured. We recommend adding this setting. Falling back to ozone.metadata.dirs instead.
2019-09-26 10:41:27,659 [main] INFO  om.OzoneManager (OzoneManager.java:setOMNodeDetails(652)) - OM Service ID is not set. Setting it to the default ID: omServiceIdDefault
2019-09-26 10:41:27,659 [main] INFO  om.OzoneManager (OzoneManager.java:setOMNodeDetails(658)) - OM Node ID is not set. Setting it to the OmStorage's OmID: 0ff46e17-572c-47d7-9672-cff0352f4e8c
2019-09-26 10:41:27,660 [main] INFO  om.OzoneManager (OzoneManager.java:loadOMHAConfigs(609)) - Found matching OM address with OMServiceId: null, OMNodeId: null, RPC Address: localhost:0 and Ratis port: 9872
2019-09-26 10:41:27,678 [main] WARN  server.ServerUtils (ServerUtils.java:getDBPath(222)) - ozone.om.db.dirs is not configured. We recommend adding this setting. Falling back to ozone.metadata.dirs instead.
2019-09-26 10:41:27,679 [main] INFO  db.DBStoreBuilder (DBStoreBuilder.java:addTable(110)) - using custom profile for table: userTable
2019-09-26 10:41:27,679 [main] INFO  db.DBStoreBuilder (DBStoreBuilder.java:processTables(161)) - Using default column profile:DBProfile.DISK for Table:userTable
2019-09-26 10:41:27,679 [main] INFO  db.DBStoreBuilder (DBStoreBuilder.java:addTable(110)) - using custom profile for table: volumeTable
2019-09-26 10:41:27,679 [main] INFO  db.DBStoreBuilder (DBStoreBuilder.java:processTables(161)) - Using default column profile:DBProfile.DISK for Table:volumeTable
2019-09-26 10:41:27,680 [main] INFO  db.DBStoreBuilder (DBStoreBuilder.java:addTable(110)) - using custom profile for table: bucketTable
2019-09-26 10:41:27,680 [main] INFO  db.DBStoreBuilder (DBStoreBuilder.java:processTables(161)) - Using default column profile:DBProfile.DISK for Table:bucketTable
2019-09-26 10:41:27,680 [main] INFO  db.DBStoreBuilder (DBStoreBuilder.java:addTable(110)) - using custom profile for table: keyTable
2019-09-26 10:41:27,680 [main] INFO  db.DBStoreBuilder (DBStoreBuilder.java:processTables(161)) - Using default column profile:DBProfile.DISK for Table:keyTable
2019-09-26 10:41:27,681 [main] INFO  db.DBStoreBuilder (DBStoreBuilder.java:addTable(110)) - using custom profile for table: deletedTable
2019-09-26 10:41:27,681 [main] INFO  db.DBStoreBuilder (DBStoreBuilder.java:processTables(161)) - Using default column profile:DBProfile.DISK for Table:deletedTable
2019-09-26 10:41:27,681 [main] INFO  db.DBStoreBuilder (DBStoreBuilder.java:addTable(110)) - using custom profile for table: openKeyTable
2019-09-26 10:41:27,681 [main] INFO  db.DBStoreBuilder (DBStoreBuilder.java:processTables(161)) - Using default column profile:DBProfile.DISK for Table:openKeyTable
2019-09-26 10:41:27,681 [main] INFO  db.DBStoreBuilder (DBStoreBuilder.java:addTable(110)) - using custom profile for table: s3Table
2019-09-26 10:41:27,682 [main] INFO  db.DBStoreBuilder (DBStoreBuilder.java:processTables(161)) - Using default column profile:DBProfile.DISK for Table:s3Table
2019-09-26 10:41:27,682 [main] INFO  db.DBStoreBuilder (DBStoreBuilder.java:addTable(110)) - using custom profile for table: multipartInfoTable
2019-09-26 10:41:27,682 [main] INFO  db.DBStoreBuilder (DBStoreBuilder.java:processTables(161)) - Using default column profile:DBProfile.DISK for Table:multipartInfoTable
2019-09-26 10:41:27,682 [main] INFO  db.DBStoreBuilder (DBStoreBuilder.java:addTable(110)) - using custom profile for table: dTokenTable
2019-09-26 10:41:27,682 [main] INFO  db.DBStoreBuilder (DBStoreBuilder.java:processTables(161)) - Using default column profile:DBProfile.DISK for Table:dTokenTable
2019-09-26 10:41:27,683 [main] INFO  db.DBStoreBuilder (DBStoreBuilder.java:addTable(110)) - using custom profile for table: s3SecretTable
2019-09-26 10:41:27,683 [main] INFO  db.DBStoreBuilder (DBStoreBuilder.java:processTables(161)) - Using default column profile:DBProfile.DISK for Table:s3SecretTable
2019-09-26 10:41:27,683 [main] INFO  db.DBStoreBuilder (DBStoreBuilder.java:addTable(110)) - using custom profile for table: prefixTable
2019-09-26 10:41:27,683 [main] INFO  db.DBStoreBuilder (DBStoreBuilder.java:processTables(161)) - Using default column profile:DBProfile.DISK for Table:prefixTable
2019-09-26 10:41:27,683 [main] INFO  db.DBStoreBuilder (DBStoreBuilder.java:addTable(110)) - using custom profile for table: default
2019-09-26 10:41:27,684 [main] INFO  db.DBStoreBuilder (DBStoreBuilder.java:processTables(167)) - Using default column profile:DBProfile.DISK for Table:default
2019-09-26 10:41:27,684 [main] INFO  db.DBStoreBuilder (DBStoreBuilder.java:getDbProfile(198)) - Using default options. DBProfile.DISK
2019-09-26 10:41:28,176 [main] INFO  ipc.CallQueueManager (CallQueueManager.java:<init>(84)) - Using callQueue: class java.util.concurrent.LinkedBlockingQueue, queueCapacity: 2000, scheduler: class org.apache.hadoop.ipc.DefaultRpcScheduler, ipcBackoff: false.
2019-09-26 10:41:28,178 [Socket Reader #1 for port 34424] INFO  ipc.Server (Server.java:run(1074)) - Starting Socket Reader #1 for port 34424
2019-09-26 10:41:28,202 [main] INFO  om.OzoneManager (OzoneManager.java:start(1243)) - OzoneManager RPC server is listening at localhost/127.0.0.1:34424
2019-09-26 10:41:28,203 [main] INFO  impl.MetricsSystemImpl (MetricsSystemImpl.java:init(158)) - OzoneManager metrics system started (again)
2019-09-26 10:41:28,204 [IPC Server listener on 34424] INFO  ipc.Server (Server.java:run(1153)) - IPC Server listener on 34424: starting
2019-09-26 10:41:28,204 [IPC Server Responder] INFO  ipc.Server (Server.java:run(1314)) - IPC Server Responder: starting
2019-09-26 10:41:28,209 [main] INFO  hdfs.DFSUtil (DFSUtil.java:httpServerTemplateForNNAndJN(1641)) - Starting Web-server for ozoneManager at: http://0.0.0.0:0
2019-09-26 10:41:28,212 [main] INFO  server.AuthenticationFilter (AuthenticationFilter.java:constructSecretProvider(240)) - Unable to initialize FileSignerSecretProvider, falling back to use random secrets.
2019-09-26 10:41:28,212 [main] WARN  http.HttpRequestLog (HttpRequestLog.java:getRequestLog(97)) - Jetty request log can only be enabled using Log4j
2019-09-26 10:41:28,215 [main] INFO  http.HttpServer2 (HttpServer2.java:addGlobalFilter(975)) - Added global filter 'safety' (class=org.apache.hadoop.http.HttpServer2$QuotingInputFilter)
2019-09-26 10:41:28,216 [main] INFO  http.HttpServer2 (HttpServer2.java:addFilter(948)) - Added filter static_user_filter (class=org.apache.hadoop.http.lib.StaticUserWebFilter$StaticUserFilter) to context ozoneManager
2019-09-26 10:41:28,217 [main] INFO  http.HttpServer2 (HttpServer2.java:addFilter(958)) - Added filter static_user_filter (class=org.apache.hadoop.http.lib.StaticUserWebFilter$StaticUserFilter) to context logs
2019-09-26 10:41:28,217 [main] INFO  http.HttpServer2 (HttpServer2.java:addFilter(958)) - Added filter static_user_filter (class=org.apache.hadoop.http.lib.StaticUserWebFilter$StaticUserFilter) to context static
2019-09-26 10:41:28,218 [main] INFO  http.HttpServer2 (HttpServer2.java:bindListener(1191)) - Jetty bound to port 41224
2019-09-26 10:41:28,219 [main] INFO  server.Server (Server.java:doStart(351)) - jetty-9.3.25.v20180904, build timestamp: 2018-09-04T21:11:46Z, git hash: 3ce520221d0240229c862b122d2b06c12a625732
2019-09-26 10:41:28,222 [main] INFO  handler.ContextHandler (ContextHandler.java:doStart(781)) - Started o.e.j.s.ServletContextHandler@46aa712c{/logs,file:///workdir/hadoop-ozone/integration-test/target/log,AVAILABLE}
2019-09-26 10:41:28,223 [main] INFO  handler.ContextHandler (ContextHandler.java:doStart(781)) - Started o.e.j.s.ServletContextHandler@7412ed6b{/static,file:///workdir/hadoop-ozone/integration-test/target/test-classes/webapps/static,AVAILABLE}
2019-09-26 10:41:28,230 [main] INFO  handler.ContextHandler (ContextHandler.java:doStart(781)) - Started o.e.j.w.WebAppContext@23f86d8a{/,file:///workdir/hadoop-ozone/integration-test/target/test-classes/webapps/ozoneManager/,AVAILABLE}{/ozoneManager}
2019-09-26 10:41:28,232 [main] INFO  server.AbstractConnector (AbstractConnector.java:doStart(278)) - Started ServerConnector@2264ea32{HTTP/1.1,[http/1.1]}{0.0.0.0:41224}
2019-09-26 10:41:28,232 [main] INFO  server.Server (Server.java:doStart(419)) - Started @23020ms
2019-09-26 10:41:28,232 [main] WARN  impl.MetricsSystemImpl (MetricsSystemImpl.java:register(276)) - Sink prometheus already exists!
2019-09-26 10:41:28,233 [main] INFO  server.BaseHttpServer (BaseHttpServer.java:updateConnectorAddress(215)) - HTTP server of OZONEMANAGER is listening at http://0.0.0.0:41224
2019-09-26 10:41:28,247 [main] INFO  impl.MetricsSystemImpl (MetricsSystemImpl.java:init(158)) - HddsDatanode metrics system started (again)
2019-09-26 10:41:28,250 [main] INFO  ozone.HddsDatanodeService (HddsDatanodeService.java:start(184)) - HddsDatanodeService host:pr-hdds-1569-wvzgm-824869521 ip:192.168.30.13
2019-09-26 10:41:28,386 [main] INFO  volume.HddsVolume (HddsVolume.java:<init>(176)) - Creating Volume: /workdir/hadoop-ozone/integration-test/target/test-dir/MiniOzoneClusterImpl-7728bda3-e39e-4fb4-adc7-89b1999467e6/datanode-0/data/containers/hdds of  storage type : DISK and capacity : 1482555576320
2019-09-26 10:41:28,386 [main] INFO  volume.VolumeSet (VolumeSet.java:initializeVolumeSet(170)) - Added Volume : /workdir/hadoop-ozone/integration-test/target/test-dir/MiniOzoneClusterImpl-7728bda3-e39e-4fb4-adc7-89b1999467e6/datanode-0/data/containers/hdds to VolumeSet
2019-09-26 10:41:28,392 [main] INFO  volume.ThrottledAsyncChecker (ThrottledAsyncChecker.java:schedule(139)) - Scheduling a check for org.apache.hadoop.ozone.container.common.volume.HddsVolume@1caa9eb6
2019-09-26 10:41:28,420 [main] INFO  volume.HddsVolumeChecker (HddsVolumeChecker.java:checkAllVolumes(202)) - Scheduled health check for volume org.apache.hadoop.ozone.container.common.volume.HddsVolume@1caa9eb6
2019-09-26 10:41:28,489 [main] INFO  impl.RaftServerProxy (ConfUtils.java:logGet(43)) - raft.rpc.type = GRPC (default)
2019-09-26 10:41:28,489 [main] INFO  grpc.GrpcFactory (GrpcFactory.java:checkPooledByteBufAllocatorUseCacheForAllThreads(45)) - PERFORMANCE WARNING: useCacheForAllThreads is true that may cause Netty to create a lot garbage objects and, as a result, trigger GC.
	It is recommended to disable useCacheForAllThreads by setting -Dorg.apache.ratis.thirdparty.io.netty.allocator.useCacheForAllThreads=false in command line.
2019-09-26 10:41:28,490 [main] INFO  grpc.GrpcConfigKeys$Server (ConfUtils.java:logGet(43)) - raft.grpc.server.port = 0 (default)
2019-09-26 10:41:28,490 [main] INFO  server.GrpcService (ConfUtils.java:logGet(43)) - raft.grpc.message.size.max = 33570816 (custom)
2019-09-26 10:41:28,490 [main] INFO  server.RaftServerConfigKeys (ConfUtils.java:logGet(43)) - raft.server.log.appender.buffer.byte-limit = 33554432 (custom)
2019-09-26 10:41:28,491 [main] INFO  server.GrpcService (ConfUtils.java:logGet(43)) - raft.grpc.flow.control.window = 1MB (=1048576) (default)
2019-09-26 10:41:28,491 [main] INFO  server.RaftServerConfigKeys (ConfUtils.java:logGet(43)) - raft.server.rpc.request.timeout = 3000ms (default)
2019-09-26 10:41:28,492 [main] INFO  server.RaftServerConfigKeys (ConfUtils.java:logGet(43)) - raft.server.storage.dir = [/workdir/hadoop-ozone/integration-test/target/test-dir/MiniOzoneClusterImpl-7728bda3-e39e-4fb4-adc7-89b1999467e6/datanode-0/data/ratis] (custom)
2019-09-26 10:41:28,494 [main] INFO  hdfs.DFSUtil (DFSUtil.java:httpServerTemplateForNNAndJN(1641)) - Starting Web-server for hddsDatanode at: http://0.0.0.0:0
2019-09-26 10:41:28,496 [main] INFO  server.AuthenticationFilter (AuthenticationFilter.java:constructSecretProvider(240)) - Unable to initialize FileSignerSecretProvider, falling back to use random secrets.
2019-09-26 10:41:28,497 [main] WARN  http.HttpRequestLog (HttpRequestLog.java:getRequestLog(97)) - Jetty request log can only be enabled using Log4j
2019-09-26 10:41:28,499 [main] INFO  http.HttpServer2 (HttpServer2.java:addGlobalFilter(975)) - Added global filter 'safety' (class=org.apache.hadoop.http.HttpServer2$QuotingInputFilter)
2019-09-26 10:41:28,500 [main] INFO  http.HttpServer2 (HttpServer2.java:addFilter(948)) - Added filter static_user_filter (class=org.apache.hadoop.http.lib.StaticUserWebFilter$StaticUserFilter) to context hddsDatanode
2019-09-26 10:41:28,501 [main] INFO  http.HttpServer2 (HttpServer2.java:addFilter(958)) - Added filter static_user_filter (class=org.apache.hadoop.http.lib.StaticUserWebFilter$StaticUserFilter) to context static
2019-09-26 10:41:28,501 [main] INFO  http.HttpServer2 (HttpServer2.java:addFilter(958)) - Added filter static_user_filter (class=org.apache.hadoop.http.lib.StaticUserWebFilter$StaticUserFilter) to context logs
2019-09-26 10:41:28,502 [main] INFO  http.HttpServer2 (HttpServer2.java:bindListener(1191)) - Jetty bound to port 36855
2019-09-26 10:41:28,502 [main] INFO  server.Server (Server.java:doStart(351)) - jetty-9.3.25.v20180904, build timestamp: 2018-09-04T21:11:46Z, git hash: 3ce520221d0240229c862b122d2b06c12a625732
2019-09-26 10:41:28,505 [main] INFO  handler.ContextHandler (ContextHandler.java:doStart(781)) - Started o.e.j.s.ServletContextHandler@5793b87{/logs,file:///workdir/hadoop-ozone/integration-test/target/log,AVAILABLE}
2019-09-26 10:41:28,506 [main] INFO  handler.ContextHandler (ContextHandler.java:doStart(781)) - Started o.e.j.s.ServletContextHandler@512575e9{/static,jar:file:/home/user/.m2/repository/org/apache/hadoop/hadoop-hdds-container-service/0.5.0-SNAPSHOT/hadoop-hdds-container-service-0.5.0-SNAPSHOT.jar!/webapps/static,AVAILABLE}
2019-09-26 10:41:28,551 [main] INFO  handler.ContextHandler (ContextHandler.java:doStart(781)) - Started o.e.j.w.WebAppContext@5578be42{/,file:///tmp/jetty-0.0.0.0-36855-hddsDatanode-_-any-2502873010930567071.dir/webapp/,AVAILABLE}{/hddsDatanode}
2019-09-26 10:41:28,551 [main] INFO  server.AbstractConnector (AbstractConnector.java:doStart(278)) - Started ServerConnector@4e49ce2b{HTTP/1.1,[http/1.1]}{0.0.0.0:36855}
2019-09-26 10:41:28,553 [main] INFO  server.Server (Server.java:doStart(419)) - Started @23341ms
2019-09-26 10:41:28,553 [main] WARN  impl.MetricsSystemImpl (MetricsSystemImpl.java:register(276)) - Sink prometheus already exists!
2019-09-26 10:41:28,554 [main] INFO  server.BaseHttpServer (BaseHttpServer.java:updateConnectorAddress(215)) - HTTP server of HDDSDATANODE is listening at http://0.0.0.0:36855
2019-09-26 10:41:28,554 [main] INFO  impl.MetricsSystemImpl (MetricsSystemImpl.java:init(158)) - HddsDatanode metrics system started (again)
2019-09-26 10:41:28,559 [org.apache.hadoop.util.JvmPauseMonitor$Monitor@7430720] INFO  util.JvmPauseMonitor (JvmPauseMonitor.java:run(188)) - Starting JVM pause monitor
2019-09-26 10:41:28,559 [main] INFO  ozone.HddsDatanodeService (HddsDatanodeService.java:start(184)) - HddsDatanodeService host:pr-hdds-1569-wvzgm-824869521 ip:192.168.30.13
2019-09-26 10:41:28,560 [Datanode State Machine Thread - 0] INFO  datanode.InitDatanodeState (InitDatanodeState.java:persistContainerDatanodeDetails(140)) - DatanodeDetails is persisted to /workdir/hadoop-ozone/integration-test/target/test-dir/MiniOzoneClusterImpl-7728bda3-e39e-4fb4-adc7-89b1999467e6/datanode-0/meta/datanode.id
2019-09-26 10:41:28,568 [main] INFO  volume.HddsVolume (HddsVolume.java:<init>(176)) - Creating Volume: /workdir/hadoop-ozone/integration-test/target/test-dir/MiniOzoneClusterImpl-7728bda3-e39e-4fb4-adc7-89b1999467e6/datanode-1/data/containers/hdds of  storage type : DISK and capacity : 1482555576320
2019-09-26 10:41:28,568 [main] INFO  volume.VolumeSet (VolumeSet.java:initializeVolumeSet(170)) - Added Volume : /workdir/hadoop-ozone/integration-test/target/test-dir/MiniOzoneClusterImpl-7728bda3-e39e-4fb4-adc7-89b1999467e6/datanode-1/data/containers/hdds to VolumeSet
2019-09-26 10:41:28,569 [main] INFO  volume.ThrottledAsyncChecker (ThrottledAsyncChecker.java:schedule(139)) - Scheduling a check for org.apache.hadoop.ozone.container.common.volume.HddsVolume@77049094
2019-09-26 10:41:28,569 [main] INFO  volume.HddsVolumeChecker (HddsVolumeChecker.java:checkAllVolumes(202)) - Scheduled health check for volume org.apache.hadoop.ozone.container.common.volume.HddsVolume@77049094
2019-09-26 10:41:28,589 [main] INFO  impl.RaftServerProxy (ConfUtils.java:logGet(43)) - raft.rpc.type = GRPC (default)
2019-09-26 10:41:28,590 [main] INFO  grpc.GrpcFactory (GrpcFactory.java:checkPooledByteBufAllocatorUseCacheForAllThreads(45)) - PERFORMANCE WARNING: useCacheForAllThreads is true that may cause Netty to create a lot garbage objects and, as a result, trigger GC.
	It is recommended to disable useCacheForAllThreads by setting -Dorg.apache.ratis.thirdparty.io.netty.allocator.useCacheForAllThreads=false in command line.
2019-09-26 10:41:28,590 [main] INFO  grpc.GrpcConfigKeys$Server (ConfUtils.java:logGet(43)) - raft.grpc.server.port = 0 (default)
2019-09-26 10:41:28,590 [main] INFO  server.GrpcService (ConfUtils.java:logGet(43)) - raft.grpc.message.size.max = 33570816 (custom)
2019-09-26 10:41:28,591 [main] INFO  server.RaftServerConfigKeys (ConfUtils.java:logGet(43)) - raft.server.log.appender.buffer.byte-limit = 33554432 (custom)
2019-09-26 10:41:28,591 [main] INFO  server.GrpcService (ConfUtils.java:logGet(43)) - raft.grpc.flow.control.window = 1MB (=1048576) (default)
2019-09-26 10:41:28,591 [main] INFO  server.RaftServerConfigKeys (ConfUtils.java:logGet(43)) - raft.server.rpc.request.timeout = 3000ms (default)
2019-09-26 10:41:28,592 [main] INFO  server.RaftServerConfigKeys (ConfUtils.java:logGet(43)) - raft.server.storage.dir = [/workdir/hadoop-ozone/integration-test/target/test-dir/MiniOzoneClusterImpl-7728bda3-e39e-4fb4-adc7-89b1999467e6/datanode-1/data/ratis] (custom)
2019-09-26 10:41:28,594 [main] INFO  hdfs.DFSUtil (DFSUtil.java:httpServerTemplateForNNAndJN(1641)) - Starting Web-server for hddsDatanode at: http://0.0.0.0:0
2019-09-26 10:41:28,595 [main] INFO  server.AuthenticationFilter (AuthenticationFilter.java:constructSecretProvider(240)) - Unable to initialize FileSignerSecretProvider, falling back to use random secrets.
2019-09-26 10:41:28,596 [main] WARN  http.HttpRequestLog (HttpRequestLog.java:getRequestLog(97)) - Jetty request log can only be enabled using Log4j
2019-09-26 10:41:28,598 [main] INFO  http.HttpServer2 (HttpServer2.java:addGlobalFilter(975)) - Added global filter 'safety' (class=org.apache.hadoop.http.HttpServer2$QuotingInputFilter)
2019-09-26 10:41:28,599 [main] INFO  http.HttpServer2 (HttpServer2.java:addFilter(948)) - Added filter static_user_filter (class=org.apache.hadoop.http.lib.StaticUserWebFilter$StaticUserFilter) to context hddsDatanode
2019-09-26 10:41:28,599 [main] INFO  http.HttpServer2 (HttpServer2.java:addFilter(958)) - Added filter static_user_filter (class=org.apache.hadoop.http.lib.StaticUserWebFilter$StaticUserFilter) to context logs
2019-09-26 10:41:28,599 [main] INFO  http.HttpServer2 (HttpServer2.java:addFilter(958)) - Added filter static_user_filter (class=org.apache.hadoop.http.lib.StaticUserWebFilter$StaticUserFilter) to context static
2019-09-26 10:41:28,600 [main] INFO  http.HttpServer2 (HttpServer2.java:bindListener(1191)) - Jetty bound to port 34207
2019-09-26 10:41:28,600 [main] INFO  server.Server (Server.java:doStart(351)) - jetty-9.3.25.v20180904, build timestamp: 2018-09-04T21:11:46Z, git hash: 3ce520221d0240229c862b122d2b06c12a625732
2019-09-26 10:41:28,602 [main] INFO  handler.ContextHandler (ContextHandler.java:doStart(781)) - Started o.e.j.s.ServletContextHandler@4601203a{/logs,file:///workdir/hadoop-ozone/integration-test/target/log,AVAILABLE}
2019-09-26 10:41:28,603 [main] INFO  handler.ContextHandler (ContextHandler.java:doStart(781)) - Started o.e.j.s.ServletContextHandler@2c8c16c0{/static,jar:file:/home/user/.m2/repository/org/apache/hadoop/hadoop-hdds-container-service/0.5.0-SNAPSHOT/hadoop-hdds-container-service-0.5.0-SNAPSHOT.jar!/webapps/static,AVAILABLE}
2019-09-26 10:41:28,640 [main] INFO  handler.ContextHandler (ContextHandler.java:doStart(781)) - Started o.e.j.w.WebAppContext@7bab5898{/,file:///tmp/jetty-0.0.0.0-34207-hddsDatanode-_-any-6624189440173405892.dir/webapp/,AVAILABLE}{/hddsDatanode}
2019-09-26 10:41:28,640 [main] INFO  server.AbstractConnector (AbstractConnector.java:doStart(278)) - Started ServerConnector@366d8b97{HTTP/1.1,[http/1.1]}{0.0.0.0:34207}
2019-09-26 10:41:28,641 [main] INFO  server.Server (Server.java:doStart(419)) - Started @23430ms
2019-09-26 10:41:28,642 [main] WARN  impl.MetricsSystemImpl (MetricsSystemImpl.java:register(276)) - Sink prometheus already exists!
2019-09-26 10:41:28,642 [main] INFO  server.BaseHttpServer (BaseHttpServer.java:updateConnectorAddress(215)) - HTTP server of HDDSDATANODE is listening at http://0.0.0.0:34207
2019-09-26 10:41:28,643 [main] INFO  impl.MetricsSystemImpl (MetricsSystemImpl.java:init(158)) - HddsDatanode metrics system started (again)
2019-09-26 10:41:28,648 [org.apache.hadoop.util.JvmPauseMonitor$Monitor@32a34bd8] INFO  util.JvmPauseMonitor (JvmPauseMonitor.java:run(188)) - Starting JVM pause monitor
2019-09-26 10:41:28,650 [main] INFO  ozone.HddsDatanodeService (HddsDatanodeService.java:start(184)) - HddsDatanodeService host:pr-hdds-1569-wvzgm-824869521 ip:192.168.30.13
2019-09-26 10:41:28,652 [Datanode State Machine Thread - 0] INFO  datanode.InitDatanodeState (InitDatanodeState.java:persistContainerDatanodeDetails(140)) - DatanodeDetails is persisted to /workdir/hadoop-ozone/integration-test/target/test-dir/MiniOzoneClusterImpl-7728bda3-e39e-4fb4-adc7-89b1999467e6/datanode-1/meta/datanode.id
2019-09-26 10:41:28,658 [main] INFO  volume.HddsVolume (HddsVolume.java:<init>(176)) - Creating Volume: /workdir/hadoop-ozone/integration-test/target/test-dir/MiniOzoneClusterImpl-7728bda3-e39e-4fb4-adc7-89b1999467e6/datanode-2/data/containers/hdds of  storage type : DISK and capacity : 1482555576320
2019-09-26 10:41:28,659 [main] INFO  volume.VolumeSet (VolumeSet.java:initializeVolumeSet(170)) - Added Volume : /workdir/hadoop-ozone/integration-test/target/test-dir/MiniOzoneClusterImpl-7728bda3-e39e-4fb4-adc7-89b1999467e6/datanode-2/data/containers/hdds to VolumeSet
2019-09-26 10:41:28,659 [main] INFO  volume.ThrottledAsyncChecker (ThrottledAsyncChecker.java:schedule(139)) - Scheduling a check for org.apache.hadoop.ozone.container.common.volume.HddsVolume@5ed4bc
2019-09-26 10:41:28,660 [main] INFO  volume.HddsVolumeChecker (HddsVolumeChecker.java:checkAllVolumes(202)) - Scheduled health check for volume org.apache.hadoop.ozone.container.common.volume.HddsVolume@5ed4bc
2019-09-26 10:41:28,681 [main] INFO  impl.RaftServerProxy (ConfUtils.java:logGet(43)) - raft.rpc.type = GRPC (default)
2019-09-26 10:41:28,681 [main] INFO  grpc.GrpcFactory (GrpcFactory.java:checkPooledByteBufAllocatorUseCacheForAllThreads(45)) - PERFORMANCE WARNING: useCacheForAllThreads is true that may cause Netty to create a lot garbage objects and, as a result, trigger GC.
	It is recommended to disable useCacheForAllThreads by setting -Dorg.apache.ratis.thirdparty.io.netty.allocator.useCacheForAllThreads=false in command line.
2019-09-26 10:41:28,681 [main] INFO  grpc.GrpcConfigKeys$Server (ConfUtils.java:logGet(43)) - raft.grpc.server.port = 0 (default)
2019-09-26 10:41:28,682 [main] INFO  server.GrpcService (ConfUtils.java:logGet(43)) - raft.grpc.message.size.max = 33570816 (custom)
2019-09-26 10:41:28,682 [main] INFO  server.RaftServerConfigKeys (ConfUtils.java:logGet(43)) - raft.server.log.appender.buffer.byte-limit = 33554432 (custom)
2019-09-26 10:41:28,682 [main] INFO  server.GrpcService (ConfUtils.java:logGet(43)) - raft.grpc.flow.control.window = 1MB (=1048576) (default)
2019-09-26 10:41:28,683 [main] INFO  server.RaftServerConfigKeys (ConfUtils.java:logGet(43)) - raft.server.rpc.request.timeout = 3000ms (default)
2019-09-26 10:41:28,683 [main] INFO  server.RaftServerConfigKeys (ConfUtils.java:logGet(43)) - raft.server.storage.dir = [/workdir/hadoop-ozone/integration-test/target/test-dir/MiniOzoneClusterImpl-7728bda3-e39e-4fb4-adc7-89b1999467e6/datanode-2/data/ratis] (custom)
2019-09-26 10:41:28,685 [main] INFO  hdfs.DFSUtil (DFSUtil.java:httpServerTemplateForNNAndJN(1641)) - Starting Web-server for hddsDatanode at: http://0.0.0.0:0
2019-09-26 10:41:28,687 [main] INFO  server.AuthenticationFilter (AuthenticationFilter.java:constructSecretProvider(240)) - Unable to initialize FileSignerSecretProvider, falling back to use random secrets.
2019-09-26 10:41:28,688 [main] WARN  http.HttpRequestLog (HttpRequestLog.java:getRequestLog(97)) - Jetty request log can only be enabled using Log4j
2019-09-26 10:41:28,690 [main] INFO  http.HttpServer2 (HttpServer2.java:addGlobalFilter(975)) - Added global filter 'safety' (class=org.apache.hadoop.http.HttpServer2$QuotingInputFilter)
2019-09-26 10:41:28,691 [main] INFO  http.HttpServer2 (HttpServer2.java:addFilter(948)) - Added filter static_user_filter (class=org.apache.hadoop.http.lib.StaticUserWebFilter$StaticUserFilter) to context hddsDatanode
2019-09-26 10:41:28,691 [main] INFO  http.HttpServer2 (HttpServer2.java:addFilter(958)) - Added filter static_user_filter (class=org.apache.hadoop.http.lib.StaticUserWebFilter$StaticUserFilter) to context logs
2019-09-26 10:41:28,692 [main] INFO  http.HttpServer2 (HttpServer2.java:addFilter(958)) - Added filter static_user_filter (class=org.apache.hadoop.http.lib.StaticUserWebFilter$StaticUserFilter) to context static
2019-09-26 10:41:28,693 [main] INFO  http.HttpServer2 (HttpServer2.java:bindListener(1191)) - Jetty bound to port 44361
2019-09-26 10:41:28,693 [main] INFO  server.Server (Server.java:doStart(351)) - jetty-9.3.25.v20180904, build timestamp: 2018-09-04T21:11:46Z, git hash: 3ce520221d0240229c862b122d2b06c12a625732
2019-09-26 10:41:28,695 [main] INFO  handler.ContextHandler (ContextHandler.java:doStart(781)) - Started o.e.j.s.ServletContextHandler@44065156{/logs,file:///workdir/hadoop-ozone/integration-test/target/log,AVAILABLE}
2019-09-26 10:41:28,696 [main] INFO  handler.ContextHandler (ContextHandler.java:doStart(781)) - Started o.e.j.s.ServletContextHandler@574b7f4a{/static,jar:file:/home/user/.m2/repository/org/apache/hadoop/hadoop-hdds-container-service/0.5.0-SNAPSHOT/hadoop-hdds-container-service-0.5.0-SNAPSHOT.jar!/webapps/static,AVAILABLE}
2019-09-26 10:41:28,742 [main] INFO  handler.ContextHandler (ContextHandler.java:doStart(781)) - Started o.e.j.w.WebAppContext@58867cd5{/,file:///tmp/jetty-0.0.0.0-44361-hddsDatanode-_-any-5080259856915891162.dir/webapp/,AVAILABLE}{/hddsDatanode}
2019-09-26 10:41:28,742 [main] INFO  server.AbstractConnector (AbstractConnector.java:doStart(278)) - Started ServerConnector@40e32762{HTTP/1.1,[http/1.1]}{0.0.0.0:44361}
2019-09-26 10:41:28,744 [main] INFO  server.Server (Server.java:doStart(419)) - Started @23532ms
2019-09-26 10:41:28,744 [main] WARN  impl.MetricsSystemImpl (MetricsSystemImpl.java:register(276)) - Sink prometheus already exists!
2019-09-26 10:41:28,745 [main] INFO  server.BaseHttpServer (BaseHttpServer.java:updateConnectorAddress(215)) - HTTP server of HDDSDATANODE is listening at http://0.0.0.0:44361
2019-09-26 10:41:28,745 [main] INFO  ozone.MiniOzoneClusterImpl (MiniOzoneClusterImpl.java:lambda$waitForClusterToBeReady$0(147)) - Waiting for cluster to be ready. Got 0 of 3 DN Heartbeats.
2019-09-26 10:41:28,748 [org.apache.hadoop.util.JvmPauseMonitor$Monitor@89cc7a8] INFO  util.JvmPauseMonitor (JvmPauseMonitor.java:run(188)) - Starting JVM pause monitor
2019-09-26 10:41:28,751 [Datanode State Machine Thread - 0] INFO  datanode.InitDatanodeState (InitDatanodeState.java:persistContainerDatanodeDetails(140)) - DatanodeDetails is persisted to /workdir/hadoop-ozone/integration-test/target/test-dir/MiniOzoneClusterImpl-7728bda3-e39e-4fb4-adc7-89b1999467e6/datanode-2/meta/datanode.id
2019-09-26 10:41:29,745 [main] INFO  ozone.MiniOzoneClusterImpl (MiniOzoneClusterImpl.java:lambda$waitForClusterToBeReady$0(147)) - Waiting for cluster to be ready. Got 0 of 3 DN Heartbeats.
2019-09-26 10:41:30,589 [Datanode State Machine Thread - 0] INFO  ozoneimpl.OzoneContainer (OzoneContainer.java:start(217)) - Attempting to start container services.
2019-09-26 10:41:30,589 [Datanode State Machine Thread - 0] INFO  ozoneimpl.OzoneContainer (OzoneContainer.java:startContainerScrub(179)) - Background container scanner has been disabled.
2019-09-26 10:41:30,589 [Datanode State Machine Thread - 0] INFO  ratis.XceiverServerRatis (XceiverServerRatis.java:start(411)) - Starting XceiverServerRatis c1893a92-03dd-4a23-a9af-4ff43bf2d333 at port 0
2019-09-26 10:41:30,599 [Datanode State Machine Thread - 0] INFO  impl.RaftServerProxy (RaftServerProxy.java:lambda$start$3(299)) - c1893a92-03dd-4a23-a9af-4ff43bf2d333: start RPC server
2019-09-26 10:41:30,602 [Datanode State Machine Thread - 0] INFO  server.GrpcService (GrpcService.java:startImpl(158)) - c1893a92-03dd-4a23-a9af-4ff43bf2d333: GrpcService started, listening on 0.0.0.0/0.0.0.0:36902
2019-09-26 10:41:30,602 [Datanode State Machine Thread - 0] INFO  ratis.XceiverServerRatis (XceiverServerRatis.java:start(421)) - XceiverServerRatis c1893a92-03dd-4a23-a9af-4ff43bf2d333 is started using port 36902
2019-09-26 10:41:30,604 [Datanode State Machine Thread - 0] INFO  server.XceiverServerGrpc (XceiverServerGrpc.java:start(149)) - XceiverServerGrpc c1893a92-03dd-4a23-a9af-4ff43bf2d333 is started using port 46789
2019-09-26 10:41:30,665 [Datanode State Machine Thread - 0] INFO  ozoneimpl.OzoneContainer (OzoneContainer.java:start(217)) - Attempting to start container services.
2019-09-26 10:41:30,665 [Datanode State Machine Thread - 0] INFO  ozoneimpl.OzoneContainer (OzoneContainer.java:startContainerScrub(179)) - Background container scanner has been disabled.
2019-09-26 10:41:30,665 [Datanode State Machine Thread - 0] INFO  ratis.XceiverServerRatis (XceiverServerRatis.java:start(411)) - Starting XceiverServerRatis c36b05fb-5243-46b0-a052-9c1a582fd56b at port 0
2019-09-26 10:41:30,672 [Datanode State Machine Thread - 0] INFO  impl.RaftServerProxy (RaftServerProxy.java:lambda$start$3(299)) - c36b05fb-5243-46b0-a052-9c1a582fd56b: start RPC server
2019-09-26 10:41:30,674 [Datanode State Machine Thread - 0] INFO  server.GrpcService (GrpcService.java:startImpl(158)) - c36b05fb-5243-46b0-a052-9c1a582fd56b: GrpcService started, listening on 0.0.0.0/0.0.0.0:33148
2019-09-26 10:41:30,674 [Datanode State Machine Thread - 0] INFO  ratis.XceiverServerRatis (XceiverServerRatis.java:start(421)) - XceiverServerRatis c36b05fb-5243-46b0-a052-9c1a582fd56b is started using port 33148
2019-09-26 10:41:30,675 [Datanode State Machine Thread - 0] INFO  server.XceiverServerGrpc (XceiverServerGrpc.java:start(149)) - XceiverServerGrpc c36b05fb-5243-46b0-a052-9c1a582fd56b is started using port 40372
2019-09-26 10:41:30,746 [main] INFO  ozone.MiniOzoneClusterImpl (MiniOzoneClusterImpl.java:lambda$waitForClusterToBeReady$0(147)) - Waiting for cluster to be ready. Got 0 of 3 DN Heartbeats.
2019-09-26 10:41:30,766 [Datanode State Machine Thread - 0] INFO  ozoneimpl.OzoneContainer (OzoneContainer.java:start(217)) - Attempting to start container services.
2019-09-26 10:41:30,769 [Datanode State Machine Thread - 0] INFO  ozoneimpl.OzoneContainer (OzoneContainer.java:startContainerScrub(179)) - Background container scanner has been disabled.
2019-09-26 10:41:30,769 [Datanode State Machine Thread - 0] INFO  ratis.XceiverServerRatis (XceiverServerRatis.java:start(411)) - Starting XceiverServerRatis 62befdb0-85de-4829-8f28-5e2590b30fcb at port 0
2019-09-26 10:41:30,777 [Datanode State Machine Thread - 0] INFO  impl.RaftServerProxy (RaftServerProxy.java:lambda$start$3(299)) - 62befdb0-85de-4829-8f28-5e2590b30fcb: start RPC server
2019-09-26 10:41:30,778 [Datanode State Machine Thread - 0] INFO  server.GrpcService (GrpcService.java:startImpl(158)) - 62befdb0-85de-4829-8f28-5e2590b30fcb: GrpcService started, listening on 0.0.0.0/0.0.0.0:38060
2019-09-26 10:41:30,778 [Datanode State Machine Thread - 0] INFO  ratis.XceiverServerRatis (XceiverServerRatis.java:start(421)) - XceiverServerRatis 62befdb0-85de-4829-8f28-5e2590b30fcb is started using port 38060
2019-09-26 10:41:30,779 [Datanode State Machine Thread - 0] INFO  server.XceiverServerGrpc (XceiverServerGrpc.java:start(149)) - XceiverServerGrpc 62befdb0-85de-4829-8f28-5e2590b30fcb is started using port 32914
2019-09-26 10:41:31,747 [main] INFO  ozone.MiniOzoneClusterImpl (MiniOzoneClusterImpl.java:lambda$waitForClusterToBeReady$0(147)) - Waiting for cluster to be ready. Got 0 of 3 DN Heartbeats.
2019-09-26 10:41:32,564 [IPC Server handler 2 on 43706] INFO  net.NetworkTopology (NetworkTopologyImpl.java:add(111)) - Added a new node: /default-rack/c1893a92-03dd-4a23-a9af-4ff43bf2d333
2019-09-26 10:41:32,566 [IPC Server handler 2 on 43706] INFO  node.SCMNodeManager (SCMNodeManager.java:register(266)) - Registered Data node : c1893a92-03dd-4a23-a9af-4ff43bf2d333{ip: 192.168.30.13, host: pr-hdds-1569-wvzgm-824869521, networkLocation: /default-rack, certSerialId: null}
2019-09-26 10:41:32,570 [EventQueue-NodeRegistrationContainerReportForDataNodeSafeModeRule] INFO  safemode.SCMSafeModeManager (DataNodeSafeModeRule.java:process(71)) - SCM in safe mode. 1 DataNodes registered, 1 required.
2019-09-26 10:41:32,571 [EventQueue-NodeRegistrationContainerReportForDataNodeSafeModeRule] INFO  safemode.SCMSafeModeManager (SCMSafeModeManager.java:validateSafeModeExitRules(177)) - ScmSafeModeManager, all rules are successfully validated
2019-09-26 10:41:32,571 [EventQueue-NodeRegistrationContainerReportForDataNodeSafeModeRule] INFO  safemode.SCMSafeModeManager (SCMSafeModeManager.java:exitSafeMode(193)) - SCM exiting safe mode.
2019-09-26 10:41:32,596 [grpc-default-executor-0] INFO  impl.RaftServerProxy (RaftServerProxy.java:addNew(89)) - c1893a92-03dd-4a23-a9af-4ff43bf2d333: addNew group-BC8B4882CBDF:[c1893a92-03dd-4a23-a9af-4ff43bf2d333:192.168.30.13:36902] returns group-BC8B4882CBDF:java.util.concurrent.CompletableFuture@31df118a[Not completed]
2019-09-26 10:41:32,600 [pool-77-thread-1] INFO  impl.RaftServerImpl (RaftServerImpl.java:<init>(95)) - c1893a92-03dd-4a23-a9af-4ff43bf2d333: new RaftServerImpl for group-BC8B4882CBDF:[c1893a92-03dd-4a23-a9af-4ff43bf2d333:192.168.30.13:36902] with ContainerStateMachine:uninitialized
2019-09-26 10:41:32,600 [pool-77-thread-1] INFO  server.RaftServerConfigKeys (ConfUtils.java:logGet(43)) - raft.server.rpc.timeout.min = 5s (custom)
2019-09-26 10:41:32,600 [pool-77-thread-1] INFO  server.RaftServerConfigKeys (ConfUtils.java:logGet(43)) - raft.server.rpc.timeout.max = 5200ms (custom)
2019-09-26 10:41:32,600 [pool-77-thread-1] INFO  server.RaftServerConfigKeys (ConfUtils.java:logGet(43)) - raft.server.rpcslowness.timeout = 120s (custom)
2019-09-26 10:41:32,600 [pool-77-thread-1] INFO  server.RaftServerConfigKeys (ConfUtils.java:logGet(43)) - raft.server.sleep.deviation.threshold = 300 (default)
2019-09-26 10:41:32,600 [pool-77-thread-1] INFO  server.RaftServerConfigKeys (ConfUtils.java:logGet(43)) - raft.server.log.appender.install.snapshot.enabled = false (custom)
2019-09-26 10:41:32,601 [pool-77-thread-1] INFO  impl.RaftServerImpl (ServerState.java:<init>(103)) - c1893a92-03dd-4a23-a9af-4ff43bf2d333@group-BC8B4882CBDF: ConfigurationManager, init=-1: [c1893a92-03dd-4a23-a9af-4ff43bf2d333:192.168.30.13:36902], old=null, confs=<EMPTY_MAP>
2019-09-26 10:41:32,601 [pool-77-thread-1] INFO  server.RaftServerConfigKeys (ConfUtils.java:logGet(43)) - raft.server.storage.dir = [/workdir/hadoop-ozone/integration-test/target/test-dir/MiniOzoneClusterImpl-7728bda3-e39e-4fb4-adc7-89b1999467e6/datanode-0/data/ratis] (custom)
2019-09-26 10:41:32,601 [pool-77-thread-1] INFO  storage.RaftStorageDirectory (RaftStorageDirectory.java:analyzeStorage(246)) - The storage directory /workdir/hadoop-ozone/integration-test/target/test-dir/MiniOzoneClusterImpl-7728bda3-e39e-4fb4-adc7-89b1999467e6/datanode-0/data/ratis/adf97997-de09-4f6e-8a07-bc8b4882cbdf does not exist. Creating ...
2019-09-26 10:41:32,615 [pool-77-thread-1] INFO  storage.RaftStorageDirectory (RaftStorageDirectory.java:tryLock(328)) - Lock on /workdir/hadoop-ozone/integration-test/target/test-dir/MiniOzoneClusterImpl-7728bda3-e39e-4fb4-adc7-89b1999467e6/datanode-0/data/ratis/adf97997-de09-4f6e-8a07-bc8b4882cbdf/in_use.lock acquired by nodename 10232@pr-hdds-1569-wvzgm-824869521
2019-09-26 10:41:32,628 [pool-77-thread-1] INFO  storage.RaftStorage (RaftStorage.java:format(72)) - Storage directory /workdir/hadoop-ozone/integration-test/target/test-dir/MiniOzoneClusterImpl-7728bda3-e39e-4fb4-adc7-89b1999467e6/datanode-0/data/ratis/adf97997-de09-4f6e-8a07-bc8b4882cbdf has been successfully formatted.
2019-09-26 10:41:32,629 [pool-77-thread-1] INFO  ratis.ContainerStateMachine (ContainerStateMachine.java:loadSnapshot(230)) - group-BC8B4882CBDF: The snapshot info is null. Setting the last applied indexto:(t:0, i:~)
2019-09-26 10:41:32,629 [pool-77-thread-1] INFO  server.RaftServerConfigKeys (ConfUtils.java:logGet(43)) - raft.server.notification.no-leader.timeout = 120s (custom)
2019-09-26 10:41:32,629 [pool-77-thread-1] INFO  server.RaftServerConfigKeys (ConfUtils.java:logGet(43)) - raft.server.log.use.memory = false (default)
2019-09-26 10:41:32,629 [pool-77-thread-1] INFO  server.RaftServerConfigKeys (ConfUtils.java:logGet(43)) - raft.server.log.purge.gap = 1000000 (custom)
2019-09-26 10:41:32,629 [pool-77-thread-1] INFO  server.RaftServerConfigKeys (ConfUtils.java:logGet(43)) - raft.server.log.appender.buffer.byte-limit = 33554432 (custom)
2019-09-26 10:41:32,629 [pool-77-thread-1] INFO  server.RaftServerConfigKeys (ConfUtils.java:logGet(43)) - raft.server.log.segment.size.max = 1048576 (custom)
2019-09-26 10:41:32,630 [pool-77-thread-1] INFO  server.RaftServerConfigKeys (ConfUtils.java:logGet(43)) - raft.server.log.segment.cache.num.max = 2 (custom)
2019-09-26 10:41:32,630 [pool-77-thread-1] INFO  segmented.SegmentedRaftLogWorker (SegmentedRaftLogWorker.java:<init>(172)) - new c1893a92-03dd-4a23-a9af-4ff43bf2d333@group-BC8B4882CBDF-SegmentedRaftLogWorker for RaftStorage:Storage Directory /workdir/hadoop-ozone/integration-test/target/test-dir/MiniOzoneClusterImpl-7728bda3-e39e-4fb4-adc7-89b1999467e6/datanode-0/data/ratis/adf97997-de09-4f6e-8a07-bc8b4882cbdf
2019-09-26 10:41:32,632 [pool-77-thread-1] INFO  server.RaftServerConfigKeys (ConfUtils.java:logGet(43)) - raft.server.log.queue.byte-limit = 2147483647 (custom)
2019-09-26 10:41:32,633 [pool-77-thread-1] INFO  server.RaftServerConfigKeys (ConfUtils.java:logGet(43)) - raft.server.log.queue.element-limit = 1024 (custom)
2019-09-26 10:41:32,633 [pool-77-thread-1] INFO  server.RaftServerConfigKeys (ConfUtils.java:logGet(43)) - raft.server.log.segment.size.max = 1048576 (custom)
2019-09-26 10:41:32,633 [pool-77-thread-1] INFO  server.RaftServerConfigKeys (ConfUtils.java:logGet(43)) - raft.server.log.preallocated.size = 16384 (custom)
2019-09-26 10:41:32,633 [pool-77-thread-1] INFO  server.RaftServerConfigKeys (ConfUtils.java:logGet(43)) - raft.server.log.write.buffer.size = 33554432 (custom)
2019-09-26 10:41:32,633 [pool-77-thread-1] INFO  server.RaftServerConfigKeys (ConfUtils.java:logGet(43)) - raft.server.log.force.sync.num = 128 (default)
2019-09-26 10:41:32,633 [pool-77-thread-1] INFO  server.RaftServerConfigKeys (ConfUtils.java:logGet(43)) - raft.server.log.statemachine.data.sync = true (default)
2019-09-26 10:41:32,633 [pool-77-thread-1] INFO  server.RaftServerConfigKeys (ConfUtils.java:logGet(43)) - raft.server.log.statemachine.data.sync.timeout = 10s (default)
2019-09-26 10:41:32,634 [pool-77-thread-1] INFO  server.RaftServerConfigKeys (ConfUtils.java:logGet(43)) - raft.server.log.statemachine.data.sync.timeout.retry = -1 (default)
2019-09-26 10:41:32,634 [pool-77-thread-1] INFO  server.RaftServerConfigKeys (ConfUtils.java:logGet(43)) - raft.server.log.statemachine.data.caching.enabled = true (custom)
2019-09-26 10:41:32,634 [pool-77-thread-1] INFO  segmented.SegmentedRaftLogWorker (SegmentedRaftLogWorker.java:lambda$new$0(132)) - c1893a92-03dd-4a23-a9af-4ff43bf2d333@group-BC8B4882CBDF-SegmentedRaftLogWorker: flushIndex: setUnconditionally 0 -> -1
2019-09-26 10:41:32,635 [pool-77-thread-1] INFO  server.RaftServerConfigKeys (ConfUtils.java:logGet(43)) - raft.server.snapshot.auto.trigger.enabled = true (custom)
2019-09-26 10:41:32,635 [pool-77-thread-1] INFO  server.RaftServerConfigKeys (ConfUtils.java:logGet(43)) - raft.server.snapshot.auto.trigger.threshold = 10000 (custom)
2019-09-26 10:41:32,635 [pool-77-thread-1] INFO  server.RaftServerConfigKeys (ConfUtils.java:logGet(43)) - raft.server.snapshot.retention.num.files = 5 (custom)
2019-09-26 10:41:32,635 [pool-77-thread-1] INFO  server.RaftServerConfigKeys (ConfUtils.java:logGet(43)) - raft.server.retrycache.expirytime = 600000ms (custom)
2019-09-26 10:41:32,637 [pool-77-thread-1] INFO  impl.RaftServerImpl (RaftServerImpl.java:start(185)) - c1893a92-03dd-4a23-a9af-4ff43bf2d333@group-BC8B4882CBDF: start as a follower, conf=-1: [c1893a92-03dd-4a23-a9af-4ff43bf2d333:192.168.30.13:36902], old=null
2019-09-26 10:41:32,637 [pool-77-thread-1] INFO  impl.RaftServerImpl (RaftServerImpl.java:setRole(174)) - c1893a92-03dd-4a23-a9af-4ff43bf2d333@group-BC8B4882CBDF: changes role from      null to FOLLOWER at term 0 for startAsFollower
2019-09-26 10:41:32,638 [pool-77-thread-1] INFO  impl.RoleInfo (RoleInfo.java:updateAndGet(143)) - c1893a92-03dd-4a23-a9af-4ff43bf2d333: start FollowerState
2019-09-26 10:41:32,639 [pool-77-thread-1] INFO  util.JmxRegister (JmxRegister.java:tryRegister(44)) - Successfully registered JMX Bean with object name Ratis:service=RaftServer,group=group-BC8B4882CBDF,id=c1893a92-03dd-4a23-a9af-4ff43bf2d333
2019-09-26 10:41:32,648 [RatisPipelineUtilsThread] INFO  pipeline.PipelineStateManager (PipelineStateManager.java:addPipeline(56)) - Created pipeline Pipeline[ Id: adf97997-de09-4f6e-8a07-bc8b4882cbdf, Nodes: c1893a92-03dd-4a23-a9af-4ff43bf2d333{ip: 192.168.30.13, host: pr-hdds-1569-wvzgm-824869521, networkLocation: /default-rack, certSerialId: null}, Type:RATIS, Factor:ONE, State:OPEN]
2019-09-26 10:41:32,661 [IPC Server handler 1 on 43706] INFO  net.NetworkTopology (NetworkTopologyImpl.java:add(111)) - Added a new node: /default-rack/c36b05fb-5243-46b0-a052-9c1a582fd56b
2019-09-26 10:41:32,661 [IPC Server handler 1 on 43706] INFO  node.SCMNodeManager (SCMNodeManager.java:register(266)) - Registered Data node : c36b05fb-5243-46b0-a052-9c1a582fd56b{ip: 192.168.30.13, host: pr-hdds-1569-wvzgm-824869521, networkLocation: /default-rack, certSerialId: null}
2019-09-26 10:41:32,674 [grpc-default-executor-0] INFO  impl.RaftServerProxy (RaftServerProxy.java:addNew(89)) - c1893a92-03dd-4a23-a9af-4ff43bf2d333: addNew group-D3831142F603:[c1893a92-03dd-4a23-a9af-4ff43bf2d333:192.168.30.13:36902] returns group-D3831142F603:java.util.concurrent.CompletableFuture@24004b[Not completed]
2019-09-26 10:41:32,675 [pool-77-thread-1] INFO  impl.RaftServerImpl (RaftServerImpl.java:<init>(95)) - c1893a92-03dd-4a23-a9af-4ff43bf2d333: new RaftServerImpl for group-D3831142F603:[c1893a92-03dd-4a23-a9af-4ff43bf2d333:192.168.30.13:36902] with ContainerStateMachine:uninitialized
2019-09-26 10:41:32,675 [pool-77-thread-1] INFO  server.RaftServerConfigKeys (ConfUtils.java:logGet(43)) - raft.server.rpc.timeout.min = 5s (custom)
2019-09-26 10:41:32,675 [pool-77-thread-1] INFO  server.RaftServerConfigKeys (ConfUtils.java:logGet(43)) - raft.server.rpc.timeout.max = 5200ms (custom)
2019-09-26 10:41:32,675 [pool-77-thread-1] INFO  server.RaftServerConfigKeys (ConfUtils.java:logGet(43)) - raft.server.rpcslowness.timeout = 120s (custom)
2019-09-26 10:41:32,676 [pool-77-thread-1] INFO  server.RaftServerConfigKeys (ConfUtils.java:logGet(43)) - raft.server.sleep.deviation.threshold = 300 (default)
2019-09-26 10:41:32,676 [pool-77-thread-1] INFO  server.RaftServerConfigKeys (ConfUtils.java:logGet(43)) - raft.server.log.appender.install.snapshot.enabled = false (custom)
2019-09-26 10:41:32,676 [pool-77-thread-1] INFO  impl.RaftServerImpl (ServerState.java:<init>(103)) - c1893a92-03dd-4a23-a9af-4ff43bf2d333@group-D3831142F603: ConfigurationManager, init=-1: [c1893a92-03dd-4a23-a9af-4ff43bf2d333:192.168.30.13:36902], old=null, confs=<EMPTY_MAP>
2019-09-26 10:41:32,676 [pool-77-thread-1] INFO  server.RaftServerConfigKeys (ConfUtils.java:logGet(43)) - raft.server.storage.dir = [/workdir/hadoop-ozone/integration-test/target/test-dir/MiniOzoneClusterImpl-7728bda3-e39e-4fb4-adc7-89b1999467e6/datanode-0/data/ratis] (custom)
2019-09-26 10:41:32,676 [pool-77-thread-1] INFO  storage.RaftStorageDirectory (RaftStorageDirectory.java:analyzeStorage(246)) - The storage directory /workdir/hadoop-ozone/integration-test/target/test-dir/MiniOzoneClusterImpl-7728bda3-e39e-4fb4-adc7-89b1999467e6/datanode-0/data/ratis/b0bd65fc-f677-4fa4-9864-d3831142f603 does not exist. Creating ...
2019-09-26 10:41:32,689 [pool-77-thread-1] INFO  storage.RaftStorageDirectory (RaftStorageDirectory.java:tryLock(328)) - Lock on /workdir/hadoop-ozone/integration-test/target/test-dir/MiniOzoneClusterImpl-7728bda3-e39e-4fb4-adc7-89b1999467e6/datanode-0/data/ratis/b0bd65fc-f677-4fa4-9864-d3831142f603/in_use.lock acquired by nodename 10232@pr-hdds-1569-wvzgm-824869521
2019-09-26 10:41:32,703 [pool-77-thread-1] INFO  storage.RaftStorage (RaftStorage.java:format(72)) - Storage directory /workdir/hadoop-ozone/integration-test/target/test-dir/MiniOzoneClusterImpl-7728bda3-e39e-4fb4-adc7-89b1999467e6/datanode-0/data/ratis/b0bd65fc-f677-4fa4-9864-d3831142f603 has been successfully formatted.
2019-09-26 10:41:32,703 [pool-77-thread-1] INFO  ratis.ContainerStateMachine (ContainerStateMachine.java:loadSnapshot(230)) - group-D3831142F603: The snapshot info is null. Setting the last applied indexto:(t:0, i:~)
2019-09-26 10:41:32,703 [pool-77-thread-1] INFO  server.RaftServerConfigKeys (ConfUtils.java:logGet(43)) - raft.server.notification.no-leader.timeout = 120s (custom)
2019-09-26 10:41:32,703 [pool-77-thread-1] INFO  server.RaftServerConfigKeys (ConfUtils.java:logGet(43)) - raft.server.log.use.memory = false (default)
2019-09-26 10:41:32,703 [pool-77-thread-1] INFO  server.RaftServerConfigKeys (ConfUtils.java:logGet(43)) - raft.server.log.purge.gap = 1000000 (custom)
2019-09-26 10:41:32,704 [pool-77-thread-1] INFO  server.RaftServerConfigKeys (ConfUtils.java:logGet(43)) - raft.server.log.appender.buffer.byte-limit = 33554432 (custom)
2019-09-26 10:41:32,704 [pool-77-thread-1] INFO  server.RaftServerConfigKeys (ConfUtils.java:logGet(43)) - raft.server.log.segment.size.max = 1048576 (custom)
2019-09-26 10:41:32,704 [pool-77-thread-1] INFO  server.RaftServerConfigKeys (ConfUtils.java:logGet(43)) - raft.server.log.segment.cache.num.max = 2 (custom)
2019-09-26 10:41:32,704 [pool-77-thread-1] INFO  segmented.SegmentedRaftLogWorker (SegmentedRaftLogWorker.java:<init>(172)) - new c1893a92-03dd-4a23-a9af-4ff43bf2d333@group-D3831142F603-SegmentedRaftLogWorker for RaftStorage:Storage Directory /workdir/hadoop-ozone/integration-test/target/test-dir/MiniOzoneClusterImpl-7728bda3-e39e-4fb4-adc7-89b1999467e6/datanode-0/data/ratis/b0bd65fc-f677-4fa4-9864-d3831142f603
2019-09-26 10:41:32,704 [pool-77-thread-1] INFO  server.RaftServerConfigKeys (ConfUtils.java:logGet(43)) - raft.server.log.queue.byte-limit = 2147483647 (custom)
2019-09-26 10:41:32,704 [pool-77-thread-1] INFO  server.RaftServerConfigKeys (ConfUtils.java:logGet(43)) - raft.server.log.queue.element-limit = 1024 (custom)
2019-09-26 10:41:32,705 [pool-77-thread-1] INFO  server.RaftServerConfigKeys (ConfUtils.java:logGet(43)) - raft.server.log.segment.size.max = 1048576 (custom)
2019-09-26 10:41:32,705 [pool-77-thread-1] INFO  server.RaftServerConfigKeys (ConfUtils.java:logGet(43)) - raft.server.log.preallocated.size = 16384 (custom)
2019-09-26 10:41:32,705 [pool-77-thread-1] INFO  server.RaftServerConfigKeys (ConfUtils.java:logGet(43)) - raft.server.log.write.buffer.size = 33554432 (custom)
2019-09-26 10:41:32,705 [pool-77-thread-1] INFO  server.RaftServerConfigKeys (ConfUtils.java:logGet(43)) - raft.server.log.force.sync.num = 128 (default)
2019-09-26 10:41:32,705 [pool-77-thread-1] INFO  server.RaftServerConfigKeys (ConfUtils.java:logGet(43)) - raft.server.log.statemachine.data.sync = true (default)
2019-09-26 10:41:32,705 [pool-77-thread-1] INFO  server.RaftServerConfigKeys (ConfUtils.java:logGet(43)) - raft.server.log.statemachine.data.sync.timeout = 10s (default)
2019-09-26 10:41:32,706 [pool-77-thread-1] INFO  server.RaftServerConfigKeys (ConfUtils.java:logGet(43)) - raft.server.log.statemachine.data.sync.timeout.retry = -1 (default)
2019-09-26 10:41:32,706 [pool-77-thread-1] INFO  server.RaftServerConfigKeys (ConfUtils.java:logGet(43)) - raft.server.log.statemachine.data.caching.enabled = true (custom)
2019-09-26 10:41:32,706 [pool-77-thread-1] INFO  segmented.SegmentedRaftLogWorker (SegmentedRaftLogWorker.java:lambda$new$0(132)) - c1893a92-03dd-4a23-a9af-4ff43bf2d333@group-D3831142F603-SegmentedRaftLogWorker: flushIndex: setUnconditionally 0 -> -1
2019-09-26 10:41:32,707 [pool-77-thread-1] INFO  server.RaftServerConfigKeys (ConfUtils.java:logGet(43)) - raft.server.snapshot.auto.trigger.enabled = true (custom)
2019-09-26 10:41:32,707 [pool-77-thread-1] INFO  server.RaftServerConfigKeys (ConfUtils.java:logGet(43)) - raft.server.snapshot.auto.trigger.threshold = 10000 (custom)
2019-09-26 10:41:32,707 [pool-77-thread-1] INFO  server.RaftServerConfigKeys (ConfUtils.java:logGet(43)) - raft.server.snapshot.retention.num.files = 5 (custom)
2019-09-26 10:41:32,707 [pool-77-thread-1] INFO  server.RaftServerConfigKeys (ConfUtils.java:logGet(43)) - raft.server.retrycache.expirytime = 600000ms (custom)
2019-09-26 10:41:32,710 [pool-77-thread-1] INFO  impl.RaftServerImpl (RaftServerImpl.java:start(185)) - c1893a92-03dd-4a23-a9af-4ff43bf2d333@group-D3831142F603: start as a follower, conf=-1: [c1893a92-03dd-4a23-a9af-4ff43bf2d333:192.168.30.13:36902], old=null
2019-09-26 10:41:32,710 [pool-77-thread-1] INFO  impl.RaftServerImpl (RaftServerImpl.java:setRole(174)) - c1893a92-03dd-4a23-a9af-4ff43bf2d333@group-D3831142F603: changes role from      null to FOLLOWER at term 0 for startAsFollower
2019-09-26 10:41:32,711 [pool-77-thread-1] INFO  impl.RoleInfo (RoleInfo.java:updateAndGet(143)) - c1893a92-03dd-4a23-a9af-4ff43bf2d333: start FollowerState
2019-09-26 10:41:32,716 [pool-77-thread-1] INFO  util.JmxRegister (JmxRegister.java:tryRegister(44)) - Successfully registered JMX Bean with object name Ratis:service=RaftServer,group=group-D3831142F603,id=c1893a92-03dd-4a23-a9af-4ff43bf2d333
2019-09-26 10:41:32,730 [RatisPipelineUtilsThread] INFO  pipeline.PipelineStateManager (PipelineStateManager.java:addPipeline(56)) - Created pipeline Pipeline[ Id: b0bd65fc-f677-4fa4-9864-d3831142f603, Nodes: c1893a92-03dd-4a23-a9af-4ff43bf2d333{ip: 192.168.30.13, host: pr-hdds-1569-wvzgm-824869521, networkLocation: /default-rack, certSerialId: null}, Type:RATIS, Factor:ONE, State:OPEN]
2019-09-26 10:41:32,740 [grpc-default-executor-0] INFO  impl.RaftServerProxy (RaftServerProxy.java:addNew(89)) - c1893a92-03dd-4a23-a9af-4ff43bf2d333: addNew group-5F2FAB517CBC:[c1893a92-03dd-4a23-a9af-4ff43bf2d333:192.168.30.13:36902] returns group-5F2FAB517CBC:java.util.concurrent.CompletableFuture@51f0eec5[Not completed]
2019-09-26 10:41:32,741 [pool-77-thread-1] INFO  impl.RaftServerImpl (RaftServerImpl.java:<init>(95)) - c1893a92-03dd-4a23-a9af-4ff43bf2d333: new RaftServerImpl for group-5F2FAB517CBC:[c1893a92-03dd-4a23-a9af-4ff43bf2d333:192.168.30.13:36902] with ContainerStateMachine:uninitialized
2019-09-26 10:41:32,742 [pool-77-thread-1] INFO  server.RaftServerConfigKeys (ConfUtils.java:logGet(43)) - raft.server.rpc.timeout.min = 5s (custom)
2019-09-26 10:41:32,742 [pool-77-thread-1] INFO  server.RaftServerConfigKeys (ConfUtils.java:logGet(43)) - raft.server.rpc.timeout.max = 5200ms (custom)
2019-09-26 10:41:32,742 [pool-77-thread-1] INFO  server.RaftServerConfigKeys (ConfUtils.java:logGet(43)) - raft.server.rpcslowness.timeout = 120s (custom)
2019-09-26 10:41:32,742 [pool-77-thread-1] INFO  server.RaftServerConfigKeys (ConfUtils.java:logGet(43)) - raft.server.sleep.deviation.threshold = 300 (default)
2019-09-26 10:41:32,742 [pool-77-thread-1] INFO  server.RaftServerConfigKeys (ConfUtils.java:logGet(43)) - raft.server.log.appender.install.snapshot.enabled = false (custom)
2019-09-26 10:41:32,742 [pool-77-thread-1] INFO  impl.RaftServerImpl (ServerState.java:<init>(103)) - c1893a92-03dd-4a23-a9af-4ff43bf2d333@group-5F2FAB517CBC: ConfigurationManager, init=-1: [c1893a92-03dd-4a23-a9af-4ff43bf2d333:192.168.30.13:36902], old=null, confs=<EMPTY_MAP>
2019-09-26 10:41:32,743 [pool-77-thread-1] INFO  server.RaftServerConfigKeys (ConfUtils.java:logGet(43)) - raft.server.storage.dir = [/workdir/hadoop-ozone/integration-test/target/test-dir/MiniOzoneClusterImpl-7728bda3-e39e-4fb4-adc7-89b1999467e6/datanode-0/data/ratis] (custom)
2019-09-26 10:41:32,743 [pool-77-thread-1] INFO  storage.RaftStorageDirectory (RaftStorageDirectory.java:analyzeStorage(246)) - The storage directory /workdir/hadoop-ozone/integration-test/target/test-dir/MiniOzoneClusterImpl-7728bda3-e39e-4fb4-adc7-89b1999467e6/datanode-0/data/ratis/cd8f926c-2497-4dae-9f08-5f2fab517cbc does not exist. Creating ...
2019-09-26 10:41:32,747 [main] INFO  ozone.MiniOzoneClusterImpl (MiniOzoneClusterImpl.java:lambda$waitForClusterToBeReady$0(147)) - Waiting for cluster to be ready. Got 2 of 3 DN Heartbeats.
2019-09-26 10:41:32,751 [IPC Server handler 2 on 43706] INFO  net.NetworkTopology (NetworkTopologyImpl.java:add(111)) - Added a new node: /default-rack/62befdb0-85de-4829-8f28-5e2590b30fcb
2019-09-26 10:41:32,751 [IPC Server handler 2 on 43706] INFO  node.SCMNodeManager (SCMNodeManager.java:register(266)) - Registered Data node : 62befdb0-85de-4829-8f28-5e2590b30fcb{ip: 192.168.30.13, host: pr-hdds-1569-wvzgm-824869521, networkLocation: /default-rack, certSerialId: null}
2019-09-26 10:41:32,756 [pool-77-thread-1] INFO  storage.RaftStorageDirectory (RaftStorageDirectory.java:tryLock(328)) - Lock on /workdir/hadoop-ozone/integration-test/target/test-dir/MiniOzoneClusterImpl-7728bda3-e39e-4fb4-adc7-89b1999467e6/datanode-0/data/ratis/cd8f926c-2497-4dae-9f08-5f2fab517cbc/in_use.lock acquired by nodename 10232@pr-hdds-1569-wvzgm-824869521
2019-09-26 10:41:32,769 [pool-77-thread-1] INFO  storage.RaftStorage (RaftStorage.java:format(72)) - Storage directory /workdir/hadoop-ozone/integration-test/target/test-dir/MiniOzoneClusterImpl-7728bda3-e39e-4fb4-adc7-89b1999467e6/datanode-0/data/ratis/cd8f926c-2497-4dae-9f08-5f2fab517cbc has been successfully formatted.
2019-09-26 10:41:32,769 [pool-77-thread-1] INFO  ratis.ContainerStateMachine (ContainerStateMachine.java:loadSnapshot(230)) - group-5F2FAB517CBC: The snapshot info is null. Setting the last applied indexto:(t:0, i:~)
2019-09-26 10:41:32,770 [pool-77-thread-1] INFO  server.RaftServerConfigKeys (ConfUtils.java:logGet(43)) - raft.server.notification.no-leader.timeout = 120s (custom)
2019-09-26 10:41:32,770 [pool-77-thread-1] INFO  server.RaftServerConfigKeys (ConfUtils.java:logGet(43)) - raft.server.log.use.memory = false (default)
2019-09-26 10:41:32,770 [pool-77-thread-1] INFO  server.RaftServerConfigKeys (ConfUtils.java:logGet(43)) - raft.server.log.purge.gap = 1000000 (custom)
2019-09-26 10:41:32,770 [pool-77-thread-1] INFO  server.RaftServerConfigKeys (ConfUtils.java:logGet(43)) - raft.server.log.appender.buffer.byte-limit = 33554432 (custom)
2019-09-26 10:41:32,770 [pool-77-thread-1] INFO  server.RaftServerConfigKeys (ConfUtils.java:logGet(43)) - raft.server.log.segment.size.max = 1048576 (custom)
2019-09-26 10:41:32,770 [pool-77-thread-1] INFO  server.RaftServerConfigKeys (ConfUtils.java:logGet(43)) - raft.server.log.segment.cache.num.max = 2 (custom)
2019-09-26 10:41:32,771 [pool-77-thread-1] INFO  segmented.SegmentedRaftLogWorker (SegmentedRaftLogWorker.java:<init>(172)) - new c1893a92-03dd-4a23-a9af-4ff43bf2d333@group-5F2FAB517CBC-SegmentedRaftLogWorker for RaftStorage:Storage Directory /workdir/hadoop-ozone/integration-test/target/test-dir/MiniOzoneClusterImpl-7728bda3-e39e-4fb4-adc7-89b1999467e6/datanode-0/data/ratis/cd8f926c-2497-4dae-9f08-5f2fab517cbc
2019-09-26 10:41:32,771 [pool-77-thread-1] INFO  server.RaftServerConfigKeys (ConfUtils.java:logGet(43)) - raft.server.log.queue.byte-limit = 2147483647 (custom)
2019-09-26 10:41:32,771 [pool-77-thread-1] INFO  server.RaftServerConfigKeys (ConfUtils.java:logGet(43)) - raft.server.log.queue.element-limit = 1024 (custom)
2019-09-26 10:41:32,771 [pool-77-thread-1] INFO  server.RaftServerConfigKeys (ConfUtils.java:logGet(43)) - raft.server.log.segment.size.max = 1048576 (custom)
2019-09-26 10:41:32,771 [pool-77-thread-1] INFO  server.RaftServerConfigKeys (ConfUtils.java:logGet(43)) - raft.server.log.preallocated.size = 16384 (custom)
2019-09-26 10:41:32,771 [pool-77-thread-1] INFO  server.RaftServerConfigKeys (ConfUtils.java:logGet(43)) - raft.server.log.write.buffer.size = 33554432 (custom)
2019-09-26 10:41:32,772 [pool-77-thread-1] INFO  server.RaftServerConfigKeys (ConfUtils.java:logGet(43)) - raft.server.log.force.sync.num = 128 (default)
2019-09-26 10:41:32,772 [pool-77-thread-1] INFO  server.RaftServerConfigKeys (ConfUtils.java:logGet(43)) - raft.server.log.statemachine.data.sync = true (default)
2019-09-26 10:41:32,772 [pool-77-thread-1] INFO  server.RaftServerConfigKeys (ConfUtils.java:logGet(43)) - raft.server.log.statemachine.data.sync.timeout = 10s (default)
2019-09-26 10:41:32,772 [pool-77-thread-1] INFO  server.RaftServerConfigKeys (ConfUtils.java:logGet(43)) - raft.server.log.statemachine.data.sync.timeout.retry = -1 (default)
2019-09-26 10:41:32,772 [pool-77-thread-1] INFO  server.RaftServerConfigKeys (ConfUtils.java:logGet(43)) - raft.server.log.statemachine.data.caching.enabled = true (custom)
2019-09-26 10:41:32,773 [pool-77-thread-1] INFO  segmented.SegmentedRaftLogWorker (SegmentedRaftLogWorker.java:lambda$new$0(132)) - c1893a92-03dd-4a23-a9af-4ff43bf2d333@group-5F2FAB517CBC-SegmentedRaftLogWorker: flushIndex: setUnconditionally 0 -> -1
2019-09-26 10:41:32,773 [pool-77-thread-1] INFO  server.RaftServerConfigKeys (ConfUtils.java:logGet(43)) - raft.server.snapshot.auto.trigger.enabled = true (custom)
2019-09-26 10:41:32,773 [pool-77-thread-1] INFO  server.RaftServerConfigKeys (ConfUtils.java:logGet(43)) - raft.server.snapshot.auto.trigger.threshold = 10000 (custom)
2019-09-26 10:41:32,773 [pool-77-thread-1] INFO  server.RaftServerConfigKeys (ConfUtils.java:logGet(43)) - raft.server.snapshot.retention.num.files = 5 (custom)
2019-09-26 10:41:32,774 [pool-77-thread-1] INFO  server.RaftServerConfigKeys (ConfUtils.java:logGet(43)) - raft.server.retrycache.expirytime = 600000ms (custom)
2019-09-26 10:41:32,776 [pool-77-thread-1] INFO  impl.RaftServerImpl (RaftServerImpl.java:start(185)) - c1893a92-03dd-4a23-a9af-4ff43bf2d333@group-5F2FAB517CBC: start as a follower, conf=-1: [c1893a92-03dd-4a23-a9af-4ff43bf2d333:192.168.30.13:36902], old=null
2019-09-26 10:41:32,776 [pool-77-thread-1] INFO  impl.RaftServerImpl (RaftServerImpl.java:setRole(174)) - c1893a92-03dd-4a23-a9af-4ff43bf2d333@group-5F2FAB517CBC: changes role from      null to FOLLOWER at term 0 for startAsFollower
2019-09-26 10:41:32,776 [pool-77-thread-1] INFO  impl.RoleInfo (RoleInfo.java:updateAndGet(143)) - c1893a92-03dd-4a23-a9af-4ff43bf2d333: start FollowerState
2019-09-26 10:41:32,777 [pool-77-thread-1] INFO  util.JmxRegister (JmxRegister.java:tryRegister(44)) - Successfully registered JMX Bean with object name Ratis:service=RaftServer,group=group-5F2FAB517CBC,id=c1893a92-03dd-4a23-a9af-4ff43bf2d333
2019-09-26 10:41:32,782 [RatisPipelineUtilsThread] INFO  pipeline.PipelineStateManager (PipelineStateManager.java:addPipeline(56)) - Created pipeline Pipeline[ Id: cd8f926c-2497-4dae-9f08-5f2fab517cbc, Nodes: c1893a92-03dd-4a23-a9af-4ff43bf2d333{ip: 192.168.30.13, host: pr-hdds-1569-wvzgm-824869521, networkLocation: /default-rack, certSerialId: null}, Type:RATIS, Factor:ONE, State:OPEN]
2019-09-26 10:41:32,793 [grpc-default-executor-0] INFO  impl.RaftServerProxy (RaftServerProxy.java:addNew(89)) - 62befdb0-85de-4829-8f28-5e2590b30fcb: addNew group-1DDCA16EDF81:[62befdb0-85de-4829-8f28-5e2590b30fcb:192.168.30.13:38060] returns group-1DDCA16EDF81:java.util.concurrent.CompletableFuture@3ee93ea[Not completed]
2019-09-26 10:41:32,794 [pool-97-thread-1] INFO  impl.RaftServerImpl (RaftServerImpl.java:<init>(95)) - 62befdb0-85de-4829-8f28-5e2590b30fcb: new RaftServerImpl for group-1DDCA16EDF81:[62befdb0-85de-4829-8f28-5e2590b30fcb:192.168.30.13:38060] with ContainerStateMachine:uninitialized
2019-09-26 10:41:32,796 [pool-97-thread-1] INFO  server.RaftServerConfigKeys (ConfUtils.java:logGet(43)) - raft.server.rpc.timeout.min = 5s (custom)
2019-09-26 10:41:32,796 [pool-97-thread-1] INFO  server.RaftServerConfigKeys (ConfUtils.java:logGet(43)) - raft.server.rpc.timeout.max = 5200ms (custom)
2019-09-26 10:41:32,796 [pool-97-thread-1] INFO  server.RaftServerConfigKeys (ConfUtils.java:logGet(43)) - raft.server.rpcslowness.timeout = 120s (custom)
2019-09-26 10:41:32,796 [pool-97-thread-1] INFO  server.RaftServerConfigKeys (ConfUtils.java:logGet(43)) - raft.server.sleep.deviation.threshold = 300 (default)
2019-09-26 10:41:32,796 [pool-97-thread-1] INFO  server.RaftServerConfigKeys (ConfUtils.java:logGet(43)) - raft.server.log.appender.install.snapshot.enabled = false (custom)
2019-09-26 10:41:32,796 [pool-97-thread-1] INFO  impl.RaftServerImpl (ServerState.java:<init>(103)) - 62befdb0-85de-4829-8f28-5e2590b30fcb@group-1DDCA16EDF81: ConfigurationManager, init=-1: [62befdb0-85de-4829-8f28-5e2590b30fcb:192.168.30.13:38060], old=null, confs=<EMPTY_MAP>
2019-09-26 10:41:32,796 [pool-97-thread-1] INFO  server.RaftServerConfigKeys (ConfUtils.java:logGet(43)) - raft.server.storage.dir = [/workdir/hadoop-ozone/integration-test/target/test-dir/MiniOzoneClusterImpl-7728bda3-e39e-4fb4-adc7-89b1999467e6/datanode-2/data/ratis] (custom)
2019-09-26 10:41:32,797 [pool-97-thread-1] INFO  storage.RaftStorageDirectory (RaftStorageDirectory.java:analyzeStorage(246)) - The storage directory /workdir/hadoop-ozone/integration-test/target/test-dir/MiniOzoneClusterImpl-7728bda3-e39e-4fb4-adc7-89b1999467e6/datanode-2/data/ratis/dc7b3056-3d59-420c-98a0-1ddca16edf81 does not exist. Creating ...
2019-09-26 10:41:32,810 [pool-97-thread-1] INFO  storage.RaftStorageDirectory (RaftStorageDirectory.java:tryLock(328)) - Lock on /workdir/hadoop-ozone/integration-test/target/test-dir/MiniOzoneClusterImpl-7728bda3-e39e-4fb4-adc7-89b1999467e6/datanode-2/data/ratis/dc7b3056-3d59-420c-98a0-1ddca16edf81/in_use.lock acquired by nodename 10232@pr-hdds-1569-wvzgm-824869521
2019-09-26 10:41:32,823 [pool-97-thread-1] INFO  storage.RaftStorage (RaftStorage.java:format(72)) - Storage directory /workdir/hadoop-ozone/integration-test/target/test-dir/MiniOzoneClusterImpl-7728bda3-e39e-4fb4-adc7-89b1999467e6/datanode-2/data/ratis/dc7b3056-3d59-420c-98a0-1ddca16edf81 has been successfully formatted.
2019-09-26 10:41:32,823 [pool-97-thread-1] INFO  ratis.ContainerStateMachine (ContainerStateMachine.java:loadSnapshot(230)) - group-1DDCA16EDF81: The snapshot info is null. Setting the last applied indexto:(t:0, i:~)
2019-09-26 10:41:32,824 [pool-97-thread-1] INFO  server.RaftServerConfigKeys (ConfUtils.java:logGet(43)) - raft.server.notification.no-leader.timeout = 120s (custom)
2019-09-26 10:41:32,824 [pool-97-thread-1] INFO  server.RaftServerConfigKeys (ConfUtils.java:logGet(43)) - raft.server.log.use.memory = false (default)
2019-09-26 10:41:32,824 [pool-97-thread-1] INFO  server.RaftServerConfigKeys (ConfUtils.java:logGet(43)) - raft.server.log.purge.gap = 1000000 (custom)
2019-09-26 10:41:32,824 [pool-97-thread-1] INFO  server.RaftServerConfigKeys (ConfUtils.java:logGet(43)) - raft.server.log.appender.buffer.byte-limit = 33554432 (custom)
2019-09-26 10:41:32,824 [pool-97-thread-1] INFO  server.RaftServerConfigKeys (ConfUtils.java:logGet(43)) - raft.server.log.segment.size.max = 1048576 (custom)
2019-09-26 10:41:32,824 [pool-97-thread-1] INFO  server.RaftServerConfigKeys (ConfUtils.java:logGet(43)) - raft.server.log.segment.cache.num.max = 2 (custom)
2019-09-26 10:41:32,824 [pool-97-thread-1] INFO  segmented.SegmentedRaftLogWorker (SegmentedRaftLogWorker.java:<init>(172)) - new 62befdb0-85de-4829-8f28-5e2590b30fcb@group-1DDCA16EDF81-SegmentedRaftLogWorker for RaftStorage:Storage Directory /workdir/hadoop-ozone/integration-test/target/test-dir/MiniOzoneClusterImpl-7728bda3-e39e-4fb4-adc7-89b1999467e6/datanode-2/data/ratis/dc7b3056-3d59-420c-98a0-1ddca16edf81
2019-09-26 10:41:32,827 [pool-97-thread-1] INFO  server.RaftServerConfigKeys (ConfUtils.java:logGet(43)) - raft.server.log.queue.byte-limit = 2147483647 (custom)
2019-09-26 10:41:32,827 [pool-97-thread-1] INFO  server.RaftServerConfigKeys (ConfUtils.java:logGet(43)) - raft.server.log.queue.element-limit = 1024 (custom)
2019-09-26 10:41:32,827 [pool-97-thread-1] INFO  server.RaftServerConfigKeys (ConfUtils.java:logGet(43)) - raft.server.log.segment.size.max = 1048576 (custom)
2019-09-26 10:41:32,827 [pool-97-thread-1] INFO  server.RaftServerConfigKeys (ConfUtils.java:logGet(43)) - raft.server.log.preallocated.size = 16384 (custom)
2019-09-26 10:41:32,827 [pool-97-thread-1] INFO  server.RaftServerConfigKeys (ConfUtils.java:logGet(43)) - raft.server.log.write.buffer.size = 33554432 (custom)
2019-09-26 10:41:32,827 [pool-97-thread-1] INFO  server.RaftServerConfigKeys (ConfUtils.java:logGet(43)) - raft.server.log.force.sync.num = 128 (default)
2019-09-26 10:41:32,827 [pool-97-thread-1] INFO  server.RaftServerConfigKeys (ConfUtils.java:logGet(43)) - raft.server.log.statemachine.data.sync = true (default)
2019-09-26 10:41:32,828 [pool-97-thread-1] INFO  server.RaftServerConfigKeys (ConfUtils.java:logGet(43)) - raft.server.log.statemachine.data.sync.timeout = 10s (default)
2019-09-26 10:41:32,828 [pool-97-thread-1] INFO  server.RaftServerConfigKeys (ConfUtils.java:logGet(43)) - raft.server.log.statemachine.data.sync.timeout.retry = -1 (default)
2019-09-26 10:41:32,828 [pool-97-thread-1] INFO  server.RaftServerConfigKeys (ConfUtils.java:logGet(43)) - raft.server.log.statemachine.data.caching.enabled = true (custom)
2019-09-26 10:41:32,828 [pool-97-thread-1] INFO  segmented.SegmentedRaftLogWorker (SegmentedRaftLogWorker.java:lambda$new$0(132)) - 62befdb0-85de-4829-8f28-5e2590b30fcb@group-1DDCA16EDF81-SegmentedRaftLogWorker: flushIndex: setUnconditionally 0 -> -1
2019-09-26 10:41:32,829 [pool-97-thread-1] INFO  server.RaftServerConfigKeys (ConfUtils.java:logGet(43)) - raft.server.snapshot.auto.trigger.enabled = true (custom)
2019-09-26 10:41:32,829 [pool-97-thread-1] INFO  server.RaftServerConfigKeys (ConfUtils.java:logGet(43)) - raft.server.snapshot.auto.trigger.threshold = 10000 (custom)
2019-09-26 10:41:32,829 [pool-97-thread-1] INFO  server.RaftServerConfigKeys (ConfUtils.java:logGet(43)) - raft.server.snapshot.retention.num.files = 5 (custom)
2019-09-26 10:41:32,829 [pool-97-thread-1] INFO  server.RaftServerConfigKeys (ConfUtils.java:logGet(43)) - raft.server.retrycache.expirytime = 600000ms (custom)
2019-09-26 10:41:32,831 [pool-97-thread-1] INFO  impl.RaftServerImpl (RaftServerImpl.java:start(185)) - 62befdb0-85de-4829-8f28-5e2590b30fcb@group-1DDCA16EDF81: start as a follower, conf=-1: [62befdb0-85de-4829-8f28-5e2590b30fcb:192.168.30.13:38060], old=null
2019-09-26 10:41:32,831 [pool-97-thread-1] INFO  impl.RaftServerImpl (RaftServerImpl.java:setRole(174)) - 62befdb0-85de-4829-8f28-5e2590b30fcb@group-1DDCA16EDF81: changes role from      null to FOLLOWER at term 0 for startAsFollower
2019-09-26 10:41:32,831 [pool-97-thread-1] INFO  impl.RoleInfo (RoleInfo.java:updateAndGet(143)) - 62befdb0-85de-4829-8f28-5e2590b30fcb: start FollowerState
2019-09-26 10:41:32,832 [pool-97-thread-1] INFO  util.JmxRegister (JmxRegister.java:tryRegister(44)) - Successfully registered JMX Bean with object name Ratis:service=RaftServer,group=group-1DDCA16EDF81,id=62befdb0-85de-4829-8f28-5e2590b30fcb
2019-09-26 10:41:32,836 [RatisPipelineUtilsThread] INFO  pipeline.PipelineStateManager (PipelineStateManager.java:addPipeline(56)) - Created pipeline Pipeline[ Id: dc7b3056-3d59-420c-98a0-1ddca16edf81, Nodes: 62befdb0-85de-4829-8f28-5e2590b30fcb{ip: 192.168.30.13, host: pr-hdds-1569-wvzgm-824869521, networkLocation: /default-rack, certSerialId: null}, Type:RATIS, Factor:ONE, State:OPEN]
2019-09-26 10:41:32,846 [grpc-default-executor-0] INFO  impl.RaftServerProxy (RaftServerProxy.java:addNew(89)) - c1893a92-03dd-4a23-a9af-4ff43bf2d333: addNew group-BBE2170AEEE9:[c1893a92-03dd-4a23-a9af-4ff43bf2d333:192.168.30.13:36902] returns group-BBE2170AEEE9:java.util.concurrent.CompletableFuture@152f6c5a[Not completed]
2019-09-26 10:41:32,847 [pool-77-thread-1] INFO  impl.RaftServerImpl (RaftServerImpl.java:<init>(95)) - c1893a92-03dd-4a23-a9af-4ff43bf2d333: new RaftServerImpl for group-BBE2170AEEE9:[c1893a92-03dd-4a23-a9af-4ff43bf2d333:192.168.30.13:36902] with ContainerStateMachine:uninitialized
2019-09-26 10:41:32,847 [pool-77-thread-1] INFO  server.RaftServerConfigKeys (ConfUtils.java:logGet(43)) - raft.server.rpc.timeout.min = 5s (custom)
2019-09-26 10:41:32,848 [pool-77-thread-1] INFO  server.RaftServerConfigKeys (ConfUtils.java:logGet(43)) - raft.server.rpc.timeout.max = 5200ms (custom)
2019-09-26 10:41:32,848 [pool-77-thread-1] INFO  server.RaftServerConfigKeys (ConfUtils.java:logGet(43)) - raft.server.rpcslowness.timeout = 120s (custom)
2019-09-26 10:41:32,848 [pool-77-thread-1] INFO  server.RaftServerConfigKeys (ConfUtils.java:logGet(43)) - raft.server.sleep.deviation.threshold = 300 (default)
2019-09-26 10:41:32,848 [pool-77-thread-1] INFO  server.RaftServerConfigKeys (ConfUtils.java:logGet(43)) - raft.server.log.appender.install.snapshot.enabled = false (custom)
2019-09-26 10:41:32,848 [pool-77-thread-1] INFO  impl.RaftServerImpl (ServerState.java:<init>(103)) - c1893a92-03dd-4a23-a9af-4ff43bf2d333@group-BBE2170AEEE9: ConfigurationManager, init=-1: [c1893a92-03dd-4a23-a9af-4ff43bf2d333:192.168.30.13:36902], old=null, confs=<EMPTY_MAP>
2019-09-26 10:41:32,848 [pool-77-thread-1] INFO  server.RaftServerConfigKeys (ConfUtils.java:logGet(43)) - raft.server.storage.dir = [/workdir/hadoop-ozone/integration-test/target/test-dir/MiniOzoneClusterImpl-7728bda3-e39e-4fb4-adc7-89b1999467e6/datanode-0/data/ratis] (custom)
2019-09-26 10:41:32,849 [pool-77-thread-1] INFO  storage.RaftStorageDirectory (RaftStorageDirectory.java:analyzeStorage(246)) - The storage directory /workdir/hadoop-ozone/integration-test/target/test-dir/MiniOzoneClusterImpl-7728bda3-e39e-4fb4-adc7-89b1999467e6/datanode-0/data/ratis/e5b2f32c-3262-4885-9ee5-bbe2170aeee9 does not exist. Creating ...
2019-09-26 10:41:32,861 [pool-77-thread-1] INFO  storage.RaftStorageDirectory (RaftStorageDirectory.java:tryLock(328)) - Lock on /workdir/hadoop-ozone/integration-test/target/test-dir/MiniOzoneClusterImpl-7728bda3-e39e-4fb4-adc7-89b1999467e6/datanode-0/data/ratis/e5b2f32c-3262-4885-9ee5-bbe2170aeee9/in_use.lock acquired by nodename 10232@pr-hdds-1569-wvzgm-824869521
2019-09-26 10:41:32,877 [pool-77-thread-1] INFO  storage.RaftStorage (RaftStorage.java:format(72)) - Storage directory /workdir/hadoop-ozone/integration-test/target/test-dir/MiniOzoneClusterImpl-7728bda3-e39e-4fb4-adc7-89b1999467e6/datanode-0/data/ratis/e5b2f32c-3262-4885-9ee5-bbe2170aeee9 has been successfully formatted.
2019-09-26 10:41:32,877 [pool-77-thread-1] INFO  ratis.ContainerStateMachine (ContainerStateMachine.java:loadSnapshot(230)) - group-BBE2170AEEE9: The snapshot info is null. Setting the last applied indexto:(t:0, i:~)
2019-09-26 10:41:32,877 [pool-77-thread-1] INFO  server.RaftServerConfigKeys (ConfUtils.java:logGet(43)) - raft.server.notification.no-leader.timeout = 120s (custom)
2019-09-26 10:41:32,877 [pool-77-thread-1] INFO  server.RaftServerConfigKeys (ConfUtils.java:logGet(43)) - raft.server.log.use.memory = false (default)
2019-09-26 10:41:32,877 [pool-77-thread-1] INFO  server.RaftServerConfigKeys (ConfUtils.java:logGet(43)) - raft.server.log.purge.gap = 1000000 (custom)
2019-09-26 10:41:32,878 [pool-77-thread-1] INFO  server.RaftServerConfigKeys (ConfUtils.java:logGet(43)) - raft.server.log.appender.buffer.byte-limit = 33554432 (custom)
2019-09-26 10:41:32,878 [pool-77-thread-1] INFO  server.RaftServerConfigKeys (ConfUtils.java:logGet(43)) - raft.server.log.segment.size.max = 1048576 (custom)
2019-09-26 10:41:32,878 [pool-77-thread-1] INFO  server.RaftServerConfigKeys (ConfUtils.java:logGet(43)) - raft.server.log.segment.cache.num.max = 2 (custom)
2019-09-26 10:41:32,878 [pool-77-thread-1] INFO  segmented.SegmentedRaftLogWorker (SegmentedRaftLogWorker.java:<init>(172)) - new c1893a92-03dd-4a23-a9af-4ff43bf2d333@group-BBE2170AEEE9-SegmentedRaftLogWorker for RaftStorage:Storage Directory /workdir/hadoop-ozone/integration-test/target/test-dir/MiniOzoneClusterImpl-7728bda3-e39e-4fb4-adc7-89b1999467e6/datanode-0/data/ratis/e5b2f32c-3262-4885-9ee5-bbe2170aeee9
2019-09-26 10:41:32,878 [pool-77-thread-1] INFO  server.RaftServerConfigKeys (ConfUtils.java:logGet(43)) - raft.server.log.queue.byte-limit = 2147483647 (custom)
2019-09-26 10:41:32,878 [pool-77-thread-1] INFO  server.RaftServerConfigKeys (ConfUtils.java:logGet(43)) - raft.server.log.queue.element-limit = 1024 (custom)
2019-09-26 10:41:32,879 [pool-77-thread-1] INFO  server.RaftServerConfigKeys (ConfUtils.java:logGet(43)) - raft.server.log.segment.size.max = 1048576 (custom)
2019-09-26 10:41:32,879 [pool-77-thread-1] INFO  server.RaftServerConfigKeys (ConfUtils.java:logGet(43)) - raft.server.log.preallocated.size = 16384 (custom)
2019-09-26 10:41:32,879 [pool-77-thread-1] INFO  server.RaftServerConfigKeys (ConfUtils.java:logGet(43)) - raft.server.log.write.buffer.size = 33554432 (custom)
2019-09-26 10:41:32,879 [pool-77-thread-1] INFO  server.RaftServerConfigKeys (ConfUtils.java:logGet(43)) - raft.server.log.force.sync.num = 128 (default)
2019-09-26 10:41:32,879 [pool-77-thread-1] INFO  server.RaftServerConfigKeys (ConfUtils.java:logGet(43)) - raft.server.log.statemachine.data.sync = true (default)
2019-09-26 10:41:32,879 [pool-77-thread-1] INFO  server.RaftServerConfigKeys (ConfUtils.java:logGet(43)) - raft.server.log.statemachine.data.sync.timeout = 10s (default)
2019-09-26 10:41:32,880 [pool-77-thread-1] INFO  server.RaftServerConfigKeys (ConfUtils.java:logGet(43)) - raft.server.log.statemachine.data.sync.timeout.retry = -1 (default)
2019-09-26 10:41:32,880 [pool-77-thread-1] INFO  server.RaftServerConfigKeys (ConfUtils.java:logGet(43)) - raft.server.log.statemachine.data.caching.enabled = true (custom)
2019-09-26 10:41:32,880 [pool-77-thread-1] INFO  segmented.SegmentedRaftLogWorker (SegmentedRaftLogWorker.java:lambda$new$0(132)) - c1893a92-03dd-4a23-a9af-4ff43bf2d333@group-BBE2170AEEE9-SegmentedRaftLogWorker: flushIndex: setUnconditionally 0 -> -1
2019-09-26 10:41:32,881 [pool-77-thread-1] INFO  server.RaftServerConfigKeys (ConfUtils.java:logGet(43)) - raft.server.snapshot.auto.trigger.enabled = true (custom)
2019-09-26 10:41:32,881 [pool-77-thread-1] INFO  server.RaftServerConfigKeys (ConfUtils.java:logGet(43)) - raft.server.snapshot.auto.trigger.threshold = 10000 (custom)
2019-09-26 10:41:32,881 [pool-77-thread-1] INFO  server.RaftServerConfigKeys (ConfUtils.java:logGet(43)) - raft.server.snapshot.retention.num.files = 5 (custom)
2019-09-26 10:41:32,881 [pool-77-thread-1] INFO  server.RaftServerConfigKeys (ConfUtils.java:logGet(43)) - raft.server.retrycache.expirytime = 600000ms (custom)
2019-09-26 10:41:32,883 [pool-77-thread-1] INFO  impl.RaftServerImpl (RaftServerImpl.java:start(185)) - c1893a92-03dd-4a23-a9af-4ff43bf2d333@group-BBE2170AEEE9: start as a follower, conf=-1: [c1893a92-03dd-4a23-a9af-4ff43bf2d333:192.168.30.13:36902], old=null
2019-09-26 10:41:32,884 [pool-77-thread-1] INFO  impl.RaftServerImpl (RaftServerImpl.java:setRole(174)) - c1893a92-03dd-4a23-a9af-4ff43bf2d333@group-BBE2170AEEE9: changes role from      null to FOLLOWER at term 0 for startAsFollower
2019-09-26 10:41:32,884 [pool-77-thread-1] INFO  impl.RoleInfo (RoleInfo.java:updateAndGet(143)) - c1893a92-03dd-4a23-a9af-4ff43bf2d333: start FollowerState
2019-09-26 10:41:32,884 [pool-77-thread-1] INFO  util.JmxRegister (JmxRegister.java:tryRegister(44)) - Successfully registered JMX Bean with object name Ratis:service=RaftServer,group=group-BBE2170AEEE9,id=c1893a92-03dd-4a23-a9af-4ff43bf2d333
2019-09-26 10:41:32,889 [RatisPipelineUtilsThread] INFO  pipeline.PipelineStateManager (PipelineStateManager.java:addPipeline(56)) - Created pipeline Pipeline[ Id: e5b2f32c-3262-4885-9ee5-bbe2170aeee9, Nodes: c1893a92-03dd-4a23-a9af-4ff43bf2d333{ip: 192.168.30.13, host: pr-hdds-1569-wvzgm-824869521, networkLocation: /default-rack, certSerialId: null}, Type:RATIS, Factor:ONE, State:OPEN]
2019-09-26 10:41:32,900 [grpc-default-executor-0] INFO  impl.RaftServerProxy (RaftServerProxy.java:addNew(89)) - c36b05fb-5243-46b0-a052-9c1a582fd56b: addNew group-5145D11FD64E:[c36b05fb-5243-46b0-a052-9c1a582fd56b:192.168.30.13:33148] returns group-5145D11FD64E:java.util.concurrent.CompletableFuture@1230e776[Not completed]
2019-09-26 10:41:32,904 [pool-87-thread-1] INFO  impl.RaftServerImpl (RaftServerImpl.java:<init>(95)) - c36b05fb-5243-46b0-a052-9c1a582fd56b: new RaftServerImpl for group-5145D11FD64E:[c36b05fb-5243-46b0-a052-9c1a582fd56b:192.168.30.13:33148] with ContainerStateMachine:uninitialized
2019-09-26 10:41:32,905 [pool-87-thread-1] INFO  server.RaftServerConfigKeys (ConfUtils.java:logGet(43)) - raft.server.rpc.timeout.min = 5s (custom)
2019-09-26 10:41:32,905 [pool-87-thread-1] INFO  server.RaftServerConfigKeys (ConfUtils.java:logGet(43)) - raft.server.rpc.timeout.max = 5200ms (custom)
2019-09-26 10:41:32,905 [pool-87-thread-1] INFO  server.RaftServerConfigKeys (ConfUtils.java:logGet(43)) - raft.server.rpcslowness.timeout = 120s (custom)
2019-09-26 10:41:32,905 [pool-87-thread-1] INFO  server.RaftServerConfigKeys (ConfUtils.java:logGet(43)) - raft.server.sleep.deviation.threshold = 300 (default)
2019-09-26 10:41:32,905 [pool-87-thread-1] INFO  server.RaftServerConfigKeys (ConfUtils.java:logGet(43)) - raft.server.log.appender.install.snapshot.enabled = false (custom)
2019-09-26 10:41:32,905 [pool-87-thread-1] INFO  impl.RaftServerImpl (ServerState.java:<init>(103)) - c36b05fb-5243-46b0-a052-9c1a582fd56b@group-5145D11FD64E: ConfigurationManager, init=-1: [c36b05fb-5243-46b0-a052-9c1a582fd56b:192.168.30.13:33148], old=null, confs=<EMPTY_MAP>
2019-09-26 10:41:32,906 [pool-87-thread-1] INFO  server.RaftServerConfigKeys (ConfUtils.java:logGet(43)) - raft.server.storage.dir = [/workdir/hadoop-ozone/integration-test/target/test-dir/MiniOzoneClusterImpl-7728bda3-e39e-4fb4-adc7-89b1999467e6/datanode-1/data/ratis] (custom)
2019-09-26 10:41:32,906 [pool-87-thread-1] INFO  storage.RaftStorageDirectory (RaftStorageDirectory.java:analyzeStorage(246)) - The storage directory /workdir/hadoop-ozone/integration-test/target/test-dir/MiniOzoneClusterImpl-7728bda3-e39e-4fb4-adc7-89b1999467e6/datanode-1/data/ratis/8a88ba1c-364e-4f70-b45a-5145d11fd64e does not exist. Creating ...
2019-09-26 10:41:32,919 [pool-87-thread-1] INFO  storage.RaftStorageDirectory (RaftStorageDirectory.java:tryLock(328)) - Lock on /workdir/hadoop-ozone/integration-test/target/test-dir/MiniOzoneClusterImpl-7728bda3-e39e-4fb4-adc7-89b1999467e6/datanode-1/data/ratis/8a88ba1c-364e-4f70-b45a-5145d11fd64e/in_use.lock acquired by nodename 10232@pr-hdds-1569-wvzgm-824869521
2019-09-26 10:41:32,933 [pool-87-thread-1] INFO  storage.RaftStorage (RaftStorage.java:format(72)) - Storage directory /workdir/hadoop-ozone/integration-test/target/test-dir/MiniOzoneClusterImpl-7728bda3-e39e-4fb4-adc7-89b1999467e6/datanode-1/data/ratis/8a88ba1c-364e-4f70-b45a-5145d11fd64e has been successfully formatted.
2019-09-26 10:41:32,933 [pool-87-thread-1] INFO  ratis.ContainerStateMachine (ContainerStateMachine.java:loadSnapshot(230)) - group-5145D11FD64E: The snapshot info is null. Setting the last applied indexto:(t:0, i:~)
2019-09-26 10:41:32,933 [pool-87-thread-1] INFO  server.RaftServerConfigKeys (ConfUtils.java:logGet(43)) - raft.server.notification.no-leader.timeout = 120s (custom)
2019-09-26 10:41:32,934 [pool-87-thread-1] INFO  server.RaftServerConfigKeys (ConfUtils.java:logGet(43)) - raft.server.log.use.memory = false (default)
2019-09-26 10:41:32,934 [pool-87-thread-1] INFO  server.RaftServerConfigKeys (ConfUtils.java:logGet(43)) - raft.server.log.purge.gap = 1000000 (custom)
2019-09-26 10:41:32,934 [pool-87-thread-1] INFO  server.RaftServerConfigKeys (ConfUtils.java:logGet(43)) - raft.server.log.appender.buffer.byte-limit = 33554432 (custom)
2019-09-26 10:41:32,934 [pool-87-thread-1] INFO  server.RaftServerConfigKeys (ConfUtils.java:logGet(43)) - raft.server.log.segment.size.max = 1048576 (custom)
2019-09-26 10:41:32,935 [pool-87-thread-1] INFO  server.RaftServerConfigKeys (ConfUtils.java:logGet(43)) - raft.server.log.segment.cache.num.max = 2 (custom)
2019-09-26 10:41:32,935 [pool-87-thread-1] INFO  segmented.SegmentedRaftLogWorker (SegmentedRaftLogWorker.java:<init>(172)) - new c36b05fb-5243-46b0-a052-9c1a582fd56b@group-5145D11FD64E-SegmentedRaftLogWorker for RaftStorage:Storage Directory /workdir/hadoop-ozone/integration-test/target/test-dir/MiniOzoneClusterImpl-7728bda3-e39e-4fb4-adc7-89b1999467e6/datanode-1/data/ratis/8a88ba1c-364e-4f70-b45a-5145d11fd64e
2019-09-26 10:41:32,937 [pool-87-thread-1] INFO  server.RaftServerConfigKeys (ConfUtils.java:logGet(43)) - raft.server.log.queue.byte-limit = 2147483647 (custom)
2019-09-26 10:41:32,937 [pool-87-thread-1] INFO  server.RaftServerConfigKeys (ConfUtils.java:logGet(43)) - raft.server.log.queue.element-limit = 1024 (custom)
2019-09-26 10:41:32,938 [pool-87-thread-1] INFO  server.RaftServerConfigKeys (ConfUtils.java:logGet(43)) - raft.server.log.segment.size.max = 1048576 (custom)
2019-09-26 10:41:32,938 [pool-87-thread-1] INFO  server.RaftServerConfigKeys (ConfUtils.java:logGet(43)) - raft.server.log.preallocated.size = 16384 (custom)
2019-09-26 10:41:32,938 [pool-87-thread-1] INFO  server.RaftServerConfigKeys (ConfUtils.java:logGet(43)) - raft.server.log.write.buffer.size = 33554432 (custom)
2019-09-26 10:41:32,938 [pool-87-thread-1] INFO  server.RaftServerConfigKeys (ConfUtils.java:logGet(43)) - raft.server.log.force.sync.num = 128 (default)
2019-09-26 10:41:32,939 [pool-87-thread-1] INFO  server.RaftServerConfigKeys (ConfUtils.java:logGet(43)) - raft.server.log.statemachine.data.sync = true (default)
2019-09-26 10:41:32,939 [pool-87-thread-1] INFO  server.RaftServerConfigKeys (ConfUtils.java:logGet(43)) - raft.server.log.statemachine.data.sync.timeout = 10s (default)
2019-09-26 10:41:32,939 [pool-87-thread-1] INFO  server.RaftServerConfigKeys (ConfUtils.java:logGet(43)) - raft.server.log.statemachine.data.sync.timeout.retry = -1 (default)
2019-09-26 10:41:32,939 [pool-87-thread-1] INFO  server.RaftServerConfigKeys (ConfUtils.java:logGet(43)) - raft.server.log.statemachine.data.caching.enabled = true (custom)
2019-09-26 10:41:32,940 [pool-87-thread-1] INFO  segmented.SegmentedRaftLogWorker (SegmentedRaftLogWorker.java:lambda$new$0(132)) - c36b05fb-5243-46b0-a052-9c1a582fd56b@group-5145D11FD64E-SegmentedRaftLogWorker: flushIndex: setUnconditionally 0 -> -1
2019-09-26 10:41:32,940 [pool-87-thread-1] INFO  server.RaftServerConfigKeys (ConfUtils.java:logGet(43)) - raft.server.snapshot.auto.trigger.enabled = true (custom)
2019-09-26 10:41:32,940 [pool-87-thread-1] INFO  server.RaftServerConfigKeys (ConfUtils.java:logGet(43)) - raft.server.snapshot.auto.trigger.threshold = 10000 (custom)
2019-09-26 10:41:32,941 [pool-87-thread-1] INFO  server.RaftServerConfigKeys (ConfUtils.java:logGet(43)) - raft.server.snapshot.retention.num.files = 5 (custom)
2019-09-26 10:41:32,941 [pool-87-thread-1] INFO  server.RaftServerConfigKeys (ConfUtils.java:logGet(43)) - raft.server.retrycache.expirytime = 600000ms (custom)
2019-09-26 10:41:32,944 [pool-87-thread-1] INFO  impl.RaftServerImpl (RaftServerImpl.java:start(185)) - c36b05fb-5243-46b0-a052-9c1a582fd56b@group-5145D11FD64E: start as a follower, conf=-1: [c36b05fb-5243-46b0-a052-9c1a582fd56b:192.168.30.13:33148], old=null
2019-09-26 10:41:32,944 [pool-87-thread-1] INFO  impl.RaftServerImpl (RaftServerImpl.java:setRole(174)) - c36b05fb-5243-46b0-a052-9c1a582fd56b@group-5145D11FD64E: changes role from      null to FOLLOWER at term 0 for startAsFollower
2019-09-26 10:41:32,944 [pool-87-thread-1] INFO  impl.RoleInfo (RoleInfo.java:updateAndGet(143)) - c36b05fb-5243-46b0-a052-9c1a582fd56b: start FollowerState
2019-09-26 10:41:32,945 [pool-87-thread-1] INFO  util.JmxRegister (JmxRegister.java:tryRegister(44)) - Successfully registered JMX Bean with object name Ratis:service=RaftServer,group=group-5145D11FD64E,id=c36b05fb-5243-46b0-a052-9c1a582fd56b
2019-09-26 10:41:32,949 [RatisPipelineUtilsThread] INFO  pipeline.PipelineStateManager (PipelineStateManager.java:addPipeline(56)) - Created pipeline Pipeline[ Id: 8a88ba1c-364e-4f70-b45a-5145d11fd64e, Nodes: c36b05fb-5243-46b0-a052-9c1a582fd56b{ip: 192.168.30.13, host: pr-hdds-1569-wvzgm-824869521, networkLocation: /default-rack, certSerialId: null}, Type:RATIS, Factor:ONE, State:OPEN]
2019-09-26 10:41:32,961 [grpc-default-executor-0] INFO  impl.RaftServerProxy (RaftServerProxy.java:addNew(89)) - 62befdb0-85de-4829-8f28-5e2590b30fcb: addNew group-1FEA58C94C75:[62befdb0-85de-4829-8f28-5e2590b30fcb:192.168.30.13:38060] returns group-1FEA58C94C75:java.util.concurrent.CompletableFuture@208b4c6[Not completed]
2019-09-26 10:41:32,963 [pool-97-thread-1] INFO  impl.RaftServerImpl (RaftServerImpl.java:<init>(95)) - 62befdb0-85de-4829-8f28-5e2590b30fcb: new RaftServerImpl for group-1FEA58C94C75:[62befdb0-85de-4829-8f28-5e2590b30fcb:192.168.30.13:38060] with ContainerStateMachine:uninitialized
2019-09-26 10:41:32,963 [pool-97-thread-1] INFO  server.RaftServerConfigKeys (ConfUtils.java:logGet(43)) - raft.server.rpc.timeout.min = 5s (custom)
2019-09-26 10:41:32,963 [pool-97-thread-1] INFO  server.RaftServerConfigKeys (ConfUtils.java:logGet(43)) - raft.server.rpc.timeout.max = 5200ms (custom)
2019-09-26 10:41:32,964 [pool-97-thread-1] INFO  server.RaftServerConfigKeys (ConfUtils.java:logGet(43)) - raft.server.rpcslowness.timeout = 120s (custom)
2019-09-26 10:41:32,964 [pool-97-thread-1] INFO  server.RaftServerConfigKeys (ConfUtils.java:logGet(43)) - raft.server.sleep.deviation.threshold = 300 (default)
2019-09-26 10:41:32,964 [pool-97-thread-1] INFO  server.RaftServerConfigKeys (ConfUtils.java:logGet(43)) - raft.server.log.appender.install.snapshot.enabled = false (custom)
2019-09-26 10:41:32,964 [pool-97-thread-1] INFO  impl.RaftServerImpl (ServerState.java:<init>(103)) - 62befdb0-85de-4829-8f28-5e2590b30fcb@group-1FEA58C94C75: ConfigurationManager, init=-1: [62befdb0-85de-4829-8f28-5e2590b30fcb:192.168.30.13:38060], old=null, confs=<EMPTY_MAP>
2019-09-26 10:41:32,964 [pool-97-thread-1] INFO  server.RaftServerConfigKeys (ConfUtils.java:logGet(43)) - raft.server.storage.dir = [/workdir/hadoop-ozone/integration-test/target/test-dir/MiniOzoneClusterImpl-7728bda3-e39e-4fb4-adc7-89b1999467e6/datanode-2/data/ratis] (custom)
2019-09-26 10:41:32,965 [pool-97-thread-1] INFO  storage.RaftStorageDirectory (RaftStorageDirectory.java:analyzeStorage(246)) - The storage directory /workdir/hadoop-ozone/integration-test/target/test-dir/MiniOzoneClusterImpl-7728bda3-e39e-4fb4-adc7-89b1999467e6/datanode-2/data/ratis/e0e520a6-e3de-45b0-82aa-1fea58c94c75 does not exist. Creating ...
2019-09-26 10:41:32,977 [pool-97-thread-1] INFO  storage.RaftStorageDirectory (RaftStorageDirectory.java:tryLock(328)) - Lock on /workdir/hadoop-ozone/integration-test/target/test-dir/MiniOzoneClusterImpl-7728bda3-e39e-4fb4-adc7-89b1999467e6/datanode-2/data/ratis/e0e520a6-e3de-45b0-82aa-1fea58c94c75/in_use.lock acquired by nodename 10232@pr-hdds-1569-wvzgm-824869521
2019-09-26 10:41:32,991 [pool-97-thread-1] INFO  storage.RaftStorage (RaftStorage.java:format(72)) - Storage directory /workdir/hadoop-ozone/integration-test/target/test-dir/MiniOzoneClusterImpl-7728bda3-e39e-4fb4-adc7-89b1999467e6/datanode-2/data/ratis/e0e520a6-e3de-45b0-82aa-1fea58c94c75 has been successfully formatted.
2019-09-26 10:41:32,991 [pool-97-thread-1] INFO  ratis.ContainerStateMachine (ContainerStateMachine.java:loadSnapshot(230)) - group-1FEA58C94C75: The snapshot info is null. Setting the last applied indexto:(t:0, i:~)
2019-09-26 10:41:32,991 [pool-97-thread-1] INFO  server.RaftServerConfigKeys (ConfUtils.java:logGet(43)) - raft.server.notification.no-leader.timeout = 120s (custom)
2019-09-26 10:41:32,991 [pool-97-thread-1] INFO  server.RaftServerConfigKeys (ConfUtils.java:logGet(43)) - raft.server.log.use.memory = false (default)
2019-09-26 10:41:32,992 [pool-97-thread-1] INFO  server.RaftServerConfigKeys (ConfUtils.java:logGet(43)) - raft.server.log.purge.gap = 1000000 (custom)
2019-09-26 10:41:32,992 [pool-97-thread-1] INFO  server.RaftServerConfigKeys (ConfUtils.java:logGet(43)) - raft.server.log.appender.buffer.byte-limit = 33554432 (custom)
2019-09-26 10:41:32,992 [pool-97-thread-1] INFO  server.RaftServerConfigKeys (ConfUtils.java:logGet(43)) - raft.server.log.segment.size.max = 1048576 (custom)
2019-09-26 10:41:32,992 [pool-97-thread-1] INFO  server.RaftServerConfigKeys (ConfUtils.java:logGet(43)) - raft.server.log.segment.cache.num.max = 2 (custom)
2019-09-26 10:41:32,992 [pool-97-thread-1] INFO  segmented.SegmentedRaftLogWorker (SegmentedRaftLogWorker.java:<init>(172)) - new 62befdb0-85de-4829-8f28-5e2590b30fcb@group-1FEA58C94C75-SegmentedRaftLogWorker for RaftStorage:Storage Directory /workdir/hadoop-ozone/integration-test/target/test-dir/MiniOzoneClusterImpl-7728bda3-e39e-4fb4-adc7-89b1999467e6/datanode-2/data/ratis/e0e520a6-e3de-45b0-82aa-1fea58c94c75
2019-09-26 10:41:32,992 [pool-97-thread-1] INFO  server.RaftServerConfigKeys (ConfUtils.java:logGet(43)) - raft.server.log.queue.byte-limit = 2147483647 (custom)
2019-09-26 10:41:32,993 [pool-97-thread-1] INFO  server.RaftServerConfigKeys (ConfUtils.java:logGet(43)) - raft.server.log.queue.element-limit = 1024 (custom)
2019-09-26 10:41:32,993 [pool-97-thread-1] INFO  server.RaftServerConfigKeys (ConfUtils.java:logGet(43)) - raft.server.log.segment.size.max = 1048576 (custom)
2019-09-26 10:41:32,993 [pool-97-thread-1] INFO  server.RaftServerConfigKeys (ConfUtils.java:logGet(43)) - raft.server.log.preallocated.size = 16384 (custom)
2019-09-26 10:41:32,993 [pool-97-thread-1] INFO  server.RaftServerConfigKeys (ConfUtils.java:logGet(43)) - raft.server.log.write.buffer.size = 33554432 (custom)
2019-09-26 10:41:32,993 [pool-97-thread-1] INFO  server.RaftServerConfigKeys (ConfUtils.java:logGet(43)) - raft.server.log.force.sync.num = 128 (default)
2019-09-26 10:41:32,993 [pool-97-thread-1] INFO  server.RaftServerConfigKeys (ConfUtils.java:logGet(43)) - raft.server.log.statemachine.data.sync = true (default)
2019-09-26 10:41:32,994 [pool-97-thread-1] INFO  server.RaftServerConfigKeys (ConfUtils.java:logGet(43)) - raft.server.log.statemachine.data.sync.timeout = 10s (default)
2019-09-26 10:41:32,994 [pool-97-thread-1] INFO  server.RaftServerConfigKeys (ConfUtils.java:logGet(43)) - raft.server.log.statemachine.data.sync.timeout.retry = -1 (default)
2019-09-26 10:41:32,994 [pool-97-thread-1] INFO  server.RaftServerConfigKeys (ConfUtils.java:logGet(43)) - raft.server.log.statemachine.data.caching.enabled = true (custom)
2019-09-26 10:41:32,994 [pool-97-thread-1] INFO  segmented.SegmentedRaftLogWorker (SegmentedRaftLogWorker.java:lambda$new$0(132)) - 62befdb0-85de-4829-8f28-5e2590b30fcb@group-1FEA58C94C75-SegmentedRaftLogWorker: flushIndex: setUnconditionally 0 -> -1
2019-09-26 10:41:32,995 [pool-97-thread-1] INFO  server.RaftServerConfigKeys (ConfUtils.java:logGet(43)) - raft.server.snapshot.auto.trigger.enabled = true (custom)
2019-09-26 10:41:32,995 [pool-97-thread-1] INFO  server.RaftServerConfigKeys (ConfUtils.java:logGet(43)) - raft.server.snapshot.auto.trigger.threshold = 10000 (custom)
2019-09-26 10:41:32,995 [pool-97-thread-1] INFO  server.RaftServerConfigKeys (ConfUtils.java:logGet(43)) - raft.server.snapshot.retention.num.files = 5 (custom)
2019-09-26 10:41:32,995 [pool-97-thread-1] INFO  server.RaftServerConfigKeys (ConfUtils.java:logGet(43)) - raft.server.retrycache.expirytime = 600000ms (custom)
2019-09-26 10:41:32,998 [pool-97-thread-1] INFO  impl.RaftServerImpl (RaftServerImpl.java:start(185)) - 62befdb0-85de-4829-8f28-5e2590b30fcb@group-1FEA58C94C75: start as a follower, conf=-1: [62befdb0-85de-4829-8f28-5e2590b30fcb:192.168.30.13:38060], old=null
2019-09-26 10:41:32,998 [pool-97-thread-1] INFO  impl.RaftServerImpl (RaftServerImpl.java:setRole(174)) - 62befdb0-85de-4829-8f28-5e2590b30fcb@group-1FEA58C94C75: changes role from      null to FOLLOWER at term 0 for startAsFollower
2019-09-26 10:41:32,998 [pool-97-thread-1] INFO  impl.RoleInfo (RoleInfo.java:updateAndGet(143)) - 62befdb0-85de-4829-8f28-5e2590b30fcb: start FollowerState
2019-09-26 10:41:32,999 [pool-97-thread-1] INFO  util.JmxRegister (JmxRegister.java:tryRegister(44)) - Successfully registered JMX Bean with object name Ratis:service=RaftServer,group=group-1FEA58C94C75,id=62befdb0-85de-4829-8f28-5e2590b30fcb
2019-09-26 10:41:33,004 [RatisPipelineUtilsThread] INFO  pipeline.PipelineStateManager (PipelineStateManager.java:addPipeline(56)) - Created pipeline Pipeline[ Id: e0e520a6-e3de-45b0-82aa-1fea58c94c75, Nodes: 62befdb0-85de-4829-8f28-5e2590b30fcb{ip: 192.168.30.13, host: pr-hdds-1569-wvzgm-824869521, networkLocation: /default-rack, certSerialId: null}, Type:RATIS, Factor:ONE, State:OPEN]
2019-09-26 10:41:33,015 [grpc-default-executor-0] INFO  impl.RaftServerProxy (RaftServerProxy.java:addNew(89)) - 62befdb0-85de-4829-8f28-5e2590b30fcb: addNew group-B69050D6D012:[62befdb0-85de-4829-8f28-5e2590b30fcb:192.168.30.13:38060] returns group-B69050D6D012:java.util.concurrent.CompletableFuture@2b1ec3c9[Not completed]
2019-09-26 10:41:33,016 [pool-97-thread-1] INFO  impl.RaftServerImpl (RaftServerImpl.java:<init>(95)) - 62befdb0-85de-4829-8f28-5e2590b30fcb: new RaftServerImpl for group-B69050D6D012:[62befdb0-85de-4829-8f28-5e2590b30fcb:192.168.30.13:38060] with ContainerStateMachine:uninitialized
2019-09-26 10:41:33,016 [pool-97-thread-1] INFO  server.RaftServerConfigKeys (ConfUtils.java:logGet(43)) - raft.server.rpc.timeout.min = 5s (custom)
2019-09-26 10:41:33,016 [pool-97-thread-1] INFO  server.RaftServerConfigKeys (ConfUtils.java:logGet(43)) - raft.server.rpc.timeout.max = 5200ms (custom)
2019-09-26 10:41:33,016 [pool-97-thread-1] INFO  server.RaftServerConfigKeys (ConfUtils.java:logGet(43)) - raft.server.rpcslowness.timeout = 120s (custom)
2019-09-26 10:41:33,016 [pool-97-thread-1] INFO  server.RaftServerConfigKeys (ConfUtils.java:logGet(43)) - raft.server.sleep.deviation.threshold = 300 (default)
2019-09-26 10:41:33,016 [pool-97-thread-1] INFO  server.RaftServerConfigKeys (ConfUtils.java:logGet(43)) - raft.server.log.appender.install.snapshot.enabled = false (custom)
2019-09-26 10:41:33,017 [pool-97-thread-1] INFO  impl.RaftServerImpl (ServerState.java:<init>(103)) - 62befdb0-85de-4829-8f28-5e2590b30fcb@group-B69050D6D012: ConfigurationManager, init=-1: [62befdb0-85de-4829-8f28-5e2590b30fcb:192.168.30.13:38060], old=null, confs=<EMPTY_MAP>
2019-09-26 10:41:33,017 [pool-97-thread-1] INFO  server.RaftServerConfigKeys (ConfUtils.java:logGet(43)) - raft.server.storage.dir = [/workdir/hadoop-ozone/integration-test/target/test-dir/MiniOzoneClusterImpl-7728bda3-e39e-4fb4-adc7-89b1999467e6/datanode-2/data/ratis] (custom)
2019-09-26 10:41:33,017 [pool-97-thread-1] INFO  storage.RaftStorageDirectory (RaftStorageDirectory.java:analyzeStorage(246)) - The storage directory /workdir/hadoop-ozone/integration-test/target/test-dir/MiniOzoneClusterImpl-7728bda3-e39e-4fb4-adc7-89b1999467e6/datanode-2/data/ratis/9f9335fa-19d6-4d81-8f51-b69050d6d012 does not exist. Creating ...
2019-09-26 10:41:33,029 [pool-97-thread-1] INFO  storage.RaftStorageDirectory (RaftStorageDirectory.java:tryLock(328)) - Lock on /workdir/hadoop-ozone/integration-test/target/test-dir/MiniOzoneClusterImpl-7728bda3-e39e-4fb4-adc7-89b1999467e6/datanode-2/data/ratis/9f9335fa-19d6-4d81-8f51-b69050d6d012/in_use.lock acquired by nodename 10232@pr-hdds-1569-wvzgm-824869521
2019-09-26 10:41:33,042 [pool-97-thread-1] INFO  storage.RaftStorage (RaftStorage.java:format(72)) - Storage directory /workdir/hadoop-ozone/integration-test/target/test-dir/MiniOzoneClusterImpl-7728bda3-e39e-4fb4-adc7-89b1999467e6/datanode-2/data/ratis/9f9335fa-19d6-4d81-8f51-b69050d6d012 has been successfully formatted.
2019-09-26 10:41:33,043 [pool-97-thread-1] INFO  ratis.ContainerStateMachine (ContainerStateMachine.java:loadSnapshot(230)) - group-B69050D6D012: The snapshot info is null. Setting the last applied indexto:(t:0, i:~)
2019-09-26 10:41:33,043 [pool-97-thread-1] INFO  server.RaftServerConfigKeys (ConfUtils.java:logGet(43)) - raft.server.notification.no-leader.timeout = 120s (custom)
2019-09-26 10:41:33,043 [pool-97-thread-1] INFO  server.RaftServerConfigKeys (ConfUtils.java:logGet(43)) - raft.server.log.use.memory = false (default)
2019-09-26 10:41:33,043 [pool-97-thread-1] INFO  server.RaftServerConfigKeys (ConfUtils.java:logGet(43)) - raft.server.log.purge.gap = 1000000 (custom)
2019-09-26 10:41:33,043 [pool-97-thread-1] INFO  server.RaftServerConfigKeys (ConfUtils.java:logGet(43)) - raft.server.log.appender.buffer.byte-limit = 33554432 (custom)
2019-09-26 10:41:33,044 [pool-97-thread-1] INFO  server.RaftServerConfigKeys (ConfUtils.java:logGet(43)) - raft.server.log.segment.size.max = 1048576 (custom)
2019-09-26 10:41:33,044 [pool-97-thread-1] INFO  server.RaftServerConfigKeys (ConfUtils.java:logGet(43)) - raft.server.log.segment.cache.num.max = 2 (custom)
2019-09-26 10:41:33,044 [pool-97-thread-1] INFO  segmented.SegmentedRaftLogWorker (SegmentedRaftLogWorker.java:<init>(172)) - new 62befdb0-85de-4829-8f28-5e2590b30fcb@group-B69050D6D012-SegmentedRaftLogWorker for RaftStorage:Storage Directory /workdir/hadoop-ozone/integration-test/target/test-dir/MiniOzoneClusterImpl-7728bda3-e39e-4fb4-adc7-89b1999467e6/datanode-2/data/ratis/9f9335fa-19d6-4d81-8f51-b69050d6d012
2019-09-26 10:41:33,044 [pool-97-thread-1] INFO  server.RaftServerConfigKeys (ConfUtils.java:logGet(43)) - raft.server.log.queue.byte-limit = 2147483647 (custom)
2019-09-26 10:41:33,044 [pool-97-thread-1] INFO  server.RaftServerConfigKeys (ConfUtils.java:logGet(43)) - raft.server.log.queue.element-limit = 1024 (custom)
2019-09-26 10:41:33,044 [pool-97-thread-1] INFO  server.RaftServerConfigKeys (ConfUtils.java:logGet(43)) - raft.server.log.segment.size.max = 1048576 (custom)
2019-09-26 10:41:33,044 [pool-97-thread-1] INFO  server.RaftServerConfigKeys (ConfUtils.java:logGet(43)) - raft.server.log.preallocated.size = 16384 (custom)
2019-09-26 10:41:33,045 [pool-97-thread-1] INFO  server.RaftServerConfigKeys (ConfUtils.java:logGet(43)) - raft.server.log.write.buffer.size = 33554432 (custom)
2019-09-26 10:41:33,045 [pool-97-thread-1] INFO  server.RaftServerConfigKeys (ConfUtils.java:logGet(43)) - raft.server.log.force.sync.num = 128 (default)
2019-09-26 10:41:33,045 [pool-97-thread-1] INFO  server.RaftServerConfigKeys (ConfUtils.java:logGet(43)) - raft.server.log.statemachine.data.sync = true (default)
2019-09-26 10:41:33,045 [pool-97-thread-1] INFO  server.RaftServerConfigKeys (ConfUtils.java:logGet(43)) - raft.server.log.statemachine.data.sync.timeout = 10s (default)
2019-09-26 10:41:33,045 [pool-97-thread-1] INFO  server.RaftServerConfigKeys (ConfUtils.java:logGet(43)) - raft.server.log.statemachine.data.sync.timeout.retry = -1 (default)
2019-09-26 10:41:33,046 [pool-97-thread-1] INFO  server.RaftServerConfigKeys (ConfUtils.java:logGet(43)) - raft.server.log.statemachine.data.caching.enabled = true (custom)
2019-09-26 10:41:33,046 [pool-97-thread-1] INFO  segmented.SegmentedRaftLogWorker (SegmentedRaftLogWorker.java:lambda$new$0(132)) - 62befdb0-85de-4829-8f28-5e2590b30fcb@group-B69050D6D012-SegmentedRaftLogWorker: flushIndex: setUnconditionally 0 -> -1
2019-09-26 10:41:33,046 [pool-97-thread-1] INFO  server.RaftServerConfigKeys (ConfUtils.java:logGet(43)) - raft.server.snapshot.auto.trigger.enabled = true (custom)
2019-09-26 10:41:33,046 [pool-97-thread-1] INFO  server.RaftServerConfigKeys (ConfUtils.java:logGet(43)) - raft.server.snapshot.auto.trigger.threshold = 10000 (custom)
2019-09-26 10:41:33,047 [pool-97-thread-1] INFO  server.RaftServerConfigKeys (ConfUtils.java:logGet(43)) - raft.server.snapshot.retention.num.files = 5 (custom)
2019-09-26 10:41:33,047 [pool-97-thread-1] INFO  server.RaftServerConfigKeys (ConfUtils.java:logGet(43)) - raft.server.retrycache.expirytime = 600000ms (custom)
2019-09-26 10:41:33,049 [pool-97-thread-1] INFO  impl.RaftServerImpl (RaftServerImpl.java:start(185)) - 62befdb0-85de-4829-8f28-5e2590b30fcb@group-B69050D6D012: start as a follower, conf=-1: [62befdb0-85de-4829-8f28-5e2590b30fcb:192.168.30.13:38060], old=null
2019-09-26 10:41:33,049 [pool-97-thread-1] INFO  impl.RaftServerImpl (RaftServerImpl.java:setRole(174)) - 62befdb0-85de-4829-8f28-5e2590b30fcb@group-B69050D6D012: changes role from      null to FOLLOWER at term 0 for startAsFollower
2019-09-26 10:41:33,049 [pool-97-thread-1] INFO  impl.RoleInfo (RoleInfo.java:updateAndGet(143)) - 62befdb0-85de-4829-8f28-5e2590b30fcb: start FollowerState
2019-09-26 10:41:33,050 [pool-97-thread-1] INFO  util.JmxRegister (JmxRegister.java:tryRegister(44)) - Successfully registered JMX Bean with object name Ratis:service=RaftServer,group=group-B69050D6D012,id=62befdb0-85de-4829-8f28-5e2590b30fcb
2019-09-26 10:41:33,055 [RatisPipelineUtilsThread] INFO  pipeline.PipelineStateManager (PipelineStateManager.java:addPipeline(56)) - Created pipeline Pipeline[ Id: 9f9335fa-19d6-4d81-8f51-b69050d6d012, Nodes: 62befdb0-85de-4829-8f28-5e2590b30fcb{ip: 192.168.30.13, host: pr-hdds-1569-wvzgm-824869521, networkLocation: /default-rack, certSerialId: null}, Type:RATIS, Factor:ONE, State:OPEN]
2019-09-26 10:41:33,065 [grpc-default-executor-0] INFO  impl.RaftServerProxy (RaftServerProxy.java:addNew(89)) - c1893a92-03dd-4a23-a9af-4ff43bf2d333: addNew group-F2FD9B877352:[c1893a92-03dd-4a23-a9af-4ff43bf2d333:192.168.30.13:36902] returns group-F2FD9B877352:java.util.concurrent.CompletableFuture@8266463[Not completed]
2019-09-26 10:41:33,067 [pool-77-thread-1] INFO  impl.RaftServerImpl (RaftServerImpl.java:<init>(95)) - c1893a92-03dd-4a23-a9af-4ff43bf2d333: new RaftServerImpl for group-F2FD9B877352:[c1893a92-03dd-4a23-a9af-4ff43bf2d333:192.168.30.13:36902] with ContainerStateMachine:uninitialized
2019-09-26 10:41:33,067 [pool-77-thread-1] INFO  server.RaftServerConfigKeys (ConfUtils.java:logGet(43)) - raft.server.rpc.timeout.min = 5s (custom)
2019-09-26 10:41:33,067 [pool-77-thread-1] INFO  server.RaftServerConfigKeys (ConfUtils.java:logGet(43)) - raft.server.rpc.timeout.max = 5200ms (custom)
2019-09-26 10:41:33,067 [pool-77-thread-1] INFO  server.RaftServerConfigKeys (ConfUtils.java:logGet(43)) - raft.server.rpcslowness.timeout = 120s (custom)
2019-09-26 10:41:33,068 [pool-77-thread-1] INFO  server.RaftServerConfigKeys (ConfUtils.java:logGet(43)) - raft.server.sleep.deviation.threshold = 300 (default)
2019-09-26 10:41:33,068 [pool-77-thread-1] INFO  server.RaftServerConfigKeys (ConfUtils.java:logGet(43)) - raft.server.log.appender.install.snapshot.enabled = false (custom)
2019-09-26 10:41:33,068 [pool-77-thread-1] INFO  impl.RaftServerImpl (ServerState.java:<init>(103)) - c1893a92-03dd-4a23-a9af-4ff43bf2d333@group-F2FD9B877352: ConfigurationManager, init=-1: [c1893a92-03dd-4a23-a9af-4ff43bf2d333:192.168.30.13:36902], old=null, confs=<EMPTY_MAP>
2019-09-26 10:41:33,068 [pool-77-thread-1] INFO  server.RaftServerConfigKeys (ConfUtils.java:logGet(43)) - raft.server.storage.dir = [/workdir/hadoop-ozone/integration-test/target/test-dir/MiniOzoneClusterImpl-7728bda3-e39e-4fb4-adc7-89b1999467e6/datanode-0/data/ratis] (custom)
2019-09-26 10:41:33,068 [pool-77-thread-1] INFO  storage.RaftStorageDirectory (RaftStorageDirectory.java:analyzeStorage(246)) - The storage directory /workdir/hadoop-ozone/integration-test/target/test-dir/MiniOzoneClusterImpl-7728bda3-e39e-4fb4-adc7-89b1999467e6/datanode-0/data/ratis/7f935db7-15e1-45b7-9bd3-f2fd9b877352 does not exist. Creating ...
2019-09-26 10:41:33,081 [pool-77-thread-1] INFO  storage.RaftStorageDirectory (RaftStorageDirectory.java:tryLock(328)) - Lock on /workdir/hadoop-ozone/integration-test/target/test-dir/MiniOzoneClusterImpl-7728bda3-e39e-4fb4-adc7-89b1999467e6/datanode-0/data/ratis/7f935db7-15e1-45b7-9bd3-f2fd9b877352/in_use.lock acquired by nodename 10232@pr-hdds-1569-wvzgm-824869521
2019-09-26 10:41:33,094 [pool-77-thread-1] INFO  storage.RaftStorage (RaftStorage.java:format(72)) - Storage directory /workdir/hadoop-ozone/integration-test/target/test-dir/MiniOzoneClusterImpl-7728bda3-e39e-4fb4-adc7-89b1999467e6/datanode-0/data/ratis/7f935db7-15e1-45b7-9bd3-f2fd9b877352 has been successfully formatted.
2019-09-26 10:41:33,095 [pool-77-thread-1] INFO  ratis.ContainerStateMachine (ContainerStateMachine.java:loadSnapshot(230)) - group-F2FD9B877352: The snapshot info is null. Setting the last applied indexto:(t:0, i:~)
2019-09-26 10:41:33,095 [pool-77-thread-1] INFO  server.RaftServerConfigKeys (ConfUtils.java:logGet(43)) - raft.server.notification.no-leader.timeout = 120s (custom)
2019-09-26 10:41:33,095 [pool-77-thread-1] INFO  server.RaftServerConfigKeys (ConfUtils.java:logGet(43)) - raft.server.log.use.memory = false (default)
2019-09-26 10:41:33,095 [pool-77-thread-1] INFO  server.RaftServerConfigKeys (ConfUtils.java:logGet(43)) - raft.server.log.purge.gap = 1000000 (custom)
2019-09-26 10:41:33,095 [pool-77-thread-1] INFO  server.RaftServerConfigKeys (ConfUtils.java:logGet(43)) - raft.server.log.appender.buffer.byte-limit = 33554432 (custom)
2019-09-26 10:41:33,095 [pool-77-thread-1] INFO  server.RaftServerConfigKeys (ConfUtils.java:logGet(43)) - raft.server.log.segment.size.max = 1048576 (custom)
2019-09-26 10:41:33,096 [pool-77-thread-1] INFO  server.RaftServerConfigKeys (ConfUtils.java:logGet(43)) - raft.server.log.segment.cache.num.max = 2 (custom)
2019-09-26 10:41:33,096 [pool-77-thread-1] INFO  segmented.SegmentedRaftLogWorker (SegmentedRaftLogWorker.java:<init>(172)) - new c1893a92-03dd-4a23-a9af-4ff43bf2d333@group-F2FD9B877352-SegmentedRaftLogWorker for RaftStorage:Storage Directory /workdir/hadoop-ozone/integration-test/target/test-dir/MiniOzoneClusterImpl-7728bda3-e39e-4fb4-adc7-89b1999467e6/datanode-0/data/ratis/7f935db7-15e1-45b7-9bd3-f2fd9b877352
2019-09-26 10:41:33,096 [pool-77-thread-1] INFO  server.RaftServerConfigKeys (ConfUtils.java:logGet(43)) - raft.server.log.queue.byte-limit = 2147483647 (custom)
2019-09-26 10:41:33,096 [pool-77-thread-1] INFO  server.RaftServerConfigKeys (ConfUtils.java:logGet(43)) - raft.server.log.queue.element-limit = 1024 (custom)
2019-09-26 10:41:33,096 [pool-77-thread-1] INFO  server.RaftServerConfigKeys (ConfUtils.java:logGet(43)) - raft.server.log.segment.size.max = 1048576 (custom)
2019-09-26 10:41:33,096 [pool-77-thread-1] INFO  server.RaftServerConfigKeys (ConfUtils.java:logGet(43)) - raft.server.log.preallocated.size = 16384 (custom)
2019-09-26 10:41:33,097 [pool-77-thread-1] INFO  server.RaftServerConfigKeys (ConfUtils.java:logGet(43)) - raft.server.log.write.buffer.size = 33554432 (custom)
2019-09-26 10:41:33,097 [pool-77-thread-1] INFO  server.RaftServerConfigKeys (ConfUtils.java:logGet(43)) - raft.server.log.force.sync.num = 128 (default)
2019-09-26 10:41:33,097 [pool-77-thread-1] INFO  server.RaftServerConfigKeys (ConfUtils.java:logGet(43)) - raft.server.log.statemachine.data.sync = true (default)
2019-09-26 10:41:33,097 [pool-77-thread-1] INFO  server.RaftServerConfigKeys (ConfUtils.java:logGet(43)) - raft.server.log.statemachine.data.sync.timeout = 10s (default)
2019-09-26 10:41:33,097 [pool-77-thread-1] INFO  server.RaftServerConfigKeys (ConfUtils.java:logGet(43)) - raft.server.log.statemachine.data.sync.timeout.retry = -1 (default)
2019-09-26 10:41:33,098 [pool-77-thread-1] INFO  server.RaftServerConfigKeys (ConfUtils.java:logGet(43)) - raft.server.log.statemachine.data.caching.enabled = true (custom)
2019-09-26 10:41:33,098 [pool-77-thread-1] INFO  segmented.SegmentedRaftLogWorker (SegmentedRaftLogWorker.java:lambda$new$0(132)) - c1893a92-03dd-4a23-a9af-4ff43bf2d333@group-F2FD9B877352-SegmentedRaftLogWorker: flushIndex: setUnconditionally 0 -> -1
2019-09-26 10:41:33,098 [pool-77-thread-1] INFO  server.RaftServerConfigKeys (ConfUtils.java:logGet(43)) - raft.server.snapshot.auto.trigger.enabled = true (custom)
2019-09-26 10:41:33,098 [pool-77-thread-1] INFO  server.RaftServerConfigKeys (ConfUtils.java:logGet(43)) - raft.server.snapshot.auto.trigger.threshold = 10000 (custom)
2019-09-26 10:41:33,099 [pool-77-thread-1] INFO  server.RaftServerConfigKeys (ConfUtils.java:logGet(43)) - raft.server.snapshot.retention.num.files = 5 (custom)
2019-09-26 10:41:33,099 [pool-77-thread-1] INFO  server.RaftServerConfigKeys (ConfUtils.java:logGet(43)) - raft.server.retrycache.expirytime = 600000ms (custom)
2019-09-26 10:41:33,101 [pool-77-thread-1] INFO  impl.RaftServerImpl (RaftServerImpl.java:start(185)) - c1893a92-03dd-4a23-a9af-4ff43bf2d333@group-F2FD9B877352: start as a follower, conf=-1: [c1893a92-03dd-4a23-a9af-4ff43bf2d333:192.168.30.13:36902], old=null
2019-09-26 10:41:33,101 [pool-77-thread-1] INFO  impl.RaftServerImpl (RaftServerImpl.java:setRole(174)) - c1893a92-03dd-4a23-a9af-4ff43bf2d333@group-F2FD9B877352: changes role from      null to FOLLOWER at term 0 for startAsFollower
2019-09-26 10:41:33,102 [pool-77-thread-1] INFO  impl.RoleInfo (RoleInfo.java:updateAndGet(143)) - c1893a92-03dd-4a23-a9af-4ff43bf2d333: start FollowerState
2019-09-26 10:41:33,102 [pool-77-thread-1] INFO  util.JmxRegister (JmxRegister.java:tryRegister(44)) - Successfully registered JMX Bean with object name Ratis:service=RaftServer,group=group-F2FD9B877352,id=c1893a92-03dd-4a23-a9af-4ff43bf2d333
2019-09-26 10:41:33,107 [RatisPipelineUtilsThread] INFO  pipeline.PipelineStateManager (PipelineStateManager.java:addPipeline(56)) - Created pipeline Pipeline[ Id: 7f935db7-15e1-45b7-9bd3-f2fd9b877352, Nodes: c1893a92-03dd-4a23-a9af-4ff43bf2d333{ip: 192.168.30.13, host: pr-hdds-1569-wvzgm-824869521, networkLocation: /default-rack, certSerialId: null}, Type:RATIS, Factor:ONE, State:OPEN]
2019-09-26 10:41:33,118 [grpc-default-executor-0] INFO  impl.RaftServerProxy (RaftServerProxy.java:addNew(89)) - c1893a92-03dd-4a23-a9af-4ff43bf2d333: addNew group-32C96B07FB8A:[c1893a92-03dd-4a23-a9af-4ff43bf2d333:192.168.30.13:36902] returns group-32C96B07FB8A:java.util.concurrent.CompletableFuture@6f80719e[Not completed]
2019-09-26 10:41:33,119 [pool-77-thread-1] INFO  impl.RaftServerImpl (RaftServerImpl.java:<init>(95)) - c1893a92-03dd-4a23-a9af-4ff43bf2d333: new RaftServerImpl for group-32C96B07FB8A:[c1893a92-03dd-4a23-a9af-4ff43bf2d333:192.168.30.13:36902] with ContainerStateMachine:uninitialized
2019-09-26 10:41:33,119 [pool-77-thread-1] INFO  server.RaftServerConfigKeys (ConfUtils.java:logGet(43)) - raft.server.rpc.timeout.min = 5s (custom)
2019-09-26 10:41:33,119 [pool-77-thread-1] INFO  server.RaftServerConfigKeys (ConfUtils.java:logGet(43)) - raft.server.rpc.timeout.max = 5200ms (custom)
2019-09-26 10:41:33,120 [pool-77-thread-1] INFO  server.RaftServerConfigKeys (ConfUtils.java:logGet(43)) - raft.server.rpcslowness.timeout = 120s (custom)
2019-09-26 10:41:33,120 [pool-77-thread-1] INFO  server.RaftServerConfigKeys (ConfUtils.java:logGet(43)) - raft.server.sleep.deviation.threshold = 300 (default)
2019-09-26 10:41:33,120 [pool-77-thread-1] INFO  server.RaftServerConfigKeys (ConfUtils.java:logGet(43)) - raft.server.log.appender.install.snapshot.enabled = false (custom)
2019-09-26 10:41:33,120 [pool-77-thread-1] INFO  impl.RaftServerImpl (ServerState.java:<init>(103)) - c1893a92-03dd-4a23-a9af-4ff43bf2d333@group-32C96B07FB8A: ConfigurationManager, init=-1: [c1893a92-03dd-4a23-a9af-4ff43bf2d333:192.168.30.13:36902], old=null, confs=<EMPTY_MAP>
2019-09-26 10:41:33,120 [pool-77-thread-1] INFO  server.RaftServerConfigKeys (ConfUtils.java:logGet(43)) - raft.server.storage.dir = [/workdir/hadoop-ozone/integration-test/target/test-dir/MiniOzoneClusterImpl-7728bda3-e39e-4fb4-adc7-89b1999467e6/datanode-0/data/ratis] (custom)
2019-09-26 10:41:33,121 [pool-77-thread-1] INFO  storage.RaftStorageDirectory (RaftStorageDirectory.java:analyzeStorage(246)) - The storage directory /workdir/hadoop-ozone/integration-test/target/test-dir/MiniOzoneClusterImpl-7728bda3-e39e-4fb4-adc7-89b1999467e6/datanode-0/data/ratis/e3128d09-2aba-4425-88fa-32c96b07fb8a does not exist. Creating ...
2019-09-26 10:41:33,133 [pool-77-thread-1] INFO  storage.RaftStorageDirectory (RaftStorageDirectory.java:tryLock(328)) - Lock on /workdir/hadoop-ozone/integration-test/target/test-dir/MiniOzoneClusterImpl-7728bda3-e39e-4fb4-adc7-89b1999467e6/datanode-0/data/ratis/e3128d09-2aba-4425-88fa-32c96b07fb8a/in_use.lock acquired by nodename 10232@pr-hdds-1569-wvzgm-824869521
2019-09-26 10:41:33,158 [pool-77-thread-1] INFO  storage.RaftStorage (RaftStorage.java:format(72)) - Storage directory /workdir/hadoop-ozone/integration-test/target/test-dir/MiniOzoneClusterImpl-7728bda3-e39e-4fb4-adc7-89b1999467e6/datanode-0/data/ratis/e3128d09-2aba-4425-88fa-32c96b07fb8a has been successfully formatted.
2019-09-26 10:41:33,159 [pool-77-thread-1] INFO  ratis.ContainerStateMachine (ContainerStateMachine.java:loadSnapshot(230)) - group-32C96B07FB8A: The snapshot info is null. Setting the last applied indexto:(t:0, i:~)
2019-09-26 10:41:33,159 [pool-77-thread-1] INFO  server.RaftServerConfigKeys (ConfUtils.java:logGet(43)) - raft.server.notification.no-leader.timeout = 120s (custom)
2019-09-26 10:41:33,159 [pool-77-thread-1] INFO  server.RaftServerConfigKeys (ConfUtils.java:logGet(43)) - raft.server.log.use.memory = false (default)
2019-09-26 10:41:33,159 [pool-77-thread-1] INFO  server.RaftServerConfigKeys (ConfUtils.java:logGet(43)) - raft.server.log.purge.gap = 1000000 (custom)
2019-09-26 10:41:33,159 [pool-77-thread-1] INFO  server.RaftServerConfigKeys (ConfUtils.java:logGet(43)) - raft.server.log.appender.buffer.byte-limit = 33554432 (custom)
2019-09-26 10:41:33,160 [pool-77-thread-1] INFO  server.RaftServerConfigKeys (ConfUtils.java:logGet(43)) - raft.server.log.segment.size.max = 1048576 (custom)
2019-09-26 10:41:33,160 [pool-77-thread-1] INFO  server.RaftServerConfigKeys (ConfUtils.java:logGet(43)) - raft.server.log.segment.cache.num.max = 2 (custom)
2019-09-26 10:41:33,160 [pool-77-thread-1] INFO  segmented.SegmentedRaftLogWorker (SegmentedRaftLogWorker.java:<init>(172)) - new c1893a92-03dd-4a23-a9af-4ff43bf2d333@group-32C96B07FB8A-SegmentedRaftLogWorker for RaftStorage:Storage Directory /workdir/hadoop-ozone/integration-test/target/test-dir/MiniOzoneClusterImpl-7728bda3-e39e-4fb4-adc7-89b1999467e6/datanode-0/data/ratis/e3128d09-2aba-4425-88fa-32c96b07fb8a
2019-09-26 10:41:33,160 [pool-77-thread-1] INFO  server.RaftServerConfigKeys (ConfUtils.java:logGet(43)) - raft.server.log.queue.byte-limit = 2147483647 (custom)
2019-09-26 10:41:33,160 [pool-77-thread-1] INFO  server.RaftServerConfigKeys (ConfUtils.java:logGet(43)) - raft.server.log.queue.element-limit = 1024 (custom)
2019-09-26 10:41:33,161 [pool-77-thread-1] INFO  server.RaftServerConfigKeys (ConfUtils.java:logGet(43)) - raft.server.log.segment.size.max = 1048576 (custom)
2019-09-26 10:41:33,161 [pool-77-thread-1] INFO  server.RaftServerConfigKeys (ConfUtils.java:logGet(43)) - raft.server.log.preallocated.size = 16384 (custom)
2019-09-26 10:41:33,161 [pool-77-thread-1] INFO  server.RaftServerConfigKeys (ConfUtils.java:logGet(43)) - raft.server.log.write.buffer.size = 33554432 (custom)
2019-09-26 10:41:33,161 [pool-77-thread-1] INFO  server.RaftServerConfigKeys (ConfUtils.java:logGet(43)) - raft.server.log.force.sync.num = 128 (default)
2019-09-26 10:41:33,161 [pool-77-thread-1] INFO  server.RaftServerConfigKeys (ConfUtils.java:logGet(43)) - raft.server.log.statemachine.data.sync = true (default)
2019-09-26 10:41:33,161 [pool-77-thread-1] INFO  server.RaftServerConfigKeys (ConfUtils.java:logGet(43)) - raft.server.log.statemachine.data.sync.timeout = 10s (default)
2019-09-26 10:41:33,162 [pool-77-thread-1] INFO  server.RaftServerConfigKeys (ConfUtils.java:logGet(43)) - raft.server.log.statemachine.data.sync.timeout.retry = -1 (default)
2019-09-26 10:41:33,162 [pool-77-thread-1] INFO  server.RaftServerConfigKeys (ConfUtils.java:logGet(43)) - raft.server.log.statemachine.data.caching.enabled = true (custom)
2019-09-26 10:41:33,162 [pool-77-thread-1] INFO  segmented.SegmentedRaftLogWorker (SegmentedRaftLogWorker.java:lambda$new$0(132)) - c1893a92-03dd-4a23-a9af-4ff43bf2d333@group-32C96B07FB8A-SegmentedRaftLogWorker: flushIndex: setUnconditionally 0 -> -1
2019-09-26 10:41:33,163 [pool-77-thread-1] INFO  server.RaftServerConfigKeys (ConfUtils.java:logGet(43)) - raft.server.snapshot.auto.trigger.enabled = true (custom)
2019-09-26 10:41:33,163 [pool-77-thread-1] INFO  server.RaftServerConfigKeys (ConfUtils.java:logGet(43)) - raft.server.snapshot.auto.trigger.threshold = 10000 (custom)
2019-09-26 10:41:33,163 [pool-77-thread-1] INFO  server.RaftServerConfigKeys (ConfUtils.java:logGet(43)) - raft.server.snapshot.retention.num.files = 5 (custom)
2019-09-26 10:41:33,163 [pool-77-thread-1] INFO  server.RaftServerConfigKeys (ConfUtils.java:logGet(43)) - raft.server.retrycache.expirytime = 600000ms (custom)
2019-09-26 10:41:33,166 [pool-77-thread-1] INFO  impl.RaftServerImpl (RaftServerImpl.java:start(185)) - c1893a92-03dd-4a23-a9af-4ff43bf2d333@group-32C96B07FB8A: start as a follower, conf=-1: [c1893a92-03dd-4a23-a9af-4ff43bf2d333:192.168.30.13:36902], old=null
2019-09-26 10:41:33,166 [pool-77-thread-1] INFO  impl.RaftServerImpl (RaftServerImpl.java:setRole(174)) - c1893a92-03dd-4a23-a9af-4ff43bf2d333@group-32C96B07FB8A: changes role from      null to FOLLOWER at term 0 for startAsFollower
2019-09-26 10:41:33,166 [pool-77-thread-1] INFO  impl.RoleInfo (RoleInfo.java:updateAndGet(143)) - c1893a92-03dd-4a23-a9af-4ff43bf2d333: start FollowerState
2019-09-26 10:41:33,167 [pool-77-thread-1] INFO  util.JmxRegister (JmxRegister.java:tryRegister(44)) - Successfully registered JMX Bean with object name Ratis:service=RaftServer,group=group-32C96B07FB8A,id=c1893a92-03dd-4a23-a9af-4ff43bf2d333
2019-09-26 10:41:33,172 [RatisPipelineUtilsThread] INFO  pipeline.PipelineStateManager (PipelineStateManager.java:addPipeline(56)) - Created pipeline Pipeline[ Id: e3128d09-2aba-4425-88fa-32c96b07fb8a, Nodes: c1893a92-03dd-4a23-a9af-4ff43bf2d333{ip: 192.168.30.13, host: pr-hdds-1569-wvzgm-824869521, networkLocation: /default-rack, certSerialId: null}, Type:RATIS, Factor:ONE, State:OPEN]
2019-09-26 10:41:33,172 [RatisPipelineUtilsThread] INFO  pipeline.PipelinePlacementPolicy (PipelinePlacementPolicy.java:meetCriteria(91)) - Pipeline Placement: can't place more pipeline on heavy datanode： c1893a92-03dd-4a23-a9af-4ff43bf2d333 Heaviness: 6 limit: 5
2019-09-26 10:41:33,182 [grpc-default-executor-0] INFO  impl.RaftServerProxy (RaftServerProxy.java:addNew(89)) - c36b05fb-5243-46b0-a052-9c1a582fd56b: addNew group-C8F1D92134F9:[c36b05fb-5243-46b0-a052-9c1a582fd56b:192.168.30.13:33148] returns group-C8F1D92134F9:java.util.concurrent.CompletableFuture@61faf8f6[Not completed]
2019-09-26 10:41:33,183 [pool-87-thread-1] INFO  impl.RaftServerImpl (RaftServerImpl.java:<init>(95)) - c36b05fb-5243-46b0-a052-9c1a582fd56b: new RaftServerImpl for group-C8F1D92134F9:[c36b05fb-5243-46b0-a052-9c1a582fd56b:192.168.30.13:33148] with ContainerStateMachine:uninitialized
2019-09-26 10:41:33,184 [pool-87-thread-1] INFO  server.RaftServerConfigKeys (ConfUtils.java:logGet(43)) - raft.server.rpc.timeout.min = 5s (custom)
2019-09-26 10:41:33,184 [pool-87-thread-1] INFO  server.RaftServerConfigKeys (ConfUtils.java:logGet(43)) - raft.server.rpc.timeout.max = 5200ms (custom)
2019-09-26 10:41:33,184 [pool-87-thread-1] INFO  server.RaftServerConfigKeys (ConfUtils.java:logGet(43)) - raft.server.rpcslowness.timeout = 120s (custom)
2019-09-26 10:41:33,184 [pool-87-thread-1] INFO  server.RaftServerConfigKeys (ConfUtils.java:logGet(43)) - raft.server.sleep.deviation.threshold = 300 (default)
2019-09-26 10:41:33,184 [pool-87-thread-1] INFO  server.RaftServerConfigKeys (ConfUtils.java:logGet(43)) - raft.server.log.appender.install.snapshot.enabled = false (custom)
2019-09-26 10:41:33,185 [pool-87-thread-1] INFO  impl.RaftServerImpl (ServerState.java:<init>(103)) - c36b05fb-5243-46b0-a052-9c1a582fd56b@group-C8F1D92134F9: ConfigurationManager, init=-1: [c36b05fb-5243-46b0-a052-9c1a582fd56b:192.168.30.13:33148], old=null, confs=<EMPTY_MAP>
2019-09-26 10:41:33,185 [pool-87-thread-1] INFO  server.RaftServerConfigKeys (ConfUtils.java:logGet(43)) - raft.server.storage.dir = [/workdir/hadoop-ozone/integration-test/target/test-dir/MiniOzoneClusterImpl-7728bda3-e39e-4fb4-adc7-89b1999467e6/datanode-1/data/ratis] (custom)
2019-09-26 10:41:33,185 [pool-87-thread-1] INFO  storage.RaftStorageDirectory (RaftStorageDirectory.java:analyzeStorage(246)) - The storage directory /workdir/hadoop-ozone/integration-test/target/test-dir/MiniOzoneClusterImpl-7728bda3-e39e-4fb4-adc7-89b1999467e6/datanode-1/data/ratis/456c8555-14b5-4808-92d3-c8f1d92134f9 does not exist. Creating ...
2019-09-26 10:41:33,199 [pool-87-thread-1] INFO  storage.RaftStorageDirectory (RaftStorageDirectory.java:tryLock(328)) - Lock on /workdir/hadoop-ozone/integration-test/target/test-dir/MiniOzoneClusterImpl-7728bda3-e39e-4fb4-adc7-89b1999467e6/datanode-1/data/ratis/456c8555-14b5-4808-92d3-c8f1d92134f9/in_use.lock acquired by nodename 10232@pr-hdds-1569-wvzgm-824869521
2019-09-26 10:41:33,212 [pool-87-thread-1] INFO  storage.RaftStorage (RaftStorage.java:format(72)) - Storage directory /workdir/hadoop-ozone/integration-test/target/test-dir/MiniOzoneClusterImpl-7728bda3-e39e-4fb4-adc7-89b1999467e6/datanode-1/data/ratis/456c8555-14b5-4808-92d3-c8f1d92134f9 has been successfully formatted.
2019-09-26 10:41:33,213 [pool-87-thread-1] INFO  ratis.ContainerStateMachine (ContainerStateMachine.java:loadSnapshot(230)) - group-C8F1D92134F9: The snapshot info is null. Setting the last applied indexto:(t:0, i:~)
2019-09-26 10:41:33,213 [pool-87-thread-1] INFO  server.RaftServerConfigKeys (ConfUtils.java:logGet(43)) - raft.server.notification.no-leader.timeout = 120s (custom)
2019-09-26 10:41:33,213 [pool-87-thread-1] INFO  server.RaftServerConfigKeys (ConfUtils.java:logGet(43)) - raft.server.log.use.memory = false (default)
2019-09-26 10:41:33,213 [pool-87-thread-1] INFO  server.RaftServerConfigKeys (ConfUtils.java:logGet(43)) - raft.server.log.purge.gap = 1000000 (custom)
2019-09-26 10:41:33,214 [pool-87-thread-1] INFO  server.RaftServerConfigKeys (ConfUtils.java:logGet(43)) - raft.server.log.appender.buffer.byte-limit = 33554432 (custom)
2019-09-26 10:41:33,214 [pool-87-thread-1] INFO  server.RaftServerConfigKeys (ConfUtils.java:logGet(43)) - raft.server.log.segment.size.max = 1048576 (custom)
2019-09-26 10:41:33,214 [pool-87-thread-1] INFO  server.RaftServerConfigKeys (ConfUtils.java:logGet(43)) - raft.server.log.segment.cache.num.max = 2 (custom)
2019-09-26 10:41:33,214 [pool-87-thread-1] INFO  segmented.SegmentedRaftLogWorker (SegmentedRaftLogWorker.java:<init>(172)) - new c36b05fb-5243-46b0-a052-9c1a582fd56b@group-C8F1D92134F9-SegmentedRaftLogWorker for RaftStorage:Storage Directory /workdir/hadoop-ozone/integration-test/target/test-dir/MiniOzoneClusterImpl-7728bda3-e39e-4fb4-adc7-89b1999467e6/datanode-1/data/ratis/456c8555-14b5-4808-92d3-c8f1d92134f9
2019-09-26 10:41:33,215 [pool-87-thread-1] INFO  server.RaftServerConfigKeys (ConfUtils.java:logGet(43)) - raft.server.log.queue.byte-limit = 2147483647 (custom)
2019-09-26 10:41:33,215 [pool-87-thread-1] INFO  server.RaftServerConfigKeys (ConfUtils.java:logGet(43)) - raft.server.log.queue.element-limit = 1024 (custom)
2019-09-26 10:41:33,215 [pool-87-thread-1] INFO  server.RaftServerConfigKeys (ConfUtils.java:logGet(43)) - raft.server.log.segment.size.max = 1048576 (custom)
2019-09-26 10:41:33,215 [pool-87-thread-1] INFO  server.RaftServerConfigKeys (ConfUtils.java:logGet(43)) - raft.server.log.preallocated.size = 16384 (custom)
2019-09-26 10:41:33,216 [pool-87-thread-1] INFO  server.RaftServerConfigKeys (ConfUtils.java:logGet(43)) - raft.server.log.write.buffer.size = 33554432 (custom)
2019-09-26 10:41:33,216 [pool-87-thread-1] INFO  server.RaftServerConfigKeys (ConfUtils.java:logGet(43)) - raft.server.log.force.sync.num = 128 (default)
2019-09-26 10:41:33,216 [pool-87-thread-1] INFO  server.RaftServerConfigKeys (ConfUtils.java:logGet(43)) - raft.server.log.statemachine.data.sync = true (default)
2019-09-26 10:41:33,216 [pool-87-thread-1] INFO  server.RaftServerConfigKeys (ConfUtils.java:logGet(43)) - raft.server.log.statemachine.data.sync.timeout = 10s (default)
2019-09-26 10:41:33,217 [pool-87-thread-1] INFO  server.RaftServerConfigKeys (ConfUtils.java:logGet(43)) - raft.server.log.statemachine.data.sync.timeout.retry = -1 (default)
2019-09-26 10:41:33,217 [pool-87-thread-1] INFO  server.RaftServerConfigKeys (ConfUtils.java:logGet(43)) - raft.server.log.statemachine.data.caching.enabled = true (custom)
2019-09-26 10:41:33,217 [pool-87-thread-1] INFO  segmented.SegmentedRaftLogWorker (SegmentedRaftLogWorker.java:lambda$new$0(132)) - c36b05fb-5243-46b0-a052-9c1a582fd56b@group-C8F1D92134F9-SegmentedRaftLogWorker: flushIndex: setUnconditionally 0 -> -1
2019-09-26 10:41:33,218 [pool-87-thread-1] INFO  server.RaftServerConfigKeys (ConfUtils.java:logGet(43)) - raft.server.snapshot.auto.trigger.enabled = true (custom)
2019-09-26 10:41:33,218 [pool-87-thread-1] INFO  server.RaftServerConfigKeys (ConfUtils.java:logGet(43)) - raft.server.snapshot.auto.trigger.threshold = 10000 (custom)
2019-09-26 10:41:33,218 [pool-87-thread-1] INFO  server.RaftServerConfigKeys (ConfUtils.java:logGet(43)) - raft.server.snapshot.retention.num.files = 5 (custom)
2019-09-26 10:41:33,219 [pool-87-thread-1] INFO  server.RaftServerConfigKeys (ConfUtils.java:logGet(43)) - raft.server.retrycache.expirytime = 600000ms (custom)
2019-09-26 10:41:33,222 [pool-87-thread-1] INFO  impl.RaftServerImpl (RaftServerImpl.java:start(185)) - c36b05fb-5243-46b0-a052-9c1a582fd56b@group-C8F1D92134F9: start as a follower, conf=-1: [c36b05fb-5243-46b0-a052-9c1a582fd56b:192.168.30.13:33148], old=null
2019-09-26 10:41:33,222 [pool-87-thread-1] INFO  impl.RaftServerImpl (RaftServerImpl.java:setRole(174)) - c36b05fb-5243-46b0-a052-9c1a582fd56b@group-C8F1D92134F9: changes role from      null to FOLLOWER at term 0 for startAsFollower
2019-09-26 10:41:33,222 [pool-87-thread-1] INFO  impl.RoleInfo (RoleInfo.java:updateAndGet(143)) - c36b05fb-5243-46b0-a052-9c1a582fd56b: start FollowerState
2019-09-26 10:41:33,223 [pool-87-thread-1] INFO  util.JmxRegister (JmxRegister.java:tryRegister(44)) - Successfully registered JMX Bean with object name Ratis:service=RaftServer,group=group-C8F1D92134F9,id=c36b05fb-5243-46b0-a052-9c1a582fd56b
2019-09-26 10:41:33,228 [RatisPipelineUtilsThread] INFO  pipeline.PipelineStateManager (PipelineStateManager.java:addPipeline(56)) - Created pipeline Pipeline[ Id: 456c8555-14b5-4808-92d3-c8f1d92134f9, Nodes: c36b05fb-5243-46b0-a052-9c1a582fd56b{ip: 192.168.30.13, host: pr-hdds-1569-wvzgm-824869521, networkLocation: /default-rack, certSerialId: null}, Type:RATIS, Factor:ONE, State:OPEN]
2019-09-26 10:41:33,229 [RatisPipelineUtilsThread] INFO  pipeline.PipelinePlacementPolicy (PipelinePlacementPolicy.java:meetCriteria(91)) - Pipeline Placement: can't place more pipeline on heavy datanode： c1893a92-03dd-4a23-a9af-4ff43bf2d333 Heaviness: 6 limit: 5
2019-09-26 10:41:33,238 [grpc-default-executor-0] INFO  impl.RaftServerProxy (RaftServerProxy.java:addNew(89)) - c36b05fb-5243-46b0-a052-9c1a582fd56b: addNew group-957DA56B9560:[c36b05fb-5243-46b0-a052-9c1a582fd56b:192.168.30.13:33148] returns group-957DA56B9560:java.util.concurrent.CompletableFuture@50fe1306[Not completed]
2019-09-26 10:41:33,239 [pool-87-thread-1] INFO  impl.RaftServerImpl (RaftServerImpl.java:<init>(95)) - c36b05fb-5243-46b0-a052-9c1a582fd56b: new RaftServerImpl for group-957DA56B9560:[c36b05fb-5243-46b0-a052-9c1a582fd56b:192.168.30.13:33148] with ContainerStateMachine:uninitialized
2019-09-26 10:41:33,240 [pool-87-thread-1] INFO  server.RaftServerConfigKeys (ConfUtils.java:logGet(43)) - raft.server.rpc.timeout.min = 5s (custom)
2019-09-26 10:41:33,240 [pool-87-thread-1] INFO  server.RaftServerConfigKeys (ConfUtils.java:logGet(43)) - raft.server.rpc.timeout.max = 5200ms (custom)
2019-09-26 10:41:33,240 [pool-87-thread-1] INFO  server.RaftServerConfigKeys (ConfUtils.java:logGet(43)) - raft.server.rpcslowness.timeout = 120s (custom)
2019-09-26 10:41:33,240 [pool-87-thread-1] INFO  server.RaftServerConfigKeys (ConfUtils.java:logGet(43)) - raft.server.sleep.deviation.threshold = 300 (default)
2019-09-26 10:41:33,240 [pool-87-thread-1] INFO  server.RaftServerConfigKeys (ConfUtils.java:logGet(43)) - raft.server.log.appender.install.snapshot.enabled = false (custom)
2019-09-26 10:41:33,240 [pool-87-thread-1] INFO  impl.RaftServerImpl (ServerState.java:<init>(103)) - c36b05fb-5243-46b0-a052-9c1a582fd56b@group-957DA56B9560: ConfigurationManager, init=-1: [c36b05fb-5243-46b0-a052-9c1a582fd56b:192.168.30.13:33148], old=null, confs=<EMPTY_MAP>
2019-09-26 10:41:33,240 [pool-87-thread-1] INFO  server.RaftServerConfigKeys (ConfUtils.java:logGet(43)) - raft.server.storage.dir = [/workdir/hadoop-ozone/integration-test/target/test-dir/MiniOzoneClusterImpl-7728bda3-e39e-4fb4-adc7-89b1999467e6/datanode-1/data/ratis] (custom)
2019-09-26 10:41:33,241 [pool-87-thread-1] INFO  storage.RaftStorageDirectory (RaftStorageDirectory.java:analyzeStorage(246)) - The storage directory /workdir/hadoop-ozone/integration-test/target/test-dir/MiniOzoneClusterImpl-7728bda3-e39e-4fb4-adc7-89b1999467e6/datanode-1/data/ratis/231196a5-20fc-4157-ae62-957da56b9560 does not exist. Creating ...
2019-09-26 10:41:33,254 [pool-87-thread-1] INFO  storage.RaftStorageDirectory (RaftStorageDirectory.java:tryLock(328)) - Lock on /workdir/hadoop-ozone/integration-test/target/test-dir/MiniOzoneClusterImpl-7728bda3-e39e-4fb4-adc7-89b1999467e6/datanode-1/data/ratis/231196a5-20fc-4157-ae62-957da56b9560/in_use.lock acquired by nodename 10232@pr-hdds-1569-wvzgm-824869521
2019-09-26 10:41:33,268 [pool-87-thread-1] INFO  storage.RaftStorage (RaftStorage.java:format(72)) - Storage directory /workdir/hadoop-ozone/integration-test/target/test-dir/MiniOzoneClusterImpl-7728bda3-e39e-4fb4-adc7-89b1999467e6/datanode-1/data/ratis/231196a5-20fc-4157-ae62-957da56b9560 has been successfully formatted.
2019-09-26 10:41:33,268 [pool-87-thread-1] INFO  ratis.ContainerStateMachine (ContainerStateMachine.java:loadSnapshot(230)) - group-957DA56B9560: The snapshot info is null. Setting the last applied indexto:(t:0, i:~)
2019-09-26 10:41:33,268 [pool-87-thread-1] INFO  server.RaftServerConfigKeys (ConfUtils.java:logGet(43)) - raft.server.notification.no-leader.timeout = 120s (custom)
2019-09-26 10:41:33,268 [pool-87-thread-1] INFO  server.RaftServerConfigKeys (ConfUtils.java:logGet(43)) - raft.server.log.use.memory = false (default)
2019-09-26 10:41:33,269 [pool-87-thread-1] INFO  server.RaftServerConfigKeys (ConfUtils.java:logGet(43)) - raft.server.log.purge.gap = 1000000 (custom)
2019-09-26 10:41:33,269 [pool-87-thread-1] INFO  server.RaftServerConfigKeys (ConfUtils.java:logGet(43)) - raft.server.log.appender.buffer.byte-limit = 33554432 (custom)
2019-09-26 10:41:33,269 [pool-87-thread-1] INFO  server.RaftServerConfigKeys (ConfUtils.java:logGet(43)) - raft.server.log.segment.size.max = 1048576 (custom)
2019-09-26 10:41:33,269 [pool-87-thread-1] INFO  server.RaftServerConfigKeys (ConfUtils.java:logGet(43)) - raft.server.log.segment.cache.num.max = 2 (custom)
2019-09-26 10:41:33,269 [pool-87-thread-1] INFO  segmented.SegmentedRaftLogWorker (SegmentedRaftLogWorker.java:<init>(172)) - new c36b05fb-5243-46b0-a052-9c1a582fd56b@group-957DA56B9560-SegmentedRaftLogWorker for RaftStorage:Storage Directory /workdir/hadoop-ozone/integration-test/target/test-dir/MiniOzoneClusterImpl-7728bda3-e39e-4fb4-adc7-89b1999467e6/datanode-1/data/ratis/231196a5-20fc-4157-ae62-957da56b9560
2019-09-26 10:41:33,269 [pool-87-thread-1] INFO  server.RaftServerConfigKeys (ConfUtils.java:logGet(43)) - raft.server.log.queue.byte-limit = 2147483647 (custom)
2019-09-26 10:41:33,269 [pool-87-thread-1] INFO  server.RaftServerConfigKeys (ConfUtils.java:logGet(43)) - raft.server.log.queue.element-limit = 1024 (custom)
2019-09-26 10:41:33,269 [pool-87-thread-1] INFO  server.RaftServerConfigKeys (ConfUtils.java:logGet(43)) - raft.server.log.segment.size.max = 1048576 (custom)
2019-09-26 10:41:33,270 [pool-87-thread-1] INFO  server.RaftServerConfigKeys (ConfUtils.java:logGet(43)) - raft.server.log.preallocated.size = 16384 (custom)
2019-09-26 10:41:33,270 [pool-87-thread-1] INFO  server.RaftServerConfigKeys (ConfUtils.java:logGet(43)) - raft.server.log.write.buffer.size = 33554432 (custom)
2019-09-26 10:41:33,270 [pool-87-thread-1] INFO  server.RaftServerConfigKeys (ConfUtils.java:logGet(43)) - raft.server.log.force.sync.num = 128 (default)
2019-09-26 10:41:33,270 [pool-87-thread-1] INFO  server.RaftServerConfigKeys (ConfUtils.java:logGet(43)) - raft.server.log.statemachine.data.sync = true (default)
2019-09-26 10:41:33,270 [pool-87-thread-1] INFO  server.RaftServerConfigKeys (ConfUtils.java:logGet(43)) - raft.server.log.statemachine.data.sync.timeout = 10s (default)
2019-09-26 10:41:33,270 [pool-87-thread-1] INFO  server.RaftServerConfigKeys (ConfUtils.java:logGet(43)) - raft.server.log.statemachine.data.sync.timeout.retry = -1 (default)
2019-09-26 10:41:33,270 [pool-87-thread-1] INFO  server.RaftServerConfigKeys (ConfUtils.java:logGet(43)) - raft.server.log.statemachine.data.caching.enabled = true (custom)
2019-09-26 10:41:33,271 [pool-87-thread-1] INFO  segmented.SegmentedRaftLogWorker (SegmentedRaftLogWorker.java:lambda$new$0(132)) - c36b05fb-5243-46b0-a052-9c1a582fd56b@group-957DA56B9560-SegmentedRaftLogWorker: flushIndex: setUnconditionally 0 -> -1
2019-09-26 10:41:33,271 [pool-87-thread-1] INFO  server.RaftServerConfigKeys (ConfUtils.java:logGet(43)) - raft.server.snapshot.auto.trigger.enabled = true (custom)
2019-09-26 10:41:33,272 [pool-87-thread-1] INFO  server.RaftServerConfigKeys (ConfUtils.java:logGet(43)) - raft.server.snapshot.auto.trigger.threshold = 10000 (custom)
2019-09-26 10:41:33,272 [pool-87-thread-1] INFO  server.RaftServerConfigKeys (ConfUtils.java:logGet(43)) - raft.server.snapshot.retention.num.files = 5 (custom)
2019-09-26 10:41:33,272 [pool-87-thread-1] INFO  server.RaftServerConfigKeys (ConfUtils.java:logGet(43)) - raft.server.retrycache.expirytime = 600000ms (custom)
2019-09-26 10:41:33,274 [pool-87-thread-1] INFO  impl.RaftServerImpl (RaftServerImpl.java:start(185)) - c36b05fb-5243-46b0-a052-9c1a582fd56b@group-957DA56B9560: start as a follower, conf=-1: [c36b05fb-5243-46b0-a052-9c1a582fd56b:192.168.30.13:33148], old=null
2019-09-26 10:41:33,274 [pool-87-thread-1] INFO  impl.RaftServerImpl (RaftServerImpl.java:setRole(174)) - c36b05fb-5243-46b0-a052-9c1a582fd56b@group-957DA56B9560: changes role from      null to FOLLOWER at term 0 for startAsFollower
2019-09-26 10:41:33,274 [pool-87-thread-1] INFO  impl.RoleInfo (RoleInfo.java:updateAndGet(143)) - c36b05fb-5243-46b0-a052-9c1a582fd56b: start FollowerState
2019-09-26 10:41:33,275 [pool-87-thread-1] INFO  util.JmxRegister (JmxRegister.java:tryRegister(44)) - Successfully registered JMX Bean with object name Ratis:service=RaftServer,group=group-957DA56B9560,id=c36b05fb-5243-46b0-a052-9c1a582fd56b
2019-09-26 10:41:33,281 [RatisPipelineUtilsThread] INFO  pipeline.PipelineStateManager (PipelineStateManager.java:addPipeline(56)) - Created pipeline Pipeline[ Id: 231196a5-20fc-4157-ae62-957da56b9560, Nodes: c36b05fb-5243-46b0-a052-9c1a582fd56b{ip: 192.168.30.13, host: pr-hdds-1569-wvzgm-824869521, networkLocation: /default-rack, certSerialId: null}, Type:RATIS, Factor:ONE, State:OPEN]
2019-09-26 10:41:33,281 [RatisPipelineUtilsThread] INFO  pipeline.PipelinePlacementPolicy (PipelinePlacementPolicy.java:meetCriteria(91)) - Pipeline Placement: can't place more pipeline on heavy datanode： c1893a92-03dd-4a23-a9af-4ff43bf2d333 Heaviness: 6 limit: 5
2019-09-26 10:41:33,290 [grpc-default-executor-0] INFO  impl.RaftServerProxy (RaftServerProxy.java:addNew(89)) - c36b05fb-5243-46b0-a052-9c1a582fd56b: addNew group-D48D6DFEF010:[c36b05fb-5243-46b0-a052-9c1a582fd56b:192.168.30.13:33148] returns group-D48D6DFEF010:java.util.concurrent.CompletableFuture@189afad6[Not completed]
2019-09-26 10:41:33,291 [pool-87-thread-1] INFO  impl.RaftServerImpl (RaftServerImpl.java:<init>(95)) - c36b05fb-5243-46b0-a052-9c1a582fd56b: new RaftServerImpl for group-D48D6DFEF010:[c36b05fb-5243-46b0-a052-9c1a582fd56b:192.168.30.13:33148] with ContainerStateMachine:uninitialized
2019-09-26 10:41:33,291 [pool-87-thread-1] INFO  server.RaftServerConfigKeys (ConfUtils.java:logGet(43)) - raft.server.rpc.timeout.min = 5s (custom)
2019-09-26 10:41:33,291 [pool-87-thread-1] INFO  server.RaftServerConfigKeys (ConfUtils.java:logGet(43)) - raft.server.rpc.timeout.max = 5200ms (custom)
2019-09-26 10:41:33,291 [pool-87-thread-1] INFO  server.RaftServerConfigKeys (ConfUtils.java:logGet(43)) - raft.server.rpcslowness.timeout = 120s (custom)
2019-09-26 10:41:33,291 [pool-87-thread-1] INFO  server.RaftServerConfigKeys (ConfUtils.java:logGet(43)) - raft.server.sleep.deviation.threshold = 300 (default)
2019-09-26 10:41:33,292 [pool-87-thread-1] INFO  server.RaftServerConfigKeys (ConfUtils.java:logGet(43)) - raft.server.log.appender.install.snapshot.enabled = false (custom)
2019-09-26 10:41:33,292 [pool-87-thread-1] INFO  impl.RaftServerImpl (ServerState.java:<init>(103)) - c36b05fb-5243-46b0-a052-9c1a582fd56b@group-D48D6DFEF010: ConfigurationManager, init=-1: [c36b05fb-5243-46b0-a052-9c1a582fd56b:192.168.30.13:33148], old=null, confs=<EMPTY_MAP>
2019-09-26 10:41:33,292 [pool-87-thread-1] INFO  server.RaftServerConfigKeys (ConfUtils.java:logGet(43)) - raft.server.storage.dir = [/workdir/hadoop-ozone/integration-test/target/test-dir/MiniOzoneClusterImpl-7728bda3-e39e-4fb4-adc7-89b1999467e6/datanode-1/data/ratis] (custom)
2019-09-26 10:41:33,292 [pool-87-thread-1] INFO  storage.RaftStorageDirectory (RaftStorageDirectory.java:analyzeStorage(246)) - The storage directory /workdir/hadoop-ozone/integration-test/target/test-dir/MiniOzoneClusterImpl-7728bda3-e39e-4fb4-adc7-89b1999467e6/datanode-1/data/ratis/44bb2f94-8b43-463f-9c0c-d48d6dfef010 does not exist. Creating ...
2019-09-26 10:41:33,305 [pool-87-thread-1] INFO  storage.RaftStorageDirectory (RaftStorageDirectory.java:tryLock(328)) - Lock on /workdir/hadoop-ozone/integration-test/target/test-dir/MiniOzoneClusterImpl-7728bda3-e39e-4fb4-adc7-89b1999467e6/datanode-1/data/ratis/44bb2f94-8b43-463f-9c0c-d48d6dfef010/in_use.lock acquired by nodename 10232@pr-hdds-1569-wvzgm-824869521
2019-09-26 10:41:33,319 [pool-87-thread-1] INFO  storage.RaftStorage (RaftStorage.java:format(72)) - Storage directory /workdir/hadoop-ozone/integration-test/target/test-dir/MiniOzoneClusterImpl-7728bda3-e39e-4fb4-adc7-89b1999467e6/datanode-1/data/ratis/44bb2f94-8b43-463f-9c0c-d48d6dfef010 has been successfully formatted.
2019-09-26 10:41:33,319 [pool-87-thread-1] INFO  ratis.ContainerStateMachine (ContainerStateMachine.java:loadSnapshot(230)) - group-D48D6DFEF010: The snapshot info is null. Setting the last applied indexto:(t:0, i:~)
2019-09-26 10:41:33,319 [pool-87-thread-1] INFO  server.RaftServerConfigKeys (ConfUtils.java:logGet(43)) - raft.server.notification.no-leader.timeout = 120s (custom)
2019-09-26 10:41:33,319 [pool-87-thread-1] INFO  server.RaftServerConfigKeys (ConfUtils.java:logGet(43)) - raft.server.log.use.memory = false (default)
2019-09-26 10:41:33,319 [pool-87-thread-1] INFO  server.RaftServerConfigKeys (ConfUtils.java:logGet(43)) - raft.server.log.purge.gap = 1000000 (custom)
2019-09-26 10:41:33,320 [pool-87-thread-1] INFO  server.RaftServerConfigKeys (ConfUtils.java:logGet(43)) - raft.server.log.appender.buffer.byte-limit = 33554432 (custom)
2019-09-26 10:41:33,320 [pool-87-thread-1] INFO  server.RaftServerConfigKeys (ConfUtils.java:logGet(43)) - raft.server.log.segment.size.max = 1048576 (custom)
2019-09-26 10:41:33,320 [pool-87-thread-1] INFO  server.RaftServerConfigKeys (ConfUtils.java:logGet(43)) - raft.server.log.segment.cache.num.max = 2 (custom)
2019-09-26 10:41:33,320 [pool-87-thread-1] INFO  segmented.SegmentedRaftLogWorker (SegmentedRaftLogWorker.java:<init>(172)) - new c36b05fb-5243-46b0-a052-9c1a582fd56b@group-D48D6DFEF010-SegmentedRaftLogWorker for RaftStorage:Storage Directory /workdir/hadoop-ozone/integration-test/target/test-dir/MiniOzoneClusterImpl-7728bda3-e39e-4fb4-adc7-89b1999467e6/datanode-1/data/ratis/44bb2f94-8b43-463f-9c0c-d48d6dfef010
2019-09-26 10:41:33,320 [pool-87-thread-1] INFO  server.RaftServerConfigKeys (ConfUtils.java:logGet(43)) - raft.server.log.queue.byte-limit = 2147483647 (custom)
2019-09-26 10:41:33,320 [pool-87-thread-1] INFO  server.RaftServerConfigKeys (ConfUtils.java:logGet(43)) - raft.server.log.queue.element-limit = 1024 (custom)
2019-09-26 10:41:33,321 [pool-87-thread-1] INFO  server.RaftServerConfigKeys (ConfUtils.java:logGet(43)) - raft.server.log.segment.size.max = 1048576 (custom)
2019-09-26 10:41:33,321 [pool-87-thread-1] INFO  server.RaftServerConfigKeys (ConfUtils.java:logGet(43)) - raft.server.log.preallocated.size = 16384 (custom)
2019-09-26 10:41:33,321 [pool-87-thread-1] INFO  server.RaftServerConfigKeys (ConfUtils.java:logGet(43)) - raft.server.log.write.buffer.size = 33554432 (custom)
2019-09-26 10:41:33,321 [pool-87-thread-1] INFO  server.RaftServerConfigKeys (ConfUtils.java:logGet(43)) - raft.server.log.force.sync.num = 128 (default)
2019-09-26 10:41:33,321 [pool-87-thread-1] INFO  server.RaftServerConfigKeys (ConfUtils.java:logGet(43)) - raft.server.log.statemachine.data.sync = true (default)
2019-09-26 10:41:33,321 [pool-87-thread-1] INFO  server.RaftServerConfigKeys (ConfUtils.java:logGet(43)) - raft.server.log.statemachine.data.sync.timeout = 10s (default)
2019-09-26 10:41:33,321 [pool-87-thread-1] INFO  server.RaftServerConfigKeys (ConfUtils.java:logGet(43)) - raft.server.log.statemachine.data.sync.timeout.retry = -1 (default)
2019-09-26 10:41:33,322 [pool-87-thread-1] INFO  server.RaftServerConfigKeys (ConfUtils.java:logGet(43)) - raft.server.log.statemachine.data.caching.enabled = true (custom)
2019-09-26 10:41:33,322 [pool-87-thread-1] INFO  segmented.SegmentedRaftLogWorker (SegmentedRaftLogWorker.java:lambda$new$0(132)) - c36b05fb-5243-46b0-a052-9c1a582fd56b@group-D48D6DFEF010-SegmentedRaftLogWorker: flushIndex: setUnconditionally 0 -> -1
2019-09-26 10:41:33,322 [pool-87-thread-1] INFO  server.RaftServerConfigKeys (ConfUtils.java:logGet(43)) - raft.server.snapshot.auto.trigger.enabled = true (custom)
2019-09-26 10:41:33,322 [pool-87-thread-1] INFO  server.RaftServerConfigKeys (ConfUtils.java:logGet(43)) - raft.server.snapshot.auto.trigger.threshold = 10000 (custom)
2019-09-26 10:41:33,323 [pool-87-thread-1] INFO  server.RaftServerConfigKeys (ConfUtils.java:logGet(43)) - raft.server.snapshot.retention.num.files = 5 (custom)
2019-09-26 10:41:33,323 [pool-87-thread-1] INFO  server.RaftServerConfigKeys (ConfUtils.java:logGet(43)) - raft.server.retrycache.expirytime = 600000ms (custom)
2019-09-26 10:41:33,325 [pool-87-thread-1] INFO  impl.RaftServerImpl (RaftServerImpl.java:start(185)) - c36b05fb-5243-46b0-a052-9c1a582fd56b@group-D48D6DFEF010: start as a follower, conf=-1: [c36b05fb-5243-46b0-a052-9c1a582fd56b:192.168.30.13:33148], old=null
2019-09-26 10:41:33,325 [pool-87-thread-1] INFO  impl.RaftServerImpl (RaftServerImpl.java:setRole(174)) - c36b05fb-5243-46b0-a052-9c1a582fd56b@group-D48D6DFEF010: changes role from      null to FOLLOWER at term 0 for startAsFollower
2019-09-26 10:41:33,325 [pool-87-thread-1] INFO  impl.RoleInfo (RoleInfo.java:updateAndGet(143)) - c36b05fb-5243-46b0-a052-9c1a582fd56b: start FollowerState
2019-09-26 10:41:33,326 [pool-87-thread-1] INFO  util.JmxRegister (JmxRegister.java:tryRegister(44)) - Successfully registered JMX Bean with object name Ratis:service=RaftServer,group=group-D48D6DFEF010,id=c36b05fb-5243-46b0-a052-9c1a582fd56b
2019-09-26 10:41:33,331 [RatisPipelineUtilsThread] INFO  pipeline.PipelineStateManager (PipelineStateManager.java:addPipeline(56)) - Created pipeline Pipeline[ Id: 44bb2f94-8b43-463f-9c0c-d48d6dfef010, Nodes: c36b05fb-5243-46b0-a052-9c1a582fd56b{ip: 192.168.30.13, host: pr-hdds-1569-wvzgm-824869521, networkLocation: /default-rack, certSerialId: null}, Type:RATIS, Factor:ONE, State:OPEN]
2019-09-26 10:41:33,331 [RatisPipelineUtilsThread] INFO  pipeline.PipelinePlacementPolicy (PipelinePlacementPolicy.java:meetCriteria(91)) - Pipeline Placement: can't place more pipeline on heavy datanode： c1893a92-03dd-4a23-a9af-4ff43bf2d333 Heaviness: 6 limit: 5
2019-09-26 10:41:33,341 [grpc-default-executor-0] INFO  impl.RaftServerProxy (RaftServerProxy.java:addNew(89)) - c36b05fb-5243-46b0-a052-9c1a582fd56b: addNew group-270B4DE6A1DA:[c36b05fb-5243-46b0-a052-9c1a582fd56b:192.168.30.13:33148] returns group-270B4DE6A1DA:java.util.concurrent.CompletableFuture@70c63d23[Not completed]
2019-09-26 10:41:33,342 [pool-87-thread-1] INFO  impl.RaftServerImpl (RaftServerImpl.java:<init>(95)) - c36b05fb-5243-46b0-a052-9c1a582fd56b: new RaftServerImpl for group-270B4DE6A1DA:[c36b05fb-5243-46b0-a052-9c1a582fd56b:192.168.30.13:33148] with ContainerStateMachine:uninitialized
2019-09-26 10:41:33,342 [pool-87-thread-1] INFO  server.RaftServerConfigKeys (ConfUtils.java:logGet(43)) - raft.server.rpc.timeout.min = 5s (custom)
2019-09-26 10:41:33,342 [pool-87-thread-1] INFO  server.RaftServerConfigKeys (ConfUtils.java:logGet(43)) - raft.server.rpc.timeout.max = 5200ms (custom)
2019-09-26 10:41:33,343 [pool-87-thread-1] INFO  server.RaftServerConfigKeys (ConfUtils.java:logGet(43)) - raft.server.rpcslowness.timeout = 120s (custom)
2019-09-26 10:41:33,343 [pool-87-thread-1] INFO  server.RaftServerConfigKeys (ConfUtils.java:logGet(43)) - raft.server.sleep.deviation.threshold = 300 (default)
2019-09-26 10:41:33,343 [pool-87-thread-1] INFO  server.RaftServerConfigKeys (ConfUtils.java:logGet(43)) - raft.server.log.appender.install.snapshot.enabled = false (custom)
2019-09-26 10:41:33,343 [pool-87-thread-1] INFO  impl.RaftServerImpl (ServerState.java:<init>(103)) - c36b05fb-5243-46b0-a052-9c1a582fd56b@group-270B4DE6A1DA: ConfigurationManager, init=-1: [c36b05fb-5243-46b0-a052-9c1a582fd56b:192.168.30.13:33148], old=null, confs=<EMPTY_MAP>
2019-09-26 10:41:33,343 [pool-87-thread-1] INFO  server.RaftServerConfigKeys (ConfUtils.java:logGet(43)) - raft.server.storage.dir = [/workdir/hadoop-ozone/integration-test/target/test-dir/MiniOzoneClusterImpl-7728bda3-e39e-4fb4-adc7-89b1999467e6/datanode-1/data/ratis] (custom)
2019-09-26 10:41:33,344 [pool-87-thread-1] INFO  storage.RaftStorageDirectory (RaftStorageDirectory.java:analyzeStorage(246)) - The storage directory /workdir/hadoop-ozone/integration-test/target/test-dir/MiniOzoneClusterImpl-7728bda3-e39e-4fb4-adc7-89b1999467e6/datanode-1/data/ratis/8f83240c-0c4f-47a2-a083-270b4de6a1da does not exist. Creating ...
2019-09-26 10:41:33,357 [pool-87-thread-1] INFO  storage.RaftStorageDirectory (RaftStorageDirectory.java:tryLock(328)) - Lock on /workdir/hadoop-ozone/integration-test/target/test-dir/MiniOzoneClusterImpl-7728bda3-e39e-4fb4-adc7-89b1999467e6/datanode-1/data/ratis/8f83240c-0c4f-47a2-a083-270b4de6a1da/in_use.lock acquired by nodename 10232@pr-hdds-1569-wvzgm-824869521
2019-09-26 10:41:33,371 [pool-87-thread-1] INFO  storage.RaftStorage (RaftStorage.java:format(72)) - Storage directory /workdir/hadoop-ozone/integration-test/target/test-dir/MiniOzoneClusterImpl-7728bda3-e39e-4fb4-adc7-89b1999467e6/datanode-1/data/ratis/8f83240c-0c4f-47a2-a083-270b4de6a1da has been successfully formatted.
2019-09-26 10:41:33,371 [pool-87-thread-1] INFO  ratis.ContainerStateMachine (ContainerStateMachine.java:loadSnapshot(230)) - group-270B4DE6A1DA: The snapshot info is null. Setting the last applied indexto:(t:0, i:~)
2019-09-26 10:41:33,371 [pool-87-thread-1] INFO  server.RaftServerConfigKeys (ConfUtils.java:logGet(43)) - raft.server.notification.no-leader.timeout = 120s (custom)
2019-09-26 10:41:33,371 [pool-87-thread-1] INFO  server.RaftServerConfigKeys (ConfUtils.java:logGet(43)) - raft.server.log.use.memory = false (default)
2019-09-26 10:41:33,372 [pool-87-thread-1] INFO  server.RaftServerConfigKeys (ConfUtils.java:logGet(43)) - raft.server.log.purge.gap = 1000000 (custom)
2019-09-26 10:41:33,372 [pool-87-thread-1] INFO  server.RaftServerConfigKeys (ConfUtils.java:logGet(43)) - raft.server.log.appender.buffer.byte-limit = 33554432 (custom)
2019-09-26 10:41:33,372 [pool-87-thread-1] INFO  server.RaftServerConfigKeys (ConfUtils.java:logGet(43)) - raft.server.log.segment.size.max = 1048576 (custom)
2019-09-26 10:41:33,372 [pool-87-thread-1] INFO  server.RaftServerConfigKeys (ConfUtils.java:logGet(43)) - raft.server.log.segment.cache.num.max = 2 (custom)
2019-09-26 10:41:33,372 [pool-87-thread-1] INFO  segmented.SegmentedRaftLogWorker (SegmentedRaftLogWorker.java:<init>(172)) - new c36b05fb-5243-46b0-a052-9c1a582fd56b@group-270B4DE6A1DA-SegmentedRaftLogWorker for RaftStorage:Storage Directory /workdir/hadoop-ozone/integration-test/target/test-dir/MiniOzoneClusterImpl-7728bda3-e39e-4fb4-adc7-89b1999467e6/datanode-1/data/ratis/8f83240c-0c4f-47a2-a083-270b4de6a1da
2019-09-26 10:41:33,372 [pool-87-thread-1] INFO  server.RaftServerConfigKeys (ConfUtils.java:logGet(43)) - raft.server.log.queue.byte-limit = 2147483647 (custom)
2019-09-26 10:41:33,373 [pool-87-thread-1] INFO  server.RaftServerConfigKeys (ConfUtils.java:logGet(43)) - raft.server.log.queue.element-limit = 1024 (custom)
2019-09-26 10:41:33,373 [pool-87-thread-1] INFO  server.RaftServerConfigKeys (ConfUtils.java:logGet(43)) - raft.server.log.segment.size.max = 1048576 (custom)
2019-09-26 10:41:33,373 [pool-87-thread-1] INFO  server.RaftServerConfigKeys (ConfUtils.java:logGet(43)) - raft.server.log.preallocated.size = 16384 (custom)
2019-09-26 10:41:33,373 [pool-87-thread-1] INFO  server.RaftServerConfigKeys (ConfUtils.java:logGet(43)) - raft.server.log.write.buffer.size = 33554432 (custom)
2019-09-26 10:41:33,373 [pool-87-thread-1] INFO  server.RaftServerConfigKeys (ConfUtils.java:logGet(43)) - raft.server.log.force.sync.num = 128 (default)
2019-09-26 10:41:33,373 [pool-87-thread-1] INFO  server.RaftServerConfigKeys (ConfUtils.java:logGet(43)) - raft.server.log.statemachine.data.sync = true (default)
2019-09-26 10:41:33,374 [pool-87-thread-1] INFO  server.RaftServerConfigKeys (ConfUtils.java:logGet(43)) - raft.server.log.statemachine.data.sync.timeout = 10s (default)
2019-09-26 10:41:33,374 [pool-87-thread-1] INFO  server.RaftServerConfigKeys (ConfUtils.java:logGet(43)) - raft.server.log.statemachine.data.sync.timeout.retry = -1 (default)
2019-09-26 10:41:33,374 [pool-87-thread-1] INFO  server.RaftServerConfigKeys (ConfUtils.java:logGet(43)) - raft.server.log.statemachine.data.caching.enabled = true (custom)
2019-09-26 10:41:33,374 [pool-87-thread-1] INFO  segmented.SegmentedRaftLogWorker (SegmentedRaftLogWorker.java:lambda$new$0(132)) - c36b05fb-5243-46b0-a052-9c1a582fd56b@group-270B4DE6A1DA-SegmentedRaftLogWorker: flushIndex: setUnconditionally 0 -> -1
2019-09-26 10:41:33,375 [pool-87-thread-1] INFO  server.RaftServerConfigKeys (ConfUtils.java:logGet(43)) - raft.server.snapshot.auto.trigger.enabled = true (custom)
2019-09-26 10:41:33,375 [pool-87-thread-1] INFO  server.RaftServerConfigKeys (ConfUtils.java:logGet(43)) - raft.server.snapshot.auto.trigger.threshold = 10000 (custom)
2019-09-26 10:41:33,375 [pool-87-thread-1] INFO  server.RaftServerConfigKeys (ConfUtils.java:logGet(43)) - raft.server.snapshot.retention.num.files = 5 (custom)
2019-09-26 10:41:33,375 [pool-87-thread-1] INFO  server.RaftServerConfigKeys (ConfUtils.java:logGet(43)) - raft.server.retrycache.expirytime = 600000ms (custom)
2019-09-26 10:41:33,378 [pool-87-thread-1] INFO  impl.RaftServerImpl (RaftServerImpl.java:start(185)) - c36b05fb-5243-46b0-a052-9c1a582fd56b@group-270B4DE6A1DA: start as a follower, conf=-1: [c36b05fb-5243-46b0-a052-9c1a582fd56b:192.168.30.13:33148], old=null
2019-09-26 10:41:33,378 [pool-87-thread-1] INFO  impl.RaftServerImpl (RaftServerImpl.java:setRole(174)) - c36b05fb-5243-46b0-a052-9c1a582fd56b@group-270B4DE6A1DA: changes role from      null to FOLLOWER at term 0 for startAsFollower
2019-09-26 10:41:33,378 [pool-87-thread-1] INFO  impl.RoleInfo (RoleInfo.java:updateAndGet(143)) - c36b05fb-5243-46b0-a052-9c1a582fd56b: start FollowerState
2019-09-26 10:41:33,379 [pool-87-thread-1] INFO  util.JmxRegister (JmxRegister.java:tryRegister(44)) - Successfully registered JMX Bean with object name Ratis:service=RaftServer,group=group-270B4DE6A1DA,id=c36b05fb-5243-46b0-a052-9c1a582fd56b
2019-09-26 10:41:33,384 [RatisPipelineUtilsThread] INFO  pipeline.PipelineStateManager (PipelineStateManager.java:addPipeline(56)) - Created pipeline Pipeline[ Id: 8f83240c-0c4f-47a2-a083-270b4de6a1da, Nodes: c36b05fb-5243-46b0-a052-9c1a582fd56b{ip: 192.168.30.13, host: pr-hdds-1569-wvzgm-824869521, networkLocation: /default-rack, certSerialId: null}, Type:RATIS, Factor:ONE, State:OPEN]
2019-09-26 10:41:33,385 [RatisPipelineUtilsThread] INFO  pipeline.PipelinePlacementPolicy (PipelinePlacementPolicy.java:meetCriteria(91)) - Pipeline Placement: can't place more pipeline on heavy datanode： c1893a92-03dd-4a23-a9af-4ff43bf2d333 Heaviness: 6 limit: 5
2019-09-26 10:41:33,394 [grpc-default-executor-0] INFO  impl.RaftServerProxy (RaftServerProxy.java:addNew(89)) - c36b05fb-5243-46b0-a052-9c1a582fd56b: addNew group-6B670FF5BFDD:[c36b05fb-5243-46b0-a052-9c1a582fd56b:192.168.30.13:33148] returns group-6B670FF5BFDD:java.util.concurrent.CompletableFuture@1da33183[Not completed]
2019-09-26 10:41:33,396 [pool-87-thread-1] INFO  impl.RaftServerImpl (RaftServerImpl.java:<init>(95)) - c36b05fb-5243-46b0-a052-9c1a582fd56b: new RaftServerImpl for group-6B670FF5BFDD:[c36b05fb-5243-46b0-a052-9c1a582fd56b:192.168.30.13:33148] with ContainerStateMachine:uninitialized
2019-09-26 10:41:33,396 [pool-87-thread-1] INFO  server.RaftServerConfigKeys (ConfUtils.java:logGet(43)) - raft.server.rpc.timeout.min = 5s (custom)
2019-09-26 10:41:33,396 [pool-87-thread-1] INFO  server.RaftServerConfigKeys (ConfUtils.java:logGet(43)) - raft.server.rpc.timeout.max = 5200ms (custom)
2019-09-26 10:41:33,396 [pool-87-thread-1] INFO  server.RaftServerConfigKeys (ConfUtils.java:logGet(43)) - raft.server.rpcslowness.timeout = 120s (custom)
2019-09-26 10:41:33,396 [pool-87-thread-1] INFO  server.RaftServerConfigKeys (ConfUtils.java:logGet(43)) - raft.server.sleep.deviation.threshold = 300 (default)
2019-09-26 10:41:33,397 [pool-87-thread-1] INFO  server.RaftServerConfigKeys (ConfUtils.java:logGet(43)) - raft.server.log.appender.install.snapshot.enabled = false (custom)
2019-09-26 10:41:33,397 [pool-87-thread-1] INFO  impl.RaftServerImpl (ServerState.java:<init>(103)) - c36b05fb-5243-46b0-a052-9c1a582fd56b@group-6B670FF5BFDD: ConfigurationManager, init=-1: [c36b05fb-5243-46b0-a052-9c1a582fd56b:192.168.30.13:33148], old=null, confs=<EMPTY_MAP>
2019-09-26 10:41:33,397 [pool-87-thread-1] INFO  server.RaftServerConfigKeys (ConfUtils.java:logGet(43)) - raft.server.storage.dir = [/workdir/hadoop-ozone/integration-test/target/test-dir/MiniOzoneClusterImpl-7728bda3-e39e-4fb4-adc7-89b1999467e6/datanode-1/data/ratis] (custom)
2019-09-26 10:41:33,397 [pool-87-thread-1] INFO  storage.RaftStorageDirectory (RaftStorageDirectory.java:analyzeStorage(246)) - The storage directory /workdir/hadoop-ozone/integration-test/target/test-dir/MiniOzoneClusterImpl-7728bda3-e39e-4fb4-adc7-89b1999467e6/datanode-1/data/ratis/65cc3835-b453-44da-b16d-6b670ff5bfdd does not exist. Creating ...
2019-09-26 10:41:33,410 [pool-87-thread-1] INFO  storage.RaftStorageDirectory (RaftStorageDirectory.java:tryLock(328)) - Lock on /workdir/hadoop-ozone/integration-test/target/test-dir/MiniOzoneClusterImpl-7728bda3-e39e-4fb4-adc7-89b1999467e6/datanode-1/data/ratis/65cc3835-b453-44da-b16d-6b670ff5bfdd/in_use.lock acquired by nodename 10232@pr-hdds-1569-wvzgm-824869521
2019-09-26 10:41:33,428 [pool-87-thread-1] INFO  storage.RaftStorage (RaftStorage.java:format(72)) - Storage directory /workdir/hadoop-ozone/integration-test/target/test-dir/MiniOzoneClusterImpl-7728bda3-e39e-4fb4-adc7-89b1999467e6/datanode-1/data/ratis/65cc3835-b453-44da-b16d-6b670ff5bfdd has been successfully formatted.
2019-09-26 10:41:33,429 [pool-87-thread-1] INFO  ratis.ContainerStateMachine (ContainerStateMachine.java:loadSnapshot(230)) - group-6B670FF5BFDD: The snapshot info is null. Setting the last applied indexto:(t:0, i:~)
2019-09-26 10:41:33,429 [pool-87-thread-1] INFO  server.RaftServerConfigKeys (ConfUtils.java:logGet(43)) - raft.server.notification.no-leader.timeout = 120s (custom)
2019-09-26 10:41:33,429 [pool-87-thread-1] INFO  server.RaftServerConfigKeys (ConfUtils.java:logGet(43)) - raft.server.log.use.memory = false (default)
2019-09-26 10:41:33,429 [pool-87-thread-1] INFO  server.RaftServerConfigKeys (ConfUtils.java:logGet(43)) - raft.server.log.purge.gap = 1000000 (custom)
2019-09-26 10:41:33,429 [pool-87-thread-1] INFO  server.RaftServerConfigKeys (ConfUtils.java:logGet(43)) - raft.server.log.appender.buffer.byte-limit = 33554432 (custom)
2019-09-26 10:41:33,430 [pool-87-thread-1] INFO  server.RaftServerConfigKeys (ConfUtils.java:logGet(43)) - raft.server.log.segment.size.max = 1048576 (custom)
2019-09-26 10:41:33,430 [pool-87-thread-1] INFO  server.RaftServerConfigKeys (ConfUtils.java:logGet(43)) - raft.server.log.segment.cache.num.max = 2 (custom)
2019-09-26 10:41:33,430 [pool-87-thread-1] INFO  segmented.SegmentedRaftLogWorker (SegmentedRaftLogWorker.java:<init>(172)) - new c36b05fb-5243-46b0-a052-9c1a582fd56b@group-6B670FF5BFDD-SegmentedRaftLogWorker for RaftStorage:Storage Directory /workdir/hadoop-ozone/integration-test/target/test-dir/MiniOzoneClusterImpl-7728bda3-e39e-4fb4-adc7-89b1999467e6/datanode-1/data/ratis/65cc3835-b453-44da-b16d-6b670ff5bfdd
2019-09-26 10:41:33,430 [pool-87-thread-1] INFO  server.RaftServerConfigKeys (ConfUtils.java:logGet(43)) - raft.server.log.queue.byte-limit = 2147483647 (custom)
2019-09-26 10:41:33,430 [pool-87-thread-1] INFO  server.RaftServerConfigKeys (ConfUtils.java:logGet(43)) - raft.server.log.queue.element-limit = 1024 (custom)
2019-09-26 10:41:33,430 [pool-87-thread-1] INFO  server.RaftServerConfigKeys (ConfUtils.java:logGet(43)) - raft.server.log.segment.size.max = 1048576 (custom)
2019-09-26 10:41:33,430 [pool-87-thread-1] INFO  server.RaftServerConfigKeys (ConfUtils.java:logGet(43)) - raft.server.log.preallocated.size = 16384 (custom)
2019-09-26 10:41:33,431 [pool-87-thread-1] INFO  server.RaftServerConfigKeys (ConfUtils.java:logGet(43)) - raft.server.log.write.buffer.size = 33554432 (custom)
2019-09-26 10:41:33,431 [pool-87-thread-1] INFO  server.RaftServerConfigKeys (ConfUtils.java:logGet(43)) - raft.server.log.force.sync.num = 128 (default)
2019-09-26 10:41:33,431 [pool-87-thread-1] INFO  server.RaftServerConfigKeys (ConfUtils.java:logGet(43)) - raft.server.log.statemachine.data.sync = true (default)
2019-09-26 10:41:33,431 [pool-87-thread-1] INFO  server.RaftServerConfigKeys (ConfUtils.java:logGet(43)) - raft.server.log.statemachine.data.sync.timeout = 10s (default)
2019-09-26 10:41:33,431 [pool-87-thread-1] INFO  server.RaftServerConfigKeys (ConfUtils.java:logGet(43)) - raft.server.log.statemachine.data.sync.timeout.retry = -1 (default)
2019-09-26 10:41:33,431 [pool-87-thread-1] INFO  server.RaftServerConfigKeys (ConfUtils.java:logGet(43)) - raft.server.log.statemachine.data.caching.enabled = true (custom)
2019-09-26 10:41:33,432 [pool-87-thread-1] INFO  segmented.SegmentedRaftLogWorker (SegmentedRaftLogWorker.java:lambda$new$0(132)) - c36b05fb-5243-46b0-a052-9c1a582fd56b@group-6B670FF5BFDD-SegmentedRaftLogWorker: flushIndex: setUnconditionally 0 -> -1
2019-09-26 10:41:33,432 [pool-87-thread-1] INFO  server.RaftServerConfigKeys (ConfUtils.java:logGet(43)) - raft.server.snapshot.auto.trigger.enabled = true (custom)
2019-09-26 10:41:33,432 [pool-87-thread-1] INFO  server.RaftServerConfigKeys (ConfUtils.java:logGet(43)) - raft.server.snapshot.auto.trigger.threshold = 10000 (custom)
2019-09-26 10:41:33,432 [pool-87-thread-1] INFO  server.RaftServerConfigKeys (ConfUtils.java:logGet(43)) - raft.server.snapshot.retention.num.files = 5 (custom)
2019-09-26 10:41:33,433 [pool-87-thread-1] INFO  server.RaftServerConfigKeys (ConfUtils.java:logGet(43)) - raft.server.retrycache.expirytime = 600000ms (custom)
2019-09-26 10:41:33,435 [pool-87-thread-1] INFO  impl.RaftServerImpl (RaftServerImpl.java:start(185)) - c36b05fb-5243-46b0-a052-9c1a582fd56b@group-6B670FF5BFDD: start as a follower, conf=-1: [c36b05fb-5243-46b0-a052-9c1a582fd56b:192.168.30.13:33148], old=null
2019-09-26 10:41:33,435 [pool-87-thread-1] INFO  impl.RaftServerImpl (RaftServerImpl.java:setRole(174)) - c36b05fb-5243-46b0-a052-9c1a582fd56b@group-6B670FF5BFDD: changes role from      null to FOLLOWER at term 0 for startAsFollower
2019-09-26 10:41:33,435 [pool-87-thread-1] INFO  impl.RoleInfo (RoleInfo.java:updateAndGet(143)) - c36b05fb-5243-46b0-a052-9c1a582fd56b: start FollowerState
2019-09-26 10:41:33,436 [pool-87-thread-1] INFO  util.JmxRegister (JmxRegister.java:tryRegister(44)) - Successfully registered JMX Bean with object name Ratis:service=RaftServer,group=group-6B670FF5BFDD,id=c36b05fb-5243-46b0-a052-9c1a582fd56b
2019-09-26 10:41:33,441 [RatisPipelineUtilsThread] INFO  pipeline.PipelineStateManager (PipelineStateManager.java:addPipeline(56)) - Created pipeline Pipeline[ Id: 65cc3835-b453-44da-b16d-6b670ff5bfdd, Nodes: c36b05fb-5243-46b0-a052-9c1a582fd56b{ip: 192.168.30.13, host: pr-hdds-1569-wvzgm-824869521, networkLocation: /default-rack, certSerialId: null}, Type:RATIS, Factor:ONE, State:OPEN]
2019-09-26 10:41:33,441 [RatisPipelineUtilsThread] INFO  pipeline.PipelinePlacementPolicy (PipelinePlacementPolicy.java:meetCriteria(91)) - Pipeline Placement: can't place more pipeline on heavy datanode： c1893a92-03dd-4a23-a9af-4ff43bf2d333 Heaviness: 6 limit: 5
2019-09-26 10:41:33,441 [RatisPipelineUtilsThread] INFO  pipeline.PipelinePlacementPolicy (PipelinePlacementPolicy.java:meetCriteria(91)) - Pipeline Placement: can't place more pipeline on heavy datanode： c36b05fb-5243-46b0-a052-9c1a582fd56b Heaviness: 6 limit: 5
2019-09-26 10:41:33,451 [grpc-default-executor-0] INFO  impl.RaftServerProxy (RaftServerProxy.java:addNew(89)) - 62befdb0-85de-4829-8f28-5e2590b30fcb: addNew group-273E17644EBE:[62befdb0-85de-4829-8f28-5e2590b30fcb:192.168.30.13:38060] returns group-273E17644EBE:java.util.concurrent.CompletableFuture@f0e6329[Not completed]
2019-09-26 10:41:33,453 [pool-97-thread-1] INFO  impl.RaftServerImpl (RaftServerImpl.java:<init>(95)) - 62befdb0-85de-4829-8f28-5e2590b30fcb: new RaftServerImpl for group-273E17644EBE:[62befdb0-85de-4829-8f28-5e2590b30fcb:192.168.30.13:38060] with ContainerStateMachine:uninitialized
2019-09-26 10:41:33,453 [pool-97-thread-1] INFO  server.RaftServerConfigKeys (ConfUtils.java:logGet(43)) - raft.server.rpc.timeout.min = 5s (custom)
2019-09-26 10:41:33,453 [pool-97-thread-1] INFO  server.RaftServerConfigKeys (ConfUtils.java:logGet(43)) - raft.server.rpc.timeout.max = 5200ms (custom)
2019-09-26 10:41:33,453 [pool-97-thread-1] INFO  server.RaftServerConfigKeys (ConfUtils.java:logGet(43)) - raft.server.rpcslowness.timeout = 120s (custom)
2019-09-26 10:41:33,453 [pool-97-thread-1] INFO  server.RaftServerConfigKeys (ConfUtils.java:logGet(43)) - raft.server.sleep.deviation.threshold = 300 (default)
2019-09-26 10:41:33,454 [pool-97-thread-1] INFO  server.RaftServerConfigKeys (ConfUtils.java:logGet(43)) - raft.server.log.appender.install.snapshot.enabled = false (custom)
2019-09-26 10:41:33,454 [pool-97-thread-1] INFO  impl.RaftServerImpl (ServerState.java:<init>(103)) - 62befdb0-85de-4829-8f28-5e2590b30fcb@group-273E17644EBE: ConfigurationManager, init=-1: [62befdb0-85de-4829-8f28-5e2590b30fcb:192.168.30.13:38060], old=null, confs=<EMPTY_MAP>
2019-09-26 10:41:33,454 [pool-97-thread-1] INFO  server.RaftServerConfigKeys (ConfUtils.java:logGet(43)) - raft.server.storage.dir = [/workdir/hadoop-ozone/integration-test/target/test-dir/MiniOzoneClusterImpl-7728bda3-e39e-4fb4-adc7-89b1999467e6/datanode-2/data/ratis] (custom)
2019-09-26 10:41:33,455 [pool-97-thread-1] INFO  storage.RaftStorageDirectory (RaftStorageDirectory.java:analyzeStorage(246)) - The storage directory /workdir/hadoop-ozone/integration-test/target/test-dir/MiniOzoneClusterImpl-7728bda3-e39e-4fb4-adc7-89b1999467e6/datanode-2/data/ratis/44b9cbd9-8f0a-43c7-a0ef-273e17644ebe does not exist. Creating ...
2019-09-26 10:41:33,468 [pool-97-thread-1] INFO  storage.RaftStorageDirectory (RaftStorageDirectory.java:tryLock(328)) - Lock on /workdir/hadoop-ozone/integration-test/target/test-dir/MiniOzoneClusterImpl-7728bda3-e39e-4fb4-adc7-89b1999467e6/datanode-2/data/ratis/44b9cbd9-8f0a-43c7-a0ef-273e17644ebe/in_use.lock acquired by nodename 10232@pr-hdds-1569-wvzgm-824869521
2019-09-26 10:41:33,482 [pool-97-thread-1] INFO  storage.RaftStorage (RaftStorage.java:format(72)) - Storage directory /workdir/hadoop-ozone/integration-test/target/test-dir/MiniOzoneClusterImpl-7728bda3-e39e-4fb4-adc7-89b1999467e6/datanode-2/data/ratis/44b9cbd9-8f0a-43c7-a0ef-273e17644ebe has been successfully formatted.
2019-09-26 10:41:33,482 [pool-97-thread-1] INFO  ratis.ContainerStateMachine (ContainerStateMachine.java:loadSnapshot(230)) - group-273E17644EBE: The snapshot info is null. Setting the last applied indexto:(t:0, i:~)
2019-09-26 10:41:33,482 [pool-97-thread-1] INFO  server.RaftServerConfigKeys (ConfUtils.java:logGet(43)) - raft.server.notification.no-leader.timeout = 120s (custom)
2019-09-26 10:41:33,482 [pool-97-thread-1] INFO  server.RaftServerConfigKeys (ConfUtils.java:logGet(43)) - raft.server.log.use.memory = false (default)
2019-09-26 10:41:33,483 [pool-97-thread-1] INFO  server.RaftServerConfigKeys (ConfUtils.java:logGet(43)) - raft.server.log.purge.gap = 1000000 (custom)
2019-09-26 10:41:33,483 [pool-97-thread-1] INFO  server.RaftServerConfigKeys (ConfUtils.java:logGet(43)) - raft.server.log.appender.buffer.byte-limit = 33554432 (custom)
2019-09-26 10:41:33,483 [pool-97-thread-1] INFO  server.RaftServerConfigKeys (ConfUtils.java:logGet(43)) - raft.server.log.segment.size.max = 1048576 (custom)
2019-09-26 10:41:33,483 [pool-97-thread-1] INFO  server.RaftServerConfigKeys (ConfUtils.java:logGet(43)) - raft.server.log.segment.cache.num.max = 2 (custom)
2019-09-26 10:41:33,483 [pool-97-thread-1] INFO  segmented.SegmentedRaftLogWorker (SegmentedRaftLogWorker.java:<init>(172)) - new 62befdb0-85de-4829-8f28-5e2590b30fcb@group-273E17644EBE-SegmentedRaftLogWorker for RaftStorage:Storage Directory /workdir/hadoop-ozone/integration-test/target/test-dir/MiniOzoneClusterImpl-7728bda3-e39e-4fb4-adc7-89b1999467e6/datanode-2/data/ratis/44b9cbd9-8f0a-43c7-a0ef-273e17644ebe
2019-09-26 10:41:33,484 [pool-97-thread-1] INFO  server.RaftServerConfigKeys (ConfUtils.java:logGet(43)) - raft.server.log.queue.byte-limit = 2147483647 (custom)
2019-09-26 10:41:33,484 [pool-97-thread-1] INFO  server.RaftServerConfigKeys (ConfUtils.java:logGet(43)) - raft.server.log.queue.element-limit = 1024 (custom)
2019-09-26 10:41:33,484 [pool-97-thread-1] INFO  server.RaftServerConfigKeys (ConfUtils.java:logGet(43)) - raft.server.log.segment.size.max = 1048576 (custom)
2019-09-26 10:41:33,484 [pool-97-thread-1] INFO  server.RaftServerConfigKeys (ConfUtils.java:logGet(43)) - raft.server.log.preallocated.size = 16384 (custom)
2019-09-26 10:41:33,484 [pool-97-thread-1] INFO  server.RaftServerConfigKeys (ConfUtils.java:logGet(43)) - raft.server.log.write.buffer.size = 33554432 (custom)
2019-09-26 10:41:33,485 [pool-97-thread-1] INFO  server.RaftServerConfigKeys (ConfUtils.java:logGet(43)) - raft.server.log.force.sync.num = 128 (default)
2019-09-26 10:41:33,485 [pool-97-thread-1] INFO  server.RaftServerConfigKeys (ConfUtils.java:logGet(43)) - raft.server.log.statemachine.data.sync = true (default)
2019-09-26 10:41:33,485 [pool-97-thread-1] INFO  server.RaftServerConfigKeys (ConfUtils.java:logGet(43)) - raft.server.log.statemachine.data.sync.timeout = 10s (default)
2019-09-26 10:41:33,485 [pool-97-thread-1] INFO  server.RaftServerConfigKeys (ConfUtils.java:logGet(43)) - raft.server.log.statemachine.data.sync.timeout.retry = -1 (default)
2019-09-26 10:41:33,486 [pool-97-thread-1] INFO  server.RaftServerConfigKeys (ConfUtils.java:logGet(43)) - raft.server.log.statemachine.data.caching.enabled = true (custom)
2019-09-26 10:41:33,486 [pool-97-thread-1] INFO  segmented.SegmentedRaftLogWorker (SegmentedRaftLogWorker.java:lambda$new$0(132)) - 62befdb0-85de-4829-8f28-5e2590b30fcb@group-273E17644EBE-SegmentedRaftLogWorker: flushIndex: setUnconditionally 0 -> -1
2019-09-26 10:41:33,486 [pool-97-thread-1] INFO  server.RaftServerConfigKeys (ConfUtils.java:logGet(43)) - raft.server.snapshot.auto.trigger.enabled = true (custom)
2019-09-26 10:41:33,487 [pool-97-thread-1] INFO  server.RaftServerConfigKeys (ConfUtils.java:logGet(43)) - raft.server.snapshot.auto.trigger.threshold = 10000 (custom)
2019-09-26 10:41:33,487 [pool-97-thread-1] INFO  server.RaftServerConfigKeys (ConfUtils.java:logGet(43)) - raft.server.snapshot.retention.num.files = 5 (custom)
2019-09-26 10:41:33,487 [pool-97-thread-1] INFO  server.RaftServerConfigKeys (ConfUtils.java:logGet(43)) - raft.server.retrycache.expirytime = 600000ms (custom)
2019-09-26 10:41:33,491 [pool-97-thread-1] INFO  impl.RaftServerImpl (RaftServerImpl.java:start(185)) - 62befdb0-85de-4829-8f28-5e2590b30fcb@group-273E17644EBE: start as a follower, conf=-1: [62befdb0-85de-4829-8f28-5e2590b30fcb:192.168.30.13:38060], old=null
2019-09-26 10:41:33,491 [pool-97-thread-1] INFO  impl.RaftServerImpl (RaftServerImpl.java:setRole(174)) - 62befdb0-85de-4829-8f28-5e2590b30fcb@group-273E17644EBE: changes role from      null to FOLLOWER at term 0 for startAsFollower
2019-09-26 10:41:33,491 [pool-97-thread-1] INFO  impl.RoleInfo (RoleInfo.java:updateAndGet(143)) - 62befdb0-85de-4829-8f28-5e2590b30fcb: start FollowerState
2019-09-26 10:41:33,492 [pool-97-thread-1] INFO  util.JmxRegister (JmxRegister.java:tryRegister(44)) - Successfully registered JMX Bean with object name Ratis:service=RaftServer,group=group-273E17644EBE,id=62befdb0-85de-4829-8f28-5e2590b30fcb
2019-09-26 10:41:33,498 [RatisPipelineUtilsThread] INFO  pipeline.PipelineStateManager (PipelineStateManager.java:addPipeline(56)) - Created pipeline Pipeline[ Id: 44b9cbd9-8f0a-43c7-a0ef-273e17644ebe, Nodes: 62befdb0-85de-4829-8f28-5e2590b30fcb{ip: 192.168.30.13, host: pr-hdds-1569-wvzgm-824869521, networkLocation: /default-rack, certSerialId: null}, Type:RATIS, Factor:ONE, State:OPEN]
2019-09-26 10:41:33,498 [RatisPipelineUtilsThread] INFO  pipeline.PipelinePlacementPolicy (PipelinePlacementPolicy.java:meetCriteria(91)) - Pipeline Placement: can't place more pipeline on heavy datanode： c1893a92-03dd-4a23-a9af-4ff43bf2d333 Heaviness: 6 limit: 5
2019-09-26 10:41:33,498 [RatisPipelineUtilsThread] INFO  pipeline.PipelinePlacementPolicy (PipelinePlacementPolicy.java:meetCriteria(91)) - Pipeline Placement: can't place more pipeline on heavy datanode： c36b05fb-5243-46b0-a052-9c1a582fd56b Heaviness: 6 limit: 5
2019-09-26 10:41:33,508 [grpc-default-executor-0] INFO  impl.RaftServerProxy (RaftServerProxy.java:addNew(89)) - 62befdb0-85de-4829-8f28-5e2590b30fcb: addNew group-D870C3A81C94:[62befdb0-85de-4829-8f28-5e2590b30fcb:192.168.30.13:38060] returns group-D870C3A81C94:java.util.concurrent.CompletableFuture@58bcc05e[Not completed]
2019-09-26 10:41:33,510 [pool-97-thread-1] INFO  impl.RaftServerImpl (RaftServerImpl.java:<init>(95)) - 62befdb0-85de-4829-8f28-5e2590b30fcb: new RaftServerImpl for group-D870C3A81C94:[62befdb0-85de-4829-8f28-5e2590b30fcb:192.168.30.13:38060] with ContainerStateMachine:uninitialized
2019-09-26 10:41:33,511 [pool-97-thread-1] INFO  server.RaftServerConfigKeys (ConfUtils.java:logGet(43)) - raft.server.rpc.timeout.min = 5s (custom)
2019-09-26 10:41:33,511 [pool-97-thread-1] INFO  server.RaftServerConfigKeys (ConfUtils.java:logGet(43)) - raft.server.rpc.timeout.max = 5200ms (custom)
2019-09-26 10:41:33,511 [pool-97-thread-1] INFO  server.RaftServerConfigKeys (ConfUtils.java:logGet(43)) - raft.server.rpcslowness.timeout = 120s (custom)
2019-09-26 10:41:33,511 [pool-97-thread-1] INFO  server.RaftServerConfigKeys (ConfUtils.java:logGet(43)) - raft.server.sleep.deviation.threshold = 300 (default)
2019-09-26 10:41:33,511 [pool-97-thread-1] INFO  server.RaftServerConfigKeys (ConfUtils.java:logGet(43)) - raft.server.log.appender.install.snapshot.enabled = false (custom)
2019-09-26 10:41:33,512 [pool-97-thread-1] INFO  impl.RaftServerImpl (ServerState.java:<init>(103)) - 62befdb0-85de-4829-8f28-5e2590b30fcb@group-D870C3A81C94: ConfigurationManager, init=-1: [62befdb0-85de-4829-8f28-5e2590b30fcb:192.168.30.13:38060], old=null, confs=<EMPTY_MAP>
2019-09-26 10:41:33,512 [pool-97-thread-1] INFO  server.RaftServerConfigKeys (ConfUtils.java:logGet(43)) - raft.server.storage.dir = [/workdir/hadoop-ozone/integration-test/target/test-dir/MiniOzoneClusterImpl-7728bda3-e39e-4fb4-adc7-89b1999467e6/datanode-2/data/ratis] (custom)
2019-09-26 10:41:33,512 [pool-97-thread-1] INFO  storage.RaftStorageDirectory (RaftStorageDirectory.java:analyzeStorage(246)) - The storage directory /workdir/hadoop-ozone/integration-test/target/test-dir/MiniOzoneClusterImpl-7728bda3-e39e-4fb4-adc7-89b1999467e6/datanode-2/data/ratis/9e9919f5-83a2-48fe-98e1-d870c3a81c94 does not exist. Creating ...
2019-09-26 10:41:33,525 [pool-97-thread-1] INFO  storage.RaftStorageDirectory (RaftStorageDirectory.java:tryLock(328)) - Lock on /workdir/hadoop-ozone/integration-test/target/test-dir/MiniOzoneClusterImpl-7728bda3-e39e-4fb4-adc7-89b1999467e6/datanode-2/data/ratis/9e9919f5-83a2-48fe-98e1-d870c3a81c94/in_use.lock acquired by nodename 10232@pr-hdds-1569-wvzgm-824869521
2019-09-26 10:41:33,539 [pool-97-thread-1] INFO  storage.RaftStorage (RaftStorage.java:format(72)) - Storage directory /workdir/hadoop-ozone/integration-test/target/test-dir/MiniOzoneClusterImpl-7728bda3-e39e-4fb4-adc7-89b1999467e6/datanode-2/data/ratis/9e9919f5-83a2-48fe-98e1-d870c3a81c94 has been successfully formatted.
2019-09-26 10:41:33,539 [pool-97-thread-1] INFO  ratis.ContainerStateMachine (ContainerStateMachine.java:loadSnapshot(230)) - group-D870C3A81C94: The snapshot info is null. Setting the last applied indexto:(t:0, i:~)
2019-09-26 10:41:33,539 [pool-97-thread-1] INFO  server.RaftServerConfigKeys (ConfUtils.java:logGet(43)) - raft.server.notification.no-leader.timeout = 120s (custom)
2019-09-26 10:41:33,539 [pool-97-thread-1] INFO  server.RaftServerConfigKeys (ConfUtils.java:logGet(43)) - raft.server.log.use.memory = false (default)
2019-09-26 10:41:33,540 [pool-97-thread-1] INFO  server.RaftServerConfigKeys (ConfUtils.java:logGet(43)) - raft.server.log.purge.gap = 1000000 (custom)
2019-09-26 10:41:33,540 [pool-97-thread-1] INFO  server.RaftServerConfigKeys (ConfUtils.java:logGet(43)) - raft.server.log.appender.buffer.byte-limit = 33554432 (custom)
2019-09-26 10:41:33,540 [pool-97-thread-1] INFO  server.RaftServerConfigKeys (ConfUtils.java:logGet(43)) - raft.server.log.segment.size.max = 1048576 (custom)
2019-09-26 10:41:33,540 [pool-97-thread-1] INFO  server.RaftServerConfigKeys (ConfUtils.java:logGet(43)) - raft.server.log.segment.cache.num.max = 2 (custom)
2019-09-26 10:41:33,540 [pool-97-thread-1] INFO  segmented.SegmentedRaftLogWorker (SegmentedRaftLogWorker.java:<init>(172)) - new 62befdb0-85de-4829-8f28-5e2590b30fcb@group-D870C3A81C94-SegmentedRaftLogWorker for RaftStorage:Storage Directory /workdir/hadoop-ozone/integration-test/target/test-dir/MiniOzoneClusterImpl-7728bda3-e39e-4fb4-adc7-89b1999467e6/datanode-2/data/ratis/9e9919f5-83a2-48fe-98e1-d870c3a81c94
2019-09-26 10:41:33,540 [pool-97-thread-1] INFO  server.RaftServerConfigKeys (ConfUtils.java:logGet(43)) - raft.server.log.queue.byte-limit = 2147483647 (custom)
2019-09-26 10:41:33,541 [pool-97-thread-1] INFO  server.RaftServerConfigKeys (ConfUtils.java:logGet(43)) - raft.server.log.queue.element-limit = 1024 (custom)
2019-09-26 10:41:33,541 [pool-97-thread-1] INFO  server.RaftServerConfigKeys (ConfUtils.java:logGet(43)) - raft.server.log.segment.size.max = 1048576 (custom)
2019-09-26 10:41:33,541 [pool-97-thread-1] INFO  server.RaftServerConfigKeys (ConfUtils.java:logGet(43)) - raft.server.log.preallocated.size = 16384 (custom)
2019-09-26 10:41:33,541 [pool-97-thread-1] INFO  server.RaftServerConfigKeys (ConfUtils.java:logGet(43)) - raft.server.log.write.buffer.size = 33554432 (custom)
2019-09-26 10:41:33,541 [pool-97-thread-1] INFO  server.RaftServerConfigKeys (ConfUtils.java:logGet(43)) - raft.server.log.force.sync.num = 128 (default)
2019-09-26 10:41:33,541 [pool-97-thread-1] INFO  server.RaftServerConfigKeys (ConfUtils.java:logGet(43)) - raft.server.log.statemachine.data.sync = true (default)
2019-09-26 10:41:33,542 [pool-97-thread-1] INFO  server.RaftServerConfigKeys (ConfUtils.java:logGet(43)) - raft.server.log.statemachine.data.sync.timeout = 10s (default)
2019-09-26 10:41:33,542 [pool-97-thread-1] INFO  server.RaftServerConfigKeys (ConfUtils.java:logGet(43)) - raft.server.log.statemachine.data.sync.timeout.retry = -1 (default)
2019-09-26 10:41:33,542 [pool-97-thread-1] INFO  server.RaftServerConfigKeys (ConfUtils.java:logGet(43)) - raft.server.log.statemachine.data.caching.enabled = true (custom)
2019-09-26 10:41:33,542 [pool-97-thread-1] INFO  segmented.SegmentedRaftLogWorker (SegmentedRaftLogWorker.java:lambda$new$0(132)) - 62befdb0-85de-4829-8f28-5e2590b30fcb@group-D870C3A81C94-SegmentedRaftLogWorker: flushIndex: setUnconditionally 0 -> -1
2019-09-26 10:41:33,543 [pool-97-thread-1] INFO  server.RaftServerConfigKeys (ConfUtils.java:logGet(43)) - raft.server.snapshot.auto.trigger.enabled = true (custom)
2019-09-26 10:41:33,543 [pool-97-thread-1] INFO  server.RaftServerConfigKeys (ConfUtils.java:logGet(43)) - raft.server.snapshot.auto.trigger.threshold = 10000 (custom)
2019-09-26 10:41:33,543 [pool-97-thread-1] INFO  server.RaftServerConfigKeys (ConfUtils.java:logGet(43)) - raft.server.snapshot.retention.num.files = 5 (custom)
2019-09-26 10:41:33,543 [pool-97-thread-1] INFO  server.RaftServerConfigKeys (ConfUtils.java:logGet(43)) - raft.server.retrycache.expirytime = 600000ms (custom)
2019-09-26 10:41:33,546 [pool-97-thread-1] INFO  impl.RaftServerImpl (RaftServerImpl.java:start(185)) - 62befdb0-85de-4829-8f28-5e2590b30fcb@group-D870C3A81C94: start as a follower, conf=-1: [62befdb0-85de-4829-8f28-5e2590b30fcb:192.168.30.13:38060], old=null
2019-09-26 10:41:33,547 [pool-97-thread-1] INFO  impl.RaftServerImpl (RaftServerImpl.java:setRole(174)) - 62befdb0-85de-4829-8f28-5e2590b30fcb@group-D870C3A81C94: changes role from      null to FOLLOWER at term 0 for startAsFollower
2019-09-26 10:41:33,547 [pool-97-thread-1] INFO  impl.RoleInfo (RoleInfo.java:updateAndGet(143)) - 62befdb0-85de-4829-8f28-5e2590b30fcb: start FollowerState
2019-09-26 10:41:33,547 [pool-97-thread-1] INFO  util.JmxRegister (JmxRegister.java:tryRegister(44)) - Successfully registered JMX Bean with object name Ratis:service=RaftServer,group=group-D870C3A81C94,id=62befdb0-85de-4829-8f28-5e2590b30fcb
2019-09-26 10:41:33,553 [RatisPipelineUtilsThread] INFO  pipeline.PipelineStateManager (PipelineStateManager.java:addPipeline(56)) - Created pipeline Pipeline[ Id: 9e9919f5-83a2-48fe-98e1-d870c3a81c94, Nodes: 62befdb0-85de-4829-8f28-5e2590b30fcb{ip: 192.168.30.13, host: pr-hdds-1569-wvzgm-824869521, networkLocation: /default-rack, certSerialId: null}, Type:RATIS, Factor:ONE, State:OPEN]
2019-09-26 10:41:33,553 [RatisPipelineUtilsThread] INFO  pipeline.PipelinePlacementPolicy (PipelinePlacementPolicy.java:meetCriteria(91)) - Pipeline Placement: can't place more pipeline on heavy datanode： c1893a92-03dd-4a23-a9af-4ff43bf2d333 Heaviness: 6 limit: 5
2019-09-26 10:41:33,553 [RatisPipelineUtilsThread] INFO  pipeline.PipelinePlacementPolicy (PipelinePlacementPolicy.java:meetCriteria(91)) - Pipeline Placement: can't place more pipeline on heavy datanode： c36b05fb-5243-46b0-a052-9c1a582fd56b Heaviness: 6 limit: 5
2019-09-26 10:41:33,563 [grpc-default-executor-0] INFO  impl.RaftServerProxy (RaftServerProxy.java:addNew(89)) - 62befdb0-85de-4829-8f28-5e2590b30fcb: addNew group-26E498F4DF31:[62befdb0-85de-4829-8f28-5e2590b30fcb:192.168.30.13:38060] returns group-26E498F4DF31:java.util.concurrent.CompletableFuture@697d6af2[Not completed]
2019-09-26 10:41:33,564 [pool-97-thread-1] INFO  impl.RaftServerImpl (RaftServerImpl.java:<init>(95)) - 62befdb0-85de-4829-8f28-5e2590b30fcb: new RaftServerImpl for group-26E498F4DF31:[62befdb0-85de-4829-8f28-5e2590b30fcb:192.168.30.13:38060] with ContainerStateMachine:uninitialized
2019-09-26 10:41:33,565 [pool-97-thread-1] INFO  server.RaftServerConfigKeys (ConfUtils.java:logGet(43)) - raft.server.rpc.timeout.min = 5s (custom)
2019-09-26 10:41:33,565 [pool-97-thread-1] INFO  server.RaftServerConfigKeys (ConfUtils.java:logGet(43)) - raft.server.rpc.timeout.max = 5200ms (custom)
2019-09-26 10:41:33,565 [pool-97-thread-1] INFO  server.RaftServerConfigKeys (ConfUtils.java:logGet(43)) - raft.server.rpcslowness.timeout = 120s (custom)
2019-09-26 10:41:33,565 [pool-97-thread-1] INFO  server.RaftServerConfigKeys (ConfUtils.java:logGet(43)) - raft.server.sleep.deviation.threshold = 300 (default)
2019-09-26 10:41:33,565 [pool-97-thread-1] INFO  server.RaftServerConfigKeys (ConfUtils.java:logGet(43)) - raft.server.log.appender.install.snapshot.enabled = false (custom)
2019-09-26 10:41:33,566 [pool-97-thread-1] INFO  impl.RaftServerImpl (ServerState.java:<init>(103)) - 62befdb0-85de-4829-8f28-5e2590b30fcb@group-26E498F4DF31: ConfigurationManager, init=-1: [62befdb0-85de-4829-8f28-5e2590b30fcb:192.168.30.13:38060], old=null, confs=<EMPTY_MAP>
2019-09-26 10:41:33,566 [pool-97-thread-1] INFO  server.RaftServerConfigKeys (ConfUtils.java:logGet(43)) - raft.server.storage.dir = [/workdir/hadoop-ozone/integration-test/target/test-dir/MiniOzoneClusterImpl-7728bda3-e39e-4fb4-adc7-89b1999467e6/datanode-2/data/ratis] (custom)
2019-09-26 10:41:33,566 [pool-97-thread-1] INFO  storage.RaftStorageDirectory (RaftStorageDirectory.java:analyzeStorage(246)) - The storage directory /workdir/hadoop-ozone/integration-test/target/test-dir/MiniOzoneClusterImpl-7728bda3-e39e-4fb4-adc7-89b1999467e6/datanode-2/data/ratis/89d54a04-f484-406c-bf40-26e498f4df31 does not exist. Creating ...
2019-09-26 10:41:33,580 [pool-97-thread-1] INFO  storage.RaftStorageDirectory (RaftStorageDirectory.java:tryLock(328)) - Lock on /workdir/hadoop-ozone/integration-test/target/test-dir/MiniOzoneClusterImpl-7728bda3-e39e-4fb4-adc7-89b1999467e6/datanode-2/data/ratis/89d54a04-f484-406c-bf40-26e498f4df31/in_use.lock acquired by nodename 10232@pr-hdds-1569-wvzgm-824869521
2019-09-26 10:41:33,593 [pool-97-thread-1] INFO  storage.RaftStorage (RaftStorage.java:format(72)) - Storage directory /workdir/hadoop-ozone/integration-test/target/test-dir/MiniOzoneClusterImpl-7728bda3-e39e-4fb4-adc7-89b1999467e6/datanode-2/data/ratis/89d54a04-f484-406c-bf40-26e498f4df31 has been successfully formatted.
2019-09-26 10:41:33,593 [pool-97-thread-1] INFO  ratis.ContainerStateMachine (ContainerStateMachine.java:loadSnapshot(230)) - group-26E498F4DF31: The snapshot info is null. Setting the last applied indexto:(t:0, i:~)
2019-09-26 10:41:33,594 [pool-97-thread-1] INFO  server.RaftServerConfigKeys (ConfUtils.java:logGet(43)) - raft.server.notification.no-leader.timeout = 120s (custom)
2019-09-26 10:41:33,594 [pool-97-thread-1] INFO  server.RaftServerConfigKeys (ConfUtils.java:logGet(43)) - raft.server.log.use.memory = false (default)
2019-09-26 10:41:33,594 [pool-97-thread-1] INFO  server.RaftServerConfigKeys (ConfUtils.java:logGet(43)) - raft.server.log.purge.gap = 1000000 (custom)
2019-09-26 10:41:33,594 [pool-97-thread-1] INFO  server.RaftServerConfigKeys (ConfUtils.java:logGet(43)) - raft.server.log.appender.buffer.byte-limit = 33554432 (custom)
2019-09-26 10:41:33,595 [pool-97-thread-1] INFO  server.RaftServerConfigKeys (ConfUtils.java:logGet(43)) - raft.server.log.segment.size.max = 1048576 (custom)
2019-09-26 10:41:33,595 [pool-97-thread-1] INFO  server.RaftServerConfigKeys (ConfUtils.java:logGet(43)) - raft.server.log.segment.cache.num.max = 2 (custom)
2019-09-26 10:41:33,595 [pool-97-thread-1] INFO  segmented.SegmentedRaftLogWorker (SegmentedRaftLogWorker.java:<init>(172)) - new 62befdb0-85de-4829-8f28-5e2590b30fcb@group-26E498F4DF31-SegmentedRaftLogWorker for RaftStorage:Storage Directory /workdir/hadoop-ozone/integration-test/target/test-dir/MiniOzoneClusterImpl-7728bda3-e39e-4fb4-adc7-89b1999467e6/datanode-2/data/ratis/89d54a04-f484-406c-bf40-26e498f4df31
2019-09-26 10:41:33,595 [pool-97-thread-1] INFO  server.RaftServerConfigKeys (ConfUtils.java:logGet(43)) - raft.server.log.queue.byte-limit = 2147483647 (custom)
2019-09-26 10:41:33,595 [pool-97-thread-1] INFO  server.RaftServerConfigKeys (ConfUtils.java:logGet(43)) - raft.server.log.queue.element-limit = 1024 (custom)
2019-09-26 10:41:33,596 [pool-97-thread-1] INFO  server.RaftServerConfigKeys (ConfUtils.java:logGet(43)) - raft.server.log.segment.size.max = 1048576 (custom)
2019-09-26 10:41:33,596 [pool-97-thread-1] INFO  server.RaftServerConfigKeys (ConfUtils.java:logGet(43)) - raft.server.log.preallocated.size = 16384 (custom)
2019-09-26 10:41:33,596 [pool-97-thread-1] INFO  server.RaftServerConfigKeys (ConfUtils.java:logGet(43)) - raft.server.log.write.buffer.size = 33554432 (custom)
2019-09-26 10:41:33,596 [pool-97-thread-1] INFO  server.RaftServerConfigKeys (ConfUtils.java:logGet(43)) - raft.server.log.force.sync.num = 128 (default)
2019-09-26 10:41:33,596 [pool-97-thread-1] INFO  server.RaftServerConfigKeys (ConfUtils.java:logGet(43)) - raft.server.log.statemachine.data.sync = true (default)
2019-09-26 10:41:33,597 [pool-97-thread-1] INFO  server.RaftServerConfigKeys (ConfUtils.java:logGet(43)) - raft.server.log.statemachine.data.sync.timeout = 10s (default)
2019-09-26 10:41:33,597 [pool-97-thread-1] INFO  server.RaftServerConfigKeys (ConfUtils.java:logGet(43)) - raft.server.log.statemachine.data.sync.timeout.retry = -1 (default)
2019-09-26 10:41:33,597 [pool-97-thread-1] INFO  server.RaftServerConfigKeys (ConfUtils.java:logGet(43)) - raft.server.log.statemachine.data.caching.enabled = true (custom)
2019-09-26 10:41:33,597 [pool-97-thread-1] INFO  segmented.SegmentedRaftLogWorker (SegmentedRaftLogWorker.java:lambda$new$0(132)) - 62befdb0-85de-4829-8f28-5e2590b30fcb@group-26E498F4DF31-SegmentedRaftLogWorker: flushIndex: setUnconditionally 0 -> -1
2019-09-26 10:41:33,598 [pool-97-thread-1] INFO  server.RaftServerConfigKeys (ConfUtils.java:logGet(43)) - raft.server.snapshot.auto.trigger.enabled = true (custom)
2019-09-26 10:41:33,598 [pool-97-thread-1] INFO  server.RaftServerConfigKeys (ConfUtils.java:logGet(43)) - raft.server.snapshot.auto.trigger.threshold = 10000 (custom)
2019-09-26 10:41:33,598 [pool-97-thread-1] INFO  server.RaftServerConfigKeys (ConfUtils.java:logGet(43)) - raft.server.snapshot.retention.num.files = 5 (custom)
2019-09-26 10:41:33,598 [pool-97-thread-1] INFO  server.RaftServerConfigKeys (ConfUtils.java:logGet(43)) - raft.server.retrycache.expirytime = 600000ms (custom)
2019-09-26 10:41:33,601 [pool-97-thread-1] INFO  impl.RaftServerImpl (RaftServerImpl.java:start(185)) - 62befdb0-85de-4829-8f28-5e2590b30fcb@group-26E498F4DF31: start as a follower, conf=-1: [62befdb0-85de-4829-8f28-5e2590b30fcb:192.168.30.13:38060], old=null
2019-09-26 10:41:33,601 [pool-97-thread-1] INFO  impl.RaftServerImpl (RaftServerImpl.java:setRole(174)) - 62befdb0-85de-4829-8f28-5e2590b30fcb@group-26E498F4DF31: changes role from      null to FOLLOWER at term 0 for startAsFollower
2019-09-26 10:41:33,602 [pool-97-thread-1] INFO  impl.RoleInfo (RoleInfo.java:updateAndGet(143)) - 62befdb0-85de-4829-8f28-5e2590b30fcb: start FollowerState
2019-09-26 10:41:33,602 [pool-97-thread-1] INFO  util.JmxRegister (JmxRegister.java:tryRegister(44)) - Successfully registered JMX Bean with object name Ratis:service=RaftServer,group=group-26E498F4DF31,id=62befdb0-85de-4829-8f28-5e2590b30fcb
2019-09-26 10:41:33,607 [RatisPipelineUtilsThread] INFO  pipeline.PipelineStateManager (PipelineStateManager.java:addPipeline(56)) - Created pipeline Pipeline[ Id: 89d54a04-f484-406c-bf40-26e498f4df31, Nodes: 62befdb0-85de-4829-8f28-5e2590b30fcb{ip: 192.168.30.13, host: pr-hdds-1569-wvzgm-824869521, networkLocation: /default-rack, certSerialId: null}, Type:RATIS, Factor:ONE, State:OPEN]
2019-09-26 10:41:33,607 [RatisPipelineUtilsThread] INFO  pipeline.PipelinePlacementPolicy (PipelinePlacementPolicy.java:meetCriteria(91)) - Pipeline Placement: can't place more pipeline on heavy datanode： 62befdb0-85de-4829-8f28-5e2590b30fcb Heaviness: 6 limit: 5
2019-09-26 10:41:33,608 [RatisPipelineUtilsThread] INFO  pipeline.PipelinePlacementPolicy (PipelinePlacementPolicy.java:meetCriteria(91)) - Pipeline Placement: can't place more pipeline on heavy datanode： c1893a92-03dd-4a23-a9af-4ff43bf2d333 Heaviness: 6 limit: 5
2019-09-26 10:41:33,608 [RatisPipelineUtilsThread] INFO  pipeline.PipelinePlacementPolicy (PipelinePlacementPolicy.java:meetCriteria(91)) - Pipeline Placement: can't place more pipeline on heavy datanode： c36b05fb-5243-46b0-a052-9c1a582fd56b Heaviness: 6 limit: 5
2019-09-26 10:41:33,608 [RatisPipelineUtilsThread] ERROR pipeline.PipelinePlacementPolicy (PipelinePlacementPolicy.java:filterViableNodes(148)) - Unable to find enough nodes that meet the criteria that cannot engage in more than 5 pipelines. Nodes required: 1 Found: 0, healthy nodes count inNodeManager: 3.
2019-09-26 10:41:33,608 [RatisPipelineUtilsThread] ERROR pipeline.SCMPipelineManager (SCMPipelineManager.java:createPipeline(167)) - Pipeline creation failed.
org.apache.hadoop.hdds.scm.exceptions.SCMException: Unable to find enough nodes that meet the criteria that cannot engage in more than 5 pipelines. Nodes required: 1 Found: 0, healthy nodes count inNodeManager: 3.
	at org.apache.hadoop.hdds.scm.pipeline.PipelinePlacementPolicy.filterViableNodes(PipelinePlacementPolicy.java:149)
	at org.apache.hadoop.hdds.scm.pipeline.PipelinePlacementPolicy.chooseDatanodes(PipelinePlacementPolicy.java:172)
	at org.apache.hadoop.hdds.scm.pipeline.RatisPipelineProvider.create(RatisPipelineProvider.java:93)
	at org.apache.hadoop.hdds.scm.pipeline.PipelineFactory.create(PipelineFactory.java:58)
	at org.apache.hadoop.hdds.scm.pipeline.SCMPipelineManager.createPipeline(SCMPipelineManager.java:155)
	at org.apache.hadoop.hdds.scm.pipeline.BackgroundPipelineCreator.createPipelines(BackgroundPipelineCreator.java:99)
	at java.util.concurrent.Executors$RunnableAdapter.call(Executors.java:511)
	at java.util.concurrent.FutureTask.run(FutureTask.java:266)
	at java.util.concurrent.ScheduledThreadPoolExecutor$ScheduledFutureTask.access$201(ScheduledThreadPoolExecutor.java:180)
	at java.util.concurrent.ScheduledThreadPoolExecutor$ScheduledFutureTask.run(ScheduledThreadPoolExecutor.java:293)
	at java.util.concurrent.ThreadPoolExecutor.runWorker(ThreadPoolExecutor.java:1149)
	at java.util.concurrent.ThreadPoolExecutor$Worker.run(ThreadPoolExecutor.java:624)
	at java.lang.Thread.run(Thread.java:748)
2019-09-26 10:41:33,609 [RatisPipelineUtilsThread] INFO  pipeline.PipelinePlacementPolicy (PipelinePlacementPolicy.java:meetCriteria(91)) - Pipeline Placement: can't place more pipeline on heavy datanode： 62befdb0-85de-4829-8f28-5e2590b30fcb Heaviness: 6 limit: 5
2019-09-26 10:41:33,609 [RatisPipelineUtilsThread] INFO  pipeline.PipelinePlacementPolicy (PipelinePlacementPolicy.java:meetCriteria(91)) - Pipeline Placement: can't place more pipeline on heavy datanode： c1893a92-03dd-4a23-a9af-4ff43bf2d333 Heaviness: 6 limit: 5
2019-09-26 10:41:33,610 [RatisPipelineUtilsThread] INFO  pipeline.PipelinePlacementPolicy (PipelinePlacementPolicy.java:meetCriteria(91)) - Pipeline Placement: can't place more pipeline on heavy datanode： c36b05fb-5243-46b0-a052-9c1a582fd56b Heaviness: 6 limit: 5
2019-09-26 10:41:33,610 [RatisPipelineUtilsThread] ERROR pipeline.PipelinePlacementPolicy (PipelinePlacementPolicy.java:filterViableNodes(148)) - Unable to find enough nodes that meet the criteria that cannot engage in more than 5 pipelines. Nodes required: 3 Found: 0, healthy nodes count inNodeManager: 3.
2019-09-26 10:41:33,610 [RatisPipelineUtilsThread] ERROR pipeline.SCMPipelineManager (SCMPipelineManager.java:createPipeline(167)) - Pipeline creation failed.
org.apache.hadoop.hdds.scm.exceptions.SCMException: Unable to find enough nodes that meet the criteria that cannot engage in more than 5 pipelines. Nodes required: 3 Found: 0, healthy nodes count inNodeManager: 3.
	at org.apache.hadoop.hdds.scm.pipeline.PipelinePlacementPolicy.filterViableNodes(PipelinePlacementPolicy.java:149)
	at org.apache.hadoop.hdds.scm.pipeline.PipelinePlacementPolicy.chooseDatanodes(PipelinePlacementPolicy.java:172)
	at org.apache.hadoop.hdds.scm.pipeline.RatisPipelineProvider.create(RatisPipelineProvider.java:93)
	at org.apache.hadoop.hdds.scm.pipeline.PipelineFactory.create(PipelineFactory.java:58)
	at org.apache.hadoop.hdds.scm.pipeline.SCMPipelineManager.createPipeline(SCMPipelineManager.java:155)
	at org.apache.hadoop.hdds.scm.pipeline.BackgroundPipelineCreator.createPipelines(BackgroundPipelineCreator.java:99)
	at java.util.concurrent.Executors$RunnableAdapter.call(Executors.java:511)
	at java.util.concurrent.FutureTask.run(FutureTask.java:266)
	at java.util.concurrent.ScheduledThreadPoolExecutor$ScheduledFutureTask.access$201(ScheduledThreadPoolExecutor.java:180)
	at java.util.concurrent.ScheduledThreadPoolExecutor$ScheduledFutureTask.run(ScheduledThreadPoolExecutor.java:293)
	at java.util.concurrent.ThreadPoolExecutor.runWorker(ThreadPoolExecutor.java:1149)
	at java.util.concurrent.ThreadPoolExecutor$Worker.run(ThreadPoolExecutor.java:624)
	at java.lang.Thread.run(Thread.java:748)
2019-09-26 10:41:33,611 [RatisPipelineUtilsThread] INFO  pipeline.PipelinePlacementPolicy (PipelinePlacementPolicy.java:meetCriteria(91)) - Pipeline Placement: can't place more pipeline on heavy datanode： 62befdb0-85de-4829-8f28-5e2590b30fcb Heaviness: 6 limit: 5
2019-09-26 10:41:33,611 [RatisPipelineUtilsThread] INFO  pipeline.PipelinePlacementPolicy (PipelinePlacementPolicy.java:meetCriteria(91)) - Pipeline Placement: can't place more pipeline on heavy datanode： c1893a92-03dd-4a23-a9af-4ff43bf2d333 Heaviness: 6 limit: 5
2019-09-26 10:41:33,611 [RatisPipelineUtilsThread] INFO  pipeline.PipelinePlacementPolicy (PipelinePlacementPolicy.java:meetCriteria(91)) - Pipeline Placement: can't place more pipeline on heavy datanode： c36b05fb-5243-46b0-a052-9c1a582fd56b Heaviness: 6 limit: 5
2019-09-26 10:41:33,611 [RatisPipelineUtilsThread] ERROR pipeline.PipelinePlacementPolicy (PipelinePlacementPolicy.java:filterViableNodes(148)) - Unable to find enough nodes that meet the criteria that cannot engage in more than 5 pipelines. Nodes required: 1 Found: 0, healthy nodes count inNodeManager: 3.
2019-09-26 10:41:33,611 [RatisPipelineUtilsThread] ERROR pipeline.SCMPipelineManager (SCMPipelineManager.java:createPipeline(167)) - Pipeline creation failed.
org.apache.hadoop.hdds.scm.exceptions.SCMException: Unable to find enough nodes that meet the criteria that cannot engage in more than 5 pipelines. Nodes required: 1 Found: 0, healthy nodes count inNodeManager: 3.
	at org.apache.hadoop.hdds.scm.pipeline.PipelinePlacementPolicy.filterViableNodes(PipelinePlacementPolicy.java:149)
	at org.apache.hadoop.hdds.scm.pipeline.PipelinePlacementPolicy.chooseDatanodes(PipelinePlacementPolicy.java:172)
	at org.apache.hadoop.hdds.scm.pipeline.RatisPipelineProvider.create(RatisPipelineProvider.java:93)
	at org.apache.hadoop.hdds.scm.pipeline.PipelineFactory.create(PipelineFactory.java:58)
	at org.apache.hadoop.hdds.scm.pipeline.SCMPipelineManager.createPipeline(SCMPipelineManager.java:155)
	at org.apache.hadoop.hdds.scm.pipeline.BackgroundPipelineCreator.createPipelines(BackgroundPipelineCreator.java:99)
	at org.apache.hadoop.hdds.scm.pipeline.BackgroundPipelineCreator.lambda$startFixedIntervalPipelineCreator$0(BackgroundPipelineCreator.java:70)
	at java.util.concurrent.Executors$RunnableAdapter.call(Executors.java:511)
	at java.util.concurrent.FutureTask.runAndReset(FutureTask.java:308)
	at java.util.concurrent.ScheduledThreadPoolExecutor$ScheduledFutureTask.access$301(ScheduledThreadPoolExecutor.java:180)
	at java.util.concurrent.ScheduledThreadPoolExecutor$ScheduledFutureTask.run(ScheduledThreadPoolExecutor.java:294)
	at java.util.concurrent.ThreadPoolExecutor.runWorker(ThreadPoolExecutor.java:1149)
	at java.util.concurrent.ThreadPoolExecutor$Worker.run(ThreadPoolExecutor.java:624)
	at java.lang.Thread.run(Thread.java:748)
2019-09-26 10:41:33,612 [RatisPipelineUtilsThread] INFO  pipeline.PipelinePlacementPolicy (PipelinePlacementPolicy.java:meetCriteria(91)) - Pipeline Placement: can't place more pipeline on heavy datanode： 62befdb0-85de-4829-8f28-5e2590b30fcb Heaviness: 6 limit: 5
2019-09-26 10:41:33,612 [RatisPipelineUtilsThread] INFO  pipeline.PipelinePlacementPolicy (PipelinePlacementPolicy.java:meetCriteria(91)) - Pipeline Placement: can't place more pipeline on heavy datanode： c1893a92-03dd-4a23-a9af-4ff43bf2d333 Heaviness: 6 limit: 5
2019-09-26 10:41:33,612 [RatisPipelineUtilsThread] INFO  pipeline.PipelinePlacementPolicy (PipelinePlacementPolicy.java:meetCriteria(91)) - Pipeline Placement: can't place more pipeline on heavy datanode： c36b05fb-5243-46b0-a052-9c1a582fd56b Heaviness: 6 limit: 5
2019-09-26 10:41:33,613 [RatisPipelineUtilsThread] ERROR pipeline.PipelinePlacementPolicy (PipelinePlacementPolicy.java:filterViableNodes(148)) - Unable to find enough nodes that meet the criteria that cannot engage in more than 5 pipelines. Nodes required: 3 Found: 0, healthy nodes count inNodeManager: 3.
2019-09-26 10:41:33,613 [RatisPipelineUtilsThread] ERROR pipeline.SCMPipelineManager (SCMPipelineManager.java:createPipeline(167)) - Pipeline creation failed.
org.apache.hadoop.hdds.scm.exceptions.SCMException: Unable to find enough nodes that meet the criteria that cannot engage in more than 5 pipelines. Nodes required: 3 Found: 0, healthy nodes count inNodeManager: 3.
	at org.apache.hadoop.hdds.scm.pipeline.PipelinePlacementPolicy.filterViableNodes(PipelinePlacementPolicy.java:149)
	at org.apache.hadoop.hdds.scm.pipeline.PipelinePlacementPolicy.chooseDatanodes(PipelinePlacementPolicy.java:172)
	at org.apache.hadoop.hdds.scm.pipeline.RatisPipelineProvider.create(RatisPipelineProvider.java:93)
	at org.apache.hadoop.hdds.scm.pipeline.PipelineFactory.create(PipelineFactory.java:58)
	at org.apache.hadoop.hdds.scm.pipeline.SCMPipelineManager.createPipeline(SCMPipelineManager.java:155)
	at org.apache.hadoop.hdds.scm.pipeline.BackgroundPipelineCreator.createPipelines(BackgroundPipelineCreator.java:99)
	at org.apache.hadoop.hdds.scm.pipeline.BackgroundPipelineCreator.lambda$startFixedIntervalPipelineCreator$0(BackgroundPipelineCreator.java:70)
	at java.util.concurrent.Executors$RunnableAdapter.call(Executors.java:511)
	at java.util.concurrent.FutureTask.runAndReset(FutureTask.java:308)
	at java.util.concurrent.ScheduledThreadPoolExecutor$ScheduledFutureTask.access$301(ScheduledThreadPoolExecutor.java:180)
	at java.util.concurrent.ScheduledThreadPoolExecutor$ScheduledFutureTask.run(ScheduledThreadPoolExecutor.java:294)
	at java.util.concurrent.ThreadPoolExecutor.runWorker(ThreadPoolExecutor.java:1149)
	at java.util.concurrent.ThreadPoolExecutor$Worker.run(ThreadPoolExecutor.java:624)
	at java.lang.Thread.run(Thread.java:748)
2019-09-26 10:41:33,748 [main] INFO  ozone.MiniOzoneClusterImpl (MiniOzoneClusterImpl.java:lambda$waitForClusterToBeReady$0(147)) - Cluster is ready. Got 3 of 3 DN Heartbeats.
2019-09-26 10:41:33,748 [main] INFO  pipeline.PipelinePlacementPolicy (PipelinePlacementPolicy.java:meetCriteria(91)) - Pipeline Placement: can't place more pipeline on heavy datanode： 62befdb0-85de-4829-8f28-5e2590b30fcb Heaviness: 6 limit: 5
2019-09-26 10:41:33,749 [main] INFO  pipeline.PipelinePlacementPolicy (PipelinePlacementPolicy.java:meetCriteria(91)) - Pipeline Placement: can't place more pipeline on heavy datanode： c1893a92-03dd-4a23-a9af-4ff43bf2d333 Heaviness: 6 limit: 5
2019-09-26 10:41:33,749 [main] INFO  pipeline.PipelinePlacementPolicy (PipelinePlacementPolicy.java:meetCriteria(91)) - Pipeline Placement: can't place more pipeline on heavy datanode： c36b05fb-5243-46b0-a052-9c1a582fd56b Heaviness: 6 limit: 5
2019-09-26 10:41:33,749 [main] ERROR pipeline.PipelinePlacementPolicy (PipelinePlacementPolicy.java:filterViableNodes(148)) - Unable to find enough nodes that meet the criteria that cannot engage in more than 5 pipelines. Nodes required: 3 Found: 0, healthy nodes count inNodeManager: 3.
2019-09-26 10:41:33,750 [main] ERROR pipeline.SCMPipelineManager (SCMPipelineManager.java:createPipeline(167)) - Pipeline creation failed.
org.apache.hadoop.hdds.scm.exceptions.SCMException: Unable to find enough nodes that meet the criteria that cannot engage in more than 5 pipelines. Nodes required: 3 Found: 0, healthy nodes count inNodeManager: 3.
	at org.apache.hadoop.hdds.scm.pipeline.PipelinePlacementPolicy.filterViableNodes(PipelinePlacementPolicy.java:149)
	at org.apache.hadoop.hdds.scm.pipeline.PipelinePlacementPolicy.chooseDatanodes(PipelinePlacementPolicy.java:172)
	at org.apache.hadoop.hdds.scm.pipeline.RatisPipelineProvider.create(RatisPipelineProvider.java:93)
	at org.apache.hadoop.hdds.scm.pipeline.PipelineFactory.create(PipelineFactory.java:58)
	at org.apache.hadoop.hdds.scm.pipeline.SCMPipelineManager.createPipeline(SCMPipelineManager.java:155)
	at org.apache.hadoop.hdds.scm.container.ContainerStateManager.allocateContainer(ContainerStateManager.java:255)
	at org.apache.hadoop.hdds.scm.container.SCMContainerManager.allocateContainer(SCMContainerManager.java:247)
	at org.apache.hadoop.hdds.scm.pipeline.TestPipelineClose.init(TestPipelineClose.java:92)
	at sun.reflect.NativeMethodAccessorImpl.invoke0(Native Method)
	at sun.reflect.NativeMethodAccessorImpl.invoke(NativeMethodAccessorImpl.java:62)
	at sun.reflect.DelegatingMethodAccessorImpl.invoke(DelegatingMethodAccessorImpl.java:43)
	at java.lang.reflect.Method.invoke(Method.java:498)
	at org.junit.runners.model.FrameworkMethod$1.runReflectiveCall(FrameworkMethod.java:47)
	at org.junit.internal.runners.model.ReflectiveCallable.run(ReflectiveCallable.java:12)
	at org.junit.runners.model.FrameworkMethod.invokeExplosively(FrameworkMethod.java:44)
	at org.junit.internal.runners.statements.RunBefores.evaluate(RunBefores.java:24)
	at org.junit.internal.runners.statements.RunAfters.evaluate(RunAfters.java:27)
	at org.junit.runners.ParentRunner.runLeaf(ParentRunner.java:271)
	at org.junit.runners.BlockJUnit4ClassRunner.runChild(BlockJUnit4ClassRunner.java:70)
	at org.junit.runners.BlockJUnit4ClassRunner.runChild(BlockJUnit4ClassRunner.java:50)
	at org.junit.runners.ParentRunner$3.run(ParentRunner.java:238)
	at org.junit.runners.ParentRunner$1.schedule(ParentRunner.java:63)
	at org.junit.runners.ParentRunner.runChildren(ParentRunner.java:236)
	at org.junit.runners.ParentRunner.access$000(ParentRunner.java:53)
	at org.junit.runners.ParentRunner$2.evaluate(ParentRunner.java:229)
	at org.junit.runners.ParentRunner.run(ParentRunner.java:309)
	at org.apache.maven.surefire.junit4.JUnit4Provider.execute(JUnit4Provider.java:365)
	at org.apache.maven.surefire.junit4.JUnit4Provider.executeWithRerun(JUnit4Provider.java:273)
	at org.apache.maven.surefire.junit4.JUnit4Provider.executeTestSet(JUnit4Provider.java:238)
	at org.apache.maven.surefire.junit4.JUnit4Provider.invoke(JUnit4Provider.java:159)
	at org.apache.maven.surefire.booter.ForkedBooter.invokeProviderInSameClassLoader(ForkedBooter.java:384)
	at org.apache.maven.surefire.booter.ForkedBooter.runSuitesInProcess(ForkedBooter.java:345)
	at org.apache.maven.surefire.booter.ForkedBooter.execute(ForkedBooter.java:126)
	at org.apache.maven.surefire.booter.ForkedBooter.main(ForkedBooter.java:418)
2019-09-26 10:41:33,751 [main] INFO  ozone.MiniOzoneClusterImpl (MiniOzoneClusterImpl.java:shutdown(314)) - Shutting down the Mini Ozone Cluster
2019-09-26 10:41:33,751 [main] INFO  ozone.MiniOzoneClusterImpl (MiniOzoneClusterImpl.java:stop(330)) - Stopping the Mini Ozone Cluster
2019-09-26 10:41:33,751 [main] INFO  ozone.MiniOzoneClusterImpl (MiniOzoneClusterImpl.java:stopOM(400)) - Stopping the OzoneManager
2019-09-26 10:41:33,751 [main] INFO  ipc.Server (Server.java:stop(3082)) - Stopping server on 34424
2019-09-26 10:41:33,769 [IPC Server listener on 34424] INFO  ipc.Server (Server.java:run(1185)) - Stopping IPC Server listener on 34424
2019-09-26 10:41:33,769 [main] INFO  ratis.OzoneManagerDoubleBuffer (OzoneManagerDoubleBuffer.java:stop(248)) - Stopping OMDoubleBuffer flush thread
2019-09-26 10:41:33,771 [IPC Server Responder] INFO  ipc.Server (Server.java:run(1319)) - Stopping IPC Server Responder
2019-09-26 10:41:33,779 [OMDoubleBufferFlushThread] INFO  ratis.OzoneManagerDoubleBuffer (OzoneManagerDoubleBuffer.java:flushTransactions(191)) - OMDoubleBuffer flush thread OMDoubleBufferFlushThread is interrupted and will exit. OMDoubleBufferFlushThread
2019-09-26 10:41:33,779 [main] INFO  utils.BackgroundService (BackgroundService.java:shutdown(148)) - Shutting down service KeyDeletingService
2019-09-26 10:41:33,780 [main] INFO  handler.ContextHandler (ContextHandler.java:doStop(910)) - Stopped o.e.j.w.WebAppContext@23f86d8a{/,null,UNAVAILABLE}{/ozoneManager}
2019-09-26 10:41:33,781 [main] INFO  server.AbstractConnector (AbstractConnector.java:doStop(318)) - Stopped ServerConnector@2264ea32{HTTP/1.1,[http/1.1]}{0.0.0.0:0}
2019-09-26 10:41:33,782 [main] INFO  handler.ContextHandler (ContextHandler.java:doStop(910)) - Stopped o.e.j.s.ServletContextHandler@7412ed6b{/static,file:///workdir/hadoop-ozone/integration-test/target/test-classes/webapps/static,UNAVAILABLE}
2019-09-26 10:41:33,782 [main] INFO  handler.ContextHandler (ContextHandler.java:doStop(910)) - Stopped o.e.j.s.ServletContextHandler@46aa712c{/logs,file:///workdir/hadoop-ozone/integration-test/target/log,UNAVAILABLE}
2019-09-26 10:41:33,784 [main] INFO  ozone.MiniOzoneClusterImpl (MiniOzoneClusterImpl.java:stopDatanodes(377)) - Stopping the HddsDatanodes
2019-09-26 10:41:34,559 [Datanode State Machine Thread - 0] INFO  statemachine.DatanodeStateMachine (DatanodeStateMachine.java:lambda$startDaemon$0(350)) - Ozone container server started.
2019-09-26 10:41:34,648 [Datanode State Machine Thread - 0] INFO  statemachine.DatanodeStateMachine (DatanodeStateMachine.java:lambda$startDaemon$0(350)) - Ozone container server started.
2019-09-26 10:41:35,573 [Thread-441] INFO  container.ReplicationManager (ReplicationManager.java:start(163)) - Starting Replication Monitor Thread.
2019-09-26 10:41:35,576 [ReplicationMonitor] INFO  container.ReplicationManager (ReplicationManager.java:run(226)) - Replication Monitor Thread took 0 milliseconds for processing 0 containers.
2019-09-26 10:41:37,720 [Thread-443] INFO  impl.FollowerState (FollowerState.java:run(106)) - c1893a92-03dd-4a23-a9af-4ff43bf2d333:group-BC8B4882CBDF changes to CANDIDATE, lastRpcTime:5082, electionTimeout:5082ms
2019-09-26 10:41:37,721 [Thread-443] INFO  impl.RoleInfo (RoleInfo.java:shutdownFollowerState(121)) - c1893a92-03dd-4a23-a9af-4ff43bf2d333: shutdown FollowerState
2019-09-26 10:41:37,721 [Thread-443] INFO  impl.RaftServerImpl (RaftServerImpl.java:setRole(174)) - c1893a92-03dd-4a23-a9af-4ff43bf2d333@group-BC8B4882CBDF: changes role from  FOLLOWER to CANDIDATE at term 0 for changeToCandidate
2019-09-26 10:41:37,721 [Thread-443] INFO  impl.RoleInfo (RoleInfo.java:updateAndGet(143)) - c1893a92-03dd-4a23-a9af-4ff43bf2d333: start LeaderElection
2019-09-26 10:41:37,740 [c1893a92-03dd-4a23-a9af-4ff43bf2d333@group-BC8B4882CBDF:LeaderElection19] INFO  impl.LeaderElection (LeaderElection.java:askForVotes(182)) - c1893a92-03dd-4a23-a9af-4ff43bf2d333@group-BC8B4882CBDF:LeaderElection19: begin an election at term 1 for -1: [c1893a92-03dd-4a23-a9af-4ff43bf2d333:192.168.30.13:36902], old=null
2019-09-26 10:41:37,741 [c1893a92-03dd-4a23-a9af-4ff43bf2d333@group-BC8B4882CBDF:LeaderElection19] INFO  impl.RoleInfo (RoleInfo.java:shutdownLeaderElection(134)) - c1893a92-03dd-4a23-a9af-4ff43bf2d333: shutdown LeaderElection
2019-09-26 10:41:37,741 [c1893a92-03dd-4a23-a9af-4ff43bf2d333@group-BC8B4882CBDF:LeaderElection19] INFO  impl.RaftServerImpl (RaftServerImpl.java:setRole(174)) - c1893a92-03dd-4a23-a9af-4ff43bf2d333@group-BC8B4882CBDF: changes role from CANDIDATE to LEADER at term 1 for changeToLeader
2019-09-26 10:41:37,741 [c1893a92-03dd-4a23-a9af-4ff43bf2d333@group-BC8B4882CBDF:LeaderElection19] INFO  impl.RaftServerImpl (ServerState.java:setLeader(253)) - c1893a92-03dd-4a23-a9af-4ff43bf2d333@group-BC8B4882CBDF: change Leader from null to c1893a92-03dd-4a23-a9af-4ff43bf2d333 at term 1 for becomeLeader, leader elected after 5112ms
2019-09-26 10:41:37,742 [c1893a92-03dd-4a23-a9af-4ff43bf2d333@group-BC8B4882CBDF:LeaderElection19] INFO  server.RaftServerConfigKeys (ConfUtils.java:logGet(43)) - raft.server.staging.catchup.gap = 1000 (default)
2019-09-26 10:41:37,743 [c1893a92-03dd-4a23-a9af-4ff43bf2d333@group-BC8B4882CBDF:LeaderElection19] INFO  server.RaftServerConfigKeys (ConfUtils.java:logGet(43)) - raft.server.rpc.sleep.time = 25ms (default)
2019-09-26 10:41:37,743 [c1893a92-03dd-4a23-a9af-4ff43bf2d333@group-BC8B4882CBDF:LeaderElection19] INFO  server.RaftServerConfigKeys (ConfUtils.java:logGet(43)) - raft.server.write.element-limit = 4096 (default)
2019-09-26 10:41:37,743 [c1893a92-03dd-4a23-a9af-4ff43bf2d333@group-BC8B4882CBDF:LeaderElection19] INFO  server.RaftServerConfigKeys (ConfUtils.java:logGet(43)) - raft.server.watch.timeout = 10s (default)
2019-09-26 10:41:37,743 [c1893a92-03dd-4a23-a9af-4ff43bf2d333@group-BC8B4882CBDF:LeaderElection19] INFO  server.RaftServerConfigKeys (ConfUtils.java:logGet(43)) - raft.server.watch.timeout.denomination = 1s (default)
2019-09-26 10:41:37,743 [c1893a92-03dd-4a23-a9af-4ff43bf2d333@group-BC8B4882CBDF:LeaderElection19] INFO  server.RaftServerConfigKeys (ConfUtils.java:logGet(43)) - raft.server.watch.element-limit = 65536 (default)
2019-09-26 10:41:37,747 [c1893a92-03dd-4a23-a9af-4ff43bf2d333@group-BC8B4882CBDF:LeaderElection19] INFO  impl.RoleInfo (RoleInfo.java:updateAndGet(143)) - c1893a92-03dd-4a23-a9af-4ff43bf2d333: start LeaderState
2019-09-26 10:41:37,747 [c1893a92-03dd-4a23-a9af-4ff43bf2d333@group-BC8B4882CBDF:LeaderElection19] INFO  segmented.SegmentedRaftLogWorker (SegmentedRaftLogWorker.java:startLogSegment(380)) - c1893a92-03dd-4a23-a9af-4ff43bf2d333@group-BC8B4882CBDF-SegmentedRaftLogWorker: Starting segment from index:0
2019-09-26 10:41:37,748 [c1893a92-03dd-4a23-a9af-4ff43bf2d333@group-BC8B4882CBDF:LeaderElection19] INFO  impl.RaftServerImpl (ServerState.java:setRaftConf(354)) - c1893a92-03dd-4a23-a9af-4ff43bf2d333@group-BC8B4882CBDF: set configuration 0: [c1893a92-03dd-4a23-a9af-4ff43bf2d333:192.168.30.13:36902], old=null at 0
2019-09-26 10:41:37,786 [Thread-449] INFO  impl.FollowerState (FollowerState.java:run(106)) - c1893a92-03dd-4a23-a9af-4ff43bf2d333:group-5F2FAB517CBC changes to CANDIDATE, lastRpcTime:5009, electionTimeout:5001ms
2019-09-26 10:41:37,786 [Thread-449] INFO  impl.RoleInfo (RoleInfo.java:shutdownFollowerState(121)) - c1893a92-03dd-4a23-a9af-4ff43bf2d333: shutdown FollowerState
2019-09-26 10:41:37,787 [Thread-449] INFO  impl.RaftServerImpl (RaftServerImpl.java:setRole(174)) - c1893a92-03dd-4a23-a9af-4ff43bf2d333@group-5F2FAB517CBC: changes role from  FOLLOWER to CANDIDATE at term 0 for changeToCandidate
2019-09-26 10:41:37,787 [Thread-449] INFO  impl.RoleInfo (RoleInfo.java:updateAndGet(143)) - c1893a92-03dd-4a23-a9af-4ff43bf2d333: start LeaderElection
2019-09-26 10:41:37,802 [c1893a92-03dd-4a23-a9af-4ff43bf2d333@group-BC8B4882CBDF-SegmentedRaftLogWorker] INFO  segmented.SegmentedRaftLogWorker (SegmentedRaftLogWorker.java:execute(569)) - c1893a92-03dd-4a23-a9af-4ff43bf2d333@group-BC8B4882CBDF-SegmentedRaftLogWorker: created new log segment /workdir/hadoop-ozone/integration-test/target/test-dir/MiniOzoneClusterImpl-7728bda3-e39e-4fb4-adc7-89b1999467e6/datanode-0/data/ratis/adf97997-de09-4f6e-8a07-bc8b4882cbdf/current/log_inprogress_0
2019-09-26 10:41:37,815 [c1893a92-03dd-4a23-a9af-4ff43bf2d333@group-5F2FAB517CBC:LeaderElection20] INFO  impl.LeaderElection (LeaderElection.java:askForVotes(182)) - c1893a92-03dd-4a23-a9af-4ff43bf2d333@group-5F2FAB517CBC:LeaderElection20: begin an election at term 1 for -1: [c1893a92-03dd-4a23-a9af-4ff43bf2d333:192.168.30.13:36902], old=null
2019-09-26 10:41:37,815 [c1893a92-03dd-4a23-a9af-4ff43bf2d333@group-5F2FAB517CBC:LeaderElection20] INFO  impl.RoleInfo (RoleInfo.java:shutdownLeaderElection(134)) - c1893a92-03dd-4a23-a9af-4ff43bf2d333: shutdown LeaderElection
2019-09-26 10:41:37,815 [c1893a92-03dd-4a23-a9af-4ff43bf2d333@group-5F2FAB517CBC:LeaderElection20] INFO  impl.RaftServerImpl (RaftServerImpl.java:setRole(174)) - c1893a92-03dd-4a23-a9af-4ff43bf2d333@group-5F2FAB517CBC: changes role from CANDIDATE to LEADER at term 1 for changeToLeader
2019-09-26 10:41:37,815 [c1893a92-03dd-4a23-a9af-4ff43bf2d333@group-5F2FAB517CBC:LeaderElection20] INFO  impl.RaftServerImpl (ServerState.java:setLeader(253)) - c1893a92-03dd-4a23-a9af-4ff43bf2d333@group-5F2FAB517CBC: change Leader from null to c1893a92-03dd-4a23-a9af-4ff43bf2d333 at term 1 for becomeLeader, leader elected after 5045ms
2019-09-26 10:41:37,816 [c1893a92-03dd-4a23-a9af-4ff43bf2d333@group-5F2FAB517CBC:LeaderElection20] INFO  server.RaftServerConfigKeys (ConfUtils.java:logGet(43)) - raft.server.staging.catchup.gap = 1000 (default)
2019-09-26 10:41:37,816 [c1893a92-03dd-4a23-a9af-4ff43bf2d333@group-5F2FAB517CBC:LeaderElection20] INFO  server.RaftServerConfigKeys (ConfUtils.java:logGet(43)) - raft.server.rpc.sleep.time = 25ms (default)
2019-09-26 10:41:37,816 [c1893a92-03dd-4a23-a9af-4ff43bf2d333@group-5F2FAB517CBC:LeaderElection20] INFO  server.RaftServerConfigKeys (ConfUtils.java:logGet(43)) - raft.server.write.element-limit = 4096 (default)
2019-09-26 10:41:37,816 [c1893a92-03dd-4a23-a9af-4ff43bf2d333@group-5F2FAB517CBC:LeaderElection20] INFO  server.RaftServerConfigKeys (ConfUtils.java:logGet(43)) - raft.server.watch.timeout = 10s (default)
2019-09-26 10:41:37,816 [c1893a92-03dd-4a23-a9af-4ff43bf2d333@group-5F2FAB517CBC:LeaderElection20] INFO  server.RaftServerConfigKeys (ConfUtils.java:logGet(43)) - raft.server.watch.timeout.denomination = 1s (default)
2019-09-26 10:41:37,816 [c1893a92-03dd-4a23-a9af-4ff43bf2d333@group-5F2FAB517CBC:LeaderElection20] INFO  server.RaftServerConfigKeys (ConfUtils.java:logGet(43)) - raft.server.watch.element-limit = 65536 (default)
2019-09-26 10:41:37,819 [c1893a92-03dd-4a23-a9af-4ff43bf2d333@group-5F2FAB517CBC:LeaderElection20] INFO  impl.RoleInfo (RoleInfo.java:updateAndGet(143)) - c1893a92-03dd-4a23-a9af-4ff43bf2d333: start LeaderState
2019-09-26 10:41:37,819 [c1893a92-03dd-4a23-a9af-4ff43bf2d333@group-5F2FAB517CBC:LeaderElection20] INFO  segmented.SegmentedRaftLogWorker (SegmentedRaftLogWorker.java:startLogSegment(380)) - c1893a92-03dd-4a23-a9af-4ff43bf2d333@group-5F2FAB517CBC-SegmentedRaftLogWorker: Starting segment from index:0
2019-09-26 10:41:37,820 [c1893a92-03dd-4a23-a9af-4ff43bf2d333@group-5F2FAB517CBC:LeaderElection20] INFO  impl.RaftServerImpl (ServerState.java:setRaftConf(354)) - c1893a92-03dd-4a23-a9af-4ff43bf2d333@group-5F2FAB517CBC: set configuration 0: [c1893a92-03dd-4a23-a9af-4ff43bf2d333:192.168.30.13:36902], old=null at 0
2019-09-26 10:41:37,861 [Thread-446] INFO  impl.FollowerState (FollowerState.java:run(106)) - c1893a92-03dd-4a23-a9af-4ff43bf2d333:group-D3831142F603 changes to CANDIDATE, lastRpcTime:5150, electionTimeout:5138ms
2019-09-26 10:41:37,863 [Thread-446] INFO  impl.RoleInfo (RoleInfo.java:shutdownFollowerState(121)) - c1893a92-03dd-4a23-a9af-4ff43bf2d333: shutdown FollowerState
2019-09-26 10:41:37,863 [Thread-446] INFO  impl.RaftServerImpl (RaftServerImpl.java:setRole(174)) - c1893a92-03dd-4a23-a9af-4ff43bf2d333@group-D3831142F603: changes role from  FOLLOWER to CANDIDATE at term 0 for changeToCandidate
2019-09-26 10:41:37,864 [Thread-446] INFO  impl.RoleInfo (RoleInfo.java:updateAndGet(143)) - c1893a92-03dd-4a23-a9af-4ff43bf2d333: start LeaderElection
2019-09-26 10:41:37,873 [c1893a92-03dd-4a23-a9af-4ff43bf2d333@group-5F2FAB517CBC-SegmentedRaftLogWorker] INFO  segmented.SegmentedRaftLogWorker (SegmentedRaftLogWorker.java:execute(569)) - c1893a92-03dd-4a23-a9af-4ff43bf2d333@group-5F2FAB517CBC-SegmentedRaftLogWorker: created new log segment /workdir/hadoop-ozone/integration-test/target/test-dir/MiniOzoneClusterImpl-7728bda3-e39e-4fb4-adc7-89b1999467e6/datanode-0/data/ratis/cd8f926c-2497-4dae-9f08-5f2fab517cbc/current/log_inprogress_0
2019-09-26 10:41:37,873 [c1893a92-03dd-4a23-a9af-4ff43bf2d333@group-D3831142F603:LeaderElection21] INFO  impl.LeaderElection (LeaderElection.java:askForVotes(182)) - c1893a92-03dd-4a23-a9af-4ff43bf2d333@group-D3831142F603:LeaderElection21: begin an election at term 1 for -1: [c1893a92-03dd-4a23-a9af-4ff43bf2d333:192.168.30.13:36902], old=null
2019-09-26 10:41:37,873 [c1893a92-03dd-4a23-a9af-4ff43bf2d333@group-D3831142F603:LeaderElection21] INFO  impl.RoleInfo (RoleInfo.java:shutdownLeaderElection(134)) - c1893a92-03dd-4a23-a9af-4ff43bf2d333: shutdown LeaderElection
2019-09-26 10:41:37,873 [c1893a92-03dd-4a23-a9af-4ff43bf2d333@group-D3831142F603:LeaderElection21] INFO  impl.RaftServerImpl (RaftServerImpl.java:setRole(174)) - c1893a92-03dd-4a23-a9af-4ff43bf2d333@group-D3831142F603: changes role from CANDIDATE to LEADER at term 1 for changeToLeader
2019-09-26 10:41:37,874 [c1893a92-03dd-4a23-a9af-4ff43bf2d333@group-D3831142F603:LeaderElection21] INFO  impl.RaftServerImpl (ServerState.java:setLeader(253)) - c1893a92-03dd-4a23-a9af-4ff43bf2d333@group-D3831142F603: change Leader from null to c1893a92-03dd-4a23-a9af-4ff43bf2d333 at term 1 for becomeLeader, leader elected after 5170ms
2019-09-26 10:41:37,874 [c1893a92-03dd-4a23-a9af-4ff43bf2d333@group-D3831142F603:LeaderElection21] INFO  server.RaftServerConfigKeys (ConfUtils.java:logGet(43)) - raft.server.staging.catchup.gap = 1000 (default)
2019-09-26 10:41:37,874 [c1893a92-03dd-4a23-a9af-4ff43bf2d333@group-D3831142F603:LeaderElection21] INFO  server.RaftServerConfigKeys (ConfUtils.java:logGet(43)) - raft.server.rpc.sleep.time = 25ms (default)
2019-09-26 10:41:37,874 [c1893a92-03dd-4a23-a9af-4ff43bf2d333@group-D3831142F603:LeaderElection21] INFO  server.RaftServerConfigKeys (ConfUtils.java:logGet(43)) - raft.server.write.element-limit = 4096 (default)
2019-09-26 10:41:37,875 [c1893a92-03dd-4a23-a9af-4ff43bf2d333@group-D3831142F603:LeaderElection21] INFO  server.RaftServerConfigKeys (ConfUtils.java:logGet(43)) - raft.server.watch.timeout = 10s (default)
2019-09-26 10:41:37,875 [c1893a92-03dd-4a23-a9af-4ff43bf2d333@group-D3831142F603:LeaderElection21] INFO  server.RaftServerConfigKeys (ConfUtils.java:logGet(43)) - raft.server.watch.timeout.denomination = 1s (default)
2019-09-26 10:41:37,875 [c1893a92-03dd-4a23-a9af-4ff43bf2d333@group-D3831142F603:LeaderElection21] INFO  server.RaftServerConfigKeys (ConfUtils.java:logGet(43)) - raft.server.watch.element-limit = 65536 (default)
2019-09-26 10:41:37,879 [c1893a92-03dd-4a23-a9af-4ff43bf2d333@group-D3831142F603:LeaderElection21] INFO  impl.RoleInfo (RoleInfo.java:updateAndGet(143)) - c1893a92-03dd-4a23-a9af-4ff43bf2d333: start LeaderState
2019-09-26 10:41:37,879 [c1893a92-03dd-4a23-a9af-4ff43bf2d333@group-D3831142F603:LeaderElection21] INFO  segmented.SegmentedRaftLogWorker (SegmentedRaftLogWorker.java:startLogSegment(380)) - c1893a92-03dd-4a23-a9af-4ff43bf2d333@group-D3831142F603-SegmentedRaftLogWorker: Starting segment from index:0
2019-09-26 10:41:37,880 [c1893a92-03dd-4a23-a9af-4ff43bf2d333@group-D3831142F603:LeaderElection21] INFO  impl.RaftServerImpl (ServerState.java:setRaftConf(354)) - c1893a92-03dd-4a23-a9af-4ff43bf2d333@group-D3831142F603: set configuration 0: [c1893a92-03dd-4a23-a9af-4ff43bf2d333:192.168.30.13:36902], old=null at 0
2019-09-26 10:41:37,932 [c1893a92-03dd-4a23-a9af-4ff43bf2d333@group-D3831142F603-SegmentedRaftLogWorker] INFO  segmented.SegmentedRaftLogWorker (SegmentedRaftLogWorker.java:execute(569)) - c1893a92-03dd-4a23-a9af-4ff43bf2d333@group-D3831142F603-SegmentedRaftLogWorker: created new log segment /workdir/hadoop-ozone/integration-test/target/test-dir/MiniOzoneClusterImpl-7728bda3-e39e-4fb4-adc7-89b1999467e6/datanode-0/data/ratis/b0bd65fc-f677-4fa4-9864-d3831142f603/current/log_inprogress_0
2019-09-26 10:41:37,956 [Thread-455] INFO  impl.FollowerState (FollowerState.java:run(106)) - c1893a92-03dd-4a23-a9af-4ff43bf2d333:group-BBE2170AEEE9 changes to CANDIDATE, lastRpcTime:5072, electionTimeout:5072ms
2019-09-26 10:41:37,957 [Thread-455] INFO  impl.RoleInfo (RoleInfo.java:shutdownFollowerState(121)) - c1893a92-03dd-4a23-a9af-4ff43bf2d333: shutdown FollowerState
2019-09-26 10:41:37,957 [Thread-455] INFO  impl.RaftServerImpl (RaftServerImpl.java:setRole(174)) - c1893a92-03dd-4a23-a9af-4ff43bf2d333@group-BBE2170AEEE9: changes role from  FOLLOWER to CANDIDATE at term 0 for changeToCandidate
2019-09-26 10:41:37,957 [Thread-455] INFO  impl.RoleInfo (RoleInfo.java:updateAndGet(143)) - c1893a92-03dd-4a23-a9af-4ff43bf2d333: start LeaderElection
2019-09-26 10:41:37,963 [Thread-458] INFO  impl.FollowerState (FollowerState.java:run(106)) - c36b05fb-5243-46b0-a052-9c1a582fd56b:group-5145D11FD64E changes to CANDIDATE, lastRpcTime:5018, electionTimeout:5018ms
2019-09-26 10:41:37,963 [Thread-458] INFO  impl.RoleInfo (RoleInfo.java:shutdownFollowerState(121)) - c36b05fb-5243-46b0-a052-9c1a582fd56b: shutdown FollowerState
2019-09-26 10:41:37,963 [Thread-458] INFO  impl.RaftServerImpl (RaftServerImpl.java:setRole(174)) - c36b05fb-5243-46b0-a052-9c1a582fd56b@group-5145D11FD64E: changes role from  FOLLOWER to CANDIDATE at term 0 for changeToCandidate
2019-09-26 10:41:37,963 [Thread-458] INFO  impl.RoleInfo (RoleInfo.java:updateAndGet(143)) - c36b05fb-5243-46b0-a052-9c1a582fd56b: start LeaderElection
2019-09-26 10:41:37,972 [c36b05fb-5243-46b0-a052-9c1a582fd56b@group-5145D11FD64E:LeaderElection23] INFO  impl.LeaderElection (LeaderElection.java:askForVotes(182)) - c36b05fb-5243-46b0-a052-9c1a582fd56b@group-5145D11FD64E:LeaderElection23: begin an election at term 1 for -1: [c36b05fb-5243-46b0-a052-9c1a582fd56b:192.168.30.13:33148], old=null
2019-09-26 10:41:37,972 [c1893a92-03dd-4a23-a9af-4ff43bf2d333@group-BBE2170AEEE9:LeaderElection22] INFO  impl.LeaderElection (LeaderElection.java:askForVotes(182)) - c1893a92-03dd-4a23-a9af-4ff43bf2d333@group-BBE2170AEEE9:LeaderElection22: begin an election at term 1 for -1: [c1893a92-03dd-4a23-a9af-4ff43bf2d333:192.168.30.13:36902], old=null
2019-09-26 10:41:37,972 [c36b05fb-5243-46b0-a052-9c1a582fd56b@group-5145D11FD64E:LeaderElection23] INFO  impl.RoleInfo (RoleInfo.java:shutdownLeaderElection(134)) - c36b05fb-5243-46b0-a052-9c1a582fd56b: shutdown LeaderElection
2019-09-26 10:41:37,972 [c1893a92-03dd-4a23-a9af-4ff43bf2d333@group-BBE2170AEEE9:LeaderElection22] INFO  impl.RoleInfo (RoleInfo.java:shutdownLeaderElection(134)) - c1893a92-03dd-4a23-a9af-4ff43bf2d333: shutdown LeaderElection
2019-09-26 10:41:37,972 [c36b05fb-5243-46b0-a052-9c1a582fd56b@group-5145D11FD64E:LeaderElection23] INFO  impl.RaftServerImpl (RaftServerImpl.java:setRole(174)) - c36b05fb-5243-46b0-a052-9c1a582fd56b@group-5145D11FD64E: changes role from CANDIDATE to LEADER at term 1 for changeToLeader
2019-09-26 10:41:37,972 [c1893a92-03dd-4a23-a9af-4ff43bf2d333@group-BBE2170AEEE9:LeaderElection22] INFO  impl.RaftServerImpl (RaftServerImpl.java:setRole(174)) - c1893a92-03dd-4a23-a9af-4ff43bf2d333@group-BBE2170AEEE9: changes role from CANDIDATE to LEADER at term 1 for changeToLeader
2019-09-26 10:41:37,972 [c36b05fb-5243-46b0-a052-9c1a582fd56b@group-5145D11FD64E:LeaderElection23] INFO  impl.RaftServerImpl (ServerState.java:setLeader(253)) - c36b05fb-5243-46b0-a052-9c1a582fd56b@group-5145D11FD64E: change Leader from null to c36b05fb-5243-46b0-a052-9c1a582fd56b at term 1 for becomeLeader, leader elected after 5039ms
2019-09-26 10:41:37,972 [c1893a92-03dd-4a23-a9af-4ff43bf2d333@group-BBE2170AEEE9:LeaderElection22] INFO  impl.RaftServerImpl (ServerState.java:setLeader(253)) - c1893a92-03dd-4a23-a9af-4ff43bf2d333@group-BBE2170AEEE9: change Leader from null to c1893a92-03dd-4a23-a9af-4ff43bf2d333 at term 1 for becomeLeader, leader elected after 5095ms
2019-09-26 10:41:37,974 [c36b05fb-5243-46b0-a052-9c1a582fd56b@group-5145D11FD64E:LeaderElection23] INFO  server.RaftServerConfigKeys (ConfUtils.java:logGet(43)) - raft.server.staging.catchup.gap = 1000 (default)
2019-09-26 10:41:37,974 [c1893a92-03dd-4a23-a9af-4ff43bf2d333@group-BBE2170AEEE9:LeaderElection22] INFO  server.RaftServerConfigKeys (ConfUtils.java:logGet(43)) - raft.server.staging.catchup.gap = 1000 (default)
2019-09-26 10:41:37,974 [c36b05fb-5243-46b0-a052-9c1a582fd56b@group-5145D11FD64E:LeaderElection23] INFO  server.RaftServerConfigKeys (ConfUtils.java:logGet(43)) - raft.server.rpc.sleep.time = 25ms (default)
2019-09-26 10:41:37,974 [c1893a92-03dd-4a23-a9af-4ff43bf2d333@group-BBE2170AEEE9:LeaderElection22] INFO  server.RaftServerConfigKeys (ConfUtils.java:logGet(43)) - raft.server.rpc.sleep.time = 25ms (default)
2019-09-26 10:41:37,974 [c36b05fb-5243-46b0-a052-9c1a582fd56b@group-5145D11FD64E:LeaderElection23] INFO  server.RaftServerConfigKeys (ConfUtils.java:logGet(43)) - raft.server.write.element-limit = 4096 (default)
2019-09-26 10:41:37,974 [c1893a92-03dd-4a23-a9af-4ff43bf2d333@group-BBE2170AEEE9:LeaderElection22] INFO  server.RaftServerConfigKeys (ConfUtils.java:logGet(43)) - raft.server.write.element-limit = 4096 (default)
2019-09-26 10:41:37,974 [c36b05fb-5243-46b0-a052-9c1a582fd56b@group-5145D11FD64E:LeaderElection23] INFO  server.RaftServerConfigKeys (ConfUtils.java:logGet(43)) - raft.server.watch.timeout = 10s (default)
2019-09-26 10:41:37,974 [c1893a92-03dd-4a23-a9af-4ff43bf2d333@group-BBE2170AEEE9:LeaderElection22] INFO  server.RaftServerConfigKeys (ConfUtils.java:logGet(43)) - raft.server.watch.timeout = 10s (default)
2019-09-26 10:41:37,974 [c36b05fb-5243-46b0-a052-9c1a582fd56b@group-5145D11FD64E:LeaderElection23] INFO  server.RaftServerConfigKeys (ConfUtils.java:logGet(43)) - raft.server.watch.timeout.denomination = 1s (default)
2019-09-26 10:41:37,975 [c1893a92-03dd-4a23-a9af-4ff43bf2d333@group-BBE2170AEEE9:LeaderElection22] INFO  server.RaftServerConfigKeys (ConfUtils.java:logGet(43)) - raft.server.watch.timeout.denomination = 1s (default)
2019-09-26 10:41:37,975 [c36b05fb-5243-46b0-a052-9c1a582fd56b@group-5145D11FD64E:LeaderElection23] INFO  server.RaftServerConfigKeys (ConfUtils.java:logGet(43)) - raft.server.watch.element-limit = 65536 (default)
2019-09-26 10:41:37,975 [c1893a92-03dd-4a23-a9af-4ff43bf2d333@group-BBE2170AEEE9:LeaderElection22] INFO  server.RaftServerConfigKeys (ConfUtils.java:logGet(43)) - raft.server.watch.element-limit = 65536 (default)
2019-09-26 10:41:37,977 [c36b05fb-5243-46b0-a052-9c1a582fd56b@group-5145D11FD64E:LeaderElection23] INFO  impl.RoleInfo (RoleInfo.java:updateAndGet(143)) - c36b05fb-5243-46b0-a052-9c1a582fd56b: start LeaderState
2019-09-26 10:41:37,978 [c36b05fb-5243-46b0-a052-9c1a582fd56b@group-5145D11FD64E:LeaderElection23] INFO  segmented.SegmentedRaftLogWorker (SegmentedRaftLogWorker.java:startLogSegment(380)) - c36b05fb-5243-46b0-a052-9c1a582fd56b@group-5145D11FD64E-SegmentedRaftLogWorker: Starting segment from index:0
2019-09-26 10:41:37,978 [c1893a92-03dd-4a23-a9af-4ff43bf2d333@group-BBE2170AEEE9:LeaderElection22] INFO  impl.RoleInfo (RoleInfo.java:updateAndGet(143)) - c1893a92-03dd-4a23-a9af-4ff43bf2d333: start LeaderState
2019-09-26 10:41:37,978 [c1893a92-03dd-4a23-a9af-4ff43bf2d333@group-BBE2170AEEE9:LeaderElection22] INFO  segmented.SegmentedRaftLogWorker (SegmentedRaftLogWorker.java:startLogSegment(380)) - c1893a92-03dd-4a23-a9af-4ff43bf2d333@group-BBE2170AEEE9-SegmentedRaftLogWorker: Starting segment from index:0
2019-09-26 10:41:37,981 [c36b05fb-5243-46b0-a052-9c1a582fd56b@group-5145D11FD64E:LeaderElection23] INFO  impl.RaftServerImpl (ServerState.java:setRaftConf(354)) - c36b05fb-5243-46b0-a052-9c1a582fd56b@group-5145D11FD64E: set configuration 0: [c36b05fb-5243-46b0-a052-9c1a582fd56b:192.168.30.13:33148], old=null at 0
2019-09-26 10:41:38,016 [Thread-452] INFO  impl.FollowerState (FollowerState.java:run(106)) - 62befdb0-85de-4829-8f28-5e2590b30fcb:group-1DDCA16EDF81 changes to CANDIDATE, lastRpcTime:5184, electionTimeout:5167ms
2019-09-26 10:41:38,016 [c1893a92-03dd-4a23-a9af-4ff43bf2d333@group-BBE2170AEEE9:LeaderElection22] INFO  impl.RaftServerImpl (ServerState.java:setRaftConf(354)) - c1893a92-03dd-4a23-a9af-4ff43bf2d333@group-BBE2170AEEE9: set configuration 0: [c1893a92-03dd-4a23-a9af-4ff43bf2d333:192.168.30.13:36902], old=null at 0
2019-09-26 10:41:38,016 [Thread-452] INFO  impl.RoleInfo (RoleInfo.java:shutdownFollowerState(121)) - 62befdb0-85de-4829-8f28-5e2590b30fcb: shutdown FollowerState
2019-09-26 10:41:38,052 [c36b05fb-5243-46b0-a052-9c1a582fd56b@group-5145D11FD64E-SegmentedRaftLogWorker] INFO  segmented.SegmentedRaftLogWorker (SegmentedRaftLogWorker.java:execute(569)) - c36b05fb-5243-46b0-a052-9c1a582fd56b@group-5145D11FD64E-SegmentedRaftLogWorker: created new log segment /workdir/hadoop-ozone/integration-test/target/test-dir/MiniOzoneClusterImpl-7728bda3-e39e-4fb4-adc7-89b1999467e6/datanode-1/data/ratis/8a88ba1c-364e-4f70-b45a-5145d11fd64e/current/log_inprogress_0
2019-09-26 10:41:38,052 [Thread-452] INFO  impl.RaftServerImpl (RaftServerImpl.java:setRole(174)) - 62befdb0-85de-4829-8f28-5e2590b30fcb@group-1DDCA16EDF81: changes role from  FOLLOWER to CANDIDATE at term 0 for changeToCandidate
2019-09-26 10:41:38,053 [Thread-452] INFO  impl.RoleInfo (RoleInfo.java:updateAndGet(143)) - 62befdb0-85de-4829-8f28-5e2590b30fcb: start LeaderElection
2019-09-26 10:41:38,065 [c1893a92-03dd-4a23-a9af-4ff43bf2d333@group-BBE2170AEEE9-SegmentedRaftLogWorker] INFO  segmented.SegmentedRaftLogWorker (SegmentedRaftLogWorker.java:execute(569)) - c1893a92-03dd-4a23-a9af-4ff43bf2d333@group-BBE2170AEEE9-SegmentedRaftLogWorker: created new log segment /workdir/hadoop-ozone/integration-test/target/test-dir/MiniOzoneClusterImpl-7728bda3-e39e-4fb4-adc7-89b1999467e6/datanode-0/data/ratis/e5b2f32c-3262-4885-9ee5-bbe2170aeee9/current/log_inprogress_0
2019-09-26 10:41:38,065 [62befdb0-85de-4829-8f28-5e2590b30fcb@group-1DDCA16EDF81:LeaderElection24] INFO  impl.LeaderElection (LeaderElection.java:askForVotes(182)) - 62befdb0-85de-4829-8f28-5e2590b30fcb@group-1DDCA16EDF81:LeaderElection24: begin an election at term 1 for -1: [62befdb0-85de-4829-8f28-5e2590b30fcb:192.168.30.13:38060], old=null
2019-09-26 10:41:38,065 [62befdb0-85de-4829-8f28-5e2590b30fcb@group-1DDCA16EDF81:LeaderElection24] INFO  impl.RoleInfo (RoleInfo.java:shutdownLeaderElection(134)) - 62befdb0-85de-4829-8f28-5e2590b30fcb: shutdown LeaderElection
2019-09-26 10:41:38,065 [62befdb0-85de-4829-8f28-5e2590b30fcb@group-1DDCA16EDF81:LeaderElection24] INFO  impl.RaftServerImpl (RaftServerImpl.java:setRole(174)) - 62befdb0-85de-4829-8f28-5e2590b30fcb@group-1DDCA16EDF81: changes role from CANDIDATE to LEADER at term 1 for changeToLeader
2019-09-26 10:41:38,065 [62befdb0-85de-4829-8f28-5e2590b30fcb@group-1DDCA16EDF81:LeaderElection24] INFO  impl.RaftServerImpl (ServerState.java:setLeader(253)) - 62befdb0-85de-4829-8f28-5e2590b30fcb@group-1DDCA16EDF81: change Leader from null to 62befdb0-85de-4829-8f28-5e2590b30fcb at term 1 for becomeLeader, leader elected after 5241ms
2019-09-26 10:41:38,066 [62befdb0-85de-4829-8f28-5e2590b30fcb@group-1DDCA16EDF81:LeaderElection24] INFO  server.RaftServerConfigKeys (ConfUtils.java:logGet(43)) - raft.server.staging.catchup.gap = 1000 (default)
2019-09-26 10:41:38,066 [62befdb0-85de-4829-8f28-5e2590b30fcb@group-1DDCA16EDF81:LeaderElection24] INFO  server.RaftServerConfigKeys (ConfUtils.java:logGet(43)) - raft.server.rpc.sleep.time = 25ms (default)
2019-09-26 10:41:38,066 [62befdb0-85de-4829-8f28-5e2590b30fcb@group-1DDCA16EDF81:LeaderElection24] INFO  server.RaftServerConfigKeys (ConfUtils.java:logGet(43)) - raft.server.write.element-limit = 4096 (default)
2019-09-26 10:41:38,066 [62befdb0-85de-4829-8f28-5e2590b30fcb@group-1DDCA16EDF81:LeaderElection24] INFO  server.RaftServerConfigKeys (ConfUtils.java:logGet(43)) - raft.server.watch.timeout = 10s (default)
2019-09-26 10:41:38,066 [62befdb0-85de-4829-8f28-5e2590b30fcb@group-1DDCA16EDF81:LeaderElection24] INFO  server.RaftServerConfigKeys (ConfUtils.java:logGet(43)) - raft.server.watch.timeout.denomination = 1s (default)
2019-09-26 10:41:38,066 [62befdb0-85de-4829-8f28-5e2590b30fcb@group-1DDCA16EDF81:LeaderElection24] INFO  server.RaftServerConfigKeys (ConfUtils.java:logGet(43)) - raft.server.watch.element-limit = 65536 (default)
2019-09-26 10:41:38,069 [62befdb0-85de-4829-8f28-5e2590b30fcb@group-1DDCA16EDF81:LeaderElection24] INFO  impl.RoleInfo (RoleInfo.java:updateAndGet(143)) - 62befdb0-85de-4829-8f28-5e2590b30fcb: start LeaderState
2019-09-26 10:41:38,069 [62befdb0-85de-4829-8f28-5e2590b30fcb@group-1DDCA16EDF81:LeaderElection24] INFO  segmented.SegmentedRaftLogWorker (SegmentedRaftLogWorker.java:startLogSegment(380)) - 62befdb0-85de-4829-8f28-5e2590b30fcb@group-1DDCA16EDF81-SegmentedRaftLogWorker: Starting segment from index:0
2019-09-26 10:41:38,070 [62befdb0-85de-4829-8f28-5e2590b30fcb@group-1DDCA16EDF81:LeaderElection24] INFO  impl.RaftServerImpl (ServerState.java:setRaftConf(354)) - 62befdb0-85de-4829-8f28-5e2590b30fcb@group-1DDCA16EDF81: set configuration 0: [62befdb0-85de-4829-8f28-5e2590b30fcb:192.168.30.13:38060], old=null at 0
2019-09-26 10:41:38,122 [62befdb0-85de-4829-8f28-5e2590b30fcb@group-1DDCA16EDF81-SegmentedRaftLogWorker] INFO  segmented.SegmentedRaftLogWorker (SegmentedRaftLogWorker.java:execute(569)) - 62befdb0-85de-4829-8f28-5e2590b30fcb@group-1DDCA16EDF81-SegmentedRaftLogWorker: created new log segment /workdir/hadoop-ozone/integration-test/target/test-dir/MiniOzoneClusterImpl-7728bda3-e39e-4fb4-adc7-89b1999467e6/datanode-2/data/ratis/dc7b3056-3d59-420c-98a0-1ddca16edf81/current/log_inprogress_0
2019-09-26 10:41:38,186 [Thread-461] INFO  impl.FollowerState (FollowerState.java:run(106)) - 62befdb0-85de-4829-8f28-5e2590b30fcb:group-1FEA58C94C75 changes to CANDIDATE, lastRpcTime:5187, electionTimeout:5187ms
2019-09-26 10:41:38,186 [Thread-461] INFO  impl.RoleInfo (RoleInfo.java:shutdownFollowerState(121)) - 62befdb0-85de-4829-8f28-5e2590b30fcb: shutdown FollowerState
2019-09-26 10:41:38,186 [Thread-461] INFO  impl.RaftServerImpl (RaftServerImpl.java:setRole(174)) - 62befdb0-85de-4829-8f28-5e2590b30fcb@group-1FEA58C94C75: changes role from  FOLLOWER to CANDIDATE at term 0 for changeToCandidate
2019-09-26 10:41:38,187 [Thread-461] INFO  impl.RoleInfo (RoleInfo.java:updateAndGet(143)) - 62befdb0-85de-4829-8f28-5e2590b30fcb: start LeaderElection
2019-09-26 10:41:38,189 [Thread-464] INFO  impl.FollowerState (FollowerState.java:run(106)) - 62befdb0-85de-4829-8f28-5e2590b30fcb:group-B69050D6D012 changes to CANDIDATE, lastRpcTime:5139, electionTimeout:5139ms
2019-09-26 10:41:38,189 [Thread-464] INFO  impl.RoleInfo (RoleInfo.java:shutdownFollowerState(121)) - 62befdb0-85de-4829-8f28-5e2590b30fcb: shutdown FollowerState
2019-09-26 10:41:38,190 [Thread-464] INFO  impl.RaftServerImpl (RaftServerImpl.java:setRole(174)) - 62befdb0-85de-4829-8f28-5e2590b30fcb@group-B69050D6D012: changes role from  FOLLOWER to CANDIDATE at term 0 for changeToCandidate
2019-09-26 10:41:38,190 [Thread-464] INFO  impl.RoleInfo (RoleInfo.java:updateAndGet(143)) - 62befdb0-85de-4829-8f28-5e2590b30fcb: start LeaderElection
2019-09-26 10:41:38,197 [Thread-470] INFO  impl.FollowerState (FollowerState.java:run(106)) - c1893a92-03dd-4a23-a9af-4ff43bf2d333:group-32C96B07FB8A changes to CANDIDATE, lastRpcTime:5030, electionTimeout:5030ms
2019-09-26 10:41:38,197 [Thread-470] INFO  impl.RoleInfo (RoleInfo.java:shutdownFollowerState(121)) - c1893a92-03dd-4a23-a9af-4ff43bf2d333: shutdown FollowerState
2019-09-26 10:41:38,197 [Thread-470] INFO  impl.RaftServerImpl (RaftServerImpl.java:setRole(174)) - c1893a92-03dd-4a23-a9af-4ff43bf2d333@group-32C96B07FB8A: changes role from  FOLLOWER to CANDIDATE at term 0 for changeToCandidate
2019-09-26 10:41:38,198 [Thread-470] INFO  impl.RoleInfo (RoleInfo.java:updateAndGet(143)) - c1893a92-03dd-4a23-a9af-4ff43bf2d333: start LeaderElection
2019-09-26 10:41:38,203 [c1893a92-03dd-4a23-a9af-4ff43bf2d333@group-32C96B07FB8A:LeaderElection27] INFO  impl.LeaderElection (LeaderElection.java:askForVotes(182)) - c1893a92-03dd-4a23-a9af-4ff43bf2d333@group-32C96B07FB8A:LeaderElection27: begin an election at term 1 for -1: [c1893a92-03dd-4a23-a9af-4ff43bf2d333:192.168.30.13:36902], old=null
2019-09-26 10:41:38,203 [62befdb0-85de-4829-8f28-5e2590b30fcb@group-1FEA58C94C75:LeaderElection25] INFO  impl.LeaderElection (LeaderElection.java:askForVotes(182)) - 62befdb0-85de-4829-8f28-5e2590b30fcb@group-1FEA58C94C75:LeaderElection25: begin an election at term 1 for -1: [62befdb0-85de-4829-8f28-5e2590b30fcb:192.168.30.13:38060], old=null
2019-09-26 10:41:38,203 [c1893a92-03dd-4a23-a9af-4ff43bf2d333@group-32C96B07FB8A:LeaderElection27] INFO  impl.RoleInfo (RoleInfo.java:shutdownLeaderElection(134)) - c1893a92-03dd-4a23-a9af-4ff43bf2d333: shutdown LeaderElection
2019-09-26 10:41:38,203 [62befdb0-85de-4829-8f28-5e2590b30fcb@group-B69050D6D012:LeaderElection26] INFO  impl.LeaderElection (LeaderElection.java:askForVotes(182)) - 62befdb0-85de-4829-8f28-5e2590b30fcb@group-B69050D6D012:LeaderElection26: begin an election at term 1 for -1: [62befdb0-85de-4829-8f28-5e2590b30fcb:192.168.30.13:38060], old=null
2019-09-26 10:41:38,203 [c1893a92-03dd-4a23-a9af-4ff43bf2d333@group-32C96B07FB8A:LeaderElection27] INFO  impl.RaftServerImpl (RaftServerImpl.java:setRole(174)) - c1893a92-03dd-4a23-a9af-4ff43bf2d333@group-32C96B07FB8A: changes role from CANDIDATE to LEADER at term 1 for changeToLeader
2019-09-26 10:41:38,203 [62befdb0-85de-4829-8f28-5e2590b30fcb@group-1FEA58C94C75:LeaderElection25] INFO  impl.RoleInfo (RoleInfo.java:shutdownLeaderElection(134)) - 62befdb0-85de-4829-8f28-5e2590b30fcb: shutdown LeaderElection
2019-09-26 10:41:38,204 [c1893a92-03dd-4a23-a9af-4ff43bf2d333@group-32C96B07FB8A:LeaderElection27] INFO  impl.RaftServerImpl (ServerState.java:setLeader(253)) - c1893a92-03dd-4a23-a9af-4ff43bf2d333@group-32C96B07FB8A: change Leader from null to c1893a92-03dd-4a23-a9af-4ff43bf2d333 at term 1 for becomeLeader, leader elected after 5044ms
2019-09-26 10:41:38,204 [62befdb0-85de-4829-8f28-5e2590b30fcb@group-B69050D6D012:LeaderElection26] INFO  impl.RoleInfo (RoleInfo.java:shutdownLeaderElection(134)) - 62befdb0-85de-4829-8f28-5e2590b30fcb: shutdown LeaderElection
2019-09-26 10:41:38,204 [c1893a92-03dd-4a23-a9af-4ff43bf2d333@group-32C96B07FB8A:LeaderElection27] INFO  server.RaftServerConfigKeys (ConfUtils.java:logGet(43)) - raft.server.staging.catchup.gap = 1000 (default)
2019-09-26 10:41:38,204 [62befdb0-85de-4829-8f28-5e2590b30fcb@group-1FEA58C94C75:LeaderElection25] INFO  impl.RaftServerImpl (RaftServerImpl.java:setRole(174)) - 62befdb0-85de-4829-8f28-5e2590b30fcb@group-1FEA58C94C75: changes role from CANDIDATE to LEADER at term 1 for changeToLeader
2019-09-26 10:41:38,204 [c1893a92-03dd-4a23-a9af-4ff43bf2d333@group-32C96B07FB8A:LeaderElection27] INFO  server.RaftServerConfigKeys (ConfUtils.java:logGet(43)) - raft.server.rpc.sleep.time = 25ms (default)
2019-09-26 10:41:38,204 [62befdb0-85de-4829-8f28-5e2590b30fcb@group-B69050D6D012:LeaderElection26] INFO  impl.RaftServerImpl (RaftServerImpl.java:setRole(174)) - 62befdb0-85de-4829-8f28-5e2590b30fcb@group-B69050D6D012: changes role from CANDIDATE to LEADER at term 1 for changeToLeader
2019-09-26 10:41:38,205 [c1893a92-03dd-4a23-a9af-4ff43bf2d333@group-32C96B07FB8A:LeaderElection27] INFO  server.RaftServerConfigKeys (ConfUtils.java:logGet(43)) - raft.server.write.element-limit = 4096 (default)
2019-09-26 10:41:38,204 [62befdb0-85de-4829-8f28-5e2590b30fcb@group-1FEA58C94C75:LeaderElection25] INFO  impl.RaftServerImpl (ServerState.java:setLeader(253)) - 62befdb0-85de-4829-8f28-5e2590b30fcb@group-1FEA58C94C75: change Leader from null to 62befdb0-85de-4829-8f28-5e2590b30fcb at term 1 for becomeLeader, leader elected after 5213ms
2019-09-26 10:41:38,205 [c1893a92-03dd-4a23-a9af-4ff43bf2d333@group-32C96B07FB8A:LeaderElection27] INFO  server.RaftServerConfigKeys (ConfUtils.java:logGet(43)) - raft.server.watch.timeout = 10s (default)
2019-09-26 10:41:38,205 [c1893a92-03dd-4a23-a9af-4ff43bf2d333@group-32C96B07FB8A:LeaderElection27] INFO  server.RaftServerConfigKeys (ConfUtils.java:logGet(43)) - raft.server.watch.timeout.denomination = 1s (default)
2019-09-26 10:41:38,205 [62befdb0-85de-4829-8f28-5e2590b30fcb@group-B69050D6D012:LeaderElection26] INFO  impl.RaftServerImpl (ServerState.java:setLeader(253)) - 62befdb0-85de-4829-8f28-5e2590b30fcb@group-B69050D6D012: change Leader from null to 62befdb0-85de-4829-8f28-5e2590b30fcb at term 1 for becomeLeader, leader elected after 5161ms
2019-09-26 10:41:38,205 [c1893a92-03dd-4a23-a9af-4ff43bf2d333@group-32C96B07FB8A:LeaderElection27] INFO  server.RaftServerConfigKeys (ConfUtils.java:logGet(43)) - raft.server.watch.element-limit = 65536 (default)
2019-09-26 10:41:38,205 [62befdb0-85de-4829-8f28-5e2590b30fcb@group-1FEA58C94C75:LeaderElection25] INFO  server.RaftServerConfigKeys (ConfUtils.java:logGet(43)) - raft.server.staging.catchup.gap = 1000 (default)
2019-09-26 10:41:38,206 [62befdb0-85de-4829-8f28-5e2590b30fcb@group-B69050D6D012:LeaderElection26] INFO  server.RaftServerConfigKeys (ConfUtils.java:logGet(43)) - raft.server.staging.catchup.gap = 1000 (default)
2019-09-26 10:41:38,206 [62befdb0-85de-4829-8f28-5e2590b30fcb@group-1FEA58C94C75:LeaderElection25] INFO  server.RaftServerConfigKeys (ConfUtils.java:logGet(43)) - raft.server.rpc.sleep.time = 25ms (default)
2019-09-26 10:41:38,206 [62befdb0-85de-4829-8f28-5e2590b30fcb@group-B69050D6D012:LeaderElection26] INFO  server.RaftServerConfigKeys (ConfUtils.java:logGet(43)) - raft.server.rpc.sleep.time = 25ms (default)
2019-09-26 10:41:38,206 [62befdb0-85de-4829-8f28-5e2590b30fcb@group-1FEA58C94C75:LeaderElection25] INFO  server.RaftServerConfigKeys (ConfUtils.java:logGet(43)) - raft.server.write.element-limit = 4096 (default)
2019-09-26 10:41:38,206 [62befdb0-85de-4829-8f28-5e2590b30fcb@group-B69050D6D012:LeaderElection26] INFO  server.RaftServerConfigKeys (ConfUtils.java:logGet(43)) - raft.server.write.element-limit = 4096 (default)
2019-09-26 10:41:38,207 [62befdb0-85de-4829-8f28-5e2590b30fcb@group-1FEA58C94C75:LeaderElection25] INFO  server.RaftServerConfigKeys (ConfUtils.java:logGet(43)) - raft.server.watch.timeout = 10s (default)
2019-09-26 10:41:38,207 [62befdb0-85de-4829-8f28-5e2590b30fcb@group-B69050D6D012:LeaderElection26] INFO  server.RaftServerConfigKeys (ConfUtils.java:logGet(43)) - raft.server.watch.timeout = 10s (default)
2019-09-26 10:41:38,207 [62befdb0-85de-4829-8f28-5e2590b30fcb@group-1FEA58C94C75:LeaderElection25] INFO  server.RaftServerConfigKeys (ConfUtils.java:logGet(43)) - raft.server.watch.timeout.denomination = 1s (default)
2019-09-26 10:41:38,207 [62befdb0-85de-4829-8f28-5e2590b30fcb@group-B69050D6D012:LeaderElection26] INFO  server.RaftServerConfigKeys (ConfUtils.java:logGet(43)) - raft.server.watch.timeout.denomination = 1s (default)
2019-09-26 10:41:38,207 [62befdb0-85de-4829-8f28-5e2590b30fcb@group-1FEA58C94C75:LeaderElection25] INFO  server.RaftServerConfigKeys (ConfUtils.java:logGet(43)) - raft.server.watch.element-limit = 65536 (default)
2019-09-26 10:41:38,207 [62befdb0-85de-4829-8f28-5e2590b30fcb@group-B69050D6D012:LeaderElection26] INFO  server.RaftServerConfigKeys (ConfUtils.java:logGet(43)) - raft.server.watch.element-limit = 65536 (default)
2019-09-26 10:41:38,208 [c1893a92-03dd-4a23-a9af-4ff43bf2d333@group-32C96B07FB8A:LeaderElection27] INFO  impl.RoleInfo (RoleInfo.java:updateAndGet(143)) - c1893a92-03dd-4a23-a9af-4ff43bf2d333: start LeaderState
2019-09-26 10:41:38,209 [c1893a92-03dd-4a23-a9af-4ff43bf2d333@group-32C96B07FB8A:LeaderElection27] INFO  segmented.SegmentedRaftLogWorker (SegmentedRaftLogWorker.java:startLogSegment(380)) - c1893a92-03dd-4a23-a9af-4ff43bf2d333@group-32C96B07FB8A-SegmentedRaftLogWorker: Starting segment from index:0
2019-09-26 10:41:38,209 [c1893a92-03dd-4a23-a9af-4ff43bf2d333@group-32C96B07FB8A:LeaderElection27] INFO  impl.RaftServerImpl (ServerState.java:setRaftConf(354)) - c1893a92-03dd-4a23-a9af-4ff43bf2d333@group-32C96B07FB8A: set configuration 0: [c1893a92-03dd-4a23-a9af-4ff43bf2d333:192.168.30.13:36902], old=null at 0
2019-09-26 10:41:38,255 [Thread-467] INFO  impl.FollowerState (FollowerState.java:run(106)) - c1893a92-03dd-4a23-a9af-4ff43bf2d333:group-F2FD9B877352 changes to CANDIDATE, lastRpcTime:5153, electionTimeout:5150ms
2019-09-26 10:41:38,255 [Thread-467] INFO  impl.RoleInfo (RoleInfo.java:shutdownFollowerState(121)) - c1893a92-03dd-4a23-a9af-4ff43bf2d333: shutdown FollowerState
2019-09-26 10:41:38,255 [Thread-467] INFO  impl.RaftServerImpl (RaftServerImpl.java:setRole(174)) - c1893a92-03dd-4a23-a9af-4ff43bf2d333@group-F2FD9B877352: changes role from  FOLLOWER to CANDIDATE at term 0 for changeToCandidate
2019-09-26 10:41:38,256 [Thread-467] INFO  impl.RoleInfo (RoleInfo.java:updateAndGet(143)) - c1893a92-03dd-4a23-a9af-4ff43bf2d333: start LeaderElection
2019-09-26 10:41:38,258 [62befdb0-85de-4829-8f28-5e2590b30fcb@group-1FEA58C94C75:LeaderElection25] INFO  impl.RoleInfo (RoleInfo.java:updateAndGet(143)) - 62befdb0-85de-4829-8f28-5e2590b30fcb: start LeaderState
2019-09-26 10:41:38,258 [62befdb0-85de-4829-8f28-5e2590b30fcb@group-1FEA58C94C75:LeaderElection25] INFO  segmented.SegmentedRaftLogWorker (SegmentedRaftLogWorker.java:startLogSegment(380)) - 62befdb0-85de-4829-8f28-5e2590b30fcb@group-1FEA58C94C75-SegmentedRaftLogWorker: Starting segment from index:0
2019-09-26 10:41:38,258 [62befdb0-85de-4829-8f28-5e2590b30fcb@group-B69050D6D012:LeaderElection26] INFO  impl.RoleInfo (RoleInfo.java:updateAndGet(143)) - 62befdb0-85de-4829-8f28-5e2590b30fcb: start LeaderState
2019-09-26 10:41:38,258 [62befdb0-85de-4829-8f28-5e2590b30fcb@group-B69050D6D012:LeaderElection26] INFO  segmented.SegmentedRaftLogWorker (SegmentedRaftLogWorker.java:startLogSegment(380)) - 62befdb0-85de-4829-8f28-5e2590b30fcb@group-B69050D6D012-SegmentedRaftLogWorker: Starting segment from index:0
2019-09-26 10:41:38,259 [62befdb0-85de-4829-8f28-5e2590b30fcb@group-1FEA58C94C75:LeaderElection25] INFO  impl.RaftServerImpl (ServerState.java:setRaftConf(354)) - 62befdb0-85de-4829-8f28-5e2590b30fcb@group-1FEA58C94C75: set configuration 0: [62befdb0-85de-4829-8f28-5e2590b30fcb:192.168.30.13:38060], old=null at 0
2019-09-26 10:41:38,300 [c1893a92-03dd-4a23-a9af-4ff43bf2d333@group-32C96B07FB8A-SegmentedRaftLogWorker] INFO  segmented.SegmentedRaftLogWorker (SegmentedRaftLogWorker.java:execute(569)) - c1893a92-03dd-4a23-a9af-4ff43bf2d333@group-32C96B07FB8A-SegmentedRaftLogWorker: created new log segment /workdir/hadoop-ozone/integration-test/target/test-dir/MiniOzoneClusterImpl-7728bda3-e39e-4fb4-adc7-89b1999467e6/datanode-0/data/ratis/e3128d09-2aba-4425-88fa-32c96b07fb8a/current/log_inprogress_0
2019-09-26 10:41:38,300 [c1893a92-03dd-4a23-a9af-4ff43bf2d333@group-F2FD9B877352:LeaderElection28] INFO  impl.LeaderElection (LeaderElection.java:askForVotes(182)) - c1893a92-03dd-4a23-a9af-4ff43bf2d333@group-F2FD9B877352:LeaderElection28: begin an election at term 1 for -1: [c1893a92-03dd-4a23-a9af-4ff43bf2d333:192.168.30.13:36902], old=null
2019-09-26 10:41:38,300 [62befdb0-85de-4829-8f28-5e2590b30fcb@group-B69050D6D012:LeaderElection26] INFO  impl.RaftServerImpl (ServerState.java:setRaftConf(354)) - 62befdb0-85de-4829-8f28-5e2590b30fcb@group-B69050D6D012: set configuration 0: [62befdb0-85de-4829-8f28-5e2590b30fcb:192.168.30.13:38060], old=null at 0
2019-09-26 10:41:38,300 [c1893a92-03dd-4a23-a9af-4ff43bf2d333@group-F2FD9B877352:LeaderElection28] INFO  impl.RoleInfo (RoleInfo.java:shutdownLeaderElection(134)) - c1893a92-03dd-4a23-a9af-4ff43bf2d333: shutdown LeaderElection
2019-09-26 10:41:38,302 [c1893a92-03dd-4a23-a9af-4ff43bf2d333@group-F2FD9B877352:LeaderElection28] INFO  impl.RaftServerImpl (RaftServerImpl.java:setRole(174)) - c1893a92-03dd-4a23-a9af-4ff43bf2d333@group-F2FD9B877352: changes role from CANDIDATE to LEADER at term 1 for changeToLeader
2019-09-26 10:41:38,302 [c1893a92-03dd-4a23-a9af-4ff43bf2d333@group-F2FD9B877352:LeaderElection28] INFO  impl.RaftServerImpl (ServerState.java:setLeader(253)) - c1893a92-03dd-4a23-a9af-4ff43bf2d333@group-F2FD9B877352: change Leader from null to c1893a92-03dd-4a23-a9af-4ff43bf2d333 at term 1 for becomeLeader, leader elected after 5207ms
2019-09-26 10:41:38,302 [c1893a92-03dd-4a23-a9af-4ff43bf2d333@group-F2FD9B877352:LeaderElection28] INFO  server.RaftServerConfigKeys (ConfUtils.java:logGet(43)) - raft.server.staging.catchup.gap = 1000 (default)
2019-09-26 10:41:38,302 [c1893a92-03dd-4a23-a9af-4ff43bf2d333@group-F2FD9B877352:LeaderElection28] INFO  server.RaftServerConfigKeys (ConfUtils.java:logGet(43)) - raft.server.rpc.sleep.time = 25ms (default)
2019-09-26 10:41:38,303 [c1893a92-03dd-4a23-a9af-4ff43bf2d333@group-F2FD9B877352:LeaderElection28] INFO  server.RaftServerConfigKeys (ConfUtils.java:logGet(43)) - raft.server.write.element-limit = 4096 (default)
2019-09-26 10:41:38,303 [c1893a92-03dd-4a23-a9af-4ff43bf2d333@group-F2FD9B877352:LeaderElection28] INFO  server.RaftServerConfigKeys (ConfUtils.java:logGet(43)) - raft.server.watch.timeout = 10s (default)
2019-09-26 10:41:38,303 [c1893a92-03dd-4a23-a9af-4ff43bf2d333@group-F2FD9B877352:LeaderElection28] INFO  server.RaftServerConfigKeys (ConfUtils.java:logGet(43)) - raft.server.watch.timeout.denomination = 1s (default)
2019-09-26 10:41:38,303 [c1893a92-03dd-4a23-a9af-4ff43bf2d333@group-F2FD9B877352:LeaderElection28] INFO  server.RaftServerConfigKeys (ConfUtils.java:logGet(43)) - raft.server.watch.element-limit = 65536 (default)
2019-09-26 10:41:38,306 [c1893a92-03dd-4a23-a9af-4ff43bf2d333@group-F2FD9B877352:LeaderElection28] INFO  impl.RoleInfo (RoleInfo.java:updateAndGet(143)) - c1893a92-03dd-4a23-a9af-4ff43bf2d333: start LeaderState
2019-09-26 10:41:38,306 [c1893a92-03dd-4a23-a9af-4ff43bf2d333@group-F2FD9B877352:LeaderElection28] INFO  segmented.SegmentedRaftLogWorker (SegmentedRaftLogWorker.java:startLogSegment(380)) - c1893a92-03dd-4a23-a9af-4ff43bf2d333@group-F2FD9B877352-SegmentedRaftLogWorker: Starting segment from index:0
2019-09-26 10:41:38,307 [c1893a92-03dd-4a23-a9af-4ff43bf2d333@group-F2FD9B877352:LeaderElection28] INFO  impl.RaftServerImpl (ServerState.java:setRaftConf(354)) - c1893a92-03dd-4a23-a9af-4ff43bf2d333@group-F2FD9B877352: set configuration 0: [c1893a92-03dd-4a23-a9af-4ff43bf2d333:192.168.30.13:36902], old=null at 0
2019-09-26 10:41:38,339 [Thread-473] INFO  impl.FollowerState (FollowerState.java:run(106)) - c36b05fb-5243-46b0-a052-9c1a582fd56b:group-C8F1D92134F9 changes to CANDIDATE, lastRpcTime:5116, electionTimeout:5095ms
2019-09-26 10:41:38,339 [62befdb0-85de-4829-8f28-5e2590b30fcb@group-B69050D6D012-SegmentedRaftLogWorker] INFO  segmented.SegmentedRaftLogWorker (SegmentedRaftLogWorker.java:execute(569)) - 62befdb0-85de-4829-8f28-5e2590b30fcb@group-B69050D6D012-SegmentedRaftLogWorker: created new log segment /workdir/hadoop-ozone/integration-test/target/test-dir/MiniOzoneClusterImpl-7728bda3-e39e-4fb4-adc7-89b1999467e6/datanode-2/data/ratis/9f9335fa-19d6-4d81-8f51-b69050d6d012/current/log_inprogress_0
2019-09-26 10:41:38,339 [62befdb0-85de-4829-8f28-5e2590b30fcb@group-1FEA58C94C75-SegmentedRaftLogWorker] INFO  segmented.SegmentedRaftLogWorker (SegmentedRaftLogWorker.java:execute(569)) - 62befdb0-85de-4829-8f28-5e2590b30fcb@group-1FEA58C94C75-SegmentedRaftLogWorker: created new log segment /workdir/hadoop-ozone/integration-test/target/test-dir/MiniOzoneClusterImpl-7728bda3-e39e-4fb4-adc7-89b1999467e6/datanode-2/data/ratis/e0e520a6-e3de-45b0-82aa-1fea58c94c75/current/log_inprogress_0
2019-09-26 10:41:38,340 [Thread-473] INFO  impl.RoleInfo (RoleInfo.java:shutdownFollowerState(121)) - c36b05fb-5243-46b0-a052-9c1a582fd56b: shutdown FollowerState
2019-09-26 10:41:38,340 [Thread-473] INFO  impl.RaftServerImpl (RaftServerImpl.java:setRole(174)) - c36b05fb-5243-46b0-a052-9c1a582fd56b@group-C8F1D92134F9: changes role from  FOLLOWER to CANDIDATE at term 0 for changeToCandidate
2019-09-26 10:41:38,340 [Thread-473] INFO  impl.RoleInfo (RoleInfo.java:updateAndGet(143)) - c36b05fb-5243-46b0-a052-9c1a582fd56b: start LeaderElection
2019-09-26 10:41:38,352 [c1893a92-03dd-4a23-a9af-4ff43bf2d333@group-F2FD9B877352-SegmentedRaftLogWorker] INFO  segmented.SegmentedRaftLogWorker (SegmentedRaftLogWorker.java:execute(569)) - c1893a92-03dd-4a23-a9af-4ff43bf2d333@group-F2FD9B877352-SegmentedRaftLogWorker: created new log segment /workdir/hadoop-ozone/integration-test/target/test-dir/MiniOzoneClusterImpl-7728bda3-e39e-4fb4-adc7-89b1999467e6/datanode-0/data/ratis/7f935db7-15e1-45b7-9bd3-f2fd9b877352/current/log_inprogress_0
2019-09-26 10:41:38,352 [c36b05fb-5243-46b0-a052-9c1a582fd56b@group-C8F1D92134F9:LeaderElection29] INFO  impl.LeaderElection (LeaderElection.java:askForVotes(182)) - c36b05fb-5243-46b0-a052-9c1a582fd56b@group-C8F1D92134F9:LeaderElection29: begin an election at term 1 for -1: [c36b05fb-5243-46b0-a052-9c1a582fd56b:192.168.30.13:33148], old=null
2019-09-26 10:41:38,352 [c36b05fb-5243-46b0-a052-9c1a582fd56b@group-C8F1D92134F9:LeaderElection29] INFO  impl.RoleInfo (RoleInfo.java:shutdownLeaderElection(134)) - c36b05fb-5243-46b0-a052-9c1a582fd56b: shutdown LeaderElection
2019-09-26 10:41:38,352 [c36b05fb-5243-46b0-a052-9c1a582fd56b@group-C8F1D92134F9:LeaderElection29] INFO  impl.RaftServerImpl (RaftServerImpl.java:setRole(174)) - c36b05fb-5243-46b0-a052-9c1a582fd56b@group-C8F1D92134F9: changes role from CANDIDATE to LEADER at term 1 for changeToLeader
2019-09-26 10:41:38,353 [c36b05fb-5243-46b0-a052-9c1a582fd56b@group-C8F1D92134F9:LeaderElection29] INFO  impl.RaftServerImpl (ServerState.java:setLeader(253)) - c36b05fb-5243-46b0-a052-9c1a582fd56b@group-C8F1D92134F9: change Leader from null to c36b05fb-5243-46b0-a052-9c1a582fd56b at term 1 for becomeLeader, leader elected after 5139ms
2019-09-26 10:41:38,353 [c36b05fb-5243-46b0-a052-9c1a582fd56b@group-C8F1D92134F9:LeaderElection29] INFO  server.RaftServerConfigKeys (ConfUtils.java:logGet(43)) - raft.server.staging.catchup.gap = 1000 (default)
2019-09-26 10:41:38,353 [c36b05fb-5243-46b0-a052-9c1a582fd56b@group-C8F1D92134F9:LeaderElection29] INFO  server.RaftServerConfigKeys (ConfUtils.java:logGet(43)) - raft.server.rpc.sleep.time = 25ms (default)
2019-09-26 10:41:38,353 [c36b05fb-5243-46b0-a052-9c1a582fd56b@group-C8F1D92134F9:LeaderElection29] INFO  server.RaftServerConfigKeys (ConfUtils.java:logGet(43)) - raft.server.write.element-limit = 4096 (default)
2019-09-26 10:41:38,353 [c36b05fb-5243-46b0-a052-9c1a582fd56b@group-C8F1D92134F9:LeaderElection29] INFO  server.RaftServerConfigKeys (ConfUtils.java:logGet(43)) - raft.server.watch.timeout = 10s (default)
2019-09-26 10:41:38,353 [c36b05fb-5243-46b0-a052-9c1a582fd56b@group-C8F1D92134F9:LeaderElection29] INFO  server.RaftServerConfigKeys (ConfUtils.java:logGet(43)) - raft.server.watch.timeout.denomination = 1s (default)
2019-09-26 10:41:38,354 [c36b05fb-5243-46b0-a052-9c1a582fd56b@group-C8F1D92134F9:LeaderElection29] INFO  server.RaftServerConfigKeys (ConfUtils.java:logGet(43)) - raft.server.watch.element-limit = 65536 (default)
2019-09-26 10:41:38,357 [c36b05fb-5243-46b0-a052-9c1a582fd56b@group-C8F1D92134F9:LeaderElection29] INFO  impl.RoleInfo (RoleInfo.java:updateAndGet(143)) - c36b05fb-5243-46b0-a052-9c1a582fd56b: start LeaderState
2019-09-26 10:41:38,357 [c36b05fb-5243-46b0-a052-9c1a582fd56b@group-C8F1D92134F9:LeaderElection29] INFO  segmented.SegmentedRaftLogWorker (SegmentedRaftLogWorker.java:startLogSegment(380)) - c36b05fb-5243-46b0-a052-9c1a582fd56b@group-C8F1D92134F9-SegmentedRaftLogWorker: Starting segment from index:0
2019-09-26 10:41:38,358 [c36b05fb-5243-46b0-a052-9c1a582fd56b@group-C8F1D92134F9:LeaderElection29] INFO  impl.RaftServerImpl (ServerState.java:setRaftConf(354)) - c36b05fb-5243-46b0-a052-9c1a582fd56b@group-C8F1D92134F9: set configuration 0: [c36b05fb-5243-46b0-a052-9c1a582fd56b:192.168.30.13:33148], old=null at 0
2019-09-26 10:41:38,387 [Thread-476] INFO  impl.FollowerState (FollowerState.java:run(106)) - c36b05fb-5243-46b0-a052-9c1a582fd56b:group-957DA56B9560 changes to CANDIDATE, lastRpcTime:5112, electionTimeout:5095ms
2019-09-26 10:41:38,387 [Thread-476] INFO  impl.RoleInfo (RoleInfo.java:shutdownFollowerState(121)) - c36b05fb-5243-46b0-a052-9c1a582fd56b: shutdown FollowerState
2019-09-26 10:41:38,388 [Thread-476] INFO  impl.RaftServerImpl (RaftServerImpl.java:setRole(174)) - c36b05fb-5243-46b0-a052-9c1a582fd56b@group-957DA56B9560: changes role from  FOLLOWER to CANDIDATE at term 0 for changeToCandidate
2019-09-26 10:41:38,388 [Thread-476] INFO  impl.RoleInfo (RoleInfo.java:updateAndGet(143)) - c36b05fb-5243-46b0-a052-9c1a582fd56b: start LeaderElection
2019-09-26 10:41:38,400 [c36b05fb-5243-46b0-a052-9c1a582fd56b@group-C8F1D92134F9-SegmentedRaftLogWorker] INFO  segmented.SegmentedRaftLogWorker (SegmentedRaftLogWorker.java:execute(569)) - c36b05fb-5243-46b0-a052-9c1a582fd56b@group-C8F1D92134F9-SegmentedRaftLogWorker: created new log segment /workdir/hadoop-ozone/integration-test/target/test-dir/MiniOzoneClusterImpl-7728bda3-e39e-4fb4-adc7-89b1999467e6/datanode-1/data/ratis/456c8555-14b5-4808-92d3-c8f1d92134f9/current/log_inprogress_0
2019-09-26 10:41:38,400 [c36b05fb-5243-46b0-a052-9c1a582fd56b@group-957DA56B9560:LeaderElection30] INFO  impl.LeaderElection (LeaderElection.java:askForVotes(182)) - c36b05fb-5243-46b0-a052-9c1a582fd56b@group-957DA56B9560:LeaderElection30: begin an election at term 1 for -1: [c36b05fb-5243-46b0-a052-9c1a582fd56b:192.168.30.13:33148], old=null
2019-09-26 10:41:38,400 [c36b05fb-5243-46b0-a052-9c1a582fd56b@group-957DA56B9560:LeaderElection30] INFO  impl.RoleInfo (RoleInfo.java:shutdownLeaderElection(134)) - c36b05fb-5243-46b0-a052-9c1a582fd56b: shutdown LeaderElection
2019-09-26 10:41:38,400 [c36b05fb-5243-46b0-a052-9c1a582fd56b@group-957DA56B9560:LeaderElection30] INFO  impl.RaftServerImpl (RaftServerImpl.java:setRole(174)) - c36b05fb-5243-46b0-a052-9c1a582fd56b@group-957DA56B9560: changes role from CANDIDATE to LEADER at term 1 for changeToLeader
2019-09-26 10:41:38,400 [c36b05fb-5243-46b0-a052-9c1a582fd56b@group-957DA56B9560:LeaderElection30] INFO  impl.RaftServerImpl (ServerState.java:setLeader(253)) - c36b05fb-5243-46b0-a052-9c1a582fd56b@group-957DA56B9560: change Leader from null to c36b05fb-5243-46b0-a052-9c1a582fd56b at term 1 for becomeLeader, leader elected after 5132ms
2019-09-26 10:41:38,401 [c36b05fb-5243-46b0-a052-9c1a582fd56b@group-957DA56B9560:LeaderElection30] INFO  server.RaftServerConfigKeys (ConfUtils.java:logGet(43)) - raft.server.staging.catchup.gap = 1000 (default)
2019-09-26 10:41:38,401 [c36b05fb-5243-46b0-a052-9c1a582fd56b@group-957DA56B9560:LeaderElection30] INFO  server.RaftServerConfigKeys (ConfUtils.java:logGet(43)) - raft.server.rpc.sleep.time = 25ms (default)
2019-09-26 10:41:38,401 [c36b05fb-5243-46b0-a052-9c1a582fd56b@group-957DA56B9560:LeaderElection30] INFO  server.RaftServerConfigKeys (ConfUtils.java:logGet(43)) - raft.server.write.element-limit = 4096 (default)
2019-09-26 10:41:38,401 [c36b05fb-5243-46b0-a052-9c1a582fd56b@group-957DA56B9560:LeaderElection30] INFO  server.RaftServerConfigKeys (ConfUtils.java:logGet(43)) - raft.server.watch.timeout = 10s (default)
2019-09-26 10:41:38,401 [c36b05fb-5243-46b0-a052-9c1a582fd56b@group-957DA56B9560:LeaderElection30] INFO  server.RaftServerConfigKeys (ConfUtils.java:logGet(43)) - raft.server.watch.timeout.denomination = 1s (default)
2019-09-26 10:41:38,401 [c36b05fb-5243-46b0-a052-9c1a582fd56b@group-957DA56B9560:LeaderElection30] INFO  server.RaftServerConfigKeys (ConfUtils.java:logGet(43)) - raft.server.watch.element-limit = 65536 (default)
2019-09-26 10:41:38,403 [c36b05fb-5243-46b0-a052-9c1a582fd56b@group-957DA56B9560:LeaderElection30] INFO  impl.RoleInfo (RoleInfo.java:updateAndGet(143)) - c36b05fb-5243-46b0-a052-9c1a582fd56b: start LeaderState
2019-09-26 10:41:38,403 [c36b05fb-5243-46b0-a052-9c1a582fd56b@group-957DA56B9560:LeaderElection30] INFO  segmented.SegmentedRaftLogWorker (SegmentedRaftLogWorker.java:startLogSegment(380)) - c36b05fb-5243-46b0-a052-9c1a582fd56b@group-957DA56B9560-SegmentedRaftLogWorker: Starting segment from index:0
2019-09-26 10:41:38,404 [c36b05fb-5243-46b0-a052-9c1a582fd56b@group-957DA56B9560:LeaderElection30] INFO  impl.RaftServerImpl (ServerState.java:setRaftConf(354)) - c36b05fb-5243-46b0-a052-9c1a582fd56b@group-957DA56B9560: set configuration 0: [c36b05fb-5243-46b0-a052-9c1a582fd56b:192.168.30.13:33148], old=null at 0
2019-09-26 10:41:38,446 [Thread-482] INFO  impl.FollowerState (FollowerState.java:run(106)) - c36b05fb-5243-46b0-a052-9c1a582fd56b:group-270B4DE6A1DA changes to CANDIDATE, lastRpcTime:5067, electionTimeout:5067ms
2019-09-26 10:41:38,446 [Thread-482] INFO  impl.RoleInfo (RoleInfo.java:shutdownFollowerState(121)) - c36b05fb-5243-46b0-a052-9c1a582fd56b: shutdown FollowerState
2019-09-26 10:41:38,447 [Thread-482] INFO  impl.RaftServerImpl (RaftServerImpl.java:setRole(174)) - c36b05fb-5243-46b0-a052-9c1a582fd56b@group-270B4DE6A1DA: changes role from  FOLLOWER to CANDIDATE at term 0 for changeToCandidate
2019-09-26 10:41:38,447 [Thread-482] INFO  impl.RoleInfo (RoleInfo.java:updateAndGet(143)) - c36b05fb-5243-46b0-a052-9c1a582fd56b: start LeaderElection
2019-09-26 10:41:38,452 [c36b05fb-5243-46b0-a052-9c1a582fd56b@group-957DA56B9560-SegmentedRaftLogWorker] INFO  segmented.SegmentedRaftLogWorker (SegmentedRaftLogWorker.java:execute(569)) - c36b05fb-5243-46b0-a052-9c1a582fd56b@group-957DA56B9560-SegmentedRaftLogWorker: created new log segment /workdir/hadoop-ozone/integration-test/target/test-dir/MiniOzoneClusterImpl-7728bda3-e39e-4fb4-adc7-89b1999467e6/datanode-1/data/ratis/231196a5-20fc-4157-ae62-957da56b9560/current/log_inprogress_0
2019-09-26 10:41:38,452 [c36b05fb-5243-46b0-a052-9c1a582fd56b@group-270B4DE6A1DA:LeaderElection31] INFO  impl.LeaderElection (LeaderElection.java:askForVotes(182)) - c36b05fb-5243-46b0-a052-9c1a582fd56b@group-270B4DE6A1DA:LeaderElection31: begin an election at term 1 for -1: [c36b05fb-5243-46b0-a052-9c1a582fd56b:192.168.30.13:33148], old=null
2019-09-26 10:41:38,453 [c36b05fb-5243-46b0-a052-9c1a582fd56b@group-270B4DE6A1DA:LeaderElection31] INFO  impl.RoleInfo (RoleInfo.java:shutdownLeaderElection(134)) - c36b05fb-5243-46b0-a052-9c1a582fd56b: shutdown LeaderElection
2019-09-26 10:41:38,453 [c36b05fb-5243-46b0-a052-9c1a582fd56b@group-270B4DE6A1DA:LeaderElection31] INFO  impl.RaftServerImpl (RaftServerImpl.java:setRole(174)) - c36b05fb-5243-46b0-a052-9c1a582fd56b@group-270B4DE6A1DA: changes role from CANDIDATE to LEADER at term 1 for changeToLeader
2019-09-26 10:41:38,453 [c36b05fb-5243-46b0-a052-9c1a582fd56b@group-270B4DE6A1DA:LeaderElection31] INFO  impl.RaftServerImpl (ServerState.java:setLeader(253)) - c36b05fb-5243-46b0-a052-9c1a582fd56b@group-270B4DE6A1DA: change Leader from null to c36b05fb-5243-46b0-a052-9c1a582fd56b at term 1 for becomeLeader, leader elected after 5081ms
2019-09-26 10:41:38,453 [c36b05fb-5243-46b0-a052-9c1a582fd56b@group-270B4DE6A1DA:LeaderElection31] INFO  server.RaftServerConfigKeys (ConfUtils.java:logGet(43)) - raft.server.staging.catchup.gap = 1000 (default)
2019-09-26 10:41:38,453 [c36b05fb-5243-46b0-a052-9c1a582fd56b@group-270B4DE6A1DA:LeaderElection31] INFO  server.RaftServerConfigKeys (ConfUtils.java:logGet(43)) - raft.server.rpc.sleep.time = 25ms (default)
2019-09-26 10:41:38,454 [c36b05fb-5243-46b0-a052-9c1a582fd56b@group-270B4DE6A1DA:LeaderElection31] INFO  server.RaftServerConfigKeys (ConfUtils.java:logGet(43)) - raft.server.write.element-limit = 4096 (default)
2019-09-26 10:41:38,454 [c36b05fb-5243-46b0-a052-9c1a582fd56b@group-270B4DE6A1DA:LeaderElection31] INFO  server.RaftServerConfigKeys (ConfUtils.java:logGet(43)) - raft.server.watch.timeout = 10s (default)
2019-09-26 10:41:38,454 [c36b05fb-5243-46b0-a052-9c1a582fd56b@group-270B4DE6A1DA:LeaderElection31] INFO  server.RaftServerConfigKeys (ConfUtils.java:logGet(43)) - raft.server.watch.timeout.denomination = 1s (default)
2019-09-26 10:41:38,454 [c36b05fb-5243-46b0-a052-9c1a582fd56b@group-270B4DE6A1DA:LeaderElection31] INFO  server.RaftServerConfigKeys (ConfUtils.java:logGet(43)) - raft.server.watch.element-limit = 65536 (default)
2019-09-26 10:41:38,457 [c36b05fb-5243-46b0-a052-9c1a582fd56b@group-270B4DE6A1DA:LeaderElection31] INFO  impl.RoleInfo (RoleInfo.java:updateAndGet(143)) - c36b05fb-5243-46b0-a052-9c1a582fd56b: start LeaderState
2019-09-26 10:41:38,457 [c36b05fb-5243-46b0-a052-9c1a582fd56b@group-270B4DE6A1DA:LeaderElection31] INFO  segmented.SegmentedRaftLogWorker (SegmentedRaftLogWorker.java:startLogSegment(380)) - c36b05fb-5243-46b0-a052-9c1a582fd56b@group-270B4DE6A1DA-SegmentedRaftLogWorker: Starting segment from index:0
2019-09-26 10:41:38,458 [c36b05fb-5243-46b0-a052-9c1a582fd56b@group-270B4DE6A1DA:LeaderElection31] INFO  impl.RaftServerImpl (ServerState.java:setRaftConf(354)) - c36b05fb-5243-46b0-a052-9c1a582fd56b@group-270B4DE6A1DA: set configuration 0: [c36b05fb-5243-46b0-a052-9c1a582fd56b:192.168.30.13:33148], old=null at 0
2019-09-26 10:41:38,497 [Thread-485] INFO  impl.FollowerState (FollowerState.java:run(106)) - c36b05fb-5243-46b0-a052-9c1a582fd56b:group-6B670FF5BFDD changes to CANDIDATE, lastRpcTime:5061, electionTimeout:5044ms
2019-09-26 10:41:38,497 [Thread-479] INFO  impl.FollowerState (FollowerState.java:run(106)) - c36b05fb-5243-46b0-a052-9c1a582fd56b:group-D48D6DFEF010 changes to CANDIDATE, lastRpcTime:5171, electionTimeout:5153ms
2019-09-26 10:41:38,497 [Thread-485] INFO  impl.RoleInfo (RoleInfo.java:shutdownFollowerState(121)) - c36b05fb-5243-46b0-a052-9c1a582fd56b: shutdown FollowerState
2019-09-26 10:41:38,498 [Thread-479] INFO  impl.RoleInfo (RoleInfo.java:shutdownFollowerState(121)) - c36b05fb-5243-46b0-a052-9c1a582fd56b: shutdown FollowerState
2019-09-26 10:41:38,498 [Thread-485] INFO  impl.RaftServerImpl (RaftServerImpl.java:setRole(174)) - c36b05fb-5243-46b0-a052-9c1a582fd56b@group-6B670FF5BFDD: changes role from  FOLLOWER to CANDIDATE at term 0 for changeToCandidate
2019-09-26 10:41:38,498 [Thread-479] INFO  impl.RaftServerImpl (RaftServerImpl.java:setRole(174)) - c36b05fb-5243-46b0-a052-9c1a582fd56b@group-D48D6DFEF010: changes role from  FOLLOWER to CANDIDATE at term 0 for changeToCandidate
2019-09-26 10:41:38,498 [Thread-485] INFO  impl.RoleInfo (RoleInfo.java:updateAndGet(143)) - c36b05fb-5243-46b0-a052-9c1a582fd56b: start LeaderElection
2019-09-26 10:41:38,498 [Thread-479] INFO  impl.RoleInfo (RoleInfo.java:updateAndGet(143)) - c36b05fb-5243-46b0-a052-9c1a582fd56b: start LeaderElection
2019-09-26 10:41:38,510 [c36b05fb-5243-46b0-a052-9c1a582fd56b@group-270B4DE6A1DA-SegmentedRaftLogWorker] INFO  segmented.SegmentedRaftLogWorker (SegmentedRaftLogWorker.java:execute(569)) - c36b05fb-5243-46b0-a052-9c1a582fd56b@group-270B4DE6A1DA-SegmentedRaftLogWorker: created new log segment /workdir/hadoop-ozone/integration-test/target/test-dir/MiniOzoneClusterImpl-7728bda3-e39e-4fb4-adc7-89b1999467e6/datanode-1/data/ratis/8f83240c-0c4f-47a2-a083-270b4de6a1da/current/log_inprogress_0
2019-09-26 10:41:38,510 [c36b05fb-5243-46b0-a052-9c1a582fd56b@group-6B670FF5BFDD:LeaderElection32] INFO  impl.LeaderElection (LeaderElection.java:askForVotes(182)) - c36b05fb-5243-46b0-a052-9c1a582fd56b@group-6B670FF5BFDD:LeaderElection32: begin an election at term 1 for -1: [c36b05fb-5243-46b0-a052-9c1a582fd56b:192.168.30.13:33148], old=null
2019-09-26 10:41:38,510 [c36b05fb-5243-46b0-a052-9c1a582fd56b@group-D48D6DFEF010:LeaderElection33] INFO  impl.LeaderElection (LeaderElection.java:askForVotes(182)) - c36b05fb-5243-46b0-a052-9c1a582fd56b@group-D48D6DFEF010:LeaderElection33: begin an election at term 1 for -1: [c36b05fb-5243-46b0-a052-9c1a582fd56b:192.168.30.13:33148], old=null
2019-09-26 10:41:38,510 [c36b05fb-5243-46b0-a052-9c1a582fd56b@group-6B670FF5BFDD:LeaderElection32] INFO  impl.RoleInfo (RoleInfo.java:shutdownLeaderElection(134)) - c36b05fb-5243-46b0-a052-9c1a582fd56b: shutdown LeaderElection
2019-09-26 10:41:38,510 [c36b05fb-5243-46b0-a052-9c1a582fd56b@group-D48D6DFEF010:LeaderElection33] INFO  impl.RoleInfo (RoleInfo.java:shutdownLeaderElection(134)) - c36b05fb-5243-46b0-a052-9c1a582fd56b: shutdown LeaderElection
2019-09-26 10:41:38,510 [c36b05fb-5243-46b0-a052-9c1a582fd56b@group-6B670FF5BFDD:LeaderElection32] INFO  impl.RaftServerImpl (RaftServerImpl.java:setRole(174)) - c36b05fb-5243-46b0-a052-9c1a582fd56b@group-6B670FF5BFDD: changes role from CANDIDATE to LEADER at term 1 for changeToLeader
2019-09-26 10:41:38,511 [c36b05fb-5243-46b0-a052-9c1a582fd56b@group-D48D6DFEF010:LeaderElection33] INFO  impl.RaftServerImpl (RaftServerImpl.java:setRole(174)) - c36b05fb-5243-46b0-a052-9c1a582fd56b@group-D48D6DFEF010: changes role from CANDIDATE to LEADER at term 1 for changeToLeader
2019-09-26 10:41:38,511 [c36b05fb-5243-46b0-a052-9c1a582fd56b@group-6B670FF5BFDD:LeaderElection32] INFO  impl.RaftServerImpl (ServerState.java:setLeader(253)) - c36b05fb-5243-46b0-a052-9c1a582fd56b@group-6B670FF5BFDD: change Leader from null to c36b05fb-5243-46b0-a052-9c1a582fd56b at term 1 for becomeLeader, leader elected after 5081ms
2019-09-26 10:41:38,511 [c36b05fb-5243-46b0-a052-9c1a582fd56b@group-D48D6DFEF010:LeaderElection33] INFO  impl.RaftServerImpl (ServerState.java:setLeader(253)) - c36b05fb-5243-46b0-a052-9c1a582fd56b@group-D48D6DFEF010: change Leader from null to c36b05fb-5243-46b0-a052-9c1a582fd56b at term 1 for becomeLeader, leader elected after 5191ms
2019-09-26 10:41:38,511 [c36b05fb-5243-46b0-a052-9c1a582fd56b@group-6B670FF5BFDD:LeaderElection32] INFO  server.RaftServerConfigKeys (ConfUtils.java:logGet(43)) - raft.server.staging.catchup.gap = 1000 (default)
2019-09-26 10:41:38,511 [c36b05fb-5243-46b0-a052-9c1a582fd56b@group-D48D6DFEF010:LeaderElection33] INFO  server.RaftServerConfigKeys (ConfUtils.java:logGet(43)) - raft.server.staging.catchup.gap = 1000 (default)
2019-09-26 10:41:38,511 [c36b05fb-5243-46b0-a052-9c1a582fd56b@group-6B670FF5BFDD:LeaderElection32] INFO  server.RaftServerConfigKeys (ConfUtils.java:logGet(43)) - raft.server.rpc.sleep.time = 25ms (default)
2019-09-26 10:41:38,511 [c36b05fb-5243-46b0-a052-9c1a582fd56b@group-D48D6DFEF010:LeaderElection33] INFO  server.RaftServerConfigKeys (ConfUtils.java:logGet(43)) - raft.server.rpc.sleep.time = 25ms (default)
2019-09-26 10:41:38,511 [c36b05fb-5243-46b0-a052-9c1a582fd56b@group-6B670FF5BFDD:LeaderElection32] INFO  server.RaftServerConfigKeys (ConfUtils.java:logGet(43)) - raft.server.write.element-limit = 4096 (default)
2019-09-26 10:41:38,512 [c36b05fb-5243-46b0-a052-9c1a582fd56b@group-D48D6DFEF010:LeaderElection33] INFO  server.RaftServerConfigKeys (ConfUtils.java:logGet(43)) - raft.server.write.element-limit = 4096 (default)
2019-09-26 10:41:38,512 [c36b05fb-5243-46b0-a052-9c1a582fd56b@group-6B670FF5BFDD:LeaderElection32] INFO  server.RaftServerConfigKeys (ConfUtils.java:logGet(43)) - raft.server.watch.timeout = 10s (default)
2019-09-26 10:41:38,512 [c36b05fb-5243-46b0-a052-9c1a582fd56b@group-D48D6DFEF010:LeaderElection33] INFO  server.RaftServerConfigKeys (ConfUtils.java:logGet(43)) - raft.server.watch.timeout = 10s (default)
2019-09-26 10:41:38,512 [c36b05fb-5243-46b0-a052-9c1a582fd56b@group-6B670FF5BFDD:LeaderElection32] INFO  server.RaftServerConfigKeys (ConfUtils.java:logGet(43)) - raft.server.watch.timeout.denomination = 1s (default)
2019-09-26 10:41:38,512 [c36b05fb-5243-46b0-a052-9c1a582fd56b@group-D48D6DFEF010:LeaderElection33] INFO  server.RaftServerConfigKeys (ConfUtils.java:logGet(43)) - raft.server.watch.timeout.denomination = 1s (default)
2019-09-26 10:41:38,512 [c36b05fb-5243-46b0-a052-9c1a582fd56b@group-6B670FF5BFDD:LeaderElection32] INFO  server.RaftServerConfigKeys (ConfUtils.java:logGet(43)) - raft.server.watch.element-limit = 65536 (default)
2019-09-26 10:41:38,512 [c36b05fb-5243-46b0-a052-9c1a582fd56b@group-D48D6DFEF010:LeaderElection33] INFO  server.RaftServerConfigKeys (ConfUtils.java:logGet(43)) - raft.server.watch.element-limit = 65536 (default)
2019-09-26 10:41:38,515 [c36b05fb-5243-46b0-a052-9c1a582fd56b@group-6B670FF5BFDD:LeaderElection32] INFO  impl.RoleInfo (RoleInfo.java:updateAndGet(143)) - c36b05fb-5243-46b0-a052-9c1a582fd56b: start LeaderState
2019-09-26 10:41:38,516 [c36b05fb-5243-46b0-a052-9c1a582fd56b@group-D48D6DFEF010:LeaderElection33] INFO  impl.RoleInfo (RoleInfo.java:updateAndGet(143)) - c36b05fb-5243-46b0-a052-9c1a582fd56b: start LeaderState
2019-09-26 10:41:38,516 [c36b05fb-5243-46b0-a052-9c1a582fd56b@group-6B670FF5BFDD:LeaderElection32] INFO  segmented.SegmentedRaftLogWorker (SegmentedRaftLogWorker.java:startLogSegment(380)) - c36b05fb-5243-46b0-a052-9c1a582fd56b@group-6B670FF5BFDD-SegmentedRaftLogWorker: Starting segment from index:0
2019-09-26 10:41:38,516 [c36b05fb-5243-46b0-a052-9c1a582fd56b@group-D48D6DFEF010:LeaderElection33] INFO  segmented.SegmentedRaftLogWorker (SegmentedRaftLogWorker.java:startLogSegment(380)) - c36b05fb-5243-46b0-a052-9c1a582fd56b@group-D48D6DFEF010-SegmentedRaftLogWorker: Starting segment from index:0
2019-09-26 10:41:38,516 [c36b05fb-5243-46b0-a052-9c1a582fd56b@group-6B670FF5BFDD:LeaderElection32] INFO  impl.RaftServerImpl (ServerState.java:setRaftConf(354)) - c36b05fb-5243-46b0-a052-9c1a582fd56b@group-6B670FF5BFDD: set configuration 0: [c36b05fb-5243-46b0-a052-9c1a582fd56b:192.168.30.13:33148], old=null at 0
2019-09-26 10:41:38,556 [c36b05fb-5243-46b0-a052-9c1a582fd56b@group-D48D6DFEF010:LeaderElection33] INFO  impl.RaftServerImpl (ServerState.java:setRaftConf(354)) - c36b05fb-5243-46b0-a052-9c1a582fd56b@group-D48D6DFEF010: set configuration 0: [c36b05fb-5243-46b0-a052-9c1a582fd56b:192.168.30.13:33148], old=null at 0
2019-09-26 10:41:38,568 [c36b05fb-5243-46b0-a052-9c1a582fd56b@group-D48D6DFEF010-SegmentedRaftLogWorker] INFO  segmented.SegmentedRaftLogWorker (SegmentedRaftLogWorker.java:execute(569)) - c36b05fb-5243-46b0-a052-9c1a582fd56b@group-D48D6DFEF010-SegmentedRaftLogWorker: created new log segment /workdir/hadoop-ozone/integration-test/target/test-dir/MiniOzoneClusterImpl-7728bda3-e39e-4fb4-adc7-89b1999467e6/datanode-1/data/ratis/44bb2f94-8b43-463f-9c0c-d48d6dfef010/current/log_inprogress_0
2019-09-26 10:41:38,568 [c36b05fb-5243-46b0-a052-9c1a582fd56b@group-6B670FF5BFDD-SegmentedRaftLogWorker] INFO  segmented.SegmentedRaftLogWorker (SegmentedRaftLogWorker.java:execute(569)) - c36b05fb-5243-46b0-a052-9c1a582fd56b@group-6B670FF5BFDD-SegmentedRaftLogWorker: created new log segment /workdir/hadoop-ozone/integration-test/target/test-dir/MiniOzoneClusterImpl-7728bda3-e39e-4fb4-adc7-89b1999467e6/datanode-1/data/ratis/65cc3835-b453-44da-b16d-6b670ff5bfdd/current/log_inprogress_0
2019-09-26 10:41:38,607 [Thread-488] INFO  impl.FollowerState (FollowerState.java:run(106)) - 62befdb0-85de-4829-8f28-5e2590b30fcb:group-273E17644EBE changes to CANDIDATE, lastRpcTime:5115, electionTimeout:5115ms
2019-09-26 10:41:38,607 [Thread-488] INFO  impl.RoleInfo (RoleInfo.java:shutdownFollowerState(121)) - 62befdb0-85de-4829-8f28-5e2590b30fcb: shutdown FollowerState
2019-09-26 10:41:38,607 [Thread-488] INFO  impl.RaftServerImpl (RaftServerImpl.java:setRole(174)) - 62befdb0-85de-4829-8f28-5e2590b30fcb@group-273E17644EBE: changes role from  FOLLOWER to CANDIDATE at term 0 for changeToCandidate
2019-09-26 10:41:38,608 [Thread-488] INFO  impl.RoleInfo (RoleInfo.java:updateAndGet(143)) - 62befdb0-85de-4829-8f28-5e2590b30fcb: start LeaderElection
2019-09-26 10:41:38,623 [62befdb0-85de-4829-8f28-5e2590b30fcb@group-273E17644EBE:LeaderElection34] INFO  impl.LeaderElection (LeaderElection.java:askForVotes(182)) - 62befdb0-85de-4829-8f28-5e2590b30fcb@group-273E17644EBE:LeaderElection34: begin an election at term 1 for -1: [62befdb0-85de-4829-8f28-5e2590b30fcb:192.168.30.13:38060], old=null
2019-09-26 10:41:38,623 [62befdb0-85de-4829-8f28-5e2590b30fcb@group-273E17644EBE:LeaderElection34] INFO  impl.RoleInfo (RoleInfo.java:shutdownLeaderElection(134)) - 62befdb0-85de-4829-8f28-5e2590b30fcb: shutdown LeaderElection
2019-09-26 10:41:38,623 [62befdb0-85de-4829-8f28-5e2590b30fcb@group-273E17644EBE:LeaderElection34] INFO  impl.RaftServerImpl (RaftServerImpl.java:setRole(174)) - 62befdb0-85de-4829-8f28-5e2590b30fcb@group-273E17644EBE: changes role from CANDIDATE to LEADER at term 1 for changeToLeader
2019-09-26 10:41:38,623 [62befdb0-85de-4829-8f28-5e2590b30fcb@group-273E17644EBE:LeaderElection34] INFO  impl.RaftServerImpl (ServerState.java:setLeader(253)) - 62befdb0-85de-4829-8f28-5e2590b30fcb@group-273E17644EBE: change Leader from null to 62befdb0-85de-4829-8f28-5e2590b30fcb at term 1 for becomeLeader, leader elected after 5140ms
2019-09-26 10:41:38,624 [62befdb0-85de-4829-8f28-5e2590b30fcb@group-273E17644EBE:LeaderElection34] INFO  server.RaftServerConfigKeys (ConfUtils.java:logGet(43)) - raft.server.staging.catchup.gap = 1000 (default)
2019-09-26 10:41:38,624 [62befdb0-85de-4829-8f28-5e2590b30fcb@group-273E17644EBE:LeaderElection34] INFO  server.RaftServerConfigKeys (ConfUtils.java:logGet(43)) - raft.server.rpc.sleep.time = 25ms (default)
2019-09-26 10:41:38,624 [62befdb0-85de-4829-8f28-5e2590b30fcb@group-273E17644EBE:LeaderElection34] INFO  server.RaftServerConfigKeys (ConfUtils.java:logGet(43)) - raft.server.write.element-limit = 4096 (default)
2019-09-26 10:41:38,624 [62befdb0-85de-4829-8f28-5e2590b30fcb@group-273E17644EBE:LeaderElection34] INFO  server.RaftServerConfigKeys (ConfUtils.java:logGet(43)) - raft.server.watch.timeout = 10s (default)
2019-09-26 10:41:38,624 [62befdb0-85de-4829-8f28-5e2590b30fcb@group-273E17644EBE:LeaderElection34] INFO  server.RaftServerConfigKeys (ConfUtils.java:logGet(43)) - raft.server.watch.timeout.denomination = 1s (default)
2019-09-26 10:41:38,624 [62befdb0-85de-4829-8f28-5e2590b30fcb@group-273E17644EBE:LeaderElection34] INFO  server.RaftServerConfigKeys (ConfUtils.java:logGet(43)) - raft.server.watch.element-limit = 65536 (default)
2019-09-26 10:41:38,628 [62befdb0-85de-4829-8f28-5e2590b30fcb@group-273E17644EBE:LeaderElection34] INFO  impl.RoleInfo (RoleInfo.java:updateAndGet(143)) - 62befdb0-85de-4829-8f28-5e2590b30fcb: start LeaderState
2019-09-26 10:41:38,628 [62befdb0-85de-4829-8f28-5e2590b30fcb@group-273E17644EBE:LeaderElection34] INFO  segmented.SegmentedRaftLogWorker (SegmentedRaftLogWorker.java:startLogSegment(380)) - 62befdb0-85de-4829-8f28-5e2590b30fcb@group-273E17644EBE-SegmentedRaftLogWorker: Starting segment from index:0
2019-09-26 10:41:38,629 [62befdb0-85de-4829-8f28-5e2590b30fcb@group-273E17644EBE:LeaderElection34] INFO  impl.RaftServerImpl (ServerState.java:setRaftConf(354)) - 62befdb0-85de-4829-8f28-5e2590b30fcb@group-273E17644EBE: set configuration 0: [62befdb0-85de-4829-8f28-5e2590b30fcb:192.168.30.13:38060], old=null at 0
2019-09-26 10:41:38,664 [Thread-491] INFO  impl.FollowerState (FollowerState.java:run(106)) - 62befdb0-85de-4829-8f28-5e2590b30fcb:group-D870C3A81C94 changes to CANDIDATE, lastRpcTime:5117, electionTimeout:5092ms
2019-09-26 10:41:38,664 [Thread-494] INFO  impl.FollowerState (FollowerState.java:run(106)) - 62befdb0-85de-4829-8f28-5e2590b30fcb:group-26E498F4DF31 changes to CANDIDATE, lastRpcTime:5062, electionTimeout:5033ms
2019-09-26 10:41:38,664 [Thread-491] INFO  impl.RoleInfo (RoleInfo.java:shutdownFollowerState(121)) - 62befdb0-85de-4829-8f28-5e2590b30fcb: shutdown FollowerState
2019-09-26 10:41:38,664 [Thread-494] INFO  impl.RoleInfo (RoleInfo.java:shutdownFollowerState(121)) - 62befdb0-85de-4829-8f28-5e2590b30fcb: shutdown FollowerState
2019-09-26 10:41:38,664 [Thread-491] INFO  impl.RaftServerImpl (RaftServerImpl.java:setRole(174)) - 62befdb0-85de-4829-8f28-5e2590b30fcb@group-D870C3A81C94: changes role from  FOLLOWER to CANDIDATE at term 0 for changeToCandidate
2019-09-26 10:41:38,665 [Thread-494] INFO  impl.RaftServerImpl (RaftServerImpl.java:setRole(174)) - 62befdb0-85de-4829-8f28-5e2590b30fcb@group-26E498F4DF31: changes role from  FOLLOWER to CANDIDATE at term 0 for changeToCandidate
2019-09-26 10:41:38,665 [Thread-491] INFO  impl.RoleInfo (RoleInfo.java:updateAndGet(143)) - 62befdb0-85de-4829-8f28-5e2590b30fcb: start LeaderElection
2019-09-26 10:41:38,665 [Thread-494] INFO  impl.RoleInfo (RoleInfo.java:updateAndGet(143)) - 62befdb0-85de-4829-8f28-5e2590b30fcb: start LeaderElection
2019-09-26 10:41:38,677 [62befdb0-85de-4829-8f28-5e2590b30fcb@group-273E17644EBE-SegmentedRaftLogWorker] INFO  segmented.SegmentedRaftLogWorker (SegmentedRaftLogWorker.java:execute(569)) - 62befdb0-85de-4829-8f28-5e2590b30fcb@group-273E17644EBE-SegmentedRaftLogWorker: created new log segment /workdir/hadoop-ozone/integration-test/target/test-dir/MiniOzoneClusterImpl-7728bda3-e39e-4fb4-adc7-89b1999467e6/datanode-2/data/ratis/44b9cbd9-8f0a-43c7-a0ef-273e17644ebe/current/log_inprogress_0
2019-09-26 10:41:38,677 [62befdb0-85de-4829-8f28-5e2590b30fcb@group-26E498F4DF31:LeaderElection36] INFO  impl.LeaderElection (LeaderElection.java:askForVotes(182)) - 62befdb0-85de-4829-8f28-5e2590b30fcb@group-26E498F4DF31:LeaderElection36: begin an election at term 1 for -1: [62befdb0-85de-4829-8f28-5e2590b30fcb:192.168.30.13:38060], old=null
2019-09-26 10:41:38,677 [62befdb0-85de-4829-8f28-5e2590b30fcb@group-D870C3A81C94:LeaderElection35] INFO  impl.LeaderElection (LeaderElection.java:askForVotes(182)) - 62befdb0-85de-4829-8f28-5e2590b30fcb@group-D870C3A81C94:LeaderElection35: begin an election at term 1 for -1: [62befdb0-85de-4829-8f28-5e2590b30fcb:192.168.30.13:38060], old=null
2019-09-26 10:41:38,677 [62befdb0-85de-4829-8f28-5e2590b30fcb@group-26E498F4DF31:LeaderElection36] INFO  impl.RoleInfo (RoleInfo.java:shutdownLeaderElection(134)) - 62befdb0-85de-4829-8f28-5e2590b30fcb: shutdown LeaderElection
2019-09-26 10:41:38,677 [62befdb0-85de-4829-8f28-5e2590b30fcb@group-D870C3A81C94:LeaderElection35] INFO  impl.RoleInfo (RoleInfo.java:shutdownLeaderElection(134)) - 62befdb0-85de-4829-8f28-5e2590b30fcb: shutdown LeaderElection
2019-09-26 10:41:38,677 [62befdb0-85de-4829-8f28-5e2590b30fcb@group-26E498F4DF31:LeaderElection36] INFO  impl.RaftServerImpl (RaftServerImpl.java:setRole(174)) - 62befdb0-85de-4829-8f28-5e2590b30fcb@group-26E498F4DF31: changes role from CANDIDATE to LEADER at term 1 for changeToLeader
2019-09-26 10:41:38,677 [62befdb0-85de-4829-8f28-5e2590b30fcb@group-D870C3A81C94:LeaderElection35] INFO  impl.RaftServerImpl (RaftServerImpl.java:setRole(174)) - 62befdb0-85de-4829-8f28-5e2590b30fcb@group-D870C3A81C94: changes role from CANDIDATE to LEADER at term 1 for changeToLeader
2019-09-26 10:41:38,677 [62befdb0-85de-4829-8f28-5e2590b30fcb@group-26E498F4DF31:LeaderElection36] INFO  impl.RaftServerImpl (ServerState.java:setLeader(253)) - 62befdb0-85de-4829-8f28-5e2590b30fcb@group-26E498F4DF31: change Leader from null to 62befdb0-85de-4829-8f28-5e2590b30fcb at term 1 for becomeLeader, leader elected after 5083ms
2019-09-26 10:41:38,678 [62befdb0-85de-4829-8f28-5e2590b30fcb@group-D870C3A81C94:LeaderElection35] INFO  impl.RaftServerImpl (ServerState.java:setLeader(253)) - 62befdb0-85de-4829-8f28-5e2590b30fcb@group-D870C3A81C94: change Leader from null to 62befdb0-85de-4829-8f28-5e2590b30fcb at term 1 for becomeLeader, leader elected after 5138ms
2019-09-26 10:41:38,678 [62befdb0-85de-4829-8f28-5e2590b30fcb@group-26E498F4DF31:LeaderElection36] INFO  server.RaftServerConfigKeys (ConfUtils.java:logGet(43)) - raft.server.staging.catchup.gap = 1000 (default)
2019-09-26 10:41:38,678 [62befdb0-85de-4829-8f28-5e2590b30fcb@group-D870C3A81C94:LeaderElection35] INFO  server.RaftServerConfigKeys (ConfUtils.java:logGet(43)) - raft.server.staging.catchup.gap = 1000 (default)
2019-09-26 10:41:38,678 [62befdb0-85de-4829-8f28-5e2590b30fcb@group-26E498F4DF31:LeaderElection36] INFO  server.RaftServerConfigKeys (ConfUtils.java:logGet(43)) - raft.server.rpc.sleep.time = 25ms (default)
2019-09-26 10:41:38,678 [62befdb0-85de-4829-8f28-5e2590b30fcb@group-D870C3A81C94:LeaderElection35] INFO  server.RaftServerConfigKeys (ConfUtils.java:logGet(43)) - raft.server.rpc.sleep.time = 25ms (default)
2019-09-26 10:41:38,678 [62befdb0-85de-4829-8f28-5e2590b30fcb@group-26E498F4DF31:LeaderElection36] INFO  server.RaftServerConfigKeys (ConfUtils.java:logGet(43)) - raft.server.write.element-limit = 4096 (default)
2019-09-26 10:41:38,679 [62befdb0-85de-4829-8f28-5e2590b30fcb@group-D870C3A81C94:LeaderElection35] INFO  server.RaftServerConfigKeys (ConfUtils.java:logGet(43)) - raft.server.write.element-limit = 4096 (default)
2019-09-26 10:41:38,679 [62befdb0-85de-4829-8f28-5e2590b30fcb@group-26E498F4DF31:LeaderElection36] INFO  server.RaftServerConfigKeys (ConfUtils.java:logGet(43)) - raft.server.watch.timeout = 10s (default)
2019-09-26 10:41:38,679 [62befdb0-85de-4829-8f28-5e2590b30fcb@group-D870C3A81C94:LeaderElection35] INFO  server.RaftServerConfigKeys (ConfUtils.java:logGet(43)) - raft.server.watch.timeout = 10s (default)
2019-09-26 10:41:38,679 [62befdb0-85de-4829-8f28-5e2590b30fcb@group-26E498F4DF31:LeaderElection36] INFO  server.RaftServerConfigKeys (ConfUtils.java:logGet(43)) - raft.server.watch.timeout.denomination = 1s (default)
2019-09-26 10:41:38,679 [62befdb0-85de-4829-8f28-5e2590b30fcb@group-D870C3A81C94:LeaderElection35] INFO  server.RaftServerConfigKeys (ConfUtils.java:logGet(43)) - raft.server.watch.timeout.denomination = 1s (default)
2019-09-26 10:41:38,679 [62befdb0-85de-4829-8f28-5e2590b30fcb@group-26E498F4DF31:LeaderElection36] INFO  server.RaftServerConfigKeys (ConfUtils.java:logGet(43)) - raft.server.watch.element-limit = 65536 (default)
2019-09-26 10:41:38,679 [62befdb0-85de-4829-8f28-5e2590b30fcb@group-D870C3A81C94:LeaderElection35] INFO  server.RaftServerConfigKeys (ConfUtils.java:logGet(43)) - raft.server.watch.element-limit = 65536 (default)
2019-09-26 10:41:38,684 [62befdb0-85de-4829-8f28-5e2590b30fcb@group-26E498F4DF31:LeaderElection36] INFO  impl.RoleInfo (RoleInfo.java:updateAndGet(143)) - 62befdb0-85de-4829-8f28-5e2590b30fcb: start LeaderState
2019-09-26 10:41:38,684 [62befdb0-85de-4829-8f28-5e2590b30fcb@group-26E498F4DF31:LeaderElection36] INFO  segmented.SegmentedRaftLogWorker (SegmentedRaftLogWorker.java:startLogSegment(380)) - 62befdb0-85de-4829-8f28-5e2590b30fcb@group-26E498F4DF31-SegmentedRaftLogWorker: Starting segment from index:0
2019-09-26 10:41:38,684 [62befdb0-85de-4829-8f28-5e2590b30fcb@group-D870C3A81C94:LeaderElection35] INFO  impl.RoleInfo (RoleInfo.java:updateAndGet(143)) - 62befdb0-85de-4829-8f28-5e2590b30fcb: start LeaderState
2019-09-26 10:41:38,684 [62befdb0-85de-4829-8f28-5e2590b30fcb@group-D870C3A81C94:LeaderElection35] INFO  segmented.SegmentedRaftLogWorker (SegmentedRaftLogWorker.java:startLogSegment(380)) - 62befdb0-85de-4829-8f28-5e2590b30fcb@group-D870C3A81C94-SegmentedRaftLogWorker: Starting segment from index:0
2019-09-26 10:41:38,684 [62befdb0-85de-4829-8f28-5e2590b30fcb@group-26E498F4DF31:LeaderElection36] INFO  impl.RaftServerImpl (ServerState.java:setRaftConf(354)) - 62befdb0-85de-4829-8f28-5e2590b30fcb@group-26E498F4DF31: set configuration 0: [62befdb0-85de-4829-8f28-5e2590b30fcb:192.168.30.13:38060], old=null at 0
2019-09-26 10:41:38,724 [62befdb0-85de-4829-8f28-5e2590b30fcb@group-D870C3A81C94:LeaderElection35] INFO  impl.RaftServerImpl (ServerState.java:setRaftConf(354)) - 62befdb0-85de-4829-8f28-5e2590b30fcb@group-D870C3A81C94: set configuration 0: [62befdb0-85de-4829-8f28-5e2590b30fcb:192.168.30.13:38060], old=null at 0
2019-09-26 10:41:38,736 [62befdb0-85de-4829-8f28-5e2590b30fcb@group-26E498F4DF31-SegmentedRaftLogWorker] INFO  segmented.SegmentedRaftLogWorker (SegmentedRaftLogWorker.java:execute(569)) - 62befdb0-85de-4829-8f28-5e2590b30fcb@group-26E498F4DF31-SegmentedRaftLogWorker: created new log segment /workdir/hadoop-ozone/integration-test/target/test-dir/MiniOzoneClusterImpl-7728bda3-e39e-4fb4-adc7-89b1999467e6/datanode-2/data/ratis/89d54a04-f484-406c-bf40-26e498f4df31/current/log_inprogress_0
2019-09-26 10:41:38,736 [62befdb0-85de-4829-8f28-5e2590b30fcb@group-D870C3A81C94-SegmentedRaftLogWorker] INFO  segmented.SegmentedRaftLogWorker (SegmentedRaftLogWorker.java:execute(569)) - 62befdb0-85de-4829-8f28-5e2590b30fcb@group-D870C3A81C94-SegmentedRaftLogWorker: created new log segment /workdir/hadoop-ozone/integration-test/target/test-dir/MiniOzoneClusterImpl-7728bda3-e39e-4fb4-adc7-89b1999467e6/datanode-2/data/ratis/9e9919f5-83a2-48fe-98e1-d870c3a81c94/current/log_inprogress_0
2019-09-26 10:41:38,786 [main] INFO  ozoneimpl.OzoneContainer (OzoneContainer.java:stop(231)) - Attempting to stop container services.
2019-09-26 10:41:38,786 [ForkJoinPool.commonPool-worker-0] INFO  ozoneimpl.OzoneContainer (OzoneContainer.java:stop(231)) - Attempting to stop container services.
2019-09-26 10:41:38,787 [main] INFO  impl.RaftServerProxy (RaftServerProxy.java:lambda$close$4(314)) - c36b05fb-5243-46b0-a052-9c1a582fd56b: close
2019-09-26 10:41:38,787 [ForkJoinPool.commonPool-worker-0] INFO  impl.RaftServerProxy (RaftServerProxy.java:lambda$close$4(314)) - c1893a92-03dd-4a23-a9af-4ff43bf2d333: close
2019-09-26 10:41:38,789 [main] INFO  impl.RaftServerImpl (RaftServerImpl.java:lambda$shutdown$3(251)) - c36b05fb-5243-46b0-a052-9c1a582fd56b@group-5145D11FD64E: shutdown
2019-09-26 10:41:38,789 [ForkJoinPool.commonPool-worker-0] INFO  impl.RaftServerImpl (RaftServerImpl.java:lambda$shutdown$3(251)) - c1893a92-03dd-4a23-a9af-4ff43bf2d333@group-D3831142F603: shutdown
2019-09-26 10:41:38,790 [main] INFO  util.JmxRegister (JmxRegister.java:unregister(73)) - Successfully un-registered JMX Bean with object name Ratis:service=RaftServer,group=group-5145D11FD64E,id=c36b05fb-5243-46b0-a052-9c1a582fd56b
2019-09-26 10:41:38,790 [main] INFO  impl.RoleInfo (RoleInfo.java:shutdownLeaderState(104)) - c36b05fb-5243-46b0-a052-9c1a582fd56b: shutdown LeaderState
2019-09-26 10:41:38,790 [ForkJoinPool.commonPool-worker-0] INFO  util.JmxRegister (JmxRegister.java:unregister(73)) - Successfully un-registered JMX Bean with object name Ratis:service=RaftServer,group=group-D3831142F603,id=c1893a92-03dd-4a23-a9af-4ff43bf2d333
2019-09-26 10:41:38,791 [main] INFO  impl.PendingRequests (PendingRequests.java:sendNotLeaderResponses(202)) - c36b05fb-5243-46b0-a052-9c1a582fd56b-PendingRequests: sendNotLeaderResponses
2019-09-26 10:41:38,791 [ForkJoinPool.commonPool-worker-0] INFO  impl.RoleInfo (RoleInfo.java:shutdownLeaderState(104)) - c1893a92-03dd-4a23-a9af-4ff43bf2d333: shutdown LeaderState
2019-09-26 10:41:38,792 [main] INFO  impl.StateMachineUpdater (StateMachineUpdater.java:stopAndJoin(125)) - c36b05fb-5243-46b0-a052-9c1a582fd56b@group-5145D11FD64E-StateMachineUpdater: set stopIndex = 0
2019-09-26 10:41:38,792 [main] INFO  impl.RaftServerImpl (ServerState.java:close(385)) - c36b05fb-5243-46b0-a052-9c1a582fd56b@group-5145D11FD64E: closes. applyIndex: 0
2019-09-26 10:41:38,792 [ForkJoinPool.commonPool-worker-0] INFO  impl.PendingRequests (PendingRequests.java:sendNotLeaderResponses(202)) - c1893a92-03dd-4a23-a9af-4ff43bf2d333-PendingRequests: sendNotLeaderResponses
2019-09-26 10:41:38,793 [c36b05fb-5243-46b0-a052-9c1a582fd56b@group-5145D11FD64E-SegmentedRaftLogWorker] INFO  segmented.SegmentedRaftLogWorker (SegmentedRaftLogWorker.java:run(313)) - c36b05fb-5243-46b0-a052-9c1a582fd56b@group-5145D11FD64E-SegmentedRaftLogWorker was interrupted, exiting. There are 0 tasks remaining in the queue.
2019-09-26 10:41:38,795 [ForkJoinPool.commonPool-worker-0] INFO  impl.StateMachineUpdater (StateMachineUpdater.java:stopAndJoin(125)) - c1893a92-03dd-4a23-a9af-4ff43bf2d333@group-D3831142F603-StateMachineUpdater: set stopIndex = 0
2019-09-26 10:41:38,795 [main] INFO  segmented.SegmentedRaftLogWorker (SegmentedRaftLogWorker.java:close(228)) - c36b05fb-5243-46b0-a052-9c1a582fd56b@group-5145D11FD64E-SegmentedRaftLogWorker close()
2019-09-26 10:41:38,795 [ForkJoinPool.commonPool-worker-0] INFO  impl.RaftServerImpl (ServerState.java:close(385)) - c1893a92-03dd-4a23-a9af-4ff43bf2d333@group-D3831142F603: closes. applyIndex: 0
2019-09-26 10:41:38,798 [main] INFO  impl.RaftServerImpl (RaftServerImpl.java:lambda$shutdown$3(251)) - c36b05fb-5243-46b0-a052-9c1a582fd56b@group-270B4DE6A1DA: shutdown
2019-09-26 10:41:38,799 [c1893a92-03dd-4a23-a9af-4ff43bf2d333@group-D3831142F603-SegmentedRaftLogWorker] INFO  segmented.SegmentedRaftLogWorker (SegmentedRaftLogWorker.java:run(313)) - c1893a92-03dd-4a23-a9af-4ff43bf2d333@group-D3831142F603-SegmentedRaftLogWorker was interrupted, exiting. There are 0 tasks remaining in the queue.
2019-09-26 10:41:38,799 [main] INFO  util.JmxRegister (JmxRegister.java:unregister(73)) - Successfully un-registered JMX Bean with object name Ratis:service=RaftServer,group=group-270B4DE6A1DA,id=c36b05fb-5243-46b0-a052-9c1a582fd56b
2019-09-26 10:41:38,801 [ForkJoinPool.commonPool-worker-0] INFO  segmented.SegmentedRaftLogWorker (SegmentedRaftLogWorker.java:close(228)) - c1893a92-03dd-4a23-a9af-4ff43bf2d333@group-D3831142F603-SegmentedRaftLogWorker close()
2019-09-26 10:41:38,801 [main] INFO  impl.RoleInfo (RoleInfo.java:shutdownLeaderState(104)) - c36b05fb-5243-46b0-a052-9c1a582fd56b: shutdown LeaderState
2019-09-26 10:41:38,808 [ForkJoinPool.commonPool-worker-0] INFO  impl.RaftServerImpl (RaftServerImpl.java:lambda$shutdown$3(251)) - c1893a92-03dd-4a23-a9af-4ff43bf2d333@group-5F2FAB517CBC: shutdown
2019-09-26 10:41:38,808 [main] INFO  impl.PendingRequests (PendingRequests.java:sendNotLeaderResponses(202)) - c36b05fb-5243-46b0-a052-9c1a582fd56b-PendingRequests: sendNotLeaderResponses
2019-09-26 10:41:38,808 [ForkJoinPool.commonPool-worker-0] INFO  util.JmxRegister (JmxRegister.java:unregister(73)) - Successfully un-registered JMX Bean with object name Ratis:service=RaftServer,group=group-5F2FAB517CBC,id=c1893a92-03dd-4a23-a9af-4ff43bf2d333
2019-09-26 10:41:38,809 [main] INFO  impl.StateMachineUpdater (StateMachineUpdater.java:stopAndJoin(125)) - c36b05fb-5243-46b0-a052-9c1a582fd56b@group-270B4DE6A1DA-StateMachineUpdater: set stopIndex = 0
2019-09-26 10:41:38,809 [ForkJoinPool.commonPool-worker-0] INFO  impl.RoleInfo (RoleInfo.java:shutdownLeaderState(104)) - c1893a92-03dd-4a23-a9af-4ff43bf2d333: shutdown LeaderState
2019-09-26 10:41:38,809 [main] INFO  impl.RaftServerImpl (ServerState.java:close(385)) - c36b05fb-5243-46b0-a052-9c1a582fd56b@group-270B4DE6A1DA: closes. applyIndex: 0
2019-09-26 10:41:38,810 [ForkJoinPool.commonPool-worker-0] INFO  impl.PendingRequests (PendingRequests.java:sendNotLeaderResponses(202)) - c1893a92-03dd-4a23-a9af-4ff43bf2d333-PendingRequests: sendNotLeaderResponses
2019-09-26 10:41:38,810 [c36b05fb-5243-46b0-a052-9c1a582fd56b@group-270B4DE6A1DA-SegmentedRaftLogWorker] INFO  segmented.SegmentedRaftLogWorker (SegmentedRaftLogWorker.java:run(313)) - c36b05fb-5243-46b0-a052-9c1a582fd56b@group-270B4DE6A1DA-SegmentedRaftLogWorker was interrupted, exiting. There are 0 tasks remaining in the queue.
2019-09-26 10:41:38,811 [ForkJoinPool.commonPool-worker-0] INFO  impl.StateMachineUpdater (StateMachineUpdater.java:stopAndJoin(125)) - c1893a92-03dd-4a23-a9af-4ff43bf2d333@group-5F2FAB517CBC-StateMachineUpdater: set stopIndex = 0
2019-09-26 10:41:38,812 [main] INFO  segmented.SegmentedRaftLogWorker (SegmentedRaftLogWorker.java:close(228)) - c36b05fb-5243-46b0-a052-9c1a582fd56b@group-270B4DE6A1DA-SegmentedRaftLogWorker close()
2019-09-26 10:41:38,812 [ForkJoinPool.commonPool-worker-0] INFO  impl.RaftServerImpl (ServerState.java:close(385)) - c1893a92-03dd-4a23-a9af-4ff43bf2d333@group-5F2FAB517CBC: closes. applyIndex: 0
2019-09-26 10:41:38,814 [main] INFO  impl.RaftServerImpl (RaftServerImpl.java:lambda$shutdown$3(251)) - c36b05fb-5243-46b0-a052-9c1a582fd56b@group-6B670FF5BFDD: shutdown
2019-09-26 10:41:38,814 [c1893a92-03dd-4a23-a9af-4ff43bf2d333@group-5F2FAB517CBC-SegmentedRaftLogWorker] INFO  segmented.SegmentedRaftLogWorker (SegmentedRaftLogWorker.java:run(313)) - c1893a92-03dd-4a23-a9af-4ff43bf2d333@group-5F2FAB517CBC-SegmentedRaftLogWorker was interrupted, exiting. There are 0 tasks remaining in the queue.
2019-09-26 10:41:38,815 [main] INFO  util.JmxRegister (JmxRegister.java:unregister(73)) - Successfully un-registered JMX Bean with object name Ratis:service=RaftServer,group=group-6B670FF5BFDD,id=c36b05fb-5243-46b0-a052-9c1a582fd56b
2019-09-26 10:41:38,816 [ForkJoinPool.commonPool-worker-0] INFO  segmented.SegmentedRaftLogWorker (SegmentedRaftLogWorker.java:close(228)) - c1893a92-03dd-4a23-a9af-4ff43bf2d333@group-5F2FAB517CBC-SegmentedRaftLogWorker close()
2019-09-26 10:41:38,816 [main] INFO  impl.RoleInfo (RoleInfo.java:shutdownLeaderState(104)) - c36b05fb-5243-46b0-a052-9c1a582fd56b: shutdown LeaderState
2019-09-26 10:41:38,818 [ForkJoinPool.commonPool-worker-0] INFO  impl.RaftServerImpl (RaftServerImpl.java:lambda$shutdown$3(251)) - c1893a92-03dd-4a23-a9af-4ff43bf2d333@group-BC8B4882CBDF: shutdown
2019-09-26 10:41:38,819 [main] INFO  impl.PendingRequests (PendingRequests.java:sendNotLeaderResponses(202)) - c36b05fb-5243-46b0-a052-9c1a582fd56b-PendingRequests: sendNotLeaderResponses
2019-09-26 10:41:38,819 [ForkJoinPool.commonPool-worker-0] INFO  util.JmxRegister (JmxRegister.java:unregister(73)) - Successfully un-registered JMX Bean with object name Ratis:service=RaftServer,group=group-BC8B4882CBDF,id=c1893a92-03dd-4a23-a9af-4ff43bf2d333
2019-09-26 10:41:38,820 [main] INFO  impl.StateMachineUpdater (StateMachineUpdater.java:stopAndJoin(125)) - c36b05fb-5243-46b0-a052-9c1a582fd56b@group-6B670FF5BFDD-StateMachineUpdater: set stopIndex = 0
2019-09-26 10:41:38,820 [ForkJoinPool.commonPool-worker-0] INFO  impl.RoleInfo (RoleInfo.java:shutdownLeaderState(104)) - c1893a92-03dd-4a23-a9af-4ff43bf2d333: shutdown LeaderState
2019-09-26 10:41:38,820 [main] INFO  impl.RaftServerImpl (ServerState.java:close(385)) - c36b05fb-5243-46b0-a052-9c1a582fd56b@group-6B670FF5BFDD: closes. applyIndex: 0
2019-09-26 10:41:38,821 [ForkJoinPool.commonPool-worker-0] INFO  impl.PendingRequests (PendingRequests.java:sendNotLeaderResponses(202)) - c1893a92-03dd-4a23-a9af-4ff43bf2d333-PendingRequests: sendNotLeaderResponses
2019-09-26 10:41:38,821 [c36b05fb-5243-46b0-a052-9c1a582fd56b@group-6B670FF5BFDD-SegmentedRaftLogWorker] INFO  segmented.SegmentedRaftLogWorker (SegmentedRaftLogWorker.java:run(313)) - c36b05fb-5243-46b0-a052-9c1a582fd56b@group-6B670FF5BFDD-SegmentedRaftLogWorker was interrupted, exiting. There are 0 tasks remaining in the queue.
2019-09-26 10:41:38,821 [ForkJoinPool.commonPool-worker-0] INFO  impl.StateMachineUpdater (StateMachineUpdater.java:stopAndJoin(125)) - c1893a92-03dd-4a23-a9af-4ff43bf2d333@group-BC8B4882CBDF-StateMachineUpdater: set stopIndex = 0
2019-09-26 10:41:38,823 [main] INFO  segmented.SegmentedRaftLogWorker (SegmentedRaftLogWorker.java:close(228)) - c36b05fb-5243-46b0-a052-9c1a582fd56b@group-6B670FF5BFDD-SegmentedRaftLogWorker close()
2019-09-26 10:41:38,824 [ForkJoinPool.commonPool-worker-0] INFO  impl.RaftServerImpl (ServerState.java:close(385)) - c1893a92-03dd-4a23-a9af-4ff43bf2d333@group-BC8B4882CBDF: closes. applyIndex: 0
2019-09-26 10:41:38,825 [main] INFO  impl.RaftServerImpl (RaftServerImpl.java:lambda$shutdown$3(251)) - c36b05fb-5243-46b0-a052-9c1a582fd56b@group-957DA56B9560: shutdown
2019-09-26 10:41:38,826 [c1893a92-03dd-4a23-a9af-4ff43bf2d333@group-BC8B4882CBDF-SegmentedRaftLogWorker] INFO  segmented.SegmentedRaftLogWorker (SegmentedRaftLogWorker.java:run(313)) - c1893a92-03dd-4a23-a9af-4ff43bf2d333@group-BC8B4882CBDF-SegmentedRaftLogWorker was interrupted, exiting. There are 0 tasks remaining in the queue.
2019-09-26 10:41:38,826 [main] INFO  util.JmxRegister (JmxRegister.java:unregister(73)) - Successfully un-registered JMX Bean with object name Ratis:service=RaftServer,group=group-957DA56B9560,id=c36b05fb-5243-46b0-a052-9c1a582fd56b
2019-09-26 10:41:38,828 [main] INFO  impl.RoleInfo (RoleInfo.java:shutdownLeaderState(104)) - c36b05fb-5243-46b0-a052-9c1a582fd56b: shutdown LeaderState
2019-09-26 10:41:38,828 [ForkJoinPool.commonPool-worker-0] INFO  segmented.SegmentedRaftLogWorker (SegmentedRaftLogWorker.java:close(228)) - c1893a92-03dd-4a23-a9af-4ff43bf2d333@group-BC8B4882CBDF-SegmentedRaftLogWorker close()
2019-09-26 10:41:38,828 [main] INFO  impl.PendingRequests (PendingRequests.java:sendNotLeaderResponses(202)) - c36b05fb-5243-46b0-a052-9c1a582fd56b-PendingRequests: sendNotLeaderResponses
2019-09-26 10:41:38,830 [ForkJoinPool.commonPool-worker-0] INFO  impl.RaftServerImpl (RaftServerImpl.java:lambda$shutdown$3(251)) - c1893a92-03dd-4a23-a9af-4ff43bf2d333@group-F2FD9B877352: shutdown
2019-09-26 10:41:38,830 [main] INFO  impl.StateMachineUpdater (StateMachineUpdater.java:stopAndJoin(125)) - c36b05fb-5243-46b0-a052-9c1a582fd56b@group-957DA56B9560-StateMachineUpdater: set stopIndex = 0
2019-09-26 10:41:38,831 [ForkJoinPool.commonPool-worker-0] INFO  util.JmxRegister (JmxRegister.java:unregister(73)) - Successfully un-registered JMX Bean with object name Ratis:service=RaftServer,group=group-F2FD9B877352,id=c1893a92-03dd-4a23-a9af-4ff43bf2d333
2019-09-26 10:41:38,831 [main] INFO  impl.RaftServerImpl (ServerState.java:close(385)) - c36b05fb-5243-46b0-a052-9c1a582fd56b@group-957DA56B9560: closes. applyIndex: 0
2019-09-26 10:41:38,831 [ForkJoinPool.commonPool-worker-0] INFO  impl.RoleInfo (RoleInfo.java:shutdownLeaderState(104)) - c1893a92-03dd-4a23-a9af-4ff43bf2d333: shutdown LeaderState
2019-09-26 10:41:38,832 [c36b05fb-5243-46b0-a052-9c1a582fd56b@group-957DA56B9560-SegmentedRaftLogWorker] INFO  segmented.SegmentedRaftLogWorker (SegmentedRaftLogWorker.java:run(313)) - c36b05fb-5243-46b0-a052-9c1a582fd56b@group-957DA56B9560-SegmentedRaftLogWorker was interrupted, exiting. There are 0 tasks remaining in the queue.
2019-09-26 10:41:38,832 [ForkJoinPool.commonPool-worker-0] INFO  impl.PendingRequests (PendingRequests.java:sendNotLeaderResponses(202)) - c1893a92-03dd-4a23-a9af-4ff43bf2d333-PendingRequests: sendNotLeaderResponses
2019-09-26 10:41:38,834 [main] INFO  segmented.SegmentedRaftLogWorker (SegmentedRaftLogWorker.java:close(228)) - c36b05fb-5243-46b0-a052-9c1a582fd56b@group-957DA56B9560-SegmentedRaftLogWorker close()
2019-09-26 10:41:38,834 [ForkJoinPool.commonPool-worker-0] INFO  impl.StateMachineUpdater (StateMachineUpdater.java:stopAndJoin(125)) - c1893a92-03dd-4a23-a9af-4ff43bf2d333@group-F2FD9B877352-StateMachineUpdater: set stopIndex = 0
2019-09-26 10:41:38,836 [main] INFO  impl.RaftServerImpl (RaftServerImpl.java:lambda$shutdown$3(251)) - c36b05fb-5243-46b0-a052-9c1a582fd56b@group-D48D6DFEF010: shutdown
2019-09-26 10:41:38,836 [ForkJoinPool.commonPool-worker-0] INFO  impl.RaftServerImpl (ServerState.java:close(385)) - c1893a92-03dd-4a23-a9af-4ff43bf2d333@group-F2FD9B877352: closes. applyIndex: 0
2019-09-26 10:41:38,837 [main] INFO  util.JmxRegister (JmxRegister.java:unregister(73)) - Successfully un-registered JMX Bean with object name Ratis:service=RaftServer,group=group-D48D6DFEF010,id=c36b05fb-5243-46b0-a052-9c1a582fd56b
2019-09-26 10:41:38,837 [c1893a92-03dd-4a23-a9af-4ff43bf2d333@group-F2FD9B877352-SegmentedRaftLogWorker] INFO  segmented.SegmentedRaftLogWorker (SegmentedRaftLogWorker.java:run(313)) - c1893a92-03dd-4a23-a9af-4ff43bf2d333@group-F2FD9B877352-SegmentedRaftLogWorker was interrupted, exiting. There are 0 tasks remaining in the queue.
2019-09-26 10:41:38,837 [main] INFO  impl.RoleInfo (RoleInfo.java:shutdownLeaderState(104)) - c36b05fb-5243-46b0-a052-9c1a582fd56b: shutdown LeaderState
2019-09-26 10:41:38,839 [ForkJoinPool.commonPool-worker-0] INFO  segmented.SegmentedRaftLogWorker (SegmentedRaftLogWorker.java:close(228)) - c1893a92-03dd-4a23-a9af-4ff43bf2d333@group-F2FD9B877352-SegmentedRaftLogWorker close()
2019-09-26 10:41:38,839 [main] INFO  impl.PendingRequests (PendingRequests.java:sendNotLeaderResponses(202)) - c36b05fb-5243-46b0-a052-9c1a582fd56b-PendingRequests: sendNotLeaderResponses
2019-09-26 10:41:38,841 [ForkJoinPool.commonPool-worker-0] INFO  impl.RaftServerImpl (RaftServerImpl.java:lambda$shutdown$3(251)) - c1893a92-03dd-4a23-a9af-4ff43bf2d333@group-32C96B07FB8A: shutdown
2019-09-26 10:41:38,841 [main] INFO  impl.StateMachineUpdater (StateMachineUpdater.java:stopAndJoin(125)) - c36b05fb-5243-46b0-a052-9c1a582fd56b@group-D48D6DFEF010-StateMachineUpdater: set stopIndex = 0
2019-09-26 10:41:38,842 [ForkJoinPool.commonPool-worker-0] INFO  util.JmxRegister (JmxRegister.java:unregister(73)) - Successfully un-registered JMX Bean with object name Ratis:service=RaftServer,group=group-32C96B07FB8A,id=c1893a92-03dd-4a23-a9af-4ff43bf2d333
2019-09-26 10:41:38,842 [main] INFO  impl.RaftServerImpl (ServerState.java:close(385)) - c36b05fb-5243-46b0-a052-9c1a582fd56b@group-D48D6DFEF010: closes. applyIndex: 0
2019-09-26 10:41:38,842 [ForkJoinPool.commonPool-worker-0] INFO  impl.RoleInfo (RoleInfo.java:shutdownLeaderState(104)) - c1893a92-03dd-4a23-a9af-4ff43bf2d333: shutdown LeaderState
2019-09-26 10:41:38,843 [c36b05fb-5243-46b0-a052-9c1a582fd56b@group-D48D6DFEF010-SegmentedRaftLogWorker] INFO  segmented.SegmentedRaftLogWorker (SegmentedRaftLogWorker.java:run(313)) - c36b05fb-5243-46b0-a052-9c1a582fd56b@group-D48D6DFEF010-SegmentedRaftLogWorker was interrupted, exiting. There are 0 tasks remaining in the queue.
2019-09-26 10:41:38,843 [ForkJoinPool.commonPool-worker-0] INFO  impl.PendingRequests (PendingRequests.java:sendNotLeaderResponses(202)) - c1893a92-03dd-4a23-a9af-4ff43bf2d333-PendingRequests: sendNotLeaderResponses
2019-09-26 10:41:38,845 [main] INFO  segmented.SegmentedRaftLogWorker (SegmentedRaftLogWorker.java:close(228)) - c36b05fb-5243-46b0-a052-9c1a582fd56b@group-D48D6DFEF010-SegmentedRaftLogWorker close()
2019-09-26 10:41:38,845 [ForkJoinPool.commonPool-worker-0] INFO  impl.StateMachineUpdater (StateMachineUpdater.java:stopAndJoin(125)) - c1893a92-03dd-4a23-a9af-4ff43bf2d333@group-32C96B07FB8A-StateMachineUpdater: set stopIndex = 0
2019-09-26 10:41:38,847 [ForkJoinPool.commonPool-worker-0] INFO  impl.RaftServerImpl (ServerState.java:close(385)) - c1893a92-03dd-4a23-a9af-4ff43bf2d333@group-32C96B07FB8A: closes. applyIndex: 0
2019-09-26 10:41:38,847 [main] INFO  impl.RaftServerImpl (RaftServerImpl.java:lambda$shutdown$3(251)) - c36b05fb-5243-46b0-a052-9c1a582fd56b@group-C8F1D92134F9: shutdown
2019-09-26 10:41:38,848 [c1893a92-03dd-4a23-a9af-4ff43bf2d333@group-32C96B07FB8A-SegmentedRaftLogWorker] INFO  segmented.SegmentedRaftLogWorker (SegmentedRaftLogWorker.java:run(313)) - c1893a92-03dd-4a23-a9af-4ff43bf2d333@group-32C96B07FB8A-SegmentedRaftLogWorker was interrupted, exiting. There are 0 tasks remaining in the queue.
2019-09-26 10:41:38,848 [main] INFO  util.JmxRegister (JmxRegister.java:unregister(73)) - Successfully un-registered JMX Bean with object name Ratis:service=RaftServer,group=group-C8F1D92134F9,id=c36b05fb-5243-46b0-a052-9c1a582fd56b
2019-09-26 10:41:38,850 [ForkJoinPool.commonPool-worker-0] INFO  segmented.SegmentedRaftLogWorker (SegmentedRaftLogWorker.java:close(228)) - c1893a92-03dd-4a23-a9af-4ff43bf2d333@group-32C96B07FB8A-SegmentedRaftLogWorker close()
2019-09-26 10:41:38,850 [main] INFO  impl.RoleInfo (RoleInfo.java:shutdownLeaderState(104)) - c36b05fb-5243-46b0-a052-9c1a582fd56b: shutdown LeaderState
2019-09-26 10:41:38,856 [ForkJoinPool.commonPool-worker-0] INFO  impl.RaftServerImpl (RaftServerImpl.java:lambda$shutdown$3(251)) - c1893a92-03dd-4a23-a9af-4ff43bf2d333@group-BBE2170AEEE9: shutdown
2019-09-26 10:41:38,856 [main] INFO  impl.PendingRequests (PendingRequests.java:sendNotLeaderResponses(202)) - c36b05fb-5243-46b0-a052-9c1a582fd56b-PendingRequests: sendNotLeaderResponses
2019-09-26 10:41:38,856 [ForkJoinPool.commonPool-worker-0] INFO  util.JmxRegister (JmxRegister.java:unregister(73)) - Successfully un-registered JMX Bean with object name Ratis:service=RaftServer,group=group-BBE2170AEEE9,id=c1893a92-03dd-4a23-a9af-4ff43bf2d333
2019-09-26 10:41:38,857 [main] INFO  impl.StateMachineUpdater (StateMachineUpdater.java:stopAndJoin(125)) - c36b05fb-5243-46b0-a052-9c1a582fd56b@group-C8F1D92134F9-StateMachineUpdater: set stopIndex = 0
2019-09-26 10:41:38,857 [ForkJoinPool.commonPool-worker-0] INFO  impl.RoleInfo (RoleInfo.java:shutdownLeaderState(104)) - c1893a92-03dd-4a23-a9af-4ff43bf2d333: shutdown LeaderState
2019-09-26 10:41:38,858 [main] INFO  impl.RaftServerImpl (ServerState.java:close(385)) - c36b05fb-5243-46b0-a052-9c1a582fd56b@group-C8F1D92134F9: closes. applyIndex: 0
2019-09-26 10:41:38,858 [ForkJoinPool.commonPool-worker-0] INFO  impl.PendingRequests (PendingRequests.java:sendNotLeaderResponses(202)) - c1893a92-03dd-4a23-a9af-4ff43bf2d333-PendingRequests: sendNotLeaderResponses
2019-09-26 10:41:38,858 [c36b05fb-5243-46b0-a052-9c1a582fd56b@group-C8F1D92134F9-SegmentedRaftLogWorker] INFO  segmented.SegmentedRaftLogWorker (SegmentedRaftLogWorker.java:run(313)) - c36b05fb-5243-46b0-a052-9c1a582fd56b@group-C8F1D92134F9-SegmentedRaftLogWorker was interrupted, exiting. There are 0 tasks remaining in the queue.
2019-09-26 10:41:38,859 [ForkJoinPool.commonPool-worker-0] INFO  impl.StateMachineUpdater (StateMachineUpdater.java:stopAndJoin(125)) - c1893a92-03dd-4a23-a9af-4ff43bf2d333@group-BBE2170AEEE9-StateMachineUpdater: set stopIndex = 0
2019-09-26 10:41:38,859 [ForkJoinPool.commonPool-worker-0] INFO  impl.RaftServerImpl (ServerState.java:close(385)) - c1893a92-03dd-4a23-a9af-4ff43bf2d333@group-BBE2170AEEE9: closes. applyIndex: 0
2019-09-26 10:41:38,859 [main] INFO  segmented.SegmentedRaftLogWorker (SegmentedRaftLogWorker.java:close(228)) - c36b05fb-5243-46b0-a052-9c1a582fd56b@group-C8F1D92134F9-SegmentedRaftLogWorker close()
2019-09-26 10:41:38,859 [c1893a92-03dd-4a23-a9af-4ff43bf2d333@group-BBE2170AEEE9-SegmentedRaftLogWorker] INFO  segmented.SegmentedRaftLogWorker (SegmentedRaftLogWorker.java:run(313)) - c1893a92-03dd-4a23-a9af-4ff43bf2d333@group-BBE2170AEEE9-SegmentedRaftLogWorker was interrupted, exiting. There are 0 tasks remaining in the queue.
2019-09-26 10:41:38,860 [main] INFO  server.GrpcService (GrpcService.java:closeImpl(164)) - c36b05fb-5243-46b0-a052-9c1a582fd56b: shutdown server with port 33148 now
2019-09-26 10:41:38,860 [ForkJoinPool.commonPool-worker-0] INFO  segmented.SegmentedRaftLogWorker (SegmentedRaftLogWorker.java:close(228)) - c1893a92-03dd-4a23-a9af-4ff43bf2d333@group-BBE2170AEEE9-SegmentedRaftLogWorker close()
2019-09-26 10:41:38,861 [ForkJoinPool.commonPool-worker-0] INFO  server.GrpcService (GrpcService.java:closeImpl(164)) - c1893a92-03dd-4a23-a9af-4ff43bf2d333: shutdown server with port 36902 now
2019-09-26 10:41:38,862 [main] INFO  server.GrpcService (GrpcService.java:closeImpl(172)) - c36b05fb-5243-46b0-a052-9c1a582fd56b: shutdown server with port 33148 successfully
2019-09-26 10:41:38,864 [ForkJoinPool.commonPool-worker-0] INFO  server.GrpcService (GrpcService.java:closeImpl(172)) - c1893a92-03dd-4a23-a9af-4ff43bf2d333: shutdown server with port 36902 successfully
2019-09-26 10:41:38,866 [refreshUsed-/workdir/hadoop-ozone/integration-test/target/test-dir/MiniOzoneClusterImpl-7728bda3-e39e-4fb4-adc7-89b1999467e6/datanode-1/data/containers] WARN  fs.CachingGetSpaceUsed (CachingGetSpaceUsed.java:run(183)) - Thread Interrupted waiting to refresh disk information: sleep interrupted
2019-09-26 10:41:38,872 [refreshUsed-/workdir/hadoop-ozone/integration-test/target/test-dir/MiniOzoneClusterImpl-7728bda3-e39e-4fb4-adc7-89b1999467e6/datanode-0/data/containers] WARN  fs.CachingGetSpaceUsed (CachingGetSpaceUsed.java:run(183)) - Thread Interrupted waiting to refresh disk information: sleep interrupted
2019-09-26 10:41:38,887 [main] INFO  utils.BackgroundService (BackgroundService.java:shutdown(148)) - Shutting down service BlockDeletingService
2019-09-26 10:41:38,891 [main] INFO  statemachine.DatanodeStateMachine (DatanodeStateMachine.java:stopDaemon(395)) - Ozone container server stopped.
2019-09-26 10:41:38,893 [main] INFO  handler.ContextHandler (ContextHandler.java:doStop(910)) - Stopped o.e.j.w.WebAppContext@7bab5898{/,null,UNAVAILABLE}{/hddsDatanode}
2019-09-26 10:41:38,894 [main] INFO  server.AbstractConnector (AbstractConnector.java:doStop(318)) - Stopped ServerConnector@366d8b97{HTTP/1.1,[http/1.1]}{0.0.0.0:0}
2019-09-26 10:41:38,894 [main] INFO  handler.ContextHandler (ContextHandler.java:doStop(910)) - Stopped o.e.j.s.ServletContextHandler@2c8c16c0{/static,jar:file:/home/user/.m2/repository/org/apache/hadoop/hadoop-hdds-container-service/0.5.0-SNAPSHOT/hadoop-hdds-container-service-0.5.0-SNAPSHOT.jar!/webapps/static,UNAVAILABLE}
2019-09-26 10:41:38,895 [main] INFO  handler.ContextHandler (ContextHandler.java:doStop(910)) - Stopped o.e.j.s.ServletContextHandler@4601203a{/logs,file:///workdir/hadoop-ozone/integration-test/target/log,UNAVAILABLE}
2019-09-26 10:41:38,898 [ForkJoinPool.commonPool-worker-0] INFO  utils.BackgroundService (BackgroundService.java:shutdown(148)) - Shutting down service BlockDeletingService
2019-09-26 10:41:38,901 [ForkJoinPool.commonPool-worker-0] INFO  statemachine.DatanodeStateMachine (DatanodeStateMachine.java:stopDaemon(395)) - Ozone container server stopped.
2019-09-26 10:41:38,905 [ForkJoinPool.commonPool-worker-0] INFO  handler.ContextHandler (ContextHandler.java:doStop(910)) - Stopped o.e.j.w.WebAppContext@5578be42{/,null,UNAVAILABLE}{/hddsDatanode}
2019-09-26 10:41:38,905 [ForkJoinPool.commonPool-worker-0] INFO  server.AbstractConnector (AbstractConnector.java:doStop(318)) - Stopped ServerConnector@4e49ce2b{HTTP/1.1,[http/1.1]}{0.0.0.0:0}
2019-09-26 10:41:38,907 [ForkJoinPool.commonPool-worker-0] INFO  handler.ContextHandler (ContextHandler.java:doStop(910)) - Stopped o.e.j.s.ServletContextHandler@512575e9{/static,jar:file:/home/user/.m2/repository/org/apache/hadoop/hadoop-hdds-container-service/0.5.0-SNAPSHOT/hadoop-hdds-container-service-0.5.0-SNAPSHOT.jar!/webapps/static,UNAVAILABLE}
2019-09-26 10:41:38,908 [ForkJoinPool.commonPool-worker-0] INFO  handler.ContextHandler (ContextHandler.java:doStop(910)) - Stopped o.e.j.s.ServletContextHandler@5793b87{/logs,file:///workdir/hadoop-ozone/integration-test/target/log,UNAVAILABLE}
2019-09-26 10:41:39,787 [Datanode State Machine Thread - 0] INFO  statemachine.DatanodeStateMachine (DatanodeStateMachine.java:lambda$startDaemon$0(350)) - Ozone container server started.
2019-09-26 10:41:43,897 [main] INFO  ozoneimpl.OzoneContainer (OzoneContainer.java:stop(231)) - Attempting to stop container services.
2019-09-26 10:41:43,897 [main] INFO  impl.RaftServerProxy (RaftServerProxy.java:lambda$close$4(314)) - 62befdb0-85de-4829-8f28-5e2590b30fcb: close
2019-09-26 10:41:43,898 [main] INFO  impl.RaftServerImpl (RaftServerImpl.java:lambda$shutdown$3(251)) - 62befdb0-85de-4829-8f28-5e2590b30fcb@group-273E17644EBE: shutdown
2019-09-26 10:41:43,898 [ForkJoinPool.commonPool-worker-1] INFO  impl.RaftServerImpl (RaftServerImpl.java:lambda$shutdown$3(251)) - 62befdb0-85de-4829-8f28-5e2590b30fcb@group-26E498F4DF31: shutdown
2019-09-26 10:41:43,899 [main] INFO  util.JmxRegister (JmxRegister.java:unregister(73)) - Successfully un-registered JMX Bean with object name Ratis:service=RaftServer,group=group-273E17644EBE,id=62befdb0-85de-4829-8f28-5e2590b30fcb
2019-09-26 10:41:43,899 [ForkJoinPool.commonPool-worker-1] INFO  util.JmxRegister (JmxRegister.java:unregister(73)) - Successfully un-registered JMX Bean with object name Ratis:service=RaftServer,group=group-26E498F4DF31,id=62befdb0-85de-4829-8f28-5e2590b30fcb
2019-09-26 10:41:43,899 [main] INFO  impl.RoleInfo (RoleInfo.java:shutdownLeaderState(104)) - 62befdb0-85de-4829-8f28-5e2590b30fcb: shutdown LeaderState
2019-09-26 10:41:43,899 [ForkJoinPool.commonPool-worker-1] INFO  impl.RoleInfo (RoleInfo.java:shutdownLeaderState(104)) - 62befdb0-85de-4829-8f28-5e2590b30fcb: shutdown LeaderState
2019-09-26 10:41:43,900 [main] INFO  impl.PendingRequests (PendingRequests.java:sendNotLeaderResponses(202)) - 62befdb0-85de-4829-8f28-5e2590b30fcb-PendingRequests: sendNotLeaderResponses
2019-09-26 10:41:43,900 [ForkJoinPool.commonPool-worker-1] INFO  impl.PendingRequests (PendingRequests.java:sendNotLeaderResponses(202)) - 62befdb0-85de-4829-8f28-5e2590b30fcb-PendingRequests: sendNotLeaderResponses
2019-09-26 10:41:43,901 [main] INFO  impl.StateMachineUpdater (StateMachineUpdater.java:stopAndJoin(125)) - 62befdb0-85de-4829-8f28-5e2590b30fcb@group-273E17644EBE-StateMachineUpdater: set stopIndex = 0
2019-09-26 10:41:43,901 [ForkJoinPool.commonPool-worker-1] INFO  impl.StateMachineUpdater (StateMachineUpdater.java:stopAndJoin(125)) - 62befdb0-85de-4829-8f28-5e2590b30fcb@group-26E498F4DF31-StateMachineUpdater: set stopIndex = 0
2019-09-26 10:41:43,901 [main] INFO  impl.RaftServerImpl (ServerState.java:close(385)) - 62befdb0-85de-4829-8f28-5e2590b30fcb@group-273E17644EBE: closes. applyIndex: 0
2019-09-26 10:41:43,901 [ForkJoinPool.commonPool-worker-1] INFO  impl.RaftServerImpl (ServerState.java:close(385)) - 62befdb0-85de-4829-8f28-5e2590b30fcb@group-26E498F4DF31: closes. applyIndex: 0
2019-09-26 10:41:43,902 [62befdb0-85de-4829-8f28-5e2590b30fcb@group-273E17644EBE-SegmentedRaftLogWorker] INFO  segmented.SegmentedRaftLogWorker (SegmentedRaftLogWorker.java:run(313)) - 62befdb0-85de-4829-8f28-5e2590b30fcb@group-273E17644EBE-SegmentedRaftLogWorker was interrupted, exiting. There are 0 tasks remaining in the queue.
2019-09-26 10:41:43,902 [62befdb0-85de-4829-8f28-5e2590b30fcb@group-26E498F4DF31-SegmentedRaftLogWorker] INFO  segmented.SegmentedRaftLogWorker (SegmentedRaftLogWorker.java:run(313)) - 62befdb0-85de-4829-8f28-5e2590b30fcb@group-26E498F4DF31-SegmentedRaftLogWorker was interrupted, exiting. There are 0 tasks remaining in the queue.
2019-09-26 10:41:43,902 [main] INFO  segmented.SegmentedRaftLogWorker (SegmentedRaftLogWorker.java:close(228)) - 62befdb0-85de-4829-8f28-5e2590b30fcb@group-273E17644EBE-SegmentedRaftLogWorker close()
2019-09-26 10:41:43,903 [ForkJoinPool.commonPool-worker-1] INFO  segmented.SegmentedRaftLogWorker (SegmentedRaftLogWorker.java:close(228)) - 62befdb0-85de-4829-8f28-5e2590b30fcb@group-26E498F4DF31-SegmentedRaftLogWorker close()
2019-09-26 10:41:43,903 [main] INFO  impl.RaftServerImpl (RaftServerImpl.java:lambda$shutdown$3(251)) - 62befdb0-85de-4829-8f28-5e2590b30fcb@group-1FEA58C94C75: shutdown
2019-09-26 10:41:43,903 [ForkJoinPool.commonPool-worker-1] INFO  impl.RaftServerImpl (RaftServerImpl.java:lambda$shutdown$3(251)) - 62befdb0-85de-4829-8f28-5e2590b30fcb@group-1DDCA16EDF81: shutdown
2019-09-26 10:41:43,904 [main] INFO  util.JmxRegister (JmxRegister.java:unregister(73)) - Successfully un-registered JMX Bean with object name Ratis:service=RaftServer,group=group-1FEA58C94C75,id=62befdb0-85de-4829-8f28-5e2590b30fcb
2019-09-26 10:41:43,904 [main] INFO  impl.RoleInfo (RoleInfo.java:shutdownLeaderState(104)) - 62befdb0-85de-4829-8f28-5e2590b30fcb: shutdown LeaderState
2019-09-26 10:41:43,904 [ForkJoinPool.commonPool-worker-1] INFO  util.JmxRegister (JmxRegister.java:unregister(73)) - Successfully un-registered JMX Bean with object name Ratis:service=RaftServer,group=group-1DDCA16EDF81,id=62befdb0-85de-4829-8f28-5e2590b30fcb
2019-09-26 10:41:43,905 [main] INFO  impl.PendingRequests (PendingRequests.java:sendNotLeaderResponses(202)) - 62befdb0-85de-4829-8f28-5e2590b30fcb-PendingRequests: sendNotLeaderResponses
2019-09-26 10:41:43,905 [ForkJoinPool.commonPool-worker-1] INFO  impl.RoleInfo (RoleInfo.java:shutdownLeaderState(104)) - 62befdb0-85de-4829-8f28-5e2590b30fcb: shutdown LeaderState
2019-09-26 10:41:43,905 [main] INFO  impl.StateMachineUpdater (StateMachineUpdater.java:stopAndJoin(125)) - 62befdb0-85de-4829-8f28-5e2590b30fcb@group-1FEA58C94C75-StateMachineUpdater: set stopIndex = 0
2019-09-26 10:41:43,906 [ForkJoinPool.commonPool-worker-1] INFO  impl.PendingRequests (PendingRequests.java:sendNotLeaderResponses(202)) - 62befdb0-85de-4829-8f28-5e2590b30fcb-PendingRequests: sendNotLeaderResponses
2019-09-26 10:41:43,906 [main] INFO  impl.RaftServerImpl (ServerState.java:close(385)) - 62befdb0-85de-4829-8f28-5e2590b30fcb@group-1FEA58C94C75: closes. applyIndex: 0
2019-09-26 10:41:43,906 [ForkJoinPool.commonPool-worker-1] INFO  impl.StateMachineUpdater (StateMachineUpdater.java:stopAndJoin(125)) - 62befdb0-85de-4829-8f28-5e2590b30fcb@group-1DDCA16EDF81-StateMachineUpdater: set stopIndex = 0
2019-09-26 10:41:43,907 [62befdb0-85de-4829-8f28-5e2590b30fcb@group-1FEA58C94C75-SegmentedRaftLogWorker] INFO  segmented.SegmentedRaftLogWorker (SegmentedRaftLogWorker.java:run(313)) - 62befdb0-85de-4829-8f28-5e2590b30fcb@group-1FEA58C94C75-SegmentedRaftLogWorker was interrupted, exiting. There are 0 tasks remaining in the queue.
2019-09-26 10:41:43,907 [ForkJoinPool.commonPool-worker-1] INFO  impl.RaftServerImpl (ServerState.java:close(385)) - 62befdb0-85de-4829-8f28-5e2590b30fcb@group-1DDCA16EDF81: closes. applyIndex: 0
2019-09-26 10:41:43,907 [62befdb0-85de-4829-8f28-5e2590b30fcb@group-1DDCA16EDF81-SegmentedRaftLogWorker] INFO  segmented.SegmentedRaftLogWorker (SegmentedRaftLogWorker.java:run(313)) - 62befdb0-85de-4829-8f28-5e2590b30fcb@group-1DDCA16EDF81-SegmentedRaftLogWorker was interrupted, exiting. There are 0 tasks remaining in the queue.
2019-09-26 10:41:43,915 [ForkJoinPool.commonPool-worker-1] INFO  segmented.SegmentedRaftLogWorker (SegmentedRaftLogWorker.java:close(228)) - 62befdb0-85de-4829-8f28-5e2590b30fcb@group-1DDCA16EDF81-SegmentedRaftLogWorker close()
2019-09-26 10:41:43,915 [main] INFO  segmented.SegmentedRaftLogWorker (SegmentedRaftLogWorker.java:close(228)) - 62befdb0-85de-4829-8f28-5e2590b30fcb@group-1FEA58C94C75-SegmentedRaftLogWorker close()
2019-09-26 10:41:43,915 [ForkJoinPool.commonPool-worker-1] INFO  impl.RaftServerImpl (RaftServerImpl.java:lambda$shutdown$3(251)) - 62befdb0-85de-4829-8f28-5e2590b30fcb@group-B69050D6D012: shutdown
2019-09-26 10:41:43,916 [main] INFO  impl.RaftServerImpl (RaftServerImpl.java:lambda$shutdown$3(251)) - 62befdb0-85de-4829-8f28-5e2590b30fcb@group-D870C3A81C94: shutdown
2019-09-26 10:41:43,916 [ForkJoinPool.commonPool-worker-1] INFO  util.JmxRegister (JmxRegister.java:unregister(73)) - Successfully un-registered JMX Bean with object name Ratis:service=RaftServer,group=group-B69050D6D012,id=62befdb0-85de-4829-8f28-5e2590b30fcb
2019-09-26 10:41:43,916 [main] INFO  util.JmxRegister (JmxRegister.java:unregister(73)) - Successfully un-registered JMX Bean with object name Ratis:service=RaftServer,group=group-D870C3A81C94,id=62befdb0-85de-4829-8f28-5e2590b30fcb
2019-09-26 10:41:43,916 [ForkJoinPool.commonPool-worker-1] INFO  impl.RoleInfo (RoleInfo.java:shutdownLeaderState(104)) - 62befdb0-85de-4829-8f28-5e2590b30fcb: shutdown LeaderState
2019-09-26 10:41:43,916 [main] INFO  impl.RoleInfo (RoleInfo.java:shutdownLeaderState(104)) - 62befdb0-85de-4829-8f28-5e2590b30fcb: shutdown LeaderState
2019-09-26 10:41:43,917 [ForkJoinPool.commonPool-worker-1] INFO  impl.PendingRequests (PendingRequests.java:sendNotLeaderResponses(202)) - 62befdb0-85de-4829-8f28-5e2590b30fcb-PendingRequests: sendNotLeaderResponses
2019-09-26 10:41:43,917 [main] INFO  impl.PendingRequests (PendingRequests.java:sendNotLeaderResponses(202)) - 62befdb0-85de-4829-8f28-5e2590b30fcb-PendingRequests: sendNotLeaderResponses
2019-09-26 10:41:43,917 [ForkJoinPool.commonPool-worker-1] INFO  impl.StateMachineUpdater (StateMachineUpdater.java:stopAndJoin(125)) - 62befdb0-85de-4829-8f28-5e2590b30fcb@group-B69050D6D012-StateMachineUpdater: set stopIndex = 0
2019-09-26 10:41:43,918 [main] INFO  impl.StateMachineUpdater (StateMachineUpdater.java:stopAndJoin(125)) - 62befdb0-85de-4829-8f28-5e2590b30fcb@group-D870C3A81C94-StateMachineUpdater: set stopIndex = 0
2019-09-26 10:41:43,918 [ForkJoinPool.commonPool-worker-1] INFO  impl.RaftServerImpl (ServerState.java:close(385)) - 62befdb0-85de-4829-8f28-5e2590b30fcb@group-B69050D6D012: closes. applyIndex: 0
2019-09-26 10:41:43,918 [main] INFO  impl.RaftServerImpl (ServerState.java:close(385)) - 62befdb0-85de-4829-8f28-5e2590b30fcb@group-D870C3A81C94: closes. applyIndex: 0
2019-09-26 10:41:43,918 [62befdb0-85de-4829-8f28-5e2590b30fcb@group-B69050D6D012-SegmentedRaftLogWorker] INFO  segmented.SegmentedRaftLogWorker (SegmentedRaftLogWorker.java:run(313)) - 62befdb0-85de-4829-8f28-5e2590b30fcb@group-B69050D6D012-SegmentedRaftLogWorker was interrupted, exiting. There are 0 tasks remaining in the queue.
2019-09-26 10:41:43,919 [62befdb0-85de-4829-8f28-5e2590b30fcb@group-D870C3A81C94-SegmentedRaftLogWorker] INFO  segmented.SegmentedRaftLogWorker (SegmentedRaftLogWorker.java:run(313)) - 62befdb0-85de-4829-8f28-5e2590b30fcb@group-D870C3A81C94-SegmentedRaftLogWorker was interrupted, exiting. There are 0 tasks remaining in the queue.
2019-09-26 10:41:43,919 [ForkJoinPool.commonPool-worker-1] INFO  segmented.SegmentedRaftLogWorker (SegmentedRaftLogWorker.java:close(228)) - 62befdb0-85de-4829-8f28-5e2590b30fcb@group-B69050D6D012-SegmentedRaftLogWorker close()
2019-09-26 10:41:43,919 [main] INFO  segmented.SegmentedRaftLogWorker (SegmentedRaftLogWorker.java:close(228)) - 62befdb0-85de-4829-8f28-5e2590b30fcb@group-D870C3A81C94-SegmentedRaftLogWorker close()
2019-09-26 10:41:43,919 [main] INFO  server.GrpcService (GrpcService.java:closeImpl(164)) - 62befdb0-85de-4829-8f28-5e2590b30fcb: shutdown server with port 38060 now
2019-09-26 10:41:43,921 [main] INFO  server.GrpcService (GrpcService.java:closeImpl(172)) - 62befdb0-85de-4829-8f28-5e2590b30fcb: shutdown server with port 38060 successfully
2019-09-26 10:41:43,924 [refreshUsed-/workdir/hadoop-ozone/integration-test/target/test-dir/MiniOzoneClusterImpl-7728bda3-e39e-4fb4-adc7-89b1999467e6/datanode-2/data/containers] WARN  fs.CachingGetSpaceUsed (CachingGetSpaceUsed.java:run(183)) - Thread Interrupted waiting to refresh disk information: sleep interrupted
2019-09-26 10:41:43,941 [main] INFO  utils.BackgroundService (BackgroundService.java:shutdown(148)) - Shutting down service BlockDeletingService
2019-09-26 10:41:43,944 [main] INFO  statemachine.DatanodeStateMachine (DatanodeStateMachine.java:stopDaemon(395)) - Ozone container server stopped.
2019-09-26 10:41:43,946 [main] INFO  handler.ContextHandler (ContextHandler.java:doStop(910)) - Stopped o.e.j.w.WebAppContext@58867cd5{/,null,UNAVAILABLE}{/hddsDatanode}
2019-09-26 10:41:43,946 [main] INFO  server.AbstractConnector (AbstractConnector.java:doStop(318)) - Stopped ServerConnector@40e32762{HTTP/1.1,[http/1.1]}{0.0.0.0:0}
2019-09-26 10:41:43,947 [main] INFO  handler.ContextHandler (ContextHandler.java:doStop(910)) - Stopped o.e.j.s.ServletContextHandler@574b7f4a{/static,jar:file:/home/user/.m2/repository/org/apache/hadoop/hadoop-hdds-container-service/0.5.0-SNAPSHOT/hadoop-hdds-container-service-0.5.0-SNAPSHOT.jar!/webapps/static,UNAVAILABLE}
2019-09-26 10:41:43,947 [main] INFO  handler.ContextHandler (ContextHandler.java:doStop(910)) - Stopped o.e.j.s.ServletContextHandler@44065156{/logs,file:///workdir/hadoop-ozone/integration-test/target/log,UNAVAILABLE}
2019-09-26 10:41:43,949 [main] INFO  ozone.MiniOzoneClusterImpl (MiniOzoneClusterImpl.java:stopSCM(392)) - Stopping the StorageContainerManager
2019-09-26 10:41:43,949 [main] INFO  server.StorageContainerManager (StorageContainerManager.java:stop(808)) - Stopping Replication Manager Service.
2019-09-26 10:41:43,949 [main] INFO  container.ReplicationManager (ReplicationManager.java:stop(204)) - Stopping Replication Monitor Thread.
2019-09-26 10:41:43,949 [main] INFO  server.StorageContainerManager (StorageContainerManager.java:stop(815)) - Stopping Lease Manager of the command watchers
2019-09-26 10:41:43,949 [main] INFO  server.StorageContainerManager (StorageContainerManager.java:stop(822)) - Stopping datanode service RPC server
2019-09-26 10:41:43,950 [main] INFO  server.SCMDatanodeProtocolServer (SCMDatanodeProtocolServer.java:stop(367)) - Stopping the RPC server for DataNodes
2019-09-26 10:41:43,950 [main] INFO  ipc.Server (Server.java:stop(3082)) - Stopping server on 43706
2019-09-26 10:41:43,951 [IPC Server listener on 43706] INFO  ipc.Server (Server.java:run(1185)) - Stopping IPC Server listener on 43706
2019-09-26 10:41:43,951 [IPC Server Responder] INFO  ipc.Server (Server.java:run(1319)) - Stopping IPC Server Responder
2019-09-26 10:41:43,973 [SCM Heartbeat Processing Thread - 0] WARN  node.NodeStateManager (NodeStateManager.java:scheduleNextHealthCheck(655)) - Current Thread is interrupted, shutting down HB processing thread for Node Manager.
2019-09-26 10:41:43,973 [main] INFO  server.StorageContainerManager (StorageContainerManager.java:stop(830)) - Stopping block service RPC server
2019-09-26 10:41:43,973 [main] INFO  server.SCMBlockProtocolServer (SCMBlockProtocolServer.java:stop(155)) - Stopping the RPC server for Block Protocol
2019-09-26 10:41:43,973 [main] INFO  ipc.Server (Server.java:stop(3082)) - Stopping server on 39218
2019-09-26 10:41:43,975 [IPC Server listener on 39218] INFO  ipc.Server (Server.java:run(1185)) - Stopping IPC Server listener on 39218
2019-09-26 10:41:43,975 [main] INFO  server.StorageContainerManager (StorageContainerManager.java:stop(837)) - Stopping the StorageContainerLocationProtocol RPC server
2019-09-26 10:41:43,975 [IPC Server Responder] INFO  ipc.Server (Server.java:run(1319)) - Stopping IPC Server Responder
2019-09-26 10:41:43,977 [main] INFO  server.SCMClientProtocolServer (SCMClientProtocolServer.java:stop(159)) - Stopping the RPC server for Client Protocol
2019-09-26 10:41:43,977 [main] INFO  ipc.Server (Server.java:stop(3082)) - Stopping server on 36530
2019-09-26 10:41:43,978 [IPC Server listener on 36530] INFO  ipc.Server (Server.java:run(1185)) - Stopping IPC Server listener on 36530
2019-09-26 10:41:43,979 [main] INFO  server.StorageContainerManager (StorageContainerManager.java:stop(844)) - Stopping Storage Container Manager HTTP server.
2019-09-26 10:41:43,979 [IPC Server Responder] INFO  ipc.Server (Server.java:run(1319)) - Stopping IPC Server Responder
2019-09-26 10:41:43,981 [main] INFO  handler.ContextHandler (ContextHandler.java:doStop(910)) - Stopped o.e.j.w.WebAppContext@3b920bdc{/,null,UNAVAILABLE}{/scm}
2019-09-26 10:41:43,982 [main] INFO  server.AbstractConnector (AbstractConnector.java:doStop(318)) - Stopped ServerConnector@7f5538a1{HTTP/1.1,[http/1.1]}{0.0.0.0:0}
2019-09-26 10:41:43,982 [main] INFO  handler.ContextHandler (ContextHandler.java:doStop(910)) - Stopped o.e.j.s.ServletContextHandler@48b4a043{/static,file:///workdir/hadoop-ozone/integration-test/target/test-classes/webapps/static,UNAVAILABLE}
2019-09-26 10:41:43,983 [main] INFO  handler.ContextHandler (ContextHandler.java:doStop(910)) - Stopped o.e.j.s.ServletContextHandler@f1d0004{/logs,file:///workdir/hadoop-ozone/integration-test/target/log,UNAVAILABLE}
2019-09-26 10:41:43,984 [main] INFO  server.StorageContainerManager (StorageContainerManager.java:stop(855)) - Stopping Block Manager Service.
2019-09-26 10:41:43,984 [main] INFO  utils.BackgroundService (BackgroundService.java:shutdown(148)) - Shutting down service SCMBlockDeletingService
2019-09-26 10:41:43,984 [main] INFO  utils.BackgroundService (BackgroundService.java:shutdown(148)) - Shutting down service SCMBlockDeletingService
2019-09-26 10:41:43,985 [main] INFO  server.StorageContainerManager (StorageContainerManager.java:stop(877)) - Stopping SCM Event Queue.
2019-09-26 10:41:43,988 [main] INFO  impl.MetricsSystemImpl (MetricsSystemImpl.java:stop(210)) - Stopping HddsDatanode metrics system...
2019-09-26 10:41:44,005 [main] INFO  impl.MetricsSystemImpl (MetricsSystemImpl.java:stop(216)) - HddsDatanode metrics system stopped.
]]></system-out>
  </testcase>
  <testcase name="testPipelineCloseWithClosedContainer" classname="org.apache.hadoop.hdds.scm.pipeline.TestPipelineClose" time="16.464">
    <error message="Could not allocate container. Cannot get any matching pipeline for Type:RATIS, Factor:THREE, State:PipelineState.OPEN" type="java.io.IOException">java.io.IOException: Could not allocate container. Cannot get any matching pipeline for Type:RATIS, Factor:THREE, State:PipelineState.OPEN
	at org.apache.hadoop.hdds.scm.container.ContainerStateManager.allocateContainer(ContainerStateManager.java:260)
	at org.apache.hadoop.hdds.scm.container.SCMContainerManager.allocateContainer(SCMContainerManager.java:247)
	at org.apache.hadoop.hdds.scm.pipeline.TestPipelineClose.init(TestPipelineClose.java:92)
	at sun.reflect.NativeMethodAccessorImpl.invoke0(Native Method)
	at sun.reflect.NativeMethodAccessorImpl.invoke(NativeMethodAccessorImpl.java:62)
	at sun.reflect.DelegatingMethodAccessorImpl.invoke(DelegatingMethodAccessorImpl.java:43)
	at java.lang.reflect.Method.invoke(Method.java:498)
	at org.junit.runners.model.FrameworkMethod$1.runReflectiveCall(FrameworkMethod.java:47)
	at org.junit.internal.runners.model.ReflectiveCallable.run(ReflectiveCallable.java:12)
	at org.junit.runners.model.FrameworkMethod.invokeExplosively(FrameworkMethod.java:44)
	at org.junit.internal.runners.statements.RunBefores.evaluate(RunBefores.java:24)
	at org.junit.internal.runners.statements.RunAfters.evaluate(RunAfters.java:27)
	at org.junit.runners.ParentRunner.runLeaf(ParentRunner.java:271)
	at org.junit.runners.BlockJUnit4ClassRunner.runChild(BlockJUnit4ClassRunner.java:70)
	at org.junit.runners.BlockJUnit4ClassRunner.runChild(BlockJUnit4ClassRunner.java:50)
	at org.junit.runners.ParentRunner$3.run(ParentRunner.java:238)
	at org.junit.runners.ParentRunner$1.schedule(ParentRunner.java:63)
	at org.junit.runners.ParentRunner.runChildren(ParentRunner.java:236)
	at org.junit.runners.ParentRunner.access$000(ParentRunner.java:53)
	at org.junit.runners.ParentRunner$2.evaluate(ParentRunner.java:229)
	at org.junit.runners.ParentRunner.run(ParentRunner.java:309)
	at org.apache.maven.surefire.junit4.JUnit4Provider.execute(JUnit4Provider.java:365)
	at org.apache.maven.surefire.junit4.JUnit4Provider.executeWithRerun(JUnit4Provider.java:273)
	at org.apache.maven.surefire.junit4.JUnit4Provider.executeTestSet(JUnit4Provider.java:238)
	at org.apache.maven.surefire.junit4.JUnit4Provider.invoke(JUnit4Provider.java:159)
	at org.apache.maven.surefire.booter.ForkedBooter.invokeProviderInSameClassLoader(ForkedBooter.java:384)
	at org.apache.maven.surefire.booter.ForkedBooter.runSuitesInProcess(ForkedBooter.java:345)
	at org.apache.maven.surefire.booter.ForkedBooter.execute(ForkedBooter.java:126)
	at org.apache.maven.surefire.booter.ForkedBooter.main(ForkedBooter.java:418)
</error>
    <system-out><![CDATA[2019-09-26 10:41:44,049 [main] WARN  server.ServerUtils (ServerUtils.java:getScmDbDir(145)) - ozone.scm.db.dirs is not configured. We recommend adding this setting. Falling back to ozone.metadata.dirs instead.
2019-09-26 10:41:44,063 [main] WARN  server.ServerUtils (ServerUtils.java:getScmDbDir(145)) - ozone.scm.db.dirs is not configured. We recommend adding this setting. Falling back to ozone.metadata.dirs instead.
2019-09-26 10:41:44,064 [main] WARN  server.ServerUtils (ServerUtils.java:getScmDbDir(145)) - ozone.scm.db.dirs is not configured. We recommend adding this setting. Falling back to ozone.metadata.dirs instead.
2019-09-26 10:41:44,064 [main] INFO  db.DBStoreBuilder (DBStoreBuilder.java:addTable(110)) - using custom profile for table: deletedBlocks
2019-09-26 10:41:44,064 [main] INFO  db.DBStoreBuilder (DBStoreBuilder.java:processTables(161)) - Using default column profile:DBProfile.DISK for Table:deletedBlocks
2019-09-26 10:41:44,065 [main] INFO  db.DBStoreBuilder (DBStoreBuilder.java:addTable(110)) - using custom profile for table: validCerts
2019-09-26 10:41:44,065 [main] INFO  db.DBStoreBuilder (DBStoreBuilder.java:processTables(161)) - Using default column profile:DBProfile.DISK for Table:validCerts
2019-09-26 10:41:44,065 [main] INFO  db.DBStoreBuilder (DBStoreBuilder.java:addTable(110)) - using custom profile for table: revokedCerts
2019-09-26 10:41:44,065 [main] INFO  db.DBStoreBuilder (DBStoreBuilder.java:processTables(161)) - Using default column profile:DBProfile.DISK for Table:revokedCerts
2019-09-26 10:41:44,066 [main] INFO  db.DBStoreBuilder (DBStoreBuilder.java:addTable(110)) - using custom profile for table: default
2019-09-26 10:41:44,066 [main] INFO  db.DBStoreBuilder (DBStoreBuilder.java:processTables(167)) - Using default column profile:DBProfile.DISK for Table:default
2019-09-26 10:41:44,066 [main] INFO  db.DBStoreBuilder (DBStoreBuilder.java:getDbProfile(198)) - Using default options. DBProfile.DISK
2019-09-26 10:41:44,223 [main] INFO  net.NodeSchemaLoader (NodeSchemaLoader.java:loadSchemaFromFile(125)) - Loading file from sun.misc.CompoundEnumeration@670b3ca
2019-09-26 10:41:44,223 [main] INFO  net.NodeSchemaLoader (NodeSchemaLoader.java:loadSchema(171)) - Loading network topology layer schema file
2019-09-26 10:41:44,228 [main] WARN  server.ServerUtils (ServerUtils.java:sanitizeUserArgs(70)) - ozone.scm.stale.node.interval value = 300000 is larger than max = 100000 based on the key value of ozone.scm.heartbeat.thread.interval, reset to the max value 100000.
2019-09-26 10:41:44,228 [main] WARN  server.ServerUtils (ServerUtils.java:sanitizeUserArgs(70)) - ozone.scm.stale.node.interval value = 300000 is larger than max = 100000 based on the key value of ozone.scm.heartbeat.thread.interval, reset to the max value 100000.
2019-09-26 10:41:44,228 [main] INFO  node.SCMNodeManager (SCMNodeManager.java:<init>(114)) - Entering startup safe mode.
2019-09-26 10:41:44,229 [main] INFO  algorithms.ContainerPlacementPolicyFactory (ContainerPlacementPolicyFactory.java:getPolicy(59)) - Create container placement policy of type org.apache.hadoop.hdds.scm.container.placement.algorithms.SCMContainerPlacementRandom
2019-09-26 10:41:44,230 [main] WARN  server.ServerUtils (ServerUtils.java:getScmDbDir(145)) - ozone.scm.db.dirs is not configured. We recommend adding this setting. Falling back to ozone.metadata.dirs instead.
2019-09-26 10:41:44,273 [main] INFO  pipeline.SCMPipelineManager (SCMPipelineManager.java:initializePipelineState(132)) - No pipeline exists in current db
2019-09-26 10:41:44,273 [main] WARN  server.ServerUtils (ServerUtils.java:getScmDbDir(145)) - ozone.scm.db.dirs is not configured. We recommend adding this setting. Falling back to ozone.metadata.dirs instead.
2019-09-26 10:41:44,322 [main] WARN  events.EventQueue (EventQueue.java:fireEvent(183)) - No event handler registered for event TypedEvent{payloadType=SafeModeStatus, name='SafeModeStatus'}
2019-09-26 10:41:44,322 [main] INFO  ipc.CallQueueManager (CallQueueManager.java:<init>(84)) - Using callQueue: class java.util.concurrent.LinkedBlockingQueue, queueCapacity: 2000, scheduler: class org.apache.hadoop.ipc.DefaultRpcScheduler, ipcBackoff: false.
2019-09-26 10:41:44,323 [Socket Reader #1 for port 46846] INFO  ipc.Server (Server.java:run(1074)) - Starting Socket Reader #1 for port 46846
2019-09-26 10:41:44,326 [main] INFO  ipc.CallQueueManager (CallQueueManager.java:<init>(84)) - Using callQueue: class java.util.concurrent.LinkedBlockingQueue, queueCapacity: 2000, scheduler: class org.apache.hadoop.ipc.DefaultRpcScheduler, ipcBackoff: false.
2019-09-26 10:41:44,327 [Socket Reader #1 for port 34268] INFO  ipc.Server (Server.java:run(1074)) - Starting Socket Reader #1 for port 34268
2019-09-26 10:41:44,329 [main] INFO  ipc.CallQueueManager (CallQueueManager.java:<init>(84)) - Using callQueue: class java.util.concurrent.LinkedBlockingQueue, queueCapacity: 2000, scheduler: class org.apache.hadoop.ipc.DefaultRpcScheduler, ipcBackoff: false.
2019-09-26 10:41:44,329 [Socket Reader #1 for port 40404] INFO  ipc.Server (Server.java:run(1074)) - Starting Socket Reader #1 for port 40404
2019-09-26 10:41:44,333 [main] INFO  hdfs.DFSUtil (DFSUtil.java:httpServerTemplateForNNAndJN(1641)) - Starting Web-server for scm at: http://0.0.0.0:0
2019-09-26 10:41:44,337 [main] INFO  server.AuthenticationFilter (AuthenticationFilter.java:constructSecretProvider(240)) - Unable to initialize FileSignerSecretProvider, falling back to use random secrets.
2019-09-26 10:41:44,338 [main] WARN  http.HttpRequestLog (HttpRequestLog.java:getRequestLog(97)) - Jetty request log can only be enabled using Log4j
2019-09-26 10:41:44,341 [main] INFO  http.HttpServer2 (HttpServer2.java:addGlobalFilter(975)) - Added global filter 'safety' (class=org.apache.hadoop.http.HttpServer2$QuotingInputFilter)
2019-09-26 10:41:44,342 [main] INFO  http.HttpServer2 (HttpServer2.java:addFilter(948)) - Added filter static_user_filter (class=org.apache.hadoop.http.lib.StaticUserWebFilter$StaticUserFilter) to context scm
2019-09-26 10:41:44,342 [main] INFO  http.HttpServer2 (HttpServer2.java:addFilter(958)) - Added filter static_user_filter (class=org.apache.hadoop.http.lib.StaticUserWebFilter$StaticUserFilter) to context static
2019-09-26 10:41:44,343 [main] INFO  http.HttpServer2 (HttpServer2.java:addFilter(958)) - Added filter static_user_filter (class=org.apache.hadoop.http.lib.StaticUserWebFilter$StaticUserFilter) to context logs
2019-09-26 10:41:44,346 [main] INFO  server.StorageContainerManager (StorageContainerManager.java:start(770)) - StorageContainerLocationProtocol RPC server is listening at /0.0.0.0:40404
2019-09-26 10:41:44,350 [main] WARN  impl.MetricsConfig (MetricsConfig.java:loadFirst(134)) - Cannot locate configuration: tried hadoop-metrics2-storagecontainermanager.properties,hadoop-metrics2.properties
2019-09-26 10:41:44,351 [main] INFO  impl.MetricsSystemImpl (MetricsSystemImpl.java:startTimer(374)) - Scheduled Metric snapshot period at 10 second(s).
2019-09-26 10:41:44,351 [main] INFO  impl.MetricsSystemImpl (MetricsSystemImpl.java:start(191)) - StorageContainerManager metrics system started
2019-09-26 10:41:44,397 [main] WARN  impl.MetricsSystemImpl (MetricsSystemImpl.java:register(276)) - Sink prometheus already exists!
2019-09-26 10:41:44,401 [main] INFO  server.SCMClientProtocolServer (SCMClientProtocolServer.java:start(151)) - RPC server for Client  is listening at /0.0.0.0:40404
2019-09-26 10:41:44,402 [IPC Server Responder] INFO  ipc.Server (Server.java:run(1314)) - IPC Server Responder: starting
2019-09-26 10:41:44,402 [IPC Server listener on 40404] INFO  ipc.Server (Server.java:run(1153)) - IPC Server listener on 40404: starting
2019-09-26 10:41:44,407 [main] INFO  server.StorageContainerManager (StorageContainerManager.java:start(780)) - ScmBlockLocationProtocol RPC server is listening at /0.0.0.0:34268
2019-09-26 10:41:44,407 [main] INFO  server.SCMBlockProtocolServer (SCMBlockProtocolServer.java:start(146)) - RPC server for Block Protocol is listening at /0.0.0.0:34268
2019-09-26 10:41:44,408 [IPC Server Responder] INFO  ipc.Server (Server.java:run(1314)) - IPC Server Responder: starting
2019-09-26 10:41:44,408 [IPC Server listener on 34268] INFO  ipc.Server (Server.java:run(1153)) - IPC Server listener on 34268: starting
2019-09-26 10:41:44,413 [main] INFO  server.StorageContainerManager (StorageContainerManager.java:start(784)) - ScmDatanodeProtocl RPC server is listening at /0.0.0.0:46846
2019-09-26 10:41:44,413 [main] INFO  server.SCMDatanodeProtocolServer (SCMDatanodeProtocolServer.java:start(191)) - RPC server for DataNodes is listening at /0.0.0.0:46846
2019-09-26 10:41:44,413 [IPC Server Responder] INFO  ipc.Server (Server.java:run(1314)) - IPC Server Responder: starting
2019-09-26 10:41:44,413 [IPC Server listener on 46846] INFO  ipc.Server (Server.java:run(1153)) - IPC Server listener on 46846: starting
2019-09-26 10:41:44,418 [main] INFO  http.HttpServer2 (HttpServer2.java:bindListener(1191)) - Jetty bound to port 37709
2019-09-26 10:41:44,418 [main] INFO  server.Server (Server.java:doStart(351)) - jetty-9.3.25.v20180904, build timestamp: 2018-09-04T21:11:46Z, git hash: 3ce520221d0240229c862b122d2b06c12a625732
2019-09-26 10:41:44,421 [main] INFO  handler.ContextHandler (ContextHandler.java:doStart(781)) - Started o.e.j.s.ServletContextHandler@47d023b7{/logs,file:///workdir/hadoop-ozone/integration-test/target/log,AVAILABLE}
2019-09-26 10:41:44,421 [main] INFO  handler.ContextHandler (ContextHandler.java:doStart(781)) - Started o.e.j.s.ServletContextHandler@2d64c100{/static,file:///workdir/hadoop-ozone/integration-test/target/test-classes/webapps/static,AVAILABLE}
2019-09-26 10:41:44,427 [main] INFO  handler.ContextHandler (ContextHandler.java:doStart(781)) - Started o.e.j.w.WebAppContext@7add838c{/,file:///workdir/hadoop-ozone/integration-test/target/test-classes/webapps/scm/,AVAILABLE}{/scm}
2019-09-26 10:41:44,427 [main] INFO  server.AbstractConnector (AbstractConnector.java:doStart(278)) - Started ServerConnector@3662bdff{HTTP/1.1,[http/1.1]}{0.0.0.0:37709}
2019-09-26 10:41:44,428 [main] INFO  server.Server (Server.java:doStart(419)) - Started @39217ms
2019-09-26 10:41:44,428 [main] WARN  impl.MetricsSystemImpl (MetricsSystemImpl.java:register(276)) - Sink prometheus already exists!
2019-09-26 10:41:44,430 [main] INFO  server.BaseHttpServer (BaseHttpServer.java:updateConnectorAddress(215)) - HTTP server of SCM is listening at http://0.0.0.0:37709
2019-09-26 10:41:44,435 [main] WARN  server.ServerUtils (ServerUtils.java:getDBPath(222)) - ozone.om.db.dirs is not configured. We recommend adding this setting. Falling back to ozone.metadata.dirs instead.
2019-09-26 10:41:44,435 [org.apache.hadoop.util.JvmPauseMonitor$Monitor@4fa822ad] INFO  util.JvmPauseMonitor (JvmPauseMonitor.java:run(188)) - Starting JVM pause monitor
2019-09-26 10:41:44,450 [main] WARN  server.ServerUtils (ServerUtils.java:getDBPath(222)) - ozone.om.db.dirs is not configured. We recommend adding this setting. Falling back to ozone.metadata.dirs instead.
2019-09-26 10:41:44,450 [main] WARN  server.ServerUtils (ServerUtils.java:getDBPath(222)) - ozone.om.db.dirs is not configured. We recommend adding this setting. Falling back to ozone.metadata.dirs instead.
2019-09-26 10:41:44,451 [main] INFO  om.OzoneManager (OzoneManager.java:setOMNodeDetails(652)) - OM Service ID is not set. Setting it to the default ID: omServiceIdDefault
2019-09-26 10:41:44,451 [main] INFO  om.OzoneManager (OzoneManager.java:setOMNodeDetails(658)) - OM Node ID is not set. Setting it to the OmStorage's OmID: e8b5ee89-bdcb-4a00-ba52-32c6d752af77
2019-09-26 10:41:44,451 [main] INFO  om.OzoneManager (OzoneManager.java:loadOMHAConfigs(609)) - Found matching OM address with OMServiceId: null, OMNodeId: null, RPC Address: localhost:0 and Ratis port: 9872
2019-09-26 10:41:44,459 [main] WARN  server.ServerUtils (ServerUtils.java:getDBPath(222)) - ozone.om.db.dirs is not configured. We recommend adding this setting. Falling back to ozone.metadata.dirs instead.
2019-09-26 10:41:44,460 [main] INFO  db.DBStoreBuilder (DBStoreBuilder.java:addTable(110)) - using custom profile for table: userTable
2019-09-26 10:41:44,460 [main] INFO  db.DBStoreBuilder (DBStoreBuilder.java:processTables(161)) - Using default column profile:DBProfile.DISK for Table:userTable
2019-09-26 10:41:44,460 [main] INFO  db.DBStoreBuilder (DBStoreBuilder.java:addTable(110)) - using custom profile for table: volumeTable
2019-09-26 10:41:44,461 [main] INFO  db.DBStoreBuilder (DBStoreBuilder.java:processTables(161)) - Using default column profile:DBProfile.DISK for Table:volumeTable
2019-09-26 10:41:44,461 [main] INFO  db.DBStoreBuilder (DBStoreBuilder.java:addTable(110)) - using custom profile for table: bucketTable
2019-09-26 10:41:44,461 [main] INFO  db.DBStoreBuilder (DBStoreBuilder.java:processTables(161)) - Using default column profile:DBProfile.DISK for Table:bucketTable
2019-09-26 10:41:44,461 [main] INFO  db.DBStoreBuilder (DBStoreBuilder.java:addTable(110)) - using custom profile for table: keyTable
2019-09-26 10:41:44,461 [main] INFO  db.DBStoreBuilder (DBStoreBuilder.java:processTables(161)) - Using default column profile:DBProfile.DISK for Table:keyTable
2019-09-26 10:41:44,462 [main] INFO  db.DBStoreBuilder (DBStoreBuilder.java:addTable(110)) - using custom profile for table: deletedTable
2019-09-26 10:41:44,462 [main] INFO  db.DBStoreBuilder (DBStoreBuilder.java:processTables(161)) - Using default column profile:DBProfile.DISK for Table:deletedTable
2019-09-26 10:41:44,462 [main] INFO  db.DBStoreBuilder (DBStoreBuilder.java:addTable(110)) - using custom profile for table: openKeyTable
2019-09-26 10:41:44,462 [main] INFO  db.DBStoreBuilder (DBStoreBuilder.java:processTables(161)) - Using default column profile:DBProfile.DISK for Table:openKeyTable
2019-09-26 10:41:44,463 [main] INFO  db.DBStoreBuilder (DBStoreBuilder.java:addTable(110)) - using custom profile for table: s3Table
2019-09-26 10:41:44,463 [main] INFO  db.DBStoreBuilder (DBStoreBuilder.java:processTables(161)) - Using default column profile:DBProfile.DISK for Table:s3Table
2019-09-26 10:41:44,463 [main] INFO  db.DBStoreBuilder (DBStoreBuilder.java:addTable(110)) - using custom profile for table: multipartInfoTable
2019-09-26 10:41:44,463 [main] INFO  db.DBStoreBuilder (DBStoreBuilder.java:processTables(161)) - Using default column profile:DBProfile.DISK for Table:multipartInfoTable
2019-09-26 10:41:44,463 [main] INFO  db.DBStoreBuilder (DBStoreBuilder.java:addTable(110)) - using custom profile for table: dTokenTable
2019-09-26 10:41:44,464 [main] INFO  db.DBStoreBuilder (DBStoreBuilder.java:processTables(161)) - Using default column profile:DBProfile.DISK for Table:dTokenTable
2019-09-26 10:41:44,464 [main] INFO  db.DBStoreBuilder (DBStoreBuilder.java:addTable(110)) - using custom profile for table: s3SecretTable
2019-09-26 10:41:44,464 [main] INFO  db.DBStoreBuilder (DBStoreBuilder.java:processTables(161)) - Using default column profile:DBProfile.DISK for Table:s3SecretTable
2019-09-26 10:41:44,464 [main] INFO  db.DBStoreBuilder (DBStoreBuilder.java:addTable(110)) - using custom profile for table: prefixTable
2019-09-26 10:41:44,464 [main] INFO  db.DBStoreBuilder (DBStoreBuilder.java:processTables(161)) - Using default column profile:DBProfile.DISK for Table:prefixTable
2019-09-26 10:41:44,465 [main] INFO  db.DBStoreBuilder (DBStoreBuilder.java:addTable(110)) - using custom profile for table: default
2019-09-26 10:41:44,465 [main] INFO  db.DBStoreBuilder (DBStoreBuilder.java:processTables(167)) - Using default column profile:DBProfile.DISK for Table:default
2019-09-26 10:41:44,465 [main] INFO  db.DBStoreBuilder (DBStoreBuilder.java:getDbProfile(198)) - Using default options. DBProfile.DISK
2019-09-26 10:41:44,953 [main] INFO  ipc.CallQueueManager (CallQueueManager.java:<init>(84)) - Using callQueue: class java.util.concurrent.LinkedBlockingQueue, queueCapacity: 2000, scheduler: class org.apache.hadoop.ipc.DefaultRpcScheduler, ipcBackoff: false.
2019-09-26 10:41:44,957 [Socket Reader #1 for port 44463] INFO  ipc.Server (Server.java:run(1074)) - Starting Socket Reader #1 for port 44463
2019-09-26 10:41:44,971 [main] INFO  om.OzoneManager (OzoneManager.java:start(1243)) - OzoneManager RPC server is listening at localhost/127.0.0.1:44463
2019-09-26 10:41:44,972 [main] INFO  impl.MetricsSystemImpl (MetricsSystemImpl.java:init(158)) - OzoneManager metrics system started (again)
2019-09-26 10:41:44,973 [IPC Server Responder] INFO  ipc.Server (Server.java:run(1314)) - IPC Server Responder: starting
2019-09-26 10:41:44,973 [IPC Server listener on 44463] INFO  ipc.Server (Server.java:run(1153)) - IPC Server listener on 44463: starting
2019-09-26 10:41:44,979 [main] INFO  hdfs.DFSUtil (DFSUtil.java:httpServerTemplateForNNAndJN(1641)) - Starting Web-server for ozoneManager at: http://0.0.0.0:0
2019-09-26 10:41:44,981 [main] INFO  server.AuthenticationFilter (AuthenticationFilter.java:constructSecretProvider(240)) - Unable to initialize FileSignerSecretProvider, falling back to use random secrets.
2019-09-26 10:41:44,981 [main] WARN  http.HttpRequestLog (HttpRequestLog.java:getRequestLog(97)) - Jetty request log can only be enabled using Log4j
2019-09-26 10:41:44,983 [main] INFO  http.HttpServer2 (HttpServer2.java:addGlobalFilter(975)) - Added global filter 'safety' (class=org.apache.hadoop.http.HttpServer2$QuotingInputFilter)
2019-09-26 10:41:44,984 [main] INFO  http.HttpServer2 (HttpServer2.java:addFilter(948)) - Added filter static_user_filter (class=org.apache.hadoop.http.lib.StaticUserWebFilter$StaticUserFilter) to context ozoneManager
2019-09-26 10:41:44,984 [main] INFO  http.HttpServer2 (HttpServer2.java:addFilter(958)) - Added filter static_user_filter (class=org.apache.hadoop.http.lib.StaticUserWebFilter$StaticUserFilter) to context static
2019-09-26 10:41:44,984 [main] INFO  http.HttpServer2 (HttpServer2.java:addFilter(958)) - Added filter static_user_filter (class=org.apache.hadoop.http.lib.StaticUserWebFilter$StaticUserFilter) to context logs
2019-09-26 10:41:44,985 [main] INFO  http.HttpServer2 (HttpServer2.java:bindListener(1191)) - Jetty bound to port 37892
2019-09-26 10:41:44,985 [main] INFO  server.Server (Server.java:doStart(351)) - jetty-9.3.25.v20180904, build timestamp: 2018-09-04T21:11:46Z, git hash: 3ce520221d0240229c862b122d2b06c12a625732
2019-09-26 10:41:44,988 [main] INFO  handler.ContextHandler (ContextHandler.java:doStart(781)) - Started o.e.j.s.ServletContextHandler@65383667{/logs,file:///workdir/hadoop-ozone/integration-test/target/log,AVAILABLE}
2019-09-26 10:41:44,989 [main] INFO  handler.ContextHandler (ContextHandler.java:doStart(781)) - Started o.e.j.s.ServletContextHandler@557a84fe{/static,file:///workdir/hadoop-ozone/integration-test/target/test-classes/webapps/static,AVAILABLE}
2019-09-26 10:41:44,996 [main] INFO  handler.ContextHandler (ContextHandler.java:doStart(781)) - Started o.e.j.w.WebAppContext@45cd7bc5{/,file:///workdir/hadoop-ozone/integration-test/target/test-classes/webapps/ozoneManager/,AVAILABLE}{/ozoneManager}
2019-09-26 10:41:44,996 [main] INFO  server.AbstractConnector (AbstractConnector.java:doStart(278)) - Started ServerConnector@6504a875{HTTP/1.1,[http/1.1]}{0.0.0.0:37892}
2019-09-26 10:41:44,998 [main] INFO  server.Server (Server.java:doStart(419)) - Started @39786ms
2019-09-26 10:41:44,998 [main] WARN  impl.MetricsSystemImpl (MetricsSystemImpl.java:register(276)) - Sink prometheus already exists!
2019-09-26 10:41:44,999 [main] INFO  server.BaseHttpServer (BaseHttpServer.java:updateConnectorAddress(215)) - HTTP server of OZONEMANAGER is listening at http://0.0.0.0:37892
2019-09-26 10:41:45,011 [main] INFO  impl.MetricsSystemImpl (MetricsSystemImpl.java:init(158)) - HddsDatanode metrics system started (again)
2019-09-26 10:41:45,014 [main] INFO  ozone.HddsDatanodeService (HddsDatanodeService.java:start(184)) - HddsDatanodeService host:pr-hdds-1569-wvzgm-824869521 ip:192.168.30.13
2019-09-26 10:41:45,021 [main] INFO  volume.HddsVolume (HddsVolume.java:<init>(176)) - Creating Volume: /workdir/hadoop-ozone/integration-test/target/test-dir/MiniOzoneClusterImpl-599c001a-03b4-4289-becf-fa48adbd6871/datanode-0/data/containers/hdds of  storage type : DISK and capacity : 1482555576320
2019-09-26 10:41:45,021 [main] INFO  volume.VolumeSet (VolumeSet.java:initializeVolumeSet(170)) - Added Volume : /workdir/hadoop-ozone/integration-test/target/test-dir/MiniOzoneClusterImpl-599c001a-03b4-4289-becf-fa48adbd6871/datanode-0/data/containers/hdds to VolumeSet
2019-09-26 10:41:45,021 [main] INFO  volume.ThrottledAsyncChecker (ThrottledAsyncChecker.java:schedule(139)) - Scheduling a check for org.apache.hadoop.ozone.container.common.volume.HddsVolume@61ab89b0
2019-09-26 10:41:45,022 [main] INFO  volume.HddsVolumeChecker (HddsVolumeChecker.java:checkAllVolumes(202)) - Scheduled health check for volume org.apache.hadoop.ozone.container.common.volume.HddsVolume@61ab89b0
2019-09-26 10:41:45,037 [main] INFO  impl.RaftServerProxy (ConfUtils.java:logGet(43)) - raft.rpc.type = GRPC (default)
2019-09-26 10:41:45,037 [main] INFO  grpc.GrpcFactory (GrpcFactory.java:checkPooledByteBufAllocatorUseCacheForAllThreads(45)) - PERFORMANCE WARNING: useCacheForAllThreads is true that may cause Netty to create a lot garbage objects and, as a result, trigger GC.
	It is recommended to disable useCacheForAllThreads by setting -Dorg.apache.ratis.thirdparty.io.netty.allocator.useCacheForAllThreads=false in command line.
2019-09-26 10:41:45,037 [main] INFO  grpc.GrpcConfigKeys$Server (ConfUtils.java:logGet(43)) - raft.grpc.server.port = 0 (default)
2019-09-26 10:41:45,037 [main] INFO  server.GrpcService (ConfUtils.java:logGet(43)) - raft.grpc.message.size.max = 33570816 (custom)
2019-09-26 10:41:45,038 [main] INFO  server.RaftServerConfigKeys (ConfUtils.java:logGet(43)) - raft.server.log.appender.buffer.byte-limit = 33554432 (custom)
2019-09-26 10:41:45,038 [main] INFO  server.GrpcService (ConfUtils.java:logGet(43)) - raft.grpc.flow.control.window = 1MB (=1048576) (default)
2019-09-26 10:41:45,038 [main] INFO  server.RaftServerConfigKeys (ConfUtils.java:logGet(43)) - raft.server.rpc.request.timeout = 3000ms (default)
2019-09-26 10:41:45,039 [main] INFO  server.RaftServerConfigKeys (ConfUtils.java:logGet(43)) - raft.server.storage.dir = [/workdir/hadoop-ozone/integration-test/target/test-dir/MiniOzoneClusterImpl-599c001a-03b4-4289-becf-fa48adbd6871/datanode-0/data/ratis] (custom)
2019-09-26 10:41:45,040 [main] INFO  hdfs.DFSUtil (DFSUtil.java:httpServerTemplateForNNAndJN(1641)) - Starting Web-server for hddsDatanode at: http://0.0.0.0:0
2019-09-26 10:41:45,042 [main] INFO  server.AuthenticationFilter (AuthenticationFilter.java:constructSecretProvider(240)) - Unable to initialize FileSignerSecretProvider, falling back to use random secrets.
2019-09-26 10:41:45,042 [main] WARN  http.HttpRequestLog (HttpRequestLog.java:getRequestLog(97)) - Jetty request log can only be enabled using Log4j
2019-09-26 10:41:45,044 [main] INFO  http.HttpServer2 (HttpServer2.java:addGlobalFilter(975)) - Added global filter 'safety' (class=org.apache.hadoop.http.HttpServer2$QuotingInputFilter)
2019-09-26 10:41:45,044 [main] INFO  http.HttpServer2 (HttpServer2.java:addFilter(948)) - Added filter static_user_filter (class=org.apache.hadoop.http.lib.StaticUserWebFilter$StaticUserFilter) to context hddsDatanode
2019-09-26 10:41:45,045 [main] INFO  http.HttpServer2 (HttpServer2.java:addFilter(958)) - Added filter static_user_filter (class=org.apache.hadoop.http.lib.StaticUserWebFilter$StaticUserFilter) to context logs
2019-09-26 10:41:45,045 [main] INFO  http.HttpServer2 (HttpServer2.java:addFilter(958)) - Added filter static_user_filter (class=org.apache.hadoop.http.lib.StaticUserWebFilter$StaticUserFilter) to context static
2019-09-26 10:41:45,046 [main] INFO  http.HttpServer2 (HttpServer2.java:bindListener(1191)) - Jetty bound to port 43973
2019-09-26 10:41:45,046 [main] INFO  server.Server (Server.java:doStart(351)) - jetty-9.3.25.v20180904, build timestamp: 2018-09-04T21:11:46Z, git hash: 3ce520221d0240229c862b122d2b06c12a625732
2019-09-26 10:41:45,048 [main] INFO  handler.ContextHandler (ContextHandler.java:doStart(781)) - Started o.e.j.s.ServletContextHandler@869d87c{/logs,file:///workdir/hadoop-ozone/integration-test/target/log,AVAILABLE}
2019-09-26 10:41:45,048 [main] INFO  handler.ContextHandler (ContextHandler.java:doStart(781)) - Started o.e.j.s.ServletContextHandler@37637a24{/static,jar:file:/home/user/.m2/repository/org/apache/hadoop/hadoop-hdds-container-service/0.5.0-SNAPSHOT/hadoop-hdds-container-service-0.5.0-SNAPSHOT.jar!/webapps/static,AVAILABLE}
2019-09-26 10:41:45,077 [main] INFO  handler.ContextHandler (ContextHandler.java:doStart(781)) - Started o.e.j.w.WebAppContext@46383a78{/,file:///tmp/jetty-0.0.0.0-43973-hddsDatanode-_-any-8582780875021170500.dir/webapp/,AVAILABLE}{/hddsDatanode}
2019-09-26 10:41:45,077 [main] INFO  server.AbstractConnector (AbstractConnector.java:doStart(278)) - Started ServerConnector@36c281ed{HTTP/1.1,[http/1.1]}{0.0.0.0:43973}
2019-09-26 10:41:45,078 [main] INFO  server.Server (Server.java:doStart(419)) - Started @39867ms
2019-09-26 10:41:45,079 [main] WARN  impl.MetricsSystemImpl (MetricsSystemImpl.java:register(276)) - Sink prometheus already exists!
2019-09-26 10:41:45,079 [main] INFO  server.BaseHttpServer (BaseHttpServer.java:updateConnectorAddress(215)) - HTTP server of HDDSDATANODE is listening at http://0.0.0.0:43973
2019-09-26 10:41:45,079 [main] INFO  impl.MetricsSystemImpl (MetricsSystemImpl.java:init(158)) - HddsDatanode metrics system started (again)
2019-09-26 10:41:45,084 [main] INFO  ozone.HddsDatanodeService (HddsDatanodeService.java:start(184)) - HddsDatanodeService host:pr-hdds-1569-wvzgm-824869521 ip:192.168.30.13
2019-09-26 10:41:45,084 [org.apache.hadoop.util.JvmPauseMonitor$Monitor@5b9d9eaf] INFO  util.JvmPauseMonitor (JvmPauseMonitor.java:run(188)) - Starting JVM pause monitor
2019-09-26 10:41:45,087 [Datanode State Machine Thread - 0] INFO  datanode.InitDatanodeState (InitDatanodeState.java:persistContainerDatanodeDetails(140)) - DatanodeDetails is persisted to /workdir/hadoop-ozone/integration-test/target/test-dir/MiniOzoneClusterImpl-599c001a-03b4-4289-becf-fa48adbd6871/datanode-0/meta/datanode.id
2019-09-26 10:41:45,090 [main] INFO  volume.HddsVolume (HddsVolume.java:<init>(176)) - Creating Volume: /workdir/hadoop-ozone/integration-test/target/test-dir/MiniOzoneClusterImpl-599c001a-03b4-4289-becf-fa48adbd6871/datanode-1/data/containers/hdds of  storage type : DISK and capacity : 1482555576320
2019-09-26 10:41:45,090 [main] INFO  volume.VolumeSet (VolumeSet.java:initializeVolumeSet(170)) - Added Volume : /workdir/hadoop-ozone/integration-test/target/test-dir/MiniOzoneClusterImpl-599c001a-03b4-4289-becf-fa48adbd6871/datanode-1/data/containers/hdds to VolumeSet
2019-09-26 10:41:45,090 [main] INFO  volume.ThrottledAsyncChecker (ThrottledAsyncChecker.java:schedule(139)) - Scheduling a check for org.apache.hadoop.ozone.container.common.volume.HddsVolume@526b2f3e
2019-09-26 10:41:45,091 [main] INFO  volume.HddsVolumeChecker (HddsVolumeChecker.java:checkAllVolumes(202)) - Scheduled health check for volume org.apache.hadoop.ozone.container.common.volume.HddsVolume@526b2f3e
2019-09-26 10:41:45,108 [main] INFO  impl.RaftServerProxy (ConfUtils.java:logGet(43)) - raft.rpc.type = GRPC (default)
2019-09-26 10:41:45,109 [main] INFO  grpc.GrpcFactory (GrpcFactory.java:checkPooledByteBufAllocatorUseCacheForAllThreads(45)) - PERFORMANCE WARNING: useCacheForAllThreads is true that may cause Netty to create a lot garbage objects and, as a result, trigger GC.
	It is recommended to disable useCacheForAllThreads by setting -Dorg.apache.ratis.thirdparty.io.netty.allocator.useCacheForAllThreads=false in command line.
2019-09-26 10:41:45,109 [main] INFO  grpc.GrpcConfigKeys$Server (ConfUtils.java:logGet(43)) - raft.grpc.server.port = 0 (default)
2019-09-26 10:41:45,109 [main] INFO  server.GrpcService (ConfUtils.java:logGet(43)) - raft.grpc.message.size.max = 33570816 (custom)
2019-09-26 10:41:45,110 [main] INFO  server.RaftServerConfigKeys (ConfUtils.java:logGet(43)) - raft.server.log.appender.buffer.byte-limit = 33554432 (custom)
2019-09-26 10:41:45,110 [main] INFO  server.GrpcService (ConfUtils.java:logGet(43)) - raft.grpc.flow.control.window = 1MB (=1048576) (default)
2019-09-26 10:41:45,110 [main] INFO  server.RaftServerConfigKeys (ConfUtils.java:logGet(43)) - raft.server.rpc.request.timeout = 3000ms (default)
2019-09-26 10:41:45,111 [main] INFO  server.RaftServerConfigKeys (ConfUtils.java:logGet(43)) - raft.server.storage.dir = [/workdir/hadoop-ozone/integration-test/target/test-dir/MiniOzoneClusterImpl-599c001a-03b4-4289-becf-fa48adbd6871/datanode-1/data/ratis] (custom)
2019-09-26 10:41:45,113 [main] INFO  hdfs.DFSUtil (DFSUtil.java:httpServerTemplateForNNAndJN(1641)) - Starting Web-server for hddsDatanode at: http://0.0.0.0:0
2019-09-26 10:41:45,115 [main] INFO  server.AuthenticationFilter (AuthenticationFilter.java:constructSecretProvider(240)) - Unable to initialize FileSignerSecretProvider, falling back to use random secrets.
2019-09-26 10:41:45,115 [main] WARN  http.HttpRequestLog (HttpRequestLog.java:getRequestLog(97)) - Jetty request log can only be enabled using Log4j
2019-09-26 10:41:45,117 [main] INFO  http.HttpServer2 (HttpServer2.java:addGlobalFilter(975)) - Added global filter 'safety' (class=org.apache.hadoop.http.HttpServer2$QuotingInputFilter)
2019-09-26 10:41:45,118 [main] INFO  http.HttpServer2 (HttpServer2.java:addFilter(948)) - Added filter static_user_filter (class=org.apache.hadoop.http.lib.StaticUserWebFilter$StaticUserFilter) to context hddsDatanode
2019-09-26 10:41:45,119 [main] INFO  http.HttpServer2 (HttpServer2.java:addFilter(958)) - Added filter static_user_filter (class=org.apache.hadoop.http.lib.StaticUserWebFilter$StaticUserFilter) to context static
2019-09-26 10:41:45,119 [main] INFO  http.HttpServer2 (HttpServer2.java:addFilter(958)) - Added filter static_user_filter (class=org.apache.hadoop.http.lib.StaticUserWebFilter$StaticUserFilter) to context logs
2019-09-26 10:41:45,120 [main] INFO  http.HttpServer2 (HttpServer2.java:bindListener(1191)) - Jetty bound to port 33285
2019-09-26 10:41:45,120 [main] INFO  server.Server (Server.java:doStart(351)) - jetty-9.3.25.v20180904, build timestamp: 2018-09-04T21:11:46Z, git hash: 3ce520221d0240229c862b122d2b06c12a625732
2019-09-26 10:41:45,123 [main] INFO  handler.ContextHandler (ContextHandler.java:doStart(781)) - Started o.e.j.s.ServletContextHandler@12a14b74{/logs,file:///workdir/hadoop-ozone/integration-test/target/log,AVAILABLE}
2019-09-26 10:41:45,123 [main] INFO  handler.ContextHandler (ContextHandler.java:doStart(781)) - Started o.e.j.s.ServletContextHandler@e76b097{/static,jar:file:/home/user/.m2/repository/org/apache/hadoop/hadoop-hdds-container-service/0.5.0-SNAPSHOT/hadoop-hdds-container-service-0.5.0-SNAPSHOT.jar!/webapps/static,AVAILABLE}
2019-09-26 10:41:45,164 [main] INFO  handler.ContextHandler (ContextHandler.java:doStart(781)) - Started o.e.j.w.WebAppContext@f9f3928{/,file:///tmp/jetty-0.0.0.0-33285-hddsDatanode-_-any-5854765883259060015.dir/webapp/,AVAILABLE}{/hddsDatanode}
2019-09-26 10:41:45,164 [main] INFO  server.AbstractConnector (AbstractConnector.java:doStart(278)) - Started ServerConnector@404eca05{HTTP/1.1,[http/1.1]}{0.0.0.0:33285}
2019-09-26 10:41:45,166 [main] INFO  server.Server (Server.java:doStart(419)) - Started @39954ms
2019-09-26 10:41:45,166 [main] WARN  impl.MetricsSystemImpl (MetricsSystemImpl.java:register(276)) - Sink prometheus already exists!
2019-09-26 10:41:45,167 [main] INFO  server.BaseHttpServer (BaseHttpServer.java:updateConnectorAddress(215)) - HTTP server of HDDSDATANODE is listening at http://0.0.0.0:33285
2019-09-26 10:41:45,167 [main] INFO  impl.MetricsSystemImpl (MetricsSystemImpl.java:init(158)) - HddsDatanode metrics system started (again)
2019-09-26 10:41:45,175 [org.apache.hadoop.util.JvmPauseMonitor$Monitor@69504f62] INFO  util.JvmPauseMonitor (JvmPauseMonitor.java:run(188)) - Starting JVM pause monitor
2019-09-26 10:41:45,176 [main] INFO  ozone.HddsDatanodeService (HddsDatanodeService.java:start(184)) - HddsDatanodeService host:pr-hdds-1569-wvzgm-824869521 ip:192.168.30.13
2019-09-26 10:41:45,178 [Datanode State Machine Thread - 0] INFO  datanode.InitDatanodeState (InitDatanodeState.java:persistContainerDatanodeDetails(140)) - DatanodeDetails is persisted to /workdir/hadoop-ozone/integration-test/target/test-dir/MiniOzoneClusterImpl-599c001a-03b4-4289-becf-fa48adbd6871/datanode-1/meta/datanode.id
2019-09-26 10:41:45,182 [main] INFO  volume.HddsVolume (HddsVolume.java:<init>(176)) - Creating Volume: /workdir/hadoop-ozone/integration-test/target/test-dir/MiniOzoneClusterImpl-599c001a-03b4-4289-becf-fa48adbd6871/datanode-2/data/containers/hdds of  storage type : DISK and capacity : 1482555576320
2019-09-26 10:41:45,183 [main] INFO  volume.VolumeSet (VolumeSet.java:initializeVolumeSet(170)) - Added Volume : /workdir/hadoop-ozone/integration-test/target/test-dir/MiniOzoneClusterImpl-599c001a-03b4-4289-becf-fa48adbd6871/datanode-2/data/containers/hdds to VolumeSet
2019-09-26 10:41:45,183 [main] INFO  volume.ThrottledAsyncChecker (ThrottledAsyncChecker.java:schedule(139)) - Scheduling a check for org.apache.hadoop.ozone.container.common.volume.HddsVolume@43982337
2019-09-26 10:41:45,184 [main] INFO  volume.HddsVolumeChecker (HddsVolumeChecker.java:checkAllVolumes(202)) - Scheduled health check for volume org.apache.hadoop.ozone.container.common.volume.HddsVolume@43982337
2019-09-26 10:41:45,200 [main] INFO  impl.RaftServerProxy (ConfUtils.java:logGet(43)) - raft.rpc.type = GRPC (default)
2019-09-26 10:41:45,201 [main] INFO  grpc.GrpcFactory (GrpcFactory.java:checkPooledByteBufAllocatorUseCacheForAllThreads(45)) - PERFORMANCE WARNING: useCacheForAllThreads is true that may cause Netty to create a lot garbage objects and, as a result, trigger GC.
	It is recommended to disable useCacheForAllThreads by setting -Dorg.apache.ratis.thirdparty.io.netty.allocator.useCacheForAllThreads=false in command line.
2019-09-26 10:41:45,201 [main] INFO  grpc.GrpcConfigKeys$Server (ConfUtils.java:logGet(43)) - raft.grpc.server.port = 0 (default)
2019-09-26 10:41:45,201 [main] INFO  server.GrpcService (ConfUtils.java:logGet(43)) - raft.grpc.message.size.max = 33570816 (custom)
2019-09-26 10:41:45,201 [main] INFO  server.RaftServerConfigKeys (ConfUtils.java:logGet(43)) - raft.server.log.appender.buffer.byte-limit = 33554432 (custom)
2019-09-26 10:41:45,201 [main] INFO  server.GrpcService (ConfUtils.java:logGet(43)) - raft.grpc.flow.control.window = 1MB (=1048576) (default)
2019-09-26 10:41:45,202 [main] INFO  server.RaftServerConfigKeys (ConfUtils.java:logGet(43)) - raft.server.rpc.request.timeout = 3000ms (default)
2019-09-26 10:41:45,202 [main] INFO  server.RaftServerConfigKeys (ConfUtils.java:logGet(43)) - raft.server.storage.dir = [/workdir/hadoop-ozone/integration-test/target/test-dir/MiniOzoneClusterImpl-599c001a-03b4-4289-becf-fa48adbd6871/datanode-2/data/ratis] (custom)
2019-09-26 10:41:45,204 [main] INFO  hdfs.DFSUtil (DFSUtil.java:httpServerTemplateForNNAndJN(1641)) - Starting Web-server for hddsDatanode at: http://0.0.0.0:0
2019-09-26 10:41:45,205 [main] INFO  server.AuthenticationFilter (AuthenticationFilter.java:constructSecretProvider(240)) - Unable to initialize FileSignerSecretProvider, falling back to use random secrets.
2019-09-26 10:41:45,206 [main] WARN  http.HttpRequestLog (HttpRequestLog.java:getRequestLog(97)) - Jetty request log can only be enabled using Log4j
2019-09-26 10:41:45,207 [main] INFO  http.HttpServer2 (HttpServer2.java:addGlobalFilter(975)) - Added global filter 'safety' (class=org.apache.hadoop.http.HttpServer2$QuotingInputFilter)
2019-09-26 10:41:45,208 [main] INFO  http.HttpServer2 (HttpServer2.java:addFilter(948)) - Added filter static_user_filter (class=org.apache.hadoop.http.lib.StaticUserWebFilter$StaticUserFilter) to context hddsDatanode
2019-09-26 10:41:45,208 [main] INFO  http.HttpServer2 (HttpServer2.java:addFilter(958)) - Added filter static_user_filter (class=org.apache.hadoop.http.lib.StaticUserWebFilter$StaticUserFilter) to context static
2019-09-26 10:41:45,209 [main] INFO  http.HttpServer2 (HttpServer2.java:addFilter(958)) - Added filter static_user_filter (class=org.apache.hadoop.http.lib.StaticUserWebFilter$StaticUserFilter) to context logs
2019-09-26 10:41:45,209 [main] INFO  http.HttpServer2 (HttpServer2.java:bindListener(1191)) - Jetty bound to port 35772
2019-09-26 10:41:45,210 [main] INFO  server.Server (Server.java:doStart(351)) - jetty-9.3.25.v20180904, build timestamp: 2018-09-04T21:11:46Z, git hash: 3ce520221d0240229c862b122d2b06c12a625732
2019-09-26 10:41:45,212 [main] INFO  handler.ContextHandler (ContextHandler.java:doStart(781)) - Started o.e.j.s.ServletContextHandler@43984213{/logs,file:///workdir/hadoop-ozone/integration-test/target/log,AVAILABLE}
2019-09-26 10:41:45,212 [main] INFO  handler.ContextHandler (ContextHandler.java:doStart(781)) - Started o.e.j.s.ServletContextHandler@38830ea{/static,jar:file:/home/user/.m2/repository/org/apache/hadoop/hadoop-hdds-container-service/0.5.0-SNAPSHOT/hadoop-hdds-container-service-0.5.0-SNAPSHOT.jar!/webapps/static,AVAILABLE}
2019-09-26 10:41:45,243 [main] INFO  handler.ContextHandler (ContextHandler.java:doStart(781)) - Started o.e.j.w.WebAppContext@135a8c6f{/,file:///tmp/jetty-0.0.0.0-35772-hddsDatanode-_-any-4392985698902899440.dir/webapp/,AVAILABLE}{/hddsDatanode}
2019-09-26 10:41:45,244 [main] INFO  server.AbstractConnector (AbstractConnector.java:doStart(278)) - Started ServerConnector@6419a0e1{HTTP/1.1,[http/1.1]}{0.0.0.0:35772}
2019-09-26 10:41:45,246 [main] INFO  server.Server (Server.java:doStart(419)) - Started @40034ms
2019-09-26 10:41:45,246 [main] WARN  impl.MetricsSystemImpl (MetricsSystemImpl.java:register(276)) - Sink prometheus already exists!
2019-09-26 10:41:45,247 [main] INFO  server.BaseHttpServer (BaseHttpServer.java:updateConnectorAddress(215)) - HTTP server of HDDSDATANODE is listening at http://0.0.0.0:35772
2019-09-26 10:41:45,247 [main] INFO  ozone.MiniOzoneClusterImpl (MiniOzoneClusterImpl.java:lambda$waitForClusterToBeReady$0(147)) - Waiting for cluster to be ready. Got 0 of 3 DN Heartbeats.
2019-09-26 10:41:45,248 [org.apache.hadoop.util.JvmPauseMonitor$Monitor@e4edb8d] INFO  util.JvmPauseMonitor (JvmPauseMonitor.java:run(188)) - Starting JVM pause monitor
2019-09-26 10:41:45,251 [Datanode State Machine Thread - 0] INFO  datanode.InitDatanodeState (InitDatanodeState.java:persistContainerDatanodeDetails(140)) - DatanodeDetails is persisted to /workdir/hadoop-ozone/integration-test/target/test-dir/MiniOzoneClusterImpl-599c001a-03b4-4289-becf-fa48adbd6871/datanode-2/meta/datanode.id
2019-09-26 10:41:46,247 [main] INFO  ozone.MiniOzoneClusterImpl (MiniOzoneClusterImpl.java:lambda$waitForClusterToBeReady$0(147)) - Waiting for cluster to be ready. Got 0 of 3 DN Heartbeats.
2019-09-26 10:41:47,107 [Datanode State Machine Thread - 0] INFO  ozoneimpl.OzoneContainer (OzoneContainer.java:start(217)) - Attempting to start container services.
2019-09-26 10:41:47,107 [Datanode State Machine Thread - 0] INFO  ozoneimpl.OzoneContainer (OzoneContainer.java:startContainerScrub(179)) - Background container scanner has been disabled.
2019-09-26 10:41:47,108 [Datanode State Machine Thread - 0] INFO  ratis.XceiverServerRatis (XceiverServerRatis.java:start(411)) - Starting XceiverServerRatis 4bf39b58-3848-4acf-b320-fb978d248b73 at port 0
2019-09-26 10:41:47,115 [Datanode State Machine Thread - 0] INFO  impl.RaftServerProxy (RaftServerProxy.java:lambda$start$3(299)) - 4bf39b58-3848-4acf-b320-fb978d248b73: start RPC server
2019-09-26 10:41:47,119 [Datanode State Machine Thread - 0] INFO  server.GrpcService (GrpcService.java:startImpl(158)) - 4bf39b58-3848-4acf-b320-fb978d248b73: GrpcService started, listening on 0.0.0.0/0.0.0.0:35754
2019-09-26 10:41:47,119 [Datanode State Machine Thread - 0] INFO  ratis.XceiverServerRatis (XceiverServerRatis.java:start(421)) - XceiverServerRatis 4bf39b58-3848-4acf-b320-fb978d248b73 is started using port 35754
2019-09-26 10:41:47,120 [Datanode State Machine Thread - 0] INFO  server.XceiverServerGrpc (XceiverServerGrpc.java:start(149)) - XceiverServerGrpc 4bf39b58-3848-4acf-b320-fb978d248b73 is started using port 37602
2019-09-26 10:41:47,192 [Datanode State Machine Thread - 0] INFO  ozoneimpl.OzoneContainer (OzoneContainer.java:start(217)) - Attempting to start container services.
2019-09-26 10:41:47,193 [Datanode State Machine Thread - 0] INFO  ozoneimpl.OzoneContainer (OzoneContainer.java:startContainerScrub(179)) - Background container scanner has been disabled.
2019-09-26 10:41:47,193 [Datanode State Machine Thread - 0] INFO  ratis.XceiverServerRatis (XceiverServerRatis.java:start(411)) - Starting XceiverServerRatis d15e0447-89ee-413a-8b64-4668700b9317 at port 0
2019-09-26 10:41:47,201 [Datanode State Machine Thread - 0] INFO  impl.RaftServerProxy (RaftServerProxy.java:lambda$start$3(299)) - d15e0447-89ee-413a-8b64-4668700b9317: start RPC server
2019-09-26 10:41:47,203 [Datanode State Machine Thread - 0] INFO  server.GrpcService (GrpcService.java:startImpl(158)) - d15e0447-89ee-413a-8b64-4668700b9317: GrpcService started, listening on 0.0.0.0/0.0.0.0:40975
2019-09-26 10:41:47,204 [Datanode State Machine Thread - 0] INFO  ratis.XceiverServerRatis (XceiverServerRatis.java:start(421)) - XceiverServerRatis d15e0447-89ee-413a-8b64-4668700b9317 is started using port 40975
2019-09-26 10:41:47,204 [Datanode State Machine Thread - 0] INFO  server.XceiverServerGrpc (XceiverServerGrpc.java:start(149)) - XceiverServerGrpc d15e0447-89ee-413a-8b64-4668700b9317 is started using port 33162
2019-09-26 10:41:47,248 [main] INFO  ozone.MiniOzoneClusterImpl (MiniOzoneClusterImpl.java:lambda$waitForClusterToBeReady$0(147)) - Waiting for cluster to be ready. Got 0 of 3 DN Heartbeats.
2019-09-26 10:41:47,277 [Datanode State Machine Thread - 0] INFO  ozoneimpl.OzoneContainer (OzoneContainer.java:start(217)) - Attempting to start container services.
2019-09-26 10:41:47,277 [Datanode State Machine Thread - 0] INFO  ozoneimpl.OzoneContainer (OzoneContainer.java:startContainerScrub(179)) - Background container scanner has been disabled.
2019-09-26 10:41:47,278 [Datanode State Machine Thread - 0] INFO  ratis.XceiverServerRatis (XceiverServerRatis.java:start(411)) - Starting XceiverServerRatis 596cfd2b-9e52-4fa6-b850-d9aef53ae22f at port 0
2019-09-26 10:41:47,286 [Datanode State Machine Thread - 0] INFO  impl.RaftServerProxy (RaftServerProxy.java:lambda$start$3(299)) - 596cfd2b-9e52-4fa6-b850-d9aef53ae22f: start RPC server
2019-09-26 10:41:47,295 [Datanode State Machine Thread - 0] INFO  server.GrpcService (GrpcService.java:startImpl(158)) - 596cfd2b-9e52-4fa6-b850-d9aef53ae22f: GrpcService started, listening on 0.0.0.0/0.0.0.0:33896
2019-09-26 10:41:47,295 [Datanode State Machine Thread - 0] INFO  ratis.XceiverServerRatis (XceiverServerRatis.java:start(421)) - XceiverServerRatis 596cfd2b-9e52-4fa6-b850-d9aef53ae22f is started using port 33896
2019-09-26 10:41:47,296 [Datanode State Machine Thread - 0] INFO  server.XceiverServerGrpc (XceiverServerGrpc.java:start(149)) - XceiverServerGrpc 596cfd2b-9e52-4fa6-b850-d9aef53ae22f is started using port 44524
2019-09-26 10:41:48,249 [main] INFO  ozone.MiniOzoneClusterImpl (MiniOzoneClusterImpl.java:lambda$waitForClusterToBeReady$0(147)) - Waiting for cluster to be ready. Got 0 of 3 DN Heartbeats.
2019-09-26 10:41:49,091 [IPC Server handler 0 on 46846] INFO  net.NetworkTopology (NetworkTopologyImpl.java:add(111)) - Added a new node: /default-rack/4bf39b58-3848-4acf-b320-fb978d248b73
2019-09-26 10:41:49,093 [IPC Server handler 0 on 46846] INFO  node.SCMNodeManager (SCMNodeManager.java:register(266)) - Registered Data node : 4bf39b58-3848-4acf-b320-fb978d248b73{ip: 192.168.30.13, host: pr-hdds-1569-wvzgm-824869521, networkLocation: /default-rack, certSerialId: null}
2019-09-26 10:41:49,094 [EventQueue-NodeRegistrationContainerReportForDataNodeSafeModeRule] INFO  safemode.SCMSafeModeManager (DataNodeSafeModeRule.java:process(71)) - SCM in safe mode. 1 DataNodes registered, 1 required.
2019-09-26 10:41:49,096 [EventQueue-NodeRegistrationContainerReportForDataNodeSafeModeRule] INFO  safemode.SCMSafeModeManager (SCMSafeModeManager.java:validateSafeModeExitRules(177)) - ScmSafeModeManager, all rules are successfully validated
2019-09-26 10:41:49,096 [EventQueue-NodeRegistrationContainerReportForDataNodeSafeModeRule] INFO  safemode.SCMSafeModeManager (SCMSafeModeManager.java:exitSafeMode(193)) - SCM exiting safe mode.
2019-09-26 10:41:49,114 [grpc-default-executor-0] INFO  impl.RaftServerProxy (RaftServerProxy.java:addNew(89)) - 4bf39b58-3848-4acf-b320-fb978d248b73: addNew group-BB2D0AB35911:[4bf39b58-3848-4acf-b320-fb978d248b73:192.168.30.13:35754] returns group-BB2D0AB35911:java.util.concurrent.CompletableFuture@1bac7547[Not completed]
2019-09-26 10:41:49,117 [pool-127-thread-1] INFO  impl.RaftServerImpl (RaftServerImpl.java:<init>(95)) - 4bf39b58-3848-4acf-b320-fb978d248b73: new RaftServerImpl for group-BB2D0AB35911:[4bf39b58-3848-4acf-b320-fb978d248b73:192.168.30.13:35754] with ContainerStateMachine:uninitialized
2019-09-26 10:41:49,117 [pool-127-thread-1] INFO  server.RaftServerConfigKeys (ConfUtils.java:logGet(43)) - raft.server.rpc.timeout.min = 5s (custom)
2019-09-26 10:41:49,117 [pool-127-thread-1] INFO  server.RaftServerConfigKeys (ConfUtils.java:logGet(43)) - raft.server.rpc.timeout.max = 5200ms (custom)
2019-09-26 10:41:49,117 [pool-127-thread-1] INFO  server.RaftServerConfigKeys (ConfUtils.java:logGet(43)) - raft.server.rpcslowness.timeout = 120s (custom)
2019-09-26 10:41:49,118 [pool-127-thread-1] INFO  server.RaftServerConfigKeys (ConfUtils.java:logGet(43)) - raft.server.sleep.deviation.threshold = 300 (default)
2019-09-26 10:41:49,118 [pool-127-thread-1] INFO  server.RaftServerConfigKeys (ConfUtils.java:logGet(43)) - raft.server.log.appender.install.snapshot.enabled = false (custom)
2019-09-26 10:41:49,118 [pool-127-thread-1] INFO  impl.RaftServerImpl (ServerState.java:<init>(103)) - 4bf39b58-3848-4acf-b320-fb978d248b73@group-BB2D0AB35911: ConfigurationManager, init=-1: [4bf39b58-3848-4acf-b320-fb978d248b73:192.168.30.13:35754], old=null, confs=<EMPTY_MAP>
2019-09-26 10:41:49,118 [pool-127-thread-1] INFO  server.RaftServerConfigKeys (ConfUtils.java:logGet(43)) - raft.server.storage.dir = [/workdir/hadoop-ozone/integration-test/target/test-dir/MiniOzoneClusterImpl-599c001a-03b4-4289-becf-fa48adbd6871/datanode-0/data/ratis] (custom)
2019-09-26 10:41:49,119 [pool-127-thread-1] INFO  storage.RaftStorageDirectory (RaftStorageDirectory.java:analyzeStorage(246)) - The storage directory /workdir/hadoop-ozone/integration-test/target/test-dir/MiniOzoneClusterImpl-599c001a-03b4-4289-becf-fa48adbd6871/datanode-0/data/ratis/65bf794d-3074-4211-8a8a-bb2d0ab35911 does not exist. Creating ...
2019-09-26 10:41:49,132 [pool-127-thread-1] INFO  storage.RaftStorageDirectory (RaftStorageDirectory.java:tryLock(328)) - Lock on /workdir/hadoop-ozone/integration-test/target/test-dir/MiniOzoneClusterImpl-599c001a-03b4-4289-becf-fa48adbd6871/datanode-0/data/ratis/65bf794d-3074-4211-8a8a-bb2d0ab35911/in_use.lock acquired by nodename 10232@pr-hdds-1569-wvzgm-824869521
2019-09-26 10:41:49,146 [pool-127-thread-1] INFO  storage.RaftStorage (RaftStorage.java:format(72)) - Storage directory /workdir/hadoop-ozone/integration-test/target/test-dir/MiniOzoneClusterImpl-599c001a-03b4-4289-becf-fa48adbd6871/datanode-0/data/ratis/65bf794d-3074-4211-8a8a-bb2d0ab35911 has been successfully formatted.
2019-09-26 10:41:49,146 [pool-127-thread-1] INFO  ratis.ContainerStateMachine (ContainerStateMachine.java:loadSnapshot(230)) - group-BB2D0AB35911: The snapshot info is null. Setting the last applied indexto:(t:0, i:~)
2019-09-26 10:41:49,147 [pool-127-thread-1] INFO  server.RaftServerConfigKeys (ConfUtils.java:logGet(43)) - raft.server.notification.no-leader.timeout = 120s (custom)
2019-09-26 10:41:49,147 [pool-127-thread-1] INFO  server.RaftServerConfigKeys (ConfUtils.java:logGet(43)) - raft.server.log.use.memory = false (default)
2019-09-26 10:41:49,147 [pool-127-thread-1] INFO  server.RaftServerConfigKeys (ConfUtils.java:logGet(43)) - raft.server.log.purge.gap = 1000000 (custom)
2019-09-26 10:41:49,147 [pool-127-thread-1] INFO  server.RaftServerConfigKeys (ConfUtils.java:logGet(43)) - raft.server.log.appender.buffer.byte-limit = 33554432 (custom)
2019-09-26 10:41:49,148 [pool-127-thread-1] INFO  server.RaftServerConfigKeys (ConfUtils.java:logGet(43)) - raft.server.log.segment.size.max = 1048576 (custom)
2019-09-26 10:41:49,148 [pool-127-thread-1] INFO  server.RaftServerConfigKeys (ConfUtils.java:logGet(43)) - raft.server.log.segment.cache.num.max = 2 (custom)
2019-09-26 10:41:49,148 [pool-127-thread-1] INFO  segmented.SegmentedRaftLogWorker (SegmentedRaftLogWorker.java:<init>(172)) - new 4bf39b58-3848-4acf-b320-fb978d248b73@group-BB2D0AB35911-SegmentedRaftLogWorker for RaftStorage:Storage Directory /workdir/hadoop-ozone/integration-test/target/test-dir/MiniOzoneClusterImpl-599c001a-03b4-4289-becf-fa48adbd6871/datanode-0/data/ratis/65bf794d-3074-4211-8a8a-bb2d0ab35911
2019-09-26 10:41:49,153 [pool-127-thread-1] INFO  server.RaftServerConfigKeys (ConfUtils.java:logGet(43)) - raft.server.log.queue.byte-limit = 2147483647 (custom)
2019-09-26 10:41:49,153 [pool-127-thread-1] INFO  server.RaftServerConfigKeys (ConfUtils.java:logGet(43)) - raft.server.log.queue.element-limit = 1024 (custom)
2019-09-26 10:41:49,153 [pool-127-thread-1] INFO  server.RaftServerConfigKeys (ConfUtils.java:logGet(43)) - raft.server.log.segment.size.max = 1048576 (custom)
2019-09-26 10:41:49,154 [pool-127-thread-1] INFO  server.RaftServerConfigKeys (ConfUtils.java:logGet(43)) - raft.server.log.preallocated.size = 16384 (custom)
2019-09-26 10:41:49,154 [pool-127-thread-1] INFO  server.RaftServerConfigKeys (ConfUtils.java:logGet(43)) - raft.server.log.write.buffer.size = 33554432 (custom)
2019-09-26 10:41:49,154 [pool-127-thread-1] INFO  server.RaftServerConfigKeys (ConfUtils.java:logGet(43)) - raft.server.log.force.sync.num = 128 (default)
2019-09-26 10:41:49,154 [pool-127-thread-1] INFO  server.RaftServerConfigKeys (ConfUtils.java:logGet(43)) - raft.server.log.statemachine.data.sync = true (default)
2019-09-26 10:41:49,154 [pool-127-thread-1] INFO  server.RaftServerConfigKeys (ConfUtils.java:logGet(43)) - raft.server.log.statemachine.data.sync.timeout = 10s (default)
2019-09-26 10:41:49,155 [pool-127-thread-1] INFO  server.RaftServerConfigKeys (ConfUtils.java:logGet(43)) - raft.server.log.statemachine.data.sync.timeout.retry = -1 (default)
2019-09-26 10:41:49,155 [pool-127-thread-1] INFO  server.RaftServerConfigKeys (ConfUtils.java:logGet(43)) - raft.server.log.statemachine.data.caching.enabled = true (custom)
2019-09-26 10:41:49,156 [pool-127-thread-1] INFO  segmented.SegmentedRaftLogWorker (SegmentedRaftLogWorker.java:lambda$new$0(132)) - 4bf39b58-3848-4acf-b320-fb978d248b73@group-BB2D0AB35911-SegmentedRaftLogWorker: flushIndex: setUnconditionally 0 -> -1
2019-09-26 10:41:49,156 [pool-127-thread-1] INFO  server.RaftServerConfigKeys (ConfUtils.java:logGet(43)) - raft.server.snapshot.auto.trigger.enabled = true (custom)
2019-09-26 10:41:49,156 [pool-127-thread-1] INFO  server.RaftServerConfigKeys (ConfUtils.java:logGet(43)) - raft.server.snapshot.auto.trigger.threshold = 10000 (custom)
2019-09-26 10:41:49,157 [pool-127-thread-1] INFO  server.RaftServerConfigKeys (ConfUtils.java:logGet(43)) - raft.server.snapshot.retention.num.files = 5 (custom)
2019-09-26 10:41:49,157 [pool-127-thread-1] INFO  server.RaftServerConfigKeys (ConfUtils.java:logGet(43)) - raft.server.retrycache.expirytime = 600000ms (custom)
2019-09-26 10:41:49,160 [pool-127-thread-1] INFO  impl.RaftServerImpl (RaftServerImpl.java:start(185)) - 4bf39b58-3848-4acf-b320-fb978d248b73@group-BB2D0AB35911: start as a follower, conf=-1: [4bf39b58-3848-4acf-b320-fb978d248b73:192.168.30.13:35754], old=null
2019-09-26 10:41:49,160 [pool-127-thread-1] INFO  impl.RaftServerImpl (RaftServerImpl.java:setRole(174)) - 4bf39b58-3848-4acf-b320-fb978d248b73@group-BB2D0AB35911: changes role from      null to FOLLOWER at term 0 for startAsFollower
2019-09-26 10:41:49,160 [pool-127-thread-1] INFO  impl.RoleInfo (RoleInfo.java:updateAndGet(143)) - 4bf39b58-3848-4acf-b320-fb978d248b73: start FollowerState
2019-09-26 10:41:49,161 [pool-127-thread-1] INFO  util.JmxRegister (JmxRegister.java:tryRegister(44)) - Successfully registered JMX Bean with object name Ratis:service=RaftServer,group=group-BB2D0AB35911,id=4bf39b58-3848-4acf-b320-fb978d248b73
2019-09-26 10:41:49,174 [RatisPipelineUtilsThread] INFO  pipeline.PipelineStateManager (PipelineStateManager.java:addPipeline(56)) - Created pipeline Pipeline[ Id: 65bf794d-3074-4211-8a8a-bb2d0ab35911, Nodes: 4bf39b58-3848-4acf-b320-fb978d248b73{ip: 192.168.30.13, host: pr-hdds-1569-wvzgm-824869521, networkLocation: /default-rack, certSerialId: null}, Type:RATIS, Factor:ONE, State:OPEN]
2019-09-26 10:41:49,179 [IPC Server handler 1 on 46846] INFO  net.NetworkTopology (NetworkTopologyImpl.java:add(111)) - Added a new node: /default-rack/d15e0447-89ee-413a-8b64-4668700b9317
2019-09-26 10:41:49,179 [IPC Server handler 1 on 46846] INFO  node.SCMNodeManager (SCMNodeManager.java:register(266)) - Registered Data node : d15e0447-89ee-413a-8b64-4668700b9317{ip: 192.168.30.13, host: pr-hdds-1569-wvzgm-824869521, networkLocation: /default-rack, certSerialId: null}
2019-09-26 10:41:49,189 [grpc-default-executor-0] INFO  impl.RaftServerProxy (RaftServerProxy.java:addNew(89)) - 4bf39b58-3848-4acf-b320-fb978d248b73: addNew group-31C0D5741662:[4bf39b58-3848-4acf-b320-fb978d248b73:192.168.30.13:35754] returns group-31C0D5741662:java.util.concurrent.CompletableFuture@2afdad94[Not completed]
2019-09-26 10:41:49,191 [pool-127-thread-1] INFO  impl.RaftServerImpl (RaftServerImpl.java:<init>(95)) - 4bf39b58-3848-4acf-b320-fb978d248b73: new RaftServerImpl for group-31C0D5741662:[4bf39b58-3848-4acf-b320-fb978d248b73:192.168.30.13:35754] with ContainerStateMachine:uninitialized
2019-09-26 10:41:49,191 [pool-127-thread-1] INFO  server.RaftServerConfigKeys (ConfUtils.java:logGet(43)) - raft.server.rpc.timeout.min = 5s (custom)
2019-09-26 10:41:49,191 [pool-127-thread-1] INFO  server.RaftServerConfigKeys (ConfUtils.java:logGet(43)) - raft.server.rpc.timeout.max = 5200ms (custom)
2019-09-26 10:41:49,192 [pool-127-thread-1] INFO  server.RaftServerConfigKeys (ConfUtils.java:logGet(43)) - raft.server.rpcslowness.timeout = 120s (custom)
2019-09-26 10:41:49,192 [pool-127-thread-1] INFO  server.RaftServerConfigKeys (ConfUtils.java:logGet(43)) - raft.server.sleep.deviation.threshold = 300 (default)
2019-09-26 10:41:49,192 [pool-127-thread-1] INFO  server.RaftServerConfigKeys (ConfUtils.java:logGet(43)) - raft.server.log.appender.install.snapshot.enabled = false (custom)
2019-09-26 10:41:49,192 [pool-127-thread-1] INFO  impl.RaftServerImpl (ServerState.java:<init>(103)) - 4bf39b58-3848-4acf-b320-fb978d248b73@group-31C0D5741662: ConfigurationManager, init=-1: [4bf39b58-3848-4acf-b320-fb978d248b73:192.168.30.13:35754], old=null, confs=<EMPTY_MAP>
2019-09-26 10:41:49,192 [pool-127-thread-1] INFO  server.RaftServerConfigKeys (ConfUtils.java:logGet(43)) - raft.server.storage.dir = [/workdir/hadoop-ozone/integration-test/target/test-dir/MiniOzoneClusterImpl-599c001a-03b4-4289-becf-fa48adbd6871/datanode-0/data/ratis] (custom)
2019-09-26 10:41:49,193 [pool-127-thread-1] INFO  storage.RaftStorageDirectory (RaftStorageDirectory.java:analyzeStorage(246)) - The storage directory /workdir/hadoop-ozone/integration-test/target/test-dir/MiniOzoneClusterImpl-599c001a-03b4-4289-becf-fa48adbd6871/datanode-0/data/ratis/b95b4199-1710-41a5-a8af-31c0d5741662 does not exist. Creating ...
2019-09-26 10:41:49,206 [pool-127-thread-1] INFO  storage.RaftStorageDirectory (RaftStorageDirectory.java:tryLock(328)) - Lock on /workdir/hadoop-ozone/integration-test/target/test-dir/MiniOzoneClusterImpl-599c001a-03b4-4289-becf-fa48adbd6871/datanode-0/data/ratis/b95b4199-1710-41a5-a8af-31c0d5741662/in_use.lock acquired by nodename 10232@pr-hdds-1569-wvzgm-824869521
2019-09-26 10:41:49,219 [pool-127-thread-1] INFO  storage.RaftStorage (RaftStorage.java:format(72)) - Storage directory /workdir/hadoop-ozone/integration-test/target/test-dir/MiniOzoneClusterImpl-599c001a-03b4-4289-becf-fa48adbd6871/datanode-0/data/ratis/b95b4199-1710-41a5-a8af-31c0d5741662 has been successfully formatted.
2019-09-26 10:41:49,220 [pool-127-thread-1] INFO  ratis.ContainerStateMachine (ContainerStateMachine.java:loadSnapshot(230)) - group-31C0D5741662: The snapshot info is null. Setting the last applied indexto:(t:0, i:~)
2019-09-26 10:41:49,220 [pool-127-thread-1] INFO  server.RaftServerConfigKeys (ConfUtils.java:logGet(43)) - raft.server.notification.no-leader.timeout = 120s (custom)
2019-09-26 10:41:49,220 [pool-127-thread-1] INFO  server.RaftServerConfigKeys (ConfUtils.java:logGet(43)) - raft.server.log.use.memory = false (default)
2019-09-26 10:41:49,220 [pool-127-thread-1] INFO  server.RaftServerConfigKeys (ConfUtils.java:logGet(43)) - raft.server.log.purge.gap = 1000000 (custom)
2019-09-26 10:41:49,220 [pool-127-thread-1] INFO  server.RaftServerConfigKeys (ConfUtils.java:logGet(43)) - raft.server.log.appender.buffer.byte-limit = 33554432 (custom)
2019-09-26 10:41:49,221 [pool-127-thread-1] INFO  server.RaftServerConfigKeys (ConfUtils.java:logGet(43)) - raft.server.log.segment.size.max = 1048576 (custom)
2019-09-26 10:41:49,221 [pool-127-thread-1] INFO  server.RaftServerConfigKeys (ConfUtils.java:logGet(43)) - raft.server.log.segment.cache.num.max = 2 (custom)
2019-09-26 10:41:49,221 [pool-127-thread-1] INFO  segmented.SegmentedRaftLogWorker (SegmentedRaftLogWorker.java:<init>(172)) - new 4bf39b58-3848-4acf-b320-fb978d248b73@group-31C0D5741662-SegmentedRaftLogWorker for RaftStorage:Storage Directory /workdir/hadoop-ozone/integration-test/target/test-dir/MiniOzoneClusterImpl-599c001a-03b4-4289-becf-fa48adbd6871/datanode-0/data/ratis/b95b4199-1710-41a5-a8af-31c0d5741662
2019-09-26 10:41:49,221 [pool-127-thread-1] INFO  server.RaftServerConfigKeys (ConfUtils.java:logGet(43)) - raft.server.log.queue.byte-limit = 2147483647 (custom)
2019-09-26 10:41:49,221 [pool-127-thread-1] INFO  server.RaftServerConfigKeys (ConfUtils.java:logGet(43)) - raft.server.log.queue.element-limit = 1024 (custom)
2019-09-26 10:41:49,221 [pool-127-thread-1] INFO  server.RaftServerConfigKeys (ConfUtils.java:logGet(43)) - raft.server.log.segment.size.max = 1048576 (custom)
2019-09-26 10:41:49,222 [pool-127-thread-1] INFO  server.RaftServerConfigKeys (ConfUtils.java:logGet(43)) - raft.server.log.preallocated.size = 16384 (custom)
2019-09-26 10:41:49,222 [pool-127-thread-1] INFO  server.RaftServerConfigKeys (ConfUtils.java:logGet(43)) - raft.server.log.write.buffer.size = 33554432 (custom)
2019-09-26 10:41:49,222 [pool-127-thread-1] INFO  server.RaftServerConfigKeys (ConfUtils.java:logGet(43)) - raft.server.log.force.sync.num = 128 (default)
2019-09-26 10:41:49,222 [pool-127-thread-1] INFO  server.RaftServerConfigKeys (ConfUtils.java:logGet(43)) - raft.server.log.statemachine.data.sync = true (default)
2019-09-26 10:41:49,222 [pool-127-thread-1] INFO  server.RaftServerConfigKeys (ConfUtils.java:logGet(43)) - raft.server.log.statemachine.data.sync.timeout = 10s (default)
2019-09-26 10:41:49,222 [pool-127-thread-1] INFO  server.RaftServerConfigKeys (ConfUtils.java:logGet(43)) - raft.server.log.statemachine.data.sync.timeout.retry = -1 (default)
2019-09-26 10:41:49,223 [pool-127-thread-1] INFO  server.RaftServerConfigKeys (ConfUtils.java:logGet(43)) - raft.server.log.statemachine.data.caching.enabled = true (custom)
2019-09-26 10:41:49,223 [pool-127-thread-1] INFO  segmented.SegmentedRaftLogWorker (SegmentedRaftLogWorker.java:lambda$new$0(132)) - 4bf39b58-3848-4acf-b320-fb978d248b73@group-31C0D5741662-SegmentedRaftLogWorker: flushIndex: setUnconditionally 0 -> -1
2019-09-26 10:41:49,223 [pool-127-thread-1] INFO  server.RaftServerConfigKeys (ConfUtils.java:logGet(43)) - raft.server.snapshot.auto.trigger.enabled = true (custom)
2019-09-26 10:41:49,224 [pool-127-thread-1] INFO  server.RaftServerConfigKeys (ConfUtils.java:logGet(43)) - raft.server.snapshot.auto.trigger.threshold = 10000 (custom)
2019-09-26 10:41:49,224 [pool-127-thread-1] INFO  server.RaftServerConfigKeys (ConfUtils.java:logGet(43)) - raft.server.snapshot.retention.num.files = 5 (custom)
2019-09-26 10:41:49,224 [pool-127-thread-1] INFO  server.RaftServerConfigKeys (ConfUtils.java:logGet(43)) - raft.server.retrycache.expirytime = 600000ms (custom)
2019-09-26 10:41:49,227 [pool-127-thread-1] INFO  impl.RaftServerImpl (RaftServerImpl.java:start(185)) - 4bf39b58-3848-4acf-b320-fb978d248b73@group-31C0D5741662: start as a follower, conf=-1: [4bf39b58-3848-4acf-b320-fb978d248b73:192.168.30.13:35754], old=null
2019-09-26 10:41:49,227 [pool-127-thread-1] INFO  impl.RaftServerImpl (RaftServerImpl.java:setRole(174)) - 4bf39b58-3848-4acf-b320-fb978d248b73@group-31C0D5741662: changes role from      null to FOLLOWER at term 0 for startAsFollower
2019-09-26 10:41:49,227 [pool-127-thread-1] INFO  impl.RoleInfo (RoleInfo.java:updateAndGet(143)) - 4bf39b58-3848-4acf-b320-fb978d248b73: start FollowerState
2019-09-26 10:41:49,228 [pool-127-thread-1] INFO  util.JmxRegister (JmxRegister.java:tryRegister(44)) - Successfully registered JMX Bean with object name Ratis:service=RaftServer,group=group-31C0D5741662,id=4bf39b58-3848-4acf-b320-fb978d248b73
2019-09-26 10:41:49,235 [RatisPipelineUtilsThread] INFO  pipeline.PipelineStateManager (PipelineStateManager.java:addPipeline(56)) - Created pipeline Pipeline[ Id: b95b4199-1710-41a5-a8af-31c0d5741662, Nodes: 4bf39b58-3848-4acf-b320-fb978d248b73{ip: 192.168.30.13, host: pr-hdds-1569-wvzgm-824869521, networkLocation: /default-rack, certSerialId: null}, Type:RATIS, Factor:ONE, State:OPEN]
2019-09-26 10:41:49,249 [main] INFO  ozone.MiniOzoneClusterImpl (MiniOzoneClusterImpl.java:lambda$waitForClusterToBeReady$0(147)) - Waiting for cluster to be ready. Got 2 of 3 DN Heartbeats.
2019-09-26 10:41:49,252 [IPC Server handler 2 on 46846] INFO  net.NetworkTopology (NetworkTopologyImpl.java:add(111)) - Added a new node: /default-rack/596cfd2b-9e52-4fa6-b850-d9aef53ae22f
2019-09-26 10:41:49,252 [IPC Server handler 2 on 46846] INFO  node.SCMNodeManager (SCMNodeManager.java:register(266)) - Registered Data node : 596cfd2b-9e52-4fa6-b850-d9aef53ae22f{ip: 192.168.30.13, host: pr-hdds-1569-wvzgm-824869521, networkLocation: /default-rack, certSerialId: null}
2019-09-26 10:41:49,255 [grpc-default-executor-0] INFO  impl.RaftServerProxy (RaftServerProxy.java:addNew(89)) - 4bf39b58-3848-4acf-b320-fb978d248b73: addNew group-7153742EAA3B:[4bf39b58-3848-4acf-b320-fb978d248b73:192.168.30.13:35754] returns group-7153742EAA3B:java.util.concurrent.CompletableFuture@7b838a08[Not completed]
2019-09-26 10:41:49,256 [pool-127-thread-1] INFO  impl.RaftServerImpl (RaftServerImpl.java:<init>(95)) - 4bf39b58-3848-4acf-b320-fb978d248b73: new RaftServerImpl for group-7153742EAA3B:[4bf39b58-3848-4acf-b320-fb978d248b73:192.168.30.13:35754] with ContainerStateMachine:uninitialized
2019-09-26 10:41:49,256 [pool-127-thread-1] INFO  server.RaftServerConfigKeys (ConfUtils.java:logGet(43)) - raft.server.rpc.timeout.min = 5s (custom)
2019-09-26 10:41:49,256 [pool-127-thread-1] INFO  server.RaftServerConfigKeys (ConfUtils.java:logGet(43)) - raft.server.rpc.timeout.max = 5200ms (custom)
2019-09-26 10:41:49,256 [pool-127-thread-1] INFO  server.RaftServerConfigKeys (ConfUtils.java:logGet(43)) - raft.server.rpcslowness.timeout = 120s (custom)
2019-09-26 10:41:49,256 [pool-127-thread-1] INFO  server.RaftServerConfigKeys (ConfUtils.java:logGet(43)) - raft.server.sleep.deviation.threshold = 300 (default)
2019-09-26 10:41:49,257 [pool-127-thread-1] INFO  server.RaftServerConfigKeys (ConfUtils.java:logGet(43)) - raft.server.log.appender.install.snapshot.enabled = false (custom)
2019-09-26 10:41:49,257 [pool-127-thread-1] INFO  impl.RaftServerImpl (ServerState.java:<init>(103)) - 4bf39b58-3848-4acf-b320-fb978d248b73@group-7153742EAA3B: ConfigurationManager, init=-1: [4bf39b58-3848-4acf-b320-fb978d248b73:192.168.30.13:35754], old=null, confs=<EMPTY_MAP>
2019-09-26 10:41:49,257 [pool-127-thread-1] INFO  server.RaftServerConfigKeys (ConfUtils.java:logGet(43)) - raft.server.storage.dir = [/workdir/hadoop-ozone/integration-test/target/test-dir/MiniOzoneClusterImpl-599c001a-03b4-4289-becf-fa48adbd6871/datanode-0/data/ratis] (custom)
2019-09-26 10:41:49,257 [pool-127-thread-1] INFO  storage.RaftStorageDirectory (RaftStorageDirectory.java:analyzeStorage(246)) - The storage directory /workdir/hadoop-ozone/integration-test/target/test-dir/MiniOzoneClusterImpl-599c001a-03b4-4289-becf-fa48adbd6871/datanode-0/data/ratis/eb4b3807-39ea-4811-9212-7153742eaa3b does not exist. Creating ...
2019-09-26 10:41:49,270 [pool-127-thread-1] INFO  storage.RaftStorageDirectory (RaftStorageDirectory.java:tryLock(328)) - Lock on /workdir/hadoop-ozone/integration-test/target/test-dir/MiniOzoneClusterImpl-599c001a-03b4-4289-becf-fa48adbd6871/datanode-0/data/ratis/eb4b3807-39ea-4811-9212-7153742eaa3b/in_use.lock acquired by nodename 10232@pr-hdds-1569-wvzgm-824869521
2019-09-26 10:41:49,283 [pool-127-thread-1] INFO  storage.RaftStorage (RaftStorage.java:format(72)) - Storage directory /workdir/hadoop-ozone/integration-test/target/test-dir/MiniOzoneClusterImpl-599c001a-03b4-4289-becf-fa48adbd6871/datanode-0/data/ratis/eb4b3807-39ea-4811-9212-7153742eaa3b has been successfully formatted.
2019-09-26 10:41:49,284 [pool-127-thread-1] INFO  ratis.ContainerStateMachine (ContainerStateMachine.java:loadSnapshot(230)) - group-7153742EAA3B: The snapshot info is null. Setting the last applied indexto:(t:0, i:~)
2019-09-26 10:41:49,284 [pool-127-thread-1] INFO  server.RaftServerConfigKeys (ConfUtils.java:logGet(43)) - raft.server.notification.no-leader.timeout = 120s (custom)
2019-09-26 10:41:49,284 [pool-127-thread-1] INFO  server.RaftServerConfigKeys (ConfUtils.java:logGet(43)) - raft.server.log.use.memory = false (default)
2019-09-26 10:41:49,284 [pool-127-thread-1] INFO  server.RaftServerConfigKeys (ConfUtils.java:logGet(43)) - raft.server.log.purge.gap = 1000000 (custom)
2019-09-26 10:41:49,284 [pool-127-thread-1] INFO  server.RaftServerConfigKeys (ConfUtils.java:logGet(43)) - raft.server.log.appender.buffer.byte-limit = 33554432 (custom)
2019-09-26 10:41:49,284 [pool-127-thread-1] INFO  server.RaftServerConfigKeys (ConfUtils.java:logGet(43)) - raft.server.log.segment.size.max = 1048576 (custom)
2019-09-26 10:41:49,285 [pool-127-thread-1] INFO  server.RaftServerConfigKeys (ConfUtils.java:logGet(43)) - raft.server.log.segment.cache.num.max = 2 (custom)
2019-09-26 10:41:49,285 [pool-127-thread-1] INFO  segmented.SegmentedRaftLogWorker (SegmentedRaftLogWorker.java:<init>(172)) - new 4bf39b58-3848-4acf-b320-fb978d248b73@group-7153742EAA3B-SegmentedRaftLogWorker for RaftStorage:Storage Directory /workdir/hadoop-ozone/integration-test/target/test-dir/MiniOzoneClusterImpl-599c001a-03b4-4289-becf-fa48adbd6871/datanode-0/data/ratis/eb4b3807-39ea-4811-9212-7153742eaa3b
2019-09-26 10:41:49,285 [pool-127-thread-1] INFO  server.RaftServerConfigKeys (ConfUtils.java:logGet(43)) - raft.server.log.queue.byte-limit = 2147483647 (custom)
2019-09-26 10:41:49,285 [pool-127-thread-1] INFO  server.RaftServerConfigKeys (ConfUtils.java:logGet(43)) - raft.server.log.queue.element-limit = 1024 (custom)
2019-09-26 10:41:49,285 [pool-127-thread-1] INFO  server.RaftServerConfigKeys (ConfUtils.java:logGet(43)) - raft.server.log.segment.size.max = 1048576 (custom)
2019-09-26 10:41:49,285 [pool-127-thread-1] INFO  server.RaftServerConfigKeys (ConfUtils.java:logGet(43)) - raft.server.log.preallocated.size = 16384 (custom)
2019-09-26 10:41:49,286 [pool-127-thread-1] INFO  server.RaftServerConfigKeys (ConfUtils.java:logGet(43)) - raft.server.log.write.buffer.size = 33554432 (custom)
2019-09-26 10:41:49,286 [pool-127-thread-1] INFO  server.RaftServerConfigKeys (ConfUtils.java:logGet(43)) - raft.server.log.force.sync.num = 128 (default)
2019-09-26 10:41:49,286 [pool-127-thread-1] INFO  server.RaftServerConfigKeys (ConfUtils.java:logGet(43)) - raft.server.log.statemachine.data.sync = true (default)
2019-09-26 10:41:49,286 [pool-127-thread-1] INFO  server.RaftServerConfigKeys (ConfUtils.java:logGet(43)) - raft.server.log.statemachine.data.sync.timeout = 10s (default)
2019-09-26 10:41:49,286 [pool-127-thread-1] INFO  server.RaftServerConfigKeys (ConfUtils.java:logGet(43)) - raft.server.log.statemachine.data.sync.timeout.retry = -1 (default)
2019-09-26 10:41:49,286 [pool-127-thread-1] INFO  server.RaftServerConfigKeys (ConfUtils.java:logGet(43)) - raft.server.log.statemachine.data.caching.enabled = true (custom)
2019-09-26 10:41:49,287 [pool-127-thread-1] INFO  segmented.SegmentedRaftLogWorker (SegmentedRaftLogWorker.java:lambda$new$0(132)) - 4bf39b58-3848-4acf-b320-fb978d248b73@group-7153742EAA3B-SegmentedRaftLogWorker: flushIndex: setUnconditionally 0 -> -1
2019-09-26 10:41:49,287 [pool-127-thread-1] INFO  server.RaftServerConfigKeys (ConfUtils.java:logGet(43)) - raft.server.snapshot.auto.trigger.enabled = true (custom)
2019-09-26 10:41:49,287 [pool-127-thread-1] INFO  server.RaftServerConfigKeys (ConfUtils.java:logGet(43)) - raft.server.snapshot.auto.trigger.threshold = 10000 (custom)
2019-09-26 10:41:49,287 [pool-127-thread-1] INFO  server.RaftServerConfigKeys (ConfUtils.java:logGet(43)) - raft.server.snapshot.retention.num.files = 5 (custom)
2019-09-26 10:41:49,288 [pool-127-thread-1] INFO  server.RaftServerConfigKeys (ConfUtils.java:logGet(43)) - raft.server.retrycache.expirytime = 600000ms (custom)
2019-09-26 10:41:49,290 [pool-127-thread-1] INFO  impl.RaftServerImpl (RaftServerImpl.java:start(185)) - 4bf39b58-3848-4acf-b320-fb978d248b73@group-7153742EAA3B: start as a follower, conf=-1: [4bf39b58-3848-4acf-b320-fb978d248b73:192.168.30.13:35754], old=null
2019-09-26 10:41:49,290 [pool-127-thread-1] INFO  impl.RaftServerImpl (RaftServerImpl.java:setRole(174)) - 4bf39b58-3848-4acf-b320-fb978d248b73@group-7153742EAA3B: changes role from      null to FOLLOWER at term 0 for startAsFollower
2019-09-26 10:41:49,290 [pool-127-thread-1] INFO  impl.RoleInfo (RoleInfo.java:updateAndGet(143)) - 4bf39b58-3848-4acf-b320-fb978d248b73: start FollowerState
2019-09-26 10:41:49,291 [pool-127-thread-1] INFO  util.JmxRegister (JmxRegister.java:tryRegister(44)) - Successfully registered JMX Bean with object name Ratis:service=RaftServer,group=group-7153742EAA3B,id=4bf39b58-3848-4acf-b320-fb978d248b73
2019-09-26 10:41:49,296 [RatisPipelineUtilsThread] INFO  pipeline.PipelineStateManager (PipelineStateManager.java:addPipeline(56)) - Created pipeline Pipeline[ Id: eb4b3807-39ea-4811-9212-7153742eaa3b, Nodes: 4bf39b58-3848-4acf-b320-fb978d248b73{ip: 192.168.30.13, host: pr-hdds-1569-wvzgm-824869521, networkLocation: /default-rack, certSerialId: null}, Type:RATIS, Factor:ONE, State:OPEN]
2019-09-26 10:41:49,316 [grpc-default-executor-0] INFO  impl.RaftServerProxy (RaftServerProxy.java:addNew(89)) - 4bf39b58-3848-4acf-b320-fb978d248b73: addNew group-D123FC704F56:[4bf39b58-3848-4acf-b320-fb978d248b73:192.168.30.13:35754] returns group-D123FC704F56:java.util.concurrent.CompletableFuture@75e24e17[Not completed]
2019-09-26 10:41:49,317 [pool-127-thread-1] INFO  impl.RaftServerImpl (RaftServerImpl.java:<init>(95)) - 4bf39b58-3848-4acf-b320-fb978d248b73: new RaftServerImpl for group-D123FC704F56:[4bf39b58-3848-4acf-b320-fb978d248b73:192.168.30.13:35754] with ContainerStateMachine:uninitialized
2019-09-26 10:41:49,318 [pool-127-thread-1] INFO  server.RaftServerConfigKeys (ConfUtils.java:logGet(43)) - raft.server.rpc.timeout.min = 5s (custom)
2019-09-26 10:41:49,318 [pool-127-thread-1] INFO  server.RaftServerConfigKeys (ConfUtils.java:logGet(43)) - raft.server.rpc.timeout.max = 5200ms (custom)
2019-09-26 10:41:49,318 [pool-127-thread-1] INFO  server.RaftServerConfigKeys (ConfUtils.java:logGet(43)) - raft.server.rpcslowness.timeout = 120s (custom)
2019-09-26 10:41:49,318 [pool-127-thread-1] INFO  server.RaftServerConfigKeys (ConfUtils.java:logGet(43)) - raft.server.sleep.deviation.threshold = 300 (default)
2019-09-26 10:41:49,318 [pool-127-thread-1] INFO  server.RaftServerConfigKeys (ConfUtils.java:logGet(43)) - raft.server.log.appender.install.snapshot.enabled = false (custom)
2019-09-26 10:41:49,318 [pool-127-thread-1] INFO  impl.RaftServerImpl (ServerState.java:<init>(103)) - 4bf39b58-3848-4acf-b320-fb978d248b73@group-D123FC704F56: ConfigurationManager, init=-1: [4bf39b58-3848-4acf-b320-fb978d248b73:192.168.30.13:35754], old=null, confs=<EMPTY_MAP>
2019-09-26 10:41:49,318 [pool-127-thread-1] INFO  server.RaftServerConfigKeys (ConfUtils.java:logGet(43)) - raft.server.storage.dir = [/workdir/hadoop-ozone/integration-test/target/test-dir/MiniOzoneClusterImpl-599c001a-03b4-4289-becf-fa48adbd6871/datanode-0/data/ratis] (custom)
2019-09-26 10:41:49,319 [pool-127-thread-1] INFO  storage.RaftStorageDirectory (RaftStorageDirectory.java:analyzeStorage(246)) - The storage directory /workdir/hadoop-ozone/integration-test/target/test-dir/MiniOzoneClusterImpl-599c001a-03b4-4289-becf-fa48adbd6871/datanode-0/data/ratis/504cdfc0-62cd-4bd2-9442-d123fc704f56 does not exist. Creating ...
2019-09-26 10:41:49,331 [pool-127-thread-1] INFO  storage.RaftStorageDirectory (RaftStorageDirectory.java:tryLock(328)) - Lock on /workdir/hadoop-ozone/integration-test/target/test-dir/MiniOzoneClusterImpl-599c001a-03b4-4289-becf-fa48adbd6871/datanode-0/data/ratis/504cdfc0-62cd-4bd2-9442-d123fc704f56/in_use.lock acquired by nodename 10232@pr-hdds-1569-wvzgm-824869521
2019-09-26 10:41:49,344 [pool-127-thread-1] INFO  storage.RaftStorage (RaftStorage.java:format(72)) - Storage directory /workdir/hadoop-ozone/integration-test/target/test-dir/MiniOzoneClusterImpl-599c001a-03b4-4289-becf-fa48adbd6871/datanode-0/data/ratis/504cdfc0-62cd-4bd2-9442-d123fc704f56 has been successfully formatted.
2019-09-26 10:41:49,344 [pool-127-thread-1] INFO  ratis.ContainerStateMachine (ContainerStateMachine.java:loadSnapshot(230)) - group-D123FC704F56: The snapshot info is null. Setting the last applied indexto:(t:0, i:~)
2019-09-26 10:41:49,344 [pool-127-thread-1] INFO  server.RaftServerConfigKeys (ConfUtils.java:logGet(43)) - raft.server.notification.no-leader.timeout = 120s (custom)
2019-09-26 10:41:49,345 [pool-127-thread-1] INFO  server.RaftServerConfigKeys (ConfUtils.java:logGet(43)) - raft.server.log.use.memory = false (default)
2019-09-26 10:41:49,345 [pool-127-thread-1] INFO  server.RaftServerConfigKeys (ConfUtils.java:logGet(43)) - raft.server.log.purge.gap = 1000000 (custom)
2019-09-26 10:41:49,345 [pool-127-thread-1] INFO  server.RaftServerConfigKeys (ConfUtils.java:logGet(43)) - raft.server.log.appender.buffer.byte-limit = 33554432 (custom)
2019-09-26 10:41:49,345 [pool-127-thread-1] INFO  server.RaftServerConfigKeys (ConfUtils.java:logGet(43)) - raft.server.log.segment.size.max = 1048576 (custom)
2019-09-26 10:41:49,345 [pool-127-thread-1] INFO  server.RaftServerConfigKeys (ConfUtils.java:logGet(43)) - raft.server.log.segment.cache.num.max = 2 (custom)
2019-09-26 10:41:49,345 [pool-127-thread-1] INFO  segmented.SegmentedRaftLogWorker (SegmentedRaftLogWorker.java:<init>(172)) - new 4bf39b58-3848-4acf-b320-fb978d248b73@group-D123FC704F56-SegmentedRaftLogWorker for RaftStorage:Storage Directory /workdir/hadoop-ozone/integration-test/target/test-dir/MiniOzoneClusterImpl-599c001a-03b4-4289-becf-fa48adbd6871/datanode-0/data/ratis/504cdfc0-62cd-4bd2-9442-d123fc704f56
2019-09-26 10:41:49,345 [pool-127-thread-1] INFO  server.RaftServerConfigKeys (ConfUtils.java:logGet(43)) - raft.server.log.queue.byte-limit = 2147483647 (custom)
2019-09-26 10:41:49,346 [pool-127-thread-1] INFO  server.RaftServerConfigKeys (ConfUtils.java:logGet(43)) - raft.server.log.queue.element-limit = 1024 (custom)
2019-09-26 10:41:49,346 [pool-127-thread-1] INFO  server.RaftServerConfigKeys (ConfUtils.java:logGet(43)) - raft.server.log.segment.size.max = 1048576 (custom)
2019-09-26 10:41:49,346 [pool-127-thread-1] INFO  server.RaftServerConfigKeys (ConfUtils.java:logGet(43)) - raft.server.log.preallocated.size = 16384 (custom)
2019-09-26 10:41:49,346 [pool-127-thread-1] INFO  server.RaftServerConfigKeys (ConfUtils.java:logGet(43)) - raft.server.log.write.buffer.size = 33554432 (custom)
2019-09-26 10:41:49,346 [pool-127-thread-1] INFO  server.RaftServerConfigKeys (ConfUtils.java:logGet(43)) - raft.server.log.force.sync.num = 128 (default)
2019-09-26 10:41:49,346 [pool-127-thread-1] INFO  server.RaftServerConfigKeys (ConfUtils.java:logGet(43)) - raft.server.log.statemachine.data.sync = true (default)
2019-09-26 10:41:49,347 [pool-127-thread-1] INFO  server.RaftServerConfigKeys (ConfUtils.java:logGet(43)) - raft.server.log.statemachine.data.sync.timeout = 10s (default)
2019-09-26 10:41:49,347 [pool-127-thread-1] INFO  server.RaftServerConfigKeys (ConfUtils.java:logGet(43)) - raft.server.log.statemachine.data.sync.timeout.retry = -1 (default)
2019-09-26 10:41:49,347 [pool-127-thread-1] INFO  server.RaftServerConfigKeys (ConfUtils.java:logGet(43)) - raft.server.log.statemachine.data.caching.enabled = true (custom)
2019-09-26 10:41:49,347 [pool-127-thread-1] INFO  segmented.SegmentedRaftLogWorker (SegmentedRaftLogWorker.java:lambda$new$0(132)) - 4bf39b58-3848-4acf-b320-fb978d248b73@group-D123FC704F56-SegmentedRaftLogWorker: flushIndex: setUnconditionally 0 -> -1
2019-09-26 10:41:49,348 [pool-127-thread-1] INFO  server.RaftServerConfigKeys (ConfUtils.java:logGet(43)) - raft.server.snapshot.auto.trigger.enabled = true (custom)
2019-09-26 10:41:49,348 [pool-127-thread-1] INFO  server.RaftServerConfigKeys (ConfUtils.java:logGet(43)) - raft.server.snapshot.auto.trigger.threshold = 10000 (custom)
2019-09-26 10:41:49,348 [pool-127-thread-1] INFO  server.RaftServerConfigKeys (ConfUtils.java:logGet(43)) - raft.server.snapshot.retention.num.files = 5 (custom)
2019-09-26 10:41:49,348 [pool-127-thread-1] INFO  server.RaftServerConfigKeys (ConfUtils.java:logGet(43)) - raft.server.retrycache.expirytime = 600000ms (custom)
2019-09-26 10:41:49,350 [pool-127-thread-1] INFO  impl.RaftServerImpl (RaftServerImpl.java:start(185)) - 4bf39b58-3848-4acf-b320-fb978d248b73@group-D123FC704F56: start as a follower, conf=-1: [4bf39b58-3848-4acf-b320-fb978d248b73:192.168.30.13:35754], old=null
2019-09-26 10:41:49,351 [pool-127-thread-1] INFO  impl.RaftServerImpl (RaftServerImpl.java:setRole(174)) - 4bf39b58-3848-4acf-b320-fb978d248b73@group-D123FC704F56: changes role from      null to FOLLOWER at term 0 for startAsFollower
2019-09-26 10:41:49,351 [pool-127-thread-1] INFO  impl.RoleInfo (RoleInfo.java:updateAndGet(143)) - 4bf39b58-3848-4acf-b320-fb978d248b73: start FollowerState
2019-09-26 10:41:49,356 [pool-127-thread-1] INFO  util.JmxRegister (JmxRegister.java:tryRegister(44)) - Successfully registered JMX Bean with object name Ratis:service=RaftServer,group=group-D123FC704F56,id=4bf39b58-3848-4acf-b320-fb978d248b73
2019-09-26 10:41:49,369 [RatisPipelineUtilsThread] INFO  pipeline.PipelineStateManager (PipelineStateManager.java:addPipeline(56)) - Created pipeline Pipeline[ Id: 504cdfc0-62cd-4bd2-9442-d123fc704f56, Nodes: 4bf39b58-3848-4acf-b320-fb978d248b73{ip: 192.168.30.13, host: pr-hdds-1569-wvzgm-824869521, networkLocation: /default-rack, certSerialId: null}, Type:RATIS, Factor:ONE, State:OPEN]
2019-09-26 10:41:49,376 [grpc-default-executor-0] INFO  impl.RaftServerProxy (RaftServerProxy.java:addNew(89)) - 4bf39b58-3848-4acf-b320-fb978d248b73: addNew group-2B1875899156:[4bf39b58-3848-4acf-b320-fb978d248b73:192.168.30.13:35754] returns group-2B1875899156:java.util.concurrent.CompletableFuture@7fcd1532[Not completed]
2019-09-26 10:41:49,377 [pool-127-thread-1] INFO  impl.RaftServerImpl (RaftServerImpl.java:<init>(95)) - 4bf39b58-3848-4acf-b320-fb978d248b73: new RaftServerImpl for group-2B1875899156:[4bf39b58-3848-4acf-b320-fb978d248b73:192.168.30.13:35754] with ContainerStateMachine:uninitialized
2019-09-26 10:41:49,377 [pool-127-thread-1] INFO  server.RaftServerConfigKeys (ConfUtils.java:logGet(43)) - raft.server.rpc.timeout.min = 5s (custom)
2019-09-26 10:41:49,377 [pool-127-thread-1] INFO  server.RaftServerConfigKeys (ConfUtils.java:logGet(43)) - raft.server.rpc.timeout.max = 5200ms (custom)
2019-09-26 10:41:49,377 [pool-127-thread-1] INFO  server.RaftServerConfigKeys (ConfUtils.java:logGet(43)) - raft.server.rpcslowness.timeout = 120s (custom)
2019-09-26 10:41:49,377 [pool-127-thread-1] INFO  server.RaftServerConfigKeys (ConfUtils.java:logGet(43)) - raft.server.sleep.deviation.threshold = 300 (default)
2019-09-26 10:41:49,377 [pool-127-thread-1] INFO  server.RaftServerConfigKeys (ConfUtils.java:logGet(43)) - raft.server.log.appender.install.snapshot.enabled = false (custom)
2019-09-26 10:41:49,377 [pool-127-thread-1] INFO  impl.RaftServerImpl (ServerState.java:<init>(103)) - 4bf39b58-3848-4acf-b320-fb978d248b73@group-2B1875899156: ConfigurationManager, init=-1: [4bf39b58-3848-4acf-b320-fb978d248b73:192.168.30.13:35754], old=null, confs=<EMPTY_MAP>
2019-09-26 10:41:49,378 [pool-127-thread-1] INFO  server.RaftServerConfigKeys (ConfUtils.java:logGet(43)) - raft.server.storage.dir = [/workdir/hadoop-ozone/integration-test/target/test-dir/MiniOzoneClusterImpl-599c001a-03b4-4289-becf-fa48adbd6871/datanode-0/data/ratis] (custom)
2019-09-26 10:41:49,378 [pool-127-thread-1] INFO  storage.RaftStorageDirectory (RaftStorageDirectory.java:analyzeStorage(246)) - The storage directory /workdir/hadoop-ozone/integration-test/target/test-dir/MiniOzoneClusterImpl-599c001a-03b4-4289-becf-fa48adbd6871/datanode-0/data/ratis/9f478510-61e6-42a0-b55b-2b1875899156 does not exist. Creating ...
2019-09-26 10:41:49,391 [pool-127-thread-1] INFO  storage.RaftStorageDirectory (RaftStorageDirectory.java:tryLock(328)) - Lock on /workdir/hadoop-ozone/integration-test/target/test-dir/MiniOzoneClusterImpl-599c001a-03b4-4289-becf-fa48adbd6871/datanode-0/data/ratis/9f478510-61e6-42a0-b55b-2b1875899156/in_use.lock acquired by nodename 10232@pr-hdds-1569-wvzgm-824869521
2019-09-26 10:41:49,412 [pool-127-thread-1] INFO  storage.RaftStorage (RaftStorage.java:format(72)) - Storage directory /workdir/hadoop-ozone/integration-test/target/test-dir/MiniOzoneClusterImpl-599c001a-03b4-4289-becf-fa48adbd6871/datanode-0/data/ratis/9f478510-61e6-42a0-b55b-2b1875899156 has been successfully formatted.
2019-09-26 10:41:49,412 [pool-127-thread-1] INFO  ratis.ContainerStateMachine (ContainerStateMachine.java:loadSnapshot(230)) - group-2B1875899156: The snapshot info is null. Setting the last applied indexto:(t:0, i:~)
2019-09-26 10:41:49,412 [pool-127-thread-1] INFO  server.RaftServerConfigKeys (ConfUtils.java:logGet(43)) - raft.server.notification.no-leader.timeout = 120s (custom)
2019-09-26 10:41:49,412 [pool-127-thread-1] INFO  server.RaftServerConfigKeys (ConfUtils.java:logGet(43)) - raft.server.log.use.memory = false (default)
2019-09-26 10:41:49,412 [pool-127-thread-1] INFO  server.RaftServerConfigKeys (ConfUtils.java:logGet(43)) - raft.server.log.purge.gap = 1000000 (custom)
2019-09-26 10:41:49,413 [pool-127-thread-1] INFO  server.RaftServerConfigKeys (ConfUtils.java:logGet(43)) - raft.server.log.appender.buffer.byte-limit = 33554432 (custom)
2019-09-26 10:41:49,413 [pool-127-thread-1] INFO  server.RaftServerConfigKeys (ConfUtils.java:logGet(43)) - raft.server.log.segment.size.max = 1048576 (custom)
2019-09-26 10:41:49,413 [pool-127-thread-1] INFO  server.RaftServerConfigKeys (ConfUtils.java:logGet(43)) - raft.server.log.segment.cache.num.max = 2 (custom)
2019-09-26 10:41:49,413 [pool-127-thread-1] INFO  segmented.SegmentedRaftLogWorker (SegmentedRaftLogWorker.java:<init>(172)) - new 4bf39b58-3848-4acf-b320-fb978d248b73@group-2B1875899156-SegmentedRaftLogWorker for RaftStorage:Storage Directory /workdir/hadoop-ozone/integration-test/target/test-dir/MiniOzoneClusterImpl-599c001a-03b4-4289-becf-fa48adbd6871/datanode-0/data/ratis/9f478510-61e6-42a0-b55b-2b1875899156
2019-09-26 10:41:49,413 [pool-127-thread-1] INFO  server.RaftServerConfigKeys (ConfUtils.java:logGet(43)) - raft.server.log.queue.byte-limit = 2147483647 (custom)
2019-09-26 10:41:49,413 [pool-127-thread-1] INFO  server.RaftServerConfigKeys (ConfUtils.java:logGet(43)) - raft.server.log.queue.element-limit = 1024 (custom)
2019-09-26 10:41:49,414 [pool-127-thread-1] INFO  server.RaftServerConfigKeys (ConfUtils.java:logGet(43)) - raft.server.log.segment.size.max = 1048576 (custom)
2019-09-26 10:41:49,414 [pool-127-thread-1] INFO  server.RaftServerConfigKeys (ConfUtils.java:logGet(43)) - raft.server.log.preallocated.size = 16384 (custom)
2019-09-26 10:41:49,414 [pool-127-thread-1] INFO  server.RaftServerConfigKeys (ConfUtils.java:logGet(43)) - raft.server.log.write.buffer.size = 33554432 (custom)
2019-09-26 10:41:49,414 [pool-127-thread-1] INFO  server.RaftServerConfigKeys (ConfUtils.java:logGet(43)) - raft.server.log.force.sync.num = 128 (default)
2019-09-26 10:41:49,414 [pool-127-thread-1] INFO  server.RaftServerConfigKeys (ConfUtils.java:logGet(43)) - raft.server.log.statemachine.data.sync = true (default)
2019-09-26 10:41:49,414 [pool-127-thread-1] INFO  server.RaftServerConfigKeys (ConfUtils.java:logGet(43)) - raft.server.log.statemachine.data.sync.timeout = 10s (default)
2019-09-26 10:41:49,414 [pool-127-thread-1] INFO  server.RaftServerConfigKeys (ConfUtils.java:logGet(43)) - raft.server.log.statemachine.data.sync.timeout.retry = -1 (default)
2019-09-26 10:41:49,415 [pool-127-thread-1] INFO  server.RaftServerConfigKeys (ConfUtils.java:logGet(43)) - raft.server.log.statemachine.data.caching.enabled = true (custom)
2019-09-26 10:41:49,415 [pool-127-thread-1] INFO  segmented.SegmentedRaftLogWorker (SegmentedRaftLogWorker.java:lambda$new$0(132)) - 4bf39b58-3848-4acf-b320-fb978d248b73@group-2B1875899156-SegmentedRaftLogWorker: flushIndex: setUnconditionally 0 -> -1
2019-09-26 10:41:49,415 [pool-127-thread-1] INFO  server.RaftServerConfigKeys (ConfUtils.java:logGet(43)) - raft.server.snapshot.auto.trigger.enabled = true (custom)
2019-09-26 10:41:49,415 [pool-127-thread-1] INFO  server.RaftServerConfigKeys (ConfUtils.java:logGet(43)) - raft.server.snapshot.auto.trigger.threshold = 10000 (custom)
2019-09-26 10:41:49,416 [pool-127-thread-1] INFO  server.RaftServerConfigKeys (ConfUtils.java:logGet(43)) - raft.server.snapshot.retention.num.files = 5 (custom)
2019-09-26 10:41:49,416 [pool-127-thread-1] INFO  server.RaftServerConfigKeys (ConfUtils.java:logGet(43)) - raft.server.retrycache.expirytime = 600000ms (custom)
2019-09-26 10:41:49,418 [pool-127-thread-1] INFO  impl.RaftServerImpl (RaftServerImpl.java:start(185)) - 4bf39b58-3848-4acf-b320-fb978d248b73@group-2B1875899156: start as a follower, conf=-1: [4bf39b58-3848-4acf-b320-fb978d248b73:192.168.30.13:35754], old=null
2019-09-26 10:41:49,418 [pool-127-thread-1] INFO  impl.RaftServerImpl (RaftServerImpl.java:setRole(174)) - 4bf39b58-3848-4acf-b320-fb978d248b73@group-2B1875899156: changes role from      null to FOLLOWER at term 0 for startAsFollower
2019-09-26 10:41:49,418 [pool-127-thread-1] INFO  impl.RoleInfo (RoleInfo.java:updateAndGet(143)) - 4bf39b58-3848-4acf-b320-fb978d248b73: start FollowerState
2019-09-26 10:41:49,419 [pool-127-thread-1] INFO  util.JmxRegister (JmxRegister.java:tryRegister(44)) - Successfully registered JMX Bean with object name Ratis:service=RaftServer,group=group-2B1875899156,id=4bf39b58-3848-4acf-b320-fb978d248b73
2019-09-26 10:41:49,422 [RatisPipelineUtilsThread] INFO  pipeline.PipelineStateManager (PipelineStateManager.java:addPipeline(56)) - Created pipeline Pipeline[ Id: 9f478510-61e6-42a0-b55b-2b1875899156, Nodes: 4bf39b58-3848-4acf-b320-fb978d248b73{ip: 192.168.30.13, host: pr-hdds-1569-wvzgm-824869521, networkLocation: /default-rack, certSerialId: null}, Type:RATIS, Factor:ONE, State:OPEN]
2019-09-26 10:41:49,428 [grpc-default-executor-0] INFO  impl.RaftServerProxy (RaftServerProxy.java:addNew(89)) - 4bf39b58-3848-4acf-b320-fb978d248b73: addNew group-C51AD1A0D625:[4bf39b58-3848-4acf-b320-fb978d248b73:192.168.30.13:35754] returns group-C51AD1A0D625:java.util.concurrent.CompletableFuture@cbee51f[Not completed]
2019-09-26 10:41:49,429 [pool-127-thread-1] INFO  impl.RaftServerImpl (RaftServerImpl.java:<init>(95)) - 4bf39b58-3848-4acf-b320-fb978d248b73: new RaftServerImpl for group-C51AD1A0D625:[4bf39b58-3848-4acf-b320-fb978d248b73:192.168.30.13:35754] with ContainerStateMachine:uninitialized
2019-09-26 10:41:49,429 [pool-127-thread-1] INFO  server.RaftServerConfigKeys (ConfUtils.java:logGet(43)) - raft.server.rpc.timeout.min = 5s (custom)
2019-09-26 10:41:49,429 [pool-127-thread-1] INFO  server.RaftServerConfigKeys (ConfUtils.java:logGet(43)) - raft.server.rpc.timeout.max = 5200ms (custom)
2019-09-26 10:41:49,429 [pool-127-thread-1] INFO  server.RaftServerConfigKeys (ConfUtils.java:logGet(43)) - raft.server.rpcslowness.timeout = 120s (custom)
2019-09-26 10:41:49,429 [pool-127-thread-1] INFO  server.RaftServerConfigKeys (ConfUtils.java:logGet(43)) - raft.server.sleep.deviation.threshold = 300 (default)
2019-09-26 10:41:49,430 [pool-127-thread-1] INFO  server.RaftServerConfigKeys (ConfUtils.java:logGet(43)) - raft.server.log.appender.install.snapshot.enabled = false (custom)
2019-09-26 10:41:49,430 [pool-127-thread-1] INFO  impl.RaftServerImpl (ServerState.java:<init>(103)) - 4bf39b58-3848-4acf-b320-fb978d248b73@group-C51AD1A0D625: ConfigurationManager, init=-1: [4bf39b58-3848-4acf-b320-fb978d248b73:192.168.30.13:35754], old=null, confs=<EMPTY_MAP>
2019-09-26 10:41:49,430 [pool-127-thread-1] INFO  server.RaftServerConfigKeys (ConfUtils.java:logGet(43)) - raft.server.storage.dir = [/workdir/hadoop-ozone/integration-test/target/test-dir/MiniOzoneClusterImpl-599c001a-03b4-4289-becf-fa48adbd6871/datanode-0/data/ratis] (custom)
2019-09-26 10:41:49,430 [pool-127-thread-1] INFO  storage.RaftStorageDirectory (RaftStorageDirectory.java:analyzeStorage(246)) - The storage directory /workdir/hadoop-ozone/integration-test/target/test-dir/MiniOzoneClusterImpl-599c001a-03b4-4289-becf-fa48adbd6871/datanode-0/data/ratis/56ec352a-7499-4460-b8d4-c51ad1a0d625 does not exist. Creating ...
2019-09-26 10:41:49,443 [pool-127-thread-1] INFO  storage.RaftStorageDirectory (RaftStorageDirectory.java:tryLock(328)) - Lock on /workdir/hadoop-ozone/integration-test/target/test-dir/MiniOzoneClusterImpl-599c001a-03b4-4289-becf-fa48adbd6871/datanode-0/data/ratis/56ec352a-7499-4460-b8d4-c51ad1a0d625/in_use.lock acquired by nodename 10232@pr-hdds-1569-wvzgm-824869521
2019-09-26 10:41:49,457 [pool-127-thread-1] INFO  storage.RaftStorage (RaftStorage.java:format(72)) - Storage directory /workdir/hadoop-ozone/integration-test/target/test-dir/MiniOzoneClusterImpl-599c001a-03b4-4289-becf-fa48adbd6871/datanode-0/data/ratis/56ec352a-7499-4460-b8d4-c51ad1a0d625 has been successfully formatted.
2019-09-26 10:41:49,457 [pool-127-thread-1] INFO  ratis.ContainerStateMachine (ContainerStateMachine.java:loadSnapshot(230)) - group-C51AD1A0D625: The snapshot info is null. Setting the last applied indexto:(t:0, i:~)
2019-09-26 10:41:49,457 [pool-127-thread-1] INFO  server.RaftServerConfigKeys (ConfUtils.java:logGet(43)) - raft.server.notification.no-leader.timeout = 120s (custom)
2019-09-26 10:41:49,457 [pool-127-thread-1] INFO  server.RaftServerConfigKeys (ConfUtils.java:logGet(43)) - raft.server.log.use.memory = false (default)
2019-09-26 10:41:49,457 [pool-127-thread-1] INFO  server.RaftServerConfigKeys (ConfUtils.java:logGet(43)) - raft.server.log.purge.gap = 1000000 (custom)
2019-09-26 10:41:49,457 [pool-127-thread-1] INFO  server.RaftServerConfigKeys (ConfUtils.java:logGet(43)) - raft.server.log.appender.buffer.byte-limit = 33554432 (custom)
2019-09-26 10:41:49,458 [pool-127-thread-1] INFO  server.RaftServerConfigKeys (ConfUtils.java:logGet(43)) - raft.server.log.segment.size.max = 1048576 (custom)
2019-09-26 10:41:49,458 [pool-127-thread-1] INFO  server.RaftServerConfigKeys (ConfUtils.java:logGet(43)) - raft.server.log.segment.cache.num.max = 2 (custom)
2019-09-26 10:41:49,458 [pool-127-thread-1] INFO  segmented.SegmentedRaftLogWorker (SegmentedRaftLogWorker.java:<init>(172)) - new 4bf39b58-3848-4acf-b320-fb978d248b73@group-C51AD1A0D625-SegmentedRaftLogWorker for RaftStorage:Storage Directory /workdir/hadoop-ozone/integration-test/target/test-dir/MiniOzoneClusterImpl-599c001a-03b4-4289-becf-fa48adbd6871/datanode-0/data/ratis/56ec352a-7499-4460-b8d4-c51ad1a0d625
2019-09-26 10:41:49,458 [pool-127-thread-1] INFO  server.RaftServerConfigKeys (ConfUtils.java:logGet(43)) - raft.server.log.queue.byte-limit = 2147483647 (custom)
2019-09-26 10:41:49,458 [pool-127-thread-1] INFO  server.RaftServerConfigKeys (ConfUtils.java:logGet(43)) - raft.server.log.queue.element-limit = 1024 (custom)
2019-09-26 10:41:49,458 [pool-127-thread-1] INFO  server.RaftServerConfigKeys (ConfUtils.java:logGet(43)) - raft.server.log.segment.size.max = 1048576 (custom)
2019-09-26 10:41:49,459 [pool-127-thread-1] INFO  server.RaftServerConfigKeys (ConfUtils.java:logGet(43)) - raft.server.log.preallocated.size = 16384 (custom)
2019-09-26 10:41:49,459 [pool-127-thread-1] INFO  server.RaftServerConfigKeys (ConfUtils.java:logGet(43)) - raft.server.log.write.buffer.size = 33554432 (custom)
2019-09-26 10:41:49,459 [pool-127-thread-1] INFO  server.RaftServerConfigKeys (ConfUtils.java:logGet(43)) - raft.server.log.force.sync.num = 128 (default)
2019-09-26 10:41:49,459 [pool-127-thread-1] INFO  server.RaftServerConfigKeys (ConfUtils.java:logGet(43)) - raft.server.log.statemachine.data.sync = true (default)
2019-09-26 10:41:49,459 [pool-127-thread-1] INFO  server.RaftServerConfigKeys (ConfUtils.java:logGet(43)) - raft.server.log.statemachine.data.sync.timeout = 10s (default)
2019-09-26 10:41:49,459 [pool-127-thread-1] INFO  server.RaftServerConfigKeys (ConfUtils.java:logGet(43)) - raft.server.log.statemachine.data.sync.timeout.retry = -1 (default)
2019-09-26 10:41:49,459 [pool-127-thread-1] INFO  server.RaftServerConfigKeys (ConfUtils.java:logGet(43)) - raft.server.log.statemachine.data.caching.enabled = true (custom)
2019-09-26 10:41:49,460 [pool-127-thread-1] INFO  segmented.SegmentedRaftLogWorker (SegmentedRaftLogWorker.java:lambda$new$0(132)) - 4bf39b58-3848-4acf-b320-fb978d248b73@group-C51AD1A0D625-SegmentedRaftLogWorker: flushIndex: setUnconditionally 0 -> -1
2019-09-26 10:41:49,460 [pool-127-thread-1] INFO  server.RaftServerConfigKeys (ConfUtils.java:logGet(43)) - raft.server.snapshot.auto.trigger.enabled = true (custom)
2019-09-26 10:41:49,460 [pool-127-thread-1] INFO  server.RaftServerConfigKeys (ConfUtils.java:logGet(43)) - raft.server.snapshot.auto.trigger.threshold = 10000 (custom)
2019-09-26 10:41:49,460 [pool-127-thread-1] INFO  server.RaftServerConfigKeys (ConfUtils.java:logGet(43)) - raft.server.snapshot.retention.num.files = 5 (custom)
2019-09-26 10:41:49,461 [pool-127-thread-1] INFO  server.RaftServerConfigKeys (ConfUtils.java:logGet(43)) - raft.server.retrycache.expirytime = 600000ms (custom)
2019-09-26 10:41:49,463 [pool-127-thread-1] INFO  impl.RaftServerImpl (RaftServerImpl.java:start(185)) - 4bf39b58-3848-4acf-b320-fb978d248b73@group-C51AD1A0D625: start as a follower, conf=-1: [4bf39b58-3848-4acf-b320-fb978d248b73:192.168.30.13:35754], old=null
2019-09-26 10:41:49,463 [pool-127-thread-1] INFO  impl.RaftServerImpl (RaftServerImpl.java:setRole(174)) - 4bf39b58-3848-4acf-b320-fb978d248b73@group-C51AD1A0D625: changes role from      null to FOLLOWER at term 0 for startAsFollower
2019-09-26 10:41:49,463 [pool-127-thread-1] INFO  impl.RoleInfo (RoleInfo.java:updateAndGet(143)) - 4bf39b58-3848-4acf-b320-fb978d248b73: start FollowerState
2019-09-26 10:41:49,464 [pool-127-thread-1] INFO  util.JmxRegister (JmxRegister.java:tryRegister(44)) - Successfully registered JMX Bean with object name Ratis:service=RaftServer,group=group-C51AD1A0D625,id=4bf39b58-3848-4acf-b320-fb978d248b73
2019-09-26 10:41:49,466 [RatisPipelineUtilsThread] INFO  pipeline.PipelineStateManager (PipelineStateManager.java:addPipeline(56)) - Created pipeline Pipeline[ Id: 56ec352a-7499-4460-b8d4-c51ad1a0d625, Nodes: 4bf39b58-3848-4acf-b320-fb978d248b73{ip: 192.168.30.13, host: pr-hdds-1569-wvzgm-824869521, networkLocation: /default-rack, certSerialId: null}, Type:RATIS, Factor:ONE, State:OPEN]
2019-09-26 10:41:49,467 [RatisPipelineUtilsThread] INFO  pipeline.PipelinePlacementPolicy (PipelinePlacementPolicy.java:meetCriteria(91)) - Pipeline Placement: can't place more pipeline on heavy datanode： 4bf39b58-3848-4acf-b320-fb978d248b73 Heaviness: 6 limit: 5
2019-09-26 10:41:49,476 [grpc-default-executor-0] INFO  impl.RaftServerProxy (RaftServerProxy.java:addNew(89)) - d15e0447-89ee-413a-8b64-4668700b9317: addNew group-68B2F4288576:[d15e0447-89ee-413a-8b64-4668700b9317:192.168.30.13:40975] returns group-68B2F4288576:java.util.concurrent.CompletableFuture@7c036d6a[Not completed]
2019-09-26 10:41:49,477 [pool-137-thread-1] INFO  impl.RaftServerImpl (RaftServerImpl.java:<init>(95)) - d15e0447-89ee-413a-8b64-4668700b9317: new RaftServerImpl for group-68B2F4288576:[d15e0447-89ee-413a-8b64-4668700b9317:192.168.30.13:40975] with ContainerStateMachine:uninitialized
2019-09-26 10:41:49,478 [pool-137-thread-1] INFO  server.RaftServerConfigKeys (ConfUtils.java:logGet(43)) - raft.server.rpc.timeout.min = 5s (custom)
2019-09-26 10:41:49,478 [pool-137-thread-1] INFO  server.RaftServerConfigKeys (ConfUtils.java:logGet(43)) - raft.server.rpc.timeout.max = 5200ms (custom)
2019-09-26 10:41:49,478 [pool-137-thread-1] INFO  server.RaftServerConfigKeys (ConfUtils.java:logGet(43)) - raft.server.rpcslowness.timeout = 120s (custom)
2019-09-26 10:41:49,478 [pool-137-thread-1] INFO  server.RaftServerConfigKeys (ConfUtils.java:logGet(43)) - raft.server.sleep.deviation.threshold = 300 (default)
2019-09-26 10:41:49,478 [pool-137-thread-1] INFO  server.RaftServerConfigKeys (ConfUtils.java:logGet(43)) - raft.server.log.appender.install.snapshot.enabled = false (custom)
2019-09-26 10:41:49,478 [pool-137-thread-1] INFO  impl.RaftServerImpl (ServerState.java:<init>(103)) - d15e0447-89ee-413a-8b64-4668700b9317@group-68B2F4288576: ConfigurationManager, init=-1: [d15e0447-89ee-413a-8b64-4668700b9317:192.168.30.13:40975], old=null, confs=<EMPTY_MAP>
2019-09-26 10:41:49,479 [pool-137-thread-1] INFO  server.RaftServerConfigKeys (ConfUtils.java:logGet(43)) - raft.server.storage.dir = [/workdir/hadoop-ozone/integration-test/target/test-dir/MiniOzoneClusterImpl-599c001a-03b4-4289-becf-fa48adbd6871/datanode-1/data/ratis] (custom)
2019-09-26 10:41:49,479 [pool-137-thread-1] INFO  storage.RaftStorageDirectory (RaftStorageDirectory.java:analyzeStorage(246)) - The storage directory /workdir/hadoop-ozone/integration-test/target/test-dir/MiniOzoneClusterImpl-599c001a-03b4-4289-becf-fa48adbd6871/datanode-1/data/ratis/95cd238e-ef42-4993-b406-68b2f4288576 does not exist. Creating ...
2019-09-26 10:41:49,492 [pool-137-thread-1] INFO  storage.RaftStorageDirectory (RaftStorageDirectory.java:tryLock(328)) - Lock on /workdir/hadoop-ozone/integration-test/target/test-dir/MiniOzoneClusterImpl-599c001a-03b4-4289-becf-fa48adbd6871/datanode-1/data/ratis/95cd238e-ef42-4993-b406-68b2f4288576/in_use.lock acquired by nodename 10232@pr-hdds-1569-wvzgm-824869521
2019-09-26 10:41:49,506 [pool-137-thread-1] INFO  storage.RaftStorage (RaftStorage.java:format(72)) - Storage directory /workdir/hadoop-ozone/integration-test/target/test-dir/MiniOzoneClusterImpl-599c001a-03b4-4289-becf-fa48adbd6871/datanode-1/data/ratis/95cd238e-ef42-4993-b406-68b2f4288576 has been successfully formatted.
2019-09-26 10:41:49,506 [pool-137-thread-1] INFO  ratis.ContainerStateMachine (ContainerStateMachine.java:loadSnapshot(230)) - group-68B2F4288576: The snapshot info is null. Setting the last applied indexto:(t:0, i:~)
2019-09-26 10:41:49,506 [pool-137-thread-1] INFO  server.RaftServerConfigKeys (ConfUtils.java:logGet(43)) - raft.server.notification.no-leader.timeout = 120s (custom)
2019-09-26 10:41:49,506 [pool-137-thread-1] INFO  server.RaftServerConfigKeys (ConfUtils.java:logGet(43)) - raft.server.log.use.memory = false (default)
2019-09-26 10:41:49,506 [pool-137-thread-1] INFO  server.RaftServerConfigKeys (ConfUtils.java:logGet(43)) - raft.server.log.purge.gap = 1000000 (custom)
2019-09-26 10:41:49,507 [pool-137-thread-1] INFO  server.RaftServerConfigKeys (ConfUtils.java:logGet(43)) - raft.server.log.appender.buffer.byte-limit = 33554432 (custom)
2019-09-26 10:41:49,507 [pool-137-thread-1] INFO  server.RaftServerConfigKeys (ConfUtils.java:logGet(43)) - raft.server.log.segment.size.max = 1048576 (custom)
2019-09-26 10:41:49,507 [pool-137-thread-1] INFO  server.RaftServerConfigKeys (ConfUtils.java:logGet(43)) - raft.server.log.segment.cache.num.max = 2 (custom)
2019-09-26 10:41:49,507 [pool-137-thread-1] INFO  segmented.SegmentedRaftLogWorker (SegmentedRaftLogWorker.java:<init>(172)) - new d15e0447-89ee-413a-8b64-4668700b9317@group-68B2F4288576-SegmentedRaftLogWorker for RaftStorage:Storage Directory /workdir/hadoop-ozone/integration-test/target/test-dir/MiniOzoneClusterImpl-599c001a-03b4-4289-becf-fa48adbd6871/datanode-1/data/ratis/95cd238e-ef42-4993-b406-68b2f4288576
2019-09-26 10:41:49,510 [pool-137-thread-1] INFO  server.RaftServerConfigKeys (ConfUtils.java:logGet(43)) - raft.server.log.queue.byte-limit = 2147483647 (custom)
2019-09-26 10:41:49,510 [pool-137-thread-1] INFO  server.RaftServerConfigKeys (ConfUtils.java:logGet(43)) - raft.server.log.queue.element-limit = 1024 (custom)
2019-09-26 10:41:49,510 [pool-137-thread-1] INFO  server.RaftServerConfigKeys (ConfUtils.java:logGet(43)) - raft.server.log.segment.size.max = 1048576 (custom)
2019-09-26 10:41:49,511 [pool-137-thread-1] INFO  server.RaftServerConfigKeys (ConfUtils.java:logGet(43)) - raft.server.log.preallocated.size = 16384 (custom)
2019-09-26 10:41:49,511 [pool-137-thread-1] INFO  server.RaftServerConfigKeys (ConfUtils.java:logGet(43)) - raft.server.log.write.buffer.size = 33554432 (custom)
2019-09-26 10:41:49,511 [pool-137-thread-1] INFO  server.RaftServerConfigKeys (ConfUtils.java:logGet(43)) - raft.server.log.force.sync.num = 128 (default)
2019-09-26 10:41:49,511 [pool-137-thread-1] INFO  server.RaftServerConfigKeys (ConfUtils.java:logGet(43)) - raft.server.log.statemachine.data.sync = true (default)
2019-09-26 10:41:49,511 [pool-137-thread-1] INFO  server.RaftServerConfigKeys (ConfUtils.java:logGet(43)) - raft.server.log.statemachine.data.sync.timeout = 10s (default)
2019-09-26 10:41:49,511 [pool-137-thread-1] INFO  server.RaftServerConfigKeys (ConfUtils.java:logGet(43)) - raft.server.log.statemachine.data.sync.timeout.retry = -1 (default)
2019-09-26 10:41:49,512 [pool-137-thread-1] INFO  server.RaftServerConfigKeys (ConfUtils.java:logGet(43)) - raft.server.log.statemachine.data.caching.enabled = true (custom)
2019-09-26 10:41:49,512 [pool-137-thread-1] INFO  segmented.SegmentedRaftLogWorker (SegmentedRaftLogWorker.java:lambda$new$0(132)) - d15e0447-89ee-413a-8b64-4668700b9317@group-68B2F4288576-SegmentedRaftLogWorker: flushIndex: setUnconditionally 0 -> -1
2019-09-26 10:41:49,513 [pool-137-thread-1] INFO  server.RaftServerConfigKeys (ConfUtils.java:logGet(43)) - raft.server.snapshot.auto.trigger.enabled = true (custom)
2019-09-26 10:41:49,513 [pool-137-thread-1] INFO  server.RaftServerConfigKeys (ConfUtils.java:logGet(43)) - raft.server.snapshot.auto.trigger.threshold = 10000 (custom)
2019-09-26 10:41:49,513 [pool-137-thread-1] INFO  server.RaftServerConfigKeys (ConfUtils.java:logGet(43)) - raft.server.snapshot.retention.num.files = 5 (custom)
2019-09-26 10:41:49,513 [pool-137-thread-1] INFO  server.RaftServerConfigKeys (ConfUtils.java:logGet(43)) - raft.server.retrycache.expirytime = 600000ms (custom)
2019-09-26 10:41:49,516 [pool-137-thread-1] INFO  impl.RaftServerImpl (RaftServerImpl.java:start(185)) - d15e0447-89ee-413a-8b64-4668700b9317@group-68B2F4288576: start as a follower, conf=-1: [d15e0447-89ee-413a-8b64-4668700b9317:192.168.30.13:40975], old=null
2019-09-26 10:41:49,516 [pool-137-thread-1] INFO  impl.RaftServerImpl (RaftServerImpl.java:setRole(174)) - d15e0447-89ee-413a-8b64-4668700b9317@group-68B2F4288576: changes role from      null to FOLLOWER at term 0 for startAsFollower
2019-09-26 10:41:49,516 [pool-137-thread-1] INFO  impl.RoleInfo (RoleInfo.java:updateAndGet(143)) - d15e0447-89ee-413a-8b64-4668700b9317: start FollowerState
2019-09-26 10:41:49,517 [pool-137-thread-1] INFO  util.JmxRegister (JmxRegister.java:tryRegister(44)) - Successfully registered JMX Bean with object name Ratis:service=RaftServer,group=group-68B2F4288576,id=d15e0447-89ee-413a-8b64-4668700b9317
2019-09-26 10:41:49,520 [RatisPipelineUtilsThread] INFO  pipeline.PipelineStateManager (PipelineStateManager.java:addPipeline(56)) - Created pipeline Pipeline[ Id: 95cd238e-ef42-4993-b406-68b2f4288576, Nodes: d15e0447-89ee-413a-8b64-4668700b9317{ip: 192.168.30.13, host: pr-hdds-1569-wvzgm-824869521, networkLocation: /default-rack, certSerialId: null}, Type:RATIS, Factor:ONE, State:OPEN]
2019-09-26 10:41:49,520 [RatisPipelineUtilsThread] INFO  pipeline.PipelinePlacementPolicy (PipelinePlacementPolicy.java:meetCriteria(91)) - Pipeline Placement: can't place more pipeline on heavy datanode： 4bf39b58-3848-4acf-b320-fb978d248b73 Heaviness: 6 limit: 5
2019-09-26 10:41:49,527 [grpc-default-executor-0] INFO  impl.RaftServerProxy (RaftServerProxy.java:addNew(89)) - d15e0447-89ee-413a-8b64-4668700b9317: addNew group-BD740726C474:[d15e0447-89ee-413a-8b64-4668700b9317:192.168.30.13:40975] returns group-BD740726C474:java.util.concurrent.CompletableFuture@1f363c80[Not completed]
2019-09-26 10:41:49,528 [pool-137-thread-1] INFO  impl.RaftServerImpl (RaftServerImpl.java:<init>(95)) - d15e0447-89ee-413a-8b64-4668700b9317: new RaftServerImpl for group-BD740726C474:[d15e0447-89ee-413a-8b64-4668700b9317:192.168.30.13:40975] with ContainerStateMachine:uninitialized
2019-09-26 10:41:49,528 [pool-137-thread-1] INFO  server.RaftServerConfigKeys (ConfUtils.java:logGet(43)) - raft.server.rpc.timeout.min = 5s (custom)
2019-09-26 10:41:49,528 [pool-137-thread-1] INFO  server.RaftServerConfigKeys (ConfUtils.java:logGet(43)) - raft.server.rpc.timeout.max = 5200ms (custom)
2019-09-26 10:41:49,528 [pool-137-thread-1] INFO  server.RaftServerConfigKeys (ConfUtils.java:logGet(43)) - raft.server.rpcslowness.timeout = 120s (custom)
2019-09-26 10:41:49,529 [pool-137-thread-1] INFO  server.RaftServerConfigKeys (ConfUtils.java:logGet(43)) - raft.server.sleep.deviation.threshold = 300 (default)
2019-09-26 10:41:49,529 [pool-137-thread-1] INFO  server.RaftServerConfigKeys (ConfUtils.java:logGet(43)) - raft.server.log.appender.install.snapshot.enabled = false (custom)
2019-09-26 10:41:49,529 [pool-137-thread-1] INFO  impl.RaftServerImpl (ServerState.java:<init>(103)) - d15e0447-89ee-413a-8b64-4668700b9317@group-BD740726C474: ConfigurationManager, init=-1: [d15e0447-89ee-413a-8b64-4668700b9317:192.168.30.13:40975], old=null, confs=<EMPTY_MAP>
2019-09-26 10:41:49,529 [pool-137-thread-1] INFO  server.RaftServerConfigKeys (ConfUtils.java:logGet(43)) - raft.server.storage.dir = [/workdir/hadoop-ozone/integration-test/target/test-dir/MiniOzoneClusterImpl-599c001a-03b4-4289-becf-fa48adbd6871/datanode-1/data/ratis] (custom)
2019-09-26 10:41:49,529 [pool-137-thread-1] INFO  storage.RaftStorageDirectory (RaftStorageDirectory.java:analyzeStorage(246)) - The storage directory /workdir/hadoop-ozone/integration-test/target/test-dir/MiniOzoneClusterImpl-599c001a-03b4-4289-becf-fa48adbd6871/datanode-1/data/ratis/5e2fc546-2de6-47ad-938c-bd740726c474 does not exist. Creating ...
2019-09-26 10:41:49,542 [pool-137-thread-1] INFO  storage.RaftStorageDirectory (RaftStorageDirectory.java:tryLock(328)) - Lock on /workdir/hadoop-ozone/integration-test/target/test-dir/MiniOzoneClusterImpl-599c001a-03b4-4289-becf-fa48adbd6871/datanode-1/data/ratis/5e2fc546-2de6-47ad-938c-bd740726c474/in_use.lock acquired by nodename 10232@pr-hdds-1569-wvzgm-824869521
2019-09-26 10:41:49,555 [pool-137-thread-1] INFO  storage.RaftStorage (RaftStorage.java:format(72)) - Storage directory /workdir/hadoop-ozone/integration-test/target/test-dir/MiniOzoneClusterImpl-599c001a-03b4-4289-becf-fa48adbd6871/datanode-1/data/ratis/5e2fc546-2de6-47ad-938c-bd740726c474 has been successfully formatted.
2019-09-26 10:41:49,555 [pool-137-thread-1] INFO  ratis.ContainerStateMachine (ContainerStateMachine.java:loadSnapshot(230)) - group-BD740726C474: The snapshot info is null. Setting the last applied indexto:(t:0, i:~)
2019-09-26 10:41:49,555 [pool-137-thread-1] INFO  server.RaftServerConfigKeys (ConfUtils.java:logGet(43)) - raft.server.notification.no-leader.timeout = 120s (custom)
2019-09-26 10:41:49,556 [pool-137-thread-1] INFO  server.RaftServerConfigKeys (ConfUtils.java:logGet(43)) - raft.server.log.use.memory = false (default)
2019-09-26 10:41:49,556 [pool-137-thread-1] INFO  server.RaftServerConfigKeys (ConfUtils.java:logGet(43)) - raft.server.log.purge.gap = 1000000 (custom)
2019-09-26 10:41:49,556 [pool-137-thread-1] INFO  server.RaftServerConfigKeys (ConfUtils.java:logGet(43)) - raft.server.log.appender.buffer.byte-limit = 33554432 (custom)
2019-09-26 10:41:49,556 [pool-137-thread-1] INFO  server.RaftServerConfigKeys (ConfUtils.java:logGet(43)) - raft.server.log.segment.size.max = 1048576 (custom)
2019-09-26 10:41:49,556 [pool-137-thread-1] INFO  server.RaftServerConfigKeys (ConfUtils.java:logGet(43)) - raft.server.log.segment.cache.num.max = 2 (custom)
2019-09-26 10:41:49,557 [pool-137-thread-1] INFO  segmented.SegmentedRaftLogWorker (SegmentedRaftLogWorker.java:<init>(172)) - new d15e0447-89ee-413a-8b64-4668700b9317@group-BD740726C474-SegmentedRaftLogWorker for RaftStorage:Storage Directory /workdir/hadoop-ozone/integration-test/target/test-dir/MiniOzoneClusterImpl-599c001a-03b4-4289-becf-fa48adbd6871/datanode-1/data/ratis/5e2fc546-2de6-47ad-938c-bd740726c474
2019-09-26 10:41:49,557 [pool-137-thread-1] INFO  server.RaftServerConfigKeys (ConfUtils.java:logGet(43)) - raft.server.log.queue.byte-limit = 2147483647 (custom)
2019-09-26 10:41:49,557 [pool-137-thread-1] INFO  server.RaftServerConfigKeys (ConfUtils.java:logGet(43)) - raft.server.log.queue.element-limit = 1024 (custom)
2019-09-26 10:41:49,557 [pool-137-thread-1] INFO  server.RaftServerConfigKeys (ConfUtils.java:logGet(43)) - raft.server.log.segment.size.max = 1048576 (custom)
2019-09-26 10:41:49,557 [pool-137-thread-1] INFO  server.RaftServerConfigKeys (ConfUtils.java:logGet(43)) - raft.server.log.preallocated.size = 16384 (custom)
2019-09-26 10:41:49,557 [pool-137-thread-1] INFO  server.RaftServerConfigKeys (ConfUtils.java:logGet(43)) - raft.server.log.write.buffer.size = 33554432 (custom)
2019-09-26 10:41:49,558 [pool-137-thread-1] INFO  server.RaftServerConfigKeys (ConfUtils.java:logGet(43)) - raft.server.log.force.sync.num = 128 (default)
2019-09-26 10:41:49,558 [pool-137-thread-1] INFO  server.RaftServerConfigKeys (ConfUtils.java:logGet(43)) - raft.server.log.statemachine.data.sync = true (default)
2019-09-26 10:41:49,558 [pool-137-thread-1] INFO  server.RaftServerConfigKeys (ConfUtils.java:logGet(43)) - raft.server.log.statemachine.data.sync.timeout = 10s (default)
2019-09-26 10:41:49,558 [pool-137-thread-1] INFO  server.RaftServerConfigKeys (ConfUtils.java:logGet(43)) - raft.server.log.statemachine.data.sync.timeout.retry = -1 (default)
2019-09-26 10:41:49,558 [pool-137-thread-1] INFO  server.RaftServerConfigKeys (ConfUtils.java:logGet(43)) - raft.server.log.statemachine.data.caching.enabled = true (custom)
2019-09-26 10:41:49,559 [pool-137-thread-1] INFO  segmented.SegmentedRaftLogWorker (SegmentedRaftLogWorker.java:lambda$new$0(132)) - d15e0447-89ee-413a-8b64-4668700b9317@group-BD740726C474-SegmentedRaftLogWorker: flushIndex: setUnconditionally 0 -> -1
2019-09-26 10:41:49,559 [pool-137-thread-1] INFO  server.RaftServerConfigKeys (ConfUtils.java:logGet(43)) - raft.server.snapshot.auto.trigger.enabled = true (custom)
2019-09-26 10:41:49,559 [pool-137-thread-1] INFO  server.RaftServerConfigKeys (ConfUtils.java:logGet(43)) - raft.server.snapshot.auto.trigger.threshold = 10000 (custom)
2019-09-26 10:41:49,559 [pool-137-thread-1] INFO  server.RaftServerConfigKeys (ConfUtils.java:logGet(43)) - raft.server.snapshot.retention.num.files = 5 (custom)
2019-09-26 10:41:49,560 [pool-137-thread-1] INFO  server.RaftServerConfigKeys (ConfUtils.java:logGet(43)) - raft.server.retrycache.expirytime = 600000ms (custom)
2019-09-26 10:41:49,562 [pool-137-thread-1] INFO  impl.RaftServerImpl (RaftServerImpl.java:start(185)) - d15e0447-89ee-413a-8b64-4668700b9317@group-BD740726C474: start as a follower, conf=-1: [d15e0447-89ee-413a-8b64-4668700b9317:192.168.30.13:40975], old=null
2019-09-26 10:41:49,563 [pool-137-thread-1] INFO  impl.RaftServerImpl (RaftServerImpl.java:setRole(174)) - d15e0447-89ee-413a-8b64-4668700b9317@group-BD740726C474: changes role from      null to FOLLOWER at term 0 for startAsFollower
2019-09-26 10:41:49,563 [pool-137-thread-1] INFO  impl.RoleInfo (RoleInfo.java:updateAndGet(143)) - d15e0447-89ee-413a-8b64-4668700b9317: start FollowerState
2019-09-26 10:41:49,563 [pool-137-thread-1] INFO  util.JmxRegister (JmxRegister.java:tryRegister(44)) - Successfully registered JMX Bean with object name Ratis:service=RaftServer,group=group-BD740726C474,id=d15e0447-89ee-413a-8b64-4668700b9317
2019-09-26 10:41:49,567 [RatisPipelineUtilsThread] INFO  pipeline.PipelineStateManager (PipelineStateManager.java:addPipeline(56)) - Created pipeline Pipeline[ Id: 5e2fc546-2de6-47ad-938c-bd740726c474, Nodes: d15e0447-89ee-413a-8b64-4668700b9317{ip: 192.168.30.13, host: pr-hdds-1569-wvzgm-824869521, networkLocation: /default-rack, certSerialId: null}, Type:RATIS, Factor:ONE, State:OPEN]
2019-09-26 10:41:49,567 [RatisPipelineUtilsThread] INFO  pipeline.PipelinePlacementPolicy (PipelinePlacementPolicy.java:meetCriteria(91)) - Pipeline Placement: can't place more pipeline on heavy datanode： 4bf39b58-3848-4acf-b320-fb978d248b73 Heaviness: 6 limit: 5
2019-09-26 10:41:49,573 [grpc-default-executor-0] INFO  impl.RaftServerProxy (RaftServerProxy.java:addNew(89)) - d15e0447-89ee-413a-8b64-4668700b9317: addNew group-8A1CD491A73D:[d15e0447-89ee-413a-8b64-4668700b9317:192.168.30.13:40975] returns group-8A1CD491A73D:java.util.concurrent.CompletableFuture@684bb6dc[Not completed]
2019-09-26 10:41:49,575 [pool-137-thread-1] INFO  impl.RaftServerImpl (RaftServerImpl.java:<init>(95)) - d15e0447-89ee-413a-8b64-4668700b9317: new RaftServerImpl for group-8A1CD491A73D:[d15e0447-89ee-413a-8b64-4668700b9317:192.168.30.13:40975] with ContainerStateMachine:uninitialized
2019-09-26 10:41:49,575 [pool-137-thread-1] INFO  server.RaftServerConfigKeys (ConfUtils.java:logGet(43)) - raft.server.rpc.timeout.min = 5s (custom)
2019-09-26 10:41:49,576 [pool-137-thread-1] INFO  server.RaftServerConfigKeys (ConfUtils.java:logGet(43)) - raft.server.rpc.timeout.max = 5200ms (custom)
2019-09-26 10:41:49,576 [pool-137-thread-1] INFO  server.RaftServerConfigKeys (ConfUtils.java:logGet(43)) - raft.server.rpcslowness.timeout = 120s (custom)
2019-09-26 10:41:49,576 [pool-137-thread-1] INFO  server.RaftServerConfigKeys (ConfUtils.java:logGet(43)) - raft.server.sleep.deviation.threshold = 300 (default)
2019-09-26 10:41:49,576 [pool-137-thread-1] INFO  server.RaftServerConfigKeys (ConfUtils.java:logGet(43)) - raft.server.log.appender.install.snapshot.enabled = false (custom)
2019-09-26 10:41:49,576 [pool-137-thread-1] INFO  impl.RaftServerImpl (ServerState.java:<init>(103)) - d15e0447-89ee-413a-8b64-4668700b9317@group-8A1CD491A73D: ConfigurationManager, init=-1: [d15e0447-89ee-413a-8b64-4668700b9317:192.168.30.13:40975], old=null, confs=<EMPTY_MAP>
2019-09-26 10:41:49,577 [pool-137-thread-1] INFO  server.RaftServerConfigKeys (ConfUtils.java:logGet(43)) - raft.server.storage.dir = [/workdir/hadoop-ozone/integration-test/target/test-dir/MiniOzoneClusterImpl-599c001a-03b4-4289-becf-fa48adbd6871/datanode-1/data/ratis] (custom)
2019-09-26 10:41:49,577 [pool-137-thread-1] INFO  storage.RaftStorageDirectory (RaftStorageDirectory.java:analyzeStorage(246)) - The storage directory /workdir/hadoop-ozone/integration-test/target/test-dir/MiniOzoneClusterImpl-599c001a-03b4-4289-becf-fa48adbd6871/datanode-1/data/ratis/6697206d-5ceb-4426-902d-8a1cd491a73d does not exist. Creating ...
2019-09-26 10:41:49,589 [pool-137-thread-1] INFO  storage.RaftStorageDirectory (RaftStorageDirectory.java:tryLock(328)) - Lock on /workdir/hadoop-ozone/integration-test/target/test-dir/MiniOzoneClusterImpl-599c001a-03b4-4289-becf-fa48adbd6871/datanode-1/data/ratis/6697206d-5ceb-4426-902d-8a1cd491a73d/in_use.lock acquired by nodename 10232@pr-hdds-1569-wvzgm-824869521
2019-09-26 10:41:49,603 [pool-137-thread-1] INFO  storage.RaftStorage (RaftStorage.java:format(72)) - Storage directory /workdir/hadoop-ozone/integration-test/target/test-dir/MiniOzoneClusterImpl-599c001a-03b4-4289-becf-fa48adbd6871/datanode-1/data/ratis/6697206d-5ceb-4426-902d-8a1cd491a73d has been successfully formatted.
2019-09-26 10:41:49,604 [pool-137-thread-1] INFO  ratis.ContainerStateMachine (ContainerStateMachine.java:loadSnapshot(230)) - group-8A1CD491A73D: The snapshot info is null. Setting the last applied indexto:(t:0, i:~)
2019-09-26 10:41:49,604 [pool-137-thread-1] INFO  server.RaftServerConfigKeys (ConfUtils.java:logGet(43)) - raft.server.notification.no-leader.timeout = 120s (custom)
2019-09-26 10:41:49,604 [pool-137-thread-1] INFO  server.RaftServerConfigKeys (ConfUtils.java:logGet(43)) - raft.server.log.use.memory = false (default)
2019-09-26 10:41:49,605 [pool-137-thread-1] INFO  server.RaftServerConfigKeys (ConfUtils.java:logGet(43)) - raft.server.log.purge.gap = 1000000 (custom)
2019-09-26 10:41:49,605 [pool-137-thread-1] INFO  server.RaftServerConfigKeys (ConfUtils.java:logGet(43)) - raft.server.log.appender.buffer.byte-limit = 33554432 (custom)
2019-09-26 10:41:49,605 [pool-137-thread-1] INFO  server.RaftServerConfigKeys (ConfUtils.java:logGet(43)) - raft.server.log.segment.size.max = 1048576 (custom)
2019-09-26 10:41:49,605 [pool-137-thread-1] INFO  server.RaftServerConfigKeys (ConfUtils.java:logGet(43)) - raft.server.log.segment.cache.num.max = 2 (custom)
2019-09-26 10:41:49,605 [pool-137-thread-1] INFO  segmented.SegmentedRaftLogWorker (SegmentedRaftLogWorker.java:<init>(172)) - new d15e0447-89ee-413a-8b64-4668700b9317@group-8A1CD491A73D-SegmentedRaftLogWorker for RaftStorage:Storage Directory /workdir/hadoop-ozone/integration-test/target/test-dir/MiniOzoneClusterImpl-599c001a-03b4-4289-becf-fa48adbd6871/datanode-1/data/ratis/6697206d-5ceb-4426-902d-8a1cd491a73d
2019-09-26 10:41:49,606 [pool-137-thread-1] INFO  server.RaftServerConfigKeys (ConfUtils.java:logGet(43)) - raft.server.log.queue.byte-limit = 2147483647 (custom)
2019-09-26 10:41:49,606 [pool-137-thread-1] INFO  server.RaftServerConfigKeys (ConfUtils.java:logGet(43)) - raft.server.log.queue.element-limit = 1024 (custom)
2019-09-26 10:41:49,606 [pool-137-thread-1] INFO  server.RaftServerConfigKeys (ConfUtils.java:logGet(43)) - raft.server.log.segment.size.max = 1048576 (custom)
2019-09-26 10:41:49,606 [pool-137-thread-1] INFO  server.RaftServerConfigKeys (ConfUtils.java:logGet(43)) - raft.server.log.preallocated.size = 16384 (custom)
2019-09-26 10:41:49,606 [pool-137-thread-1] INFO  server.RaftServerConfigKeys (ConfUtils.java:logGet(43)) - raft.server.log.write.buffer.size = 33554432 (custom)
2019-09-26 10:41:49,606 [pool-137-thread-1] INFO  server.RaftServerConfigKeys (ConfUtils.java:logGet(43)) - raft.server.log.force.sync.num = 128 (default)
2019-09-26 10:41:49,606 [pool-137-thread-1] INFO  server.RaftServerConfigKeys (ConfUtils.java:logGet(43)) - raft.server.log.statemachine.data.sync = true (default)
2019-09-26 10:41:49,607 [pool-137-thread-1] INFO  server.RaftServerConfigKeys (ConfUtils.java:logGet(43)) - raft.server.log.statemachine.data.sync.timeout = 10s (default)
2019-09-26 10:41:49,607 [pool-137-thread-1] INFO  server.RaftServerConfigKeys (ConfUtils.java:logGet(43)) - raft.server.log.statemachine.data.sync.timeout.retry = -1 (default)
2019-09-26 10:41:49,607 [pool-137-thread-1] INFO  server.RaftServerConfigKeys (ConfUtils.java:logGet(43)) - raft.server.log.statemachine.data.caching.enabled = true (custom)
2019-09-26 10:41:49,608 [pool-137-thread-1] INFO  segmented.SegmentedRaftLogWorker (SegmentedRaftLogWorker.java:lambda$new$0(132)) - d15e0447-89ee-413a-8b64-4668700b9317@group-8A1CD491A73D-SegmentedRaftLogWorker: flushIndex: setUnconditionally 0 -> -1
2019-09-26 10:41:49,608 [pool-137-thread-1] INFO  server.RaftServerConfigKeys (ConfUtils.java:logGet(43)) - raft.server.snapshot.auto.trigger.enabled = true (custom)
2019-09-26 10:41:49,608 [pool-137-thread-1] INFO  server.RaftServerConfigKeys (ConfUtils.java:logGet(43)) - raft.server.snapshot.auto.trigger.threshold = 10000 (custom)
2019-09-26 10:41:49,608 [pool-137-thread-1] INFO  server.RaftServerConfigKeys (ConfUtils.java:logGet(43)) - raft.server.snapshot.retention.num.files = 5 (custom)
2019-09-26 10:41:49,608 [pool-137-thread-1] INFO  server.RaftServerConfigKeys (ConfUtils.java:logGet(43)) - raft.server.retrycache.expirytime = 600000ms (custom)
2019-09-26 10:41:49,612 [pool-137-thread-1] INFO  impl.RaftServerImpl (RaftServerImpl.java:start(185)) - d15e0447-89ee-413a-8b64-4668700b9317@group-8A1CD491A73D: start as a follower, conf=-1: [d15e0447-89ee-413a-8b64-4668700b9317:192.168.30.13:40975], old=null
2019-09-26 10:41:49,612 [pool-137-thread-1] INFO  impl.RaftServerImpl (RaftServerImpl.java:setRole(174)) - d15e0447-89ee-413a-8b64-4668700b9317@group-8A1CD491A73D: changes role from      null to FOLLOWER at term 0 for startAsFollower
2019-09-26 10:41:49,612 [pool-137-thread-1] INFO  impl.RoleInfo (RoleInfo.java:updateAndGet(143)) - d15e0447-89ee-413a-8b64-4668700b9317: start FollowerState
2019-09-26 10:41:49,612 [pool-137-thread-1] INFO  util.JmxRegister (JmxRegister.java:tryRegister(44)) - Successfully registered JMX Bean with object name Ratis:service=RaftServer,group=group-8A1CD491A73D,id=d15e0447-89ee-413a-8b64-4668700b9317
2019-09-26 10:41:49,617 [RatisPipelineUtilsThread] INFO  pipeline.PipelineStateManager (PipelineStateManager.java:addPipeline(56)) - Created pipeline Pipeline[ Id: 6697206d-5ceb-4426-902d-8a1cd491a73d, Nodes: d15e0447-89ee-413a-8b64-4668700b9317{ip: 192.168.30.13, host: pr-hdds-1569-wvzgm-824869521, networkLocation: /default-rack, certSerialId: null}, Type:RATIS, Factor:ONE, State:OPEN]
2019-09-26 10:41:49,617 [RatisPipelineUtilsThread] INFO  pipeline.PipelinePlacementPolicy (PipelinePlacementPolicy.java:meetCriteria(91)) - Pipeline Placement: can't place more pipeline on heavy datanode： 4bf39b58-3848-4acf-b320-fb978d248b73 Heaviness: 6 limit: 5
2019-09-26 10:41:49,628 [grpc-default-executor-0] INFO  impl.RaftServerProxy (RaftServerProxy.java:addNew(89)) - 596cfd2b-9e52-4fa6-b850-d9aef53ae22f: addNew group-7BBC8D63A834:[596cfd2b-9e52-4fa6-b850-d9aef53ae22f:192.168.30.13:33896] returns group-7BBC8D63A834:java.util.concurrent.CompletableFuture@1e1965fe[Not completed]
2019-09-26 10:41:49,630 [pool-147-thread-1] INFO  impl.RaftServerImpl (RaftServerImpl.java:<init>(95)) - 596cfd2b-9e52-4fa6-b850-d9aef53ae22f: new RaftServerImpl for group-7BBC8D63A834:[596cfd2b-9e52-4fa6-b850-d9aef53ae22f:192.168.30.13:33896] with ContainerStateMachine:uninitialized
2019-09-26 10:41:49,630 [pool-147-thread-1] INFO  server.RaftServerConfigKeys (ConfUtils.java:logGet(43)) - raft.server.rpc.timeout.min = 5s (custom)
2019-09-26 10:41:49,630 [pool-147-thread-1] INFO  server.RaftServerConfigKeys (ConfUtils.java:logGet(43)) - raft.server.rpc.timeout.max = 5200ms (custom)
2019-09-26 10:41:49,630 [pool-147-thread-1] INFO  server.RaftServerConfigKeys (ConfUtils.java:logGet(43)) - raft.server.rpcslowness.timeout = 120s (custom)
2019-09-26 10:41:49,630 [pool-147-thread-1] INFO  server.RaftServerConfigKeys (ConfUtils.java:logGet(43)) - raft.server.sleep.deviation.threshold = 300 (default)
2019-09-26 10:41:49,630 [pool-147-thread-1] INFO  server.RaftServerConfigKeys (ConfUtils.java:logGet(43)) - raft.server.log.appender.install.snapshot.enabled = false (custom)
2019-09-26 10:41:49,630 [pool-147-thread-1] INFO  impl.RaftServerImpl (ServerState.java:<init>(103)) - 596cfd2b-9e52-4fa6-b850-d9aef53ae22f@group-7BBC8D63A834: ConfigurationManager, init=-1: [596cfd2b-9e52-4fa6-b850-d9aef53ae22f:192.168.30.13:33896], old=null, confs=<EMPTY_MAP>
2019-09-26 10:41:49,631 [pool-147-thread-1] INFO  server.RaftServerConfigKeys (ConfUtils.java:logGet(43)) - raft.server.storage.dir = [/workdir/hadoop-ozone/integration-test/target/test-dir/MiniOzoneClusterImpl-599c001a-03b4-4289-becf-fa48adbd6871/datanode-2/data/ratis] (custom)
2019-09-26 10:41:49,631 [pool-147-thread-1] INFO  storage.RaftStorageDirectory (RaftStorageDirectory.java:analyzeStorage(246)) - The storage directory /workdir/hadoop-ozone/integration-test/target/test-dir/MiniOzoneClusterImpl-599c001a-03b4-4289-becf-fa48adbd6871/datanode-2/data/ratis/fea95865-fc7d-4ed1-a661-7bbc8d63a834 does not exist. Creating ...
2019-09-26 10:41:49,644 [pool-147-thread-1] INFO  storage.RaftStorageDirectory (RaftStorageDirectory.java:tryLock(328)) - Lock on /workdir/hadoop-ozone/integration-test/target/test-dir/MiniOzoneClusterImpl-599c001a-03b4-4289-becf-fa48adbd6871/datanode-2/data/ratis/fea95865-fc7d-4ed1-a661-7bbc8d63a834/in_use.lock acquired by nodename 10232@pr-hdds-1569-wvzgm-824869521
2019-09-26 10:41:49,662 [pool-147-thread-1] INFO  storage.RaftStorage (RaftStorage.java:format(72)) - Storage directory /workdir/hadoop-ozone/integration-test/target/test-dir/MiniOzoneClusterImpl-599c001a-03b4-4289-becf-fa48adbd6871/datanode-2/data/ratis/fea95865-fc7d-4ed1-a661-7bbc8d63a834 has been successfully formatted.
2019-09-26 10:41:49,662 [pool-147-thread-1] INFO  ratis.ContainerStateMachine (ContainerStateMachine.java:loadSnapshot(230)) - group-7BBC8D63A834: The snapshot info is null. Setting the last applied indexto:(t:0, i:~)
2019-09-26 10:41:49,662 [pool-147-thread-1] INFO  server.RaftServerConfigKeys (ConfUtils.java:logGet(43)) - raft.server.notification.no-leader.timeout = 120s (custom)
2019-09-26 10:41:49,663 [pool-147-thread-1] INFO  server.RaftServerConfigKeys (ConfUtils.java:logGet(43)) - raft.server.log.use.memory = false (default)
2019-09-26 10:41:49,663 [pool-147-thread-1] INFO  server.RaftServerConfigKeys (ConfUtils.java:logGet(43)) - raft.server.log.purge.gap = 1000000 (custom)
2019-09-26 10:41:49,663 [pool-147-thread-1] INFO  server.RaftServerConfigKeys (ConfUtils.java:logGet(43)) - raft.server.log.appender.buffer.byte-limit = 33554432 (custom)
2019-09-26 10:41:49,663 [pool-147-thread-1] INFO  server.RaftServerConfigKeys (ConfUtils.java:logGet(43)) - raft.server.log.segment.size.max = 1048576 (custom)
2019-09-26 10:41:49,663 [pool-147-thread-1] INFO  server.RaftServerConfigKeys (ConfUtils.java:logGet(43)) - raft.server.log.segment.cache.num.max = 2 (custom)
2019-09-26 10:41:49,663 [pool-147-thread-1] INFO  segmented.SegmentedRaftLogWorker (SegmentedRaftLogWorker.java:<init>(172)) - new 596cfd2b-9e52-4fa6-b850-d9aef53ae22f@group-7BBC8D63A834-SegmentedRaftLogWorker for RaftStorage:Storage Directory /workdir/hadoop-ozone/integration-test/target/test-dir/MiniOzoneClusterImpl-599c001a-03b4-4289-becf-fa48adbd6871/datanode-2/data/ratis/fea95865-fc7d-4ed1-a661-7bbc8d63a834
2019-09-26 10:41:49,665 [pool-147-thread-1] INFO  server.RaftServerConfigKeys (ConfUtils.java:logGet(43)) - raft.server.log.queue.byte-limit = 2147483647 (custom)
2019-09-26 10:41:49,666 [pool-147-thread-1] INFO  server.RaftServerConfigKeys (ConfUtils.java:logGet(43)) - raft.server.log.queue.element-limit = 1024 (custom)
2019-09-26 10:41:49,666 [pool-147-thread-1] INFO  server.RaftServerConfigKeys (ConfUtils.java:logGet(43)) - raft.server.log.segment.size.max = 1048576 (custom)
2019-09-26 10:41:49,666 [pool-147-thread-1] INFO  server.RaftServerConfigKeys (ConfUtils.java:logGet(43)) - raft.server.log.preallocated.size = 16384 (custom)
2019-09-26 10:41:49,666 [pool-147-thread-1] INFO  server.RaftServerConfigKeys (ConfUtils.java:logGet(43)) - raft.server.log.write.buffer.size = 33554432 (custom)
2019-09-26 10:41:49,666 [pool-147-thread-1] INFO  server.RaftServerConfigKeys (ConfUtils.java:logGet(43)) - raft.server.log.force.sync.num = 128 (default)
2019-09-26 10:41:49,666 [pool-147-thread-1] INFO  server.RaftServerConfigKeys (ConfUtils.java:logGet(43)) - raft.server.log.statemachine.data.sync = true (default)
2019-09-26 10:41:49,667 [pool-147-thread-1] INFO  server.RaftServerConfigKeys (ConfUtils.java:logGet(43)) - raft.server.log.statemachine.data.sync.timeout = 10s (default)
2019-09-26 10:41:49,667 [pool-147-thread-1] INFO  server.RaftServerConfigKeys (ConfUtils.java:logGet(43)) - raft.server.log.statemachine.data.sync.timeout.retry = -1 (default)
2019-09-26 10:41:49,667 [pool-147-thread-1] INFO  server.RaftServerConfigKeys (ConfUtils.java:logGet(43)) - raft.server.log.statemachine.data.caching.enabled = true (custom)
2019-09-26 10:41:49,667 [pool-147-thread-1] INFO  segmented.SegmentedRaftLogWorker (SegmentedRaftLogWorker.java:lambda$new$0(132)) - 596cfd2b-9e52-4fa6-b850-d9aef53ae22f@group-7BBC8D63A834-SegmentedRaftLogWorker: flushIndex: setUnconditionally 0 -> -1
2019-09-26 10:41:49,668 [pool-147-thread-1] INFO  server.RaftServerConfigKeys (ConfUtils.java:logGet(43)) - raft.server.snapshot.auto.trigger.enabled = true (custom)
2019-09-26 10:41:49,668 [pool-147-thread-1] INFO  server.RaftServerConfigKeys (ConfUtils.java:logGet(43)) - raft.server.snapshot.auto.trigger.threshold = 10000 (custom)
2019-09-26 10:41:49,668 [pool-147-thread-1] INFO  server.RaftServerConfigKeys (ConfUtils.java:logGet(43)) - raft.server.snapshot.retention.num.files = 5 (custom)
2019-09-26 10:41:49,668 [pool-147-thread-1] INFO  server.RaftServerConfigKeys (ConfUtils.java:logGet(43)) - raft.server.retrycache.expirytime = 600000ms (custom)
2019-09-26 10:41:49,670 [pool-147-thread-1] INFO  impl.RaftServerImpl (RaftServerImpl.java:start(185)) - 596cfd2b-9e52-4fa6-b850-d9aef53ae22f@group-7BBC8D63A834: start as a follower, conf=-1: [596cfd2b-9e52-4fa6-b850-d9aef53ae22f:192.168.30.13:33896], old=null
2019-09-26 10:41:49,671 [pool-147-thread-1] INFO  impl.RaftServerImpl (RaftServerImpl.java:setRole(174)) - 596cfd2b-9e52-4fa6-b850-d9aef53ae22f@group-7BBC8D63A834: changes role from      null to FOLLOWER at term 0 for startAsFollower
2019-09-26 10:41:49,671 [pool-147-thread-1] INFO  impl.RoleInfo (RoleInfo.java:updateAndGet(143)) - 596cfd2b-9e52-4fa6-b850-d9aef53ae22f: start FollowerState
2019-09-26 10:41:49,671 [pool-147-thread-1] INFO  util.JmxRegister (JmxRegister.java:tryRegister(44)) - Successfully registered JMX Bean with object name Ratis:service=RaftServer,group=group-7BBC8D63A834,id=596cfd2b-9e52-4fa6-b850-d9aef53ae22f
2019-09-26 10:41:49,674 [RatisPipelineUtilsThread] INFO  pipeline.PipelineStateManager (PipelineStateManager.java:addPipeline(56)) - Created pipeline Pipeline[ Id: fea95865-fc7d-4ed1-a661-7bbc8d63a834, Nodes: 596cfd2b-9e52-4fa6-b850-d9aef53ae22f{ip: 192.168.30.13, host: pr-hdds-1569-wvzgm-824869521, networkLocation: /default-rack, certSerialId: null}, Type:RATIS, Factor:ONE, State:OPEN]
2019-09-26 10:41:49,674 [RatisPipelineUtilsThread] INFO  pipeline.PipelinePlacementPolicy (PipelinePlacementPolicy.java:meetCriteria(91)) - Pipeline Placement: can't place more pipeline on heavy datanode： 4bf39b58-3848-4acf-b320-fb978d248b73 Heaviness: 6 limit: 5
2019-09-26 10:41:49,680 [grpc-default-executor-0] INFO  impl.RaftServerProxy (RaftServerProxy.java:addNew(89)) - d15e0447-89ee-413a-8b64-4668700b9317: addNew group-BB83200B4CFB:[d15e0447-89ee-413a-8b64-4668700b9317:192.168.30.13:40975] returns group-BB83200B4CFB:java.util.concurrent.CompletableFuture@629ecd4a[Not completed]
2019-09-26 10:41:49,682 [pool-137-thread-1] INFO  impl.RaftServerImpl (RaftServerImpl.java:<init>(95)) - d15e0447-89ee-413a-8b64-4668700b9317: new RaftServerImpl for group-BB83200B4CFB:[d15e0447-89ee-413a-8b64-4668700b9317:192.168.30.13:40975] with ContainerStateMachine:uninitialized
2019-09-26 10:41:49,682 [pool-137-thread-1] INFO  server.RaftServerConfigKeys (ConfUtils.java:logGet(43)) - raft.server.rpc.timeout.min = 5s (custom)
2019-09-26 10:41:49,682 [pool-137-thread-1] INFO  server.RaftServerConfigKeys (ConfUtils.java:logGet(43)) - raft.server.rpc.timeout.max = 5200ms (custom)
2019-09-26 10:41:49,682 [pool-137-thread-1] INFO  server.RaftServerConfigKeys (ConfUtils.java:logGet(43)) - raft.server.rpcslowness.timeout = 120s (custom)
2019-09-26 10:41:49,682 [pool-137-thread-1] INFO  server.RaftServerConfigKeys (ConfUtils.java:logGet(43)) - raft.server.sleep.deviation.threshold = 300 (default)
2019-09-26 10:41:49,682 [pool-137-thread-1] INFO  server.RaftServerConfigKeys (ConfUtils.java:logGet(43)) - raft.server.log.appender.install.snapshot.enabled = false (custom)
2019-09-26 10:41:49,682 [pool-137-thread-1] INFO  impl.RaftServerImpl (ServerState.java:<init>(103)) - d15e0447-89ee-413a-8b64-4668700b9317@group-BB83200B4CFB: ConfigurationManager, init=-1: [d15e0447-89ee-413a-8b64-4668700b9317:192.168.30.13:40975], old=null, confs=<EMPTY_MAP>
2019-09-26 10:41:49,683 [pool-137-thread-1] INFO  server.RaftServerConfigKeys (ConfUtils.java:logGet(43)) - raft.server.storage.dir = [/workdir/hadoop-ozone/integration-test/target/test-dir/MiniOzoneClusterImpl-599c001a-03b4-4289-becf-fa48adbd6871/datanode-1/data/ratis] (custom)
2019-09-26 10:41:49,683 [pool-137-thread-1] INFO  storage.RaftStorageDirectory (RaftStorageDirectory.java:analyzeStorage(246)) - The storage directory /workdir/hadoop-ozone/integration-test/target/test-dir/MiniOzoneClusterImpl-599c001a-03b4-4289-becf-fa48adbd6871/datanode-1/data/ratis/d4828ea7-09b0-43be-a338-bb83200b4cfb does not exist. Creating ...
2019-09-26 10:41:49,696 [pool-137-thread-1] INFO  storage.RaftStorageDirectory (RaftStorageDirectory.java:tryLock(328)) - Lock on /workdir/hadoop-ozone/integration-test/target/test-dir/MiniOzoneClusterImpl-599c001a-03b4-4289-becf-fa48adbd6871/datanode-1/data/ratis/d4828ea7-09b0-43be-a338-bb83200b4cfb/in_use.lock acquired by nodename 10232@pr-hdds-1569-wvzgm-824869521
2019-09-26 10:41:49,709 [pool-137-thread-1] INFO  storage.RaftStorage (RaftStorage.java:format(72)) - Storage directory /workdir/hadoop-ozone/integration-test/target/test-dir/MiniOzoneClusterImpl-599c001a-03b4-4289-becf-fa48adbd6871/datanode-1/data/ratis/d4828ea7-09b0-43be-a338-bb83200b4cfb has been successfully formatted.
2019-09-26 10:41:49,710 [pool-137-thread-1] INFO  ratis.ContainerStateMachine (ContainerStateMachine.java:loadSnapshot(230)) - group-BB83200B4CFB: The snapshot info is null. Setting the last applied indexto:(t:0, i:~)
2019-09-26 10:41:49,710 [pool-137-thread-1] INFO  server.RaftServerConfigKeys (ConfUtils.java:logGet(43)) - raft.server.notification.no-leader.timeout = 120s (custom)
2019-09-26 10:41:49,710 [pool-137-thread-1] INFO  server.RaftServerConfigKeys (ConfUtils.java:logGet(43)) - raft.server.log.use.memory = false (default)
2019-09-26 10:41:49,710 [pool-137-thread-1] INFO  server.RaftServerConfigKeys (ConfUtils.java:logGet(43)) - raft.server.log.purge.gap = 1000000 (custom)
2019-09-26 10:41:49,710 [pool-137-thread-1] INFO  server.RaftServerConfigKeys (ConfUtils.java:logGet(43)) - raft.server.log.appender.buffer.byte-limit = 33554432 (custom)
2019-09-26 10:41:49,710 [pool-137-thread-1] INFO  server.RaftServerConfigKeys (ConfUtils.java:logGet(43)) - raft.server.log.segment.size.max = 1048576 (custom)
2019-09-26 10:41:49,711 [pool-137-thread-1] INFO  server.RaftServerConfigKeys (ConfUtils.java:logGet(43)) - raft.server.log.segment.cache.num.max = 2 (custom)
2019-09-26 10:41:49,711 [pool-137-thread-1] INFO  segmented.SegmentedRaftLogWorker (SegmentedRaftLogWorker.java:<init>(172)) - new d15e0447-89ee-413a-8b64-4668700b9317@group-BB83200B4CFB-SegmentedRaftLogWorker for RaftStorage:Storage Directory /workdir/hadoop-ozone/integration-test/target/test-dir/MiniOzoneClusterImpl-599c001a-03b4-4289-becf-fa48adbd6871/datanode-1/data/ratis/d4828ea7-09b0-43be-a338-bb83200b4cfb
2019-09-26 10:41:49,711 [pool-137-thread-1] INFO  server.RaftServerConfigKeys (ConfUtils.java:logGet(43)) - raft.server.log.queue.byte-limit = 2147483647 (custom)
2019-09-26 10:41:49,711 [pool-137-thread-1] INFO  server.RaftServerConfigKeys (ConfUtils.java:logGet(43)) - raft.server.log.queue.element-limit = 1024 (custom)
2019-09-26 10:41:49,711 [pool-137-thread-1] INFO  server.RaftServerConfigKeys (ConfUtils.java:logGet(43)) - raft.server.log.segment.size.max = 1048576 (custom)
2019-09-26 10:41:49,711 [pool-137-thread-1] INFO  server.RaftServerConfigKeys (ConfUtils.java:logGet(43)) - raft.server.log.preallocated.size = 16384 (custom)
2019-09-26 10:41:49,712 [pool-137-thread-1] INFO  server.RaftServerConfigKeys (ConfUtils.java:logGet(43)) - raft.server.log.write.buffer.size = 33554432 (custom)
2019-09-26 10:41:49,712 [pool-137-thread-1] INFO  server.RaftServerConfigKeys (ConfUtils.java:logGet(43)) - raft.server.log.force.sync.num = 128 (default)
2019-09-26 10:41:49,712 [pool-137-thread-1] INFO  server.RaftServerConfigKeys (ConfUtils.java:logGet(43)) - raft.server.log.statemachine.data.sync = true (default)
2019-09-26 10:41:49,712 [pool-137-thread-1] INFO  server.RaftServerConfigKeys (ConfUtils.java:logGet(43)) - raft.server.log.statemachine.data.sync.timeout = 10s (default)
2019-09-26 10:41:49,712 [pool-137-thread-1] INFO  server.RaftServerConfigKeys (ConfUtils.java:logGet(43)) - raft.server.log.statemachine.data.sync.timeout.retry = -1 (default)
2019-09-26 10:41:49,712 [pool-137-thread-1] INFO  server.RaftServerConfigKeys (ConfUtils.java:logGet(43)) - raft.server.log.statemachine.data.caching.enabled = true (custom)
2019-09-26 10:41:49,713 [pool-137-thread-1] INFO  segmented.SegmentedRaftLogWorker (SegmentedRaftLogWorker.java:lambda$new$0(132)) - d15e0447-89ee-413a-8b64-4668700b9317@group-BB83200B4CFB-SegmentedRaftLogWorker: flushIndex: setUnconditionally 0 -> -1
2019-09-26 10:41:49,713 [pool-137-thread-1] INFO  server.RaftServerConfigKeys (ConfUtils.java:logGet(43)) - raft.server.snapshot.auto.trigger.enabled = true (custom)
2019-09-26 10:41:49,713 [pool-137-thread-1] INFO  server.RaftServerConfigKeys (ConfUtils.java:logGet(43)) - raft.server.snapshot.auto.trigger.threshold = 10000 (custom)
2019-09-26 10:41:49,713 [pool-137-thread-1] INFO  server.RaftServerConfigKeys (ConfUtils.java:logGet(43)) - raft.server.snapshot.retention.num.files = 5 (custom)
2019-09-26 10:41:49,713 [pool-137-thread-1] INFO  server.RaftServerConfigKeys (ConfUtils.java:logGet(43)) - raft.server.retrycache.expirytime = 600000ms (custom)
2019-09-26 10:41:49,716 [pool-137-thread-1] INFO  impl.RaftServerImpl (RaftServerImpl.java:start(185)) - d15e0447-89ee-413a-8b64-4668700b9317@group-BB83200B4CFB: start as a follower, conf=-1: [d15e0447-89ee-413a-8b64-4668700b9317:192.168.30.13:40975], old=null
2019-09-26 10:41:49,716 [pool-137-thread-1] INFO  impl.RaftServerImpl (RaftServerImpl.java:setRole(174)) - d15e0447-89ee-413a-8b64-4668700b9317@group-BB83200B4CFB: changes role from      null to FOLLOWER at term 0 for startAsFollower
2019-09-26 10:41:49,716 [pool-137-thread-1] INFO  impl.RoleInfo (RoleInfo.java:updateAndGet(143)) - d15e0447-89ee-413a-8b64-4668700b9317: start FollowerState
2019-09-26 10:41:49,717 [pool-137-thread-1] INFO  util.JmxRegister (JmxRegister.java:tryRegister(44)) - Successfully registered JMX Bean with object name Ratis:service=RaftServer,group=group-BB83200B4CFB,id=d15e0447-89ee-413a-8b64-4668700b9317
2019-09-26 10:41:49,720 [RatisPipelineUtilsThread] INFO  pipeline.PipelineStateManager (PipelineStateManager.java:addPipeline(56)) - Created pipeline Pipeline[ Id: d4828ea7-09b0-43be-a338-bb83200b4cfb, Nodes: d15e0447-89ee-413a-8b64-4668700b9317{ip: 192.168.30.13, host: pr-hdds-1569-wvzgm-824869521, networkLocation: /default-rack, certSerialId: null}, Type:RATIS, Factor:ONE, State:OPEN]
2019-09-26 10:41:49,720 [RatisPipelineUtilsThread] INFO  pipeline.PipelinePlacementPolicy (PipelinePlacementPolicy.java:meetCriteria(91)) - Pipeline Placement: can't place more pipeline on heavy datanode： 4bf39b58-3848-4acf-b320-fb978d248b73 Heaviness: 6 limit: 5
2019-09-26 10:41:49,726 [grpc-default-executor-0] INFO  impl.RaftServerProxy (RaftServerProxy.java:addNew(89)) - d15e0447-89ee-413a-8b64-4668700b9317: addNew group-B9D9C32A5997:[d15e0447-89ee-413a-8b64-4668700b9317:192.168.30.13:40975] returns group-B9D9C32A5997:java.util.concurrent.CompletableFuture@376aef9e[Not completed]
2019-09-26 10:41:49,727 [pool-137-thread-1] INFO  impl.RaftServerImpl (RaftServerImpl.java:<init>(95)) - d15e0447-89ee-413a-8b64-4668700b9317: new RaftServerImpl for group-B9D9C32A5997:[d15e0447-89ee-413a-8b64-4668700b9317:192.168.30.13:40975] with ContainerStateMachine:uninitialized
2019-09-26 10:41:49,727 [pool-137-thread-1] INFO  server.RaftServerConfigKeys (ConfUtils.java:logGet(43)) - raft.server.rpc.timeout.min = 5s (custom)
2019-09-26 10:41:49,728 [pool-137-thread-1] INFO  server.RaftServerConfigKeys (ConfUtils.java:logGet(43)) - raft.server.rpc.timeout.max = 5200ms (custom)
2019-09-26 10:41:49,728 [pool-137-thread-1] INFO  server.RaftServerConfigKeys (ConfUtils.java:logGet(43)) - raft.server.rpcslowness.timeout = 120s (custom)
2019-09-26 10:41:49,728 [pool-137-thread-1] INFO  server.RaftServerConfigKeys (ConfUtils.java:logGet(43)) - raft.server.sleep.deviation.threshold = 300 (default)
2019-09-26 10:41:49,728 [pool-137-thread-1] INFO  server.RaftServerConfigKeys (ConfUtils.java:logGet(43)) - raft.server.log.appender.install.snapshot.enabled = false (custom)
2019-09-26 10:41:49,728 [pool-137-thread-1] INFO  impl.RaftServerImpl (ServerState.java:<init>(103)) - d15e0447-89ee-413a-8b64-4668700b9317@group-B9D9C32A5997: ConfigurationManager, init=-1: [d15e0447-89ee-413a-8b64-4668700b9317:192.168.30.13:40975], old=null, confs=<EMPTY_MAP>
2019-09-26 10:41:49,728 [pool-137-thread-1] INFO  server.RaftServerConfigKeys (ConfUtils.java:logGet(43)) - raft.server.storage.dir = [/workdir/hadoop-ozone/integration-test/target/test-dir/MiniOzoneClusterImpl-599c001a-03b4-4289-becf-fa48adbd6871/datanode-1/data/ratis] (custom)
2019-09-26 10:41:49,729 [pool-137-thread-1] INFO  storage.RaftStorageDirectory (RaftStorageDirectory.java:analyzeStorage(246)) - The storage directory /workdir/hadoop-ozone/integration-test/target/test-dir/MiniOzoneClusterImpl-599c001a-03b4-4289-becf-fa48adbd6871/datanode-1/data/ratis/b9ec871d-cb76-4658-9a64-b9d9c32a5997 does not exist. Creating ...
2019-09-26 10:41:49,741 [pool-137-thread-1] INFO  storage.RaftStorageDirectory (RaftStorageDirectory.java:tryLock(328)) - Lock on /workdir/hadoop-ozone/integration-test/target/test-dir/MiniOzoneClusterImpl-599c001a-03b4-4289-becf-fa48adbd6871/datanode-1/data/ratis/b9ec871d-cb76-4658-9a64-b9d9c32a5997/in_use.lock acquired by nodename 10232@pr-hdds-1569-wvzgm-824869521
2019-09-26 10:41:49,754 [pool-137-thread-1] INFO  storage.RaftStorage (RaftStorage.java:format(72)) - Storage directory /workdir/hadoop-ozone/integration-test/target/test-dir/MiniOzoneClusterImpl-599c001a-03b4-4289-becf-fa48adbd6871/datanode-1/data/ratis/b9ec871d-cb76-4658-9a64-b9d9c32a5997 has been successfully formatted.
2019-09-26 10:41:49,754 [pool-137-thread-1] INFO  ratis.ContainerStateMachine (ContainerStateMachine.java:loadSnapshot(230)) - group-B9D9C32A5997: The snapshot info is null. Setting the last applied indexto:(t:0, i:~)
2019-09-26 10:41:49,754 [pool-137-thread-1] INFO  server.RaftServerConfigKeys (ConfUtils.java:logGet(43)) - raft.server.notification.no-leader.timeout = 120s (custom)
2019-09-26 10:41:49,754 [pool-137-thread-1] INFO  server.RaftServerConfigKeys (ConfUtils.java:logGet(43)) - raft.server.log.use.memory = false (default)
2019-09-26 10:41:49,754 [pool-137-thread-1] INFO  server.RaftServerConfigKeys (ConfUtils.java:logGet(43)) - raft.server.log.purge.gap = 1000000 (custom)
2019-09-26 10:41:49,755 [pool-137-thread-1] INFO  server.RaftServerConfigKeys (ConfUtils.java:logGet(43)) - raft.server.log.appender.buffer.byte-limit = 33554432 (custom)
2019-09-26 10:41:49,755 [pool-137-thread-1] INFO  server.RaftServerConfigKeys (ConfUtils.java:logGet(43)) - raft.server.log.segment.size.max = 1048576 (custom)
2019-09-26 10:41:49,755 [pool-137-thread-1] INFO  server.RaftServerConfigKeys (ConfUtils.java:logGet(43)) - raft.server.log.segment.cache.num.max = 2 (custom)
2019-09-26 10:41:49,755 [pool-137-thread-1] INFO  segmented.SegmentedRaftLogWorker (SegmentedRaftLogWorker.java:<init>(172)) - new d15e0447-89ee-413a-8b64-4668700b9317@group-B9D9C32A5997-SegmentedRaftLogWorker for RaftStorage:Storage Directory /workdir/hadoop-ozone/integration-test/target/test-dir/MiniOzoneClusterImpl-599c001a-03b4-4289-becf-fa48adbd6871/datanode-1/data/ratis/b9ec871d-cb76-4658-9a64-b9d9c32a5997
2019-09-26 10:41:49,755 [pool-137-thread-1] INFO  server.RaftServerConfigKeys (ConfUtils.java:logGet(43)) - raft.server.log.queue.byte-limit = 2147483647 (custom)
2019-09-26 10:41:49,755 [pool-137-thread-1] INFO  server.RaftServerConfigKeys (ConfUtils.java:logGet(43)) - raft.server.log.queue.element-limit = 1024 (custom)
2019-09-26 10:41:49,755 [pool-137-thread-1] INFO  server.RaftServerConfigKeys (ConfUtils.java:logGet(43)) - raft.server.log.segment.size.max = 1048576 (custom)
2019-09-26 10:41:49,756 [pool-137-thread-1] INFO  server.RaftServerConfigKeys (ConfUtils.java:logGet(43)) - raft.server.log.preallocated.size = 16384 (custom)
2019-09-26 10:41:49,756 [pool-137-thread-1] INFO  server.RaftServerConfigKeys (ConfUtils.java:logGet(43)) - raft.server.log.write.buffer.size = 33554432 (custom)
2019-09-26 10:41:49,756 [pool-137-thread-1] INFO  server.RaftServerConfigKeys (ConfUtils.java:logGet(43)) - raft.server.log.force.sync.num = 128 (default)
2019-09-26 10:41:49,756 [pool-137-thread-1] INFO  server.RaftServerConfigKeys (ConfUtils.java:logGet(43)) - raft.server.log.statemachine.data.sync = true (default)
2019-09-26 10:41:49,756 [pool-137-thread-1] INFO  server.RaftServerConfigKeys (ConfUtils.java:logGet(43)) - raft.server.log.statemachine.data.sync.timeout = 10s (default)
2019-09-26 10:41:49,756 [pool-137-thread-1] INFO  server.RaftServerConfigKeys (ConfUtils.java:logGet(43)) - raft.server.log.statemachine.data.sync.timeout.retry = -1 (default)
2019-09-26 10:41:49,756 [pool-137-thread-1] INFO  server.RaftServerConfigKeys (ConfUtils.java:logGet(43)) - raft.server.log.statemachine.data.caching.enabled = true (custom)
2019-09-26 10:41:49,757 [pool-137-thread-1] INFO  segmented.SegmentedRaftLogWorker (SegmentedRaftLogWorker.java:lambda$new$0(132)) - d15e0447-89ee-413a-8b64-4668700b9317@group-B9D9C32A5997-SegmentedRaftLogWorker: flushIndex: setUnconditionally 0 -> -1
2019-09-26 10:41:49,757 [pool-137-thread-1] INFO  server.RaftServerConfigKeys (ConfUtils.java:logGet(43)) - raft.server.snapshot.auto.trigger.enabled = true (custom)
2019-09-26 10:41:49,757 [pool-137-thread-1] INFO  server.RaftServerConfigKeys (ConfUtils.java:logGet(43)) - raft.server.snapshot.auto.trigger.threshold = 10000 (custom)
2019-09-26 10:41:49,757 [pool-137-thread-1] INFO  server.RaftServerConfigKeys (ConfUtils.java:logGet(43)) - raft.server.snapshot.retention.num.files = 5 (custom)
2019-09-26 10:41:49,757 [pool-137-thread-1] INFO  server.RaftServerConfigKeys (ConfUtils.java:logGet(43)) - raft.server.retrycache.expirytime = 600000ms (custom)
2019-09-26 10:41:49,759 [pool-137-thread-1] INFO  impl.RaftServerImpl (RaftServerImpl.java:start(185)) - d15e0447-89ee-413a-8b64-4668700b9317@group-B9D9C32A5997: start as a follower, conf=-1: [d15e0447-89ee-413a-8b64-4668700b9317:192.168.30.13:40975], old=null
2019-09-26 10:41:49,759 [pool-137-thread-1] INFO  impl.RaftServerImpl (RaftServerImpl.java:setRole(174)) - d15e0447-89ee-413a-8b64-4668700b9317@group-B9D9C32A5997: changes role from      null to FOLLOWER at term 0 for startAsFollower
2019-09-26 10:41:49,760 [pool-137-thread-1] INFO  impl.RoleInfo (RoleInfo.java:updateAndGet(143)) - d15e0447-89ee-413a-8b64-4668700b9317: start FollowerState
2019-09-26 10:41:49,760 [pool-137-thread-1] INFO  util.JmxRegister (JmxRegister.java:tryRegister(44)) - Successfully registered JMX Bean with object name Ratis:service=RaftServer,group=group-B9D9C32A5997,id=d15e0447-89ee-413a-8b64-4668700b9317
2019-09-26 10:41:49,763 [RatisPipelineUtilsThread] INFO  pipeline.PipelineStateManager (PipelineStateManager.java:addPipeline(56)) - Created pipeline Pipeline[ Id: b9ec871d-cb76-4658-9a64-b9d9c32a5997, Nodes: d15e0447-89ee-413a-8b64-4668700b9317{ip: 192.168.30.13, host: pr-hdds-1569-wvzgm-824869521, networkLocation: /default-rack, certSerialId: null}, Type:RATIS, Factor:ONE, State:OPEN]
2019-09-26 10:41:49,763 [RatisPipelineUtilsThread] INFO  pipeline.PipelinePlacementPolicy (PipelinePlacementPolicy.java:meetCriteria(91)) - Pipeline Placement: can't place more pipeline on heavy datanode： 4bf39b58-3848-4acf-b320-fb978d248b73 Heaviness: 6 limit: 5
2019-09-26 10:41:49,769 [grpc-default-executor-0] INFO  impl.RaftServerProxy (RaftServerProxy.java:addNew(89)) - 596cfd2b-9e52-4fa6-b850-d9aef53ae22f: addNew group-6CB763C9C165:[596cfd2b-9e52-4fa6-b850-d9aef53ae22f:192.168.30.13:33896] returns group-6CB763C9C165:java.util.concurrent.CompletableFuture@6934b38[Not completed]
2019-09-26 10:41:49,771 [pool-147-thread-1] INFO  impl.RaftServerImpl (RaftServerImpl.java:<init>(95)) - 596cfd2b-9e52-4fa6-b850-d9aef53ae22f: new RaftServerImpl for group-6CB763C9C165:[596cfd2b-9e52-4fa6-b850-d9aef53ae22f:192.168.30.13:33896] with ContainerStateMachine:uninitialized
2019-09-26 10:41:49,771 [pool-147-thread-1] INFO  server.RaftServerConfigKeys (ConfUtils.java:logGet(43)) - raft.server.rpc.timeout.min = 5s (custom)
2019-09-26 10:41:49,771 [pool-147-thread-1] INFO  server.RaftServerConfigKeys (ConfUtils.java:logGet(43)) - raft.server.rpc.timeout.max = 5200ms (custom)
2019-09-26 10:41:49,771 [pool-147-thread-1] INFO  server.RaftServerConfigKeys (ConfUtils.java:logGet(43)) - raft.server.rpcslowness.timeout = 120s (custom)
2019-09-26 10:41:49,771 [pool-147-thread-1] INFO  server.RaftServerConfigKeys (ConfUtils.java:logGet(43)) - raft.server.sleep.deviation.threshold = 300 (default)
2019-09-26 10:41:49,772 [pool-147-thread-1] INFO  server.RaftServerConfigKeys (ConfUtils.java:logGet(43)) - raft.server.log.appender.install.snapshot.enabled = false (custom)
2019-09-26 10:41:49,772 [pool-147-thread-1] INFO  impl.RaftServerImpl (ServerState.java:<init>(103)) - 596cfd2b-9e52-4fa6-b850-d9aef53ae22f@group-6CB763C9C165: ConfigurationManager, init=-1: [596cfd2b-9e52-4fa6-b850-d9aef53ae22f:192.168.30.13:33896], old=null, confs=<EMPTY_MAP>
2019-09-26 10:41:49,772 [pool-147-thread-1] INFO  server.RaftServerConfigKeys (ConfUtils.java:logGet(43)) - raft.server.storage.dir = [/workdir/hadoop-ozone/integration-test/target/test-dir/MiniOzoneClusterImpl-599c001a-03b4-4289-becf-fa48adbd6871/datanode-2/data/ratis] (custom)
2019-09-26 10:41:49,772 [pool-147-thread-1] INFO  storage.RaftStorageDirectory (RaftStorageDirectory.java:analyzeStorage(246)) - The storage directory /workdir/hadoop-ozone/integration-test/target/test-dir/MiniOzoneClusterImpl-599c001a-03b4-4289-becf-fa48adbd6871/datanode-2/data/ratis/cc7fca26-6aba-410b-9725-6cb763c9c165 does not exist. Creating ...
2019-09-26 10:41:49,785 [pool-147-thread-1] INFO  storage.RaftStorageDirectory (RaftStorageDirectory.java:tryLock(328)) - Lock on /workdir/hadoop-ozone/integration-test/target/test-dir/MiniOzoneClusterImpl-599c001a-03b4-4289-becf-fa48adbd6871/datanode-2/data/ratis/cc7fca26-6aba-410b-9725-6cb763c9c165/in_use.lock acquired by nodename 10232@pr-hdds-1569-wvzgm-824869521
2019-09-26 10:41:49,799 [pool-147-thread-1] INFO  storage.RaftStorage (RaftStorage.java:format(72)) - Storage directory /workdir/hadoop-ozone/integration-test/target/test-dir/MiniOzoneClusterImpl-599c001a-03b4-4289-becf-fa48adbd6871/datanode-2/data/ratis/cc7fca26-6aba-410b-9725-6cb763c9c165 has been successfully formatted.
2019-09-26 10:41:49,799 [pool-147-thread-1] INFO  ratis.ContainerStateMachine (ContainerStateMachine.java:loadSnapshot(230)) - group-6CB763C9C165: The snapshot info is null. Setting the last applied indexto:(t:0, i:~)
2019-09-26 10:41:49,799 [pool-147-thread-1] INFO  server.RaftServerConfigKeys (ConfUtils.java:logGet(43)) - raft.server.notification.no-leader.timeout = 120s (custom)
2019-09-26 10:41:49,799 [pool-147-thread-1] INFO  server.RaftServerConfigKeys (ConfUtils.java:logGet(43)) - raft.server.log.use.memory = false (default)
2019-09-26 10:41:49,799 [pool-147-thread-1] INFO  server.RaftServerConfigKeys (ConfUtils.java:logGet(43)) - raft.server.log.purge.gap = 1000000 (custom)
2019-09-26 10:41:49,799 [pool-147-thread-1] INFO  server.RaftServerConfigKeys (ConfUtils.java:logGet(43)) - raft.server.log.appender.buffer.byte-limit = 33554432 (custom)
2019-09-26 10:41:49,800 [pool-147-thread-1] INFO  server.RaftServerConfigKeys (ConfUtils.java:logGet(43)) - raft.server.log.segment.size.max = 1048576 (custom)
2019-09-26 10:41:49,800 [pool-147-thread-1] INFO  server.RaftServerConfigKeys (ConfUtils.java:logGet(43)) - raft.server.log.segment.cache.num.max = 2 (custom)
2019-09-26 10:41:49,800 [pool-147-thread-1] INFO  segmented.SegmentedRaftLogWorker (SegmentedRaftLogWorker.java:<init>(172)) - new 596cfd2b-9e52-4fa6-b850-d9aef53ae22f@group-6CB763C9C165-SegmentedRaftLogWorker for RaftStorage:Storage Directory /workdir/hadoop-ozone/integration-test/target/test-dir/MiniOzoneClusterImpl-599c001a-03b4-4289-becf-fa48adbd6871/datanode-2/data/ratis/cc7fca26-6aba-410b-9725-6cb763c9c165
2019-09-26 10:41:49,800 [pool-147-thread-1] INFO  server.RaftServerConfigKeys (ConfUtils.java:logGet(43)) - raft.server.log.queue.byte-limit = 2147483647 (custom)
2019-09-26 10:41:49,800 [pool-147-thread-1] INFO  server.RaftServerConfigKeys (ConfUtils.java:logGet(43)) - raft.server.log.queue.element-limit = 1024 (custom)
2019-09-26 10:41:49,800 [pool-147-thread-1] INFO  server.RaftServerConfigKeys (ConfUtils.java:logGet(43)) - raft.server.log.segment.size.max = 1048576 (custom)
2019-09-26 10:41:49,801 [pool-147-thread-1] INFO  server.RaftServerConfigKeys (ConfUtils.java:logGet(43)) - raft.server.log.preallocated.size = 16384 (custom)
2019-09-26 10:41:49,801 [pool-147-thread-1] INFO  server.RaftServerConfigKeys (ConfUtils.java:logGet(43)) - raft.server.log.write.buffer.size = 33554432 (custom)
2019-09-26 10:41:49,801 [pool-147-thread-1] INFO  server.RaftServerConfigKeys (ConfUtils.java:logGet(43)) - raft.server.log.force.sync.num = 128 (default)
2019-09-26 10:41:49,801 [pool-147-thread-1] INFO  server.RaftServerConfigKeys (ConfUtils.java:logGet(43)) - raft.server.log.statemachine.data.sync = true (default)
2019-09-26 10:41:49,801 [pool-147-thread-1] INFO  server.RaftServerConfigKeys (ConfUtils.java:logGet(43)) - raft.server.log.statemachine.data.sync.timeout = 10s (default)
2019-09-26 10:41:49,801 [pool-147-thread-1] INFO  server.RaftServerConfigKeys (ConfUtils.java:logGet(43)) - raft.server.log.statemachine.data.sync.timeout.retry = -1 (default)
2019-09-26 10:41:49,802 [pool-147-thread-1] INFO  server.RaftServerConfigKeys (ConfUtils.java:logGet(43)) - raft.server.log.statemachine.data.caching.enabled = true (custom)
2019-09-26 10:41:49,802 [pool-147-thread-1] INFO  segmented.SegmentedRaftLogWorker (SegmentedRaftLogWorker.java:lambda$new$0(132)) - 596cfd2b-9e52-4fa6-b850-d9aef53ae22f@group-6CB763C9C165-SegmentedRaftLogWorker: flushIndex: setUnconditionally 0 -> -1
2019-09-26 10:41:49,802 [pool-147-thread-1] INFO  server.RaftServerConfigKeys (ConfUtils.java:logGet(43)) - raft.server.snapshot.auto.trigger.enabled = true (custom)
2019-09-26 10:41:49,802 [pool-147-thread-1] INFO  server.RaftServerConfigKeys (ConfUtils.java:logGet(43)) - raft.server.snapshot.auto.trigger.threshold = 10000 (custom)
2019-09-26 10:41:49,803 [pool-147-thread-1] INFO  server.RaftServerConfigKeys (ConfUtils.java:logGet(43)) - raft.server.snapshot.retention.num.files = 5 (custom)
2019-09-26 10:41:49,803 [pool-147-thread-1] INFO  server.RaftServerConfigKeys (ConfUtils.java:logGet(43)) - raft.server.retrycache.expirytime = 600000ms (custom)
2019-09-26 10:41:49,805 [pool-147-thread-1] INFO  impl.RaftServerImpl (RaftServerImpl.java:start(185)) - 596cfd2b-9e52-4fa6-b850-d9aef53ae22f@group-6CB763C9C165: start as a follower, conf=-1: [596cfd2b-9e52-4fa6-b850-d9aef53ae22f:192.168.30.13:33896], old=null
2019-09-26 10:41:49,805 [pool-147-thread-1] INFO  impl.RaftServerImpl (RaftServerImpl.java:setRole(174)) - 596cfd2b-9e52-4fa6-b850-d9aef53ae22f@group-6CB763C9C165: changes role from      null to FOLLOWER at term 0 for startAsFollower
2019-09-26 10:41:49,805 [pool-147-thread-1] INFO  impl.RoleInfo (RoleInfo.java:updateAndGet(143)) - 596cfd2b-9e52-4fa6-b850-d9aef53ae22f: start FollowerState
2019-09-26 10:41:49,806 [pool-147-thread-1] INFO  util.JmxRegister (JmxRegister.java:tryRegister(44)) - Successfully registered JMX Bean with object name Ratis:service=RaftServer,group=group-6CB763C9C165,id=596cfd2b-9e52-4fa6-b850-d9aef53ae22f
2019-09-26 10:41:49,809 [RatisPipelineUtilsThread] INFO  pipeline.PipelineStateManager (PipelineStateManager.java:addPipeline(56)) - Created pipeline Pipeline[ Id: cc7fca26-6aba-410b-9725-6cb763c9c165, Nodes: 596cfd2b-9e52-4fa6-b850-d9aef53ae22f{ip: 192.168.30.13, host: pr-hdds-1569-wvzgm-824869521, networkLocation: /default-rack, certSerialId: null}, Type:RATIS, Factor:ONE, State:OPEN]
2019-09-26 10:41:49,810 [RatisPipelineUtilsThread] INFO  pipeline.PipelinePlacementPolicy (PipelinePlacementPolicy.java:meetCriteria(91)) - Pipeline Placement: can't place more pipeline on heavy datanode： 4bf39b58-3848-4acf-b320-fb978d248b73 Heaviness: 6 limit: 5
2019-09-26 10:41:49,815 [grpc-default-executor-0] INFO  impl.RaftServerProxy (RaftServerProxy.java:addNew(89)) - d15e0447-89ee-413a-8b64-4668700b9317: addNew group-AA637434C11F:[d15e0447-89ee-413a-8b64-4668700b9317:192.168.30.13:40975] returns group-AA637434C11F:java.util.concurrent.CompletableFuture@4ec1abe9[Not completed]
2019-09-26 10:41:49,816 [pool-137-thread-1] INFO  impl.RaftServerImpl (RaftServerImpl.java:<init>(95)) - d15e0447-89ee-413a-8b64-4668700b9317: new RaftServerImpl for group-AA637434C11F:[d15e0447-89ee-413a-8b64-4668700b9317:192.168.30.13:40975] with ContainerStateMachine:uninitialized
2019-09-26 10:41:49,817 [pool-137-thread-1] INFO  server.RaftServerConfigKeys (ConfUtils.java:logGet(43)) - raft.server.rpc.timeout.min = 5s (custom)
2019-09-26 10:41:49,817 [pool-137-thread-1] INFO  server.RaftServerConfigKeys (ConfUtils.java:logGet(43)) - raft.server.rpc.timeout.max = 5200ms (custom)
2019-09-26 10:41:49,817 [pool-137-thread-1] INFO  server.RaftServerConfigKeys (ConfUtils.java:logGet(43)) - raft.server.rpcslowness.timeout = 120s (custom)
2019-09-26 10:41:49,817 [pool-137-thread-1] INFO  server.RaftServerConfigKeys (ConfUtils.java:logGet(43)) - raft.server.sleep.deviation.threshold = 300 (default)
2019-09-26 10:41:49,817 [pool-137-thread-1] INFO  server.RaftServerConfigKeys (ConfUtils.java:logGet(43)) - raft.server.log.appender.install.snapshot.enabled = false (custom)
2019-09-26 10:41:49,817 [pool-137-thread-1] INFO  impl.RaftServerImpl (ServerState.java:<init>(103)) - d15e0447-89ee-413a-8b64-4668700b9317@group-AA637434C11F: ConfigurationManager, init=-1: [d15e0447-89ee-413a-8b64-4668700b9317:192.168.30.13:40975], old=null, confs=<EMPTY_MAP>
2019-09-26 10:41:49,817 [pool-137-thread-1] INFO  server.RaftServerConfigKeys (ConfUtils.java:logGet(43)) - raft.server.storage.dir = [/workdir/hadoop-ozone/integration-test/target/test-dir/MiniOzoneClusterImpl-599c001a-03b4-4289-becf-fa48adbd6871/datanode-1/data/ratis] (custom)
2019-09-26 10:41:49,818 [pool-137-thread-1] INFO  storage.RaftStorageDirectory (RaftStorageDirectory.java:analyzeStorage(246)) - The storage directory /workdir/hadoop-ozone/integration-test/target/test-dir/MiniOzoneClusterImpl-599c001a-03b4-4289-becf-fa48adbd6871/datanode-1/data/ratis/79ccc337-dd3e-4b2c-a29f-aa637434c11f does not exist. Creating ...
2019-09-26 10:41:49,831 [pool-137-thread-1] INFO  storage.RaftStorageDirectory (RaftStorageDirectory.java:tryLock(328)) - Lock on /workdir/hadoop-ozone/integration-test/target/test-dir/MiniOzoneClusterImpl-599c001a-03b4-4289-becf-fa48adbd6871/datanode-1/data/ratis/79ccc337-dd3e-4b2c-a29f-aa637434c11f/in_use.lock acquired by nodename 10232@pr-hdds-1569-wvzgm-824869521
2019-09-26 10:41:49,844 [pool-137-thread-1] INFO  storage.RaftStorage (RaftStorage.java:format(72)) - Storage directory /workdir/hadoop-ozone/integration-test/target/test-dir/MiniOzoneClusterImpl-599c001a-03b4-4289-becf-fa48adbd6871/datanode-1/data/ratis/79ccc337-dd3e-4b2c-a29f-aa637434c11f has been successfully formatted.
2019-09-26 10:41:49,844 [pool-137-thread-1] INFO  ratis.ContainerStateMachine (ContainerStateMachine.java:loadSnapshot(230)) - group-AA637434C11F: The snapshot info is null. Setting the last applied indexto:(t:0, i:~)
2019-09-26 10:41:49,845 [pool-137-thread-1] INFO  server.RaftServerConfigKeys (ConfUtils.java:logGet(43)) - raft.server.notification.no-leader.timeout = 120s (custom)
2019-09-26 10:41:49,845 [pool-137-thread-1] INFO  server.RaftServerConfigKeys (ConfUtils.java:logGet(43)) - raft.server.log.use.memory = false (default)
2019-09-26 10:41:49,845 [pool-137-thread-1] INFO  server.RaftServerConfigKeys (ConfUtils.java:logGet(43)) - raft.server.log.purge.gap = 1000000 (custom)
2019-09-26 10:41:49,845 [pool-137-thread-1] INFO  server.RaftServerConfigKeys (ConfUtils.java:logGet(43)) - raft.server.log.appender.buffer.byte-limit = 33554432 (custom)
2019-09-26 10:41:49,845 [pool-137-thread-1] INFO  server.RaftServerConfigKeys (ConfUtils.java:logGet(43)) - raft.server.log.segment.size.max = 1048576 (custom)
2019-09-26 10:41:49,845 [pool-137-thread-1] INFO  server.RaftServerConfigKeys (ConfUtils.java:logGet(43)) - raft.server.log.segment.cache.num.max = 2 (custom)
2019-09-26 10:41:49,845 [pool-137-thread-1] INFO  segmented.SegmentedRaftLogWorker (SegmentedRaftLogWorker.java:<init>(172)) - new d15e0447-89ee-413a-8b64-4668700b9317@group-AA637434C11F-SegmentedRaftLogWorker for RaftStorage:Storage Directory /workdir/hadoop-ozone/integration-test/target/test-dir/MiniOzoneClusterImpl-599c001a-03b4-4289-becf-fa48adbd6871/datanode-1/data/ratis/79ccc337-dd3e-4b2c-a29f-aa637434c11f
2019-09-26 10:41:49,845 [pool-137-thread-1] INFO  server.RaftServerConfigKeys (ConfUtils.java:logGet(43)) - raft.server.log.queue.byte-limit = 2147483647 (custom)
2019-09-26 10:41:49,845 [pool-137-thread-1] INFO  server.RaftServerConfigKeys (ConfUtils.java:logGet(43)) - raft.server.log.queue.element-limit = 1024 (custom)
2019-09-26 10:41:49,846 [pool-137-thread-1] INFO  server.RaftServerConfigKeys (ConfUtils.java:logGet(43)) - raft.server.log.segment.size.max = 1048576 (custom)
2019-09-26 10:41:49,846 [pool-137-thread-1] INFO  server.RaftServerConfigKeys (ConfUtils.java:logGet(43)) - raft.server.log.preallocated.size = 16384 (custom)
2019-09-26 10:41:49,846 [pool-137-thread-1] INFO  server.RaftServerConfigKeys (ConfUtils.java:logGet(43)) - raft.server.log.write.buffer.size = 33554432 (custom)
2019-09-26 10:41:49,846 [pool-137-thread-1] INFO  server.RaftServerConfigKeys (ConfUtils.java:logGet(43)) - raft.server.log.force.sync.num = 128 (default)
2019-09-26 10:41:49,846 [pool-137-thread-1] INFO  server.RaftServerConfigKeys (ConfUtils.java:logGet(43)) - raft.server.log.statemachine.data.sync = true (default)
2019-09-26 10:41:49,846 [pool-137-thread-1] INFO  server.RaftServerConfigKeys (ConfUtils.java:logGet(43)) - raft.server.log.statemachine.data.sync.timeout = 10s (default)
2019-09-26 10:41:49,846 [pool-137-thread-1] INFO  server.RaftServerConfigKeys (ConfUtils.java:logGet(43)) - raft.server.log.statemachine.data.sync.timeout.retry = -1 (default)
2019-09-26 10:41:49,846 [pool-137-thread-1] INFO  server.RaftServerConfigKeys (ConfUtils.java:logGet(43)) - raft.server.log.statemachine.data.caching.enabled = true (custom)
2019-09-26 10:41:49,846 [pool-137-thread-1] INFO  segmented.SegmentedRaftLogWorker (SegmentedRaftLogWorker.java:lambda$new$0(132)) - d15e0447-89ee-413a-8b64-4668700b9317@group-AA637434C11F-SegmentedRaftLogWorker: flushIndex: setUnconditionally 0 -> -1
2019-09-26 10:41:49,847 [pool-137-thread-1] INFO  server.RaftServerConfigKeys (ConfUtils.java:logGet(43)) - raft.server.snapshot.auto.trigger.enabled = true (custom)
2019-09-26 10:41:49,847 [pool-137-thread-1] INFO  server.RaftServerConfigKeys (ConfUtils.java:logGet(43)) - raft.server.snapshot.auto.trigger.threshold = 10000 (custom)
2019-09-26 10:41:49,847 [pool-137-thread-1] INFO  server.RaftServerConfigKeys (ConfUtils.java:logGet(43)) - raft.server.snapshot.retention.num.files = 5 (custom)
2019-09-26 10:41:49,847 [pool-137-thread-1] INFO  server.RaftServerConfigKeys (ConfUtils.java:logGet(43)) - raft.server.retrycache.expirytime = 600000ms (custom)
2019-09-26 10:41:49,849 [pool-137-thread-1] INFO  impl.RaftServerImpl (RaftServerImpl.java:start(185)) - d15e0447-89ee-413a-8b64-4668700b9317@group-AA637434C11F: start as a follower, conf=-1: [d15e0447-89ee-413a-8b64-4668700b9317:192.168.30.13:40975], old=null
2019-09-26 10:41:49,849 [pool-137-thread-1] INFO  impl.RaftServerImpl (RaftServerImpl.java:setRole(174)) - d15e0447-89ee-413a-8b64-4668700b9317@group-AA637434C11F: changes role from      null to FOLLOWER at term 0 for startAsFollower
2019-09-26 10:41:49,849 [pool-137-thread-1] INFO  impl.RoleInfo (RoleInfo.java:updateAndGet(143)) - d15e0447-89ee-413a-8b64-4668700b9317: start FollowerState
2019-09-26 10:41:49,849 [pool-137-thread-1] INFO  util.JmxRegister (JmxRegister.java:tryRegister(44)) - Successfully registered JMX Bean with object name Ratis:service=RaftServer,group=group-AA637434C11F,id=d15e0447-89ee-413a-8b64-4668700b9317
2019-09-26 10:41:49,852 [RatisPipelineUtilsThread] INFO  pipeline.PipelineStateManager (PipelineStateManager.java:addPipeline(56)) - Created pipeline Pipeline[ Id: 79ccc337-dd3e-4b2c-a29f-aa637434c11f, Nodes: d15e0447-89ee-413a-8b64-4668700b9317{ip: 192.168.30.13, host: pr-hdds-1569-wvzgm-824869521, networkLocation: /default-rack, certSerialId: null}, Type:RATIS, Factor:ONE, State:OPEN]
2019-09-26 10:41:49,853 [RatisPipelineUtilsThread] INFO  pipeline.PipelinePlacementPolicy (PipelinePlacementPolicy.java:meetCriteria(91)) - Pipeline Placement: can't place more pipeline on heavy datanode： 4bf39b58-3848-4acf-b320-fb978d248b73 Heaviness: 6 limit: 5
2019-09-26 10:41:49,853 [RatisPipelineUtilsThread] INFO  pipeline.PipelinePlacementPolicy (PipelinePlacementPolicy.java:meetCriteria(91)) - Pipeline Placement: can't place more pipeline on heavy datanode： d15e0447-89ee-413a-8b64-4668700b9317 Heaviness: 6 limit: 5
2019-09-26 10:41:49,859 [grpc-default-executor-0] INFO  impl.RaftServerProxy (RaftServerProxy.java:addNew(89)) - 596cfd2b-9e52-4fa6-b850-d9aef53ae22f: addNew group-FA568C571251:[596cfd2b-9e52-4fa6-b850-d9aef53ae22f:192.168.30.13:33896] returns group-FA568C571251:java.util.concurrent.CompletableFuture@59ea25bc[Not completed]
2019-09-26 10:41:49,860 [pool-147-thread-1] INFO  impl.RaftServerImpl (RaftServerImpl.java:<init>(95)) - 596cfd2b-9e52-4fa6-b850-d9aef53ae22f: new RaftServerImpl for group-FA568C571251:[596cfd2b-9e52-4fa6-b850-d9aef53ae22f:192.168.30.13:33896] with ContainerStateMachine:uninitialized
2019-09-26 10:41:49,860 [pool-147-thread-1] INFO  server.RaftServerConfigKeys (ConfUtils.java:logGet(43)) - raft.server.rpc.timeout.min = 5s (custom)
2019-09-26 10:41:49,860 [pool-147-thread-1] INFO  server.RaftServerConfigKeys (ConfUtils.java:logGet(43)) - raft.server.rpc.timeout.max = 5200ms (custom)
2019-09-26 10:41:49,860 [pool-147-thread-1] INFO  server.RaftServerConfigKeys (ConfUtils.java:logGet(43)) - raft.server.rpcslowness.timeout = 120s (custom)
2019-09-26 10:41:49,860 [pool-147-thread-1] INFO  server.RaftServerConfigKeys (ConfUtils.java:logGet(43)) - raft.server.sleep.deviation.threshold = 300 (default)
2019-09-26 10:41:49,860 [pool-147-thread-1] INFO  server.RaftServerConfigKeys (ConfUtils.java:logGet(43)) - raft.server.log.appender.install.snapshot.enabled = false (custom)
2019-09-26 10:41:49,861 [pool-147-thread-1] INFO  impl.RaftServerImpl (ServerState.java:<init>(103)) - 596cfd2b-9e52-4fa6-b850-d9aef53ae22f@group-FA568C571251: ConfigurationManager, init=-1: [596cfd2b-9e52-4fa6-b850-d9aef53ae22f:192.168.30.13:33896], old=null, confs=<EMPTY_MAP>
2019-09-26 10:41:49,861 [pool-147-thread-1] INFO  server.RaftServerConfigKeys (ConfUtils.java:logGet(43)) - raft.server.storage.dir = [/workdir/hadoop-ozone/integration-test/target/test-dir/MiniOzoneClusterImpl-599c001a-03b4-4289-becf-fa48adbd6871/datanode-2/data/ratis] (custom)
2019-09-26 10:41:49,861 [pool-147-thread-1] INFO  storage.RaftStorageDirectory (RaftStorageDirectory.java:analyzeStorage(246)) - The storage directory /workdir/hadoop-ozone/integration-test/target/test-dir/MiniOzoneClusterImpl-599c001a-03b4-4289-becf-fa48adbd6871/datanode-2/data/ratis/735f052a-3dbd-4f47-a844-fa568c571251 does not exist. Creating ...
2019-09-26 10:41:49,873 [pool-147-thread-1] INFO  storage.RaftStorageDirectory (RaftStorageDirectory.java:tryLock(328)) - Lock on /workdir/hadoop-ozone/integration-test/target/test-dir/MiniOzoneClusterImpl-599c001a-03b4-4289-becf-fa48adbd6871/datanode-2/data/ratis/735f052a-3dbd-4f47-a844-fa568c571251/in_use.lock acquired by nodename 10232@pr-hdds-1569-wvzgm-824869521
2019-09-26 10:41:49,886 [pool-147-thread-1] INFO  storage.RaftStorage (RaftStorage.java:format(72)) - Storage directory /workdir/hadoop-ozone/integration-test/target/test-dir/MiniOzoneClusterImpl-599c001a-03b4-4289-becf-fa48adbd6871/datanode-2/data/ratis/735f052a-3dbd-4f47-a844-fa568c571251 has been successfully formatted.
2019-09-26 10:41:49,886 [pool-147-thread-1] INFO  ratis.ContainerStateMachine (ContainerStateMachine.java:loadSnapshot(230)) - group-FA568C571251: The snapshot info is null. Setting the last applied indexto:(t:0, i:~)
2019-09-26 10:41:49,886 [pool-147-thread-1] INFO  server.RaftServerConfigKeys (ConfUtils.java:logGet(43)) - raft.server.notification.no-leader.timeout = 120s (custom)
2019-09-26 10:41:49,886 [pool-147-thread-1] INFO  server.RaftServerConfigKeys (ConfUtils.java:logGet(43)) - raft.server.log.use.memory = false (default)
2019-09-26 10:41:49,887 [pool-147-thread-1] INFO  server.RaftServerConfigKeys (ConfUtils.java:logGet(43)) - raft.server.log.purge.gap = 1000000 (custom)
2019-09-26 10:41:49,887 [pool-147-thread-1] INFO  server.RaftServerConfigKeys (ConfUtils.java:logGet(43)) - raft.server.log.appender.buffer.byte-limit = 33554432 (custom)
2019-09-26 10:41:49,887 [pool-147-thread-1] INFO  server.RaftServerConfigKeys (ConfUtils.java:logGet(43)) - raft.server.log.segment.size.max = 1048576 (custom)
2019-09-26 10:41:49,887 [pool-147-thread-1] INFO  server.RaftServerConfigKeys (ConfUtils.java:logGet(43)) - raft.server.log.segment.cache.num.max = 2 (custom)
2019-09-26 10:41:49,887 [pool-147-thread-1] INFO  segmented.SegmentedRaftLogWorker (SegmentedRaftLogWorker.java:<init>(172)) - new 596cfd2b-9e52-4fa6-b850-d9aef53ae22f@group-FA568C571251-SegmentedRaftLogWorker for RaftStorage:Storage Directory /workdir/hadoop-ozone/integration-test/target/test-dir/MiniOzoneClusterImpl-599c001a-03b4-4289-becf-fa48adbd6871/datanode-2/data/ratis/735f052a-3dbd-4f47-a844-fa568c571251
2019-09-26 10:41:49,887 [pool-147-thread-1] INFO  server.RaftServerConfigKeys (ConfUtils.java:logGet(43)) - raft.server.log.queue.byte-limit = 2147483647 (custom)
2019-09-26 10:41:49,887 [pool-147-thread-1] INFO  server.RaftServerConfigKeys (ConfUtils.java:logGet(43)) - raft.server.log.queue.element-limit = 1024 (custom)
2019-09-26 10:41:49,887 [pool-147-thread-1] INFO  server.RaftServerConfigKeys (ConfUtils.java:logGet(43)) - raft.server.log.segment.size.max = 1048576 (custom)
2019-09-26 10:41:49,888 [pool-147-thread-1] INFO  server.RaftServerConfigKeys (ConfUtils.java:logGet(43)) - raft.server.log.preallocated.size = 16384 (custom)
2019-09-26 10:41:49,888 [pool-147-thread-1] INFO  server.RaftServerConfigKeys (ConfUtils.java:logGet(43)) - raft.server.log.write.buffer.size = 33554432 (custom)
2019-09-26 10:41:49,888 [pool-147-thread-1] INFO  server.RaftServerConfigKeys (ConfUtils.java:logGet(43)) - raft.server.log.force.sync.num = 128 (default)
2019-09-26 10:41:49,888 [pool-147-thread-1] INFO  server.RaftServerConfigKeys (ConfUtils.java:logGet(43)) - raft.server.log.statemachine.data.sync = true (default)
2019-09-26 10:41:49,888 [pool-147-thread-1] INFO  server.RaftServerConfigKeys (ConfUtils.java:logGet(43)) - raft.server.log.statemachine.data.sync.timeout = 10s (default)
2019-09-26 10:41:49,888 [pool-147-thread-1] INFO  server.RaftServerConfigKeys (ConfUtils.java:logGet(43)) - raft.server.log.statemachine.data.sync.timeout.retry = -1 (default)
2019-09-26 10:41:49,888 [pool-147-thread-1] INFO  server.RaftServerConfigKeys (ConfUtils.java:logGet(43)) - raft.server.log.statemachine.data.caching.enabled = true (custom)
2019-09-26 10:41:49,889 [pool-147-thread-1] INFO  segmented.SegmentedRaftLogWorker (SegmentedRaftLogWorker.java:lambda$new$0(132)) - 596cfd2b-9e52-4fa6-b850-d9aef53ae22f@group-FA568C571251-SegmentedRaftLogWorker: flushIndex: setUnconditionally 0 -> -1
2019-09-26 10:41:49,889 [pool-147-thread-1] INFO  server.RaftServerConfigKeys (ConfUtils.java:logGet(43)) - raft.server.snapshot.auto.trigger.enabled = true (custom)
2019-09-26 10:41:49,889 [pool-147-thread-1] INFO  server.RaftServerConfigKeys (ConfUtils.java:logGet(43)) - raft.server.snapshot.auto.trigger.threshold = 10000 (custom)
2019-09-26 10:41:49,889 [pool-147-thread-1] INFO  server.RaftServerConfigKeys (ConfUtils.java:logGet(43)) - raft.server.snapshot.retention.num.files = 5 (custom)
2019-09-26 10:41:49,889 [pool-147-thread-1] INFO  server.RaftServerConfigKeys (ConfUtils.java:logGet(43)) - raft.server.retrycache.expirytime = 600000ms (custom)
2019-09-26 10:41:49,891 [pool-147-thread-1] INFO  impl.RaftServerImpl (RaftServerImpl.java:start(185)) - 596cfd2b-9e52-4fa6-b850-d9aef53ae22f@group-FA568C571251: start as a follower, conf=-1: [596cfd2b-9e52-4fa6-b850-d9aef53ae22f:192.168.30.13:33896], old=null
2019-09-26 10:41:49,891 [pool-147-thread-1] INFO  impl.RaftServerImpl (RaftServerImpl.java:setRole(174)) - 596cfd2b-9e52-4fa6-b850-d9aef53ae22f@group-FA568C571251: changes role from      null to FOLLOWER at term 0 for startAsFollower
2019-09-26 10:41:49,891 [pool-147-thread-1] INFO  impl.RoleInfo (RoleInfo.java:updateAndGet(143)) - 596cfd2b-9e52-4fa6-b850-d9aef53ae22f: start FollowerState
2019-09-26 10:41:49,892 [pool-147-thread-1] INFO  util.JmxRegister (JmxRegister.java:tryRegister(44)) - Successfully registered JMX Bean with object name Ratis:service=RaftServer,group=group-FA568C571251,id=596cfd2b-9e52-4fa6-b850-d9aef53ae22f
2019-09-26 10:41:49,895 [RatisPipelineUtilsThread] INFO  pipeline.PipelineStateManager (PipelineStateManager.java:addPipeline(56)) - Created pipeline Pipeline[ Id: 735f052a-3dbd-4f47-a844-fa568c571251, Nodes: 596cfd2b-9e52-4fa6-b850-d9aef53ae22f{ip: 192.168.30.13, host: pr-hdds-1569-wvzgm-824869521, networkLocation: /default-rack, certSerialId: null}, Type:RATIS, Factor:ONE, State:OPEN]
2019-09-26 10:41:49,895 [RatisPipelineUtilsThread] INFO  pipeline.PipelinePlacementPolicy (PipelinePlacementPolicy.java:meetCriteria(91)) - Pipeline Placement: can't place more pipeline on heavy datanode： 4bf39b58-3848-4acf-b320-fb978d248b73 Heaviness: 6 limit: 5
2019-09-26 10:41:49,895 [RatisPipelineUtilsThread] INFO  pipeline.PipelinePlacementPolicy (PipelinePlacementPolicy.java:meetCriteria(91)) - Pipeline Placement: can't place more pipeline on heavy datanode： d15e0447-89ee-413a-8b64-4668700b9317 Heaviness: 6 limit: 5
2019-09-26 10:41:49,902 [grpc-default-executor-0] INFO  impl.RaftServerProxy (RaftServerProxy.java:addNew(89)) - 596cfd2b-9e52-4fa6-b850-d9aef53ae22f: addNew group-1FA319163412:[596cfd2b-9e52-4fa6-b850-d9aef53ae22f:192.168.30.13:33896] returns group-1FA319163412:java.util.concurrent.CompletableFuture@9ae172c[Not completed]
2019-09-26 10:41:49,903 [pool-147-thread-1] INFO  impl.RaftServerImpl (RaftServerImpl.java:<init>(95)) - 596cfd2b-9e52-4fa6-b850-d9aef53ae22f: new RaftServerImpl for group-1FA319163412:[596cfd2b-9e52-4fa6-b850-d9aef53ae22f:192.168.30.13:33896] with ContainerStateMachine:uninitialized
2019-09-26 10:41:49,903 [pool-147-thread-1] INFO  server.RaftServerConfigKeys (ConfUtils.java:logGet(43)) - raft.server.rpc.timeout.min = 5s (custom)
2019-09-26 10:41:49,903 [pool-147-thread-1] INFO  server.RaftServerConfigKeys (ConfUtils.java:logGet(43)) - raft.server.rpc.timeout.max = 5200ms (custom)
2019-09-26 10:41:49,903 [pool-147-thread-1] INFO  server.RaftServerConfigKeys (ConfUtils.java:logGet(43)) - raft.server.rpcslowness.timeout = 120s (custom)
2019-09-26 10:41:49,903 [pool-147-thread-1] INFO  server.RaftServerConfigKeys (ConfUtils.java:logGet(43)) - raft.server.sleep.deviation.threshold = 300 (default)
2019-09-26 10:41:49,903 [pool-147-thread-1] INFO  server.RaftServerConfigKeys (ConfUtils.java:logGet(43)) - raft.server.log.appender.install.snapshot.enabled = false (custom)
2019-09-26 10:41:49,903 [pool-147-thread-1] INFO  impl.RaftServerImpl (ServerState.java:<init>(103)) - 596cfd2b-9e52-4fa6-b850-d9aef53ae22f@group-1FA319163412: ConfigurationManager, init=-1: [596cfd2b-9e52-4fa6-b850-d9aef53ae22f:192.168.30.13:33896], old=null, confs=<EMPTY_MAP>
2019-09-26 10:41:49,904 [pool-147-thread-1] INFO  server.RaftServerConfigKeys (ConfUtils.java:logGet(43)) - raft.server.storage.dir = [/workdir/hadoop-ozone/integration-test/target/test-dir/MiniOzoneClusterImpl-599c001a-03b4-4289-becf-fa48adbd6871/datanode-2/data/ratis] (custom)
2019-09-26 10:41:49,904 [pool-147-thread-1] INFO  storage.RaftStorageDirectory (RaftStorageDirectory.java:analyzeStorage(246)) - The storage directory /workdir/hadoop-ozone/integration-test/target/test-dir/MiniOzoneClusterImpl-599c001a-03b4-4289-becf-fa48adbd6871/datanode-2/data/ratis/1bef9288-e1f7-4115-b2dd-1fa319163412 does not exist. Creating ...
2019-09-26 10:41:49,916 [pool-147-thread-1] INFO  storage.RaftStorageDirectory (RaftStorageDirectory.java:tryLock(328)) - Lock on /workdir/hadoop-ozone/integration-test/target/test-dir/MiniOzoneClusterImpl-599c001a-03b4-4289-becf-fa48adbd6871/datanode-2/data/ratis/1bef9288-e1f7-4115-b2dd-1fa319163412/in_use.lock acquired by nodename 10232@pr-hdds-1569-wvzgm-824869521
2019-09-26 10:41:49,929 [pool-147-thread-1] INFO  storage.RaftStorage (RaftStorage.java:format(72)) - Storage directory /workdir/hadoop-ozone/integration-test/target/test-dir/MiniOzoneClusterImpl-599c001a-03b4-4289-becf-fa48adbd6871/datanode-2/data/ratis/1bef9288-e1f7-4115-b2dd-1fa319163412 has been successfully formatted.
2019-09-26 10:41:49,929 [pool-147-thread-1] INFO  ratis.ContainerStateMachine (ContainerStateMachine.java:loadSnapshot(230)) - group-1FA319163412: The snapshot info is null. Setting the last applied indexto:(t:0, i:~)
2019-09-26 10:41:49,929 [pool-147-thread-1] INFO  server.RaftServerConfigKeys (ConfUtils.java:logGet(43)) - raft.server.notification.no-leader.timeout = 120s (custom)
2019-09-26 10:41:49,930 [pool-147-thread-1] INFO  server.RaftServerConfigKeys (ConfUtils.java:logGet(43)) - raft.server.log.use.memory = false (default)
2019-09-26 10:41:49,930 [pool-147-thread-1] INFO  server.RaftServerConfigKeys (ConfUtils.java:logGet(43)) - raft.server.log.purge.gap = 1000000 (custom)
2019-09-26 10:41:49,930 [pool-147-thread-1] INFO  server.RaftServerConfigKeys (ConfUtils.java:logGet(43)) - raft.server.log.appender.buffer.byte-limit = 33554432 (custom)
2019-09-26 10:41:49,930 [pool-147-thread-1] INFO  server.RaftServerConfigKeys (ConfUtils.java:logGet(43)) - raft.server.log.segment.size.max = 1048576 (custom)
2019-09-26 10:41:49,930 [pool-147-thread-1] INFO  server.RaftServerConfigKeys (ConfUtils.java:logGet(43)) - raft.server.log.segment.cache.num.max = 2 (custom)
2019-09-26 10:41:49,930 [pool-147-thread-1] INFO  segmented.SegmentedRaftLogWorker (SegmentedRaftLogWorker.java:<init>(172)) - new 596cfd2b-9e52-4fa6-b850-d9aef53ae22f@group-1FA319163412-SegmentedRaftLogWorker for RaftStorage:Storage Directory /workdir/hadoop-ozone/integration-test/target/test-dir/MiniOzoneClusterImpl-599c001a-03b4-4289-becf-fa48adbd6871/datanode-2/data/ratis/1bef9288-e1f7-4115-b2dd-1fa319163412
2019-09-26 10:41:49,930 [pool-147-thread-1] INFO  server.RaftServerConfigKeys (ConfUtils.java:logGet(43)) - raft.server.log.queue.byte-limit = 2147483647 (custom)
2019-09-26 10:41:49,930 [pool-147-thread-1] INFO  server.RaftServerConfigKeys (ConfUtils.java:logGet(43)) - raft.server.log.queue.element-limit = 1024 (custom)
2019-09-26 10:41:49,931 [pool-147-thread-1] INFO  server.RaftServerConfigKeys (ConfUtils.java:logGet(43)) - raft.server.log.segment.size.max = 1048576 (custom)
2019-09-26 10:41:49,931 [pool-147-thread-1] INFO  server.RaftServerConfigKeys (ConfUtils.java:logGet(43)) - raft.server.log.preallocated.size = 16384 (custom)
2019-09-26 10:41:49,931 [pool-147-thread-1] INFO  server.RaftServerConfigKeys (ConfUtils.java:logGet(43)) - raft.server.log.write.buffer.size = 33554432 (custom)
2019-09-26 10:41:49,931 [pool-147-thread-1] INFO  server.RaftServerConfigKeys (ConfUtils.java:logGet(43)) - raft.server.log.force.sync.num = 128 (default)
2019-09-26 10:41:49,931 [pool-147-thread-1] INFO  server.RaftServerConfigKeys (ConfUtils.java:logGet(43)) - raft.server.log.statemachine.data.sync = true (default)
2019-09-26 10:41:49,931 [pool-147-thread-1] INFO  server.RaftServerConfigKeys (ConfUtils.java:logGet(43)) - raft.server.log.statemachine.data.sync.timeout = 10s (default)
2019-09-26 10:41:49,931 [pool-147-thread-1] INFO  server.RaftServerConfigKeys (ConfUtils.java:logGet(43)) - raft.server.log.statemachine.data.sync.timeout.retry = -1 (default)
2019-09-26 10:41:49,931 [pool-147-thread-1] INFO  server.RaftServerConfigKeys (ConfUtils.java:logGet(43)) - raft.server.log.statemachine.data.caching.enabled = true (custom)
2019-09-26 10:41:49,932 [pool-147-thread-1] INFO  segmented.SegmentedRaftLogWorker (SegmentedRaftLogWorker.java:lambda$new$0(132)) - 596cfd2b-9e52-4fa6-b850-d9aef53ae22f@group-1FA319163412-SegmentedRaftLogWorker: flushIndex: setUnconditionally 0 -> -1
2019-09-26 10:41:49,932 [pool-147-thread-1] INFO  server.RaftServerConfigKeys (ConfUtils.java:logGet(43)) - raft.server.snapshot.auto.trigger.enabled = true (custom)
2019-09-26 10:41:49,932 [pool-147-thread-1] INFO  server.RaftServerConfigKeys (ConfUtils.java:logGet(43)) - raft.server.snapshot.auto.trigger.threshold = 10000 (custom)
2019-09-26 10:41:49,932 [pool-147-thread-1] INFO  server.RaftServerConfigKeys (ConfUtils.java:logGet(43)) - raft.server.snapshot.retention.num.files = 5 (custom)
2019-09-26 10:41:49,932 [pool-147-thread-1] INFO  server.RaftServerConfigKeys (ConfUtils.java:logGet(43)) - raft.server.retrycache.expirytime = 600000ms (custom)
2019-09-26 10:41:49,934 [pool-147-thread-1] INFO  impl.RaftServerImpl (RaftServerImpl.java:start(185)) - 596cfd2b-9e52-4fa6-b850-d9aef53ae22f@group-1FA319163412: start as a follower, conf=-1: [596cfd2b-9e52-4fa6-b850-d9aef53ae22f:192.168.30.13:33896], old=null
2019-09-26 10:41:49,934 [pool-147-thread-1] INFO  impl.RaftServerImpl (RaftServerImpl.java:setRole(174)) - 596cfd2b-9e52-4fa6-b850-d9aef53ae22f@group-1FA319163412: changes role from      null to FOLLOWER at term 0 for startAsFollower
2019-09-26 10:41:49,934 [pool-147-thread-1] INFO  impl.RoleInfo (RoleInfo.java:updateAndGet(143)) - 596cfd2b-9e52-4fa6-b850-d9aef53ae22f: start FollowerState
2019-09-26 10:41:49,935 [pool-147-thread-1] INFO  util.JmxRegister (JmxRegister.java:tryRegister(44)) - Successfully registered JMX Bean with object name Ratis:service=RaftServer,group=group-1FA319163412,id=596cfd2b-9e52-4fa6-b850-d9aef53ae22f
2019-09-26 10:41:49,939 [RatisPipelineUtilsThread] INFO  pipeline.PipelineStateManager (PipelineStateManager.java:addPipeline(56)) - Created pipeline Pipeline[ Id: 1bef9288-e1f7-4115-b2dd-1fa319163412, Nodes: 596cfd2b-9e52-4fa6-b850-d9aef53ae22f{ip: 192.168.30.13, host: pr-hdds-1569-wvzgm-824869521, networkLocation: /default-rack, certSerialId: null}, Type:RATIS, Factor:ONE, State:OPEN]
2019-09-26 10:41:49,939 [RatisPipelineUtilsThread] INFO  pipeline.PipelinePlacementPolicy (PipelinePlacementPolicy.java:meetCriteria(91)) - Pipeline Placement: can't place more pipeline on heavy datanode： 4bf39b58-3848-4acf-b320-fb978d248b73 Heaviness: 6 limit: 5
2019-09-26 10:41:49,939 [RatisPipelineUtilsThread] INFO  pipeline.PipelinePlacementPolicy (PipelinePlacementPolicy.java:meetCriteria(91)) - Pipeline Placement: can't place more pipeline on heavy datanode： d15e0447-89ee-413a-8b64-4668700b9317 Heaviness: 6 limit: 5
2019-09-26 10:41:49,945 [grpc-default-executor-0] INFO  impl.RaftServerProxy (RaftServerProxy.java:addNew(89)) - 596cfd2b-9e52-4fa6-b850-d9aef53ae22f: addNew group-2DF9BD608B49:[596cfd2b-9e52-4fa6-b850-d9aef53ae22f:192.168.30.13:33896] returns group-2DF9BD608B49:java.util.concurrent.CompletableFuture@271ef41e[Not completed]
2019-09-26 10:41:49,946 [pool-147-thread-1] INFO  impl.RaftServerImpl (RaftServerImpl.java:<init>(95)) - 596cfd2b-9e52-4fa6-b850-d9aef53ae22f: new RaftServerImpl for group-2DF9BD608B49:[596cfd2b-9e52-4fa6-b850-d9aef53ae22f:192.168.30.13:33896] with ContainerStateMachine:uninitialized
2019-09-26 10:41:49,946 [pool-147-thread-1] INFO  server.RaftServerConfigKeys (ConfUtils.java:logGet(43)) - raft.server.rpc.timeout.min = 5s (custom)
2019-09-26 10:41:49,946 [pool-147-thread-1] INFO  server.RaftServerConfigKeys (ConfUtils.java:logGet(43)) - raft.server.rpc.timeout.max = 5200ms (custom)
2019-09-26 10:41:49,947 [pool-147-thread-1] INFO  server.RaftServerConfigKeys (ConfUtils.java:logGet(43)) - raft.server.rpcslowness.timeout = 120s (custom)
2019-09-26 10:41:49,947 [pool-147-thread-1] INFO  server.RaftServerConfigKeys (ConfUtils.java:logGet(43)) - raft.server.sleep.deviation.threshold = 300 (default)
2019-09-26 10:41:49,947 [pool-147-thread-1] INFO  server.RaftServerConfigKeys (ConfUtils.java:logGet(43)) - raft.server.log.appender.install.snapshot.enabled = false (custom)
2019-09-26 10:41:49,947 [pool-147-thread-1] INFO  impl.RaftServerImpl (ServerState.java:<init>(103)) - 596cfd2b-9e52-4fa6-b850-d9aef53ae22f@group-2DF9BD608B49: ConfigurationManager, init=-1: [596cfd2b-9e52-4fa6-b850-d9aef53ae22f:192.168.30.13:33896], old=null, confs=<EMPTY_MAP>
2019-09-26 10:41:49,947 [pool-147-thread-1] INFO  server.RaftServerConfigKeys (ConfUtils.java:logGet(43)) - raft.server.storage.dir = [/workdir/hadoop-ozone/integration-test/target/test-dir/MiniOzoneClusterImpl-599c001a-03b4-4289-becf-fa48adbd6871/datanode-2/data/ratis] (custom)
2019-09-26 10:41:49,947 [pool-147-thread-1] INFO  storage.RaftStorageDirectory (RaftStorageDirectory.java:analyzeStorage(246)) - The storage directory /workdir/hadoop-ozone/integration-test/target/test-dir/MiniOzoneClusterImpl-599c001a-03b4-4289-becf-fa48adbd6871/datanode-2/data/ratis/5715553e-6b00-4be4-aab6-2df9bd608b49 does not exist. Creating ...
2019-09-26 10:41:49,963 [pool-147-thread-1] INFO  storage.RaftStorageDirectory (RaftStorageDirectory.java:tryLock(328)) - Lock on /workdir/hadoop-ozone/integration-test/target/test-dir/MiniOzoneClusterImpl-599c001a-03b4-4289-becf-fa48adbd6871/datanode-2/data/ratis/5715553e-6b00-4be4-aab6-2df9bd608b49/in_use.lock acquired by nodename 10232@pr-hdds-1569-wvzgm-824869521
2019-09-26 10:41:49,976 [pool-147-thread-1] INFO  storage.RaftStorage (RaftStorage.java:format(72)) - Storage directory /workdir/hadoop-ozone/integration-test/target/test-dir/MiniOzoneClusterImpl-599c001a-03b4-4289-becf-fa48adbd6871/datanode-2/data/ratis/5715553e-6b00-4be4-aab6-2df9bd608b49 has been successfully formatted.
2019-09-26 10:41:49,977 [pool-147-thread-1] INFO  ratis.ContainerStateMachine (ContainerStateMachine.java:loadSnapshot(230)) - group-2DF9BD608B49: The snapshot info is null. Setting the last applied indexto:(t:0, i:~)
2019-09-26 10:41:49,977 [pool-147-thread-1] INFO  server.RaftServerConfigKeys (ConfUtils.java:logGet(43)) - raft.server.notification.no-leader.timeout = 120s (custom)
2019-09-26 10:41:49,977 [pool-147-thread-1] INFO  server.RaftServerConfigKeys (ConfUtils.java:logGet(43)) - raft.server.log.use.memory = false (default)
2019-09-26 10:41:49,977 [pool-147-thread-1] INFO  server.RaftServerConfigKeys (ConfUtils.java:logGet(43)) - raft.server.log.purge.gap = 1000000 (custom)
2019-09-26 10:41:49,977 [pool-147-thread-1] INFO  server.RaftServerConfigKeys (ConfUtils.java:logGet(43)) - raft.server.log.appender.buffer.byte-limit = 33554432 (custom)
2019-09-26 10:41:49,977 [pool-147-thread-1] INFO  server.RaftServerConfigKeys (ConfUtils.java:logGet(43)) - raft.server.log.segment.size.max = 1048576 (custom)
2019-09-26 10:41:49,977 [pool-147-thread-1] INFO  server.RaftServerConfigKeys (ConfUtils.java:logGet(43)) - raft.server.log.segment.cache.num.max = 2 (custom)
2019-09-26 10:41:49,977 [pool-147-thread-1] INFO  segmented.SegmentedRaftLogWorker (SegmentedRaftLogWorker.java:<init>(172)) - new 596cfd2b-9e52-4fa6-b850-d9aef53ae22f@group-2DF9BD608B49-SegmentedRaftLogWorker for RaftStorage:Storage Directory /workdir/hadoop-ozone/integration-test/target/test-dir/MiniOzoneClusterImpl-599c001a-03b4-4289-becf-fa48adbd6871/datanode-2/data/ratis/5715553e-6b00-4be4-aab6-2df9bd608b49
2019-09-26 10:41:49,978 [pool-147-thread-1] INFO  server.RaftServerConfigKeys (ConfUtils.java:logGet(43)) - raft.server.log.queue.byte-limit = 2147483647 (custom)
2019-09-26 10:41:49,978 [pool-147-thread-1] INFO  server.RaftServerConfigKeys (ConfUtils.java:logGet(43)) - raft.server.log.queue.element-limit = 1024 (custom)
2019-09-26 10:41:49,978 [pool-147-thread-1] INFO  server.RaftServerConfigKeys (ConfUtils.java:logGet(43)) - raft.server.log.segment.size.max = 1048576 (custom)
2019-09-26 10:41:49,978 [pool-147-thread-1] INFO  server.RaftServerConfigKeys (ConfUtils.java:logGet(43)) - raft.server.log.preallocated.size = 16384 (custom)
2019-09-26 10:41:49,978 [pool-147-thread-1] INFO  server.RaftServerConfigKeys (ConfUtils.java:logGet(43)) - raft.server.log.write.buffer.size = 33554432 (custom)
2019-09-26 10:41:49,978 [pool-147-thread-1] INFO  server.RaftServerConfigKeys (ConfUtils.java:logGet(43)) - raft.server.log.force.sync.num = 128 (default)
2019-09-26 10:41:49,978 [pool-147-thread-1] INFO  server.RaftServerConfigKeys (ConfUtils.java:logGet(43)) - raft.server.log.statemachine.data.sync = true (default)
2019-09-26 10:41:49,979 [pool-147-thread-1] INFO  server.RaftServerConfigKeys (ConfUtils.java:logGet(43)) - raft.server.log.statemachine.data.sync.timeout = 10s (default)
2019-09-26 10:41:49,979 [pool-147-thread-1] INFO  server.RaftServerConfigKeys (ConfUtils.java:logGet(43)) - raft.server.log.statemachine.data.sync.timeout.retry = -1 (default)
2019-09-26 10:41:49,979 [pool-147-thread-1] INFO  server.RaftServerConfigKeys (ConfUtils.java:logGet(43)) - raft.server.log.statemachine.data.caching.enabled = true (custom)
2019-09-26 10:41:49,979 [pool-147-thread-1] INFO  segmented.SegmentedRaftLogWorker (SegmentedRaftLogWorker.java:lambda$new$0(132)) - 596cfd2b-9e52-4fa6-b850-d9aef53ae22f@group-2DF9BD608B49-SegmentedRaftLogWorker: flushIndex: setUnconditionally 0 -> -1
2019-09-26 10:41:49,980 [pool-147-thread-1] INFO  server.RaftServerConfigKeys (ConfUtils.java:logGet(43)) - raft.server.snapshot.auto.trigger.enabled = true (custom)
2019-09-26 10:41:49,980 [pool-147-thread-1] INFO  server.RaftServerConfigKeys (ConfUtils.java:logGet(43)) - raft.server.snapshot.auto.trigger.threshold = 10000 (custom)
2019-09-26 10:41:49,980 [pool-147-thread-1] INFO  server.RaftServerConfigKeys (ConfUtils.java:logGet(43)) - raft.server.snapshot.retention.num.files = 5 (custom)
2019-09-26 10:41:49,980 [pool-147-thread-1] INFO  server.RaftServerConfigKeys (ConfUtils.java:logGet(43)) - raft.server.retrycache.expirytime = 600000ms (custom)
2019-09-26 10:41:49,982 [pool-147-thread-1] INFO  impl.RaftServerImpl (RaftServerImpl.java:start(185)) - 596cfd2b-9e52-4fa6-b850-d9aef53ae22f@group-2DF9BD608B49: start as a follower, conf=-1: [596cfd2b-9e52-4fa6-b850-d9aef53ae22f:192.168.30.13:33896], old=null
2019-09-26 10:41:49,982 [pool-147-thread-1] INFO  impl.RaftServerImpl (RaftServerImpl.java:setRole(174)) - 596cfd2b-9e52-4fa6-b850-d9aef53ae22f@group-2DF9BD608B49: changes role from      null to FOLLOWER at term 0 for startAsFollower
2019-09-26 10:41:49,982 [pool-147-thread-1] INFO  impl.RoleInfo (RoleInfo.java:updateAndGet(143)) - 596cfd2b-9e52-4fa6-b850-d9aef53ae22f: start FollowerState
2019-09-26 10:41:49,982 [pool-147-thread-1] INFO  util.JmxRegister (JmxRegister.java:tryRegister(44)) - Successfully registered JMX Bean with object name Ratis:service=RaftServer,group=group-2DF9BD608B49,id=596cfd2b-9e52-4fa6-b850-d9aef53ae22f
2019-09-26 10:41:49,986 [RatisPipelineUtilsThread] INFO  pipeline.PipelineStateManager (PipelineStateManager.java:addPipeline(56)) - Created pipeline Pipeline[ Id: 5715553e-6b00-4be4-aab6-2df9bd608b49, Nodes: 596cfd2b-9e52-4fa6-b850-d9aef53ae22f{ip: 192.168.30.13, host: pr-hdds-1569-wvzgm-824869521, networkLocation: /default-rack, certSerialId: null}, Type:RATIS, Factor:ONE, State:OPEN]
2019-09-26 10:41:49,986 [RatisPipelineUtilsThread] INFO  pipeline.PipelinePlacementPolicy (PipelinePlacementPolicy.java:meetCriteria(91)) - Pipeline Placement: can't place more pipeline on heavy datanode： 4bf39b58-3848-4acf-b320-fb978d248b73 Heaviness: 6 limit: 5
2019-09-26 10:41:49,986 [RatisPipelineUtilsThread] INFO  pipeline.PipelinePlacementPolicy (PipelinePlacementPolicy.java:meetCriteria(91)) - Pipeline Placement: can't place more pipeline on heavy datanode： d15e0447-89ee-413a-8b64-4668700b9317 Heaviness: 6 limit: 5
2019-09-26 10:41:49,995 [grpc-default-executor-0] INFO  impl.RaftServerProxy (RaftServerProxy.java:addNew(89)) - 596cfd2b-9e52-4fa6-b850-d9aef53ae22f: addNew group-803F5117A7B1:[596cfd2b-9e52-4fa6-b850-d9aef53ae22f:192.168.30.13:33896] returns group-803F5117A7B1:java.util.concurrent.CompletableFuture@f4945a9[Not completed]
2019-09-26 10:41:49,999 [pool-147-thread-1] INFO  impl.RaftServerImpl (RaftServerImpl.java:<init>(95)) - 596cfd2b-9e52-4fa6-b850-d9aef53ae22f: new RaftServerImpl for group-803F5117A7B1:[596cfd2b-9e52-4fa6-b850-d9aef53ae22f:192.168.30.13:33896] with ContainerStateMachine:uninitialized
2019-09-26 10:41:49,999 [pool-147-thread-1] INFO  server.RaftServerConfigKeys (ConfUtils.java:logGet(43)) - raft.server.rpc.timeout.min = 5s (custom)
2019-09-26 10:41:50,000 [pool-147-thread-1] INFO  server.RaftServerConfigKeys (ConfUtils.java:logGet(43)) - raft.server.rpc.timeout.max = 5200ms (custom)
2019-09-26 10:41:50,000 [pool-147-thread-1] INFO  server.RaftServerConfigKeys (ConfUtils.java:logGet(43)) - raft.server.rpcslowness.timeout = 120s (custom)
2019-09-26 10:41:50,000 [pool-147-thread-1] INFO  server.RaftServerConfigKeys (ConfUtils.java:logGet(43)) - raft.server.sleep.deviation.threshold = 300 (default)
2019-09-26 10:41:50,000 [pool-147-thread-1] INFO  server.RaftServerConfigKeys (ConfUtils.java:logGet(43)) - raft.server.log.appender.install.snapshot.enabled = false (custom)
2019-09-26 10:41:50,000 [pool-147-thread-1] INFO  impl.RaftServerImpl (ServerState.java:<init>(103)) - 596cfd2b-9e52-4fa6-b850-d9aef53ae22f@group-803F5117A7B1: ConfigurationManager, init=-1: [596cfd2b-9e52-4fa6-b850-d9aef53ae22f:192.168.30.13:33896], old=null, confs=<EMPTY_MAP>
2019-09-26 10:41:50,001 [pool-147-thread-1] INFO  server.RaftServerConfigKeys (ConfUtils.java:logGet(43)) - raft.server.storage.dir = [/workdir/hadoop-ozone/integration-test/target/test-dir/MiniOzoneClusterImpl-599c001a-03b4-4289-becf-fa48adbd6871/datanode-2/data/ratis] (custom)
2019-09-26 10:41:50,001 [pool-147-thread-1] INFO  storage.RaftStorageDirectory (RaftStorageDirectory.java:analyzeStorage(246)) - The storage directory /workdir/hadoop-ozone/integration-test/target/test-dir/MiniOzoneClusterImpl-599c001a-03b4-4289-becf-fa48adbd6871/datanode-2/data/ratis/7ab63f84-0840-4c57-9094-803f5117a7b1 does not exist. Creating ...
2019-09-26 10:41:50,014 [pool-147-thread-1] INFO  storage.RaftStorageDirectory (RaftStorageDirectory.java:tryLock(328)) - Lock on /workdir/hadoop-ozone/integration-test/target/test-dir/MiniOzoneClusterImpl-599c001a-03b4-4289-becf-fa48adbd6871/datanode-2/data/ratis/7ab63f84-0840-4c57-9094-803f5117a7b1/in_use.lock acquired by nodename 10232@pr-hdds-1569-wvzgm-824869521
2019-09-26 10:41:50,028 [pool-147-thread-1] INFO  storage.RaftStorage (RaftStorage.java:format(72)) - Storage directory /workdir/hadoop-ozone/integration-test/target/test-dir/MiniOzoneClusterImpl-599c001a-03b4-4289-becf-fa48adbd6871/datanode-2/data/ratis/7ab63f84-0840-4c57-9094-803f5117a7b1 has been successfully formatted.
2019-09-26 10:41:50,028 [pool-147-thread-1] INFO  ratis.ContainerStateMachine (ContainerStateMachine.java:loadSnapshot(230)) - group-803F5117A7B1: The snapshot info is null. Setting the last applied indexto:(t:0, i:~)
2019-09-26 10:41:50,029 [pool-147-thread-1] INFO  server.RaftServerConfigKeys (ConfUtils.java:logGet(43)) - raft.server.notification.no-leader.timeout = 120s (custom)
2019-09-26 10:41:50,029 [pool-147-thread-1] INFO  server.RaftServerConfigKeys (ConfUtils.java:logGet(43)) - raft.server.log.use.memory = false (default)
2019-09-26 10:41:50,029 [pool-147-thread-1] INFO  server.RaftServerConfigKeys (ConfUtils.java:logGet(43)) - raft.server.log.purge.gap = 1000000 (custom)
2019-09-26 10:41:50,029 [pool-147-thread-1] INFO  server.RaftServerConfigKeys (ConfUtils.java:logGet(43)) - raft.server.log.appender.buffer.byte-limit = 33554432 (custom)
2019-09-26 10:41:50,029 [pool-147-thread-1] INFO  server.RaftServerConfigKeys (ConfUtils.java:logGet(43)) - raft.server.log.segment.size.max = 1048576 (custom)
2019-09-26 10:41:50,029 [pool-147-thread-1] INFO  server.RaftServerConfigKeys (ConfUtils.java:logGet(43)) - raft.server.log.segment.cache.num.max = 2 (custom)
2019-09-26 10:41:50,029 [pool-147-thread-1] INFO  segmented.SegmentedRaftLogWorker (SegmentedRaftLogWorker.java:<init>(172)) - new 596cfd2b-9e52-4fa6-b850-d9aef53ae22f@group-803F5117A7B1-SegmentedRaftLogWorker for RaftStorage:Storage Directory /workdir/hadoop-ozone/integration-test/target/test-dir/MiniOzoneClusterImpl-599c001a-03b4-4289-becf-fa48adbd6871/datanode-2/data/ratis/7ab63f84-0840-4c57-9094-803f5117a7b1
2019-09-26 10:41:50,030 [pool-147-thread-1] INFO  server.RaftServerConfigKeys (ConfUtils.java:logGet(43)) - raft.server.log.queue.byte-limit = 2147483647 (custom)
2019-09-26 10:41:50,030 [pool-147-thread-1] INFO  server.RaftServerConfigKeys (ConfUtils.java:logGet(43)) - raft.server.log.queue.element-limit = 1024 (custom)
2019-09-26 10:41:50,030 [pool-147-thread-1] INFO  server.RaftServerConfigKeys (ConfUtils.java:logGet(43)) - raft.server.log.segment.size.max = 1048576 (custom)
2019-09-26 10:41:50,030 [pool-147-thread-1] INFO  server.RaftServerConfigKeys (ConfUtils.java:logGet(43)) - raft.server.log.preallocated.size = 16384 (custom)
2019-09-26 10:41:50,030 [pool-147-thread-1] INFO  server.RaftServerConfigKeys (ConfUtils.java:logGet(43)) - raft.server.log.write.buffer.size = 33554432 (custom)
2019-09-26 10:41:50,030 [pool-147-thread-1] INFO  server.RaftServerConfigKeys (ConfUtils.java:logGet(43)) - raft.server.log.force.sync.num = 128 (default)
2019-09-26 10:41:50,030 [pool-147-thread-1] INFO  server.RaftServerConfigKeys (ConfUtils.java:logGet(43)) - raft.server.log.statemachine.data.sync = true (default)
2019-09-26 10:41:50,030 [pool-147-thread-1] INFO  server.RaftServerConfigKeys (ConfUtils.java:logGet(43)) - raft.server.log.statemachine.data.sync.timeout = 10s (default)
2019-09-26 10:41:50,031 [pool-147-thread-1] INFO  server.RaftServerConfigKeys (ConfUtils.java:logGet(43)) - raft.server.log.statemachine.data.sync.timeout.retry = -1 (default)
2019-09-26 10:41:50,031 [pool-147-thread-1] INFO  server.RaftServerConfigKeys (ConfUtils.java:logGet(43)) - raft.server.log.statemachine.data.caching.enabled = true (custom)
2019-09-26 10:41:50,031 [pool-147-thread-1] INFO  segmented.SegmentedRaftLogWorker (SegmentedRaftLogWorker.java:lambda$new$0(132)) - 596cfd2b-9e52-4fa6-b850-d9aef53ae22f@group-803F5117A7B1-SegmentedRaftLogWorker: flushIndex: setUnconditionally 0 -> -1
2019-09-26 10:41:50,032 [pool-147-thread-1] INFO  server.RaftServerConfigKeys (ConfUtils.java:logGet(43)) - raft.server.snapshot.auto.trigger.enabled = true (custom)
2019-09-26 10:41:50,032 [pool-147-thread-1] INFO  server.RaftServerConfigKeys (ConfUtils.java:logGet(43)) - raft.server.snapshot.auto.trigger.threshold = 10000 (custom)
2019-09-26 10:41:50,032 [pool-147-thread-1] INFO  server.RaftServerConfigKeys (ConfUtils.java:logGet(43)) - raft.server.snapshot.retention.num.files = 5 (custom)
2019-09-26 10:41:50,032 [pool-147-thread-1] INFO  server.RaftServerConfigKeys (ConfUtils.java:logGet(43)) - raft.server.retrycache.expirytime = 600000ms (custom)
2019-09-26 10:41:50,034 [pool-147-thread-1] INFO  impl.RaftServerImpl (RaftServerImpl.java:start(185)) - 596cfd2b-9e52-4fa6-b850-d9aef53ae22f@group-803F5117A7B1: start as a follower, conf=-1: [596cfd2b-9e52-4fa6-b850-d9aef53ae22f:192.168.30.13:33896], old=null
2019-09-26 10:41:50,034 [pool-147-thread-1] INFO  impl.RaftServerImpl (RaftServerImpl.java:setRole(174)) - 596cfd2b-9e52-4fa6-b850-d9aef53ae22f@group-803F5117A7B1: changes role from      null to FOLLOWER at term 0 for startAsFollower
2019-09-26 10:41:50,034 [pool-147-thread-1] INFO  impl.RoleInfo (RoleInfo.java:updateAndGet(143)) - 596cfd2b-9e52-4fa6-b850-d9aef53ae22f: start FollowerState
2019-09-26 10:41:50,035 [pool-147-thread-1] INFO  util.JmxRegister (JmxRegister.java:tryRegister(44)) - Successfully registered JMX Bean with object name Ratis:service=RaftServer,group=group-803F5117A7B1,id=596cfd2b-9e52-4fa6-b850-d9aef53ae22f
2019-09-26 10:41:50,039 [RatisPipelineUtilsThread] INFO  pipeline.PipelineStateManager (PipelineStateManager.java:addPipeline(56)) - Created pipeline Pipeline[ Id: 7ab63f84-0840-4c57-9094-803f5117a7b1, Nodes: 596cfd2b-9e52-4fa6-b850-d9aef53ae22f{ip: 192.168.30.13, host: pr-hdds-1569-wvzgm-824869521, networkLocation: /default-rack, certSerialId: null}, Type:RATIS, Factor:ONE, State:OPEN]
2019-09-26 10:41:50,039 [RatisPipelineUtilsThread] INFO  pipeline.PipelinePlacementPolicy (PipelinePlacementPolicy.java:meetCriteria(91)) - Pipeline Placement: can't place more pipeline on heavy datanode： 596cfd2b-9e52-4fa6-b850-d9aef53ae22f Heaviness: 6 limit: 5
2019-09-26 10:41:50,039 [RatisPipelineUtilsThread] INFO  pipeline.PipelinePlacementPolicy (PipelinePlacementPolicy.java:meetCriteria(91)) - Pipeline Placement: can't place more pipeline on heavy datanode： 4bf39b58-3848-4acf-b320-fb978d248b73 Heaviness: 6 limit: 5
2019-09-26 10:41:50,040 [RatisPipelineUtilsThread] INFO  pipeline.PipelinePlacementPolicy (PipelinePlacementPolicy.java:meetCriteria(91)) - Pipeline Placement: can't place more pipeline on heavy datanode： d15e0447-89ee-413a-8b64-4668700b9317 Heaviness: 6 limit: 5
2019-09-26 10:41:50,040 [RatisPipelineUtilsThread] ERROR pipeline.PipelinePlacementPolicy (PipelinePlacementPolicy.java:filterViableNodes(148)) - Unable to find enough nodes that meet the criteria that cannot engage in more than 5 pipelines. Nodes required: 1 Found: 0, healthy nodes count inNodeManager: 3.
2019-09-26 10:41:50,040 [RatisPipelineUtilsThread] ERROR pipeline.SCMPipelineManager (SCMPipelineManager.java:createPipeline(167)) - Pipeline creation failed.
org.apache.hadoop.hdds.scm.exceptions.SCMException: Unable to find enough nodes that meet the criteria that cannot engage in more than 5 pipelines. Nodes required: 1 Found: 0, healthy nodes count inNodeManager: 3.
	at org.apache.hadoop.hdds.scm.pipeline.PipelinePlacementPolicy.filterViableNodes(PipelinePlacementPolicy.java:149)
	at org.apache.hadoop.hdds.scm.pipeline.PipelinePlacementPolicy.chooseDatanodes(PipelinePlacementPolicy.java:172)
	at org.apache.hadoop.hdds.scm.pipeline.RatisPipelineProvider.create(RatisPipelineProvider.java:93)
	at org.apache.hadoop.hdds.scm.pipeline.PipelineFactory.create(PipelineFactory.java:58)
	at org.apache.hadoop.hdds.scm.pipeline.SCMPipelineManager.createPipeline(SCMPipelineManager.java:155)
	at org.apache.hadoop.hdds.scm.pipeline.BackgroundPipelineCreator.createPipelines(BackgroundPipelineCreator.java:99)
	at java.util.concurrent.Executors$RunnableAdapter.call(Executors.java:511)
	at java.util.concurrent.FutureTask.run(FutureTask.java:266)
	at java.util.concurrent.ScheduledThreadPoolExecutor$ScheduledFutureTask.access$201(ScheduledThreadPoolExecutor.java:180)
	at java.util.concurrent.ScheduledThreadPoolExecutor$ScheduledFutureTask.run(ScheduledThreadPoolExecutor.java:293)
	at java.util.concurrent.ThreadPoolExecutor.runWorker(ThreadPoolExecutor.java:1149)
	at java.util.concurrent.ThreadPoolExecutor$Worker.run(ThreadPoolExecutor.java:624)
	at java.lang.Thread.run(Thread.java:748)
2019-09-26 10:41:50,041 [RatisPipelineUtilsThread] INFO  pipeline.PipelinePlacementPolicy (PipelinePlacementPolicy.java:meetCriteria(91)) - Pipeline Placement: can't place more pipeline on heavy datanode： 596cfd2b-9e52-4fa6-b850-d9aef53ae22f Heaviness: 6 limit: 5
2019-09-26 10:41:50,041 [RatisPipelineUtilsThread] INFO  pipeline.PipelinePlacementPolicy (PipelinePlacementPolicy.java:meetCriteria(91)) - Pipeline Placement: can't place more pipeline on heavy datanode： 4bf39b58-3848-4acf-b320-fb978d248b73 Heaviness: 6 limit: 5
2019-09-26 10:41:50,041 [RatisPipelineUtilsThread] INFO  pipeline.PipelinePlacementPolicy (PipelinePlacementPolicy.java:meetCriteria(91)) - Pipeline Placement: can't place more pipeline on heavy datanode： d15e0447-89ee-413a-8b64-4668700b9317 Heaviness: 6 limit: 5
2019-09-26 10:41:50,041 [RatisPipelineUtilsThread] ERROR pipeline.PipelinePlacementPolicy (PipelinePlacementPolicy.java:filterViableNodes(148)) - Unable to find enough nodes that meet the criteria that cannot engage in more than 5 pipelines. Nodes required: 3 Found: 0, healthy nodes count inNodeManager: 3.
2019-09-26 10:41:50,041 [RatisPipelineUtilsThread] ERROR pipeline.SCMPipelineManager (SCMPipelineManager.java:createPipeline(167)) - Pipeline creation failed.
org.apache.hadoop.hdds.scm.exceptions.SCMException: Unable to find enough nodes that meet the criteria that cannot engage in more than 5 pipelines. Nodes required: 3 Found: 0, healthy nodes count inNodeManager: 3.
	at org.apache.hadoop.hdds.scm.pipeline.PipelinePlacementPolicy.filterViableNodes(PipelinePlacementPolicy.java:149)
	at org.apache.hadoop.hdds.scm.pipeline.PipelinePlacementPolicy.chooseDatanodes(PipelinePlacementPolicy.java:172)
	at org.apache.hadoop.hdds.scm.pipeline.RatisPipelineProvider.create(RatisPipelineProvider.java:93)
	at org.apache.hadoop.hdds.scm.pipeline.PipelineFactory.create(PipelineFactory.java:58)
	at org.apache.hadoop.hdds.scm.pipeline.SCMPipelineManager.createPipeline(SCMPipelineManager.java:155)
	at org.apache.hadoop.hdds.scm.pipeline.BackgroundPipelineCreator.createPipelines(BackgroundPipelineCreator.java:99)
	at java.util.concurrent.Executors$RunnableAdapter.call(Executors.java:511)
	at java.util.concurrent.FutureTask.run(FutureTask.java:266)
	at java.util.concurrent.ScheduledThreadPoolExecutor$ScheduledFutureTask.access$201(ScheduledThreadPoolExecutor.java:180)
	at java.util.concurrent.ScheduledThreadPoolExecutor$ScheduledFutureTask.run(ScheduledThreadPoolExecutor.java:293)
	at java.util.concurrent.ThreadPoolExecutor.runWorker(ThreadPoolExecutor.java:1149)
	at java.util.concurrent.ThreadPoolExecutor$Worker.run(ThreadPoolExecutor.java:624)
	at java.lang.Thread.run(Thread.java:748)
2019-09-26 10:41:50,042 [RatisPipelineUtilsThread] INFO  pipeline.PipelinePlacementPolicy (PipelinePlacementPolicy.java:meetCriteria(91)) - Pipeline Placement: can't place more pipeline on heavy datanode： 596cfd2b-9e52-4fa6-b850-d9aef53ae22f Heaviness: 6 limit: 5
2019-09-26 10:41:50,042 [RatisPipelineUtilsThread] INFO  pipeline.PipelinePlacementPolicy (PipelinePlacementPolicy.java:meetCriteria(91)) - Pipeline Placement: can't place more pipeline on heavy datanode： 4bf39b58-3848-4acf-b320-fb978d248b73 Heaviness: 6 limit: 5
2019-09-26 10:41:50,042 [RatisPipelineUtilsThread] INFO  pipeline.PipelinePlacementPolicy (PipelinePlacementPolicy.java:meetCriteria(91)) - Pipeline Placement: can't place more pipeline on heavy datanode： d15e0447-89ee-413a-8b64-4668700b9317 Heaviness: 6 limit: 5
2019-09-26 10:41:50,043 [RatisPipelineUtilsThread] ERROR pipeline.PipelinePlacementPolicy (PipelinePlacementPolicy.java:filterViableNodes(148)) - Unable to find enough nodes that meet the criteria that cannot engage in more than 5 pipelines. Nodes required: 1 Found: 0, healthy nodes count inNodeManager: 3.
2019-09-26 10:41:50,043 [RatisPipelineUtilsThread] ERROR pipeline.SCMPipelineManager (SCMPipelineManager.java:createPipeline(167)) - Pipeline creation failed.
org.apache.hadoop.hdds.scm.exceptions.SCMException: Unable to find enough nodes that meet the criteria that cannot engage in more than 5 pipelines. Nodes required: 1 Found: 0, healthy nodes count inNodeManager: 3.
	at org.apache.hadoop.hdds.scm.pipeline.PipelinePlacementPolicy.filterViableNodes(PipelinePlacementPolicy.java:149)
	at org.apache.hadoop.hdds.scm.pipeline.PipelinePlacementPolicy.chooseDatanodes(PipelinePlacementPolicy.java:172)
	at org.apache.hadoop.hdds.scm.pipeline.RatisPipelineProvider.create(RatisPipelineProvider.java:93)
	at org.apache.hadoop.hdds.scm.pipeline.PipelineFactory.create(PipelineFactory.java:58)
	at org.apache.hadoop.hdds.scm.pipeline.SCMPipelineManager.createPipeline(SCMPipelineManager.java:155)
	at org.apache.hadoop.hdds.scm.pipeline.BackgroundPipelineCreator.createPipelines(BackgroundPipelineCreator.java:99)
	at org.apache.hadoop.hdds.scm.pipeline.BackgroundPipelineCreator.lambda$startFixedIntervalPipelineCreator$0(BackgroundPipelineCreator.java:70)
	at java.util.concurrent.Executors$RunnableAdapter.call(Executors.java:511)
	at java.util.concurrent.FutureTask.runAndReset(FutureTask.java:308)
	at java.util.concurrent.ScheduledThreadPoolExecutor$ScheduledFutureTask.access$301(ScheduledThreadPoolExecutor.java:180)
	at java.util.concurrent.ScheduledThreadPoolExecutor$ScheduledFutureTask.run(ScheduledThreadPoolExecutor.java:294)
	at java.util.concurrent.ThreadPoolExecutor.runWorker(ThreadPoolExecutor.java:1149)
	at java.util.concurrent.ThreadPoolExecutor$Worker.run(ThreadPoolExecutor.java:624)
	at java.lang.Thread.run(Thread.java:748)
2019-09-26 10:41:50,043 [RatisPipelineUtilsThread] INFO  pipeline.PipelinePlacementPolicy (PipelinePlacementPolicy.java:meetCriteria(91)) - Pipeline Placement: can't place more pipeline on heavy datanode： 596cfd2b-9e52-4fa6-b850-d9aef53ae22f Heaviness: 6 limit: 5
2019-09-26 10:41:50,044 [RatisPipelineUtilsThread] INFO  pipeline.PipelinePlacementPolicy (PipelinePlacementPolicy.java:meetCriteria(91)) - Pipeline Placement: can't place more pipeline on heavy datanode： 4bf39b58-3848-4acf-b320-fb978d248b73 Heaviness: 6 limit: 5
2019-09-26 10:41:50,044 [RatisPipelineUtilsThread] INFO  pipeline.PipelinePlacementPolicy (PipelinePlacementPolicy.java:meetCriteria(91)) - Pipeline Placement: can't place more pipeline on heavy datanode： d15e0447-89ee-413a-8b64-4668700b9317 Heaviness: 6 limit: 5
2019-09-26 10:41:50,044 [RatisPipelineUtilsThread] ERROR pipeline.PipelinePlacementPolicy (PipelinePlacementPolicy.java:filterViableNodes(148)) - Unable to find enough nodes that meet the criteria that cannot engage in more than 5 pipelines. Nodes required: 3 Found: 0, healthy nodes count inNodeManager: 3.
2019-09-26 10:41:50,044 [RatisPipelineUtilsThread] ERROR pipeline.SCMPipelineManager (SCMPipelineManager.java:createPipeline(167)) - Pipeline creation failed.
org.apache.hadoop.hdds.scm.exceptions.SCMException: Unable to find enough nodes that meet the criteria that cannot engage in more than 5 pipelines. Nodes required: 3 Found: 0, healthy nodes count inNodeManager: 3.
	at org.apache.hadoop.hdds.scm.pipeline.PipelinePlacementPolicy.filterViableNodes(PipelinePlacementPolicy.java:149)
	at org.apache.hadoop.hdds.scm.pipeline.PipelinePlacementPolicy.chooseDatanodes(PipelinePlacementPolicy.java:172)
	at org.apache.hadoop.hdds.scm.pipeline.RatisPipelineProvider.create(RatisPipelineProvider.java:93)
	at org.apache.hadoop.hdds.scm.pipeline.PipelineFactory.create(PipelineFactory.java:58)
	at org.apache.hadoop.hdds.scm.pipeline.SCMPipelineManager.createPipeline(SCMPipelineManager.java:155)
	at org.apache.hadoop.hdds.scm.pipeline.BackgroundPipelineCreator.createPipelines(BackgroundPipelineCreator.java:99)
	at org.apache.hadoop.hdds.scm.pipeline.BackgroundPipelineCreator.lambda$startFixedIntervalPipelineCreator$0(BackgroundPipelineCreator.java:70)
	at java.util.concurrent.Executors$RunnableAdapter.call(Executors.java:511)
	at java.util.concurrent.FutureTask.runAndReset(FutureTask.java:308)
	at java.util.concurrent.ScheduledThreadPoolExecutor$ScheduledFutureTask.access$301(ScheduledThreadPoolExecutor.java:180)
	at java.util.concurrent.ScheduledThreadPoolExecutor$ScheduledFutureTask.run(ScheduledThreadPoolExecutor.java:294)
	at java.util.concurrent.ThreadPoolExecutor.runWorker(ThreadPoolExecutor.java:1149)
	at java.util.concurrent.ThreadPoolExecutor$Worker.run(ThreadPoolExecutor.java:624)
	at java.lang.Thread.run(Thread.java:748)
2019-09-26 10:41:50,252 [main] INFO  ozone.MiniOzoneClusterImpl (MiniOzoneClusterImpl.java:lambda$waitForClusterToBeReady$0(147)) - Cluster is ready. Got 3 of 3 DN Heartbeats.
2019-09-26 10:41:50,252 [main] INFO  pipeline.PipelinePlacementPolicy (PipelinePlacementPolicy.java:meetCriteria(91)) - Pipeline Placement: can't place more pipeline on heavy datanode： 596cfd2b-9e52-4fa6-b850-d9aef53ae22f Heaviness: 6 limit: 5
2019-09-26 10:41:50,253 [main] INFO  pipeline.PipelinePlacementPolicy (PipelinePlacementPolicy.java:meetCriteria(91)) - Pipeline Placement: can't place more pipeline on heavy datanode： 4bf39b58-3848-4acf-b320-fb978d248b73 Heaviness: 6 limit: 5
2019-09-26 10:41:50,253 [main] INFO  pipeline.PipelinePlacementPolicy (PipelinePlacementPolicy.java:meetCriteria(91)) - Pipeline Placement: can't place more pipeline on heavy datanode： d15e0447-89ee-413a-8b64-4668700b9317 Heaviness: 6 limit: 5
2019-09-26 10:41:50,253 [main] ERROR pipeline.PipelinePlacementPolicy (PipelinePlacementPolicy.java:filterViableNodes(148)) - Unable to find enough nodes that meet the criteria that cannot engage in more than 5 pipelines. Nodes required: 3 Found: 0, healthy nodes count inNodeManager: 3.
2019-09-26 10:41:50,254 [main] ERROR pipeline.SCMPipelineManager (SCMPipelineManager.java:createPipeline(167)) - Pipeline creation failed.
org.apache.hadoop.hdds.scm.exceptions.SCMException: Unable to find enough nodes that meet the criteria that cannot engage in more than 5 pipelines. Nodes required: 3 Found: 0, healthy nodes count inNodeManager: 3.
	at org.apache.hadoop.hdds.scm.pipeline.PipelinePlacementPolicy.filterViableNodes(PipelinePlacementPolicy.java:149)
	at org.apache.hadoop.hdds.scm.pipeline.PipelinePlacementPolicy.chooseDatanodes(PipelinePlacementPolicy.java:172)
	at org.apache.hadoop.hdds.scm.pipeline.RatisPipelineProvider.create(RatisPipelineProvider.java:93)
	at org.apache.hadoop.hdds.scm.pipeline.PipelineFactory.create(PipelineFactory.java:58)
	at org.apache.hadoop.hdds.scm.pipeline.SCMPipelineManager.createPipeline(SCMPipelineManager.java:155)
	at org.apache.hadoop.hdds.scm.container.ContainerStateManager.allocateContainer(ContainerStateManager.java:255)
	at org.apache.hadoop.hdds.scm.container.SCMContainerManager.allocateContainer(SCMContainerManager.java:247)
	at org.apache.hadoop.hdds.scm.pipeline.TestPipelineClose.init(TestPipelineClose.java:92)
	at sun.reflect.NativeMethodAccessorImpl.invoke0(Native Method)
	at sun.reflect.NativeMethodAccessorImpl.invoke(NativeMethodAccessorImpl.java:62)
	at sun.reflect.DelegatingMethodAccessorImpl.invoke(DelegatingMethodAccessorImpl.java:43)
	at java.lang.reflect.Method.invoke(Method.java:498)
	at org.junit.runners.model.FrameworkMethod$1.runReflectiveCall(FrameworkMethod.java:47)
	at org.junit.internal.runners.model.ReflectiveCallable.run(ReflectiveCallable.java:12)
	at org.junit.runners.model.FrameworkMethod.invokeExplosively(FrameworkMethod.java:44)
	at org.junit.internal.runners.statements.RunBefores.evaluate(RunBefores.java:24)
	at org.junit.internal.runners.statements.RunAfters.evaluate(RunAfters.java:27)
	at org.junit.runners.ParentRunner.runLeaf(ParentRunner.java:271)
	at org.junit.runners.BlockJUnit4ClassRunner.runChild(BlockJUnit4ClassRunner.java:70)
	at org.junit.runners.BlockJUnit4ClassRunner.runChild(BlockJUnit4ClassRunner.java:50)
	at org.junit.runners.ParentRunner$3.run(ParentRunner.java:238)
	at org.junit.runners.ParentRunner$1.schedule(ParentRunner.java:63)
	at org.junit.runners.ParentRunner.runChildren(ParentRunner.java:236)
	at org.junit.runners.ParentRunner.access$000(ParentRunner.java:53)
	at org.junit.runners.ParentRunner$2.evaluate(ParentRunner.java:229)
	at org.junit.runners.ParentRunner.run(ParentRunner.java:309)
	at org.apache.maven.surefire.junit4.JUnit4Provider.execute(JUnit4Provider.java:365)
	at org.apache.maven.surefire.junit4.JUnit4Provider.executeWithRerun(JUnit4Provider.java:273)
	at org.apache.maven.surefire.junit4.JUnit4Provider.executeTestSet(JUnit4Provider.java:238)
	at org.apache.maven.surefire.junit4.JUnit4Provider.invoke(JUnit4Provider.java:159)
	at org.apache.maven.surefire.booter.ForkedBooter.invokeProviderInSameClassLoader(ForkedBooter.java:384)
	at org.apache.maven.surefire.booter.ForkedBooter.runSuitesInProcess(ForkedBooter.java:345)
	at org.apache.maven.surefire.booter.ForkedBooter.execute(ForkedBooter.java:126)
	at org.apache.maven.surefire.booter.ForkedBooter.main(ForkedBooter.java:418)
2019-09-26 10:41:50,255 [main] INFO  ozone.MiniOzoneClusterImpl (MiniOzoneClusterImpl.java:shutdown(314)) - Shutting down the Mini Ozone Cluster
2019-09-26 10:41:50,255 [main] INFO  ozone.MiniOzoneClusterImpl (MiniOzoneClusterImpl.java:stop(330)) - Stopping the Mini Ozone Cluster
2019-09-26 10:41:50,256 [main] INFO  ozone.MiniOzoneClusterImpl (MiniOzoneClusterImpl.java:stopOM(400)) - Stopping the OzoneManager
2019-09-26 10:41:50,256 [main] INFO  ipc.Server (Server.java:stop(3082)) - Stopping server on 44463
2019-09-26 10:41:50,262 [IPC Server listener on 44463] INFO  ipc.Server (Server.java:run(1185)) - Stopping IPC Server listener on 44463
2019-09-26 10:41:50,262 [main] INFO  ratis.OzoneManagerDoubleBuffer (OzoneManagerDoubleBuffer.java:stop(248)) - Stopping OMDoubleBuffer flush thread
2019-09-26 10:41:50,263 [IPC Server Responder] INFO  ipc.Server (Server.java:run(1319)) - Stopping IPC Server Responder
2019-09-26 10:41:50,266 [OMDoubleBufferFlushThread] INFO  ratis.OzoneManagerDoubleBuffer (OzoneManagerDoubleBuffer.java:flushTransactions(191)) - OMDoubleBuffer flush thread OMDoubleBufferFlushThread is interrupted and will exit. OMDoubleBufferFlushThread
2019-09-26 10:41:50,268 [main] INFO  utils.BackgroundService (BackgroundService.java:shutdown(148)) - Shutting down service KeyDeletingService
2019-09-26 10:41:50,270 [main] INFO  handler.ContextHandler (ContextHandler.java:doStop(910)) - Stopped o.e.j.w.WebAppContext@45cd7bc5{/,null,UNAVAILABLE}{/ozoneManager}
2019-09-26 10:41:50,272 [main] INFO  server.AbstractConnector (AbstractConnector.java:doStop(318)) - Stopped ServerConnector@6504a875{HTTP/1.1,[http/1.1]}{0.0.0.0:0}
2019-09-26 10:41:50,272 [main] INFO  handler.ContextHandler (ContextHandler.java:doStop(910)) - Stopped o.e.j.s.ServletContextHandler@557a84fe{/static,file:///workdir/hadoop-ozone/integration-test/target/test-classes/webapps/static,UNAVAILABLE}
2019-09-26 10:41:50,273 [main] INFO  handler.ContextHandler (ContextHandler.java:doStop(910)) - Stopped o.e.j.s.ServletContextHandler@65383667{/logs,file:///workdir/hadoop-ozone/integration-test/target/log,UNAVAILABLE}
2019-09-26 10:41:50,276 [main] INFO  ozone.MiniOzoneClusterImpl (MiniOzoneClusterImpl.java:stopDatanodes(377)) - Stopping the HddsDatanodes
2019-09-26 10:41:51,085 [Datanode State Machine Thread - 0] INFO  statemachine.DatanodeStateMachine (DatanodeStateMachine.java:lambda$startDaemon$0(350)) - Ozone container server started.
2019-09-26 10:41:51,175 [Datanode State Machine Thread - 0] INFO  statemachine.DatanodeStateMachine (DatanodeStateMachine.java:lambda$startDaemon$0(350)) - Ozone container server started.
2019-09-26 10:41:52,098 [Thread-704] INFO  container.ReplicationManager (ReplicationManager.java:start(163)) - Starting Replication Monitor Thread.
2019-09-26 10:41:52,101 [ReplicationMonitor] INFO  container.ReplicationManager (ReplicationManager.java:run(226)) - Replication Monitor Thread took 0 milliseconds for processing 0 containers.
2019-09-26 10:41:54,256 [Thread-709] INFO  impl.FollowerState (FollowerState.java:run(106)) - 4bf39b58-3848-4acf-b320-fb978d248b73:group-31C0D5741662 changes to CANDIDATE, lastRpcTime:5028, electionTimeout:5028ms
2019-09-26 10:41:54,256 [Thread-709] INFO  impl.RoleInfo (RoleInfo.java:shutdownFollowerState(121)) - 4bf39b58-3848-4acf-b320-fb978d248b73: shutdown FollowerState
2019-09-26 10:41:54,257 [Thread-709] INFO  impl.RaftServerImpl (RaftServerImpl.java:setRole(174)) - 4bf39b58-3848-4acf-b320-fb978d248b73@group-31C0D5741662: changes role from  FOLLOWER to CANDIDATE at term 0 for changeToCandidate
2019-09-26 10:41:54,257 [Thread-709] INFO  impl.RoleInfo (RoleInfo.java:updateAndGet(143)) - 4bf39b58-3848-4acf-b320-fb978d248b73: start LeaderElection
2019-09-26 10:41:54,277 [4bf39b58-3848-4acf-b320-fb978d248b73@group-31C0D5741662:LeaderElection37] INFO  impl.LeaderElection (LeaderElection.java:askForVotes(182)) - 4bf39b58-3848-4acf-b320-fb978d248b73@group-31C0D5741662:LeaderElection37: begin an election at term 1 for -1: [4bf39b58-3848-4acf-b320-fb978d248b73:192.168.30.13:35754], old=null
2019-09-26 10:41:54,277 [4bf39b58-3848-4acf-b320-fb978d248b73@group-31C0D5741662:LeaderElection37] INFO  impl.RoleInfo (RoleInfo.java:shutdownLeaderElection(134)) - 4bf39b58-3848-4acf-b320-fb978d248b73: shutdown LeaderElection
2019-09-26 10:41:54,277 [4bf39b58-3848-4acf-b320-fb978d248b73@group-31C0D5741662:LeaderElection37] INFO  impl.RaftServerImpl (RaftServerImpl.java:setRole(174)) - 4bf39b58-3848-4acf-b320-fb978d248b73@group-31C0D5741662: changes role from CANDIDATE to LEADER at term 1 for changeToLeader
2019-09-26 10:41:54,277 [4bf39b58-3848-4acf-b320-fb978d248b73@group-31C0D5741662:LeaderElection37] INFO  impl.RaftServerImpl (ServerState.java:setLeader(253)) - 4bf39b58-3848-4acf-b320-fb978d248b73@group-31C0D5741662: change Leader from null to 4bf39b58-3848-4acf-b320-fb978d248b73 at term 1 for becomeLeader, leader elected after 5057ms
2019-09-26 10:41:54,277 [4bf39b58-3848-4acf-b320-fb978d248b73@group-31C0D5741662:LeaderElection37] INFO  server.RaftServerConfigKeys (ConfUtils.java:logGet(43)) - raft.server.staging.catchup.gap = 1000 (default)
2019-09-26 10:41:54,278 [4bf39b58-3848-4acf-b320-fb978d248b73@group-31C0D5741662:LeaderElection37] INFO  server.RaftServerConfigKeys (ConfUtils.java:logGet(43)) - raft.server.rpc.sleep.time = 25ms (default)
2019-09-26 10:41:54,278 [4bf39b58-3848-4acf-b320-fb978d248b73@group-31C0D5741662:LeaderElection37] INFO  server.RaftServerConfigKeys (ConfUtils.java:logGet(43)) - raft.server.write.element-limit = 4096 (default)
2019-09-26 10:41:54,278 [4bf39b58-3848-4acf-b320-fb978d248b73@group-31C0D5741662:LeaderElection37] INFO  server.RaftServerConfigKeys (ConfUtils.java:logGet(43)) - raft.server.watch.timeout = 10s (default)
2019-09-26 10:41:54,278 [4bf39b58-3848-4acf-b320-fb978d248b73@group-31C0D5741662:LeaderElection37] INFO  server.RaftServerConfigKeys (ConfUtils.java:logGet(43)) - raft.server.watch.timeout.denomination = 1s (default)
2019-09-26 10:41:54,278 [4bf39b58-3848-4acf-b320-fb978d248b73@group-31C0D5741662:LeaderElection37] INFO  server.RaftServerConfigKeys (ConfUtils.java:logGet(43)) - raft.server.watch.element-limit = 65536 (default)
2019-09-26 10:41:54,281 [4bf39b58-3848-4acf-b320-fb978d248b73@group-31C0D5741662:LeaderElection37] INFO  impl.RoleInfo (RoleInfo.java:updateAndGet(143)) - 4bf39b58-3848-4acf-b320-fb978d248b73: start LeaderState
2019-09-26 10:41:54,281 [4bf39b58-3848-4acf-b320-fb978d248b73@group-31C0D5741662:LeaderElection37] INFO  segmented.SegmentedRaftLogWorker (SegmentedRaftLogWorker.java:startLogSegment(380)) - 4bf39b58-3848-4acf-b320-fb978d248b73@group-31C0D5741662-SegmentedRaftLogWorker: Starting segment from index:0
2019-09-26 10:41:54,282 [4bf39b58-3848-4acf-b320-fb978d248b73@group-31C0D5741662:LeaderElection37] INFO  impl.RaftServerImpl (ServerState.java:setRaftConf(354)) - 4bf39b58-3848-4acf-b320-fb978d248b73@group-31C0D5741662: set configuration 0: [4bf39b58-3848-4acf-b320-fb978d248b73:192.168.30.13:35754], old=null at 0
2019-09-26 10:41:54,323 [Thread-706] INFO  impl.FollowerState (FollowerState.java:run(106)) - 4bf39b58-3848-4acf-b320-fb978d248b73:group-BB2D0AB35911 changes to CANDIDATE, lastRpcTime:5162, electionTimeout:5162ms
2019-09-26 10:41:54,323 [Thread-706] INFO  impl.RoleInfo (RoleInfo.java:shutdownFollowerState(121)) - 4bf39b58-3848-4acf-b320-fb978d248b73: shutdown FollowerState
2019-09-26 10:41:54,323 [Thread-706] INFO  impl.RaftServerImpl (RaftServerImpl.java:setRole(174)) - 4bf39b58-3848-4acf-b320-fb978d248b73@group-BB2D0AB35911: changes role from  FOLLOWER to CANDIDATE at term 0 for changeToCandidate
2019-09-26 10:41:54,324 [Thread-706] INFO  impl.RoleInfo (RoleInfo.java:updateAndGet(143)) - 4bf39b58-3848-4acf-b320-fb978d248b73: start LeaderElection
2019-09-26 10:41:54,335 [4bf39b58-3848-4acf-b320-fb978d248b73@group-31C0D5741662-SegmentedRaftLogWorker] INFO  segmented.SegmentedRaftLogWorker (SegmentedRaftLogWorker.java:execute(569)) - 4bf39b58-3848-4acf-b320-fb978d248b73@group-31C0D5741662-SegmentedRaftLogWorker: created new log segment /workdir/hadoop-ozone/integration-test/target/test-dir/MiniOzoneClusterImpl-599c001a-03b4-4289-becf-fa48adbd6871/datanode-0/data/ratis/b95b4199-1710-41a5-a8af-31c0d5741662/current/log_inprogress_0
2019-09-26 10:41:54,336 [4bf39b58-3848-4acf-b320-fb978d248b73@group-BB2D0AB35911:LeaderElection38] INFO  impl.LeaderElection (LeaderElection.java:askForVotes(182)) - 4bf39b58-3848-4acf-b320-fb978d248b73@group-BB2D0AB35911:LeaderElection38: begin an election at term 1 for -1: [4bf39b58-3848-4acf-b320-fb978d248b73:192.168.30.13:35754], old=null
2019-09-26 10:41:54,336 [4bf39b58-3848-4acf-b320-fb978d248b73@group-BB2D0AB35911:LeaderElection38] INFO  impl.RoleInfo (RoleInfo.java:shutdownLeaderElection(134)) - 4bf39b58-3848-4acf-b320-fb978d248b73: shutdown LeaderElection
2019-09-26 10:41:54,336 [4bf39b58-3848-4acf-b320-fb978d248b73@group-BB2D0AB35911:LeaderElection38] INFO  impl.RaftServerImpl (RaftServerImpl.java:setRole(174)) - 4bf39b58-3848-4acf-b320-fb978d248b73@group-BB2D0AB35911: changes role from CANDIDATE to LEADER at term 1 for changeToLeader
2019-09-26 10:41:54,336 [4bf39b58-3848-4acf-b320-fb978d248b73@group-BB2D0AB35911:LeaderElection38] INFO  impl.RaftServerImpl (ServerState.java:setLeader(253)) - 4bf39b58-3848-4acf-b320-fb978d248b73@group-BB2D0AB35911: change Leader from null to 4bf39b58-3848-4acf-b320-fb978d248b73 at term 1 for becomeLeader, leader elected after 5189ms
2019-09-26 10:41:54,336 [4bf39b58-3848-4acf-b320-fb978d248b73@group-BB2D0AB35911:LeaderElection38] INFO  server.RaftServerConfigKeys (ConfUtils.java:logGet(43)) - raft.server.staging.catchup.gap = 1000 (default)
2019-09-26 10:41:54,337 [4bf39b58-3848-4acf-b320-fb978d248b73@group-BB2D0AB35911:LeaderElection38] INFO  server.RaftServerConfigKeys (ConfUtils.java:logGet(43)) - raft.server.rpc.sleep.time = 25ms (default)
2019-09-26 10:41:54,337 [4bf39b58-3848-4acf-b320-fb978d248b73@group-BB2D0AB35911:LeaderElection38] INFO  server.RaftServerConfigKeys (ConfUtils.java:logGet(43)) - raft.server.write.element-limit = 4096 (default)
2019-09-26 10:41:54,337 [4bf39b58-3848-4acf-b320-fb978d248b73@group-BB2D0AB35911:LeaderElection38] INFO  server.RaftServerConfigKeys (ConfUtils.java:logGet(43)) - raft.server.watch.timeout = 10s (default)
2019-09-26 10:41:54,337 [4bf39b58-3848-4acf-b320-fb978d248b73@group-BB2D0AB35911:LeaderElection38] INFO  server.RaftServerConfigKeys (ConfUtils.java:logGet(43)) - raft.server.watch.timeout.denomination = 1s (default)
2019-09-26 10:41:54,337 [4bf39b58-3848-4acf-b320-fb978d248b73@group-BB2D0AB35911:LeaderElection38] INFO  server.RaftServerConfigKeys (ConfUtils.java:logGet(43)) - raft.server.watch.element-limit = 65536 (default)
2019-09-26 10:41:54,340 [4bf39b58-3848-4acf-b320-fb978d248b73@group-BB2D0AB35911:LeaderElection38] INFO  impl.RoleInfo (RoleInfo.java:updateAndGet(143)) - 4bf39b58-3848-4acf-b320-fb978d248b73: start LeaderState
2019-09-26 10:41:54,340 [4bf39b58-3848-4acf-b320-fb978d248b73@group-BB2D0AB35911:LeaderElection38] INFO  segmented.SegmentedRaftLogWorker (SegmentedRaftLogWorker.java:startLogSegment(380)) - 4bf39b58-3848-4acf-b320-fb978d248b73@group-BB2D0AB35911-SegmentedRaftLogWorker: Starting segment from index:0
2019-09-26 10:41:54,341 [4bf39b58-3848-4acf-b320-fb978d248b73@group-BB2D0AB35911:LeaderElection38] INFO  impl.RaftServerImpl (ServerState.java:setRaftConf(354)) - 4bf39b58-3848-4acf-b320-fb978d248b73@group-BB2D0AB35911: set configuration 0: [4bf39b58-3848-4acf-b320-fb978d248b73:192.168.30.13:35754], old=null at 0
2019-09-26 10:41:54,377 [Thread-715] INFO  impl.FollowerState (FollowerState.java:run(106)) - 4bf39b58-3848-4acf-b320-fb978d248b73:group-D123FC704F56 changes to CANDIDATE, lastRpcTime:5026, electionTimeout:5021ms
2019-09-26 10:41:54,378 [Thread-715] INFO  impl.RoleInfo (RoleInfo.java:shutdownFollowerState(121)) - 4bf39b58-3848-4acf-b320-fb978d248b73: shutdown FollowerState
2019-09-26 10:41:54,378 [Thread-715] INFO  impl.RaftServerImpl (RaftServerImpl.java:setRole(174)) - 4bf39b58-3848-4acf-b320-fb978d248b73@group-D123FC704F56: changes role from  FOLLOWER to CANDIDATE at term 0 for changeToCandidate
2019-09-26 10:41:54,378 [Thread-715] INFO  impl.RoleInfo (RoleInfo.java:updateAndGet(143)) - 4bf39b58-3848-4acf-b320-fb978d248b73: start LeaderElection
2019-09-26 10:41:54,394 [4bf39b58-3848-4acf-b320-fb978d248b73@group-BB2D0AB35911-SegmentedRaftLogWorker] INFO  segmented.SegmentedRaftLogWorker (SegmentedRaftLogWorker.java:execute(569)) - 4bf39b58-3848-4acf-b320-fb978d248b73@group-BB2D0AB35911-SegmentedRaftLogWorker: created new log segment /workdir/hadoop-ozone/integration-test/target/test-dir/MiniOzoneClusterImpl-599c001a-03b4-4289-becf-fa48adbd6871/datanode-0/data/ratis/65bf794d-3074-4211-8a8a-bb2d0ab35911/current/log_inprogress_0
2019-09-26 10:41:54,406 [Thread-712] INFO  impl.FollowerState (FollowerState.java:run(106)) - 4bf39b58-3848-4acf-b320-fb978d248b73:group-7153742EAA3B changes to CANDIDATE, lastRpcTime:5115, electionTimeout:5115ms
2019-09-26 10:41:54,406 [Thread-712] INFO  impl.RoleInfo (RoleInfo.java:shutdownFollowerState(121)) - 4bf39b58-3848-4acf-b320-fb978d248b73: shutdown FollowerState
2019-09-26 10:41:54,406 [Thread-712] INFO  impl.RaftServerImpl (RaftServerImpl.java:setRole(174)) - 4bf39b58-3848-4acf-b320-fb978d248b73@group-7153742EAA3B: changes role from  FOLLOWER to CANDIDATE at term 0 for changeToCandidate
2019-09-26 10:41:54,407 [Thread-712] INFO  impl.RoleInfo (RoleInfo.java:updateAndGet(143)) - 4bf39b58-3848-4acf-b320-fb978d248b73: start LeaderElection
2019-09-26 10:41:54,407 [4bf39b58-3848-4acf-b320-fb978d248b73@group-D123FC704F56:LeaderElection39] INFO  impl.LeaderElection (LeaderElection.java:askForVotes(182)) - 4bf39b58-3848-4acf-b320-fb978d248b73@group-D123FC704F56:LeaderElection39: begin an election at term 1 for -1: [4bf39b58-3848-4acf-b320-fb978d248b73:192.168.30.13:35754], old=null
2019-09-26 10:41:54,407 [4bf39b58-3848-4acf-b320-fb978d248b73@group-D123FC704F56:LeaderElection39] INFO  impl.RoleInfo (RoleInfo.java:shutdownLeaderElection(134)) - 4bf39b58-3848-4acf-b320-fb978d248b73: shutdown LeaderElection
2019-09-26 10:41:54,409 [4bf39b58-3848-4acf-b320-fb978d248b73@group-D123FC704F56:LeaderElection39] INFO  impl.RaftServerImpl (RaftServerImpl.java:setRole(174)) - 4bf39b58-3848-4acf-b320-fb978d248b73@group-D123FC704F56: changes role from CANDIDATE to LEADER at term 1 for changeToLeader
2019-09-26 10:41:54,409 [4bf39b58-3848-4acf-b320-fb978d248b73@group-D123FC704F56:LeaderElection39] INFO  impl.RaftServerImpl (ServerState.java:setLeader(253)) - 4bf39b58-3848-4acf-b320-fb978d248b73@group-D123FC704F56: change Leader from null to 4bf39b58-3848-4acf-b320-fb978d248b73 at term 1 for becomeLeader, leader elected after 5064ms
2019-09-26 10:41:54,409 [4bf39b58-3848-4acf-b320-fb978d248b73@group-D123FC704F56:LeaderElection39] INFO  server.RaftServerConfigKeys (ConfUtils.java:logGet(43)) - raft.server.staging.catchup.gap = 1000 (default)
2019-09-26 10:41:54,410 [4bf39b58-3848-4acf-b320-fb978d248b73@group-D123FC704F56:LeaderElection39] INFO  server.RaftServerConfigKeys (ConfUtils.java:logGet(43)) - raft.server.rpc.sleep.time = 25ms (default)
2019-09-26 10:41:54,410 [4bf39b58-3848-4acf-b320-fb978d248b73@group-D123FC704F56:LeaderElection39] INFO  server.RaftServerConfigKeys (ConfUtils.java:logGet(43)) - raft.server.write.element-limit = 4096 (default)
2019-09-26 10:41:54,410 [4bf39b58-3848-4acf-b320-fb978d248b73@group-D123FC704F56:LeaderElection39] INFO  server.RaftServerConfigKeys (ConfUtils.java:logGet(43)) - raft.server.watch.timeout = 10s (default)
2019-09-26 10:41:54,410 [4bf39b58-3848-4acf-b320-fb978d248b73@group-D123FC704F56:LeaderElection39] INFO  server.RaftServerConfigKeys (ConfUtils.java:logGet(43)) - raft.server.watch.timeout.denomination = 1s (default)
2019-09-26 10:41:54,410 [4bf39b58-3848-4acf-b320-fb978d248b73@group-D123FC704F56:LeaderElection39] INFO  server.RaftServerConfigKeys (ConfUtils.java:logGet(43)) - raft.server.watch.element-limit = 65536 (default)
2019-09-26 10:41:54,413 [4bf39b58-3848-4acf-b320-fb978d248b73@group-D123FC704F56:LeaderElection39] INFO  impl.RoleInfo (RoleInfo.java:updateAndGet(143)) - 4bf39b58-3848-4acf-b320-fb978d248b73: start LeaderState
2019-09-26 10:41:54,414 [4bf39b58-3848-4acf-b320-fb978d248b73@group-D123FC704F56:LeaderElection39] INFO  segmented.SegmentedRaftLogWorker (SegmentedRaftLogWorker.java:startLogSegment(380)) - 4bf39b58-3848-4acf-b320-fb978d248b73@group-D123FC704F56-SegmentedRaftLogWorker: Starting segment from index:0
2019-09-26 10:41:54,414 [4bf39b58-3848-4acf-b320-fb978d248b73@group-D123FC704F56:LeaderElection39] INFO  impl.RaftServerImpl (ServerState.java:setRaftConf(354)) - 4bf39b58-3848-4acf-b320-fb978d248b73@group-D123FC704F56: set configuration 0: [4bf39b58-3848-4acf-b320-fb978d248b73:192.168.30.13:35754], old=null at 0
2019-09-26 10:41:54,422 [4bf39b58-3848-4acf-b320-fb978d248b73@group-7153742EAA3B:LeaderElection40] INFO  impl.LeaderElection (LeaderElection.java:askForVotes(182)) - 4bf39b58-3848-4acf-b320-fb978d248b73@group-7153742EAA3B:LeaderElection40: begin an election at term 1 for -1: [4bf39b58-3848-4acf-b320-fb978d248b73:192.168.30.13:35754], old=null
2019-09-26 10:41:54,422 [4bf39b58-3848-4acf-b320-fb978d248b73@group-7153742EAA3B:LeaderElection40] INFO  impl.RoleInfo (RoleInfo.java:shutdownLeaderElection(134)) - 4bf39b58-3848-4acf-b320-fb978d248b73: shutdown LeaderElection
2019-09-26 10:41:54,422 [4bf39b58-3848-4acf-b320-fb978d248b73@group-7153742EAA3B:LeaderElection40] INFO  impl.RaftServerImpl (RaftServerImpl.java:setRole(174)) - 4bf39b58-3848-4acf-b320-fb978d248b73@group-7153742EAA3B: changes role from CANDIDATE to LEADER at term 1 for changeToLeader
2019-09-26 10:41:54,423 [4bf39b58-3848-4acf-b320-fb978d248b73@group-7153742EAA3B:LeaderElection40] INFO  impl.RaftServerImpl (ServerState.java:setLeader(253)) - 4bf39b58-3848-4acf-b320-fb978d248b73@group-7153742EAA3B: change Leader from null to 4bf39b58-3848-4acf-b320-fb978d248b73 at term 1 for becomeLeader, leader elected after 5138ms
2019-09-26 10:41:54,423 [4bf39b58-3848-4acf-b320-fb978d248b73@group-7153742EAA3B:LeaderElection40] INFO  server.RaftServerConfigKeys (ConfUtils.java:logGet(43)) - raft.server.staging.catchup.gap = 1000 (default)
2019-09-26 10:41:54,423 [4bf39b58-3848-4acf-b320-fb978d248b73@group-7153742EAA3B:LeaderElection40] INFO  server.RaftServerConfigKeys (ConfUtils.java:logGet(43)) - raft.server.rpc.sleep.time = 25ms (default)
2019-09-26 10:41:54,423 [4bf39b58-3848-4acf-b320-fb978d248b73@group-7153742EAA3B:LeaderElection40] INFO  server.RaftServerConfigKeys (ConfUtils.java:logGet(43)) - raft.server.write.element-limit = 4096 (default)
2019-09-26 10:41:54,423 [4bf39b58-3848-4acf-b320-fb978d248b73@group-7153742EAA3B:LeaderElection40] INFO  server.RaftServerConfigKeys (ConfUtils.java:logGet(43)) - raft.server.watch.timeout = 10s (default)
2019-09-26 10:41:54,423 [4bf39b58-3848-4acf-b320-fb978d248b73@group-7153742EAA3B:LeaderElection40] INFO  server.RaftServerConfigKeys (ConfUtils.java:logGet(43)) - raft.server.watch.timeout.denomination = 1s (default)
2019-09-26 10:41:54,424 [4bf39b58-3848-4acf-b320-fb978d248b73@group-7153742EAA3B:LeaderElection40] INFO  server.RaftServerConfigKeys (ConfUtils.java:logGet(43)) - raft.server.watch.element-limit = 65536 (default)
2019-09-26 10:41:54,427 [4bf39b58-3848-4acf-b320-fb978d248b73@group-7153742EAA3B:LeaderElection40] INFO  impl.RoleInfo (RoleInfo.java:updateAndGet(143)) - 4bf39b58-3848-4acf-b320-fb978d248b73: start LeaderState
2019-09-26 10:41:54,427 [4bf39b58-3848-4acf-b320-fb978d248b73@group-7153742EAA3B:LeaderElection40] INFO  segmented.SegmentedRaftLogWorker (SegmentedRaftLogWorker.java:startLogSegment(380)) - 4bf39b58-3848-4acf-b320-fb978d248b73@group-7153742EAA3B-SegmentedRaftLogWorker: Starting segment from index:0
2019-09-26 10:41:54,428 [4bf39b58-3848-4acf-b320-fb978d248b73@group-7153742EAA3B:LeaderElection40] INFO  impl.RaftServerImpl (ServerState.java:setRaftConf(354)) - 4bf39b58-3848-4acf-b320-fb978d248b73@group-7153742EAA3B: set configuration 0: [4bf39b58-3848-4acf-b320-fb978d248b73:192.168.30.13:35754], old=null at 0
2019-09-26 10:41:54,465 [4bf39b58-3848-4acf-b320-fb978d248b73@group-D123FC704F56-SegmentedRaftLogWorker] INFO  segmented.SegmentedRaftLogWorker (SegmentedRaftLogWorker.java:execute(569)) - 4bf39b58-3848-4acf-b320-fb978d248b73@group-D123FC704F56-SegmentedRaftLogWorker: created new log segment /workdir/hadoop-ozone/integration-test/target/test-dir/MiniOzoneClusterImpl-599c001a-03b4-4289-becf-fa48adbd6871/datanode-0/data/ratis/504cdfc0-62cd-4bd2-9442-d123fc704f56/current/log_inprogress_0
2019-09-26 10:41:54,478 [4bf39b58-3848-4acf-b320-fb978d248b73@group-7153742EAA3B-SegmentedRaftLogWorker] INFO  segmented.SegmentedRaftLogWorker (SegmentedRaftLogWorker.java:execute(569)) - 4bf39b58-3848-4acf-b320-fb978d248b73@group-7153742EAA3B-SegmentedRaftLogWorker: created new log segment /workdir/hadoop-ozone/integration-test/target/test-dir/MiniOzoneClusterImpl-599c001a-03b4-4289-becf-fa48adbd6871/datanode-0/data/ratis/eb4b3807-39ea-4811-9212-7153742eaa3b/current/log_inprogress_0
2019-09-26 10:41:54,503 [Thread-718] INFO  impl.FollowerState (FollowerState.java:run(106)) - 4bf39b58-3848-4acf-b320-fb978d248b73:group-2B1875899156 changes to CANDIDATE, lastRpcTime:5084, electionTimeout:5084ms
2019-09-26 10:41:54,503 [Thread-718] INFO  impl.RoleInfo (RoleInfo.java:shutdownFollowerState(121)) - 4bf39b58-3848-4acf-b320-fb978d248b73: shutdown FollowerState
2019-09-26 10:41:54,504 [Thread-718] INFO  impl.RaftServerImpl (RaftServerImpl.java:setRole(174)) - 4bf39b58-3848-4acf-b320-fb978d248b73@group-2B1875899156: changes role from  FOLLOWER to CANDIDATE at term 0 for changeToCandidate
2019-09-26 10:41:54,504 [Thread-718] INFO  impl.RoleInfo (RoleInfo.java:updateAndGet(143)) - 4bf39b58-3848-4acf-b320-fb978d248b73: start LeaderElection
2019-09-26 10:41:54,520 [4bf39b58-3848-4acf-b320-fb978d248b73@group-2B1875899156:LeaderElection41] INFO  impl.LeaderElection (LeaderElection.java:askForVotes(182)) - 4bf39b58-3848-4acf-b320-fb978d248b73@group-2B1875899156:LeaderElection41: begin an election at term 1 for -1: [4bf39b58-3848-4acf-b320-fb978d248b73:192.168.30.13:35754], old=null
2019-09-26 10:41:54,520 [4bf39b58-3848-4acf-b320-fb978d248b73@group-2B1875899156:LeaderElection41] INFO  impl.RoleInfo (RoleInfo.java:shutdownLeaderElection(134)) - 4bf39b58-3848-4acf-b320-fb978d248b73: shutdown LeaderElection
2019-09-26 10:41:54,520 [4bf39b58-3848-4acf-b320-fb978d248b73@group-2B1875899156:LeaderElection41] INFO  impl.RaftServerImpl (RaftServerImpl.java:setRole(174)) - 4bf39b58-3848-4acf-b320-fb978d248b73@group-2B1875899156: changes role from CANDIDATE to LEADER at term 1 for changeToLeader
2019-09-26 10:41:54,521 [4bf39b58-3848-4acf-b320-fb978d248b73@group-2B1875899156:LeaderElection41] INFO  impl.RaftServerImpl (ServerState.java:setLeader(253)) - 4bf39b58-3848-4acf-b320-fb978d248b73@group-2B1875899156: change Leader from null to 4bf39b58-3848-4acf-b320-fb978d248b73 at term 1 for becomeLeader, leader elected after 5108ms
2019-09-26 10:41:54,521 [4bf39b58-3848-4acf-b320-fb978d248b73@group-2B1875899156:LeaderElection41] INFO  server.RaftServerConfigKeys (ConfUtils.java:logGet(43)) - raft.server.staging.catchup.gap = 1000 (default)
2019-09-26 10:41:54,521 [4bf39b58-3848-4acf-b320-fb978d248b73@group-2B1875899156:LeaderElection41] INFO  server.RaftServerConfigKeys (ConfUtils.java:logGet(43)) - raft.server.rpc.sleep.time = 25ms (default)
2019-09-26 10:41:54,521 [4bf39b58-3848-4acf-b320-fb978d248b73@group-2B1875899156:LeaderElection41] INFO  server.RaftServerConfigKeys (ConfUtils.java:logGet(43)) - raft.server.write.element-limit = 4096 (default)
2019-09-26 10:41:54,521 [4bf39b58-3848-4acf-b320-fb978d248b73@group-2B1875899156:LeaderElection41] INFO  server.RaftServerConfigKeys (ConfUtils.java:logGet(43)) - raft.server.watch.timeout = 10s (default)
2019-09-26 10:41:54,522 [4bf39b58-3848-4acf-b320-fb978d248b73@group-2B1875899156:LeaderElection41] INFO  server.RaftServerConfigKeys (ConfUtils.java:logGet(43)) - raft.server.watch.timeout.denomination = 1s (default)
2019-09-26 10:41:54,522 [4bf39b58-3848-4acf-b320-fb978d248b73@group-2B1875899156:LeaderElection41] INFO  server.RaftServerConfigKeys (ConfUtils.java:logGet(43)) - raft.server.watch.element-limit = 65536 (default)
2019-09-26 10:41:54,522 [Thread-721] INFO  impl.FollowerState (FollowerState.java:run(106)) - 4bf39b58-3848-4acf-b320-fb978d248b73:group-C51AD1A0D625 changes to CANDIDATE, lastRpcTime:5058, electionTimeout:5058ms
2019-09-26 10:41:54,522 [Thread-721] INFO  impl.RoleInfo (RoleInfo.java:shutdownFollowerState(121)) - 4bf39b58-3848-4acf-b320-fb978d248b73: shutdown FollowerState
2019-09-26 10:41:54,522 [Thread-721] INFO  impl.RaftServerImpl (RaftServerImpl.java:setRole(174)) - 4bf39b58-3848-4acf-b320-fb978d248b73@group-C51AD1A0D625: changes role from  FOLLOWER to CANDIDATE at term 0 for changeToCandidate
2019-09-26 10:41:54,522 [Thread-721] INFO  impl.RoleInfo (RoleInfo.java:updateAndGet(143)) - 4bf39b58-3848-4acf-b320-fb978d248b73: start LeaderElection
2019-09-26 10:41:54,528 [4bf39b58-3848-4acf-b320-fb978d248b73@group-2B1875899156:LeaderElection41] INFO  impl.RoleInfo (RoleInfo.java:updateAndGet(143)) - 4bf39b58-3848-4acf-b320-fb978d248b73: start LeaderState
2019-09-26 10:41:54,528 [4bf39b58-3848-4acf-b320-fb978d248b73@group-2B1875899156:LeaderElection41] INFO  segmented.SegmentedRaftLogWorker (SegmentedRaftLogWorker.java:startLogSegment(380)) - 4bf39b58-3848-4acf-b320-fb978d248b73@group-2B1875899156-SegmentedRaftLogWorker: Starting segment from index:0
2019-09-26 10:41:54,529 [4bf39b58-3848-4acf-b320-fb978d248b73@group-2B1875899156:LeaderElection41] INFO  impl.RaftServerImpl (ServerState.java:setRaftConf(354)) - 4bf39b58-3848-4acf-b320-fb978d248b73@group-2B1875899156: set configuration 0: [4bf39b58-3848-4acf-b320-fb978d248b73:192.168.30.13:35754], old=null at 0
2019-09-26 10:41:54,538 [4bf39b58-3848-4acf-b320-fb978d248b73@group-C51AD1A0D625:LeaderElection42] INFO  impl.LeaderElection (LeaderElection.java:askForVotes(182)) - 4bf39b58-3848-4acf-b320-fb978d248b73@group-C51AD1A0D625:LeaderElection42: begin an election at term 1 for -1: [4bf39b58-3848-4acf-b320-fb978d248b73:192.168.30.13:35754], old=null
2019-09-26 10:41:54,538 [4bf39b58-3848-4acf-b320-fb978d248b73@group-C51AD1A0D625:LeaderElection42] INFO  impl.RoleInfo (RoleInfo.java:shutdownLeaderElection(134)) - 4bf39b58-3848-4acf-b320-fb978d248b73: shutdown LeaderElection
2019-09-26 10:41:54,538 [4bf39b58-3848-4acf-b320-fb978d248b73@group-C51AD1A0D625:LeaderElection42] INFO  impl.RaftServerImpl (RaftServerImpl.java:setRole(174)) - 4bf39b58-3848-4acf-b320-fb978d248b73@group-C51AD1A0D625: changes role from CANDIDATE to LEADER at term 1 for changeToLeader
2019-09-26 10:41:54,538 [4bf39b58-3848-4acf-b320-fb978d248b73@group-C51AD1A0D625:LeaderElection42] INFO  impl.RaftServerImpl (ServerState.java:setLeader(253)) - 4bf39b58-3848-4acf-b320-fb978d248b73@group-C51AD1A0D625: change Leader from null to 4bf39b58-3848-4acf-b320-fb978d248b73 at term 1 for becomeLeader, leader elected after 5081ms
2019-09-26 10:41:54,538 [4bf39b58-3848-4acf-b320-fb978d248b73@group-C51AD1A0D625:LeaderElection42] INFO  server.RaftServerConfigKeys (ConfUtils.java:logGet(43)) - raft.server.staging.catchup.gap = 1000 (default)
2019-09-26 10:41:54,538 [4bf39b58-3848-4acf-b320-fb978d248b73@group-C51AD1A0D625:LeaderElection42] INFO  server.RaftServerConfigKeys (ConfUtils.java:logGet(43)) - raft.server.rpc.sleep.time = 25ms (default)
2019-09-26 10:41:54,539 [4bf39b58-3848-4acf-b320-fb978d248b73@group-C51AD1A0D625:LeaderElection42] INFO  server.RaftServerConfigKeys (ConfUtils.java:logGet(43)) - raft.server.write.element-limit = 4096 (default)
2019-09-26 10:41:54,539 [4bf39b58-3848-4acf-b320-fb978d248b73@group-C51AD1A0D625:LeaderElection42] INFO  server.RaftServerConfigKeys (ConfUtils.java:logGet(43)) - raft.server.watch.timeout = 10s (default)
2019-09-26 10:41:54,539 [4bf39b58-3848-4acf-b320-fb978d248b73@group-C51AD1A0D625:LeaderElection42] INFO  server.RaftServerConfigKeys (ConfUtils.java:logGet(43)) - raft.server.watch.timeout.denomination = 1s (default)
2019-09-26 10:41:54,539 [4bf39b58-3848-4acf-b320-fb978d248b73@group-C51AD1A0D625:LeaderElection42] INFO  server.RaftServerConfigKeys (ConfUtils.java:logGet(43)) - raft.server.watch.element-limit = 65536 (default)
2019-09-26 10:41:54,542 [4bf39b58-3848-4acf-b320-fb978d248b73@group-C51AD1A0D625:LeaderElection42] INFO  impl.RoleInfo (RoleInfo.java:updateAndGet(143)) - 4bf39b58-3848-4acf-b320-fb978d248b73: start LeaderState
2019-09-26 10:41:54,542 [4bf39b58-3848-4acf-b320-fb978d248b73@group-C51AD1A0D625:LeaderElection42] INFO  segmented.SegmentedRaftLogWorker (SegmentedRaftLogWorker.java:startLogSegment(380)) - 4bf39b58-3848-4acf-b320-fb978d248b73@group-C51AD1A0D625-SegmentedRaftLogWorker: Starting segment from index:0
2019-09-26 10:41:54,543 [4bf39b58-3848-4acf-b320-fb978d248b73@group-C51AD1A0D625:LeaderElection42] INFO  impl.RaftServerImpl (ServerState.java:setRaftConf(354)) - 4bf39b58-3848-4acf-b320-fb978d248b73@group-C51AD1A0D625: set configuration 0: [4bf39b58-3848-4acf-b320-fb978d248b73:192.168.30.13:35754], old=null at 0
2019-09-26 10:41:54,578 [4bf39b58-3848-4acf-b320-fb978d248b73@group-2B1875899156-SegmentedRaftLogWorker] INFO  segmented.SegmentedRaftLogWorker (SegmentedRaftLogWorker.java:execute(569)) - 4bf39b58-3848-4acf-b320-fb978d248b73@group-2B1875899156-SegmentedRaftLogWorker: created new log segment /workdir/hadoop-ozone/integration-test/target/test-dir/MiniOzoneClusterImpl-599c001a-03b4-4289-becf-fa48adbd6871/datanode-0/data/ratis/9f478510-61e6-42a0-b55b-2b1875899156/current/log_inprogress_0
2019-09-26 10:41:54,591 [4bf39b58-3848-4acf-b320-fb978d248b73@group-C51AD1A0D625-SegmentedRaftLogWorker] INFO  segmented.SegmentedRaftLogWorker (SegmentedRaftLogWorker.java:execute(569)) - 4bf39b58-3848-4acf-b320-fb978d248b73@group-C51AD1A0D625-SegmentedRaftLogWorker: created new log segment /workdir/hadoop-ozone/integration-test/target/test-dir/MiniOzoneClusterImpl-599c001a-03b4-4289-becf-fa48adbd6871/datanode-0/data/ratis/56ec352a-7499-4460-b8d4-c51ad1a0d625/current/log_inprogress_0
2019-09-26 10:41:54,622 [Thread-724] INFO  impl.FollowerState (FollowerState.java:run(106)) - d15e0447-89ee-413a-8b64-4668700b9317:group-68B2F4288576 changes to CANDIDATE, lastRpcTime:5105, electionTimeout:5105ms
2019-09-26 10:41:54,622 [Thread-724] INFO  impl.RoleInfo (RoleInfo.java:shutdownFollowerState(121)) - d15e0447-89ee-413a-8b64-4668700b9317: shutdown FollowerState
2019-09-26 10:41:54,622 [Thread-724] INFO  impl.RaftServerImpl (RaftServerImpl.java:setRole(174)) - d15e0447-89ee-413a-8b64-4668700b9317@group-68B2F4288576: changes role from  FOLLOWER to CANDIDATE at term 0 for changeToCandidate
2019-09-26 10:41:54,622 [Thread-724] INFO  impl.RoleInfo (RoleInfo.java:updateAndGet(143)) - d15e0447-89ee-413a-8b64-4668700b9317: start LeaderElection
2019-09-26 10:41:54,628 [Thread-730] INFO  impl.FollowerState (FollowerState.java:run(106)) - d15e0447-89ee-413a-8b64-4668700b9317:group-8A1CD491A73D changes to CANDIDATE, lastRpcTime:5015, electionTimeout:5015ms
2019-09-26 10:41:54,628 [Thread-730] INFO  impl.RoleInfo (RoleInfo.java:shutdownFollowerState(121)) - d15e0447-89ee-413a-8b64-4668700b9317: shutdown FollowerState
2019-09-26 10:41:54,628 [Thread-730] INFO  impl.RaftServerImpl (RaftServerImpl.java:setRole(174)) - d15e0447-89ee-413a-8b64-4668700b9317@group-8A1CD491A73D: changes role from  FOLLOWER to CANDIDATE at term 0 for changeToCandidate
2019-09-26 10:41:54,628 [Thread-730] INFO  impl.RoleInfo (RoleInfo.java:updateAndGet(143)) - d15e0447-89ee-413a-8b64-4668700b9317: start LeaderElection
2019-09-26 10:41:54,638 [d15e0447-89ee-413a-8b64-4668700b9317@group-8A1CD491A73D:LeaderElection44] INFO  impl.LeaderElection (LeaderElection.java:askForVotes(182)) - d15e0447-89ee-413a-8b64-4668700b9317@group-8A1CD491A73D:LeaderElection44: begin an election at term 1 for -1: [d15e0447-89ee-413a-8b64-4668700b9317:192.168.30.13:40975], old=null
2019-09-26 10:41:54,638 [d15e0447-89ee-413a-8b64-4668700b9317@group-68B2F4288576:LeaderElection43] INFO  impl.LeaderElection (LeaderElection.java:askForVotes(182)) - d15e0447-89ee-413a-8b64-4668700b9317@group-68B2F4288576:LeaderElection43: begin an election at term 1 for -1: [d15e0447-89ee-413a-8b64-4668700b9317:192.168.30.13:40975], old=null
2019-09-26 10:41:54,639 [d15e0447-89ee-413a-8b64-4668700b9317@group-8A1CD491A73D:LeaderElection44] INFO  impl.RoleInfo (RoleInfo.java:shutdownLeaderElection(134)) - d15e0447-89ee-413a-8b64-4668700b9317: shutdown LeaderElection
2019-09-26 10:41:54,639 [d15e0447-89ee-413a-8b64-4668700b9317@group-68B2F4288576:LeaderElection43] INFO  impl.RoleInfo (RoleInfo.java:shutdownLeaderElection(134)) - d15e0447-89ee-413a-8b64-4668700b9317: shutdown LeaderElection
2019-09-26 10:41:54,639 [d15e0447-89ee-413a-8b64-4668700b9317@group-8A1CD491A73D:LeaderElection44] INFO  impl.RaftServerImpl (RaftServerImpl.java:setRole(174)) - d15e0447-89ee-413a-8b64-4668700b9317@group-8A1CD491A73D: changes role from CANDIDATE to LEADER at term 1 for changeToLeader
2019-09-26 10:41:54,639 [d15e0447-89ee-413a-8b64-4668700b9317@group-68B2F4288576:LeaderElection43] INFO  impl.RaftServerImpl (RaftServerImpl.java:setRole(174)) - d15e0447-89ee-413a-8b64-4668700b9317@group-68B2F4288576: changes role from CANDIDATE to LEADER at term 1 for changeToLeader
2019-09-26 10:41:54,639 [d15e0447-89ee-413a-8b64-4668700b9317@group-8A1CD491A73D:LeaderElection44] INFO  impl.RaftServerImpl (ServerState.java:setLeader(253)) - d15e0447-89ee-413a-8b64-4668700b9317@group-8A1CD491A73D: change Leader from null to d15e0447-89ee-413a-8b64-4668700b9317 at term 1 for becomeLeader, leader elected after 5034ms
2019-09-26 10:41:54,639 [d15e0447-89ee-413a-8b64-4668700b9317@group-68B2F4288576:LeaderElection43] INFO  impl.RaftServerImpl (ServerState.java:setLeader(253)) - d15e0447-89ee-413a-8b64-4668700b9317@group-68B2F4288576: change Leader from null to d15e0447-89ee-413a-8b64-4668700b9317 at term 1 for becomeLeader, leader elected after 5133ms
2019-09-26 10:41:54,639 [d15e0447-89ee-413a-8b64-4668700b9317@group-8A1CD491A73D:LeaderElection44] INFO  server.RaftServerConfigKeys (ConfUtils.java:logGet(43)) - raft.server.staging.catchup.gap = 1000 (default)
2019-09-26 10:41:54,639 [d15e0447-89ee-413a-8b64-4668700b9317@group-68B2F4288576:LeaderElection43] INFO  server.RaftServerConfigKeys (ConfUtils.java:logGet(43)) - raft.server.staging.catchup.gap = 1000 (default)
2019-09-26 10:41:54,640 [d15e0447-89ee-413a-8b64-4668700b9317@group-8A1CD491A73D:LeaderElection44] INFO  server.RaftServerConfigKeys (ConfUtils.java:logGet(43)) - raft.server.rpc.sleep.time = 25ms (default)
2019-09-26 10:41:54,640 [d15e0447-89ee-413a-8b64-4668700b9317@group-68B2F4288576:LeaderElection43] INFO  server.RaftServerConfigKeys (ConfUtils.java:logGet(43)) - raft.server.rpc.sleep.time = 25ms (default)
2019-09-26 10:41:54,640 [d15e0447-89ee-413a-8b64-4668700b9317@group-8A1CD491A73D:LeaderElection44] INFO  server.RaftServerConfigKeys (ConfUtils.java:logGet(43)) - raft.server.write.element-limit = 4096 (default)
2019-09-26 10:41:54,640 [d15e0447-89ee-413a-8b64-4668700b9317@group-68B2F4288576:LeaderElection43] INFO  server.RaftServerConfigKeys (ConfUtils.java:logGet(43)) - raft.server.write.element-limit = 4096 (default)
2019-09-26 10:41:54,640 [d15e0447-89ee-413a-8b64-4668700b9317@group-8A1CD491A73D:LeaderElection44] INFO  server.RaftServerConfigKeys (ConfUtils.java:logGet(43)) - raft.server.watch.timeout = 10s (default)
2019-09-26 10:41:54,640 [d15e0447-89ee-413a-8b64-4668700b9317@group-68B2F4288576:LeaderElection43] INFO  server.RaftServerConfigKeys (ConfUtils.java:logGet(43)) - raft.server.watch.timeout = 10s (default)
2019-09-26 10:41:54,640 [d15e0447-89ee-413a-8b64-4668700b9317@group-8A1CD491A73D:LeaderElection44] INFO  server.RaftServerConfigKeys (ConfUtils.java:logGet(43)) - raft.server.watch.timeout.denomination = 1s (default)
2019-09-26 10:41:54,641 [d15e0447-89ee-413a-8b64-4668700b9317@group-68B2F4288576:LeaderElection43] INFO  server.RaftServerConfigKeys (ConfUtils.java:logGet(43)) - raft.server.watch.timeout.denomination = 1s (default)
2019-09-26 10:41:54,641 [d15e0447-89ee-413a-8b64-4668700b9317@group-8A1CD491A73D:LeaderElection44] INFO  server.RaftServerConfigKeys (ConfUtils.java:logGet(43)) - raft.server.watch.element-limit = 65536 (default)
2019-09-26 10:41:54,641 [d15e0447-89ee-413a-8b64-4668700b9317@group-68B2F4288576:LeaderElection43] INFO  server.RaftServerConfigKeys (ConfUtils.java:logGet(43)) - raft.server.watch.element-limit = 65536 (default)
2019-09-26 10:41:54,645 [d15e0447-89ee-413a-8b64-4668700b9317@group-8A1CD491A73D:LeaderElection44] INFO  impl.RoleInfo (RoleInfo.java:updateAndGet(143)) - d15e0447-89ee-413a-8b64-4668700b9317: start LeaderState
2019-09-26 10:41:54,645 [d15e0447-89ee-413a-8b64-4668700b9317@group-8A1CD491A73D:LeaderElection44] INFO  segmented.SegmentedRaftLogWorker (SegmentedRaftLogWorker.java:startLogSegment(380)) - d15e0447-89ee-413a-8b64-4668700b9317@group-8A1CD491A73D-SegmentedRaftLogWorker: Starting segment from index:0
2019-09-26 10:41:54,645 [d15e0447-89ee-413a-8b64-4668700b9317@group-68B2F4288576:LeaderElection43] INFO  impl.RoleInfo (RoleInfo.java:updateAndGet(143)) - d15e0447-89ee-413a-8b64-4668700b9317: start LeaderState
2019-09-26 10:41:54,646 [d15e0447-89ee-413a-8b64-4668700b9317@group-68B2F4288576:LeaderElection43] INFO  segmented.SegmentedRaftLogWorker (SegmentedRaftLogWorker.java:startLogSegment(380)) - d15e0447-89ee-413a-8b64-4668700b9317@group-68B2F4288576-SegmentedRaftLogWorker: Starting segment from index:0
2019-09-26 10:41:54,646 [d15e0447-89ee-413a-8b64-4668700b9317@group-8A1CD491A73D:LeaderElection44] INFO  impl.RaftServerImpl (ServerState.java:setRaftConf(354)) - d15e0447-89ee-413a-8b64-4668700b9317@group-8A1CD491A73D: set configuration 0: [d15e0447-89ee-413a-8b64-4668700b9317:192.168.30.13:40975], old=null at 0
2019-09-26 10:41:54,646 [d15e0447-89ee-413a-8b64-4668700b9317@group-68B2F4288576:LeaderElection43] INFO  impl.RaftServerImpl (ServerState.java:setRaftConf(354)) - d15e0447-89ee-413a-8b64-4668700b9317@group-68B2F4288576: set configuration 0: [d15e0447-89ee-413a-8b64-4668700b9317:192.168.30.13:40975], old=null at 0
2019-09-26 10:41:54,687 [d15e0447-89ee-413a-8b64-4668700b9317@group-8A1CD491A73D-SegmentedRaftLogWorker] INFO  segmented.SegmentedRaftLogWorker (SegmentedRaftLogWorker.java:execute(569)) - d15e0447-89ee-413a-8b64-4668700b9317@group-8A1CD491A73D-SegmentedRaftLogWorker: created new log segment /workdir/hadoop-ozone/integration-test/target/test-dir/MiniOzoneClusterImpl-599c001a-03b4-4289-becf-fa48adbd6871/datanode-1/data/ratis/6697206d-5ceb-4426-902d-8a1cd491a73d/current/log_inprogress_0
2019-09-26 10:41:54,687 [d15e0447-89ee-413a-8b64-4668700b9317@group-68B2F4288576-SegmentedRaftLogWorker] INFO  segmented.SegmentedRaftLogWorker (SegmentedRaftLogWorker.java:execute(569)) - d15e0447-89ee-413a-8b64-4668700b9317@group-68B2F4288576-SegmentedRaftLogWorker: created new log segment /workdir/hadoop-ozone/integration-test/target/test-dir/MiniOzoneClusterImpl-599c001a-03b4-4289-becf-fa48adbd6871/datanode-1/data/ratis/95cd238e-ef42-4993-b406-68b2f4288576/current/log_inprogress_0
2019-09-26 10:41:54,731 [Thread-736] INFO  impl.FollowerState (FollowerState.java:run(106)) - d15e0447-89ee-413a-8b64-4668700b9317:group-BB83200B4CFB changes to CANDIDATE, lastRpcTime:5014, electionTimeout:5014ms
2019-09-26 10:41:54,731 [Thread-736] INFO  impl.RoleInfo (RoleInfo.java:shutdownFollowerState(121)) - d15e0447-89ee-413a-8b64-4668700b9317: shutdown FollowerState
2019-09-26 10:41:54,731 [Thread-736] INFO  impl.RaftServerImpl (RaftServerImpl.java:setRole(174)) - d15e0447-89ee-413a-8b64-4668700b9317@group-BB83200B4CFB: changes role from  FOLLOWER to CANDIDATE at term 0 for changeToCandidate
2019-09-26 10:41:54,731 [Thread-736] INFO  impl.RoleInfo (RoleInfo.java:updateAndGet(143)) - d15e0447-89ee-413a-8b64-4668700b9317: start LeaderElection
2019-09-26 10:41:54,746 [d15e0447-89ee-413a-8b64-4668700b9317@group-BB83200B4CFB:LeaderElection45] INFO  impl.LeaderElection (LeaderElection.java:askForVotes(182)) - d15e0447-89ee-413a-8b64-4668700b9317@group-BB83200B4CFB:LeaderElection45: begin an election at term 1 for -1: [d15e0447-89ee-413a-8b64-4668700b9317:192.168.30.13:40975], old=null
2019-09-26 10:41:54,747 [d15e0447-89ee-413a-8b64-4668700b9317@group-BB83200B4CFB:LeaderElection45] INFO  impl.RoleInfo (RoleInfo.java:shutdownLeaderElection(134)) - d15e0447-89ee-413a-8b64-4668700b9317: shutdown LeaderElection
2019-09-26 10:41:54,747 [d15e0447-89ee-413a-8b64-4668700b9317@group-BB83200B4CFB:LeaderElection45] INFO  impl.RaftServerImpl (RaftServerImpl.java:setRole(174)) - d15e0447-89ee-413a-8b64-4668700b9317@group-BB83200B4CFB: changes role from CANDIDATE to LEADER at term 1 for changeToLeader
2019-09-26 10:41:54,747 [d15e0447-89ee-413a-8b64-4668700b9317@group-BB83200B4CFB:LeaderElection45] INFO  impl.RaftServerImpl (ServerState.java:setLeader(253)) - d15e0447-89ee-413a-8b64-4668700b9317@group-BB83200B4CFB: change Leader from null to d15e0447-89ee-413a-8b64-4668700b9317 at term 1 for becomeLeader, leader elected after 5037ms
2019-09-26 10:41:54,747 [d15e0447-89ee-413a-8b64-4668700b9317@group-BB83200B4CFB:LeaderElection45] INFO  server.RaftServerConfigKeys (ConfUtils.java:logGet(43)) - raft.server.staging.catchup.gap = 1000 (default)
2019-09-26 10:41:54,747 [d15e0447-89ee-413a-8b64-4668700b9317@group-BB83200B4CFB:LeaderElection45] INFO  server.RaftServerConfigKeys (ConfUtils.java:logGet(43)) - raft.server.rpc.sleep.time = 25ms (default)
2019-09-26 10:41:54,747 [d15e0447-89ee-413a-8b64-4668700b9317@group-BB83200B4CFB:LeaderElection45] INFO  server.RaftServerConfigKeys (ConfUtils.java:logGet(43)) - raft.server.write.element-limit = 4096 (default)
2019-09-26 10:41:54,748 [d15e0447-89ee-413a-8b64-4668700b9317@group-BB83200B4CFB:LeaderElection45] INFO  server.RaftServerConfigKeys (ConfUtils.java:logGet(43)) - raft.server.watch.timeout = 10s (default)
2019-09-26 10:41:54,748 [d15e0447-89ee-413a-8b64-4668700b9317@group-BB83200B4CFB:LeaderElection45] INFO  server.RaftServerConfigKeys (ConfUtils.java:logGet(43)) - raft.server.watch.timeout.denomination = 1s (default)
2019-09-26 10:41:54,748 [d15e0447-89ee-413a-8b64-4668700b9317@group-BB83200B4CFB:LeaderElection45] INFO  server.RaftServerConfigKeys (ConfUtils.java:logGet(43)) - raft.server.watch.element-limit = 65536 (default)
2019-09-26 10:41:54,750 [d15e0447-89ee-413a-8b64-4668700b9317@group-BB83200B4CFB:LeaderElection45] INFO  impl.RoleInfo (RoleInfo.java:updateAndGet(143)) - d15e0447-89ee-413a-8b64-4668700b9317: start LeaderState
2019-09-26 10:41:54,750 [d15e0447-89ee-413a-8b64-4668700b9317@group-BB83200B4CFB:LeaderElection45] INFO  segmented.SegmentedRaftLogWorker (SegmentedRaftLogWorker.java:startLogSegment(380)) - d15e0447-89ee-413a-8b64-4668700b9317@group-BB83200B4CFB-SegmentedRaftLogWorker: Starting segment from index:0
2019-09-26 10:41:54,751 [d15e0447-89ee-413a-8b64-4668700b9317@group-BB83200B4CFB:LeaderElection45] INFO  impl.RaftServerImpl (ServerState.java:setRaftConf(354)) - d15e0447-89ee-413a-8b64-4668700b9317@group-BB83200B4CFB: set configuration 0: [d15e0447-89ee-413a-8b64-4668700b9317:192.168.30.13:40975], old=null at 0
2019-09-26 10:41:54,751 [Thread-727] INFO  impl.FollowerState (FollowerState.java:run(106)) - d15e0447-89ee-413a-8b64-4668700b9317:group-BD740726C474 changes to CANDIDATE, lastRpcTime:5188, electionTimeout:5188ms
2019-09-26 10:41:54,752 [Thread-727] INFO  impl.RoleInfo (RoleInfo.java:shutdownFollowerState(121)) - d15e0447-89ee-413a-8b64-4668700b9317: shutdown FollowerState
2019-09-26 10:41:54,752 [Thread-727] INFO  impl.RaftServerImpl (RaftServerImpl.java:setRole(174)) - d15e0447-89ee-413a-8b64-4668700b9317@group-BD740726C474: changes role from  FOLLOWER to CANDIDATE at term 0 for changeToCandidate
2019-09-26 10:41:54,752 [Thread-727] INFO  impl.RoleInfo (RoleInfo.java:updateAndGet(143)) - d15e0447-89ee-413a-8b64-4668700b9317: start LeaderElection
2019-09-26 10:41:54,795 [Thread-739] INFO  impl.FollowerState (FollowerState.java:run(106)) - d15e0447-89ee-413a-8b64-4668700b9317:group-B9D9C32A5997 changes to CANDIDATE, lastRpcTime:5035, electionTimeout:5005ms
2019-09-26 10:41:54,795 [Thread-739] INFO  impl.RoleInfo (RoleInfo.java:shutdownFollowerState(121)) - d15e0447-89ee-413a-8b64-4668700b9317: shutdown FollowerState
2019-09-26 10:41:54,795 [Thread-739] INFO  impl.RaftServerImpl (RaftServerImpl.java:setRole(174)) - d15e0447-89ee-413a-8b64-4668700b9317@group-B9D9C32A5997: changes role from  FOLLOWER to CANDIDATE at term 0 for changeToCandidate
2019-09-26 10:41:54,795 [Thread-739] INFO  impl.RoleInfo (RoleInfo.java:updateAndGet(143)) - d15e0447-89ee-413a-8b64-4668700b9317: start LeaderElection
2019-09-26 10:41:54,808 [d15e0447-89ee-413a-8b64-4668700b9317@group-BB83200B4CFB-SegmentedRaftLogWorker] INFO  segmented.SegmentedRaftLogWorker (SegmentedRaftLogWorker.java:execute(569)) - d15e0447-89ee-413a-8b64-4668700b9317@group-BB83200B4CFB-SegmentedRaftLogWorker: created new log segment /workdir/hadoop-ozone/integration-test/target/test-dir/MiniOzoneClusterImpl-599c001a-03b4-4289-becf-fa48adbd6871/datanode-1/data/ratis/d4828ea7-09b0-43be-a338-bb83200b4cfb/current/log_inprogress_0
2019-09-26 10:41:54,808 [d15e0447-89ee-413a-8b64-4668700b9317@group-BD740726C474:LeaderElection46] INFO  impl.LeaderElection (LeaderElection.java:askForVotes(182)) - d15e0447-89ee-413a-8b64-4668700b9317@group-BD740726C474:LeaderElection46: begin an election at term 1 for -1: [d15e0447-89ee-413a-8b64-4668700b9317:192.168.30.13:40975], old=null
2019-09-26 10:41:54,808 [d15e0447-89ee-413a-8b64-4668700b9317@group-B9D9C32A5997:LeaderElection47] INFO  impl.LeaderElection (LeaderElection.java:askForVotes(182)) - d15e0447-89ee-413a-8b64-4668700b9317@group-B9D9C32A5997:LeaderElection47: begin an election at term 1 for -1: [d15e0447-89ee-413a-8b64-4668700b9317:192.168.30.13:40975], old=null
2019-09-26 10:41:54,808 [d15e0447-89ee-413a-8b64-4668700b9317@group-BD740726C474:LeaderElection46] INFO  impl.RoleInfo (RoleInfo.java:shutdownLeaderElection(134)) - d15e0447-89ee-413a-8b64-4668700b9317: shutdown LeaderElection
2019-09-26 10:41:54,808 [d15e0447-89ee-413a-8b64-4668700b9317@group-B9D9C32A5997:LeaderElection47] INFO  impl.RoleInfo (RoleInfo.java:shutdownLeaderElection(134)) - d15e0447-89ee-413a-8b64-4668700b9317: shutdown LeaderElection
2019-09-26 10:41:54,808 [d15e0447-89ee-413a-8b64-4668700b9317@group-BD740726C474:LeaderElection46] INFO  impl.RaftServerImpl (RaftServerImpl.java:setRole(174)) - d15e0447-89ee-413a-8b64-4668700b9317@group-BD740726C474: changes role from CANDIDATE to LEADER at term 1 for changeToLeader
2019-09-26 10:41:54,808 [d15e0447-89ee-413a-8b64-4668700b9317@group-B9D9C32A5997:LeaderElection47] INFO  impl.RaftServerImpl (RaftServerImpl.java:setRole(174)) - d15e0447-89ee-413a-8b64-4668700b9317@group-B9D9C32A5997: changes role from CANDIDATE to LEADER at term 1 for changeToLeader
2019-09-26 10:41:54,809 [d15e0447-89ee-413a-8b64-4668700b9317@group-BD740726C474:LeaderElection46] INFO  impl.RaftServerImpl (ServerState.java:setLeader(253)) - d15e0447-89ee-413a-8b64-4668700b9317@group-BD740726C474: change Leader from null to d15e0447-89ee-413a-8b64-4668700b9317 at term 1 for becomeLeader, leader elected after 5253ms
2019-09-26 10:41:54,809 [d15e0447-89ee-413a-8b64-4668700b9317@group-B9D9C32A5997:LeaderElection47] INFO  impl.RaftServerImpl (ServerState.java:setLeader(253)) - d15e0447-89ee-413a-8b64-4668700b9317@group-B9D9C32A5997: change Leader from null to d15e0447-89ee-413a-8b64-4668700b9317 at term 1 for becomeLeader, leader elected after 5054ms
2019-09-26 10:41:54,809 [d15e0447-89ee-413a-8b64-4668700b9317@group-BD740726C474:LeaderElection46] INFO  server.RaftServerConfigKeys (ConfUtils.java:logGet(43)) - raft.server.staging.catchup.gap = 1000 (default)
2019-09-26 10:41:54,809 [d15e0447-89ee-413a-8b64-4668700b9317@group-B9D9C32A5997:LeaderElection47] INFO  server.RaftServerConfigKeys (ConfUtils.java:logGet(43)) - raft.server.staging.catchup.gap = 1000 (default)
2019-09-26 10:41:54,809 [d15e0447-89ee-413a-8b64-4668700b9317@group-BD740726C474:LeaderElection46] INFO  server.RaftServerConfigKeys (ConfUtils.java:logGet(43)) - raft.server.rpc.sleep.time = 25ms (default)
2019-09-26 10:41:54,809 [d15e0447-89ee-413a-8b64-4668700b9317@group-B9D9C32A5997:LeaderElection47] INFO  server.RaftServerConfigKeys (ConfUtils.java:logGet(43)) - raft.server.rpc.sleep.time = 25ms (default)
2019-09-26 10:41:54,810 [d15e0447-89ee-413a-8b64-4668700b9317@group-BD740726C474:LeaderElection46] INFO  server.RaftServerConfigKeys (ConfUtils.java:logGet(43)) - raft.server.write.element-limit = 4096 (default)
2019-09-26 10:41:54,810 [d15e0447-89ee-413a-8b64-4668700b9317@group-B9D9C32A5997:LeaderElection47] INFO  server.RaftServerConfigKeys (ConfUtils.java:logGet(43)) - raft.server.write.element-limit = 4096 (default)
2019-09-26 10:41:54,810 [d15e0447-89ee-413a-8b64-4668700b9317@group-BD740726C474:LeaderElection46] INFO  server.RaftServerConfigKeys (ConfUtils.java:logGet(43)) - raft.server.watch.timeout = 10s (default)
2019-09-26 10:41:54,810 [d15e0447-89ee-413a-8b64-4668700b9317@group-B9D9C32A5997:LeaderElection47] INFO  server.RaftServerConfigKeys (ConfUtils.java:logGet(43)) - raft.server.watch.timeout = 10s (default)
2019-09-26 10:41:54,810 [d15e0447-89ee-413a-8b64-4668700b9317@group-BD740726C474:LeaderElection46] INFO  server.RaftServerConfigKeys (ConfUtils.java:logGet(43)) - raft.server.watch.timeout.denomination = 1s (default)
2019-09-26 10:41:54,810 [d15e0447-89ee-413a-8b64-4668700b9317@group-B9D9C32A5997:LeaderElection47] INFO  server.RaftServerConfigKeys (ConfUtils.java:logGet(43)) - raft.server.watch.timeout.denomination = 1s (default)
2019-09-26 10:41:54,810 [d15e0447-89ee-413a-8b64-4668700b9317@group-BD740726C474:LeaderElection46] INFO  server.RaftServerConfigKeys (ConfUtils.java:logGet(43)) - raft.server.watch.element-limit = 65536 (default)
2019-09-26 10:41:54,811 [d15e0447-89ee-413a-8b64-4668700b9317@group-B9D9C32A5997:LeaderElection47] INFO  server.RaftServerConfigKeys (ConfUtils.java:logGet(43)) - raft.server.watch.element-limit = 65536 (default)
2019-09-26 10:41:54,814 [d15e0447-89ee-413a-8b64-4668700b9317@group-BD740726C474:LeaderElection46] INFO  impl.RoleInfo (RoleInfo.java:updateAndGet(143)) - d15e0447-89ee-413a-8b64-4668700b9317: start LeaderState
2019-09-26 10:41:54,814 [d15e0447-89ee-413a-8b64-4668700b9317@group-BD740726C474:LeaderElection46] INFO  segmented.SegmentedRaftLogWorker (SegmentedRaftLogWorker.java:startLogSegment(380)) - d15e0447-89ee-413a-8b64-4668700b9317@group-BD740726C474-SegmentedRaftLogWorker: Starting segment from index:0
2019-09-26 10:41:54,815 [d15e0447-89ee-413a-8b64-4668700b9317@group-BD740726C474:LeaderElection46] INFO  impl.RaftServerImpl (ServerState.java:setRaftConf(354)) - d15e0447-89ee-413a-8b64-4668700b9317@group-BD740726C474: set configuration 0: [d15e0447-89ee-413a-8b64-4668700b9317:192.168.30.13:40975], old=null at 0
2019-09-26 10:41:54,815 [d15e0447-89ee-413a-8b64-4668700b9317@group-B9D9C32A5997:LeaderElection47] INFO  impl.RoleInfo (RoleInfo.java:updateAndGet(143)) - d15e0447-89ee-413a-8b64-4668700b9317: start LeaderState
2019-09-26 10:41:54,815 [d15e0447-89ee-413a-8b64-4668700b9317@group-B9D9C32A5997:LeaderElection47] INFO  segmented.SegmentedRaftLogWorker (SegmentedRaftLogWorker.java:startLogSegment(380)) - d15e0447-89ee-413a-8b64-4668700b9317@group-B9D9C32A5997-SegmentedRaftLogWorker: Starting segment from index:0
2019-09-26 10:41:54,816 [d15e0447-89ee-413a-8b64-4668700b9317@group-B9D9C32A5997:LeaderElection47] INFO  impl.RaftServerImpl (ServerState.java:setRaftConf(354)) - d15e0447-89ee-413a-8b64-4668700b9317@group-B9D9C32A5997: set configuration 0: [d15e0447-89ee-413a-8b64-4668700b9317:192.168.30.13:40975], old=null at 0
2019-09-26 10:41:54,867 [d15e0447-89ee-413a-8b64-4668700b9317@group-BD740726C474-SegmentedRaftLogWorker] INFO  segmented.SegmentedRaftLogWorker (SegmentedRaftLogWorker.java:execute(569)) - d15e0447-89ee-413a-8b64-4668700b9317@group-BD740726C474-SegmentedRaftLogWorker: created new log segment /workdir/hadoop-ozone/integration-test/target/test-dir/MiniOzoneClusterImpl-599c001a-03b4-4289-becf-fa48adbd6871/datanode-1/data/ratis/5e2fc546-2de6-47ad-938c-bd740726c474/current/log_inprogress_0
2019-09-26 10:41:54,867 [d15e0447-89ee-413a-8b64-4668700b9317@group-B9D9C32A5997-SegmentedRaftLogWorker] INFO  segmented.SegmentedRaftLogWorker (SegmentedRaftLogWorker.java:execute(569)) - d15e0447-89ee-413a-8b64-4668700b9317@group-B9D9C32A5997-SegmentedRaftLogWorker: created new log segment /workdir/hadoop-ozone/integration-test/target/test-dir/MiniOzoneClusterImpl-599c001a-03b4-4289-becf-fa48adbd6871/datanode-1/data/ratis/b9ec871d-cb76-4658-9a64-b9d9c32a5997/current/log_inprogress_0
2019-09-26 10:41:54,869 [Thread-733] INFO  impl.FollowerState (FollowerState.java:run(106)) - 596cfd2b-9e52-4fa6-b850-d9aef53ae22f:group-7BBC8D63A834 changes to CANDIDATE, lastRpcTime:5198, electionTimeout:5198ms
2019-09-26 10:41:54,870 [Thread-733] INFO  impl.RoleInfo (RoleInfo.java:shutdownFollowerState(121)) - 596cfd2b-9e52-4fa6-b850-d9aef53ae22f: shutdown FollowerState
2019-09-26 10:41:54,870 [Thread-733] INFO  impl.RaftServerImpl (RaftServerImpl.java:setRole(174)) - 596cfd2b-9e52-4fa6-b850-d9aef53ae22f@group-7BBC8D63A834: changes role from  FOLLOWER to CANDIDATE at term 0 for changeToCandidate
2019-09-26 10:41:54,870 [Thread-733] INFO  impl.RoleInfo (RoleInfo.java:updateAndGet(143)) - 596cfd2b-9e52-4fa6-b850-d9aef53ae22f: start LeaderElection
2019-09-26 10:41:54,880 [596cfd2b-9e52-4fa6-b850-d9aef53ae22f@group-7BBC8D63A834:LeaderElection48] INFO  impl.LeaderElection (LeaderElection.java:askForVotes(182)) - 596cfd2b-9e52-4fa6-b850-d9aef53ae22f@group-7BBC8D63A834:LeaderElection48: begin an election at term 1 for -1: [596cfd2b-9e52-4fa6-b850-d9aef53ae22f:192.168.30.13:33896], old=null
2019-09-26 10:41:54,880 [596cfd2b-9e52-4fa6-b850-d9aef53ae22f@group-7BBC8D63A834:LeaderElection48] INFO  impl.RoleInfo (RoleInfo.java:shutdownLeaderElection(134)) - 596cfd2b-9e52-4fa6-b850-d9aef53ae22f: shutdown LeaderElection
2019-09-26 10:41:54,881 [596cfd2b-9e52-4fa6-b850-d9aef53ae22f@group-7BBC8D63A834:LeaderElection48] INFO  impl.RaftServerImpl (RaftServerImpl.java:setRole(174)) - 596cfd2b-9e52-4fa6-b850-d9aef53ae22f@group-7BBC8D63A834: changes role from CANDIDATE to LEADER at term 1 for changeToLeader
2019-09-26 10:41:54,881 [596cfd2b-9e52-4fa6-b850-d9aef53ae22f@group-7BBC8D63A834:LeaderElection48] INFO  impl.RaftServerImpl (ServerState.java:setLeader(253)) - 596cfd2b-9e52-4fa6-b850-d9aef53ae22f@group-7BBC8D63A834: change Leader from null to 596cfd2b-9e52-4fa6-b850-d9aef53ae22f at term 1 for becomeLeader, leader elected after 5218ms
2019-09-26 10:41:54,881 [596cfd2b-9e52-4fa6-b850-d9aef53ae22f@group-7BBC8D63A834:LeaderElection48] INFO  server.RaftServerConfigKeys (ConfUtils.java:logGet(43)) - raft.server.staging.catchup.gap = 1000 (default)
2019-09-26 10:41:54,881 [596cfd2b-9e52-4fa6-b850-d9aef53ae22f@group-7BBC8D63A834:LeaderElection48] INFO  server.RaftServerConfigKeys (ConfUtils.java:logGet(43)) - raft.server.rpc.sleep.time = 25ms (default)
2019-09-26 10:41:54,881 [596cfd2b-9e52-4fa6-b850-d9aef53ae22f@group-7BBC8D63A834:LeaderElection48] INFO  server.RaftServerConfigKeys (ConfUtils.java:logGet(43)) - raft.server.write.element-limit = 4096 (default)
2019-09-26 10:41:54,882 [596cfd2b-9e52-4fa6-b850-d9aef53ae22f@group-7BBC8D63A834:LeaderElection48] INFO  server.RaftServerConfigKeys (ConfUtils.java:logGet(43)) - raft.server.watch.timeout = 10s (default)
2019-09-26 10:41:54,882 [596cfd2b-9e52-4fa6-b850-d9aef53ae22f@group-7BBC8D63A834:LeaderElection48] INFO  server.RaftServerConfigKeys (ConfUtils.java:logGet(43)) - raft.server.watch.timeout.denomination = 1s (default)
2019-09-26 10:41:54,882 [596cfd2b-9e52-4fa6-b850-d9aef53ae22f@group-7BBC8D63A834:LeaderElection48] INFO  server.RaftServerConfigKeys (ConfUtils.java:logGet(43)) - raft.server.watch.element-limit = 65536 (default)
2019-09-26 10:41:54,884 [596cfd2b-9e52-4fa6-b850-d9aef53ae22f@group-7BBC8D63A834:LeaderElection48] INFO  impl.RoleInfo (RoleInfo.java:updateAndGet(143)) - 596cfd2b-9e52-4fa6-b850-d9aef53ae22f: start LeaderState
2019-09-26 10:41:54,884 [596cfd2b-9e52-4fa6-b850-d9aef53ae22f@group-7BBC8D63A834:LeaderElection48] INFO  segmented.SegmentedRaftLogWorker (SegmentedRaftLogWorker.java:startLogSegment(380)) - 596cfd2b-9e52-4fa6-b850-d9aef53ae22f@group-7BBC8D63A834-SegmentedRaftLogWorker: Starting segment from index:0
2019-09-26 10:41:54,885 [596cfd2b-9e52-4fa6-b850-d9aef53ae22f@group-7BBC8D63A834:LeaderElection48] INFO  impl.RaftServerImpl (ServerState.java:setRaftConf(354)) - 596cfd2b-9e52-4fa6-b850-d9aef53ae22f@group-7BBC8D63A834: set configuration 0: [596cfd2b-9e52-4fa6-b850-d9aef53ae22f:192.168.30.13:33896], old=null at 0
2019-09-26 10:41:54,909 [Thread-742] INFO  impl.FollowerState (FollowerState.java:run(106)) - 596cfd2b-9e52-4fa6-b850-d9aef53ae22f:group-6CB763C9C165 changes to CANDIDATE, lastRpcTime:5103, electionTimeout:5103ms
2019-09-26 10:41:54,909 [Thread-742] INFO  impl.RoleInfo (RoleInfo.java:shutdownFollowerState(121)) - 596cfd2b-9e52-4fa6-b850-d9aef53ae22f: shutdown FollowerState
2019-09-26 10:41:54,909 [Thread-742] INFO  impl.RaftServerImpl (RaftServerImpl.java:setRole(174)) - 596cfd2b-9e52-4fa6-b850-d9aef53ae22f@group-6CB763C9C165: changes role from  FOLLOWER to CANDIDATE at term 0 for changeToCandidate
2019-09-26 10:41:54,909 [Thread-742] INFO  impl.RoleInfo (RoleInfo.java:updateAndGet(143)) - 596cfd2b-9e52-4fa6-b850-d9aef53ae22f: start LeaderElection
2019-09-26 10:41:54,939 [596cfd2b-9e52-4fa6-b850-d9aef53ae22f@group-7BBC8D63A834-SegmentedRaftLogWorker] INFO  segmented.SegmentedRaftLogWorker (SegmentedRaftLogWorker.java:execute(569)) - 596cfd2b-9e52-4fa6-b850-d9aef53ae22f@group-7BBC8D63A834-SegmentedRaftLogWorker: created new log segment /workdir/hadoop-ozone/integration-test/target/test-dir/MiniOzoneClusterImpl-599c001a-03b4-4289-becf-fa48adbd6871/datanode-2/data/ratis/fea95865-fc7d-4ed1-a661-7bbc8d63a834/current/log_inprogress_0
2019-09-26 10:41:54,939 [596cfd2b-9e52-4fa6-b850-d9aef53ae22f@group-6CB763C9C165:LeaderElection49] INFO  impl.LeaderElection (LeaderElection.java:askForVotes(182)) - 596cfd2b-9e52-4fa6-b850-d9aef53ae22f@group-6CB763C9C165:LeaderElection49: begin an election at term 1 for -1: [596cfd2b-9e52-4fa6-b850-d9aef53ae22f:192.168.30.13:33896], old=null
2019-09-26 10:41:54,939 [Thread-748] INFO  impl.FollowerState (FollowerState.java:run(106)) - 596cfd2b-9e52-4fa6-b850-d9aef53ae22f:group-FA568C571251 changes to CANDIDATE, lastRpcTime:5047, electionTimeout:5047ms
2019-09-26 10:41:54,939 [596cfd2b-9e52-4fa6-b850-d9aef53ae22f@group-6CB763C9C165:LeaderElection49] INFO  impl.RoleInfo (RoleInfo.java:shutdownLeaderElection(134)) - 596cfd2b-9e52-4fa6-b850-d9aef53ae22f: shutdown LeaderElection
2019-09-26 10:41:54,939 [Thread-748] INFO  impl.RoleInfo (RoleInfo.java:shutdownFollowerState(121)) - 596cfd2b-9e52-4fa6-b850-d9aef53ae22f: shutdown FollowerState
2019-09-26 10:41:54,939 [596cfd2b-9e52-4fa6-b850-d9aef53ae22f@group-6CB763C9C165:LeaderElection49] INFO  impl.RaftServerImpl (RaftServerImpl.java:setRole(174)) - 596cfd2b-9e52-4fa6-b850-d9aef53ae22f@group-6CB763C9C165: changes role from CANDIDATE to LEADER at term 1 for changeToLeader
2019-09-26 10:41:54,940 [Thread-748] INFO  impl.RaftServerImpl (RaftServerImpl.java:setRole(174)) - 596cfd2b-9e52-4fa6-b850-d9aef53ae22f@group-FA568C571251: changes role from  FOLLOWER to CANDIDATE at term 0 for changeToCandidate
2019-09-26 10:41:54,940 [596cfd2b-9e52-4fa6-b850-d9aef53ae22f@group-6CB763C9C165:LeaderElection49] INFO  impl.RaftServerImpl (ServerState.java:setLeader(253)) - 596cfd2b-9e52-4fa6-b850-d9aef53ae22f@group-6CB763C9C165: change Leader from null to 596cfd2b-9e52-4fa6-b850-d9aef53ae22f at term 1 for becomeLeader, leader elected after 5140ms
2019-09-26 10:41:54,940 [Thread-748] INFO  impl.RoleInfo (RoleInfo.java:updateAndGet(143)) - 596cfd2b-9e52-4fa6-b850-d9aef53ae22f: start LeaderElection
2019-09-26 10:41:54,940 [596cfd2b-9e52-4fa6-b850-d9aef53ae22f@group-6CB763C9C165:LeaderElection49] INFO  server.RaftServerConfigKeys (ConfUtils.java:logGet(43)) - raft.server.staging.catchup.gap = 1000 (default)
2019-09-26 10:41:54,940 [596cfd2b-9e52-4fa6-b850-d9aef53ae22f@group-6CB763C9C165:LeaderElection49] INFO  server.RaftServerConfigKeys (ConfUtils.java:logGet(43)) - raft.server.rpc.sleep.time = 25ms (default)
2019-09-26 10:41:54,942 [596cfd2b-9e52-4fa6-b850-d9aef53ae22f@group-6CB763C9C165:LeaderElection49] INFO  server.RaftServerConfigKeys (ConfUtils.java:logGet(43)) - raft.server.write.element-limit = 4096 (default)
2019-09-26 10:41:54,942 [596cfd2b-9e52-4fa6-b850-d9aef53ae22f@group-6CB763C9C165:LeaderElection49] INFO  server.RaftServerConfigKeys (ConfUtils.java:logGet(43)) - raft.server.watch.timeout = 10s (default)
2019-09-26 10:41:54,942 [596cfd2b-9e52-4fa6-b850-d9aef53ae22f@group-6CB763C9C165:LeaderElection49] INFO  server.RaftServerConfigKeys (ConfUtils.java:logGet(43)) - raft.server.watch.timeout.denomination = 1s (default)
2019-09-26 10:41:54,942 [596cfd2b-9e52-4fa6-b850-d9aef53ae22f@group-6CB763C9C165:LeaderElection49] INFO  server.RaftServerConfigKeys (ConfUtils.java:logGet(43)) - raft.server.watch.element-limit = 65536 (default)
2019-09-26 10:41:54,944 [596cfd2b-9e52-4fa6-b850-d9aef53ae22f@group-6CB763C9C165:LeaderElection49] INFO  impl.RoleInfo (RoleInfo.java:updateAndGet(143)) - 596cfd2b-9e52-4fa6-b850-d9aef53ae22f: start LeaderState
2019-09-26 10:41:54,944 [596cfd2b-9e52-4fa6-b850-d9aef53ae22f@group-6CB763C9C165:LeaderElection49] INFO  segmented.SegmentedRaftLogWorker (SegmentedRaftLogWorker.java:startLogSegment(380)) - 596cfd2b-9e52-4fa6-b850-d9aef53ae22f@group-6CB763C9C165-SegmentedRaftLogWorker: Starting segment from index:0
2019-09-26 10:41:54,944 [596cfd2b-9e52-4fa6-b850-d9aef53ae22f@group-6CB763C9C165:LeaderElection49] INFO  impl.RaftServerImpl (ServerState.java:setRaftConf(354)) - 596cfd2b-9e52-4fa6-b850-d9aef53ae22f@group-6CB763C9C165: set configuration 0: [596cfd2b-9e52-4fa6-b850-d9aef53ae22f:192.168.30.13:33896], old=null at 0
2019-09-26 10:41:54,952 [596cfd2b-9e52-4fa6-b850-d9aef53ae22f@group-FA568C571251:LeaderElection50] INFO  impl.LeaderElection (LeaderElection.java:askForVotes(182)) - 596cfd2b-9e52-4fa6-b850-d9aef53ae22f@group-FA568C571251:LeaderElection50: begin an election at term 1 for -1: [596cfd2b-9e52-4fa6-b850-d9aef53ae22f:192.168.30.13:33896], old=null
2019-09-26 10:41:54,952 [596cfd2b-9e52-4fa6-b850-d9aef53ae22f@group-FA568C571251:LeaderElection50] INFO  impl.RoleInfo (RoleInfo.java:shutdownLeaderElection(134)) - 596cfd2b-9e52-4fa6-b850-d9aef53ae22f: shutdown LeaderElection
2019-09-26 10:41:54,952 [596cfd2b-9e52-4fa6-b850-d9aef53ae22f@group-FA568C571251:LeaderElection50] INFO  impl.RaftServerImpl (RaftServerImpl.java:setRole(174)) - 596cfd2b-9e52-4fa6-b850-d9aef53ae22f@group-FA568C571251: changes role from CANDIDATE to LEADER at term 1 for changeToLeader
2019-09-26 10:41:54,953 [596cfd2b-9e52-4fa6-b850-d9aef53ae22f@group-FA568C571251:LeaderElection50] INFO  impl.RaftServerImpl (ServerState.java:setLeader(253)) - 596cfd2b-9e52-4fa6-b850-d9aef53ae22f@group-FA568C571251: change Leader from null to 596cfd2b-9e52-4fa6-b850-d9aef53ae22f at term 1 for becomeLeader, leader elected after 5066ms
2019-09-26 10:41:54,953 [596cfd2b-9e52-4fa6-b850-d9aef53ae22f@group-FA568C571251:LeaderElection50] INFO  server.RaftServerConfigKeys (ConfUtils.java:logGet(43)) - raft.server.staging.catchup.gap = 1000 (default)
2019-09-26 10:41:54,953 [596cfd2b-9e52-4fa6-b850-d9aef53ae22f@group-FA568C571251:LeaderElection50] INFO  server.RaftServerConfigKeys (ConfUtils.java:logGet(43)) - raft.server.rpc.sleep.time = 25ms (default)
2019-09-26 10:41:54,953 [596cfd2b-9e52-4fa6-b850-d9aef53ae22f@group-FA568C571251:LeaderElection50] INFO  server.RaftServerConfigKeys (ConfUtils.java:logGet(43)) - raft.server.write.element-limit = 4096 (default)
2019-09-26 10:41:54,953 [596cfd2b-9e52-4fa6-b850-d9aef53ae22f@group-FA568C571251:LeaderElection50] INFO  server.RaftServerConfigKeys (ConfUtils.java:logGet(43)) - raft.server.watch.timeout = 10s (default)
2019-09-26 10:41:54,954 [596cfd2b-9e52-4fa6-b850-d9aef53ae22f@group-FA568C571251:LeaderElection50] INFO  server.RaftServerConfigKeys (ConfUtils.java:logGet(43)) - raft.server.watch.timeout.denomination = 1s (default)
2019-09-26 10:41:54,954 [596cfd2b-9e52-4fa6-b850-d9aef53ae22f@group-FA568C571251:LeaderElection50] INFO  server.RaftServerConfigKeys (ConfUtils.java:logGet(43)) - raft.server.watch.element-limit = 65536 (default)
2019-09-26 10:41:54,957 [596cfd2b-9e52-4fa6-b850-d9aef53ae22f@group-FA568C571251:LeaderElection50] INFO  impl.RoleInfo (RoleInfo.java:updateAndGet(143)) - 596cfd2b-9e52-4fa6-b850-d9aef53ae22f: start LeaderState
2019-09-26 10:41:54,957 [596cfd2b-9e52-4fa6-b850-d9aef53ae22f@group-FA568C571251:LeaderElection50] INFO  segmented.SegmentedRaftLogWorker (SegmentedRaftLogWorker.java:startLogSegment(380)) - 596cfd2b-9e52-4fa6-b850-d9aef53ae22f@group-FA568C571251-SegmentedRaftLogWorker: Starting segment from index:0
2019-09-26 10:41:54,958 [596cfd2b-9e52-4fa6-b850-d9aef53ae22f@group-FA568C571251:LeaderElection50] INFO  impl.RaftServerImpl (ServerState.java:setRaftConf(354)) - 596cfd2b-9e52-4fa6-b850-d9aef53ae22f@group-FA568C571251: set configuration 0: [596cfd2b-9e52-4fa6-b850-d9aef53ae22f:192.168.30.13:33896], old=null at 0
2019-09-26 10:41:54,985 [Thread-745] INFO  impl.FollowerState (FollowerState.java:run(106)) - d15e0447-89ee-413a-8b64-4668700b9317:group-AA637434C11F changes to CANDIDATE, lastRpcTime:5136, electionTimeout:5136ms
2019-09-26 10:41:54,986 [Thread-745] INFO  impl.RoleInfo (RoleInfo.java:shutdownFollowerState(121)) - d15e0447-89ee-413a-8b64-4668700b9317: shutdown FollowerState
2019-09-26 10:41:54,986 [Thread-745] INFO  impl.RaftServerImpl (RaftServerImpl.java:setRole(174)) - d15e0447-89ee-413a-8b64-4668700b9317@group-AA637434C11F: changes role from  FOLLOWER to CANDIDATE at term 0 for changeToCandidate
2019-09-26 10:41:54,986 [Thread-745] INFO  impl.RoleInfo (RoleInfo.java:updateAndGet(143)) - d15e0447-89ee-413a-8b64-4668700b9317: start LeaderElection
2019-09-26 10:41:54,989 [Thread-754] INFO  impl.FollowerState (FollowerState.java:run(106)) - 596cfd2b-9e52-4fa6-b850-d9aef53ae22f:group-2DF9BD608B49 changes to CANDIDATE, lastRpcTime:5006, electionTimeout:5005ms
2019-09-26 10:41:54,989 [Thread-754] INFO  impl.RoleInfo (RoleInfo.java:shutdownFollowerState(121)) - 596cfd2b-9e52-4fa6-b850-d9aef53ae22f: shutdown FollowerState
2019-09-26 10:41:54,989 [Thread-754] INFO  impl.RaftServerImpl (RaftServerImpl.java:setRole(174)) - 596cfd2b-9e52-4fa6-b850-d9aef53ae22f@group-2DF9BD608B49: changes role from  FOLLOWER to CANDIDATE at term 0 for changeToCandidate
2019-09-26 10:41:54,989 [Thread-754] INFO  impl.RoleInfo (RoleInfo.java:updateAndGet(143)) - 596cfd2b-9e52-4fa6-b850-d9aef53ae22f: start LeaderElection
2019-09-26 10:41:54,994 [596cfd2b-9e52-4fa6-b850-d9aef53ae22f@group-6CB763C9C165-SegmentedRaftLogWorker] INFO  segmented.SegmentedRaftLogWorker (SegmentedRaftLogWorker.java:execute(569)) - 596cfd2b-9e52-4fa6-b850-d9aef53ae22f@group-6CB763C9C165-SegmentedRaftLogWorker: created new log segment /workdir/hadoop-ozone/integration-test/target/test-dir/MiniOzoneClusterImpl-599c001a-03b4-4289-becf-fa48adbd6871/datanode-2/data/ratis/cc7fca26-6aba-410b-9725-6cb763c9c165/current/log_inprogress_0
2019-09-26 10:41:54,994 [596cfd2b-9e52-4fa6-b850-d9aef53ae22f@group-FA568C571251-SegmentedRaftLogWorker] INFO  segmented.SegmentedRaftLogWorker (SegmentedRaftLogWorker.java:execute(569)) - 596cfd2b-9e52-4fa6-b850-d9aef53ae22f@group-FA568C571251-SegmentedRaftLogWorker: created new log segment /workdir/hadoop-ozone/integration-test/target/test-dir/MiniOzoneClusterImpl-599c001a-03b4-4289-becf-fa48adbd6871/datanode-2/data/ratis/735f052a-3dbd-4f47-a844-fa568c571251/current/log_inprogress_0
2019-09-26 10:41:54,994 [d15e0447-89ee-413a-8b64-4668700b9317@group-AA637434C11F:LeaderElection51] INFO  impl.LeaderElection (LeaderElection.java:askForVotes(182)) - d15e0447-89ee-413a-8b64-4668700b9317@group-AA637434C11F:LeaderElection51: begin an election at term 1 for -1: [d15e0447-89ee-413a-8b64-4668700b9317:192.168.30.13:40975], old=null
2019-09-26 10:41:54,995 [d15e0447-89ee-413a-8b64-4668700b9317@group-AA637434C11F:LeaderElection51] INFO  impl.RoleInfo (RoleInfo.java:shutdownLeaderElection(134)) - d15e0447-89ee-413a-8b64-4668700b9317: shutdown LeaderElection
2019-09-26 10:41:54,995 [d15e0447-89ee-413a-8b64-4668700b9317@group-AA637434C11F:LeaderElection51] INFO  impl.RaftServerImpl (RaftServerImpl.java:setRole(174)) - d15e0447-89ee-413a-8b64-4668700b9317@group-AA637434C11F: changes role from CANDIDATE to LEADER at term 1 for changeToLeader
2019-09-26 10:41:54,995 [d15e0447-89ee-413a-8b64-4668700b9317@group-AA637434C11F:LeaderElection51] INFO  impl.RaftServerImpl (ServerState.java:setLeader(253)) - d15e0447-89ee-413a-8b64-4668700b9317@group-AA637434C11F: change Leader from null to d15e0447-89ee-413a-8b64-4668700b9317 at term 1 for becomeLeader, leader elected after 5150ms
2019-09-26 10:41:54,995 [d15e0447-89ee-413a-8b64-4668700b9317@group-AA637434C11F:LeaderElection51] INFO  server.RaftServerConfigKeys (ConfUtils.java:logGet(43)) - raft.server.staging.catchup.gap = 1000 (default)
2019-09-26 10:41:54,995 [d15e0447-89ee-413a-8b64-4668700b9317@group-AA637434C11F:LeaderElection51] INFO  server.RaftServerConfigKeys (ConfUtils.java:logGet(43)) - raft.server.rpc.sleep.time = 25ms (default)
2019-09-26 10:41:54,995 [d15e0447-89ee-413a-8b64-4668700b9317@group-AA637434C11F:LeaderElection51] INFO  server.RaftServerConfigKeys (ConfUtils.java:logGet(43)) - raft.server.write.element-limit = 4096 (default)
2019-09-26 10:41:54,996 [d15e0447-89ee-413a-8b64-4668700b9317@group-AA637434C11F:LeaderElection51] INFO  server.RaftServerConfigKeys (ConfUtils.java:logGet(43)) - raft.server.watch.timeout = 10s (default)
2019-09-26 10:41:54,996 [d15e0447-89ee-413a-8b64-4668700b9317@group-AA637434C11F:LeaderElection51] INFO  server.RaftServerConfigKeys (ConfUtils.java:logGet(43)) - raft.server.watch.timeout.denomination = 1s (default)
2019-09-26 10:41:54,996 [596cfd2b-9e52-4fa6-b850-d9aef53ae22f@group-2DF9BD608B49:LeaderElection52] INFO  impl.LeaderElection (LeaderElection.java:askForVotes(182)) - 596cfd2b-9e52-4fa6-b850-d9aef53ae22f@group-2DF9BD608B49:LeaderElection52: begin an election at term 1 for -1: [596cfd2b-9e52-4fa6-b850-d9aef53ae22f:192.168.30.13:33896], old=null
2019-09-26 10:41:54,996 [d15e0447-89ee-413a-8b64-4668700b9317@group-AA637434C11F:LeaderElection51] INFO  server.RaftServerConfigKeys (ConfUtils.java:logGet(43)) - raft.server.watch.element-limit = 65536 (default)
2019-09-26 10:41:54,996 [596cfd2b-9e52-4fa6-b850-d9aef53ae22f@group-2DF9BD608B49:LeaderElection52] INFO  impl.RoleInfo (RoleInfo.java:shutdownLeaderElection(134)) - 596cfd2b-9e52-4fa6-b850-d9aef53ae22f: shutdown LeaderElection
2019-09-26 10:41:54,996 [596cfd2b-9e52-4fa6-b850-d9aef53ae22f@group-2DF9BD608B49:LeaderElection52] INFO  impl.RaftServerImpl (RaftServerImpl.java:setRole(174)) - 596cfd2b-9e52-4fa6-b850-d9aef53ae22f@group-2DF9BD608B49: changes role from CANDIDATE to LEADER at term 1 for changeToLeader
2019-09-26 10:41:54,996 [596cfd2b-9e52-4fa6-b850-d9aef53ae22f@group-2DF9BD608B49:LeaderElection52] INFO  impl.RaftServerImpl (ServerState.java:setLeader(253)) - 596cfd2b-9e52-4fa6-b850-d9aef53ae22f@group-2DF9BD608B49: change Leader from null to 596cfd2b-9e52-4fa6-b850-d9aef53ae22f at term 1 for becomeLeader, leader elected after 5019ms
2019-09-26 10:41:54,997 [596cfd2b-9e52-4fa6-b850-d9aef53ae22f@group-2DF9BD608B49:LeaderElection52] INFO  server.RaftServerConfigKeys (ConfUtils.java:logGet(43)) - raft.server.staging.catchup.gap = 1000 (default)
2019-09-26 10:41:54,997 [596cfd2b-9e52-4fa6-b850-d9aef53ae22f@group-2DF9BD608B49:LeaderElection52] INFO  server.RaftServerConfigKeys (ConfUtils.java:logGet(43)) - raft.server.rpc.sleep.time = 25ms (default)
2019-09-26 10:41:54,997 [596cfd2b-9e52-4fa6-b850-d9aef53ae22f@group-2DF9BD608B49:LeaderElection52] INFO  server.RaftServerConfigKeys (ConfUtils.java:logGet(43)) - raft.server.write.element-limit = 4096 (default)
2019-09-26 10:41:54,997 [596cfd2b-9e52-4fa6-b850-d9aef53ae22f@group-2DF9BD608B49:LeaderElection52] INFO  server.RaftServerConfigKeys (ConfUtils.java:logGet(43)) - raft.server.watch.timeout = 10s (default)
2019-09-26 10:41:54,997 [596cfd2b-9e52-4fa6-b850-d9aef53ae22f@group-2DF9BD608B49:LeaderElection52] INFO  server.RaftServerConfigKeys (ConfUtils.java:logGet(43)) - raft.server.watch.timeout.denomination = 1s (default)
2019-09-26 10:41:54,998 [596cfd2b-9e52-4fa6-b850-d9aef53ae22f@group-2DF9BD608B49:LeaderElection52] INFO  server.RaftServerConfigKeys (ConfUtils.java:logGet(43)) - raft.server.watch.element-limit = 65536 (default)
2019-09-26 10:41:54,998 [d15e0447-89ee-413a-8b64-4668700b9317@group-AA637434C11F:LeaderElection51] INFO  impl.RoleInfo (RoleInfo.java:updateAndGet(143)) - d15e0447-89ee-413a-8b64-4668700b9317: start LeaderState
2019-09-26 10:41:54,998 [d15e0447-89ee-413a-8b64-4668700b9317@group-AA637434C11F:LeaderElection51] INFO  segmented.SegmentedRaftLogWorker (SegmentedRaftLogWorker.java:startLogSegment(380)) - d15e0447-89ee-413a-8b64-4668700b9317@group-AA637434C11F-SegmentedRaftLogWorker: Starting segment from index:0
2019-09-26 10:41:54,999 [d15e0447-89ee-413a-8b64-4668700b9317@group-AA637434C11F:LeaderElection51] INFO  impl.RaftServerImpl (ServerState.java:setRaftConf(354)) - d15e0447-89ee-413a-8b64-4668700b9317@group-AA637434C11F: set configuration 0: [d15e0447-89ee-413a-8b64-4668700b9317:192.168.30.13:40975], old=null at 0
2019-09-26 10:41:55,001 [596cfd2b-9e52-4fa6-b850-d9aef53ae22f@group-2DF9BD608B49:LeaderElection52] INFO  impl.RoleInfo (RoleInfo.java:updateAndGet(143)) - 596cfd2b-9e52-4fa6-b850-d9aef53ae22f: start LeaderState
2019-09-26 10:41:55,001 [596cfd2b-9e52-4fa6-b850-d9aef53ae22f@group-2DF9BD608B49:LeaderElection52] INFO  segmented.SegmentedRaftLogWorker (SegmentedRaftLogWorker.java:startLogSegment(380)) - 596cfd2b-9e52-4fa6-b850-d9aef53ae22f@group-2DF9BD608B49-SegmentedRaftLogWorker: Starting segment from index:0
2019-09-26 10:41:55,001 [596cfd2b-9e52-4fa6-b850-d9aef53ae22f@group-2DF9BD608B49:LeaderElection52] INFO  impl.RaftServerImpl (ServerState.java:setRaftConf(354)) - 596cfd2b-9e52-4fa6-b850-d9aef53ae22f@group-2DF9BD608B49: set configuration 0: [596cfd2b-9e52-4fa6-b850-d9aef53ae22f:192.168.30.13:33896], old=null at 0
2019-09-26 10:41:55,049 [596cfd2b-9e52-4fa6-b850-d9aef53ae22f@group-2DF9BD608B49-SegmentedRaftLogWorker] INFO  segmented.SegmentedRaftLogWorker (SegmentedRaftLogWorker.java:execute(569)) - 596cfd2b-9e52-4fa6-b850-d9aef53ae22f@group-2DF9BD608B49-SegmentedRaftLogWorker: created new log segment /workdir/hadoop-ozone/integration-test/target/test-dir/MiniOzoneClusterImpl-599c001a-03b4-4289-becf-fa48adbd6871/datanode-2/data/ratis/5715553e-6b00-4be4-aab6-2df9bd608b49/current/log_inprogress_0
2019-09-26 10:41:55,049 [d15e0447-89ee-413a-8b64-4668700b9317@group-AA637434C11F-SegmentedRaftLogWorker] INFO  segmented.SegmentedRaftLogWorker (SegmentedRaftLogWorker.java:execute(569)) - d15e0447-89ee-413a-8b64-4668700b9317@group-AA637434C11F-SegmentedRaftLogWorker: created new log segment /workdir/hadoop-ozone/integration-test/target/test-dir/MiniOzoneClusterImpl-599c001a-03b4-4289-becf-fa48adbd6871/datanode-1/data/ratis/79ccc337-dd3e-4b2c-a29f-aa637434c11f/current/log_inprogress_0
2019-09-26 10:41:55,055 [Thread-751] INFO  impl.FollowerState (FollowerState.java:run(106)) - 596cfd2b-9e52-4fa6-b850-d9aef53ae22f:group-1FA319163412 changes to CANDIDATE, lastRpcTime:5120, electionTimeout:5120ms
2019-09-26 10:41:55,055 [Thread-751] INFO  impl.RoleInfo (RoleInfo.java:shutdownFollowerState(121)) - 596cfd2b-9e52-4fa6-b850-d9aef53ae22f: shutdown FollowerState
2019-09-26 10:41:55,055 [Thread-751] INFO  impl.RaftServerImpl (RaftServerImpl.java:setRole(174)) - 596cfd2b-9e52-4fa6-b850-d9aef53ae22f@group-1FA319163412: changes role from  FOLLOWER to CANDIDATE at term 0 for changeToCandidate
2019-09-26 10:41:55,056 [Thread-751] INFO  impl.RoleInfo (RoleInfo.java:updateAndGet(143)) - 596cfd2b-9e52-4fa6-b850-d9aef53ae22f: start LeaderElection
2019-09-26 10:41:55,063 [596cfd2b-9e52-4fa6-b850-d9aef53ae22f@group-1FA319163412:LeaderElection53] INFO  impl.LeaderElection (LeaderElection.java:askForVotes(182)) - 596cfd2b-9e52-4fa6-b850-d9aef53ae22f@group-1FA319163412:LeaderElection53: begin an election at term 1 for -1: [596cfd2b-9e52-4fa6-b850-d9aef53ae22f:192.168.30.13:33896], old=null
2019-09-26 10:41:55,063 [596cfd2b-9e52-4fa6-b850-d9aef53ae22f@group-1FA319163412:LeaderElection53] INFO  impl.RoleInfo (RoleInfo.java:shutdownLeaderElection(134)) - 596cfd2b-9e52-4fa6-b850-d9aef53ae22f: shutdown LeaderElection
2019-09-26 10:41:55,063 [596cfd2b-9e52-4fa6-b850-d9aef53ae22f@group-1FA319163412:LeaderElection53] INFO  impl.RaftServerImpl (RaftServerImpl.java:setRole(174)) - 596cfd2b-9e52-4fa6-b850-d9aef53ae22f@group-1FA319163412: changes role from CANDIDATE to LEADER at term 1 for changeToLeader
2019-09-26 10:41:55,063 [596cfd2b-9e52-4fa6-b850-d9aef53ae22f@group-1FA319163412:LeaderElection53] INFO  impl.RaftServerImpl (ServerState.java:setLeader(253)) - 596cfd2b-9e52-4fa6-b850-d9aef53ae22f@group-1FA319163412: change Leader from null to 596cfd2b-9e52-4fa6-b850-d9aef53ae22f at term 1 for becomeLeader, leader elected after 5133ms
2019-09-26 10:41:55,063 [596cfd2b-9e52-4fa6-b850-d9aef53ae22f@group-1FA319163412:LeaderElection53] INFO  server.RaftServerConfigKeys (ConfUtils.java:logGet(43)) - raft.server.staging.catchup.gap = 1000 (default)
2019-09-26 10:41:55,064 [596cfd2b-9e52-4fa6-b850-d9aef53ae22f@group-1FA319163412:LeaderElection53] INFO  server.RaftServerConfigKeys (ConfUtils.java:logGet(43)) - raft.server.rpc.sleep.time = 25ms (default)
2019-09-26 10:41:55,064 [596cfd2b-9e52-4fa6-b850-d9aef53ae22f@group-1FA319163412:LeaderElection53] INFO  server.RaftServerConfigKeys (ConfUtils.java:logGet(43)) - raft.server.write.element-limit = 4096 (default)
2019-09-26 10:41:55,064 [596cfd2b-9e52-4fa6-b850-d9aef53ae22f@group-1FA319163412:LeaderElection53] INFO  server.RaftServerConfigKeys (ConfUtils.java:logGet(43)) - raft.server.watch.timeout = 10s (default)
2019-09-26 10:41:55,064 [596cfd2b-9e52-4fa6-b850-d9aef53ae22f@group-1FA319163412:LeaderElection53] INFO  server.RaftServerConfigKeys (ConfUtils.java:logGet(43)) - raft.server.watch.timeout.denomination = 1s (default)
2019-09-26 10:41:55,064 [596cfd2b-9e52-4fa6-b850-d9aef53ae22f@group-1FA319163412:LeaderElection53] INFO  server.RaftServerConfigKeys (ConfUtils.java:logGet(43)) - raft.server.watch.element-limit = 65536 (default)
2019-09-26 10:41:55,067 [596cfd2b-9e52-4fa6-b850-d9aef53ae22f@group-1FA319163412:LeaderElection53] INFO  impl.RoleInfo (RoleInfo.java:updateAndGet(143)) - 596cfd2b-9e52-4fa6-b850-d9aef53ae22f: start LeaderState
2019-09-26 10:41:55,067 [596cfd2b-9e52-4fa6-b850-d9aef53ae22f@group-1FA319163412:LeaderElection53] INFO  segmented.SegmentedRaftLogWorker (SegmentedRaftLogWorker.java:startLogSegment(380)) - 596cfd2b-9e52-4fa6-b850-d9aef53ae22f@group-1FA319163412-SegmentedRaftLogWorker: Starting segment from index:0
2019-09-26 10:41:55,068 [596cfd2b-9e52-4fa6-b850-d9aef53ae22f@group-1FA319163412:LeaderElection53] INFO  impl.RaftServerImpl (ServerState.java:setRaftConf(354)) - 596cfd2b-9e52-4fa6-b850-d9aef53ae22f@group-1FA319163412: set configuration 0: [596cfd2b-9e52-4fa6-b850-d9aef53ae22f:192.168.30.13:33896], old=null at 0
2019-09-26 10:41:55,110 [596cfd2b-9e52-4fa6-b850-d9aef53ae22f@group-1FA319163412-SegmentedRaftLogWorker] INFO  segmented.SegmentedRaftLogWorker (SegmentedRaftLogWorker.java:execute(569)) - 596cfd2b-9e52-4fa6-b850-d9aef53ae22f@group-1FA319163412-SegmentedRaftLogWorker: created new log segment /workdir/hadoop-ozone/integration-test/target/test-dir/MiniOzoneClusterImpl-599c001a-03b4-4289-becf-fa48adbd6871/datanode-2/data/ratis/1bef9288-e1f7-4115-b2dd-1fa319163412/current/log_inprogress_0
2019-09-26 10:41:55,232 [Thread-757] INFO  impl.FollowerState (FollowerState.java:run(106)) - 596cfd2b-9e52-4fa6-b850-d9aef53ae22f:group-803F5117A7B1 changes to CANDIDATE, lastRpcTime:5197, electionTimeout:5197ms
2019-09-26 10:41:55,232 [Thread-757] INFO  impl.RoleInfo (RoleInfo.java:shutdownFollowerState(121)) - 596cfd2b-9e52-4fa6-b850-d9aef53ae22f: shutdown FollowerState
2019-09-26 10:41:55,233 [Thread-757] INFO  impl.RaftServerImpl (RaftServerImpl.java:setRole(174)) - 596cfd2b-9e52-4fa6-b850-d9aef53ae22f@group-803F5117A7B1: changes role from  FOLLOWER to CANDIDATE at term 0 for changeToCandidate
2019-09-26 10:41:55,233 [Thread-757] INFO  impl.RoleInfo (RoleInfo.java:updateAndGet(143)) - 596cfd2b-9e52-4fa6-b850-d9aef53ae22f: start LeaderElection
2019-09-26 10:41:55,251 [596cfd2b-9e52-4fa6-b850-d9aef53ae22f@group-803F5117A7B1:LeaderElection54] INFO  impl.LeaderElection (LeaderElection.java:askForVotes(182)) - 596cfd2b-9e52-4fa6-b850-d9aef53ae22f@group-803F5117A7B1:LeaderElection54: begin an election at term 1 for -1: [596cfd2b-9e52-4fa6-b850-d9aef53ae22f:192.168.30.13:33896], old=null
2019-09-26 10:41:55,252 [596cfd2b-9e52-4fa6-b850-d9aef53ae22f@group-803F5117A7B1:LeaderElection54] INFO  impl.RoleInfo (RoleInfo.java:shutdownLeaderElection(134)) - 596cfd2b-9e52-4fa6-b850-d9aef53ae22f: shutdown LeaderElection
2019-09-26 10:41:55,252 [596cfd2b-9e52-4fa6-b850-d9aef53ae22f@group-803F5117A7B1:LeaderElection54] INFO  impl.RaftServerImpl (RaftServerImpl.java:setRole(174)) - 596cfd2b-9e52-4fa6-b850-d9aef53ae22f@group-803F5117A7B1: changes role from CANDIDATE to LEADER at term 1 for changeToLeader
2019-09-26 10:41:55,252 [596cfd2b-9e52-4fa6-b850-d9aef53ae22f@group-803F5117A7B1:LeaderElection54] INFO  impl.RaftServerImpl (ServerState.java:setLeader(253)) - 596cfd2b-9e52-4fa6-b850-d9aef53ae22f@group-803F5117A7B1: change Leader from null to 596cfd2b-9e52-4fa6-b850-d9aef53ae22f at term 1 for becomeLeader, leader elected after 5223ms
2019-09-26 10:41:55,252 [596cfd2b-9e52-4fa6-b850-d9aef53ae22f@group-803F5117A7B1:LeaderElection54] INFO  server.RaftServerConfigKeys (ConfUtils.java:logGet(43)) - raft.server.staging.catchup.gap = 1000 (default)
2019-09-26 10:41:55,252 [596cfd2b-9e52-4fa6-b850-d9aef53ae22f@group-803F5117A7B1:LeaderElection54] INFO  server.RaftServerConfigKeys (ConfUtils.java:logGet(43)) - raft.server.rpc.sleep.time = 25ms (default)
2019-09-26 10:41:55,252 [596cfd2b-9e52-4fa6-b850-d9aef53ae22f@group-803F5117A7B1:LeaderElection54] INFO  server.RaftServerConfigKeys (ConfUtils.java:logGet(43)) - raft.server.write.element-limit = 4096 (default)
2019-09-26 10:41:55,252 [596cfd2b-9e52-4fa6-b850-d9aef53ae22f@group-803F5117A7B1:LeaderElection54] INFO  server.RaftServerConfigKeys (ConfUtils.java:logGet(43)) - raft.server.watch.timeout = 10s (default)
2019-09-26 10:41:55,253 [596cfd2b-9e52-4fa6-b850-d9aef53ae22f@group-803F5117A7B1:LeaderElection54] INFO  server.RaftServerConfigKeys (ConfUtils.java:logGet(43)) - raft.server.watch.timeout.denomination = 1s (default)
2019-09-26 10:41:55,253 [596cfd2b-9e52-4fa6-b850-d9aef53ae22f@group-803F5117A7B1:LeaderElection54] INFO  server.RaftServerConfigKeys (ConfUtils.java:logGet(43)) - raft.server.watch.element-limit = 65536 (default)
2019-09-26 10:41:55,255 [596cfd2b-9e52-4fa6-b850-d9aef53ae22f@group-803F5117A7B1:LeaderElection54] INFO  impl.RoleInfo (RoleInfo.java:updateAndGet(143)) - 596cfd2b-9e52-4fa6-b850-d9aef53ae22f: start LeaderState
2019-09-26 10:41:55,255 [596cfd2b-9e52-4fa6-b850-d9aef53ae22f@group-803F5117A7B1:LeaderElection54] INFO  segmented.SegmentedRaftLogWorker (SegmentedRaftLogWorker.java:startLogSegment(380)) - 596cfd2b-9e52-4fa6-b850-d9aef53ae22f@group-803F5117A7B1-SegmentedRaftLogWorker: Starting segment from index:0
2019-09-26 10:41:55,256 [596cfd2b-9e52-4fa6-b850-d9aef53ae22f@group-803F5117A7B1:LeaderElection54] INFO  impl.RaftServerImpl (ServerState.java:setRaftConf(354)) - 596cfd2b-9e52-4fa6-b850-d9aef53ae22f@group-803F5117A7B1: set configuration 0: [596cfd2b-9e52-4fa6-b850-d9aef53ae22f:192.168.30.13:33896], old=null at 0
2019-09-26 10:41:55,277 [main] INFO  ozoneimpl.OzoneContainer (OzoneContainer.java:stop(231)) - Attempting to stop container services.
2019-09-26 10:41:55,278 [ForkJoinPool.commonPool-worker-0] INFO  ozoneimpl.OzoneContainer (OzoneContainer.java:stop(231)) - Attempting to stop container services.
2019-09-26 10:41:55,278 [main] INFO  impl.RaftServerProxy (RaftServerProxy.java:lambda$close$4(314)) - d15e0447-89ee-413a-8b64-4668700b9317: close
2019-09-26 10:41:55,278 [ForkJoinPool.commonPool-worker-0] INFO  impl.RaftServerProxy (RaftServerProxy.java:lambda$close$4(314)) - 4bf39b58-3848-4acf-b320-fb978d248b73: close
2019-09-26 10:41:55,279 [main] INFO  impl.RaftServerImpl (RaftServerImpl.java:lambda$shutdown$3(251)) - d15e0447-89ee-413a-8b64-4668700b9317@group-BB83200B4CFB: shutdown
2019-09-26 10:41:55,279 [ForkJoinPool.commonPool-worker-0] INFO  impl.RaftServerImpl (RaftServerImpl.java:lambda$shutdown$3(251)) - 4bf39b58-3848-4acf-b320-fb978d248b73@group-D123FC704F56: shutdown
2019-09-26 10:41:55,279 [main] INFO  util.JmxRegister (JmxRegister.java:unregister(73)) - Successfully un-registered JMX Bean with object name Ratis:service=RaftServer,group=group-BB83200B4CFB,id=d15e0447-89ee-413a-8b64-4668700b9317
2019-09-26 10:41:55,280 [ForkJoinPool.commonPool-worker-0] INFO  util.JmxRegister (JmxRegister.java:unregister(73)) - Successfully un-registered JMX Bean with object name Ratis:service=RaftServer,group=group-D123FC704F56,id=4bf39b58-3848-4acf-b320-fb978d248b73
2019-09-26 10:41:55,280 [main] INFO  impl.RoleInfo (RoleInfo.java:shutdownLeaderState(104)) - d15e0447-89ee-413a-8b64-4668700b9317: shutdown LeaderState
2019-09-26 10:41:55,280 [ForkJoinPool.commonPool-worker-0] INFO  impl.RoleInfo (RoleInfo.java:shutdownLeaderState(104)) - 4bf39b58-3848-4acf-b320-fb978d248b73: shutdown LeaderState
2019-09-26 10:41:55,281 [main] INFO  impl.PendingRequests (PendingRequests.java:sendNotLeaderResponses(202)) - d15e0447-89ee-413a-8b64-4668700b9317-PendingRequests: sendNotLeaderResponses
2019-09-26 10:41:55,281 [ForkJoinPool.commonPool-worker-0] INFO  impl.PendingRequests (PendingRequests.java:sendNotLeaderResponses(202)) - 4bf39b58-3848-4acf-b320-fb978d248b73-PendingRequests: sendNotLeaderResponses
2019-09-26 10:41:55,282 [main] INFO  impl.StateMachineUpdater (StateMachineUpdater.java:stopAndJoin(125)) - d15e0447-89ee-413a-8b64-4668700b9317@group-BB83200B4CFB-StateMachineUpdater: set stopIndex = 0
2019-09-26 10:41:55,282 [ForkJoinPool.commonPool-worker-0] INFO  impl.StateMachineUpdater (StateMachineUpdater.java:stopAndJoin(125)) - 4bf39b58-3848-4acf-b320-fb978d248b73@group-D123FC704F56-StateMachineUpdater: set stopIndex = 0
2019-09-26 10:41:55,282 [main] INFO  impl.RaftServerImpl (ServerState.java:close(385)) - d15e0447-89ee-413a-8b64-4668700b9317@group-BB83200B4CFB: closes. applyIndex: 0
2019-09-26 10:41:55,283 [ForkJoinPool.commonPool-worker-0] INFO  impl.RaftServerImpl (ServerState.java:close(385)) - 4bf39b58-3848-4acf-b320-fb978d248b73@group-D123FC704F56: closes. applyIndex: 0
2019-09-26 10:41:55,283 [d15e0447-89ee-413a-8b64-4668700b9317@group-BB83200B4CFB-SegmentedRaftLogWorker] INFO  segmented.SegmentedRaftLogWorker (SegmentedRaftLogWorker.java:run(313)) - d15e0447-89ee-413a-8b64-4668700b9317@group-BB83200B4CFB-SegmentedRaftLogWorker was interrupted, exiting. There are 0 tasks remaining in the queue.
2019-09-26 10:41:55,284 [4bf39b58-3848-4acf-b320-fb978d248b73@group-D123FC704F56-SegmentedRaftLogWorker] INFO  segmented.SegmentedRaftLogWorker (SegmentedRaftLogWorker.java:run(313)) - 4bf39b58-3848-4acf-b320-fb978d248b73@group-D123FC704F56-SegmentedRaftLogWorker was interrupted, exiting. There are 0 tasks remaining in the queue.
2019-09-26 10:41:55,284 [main] INFO  segmented.SegmentedRaftLogWorker (SegmentedRaftLogWorker.java:close(228)) - d15e0447-89ee-413a-8b64-4668700b9317@group-BB83200B4CFB-SegmentedRaftLogWorker close()
2019-09-26 10:41:55,284 [ForkJoinPool.commonPool-worker-0] INFO  segmented.SegmentedRaftLogWorker (SegmentedRaftLogWorker.java:close(228)) - 4bf39b58-3848-4acf-b320-fb978d248b73@group-D123FC704F56-SegmentedRaftLogWorker close()
2019-09-26 10:41:55,298 [main] INFO  impl.RaftServerImpl (RaftServerImpl.java:lambda$shutdown$3(251)) - d15e0447-89ee-413a-8b64-4668700b9317@group-68B2F4288576: shutdown
2019-09-26 10:41:55,300 [ForkJoinPool.commonPool-worker-0] INFO  impl.RaftServerImpl (RaftServerImpl.java:lambda$shutdown$3(251)) - 4bf39b58-3848-4acf-b320-fb978d248b73@group-C51AD1A0D625: shutdown
2019-09-26 10:41:55,300 [main] INFO  util.JmxRegister (JmxRegister.java:unregister(73)) - Successfully un-registered JMX Bean with object name Ratis:service=RaftServer,group=group-68B2F4288576,id=d15e0447-89ee-413a-8b64-4668700b9317
2019-09-26 10:41:55,300 [ForkJoinPool.commonPool-worker-0] INFO  util.JmxRegister (JmxRegister.java:unregister(73)) - Successfully un-registered JMX Bean with object name Ratis:service=RaftServer,group=group-C51AD1A0D625,id=4bf39b58-3848-4acf-b320-fb978d248b73
2019-09-26 10:41:55,301 [main] INFO  impl.RoleInfo (RoleInfo.java:shutdownLeaderState(104)) - d15e0447-89ee-413a-8b64-4668700b9317: shutdown LeaderState
2019-09-26 10:41:55,301 [ForkJoinPool.commonPool-worker-0] INFO  impl.RoleInfo (RoleInfo.java:shutdownLeaderState(104)) - 4bf39b58-3848-4acf-b320-fb978d248b73: shutdown LeaderState
2019-09-26 10:41:55,302 [main] INFO  impl.PendingRequests (PendingRequests.java:sendNotLeaderResponses(202)) - d15e0447-89ee-413a-8b64-4668700b9317-PendingRequests: sendNotLeaderResponses
2019-09-26 10:41:55,302 [ForkJoinPool.commonPool-worker-0] INFO  impl.PendingRequests (PendingRequests.java:sendNotLeaderResponses(202)) - 4bf39b58-3848-4acf-b320-fb978d248b73-PendingRequests: sendNotLeaderResponses
2019-09-26 10:41:55,302 [main] INFO  impl.StateMachineUpdater (StateMachineUpdater.java:stopAndJoin(125)) - d15e0447-89ee-413a-8b64-4668700b9317@group-68B2F4288576-StateMachineUpdater: set stopIndex = 0
2019-09-26 10:41:55,302 [ForkJoinPool.commonPool-worker-0] INFO  impl.StateMachineUpdater (StateMachineUpdater.java:stopAndJoin(125)) - 4bf39b58-3848-4acf-b320-fb978d248b73@group-C51AD1A0D625-StateMachineUpdater: set stopIndex = 0
2019-09-26 10:41:55,303 [main] INFO  impl.RaftServerImpl (ServerState.java:close(385)) - d15e0447-89ee-413a-8b64-4668700b9317@group-68B2F4288576: closes. applyIndex: 0
2019-09-26 10:41:55,303 [ForkJoinPool.commonPool-worker-0] INFO  impl.RaftServerImpl (ServerState.java:close(385)) - 4bf39b58-3848-4acf-b320-fb978d248b73@group-C51AD1A0D625: closes. applyIndex: 0
2019-09-26 10:41:55,304 [d15e0447-89ee-413a-8b64-4668700b9317@group-68B2F4288576-SegmentedRaftLogWorker] INFO  segmented.SegmentedRaftLogWorker (SegmentedRaftLogWorker.java:run(313)) - d15e0447-89ee-413a-8b64-4668700b9317@group-68B2F4288576-SegmentedRaftLogWorker was interrupted, exiting. There are 0 tasks remaining in the queue.
2019-09-26 10:41:55,304 [4bf39b58-3848-4acf-b320-fb978d248b73@group-C51AD1A0D625-SegmentedRaftLogWorker] INFO  segmented.SegmentedRaftLogWorker (SegmentedRaftLogWorker.java:run(313)) - 4bf39b58-3848-4acf-b320-fb978d248b73@group-C51AD1A0D625-SegmentedRaftLogWorker was interrupted, exiting. There are 0 tasks remaining in the queue.
2019-09-26 10:41:55,304 [main] INFO  segmented.SegmentedRaftLogWorker (SegmentedRaftLogWorker.java:close(228)) - d15e0447-89ee-413a-8b64-4668700b9317@group-68B2F4288576-SegmentedRaftLogWorker close()
2019-09-26 10:41:55,304 [ForkJoinPool.commonPool-worker-0] INFO  segmented.SegmentedRaftLogWorker (SegmentedRaftLogWorker.java:close(228)) - 4bf39b58-3848-4acf-b320-fb978d248b73@group-C51AD1A0D625-SegmentedRaftLogWorker close()
2019-09-26 10:41:55,306 [main] INFO  impl.RaftServerImpl (RaftServerImpl.java:lambda$shutdown$3(251)) - d15e0447-89ee-413a-8b64-4668700b9317@group-BD740726C474: shutdown
2019-09-26 10:41:55,308 [ForkJoinPool.commonPool-worker-0] INFO  impl.RaftServerImpl (RaftServerImpl.java:lambda$shutdown$3(251)) - 4bf39b58-3848-4acf-b320-fb978d248b73@group-BB2D0AB35911: shutdown
2019-09-26 10:41:55,308 [main] INFO  util.JmxRegister (JmxRegister.java:unregister(73)) - Successfully un-registered JMX Bean with object name Ratis:service=RaftServer,group=group-BD740726C474,id=d15e0447-89ee-413a-8b64-4668700b9317
2019-09-26 10:41:55,308 [ForkJoinPool.commonPool-worker-0] INFO  util.JmxRegister (JmxRegister.java:unregister(73)) - Successfully un-registered JMX Bean with object name Ratis:service=RaftServer,group=group-BB2D0AB35911,id=4bf39b58-3848-4acf-b320-fb978d248b73
2019-09-26 10:41:55,308 [main] INFO  impl.RoleInfo (RoleInfo.java:shutdownLeaderState(104)) - d15e0447-89ee-413a-8b64-4668700b9317: shutdown LeaderState
2019-09-26 10:41:55,309 [ForkJoinPool.commonPool-worker-0] INFO  impl.RoleInfo (RoleInfo.java:shutdownLeaderState(104)) - 4bf39b58-3848-4acf-b320-fb978d248b73: shutdown LeaderState
2019-09-26 10:41:55,309 [main] INFO  impl.PendingRequests (PendingRequests.java:sendNotLeaderResponses(202)) - d15e0447-89ee-413a-8b64-4668700b9317-PendingRequests: sendNotLeaderResponses
2019-09-26 10:41:55,309 [ForkJoinPool.commonPool-worker-0] INFO  impl.PendingRequests (PendingRequests.java:sendNotLeaderResponses(202)) - 4bf39b58-3848-4acf-b320-fb978d248b73-PendingRequests: sendNotLeaderResponses
2019-09-26 10:41:55,310 [main] INFO  impl.StateMachineUpdater (StateMachineUpdater.java:stopAndJoin(125)) - d15e0447-89ee-413a-8b64-4668700b9317@group-BD740726C474-StateMachineUpdater: set stopIndex = 0
2019-09-26 10:41:55,310 [ForkJoinPool.commonPool-worker-0] INFO  impl.StateMachineUpdater (StateMachineUpdater.java:stopAndJoin(125)) - 4bf39b58-3848-4acf-b320-fb978d248b73@group-BB2D0AB35911-StateMachineUpdater: set stopIndex = 0
2019-09-26 10:41:55,310 [ForkJoinPool.commonPool-worker-0] INFO  impl.RaftServerImpl (ServerState.java:close(385)) - 4bf39b58-3848-4acf-b320-fb978d248b73@group-BB2D0AB35911: closes. applyIndex: 0
2019-09-26 10:41:55,310 [main] INFO  impl.RaftServerImpl (ServerState.java:close(385)) - d15e0447-89ee-413a-8b64-4668700b9317@group-BD740726C474: closes. applyIndex: 0
2019-09-26 10:41:55,311 [4bf39b58-3848-4acf-b320-fb978d248b73@group-BB2D0AB35911-SegmentedRaftLogWorker] INFO  segmented.SegmentedRaftLogWorker (SegmentedRaftLogWorker.java:run(313)) - 4bf39b58-3848-4acf-b320-fb978d248b73@group-BB2D0AB35911-SegmentedRaftLogWorker was interrupted, exiting. There are 0 tasks remaining in the queue.
2019-09-26 10:41:55,311 [d15e0447-89ee-413a-8b64-4668700b9317@group-BD740726C474-SegmentedRaftLogWorker] INFO  segmented.SegmentedRaftLogWorker (SegmentedRaftLogWorker.java:run(313)) - d15e0447-89ee-413a-8b64-4668700b9317@group-BD740726C474-SegmentedRaftLogWorker was interrupted, exiting. There are 0 tasks remaining in the queue.
2019-09-26 10:41:55,311 [ForkJoinPool.commonPool-worker-0] INFO  segmented.SegmentedRaftLogWorker (SegmentedRaftLogWorker.java:close(228)) - 4bf39b58-3848-4acf-b320-fb978d248b73@group-BB2D0AB35911-SegmentedRaftLogWorker close()
2019-09-26 10:41:55,311 [596cfd2b-9e52-4fa6-b850-d9aef53ae22f@group-803F5117A7B1-SegmentedRaftLogWorker] INFO  segmented.SegmentedRaftLogWorker (SegmentedRaftLogWorker.java:execute(569)) - 596cfd2b-9e52-4fa6-b850-d9aef53ae22f@group-803F5117A7B1-SegmentedRaftLogWorker: created new log segment /workdir/hadoop-ozone/integration-test/target/test-dir/MiniOzoneClusterImpl-599c001a-03b4-4289-becf-fa48adbd6871/datanode-2/data/ratis/7ab63f84-0840-4c57-9094-803f5117a7b1/current/log_inprogress_0
2019-09-26 10:41:55,311 [main] INFO  segmented.SegmentedRaftLogWorker (SegmentedRaftLogWorker.java:close(228)) - d15e0447-89ee-413a-8b64-4668700b9317@group-BD740726C474-SegmentedRaftLogWorker close()
2019-09-26 10:41:55,313 [ForkJoinPool.commonPool-worker-0] INFO  impl.RaftServerImpl (RaftServerImpl.java:lambda$shutdown$3(251)) - 4bf39b58-3848-4acf-b320-fb978d248b73@group-7153742EAA3B: shutdown
2019-09-26 10:41:55,315 [main] INFO  impl.RaftServerImpl (RaftServerImpl.java:lambda$shutdown$3(251)) - d15e0447-89ee-413a-8b64-4668700b9317@group-8A1CD491A73D: shutdown
2019-09-26 10:41:55,315 [ForkJoinPool.commonPool-worker-0] INFO  util.JmxRegister (JmxRegister.java:unregister(73)) - Successfully un-registered JMX Bean with object name Ratis:service=RaftServer,group=group-7153742EAA3B,id=4bf39b58-3848-4acf-b320-fb978d248b73
2019-09-26 10:41:55,316 [main] INFO  util.JmxRegister (JmxRegister.java:unregister(73)) - Successfully un-registered JMX Bean with object name Ratis:service=RaftServer,group=group-8A1CD491A73D,id=d15e0447-89ee-413a-8b64-4668700b9317
2019-09-26 10:41:55,316 [ForkJoinPool.commonPool-worker-0] INFO  impl.RoleInfo (RoleInfo.java:shutdownLeaderState(104)) - 4bf39b58-3848-4acf-b320-fb978d248b73: shutdown LeaderState
2019-09-26 10:41:55,316 [main] INFO  impl.RoleInfo (RoleInfo.java:shutdownLeaderState(104)) - d15e0447-89ee-413a-8b64-4668700b9317: shutdown LeaderState
2019-09-26 10:41:55,316 [ForkJoinPool.commonPool-worker-0] INFO  impl.PendingRequests (PendingRequests.java:sendNotLeaderResponses(202)) - 4bf39b58-3848-4acf-b320-fb978d248b73-PendingRequests: sendNotLeaderResponses
2019-09-26 10:41:55,317 [main] INFO  impl.PendingRequests (PendingRequests.java:sendNotLeaderResponses(202)) - d15e0447-89ee-413a-8b64-4668700b9317-PendingRequests: sendNotLeaderResponses
2019-09-26 10:41:55,317 [ForkJoinPool.commonPool-worker-0] INFO  impl.StateMachineUpdater (StateMachineUpdater.java:stopAndJoin(125)) - 4bf39b58-3848-4acf-b320-fb978d248b73@group-7153742EAA3B-StateMachineUpdater: set stopIndex = 0
2019-09-26 10:41:55,317 [main] INFO  impl.StateMachineUpdater (StateMachineUpdater.java:stopAndJoin(125)) - d15e0447-89ee-413a-8b64-4668700b9317@group-8A1CD491A73D-StateMachineUpdater: set stopIndex = 0
2019-09-26 10:41:55,318 [ForkJoinPool.commonPool-worker-0] INFO  impl.RaftServerImpl (ServerState.java:close(385)) - 4bf39b58-3848-4acf-b320-fb978d248b73@group-7153742EAA3B: closes. applyIndex: 0
2019-09-26 10:41:55,318 [main] INFO  impl.RaftServerImpl (ServerState.java:close(385)) - d15e0447-89ee-413a-8b64-4668700b9317@group-8A1CD491A73D: closes. applyIndex: 0
2019-09-26 10:41:55,318 [4bf39b58-3848-4acf-b320-fb978d248b73@group-7153742EAA3B-SegmentedRaftLogWorker] INFO  segmented.SegmentedRaftLogWorker (SegmentedRaftLogWorker.java:run(313)) - 4bf39b58-3848-4acf-b320-fb978d248b73@group-7153742EAA3B-SegmentedRaftLogWorker was interrupted, exiting. There are 0 tasks remaining in the queue.
2019-09-26 10:41:55,319 [d15e0447-89ee-413a-8b64-4668700b9317@group-8A1CD491A73D-SegmentedRaftLogWorker] INFO  segmented.SegmentedRaftLogWorker (SegmentedRaftLogWorker.java:run(313)) - d15e0447-89ee-413a-8b64-4668700b9317@group-8A1CD491A73D-SegmentedRaftLogWorker was interrupted, exiting. There are 0 tasks remaining in the queue.
2019-09-26 10:41:55,319 [ForkJoinPool.commonPool-worker-0] INFO  segmented.SegmentedRaftLogWorker (SegmentedRaftLogWorker.java:close(228)) - 4bf39b58-3848-4acf-b320-fb978d248b73@group-7153742EAA3B-SegmentedRaftLogWorker close()
2019-09-26 10:41:55,319 [main] INFO  segmented.SegmentedRaftLogWorker (SegmentedRaftLogWorker.java:close(228)) - d15e0447-89ee-413a-8b64-4668700b9317@group-8A1CD491A73D-SegmentedRaftLogWorker close()
2019-09-26 10:41:55,321 [ForkJoinPool.commonPool-worker-0] INFO  impl.RaftServerImpl (RaftServerImpl.java:lambda$shutdown$3(251)) - 4bf39b58-3848-4acf-b320-fb978d248b73@group-2B1875899156: shutdown
2019-09-26 10:41:55,322 [main] INFO  impl.RaftServerImpl (RaftServerImpl.java:lambda$shutdown$3(251)) - d15e0447-89ee-413a-8b64-4668700b9317@group-AA637434C11F: shutdown
2019-09-26 10:41:55,323 [ForkJoinPool.commonPool-worker-0] INFO  util.JmxRegister (JmxRegister.java:unregister(73)) - Successfully un-registered JMX Bean with object name Ratis:service=RaftServer,group=group-2B1875899156,id=4bf39b58-3848-4acf-b320-fb978d248b73
2019-09-26 10:41:55,323 [main] INFO  util.JmxRegister (JmxRegister.java:unregister(73)) - Successfully un-registered JMX Bean with object name Ratis:service=RaftServer,group=group-AA637434C11F,id=d15e0447-89ee-413a-8b64-4668700b9317
2019-09-26 10:41:55,323 [ForkJoinPool.commonPool-worker-0] INFO  impl.RoleInfo (RoleInfo.java:shutdownLeaderState(104)) - 4bf39b58-3848-4acf-b320-fb978d248b73: shutdown LeaderState
2019-09-26 10:41:55,323 [main] INFO  impl.RoleInfo (RoleInfo.java:shutdownLeaderState(104)) - d15e0447-89ee-413a-8b64-4668700b9317: shutdown LeaderState
2019-09-26 10:41:55,324 [ForkJoinPool.commonPool-worker-0] INFO  impl.PendingRequests (PendingRequests.java:sendNotLeaderResponses(202)) - 4bf39b58-3848-4acf-b320-fb978d248b73-PendingRequests: sendNotLeaderResponses
2019-09-26 10:41:55,324 [main] INFO  impl.PendingRequests (PendingRequests.java:sendNotLeaderResponses(202)) - d15e0447-89ee-413a-8b64-4668700b9317-PendingRequests: sendNotLeaderResponses
2019-09-26 10:41:55,324 [ForkJoinPool.commonPool-worker-0] INFO  impl.StateMachineUpdater (StateMachineUpdater.java:stopAndJoin(125)) - 4bf39b58-3848-4acf-b320-fb978d248b73@group-2B1875899156-StateMachineUpdater: set stopIndex = 0
2019-09-26 10:41:55,324 [main] INFO  impl.StateMachineUpdater (StateMachineUpdater.java:stopAndJoin(125)) - d15e0447-89ee-413a-8b64-4668700b9317@group-AA637434C11F-StateMachineUpdater: set stopIndex = 0
2019-09-26 10:41:55,325 [ForkJoinPool.commonPool-worker-0] INFO  impl.RaftServerImpl (ServerState.java:close(385)) - 4bf39b58-3848-4acf-b320-fb978d248b73@group-2B1875899156: closes. applyIndex: 0
2019-09-26 10:41:55,325 [main] INFO  impl.RaftServerImpl (ServerState.java:close(385)) - d15e0447-89ee-413a-8b64-4668700b9317@group-AA637434C11F: closes. applyIndex: 0
2019-09-26 10:41:55,325 [4bf39b58-3848-4acf-b320-fb978d248b73@group-2B1875899156-SegmentedRaftLogWorker] INFO  segmented.SegmentedRaftLogWorker (SegmentedRaftLogWorker.java:run(313)) - 4bf39b58-3848-4acf-b320-fb978d248b73@group-2B1875899156-SegmentedRaftLogWorker was interrupted, exiting. There are 0 tasks remaining in the queue.
2019-09-26 10:41:55,326 [d15e0447-89ee-413a-8b64-4668700b9317@group-AA637434C11F-SegmentedRaftLogWorker] INFO  segmented.SegmentedRaftLogWorker (SegmentedRaftLogWorker.java:run(313)) - d15e0447-89ee-413a-8b64-4668700b9317@group-AA637434C11F-SegmentedRaftLogWorker was interrupted, exiting. There are 0 tasks remaining in the queue.
2019-09-26 10:41:55,326 [ForkJoinPool.commonPool-worker-0] INFO  segmented.SegmentedRaftLogWorker (SegmentedRaftLogWorker.java:close(228)) - 4bf39b58-3848-4acf-b320-fb978d248b73@group-2B1875899156-SegmentedRaftLogWorker close()
2019-09-26 10:41:55,326 [main] INFO  segmented.SegmentedRaftLogWorker (SegmentedRaftLogWorker.java:close(228)) - d15e0447-89ee-413a-8b64-4668700b9317@group-AA637434C11F-SegmentedRaftLogWorker close()
2019-09-26 10:41:55,327 [ForkJoinPool.commonPool-worker-0] INFO  impl.RaftServerImpl (RaftServerImpl.java:lambda$shutdown$3(251)) - 4bf39b58-3848-4acf-b320-fb978d248b73@group-31C0D5741662: shutdown
2019-09-26 10:41:55,329 [main] INFO  impl.RaftServerImpl (RaftServerImpl.java:lambda$shutdown$3(251)) - d15e0447-89ee-413a-8b64-4668700b9317@group-B9D9C32A5997: shutdown
2019-09-26 10:41:55,329 [ForkJoinPool.commonPool-worker-0] INFO  util.JmxRegister (JmxRegister.java:unregister(73)) - Successfully un-registered JMX Bean with object name Ratis:service=RaftServer,group=group-31C0D5741662,id=4bf39b58-3848-4acf-b320-fb978d248b73
2019-09-26 10:41:55,330 [main] INFO  util.JmxRegister (JmxRegister.java:unregister(73)) - Successfully un-registered JMX Bean with object name Ratis:service=RaftServer,group=group-B9D9C32A5997,id=d15e0447-89ee-413a-8b64-4668700b9317
2019-09-26 10:41:55,330 [main] INFO  impl.RoleInfo (RoleInfo.java:shutdownLeaderState(104)) - d15e0447-89ee-413a-8b64-4668700b9317: shutdown LeaderState
2019-09-26 10:41:55,330 [ForkJoinPool.commonPool-worker-0] INFO  impl.RoleInfo (RoleInfo.java:shutdownLeaderState(104)) - 4bf39b58-3848-4acf-b320-fb978d248b73: shutdown LeaderState
2019-09-26 10:41:55,330 [main] INFO  impl.PendingRequests (PendingRequests.java:sendNotLeaderResponses(202)) - d15e0447-89ee-413a-8b64-4668700b9317-PendingRequests: sendNotLeaderResponses
2019-09-26 10:41:55,331 [ForkJoinPool.commonPool-worker-0] INFO  impl.PendingRequests (PendingRequests.java:sendNotLeaderResponses(202)) - 4bf39b58-3848-4acf-b320-fb978d248b73-PendingRequests: sendNotLeaderResponses
2019-09-26 10:41:55,331 [main] INFO  impl.StateMachineUpdater (StateMachineUpdater.java:stopAndJoin(125)) - d15e0447-89ee-413a-8b64-4668700b9317@group-B9D9C32A5997-StateMachineUpdater: set stopIndex = 0
2019-09-26 10:41:55,331 [ForkJoinPool.commonPool-worker-0] INFO  impl.StateMachineUpdater (StateMachineUpdater.java:stopAndJoin(125)) - 4bf39b58-3848-4acf-b320-fb978d248b73@group-31C0D5741662-StateMachineUpdater: set stopIndex = 0
2019-09-26 10:41:55,331 [main] INFO  impl.RaftServerImpl (ServerState.java:close(385)) - d15e0447-89ee-413a-8b64-4668700b9317@group-B9D9C32A5997: closes. applyIndex: 0
2019-09-26 10:41:55,332 [ForkJoinPool.commonPool-worker-0] INFO  impl.RaftServerImpl (ServerState.java:close(385)) - 4bf39b58-3848-4acf-b320-fb978d248b73@group-31C0D5741662: closes. applyIndex: 0
2019-09-26 10:41:55,332 [d15e0447-89ee-413a-8b64-4668700b9317@group-B9D9C32A5997-SegmentedRaftLogWorker] INFO  segmented.SegmentedRaftLogWorker (SegmentedRaftLogWorker.java:run(313)) - d15e0447-89ee-413a-8b64-4668700b9317@group-B9D9C32A5997-SegmentedRaftLogWorker was interrupted, exiting. There are 0 tasks remaining in the queue.
2019-09-26 10:41:55,332 [4bf39b58-3848-4acf-b320-fb978d248b73@group-31C0D5741662-SegmentedRaftLogWorker] INFO  segmented.SegmentedRaftLogWorker (SegmentedRaftLogWorker.java:run(313)) - 4bf39b58-3848-4acf-b320-fb978d248b73@group-31C0D5741662-SegmentedRaftLogWorker was interrupted, exiting. There are 0 tasks remaining in the queue.
2019-09-26 10:41:55,332 [main] INFO  segmented.SegmentedRaftLogWorker (SegmentedRaftLogWorker.java:close(228)) - d15e0447-89ee-413a-8b64-4668700b9317@group-B9D9C32A5997-SegmentedRaftLogWorker close()
2019-09-26 10:41:55,333 [ForkJoinPool.commonPool-worker-0] INFO  segmented.SegmentedRaftLogWorker (SegmentedRaftLogWorker.java:close(228)) - 4bf39b58-3848-4acf-b320-fb978d248b73@group-31C0D5741662-SegmentedRaftLogWorker close()
2019-09-26 10:41:55,334 [main] INFO  server.GrpcService (GrpcService.java:closeImpl(164)) - d15e0447-89ee-413a-8b64-4668700b9317: shutdown server with port 40975 now
2019-09-26 10:41:55,336 [ForkJoinPool.commonPool-worker-0] INFO  server.GrpcService (GrpcService.java:closeImpl(164)) - 4bf39b58-3848-4acf-b320-fb978d248b73: shutdown server with port 35754 now
2019-09-26 10:41:55,338 [main] INFO  server.GrpcService (GrpcService.java:closeImpl(172)) - d15e0447-89ee-413a-8b64-4668700b9317: shutdown server with port 40975 successfully
2019-09-26 10:41:55,339 [ForkJoinPool.commonPool-worker-0] INFO  server.GrpcService (GrpcService.java:closeImpl(172)) - 4bf39b58-3848-4acf-b320-fb978d248b73: shutdown server with port 35754 successfully
2019-09-26 10:41:55,343 [refreshUsed-/workdir/hadoop-ozone/integration-test/target/test-dir/MiniOzoneClusterImpl-599c001a-03b4-4289-becf-fa48adbd6871/datanode-0/data/containers] WARN  fs.CachingGetSpaceUsed (CachingGetSpaceUsed.java:run(183)) - Thread Interrupted waiting to refresh disk information: sleep interrupted
2019-09-26 10:41:55,344 [refreshUsed-/workdir/hadoop-ozone/integration-test/target/test-dir/MiniOzoneClusterImpl-599c001a-03b4-4289-becf-fa48adbd6871/datanode-1/data/containers] WARN  fs.CachingGetSpaceUsed (CachingGetSpaceUsed.java:run(183)) - Thread Interrupted waiting to refresh disk information: sleep interrupted
2019-09-26 10:41:55,362 [ForkJoinPool.commonPool-worker-0] INFO  utils.BackgroundService (BackgroundService.java:shutdown(148)) - Shutting down service BlockDeletingService
2019-09-26 10:41:55,366 [ForkJoinPool.commonPool-worker-0] INFO  statemachine.DatanodeStateMachine (DatanodeStateMachine.java:stopDaemon(395)) - Ozone container server stopped.
2019-09-26 10:41:55,370 [ForkJoinPool.commonPool-worker-0] INFO  handler.ContextHandler (ContextHandler.java:doStop(910)) - Stopped o.e.j.w.WebAppContext@46383a78{/,null,UNAVAILABLE}{/hddsDatanode}
2019-09-26 10:41:55,370 [main] INFO  utils.BackgroundService (BackgroundService.java:shutdown(148)) - Shutting down service BlockDeletingService
2019-09-26 10:41:55,370 [ForkJoinPool.commonPool-worker-0] INFO  server.AbstractConnector (AbstractConnector.java:doStop(318)) - Stopped ServerConnector@36c281ed{HTTP/1.1,[http/1.1]}{0.0.0.0:0}
2019-09-26 10:41:55,373 [ForkJoinPool.commonPool-worker-0] INFO  handler.ContextHandler (ContextHandler.java:doStop(910)) - Stopped o.e.j.s.ServletContextHandler@37637a24{/static,jar:file:/home/user/.m2/repository/org/apache/hadoop/hadoop-hdds-container-service/0.5.0-SNAPSHOT/hadoop-hdds-container-service-0.5.0-SNAPSHOT.jar!/webapps/static,UNAVAILABLE}
2019-09-26 10:41:55,374 [main] INFO  statemachine.DatanodeStateMachine (DatanodeStateMachine.java:stopDaemon(395)) - Ozone container server stopped.
2019-09-26 10:41:55,375 [ForkJoinPool.commonPool-worker-0] INFO  handler.ContextHandler (ContextHandler.java:doStop(910)) - Stopped o.e.j.s.ServletContextHandler@869d87c{/logs,file:///workdir/hadoop-ozone/integration-test/target/log,UNAVAILABLE}
2019-09-26 10:41:55,376 [main] INFO  handler.ContextHandler (ContextHandler.java:doStop(910)) - Stopped o.e.j.w.WebAppContext@f9f3928{/,null,UNAVAILABLE}{/hddsDatanode}
2019-09-26 10:41:55,377 [main] INFO  server.AbstractConnector (AbstractConnector.java:doStop(318)) - Stopped ServerConnector@404eca05{HTTP/1.1,[http/1.1]}{0.0.0.0:0}
2019-09-26 10:41:55,378 [main] INFO  handler.ContextHandler (ContextHandler.java:doStop(910)) - Stopped o.e.j.s.ServletContextHandler@e76b097{/static,jar:file:/home/user/.m2/repository/org/apache/hadoop/hadoop-hdds-container-service/0.5.0-SNAPSHOT/hadoop-hdds-container-service-0.5.0-SNAPSHOT.jar!/webapps/static,UNAVAILABLE}
2019-09-26 10:41:55,378 [main] INFO  handler.ContextHandler (ContextHandler.java:doStop(910)) - Stopped o.e.j.s.ServletContextHandler@12a14b74{/logs,file:///workdir/hadoop-ozone/integration-test/target/log,UNAVAILABLE}
2019-09-26 10:41:56,248 [Datanode State Machine Thread - 0] INFO  statemachine.DatanodeStateMachine (DatanodeStateMachine.java:lambda$startDaemon$0(350)) - Ozone container server started.
2019-09-26 10:42:00,378 [ForkJoinPool.commonPool-worker-0] INFO  ozoneimpl.OzoneContainer (OzoneContainer.java:stop(231)) - Attempting to stop container services.
2019-09-26 10:42:00,378 [ForkJoinPool.commonPool-worker-0] INFO  impl.RaftServerProxy (RaftServerProxy.java:lambda$close$4(314)) - 596cfd2b-9e52-4fa6-b850-d9aef53ae22f: close
2019-09-26 10:42:00,379 [ForkJoinPool.commonPool-worker-0] INFO  impl.RaftServerImpl (RaftServerImpl.java:lambda$shutdown$3(251)) - 596cfd2b-9e52-4fa6-b850-d9aef53ae22f@group-6CB763C9C165: shutdown
2019-09-26 10:42:00,379 [ForkJoinPool.commonPool-worker-0] INFO  util.JmxRegister (JmxRegister.java:unregister(73)) - Successfully un-registered JMX Bean with object name Ratis:service=RaftServer,group=group-6CB763C9C165,id=596cfd2b-9e52-4fa6-b850-d9aef53ae22f
2019-09-26 10:42:00,380 [ForkJoinPool.commonPool-worker-0] INFO  impl.RoleInfo (RoleInfo.java:shutdownLeaderState(104)) - 596cfd2b-9e52-4fa6-b850-d9aef53ae22f: shutdown LeaderState
2019-09-26 10:42:00,380 [ForkJoinPool.commonPool-worker-0] INFO  impl.PendingRequests (PendingRequests.java:sendNotLeaderResponses(202)) - 596cfd2b-9e52-4fa6-b850-d9aef53ae22f-PendingRequests: sendNotLeaderResponses
2019-09-26 10:42:00,381 [ForkJoinPool.commonPool-worker-0] INFO  impl.StateMachineUpdater (StateMachineUpdater.java:stopAndJoin(125)) - 596cfd2b-9e52-4fa6-b850-d9aef53ae22f@group-6CB763C9C165-StateMachineUpdater: set stopIndex = 0
2019-09-26 10:42:00,381 [ForkJoinPool.commonPool-worker-0] INFO  impl.RaftServerImpl (ServerState.java:close(385)) - 596cfd2b-9e52-4fa6-b850-d9aef53ae22f@group-6CB763C9C165: closes. applyIndex: 0
2019-09-26 10:42:00,382 [596cfd2b-9e52-4fa6-b850-d9aef53ae22f@group-6CB763C9C165-SegmentedRaftLogWorker] INFO  segmented.SegmentedRaftLogWorker (SegmentedRaftLogWorker.java:run(313)) - 596cfd2b-9e52-4fa6-b850-d9aef53ae22f@group-6CB763C9C165-SegmentedRaftLogWorker was interrupted, exiting. There are 0 tasks remaining in the queue.
2019-09-26 10:42:00,382 [ForkJoinPool.commonPool-worker-0] INFO  segmented.SegmentedRaftLogWorker (SegmentedRaftLogWorker.java:close(228)) - 596cfd2b-9e52-4fa6-b850-d9aef53ae22f@group-6CB763C9C165-SegmentedRaftLogWorker close()
2019-09-26 10:42:00,384 [ForkJoinPool.commonPool-worker-0] INFO  impl.RaftServerImpl (RaftServerImpl.java:lambda$shutdown$3(251)) - 596cfd2b-9e52-4fa6-b850-d9aef53ae22f@group-803F5117A7B1: shutdown
2019-09-26 10:42:00,384 [ForkJoinPool.commonPool-worker-0] INFO  util.JmxRegister (JmxRegister.java:unregister(73)) - Successfully un-registered JMX Bean with object name Ratis:service=RaftServer,group=group-803F5117A7B1,id=596cfd2b-9e52-4fa6-b850-d9aef53ae22f
2019-09-26 10:42:00,384 [ForkJoinPool.commonPool-worker-0] INFO  impl.RoleInfo (RoleInfo.java:shutdownLeaderState(104)) - 596cfd2b-9e52-4fa6-b850-d9aef53ae22f: shutdown LeaderState
2019-09-26 10:42:00,385 [ForkJoinPool.commonPool-worker-0] INFO  impl.PendingRequests (PendingRequests.java:sendNotLeaderResponses(202)) - 596cfd2b-9e52-4fa6-b850-d9aef53ae22f-PendingRequests: sendNotLeaderResponses
2019-09-26 10:42:00,385 [ForkJoinPool.commonPool-worker-0] INFO  impl.StateMachineUpdater (StateMachineUpdater.java:stopAndJoin(125)) - 596cfd2b-9e52-4fa6-b850-d9aef53ae22f@group-803F5117A7B1-StateMachineUpdater: set stopIndex = 0
2019-09-26 10:42:00,385 [ForkJoinPool.commonPool-worker-0] INFO  impl.RaftServerImpl (ServerState.java:close(385)) - 596cfd2b-9e52-4fa6-b850-d9aef53ae22f@group-803F5117A7B1: closes. applyIndex: 0
2019-09-26 10:42:00,386 [596cfd2b-9e52-4fa6-b850-d9aef53ae22f@group-803F5117A7B1-SegmentedRaftLogWorker] INFO  segmented.SegmentedRaftLogWorker (SegmentedRaftLogWorker.java:run(313)) - 596cfd2b-9e52-4fa6-b850-d9aef53ae22f@group-803F5117A7B1-SegmentedRaftLogWorker was interrupted, exiting. There are 0 tasks remaining in the queue.
2019-09-26 10:42:00,394 [ForkJoinPool.commonPool-worker-0] INFO  segmented.SegmentedRaftLogWorker (SegmentedRaftLogWorker.java:close(228)) - 596cfd2b-9e52-4fa6-b850-d9aef53ae22f@group-803F5117A7B1-SegmentedRaftLogWorker close()
2019-09-26 10:42:00,396 [ForkJoinPool.commonPool-worker-0] INFO  impl.RaftServerImpl (RaftServerImpl.java:lambda$shutdown$3(251)) - 596cfd2b-9e52-4fa6-b850-d9aef53ae22f@group-2DF9BD608B49: shutdown
2019-09-26 10:42:00,396 [ForkJoinPool.commonPool-worker-0] INFO  util.JmxRegister (JmxRegister.java:unregister(73)) - Successfully un-registered JMX Bean with object name Ratis:service=RaftServer,group=group-2DF9BD608B49,id=596cfd2b-9e52-4fa6-b850-d9aef53ae22f
2019-09-26 10:42:00,396 [ForkJoinPool.commonPool-worker-0] INFO  impl.RoleInfo (RoleInfo.java:shutdownLeaderState(104)) - 596cfd2b-9e52-4fa6-b850-d9aef53ae22f: shutdown LeaderState
2019-09-26 10:42:00,397 [ForkJoinPool.commonPool-worker-0] INFO  impl.PendingRequests (PendingRequests.java:sendNotLeaderResponses(202)) - 596cfd2b-9e52-4fa6-b850-d9aef53ae22f-PendingRequests: sendNotLeaderResponses
2019-09-26 10:42:00,397 [ForkJoinPool.commonPool-worker-0] INFO  impl.StateMachineUpdater (StateMachineUpdater.java:stopAndJoin(125)) - 596cfd2b-9e52-4fa6-b850-d9aef53ae22f@group-2DF9BD608B49-StateMachineUpdater: set stopIndex = 0
2019-09-26 10:42:00,397 [ForkJoinPool.commonPool-worker-0] INFO  impl.RaftServerImpl (ServerState.java:close(385)) - 596cfd2b-9e52-4fa6-b850-d9aef53ae22f@group-2DF9BD608B49: closes. applyIndex: 0
2019-09-26 10:42:00,398 [596cfd2b-9e52-4fa6-b850-d9aef53ae22f@group-2DF9BD608B49-SegmentedRaftLogWorker] INFO  segmented.SegmentedRaftLogWorker (SegmentedRaftLogWorker.java:run(313)) - 596cfd2b-9e52-4fa6-b850-d9aef53ae22f@group-2DF9BD608B49-SegmentedRaftLogWorker was interrupted, exiting. There are 0 tasks remaining in the queue.
2019-09-26 10:42:00,398 [ForkJoinPool.commonPool-worker-0] INFO  segmented.SegmentedRaftLogWorker (SegmentedRaftLogWorker.java:close(228)) - 596cfd2b-9e52-4fa6-b850-d9aef53ae22f@group-2DF9BD608B49-SegmentedRaftLogWorker close()
2019-09-26 10:42:00,400 [ForkJoinPool.commonPool-worker-0] INFO  impl.RaftServerImpl (RaftServerImpl.java:lambda$shutdown$3(251)) - 596cfd2b-9e52-4fa6-b850-d9aef53ae22f@group-7BBC8D63A834: shutdown
2019-09-26 10:42:00,400 [ForkJoinPool.commonPool-worker-0] INFO  util.JmxRegister (JmxRegister.java:unregister(73)) - Successfully un-registered JMX Bean with object name Ratis:service=RaftServer,group=group-7BBC8D63A834,id=596cfd2b-9e52-4fa6-b850-d9aef53ae22f
2019-09-26 10:42:00,400 [ForkJoinPool.commonPool-worker-0] INFO  impl.RoleInfo (RoleInfo.java:shutdownLeaderState(104)) - 596cfd2b-9e52-4fa6-b850-d9aef53ae22f: shutdown LeaderState
2019-09-26 10:42:00,401 [ForkJoinPool.commonPool-worker-0] INFO  impl.PendingRequests (PendingRequests.java:sendNotLeaderResponses(202)) - 596cfd2b-9e52-4fa6-b850-d9aef53ae22f-PendingRequests: sendNotLeaderResponses
2019-09-26 10:42:00,401 [ForkJoinPool.commonPool-worker-0] INFO  impl.StateMachineUpdater (StateMachineUpdater.java:stopAndJoin(125)) - 596cfd2b-9e52-4fa6-b850-d9aef53ae22f@group-7BBC8D63A834-StateMachineUpdater: set stopIndex = 0
2019-09-26 10:42:00,401 [ForkJoinPool.commonPool-worker-0] INFO  impl.RaftServerImpl (ServerState.java:close(385)) - 596cfd2b-9e52-4fa6-b850-d9aef53ae22f@group-7BBC8D63A834: closes. applyIndex: 0
2019-09-26 10:42:00,402 [596cfd2b-9e52-4fa6-b850-d9aef53ae22f@group-7BBC8D63A834-SegmentedRaftLogWorker] INFO  segmented.SegmentedRaftLogWorker (SegmentedRaftLogWorker.java:run(313)) - 596cfd2b-9e52-4fa6-b850-d9aef53ae22f@group-7BBC8D63A834-SegmentedRaftLogWorker was interrupted, exiting. There are 0 tasks remaining in the queue.
2019-09-26 10:42:00,402 [ForkJoinPool.commonPool-worker-0] INFO  segmented.SegmentedRaftLogWorker (SegmentedRaftLogWorker.java:close(228)) - 596cfd2b-9e52-4fa6-b850-d9aef53ae22f@group-7BBC8D63A834-SegmentedRaftLogWorker close()
2019-09-26 10:42:00,403 [ForkJoinPool.commonPool-worker-0] INFO  impl.RaftServerImpl (RaftServerImpl.java:lambda$shutdown$3(251)) - 596cfd2b-9e52-4fa6-b850-d9aef53ae22f@group-FA568C571251: shutdown
2019-09-26 10:42:00,404 [ForkJoinPool.commonPool-worker-0] INFO  util.JmxRegister (JmxRegister.java:unregister(73)) - Successfully un-registered JMX Bean with object name Ratis:service=RaftServer,group=group-FA568C571251,id=596cfd2b-9e52-4fa6-b850-d9aef53ae22f
2019-09-26 10:42:00,404 [ForkJoinPool.commonPool-worker-0] INFO  impl.RoleInfo (RoleInfo.java:shutdownLeaderState(104)) - 596cfd2b-9e52-4fa6-b850-d9aef53ae22f: shutdown LeaderState
2019-09-26 10:42:00,404 [ForkJoinPool.commonPool-worker-0] INFO  impl.PendingRequests (PendingRequests.java:sendNotLeaderResponses(202)) - 596cfd2b-9e52-4fa6-b850-d9aef53ae22f-PendingRequests: sendNotLeaderResponses
2019-09-26 10:42:00,405 [ForkJoinPool.commonPool-worker-0] INFO  impl.StateMachineUpdater (StateMachineUpdater.java:stopAndJoin(125)) - 596cfd2b-9e52-4fa6-b850-d9aef53ae22f@group-FA568C571251-StateMachineUpdater: set stopIndex = 0
2019-09-26 10:42:00,405 [ForkJoinPool.commonPool-worker-0] INFO  impl.RaftServerImpl (ServerState.java:close(385)) - 596cfd2b-9e52-4fa6-b850-d9aef53ae22f@group-FA568C571251: closes. applyIndex: 0
2019-09-26 10:42:00,406 [596cfd2b-9e52-4fa6-b850-d9aef53ae22f@group-FA568C571251-SegmentedRaftLogWorker] INFO  segmented.SegmentedRaftLogWorker (SegmentedRaftLogWorker.java:run(313)) - 596cfd2b-9e52-4fa6-b850-d9aef53ae22f@group-FA568C571251-SegmentedRaftLogWorker was interrupted, exiting. There are 0 tasks remaining in the queue.
2019-09-26 10:42:00,406 [ForkJoinPool.commonPool-worker-0] INFO  segmented.SegmentedRaftLogWorker (SegmentedRaftLogWorker.java:close(228)) - 596cfd2b-9e52-4fa6-b850-d9aef53ae22f@group-FA568C571251-SegmentedRaftLogWorker close()
2019-09-26 10:42:00,407 [ForkJoinPool.commonPool-worker-0] INFO  impl.RaftServerImpl (RaftServerImpl.java:lambda$shutdown$3(251)) - 596cfd2b-9e52-4fa6-b850-d9aef53ae22f@group-1FA319163412: shutdown
2019-09-26 10:42:00,408 [ForkJoinPool.commonPool-worker-0] INFO  util.JmxRegister (JmxRegister.java:unregister(73)) - Successfully un-registered JMX Bean with object name Ratis:service=RaftServer,group=group-1FA319163412,id=596cfd2b-9e52-4fa6-b850-d9aef53ae22f
2019-09-26 10:42:00,408 [ForkJoinPool.commonPool-worker-0] INFO  impl.RoleInfo (RoleInfo.java:shutdownLeaderState(104)) - 596cfd2b-9e52-4fa6-b850-d9aef53ae22f: shutdown LeaderState
2019-09-26 10:42:00,408 [ForkJoinPool.commonPool-worker-0] INFO  impl.PendingRequests (PendingRequests.java:sendNotLeaderResponses(202)) - 596cfd2b-9e52-4fa6-b850-d9aef53ae22f-PendingRequests: sendNotLeaderResponses
2019-09-26 10:42:00,409 [ForkJoinPool.commonPool-worker-0] INFO  impl.StateMachineUpdater (StateMachineUpdater.java:stopAndJoin(125)) - 596cfd2b-9e52-4fa6-b850-d9aef53ae22f@group-1FA319163412-StateMachineUpdater: set stopIndex = 0
2019-09-26 10:42:00,409 [ForkJoinPool.commonPool-worker-0] INFO  impl.RaftServerImpl (ServerState.java:close(385)) - 596cfd2b-9e52-4fa6-b850-d9aef53ae22f@group-1FA319163412: closes. applyIndex: 0
2019-09-26 10:42:00,409 [596cfd2b-9e52-4fa6-b850-d9aef53ae22f@group-1FA319163412-SegmentedRaftLogWorker] INFO  segmented.SegmentedRaftLogWorker (SegmentedRaftLogWorker.java:run(313)) - 596cfd2b-9e52-4fa6-b850-d9aef53ae22f@group-1FA319163412-SegmentedRaftLogWorker was interrupted, exiting. There are 0 tasks remaining in the queue.
2019-09-26 10:42:00,410 [ForkJoinPool.commonPool-worker-0] INFO  segmented.SegmentedRaftLogWorker (SegmentedRaftLogWorker.java:close(228)) - 596cfd2b-9e52-4fa6-b850-d9aef53ae22f@group-1FA319163412-SegmentedRaftLogWorker close()
2019-09-26 10:42:00,411 [ForkJoinPool.commonPool-worker-0] INFO  server.GrpcService (GrpcService.java:closeImpl(164)) - 596cfd2b-9e52-4fa6-b850-d9aef53ae22f: shutdown server with port 33896 now
2019-09-26 10:42:00,413 [ForkJoinPool.commonPool-worker-0] INFO  server.GrpcService (GrpcService.java:closeImpl(172)) - 596cfd2b-9e52-4fa6-b850-d9aef53ae22f: shutdown server with port 33896 successfully
2019-09-26 10:42:00,419 [refreshUsed-/workdir/hadoop-ozone/integration-test/target/test-dir/MiniOzoneClusterImpl-599c001a-03b4-4289-becf-fa48adbd6871/datanode-2/data/containers] WARN  fs.CachingGetSpaceUsed (CachingGetSpaceUsed.java:run(183)) - Thread Interrupted waiting to refresh disk information: sleep interrupted
2019-09-26 10:42:00,436 [ForkJoinPool.commonPool-worker-0] INFO  utils.BackgroundService (BackgroundService.java:shutdown(148)) - Shutting down service BlockDeletingService
2019-09-26 10:42:00,439 [ForkJoinPool.commonPool-worker-0] INFO  statemachine.DatanodeStateMachine (DatanodeStateMachine.java:stopDaemon(395)) - Ozone container server stopped.
2019-09-26 10:42:00,442 [ForkJoinPool.commonPool-worker-0] INFO  handler.ContextHandler (ContextHandler.java:doStop(910)) - Stopped o.e.j.w.WebAppContext@135a8c6f{/,null,UNAVAILABLE}{/hddsDatanode}
2019-09-26 10:42:00,443 [ForkJoinPool.commonPool-worker-0] INFO  server.AbstractConnector (AbstractConnector.java:doStop(318)) - Stopped ServerConnector@6419a0e1{HTTP/1.1,[http/1.1]}{0.0.0.0:0}
2019-09-26 10:42:00,444 [ForkJoinPool.commonPool-worker-0] INFO  handler.ContextHandler (ContextHandler.java:doStop(910)) - Stopped o.e.j.s.ServletContextHandler@38830ea{/static,jar:file:/home/user/.m2/repository/org/apache/hadoop/hadoop-hdds-container-service/0.5.0-SNAPSHOT/hadoop-hdds-container-service-0.5.0-SNAPSHOT.jar!/webapps/static,UNAVAILABLE}
2019-09-26 10:42:00,445 [ForkJoinPool.commonPool-worker-0] INFO  handler.ContextHandler (ContextHandler.java:doStop(910)) - Stopped o.e.j.s.ServletContextHandler@43984213{/logs,file:///workdir/hadoop-ozone/integration-test/target/log,UNAVAILABLE}
2019-09-26 10:42:00,447 [main] INFO  ozone.MiniOzoneClusterImpl (MiniOzoneClusterImpl.java:stopSCM(392)) - Stopping the StorageContainerManager
2019-09-26 10:42:00,447 [main] INFO  server.StorageContainerManager (StorageContainerManager.java:stop(808)) - Stopping Replication Manager Service.
2019-09-26 10:42:00,447 [main] INFO  container.ReplicationManager (ReplicationManager.java:stop(204)) - Stopping Replication Monitor Thread.
2019-09-26 10:42:00,448 [main] INFO  server.StorageContainerManager (StorageContainerManager.java:stop(815)) - Stopping Lease Manager of the command watchers
2019-09-26 10:42:00,448 [main] INFO  server.StorageContainerManager (StorageContainerManager.java:stop(822)) - Stopping datanode service RPC server
2019-09-26 10:42:00,448 [main] INFO  server.SCMDatanodeProtocolServer (SCMDatanodeProtocolServer.java:stop(367)) - Stopping the RPC server for DataNodes
2019-09-26 10:42:00,448 [main] INFO  ipc.Server (Server.java:stop(3082)) - Stopping server on 46846
2019-09-26 10:42:00,451 [IPC Server listener on 46846] INFO  ipc.Server (Server.java:run(1185)) - Stopping IPC Server listener on 46846
2019-09-26 10:42:00,451 [IPC Server Responder] INFO  ipc.Server (Server.java:run(1319)) - Stopping IPC Server Responder
2019-09-26 10:42:00,453 [SCM Heartbeat Processing Thread - 0] WARN  node.NodeStateManager (NodeStateManager.java:scheduleNextHealthCheck(655)) - Current Thread is interrupted, shutting down HB processing thread for Node Manager.
2019-09-26 10:42:00,453 [main] INFO  server.StorageContainerManager (StorageContainerManager.java:stop(830)) - Stopping block service RPC server
2019-09-26 10:42:00,454 [main] INFO  server.SCMBlockProtocolServer (SCMBlockProtocolServer.java:stop(155)) - Stopping the RPC server for Block Protocol
2019-09-26 10:42:00,454 [main] INFO  ipc.Server (Server.java:stop(3082)) - Stopping server on 34268
2019-09-26 10:42:00,455 [main] INFO  server.StorageContainerManager (StorageContainerManager.java:stop(837)) - Stopping the StorageContainerLocationProtocol RPC server
2019-09-26 10:42:00,456 [main] INFO  server.SCMClientProtocolServer (SCMClientProtocolServer.java:stop(159)) - Stopping the RPC server for Client Protocol
2019-09-26 10:42:00,457 [main] INFO  ipc.Server (Server.java:stop(3082)) - Stopping server on 40404
2019-09-26 10:42:00,457 [IPC Server Responder] INFO  ipc.Server (Server.java:run(1319)) - Stopping IPC Server Responder
2019-09-26 10:42:00,457 [IPC Server listener on 34268] INFO  ipc.Server (Server.java:run(1185)) - Stopping IPC Server listener on 34268
2019-09-26 10:42:00,460 [IPC Server listener on 40404] INFO  ipc.Server (Server.java:run(1185)) - Stopping IPC Server listener on 40404
2019-09-26 10:42:00,460 [main] INFO  server.StorageContainerManager (StorageContainerManager.java:stop(844)) - Stopping Storage Container Manager HTTP server.
2019-09-26 10:42:00,460 [IPC Server Responder] INFO  ipc.Server (Server.java:run(1319)) - Stopping IPC Server Responder
2019-09-26 10:42:00,462 [main] INFO  handler.ContextHandler (ContextHandler.java:doStop(910)) - Stopped o.e.j.w.WebAppContext@7add838c{/,null,UNAVAILABLE}{/scm}
2019-09-26 10:42:00,463 [main] INFO  server.AbstractConnector (AbstractConnector.java:doStop(318)) - Stopped ServerConnector@3662bdff{HTTP/1.1,[http/1.1]}{0.0.0.0:0}
2019-09-26 10:42:00,463 [main] INFO  handler.ContextHandler (ContextHandler.java:doStop(910)) - Stopped o.e.j.s.ServletContextHandler@2d64c100{/static,file:///workdir/hadoop-ozone/integration-test/target/test-classes/webapps/static,UNAVAILABLE}
2019-09-26 10:42:00,464 [main] INFO  handler.ContextHandler (ContextHandler.java:doStop(910)) - Stopped o.e.j.s.ServletContextHandler@47d023b7{/logs,file:///workdir/hadoop-ozone/integration-test/target/log,UNAVAILABLE}
2019-09-26 10:42:00,465 [main] INFO  server.StorageContainerManager (StorageContainerManager.java:stop(855)) - Stopping Block Manager Service.
2019-09-26 10:42:00,465 [main] INFO  utils.BackgroundService (BackgroundService.java:shutdown(148)) - Shutting down service SCMBlockDeletingService
2019-09-26 10:42:00,466 [main] INFO  utils.BackgroundService (BackgroundService.java:shutdown(148)) - Shutting down service SCMBlockDeletingService
2019-09-26 10:42:00,466 [main] INFO  server.StorageContainerManager (StorageContainerManager.java:stop(877)) - Stopping SCM Event Queue.
2019-09-26 10:42:00,470 [main] INFO  impl.MetricsSystemImpl (MetricsSystemImpl.java:stop(210)) - Stopping HddsDatanode metrics system...
2019-09-26 10:42:00,475 [main] INFO  impl.MetricsSystemImpl (MetricsSystemImpl.java:stop(216)) - HddsDatanode metrics system stopped.
]]></system-out>
  </testcase>
  <testcase name="testPipelineCloseWithLogFailure" classname="org.apache.hadoop.hdds.scm.pipeline.TestPipelineClose" time="16.618">
    <error message="Could not allocate container. Cannot get any matching pipeline for Type:RATIS, Factor:THREE, State:PipelineState.OPEN" type="java.io.IOException">java.io.IOException: Could not allocate container. Cannot get any matching pipeline for Type:RATIS, Factor:THREE, State:PipelineState.OPEN
	at org.apache.hadoop.hdds.scm.container.ContainerStateManager.allocateContainer(ContainerStateManager.java:260)
	at org.apache.hadoop.hdds.scm.container.SCMContainerManager.allocateContainer(SCMContainerManager.java:247)
	at org.apache.hadoop.hdds.scm.pipeline.TestPipelineClose.init(TestPipelineClose.java:92)
	at sun.reflect.NativeMethodAccessorImpl.invoke0(Native Method)
	at sun.reflect.NativeMethodAccessorImpl.invoke(NativeMethodAccessorImpl.java:62)
	at sun.reflect.DelegatingMethodAccessorImpl.invoke(DelegatingMethodAccessorImpl.java:43)
	at java.lang.reflect.Method.invoke(Method.java:498)
	at org.junit.runners.model.FrameworkMethod$1.runReflectiveCall(FrameworkMethod.java:47)
	at org.junit.internal.runners.model.ReflectiveCallable.run(ReflectiveCallable.java:12)
	at org.junit.runners.model.FrameworkMethod.invokeExplosively(FrameworkMethod.java:44)
	at org.junit.internal.runners.statements.RunBefores.evaluate(RunBefores.java:24)
	at org.junit.internal.runners.statements.RunAfters.evaluate(RunAfters.java:27)
	at org.junit.runners.ParentRunner.runLeaf(ParentRunner.java:271)
	at org.junit.runners.BlockJUnit4ClassRunner.runChild(BlockJUnit4ClassRunner.java:70)
	at org.junit.runners.BlockJUnit4ClassRunner.runChild(BlockJUnit4ClassRunner.java:50)
	at org.junit.runners.ParentRunner$3.run(ParentRunner.java:238)
	at org.junit.runners.ParentRunner$1.schedule(ParentRunner.java:63)
	at org.junit.runners.ParentRunner.runChildren(ParentRunner.java:236)
	at org.junit.runners.ParentRunner.access$000(ParentRunner.java:53)
	at org.junit.runners.ParentRunner$2.evaluate(ParentRunner.java:229)
	at org.junit.runners.ParentRunner.run(ParentRunner.java:309)
	at org.apache.maven.surefire.junit4.JUnit4Provider.execute(JUnit4Provider.java:365)
	at org.apache.maven.surefire.junit4.JUnit4Provider.executeWithRerun(JUnit4Provider.java:273)
	at org.apache.maven.surefire.junit4.JUnit4Provider.executeTestSet(JUnit4Provider.java:238)
	at org.apache.maven.surefire.junit4.JUnit4Provider.invoke(JUnit4Provider.java:159)
	at org.apache.maven.surefire.booter.ForkedBooter.invokeProviderInSameClassLoader(ForkedBooter.java:384)
	at org.apache.maven.surefire.booter.ForkedBooter.runSuitesInProcess(ForkedBooter.java:345)
	at org.apache.maven.surefire.booter.ForkedBooter.execute(ForkedBooter.java:126)
	at org.apache.maven.surefire.booter.ForkedBooter.main(ForkedBooter.java:418)
</error>
    <system-out><![CDATA[2019-09-26 10:42:00,509 [main] WARN  server.ServerUtils (ServerUtils.java:getScmDbDir(145)) - ozone.scm.db.dirs is not configured. We recommend adding this setting. Falling back to ozone.metadata.dirs instead.
2019-09-26 10:42:00,524 [main] WARN  server.ServerUtils (ServerUtils.java:getScmDbDir(145)) - ozone.scm.db.dirs is not configured. We recommend adding this setting. Falling back to ozone.metadata.dirs instead.
2019-09-26 10:42:00,524 [main] WARN  server.ServerUtils (ServerUtils.java:getScmDbDir(145)) - ozone.scm.db.dirs is not configured. We recommend adding this setting. Falling back to ozone.metadata.dirs instead.
2019-09-26 10:42:00,524 [main] INFO  db.DBStoreBuilder (DBStoreBuilder.java:addTable(110)) - using custom profile for table: deletedBlocks
2019-09-26 10:42:00,525 [main] INFO  db.DBStoreBuilder (DBStoreBuilder.java:processTables(161)) - Using default column profile:DBProfile.DISK for Table:deletedBlocks
2019-09-26 10:42:00,525 [main] INFO  db.DBStoreBuilder (DBStoreBuilder.java:addTable(110)) - using custom profile for table: validCerts
2019-09-26 10:42:00,525 [main] INFO  db.DBStoreBuilder (DBStoreBuilder.java:processTables(161)) - Using default column profile:DBProfile.DISK for Table:validCerts
2019-09-26 10:42:00,525 [main] INFO  db.DBStoreBuilder (DBStoreBuilder.java:addTable(110)) - using custom profile for table: revokedCerts
2019-09-26 10:42:00,525 [main] INFO  db.DBStoreBuilder (DBStoreBuilder.java:processTables(161)) - Using default column profile:DBProfile.DISK for Table:revokedCerts
2019-09-26 10:42:00,526 [main] INFO  db.DBStoreBuilder (DBStoreBuilder.java:addTable(110)) - using custom profile for table: default
2019-09-26 10:42:00,526 [main] INFO  db.DBStoreBuilder (DBStoreBuilder.java:processTables(167)) - Using default column profile:DBProfile.DISK for Table:default
2019-09-26 10:42:00,526 [main] INFO  db.DBStoreBuilder (DBStoreBuilder.java:getDbProfile(198)) - Using default options. DBProfile.DISK
2019-09-26 10:42:00,618 [main] INFO  net.NodeSchemaLoader (NodeSchemaLoader.java:loadSchemaFromFile(125)) - Loading file from sun.misc.CompoundEnumeration@4462efe1
2019-09-26 10:42:00,618 [main] INFO  net.NodeSchemaLoader (NodeSchemaLoader.java:loadSchema(171)) - Loading network topology layer schema file
2019-09-26 10:42:00,623 [main] WARN  server.ServerUtils (ServerUtils.java:sanitizeUserArgs(70)) - ozone.scm.stale.node.interval value = 300000 is larger than max = 100000 based on the key value of ozone.scm.heartbeat.thread.interval, reset to the max value 100000.
2019-09-26 10:42:00,623 [main] WARN  server.ServerUtils (ServerUtils.java:sanitizeUserArgs(70)) - ozone.scm.stale.node.interval value = 300000 is larger than max = 100000 based on the key value of ozone.scm.heartbeat.thread.interval, reset to the max value 100000.
2019-09-26 10:42:00,624 [main] INFO  node.SCMNodeManager (SCMNodeManager.java:<init>(114)) - Entering startup safe mode.
2019-09-26 10:42:00,625 [main] INFO  algorithms.ContainerPlacementPolicyFactory (ContainerPlacementPolicyFactory.java:getPolicy(59)) - Create container placement policy of type org.apache.hadoop.hdds.scm.container.placement.algorithms.SCMContainerPlacementRandom
2019-09-26 10:42:00,625 [main] WARN  server.ServerUtils (ServerUtils.java:getScmDbDir(145)) - ozone.scm.db.dirs is not configured. We recommend adding this setting. Falling back to ozone.metadata.dirs instead.
2019-09-26 10:42:00,647 [main] INFO  pipeline.SCMPipelineManager (SCMPipelineManager.java:initializePipelineState(132)) - No pipeline exists in current db
2019-09-26 10:42:00,648 [main] WARN  server.ServerUtils (ServerUtils.java:getScmDbDir(145)) - ozone.scm.db.dirs is not configured. We recommend adding this setting. Falling back to ozone.metadata.dirs instead.
2019-09-26 10:42:00,705 [main] WARN  events.EventQueue (EventQueue.java:fireEvent(183)) - No event handler registered for event TypedEvent{payloadType=SafeModeStatus, name='SafeModeStatus'}
2019-09-26 10:42:00,706 [main] INFO  ipc.CallQueueManager (CallQueueManager.java:<init>(84)) - Using callQueue: class java.util.concurrent.LinkedBlockingQueue, queueCapacity: 2000, scheduler: class org.apache.hadoop.ipc.DefaultRpcScheduler, ipcBackoff: false.
2019-09-26 10:42:00,707 [Socket Reader #1 for port 35340] INFO  ipc.Server (Server.java:run(1074)) - Starting Socket Reader #1 for port 35340
2019-09-26 10:42:00,709 [main] INFO  ipc.CallQueueManager (CallQueueManager.java:<init>(84)) - Using callQueue: class java.util.concurrent.LinkedBlockingQueue, queueCapacity: 2000, scheduler: class org.apache.hadoop.ipc.DefaultRpcScheduler, ipcBackoff: false.
2019-09-26 10:42:00,710 [Socket Reader #1 for port 39615] INFO  ipc.Server (Server.java:run(1074)) - Starting Socket Reader #1 for port 39615
2019-09-26 10:42:00,712 [main] INFO  ipc.CallQueueManager (CallQueueManager.java:<init>(84)) - Using callQueue: class java.util.concurrent.LinkedBlockingQueue, queueCapacity: 2000, scheduler: class org.apache.hadoop.ipc.DefaultRpcScheduler, ipcBackoff: false.
2019-09-26 10:42:00,713 [Socket Reader #1 for port 43604] INFO  ipc.Server (Server.java:run(1074)) - Starting Socket Reader #1 for port 43604
2019-09-26 10:42:00,715 [main] INFO  hdfs.DFSUtil (DFSUtil.java:httpServerTemplateForNNAndJN(1641)) - Starting Web-server for scm at: http://0.0.0.0:0
2019-09-26 10:42:00,718 [main] INFO  server.AuthenticationFilter (AuthenticationFilter.java:constructSecretProvider(240)) - Unable to initialize FileSignerSecretProvider, falling back to use random secrets.
2019-09-26 10:42:00,719 [main] WARN  http.HttpRequestLog (HttpRequestLog.java:getRequestLog(97)) - Jetty request log can only be enabled using Log4j
2019-09-26 10:42:00,722 [main] INFO  http.HttpServer2 (HttpServer2.java:addGlobalFilter(975)) - Added global filter 'safety' (class=org.apache.hadoop.http.HttpServer2$QuotingInputFilter)
2019-09-26 10:42:00,723 [main] INFO  http.HttpServer2 (HttpServer2.java:addFilter(948)) - Added filter static_user_filter (class=org.apache.hadoop.http.lib.StaticUserWebFilter$StaticUserFilter) to context scm
2019-09-26 10:42:00,724 [main] INFO  http.HttpServer2 (HttpServer2.java:addFilter(958)) - Added filter static_user_filter (class=org.apache.hadoop.http.lib.StaticUserWebFilter$StaticUserFilter) to context static
2019-09-26 10:42:00,724 [main] INFO  http.HttpServer2 (HttpServer2.java:addFilter(958)) - Added filter static_user_filter (class=org.apache.hadoop.http.lib.StaticUserWebFilter$StaticUserFilter) to context logs
2019-09-26 10:42:00,726 [main] INFO  server.StorageContainerManager (StorageContainerManager.java:start(770)) - StorageContainerLocationProtocol RPC server is listening at /0.0.0.0:43604
2019-09-26 10:42:00,729 [main] WARN  impl.MetricsConfig (MetricsConfig.java:loadFirst(134)) - Cannot locate configuration: tried hadoop-metrics2-storagecontainermanager.properties,hadoop-metrics2.properties
2019-09-26 10:42:00,733 [main] INFO  impl.MetricsSystemImpl (MetricsSystemImpl.java:startTimer(374)) - Scheduled Metric snapshot period at 10 second(s).
2019-09-26 10:42:00,733 [main] INFO  impl.MetricsSystemImpl (MetricsSystemImpl.java:start(191)) - StorageContainerManager metrics system started
2019-09-26 10:42:00,758 [main] WARN  impl.MetricsSystemImpl (MetricsSystemImpl.java:register(276)) - Sink prometheus already exists!
2019-09-26 10:42:00,825 [main] INFO  server.SCMClientProtocolServer (SCMClientProtocolServer.java:start(151)) - RPC server for Client  is listening at /0.0.0.0:43604
2019-09-26 10:42:00,826 [IPC Server Responder] INFO  ipc.Server (Server.java:run(1314)) - IPC Server Responder: starting
2019-09-26 10:42:00,826 [IPC Server listener on 43604] INFO  ipc.Server (Server.java:run(1153)) - IPC Server listener on 43604: starting
2019-09-26 10:42:00,831 [main] INFO  server.StorageContainerManager (StorageContainerManager.java:start(780)) - ScmBlockLocationProtocol RPC server is listening at /0.0.0.0:39615
2019-09-26 10:42:00,831 [main] INFO  server.SCMBlockProtocolServer (SCMBlockProtocolServer.java:start(146)) - RPC server for Block Protocol is listening at /0.0.0.0:39615
2019-09-26 10:42:00,832 [IPC Server Responder] INFO  ipc.Server (Server.java:run(1314)) - IPC Server Responder: starting
2019-09-26 10:42:00,832 [IPC Server listener on 39615] INFO  ipc.Server (Server.java:run(1153)) - IPC Server listener on 39615: starting
2019-09-26 10:42:00,836 [main] INFO  server.StorageContainerManager (StorageContainerManager.java:start(784)) - ScmDatanodeProtocl RPC server is listening at /0.0.0.0:35340
2019-09-26 10:42:00,837 [main] INFO  server.SCMDatanodeProtocolServer (SCMDatanodeProtocolServer.java:start(191)) - RPC server for DataNodes is listening at /0.0.0.0:35340
2019-09-26 10:42:00,837 [IPC Server Responder] INFO  ipc.Server (Server.java:run(1314)) - IPC Server Responder: starting
2019-09-26 10:42:00,837 [IPC Server listener on 35340] INFO  ipc.Server (Server.java:run(1153)) - IPC Server listener on 35340: starting
2019-09-26 10:42:00,842 [main] INFO  http.HttpServer2 (HttpServer2.java:bindListener(1191)) - Jetty bound to port 35765
2019-09-26 10:42:00,842 [main] INFO  server.Server (Server.java:doStart(351)) - jetty-9.3.25.v20180904, build timestamp: 2018-09-04T21:11:46Z, git hash: 3ce520221d0240229c862b122d2b06c12a625732
2019-09-26 10:42:00,845 [main] INFO  handler.ContextHandler (ContextHandler.java:doStart(781)) - Started o.e.j.s.ServletContextHandler@66933239{/logs,file:///workdir/hadoop-ozone/integration-test/target/log,AVAILABLE}
2019-09-26 10:42:00,846 [main] INFO  handler.ContextHandler (ContextHandler.java:doStart(781)) - Started o.e.j.s.ServletContextHandler@41ad373{/static,file:///workdir/hadoop-ozone/integration-test/target/test-classes/webapps/static,AVAILABLE}
2019-09-26 10:42:00,851 [main] INFO  handler.ContextHandler (ContextHandler.java:doStart(781)) - Started o.e.j.w.WebAppContext@633fd91{/,file:///workdir/hadoop-ozone/integration-test/target/test-classes/webapps/scm/,AVAILABLE}{/scm}
2019-09-26 10:42:00,852 [main] INFO  server.AbstractConnector (AbstractConnector.java:doStart(278)) - Started ServerConnector@355c94be{HTTP/1.1,[http/1.1]}{0.0.0.0:35765}
2019-09-26 10:42:00,853 [main] INFO  server.Server (Server.java:doStart(419)) - Started @55641ms
2019-09-26 10:42:00,853 [main] WARN  impl.MetricsSystemImpl (MetricsSystemImpl.java:register(276)) - Sink prometheus already exists!
2019-09-26 10:42:00,854 [main] INFO  server.BaseHttpServer (BaseHttpServer.java:updateConnectorAddress(215)) - HTTP server of SCM is listening at http://0.0.0.0:35765
2019-09-26 10:42:00,854 [main] WARN  server.ServerUtils (ServerUtils.java:getDBPath(222)) - ozone.om.db.dirs is not configured. We recommend adding this setting. Falling back to ozone.metadata.dirs instead.
2019-09-26 10:42:00,854 [org.apache.hadoop.util.JvmPauseMonitor$Monitor@c386958] INFO  util.JvmPauseMonitor (JvmPauseMonitor.java:run(188)) - Starting JVM pause monitor
2019-09-26 10:42:00,869 [main] WARN  server.ServerUtils (ServerUtils.java:getDBPath(222)) - ozone.om.db.dirs is not configured. We recommend adding this setting. Falling back to ozone.metadata.dirs instead.
2019-09-26 10:42:00,869 [main] WARN  server.ServerUtils (ServerUtils.java:getDBPath(222)) - ozone.om.db.dirs is not configured. We recommend adding this setting. Falling back to ozone.metadata.dirs instead.
2019-09-26 10:42:00,870 [main] INFO  om.OzoneManager (OzoneManager.java:setOMNodeDetails(652)) - OM Service ID is not set. Setting it to the default ID: omServiceIdDefault
2019-09-26 10:42:00,870 [main] INFO  om.OzoneManager (OzoneManager.java:setOMNodeDetails(658)) - OM Node ID is not set. Setting it to the OmStorage's OmID: 7ab244b1-40b8-4f15-ba60-46479630228b
2019-09-26 10:42:00,870 [main] INFO  om.OzoneManager (OzoneManager.java:loadOMHAConfigs(609)) - Found matching OM address with OMServiceId: null, OMNodeId: null, RPC Address: localhost:0 and Ratis port: 9872
2019-09-26 10:42:00,879 [main] WARN  server.ServerUtils (ServerUtils.java:getDBPath(222)) - ozone.om.db.dirs is not configured. We recommend adding this setting. Falling back to ozone.metadata.dirs instead.
2019-09-26 10:42:00,880 [main] INFO  db.DBStoreBuilder (DBStoreBuilder.java:addTable(110)) - using custom profile for table: userTable
2019-09-26 10:42:00,880 [main] INFO  db.DBStoreBuilder (DBStoreBuilder.java:processTables(161)) - Using default column profile:DBProfile.DISK for Table:userTable
2019-09-26 10:42:00,880 [main] INFO  db.DBStoreBuilder (DBStoreBuilder.java:addTable(110)) - using custom profile for table: volumeTable
2019-09-26 10:42:00,881 [main] INFO  db.DBStoreBuilder (DBStoreBuilder.java:processTables(161)) - Using default column profile:DBProfile.DISK for Table:volumeTable
2019-09-26 10:42:00,881 [main] INFO  db.DBStoreBuilder (DBStoreBuilder.java:addTable(110)) - using custom profile for table: bucketTable
2019-09-26 10:42:00,881 [main] INFO  db.DBStoreBuilder (DBStoreBuilder.java:processTables(161)) - Using default column profile:DBProfile.DISK for Table:bucketTable
2019-09-26 10:42:00,881 [main] INFO  db.DBStoreBuilder (DBStoreBuilder.java:addTable(110)) - using custom profile for table: keyTable
2019-09-26 10:42:00,882 [main] INFO  db.DBStoreBuilder (DBStoreBuilder.java:processTables(161)) - Using default column profile:DBProfile.DISK for Table:keyTable
2019-09-26 10:42:00,882 [main] INFO  db.DBStoreBuilder (DBStoreBuilder.java:addTable(110)) - using custom profile for table: deletedTable
2019-09-26 10:42:00,882 [main] INFO  db.DBStoreBuilder (DBStoreBuilder.java:processTables(161)) - Using default column profile:DBProfile.DISK for Table:deletedTable
2019-09-26 10:42:00,882 [main] INFO  db.DBStoreBuilder (DBStoreBuilder.java:addTable(110)) - using custom profile for table: openKeyTable
2019-09-26 10:42:00,882 [main] INFO  db.DBStoreBuilder (DBStoreBuilder.java:processTables(161)) - Using default column profile:DBProfile.DISK for Table:openKeyTable
2019-09-26 10:42:00,883 [main] INFO  db.DBStoreBuilder (DBStoreBuilder.java:addTable(110)) - using custom profile for table: s3Table
2019-09-26 10:42:00,883 [main] INFO  db.DBStoreBuilder (DBStoreBuilder.java:processTables(161)) - Using default column profile:DBProfile.DISK for Table:s3Table
2019-09-26 10:42:00,883 [main] INFO  db.DBStoreBuilder (DBStoreBuilder.java:addTable(110)) - using custom profile for table: multipartInfoTable
2019-09-26 10:42:00,883 [main] INFO  db.DBStoreBuilder (DBStoreBuilder.java:processTables(161)) - Using default column profile:DBProfile.DISK for Table:multipartInfoTable
2019-09-26 10:42:00,884 [main] INFO  db.DBStoreBuilder (DBStoreBuilder.java:addTable(110)) - using custom profile for table: dTokenTable
2019-09-26 10:42:00,884 [main] INFO  db.DBStoreBuilder (DBStoreBuilder.java:processTables(161)) - Using default column profile:DBProfile.DISK for Table:dTokenTable
2019-09-26 10:42:00,884 [main] INFO  db.DBStoreBuilder (DBStoreBuilder.java:addTable(110)) - using custom profile for table: s3SecretTable
2019-09-26 10:42:00,884 [main] INFO  db.DBStoreBuilder (DBStoreBuilder.java:processTables(161)) - Using default column profile:DBProfile.DISK for Table:s3SecretTable
2019-09-26 10:42:00,885 [main] INFO  db.DBStoreBuilder (DBStoreBuilder.java:addTable(110)) - using custom profile for table: prefixTable
2019-09-26 10:42:00,885 [main] INFO  db.DBStoreBuilder (DBStoreBuilder.java:processTables(161)) - Using default column profile:DBProfile.DISK for Table:prefixTable
2019-09-26 10:42:00,885 [main] INFO  db.DBStoreBuilder (DBStoreBuilder.java:addTable(110)) - using custom profile for table: default
2019-09-26 10:42:00,886 [main] INFO  db.DBStoreBuilder (DBStoreBuilder.java:processTables(167)) - Using default column profile:DBProfile.DISK for Table:default
2019-09-26 10:42:00,886 [main] INFO  db.DBStoreBuilder (DBStoreBuilder.java:getDbProfile(198)) - Using default options. DBProfile.DISK
2019-09-26 10:42:01,428 [main] INFO  ipc.CallQueueManager (CallQueueManager.java:<init>(84)) - Using callQueue: class java.util.concurrent.LinkedBlockingQueue, queueCapacity: 2000, scheduler: class org.apache.hadoop.ipc.DefaultRpcScheduler, ipcBackoff: false.
2019-09-26 10:42:01,429 [Socket Reader #1 for port 34904] INFO  ipc.Server (Server.java:run(1074)) - Starting Socket Reader #1 for port 34904
2019-09-26 10:42:01,450 [main] INFO  om.OzoneManager (OzoneManager.java:start(1243)) - OzoneManager RPC server is listening at localhost/127.0.0.1:34904
2019-09-26 10:42:01,451 [main] INFO  impl.MetricsSystemImpl (MetricsSystemImpl.java:init(158)) - OzoneManager metrics system started (again)
2019-09-26 10:42:01,452 [IPC Server Responder] INFO  ipc.Server (Server.java:run(1314)) - IPC Server Responder: starting
2019-09-26 10:42:01,452 [IPC Server listener on 34904] INFO  ipc.Server (Server.java:run(1153)) - IPC Server listener on 34904: starting
2019-09-26 10:42:01,458 [main] INFO  hdfs.DFSUtil (DFSUtil.java:httpServerTemplateForNNAndJN(1641)) - Starting Web-server for ozoneManager at: http://0.0.0.0:0
2019-09-26 10:42:01,461 [main] INFO  server.AuthenticationFilter (AuthenticationFilter.java:constructSecretProvider(240)) - Unable to initialize FileSignerSecretProvider, falling back to use random secrets.
2019-09-26 10:42:01,462 [main] WARN  http.HttpRequestLog (HttpRequestLog.java:getRequestLog(97)) - Jetty request log can only be enabled using Log4j
2019-09-26 10:42:01,465 [main] INFO  http.HttpServer2 (HttpServer2.java:addGlobalFilter(975)) - Added global filter 'safety' (class=org.apache.hadoop.http.HttpServer2$QuotingInputFilter)
2019-09-26 10:42:01,467 [main] INFO  http.HttpServer2 (HttpServer2.java:addFilter(948)) - Added filter static_user_filter (class=org.apache.hadoop.http.lib.StaticUserWebFilter$StaticUserFilter) to context ozoneManager
2019-09-26 10:42:01,467 [main] INFO  http.HttpServer2 (HttpServer2.java:addFilter(958)) - Added filter static_user_filter (class=org.apache.hadoop.http.lib.StaticUserWebFilter$StaticUserFilter) to context logs
2019-09-26 10:42:01,467 [main] INFO  http.HttpServer2 (HttpServer2.java:addFilter(958)) - Added filter static_user_filter (class=org.apache.hadoop.http.lib.StaticUserWebFilter$StaticUserFilter) to context static
2019-09-26 10:42:01,469 [main] INFO  http.HttpServer2 (HttpServer2.java:bindListener(1191)) - Jetty bound to port 42429
2019-09-26 10:42:01,469 [main] INFO  server.Server (Server.java:doStart(351)) - jetty-9.3.25.v20180904, build timestamp: 2018-09-04T21:11:46Z, git hash: 3ce520221d0240229c862b122d2b06c12a625732
2019-09-26 10:42:01,472 [main] INFO  handler.ContextHandler (ContextHandler.java:doStart(781)) - Started o.e.j.s.ServletContextHandler@551e4c6d{/logs,file:///workdir/hadoop-ozone/integration-test/target/log,AVAILABLE}
2019-09-26 10:42:01,473 [main] INFO  handler.ContextHandler (ContextHandler.java:doStart(781)) - Started o.e.j.s.ServletContextHandler@5d1e0fbb{/static,file:///workdir/hadoop-ozone/integration-test/target/test-classes/webapps/static,AVAILABLE}
2019-09-26 10:42:01,481 [main] INFO  handler.ContextHandler (ContextHandler.java:doStart(781)) - Started o.e.j.w.WebAppContext@138aa3cc{/,file:///workdir/hadoop-ozone/integration-test/target/test-classes/webapps/ozoneManager/,AVAILABLE}{/ozoneManager}
2019-09-26 10:42:01,481 [main] INFO  server.AbstractConnector (AbstractConnector.java:doStart(278)) - Started ServerConnector@10a98392{HTTP/1.1,[http/1.1]}{0.0.0.0:42429}
2019-09-26 10:42:01,483 [main] INFO  server.Server (Server.java:doStart(419)) - Started @56271ms
2019-09-26 10:42:01,483 [main] WARN  impl.MetricsSystemImpl (MetricsSystemImpl.java:register(276)) - Sink prometheus already exists!
2019-09-26 10:42:01,484 [main] INFO  server.BaseHttpServer (BaseHttpServer.java:updateConnectorAddress(215)) - HTTP server of OZONEMANAGER is listening at http://0.0.0.0:42429
2019-09-26 10:42:01,498 [main] INFO  impl.MetricsSystemImpl (MetricsSystemImpl.java:init(158)) - HddsDatanode metrics system started (again)
2019-09-26 10:42:01,503 [main] INFO  ozone.HddsDatanodeService (HddsDatanodeService.java:start(184)) - HddsDatanodeService host:pr-hdds-1569-wvzgm-824869521 ip:192.168.30.13
2019-09-26 10:42:01,510 [main] INFO  volume.HddsVolume (HddsVolume.java:<init>(176)) - Creating Volume: /workdir/hadoop-ozone/integration-test/target/test-dir/MiniOzoneClusterImpl-f06aceca-1220-4709-852b-f97b29892126/datanode-0/data/containers/hdds of  storage type : DISK and capacity : 1482555576320
2019-09-26 10:42:01,511 [main] INFO  volume.VolumeSet (VolumeSet.java:initializeVolumeSet(170)) - Added Volume : /workdir/hadoop-ozone/integration-test/target/test-dir/MiniOzoneClusterImpl-f06aceca-1220-4709-852b-f97b29892126/datanode-0/data/containers/hdds to VolumeSet
2019-09-26 10:42:01,511 [main] INFO  volume.ThrottledAsyncChecker (ThrottledAsyncChecker.java:schedule(139)) - Scheduling a check for org.apache.hadoop.ozone.container.common.volume.HddsVolume@7c51782d
2019-09-26 10:42:01,512 [main] INFO  volume.HddsVolumeChecker (HddsVolumeChecker.java:checkAllVolumes(202)) - Scheduled health check for volume org.apache.hadoop.ozone.container.common.volume.HddsVolume@7c51782d
2019-09-26 10:42:01,533 [main] INFO  impl.RaftServerProxy (ConfUtils.java:logGet(43)) - raft.rpc.type = GRPC (default)
2019-09-26 10:42:01,534 [main] INFO  grpc.GrpcFactory (GrpcFactory.java:checkPooledByteBufAllocatorUseCacheForAllThreads(45)) - PERFORMANCE WARNING: useCacheForAllThreads is true that may cause Netty to create a lot garbage objects and, as a result, trigger GC.
	It is recommended to disable useCacheForAllThreads by setting -Dorg.apache.ratis.thirdparty.io.netty.allocator.useCacheForAllThreads=false in command line.
2019-09-26 10:42:01,534 [main] INFO  grpc.GrpcConfigKeys$Server (ConfUtils.java:logGet(43)) - raft.grpc.server.port = 0 (default)
2019-09-26 10:42:01,534 [main] INFO  server.GrpcService (ConfUtils.java:logGet(43)) - raft.grpc.message.size.max = 33570816 (custom)
2019-09-26 10:42:01,535 [main] INFO  server.RaftServerConfigKeys (ConfUtils.java:logGet(43)) - raft.server.log.appender.buffer.byte-limit = 33554432 (custom)
2019-09-26 10:42:01,535 [main] INFO  server.GrpcService (ConfUtils.java:logGet(43)) - raft.grpc.flow.control.window = 1MB (=1048576) (default)
2019-09-26 10:42:01,535 [main] INFO  server.RaftServerConfigKeys (ConfUtils.java:logGet(43)) - raft.server.rpc.request.timeout = 3000ms (default)
2019-09-26 10:42:01,536 [main] INFO  server.RaftServerConfigKeys (ConfUtils.java:logGet(43)) - raft.server.storage.dir = [/workdir/hadoop-ozone/integration-test/target/test-dir/MiniOzoneClusterImpl-f06aceca-1220-4709-852b-f97b29892126/datanode-0/data/ratis] (custom)
2019-09-26 10:42:01,538 [main] INFO  hdfs.DFSUtil (DFSUtil.java:httpServerTemplateForNNAndJN(1641)) - Starting Web-server for hddsDatanode at: http://0.0.0.0:0
2019-09-26 10:42:01,540 [main] INFO  server.AuthenticationFilter (AuthenticationFilter.java:constructSecretProvider(240)) - Unable to initialize FileSignerSecretProvider, falling back to use random secrets.
2019-09-26 10:42:01,540 [main] WARN  http.HttpRequestLog (HttpRequestLog.java:getRequestLog(97)) - Jetty request log can only be enabled using Log4j
2019-09-26 10:42:01,542 [main] INFO  http.HttpServer2 (HttpServer2.java:addGlobalFilter(975)) - Added global filter 'safety' (class=org.apache.hadoop.http.HttpServer2$QuotingInputFilter)
2019-09-26 10:42:01,543 [main] INFO  http.HttpServer2 (HttpServer2.java:addFilter(948)) - Added filter static_user_filter (class=org.apache.hadoop.http.lib.StaticUserWebFilter$StaticUserFilter) to context hddsDatanode
2019-09-26 10:42:01,544 [main] INFO  http.HttpServer2 (HttpServer2.java:addFilter(958)) - Added filter static_user_filter (class=org.apache.hadoop.http.lib.StaticUserWebFilter$StaticUserFilter) to context static
2019-09-26 10:42:01,544 [main] INFO  http.HttpServer2 (HttpServer2.java:addFilter(958)) - Added filter static_user_filter (class=org.apache.hadoop.http.lib.StaticUserWebFilter$StaticUserFilter) to context logs
2019-09-26 10:42:01,545 [main] INFO  http.HttpServer2 (HttpServer2.java:bindListener(1191)) - Jetty bound to port 40865
2019-09-26 10:42:01,545 [main] INFO  server.Server (Server.java:doStart(351)) - jetty-9.3.25.v20180904, build timestamp: 2018-09-04T21:11:46Z, git hash: 3ce520221d0240229c862b122d2b06c12a625732
2019-09-26 10:42:01,547 [main] INFO  handler.ContextHandler (ContextHandler.java:doStart(781)) - Started o.e.j.s.ServletContextHandler@316acbb5{/logs,file:///workdir/hadoop-ozone/integration-test/target/log,AVAILABLE}
2019-09-26 10:42:01,548 [main] INFO  handler.ContextHandler (ContextHandler.java:doStart(781)) - Started o.e.j.s.ServletContextHandler@47311277{/static,jar:file:/home/user/.m2/repository/org/apache/hadoop/hadoop-hdds-container-service/0.5.0-SNAPSHOT/hadoop-hdds-container-service-0.5.0-SNAPSHOT.jar!/webapps/static,AVAILABLE}
2019-09-26 10:42:01,582 [main] INFO  handler.ContextHandler (ContextHandler.java:doStart(781)) - Started o.e.j.w.WebAppContext@56928e17{/,file:///tmp/jetty-0.0.0.0-40865-hddsDatanode-_-any-1466055936906950953.dir/webapp/,AVAILABLE}{/hddsDatanode}
2019-09-26 10:42:01,583 [main] INFO  server.AbstractConnector (AbstractConnector.java:doStart(278)) - Started ServerConnector@dd2856e{HTTP/1.1,[http/1.1]}{0.0.0.0:40865}
2019-09-26 10:42:01,584 [main] INFO  server.Server (Server.java:doStart(419)) - Started @56372ms
2019-09-26 10:42:01,584 [main] WARN  impl.MetricsSystemImpl (MetricsSystemImpl.java:register(276)) - Sink prometheus already exists!
2019-09-26 10:42:01,585 [main] INFO  server.BaseHttpServer (BaseHttpServer.java:updateConnectorAddress(215)) - HTTP server of HDDSDATANODE is listening at http://0.0.0.0:40865
2019-09-26 10:42:01,585 [main] INFO  impl.MetricsSystemImpl (MetricsSystemImpl.java:init(158)) - HddsDatanode metrics system started (again)
2019-09-26 10:42:01,589 [org.apache.hadoop.util.JvmPauseMonitor$Monitor@27e1f238] INFO  util.JvmPauseMonitor (JvmPauseMonitor.java:run(188)) - Starting JVM pause monitor
2019-09-26 10:42:01,590 [main] INFO  ozone.HddsDatanodeService (HddsDatanodeService.java:start(184)) - HddsDatanodeService host:pr-hdds-1569-wvzgm-824869521 ip:192.168.30.13
2019-09-26 10:42:01,592 [Datanode State Machine Thread - 0] INFO  datanode.InitDatanodeState (InitDatanodeState.java:persistContainerDatanodeDetails(140)) - DatanodeDetails is persisted to /workdir/hadoop-ozone/integration-test/target/test-dir/MiniOzoneClusterImpl-f06aceca-1220-4709-852b-f97b29892126/datanode-0/meta/datanode.id
2019-09-26 10:42:01,597 [main] INFO  volume.HddsVolume (HddsVolume.java:<init>(176)) - Creating Volume: /workdir/hadoop-ozone/integration-test/target/test-dir/MiniOzoneClusterImpl-f06aceca-1220-4709-852b-f97b29892126/datanode-1/data/containers/hdds of  storage type : DISK and capacity : 1482555576320
2019-09-26 10:42:01,597 [main] INFO  volume.VolumeSet (VolumeSet.java:initializeVolumeSet(170)) - Added Volume : /workdir/hadoop-ozone/integration-test/target/test-dir/MiniOzoneClusterImpl-f06aceca-1220-4709-852b-f97b29892126/datanode-1/data/containers/hdds to VolumeSet
2019-09-26 10:42:01,598 [main] INFO  volume.ThrottledAsyncChecker (ThrottledAsyncChecker.java:schedule(139)) - Scheduling a check for org.apache.hadoop.ozone.container.common.volume.HddsVolume@4f8d86e4
2019-09-26 10:42:01,598 [main] INFO  volume.HddsVolumeChecker (HddsVolumeChecker.java:checkAllVolumes(202)) - Scheduled health check for volume org.apache.hadoop.ozone.container.common.volume.HddsVolume@4f8d86e4
2019-09-26 10:42:01,625 [main] INFO  impl.RaftServerProxy (ConfUtils.java:logGet(43)) - raft.rpc.type = GRPC (default)
2019-09-26 10:42:01,625 [main] INFO  grpc.GrpcFactory (GrpcFactory.java:checkPooledByteBufAllocatorUseCacheForAllThreads(45)) - PERFORMANCE WARNING: useCacheForAllThreads is true that may cause Netty to create a lot garbage objects and, as a result, trigger GC.
	It is recommended to disable useCacheForAllThreads by setting -Dorg.apache.ratis.thirdparty.io.netty.allocator.useCacheForAllThreads=false in command line.
2019-09-26 10:42:01,626 [main] INFO  grpc.GrpcConfigKeys$Server (ConfUtils.java:logGet(43)) - raft.grpc.server.port = 0 (default)
2019-09-26 10:42:01,626 [main] INFO  server.GrpcService (ConfUtils.java:logGet(43)) - raft.grpc.message.size.max = 33570816 (custom)
2019-09-26 10:42:01,626 [main] INFO  server.RaftServerConfigKeys (ConfUtils.java:logGet(43)) - raft.server.log.appender.buffer.byte-limit = 33554432 (custom)
2019-09-26 10:42:01,627 [main] INFO  server.GrpcService (ConfUtils.java:logGet(43)) - raft.grpc.flow.control.window = 1MB (=1048576) (default)
2019-09-26 10:42:01,627 [main] INFO  server.RaftServerConfigKeys (ConfUtils.java:logGet(43)) - raft.server.rpc.request.timeout = 3000ms (default)
2019-09-26 10:42:01,628 [main] INFO  server.RaftServerConfigKeys (ConfUtils.java:logGet(43)) - raft.server.storage.dir = [/workdir/hadoop-ozone/integration-test/target/test-dir/MiniOzoneClusterImpl-f06aceca-1220-4709-852b-f97b29892126/datanode-1/data/ratis] (custom)
2019-09-26 10:42:01,629 [main] INFO  hdfs.DFSUtil (DFSUtil.java:httpServerTemplateForNNAndJN(1641)) - Starting Web-server for hddsDatanode at: http://0.0.0.0:0
2019-09-26 10:42:01,631 [main] INFO  server.AuthenticationFilter (AuthenticationFilter.java:constructSecretProvider(240)) - Unable to initialize FileSignerSecretProvider, falling back to use random secrets.
2019-09-26 10:42:01,632 [main] WARN  http.HttpRequestLog (HttpRequestLog.java:getRequestLog(97)) - Jetty request log can only be enabled using Log4j
2019-09-26 10:42:01,634 [main] INFO  http.HttpServer2 (HttpServer2.java:addGlobalFilter(975)) - Added global filter 'safety' (class=org.apache.hadoop.http.HttpServer2$QuotingInputFilter)
2019-09-26 10:42:01,636 [main] INFO  http.HttpServer2 (HttpServer2.java:addFilter(948)) - Added filter static_user_filter (class=org.apache.hadoop.http.lib.StaticUserWebFilter$StaticUserFilter) to context hddsDatanode
2019-09-26 10:42:01,636 [main] INFO  http.HttpServer2 (HttpServer2.java:addFilter(958)) - Added filter static_user_filter (class=org.apache.hadoop.http.lib.StaticUserWebFilter$StaticUserFilter) to context static
2019-09-26 10:42:01,636 [main] INFO  http.HttpServer2 (HttpServer2.java:addFilter(958)) - Added filter static_user_filter (class=org.apache.hadoop.http.lib.StaticUserWebFilter$StaticUserFilter) to context logs
2019-09-26 10:42:01,637 [main] INFO  http.HttpServer2 (HttpServer2.java:bindListener(1191)) - Jetty bound to port 41650
2019-09-26 10:42:01,637 [main] INFO  server.Server (Server.java:doStart(351)) - jetty-9.3.25.v20180904, build timestamp: 2018-09-04T21:11:46Z, git hash: 3ce520221d0240229c862b122d2b06c12a625732
2019-09-26 10:42:01,640 [main] INFO  handler.ContextHandler (ContextHandler.java:doStart(781)) - Started o.e.j.s.ServletContextHandler@4232b34a{/logs,file:///workdir/hadoop-ozone/integration-test/target/log,AVAILABLE}
2019-09-26 10:42:01,640 [main] INFO  handler.ContextHandler (ContextHandler.java:doStart(781)) - Started o.e.j.s.ServletContextHandler@f5ce0bb{/static,jar:file:/home/user/.m2/repository/org/apache/hadoop/hadoop-hdds-container-service/0.5.0-SNAPSHOT/hadoop-hdds-container-service-0.5.0-SNAPSHOT.jar!/webapps/static,AVAILABLE}
2019-09-26 10:42:01,679 [main] INFO  handler.ContextHandler (ContextHandler.java:doStart(781)) - Started o.e.j.w.WebAppContext@1a47a1e8{/,file:///tmp/jetty-0.0.0.0-41650-hddsDatanode-_-any-1820466242327550337.dir/webapp/,AVAILABLE}{/hddsDatanode}
2019-09-26 10:42:01,680 [main] INFO  server.AbstractConnector (AbstractConnector.java:doStart(278)) - Started ServerConnector@6d2a2560{HTTP/1.1,[http/1.1]}{0.0.0.0:41650}
2019-09-26 10:42:01,682 [main] INFO  server.Server (Server.java:doStart(419)) - Started @56470ms
2019-09-26 10:42:01,682 [main] WARN  impl.MetricsSystemImpl (MetricsSystemImpl.java:register(276)) - Sink prometheus already exists!
2019-09-26 10:42:01,683 [main] INFO  server.BaseHttpServer (BaseHttpServer.java:updateConnectorAddress(215)) - HTTP server of HDDSDATANODE is listening at http://0.0.0.0:41650
2019-09-26 10:42:01,683 [main] INFO  impl.MetricsSystemImpl (MetricsSystemImpl.java:init(158)) - HddsDatanode metrics system started (again)
2019-09-26 10:42:01,686 [org.apache.hadoop.util.JvmPauseMonitor$Monitor@79dd3df5] INFO  util.JvmPauseMonitor (JvmPauseMonitor.java:run(188)) - Starting JVM pause monitor
2019-09-26 10:42:01,687 [main] INFO  ozone.HddsDatanodeService (HddsDatanodeService.java:start(184)) - HddsDatanodeService host:pr-hdds-1569-wvzgm-824869521 ip:192.168.30.13
2019-09-26 10:42:01,689 [Datanode State Machine Thread - 0] INFO  datanode.InitDatanodeState (InitDatanodeState.java:persistContainerDatanodeDetails(140)) - DatanodeDetails is persisted to /workdir/hadoop-ozone/integration-test/target/test-dir/MiniOzoneClusterImpl-f06aceca-1220-4709-852b-f97b29892126/datanode-1/meta/datanode.id
2019-09-26 10:42:01,693 [main] INFO  volume.HddsVolume (HddsVolume.java:<init>(176)) - Creating Volume: /workdir/hadoop-ozone/integration-test/target/test-dir/MiniOzoneClusterImpl-f06aceca-1220-4709-852b-f97b29892126/datanode-2/data/containers/hdds of  storage type : DISK and capacity : 1482555576320
2019-09-26 10:42:01,693 [main] INFO  volume.VolumeSet (VolumeSet.java:initializeVolumeSet(170)) - Added Volume : /workdir/hadoop-ozone/integration-test/target/test-dir/MiniOzoneClusterImpl-f06aceca-1220-4709-852b-f97b29892126/datanode-2/data/containers/hdds to VolumeSet
2019-09-26 10:42:01,693 [main] INFO  volume.ThrottledAsyncChecker (ThrottledAsyncChecker.java:schedule(139)) - Scheduling a check for org.apache.hadoop.ozone.container.common.volume.HddsVolume@2f74900b
2019-09-26 10:42:01,694 [main] INFO  volume.HddsVolumeChecker (HddsVolumeChecker.java:checkAllVolumes(202)) - Scheduled health check for volume org.apache.hadoop.ozone.container.common.volume.HddsVolume@2f74900b
2019-09-26 10:42:01,710 [main] INFO  impl.RaftServerProxy (ConfUtils.java:logGet(43)) - raft.rpc.type = GRPC (default)
2019-09-26 10:42:01,710 [main] INFO  grpc.GrpcFactory (GrpcFactory.java:checkPooledByteBufAllocatorUseCacheForAllThreads(45)) - PERFORMANCE WARNING: useCacheForAllThreads is true that may cause Netty to create a lot garbage objects and, as a result, trigger GC.
	It is recommended to disable useCacheForAllThreads by setting -Dorg.apache.ratis.thirdparty.io.netty.allocator.useCacheForAllThreads=false in command line.
2019-09-26 10:42:01,710 [main] INFO  grpc.GrpcConfigKeys$Server (ConfUtils.java:logGet(43)) - raft.grpc.server.port = 0 (default)
2019-09-26 10:42:01,710 [main] INFO  server.GrpcService (ConfUtils.java:logGet(43)) - raft.grpc.message.size.max = 33570816 (custom)
2019-09-26 10:42:01,710 [main] INFO  server.RaftServerConfigKeys (ConfUtils.java:logGet(43)) - raft.server.log.appender.buffer.byte-limit = 33554432 (custom)
2019-09-26 10:42:01,711 [main] INFO  server.GrpcService (ConfUtils.java:logGet(43)) - raft.grpc.flow.control.window = 1MB (=1048576) (default)
2019-09-26 10:42:01,711 [main] INFO  server.RaftServerConfigKeys (ConfUtils.java:logGet(43)) - raft.server.rpc.request.timeout = 3000ms (default)
2019-09-26 10:42:01,711 [main] INFO  server.RaftServerConfigKeys (ConfUtils.java:logGet(43)) - raft.server.storage.dir = [/workdir/hadoop-ozone/integration-test/target/test-dir/MiniOzoneClusterImpl-f06aceca-1220-4709-852b-f97b29892126/datanode-2/data/ratis] (custom)
2019-09-26 10:42:01,713 [main] INFO  hdfs.DFSUtil (DFSUtil.java:httpServerTemplateForNNAndJN(1641)) - Starting Web-server for hddsDatanode at: http://0.0.0.0:0
2019-09-26 10:42:01,714 [main] INFO  server.AuthenticationFilter (AuthenticationFilter.java:constructSecretProvider(240)) - Unable to initialize FileSignerSecretProvider, falling back to use random secrets.
2019-09-26 10:42:01,714 [main] WARN  http.HttpRequestLog (HttpRequestLog.java:getRequestLog(97)) - Jetty request log can only be enabled using Log4j
2019-09-26 10:42:01,716 [main] INFO  http.HttpServer2 (HttpServer2.java:addGlobalFilter(975)) - Added global filter 'safety' (class=org.apache.hadoop.http.HttpServer2$QuotingInputFilter)
2019-09-26 10:42:01,717 [main] INFO  http.HttpServer2 (HttpServer2.java:addFilter(948)) - Added filter static_user_filter (class=org.apache.hadoop.http.lib.StaticUserWebFilter$StaticUserFilter) to context hddsDatanode
2019-09-26 10:42:01,717 [main] INFO  http.HttpServer2 (HttpServer2.java:addFilter(958)) - Added filter static_user_filter (class=org.apache.hadoop.http.lib.StaticUserWebFilter$StaticUserFilter) to context logs
2019-09-26 10:42:01,717 [main] INFO  http.HttpServer2 (HttpServer2.java:addFilter(958)) - Added filter static_user_filter (class=org.apache.hadoop.http.lib.StaticUserWebFilter$StaticUserFilter) to context static
2019-09-26 10:42:01,718 [main] INFO  http.HttpServer2 (HttpServer2.java:bindListener(1191)) - Jetty bound to port 44427
2019-09-26 10:42:01,718 [main] INFO  server.Server (Server.java:doStart(351)) - jetty-9.3.25.v20180904, build timestamp: 2018-09-04T21:11:46Z, git hash: 3ce520221d0240229c862b122d2b06c12a625732
2019-09-26 10:42:01,720 [main] INFO  handler.ContextHandler (ContextHandler.java:doStart(781)) - Started o.e.j.s.ServletContextHandler@118dcbbd{/logs,file:///workdir/hadoop-ozone/integration-test/target/log,AVAILABLE}
2019-09-26 10:42:01,720 [main] INFO  handler.ContextHandler (ContextHandler.java:doStart(781)) - Started o.e.j.s.ServletContextHandler@350ec690{/static,jar:file:/home/user/.m2/repository/org/apache/hadoop/hadoop-hdds-container-service/0.5.0-SNAPSHOT/hadoop-hdds-container-service-0.5.0-SNAPSHOT.jar!/webapps/static,AVAILABLE}
2019-09-26 10:42:01,749 [main] INFO  handler.ContextHandler (ContextHandler.java:doStart(781)) - Started o.e.j.w.WebAppContext@6aa7b67f{/,file:///tmp/jetty-0.0.0.0-44427-hddsDatanode-_-any-7818231600266429269.dir/webapp/,AVAILABLE}{/hddsDatanode}
2019-09-26 10:42:01,750 [main] INFO  server.AbstractConnector (AbstractConnector.java:doStart(278)) - Started ServerConnector@6bcc3f27{HTTP/1.1,[http/1.1]}{0.0.0.0:44427}
2019-09-26 10:42:01,751 [main] INFO  server.Server (Server.java:doStart(419)) - Started @56539ms
2019-09-26 10:42:01,751 [main] WARN  impl.MetricsSystemImpl (MetricsSystemImpl.java:register(276)) - Sink prometheus already exists!
2019-09-26 10:42:01,752 [main] INFO  server.BaseHttpServer (BaseHttpServer.java:updateConnectorAddress(215)) - HTTP server of HDDSDATANODE is listening at http://0.0.0.0:44427
2019-09-26 10:42:01,752 [main] INFO  ozone.MiniOzoneClusterImpl (MiniOzoneClusterImpl.java:lambda$waitForClusterToBeReady$0(147)) - Waiting for cluster to be ready. Got 0 of 3 DN Heartbeats.
2019-09-26 10:42:01,753 [org.apache.hadoop.util.JvmPauseMonitor$Monitor@6b7ab84d] INFO  util.JvmPauseMonitor (JvmPauseMonitor.java:run(188)) - Starting JVM pause monitor
2019-09-26 10:42:01,755 [Datanode State Machine Thread - 0] INFO  datanode.InitDatanodeState (InitDatanodeState.java:persistContainerDatanodeDetails(140)) - DatanodeDetails is persisted to /workdir/hadoop-ozone/integration-test/target/test-dir/MiniOzoneClusterImpl-f06aceca-1220-4709-852b-f97b29892126/datanode-2/meta/datanode.id
2019-09-26 10:42:02,752 [main] INFO  ozone.MiniOzoneClusterImpl (MiniOzoneClusterImpl.java:lambda$waitForClusterToBeReady$0(147)) - Waiting for cluster to be ready. Got 0 of 3 DN Heartbeats.
2019-09-26 10:42:03,613 [Datanode State Machine Thread - 0] INFO  ozoneimpl.OzoneContainer (OzoneContainer.java:start(217)) - Attempting to start container services.
2019-09-26 10:42:03,613 [Datanode State Machine Thread - 0] INFO  ozoneimpl.OzoneContainer (OzoneContainer.java:startContainerScrub(179)) - Background container scanner has been disabled.
2019-09-26 10:42:03,613 [Datanode State Machine Thread - 0] INFO  ratis.XceiverServerRatis (XceiverServerRatis.java:start(411)) - Starting XceiverServerRatis b91e650f-93ae-4c6b-a097-1df9422d1ecf at port 0
2019-09-26 10:42:03,621 [Datanode State Machine Thread - 0] INFO  impl.RaftServerProxy (RaftServerProxy.java:lambda$start$3(299)) - b91e650f-93ae-4c6b-a097-1df9422d1ecf: start RPC server
2019-09-26 10:42:03,625 [Datanode State Machine Thread - 0] INFO  server.GrpcService (GrpcService.java:startImpl(158)) - b91e650f-93ae-4c6b-a097-1df9422d1ecf: GrpcService started, listening on 0.0.0.0/0.0.0.0:41744
2019-09-26 10:42:03,625 [Datanode State Machine Thread - 0] INFO  ratis.XceiverServerRatis (XceiverServerRatis.java:start(421)) - XceiverServerRatis b91e650f-93ae-4c6b-a097-1df9422d1ecf is started using port 41744
2019-09-26 10:42:03,631 [Datanode State Machine Thread - 0] INFO  server.XceiverServerGrpc (XceiverServerGrpc.java:start(149)) - XceiverServerGrpc b91e650f-93ae-4c6b-a097-1df9422d1ecf is started using port 46128
2019-09-26 10:42:03,703 [Datanode State Machine Thread - 0] INFO  ozoneimpl.OzoneContainer (OzoneContainer.java:start(217)) - Attempting to start container services.
2019-09-26 10:42:03,704 [Datanode State Machine Thread - 0] INFO  ozoneimpl.OzoneContainer (OzoneContainer.java:startContainerScrub(179)) - Background container scanner has been disabled.
2019-09-26 10:42:03,704 [Datanode State Machine Thread - 0] INFO  ratis.XceiverServerRatis (XceiverServerRatis.java:start(411)) - Starting XceiverServerRatis 36aed9aa-ac88-4ede-96ce-810747967900 at port 0
2019-09-26 10:42:03,712 [Datanode State Machine Thread - 0] INFO  impl.RaftServerProxy (RaftServerProxy.java:lambda$start$3(299)) - 36aed9aa-ac88-4ede-96ce-810747967900: start RPC server
2019-09-26 10:42:03,714 [Datanode State Machine Thread - 0] INFO  server.GrpcService (GrpcService.java:startImpl(158)) - 36aed9aa-ac88-4ede-96ce-810747967900: GrpcService started, listening on 0.0.0.0/0.0.0.0:46636
2019-09-26 10:42:03,714 [Datanode State Machine Thread - 0] INFO  ratis.XceiverServerRatis (XceiverServerRatis.java:start(421)) - XceiverServerRatis 36aed9aa-ac88-4ede-96ce-810747967900 is started using port 46636
2019-09-26 10:42:03,715 [Datanode State Machine Thread - 0] INFO  server.XceiverServerGrpc (XceiverServerGrpc.java:start(149)) - XceiverServerGrpc 36aed9aa-ac88-4ede-96ce-810747967900 is started using port 36831
2019-09-26 10:42:03,753 [main] INFO  ozone.MiniOzoneClusterImpl (MiniOzoneClusterImpl.java:lambda$waitForClusterToBeReady$0(147)) - Waiting for cluster to be ready. Got 0 of 3 DN Heartbeats.
2019-09-26 10:42:03,769 [Datanode State Machine Thread - 0] INFO  ozoneimpl.OzoneContainer (OzoneContainer.java:start(217)) - Attempting to start container services.
2019-09-26 10:42:03,770 [Datanode State Machine Thread - 0] INFO  ozoneimpl.OzoneContainer (OzoneContainer.java:startContainerScrub(179)) - Background container scanner has been disabled.
2019-09-26 10:42:03,770 [Datanode State Machine Thread - 0] INFO  ratis.XceiverServerRatis (XceiverServerRatis.java:start(411)) - Starting XceiverServerRatis a68ea93d-94dd-4f22-bee3-ae449a597286 at port 0
2019-09-26 10:42:03,778 [Datanode State Machine Thread - 0] INFO  impl.RaftServerProxy (RaftServerProxy.java:lambda$start$3(299)) - a68ea93d-94dd-4f22-bee3-ae449a597286: start RPC server
2019-09-26 10:42:03,780 [Datanode State Machine Thread - 0] INFO  server.GrpcService (GrpcService.java:startImpl(158)) - a68ea93d-94dd-4f22-bee3-ae449a597286: GrpcService started, listening on 0.0.0.0/0.0.0.0:35009
2019-09-26 10:42:03,780 [Datanode State Machine Thread - 0] INFO  ratis.XceiverServerRatis (XceiverServerRatis.java:start(421)) - XceiverServerRatis a68ea93d-94dd-4f22-bee3-ae449a597286 is started using port 35009
2019-09-26 10:42:03,783 [Datanode State Machine Thread - 0] INFO  server.XceiverServerGrpc (XceiverServerGrpc.java:start(149)) - XceiverServerGrpc a68ea93d-94dd-4f22-bee3-ae449a597286 is started using port 34330
2019-09-26 10:42:04,754 [main] INFO  ozone.MiniOzoneClusterImpl (MiniOzoneClusterImpl.java:lambda$waitForClusterToBeReady$0(147)) - Waiting for cluster to be ready. Got 0 of 3 DN Heartbeats.
2019-09-26 10:42:05,595 [IPC Server handler 0 on 35340] INFO  net.NetworkTopology (NetworkTopologyImpl.java:add(111)) - Added a new node: /default-rack/b91e650f-93ae-4c6b-a097-1df9422d1ecf
2019-09-26 10:42:05,597 [IPC Server handler 0 on 35340] INFO  node.SCMNodeManager (SCMNodeManager.java:register(266)) - Registered Data node : b91e650f-93ae-4c6b-a097-1df9422d1ecf{ip: 192.168.30.13, host: pr-hdds-1569-wvzgm-824869521, networkLocation: /default-rack, certSerialId: null}
2019-09-26 10:42:05,598 [EventQueue-NodeRegistrationContainerReportForDataNodeSafeModeRule] INFO  safemode.SCMSafeModeManager (DataNodeSafeModeRule.java:process(71)) - SCM in safe mode. 1 DataNodes registered, 1 required.
2019-09-26 10:42:05,600 [EventQueue-NodeRegistrationContainerReportForDataNodeSafeModeRule] INFO  safemode.SCMSafeModeManager (SCMSafeModeManager.java:validateSafeModeExitRules(177)) - ScmSafeModeManager, all rules are successfully validated
2019-09-26 10:42:05,600 [EventQueue-NodeRegistrationContainerReportForDataNodeSafeModeRule] INFO  safemode.SCMSafeModeManager (SCMSafeModeManager.java:exitSafeMode(193)) - SCM exiting safe mode.
2019-09-26 10:42:05,613 [grpc-default-executor-0] INFO  impl.RaftServerProxy (RaftServerProxy.java:addNew(89)) - b91e650f-93ae-4c6b-a097-1df9422d1ecf: addNew group-3D03465AB853:[b91e650f-93ae-4c6b-a097-1df9422d1ecf:192.168.30.13:41744] returns group-3D03465AB853:java.util.concurrent.CompletableFuture@141a0ebc[Not completed]
2019-09-26 10:42:05,614 [pool-177-thread-1] INFO  impl.RaftServerImpl (RaftServerImpl.java:<init>(95)) - b91e650f-93ae-4c6b-a097-1df9422d1ecf: new RaftServerImpl for group-3D03465AB853:[b91e650f-93ae-4c6b-a097-1df9422d1ecf:192.168.30.13:41744] with ContainerStateMachine:uninitialized
2019-09-26 10:42:05,615 [pool-177-thread-1] INFO  server.RaftServerConfigKeys (ConfUtils.java:logGet(43)) - raft.server.rpc.timeout.min = 5s (custom)
2019-09-26 10:42:05,615 [pool-177-thread-1] INFO  server.RaftServerConfigKeys (ConfUtils.java:logGet(43)) - raft.server.rpc.timeout.max = 5200ms (custom)
2019-09-26 10:42:05,615 [pool-177-thread-1] INFO  server.RaftServerConfigKeys (ConfUtils.java:logGet(43)) - raft.server.rpcslowness.timeout = 120s (custom)
2019-09-26 10:42:05,615 [pool-177-thread-1] INFO  server.RaftServerConfigKeys (ConfUtils.java:logGet(43)) - raft.server.sleep.deviation.threshold = 300 (default)
2019-09-26 10:42:05,615 [pool-177-thread-1] INFO  server.RaftServerConfigKeys (ConfUtils.java:logGet(43)) - raft.server.log.appender.install.snapshot.enabled = false (custom)
2019-09-26 10:42:05,616 [pool-177-thread-1] INFO  impl.RaftServerImpl (ServerState.java:<init>(103)) - b91e650f-93ae-4c6b-a097-1df9422d1ecf@group-3D03465AB853: ConfigurationManager, init=-1: [b91e650f-93ae-4c6b-a097-1df9422d1ecf:192.168.30.13:41744], old=null, confs=<EMPTY_MAP>
2019-09-26 10:42:05,616 [pool-177-thread-1] INFO  server.RaftServerConfigKeys (ConfUtils.java:logGet(43)) - raft.server.storage.dir = [/workdir/hadoop-ozone/integration-test/target/test-dir/MiniOzoneClusterImpl-f06aceca-1220-4709-852b-f97b29892126/datanode-0/data/ratis] (custom)
2019-09-26 10:42:05,616 [pool-177-thread-1] INFO  storage.RaftStorageDirectory (RaftStorageDirectory.java:analyzeStorage(246)) - The storage directory /workdir/hadoop-ozone/integration-test/target/test-dir/MiniOzoneClusterImpl-f06aceca-1220-4709-852b-f97b29892126/datanode-0/data/ratis/d8292b37-bf31-4a01-aca3-3d03465ab853 does not exist. Creating ...
2019-09-26 10:42:05,630 [pool-177-thread-1] INFO  storage.RaftStorageDirectory (RaftStorageDirectory.java:tryLock(328)) - Lock on /workdir/hadoop-ozone/integration-test/target/test-dir/MiniOzoneClusterImpl-f06aceca-1220-4709-852b-f97b29892126/datanode-0/data/ratis/d8292b37-bf31-4a01-aca3-3d03465ab853/in_use.lock acquired by nodename 10232@pr-hdds-1569-wvzgm-824869521
2019-09-26 10:42:05,643 [pool-177-thread-1] INFO  storage.RaftStorage (RaftStorage.java:format(72)) - Storage directory /workdir/hadoop-ozone/integration-test/target/test-dir/MiniOzoneClusterImpl-f06aceca-1220-4709-852b-f97b29892126/datanode-0/data/ratis/d8292b37-bf31-4a01-aca3-3d03465ab853 has been successfully formatted.
2019-09-26 10:42:05,643 [pool-177-thread-1] INFO  ratis.ContainerStateMachine (ContainerStateMachine.java:loadSnapshot(230)) - group-3D03465AB853: The snapshot info is null. Setting the last applied indexto:(t:0, i:~)
2019-09-26 10:42:05,643 [pool-177-thread-1] INFO  server.RaftServerConfigKeys (ConfUtils.java:logGet(43)) - raft.server.notification.no-leader.timeout = 120s (custom)
2019-09-26 10:42:05,643 [pool-177-thread-1] INFO  server.RaftServerConfigKeys (ConfUtils.java:logGet(43)) - raft.server.log.use.memory = false (default)
2019-09-26 10:42:05,644 [pool-177-thread-1] INFO  server.RaftServerConfigKeys (ConfUtils.java:logGet(43)) - raft.server.log.purge.gap = 1000000 (custom)
2019-09-26 10:42:05,644 [pool-177-thread-1] INFO  server.RaftServerConfigKeys (ConfUtils.java:logGet(43)) - raft.server.log.appender.buffer.byte-limit = 33554432 (custom)
2019-09-26 10:42:05,644 [pool-177-thread-1] INFO  server.RaftServerConfigKeys (ConfUtils.java:logGet(43)) - raft.server.log.segment.size.max = 1048576 (custom)
2019-09-26 10:42:05,644 [pool-177-thread-1] INFO  server.RaftServerConfigKeys (ConfUtils.java:logGet(43)) - raft.server.log.segment.cache.num.max = 2 (custom)
2019-09-26 10:42:05,644 [pool-177-thread-1] INFO  segmented.SegmentedRaftLogWorker (SegmentedRaftLogWorker.java:<init>(172)) - new b91e650f-93ae-4c6b-a097-1df9422d1ecf@group-3D03465AB853-SegmentedRaftLogWorker for RaftStorage:Storage Directory /workdir/hadoop-ozone/integration-test/target/test-dir/MiniOzoneClusterImpl-f06aceca-1220-4709-852b-f97b29892126/datanode-0/data/ratis/d8292b37-bf31-4a01-aca3-3d03465ab853
2019-09-26 10:42:05,646 [pool-177-thread-1] INFO  server.RaftServerConfigKeys (ConfUtils.java:logGet(43)) - raft.server.log.queue.byte-limit = 2147483647 (custom)
2019-09-26 10:42:05,646 [pool-177-thread-1] INFO  server.RaftServerConfigKeys (ConfUtils.java:logGet(43)) - raft.server.log.queue.element-limit = 1024 (custom)
2019-09-26 10:42:05,647 [pool-177-thread-1] INFO  server.RaftServerConfigKeys (ConfUtils.java:logGet(43)) - raft.server.log.segment.size.max = 1048576 (custom)
2019-09-26 10:42:05,647 [pool-177-thread-1] INFO  server.RaftServerConfigKeys (ConfUtils.java:logGet(43)) - raft.server.log.preallocated.size = 16384 (custom)
2019-09-26 10:42:05,647 [pool-177-thread-1] INFO  server.RaftServerConfigKeys (ConfUtils.java:logGet(43)) - raft.server.log.write.buffer.size = 33554432 (custom)
2019-09-26 10:42:05,647 [pool-177-thread-1] INFO  server.RaftServerConfigKeys (ConfUtils.java:logGet(43)) - raft.server.log.force.sync.num = 128 (default)
2019-09-26 10:42:05,647 [pool-177-thread-1] INFO  server.RaftServerConfigKeys (ConfUtils.java:logGet(43)) - raft.server.log.statemachine.data.sync = true (default)
2019-09-26 10:42:05,647 [pool-177-thread-1] INFO  server.RaftServerConfigKeys (ConfUtils.java:logGet(43)) - raft.server.log.statemachine.data.sync.timeout = 10s (default)
2019-09-26 10:42:05,647 [pool-177-thread-1] INFO  server.RaftServerConfigKeys (ConfUtils.java:logGet(43)) - raft.server.log.statemachine.data.sync.timeout.retry = -1 (default)
2019-09-26 10:42:05,648 [pool-177-thread-1] INFO  server.RaftServerConfigKeys (ConfUtils.java:logGet(43)) - raft.server.log.statemachine.data.caching.enabled = true (custom)
2019-09-26 10:42:05,648 [pool-177-thread-1] INFO  segmented.SegmentedRaftLogWorker (SegmentedRaftLogWorker.java:lambda$new$0(132)) - b91e650f-93ae-4c6b-a097-1df9422d1ecf@group-3D03465AB853-SegmentedRaftLogWorker: flushIndex: setUnconditionally 0 -> -1
2019-09-26 10:42:05,648 [pool-177-thread-1] INFO  server.RaftServerConfigKeys (ConfUtils.java:logGet(43)) - raft.server.snapshot.auto.trigger.enabled = true (custom)
2019-09-26 10:42:05,649 [pool-177-thread-1] INFO  server.RaftServerConfigKeys (ConfUtils.java:logGet(43)) - raft.server.snapshot.auto.trigger.threshold = 10000 (custom)
2019-09-26 10:42:05,649 [pool-177-thread-1] INFO  server.RaftServerConfigKeys (ConfUtils.java:logGet(43)) - raft.server.snapshot.retention.num.files = 5 (custom)
2019-09-26 10:42:05,649 [pool-177-thread-1] INFO  server.RaftServerConfigKeys (ConfUtils.java:logGet(43)) - raft.server.retrycache.expirytime = 600000ms (custom)
2019-09-26 10:42:05,651 [pool-177-thread-1] INFO  impl.RaftServerImpl (RaftServerImpl.java:start(185)) - b91e650f-93ae-4c6b-a097-1df9422d1ecf@group-3D03465AB853: start as a follower, conf=-1: [b91e650f-93ae-4c6b-a097-1df9422d1ecf:192.168.30.13:41744], old=null
2019-09-26 10:42:05,651 [pool-177-thread-1] INFO  impl.RaftServerImpl (RaftServerImpl.java:setRole(174)) - b91e650f-93ae-4c6b-a097-1df9422d1ecf@group-3D03465AB853: changes role from      null to FOLLOWER at term 0 for startAsFollower
2019-09-26 10:42:05,652 [pool-177-thread-1] INFO  impl.RoleInfo (RoleInfo.java:updateAndGet(143)) - b91e650f-93ae-4c6b-a097-1df9422d1ecf: start FollowerState
2019-09-26 10:42:05,652 [pool-177-thread-1] INFO  util.JmxRegister (JmxRegister.java:tryRegister(44)) - Successfully registered JMX Bean with object name Ratis:service=RaftServer,group=group-3D03465AB853,id=b91e650f-93ae-4c6b-a097-1df9422d1ecf
2019-09-26 10:42:05,656 [RatisPipelineUtilsThread] INFO  pipeline.PipelineStateManager (PipelineStateManager.java:addPipeline(56)) - Created pipeline Pipeline[ Id: d8292b37-bf31-4a01-aca3-3d03465ab853, Nodes: b91e650f-93ae-4c6b-a097-1df9422d1ecf{ip: 192.168.30.13, host: pr-hdds-1569-wvzgm-824869521, networkLocation: /default-rack, certSerialId: null}, Type:RATIS, Factor:ONE, State:OPEN]
2019-09-26 10:42:05,662 [grpc-default-executor-0] INFO  impl.RaftServerProxy (RaftServerProxy.java:addNew(89)) - b91e650f-93ae-4c6b-a097-1df9422d1ecf: addNew group-30EB06DB48BC:[b91e650f-93ae-4c6b-a097-1df9422d1ecf:192.168.30.13:41744] returns group-30EB06DB48BC:java.util.concurrent.CompletableFuture@25447fb3[Not completed]
2019-09-26 10:42:05,663 [pool-177-thread-1] INFO  impl.RaftServerImpl (RaftServerImpl.java:<init>(95)) - b91e650f-93ae-4c6b-a097-1df9422d1ecf: new RaftServerImpl for group-30EB06DB48BC:[b91e650f-93ae-4c6b-a097-1df9422d1ecf:192.168.30.13:41744] with ContainerStateMachine:uninitialized
2019-09-26 10:42:05,663 [pool-177-thread-1] INFO  server.RaftServerConfigKeys (ConfUtils.java:logGet(43)) - raft.server.rpc.timeout.min = 5s (custom)
2019-09-26 10:42:05,663 [pool-177-thread-1] INFO  server.RaftServerConfigKeys (ConfUtils.java:logGet(43)) - raft.server.rpc.timeout.max = 5200ms (custom)
2019-09-26 10:42:05,664 [pool-177-thread-1] INFO  server.RaftServerConfigKeys (ConfUtils.java:logGet(43)) - raft.server.rpcslowness.timeout = 120s (custom)
2019-09-26 10:42:05,664 [pool-177-thread-1] INFO  server.RaftServerConfigKeys (ConfUtils.java:logGet(43)) - raft.server.sleep.deviation.threshold = 300 (default)
2019-09-26 10:42:05,664 [pool-177-thread-1] INFO  server.RaftServerConfigKeys (ConfUtils.java:logGet(43)) - raft.server.log.appender.install.snapshot.enabled = false (custom)
2019-09-26 10:42:05,664 [pool-177-thread-1] INFO  impl.RaftServerImpl (ServerState.java:<init>(103)) - b91e650f-93ae-4c6b-a097-1df9422d1ecf@group-30EB06DB48BC: ConfigurationManager, init=-1: [b91e650f-93ae-4c6b-a097-1df9422d1ecf:192.168.30.13:41744], old=null, confs=<EMPTY_MAP>
2019-09-26 10:42:05,664 [pool-177-thread-1] INFO  server.RaftServerConfigKeys (ConfUtils.java:logGet(43)) - raft.server.storage.dir = [/workdir/hadoop-ozone/integration-test/target/test-dir/MiniOzoneClusterImpl-f06aceca-1220-4709-852b-f97b29892126/datanode-0/data/ratis] (custom)
2019-09-26 10:42:05,665 [pool-177-thread-1] INFO  storage.RaftStorageDirectory (RaftStorageDirectory.java:analyzeStorage(246)) - The storage directory /workdir/hadoop-ozone/integration-test/target/test-dir/MiniOzoneClusterImpl-f06aceca-1220-4709-852b-f97b29892126/datanode-0/data/ratis/5fb40d79-ffff-4bb2-899a-30eb06db48bc does not exist. Creating ...
2019-09-26 10:42:05,677 [pool-177-thread-1] INFO  storage.RaftStorageDirectory (RaftStorageDirectory.java:tryLock(328)) - Lock on /workdir/hadoop-ozone/integration-test/target/test-dir/MiniOzoneClusterImpl-f06aceca-1220-4709-852b-f97b29892126/datanode-0/data/ratis/5fb40d79-ffff-4bb2-899a-30eb06db48bc/in_use.lock acquired by nodename 10232@pr-hdds-1569-wvzgm-824869521
2019-09-26 10:42:05,690 [IPC Server handler 1 on 35340] INFO  net.NetworkTopology (NetworkTopologyImpl.java:add(111)) - Added a new node: /default-rack/36aed9aa-ac88-4ede-96ce-810747967900
2019-09-26 10:42:05,690 [IPC Server handler 1 on 35340] INFO  node.SCMNodeManager (SCMNodeManager.java:register(266)) - Registered Data node : 36aed9aa-ac88-4ede-96ce-810747967900{ip: 192.168.30.13, host: pr-hdds-1569-wvzgm-824869521, networkLocation: /default-rack, certSerialId: null}
2019-09-26 10:42:05,691 [pool-177-thread-1] INFO  storage.RaftStorage (RaftStorage.java:format(72)) - Storage directory /workdir/hadoop-ozone/integration-test/target/test-dir/MiniOzoneClusterImpl-f06aceca-1220-4709-852b-f97b29892126/datanode-0/data/ratis/5fb40d79-ffff-4bb2-899a-30eb06db48bc has been successfully formatted.
2019-09-26 10:42:05,691 [pool-177-thread-1] INFO  ratis.ContainerStateMachine (ContainerStateMachine.java:loadSnapshot(230)) - group-30EB06DB48BC: The snapshot info is null. Setting the last applied indexto:(t:0, i:~)
2019-09-26 10:42:05,691 [pool-177-thread-1] INFO  server.RaftServerConfigKeys (ConfUtils.java:logGet(43)) - raft.server.notification.no-leader.timeout = 120s (custom)
2019-09-26 10:42:05,691 [pool-177-thread-1] INFO  server.RaftServerConfigKeys (ConfUtils.java:logGet(43)) - raft.server.log.use.memory = false (default)
2019-09-26 10:42:05,692 [pool-177-thread-1] INFO  server.RaftServerConfigKeys (ConfUtils.java:logGet(43)) - raft.server.log.purge.gap = 1000000 (custom)
2019-09-26 10:42:05,692 [pool-177-thread-1] INFO  server.RaftServerConfigKeys (ConfUtils.java:logGet(43)) - raft.server.log.appender.buffer.byte-limit = 33554432 (custom)
2019-09-26 10:42:05,692 [pool-177-thread-1] INFO  server.RaftServerConfigKeys (ConfUtils.java:logGet(43)) - raft.server.log.segment.size.max = 1048576 (custom)
2019-09-26 10:42:05,692 [pool-177-thread-1] INFO  server.RaftServerConfigKeys (ConfUtils.java:logGet(43)) - raft.server.log.segment.cache.num.max = 2 (custom)
2019-09-26 10:42:05,692 [pool-177-thread-1] INFO  segmented.SegmentedRaftLogWorker (SegmentedRaftLogWorker.java:<init>(172)) - new b91e650f-93ae-4c6b-a097-1df9422d1ecf@group-30EB06DB48BC-SegmentedRaftLogWorker for RaftStorage:Storage Directory /workdir/hadoop-ozone/integration-test/target/test-dir/MiniOzoneClusterImpl-f06aceca-1220-4709-852b-f97b29892126/datanode-0/data/ratis/5fb40d79-ffff-4bb2-899a-30eb06db48bc
2019-09-26 10:42:05,692 [pool-177-thread-1] INFO  server.RaftServerConfigKeys (ConfUtils.java:logGet(43)) - raft.server.log.queue.byte-limit = 2147483647 (custom)
2019-09-26 10:42:05,692 [pool-177-thread-1] INFO  server.RaftServerConfigKeys (ConfUtils.java:logGet(43)) - raft.server.log.queue.element-limit = 1024 (custom)
2019-09-26 10:42:05,693 [pool-177-thread-1] INFO  server.RaftServerConfigKeys (ConfUtils.java:logGet(43)) - raft.server.log.segment.size.max = 1048576 (custom)
2019-09-26 10:42:05,693 [pool-177-thread-1] INFO  server.RaftServerConfigKeys (ConfUtils.java:logGet(43)) - raft.server.log.preallocated.size = 16384 (custom)
2019-09-26 10:42:05,693 [pool-177-thread-1] INFO  server.RaftServerConfigKeys (ConfUtils.java:logGet(43)) - raft.server.log.write.buffer.size = 33554432 (custom)
2019-09-26 10:42:05,693 [pool-177-thread-1] INFO  server.RaftServerConfigKeys (ConfUtils.java:logGet(43)) - raft.server.log.force.sync.num = 128 (default)
2019-09-26 10:42:05,693 [pool-177-thread-1] INFO  server.RaftServerConfigKeys (ConfUtils.java:logGet(43)) - raft.server.log.statemachine.data.sync = true (default)
2019-09-26 10:42:05,693 [pool-177-thread-1] INFO  server.RaftServerConfigKeys (ConfUtils.java:logGet(43)) - raft.server.log.statemachine.data.sync.timeout = 10s (default)
2019-09-26 10:42:05,694 [pool-177-thread-1] INFO  server.RaftServerConfigKeys (ConfUtils.java:logGet(43)) - raft.server.log.statemachine.data.sync.timeout.retry = -1 (default)
2019-09-26 10:42:05,694 [pool-177-thread-1] INFO  server.RaftServerConfigKeys (ConfUtils.java:logGet(43)) - raft.server.log.statemachine.data.caching.enabled = true (custom)
2019-09-26 10:42:05,694 [pool-177-thread-1] INFO  segmented.SegmentedRaftLogWorker (SegmentedRaftLogWorker.java:lambda$new$0(132)) - b91e650f-93ae-4c6b-a097-1df9422d1ecf@group-30EB06DB48BC-SegmentedRaftLogWorker: flushIndex: setUnconditionally 0 -> -1
2019-09-26 10:42:05,695 [pool-177-thread-1] INFO  server.RaftServerConfigKeys (ConfUtils.java:logGet(43)) - raft.server.snapshot.auto.trigger.enabled = true (custom)
2019-09-26 10:42:05,695 [pool-177-thread-1] INFO  server.RaftServerConfigKeys (ConfUtils.java:logGet(43)) - raft.server.snapshot.auto.trigger.threshold = 10000 (custom)
2019-09-26 10:42:05,695 [pool-177-thread-1] INFO  server.RaftServerConfigKeys (ConfUtils.java:logGet(43)) - raft.server.snapshot.retention.num.files = 5 (custom)
2019-09-26 10:42:05,695 [pool-177-thread-1] INFO  server.RaftServerConfigKeys (ConfUtils.java:logGet(43)) - raft.server.retrycache.expirytime = 600000ms (custom)
2019-09-26 10:42:05,697 [pool-177-thread-1] INFO  impl.RaftServerImpl (RaftServerImpl.java:start(185)) - b91e650f-93ae-4c6b-a097-1df9422d1ecf@group-30EB06DB48BC: start as a follower, conf=-1: [b91e650f-93ae-4c6b-a097-1df9422d1ecf:192.168.30.13:41744], old=null
2019-09-26 10:42:05,697 [pool-177-thread-1] INFO  impl.RaftServerImpl (RaftServerImpl.java:setRole(174)) - b91e650f-93ae-4c6b-a097-1df9422d1ecf@group-30EB06DB48BC: changes role from      null to FOLLOWER at term 0 for startAsFollower
2019-09-26 10:42:05,697 [pool-177-thread-1] INFO  impl.RoleInfo (RoleInfo.java:updateAndGet(143)) - b91e650f-93ae-4c6b-a097-1df9422d1ecf: start FollowerState
2019-09-26 10:42:05,698 [pool-177-thread-1] INFO  util.JmxRegister (JmxRegister.java:tryRegister(44)) - Successfully registered JMX Bean with object name Ratis:service=RaftServer,group=group-30EB06DB48BC,id=b91e650f-93ae-4c6b-a097-1df9422d1ecf
2019-09-26 10:42:05,701 [RatisPipelineUtilsThread] INFO  pipeline.PipelineStateManager (PipelineStateManager.java:addPipeline(56)) - Created pipeline Pipeline[ Id: 5fb40d79-ffff-4bb2-899a-30eb06db48bc, Nodes: b91e650f-93ae-4c6b-a097-1df9422d1ecf{ip: 192.168.30.13, host: pr-hdds-1569-wvzgm-824869521, networkLocation: /default-rack, certSerialId: null}, Type:RATIS, Factor:ONE, State:OPEN]
2019-09-26 10:42:05,707 [grpc-default-executor-0] INFO  impl.RaftServerProxy (RaftServerProxy.java:addNew(89)) - b91e650f-93ae-4c6b-a097-1df9422d1ecf: addNew group-472269296607:[b91e650f-93ae-4c6b-a097-1df9422d1ecf:192.168.30.13:41744] returns group-472269296607:java.util.concurrent.CompletableFuture@7435f1f3[Not completed]
2019-09-26 10:42:05,708 [pool-177-thread-1] INFO  impl.RaftServerImpl (RaftServerImpl.java:<init>(95)) - b91e650f-93ae-4c6b-a097-1df9422d1ecf: new RaftServerImpl for group-472269296607:[b91e650f-93ae-4c6b-a097-1df9422d1ecf:192.168.30.13:41744] with ContainerStateMachine:uninitialized
2019-09-26 10:42:05,708 [pool-177-thread-1] INFO  server.RaftServerConfigKeys (ConfUtils.java:logGet(43)) - raft.server.rpc.timeout.min = 5s (custom)
2019-09-26 10:42:05,709 [pool-177-thread-1] INFO  server.RaftServerConfigKeys (ConfUtils.java:logGet(43)) - raft.server.rpc.timeout.max = 5200ms (custom)
2019-09-26 10:42:05,709 [pool-177-thread-1] INFO  server.RaftServerConfigKeys (ConfUtils.java:logGet(43)) - raft.server.rpcslowness.timeout = 120s (custom)
2019-09-26 10:42:05,709 [pool-177-thread-1] INFO  server.RaftServerConfigKeys (ConfUtils.java:logGet(43)) - raft.server.sleep.deviation.threshold = 300 (default)
2019-09-26 10:42:05,709 [pool-177-thread-1] INFO  server.RaftServerConfigKeys (ConfUtils.java:logGet(43)) - raft.server.log.appender.install.snapshot.enabled = false (custom)
2019-09-26 10:42:05,709 [pool-177-thread-1] INFO  impl.RaftServerImpl (ServerState.java:<init>(103)) - b91e650f-93ae-4c6b-a097-1df9422d1ecf@group-472269296607: ConfigurationManager, init=-1: [b91e650f-93ae-4c6b-a097-1df9422d1ecf:192.168.30.13:41744], old=null, confs=<EMPTY_MAP>
2019-09-26 10:42:05,710 [pool-177-thread-1] INFO  server.RaftServerConfigKeys (ConfUtils.java:logGet(43)) - raft.server.storage.dir = [/workdir/hadoop-ozone/integration-test/target/test-dir/MiniOzoneClusterImpl-f06aceca-1220-4709-852b-f97b29892126/datanode-0/data/ratis] (custom)
2019-09-26 10:42:05,710 [pool-177-thread-1] INFO  storage.RaftStorageDirectory (RaftStorageDirectory.java:analyzeStorage(246)) - The storage directory /workdir/hadoop-ozone/integration-test/target/test-dir/MiniOzoneClusterImpl-f06aceca-1220-4709-852b-f97b29892126/datanode-0/data/ratis/d50c9eb9-ae6e-40ee-a585-472269296607 does not exist. Creating ...
2019-09-26 10:42:05,723 [pool-177-thread-1] INFO  storage.RaftStorageDirectory (RaftStorageDirectory.java:tryLock(328)) - Lock on /workdir/hadoop-ozone/integration-test/target/test-dir/MiniOzoneClusterImpl-f06aceca-1220-4709-852b-f97b29892126/datanode-0/data/ratis/d50c9eb9-ae6e-40ee-a585-472269296607/in_use.lock acquired by nodename 10232@pr-hdds-1569-wvzgm-824869521
2019-09-26 10:42:05,736 [pool-177-thread-1] INFO  storage.RaftStorage (RaftStorage.java:format(72)) - Storage directory /workdir/hadoop-ozone/integration-test/target/test-dir/MiniOzoneClusterImpl-f06aceca-1220-4709-852b-f97b29892126/datanode-0/data/ratis/d50c9eb9-ae6e-40ee-a585-472269296607 has been successfully formatted.
2019-09-26 10:42:05,736 [pool-177-thread-1] INFO  ratis.ContainerStateMachine (ContainerStateMachine.java:loadSnapshot(230)) - group-472269296607: The snapshot info is null. Setting the last applied indexto:(t:0, i:~)
2019-09-26 10:42:05,736 [pool-177-thread-1] INFO  server.RaftServerConfigKeys (ConfUtils.java:logGet(43)) - raft.server.notification.no-leader.timeout = 120s (custom)
2019-09-26 10:42:05,737 [pool-177-thread-1] INFO  server.RaftServerConfigKeys (ConfUtils.java:logGet(43)) - raft.server.log.use.memory = false (default)
2019-09-26 10:42:05,737 [pool-177-thread-1] INFO  server.RaftServerConfigKeys (ConfUtils.java:logGet(43)) - raft.server.log.purge.gap = 1000000 (custom)
2019-09-26 10:42:05,737 [pool-177-thread-1] INFO  server.RaftServerConfigKeys (ConfUtils.java:logGet(43)) - raft.server.log.appender.buffer.byte-limit = 33554432 (custom)
2019-09-26 10:42:05,737 [pool-177-thread-1] INFO  server.RaftServerConfigKeys (ConfUtils.java:logGet(43)) - raft.server.log.segment.size.max = 1048576 (custom)
2019-09-26 10:42:05,737 [pool-177-thread-1] INFO  server.RaftServerConfigKeys (ConfUtils.java:logGet(43)) - raft.server.log.segment.cache.num.max = 2 (custom)
2019-09-26 10:42:05,738 [pool-177-thread-1] INFO  segmented.SegmentedRaftLogWorker (SegmentedRaftLogWorker.java:<init>(172)) - new b91e650f-93ae-4c6b-a097-1df9422d1ecf@group-472269296607-SegmentedRaftLogWorker for RaftStorage:Storage Directory /workdir/hadoop-ozone/integration-test/target/test-dir/MiniOzoneClusterImpl-f06aceca-1220-4709-852b-f97b29892126/datanode-0/data/ratis/d50c9eb9-ae6e-40ee-a585-472269296607
2019-09-26 10:42:05,738 [pool-177-thread-1] INFO  server.RaftServerConfigKeys (ConfUtils.java:logGet(43)) - raft.server.log.queue.byte-limit = 2147483647 (custom)
2019-09-26 10:42:05,738 [pool-177-thread-1] INFO  server.RaftServerConfigKeys (ConfUtils.java:logGet(43)) - raft.server.log.queue.element-limit = 1024 (custom)
2019-09-26 10:42:05,738 [pool-177-thread-1] INFO  server.RaftServerConfigKeys (ConfUtils.java:logGet(43)) - raft.server.log.segment.size.max = 1048576 (custom)
2019-09-26 10:42:05,738 [pool-177-thread-1] INFO  server.RaftServerConfigKeys (ConfUtils.java:logGet(43)) - raft.server.log.preallocated.size = 16384 (custom)
2019-09-26 10:42:05,738 [pool-177-thread-1] INFO  server.RaftServerConfigKeys (ConfUtils.java:logGet(43)) - raft.server.log.write.buffer.size = 33554432 (custom)
2019-09-26 10:42:05,739 [pool-177-thread-1] INFO  server.RaftServerConfigKeys (ConfUtils.java:logGet(43)) - raft.server.log.force.sync.num = 128 (default)
2019-09-26 10:42:05,739 [pool-177-thread-1] INFO  server.RaftServerConfigKeys (ConfUtils.java:logGet(43)) - raft.server.log.statemachine.data.sync = true (default)
2019-09-26 10:42:05,739 [pool-177-thread-1] INFO  server.RaftServerConfigKeys (ConfUtils.java:logGet(43)) - raft.server.log.statemachine.data.sync.timeout = 10s (default)
2019-09-26 10:42:05,739 [pool-177-thread-1] INFO  server.RaftServerConfigKeys (ConfUtils.java:logGet(43)) - raft.server.log.statemachine.data.sync.timeout.retry = -1 (default)
2019-09-26 10:42:05,739 [pool-177-thread-1] INFO  server.RaftServerConfigKeys (ConfUtils.java:logGet(43)) - raft.server.log.statemachine.data.caching.enabled = true (custom)
2019-09-26 10:42:05,740 [pool-177-thread-1] INFO  segmented.SegmentedRaftLogWorker (SegmentedRaftLogWorker.java:lambda$new$0(132)) - b91e650f-93ae-4c6b-a097-1df9422d1ecf@group-472269296607-SegmentedRaftLogWorker: flushIndex: setUnconditionally 0 -> -1
2019-09-26 10:42:05,740 [pool-177-thread-1] INFO  server.RaftServerConfigKeys (ConfUtils.java:logGet(43)) - raft.server.snapshot.auto.trigger.enabled = true (custom)
2019-09-26 10:42:05,740 [pool-177-thread-1] INFO  server.RaftServerConfigKeys (ConfUtils.java:logGet(43)) - raft.server.snapshot.auto.trigger.threshold = 10000 (custom)
2019-09-26 10:42:05,740 [pool-177-thread-1] INFO  server.RaftServerConfigKeys (ConfUtils.java:logGet(43)) - raft.server.snapshot.retention.num.files = 5 (custom)
2019-09-26 10:42:05,741 [pool-177-thread-1] INFO  server.RaftServerConfigKeys (ConfUtils.java:logGet(43)) - raft.server.retrycache.expirytime = 600000ms (custom)
2019-09-26 10:42:05,743 [pool-177-thread-1] INFO  impl.RaftServerImpl (RaftServerImpl.java:start(185)) - b91e650f-93ae-4c6b-a097-1df9422d1ecf@group-472269296607: start as a follower, conf=-1: [b91e650f-93ae-4c6b-a097-1df9422d1ecf:192.168.30.13:41744], old=null
2019-09-26 10:42:05,743 [pool-177-thread-1] INFO  impl.RaftServerImpl (RaftServerImpl.java:setRole(174)) - b91e650f-93ae-4c6b-a097-1df9422d1ecf@group-472269296607: changes role from      null to FOLLOWER at term 0 for startAsFollower
2019-09-26 10:42:05,743 [pool-177-thread-1] INFO  impl.RoleInfo (RoleInfo.java:updateAndGet(143)) - b91e650f-93ae-4c6b-a097-1df9422d1ecf: start FollowerState
2019-09-26 10:42:05,744 [pool-177-thread-1] INFO  util.JmxRegister (JmxRegister.java:tryRegister(44)) - Successfully registered JMX Bean with object name Ratis:service=RaftServer,group=group-472269296607,id=b91e650f-93ae-4c6b-a097-1df9422d1ecf
2019-09-26 10:42:05,747 [RatisPipelineUtilsThread] INFO  pipeline.PipelineStateManager (PipelineStateManager.java:addPipeline(56)) - Created pipeline Pipeline[ Id: d50c9eb9-ae6e-40ee-a585-472269296607, Nodes: b91e650f-93ae-4c6b-a097-1df9422d1ecf{ip: 192.168.30.13, host: pr-hdds-1569-wvzgm-824869521, networkLocation: /default-rack, certSerialId: null}, Type:RATIS, Factor:ONE, State:OPEN]
2019-09-26 10:42:05,752 [grpc-default-executor-0] INFO  impl.RaftServerProxy (RaftServerProxy.java:addNew(89)) - b91e650f-93ae-4c6b-a097-1df9422d1ecf: addNew group-4BFA5FD0D817:[b91e650f-93ae-4c6b-a097-1df9422d1ecf:192.168.30.13:41744] returns group-4BFA5FD0D817:java.util.concurrent.CompletableFuture@68726fd4[Not completed]
2019-09-26 10:42:05,754 [main] INFO  ozone.MiniOzoneClusterImpl (MiniOzoneClusterImpl.java:lambda$waitForClusterToBeReady$0(147)) - Waiting for cluster to be ready. Got 2 of 3 DN Heartbeats.
2019-09-26 10:42:05,755 [pool-177-thread-1] INFO  impl.RaftServerImpl (RaftServerImpl.java:<init>(95)) - b91e650f-93ae-4c6b-a097-1df9422d1ecf: new RaftServerImpl for group-4BFA5FD0D817:[b91e650f-93ae-4c6b-a097-1df9422d1ecf:192.168.30.13:41744] with ContainerStateMachine:uninitialized
2019-09-26 10:42:05,755 [pool-177-thread-1] INFO  server.RaftServerConfigKeys (ConfUtils.java:logGet(43)) - raft.server.rpc.timeout.min = 5s (custom)
2019-09-26 10:42:05,755 [pool-177-thread-1] INFO  server.RaftServerConfigKeys (ConfUtils.java:logGet(43)) - raft.server.rpc.timeout.max = 5200ms (custom)
2019-09-26 10:42:05,757 [pool-177-thread-1] INFO  server.RaftServerConfigKeys (ConfUtils.java:logGet(43)) - raft.server.rpcslowness.timeout = 120s (custom)
2019-09-26 10:42:05,757 [pool-177-thread-1] INFO  server.RaftServerConfigKeys (ConfUtils.java:logGet(43)) - raft.server.sleep.deviation.threshold = 300 (default)
2019-09-26 10:42:05,757 [pool-177-thread-1] INFO  server.RaftServerConfigKeys (ConfUtils.java:logGet(43)) - raft.server.log.appender.install.snapshot.enabled = false (custom)
2019-09-26 10:42:05,757 [pool-177-thread-1] INFO  impl.RaftServerImpl (ServerState.java:<init>(103)) - b91e650f-93ae-4c6b-a097-1df9422d1ecf@group-4BFA5FD0D817: ConfigurationManager, init=-1: [b91e650f-93ae-4c6b-a097-1df9422d1ecf:192.168.30.13:41744], old=null, confs=<EMPTY_MAP>
2019-09-26 10:42:05,757 [pool-177-thread-1] INFO  server.RaftServerConfigKeys (ConfUtils.java:logGet(43)) - raft.server.storage.dir = [/workdir/hadoop-ozone/integration-test/target/test-dir/MiniOzoneClusterImpl-f06aceca-1220-4709-852b-f97b29892126/datanode-0/data/ratis] (custom)
2019-09-26 10:42:05,758 [IPC Server handler 2 on 35340] INFO  net.NetworkTopology (NetworkTopologyImpl.java:add(111)) - Added a new node: /default-rack/a68ea93d-94dd-4f22-bee3-ae449a597286
2019-09-26 10:42:05,758 [pool-177-thread-1] INFO  storage.RaftStorageDirectory (RaftStorageDirectory.java:analyzeStorage(246)) - The storage directory /workdir/hadoop-ozone/integration-test/target/test-dir/MiniOzoneClusterImpl-f06aceca-1220-4709-852b-f97b29892126/datanode-0/data/ratis/827913cc-2c62-4081-8c19-4bfa5fd0d817 does not exist. Creating ...
2019-09-26 10:42:05,758 [IPC Server handler 2 on 35340] INFO  node.SCMNodeManager (SCMNodeManager.java:register(266)) - Registered Data node : a68ea93d-94dd-4f22-bee3-ae449a597286{ip: 192.168.30.13, host: pr-hdds-1569-wvzgm-824869521, networkLocation: /default-rack, certSerialId: null}
2019-09-26 10:42:05,761 [pool-177-thread-1] INFO  storage.RaftStorageDirectory (RaftStorageDirectory.java:tryLock(328)) - Lock on /workdir/hadoop-ozone/integration-test/target/test-dir/MiniOzoneClusterImpl-f06aceca-1220-4709-852b-f97b29892126/datanode-0/data/ratis/827913cc-2c62-4081-8c19-4bfa5fd0d817/in_use.lock acquired by nodename 10232@pr-hdds-1569-wvzgm-824869521
2019-09-26 10:42:05,764 [pool-177-thread-1] INFO  storage.RaftStorage (RaftStorage.java:format(72)) - Storage directory /workdir/hadoop-ozone/integration-test/target/test-dir/MiniOzoneClusterImpl-f06aceca-1220-4709-852b-f97b29892126/datanode-0/data/ratis/827913cc-2c62-4081-8c19-4bfa5fd0d817 has been successfully formatted.
2019-09-26 10:42:05,765 [pool-177-thread-1] INFO  ratis.ContainerStateMachine (ContainerStateMachine.java:loadSnapshot(230)) - group-4BFA5FD0D817: The snapshot info is null. Setting the last applied indexto:(t:0, i:~)
2019-09-26 10:42:05,765 [pool-177-thread-1] INFO  server.RaftServerConfigKeys (ConfUtils.java:logGet(43)) - raft.server.notification.no-leader.timeout = 120s (custom)
2019-09-26 10:42:05,765 [pool-177-thread-1] INFO  server.RaftServerConfigKeys (ConfUtils.java:logGet(43)) - raft.server.log.use.memory = false (default)
2019-09-26 10:42:05,765 [pool-177-thread-1] INFO  server.RaftServerConfigKeys (ConfUtils.java:logGet(43)) - raft.server.log.purge.gap = 1000000 (custom)
2019-09-26 10:42:05,765 [pool-177-thread-1] INFO  server.RaftServerConfigKeys (ConfUtils.java:logGet(43)) - raft.server.log.appender.buffer.byte-limit = 33554432 (custom)
2019-09-26 10:42:05,765 [pool-177-thread-1] INFO  server.RaftServerConfigKeys (ConfUtils.java:logGet(43)) - raft.server.log.segment.size.max = 1048576 (custom)
2019-09-26 10:42:05,766 [pool-177-thread-1] INFO  server.RaftServerConfigKeys (ConfUtils.java:logGet(43)) - raft.server.log.segment.cache.num.max = 2 (custom)
2019-09-26 10:42:05,766 [pool-177-thread-1] INFO  segmented.SegmentedRaftLogWorker (SegmentedRaftLogWorker.java:<init>(172)) - new b91e650f-93ae-4c6b-a097-1df9422d1ecf@group-4BFA5FD0D817-SegmentedRaftLogWorker for RaftStorage:Storage Directory /workdir/hadoop-ozone/integration-test/target/test-dir/MiniOzoneClusterImpl-f06aceca-1220-4709-852b-f97b29892126/datanode-0/data/ratis/827913cc-2c62-4081-8c19-4bfa5fd0d817
2019-09-26 10:42:05,766 [pool-177-thread-1] INFO  server.RaftServerConfigKeys (ConfUtils.java:logGet(43)) - raft.server.log.queue.byte-limit = 2147483647 (custom)
2019-09-26 10:42:05,766 [pool-177-thread-1] INFO  server.RaftServerConfigKeys (ConfUtils.java:logGet(43)) - raft.server.log.queue.element-limit = 1024 (custom)
2019-09-26 10:42:05,766 [pool-177-thread-1] INFO  server.RaftServerConfigKeys (ConfUtils.java:logGet(43)) - raft.server.log.segment.size.max = 1048576 (custom)
2019-09-26 10:42:05,766 [pool-177-thread-1] INFO  server.RaftServerConfigKeys (ConfUtils.java:logGet(43)) - raft.server.log.preallocated.size = 16384 (custom)
2019-09-26 10:42:05,766 [pool-177-thread-1] INFO  server.RaftServerConfigKeys (ConfUtils.java:logGet(43)) - raft.server.log.write.buffer.size = 33554432 (custom)
2019-09-26 10:42:05,767 [pool-177-thread-1] INFO  server.RaftServerConfigKeys (ConfUtils.java:logGet(43)) - raft.server.log.force.sync.num = 128 (default)
2019-09-26 10:42:05,767 [pool-177-thread-1] INFO  server.RaftServerConfigKeys (ConfUtils.java:logGet(43)) - raft.server.log.statemachine.data.sync = true (default)
2019-09-26 10:42:05,767 [pool-177-thread-1] INFO  server.RaftServerConfigKeys (ConfUtils.java:logGet(43)) - raft.server.log.statemachine.data.sync.timeout = 10s (default)
2019-09-26 10:42:05,767 [pool-177-thread-1] INFO  server.RaftServerConfigKeys (ConfUtils.java:logGet(43)) - raft.server.log.statemachine.data.sync.timeout.retry = -1 (default)
2019-09-26 10:42:05,767 [pool-177-thread-1] INFO  server.RaftServerConfigKeys (ConfUtils.java:logGet(43)) - raft.server.log.statemachine.data.caching.enabled = true (custom)
2019-09-26 10:42:05,768 [pool-177-thread-1] INFO  segmented.SegmentedRaftLogWorker (SegmentedRaftLogWorker.java:lambda$new$0(132)) - b91e650f-93ae-4c6b-a097-1df9422d1ecf@group-4BFA5FD0D817-SegmentedRaftLogWorker: flushIndex: setUnconditionally 0 -> -1
2019-09-26 10:42:05,768 [pool-177-thread-1] INFO  server.RaftServerConfigKeys (ConfUtils.java:logGet(43)) - raft.server.snapshot.auto.trigger.enabled = true (custom)
2019-09-26 10:42:05,768 [pool-177-thread-1] INFO  server.RaftServerConfigKeys (ConfUtils.java:logGet(43)) - raft.server.snapshot.auto.trigger.threshold = 10000 (custom)
2019-09-26 10:42:05,768 [pool-177-thread-1] INFO  server.RaftServerConfigKeys (ConfUtils.java:logGet(43)) - raft.server.snapshot.retention.num.files = 5 (custom)
2019-09-26 10:42:05,768 [pool-177-thread-1] INFO  server.RaftServerConfigKeys (ConfUtils.java:logGet(43)) - raft.server.retrycache.expirytime = 600000ms (custom)
2019-09-26 10:42:05,770 [pool-177-thread-1] INFO  impl.RaftServerImpl (RaftServerImpl.java:start(185)) - b91e650f-93ae-4c6b-a097-1df9422d1ecf@group-4BFA5FD0D817: start as a follower, conf=-1: [b91e650f-93ae-4c6b-a097-1df9422d1ecf:192.168.30.13:41744], old=null
2019-09-26 10:42:05,771 [pool-177-thread-1] INFO  impl.RaftServerImpl (RaftServerImpl.java:setRole(174)) - b91e650f-93ae-4c6b-a097-1df9422d1ecf@group-4BFA5FD0D817: changes role from      null to FOLLOWER at term 0 for startAsFollower
2019-09-26 10:42:05,771 [pool-177-thread-1] INFO  impl.RoleInfo (RoleInfo.java:updateAndGet(143)) - b91e650f-93ae-4c6b-a097-1df9422d1ecf: start FollowerState
2019-09-26 10:42:05,771 [pool-177-thread-1] INFO  util.JmxRegister (JmxRegister.java:tryRegister(44)) - Successfully registered JMX Bean with object name Ratis:service=RaftServer,group=group-4BFA5FD0D817,id=b91e650f-93ae-4c6b-a097-1df9422d1ecf
2019-09-26 10:42:05,774 [RatisPipelineUtilsThread] INFO  pipeline.PipelineStateManager (PipelineStateManager.java:addPipeline(56)) - Created pipeline Pipeline[ Id: 827913cc-2c62-4081-8c19-4bfa5fd0d817, Nodes: b91e650f-93ae-4c6b-a097-1df9422d1ecf{ip: 192.168.30.13, host: pr-hdds-1569-wvzgm-824869521, networkLocation: /default-rack, certSerialId: null}, Type:RATIS, Factor:ONE, State:OPEN]
2019-09-26 10:42:05,780 [grpc-default-executor-0] INFO  impl.RaftServerProxy (RaftServerProxy.java:addNew(89)) - b91e650f-93ae-4c6b-a097-1df9422d1ecf: addNew group-947A56972E58:[b91e650f-93ae-4c6b-a097-1df9422d1ecf:192.168.30.13:41744] returns group-947A56972E58:java.util.concurrent.CompletableFuture@707b6967[Not completed]
2019-09-26 10:42:05,781 [pool-177-thread-1] INFO  impl.RaftServerImpl (RaftServerImpl.java:<init>(95)) - b91e650f-93ae-4c6b-a097-1df9422d1ecf: new RaftServerImpl for group-947A56972E58:[b91e650f-93ae-4c6b-a097-1df9422d1ecf:192.168.30.13:41744] with ContainerStateMachine:uninitialized
2019-09-26 10:42:05,781 [pool-177-thread-1] INFO  server.RaftServerConfigKeys (ConfUtils.java:logGet(43)) - raft.server.rpc.timeout.min = 5s (custom)
2019-09-26 10:42:05,781 [pool-177-thread-1] INFO  server.RaftServerConfigKeys (ConfUtils.java:logGet(43)) - raft.server.rpc.timeout.max = 5200ms (custom)
2019-09-26 10:42:05,781 [pool-177-thread-1] INFO  server.RaftServerConfigKeys (ConfUtils.java:logGet(43)) - raft.server.rpcslowness.timeout = 120s (custom)
2019-09-26 10:42:05,781 [pool-177-thread-1] INFO  server.RaftServerConfigKeys (ConfUtils.java:logGet(43)) - raft.server.sleep.deviation.threshold = 300 (default)
2019-09-26 10:42:05,781 [pool-177-thread-1] INFO  server.RaftServerConfigKeys (ConfUtils.java:logGet(43)) - raft.server.log.appender.install.snapshot.enabled = false (custom)
2019-09-26 10:42:05,782 [pool-177-thread-1] INFO  impl.RaftServerImpl (ServerState.java:<init>(103)) - b91e650f-93ae-4c6b-a097-1df9422d1ecf@group-947A56972E58: ConfigurationManager, init=-1: [b91e650f-93ae-4c6b-a097-1df9422d1ecf:192.168.30.13:41744], old=null, confs=<EMPTY_MAP>
2019-09-26 10:42:05,782 [pool-177-thread-1] INFO  server.RaftServerConfigKeys (ConfUtils.java:logGet(43)) - raft.server.storage.dir = [/workdir/hadoop-ozone/integration-test/target/test-dir/MiniOzoneClusterImpl-f06aceca-1220-4709-852b-f97b29892126/datanode-0/data/ratis] (custom)
2019-09-26 10:42:05,782 [pool-177-thread-1] INFO  storage.RaftStorageDirectory (RaftStorageDirectory.java:analyzeStorage(246)) - The storage directory /workdir/hadoop-ozone/integration-test/target/test-dir/MiniOzoneClusterImpl-f06aceca-1220-4709-852b-f97b29892126/datanode-0/data/ratis/76c761ca-8dcb-4fcd-94d5-947a56972e58 does not exist. Creating ...
2019-09-26 10:42:05,794 [pool-177-thread-1] INFO  storage.RaftStorageDirectory (RaftStorageDirectory.java:tryLock(328)) - Lock on /workdir/hadoop-ozone/integration-test/target/test-dir/MiniOzoneClusterImpl-f06aceca-1220-4709-852b-f97b29892126/datanode-0/data/ratis/76c761ca-8dcb-4fcd-94d5-947a56972e58/in_use.lock acquired by nodename 10232@pr-hdds-1569-wvzgm-824869521
2019-09-26 10:42:05,797 [pool-177-thread-1] INFO  storage.RaftStorage (RaftStorage.java:format(72)) - Storage directory /workdir/hadoop-ozone/integration-test/target/test-dir/MiniOzoneClusterImpl-f06aceca-1220-4709-852b-f97b29892126/datanode-0/data/ratis/76c761ca-8dcb-4fcd-94d5-947a56972e58 has been successfully formatted.
2019-09-26 10:42:05,798 [pool-177-thread-1] INFO  ratis.ContainerStateMachine (ContainerStateMachine.java:loadSnapshot(230)) - group-947A56972E58: The snapshot info is null. Setting the last applied indexto:(t:0, i:~)
2019-09-26 10:42:05,798 [pool-177-thread-1] INFO  server.RaftServerConfigKeys (ConfUtils.java:logGet(43)) - raft.server.notification.no-leader.timeout = 120s (custom)
2019-09-26 10:42:05,798 [pool-177-thread-1] INFO  server.RaftServerConfigKeys (ConfUtils.java:logGet(43)) - raft.server.log.use.memory = false (default)
2019-09-26 10:42:05,798 [pool-177-thread-1] INFO  server.RaftServerConfigKeys (ConfUtils.java:logGet(43)) - raft.server.log.purge.gap = 1000000 (custom)
2019-09-26 10:42:05,798 [pool-177-thread-1] INFO  server.RaftServerConfigKeys (ConfUtils.java:logGet(43)) - raft.server.log.appender.buffer.byte-limit = 33554432 (custom)
2019-09-26 10:42:05,798 [pool-177-thread-1] INFO  server.RaftServerConfigKeys (ConfUtils.java:logGet(43)) - raft.server.log.segment.size.max = 1048576 (custom)
2019-09-26 10:42:05,799 [pool-177-thread-1] INFO  server.RaftServerConfigKeys (ConfUtils.java:logGet(43)) - raft.server.log.segment.cache.num.max = 2 (custom)
2019-09-26 10:42:05,799 [pool-177-thread-1] INFO  segmented.SegmentedRaftLogWorker (SegmentedRaftLogWorker.java:<init>(172)) - new b91e650f-93ae-4c6b-a097-1df9422d1ecf@group-947A56972E58-SegmentedRaftLogWorker for RaftStorage:Storage Directory /workdir/hadoop-ozone/integration-test/target/test-dir/MiniOzoneClusterImpl-f06aceca-1220-4709-852b-f97b29892126/datanode-0/data/ratis/76c761ca-8dcb-4fcd-94d5-947a56972e58
2019-09-26 10:42:05,799 [pool-177-thread-1] INFO  server.RaftServerConfigKeys (ConfUtils.java:logGet(43)) - raft.server.log.queue.byte-limit = 2147483647 (custom)
2019-09-26 10:42:05,799 [pool-177-thread-1] INFO  server.RaftServerConfigKeys (ConfUtils.java:logGet(43)) - raft.server.log.queue.element-limit = 1024 (custom)
2019-09-26 10:42:05,799 [pool-177-thread-1] INFO  server.RaftServerConfigKeys (ConfUtils.java:logGet(43)) - raft.server.log.segment.size.max = 1048576 (custom)
2019-09-26 10:42:05,799 [pool-177-thread-1] INFO  server.RaftServerConfigKeys (ConfUtils.java:logGet(43)) - raft.server.log.preallocated.size = 16384 (custom)
2019-09-26 10:42:05,799 [pool-177-thread-1] INFO  server.RaftServerConfigKeys (ConfUtils.java:logGet(43)) - raft.server.log.write.buffer.size = 33554432 (custom)
2019-09-26 10:42:05,800 [pool-177-thread-1] INFO  server.RaftServerConfigKeys (ConfUtils.java:logGet(43)) - raft.server.log.force.sync.num = 128 (default)
2019-09-26 10:42:05,800 [pool-177-thread-1] INFO  server.RaftServerConfigKeys (ConfUtils.java:logGet(43)) - raft.server.log.statemachine.data.sync = true (default)
2019-09-26 10:42:05,800 [pool-177-thread-1] INFO  server.RaftServerConfigKeys (ConfUtils.java:logGet(43)) - raft.server.log.statemachine.data.sync.timeout = 10s (default)
2019-09-26 10:42:05,800 [pool-177-thread-1] INFO  server.RaftServerConfigKeys (ConfUtils.java:logGet(43)) - raft.server.log.statemachine.data.sync.timeout.retry = -1 (default)
2019-09-26 10:42:05,800 [pool-177-thread-1] INFO  server.RaftServerConfigKeys (ConfUtils.java:logGet(43)) - raft.server.log.statemachine.data.caching.enabled = true (custom)
2019-09-26 10:42:05,800 [pool-177-thread-1] INFO  segmented.SegmentedRaftLogWorker (SegmentedRaftLogWorker.java:lambda$new$0(132)) - b91e650f-93ae-4c6b-a097-1df9422d1ecf@group-947A56972E58-SegmentedRaftLogWorker: flushIndex: setUnconditionally 0 -> -1
2019-09-26 10:42:05,801 [pool-177-thread-1] INFO  server.RaftServerConfigKeys (ConfUtils.java:logGet(43)) - raft.server.snapshot.auto.trigger.enabled = true (custom)
2019-09-26 10:42:05,801 [pool-177-thread-1] INFO  server.RaftServerConfigKeys (ConfUtils.java:logGet(43)) - raft.server.snapshot.auto.trigger.threshold = 10000 (custom)
2019-09-26 10:42:05,801 [pool-177-thread-1] INFO  server.RaftServerConfigKeys (ConfUtils.java:logGet(43)) - raft.server.snapshot.retention.num.files = 5 (custom)
2019-09-26 10:42:05,801 [pool-177-thread-1] INFO  server.RaftServerConfigKeys (ConfUtils.java:logGet(43)) - raft.server.retrycache.expirytime = 600000ms (custom)
2019-09-26 10:42:05,803 [pool-177-thread-1] INFO  impl.RaftServerImpl (RaftServerImpl.java:start(185)) - b91e650f-93ae-4c6b-a097-1df9422d1ecf@group-947A56972E58: start as a follower, conf=-1: [b91e650f-93ae-4c6b-a097-1df9422d1ecf:192.168.30.13:41744], old=null
2019-09-26 10:42:05,803 [pool-177-thread-1] INFO  impl.RaftServerImpl (RaftServerImpl.java:setRole(174)) - b91e650f-93ae-4c6b-a097-1df9422d1ecf@group-947A56972E58: changes role from      null to FOLLOWER at term 0 for startAsFollower
2019-09-26 10:42:05,803 [pool-177-thread-1] INFO  impl.RoleInfo (RoleInfo.java:updateAndGet(143)) - b91e650f-93ae-4c6b-a097-1df9422d1ecf: start FollowerState
2019-09-26 10:42:05,804 [pool-177-thread-1] INFO  util.JmxRegister (JmxRegister.java:tryRegister(44)) - Successfully registered JMX Bean with object name Ratis:service=RaftServer,group=group-947A56972E58,id=b91e650f-93ae-4c6b-a097-1df9422d1ecf
2019-09-26 10:42:05,806 [RatisPipelineUtilsThread] INFO  pipeline.PipelineStateManager (PipelineStateManager.java:addPipeline(56)) - Created pipeline Pipeline[ Id: 76c761ca-8dcb-4fcd-94d5-947a56972e58, Nodes: b91e650f-93ae-4c6b-a097-1df9422d1ecf{ip: 192.168.30.13, host: pr-hdds-1569-wvzgm-824869521, networkLocation: /default-rack, certSerialId: null}, Type:RATIS, Factor:ONE, State:OPEN]
2019-09-26 10:42:05,812 [grpc-default-executor-0] INFO  impl.RaftServerProxy (RaftServerProxy.java:addNew(89)) - b91e650f-93ae-4c6b-a097-1df9422d1ecf: addNew group-D6A7A9721DA2:[b91e650f-93ae-4c6b-a097-1df9422d1ecf:192.168.30.13:41744] returns group-D6A7A9721DA2:java.util.concurrent.CompletableFuture@ca471b4[Not completed]
2019-09-26 10:42:05,813 [pool-177-thread-1] INFO  impl.RaftServerImpl (RaftServerImpl.java:<init>(95)) - b91e650f-93ae-4c6b-a097-1df9422d1ecf: new RaftServerImpl for group-D6A7A9721DA2:[b91e650f-93ae-4c6b-a097-1df9422d1ecf:192.168.30.13:41744] with ContainerStateMachine:uninitialized
2019-09-26 10:42:05,813 [pool-177-thread-1] INFO  server.RaftServerConfigKeys (ConfUtils.java:logGet(43)) - raft.server.rpc.timeout.min = 5s (custom)
2019-09-26 10:42:05,813 [pool-177-thread-1] INFO  server.RaftServerConfigKeys (ConfUtils.java:logGet(43)) - raft.server.rpc.timeout.max = 5200ms (custom)
2019-09-26 10:42:05,813 [pool-177-thread-1] INFO  server.RaftServerConfigKeys (ConfUtils.java:logGet(43)) - raft.server.rpcslowness.timeout = 120s (custom)
2019-09-26 10:42:05,813 [pool-177-thread-1] INFO  server.RaftServerConfigKeys (ConfUtils.java:logGet(43)) - raft.server.sleep.deviation.threshold = 300 (default)
2019-09-26 10:42:05,813 [pool-177-thread-1] INFO  server.RaftServerConfigKeys (ConfUtils.java:logGet(43)) - raft.server.log.appender.install.snapshot.enabled = false (custom)
2019-09-26 10:42:05,814 [pool-177-thread-1] INFO  impl.RaftServerImpl (ServerState.java:<init>(103)) - b91e650f-93ae-4c6b-a097-1df9422d1ecf@group-D6A7A9721DA2: ConfigurationManager, init=-1: [b91e650f-93ae-4c6b-a097-1df9422d1ecf:192.168.30.13:41744], old=null, confs=<EMPTY_MAP>
2019-09-26 10:42:05,814 [pool-177-thread-1] INFO  server.RaftServerConfigKeys (ConfUtils.java:logGet(43)) - raft.server.storage.dir = [/workdir/hadoop-ozone/integration-test/target/test-dir/MiniOzoneClusterImpl-f06aceca-1220-4709-852b-f97b29892126/datanode-0/data/ratis] (custom)
2019-09-26 10:42:05,814 [pool-177-thread-1] INFO  storage.RaftStorageDirectory (RaftStorageDirectory.java:analyzeStorage(246)) - The storage directory /workdir/hadoop-ozone/integration-test/target/test-dir/MiniOzoneClusterImpl-f06aceca-1220-4709-852b-f97b29892126/datanode-0/data/ratis/9f2849d4-2892-4b1d-b3e7-d6a7a9721da2 does not exist. Creating ...
2019-09-26 10:42:05,817 [pool-177-thread-1] INFO  storage.RaftStorageDirectory (RaftStorageDirectory.java:tryLock(328)) - Lock on /workdir/hadoop-ozone/integration-test/target/test-dir/MiniOzoneClusterImpl-f06aceca-1220-4709-852b-f97b29892126/datanode-0/data/ratis/9f2849d4-2892-4b1d-b3e7-d6a7a9721da2/in_use.lock acquired by nodename 10232@pr-hdds-1569-wvzgm-824869521
2019-09-26 10:42:05,820 [pool-177-thread-1] INFO  storage.RaftStorage (RaftStorage.java:format(72)) - Storage directory /workdir/hadoop-ozone/integration-test/target/test-dir/MiniOzoneClusterImpl-f06aceca-1220-4709-852b-f97b29892126/datanode-0/data/ratis/9f2849d4-2892-4b1d-b3e7-d6a7a9721da2 has been successfully formatted.
2019-09-26 10:42:05,821 [pool-177-thread-1] INFO  ratis.ContainerStateMachine (ContainerStateMachine.java:loadSnapshot(230)) - group-D6A7A9721DA2: The snapshot info is null. Setting the last applied indexto:(t:0, i:~)
2019-09-26 10:42:05,821 [pool-177-thread-1] INFO  server.RaftServerConfigKeys (ConfUtils.java:logGet(43)) - raft.server.notification.no-leader.timeout = 120s (custom)
2019-09-26 10:42:05,821 [pool-177-thread-1] INFO  server.RaftServerConfigKeys (ConfUtils.java:logGet(43)) - raft.server.log.use.memory = false (default)
2019-09-26 10:42:05,821 [pool-177-thread-1] INFO  server.RaftServerConfigKeys (ConfUtils.java:logGet(43)) - raft.server.log.purge.gap = 1000000 (custom)
2019-09-26 10:42:05,821 [pool-177-thread-1] INFO  server.RaftServerConfigKeys (ConfUtils.java:logGet(43)) - raft.server.log.appender.buffer.byte-limit = 33554432 (custom)
2019-09-26 10:42:05,821 [pool-177-thread-1] INFO  server.RaftServerConfigKeys (ConfUtils.java:logGet(43)) - raft.server.log.segment.size.max = 1048576 (custom)
2019-09-26 10:42:05,821 [pool-177-thread-1] INFO  server.RaftServerConfigKeys (ConfUtils.java:logGet(43)) - raft.server.log.segment.cache.num.max = 2 (custom)
2019-09-26 10:42:05,822 [pool-177-thread-1] INFO  segmented.SegmentedRaftLogWorker (SegmentedRaftLogWorker.java:<init>(172)) - new b91e650f-93ae-4c6b-a097-1df9422d1ecf@group-D6A7A9721DA2-SegmentedRaftLogWorker for RaftStorage:Storage Directory /workdir/hadoop-ozone/integration-test/target/test-dir/MiniOzoneClusterImpl-f06aceca-1220-4709-852b-f97b29892126/datanode-0/data/ratis/9f2849d4-2892-4b1d-b3e7-d6a7a9721da2
2019-09-26 10:42:05,822 [pool-177-thread-1] INFO  server.RaftServerConfigKeys (ConfUtils.java:logGet(43)) - raft.server.log.queue.byte-limit = 2147483647 (custom)
2019-09-26 10:42:05,822 [pool-177-thread-1] INFO  server.RaftServerConfigKeys (ConfUtils.java:logGet(43)) - raft.server.log.queue.element-limit = 1024 (custom)
2019-09-26 10:42:05,822 [pool-177-thread-1] INFO  server.RaftServerConfigKeys (ConfUtils.java:logGet(43)) - raft.server.log.segment.size.max = 1048576 (custom)
2019-09-26 10:42:05,822 [pool-177-thread-1] INFO  server.RaftServerConfigKeys (ConfUtils.java:logGet(43)) - raft.server.log.preallocated.size = 16384 (custom)
2019-09-26 10:42:05,822 [pool-177-thread-1] INFO  server.RaftServerConfigKeys (ConfUtils.java:logGet(43)) - raft.server.log.write.buffer.size = 33554432 (custom)
2019-09-26 10:42:05,822 [pool-177-thread-1] INFO  server.RaftServerConfigKeys (ConfUtils.java:logGet(43)) - raft.server.log.force.sync.num = 128 (default)
2019-09-26 10:42:05,823 [pool-177-thread-1] INFO  server.RaftServerConfigKeys (ConfUtils.java:logGet(43)) - raft.server.log.statemachine.data.sync = true (default)
2019-09-26 10:42:05,823 [pool-177-thread-1] INFO  server.RaftServerConfigKeys (ConfUtils.java:logGet(43)) - raft.server.log.statemachine.data.sync.timeout = 10s (default)
2019-09-26 10:42:05,823 [pool-177-thread-1] INFO  server.RaftServerConfigKeys (ConfUtils.java:logGet(43)) - raft.server.log.statemachine.data.sync.timeout.retry = -1 (default)
2019-09-26 10:42:05,823 [pool-177-thread-1] INFO  server.RaftServerConfigKeys (ConfUtils.java:logGet(43)) - raft.server.log.statemachine.data.caching.enabled = true (custom)
2019-09-26 10:42:05,823 [pool-177-thread-1] INFO  segmented.SegmentedRaftLogWorker (SegmentedRaftLogWorker.java:lambda$new$0(132)) - b91e650f-93ae-4c6b-a097-1df9422d1ecf@group-D6A7A9721DA2-SegmentedRaftLogWorker: flushIndex: setUnconditionally 0 -> -1
2019-09-26 10:42:05,824 [pool-177-thread-1] INFO  server.RaftServerConfigKeys (ConfUtils.java:logGet(43)) - raft.server.snapshot.auto.trigger.enabled = true (custom)
2019-09-26 10:42:05,824 [pool-177-thread-1] INFO  server.RaftServerConfigKeys (ConfUtils.java:logGet(43)) - raft.server.snapshot.auto.trigger.threshold = 10000 (custom)
2019-09-26 10:42:05,824 [pool-177-thread-1] INFO  server.RaftServerConfigKeys (ConfUtils.java:logGet(43)) - raft.server.snapshot.retention.num.files = 5 (custom)
2019-09-26 10:42:05,824 [pool-177-thread-1] INFO  server.RaftServerConfigKeys (ConfUtils.java:logGet(43)) - raft.server.retrycache.expirytime = 600000ms (custom)
2019-09-26 10:42:05,826 [pool-177-thread-1] INFO  impl.RaftServerImpl (RaftServerImpl.java:start(185)) - b91e650f-93ae-4c6b-a097-1df9422d1ecf@group-D6A7A9721DA2: start as a follower, conf=-1: [b91e650f-93ae-4c6b-a097-1df9422d1ecf:192.168.30.13:41744], old=null
2019-09-26 10:42:05,826 [pool-177-thread-1] INFO  impl.RaftServerImpl (RaftServerImpl.java:setRole(174)) - b91e650f-93ae-4c6b-a097-1df9422d1ecf@group-D6A7A9721DA2: changes role from      null to FOLLOWER at term 0 for startAsFollower
2019-09-26 10:42:05,826 [pool-177-thread-1] INFO  impl.RoleInfo (RoleInfo.java:updateAndGet(143)) - b91e650f-93ae-4c6b-a097-1df9422d1ecf: start FollowerState
2019-09-26 10:42:05,827 [pool-177-thread-1] INFO  util.JmxRegister (JmxRegister.java:tryRegister(44)) - Successfully registered JMX Bean with object name Ratis:service=RaftServer,group=group-D6A7A9721DA2,id=b91e650f-93ae-4c6b-a097-1df9422d1ecf
2019-09-26 10:42:05,830 [RatisPipelineUtilsThread] INFO  pipeline.PipelineStateManager (PipelineStateManager.java:addPipeline(56)) - Created pipeline Pipeline[ Id: 9f2849d4-2892-4b1d-b3e7-d6a7a9721da2, Nodes: b91e650f-93ae-4c6b-a097-1df9422d1ecf{ip: 192.168.30.13, host: pr-hdds-1569-wvzgm-824869521, networkLocation: /default-rack, certSerialId: null}, Type:RATIS, Factor:ONE, State:OPEN]
2019-09-26 10:42:05,830 [RatisPipelineUtilsThread] INFO  pipeline.PipelinePlacementPolicy (PipelinePlacementPolicy.java:meetCriteria(91)) - Pipeline Placement: can't place more pipeline on heavy datanode： b91e650f-93ae-4c6b-a097-1df9422d1ecf Heaviness: 6 limit: 5
2019-09-26 10:42:05,837 [grpc-default-executor-0] INFO  impl.RaftServerProxy (RaftServerProxy.java:addNew(89)) - 36aed9aa-ac88-4ede-96ce-810747967900: addNew group-5AD89329E748:[36aed9aa-ac88-4ede-96ce-810747967900:192.168.30.13:46636] returns group-5AD89329E748:java.util.concurrent.CompletableFuture@337c8865[Not completed]
2019-09-26 10:42:05,838 [pool-187-thread-1] INFO  impl.RaftServerImpl (RaftServerImpl.java:<init>(95)) - 36aed9aa-ac88-4ede-96ce-810747967900: new RaftServerImpl for group-5AD89329E748:[36aed9aa-ac88-4ede-96ce-810747967900:192.168.30.13:46636] with ContainerStateMachine:uninitialized
2019-09-26 10:42:05,838 [pool-187-thread-1] INFO  server.RaftServerConfigKeys (ConfUtils.java:logGet(43)) - raft.server.rpc.timeout.min = 5s (custom)
2019-09-26 10:42:05,839 [pool-187-thread-1] INFO  server.RaftServerConfigKeys (ConfUtils.java:logGet(43)) - raft.server.rpc.timeout.max = 5200ms (custom)
2019-09-26 10:42:05,839 [pool-187-thread-1] INFO  server.RaftServerConfigKeys (ConfUtils.java:logGet(43)) - raft.server.rpcslowness.timeout = 120s (custom)
2019-09-26 10:42:05,839 [pool-187-thread-1] INFO  server.RaftServerConfigKeys (ConfUtils.java:logGet(43)) - raft.server.sleep.deviation.threshold = 300 (default)
2019-09-26 10:42:05,839 [pool-187-thread-1] INFO  server.RaftServerConfigKeys (ConfUtils.java:logGet(43)) - raft.server.log.appender.install.snapshot.enabled = false (custom)
2019-09-26 10:42:05,839 [pool-187-thread-1] INFO  impl.RaftServerImpl (ServerState.java:<init>(103)) - 36aed9aa-ac88-4ede-96ce-810747967900@group-5AD89329E748: ConfigurationManager, init=-1: [36aed9aa-ac88-4ede-96ce-810747967900:192.168.30.13:46636], old=null, confs=<EMPTY_MAP>
2019-09-26 10:42:05,839 [pool-187-thread-1] INFO  server.RaftServerConfigKeys (ConfUtils.java:logGet(43)) - raft.server.storage.dir = [/workdir/hadoop-ozone/integration-test/target/test-dir/MiniOzoneClusterImpl-f06aceca-1220-4709-852b-f97b29892126/datanode-1/data/ratis] (custom)
2019-09-26 10:42:05,840 [pool-187-thread-1] INFO  storage.RaftStorageDirectory (RaftStorageDirectory.java:analyzeStorage(246)) - The storage directory /workdir/hadoop-ozone/integration-test/target/test-dir/MiniOzoneClusterImpl-f06aceca-1220-4709-852b-f97b29892126/datanode-1/data/ratis/28de654a-6fc4-47ba-8670-5ad89329e748 does not exist. Creating ...
2019-09-26 10:42:05,843 [pool-187-thread-1] INFO  storage.RaftStorageDirectory (RaftStorageDirectory.java:tryLock(328)) - Lock on /workdir/hadoop-ozone/integration-test/target/test-dir/MiniOzoneClusterImpl-f06aceca-1220-4709-852b-f97b29892126/datanode-1/data/ratis/28de654a-6fc4-47ba-8670-5ad89329e748/in_use.lock acquired by nodename 10232@pr-hdds-1569-wvzgm-824869521
2019-09-26 10:42:05,847 [pool-187-thread-1] INFO  storage.RaftStorage (RaftStorage.java:format(72)) - Storage directory /workdir/hadoop-ozone/integration-test/target/test-dir/MiniOzoneClusterImpl-f06aceca-1220-4709-852b-f97b29892126/datanode-1/data/ratis/28de654a-6fc4-47ba-8670-5ad89329e748 has been successfully formatted.
2019-09-26 10:42:05,847 [pool-187-thread-1] INFO  ratis.ContainerStateMachine (ContainerStateMachine.java:loadSnapshot(230)) - group-5AD89329E748: The snapshot info is null. Setting the last applied indexto:(t:0, i:~)
2019-09-26 10:42:05,848 [pool-187-thread-1] INFO  server.RaftServerConfigKeys (ConfUtils.java:logGet(43)) - raft.server.notification.no-leader.timeout = 120s (custom)
2019-09-26 10:42:05,848 [pool-187-thread-1] INFO  server.RaftServerConfigKeys (ConfUtils.java:logGet(43)) - raft.server.log.use.memory = false (default)
2019-09-26 10:42:05,848 [pool-187-thread-1] INFO  server.RaftServerConfigKeys (ConfUtils.java:logGet(43)) - raft.server.log.purge.gap = 1000000 (custom)
2019-09-26 10:42:05,848 [pool-187-thread-1] INFO  server.RaftServerConfigKeys (ConfUtils.java:logGet(43)) - raft.server.log.appender.buffer.byte-limit = 33554432 (custom)
2019-09-26 10:42:05,848 [pool-187-thread-1] INFO  server.RaftServerConfigKeys (ConfUtils.java:logGet(43)) - raft.server.log.segment.size.max = 1048576 (custom)
2019-09-26 10:42:05,848 [pool-187-thread-1] INFO  server.RaftServerConfigKeys (ConfUtils.java:logGet(43)) - raft.server.log.segment.cache.num.max = 2 (custom)
2019-09-26 10:42:05,848 [pool-187-thread-1] INFO  segmented.SegmentedRaftLogWorker (SegmentedRaftLogWorker.java:<init>(172)) - new 36aed9aa-ac88-4ede-96ce-810747967900@group-5AD89329E748-SegmentedRaftLogWorker for RaftStorage:Storage Directory /workdir/hadoop-ozone/integration-test/target/test-dir/MiniOzoneClusterImpl-f06aceca-1220-4709-852b-f97b29892126/datanode-1/data/ratis/28de654a-6fc4-47ba-8670-5ad89329e748
2019-09-26 10:42:05,850 [pool-187-thread-1] INFO  server.RaftServerConfigKeys (ConfUtils.java:logGet(43)) - raft.server.log.queue.byte-limit = 2147483647 (custom)
2019-09-26 10:42:05,850 [pool-187-thread-1] INFO  server.RaftServerConfigKeys (ConfUtils.java:logGet(43)) - raft.server.log.queue.element-limit = 1024 (custom)
2019-09-26 10:42:05,851 [pool-187-thread-1] INFO  server.RaftServerConfigKeys (ConfUtils.java:logGet(43)) - raft.server.log.segment.size.max = 1048576 (custom)
2019-09-26 10:42:05,851 [pool-187-thread-1] INFO  server.RaftServerConfigKeys (ConfUtils.java:logGet(43)) - raft.server.log.preallocated.size = 16384 (custom)
2019-09-26 10:42:05,851 [pool-187-thread-1] INFO  server.RaftServerConfigKeys (ConfUtils.java:logGet(43)) - raft.server.log.write.buffer.size = 33554432 (custom)
2019-09-26 10:42:05,851 [pool-187-thread-1] INFO  server.RaftServerConfigKeys (ConfUtils.java:logGet(43)) - raft.server.log.force.sync.num = 128 (default)
2019-09-26 10:42:05,851 [pool-187-thread-1] INFO  server.RaftServerConfigKeys (ConfUtils.java:logGet(43)) - raft.server.log.statemachine.data.sync = true (default)
2019-09-26 10:42:05,851 [pool-187-thread-1] INFO  server.RaftServerConfigKeys (ConfUtils.java:logGet(43)) - raft.server.log.statemachine.data.sync.timeout = 10s (default)
2019-09-26 10:42:05,852 [pool-187-thread-1] INFO  server.RaftServerConfigKeys (ConfUtils.java:logGet(43)) - raft.server.log.statemachine.data.sync.timeout.retry = -1 (default)
2019-09-26 10:42:05,852 [pool-187-thread-1] INFO  server.RaftServerConfigKeys (ConfUtils.java:logGet(43)) - raft.server.log.statemachine.data.caching.enabled = true (custom)
2019-09-26 10:42:05,852 [pool-187-thread-1] INFO  segmented.SegmentedRaftLogWorker (SegmentedRaftLogWorker.java:lambda$new$0(132)) - 36aed9aa-ac88-4ede-96ce-810747967900@group-5AD89329E748-SegmentedRaftLogWorker: flushIndex: setUnconditionally 0 -> -1
2019-09-26 10:42:05,852 [pool-187-thread-1] INFO  server.RaftServerConfigKeys (ConfUtils.java:logGet(43)) - raft.server.snapshot.auto.trigger.enabled = true (custom)
2019-09-26 10:42:05,853 [pool-187-thread-1] INFO  server.RaftServerConfigKeys (ConfUtils.java:logGet(43)) - raft.server.snapshot.auto.trigger.threshold = 10000 (custom)
2019-09-26 10:42:05,853 [pool-187-thread-1] INFO  server.RaftServerConfigKeys (ConfUtils.java:logGet(43)) - raft.server.snapshot.retention.num.files = 5 (custom)
2019-09-26 10:42:05,853 [pool-187-thread-1] INFO  server.RaftServerConfigKeys (ConfUtils.java:logGet(43)) - raft.server.retrycache.expirytime = 600000ms (custom)
2019-09-26 10:42:05,855 [pool-187-thread-1] INFO  impl.RaftServerImpl (RaftServerImpl.java:start(185)) - 36aed9aa-ac88-4ede-96ce-810747967900@group-5AD89329E748: start as a follower, conf=-1: [36aed9aa-ac88-4ede-96ce-810747967900:192.168.30.13:46636], old=null
2019-09-26 10:42:05,855 [pool-187-thread-1] INFO  impl.RaftServerImpl (RaftServerImpl.java:setRole(174)) - 36aed9aa-ac88-4ede-96ce-810747967900@group-5AD89329E748: changes role from      null to FOLLOWER at term 0 for startAsFollower
2019-09-26 10:42:05,855 [pool-187-thread-1] INFO  impl.RoleInfo (RoleInfo.java:updateAndGet(143)) - 36aed9aa-ac88-4ede-96ce-810747967900: start FollowerState
2019-09-26 10:42:05,856 [pool-187-thread-1] INFO  util.JmxRegister (JmxRegister.java:tryRegister(44)) - Successfully registered JMX Bean with object name Ratis:service=RaftServer,group=group-5AD89329E748,id=36aed9aa-ac88-4ede-96ce-810747967900
2019-09-26 10:42:05,858 [RatisPipelineUtilsThread] INFO  pipeline.PipelineStateManager (PipelineStateManager.java:addPipeline(56)) - Created pipeline Pipeline[ Id: 28de654a-6fc4-47ba-8670-5ad89329e748, Nodes: 36aed9aa-ac88-4ede-96ce-810747967900{ip: 192.168.30.13, host: pr-hdds-1569-wvzgm-824869521, networkLocation: /default-rack, certSerialId: null}, Type:RATIS, Factor:ONE, State:OPEN]
2019-09-26 10:42:05,859 [RatisPipelineUtilsThread] INFO  pipeline.PipelinePlacementPolicy (PipelinePlacementPolicy.java:meetCriteria(91)) - Pipeline Placement: can't place more pipeline on heavy datanode： b91e650f-93ae-4c6b-a097-1df9422d1ecf Heaviness: 6 limit: 5
2019-09-26 10:42:05,866 [grpc-default-executor-0] INFO  impl.RaftServerProxy (RaftServerProxy.java:addNew(89)) - a68ea93d-94dd-4f22-bee3-ae449a597286: addNew group-EE86F71788F2:[a68ea93d-94dd-4f22-bee3-ae449a597286:192.168.30.13:35009] returns group-EE86F71788F2:java.util.concurrent.CompletableFuture@6c6af375[Not completed]
2019-09-26 10:42:05,867 [pool-197-thread-1] INFO  impl.RaftServerImpl (RaftServerImpl.java:<init>(95)) - a68ea93d-94dd-4f22-bee3-ae449a597286: new RaftServerImpl for group-EE86F71788F2:[a68ea93d-94dd-4f22-bee3-ae449a597286:192.168.30.13:35009] with ContainerStateMachine:uninitialized
2019-09-26 10:42:05,867 [pool-197-thread-1] INFO  server.RaftServerConfigKeys (ConfUtils.java:logGet(43)) - raft.server.rpc.timeout.min = 5s (custom)
2019-09-26 10:42:05,867 [pool-197-thread-1] INFO  server.RaftServerConfigKeys (ConfUtils.java:logGet(43)) - raft.server.rpc.timeout.max = 5200ms (custom)
2019-09-26 10:42:05,867 [pool-197-thread-1] INFO  server.RaftServerConfigKeys (ConfUtils.java:logGet(43)) - raft.server.rpcslowness.timeout = 120s (custom)
2019-09-26 10:42:05,868 [pool-197-thread-1] INFO  server.RaftServerConfigKeys (ConfUtils.java:logGet(43)) - raft.server.sleep.deviation.threshold = 300 (default)
2019-09-26 10:42:05,868 [pool-197-thread-1] INFO  server.RaftServerConfigKeys (ConfUtils.java:logGet(43)) - raft.server.log.appender.install.snapshot.enabled = false (custom)
2019-09-26 10:42:05,868 [pool-197-thread-1] INFO  impl.RaftServerImpl (ServerState.java:<init>(103)) - a68ea93d-94dd-4f22-bee3-ae449a597286@group-EE86F71788F2: ConfigurationManager, init=-1: [a68ea93d-94dd-4f22-bee3-ae449a597286:192.168.30.13:35009], old=null, confs=<EMPTY_MAP>
2019-09-26 10:42:05,868 [pool-197-thread-1] INFO  server.RaftServerConfigKeys (ConfUtils.java:logGet(43)) - raft.server.storage.dir = [/workdir/hadoop-ozone/integration-test/target/test-dir/MiniOzoneClusterImpl-f06aceca-1220-4709-852b-f97b29892126/datanode-2/data/ratis] (custom)
2019-09-26 10:42:05,869 [pool-197-thread-1] INFO  storage.RaftStorageDirectory (RaftStorageDirectory.java:analyzeStorage(246)) - The storage directory /workdir/hadoop-ozone/integration-test/target/test-dir/MiniOzoneClusterImpl-f06aceca-1220-4709-852b-f97b29892126/datanode-2/data/ratis/3afd1793-0e02-4db4-aa17-ee86f71788f2 does not exist. Creating ...
2019-09-26 10:42:05,874 [pool-197-thread-1] INFO  storage.RaftStorageDirectory (RaftStorageDirectory.java:tryLock(328)) - Lock on /workdir/hadoop-ozone/integration-test/target/test-dir/MiniOzoneClusterImpl-f06aceca-1220-4709-852b-f97b29892126/datanode-2/data/ratis/3afd1793-0e02-4db4-aa17-ee86f71788f2/in_use.lock acquired by nodename 10232@pr-hdds-1569-wvzgm-824869521
2019-09-26 10:42:05,877 [pool-197-thread-1] INFO  storage.RaftStorage (RaftStorage.java:format(72)) - Storage directory /workdir/hadoop-ozone/integration-test/target/test-dir/MiniOzoneClusterImpl-f06aceca-1220-4709-852b-f97b29892126/datanode-2/data/ratis/3afd1793-0e02-4db4-aa17-ee86f71788f2 has been successfully formatted.
2019-09-26 10:42:05,877 [pool-197-thread-1] INFO  ratis.ContainerStateMachine (ContainerStateMachine.java:loadSnapshot(230)) - group-EE86F71788F2: The snapshot info is null. Setting the last applied indexto:(t:0, i:~)
2019-09-26 10:42:05,877 [pool-197-thread-1] INFO  server.RaftServerConfigKeys (ConfUtils.java:logGet(43)) - raft.server.notification.no-leader.timeout = 120s (custom)
2019-09-26 10:42:05,877 [pool-197-thread-1] INFO  server.RaftServerConfigKeys (ConfUtils.java:logGet(43)) - raft.server.log.use.memory = false (default)
2019-09-26 10:42:05,878 [pool-197-thread-1] INFO  server.RaftServerConfigKeys (ConfUtils.java:logGet(43)) - raft.server.log.purge.gap = 1000000 (custom)
2019-09-26 10:42:05,878 [pool-197-thread-1] INFO  server.RaftServerConfigKeys (ConfUtils.java:logGet(43)) - raft.server.log.appender.buffer.byte-limit = 33554432 (custom)
2019-09-26 10:42:05,878 [pool-197-thread-1] INFO  server.RaftServerConfigKeys (ConfUtils.java:logGet(43)) - raft.server.log.segment.size.max = 1048576 (custom)
2019-09-26 10:42:05,878 [pool-197-thread-1] INFO  server.RaftServerConfigKeys (ConfUtils.java:logGet(43)) - raft.server.log.segment.cache.num.max = 2 (custom)
2019-09-26 10:42:05,878 [pool-197-thread-1] INFO  segmented.SegmentedRaftLogWorker (SegmentedRaftLogWorker.java:<init>(172)) - new a68ea93d-94dd-4f22-bee3-ae449a597286@group-EE86F71788F2-SegmentedRaftLogWorker for RaftStorage:Storage Directory /workdir/hadoop-ozone/integration-test/target/test-dir/MiniOzoneClusterImpl-f06aceca-1220-4709-852b-f97b29892126/datanode-2/data/ratis/3afd1793-0e02-4db4-aa17-ee86f71788f2
2019-09-26 10:42:05,880 [pool-197-thread-1] INFO  server.RaftServerConfigKeys (ConfUtils.java:logGet(43)) - raft.server.log.queue.byte-limit = 2147483647 (custom)
2019-09-26 10:42:05,880 [pool-197-thread-1] INFO  server.RaftServerConfigKeys (ConfUtils.java:logGet(43)) - raft.server.log.queue.element-limit = 1024 (custom)
2019-09-26 10:42:05,880 [pool-197-thread-1] INFO  server.RaftServerConfigKeys (ConfUtils.java:logGet(43)) - raft.server.log.segment.size.max = 1048576 (custom)
2019-09-26 10:42:05,881 [pool-197-thread-1] INFO  server.RaftServerConfigKeys (ConfUtils.java:logGet(43)) - raft.server.log.preallocated.size = 16384 (custom)
2019-09-26 10:42:05,881 [pool-197-thread-1] INFO  server.RaftServerConfigKeys (ConfUtils.java:logGet(43)) - raft.server.log.write.buffer.size = 33554432 (custom)
2019-09-26 10:42:05,881 [pool-197-thread-1] INFO  server.RaftServerConfigKeys (ConfUtils.java:logGet(43)) - raft.server.log.force.sync.num = 128 (default)
2019-09-26 10:42:05,881 [pool-197-thread-1] INFO  server.RaftServerConfigKeys (ConfUtils.java:logGet(43)) - raft.server.log.statemachine.data.sync = true (default)
2019-09-26 10:42:05,881 [pool-197-thread-1] INFO  server.RaftServerConfigKeys (ConfUtils.java:logGet(43)) - raft.server.log.statemachine.data.sync.timeout = 10s (default)
2019-09-26 10:42:05,881 [pool-197-thread-1] INFO  server.RaftServerConfigKeys (ConfUtils.java:logGet(43)) - raft.server.log.statemachine.data.sync.timeout.retry = -1 (default)
2019-09-26 10:42:05,882 [pool-197-thread-1] INFO  server.RaftServerConfigKeys (ConfUtils.java:logGet(43)) - raft.server.log.statemachine.data.caching.enabled = true (custom)
2019-09-26 10:42:05,882 [pool-197-thread-1] INFO  segmented.SegmentedRaftLogWorker (SegmentedRaftLogWorker.java:lambda$new$0(132)) - a68ea93d-94dd-4f22-bee3-ae449a597286@group-EE86F71788F2-SegmentedRaftLogWorker: flushIndex: setUnconditionally 0 -> -1
2019-09-26 10:42:05,882 [pool-197-thread-1] INFO  server.RaftServerConfigKeys (ConfUtils.java:logGet(43)) - raft.server.snapshot.auto.trigger.enabled = true (custom)
2019-09-26 10:42:05,883 [pool-197-thread-1] INFO  server.RaftServerConfigKeys (ConfUtils.java:logGet(43)) - raft.server.snapshot.auto.trigger.threshold = 10000 (custom)
2019-09-26 10:42:05,883 [pool-197-thread-1] INFO  server.RaftServerConfigKeys (ConfUtils.java:logGet(43)) - raft.server.snapshot.retention.num.files = 5 (custom)
2019-09-26 10:42:05,883 [pool-197-thread-1] INFO  server.RaftServerConfigKeys (ConfUtils.java:logGet(43)) - raft.server.retrycache.expirytime = 600000ms (custom)
2019-09-26 10:42:05,885 [pool-197-thread-1] INFO  impl.RaftServerImpl (RaftServerImpl.java:start(185)) - a68ea93d-94dd-4f22-bee3-ae449a597286@group-EE86F71788F2: start as a follower, conf=-1: [a68ea93d-94dd-4f22-bee3-ae449a597286:192.168.30.13:35009], old=null
2019-09-26 10:42:05,885 [pool-197-thread-1] INFO  impl.RaftServerImpl (RaftServerImpl.java:setRole(174)) - a68ea93d-94dd-4f22-bee3-ae449a597286@group-EE86F71788F2: changes role from      null to FOLLOWER at term 0 for startAsFollower
2019-09-26 10:42:05,885 [pool-197-thread-1] INFO  impl.RoleInfo (RoleInfo.java:updateAndGet(143)) - a68ea93d-94dd-4f22-bee3-ae449a597286: start FollowerState
2019-09-26 10:42:05,885 [pool-197-thread-1] INFO  util.JmxRegister (JmxRegister.java:tryRegister(44)) - Successfully registered JMX Bean with object name Ratis:service=RaftServer,group=group-EE86F71788F2,id=a68ea93d-94dd-4f22-bee3-ae449a597286
2019-09-26 10:42:05,889 [RatisPipelineUtilsThread] INFO  pipeline.PipelineStateManager (PipelineStateManager.java:addPipeline(56)) - Created pipeline Pipeline[ Id: 3afd1793-0e02-4db4-aa17-ee86f71788f2, Nodes: a68ea93d-94dd-4f22-bee3-ae449a597286{ip: 192.168.30.13, host: pr-hdds-1569-wvzgm-824869521, networkLocation: /default-rack, certSerialId: null}, Type:RATIS, Factor:ONE, State:OPEN]
2019-09-26 10:42:05,889 [RatisPipelineUtilsThread] INFO  pipeline.PipelinePlacementPolicy (PipelinePlacementPolicy.java:meetCriteria(91)) - Pipeline Placement: can't place more pipeline on heavy datanode： b91e650f-93ae-4c6b-a097-1df9422d1ecf Heaviness: 6 limit: 5
2019-09-26 10:42:05,894 [grpc-default-executor-0] INFO  impl.RaftServerProxy (RaftServerProxy.java:addNew(89)) - 36aed9aa-ac88-4ede-96ce-810747967900: addNew group-FCC6AEB2BE3E:[36aed9aa-ac88-4ede-96ce-810747967900:192.168.30.13:46636] returns group-FCC6AEB2BE3E:java.util.concurrent.CompletableFuture@7404312c[Not completed]
2019-09-26 10:42:05,895 [pool-187-thread-1] INFO  impl.RaftServerImpl (RaftServerImpl.java:<init>(95)) - 36aed9aa-ac88-4ede-96ce-810747967900: new RaftServerImpl for group-FCC6AEB2BE3E:[36aed9aa-ac88-4ede-96ce-810747967900:192.168.30.13:46636] with ContainerStateMachine:uninitialized
2019-09-26 10:42:05,895 [pool-187-thread-1] INFO  server.RaftServerConfigKeys (ConfUtils.java:logGet(43)) - raft.server.rpc.timeout.min = 5s (custom)
2019-09-26 10:42:05,895 [pool-187-thread-1] INFO  server.RaftServerConfigKeys (ConfUtils.java:logGet(43)) - raft.server.rpc.timeout.max = 5200ms (custom)
2019-09-26 10:42:05,895 [pool-187-thread-1] INFO  server.RaftServerConfigKeys (ConfUtils.java:logGet(43)) - raft.server.rpcslowness.timeout = 120s (custom)
2019-09-26 10:42:05,895 [pool-187-thread-1] INFO  server.RaftServerConfigKeys (ConfUtils.java:logGet(43)) - raft.server.sleep.deviation.threshold = 300 (default)
2019-09-26 10:42:05,896 [pool-187-thread-1] INFO  server.RaftServerConfigKeys (ConfUtils.java:logGet(43)) - raft.server.log.appender.install.snapshot.enabled = false (custom)
2019-09-26 10:42:05,896 [pool-187-thread-1] INFO  impl.RaftServerImpl (ServerState.java:<init>(103)) - 36aed9aa-ac88-4ede-96ce-810747967900@group-FCC6AEB2BE3E: ConfigurationManager, init=-1: [36aed9aa-ac88-4ede-96ce-810747967900:192.168.30.13:46636], old=null, confs=<EMPTY_MAP>
2019-09-26 10:42:05,896 [pool-187-thread-1] INFO  server.RaftServerConfigKeys (ConfUtils.java:logGet(43)) - raft.server.storage.dir = [/workdir/hadoop-ozone/integration-test/target/test-dir/MiniOzoneClusterImpl-f06aceca-1220-4709-852b-f97b29892126/datanode-1/data/ratis] (custom)
2019-09-26 10:42:05,896 [pool-187-thread-1] INFO  storage.RaftStorageDirectory (RaftStorageDirectory.java:analyzeStorage(246)) - The storage directory /workdir/hadoop-ozone/integration-test/target/test-dir/MiniOzoneClusterImpl-f06aceca-1220-4709-852b-f97b29892126/datanode-1/data/ratis/5de30719-36e4-48e3-9fd6-fcc6aeb2be3e does not exist. Creating ...
2019-09-26 10:42:05,900 [pool-187-thread-1] INFO  storage.RaftStorageDirectory (RaftStorageDirectory.java:tryLock(328)) - Lock on /workdir/hadoop-ozone/integration-test/target/test-dir/MiniOzoneClusterImpl-f06aceca-1220-4709-852b-f97b29892126/datanode-1/data/ratis/5de30719-36e4-48e3-9fd6-fcc6aeb2be3e/in_use.lock acquired by nodename 10232@pr-hdds-1569-wvzgm-824869521
2019-09-26 10:42:05,925 [pool-187-thread-1] INFO  storage.RaftStorage (RaftStorage.java:format(72)) - Storage directory /workdir/hadoop-ozone/integration-test/target/test-dir/MiniOzoneClusterImpl-f06aceca-1220-4709-852b-f97b29892126/datanode-1/data/ratis/5de30719-36e4-48e3-9fd6-fcc6aeb2be3e has been successfully formatted.
2019-09-26 10:42:05,925 [pool-187-thread-1] INFO  ratis.ContainerStateMachine (ContainerStateMachine.java:loadSnapshot(230)) - group-FCC6AEB2BE3E: The snapshot info is null. Setting the last applied indexto:(t:0, i:~)
2019-09-26 10:42:05,925 [pool-187-thread-1] INFO  server.RaftServerConfigKeys (ConfUtils.java:logGet(43)) - raft.server.notification.no-leader.timeout = 120s (custom)
2019-09-26 10:42:05,925 [pool-187-thread-1] INFO  server.RaftServerConfigKeys (ConfUtils.java:logGet(43)) - raft.server.log.use.memory = false (default)
2019-09-26 10:42:05,925 [pool-187-thread-1] INFO  server.RaftServerConfigKeys (ConfUtils.java:logGet(43)) - raft.server.log.purge.gap = 1000000 (custom)
2019-09-26 10:42:05,925 [pool-187-thread-1] INFO  server.RaftServerConfigKeys (ConfUtils.java:logGet(43)) - raft.server.log.appender.buffer.byte-limit = 33554432 (custom)
2019-09-26 10:42:05,925 [pool-187-thread-1] INFO  server.RaftServerConfigKeys (ConfUtils.java:logGet(43)) - raft.server.log.segment.size.max = 1048576 (custom)
2019-09-26 10:42:05,926 [pool-187-thread-1] INFO  server.RaftServerConfigKeys (ConfUtils.java:logGet(43)) - raft.server.log.segment.cache.num.max = 2 (custom)
2019-09-26 10:42:05,926 [pool-187-thread-1] INFO  segmented.SegmentedRaftLogWorker (SegmentedRaftLogWorker.java:<init>(172)) - new 36aed9aa-ac88-4ede-96ce-810747967900@group-FCC6AEB2BE3E-SegmentedRaftLogWorker for RaftStorage:Storage Directory /workdir/hadoop-ozone/integration-test/target/test-dir/MiniOzoneClusterImpl-f06aceca-1220-4709-852b-f97b29892126/datanode-1/data/ratis/5de30719-36e4-48e3-9fd6-fcc6aeb2be3e
2019-09-26 10:42:05,926 [pool-187-thread-1] INFO  server.RaftServerConfigKeys (ConfUtils.java:logGet(43)) - raft.server.log.queue.byte-limit = 2147483647 (custom)
2019-09-26 10:42:05,926 [pool-187-thread-1] INFO  server.RaftServerConfigKeys (ConfUtils.java:logGet(43)) - raft.server.log.queue.element-limit = 1024 (custom)
2019-09-26 10:42:05,926 [pool-187-thread-1] INFO  server.RaftServerConfigKeys (ConfUtils.java:logGet(43)) - raft.server.log.segment.size.max = 1048576 (custom)
2019-09-26 10:42:05,926 [pool-187-thread-1] INFO  server.RaftServerConfigKeys (ConfUtils.java:logGet(43)) - raft.server.log.preallocated.size = 16384 (custom)
2019-09-26 10:42:05,926 [pool-187-thread-1] INFO  server.RaftServerConfigKeys (ConfUtils.java:logGet(43)) - raft.server.log.write.buffer.size = 33554432 (custom)
2019-09-26 10:42:05,926 [pool-187-thread-1] INFO  server.RaftServerConfigKeys (ConfUtils.java:logGet(43)) - raft.server.log.force.sync.num = 128 (default)
2019-09-26 10:42:05,927 [pool-187-thread-1] INFO  server.RaftServerConfigKeys (ConfUtils.java:logGet(43)) - raft.server.log.statemachine.data.sync = true (default)
2019-09-26 10:42:05,927 [pool-187-thread-1] INFO  server.RaftServerConfigKeys (ConfUtils.java:logGet(43)) - raft.server.log.statemachine.data.sync.timeout = 10s (default)
2019-09-26 10:42:05,927 [pool-187-thread-1] INFO  server.RaftServerConfigKeys (ConfUtils.java:logGet(43)) - raft.server.log.statemachine.data.sync.timeout.retry = -1 (default)
2019-09-26 10:42:05,927 [pool-187-thread-1] INFO  server.RaftServerConfigKeys (ConfUtils.java:logGet(43)) - raft.server.log.statemachine.data.caching.enabled = true (custom)
2019-09-26 10:42:05,927 [pool-187-thread-1] INFO  segmented.SegmentedRaftLogWorker (SegmentedRaftLogWorker.java:lambda$new$0(132)) - 36aed9aa-ac88-4ede-96ce-810747967900@group-FCC6AEB2BE3E-SegmentedRaftLogWorker: flushIndex: setUnconditionally 0 -> -1
2019-09-26 10:42:05,927 [pool-187-thread-1] INFO  server.RaftServerConfigKeys (ConfUtils.java:logGet(43)) - raft.server.snapshot.auto.trigger.enabled = true (custom)
2019-09-26 10:42:05,928 [pool-187-thread-1] INFO  server.RaftServerConfigKeys (ConfUtils.java:logGet(43)) - raft.server.snapshot.auto.trigger.threshold = 10000 (custom)
2019-09-26 10:42:05,928 [pool-187-thread-1] INFO  server.RaftServerConfigKeys (ConfUtils.java:logGet(43)) - raft.server.snapshot.retention.num.files = 5 (custom)
2019-09-26 10:42:05,928 [pool-187-thread-1] INFO  server.RaftServerConfigKeys (ConfUtils.java:logGet(43)) - raft.server.retrycache.expirytime = 600000ms (custom)
2019-09-26 10:42:05,929 [pool-187-thread-1] INFO  impl.RaftServerImpl (RaftServerImpl.java:start(185)) - 36aed9aa-ac88-4ede-96ce-810747967900@group-FCC6AEB2BE3E: start as a follower, conf=-1: [36aed9aa-ac88-4ede-96ce-810747967900:192.168.30.13:46636], old=null
2019-09-26 10:42:05,930 [pool-187-thread-1] INFO  impl.RaftServerImpl (RaftServerImpl.java:setRole(174)) - 36aed9aa-ac88-4ede-96ce-810747967900@group-FCC6AEB2BE3E: changes role from      null to FOLLOWER at term 0 for startAsFollower
2019-09-26 10:42:05,930 [pool-187-thread-1] INFO  impl.RoleInfo (RoleInfo.java:updateAndGet(143)) - 36aed9aa-ac88-4ede-96ce-810747967900: start FollowerState
2019-09-26 10:42:05,930 [pool-187-thread-1] INFO  util.JmxRegister (JmxRegister.java:tryRegister(44)) - Successfully registered JMX Bean with object name Ratis:service=RaftServer,group=group-FCC6AEB2BE3E,id=36aed9aa-ac88-4ede-96ce-810747967900
2019-09-26 10:42:05,933 [RatisPipelineUtilsThread] INFO  pipeline.PipelineStateManager (PipelineStateManager.java:addPipeline(56)) - Created pipeline Pipeline[ Id: 5de30719-36e4-48e3-9fd6-fcc6aeb2be3e, Nodes: 36aed9aa-ac88-4ede-96ce-810747967900{ip: 192.168.30.13, host: pr-hdds-1569-wvzgm-824869521, networkLocation: /default-rack, certSerialId: null}, Type:RATIS, Factor:ONE, State:OPEN]
2019-09-26 10:42:05,933 [RatisPipelineUtilsThread] INFO  pipeline.PipelinePlacementPolicy (PipelinePlacementPolicy.java:meetCriteria(91)) - Pipeline Placement: can't place more pipeline on heavy datanode： b91e650f-93ae-4c6b-a097-1df9422d1ecf Heaviness: 6 limit: 5
2019-09-26 10:42:05,939 [grpc-default-executor-0] INFO  impl.RaftServerProxy (RaftServerProxy.java:addNew(89)) - 36aed9aa-ac88-4ede-96ce-810747967900: addNew group-D889ED5A247E:[36aed9aa-ac88-4ede-96ce-810747967900:192.168.30.13:46636] returns group-D889ED5A247E:java.util.concurrent.CompletableFuture@d0f43c9[Not completed]
2019-09-26 10:42:05,941 [pool-187-thread-1] INFO  impl.RaftServerImpl (RaftServerImpl.java:<init>(95)) - 36aed9aa-ac88-4ede-96ce-810747967900: new RaftServerImpl for group-D889ED5A247E:[36aed9aa-ac88-4ede-96ce-810747967900:192.168.30.13:46636] with ContainerStateMachine:uninitialized
2019-09-26 10:42:05,941 [pool-187-thread-1] INFO  server.RaftServerConfigKeys (ConfUtils.java:logGet(43)) - raft.server.rpc.timeout.min = 5s (custom)
2019-09-26 10:42:05,941 [pool-187-thread-1] INFO  server.RaftServerConfigKeys (ConfUtils.java:logGet(43)) - raft.server.rpc.timeout.max = 5200ms (custom)
2019-09-26 10:42:05,941 [pool-187-thread-1] INFO  server.RaftServerConfigKeys (ConfUtils.java:logGet(43)) - raft.server.rpcslowness.timeout = 120s (custom)
2019-09-26 10:42:05,941 [pool-187-thread-1] INFO  server.RaftServerConfigKeys (ConfUtils.java:logGet(43)) - raft.server.sleep.deviation.threshold = 300 (default)
2019-09-26 10:42:05,941 [pool-187-thread-1] INFO  server.RaftServerConfigKeys (ConfUtils.java:logGet(43)) - raft.server.log.appender.install.snapshot.enabled = false (custom)
2019-09-26 10:42:05,942 [pool-187-thread-1] INFO  impl.RaftServerImpl (ServerState.java:<init>(103)) - 36aed9aa-ac88-4ede-96ce-810747967900@group-D889ED5A247E: ConfigurationManager, init=-1: [36aed9aa-ac88-4ede-96ce-810747967900:192.168.30.13:46636], old=null, confs=<EMPTY_MAP>
2019-09-26 10:42:05,942 [pool-187-thread-1] INFO  server.RaftServerConfigKeys (ConfUtils.java:logGet(43)) - raft.server.storage.dir = [/workdir/hadoop-ozone/integration-test/target/test-dir/MiniOzoneClusterImpl-f06aceca-1220-4709-852b-f97b29892126/datanode-1/data/ratis] (custom)
2019-09-26 10:42:05,942 [pool-187-thread-1] INFO  storage.RaftStorageDirectory (RaftStorageDirectory.java:analyzeStorage(246)) - The storage directory /workdir/hadoop-ozone/integration-test/target/test-dir/MiniOzoneClusterImpl-f06aceca-1220-4709-852b-f97b29892126/datanode-1/data/ratis/2c05235b-67b7-4bcb-ac55-d889ed5a247e does not exist. Creating ...
2019-09-26 10:42:05,955 [pool-187-thread-1] INFO  storage.RaftStorageDirectory (RaftStorageDirectory.java:tryLock(328)) - Lock on /workdir/hadoop-ozone/integration-test/target/test-dir/MiniOzoneClusterImpl-f06aceca-1220-4709-852b-f97b29892126/datanode-1/data/ratis/2c05235b-67b7-4bcb-ac55-d889ed5a247e/in_use.lock acquired by nodename 10232@pr-hdds-1569-wvzgm-824869521
2019-09-26 10:42:05,968 [pool-187-thread-1] INFO  storage.RaftStorage (RaftStorage.java:format(72)) - Storage directory /workdir/hadoop-ozone/integration-test/target/test-dir/MiniOzoneClusterImpl-f06aceca-1220-4709-852b-f97b29892126/datanode-1/data/ratis/2c05235b-67b7-4bcb-ac55-d889ed5a247e has been successfully formatted.
2019-09-26 10:42:05,968 [pool-187-thread-1] INFO  ratis.ContainerStateMachine (ContainerStateMachine.java:loadSnapshot(230)) - group-D889ED5A247E: The snapshot info is null. Setting the last applied indexto:(t:0, i:~)
2019-09-26 10:42:05,968 [pool-187-thread-1] INFO  server.RaftServerConfigKeys (ConfUtils.java:logGet(43)) - raft.server.notification.no-leader.timeout = 120s (custom)
2019-09-26 10:42:05,969 [pool-187-thread-1] INFO  server.RaftServerConfigKeys (ConfUtils.java:logGet(43)) - raft.server.log.use.memory = false (default)
2019-09-26 10:42:05,969 [pool-187-thread-1] INFO  server.RaftServerConfigKeys (ConfUtils.java:logGet(43)) - raft.server.log.purge.gap = 1000000 (custom)
2019-09-26 10:42:05,969 [pool-187-thread-1] INFO  server.RaftServerConfigKeys (ConfUtils.java:logGet(43)) - raft.server.log.appender.buffer.byte-limit = 33554432 (custom)
2019-09-26 10:42:05,969 [pool-187-thread-1] INFO  server.RaftServerConfigKeys (ConfUtils.java:logGet(43)) - raft.server.log.segment.size.max = 1048576 (custom)
2019-09-26 10:42:05,969 [pool-187-thread-1] INFO  server.RaftServerConfigKeys (ConfUtils.java:logGet(43)) - raft.server.log.segment.cache.num.max = 2 (custom)
2019-09-26 10:42:05,969 [pool-187-thread-1] INFO  segmented.SegmentedRaftLogWorker (SegmentedRaftLogWorker.java:<init>(172)) - new 36aed9aa-ac88-4ede-96ce-810747967900@group-D889ED5A247E-SegmentedRaftLogWorker for RaftStorage:Storage Directory /workdir/hadoop-ozone/integration-test/target/test-dir/MiniOzoneClusterImpl-f06aceca-1220-4709-852b-f97b29892126/datanode-1/data/ratis/2c05235b-67b7-4bcb-ac55-d889ed5a247e
2019-09-26 10:42:05,969 [pool-187-thread-1] INFO  server.RaftServerConfigKeys (ConfUtils.java:logGet(43)) - raft.server.log.queue.byte-limit = 2147483647 (custom)
2019-09-26 10:42:05,970 [pool-187-thread-1] INFO  server.RaftServerConfigKeys (ConfUtils.java:logGet(43)) - raft.server.log.queue.element-limit = 1024 (custom)
2019-09-26 10:42:05,970 [pool-187-thread-1] INFO  server.RaftServerConfigKeys (ConfUtils.java:logGet(43)) - raft.server.log.segment.size.max = 1048576 (custom)
2019-09-26 10:42:05,970 [pool-187-thread-1] INFO  server.RaftServerConfigKeys (ConfUtils.java:logGet(43)) - raft.server.log.preallocated.size = 16384 (custom)
2019-09-26 10:42:05,970 [pool-187-thread-1] INFO  server.RaftServerConfigKeys (ConfUtils.java:logGet(43)) - raft.server.log.write.buffer.size = 33554432 (custom)
2019-09-26 10:42:05,970 [pool-187-thread-1] INFO  server.RaftServerConfigKeys (ConfUtils.java:logGet(43)) - raft.server.log.force.sync.num = 128 (default)
2019-09-26 10:42:05,970 [pool-187-thread-1] INFO  server.RaftServerConfigKeys (ConfUtils.java:logGet(43)) - raft.server.log.statemachine.data.sync = true (default)
2019-09-26 10:42:05,970 [pool-187-thread-1] INFO  server.RaftServerConfigKeys (ConfUtils.java:logGet(43)) - raft.server.log.statemachine.data.sync.timeout = 10s (default)
2019-09-26 10:42:05,971 [pool-187-thread-1] INFO  server.RaftServerConfigKeys (ConfUtils.java:logGet(43)) - raft.server.log.statemachine.data.sync.timeout.retry = -1 (default)
2019-09-26 10:42:05,971 [pool-187-thread-1] INFO  server.RaftServerConfigKeys (ConfUtils.java:logGet(43)) - raft.server.log.statemachine.data.caching.enabled = true (custom)
2019-09-26 10:42:05,971 [pool-187-thread-1] INFO  segmented.SegmentedRaftLogWorker (SegmentedRaftLogWorker.java:lambda$new$0(132)) - 36aed9aa-ac88-4ede-96ce-810747967900@group-D889ED5A247E-SegmentedRaftLogWorker: flushIndex: setUnconditionally 0 -> -1
2019-09-26 10:42:05,971 [pool-187-thread-1] INFO  server.RaftServerConfigKeys (ConfUtils.java:logGet(43)) - raft.server.snapshot.auto.trigger.enabled = true (custom)
2019-09-26 10:42:05,972 [pool-187-thread-1] INFO  server.RaftServerConfigKeys (ConfUtils.java:logGet(43)) - raft.server.snapshot.auto.trigger.threshold = 10000 (custom)
2019-09-26 10:42:05,972 [pool-187-thread-1] INFO  server.RaftServerConfigKeys (ConfUtils.java:logGet(43)) - raft.server.snapshot.retention.num.files = 5 (custom)
2019-09-26 10:42:05,972 [pool-187-thread-1] INFO  server.RaftServerConfigKeys (ConfUtils.java:logGet(43)) - raft.server.retrycache.expirytime = 600000ms (custom)
2019-09-26 10:42:05,975 [pool-187-thread-1] INFO  impl.RaftServerImpl (RaftServerImpl.java:start(185)) - 36aed9aa-ac88-4ede-96ce-810747967900@group-D889ED5A247E: start as a follower, conf=-1: [36aed9aa-ac88-4ede-96ce-810747967900:192.168.30.13:46636], old=null
2019-09-26 10:42:05,975 [pool-187-thread-1] INFO  impl.RaftServerImpl (RaftServerImpl.java:setRole(174)) - 36aed9aa-ac88-4ede-96ce-810747967900@group-D889ED5A247E: changes role from      null to FOLLOWER at term 0 for startAsFollower
2019-09-26 10:42:05,975 [pool-187-thread-1] INFO  impl.RoleInfo (RoleInfo.java:updateAndGet(143)) - 36aed9aa-ac88-4ede-96ce-810747967900: start FollowerState
2019-09-26 10:42:05,975 [pool-187-thread-1] INFO  util.JmxRegister (JmxRegister.java:tryRegister(44)) - Successfully registered JMX Bean with object name Ratis:service=RaftServer,group=group-D889ED5A247E,id=36aed9aa-ac88-4ede-96ce-810747967900
2019-09-26 10:42:05,979 [RatisPipelineUtilsThread] INFO  pipeline.PipelineStateManager (PipelineStateManager.java:addPipeline(56)) - Created pipeline Pipeline[ Id: 2c05235b-67b7-4bcb-ac55-d889ed5a247e, Nodes: 36aed9aa-ac88-4ede-96ce-810747967900{ip: 192.168.30.13, host: pr-hdds-1569-wvzgm-824869521, networkLocation: /default-rack, certSerialId: null}, Type:RATIS, Factor:ONE, State:OPEN]
2019-09-26 10:42:05,979 [RatisPipelineUtilsThread] INFO  pipeline.PipelinePlacementPolicy (PipelinePlacementPolicy.java:meetCriteria(91)) - Pipeline Placement: can't place more pipeline on heavy datanode： b91e650f-93ae-4c6b-a097-1df9422d1ecf Heaviness: 6 limit: 5
2019-09-26 10:42:05,984 [grpc-default-executor-0] INFO  impl.RaftServerProxy (RaftServerProxy.java:addNew(89)) - 36aed9aa-ac88-4ede-96ce-810747967900: addNew group-6718AF5492AC:[36aed9aa-ac88-4ede-96ce-810747967900:192.168.30.13:46636] returns group-6718AF5492AC:java.util.concurrent.CompletableFuture@70749814[Not completed]
2019-09-26 10:42:05,986 [pool-187-thread-1] INFO  impl.RaftServerImpl (RaftServerImpl.java:<init>(95)) - 36aed9aa-ac88-4ede-96ce-810747967900: new RaftServerImpl for group-6718AF5492AC:[36aed9aa-ac88-4ede-96ce-810747967900:192.168.30.13:46636] with ContainerStateMachine:uninitialized
2019-09-26 10:42:05,986 [pool-187-thread-1] INFO  server.RaftServerConfigKeys (ConfUtils.java:logGet(43)) - raft.server.rpc.timeout.min = 5s (custom)
2019-09-26 10:42:05,986 [pool-187-thread-1] INFO  server.RaftServerConfigKeys (ConfUtils.java:logGet(43)) - raft.server.rpc.timeout.max = 5200ms (custom)
2019-09-26 10:42:05,986 [pool-187-thread-1] INFO  server.RaftServerConfigKeys (ConfUtils.java:logGet(43)) - raft.server.rpcslowness.timeout = 120s (custom)
2019-09-26 10:42:05,986 [pool-187-thread-1] INFO  server.RaftServerConfigKeys (ConfUtils.java:logGet(43)) - raft.server.sleep.deviation.threshold = 300 (default)
2019-09-26 10:42:05,986 [pool-187-thread-1] INFO  server.RaftServerConfigKeys (ConfUtils.java:logGet(43)) - raft.server.log.appender.install.snapshot.enabled = false (custom)
2019-09-26 10:42:05,986 [pool-187-thread-1] INFO  impl.RaftServerImpl (ServerState.java:<init>(103)) - 36aed9aa-ac88-4ede-96ce-810747967900@group-6718AF5492AC: ConfigurationManager, init=-1: [36aed9aa-ac88-4ede-96ce-810747967900:192.168.30.13:46636], old=null, confs=<EMPTY_MAP>
2019-09-26 10:42:05,987 [pool-187-thread-1] INFO  server.RaftServerConfigKeys (ConfUtils.java:logGet(43)) - raft.server.storage.dir = [/workdir/hadoop-ozone/integration-test/target/test-dir/MiniOzoneClusterImpl-f06aceca-1220-4709-852b-f97b29892126/datanode-1/data/ratis] (custom)
2019-09-26 10:42:05,987 [pool-187-thread-1] INFO  storage.RaftStorageDirectory (RaftStorageDirectory.java:analyzeStorage(246)) - The storage directory /workdir/hadoop-ozone/integration-test/target/test-dir/MiniOzoneClusterImpl-f06aceca-1220-4709-852b-f97b29892126/datanode-1/data/ratis/69eb0612-88d9-40f6-8f58-6718af5492ac does not exist. Creating ...
2019-09-26 10:42:06,000 [pool-187-thread-1] INFO  storage.RaftStorageDirectory (RaftStorageDirectory.java:tryLock(328)) - Lock on /workdir/hadoop-ozone/integration-test/target/test-dir/MiniOzoneClusterImpl-f06aceca-1220-4709-852b-f97b29892126/datanode-1/data/ratis/69eb0612-88d9-40f6-8f58-6718af5492ac/in_use.lock acquired by nodename 10232@pr-hdds-1569-wvzgm-824869521
2019-09-26 10:42:06,013 [pool-187-thread-1] INFO  storage.RaftStorage (RaftStorage.java:format(72)) - Storage directory /workdir/hadoop-ozone/integration-test/target/test-dir/MiniOzoneClusterImpl-f06aceca-1220-4709-852b-f97b29892126/datanode-1/data/ratis/69eb0612-88d9-40f6-8f58-6718af5492ac has been successfully formatted.
2019-09-26 10:42:06,013 [pool-187-thread-1] INFO  ratis.ContainerStateMachine (ContainerStateMachine.java:loadSnapshot(230)) - group-6718AF5492AC: The snapshot info is null. Setting the last applied indexto:(t:0, i:~)
2019-09-26 10:42:06,013 [pool-187-thread-1] INFO  server.RaftServerConfigKeys (ConfUtils.java:logGet(43)) - raft.server.notification.no-leader.timeout = 120s (custom)
2019-09-26 10:42:06,013 [pool-187-thread-1] INFO  server.RaftServerConfigKeys (ConfUtils.java:logGet(43)) - raft.server.log.use.memory = false (default)
2019-09-26 10:42:06,013 [pool-187-thread-1] INFO  server.RaftServerConfigKeys (ConfUtils.java:logGet(43)) - raft.server.log.purge.gap = 1000000 (custom)
2019-09-26 10:42:06,014 [pool-187-thread-1] INFO  server.RaftServerConfigKeys (ConfUtils.java:logGet(43)) - raft.server.log.appender.buffer.byte-limit = 33554432 (custom)
2019-09-26 10:42:06,014 [pool-187-thread-1] INFO  server.RaftServerConfigKeys (ConfUtils.java:logGet(43)) - raft.server.log.segment.size.max = 1048576 (custom)
2019-09-26 10:42:06,014 [pool-187-thread-1] INFO  server.RaftServerConfigKeys (ConfUtils.java:logGet(43)) - raft.server.log.segment.cache.num.max = 2 (custom)
2019-09-26 10:42:06,014 [pool-187-thread-1] INFO  segmented.SegmentedRaftLogWorker (SegmentedRaftLogWorker.java:<init>(172)) - new 36aed9aa-ac88-4ede-96ce-810747967900@group-6718AF5492AC-SegmentedRaftLogWorker for RaftStorage:Storage Directory /workdir/hadoop-ozone/integration-test/target/test-dir/MiniOzoneClusterImpl-f06aceca-1220-4709-852b-f97b29892126/datanode-1/data/ratis/69eb0612-88d9-40f6-8f58-6718af5492ac
2019-09-26 10:42:06,014 [pool-187-thread-1] INFO  server.RaftServerConfigKeys (ConfUtils.java:logGet(43)) - raft.server.log.queue.byte-limit = 2147483647 (custom)
2019-09-26 10:42:06,014 [pool-187-thread-1] INFO  server.RaftServerConfigKeys (ConfUtils.java:logGet(43)) - raft.server.log.queue.element-limit = 1024 (custom)
2019-09-26 10:42:06,014 [pool-187-thread-1] INFO  server.RaftServerConfigKeys (ConfUtils.java:logGet(43)) - raft.server.log.segment.size.max = 1048576 (custom)
2019-09-26 10:42:06,014 [pool-187-thread-1] INFO  server.RaftServerConfigKeys (ConfUtils.java:logGet(43)) - raft.server.log.preallocated.size = 16384 (custom)
2019-09-26 10:42:06,015 [pool-187-thread-1] INFO  server.RaftServerConfigKeys (ConfUtils.java:logGet(43)) - raft.server.log.write.buffer.size = 33554432 (custom)
2019-09-26 10:42:06,015 [pool-187-thread-1] INFO  server.RaftServerConfigKeys (ConfUtils.java:logGet(43)) - raft.server.log.force.sync.num = 128 (default)
2019-09-26 10:42:06,015 [pool-187-thread-1] INFO  server.RaftServerConfigKeys (ConfUtils.java:logGet(43)) - raft.server.log.statemachine.data.sync = true (default)
2019-09-26 10:42:06,015 [pool-187-thread-1] INFO  server.RaftServerConfigKeys (ConfUtils.java:logGet(43)) - raft.server.log.statemachine.data.sync.timeout = 10s (default)
2019-09-26 10:42:06,015 [pool-187-thread-1] INFO  server.RaftServerConfigKeys (ConfUtils.java:logGet(43)) - raft.server.log.statemachine.data.sync.timeout.retry = -1 (default)
2019-09-26 10:42:06,015 [pool-187-thread-1] INFO  server.RaftServerConfigKeys (ConfUtils.java:logGet(43)) - raft.server.log.statemachine.data.caching.enabled = true (custom)
2019-09-26 10:42:06,016 [pool-187-thread-1] INFO  segmented.SegmentedRaftLogWorker (SegmentedRaftLogWorker.java:lambda$new$0(132)) - 36aed9aa-ac88-4ede-96ce-810747967900@group-6718AF5492AC-SegmentedRaftLogWorker: flushIndex: setUnconditionally 0 -> -1
2019-09-26 10:42:06,016 [pool-187-thread-1] INFO  server.RaftServerConfigKeys (ConfUtils.java:logGet(43)) - raft.server.snapshot.auto.trigger.enabled = true (custom)
2019-09-26 10:42:06,016 [pool-187-thread-1] INFO  server.RaftServerConfigKeys (ConfUtils.java:logGet(43)) - raft.server.snapshot.auto.trigger.threshold = 10000 (custom)
2019-09-26 10:42:06,016 [pool-187-thread-1] INFO  server.RaftServerConfigKeys (ConfUtils.java:logGet(43)) - raft.server.snapshot.retention.num.files = 5 (custom)
2019-09-26 10:42:06,016 [pool-187-thread-1] INFO  server.RaftServerConfigKeys (ConfUtils.java:logGet(43)) - raft.server.retrycache.expirytime = 600000ms (custom)
2019-09-26 10:42:06,018 [pool-187-thread-1] INFO  impl.RaftServerImpl (RaftServerImpl.java:start(185)) - 36aed9aa-ac88-4ede-96ce-810747967900@group-6718AF5492AC: start as a follower, conf=-1: [36aed9aa-ac88-4ede-96ce-810747967900:192.168.30.13:46636], old=null
2019-09-26 10:42:06,018 [pool-187-thread-1] INFO  impl.RaftServerImpl (RaftServerImpl.java:setRole(174)) - 36aed9aa-ac88-4ede-96ce-810747967900@group-6718AF5492AC: changes role from      null to FOLLOWER at term 0 for startAsFollower
2019-09-26 10:42:06,018 [pool-187-thread-1] INFO  impl.RoleInfo (RoleInfo.java:updateAndGet(143)) - 36aed9aa-ac88-4ede-96ce-810747967900: start FollowerState
2019-09-26 10:42:06,019 [pool-187-thread-1] INFO  util.JmxRegister (JmxRegister.java:tryRegister(44)) - Successfully registered JMX Bean with object name Ratis:service=RaftServer,group=group-6718AF5492AC,id=36aed9aa-ac88-4ede-96ce-810747967900
2019-09-26 10:42:06,022 [RatisPipelineUtilsThread] INFO  pipeline.PipelineStateManager (PipelineStateManager.java:addPipeline(56)) - Created pipeline Pipeline[ Id: 69eb0612-88d9-40f6-8f58-6718af5492ac, Nodes: 36aed9aa-ac88-4ede-96ce-810747967900{ip: 192.168.30.13, host: pr-hdds-1569-wvzgm-824869521, networkLocation: /default-rack, certSerialId: null}, Type:RATIS, Factor:ONE, State:OPEN]
2019-09-26 10:42:06,022 [RatisPipelineUtilsThread] INFO  pipeline.PipelinePlacementPolicy (PipelinePlacementPolicy.java:meetCriteria(91)) - Pipeline Placement: can't place more pipeline on heavy datanode： b91e650f-93ae-4c6b-a097-1df9422d1ecf Heaviness: 6 limit: 5
2019-09-26 10:42:06,027 [grpc-default-executor-0] INFO  impl.RaftServerProxy (RaftServerProxy.java:addNew(89)) - 36aed9aa-ac88-4ede-96ce-810747967900: addNew group-3DB086685F4B:[36aed9aa-ac88-4ede-96ce-810747967900:192.168.30.13:46636] returns group-3DB086685F4B:java.util.concurrent.CompletableFuture@1e37aa5a[Not completed]
2019-09-26 10:42:06,028 [pool-187-thread-1] INFO  impl.RaftServerImpl (RaftServerImpl.java:<init>(95)) - 36aed9aa-ac88-4ede-96ce-810747967900: new RaftServerImpl for group-3DB086685F4B:[36aed9aa-ac88-4ede-96ce-810747967900:192.168.30.13:46636] with ContainerStateMachine:uninitialized
2019-09-26 10:42:06,028 [pool-187-thread-1] INFO  server.RaftServerConfigKeys (ConfUtils.java:logGet(43)) - raft.server.rpc.timeout.min = 5s (custom)
2019-09-26 10:42:06,028 [pool-187-thread-1] INFO  server.RaftServerConfigKeys (ConfUtils.java:logGet(43)) - raft.server.rpc.timeout.max = 5200ms (custom)
2019-09-26 10:42:06,028 [pool-187-thread-1] INFO  server.RaftServerConfigKeys (ConfUtils.java:logGet(43)) - raft.server.rpcslowness.timeout = 120s (custom)
2019-09-26 10:42:06,029 [pool-187-thread-1] INFO  server.RaftServerConfigKeys (ConfUtils.java:logGet(43)) - raft.server.sleep.deviation.threshold = 300 (default)
2019-09-26 10:42:06,029 [pool-187-thread-1] INFO  server.RaftServerConfigKeys (ConfUtils.java:logGet(43)) - raft.server.log.appender.install.snapshot.enabled = false (custom)
2019-09-26 10:42:06,029 [pool-187-thread-1] INFO  impl.RaftServerImpl (ServerState.java:<init>(103)) - 36aed9aa-ac88-4ede-96ce-810747967900@group-3DB086685F4B: ConfigurationManager, init=-1: [36aed9aa-ac88-4ede-96ce-810747967900:192.168.30.13:46636], old=null, confs=<EMPTY_MAP>
2019-09-26 10:42:06,029 [pool-187-thread-1] INFO  server.RaftServerConfigKeys (ConfUtils.java:logGet(43)) - raft.server.storage.dir = [/workdir/hadoop-ozone/integration-test/target/test-dir/MiniOzoneClusterImpl-f06aceca-1220-4709-852b-f97b29892126/datanode-1/data/ratis] (custom)
2019-09-26 10:42:06,029 [pool-187-thread-1] INFO  storage.RaftStorageDirectory (RaftStorageDirectory.java:analyzeStorage(246)) - The storage directory /workdir/hadoop-ozone/integration-test/target/test-dir/MiniOzoneClusterImpl-f06aceca-1220-4709-852b-f97b29892126/datanode-1/data/ratis/abbc32d4-cca1-4e85-8452-3db086685f4b does not exist. Creating ...
2019-09-26 10:42:06,041 [pool-187-thread-1] INFO  storage.RaftStorageDirectory (RaftStorageDirectory.java:tryLock(328)) - Lock on /workdir/hadoop-ozone/integration-test/target/test-dir/MiniOzoneClusterImpl-f06aceca-1220-4709-852b-f97b29892126/datanode-1/data/ratis/abbc32d4-cca1-4e85-8452-3db086685f4b/in_use.lock acquired by nodename 10232@pr-hdds-1569-wvzgm-824869521
2019-09-26 10:42:06,055 [pool-187-thread-1] INFO  storage.RaftStorage (RaftStorage.java:format(72)) - Storage directory /workdir/hadoop-ozone/integration-test/target/test-dir/MiniOzoneClusterImpl-f06aceca-1220-4709-852b-f97b29892126/datanode-1/data/ratis/abbc32d4-cca1-4e85-8452-3db086685f4b has been successfully formatted.
2019-09-26 10:42:06,055 [pool-187-thread-1] INFO  ratis.ContainerStateMachine (ContainerStateMachine.java:loadSnapshot(230)) - group-3DB086685F4B: The snapshot info is null. Setting the last applied indexto:(t:0, i:~)
2019-09-26 10:42:06,055 [pool-187-thread-1] INFO  server.RaftServerConfigKeys (ConfUtils.java:logGet(43)) - raft.server.notification.no-leader.timeout = 120s (custom)
2019-09-26 10:42:06,055 [pool-187-thread-1] INFO  server.RaftServerConfigKeys (ConfUtils.java:logGet(43)) - raft.server.log.use.memory = false (default)
2019-09-26 10:42:06,055 [pool-187-thread-1] INFO  server.RaftServerConfigKeys (ConfUtils.java:logGet(43)) - raft.server.log.purge.gap = 1000000 (custom)
2019-09-26 10:42:06,056 [pool-187-thread-1] INFO  server.RaftServerConfigKeys (ConfUtils.java:logGet(43)) - raft.server.log.appender.buffer.byte-limit = 33554432 (custom)
2019-09-26 10:42:06,056 [pool-187-thread-1] INFO  server.RaftServerConfigKeys (ConfUtils.java:logGet(43)) - raft.server.log.segment.size.max = 1048576 (custom)
2019-09-26 10:42:06,056 [pool-187-thread-1] INFO  server.RaftServerConfigKeys (ConfUtils.java:logGet(43)) - raft.server.log.segment.cache.num.max = 2 (custom)
2019-09-26 10:42:06,056 [pool-187-thread-1] INFO  segmented.SegmentedRaftLogWorker (SegmentedRaftLogWorker.java:<init>(172)) - new 36aed9aa-ac88-4ede-96ce-810747967900@group-3DB086685F4B-SegmentedRaftLogWorker for RaftStorage:Storage Directory /workdir/hadoop-ozone/integration-test/target/test-dir/MiniOzoneClusterImpl-f06aceca-1220-4709-852b-f97b29892126/datanode-1/data/ratis/abbc32d4-cca1-4e85-8452-3db086685f4b
2019-09-26 10:42:06,056 [pool-187-thread-1] INFO  server.RaftServerConfigKeys (ConfUtils.java:logGet(43)) - raft.server.log.queue.byte-limit = 2147483647 (custom)
2019-09-26 10:42:06,056 [pool-187-thread-1] INFO  server.RaftServerConfigKeys (ConfUtils.java:logGet(43)) - raft.server.log.queue.element-limit = 1024 (custom)
2019-09-26 10:42:06,057 [pool-187-thread-1] INFO  server.RaftServerConfigKeys (ConfUtils.java:logGet(43)) - raft.server.log.segment.size.max = 1048576 (custom)
2019-09-26 10:42:06,057 [pool-187-thread-1] INFO  server.RaftServerConfigKeys (ConfUtils.java:logGet(43)) - raft.server.log.preallocated.size = 16384 (custom)
2019-09-26 10:42:06,057 [pool-187-thread-1] INFO  server.RaftServerConfigKeys (ConfUtils.java:logGet(43)) - raft.server.log.write.buffer.size = 33554432 (custom)
2019-09-26 10:42:06,057 [pool-187-thread-1] INFO  server.RaftServerConfigKeys (ConfUtils.java:logGet(43)) - raft.server.log.force.sync.num = 128 (default)
2019-09-26 10:42:06,057 [pool-187-thread-1] INFO  server.RaftServerConfigKeys (ConfUtils.java:logGet(43)) - raft.server.log.statemachine.data.sync = true (default)
2019-09-26 10:42:06,057 [pool-187-thread-1] INFO  server.RaftServerConfigKeys (ConfUtils.java:logGet(43)) - raft.server.log.statemachine.data.sync.timeout = 10s (default)
2019-09-26 10:42:06,057 [pool-187-thread-1] INFO  server.RaftServerConfigKeys (ConfUtils.java:logGet(43)) - raft.server.log.statemachine.data.sync.timeout.retry = -1 (default)
2019-09-26 10:42:06,058 [pool-187-thread-1] INFO  server.RaftServerConfigKeys (ConfUtils.java:logGet(43)) - raft.server.log.statemachine.data.caching.enabled = true (custom)
2019-09-26 10:42:06,058 [pool-187-thread-1] INFO  segmented.SegmentedRaftLogWorker (SegmentedRaftLogWorker.java:lambda$new$0(132)) - 36aed9aa-ac88-4ede-96ce-810747967900@group-3DB086685F4B-SegmentedRaftLogWorker: flushIndex: setUnconditionally 0 -> -1
2019-09-26 10:42:06,058 [pool-187-thread-1] INFO  server.RaftServerConfigKeys (ConfUtils.java:logGet(43)) - raft.server.snapshot.auto.trigger.enabled = true (custom)
2019-09-26 10:42:06,058 [pool-187-thread-1] INFO  server.RaftServerConfigKeys (ConfUtils.java:logGet(43)) - raft.server.snapshot.auto.trigger.threshold = 10000 (custom)
2019-09-26 10:42:06,059 [pool-187-thread-1] INFO  server.RaftServerConfigKeys (ConfUtils.java:logGet(43)) - raft.server.snapshot.retention.num.files = 5 (custom)
2019-09-26 10:42:06,059 [pool-187-thread-1] INFO  server.RaftServerConfigKeys (ConfUtils.java:logGet(43)) - raft.server.retrycache.expirytime = 600000ms (custom)
2019-09-26 10:42:06,061 [pool-187-thread-1] INFO  impl.RaftServerImpl (RaftServerImpl.java:start(185)) - 36aed9aa-ac88-4ede-96ce-810747967900@group-3DB086685F4B: start as a follower, conf=-1: [36aed9aa-ac88-4ede-96ce-810747967900:192.168.30.13:46636], old=null
2019-09-26 10:42:06,061 [pool-187-thread-1] INFO  impl.RaftServerImpl (RaftServerImpl.java:setRole(174)) - 36aed9aa-ac88-4ede-96ce-810747967900@group-3DB086685F4B: changes role from      null to FOLLOWER at term 0 for startAsFollower
2019-09-26 10:42:06,061 [pool-187-thread-1] INFO  impl.RoleInfo (RoleInfo.java:updateAndGet(143)) - 36aed9aa-ac88-4ede-96ce-810747967900: start FollowerState
2019-09-26 10:42:06,061 [pool-187-thread-1] INFO  util.JmxRegister (JmxRegister.java:tryRegister(44)) - Successfully registered JMX Bean with object name Ratis:service=RaftServer,group=group-3DB086685F4B,id=36aed9aa-ac88-4ede-96ce-810747967900
2019-09-26 10:42:06,064 [RatisPipelineUtilsThread] INFO  pipeline.PipelineStateManager (PipelineStateManager.java:addPipeline(56)) - Created pipeline Pipeline[ Id: abbc32d4-cca1-4e85-8452-3db086685f4b, Nodes: 36aed9aa-ac88-4ede-96ce-810747967900{ip: 192.168.30.13, host: pr-hdds-1569-wvzgm-824869521, networkLocation: /default-rack, certSerialId: null}, Type:RATIS, Factor:ONE, State:OPEN]
2019-09-26 10:42:06,064 [RatisPipelineUtilsThread] INFO  pipeline.PipelinePlacementPolicy (PipelinePlacementPolicy.java:meetCriteria(91)) - Pipeline Placement: can't place more pipeline on heavy datanode： b91e650f-93ae-4c6b-a097-1df9422d1ecf Heaviness: 6 limit: 5
2019-09-26 10:42:06,070 [grpc-default-executor-0] INFO  impl.RaftServerProxy (RaftServerProxy.java:addNew(89)) - 36aed9aa-ac88-4ede-96ce-810747967900: addNew group-6EE2D8F68520:[36aed9aa-ac88-4ede-96ce-810747967900:192.168.30.13:46636] returns group-6EE2D8F68520:java.util.concurrent.CompletableFuture@d3aa467[Not completed]
2019-09-26 10:42:06,071 [pool-187-thread-1] INFO  impl.RaftServerImpl (RaftServerImpl.java:<init>(95)) - 36aed9aa-ac88-4ede-96ce-810747967900: new RaftServerImpl for group-6EE2D8F68520:[36aed9aa-ac88-4ede-96ce-810747967900:192.168.30.13:46636] with ContainerStateMachine:uninitialized
2019-09-26 10:42:06,071 [pool-187-thread-1] INFO  server.RaftServerConfigKeys (ConfUtils.java:logGet(43)) - raft.server.rpc.timeout.min = 5s (custom)
2019-09-26 10:42:06,071 [pool-187-thread-1] INFO  server.RaftServerConfigKeys (ConfUtils.java:logGet(43)) - raft.server.rpc.timeout.max = 5200ms (custom)
2019-09-26 10:42:06,071 [pool-187-thread-1] INFO  server.RaftServerConfigKeys (ConfUtils.java:logGet(43)) - raft.server.rpcslowness.timeout = 120s (custom)
2019-09-26 10:42:06,071 [pool-187-thread-1] INFO  server.RaftServerConfigKeys (ConfUtils.java:logGet(43)) - raft.server.sleep.deviation.threshold = 300 (default)
2019-09-26 10:42:06,071 [pool-187-thread-1] INFO  server.RaftServerConfigKeys (ConfUtils.java:logGet(43)) - raft.server.log.appender.install.snapshot.enabled = false (custom)
2019-09-26 10:42:06,071 [pool-187-thread-1] INFO  impl.RaftServerImpl (ServerState.java:<init>(103)) - 36aed9aa-ac88-4ede-96ce-810747967900@group-6EE2D8F68520: ConfigurationManager, init=-1: [36aed9aa-ac88-4ede-96ce-810747967900:192.168.30.13:46636], old=null, confs=<EMPTY_MAP>
2019-09-26 10:42:06,072 [pool-187-thread-1] INFO  server.RaftServerConfigKeys (ConfUtils.java:logGet(43)) - raft.server.storage.dir = [/workdir/hadoop-ozone/integration-test/target/test-dir/MiniOzoneClusterImpl-f06aceca-1220-4709-852b-f97b29892126/datanode-1/data/ratis] (custom)
2019-09-26 10:42:06,072 [pool-187-thread-1] INFO  storage.RaftStorageDirectory (RaftStorageDirectory.java:analyzeStorage(246)) - The storage directory /workdir/hadoop-ozone/integration-test/target/test-dir/MiniOzoneClusterImpl-f06aceca-1220-4709-852b-f97b29892126/datanode-1/data/ratis/3da0fee4-51e0-4e01-89a3-6ee2d8f68520 does not exist. Creating ...
2019-09-26 10:42:06,084 [pool-187-thread-1] INFO  storage.RaftStorageDirectory (RaftStorageDirectory.java:tryLock(328)) - Lock on /workdir/hadoop-ozone/integration-test/target/test-dir/MiniOzoneClusterImpl-f06aceca-1220-4709-852b-f97b29892126/datanode-1/data/ratis/3da0fee4-51e0-4e01-89a3-6ee2d8f68520/in_use.lock acquired by nodename 10232@pr-hdds-1569-wvzgm-824869521
2019-09-26 10:42:06,097 [pool-187-thread-1] INFO  storage.RaftStorage (RaftStorage.java:format(72)) - Storage directory /workdir/hadoop-ozone/integration-test/target/test-dir/MiniOzoneClusterImpl-f06aceca-1220-4709-852b-f97b29892126/datanode-1/data/ratis/3da0fee4-51e0-4e01-89a3-6ee2d8f68520 has been successfully formatted.
2019-09-26 10:42:06,097 [pool-187-thread-1] INFO  ratis.ContainerStateMachine (ContainerStateMachine.java:loadSnapshot(230)) - group-6EE2D8F68520: The snapshot info is null. Setting the last applied indexto:(t:0, i:~)
2019-09-26 10:42:06,098 [pool-187-thread-1] INFO  server.RaftServerConfigKeys (ConfUtils.java:logGet(43)) - raft.server.notification.no-leader.timeout = 120s (custom)
2019-09-26 10:42:06,098 [pool-187-thread-1] INFO  server.RaftServerConfigKeys (ConfUtils.java:logGet(43)) - raft.server.log.use.memory = false (default)
2019-09-26 10:42:06,098 [pool-187-thread-1] INFO  server.RaftServerConfigKeys (ConfUtils.java:logGet(43)) - raft.server.log.purge.gap = 1000000 (custom)
2019-09-26 10:42:06,098 [pool-187-thread-1] INFO  server.RaftServerConfigKeys (ConfUtils.java:logGet(43)) - raft.server.log.appender.buffer.byte-limit = 33554432 (custom)
2019-09-26 10:42:06,098 [pool-187-thread-1] INFO  server.RaftServerConfigKeys (ConfUtils.java:logGet(43)) - raft.server.log.segment.size.max = 1048576 (custom)
2019-09-26 10:42:06,098 [pool-187-thread-1] INFO  server.RaftServerConfigKeys (ConfUtils.java:logGet(43)) - raft.server.log.segment.cache.num.max = 2 (custom)
2019-09-26 10:42:06,099 [pool-187-thread-1] INFO  segmented.SegmentedRaftLogWorker (SegmentedRaftLogWorker.java:<init>(172)) - new 36aed9aa-ac88-4ede-96ce-810747967900@group-6EE2D8F68520-SegmentedRaftLogWorker for RaftStorage:Storage Directory /workdir/hadoop-ozone/integration-test/target/test-dir/MiniOzoneClusterImpl-f06aceca-1220-4709-852b-f97b29892126/datanode-1/data/ratis/3da0fee4-51e0-4e01-89a3-6ee2d8f68520
2019-09-26 10:42:06,099 [pool-187-thread-1] INFO  server.RaftServerConfigKeys (ConfUtils.java:logGet(43)) - raft.server.log.queue.byte-limit = 2147483647 (custom)
2019-09-26 10:42:06,099 [pool-187-thread-1] INFO  server.RaftServerConfigKeys (ConfUtils.java:logGet(43)) - raft.server.log.queue.element-limit = 1024 (custom)
2019-09-26 10:42:06,099 [pool-187-thread-1] INFO  server.RaftServerConfigKeys (ConfUtils.java:logGet(43)) - raft.server.log.segment.size.max = 1048576 (custom)
2019-09-26 10:42:06,099 [pool-187-thread-1] INFO  server.RaftServerConfigKeys (ConfUtils.java:logGet(43)) - raft.server.log.preallocated.size = 16384 (custom)
2019-09-26 10:42:06,099 [pool-187-thread-1] INFO  server.RaftServerConfigKeys (ConfUtils.java:logGet(43)) - raft.server.log.write.buffer.size = 33554432 (custom)
2019-09-26 10:42:06,099 [pool-187-thread-1] INFO  server.RaftServerConfigKeys (ConfUtils.java:logGet(43)) - raft.server.log.force.sync.num = 128 (default)
2019-09-26 10:42:06,100 [pool-187-thread-1] INFO  server.RaftServerConfigKeys (ConfUtils.java:logGet(43)) - raft.server.log.statemachine.data.sync = true (default)
2019-09-26 10:42:06,100 [pool-187-thread-1] INFO  server.RaftServerConfigKeys (ConfUtils.java:logGet(43)) - raft.server.log.statemachine.data.sync.timeout = 10s (default)
2019-09-26 10:42:06,100 [pool-187-thread-1] INFO  server.RaftServerConfigKeys (ConfUtils.java:logGet(43)) - raft.server.log.statemachine.data.sync.timeout.retry = -1 (default)
2019-09-26 10:42:06,100 [pool-187-thread-1] INFO  server.RaftServerConfigKeys (ConfUtils.java:logGet(43)) - raft.server.log.statemachine.data.caching.enabled = true (custom)
2019-09-26 10:42:06,100 [pool-187-thread-1] INFO  segmented.SegmentedRaftLogWorker (SegmentedRaftLogWorker.java:lambda$new$0(132)) - 36aed9aa-ac88-4ede-96ce-810747967900@group-6EE2D8F68520-SegmentedRaftLogWorker: flushIndex: setUnconditionally 0 -> -1
2019-09-26 10:42:06,101 [pool-187-thread-1] INFO  server.RaftServerConfigKeys (ConfUtils.java:logGet(43)) - raft.server.snapshot.auto.trigger.enabled = true (custom)
2019-09-26 10:42:06,101 [pool-187-thread-1] INFO  server.RaftServerConfigKeys (ConfUtils.java:logGet(43)) - raft.server.snapshot.auto.trigger.threshold = 10000 (custom)
2019-09-26 10:42:06,101 [pool-187-thread-1] INFO  server.RaftServerConfigKeys (ConfUtils.java:logGet(43)) - raft.server.snapshot.retention.num.files = 5 (custom)
2019-09-26 10:42:06,101 [pool-187-thread-1] INFO  server.RaftServerConfigKeys (ConfUtils.java:logGet(43)) - raft.server.retrycache.expirytime = 600000ms (custom)
2019-09-26 10:42:06,103 [pool-187-thread-1] INFO  impl.RaftServerImpl (RaftServerImpl.java:start(185)) - 36aed9aa-ac88-4ede-96ce-810747967900@group-6EE2D8F68520: start as a follower, conf=-1: [36aed9aa-ac88-4ede-96ce-810747967900:192.168.30.13:46636], old=null
2019-09-26 10:42:06,103 [pool-187-thread-1] INFO  impl.RaftServerImpl (RaftServerImpl.java:setRole(174)) - 36aed9aa-ac88-4ede-96ce-810747967900@group-6EE2D8F68520: changes role from      null to FOLLOWER at term 0 for startAsFollower
2019-09-26 10:42:06,103 [pool-187-thread-1] INFO  impl.RoleInfo (RoleInfo.java:updateAndGet(143)) - 36aed9aa-ac88-4ede-96ce-810747967900: start FollowerState
2019-09-26 10:42:06,104 [pool-187-thread-1] INFO  util.JmxRegister (JmxRegister.java:tryRegister(44)) - Successfully registered JMX Bean with object name Ratis:service=RaftServer,group=group-6EE2D8F68520,id=36aed9aa-ac88-4ede-96ce-810747967900
2019-09-26 10:42:06,107 [RatisPipelineUtilsThread] INFO  pipeline.PipelineStateManager (PipelineStateManager.java:addPipeline(56)) - Created pipeline Pipeline[ Id: 3da0fee4-51e0-4e01-89a3-6ee2d8f68520, Nodes: 36aed9aa-ac88-4ede-96ce-810747967900{ip: 192.168.30.13, host: pr-hdds-1569-wvzgm-824869521, networkLocation: /default-rack, certSerialId: null}, Type:RATIS, Factor:ONE, State:OPEN]
2019-09-26 10:42:06,107 [RatisPipelineUtilsThread] INFO  pipeline.PipelinePlacementPolicy (PipelinePlacementPolicy.java:meetCriteria(91)) - Pipeline Placement: can't place more pipeline on heavy datanode： b91e650f-93ae-4c6b-a097-1df9422d1ecf Heaviness: 6 limit: 5
2019-09-26 10:42:06,107 [RatisPipelineUtilsThread] INFO  pipeline.PipelinePlacementPolicy (PipelinePlacementPolicy.java:meetCriteria(91)) - Pipeline Placement: can't place more pipeline on heavy datanode： 36aed9aa-ac88-4ede-96ce-810747967900 Heaviness: 6 limit: 5
2019-09-26 10:42:06,113 [grpc-default-executor-0] INFO  impl.RaftServerProxy (RaftServerProxy.java:addNew(89)) - a68ea93d-94dd-4f22-bee3-ae449a597286: addNew group-F2206299FEF8:[a68ea93d-94dd-4f22-bee3-ae449a597286:192.168.30.13:35009] returns group-F2206299FEF8:java.util.concurrent.CompletableFuture@4a24b643[Not completed]
2019-09-26 10:42:06,114 [pool-197-thread-1] INFO  impl.RaftServerImpl (RaftServerImpl.java:<init>(95)) - a68ea93d-94dd-4f22-bee3-ae449a597286: new RaftServerImpl for group-F2206299FEF8:[a68ea93d-94dd-4f22-bee3-ae449a597286:192.168.30.13:35009] with ContainerStateMachine:uninitialized
2019-09-26 10:42:06,114 [pool-197-thread-1] INFO  server.RaftServerConfigKeys (ConfUtils.java:logGet(43)) - raft.server.rpc.timeout.min = 5s (custom)
2019-09-26 10:42:06,115 [pool-197-thread-1] INFO  server.RaftServerConfigKeys (ConfUtils.java:logGet(43)) - raft.server.rpc.timeout.max = 5200ms (custom)
2019-09-26 10:42:06,115 [pool-197-thread-1] INFO  server.RaftServerConfigKeys (ConfUtils.java:logGet(43)) - raft.server.rpcslowness.timeout = 120s (custom)
2019-09-26 10:42:06,115 [pool-197-thread-1] INFO  server.RaftServerConfigKeys (ConfUtils.java:logGet(43)) - raft.server.sleep.deviation.threshold = 300 (default)
2019-09-26 10:42:06,115 [pool-197-thread-1] INFO  server.RaftServerConfigKeys (ConfUtils.java:logGet(43)) - raft.server.log.appender.install.snapshot.enabled = false (custom)
2019-09-26 10:42:06,115 [pool-197-thread-1] INFO  impl.RaftServerImpl (ServerState.java:<init>(103)) - a68ea93d-94dd-4f22-bee3-ae449a597286@group-F2206299FEF8: ConfigurationManager, init=-1: [a68ea93d-94dd-4f22-bee3-ae449a597286:192.168.30.13:35009], old=null, confs=<EMPTY_MAP>
2019-09-26 10:42:06,115 [pool-197-thread-1] INFO  server.RaftServerConfigKeys (ConfUtils.java:logGet(43)) - raft.server.storage.dir = [/workdir/hadoop-ozone/integration-test/target/test-dir/MiniOzoneClusterImpl-f06aceca-1220-4709-852b-f97b29892126/datanode-2/data/ratis] (custom)
2019-09-26 10:42:06,116 [pool-197-thread-1] INFO  storage.RaftStorageDirectory (RaftStorageDirectory.java:analyzeStorage(246)) - The storage directory /workdir/hadoop-ozone/integration-test/target/test-dir/MiniOzoneClusterImpl-f06aceca-1220-4709-852b-f97b29892126/datanode-2/data/ratis/7cef1da5-6c04-42eb-be56-f2206299fef8 does not exist. Creating ...
2019-09-26 10:42:06,128 [pool-197-thread-1] INFO  storage.RaftStorageDirectory (RaftStorageDirectory.java:tryLock(328)) - Lock on /workdir/hadoop-ozone/integration-test/target/test-dir/MiniOzoneClusterImpl-f06aceca-1220-4709-852b-f97b29892126/datanode-2/data/ratis/7cef1da5-6c04-42eb-be56-f2206299fef8/in_use.lock acquired by nodename 10232@pr-hdds-1569-wvzgm-824869521
2019-09-26 10:42:06,141 [pool-197-thread-1] INFO  storage.RaftStorage (RaftStorage.java:format(72)) - Storage directory /workdir/hadoop-ozone/integration-test/target/test-dir/MiniOzoneClusterImpl-f06aceca-1220-4709-852b-f97b29892126/datanode-2/data/ratis/7cef1da5-6c04-42eb-be56-f2206299fef8 has been successfully formatted.
2019-09-26 10:42:06,141 [pool-197-thread-1] INFO  ratis.ContainerStateMachine (ContainerStateMachine.java:loadSnapshot(230)) - group-F2206299FEF8: The snapshot info is null. Setting the last applied indexto:(t:0, i:~)
2019-09-26 10:42:06,141 [pool-197-thread-1] INFO  server.RaftServerConfigKeys (ConfUtils.java:logGet(43)) - raft.server.notification.no-leader.timeout = 120s (custom)
2019-09-26 10:42:06,141 [pool-197-thread-1] INFO  server.RaftServerConfigKeys (ConfUtils.java:logGet(43)) - raft.server.log.use.memory = false (default)
2019-09-26 10:42:06,141 [pool-197-thread-1] INFO  server.RaftServerConfigKeys (ConfUtils.java:logGet(43)) - raft.server.log.purge.gap = 1000000 (custom)
2019-09-26 10:42:06,141 [pool-197-thread-1] INFO  server.RaftServerConfigKeys (ConfUtils.java:logGet(43)) - raft.server.log.appender.buffer.byte-limit = 33554432 (custom)
2019-09-26 10:42:06,142 [pool-197-thread-1] INFO  server.RaftServerConfigKeys (ConfUtils.java:logGet(43)) - raft.server.log.segment.size.max = 1048576 (custom)
2019-09-26 10:42:06,142 [pool-197-thread-1] INFO  server.RaftServerConfigKeys (ConfUtils.java:logGet(43)) - raft.server.log.segment.cache.num.max = 2 (custom)
2019-09-26 10:42:06,142 [pool-197-thread-1] INFO  segmented.SegmentedRaftLogWorker (SegmentedRaftLogWorker.java:<init>(172)) - new a68ea93d-94dd-4f22-bee3-ae449a597286@group-F2206299FEF8-SegmentedRaftLogWorker for RaftStorage:Storage Directory /workdir/hadoop-ozone/integration-test/target/test-dir/MiniOzoneClusterImpl-f06aceca-1220-4709-852b-f97b29892126/datanode-2/data/ratis/7cef1da5-6c04-42eb-be56-f2206299fef8
2019-09-26 10:42:06,142 [pool-197-thread-1] INFO  server.RaftServerConfigKeys (ConfUtils.java:logGet(43)) - raft.server.log.queue.byte-limit = 2147483647 (custom)
2019-09-26 10:42:06,142 [pool-197-thread-1] INFO  server.RaftServerConfigKeys (ConfUtils.java:logGet(43)) - raft.server.log.queue.element-limit = 1024 (custom)
2019-09-26 10:42:06,142 [pool-197-thread-1] INFO  server.RaftServerConfigKeys (ConfUtils.java:logGet(43)) - raft.server.log.segment.size.max = 1048576 (custom)
2019-09-26 10:42:06,142 [pool-197-thread-1] INFO  server.RaftServerConfigKeys (ConfUtils.java:logGet(43)) - raft.server.log.preallocated.size = 16384 (custom)
2019-09-26 10:42:06,143 [pool-197-thread-1] INFO  server.RaftServerConfigKeys (ConfUtils.java:logGet(43)) - raft.server.log.write.buffer.size = 33554432 (custom)
2019-09-26 10:42:06,143 [pool-197-thread-1] INFO  server.RaftServerConfigKeys (ConfUtils.java:logGet(43)) - raft.server.log.force.sync.num = 128 (default)
2019-09-26 10:42:06,143 [pool-197-thread-1] INFO  server.RaftServerConfigKeys (ConfUtils.java:logGet(43)) - raft.server.log.statemachine.data.sync = true (default)
2019-09-26 10:42:06,143 [pool-197-thread-1] INFO  server.RaftServerConfigKeys (ConfUtils.java:logGet(43)) - raft.server.log.statemachine.data.sync.timeout = 10s (default)
2019-09-26 10:42:06,143 [pool-197-thread-1] INFO  server.RaftServerConfigKeys (ConfUtils.java:logGet(43)) - raft.server.log.statemachine.data.sync.timeout.retry = -1 (default)
2019-09-26 10:42:06,143 [pool-197-thread-1] INFO  server.RaftServerConfigKeys (ConfUtils.java:logGet(43)) - raft.server.log.statemachine.data.caching.enabled = true (custom)
2019-09-26 10:42:06,144 [pool-197-thread-1] INFO  segmented.SegmentedRaftLogWorker (SegmentedRaftLogWorker.java:lambda$new$0(132)) - a68ea93d-94dd-4f22-bee3-ae449a597286@group-F2206299FEF8-SegmentedRaftLogWorker: flushIndex: setUnconditionally 0 -> -1
2019-09-26 10:42:06,144 [pool-197-thread-1] INFO  server.RaftServerConfigKeys (ConfUtils.java:logGet(43)) - raft.server.snapshot.auto.trigger.enabled = true (custom)
2019-09-26 10:42:06,144 [pool-197-thread-1] INFO  server.RaftServerConfigKeys (ConfUtils.java:logGet(43)) - raft.server.snapshot.auto.trigger.threshold = 10000 (custom)
2019-09-26 10:42:06,144 [pool-197-thread-1] INFO  server.RaftServerConfigKeys (ConfUtils.java:logGet(43)) - raft.server.snapshot.retention.num.files = 5 (custom)
2019-09-26 10:42:06,145 [pool-197-thread-1] INFO  server.RaftServerConfigKeys (ConfUtils.java:logGet(43)) - raft.server.retrycache.expirytime = 600000ms (custom)
2019-09-26 10:42:06,146 [pool-197-thread-1] INFO  impl.RaftServerImpl (RaftServerImpl.java:start(185)) - a68ea93d-94dd-4f22-bee3-ae449a597286@group-F2206299FEF8: start as a follower, conf=-1: [a68ea93d-94dd-4f22-bee3-ae449a597286:192.168.30.13:35009], old=null
2019-09-26 10:42:06,147 [pool-197-thread-1] INFO  impl.RaftServerImpl (RaftServerImpl.java:setRole(174)) - a68ea93d-94dd-4f22-bee3-ae449a597286@group-F2206299FEF8: changes role from      null to FOLLOWER at term 0 for startAsFollower
2019-09-26 10:42:06,147 [pool-197-thread-1] INFO  impl.RoleInfo (RoleInfo.java:updateAndGet(143)) - a68ea93d-94dd-4f22-bee3-ae449a597286: start FollowerState
2019-09-26 10:42:06,147 [pool-197-thread-1] INFO  util.JmxRegister (JmxRegister.java:tryRegister(44)) - Successfully registered JMX Bean with object name Ratis:service=RaftServer,group=group-F2206299FEF8,id=a68ea93d-94dd-4f22-bee3-ae449a597286
2019-09-26 10:42:06,150 [RatisPipelineUtilsThread] INFO  pipeline.PipelineStateManager (PipelineStateManager.java:addPipeline(56)) - Created pipeline Pipeline[ Id: 7cef1da5-6c04-42eb-be56-f2206299fef8, Nodes: a68ea93d-94dd-4f22-bee3-ae449a597286{ip: 192.168.30.13, host: pr-hdds-1569-wvzgm-824869521, networkLocation: /default-rack, certSerialId: null}, Type:RATIS, Factor:ONE, State:OPEN]
2019-09-26 10:42:06,150 [RatisPipelineUtilsThread] INFO  pipeline.PipelinePlacementPolicy (PipelinePlacementPolicy.java:meetCriteria(91)) - Pipeline Placement: can't place more pipeline on heavy datanode： b91e650f-93ae-4c6b-a097-1df9422d1ecf Heaviness: 6 limit: 5
2019-09-26 10:42:06,150 [RatisPipelineUtilsThread] INFO  pipeline.PipelinePlacementPolicy (PipelinePlacementPolicy.java:meetCriteria(91)) - Pipeline Placement: can't place more pipeline on heavy datanode： 36aed9aa-ac88-4ede-96ce-810747967900 Heaviness: 6 limit: 5
2019-09-26 10:42:06,155 [grpc-default-executor-0] INFO  impl.RaftServerProxy (RaftServerProxy.java:addNew(89)) - a68ea93d-94dd-4f22-bee3-ae449a597286: addNew group-5D84B1243DBB:[a68ea93d-94dd-4f22-bee3-ae449a597286:192.168.30.13:35009] returns group-5D84B1243DBB:java.util.concurrent.CompletableFuture@1aac40e2[Not completed]
2019-09-26 10:42:06,156 [pool-197-thread-1] INFO  impl.RaftServerImpl (RaftServerImpl.java:<init>(95)) - a68ea93d-94dd-4f22-bee3-ae449a597286: new RaftServerImpl for group-5D84B1243DBB:[a68ea93d-94dd-4f22-bee3-ae449a597286:192.168.30.13:35009] with ContainerStateMachine:uninitialized
2019-09-26 10:42:06,156 [pool-197-thread-1] INFO  server.RaftServerConfigKeys (ConfUtils.java:logGet(43)) - raft.server.rpc.timeout.min = 5s (custom)
2019-09-26 10:42:06,156 [pool-197-thread-1] INFO  server.RaftServerConfigKeys (ConfUtils.java:logGet(43)) - raft.server.rpc.timeout.max = 5200ms (custom)
2019-09-26 10:42:06,156 [pool-197-thread-1] INFO  server.RaftServerConfigKeys (ConfUtils.java:logGet(43)) - raft.server.rpcslowness.timeout = 120s (custom)
2019-09-26 10:42:06,157 [pool-197-thread-1] INFO  server.RaftServerConfigKeys (ConfUtils.java:logGet(43)) - raft.server.sleep.deviation.threshold = 300 (default)
2019-09-26 10:42:06,157 [pool-197-thread-1] INFO  server.RaftServerConfigKeys (ConfUtils.java:logGet(43)) - raft.server.log.appender.install.snapshot.enabled = false (custom)
2019-09-26 10:42:06,157 [pool-197-thread-1] INFO  impl.RaftServerImpl (ServerState.java:<init>(103)) - a68ea93d-94dd-4f22-bee3-ae449a597286@group-5D84B1243DBB: ConfigurationManager, init=-1: [a68ea93d-94dd-4f22-bee3-ae449a597286:192.168.30.13:35009], old=null, confs=<EMPTY_MAP>
2019-09-26 10:42:06,157 [pool-197-thread-1] INFO  server.RaftServerConfigKeys (ConfUtils.java:logGet(43)) - raft.server.storage.dir = [/workdir/hadoop-ozone/integration-test/target/test-dir/MiniOzoneClusterImpl-f06aceca-1220-4709-852b-f97b29892126/datanode-2/data/ratis] (custom)
2019-09-26 10:42:06,157 [pool-197-thread-1] INFO  storage.RaftStorageDirectory (RaftStorageDirectory.java:analyzeStorage(246)) - The storage directory /workdir/hadoop-ozone/integration-test/target/test-dir/MiniOzoneClusterImpl-f06aceca-1220-4709-852b-f97b29892126/datanode-2/data/ratis/0bf76c7d-d969-4718-a5d7-5d84b1243dbb does not exist. Creating ...
2019-09-26 10:42:06,170 [pool-197-thread-1] INFO  storage.RaftStorageDirectory (RaftStorageDirectory.java:tryLock(328)) - Lock on /workdir/hadoop-ozone/integration-test/target/test-dir/MiniOzoneClusterImpl-f06aceca-1220-4709-852b-f97b29892126/datanode-2/data/ratis/0bf76c7d-d969-4718-a5d7-5d84b1243dbb/in_use.lock acquired by nodename 10232@pr-hdds-1569-wvzgm-824869521
2019-09-26 10:42:06,183 [pool-197-thread-1] INFO  storage.RaftStorage (RaftStorage.java:format(72)) - Storage directory /workdir/hadoop-ozone/integration-test/target/test-dir/MiniOzoneClusterImpl-f06aceca-1220-4709-852b-f97b29892126/datanode-2/data/ratis/0bf76c7d-d969-4718-a5d7-5d84b1243dbb has been successfully formatted.
2019-09-26 10:42:06,183 [pool-197-thread-1] INFO  ratis.ContainerStateMachine (ContainerStateMachine.java:loadSnapshot(230)) - group-5D84B1243DBB: The snapshot info is null. Setting the last applied indexto:(t:0, i:~)
2019-09-26 10:42:06,183 [pool-197-thread-1] INFO  server.RaftServerConfigKeys (ConfUtils.java:logGet(43)) - raft.server.notification.no-leader.timeout = 120s (custom)
2019-09-26 10:42:06,183 [pool-197-thread-1] INFO  server.RaftServerConfigKeys (ConfUtils.java:logGet(43)) - raft.server.log.use.memory = false (default)
2019-09-26 10:42:06,183 [pool-197-thread-1] INFO  server.RaftServerConfigKeys (ConfUtils.java:logGet(43)) - raft.server.log.purge.gap = 1000000 (custom)
2019-09-26 10:42:06,183 [pool-197-thread-1] INFO  server.RaftServerConfigKeys (ConfUtils.java:logGet(43)) - raft.server.log.appender.buffer.byte-limit = 33554432 (custom)
2019-09-26 10:42:06,184 [pool-197-thread-1] INFO  server.RaftServerConfigKeys (ConfUtils.java:logGet(43)) - raft.server.log.segment.size.max = 1048576 (custom)
2019-09-26 10:42:06,184 [pool-197-thread-1] INFO  server.RaftServerConfigKeys (ConfUtils.java:logGet(43)) - raft.server.log.segment.cache.num.max = 2 (custom)
2019-09-26 10:42:06,184 [pool-197-thread-1] INFO  segmented.SegmentedRaftLogWorker (SegmentedRaftLogWorker.java:<init>(172)) - new a68ea93d-94dd-4f22-bee3-ae449a597286@group-5D84B1243DBB-SegmentedRaftLogWorker for RaftStorage:Storage Directory /workdir/hadoop-ozone/integration-test/target/test-dir/MiniOzoneClusterImpl-f06aceca-1220-4709-852b-f97b29892126/datanode-2/data/ratis/0bf76c7d-d969-4718-a5d7-5d84b1243dbb
2019-09-26 10:42:06,184 [pool-197-thread-1] INFO  server.RaftServerConfigKeys (ConfUtils.java:logGet(43)) - raft.server.log.queue.byte-limit = 2147483647 (custom)
2019-09-26 10:42:06,184 [pool-197-thread-1] INFO  server.RaftServerConfigKeys (ConfUtils.java:logGet(43)) - raft.server.log.queue.element-limit = 1024 (custom)
2019-09-26 10:42:06,184 [pool-197-thread-1] INFO  server.RaftServerConfigKeys (ConfUtils.java:logGet(43)) - raft.server.log.segment.size.max = 1048576 (custom)
2019-09-26 10:42:06,184 [pool-197-thread-1] INFO  server.RaftServerConfigKeys (ConfUtils.java:logGet(43)) - raft.server.log.preallocated.size = 16384 (custom)
2019-09-26 10:42:06,184 [pool-197-thread-1] INFO  server.RaftServerConfigKeys (ConfUtils.java:logGet(43)) - raft.server.log.write.buffer.size = 33554432 (custom)
2019-09-26 10:42:06,185 [pool-197-thread-1] INFO  server.RaftServerConfigKeys (ConfUtils.java:logGet(43)) - raft.server.log.force.sync.num = 128 (default)
2019-09-26 10:42:06,185 [pool-197-thread-1] INFO  server.RaftServerConfigKeys (ConfUtils.java:logGet(43)) - raft.server.log.statemachine.data.sync = true (default)
2019-09-26 10:42:06,185 [pool-197-thread-1] INFO  server.RaftServerConfigKeys (ConfUtils.java:logGet(43)) - raft.server.log.statemachine.data.sync.timeout = 10s (default)
2019-09-26 10:42:06,185 [pool-197-thread-1] INFO  server.RaftServerConfigKeys (ConfUtils.java:logGet(43)) - raft.server.log.statemachine.data.sync.timeout.retry = -1 (default)
2019-09-26 10:42:06,185 [pool-197-thread-1] INFO  server.RaftServerConfigKeys (ConfUtils.java:logGet(43)) - raft.server.log.statemachine.data.caching.enabled = true (custom)
2019-09-26 10:42:06,185 [pool-197-thread-1] INFO  segmented.SegmentedRaftLogWorker (SegmentedRaftLogWorker.java:lambda$new$0(132)) - a68ea93d-94dd-4f22-bee3-ae449a597286@group-5D84B1243DBB-SegmentedRaftLogWorker: flushIndex: setUnconditionally 0 -> -1
2019-09-26 10:42:06,186 [pool-197-thread-1] INFO  server.RaftServerConfigKeys (ConfUtils.java:logGet(43)) - raft.server.snapshot.auto.trigger.enabled = true (custom)
2019-09-26 10:42:06,186 [pool-197-thread-1] INFO  server.RaftServerConfigKeys (ConfUtils.java:logGet(43)) - raft.server.snapshot.auto.trigger.threshold = 10000 (custom)
2019-09-26 10:42:06,186 [pool-197-thread-1] INFO  server.RaftServerConfigKeys (ConfUtils.java:logGet(43)) - raft.server.snapshot.retention.num.files = 5 (custom)
2019-09-26 10:42:06,186 [pool-197-thread-1] INFO  server.RaftServerConfigKeys (ConfUtils.java:logGet(43)) - raft.server.retrycache.expirytime = 600000ms (custom)
2019-09-26 10:42:06,187 [pool-197-thread-1] INFO  impl.RaftServerImpl (RaftServerImpl.java:start(185)) - a68ea93d-94dd-4f22-bee3-ae449a597286@group-5D84B1243DBB: start as a follower, conf=-1: [a68ea93d-94dd-4f22-bee3-ae449a597286:192.168.30.13:35009], old=null
2019-09-26 10:42:06,188 [pool-197-thread-1] INFO  impl.RaftServerImpl (RaftServerImpl.java:setRole(174)) - a68ea93d-94dd-4f22-bee3-ae449a597286@group-5D84B1243DBB: changes role from      null to FOLLOWER at term 0 for startAsFollower
2019-09-26 10:42:06,188 [pool-197-thread-1] INFO  impl.RoleInfo (RoleInfo.java:updateAndGet(143)) - a68ea93d-94dd-4f22-bee3-ae449a597286: start FollowerState
2019-09-26 10:42:06,188 [pool-197-thread-1] INFO  util.JmxRegister (JmxRegister.java:tryRegister(44)) - Successfully registered JMX Bean with object name Ratis:service=RaftServer,group=group-5D84B1243DBB,id=a68ea93d-94dd-4f22-bee3-ae449a597286
2019-09-26 10:42:06,190 [RatisPipelineUtilsThread] INFO  pipeline.PipelineStateManager (PipelineStateManager.java:addPipeline(56)) - Created pipeline Pipeline[ Id: 0bf76c7d-d969-4718-a5d7-5d84b1243dbb, Nodes: a68ea93d-94dd-4f22-bee3-ae449a597286{ip: 192.168.30.13, host: pr-hdds-1569-wvzgm-824869521, networkLocation: /default-rack, certSerialId: null}, Type:RATIS, Factor:ONE, State:OPEN]
2019-09-26 10:42:06,191 [RatisPipelineUtilsThread] INFO  pipeline.PipelinePlacementPolicy (PipelinePlacementPolicy.java:meetCriteria(91)) - Pipeline Placement: can't place more pipeline on heavy datanode： b91e650f-93ae-4c6b-a097-1df9422d1ecf Heaviness: 6 limit: 5
2019-09-26 10:42:06,191 [RatisPipelineUtilsThread] INFO  pipeline.PipelinePlacementPolicy (PipelinePlacementPolicy.java:meetCriteria(91)) - Pipeline Placement: can't place more pipeline on heavy datanode： 36aed9aa-ac88-4ede-96ce-810747967900 Heaviness: 6 limit: 5
2019-09-26 10:42:06,196 [grpc-default-executor-0] INFO  impl.RaftServerProxy (RaftServerProxy.java:addNew(89)) - a68ea93d-94dd-4f22-bee3-ae449a597286: addNew group-63A4D2353B7E:[a68ea93d-94dd-4f22-bee3-ae449a597286:192.168.30.13:35009] returns group-63A4D2353B7E:java.util.concurrent.CompletableFuture@9e96b0b[Not completed]
2019-09-26 10:42:06,196 [pool-197-thread-1] INFO  impl.RaftServerImpl (RaftServerImpl.java:<init>(95)) - a68ea93d-94dd-4f22-bee3-ae449a597286: new RaftServerImpl for group-63A4D2353B7E:[a68ea93d-94dd-4f22-bee3-ae449a597286:192.168.30.13:35009] with ContainerStateMachine:uninitialized
2019-09-26 10:42:06,196 [pool-197-thread-1] INFO  server.RaftServerConfigKeys (ConfUtils.java:logGet(43)) - raft.server.rpc.timeout.min = 5s (custom)
2019-09-26 10:42:06,197 [pool-197-thread-1] INFO  server.RaftServerConfigKeys (ConfUtils.java:logGet(43)) - raft.server.rpc.timeout.max = 5200ms (custom)
2019-09-26 10:42:06,197 [pool-197-thread-1] INFO  server.RaftServerConfigKeys (ConfUtils.java:logGet(43)) - raft.server.rpcslowness.timeout = 120s (custom)
2019-09-26 10:42:06,197 [pool-197-thread-1] INFO  server.RaftServerConfigKeys (ConfUtils.java:logGet(43)) - raft.server.sleep.deviation.threshold = 300 (default)
2019-09-26 10:42:06,197 [pool-197-thread-1] INFO  server.RaftServerConfigKeys (ConfUtils.java:logGet(43)) - raft.server.log.appender.install.snapshot.enabled = false (custom)
2019-09-26 10:42:06,197 [pool-197-thread-1] INFO  impl.RaftServerImpl (ServerState.java:<init>(103)) - a68ea93d-94dd-4f22-bee3-ae449a597286@group-63A4D2353B7E: ConfigurationManager, init=-1: [a68ea93d-94dd-4f22-bee3-ae449a597286:192.168.30.13:35009], old=null, confs=<EMPTY_MAP>
2019-09-26 10:42:06,197 [pool-197-thread-1] INFO  server.RaftServerConfigKeys (ConfUtils.java:logGet(43)) - raft.server.storage.dir = [/workdir/hadoop-ozone/integration-test/target/test-dir/MiniOzoneClusterImpl-f06aceca-1220-4709-852b-f97b29892126/datanode-2/data/ratis] (custom)
2019-09-26 10:42:06,197 [pool-197-thread-1] INFO  storage.RaftStorageDirectory (RaftStorageDirectory.java:analyzeStorage(246)) - The storage directory /workdir/hadoop-ozone/integration-test/target/test-dir/MiniOzoneClusterImpl-f06aceca-1220-4709-852b-f97b29892126/datanode-2/data/ratis/bf3a8015-f123-4921-a9a1-63a4d2353b7e does not exist. Creating ...
2019-09-26 10:42:06,214 [pool-197-thread-1] INFO  storage.RaftStorageDirectory (RaftStorageDirectory.java:tryLock(328)) - Lock on /workdir/hadoop-ozone/integration-test/target/test-dir/MiniOzoneClusterImpl-f06aceca-1220-4709-852b-f97b29892126/datanode-2/data/ratis/bf3a8015-f123-4921-a9a1-63a4d2353b7e/in_use.lock acquired by nodename 10232@pr-hdds-1569-wvzgm-824869521
2019-09-26 10:42:06,229 [pool-197-thread-1] INFO  storage.RaftStorage (RaftStorage.java:format(72)) - Storage directory /workdir/hadoop-ozone/integration-test/target/test-dir/MiniOzoneClusterImpl-f06aceca-1220-4709-852b-f97b29892126/datanode-2/data/ratis/bf3a8015-f123-4921-a9a1-63a4d2353b7e has been successfully formatted.
2019-09-26 10:42:06,229 [pool-197-thread-1] INFO  ratis.ContainerStateMachine (ContainerStateMachine.java:loadSnapshot(230)) - group-63A4D2353B7E: The snapshot info is null. Setting the last applied indexto:(t:0, i:~)
2019-09-26 10:42:06,229 [pool-197-thread-1] INFO  server.RaftServerConfigKeys (ConfUtils.java:logGet(43)) - raft.server.notification.no-leader.timeout = 120s (custom)
2019-09-26 10:42:06,229 [pool-197-thread-1] INFO  server.RaftServerConfigKeys (ConfUtils.java:logGet(43)) - raft.server.log.use.memory = false (default)
2019-09-26 10:42:06,229 [pool-197-thread-1] INFO  server.RaftServerConfigKeys (ConfUtils.java:logGet(43)) - raft.server.log.purge.gap = 1000000 (custom)
2019-09-26 10:42:06,230 [pool-197-thread-1] INFO  server.RaftServerConfigKeys (ConfUtils.java:logGet(43)) - raft.server.log.appender.buffer.byte-limit = 33554432 (custom)
2019-09-26 10:42:06,230 [pool-197-thread-1] INFO  server.RaftServerConfigKeys (ConfUtils.java:logGet(43)) - raft.server.log.segment.size.max = 1048576 (custom)
2019-09-26 10:42:06,230 [pool-197-thread-1] INFO  server.RaftServerConfigKeys (ConfUtils.java:logGet(43)) - raft.server.log.segment.cache.num.max = 2 (custom)
2019-09-26 10:42:06,230 [pool-197-thread-1] INFO  segmented.SegmentedRaftLogWorker (SegmentedRaftLogWorker.java:<init>(172)) - new a68ea93d-94dd-4f22-bee3-ae449a597286@group-63A4D2353B7E-SegmentedRaftLogWorker for RaftStorage:Storage Directory /workdir/hadoop-ozone/integration-test/target/test-dir/MiniOzoneClusterImpl-f06aceca-1220-4709-852b-f97b29892126/datanode-2/data/ratis/bf3a8015-f123-4921-a9a1-63a4d2353b7e
2019-09-26 10:42:06,230 [pool-197-thread-1] INFO  server.RaftServerConfigKeys (ConfUtils.java:logGet(43)) - raft.server.log.queue.byte-limit = 2147483647 (custom)
2019-09-26 10:42:06,230 [pool-197-thread-1] INFO  server.RaftServerConfigKeys (ConfUtils.java:logGet(43)) - raft.server.log.queue.element-limit = 1024 (custom)
2019-09-26 10:42:06,230 [pool-197-thread-1] INFO  server.RaftServerConfigKeys (ConfUtils.java:logGet(43)) - raft.server.log.segment.size.max = 1048576 (custom)
2019-09-26 10:42:06,230 [pool-197-thread-1] INFO  server.RaftServerConfigKeys (ConfUtils.java:logGet(43)) - raft.server.log.preallocated.size = 16384 (custom)
2019-09-26 10:42:06,231 [pool-197-thread-1] INFO  server.RaftServerConfigKeys (ConfUtils.java:logGet(43)) - raft.server.log.write.buffer.size = 33554432 (custom)
2019-09-26 10:42:06,231 [pool-197-thread-1] INFO  server.RaftServerConfigKeys (ConfUtils.java:logGet(43)) - raft.server.log.force.sync.num = 128 (default)
2019-09-26 10:42:06,231 [pool-197-thread-1] INFO  server.RaftServerConfigKeys (ConfUtils.java:logGet(43)) - raft.server.log.statemachine.data.sync = true (default)
2019-09-26 10:42:06,231 [pool-197-thread-1] INFO  server.RaftServerConfigKeys (ConfUtils.java:logGet(43)) - raft.server.log.statemachine.data.sync.timeout = 10s (default)
2019-09-26 10:42:06,231 [pool-197-thread-1] INFO  server.RaftServerConfigKeys (ConfUtils.java:logGet(43)) - raft.server.log.statemachine.data.sync.timeout.retry = -1 (default)
2019-09-26 10:42:06,231 [pool-197-thread-1] INFO  server.RaftServerConfigKeys (ConfUtils.java:logGet(43)) - raft.server.log.statemachine.data.caching.enabled = true (custom)
2019-09-26 10:42:06,231 [pool-197-thread-1] INFO  segmented.SegmentedRaftLogWorker (SegmentedRaftLogWorker.java:lambda$new$0(132)) - a68ea93d-94dd-4f22-bee3-ae449a597286@group-63A4D2353B7E-SegmentedRaftLogWorker: flushIndex: setUnconditionally 0 -> -1
2019-09-26 10:42:06,232 [pool-197-thread-1] INFO  server.RaftServerConfigKeys (ConfUtils.java:logGet(43)) - raft.server.snapshot.auto.trigger.enabled = true (custom)
2019-09-26 10:42:06,232 [pool-197-thread-1] INFO  server.RaftServerConfigKeys (ConfUtils.java:logGet(43)) - raft.server.snapshot.auto.trigger.threshold = 10000 (custom)
2019-09-26 10:42:06,232 [pool-197-thread-1] INFO  server.RaftServerConfigKeys (ConfUtils.java:logGet(43)) - raft.server.snapshot.retention.num.files = 5 (custom)
2019-09-26 10:42:06,232 [pool-197-thread-1] INFO  server.RaftServerConfigKeys (ConfUtils.java:logGet(43)) - raft.server.retrycache.expirytime = 600000ms (custom)
2019-09-26 10:42:06,234 [pool-197-thread-1] INFO  impl.RaftServerImpl (RaftServerImpl.java:start(185)) - a68ea93d-94dd-4f22-bee3-ae449a597286@group-63A4D2353B7E: start as a follower, conf=-1: [a68ea93d-94dd-4f22-bee3-ae449a597286:192.168.30.13:35009], old=null
2019-09-26 10:42:06,234 [pool-197-thread-1] INFO  impl.RaftServerImpl (RaftServerImpl.java:setRole(174)) - a68ea93d-94dd-4f22-bee3-ae449a597286@group-63A4D2353B7E: changes role from      null to FOLLOWER at term 0 for startAsFollower
2019-09-26 10:42:06,234 [pool-197-thread-1] INFO  impl.RoleInfo (RoleInfo.java:updateAndGet(143)) - a68ea93d-94dd-4f22-bee3-ae449a597286: start FollowerState
2019-09-26 10:42:06,234 [pool-197-thread-1] INFO  util.JmxRegister (JmxRegister.java:tryRegister(44)) - Successfully registered JMX Bean with object name Ratis:service=RaftServer,group=group-63A4D2353B7E,id=a68ea93d-94dd-4f22-bee3-ae449a597286
2019-09-26 10:42:06,237 [RatisPipelineUtilsThread] INFO  pipeline.PipelineStateManager (PipelineStateManager.java:addPipeline(56)) - Created pipeline Pipeline[ Id: bf3a8015-f123-4921-a9a1-63a4d2353b7e, Nodes: a68ea93d-94dd-4f22-bee3-ae449a597286{ip: 192.168.30.13, host: pr-hdds-1569-wvzgm-824869521, networkLocation: /default-rack, certSerialId: null}, Type:RATIS, Factor:ONE, State:OPEN]
2019-09-26 10:42:06,238 [RatisPipelineUtilsThread] INFO  pipeline.PipelinePlacementPolicy (PipelinePlacementPolicy.java:meetCriteria(91)) - Pipeline Placement: can't place more pipeline on heavy datanode： b91e650f-93ae-4c6b-a097-1df9422d1ecf Heaviness: 6 limit: 5
2019-09-26 10:42:06,238 [RatisPipelineUtilsThread] INFO  pipeline.PipelinePlacementPolicy (PipelinePlacementPolicy.java:meetCriteria(91)) - Pipeline Placement: can't place more pipeline on heavy datanode： 36aed9aa-ac88-4ede-96ce-810747967900 Heaviness: 6 limit: 5
2019-09-26 10:42:06,243 [grpc-default-executor-0] INFO  impl.RaftServerProxy (RaftServerProxy.java:addNew(89)) - a68ea93d-94dd-4f22-bee3-ae449a597286: addNew group-7B4361C590EE:[a68ea93d-94dd-4f22-bee3-ae449a597286:192.168.30.13:35009] returns group-7B4361C590EE:java.util.concurrent.CompletableFuture@5d91ff85[Not completed]
2019-09-26 10:42:06,244 [pool-197-thread-1] INFO  impl.RaftServerImpl (RaftServerImpl.java:<init>(95)) - a68ea93d-94dd-4f22-bee3-ae449a597286: new RaftServerImpl for group-7B4361C590EE:[a68ea93d-94dd-4f22-bee3-ae449a597286:192.168.30.13:35009] with ContainerStateMachine:uninitialized
2019-09-26 10:42:06,244 [pool-197-thread-1] INFO  server.RaftServerConfigKeys (ConfUtils.java:logGet(43)) - raft.server.rpc.timeout.min = 5s (custom)
2019-09-26 10:42:06,244 [pool-197-thread-1] INFO  server.RaftServerConfigKeys (ConfUtils.java:logGet(43)) - raft.server.rpc.timeout.max = 5200ms (custom)
2019-09-26 10:42:06,244 [pool-197-thread-1] INFO  server.RaftServerConfigKeys (ConfUtils.java:logGet(43)) - raft.server.rpcslowness.timeout = 120s (custom)
2019-09-26 10:42:06,245 [pool-197-thread-1] INFO  server.RaftServerConfigKeys (ConfUtils.java:logGet(43)) - raft.server.sleep.deviation.threshold = 300 (default)
2019-09-26 10:42:06,245 [pool-197-thread-1] INFO  server.RaftServerConfigKeys (ConfUtils.java:logGet(43)) - raft.server.log.appender.install.snapshot.enabled = false (custom)
2019-09-26 10:42:06,245 [pool-197-thread-1] INFO  impl.RaftServerImpl (ServerState.java:<init>(103)) - a68ea93d-94dd-4f22-bee3-ae449a597286@group-7B4361C590EE: ConfigurationManager, init=-1: [a68ea93d-94dd-4f22-bee3-ae449a597286:192.168.30.13:35009], old=null, confs=<EMPTY_MAP>
2019-09-26 10:42:06,245 [pool-197-thread-1] INFO  server.RaftServerConfigKeys (ConfUtils.java:logGet(43)) - raft.server.storage.dir = [/workdir/hadoop-ozone/integration-test/target/test-dir/MiniOzoneClusterImpl-f06aceca-1220-4709-852b-f97b29892126/datanode-2/data/ratis] (custom)
2019-09-26 10:42:06,245 [pool-197-thread-1] INFO  storage.RaftStorageDirectory (RaftStorageDirectory.java:analyzeStorage(246)) - The storage directory /workdir/hadoop-ozone/integration-test/target/test-dir/MiniOzoneClusterImpl-f06aceca-1220-4709-852b-f97b29892126/datanode-2/data/ratis/5db61d15-f06e-4e4d-8891-7b4361c590ee does not exist. Creating ...
2019-09-26 10:42:06,269 [pool-197-thread-1] INFO  storage.RaftStorageDirectory (RaftStorageDirectory.java:tryLock(328)) - Lock on /workdir/hadoop-ozone/integration-test/target/test-dir/MiniOzoneClusterImpl-f06aceca-1220-4709-852b-f97b29892126/datanode-2/data/ratis/5db61d15-f06e-4e4d-8891-7b4361c590ee/in_use.lock acquired by nodename 10232@pr-hdds-1569-wvzgm-824869521
2019-09-26 10:42:06,282 [pool-197-thread-1] INFO  storage.RaftStorage (RaftStorage.java:format(72)) - Storage directory /workdir/hadoop-ozone/integration-test/target/test-dir/MiniOzoneClusterImpl-f06aceca-1220-4709-852b-f97b29892126/datanode-2/data/ratis/5db61d15-f06e-4e4d-8891-7b4361c590ee has been successfully formatted.
2019-09-26 10:42:06,282 [pool-197-thread-1] INFO  ratis.ContainerStateMachine (ContainerStateMachine.java:loadSnapshot(230)) - group-7B4361C590EE: The snapshot info is null. Setting the last applied indexto:(t:0, i:~)
2019-09-26 10:42:06,282 [pool-197-thread-1] INFO  server.RaftServerConfigKeys (ConfUtils.java:logGet(43)) - raft.server.notification.no-leader.timeout = 120s (custom)
2019-09-26 10:42:06,283 [pool-197-thread-1] INFO  server.RaftServerConfigKeys (ConfUtils.java:logGet(43)) - raft.server.log.use.memory = false (default)
2019-09-26 10:42:06,283 [pool-197-thread-1] INFO  server.RaftServerConfigKeys (ConfUtils.java:logGet(43)) - raft.server.log.purge.gap = 1000000 (custom)
2019-09-26 10:42:06,283 [pool-197-thread-1] INFO  server.RaftServerConfigKeys (ConfUtils.java:logGet(43)) - raft.server.log.appender.buffer.byte-limit = 33554432 (custom)
2019-09-26 10:42:06,283 [pool-197-thread-1] INFO  server.RaftServerConfigKeys (ConfUtils.java:logGet(43)) - raft.server.log.segment.size.max = 1048576 (custom)
2019-09-26 10:42:06,283 [pool-197-thread-1] INFO  server.RaftServerConfigKeys (ConfUtils.java:logGet(43)) - raft.server.log.segment.cache.num.max = 2 (custom)
2019-09-26 10:42:06,283 [pool-197-thread-1] INFO  segmented.SegmentedRaftLogWorker (SegmentedRaftLogWorker.java:<init>(172)) - new a68ea93d-94dd-4f22-bee3-ae449a597286@group-7B4361C590EE-SegmentedRaftLogWorker for RaftStorage:Storage Directory /workdir/hadoop-ozone/integration-test/target/test-dir/MiniOzoneClusterImpl-f06aceca-1220-4709-852b-f97b29892126/datanode-2/data/ratis/5db61d15-f06e-4e4d-8891-7b4361c590ee
2019-09-26 10:42:06,283 [pool-197-thread-1] INFO  server.RaftServerConfigKeys (ConfUtils.java:logGet(43)) - raft.server.log.queue.byte-limit = 2147483647 (custom)
2019-09-26 10:42:06,284 [pool-197-thread-1] INFO  server.RaftServerConfigKeys (ConfUtils.java:logGet(43)) - raft.server.log.queue.element-limit = 1024 (custom)
2019-09-26 10:42:06,284 [pool-197-thread-1] INFO  server.RaftServerConfigKeys (ConfUtils.java:logGet(43)) - raft.server.log.segment.size.max = 1048576 (custom)
2019-09-26 10:42:06,284 [pool-197-thread-1] INFO  server.RaftServerConfigKeys (ConfUtils.java:logGet(43)) - raft.server.log.preallocated.size = 16384 (custom)
2019-09-26 10:42:06,284 [pool-197-thread-1] INFO  server.RaftServerConfigKeys (ConfUtils.java:logGet(43)) - raft.server.log.write.buffer.size = 33554432 (custom)
2019-09-26 10:42:06,284 [pool-197-thread-1] INFO  server.RaftServerConfigKeys (ConfUtils.java:logGet(43)) - raft.server.log.force.sync.num = 128 (default)
2019-09-26 10:42:06,284 [pool-197-thread-1] INFO  server.RaftServerConfigKeys (ConfUtils.java:logGet(43)) - raft.server.log.statemachine.data.sync = true (default)
2019-09-26 10:42:06,284 [pool-197-thread-1] INFO  server.RaftServerConfigKeys (ConfUtils.java:logGet(43)) - raft.server.log.statemachine.data.sync.timeout = 10s (default)
2019-09-26 10:42:06,285 [pool-197-thread-1] INFO  server.RaftServerConfigKeys (ConfUtils.java:logGet(43)) - raft.server.log.statemachine.data.sync.timeout.retry = -1 (default)
2019-09-26 10:42:06,285 [pool-197-thread-1] INFO  server.RaftServerConfigKeys (ConfUtils.java:logGet(43)) - raft.server.log.statemachine.data.caching.enabled = true (custom)
2019-09-26 10:42:06,285 [pool-197-thread-1] INFO  segmented.SegmentedRaftLogWorker (SegmentedRaftLogWorker.java:lambda$new$0(132)) - a68ea93d-94dd-4f22-bee3-ae449a597286@group-7B4361C590EE-SegmentedRaftLogWorker: flushIndex: setUnconditionally 0 -> -1
2019-09-26 10:42:06,286 [pool-197-thread-1] INFO  server.RaftServerConfigKeys (ConfUtils.java:logGet(43)) - raft.server.snapshot.auto.trigger.enabled = true (custom)
2019-09-26 10:42:06,286 [pool-197-thread-1] INFO  server.RaftServerConfigKeys (ConfUtils.java:logGet(43)) - raft.server.snapshot.auto.trigger.threshold = 10000 (custom)
2019-09-26 10:42:06,286 [pool-197-thread-1] INFO  server.RaftServerConfigKeys (ConfUtils.java:logGet(43)) - raft.server.snapshot.retention.num.files = 5 (custom)
2019-09-26 10:42:06,286 [pool-197-thread-1] INFO  server.RaftServerConfigKeys (ConfUtils.java:logGet(43)) - raft.server.retrycache.expirytime = 600000ms (custom)
2019-09-26 10:42:06,289 [pool-197-thread-1] INFO  impl.RaftServerImpl (RaftServerImpl.java:start(185)) - a68ea93d-94dd-4f22-bee3-ae449a597286@group-7B4361C590EE: start as a follower, conf=-1: [a68ea93d-94dd-4f22-bee3-ae449a597286:192.168.30.13:35009], old=null
2019-09-26 10:42:06,289 [pool-197-thread-1] INFO  impl.RaftServerImpl (RaftServerImpl.java:setRole(174)) - a68ea93d-94dd-4f22-bee3-ae449a597286@group-7B4361C590EE: changes role from      null to FOLLOWER at term 0 for startAsFollower
2019-09-26 10:42:06,289 [pool-197-thread-1] INFO  impl.RoleInfo (RoleInfo.java:updateAndGet(143)) - a68ea93d-94dd-4f22-bee3-ae449a597286: start FollowerState
2019-09-26 10:42:06,289 [pool-197-thread-1] INFO  util.JmxRegister (JmxRegister.java:tryRegister(44)) - Successfully registered JMX Bean with object name Ratis:service=RaftServer,group=group-7B4361C590EE,id=a68ea93d-94dd-4f22-bee3-ae449a597286
2019-09-26 10:42:06,292 [RatisPipelineUtilsThread] INFO  pipeline.PipelineStateManager (PipelineStateManager.java:addPipeline(56)) - Created pipeline Pipeline[ Id: 5db61d15-f06e-4e4d-8891-7b4361c590ee, Nodes: a68ea93d-94dd-4f22-bee3-ae449a597286{ip: 192.168.30.13, host: pr-hdds-1569-wvzgm-824869521, networkLocation: /default-rack, certSerialId: null}, Type:RATIS, Factor:ONE, State:OPEN]
2019-09-26 10:42:06,293 [RatisPipelineUtilsThread] INFO  pipeline.PipelinePlacementPolicy (PipelinePlacementPolicy.java:meetCriteria(91)) - Pipeline Placement: can't place more pipeline on heavy datanode： b91e650f-93ae-4c6b-a097-1df9422d1ecf Heaviness: 6 limit: 5
2019-09-26 10:42:06,293 [RatisPipelineUtilsThread] INFO  pipeline.PipelinePlacementPolicy (PipelinePlacementPolicy.java:meetCriteria(91)) - Pipeline Placement: can't place more pipeline on heavy datanode： 36aed9aa-ac88-4ede-96ce-810747967900 Heaviness: 6 limit: 5
2019-09-26 10:42:06,298 [grpc-default-executor-0] INFO  impl.RaftServerProxy (RaftServerProxy.java:addNew(89)) - a68ea93d-94dd-4f22-bee3-ae449a597286: addNew group-93FF395F8E88:[a68ea93d-94dd-4f22-bee3-ae449a597286:192.168.30.13:35009] returns group-93FF395F8E88:java.util.concurrent.CompletableFuture@7bef77f7[Not completed]
2019-09-26 10:42:06,299 [pool-197-thread-1] INFO  impl.RaftServerImpl (RaftServerImpl.java:<init>(95)) - a68ea93d-94dd-4f22-bee3-ae449a597286: new RaftServerImpl for group-93FF395F8E88:[a68ea93d-94dd-4f22-bee3-ae449a597286:192.168.30.13:35009] with ContainerStateMachine:uninitialized
2019-09-26 10:42:06,299 [pool-197-thread-1] INFO  server.RaftServerConfigKeys (ConfUtils.java:logGet(43)) - raft.server.rpc.timeout.min = 5s (custom)
2019-09-26 10:42:06,299 [pool-197-thread-1] INFO  server.RaftServerConfigKeys (ConfUtils.java:logGet(43)) - raft.server.rpc.timeout.max = 5200ms (custom)
2019-09-26 10:42:06,300 [pool-197-thread-1] INFO  server.RaftServerConfigKeys (ConfUtils.java:logGet(43)) - raft.server.rpcslowness.timeout = 120s (custom)
2019-09-26 10:42:06,300 [pool-197-thread-1] INFO  server.RaftServerConfigKeys (ConfUtils.java:logGet(43)) - raft.server.sleep.deviation.threshold = 300 (default)
2019-09-26 10:42:06,300 [pool-197-thread-1] INFO  server.RaftServerConfigKeys (ConfUtils.java:logGet(43)) - raft.server.log.appender.install.snapshot.enabled = false (custom)
2019-09-26 10:42:06,300 [pool-197-thread-1] INFO  impl.RaftServerImpl (ServerState.java:<init>(103)) - a68ea93d-94dd-4f22-bee3-ae449a597286@group-93FF395F8E88: ConfigurationManager, init=-1: [a68ea93d-94dd-4f22-bee3-ae449a597286:192.168.30.13:35009], old=null, confs=<EMPTY_MAP>
2019-09-26 10:42:06,300 [pool-197-thread-1] INFO  server.RaftServerConfigKeys (ConfUtils.java:logGet(43)) - raft.server.storage.dir = [/workdir/hadoop-ozone/integration-test/target/test-dir/MiniOzoneClusterImpl-f06aceca-1220-4709-852b-f97b29892126/datanode-2/data/ratis] (custom)
2019-09-26 10:42:06,301 [pool-197-thread-1] INFO  storage.RaftStorageDirectory (RaftStorageDirectory.java:analyzeStorage(246)) - The storage directory /workdir/hadoop-ozone/integration-test/target/test-dir/MiniOzoneClusterImpl-f06aceca-1220-4709-852b-f97b29892126/datanode-2/data/ratis/aca5155d-597b-43f9-b60a-93ff395f8e88 does not exist. Creating ...
2019-09-26 10:42:06,313 [pool-197-thread-1] INFO  storage.RaftStorageDirectory (RaftStorageDirectory.java:tryLock(328)) - Lock on /workdir/hadoop-ozone/integration-test/target/test-dir/MiniOzoneClusterImpl-f06aceca-1220-4709-852b-f97b29892126/datanode-2/data/ratis/aca5155d-597b-43f9-b60a-93ff395f8e88/in_use.lock acquired by nodename 10232@pr-hdds-1569-wvzgm-824869521
2019-09-26 10:42:06,326 [pool-197-thread-1] INFO  storage.RaftStorage (RaftStorage.java:format(72)) - Storage directory /workdir/hadoop-ozone/integration-test/target/test-dir/MiniOzoneClusterImpl-f06aceca-1220-4709-852b-f97b29892126/datanode-2/data/ratis/aca5155d-597b-43f9-b60a-93ff395f8e88 has been successfully formatted.
2019-09-26 10:42:06,326 [pool-197-thread-1] INFO  ratis.ContainerStateMachine (ContainerStateMachine.java:loadSnapshot(230)) - group-93FF395F8E88: The snapshot info is null. Setting the last applied indexto:(t:0, i:~)
2019-09-26 10:42:06,326 [pool-197-thread-1] INFO  server.RaftServerConfigKeys (ConfUtils.java:logGet(43)) - raft.server.notification.no-leader.timeout = 120s (custom)
2019-09-26 10:42:06,326 [pool-197-thread-1] INFO  server.RaftServerConfigKeys (ConfUtils.java:logGet(43)) - raft.server.log.use.memory = false (default)
2019-09-26 10:42:06,327 [pool-197-thread-1] INFO  server.RaftServerConfigKeys (ConfUtils.java:logGet(43)) - raft.server.log.purge.gap = 1000000 (custom)
2019-09-26 10:42:06,327 [pool-197-thread-1] INFO  server.RaftServerConfigKeys (ConfUtils.java:logGet(43)) - raft.server.log.appender.buffer.byte-limit = 33554432 (custom)
2019-09-26 10:42:06,327 [pool-197-thread-1] INFO  server.RaftServerConfigKeys (ConfUtils.java:logGet(43)) - raft.server.log.segment.size.max = 1048576 (custom)
2019-09-26 10:42:06,327 [pool-197-thread-1] INFO  server.RaftServerConfigKeys (ConfUtils.java:logGet(43)) - raft.server.log.segment.cache.num.max = 2 (custom)
2019-09-26 10:42:06,327 [pool-197-thread-1] INFO  segmented.SegmentedRaftLogWorker (SegmentedRaftLogWorker.java:<init>(172)) - new a68ea93d-94dd-4f22-bee3-ae449a597286@group-93FF395F8E88-SegmentedRaftLogWorker for RaftStorage:Storage Directory /workdir/hadoop-ozone/integration-test/target/test-dir/MiniOzoneClusterImpl-f06aceca-1220-4709-852b-f97b29892126/datanode-2/data/ratis/aca5155d-597b-43f9-b60a-93ff395f8e88
2019-09-26 10:42:06,327 [pool-197-thread-1] INFO  server.RaftServerConfigKeys (ConfUtils.java:logGet(43)) - raft.server.log.queue.byte-limit = 2147483647 (custom)
2019-09-26 10:42:06,327 [pool-197-thread-1] INFO  server.RaftServerConfigKeys (ConfUtils.java:logGet(43)) - raft.server.log.queue.element-limit = 1024 (custom)
2019-09-26 10:42:06,328 [pool-197-thread-1] INFO  server.RaftServerConfigKeys (ConfUtils.java:logGet(43)) - raft.server.log.segment.size.max = 1048576 (custom)
2019-09-26 10:42:06,328 [pool-197-thread-1] INFO  server.RaftServerConfigKeys (ConfUtils.java:logGet(43)) - raft.server.log.preallocated.size = 16384 (custom)
2019-09-26 10:42:06,328 [pool-197-thread-1] INFO  server.RaftServerConfigKeys (ConfUtils.java:logGet(43)) - raft.server.log.write.buffer.size = 33554432 (custom)
2019-09-26 10:42:06,328 [pool-197-thread-1] INFO  server.RaftServerConfigKeys (ConfUtils.java:logGet(43)) - raft.server.log.force.sync.num = 128 (default)
2019-09-26 10:42:06,328 [pool-197-thread-1] INFO  server.RaftServerConfigKeys (ConfUtils.java:logGet(43)) - raft.server.log.statemachine.data.sync = true (default)
2019-09-26 10:42:06,328 [pool-197-thread-1] INFO  server.RaftServerConfigKeys (ConfUtils.java:logGet(43)) - raft.server.log.statemachine.data.sync.timeout = 10s (default)
2019-09-26 10:42:06,329 [pool-197-thread-1] INFO  server.RaftServerConfigKeys (ConfUtils.java:logGet(43)) - raft.server.log.statemachine.data.sync.timeout.retry = -1 (default)
2019-09-26 10:42:06,329 [pool-197-thread-1] INFO  server.RaftServerConfigKeys (ConfUtils.java:logGet(43)) - raft.server.log.statemachine.data.caching.enabled = true (custom)
2019-09-26 10:42:06,329 [pool-197-thread-1] INFO  segmented.SegmentedRaftLogWorker (SegmentedRaftLogWorker.java:lambda$new$0(132)) - a68ea93d-94dd-4f22-bee3-ae449a597286@group-93FF395F8E88-SegmentedRaftLogWorker: flushIndex: setUnconditionally 0 -> -1
2019-09-26 10:42:06,329 [pool-197-thread-1] INFO  server.RaftServerConfigKeys (ConfUtils.java:logGet(43)) - raft.server.snapshot.auto.trigger.enabled = true (custom)
2019-09-26 10:42:06,330 [pool-197-thread-1] INFO  server.RaftServerConfigKeys (ConfUtils.java:logGet(43)) - raft.server.snapshot.auto.trigger.threshold = 10000 (custom)
2019-09-26 10:42:06,330 [pool-197-thread-1] INFO  server.RaftServerConfigKeys (ConfUtils.java:logGet(43)) - raft.server.snapshot.retention.num.files = 5 (custom)
2019-09-26 10:42:06,330 [pool-197-thread-1] INFO  server.RaftServerConfigKeys (ConfUtils.java:logGet(43)) - raft.server.retrycache.expirytime = 600000ms (custom)
2019-09-26 10:42:06,332 [pool-197-thread-1] INFO  impl.RaftServerImpl (RaftServerImpl.java:start(185)) - a68ea93d-94dd-4f22-bee3-ae449a597286@group-93FF395F8E88: start as a follower, conf=-1: [a68ea93d-94dd-4f22-bee3-ae449a597286:192.168.30.13:35009], old=null
2019-09-26 10:42:06,333 [pool-197-thread-1] INFO  impl.RaftServerImpl (RaftServerImpl.java:setRole(174)) - a68ea93d-94dd-4f22-bee3-ae449a597286@group-93FF395F8E88: changes role from      null to FOLLOWER at term 0 for startAsFollower
2019-09-26 10:42:06,333 [pool-197-thread-1] INFO  impl.RoleInfo (RoleInfo.java:updateAndGet(143)) - a68ea93d-94dd-4f22-bee3-ae449a597286: start FollowerState
2019-09-26 10:42:06,333 [pool-197-thread-1] INFO  util.JmxRegister (JmxRegister.java:tryRegister(44)) - Successfully registered JMX Bean with object name Ratis:service=RaftServer,group=group-93FF395F8E88,id=a68ea93d-94dd-4f22-bee3-ae449a597286
2019-09-26 10:42:06,336 [RatisPipelineUtilsThread] INFO  pipeline.PipelineStateManager (PipelineStateManager.java:addPipeline(56)) - Created pipeline Pipeline[ Id: aca5155d-597b-43f9-b60a-93ff395f8e88, Nodes: a68ea93d-94dd-4f22-bee3-ae449a597286{ip: 192.168.30.13, host: pr-hdds-1569-wvzgm-824869521, networkLocation: /default-rack, certSerialId: null}, Type:RATIS, Factor:ONE, State:OPEN]
2019-09-26 10:42:06,337 [RatisPipelineUtilsThread] INFO  pipeline.PipelinePlacementPolicy (PipelinePlacementPolicy.java:meetCriteria(91)) - Pipeline Placement: can't place more pipeline on heavy datanode： a68ea93d-94dd-4f22-bee3-ae449a597286 Heaviness: 6 limit: 5
2019-09-26 10:42:06,337 [RatisPipelineUtilsThread] INFO  pipeline.PipelinePlacementPolicy (PipelinePlacementPolicy.java:meetCriteria(91)) - Pipeline Placement: can't place more pipeline on heavy datanode： b91e650f-93ae-4c6b-a097-1df9422d1ecf Heaviness: 6 limit: 5
2019-09-26 10:42:06,337 [RatisPipelineUtilsThread] INFO  pipeline.PipelinePlacementPolicy (PipelinePlacementPolicy.java:meetCriteria(91)) - Pipeline Placement: can't place more pipeline on heavy datanode： 36aed9aa-ac88-4ede-96ce-810747967900 Heaviness: 6 limit: 5
2019-09-26 10:42:06,337 [RatisPipelineUtilsThread] ERROR pipeline.PipelinePlacementPolicy (PipelinePlacementPolicy.java:filterViableNodes(148)) - Unable to find enough nodes that meet the criteria that cannot engage in more than 5 pipelines. Nodes required: 1 Found: 0, healthy nodes count inNodeManager: 3.
2019-09-26 10:42:06,337 [RatisPipelineUtilsThread] ERROR pipeline.SCMPipelineManager (SCMPipelineManager.java:createPipeline(167)) - Pipeline creation failed.
org.apache.hadoop.hdds.scm.exceptions.SCMException: Unable to find enough nodes that meet the criteria that cannot engage in more than 5 pipelines. Nodes required: 1 Found: 0, healthy nodes count inNodeManager: 3.
	at org.apache.hadoop.hdds.scm.pipeline.PipelinePlacementPolicy.filterViableNodes(PipelinePlacementPolicy.java:149)
	at org.apache.hadoop.hdds.scm.pipeline.PipelinePlacementPolicy.chooseDatanodes(PipelinePlacementPolicy.java:172)
	at org.apache.hadoop.hdds.scm.pipeline.RatisPipelineProvider.create(RatisPipelineProvider.java:93)
	at org.apache.hadoop.hdds.scm.pipeline.PipelineFactory.create(PipelineFactory.java:58)
	at org.apache.hadoop.hdds.scm.pipeline.SCMPipelineManager.createPipeline(SCMPipelineManager.java:155)
	at org.apache.hadoop.hdds.scm.pipeline.BackgroundPipelineCreator.createPipelines(BackgroundPipelineCreator.java:99)
	at java.util.concurrent.Executors$RunnableAdapter.call(Executors.java:511)
	at java.util.concurrent.FutureTask.run(FutureTask.java:266)
	at java.util.concurrent.ScheduledThreadPoolExecutor$ScheduledFutureTask.access$201(ScheduledThreadPoolExecutor.java:180)
	at java.util.concurrent.ScheduledThreadPoolExecutor$ScheduledFutureTask.run(ScheduledThreadPoolExecutor.java:293)
	at java.util.concurrent.ThreadPoolExecutor.runWorker(ThreadPoolExecutor.java:1149)
	at java.util.concurrent.ThreadPoolExecutor$Worker.run(ThreadPoolExecutor.java:624)
	at java.lang.Thread.run(Thread.java:748)
2019-09-26 10:42:06,338 [RatisPipelineUtilsThread] INFO  pipeline.PipelinePlacementPolicy (PipelinePlacementPolicy.java:meetCriteria(91)) - Pipeline Placement: can't place more pipeline on heavy datanode： a68ea93d-94dd-4f22-bee3-ae449a597286 Heaviness: 6 limit: 5
2019-09-26 10:42:06,338 [RatisPipelineUtilsThread] INFO  pipeline.PipelinePlacementPolicy (PipelinePlacementPolicy.java:meetCriteria(91)) - Pipeline Placement: can't place more pipeline on heavy datanode： b91e650f-93ae-4c6b-a097-1df9422d1ecf Heaviness: 6 limit: 5
2019-09-26 10:42:06,338 [RatisPipelineUtilsThread] INFO  pipeline.PipelinePlacementPolicy (PipelinePlacementPolicy.java:meetCriteria(91)) - Pipeline Placement: can't place more pipeline on heavy datanode： 36aed9aa-ac88-4ede-96ce-810747967900 Heaviness: 6 limit: 5
2019-09-26 10:42:06,338 [RatisPipelineUtilsThread] ERROR pipeline.PipelinePlacementPolicy (PipelinePlacementPolicy.java:filterViableNodes(148)) - Unable to find enough nodes that meet the criteria that cannot engage in more than 5 pipelines. Nodes required: 3 Found: 0, healthy nodes count inNodeManager: 3.
2019-09-26 10:42:06,339 [RatisPipelineUtilsThread] ERROR pipeline.SCMPipelineManager (SCMPipelineManager.java:createPipeline(167)) - Pipeline creation failed.
org.apache.hadoop.hdds.scm.exceptions.SCMException: Unable to find enough nodes that meet the criteria that cannot engage in more than 5 pipelines. Nodes required: 3 Found: 0, healthy nodes count inNodeManager: 3.
	at org.apache.hadoop.hdds.scm.pipeline.PipelinePlacementPolicy.filterViableNodes(PipelinePlacementPolicy.java:149)
	at org.apache.hadoop.hdds.scm.pipeline.PipelinePlacementPolicy.chooseDatanodes(PipelinePlacementPolicy.java:172)
	at org.apache.hadoop.hdds.scm.pipeline.RatisPipelineProvider.create(RatisPipelineProvider.java:93)
	at org.apache.hadoop.hdds.scm.pipeline.PipelineFactory.create(PipelineFactory.java:58)
	at org.apache.hadoop.hdds.scm.pipeline.SCMPipelineManager.createPipeline(SCMPipelineManager.java:155)
	at org.apache.hadoop.hdds.scm.pipeline.BackgroundPipelineCreator.createPipelines(BackgroundPipelineCreator.java:99)
	at java.util.concurrent.Executors$RunnableAdapter.call(Executors.java:511)
	at java.util.concurrent.FutureTask.run(FutureTask.java:266)
	at java.util.concurrent.ScheduledThreadPoolExecutor$ScheduledFutureTask.access$201(ScheduledThreadPoolExecutor.java:180)
	at java.util.concurrent.ScheduledThreadPoolExecutor$ScheduledFutureTask.run(ScheduledThreadPoolExecutor.java:293)
	at java.util.concurrent.ThreadPoolExecutor.runWorker(ThreadPoolExecutor.java:1149)
	at java.util.concurrent.ThreadPoolExecutor$Worker.run(ThreadPoolExecutor.java:624)
	at java.lang.Thread.run(Thread.java:748)
2019-09-26 10:42:06,339 [RatisPipelineUtilsThread] INFO  pipeline.PipelinePlacementPolicy (PipelinePlacementPolicy.java:meetCriteria(91)) - Pipeline Placement: can't place more pipeline on heavy datanode： a68ea93d-94dd-4f22-bee3-ae449a597286 Heaviness: 6 limit: 5
2019-09-26 10:42:06,339 [RatisPipelineUtilsThread] INFO  pipeline.PipelinePlacementPolicy (PipelinePlacementPolicy.java:meetCriteria(91)) - Pipeline Placement: can't place more pipeline on heavy datanode： b91e650f-93ae-4c6b-a097-1df9422d1ecf Heaviness: 6 limit: 5
2019-09-26 10:42:06,339 [RatisPipelineUtilsThread] INFO  pipeline.PipelinePlacementPolicy (PipelinePlacementPolicy.java:meetCriteria(91)) - Pipeline Placement: can't place more pipeline on heavy datanode： 36aed9aa-ac88-4ede-96ce-810747967900 Heaviness: 6 limit: 5
2019-09-26 10:42:06,340 [RatisPipelineUtilsThread] ERROR pipeline.PipelinePlacementPolicy (PipelinePlacementPolicy.java:filterViableNodes(148)) - Unable to find enough nodes that meet the criteria that cannot engage in more than 5 pipelines. Nodes required: 1 Found: 0, healthy nodes count inNodeManager: 3.
2019-09-26 10:42:06,340 [RatisPipelineUtilsThread] ERROR pipeline.SCMPipelineManager (SCMPipelineManager.java:createPipeline(167)) - Pipeline creation failed.
org.apache.hadoop.hdds.scm.exceptions.SCMException: Unable to find enough nodes that meet the criteria that cannot engage in more than 5 pipelines. Nodes required: 1 Found: 0, healthy nodes count inNodeManager: 3.
	at org.apache.hadoop.hdds.scm.pipeline.PipelinePlacementPolicy.filterViableNodes(PipelinePlacementPolicy.java:149)
	at org.apache.hadoop.hdds.scm.pipeline.PipelinePlacementPolicy.chooseDatanodes(PipelinePlacementPolicy.java:172)
	at org.apache.hadoop.hdds.scm.pipeline.RatisPipelineProvider.create(RatisPipelineProvider.java:93)
	at org.apache.hadoop.hdds.scm.pipeline.PipelineFactory.create(PipelineFactory.java:58)
	at org.apache.hadoop.hdds.scm.pipeline.SCMPipelineManager.createPipeline(SCMPipelineManager.java:155)
	at org.apache.hadoop.hdds.scm.pipeline.BackgroundPipelineCreator.createPipelines(BackgroundPipelineCreator.java:99)
	at org.apache.hadoop.hdds.scm.pipeline.BackgroundPipelineCreator.lambda$startFixedIntervalPipelineCreator$0(BackgroundPipelineCreator.java:70)
	at java.util.concurrent.Executors$RunnableAdapter.call(Executors.java:511)
	at java.util.concurrent.FutureTask.runAndReset(FutureTask.java:308)
	at java.util.concurrent.ScheduledThreadPoolExecutor$ScheduledFutureTask.access$301(ScheduledThreadPoolExecutor.java:180)
	at java.util.concurrent.ScheduledThreadPoolExecutor$ScheduledFutureTask.run(ScheduledThreadPoolExecutor.java:294)
	at java.util.concurrent.ThreadPoolExecutor.runWorker(ThreadPoolExecutor.java:1149)
	at java.util.concurrent.ThreadPoolExecutor$Worker.run(ThreadPoolExecutor.java:624)
	at java.lang.Thread.run(Thread.java:748)
2019-09-26 10:42:06,340 [RatisPipelineUtilsThread] INFO  pipeline.PipelinePlacementPolicy (PipelinePlacementPolicy.java:meetCriteria(91)) - Pipeline Placement: can't place more pipeline on heavy datanode： a68ea93d-94dd-4f22-bee3-ae449a597286 Heaviness: 6 limit: 5
2019-09-26 10:42:06,340 [RatisPipelineUtilsThread] INFO  pipeline.PipelinePlacementPolicy (PipelinePlacementPolicy.java:meetCriteria(91)) - Pipeline Placement: can't place more pipeline on heavy datanode： b91e650f-93ae-4c6b-a097-1df9422d1ecf Heaviness: 6 limit: 5
2019-09-26 10:42:06,341 [RatisPipelineUtilsThread] INFO  pipeline.PipelinePlacementPolicy (PipelinePlacementPolicy.java:meetCriteria(91)) - Pipeline Placement: can't place more pipeline on heavy datanode： 36aed9aa-ac88-4ede-96ce-810747967900 Heaviness: 6 limit: 5
2019-09-26 10:42:06,341 [RatisPipelineUtilsThread] ERROR pipeline.PipelinePlacementPolicy (PipelinePlacementPolicy.java:filterViableNodes(148)) - Unable to find enough nodes that meet the criteria that cannot engage in more than 5 pipelines. Nodes required: 3 Found: 0, healthy nodes count inNodeManager: 3.
2019-09-26 10:42:06,341 [RatisPipelineUtilsThread] ERROR pipeline.SCMPipelineManager (SCMPipelineManager.java:createPipeline(167)) - Pipeline creation failed.
org.apache.hadoop.hdds.scm.exceptions.SCMException: Unable to find enough nodes that meet the criteria that cannot engage in more than 5 pipelines. Nodes required: 3 Found: 0, healthy nodes count inNodeManager: 3.
	at org.apache.hadoop.hdds.scm.pipeline.PipelinePlacementPolicy.filterViableNodes(PipelinePlacementPolicy.java:149)
	at org.apache.hadoop.hdds.scm.pipeline.PipelinePlacementPolicy.chooseDatanodes(PipelinePlacementPolicy.java:172)
	at org.apache.hadoop.hdds.scm.pipeline.RatisPipelineProvider.create(RatisPipelineProvider.java:93)
	at org.apache.hadoop.hdds.scm.pipeline.PipelineFactory.create(PipelineFactory.java:58)
	at org.apache.hadoop.hdds.scm.pipeline.SCMPipelineManager.createPipeline(SCMPipelineManager.java:155)
	at org.apache.hadoop.hdds.scm.pipeline.BackgroundPipelineCreator.createPipelines(BackgroundPipelineCreator.java:99)
	at org.apache.hadoop.hdds.scm.pipeline.BackgroundPipelineCreator.lambda$startFixedIntervalPipelineCreator$0(BackgroundPipelineCreator.java:70)
	at java.util.concurrent.Executors$RunnableAdapter.call(Executors.java:511)
	at java.util.concurrent.FutureTask.runAndReset(FutureTask.java:308)
	at java.util.concurrent.ScheduledThreadPoolExecutor$ScheduledFutureTask.access$301(ScheduledThreadPoolExecutor.java:180)
	at java.util.concurrent.ScheduledThreadPoolExecutor$ScheduledFutureTask.run(ScheduledThreadPoolExecutor.java:294)
	at java.util.concurrent.ThreadPoolExecutor.runWorker(ThreadPoolExecutor.java:1149)
	at java.util.concurrent.ThreadPoolExecutor$Worker.run(ThreadPoolExecutor.java:624)
	at java.lang.Thread.run(Thread.java:748)
2019-09-26 10:42:06,755 [main] INFO  ozone.MiniOzoneClusterImpl (MiniOzoneClusterImpl.java:lambda$waitForClusterToBeReady$0(147)) - Cluster is ready. Got 3 of 3 DN Heartbeats.
2019-09-26 10:42:06,755 [main] INFO  pipeline.PipelinePlacementPolicy (PipelinePlacementPolicy.java:meetCriteria(91)) - Pipeline Placement: can't place more pipeline on heavy datanode： a68ea93d-94dd-4f22-bee3-ae449a597286 Heaviness: 6 limit: 5
2019-09-26 10:42:06,756 [main] INFO  pipeline.PipelinePlacementPolicy (PipelinePlacementPolicy.java:meetCriteria(91)) - Pipeline Placement: can't place more pipeline on heavy datanode： b91e650f-93ae-4c6b-a097-1df9422d1ecf Heaviness: 6 limit: 5
2019-09-26 10:42:06,756 [main] INFO  pipeline.PipelinePlacementPolicy (PipelinePlacementPolicy.java:meetCriteria(91)) - Pipeline Placement: can't place more pipeline on heavy datanode： 36aed9aa-ac88-4ede-96ce-810747967900 Heaviness: 6 limit: 5
2019-09-26 10:42:06,757 [main] ERROR pipeline.PipelinePlacementPolicy (PipelinePlacementPolicy.java:filterViableNodes(148)) - Unable to find enough nodes that meet the criteria that cannot engage in more than 5 pipelines. Nodes required: 3 Found: 0, healthy nodes count inNodeManager: 3.
2019-09-26 10:42:06,757 [main] ERROR pipeline.SCMPipelineManager (SCMPipelineManager.java:createPipeline(167)) - Pipeline creation failed.
org.apache.hadoop.hdds.scm.exceptions.SCMException: Unable to find enough nodes that meet the criteria that cannot engage in more than 5 pipelines. Nodes required: 3 Found: 0, healthy nodes count inNodeManager: 3.
	at org.apache.hadoop.hdds.scm.pipeline.PipelinePlacementPolicy.filterViableNodes(PipelinePlacementPolicy.java:149)
	at org.apache.hadoop.hdds.scm.pipeline.PipelinePlacementPolicy.chooseDatanodes(PipelinePlacementPolicy.java:172)
	at org.apache.hadoop.hdds.scm.pipeline.RatisPipelineProvider.create(RatisPipelineProvider.java:93)
	at org.apache.hadoop.hdds.scm.pipeline.PipelineFactory.create(PipelineFactory.java:58)
	at org.apache.hadoop.hdds.scm.pipeline.SCMPipelineManager.createPipeline(SCMPipelineManager.java:155)
	at org.apache.hadoop.hdds.scm.container.ContainerStateManager.allocateContainer(ContainerStateManager.java:255)
	at org.apache.hadoop.hdds.scm.container.SCMContainerManager.allocateContainer(SCMContainerManager.java:247)
	at org.apache.hadoop.hdds.scm.pipeline.TestPipelineClose.init(TestPipelineClose.java:92)
	at sun.reflect.NativeMethodAccessorImpl.invoke0(Native Method)
	at sun.reflect.NativeMethodAccessorImpl.invoke(NativeMethodAccessorImpl.java:62)
	at sun.reflect.DelegatingMethodAccessorImpl.invoke(DelegatingMethodAccessorImpl.java:43)
	at java.lang.reflect.Method.invoke(Method.java:498)
	at org.junit.runners.model.FrameworkMethod$1.runReflectiveCall(FrameworkMethod.java:47)
	at org.junit.internal.runners.model.ReflectiveCallable.run(ReflectiveCallable.java:12)
	at org.junit.runners.model.FrameworkMethod.invokeExplosively(FrameworkMethod.java:44)
	at org.junit.internal.runners.statements.RunBefores.evaluate(RunBefores.java:24)
	at org.junit.internal.runners.statements.RunAfters.evaluate(RunAfters.java:27)
	at org.junit.runners.ParentRunner.runLeaf(ParentRunner.java:271)
	at org.junit.runners.BlockJUnit4ClassRunner.runChild(BlockJUnit4ClassRunner.java:70)
	at org.junit.runners.BlockJUnit4ClassRunner.runChild(BlockJUnit4ClassRunner.java:50)
	at org.junit.runners.ParentRunner$3.run(ParentRunner.java:238)
	at org.junit.runners.ParentRunner$1.schedule(ParentRunner.java:63)
	at org.junit.runners.ParentRunner.runChildren(ParentRunner.java:236)
	at org.junit.runners.ParentRunner.access$000(ParentRunner.java:53)
	at org.junit.runners.ParentRunner$2.evaluate(ParentRunner.java:229)
	at org.junit.runners.ParentRunner.run(ParentRunner.java:309)
	at org.apache.maven.surefire.junit4.JUnit4Provider.execute(JUnit4Provider.java:365)
	at org.apache.maven.surefire.junit4.JUnit4Provider.executeWithRerun(JUnit4Provider.java:273)
	at org.apache.maven.surefire.junit4.JUnit4Provider.executeTestSet(JUnit4Provider.java:238)
	at org.apache.maven.surefire.junit4.JUnit4Provider.invoke(JUnit4Provider.java:159)
	at org.apache.maven.surefire.booter.ForkedBooter.invokeProviderInSameClassLoader(ForkedBooter.java:384)
	at org.apache.maven.surefire.booter.ForkedBooter.runSuitesInProcess(ForkedBooter.java:345)
	at org.apache.maven.surefire.booter.ForkedBooter.execute(ForkedBooter.java:126)
	at org.apache.maven.surefire.booter.ForkedBooter.main(ForkedBooter.java:418)
2019-09-26 10:42:06,767 [main] INFO  ozone.MiniOzoneClusterImpl (MiniOzoneClusterImpl.java:shutdown(314)) - Shutting down the Mini Ozone Cluster
2019-09-26 10:42:06,767 [main] INFO  ozone.MiniOzoneClusterImpl (MiniOzoneClusterImpl.java:stop(330)) - Stopping the Mini Ozone Cluster
2019-09-26 10:42:06,767 [main] INFO  ozone.MiniOzoneClusterImpl (MiniOzoneClusterImpl.java:stopOM(400)) - Stopping the OzoneManager
2019-09-26 10:42:06,768 [main] INFO  ipc.Server (Server.java:stop(3082)) - Stopping server on 34904
2019-09-26 10:42:06,772 [IPC Server listener on 34904] INFO  ipc.Server (Server.java:run(1185)) - Stopping IPC Server listener on 34904
2019-09-26 10:42:06,773 [main] INFO  ratis.OzoneManagerDoubleBuffer (OzoneManagerDoubleBuffer.java:stop(248)) - Stopping OMDoubleBuffer flush thread
2019-09-26 10:42:06,773 [IPC Server Responder] INFO  ipc.Server (Server.java:run(1319)) - Stopping IPC Server Responder
2019-09-26 10:42:06,776 [OMDoubleBufferFlushThread] INFO  ratis.OzoneManagerDoubleBuffer (OzoneManagerDoubleBuffer.java:flushTransactions(191)) - OMDoubleBuffer flush thread OMDoubleBufferFlushThread is interrupted and will exit. OMDoubleBufferFlushThread
2019-09-26 10:42:06,777 [main] INFO  utils.BackgroundService (BackgroundService.java:shutdown(148)) - Shutting down service KeyDeletingService
2019-09-26 10:42:06,778 [main] INFO  handler.ContextHandler (ContextHandler.java:doStop(910)) - Stopped o.e.j.w.WebAppContext@138aa3cc{/,null,UNAVAILABLE}{/ozoneManager}
2019-09-26 10:42:06,779 [main] INFO  server.AbstractConnector (AbstractConnector.java:doStop(318)) - Stopped ServerConnector@10a98392{HTTP/1.1,[http/1.1]}{0.0.0.0:0}
2019-09-26 10:42:06,780 [main] INFO  handler.ContextHandler (ContextHandler.java:doStop(910)) - Stopped o.e.j.s.ServletContextHandler@5d1e0fbb{/static,file:///workdir/hadoop-ozone/integration-test/target/test-classes/webapps/static,UNAVAILABLE}
2019-09-26 10:42:06,780 [main] INFO  handler.ContextHandler (ContextHandler.java:doStop(910)) - Stopped o.e.j.s.ServletContextHandler@551e4c6d{/logs,file:///workdir/hadoop-ozone/integration-test/target/log,UNAVAILABLE}
2019-09-26 10:42:06,783 [main] INFO  ozone.MiniOzoneClusterImpl (MiniOzoneClusterImpl.java:stopDatanodes(377)) - Stopping the HddsDatanodes
2019-09-26 10:42:07,588 [Datanode State Machine Thread - 0] INFO  statemachine.DatanodeStateMachine (DatanodeStateMachine.java:lambda$startDaemon$0(350)) - Ozone container server started.
2019-09-26 10:42:07,687 [Datanode State Machine Thread - 0] INFO  statemachine.DatanodeStateMachine (DatanodeStateMachine.java:lambda$startDaemon$0(350)) - Ozone container server started.
2019-09-26 10:42:08,602 [Thread-967] INFO  container.ReplicationManager (ReplicationManager.java:start(163)) - Starting Replication Monitor Thread.
2019-09-26 10:42:08,605 [ReplicationMonitor] INFO  container.ReplicationManager (ReplicationManager.java:run(226)) - Replication Monitor Thread took 0 milliseconds for processing 0 containers.
2019-09-26 10:42:10,746 [Thread-969] INFO  impl.FollowerState (FollowerState.java:run(106)) - b91e650f-93ae-4c6b-a097-1df9422d1ecf:group-3D03465AB853 changes to CANDIDATE, lastRpcTime:5094, electionTimeout:5094ms
2019-09-26 10:42:10,747 [Thread-969] INFO  impl.RoleInfo (RoleInfo.java:shutdownFollowerState(121)) - b91e650f-93ae-4c6b-a097-1df9422d1ecf: shutdown FollowerState
2019-09-26 10:42:10,747 [Thread-969] INFO  impl.RaftServerImpl (RaftServerImpl.java:setRole(174)) - b91e650f-93ae-4c6b-a097-1df9422d1ecf@group-3D03465AB853: changes role from  FOLLOWER to CANDIDATE at term 0 for changeToCandidate
2019-09-26 10:42:10,747 [Thread-969] INFO  impl.RoleInfo (RoleInfo.java:updateAndGet(143)) - b91e650f-93ae-4c6b-a097-1df9422d1ecf: start LeaderElection
2019-09-26 10:42:10,765 [b91e650f-93ae-4c6b-a097-1df9422d1ecf@group-3D03465AB853:LeaderElection55] INFO  impl.LeaderElection (LeaderElection.java:askForVotes(182)) - b91e650f-93ae-4c6b-a097-1df9422d1ecf@group-3D03465AB853:LeaderElection55: begin an election at term 1 for -1: [b91e650f-93ae-4c6b-a097-1df9422d1ecf:192.168.30.13:41744], old=null
2019-09-26 10:42:10,766 [b91e650f-93ae-4c6b-a097-1df9422d1ecf@group-3D03465AB853:LeaderElection55] INFO  impl.RoleInfo (RoleInfo.java:shutdownLeaderElection(134)) - b91e650f-93ae-4c6b-a097-1df9422d1ecf: shutdown LeaderElection
2019-09-26 10:42:10,766 [b91e650f-93ae-4c6b-a097-1df9422d1ecf@group-3D03465AB853:LeaderElection55] INFO  impl.RaftServerImpl (RaftServerImpl.java:setRole(174)) - b91e650f-93ae-4c6b-a097-1df9422d1ecf@group-3D03465AB853: changes role from CANDIDATE to LEADER at term 1 for changeToLeader
2019-09-26 10:42:10,766 [b91e650f-93ae-4c6b-a097-1df9422d1ecf@group-3D03465AB853:LeaderElection55] INFO  impl.RaftServerImpl (ServerState.java:setLeader(253)) - b91e650f-93ae-4c6b-a097-1df9422d1ecf@group-3D03465AB853: change Leader from null to b91e650f-93ae-4c6b-a097-1df9422d1ecf at term 1 for becomeLeader, leader elected after 5122ms
2019-09-26 10:42:10,766 [b91e650f-93ae-4c6b-a097-1df9422d1ecf@group-3D03465AB853:LeaderElection55] INFO  server.RaftServerConfigKeys (ConfUtils.java:logGet(43)) - raft.server.staging.catchup.gap = 1000 (default)
2019-09-26 10:42:10,766 [b91e650f-93ae-4c6b-a097-1df9422d1ecf@group-3D03465AB853:LeaderElection55] INFO  server.RaftServerConfigKeys (ConfUtils.java:logGet(43)) - raft.server.rpc.sleep.time = 25ms (default)
2019-09-26 10:42:10,767 [b91e650f-93ae-4c6b-a097-1df9422d1ecf@group-3D03465AB853:LeaderElection55] INFO  server.RaftServerConfigKeys (ConfUtils.java:logGet(43)) - raft.server.write.element-limit = 4096 (default)
2019-09-26 10:42:10,767 [b91e650f-93ae-4c6b-a097-1df9422d1ecf@group-3D03465AB853:LeaderElection55] INFO  server.RaftServerConfigKeys (ConfUtils.java:logGet(43)) - raft.server.watch.timeout = 10s (default)
2019-09-26 10:42:10,767 [b91e650f-93ae-4c6b-a097-1df9422d1ecf@group-3D03465AB853:LeaderElection55] INFO  server.RaftServerConfigKeys (ConfUtils.java:logGet(43)) - raft.server.watch.timeout.denomination = 1s (default)
2019-09-26 10:42:10,767 [b91e650f-93ae-4c6b-a097-1df9422d1ecf@group-3D03465AB853:LeaderElection55] INFO  server.RaftServerConfigKeys (ConfUtils.java:logGet(43)) - raft.server.watch.element-limit = 65536 (default)
2019-09-26 10:42:10,770 [b91e650f-93ae-4c6b-a097-1df9422d1ecf@group-3D03465AB853:LeaderElection55] INFO  impl.RoleInfo (RoleInfo.java:updateAndGet(143)) - b91e650f-93ae-4c6b-a097-1df9422d1ecf: start LeaderState
2019-09-26 10:42:10,770 [b91e650f-93ae-4c6b-a097-1df9422d1ecf@group-3D03465AB853:LeaderElection55] INFO  segmented.SegmentedRaftLogWorker (SegmentedRaftLogWorker.java:startLogSegment(380)) - b91e650f-93ae-4c6b-a097-1df9422d1ecf@group-3D03465AB853-SegmentedRaftLogWorker: Starting segment from index:0
2019-09-26 10:42:10,771 [b91e650f-93ae-4c6b-a097-1df9422d1ecf@group-3D03465AB853:LeaderElection55] INFO  impl.RaftServerImpl (ServerState.java:setRaftConf(354)) - b91e650f-93ae-4c6b-a097-1df9422d1ecf@group-3D03465AB853: set configuration 0: [b91e650f-93ae-4c6b-a097-1df9422d1ecf:192.168.30.13:41744], old=null at 0
2019-09-26 10:42:10,786 [Thread-978] INFO  impl.FollowerState (FollowerState.java:run(106)) - b91e650f-93ae-4c6b-a097-1df9422d1ecf:group-4BFA5FD0D817 changes to CANDIDATE, lastRpcTime:5015, electionTimeout:5015ms
2019-09-26 10:42:10,787 [Thread-978] INFO  impl.RoleInfo (RoleInfo.java:shutdownFollowerState(121)) - b91e650f-93ae-4c6b-a097-1df9422d1ecf: shutdown FollowerState
2019-09-26 10:42:10,787 [Thread-978] INFO  impl.RaftServerImpl (RaftServerImpl.java:setRole(174)) - b91e650f-93ae-4c6b-a097-1df9422d1ecf@group-4BFA5FD0D817: changes role from  FOLLOWER to CANDIDATE at term 0 for changeToCandidate
2019-09-26 10:42:10,787 [Thread-978] INFO  impl.RoleInfo (RoleInfo.java:updateAndGet(143)) - b91e650f-93ae-4c6b-a097-1df9422d1ecf: start LeaderElection
2019-09-26 10:42:10,814 [Thread-975] INFO  impl.FollowerState (FollowerState.java:run(106)) - b91e650f-93ae-4c6b-a097-1df9422d1ecf:group-472269296607 changes to CANDIDATE, lastRpcTime:5070, electionTimeout:5070ms
2019-09-26 10:42:10,814 [Thread-975] INFO  impl.RoleInfo (RoleInfo.java:shutdownFollowerState(121)) - b91e650f-93ae-4c6b-a097-1df9422d1ecf: shutdown FollowerState
2019-09-26 10:42:10,814 [Thread-975] INFO  impl.RaftServerImpl (RaftServerImpl.java:setRole(174)) - b91e650f-93ae-4c6b-a097-1df9422d1ecf@group-472269296607: changes role from  FOLLOWER to CANDIDATE at term 0 for changeToCandidate
2019-09-26 10:42:10,815 [Thread-975] INFO  impl.RoleInfo (RoleInfo.java:updateAndGet(143)) - b91e650f-93ae-4c6b-a097-1df9422d1ecf: start LeaderElection
2019-09-26 10:42:10,824 [b91e650f-93ae-4c6b-a097-1df9422d1ecf@group-3D03465AB853-SegmentedRaftLogWorker] INFO  segmented.SegmentedRaftLogWorker (SegmentedRaftLogWorker.java:execute(569)) - b91e650f-93ae-4c6b-a097-1df9422d1ecf@group-3D03465AB853-SegmentedRaftLogWorker: created new log segment /workdir/hadoop-ozone/integration-test/target/test-dir/MiniOzoneClusterImpl-f06aceca-1220-4709-852b-f97b29892126/datanode-0/data/ratis/d8292b37-bf31-4a01-aca3-3d03465ab853/current/log_inprogress_0
2019-09-26 10:42:10,824 [b91e650f-93ae-4c6b-a097-1df9422d1ecf@group-4BFA5FD0D817:LeaderElection56] INFO  impl.LeaderElection (LeaderElection.java:askForVotes(182)) - b91e650f-93ae-4c6b-a097-1df9422d1ecf@group-4BFA5FD0D817:LeaderElection56: begin an election at term 1 for -1: [b91e650f-93ae-4c6b-a097-1df9422d1ecf:192.168.30.13:41744], old=null
2019-09-26 10:42:10,824 [b91e650f-93ae-4c6b-a097-1df9422d1ecf@group-472269296607:LeaderElection57] INFO  impl.LeaderElection (LeaderElection.java:askForVotes(182)) - b91e650f-93ae-4c6b-a097-1df9422d1ecf@group-472269296607:LeaderElection57: begin an election at term 1 for -1: [b91e650f-93ae-4c6b-a097-1df9422d1ecf:192.168.30.13:41744], old=null
2019-09-26 10:42:10,824 [b91e650f-93ae-4c6b-a097-1df9422d1ecf@group-4BFA5FD0D817:LeaderElection56] INFO  impl.RoleInfo (RoleInfo.java:shutdownLeaderElection(134)) - b91e650f-93ae-4c6b-a097-1df9422d1ecf: shutdown LeaderElection
2019-09-26 10:42:10,824 [b91e650f-93ae-4c6b-a097-1df9422d1ecf@group-472269296607:LeaderElection57] INFO  impl.RoleInfo (RoleInfo.java:shutdownLeaderElection(134)) - b91e650f-93ae-4c6b-a097-1df9422d1ecf: shutdown LeaderElection
2019-09-26 10:42:10,824 [b91e650f-93ae-4c6b-a097-1df9422d1ecf@group-4BFA5FD0D817:LeaderElection56] INFO  impl.RaftServerImpl (RaftServerImpl.java:setRole(174)) - b91e650f-93ae-4c6b-a097-1df9422d1ecf@group-4BFA5FD0D817: changes role from CANDIDATE to LEADER at term 1 for changeToLeader
2019-09-26 10:42:10,824 [b91e650f-93ae-4c6b-a097-1df9422d1ecf@group-472269296607:LeaderElection57] INFO  impl.RaftServerImpl (RaftServerImpl.java:setRole(174)) - b91e650f-93ae-4c6b-a097-1df9422d1ecf@group-472269296607: changes role from CANDIDATE to LEADER at term 1 for changeToLeader
2019-09-26 10:42:10,824 [b91e650f-93ae-4c6b-a097-1df9422d1ecf@group-4BFA5FD0D817:LeaderElection56] INFO  impl.RaftServerImpl (ServerState.java:setLeader(253)) - b91e650f-93ae-4c6b-a097-1df9422d1ecf@group-4BFA5FD0D817: change Leader from null to b91e650f-93ae-4c6b-a097-1df9422d1ecf at term 1 for becomeLeader, leader elected after 5059ms
2019-09-26 10:42:10,825 [b91e650f-93ae-4c6b-a097-1df9422d1ecf@group-472269296607:LeaderElection57] INFO  impl.RaftServerImpl (ServerState.java:setLeader(253)) - b91e650f-93ae-4c6b-a097-1df9422d1ecf@group-472269296607: change Leader from null to b91e650f-93ae-4c6b-a097-1df9422d1ecf at term 1 for becomeLeader, leader elected after 5088ms
2019-09-26 10:42:10,825 [b91e650f-93ae-4c6b-a097-1df9422d1ecf@group-4BFA5FD0D817:LeaderElection56] INFO  server.RaftServerConfigKeys (ConfUtils.java:logGet(43)) - raft.server.staging.catchup.gap = 1000 (default)
2019-09-26 10:42:10,825 [b91e650f-93ae-4c6b-a097-1df9422d1ecf@group-472269296607:LeaderElection57] INFO  server.RaftServerConfigKeys (ConfUtils.java:logGet(43)) - raft.server.staging.catchup.gap = 1000 (default)
2019-09-26 10:42:10,825 [b91e650f-93ae-4c6b-a097-1df9422d1ecf@group-4BFA5FD0D817:LeaderElection56] INFO  server.RaftServerConfigKeys (ConfUtils.java:logGet(43)) - raft.server.rpc.sleep.time = 25ms (default)
2019-09-26 10:42:10,825 [b91e650f-93ae-4c6b-a097-1df9422d1ecf@group-472269296607:LeaderElection57] INFO  server.RaftServerConfigKeys (ConfUtils.java:logGet(43)) - raft.server.rpc.sleep.time = 25ms (default)
2019-09-26 10:42:10,825 [b91e650f-93ae-4c6b-a097-1df9422d1ecf@group-4BFA5FD0D817:LeaderElection56] INFO  server.RaftServerConfigKeys (ConfUtils.java:logGet(43)) - raft.server.write.element-limit = 4096 (default)
2019-09-26 10:42:10,825 [b91e650f-93ae-4c6b-a097-1df9422d1ecf@group-472269296607:LeaderElection57] INFO  server.RaftServerConfigKeys (ConfUtils.java:logGet(43)) - raft.server.write.element-limit = 4096 (default)
2019-09-26 10:42:10,825 [b91e650f-93ae-4c6b-a097-1df9422d1ecf@group-4BFA5FD0D817:LeaderElection56] INFO  server.RaftServerConfigKeys (ConfUtils.java:logGet(43)) - raft.server.watch.timeout = 10s (default)
2019-09-26 10:42:10,826 [b91e650f-93ae-4c6b-a097-1df9422d1ecf@group-472269296607:LeaderElection57] INFO  server.RaftServerConfigKeys (ConfUtils.java:logGet(43)) - raft.server.watch.timeout = 10s (default)
2019-09-26 10:42:10,826 [b91e650f-93ae-4c6b-a097-1df9422d1ecf@group-4BFA5FD0D817:LeaderElection56] INFO  server.RaftServerConfigKeys (ConfUtils.java:logGet(43)) - raft.server.watch.timeout.denomination = 1s (default)
2019-09-26 10:42:10,826 [b91e650f-93ae-4c6b-a097-1df9422d1ecf@group-472269296607:LeaderElection57] INFO  server.RaftServerConfigKeys (ConfUtils.java:logGet(43)) - raft.server.watch.timeout.denomination = 1s (default)
2019-09-26 10:42:10,826 [b91e650f-93ae-4c6b-a097-1df9422d1ecf@group-4BFA5FD0D817:LeaderElection56] INFO  server.RaftServerConfigKeys (ConfUtils.java:logGet(43)) - raft.server.watch.element-limit = 65536 (default)
2019-09-26 10:42:10,826 [b91e650f-93ae-4c6b-a097-1df9422d1ecf@group-472269296607:LeaderElection57] INFO  server.RaftServerConfigKeys (ConfUtils.java:logGet(43)) - raft.server.watch.element-limit = 65536 (default)
2019-09-26 10:42:10,829 [b91e650f-93ae-4c6b-a097-1df9422d1ecf@group-4BFA5FD0D817:LeaderElection56] INFO  impl.RoleInfo (RoleInfo.java:updateAndGet(143)) - b91e650f-93ae-4c6b-a097-1df9422d1ecf: start LeaderState
2019-09-26 10:42:10,829 [b91e650f-93ae-4c6b-a097-1df9422d1ecf@group-472269296607:LeaderElection57] INFO  impl.RoleInfo (RoleInfo.java:updateAndGet(143)) - b91e650f-93ae-4c6b-a097-1df9422d1ecf: start LeaderState
2019-09-26 10:42:10,829 [b91e650f-93ae-4c6b-a097-1df9422d1ecf@group-4BFA5FD0D817:LeaderElection56] INFO  segmented.SegmentedRaftLogWorker (SegmentedRaftLogWorker.java:startLogSegment(380)) - b91e650f-93ae-4c6b-a097-1df9422d1ecf@group-4BFA5FD0D817-SegmentedRaftLogWorker: Starting segment from index:0
2019-09-26 10:42:10,829 [b91e650f-93ae-4c6b-a097-1df9422d1ecf@group-472269296607:LeaderElection57] INFO  segmented.SegmentedRaftLogWorker (SegmentedRaftLogWorker.java:startLogSegment(380)) - b91e650f-93ae-4c6b-a097-1df9422d1ecf@group-472269296607-SegmentedRaftLogWorker: Starting segment from index:0
2019-09-26 10:42:10,830 [b91e650f-93ae-4c6b-a097-1df9422d1ecf@group-472269296607:LeaderElection57] INFO  impl.RaftServerImpl (ServerState.java:setRaftConf(354)) - b91e650f-93ae-4c6b-a097-1df9422d1ecf@group-472269296607: set configuration 0: [b91e650f-93ae-4c6b-a097-1df9422d1ecf:192.168.30.13:41744], old=null at 0
2019-09-26 10:42:10,830 [b91e650f-93ae-4c6b-a097-1df9422d1ecf@group-4BFA5FD0D817:LeaderElection56] INFO  impl.RaftServerImpl (ServerState.java:setRaftConf(354)) - b91e650f-93ae-4c6b-a097-1df9422d1ecf@group-4BFA5FD0D817: set configuration 0: [b91e650f-93ae-4c6b-a097-1df9422d1ecf:192.168.30.13:41744], old=null at 0
2019-09-26 10:42:10,852 [Thread-972] INFO  impl.FollowerState (FollowerState.java:run(106)) - b91e650f-93ae-4c6b-a097-1df9422d1ecf:group-30EB06DB48BC changes to CANDIDATE, lastRpcTime:5154, electionTimeout:5154ms
2019-09-26 10:42:10,852 [Thread-972] INFO  impl.RoleInfo (RoleInfo.java:shutdownFollowerState(121)) - b91e650f-93ae-4c6b-a097-1df9422d1ecf: shutdown FollowerState
2019-09-26 10:42:10,853 [Thread-972] INFO  impl.RaftServerImpl (RaftServerImpl.java:setRole(174)) - b91e650f-93ae-4c6b-a097-1df9422d1ecf@group-30EB06DB48BC: changes role from  FOLLOWER to CANDIDATE at term 0 for changeToCandidate
2019-09-26 10:42:10,853 [Thread-972] INFO  impl.RoleInfo (RoleInfo.java:updateAndGet(143)) - b91e650f-93ae-4c6b-a097-1df9422d1ecf: start LeaderElection
2019-09-26 10:42:10,871 [Thread-984] INFO  impl.FollowerState (FollowerState.java:run(106)) - b91e650f-93ae-4c6b-a097-1df9422d1ecf:group-D6A7A9721DA2 changes to CANDIDATE, lastRpcTime:5044, electionTimeout:5040ms
2019-09-26 10:42:10,871 [Thread-984] INFO  impl.RoleInfo (RoleInfo.java:shutdownFollowerState(121)) - b91e650f-93ae-4c6b-a097-1df9422d1ecf: shutdown FollowerState
2019-09-26 10:42:10,871 [Thread-984] INFO  impl.RaftServerImpl (RaftServerImpl.java:setRole(174)) - b91e650f-93ae-4c6b-a097-1df9422d1ecf@group-D6A7A9721DA2: changes role from  FOLLOWER to CANDIDATE at term 0 for changeToCandidate
2019-09-26 10:42:10,871 [Thread-984] INFO  impl.RoleInfo (RoleInfo.java:updateAndGet(143)) - b91e650f-93ae-4c6b-a097-1df9422d1ecf: start LeaderElection
2019-09-26 10:42:10,884 [b91e650f-93ae-4c6b-a097-1df9422d1ecf@group-472269296607-SegmentedRaftLogWorker] INFO  segmented.SegmentedRaftLogWorker (SegmentedRaftLogWorker.java:execute(569)) - b91e650f-93ae-4c6b-a097-1df9422d1ecf@group-472269296607-SegmentedRaftLogWorker: created new log segment /workdir/hadoop-ozone/integration-test/target/test-dir/MiniOzoneClusterImpl-f06aceca-1220-4709-852b-f97b29892126/datanode-0/data/ratis/d50c9eb9-ae6e-40ee-a585-472269296607/current/log_inprogress_0
2019-09-26 10:42:10,884 [b91e650f-93ae-4c6b-a097-1df9422d1ecf@group-30EB06DB48BC:LeaderElection58] INFO  impl.LeaderElection (LeaderElection.java:askForVotes(182)) - b91e650f-93ae-4c6b-a097-1df9422d1ecf@group-30EB06DB48BC:LeaderElection58: begin an election at term 1 for -1: [b91e650f-93ae-4c6b-a097-1df9422d1ecf:192.168.30.13:41744], old=null
2019-09-26 10:42:10,884 [b91e650f-93ae-4c6b-a097-1df9422d1ecf@group-D6A7A9721DA2:LeaderElection59] INFO  impl.LeaderElection (LeaderElection.java:askForVotes(182)) - b91e650f-93ae-4c6b-a097-1df9422d1ecf@group-D6A7A9721DA2:LeaderElection59: begin an election at term 1 for -1: [b91e650f-93ae-4c6b-a097-1df9422d1ecf:192.168.30.13:41744], old=null
2019-09-26 10:42:10,884 [b91e650f-93ae-4c6b-a097-1df9422d1ecf@group-4BFA5FD0D817-SegmentedRaftLogWorker] INFO  segmented.SegmentedRaftLogWorker (SegmentedRaftLogWorker.java:execute(569)) - b91e650f-93ae-4c6b-a097-1df9422d1ecf@group-4BFA5FD0D817-SegmentedRaftLogWorker: created new log segment /workdir/hadoop-ozone/integration-test/target/test-dir/MiniOzoneClusterImpl-f06aceca-1220-4709-852b-f97b29892126/datanode-0/data/ratis/827913cc-2c62-4081-8c19-4bfa5fd0d817/current/log_inprogress_0
2019-09-26 10:42:10,884 [b91e650f-93ae-4c6b-a097-1df9422d1ecf@group-D6A7A9721DA2:LeaderElection59] INFO  impl.RoleInfo (RoleInfo.java:shutdownLeaderElection(134)) - b91e650f-93ae-4c6b-a097-1df9422d1ecf: shutdown LeaderElection
2019-09-26 10:42:10,884 [b91e650f-93ae-4c6b-a097-1df9422d1ecf@group-30EB06DB48BC:LeaderElection58] INFO  impl.RoleInfo (RoleInfo.java:shutdownLeaderElection(134)) - b91e650f-93ae-4c6b-a097-1df9422d1ecf: shutdown LeaderElection
2019-09-26 10:42:10,885 [b91e650f-93ae-4c6b-a097-1df9422d1ecf@group-D6A7A9721DA2:LeaderElection59] INFO  impl.RaftServerImpl (RaftServerImpl.java:setRole(174)) - b91e650f-93ae-4c6b-a097-1df9422d1ecf@group-D6A7A9721DA2: changes role from CANDIDATE to LEADER at term 1 for changeToLeader
2019-09-26 10:42:10,885 [b91e650f-93ae-4c6b-a097-1df9422d1ecf@group-30EB06DB48BC:LeaderElection58] INFO  impl.RaftServerImpl (RaftServerImpl.java:setRole(174)) - b91e650f-93ae-4c6b-a097-1df9422d1ecf@group-30EB06DB48BC: changes role from CANDIDATE to LEADER at term 1 for changeToLeader
2019-09-26 10:42:10,885 [b91e650f-93ae-4c6b-a097-1df9422d1ecf@group-D6A7A9721DA2:LeaderElection59] INFO  impl.RaftServerImpl (ServerState.java:setLeader(253)) - b91e650f-93ae-4c6b-a097-1df9422d1ecf@group-D6A7A9721DA2: change Leader from null to b91e650f-93ae-4c6b-a097-1df9422d1ecf at term 1 for becomeLeader, leader elected after 5064ms
2019-09-26 10:42:10,885 [b91e650f-93ae-4c6b-a097-1df9422d1ecf@group-30EB06DB48BC:LeaderElection58] INFO  impl.RaftServerImpl (ServerState.java:setLeader(253)) - b91e650f-93ae-4c6b-a097-1df9422d1ecf@group-30EB06DB48BC: change Leader from null to b91e650f-93ae-4c6b-a097-1df9422d1ecf at term 1 for becomeLeader, leader elected after 5193ms
2019-09-26 10:42:10,885 [b91e650f-93ae-4c6b-a097-1df9422d1ecf@group-D6A7A9721DA2:LeaderElection59] INFO  server.RaftServerConfigKeys (ConfUtils.java:logGet(43)) - raft.server.staging.catchup.gap = 1000 (default)
2019-09-26 10:42:10,885 [b91e650f-93ae-4c6b-a097-1df9422d1ecf@group-30EB06DB48BC:LeaderElection58] INFO  server.RaftServerConfigKeys (ConfUtils.java:logGet(43)) - raft.server.staging.catchup.gap = 1000 (default)
2019-09-26 10:42:10,885 [b91e650f-93ae-4c6b-a097-1df9422d1ecf@group-30EB06DB48BC:LeaderElection58] INFO  server.RaftServerConfigKeys (ConfUtils.java:logGet(43)) - raft.server.rpc.sleep.time = 25ms (default)
2019-09-26 10:42:10,885 [b91e650f-93ae-4c6b-a097-1df9422d1ecf@group-30EB06DB48BC:LeaderElection58] INFO  server.RaftServerConfigKeys (ConfUtils.java:logGet(43)) - raft.server.write.element-limit = 4096 (default)
2019-09-26 10:42:10,886 [b91e650f-93ae-4c6b-a097-1df9422d1ecf@group-30EB06DB48BC:LeaderElection58] INFO  server.RaftServerConfigKeys (ConfUtils.java:logGet(43)) - raft.server.watch.timeout = 10s (default)
2019-09-26 10:42:10,885 [b91e650f-93ae-4c6b-a097-1df9422d1ecf@group-D6A7A9721DA2:LeaderElection59] INFO  server.RaftServerConfigKeys (ConfUtils.java:logGet(43)) - raft.server.rpc.sleep.time = 25ms (default)
2019-09-26 10:42:10,886 [b91e650f-93ae-4c6b-a097-1df9422d1ecf@group-30EB06DB48BC:LeaderElection58] INFO  server.RaftServerConfigKeys (ConfUtils.java:logGet(43)) - raft.server.watch.timeout.denomination = 1s (default)
2019-09-26 10:42:10,886 [b91e650f-93ae-4c6b-a097-1df9422d1ecf@group-D6A7A9721DA2:LeaderElection59] INFO  server.RaftServerConfigKeys (ConfUtils.java:logGet(43)) - raft.server.write.element-limit = 4096 (default)
2019-09-26 10:42:10,886 [b91e650f-93ae-4c6b-a097-1df9422d1ecf@group-30EB06DB48BC:LeaderElection58] INFO  server.RaftServerConfigKeys (ConfUtils.java:logGet(43)) - raft.server.watch.element-limit = 65536 (default)
2019-09-26 10:42:10,886 [b91e650f-93ae-4c6b-a097-1df9422d1ecf@group-D6A7A9721DA2:LeaderElection59] INFO  server.RaftServerConfigKeys (ConfUtils.java:logGet(43)) - raft.server.watch.timeout = 10s (default)
2019-09-26 10:42:10,887 [b91e650f-93ae-4c6b-a097-1df9422d1ecf@group-D6A7A9721DA2:LeaderElection59] INFO  server.RaftServerConfigKeys (ConfUtils.java:logGet(43)) - raft.server.watch.timeout.denomination = 1s (default)
2019-09-26 10:42:10,887 [b91e650f-93ae-4c6b-a097-1df9422d1ecf@group-D6A7A9721DA2:LeaderElection59] INFO  server.RaftServerConfigKeys (ConfUtils.java:logGet(43)) - raft.server.watch.element-limit = 65536 (default)
2019-09-26 10:42:10,889 [b91e650f-93ae-4c6b-a097-1df9422d1ecf@group-30EB06DB48BC:LeaderElection58] INFO  impl.RoleInfo (RoleInfo.java:updateAndGet(143)) - b91e650f-93ae-4c6b-a097-1df9422d1ecf: start LeaderState
2019-09-26 10:42:10,889 [b91e650f-93ae-4c6b-a097-1df9422d1ecf@group-D6A7A9721DA2:LeaderElection59] INFO  impl.RoleInfo (RoleInfo.java:updateAndGet(143)) - b91e650f-93ae-4c6b-a097-1df9422d1ecf: start LeaderState
2019-09-26 10:42:10,890 [b91e650f-93ae-4c6b-a097-1df9422d1ecf@group-30EB06DB48BC:LeaderElection58] INFO  segmented.SegmentedRaftLogWorker (SegmentedRaftLogWorker.java:startLogSegment(380)) - b91e650f-93ae-4c6b-a097-1df9422d1ecf@group-30EB06DB48BC-SegmentedRaftLogWorker: Starting segment from index:0
2019-09-26 10:42:10,890 [b91e650f-93ae-4c6b-a097-1df9422d1ecf@group-D6A7A9721DA2:LeaderElection59] INFO  segmented.SegmentedRaftLogWorker (SegmentedRaftLogWorker.java:startLogSegment(380)) - b91e650f-93ae-4c6b-a097-1df9422d1ecf@group-D6A7A9721DA2-SegmentedRaftLogWorker: Starting segment from index:0
2019-09-26 10:42:10,890 [b91e650f-93ae-4c6b-a097-1df9422d1ecf@group-30EB06DB48BC:LeaderElection58] INFO  impl.RaftServerImpl (ServerState.java:setRaftConf(354)) - b91e650f-93ae-4c6b-a097-1df9422d1ecf@group-30EB06DB48BC: set configuration 0: [b91e650f-93ae-4c6b-a097-1df9422d1ecf:192.168.30.13:41744], old=null at 0
2019-09-26 10:42:10,890 [b91e650f-93ae-4c6b-a097-1df9422d1ecf@group-D6A7A9721DA2:LeaderElection59] INFO  impl.RaftServerImpl (ServerState.java:setRaftConf(354)) - b91e650f-93ae-4c6b-a097-1df9422d1ecf@group-D6A7A9721DA2: set configuration 0: [b91e650f-93ae-4c6b-a097-1df9422d1ecf:192.168.30.13:41744], old=null at 0
2019-09-26 10:42:10,916 [Thread-990] INFO  impl.FollowerState (FollowerState.java:run(106)) - a68ea93d-94dd-4f22-bee3-ae449a597286:group-EE86F71788F2 changes to CANDIDATE, lastRpcTime:5030, electionTimeout:5030ms
2019-09-26 10:42:10,916 [Thread-990] INFO  impl.RoleInfo (RoleInfo.java:shutdownFollowerState(121)) - a68ea93d-94dd-4f22-bee3-ae449a597286: shutdown FollowerState
2019-09-26 10:42:10,916 [Thread-990] INFO  impl.RaftServerImpl (RaftServerImpl.java:setRole(174)) - a68ea93d-94dd-4f22-bee3-ae449a597286@group-EE86F71788F2: changes role from  FOLLOWER to CANDIDATE at term 0 for changeToCandidate
2019-09-26 10:42:10,916 [Thread-990] INFO  impl.RoleInfo (RoleInfo.java:updateAndGet(143)) - a68ea93d-94dd-4f22-bee3-ae449a597286: start LeaderElection
2019-09-26 10:42:10,929 [Thread-981] INFO  impl.FollowerState (FollowerState.java:run(106)) - b91e650f-93ae-4c6b-a097-1df9422d1ecf:group-947A56972E58 changes to CANDIDATE, lastRpcTime:5125, electionTimeout:5125ms
2019-09-26 10:42:10,929 [Thread-981] INFO  impl.RoleInfo (RoleInfo.java:shutdownFollowerState(121)) - b91e650f-93ae-4c6b-a097-1df9422d1ecf: shutdown FollowerState
2019-09-26 10:42:10,929 [Thread-981] INFO  impl.RaftServerImpl (RaftServerImpl.java:setRole(174)) - b91e650f-93ae-4c6b-a097-1df9422d1ecf@group-947A56972E58: changes role from  FOLLOWER to CANDIDATE at term 0 for changeToCandidate
2019-09-26 10:42:10,929 [Thread-981] INFO  impl.RoleInfo (RoleInfo.java:updateAndGet(143)) - b91e650f-93ae-4c6b-a097-1df9422d1ecf: start LeaderElection
2019-09-26 10:42:10,938 [b91e650f-93ae-4c6b-a097-1df9422d1ecf@group-D6A7A9721DA2-SegmentedRaftLogWorker] INFO  segmented.SegmentedRaftLogWorker (SegmentedRaftLogWorker.java:execute(569)) - b91e650f-93ae-4c6b-a097-1df9422d1ecf@group-D6A7A9721DA2-SegmentedRaftLogWorker: created new log segment /workdir/hadoop-ozone/integration-test/target/test-dir/MiniOzoneClusterImpl-f06aceca-1220-4709-852b-f97b29892126/datanode-0/data/ratis/9f2849d4-2892-4b1d-b3e7-d6a7a9721da2/current/log_inprogress_0
2019-09-26 10:42:10,938 [b91e650f-93ae-4c6b-a097-1df9422d1ecf@group-30EB06DB48BC-SegmentedRaftLogWorker] INFO  segmented.SegmentedRaftLogWorker (SegmentedRaftLogWorker.java:execute(569)) - b91e650f-93ae-4c6b-a097-1df9422d1ecf@group-30EB06DB48BC-SegmentedRaftLogWorker: created new log segment /workdir/hadoop-ozone/integration-test/target/test-dir/MiniOzoneClusterImpl-f06aceca-1220-4709-852b-f97b29892126/datanode-0/data/ratis/5fb40d79-ffff-4bb2-899a-30eb06db48bc/current/log_inprogress_0
2019-09-26 10:42:10,938 [b91e650f-93ae-4c6b-a097-1df9422d1ecf@group-947A56972E58:LeaderElection61] INFO  impl.LeaderElection (LeaderElection.java:askForVotes(182)) - b91e650f-93ae-4c6b-a097-1df9422d1ecf@group-947A56972E58:LeaderElection61: begin an election at term 1 for -1: [b91e650f-93ae-4c6b-a097-1df9422d1ecf:192.168.30.13:41744], old=null
2019-09-26 10:42:10,938 [a68ea93d-94dd-4f22-bee3-ae449a597286@group-EE86F71788F2:LeaderElection60] INFO  impl.LeaderElection (LeaderElection.java:askForVotes(182)) - a68ea93d-94dd-4f22-bee3-ae449a597286@group-EE86F71788F2:LeaderElection60: begin an election at term 1 for -1: [a68ea93d-94dd-4f22-bee3-ae449a597286:192.168.30.13:35009], old=null
2019-09-26 10:42:10,938 [b91e650f-93ae-4c6b-a097-1df9422d1ecf@group-947A56972E58:LeaderElection61] INFO  impl.RoleInfo (RoleInfo.java:shutdownLeaderElection(134)) - b91e650f-93ae-4c6b-a097-1df9422d1ecf: shutdown LeaderElection
2019-09-26 10:42:10,939 [a68ea93d-94dd-4f22-bee3-ae449a597286@group-EE86F71788F2:LeaderElection60] INFO  impl.RoleInfo (RoleInfo.java:shutdownLeaderElection(134)) - a68ea93d-94dd-4f22-bee3-ae449a597286: shutdown LeaderElection
2019-09-26 10:42:10,939 [b91e650f-93ae-4c6b-a097-1df9422d1ecf@group-947A56972E58:LeaderElection61] INFO  impl.RaftServerImpl (RaftServerImpl.java:setRole(174)) - b91e650f-93ae-4c6b-a097-1df9422d1ecf@group-947A56972E58: changes role from CANDIDATE to LEADER at term 1 for changeToLeader
2019-09-26 10:42:10,939 [a68ea93d-94dd-4f22-bee3-ae449a597286@group-EE86F71788F2:LeaderElection60] INFO  impl.RaftServerImpl (RaftServerImpl.java:setRole(174)) - a68ea93d-94dd-4f22-bee3-ae449a597286@group-EE86F71788F2: changes role from CANDIDATE to LEADER at term 1 for changeToLeader
2019-09-26 10:42:10,939 [b91e650f-93ae-4c6b-a097-1df9422d1ecf@group-947A56972E58:LeaderElection61] INFO  impl.RaftServerImpl (ServerState.java:setLeader(253)) - b91e650f-93ae-4c6b-a097-1df9422d1ecf@group-947A56972E58: change Leader from null to b91e650f-93ae-4c6b-a097-1df9422d1ecf at term 1 for becomeLeader, leader elected after 5140ms
2019-09-26 10:42:10,939 [a68ea93d-94dd-4f22-bee3-ae449a597286@group-EE86F71788F2:LeaderElection60] INFO  impl.RaftServerImpl (ServerState.java:setLeader(253)) - a68ea93d-94dd-4f22-bee3-ae449a597286@group-EE86F71788F2: change Leader from null to a68ea93d-94dd-4f22-bee3-ae449a597286 at term 1 for becomeLeader, leader elected after 5061ms
2019-09-26 10:42:10,939 [b91e650f-93ae-4c6b-a097-1df9422d1ecf@group-947A56972E58:LeaderElection61] INFO  server.RaftServerConfigKeys (ConfUtils.java:logGet(43)) - raft.server.staging.catchup.gap = 1000 (default)
2019-09-26 10:42:10,939 [a68ea93d-94dd-4f22-bee3-ae449a597286@group-EE86F71788F2:LeaderElection60] INFO  server.RaftServerConfigKeys (ConfUtils.java:logGet(43)) - raft.server.staging.catchup.gap = 1000 (default)
2019-09-26 10:42:10,939 [b91e650f-93ae-4c6b-a097-1df9422d1ecf@group-947A56972E58:LeaderElection61] INFO  server.RaftServerConfigKeys (ConfUtils.java:logGet(43)) - raft.server.rpc.sleep.time = 25ms (default)
2019-09-26 10:42:10,939 [a68ea93d-94dd-4f22-bee3-ae449a597286@group-EE86F71788F2:LeaderElection60] INFO  server.RaftServerConfigKeys (ConfUtils.java:logGet(43)) - raft.server.rpc.sleep.time = 25ms (default)
2019-09-26 10:42:10,940 [b91e650f-93ae-4c6b-a097-1df9422d1ecf@group-947A56972E58:LeaderElection61] INFO  server.RaftServerConfigKeys (ConfUtils.java:logGet(43)) - raft.server.write.element-limit = 4096 (default)
2019-09-26 10:42:10,940 [a68ea93d-94dd-4f22-bee3-ae449a597286@group-EE86F71788F2:LeaderElection60] INFO  server.RaftServerConfigKeys (ConfUtils.java:logGet(43)) - raft.server.write.element-limit = 4096 (default)
2019-09-26 10:42:10,940 [b91e650f-93ae-4c6b-a097-1df9422d1ecf@group-947A56972E58:LeaderElection61] INFO  server.RaftServerConfigKeys (ConfUtils.java:logGet(43)) - raft.server.watch.timeout = 10s (default)
2019-09-26 10:42:10,940 [a68ea93d-94dd-4f22-bee3-ae449a597286@group-EE86F71788F2:LeaderElection60] INFO  server.RaftServerConfigKeys (ConfUtils.java:logGet(43)) - raft.server.watch.timeout = 10s (default)
2019-09-26 10:42:10,940 [b91e650f-93ae-4c6b-a097-1df9422d1ecf@group-947A56972E58:LeaderElection61] INFO  server.RaftServerConfigKeys (ConfUtils.java:logGet(43)) - raft.server.watch.timeout.denomination = 1s (default)
2019-09-26 10:42:10,940 [a68ea93d-94dd-4f22-bee3-ae449a597286@group-EE86F71788F2:LeaderElection60] INFO  server.RaftServerConfigKeys (ConfUtils.java:logGet(43)) - raft.server.watch.timeout.denomination = 1s (default)
2019-09-26 10:42:10,940 [b91e650f-93ae-4c6b-a097-1df9422d1ecf@group-947A56972E58:LeaderElection61] INFO  server.RaftServerConfigKeys (ConfUtils.java:logGet(43)) - raft.server.watch.element-limit = 65536 (default)
2019-09-26 10:42:10,940 [a68ea93d-94dd-4f22-bee3-ae449a597286@group-EE86F71788F2:LeaderElection60] INFO  server.RaftServerConfigKeys (ConfUtils.java:logGet(43)) - raft.server.watch.element-limit = 65536 (default)
2019-09-26 10:42:10,943 [b91e650f-93ae-4c6b-a097-1df9422d1ecf@group-947A56972E58:LeaderElection61] INFO  impl.RoleInfo (RoleInfo.java:updateAndGet(143)) - b91e650f-93ae-4c6b-a097-1df9422d1ecf: start LeaderState
2019-09-26 10:42:10,943 [a68ea93d-94dd-4f22-bee3-ae449a597286@group-EE86F71788F2:LeaderElection60] INFO  impl.RoleInfo (RoleInfo.java:updateAndGet(143)) - a68ea93d-94dd-4f22-bee3-ae449a597286: start LeaderState
2019-09-26 10:42:10,943 [b91e650f-93ae-4c6b-a097-1df9422d1ecf@group-947A56972E58:LeaderElection61] INFO  segmented.SegmentedRaftLogWorker (SegmentedRaftLogWorker.java:startLogSegment(380)) - b91e650f-93ae-4c6b-a097-1df9422d1ecf@group-947A56972E58-SegmentedRaftLogWorker: Starting segment from index:0
2019-09-26 10:42:10,943 [a68ea93d-94dd-4f22-bee3-ae449a597286@group-EE86F71788F2:LeaderElection60] INFO  segmented.SegmentedRaftLogWorker (SegmentedRaftLogWorker.java:startLogSegment(380)) - a68ea93d-94dd-4f22-bee3-ae449a597286@group-EE86F71788F2-SegmentedRaftLogWorker: Starting segment from index:0
2019-09-26 10:42:10,944 [b91e650f-93ae-4c6b-a097-1df9422d1ecf@group-947A56972E58:LeaderElection61] INFO  impl.RaftServerImpl (ServerState.java:setRaftConf(354)) - b91e650f-93ae-4c6b-a097-1df9422d1ecf@group-947A56972E58: set configuration 0: [b91e650f-93ae-4c6b-a097-1df9422d1ecf:192.168.30.13:41744], old=null at 0
2019-09-26 10:42:10,944 [a68ea93d-94dd-4f22-bee3-ae449a597286@group-EE86F71788F2:LeaderElection60] INFO  impl.RaftServerImpl (ServerState.java:setRaftConf(354)) - a68ea93d-94dd-4f22-bee3-ae449a597286@group-EE86F71788F2: set configuration 0: [a68ea93d-94dd-4f22-bee3-ae449a597286:192.168.30.13:35009], old=null at 0
2019-09-26 10:42:10,968 [Thread-993] INFO  impl.FollowerState (FollowerState.java:run(106)) - 36aed9aa-ac88-4ede-96ce-810747967900:group-FCC6AEB2BE3E changes to CANDIDATE, lastRpcTime:5038, electionTimeout:5038ms
2019-09-26 10:42:10,969 [Thread-993] INFO  impl.RoleInfo (RoleInfo.java:shutdownFollowerState(121)) - 36aed9aa-ac88-4ede-96ce-810747967900: shutdown FollowerState
2019-09-26 10:42:10,969 [Thread-993] INFO  impl.RaftServerImpl (RaftServerImpl.java:setRole(174)) - 36aed9aa-ac88-4ede-96ce-810747967900@group-FCC6AEB2BE3E: changes role from  FOLLOWER to CANDIDATE at term 0 for changeToCandidate
2019-09-26 10:42:10,969 [Thread-993] INFO  impl.RoleInfo (RoleInfo.java:updateAndGet(143)) - 36aed9aa-ac88-4ede-96ce-810747967900: start LeaderElection
2019-09-26 10:42:10,986 [b91e650f-93ae-4c6b-a097-1df9422d1ecf@group-947A56972E58-SegmentedRaftLogWorker] INFO  segmented.SegmentedRaftLogWorker (SegmentedRaftLogWorker.java:execute(569)) - b91e650f-93ae-4c6b-a097-1df9422d1ecf@group-947A56972E58-SegmentedRaftLogWorker: created new log segment /workdir/hadoop-ozone/integration-test/target/test-dir/MiniOzoneClusterImpl-f06aceca-1220-4709-852b-f97b29892126/datanode-0/data/ratis/76c761ca-8dcb-4fcd-94d5-947a56972e58/current/log_inprogress_0
2019-09-26 10:42:10,986 [a68ea93d-94dd-4f22-bee3-ae449a597286@group-EE86F71788F2-SegmentedRaftLogWorker] INFO  segmented.SegmentedRaftLogWorker (SegmentedRaftLogWorker.java:execute(569)) - a68ea93d-94dd-4f22-bee3-ae449a597286@group-EE86F71788F2-SegmentedRaftLogWorker: created new log segment /workdir/hadoop-ozone/integration-test/target/test-dir/MiniOzoneClusterImpl-f06aceca-1220-4709-852b-f97b29892126/datanode-2/data/ratis/3afd1793-0e02-4db4-aa17-ee86f71788f2/current/log_inprogress_0
2019-09-26 10:42:10,986 [36aed9aa-ac88-4ede-96ce-810747967900@group-FCC6AEB2BE3E:LeaderElection62] INFO  impl.LeaderElection (LeaderElection.java:askForVotes(182)) - 36aed9aa-ac88-4ede-96ce-810747967900@group-FCC6AEB2BE3E:LeaderElection62: begin an election at term 1 for -1: [36aed9aa-ac88-4ede-96ce-810747967900:192.168.30.13:46636], old=null
2019-09-26 10:42:10,987 [36aed9aa-ac88-4ede-96ce-810747967900@group-FCC6AEB2BE3E:LeaderElection62] INFO  impl.RoleInfo (RoleInfo.java:shutdownLeaderElection(134)) - 36aed9aa-ac88-4ede-96ce-810747967900: shutdown LeaderElection
2019-09-26 10:42:10,987 [36aed9aa-ac88-4ede-96ce-810747967900@group-FCC6AEB2BE3E:LeaderElection62] INFO  impl.RaftServerImpl (RaftServerImpl.java:setRole(174)) - 36aed9aa-ac88-4ede-96ce-810747967900@group-FCC6AEB2BE3E: changes role from CANDIDATE to LEADER at term 1 for changeToLeader
2019-09-26 10:42:10,987 [36aed9aa-ac88-4ede-96ce-810747967900@group-FCC6AEB2BE3E:LeaderElection62] INFO  impl.RaftServerImpl (ServerState.java:setLeader(253)) - 36aed9aa-ac88-4ede-96ce-810747967900@group-FCC6AEB2BE3E: change Leader from null to 36aed9aa-ac88-4ede-96ce-810747967900 at term 1 for becomeLeader, leader elected after 5061ms
2019-09-26 10:42:10,987 [36aed9aa-ac88-4ede-96ce-810747967900@group-FCC6AEB2BE3E:LeaderElection62] INFO  server.RaftServerConfigKeys (ConfUtils.java:logGet(43)) - raft.server.staging.catchup.gap = 1000 (default)
2019-09-26 10:42:10,987 [36aed9aa-ac88-4ede-96ce-810747967900@group-FCC6AEB2BE3E:LeaderElection62] INFO  server.RaftServerConfigKeys (ConfUtils.java:logGet(43)) - raft.server.rpc.sleep.time = 25ms (default)
2019-09-26 10:42:10,987 [36aed9aa-ac88-4ede-96ce-810747967900@group-FCC6AEB2BE3E:LeaderElection62] INFO  server.RaftServerConfigKeys (ConfUtils.java:logGet(43)) - raft.server.write.element-limit = 4096 (default)
2019-09-26 10:42:10,987 [36aed9aa-ac88-4ede-96ce-810747967900@group-FCC6AEB2BE3E:LeaderElection62] INFO  server.RaftServerConfigKeys (ConfUtils.java:logGet(43)) - raft.server.watch.timeout = 10s (default)
2019-09-26 10:42:10,988 [36aed9aa-ac88-4ede-96ce-810747967900@group-FCC6AEB2BE3E:LeaderElection62] INFO  server.RaftServerConfigKeys (ConfUtils.java:logGet(43)) - raft.server.watch.timeout.denomination = 1s (default)
2019-09-26 10:42:10,988 [36aed9aa-ac88-4ede-96ce-810747967900@group-FCC6AEB2BE3E:LeaderElection62] INFO  server.RaftServerConfigKeys (ConfUtils.java:logGet(43)) - raft.server.watch.element-limit = 65536 (default)
2019-09-26 10:42:10,990 [36aed9aa-ac88-4ede-96ce-810747967900@group-FCC6AEB2BE3E:LeaderElection62] INFO  impl.RoleInfo (RoleInfo.java:updateAndGet(143)) - 36aed9aa-ac88-4ede-96ce-810747967900: start LeaderState
2019-09-26 10:42:10,990 [36aed9aa-ac88-4ede-96ce-810747967900@group-FCC6AEB2BE3E:LeaderElection62] INFO  segmented.SegmentedRaftLogWorker (SegmentedRaftLogWorker.java:startLogSegment(380)) - 36aed9aa-ac88-4ede-96ce-810747967900@group-FCC6AEB2BE3E-SegmentedRaftLogWorker: Starting segment from index:0
2019-09-26 10:42:10,990 [36aed9aa-ac88-4ede-96ce-810747967900@group-FCC6AEB2BE3E:LeaderElection62] INFO  impl.RaftServerImpl (ServerState.java:setRaftConf(354)) - 36aed9aa-ac88-4ede-96ce-810747967900@group-FCC6AEB2BE3E: set configuration 0: [36aed9aa-ac88-4ede-96ce-810747967900:192.168.30.13:46636], old=null at 0
2019-09-26 10:42:10,991 [Thread-987] INFO  impl.FollowerState (FollowerState.java:run(106)) - 36aed9aa-ac88-4ede-96ce-810747967900:group-5AD89329E748 changes to CANDIDATE, lastRpcTime:5135, electionTimeout:5135ms
2019-09-26 10:42:10,991 [Thread-987] INFO  impl.RoleInfo (RoleInfo.java:shutdownFollowerState(121)) - 36aed9aa-ac88-4ede-96ce-810747967900: shutdown FollowerState
2019-09-26 10:42:10,991 [Thread-987] INFO  impl.RaftServerImpl (RaftServerImpl.java:setRole(174)) - 36aed9aa-ac88-4ede-96ce-810747967900@group-5AD89329E748: changes role from  FOLLOWER to CANDIDATE at term 0 for changeToCandidate
2019-09-26 10:42:10,991 [Thread-987] INFO  impl.RoleInfo (RoleInfo.java:updateAndGet(143)) - 36aed9aa-ac88-4ede-96ce-810747967900: start LeaderElection
2019-09-26 10:42:11,035 [36aed9aa-ac88-4ede-96ce-810747967900@group-FCC6AEB2BE3E-SegmentedRaftLogWorker] INFO  segmented.SegmentedRaftLogWorker (SegmentedRaftLogWorker.java:execute(569)) - 36aed9aa-ac88-4ede-96ce-810747967900@group-FCC6AEB2BE3E-SegmentedRaftLogWorker: created new log segment /workdir/hadoop-ozone/integration-test/target/test-dir/MiniOzoneClusterImpl-f06aceca-1220-4709-852b-f97b29892126/datanode-1/data/ratis/5de30719-36e4-48e3-9fd6-fcc6aeb2be3e/current/log_inprogress_0
2019-09-26 10:42:11,035 [36aed9aa-ac88-4ede-96ce-810747967900@group-5AD89329E748:LeaderElection63] INFO  impl.LeaderElection (LeaderElection.java:askForVotes(182)) - 36aed9aa-ac88-4ede-96ce-810747967900@group-5AD89329E748:LeaderElection63: begin an election at term 1 for -1: [36aed9aa-ac88-4ede-96ce-810747967900:192.168.30.13:46636], old=null
2019-09-26 10:42:11,035 [36aed9aa-ac88-4ede-96ce-810747967900@group-5AD89329E748:LeaderElection63] INFO  impl.RoleInfo (RoleInfo.java:shutdownLeaderElection(134)) - 36aed9aa-ac88-4ede-96ce-810747967900: shutdown LeaderElection
2019-09-26 10:42:11,035 [36aed9aa-ac88-4ede-96ce-810747967900@group-5AD89329E748:LeaderElection63] INFO  impl.RaftServerImpl (RaftServerImpl.java:setRole(174)) - 36aed9aa-ac88-4ede-96ce-810747967900@group-5AD89329E748: changes role from CANDIDATE to LEADER at term 1 for changeToLeader
2019-09-26 10:42:11,035 [36aed9aa-ac88-4ede-96ce-810747967900@group-5AD89329E748:LeaderElection63] INFO  impl.RaftServerImpl (ServerState.java:setLeader(253)) - 36aed9aa-ac88-4ede-96ce-810747967900@group-5AD89329E748: change Leader from null to 36aed9aa-ac88-4ede-96ce-810747967900 at term 1 for becomeLeader, leader elected after 5187ms
2019-09-26 10:42:11,036 [36aed9aa-ac88-4ede-96ce-810747967900@group-5AD89329E748:LeaderElection63] INFO  server.RaftServerConfigKeys (ConfUtils.java:logGet(43)) - raft.server.staging.catchup.gap = 1000 (default)
2019-09-26 10:42:11,036 [36aed9aa-ac88-4ede-96ce-810747967900@group-5AD89329E748:LeaderElection63] INFO  server.RaftServerConfigKeys (ConfUtils.java:logGet(43)) - raft.server.rpc.sleep.time = 25ms (default)
2019-09-26 10:42:11,036 [36aed9aa-ac88-4ede-96ce-810747967900@group-5AD89329E748:LeaderElection63] INFO  server.RaftServerConfigKeys (ConfUtils.java:logGet(43)) - raft.server.write.element-limit = 4096 (default)
2019-09-26 10:42:11,036 [36aed9aa-ac88-4ede-96ce-810747967900@group-5AD89329E748:LeaderElection63] INFO  server.RaftServerConfigKeys (ConfUtils.java:logGet(43)) - raft.server.watch.timeout = 10s (default)
2019-09-26 10:42:11,036 [36aed9aa-ac88-4ede-96ce-810747967900@group-5AD89329E748:LeaderElection63] INFO  server.RaftServerConfigKeys (ConfUtils.java:logGet(43)) - raft.server.watch.timeout.denomination = 1s (default)
2019-09-26 10:42:11,036 [36aed9aa-ac88-4ede-96ce-810747967900@group-5AD89329E748:LeaderElection63] INFO  server.RaftServerConfigKeys (ConfUtils.java:logGet(43)) - raft.server.watch.element-limit = 65536 (default)
2019-09-26 10:42:11,038 [36aed9aa-ac88-4ede-96ce-810747967900@group-5AD89329E748:LeaderElection63] INFO  impl.RoleInfo (RoleInfo.java:updateAndGet(143)) - 36aed9aa-ac88-4ede-96ce-810747967900: start LeaderState
2019-09-26 10:42:11,039 [36aed9aa-ac88-4ede-96ce-810747967900@group-5AD89329E748:LeaderElection63] INFO  segmented.SegmentedRaftLogWorker (SegmentedRaftLogWorker.java:startLogSegment(380)) - 36aed9aa-ac88-4ede-96ce-810747967900@group-5AD89329E748-SegmentedRaftLogWorker: Starting segment from index:0
2019-09-26 10:42:11,039 [36aed9aa-ac88-4ede-96ce-810747967900@group-5AD89329E748:LeaderElection63] INFO  impl.RaftServerImpl (ServerState.java:setRaftConf(354)) - 36aed9aa-ac88-4ede-96ce-810747967900@group-5AD89329E748: set configuration 0: [36aed9aa-ac88-4ede-96ce-810747967900:192.168.30.13:46636], old=null at 0
2019-09-26 10:42:11,077 [36aed9aa-ac88-4ede-96ce-810747967900@group-5AD89329E748-SegmentedRaftLogWorker] INFO  segmented.SegmentedRaftLogWorker (SegmentedRaftLogWorker.java:execute(569)) - 36aed9aa-ac88-4ede-96ce-810747967900@group-5AD89329E748-SegmentedRaftLogWorker: created new log segment /workdir/hadoop-ozone/integration-test/target/test-dir/MiniOzoneClusterImpl-f06aceca-1220-4709-852b-f97b29892126/datanode-1/data/ratis/28de654a-6fc4-47ba-8670-5ad89329e748/current/log_inprogress_0
2019-09-26 10:42:11,155 [Thread-999] INFO  impl.FollowerState (FollowerState.java:run(106)) - 36aed9aa-ac88-4ede-96ce-810747967900:group-6718AF5492AC changes to CANDIDATE, lastRpcTime:5136, electionTimeout:5136ms
2019-09-26 10:42:11,155 [Thread-999] INFO  impl.RoleInfo (RoleInfo.java:shutdownFollowerState(121)) - 36aed9aa-ac88-4ede-96ce-810747967900: shutdown FollowerState
2019-09-26 10:42:11,155 [Thread-999] INFO  impl.RaftServerImpl (RaftServerImpl.java:setRole(174)) - 36aed9aa-ac88-4ede-96ce-810747967900@group-6718AF5492AC: changes role from  FOLLOWER to CANDIDATE at term 0 for changeToCandidate
2019-09-26 10:42:11,156 [Thread-999] INFO  impl.RoleInfo (RoleInfo.java:updateAndGet(143)) - 36aed9aa-ac88-4ede-96ce-810747967900: start LeaderElection
2019-09-26 10:42:11,170 [Thread-996] INFO  impl.FollowerState (FollowerState.java:run(106)) - 36aed9aa-ac88-4ede-96ce-810747967900:group-D889ED5A247E changes to CANDIDATE, lastRpcTime:5195, electionTimeout:5195ms
2019-09-26 10:42:11,171 [Thread-996] INFO  impl.RoleInfo (RoleInfo.java:shutdownFollowerState(121)) - 36aed9aa-ac88-4ede-96ce-810747967900: shutdown FollowerState
2019-09-26 10:42:11,171 [Thread-996] INFO  impl.RaftServerImpl (RaftServerImpl.java:setRole(174)) - 36aed9aa-ac88-4ede-96ce-810747967900@group-D889ED5A247E: changes role from  FOLLOWER to CANDIDATE at term 0 for changeToCandidate
2019-09-26 10:42:11,171 [36aed9aa-ac88-4ede-96ce-810747967900@group-6718AF5492AC:LeaderElection64] INFO  impl.LeaderElection (LeaderElection.java:askForVotes(182)) - 36aed9aa-ac88-4ede-96ce-810747967900@group-6718AF5492AC:LeaderElection64: begin an election at term 1 for -1: [36aed9aa-ac88-4ede-96ce-810747967900:192.168.30.13:46636], old=null
2019-09-26 10:42:11,171 [Thread-996] INFO  impl.RoleInfo (RoleInfo.java:updateAndGet(143)) - 36aed9aa-ac88-4ede-96ce-810747967900: start LeaderElection
2019-09-26 10:42:11,171 [36aed9aa-ac88-4ede-96ce-810747967900@group-6718AF5492AC:LeaderElection64] INFO  impl.RoleInfo (RoleInfo.java:shutdownLeaderElection(134)) - 36aed9aa-ac88-4ede-96ce-810747967900: shutdown LeaderElection
2019-09-26 10:42:11,171 [36aed9aa-ac88-4ede-96ce-810747967900@group-6718AF5492AC:LeaderElection64] INFO  impl.RaftServerImpl (RaftServerImpl.java:setRole(174)) - 36aed9aa-ac88-4ede-96ce-810747967900@group-6718AF5492AC: changes role from CANDIDATE to LEADER at term 1 for changeToLeader
2019-09-26 10:42:11,173 [36aed9aa-ac88-4ede-96ce-810747967900@group-6718AF5492AC:LeaderElection64] INFO  impl.RaftServerImpl (ServerState.java:setLeader(253)) - 36aed9aa-ac88-4ede-96ce-810747967900@group-6718AF5492AC: change Leader from null to 36aed9aa-ac88-4ede-96ce-810747967900 at term 1 for becomeLeader, leader elected after 5158ms
2019-09-26 10:42:11,174 [36aed9aa-ac88-4ede-96ce-810747967900@group-6718AF5492AC:LeaderElection64] INFO  server.RaftServerConfigKeys (ConfUtils.java:logGet(43)) - raft.server.staging.catchup.gap = 1000 (default)
2019-09-26 10:42:11,174 [36aed9aa-ac88-4ede-96ce-810747967900@group-6718AF5492AC:LeaderElection64] INFO  server.RaftServerConfigKeys (ConfUtils.java:logGet(43)) - raft.server.rpc.sleep.time = 25ms (default)
2019-09-26 10:42:11,174 [36aed9aa-ac88-4ede-96ce-810747967900@group-6718AF5492AC:LeaderElection64] INFO  server.RaftServerConfigKeys (ConfUtils.java:logGet(43)) - raft.server.write.element-limit = 4096 (default)
2019-09-26 10:42:11,174 [36aed9aa-ac88-4ede-96ce-810747967900@group-6718AF5492AC:LeaderElection64] INFO  server.RaftServerConfigKeys (ConfUtils.java:logGet(43)) - raft.server.watch.timeout = 10s (default)
2019-09-26 10:42:11,174 [36aed9aa-ac88-4ede-96ce-810747967900@group-6718AF5492AC:LeaderElection64] INFO  server.RaftServerConfigKeys (ConfUtils.java:logGet(43)) - raft.server.watch.timeout.denomination = 1s (default)
2019-09-26 10:42:11,174 [36aed9aa-ac88-4ede-96ce-810747967900@group-6718AF5492AC:LeaderElection64] INFO  server.RaftServerConfigKeys (ConfUtils.java:logGet(43)) - raft.server.watch.element-limit = 65536 (default)
2019-09-26 10:42:11,177 [36aed9aa-ac88-4ede-96ce-810747967900@group-6718AF5492AC:LeaderElection64] INFO  impl.RoleInfo (RoleInfo.java:updateAndGet(143)) - 36aed9aa-ac88-4ede-96ce-810747967900: start LeaderState
2019-09-26 10:42:11,177 [36aed9aa-ac88-4ede-96ce-810747967900@group-6718AF5492AC:LeaderElection64] INFO  segmented.SegmentedRaftLogWorker (SegmentedRaftLogWorker.java:startLogSegment(380)) - 36aed9aa-ac88-4ede-96ce-810747967900@group-6718AF5492AC-SegmentedRaftLogWorker: Starting segment from index:0
2019-09-26 10:42:11,178 [36aed9aa-ac88-4ede-96ce-810747967900@group-6718AF5492AC:LeaderElection64] INFO  impl.RaftServerImpl (ServerState.java:setRaftConf(354)) - 36aed9aa-ac88-4ede-96ce-810747967900@group-6718AF5492AC: set configuration 0: [36aed9aa-ac88-4ede-96ce-810747967900:192.168.30.13:46636], old=null at 0
2019-09-26 10:42:11,180 [Thread-1002] INFO  impl.FollowerState (FollowerState.java:run(106)) - 36aed9aa-ac88-4ede-96ce-810747967900:group-3DB086685F4B changes to CANDIDATE, lastRpcTime:5118, electionTimeout:5118ms
2019-09-26 10:42:11,180 [Thread-1002] INFO  impl.RoleInfo (RoleInfo.java:shutdownFollowerState(121)) - 36aed9aa-ac88-4ede-96ce-810747967900: shutdown FollowerState
2019-09-26 10:42:11,180 [Thread-1002] INFO  impl.RaftServerImpl (RaftServerImpl.java:setRole(174)) - 36aed9aa-ac88-4ede-96ce-810747967900@group-3DB086685F4B: changes role from  FOLLOWER to CANDIDATE at term 0 for changeToCandidate
2019-09-26 10:42:11,180 [Thread-1002] INFO  impl.RoleInfo (RoleInfo.java:updateAndGet(143)) - 36aed9aa-ac88-4ede-96ce-810747967900: start LeaderElection
2019-09-26 10:42:11,218 [Thread-1005] INFO  impl.FollowerState (FollowerState.java:run(106)) - 36aed9aa-ac88-4ede-96ce-810747967900:group-6EE2D8F68520 changes to CANDIDATE, lastRpcTime:5114, electionTimeout:5095ms
2019-09-26 10:42:11,218 [Thread-1005] INFO  impl.RoleInfo (RoleInfo.java:shutdownFollowerState(121)) - 36aed9aa-ac88-4ede-96ce-810747967900: shutdown FollowerState
2019-09-26 10:42:11,218 [36aed9aa-ac88-4ede-96ce-810747967900@group-D889ED5A247E:LeaderElection65] INFO  impl.LeaderElection (LeaderElection.java:askForVotes(182)) - 36aed9aa-ac88-4ede-96ce-810747967900@group-D889ED5A247E:LeaderElection65: begin an election at term 1 for -1: [36aed9aa-ac88-4ede-96ce-810747967900:192.168.30.13:46636], old=null
2019-09-26 10:42:11,218 [Thread-1005] INFO  impl.RaftServerImpl (RaftServerImpl.java:setRole(174)) - 36aed9aa-ac88-4ede-96ce-810747967900@group-6EE2D8F68520: changes role from  FOLLOWER to CANDIDATE at term 0 for changeToCandidate
2019-09-26 10:42:11,218 [36aed9aa-ac88-4ede-96ce-810747967900@group-D889ED5A247E:LeaderElection65] INFO  impl.RoleInfo (RoleInfo.java:shutdownLeaderElection(134)) - 36aed9aa-ac88-4ede-96ce-810747967900: shutdown LeaderElection
2019-09-26 10:42:11,218 [Thread-1005] INFO  impl.RoleInfo (RoleInfo.java:updateAndGet(143)) - 36aed9aa-ac88-4ede-96ce-810747967900: start LeaderElection
2019-09-26 10:42:11,219 [36aed9aa-ac88-4ede-96ce-810747967900@group-D889ED5A247E:LeaderElection65] INFO  impl.RaftServerImpl (RaftServerImpl.java:setRole(174)) - 36aed9aa-ac88-4ede-96ce-810747967900@group-D889ED5A247E: changes role from CANDIDATE to LEADER at term 1 for changeToLeader
2019-09-26 10:42:11,219 [36aed9aa-ac88-4ede-96ce-810747967900@group-D889ED5A247E:LeaderElection65] INFO  impl.RaftServerImpl (ServerState.java:setLeader(253)) - 36aed9aa-ac88-4ede-96ce-810747967900@group-D889ED5A247E: change Leader from null to 36aed9aa-ac88-4ede-96ce-810747967900 at term 1 for becomeLeader, leader elected after 5250ms
2019-09-26 10:42:11,221 [36aed9aa-ac88-4ede-96ce-810747967900@group-D889ED5A247E:LeaderElection65] INFO  server.RaftServerConfigKeys (ConfUtils.java:logGet(43)) - raft.server.staging.catchup.gap = 1000 (default)
2019-09-26 10:42:11,221 [36aed9aa-ac88-4ede-96ce-810747967900@group-D889ED5A247E:LeaderElection65] INFO  server.RaftServerConfigKeys (ConfUtils.java:logGet(43)) - raft.server.rpc.sleep.time = 25ms (default)
2019-09-26 10:42:11,221 [36aed9aa-ac88-4ede-96ce-810747967900@group-D889ED5A247E:LeaderElection65] INFO  server.RaftServerConfigKeys (ConfUtils.java:logGet(43)) - raft.server.write.element-limit = 4096 (default)
2019-09-26 10:42:11,221 [36aed9aa-ac88-4ede-96ce-810747967900@group-D889ED5A247E:LeaderElection65] INFO  server.RaftServerConfigKeys (ConfUtils.java:logGet(43)) - raft.server.watch.timeout = 10s (default)
2019-09-26 10:42:11,221 [36aed9aa-ac88-4ede-96ce-810747967900@group-D889ED5A247E:LeaderElection65] INFO  server.RaftServerConfigKeys (ConfUtils.java:logGet(43)) - raft.server.watch.timeout.denomination = 1s (default)
2019-09-26 10:42:11,222 [36aed9aa-ac88-4ede-96ce-810747967900@group-D889ED5A247E:LeaderElection65] INFO  server.RaftServerConfigKeys (ConfUtils.java:logGet(43)) - raft.server.watch.element-limit = 65536 (default)
2019-09-26 10:42:11,224 [36aed9aa-ac88-4ede-96ce-810747967900@group-D889ED5A247E:LeaderElection65] INFO  impl.RoleInfo (RoleInfo.java:updateAndGet(143)) - 36aed9aa-ac88-4ede-96ce-810747967900: start LeaderState
2019-09-26 10:42:11,224 [36aed9aa-ac88-4ede-96ce-810747967900@group-D889ED5A247E:LeaderElection65] INFO  segmented.SegmentedRaftLogWorker (SegmentedRaftLogWorker.java:startLogSegment(380)) - 36aed9aa-ac88-4ede-96ce-810747967900@group-D889ED5A247E-SegmentedRaftLogWorker: Starting segment from index:0
2019-09-26 10:42:11,225 [36aed9aa-ac88-4ede-96ce-810747967900@group-D889ED5A247E:LeaderElection65] INFO  impl.RaftServerImpl (ServerState.java:setRaftConf(354)) - 36aed9aa-ac88-4ede-96ce-810747967900@group-D889ED5A247E: set configuration 0: [36aed9aa-ac88-4ede-96ce-810747967900:192.168.30.13:46636], old=null at 0
2019-09-26 10:42:11,231 [36aed9aa-ac88-4ede-96ce-810747967900@group-6718AF5492AC-SegmentedRaftLogWorker] INFO  segmented.SegmentedRaftLogWorker (SegmentedRaftLogWorker.java:execute(569)) - 36aed9aa-ac88-4ede-96ce-810747967900@group-6718AF5492AC-SegmentedRaftLogWorker: created new log segment /workdir/hadoop-ozone/integration-test/target/test-dir/MiniOzoneClusterImpl-f06aceca-1220-4709-852b-f97b29892126/datanode-1/data/ratis/69eb0612-88d9-40f6-8f58-6718af5492ac/current/log_inprogress_0
2019-09-26 10:42:11,231 [36aed9aa-ac88-4ede-96ce-810747967900@group-6EE2D8F68520:LeaderElection67] INFO  impl.LeaderElection (LeaderElection.java:askForVotes(182)) - 36aed9aa-ac88-4ede-96ce-810747967900@group-6EE2D8F68520:LeaderElection67: begin an election at term 1 for -1: [36aed9aa-ac88-4ede-96ce-810747967900:192.168.30.13:46636], old=null
2019-09-26 10:42:11,231 [36aed9aa-ac88-4ede-96ce-810747967900@group-3DB086685F4B:LeaderElection66] INFO  impl.LeaderElection (LeaderElection.java:askForVotes(182)) - 36aed9aa-ac88-4ede-96ce-810747967900@group-3DB086685F4B:LeaderElection66: begin an election at term 1 for -1: [36aed9aa-ac88-4ede-96ce-810747967900:192.168.30.13:46636], old=null
2019-09-26 10:42:11,231 [36aed9aa-ac88-4ede-96ce-810747967900@group-6EE2D8F68520:LeaderElection67] INFO  impl.RoleInfo (RoleInfo.java:shutdownLeaderElection(134)) - 36aed9aa-ac88-4ede-96ce-810747967900: shutdown LeaderElection
2019-09-26 10:42:11,231 [36aed9aa-ac88-4ede-96ce-810747967900@group-3DB086685F4B:LeaderElection66] INFO  impl.RoleInfo (RoleInfo.java:shutdownLeaderElection(134)) - 36aed9aa-ac88-4ede-96ce-810747967900: shutdown LeaderElection
2019-09-26 10:42:11,232 [36aed9aa-ac88-4ede-96ce-810747967900@group-6EE2D8F68520:LeaderElection67] INFO  impl.RaftServerImpl (RaftServerImpl.java:setRole(174)) - 36aed9aa-ac88-4ede-96ce-810747967900@group-6EE2D8F68520: changes role from CANDIDATE to LEADER at term 1 for changeToLeader
2019-09-26 10:42:11,232 [36aed9aa-ac88-4ede-96ce-810747967900@group-3DB086685F4B:LeaderElection66] INFO  impl.RaftServerImpl (RaftServerImpl.java:setRole(174)) - 36aed9aa-ac88-4ede-96ce-810747967900@group-3DB086685F4B: changes role from CANDIDATE to LEADER at term 1 for changeToLeader
2019-09-26 10:42:11,232 [36aed9aa-ac88-4ede-96ce-810747967900@group-6EE2D8F68520:LeaderElection67] INFO  impl.RaftServerImpl (ServerState.java:setLeader(253)) - 36aed9aa-ac88-4ede-96ce-810747967900@group-6EE2D8F68520: change Leader from null to 36aed9aa-ac88-4ede-96ce-810747967900 at term 1 for becomeLeader, leader elected after 5134ms
2019-09-26 10:42:11,232 [36aed9aa-ac88-4ede-96ce-810747967900@group-3DB086685F4B:LeaderElection66] INFO  impl.RaftServerImpl (ServerState.java:setLeader(253)) - 36aed9aa-ac88-4ede-96ce-810747967900@group-3DB086685F4B: change Leader from null to 36aed9aa-ac88-4ede-96ce-810747967900 at term 1 for becomeLeader, leader elected after 5176ms
2019-09-26 10:42:11,232 [36aed9aa-ac88-4ede-96ce-810747967900@group-6EE2D8F68520:LeaderElection67] INFO  server.RaftServerConfigKeys (ConfUtils.java:logGet(43)) - raft.server.staging.catchup.gap = 1000 (default)
2019-09-26 10:42:11,232 [36aed9aa-ac88-4ede-96ce-810747967900@group-3DB086685F4B:LeaderElection66] INFO  server.RaftServerConfigKeys (ConfUtils.java:logGet(43)) - raft.server.staging.catchup.gap = 1000 (default)
2019-09-26 10:42:11,232 [36aed9aa-ac88-4ede-96ce-810747967900@group-6EE2D8F68520:LeaderElection67] INFO  server.RaftServerConfigKeys (ConfUtils.java:logGet(43)) - raft.server.rpc.sleep.time = 25ms (default)
2019-09-26 10:42:11,233 [36aed9aa-ac88-4ede-96ce-810747967900@group-3DB086685F4B:LeaderElection66] INFO  server.RaftServerConfigKeys (ConfUtils.java:logGet(43)) - raft.server.rpc.sleep.time = 25ms (default)
2019-09-26 10:42:11,233 [36aed9aa-ac88-4ede-96ce-810747967900@group-6EE2D8F68520:LeaderElection67] INFO  server.RaftServerConfigKeys (ConfUtils.java:logGet(43)) - raft.server.write.element-limit = 4096 (default)
2019-09-26 10:42:11,233 [36aed9aa-ac88-4ede-96ce-810747967900@group-3DB086685F4B:LeaderElection66] INFO  server.RaftServerConfigKeys (ConfUtils.java:logGet(43)) - raft.server.write.element-limit = 4096 (default)
2019-09-26 10:42:11,233 [36aed9aa-ac88-4ede-96ce-810747967900@group-6EE2D8F68520:LeaderElection67] INFO  server.RaftServerConfigKeys (ConfUtils.java:logGet(43)) - raft.server.watch.timeout = 10s (default)
2019-09-26 10:42:11,233 [36aed9aa-ac88-4ede-96ce-810747967900@group-3DB086685F4B:LeaderElection66] INFO  server.RaftServerConfigKeys (ConfUtils.java:logGet(43)) - raft.server.watch.timeout = 10s (default)
2019-09-26 10:42:11,233 [36aed9aa-ac88-4ede-96ce-810747967900@group-6EE2D8F68520:LeaderElection67] INFO  server.RaftServerConfigKeys (ConfUtils.java:logGet(43)) - raft.server.watch.timeout.denomination = 1s (default)
2019-09-26 10:42:11,233 [36aed9aa-ac88-4ede-96ce-810747967900@group-3DB086685F4B:LeaderElection66] INFO  server.RaftServerConfigKeys (ConfUtils.java:logGet(43)) - raft.server.watch.timeout.denomination = 1s (default)
2019-09-26 10:42:11,234 [36aed9aa-ac88-4ede-96ce-810747967900@group-6EE2D8F68520:LeaderElection67] INFO  server.RaftServerConfigKeys (ConfUtils.java:logGet(43)) - raft.server.watch.element-limit = 65536 (default)
2019-09-26 10:42:11,234 [36aed9aa-ac88-4ede-96ce-810747967900@group-3DB086685F4B:LeaderElection66] INFO  server.RaftServerConfigKeys (ConfUtils.java:logGet(43)) - raft.server.watch.element-limit = 65536 (default)
2019-09-26 10:42:11,237 [36aed9aa-ac88-4ede-96ce-810747967900@group-6EE2D8F68520:LeaderElection67] INFO  impl.RoleInfo (RoleInfo.java:updateAndGet(143)) - 36aed9aa-ac88-4ede-96ce-810747967900: start LeaderState
2019-09-26 10:42:11,237 [36aed9aa-ac88-4ede-96ce-810747967900@group-3DB086685F4B:LeaderElection66] INFO  impl.RoleInfo (RoleInfo.java:updateAndGet(143)) - 36aed9aa-ac88-4ede-96ce-810747967900: start LeaderState
2019-09-26 10:42:11,237 [36aed9aa-ac88-4ede-96ce-810747967900@group-6EE2D8F68520:LeaderElection67] INFO  segmented.SegmentedRaftLogWorker (SegmentedRaftLogWorker.java:startLogSegment(380)) - 36aed9aa-ac88-4ede-96ce-810747967900@group-6EE2D8F68520-SegmentedRaftLogWorker: Starting segment from index:0
2019-09-26 10:42:11,237 [36aed9aa-ac88-4ede-96ce-810747967900@group-3DB086685F4B:LeaderElection66] INFO  segmented.SegmentedRaftLogWorker (SegmentedRaftLogWorker.java:startLogSegment(380)) - 36aed9aa-ac88-4ede-96ce-810747967900@group-3DB086685F4B-SegmentedRaftLogWorker: Starting segment from index:0
2019-09-26 10:42:11,238 [36aed9aa-ac88-4ede-96ce-810747967900@group-6EE2D8F68520:LeaderElection67] INFO  impl.RaftServerImpl (ServerState.java:setRaftConf(354)) - 36aed9aa-ac88-4ede-96ce-810747967900@group-6EE2D8F68520: set configuration 0: [36aed9aa-ac88-4ede-96ce-810747967900:192.168.30.13:46636], old=null at 0
2019-09-26 10:42:11,238 [36aed9aa-ac88-4ede-96ce-810747967900@group-3DB086685F4B:LeaderElection66] INFO  impl.RaftServerImpl (ServerState.java:setRaftConf(354)) - 36aed9aa-ac88-4ede-96ce-810747967900@group-3DB086685F4B: set configuration 0: [36aed9aa-ac88-4ede-96ce-810747967900:192.168.30.13:46636], old=null at 0
2019-09-26 10:42:11,274 [36aed9aa-ac88-4ede-96ce-810747967900@group-D889ED5A247E-SegmentedRaftLogWorker] INFO  segmented.SegmentedRaftLogWorker (SegmentedRaftLogWorker.java:execute(569)) - 36aed9aa-ac88-4ede-96ce-810747967900@group-D889ED5A247E-SegmentedRaftLogWorker: created new log segment /workdir/hadoop-ozone/integration-test/target/test-dir/MiniOzoneClusterImpl-f06aceca-1220-4709-852b-f97b29892126/datanode-1/data/ratis/2c05235b-67b7-4bcb-ac55-d889ed5a247e/current/log_inprogress_0
2019-09-26 10:42:11,274 [36aed9aa-ac88-4ede-96ce-810747967900@group-3DB086685F4B-SegmentedRaftLogWorker] INFO  segmented.SegmentedRaftLogWorker (SegmentedRaftLogWorker.java:execute(569)) - 36aed9aa-ac88-4ede-96ce-810747967900@group-3DB086685F4B-SegmentedRaftLogWorker: created new log segment /workdir/hadoop-ozone/integration-test/target/test-dir/MiniOzoneClusterImpl-f06aceca-1220-4709-852b-f97b29892126/datanode-1/data/ratis/abbc32d4-cca1-4e85-8452-3db086685f4b/current/log_inprogress_0
2019-09-26 10:42:11,274 [36aed9aa-ac88-4ede-96ce-810747967900@group-6EE2D8F68520-SegmentedRaftLogWorker] INFO  segmented.SegmentedRaftLogWorker (SegmentedRaftLogWorker.java:execute(569)) - 36aed9aa-ac88-4ede-96ce-810747967900@group-6EE2D8F68520-SegmentedRaftLogWorker: created new log segment /workdir/hadoop-ozone/integration-test/target/test-dir/MiniOzoneClusterImpl-f06aceca-1220-4709-852b-f97b29892126/datanode-1/data/ratis/3da0fee4-51e0-4e01-89a3-6ee2d8f68520/current/log_inprogress_0
2019-09-26 10:42:11,291 [Thread-1011] INFO  impl.FollowerState (FollowerState.java:run(106)) - a68ea93d-94dd-4f22-bee3-ae449a597286:group-5D84B1243DBB changes to CANDIDATE, lastRpcTime:5103, electionTimeout:5103ms
2019-09-26 10:42:11,292 [Thread-1011] INFO  impl.RoleInfo (RoleInfo.java:shutdownFollowerState(121)) - a68ea93d-94dd-4f22-bee3-ae449a597286: shutdown FollowerState
2019-09-26 10:42:11,292 [Thread-1011] INFO  impl.RaftServerImpl (RaftServerImpl.java:setRole(174)) - a68ea93d-94dd-4f22-bee3-ae449a597286@group-5D84B1243DBB: changes role from  FOLLOWER to CANDIDATE at term 0 for changeToCandidate
2019-09-26 10:42:11,292 [Thread-1011] INFO  impl.RoleInfo (RoleInfo.java:updateAndGet(143)) - a68ea93d-94dd-4f22-bee3-ae449a597286: start LeaderElection
2019-09-26 10:42:11,295 [Thread-1017] INFO  impl.FollowerState (FollowerState.java:run(106)) - a68ea93d-94dd-4f22-bee3-ae449a597286:group-7B4361C590EE changes to CANDIDATE, lastRpcTime:5005, electionTimeout:5003ms
2019-09-26 10:42:11,295 [Thread-1017] INFO  impl.RoleInfo (RoleInfo.java:shutdownFollowerState(121)) - a68ea93d-94dd-4f22-bee3-ae449a597286: shutdown FollowerState
2019-09-26 10:42:11,295 [Thread-1017] INFO  impl.RaftServerImpl (RaftServerImpl.java:setRole(174)) - a68ea93d-94dd-4f22-bee3-ae449a597286@group-7B4361C590EE: changes role from  FOLLOWER to CANDIDATE at term 0 for changeToCandidate
2019-09-26 10:42:11,295 [Thread-1017] INFO  impl.RoleInfo (RoleInfo.java:updateAndGet(143)) - a68ea93d-94dd-4f22-bee3-ae449a597286: start LeaderElection
2019-09-26 10:42:11,302 [a68ea93d-94dd-4f22-bee3-ae449a597286@group-5D84B1243DBB:LeaderElection68] INFO  impl.LeaderElection (LeaderElection.java:askForVotes(182)) - a68ea93d-94dd-4f22-bee3-ae449a597286@group-5D84B1243DBB:LeaderElection68: begin an election at term 1 for -1: [a68ea93d-94dd-4f22-bee3-ae449a597286:192.168.30.13:35009], old=null
2019-09-26 10:42:11,302 [a68ea93d-94dd-4f22-bee3-ae449a597286@group-7B4361C590EE:LeaderElection69] INFO  impl.LeaderElection (LeaderElection.java:askForVotes(182)) - a68ea93d-94dd-4f22-bee3-ae449a597286@group-7B4361C590EE:LeaderElection69: begin an election at term 1 for -1: [a68ea93d-94dd-4f22-bee3-ae449a597286:192.168.30.13:35009], old=null
2019-09-26 10:42:11,302 [a68ea93d-94dd-4f22-bee3-ae449a597286@group-5D84B1243DBB:LeaderElection68] INFO  impl.RoleInfo (RoleInfo.java:shutdownLeaderElection(134)) - a68ea93d-94dd-4f22-bee3-ae449a597286: shutdown LeaderElection
2019-09-26 10:42:11,303 [a68ea93d-94dd-4f22-bee3-ae449a597286@group-7B4361C590EE:LeaderElection69] INFO  impl.RoleInfo (RoleInfo.java:shutdownLeaderElection(134)) - a68ea93d-94dd-4f22-bee3-ae449a597286: shutdown LeaderElection
2019-09-26 10:42:11,303 [a68ea93d-94dd-4f22-bee3-ae449a597286@group-5D84B1243DBB:LeaderElection68] INFO  impl.RaftServerImpl (RaftServerImpl.java:setRole(174)) - a68ea93d-94dd-4f22-bee3-ae449a597286@group-5D84B1243DBB: changes role from CANDIDATE to LEADER at term 1 for changeToLeader
2019-09-26 10:42:11,303 [a68ea93d-94dd-4f22-bee3-ae449a597286@group-7B4361C590EE:LeaderElection69] INFO  impl.RaftServerImpl (RaftServerImpl.java:setRole(174)) - a68ea93d-94dd-4f22-bee3-ae449a597286@group-7B4361C590EE: changes role from CANDIDATE to LEADER at term 1 for changeToLeader
2019-09-26 10:42:11,303 [a68ea93d-94dd-4f22-bee3-ae449a597286@group-5D84B1243DBB:LeaderElection68] INFO  impl.RaftServerImpl (ServerState.java:setLeader(253)) - a68ea93d-94dd-4f22-bee3-ae449a597286@group-5D84B1243DBB: change Leader from null to a68ea93d-94dd-4f22-bee3-ae449a597286 at term 1 for becomeLeader, leader elected after 5119ms
2019-09-26 10:42:11,303 [a68ea93d-94dd-4f22-bee3-ae449a597286@group-7B4361C590EE:LeaderElection69] INFO  impl.RaftServerImpl (ServerState.java:setLeader(253)) - a68ea93d-94dd-4f22-bee3-ae449a597286@group-7B4361C590EE: change Leader from null to a68ea93d-94dd-4f22-bee3-ae449a597286 at term 1 for becomeLeader, leader elected after 5020ms
2019-09-26 10:42:11,303 [a68ea93d-94dd-4f22-bee3-ae449a597286@group-5D84B1243DBB:LeaderElection68] INFO  server.RaftServerConfigKeys (ConfUtils.java:logGet(43)) - raft.server.staging.catchup.gap = 1000 (default)
2019-09-26 10:42:11,303 [a68ea93d-94dd-4f22-bee3-ae449a597286@group-7B4361C590EE:LeaderElection69] INFO  server.RaftServerConfigKeys (ConfUtils.java:logGet(43)) - raft.server.staging.catchup.gap = 1000 (default)
2019-09-26 10:42:11,303 [a68ea93d-94dd-4f22-bee3-ae449a597286@group-5D84B1243DBB:LeaderElection68] INFO  server.RaftServerConfigKeys (ConfUtils.java:logGet(43)) - raft.server.rpc.sleep.time = 25ms (default)
2019-09-26 10:42:11,303 [a68ea93d-94dd-4f22-bee3-ae449a597286@group-7B4361C590EE:LeaderElection69] INFO  server.RaftServerConfigKeys (ConfUtils.java:logGet(43)) - raft.server.rpc.sleep.time = 25ms (default)
2019-09-26 10:42:11,304 [a68ea93d-94dd-4f22-bee3-ae449a597286@group-5D84B1243DBB:LeaderElection68] INFO  server.RaftServerConfigKeys (ConfUtils.java:logGet(43)) - raft.server.write.element-limit = 4096 (default)
2019-09-26 10:42:11,304 [a68ea93d-94dd-4f22-bee3-ae449a597286@group-7B4361C590EE:LeaderElection69] INFO  server.RaftServerConfigKeys (ConfUtils.java:logGet(43)) - raft.server.write.element-limit = 4096 (default)
2019-09-26 10:42:11,304 [a68ea93d-94dd-4f22-bee3-ae449a597286@group-5D84B1243DBB:LeaderElection68] INFO  server.RaftServerConfigKeys (ConfUtils.java:logGet(43)) - raft.server.watch.timeout = 10s (default)
2019-09-26 10:42:11,304 [a68ea93d-94dd-4f22-bee3-ae449a597286@group-7B4361C590EE:LeaderElection69] INFO  server.RaftServerConfigKeys (ConfUtils.java:logGet(43)) - raft.server.watch.timeout = 10s (default)
2019-09-26 10:42:11,304 [a68ea93d-94dd-4f22-bee3-ae449a597286@group-5D84B1243DBB:LeaderElection68] INFO  server.RaftServerConfigKeys (ConfUtils.java:logGet(43)) - raft.server.watch.timeout.denomination = 1s (default)
2019-09-26 10:42:11,304 [a68ea93d-94dd-4f22-bee3-ae449a597286@group-7B4361C590EE:LeaderElection69] INFO  server.RaftServerConfigKeys (ConfUtils.java:logGet(43)) - raft.server.watch.timeout.denomination = 1s (default)
2019-09-26 10:42:11,304 [a68ea93d-94dd-4f22-bee3-ae449a597286@group-5D84B1243DBB:LeaderElection68] INFO  server.RaftServerConfigKeys (ConfUtils.java:logGet(43)) - raft.server.watch.element-limit = 65536 (default)
2019-09-26 10:42:11,304 [a68ea93d-94dd-4f22-bee3-ae449a597286@group-7B4361C590EE:LeaderElection69] INFO  server.RaftServerConfigKeys (ConfUtils.java:logGet(43)) - raft.server.watch.element-limit = 65536 (default)
2019-09-26 10:42:11,306 [a68ea93d-94dd-4f22-bee3-ae449a597286@group-5D84B1243DBB:LeaderElection68] INFO  impl.RoleInfo (RoleInfo.java:updateAndGet(143)) - a68ea93d-94dd-4f22-bee3-ae449a597286: start LeaderState
2019-09-26 10:42:11,307 [a68ea93d-94dd-4f22-bee3-ae449a597286@group-5D84B1243DBB:LeaderElection68] INFO  segmented.SegmentedRaftLogWorker (SegmentedRaftLogWorker.java:startLogSegment(380)) - a68ea93d-94dd-4f22-bee3-ae449a597286@group-5D84B1243DBB-SegmentedRaftLogWorker: Starting segment from index:0
2019-09-26 10:42:11,307 [a68ea93d-94dd-4f22-bee3-ae449a597286@group-5D84B1243DBB:LeaderElection68] INFO  impl.RaftServerImpl (ServerState.java:setRaftConf(354)) - a68ea93d-94dd-4f22-bee3-ae449a597286@group-5D84B1243DBB: set configuration 0: [a68ea93d-94dd-4f22-bee3-ae449a597286:192.168.30.13:35009], old=null at 0
2019-09-26 10:42:11,307 [a68ea93d-94dd-4f22-bee3-ae449a597286@group-7B4361C590EE:LeaderElection69] INFO  impl.RoleInfo (RoleInfo.java:updateAndGet(143)) - a68ea93d-94dd-4f22-bee3-ae449a597286: start LeaderState
2019-09-26 10:42:11,308 [a68ea93d-94dd-4f22-bee3-ae449a597286@group-7B4361C590EE:LeaderElection69] INFO  segmented.SegmentedRaftLogWorker (SegmentedRaftLogWorker.java:startLogSegment(380)) - a68ea93d-94dd-4f22-bee3-ae449a597286@group-7B4361C590EE-SegmentedRaftLogWorker: Starting segment from index:0
2019-09-26 10:42:11,308 [a68ea93d-94dd-4f22-bee3-ae449a597286@group-7B4361C590EE:LeaderElection69] INFO  impl.RaftServerImpl (ServerState.java:setRaftConf(354)) - a68ea93d-94dd-4f22-bee3-ae449a597286@group-7B4361C590EE: set configuration 0: [a68ea93d-94dd-4f22-bee3-ae449a597286:192.168.30.13:35009], old=null at 0
2019-09-26 10:42:11,316 [Thread-1014] INFO  impl.FollowerState (FollowerState.java:run(106)) - a68ea93d-94dd-4f22-bee3-ae449a597286:group-63A4D2353B7E changes to CANDIDATE, lastRpcTime:5081, electionTimeout:5081ms
2019-09-26 10:42:11,316 [Thread-1014] INFO  impl.RoleInfo (RoleInfo.java:shutdownFollowerState(121)) - a68ea93d-94dd-4f22-bee3-ae449a597286: shutdown FollowerState
2019-09-26 10:42:11,316 [Thread-1014] INFO  impl.RaftServerImpl (RaftServerImpl.java:setRole(174)) - a68ea93d-94dd-4f22-bee3-ae449a597286@group-63A4D2353B7E: changes role from  FOLLOWER to CANDIDATE at term 0 for changeToCandidate
2019-09-26 10:42:11,316 [Thread-1014] INFO  impl.RoleInfo (RoleInfo.java:updateAndGet(143)) - a68ea93d-94dd-4f22-bee3-ae449a597286: start LeaderElection
2019-09-26 10:42:11,345 [Thread-1008] INFO  impl.FollowerState (FollowerState.java:run(106)) - a68ea93d-94dd-4f22-bee3-ae449a597286:group-F2206299FEF8 changes to CANDIDATE, lastRpcTime:5198, electionTimeout:5196ms
2019-09-26 10:42:11,345 [Thread-1008] INFO  impl.RoleInfo (RoleInfo.java:shutdownFollowerState(121)) - a68ea93d-94dd-4f22-bee3-ae449a597286: shutdown FollowerState
2019-09-26 10:42:11,346 [Thread-1008] INFO  impl.RaftServerImpl (RaftServerImpl.java:setRole(174)) - a68ea93d-94dd-4f22-bee3-ae449a597286@group-F2206299FEF8: changes role from  FOLLOWER to CANDIDATE at term 0 for changeToCandidate
2019-09-26 10:42:11,346 [Thread-1008] INFO  impl.RoleInfo (RoleInfo.java:updateAndGet(143)) - a68ea93d-94dd-4f22-bee3-ae449a597286: start LeaderElection
2019-09-26 10:42:11,370 [a68ea93d-94dd-4f22-bee3-ae449a597286@group-7B4361C590EE-SegmentedRaftLogWorker] INFO  segmented.SegmentedRaftLogWorker (SegmentedRaftLogWorker.java:execute(569)) - a68ea93d-94dd-4f22-bee3-ae449a597286@group-7B4361C590EE-SegmentedRaftLogWorker: created new log segment /workdir/hadoop-ozone/integration-test/target/test-dir/MiniOzoneClusterImpl-f06aceca-1220-4709-852b-f97b29892126/datanode-2/data/ratis/5db61d15-f06e-4e4d-8891-7b4361c590ee/current/log_inprogress_0
2019-09-26 10:42:11,370 [a68ea93d-94dd-4f22-bee3-ae449a597286@group-63A4D2353B7E:LeaderElection70] INFO  impl.LeaderElection (LeaderElection.java:askForVotes(182)) - a68ea93d-94dd-4f22-bee3-ae449a597286@group-63A4D2353B7E:LeaderElection70: begin an election at term 1 for -1: [a68ea93d-94dd-4f22-bee3-ae449a597286:192.168.30.13:35009], old=null
2019-09-26 10:42:11,370 [a68ea93d-94dd-4f22-bee3-ae449a597286@group-F2206299FEF8:LeaderElection71] INFO  impl.LeaderElection (LeaderElection.java:askForVotes(182)) - a68ea93d-94dd-4f22-bee3-ae449a597286@group-F2206299FEF8:LeaderElection71: begin an election at term 1 for -1: [a68ea93d-94dd-4f22-bee3-ae449a597286:192.168.30.13:35009], old=null
2019-09-26 10:42:11,370 [a68ea93d-94dd-4f22-bee3-ae449a597286@group-5D84B1243DBB-SegmentedRaftLogWorker] INFO  segmented.SegmentedRaftLogWorker (SegmentedRaftLogWorker.java:execute(569)) - a68ea93d-94dd-4f22-bee3-ae449a597286@group-5D84B1243DBB-SegmentedRaftLogWorker: created new log segment /workdir/hadoop-ozone/integration-test/target/test-dir/MiniOzoneClusterImpl-f06aceca-1220-4709-852b-f97b29892126/datanode-2/data/ratis/0bf76c7d-d969-4718-a5d7-5d84b1243dbb/current/log_inprogress_0
2019-09-26 10:42:11,370 [a68ea93d-94dd-4f22-bee3-ae449a597286@group-F2206299FEF8:LeaderElection71] INFO  impl.RoleInfo (RoleInfo.java:shutdownLeaderElection(134)) - a68ea93d-94dd-4f22-bee3-ae449a597286: shutdown LeaderElection
2019-09-26 10:42:11,370 [a68ea93d-94dd-4f22-bee3-ae449a597286@group-63A4D2353B7E:LeaderElection70] INFO  impl.RoleInfo (RoleInfo.java:shutdownLeaderElection(134)) - a68ea93d-94dd-4f22-bee3-ae449a597286: shutdown LeaderElection
2019-09-26 10:42:11,370 [a68ea93d-94dd-4f22-bee3-ae449a597286@group-F2206299FEF8:LeaderElection71] INFO  impl.RaftServerImpl (RaftServerImpl.java:setRole(174)) - a68ea93d-94dd-4f22-bee3-ae449a597286@group-F2206299FEF8: changes role from CANDIDATE to LEADER at term 1 for changeToLeader
2019-09-26 10:42:11,371 [a68ea93d-94dd-4f22-bee3-ae449a597286@group-63A4D2353B7E:LeaderElection70] INFO  impl.RaftServerImpl (RaftServerImpl.java:setRole(174)) - a68ea93d-94dd-4f22-bee3-ae449a597286@group-63A4D2353B7E: changes role from CANDIDATE to LEADER at term 1 for changeToLeader
2019-09-26 10:42:11,371 [a68ea93d-94dd-4f22-bee3-ae449a597286@group-F2206299FEF8:LeaderElection71] INFO  impl.RaftServerImpl (ServerState.java:setLeader(253)) - a68ea93d-94dd-4f22-bee3-ae449a597286@group-F2206299FEF8: change Leader from null to a68ea93d-94dd-4f22-bee3-ae449a597286 at term 1 for becomeLeader, leader elected after 5229ms
2019-09-26 10:42:11,371 [a68ea93d-94dd-4f22-bee3-ae449a597286@group-63A4D2353B7E:LeaderElection70] INFO  impl.RaftServerImpl (ServerState.java:setLeader(253)) - a68ea93d-94dd-4f22-bee3-ae449a597286@group-63A4D2353B7E: change Leader from null to a68ea93d-94dd-4f22-bee3-ae449a597286 at term 1 for becomeLeader, leader elected after 5141ms
2019-09-26 10:42:11,371 [a68ea93d-94dd-4f22-bee3-ae449a597286@group-F2206299FEF8:LeaderElection71] INFO  server.RaftServerConfigKeys (ConfUtils.java:logGet(43)) - raft.server.staging.catchup.gap = 1000 (default)
2019-09-26 10:42:11,371 [a68ea93d-94dd-4f22-bee3-ae449a597286@group-63A4D2353B7E:LeaderElection70] INFO  server.RaftServerConfigKeys (ConfUtils.java:logGet(43)) - raft.server.staging.catchup.gap = 1000 (default)
2019-09-26 10:42:11,371 [a68ea93d-94dd-4f22-bee3-ae449a597286@group-F2206299FEF8:LeaderElection71] INFO  server.RaftServerConfigKeys (ConfUtils.java:logGet(43)) - raft.server.rpc.sleep.time = 25ms (default)
2019-09-26 10:42:11,371 [a68ea93d-94dd-4f22-bee3-ae449a597286@group-63A4D2353B7E:LeaderElection70] INFO  server.RaftServerConfigKeys (ConfUtils.java:logGet(43)) - raft.server.rpc.sleep.time = 25ms (default)
2019-09-26 10:42:11,372 [a68ea93d-94dd-4f22-bee3-ae449a597286@group-F2206299FEF8:LeaderElection71] INFO  server.RaftServerConfigKeys (ConfUtils.java:logGet(43)) - raft.server.write.element-limit = 4096 (default)
2019-09-26 10:42:11,372 [a68ea93d-94dd-4f22-bee3-ae449a597286@group-63A4D2353B7E:LeaderElection70] INFO  server.RaftServerConfigKeys (ConfUtils.java:logGet(43)) - raft.server.write.element-limit = 4096 (default)
2019-09-26 10:42:11,372 [a68ea93d-94dd-4f22-bee3-ae449a597286@group-F2206299FEF8:LeaderElection71] INFO  server.RaftServerConfigKeys (ConfUtils.java:logGet(43)) - raft.server.watch.timeout = 10s (default)
2019-09-26 10:42:11,372 [a68ea93d-94dd-4f22-bee3-ae449a597286@group-63A4D2353B7E:LeaderElection70] INFO  server.RaftServerConfigKeys (ConfUtils.java:logGet(43)) - raft.server.watch.timeout = 10s (default)
2019-09-26 10:42:11,372 [a68ea93d-94dd-4f22-bee3-ae449a597286@group-F2206299FEF8:LeaderElection71] INFO  server.RaftServerConfigKeys (ConfUtils.java:logGet(43)) - raft.server.watch.timeout.denomination = 1s (default)
2019-09-26 10:42:11,372 [a68ea93d-94dd-4f22-bee3-ae449a597286@group-63A4D2353B7E:LeaderElection70] INFO  server.RaftServerConfigKeys (ConfUtils.java:logGet(43)) - raft.server.watch.timeout.denomination = 1s (default)
2019-09-26 10:42:11,372 [a68ea93d-94dd-4f22-bee3-ae449a597286@group-F2206299FEF8:LeaderElection71] INFO  server.RaftServerConfigKeys (ConfUtils.java:logGet(43)) - raft.server.watch.element-limit = 65536 (default)
2019-09-26 10:42:11,373 [a68ea93d-94dd-4f22-bee3-ae449a597286@group-63A4D2353B7E:LeaderElection70] INFO  server.RaftServerConfigKeys (ConfUtils.java:logGet(43)) - raft.server.watch.element-limit = 65536 (default)
2019-09-26 10:42:11,376 [a68ea93d-94dd-4f22-bee3-ae449a597286@group-F2206299FEF8:LeaderElection71] INFO  impl.RoleInfo (RoleInfo.java:updateAndGet(143)) - a68ea93d-94dd-4f22-bee3-ae449a597286: start LeaderState
2019-09-26 10:42:11,376 [a68ea93d-94dd-4f22-bee3-ae449a597286@group-F2206299FEF8:LeaderElection71] INFO  segmented.SegmentedRaftLogWorker (SegmentedRaftLogWorker.java:startLogSegment(380)) - a68ea93d-94dd-4f22-bee3-ae449a597286@group-F2206299FEF8-SegmentedRaftLogWorker: Starting segment from index:0
2019-09-26 10:42:11,376 [a68ea93d-94dd-4f22-bee3-ae449a597286@group-63A4D2353B7E:LeaderElection70] INFO  impl.RoleInfo (RoleInfo.java:updateAndGet(143)) - a68ea93d-94dd-4f22-bee3-ae449a597286: start LeaderState
2019-09-26 10:42:11,376 [a68ea93d-94dd-4f22-bee3-ae449a597286@group-63A4D2353B7E:LeaderElection70] INFO  segmented.SegmentedRaftLogWorker (SegmentedRaftLogWorker.java:startLogSegment(380)) - a68ea93d-94dd-4f22-bee3-ae449a597286@group-63A4D2353B7E-SegmentedRaftLogWorker: Starting segment from index:0
2019-09-26 10:42:11,377 [a68ea93d-94dd-4f22-bee3-ae449a597286@group-F2206299FEF8:LeaderElection71] INFO  impl.RaftServerImpl (ServerState.java:setRaftConf(354)) - a68ea93d-94dd-4f22-bee3-ae449a597286@group-F2206299FEF8: set configuration 0: [a68ea93d-94dd-4f22-bee3-ae449a597286:192.168.30.13:35009], old=null at 0
2019-09-26 10:42:11,377 [a68ea93d-94dd-4f22-bee3-ae449a597286@group-63A4D2353B7E:LeaderElection70] INFO  impl.RaftServerImpl (ServerState.java:setRaftConf(354)) - a68ea93d-94dd-4f22-bee3-ae449a597286@group-63A4D2353B7E: set configuration 0: [a68ea93d-94dd-4f22-bee3-ae449a597286:192.168.30.13:35009], old=null at 0
2019-09-26 10:42:11,428 [a68ea93d-94dd-4f22-bee3-ae449a597286@group-F2206299FEF8-SegmentedRaftLogWorker] INFO  segmented.SegmentedRaftLogWorker (SegmentedRaftLogWorker.java:execute(569)) - a68ea93d-94dd-4f22-bee3-ae449a597286@group-F2206299FEF8-SegmentedRaftLogWorker: created new log segment /workdir/hadoop-ozone/integration-test/target/test-dir/MiniOzoneClusterImpl-f06aceca-1220-4709-852b-f97b29892126/datanode-2/data/ratis/7cef1da5-6c04-42eb-be56-f2206299fef8/current/log_inprogress_0
2019-09-26 10:42:11,428 [a68ea93d-94dd-4f22-bee3-ae449a597286@group-63A4D2353B7E-SegmentedRaftLogWorker] INFO  segmented.SegmentedRaftLogWorker (SegmentedRaftLogWorker.java:execute(569)) - a68ea93d-94dd-4f22-bee3-ae449a597286@group-63A4D2353B7E-SegmentedRaftLogWorker: created new log segment /workdir/hadoop-ozone/integration-test/target/test-dir/MiniOzoneClusterImpl-f06aceca-1220-4709-852b-f97b29892126/datanode-2/data/ratis/bf3a8015-f123-4921-a9a1-63a4d2353b7e/current/log_inprogress_0
2019-09-26 10:42:11,505 [Thread-1020] INFO  impl.FollowerState (FollowerState.java:run(106)) - a68ea93d-94dd-4f22-bee3-ae449a597286:group-93FF395F8E88 changes to CANDIDATE, lastRpcTime:5172, electionTimeout:5172ms
2019-09-26 10:42:11,506 [Thread-1020] INFO  impl.RoleInfo (RoleInfo.java:shutdownFollowerState(121)) - a68ea93d-94dd-4f22-bee3-ae449a597286: shutdown FollowerState
2019-09-26 10:42:11,506 [Thread-1020] INFO  impl.RaftServerImpl (RaftServerImpl.java:setRole(174)) - a68ea93d-94dd-4f22-bee3-ae449a597286@group-93FF395F8E88: changes role from  FOLLOWER to CANDIDATE at term 0 for changeToCandidate
2019-09-26 10:42:11,506 [Thread-1020] INFO  impl.RoleInfo (RoleInfo.java:updateAndGet(143)) - a68ea93d-94dd-4f22-bee3-ae449a597286: start LeaderElection
2019-09-26 10:42:11,523 [a68ea93d-94dd-4f22-bee3-ae449a597286@group-93FF395F8E88:LeaderElection72] INFO  impl.LeaderElection (LeaderElection.java:askForVotes(182)) - a68ea93d-94dd-4f22-bee3-ae449a597286@group-93FF395F8E88:LeaderElection72: begin an election at term 1 for -1: [a68ea93d-94dd-4f22-bee3-ae449a597286:192.168.30.13:35009], old=null
2019-09-26 10:42:11,523 [a68ea93d-94dd-4f22-bee3-ae449a597286@group-93FF395F8E88:LeaderElection72] INFO  impl.RoleInfo (RoleInfo.java:shutdownLeaderElection(134)) - a68ea93d-94dd-4f22-bee3-ae449a597286: shutdown LeaderElection
2019-09-26 10:42:11,523 [a68ea93d-94dd-4f22-bee3-ae449a597286@group-93FF395F8E88:LeaderElection72] INFO  impl.RaftServerImpl (RaftServerImpl.java:setRole(174)) - a68ea93d-94dd-4f22-bee3-ae449a597286@group-93FF395F8E88: changes role from CANDIDATE to LEADER at term 1 for changeToLeader
2019-09-26 10:42:11,523 [a68ea93d-94dd-4f22-bee3-ae449a597286@group-93FF395F8E88:LeaderElection72] INFO  impl.RaftServerImpl (ServerState.java:setLeader(253)) - a68ea93d-94dd-4f22-bee3-ae449a597286@group-93FF395F8E88: change Leader from null to a68ea93d-94dd-4f22-bee3-ae449a597286 at term 1 for becomeLeader, leader elected after 5197ms
2019-09-26 10:42:11,524 [a68ea93d-94dd-4f22-bee3-ae449a597286@group-93FF395F8E88:LeaderElection72] INFO  server.RaftServerConfigKeys (ConfUtils.java:logGet(43)) - raft.server.staging.catchup.gap = 1000 (default)
2019-09-26 10:42:11,524 [a68ea93d-94dd-4f22-bee3-ae449a597286@group-93FF395F8E88:LeaderElection72] INFO  server.RaftServerConfigKeys (ConfUtils.java:logGet(43)) - raft.server.rpc.sleep.time = 25ms (default)
2019-09-26 10:42:11,524 [a68ea93d-94dd-4f22-bee3-ae449a597286@group-93FF395F8E88:LeaderElection72] INFO  server.RaftServerConfigKeys (ConfUtils.java:logGet(43)) - raft.server.write.element-limit = 4096 (default)
2019-09-26 10:42:11,524 [a68ea93d-94dd-4f22-bee3-ae449a597286@group-93FF395F8E88:LeaderElection72] INFO  server.RaftServerConfigKeys (ConfUtils.java:logGet(43)) - raft.server.watch.timeout = 10s (default)
2019-09-26 10:42:11,524 [a68ea93d-94dd-4f22-bee3-ae449a597286@group-93FF395F8E88:LeaderElection72] INFO  server.RaftServerConfigKeys (ConfUtils.java:logGet(43)) - raft.server.watch.timeout.denomination = 1s (default)
2019-09-26 10:42:11,524 [a68ea93d-94dd-4f22-bee3-ae449a597286@group-93FF395F8E88:LeaderElection72] INFO  server.RaftServerConfigKeys (ConfUtils.java:logGet(43)) - raft.server.watch.element-limit = 65536 (default)
2019-09-26 10:42:11,527 [a68ea93d-94dd-4f22-bee3-ae449a597286@group-93FF395F8E88:LeaderElection72] INFO  impl.RoleInfo (RoleInfo.java:updateAndGet(143)) - a68ea93d-94dd-4f22-bee3-ae449a597286: start LeaderState
2019-09-26 10:42:11,527 [a68ea93d-94dd-4f22-bee3-ae449a597286@group-93FF395F8E88:LeaderElection72] INFO  segmented.SegmentedRaftLogWorker (SegmentedRaftLogWorker.java:startLogSegment(380)) - a68ea93d-94dd-4f22-bee3-ae449a597286@group-93FF395F8E88-SegmentedRaftLogWorker: Starting segment from index:0
2019-09-26 10:42:11,528 [a68ea93d-94dd-4f22-bee3-ae449a597286@group-93FF395F8E88:LeaderElection72] INFO  impl.RaftServerImpl (ServerState.java:setRaftConf(354)) - a68ea93d-94dd-4f22-bee3-ae449a597286@group-93FF395F8E88: set configuration 0: [a68ea93d-94dd-4f22-bee3-ae449a597286:192.168.30.13:35009], old=null at 0
2019-09-26 10:42:11,582 [a68ea93d-94dd-4f22-bee3-ae449a597286@group-93FF395F8E88-SegmentedRaftLogWorker] INFO  segmented.SegmentedRaftLogWorker (SegmentedRaftLogWorker.java:execute(569)) - a68ea93d-94dd-4f22-bee3-ae449a597286@group-93FF395F8E88-SegmentedRaftLogWorker: created new log segment /workdir/hadoop-ozone/integration-test/target/test-dir/MiniOzoneClusterImpl-f06aceca-1220-4709-852b-f97b29892126/datanode-2/data/ratis/aca5155d-597b-43f9-b60a-93ff395f8e88/current/log_inprogress_0
2019-09-26 10:42:11,784 [main] INFO  ozoneimpl.OzoneContainer (OzoneContainer.java:stop(231)) - Attempting to stop container services.
2019-09-26 10:42:11,784 [ForkJoinPool.commonPool-worker-1] INFO  ozoneimpl.OzoneContainer (OzoneContainer.java:stop(231)) - Attempting to stop container services.
2019-09-26 10:42:11,785 [main] INFO  impl.RaftServerProxy (RaftServerProxy.java:lambda$close$4(314)) - 36aed9aa-ac88-4ede-96ce-810747967900: close
2019-09-26 10:42:11,785 [ForkJoinPool.commonPool-worker-1] INFO  impl.RaftServerProxy (RaftServerProxy.java:lambda$close$4(314)) - b91e650f-93ae-4c6b-a097-1df9422d1ecf: close
2019-09-26 10:42:11,785 [main] INFO  impl.RaftServerImpl (RaftServerImpl.java:lambda$shutdown$3(251)) - 36aed9aa-ac88-4ede-96ce-810747967900@group-FCC6AEB2BE3E: shutdown
2019-09-26 10:42:11,786 [ForkJoinPool.commonPool-worker-1] INFO  impl.RaftServerImpl (RaftServerImpl.java:lambda$shutdown$3(251)) - b91e650f-93ae-4c6b-a097-1df9422d1ecf@group-30EB06DB48BC: shutdown
2019-09-26 10:42:11,786 [main] INFO  util.JmxRegister (JmxRegister.java:unregister(73)) - Successfully un-registered JMX Bean with object name Ratis:service=RaftServer,group=group-FCC6AEB2BE3E,id=36aed9aa-ac88-4ede-96ce-810747967900
2019-09-26 10:42:11,786 [ForkJoinPool.commonPool-worker-1] INFO  util.JmxRegister (JmxRegister.java:unregister(73)) - Successfully un-registered JMX Bean with object name Ratis:service=RaftServer,group=group-30EB06DB48BC,id=b91e650f-93ae-4c6b-a097-1df9422d1ecf
2019-09-26 10:42:11,787 [main] INFO  impl.RoleInfo (RoleInfo.java:shutdownLeaderState(104)) - 36aed9aa-ac88-4ede-96ce-810747967900: shutdown LeaderState
2019-09-26 10:42:11,787 [ForkJoinPool.commonPool-worker-1] INFO  impl.RoleInfo (RoleInfo.java:shutdownLeaderState(104)) - b91e650f-93ae-4c6b-a097-1df9422d1ecf: shutdown LeaderState
2019-09-26 10:42:11,788 [main] INFO  impl.PendingRequests (PendingRequests.java:sendNotLeaderResponses(202)) - 36aed9aa-ac88-4ede-96ce-810747967900-PendingRequests: sendNotLeaderResponses
2019-09-26 10:42:11,788 [ForkJoinPool.commonPool-worker-1] INFO  impl.PendingRequests (PendingRequests.java:sendNotLeaderResponses(202)) - b91e650f-93ae-4c6b-a097-1df9422d1ecf-PendingRequests: sendNotLeaderResponses
2019-09-26 10:42:11,789 [main] INFO  impl.StateMachineUpdater (StateMachineUpdater.java:stopAndJoin(125)) - 36aed9aa-ac88-4ede-96ce-810747967900@group-FCC6AEB2BE3E-StateMachineUpdater: set stopIndex = 0
2019-09-26 10:42:11,789 [ForkJoinPool.commonPool-worker-1] INFO  impl.StateMachineUpdater (StateMachineUpdater.java:stopAndJoin(125)) - b91e650f-93ae-4c6b-a097-1df9422d1ecf@group-30EB06DB48BC-StateMachineUpdater: set stopIndex = 0
2019-09-26 10:42:11,789 [main] INFO  impl.RaftServerImpl (ServerState.java:close(385)) - 36aed9aa-ac88-4ede-96ce-810747967900@group-FCC6AEB2BE3E: closes. applyIndex: 0
2019-09-26 10:42:11,790 [ForkJoinPool.commonPool-worker-1] INFO  impl.RaftServerImpl (ServerState.java:close(385)) - b91e650f-93ae-4c6b-a097-1df9422d1ecf@group-30EB06DB48BC: closes. applyIndex: 0
2019-09-26 10:42:11,790 [36aed9aa-ac88-4ede-96ce-810747967900@group-FCC6AEB2BE3E-SegmentedRaftLogWorker] INFO  segmented.SegmentedRaftLogWorker (SegmentedRaftLogWorker.java:run(313)) - 36aed9aa-ac88-4ede-96ce-810747967900@group-FCC6AEB2BE3E-SegmentedRaftLogWorker was interrupted, exiting. There are 0 tasks remaining in the queue.
2019-09-26 10:42:11,791 [b91e650f-93ae-4c6b-a097-1df9422d1ecf@group-30EB06DB48BC-SegmentedRaftLogWorker] INFO  segmented.SegmentedRaftLogWorker (SegmentedRaftLogWorker.java:run(313)) - b91e650f-93ae-4c6b-a097-1df9422d1ecf@group-30EB06DB48BC-SegmentedRaftLogWorker was interrupted, exiting. There are 0 tasks remaining in the queue.
2019-09-26 10:42:11,791 [main] INFO  segmented.SegmentedRaftLogWorker (SegmentedRaftLogWorker.java:close(228)) - 36aed9aa-ac88-4ede-96ce-810747967900@group-FCC6AEB2BE3E-SegmentedRaftLogWorker close()
2019-09-26 10:42:11,791 [ForkJoinPool.commonPool-worker-1] INFO  segmented.SegmentedRaftLogWorker (SegmentedRaftLogWorker.java:close(228)) - b91e650f-93ae-4c6b-a097-1df9422d1ecf@group-30EB06DB48BC-SegmentedRaftLogWorker close()
2019-09-26 10:42:11,794 [main] INFO  impl.RaftServerImpl (RaftServerImpl.java:lambda$shutdown$3(251)) - 36aed9aa-ac88-4ede-96ce-810747967900@group-6EE2D8F68520: shutdown
2019-09-26 10:42:11,796 [ForkJoinPool.commonPool-worker-1] INFO  impl.RaftServerImpl (RaftServerImpl.java:lambda$shutdown$3(251)) - b91e650f-93ae-4c6b-a097-1df9422d1ecf@group-3D03465AB853: shutdown
2019-09-26 10:42:11,796 [main] INFO  util.JmxRegister (JmxRegister.java:unregister(73)) - Successfully un-registered JMX Bean with object name Ratis:service=RaftServer,group=group-6EE2D8F68520,id=36aed9aa-ac88-4ede-96ce-810747967900
2019-09-26 10:42:11,796 [ForkJoinPool.commonPool-worker-1] INFO  util.JmxRegister (JmxRegister.java:unregister(73)) - Successfully un-registered JMX Bean with object name Ratis:service=RaftServer,group=group-3D03465AB853,id=b91e650f-93ae-4c6b-a097-1df9422d1ecf
2019-09-26 10:42:11,797 [main] INFO  impl.RoleInfo (RoleInfo.java:shutdownLeaderState(104)) - 36aed9aa-ac88-4ede-96ce-810747967900: shutdown LeaderState
2019-09-26 10:42:11,797 [ForkJoinPool.commonPool-worker-1] INFO  impl.RoleInfo (RoleInfo.java:shutdownLeaderState(104)) - b91e650f-93ae-4c6b-a097-1df9422d1ecf: shutdown LeaderState
2019-09-26 10:42:11,798 [main] INFO  impl.PendingRequests (PendingRequests.java:sendNotLeaderResponses(202)) - 36aed9aa-ac88-4ede-96ce-810747967900-PendingRequests: sendNotLeaderResponses
2019-09-26 10:42:11,798 [ForkJoinPool.commonPool-worker-1] INFO  impl.PendingRequests (PendingRequests.java:sendNotLeaderResponses(202)) - b91e650f-93ae-4c6b-a097-1df9422d1ecf-PendingRequests: sendNotLeaderResponses
2019-09-26 10:42:11,798 [main] INFO  impl.StateMachineUpdater (StateMachineUpdater.java:stopAndJoin(125)) - 36aed9aa-ac88-4ede-96ce-810747967900@group-6EE2D8F68520-StateMachineUpdater: set stopIndex = 0
2019-09-26 10:42:11,799 [ForkJoinPool.commonPool-worker-1] INFO  impl.StateMachineUpdater (StateMachineUpdater.java:stopAndJoin(125)) - b91e650f-93ae-4c6b-a097-1df9422d1ecf@group-3D03465AB853-StateMachineUpdater: set stopIndex = 0
2019-09-26 10:42:11,799 [main] INFO  impl.RaftServerImpl (ServerState.java:close(385)) - 36aed9aa-ac88-4ede-96ce-810747967900@group-6EE2D8F68520: closes. applyIndex: 0
2019-09-26 10:42:11,799 [ForkJoinPool.commonPool-worker-1] INFO  impl.RaftServerImpl (ServerState.java:close(385)) - b91e650f-93ae-4c6b-a097-1df9422d1ecf@group-3D03465AB853: closes. applyIndex: 0
2019-09-26 10:42:11,800 [36aed9aa-ac88-4ede-96ce-810747967900@group-6EE2D8F68520-SegmentedRaftLogWorker] INFO  segmented.SegmentedRaftLogWorker (SegmentedRaftLogWorker.java:run(313)) - 36aed9aa-ac88-4ede-96ce-810747967900@group-6EE2D8F68520-SegmentedRaftLogWorker was interrupted, exiting. There are 0 tasks remaining in the queue.
2019-09-26 10:42:11,800 [b91e650f-93ae-4c6b-a097-1df9422d1ecf@group-3D03465AB853-SegmentedRaftLogWorker] INFO  segmented.SegmentedRaftLogWorker (SegmentedRaftLogWorker.java:run(313)) - b91e650f-93ae-4c6b-a097-1df9422d1ecf@group-3D03465AB853-SegmentedRaftLogWorker was interrupted, exiting. There are 0 tasks remaining in the queue.
2019-09-26 10:42:11,801 [main] INFO  segmented.SegmentedRaftLogWorker (SegmentedRaftLogWorker.java:close(228)) - 36aed9aa-ac88-4ede-96ce-810747967900@group-6EE2D8F68520-SegmentedRaftLogWorker close()
2019-09-26 10:42:11,801 [ForkJoinPool.commonPool-worker-1] INFO  segmented.SegmentedRaftLogWorker (SegmentedRaftLogWorker.java:close(228)) - b91e650f-93ae-4c6b-a097-1df9422d1ecf@group-3D03465AB853-SegmentedRaftLogWorker close()
2019-09-26 10:42:11,803 [main] INFO  impl.RaftServerImpl (RaftServerImpl.java:lambda$shutdown$3(251)) - 36aed9aa-ac88-4ede-96ce-810747967900@group-5AD89329E748: shutdown
2019-09-26 10:42:11,805 [ForkJoinPool.commonPool-worker-1] INFO  impl.RaftServerImpl (RaftServerImpl.java:lambda$shutdown$3(251)) - b91e650f-93ae-4c6b-a097-1df9422d1ecf@group-4BFA5FD0D817: shutdown
2019-09-26 10:42:11,805 [main] INFO  util.JmxRegister (JmxRegister.java:unregister(73)) - Successfully un-registered JMX Bean with object name Ratis:service=RaftServer,group=group-5AD89329E748,id=36aed9aa-ac88-4ede-96ce-810747967900
2019-09-26 10:42:11,806 [ForkJoinPool.commonPool-worker-1] INFO  util.JmxRegister (JmxRegister.java:unregister(73)) - Successfully un-registered JMX Bean with object name Ratis:service=RaftServer,group=group-4BFA5FD0D817,id=b91e650f-93ae-4c6b-a097-1df9422d1ecf
2019-09-26 10:42:11,806 [main] INFO  impl.RoleInfo (RoleInfo.java:shutdownLeaderState(104)) - 36aed9aa-ac88-4ede-96ce-810747967900: shutdown LeaderState
2019-09-26 10:42:11,806 [ForkJoinPool.commonPool-worker-1] INFO  impl.RoleInfo (RoleInfo.java:shutdownLeaderState(104)) - b91e650f-93ae-4c6b-a097-1df9422d1ecf: shutdown LeaderState
2019-09-26 10:42:11,807 [main] INFO  impl.PendingRequests (PendingRequests.java:sendNotLeaderResponses(202)) - 36aed9aa-ac88-4ede-96ce-810747967900-PendingRequests: sendNotLeaderResponses
2019-09-26 10:42:11,807 [ForkJoinPool.commonPool-worker-1] INFO  impl.PendingRequests (PendingRequests.java:sendNotLeaderResponses(202)) - b91e650f-93ae-4c6b-a097-1df9422d1ecf-PendingRequests: sendNotLeaderResponses
2019-09-26 10:42:11,808 [main] INFO  impl.StateMachineUpdater (StateMachineUpdater.java:stopAndJoin(125)) - 36aed9aa-ac88-4ede-96ce-810747967900@group-5AD89329E748-StateMachineUpdater: set stopIndex = 0
2019-09-26 10:42:11,808 [ForkJoinPool.commonPool-worker-1] INFO  impl.StateMachineUpdater (StateMachineUpdater.java:stopAndJoin(125)) - b91e650f-93ae-4c6b-a097-1df9422d1ecf@group-4BFA5FD0D817-StateMachineUpdater: set stopIndex = 0
2019-09-26 10:42:11,808 [main] INFO  impl.RaftServerImpl (ServerState.java:close(385)) - 36aed9aa-ac88-4ede-96ce-810747967900@group-5AD89329E748: closes. applyIndex: 0
2019-09-26 10:42:11,809 [ForkJoinPool.commonPool-worker-1] INFO  impl.RaftServerImpl (ServerState.java:close(385)) - b91e650f-93ae-4c6b-a097-1df9422d1ecf@group-4BFA5FD0D817: closes. applyIndex: 0
2019-09-26 10:42:11,809 [36aed9aa-ac88-4ede-96ce-810747967900@group-5AD89329E748-SegmentedRaftLogWorker] INFO  segmented.SegmentedRaftLogWorker (SegmentedRaftLogWorker.java:run(313)) - 36aed9aa-ac88-4ede-96ce-810747967900@group-5AD89329E748-SegmentedRaftLogWorker was interrupted, exiting. There are 0 tasks remaining in the queue.
2019-09-26 10:42:11,809 [b91e650f-93ae-4c6b-a097-1df9422d1ecf@group-4BFA5FD0D817-SegmentedRaftLogWorker] INFO  segmented.SegmentedRaftLogWorker (SegmentedRaftLogWorker.java:run(313)) - b91e650f-93ae-4c6b-a097-1df9422d1ecf@group-4BFA5FD0D817-SegmentedRaftLogWorker was interrupted, exiting. There are 0 tasks remaining in the queue.
2019-09-26 10:42:11,810 [main] INFO  segmented.SegmentedRaftLogWorker (SegmentedRaftLogWorker.java:close(228)) - 36aed9aa-ac88-4ede-96ce-810747967900@group-5AD89329E748-SegmentedRaftLogWorker close()
2019-09-26 10:42:11,810 [ForkJoinPool.commonPool-worker-1] INFO  segmented.SegmentedRaftLogWorker (SegmentedRaftLogWorker.java:close(228)) - b91e650f-93ae-4c6b-a097-1df9422d1ecf@group-4BFA5FD0D817-SegmentedRaftLogWorker close()
2019-09-26 10:42:11,812 [main] INFO  impl.RaftServerImpl (RaftServerImpl.java:lambda$shutdown$3(251)) - 36aed9aa-ac88-4ede-96ce-810747967900@group-D889ED5A247E: shutdown
2019-09-26 10:42:11,814 [ForkJoinPool.commonPool-worker-1] INFO  impl.RaftServerImpl (RaftServerImpl.java:lambda$shutdown$3(251)) - b91e650f-93ae-4c6b-a097-1df9422d1ecf@group-D6A7A9721DA2: shutdown
2019-09-26 10:42:11,814 [main] INFO  util.JmxRegister (JmxRegister.java:unregister(73)) - Successfully un-registered JMX Bean with object name Ratis:service=RaftServer,group=group-D889ED5A247E,id=36aed9aa-ac88-4ede-96ce-810747967900
2019-09-26 10:42:11,814 [ForkJoinPool.commonPool-worker-1] INFO  util.JmxRegister (JmxRegister.java:unregister(73)) - Successfully un-registered JMX Bean with object name Ratis:service=RaftServer,group=group-D6A7A9721DA2,id=b91e650f-93ae-4c6b-a097-1df9422d1ecf
2019-09-26 10:42:11,815 [main] INFO  impl.RoleInfo (RoleInfo.java:shutdownLeaderState(104)) - 36aed9aa-ac88-4ede-96ce-810747967900: shutdown LeaderState
2019-09-26 10:42:11,815 [ForkJoinPool.commonPool-worker-1] INFO  impl.RoleInfo (RoleInfo.java:shutdownLeaderState(104)) - b91e650f-93ae-4c6b-a097-1df9422d1ecf: shutdown LeaderState
2019-09-26 10:42:11,816 [main] INFO  impl.PendingRequests (PendingRequests.java:sendNotLeaderResponses(202)) - 36aed9aa-ac88-4ede-96ce-810747967900-PendingRequests: sendNotLeaderResponses
2019-09-26 10:42:11,816 [ForkJoinPool.commonPool-worker-1] INFO  impl.PendingRequests (PendingRequests.java:sendNotLeaderResponses(202)) - b91e650f-93ae-4c6b-a097-1df9422d1ecf-PendingRequests: sendNotLeaderResponses
2019-09-26 10:42:11,816 [main] INFO  impl.StateMachineUpdater (StateMachineUpdater.java:stopAndJoin(125)) - 36aed9aa-ac88-4ede-96ce-810747967900@group-D889ED5A247E-StateMachineUpdater: set stopIndex = 0
2019-09-26 10:42:11,817 [ForkJoinPool.commonPool-worker-1] INFO  impl.StateMachineUpdater (StateMachineUpdater.java:stopAndJoin(125)) - b91e650f-93ae-4c6b-a097-1df9422d1ecf@group-D6A7A9721DA2-StateMachineUpdater: set stopIndex = 0
2019-09-26 10:42:11,817 [main] INFO  impl.RaftServerImpl (ServerState.java:close(385)) - 36aed9aa-ac88-4ede-96ce-810747967900@group-D889ED5A247E: closes. applyIndex: 0
2019-09-26 10:42:11,817 [ForkJoinPool.commonPool-worker-1] INFO  impl.RaftServerImpl (ServerState.java:close(385)) - b91e650f-93ae-4c6b-a097-1df9422d1ecf@group-D6A7A9721DA2: closes. applyIndex: 0
2019-09-26 10:42:11,818 [36aed9aa-ac88-4ede-96ce-810747967900@group-D889ED5A247E-SegmentedRaftLogWorker] INFO  segmented.SegmentedRaftLogWorker (SegmentedRaftLogWorker.java:run(313)) - 36aed9aa-ac88-4ede-96ce-810747967900@group-D889ED5A247E-SegmentedRaftLogWorker was interrupted, exiting. There are 0 tasks remaining in the queue.
2019-09-26 10:42:11,818 [b91e650f-93ae-4c6b-a097-1df9422d1ecf@group-D6A7A9721DA2-SegmentedRaftLogWorker] INFO  segmented.SegmentedRaftLogWorker (SegmentedRaftLogWorker.java:run(313)) - b91e650f-93ae-4c6b-a097-1df9422d1ecf@group-D6A7A9721DA2-SegmentedRaftLogWorker was interrupted, exiting. There are 0 tasks remaining in the queue.
2019-09-26 10:42:11,818 [main] INFO  segmented.SegmentedRaftLogWorker (SegmentedRaftLogWorker.java:close(228)) - 36aed9aa-ac88-4ede-96ce-810747967900@group-D889ED5A247E-SegmentedRaftLogWorker close()
2019-09-26 10:42:11,818 [ForkJoinPool.commonPool-worker-1] INFO  segmented.SegmentedRaftLogWorker (SegmentedRaftLogWorker.java:close(228)) - b91e650f-93ae-4c6b-a097-1df9422d1ecf@group-D6A7A9721DA2-SegmentedRaftLogWorker close()
2019-09-26 10:42:11,820 [main] INFO  impl.RaftServerImpl (RaftServerImpl.java:lambda$shutdown$3(251)) - 36aed9aa-ac88-4ede-96ce-810747967900@group-3DB086685F4B: shutdown
2019-09-26 10:42:11,822 [ForkJoinPool.commonPool-worker-1] INFO  impl.RaftServerImpl (RaftServerImpl.java:lambda$shutdown$3(251)) - b91e650f-93ae-4c6b-a097-1df9422d1ecf@group-947A56972E58: shutdown
2019-09-26 10:42:11,823 [main] INFO  util.JmxRegister (JmxRegister.java:unregister(73)) - Successfully un-registered JMX Bean with object name Ratis:service=RaftServer,group=group-3DB086685F4B,id=36aed9aa-ac88-4ede-96ce-810747967900
2019-09-26 10:42:11,823 [ForkJoinPool.commonPool-worker-1] INFO  util.JmxRegister (JmxRegister.java:unregister(73)) - Successfully un-registered JMX Bean with object name Ratis:service=RaftServer,group=group-947A56972E58,id=b91e650f-93ae-4c6b-a097-1df9422d1ecf
2019-09-26 10:42:11,823 [main] INFO  impl.RoleInfo (RoleInfo.java:shutdownLeaderState(104)) - 36aed9aa-ac88-4ede-96ce-810747967900: shutdown LeaderState
2019-09-26 10:42:11,824 [ForkJoinPool.commonPool-worker-1] INFO  impl.RoleInfo (RoleInfo.java:shutdownLeaderState(104)) - b91e650f-93ae-4c6b-a097-1df9422d1ecf: shutdown LeaderState
2019-09-26 10:42:11,824 [main] INFO  impl.PendingRequests (PendingRequests.java:sendNotLeaderResponses(202)) - 36aed9aa-ac88-4ede-96ce-810747967900-PendingRequests: sendNotLeaderResponses
2019-09-26 10:42:11,824 [ForkJoinPool.commonPool-worker-1] INFO  impl.PendingRequests (PendingRequests.java:sendNotLeaderResponses(202)) - b91e650f-93ae-4c6b-a097-1df9422d1ecf-PendingRequests: sendNotLeaderResponses
2019-09-26 10:42:11,825 [main] INFO  impl.StateMachineUpdater (StateMachineUpdater.java:stopAndJoin(125)) - 36aed9aa-ac88-4ede-96ce-810747967900@group-3DB086685F4B-StateMachineUpdater: set stopIndex = 0
2019-09-26 10:42:11,825 [ForkJoinPool.commonPool-worker-1] INFO  impl.StateMachineUpdater (StateMachineUpdater.java:stopAndJoin(125)) - b91e650f-93ae-4c6b-a097-1df9422d1ecf@group-947A56972E58-StateMachineUpdater: set stopIndex = 0
2019-09-26 10:42:11,825 [main] INFO  impl.RaftServerImpl (ServerState.java:close(385)) - 36aed9aa-ac88-4ede-96ce-810747967900@group-3DB086685F4B: closes. applyIndex: 0
2019-09-26 10:42:11,826 [ForkJoinPool.commonPool-worker-1] INFO  impl.RaftServerImpl (ServerState.java:close(385)) - b91e650f-93ae-4c6b-a097-1df9422d1ecf@group-947A56972E58: closes. applyIndex: 0
2019-09-26 10:42:11,826 [36aed9aa-ac88-4ede-96ce-810747967900@group-3DB086685F4B-SegmentedRaftLogWorker] INFO  segmented.SegmentedRaftLogWorker (SegmentedRaftLogWorker.java:run(313)) - 36aed9aa-ac88-4ede-96ce-810747967900@group-3DB086685F4B-SegmentedRaftLogWorker was interrupted, exiting. There are 0 tasks remaining in the queue.
2019-09-26 10:42:11,826 [b91e650f-93ae-4c6b-a097-1df9422d1ecf@group-947A56972E58-SegmentedRaftLogWorker] INFO  segmented.SegmentedRaftLogWorker (SegmentedRaftLogWorker.java:run(313)) - b91e650f-93ae-4c6b-a097-1df9422d1ecf@group-947A56972E58-SegmentedRaftLogWorker was interrupted, exiting. There are 0 tasks remaining in the queue.
2019-09-26 10:42:11,827 [main] INFO  segmented.SegmentedRaftLogWorker (SegmentedRaftLogWorker.java:close(228)) - 36aed9aa-ac88-4ede-96ce-810747967900@group-3DB086685F4B-SegmentedRaftLogWorker close()
2019-09-26 10:42:11,827 [ForkJoinPool.commonPool-worker-1] INFO  segmented.SegmentedRaftLogWorker (SegmentedRaftLogWorker.java:close(228)) - b91e650f-93ae-4c6b-a097-1df9422d1ecf@group-947A56972E58-SegmentedRaftLogWorker close()
2019-09-26 10:42:11,829 [main] INFO  impl.RaftServerImpl (RaftServerImpl.java:lambda$shutdown$3(251)) - 36aed9aa-ac88-4ede-96ce-810747967900@group-6718AF5492AC: shutdown
2019-09-26 10:42:11,831 [ForkJoinPool.commonPool-worker-1] INFO  impl.RaftServerImpl (RaftServerImpl.java:lambda$shutdown$3(251)) - b91e650f-93ae-4c6b-a097-1df9422d1ecf@group-472269296607: shutdown
2019-09-26 10:42:11,831 [main] INFO  util.JmxRegister (JmxRegister.java:unregister(73)) - Successfully un-registered JMX Bean with object name Ratis:service=RaftServer,group=group-6718AF5492AC,id=36aed9aa-ac88-4ede-96ce-810747967900
2019-09-26 10:42:11,831 [ForkJoinPool.commonPool-worker-1] INFO  util.JmxRegister (JmxRegister.java:unregister(73)) - Successfully un-registered JMX Bean with object name Ratis:service=RaftServer,group=group-472269296607,id=b91e650f-93ae-4c6b-a097-1df9422d1ecf
2019-09-26 10:42:11,832 [main] INFO  impl.RoleInfo (RoleInfo.java:shutdownLeaderState(104)) - 36aed9aa-ac88-4ede-96ce-810747967900: shutdown LeaderState
2019-09-26 10:42:11,832 [ForkJoinPool.commonPool-worker-1] INFO  impl.RoleInfo (RoleInfo.java:shutdownLeaderState(104)) - b91e650f-93ae-4c6b-a097-1df9422d1ecf: shutdown LeaderState
2019-09-26 10:42:11,832 [main] INFO  impl.PendingRequests (PendingRequests.java:sendNotLeaderResponses(202)) - 36aed9aa-ac88-4ede-96ce-810747967900-PendingRequests: sendNotLeaderResponses
2019-09-26 10:42:11,833 [ForkJoinPool.commonPool-worker-1] INFO  impl.PendingRequests (PendingRequests.java:sendNotLeaderResponses(202)) - b91e650f-93ae-4c6b-a097-1df9422d1ecf-PendingRequests: sendNotLeaderResponses
2019-09-26 10:42:11,833 [main] INFO  impl.StateMachineUpdater (StateMachineUpdater.java:stopAndJoin(125)) - 36aed9aa-ac88-4ede-96ce-810747967900@group-6718AF5492AC-StateMachineUpdater: set stopIndex = 0
2019-09-26 10:42:11,833 [ForkJoinPool.commonPool-worker-1] INFO  impl.StateMachineUpdater (StateMachineUpdater.java:stopAndJoin(125)) - b91e650f-93ae-4c6b-a097-1df9422d1ecf@group-472269296607-StateMachineUpdater: set stopIndex = 0
2019-09-26 10:42:11,834 [main] INFO  impl.RaftServerImpl (ServerState.java:close(385)) - 36aed9aa-ac88-4ede-96ce-810747967900@group-6718AF5492AC: closes. applyIndex: 0
2019-09-26 10:42:11,834 [ForkJoinPool.commonPool-worker-1] INFO  impl.RaftServerImpl (ServerState.java:close(385)) - b91e650f-93ae-4c6b-a097-1df9422d1ecf@group-472269296607: closes. applyIndex: 0
2019-09-26 10:42:11,834 [36aed9aa-ac88-4ede-96ce-810747967900@group-6718AF5492AC-SegmentedRaftLogWorker] INFO  segmented.SegmentedRaftLogWorker (SegmentedRaftLogWorker.java:run(313)) - 36aed9aa-ac88-4ede-96ce-810747967900@group-6718AF5492AC-SegmentedRaftLogWorker was interrupted, exiting. There are 0 tasks remaining in the queue.
2019-09-26 10:42:11,835 [b91e650f-93ae-4c6b-a097-1df9422d1ecf@group-472269296607-SegmentedRaftLogWorker] INFO  segmented.SegmentedRaftLogWorker (SegmentedRaftLogWorker.java:run(313)) - b91e650f-93ae-4c6b-a097-1df9422d1ecf@group-472269296607-SegmentedRaftLogWorker was interrupted, exiting. There are 0 tasks remaining in the queue.
2019-09-26 10:42:11,835 [main] INFO  segmented.SegmentedRaftLogWorker (SegmentedRaftLogWorker.java:close(228)) - 36aed9aa-ac88-4ede-96ce-810747967900@group-6718AF5492AC-SegmentedRaftLogWorker close()
2019-09-26 10:42:11,835 [ForkJoinPool.commonPool-worker-1] INFO  segmented.SegmentedRaftLogWorker (SegmentedRaftLogWorker.java:close(228)) - b91e650f-93ae-4c6b-a097-1df9422d1ecf@group-472269296607-SegmentedRaftLogWorker close()
2019-09-26 10:42:11,837 [main] INFO  server.GrpcService (GrpcService.java:closeImpl(164)) - 36aed9aa-ac88-4ede-96ce-810747967900: shutdown server with port 46636 now
2019-09-26 10:42:11,839 [ForkJoinPool.commonPool-worker-1] INFO  server.GrpcService (GrpcService.java:closeImpl(164)) - b91e650f-93ae-4c6b-a097-1df9422d1ecf: shutdown server with port 41744 now
2019-09-26 10:42:11,841 [main] INFO  server.GrpcService (GrpcService.java:closeImpl(172)) - 36aed9aa-ac88-4ede-96ce-810747967900: shutdown server with port 46636 successfully
2019-09-26 10:42:11,843 [ForkJoinPool.commonPool-worker-1] INFO  server.GrpcService (GrpcService.java:closeImpl(172)) - b91e650f-93ae-4c6b-a097-1df9422d1ecf: shutdown server with port 41744 successfully
2019-09-26 10:42:11,845 [refreshUsed-/workdir/hadoop-ozone/integration-test/target/test-dir/MiniOzoneClusterImpl-f06aceca-1220-4709-852b-f97b29892126/datanode-1/data/containers] WARN  fs.CachingGetSpaceUsed (CachingGetSpaceUsed.java:run(183)) - Thread Interrupted waiting to refresh disk information: sleep interrupted
2019-09-26 10:42:11,847 [refreshUsed-/workdir/hadoop-ozone/integration-test/target/test-dir/MiniOzoneClusterImpl-f06aceca-1220-4709-852b-f97b29892126/datanode-0/data/containers] WARN  fs.CachingGetSpaceUsed (CachingGetSpaceUsed.java:run(183)) - Thread Interrupted waiting to refresh disk information: sleep interrupted
2019-09-26 10:42:11,867 [main] INFO  utils.BackgroundService (BackgroundService.java:shutdown(148)) - Shutting down service BlockDeletingService
2019-09-26 10:42:11,871 [main] INFO  statemachine.DatanodeStateMachine (DatanodeStateMachine.java:stopDaemon(395)) - Ozone container server stopped.
2019-09-26 10:42:11,873 [main] INFO  handler.ContextHandler (ContextHandler.java:doStop(910)) - Stopped o.e.j.w.WebAppContext@1a47a1e8{/,null,UNAVAILABLE}{/hddsDatanode}
2019-09-26 10:42:11,873 [main] INFO  server.AbstractConnector (AbstractConnector.java:doStop(318)) - Stopped ServerConnector@6d2a2560{HTTP/1.1,[http/1.1]}{0.0.0.0:0}
2019-09-26 10:42:11,874 [main] INFO  handler.ContextHandler (ContextHandler.java:doStop(910)) - Stopped o.e.j.s.ServletContextHandler@f5ce0bb{/static,jar:file:/home/user/.m2/repository/org/apache/hadoop/hadoop-hdds-container-service/0.5.0-SNAPSHOT/hadoop-hdds-container-service-0.5.0-SNAPSHOT.jar!/webapps/static,UNAVAILABLE}
2019-09-26 10:42:11,874 [ForkJoinPool.commonPool-worker-1] INFO  utils.BackgroundService (BackgroundService.java:shutdown(148)) - Shutting down service BlockDeletingService
2019-09-26 10:42:11,874 [main] INFO  handler.ContextHandler (ContextHandler.java:doStop(910)) - Stopped o.e.j.s.ServletContextHandler@4232b34a{/logs,file:///workdir/hadoop-ozone/integration-test/target/log,UNAVAILABLE}
2019-09-26 10:42:11,878 [ForkJoinPool.commonPool-worker-1] INFO  statemachine.DatanodeStateMachine (DatanodeStateMachine.java:stopDaemon(395)) - Ozone container server stopped.
2019-09-26 10:42:11,883 [ForkJoinPool.commonPool-worker-1] INFO  handler.ContextHandler (ContextHandler.java:doStop(910)) - Stopped o.e.j.w.WebAppContext@56928e17{/,null,UNAVAILABLE}{/hddsDatanode}
2019-09-26 10:42:11,884 [ForkJoinPool.commonPool-worker-1] INFO  server.AbstractConnector (AbstractConnector.java:doStop(318)) - Stopped ServerConnector@dd2856e{HTTP/1.1,[http/1.1]}{0.0.0.0:0}
2019-09-26 10:42:11,886 [ForkJoinPool.commonPool-worker-1] INFO  handler.ContextHandler (ContextHandler.java:doStop(910)) - Stopped o.e.j.s.ServletContextHandler@47311277{/static,jar:file:/home/user/.m2/repository/org/apache/hadoop/hadoop-hdds-container-service/0.5.0-SNAPSHOT/hadoop-hdds-container-service-0.5.0-SNAPSHOT.jar!/webapps/static,UNAVAILABLE}
2019-09-26 10:42:11,887 [ForkJoinPool.commonPool-worker-1] INFO  handler.ContextHandler (ContextHandler.java:doStop(910)) - Stopped o.e.j.s.ServletContextHandler@316acbb5{/logs,file:///workdir/hadoop-ozone/integration-test/target/log,UNAVAILABLE}
2019-09-26 10:42:12,754 [Datanode State Machine Thread - 0] INFO  statemachine.DatanodeStateMachine (DatanodeStateMachine.java:lambda$startDaemon$0(350)) - Ozone container server started.
2019-09-26 10:42:16,882 [main] INFO  ozoneimpl.OzoneContainer (OzoneContainer.java:stop(231)) - Attempting to stop container services.
2019-09-26 10:42:16,883 [main] INFO  impl.RaftServerProxy (RaftServerProxy.java:lambda$close$4(314)) - a68ea93d-94dd-4f22-bee3-ae449a597286: close
2019-09-26 10:42:16,884 [main] INFO  impl.RaftServerImpl (RaftServerImpl.java:lambda$shutdown$3(251)) - a68ea93d-94dd-4f22-bee3-ae449a597286@group-5D84B1243DBB: shutdown
2019-09-26 10:42:16,884 [ForkJoinPool.commonPool-worker-0] INFO  impl.RaftServerImpl (RaftServerImpl.java:lambda$shutdown$3(251)) - a68ea93d-94dd-4f22-bee3-ae449a597286@group-93FF395F8E88: shutdown
2019-09-26 10:42:16,884 [main] INFO  util.JmxRegister (JmxRegister.java:unregister(73)) - Successfully un-registered JMX Bean with object name Ratis:service=RaftServer,group=group-5D84B1243DBB,id=a68ea93d-94dd-4f22-bee3-ae449a597286
2019-09-26 10:42:16,884 [ForkJoinPool.commonPool-worker-0] INFO  util.JmxRegister (JmxRegister.java:unregister(73)) - Successfully un-registered JMX Bean with object name Ratis:service=RaftServer,group=group-93FF395F8E88,id=a68ea93d-94dd-4f22-bee3-ae449a597286
2019-09-26 10:42:16,885 [main] INFO  impl.RoleInfo (RoleInfo.java:shutdownLeaderState(104)) - a68ea93d-94dd-4f22-bee3-ae449a597286: shutdown LeaderState
2019-09-26 10:42:16,885 [ForkJoinPool.commonPool-worker-0] INFO  impl.RoleInfo (RoleInfo.java:shutdownLeaderState(104)) - a68ea93d-94dd-4f22-bee3-ae449a597286: shutdown LeaderState
2019-09-26 10:42:16,886 [main] INFO  impl.PendingRequests (PendingRequests.java:sendNotLeaderResponses(202)) - a68ea93d-94dd-4f22-bee3-ae449a597286-PendingRequests: sendNotLeaderResponses
2019-09-26 10:42:16,886 [ForkJoinPool.commonPool-worker-0] INFO  impl.PendingRequests (PendingRequests.java:sendNotLeaderResponses(202)) - a68ea93d-94dd-4f22-bee3-ae449a597286-PendingRequests: sendNotLeaderResponses
2019-09-26 10:42:16,886 [main] INFO  impl.StateMachineUpdater (StateMachineUpdater.java:stopAndJoin(125)) - a68ea93d-94dd-4f22-bee3-ae449a597286@group-5D84B1243DBB-StateMachineUpdater: set stopIndex = 0
2019-09-26 10:42:16,886 [ForkJoinPool.commonPool-worker-0] INFO  impl.StateMachineUpdater (StateMachineUpdater.java:stopAndJoin(125)) - a68ea93d-94dd-4f22-bee3-ae449a597286@group-93FF395F8E88-StateMachineUpdater: set stopIndex = 0
2019-09-26 10:42:16,887 [main] INFO  impl.RaftServerImpl (ServerState.java:close(385)) - a68ea93d-94dd-4f22-bee3-ae449a597286@group-5D84B1243DBB: closes. applyIndex: 0
2019-09-26 10:42:16,887 [ForkJoinPool.commonPool-worker-0] INFO  impl.RaftServerImpl (ServerState.java:close(385)) - a68ea93d-94dd-4f22-bee3-ae449a597286@group-93FF395F8E88: closes. applyIndex: 0
2019-09-26 10:42:16,888 [a68ea93d-94dd-4f22-bee3-ae449a597286@group-5D84B1243DBB-SegmentedRaftLogWorker] INFO  segmented.SegmentedRaftLogWorker (SegmentedRaftLogWorker.java:run(313)) - a68ea93d-94dd-4f22-bee3-ae449a597286@group-5D84B1243DBB-SegmentedRaftLogWorker was interrupted, exiting. There are 0 tasks remaining in the queue.
2019-09-26 10:42:16,888 [a68ea93d-94dd-4f22-bee3-ae449a597286@group-93FF395F8E88-SegmentedRaftLogWorker] INFO  segmented.SegmentedRaftLogWorker (SegmentedRaftLogWorker.java:run(313)) - a68ea93d-94dd-4f22-bee3-ae449a597286@group-93FF395F8E88-SegmentedRaftLogWorker was interrupted, exiting. There are 0 tasks remaining in the queue.
2019-09-26 10:42:16,895 [main] INFO  segmented.SegmentedRaftLogWorker (SegmentedRaftLogWorker.java:close(228)) - a68ea93d-94dd-4f22-bee3-ae449a597286@group-5D84B1243DBB-SegmentedRaftLogWorker close()
2019-09-26 10:42:16,895 [ForkJoinPool.commonPool-worker-0] INFO  segmented.SegmentedRaftLogWorker (SegmentedRaftLogWorker.java:close(228)) - a68ea93d-94dd-4f22-bee3-ae449a597286@group-93FF395F8E88-SegmentedRaftLogWorker close()
2019-09-26 10:42:16,897 [main] INFO  impl.RaftServerImpl (RaftServerImpl.java:lambda$shutdown$3(251)) - a68ea93d-94dd-4f22-bee3-ae449a597286@group-F2206299FEF8: shutdown
2019-09-26 10:42:16,899 [ForkJoinPool.commonPool-worker-0] INFO  impl.RaftServerImpl (RaftServerImpl.java:lambda$shutdown$3(251)) - a68ea93d-94dd-4f22-bee3-ae449a597286@group-7B4361C590EE: shutdown
2019-09-26 10:42:16,899 [main] INFO  util.JmxRegister (JmxRegister.java:unregister(73)) - Successfully un-registered JMX Bean with object name Ratis:service=RaftServer,group=group-F2206299FEF8,id=a68ea93d-94dd-4f22-bee3-ae449a597286
2019-09-26 10:42:16,899 [ForkJoinPool.commonPool-worker-0] INFO  util.JmxRegister (JmxRegister.java:unregister(73)) - Successfully un-registered JMX Bean with object name Ratis:service=RaftServer,group=group-7B4361C590EE,id=a68ea93d-94dd-4f22-bee3-ae449a597286
2019-09-26 10:42:16,900 [main] INFO  impl.RoleInfo (RoleInfo.java:shutdownLeaderState(104)) - a68ea93d-94dd-4f22-bee3-ae449a597286: shutdown LeaderState
2019-09-26 10:42:16,900 [ForkJoinPool.commonPool-worker-0] INFO  impl.RoleInfo (RoleInfo.java:shutdownLeaderState(104)) - a68ea93d-94dd-4f22-bee3-ae449a597286: shutdown LeaderState
2019-09-26 10:42:16,900 [main] INFO  impl.PendingRequests (PendingRequests.java:sendNotLeaderResponses(202)) - a68ea93d-94dd-4f22-bee3-ae449a597286-PendingRequests: sendNotLeaderResponses
2019-09-26 10:42:16,901 [ForkJoinPool.commonPool-worker-0] INFO  impl.PendingRequests (PendingRequests.java:sendNotLeaderResponses(202)) - a68ea93d-94dd-4f22-bee3-ae449a597286-PendingRequests: sendNotLeaderResponses
2019-09-26 10:42:16,901 [main] INFO  impl.StateMachineUpdater (StateMachineUpdater.java:stopAndJoin(125)) - a68ea93d-94dd-4f22-bee3-ae449a597286@group-F2206299FEF8-StateMachineUpdater: set stopIndex = 0
2019-09-26 10:42:16,901 [ForkJoinPool.commonPool-worker-0] INFO  impl.StateMachineUpdater (StateMachineUpdater.java:stopAndJoin(125)) - a68ea93d-94dd-4f22-bee3-ae449a597286@group-7B4361C590EE-StateMachineUpdater: set stopIndex = 0
2019-09-26 10:42:16,902 [main] INFO  impl.RaftServerImpl (ServerState.java:close(385)) - a68ea93d-94dd-4f22-bee3-ae449a597286@group-F2206299FEF8: closes. applyIndex: 0
2019-09-26 10:42:16,902 [ForkJoinPool.commonPool-worker-0] INFO  impl.RaftServerImpl (ServerState.java:close(385)) - a68ea93d-94dd-4f22-bee3-ae449a597286@group-7B4361C590EE: closes. applyIndex: 0
2019-09-26 10:42:16,902 [a68ea93d-94dd-4f22-bee3-ae449a597286@group-F2206299FEF8-SegmentedRaftLogWorker] INFO  segmented.SegmentedRaftLogWorker (SegmentedRaftLogWorker.java:run(313)) - a68ea93d-94dd-4f22-bee3-ae449a597286@group-F2206299FEF8-SegmentedRaftLogWorker was interrupted, exiting. There are 0 tasks remaining in the queue.
2019-09-26 10:42:16,903 [a68ea93d-94dd-4f22-bee3-ae449a597286@group-7B4361C590EE-SegmentedRaftLogWorker] INFO  segmented.SegmentedRaftLogWorker (SegmentedRaftLogWorker.java:run(313)) - a68ea93d-94dd-4f22-bee3-ae449a597286@group-7B4361C590EE-SegmentedRaftLogWorker was interrupted, exiting. There are 0 tasks remaining in the queue.
2019-09-26 10:42:16,903 [main] INFO  segmented.SegmentedRaftLogWorker (SegmentedRaftLogWorker.java:close(228)) - a68ea93d-94dd-4f22-bee3-ae449a597286@group-F2206299FEF8-SegmentedRaftLogWorker close()
2019-09-26 10:42:16,903 [ForkJoinPool.commonPool-worker-0] INFO  segmented.SegmentedRaftLogWorker (SegmentedRaftLogWorker.java:close(228)) - a68ea93d-94dd-4f22-bee3-ae449a597286@group-7B4361C590EE-SegmentedRaftLogWorker close()
2019-09-26 10:42:16,904 [main] INFO  impl.RaftServerImpl (RaftServerImpl.java:lambda$shutdown$3(251)) - a68ea93d-94dd-4f22-bee3-ae449a597286@group-63A4D2353B7E: shutdown
2019-09-26 10:42:16,906 [ForkJoinPool.commonPool-worker-0] INFO  impl.RaftServerImpl (RaftServerImpl.java:lambda$shutdown$3(251)) - a68ea93d-94dd-4f22-bee3-ae449a597286@group-EE86F71788F2: shutdown
2019-09-26 10:42:16,906 [main] INFO  util.JmxRegister (JmxRegister.java:unregister(73)) - Successfully un-registered JMX Bean with object name Ratis:service=RaftServer,group=group-63A4D2353B7E,id=a68ea93d-94dd-4f22-bee3-ae449a597286
2019-09-26 10:42:16,906 [ForkJoinPool.commonPool-worker-0] INFO  util.JmxRegister (JmxRegister.java:unregister(73)) - Successfully un-registered JMX Bean with object name Ratis:service=RaftServer,group=group-EE86F71788F2,id=a68ea93d-94dd-4f22-bee3-ae449a597286
2019-09-26 10:42:16,907 [main] INFO  impl.RoleInfo (RoleInfo.java:shutdownLeaderState(104)) - a68ea93d-94dd-4f22-bee3-ae449a597286: shutdown LeaderState
2019-09-26 10:42:16,907 [ForkJoinPool.commonPool-worker-0] INFO  impl.RoleInfo (RoleInfo.java:shutdownLeaderState(104)) - a68ea93d-94dd-4f22-bee3-ae449a597286: shutdown LeaderState
2019-09-26 10:42:16,907 [main] INFO  impl.PendingRequests (PendingRequests.java:sendNotLeaderResponses(202)) - a68ea93d-94dd-4f22-bee3-ae449a597286-PendingRequests: sendNotLeaderResponses
2019-09-26 10:42:16,908 [ForkJoinPool.commonPool-worker-0] INFO  impl.PendingRequests (PendingRequests.java:sendNotLeaderResponses(202)) - a68ea93d-94dd-4f22-bee3-ae449a597286-PendingRequests: sendNotLeaderResponses
2019-09-26 10:42:16,908 [main] INFO  impl.StateMachineUpdater (StateMachineUpdater.java:stopAndJoin(125)) - a68ea93d-94dd-4f22-bee3-ae449a597286@group-63A4D2353B7E-StateMachineUpdater: set stopIndex = 0
2019-09-26 10:42:16,909 [main] INFO  impl.RaftServerImpl (ServerState.java:close(385)) - a68ea93d-94dd-4f22-bee3-ae449a597286@group-63A4D2353B7E: closes. applyIndex: 0
2019-09-26 10:42:16,908 [ForkJoinPool.commonPool-worker-0] INFO  impl.StateMachineUpdater (StateMachineUpdater.java:stopAndJoin(125)) - a68ea93d-94dd-4f22-bee3-ae449a597286@group-EE86F71788F2-StateMachineUpdater: set stopIndex = 0
2019-09-26 10:42:16,909 [ForkJoinPool.commonPool-worker-0] INFO  impl.RaftServerImpl (ServerState.java:close(385)) - a68ea93d-94dd-4f22-bee3-ae449a597286@group-EE86F71788F2: closes. applyIndex: 0
2019-09-26 10:42:16,909 [a68ea93d-94dd-4f22-bee3-ae449a597286@group-63A4D2353B7E-SegmentedRaftLogWorker] INFO  segmented.SegmentedRaftLogWorker (SegmentedRaftLogWorker.java:run(313)) - a68ea93d-94dd-4f22-bee3-ae449a597286@group-63A4D2353B7E-SegmentedRaftLogWorker was interrupted, exiting. There are 0 tasks remaining in the queue.
2019-09-26 10:42:16,910 [a68ea93d-94dd-4f22-bee3-ae449a597286@group-EE86F71788F2-SegmentedRaftLogWorker] INFO  segmented.SegmentedRaftLogWorker (SegmentedRaftLogWorker.java:run(313)) - a68ea93d-94dd-4f22-bee3-ae449a597286@group-EE86F71788F2-SegmentedRaftLogWorker was interrupted, exiting. There are 0 tasks remaining in the queue.
2019-09-26 10:42:16,910 [main] INFO  segmented.SegmentedRaftLogWorker (SegmentedRaftLogWorker.java:close(228)) - a68ea93d-94dd-4f22-bee3-ae449a597286@group-63A4D2353B7E-SegmentedRaftLogWorker close()
2019-09-26 10:42:16,910 [ForkJoinPool.commonPool-worker-0] INFO  segmented.SegmentedRaftLogWorker (SegmentedRaftLogWorker.java:close(228)) - a68ea93d-94dd-4f22-bee3-ae449a597286@group-EE86F71788F2-SegmentedRaftLogWorker close()
2019-09-26 10:42:16,913 [main] INFO  server.GrpcService (GrpcService.java:closeImpl(164)) - a68ea93d-94dd-4f22-bee3-ae449a597286: shutdown server with port 35009 now
2019-09-26 10:42:16,915 [main] INFO  server.GrpcService (GrpcService.java:closeImpl(172)) - a68ea93d-94dd-4f22-bee3-ae449a597286: shutdown server with port 35009 successfully
2019-09-26 10:42:16,917 [refreshUsed-/workdir/hadoop-ozone/integration-test/target/test-dir/MiniOzoneClusterImpl-f06aceca-1220-4709-852b-f97b29892126/datanode-2/data/containers] WARN  fs.CachingGetSpaceUsed (CachingGetSpaceUsed.java:run(183)) - Thread Interrupted waiting to refresh disk information: sleep interrupted
2019-09-26 10:42:16,940 [main] INFO  utils.BackgroundService (BackgroundService.java:shutdown(148)) - Shutting down service BlockDeletingService
2019-09-26 10:42:16,945 [main] INFO  statemachine.DatanodeStateMachine (DatanodeStateMachine.java:stopDaemon(395)) - Ozone container server stopped.
2019-09-26 10:42:16,946 [main] INFO  handler.ContextHandler (ContextHandler.java:doStop(910)) - Stopped o.e.j.w.WebAppContext@6aa7b67f{/,null,UNAVAILABLE}{/hddsDatanode}
2019-09-26 10:42:16,947 [main] INFO  server.AbstractConnector (AbstractConnector.java:doStop(318)) - Stopped ServerConnector@6bcc3f27{HTTP/1.1,[http/1.1]}{0.0.0.0:0}
2019-09-26 10:42:16,948 [main] INFO  handler.ContextHandler (ContextHandler.java:doStop(910)) - Stopped o.e.j.s.ServletContextHandler@350ec690{/static,jar:file:/home/user/.m2/repository/org/apache/hadoop/hadoop-hdds-container-service/0.5.0-SNAPSHOT/hadoop-hdds-container-service-0.5.0-SNAPSHOT.jar!/webapps/static,UNAVAILABLE}
2019-09-26 10:42:16,948 [main] INFO  handler.ContextHandler (ContextHandler.java:doStop(910)) - Stopped o.e.j.s.ServletContextHandler@118dcbbd{/logs,file:///workdir/hadoop-ozone/integration-test/target/log,UNAVAILABLE}
2019-09-26 10:42:16,949 [main] INFO  ozone.MiniOzoneClusterImpl (MiniOzoneClusterImpl.java:stopSCM(392)) - Stopping the StorageContainerManager
2019-09-26 10:42:16,950 [main] INFO  server.StorageContainerManager (StorageContainerManager.java:stop(808)) - Stopping Replication Manager Service.
2019-09-26 10:42:16,950 [main] INFO  container.ReplicationManager (ReplicationManager.java:stop(204)) - Stopping Replication Monitor Thread.
2019-09-26 10:42:16,950 [main] INFO  server.StorageContainerManager (StorageContainerManager.java:stop(815)) - Stopping Lease Manager of the command watchers
2019-09-26 10:42:16,950 [main] INFO  server.StorageContainerManager (StorageContainerManager.java:stop(822)) - Stopping datanode service RPC server
2019-09-26 10:42:16,950 [main] INFO  server.SCMDatanodeProtocolServer (SCMDatanodeProtocolServer.java:stop(367)) - Stopping the RPC server for DataNodes
2019-09-26 10:42:16,951 [main] INFO  ipc.Server (Server.java:stop(3082)) - Stopping server on 35340
2019-09-26 10:42:16,952 [IPC Server listener on 35340] INFO  ipc.Server (Server.java:run(1185)) - Stopping IPC Server listener on 35340
2019-09-26 10:42:16,953 [IPC Server Responder] INFO  ipc.Server (Server.java:run(1319)) - Stopping IPC Server Responder
2019-09-26 10:42:17,054 [SCM Heartbeat Processing Thread - 0] WARN  node.NodeStateManager (NodeStateManager.java:scheduleNextHealthCheck(655)) - Current Thread is interrupted, shutting down HB processing thread for Node Manager.
2019-09-26 10:42:17,055 [main] INFO  server.StorageContainerManager (StorageContainerManager.java:stop(830)) - Stopping block service RPC server
2019-09-26 10:42:17,055 [main] INFO  server.SCMBlockProtocolServer (SCMBlockProtocolServer.java:stop(155)) - Stopping the RPC server for Block Protocol
2019-09-26 10:42:17,055 [main] INFO  ipc.Server (Server.java:stop(3082)) - Stopping server on 39615
2019-09-26 10:42:17,057 [IPC Server listener on 39615] INFO  ipc.Server (Server.java:run(1185)) - Stopping IPC Server listener on 39615
2019-09-26 10:42:17,059 [main] INFO  server.StorageContainerManager (StorageContainerManager.java:stop(837)) - Stopping the StorageContainerLocationProtocol RPC server
2019-09-26 10:42:17,059 [main] INFO  server.SCMClientProtocolServer (SCMClientProtocolServer.java:stop(159)) - Stopping the RPC server for Client Protocol
2019-09-26 10:42:17,060 [main] INFO  ipc.Server (Server.java:stop(3082)) - Stopping server on 43604
2019-09-26 10:42:17,059 [IPC Server Responder] INFO  ipc.Server (Server.java:run(1319)) - Stopping IPC Server Responder
2019-09-26 10:42:17,061 [IPC Server listener on 43604] INFO  ipc.Server (Server.java:run(1185)) - Stopping IPC Server listener on 43604
2019-09-26 10:42:17,063 [main] INFO  server.StorageContainerManager (StorageContainerManager.java:stop(844)) - Stopping Storage Container Manager HTTP server.
2019-09-26 10:42:17,063 [IPC Server Responder] INFO  ipc.Server (Server.java:run(1319)) - Stopping IPC Server Responder
2019-09-26 10:42:17,076 [main] INFO  handler.ContextHandler (ContextHandler.java:doStop(910)) - Stopped o.e.j.w.WebAppContext@633fd91{/,null,UNAVAILABLE}{/scm}
2019-09-26 10:42:17,077 [main] INFO  server.AbstractConnector (AbstractConnector.java:doStop(318)) - Stopped ServerConnector@355c94be{HTTP/1.1,[http/1.1]}{0.0.0.0:0}
2019-09-26 10:42:17,077 [main] INFO  handler.ContextHandler (ContextHandler.java:doStop(910)) - Stopped o.e.j.s.ServletContextHandler@41ad373{/static,file:///workdir/hadoop-ozone/integration-test/target/test-classes/webapps/static,UNAVAILABLE}
2019-09-26 10:42:17,078 [main] INFO  handler.ContextHandler (ContextHandler.java:doStop(910)) - Stopped o.e.j.s.ServletContextHandler@66933239{/logs,file:///workdir/hadoop-ozone/integration-test/target/log,UNAVAILABLE}
2019-09-26 10:42:17,079 [main] INFO  server.StorageContainerManager (StorageContainerManager.java:stop(855)) - Stopping Block Manager Service.
2019-09-26 10:42:17,079 [main] INFO  utils.BackgroundService (BackgroundService.java:shutdown(148)) - Shutting down service SCMBlockDeletingService
2019-09-26 10:42:17,079 [main] INFO  utils.BackgroundService (BackgroundService.java:shutdown(148)) - Shutting down service SCMBlockDeletingService
2019-09-26 10:42:17,080 [main] INFO  server.StorageContainerManager (StorageContainerManager.java:stop(877)) - Stopping SCM Event Queue.
2019-09-26 10:42:17,083 [main] INFO  impl.MetricsSystemImpl (MetricsSystemImpl.java:stop(210)) - Stopping HddsDatanode metrics system...
2019-09-26 10:42:17,093 [main] INFO  impl.MetricsSystemImpl (MetricsSystemImpl.java:stop(216)) - HddsDatanode metrics system stopped.
]]></system-out>
  </testcase>
</testsuite>